<?xml version="1.0" encoding="UTF-8"?>
<testsuite xmlns:xsi="http://www.w3.org/2001/XMLSchema-instance" xsi:noNamespaceSchemaLocation="https://maven.apache.org/surefire/maven-surefire-plugin/xsd/surefire-test-report.xsd" name="org.apache.hadoop.ozone.om.TestOzoneManagerHAWithData" time="291.127" tests="12" errors="0" skipped="1" failures="1">
  <properties>
    <property name="awt.toolkit" value="sun.awt.X11.XToolkit"/>
    <property name="file.encoding.pkg" value="sun.io"/>
    <property name="java.specification.version" value="1.8"/>
    <property name="sun.cpu.isalist" value=""/>
    <property name="sun.jnu.encoding" value="ANSI_X3.4-1968"/>
    <property name="java.class.path" value="/github/workspace/mnt/ozone/hadoop-ozone/integration-test/target/test-classes:/github/workspace/mnt/ozone/hadoop-ozone/integration-test/target/classes:/home/user/.m2/repository/org/apache/hadoop/hadoop-ozone-common/1.1.0-SNAPSHOT/hadoop-ozone-common-1.1.0-SNAPSHOT.jar:/home/user/.m2/repository/org/apache/commons/commons-compress/1.4.1/commons-compress-1.4.1.jar:/home/user/.m2/repository/org/tukaani/xz/1.0/xz-1.0.jar:/home/user/.m2/repository/org/apache/hadoop/hadoop-hdds-common/1.1.0-SNAPSHOT/hadoop-hdds-common-1.1.0-SNAPSHOT.jar:/home/user/.m2/repository/org/apache/hadoop/hadoop-hdds-client/1.1.0-SNAPSHOT/hadoop-hdds-client-1.1.0-SNAPSHOT.jar:/home/user/.m2/repository/org/apache/hadoop/hadoop-ozone-interface-client/1.1.0-SNAPSHOT/hadoop-ozone-interface-client-1.1.0-SNAPSHOT.jar:/home/user/.m2/repository/org/apache/hadoop/hadoop-hdds-test-utils/1.1.0-SNAPSHOT/hadoop-hdds-test-utils-1.1.0-SNAPSHOT.jar:/home/user/.m2/repository/com/google/guava/guava/28.2-jre/guava-28.2-jre.jar:/home/user/.m2/repository/com/google/guava/failureaccess/1.0.1/failureaccess-1.0.1.jar:/home/user/.m2/repository/com/google/guava/listenablefuture/9999.0-empty-to-avoid-conflict-with-guava/listenablefuture-9999.0-empty-to-avoid-conflict-with-guava.jar:/home/user/.m2/repository/com/google/code/findbugs/jsr305/3.0.0/jsr305-3.0.0.jar:/home/user/.m2/repository/org/checkerframework/checker-qual/2.10.0/checker-qual-2.10.0.jar:/home/user/.m2/repository/com/google/errorprone/error_prone_annotations/2.2.0/error_prone_annotations-2.2.0.jar:/home/user/.m2/repository/com/google/j2objc/j2objc-annotations/1.3/j2objc-annotations-1.3.jar:/home/user/.m2/repository/commons-io/commons-io/2.5/commons-io-2.5.jar:/home/user/.m2/repository/commons-logging/commons-logging/1.2/commons-logging-1.2.jar:/home/user/.m2/repository/log4j/log4j/1.2.17/log4j-1.2.17.jar:/home/user/.m2/repository/org/slf4j/slf4j-api/1.7.30/slf4j-api-1.7.30.jar:/home/user/.m2/repository/org/apache/hadoop/hadoop-hdds-server-scm/1.1.0-SNAPSHOT/hadoop-hdds-server-scm-1.1.0-SNAPSHOT.jar:/home/user/.m2/repository/org/apache/hadoop/hadoop-hdds-container-service/1.1.0-SNAPSHOT/hadoop-hdds-container-service-1.1.0-SNAPSHOT.jar:/home/user/.m2/repository/org/apache/hadoop/hadoop-hdds-hadoop-dependency-server/1.1.0-SNAPSHOT/hadoop-hdds-hadoop-dependency-server-1.1.0-SNAPSHOT.jar:/home/user/.m2/repository/org/apache/hadoop/hadoop-hdfs/3.2.1/hadoop-hdfs-3.2.1.jar:/home/user/.m2/repository/org/apache/hadoop/hadoop-hdds-server-framework/1.1.0-SNAPSHOT/hadoop-hdds-server-framework-1.1.0-SNAPSHOT.jar:/home/user/.m2/repository/org/apache/hadoop/hadoop-hdds-interface-server/1.1.0-SNAPSHOT/hadoop-hdds-interface-server-1.1.0-SNAPSHOT.jar:/home/user/.m2/repository/org/apache/hadoop/hadoop-hdds-interface-admin/1.1.0-SNAPSHOT/hadoop-hdds-interface-admin-1.1.0-SNAPSHOT.jar:/home/user/.m2/repository/org/eclipse/jetty/jetty-servlet/9.4.34.v20201102/jetty-servlet-9.4.34.v20201102.jar:/home/user/.m2/repository/org/eclipse/jetty/jetty-security/9.4.34.v20201102/jetty-security-9.4.34.v20201102.jar:/home/user/.m2/repository/org/rocksdb/rocksdbjni/6.8.1/rocksdbjni-6.8.1.jar:/home/user/.m2/repository/io/prometheus/simpleclient_dropwizard/0.7.0/simpleclient_dropwizard-0.7.0.jar:/home/user/.m2/repository/io/prometheus/simpleclient/0.7.0/simpleclient-0.7.0.jar:/home/user/.m2/repository/io/prometheus/simpleclient_common/0.7.0/simpleclient_common-0.7.0.jar:/home/user/.m2/repository/com/fasterxml/jackson/datatype/jackson-datatype-jsr310/2.10.3/jackson-datatype-jsr310-2.10.3.jar:/home/user/.m2/repository/io/dropwizard/metrics/metrics-core/3.2.4/metrics-core-3.2.4.jar:/home/user/.m2/repository/org/apache/hadoop/hadoop-hdfs-client/3.2.1/hadoop-hdfs-client-3.2.1.jar:/home/user/.m2/repository/org/bouncycastle/bcprov-jdk15on/1.67/bcprov-jdk15on-1.67.jar:/home/user/.m2/repository/org/apache/hadoop/hadoop-ozone-ozone-manager/1.1.0-SNAPSHOT/hadoop-ozone-ozone-manager-1.1.0-SNAPSHOT.jar:/home/user/.m2/repository/org/apache/hadoop/hadoop-hdds-interface-client/1.1.0-SNAPSHOT/hadoop-hdds-interface-client-1.1.0-SNAPSHOT.jar:/home/user/.m2/repository/org/apache/ratis/ratis-thirdparty-misc/0.6.0-SNAPSHOT/ratis-thirdparty-misc-0.6.0-SNAPSHOT.jar:/home/user/.m2/repository/org/apache/hadoop/hadoop-ozone-interface-storage/1.1.0-SNAPSHOT/hadoop-ozone-interface-storage-1.1.0-SNAPSHOT.jar:/home/user/.m2/repository/org/apache/hadoop/hadoop-minikdc/3.2.1/hadoop-minikdc-3.2.1.jar:/home/user/.m2/repository/org/apache/kerby/kerb-simplekdc/1.0.1/kerb-simplekdc-1.0.1.jar:/home/user/.m2/repository/org/apache/kerby/kerb-client/1.0.1/kerb-client-1.0.1.jar:/home/user/.m2/repository/org/apache/kerby/kerby-config/1.0.1/kerby-config-1.0.1.jar:/home/user/.m2/repository/org/apache/kerby/kerb-core/1.0.1/kerb-core-1.0.1.jar:/home/user/.m2/repository/org/apache/kerby/kerby-pkix/1.0.1/kerby-pkix-1.0.1.jar:/home/user/.m2/repository/org/apache/kerby/kerby-asn1/1.0.1/kerby-asn1-1.0.1.jar:/home/user/.m2/repository/org/apache/kerby/kerby-util/1.0.1/kerby-util-1.0.1.jar:/home/user/.m2/repository/org/apache/kerby/kerb-common/1.0.1/kerb-common-1.0.1.jar:/home/user/.m2/repository/org/apache/kerby/kerb-crypto/1.0.1/kerb-crypto-1.0.1.jar:/home/user/.m2/repository/org/apache/kerby/kerb-util/1.0.1/kerb-util-1.0.1.jar:/home/user/.m2/repository/org/apache/kerby/token-provider/1.0.1/token-provider-1.0.1.jar:/home/user/.m2/repository/org/apache/kerby/kerb-admin/1.0.1/kerb-admin-1.0.1.jar:/home/user/.m2/repository/org/apache/kerby/kerb-server/1.0.1/kerb-server-1.0.1.jar:/home/user/.m2/repository/org/apache/kerby/kerb-identity/1.0.1/kerb-identity-1.0.1.jar:/home/user/.m2/repository/org/apache/kerby/kerby-xdr/1.0.1/kerby-xdr-1.0.1.jar:/home/user/.m2/repository/org/slf4j/slf4j-log4j12/1.7.30/slf4j-log4j12-1.7.30.jar:/home/user/.m2/repository/org/apache/hadoop/hadoop-ozone-s3gateway/1.1.0-SNAPSHOT/hadoop-ozone-s3gateway-1.1.0-SNAPSHOT.jar:/home/user/.m2/repository/org/jboss/weld/servlet/weld-servlet/2.4.7.Final/weld-servlet-2.4.7.Final.jar:/home/user/.m2/repository/org/glassfish/jersey/containers/jersey-container-servlet-core/2.27/jersey-container-servlet-core-2.27.jar:/home/user/.m2/repository/org/glassfish/hk2/external/javax.inject/2.5.0-b42/javax.inject-2.5.0-b42.jar:/home/user/.m2/repository/org/glassfish/jersey/core/jersey-common/2.27/jersey-common-2.27.jar:/home/user/.m2/repository/org/glassfish/hk2/osgi-resource-locator/1.0.1/osgi-resource-locator-1.0.1.jar:/home/user/.m2/repository/javax/ws/rs/javax.ws.rs-api/2.1/javax.ws.rs-api-2.1.jar:/home/user/.m2/repository/org/glassfish/jersey/ext/cdi/jersey-cdi1x/2.27/jersey-cdi1x-2.27.jar:/home/user/.m2/repository/org/glassfish/jersey/inject/jersey-hk2/2.27/jersey-hk2-2.27.jar:/home/user/.m2/repository/org/glassfish/hk2/hk2-locator/2.5.0-b42/hk2-locator-2.5.0-b42.jar:/home/user/.m2/repository/org/javassist/javassist/3.22.0-CR2/javassist-3.22.0-CR2.jar:/home/user/.m2/repository/org/glassfish/hk2/hk2-api/2.5.0/hk2-api-2.5.0.jar:/home/user/.m2/repository/org/glassfish/hk2/external/jakarta.inject/2.5.0/jakarta.inject-2.5.0.jar:/home/user/.m2/repository/org/glassfish/hk2/hk2-utils/2.5.0/hk2-utils-2.5.0.jar:/home/user/.m2/repository/jakarta/annotation/jakarta.annotation-api/1.3.4/jakarta.annotation-api-1.3.4.jar:/home/user/.m2/repository/org/glassfish/hk2/external/aopalliance-repackaged/2.5.0/aopalliance-repackaged-2.5.0.jar:/home/user/.m2/repository/com/fasterxml/jackson/dataformat/jackson-dataformat-xml/2.10.3/jackson-dataformat-xml-2.10.3.jar:/home/user/.m2/repository/com/fasterxml/jackson/core/jackson-core/2.10.3/jackson-core-2.10.3.jar:/home/user/.m2/repository/com/fasterxml/jackson/module/jackson-module-jaxb-annotations/2.10.3/jackson-module-jaxb-annotations-2.10.3.jar:/home/user/.m2/repository/jakarta/xml/bind/jakarta.xml.bind-api/2.3.2/jakarta.xml.bind-api-2.3.2.jar:/home/user/.m2/repository/jakarta/activation/jakarta.activation-api/1.2.1/jakarta.activation-api-1.2.1.jar:/home/user/.m2/repository/org/codehaus/woodstox/stax2-api/3.1.4/stax2-api-3.1.4.jar:/home/user/.m2/repository/com/fasterxml/woodstox/woodstox-core/5.0.3/woodstox-core-5.0.3.jar:/home/user/.m2/repository/javax/enterprise/cdi-api/1.2/cdi-api-1.2.jar:/home/user/.m2/repository/javax/el/javax.el-api/3.0.0/javax.el-api-3.0.0.jar:/home/user/.m2/repository/javax/interceptor/javax.interceptor-api/1.2/javax.interceptor-api-1.2.jar:/home/user/.m2/repository/javax/inject/javax.inject/1/javax.inject-1.jar:/home/user/.m2/repository/com/sun/xml/bind/jaxb-impl/2.3.0.1/jaxb-impl-2.3.0.1.jar:/home/user/.m2/repository/com/sun/xml/bind/jaxb-core/2.3.0.1/jaxb-core-2.3.0.1.jar:/home/user/.m2/repository/javax/xml/bind/jaxb-api/2.3.0/jaxb-api-2.3.0.jar:/home/user/.m2/repository/javax/activation/activation/1.1.1/activation-1.1.1.jar:/home/user/.m2/repository/org/apache/hadoop/hadoop-ozone-csi/1.1.0-SNAPSHOT/hadoop-ozone-csi-1.1.0-SNAPSHOT.jar:/home/user/.m2/repository/com/google/protobuf/protobuf-java-util/3.11.0/protobuf-java-util-3.11.0.jar:/home/user/.m2/repository/com/google/code/gson/gson/2.2.4/gson-2.2.4.jar:/home/user/.m2/repository/org/apache/hadoop/hadoop-hdds-config/1.1.0-SNAPSHOT/hadoop-hdds-config-1.1.0-SNAPSHOT.jar:/home/user/.m2/repository/com/google/protobuf/protobuf-java/2.5.0/protobuf-java-2.5.0.jar:/home/user/.m2/repository/io/grpc/grpc-netty/1.29.0/grpc-netty-1.29.0.jar:/home/user/.m2/repository/io/grpc/grpc-core/1.29.0/grpc-core-1.29.0.jar:/home/user/.m2/repository/com/google/android/annotations/4.1.1.4/annotations-4.1.1.4.jar:/home/user/.m2/repository/io/perfmark/perfmark-api/0.19.0/perfmark-api-0.19.0.jar:/home/user/.m2/repository/io/netty/netty-codec-http2/4.1.48.Final/netty-codec-http2-4.1.48.Final.jar:/home/user/.m2/repository/io/netty/netty-codec/4.1.48.Final/netty-codec-4.1.48.Final.jar:/home/user/.m2/repository/io/netty/netty-handler/4.1.48.Final/netty-handler-4.1.48.Final.jar:/home/user/.m2/repository/io/netty/netty-codec-http/4.1.48.Final/netty-codec-http-4.1.48.Final.jar:/home/user/.m2/repository/io/netty/netty-handler-proxy/4.1.48.Final/netty-handler-proxy-4.1.48.Final.jar:/home/user/.m2/repository/io/netty/netty-codec-socks/4.1.48.Final/netty-codec-socks-4.1.48.Final.jar:/home/user/.m2/repository/io/netty/netty-transport-native-epoll/4.1.48.Final/netty-transport-native-epoll-4.1.48.Final.jar:/home/user/.m2/repository/io/netty/netty-common/4.1.48.Final/netty-common-4.1.48.Final.jar:/home/user/.m2/repository/io/netty/netty-buffer/4.1.48.Final/netty-buffer-4.1.48.Final.jar:/home/user/.m2/repository/io/netty/netty-transport/4.1.48.Final/netty-transport-4.1.48.Final.jar:/home/user/.m2/repository/io/netty/netty-resolver/4.1.48.Final/netty-resolver-4.1.48.Final.jar:/home/user/.m2/repository/io/netty/netty-transport-native-unix-common/4.1.48.Final/netty-transport-native-unix-common-4.1.48.Final.jar:/home/user/.m2/repository/io/grpc/grpc-protobuf/1.29.0/grpc-protobuf-1.29.0.jar:/home/user/.m2/repository/io/grpc/grpc-api/1.29.0/grpc-api-1.29.0.jar:/home/user/.m2/repository/io/grpc/grpc-context/1.29.0/grpc-context-1.29.0.jar:/home/user/.m2/repository/org/codehaus/mojo/animal-sniffer-annotations/1.18/animal-sniffer-annotations-1.18.jar:/home/user/.m2/repository/com/google/api/grpc/proto-google-common-protos/1.17.0/proto-google-common-protos-1.17.0.jar:/home/user/.m2/repository/io/grpc/grpc-protobuf-lite/1.29.0/grpc-protobuf-lite-1.29.0.jar:/home/user/.m2/repository/io/grpc/grpc-stub/1.29.0/grpc-stub-1.29.0.jar:/home/user/.m2/repository/org/apache/hadoop/hadoop-ozone-recon/1.1.0-SNAPSHOT/hadoop-ozone-recon-1.1.0-SNAPSHOT.jar:/home/user/.m2/repository/org/apache/hadoop/hadoop-ozone-reconcodegen/1.1.0-SNAPSHOT/hadoop-ozone-reconcodegen-1.1.0-SNAPSHOT.jar:/home/user/.m2/repository/com/google/inject/extensions/guice-multibindings/4.0/guice-multibindings-4.0.jar:/home/user/.m2/repository/com/google/inject/guice/4.0/guice-4.0.jar:/home/user/.m2/repository/aopalliance/aopalliance/1.0/aopalliance-1.0.jar:/home/user/.m2/repository/com/google/inject/extensions/guice-assistedinject/4.0/guice-assistedinject-4.0.jar:/home/user/.m2/repository/com/google/inject/extensions/guice-servlet/4.0/guice-servlet-4.0.jar:/home/user/.m2/repository/org/glassfish/jersey/containers/jersey-container-servlet/2.27/jersey-container-servlet-2.27.jar:/home/user/.m2/repository/org/glassfish/hk2/guice-bridge/2.5.0/guice-bridge-2.5.0.jar:/home/user/.m2/repository/org/glassfish/jersey/core/jersey-server/2.27/jersey-server-2.27.jar:/home/user/.m2/repository/org/glassfish/jersey/core/jersey-client/2.27/jersey-client-2.27.jar:/home/user/.m2/repository/org/glassfish/jersey/media/jersey-media-jaxb/2.27/jersey-media-jaxb-2.27.jar:/home/user/.m2/repository/javax/validation/validation-api/1.1.0.Final/validation-api-1.1.0.Final.jar:/home/user/.m2/repository/org/glassfish/jersey/media/jersey-media-json-jackson/2.27/jersey-media-json-jackson-2.27.jar:/home/user/.m2/repository/org/glassfish/jersey/ext/jersey-entity-filtering/2.27/jersey-entity-filtering-2.27.jar:/home/user/.m2/repository/org/jooq/jooq/3.11.10/jooq-3.11.10.jar:/home/user/.m2/repository/org/jooq/jooq-meta/3.11.10/jooq-meta-3.11.10.jar:/home/user/.m2/repository/org/jooq/jooq-codegen/3.11.10/jooq-codegen-3.11.10.jar:/home/user/.m2/repository/com/jolbox/bonecp/0.8.0.RELEASE/bonecp-0.8.0.RELEASE.jar:/home/user/.m2/repository/org/apache/derby/derby/10.14.2.0/derby-10.14.2.0.jar:/home/user/.m2/repository/org/xerial/sqlite-jdbc/3.25.2/sqlite-jdbc-3.25.2.jar:/home/user/.m2/repository/org/springframework/spring-jdbc/5.2.11.RELEASE/spring-jdbc-5.2.11.RELEASE.jar:/home/user/.m2/repository/org/springframework/spring-beans/5.2.11.RELEASE/spring-beans-5.2.11.RELEASE.jar:/home/user/.m2/repository/org/springframework/spring-core/5.2.11.RELEASE/spring-core-5.2.11.RELEASE.jar:/home/user/.m2/repository/org/springframework/spring-jcl/5.2.11.RELEASE/spring-jcl-5.2.11.RELEASE.jar:/home/user/.m2/repository/org/springframework/spring-tx/5.2.11.RELEASE/spring-tx-5.2.11.RELEASE.jar:/home/user/.m2/repository/org/apache/hadoop/hadoop-ozone-client/1.1.0-SNAPSHOT/hadoop-ozone-client-1.1.0-SNAPSHOT.jar:/home/user/.m2/repository/org/apache/hadoop/hadoop-ozone-filesystem/1.1.0-SNAPSHOT/hadoop-ozone-filesystem-1.1.0-SNAPSHOT.jar:/home/user/.m2/repository/org/apache/hadoop/hadoop-ozone-filesystem-common/1.1.0-SNAPSHOT/hadoop-ozone-filesystem-common-1.1.0-SNAPSHOT.jar:/home/user/.m2/repository/org/apache/hadoop/hadoop-ozone-tools/1.1.0-SNAPSHOT/hadoop-ozone-tools-1.1.0-SNAPSHOT.jar:/home/user/.m2/repository/org/apache/ratis/ratis-tools/1.1.0-35f17fa-SNAPSHOT/ratis-tools-1.1.0-35f17fa-SNAPSHOT.jar:/home/user/.m2/repository/org/apache/ratis/ratis-proto/1.1.0-35f17fa-SNAPSHOT/ratis-proto-1.1.0-35f17fa-SNAPSHOT.jar:/home/user/.m2/repository/org/apache/ratis/ratis-common/1.1.0-35f17fa-SNAPSHOT/ratis-common-1.1.0-35f17fa-SNAPSHOT.jar:/home/user/.m2/repository/com/amazonaws/aws-java-sdk-core/1.11.901/aws-java-sdk-core-1.11.901.jar:/home/user/.m2/repository/org/apache/httpcomponents/httpclient/4.5.13/httpclient-4.5.13.jar:/home/user/.m2/repository/org/apache/httpcomponents/httpcore/4.4.13/httpcore-4.4.13.jar:/home/user/.m2/repository/software/amazon/ion/ion-java/1.0.2/ion-java-1.0.2.jar:/home/user/.m2/repository/com/fasterxml/jackson/dataformat/jackson-dataformat-cbor/2.10.3/jackson-dataformat-cbor-2.10.3.jar:/home/user/.m2/repository/joda-time/joda-time/2.8.1/joda-time-2.8.1.jar:/home/user/.m2/repository/com/amazonaws/aws-java-sdk-s3/1.11.901/aws-java-sdk-s3-1.11.901.jar:/home/user/.m2/repository/com/amazonaws/aws-java-sdk-kms/1.11.901/aws-java-sdk-kms-1.11.901.jar:/home/user/.m2/repository/com/amazonaws/jmespath-java/1.11.901/jmespath-java-1.11.901.jar:/home/user/.m2/repository/org/kohsuke/metainf-services/metainf-services/1.8/metainf-services-1.8.jar:/home/user/.m2/repository/org/apache/hadoop/hadoop-hdds-tools/1.1.0-SNAPSHOT/hadoop-hdds-tools-1.1.0-SNAPSHOT.jar:/home/user/.m2/repository/commons-cli/commons-cli/1.2/commons-cli-1.2.jar:/home/user/.m2/repository/org/apache/commons/commons-lang3/3.7/commons-lang3-3.7.jar:/home/user/.m2/repository/org/apache/hadoop/hadoop-ozone-ozone-manager/1.1.0-SNAPSHOT/hadoop-ozone-ozone-manager-1.1.0-SNAPSHOT-tests.jar:/home/user/.m2/repository/org/apache/hadoop/hadoop-hdds-common/1.1.0-SNAPSHOT/hadoop-hdds-common-1.1.0-SNAPSHOT-tests.jar:/home/user/.m2/repository/org/apache/hadoop/hadoop-hdds-hadoop-dependency-client/1.1.0-SNAPSHOT/hadoop-hdds-hadoop-dependency-client-1.1.0-SNAPSHOT.jar:/home/user/.m2/repository/info/picocli/picocli/4.4.0/picocli-4.4.0.jar:/home/user/.m2/repository/com/fasterxml/jackson/core/jackson-annotations/2.10.3/jackson-annotations-2.10.3.jar:/home/user/.m2/repository/javax/annotation/javax.annotation-api/1.2/javax.annotation-api-1.2.jar:/home/user/.m2/repository/org/fusesource/leveldbjni/leveldbjni-all/1.8/leveldbjni-all-1.8.jar:/home/user/.m2/repository/org/apache/ratis/ratis-server/1.1.0-35f17fa-SNAPSHOT/ratis-server-1.1.0-35f17fa-SNAPSHOT.jar:/home/user/.m2/repository/org/apache/ratis/ratis-client/1.1.0-35f17fa-SNAPSHOT/ratis-client-1.1.0-35f17fa-SNAPSHOT.jar:/home/user/.m2/repository/org/apache/ratis/ratis-server-api/1.1.0-35f17fa-SNAPSHOT/ratis-server-api-1.1.0-35f17fa-SNAPSHOT.jar:/home/user/.m2/repository/org/apache/ratis/ratis-metrics/1.1.0-35f17fa-SNAPSHOT/ratis-metrics-1.1.0-35f17fa-SNAPSHOT.jar:/home/user/.m2/repository/org/apache/ratis/ratis-netty/1.1.0-35f17fa-SNAPSHOT/ratis-netty-1.1.0-35f17fa-SNAPSHOT.jar:/home/user/.m2/repository/org/apache/ratis/ratis-grpc/1.1.0-35f17fa-SNAPSHOT/ratis-grpc-1.1.0-35f17fa-SNAPSHOT.jar:/home/user/.m2/repository/org/apache/logging/log4j/log4j-api/2.13.3/log4j-api-2.13.3.jar:/home/user/.m2/repository/org/apache/logging/log4j/log4j-core/2.13.3/log4j-core-2.13.3.jar:/home/user/.m2/repository/com/lmax/disruptor/3.4.2/disruptor-3.4.2.jar:/home/user/.m2/repository/org/apache/commons/commons-pool2/2.6.0/commons-pool2-2.6.0.jar:/home/user/.m2/repository/org/bouncycastle/bcpkix-jdk15on/1.67/bcpkix-jdk15on-1.67.jar:/home/user/.m2/repository/commons-validator/commons-validator/1.6/commons-validator-1.6.jar:/home/user/.m2/repository/commons-beanutils/commons-beanutils/1.9.4/commons-beanutils-1.9.4.jar:/home/user/.m2/repository/commons-digester/commons-digester/1.8.1/commons-digester-1.8.1.jar:/home/user/.m2/repository/commons-collections/commons-collections/3.2.2/commons-collections-3.2.2.jar:/home/user/.m2/repository/io/jaegertracing/jaeger-client/1.2.0/jaeger-client-1.2.0.jar:/home/user/.m2/repository/io/jaegertracing/jaeger-thrift/1.2.0/jaeger-thrift-1.2.0.jar:/home/user/.m2/repository/org/apache/thrift/libthrift/0.13.0/libthrift-0.13.0.jar:/home/user/.m2/repository/com/squareup/okhttp3/okhttp/4.2.2/okhttp-4.2.2.jar:/home/user/.m2/repository/com/squareup/okio/okio/2.2.2/okio-2.2.2.jar:/home/user/.m2/repository/org/jetbrains/kotlin/kotlin-stdlib/1.3.50/kotlin-stdlib-1.3.50.jar:/home/user/.m2/repository/org/jetbrains/kotlin/kotlin-stdlib-common/1.3.50/kotlin-stdlib-common-1.3.50.jar:/home/user/.m2/repository/org/jetbrains/annotations/13.0/annotations-13.0.jar:/home/user/.m2/repository/io/jaegertracing/jaeger-core/1.2.0/jaeger-core-1.2.0.jar:/home/user/.m2/repository/io/jaegertracing/jaeger-tracerresolver/1.2.0/jaeger-tracerresolver-1.2.0.jar:/home/user/.m2/repository/io/opentracing/contrib/opentracing-tracerresolver/0.1.8/opentracing-tracerresolver-0.1.8.jar:/home/user/.m2/repository/io/opentracing/opentracing-util/0.33.0/opentracing-util-0.33.0.jar:/home/user/.m2/repository/io/opentracing/opentracing-api/0.33.0/opentracing-api-0.33.0.jar:/home/user/.m2/repository/io/opentracing/opentracing-noop/0.33.0/opentracing-noop-0.33.0.jar:/home/user/.m2/repository/org/yaml/snakeyaml/1.26/snakeyaml-1.26.jar:/home/user/.m2/repository/junit/junit/4.11/junit-4.11.jar:/home/user/.m2/repository/org/hamcrest/hamcrest-core/1.3/hamcrest-core-1.3.jar:/home/user/.m2/repository/org/openjdk/jmh/jmh-core/1.19/jmh-core-1.19.jar:/home/user/.m2/repository/net/sf/jopt-simple/jopt-simple/4.6/jopt-simple-4.6.jar:/home/user/.m2/repository/org/apache/commons/commons-math3/3.1.1/commons-math3-3.1.1.jar:/home/user/.m2/repository/org/openjdk/jmh/jmh-generator-annprocess/1.19/jmh-generator-annprocess-1.19.jar:/home/user/.m2/repository/org/mockito/mockito-all/1.8.5/mockito-all-1.8.5.jar:/home/user/.m2/repository/org/apache/hadoop/hadoop-kms/3.2.1/hadoop-kms-3.2.1.jar:/home/user/.m2/repository/org/apache/hadoop/hadoop-auth/3.2.1/hadoop-auth-3.2.1.jar:/home/user/.m2/repository/com/nimbusds/nimbus-jose-jwt/7.9/nimbus-jose-jwt-7.9.jar:/home/user/.m2/repository/com/github/stephenc/jcip/jcip-annotations/1.0-1/jcip-annotations-1.0-1.jar:/home/user/.m2/repository/net/minidev/json-smart/2.3/json-smart-2.3.jar:/home/user/.m2/repository/net/minidev/accessors-smart/1.2/accessors-smart-1.2.jar:/home/user/.m2/repository/org/ow2/asm/asm/5.0.4/asm-5.0.4.jar:/home/user/.m2/repository/org/apache/zookeeper/zookeeper/3.4.13/zookeeper-3.4.13.jar:/home/user/.m2/repository/org/apache/yetus/audience-annotations/0.5.0/audience-annotations-0.5.0.jar:/home/user/.m2/repository/org/apache/curator/curator-framework/2.13.0/curator-framework-2.13.0.jar:/home/user/.m2/repository/com/sun/jersey/jersey-core/1.19/jersey-core-1.19.jar:/home/user/.m2/repository/javax/ws/rs/jsr311-api/1.1.1/jsr311-api-1.1.1.jar:/home/user/.m2/repository/com/sun/jersey/jersey-server/1.19/jersey-server-1.19.jar:/home/user/.m2/repository/javax/servlet/javax.servlet-api/3.1.0/javax.servlet-api-3.1.0.jar:/home/user/.m2/repository/org/eclipse/jetty/jetty-server/9.4.34.v20201102/jetty-server-9.4.34.v20201102.jar:/home/user/.m2/repository/org/eclipse/jetty/jetty-http/9.4.34.v20201102/jetty-http-9.4.34.v20201102.jar:/home/user/.m2/repository/org/eclipse/jetty/jetty-io/9.4.34.v20201102/jetty-io-9.4.34.v20201102.jar:/home/user/.m2/repository/org/eclipse/jetty/jetty-webapp/9.4.34.v20201102/jetty-webapp-9.4.34.v20201102.jar:/home/user/.m2/repository/org/eclipse/jetty/jetty-xml/9.4.34.v20201102/jetty-xml-9.4.34.v20201102.jar:/home/user/.m2/repository/org/apache/hadoop/hadoop-common/3.2.1/hadoop-common-3.2.1.jar:/home/user/.m2/repository/commons-net/commons-net/3.6/commons-net-3.6.jar:/home/user/.m2/repository/com/sun/jersey/jersey-servlet/1.19/jersey-servlet-1.19.jar:/home/user/.m2/repository/com/sun/jersey/jersey-json/1.19/jersey-json-1.19.jar:/home/user/.m2/repository/org/codehaus/jettison/jettison/1.1/jettison-1.1.jar:/home/user/.m2/repository/org/codehaus/jackson/jackson-jaxrs/1.9.2/jackson-jaxrs-1.9.2.jar:/home/user/.m2/repository/org/codehaus/jackson/jackson-xc/1.9.2/jackson-xc-1.9.2.jar:/home/user/.m2/repository/org/apache/commons/commons-configuration2/2.1.1/commons-configuration2-2.1.1.jar:/home/user/.m2/repository/org/apache/commons/commons-text/1.4/commons-text-1.4.jar:/home/user/.m2/repository/com/google/re2j/re2j/1.1/re2j-1.1.jar:/home/user/.m2/repository/com/jcraft/jsch/0.1.54/jsch-0.1.54.jar:/home/user/.m2/repository/org/apache/curator/curator-client/2.13.0/curator-client-2.13.0.jar:/home/user/.m2/repository/org/apache/curator/curator-recipes/2.13.0/curator-recipes-2.13.0.jar:/home/user/.m2/repository/dnsjava/dnsjava/2.1.7/dnsjava-2.1.7.jar:/home/user/.m2/repository/org/slf4j/jul-to-slf4j/1.7.30/jul-to-slf4j-1.7.30.jar:/home/user/.m2/repository/org/eclipse/jetty/jetty-util/9.4.34.v20201102/jetty-util-9.4.34.v20201102.jar:/home/user/.m2/repository/com/fasterxml/jackson/core/jackson-databind/2.10.3/jackson-databind-2.10.3.jar:/home/user/.m2/repository/org/apache/hadoop/hadoop-kms/3.2.1/hadoop-kms-3.2.1-tests.jar:/home/user/.m2/repository/org/apache/hadoop/hadoop-hdds-server-scm/1.1.0-SNAPSHOT/hadoop-hdds-server-scm-1.1.0-SNAPSHOT-tests.jar:/home/user/.m2/repository/org/apache/hadoop/hadoop-hdds-container-service/1.1.0-SNAPSHOT/hadoop-hdds-container-service-1.1.0-SNAPSHOT-tests.jar:/home/user/.m2/repository/commons-codec/commons-codec/1.11/commons-codec-1.11.jar:/home/user/.m2/repository/org/apache/hadoop/hadoop-hdds-hadoop-dependency-test/1.1.0-SNAPSHOT/hadoop-hdds-hadoop-dependency-test-1.1.0-SNAPSHOT.jar:/home/user/.m2/repository/org/apache/hadoop/hadoop-common/3.2.1/hadoop-common-3.2.1-tests.jar:/home/user/.m2/repository/org/apache/hadoop/hadoop-hdfs/3.2.1/hadoop-hdfs-3.2.1-tests.jar:/home/user/.m2/repository/org/eclipse/jetty/jetty-util-ajax/9.4.34.v20201102/jetty-util-ajax-9.4.34.v20201102.jar:/home/user/.m2/repository/commons-daemon/commons-daemon/1.0.13/commons-daemon-1.0.13.jar:/home/user/.m2/repository/io/netty/netty/3.10.5.Final/netty-3.10.5.Final.jar:/home/user/.m2/repository/io/netty/netty-all/4.1.48.Final/netty-all-4.1.48.Final.jar:/home/user/.m2/repository/org/apache/htrace/htrace-core4/4.1.0-incubating/htrace-core4-4.1.0-incubating.jar:/home/user/.m2/repository/org/apache/hadoop/hadoop-distcp/3.2.1/hadoop-distcp-3.2.1.jar:/home/user/.m2/repository/org/apache/hadoop/hadoop-mapreduce-client-jobclient/3.2.1/hadoop-mapreduce-client-jobclient-3.2.1.jar:/home/user/.m2/repository/org/apache/hadoop/hadoop-mapreduce-client-common/3.2.1/hadoop-mapreduce-client-common-3.2.1.jar:/home/user/.m2/repository/org/apache/hadoop/hadoop-yarn-common/3.2.1/hadoop-yarn-common-3.2.1.jar:/home/user/.m2/repository/org/apache/hadoop/hadoop-yarn-api/3.2.1/hadoop-yarn-api-3.2.1.jar:/home/user/.m2/repository/com/sun/jersey/jersey-client/1.19/jersey-client-1.19.jar:/home/user/.m2/repository/com/sun/jersey/contribs/jersey-guice/1.19/jersey-guice-1.19.jar:/home/user/.m2/repository/com/fasterxml/jackson/jaxrs/jackson-jaxrs-json-provider/2.10.3/jackson-jaxrs-json-provider-2.10.3.jar:/home/user/.m2/repository/com/fasterxml/jackson/jaxrs/jackson-jaxrs-base/2.10.3/jackson-jaxrs-base-2.10.3.jar:/home/user/.m2/repository/org/apache/hadoop/hadoop-yarn-client/3.2.1/hadoop-yarn-client-3.2.1.jar:/home/user/.m2/repository/org/apache/hadoop/hadoop-mapreduce-client-core/3.2.1/hadoop-mapreduce-client-core-3.2.1.jar:/home/user/.m2/repository/org/apache/avro/avro/1.7.7/avro-1.7.7.jar:/home/user/.m2/repository/org/codehaus/jackson/jackson-core-asl/1.9.13/jackson-core-asl-1.9.13.jar:/home/user/.m2/repository/org/codehaus/jackson/jackson-mapper-asl/1.9.13/jackson-mapper-asl-1.9.13.jar:/home/user/.m2/repository/com/thoughtworks/paranamer/paranamer/2.3/paranamer-2.3.jar:/home/user/.m2/repository/org/xerial/snappy/snappy-java/1.0.5/snappy-java-1.0.5.jar:/home/user/.m2/repository/org/apache/hadoop/hadoop-annotations/3.2.1/hadoop-annotations-3.2.1.jar:/usr/lib/jvm/java-1.8.0-openjdk-1.8.0.232.b09-0.el7_7.x86_64/jre/../lib/tools.jar:/home/user/.m2/repository/org/apache/hadoop/hadoop-distcp/3.2.1/hadoop-distcp-3.2.1-tests.jar:"/>
    <property name="java.vm.vendor" value="Oracle Corporation"/>
    <property name="sun.arch.data.model" value="64"/>
    <property name="test.build.dir" value="/github/workspace/mnt/ozone/hadoop-ozone/integration-test/target/test-dir"/>
    <property name="test.cache.data" value=""/>
    <property name="java.vendor.url" value="http://java.oracle.com/"/>
    <property name="user.timezone" value=""/>
    <property name="java.vm.specification.version" value="1.8"/>
    <property name="os.name" value="Linux"/>
    <property name="test.build.data" value="/github/workspace/mnt/ozone/hadoop-ozone/integration-test/target/test-dir"/>
    <property name="user.country" value="US"/>
    <property name="sun.java.launcher" value="SUN_STANDARD"/>
    <property name="sun.boot.library.path" value="/usr/lib/jvm/java-1.8.0-openjdk-1.8.0.232.b09-0.el7_7.x86_64/jre/lib/amd64"/>
    <property name="sun.java.command" value="/github/workspace/mnt/ozone/hadoop-ozone/integration-test/target/surefire/surefirebooter5547402791723770608.jar /github/workspace/mnt/ozone/hadoop-ozone/integration-test/target/surefire 2021-01-20T17-18-23_721-jvmRun1 surefire247661007732529204tmp surefire_548585507418518826211tmp"/>
    <property name="surefire.test.class.path" value="/github/workspace/mnt/ozone/hadoop-ozone/integration-test/target/test-classes:/github/workspace/mnt/ozone/hadoop-ozone/integration-test/target/classes:/home/user/.m2/repository/org/apache/hadoop/hadoop-ozone-common/1.1.0-SNAPSHOT/hadoop-ozone-common-1.1.0-SNAPSHOT.jar:/home/user/.m2/repository/org/apache/commons/commons-compress/1.4.1/commons-compress-1.4.1.jar:/home/user/.m2/repository/org/tukaani/xz/1.0/xz-1.0.jar:/home/user/.m2/repository/org/apache/hadoop/hadoop-hdds-common/1.1.0-SNAPSHOT/hadoop-hdds-common-1.1.0-SNAPSHOT.jar:/home/user/.m2/repository/org/apache/hadoop/hadoop-hdds-client/1.1.0-SNAPSHOT/hadoop-hdds-client-1.1.0-SNAPSHOT.jar:/home/user/.m2/repository/org/apache/hadoop/hadoop-ozone-interface-client/1.1.0-SNAPSHOT/hadoop-ozone-interface-client-1.1.0-SNAPSHOT.jar:/home/user/.m2/repository/org/apache/hadoop/hadoop-hdds-test-utils/1.1.0-SNAPSHOT/hadoop-hdds-test-utils-1.1.0-SNAPSHOT.jar:/home/user/.m2/repository/com/google/guava/guava/28.2-jre/guava-28.2-jre.jar:/home/user/.m2/repository/com/google/guava/failureaccess/1.0.1/failureaccess-1.0.1.jar:/home/user/.m2/repository/com/google/guava/listenablefuture/9999.0-empty-to-avoid-conflict-with-guava/listenablefuture-9999.0-empty-to-avoid-conflict-with-guava.jar:/home/user/.m2/repository/com/google/code/findbugs/jsr305/3.0.0/jsr305-3.0.0.jar:/home/user/.m2/repository/org/checkerframework/checker-qual/2.10.0/checker-qual-2.10.0.jar:/home/user/.m2/repository/com/google/errorprone/error_prone_annotations/2.2.0/error_prone_annotations-2.2.0.jar:/home/user/.m2/repository/com/google/j2objc/j2objc-annotations/1.3/j2objc-annotations-1.3.jar:/home/user/.m2/repository/commons-io/commons-io/2.5/commons-io-2.5.jar:/home/user/.m2/repository/commons-logging/commons-logging/1.2/commons-logging-1.2.jar:/home/user/.m2/repository/log4j/log4j/1.2.17/log4j-1.2.17.jar:/home/user/.m2/repository/org/slf4j/slf4j-api/1.7.30/slf4j-api-1.7.30.jar:/home/user/.m2/repository/org/apache/hadoop/hadoop-hdds-server-scm/1.1.0-SNAPSHOT/hadoop-hdds-server-scm-1.1.0-SNAPSHOT.jar:/home/user/.m2/repository/org/apache/hadoop/hadoop-hdds-container-service/1.1.0-SNAPSHOT/hadoop-hdds-container-service-1.1.0-SNAPSHOT.jar:/home/user/.m2/repository/org/apache/hadoop/hadoop-hdds-hadoop-dependency-server/1.1.0-SNAPSHOT/hadoop-hdds-hadoop-dependency-server-1.1.0-SNAPSHOT.jar:/home/user/.m2/repository/org/apache/hadoop/hadoop-hdfs/3.2.1/hadoop-hdfs-3.2.1.jar:/home/user/.m2/repository/org/apache/hadoop/hadoop-hdds-server-framework/1.1.0-SNAPSHOT/hadoop-hdds-server-framework-1.1.0-SNAPSHOT.jar:/home/user/.m2/repository/org/apache/hadoop/hadoop-hdds-interface-server/1.1.0-SNAPSHOT/hadoop-hdds-interface-server-1.1.0-SNAPSHOT.jar:/home/user/.m2/repository/org/apache/hadoop/hadoop-hdds-interface-admin/1.1.0-SNAPSHOT/hadoop-hdds-interface-admin-1.1.0-SNAPSHOT.jar:/home/user/.m2/repository/org/eclipse/jetty/jetty-servlet/9.4.34.v20201102/jetty-servlet-9.4.34.v20201102.jar:/home/user/.m2/repository/org/eclipse/jetty/jetty-security/9.4.34.v20201102/jetty-security-9.4.34.v20201102.jar:/home/user/.m2/repository/org/rocksdb/rocksdbjni/6.8.1/rocksdbjni-6.8.1.jar:/home/user/.m2/repository/io/prometheus/simpleclient_dropwizard/0.7.0/simpleclient_dropwizard-0.7.0.jar:/home/user/.m2/repository/io/prometheus/simpleclient/0.7.0/simpleclient-0.7.0.jar:/home/user/.m2/repository/io/prometheus/simpleclient_common/0.7.0/simpleclient_common-0.7.0.jar:/home/user/.m2/repository/com/fasterxml/jackson/datatype/jackson-datatype-jsr310/2.10.3/jackson-datatype-jsr310-2.10.3.jar:/home/user/.m2/repository/io/dropwizard/metrics/metrics-core/3.2.4/metrics-core-3.2.4.jar:/home/user/.m2/repository/org/apache/hadoop/hadoop-hdfs-client/3.2.1/hadoop-hdfs-client-3.2.1.jar:/home/user/.m2/repository/org/bouncycastle/bcprov-jdk15on/1.67/bcprov-jdk15on-1.67.jar:/home/user/.m2/repository/org/apache/hadoop/hadoop-ozone-ozone-manager/1.1.0-SNAPSHOT/hadoop-ozone-ozone-manager-1.1.0-SNAPSHOT.jar:/home/user/.m2/repository/org/apache/hadoop/hadoop-hdds-interface-client/1.1.0-SNAPSHOT/hadoop-hdds-interface-client-1.1.0-SNAPSHOT.jar:/home/user/.m2/repository/org/apache/ratis/ratis-thirdparty-misc/0.6.0-SNAPSHOT/ratis-thirdparty-misc-0.6.0-SNAPSHOT.jar:/home/user/.m2/repository/org/apache/hadoop/hadoop-ozone-interface-storage/1.1.0-SNAPSHOT/hadoop-ozone-interface-storage-1.1.0-SNAPSHOT.jar:/home/user/.m2/repository/org/apache/hadoop/hadoop-minikdc/3.2.1/hadoop-minikdc-3.2.1.jar:/home/user/.m2/repository/org/apache/kerby/kerb-simplekdc/1.0.1/kerb-simplekdc-1.0.1.jar:/home/user/.m2/repository/org/apache/kerby/kerb-client/1.0.1/kerb-client-1.0.1.jar:/home/user/.m2/repository/org/apache/kerby/kerby-config/1.0.1/kerby-config-1.0.1.jar:/home/user/.m2/repository/org/apache/kerby/kerb-core/1.0.1/kerb-core-1.0.1.jar:/home/user/.m2/repository/org/apache/kerby/kerby-pkix/1.0.1/kerby-pkix-1.0.1.jar:/home/user/.m2/repository/org/apache/kerby/kerby-asn1/1.0.1/kerby-asn1-1.0.1.jar:/home/user/.m2/repository/org/apache/kerby/kerby-util/1.0.1/kerby-util-1.0.1.jar:/home/user/.m2/repository/org/apache/kerby/kerb-common/1.0.1/kerb-common-1.0.1.jar:/home/user/.m2/repository/org/apache/kerby/kerb-crypto/1.0.1/kerb-crypto-1.0.1.jar:/home/user/.m2/repository/org/apache/kerby/kerb-util/1.0.1/kerb-util-1.0.1.jar:/home/user/.m2/repository/org/apache/kerby/token-provider/1.0.1/token-provider-1.0.1.jar:/home/user/.m2/repository/org/apache/kerby/kerb-admin/1.0.1/kerb-admin-1.0.1.jar:/home/user/.m2/repository/org/apache/kerby/kerb-server/1.0.1/kerb-server-1.0.1.jar:/home/user/.m2/repository/org/apache/kerby/kerb-identity/1.0.1/kerb-identity-1.0.1.jar:/home/user/.m2/repository/org/apache/kerby/kerby-xdr/1.0.1/kerby-xdr-1.0.1.jar:/home/user/.m2/repository/org/slf4j/slf4j-log4j12/1.7.30/slf4j-log4j12-1.7.30.jar:/home/user/.m2/repository/org/apache/hadoop/hadoop-ozone-s3gateway/1.1.0-SNAPSHOT/hadoop-ozone-s3gateway-1.1.0-SNAPSHOT.jar:/home/user/.m2/repository/org/jboss/weld/servlet/weld-servlet/2.4.7.Final/weld-servlet-2.4.7.Final.jar:/home/user/.m2/repository/org/glassfish/jersey/containers/jersey-container-servlet-core/2.27/jersey-container-servlet-core-2.27.jar:/home/user/.m2/repository/org/glassfish/hk2/external/javax.inject/2.5.0-b42/javax.inject-2.5.0-b42.jar:/home/user/.m2/repository/org/glassfish/jersey/core/jersey-common/2.27/jersey-common-2.27.jar:/home/user/.m2/repository/org/glassfish/hk2/osgi-resource-locator/1.0.1/osgi-resource-locator-1.0.1.jar:/home/user/.m2/repository/javax/ws/rs/javax.ws.rs-api/2.1/javax.ws.rs-api-2.1.jar:/home/user/.m2/repository/org/glassfish/jersey/ext/cdi/jersey-cdi1x/2.27/jersey-cdi1x-2.27.jar:/home/user/.m2/repository/org/glassfish/jersey/inject/jersey-hk2/2.27/jersey-hk2-2.27.jar:/home/user/.m2/repository/org/glassfish/hk2/hk2-locator/2.5.0-b42/hk2-locator-2.5.0-b42.jar:/home/user/.m2/repository/org/javassist/javassist/3.22.0-CR2/javassist-3.22.0-CR2.jar:/home/user/.m2/repository/org/glassfish/hk2/hk2-api/2.5.0/hk2-api-2.5.0.jar:/home/user/.m2/repository/org/glassfish/hk2/external/jakarta.inject/2.5.0/jakarta.inject-2.5.0.jar:/home/user/.m2/repository/org/glassfish/hk2/hk2-utils/2.5.0/hk2-utils-2.5.0.jar:/home/user/.m2/repository/jakarta/annotation/jakarta.annotation-api/1.3.4/jakarta.annotation-api-1.3.4.jar:/home/user/.m2/repository/org/glassfish/hk2/external/aopalliance-repackaged/2.5.0/aopalliance-repackaged-2.5.0.jar:/home/user/.m2/repository/com/fasterxml/jackson/dataformat/jackson-dataformat-xml/2.10.3/jackson-dataformat-xml-2.10.3.jar:/home/user/.m2/repository/com/fasterxml/jackson/core/jackson-core/2.10.3/jackson-core-2.10.3.jar:/home/user/.m2/repository/com/fasterxml/jackson/module/jackson-module-jaxb-annotations/2.10.3/jackson-module-jaxb-annotations-2.10.3.jar:/home/user/.m2/repository/jakarta/xml/bind/jakarta.xml.bind-api/2.3.2/jakarta.xml.bind-api-2.3.2.jar:/home/user/.m2/repository/jakarta/activation/jakarta.activation-api/1.2.1/jakarta.activation-api-1.2.1.jar:/home/user/.m2/repository/org/codehaus/woodstox/stax2-api/3.1.4/stax2-api-3.1.4.jar:/home/user/.m2/repository/com/fasterxml/woodstox/woodstox-core/5.0.3/woodstox-core-5.0.3.jar:/home/user/.m2/repository/javax/enterprise/cdi-api/1.2/cdi-api-1.2.jar:/home/user/.m2/repository/javax/el/javax.el-api/3.0.0/javax.el-api-3.0.0.jar:/home/user/.m2/repository/javax/interceptor/javax.interceptor-api/1.2/javax.interceptor-api-1.2.jar:/home/user/.m2/repository/javax/inject/javax.inject/1/javax.inject-1.jar:/home/user/.m2/repository/com/sun/xml/bind/jaxb-impl/2.3.0.1/jaxb-impl-2.3.0.1.jar:/home/user/.m2/repository/com/sun/xml/bind/jaxb-core/2.3.0.1/jaxb-core-2.3.0.1.jar:/home/user/.m2/repository/javax/xml/bind/jaxb-api/2.3.0/jaxb-api-2.3.0.jar:/home/user/.m2/repository/javax/activation/activation/1.1.1/activation-1.1.1.jar:/home/user/.m2/repository/org/apache/hadoop/hadoop-ozone-csi/1.1.0-SNAPSHOT/hadoop-ozone-csi-1.1.0-SNAPSHOT.jar:/home/user/.m2/repository/com/google/protobuf/protobuf-java-util/3.11.0/protobuf-java-util-3.11.0.jar:/home/user/.m2/repository/com/google/code/gson/gson/2.2.4/gson-2.2.4.jar:/home/user/.m2/repository/org/apache/hadoop/hadoop-hdds-config/1.1.0-SNAPSHOT/hadoop-hdds-config-1.1.0-SNAPSHOT.jar:/home/user/.m2/repository/com/google/protobuf/protobuf-java/2.5.0/protobuf-java-2.5.0.jar:/home/user/.m2/repository/io/grpc/grpc-netty/1.29.0/grpc-netty-1.29.0.jar:/home/user/.m2/repository/io/grpc/grpc-core/1.29.0/grpc-core-1.29.0.jar:/home/user/.m2/repository/com/google/android/annotations/4.1.1.4/annotations-4.1.1.4.jar:/home/user/.m2/repository/io/perfmark/perfmark-api/0.19.0/perfmark-api-0.19.0.jar:/home/user/.m2/repository/io/netty/netty-codec-http2/4.1.48.Final/netty-codec-http2-4.1.48.Final.jar:/home/user/.m2/repository/io/netty/netty-codec/4.1.48.Final/netty-codec-4.1.48.Final.jar:/home/user/.m2/repository/io/netty/netty-handler/4.1.48.Final/netty-handler-4.1.48.Final.jar:/home/user/.m2/repository/io/netty/netty-codec-http/4.1.48.Final/netty-codec-http-4.1.48.Final.jar:/home/user/.m2/repository/io/netty/netty-handler-proxy/4.1.48.Final/netty-handler-proxy-4.1.48.Final.jar:/home/user/.m2/repository/io/netty/netty-codec-socks/4.1.48.Final/netty-codec-socks-4.1.48.Final.jar:/home/user/.m2/repository/io/netty/netty-transport-native-epoll/4.1.48.Final/netty-transport-native-epoll-4.1.48.Final.jar:/home/user/.m2/repository/io/netty/netty-common/4.1.48.Final/netty-common-4.1.48.Final.jar:/home/user/.m2/repository/io/netty/netty-buffer/4.1.48.Final/netty-buffer-4.1.48.Final.jar:/home/user/.m2/repository/io/netty/netty-transport/4.1.48.Final/netty-transport-4.1.48.Final.jar:/home/user/.m2/repository/io/netty/netty-resolver/4.1.48.Final/netty-resolver-4.1.48.Final.jar:/home/user/.m2/repository/io/netty/netty-transport-native-unix-common/4.1.48.Final/netty-transport-native-unix-common-4.1.48.Final.jar:/home/user/.m2/repository/io/grpc/grpc-protobuf/1.29.0/grpc-protobuf-1.29.0.jar:/home/user/.m2/repository/io/grpc/grpc-api/1.29.0/grpc-api-1.29.0.jar:/home/user/.m2/repository/io/grpc/grpc-context/1.29.0/grpc-context-1.29.0.jar:/home/user/.m2/repository/org/codehaus/mojo/animal-sniffer-annotations/1.18/animal-sniffer-annotations-1.18.jar:/home/user/.m2/repository/com/google/api/grpc/proto-google-common-protos/1.17.0/proto-google-common-protos-1.17.0.jar:/home/user/.m2/repository/io/grpc/grpc-protobuf-lite/1.29.0/grpc-protobuf-lite-1.29.0.jar:/home/user/.m2/repository/io/grpc/grpc-stub/1.29.0/grpc-stub-1.29.0.jar:/home/user/.m2/repository/org/apache/hadoop/hadoop-ozone-recon/1.1.0-SNAPSHOT/hadoop-ozone-recon-1.1.0-SNAPSHOT.jar:/home/user/.m2/repository/org/apache/hadoop/hadoop-ozone-reconcodegen/1.1.0-SNAPSHOT/hadoop-ozone-reconcodegen-1.1.0-SNAPSHOT.jar:/home/user/.m2/repository/com/google/inject/extensions/guice-multibindings/4.0/guice-multibindings-4.0.jar:/home/user/.m2/repository/com/google/inject/guice/4.0/guice-4.0.jar:/home/user/.m2/repository/aopalliance/aopalliance/1.0/aopalliance-1.0.jar:/home/user/.m2/repository/com/google/inject/extensions/guice-assistedinject/4.0/guice-assistedinject-4.0.jar:/home/user/.m2/repository/com/google/inject/extensions/guice-servlet/4.0/guice-servlet-4.0.jar:/home/user/.m2/repository/org/glassfish/jersey/containers/jersey-container-servlet/2.27/jersey-container-servlet-2.27.jar:/home/user/.m2/repository/org/glassfish/hk2/guice-bridge/2.5.0/guice-bridge-2.5.0.jar:/home/user/.m2/repository/org/glassfish/jersey/core/jersey-server/2.27/jersey-server-2.27.jar:/home/user/.m2/repository/org/glassfish/jersey/core/jersey-client/2.27/jersey-client-2.27.jar:/home/user/.m2/repository/org/glassfish/jersey/media/jersey-media-jaxb/2.27/jersey-media-jaxb-2.27.jar:/home/user/.m2/repository/javax/validation/validation-api/1.1.0.Final/validation-api-1.1.0.Final.jar:/home/user/.m2/repository/org/glassfish/jersey/media/jersey-media-json-jackson/2.27/jersey-media-json-jackson-2.27.jar:/home/user/.m2/repository/org/glassfish/jersey/ext/jersey-entity-filtering/2.27/jersey-entity-filtering-2.27.jar:/home/user/.m2/repository/org/jooq/jooq/3.11.10/jooq-3.11.10.jar:/home/user/.m2/repository/org/jooq/jooq-meta/3.11.10/jooq-meta-3.11.10.jar:/home/user/.m2/repository/org/jooq/jooq-codegen/3.11.10/jooq-codegen-3.11.10.jar:/home/user/.m2/repository/com/jolbox/bonecp/0.8.0.RELEASE/bonecp-0.8.0.RELEASE.jar:/home/user/.m2/repository/org/apache/derby/derby/10.14.2.0/derby-10.14.2.0.jar:/home/user/.m2/repository/org/xerial/sqlite-jdbc/3.25.2/sqlite-jdbc-3.25.2.jar:/home/user/.m2/repository/org/springframework/spring-jdbc/5.2.11.RELEASE/spring-jdbc-5.2.11.RELEASE.jar:/home/user/.m2/repository/org/springframework/spring-beans/5.2.11.RELEASE/spring-beans-5.2.11.RELEASE.jar:/home/user/.m2/repository/org/springframework/spring-core/5.2.11.RELEASE/spring-core-5.2.11.RELEASE.jar:/home/user/.m2/repository/org/springframework/spring-jcl/5.2.11.RELEASE/spring-jcl-5.2.11.RELEASE.jar:/home/user/.m2/repository/org/springframework/spring-tx/5.2.11.RELEASE/spring-tx-5.2.11.RELEASE.jar:/home/user/.m2/repository/org/apache/hadoop/hadoop-ozone-client/1.1.0-SNAPSHOT/hadoop-ozone-client-1.1.0-SNAPSHOT.jar:/home/user/.m2/repository/org/apache/hadoop/hadoop-ozone-filesystem/1.1.0-SNAPSHOT/hadoop-ozone-filesystem-1.1.0-SNAPSHOT.jar:/home/user/.m2/repository/org/apache/hadoop/hadoop-ozone-filesystem-common/1.1.0-SNAPSHOT/hadoop-ozone-filesystem-common-1.1.0-SNAPSHOT.jar:/home/user/.m2/repository/org/apache/hadoop/hadoop-ozone-tools/1.1.0-SNAPSHOT/hadoop-ozone-tools-1.1.0-SNAPSHOT.jar:/home/user/.m2/repository/org/apache/ratis/ratis-tools/1.1.0-35f17fa-SNAPSHOT/ratis-tools-1.1.0-35f17fa-SNAPSHOT.jar:/home/user/.m2/repository/org/apache/ratis/ratis-proto/1.1.0-35f17fa-SNAPSHOT/ratis-proto-1.1.0-35f17fa-SNAPSHOT.jar:/home/user/.m2/repository/org/apache/ratis/ratis-common/1.1.0-35f17fa-SNAPSHOT/ratis-common-1.1.0-35f17fa-SNAPSHOT.jar:/home/user/.m2/repository/com/amazonaws/aws-java-sdk-core/1.11.901/aws-java-sdk-core-1.11.901.jar:/home/user/.m2/repository/org/apache/httpcomponents/httpclient/4.5.13/httpclient-4.5.13.jar:/home/user/.m2/repository/org/apache/httpcomponents/httpcore/4.4.13/httpcore-4.4.13.jar:/home/user/.m2/repository/software/amazon/ion/ion-java/1.0.2/ion-java-1.0.2.jar:/home/user/.m2/repository/com/fasterxml/jackson/dataformat/jackson-dataformat-cbor/2.10.3/jackson-dataformat-cbor-2.10.3.jar:/home/user/.m2/repository/joda-time/joda-time/2.8.1/joda-time-2.8.1.jar:/home/user/.m2/repository/com/amazonaws/aws-java-sdk-s3/1.11.901/aws-java-sdk-s3-1.11.901.jar:/home/user/.m2/repository/com/amazonaws/aws-java-sdk-kms/1.11.901/aws-java-sdk-kms-1.11.901.jar:/home/user/.m2/repository/com/amazonaws/jmespath-java/1.11.901/jmespath-java-1.11.901.jar:/home/user/.m2/repository/org/kohsuke/metainf-services/metainf-services/1.8/metainf-services-1.8.jar:/home/user/.m2/repository/org/apache/hadoop/hadoop-hdds-tools/1.1.0-SNAPSHOT/hadoop-hdds-tools-1.1.0-SNAPSHOT.jar:/home/user/.m2/repository/commons-cli/commons-cli/1.2/commons-cli-1.2.jar:/home/user/.m2/repository/org/apache/commons/commons-lang3/3.7/commons-lang3-3.7.jar:/home/user/.m2/repository/org/apache/hadoop/hadoop-ozone-ozone-manager/1.1.0-SNAPSHOT/hadoop-ozone-ozone-manager-1.1.0-SNAPSHOT-tests.jar:/home/user/.m2/repository/org/apache/hadoop/hadoop-hdds-common/1.1.0-SNAPSHOT/hadoop-hdds-common-1.1.0-SNAPSHOT-tests.jar:/home/user/.m2/repository/org/apache/hadoop/hadoop-hdds-hadoop-dependency-client/1.1.0-SNAPSHOT/hadoop-hdds-hadoop-dependency-client-1.1.0-SNAPSHOT.jar:/home/user/.m2/repository/info/picocli/picocli/4.4.0/picocli-4.4.0.jar:/home/user/.m2/repository/com/fasterxml/jackson/core/jackson-annotations/2.10.3/jackson-annotations-2.10.3.jar:/home/user/.m2/repository/javax/annotation/javax.annotation-api/1.2/javax.annotation-api-1.2.jar:/home/user/.m2/repository/org/fusesource/leveldbjni/leveldbjni-all/1.8/leveldbjni-all-1.8.jar:/home/user/.m2/repository/org/apache/ratis/ratis-server/1.1.0-35f17fa-SNAPSHOT/ratis-server-1.1.0-35f17fa-SNAPSHOT.jar:/home/user/.m2/repository/org/apache/ratis/ratis-client/1.1.0-35f17fa-SNAPSHOT/ratis-client-1.1.0-35f17fa-SNAPSHOT.jar:/home/user/.m2/repository/org/apache/ratis/ratis-server-api/1.1.0-35f17fa-SNAPSHOT/ratis-server-api-1.1.0-35f17fa-SNAPSHOT.jar:/home/user/.m2/repository/org/apache/ratis/ratis-metrics/1.1.0-35f17fa-SNAPSHOT/ratis-metrics-1.1.0-35f17fa-SNAPSHOT.jar:/home/user/.m2/repository/org/apache/ratis/ratis-netty/1.1.0-35f17fa-SNAPSHOT/ratis-netty-1.1.0-35f17fa-SNAPSHOT.jar:/home/user/.m2/repository/org/apache/ratis/ratis-grpc/1.1.0-35f17fa-SNAPSHOT/ratis-grpc-1.1.0-35f17fa-SNAPSHOT.jar:/home/user/.m2/repository/org/apache/logging/log4j/log4j-api/2.13.3/log4j-api-2.13.3.jar:/home/user/.m2/repository/org/apache/logging/log4j/log4j-core/2.13.3/log4j-core-2.13.3.jar:/home/user/.m2/repository/com/lmax/disruptor/3.4.2/disruptor-3.4.2.jar:/home/user/.m2/repository/org/apache/commons/commons-pool2/2.6.0/commons-pool2-2.6.0.jar:/home/user/.m2/repository/org/bouncycastle/bcpkix-jdk15on/1.67/bcpkix-jdk15on-1.67.jar:/home/user/.m2/repository/commons-validator/commons-validator/1.6/commons-validator-1.6.jar:/home/user/.m2/repository/commons-beanutils/commons-beanutils/1.9.4/commons-beanutils-1.9.4.jar:/home/user/.m2/repository/commons-digester/commons-digester/1.8.1/commons-digester-1.8.1.jar:/home/user/.m2/repository/commons-collections/commons-collections/3.2.2/commons-collections-3.2.2.jar:/home/user/.m2/repository/io/jaegertracing/jaeger-client/1.2.0/jaeger-client-1.2.0.jar:/home/user/.m2/repository/io/jaegertracing/jaeger-thrift/1.2.0/jaeger-thrift-1.2.0.jar:/home/user/.m2/repository/org/apache/thrift/libthrift/0.13.0/libthrift-0.13.0.jar:/home/user/.m2/repository/com/squareup/okhttp3/okhttp/4.2.2/okhttp-4.2.2.jar:/home/user/.m2/repository/com/squareup/okio/okio/2.2.2/okio-2.2.2.jar:/home/user/.m2/repository/org/jetbrains/kotlin/kotlin-stdlib/1.3.50/kotlin-stdlib-1.3.50.jar:/home/user/.m2/repository/org/jetbrains/kotlin/kotlin-stdlib-common/1.3.50/kotlin-stdlib-common-1.3.50.jar:/home/user/.m2/repository/org/jetbrains/annotations/13.0/annotations-13.0.jar:/home/user/.m2/repository/io/jaegertracing/jaeger-core/1.2.0/jaeger-core-1.2.0.jar:/home/user/.m2/repository/io/jaegertracing/jaeger-tracerresolver/1.2.0/jaeger-tracerresolver-1.2.0.jar:/home/user/.m2/repository/io/opentracing/contrib/opentracing-tracerresolver/0.1.8/opentracing-tracerresolver-0.1.8.jar:/home/user/.m2/repository/io/opentracing/opentracing-util/0.33.0/opentracing-util-0.33.0.jar:/home/user/.m2/repository/io/opentracing/opentracing-api/0.33.0/opentracing-api-0.33.0.jar:/home/user/.m2/repository/io/opentracing/opentracing-noop/0.33.0/opentracing-noop-0.33.0.jar:/home/user/.m2/repository/org/yaml/snakeyaml/1.26/snakeyaml-1.26.jar:/home/user/.m2/repository/junit/junit/4.11/junit-4.11.jar:/home/user/.m2/repository/org/hamcrest/hamcrest-core/1.3/hamcrest-core-1.3.jar:/home/user/.m2/repository/org/openjdk/jmh/jmh-core/1.19/jmh-core-1.19.jar:/home/user/.m2/repository/net/sf/jopt-simple/jopt-simple/4.6/jopt-simple-4.6.jar:/home/user/.m2/repository/org/apache/commons/commons-math3/3.1.1/commons-math3-3.1.1.jar:/home/user/.m2/repository/org/openjdk/jmh/jmh-generator-annprocess/1.19/jmh-generator-annprocess-1.19.jar:/home/user/.m2/repository/org/mockito/mockito-all/1.8.5/mockito-all-1.8.5.jar:/home/user/.m2/repository/org/apache/hadoop/hadoop-kms/3.2.1/hadoop-kms-3.2.1.jar:/home/user/.m2/repository/org/apache/hadoop/hadoop-auth/3.2.1/hadoop-auth-3.2.1.jar:/home/user/.m2/repository/com/nimbusds/nimbus-jose-jwt/7.9/nimbus-jose-jwt-7.9.jar:/home/user/.m2/repository/com/github/stephenc/jcip/jcip-annotations/1.0-1/jcip-annotations-1.0-1.jar:/home/user/.m2/repository/net/minidev/json-smart/2.3/json-smart-2.3.jar:/home/user/.m2/repository/net/minidev/accessors-smart/1.2/accessors-smart-1.2.jar:/home/user/.m2/repository/org/ow2/asm/asm/5.0.4/asm-5.0.4.jar:/home/user/.m2/repository/org/apache/zookeeper/zookeeper/3.4.13/zookeeper-3.4.13.jar:/home/user/.m2/repository/org/apache/yetus/audience-annotations/0.5.0/audience-annotations-0.5.0.jar:/home/user/.m2/repository/org/apache/curator/curator-framework/2.13.0/curator-framework-2.13.0.jar:/home/user/.m2/repository/com/sun/jersey/jersey-core/1.19/jersey-core-1.19.jar:/home/user/.m2/repository/javax/ws/rs/jsr311-api/1.1.1/jsr311-api-1.1.1.jar:/home/user/.m2/repository/com/sun/jersey/jersey-server/1.19/jersey-server-1.19.jar:/home/user/.m2/repository/javax/servlet/javax.servlet-api/3.1.0/javax.servlet-api-3.1.0.jar:/home/user/.m2/repository/org/eclipse/jetty/jetty-server/9.4.34.v20201102/jetty-server-9.4.34.v20201102.jar:/home/user/.m2/repository/org/eclipse/jetty/jetty-http/9.4.34.v20201102/jetty-http-9.4.34.v20201102.jar:/home/user/.m2/repository/org/eclipse/jetty/jetty-io/9.4.34.v20201102/jetty-io-9.4.34.v20201102.jar:/home/user/.m2/repository/org/eclipse/jetty/jetty-webapp/9.4.34.v20201102/jetty-webapp-9.4.34.v20201102.jar:/home/user/.m2/repository/org/eclipse/jetty/jetty-xml/9.4.34.v20201102/jetty-xml-9.4.34.v20201102.jar:/home/user/.m2/repository/org/apache/hadoop/hadoop-common/3.2.1/hadoop-common-3.2.1.jar:/home/user/.m2/repository/commons-net/commons-net/3.6/commons-net-3.6.jar:/home/user/.m2/repository/com/sun/jersey/jersey-servlet/1.19/jersey-servlet-1.19.jar:/home/user/.m2/repository/com/sun/jersey/jersey-json/1.19/jersey-json-1.19.jar:/home/user/.m2/repository/org/codehaus/jettison/jettison/1.1/jettison-1.1.jar:/home/user/.m2/repository/org/codehaus/jackson/jackson-jaxrs/1.9.2/jackson-jaxrs-1.9.2.jar:/home/user/.m2/repository/org/codehaus/jackson/jackson-xc/1.9.2/jackson-xc-1.9.2.jar:/home/user/.m2/repository/org/apache/commons/commons-configuration2/2.1.1/commons-configuration2-2.1.1.jar:/home/user/.m2/repository/org/apache/commons/commons-text/1.4/commons-text-1.4.jar:/home/user/.m2/repository/com/google/re2j/re2j/1.1/re2j-1.1.jar:/home/user/.m2/repository/com/jcraft/jsch/0.1.54/jsch-0.1.54.jar:/home/user/.m2/repository/org/apache/curator/curator-client/2.13.0/curator-client-2.13.0.jar:/home/user/.m2/repository/org/apache/curator/curator-recipes/2.13.0/curator-recipes-2.13.0.jar:/home/user/.m2/repository/dnsjava/dnsjava/2.1.7/dnsjava-2.1.7.jar:/home/user/.m2/repository/org/slf4j/jul-to-slf4j/1.7.30/jul-to-slf4j-1.7.30.jar:/home/user/.m2/repository/org/eclipse/jetty/jetty-util/9.4.34.v20201102/jetty-util-9.4.34.v20201102.jar:/home/user/.m2/repository/com/fasterxml/jackson/core/jackson-databind/2.10.3/jackson-databind-2.10.3.jar:/home/user/.m2/repository/org/apache/hadoop/hadoop-kms/3.2.1/hadoop-kms-3.2.1-tests.jar:/home/user/.m2/repository/org/apache/hadoop/hadoop-hdds-server-scm/1.1.0-SNAPSHOT/hadoop-hdds-server-scm-1.1.0-SNAPSHOT-tests.jar:/home/user/.m2/repository/org/apache/hadoop/hadoop-hdds-container-service/1.1.0-SNAPSHOT/hadoop-hdds-container-service-1.1.0-SNAPSHOT-tests.jar:/home/user/.m2/repository/commons-codec/commons-codec/1.11/commons-codec-1.11.jar:/home/user/.m2/repository/org/apache/hadoop/hadoop-hdds-hadoop-dependency-test/1.1.0-SNAPSHOT/hadoop-hdds-hadoop-dependency-test-1.1.0-SNAPSHOT.jar:/home/user/.m2/repository/org/apache/hadoop/hadoop-common/3.2.1/hadoop-common-3.2.1-tests.jar:/home/user/.m2/repository/org/apache/hadoop/hadoop-hdfs/3.2.1/hadoop-hdfs-3.2.1-tests.jar:/home/user/.m2/repository/org/eclipse/jetty/jetty-util-ajax/9.4.34.v20201102/jetty-util-ajax-9.4.34.v20201102.jar:/home/user/.m2/repository/commons-daemon/commons-daemon/1.0.13/commons-daemon-1.0.13.jar:/home/user/.m2/repository/io/netty/netty/3.10.5.Final/netty-3.10.5.Final.jar:/home/user/.m2/repository/io/netty/netty-all/4.1.48.Final/netty-all-4.1.48.Final.jar:/home/user/.m2/repository/org/apache/htrace/htrace-core4/4.1.0-incubating/htrace-core4-4.1.0-incubating.jar:/home/user/.m2/repository/org/apache/hadoop/hadoop-distcp/3.2.1/hadoop-distcp-3.2.1.jar:/home/user/.m2/repository/org/apache/hadoop/hadoop-mapreduce-client-jobclient/3.2.1/hadoop-mapreduce-client-jobclient-3.2.1.jar:/home/user/.m2/repository/org/apache/hadoop/hadoop-mapreduce-client-common/3.2.1/hadoop-mapreduce-client-common-3.2.1.jar:/home/user/.m2/repository/org/apache/hadoop/hadoop-yarn-common/3.2.1/hadoop-yarn-common-3.2.1.jar:/home/user/.m2/repository/org/apache/hadoop/hadoop-yarn-api/3.2.1/hadoop-yarn-api-3.2.1.jar:/home/user/.m2/repository/com/sun/jersey/jersey-client/1.19/jersey-client-1.19.jar:/home/user/.m2/repository/com/sun/jersey/contribs/jersey-guice/1.19/jersey-guice-1.19.jar:/home/user/.m2/repository/com/fasterxml/jackson/jaxrs/jackson-jaxrs-json-provider/2.10.3/jackson-jaxrs-json-provider-2.10.3.jar:/home/user/.m2/repository/com/fasterxml/jackson/jaxrs/jackson-jaxrs-base/2.10.3/jackson-jaxrs-base-2.10.3.jar:/home/user/.m2/repository/org/apache/hadoop/hadoop-yarn-client/3.2.1/hadoop-yarn-client-3.2.1.jar:/home/user/.m2/repository/org/apache/hadoop/hadoop-mapreduce-client-core/3.2.1/hadoop-mapreduce-client-core-3.2.1.jar:/home/user/.m2/repository/org/apache/avro/avro/1.7.7/avro-1.7.7.jar:/home/user/.m2/repository/org/codehaus/jackson/jackson-core-asl/1.9.13/jackson-core-asl-1.9.13.jar:/home/user/.m2/repository/org/codehaus/jackson/jackson-mapper-asl/1.9.13/jackson-mapper-asl-1.9.13.jar:/home/user/.m2/repository/com/thoughtworks/paranamer/paranamer/2.3/paranamer-2.3.jar:/home/user/.m2/repository/org/xerial/snappy/snappy-java/1.0.5/snappy-java-1.0.5.jar:/home/user/.m2/repository/org/apache/hadoop/hadoop-annotations/3.2.1/hadoop-annotations-3.2.1.jar:/usr/lib/jvm/java-1.8.0-openjdk-1.8.0.232.b09-0.el7_7.x86_64/jre/../lib/tools.jar:/home/user/.m2/repository/org/apache/hadoop/hadoop-distcp/3.2.1/hadoop-distcp-3.2.1-tests.jar:"/>
    <property name="sun.cpu.endian" value="little"/>
    <property name="user.home" value="/home/user"/>
    <property name="user.language" value="en"/>
    <property name="java.specification.vendor" value="Oracle Corporation"/>
    <property name="java.home" value="/usr/lib/jvm/java-1.8.0-openjdk-1.8.0.232.b09-0.el7_7.x86_64/jre"/>
    <property name="java.security.krb5.conf" value="/github/workspace/mnt/ozone/hadoop-ozone/integration-test/target/test-classes/krb5.conf"/>
    <property name="basedir" value="/github/workspace/mnt/ozone/hadoop-ozone/integration-test"/>
    <property name="file.separator" value="/"/>
    <property name="line.separator" value="&#10;"/>
    <property name="java.vm.specification.vendor" value="Oracle Corporation"/>
    <property name="java.specification.name" value="Java Platform API Specification"/>
    <property name="java.awt.graphicsenv" value="sun.awt.X11GraphicsEnvironment"/>
    <property name="skip.installnpx" value="true"/>
    <property name="surefire.real.class.path" value="/github/workspace/mnt/ozone/hadoop-ozone/integration-test/target/surefire/surefirebooter5547402791723770608.jar:/home/user/.m2/repository/org/jacoco/org.jacoco.agent/0.8.5/org.jacoco.agent-0.8.5-runtime.jar"/>
    <property name="hadoop.log.dir" value="/github/workspace/mnt/ozone/hadoop-ozone/integration-test/target/log"/>
    <property name="sun.boot.class.path" value="/usr/lib/jvm/java-1.8.0-openjdk-1.8.0.232.b09-0.el7_7.x86_64/jre/lib/resources.jar:/usr/lib/jvm/java-1.8.0-openjdk-1.8.0.232.b09-0.el7_7.x86_64/jre/lib/rt.jar:/usr/lib/jvm/java-1.8.0-openjdk-1.8.0.232.b09-0.el7_7.x86_64/jre/lib/sunrsasign.jar:/usr/lib/jvm/java-1.8.0-openjdk-1.8.0.232.b09-0.el7_7.x86_64/jre/lib/jsse.jar:/usr/lib/jvm/java-1.8.0-openjdk-1.8.0.232.b09-0.el7_7.x86_64/jre/lib/jce.jar:/usr/lib/jvm/java-1.8.0-openjdk-1.8.0.232.b09-0.el7_7.x86_64/jre/lib/charsets.jar:/usr/lib/jvm/java-1.8.0-openjdk-1.8.0.232.b09-0.el7_7.x86_64/jre/lib/jfr.jar:/usr/lib/jvm/java-1.8.0-openjdk-1.8.0.232.b09-0.el7_7.x86_64/jre/classes"/>
    <property name="sun.management.compiler" value="HotSpot 64-Bit Tiered Compilers"/>
    <property name="skip.npx" value="true"/>
    <property name="java.runtime.version" value="1.8.0_232-b09"/>
    <property name="java.net.preferIPv4Stack" value="true"/>
    <property name="user.name" value="jenkins1001"/>
    <property name="path.separator" value=":"/>
    <property name="java.security.egd" value="file:///dev/urandom"/>
    <property name="os.version" value="5.4.0-1032-azure"/>
    <property name="java.endorsed.dirs" value="/usr/lib/jvm/java-1.8.0-openjdk-1.8.0.232.b09-0.el7_7.x86_64/jre/lib/endorsed"/>
    <property name="java.runtime.name" value="OpenJDK Runtime Environment"/>
    <property name="file.encoding" value="ANSI_X3.4-1968"/>
    <property name="java.vm.name" value="OpenJDK 64-Bit Server VM"/>
    <property name="test.build.webapps" value=""/>
    <property name="localRepository" value="/home/user/.m2/repository"/>
    <property name="java.vendor.url.bug" value="http://bugreport.sun.com/bugreport/"/>
    <property name="java.io.tmpdir" value="/tmp"/>
    <property name="require.test.libhadoop" value=""/>
    <property name="java.version" value="1.8.0_232"/>
    <property name="user.dir" value="/github/workspace/mnt/ozone/hadoop-ozone/integration-test"/>
    <property name="os.arch" value="amd64"/>
    <property name="java.vm.specification.name" value="Java Virtual Machine Specification"/>
    <property name="test.build.classes" value="/github/workspace/mnt/ozone/hadoop-ozone/integration-test/target/test-classes"/>
    <property name="java.awt.printerjob" value="sun.print.PSPrinterJob"/>
    <property name="sun.os.patch.level" value="unknown"/>
    <property name="hadoop.tmp.dir" value="/github/workspace/mnt/ozone/hadoop-ozone/integration-test/target/tmp"/>
    <property name="java.library.path" value="/usr/lib:/usr/java/packages/lib/amd64:/usr/lib64:/lib64:/lib:/usr/lib"/>
    <property name="java.vm.info" value="mixed mode"/>
    <property name="java.vendor" value="Oracle Corporation"/>
    <property name="java.vm.version" value="25.232-b09"/>
    <property name="java.ext.dirs" value="/usr/lib/jvm/java-1.8.0-openjdk-1.8.0.232.b09-0.el7_7.x86_64/jre/lib/ext:/usr/java/packages/lib/ext"/>
    <property name="sun.io.unicode.encoding" value="UnicodeLittle"/>
    <property name="java.class.version" value="52.0"/>
  </properties>
  <testcase name="testMultipartUpload" classname="org.apache.hadoop.ozone.om.TestOzoneManagerHAWithData" time="29.958"/>
  <testcase name="testOMRatisSnapshot" classname="org.apache.hadoop.ozone.om.TestOzoneManagerHAWithData" time="24.646"/>
  <testcase name="testFileOperationsWithRecursive" classname="org.apache.hadoop.ozone.om.TestOzoneManagerHAWithData" time="24.481"/>
  <testcase name="testMultipartUploadWithOneOmNodeDown" classname="org.apache.hadoop.ozone.om.TestOzoneManagerHAWithData" time="28.136"/>
  <testcase name="testKeysDelete" classname="org.apache.hadoop.ozone.om.TestOzoneManagerHAWithData" time="24.029"/>
  <testcase name="testAllOMNodesRunning" classname="org.apache.hadoop.ozone.om.TestOzoneManagerHAWithData" time="23.636"/>
  <testcase name="testIncrementalWaitTimeWithSameNodeFailover" classname="org.apache.hadoop.ozone.om.TestOzoneManagerHAWithData" time="27.673"/>
  <testcase name="testListParts" classname="org.apache.hadoop.ozone.om.TestOzoneManagerHAWithData" time="28.091"/>
  <testcase name="testFileOperationsWithNonRecursive" classname="org.apache.hadoop.ozone.om.TestOzoneManagerHAWithData" time="24.122"/>
  <testcase name="testOneOMNodeDown" classname="org.apache.hadoop.ozone.om.TestOzoneManagerHAWithData" time="27.776"/>
  <testcase name="testTwoOMNodesDown" classname="org.apache.hadoop.ozone.om.TestOzoneManagerHAWithData" time="0">
    <skipped message="This test is failing randomly. It will be enabled after fixing it."/>
  </testcase>
  <testcase name="testOMRestart" classname="org.apache.hadoop.ozone.om.TestOzoneManagerHAWithData" time="28.445">
    <failure type="java.lang.AssertionError">java.lang.AssertionError
	at org.junit.Assert.fail(Assert.java:86)
	at org.junit.Assert.assertTrue(Assert.java:41)
	at org.junit.Assert.assertTrue(Assert.java:52)
	at org.apache.hadoop.ozone.om.TestOzoneManagerHAWithData.testOMRestart(TestOzoneManagerHAWithData.java:563)
	at sun.reflect.NativeMethodAccessorImpl.invoke0(Native Method)
	at sun.reflect.NativeMethodAccessorImpl.invoke(NativeMethodAccessorImpl.java:62)
	at sun.reflect.DelegatingMethodAccessorImpl.invoke(DelegatingMethodAccessorImpl.java:43)
	at java.lang.reflect.Method.invoke(Method.java:498)
	at org.junit.runners.model.FrameworkMethod$1.runReflectiveCall(FrameworkMethod.java:47)
	at org.junit.internal.runners.model.ReflectiveCallable.run(ReflectiveCallable.java:12)
	at org.junit.runners.model.FrameworkMethod.invokeExplosively(FrameworkMethod.java:44)
	at org.junit.internal.runners.statements.InvokeMethod.evaluate(InvokeMethod.java:17)
	at org.junit.internal.runners.statements.RunBefores.evaluate(RunBefores.java:26)
	at org.junit.internal.runners.statements.RunAfters.evaluate(RunAfters.java:27)
	at org.junit.rules.ExpectedException$ExpectedExceptionStatement.evaluate(ExpectedException.java:168)
	at org.junit.internal.runners.statements.FailOnTimeout$StatementThread.run(FailOnTimeout.java:74)
</failure>
    <system-out><![CDATA[2021-01-20 18:02:48,786 [Thread-4653] WARN  server.ServerUtils (ServerUtils.java:getScmDbDir(148)) - ozone.scm.db.dirs is not configured. We recommend adding this setting. Falling back to ozone.metadata.dirs instead.
2021-01-20 18:02:48,788 [Thread-4653] WARN  server.ServerUtils (ServerUtils.java:getScmDbDir(148)) - ozone.scm.db.dirs is not configured. We recommend adding this setting. Falling back to ozone.metadata.dirs instead.
2021-01-20 18:02:48,788 [Thread-4653] WARN  db.DBStoreBuilder (DBStoreBuilder.java:applyDBDefinition(145)) - ozone.scm.db.dirs is not configured. We recommend adding this setting. Falling back to ozone.metadata.dirs instead.
2021-01-20 18:02:48,821 [Thread-4653] INFO  net.NodeSchemaLoader (NodeSchemaLoader.java:loadSchemaFromFile(126)) - Loading file from sun.misc.CompoundEnumeration@66acfd3c
2021-01-20 18:02:48,821 [Thread-4653] INFO  net.NodeSchemaLoader (NodeSchemaLoader.java:loadSchema(172)) - Loading network topology layer schema file
2021-01-20 18:02:48,824 [Thread-4653] WARN  server.ServerUtils (ServerUtils.java:sanitizeUserArgs(73)) - ozone.scm.stale.node.interval value = 300000 is larger than max = 100000 based on the key value of ozone.scm.heartbeat.thread.interval, reset to the max value 100000.
2021-01-20 18:02:48,824 [Thread-4653] WARN  server.ServerUtils (ServerUtils.java:sanitizeUserArgs(73)) - ozone.scm.stale.node.interval value = 300000 is larger than max = 100000 based on the key value of ozone.scm.heartbeat.thread.interval, reset to the max value 100000.
2021-01-20 18:02:48,826 [Thread-4653] INFO  node.SCMNodeManager (SCMNodeManager.java:<init>(123)) - Entering startup safe mode.
2021-01-20 18:02:48,826 [Thread-4653] INFO  algorithms.ContainerPlacementPolicyFactory (ContainerPlacementPolicyFactory.java:getPolicy(60)) - Create container placement policy of type org.apache.hadoop.hdds.scm.container.placement.algorithms.SCMContainerPlacementRandom
2021-01-20 18:02:48,827 [Thread-4653] INFO  algorithms.LeaderChoosePolicyFactory (LeaderChoosePolicyFactory.java:getPolicy(57)) - Create leader choose policy of type org.apache.hadoop.hdds.scm.pipeline.leader.choose.algorithms.MinLeaderCountChoosePolicy
2021-01-20 18:02:48,827 [Thread-4653] INFO  pipeline.SCMPipelineManager (SCMPipelineManager.java:initializePipelineState(161)) - No pipeline exists in current db
2021-01-20 18:02:48,827 [Thread-4653] INFO  algorithms.PipelineChoosePolicyFactory (PipelineChoosePolicyFactory.java:createPipelineChoosePolicyFromClass(75)) - Create pipeline choose policy of type org.apache.hadoop.hdds.scm.pipeline.choose.algorithms.RandomPipelineChoosePolicy
2021-01-20 18:02:48,828 [Thread-4653] INFO  safemode.HealthyPipelineSafeModeRule (HealthyPipelineSafeModeRule.java:<init>(89)) - Total pipeline count is 0, healthy pipeline threshold count is 0
2021-01-20 18:02:48,828 [Thread-4653] INFO  safemode.OneReplicaPipelineSafeModeRule (OneReplicaPipelineSafeModeRule.java:<init>(85)) - Total pipeline count is 0, pipeline's with at least one datanode reported threshold count is 0
2021-01-20 18:02:48,829 [Thread-4653] INFO  ipc.CallQueueManager (CallQueueManager.java:<init>(84)) - Using callQueue: class java.util.concurrent.LinkedBlockingQueue, queueCapacity: 2000, scheduler: class org.apache.hadoop.ipc.DefaultRpcScheduler, ipcBackoff: false.
2021-01-20 18:02:48,829 [Socket Reader #1 for port 0] INFO  ipc.Server (Server.java:run(1219)) - Starting Socket Reader #1 for port 0
2021-01-20 18:02:48,830 [Listener at 0.0.0.0/44775] INFO  ipc.CallQueueManager (CallQueueManager.java:<init>(84)) - Using callQueue: class java.util.concurrent.LinkedBlockingQueue, queueCapacity: 2000, scheduler: class org.apache.hadoop.ipc.DefaultRpcScheduler, ipcBackoff: false.
2021-01-20 18:02:48,830 [Socket Reader #1 for port 0] INFO  ipc.Server (Server.java:run(1219)) - Starting Socket Reader #1 for port 0
2021-01-20 18:02:48,831 [Listener at 0.0.0.0/46571] INFO  ipc.CallQueueManager (CallQueueManager.java:<init>(84)) - Using callQueue: class java.util.concurrent.LinkedBlockingQueue, queueCapacity: 2000, scheduler: class org.apache.hadoop.ipc.DefaultRpcScheduler, ipcBackoff: false.
2021-01-20 18:02:48,831 [Socket Reader #1 for port 0] INFO  ipc.Server (Server.java:run(1219)) - Starting Socket Reader #1 for port 0
2021-01-20 18:02:48,836 [Listener at 0.0.0.0/44637] INFO  http.BaseHttpServer (BaseHttpServer.java:newHttpServer2BuilderForOzone(207)) - Starting Web-server for scm at: http://0.0.0.0:0
2021-01-20 18:02:48,836 [Listener at 0.0.0.0/44637] INFO  http.BaseHttpServer (BaseHttpServer.java:<init>(106)) - Hadoop Security Enabled: false Ozone Security Enabled: false Ozone HTTP Security Enabled: false 
2021-01-20 18:02:48,837 [Listener at 0.0.0.0/44637] INFO  server.AuthenticationFilter (AuthenticationFilter.java:constructSecretProvider(240)) - Unable to initialize FileSignerSecretProvider, falling back to use random secrets.
2021-01-20 18:02:48,837 [Listener at 0.0.0.0/44637] WARN  http.HttpRequestLog (HttpRequestLog.java:getRequestLog(103)) - Jetty request log can only be enabled using Log4j
2021-01-20 18:02:48,837 [Listener at 0.0.0.0/44637] INFO  http.HttpServer2 (HttpServer2.java:addGlobalFilter(1020)) - Added global filter 'safety' (class=org.apache.hadoop.hdds.server.http.HttpServer2$QuotingInputFilter)
2021-01-20 18:02:48,838 [Listener at 0.0.0.0/44637] INFO  http.HttpServer2 (HttpServer2.java:addFilter(996)) - Added filter static_user_filter (class=org.apache.hadoop.http.lib.StaticUserWebFilter$StaticUserFilter) to context scm
2021-01-20 18:02:48,838 [Listener at 0.0.0.0/44637] INFO  http.HttpServer2 (HttpServer2.java:addFilter(1004)) - Added filter static_user_filter (class=org.apache.hadoop.http.lib.StaticUserWebFilter$StaticUserFilter) to context static
2021-01-20 18:02:48,838 [Listener at 0.0.0.0/44637] INFO  http.HttpServer2 (HttpServer2.java:addFilter(1004)) - Added filter static_user_filter (class=org.apache.hadoop.http.lib.StaticUserWebFilter$StaticUserFilter) to context logs
2021-01-20 18:02:48,843 [Listener at 0.0.0.0/44637] INFO  server.StorageContainerManager (StorageContainerManager.java:start(789)) - StorageContainerLocationProtocol RPC server is listening at /0.0.0.0:44637
2021-01-20 18:02:48,844 [Listener at 0.0.0.0/44637] WARN  impl.MetricsConfig (MetricsConfig.java:loadFirst(134)) - Cannot locate configuration: tried hadoop-metrics2-storagecontainermanager.properties,hadoop-metrics2.properties
2021-01-20 18:02:48,847 [Listener at 0.0.0.0/44637] INFO  impl.MetricsSystemImpl (MetricsSystemImpl.java:startTimer(374)) - Scheduled Metric snapshot period at 10 second(s).
2021-01-20 18:02:48,847 [Listener at 0.0.0.0/44637] INFO  impl.MetricsSystemImpl (MetricsSystemImpl.java:start(191)) - StorageContainerManager metrics system started
2021-01-20 18:02:48,876 [Listener at 0.0.0.0/44637] WARN  impl.MetricsSystemImpl (MetricsSystemImpl.java:register(276)) - Sink prometheus already exists!
2021-01-20 18:02:48,916 [Listener at 0.0.0.0/44637] INFO  server.SCMClientProtocolServer (SCMClientProtocolServer.java:start(159)) - RPC server for Client  is listening at /0.0.0.0:44637
2021-01-20 18:02:48,916 [IPC Server Responder] INFO  ipc.Server (Server.java:run(1460)) - IPC Server Responder: starting
2021-01-20 18:02:48,921 [IPC Server listener on 0] INFO  ipc.Server (Server.java:run(1298)) - IPC Server listener on 0: starting
2021-01-20 18:02:48,923 [Listener at 0.0.0.0/44637] INFO  server.StorageContainerManager (StorageContainerManager.java:start(801)) - ScmBlockLocationProtocol RPC server is listening at /0.0.0.0:46571
2021-01-20 18:02:48,923 [Listener at 0.0.0.0/44637] INFO  server.SCMBlockProtocolServer (SCMBlockProtocolServer.java:start(150)) - RPC server for Block Protocol is listening at /0.0.0.0:46571
2021-01-20 18:02:48,924 [IPC Server Responder] INFO  ipc.Server (Server.java:run(1460)) - IPC Server Responder: starting
2021-01-20 18:02:48,924 [IPC Server listener on 0] INFO  ipc.Server (Server.java:run(1298)) - IPC Server listener on 0: starting
2021-01-20 18:02:48,929 [Listener at 0.0.0.0/44637] INFO  server.StorageContainerManager (StorageContainerManager.java:start(807)) - ScmDatanodeProtocl RPC server is listening at /0.0.0.0:44775
2021-01-20 18:02:48,929 [Listener at 0.0.0.0/44637] INFO  server.SCMDatanodeProtocolServer (SCMDatanodeProtocolServer.java:start(174)) - RPC server for DataNodes is listening at /0.0.0.0:44775
2021-01-20 18:02:48,929 [IPC Server Responder] INFO  ipc.Server (Server.java:run(1460)) - IPC Server Responder: starting
2021-01-20 18:02:48,929 [IPC Server listener on 0] INFO  ipc.Server (Server.java:run(1298)) - IPC Server listener on 0: starting
2021-01-20 18:02:48,932 [Listener at 0.0.0.0/44637] INFO  http.HttpServer2 (HttpServer2.java:bindListener(1238)) - Jetty bound to port 40991
2021-01-20 18:02:48,933 [Listener at 0.0.0.0/44637] INFO  server.Server (Server.java:doStart(375)) - jetty-9.4.34.v20201102; built: 2020-11-02T14:15:39.302Z; git: e46af88704a893fc12cb0e3bf46e2c7b48a009e7; jvm 1.8.0_232-b09
2021-01-20 18:02:48,935 [Listener at 0.0.0.0/44637] INFO  server.session (DefaultSessionIdManager.java:doStart(334)) - DefaultSessionIdManager workerName=node0
2021-01-20 18:02:48,935 [Listener at 0.0.0.0/44637] INFO  server.session (DefaultSessionIdManager.java:doStart(339)) - No SessionScavenger set, using defaults
2021-01-20 18:02:48,935 [Listener at 0.0.0.0/44637] INFO  server.session (HouseKeeper.java:startScavenging(132)) - node0 Scavenging every 600000ms
2021-01-20 18:02:48,935 [Listener at 0.0.0.0/44637] INFO  handler.ContextHandler (ContextHandler.java:doStart(916)) - Started o.e.j.s.ServletContextHandler@48288c11{logs,/logs,file:///github/workspace/mnt/ozone/hadoop-ozone/integration-test/target/log,AVAILABLE}
2021-01-20 18:02:48,944 [Listener at 0.0.0.0/44637] INFO  handler.ContextHandler (ContextHandler.java:doStart(916)) - Started o.e.j.s.ServletContextHandler@72ca4b42{static,/static,file:///github/workspace/mnt/ozone/hadoop-ozone/integration-test/target/test-classes/webapps/static,AVAILABLE}
2021-01-20 18:02:48,946 [Listener at 0.0.0.0/44637] INFO  handler.ContextHandler (ContextHandler.java:doStart(916)) - Started o.e.j.w.WebAppContext@4bc49574{scm,/,file:///github/workspace/mnt/ozone/hadoop-ozone/integration-test/target/test-classes/webapps/scm/,AVAILABLE}{file:/github/workspace/mnt/ozone/hadoop-ozone/integration-test/target/test-classes/webapps/scm}
2021-01-20 18:02:48,947 [Listener at 0.0.0.0/44637] INFO  server.AbstractConnector (AbstractConnector.java:doStart(331)) - Started ServerConnector@28661032{HTTP/1.1, (http/1.1)}{0.0.0.0:40991}
2021-01-20 18:02:48,947 [Listener at 0.0.0.0/44637] INFO  server.Server (Server.java:doStart(415)) - Started @263502ms
2021-01-20 18:02:48,947 [Listener at 0.0.0.0/44637] WARN  impl.MetricsSystemImpl (MetricsSystemImpl.java:register(276)) - Sink prometheus already exists!
2021-01-20 18:02:48,951 [Listener at 0.0.0.0/44637] INFO  http.BaseHttpServer (BaseHttpServer.java:updateConnectorAddress(327)) - HTTP server of scm listening at http://0.0.0.0:40991
2021-01-20 18:02:48,952 [Listener at 0.0.0.0/44637] WARN  server.ServerUtils (ServerUtils.java:getDBPath(225)) - ozone.om.db.dirs is not configured. We recommend adding this setting. Falling back to ozone.metadata.dirs instead.
2021-01-20 18:02:48,952 [org.apache.hadoop.util.JvmPauseMonitor$Monitor@2ded927] INFO  util.JvmPauseMonitor (JvmPauseMonitor.java:run(188)) - Starting JVM pause monitor
2021-01-20 18:02:48,953 [Listener at 0.0.0.0/44637] INFO  ha.OMHANodeDetails (OMHANodeDetails.java:loadOMHAConfig(110)) - ServiceID for OzoneManager is om-service-test1
2021-01-20 18:02:48,954 [Listener at 0.0.0.0/44637] INFO  ha.OMHANodeDetails (OMHANodeDetails.java:loadOMHAConfig(186)) - Found matching OM address with OMServiceId: om-service-test1, OMNodeId: omNode-1, RPC Address: localhost:12836 and Ratis port: 12840
2021-01-20 18:02:48,954 [Listener at 0.0.0.0/44637] INFO  ha.OMHANodeDetails (OMHANodeDetails.java:setOMNodeSpecificConfigs(318)) - Setting configuration key ozone.om.http-address with value of key ozone.om.http-address.omNode-1: 127.0.0.1:12838
2021-01-20 18:02:48,954 [Listener at 0.0.0.0/44637] INFO  ha.OMHANodeDetails (OMHANodeDetails.java:setOMNodeSpecificConfigs(318)) - Setting configuration key ozone.om.https-address with value of key ozone.om.https-address.omNode-1: 127.0.0.1:12839
2021-01-20 18:02:48,954 [Listener at 0.0.0.0/44637] INFO  ha.OMHANodeDetails (OMHANodeDetails.java:setOMNodeSpecificConfigs(318)) - Setting configuration key ozone.om.address with value of key ozone.om.address.omNode-1: 127.0.0.1:12836
2021-01-20 18:02:48,954 [Listener at 0.0.0.0/44637] WARN  server.ServerUtils (ServerUtils.java:getDBPath(225)) - ozone.om.db.dirs is not configured. We recommend adding this setting. Falling back to ozone.metadata.dirs instead.
2021-01-20 18:02:48,954 [Listener at 0.0.0.0/44637] WARN  server.ServerUtils (ServerUtils.java:getDBPath(225)) - ozone.om.db.dirs is not configured. We recommend adding this setting. Falling back to ozone.metadata.dirs instead.
2021-01-20 18:02:48,965 [Listener at 0.0.0.0/44637] WARN  server.ServerUtils (ServerUtils.java:getDBPath(225)) - ozone.om.db.dirs is not configured. We recommend adding this setting. Falling back to ozone.metadata.dirs instead.
2021-01-20 18:02:48,965 [Listener at 0.0.0.0/44637] INFO  codec.OmKeyInfoCodec (OmKeyInfoCodec.java:<init>(41)) - OmKeyInfoCodec ignorePipeline = true
2021-01-20 18:02:48,965 [Listener at 0.0.0.0/44637] INFO  codec.RepeatedOmKeyInfoCodec (RepeatedOmKeyInfoCodec.java:<init>(40)) - RepeatedOmKeyInfoCodec ignorePipeline = true
2021-01-20 18:02:49,046 [Listener at 0.0.0.0/44637] INFO  om.OzoneManager (OzoneManager.java:addS3GVolumeToDB(3729)) - Created Volume s3v With Owner jenkins1001 required for S3Gateway operations.
2021-01-20 18:02:49,046 [Listener at 0.0.0.0/44637] WARN  server.ServerUtils (ServerUtils.java:getDefaultRatisDirectory(237)) - Storage directory for Ratis is not configured. It is a good idea to map this to an SSD disk. Falling back to ozone.metadata.dirs
2021-01-20 18:02:49,046 [Listener at 0.0.0.0/44637] WARN  ratis.OzoneManagerRatisServer (OzoneManagerRatisServer.java:getOMRatisSnapshotDirectory(638)) - ozone.om.ratis.snapshot.dir is not configured. Falling back to ozone.metadata.dirs config
2021-01-20 18:02:49,046 [Listener at 0.0.0.0/44637] INFO  snapshot.OzoneManagerSnapshotProvider (OzoneManagerSnapshotProvider.java:<init>(77)) - Initializing OM Snapshot Provider
2021-01-20 18:02:49,047 [Listener at 0.0.0.0/44637] WARN  server.ServerUtils (ServerUtils.java:getDefaultRatisDirectory(237)) - Storage directory for Ratis is not configured. It is a good idea to map this to an SSD disk. Falling back to ozone.metadata.dirs
2021-01-20 18:02:49,048 [Listener at 0.0.0.0/44637] INFO  ratis.OzoneManagerRatisServer (OzoneManagerRatisServer.java:<init>(280)) - Instantiating OM Ratis server with GroupID: om-service-test1 and Raft Peers: localhost:12840, localhost:12846, localhost:12852
2021-01-20 18:02:49,048 [Listener at 0.0.0.0/44637] INFO  ratis.OzoneManagerStateMachine (OzoneManagerStateMachine.java:loadSnapshotInfoFromDB(518)) - LastAppliedIndex is set from TransactionInfo from OM DB as (t:0, i:~)
2021-01-20 18:02:49,053 [Listener at 0.0.0.0/44637] INFO  server.RaftServer (ConfUtils.java:logGet(44)) - raft.rpc.type = GRPC (default)
2021-01-20 18:02:49,053 [Listener at 0.0.0.0/44637] INFO  grpc.GrpcFactory (GrpcFactory.java:checkPooledByteBufAllocatorUseCacheForAllThreads(48)) - PERFORMANCE WARNING: useCacheForAllThreads is true that may cause Netty to create a lot garbage objects and, as a result, trigger GC.
	It is recommended to disable useCacheForAllThreads by setting -Dorg.apache.ratis.thirdparty.io.netty.allocator.useCacheForAllThreads=false in command line.
2021-01-20 18:02:49,053 [Listener at 0.0.0.0/44637] INFO  grpc.GrpcConfigKeys (ConfUtils.java:logGet(44)) - raft.grpc.server.port = 12840 (custom)
2021-01-20 18:02:49,053 [Listener at 0.0.0.0/44637] INFO  server.GrpcService (ConfUtils.java:logGet(44)) - raft.grpc.message.size.max = 33554432 (custom)
2021-01-20 18:02:49,053 [Listener at 0.0.0.0/44637] INFO  server.RaftServerConfigKeys (ConfUtils.java:logGet(44)) - raft.server.log.appender.buffer.byte-limit = 33554432 (custom)
2021-01-20 18:02:49,053 [Listener at 0.0.0.0/44637] INFO  server.GrpcService (ConfUtils.java:logGet(44)) - raft.grpc.flow.control.window = 1MB (=1048576) (default)
2021-01-20 18:02:49,053 [Listener at 0.0.0.0/44637] INFO  server.RaftServerConfigKeys (ConfUtils.java:logGet(44)) - raft.server.rpc.request.timeout = 3000ms (default)
2021-01-20 18:02:49,054 [Listener at 0.0.0.0/44637] INFO  impl.DataStreamServerImpl (ConfUtils.java:logGet(44)) - raft.datastream.type = DISABLED (default)
2021-01-20 18:02:49,055 [Listener at 0.0.0.0/44637] INFO  server.RaftServerConfigKeys (ConfUtils.java:logGet(44)) - raft.server.rpc.slowness.timeout = 2s (custom)
2021-01-20 18:02:49,055 [Listener at 0.0.0.0/44637] INFO  server.RaftServerConfigKeys (ConfUtils.java:logGet(44)) - raft.server.leaderelection.leader.step-down.wait-time = 10s (default)
2021-01-20 18:02:49,055 [Listener at 0.0.0.0/44637] INFO  server.RaftServerConfigKeys (ConfUtils.java:logGet(44)) - raft.server.storage.dir = [/github/workspace/mnt/ozone/hadoop-ozone/integration-test/target/test-dir/MiniOzoneClusterImpl-618ecdb8-9cea-428a-88e6-93619fe638f4/omNode-1/ratis] (custom)
2021-01-20 18:02:49,055 [Listener at 0.0.0.0/44637] INFO  server.RaftServer (RaftServerProxy.java:addNew(95)) - omNode-1: addNew group-523986131536:[omNode-3|rpc:localhost:12852|priority:0, omNode-1|rpc:localhost:12840|priority:0, omNode-2|rpc:localhost:12846|priority:0] returns group-523986131536:java.util.concurrent.CompletableFuture@35999b88[Not completed]
2021-01-20 18:02:49,055 [Listener at 0.0.0.0/44637] INFO  om.OzoneManager (OzoneManager.java:initializeRatisServer(1323)) - OzoneManager Ratis server initialized at port 12840
2021-01-20 18:02:49,056 [Listener at 0.0.0.0/44637] INFO  ipc.CallQueueManager (CallQueueManager.java:<init>(84)) - Using callQueue: class java.util.concurrent.LinkedBlockingQueue, queueCapacity: 2000, scheduler: class org.apache.hadoop.ipc.DefaultRpcScheduler, ipcBackoff: false.
2021-01-20 18:02:49,057 [pool-1177-thread-1] INFO  server.RaftServer$Division (RaftServerImpl.java:<init>(179)) - omNode-1: new RaftServerImpl for group-523986131536:[omNode-3|rpc:localhost:12852|priority:0, omNode-1|rpc:localhost:12840|priority:0, omNode-2|rpc:localhost:12846|priority:0] with OzoneManagerStateMachine:uninitialized
2021-01-20 18:02:49,057 [pool-1177-thread-1] INFO  server.RaftServerConfigKeys (ConfUtils.java:logGet(44)) - raft.server.rpc.timeout.min = 1s (custom)
2021-01-20 18:02:49,057 [pool-1177-thread-1] INFO  server.RaftServerConfigKeys (ConfUtils.java:logGet(44)) - raft.server.rpc.timeout.max = 1200ms (custom)
2021-01-20 18:02:49,057 [pool-1177-thread-1] INFO  server.RaftServerConfigKeys (ConfUtils.java:logGet(44)) - raft.server.rpc.sleep.time = 25ms (default)
2021-01-20 18:02:49,057 [pool-1177-thread-1] INFO  server.RaftServerConfigKeys (ConfUtils.java:logGet(44)) - raft.server.rpc.slowness.timeout = 2s (custom)
2021-01-20 18:02:49,057 [pool-1177-thread-1] INFO  server.RaftServerConfigKeys (ConfUtils.java:logGet(44)) - raft.server.leaderelection.leader.step-down.wait-time = 10s (default)
2021-01-20 18:02:49,057 [pool-1177-thread-1] INFO  server.RaftServerConfigKeys (ConfUtils.java:logGet(44)) - raft.server.sleep.deviation.threshold = 300ms (default)
2021-01-20 18:02:49,057 [pool-1177-thread-1] INFO  server.RaftServerConfigKeys (ConfUtils.java:logGet(44)) - raft.server.log.appender.install.snapshot.enabled = false (custom)
2021-01-20 18:02:49,057 [pool-1177-thread-1] INFO  server.RaftServer$Division (ServerState.java:<init>(103)) - omNode-1@group-523986131536: ConfigurationManager, init=-1: [omNode-3|rpc:localhost:12852|priority:0, omNode-1|rpc:localhost:12840|priority:0, omNode-2|rpc:localhost:12846|priority:0], old=null, confs=<EMPTY_MAP>
2021-01-20 18:02:49,057 [pool-1177-thread-1] INFO  server.RaftServerConfigKeys (ConfUtils.java:logGet(44)) - raft.server.storage.dir = [/github/workspace/mnt/ozone/hadoop-ozone/integration-test/target/test-dir/MiniOzoneClusterImpl-618ecdb8-9cea-428a-88e6-93619fe638f4/omNode-1/ratis] (custom)
2021-01-20 18:02:49,057 [pool-1177-thread-1] INFO  server.RaftServerConfigKeys (ConfUtils.java:logGet(44)) - raft.server.log.corruption.policy = EXCEPTION (default)
2021-01-20 18:02:49,058 [pool-1177-thread-1] INFO  storage.RaftStorageDirectory (RaftStorageDirectoryImpl.java:analyzeStorage(132)) - The storage directory /github/workspace/mnt/ozone/hadoop-ozone/integration-test/target/test-dir/MiniOzoneClusterImpl-618ecdb8-9cea-428a-88e6-93619fe638f4/omNode-1/ratis/c9bc4cf4-3bc3-3c60-a66b-523986131536 does not exist. Creating ...
2021-01-20 18:02:49,058 [Socket Reader #1 for port 12836] INFO  ipc.Server (Server.java:run(1219)) - Starting Socket Reader #1 for port 12836
2021-01-20 18:02:49,075 [pool-1177-thread-1] INFO  storage.RaftStorageDirectory (RaftStorageDirectoryImpl.java:tryLock(215)) - Lock on /github/workspace/mnt/ozone/hadoop-ozone/integration-test/target/test-dir/MiniOzoneClusterImpl-618ecdb8-9cea-428a-88e6-93619fe638f4/omNode-1/ratis/c9bc4cf4-3bc3-3c60-a66b-523986131536/in_use.lock acquired by nodename 7143@86d28932dd69
2021-01-20 18:02:49,077 [pool-1177-thread-1] INFO  storage.RaftStorage (RaftStorageImpl.java:format(87)) - Storage directory /github/workspace/mnt/ozone/hadoop-ozone/integration-test/target/test-dir/MiniOzoneClusterImpl-618ecdb8-9cea-428a-88e6-93619fe638f4/omNode-1/ratis/c9bc4cf4-3bc3-3c60-a66b-523986131536 has been successfully formatted.
2021-01-20 18:02:49,077 [pool-1177-thread-1] ERROR storage.RaftStorage (RaftStorageImpl.java:readRaftConfiguration(147)) - Failed reading configuration from file:/github/workspace/mnt/ozone/hadoop-ozone/integration-test/target/test-dir/MiniOzoneClusterImpl-618ecdb8-9cea-428a-88e6-93619fe638f4/omNode-1/ratis/c9bc4cf4-3bc3-3c60-a66b-523986131536/current/raft-meta.conf
java.io.FileNotFoundException: /github/workspace/mnt/ozone/hadoop-ozone/integration-test/target/test-dir/MiniOzoneClusterImpl-618ecdb8-9cea-428a-88e6-93619fe638f4/omNode-1/ratis/c9bc4cf4-3bc3-3c60-a66b-523986131536/current/raft-meta.conf (No such file or directory)
	at java.io.FileInputStream.open0(Native Method)
	at java.io.FileInputStream.open(FileInputStream.java:195)
	at java.io.FileInputStream.<init>(FileInputStream.java:138)
	at org.apache.ratis.server.storage.RaftStorageImpl.readRaftConfiguration(RaftStorageImpl.java:143)
	at org.apache.ratis.server.impl.ServerState.<init>(ServerState.java:113)
	at org.apache.ratis.server.impl.RaftServerImpl.<init>(RaftServerImpl.java:192)
	at org.apache.ratis.server.impl.RaftServerProxy.lambda$newRaftServerImpl$4(RaftServerProxy.java:266)
	at java.util.concurrent.CompletableFuture$AsyncSupply.run(CompletableFuture.java:1604)
	at java.util.concurrent.ThreadPoolExecutor.runWorker(ThreadPoolExecutor.java:1149)
	at java.util.concurrent.ThreadPoolExecutor$Worker.run(ThreadPoolExecutor.java:624)
	at java.lang.Thread.run(Thread.java:748)
2021-01-20 18:02:49,077 [pool-1177-thread-1] INFO  server.RaftServerConfigKeys (ConfUtils.java:logGet(44)) - raft.server.notification.no-leader.timeout = 2s (custom)
2021-01-20 18:02:49,077 [pool-1177-thread-1] INFO  server.RaftServerConfigKeys (ConfUtils.java:logGet(44)) - raft.server.log.use.memory = false (default)
2021-01-20 18:02:49,077 [pool-1177-thread-1] INFO  server.RaftServerConfigKeys (ConfUtils.java:logGet(44)) - raft.server.log.purge.gap = 50 (custom)
2021-01-20 18:02:49,077 [pool-1177-thread-1] INFO  server.RaftServerConfigKeys (ConfUtils.java:logGet(44)) - raft.server.log.appender.buffer.byte-limit = 33554432 (custom)
2021-01-20 18:02:49,077 [pool-1177-thread-1] INFO  metrics.RatisMetrics (RatisMetrics.java:lambda$create$0(36)) - Creating Metrics Registry : ratis.log_worker.omNode-1@group-523986131536
2021-01-20 18:02:49,078 [pool-1177-thread-1] INFO  server.RaftServerConfigKeys (ConfUtils.java:logGet(44)) - raft.server.log.segment.size.max = 4194304 (custom)
2021-01-20 18:02:49,079 [pool-1177-thread-1] INFO  server.RaftServerConfigKeys (ConfUtils.java:logGet(44)) - raft.server.log.segment.cache.num.max = 2 (custom)
2021-01-20 18:02:49,079 [pool-1177-thread-1] INFO  server.RaftServerConfigKeys (ConfUtils.java:logGet(44)) - raft.server.log.segment.cache.size.max = 200MB (=209715200) (default)
2021-01-20 18:02:49,079 [pool-1177-thread-1] INFO  segmented.SegmentedRaftLogWorker (SegmentedRaftLogWorker.java:<init>(181)) - new omNode-1@group-523986131536-SegmentedRaftLogWorker for RaftStorageImpl:Storage Directory /github/workspace/mnt/ozone/hadoop-ozone/integration-test/target/test-dir/MiniOzoneClusterImpl-618ecdb8-9cea-428a-88e6-93619fe638f4/omNode-1/ratis/c9bc4cf4-3bc3-3c60-a66b-523986131536
2021-01-20 18:02:49,079 [pool-1177-thread-1] INFO  server.RaftServerConfigKeys (ConfUtils.java:logGet(44)) - raft.server.log.queue.byte-limit = 64MB (=67108864) (default)
2021-01-20 18:02:49,079 [pool-1177-thread-1] INFO  server.RaftServerConfigKeys (ConfUtils.java:logGet(44)) - raft.server.log.queue.element-limit = 4096 (default)
2021-01-20 18:02:49,079 [pool-1177-thread-1] INFO  server.RaftServerConfigKeys (ConfUtils.java:logGet(44)) - raft.server.log.segment.size.max = 4194304 (custom)
2021-01-20 18:02:49,079 [pool-1177-thread-1] INFO  server.RaftServerConfigKeys (ConfUtils.java:logGet(44)) - raft.server.log.preallocated.size = 4194304 (custom)
2021-01-20 18:02:49,079 [pool-1177-thread-1] INFO  server.RaftServerConfigKeys (ConfUtils.java:logGet(44)) - raft.server.log.force.sync.num = 128 (default)
2021-01-20 18:02:49,079 [pool-1177-thread-1] INFO  server.RaftServerConfigKeys (ConfUtils.java:logGet(44)) - raft.server.log.statemachine.data.sync = true (default)
2021-01-20 18:02:49,079 [pool-1177-thread-1] INFO  server.RaftServerConfigKeys (ConfUtils.java:logGet(44)) - raft.server.log.statemachine.data.sync.timeout = 10s (default)
2021-01-20 18:02:49,079 [pool-1177-thread-1] INFO  server.RaftServerConfigKeys (ConfUtils.java:logGet(44)) - raft.server.log.statemachine.data.sync.timeout.retry = -1 (default)
2021-01-20 18:02:49,082 [pool-1177-thread-1] INFO  server.RaftServerConfigKeys (ConfUtils.java:logGet(44)) - raft.server.log.write.buffer.size = 64KB (=65536) (default)
2021-01-20 18:02:49,082 [pool-1177-thread-1] INFO  server.RaftServerConfigKeys (ConfUtils.java:logGet(44)) - raft.server.log.statemachine.data.caching.enabled = false (default)
2021-01-20 18:02:49,082 [pool-1177-thread-1] INFO  segmented.SegmentedRaftLogWorker (SegmentedRaftLogWorker.java:lambda$new$0(132)) - omNode-1@group-523986131536-SegmentedRaftLogWorker: flushIndex: setUnconditionally 0 -> -1
2021-01-20 18:02:49,082 [pool-1177-thread-1] INFO  segmented.SegmentedRaftLogWorker (SegmentedRaftLogWorker.java:lambda$new$0(132)) - omNode-1@group-523986131536-SegmentedRaftLogWorker: safeCacheEvictIndex: setUnconditionally 0 -> -1
2021-01-20 18:02:49,082 [pool-1177-thread-1] INFO  server.RaftServerConfigKeys (ConfUtils.java:logGet(44)) - raft.server.snapshot.auto.trigger.enabled = true (custom)
2021-01-20 18:02:49,082 [pool-1177-thread-1] INFO  server.RaftServerConfigKeys (ConfUtils.java:logGet(44)) - raft.server.snapshot.auto.trigger.threshold = 50 (custom)
2021-01-20 18:02:49,082 [pool-1177-thread-1] INFO  server.RaftServerConfigKeys (ConfUtils.java:logGet(44)) - raft.server.snapshot.retention.file.num = -1 (default)
2021-01-20 18:02:49,082 [pool-1177-thread-1] INFO  server.RaftServerConfigKeys (ConfUtils.java:logGet(44)) - raft.server.log.purge.upto.snapshot.index = true (custom)
2021-01-20 18:02:49,082 [pool-1177-thread-1] INFO  server.RaftServerConfigKeys (ConfUtils.java:logGet(44)) - raft.server.retrycache.expirytime = 30000ms (custom)
2021-01-20 18:02:49,082 [pool-1177-thread-1] INFO  server.RaftServerConfigKeys (ConfUtils.java:logGet(44)) - raft.server.retrycache.statistics.expirytime = 100?s (default)
2021-01-20 18:02:49,083 [pool-1177-thread-1] INFO  metrics.RatisMetrics (RatisMetrics.java:lambda$create$0(36)) - Creating Metrics Registry : ratis.leader_election.omNode-1@group-523986131536
2021-01-20 18:02:49,084 [pool-1177-thread-1] INFO  metrics.RatisMetrics (RatisMetrics.java:lambda$create$0(36)) - Creating Metrics Registry : ratis.server.omNode-1@group-523986131536
2021-01-20 18:02:49,087 [Listener at 127.0.0.1/12836] INFO  impl.MetricsSystemImpl (MetricsSystemImpl.java:init(158)) - OzoneManager metrics system started (again)
2021-01-20 18:02:49,088 [Listener at 127.0.0.1/12836] INFO  om.OzoneManager (OzoneManager.java:start(1151)) - OzoneManager RPC server is listening at localhost/127.0.0.1:12836
2021-01-20 18:02:49,088 [Listener at 127.0.0.1/12836] INFO  ratis.OzoneManagerRatisServer (OzoneManagerRatisServer.java:start(377)) - Starting OzoneManagerRatisServer omNode-1 at port 12840
2021-01-20 18:02:49,088 [Listener at 127.0.0.1/12836] INFO  server.RaftServer$Division (RaftServerImpl.java:start(294)) - omNode-1@group-523986131536: start as a follower, conf=-1: [omNode-3|rpc:localhost:12852|priority:0, omNode-1|rpc:localhost:12840|priority:0, omNode-2|rpc:localhost:12846|priority:0], old=null
2021-01-20 18:02:49,089 [Listener at 127.0.0.1/12836] INFO  server.RaftServer$Division (RaftServerImpl.java:setRole(283)) - omNode-1@group-523986131536: changes role from      null to FOLLOWER at term 0 for startAsFollower
2021-01-20 18:02:49,089 [Listener at 127.0.0.1/12836] INFO  impl.RoleInfo (RoleInfo.java:updateAndGet(130)) - omNode-1: start omNode-1@group-523986131536-FollowerState
2021-01-20 18:02:49,089 [Listener at 127.0.0.1/12836] INFO  util.JmxRegister (JmxRegister.java:tryRegister(44)) - Successfully registered JMX Bean with object name Ratis:service=RaftServer,group=group-523986131536,id=omNode-1
2021-01-20 18:02:49,089 [Listener at 127.0.0.1/12836] INFO  metrics.RatisMetrics (RatisMetrics.java:lambda$create$0(36)) - Creating Metrics Registry : ratis.state_machine.omNode-1@group-523986131536
2021-01-20 18:02:49,091 [Listener at 127.0.0.1/12836] INFO  server.RaftServer (RaftServerProxy.java:lambda$start$5(372)) - omNode-1: start RPC server
2021-01-20 18:02:49,092 [Listener at 127.0.0.1/12836] INFO  server.GrpcService (GrpcService.java:startImpl(176)) - omNode-1: GrpcService started, listening on 0.0.0.0/0.0.0.0:12840
2021-01-20 18:02:49,094 [org.apache.ratis.util.JvmPauseMonitor$$Lambda$305/2072734511@406d7719] INFO  util.JvmPauseMonitor (JvmPauseMonitor.java:run(103)) - JvmPauseMonitor-omNode-1: Started
2021-01-20 18:02:49,098 [Listener at 127.0.0.1/12836] INFO  http.BaseHttpServer (BaseHttpServer.java:newHttpServer2BuilderForOzone(207)) - Starting Web-server for ozoneManager at: http://0.0.0.0:12838
2021-01-20 18:02:49,098 [Listener at 127.0.0.1/12836] INFO  http.BaseHttpServer (BaseHttpServer.java:<init>(106)) - Hadoop Security Enabled: false Ozone Security Enabled: false Ozone HTTP Security Enabled: false 
2021-01-20 18:02:49,099 [Listener at 127.0.0.1/12836] INFO  server.AuthenticationFilter (AuthenticationFilter.java:constructSecretProvider(240)) - Unable to initialize FileSignerSecretProvider, falling back to use random secrets.
2021-01-20 18:02:49,099 [Listener at 127.0.0.1/12836] WARN  http.HttpRequestLog (HttpRequestLog.java:getRequestLog(103)) - Jetty request log can only be enabled using Log4j
2021-01-20 18:02:49,100 [Listener at 127.0.0.1/12836] INFO  http.HttpServer2 (HttpServer2.java:addGlobalFilter(1020)) - Added global filter 'safety' (class=org.apache.hadoop.hdds.server.http.HttpServer2$QuotingInputFilter)
2021-01-20 18:02:49,100 [Listener at 127.0.0.1/12836] INFO  http.HttpServer2 (HttpServer2.java:addFilter(996)) - Added filter static_user_filter (class=org.apache.hadoop.http.lib.StaticUserWebFilter$StaticUserFilter) to context ozoneManager
2021-01-20 18:02:49,100 [Listener at 127.0.0.1/12836] INFO  http.HttpServer2 (HttpServer2.java:addFilter(1004)) - Added filter static_user_filter (class=org.apache.hadoop.http.lib.StaticUserWebFilter$StaticUserFilter) to context static
2021-01-20 18:02:49,100 [Listener at 127.0.0.1/12836] INFO  http.HttpServer2 (HttpServer2.java:addFilter(1004)) - Added filter static_user_filter (class=org.apache.hadoop.http.lib.StaticUserWebFilter$StaticUserFilter) to context logs
2021-01-20 18:02:49,101 [Listener at 127.0.0.1/12836] INFO  http.HttpServer2 (HttpServer2.java:bindListener(1238)) - Jetty bound to port 12838
2021-01-20 18:02:49,101 [Listener at 127.0.0.1/12836] INFO  server.Server (Server.java:doStart(375)) - jetty-9.4.34.v20201102; built: 2020-11-02T14:15:39.302Z; git: e46af88704a893fc12cb0e3bf46e2c7b48a009e7; jvm 1.8.0_232-b09
2021-01-20 18:02:49,102 [Listener at 127.0.0.1/12836] INFO  server.session (DefaultSessionIdManager.java:doStart(334)) - DefaultSessionIdManager workerName=node0
2021-01-20 18:02:49,102 [Listener at 127.0.0.1/12836] INFO  server.session (DefaultSessionIdManager.java:doStart(339)) - No SessionScavenger set, using defaults
2021-01-20 18:02:49,102 [Listener at 127.0.0.1/12836] INFO  server.session (HouseKeeper.java:startScavenging(132)) - node0 Scavenging every 660000ms
2021-01-20 18:02:49,104 [Listener at 127.0.0.1/12836] INFO  handler.ContextHandler (ContextHandler.java:doStart(916)) - Started o.e.j.s.ServletContextHandler@bf20dc9{logs,/logs,file:///github/workspace/mnt/ozone/hadoop-ozone/integration-test/target/log,AVAILABLE}
2021-01-20 18:02:49,104 [Listener at 127.0.0.1/12836] INFO  handler.ContextHandler (ContextHandler.java:doStart(916)) - Started o.e.j.s.ServletContextHandler@53ef12c5{static,/static,file:///github/workspace/mnt/ozone/hadoop-ozone/integration-test/target/test-classes/webapps/static,AVAILABLE}
2021-01-20 18:02:49,106 [Listener at 127.0.0.1/12836] INFO  handler.ContextHandler (ContextHandler.java:doStart(916)) - Started o.e.j.w.WebAppContext@50127549{ozoneManager,/,file:///github/workspace/mnt/ozone/hadoop-ozone/integration-test/target/test-classes/webapps/ozoneManager/,AVAILABLE}{file:/github/workspace/mnt/ozone/hadoop-ozone/integration-test/target/test-classes/webapps/ozoneManager}
2021-01-20 18:02:49,112 [Listener at 127.0.0.1/12836] INFO  server.AbstractConnector (AbstractConnector.java:doStart(331)) - Started ServerConnector@69d332ef{HTTP/1.1, (http/1.1)}{0.0.0.0:12838}
2021-01-20 18:02:49,112 [Listener at 127.0.0.1/12836] INFO  server.Server (Server.java:doStart(415)) - Started @263667ms
2021-01-20 18:02:49,112 [Listener at 127.0.0.1/12836] WARN  impl.MetricsSystemImpl (MetricsSystemImpl.java:register(276)) - Sink prometheus already exists!
2021-01-20 18:02:49,116 [Listener at 127.0.0.1/12836] INFO  http.BaseHttpServer (BaseHttpServer.java:updateConnectorAddress(327)) - HTTP server of ozoneManager listening at http://0.0.0.0:12838
2021-01-20 18:02:49,117 [IPC Server Responder] INFO  ipc.Server (Server.java:run(1460)) - IPC Server Responder: starting
2021-01-20 18:02:49,117 [IPC Server listener on 12836] INFO  ipc.Server (Server.java:run(1298)) - IPC Server listener on 12836: starting
2021-01-20 18:02:49,120 [Listener at 127.0.0.1/12836] INFO  om.OzoneManager (OzoneManager.java:startTrashEmptier(1272)) - Trash Interval set to 0. Files deleted will not move to trash
2021-01-20 18:02:49,120 [Listener at 127.0.0.1/12836] INFO  ozone.MiniOzoneHAClusterImpl (MiniOzoneHAClusterImpl.java:createOMService(380)) - Started OzoneManager RPC server at localhost/127.0.0.1:12836
2021-01-20 18:02:49,120 [Listener at 127.0.0.1/12836] WARN  server.ServerUtils (ServerUtils.java:getDBPath(225)) - ozone.om.db.dirs is not configured. We recommend adding this setting. Falling back to ozone.metadata.dirs instead.
2021-01-20 18:02:49,128 [Listener at 127.0.0.1/12836] INFO  ha.OMHANodeDetails (OMHANodeDetails.java:loadOMHAConfig(110)) - ServiceID for OzoneManager is om-service-test1
2021-01-20 18:02:49,129 [Listener at 127.0.0.1/12836] INFO  ha.OMHANodeDetails (OMHANodeDetails.java:loadOMHAConfig(186)) - Found matching OM address with OMServiceId: om-service-test1, OMNodeId: omNode-2, RPC Address: localhost:12842 and Ratis port: 12846
2021-01-20 18:02:49,129 [Listener at 127.0.0.1/12836] INFO  ha.OMHANodeDetails (OMHANodeDetails.java:setOMNodeSpecificConfigs(318)) - Setting configuration key ozone.om.http-address with value of key ozone.om.http-address.omNode-2: 127.0.0.1:12844
2021-01-20 18:02:49,129 [Listener at 127.0.0.1/12836] INFO  ha.OMHANodeDetails (OMHANodeDetails.java:setOMNodeSpecificConfigs(318)) - Setting configuration key ozone.om.https-address with value of key ozone.om.https-address.omNode-2: 127.0.0.1:12845
2021-01-20 18:02:49,129 [Listener at 127.0.0.1/12836] INFO  ha.OMHANodeDetails (OMHANodeDetails.java:setOMNodeSpecificConfigs(318)) - Setting configuration key ozone.om.address with value of key ozone.om.address.omNode-2: 127.0.0.1:12842
2021-01-20 18:02:49,129 [Listener at 127.0.0.1/12836] WARN  server.ServerUtils (ServerUtils.java:getDBPath(225)) - ozone.om.db.dirs is not configured. We recommend adding this setting. Falling back to ozone.metadata.dirs instead.
2021-01-20 18:02:49,130 [Listener at 127.0.0.1/12836] WARN  server.ServerUtils (ServerUtils.java:getDBPath(225)) - ozone.om.db.dirs is not configured. We recommend adding this setting. Falling back to ozone.metadata.dirs instead.
2021-01-20 18:02:49,131 [org.apache.hadoop.util.JvmPauseMonitor$Monitor@48ddb82d] INFO  util.JvmPauseMonitor (JvmPauseMonitor.java:run(188)) - Starting JVM pause monitor
2021-01-20 18:02:49,133 [Listener at 127.0.0.1/12836] WARN  server.ServerUtils (ServerUtils.java:getDBPath(225)) - ozone.om.db.dirs is not configured. We recommend adding this setting. Falling back to ozone.metadata.dirs instead.
2021-01-20 18:02:49,135 [Listener at 127.0.0.1/12836] INFO  codec.OmKeyInfoCodec (OmKeyInfoCodec.java:<init>(41)) - OmKeyInfoCodec ignorePipeline = true
2021-01-20 18:02:49,135 [Listener at 127.0.0.1/12836] INFO  codec.RepeatedOmKeyInfoCodec (RepeatedOmKeyInfoCodec.java:<init>(40)) - RepeatedOmKeyInfoCodec ignorePipeline = true
2021-01-20 18:02:49,197 [Listener at 127.0.0.1/12836] INFO  om.OzoneManager (OzoneManager.java:addS3GVolumeToDB(3729)) - Created Volume s3v With Owner jenkins1001 required for S3Gateway operations.
2021-01-20 18:02:49,197 [Listener at 127.0.0.1/12836] WARN  server.ServerUtils (ServerUtils.java:getDefaultRatisDirectory(237)) - Storage directory for Ratis is not configured. It is a good idea to map this to an SSD disk. Falling back to ozone.metadata.dirs
2021-01-20 18:02:49,197 [Listener at 127.0.0.1/12836] WARN  ratis.OzoneManagerRatisServer (OzoneManagerRatisServer.java:getOMRatisSnapshotDirectory(638)) - ozone.om.ratis.snapshot.dir is not configured. Falling back to ozone.metadata.dirs config
2021-01-20 18:02:49,197 [Listener at 127.0.0.1/12836] INFO  snapshot.OzoneManagerSnapshotProvider (OzoneManagerSnapshotProvider.java:<init>(77)) - Initializing OM Snapshot Provider
2021-01-20 18:02:49,198 [Listener at 127.0.0.1/12836] WARN  server.ServerUtils (ServerUtils.java:getDefaultRatisDirectory(237)) - Storage directory for Ratis is not configured. It is a good idea to map this to an SSD disk. Falling back to ozone.metadata.dirs
2021-01-20 18:02:49,199 [Listener at 127.0.0.1/12836] INFO  ratis.OzoneManagerRatisServer (OzoneManagerRatisServer.java:<init>(280)) - Instantiating OM Ratis server with GroupID: om-service-test1 and Raft Peers: localhost:12846, localhost:12840, localhost:12852
2021-01-20 18:02:49,199 [Listener at 127.0.0.1/12836] INFO  ratis.OzoneManagerStateMachine (OzoneManagerStateMachine.java:loadSnapshotInfoFromDB(518)) - LastAppliedIndex is set from TransactionInfo from OM DB as (t:0, i:~)
2021-01-20 18:02:49,199 [Listener at 127.0.0.1/12836] INFO  server.RaftServer (ConfUtils.java:logGet(44)) - raft.rpc.type = GRPC (default)
2021-01-20 18:02:49,199 [Listener at 127.0.0.1/12836] INFO  grpc.GrpcFactory (GrpcFactory.java:checkPooledByteBufAllocatorUseCacheForAllThreads(48)) - PERFORMANCE WARNING: useCacheForAllThreads is true that may cause Netty to create a lot garbage objects and, as a result, trigger GC.
	It is recommended to disable useCacheForAllThreads by setting -Dorg.apache.ratis.thirdparty.io.netty.allocator.useCacheForAllThreads=false in command line.
2021-01-20 18:02:49,200 [Listener at 127.0.0.1/12836] INFO  grpc.GrpcConfigKeys (ConfUtils.java:logGet(44)) - raft.grpc.server.port = 12846 (custom)
2021-01-20 18:02:49,200 [Listener at 127.0.0.1/12836] INFO  server.GrpcService (ConfUtils.java:logGet(44)) - raft.grpc.message.size.max = 33554432 (custom)
2021-01-20 18:02:49,200 [Listener at 127.0.0.1/12836] INFO  server.RaftServerConfigKeys (ConfUtils.java:logGet(44)) - raft.server.log.appender.buffer.byte-limit = 33554432 (custom)
2021-01-20 18:02:49,200 [Listener at 127.0.0.1/12836] INFO  server.GrpcService (ConfUtils.java:logGet(44)) - raft.grpc.flow.control.window = 1MB (=1048576) (default)
2021-01-20 18:02:49,200 [Listener at 127.0.0.1/12836] INFO  server.RaftServerConfigKeys (ConfUtils.java:logGet(44)) - raft.server.rpc.request.timeout = 3000ms (default)
2021-01-20 18:02:49,201 [Listener at 127.0.0.1/12836] INFO  impl.DataStreamServerImpl (ConfUtils.java:logGet(44)) - raft.datastream.type = DISABLED (default)
2021-01-20 18:02:49,201 [Listener at 127.0.0.1/12836] INFO  server.RaftServerConfigKeys (ConfUtils.java:logGet(44)) - raft.server.rpc.slowness.timeout = 2s (custom)
2021-01-20 18:02:49,201 [Listener at 127.0.0.1/12836] INFO  server.RaftServerConfigKeys (ConfUtils.java:logGet(44)) - raft.server.leaderelection.leader.step-down.wait-time = 10s (default)
2021-01-20 18:02:49,201 [Listener at 127.0.0.1/12836] INFO  server.RaftServerConfigKeys (ConfUtils.java:logGet(44)) - raft.server.storage.dir = [/github/workspace/mnt/ozone/hadoop-ozone/integration-test/target/test-dir/MiniOzoneClusterImpl-618ecdb8-9cea-428a-88e6-93619fe638f4/omNode-2/ratis] (custom)
2021-01-20 18:02:49,204 [Listener at 127.0.0.1/12836] INFO  server.RaftServer (RaftServerProxy.java:addNew(95)) - omNode-2: addNew group-523986131536:[omNode-3|rpc:localhost:12852|priority:0, omNode-1|rpc:localhost:12840|priority:0, omNode-2|rpc:localhost:12846|priority:0] returns group-523986131536:java.util.concurrent.CompletableFuture@2e8b3908[Not completed]
2021-01-20 18:02:49,204 [Listener at 127.0.0.1/12836] INFO  om.OzoneManager (OzoneManager.java:initializeRatisServer(1323)) - OzoneManager Ratis server initialized at port 12846
2021-01-20 18:02:49,204 [Listener at 127.0.0.1/12836] INFO  ipc.CallQueueManager (CallQueueManager.java:<init>(84)) - Using callQueue: class java.util.concurrent.LinkedBlockingQueue, queueCapacity: 2000, scheduler: class org.apache.hadoop.ipc.DefaultRpcScheduler, ipcBackoff: false.
2021-01-20 18:02:49,205 [pool-1192-thread-1] INFO  server.RaftServer$Division (RaftServerImpl.java:<init>(179)) - omNode-2: new RaftServerImpl for group-523986131536:[omNode-3|rpc:localhost:12852|priority:0, omNode-1|rpc:localhost:12840|priority:0, omNode-2|rpc:localhost:12846|priority:0] with OzoneManagerStateMachine:uninitialized
2021-01-20 18:02:49,205 [pool-1192-thread-1] INFO  server.RaftServerConfigKeys (ConfUtils.java:logGet(44)) - raft.server.rpc.timeout.min = 1s (custom)
2021-01-20 18:02:49,205 [pool-1192-thread-1] INFO  server.RaftServerConfigKeys (ConfUtils.java:logGet(44)) - raft.server.rpc.timeout.max = 1200ms (custom)
2021-01-20 18:02:49,205 [pool-1192-thread-1] INFO  server.RaftServerConfigKeys (ConfUtils.java:logGet(44)) - raft.server.rpc.sleep.time = 25ms (default)
2021-01-20 18:02:49,205 [pool-1192-thread-1] INFO  server.RaftServerConfigKeys (ConfUtils.java:logGet(44)) - raft.server.rpc.slowness.timeout = 2s (custom)
2021-01-20 18:02:49,205 [pool-1192-thread-1] INFO  server.RaftServerConfigKeys (ConfUtils.java:logGet(44)) - raft.server.leaderelection.leader.step-down.wait-time = 10s (default)
2021-01-20 18:02:49,205 [pool-1192-thread-1] INFO  server.RaftServerConfigKeys (ConfUtils.java:logGet(44)) - raft.server.sleep.deviation.threshold = 300ms (default)
2021-01-20 18:02:49,205 [pool-1192-thread-1] INFO  server.RaftServerConfigKeys (ConfUtils.java:logGet(44)) - raft.server.log.appender.install.snapshot.enabled = false (custom)
2021-01-20 18:02:49,205 [pool-1192-thread-1] INFO  server.RaftServer$Division (ServerState.java:<init>(103)) - omNode-2@group-523986131536: ConfigurationManager, init=-1: [omNode-3|rpc:localhost:12852|priority:0, omNode-1|rpc:localhost:12840|priority:0, omNode-2|rpc:localhost:12846|priority:0], old=null, confs=<EMPTY_MAP>
2021-01-20 18:02:49,205 [pool-1192-thread-1] INFO  server.RaftServerConfigKeys (ConfUtils.java:logGet(44)) - raft.server.storage.dir = [/github/workspace/mnt/ozone/hadoop-ozone/integration-test/target/test-dir/MiniOzoneClusterImpl-618ecdb8-9cea-428a-88e6-93619fe638f4/omNode-2/ratis] (custom)
2021-01-20 18:02:49,205 [pool-1192-thread-1] INFO  server.RaftServerConfigKeys (ConfUtils.java:logGet(44)) - raft.server.log.corruption.policy = EXCEPTION (default)
2021-01-20 18:02:49,205 [pool-1192-thread-1] INFO  storage.RaftStorageDirectory (RaftStorageDirectoryImpl.java:analyzeStorage(132)) - The storage directory /github/workspace/mnt/ozone/hadoop-ozone/integration-test/target/test-dir/MiniOzoneClusterImpl-618ecdb8-9cea-428a-88e6-93619fe638f4/omNode-2/ratis/c9bc4cf4-3bc3-3c60-a66b-523986131536 does not exist. Creating ...
2021-01-20 18:02:49,207 [pool-1192-thread-1] INFO  storage.RaftStorageDirectory (RaftStorageDirectoryImpl.java:tryLock(215)) - Lock on /github/workspace/mnt/ozone/hadoop-ozone/integration-test/target/test-dir/MiniOzoneClusterImpl-618ecdb8-9cea-428a-88e6-93619fe638f4/omNode-2/ratis/c9bc4cf4-3bc3-3c60-a66b-523986131536/in_use.lock acquired by nodename 7143@86d28932dd69
2021-01-20 18:02:49,208 [Socket Reader #1 for port 12842] INFO  ipc.Server (Server.java:run(1219)) - Starting Socket Reader #1 for port 12842
2021-01-20 18:02:49,209 [pool-1192-thread-1] INFO  storage.RaftStorage (RaftStorageImpl.java:format(87)) - Storage directory /github/workspace/mnt/ozone/hadoop-ozone/integration-test/target/test-dir/MiniOzoneClusterImpl-618ecdb8-9cea-428a-88e6-93619fe638f4/omNode-2/ratis/c9bc4cf4-3bc3-3c60-a66b-523986131536 has been successfully formatted.
2021-01-20 18:02:49,209 [pool-1192-thread-1] ERROR storage.RaftStorage (RaftStorageImpl.java:readRaftConfiguration(147)) - Failed reading configuration from file:/github/workspace/mnt/ozone/hadoop-ozone/integration-test/target/test-dir/MiniOzoneClusterImpl-618ecdb8-9cea-428a-88e6-93619fe638f4/omNode-2/ratis/c9bc4cf4-3bc3-3c60-a66b-523986131536/current/raft-meta.conf
java.io.FileNotFoundException: /github/workspace/mnt/ozone/hadoop-ozone/integration-test/target/test-dir/MiniOzoneClusterImpl-618ecdb8-9cea-428a-88e6-93619fe638f4/omNode-2/ratis/c9bc4cf4-3bc3-3c60-a66b-523986131536/current/raft-meta.conf (No such file or directory)
	at java.io.FileInputStream.open0(Native Method)
	at java.io.FileInputStream.open(FileInputStream.java:195)
	at java.io.FileInputStream.<init>(FileInputStream.java:138)
	at org.apache.ratis.server.storage.RaftStorageImpl.readRaftConfiguration(RaftStorageImpl.java:143)
	at org.apache.ratis.server.impl.ServerState.<init>(ServerState.java:113)
	at org.apache.ratis.server.impl.RaftServerImpl.<init>(RaftServerImpl.java:192)
	at org.apache.ratis.server.impl.RaftServerProxy.lambda$newRaftServerImpl$4(RaftServerProxy.java:266)
	at java.util.concurrent.CompletableFuture$AsyncSupply.run(CompletableFuture.java:1604)
	at java.util.concurrent.ThreadPoolExecutor.runWorker(ThreadPoolExecutor.java:1149)
	at java.util.concurrent.ThreadPoolExecutor$Worker.run(ThreadPoolExecutor.java:624)
	at java.lang.Thread.run(Thread.java:748)
2021-01-20 18:02:49,210 [pool-1192-thread-1] INFO  server.RaftServerConfigKeys (ConfUtils.java:logGet(44)) - raft.server.notification.no-leader.timeout = 2s (custom)
2021-01-20 18:02:49,210 [pool-1192-thread-1] INFO  server.RaftServerConfigKeys (ConfUtils.java:logGet(44)) - raft.server.log.use.memory = false (default)
2021-01-20 18:02:49,210 [pool-1192-thread-1] INFO  server.RaftServerConfigKeys (ConfUtils.java:logGet(44)) - raft.server.log.purge.gap = 50 (custom)
2021-01-20 18:02:49,210 [pool-1192-thread-1] INFO  server.RaftServerConfigKeys (ConfUtils.java:logGet(44)) - raft.server.log.appender.buffer.byte-limit = 33554432 (custom)
2021-01-20 18:02:49,210 [pool-1192-thread-1] INFO  metrics.RatisMetrics (RatisMetrics.java:lambda$create$0(36)) - Creating Metrics Registry : ratis.log_worker.omNode-2@group-523986131536
2021-01-20 18:02:49,210 [pool-1192-thread-1] INFO  server.RaftServerConfigKeys (ConfUtils.java:logGet(44)) - raft.server.log.segment.size.max = 4194304 (custom)
2021-01-20 18:02:49,211 [pool-1192-thread-1] INFO  server.RaftServerConfigKeys (ConfUtils.java:logGet(44)) - raft.server.log.segment.cache.num.max = 2 (custom)
2021-01-20 18:02:49,211 [pool-1192-thread-1] INFO  server.RaftServerConfigKeys (ConfUtils.java:logGet(44)) - raft.server.log.segment.cache.size.max = 200MB (=209715200) (default)
2021-01-20 18:02:49,211 [pool-1192-thread-1] INFO  segmented.SegmentedRaftLogWorker (SegmentedRaftLogWorker.java:<init>(181)) - new omNode-2@group-523986131536-SegmentedRaftLogWorker for RaftStorageImpl:Storage Directory /github/workspace/mnt/ozone/hadoop-ozone/integration-test/target/test-dir/MiniOzoneClusterImpl-618ecdb8-9cea-428a-88e6-93619fe638f4/omNode-2/ratis/c9bc4cf4-3bc3-3c60-a66b-523986131536
2021-01-20 18:02:49,211 [pool-1192-thread-1] INFO  server.RaftServerConfigKeys (ConfUtils.java:logGet(44)) - raft.server.log.queue.byte-limit = 64MB (=67108864) (default)
2021-01-20 18:02:49,212 [pool-1192-thread-1] INFO  server.RaftServerConfigKeys (ConfUtils.java:logGet(44)) - raft.server.log.queue.element-limit = 4096 (default)
2021-01-20 18:02:49,212 [pool-1192-thread-1] INFO  server.RaftServerConfigKeys (ConfUtils.java:logGet(44)) - raft.server.log.segment.size.max = 4194304 (custom)
2021-01-20 18:02:49,212 [pool-1192-thread-1] INFO  server.RaftServerConfigKeys (ConfUtils.java:logGet(44)) - raft.server.log.preallocated.size = 4194304 (custom)
2021-01-20 18:02:49,212 [pool-1192-thread-1] INFO  server.RaftServerConfigKeys (ConfUtils.java:logGet(44)) - raft.server.log.force.sync.num = 128 (default)
2021-01-20 18:02:49,212 [pool-1192-thread-1] INFO  server.RaftServerConfigKeys (ConfUtils.java:logGet(44)) - raft.server.log.statemachine.data.sync = true (default)
2021-01-20 18:02:49,212 [pool-1192-thread-1] INFO  server.RaftServerConfigKeys (ConfUtils.java:logGet(44)) - raft.server.log.statemachine.data.sync.timeout = 10s (default)
2021-01-20 18:02:49,212 [pool-1192-thread-1] INFO  server.RaftServerConfigKeys (ConfUtils.java:logGet(44)) - raft.server.log.statemachine.data.sync.timeout.retry = -1 (default)
2021-01-20 18:02:49,236 [pool-1192-thread-1] INFO  server.RaftServerConfigKeys (ConfUtils.java:logGet(44)) - raft.server.log.write.buffer.size = 64KB (=65536) (default)
2021-01-20 18:02:49,236 [pool-1192-thread-1] INFO  server.RaftServerConfigKeys (ConfUtils.java:logGet(44)) - raft.server.log.statemachine.data.caching.enabled = false (default)
2021-01-20 18:02:49,237 [pool-1192-thread-1] INFO  segmented.SegmentedRaftLogWorker (SegmentedRaftLogWorker.java:lambda$new$0(132)) - omNode-2@group-523986131536-SegmentedRaftLogWorker: flushIndex: setUnconditionally 0 -> -1
2021-01-20 18:02:49,237 [pool-1192-thread-1] INFO  segmented.SegmentedRaftLogWorker (SegmentedRaftLogWorker.java:lambda$new$0(132)) - omNode-2@group-523986131536-SegmentedRaftLogWorker: safeCacheEvictIndex: setUnconditionally 0 -> -1
2021-01-20 18:02:49,240 [Listener at 127.0.0.1/12842] INFO  impl.MetricsSystemImpl (MetricsSystemImpl.java:init(158)) - OzoneManager metrics system started (again)
2021-01-20 18:02:49,241 [pool-1192-thread-1] INFO  server.RaftServerConfigKeys (ConfUtils.java:logGet(44)) - raft.server.snapshot.auto.trigger.enabled = true (custom)
2021-01-20 18:02:49,241 [pool-1192-thread-1] INFO  server.RaftServerConfigKeys (ConfUtils.java:logGet(44)) - raft.server.snapshot.auto.trigger.threshold = 50 (custom)
2021-01-20 18:02:49,241 [pool-1192-thread-1] INFO  server.RaftServerConfigKeys (ConfUtils.java:logGet(44)) - raft.server.snapshot.retention.file.num = -1 (default)
2021-01-20 18:02:49,241 [pool-1192-thread-1] INFO  server.RaftServerConfigKeys (ConfUtils.java:logGet(44)) - raft.server.log.purge.upto.snapshot.index = true (custom)
2021-01-20 18:02:49,241 [pool-1192-thread-1] INFO  server.RaftServerConfigKeys (ConfUtils.java:logGet(44)) - raft.server.retrycache.expirytime = 30000ms (custom)
2021-01-20 18:02:49,241 [pool-1192-thread-1] INFO  server.RaftServerConfigKeys (ConfUtils.java:logGet(44)) - raft.server.retrycache.statistics.expirytime = 100?s (default)
2021-01-20 18:02:49,241 [pool-1192-thread-1] INFO  metrics.RatisMetrics (RatisMetrics.java:lambda$create$0(36)) - Creating Metrics Registry : ratis.leader_election.omNode-2@group-523986131536
2021-01-20 18:02:49,242 [pool-1192-thread-1] INFO  metrics.RatisMetrics (RatisMetrics.java:lambda$create$0(36)) - Creating Metrics Registry : ratis.server.omNode-2@group-523986131536
2021-01-20 18:02:49,246 [Listener at 127.0.0.1/12842] INFO  om.OzoneManager (OzoneManager.java:start(1151)) - OzoneManager RPC server is listening at localhost/127.0.0.1:12842
2021-01-20 18:02:49,246 [Listener at 127.0.0.1/12842] INFO  ratis.OzoneManagerRatisServer (OzoneManagerRatisServer.java:start(377)) - Starting OzoneManagerRatisServer omNode-2 at port 12846
2021-01-20 18:02:49,246 [Listener at 127.0.0.1/12842] INFO  server.RaftServer$Division (RaftServerImpl.java:start(294)) - omNode-2@group-523986131536: start as a follower, conf=-1: [omNode-3|rpc:localhost:12852|priority:0, omNode-1|rpc:localhost:12840|priority:0, omNode-2|rpc:localhost:12846|priority:0], old=null
2021-01-20 18:02:49,246 [Listener at 127.0.0.1/12842] INFO  server.RaftServer$Division (RaftServerImpl.java:setRole(283)) - omNode-2@group-523986131536: changes role from      null to FOLLOWER at term 0 for startAsFollower
2021-01-20 18:02:49,246 [Listener at 127.0.0.1/12842] INFO  impl.RoleInfo (RoleInfo.java:updateAndGet(130)) - omNode-2: start omNode-2@group-523986131536-FollowerState
2021-01-20 18:02:49,247 [Listener at 127.0.0.1/12842] INFO  util.JmxRegister (JmxRegister.java:tryRegister(44)) - Successfully registered JMX Bean with object name Ratis:service=RaftServer,group=group-523986131536,id=omNode-2
2021-01-20 18:02:49,247 [Listener at 127.0.0.1/12842] INFO  metrics.RatisMetrics (RatisMetrics.java:lambda$create$0(36)) - Creating Metrics Registry : ratis.state_machine.omNode-2@group-523986131536
2021-01-20 18:02:49,248 [Listener at 127.0.0.1/12842] INFO  server.RaftServer (RaftServerProxy.java:lambda$start$5(372)) - omNode-2: start RPC server
2021-01-20 18:02:49,249 [Listener at 127.0.0.1/12842] INFO  server.GrpcService (GrpcService.java:startImpl(176)) - omNode-2: GrpcService started, listening on 0.0.0.0/0.0.0.0:12846
2021-01-20 18:02:49,250 [org.apache.ratis.util.JvmPauseMonitor$$Lambda$305/2072734511@11476251] INFO  util.JvmPauseMonitor (JvmPauseMonitor.java:run(103)) - JvmPauseMonitor-omNode-2: Started
2021-01-20 18:02:49,254 [Listener at 127.0.0.1/12842] INFO  http.BaseHttpServer (BaseHttpServer.java:newHttpServer2BuilderForOzone(207)) - Starting Web-server for ozoneManager at: http://0.0.0.0:12844
2021-01-20 18:02:49,254 [Listener at 127.0.0.1/12842] INFO  http.BaseHttpServer (BaseHttpServer.java:<init>(106)) - Hadoop Security Enabled: false Ozone Security Enabled: false Ozone HTTP Security Enabled: false 
2021-01-20 18:02:49,254 [Listener at 127.0.0.1/12842] INFO  server.AuthenticationFilter (AuthenticationFilter.java:constructSecretProvider(240)) - Unable to initialize FileSignerSecretProvider, falling back to use random secrets.
2021-01-20 18:02:49,255 [Listener at 127.0.0.1/12842] WARN  http.HttpRequestLog (HttpRequestLog.java:getRequestLog(103)) - Jetty request log can only be enabled using Log4j
2021-01-20 18:02:49,255 [Listener at 127.0.0.1/12842] INFO  http.HttpServer2 (HttpServer2.java:addGlobalFilter(1020)) - Added global filter 'safety' (class=org.apache.hadoop.hdds.server.http.HttpServer2$QuotingInputFilter)
2021-01-20 18:02:49,257 [Listener at 127.0.0.1/12842] INFO  http.HttpServer2 (HttpServer2.java:addFilter(996)) - Added filter static_user_filter (class=org.apache.hadoop.http.lib.StaticUserWebFilter$StaticUserFilter) to context ozoneManager
2021-01-20 18:02:49,257 [Listener at 127.0.0.1/12842] INFO  http.HttpServer2 (HttpServer2.java:addFilter(1004)) - Added filter static_user_filter (class=org.apache.hadoop.http.lib.StaticUserWebFilter$StaticUserFilter) to context static
2021-01-20 18:02:49,257 [Listener at 127.0.0.1/12842] INFO  http.HttpServer2 (HttpServer2.java:addFilter(1004)) - Added filter static_user_filter (class=org.apache.hadoop.http.lib.StaticUserWebFilter$StaticUserFilter) to context logs
2021-01-20 18:02:49,257 [Listener at 127.0.0.1/12842] INFO  http.HttpServer2 (HttpServer2.java:bindListener(1238)) - Jetty bound to port 12844
2021-01-20 18:02:49,257 [Listener at 127.0.0.1/12842] INFO  server.Server (Server.java:doStart(375)) - jetty-9.4.34.v20201102; built: 2020-11-02T14:15:39.302Z; git: e46af88704a893fc12cb0e3bf46e2c7b48a009e7; jvm 1.8.0_232-b09
2021-01-20 18:02:49,258 [Listener at 127.0.0.1/12842] INFO  server.session (DefaultSessionIdManager.java:doStart(334)) - DefaultSessionIdManager workerName=node0
2021-01-20 18:02:49,258 [Listener at 127.0.0.1/12842] INFO  server.session (DefaultSessionIdManager.java:doStart(339)) - No SessionScavenger set, using defaults
2021-01-20 18:02:49,258 [Listener at 127.0.0.1/12842] INFO  server.session (HouseKeeper.java:startScavenging(132)) - node0 Scavenging every 660000ms
2021-01-20 18:02:49,259 [Listener at 127.0.0.1/12842] INFO  handler.ContextHandler (ContextHandler.java:doStart(916)) - Started o.e.j.s.ServletContextHandler@305636eb{logs,/logs,file:///github/workspace/mnt/ozone/hadoop-ozone/integration-test/target/log,AVAILABLE}
2021-01-20 18:02:49,259 [Listener at 127.0.0.1/12842] INFO  handler.ContextHandler (ContextHandler.java:doStart(916)) - Started o.e.j.s.ServletContextHandler@67e0b129{static,/static,file:///github/workspace/mnt/ozone/hadoop-ozone/integration-test/target/test-classes/webapps/static,AVAILABLE}
2021-01-20 18:02:49,261 [Listener at 127.0.0.1/12842] INFO  handler.ContextHandler (ContextHandler.java:doStart(916)) - Started o.e.j.w.WebAppContext@71d5b4c3{ozoneManager,/,file:///github/workspace/mnt/ozone/hadoop-ozone/integration-test/target/test-classes/webapps/ozoneManager/,AVAILABLE}{file:/github/workspace/mnt/ozone/hadoop-ozone/integration-test/target/test-classes/webapps/ozoneManager}
2021-01-20 18:02:49,271 [Listener at 127.0.0.1/12842] INFO  server.AbstractConnector (AbstractConnector.java:doStart(331)) - Started ServerConnector@3c4f5a71{HTTP/1.1, (http/1.1)}{0.0.0.0:12844}
2021-01-20 18:02:49,271 [Listener at 127.0.0.1/12842] INFO  server.Server (Server.java:doStart(415)) - Started @263826ms
2021-01-20 18:02:49,271 [Listener at 127.0.0.1/12842] WARN  impl.MetricsSystemImpl (MetricsSystemImpl.java:register(276)) - Sink prometheus already exists!
2021-01-20 18:02:49,274 [Listener at 127.0.0.1/12842] INFO  http.BaseHttpServer (BaseHttpServer.java:updateConnectorAddress(327)) - HTTP server of ozoneManager listening at http://0.0.0.0:12844
2021-01-20 18:02:49,275 [IPC Server Responder] INFO  ipc.Server (Server.java:run(1460)) - IPC Server Responder: starting
2021-01-20 18:02:49,275 [IPC Server listener on 12842] INFO  ipc.Server (Server.java:run(1298)) - IPC Server listener on 12842: starting
2021-01-20 18:02:49,276 [Listener at 127.0.0.1/12842] INFO  om.OzoneManager (OzoneManager.java:startTrashEmptier(1272)) - Trash Interval set to 0. Files deleted will not move to trash
2021-01-20 18:02:49,277 [Listener at 127.0.0.1/12842] INFO  ozone.MiniOzoneHAClusterImpl (MiniOzoneHAClusterImpl.java:createOMService(380)) - Started OzoneManager RPC server at localhost/127.0.0.1:12842
2021-01-20 18:02:49,277 [Listener at 127.0.0.1/12842] WARN  server.ServerUtils (ServerUtils.java:getDBPath(225)) - ozone.om.db.dirs is not configured. We recommend adding this setting. Falling back to ozone.metadata.dirs instead.
2021-01-20 18:02:49,284 [Listener at 127.0.0.1/12842] INFO  ha.OMHANodeDetails (OMHANodeDetails.java:loadOMHAConfig(110)) - ServiceID for OzoneManager is om-service-test1
2021-01-20 18:02:49,285 [Listener at 127.0.0.1/12842] INFO  ha.OMHANodeDetails (OMHANodeDetails.java:loadOMHAConfig(186)) - Found matching OM address with OMServiceId: om-service-test1, OMNodeId: omNode-3, RPC Address: localhost:12848 and Ratis port: 12852
2021-01-20 18:02:49,285 [Listener at 127.0.0.1/12842] INFO  ha.OMHANodeDetails (OMHANodeDetails.java:setOMNodeSpecificConfigs(318)) - Setting configuration key ozone.om.http-address with value of key ozone.om.http-address.omNode-3: 127.0.0.1:12850
2021-01-20 18:02:49,285 [Listener at 127.0.0.1/12842] INFO  ha.OMHANodeDetails (OMHANodeDetails.java:setOMNodeSpecificConfigs(318)) - Setting configuration key ozone.om.https-address with value of key ozone.om.https-address.omNode-3: 127.0.0.1:12851
2021-01-20 18:02:49,285 [Listener at 127.0.0.1/12842] INFO  ha.OMHANodeDetails (OMHANodeDetails.java:setOMNodeSpecificConfigs(318)) - Setting configuration key ozone.om.address with value of key ozone.om.address.omNode-3: 127.0.0.1:12848
2021-01-20 18:02:49,285 [Listener at 127.0.0.1/12842] WARN  server.ServerUtils (ServerUtils.java:getDBPath(225)) - ozone.om.db.dirs is not configured. We recommend adding this setting. Falling back to ozone.metadata.dirs instead.
2021-01-20 18:02:49,285 [Listener at 127.0.0.1/12842] WARN  server.ServerUtils (ServerUtils.java:getDBPath(225)) - ozone.om.db.dirs is not configured. We recommend adding this setting. Falling back to ozone.metadata.dirs instead.
2021-01-20 18:02:49,287 [Listener at 127.0.0.1/12842] WARN  server.ServerUtils (ServerUtils.java:getDBPath(225)) - ozone.om.db.dirs is not configured. We recommend adding this setting. Falling back to ozone.metadata.dirs instead.
2021-01-20 18:02:49,288 [Listener at 127.0.0.1/12842] INFO  codec.OmKeyInfoCodec (OmKeyInfoCodec.java:<init>(41)) - OmKeyInfoCodec ignorePipeline = true
2021-01-20 18:02:49,288 [Listener at 127.0.0.1/12842] INFO  codec.RepeatedOmKeyInfoCodec (RepeatedOmKeyInfoCodec.java:<init>(40)) - RepeatedOmKeyInfoCodec ignorePipeline = true
2021-01-20 18:02:49,289 [org.apache.hadoop.util.JvmPauseMonitor$Monitor@368bff4f] INFO  util.JvmPauseMonitor (JvmPauseMonitor.java:run(188)) - Starting JVM pause monitor
2021-01-20 18:02:49,368 [Listener at 127.0.0.1/12842] INFO  om.OzoneManager (OzoneManager.java:addS3GVolumeToDB(3729)) - Created Volume s3v With Owner jenkins1001 required for S3Gateway operations.
2021-01-20 18:02:49,368 [Listener at 127.0.0.1/12842] WARN  server.ServerUtils (ServerUtils.java:getDefaultRatisDirectory(237)) - Storage directory for Ratis is not configured. It is a good idea to map this to an SSD disk. Falling back to ozone.metadata.dirs
2021-01-20 18:02:49,368 [Listener at 127.0.0.1/12842] WARN  ratis.OzoneManagerRatisServer (OzoneManagerRatisServer.java:getOMRatisSnapshotDirectory(638)) - ozone.om.ratis.snapshot.dir is not configured. Falling back to ozone.metadata.dirs config
2021-01-20 18:02:49,368 [Listener at 127.0.0.1/12842] INFO  snapshot.OzoneManagerSnapshotProvider (OzoneManagerSnapshotProvider.java:<init>(77)) - Initializing OM Snapshot Provider
2021-01-20 18:02:49,369 [Listener at 127.0.0.1/12842] WARN  server.ServerUtils (ServerUtils.java:getDefaultRatisDirectory(237)) - Storage directory for Ratis is not configured. It is a good idea to map this to an SSD disk. Falling back to ozone.metadata.dirs
2021-01-20 18:02:49,370 [Listener at 127.0.0.1/12842] INFO  ratis.OzoneManagerRatisServer (OzoneManagerRatisServer.java:<init>(280)) - Instantiating OM Ratis server with GroupID: om-service-test1 and Raft Peers: localhost:12852, localhost:12840, localhost:12846
2021-01-20 18:02:49,370 [Listener at 127.0.0.1/12842] INFO  ratis.OzoneManagerStateMachine (OzoneManagerStateMachine.java:loadSnapshotInfoFromDB(518)) - LastAppliedIndex is set from TransactionInfo from OM DB as (t:0, i:~)
2021-01-20 18:02:49,370 [Listener at 127.0.0.1/12842] INFO  server.RaftServer (ConfUtils.java:logGet(44)) - raft.rpc.type = GRPC (default)
2021-01-20 18:02:49,370 [Listener at 127.0.0.1/12842] INFO  grpc.GrpcFactory (GrpcFactory.java:checkPooledByteBufAllocatorUseCacheForAllThreads(48)) - PERFORMANCE WARNING: useCacheForAllThreads is true that may cause Netty to create a lot garbage objects and, as a result, trigger GC.
	It is recommended to disable useCacheForAllThreads by setting -Dorg.apache.ratis.thirdparty.io.netty.allocator.useCacheForAllThreads=false in command line.
2021-01-20 18:02:49,370 [Listener at 127.0.0.1/12842] INFO  grpc.GrpcConfigKeys (ConfUtils.java:logGet(44)) - raft.grpc.server.port = 12852 (custom)
2021-01-20 18:02:49,371 [Listener at 127.0.0.1/12842] INFO  server.GrpcService (ConfUtils.java:logGet(44)) - raft.grpc.message.size.max = 33554432 (custom)
2021-01-20 18:02:49,371 [Listener at 127.0.0.1/12842] INFO  server.RaftServerConfigKeys (ConfUtils.java:logGet(44)) - raft.server.log.appender.buffer.byte-limit = 33554432 (custom)
2021-01-20 18:02:49,371 [Listener at 127.0.0.1/12842] INFO  server.GrpcService (ConfUtils.java:logGet(44)) - raft.grpc.flow.control.window = 1MB (=1048576) (default)
2021-01-20 18:02:49,371 [Listener at 127.0.0.1/12842] INFO  server.RaftServerConfigKeys (ConfUtils.java:logGet(44)) - raft.server.rpc.request.timeout = 3000ms (default)
2021-01-20 18:02:49,372 [Listener at 127.0.0.1/12842] INFO  impl.DataStreamServerImpl (ConfUtils.java:logGet(44)) - raft.datastream.type = DISABLED (default)
2021-01-20 18:02:49,372 [Listener at 127.0.0.1/12842] INFO  server.RaftServerConfigKeys (ConfUtils.java:logGet(44)) - raft.server.rpc.slowness.timeout = 2s (custom)
2021-01-20 18:02:49,372 [Listener at 127.0.0.1/12842] INFO  server.RaftServerConfigKeys (ConfUtils.java:logGet(44)) - raft.server.leaderelection.leader.step-down.wait-time = 10s (default)
2021-01-20 18:02:49,372 [Listener at 127.0.0.1/12842] INFO  server.RaftServerConfigKeys (ConfUtils.java:logGet(44)) - raft.server.storage.dir = [/github/workspace/mnt/ozone/hadoop-ozone/integration-test/target/test-dir/MiniOzoneClusterImpl-618ecdb8-9cea-428a-88e6-93619fe638f4/omNode-3/ratis] (custom)
2021-01-20 18:02:49,372 [Listener at 127.0.0.1/12842] INFO  server.RaftServer (RaftServerProxy.java:addNew(95)) - omNode-3: addNew group-523986131536:[omNode-3|rpc:localhost:12852|priority:0, omNode-1|rpc:localhost:12840|priority:0, omNode-2|rpc:localhost:12846|priority:0] returns group-523986131536:java.util.concurrent.CompletableFuture@ed0a43c[Not completed]
2021-01-20 18:02:49,372 [pool-1207-thread-1] INFO  server.RaftServer$Division (RaftServerImpl.java:<init>(179)) - omNode-3: new RaftServerImpl for group-523986131536:[omNode-3|rpc:localhost:12852|priority:0, omNode-1|rpc:localhost:12840|priority:0, omNode-2|rpc:localhost:12846|priority:0] with OzoneManagerStateMachine:uninitialized
2021-01-20 18:02:49,372 [Listener at 127.0.0.1/12842] INFO  om.OzoneManager (OzoneManager.java:initializeRatisServer(1323)) - OzoneManager Ratis server initialized at port 12852
2021-01-20 18:02:49,373 [pool-1207-thread-1] INFO  server.RaftServerConfigKeys (ConfUtils.java:logGet(44)) - raft.server.rpc.timeout.min = 1s (custom)
2021-01-20 18:02:49,373 [pool-1207-thread-1] INFO  server.RaftServerConfigKeys (ConfUtils.java:logGet(44)) - raft.server.rpc.timeout.max = 1200ms (custom)
2021-01-20 18:02:49,373 [pool-1207-thread-1] INFO  server.RaftServerConfigKeys (ConfUtils.java:logGet(44)) - raft.server.rpc.sleep.time = 25ms (default)
2021-01-20 18:02:49,373 [pool-1207-thread-1] INFO  server.RaftServerConfigKeys (ConfUtils.java:logGet(44)) - raft.server.rpc.slowness.timeout = 2s (custom)
2021-01-20 18:02:49,373 [pool-1207-thread-1] INFO  server.RaftServerConfigKeys (ConfUtils.java:logGet(44)) - raft.server.leaderelection.leader.step-down.wait-time = 10s (default)
2021-01-20 18:02:49,373 [pool-1207-thread-1] INFO  server.RaftServerConfigKeys (ConfUtils.java:logGet(44)) - raft.server.sleep.deviation.threshold = 300ms (default)
2021-01-20 18:02:49,373 [pool-1207-thread-1] INFO  server.RaftServerConfigKeys (ConfUtils.java:logGet(44)) - raft.server.log.appender.install.snapshot.enabled = false (custom)
2021-01-20 18:02:49,373 [pool-1207-thread-1] INFO  server.RaftServer$Division (ServerState.java:<init>(103)) - omNode-3@group-523986131536: ConfigurationManager, init=-1: [omNode-3|rpc:localhost:12852|priority:0, omNode-1|rpc:localhost:12840|priority:0, omNode-2|rpc:localhost:12846|priority:0], old=null, confs=<EMPTY_MAP>
2021-01-20 18:02:49,373 [pool-1207-thread-1] INFO  server.RaftServerConfigKeys (ConfUtils.java:logGet(44)) - raft.server.storage.dir = [/github/workspace/mnt/ozone/hadoop-ozone/integration-test/target/test-dir/MiniOzoneClusterImpl-618ecdb8-9cea-428a-88e6-93619fe638f4/omNode-3/ratis] (custom)
2021-01-20 18:02:49,373 [Listener at 127.0.0.1/12842] INFO  ipc.CallQueueManager (CallQueueManager.java:<init>(84)) - Using callQueue: class java.util.concurrent.LinkedBlockingQueue, queueCapacity: 2000, scheduler: class org.apache.hadoop.ipc.DefaultRpcScheduler, ipcBackoff: false.
2021-01-20 18:02:49,373 [pool-1207-thread-1] INFO  server.RaftServerConfigKeys (ConfUtils.java:logGet(44)) - raft.server.log.corruption.policy = EXCEPTION (default)
2021-01-20 18:02:49,374 [pool-1207-thread-1] INFO  storage.RaftStorageDirectory (RaftStorageDirectoryImpl.java:analyzeStorage(132)) - The storage directory /github/workspace/mnt/ozone/hadoop-ozone/integration-test/target/test-dir/MiniOzoneClusterImpl-618ecdb8-9cea-428a-88e6-93619fe638f4/omNode-3/ratis/c9bc4cf4-3bc3-3c60-a66b-523986131536 does not exist. Creating ...
2021-01-20 18:02:49,374 [Socket Reader #1 for port 12848] INFO  ipc.Server (Server.java:run(1219)) - Starting Socket Reader #1 for port 12848
2021-01-20 18:02:49,376 [pool-1207-thread-1] INFO  storage.RaftStorageDirectory (RaftStorageDirectoryImpl.java:tryLock(215)) - Lock on /github/workspace/mnt/ozone/hadoop-ozone/integration-test/target/test-dir/MiniOzoneClusterImpl-618ecdb8-9cea-428a-88e6-93619fe638f4/omNode-3/ratis/c9bc4cf4-3bc3-3c60-a66b-523986131536/in_use.lock acquired by nodename 7143@86d28932dd69
2021-01-20 18:02:49,377 [pool-1207-thread-1] INFO  storage.RaftStorage (RaftStorageImpl.java:format(87)) - Storage directory /github/workspace/mnt/ozone/hadoop-ozone/integration-test/target/test-dir/MiniOzoneClusterImpl-618ecdb8-9cea-428a-88e6-93619fe638f4/omNode-3/ratis/c9bc4cf4-3bc3-3c60-a66b-523986131536 has been successfully formatted.
2021-01-20 18:02:49,377 [pool-1207-thread-1] ERROR storage.RaftStorage (RaftStorageImpl.java:readRaftConfiguration(147)) - Failed reading configuration from file:/github/workspace/mnt/ozone/hadoop-ozone/integration-test/target/test-dir/MiniOzoneClusterImpl-618ecdb8-9cea-428a-88e6-93619fe638f4/omNode-3/ratis/c9bc4cf4-3bc3-3c60-a66b-523986131536/current/raft-meta.conf
java.io.FileNotFoundException: /github/workspace/mnt/ozone/hadoop-ozone/integration-test/target/test-dir/MiniOzoneClusterImpl-618ecdb8-9cea-428a-88e6-93619fe638f4/omNode-3/ratis/c9bc4cf4-3bc3-3c60-a66b-523986131536/current/raft-meta.conf (No such file or directory)
	at java.io.FileInputStream.open0(Native Method)
	at java.io.FileInputStream.open(FileInputStream.java:195)
	at java.io.FileInputStream.<init>(FileInputStream.java:138)
	at org.apache.ratis.server.storage.RaftStorageImpl.readRaftConfiguration(RaftStorageImpl.java:143)
	at org.apache.ratis.server.impl.ServerState.<init>(ServerState.java:113)
	at org.apache.ratis.server.impl.RaftServerImpl.<init>(RaftServerImpl.java:192)
	at org.apache.ratis.server.impl.RaftServerProxy.lambda$newRaftServerImpl$4(RaftServerProxy.java:266)
	at java.util.concurrent.CompletableFuture$AsyncSupply.run(CompletableFuture.java:1604)
	at java.util.concurrent.ThreadPoolExecutor.runWorker(ThreadPoolExecutor.java:1149)
	at java.util.concurrent.ThreadPoolExecutor$Worker.run(ThreadPoolExecutor.java:624)
	at java.lang.Thread.run(Thread.java:748)
2021-01-20 18:02:49,377 [pool-1207-thread-1] INFO  server.RaftServerConfigKeys (ConfUtils.java:logGet(44)) - raft.server.notification.no-leader.timeout = 2s (custom)
2021-01-20 18:02:49,377 [pool-1207-thread-1] INFO  server.RaftServerConfigKeys (ConfUtils.java:logGet(44)) - raft.server.log.use.memory = false (default)
2021-01-20 18:02:49,377 [pool-1207-thread-1] INFO  server.RaftServerConfigKeys (ConfUtils.java:logGet(44)) - raft.server.log.purge.gap = 50 (custom)
2021-01-20 18:02:49,378 [pool-1207-thread-1] INFO  server.RaftServerConfigKeys (ConfUtils.java:logGet(44)) - raft.server.log.appender.buffer.byte-limit = 33554432 (custom)
2021-01-20 18:02:49,378 [pool-1207-thread-1] INFO  metrics.RatisMetrics (RatisMetrics.java:lambda$create$0(36)) - Creating Metrics Registry : ratis.log_worker.omNode-3@group-523986131536
2021-01-20 18:02:49,378 [pool-1207-thread-1] INFO  server.RaftServerConfigKeys (ConfUtils.java:logGet(44)) - raft.server.log.segment.size.max = 4194304 (custom)
2021-01-20 18:02:49,379 [pool-1207-thread-1] INFO  server.RaftServerConfigKeys (ConfUtils.java:logGet(44)) - raft.server.log.segment.cache.num.max = 2 (custom)
2021-01-20 18:02:49,379 [pool-1207-thread-1] INFO  server.RaftServerConfigKeys (ConfUtils.java:logGet(44)) - raft.server.log.segment.cache.size.max = 200MB (=209715200) (default)
2021-01-20 18:02:49,379 [pool-1207-thread-1] INFO  segmented.SegmentedRaftLogWorker (SegmentedRaftLogWorker.java:<init>(181)) - new omNode-3@group-523986131536-SegmentedRaftLogWorker for RaftStorageImpl:Storage Directory /github/workspace/mnt/ozone/hadoop-ozone/integration-test/target/test-dir/MiniOzoneClusterImpl-618ecdb8-9cea-428a-88e6-93619fe638f4/omNode-3/ratis/c9bc4cf4-3bc3-3c60-a66b-523986131536
2021-01-20 18:02:49,379 [pool-1207-thread-1] INFO  server.RaftServerConfigKeys (ConfUtils.java:logGet(44)) - raft.server.log.queue.byte-limit = 64MB (=67108864) (default)
2021-01-20 18:02:49,379 [pool-1207-thread-1] INFO  server.RaftServerConfigKeys (ConfUtils.java:logGet(44)) - raft.server.log.queue.element-limit = 4096 (default)
2021-01-20 18:02:49,379 [pool-1207-thread-1] INFO  server.RaftServerConfigKeys (ConfUtils.java:logGet(44)) - raft.server.log.segment.size.max = 4194304 (custom)
2021-01-20 18:02:49,379 [pool-1207-thread-1] INFO  server.RaftServerConfigKeys (ConfUtils.java:logGet(44)) - raft.server.log.preallocated.size = 4194304 (custom)
2021-01-20 18:02:49,379 [pool-1207-thread-1] INFO  server.RaftServerConfigKeys (ConfUtils.java:logGet(44)) - raft.server.log.force.sync.num = 128 (default)
2021-01-20 18:02:49,379 [pool-1207-thread-1] INFO  server.RaftServerConfigKeys (ConfUtils.java:logGet(44)) - raft.server.log.statemachine.data.sync = true (default)
2021-01-20 18:02:49,379 [pool-1207-thread-1] INFO  server.RaftServerConfigKeys (ConfUtils.java:logGet(44)) - raft.server.log.statemachine.data.sync.timeout = 10s (default)
2021-01-20 18:02:49,379 [pool-1207-thread-1] INFO  server.RaftServerConfigKeys (ConfUtils.java:logGet(44)) - raft.server.log.statemachine.data.sync.timeout.retry = -1 (default)
2021-01-20 18:02:49,382 [pool-1207-thread-1] INFO  server.RaftServerConfigKeys (ConfUtils.java:logGet(44)) - raft.server.log.write.buffer.size = 64KB (=65536) (default)
2021-01-20 18:02:49,382 [pool-1207-thread-1] INFO  server.RaftServerConfigKeys (ConfUtils.java:logGet(44)) - raft.server.log.statemachine.data.caching.enabled = false (default)
2021-01-20 18:02:49,382 [pool-1207-thread-1] INFO  segmented.SegmentedRaftLogWorker (SegmentedRaftLogWorker.java:lambda$new$0(132)) - omNode-3@group-523986131536-SegmentedRaftLogWorker: flushIndex: setUnconditionally 0 -> -1
2021-01-20 18:02:49,382 [pool-1207-thread-1] INFO  segmented.SegmentedRaftLogWorker (SegmentedRaftLogWorker.java:lambda$new$0(132)) - omNode-3@group-523986131536-SegmentedRaftLogWorker: safeCacheEvictIndex: setUnconditionally 0 -> -1
2021-01-20 18:02:49,384 [pool-1207-thread-1] INFO  server.RaftServerConfigKeys (ConfUtils.java:logGet(44)) - raft.server.snapshot.auto.trigger.enabled = true (custom)
2021-01-20 18:02:49,384 [pool-1207-thread-1] INFO  server.RaftServerConfigKeys (ConfUtils.java:logGet(44)) - raft.server.snapshot.auto.trigger.threshold = 50 (custom)
2021-01-20 18:02:49,384 [pool-1207-thread-1] INFO  server.RaftServerConfigKeys (ConfUtils.java:logGet(44)) - raft.server.snapshot.retention.file.num = -1 (default)
2021-01-20 18:02:49,384 [pool-1207-thread-1] INFO  server.RaftServerConfigKeys (ConfUtils.java:logGet(44)) - raft.server.log.purge.upto.snapshot.index = true (custom)
2021-01-20 18:02:49,384 [pool-1207-thread-1] INFO  server.RaftServerConfigKeys (ConfUtils.java:logGet(44)) - raft.server.retrycache.expirytime = 30000ms (custom)
2021-01-20 18:02:49,384 [pool-1207-thread-1] INFO  server.RaftServerConfigKeys (ConfUtils.java:logGet(44)) - raft.server.retrycache.statistics.expirytime = 100?s (default)
2021-01-20 18:02:49,384 [pool-1207-thread-1] INFO  metrics.RatisMetrics (RatisMetrics.java:lambda$create$0(36)) - Creating Metrics Registry : ratis.leader_election.omNode-3@group-523986131536
2021-01-20 18:02:49,385 [pool-1207-thread-1] INFO  metrics.RatisMetrics (RatisMetrics.java:lambda$create$0(36)) - Creating Metrics Registry : ratis.server.omNode-3@group-523986131536
2021-01-20 18:02:49,389 [Listener at 127.0.0.1/12848] INFO  impl.MetricsSystemImpl (MetricsSystemImpl.java:init(158)) - OzoneManager metrics system started (again)
2021-01-20 18:02:49,391 [Listener at 127.0.0.1/12848] INFO  om.OzoneManager (OzoneManager.java:start(1151)) - OzoneManager RPC server is listening at localhost/127.0.0.1:12848
2021-01-20 18:02:49,391 [Listener at 127.0.0.1/12848] INFO  ratis.OzoneManagerRatisServer (OzoneManagerRatisServer.java:start(377)) - Starting OzoneManagerRatisServer omNode-3 at port 12852
2021-01-20 18:02:49,391 [Listener at 127.0.0.1/12848] INFO  server.RaftServer$Division (RaftServerImpl.java:start(294)) - omNode-3@group-523986131536: start as a follower, conf=-1: [omNode-3|rpc:localhost:12852|priority:0, omNode-1|rpc:localhost:12840|priority:0, omNode-2|rpc:localhost:12846|priority:0], old=null
2021-01-20 18:02:49,391 [Listener at 127.0.0.1/12848] INFO  server.RaftServer$Division (RaftServerImpl.java:setRole(283)) - omNode-3@group-523986131536: changes role from      null to FOLLOWER at term 0 for startAsFollower
2021-01-20 18:02:49,391 [Listener at 127.0.0.1/12848] INFO  impl.RoleInfo (RoleInfo.java:updateAndGet(130)) - omNode-3: start omNode-3@group-523986131536-FollowerState
2021-01-20 18:02:49,391 [Listener at 127.0.0.1/12848] INFO  util.JmxRegister (JmxRegister.java:tryRegister(44)) - Successfully registered JMX Bean with object name Ratis:service=RaftServer,group=group-523986131536,id=omNode-3
2021-01-20 18:02:49,391 [Listener at 127.0.0.1/12848] INFO  metrics.RatisMetrics (RatisMetrics.java:lambda$create$0(36)) - Creating Metrics Registry : ratis.state_machine.omNode-3@group-523986131536
2021-01-20 18:02:49,393 [Listener at 127.0.0.1/12848] INFO  server.RaftServer (RaftServerProxy.java:lambda$start$5(372)) - omNode-3: start RPC server
2021-01-20 18:02:49,393 [Listener at 127.0.0.1/12848] INFO  server.GrpcService (GrpcService.java:startImpl(176)) - omNode-3: GrpcService started, listening on 0.0.0.0/0.0.0.0:12852
2021-01-20 18:02:49,393 [org.apache.ratis.util.JvmPauseMonitor$$Lambda$305/2072734511@28e99451] INFO  util.JvmPauseMonitor (JvmPauseMonitor.java:run(103)) - JvmPauseMonitor-omNode-3: Started
2021-01-20 18:02:49,397 [Listener at 127.0.0.1/12848] INFO  http.BaseHttpServer (BaseHttpServer.java:newHttpServer2BuilderForOzone(207)) - Starting Web-server for ozoneManager at: http://0.0.0.0:12850
2021-01-20 18:02:49,398 [Listener at 127.0.0.1/12848] INFO  http.BaseHttpServer (BaseHttpServer.java:<init>(106)) - Hadoop Security Enabled: false Ozone Security Enabled: false Ozone HTTP Security Enabled: false 
2021-01-20 18:02:49,398 [Listener at 127.0.0.1/12848] INFO  server.AuthenticationFilter (AuthenticationFilter.java:constructSecretProvider(240)) - Unable to initialize FileSignerSecretProvider, falling back to use random secrets.
2021-01-20 18:02:49,399 [Listener at 127.0.0.1/12848] WARN  http.HttpRequestLog (HttpRequestLog.java:getRequestLog(103)) - Jetty request log can only be enabled using Log4j
2021-01-20 18:02:49,399 [Listener at 127.0.0.1/12848] INFO  http.HttpServer2 (HttpServer2.java:addGlobalFilter(1020)) - Added global filter 'safety' (class=org.apache.hadoop.hdds.server.http.HttpServer2$QuotingInputFilter)
2021-01-20 18:02:49,400 [Listener at 127.0.0.1/12848] INFO  http.HttpServer2 (HttpServer2.java:addFilter(996)) - Added filter static_user_filter (class=org.apache.hadoop.http.lib.StaticUserWebFilter$StaticUserFilter) to context ozoneManager
2021-01-20 18:02:49,400 [Listener at 127.0.0.1/12848] INFO  http.HttpServer2 (HttpServer2.java:addFilter(1004)) - Added filter static_user_filter (class=org.apache.hadoop.http.lib.StaticUserWebFilter$StaticUserFilter) to context static
2021-01-20 18:02:49,400 [Listener at 127.0.0.1/12848] INFO  http.HttpServer2 (HttpServer2.java:addFilter(1004)) - Added filter static_user_filter (class=org.apache.hadoop.http.lib.StaticUserWebFilter$StaticUserFilter) to context logs
2021-01-20 18:02:49,400 [Listener at 127.0.0.1/12848] INFO  http.HttpServer2 (HttpServer2.java:bindListener(1238)) - Jetty bound to port 12850
2021-01-20 18:02:49,400 [Listener at 127.0.0.1/12848] INFO  server.Server (Server.java:doStart(375)) - jetty-9.4.34.v20201102; built: 2020-11-02T14:15:39.302Z; git: e46af88704a893fc12cb0e3bf46e2c7b48a009e7; jvm 1.8.0_232-b09
2021-01-20 18:02:49,407 [Listener at 127.0.0.1/12848] INFO  server.session (DefaultSessionIdManager.java:doStart(334)) - DefaultSessionIdManager workerName=node0
2021-01-20 18:02:49,407 [Listener at 127.0.0.1/12848] INFO  server.session (DefaultSessionIdManager.java:doStart(339)) - No SessionScavenger set, using defaults
2021-01-20 18:02:49,408 [Listener at 127.0.0.1/12848] INFO  server.session (HouseKeeper.java:startScavenging(132)) - node0 Scavenging every 660000ms
2021-01-20 18:02:49,408 [Listener at 127.0.0.1/12848] INFO  handler.ContextHandler (ContextHandler.java:doStart(916)) - Started o.e.j.s.ServletContextHandler@18aa00a4{logs,/logs,file:///github/workspace/mnt/ozone/hadoop-ozone/integration-test/target/log,AVAILABLE}
2021-01-20 18:02:49,408 [Listener at 127.0.0.1/12848] INFO  handler.ContextHandler (ContextHandler.java:doStart(916)) - Started o.e.j.s.ServletContextHandler@679f250{static,/static,file:///github/workspace/mnt/ozone/hadoop-ozone/integration-test/target/test-classes/webapps/static,AVAILABLE}
2021-01-20 18:02:49,410 [Listener at 127.0.0.1/12848] INFO  handler.ContextHandler (ContextHandler.java:doStart(916)) - Started o.e.j.w.WebAppContext@3870b29d{ozoneManager,/,file:///github/workspace/mnt/ozone/hadoop-ozone/integration-test/target/test-classes/webapps/ozoneManager/,AVAILABLE}{file:/github/workspace/mnt/ozone/hadoop-ozone/integration-test/target/test-classes/webapps/ozoneManager}
2021-01-20 18:02:49,412 [Listener at 127.0.0.1/12848] INFO  server.AbstractConnector (AbstractConnector.java:doStart(331)) - Started ServerConnector@3145848b{HTTP/1.1, (http/1.1)}{0.0.0.0:12850}
2021-01-20 18:02:49,412 [Listener at 127.0.0.1/12848] INFO  server.Server (Server.java:doStart(415)) - Started @263967ms
2021-01-20 18:02:49,412 [Listener at 127.0.0.1/12848] WARN  impl.MetricsSystemImpl (MetricsSystemImpl.java:register(276)) - Sink prometheus already exists!
2021-01-20 18:02:49,416 [Listener at 127.0.0.1/12848] INFO  http.BaseHttpServer (BaseHttpServer.java:updateConnectorAddress(327)) - HTTP server of ozoneManager listening at http://0.0.0.0:12850
2021-01-20 18:02:49,416 [IPC Server Responder] INFO  ipc.Server (Server.java:run(1460)) - IPC Server Responder: starting
2021-01-20 18:02:49,416 [IPC Server listener on 12848] INFO  ipc.Server (Server.java:run(1298)) - IPC Server listener on 12848: starting
2021-01-20 18:02:49,418 [Listener at 127.0.0.1/12848] INFO  om.OzoneManager (OzoneManager.java:startTrashEmptier(1272)) - Trash Interval set to 0. Files deleted will not move to trash
2021-01-20 18:02:49,418 [Listener at 127.0.0.1/12848] INFO  ozone.MiniOzoneHAClusterImpl (MiniOzoneHAClusterImpl.java:createOMService(380)) - Started OzoneManager RPC server at localhost/127.0.0.1:12848
2021-01-20 18:02:49,432 [org.apache.hadoop.util.JvmPauseMonitor$Monitor@1d1dcac7] INFO  util.JvmPauseMonitor (JvmPauseMonitor.java:run(188)) - Starting JVM pause monitor
2021-01-20 18:02:49,433 [Listener at 127.0.0.1/12848] INFO  impl.MetricsSystemImpl (MetricsSystemImpl.java:init(158)) - HddsDatanode metrics system started (again)
2021-01-20 18:02:49,436 [Listener at 127.0.0.1/12848] INFO  ozone.HddsDatanodeService (HddsDatanodeService.java:start(215)) - HddsDatanodeService host:86d28932dd69 ip:172.17.0.2
2021-01-20 18:02:49,437 [Listener at 127.0.0.1/12848] INFO  volume.HddsVolume (HddsVolume.java:<init>(176)) - Creating Volume: /github/workspace/mnt/ozone/hadoop-ozone/integration-test/target/test-dir/MiniOzoneClusterImpl-618ecdb8-9cea-428a-88e6-93619fe638f4/datanode-0/data-0/containers/hdds of storage type : DISK and capacity : 9223372036854775807
2021-01-20 18:02:49,437 [Listener at 127.0.0.1/12848] INFO  volume.MutableVolumeSet (MutableVolumeSet.java:initializeVolumeSet(179)) - Added Volume : /github/workspace/mnt/ozone/hadoop-ozone/integration-test/target/test-dir/MiniOzoneClusterImpl-618ecdb8-9cea-428a-88e6-93619fe638f4/datanode-0/data-0/containers/hdds to VolumeSet
2021-01-20 18:02:49,437 [Listener at 127.0.0.1/12848] INFO  volume.ThrottledAsyncChecker (ThrottledAsyncChecker.java:schedule(141)) - Scheduling a check for /github/workspace/mnt/ozone/hadoop-ozone/integration-test/target/test-dir/MiniOzoneClusterImpl-618ecdb8-9cea-428a-88e6-93619fe638f4/datanode-0/data-0/containers/hdds
2021-01-20 18:02:49,440 [Listener at 127.0.0.1/12848] INFO  volume.HddsVolumeChecker (HddsVolumeChecker.java:checkAllVolumes(200)) - Scheduled health check for volume /github/workspace/mnt/ozone/hadoop-ozone/integration-test/target/test-dir/MiniOzoneClusterImpl-618ecdb8-9cea-428a-88e6-93619fe638f4/datanode-0/data-0/containers/hdds
2021-01-20 18:02:49,452 [Thread-4855] INFO  ozoneimpl.ContainerReader (ContainerReader.java:readVolume(123)) - Start to verify containers on volume /github/workspace/mnt/ozone/hadoop-ozone/integration-test/target/test-dir/MiniOzoneClusterImpl-618ecdb8-9cea-428a-88e6-93619fe638f4/datanode-0/data-0/containers/hdds
2021-01-20 18:02:49,452 [Thread-4855] INFO  ozoneimpl.ContainerReader (ContainerReader.java:readVolume(148)) - Finish verifying containers on volume /github/workspace/mnt/ozone/hadoop-ozone/integration-test/target/test-dir/MiniOzoneClusterImpl-618ecdb8-9cea-428a-88e6-93619fe638f4/datanode-0/data-0/containers/hdds
2021-01-20 18:02:49,452 [Listener at 127.0.0.1/12848] INFO  ozoneimpl.OzoneContainer (OzoneContainer.java:buildContainerSet(206)) - Build ContainerSet costs 0s
2021-01-20 18:02:49,453 [Listener at 127.0.0.1/12848] INFO  server.RaftServer (ConfUtils.java:logGet(44)) - raft.rpc.type = GRPC (default)
2021-01-20 18:02:49,453 [Listener at 127.0.0.1/12848] INFO  grpc.GrpcFactory (GrpcFactory.java:checkPooledByteBufAllocatorUseCacheForAllThreads(48)) - PERFORMANCE WARNING: useCacheForAllThreads is true that may cause Netty to create a lot garbage objects and, as a result, trigger GC.
	It is recommended to disable useCacheForAllThreads by setting -Dorg.apache.ratis.thirdparty.io.netty.allocator.useCacheForAllThreads=false in command line.
2021-01-20 18:02:49,453 [Listener at 127.0.0.1/12848] INFO  grpc.GrpcConfigKeys (ConfUtils.java:logGet(44)) - raft.grpc.server.port = 0 (default)
2021-01-20 18:02:49,453 [Listener at 127.0.0.1/12848] INFO  server.GrpcService (ConfUtils.java:logGet(44)) - raft.grpc.message.size.max = 32MB (=33554432) (custom)
2021-01-20 18:02:49,454 [Listener at 127.0.0.1/12848] INFO  server.RaftServerConfigKeys (ConfUtils.java:logGet(44)) - raft.server.log.appender.buffer.byte-limit = 33554432 (custom)
2021-01-20 18:02:49,454 [Listener at 127.0.0.1/12848] INFO  server.GrpcService (ConfUtils.java:logGet(44)) - raft.grpc.flow.control.window = 5MB (=5242880) (custom)
2021-01-20 18:02:49,454 [Listener at 127.0.0.1/12848] INFO  server.RaftServerConfigKeys (ConfUtils.java:logGet(44)) - raft.server.rpc.request.timeout = 60s (custom)
2021-01-20 18:02:49,455 [Listener at 127.0.0.1/12848] INFO  impl.DataStreamServerImpl (ConfUtils.java:logGet(44)) - raft.datastream.type = DISABLED (default)
2021-01-20 18:02:49,455 [Listener at 127.0.0.1/12848] INFO  server.RaftServerConfigKeys (ConfUtils.java:logGet(44)) - raft.server.rpc.slowness.timeout = 300s (custom)
2021-01-20 18:02:49,455 [Listener at 127.0.0.1/12848] INFO  server.RaftServerConfigKeys (ConfUtils.java:logGet(44)) - raft.server.leaderelection.leader.step-down.wait-time = 10s (default)
2021-01-20 18:02:49,455 [Listener at 127.0.0.1/12848] INFO  server.RaftServerConfigKeys (ConfUtils.java:logGet(44)) - raft.server.storage.dir = [/github/workspace/mnt/ozone/hadoop-ozone/integration-test/target/test-dir/MiniOzoneClusterImpl-618ecdb8-9cea-428a-88e6-93619fe638f4/datanode-0/data/ratis] (custom)
2021-01-20 18:02:49,526 [Listener at 127.0.0.1/12848] INFO  http.BaseHttpServer (BaseHttpServer.java:newHttpServer2BuilderForOzone(207)) - Starting Web-server for hddsDatanode at: http://0.0.0.0:0
2021-01-20 18:02:49,526 [Listener at 127.0.0.1/12848] INFO  http.BaseHttpServer (BaseHttpServer.java:<init>(106)) - Hadoop Security Enabled: false Ozone Security Enabled: false Ozone HTTP Security Enabled: false 
2021-01-20 18:02:49,528 [Listener at 127.0.0.1/12848] INFO  server.AuthenticationFilter (AuthenticationFilter.java:constructSecretProvider(240)) - Unable to initialize FileSignerSecretProvider, falling back to use random secrets.
2021-01-20 18:02:49,528 [Listener at 127.0.0.1/12848] WARN  http.HttpRequestLog (HttpRequestLog.java:getRequestLog(103)) - Jetty request log can only be enabled using Log4j
2021-01-20 18:02:49,529 [Listener at 127.0.0.1/12848] INFO  http.HttpServer2 (HttpServer2.java:addGlobalFilter(1020)) - Added global filter 'safety' (class=org.apache.hadoop.hdds.server.http.HttpServer2$QuotingInputFilter)
2021-01-20 18:02:49,530 [Listener at 127.0.0.1/12848] INFO  http.HttpServer2 (HttpServer2.java:addFilter(996)) - Added filter static_user_filter (class=org.apache.hadoop.http.lib.StaticUserWebFilter$StaticUserFilter) to context hddsDatanode
2021-01-20 18:02:49,530 [Listener at 127.0.0.1/12848] INFO  http.HttpServer2 (HttpServer2.java:addFilter(1004)) - Added filter static_user_filter (class=org.apache.hadoop.http.lib.StaticUserWebFilter$StaticUserFilter) to context logs
2021-01-20 18:02:49,530 [Listener at 127.0.0.1/12848] INFO  http.HttpServer2 (HttpServer2.java:addFilter(1004)) - Added filter static_user_filter (class=org.apache.hadoop.http.lib.StaticUserWebFilter$StaticUserFilter) to context static
2021-01-20 18:02:49,531 [Listener at 127.0.0.1/12848] INFO  http.HttpServer2 (HttpServer2.java:bindListener(1238)) - Jetty bound to port 46095
2021-01-20 18:02:49,531 [Listener at 127.0.0.1/12848] INFO  server.Server (Server.java:doStart(375)) - jetty-9.4.34.v20201102; built: 2020-11-02T14:15:39.302Z; git: e46af88704a893fc12cb0e3bf46e2c7b48a009e7; jvm 1.8.0_232-b09
2021-01-20 18:02:49,532 [Listener at 127.0.0.1/12848] INFO  server.session (DefaultSessionIdManager.java:doStart(334)) - DefaultSessionIdManager workerName=node0
2021-01-20 18:02:49,533 [Listener at 127.0.0.1/12848] INFO  server.session (DefaultSessionIdManager.java:doStart(339)) - No SessionScavenger set, using defaults
2021-01-20 18:02:49,533 [Listener at 127.0.0.1/12848] INFO  server.session (HouseKeeper.java:startScavenging(132)) - node0 Scavenging every 600000ms
2021-01-20 18:02:49,533 [Listener at 127.0.0.1/12848] INFO  handler.ContextHandler (ContextHandler.java:doStart(916)) - Started o.e.j.s.ServletContextHandler@5eb9731b{logs,/logs,file:///github/workspace/mnt/ozone/hadoop-ozone/integration-test/target/log,AVAILABLE}
2021-01-20 18:02:49,534 [Listener at 127.0.0.1/12848] INFO  handler.ContextHandler (ContextHandler.java:doStart(916)) - Started o.e.j.s.ServletContextHandler@32b727f0{static,/static,jar:file:/home/user/.m2/repository/org/apache/hadoop/hadoop-hdds-container-service/1.1.0-SNAPSHOT/hadoop-hdds-container-service-1.1.0-SNAPSHOT.jar!/webapps/static,AVAILABLE}
2021-01-20 18:02:49,676 [Listener at 127.0.0.1/12848] INFO  handler.ContextHandler (ContextHandler.java:doStart(916)) - Started o.e.j.w.WebAppContext@3c4bc68e{hddsDatanode,/,file:///tmp/jetty-0_0_0_0-46095-hadoop-hdds-container-service-1_1_0-SNAPSHOT_jar-_-any-192798364574122818/webapp/,AVAILABLE}{jar:file:/home/user/.m2/repository/org/apache/hadoop/hadoop-hdds-container-service/1.1.0-SNAPSHOT/hadoop-hdds-container-service-1.1.0-SNAPSHOT.jar!/webapps/hddsDatanode}
2021-01-20 18:02:49,678 [Listener at 127.0.0.1/12848] INFO  server.AbstractConnector (AbstractConnector.java:doStart(331)) - Started ServerConnector@724d2567{HTTP/1.1, (http/1.1)}{0.0.0.0:46095}
2021-01-20 18:02:49,678 [Listener at 127.0.0.1/12848] INFO  server.Server (Server.java:doStart(415)) - Started @264233ms
2021-01-20 18:02:49,678 [Listener at 127.0.0.1/12848] WARN  impl.MetricsSystemImpl (MetricsSystemImpl.java:register(276)) - Sink prometheus already exists!
2021-01-20 18:02:49,682 [Listener at 127.0.0.1/12848] INFO  http.BaseHttpServer (BaseHttpServer.java:updateConnectorAddress(327)) - HTTP server of hddsDatanode listening at http://0.0.0.0:46095
2021-01-20 18:02:49,683 [Listener at 127.0.0.1/12848] INFO  impl.MetricsSystemImpl (MetricsSystemImpl.java:init(158)) - HddsDatanode metrics system started (again)
2021-01-20 18:02:49,688 [Listener at 127.0.0.1/12848] INFO  ozone.HddsDatanodeService (HddsDatanodeService.java:start(215)) - HddsDatanodeService host:86d28932dd69 ip:172.17.0.2
2021-01-20 18:02:49,689 [Listener at 127.0.0.1/12848] INFO  volume.HddsVolume (HddsVolume.java:<init>(176)) - Creating Volume: /github/workspace/mnt/ozone/hadoop-ozone/integration-test/target/test-dir/MiniOzoneClusterImpl-618ecdb8-9cea-428a-88e6-93619fe638f4/datanode-1/data-0/containers/hdds of storage type : DISK and capacity : 9223372036854775807
2021-01-20 18:02:49,689 [Listener at 127.0.0.1/12848] INFO  volume.MutableVolumeSet (MutableVolumeSet.java:initializeVolumeSet(179)) - Added Volume : /github/workspace/mnt/ozone/hadoop-ozone/integration-test/target/test-dir/MiniOzoneClusterImpl-618ecdb8-9cea-428a-88e6-93619fe638f4/datanode-1/data-0/containers/hdds to VolumeSet
2021-01-20 18:02:49,689 [Listener at 127.0.0.1/12848] INFO  volume.ThrottledAsyncChecker (ThrottledAsyncChecker.java:schedule(141)) - Scheduling a check for /github/workspace/mnt/ozone/hadoop-ozone/integration-test/target/test-dir/MiniOzoneClusterImpl-618ecdb8-9cea-428a-88e6-93619fe638f4/datanode-1/data-0/containers/hdds
2021-01-20 18:02:49,689 [org.apache.hadoop.util.JvmPauseMonitor$Monitor@56d79312] INFO  util.JvmPauseMonitor (JvmPauseMonitor.java:run(188)) - Starting JVM pause monitor
2021-01-20 18:02:49,689 [Listener at 127.0.0.1/12848] INFO  volume.HddsVolumeChecker (HddsVolumeChecker.java:checkAllVolumes(200)) - Scheduled health check for volume /github/workspace/mnt/ozone/hadoop-ozone/integration-test/target/test-dir/MiniOzoneClusterImpl-618ecdb8-9cea-428a-88e6-93619fe638f4/datanode-1/data-0/containers/hdds
2021-01-20 18:02:49,701 [Thread-4866] INFO  ozoneimpl.ContainerReader (ContainerReader.java:readVolume(123)) - Start to verify containers on volume /github/workspace/mnt/ozone/hadoop-ozone/integration-test/target/test-dir/MiniOzoneClusterImpl-618ecdb8-9cea-428a-88e6-93619fe638f4/datanode-1/data-0/containers/hdds
2021-01-20 18:02:49,701 [Thread-4866] INFO  ozoneimpl.ContainerReader (ContainerReader.java:readVolume(148)) - Finish verifying containers on volume /github/workspace/mnt/ozone/hadoop-ozone/integration-test/target/test-dir/MiniOzoneClusterImpl-618ecdb8-9cea-428a-88e6-93619fe638f4/datanode-1/data-0/containers/hdds
2021-01-20 18:02:49,701 [Listener at 127.0.0.1/12848] INFO  ozoneimpl.OzoneContainer (OzoneContainer.java:buildContainerSet(206)) - Build ContainerSet costs 0s
2021-01-20 18:02:49,702 [Datanode State Machine Task Thread - 0] INFO  datanode.InitDatanodeState (InitDatanodeState.java:persistContainerDatanodeDetails(145)) - DatanodeDetails is persisted to /github/workspace/mnt/ozone/hadoop-ozone/integration-test/target/test-dir/MiniOzoneClusterImpl-618ecdb8-9cea-428a-88e6-93619fe638f4/datanode-0/meta/datanode.id
2021-01-20 18:02:49,703 [Listener at 127.0.0.1/12848] INFO  server.RaftServer (ConfUtils.java:logGet(44)) - raft.rpc.type = GRPC (default)
2021-01-20 18:02:49,703 [Listener at 127.0.0.1/12848] INFO  grpc.GrpcFactory (GrpcFactory.java:checkPooledByteBufAllocatorUseCacheForAllThreads(48)) - PERFORMANCE WARNING: useCacheForAllThreads is true that may cause Netty to create a lot garbage objects and, as a result, trigger GC.
	It is recommended to disable useCacheForAllThreads by setting -Dorg.apache.ratis.thirdparty.io.netty.allocator.useCacheForAllThreads=false in command line.
2021-01-20 18:02:49,703 [Listener at 127.0.0.1/12848] INFO  grpc.GrpcConfigKeys (ConfUtils.java:logGet(44)) - raft.grpc.server.port = 0 (default)
2021-01-20 18:02:49,703 [Listener at 127.0.0.1/12848] INFO  server.GrpcService (ConfUtils.java:logGet(44)) - raft.grpc.message.size.max = 32MB (=33554432) (custom)
2021-01-20 18:02:49,703 [Listener at 127.0.0.1/12848] INFO  server.RaftServerConfigKeys (ConfUtils.java:logGet(44)) - raft.server.log.appender.buffer.byte-limit = 33554432 (custom)
2021-01-20 18:02:49,703 [Listener at 127.0.0.1/12848] INFO  server.GrpcService (ConfUtils.java:logGet(44)) - raft.grpc.flow.control.window = 5MB (=5242880) (custom)
2021-01-20 18:02:49,703 [Listener at 127.0.0.1/12848] INFO  server.RaftServerConfigKeys (ConfUtils.java:logGet(44)) - raft.server.rpc.request.timeout = 60s (custom)
2021-01-20 18:02:49,704 [Listener at 127.0.0.1/12848] INFO  impl.DataStreamServerImpl (ConfUtils.java:logGet(44)) - raft.datastream.type = DISABLED (default)
2021-01-20 18:02:49,704 [Listener at 127.0.0.1/12848] INFO  server.RaftServerConfigKeys (ConfUtils.java:logGet(44)) - raft.server.rpc.slowness.timeout = 300s (custom)
2021-01-20 18:02:49,704 [Listener at 127.0.0.1/12848] INFO  server.RaftServerConfigKeys (ConfUtils.java:logGet(44)) - raft.server.leaderelection.leader.step-down.wait-time = 10s (default)
2021-01-20 18:02:49,704 [Listener at 127.0.0.1/12848] INFO  server.RaftServerConfigKeys (ConfUtils.java:logGet(44)) - raft.server.storage.dir = [/github/workspace/mnt/ozone/hadoop-ozone/integration-test/target/test-dir/MiniOzoneClusterImpl-618ecdb8-9cea-428a-88e6-93619fe638f4/datanode-1/data/ratis] (custom)
2021-01-20 18:02:49,709 [Listener at 127.0.0.1/12848] INFO  http.BaseHttpServer (BaseHttpServer.java:newHttpServer2BuilderForOzone(207)) - Starting Web-server for hddsDatanode at: http://0.0.0.0:0
2021-01-20 18:02:49,709 [Listener at 127.0.0.1/12848] INFO  http.BaseHttpServer (BaseHttpServer.java:<init>(106)) - Hadoop Security Enabled: false Ozone Security Enabled: false Ozone HTTP Security Enabled: false 
2021-01-20 18:02:49,710 [Listener at 127.0.0.1/12848] INFO  server.AuthenticationFilter (AuthenticationFilter.java:constructSecretProvider(240)) - Unable to initialize FileSignerSecretProvider, falling back to use random secrets.
2021-01-20 18:02:49,710 [Listener at 127.0.0.1/12848] WARN  http.HttpRequestLog (HttpRequestLog.java:getRequestLog(103)) - Jetty request log can only be enabled using Log4j
2021-01-20 18:02:49,711 [Listener at 127.0.0.1/12848] INFO  http.HttpServer2 (HttpServer2.java:addGlobalFilter(1020)) - Added global filter 'safety' (class=org.apache.hadoop.hdds.server.http.HttpServer2$QuotingInputFilter)
2021-01-20 18:02:49,711 [Listener at 127.0.0.1/12848] INFO  http.HttpServer2 (HttpServer2.java:addFilter(996)) - Added filter static_user_filter (class=org.apache.hadoop.http.lib.StaticUserWebFilter$StaticUserFilter) to context hddsDatanode
2021-01-20 18:02:49,711 [Listener at 127.0.0.1/12848] INFO  http.HttpServer2 (HttpServer2.java:addFilter(1004)) - Added filter static_user_filter (class=org.apache.hadoop.http.lib.StaticUserWebFilter$StaticUserFilter) to context logs
2021-01-20 18:02:49,711 [Listener at 127.0.0.1/12848] INFO  http.HttpServer2 (HttpServer2.java:addFilter(1004)) - Added filter static_user_filter (class=org.apache.hadoop.http.lib.StaticUserWebFilter$StaticUserFilter) to context static
2021-01-20 18:02:49,712 [Listener at 127.0.0.1/12848] INFO  http.HttpServer2 (HttpServer2.java:bindListener(1238)) - Jetty bound to port 37305
2021-01-20 18:02:49,712 [Listener at 127.0.0.1/12848] INFO  server.Server (Server.java:doStart(375)) - jetty-9.4.34.v20201102; built: 2020-11-02T14:15:39.302Z; git: e46af88704a893fc12cb0e3bf46e2c7b48a009e7; jvm 1.8.0_232-b09
2021-01-20 18:02:49,712 [Listener at 127.0.0.1/12848] INFO  server.session (DefaultSessionIdManager.java:doStart(334)) - DefaultSessionIdManager workerName=node0
2021-01-20 18:02:49,713 [Listener at 127.0.0.1/12848] INFO  server.session (DefaultSessionIdManager.java:doStart(339)) - No SessionScavenger set, using defaults
2021-01-20 18:02:49,713 [Listener at 127.0.0.1/12848] INFO  server.session (HouseKeeper.java:startScavenging(132)) - node0 Scavenging every 600000ms
2021-01-20 18:02:49,713 [Listener at 127.0.0.1/12848] INFO  handler.ContextHandler (ContextHandler.java:doStart(916)) - Started o.e.j.s.ServletContextHandler@72354267{logs,/logs,file:///github/workspace/mnt/ozone/hadoop-ozone/integration-test/target/log,AVAILABLE}
2021-01-20 18:02:49,713 [Listener at 127.0.0.1/12848] INFO  handler.ContextHandler (ContextHandler.java:doStart(916)) - Started o.e.j.s.ServletContextHandler@69b7dec0{static,/static,jar:file:/home/user/.m2/repository/org/apache/hadoop/hadoop-hdds-container-service/1.1.0-SNAPSHOT/hadoop-hdds-container-service-1.1.0-SNAPSHOT.jar!/webapps/static,AVAILABLE}
2021-01-20 18:02:49,878 [Listener at 127.0.0.1/12848] INFO  handler.ContextHandler (ContextHandler.java:doStart(916)) - Started o.e.j.w.WebAppContext@3b8ab41{hddsDatanode,/,file:///tmp/jetty-0_0_0_0-37305-hadoop-hdds-container-service-1_1_0-SNAPSHOT_jar-_-any-1226904878594429850/webapp/,AVAILABLE}{jar:file:/home/user/.m2/repository/org/apache/hadoop/hadoop-hdds-container-service/1.1.0-SNAPSHOT/hadoop-hdds-container-service-1.1.0-SNAPSHOT.jar!/webapps/hddsDatanode}
2021-01-20 18:02:49,879 [Listener at 127.0.0.1/12848] INFO  server.AbstractConnector (AbstractConnector.java:doStart(331)) - Started ServerConnector@3c22cf7d{HTTP/1.1, (http/1.1)}{0.0.0.0:37305}
2021-01-20 18:02:49,880 [Listener at 127.0.0.1/12848] INFO  server.Server (Server.java:doStart(415)) - Started @264434ms
2021-01-20 18:02:49,880 [Listener at 127.0.0.1/12848] WARN  impl.MetricsSystemImpl (MetricsSystemImpl.java:register(276)) - Sink prometheus already exists!
2021-01-20 18:02:49,883 [Listener at 127.0.0.1/12848] INFO  http.BaseHttpServer (BaseHttpServer.java:updateConnectorAddress(327)) - HTTP server of hddsDatanode listening at http://0.0.0.0:37305
2021-01-20 18:02:49,884 [Listener at 127.0.0.1/12848] INFO  impl.MetricsSystemImpl (MetricsSystemImpl.java:init(158)) - HddsDatanode metrics system started (again)
2021-01-20 18:02:49,886 [Listener at 127.0.0.1/12848] INFO  ozone.HddsDatanodeService (HddsDatanodeService.java:start(215)) - HddsDatanodeService host:86d28932dd69 ip:172.17.0.2
2021-01-20 18:02:49,888 [Listener at 127.0.0.1/12848] INFO  volume.HddsVolume (HddsVolume.java:<init>(176)) - Creating Volume: /github/workspace/mnt/ozone/hadoop-ozone/integration-test/target/test-dir/MiniOzoneClusterImpl-618ecdb8-9cea-428a-88e6-93619fe638f4/datanode-2/data-0/containers/hdds of storage type : DISK and capacity : 9223372036854775807
2021-01-20 18:02:49,888 [Listener at 127.0.0.1/12848] INFO  volume.MutableVolumeSet (MutableVolumeSet.java:initializeVolumeSet(179)) - Added Volume : /github/workspace/mnt/ozone/hadoop-ozone/integration-test/target/test-dir/MiniOzoneClusterImpl-618ecdb8-9cea-428a-88e6-93619fe638f4/datanode-2/data-0/containers/hdds to VolumeSet
2021-01-20 18:02:49,888 [Listener at 127.0.0.1/12848] INFO  volume.ThrottledAsyncChecker (ThrottledAsyncChecker.java:schedule(141)) - Scheduling a check for /github/workspace/mnt/ozone/hadoop-ozone/integration-test/target/test-dir/MiniOzoneClusterImpl-618ecdb8-9cea-428a-88e6-93619fe638f4/datanode-2/data-0/containers/hdds
2021-01-20 18:02:49,889 [org.apache.hadoop.util.JvmPauseMonitor$Monitor@6375dbd] INFO  util.JvmPauseMonitor (JvmPauseMonitor.java:run(188)) - Starting JVM pause monitor
2021-01-20 18:02:49,889 [Listener at 127.0.0.1/12848] INFO  volume.HddsVolumeChecker (HddsVolumeChecker.java:checkAllVolumes(200)) - Scheduled health check for volume /github/workspace/mnt/ozone/hadoop-ozone/integration-test/target/test-dir/MiniOzoneClusterImpl-618ecdb8-9cea-428a-88e6-93619fe638f4/datanode-2/data-0/containers/hdds
2021-01-20 18:02:49,892 [Datanode State Machine Task Thread - 0] INFO  datanode.InitDatanodeState (InitDatanodeState.java:persistContainerDatanodeDetails(145)) - DatanodeDetails is persisted to /github/workspace/mnt/ozone/hadoop-ozone/integration-test/target/test-dir/MiniOzoneClusterImpl-618ecdb8-9cea-428a-88e6-93619fe638f4/datanode-1/meta/datanode.id
2021-01-20 18:02:49,901 [Thread-4877] INFO  ozoneimpl.ContainerReader (ContainerReader.java:readVolume(123)) - Start to verify containers on volume /github/workspace/mnt/ozone/hadoop-ozone/integration-test/target/test-dir/MiniOzoneClusterImpl-618ecdb8-9cea-428a-88e6-93619fe638f4/datanode-2/data-0/containers/hdds
2021-01-20 18:02:49,901 [Thread-4877] INFO  ozoneimpl.ContainerReader (ContainerReader.java:readVolume(148)) - Finish verifying containers on volume /github/workspace/mnt/ozone/hadoop-ozone/integration-test/target/test-dir/MiniOzoneClusterImpl-618ecdb8-9cea-428a-88e6-93619fe638f4/datanode-2/data-0/containers/hdds
2021-01-20 18:02:49,901 [Listener at 127.0.0.1/12848] INFO  ozoneimpl.OzoneContainer (OzoneContainer.java:buildContainerSet(206)) - Build ContainerSet costs 0s
2021-01-20 18:02:49,902 [Listener at 127.0.0.1/12848] INFO  server.RaftServer (ConfUtils.java:logGet(44)) - raft.rpc.type = GRPC (default)
2021-01-20 18:02:49,903 [Listener at 127.0.0.1/12848] INFO  grpc.GrpcFactory (GrpcFactory.java:checkPooledByteBufAllocatorUseCacheForAllThreads(48)) - PERFORMANCE WARNING: useCacheForAllThreads is true that may cause Netty to create a lot garbage objects and, as a result, trigger GC.
	It is recommended to disable useCacheForAllThreads by setting -Dorg.apache.ratis.thirdparty.io.netty.allocator.useCacheForAllThreads=false in command line.
2021-01-20 18:02:49,903 [Listener at 127.0.0.1/12848] INFO  grpc.GrpcConfigKeys (ConfUtils.java:logGet(44)) - raft.grpc.server.port = 0 (default)
2021-01-20 18:02:49,903 [Listener at 127.0.0.1/12848] INFO  server.GrpcService (ConfUtils.java:logGet(44)) - raft.grpc.message.size.max = 32MB (=33554432) (custom)
2021-01-20 18:02:49,903 [Listener at 127.0.0.1/12848] INFO  server.RaftServerConfigKeys (ConfUtils.java:logGet(44)) - raft.server.log.appender.buffer.byte-limit = 33554432 (custom)
2021-01-20 18:02:49,903 [Listener at 127.0.0.1/12848] INFO  server.GrpcService (ConfUtils.java:logGet(44)) - raft.grpc.flow.control.window = 5MB (=5242880) (custom)
2021-01-20 18:02:49,903 [Listener at 127.0.0.1/12848] INFO  server.RaftServerConfigKeys (ConfUtils.java:logGet(44)) - raft.server.rpc.request.timeout = 60s (custom)
2021-01-20 18:02:49,904 [Listener at 127.0.0.1/12848] INFO  impl.DataStreamServerImpl (ConfUtils.java:logGet(44)) - raft.datastream.type = DISABLED (default)
2021-01-20 18:02:49,904 [Listener at 127.0.0.1/12848] INFO  server.RaftServerConfigKeys (ConfUtils.java:logGet(44)) - raft.server.rpc.slowness.timeout = 300s (custom)
2021-01-20 18:02:49,904 [Listener at 127.0.0.1/12848] INFO  server.RaftServerConfigKeys (ConfUtils.java:logGet(44)) - raft.server.leaderelection.leader.step-down.wait-time = 10s (default)
2021-01-20 18:02:49,904 [Listener at 127.0.0.1/12848] INFO  server.RaftServerConfigKeys (ConfUtils.java:logGet(44)) - raft.server.storage.dir = [/github/workspace/mnt/ozone/hadoop-ozone/integration-test/target/test-dir/MiniOzoneClusterImpl-618ecdb8-9cea-428a-88e6-93619fe638f4/datanode-2/data/ratis] (custom)
2021-01-20 18:02:49,909 [Listener at 127.0.0.1/12848] INFO  http.BaseHttpServer (BaseHttpServer.java:newHttpServer2BuilderForOzone(207)) - Starting Web-server for hddsDatanode at: http://0.0.0.0:0
2021-01-20 18:02:49,909 [Listener at 127.0.0.1/12848] INFO  http.BaseHttpServer (BaseHttpServer.java:<init>(106)) - Hadoop Security Enabled: false Ozone Security Enabled: false Ozone HTTP Security Enabled: false 
2021-01-20 18:02:49,910 [Listener at 127.0.0.1/12848] INFO  server.AuthenticationFilter (AuthenticationFilter.java:constructSecretProvider(240)) - Unable to initialize FileSignerSecretProvider, falling back to use random secrets.
2021-01-20 18:02:49,910 [Listener at 127.0.0.1/12848] WARN  http.HttpRequestLog (HttpRequestLog.java:getRequestLog(103)) - Jetty request log can only be enabled using Log4j
2021-01-20 18:02:49,911 [Listener at 127.0.0.1/12848] INFO  http.HttpServer2 (HttpServer2.java:addGlobalFilter(1020)) - Added global filter 'safety' (class=org.apache.hadoop.hdds.server.http.HttpServer2$QuotingInputFilter)
2021-01-20 18:02:49,911 [Listener at 127.0.0.1/12848] INFO  http.HttpServer2 (HttpServer2.java:addFilter(996)) - Added filter static_user_filter (class=org.apache.hadoop.http.lib.StaticUserWebFilter$StaticUserFilter) to context hddsDatanode
2021-01-20 18:02:49,912 [Listener at 127.0.0.1/12848] INFO  http.HttpServer2 (HttpServer2.java:addFilter(1004)) - Added filter static_user_filter (class=org.apache.hadoop.http.lib.StaticUserWebFilter$StaticUserFilter) to context static
2021-01-20 18:02:49,912 [Listener at 127.0.0.1/12848] INFO  http.HttpServer2 (HttpServer2.java:addFilter(1004)) - Added filter static_user_filter (class=org.apache.hadoop.http.lib.StaticUserWebFilter$StaticUserFilter) to context logs
2021-01-20 18:02:49,912 [Listener at 127.0.0.1/12848] INFO  http.HttpServer2 (HttpServer2.java:bindListener(1238)) - Jetty bound to port 39395
2021-01-20 18:02:49,912 [Listener at 127.0.0.1/12848] INFO  server.Server (Server.java:doStart(375)) - jetty-9.4.34.v20201102; built: 2020-11-02T14:15:39.302Z; git: e46af88704a893fc12cb0e3bf46e2c7b48a009e7; jvm 1.8.0_232-b09
2021-01-20 18:02:49,913 [Listener at 127.0.0.1/12848] INFO  server.session (DefaultSessionIdManager.java:doStart(334)) - DefaultSessionIdManager workerName=node0
2021-01-20 18:02:49,913 [Listener at 127.0.0.1/12848] INFO  server.session (DefaultSessionIdManager.java:doStart(339)) - No SessionScavenger set, using defaults
2021-01-20 18:02:49,913 [Listener at 127.0.0.1/12848] INFO  server.session (HouseKeeper.java:startScavenging(132)) - node0 Scavenging every 600000ms
2021-01-20 18:02:49,914 [Listener at 127.0.0.1/12848] INFO  handler.ContextHandler (ContextHandler.java:doStart(916)) - Started o.e.j.s.ServletContextHandler@14b0332e{logs,/logs,file:///github/workspace/mnt/ozone/hadoop-ozone/integration-test/target/log,AVAILABLE}
2021-01-20 18:02:49,914 [Listener at 127.0.0.1/12848] INFO  handler.ContextHandler (ContextHandler.java:doStart(916)) - Started o.e.j.s.ServletContextHandler@12f897a5{static,/static,jar:file:/home/user/.m2/repository/org/apache/hadoop/hadoop-hdds-container-service/1.1.0-SNAPSHOT/hadoop-hdds-container-service-1.1.0-SNAPSHOT.jar!/webapps/static,AVAILABLE}
2021-01-20 18:02:50,070 [Listener at 127.0.0.1/12848] INFO  handler.ContextHandler (ContextHandler.java:doStart(916)) - Started o.e.j.w.WebAppContext@60cf0414{hddsDatanode,/,file:///tmp/jetty-0_0_0_0-39395-hadoop-hdds-container-service-1_1_0-SNAPSHOT_jar-_-any-7490416581813777790/webapp/,AVAILABLE}{jar:file:/home/user/.m2/repository/org/apache/hadoop/hadoop-hdds-container-service/1.1.0-SNAPSHOT/hadoop-hdds-container-service-1.1.0-SNAPSHOT.jar!/webapps/hddsDatanode}
2021-01-20 18:02:50,075 [Listener at 127.0.0.1/12848] INFO  server.AbstractConnector (AbstractConnector.java:doStart(331)) - Started ServerConnector@5a40b342{HTTP/1.1, (http/1.1)}{0.0.0.0:39395}
2021-01-20 18:02:50,076 [Listener at 127.0.0.1/12848] INFO  server.Server (Server.java:doStart(415)) - Started @264630ms
2021-01-20 18:02:50,076 [Listener at 127.0.0.1/12848] WARN  impl.MetricsSystemImpl (MetricsSystemImpl.java:register(276)) - Sink prometheus already exists!
2021-01-20 18:02:50,079 [Listener at 127.0.0.1/12848] INFO  http.BaseHttpServer (BaseHttpServer.java:updateConnectorAddress(327)) - HTTP server of hddsDatanode listening at http://0.0.0.0:39395
2021-01-20 18:02:50,080 [Listener at 127.0.0.1/12848] INFO  ozone.MiniOzoneClusterImpl (MiniOzoneClusterImpl.java:lambda$waitForClusterToBeReady$0(179)) - Waiting for nodes to be ready. Got 0 of 3 DN Heartbeats.
2021-01-20 18:02:50,080 [Listener at 127.0.0.1/12848] INFO  ozone.MiniOzoneClusterImpl (MiniOzoneClusterImpl.java:lambda$waitForClusterToBeReady$0(182)) - Waiting for cluster to exit safe mode
2021-01-20 18:02:50,084 [org.apache.hadoop.util.JvmPauseMonitor$Monitor@726d16db] INFO  util.JvmPauseMonitor (JvmPauseMonitor.java:run(188)) - Starting JVM pause monitor
2021-01-20 18:02:50,084 [Datanode State Machine Task Thread - 0] INFO  datanode.InitDatanodeState (InitDatanodeState.java:persistContainerDatanodeDetails(145)) - DatanodeDetails is persisted to /github/workspace/mnt/ozone/hadoop-ozone/integration-test/target/test-dir/MiniOzoneClusterImpl-618ecdb8-9cea-428a-88e6-93619fe638f4/datanode-2/meta/datanode.id
2021-01-20 18:02:50,238 [Thread-4746] INFO  impl.FollowerState (FollowerState.java:run(133)) - omNode-1@group-523986131536-FollowerState: change to CANDIDATE, lastRpcElapsedTime:1148929330ns, electionTimeout:1147ms
2021-01-20 18:02:50,238 [Thread-4746] INFO  impl.RoleInfo (RoleInfo.java:shutdownFollowerState(108)) - omNode-1: shutdown omNode-1@group-523986131536-FollowerState
2021-01-20 18:02:50,238 [Thread-4746] INFO  server.RaftServer$Division (RaftServerImpl.java:setRole(283)) - omNode-1@group-523986131536: changes role from  FOLLOWER to CANDIDATE at term 0 for changeToCandidate
2021-01-20 18:02:50,239 [Thread-4746] INFO  impl.RoleInfo (RoleInfo.java:updateAndGet(130)) - omNode-1: start omNode-1@group-523986131536-LeaderElection89
2021-01-20 18:02:50,240 [omNode-1@group-523986131536-LeaderElection89] INFO  impl.LeaderElection (LeaderElection.java:askForPreVotes(259)) - omNode-1@group-523986131536-LeaderElection89: begin a pre-vote at term 0 for -1: [omNode-3|rpc:localhost:12852|priority:0, omNode-1|rpc:localhost:12840|priority:0, omNode-2|rpc:localhost:12846|priority:0], old=null
2021-01-20 18:02:50,244 [grpc-default-executor-6] INFO  server.RaftServer$Division (RaftServerImpl.java:requestPreVote(1060)) - omNode-3@group-523986131536: receive preVote(omNode-1, group-523986131536, 0, (t:0, i:~))
2021-01-20 18:02:50,245 [grpc-default-executor-6] INFO  server.RaftServer$Division (RaftServerImpl.java:requestPreVote(1081)) - omNode-3@group-523986131536 role: FOLLOWER allow pre-vote from:omNode-1
2021-01-20 18:02:50,245 [grpc-default-executor-6] INFO  server.RaftServer$Division (RaftServerImpl.java:requestPreVote(1099)) - omNode-3@group-523986131536 replies to pre-vote request: omNode-1<-omNode-3#0:OK-t0. Peer's state: omNode-3@group-523986131536:t0, leader=null, voted=, raftlog=omNode-3@group-523986131536-SegmentedRaftLog:OPENED:c-1,f-1,i0, conf=-1: [omNode-3|rpc:localhost:12852|priority:0, omNode-1|rpc:localhost:12840|priority:0, omNode-2|rpc:localhost:12846|priority:0], old=null
2021-01-20 18:02:50,246 [grpc-default-executor-6] INFO  server.RaftServer$Division (RaftServerImpl.java:requestPreVote(1060)) - omNode-2@group-523986131536: receive preVote(omNode-1, group-523986131536, 0, (t:0, i:~))
2021-01-20 18:02:50,246 [grpc-default-executor-6] INFO  server.RaftServer$Division (RaftServerImpl.java:requestPreVote(1081)) - omNode-2@group-523986131536 role: FOLLOWER allow pre-vote from:omNode-1
2021-01-20 18:02:50,246 [grpc-default-executor-6] INFO  server.RaftServer$Division (RaftServerImpl.java:requestPreVote(1099)) - omNode-2@group-523986131536 replies to pre-vote request: omNode-1<-omNode-2#0:OK-t0. Peer's state: omNode-2@group-523986131536:t0, leader=null, voted=, raftlog=omNode-2@group-523986131536-SegmentedRaftLog:OPENED:c-1,f-1,i0, conf=-1: [omNode-3|rpc:localhost:12852|priority:0, omNode-1|rpc:localhost:12840|priority:0, omNode-2|rpc:localhost:12846|priority:0], old=null
2021-01-20 18:02:50,246 [omNode-1@group-523986131536-LeaderElection89] INFO  impl.LeaderElection (LeaderElection.java:logAndReturn(68)) - omNode-1@group-523986131536-LeaderElection89: Pre-vote  PASSED received 1 response(s):[omNode-1<-omNode-2#0:OK-t0]
2021-01-20 18:02:50,246 [omNode-1@group-523986131536-LeaderElection89] INFO  impl.LeaderElection (LeaderElection.java:askForPreVotes(261)) - omNode-1@group-523986131536-LeaderElection89 pre-vote result is PASSED.
2021-01-20 18:02:50,249 [omNode-1@group-523986131536-LeaderElection89] INFO  impl.LeaderElection (LeaderElection.java:askForVotes(308)) - omNode-1@group-523986131536-LeaderElection89: begin an election at term 1 for -1: [omNode-3|rpc:localhost:12852|priority:0, omNode-1|rpc:localhost:12840|priority:0, omNode-2|rpc:localhost:12846|priority:0], old=null
2021-01-20 18:02:50,250 [grpc-default-executor-6] INFO  server.RaftServer$Division (RaftServerImpl.java:setRole(283)) - omNode-3@group-523986131536: changes role from  FOLLOWER to FOLLOWER at term 1 for recognizeCandidate:omNode-1
2021-01-20 18:02:50,250 [grpc-default-executor-6] INFO  impl.RoleInfo (RoleInfo.java:shutdownFollowerState(108)) - omNode-3: shutdown omNode-3@group-523986131536-FollowerState
2021-01-20 18:02:50,250 [grpc-default-executor-6] INFO  impl.RoleInfo (RoleInfo.java:updateAndGet(130)) - omNode-3: start omNode-3@group-523986131536-FollowerState
2021-01-20 18:02:50,250 [Thread-4822] INFO  impl.FollowerState (FollowerState.java:run(142)) - omNode-3@group-523986131536-FollowerState was interrupted: {}
java.lang.InterruptedException: sleep interrupted
	at java.lang.Thread.sleep(Native Method)
	at java.lang.Thread.sleep(Thread.java:340)
	at java.util.concurrent.TimeUnit.sleep(TimeUnit.java:386)
	at org.apache.ratis.util.TimeDuration.sleep(TimeDuration.java:324)
	at org.apache.ratis.util.TimeDuration.sleep(TimeDuration.java:309)
	at org.apache.ratis.server.impl.FollowerState.run(FollowerState.java:117)
2021-01-20 18:02:50,251 [grpc-default-executor-3] INFO  server.RaftServer$Division (RaftServerImpl.java:setRole(283)) - omNode-2@group-523986131536: changes role from  FOLLOWER to FOLLOWER at term 1 for recognizeCandidate:omNode-1
2021-01-20 18:02:50,251 [grpc-default-executor-3] INFO  impl.RoleInfo (RoleInfo.java:shutdownFollowerState(108)) - omNode-2: shutdown omNode-2@group-523986131536-FollowerState
2021-01-20 18:02:50,251 [grpc-default-executor-3] INFO  impl.RoleInfo (RoleInfo.java:updateAndGet(130)) - omNode-2: start omNode-2@group-523986131536-FollowerState
2021-01-20 18:02:50,252 [Thread-4784] INFO  impl.FollowerState (FollowerState.java:run(142)) - omNode-2@group-523986131536-FollowerState was interrupted: {}
java.lang.InterruptedException: sleep interrupted
	at java.lang.Thread.sleep(Native Method)
	at java.lang.Thread.sleep(Thread.java:340)
	at java.util.concurrent.TimeUnit.sleep(TimeUnit.java:386)
	at org.apache.ratis.util.TimeDuration.sleep(TimeDuration.java:324)
	at org.apache.ratis.util.TimeDuration.sleep(TimeDuration.java:309)
	at org.apache.ratis.server.impl.FollowerState.run(FollowerState.java:117)
2021-01-20 18:02:50,251 [grpc-default-executor-6] INFO  server.RaftServer$Division (RaftServerImpl.java:requestVote(1137)) -  FOLLOWER omNode-3@group-523986131536:t1, leader=null, voted=null, raftlog=omNode-3@group-523986131536-SegmentedRaftLog:OPENED:c-1,f-1,i0, conf=-1: [omNode-3|rpc:localhost:12852|priority:0, omNode-1|rpc:localhost:12840|priority:0, omNode-2|rpc:localhost:12846|priority:0], old=null RUNNING priority:0 candidate:omNode-1|rpc:localhost:12840|priority:0 candidatePriority:0 compare:0
2021-01-20 18:02:50,253 [grpc-default-executor-3] INFO  server.RaftServer$Division (RaftServerImpl.java:requestVote(1137)) -  FOLLOWER omNode-2@group-523986131536:t1, leader=null, voted=null, raftlog=omNode-2@group-523986131536-SegmentedRaftLog:OPENED:c-1,f-1,i0, conf=-1: [omNode-3|rpc:localhost:12852|priority:0, omNode-1|rpc:localhost:12840|priority:0, omNode-2|rpc:localhost:12846|priority:0], old=null RUNNING priority:0 candidate:omNode-1|rpc:localhost:12840|priority:0 candidatePriority:0 compare:0
2021-01-20 18:02:50,256 [omNode-1@group-523986131536-LeaderElection89] INFO  impl.LeaderElection (LeaderElection.java:logAndReturn(68)) - omNode-1@group-523986131536-LeaderElection89: Election  PASSED received 1 response(s):[omNode-1<-omNode-3#0:OK-t1]
2021-01-20 18:02:50,256 [omNode-1@group-523986131536-LeaderElection89] INFO  impl.RoleInfo (RoleInfo.java:shutdownLeaderElection(121)) - omNode-1: shutdown omNode-1@group-523986131536-LeaderElection89
2021-01-20 18:02:50,256 [omNode-1@group-523986131536-LeaderElection89] INFO  server.RaftServer$Division (RaftServerImpl.java:setRole(283)) - omNode-1@group-523986131536: changes role from CANDIDATE to LEADER at term 1 for changeToLeader
2021-01-20 18:02:50,256 [omNode-1@group-523986131536-LeaderElection89] INFO  server.RaftServer$Division (ServerState.java:setLeader(249)) - omNode-1@group-523986131536: change Leader from null to omNode-1 at term 1 for becomeLeader, leader elected after 1178ms
2021-01-20 18:02:50,256 [omNode-1@group-523986131536-LeaderElection89] INFO  server.RaftServerConfigKeys (ConfUtils.java:logGet(44)) - raft.server.staging.catchup.gap = 1000 (default)
2021-01-20 18:02:50,256 [omNode-1@group-523986131536-LeaderElection89] INFO  metrics.RatisMetrics (RatisMetrics.java:lambda$create$0(36)) - Creating Metrics Registry : ratis.log_appender.omNode-1@group-523986131536
2021-01-20 18:02:50,256 [omNode-1@group-523986131536-LeaderElection89] INFO  server.RaftServerConfigKeys (ConfUtils.java:logGet(44)) - raft.server.write.element-limit = 4096 (default)
2021-01-20 18:02:50,256 [omNode-1@group-523986131536-LeaderElection89] INFO  server.RaftServerConfigKeys (ConfUtils.java:logGet(44)) - raft.server.write.byte-limit = 64MB (=67108864) (default)
2021-01-20 18:02:50,257 [omNode-1@group-523986131536-LeaderElection89] INFO  server.RaftServerConfigKeys (ConfUtils.java:logGet(44)) - raft.server.watch.timeout = 10s (default)
2021-01-20 18:02:50,257 [omNode-1@group-523986131536-LeaderElection89] INFO  server.RaftServerConfigKeys (ConfUtils.java:logGet(44)) - raft.server.watch.timeout.denomination = 1s (default)
2021-01-20 18:02:50,257 [omNode-1@group-523986131536-LeaderElection89] INFO  server.RaftServerConfigKeys (ConfUtils.java:logGet(44)) - raft.server.watch.element-limit = 65536 (default)
2021-01-20 18:02:50,257 [omNode-1@group-523986131536-LeaderElection89] INFO  server.RaftServerConfigKeys (ConfUtils.java:logGet(44)) - raft.server.log.appender.snapshot.chunk.size.max = 16MB (=16777216) (default)
2021-01-20 18:02:50,257 [omNode-1@group-523986131536-LeaderElection89] INFO  server.RaftServerConfigKeys (ConfUtils.java:logGet(44)) - raft.server.log.appender.buffer.byte-limit = 33554432 (custom)
2021-01-20 18:02:50,257 [omNode-1@group-523986131536-LeaderElection89] INFO  server.RaftServerConfigKeys (ConfUtils.java:logGet(44)) - raft.server.log.appender.buffer.element-limit = 1024 (custom)
2021-01-20 18:02:50,258 [omNode-1@group-523986131536-LeaderElection89] INFO  grpc.GrpcConfigKeys (ConfUtils.java:logGet(44)) - raft.grpc.server.leader.outstanding.appends.max = 128 (default)
2021-01-20 18:02:50,258 [omNode-1@group-523986131536-LeaderElection89] INFO  server.RaftServerConfigKeys (ConfUtils.java:logGet(44)) - raft.server.rpc.request.timeout = 3000ms (default)
2021-01-20 18:02:50,258 [omNode-1@group-523986131536-LeaderElection89] INFO  server.RaftServerConfigKeys (ConfUtils.java:logGet(44)) - raft.server.log.appender.install.snapshot.enabled = false (custom)
2021-01-20 18:02:50,258 [omNode-1@group-523986131536-LeaderElection89] INFO  metrics.RatisMetrics (RatisMetrics.java:lambda$create$0(36)) - Creating Metrics Registry : ratis_grpc.log_appender.omNode-1@group-523986131536
2021-01-20 18:02:50,261 [omNode-1@group-523986131536-LeaderElection89] INFO  server.RaftServerConfigKeys (ConfUtils.java:logGet(44)) - raft.server.log.appender.snapshot.chunk.size.max = 16MB (=16777216) (default)
2021-01-20 18:02:50,261 [omNode-1@group-523986131536-LeaderElection89] INFO  server.RaftServerConfigKeys (ConfUtils.java:logGet(44)) - raft.server.log.appender.buffer.byte-limit = 33554432 (custom)
2021-01-20 18:02:50,261 [omNode-1@group-523986131536-LeaderElection89] INFO  server.RaftServerConfigKeys (ConfUtils.java:logGet(44)) - raft.server.log.appender.buffer.element-limit = 1024 (custom)
2021-01-20 18:02:50,261 [omNode-1@group-523986131536-LeaderElection89] INFO  grpc.GrpcConfigKeys (ConfUtils.java:logGet(44)) - raft.grpc.server.leader.outstanding.appends.max = 128 (default)
2021-01-20 18:02:50,261 [omNode-1@group-523986131536-LeaderElection89] INFO  server.RaftServerConfigKeys (ConfUtils.java:logGet(44)) - raft.server.rpc.request.timeout = 3000ms (default)
2021-01-20 18:02:50,261 [omNode-1@group-523986131536-LeaderElection89] INFO  server.RaftServerConfigKeys (ConfUtils.java:logGet(44)) - raft.server.log.appender.install.snapshot.enabled = false (custom)
2021-01-20 18:02:50,264 [omNode-1@group-523986131536-LeaderElection89] INFO  impl.RoleInfo (RoleInfo.java:updateAndGet(130)) - omNode-1: start omNode-1@group-523986131536-LeaderStateImpl
2021-01-20 18:02:50,264 [omNode-1@group-523986131536-LeaderElection89] INFO  segmented.SegmentedRaftLogWorker (SegmentedRaftLogWorker.java:startLogSegment(392)) - omNode-1@group-523986131536-SegmentedRaftLogWorker: Starting segment from index:0
2021-01-20 18:02:50,276 [omNode-1@group-523986131536-LeaderElection89] INFO  server.RaftServer$Division (ServerState.java:setRaftConf(368)) - omNode-1@group-523986131536: set configuration 0: [omNode-3|rpc:localhost:12852|dataStream:|priority:0, omNode-1|rpc:localhost:12840|dataStream:|priority:0, omNode-2|rpc:localhost:12846|dataStream:|priority:0], old=null
2021-01-20 18:02:50,290 [grpc-default-executor-8] INFO  server.RaftServer$Division (ServerState.java:setLeader(249)) - omNode-2@group-523986131536: change Leader from null to omNode-1 at term 1 for appendEntries, leader elected after 1079ms
2021-01-20 18:02:50,290 [grpc-default-executor-7] INFO  server.RaftServer$Division (ServerState.java:setLeader(249)) - omNode-3@group-523986131536: change Leader from null to omNode-1 at term 1 for appendEntries, leader elected after 912ms
2021-01-20 18:02:50,293 [grpc-default-executor-8] INFO  server.RaftServer$Division (ServerState.java:setRaftConf(368)) - omNode-2@group-523986131536: set configuration 0: [omNode-3|rpc:localhost:12852|dataStream:|priority:0, omNode-1|rpc:localhost:12840|dataStream:|priority:0, omNode-2|rpc:localhost:12846|dataStream:|priority:0], old=null
2021-01-20 18:02:50,293 [grpc-default-executor-7] INFO  server.RaftServer$Division (ServerState.java:setRaftConf(368)) - omNode-3@group-523986131536: set configuration 0: [omNode-3|rpc:localhost:12852|dataStream:|priority:0, omNode-1|rpc:localhost:12840|dataStream:|priority:0, omNode-2|rpc:localhost:12846|dataStream:|priority:0], old=null
2021-01-20 18:02:50,295 [grpc-default-executor-8] INFO  segmented.SegmentedRaftLogWorker (SegmentedRaftLogWorker.java:startLogSegment(392)) - omNode-2@group-523986131536-SegmentedRaftLogWorker: Starting segment from index:0
2021-01-20 18:02:50,295 [grpc-default-executor-7] INFO  segmented.SegmentedRaftLogWorker (SegmentedRaftLogWorker.java:startLogSegment(392)) - omNode-3@group-523986131536-SegmentedRaftLogWorker: Starting segment from index:0
2021-01-20 18:02:50,418 [omNode-1@group-523986131536-SegmentedRaftLogWorker] INFO  segmented.SegmentedRaftLogWorker (SegmentedRaftLogWorker.java:execute(599)) - omNode-1@group-523986131536-SegmentedRaftLogWorker: created new log segment /github/workspace/mnt/ozone/hadoop-ozone/integration-test/target/test-dir/MiniOzoneClusterImpl-618ecdb8-9cea-428a-88e6-93619fe638f4/omNode-1/ratis/c9bc4cf4-3bc3-3c60-a66b-523986131536/current/log_inprogress_0
2021-01-20 18:02:50,418 [omNode-3@group-523986131536-SegmentedRaftLogWorker] INFO  segmented.SegmentedRaftLogWorker (SegmentedRaftLogWorker.java:execute(599)) - omNode-3@group-523986131536-SegmentedRaftLogWorker: created new log segment /github/workspace/mnt/ozone/hadoop-ozone/integration-test/target/test-dir/MiniOzoneClusterImpl-618ecdb8-9cea-428a-88e6-93619fe638f4/omNode-3/ratis/c9bc4cf4-3bc3-3c60-a66b-523986131536/current/log_inprogress_0
2021-01-20 18:02:50,419 [omNode-2@group-523986131536-SegmentedRaftLogWorker] INFO  segmented.SegmentedRaftLogWorker (SegmentedRaftLogWorker.java:execute(599)) - omNode-2@group-523986131536-SegmentedRaftLogWorker: created new log segment /github/workspace/mnt/ozone/hadoop-ozone/integration-test/target/test-dir/MiniOzoneClusterImpl-618ecdb8-9cea-428a-88e6-93619fe638f4/omNode-2/ratis/c9bc4cf4-3bc3-3c60-a66b-523986131536/current/log_inprogress_0
2021-01-20 18:02:51,080 [Listener at 127.0.0.1/12848] INFO  ozone.MiniOzoneClusterImpl (MiniOzoneClusterImpl.java:lambda$waitForClusterToBeReady$0(179)) - Waiting for nodes to be ready. Got 0 of 3 DN Heartbeats.
2021-01-20 18:02:51,080 [Listener at 127.0.0.1/12848] INFO  ozone.MiniOzoneClusterImpl (MiniOzoneClusterImpl.java:lambda$waitForClusterToBeReady$0(182)) - Waiting for cluster to exit safe mode
2021-01-20 18:02:51,696 [EndpointStateMachine task thread for /0.0.0.0:44775 - 0 ] INFO  ozoneimpl.OzoneContainer (OzoneContainer.java:start(255)) - Attempting to start container services.
2021-01-20 18:02:51,696 [EndpointStateMachine task thread for /0.0.0.0:44775 - 0 ] INFO  ozoneimpl.OzoneContainer (OzoneContainer.java:startContainerScrub(219)) - Background container scanner has been disabled.
2021-01-20 18:02:51,697 [EndpointStateMachine task thread for /0.0.0.0:44775 - 0 ] INFO  replication.ReplicationServer (ReplicationServer.java:start(111)) - ReplicationServer is started using port 38103
2021-01-20 18:02:51,697 [EndpointStateMachine task thread for /0.0.0.0:44775 - 0 ] INFO  ratis.XceiverServerRatis (XceiverServerRatis.java:start(455)) - Starting XceiverServerRatis 1987e6aa-0f3f-4058-93c6-f087debdef03 at port 0
2021-01-20 18:02:51,697 [EndpointStateMachine task thread for /0.0.0.0:44775 - 0 ] INFO  server.RaftServer (RaftServerProxy.java:lambda$start$5(372)) - 1987e6aa-0f3f-4058-93c6-f087debdef03: start RPC server
2021-01-20 18:02:51,698 [EndpointStateMachine task thread for /0.0.0.0:44775 - 0 ] INFO  server.GrpcService (GrpcService.java:startImpl(176)) - 1987e6aa-0f3f-4058-93c6-f087debdef03: GrpcService started, listening on 0.0.0.0/0.0.0.0:38173
2021-01-20 18:02:51,698 [EndpointStateMachine task thread for /0.0.0.0:44775 - 0 ] INFO  ratis.XceiverServerRatis (XceiverServerRatis.java:start(467)) - XceiverServerRatis 1987e6aa-0f3f-4058-93c6-f087debdef03 is started using port 38173
2021-01-20 18:02:51,698 [org.apache.ratis.util.JvmPauseMonitor$$Lambda$305/2072734511@35bbfa88] INFO  util.JvmPauseMonitor (JvmPauseMonitor.java:run(103)) - JvmPauseMonitor-1987e6aa-0f3f-4058-93c6-f087debdef03: Started
2021-01-20 18:02:51,698 [EndpointStateMachine task thread for /0.0.0.0:44775 - 0 ] INFO  server.XceiverServerGrpc (XceiverServerGrpc.java:start(139)) - XceiverServerGrpc 1987e6aa-0f3f-4058-93c6-f087debdef03 is started using port 41195
2021-01-20 18:02:51,896 [EndpointStateMachine task thread for /0.0.0.0:44775 - 0 ] INFO  ozoneimpl.OzoneContainer (OzoneContainer.java:start(255)) - Attempting to start container services.
2021-01-20 18:02:51,896 [EndpointStateMachine task thread for /0.0.0.0:44775 - 0 ] INFO  ozoneimpl.OzoneContainer (OzoneContainer.java:startContainerScrub(219)) - Background container scanner has been disabled.
2021-01-20 18:02:51,896 [EndpointStateMachine task thread for /0.0.0.0:44775 - 0 ] INFO  replication.ReplicationServer (ReplicationServer.java:start(111)) - ReplicationServer is started using port 34279
2021-01-20 18:02:51,896 [EndpointStateMachine task thread for /0.0.0.0:44775 - 0 ] INFO  ratis.XceiverServerRatis (XceiverServerRatis.java:start(455)) - Starting XceiverServerRatis e3fc3b7a-517a-44b3-8821-d76e91ceea3d at port 0
2021-01-20 18:02:51,897 [EndpointStateMachine task thread for /0.0.0.0:44775 - 0 ] INFO  server.RaftServer (RaftServerProxy.java:lambda$start$5(372)) - e3fc3b7a-517a-44b3-8821-d76e91ceea3d: start RPC server
2021-01-20 18:02:51,903 [EndpointStateMachine task thread for /0.0.0.0:44775 - 0 ] INFO  server.GrpcService (GrpcService.java:startImpl(176)) - e3fc3b7a-517a-44b3-8821-d76e91ceea3d: GrpcService started, listening on 0.0.0.0/0.0.0.0:39927
2021-01-20 18:02:51,903 [EndpointStateMachine task thread for /0.0.0.0:44775 - 0 ] INFO  ratis.XceiverServerRatis (XceiverServerRatis.java:start(467)) - XceiverServerRatis e3fc3b7a-517a-44b3-8821-d76e91ceea3d is started using port 39927
2021-01-20 18:02:51,903 [org.apache.ratis.util.JvmPauseMonitor$$Lambda$305/2072734511@7d439293] INFO  util.JvmPauseMonitor (JvmPauseMonitor.java:run(103)) - JvmPauseMonitor-e3fc3b7a-517a-44b3-8821-d76e91ceea3d: Started
2021-01-20 18:02:51,903 [EndpointStateMachine task thread for /0.0.0.0:44775 - 0 ] INFO  server.XceiverServerGrpc (XceiverServerGrpc.java:start(139)) - XceiverServerGrpc e3fc3b7a-517a-44b3-8821-d76e91ceea3d is started using port 45859
2021-01-20 18:02:52,080 [Listener at 127.0.0.1/12848] INFO  ozone.MiniOzoneClusterImpl (MiniOzoneClusterImpl.java:lambda$waitForClusterToBeReady$0(179)) - Waiting for nodes to be ready. Got 0 of 3 DN Heartbeats.
2021-01-20 18:02:52,080 [Listener at 127.0.0.1/12848] INFO  ozone.MiniOzoneClusterImpl (MiniOzoneClusterImpl.java:lambda$waitForClusterToBeReady$0(182)) - Waiting for cluster to exit safe mode
2021-01-20 18:02:52,087 [EndpointStateMachine task thread for /0.0.0.0:44775 - 0 ] INFO  ozoneimpl.OzoneContainer (OzoneContainer.java:start(255)) - Attempting to start container services.
2021-01-20 18:02:52,088 [EndpointStateMachine task thread for /0.0.0.0:44775 - 0 ] INFO  ozoneimpl.OzoneContainer (OzoneContainer.java:startContainerScrub(219)) - Background container scanner has been disabled.
2021-01-20 18:02:52,088 [EndpointStateMachine task thread for /0.0.0.0:44775 - 0 ] INFO  replication.ReplicationServer (ReplicationServer.java:start(111)) - ReplicationServer is started using port 33233
2021-01-20 18:02:52,088 [EndpointStateMachine task thread for /0.0.0.0:44775 - 0 ] INFO  ratis.XceiverServerRatis (XceiverServerRatis.java:start(455)) - Starting XceiverServerRatis 564d795e-2911-4ce0-b6aa-bf548929a9a6 at port 0
2021-01-20 18:02:52,089 [EndpointStateMachine task thread for /0.0.0.0:44775 - 0 ] INFO  server.RaftServer (RaftServerProxy.java:lambda$start$5(372)) - 564d795e-2911-4ce0-b6aa-bf548929a9a6: start RPC server
2021-01-20 18:02:52,089 [EndpointStateMachine task thread for /0.0.0.0:44775 - 0 ] INFO  server.GrpcService (GrpcService.java:startImpl(176)) - 564d795e-2911-4ce0-b6aa-bf548929a9a6: GrpcService started, listening on 0.0.0.0/0.0.0.0:43087
2021-01-20 18:02:52,089 [EndpointStateMachine task thread for /0.0.0.0:44775 - 0 ] INFO  ratis.XceiverServerRatis (XceiverServerRatis.java:start(467)) - XceiverServerRatis 564d795e-2911-4ce0-b6aa-bf548929a9a6 is started using port 43087
2021-01-20 18:02:52,089 [org.apache.ratis.util.JvmPauseMonitor$$Lambda$305/2072734511@270c961c] INFO  util.JvmPauseMonitor (JvmPauseMonitor.java:run(103)) - JvmPauseMonitor-564d795e-2911-4ce0-b6aa-bf548929a9a6: Started
2021-01-20 18:02:52,092 [EndpointStateMachine task thread for /0.0.0.0:44775 - 0 ] INFO  server.XceiverServerGrpc (XceiverServerGrpc.java:start(139)) - XceiverServerGrpc 564d795e-2911-4ce0-b6aa-bf548929a9a6 is started using port 43019
2021-01-20 18:02:53,081 [Listener at 127.0.0.1/12848] INFO  ozone.MiniOzoneClusterImpl (MiniOzoneClusterImpl.java:lambda$waitForClusterToBeReady$0(179)) - Waiting for nodes to be ready. Got 0 of 3 DN Heartbeats.
2021-01-20 18:02:53,081 [Listener at 127.0.0.1/12848] INFO  ozone.MiniOzoneClusterImpl (MiniOzoneClusterImpl.java:lambda$waitForClusterToBeReady$0(182)) - Waiting for cluster to exit safe mode
2021-01-20 18:02:53,691 [IPC Server handler 1 on default port 44775] INFO  net.NetworkTopologyImpl (NetworkTopologyImpl.java:add(111)) - Added a new node: /default-rack/1987e6aa-0f3f-4058-93c6-f087debdef03
2021-01-20 18:02:53,693 [IPC Server handler 1 on default port 44775] INFO  node.SCMNodeManager (SCMNodeManager.java:register(341)) - Registered Data node : 1987e6aa-0f3f-4058-93c6-f087debdef03{ip: 172.17.0.2, host: 86d28932dd69, networkLocation: /default-rack, certSerialId: null, persistedOpState: IN_SERVICE, persistedOpStateExpiryEpochSec: 0}
2021-01-20 18:02:53,693 [RatisPipelineUtilsThread] INFO  pipeline.RatisPipelineProvider (RatisPipelineProvider.java:lambda$create$0(161)) - Sending CreatePipelineCommand for pipeline:PipelineID=55575036-f8c1-4436-bb48-db48d1914d68 to datanode:1987e6aa-0f3f-4058-93c6-f087debdef03
2021-01-20 18:02:53,694 [EventQueue-NodeRegistrationContainerReportForContainerSafeModeRule] INFO  safemode.SCMSafeModeManager (SCMSafeModeManager.java:validateSafeModeExitRules(214)) - ContainerSafeModeRule rule is successfully validated
2021-01-20 18:02:53,694 [EventQueue-NodeRegistrationContainerReportForDataNodeSafeModeRule] INFO  safemode.SCMSafeModeManager (DataNodeSafeModeRule.java:process(71)) - SCM in safe mode. 1 DataNodes registered, 1 required.
2021-01-20 18:02:53,696 [EventQueue-NodeRegistrationContainerReportForDataNodeSafeModeRule] INFO  safemode.SCMSafeModeManager (SCMSafeModeManager.java:validateSafeModeExitRules(214)) - DataNodeSafeModeRule rule is successfully validated
2021-01-20 18:02:53,696 [EventQueue-NodeRegistrationContainerReportForDataNodeSafeModeRule] INFO  safemode.SCMSafeModeManager (SCMSafeModeManager.java:completePreCheck(242)) - All SCM safe mode pre check rules have passed
2021-01-20 18:02:53,697 [RatisPipelineUtilsThread] INFO  pipeline.PipelineStateManager (PipelineStateManager.java:addPipeline(54)) - Created pipeline Pipeline[ Id: 55575036-f8c1-4436-bb48-db48d1914d68, Nodes: 1987e6aa-0f3f-4058-93c6-f087debdef03{ip: 172.17.0.2, host: 86d28932dd69, networkLocation: /default-rack, certSerialId: null, persistedOpState: IN_SERVICE, persistedOpStateExpiryEpochSec: 0}, Type:RATIS, Factor:ONE, State:ALLOCATED, leaderId:, CreationTimestamp2021-01-20T18:02:53.693Z]
2021-01-20 18:02:53,697 [EventQueue-PipelineReportForOneReplicaPipelineSafeModeRule] INFO  safemode.SCMSafeModeManager (SCMSafeModeManager.java:validateSafeModeExitRules(214)) - AtleastOneDatanodeReportedRule rule is successfully validated
2021-01-20 18:02:53,890 [IPC Server handler 3 on default port 44775] INFO  net.NetworkTopologyImpl (NetworkTopologyImpl.java:add(111)) - Added a new node: /default-rack/e3fc3b7a-517a-44b3-8821-d76e91ceea3d
2021-01-20 18:02:53,890 [IPC Server handler 3 on default port 44775] INFO  node.SCMNodeManager (SCMNodeManager.java:register(341)) - Registered Data node : e3fc3b7a-517a-44b3-8821-d76e91ceea3d{ip: 172.17.0.2, host: 86d28932dd69, networkLocation: /default-rack, certSerialId: null, persistedOpState: IN_SERVICE, persistedOpStateExpiryEpochSec: 0}
2021-01-20 18:02:53,890 [EventQueue-NodeRegistrationContainerReportForContainerSafeModeRule] INFO  safemode.SCMSafeModeManager (SCMSafeModeManager.java:validateSafeModeExitRules(214)) - ContainerSafeModeRule rule is successfully validated
2021-01-20 18:02:53,890 [RatisPipelineUtilsThread] INFO  pipeline.RatisPipelineProvider (RatisPipelineProvider.java:lambda$create$0(161)) - Sending CreatePipelineCommand for pipeline:PipelineID=2cbdd5c1-d820-4b1e-8c42-c7a8c13a6f50 to datanode:e3fc3b7a-517a-44b3-8821-d76e91ceea3d
2021-01-20 18:02:53,891 [EventQueue-NodeRegistrationContainerReportForDataNodeSafeModeRule] INFO  safemode.SCMSafeModeManager (SCMSafeModeManager.java:validateSafeModeExitRules(214)) - DataNodeSafeModeRule rule is successfully validated
2021-01-20 18:02:53,891 [EventQueue-PipelineReportForOneReplicaPipelineSafeModeRule] INFO  safemode.SCMSafeModeManager (SCMSafeModeManager.java:validateSafeModeExitRules(214)) - AtleastOneDatanodeReportedRule rule is successfully validated
2021-01-20 18:02:53,891 [RatisPipelineUtilsThread] INFO  pipeline.PipelineStateManager (PipelineStateManager.java:addPipeline(54)) - Created pipeline Pipeline[ Id: 2cbdd5c1-d820-4b1e-8c42-c7a8c13a6f50, Nodes: e3fc3b7a-517a-44b3-8821-d76e91ceea3d{ip: 172.17.0.2, host: 86d28932dd69, networkLocation: /default-rack, certSerialId: null, persistedOpState: IN_SERVICE, persistedOpStateExpiryEpochSec: 0}, Type:RATIS, Factor:ONE, State:ALLOCATED, leaderId:, CreationTimestamp2021-01-20T18:02:53.890Z]
2021-01-20 18:02:53,891 [RatisPipelineUtilsThread] WARN  pipeline.PipelinePlacementPolicy (PipelinePlacementPolicy.java:filterViableNodes(142)) - Pipeline creation failed due to no sufficient healthy datanodes. Required 3. Found 2.
2021-01-20 18:02:54,081 [Listener at 127.0.0.1/12848] INFO  ozone.MiniOzoneClusterImpl (MiniOzoneClusterImpl.java:lambda$waitForClusterToBeReady$0(179)) - Waiting for nodes to be ready. Got 2 of 3 DN Heartbeats.
2021-01-20 18:02:54,081 [Listener at 127.0.0.1/12848] INFO  ozone.MiniOzoneClusterImpl (MiniOzoneClusterImpl.java:lambda$waitForClusterToBeReady$0(182)) - Waiting for cluster to exit safe mode
2021-01-20 18:02:54,085 [IPC Server handler 0 on default port 44775] INFO  net.NetworkTopologyImpl (NetworkTopologyImpl.java:add(111)) - Added a new node: /default-rack/564d795e-2911-4ce0-b6aa-bf548929a9a6
2021-01-20 18:02:54,086 [IPC Server handler 0 on default port 44775] INFO  node.SCMNodeManager (SCMNodeManager.java:register(341)) - Registered Data node : 564d795e-2911-4ce0-b6aa-bf548929a9a6{ip: 172.17.0.2, host: 86d28932dd69, networkLocation: /default-rack, certSerialId: null, persistedOpState: IN_SERVICE, persistedOpStateExpiryEpochSec: 0}
2021-01-20 18:02:54,086 [RatisPipelineUtilsThread] INFO  pipeline.RatisPipelineProvider (RatisPipelineProvider.java:lambda$create$0(161)) - Sending CreatePipelineCommand for pipeline:PipelineID=2bffd32f-b482-4e51-a17e-84eea866d801 to datanode:564d795e-2911-4ce0-b6aa-bf548929a9a6
2021-01-20 18:02:54,086 [EventQueue-PipelineReportForOneReplicaPipelineSafeModeRule] INFO  safemode.SCMSafeModeManager (SCMSafeModeManager.java:validateSafeModeExitRules(214)) - AtleastOneDatanodeReportedRule rule is successfully validated
2021-01-20 18:02:54,086 [EventQueue-NodeRegistrationContainerReportForDataNodeSafeModeRule] INFO  safemode.SCMSafeModeManager (SCMSafeModeManager.java:validateSafeModeExitRules(214)) - DataNodeSafeModeRule rule is successfully validated
2021-01-20 18:02:54,086 [EventQueue-NodeRegistrationContainerReportForContainerSafeModeRule] INFO  safemode.SCMSafeModeManager (SCMSafeModeManager.java:validateSafeModeExitRules(214)) - ContainerSafeModeRule rule is successfully validated
2021-01-20 18:02:54,087 [RatisPipelineUtilsThread] INFO  pipeline.PipelineStateManager (PipelineStateManager.java:addPipeline(54)) - Created pipeline Pipeline[ Id: 2bffd32f-b482-4e51-a17e-84eea866d801, Nodes: 564d795e-2911-4ce0-b6aa-bf548929a9a6{ip: 172.17.0.2, host: 86d28932dd69, networkLocation: /default-rack, certSerialId: null, persistedOpState: IN_SERVICE, persistedOpStateExpiryEpochSec: 0}, Type:RATIS, Factor:ONE, State:ALLOCATED, leaderId:, CreationTimestamp2021-01-20T18:02:54.086Z]
2021-01-20 18:02:54,087 [RatisPipelineUtilsThread] INFO  pipeline.RatisPipelineProvider (RatisPipelineProvider.java:lambda$create$0(161)) - Sending CreatePipelineCommand for pipeline:PipelineID=a752d258-79d0-4389-860d-e06b811b0d80 to datanode:e3fc3b7a-517a-44b3-8821-d76e91ceea3d
2021-01-20 18:02:54,087 [RatisPipelineUtilsThread] INFO  pipeline.RatisPipelineProvider (RatisPipelineProvider.java:lambda$create$0(161)) - Sending CreatePipelineCommand for pipeline:PipelineID=a752d258-79d0-4389-860d-e06b811b0d80 to datanode:564d795e-2911-4ce0-b6aa-bf548929a9a6
2021-01-20 18:02:54,087 [RatisPipelineUtilsThread] INFO  pipeline.RatisPipelineProvider (RatisPipelineProvider.java:lambda$create$0(161)) - Sending CreatePipelineCommand for pipeline:PipelineID=a752d258-79d0-4389-860d-e06b811b0d80 to datanode:1987e6aa-0f3f-4058-93c6-f087debdef03
2021-01-20 18:02:54,088 [RatisPipelineUtilsThread] INFO  pipeline.PipelineStateManager (PipelineStateManager.java:addPipeline(54)) - Created pipeline Pipeline[ Id: a752d258-79d0-4389-860d-e06b811b0d80, Nodes: e3fc3b7a-517a-44b3-8821-d76e91ceea3d{ip: 172.17.0.2, host: 86d28932dd69, networkLocation: /default-rack, certSerialId: null, persistedOpState: IN_SERVICE, persistedOpStateExpiryEpochSec: 0}564d795e-2911-4ce0-b6aa-bf548929a9a6{ip: 172.17.0.2, host: 86d28932dd69, networkLocation: /default-rack, certSerialId: null, persistedOpState: IN_SERVICE, persistedOpStateExpiryEpochSec: 0}1987e6aa-0f3f-4058-93c6-f087debdef03{ip: 172.17.0.2, host: 86d28932dd69, networkLocation: /default-rack, certSerialId: null, persistedOpState: IN_SERVICE, persistedOpStateExpiryEpochSec: 0}, Type:RATIS, Factor:THREE, State:ALLOCATED, leaderId:, CreationTimestamp2021-01-20T18:02:54.087Z]
2021-01-20 18:02:54,088 [RatisPipelineUtilsThread] INFO  pipeline.RatisPipelineProvider (RatisPipelineProvider.java:lambda$create$0(161)) - Sending CreatePipelineCommand for pipeline:PipelineID=18b71221-0a2e-4427-a6c5-b2c9a5d36ed0 to datanode:e3fc3b7a-517a-44b3-8821-d76e91ceea3d
2021-01-20 18:02:54,088 [RatisPipelineUtilsThread] INFO  pipeline.RatisPipelineProvider (RatisPipelineProvider.java:lambda$create$0(161)) - Sending CreatePipelineCommand for pipeline:PipelineID=18b71221-0a2e-4427-a6c5-b2c9a5d36ed0 to datanode:564d795e-2911-4ce0-b6aa-bf548929a9a6
2021-01-20 18:02:54,088 [RatisPipelineUtilsThread] INFO  pipeline.RatisPipelineProvider (RatisPipelineProvider.java:lambda$create$0(161)) - Sending CreatePipelineCommand for pipeline:PipelineID=18b71221-0a2e-4427-a6c5-b2c9a5d36ed0 to datanode:1987e6aa-0f3f-4058-93c6-f087debdef03
2021-01-20 18:02:54,089 [RatisPipelineUtilsThread] INFO  pipeline.PipelineStateManager (PipelineStateManager.java:addPipeline(54)) - Created pipeline Pipeline[ Id: 18b71221-0a2e-4427-a6c5-b2c9a5d36ed0, Nodes: e3fc3b7a-517a-44b3-8821-d76e91ceea3d{ip: 172.17.0.2, host: 86d28932dd69, networkLocation: /default-rack, certSerialId: null, persistedOpState: IN_SERVICE, persistedOpStateExpiryEpochSec: 0}564d795e-2911-4ce0-b6aa-bf548929a9a6{ip: 172.17.0.2, host: 86d28932dd69, networkLocation: /default-rack, certSerialId: null, persistedOpState: IN_SERVICE, persistedOpStateExpiryEpochSec: 0}1987e6aa-0f3f-4058-93c6-f087debdef03{ip: 172.17.0.2, host: 86d28932dd69, networkLocation: /default-rack, certSerialId: null, persistedOpState: IN_SERVICE, persistedOpStateExpiryEpochSec: 0}, Type:RATIS, Factor:THREE, State:ALLOCATED, leaderId:, CreationTimestamp2021-01-20T18:02:54.088Z]
2021-01-20 18:02:54,089 [RatisPipelineUtilsThread] INFO  pipeline.SCMPipelineManager (SCMPipelineManager.java:recordMetricsForPipeline(243)) - Pipeline: PipelineID=18b71221-0a2e-4427-a6c5-b2c9a5d36ed0 contains same datanodes as previous pipelines: PipelineID=a752d258-79d0-4389-860d-e06b811b0d80 nodeIds: e3fc3b7a-517a-44b3-8821-d76e91ceea3d, 564d795e-2911-4ce0-b6aa-bf548929a9a6, 1987e6aa-0f3f-4058-93c6-f087debdef03
2021-01-20 18:02:55,082 [Listener at 127.0.0.1/12848] INFO  ozone.MiniOzoneClusterImpl (MiniOzoneClusterImpl.java:lambda$waitForClusterToBeReady$0(179)) - Nodes are ready. Got 3 of 3 DN Heartbeats.
2021-01-20 18:02:55,082 [Listener at 127.0.0.1/12848] INFO  ozone.MiniOzoneClusterImpl (MiniOzoneClusterImpl.java:lambda$waitForClusterToBeReady$0(182)) - Waiting for cluster to exit safe mode
2021-01-20 18:02:56,082 [Listener at 127.0.0.1/12848] INFO  ozone.MiniOzoneClusterImpl (MiniOzoneClusterImpl.java:lambda$waitForClusterToBeReady$0(179)) - Nodes are ready. Got 3 of 3 DN Heartbeats.
2021-01-20 18:02:56,082 [Listener at 127.0.0.1/12848] INFO  ozone.MiniOzoneClusterImpl (MiniOzoneClusterImpl.java:lambda$waitForClusterToBeReady$0(182)) - Waiting for cluster to exit safe mode
2021-01-20 18:02:56,690 [Command processor thread] INFO  server.RaftServer (RaftServerProxy.java:addNew(95)) - 1987e6aa-0f3f-4058-93c6-f087debdef03: addNew group-DB48D1914D68:[1987e6aa-0f3f-4058-93c6-f087debdef03|rpc:172.17.0.2:38173|priority:1] returns group-DB48D1914D68:java.util.concurrent.CompletableFuture@47945c6b[Not completed]
2021-01-20 18:02:56,691 [pool-1218-thread-1] INFO  server.RaftServer$Division (RaftServerImpl.java:<init>(179)) - 1987e6aa-0f3f-4058-93c6-f087debdef03: new RaftServerImpl for group-DB48D1914D68:[1987e6aa-0f3f-4058-93c6-f087debdef03|rpc:172.17.0.2:38173|priority:1] with ContainerStateMachine:uninitialized
2021-01-20 18:02:56,691 [pool-1218-thread-1] INFO  server.RaftServerConfigKeys (ConfUtils.java:logGet(44)) - raft.server.rpc.timeout.min = 5s (custom)
2021-01-20 18:02:56,691 [pool-1218-thread-1] INFO  server.RaftServerConfigKeys (ConfUtils.java:logGet(44)) - raft.server.rpc.timeout.max = 5200ms (custom)
2021-01-20 18:02:56,691 [pool-1218-thread-1] INFO  server.RaftServerConfigKeys (ConfUtils.java:logGet(44)) - raft.server.rpc.sleep.time = 25ms (default)
2021-01-20 18:02:56,691 [pool-1218-thread-1] INFO  server.RaftServerConfigKeys (ConfUtils.java:logGet(44)) - raft.server.rpc.slowness.timeout = 300s (custom)
2021-01-20 18:02:56,691 [pool-1218-thread-1] INFO  server.RaftServerConfigKeys (ConfUtils.java:logGet(44)) - raft.server.leaderelection.leader.step-down.wait-time = 10s (default)
2021-01-20 18:02:56,691 [pool-1218-thread-1] INFO  server.RaftServerConfigKeys (ConfUtils.java:logGet(44)) - raft.server.sleep.deviation.threshold = 300ms (default)
2021-01-20 18:02:56,692 [pool-1218-thread-1] INFO  server.RaftServerConfigKeys (ConfUtils.java:logGet(44)) - raft.server.log.appender.install.snapshot.enabled = false (custom)
2021-01-20 18:02:56,692 [pool-1218-thread-1] INFO  server.RaftServer$Division (ServerState.java:<init>(103)) - 1987e6aa-0f3f-4058-93c6-f087debdef03@group-DB48D1914D68: ConfigurationManager, init=-1: [1987e6aa-0f3f-4058-93c6-f087debdef03|rpc:172.17.0.2:38173|priority:1], old=null, confs=<EMPTY_MAP>
2021-01-20 18:02:56,692 [pool-1218-thread-1] INFO  server.RaftServerConfigKeys (ConfUtils.java:logGet(44)) - raft.server.storage.dir = [/github/workspace/mnt/ozone/hadoop-ozone/integration-test/target/test-dir/MiniOzoneClusterImpl-618ecdb8-9cea-428a-88e6-93619fe638f4/datanode-0/data/ratis] (custom)
2021-01-20 18:02:56,692 [pool-1218-thread-1] INFO  server.RaftServerConfigKeys (ConfUtils.java:logGet(44)) - raft.server.log.corruption.policy = EXCEPTION (default)
2021-01-20 18:02:56,692 [pool-1218-thread-1] INFO  storage.RaftStorageDirectory (RaftStorageDirectoryImpl.java:analyzeStorage(132)) - The storage directory /github/workspace/mnt/ozone/hadoop-ozone/integration-test/target/test-dir/MiniOzoneClusterImpl-618ecdb8-9cea-428a-88e6-93619fe638f4/datanode-0/data/ratis/55575036-f8c1-4436-bb48-db48d1914d68 does not exist. Creating ...
2021-01-20 18:02:56,693 [pool-1218-thread-1] INFO  storage.RaftStorageDirectory (RaftStorageDirectoryImpl.java:tryLock(215)) - Lock on /github/workspace/mnt/ozone/hadoop-ozone/integration-test/target/test-dir/MiniOzoneClusterImpl-618ecdb8-9cea-428a-88e6-93619fe638f4/datanode-0/data/ratis/55575036-f8c1-4436-bb48-db48d1914d68/in_use.lock acquired by nodename 7143@86d28932dd69
2021-01-20 18:02:56,695 [pool-1218-thread-1] INFO  storage.RaftStorage (RaftStorageImpl.java:format(87)) - Storage directory /github/workspace/mnt/ozone/hadoop-ozone/integration-test/target/test-dir/MiniOzoneClusterImpl-618ecdb8-9cea-428a-88e6-93619fe638f4/datanode-0/data/ratis/55575036-f8c1-4436-bb48-db48d1914d68 has been successfully formatted.
2021-01-20 18:02:56,695 [pool-1218-thread-1] INFO  ratis.ContainerStateMachine (ContainerStateMachine.java:loadSnapshot(223)) - group-DB48D1914D68: The snapshot info is null. Setting the last applied indexto:(t:0, i:~)
2021-01-20 18:02:56,697 [EventQueue-PipelineReportForPipelineReportHandler] INFO  pipeline.PipelineStateManager (PipelineStateManager.java:openPipeline(132)) - Pipeline Pipeline[ Id: 55575036-f8c1-4436-bb48-db48d1914d68, Nodes: 1987e6aa-0f3f-4058-93c6-f087debdef03{ip: 172.17.0.2, host: 86d28932dd69, networkLocation: /default-rack, certSerialId: null, persistedOpState: IN_SERVICE, persistedOpStateExpiryEpochSec: 0}, Type:RATIS, Factor:ONE, State:ALLOCATED, leaderId:1987e6aa-0f3f-4058-93c6-f087debdef03, CreationTimestamp2021-01-20T18:02:53.693Z] moved to OPEN state
2021-01-20 18:02:56,697 [EventQueue-PipelineReportForOneReplicaPipelineSafeModeRule] INFO  safemode.SCMSafeModeManager (SCMSafeModeManager.java:validateSafeModeExitRules(214)) - AtleastOneDatanodeReportedRule rule is successfully validated
2021-01-20 18:02:56,699 [pool-1218-thread-1] ERROR storage.RaftStorage (RaftStorageImpl.java:readRaftConfiguration(147)) - Failed reading configuration from file:/github/workspace/mnt/ozone/hadoop-ozone/integration-test/target/test-dir/MiniOzoneClusterImpl-618ecdb8-9cea-428a-88e6-93619fe638f4/datanode-0/data/ratis/55575036-f8c1-4436-bb48-db48d1914d68/current/raft-meta.conf
java.io.FileNotFoundException: /github/workspace/mnt/ozone/hadoop-ozone/integration-test/target/test-dir/MiniOzoneClusterImpl-618ecdb8-9cea-428a-88e6-93619fe638f4/datanode-0/data/ratis/55575036-f8c1-4436-bb48-db48d1914d68/current/raft-meta.conf (No such file or directory)
	at java.io.FileInputStream.open0(Native Method)
	at java.io.FileInputStream.open(FileInputStream.java:195)
	at java.io.FileInputStream.<init>(FileInputStream.java:138)
	at org.apache.ratis.server.storage.RaftStorageImpl.readRaftConfiguration(RaftStorageImpl.java:143)
	at org.apache.ratis.server.impl.ServerState.<init>(ServerState.java:113)
	at org.apache.ratis.server.impl.RaftServerImpl.<init>(RaftServerImpl.java:192)
	at org.apache.ratis.server.impl.RaftServerProxy.lambda$newRaftServerImpl$4(RaftServerProxy.java:266)
	at java.util.concurrent.CompletableFuture$AsyncSupply.run(CompletableFuture.java:1604)
	at java.util.concurrent.ThreadPoolExecutor.runWorker(ThreadPoolExecutor.java:1149)
	at java.util.concurrent.ThreadPoolExecutor$Worker.run(ThreadPoolExecutor.java:624)
	at java.lang.Thread.run(Thread.java:748)
2021-01-20 18:02:56,699 [pool-1218-thread-1] INFO  server.RaftServerConfigKeys (ConfUtils.java:logGet(44)) - raft.server.notification.no-leader.timeout = 300s (custom)
2021-01-20 18:02:56,699 [pool-1218-thread-1] INFO  server.RaftServerConfigKeys (ConfUtils.java:logGet(44)) - raft.server.log.use.memory = false (default)
2021-01-20 18:02:56,699 [pool-1218-thread-1] INFO  server.RaftServerConfigKeys (ConfUtils.java:logGet(44)) - raft.server.log.purge.gap = 1000000 (custom)
2021-01-20 18:02:56,700 [pool-1218-thread-1] INFO  server.RaftServerConfigKeys (ConfUtils.java:logGet(44)) - raft.server.log.appender.buffer.byte-limit = 33554432 (custom)
2021-01-20 18:02:56,700 [pool-1218-thread-1] INFO  metrics.RatisMetrics (RatisMetrics.java:lambda$create$0(36)) - Creating Metrics Registry : ratis.log_worker.1987e6aa-0f3f-4058-93c6-f087debdef03@group-DB48D1914D68
2021-01-20 18:02:56,700 [pool-1218-thread-1] INFO  server.RaftServerConfigKeys (ConfUtils.java:logGet(44)) - raft.server.log.segment.size.max = 1048576 (custom)
2021-01-20 18:02:56,701 [pool-1218-thread-1] INFO  server.RaftServerConfigKeys (ConfUtils.java:logGet(44)) - raft.server.log.segment.cache.num.max = 2 (custom)
2021-01-20 18:02:56,701 [pool-1218-thread-1] INFO  server.RaftServerConfigKeys (ConfUtils.java:logGet(44)) - raft.server.log.segment.cache.size.max = 200MB (=209715200) (default)
2021-01-20 18:02:56,701 [pool-1218-thread-1] INFO  segmented.SegmentedRaftLogWorker (SegmentedRaftLogWorker.java:<init>(181)) - new 1987e6aa-0f3f-4058-93c6-f087debdef03@group-DB48D1914D68-SegmentedRaftLogWorker for RaftStorageImpl:Storage Directory /github/workspace/mnt/ozone/hadoop-ozone/integration-test/target/test-dir/MiniOzoneClusterImpl-618ecdb8-9cea-428a-88e6-93619fe638f4/datanode-0/data/ratis/55575036-f8c1-4436-bb48-db48d1914d68
2021-01-20 18:02:56,701 [pool-1218-thread-1] INFO  server.RaftServerConfigKeys (ConfUtils.java:logGet(44)) - raft.server.log.queue.byte-limit = 2147483647 (custom)
2021-01-20 18:02:56,702 [pool-1218-thread-1] INFO  server.RaftServerConfigKeys (ConfUtils.java:logGet(44)) - raft.server.log.queue.element-limit = 1024 (custom)
2021-01-20 18:02:56,702 [pool-1218-thread-1] INFO  server.RaftServerConfigKeys (ConfUtils.java:logGet(44)) - raft.server.log.segment.size.max = 1048576 (custom)
2021-01-20 18:02:56,702 [pool-1218-thread-1] INFO  server.RaftServerConfigKeys (ConfUtils.java:logGet(44)) - raft.server.log.preallocated.size = 16384 (custom)
2021-01-20 18:02:56,702 [pool-1218-thread-1] INFO  server.RaftServerConfigKeys (ConfUtils.java:logGet(44)) - raft.server.log.force.sync.num = 128 (default)
2021-01-20 18:02:56,702 [pool-1218-thread-1] INFO  server.RaftServerConfigKeys (ConfUtils.java:logGet(44)) - raft.server.log.statemachine.data.sync = true (default)
2021-01-20 18:02:56,702 [pool-1218-thread-1] INFO  server.RaftServerConfigKeys (ConfUtils.java:logGet(44)) - raft.server.log.statemachine.data.sync.timeout = 10s (default)
2021-01-20 18:02:56,702 [pool-1218-thread-1] INFO  server.RaftServerConfigKeys (ConfUtils.java:logGet(44)) - raft.server.log.statemachine.data.sync.timeout.retry = -1 (default)
2021-01-20 18:02:56,702 [EventQueue-OpenPipelineForHealthyPipelineSafeModeRule] INFO  safemode.SCMSafeModeManager (HealthyPipelineSafeModeRule.java:process(128)) - SCM in safe mode. Healthy pipelines reported count is 0, required healthy pipeline reported count is 1
2021-01-20 18:02:56,705 [pool-1218-thread-1] INFO  server.RaftServerConfigKeys (ConfUtils.java:logGet(44)) - raft.server.log.write.buffer.size = 1048576 (custom)
2021-01-20 18:02:56,705 [pool-1218-thread-1] INFO  server.RaftServerConfigKeys (ConfUtils.java:logGet(44)) - raft.server.log.statemachine.data.caching.enabled = true (custom)
2021-01-20 18:02:56,705 [pool-1218-thread-1] INFO  segmented.SegmentedRaftLogWorker (SegmentedRaftLogWorker.java:lambda$new$0(132)) - 1987e6aa-0f3f-4058-93c6-f087debdef03@group-DB48D1914D68-SegmentedRaftLogWorker: flushIndex: setUnconditionally 0 -> -1
2021-01-20 18:02:56,705 [pool-1218-thread-1] INFO  segmented.SegmentedRaftLogWorker (SegmentedRaftLogWorker.java:lambda$new$0(132)) - 1987e6aa-0f3f-4058-93c6-f087debdef03@group-DB48D1914D68-SegmentedRaftLogWorker: safeCacheEvictIndex: setUnconditionally 0 -> -1
2021-01-20 18:02:56,706 [pool-1218-thread-1] INFO  server.RaftServerConfigKeys (ConfUtils.java:logGet(44)) - raft.server.snapshot.auto.trigger.enabled = true (custom)
2021-01-20 18:02:56,706 [pool-1218-thread-1] INFO  server.RaftServerConfigKeys (ConfUtils.java:logGet(44)) - raft.server.snapshot.auto.trigger.threshold = 10000 (custom)
2021-01-20 18:02:56,706 [pool-1218-thread-1] INFO  server.RaftServerConfigKeys (ConfUtils.java:logGet(44)) - raft.server.snapshot.retention.file.num = 5 (custom)
2021-01-20 18:02:56,706 [pool-1218-thread-1] INFO  server.RaftServerConfigKeys (ConfUtils.java:logGet(44)) - raft.server.log.purge.upto.snapshot.index = false (default)
2021-01-20 18:02:56,706 [pool-1218-thread-1] INFO  server.RaftServerConfigKeys (ConfUtils.java:logGet(44)) - raft.server.retrycache.expirytime = 600000ms (custom)
2021-01-20 18:02:56,706 [pool-1218-thread-1] INFO  server.RaftServerConfigKeys (ConfUtils.java:logGet(44)) - raft.server.retrycache.statistics.expirytime = 100?s (default)
2021-01-20 18:02:56,706 [pool-1218-thread-1] INFO  metrics.RatisMetrics (RatisMetrics.java:lambda$create$0(36)) - Creating Metrics Registry : ratis.leader_election.1987e6aa-0f3f-4058-93c6-f087debdef03@group-DB48D1914D68
2021-01-20 18:02:56,707 [pool-1218-thread-1] INFO  metrics.RatisMetrics (RatisMetrics.java:lambda$create$0(36)) - Creating Metrics Registry : ratis.server.1987e6aa-0f3f-4058-93c6-f087debdef03@group-DB48D1914D68
2021-01-20 18:02:56,710 [pool-1218-thread-1] INFO  server.RaftServer$Division (RaftServerImpl.java:start(294)) - 1987e6aa-0f3f-4058-93c6-f087debdef03@group-DB48D1914D68: start as a follower, conf=-1: [1987e6aa-0f3f-4058-93c6-f087debdef03|rpc:172.17.0.2:38173|priority:1], old=null
2021-01-20 18:02:56,710 [pool-1218-thread-1] INFO  server.RaftServer$Division (RaftServerImpl.java:setRole(283)) - 1987e6aa-0f3f-4058-93c6-f087debdef03@group-DB48D1914D68: changes role from      null to FOLLOWER at term 0 for startAsFollower
2021-01-20 18:02:56,710 [pool-1218-thread-1] INFO  impl.RoleInfo (RoleInfo.java:updateAndGet(130)) - 1987e6aa-0f3f-4058-93c6-f087debdef03: start 1987e6aa-0f3f-4058-93c6-f087debdef03@group-DB48D1914D68-FollowerState
2021-01-20 18:02:56,710 [pool-1218-thread-1] INFO  util.JmxRegister (JmxRegister.java:tryRegister(44)) - Successfully registered JMX Bean with object name Ratis:service=RaftServer,group=group-DB48D1914D68,id=1987e6aa-0f3f-4058-93c6-f087debdef03
2021-01-20 18:02:56,710 [pool-1218-thread-1] INFO  metrics.RatisMetrics (RatisMetrics.java:lambda$create$0(36)) - Creating Metrics Registry : ratis.state_machine.1987e6aa-0f3f-4058-93c6-f087debdef03@group-DB48D1914D68
2021-01-20 18:02:56,711 [Command processor thread] INFO  commandhandler.CreatePipelineCommandHandler (CreatePipelineCommandHandler.java:handle(106)) - Created Pipeline RATIS ONE PipelineID=55575036-f8c1-4436-bb48-db48d1914d68.
2021-01-20 18:02:56,712 [Command processor thread] INFO  server.RaftServer (RaftServerProxy.java:addNew(95)) - 1987e6aa-0f3f-4058-93c6-f087debdef03: addNew group-E06B811B0D80:[1987e6aa-0f3f-4058-93c6-f087debdef03|rpc:172.17.0.2:38173|priority:0, 564d795e-2911-4ce0-b6aa-bf548929a9a6|rpc:172.17.0.2:43087|priority:0, e3fc3b7a-517a-44b3-8821-d76e91ceea3d|rpc:172.17.0.2:39927|priority:1] returns group-E06B811B0D80:java.util.concurrent.CompletableFuture@43abc041[Not completed]
2021-01-20 18:02:56,712 [pool-1218-thread-1] INFO  server.RaftServer$Division (RaftServerImpl.java:<init>(179)) - 1987e6aa-0f3f-4058-93c6-f087debdef03: new RaftServerImpl for group-E06B811B0D80:[1987e6aa-0f3f-4058-93c6-f087debdef03|rpc:172.17.0.2:38173|priority:0, 564d795e-2911-4ce0-b6aa-bf548929a9a6|rpc:172.17.0.2:43087|priority:0, e3fc3b7a-517a-44b3-8821-d76e91ceea3d|rpc:172.17.0.2:39927|priority:1] with ContainerStateMachine:uninitialized
2021-01-20 18:02:56,712 [pool-1218-thread-1] INFO  server.RaftServerConfigKeys (ConfUtils.java:logGet(44)) - raft.server.rpc.timeout.min = 5s (custom)
2021-01-20 18:02:56,712 [pool-1218-thread-1] INFO  server.RaftServerConfigKeys (ConfUtils.java:logGet(44)) - raft.server.rpc.timeout.max = 5200ms (custom)
2021-01-20 18:02:56,712 [pool-1218-thread-1] INFO  server.RaftServerConfigKeys (ConfUtils.java:logGet(44)) - raft.server.rpc.sleep.time = 25ms (default)
2021-01-20 18:02:56,712 [pool-1218-thread-1] INFO  server.RaftServerConfigKeys (ConfUtils.java:logGet(44)) - raft.server.rpc.slowness.timeout = 300s (custom)
2021-01-20 18:02:56,713 [pool-1218-thread-1] INFO  server.RaftServerConfigKeys (ConfUtils.java:logGet(44)) - raft.server.leaderelection.leader.step-down.wait-time = 10s (default)
2021-01-20 18:02:56,713 [pool-1218-thread-1] INFO  server.RaftServerConfigKeys (ConfUtils.java:logGet(44)) - raft.server.sleep.deviation.threshold = 300ms (default)
2021-01-20 18:02:56,713 [pool-1218-thread-1] INFO  server.RaftServerConfigKeys (ConfUtils.java:logGet(44)) - raft.server.log.appender.install.snapshot.enabled = false (custom)
2021-01-20 18:02:56,713 [pool-1218-thread-1] INFO  server.RaftServer$Division (ServerState.java:<init>(103)) - 1987e6aa-0f3f-4058-93c6-f087debdef03@group-E06B811B0D80: ConfigurationManager, init=-1: [1987e6aa-0f3f-4058-93c6-f087debdef03|rpc:172.17.0.2:38173|priority:0, 564d795e-2911-4ce0-b6aa-bf548929a9a6|rpc:172.17.0.2:43087|priority:0, e3fc3b7a-517a-44b3-8821-d76e91ceea3d|rpc:172.17.0.2:39927|priority:1], old=null, confs=<EMPTY_MAP>
2021-01-20 18:02:56,713 [pool-1218-thread-1] INFO  server.RaftServerConfigKeys (ConfUtils.java:logGet(44)) - raft.server.storage.dir = [/github/workspace/mnt/ozone/hadoop-ozone/integration-test/target/test-dir/MiniOzoneClusterImpl-618ecdb8-9cea-428a-88e6-93619fe638f4/datanode-0/data/ratis] (custom)
2021-01-20 18:02:56,713 [pool-1218-thread-1] INFO  server.RaftServerConfigKeys (ConfUtils.java:logGet(44)) - raft.server.log.corruption.policy = EXCEPTION (default)
2021-01-20 18:02:56,713 [pool-1218-thread-1] INFO  storage.RaftStorageDirectory (RaftStorageDirectoryImpl.java:analyzeStorage(132)) - The storage directory /github/workspace/mnt/ozone/hadoop-ozone/integration-test/target/test-dir/MiniOzoneClusterImpl-618ecdb8-9cea-428a-88e6-93619fe638f4/datanode-0/data/ratis/a752d258-79d0-4389-860d-e06b811b0d80 does not exist. Creating ...
2021-01-20 18:02:56,714 [pool-1218-thread-1] INFO  storage.RaftStorageDirectory (RaftStorageDirectoryImpl.java:tryLock(215)) - Lock on /github/workspace/mnt/ozone/hadoop-ozone/integration-test/target/test-dir/MiniOzoneClusterImpl-618ecdb8-9cea-428a-88e6-93619fe638f4/datanode-0/data/ratis/a752d258-79d0-4389-860d-e06b811b0d80/in_use.lock acquired by nodename 7143@86d28932dd69
2021-01-20 18:02:56,716 [pool-1218-thread-1] INFO  storage.RaftStorage (RaftStorageImpl.java:format(87)) - Storage directory /github/workspace/mnt/ozone/hadoop-ozone/integration-test/target/test-dir/MiniOzoneClusterImpl-618ecdb8-9cea-428a-88e6-93619fe638f4/datanode-0/data/ratis/a752d258-79d0-4389-860d-e06b811b0d80 has been successfully formatted.
2021-01-20 18:02:56,716 [pool-1218-thread-1] INFO  ratis.ContainerStateMachine (ContainerStateMachine.java:loadSnapshot(223)) - group-E06B811B0D80: The snapshot info is null. Setting the last applied indexto:(t:0, i:~)
2021-01-20 18:02:56,717 [EventQueue-OpenPipelineForHealthyPipelineSafeModeRule] INFO  safemode.SCMSafeModeManager (HealthyPipelineSafeModeRule.java:process(128)) - SCM in safe mode. Healthy pipelines reported count is 0, required healthy pipeline reported count is 1
2021-01-20 18:02:56,717 [EventQueue-PipelineReportForOneReplicaPipelineSafeModeRule] INFO  safemode.SCMSafeModeManager (SCMSafeModeManager.java:validateSafeModeExitRules(214)) - AtleastOneDatanodeReportedRule rule is successfully validated
2021-01-20 18:02:56,717 [pool-1218-thread-1] ERROR storage.RaftStorage (RaftStorageImpl.java:readRaftConfiguration(147)) - Failed reading configuration from file:/github/workspace/mnt/ozone/hadoop-ozone/integration-test/target/test-dir/MiniOzoneClusterImpl-618ecdb8-9cea-428a-88e6-93619fe638f4/datanode-0/data/ratis/a752d258-79d0-4389-860d-e06b811b0d80/current/raft-meta.conf
java.io.FileNotFoundException: /github/workspace/mnt/ozone/hadoop-ozone/integration-test/target/test-dir/MiniOzoneClusterImpl-618ecdb8-9cea-428a-88e6-93619fe638f4/datanode-0/data/ratis/a752d258-79d0-4389-860d-e06b811b0d80/current/raft-meta.conf (No such file or directory)
	at java.io.FileInputStream.open0(Native Method)
	at java.io.FileInputStream.open(FileInputStream.java:195)
	at java.io.FileInputStream.<init>(FileInputStream.java:138)
	at org.apache.ratis.server.storage.RaftStorageImpl.readRaftConfiguration(RaftStorageImpl.java:143)
	at org.apache.ratis.server.impl.ServerState.<init>(ServerState.java:113)
	at org.apache.ratis.server.impl.RaftServerImpl.<init>(RaftServerImpl.java:192)
	at org.apache.ratis.server.impl.RaftServerProxy.lambda$newRaftServerImpl$4(RaftServerProxy.java:266)
	at java.util.concurrent.CompletableFuture$AsyncSupply.run(CompletableFuture.java:1604)
	at java.util.concurrent.ThreadPoolExecutor.runWorker(ThreadPoolExecutor.java:1149)
	at java.util.concurrent.ThreadPoolExecutor$Worker.run(ThreadPoolExecutor.java:624)
	at java.lang.Thread.run(Thread.java:748)
2021-01-20 18:02:56,717 [pool-1218-thread-1] INFO  server.RaftServerConfigKeys (ConfUtils.java:logGet(44)) - raft.server.notification.no-leader.timeout = 300s (custom)
2021-01-20 18:02:56,718 [pool-1218-thread-1] INFO  server.RaftServerConfigKeys (ConfUtils.java:logGet(44)) - raft.server.log.use.memory = false (default)
2021-01-20 18:02:56,718 [pool-1218-thread-1] INFO  server.RaftServerConfigKeys (ConfUtils.java:logGet(44)) - raft.server.log.purge.gap = 1000000 (custom)
2021-01-20 18:02:56,718 [pool-1218-thread-1] INFO  server.RaftServerConfigKeys (ConfUtils.java:logGet(44)) - raft.server.log.appender.buffer.byte-limit = 33554432 (custom)
2021-01-20 18:02:56,718 [pool-1218-thread-1] INFO  metrics.RatisMetrics (RatisMetrics.java:lambda$create$0(36)) - Creating Metrics Registry : ratis.log_worker.1987e6aa-0f3f-4058-93c6-f087debdef03@group-E06B811B0D80
2021-01-20 18:02:56,718 [pool-1218-thread-1] INFO  server.RaftServerConfigKeys (ConfUtils.java:logGet(44)) - raft.server.log.segment.size.max = 1048576 (custom)
2021-01-20 18:02:56,719 [pool-1218-thread-1] INFO  server.RaftServerConfigKeys (ConfUtils.java:logGet(44)) - raft.server.log.segment.cache.num.max = 2 (custom)
2021-01-20 18:02:56,719 [pool-1218-thread-1] INFO  server.RaftServerConfigKeys (ConfUtils.java:logGet(44)) - raft.server.log.segment.cache.size.max = 200MB (=209715200) (default)
2021-01-20 18:02:56,719 [pool-1218-thread-1] INFO  segmented.SegmentedRaftLogWorker (SegmentedRaftLogWorker.java:<init>(181)) - new 1987e6aa-0f3f-4058-93c6-f087debdef03@group-E06B811B0D80-SegmentedRaftLogWorker for RaftStorageImpl:Storage Directory /github/workspace/mnt/ozone/hadoop-ozone/integration-test/target/test-dir/MiniOzoneClusterImpl-618ecdb8-9cea-428a-88e6-93619fe638f4/datanode-0/data/ratis/a752d258-79d0-4389-860d-e06b811b0d80
2021-01-20 18:02:56,720 [pool-1218-thread-1] INFO  server.RaftServerConfigKeys (ConfUtils.java:logGet(44)) - raft.server.log.queue.byte-limit = 2147483647 (custom)
2021-01-20 18:02:56,720 [pool-1218-thread-1] INFO  server.RaftServerConfigKeys (ConfUtils.java:logGet(44)) - raft.server.log.queue.element-limit = 1024 (custom)
2021-01-20 18:02:56,720 [pool-1218-thread-1] INFO  server.RaftServerConfigKeys (ConfUtils.java:logGet(44)) - raft.server.log.segment.size.max = 1048576 (custom)
2021-01-20 18:02:56,720 [pool-1218-thread-1] INFO  server.RaftServerConfigKeys (ConfUtils.java:logGet(44)) - raft.server.log.preallocated.size = 16384 (custom)
2021-01-20 18:02:56,720 [pool-1218-thread-1] INFO  server.RaftServerConfigKeys (ConfUtils.java:logGet(44)) - raft.server.log.force.sync.num = 128 (default)
2021-01-20 18:02:56,720 [pool-1218-thread-1] INFO  server.RaftServerConfigKeys (ConfUtils.java:logGet(44)) - raft.server.log.statemachine.data.sync = true (default)
2021-01-20 18:02:56,720 [pool-1218-thread-1] INFO  server.RaftServerConfigKeys (ConfUtils.java:logGet(44)) - raft.server.log.statemachine.data.sync.timeout = 10s (default)
2021-01-20 18:02:56,720 [pool-1218-thread-1] INFO  server.RaftServerConfigKeys (ConfUtils.java:logGet(44)) - raft.server.log.statemachine.data.sync.timeout.retry = -1 (default)
2021-01-20 18:02:56,723 [pool-1218-thread-1] INFO  server.RaftServerConfigKeys (ConfUtils.java:logGet(44)) - raft.server.log.write.buffer.size = 1048576 (custom)
2021-01-20 18:02:56,723 [pool-1218-thread-1] INFO  server.RaftServerConfigKeys (ConfUtils.java:logGet(44)) - raft.server.log.statemachine.data.caching.enabled = true (custom)
2021-01-20 18:02:56,723 [pool-1218-thread-1] INFO  segmented.SegmentedRaftLogWorker (SegmentedRaftLogWorker.java:lambda$new$0(132)) - 1987e6aa-0f3f-4058-93c6-f087debdef03@group-E06B811B0D80-SegmentedRaftLogWorker: flushIndex: setUnconditionally 0 -> -1
2021-01-20 18:02:56,724 [pool-1218-thread-1] INFO  segmented.SegmentedRaftLogWorker (SegmentedRaftLogWorker.java:lambda$new$0(132)) - 1987e6aa-0f3f-4058-93c6-f087debdef03@group-E06B811B0D80-SegmentedRaftLogWorker: safeCacheEvictIndex: setUnconditionally 0 -> -1
2021-01-20 18:02:56,724 [pool-1218-thread-1] INFO  server.RaftServerConfigKeys (ConfUtils.java:logGet(44)) - raft.server.snapshot.auto.trigger.enabled = true (custom)
2021-01-20 18:02:56,724 [pool-1218-thread-1] INFO  server.RaftServerConfigKeys (ConfUtils.java:logGet(44)) - raft.server.snapshot.auto.trigger.threshold = 10000 (custom)
2021-01-20 18:02:56,724 [pool-1218-thread-1] INFO  server.RaftServerConfigKeys (ConfUtils.java:logGet(44)) - raft.server.snapshot.retention.file.num = 5 (custom)
2021-01-20 18:02:56,724 [pool-1218-thread-1] INFO  server.RaftServerConfigKeys (ConfUtils.java:logGet(44)) - raft.server.log.purge.upto.snapshot.index = false (default)
2021-01-20 18:02:56,724 [pool-1218-thread-1] INFO  server.RaftServerConfigKeys (ConfUtils.java:logGet(44)) - raft.server.retrycache.expirytime = 600000ms (custom)
2021-01-20 18:02:56,724 [pool-1218-thread-1] INFO  server.RaftServerConfigKeys (ConfUtils.java:logGet(44)) - raft.server.retrycache.statistics.expirytime = 100?s (default)
2021-01-20 18:02:56,724 [pool-1218-thread-1] INFO  metrics.RatisMetrics (RatisMetrics.java:lambda$create$0(36)) - Creating Metrics Registry : ratis.leader_election.1987e6aa-0f3f-4058-93c6-f087debdef03@group-E06B811B0D80
2021-01-20 18:02:56,725 [pool-1218-thread-1] INFO  metrics.RatisMetrics (RatisMetrics.java:lambda$create$0(36)) - Creating Metrics Registry : ratis.server.1987e6aa-0f3f-4058-93c6-f087debdef03@group-E06B811B0D80
2021-01-20 18:02:56,728 [pool-1218-thread-1] INFO  server.RaftServer$Division (RaftServerImpl.java:start(294)) - 1987e6aa-0f3f-4058-93c6-f087debdef03@group-E06B811B0D80: start as a follower, conf=-1: [1987e6aa-0f3f-4058-93c6-f087debdef03|rpc:172.17.0.2:38173|priority:0, 564d795e-2911-4ce0-b6aa-bf548929a9a6|rpc:172.17.0.2:43087|priority:0, e3fc3b7a-517a-44b3-8821-d76e91ceea3d|rpc:172.17.0.2:39927|priority:1], old=null
2021-01-20 18:02:56,728 [pool-1218-thread-1] INFO  server.RaftServer$Division (RaftServerImpl.java:setRole(283)) - 1987e6aa-0f3f-4058-93c6-f087debdef03@group-E06B811B0D80: changes role from      null to FOLLOWER at term 0 for startAsFollower
2021-01-20 18:02:56,728 [pool-1218-thread-1] INFO  impl.RoleInfo (RoleInfo.java:updateAndGet(130)) - 1987e6aa-0f3f-4058-93c6-f087debdef03: start 1987e6aa-0f3f-4058-93c6-f087debdef03@group-E06B811B0D80-FollowerState
2021-01-20 18:02:56,728 [pool-1218-thread-1] INFO  util.JmxRegister (JmxRegister.java:tryRegister(44)) - Successfully registered JMX Bean with object name Ratis:service=RaftServer,group=group-E06B811B0D80,id=1987e6aa-0f3f-4058-93c6-f087debdef03
2021-01-20 18:02:56,729 [pool-1218-thread-1] INFO  metrics.RatisMetrics (RatisMetrics.java:lambda$create$0(36)) - Creating Metrics Registry : ratis.state_machine.1987e6aa-0f3f-4058-93c6-f087debdef03@group-E06B811B0D80
2021-01-20 18:02:56,731 [Command processor thread] INFO  metrics.RatisMetrics (RatisMetrics.java:lambda$create$0(36)) - Creating Metrics Registry : ratis.client_message_metrics.client-CC21D1F91107->e3fc3b7a-517a-44b3-8821-d76e91ceea3d
2021-01-20 18:02:56,735 [grpc-default-executor-7] INFO  metrics.RatisMetrics (RatisMetrics.java:lambda$create$0(36)) - Creating Metrics Registry : ratis.server_message_metrics.e3fc3b7a-517a-44b3-8821-d76e91ceea3d
2021-01-20 18:02:56,745 [grpc-default-executor-7] INFO  server.RaftServer (RaftServerProxy.java:addNew(95)) - e3fc3b7a-517a-44b3-8821-d76e91ceea3d: addNew group-E06B811B0D80:[1987e6aa-0f3f-4058-93c6-f087debdef03|rpc:172.17.0.2:38173|dataStream:|priority:0, 564d795e-2911-4ce0-b6aa-bf548929a9a6|rpc:172.17.0.2:43087|dataStream:|priority:0, e3fc3b7a-517a-44b3-8821-d76e91ceea3d|rpc:172.17.0.2:39927|dataStream:|priority:1] returns group-E06B811B0D80:java.util.concurrent.CompletableFuture@3bc41412[Not completed]
2021-01-20 18:02:56,752 [pool-1234-thread-1] INFO  server.RaftServer$Division (RaftServerImpl.java:<init>(179)) - e3fc3b7a-517a-44b3-8821-d76e91ceea3d: new RaftServerImpl for group-E06B811B0D80:[1987e6aa-0f3f-4058-93c6-f087debdef03|rpc:172.17.0.2:38173|dataStream:|priority:0, 564d795e-2911-4ce0-b6aa-bf548929a9a6|rpc:172.17.0.2:43087|dataStream:|priority:0, e3fc3b7a-517a-44b3-8821-d76e91ceea3d|rpc:172.17.0.2:39927|dataStream:|priority:1] with ContainerStateMachine:uninitialized
2021-01-20 18:02:56,752 [pool-1234-thread-1] INFO  server.RaftServerConfigKeys (ConfUtils.java:logGet(44)) - raft.server.rpc.timeout.min = 5s (custom)
2021-01-20 18:02:56,752 [pool-1234-thread-1] INFO  server.RaftServerConfigKeys (ConfUtils.java:logGet(44)) - raft.server.rpc.timeout.max = 5200ms (custom)
2021-01-20 18:02:56,752 [pool-1234-thread-1] INFO  server.RaftServerConfigKeys (ConfUtils.java:logGet(44)) - raft.server.rpc.sleep.time = 25ms (default)
2021-01-20 18:02:56,752 [pool-1234-thread-1] INFO  server.RaftServerConfigKeys (ConfUtils.java:logGet(44)) - raft.server.rpc.slowness.timeout = 300s (custom)
2021-01-20 18:02:56,752 [pool-1234-thread-1] INFO  server.RaftServerConfigKeys (ConfUtils.java:logGet(44)) - raft.server.leaderelection.leader.step-down.wait-time = 10s (default)
2021-01-20 18:02:56,753 [pool-1234-thread-1] INFO  server.RaftServerConfigKeys (ConfUtils.java:logGet(44)) - raft.server.sleep.deviation.threshold = 300ms (default)
2021-01-20 18:02:56,753 [pool-1234-thread-1] INFO  server.RaftServerConfigKeys (ConfUtils.java:logGet(44)) - raft.server.log.appender.install.snapshot.enabled = false (custom)
2021-01-20 18:02:56,753 [pool-1234-thread-1] INFO  server.RaftServer$Division (ServerState.java:<init>(103)) - e3fc3b7a-517a-44b3-8821-d76e91ceea3d@group-E06B811B0D80: ConfigurationManager, init=-1: [1987e6aa-0f3f-4058-93c6-f087debdef03|rpc:172.17.0.2:38173|dataStream:|priority:0, 564d795e-2911-4ce0-b6aa-bf548929a9a6|rpc:172.17.0.2:43087|dataStream:|priority:0, e3fc3b7a-517a-44b3-8821-d76e91ceea3d|rpc:172.17.0.2:39927|dataStream:|priority:1], old=null, confs=<EMPTY_MAP>
2021-01-20 18:02:56,753 [pool-1234-thread-1] INFO  server.RaftServerConfigKeys (ConfUtils.java:logGet(44)) - raft.server.storage.dir = [/github/workspace/mnt/ozone/hadoop-ozone/integration-test/target/test-dir/MiniOzoneClusterImpl-618ecdb8-9cea-428a-88e6-93619fe638f4/datanode-1/data/ratis] (custom)
2021-01-20 18:02:56,753 [pool-1234-thread-1] INFO  server.RaftServerConfigKeys (ConfUtils.java:logGet(44)) - raft.server.log.corruption.policy = EXCEPTION (default)
2021-01-20 18:02:56,753 [pool-1234-thread-1] INFO  storage.RaftStorageDirectory (RaftStorageDirectoryImpl.java:analyzeStorage(132)) - The storage directory /github/workspace/mnt/ozone/hadoop-ozone/integration-test/target/test-dir/MiniOzoneClusterImpl-618ecdb8-9cea-428a-88e6-93619fe638f4/datanode-1/data/ratis/a752d258-79d0-4389-860d-e06b811b0d80 does not exist. Creating ...
2021-01-20 18:02:56,754 [pool-1234-thread-1] INFO  storage.RaftStorageDirectory (RaftStorageDirectoryImpl.java:tryLock(215)) - Lock on /github/workspace/mnt/ozone/hadoop-ozone/integration-test/target/test-dir/MiniOzoneClusterImpl-618ecdb8-9cea-428a-88e6-93619fe638f4/datanode-1/data/ratis/a752d258-79d0-4389-860d-e06b811b0d80/in_use.lock acquired by nodename 7143@86d28932dd69
2021-01-20 18:02:56,756 [pool-1234-thread-1] INFO  storage.RaftStorage (RaftStorageImpl.java:format(87)) - Storage directory /github/workspace/mnt/ozone/hadoop-ozone/integration-test/target/test-dir/MiniOzoneClusterImpl-618ecdb8-9cea-428a-88e6-93619fe638f4/datanode-1/data/ratis/a752d258-79d0-4389-860d-e06b811b0d80 has been successfully formatted.
2021-01-20 18:02:56,756 [pool-1234-thread-1] INFO  ratis.ContainerStateMachine (ContainerStateMachine.java:loadSnapshot(223)) - group-E06B811B0D80: The snapshot info is null. Setting the last applied indexto:(t:0, i:~)
2021-01-20 18:02:56,757 [pool-1234-thread-1] ERROR storage.RaftStorage (RaftStorageImpl.java:readRaftConfiguration(147)) - Failed reading configuration from file:/github/workspace/mnt/ozone/hadoop-ozone/integration-test/target/test-dir/MiniOzoneClusterImpl-618ecdb8-9cea-428a-88e6-93619fe638f4/datanode-1/data/ratis/a752d258-79d0-4389-860d-e06b811b0d80/current/raft-meta.conf
java.io.FileNotFoundException: /github/workspace/mnt/ozone/hadoop-ozone/integration-test/target/test-dir/MiniOzoneClusterImpl-618ecdb8-9cea-428a-88e6-93619fe638f4/datanode-1/data/ratis/a752d258-79d0-4389-860d-e06b811b0d80/current/raft-meta.conf (No such file or directory)
	at java.io.FileInputStream.open0(Native Method)
	at java.io.FileInputStream.open(FileInputStream.java:195)
	at java.io.FileInputStream.<init>(FileInputStream.java:138)
	at org.apache.ratis.server.storage.RaftStorageImpl.readRaftConfiguration(RaftStorageImpl.java:143)
	at org.apache.ratis.server.impl.ServerState.<init>(ServerState.java:113)
	at org.apache.ratis.server.impl.RaftServerImpl.<init>(RaftServerImpl.java:192)
	at org.apache.ratis.server.impl.RaftServerProxy.lambda$newRaftServerImpl$4(RaftServerProxy.java:266)
	at java.util.concurrent.CompletableFuture$AsyncSupply.run(CompletableFuture.java:1604)
	at java.util.concurrent.ThreadPoolExecutor.runWorker(ThreadPoolExecutor.java:1149)
	at java.util.concurrent.ThreadPoolExecutor$Worker.run(ThreadPoolExecutor.java:624)
	at java.lang.Thread.run(Thread.java:748)
2021-01-20 18:02:56,757 [pool-1234-thread-1] INFO  server.RaftServerConfigKeys (ConfUtils.java:logGet(44)) - raft.server.notification.no-leader.timeout = 300s (custom)
2021-01-20 18:02:56,757 [pool-1234-thread-1] INFO  server.RaftServerConfigKeys (ConfUtils.java:logGet(44)) - raft.server.log.use.memory = false (default)
2021-01-20 18:02:56,757 [pool-1234-thread-1] INFO  server.RaftServerConfigKeys (ConfUtils.java:logGet(44)) - raft.server.log.purge.gap = 1000000 (custom)
2021-01-20 18:02:56,757 [pool-1234-thread-1] INFO  server.RaftServerConfigKeys (ConfUtils.java:logGet(44)) - raft.server.log.appender.buffer.byte-limit = 33554432 (custom)
2021-01-20 18:02:56,757 [pool-1234-thread-1] INFO  metrics.RatisMetrics (RatisMetrics.java:lambda$create$0(36)) - Creating Metrics Registry : ratis.log_worker.e3fc3b7a-517a-44b3-8821-d76e91ceea3d@group-E06B811B0D80
2021-01-20 18:02:56,757 [EventQueue-PipelineReportForOneReplicaPipelineSafeModeRule] INFO  safemode.SCMSafeModeManager (SCMSafeModeManager.java:validateSafeModeExitRules(214)) - AtleastOneDatanodeReportedRule rule is successfully validated
2021-01-20 18:02:56,758 [pool-1234-thread-1] INFO  server.RaftServerConfigKeys (ConfUtils.java:logGet(44)) - raft.server.log.segment.size.max = 1048576 (custom)
2021-01-20 18:02:56,759 [pool-1234-thread-1] INFO  server.RaftServerConfigKeys (ConfUtils.java:logGet(44)) - raft.server.log.segment.cache.num.max = 2 (custom)
2021-01-20 18:02:56,759 [pool-1234-thread-1] INFO  server.RaftServerConfigKeys (ConfUtils.java:logGet(44)) - raft.server.log.segment.cache.size.max = 200MB (=209715200) (default)
2021-01-20 18:02:56,759 [pool-1234-thread-1] INFO  segmented.SegmentedRaftLogWorker (SegmentedRaftLogWorker.java:<init>(181)) - new e3fc3b7a-517a-44b3-8821-d76e91ceea3d@group-E06B811B0D80-SegmentedRaftLogWorker for RaftStorageImpl:Storage Directory /github/workspace/mnt/ozone/hadoop-ozone/integration-test/target/test-dir/MiniOzoneClusterImpl-618ecdb8-9cea-428a-88e6-93619fe638f4/datanode-1/data/ratis/a752d258-79d0-4389-860d-e06b811b0d80
2021-01-20 18:02:56,759 [pool-1234-thread-1] INFO  server.RaftServerConfigKeys (ConfUtils.java:logGet(44)) - raft.server.log.queue.byte-limit = 2147483647 (custom)
2021-01-20 18:02:56,759 [pool-1234-thread-1] INFO  server.RaftServerConfigKeys (ConfUtils.java:logGet(44)) - raft.server.log.queue.element-limit = 1024 (custom)
2021-01-20 18:02:56,759 [pool-1234-thread-1] INFO  server.RaftServerConfigKeys (ConfUtils.java:logGet(44)) - raft.server.log.segment.size.max = 1048576 (custom)
2021-01-20 18:02:56,759 [pool-1234-thread-1] INFO  server.RaftServerConfigKeys (ConfUtils.java:logGet(44)) - raft.server.log.preallocated.size = 16384 (custom)
2021-01-20 18:02:56,759 [pool-1234-thread-1] INFO  server.RaftServerConfigKeys (ConfUtils.java:logGet(44)) - raft.server.log.force.sync.num = 128 (default)
2021-01-20 18:02:56,759 [pool-1234-thread-1] INFO  server.RaftServerConfigKeys (ConfUtils.java:logGet(44)) - raft.server.log.statemachine.data.sync = true (default)
2021-01-20 18:02:56,759 [pool-1234-thread-1] INFO  server.RaftServerConfigKeys (ConfUtils.java:logGet(44)) - raft.server.log.statemachine.data.sync.timeout = 10s (default)
2021-01-20 18:02:56,759 [pool-1234-thread-1] INFO  server.RaftServerConfigKeys (ConfUtils.java:logGet(44)) - raft.server.log.statemachine.data.sync.timeout.retry = -1 (default)
2021-01-20 18:02:56,762 [pool-1234-thread-1] INFO  server.RaftServerConfigKeys (ConfUtils.java:logGet(44)) - raft.server.log.write.buffer.size = 1048576 (custom)
2021-01-20 18:02:56,762 [pool-1234-thread-1] INFO  server.RaftServerConfigKeys (ConfUtils.java:logGet(44)) - raft.server.log.statemachine.data.caching.enabled = true (custom)
2021-01-20 18:02:56,763 [pool-1234-thread-1] INFO  segmented.SegmentedRaftLogWorker (SegmentedRaftLogWorker.java:lambda$new$0(132)) - e3fc3b7a-517a-44b3-8821-d76e91ceea3d@group-E06B811B0D80-SegmentedRaftLogWorker: flushIndex: setUnconditionally 0 -> -1
2021-01-20 18:02:56,763 [pool-1234-thread-1] INFO  segmented.SegmentedRaftLogWorker (SegmentedRaftLogWorker.java:lambda$new$0(132)) - e3fc3b7a-517a-44b3-8821-d76e91ceea3d@group-E06B811B0D80-SegmentedRaftLogWorker: safeCacheEvictIndex: setUnconditionally 0 -> -1
2021-01-20 18:02:56,764 [pool-1234-thread-1] INFO  server.RaftServerConfigKeys (ConfUtils.java:logGet(44)) - raft.server.snapshot.auto.trigger.enabled = true (custom)
2021-01-20 18:02:56,764 [pool-1234-thread-1] INFO  server.RaftServerConfigKeys (ConfUtils.java:logGet(44)) - raft.server.snapshot.auto.trigger.threshold = 10000 (custom)
2021-01-20 18:02:56,764 [pool-1234-thread-1] INFO  server.RaftServerConfigKeys (ConfUtils.java:logGet(44)) - raft.server.snapshot.retention.file.num = 5 (custom)
2021-01-20 18:02:56,764 [pool-1234-thread-1] INFO  server.RaftServerConfigKeys (ConfUtils.java:logGet(44)) - raft.server.log.purge.upto.snapshot.index = false (default)
2021-01-20 18:02:56,764 [pool-1234-thread-1] INFO  server.RaftServerConfigKeys (ConfUtils.java:logGet(44)) - raft.server.retrycache.expirytime = 600000ms (custom)
2021-01-20 18:02:56,764 [pool-1234-thread-1] INFO  server.RaftServerConfigKeys (ConfUtils.java:logGet(44)) - raft.server.retrycache.statistics.expirytime = 100?s (default)
2021-01-20 18:02:56,764 [pool-1234-thread-1] INFO  metrics.RatisMetrics (RatisMetrics.java:lambda$create$0(36)) - Creating Metrics Registry : ratis.leader_election.e3fc3b7a-517a-44b3-8821-d76e91ceea3d@group-E06B811B0D80
2021-01-20 18:02:56,765 [pool-1234-thread-1] INFO  metrics.RatisMetrics (RatisMetrics.java:lambda$create$0(36)) - Creating Metrics Registry : ratis.server.e3fc3b7a-517a-44b3-8821-d76e91ceea3d@group-E06B811B0D80
2021-01-20 18:02:56,768 [pool-1234-thread-1] INFO  server.RaftServer$Division (RaftServerImpl.java:start(294)) - e3fc3b7a-517a-44b3-8821-d76e91ceea3d@group-E06B811B0D80: start as a follower, conf=-1: [1987e6aa-0f3f-4058-93c6-f087debdef03|rpc:172.17.0.2:38173|dataStream:|priority:0, 564d795e-2911-4ce0-b6aa-bf548929a9a6|rpc:172.17.0.2:43087|dataStream:|priority:0, e3fc3b7a-517a-44b3-8821-d76e91ceea3d|rpc:172.17.0.2:39927|dataStream:|priority:1], old=null
2021-01-20 18:02:56,768 [pool-1234-thread-1] INFO  server.RaftServer$Division (RaftServerImpl.java:setRole(283)) - e3fc3b7a-517a-44b3-8821-d76e91ceea3d@group-E06B811B0D80: changes role from      null to FOLLOWER at term 0 for startAsFollower
2021-01-20 18:02:56,768 [pool-1234-thread-1] INFO  impl.RoleInfo (RoleInfo.java:updateAndGet(130)) - e3fc3b7a-517a-44b3-8821-d76e91ceea3d: start e3fc3b7a-517a-44b3-8821-d76e91ceea3d@group-E06B811B0D80-FollowerState
2021-01-20 18:02:56,768 [pool-1234-thread-1] INFO  util.JmxRegister (JmxRegister.java:tryRegister(44)) - Successfully registered JMX Bean with object name Ratis:service=RaftServer,group=group-E06B811B0D80,id=e3fc3b7a-517a-44b3-8821-d76e91ceea3d
2021-01-20 18:02:56,768 [pool-1234-thread-1] INFO  metrics.RatisMetrics (RatisMetrics.java:lambda$create$0(36)) - Creating Metrics Registry : ratis.state_machine.e3fc3b7a-517a-44b3-8821-d76e91ceea3d@group-E06B811B0D80
2021-01-20 18:02:56,784 [Command processor thread] INFO  metrics.RatisMetrics (RatisMetrics.java:lambda$create$0(36)) - Creating Metrics Registry : ratis.client_message_metrics.client-63B5B73D71B4->564d795e-2911-4ce0-b6aa-bf548929a9a6
2021-01-20 18:02:56,790 [grpc-default-executor-7] INFO  metrics.RatisMetrics (RatisMetrics.java:lambda$create$0(36)) - Creating Metrics Registry : ratis.server_message_metrics.564d795e-2911-4ce0-b6aa-bf548929a9a6
2021-01-20 18:02:56,792 [grpc-default-executor-7] INFO  server.RaftServer (RaftServerProxy.java:addNew(95)) - 564d795e-2911-4ce0-b6aa-bf548929a9a6: addNew group-E06B811B0D80:[1987e6aa-0f3f-4058-93c6-f087debdef03|rpc:172.17.0.2:38173|dataStream:|priority:0, 564d795e-2911-4ce0-b6aa-bf548929a9a6|rpc:172.17.0.2:43087|dataStream:|priority:0, e3fc3b7a-517a-44b3-8821-d76e91ceea3d|rpc:172.17.0.2:39927|dataStream:|priority:1] returns group-E06B811B0D80:java.util.concurrent.CompletableFuture@1e04b6bc[Not completed]
2021-01-20 18:02:56,793 [pool-1250-thread-1] INFO  server.RaftServer$Division (RaftServerImpl.java:<init>(179)) - 564d795e-2911-4ce0-b6aa-bf548929a9a6: new RaftServerImpl for group-E06B811B0D80:[1987e6aa-0f3f-4058-93c6-f087debdef03|rpc:172.17.0.2:38173|dataStream:|priority:0, 564d795e-2911-4ce0-b6aa-bf548929a9a6|rpc:172.17.0.2:43087|dataStream:|priority:0, e3fc3b7a-517a-44b3-8821-d76e91ceea3d|rpc:172.17.0.2:39927|dataStream:|priority:1] with ContainerStateMachine:uninitialized
2021-01-20 18:02:56,793 [pool-1250-thread-1] INFO  server.RaftServerConfigKeys (ConfUtils.java:logGet(44)) - raft.server.rpc.timeout.min = 5s (custom)
2021-01-20 18:02:56,793 [pool-1250-thread-1] INFO  server.RaftServerConfigKeys (ConfUtils.java:logGet(44)) - raft.server.rpc.timeout.max = 5200ms (custom)
2021-01-20 18:02:56,793 [pool-1250-thread-1] INFO  server.RaftServerConfigKeys (ConfUtils.java:logGet(44)) - raft.server.rpc.sleep.time = 25ms (default)
2021-01-20 18:02:56,793 [pool-1250-thread-1] INFO  server.RaftServerConfigKeys (ConfUtils.java:logGet(44)) - raft.server.rpc.slowness.timeout = 300s (custom)
2021-01-20 18:02:56,793 [pool-1250-thread-1] INFO  server.RaftServerConfigKeys (ConfUtils.java:logGet(44)) - raft.server.leaderelection.leader.step-down.wait-time = 10s (default)
2021-01-20 18:02:56,793 [pool-1250-thread-1] INFO  server.RaftServerConfigKeys (ConfUtils.java:logGet(44)) - raft.server.sleep.deviation.threshold = 300ms (default)
2021-01-20 18:02:56,793 [pool-1250-thread-1] INFO  server.RaftServerConfigKeys (ConfUtils.java:logGet(44)) - raft.server.log.appender.install.snapshot.enabled = false (custom)
2021-01-20 18:02:56,793 [pool-1250-thread-1] INFO  server.RaftServer$Division (ServerState.java:<init>(103)) - 564d795e-2911-4ce0-b6aa-bf548929a9a6@group-E06B811B0D80: ConfigurationManager, init=-1: [1987e6aa-0f3f-4058-93c6-f087debdef03|rpc:172.17.0.2:38173|dataStream:|priority:0, 564d795e-2911-4ce0-b6aa-bf548929a9a6|rpc:172.17.0.2:43087|dataStream:|priority:0, e3fc3b7a-517a-44b3-8821-d76e91ceea3d|rpc:172.17.0.2:39927|dataStream:|priority:1], old=null, confs=<EMPTY_MAP>
2021-01-20 18:02:56,793 [pool-1250-thread-1] INFO  server.RaftServerConfigKeys (ConfUtils.java:logGet(44)) - raft.server.storage.dir = [/github/workspace/mnt/ozone/hadoop-ozone/integration-test/target/test-dir/MiniOzoneClusterImpl-618ecdb8-9cea-428a-88e6-93619fe638f4/datanode-2/data/ratis] (custom)
2021-01-20 18:02:56,794 [pool-1250-thread-1] INFO  server.RaftServerConfigKeys (ConfUtils.java:logGet(44)) - raft.server.log.corruption.policy = EXCEPTION (default)
2021-01-20 18:02:56,794 [pool-1250-thread-1] INFO  storage.RaftStorageDirectory (RaftStorageDirectoryImpl.java:analyzeStorage(132)) - The storage directory /github/workspace/mnt/ozone/hadoop-ozone/integration-test/target/test-dir/MiniOzoneClusterImpl-618ecdb8-9cea-428a-88e6-93619fe638f4/datanode-2/data/ratis/a752d258-79d0-4389-860d-e06b811b0d80 does not exist. Creating ...
2021-01-20 18:02:56,797 [pool-1250-thread-1] INFO  storage.RaftStorageDirectory (RaftStorageDirectoryImpl.java:tryLock(215)) - Lock on /github/workspace/mnt/ozone/hadoop-ozone/integration-test/target/test-dir/MiniOzoneClusterImpl-618ecdb8-9cea-428a-88e6-93619fe638f4/datanode-2/data/ratis/a752d258-79d0-4389-860d-e06b811b0d80/in_use.lock acquired by nodename 7143@86d28932dd69
2021-01-20 18:02:56,798 [pool-1250-thread-1] INFO  storage.RaftStorage (RaftStorageImpl.java:format(87)) - Storage directory /github/workspace/mnt/ozone/hadoop-ozone/integration-test/target/test-dir/MiniOzoneClusterImpl-618ecdb8-9cea-428a-88e6-93619fe638f4/datanode-2/data/ratis/a752d258-79d0-4389-860d-e06b811b0d80 has been successfully formatted.
2021-01-20 18:02:56,799 [pool-1250-thread-1] INFO  ratis.ContainerStateMachine (ContainerStateMachine.java:loadSnapshot(223)) - group-E06B811B0D80: The snapshot info is null. Setting the last applied indexto:(t:0, i:~)
2021-01-20 18:02:56,799 [pool-1250-thread-1] ERROR storage.RaftStorage (RaftStorageImpl.java:readRaftConfiguration(147)) - Failed reading configuration from file:/github/workspace/mnt/ozone/hadoop-ozone/integration-test/target/test-dir/MiniOzoneClusterImpl-618ecdb8-9cea-428a-88e6-93619fe638f4/datanode-2/data/ratis/a752d258-79d0-4389-860d-e06b811b0d80/current/raft-meta.conf
java.io.FileNotFoundException: /github/workspace/mnt/ozone/hadoop-ozone/integration-test/target/test-dir/MiniOzoneClusterImpl-618ecdb8-9cea-428a-88e6-93619fe638f4/datanode-2/data/ratis/a752d258-79d0-4389-860d-e06b811b0d80/current/raft-meta.conf (No such file or directory)
	at java.io.FileInputStream.open0(Native Method)
	at java.io.FileInputStream.open(FileInputStream.java:195)
	at java.io.FileInputStream.<init>(FileInputStream.java:138)
	at org.apache.ratis.server.storage.RaftStorageImpl.readRaftConfiguration(RaftStorageImpl.java:143)
	at org.apache.ratis.server.impl.ServerState.<init>(ServerState.java:113)
	at org.apache.ratis.server.impl.RaftServerImpl.<init>(RaftServerImpl.java:192)
	at org.apache.ratis.server.impl.RaftServerProxy.lambda$newRaftServerImpl$4(RaftServerProxy.java:266)
	at java.util.concurrent.CompletableFuture$AsyncSupply.run(CompletableFuture.java:1604)
	at java.util.concurrent.ThreadPoolExecutor.runWorker(ThreadPoolExecutor.java:1149)
	at java.util.concurrent.ThreadPoolExecutor$Worker.run(ThreadPoolExecutor.java:624)
	at java.lang.Thread.run(Thread.java:748)
2021-01-20 18:02:56,799 [pool-1250-thread-1] INFO  server.RaftServerConfigKeys (ConfUtils.java:logGet(44)) - raft.server.notification.no-leader.timeout = 300s (custom)
2021-01-20 18:02:56,799 [pool-1250-thread-1] INFO  server.RaftServerConfigKeys (ConfUtils.java:logGet(44)) - raft.server.log.use.memory = false (default)
2021-01-20 18:02:56,799 [pool-1250-thread-1] INFO  server.RaftServerConfigKeys (ConfUtils.java:logGet(44)) - raft.server.log.purge.gap = 1000000 (custom)
2021-01-20 18:02:56,799 [pool-1250-thread-1] INFO  server.RaftServerConfigKeys (ConfUtils.java:logGet(44)) - raft.server.log.appender.buffer.byte-limit = 33554432 (custom)
2021-01-20 18:02:56,799 [pool-1250-thread-1] INFO  metrics.RatisMetrics (RatisMetrics.java:lambda$create$0(36)) - Creating Metrics Registry : ratis.log_worker.564d795e-2911-4ce0-b6aa-bf548929a9a6@group-E06B811B0D80
2021-01-20 18:02:56,799 [EventQueue-PipelineReportForOneReplicaPipelineSafeModeRule] INFO  safemode.SCMSafeModeManager (SCMSafeModeManager.java:validateSafeModeExitRules(214)) - AtleastOneDatanodeReportedRule rule is successfully validated
2021-01-20 18:02:56,800 [pool-1250-thread-1] INFO  server.RaftServerConfigKeys (ConfUtils.java:logGet(44)) - raft.server.log.segment.size.max = 1048576 (custom)
2021-01-20 18:02:56,801 [pool-1250-thread-1] INFO  server.RaftServerConfigKeys (ConfUtils.java:logGet(44)) - raft.server.log.segment.cache.num.max = 2 (custom)
2021-01-20 18:02:56,801 [pool-1250-thread-1] INFO  server.RaftServerConfigKeys (ConfUtils.java:logGet(44)) - raft.server.log.segment.cache.size.max = 200MB (=209715200) (default)
2021-01-20 18:02:56,801 [pool-1250-thread-1] INFO  segmented.SegmentedRaftLogWorker (SegmentedRaftLogWorker.java:<init>(181)) - new 564d795e-2911-4ce0-b6aa-bf548929a9a6@group-E06B811B0D80-SegmentedRaftLogWorker for RaftStorageImpl:Storage Directory /github/workspace/mnt/ozone/hadoop-ozone/integration-test/target/test-dir/MiniOzoneClusterImpl-618ecdb8-9cea-428a-88e6-93619fe638f4/datanode-2/data/ratis/a752d258-79d0-4389-860d-e06b811b0d80
2021-01-20 18:02:56,801 [pool-1250-thread-1] INFO  server.RaftServerConfigKeys (ConfUtils.java:logGet(44)) - raft.server.log.queue.byte-limit = 2147483647 (custom)
2021-01-20 18:02:56,801 [pool-1250-thread-1] INFO  server.RaftServerConfigKeys (ConfUtils.java:logGet(44)) - raft.server.log.queue.element-limit = 1024 (custom)
2021-01-20 18:02:56,801 [pool-1250-thread-1] INFO  server.RaftServerConfigKeys (ConfUtils.java:logGet(44)) - raft.server.log.segment.size.max = 1048576 (custom)
2021-01-20 18:02:56,801 [pool-1250-thread-1] INFO  server.RaftServerConfigKeys (ConfUtils.java:logGet(44)) - raft.server.log.preallocated.size = 16384 (custom)
2021-01-20 18:02:56,801 [pool-1250-thread-1] INFO  server.RaftServerConfigKeys (ConfUtils.java:logGet(44)) - raft.server.log.force.sync.num = 128 (default)
2021-01-20 18:02:56,801 [pool-1250-thread-1] INFO  server.RaftServerConfigKeys (ConfUtils.java:logGet(44)) - raft.server.log.statemachine.data.sync = true (default)
2021-01-20 18:02:56,801 [pool-1250-thread-1] INFO  server.RaftServerConfigKeys (ConfUtils.java:logGet(44)) - raft.server.log.statemachine.data.sync.timeout = 10s (default)
2021-01-20 18:02:56,801 [pool-1250-thread-1] INFO  server.RaftServerConfigKeys (ConfUtils.java:logGet(44)) - raft.server.log.statemachine.data.sync.timeout.retry = -1 (default)
2021-01-20 18:02:56,804 [pool-1250-thread-1] INFO  server.RaftServerConfigKeys (ConfUtils.java:logGet(44)) - raft.server.log.write.buffer.size = 1048576 (custom)
2021-01-20 18:02:56,805 [pool-1250-thread-1] INFO  server.RaftServerConfigKeys (ConfUtils.java:logGet(44)) - raft.server.log.statemachine.data.caching.enabled = true (custom)
2021-01-20 18:02:56,805 [pool-1250-thread-1] INFO  segmented.SegmentedRaftLogWorker (SegmentedRaftLogWorker.java:lambda$new$0(132)) - 564d795e-2911-4ce0-b6aa-bf548929a9a6@group-E06B811B0D80-SegmentedRaftLogWorker: flushIndex: setUnconditionally 0 -> -1
2021-01-20 18:02:56,805 [pool-1250-thread-1] INFO  segmented.SegmentedRaftLogWorker (SegmentedRaftLogWorker.java:lambda$new$0(132)) - 564d795e-2911-4ce0-b6aa-bf548929a9a6@group-E06B811B0D80-SegmentedRaftLogWorker: safeCacheEvictIndex: setUnconditionally 0 -> -1
2021-01-20 18:02:56,810 [pool-1250-thread-1] INFO  server.RaftServerConfigKeys (ConfUtils.java:logGet(44)) - raft.server.snapshot.auto.trigger.enabled = true (custom)
2021-01-20 18:02:56,810 [pool-1250-thread-1] INFO  server.RaftServerConfigKeys (ConfUtils.java:logGet(44)) - raft.server.snapshot.auto.trigger.threshold = 10000 (custom)
2021-01-20 18:02:56,810 [pool-1250-thread-1] INFO  server.RaftServerConfigKeys (ConfUtils.java:logGet(44)) - raft.server.snapshot.retention.file.num = 5 (custom)
2021-01-20 18:02:56,810 [pool-1250-thread-1] INFO  server.RaftServerConfigKeys (ConfUtils.java:logGet(44)) - raft.server.log.purge.upto.snapshot.index = false (default)
2021-01-20 18:02:56,811 [pool-1250-thread-1] INFO  server.RaftServerConfigKeys (ConfUtils.java:logGet(44)) - raft.server.retrycache.expirytime = 600000ms (custom)
2021-01-20 18:02:56,811 [pool-1250-thread-1] INFO  server.RaftServerConfigKeys (ConfUtils.java:logGet(44)) - raft.server.retrycache.statistics.expirytime = 100?s (default)
2021-01-20 18:02:56,811 [pool-1250-thread-1] INFO  metrics.RatisMetrics (RatisMetrics.java:lambda$create$0(36)) - Creating Metrics Registry : ratis.leader_election.564d795e-2911-4ce0-b6aa-bf548929a9a6@group-E06B811B0D80
2021-01-20 18:02:56,812 [pool-1250-thread-1] INFO  metrics.RatisMetrics (RatisMetrics.java:lambda$create$0(36)) - Creating Metrics Registry : ratis.server.564d795e-2911-4ce0-b6aa-bf548929a9a6@group-E06B811B0D80
2021-01-20 18:02:56,814 [pool-1250-thread-1] INFO  server.RaftServer$Division (RaftServerImpl.java:start(294)) - 564d795e-2911-4ce0-b6aa-bf548929a9a6@group-E06B811B0D80: start as a follower, conf=-1: [1987e6aa-0f3f-4058-93c6-f087debdef03|rpc:172.17.0.2:38173|dataStream:|priority:0, 564d795e-2911-4ce0-b6aa-bf548929a9a6|rpc:172.17.0.2:43087|dataStream:|priority:0, e3fc3b7a-517a-44b3-8821-d76e91ceea3d|rpc:172.17.0.2:39927|dataStream:|priority:1], old=null
2021-01-20 18:02:56,814 [pool-1250-thread-1] INFO  server.RaftServer$Division (RaftServerImpl.java:setRole(283)) - 564d795e-2911-4ce0-b6aa-bf548929a9a6@group-E06B811B0D80: changes role from      null to FOLLOWER at term 0 for startAsFollower
2021-01-20 18:02:56,815 [pool-1250-thread-1] INFO  impl.RoleInfo (RoleInfo.java:updateAndGet(130)) - 564d795e-2911-4ce0-b6aa-bf548929a9a6: start 564d795e-2911-4ce0-b6aa-bf548929a9a6@group-E06B811B0D80-FollowerState
2021-01-20 18:02:56,815 [pool-1250-thread-1] INFO  util.JmxRegister (JmxRegister.java:tryRegister(44)) - Successfully registered JMX Bean with object name Ratis:service=RaftServer,group=group-E06B811B0D80,id=564d795e-2911-4ce0-b6aa-bf548929a9a6
2021-01-20 18:02:56,815 [pool-1250-thread-1] INFO  metrics.RatisMetrics (RatisMetrics.java:lambda$create$0(36)) - Creating Metrics Registry : ratis.state_machine.564d795e-2911-4ce0-b6aa-bf548929a9a6@group-E06B811B0D80
2021-01-20 18:02:56,827 [Command processor thread] INFO  commandhandler.CreatePipelineCommandHandler (CreatePipelineCommandHandler.java:handle(106)) - Created Pipeline RATIS THREE PipelineID=a752d258-79d0-4389-860d-e06b811b0d80.
2021-01-20 18:02:56,827 [Command processor thread] INFO  server.RaftServer (RaftServerProxy.java:addNew(95)) - 1987e6aa-0f3f-4058-93c6-f087debdef03: addNew group-B2C9A5D36ED0:[1987e6aa-0f3f-4058-93c6-f087debdef03|rpc:172.17.0.2:38173|priority:0, 564d795e-2911-4ce0-b6aa-bf548929a9a6|rpc:172.17.0.2:43087|priority:1, e3fc3b7a-517a-44b3-8821-d76e91ceea3d|rpc:172.17.0.2:39927|priority:0] returns group-B2C9A5D36ED0:java.util.concurrent.CompletableFuture@6a65e3a5[Not completed]
2021-01-20 18:02:56,828 [pool-1218-thread-1] INFO  server.RaftServer$Division (RaftServerImpl.java:<init>(179)) - 1987e6aa-0f3f-4058-93c6-f087debdef03: new RaftServerImpl for group-B2C9A5D36ED0:[1987e6aa-0f3f-4058-93c6-f087debdef03|rpc:172.17.0.2:38173|priority:0, 564d795e-2911-4ce0-b6aa-bf548929a9a6|rpc:172.17.0.2:43087|priority:1, e3fc3b7a-517a-44b3-8821-d76e91ceea3d|rpc:172.17.0.2:39927|priority:0] with ContainerStateMachine:uninitialized
2021-01-20 18:02:56,828 [pool-1218-thread-1] INFO  server.RaftServerConfigKeys (ConfUtils.java:logGet(44)) - raft.server.rpc.timeout.min = 5s (custom)
2021-01-20 18:02:56,829 [pool-1218-thread-1] INFO  server.RaftServerConfigKeys (ConfUtils.java:logGet(44)) - raft.server.rpc.timeout.max = 5200ms (custom)
2021-01-20 18:02:56,829 [pool-1218-thread-1] INFO  server.RaftServerConfigKeys (ConfUtils.java:logGet(44)) - raft.server.rpc.sleep.time = 25ms (default)
2021-01-20 18:02:56,829 [pool-1218-thread-1] INFO  server.RaftServerConfigKeys (ConfUtils.java:logGet(44)) - raft.server.rpc.slowness.timeout = 300s (custom)
2021-01-20 18:02:56,829 [pool-1218-thread-1] INFO  server.RaftServerConfigKeys (ConfUtils.java:logGet(44)) - raft.server.leaderelection.leader.step-down.wait-time = 10s (default)
2021-01-20 18:02:56,829 [pool-1218-thread-1] INFO  server.RaftServerConfigKeys (ConfUtils.java:logGet(44)) - raft.server.sleep.deviation.threshold = 300ms (default)
2021-01-20 18:02:56,829 [pool-1218-thread-1] INFO  server.RaftServerConfigKeys (ConfUtils.java:logGet(44)) - raft.server.log.appender.install.snapshot.enabled = false (custom)
2021-01-20 18:02:56,829 [pool-1218-thread-1] INFO  server.RaftServer$Division (ServerState.java:<init>(103)) - 1987e6aa-0f3f-4058-93c6-f087debdef03@group-B2C9A5D36ED0: ConfigurationManager, init=-1: [1987e6aa-0f3f-4058-93c6-f087debdef03|rpc:172.17.0.2:38173|priority:0, 564d795e-2911-4ce0-b6aa-bf548929a9a6|rpc:172.17.0.2:43087|priority:1, e3fc3b7a-517a-44b3-8821-d76e91ceea3d|rpc:172.17.0.2:39927|priority:0], old=null, confs=<EMPTY_MAP>
2021-01-20 18:02:56,829 [pool-1218-thread-1] INFO  server.RaftServerConfigKeys (ConfUtils.java:logGet(44)) - raft.server.storage.dir = [/github/workspace/mnt/ozone/hadoop-ozone/integration-test/target/test-dir/MiniOzoneClusterImpl-618ecdb8-9cea-428a-88e6-93619fe638f4/datanode-0/data/ratis] (custom)
2021-01-20 18:02:56,829 [pool-1218-thread-1] INFO  server.RaftServerConfigKeys (ConfUtils.java:logGet(44)) - raft.server.log.corruption.policy = EXCEPTION (default)
2021-01-20 18:02:56,829 [pool-1218-thread-1] INFO  storage.RaftStorageDirectory (RaftStorageDirectoryImpl.java:analyzeStorage(132)) - The storage directory /github/workspace/mnt/ozone/hadoop-ozone/integration-test/target/test-dir/MiniOzoneClusterImpl-618ecdb8-9cea-428a-88e6-93619fe638f4/datanode-0/data/ratis/18b71221-0a2e-4427-a6c5-b2c9a5d36ed0 does not exist. Creating ...
2021-01-20 18:02:56,834 [pool-1218-thread-1] INFO  storage.RaftStorageDirectory (RaftStorageDirectoryImpl.java:tryLock(215)) - Lock on /github/workspace/mnt/ozone/hadoop-ozone/integration-test/target/test-dir/MiniOzoneClusterImpl-618ecdb8-9cea-428a-88e6-93619fe638f4/datanode-0/data/ratis/18b71221-0a2e-4427-a6c5-b2c9a5d36ed0/in_use.lock acquired by nodename 7143@86d28932dd69
2021-01-20 18:02:56,835 [pool-1218-thread-1] INFO  storage.RaftStorage (RaftStorageImpl.java:format(87)) - Storage directory /github/workspace/mnt/ozone/hadoop-ozone/integration-test/target/test-dir/MiniOzoneClusterImpl-618ecdb8-9cea-428a-88e6-93619fe638f4/datanode-0/data/ratis/18b71221-0a2e-4427-a6c5-b2c9a5d36ed0 has been successfully formatted.
2021-01-20 18:02:56,836 [pool-1218-thread-1] INFO  ratis.ContainerStateMachine (ContainerStateMachine.java:loadSnapshot(223)) - group-B2C9A5D36ED0: The snapshot info is null. Setting the last applied indexto:(t:0, i:~)
2021-01-20 18:02:56,837 [EventQueue-OpenPipelineForHealthyPipelineSafeModeRule] INFO  safemode.SCMSafeModeManager (HealthyPipelineSafeModeRule.java:process(128)) - SCM in safe mode. Healthy pipelines reported count is 0, required healthy pipeline reported count is 1
2021-01-20 18:02:56,836 [EventQueue-PipelineReportForOneReplicaPipelineSafeModeRule] INFO  safemode.SCMSafeModeManager (SCMSafeModeManager.java:validateSafeModeExitRules(214)) - AtleastOneDatanodeReportedRule rule is successfully validated
2021-01-20 18:02:56,837 [pool-1218-thread-1] ERROR storage.RaftStorage (RaftStorageImpl.java:readRaftConfiguration(147)) - Failed reading configuration from file:/github/workspace/mnt/ozone/hadoop-ozone/integration-test/target/test-dir/MiniOzoneClusterImpl-618ecdb8-9cea-428a-88e6-93619fe638f4/datanode-0/data/ratis/18b71221-0a2e-4427-a6c5-b2c9a5d36ed0/current/raft-meta.conf
java.io.FileNotFoundException: /github/workspace/mnt/ozone/hadoop-ozone/integration-test/target/test-dir/MiniOzoneClusterImpl-618ecdb8-9cea-428a-88e6-93619fe638f4/datanode-0/data/ratis/18b71221-0a2e-4427-a6c5-b2c9a5d36ed0/current/raft-meta.conf (No such file or directory)
	at java.io.FileInputStream.open0(Native Method)
	at java.io.FileInputStream.open(FileInputStream.java:195)
	at java.io.FileInputStream.<init>(FileInputStream.java:138)
	at org.apache.ratis.server.storage.RaftStorageImpl.readRaftConfiguration(RaftStorageImpl.java:143)
	at org.apache.ratis.server.impl.ServerState.<init>(ServerState.java:113)
	at org.apache.ratis.server.impl.RaftServerImpl.<init>(RaftServerImpl.java:192)
	at org.apache.ratis.server.impl.RaftServerProxy.lambda$newRaftServerImpl$4(RaftServerProxy.java:266)
	at java.util.concurrent.CompletableFuture$AsyncSupply.run(CompletableFuture.java:1604)
	at java.util.concurrent.ThreadPoolExecutor.runWorker(ThreadPoolExecutor.java:1149)
	at java.util.concurrent.ThreadPoolExecutor$Worker.run(ThreadPoolExecutor.java:624)
	at java.lang.Thread.run(Thread.java:748)
2021-01-20 18:02:56,837 [pool-1218-thread-1] INFO  server.RaftServerConfigKeys (ConfUtils.java:logGet(44)) - raft.server.notification.no-leader.timeout = 300s (custom)
2021-01-20 18:02:56,837 [pool-1218-thread-1] INFO  server.RaftServerConfigKeys (ConfUtils.java:logGet(44)) - raft.server.log.use.memory = false (default)
2021-01-20 18:02:56,837 [pool-1218-thread-1] INFO  server.RaftServerConfigKeys (ConfUtils.java:logGet(44)) - raft.server.log.purge.gap = 1000000 (custom)
2021-01-20 18:02:56,838 [pool-1218-thread-1] INFO  server.RaftServerConfigKeys (ConfUtils.java:logGet(44)) - raft.server.log.appender.buffer.byte-limit = 33554432 (custom)
2021-01-20 18:02:56,838 [pool-1218-thread-1] INFO  metrics.RatisMetrics (RatisMetrics.java:lambda$create$0(36)) - Creating Metrics Registry : ratis.log_worker.1987e6aa-0f3f-4058-93c6-f087debdef03@group-B2C9A5D36ED0
2021-01-20 18:02:56,838 [pool-1218-thread-1] INFO  server.RaftServerConfigKeys (ConfUtils.java:logGet(44)) - raft.server.log.segment.size.max = 1048576 (custom)
2021-01-20 18:02:56,840 [pool-1218-thread-1] INFO  server.RaftServerConfigKeys (ConfUtils.java:logGet(44)) - raft.server.log.segment.cache.num.max = 2 (custom)
2021-01-20 18:02:56,840 [pool-1218-thread-1] INFO  server.RaftServerConfigKeys (ConfUtils.java:logGet(44)) - raft.server.log.segment.cache.size.max = 200MB (=209715200) (default)
2021-01-20 18:02:56,840 [pool-1218-thread-1] INFO  segmented.SegmentedRaftLogWorker (SegmentedRaftLogWorker.java:<init>(181)) - new 1987e6aa-0f3f-4058-93c6-f087debdef03@group-B2C9A5D36ED0-SegmentedRaftLogWorker for RaftStorageImpl:Storage Directory /github/workspace/mnt/ozone/hadoop-ozone/integration-test/target/test-dir/MiniOzoneClusterImpl-618ecdb8-9cea-428a-88e6-93619fe638f4/datanode-0/data/ratis/18b71221-0a2e-4427-a6c5-b2c9a5d36ed0
2021-01-20 18:02:56,840 [pool-1218-thread-1] INFO  server.RaftServerConfigKeys (ConfUtils.java:logGet(44)) - raft.server.log.queue.byte-limit = 2147483647 (custom)
2021-01-20 18:02:56,840 [pool-1218-thread-1] INFO  server.RaftServerConfigKeys (ConfUtils.java:logGet(44)) - raft.server.log.queue.element-limit = 1024 (custom)
2021-01-20 18:02:56,840 [pool-1218-thread-1] INFO  server.RaftServerConfigKeys (ConfUtils.java:logGet(44)) - raft.server.log.segment.size.max = 1048576 (custom)
2021-01-20 18:02:56,840 [pool-1218-thread-1] INFO  server.RaftServerConfigKeys (ConfUtils.java:logGet(44)) - raft.server.log.preallocated.size = 16384 (custom)
2021-01-20 18:02:56,840 [pool-1218-thread-1] INFO  server.RaftServerConfigKeys (ConfUtils.java:logGet(44)) - raft.server.log.force.sync.num = 128 (default)
2021-01-20 18:02:56,840 [pool-1218-thread-1] INFO  server.RaftServerConfigKeys (ConfUtils.java:logGet(44)) - raft.server.log.statemachine.data.sync = true (default)
2021-01-20 18:02:56,840 [pool-1218-thread-1] INFO  server.RaftServerConfigKeys (ConfUtils.java:logGet(44)) - raft.server.log.statemachine.data.sync.timeout = 10s (default)
2021-01-20 18:02:56,840 [pool-1218-thread-1] INFO  server.RaftServerConfigKeys (ConfUtils.java:logGet(44)) - raft.server.log.statemachine.data.sync.timeout.retry = -1 (default)
2021-01-20 18:02:56,843 [pool-1218-thread-1] INFO  server.RaftServerConfigKeys (ConfUtils.java:logGet(44)) - raft.server.log.write.buffer.size = 1048576 (custom)
2021-01-20 18:02:56,844 [pool-1218-thread-1] INFO  server.RaftServerConfigKeys (ConfUtils.java:logGet(44)) - raft.server.log.statemachine.data.caching.enabled = true (custom)
2021-01-20 18:02:56,844 [pool-1218-thread-1] INFO  segmented.SegmentedRaftLogWorker (SegmentedRaftLogWorker.java:lambda$new$0(132)) - 1987e6aa-0f3f-4058-93c6-f087debdef03@group-B2C9A5D36ED0-SegmentedRaftLogWorker: flushIndex: setUnconditionally 0 -> -1
2021-01-20 18:02:56,844 [pool-1218-thread-1] INFO  segmented.SegmentedRaftLogWorker (SegmentedRaftLogWorker.java:lambda$new$0(132)) - 1987e6aa-0f3f-4058-93c6-f087debdef03@group-B2C9A5D36ED0-SegmentedRaftLogWorker: safeCacheEvictIndex: setUnconditionally 0 -> -1
2021-01-20 18:02:56,845 [pool-1218-thread-1] INFO  server.RaftServerConfigKeys (ConfUtils.java:logGet(44)) - raft.server.snapshot.auto.trigger.enabled = true (custom)
2021-01-20 18:02:56,845 [pool-1218-thread-1] INFO  server.RaftServerConfigKeys (ConfUtils.java:logGet(44)) - raft.server.snapshot.auto.trigger.threshold = 10000 (custom)
2021-01-20 18:02:56,845 [pool-1218-thread-1] INFO  server.RaftServerConfigKeys (ConfUtils.java:logGet(44)) - raft.server.snapshot.retention.file.num = 5 (custom)
2021-01-20 18:02:56,845 [pool-1218-thread-1] INFO  server.RaftServerConfigKeys (ConfUtils.java:logGet(44)) - raft.server.log.purge.upto.snapshot.index = false (default)
2021-01-20 18:02:56,845 [pool-1218-thread-1] INFO  server.RaftServerConfigKeys (ConfUtils.java:logGet(44)) - raft.server.retrycache.expirytime = 600000ms (custom)
2021-01-20 18:02:56,845 [pool-1218-thread-1] INFO  server.RaftServerConfigKeys (ConfUtils.java:logGet(44)) - raft.server.retrycache.statistics.expirytime = 100?s (default)
2021-01-20 18:02:56,845 [pool-1218-thread-1] INFO  metrics.RatisMetrics (RatisMetrics.java:lambda$create$0(36)) - Creating Metrics Registry : ratis.leader_election.1987e6aa-0f3f-4058-93c6-f087debdef03@group-B2C9A5D36ED0
2021-01-20 18:02:56,847 [pool-1218-thread-1] INFO  metrics.RatisMetrics (RatisMetrics.java:lambda$create$0(36)) - Creating Metrics Registry : ratis.server.1987e6aa-0f3f-4058-93c6-f087debdef03@group-B2C9A5D36ED0
2021-01-20 18:02:56,849 [pool-1218-thread-1] INFO  server.RaftServer$Division (RaftServerImpl.java:start(294)) - 1987e6aa-0f3f-4058-93c6-f087debdef03@group-B2C9A5D36ED0: start as a follower, conf=-1: [1987e6aa-0f3f-4058-93c6-f087debdef03|rpc:172.17.0.2:38173|priority:0, 564d795e-2911-4ce0-b6aa-bf548929a9a6|rpc:172.17.0.2:43087|priority:1, e3fc3b7a-517a-44b3-8821-d76e91ceea3d|rpc:172.17.0.2:39927|priority:0], old=null
2021-01-20 18:02:56,849 [pool-1218-thread-1] INFO  server.RaftServer$Division (RaftServerImpl.java:setRole(283)) - 1987e6aa-0f3f-4058-93c6-f087debdef03@group-B2C9A5D36ED0: changes role from      null to FOLLOWER at term 0 for startAsFollower
2021-01-20 18:02:56,850 [pool-1218-thread-1] INFO  impl.RoleInfo (RoleInfo.java:updateAndGet(130)) - 1987e6aa-0f3f-4058-93c6-f087debdef03: start 1987e6aa-0f3f-4058-93c6-f087debdef03@group-B2C9A5D36ED0-FollowerState
2021-01-20 18:02:56,850 [pool-1218-thread-1] INFO  util.JmxRegister (JmxRegister.java:tryRegister(44)) - Successfully registered JMX Bean with object name Ratis:service=RaftServer,group=group-B2C9A5D36ED0,id=1987e6aa-0f3f-4058-93c6-f087debdef03
2021-01-20 18:02:56,850 [pool-1218-thread-1] INFO  metrics.RatisMetrics (RatisMetrics.java:lambda$create$0(36)) - Creating Metrics Registry : ratis.state_machine.1987e6aa-0f3f-4058-93c6-f087debdef03@group-B2C9A5D36ED0
2021-01-20 18:02:56,852 [Command processor thread] INFO  metrics.RatisMetrics (RatisMetrics.java:lambda$create$0(36)) - Creating Metrics Registry : ratis.client_message_metrics.client-D060447CB769->e3fc3b7a-517a-44b3-8821-d76e91ceea3d
2021-01-20 18:02:56,857 [grpc-default-executor-7] INFO  server.RaftServer (RaftServerProxy.java:addNew(95)) - e3fc3b7a-517a-44b3-8821-d76e91ceea3d: addNew group-B2C9A5D36ED0:[1987e6aa-0f3f-4058-93c6-f087debdef03|rpc:172.17.0.2:38173|dataStream:|priority:0, 564d795e-2911-4ce0-b6aa-bf548929a9a6|rpc:172.17.0.2:43087|dataStream:|priority:1, e3fc3b7a-517a-44b3-8821-d76e91ceea3d|rpc:172.17.0.2:39927|dataStream:|priority:0] returns group-B2C9A5D36ED0:java.util.concurrent.CompletableFuture@2863f16c[Not completed]
2021-01-20 18:02:56,865 [pool-1234-thread-1] INFO  server.RaftServer$Division (RaftServerImpl.java:<init>(179)) - e3fc3b7a-517a-44b3-8821-d76e91ceea3d: new RaftServerImpl for group-B2C9A5D36ED0:[1987e6aa-0f3f-4058-93c6-f087debdef03|rpc:172.17.0.2:38173|dataStream:|priority:0, 564d795e-2911-4ce0-b6aa-bf548929a9a6|rpc:172.17.0.2:43087|dataStream:|priority:1, e3fc3b7a-517a-44b3-8821-d76e91ceea3d|rpc:172.17.0.2:39927|dataStream:|priority:0] with ContainerStateMachine:uninitialized
2021-01-20 18:02:56,865 [pool-1234-thread-1] INFO  server.RaftServerConfigKeys (ConfUtils.java:logGet(44)) - raft.server.rpc.timeout.min = 5s (custom)
2021-01-20 18:02:56,865 [pool-1234-thread-1] INFO  server.RaftServerConfigKeys (ConfUtils.java:logGet(44)) - raft.server.rpc.timeout.max = 5200ms (custom)
2021-01-20 18:02:56,865 [pool-1234-thread-1] INFO  server.RaftServerConfigKeys (ConfUtils.java:logGet(44)) - raft.server.rpc.sleep.time = 25ms (default)
2021-01-20 18:02:56,865 [pool-1234-thread-1] INFO  server.RaftServerConfigKeys (ConfUtils.java:logGet(44)) - raft.server.rpc.slowness.timeout = 300s (custom)
2021-01-20 18:02:56,865 [pool-1234-thread-1] INFO  server.RaftServerConfigKeys (ConfUtils.java:logGet(44)) - raft.server.leaderelection.leader.step-down.wait-time = 10s (default)
2021-01-20 18:02:56,865 [pool-1234-thread-1] INFO  server.RaftServerConfigKeys (ConfUtils.java:logGet(44)) - raft.server.sleep.deviation.threshold = 300ms (default)
2021-01-20 18:02:56,865 [pool-1234-thread-1] INFO  server.RaftServerConfigKeys (ConfUtils.java:logGet(44)) - raft.server.log.appender.install.snapshot.enabled = false (custom)
2021-01-20 18:02:56,865 [pool-1234-thread-1] INFO  server.RaftServer$Division (ServerState.java:<init>(103)) - e3fc3b7a-517a-44b3-8821-d76e91ceea3d@group-B2C9A5D36ED0: ConfigurationManager, init=-1: [1987e6aa-0f3f-4058-93c6-f087debdef03|rpc:172.17.0.2:38173|dataStream:|priority:0, 564d795e-2911-4ce0-b6aa-bf548929a9a6|rpc:172.17.0.2:43087|dataStream:|priority:1, e3fc3b7a-517a-44b3-8821-d76e91ceea3d|rpc:172.17.0.2:39927|dataStream:|priority:0], old=null, confs=<EMPTY_MAP>
2021-01-20 18:02:56,865 [pool-1234-thread-1] INFO  server.RaftServerConfigKeys (ConfUtils.java:logGet(44)) - raft.server.storage.dir = [/github/workspace/mnt/ozone/hadoop-ozone/integration-test/target/test-dir/MiniOzoneClusterImpl-618ecdb8-9cea-428a-88e6-93619fe638f4/datanode-1/data/ratis] (custom)
2021-01-20 18:02:56,865 [pool-1234-thread-1] INFO  server.RaftServerConfigKeys (ConfUtils.java:logGet(44)) - raft.server.log.corruption.policy = EXCEPTION (default)
2021-01-20 18:02:56,865 [pool-1234-thread-1] INFO  storage.RaftStorageDirectory (RaftStorageDirectoryImpl.java:analyzeStorage(132)) - The storage directory /github/workspace/mnt/ozone/hadoop-ozone/integration-test/target/test-dir/MiniOzoneClusterImpl-618ecdb8-9cea-428a-88e6-93619fe638f4/datanode-1/data/ratis/18b71221-0a2e-4427-a6c5-b2c9a5d36ed0 does not exist. Creating ...
2021-01-20 18:02:56,866 [pool-1234-thread-1] INFO  storage.RaftStorageDirectory (RaftStorageDirectoryImpl.java:tryLock(215)) - Lock on /github/workspace/mnt/ozone/hadoop-ozone/integration-test/target/test-dir/MiniOzoneClusterImpl-618ecdb8-9cea-428a-88e6-93619fe638f4/datanode-1/data/ratis/18b71221-0a2e-4427-a6c5-b2c9a5d36ed0/in_use.lock acquired by nodename 7143@86d28932dd69
2021-01-20 18:02:56,867 [pool-1234-thread-1] INFO  storage.RaftStorage (RaftStorageImpl.java:format(87)) - Storage directory /github/workspace/mnt/ozone/hadoop-ozone/integration-test/target/test-dir/MiniOzoneClusterImpl-618ecdb8-9cea-428a-88e6-93619fe638f4/datanode-1/data/ratis/18b71221-0a2e-4427-a6c5-b2c9a5d36ed0 has been successfully formatted.
2021-01-20 18:02:56,868 [pool-1234-thread-1] INFO  ratis.ContainerStateMachine (ContainerStateMachine.java:loadSnapshot(223)) - group-B2C9A5D36ED0: The snapshot info is null. Setting the last applied indexto:(t:0, i:~)
2021-01-20 18:02:56,868 [pool-1234-thread-1] ERROR storage.RaftStorage (RaftStorageImpl.java:readRaftConfiguration(147)) - Failed reading configuration from file:/github/workspace/mnt/ozone/hadoop-ozone/integration-test/target/test-dir/MiniOzoneClusterImpl-618ecdb8-9cea-428a-88e6-93619fe638f4/datanode-1/data/ratis/18b71221-0a2e-4427-a6c5-b2c9a5d36ed0/current/raft-meta.conf
java.io.FileNotFoundException: /github/workspace/mnt/ozone/hadoop-ozone/integration-test/target/test-dir/MiniOzoneClusterImpl-618ecdb8-9cea-428a-88e6-93619fe638f4/datanode-1/data/ratis/18b71221-0a2e-4427-a6c5-b2c9a5d36ed0/current/raft-meta.conf (No such file or directory)
	at java.io.FileInputStream.open0(Native Method)
	at java.io.FileInputStream.open(FileInputStream.java:195)
	at java.io.FileInputStream.<init>(FileInputStream.java:138)
	at org.apache.ratis.server.storage.RaftStorageImpl.readRaftConfiguration(RaftStorageImpl.java:143)
	at org.apache.ratis.server.impl.ServerState.<init>(ServerState.java:113)
	at org.apache.ratis.server.impl.RaftServerImpl.<init>(RaftServerImpl.java:192)
	at org.apache.ratis.server.impl.RaftServerProxy.lambda$newRaftServerImpl$4(RaftServerProxy.java:266)
	at java.util.concurrent.CompletableFuture$AsyncSupply.run(CompletableFuture.java:1604)
	at java.util.concurrent.ThreadPoolExecutor.runWorker(ThreadPoolExecutor.java:1149)
	at java.util.concurrent.ThreadPoolExecutor$Worker.run(ThreadPoolExecutor.java:624)
	at java.lang.Thread.run(Thread.java:748)
2021-01-20 18:02:56,868 [pool-1234-thread-1] INFO  server.RaftServerConfigKeys (ConfUtils.java:logGet(44)) - raft.server.notification.no-leader.timeout = 300s (custom)
2021-01-20 18:02:56,868 [pool-1234-thread-1] INFO  server.RaftServerConfigKeys (ConfUtils.java:logGet(44)) - raft.server.log.use.memory = false (default)
2021-01-20 18:02:56,868 [pool-1234-thread-1] INFO  server.RaftServerConfigKeys (ConfUtils.java:logGet(44)) - raft.server.log.purge.gap = 1000000 (custom)
2021-01-20 18:02:56,868 [pool-1234-thread-1] INFO  server.RaftServerConfigKeys (ConfUtils.java:logGet(44)) - raft.server.log.appender.buffer.byte-limit = 33554432 (custom)
2021-01-20 18:02:56,868 [pool-1234-thread-1] INFO  metrics.RatisMetrics (RatisMetrics.java:lambda$create$0(36)) - Creating Metrics Registry : ratis.log_worker.e3fc3b7a-517a-44b3-8821-d76e91ceea3d@group-B2C9A5D36ED0
2021-01-20 18:02:56,868 [EventQueue-PipelineReportForOneReplicaPipelineSafeModeRule] INFO  safemode.SCMSafeModeManager (SCMSafeModeManager.java:validateSafeModeExitRules(214)) - AtleastOneDatanodeReportedRule rule is successfully validated
2021-01-20 18:02:56,869 [pool-1234-thread-1] INFO  server.RaftServerConfigKeys (ConfUtils.java:logGet(44)) - raft.server.log.segment.size.max = 1048576 (custom)
2021-01-20 18:02:56,870 [pool-1234-thread-1] INFO  server.RaftServerConfigKeys (ConfUtils.java:logGet(44)) - raft.server.log.segment.cache.num.max = 2 (custom)
2021-01-20 18:02:56,870 [pool-1234-thread-1] INFO  server.RaftServerConfigKeys (ConfUtils.java:logGet(44)) - raft.server.log.segment.cache.size.max = 200MB (=209715200) (default)
2021-01-20 18:02:56,870 [pool-1234-thread-1] INFO  segmented.SegmentedRaftLogWorker (SegmentedRaftLogWorker.java:<init>(181)) - new e3fc3b7a-517a-44b3-8821-d76e91ceea3d@group-B2C9A5D36ED0-SegmentedRaftLogWorker for RaftStorageImpl:Storage Directory /github/workspace/mnt/ozone/hadoop-ozone/integration-test/target/test-dir/MiniOzoneClusterImpl-618ecdb8-9cea-428a-88e6-93619fe638f4/datanode-1/data/ratis/18b71221-0a2e-4427-a6c5-b2c9a5d36ed0
2021-01-20 18:02:56,870 [pool-1234-thread-1] INFO  server.RaftServerConfigKeys (ConfUtils.java:logGet(44)) - raft.server.log.queue.byte-limit = 2147483647 (custom)
2021-01-20 18:02:56,870 [pool-1234-thread-1] INFO  server.RaftServerConfigKeys (ConfUtils.java:logGet(44)) - raft.server.log.queue.element-limit = 1024 (custom)
2021-01-20 18:02:56,870 [pool-1234-thread-1] INFO  server.RaftServerConfigKeys (ConfUtils.java:logGet(44)) - raft.server.log.segment.size.max = 1048576 (custom)
2021-01-20 18:02:56,870 [pool-1234-thread-1] INFO  server.RaftServerConfigKeys (ConfUtils.java:logGet(44)) - raft.server.log.preallocated.size = 16384 (custom)
2021-01-20 18:02:56,871 [pool-1234-thread-1] INFO  server.RaftServerConfigKeys (ConfUtils.java:logGet(44)) - raft.server.log.force.sync.num = 128 (default)
2021-01-20 18:02:56,871 [pool-1234-thread-1] INFO  server.RaftServerConfigKeys (ConfUtils.java:logGet(44)) - raft.server.log.statemachine.data.sync = true (default)
2021-01-20 18:02:56,871 [pool-1234-thread-1] INFO  server.RaftServerConfigKeys (ConfUtils.java:logGet(44)) - raft.server.log.statemachine.data.sync.timeout = 10s (default)
2021-01-20 18:02:56,871 [pool-1234-thread-1] INFO  server.RaftServerConfigKeys (ConfUtils.java:logGet(44)) - raft.server.log.statemachine.data.sync.timeout.retry = -1 (default)
2021-01-20 18:02:56,874 [pool-1234-thread-1] INFO  server.RaftServerConfigKeys (ConfUtils.java:logGet(44)) - raft.server.log.write.buffer.size = 1048576 (custom)
2021-01-20 18:02:56,874 [pool-1234-thread-1] INFO  server.RaftServerConfigKeys (ConfUtils.java:logGet(44)) - raft.server.log.statemachine.data.caching.enabled = true (custom)
2021-01-20 18:02:56,874 [pool-1234-thread-1] INFO  segmented.SegmentedRaftLogWorker (SegmentedRaftLogWorker.java:lambda$new$0(132)) - e3fc3b7a-517a-44b3-8821-d76e91ceea3d@group-B2C9A5D36ED0-SegmentedRaftLogWorker: flushIndex: setUnconditionally 0 -> -1
2021-01-20 18:02:56,874 [pool-1234-thread-1] INFO  segmented.SegmentedRaftLogWorker (SegmentedRaftLogWorker.java:lambda$new$0(132)) - e3fc3b7a-517a-44b3-8821-d76e91ceea3d@group-B2C9A5D36ED0-SegmentedRaftLogWorker: safeCacheEvictIndex: setUnconditionally 0 -> -1
2021-01-20 18:02:56,875 [pool-1234-thread-1] INFO  server.RaftServerConfigKeys (ConfUtils.java:logGet(44)) - raft.server.snapshot.auto.trigger.enabled = true (custom)
2021-01-20 18:02:56,875 [pool-1234-thread-1] INFO  server.RaftServerConfigKeys (ConfUtils.java:logGet(44)) - raft.server.snapshot.auto.trigger.threshold = 10000 (custom)
2021-01-20 18:02:56,875 [pool-1234-thread-1] INFO  server.RaftServerConfigKeys (ConfUtils.java:logGet(44)) - raft.server.snapshot.retention.file.num = 5 (custom)
2021-01-20 18:02:56,875 [pool-1234-thread-1] INFO  server.RaftServerConfigKeys (ConfUtils.java:logGet(44)) - raft.server.log.purge.upto.snapshot.index = false (default)
2021-01-20 18:02:56,875 [pool-1234-thread-1] INFO  server.RaftServerConfigKeys (ConfUtils.java:logGet(44)) - raft.server.retrycache.expirytime = 600000ms (custom)
2021-01-20 18:02:56,875 [pool-1234-thread-1] INFO  server.RaftServerConfigKeys (ConfUtils.java:logGet(44)) - raft.server.retrycache.statistics.expirytime = 100?s (default)
2021-01-20 18:02:56,875 [pool-1234-thread-1] INFO  metrics.RatisMetrics (RatisMetrics.java:lambda$create$0(36)) - Creating Metrics Registry : ratis.leader_election.e3fc3b7a-517a-44b3-8821-d76e91ceea3d@group-B2C9A5D36ED0
2021-01-20 18:02:56,876 [pool-1234-thread-1] INFO  metrics.RatisMetrics (RatisMetrics.java:lambda$create$0(36)) - Creating Metrics Registry : ratis.server.e3fc3b7a-517a-44b3-8821-d76e91ceea3d@group-B2C9A5D36ED0
2021-01-20 18:02:56,879 [pool-1234-thread-1] INFO  server.RaftServer$Division (RaftServerImpl.java:start(294)) - e3fc3b7a-517a-44b3-8821-d76e91ceea3d@group-B2C9A5D36ED0: start as a follower, conf=-1: [1987e6aa-0f3f-4058-93c6-f087debdef03|rpc:172.17.0.2:38173|dataStream:|priority:0, 564d795e-2911-4ce0-b6aa-bf548929a9a6|rpc:172.17.0.2:43087|dataStream:|priority:1, e3fc3b7a-517a-44b3-8821-d76e91ceea3d|rpc:172.17.0.2:39927|dataStream:|priority:0], old=null
2021-01-20 18:02:56,879 [pool-1234-thread-1] INFO  server.RaftServer$Division (RaftServerImpl.java:setRole(283)) - e3fc3b7a-517a-44b3-8821-d76e91ceea3d@group-B2C9A5D36ED0: changes role from      null to FOLLOWER at term 0 for startAsFollower
2021-01-20 18:02:56,879 [pool-1234-thread-1] INFO  impl.RoleInfo (RoleInfo.java:updateAndGet(130)) - e3fc3b7a-517a-44b3-8821-d76e91ceea3d: start e3fc3b7a-517a-44b3-8821-d76e91ceea3d@group-B2C9A5D36ED0-FollowerState
2021-01-20 18:02:56,879 [pool-1234-thread-1] INFO  util.JmxRegister (JmxRegister.java:tryRegister(44)) - Successfully registered JMX Bean with object name Ratis:service=RaftServer,group=group-B2C9A5D36ED0,id=e3fc3b7a-517a-44b3-8821-d76e91ceea3d
2021-01-20 18:02:56,879 [pool-1234-thread-1] INFO  metrics.RatisMetrics (RatisMetrics.java:lambda$create$0(36)) - Creating Metrics Registry : ratis.state_machine.e3fc3b7a-517a-44b3-8821-d76e91ceea3d@group-B2C9A5D36ED0
2021-01-20 18:02:56,890 [Command processor thread] INFO  server.RaftServer (RaftServerProxy.java:addNew(95)) - e3fc3b7a-517a-44b3-8821-d76e91ceea3d: addNew group-C7A8C13A6F50:[e3fc3b7a-517a-44b3-8821-d76e91ceea3d|rpc:172.17.0.2:39927|priority:1] returns group-C7A8C13A6F50:java.util.concurrent.CompletableFuture@19b759fc[Not completed]
2021-01-20 18:02:56,891 [Command processor thread] INFO  metrics.RatisMetrics (RatisMetrics.java:lambda$create$0(36)) - Creating Metrics Registry : ratis.client_message_metrics.client-17D34EB54451->564d795e-2911-4ce0-b6aa-bf548929a9a6
2021-01-20 18:02:56,891 [pool-1234-thread-1] INFO  server.RaftServer$Division (RaftServerImpl.java:<init>(179)) - e3fc3b7a-517a-44b3-8821-d76e91ceea3d: new RaftServerImpl for group-C7A8C13A6F50:[e3fc3b7a-517a-44b3-8821-d76e91ceea3d|rpc:172.17.0.2:39927|priority:1] with ContainerStateMachine:uninitialized
2021-01-20 18:02:56,891 [pool-1234-thread-1] INFO  server.RaftServerConfigKeys (ConfUtils.java:logGet(44)) - raft.server.rpc.timeout.min = 5s (custom)
2021-01-20 18:02:56,891 [pool-1234-thread-1] INFO  server.RaftServerConfigKeys (ConfUtils.java:logGet(44)) - raft.server.rpc.timeout.max = 5200ms (custom)
2021-01-20 18:02:56,891 [pool-1234-thread-1] INFO  server.RaftServerConfigKeys (ConfUtils.java:logGet(44)) - raft.server.rpc.sleep.time = 25ms (default)
2021-01-20 18:02:56,891 [pool-1234-thread-1] INFO  server.RaftServerConfigKeys (ConfUtils.java:logGet(44)) - raft.server.rpc.slowness.timeout = 300s (custom)
2021-01-20 18:02:56,891 [pool-1234-thread-1] INFO  server.RaftServerConfigKeys (ConfUtils.java:logGet(44)) - raft.server.leaderelection.leader.step-down.wait-time = 10s (default)
2021-01-20 18:02:56,891 [pool-1234-thread-1] INFO  server.RaftServerConfigKeys (ConfUtils.java:logGet(44)) - raft.server.sleep.deviation.threshold = 300ms (default)
2021-01-20 18:02:56,891 [pool-1234-thread-1] INFO  server.RaftServerConfigKeys (ConfUtils.java:logGet(44)) - raft.server.log.appender.install.snapshot.enabled = false (custom)
2021-01-20 18:02:56,891 [pool-1234-thread-1] INFO  server.RaftServer$Division (ServerState.java:<init>(103)) - e3fc3b7a-517a-44b3-8821-d76e91ceea3d@group-C7A8C13A6F50: ConfigurationManager, init=-1: [e3fc3b7a-517a-44b3-8821-d76e91ceea3d|rpc:172.17.0.2:39927|priority:1], old=null, confs=<EMPTY_MAP>
2021-01-20 18:02:56,891 [pool-1234-thread-1] INFO  server.RaftServerConfigKeys (ConfUtils.java:logGet(44)) - raft.server.storage.dir = [/github/workspace/mnt/ozone/hadoop-ozone/integration-test/target/test-dir/MiniOzoneClusterImpl-618ecdb8-9cea-428a-88e6-93619fe638f4/datanode-1/data/ratis] (custom)
2021-01-20 18:02:56,891 [pool-1234-thread-1] INFO  server.RaftServerConfigKeys (ConfUtils.java:logGet(44)) - raft.server.log.corruption.policy = EXCEPTION (default)
2021-01-20 18:02:56,892 [pool-1234-thread-1] INFO  storage.RaftStorageDirectory (RaftStorageDirectoryImpl.java:analyzeStorage(132)) - The storage directory /github/workspace/mnt/ozone/hadoop-ozone/integration-test/target/test-dir/MiniOzoneClusterImpl-618ecdb8-9cea-428a-88e6-93619fe638f4/datanode-1/data/ratis/2cbdd5c1-d820-4b1e-8c42-c7a8c13a6f50 does not exist. Creating ...
2021-01-20 18:02:56,892 [pool-1234-thread-1] INFO  storage.RaftStorageDirectory (RaftStorageDirectoryImpl.java:tryLock(215)) - Lock on /github/workspace/mnt/ozone/hadoop-ozone/integration-test/target/test-dir/MiniOzoneClusterImpl-618ecdb8-9cea-428a-88e6-93619fe638f4/datanode-1/data/ratis/2cbdd5c1-d820-4b1e-8c42-c7a8c13a6f50/in_use.lock acquired by nodename 7143@86d28932dd69
2021-01-20 18:02:56,894 [pool-1234-thread-1] INFO  storage.RaftStorage (RaftStorageImpl.java:format(87)) - Storage directory /github/workspace/mnt/ozone/hadoop-ozone/integration-test/target/test-dir/MiniOzoneClusterImpl-618ecdb8-9cea-428a-88e6-93619fe638f4/datanode-1/data/ratis/2cbdd5c1-d820-4b1e-8c42-c7a8c13a6f50 has been successfully formatted.
2021-01-20 18:02:56,895 [EventQueue-PipelineReportForPipelineReportHandler] INFO  pipeline.PipelineStateManager (PipelineStateManager.java:openPipeline(132)) - Pipeline Pipeline[ Id: 2cbdd5c1-d820-4b1e-8c42-c7a8c13a6f50, Nodes: e3fc3b7a-517a-44b3-8821-d76e91ceea3d{ip: 172.17.0.2, host: 86d28932dd69, networkLocation: /default-rack, certSerialId: null, persistedOpState: IN_SERVICE, persistedOpStateExpiryEpochSec: 0}, Type:RATIS, Factor:ONE, State:ALLOCATED, leaderId:e3fc3b7a-517a-44b3-8821-d76e91ceea3d, CreationTimestamp2021-01-20T18:02:53.890Z] moved to OPEN state
2021-01-20 18:02:56,895 [EventQueue-PipelineReportForOneReplicaPipelineSafeModeRule] INFO  safemode.SCMSafeModeManager (SCMSafeModeManager.java:validateSafeModeExitRules(214)) - AtleastOneDatanodeReportedRule rule is successfully validated
2021-01-20 18:02:56,895 [EventQueue-OpenPipelineForHealthyPipelineSafeModeRule] INFO  safemode.SCMSafeModeManager (HealthyPipelineSafeModeRule.java:process(128)) - SCM in safe mode. Healthy pipelines reported count is 0, required healthy pipeline reported count is 1
2021-01-20 18:02:56,895 [pool-1234-thread-1] INFO  ratis.ContainerStateMachine (ContainerStateMachine.java:loadSnapshot(223)) - group-C7A8C13A6F50: The snapshot info is null. Setting the last applied indexto:(t:0, i:~)
2021-01-20 18:02:56,896 [pool-1234-thread-1] ERROR storage.RaftStorage (RaftStorageImpl.java:readRaftConfiguration(147)) - Failed reading configuration from file:/github/workspace/mnt/ozone/hadoop-ozone/integration-test/target/test-dir/MiniOzoneClusterImpl-618ecdb8-9cea-428a-88e6-93619fe638f4/datanode-1/data/ratis/2cbdd5c1-d820-4b1e-8c42-c7a8c13a6f50/current/raft-meta.conf
java.io.FileNotFoundException: /github/workspace/mnt/ozone/hadoop-ozone/integration-test/target/test-dir/MiniOzoneClusterImpl-618ecdb8-9cea-428a-88e6-93619fe638f4/datanode-1/data/ratis/2cbdd5c1-d820-4b1e-8c42-c7a8c13a6f50/current/raft-meta.conf (No such file or directory)
	at java.io.FileInputStream.open0(Native Method)
	at java.io.FileInputStream.open(FileInputStream.java:195)
	at java.io.FileInputStream.<init>(FileInputStream.java:138)
	at org.apache.ratis.server.storage.RaftStorageImpl.readRaftConfiguration(RaftStorageImpl.java:143)
	at org.apache.ratis.server.impl.ServerState.<init>(ServerState.java:113)
	at org.apache.ratis.server.impl.RaftServerImpl.<init>(RaftServerImpl.java:192)
	at org.apache.ratis.server.impl.RaftServerProxy.lambda$newRaftServerImpl$4(RaftServerProxy.java:266)
	at java.util.concurrent.CompletableFuture$AsyncSupply.run(CompletableFuture.java:1604)
	at java.util.concurrent.ThreadPoolExecutor.runWorker(ThreadPoolExecutor.java:1149)
	at java.util.concurrent.ThreadPoolExecutor$Worker.run(ThreadPoolExecutor.java:624)
	at java.lang.Thread.run(Thread.java:748)
2021-01-20 18:02:56,896 [pool-1234-thread-1] INFO  server.RaftServerConfigKeys (ConfUtils.java:logGet(44)) - raft.server.notification.no-leader.timeout = 300s (custom)
2021-01-20 18:02:56,896 [pool-1234-thread-1] INFO  server.RaftServerConfigKeys (ConfUtils.java:logGet(44)) - raft.server.log.use.memory = false (default)
2021-01-20 18:02:56,896 [pool-1234-thread-1] INFO  server.RaftServerConfigKeys (ConfUtils.java:logGet(44)) - raft.server.log.purge.gap = 1000000 (custom)
2021-01-20 18:02:56,897 [grpc-default-executor-7] INFO  server.RaftServer (RaftServerProxy.java:addNew(95)) - 564d795e-2911-4ce0-b6aa-bf548929a9a6: addNew group-B2C9A5D36ED0:[1987e6aa-0f3f-4058-93c6-f087debdef03|rpc:172.17.0.2:38173|dataStream:|priority:0, 564d795e-2911-4ce0-b6aa-bf548929a9a6|rpc:172.17.0.2:43087|dataStream:|priority:1, e3fc3b7a-517a-44b3-8821-d76e91ceea3d|rpc:172.17.0.2:39927|dataStream:|priority:0] returns group-B2C9A5D36ED0:java.util.concurrent.CompletableFuture@24619270[Not completed]
2021-01-20 18:02:56,897 [pool-1234-thread-1] INFO  server.RaftServerConfigKeys (ConfUtils.java:logGet(44)) - raft.server.log.appender.buffer.byte-limit = 33554432 (custom)
2021-01-20 18:02:56,898 [pool-1234-thread-1] INFO  metrics.RatisMetrics (RatisMetrics.java:lambda$create$0(36)) - Creating Metrics Registry : ratis.log_worker.e3fc3b7a-517a-44b3-8821-d76e91ceea3d@group-C7A8C13A6F50
2021-01-20 18:02:56,898 [pool-1250-thread-1] INFO  server.RaftServer$Division (RaftServerImpl.java:<init>(179)) - 564d795e-2911-4ce0-b6aa-bf548929a9a6: new RaftServerImpl for group-B2C9A5D36ED0:[1987e6aa-0f3f-4058-93c6-f087debdef03|rpc:172.17.0.2:38173|dataStream:|priority:0, 564d795e-2911-4ce0-b6aa-bf548929a9a6|rpc:172.17.0.2:43087|dataStream:|priority:1, e3fc3b7a-517a-44b3-8821-d76e91ceea3d|rpc:172.17.0.2:39927|dataStream:|priority:0] with ContainerStateMachine:uninitialized
2021-01-20 18:02:56,898 [pool-1250-thread-1] INFO  server.RaftServerConfigKeys (ConfUtils.java:logGet(44)) - raft.server.rpc.timeout.min = 5s (custom)
2021-01-20 18:02:56,898 [pool-1250-thread-1] INFO  server.RaftServerConfigKeys (ConfUtils.java:logGet(44)) - raft.server.rpc.timeout.max = 5200ms (custom)
2021-01-20 18:02:56,898 [pool-1250-thread-1] INFO  server.RaftServerConfigKeys (ConfUtils.java:logGet(44)) - raft.server.rpc.sleep.time = 25ms (default)
2021-01-20 18:02:56,898 [pool-1250-thread-1] INFO  server.RaftServerConfigKeys (ConfUtils.java:logGet(44)) - raft.server.rpc.slowness.timeout = 300s (custom)
2021-01-20 18:02:56,898 [pool-1250-thread-1] INFO  server.RaftServerConfigKeys (ConfUtils.java:logGet(44)) - raft.server.leaderelection.leader.step-down.wait-time = 10s (default)
2021-01-20 18:02:56,898 [pool-1250-thread-1] INFO  server.RaftServerConfigKeys (ConfUtils.java:logGet(44)) - raft.server.sleep.deviation.threshold = 300ms (default)
2021-01-20 18:02:56,898 [pool-1250-thread-1] INFO  server.RaftServerConfigKeys (ConfUtils.java:logGet(44)) - raft.server.log.appender.install.snapshot.enabled = false (custom)
2021-01-20 18:02:56,898 [pool-1234-thread-1] INFO  server.RaftServerConfigKeys (ConfUtils.java:logGet(44)) - raft.server.log.segment.size.max = 1048576 (custom)
2021-01-20 18:02:56,898 [pool-1250-thread-1] INFO  server.RaftServer$Division (ServerState.java:<init>(103)) - 564d795e-2911-4ce0-b6aa-bf548929a9a6@group-B2C9A5D36ED0: ConfigurationManager, init=-1: [1987e6aa-0f3f-4058-93c6-f087debdef03|rpc:172.17.0.2:38173|dataStream:|priority:0, 564d795e-2911-4ce0-b6aa-bf548929a9a6|rpc:172.17.0.2:43087|dataStream:|priority:1, e3fc3b7a-517a-44b3-8821-d76e91ceea3d|rpc:172.17.0.2:39927|dataStream:|priority:0], old=null, confs=<EMPTY_MAP>
2021-01-20 18:02:56,898 [pool-1250-thread-1] INFO  server.RaftServerConfigKeys (ConfUtils.java:logGet(44)) - raft.server.storage.dir = [/github/workspace/mnt/ozone/hadoop-ozone/integration-test/target/test-dir/MiniOzoneClusterImpl-618ecdb8-9cea-428a-88e6-93619fe638f4/datanode-2/data/ratis] (custom)
2021-01-20 18:02:56,899 [pool-1250-thread-1] INFO  server.RaftServerConfigKeys (ConfUtils.java:logGet(44)) - raft.server.log.corruption.policy = EXCEPTION (default)
2021-01-20 18:02:56,899 [pool-1250-thread-1] INFO  storage.RaftStorageDirectory (RaftStorageDirectoryImpl.java:analyzeStorage(132)) - The storage directory /github/workspace/mnt/ozone/hadoop-ozone/integration-test/target/test-dir/MiniOzoneClusterImpl-618ecdb8-9cea-428a-88e6-93619fe638f4/datanode-2/data/ratis/18b71221-0a2e-4427-a6c5-b2c9a5d36ed0 does not exist. Creating ...
2021-01-20 18:02:56,900 [pool-1234-thread-1] INFO  server.RaftServerConfigKeys (ConfUtils.java:logGet(44)) - raft.server.log.segment.cache.num.max = 2 (custom)
2021-01-20 18:02:56,900 [pool-1234-thread-1] INFO  server.RaftServerConfigKeys (ConfUtils.java:logGet(44)) - raft.server.log.segment.cache.size.max = 200MB (=209715200) (default)
2021-01-20 18:02:56,900 [pool-1234-thread-1] INFO  segmented.SegmentedRaftLogWorker (SegmentedRaftLogWorker.java:<init>(181)) - new e3fc3b7a-517a-44b3-8821-d76e91ceea3d@group-C7A8C13A6F50-SegmentedRaftLogWorker for RaftStorageImpl:Storage Directory /github/workspace/mnt/ozone/hadoop-ozone/integration-test/target/test-dir/MiniOzoneClusterImpl-618ecdb8-9cea-428a-88e6-93619fe638f4/datanode-1/data/ratis/2cbdd5c1-d820-4b1e-8c42-c7a8c13a6f50
2021-01-20 18:02:56,900 [pool-1234-thread-1] INFO  server.RaftServerConfigKeys (ConfUtils.java:logGet(44)) - raft.server.log.queue.byte-limit = 2147483647 (custom)
2021-01-20 18:02:56,900 [pool-1234-thread-1] INFO  server.RaftServerConfigKeys (ConfUtils.java:logGet(44)) - raft.server.log.queue.element-limit = 1024 (custom)
2021-01-20 18:02:56,900 [pool-1234-thread-1] INFO  server.RaftServerConfigKeys (ConfUtils.java:logGet(44)) - raft.server.log.segment.size.max = 1048576 (custom)
2021-01-20 18:02:56,900 [pool-1234-thread-1] INFO  server.RaftServerConfigKeys (ConfUtils.java:logGet(44)) - raft.server.log.preallocated.size = 16384 (custom)
2021-01-20 18:02:56,900 [pool-1234-thread-1] INFO  server.RaftServerConfigKeys (ConfUtils.java:logGet(44)) - raft.server.log.force.sync.num = 128 (default)
2021-01-20 18:02:56,900 [pool-1234-thread-1] INFO  server.RaftServerConfigKeys (ConfUtils.java:logGet(44)) - raft.server.log.statemachine.data.sync = true (default)
2021-01-20 18:02:56,900 [pool-1234-thread-1] INFO  server.RaftServerConfigKeys (ConfUtils.java:logGet(44)) - raft.server.log.statemachine.data.sync.timeout = 10s (default)
2021-01-20 18:02:56,900 [pool-1234-thread-1] INFO  server.RaftServerConfigKeys (ConfUtils.java:logGet(44)) - raft.server.log.statemachine.data.sync.timeout.retry = -1 (default)
2021-01-20 18:02:56,900 [pool-1250-thread-1] INFO  storage.RaftStorageDirectory (RaftStorageDirectoryImpl.java:tryLock(215)) - Lock on /github/workspace/mnt/ozone/hadoop-ozone/integration-test/target/test-dir/MiniOzoneClusterImpl-618ecdb8-9cea-428a-88e6-93619fe638f4/datanode-2/data/ratis/18b71221-0a2e-4427-a6c5-b2c9a5d36ed0/in_use.lock acquired by nodename 7143@86d28932dd69
2021-01-20 18:02:56,902 [pool-1250-thread-1] INFO  storage.RaftStorage (RaftStorageImpl.java:format(87)) - Storage directory /github/workspace/mnt/ozone/hadoop-ozone/integration-test/target/test-dir/MiniOzoneClusterImpl-618ecdb8-9cea-428a-88e6-93619fe638f4/datanode-2/data/ratis/18b71221-0a2e-4427-a6c5-b2c9a5d36ed0 has been successfully formatted.
2021-01-20 18:02:56,902 [pool-1250-thread-1] INFO  ratis.ContainerStateMachine (ContainerStateMachine.java:loadSnapshot(223)) - group-B2C9A5D36ED0: The snapshot info is null. Setting the last applied indexto:(t:0, i:~)
2021-01-20 18:02:56,902 [pool-1250-thread-1] ERROR storage.RaftStorage (RaftStorageImpl.java:readRaftConfiguration(147)) - Failed reading configuration from file:/github/workspace/mnt/ozone/hadoop-ozone/integration-test/target/test-dir/MiniOzoneClusterImpl-618ecdb8-9cea-428a-88e6-93619fe638f4/datanode-2/data/ratis/18b71221-0a2e-4427-a6c5-b2c9a5d36ed0/current/raft-meta.conf
java.io.FileNotFoundException: /github/workspace/mnt/ozone/hadoop-ozone/integration-test/target/test-dir/MiniOzoneClusterImpl-618ecdb8-9cea-428a-88e6-93619fe638f4/datanode-2/data/ratis/18b71221-0a2e-4427-a6c5-b2c9a5d36ed0/current/raft-meta.conf (No such file or directory)
	at java.io.FileInputStream.open0(Native Method)
	at java.io.FileInputStream.open(FileInputStream.java:195)
	at java.io.FileInputStream.<init>(FileInputStream.java:138)
	at org.apache.ratis.server.storage.RaftStorageImpl.readRaftConfiguration(RaftStorageImpl.java:143)
	at org.apache.ratis.server.impl.ServerState.<init>(ServerState.java:113)
	at org.apache.ratis.server.impl.RaftServerImpl.<init>(RaftServerImpl.java:192)
	at org.apache.ratis.server.impl.RaftServerProxy.lambda$newRaftServerImpl$4(RaftServerProxy.java:266)
	at java.util.concurrent.CompletableFuture$AsyncSupply.run(CompletableFuture.java:1604)
	at java.util.concurrent.ThreadPoolExecutor.runWorker(ThreadPoolExecutor.java:1149)
	at java.util.concurrent.ThreadPoolExecutor$Worker.run(ThreadPoolExecutor.java:624)
	at java.lang.Thread.run(Thread.java:748)
2021-01-20 18:02:56,902 [pool-1250-thread-1] INFO  server.RaftServerConfigKeys (ConfUtils.java:logGet(44)) - raft.server.notification.no-leader.timeout = 300s (custom)
2021-01-20 18:02:56,902 [pool-1250-thread-1] INFO  server.RaftServerConfigKeys (ConfUtils.java:logGet(44)) - raft.server.log.use.memory = false (default)
2021-01-20 18:02:56,903 [pool-1250-thread-1] INFO  server.RaftServerConfigKeys (ConfUtils.java:logGet(44)) - raft.server.log.purge.gap = 1000000 (custom)
2021-01-20 18:02:56,903 [pool-1250-thread-1] INFO  server.RaftServerConfigKeys (ConfUtils.java:logGet(44)) - raft.server.log.appender.buffer.byte-limit = 33554432 (custom)
2021-01-20 18:02:56,903 [pool-1250-thread-1] INFO  metrics.RatisMetrics (RatisMetrics.java:lambda$create$0(36)) - Creating Metrics Registry : ratis.log_worker.564d795e-2911-4ce0-b6aa-bf548929a9a6@group-B2C9A5D36ED0
2021-01-20 18:02:56,903 [EventQueue-PipelineReportForOneReplicaPipelineSafeModeRule] INFO  safemode.SCMSafeModeManager (SCMSafeModeManager.java:validateSafeModeExitRules(214)) - AtleastOneDatanodeReportedRule rule is successfully validated
2021-01-20 18:02:56,904 [pool-1250-thread-1] INFO  server.RaftServerConfigKeys (ConfUtils.java:logGet(44)) - raft.server.log.segment.size.max = 1048576 (custom)
2021-01-20 18:02:56,905 [pool-1234-thread-1] INFO  server.RaftServerConfigKeys (ConfUtils.java:logGet(44)) - raft.server.log.write.buffer.size = 1048576 (custom)
2021-01-20 18:02:56,905 [pool-1234-thread-1] INFO  server.RaftServerConfigKeys (ConfUtils.java:logGet(44)) - raft.server.log.statemachine.data.caching.enabled = true (custom)
2021-01-20 18:02:56,905 [pool-1234-thread-1] INFO  segmented.SegmentedRaftLogWorker (SegmentedRaftLogWorker.java:lambda$new$0(132)) - e3fc3b7a-517a-44b3-8821-d76e91ceea3d@group-C7A8C13A6F50-SegmentedRaftLogWorker: flushIndex: setUnconditionally 0 -> -1
2021-01-20 18:02:56,905 [pool-1234-thread-1] INFO  segmented.SegmentedRaftLogWorker (SegmentedRaftLogWorker.java:lambda$new$0(132)) - e3fc3b7a-517a-44b3-8821-d76e91ceea3d@group-C7A8C13A6F50-SegmentedRaftLogWorker: safeCacheEvictIndex: setUnconditionally 0 -> -1
2021-01-20 18:02:56,906 [pool-1234-thread-1] INFO  server.RaftServerConfigKeys (ConfUtils.java:logGet(44)) - raft.server.snapshot.auto.trigger.enabled = true (custom)
2021-01-20 18:02:56,906 [pool-1234-thread-1] INFO  server.RaftServerConfigKeys (ConfUtils.java:logGet(44)) - raft.server.snapshot.auto.trigger.threshold = 10000 (custom)
2021-01-20 18:02:56,906 [pool-1234-thread-1] INFO  server.RaftServerConfigKeys (ConfUtils.java:logGet(44)) - raft.server.snapshot.retention.file.num = 5 (custom)
2021-01-20 18:02:56,906 [pool-1234-thread-1] INFO  server.RaftServerConfigKeys (ConfUtils.java:logGet(44)) - raft.server.log.purge.upto.snapshot.index = false (default)
2021-01-20 18:02:56,906 [pool-1234-thread-1] INFO  server.RaftServerConfigKeys (ConfUtils.java:logGet(44)) - raft.server.retrycache.expirytime = 600000ms (custom)
2021-01-20 18:02:56,906 [pool-1234-thread-1] INFO  server.RaftServerConfigKeys (ConfUtils.java:logGet(44)) - raft.server.retrycache.statistics.expirytime = 100?s (default)
2021-01-20 18:02:56,906 [pool-1234-thread-1] INFO  metrics.RatisMetrics (RatisMetrics.java:lambda$create$0(36)) - Creating Metrics Registry : ratis.leader_election.e3fc3b7a-517a-44b3-8821-d76e91ceea3d@group-C7A8C13A6F50
2021-01-20 18:02:56,906 [pool-1250-thread-1] INFO  server.RaftServerConfigKeys (ConfUtils.java:logGet(44)) - raft.server.log.segment.cache.num.max = 2 (custom)
2021-01-20 18:02:56,906 [pool-1250-thread-1] INFO  server.RaftServerConfigKeys (ConfUtils.java:logGet(44)) - raft.server.log.segment.cache.size.max = 200MB (=209715200) (default)
2021-01-20 18:02:56,906 [pool-1250-thread-1] INFO  segmented.SegmentedRaftLogWorker (SegmentedRaftLogWorker.java:<init>(181)) - new 564d795e-2911-4ce0-b6aa-bf548929a9a6@group-B2C9A5D36ED0-SegmentedRaftLogWorker for RaftStorageImpl:Storage Directory /github/workspace/mnt/ozone/hadoop-ozone/integration-test/target/test-dir/MiniOzoneClusterImpl-618ecdb8-9cea-428a-88e6-93619fe638f4/datanode-2/data/ratis/18b71221-0a2e-4427-a6c5-b2c9a5d36ed0
2021-01-20 18:02:56,906 [pool-1250-thread-1] INFO  server.RaftServerConfigKeys (ConfUtils.java:logGet(44)) - raft.server.log.queue.byte-limit = 2147483647 (custom)
2021-01-20 18:02:56,906 [pool-1250-thread-1] INFO  server.RaftServerConfigKeys (ConfUtils.java:logGet(44)) - raft.server.log.queue.element-limit = 1024 (custom)
2021-01-20 18:02:56,906 [pool-1250-thread-1] INFO  server.RaftServerConfigKeys (ConfUtils.java:logGet(44)) - raft.server.log.segment.size.max = 1048576 (custom)
2021-01-20 18:02:56,906 [pool-1250-thread-1] INFO  server.RaftServerConfigKeys (ConfUtils.java:logGet(44)) - raft.server.log.preallocated.size = 16384 (custom)
2021-01-20 18:02:56,906 [pool-1250-thread-1] INFO  server.RaftServerConfigKeys (ConfUtils.java:logGet(44)) - raft.server.log.force.sync.num = 128 (default)
2021-01-20 18:02:56,906 [pool-1250-thread-1] INFO  server.RaftServerConfigKeys (ConfUtils.java:logGet(44)) - raft.server.log.statemachine.data.sync = true (default)
2021-01-20 18:02:56,906 [pool-1250-thread-1] INFO  server.RaftServerConfigKeys (ConfUtils.java:logGet(44)) - raft.server.log.statemachine.data.sync.timeout = 10s (default)
2021-01-20 18:02:56,907 [pool-1250-thread-1] INFO  server.RaftServerConfigKeys (ConfUtils.java:logGet(44)) - raft.server.log.statemachine.data.sync.timeout.retry = -1 (default)
2021-01-20 18:02:56,909 [pool-1234-thread-1] INFO  metrics.RatisMetrics (RatisMetrics.java:lambda$create$0(36)) - Creating Metrics Registry : ratis.server.e3fc3b7a-517a-44b3-8821-d76e91ceea3d@group-C7A8C13A6F50
2021-01-20 18:02:56,919 [pool-1234-thread-1] INFO  server.RaftServer$Division (RaftServerImpl.java:start(294)) - e3fc3b7a-517a-44b3-8821-d76e91ceea3d@group-C7A8C13A6F50: start as a follower, conf=-1: [e3fc3b7a-517a-44b3-8821-d76e91ceea3d|rpc:172.17.0.2:39927|priority:1], old=null
2021-01-20 18:02:56,919 [pool-1234-thread-1] INFO  server.RaftServer$Division (RaftServerImpl.java:setRole(283)) - e3fc3b7a-517a-44b3-8821-d76e91ceea3d@group-C7A8C13A6F50: changes role from      null to FOLLOWER at term 0 for startAsFollower
2021-01-20 18:02:56,919 [pool-1234-thread-1] INFO  impl.RoleInfo (RoleInfo.java:updateAndGet(130)) - e3fc3b7a-517a-44b3-8821-d76e91ceea3d: start e3fc3b7a-517a-44b3-8821-d76e91ceea3d@group-C7A8C13A6F50-FollowerState
2021-01-20 18:02:56,921 [pool-1234-thread-1] INFO  util.JmxRegister (JmxRegister.java:tryRegister(44)) - Successfully registered JMX Bean with object name Ratis:service=RaftServer,group=group-C7A8C13A6F50,id=e3fc3b7a-517a-44b3-8821-d76e91ceea3d
2021-01-20 18:02:56,921 [pool-1234-thread-1] INFO  metrics.RatisMetrics (RatisMetrics.java:lambda$create$0(36)) - Creating Metrics Registry : ratis.state_machine.e3fc3b7a-517a-44b3-8821-d76e91ceea3d@group-C7A8C13A6F50
2021-01-20 18:02:56,921 [pool-1250-thread-1] INFO  server.RaftServerConfigKeys (ConfUtils.java:logGet(44)) - raft.server.log.write.buffer.size = 1048576 (custom)
2021-01-20 18:02:56,922 [pool-1250-thread-1] INFO  server.RaftServerConfigKeys (ConfUtils.java:logGet(44)) - raft.server.log.statemachine.data.caching.enabled = true (custom)
2021-01-20 18:02:56,922 [pool-1250-thread-1] INFO  segmented.SegmentedRaftLogWorker (SegmentedRaftLogWorker.java:lambda$new$0(132)) - 564d795e-2911-4ce0-b6aa-bf548929a9a6@group-B2C9A5D36ED0-SegmentedRaftLogWorker: flushIndex: setUnconditionally 0 -> -1
2021-01-20 18:02:56,923 [pool-1250-thread-1] INFO  segmented.SegmentedRaftLogWorker (SegmentedRaftLogWorker.java:lambda$new$0(132)) - 564d795e-2911-4ce0-b6aa-bf548929a9a6@group-B2C9A5D36ED0-SegmentedRaftLogWorker: safeCacheEvictIndex: setUnconditionally 0 -> -1
2021-01-20 18:02:56,923 [pool-1250-thread-1] INFO  server.RaftServerConfigKeys (ConfUtils.java:logGet(44)) - raft.server.snapshot.auto.trigger.enabled = true (custom)
2021-01-20 18:02:56,923 [pool-1250-thread-1] INFO  server.RaftServerConfigKeys (ConfUtils.java:logGet(44)) - raft.server.snapshot.auto.trigger.threshold = 10000 (custom)
2021-01-20 18:02:56,923 [pool-1250-thread-1] INFO  server.RaftServerConfigKeys (ConfUtils.java:logGet(44)) - raft.server.snapshot.retention.file.num = 5 (custom)
2021-01-20 18:02:56,923 [pool-1250-thread-1] INFO  server.RaftServerConfigKeys (ConfUtils.java:logGet(44)) - raft.server.log.purge.upto.snapshot.index = false (default)
2021-01-20 18:02:56,923 [pool-1250-thread-1] INFO  server.RaftServerConfigKeys (ConfUtils.java:logGet(44)) - raft.server.retrycache.expirytime = 600000ms (custom)
2021-01-20 18:02:56,923 [pool-1250-thread-1] INFO  server.RaftServerConfigKeys (ConfUtils.java:logGet(44)) - raft.server.retrycache.statistics.expirytime = 100?s (default)
2021-01-20 18:02:56,923 [pool-1250-thread-1] INFO  metrics.RatisMetrics (RatisMetrics.java:lambda$create$0(36)) - Creating Metrics Registry : ratis.leader_election.564d795e-2911-4ce0-b6aa-bf548929a9a6@group-B2C9A5D36ED0
2021-01-20 18:02:56,930 [pool-1250-thread-1] INFO  metrics.RatisMetrics (RatisMetrics.java:lambda$create$0(36)) - Creating Metrics Registry : ratis.server.564d795e-2911-4ce0-b6aa-bf548929a9a6@group-B2C9A5D36ED0
2021-01-20 18:02:56,933 [pool-1250-thread-1] INFO  server.RaftServer$Division (RaftServerImpl.java:start(294)) - 564d795e-2911-4ce0-b6aa-bf548929a9a6@group-B2C9A5D36ED0: start as a follower, conf=-1: [1987e6aa-0f3f-4058-93c6-f087debdef03|rpc:172.17.0.2:38173|dataStream:|priority:0, 564d795e-2911-4ce0-b6aa-bf548929a9a6|rpc:172.17.0.2:43087|dataStream:|priority:1, e3fc3b7a-517a-44b3-8821-d76e91ceea3d|rpc:172.17.0.2:39927|dataStream:|priority:0], old=null
2021-01-20 18:02:56,933 [pool-1250-thread-1] INFO  server.RaftServer$Division (RaftServerImpl.java:setRole(283)) - 564d795e-2911-4ce0-b6aa-bf548929a9a6@group-B2C9A5D36ED0: changes role from      null to FOLLOWER at term 0 for startAsFollower
2021-01-20 18:02:56,934 [pool-1250-thread-1] INFO  impl.RoleInfo (RoleInfo.java:updateAndGet(130)) - 564d795e-2911-4ce0-b6aa-bf548929a9a6: start 564d795e-2911-4ce0-b6aa-bf548929a9a6@group-B2C9A5D36ED0-FollowerState
2021-01-20 18:02:56,934 [Command processor thread] INFO  commandhandler.CreatePipelineCommandHandler (CreatePipelineCommandHandler.java:handle(106)) - Created Pipeline RATIS ONE PipelineID=2cbdd5c1-d820-4b1e-8c42-c7a8c13a6f50.
2021-01-20 18:02:56,934 [pool-1250-thread-1] INFO  util.JmxRegister (JmxRegister.java:tryRegister(44)) - Successfully registered JMX Bean with object name Ratis:service=RaftServer,group=group-B2C9A5D36ED0,id=564d795e-2911-4ce0-b6aa-bf548929a9a6
2021-01-20 18:02:56,934 [pool-1250-thread-1] INFO  metrics.RatisMetrics (RatisMetrics.java:lambda$create$0(36)) - Creating Metrics Registry : ratis.state_machine.564d795e-2911-4ce0-b6aa-bf548929a9a6@group-B2C9A5D36ED0
2021-01-20 18:02:56,940 [Command processor thread] INFO  commandhandler.CreatePipelineCommandHandler (CreatePipelineCommandHandler.java:handle(106)) - Created Pipeline RATIS THREE PipelineID=18b71221-0a2e-4427-a6c5-b2c9a5d36ed0.
2021-01-20 18:02:57,083 [Listener at 127.0.0.1/12848] INFO  ozone.MiniOzoneClusterImpl (MiniOzoneClusterImpl.java:lambda$waitForClusterToBeReady$0(179)) - Nodes are ready. Got 3 of 3 DN Heartbeats.
2021-01-20 18:02:57,083 [Listener at 127.0.0.1/12848] INFO  ozone.MiniOzoneClusterImpl (MiniOzoneClusterImpl.java:lambda$waitForClusterToBeReady$0(182)) - Waiting for cluster to exit safe mode
2021-01-20 18:02:57,084 [Command processor thread] INFO  server.RaftServer (RaftServerProxy.java:addNew(95)) - 564d795e-2911-4ce0-b6aa-bf548929a9a6: addNew group-84EEA866D801:[564d795e-2911-4ce0-b6aa-bf548929a9a6|rpc:172.17.0.2:43087|priority:1] returns group-84EEA866D801:java.util.concurrent.CompletableFuture@22446237[Not completed]
2021-01-20 18:02:57,085 [pool-1250-thread-1] INFO  server.RaftServer$Division (RaftServerImpl.java:<init>(179)) - 564d795e-2911-4ce0-b6aa-bf548929a9a6: new RaftServerImpl for group-84EEA866D801:[564d795e-2911-4ce0-b6aa-bf548929a9a6|rpc:172.17.0.2:43087|priority:1] with ContainerStateMachine:uninitialized
2021-01-20 18:02:57,085 [pool-1250-thread-1] INFO  server.RaftServerConfigKeys (ConfUtils.java:logGet(44)) - raft.server.rpc.timeout.min = 5s (custom)
2021-01-20 18:02:57,085 [pool-1250-thread-1] INFO  server.RaftServerConfigKeys (ConfUtils.java:logGet(44)) - raft.server.rpc.timeout.max = 5200ms (custom)
2021-01-20 18:02:57,085 [pool-1250-thread-1] INFO  server.RaftServerConfigKeys (ConfUtils.java:logGet(44)) - raft.server.rpc.sleep.time = 25ms (default)
2021-01-20 18:02:57,086 [pool-1250-thread-1] INFO  server.RaftServerConfigKeys (ConfUtils.java:logGet(44)) - raft.server.rpc.slowness.timeout = 300s (custom)
2021-01-20 18:02:57,086 [pool-1250-thread-1] INFO  server.RaftServerConfigKeys (ConfUtils.java:logGet(44)) - raft.server.leaderelection.leader.step-down.wait-time = 10s (default)
2021-01-20 18:02:57,086 [pool-1250-thread-1] INFO  server.RaftServerConfigKeys (ConfUtils.java:logGet(44)) - raft.server.sleep.deviation.threshold = 300ms (default)
2021-01-20 18:02:57,086 [pool-1250-thread-1] INFO  server.RaftServerConfigKeys (ConfUtils.java:logGet(44)) - raft.server.log.appender.install.snapshot.enabled = false (custom)
2021-01-20 18:02:57,086 [pool-1250-thread-1] INFO  server.RaftServer$Division (ServerState.java:<init>(103)) - 564d795e-2911-4ce0-b6aa-bf548929a9a6@group-84EEA866D801: ConfigurationManager, init=-1: [564d795e-2911-4ce0-b6aa-bf548929a9a6|rpc:172.17.0.2:43087|priority:1], old=null, confs=<EMPTY_MAP>
2021-01-20 18:02:57,086 [pool-1250-thread-1] INFO  server.RaftServerConfigKeys (ConfUtils.java:logGet(44)) - raft.server.storage.dir = [/github/workspace/mnt/ozone/hadoop-ozone/integration-test/target/test-dir/MiniOzoneClusterImpl-618ecdb8-9cea-428a-88e6-93619fe638f4/datanode-2/data/ratis] (custom)
2021-01-20 18:02:57,086 [pool-1250-thread-1] INFO  server.RaftServerConfigKeys (ConfUtils.java:logGet(44)) - raft.server.log.corruption.policy = EXCEPTION (default)
2021-01-20 18:02:57,086 [pool-1250-thread-1] INFO  storage.RaftStorageDirectory (RaftStorageDirectoryImpl.java:analyzeStorage(132)) - The storage directory /github/workspace/mnt/ozone/hadoop-ozone/integration-test/target/test-dir/MiniOzoneClusterImpl-618ecdb8-9cea-428a-88e6-93619fe638f4/datanode-2/data/ratis/2bffd32f-b482-4e51-a17e-84eea866d801 does not exist. Creating ...
2021-01-20 18:02:57,088 [pool-1250-thread-1] INFO  storage.RaftStorageDirectory (RaftStorageDirectoryImpl.java:tryLock(215)) - Lock on /github/workspace/mnt/ozone/hadoop-ozone/integration-test/target/test-dir/MiniOzoneClusterImpl-618ecdb8-9cea-428a-88e6-93619fe638f4/datanode-2/data/ratis/2bffd32f-b482-4e51-a17e-84eea866d801/in_use.lock acquired by nodename 7143@86d28932dd69
2021-01-20 18:02:57,090 [pool-1250-thread-1] INFO  storage.RaftStorage (RaftStorageImpl.java:format(87)) - Storage directory /github/workspace/mnt/ozone/hadoop-ozone/integration-test/target/test-dir/MiniOzoneClusterImpl-618ecdb8-9cea-428a-88e6-93619fe638f4/datanode-2/data/ratis/2bffd32f-b482-4e51-a17e-84eea866d801 has been successfully formatted.
2021-01-20 18:02:57,090 [pool-1250-thread-1] INFO  ratis.ContainerStateMachine (ContainerStateMachine.java:loadSnapshot(223)) - group-84EEA866D801: The snapshot info is null. Setting the last applied indexto:(t:0, i:~)
2021-01-20 18:02:57,091 [EventQueue-PipelineReportForOneReplicaPipelineSafeModeRule] INFO  safemode.SCMSafeModeManager (SCMSafeModeManager.java:validateSafeModeExitRules(214)) - AtleastOneDatanodeReportedRule rule is successfully validated
2021-01-20 18:02:57,092 [pool-1250-thread-1] ERROR storage.RaftStorage (RaftStorageImpl.java:readRaftConfiguration(147)) - Failed reading configuration from file:/github/workspace/mnt/ozone/hadoop-ozone/integration-test/target/test-dir/MiniOzoneClusterImpl-618ecdb8-9cea-428a-88e6-93619fe638f4/datanode-2/data/ratis/2bffd32f-b482-4e51-a17e-84eea866d801/current/raft-meta.conf
java.io.FileNotFoundException: /github/workspace/mnt/ozone/hadoop-ozone/integration-test/target/test-dir/MiniOzoneClusterImpl-618ecdb8-9cea-428a-88e6-93619fe638f4/datanode-2/data/ratis/2bffd32f-b482-4e51-a17e-84eea866d801/current/raft-meta.conf (No such file or directory)
	at java.io.FileInputStream.open0(Native Method)
	at java.io.FileInputStream.open(FileInputStream.java:195)
	at java.io.FileInputStream.<init>(FileInputStream.java:138)
	at org.apache.ratis.server.storage.RaftStorageImpl.readRaftConfiguration(RaftStorageImpl.java:143)
	at org.apache.ratis.server.impl.ServerState.<init>(ServerState.java:113)
	at org.apache.ratis.server.impl.RaftServerImpl.<init>(RaftServerImpl.java:192)
	at org.apache.ratis.server.impl.RaftServerProxy.lambda$newRaftServerImpl$4(RaftServerProxy.java:266)
	at java.util.concurrent.CompletableFuture$AsyncSupply.run(CompletableFuture.java:1604)
	at java.util.concurrent.ThreadPoolExecutor.runWorker(ThreadPoolExecutor.java:1149)
	at java.util.concurrent.ThreadPoolExecutor$Worker.run(ThreadPoolExecutor.java:624)
	at java.lang.Thread.run(Thread.java:748)
2021-01-20 18:02:57,092 [pool-1250-thread-1] INFO  server.RaftServerConfigKeys (ConfUtils.java:logGet(44)) - raft.server.notification.no-leader.timeout = 300s (custom)
2021-01-20 18:02:57,092 [pool-1250-thread-1] INFO  server.RaftServerConfigKeys (ConfUtils.java:logGet(44)) - raft.server.log.use.memory = false (default)
2021-01-20 18:02:57,092 [pool-1250-thread-1] INFO  server.RaftServerConfigKeys (ConfUtils.java:logGet(44)) - raft.server.log.purge.gap = 1000000 (custom)
2021-01-20 18:02:57,092 [EventQueue-PipelineReportForPipelineReportHandler] INFO  pipeline.PipelineStateManager (PipelineStateManager.java:openPipeline(132)) - Pipeline Pipeline[ Id: 2bffd32f-b482-4e51-a17e-84eea866d801, Nodes: 564d795e-2911-4ce0-b6aa-bf548929a9a6{ip: 172.17.0.2, host: 86d28932dd69, networkLocation: /default-rack, certSerialId: null, persistedOpState: IN_SERVICE, persistedOpStateExpiryEpochSec: 0}, Type:RATIS, Factor:ONE, State:ALLOCATED, leaderId:564d795e-2911-4ce0-b6aa-bf548929a9a6, CreationTimestamp2021-01-20T18:02:54.086Z] moved to OPEN state
2021-01-20 18:02:57,092 [pool-1250-thread-1] INFO  server.RaftServerConfigKeys (ConfUtils.java:logGet(44)) - raft.server.log.appender.buffer.byte-limit = 33554432 (custom)
2021-01-20 18:02:57,093 [pool-1250-thread-1] INFO  metrics.RatisMetrics (RatisMetrics.java:lambda$create$0(36)) - Creating Metrics Registry : ratis.log_worker.564d795e-2911-4ce0-b6aa-bf548929a9a6@group-84EEA866D801
2021-01-20 18:02:57,093 [EventQueue-OpenPipelineForHealthyPipelineSafeModeRule] INFO  safemode.SCMSafeModeManager (HealthyPipelineSafeModeRule.java:process(128)) - SCM in safe mode. Healthy pipelines reported count is 0, required healthy pipeline reported count is 1
2021-01-20 18:02:57,093 [pool-1250-thread-1] INFO  server.RaftServerConfigKeys (ConfUtils.java:logGet(44)) - raft.server.log.segment.size.max = 1048576 (custom)
2021-01-20 18:02:57,094 [pool-1250-thread-1] INFO  server.RaftServerConfigKeys (ConfUtils.java:logGet(44)) - raft.server.log.segment.cache.num.max = 2 (custom)
2021-01-20 18:02:57,095 [pool-1250-thread-1] INFO  server.RaftServerConfigKeys (ConfUtils.java:logGet(44)) - raft.server.log.segment.cache.size.max = 200MB (=209715200) (default)
2021-01-20 18:02:57,095 [pool-1250-thread-1] INFO  segmented.SegmentedRaftLogWorker (SegmentedRaftLogWorker.java:<init>(181)) - new 564d795e-2911-4ce0-b6aa-bf548929a9a6@group-84EEA866D801-SegmentedRaftLogWorker for RaftStorageImpl:Storage Directory /github/workspace/mnt/ozone/hadoop-ozone/integration-test/target/test-dir/MiniOzoneClusterImpl-618ecdb8-9cea-428a-88e6-93619fe638f4/datanode-2/data/ratis/2bffd32f-b482-4e51-a17e-84eea866d801
2021-01-20 18:02:57,095 [pool-1250-thread-1] INFO  server.RaftServerConfigKeys (ConfUtils.java:logGet(44)) - raft.server.log.queue.byte-limit = 2147483647 (custom)
2021-01-20 18:02:57,095 [pool-1250-thread-1] INFO  server.RaftServerConfigKeys (ConfUtils.java:logGet(44)) - raft.server.log.queue.element-limit = 1024 (custom)
2021-01-20 18:02:57,095 [pool-1250-thread-1] INFO  server.RaftServerConfigKeys (ConfUtils.java:logGet(44)) - raft.server.log.segment.size.max = 1048576 (custom)
2021-01-20 18:02:57,095 [pool-1250-thread-1] INFO  server.RaftServerConfigKeys (ConfUtils.java:logGet(44)) - raft.server.log.preallocated.size = 16384 (custom)
2021-01-20 18:02:57,095 [pool-1250-thread-1] INFO  server.RaftServerConfigKeys (ConfUtils.java:logGet(44)) - raft.server.log.force.sync.num = 128 (default)
2021-01-20 18:02:57,095 [pool-1250-thread-1] INFO  server.RaftServerConfigKeys (ConfUtils.java:logGet(44)) - raft.server.log.statemachine.data.sync = true (default)
2021-01-20 18:02:57,095 [pool-1250-thread-1] INFO  server.RaftServerConfigKeys (ConfUtils.java:logGet(44)) - raft.server.log.statemachine.data.sync.timeout = 10s (default)
2021-01-20 18:02:57,095 [pool-1250-thread-1] INFO  server.RaftServerConfigKeys (ConfUtils.java:logGet(44)) - raft.server.log.statemachine.data.sync.timeout.retry = -1 (default)
2021-01-20 18:02:57,097 [pool-1250-thread-1] INFO  server.RaftServerConfigKeys (ConfUtils.java:logGet(44)) - raft.server.log.write.buffer.size = 1048576 (custom)
2021-01-20 18:02:57,098 [pool-1250-thread-1] INFO  server.RaftServerConfigKeys (ConfUtils.java:logGet(44)) - raft.server.log.statemachine.data.caching.enabled = true (custom)
2021-01-20 18:02:57,098 [pool-1250-thread-1] INFO  segmented.SegmentedRaftLogWorker (SegmentedRaftLogWorker.java:lambda$new$0(132)) - 564d795e-2911-4ce0-b6aa-bf548929a9a6@group-84EEA866D801-SegmentedRaftLogWorker: flushIndex: setUnconditionally 0 -> -1
2021-01-20 18:02:57,098 [pool-1250-thread-1] INFO  segmented.SegmentedRaftLogWorker (SegmentedRaftLogWorker.java:lambda$new$0(132)) - 564d795e-2911-4ce0-b6aa-bf548929a9a6@group-84EEA866D801-SegmentedRaftLogWorker: safeCacheEvictIndex: setUnconditionally 0 -> -1
2021-01-20 18:02:57,099 [pool-1250-thread-1] INFO  server.RaftServerConfigKeys (ConfUtils.java:logGet(44)) - raft.server.snapshot.auto.trigger.enabled = true (custom)
2021-01-20 18:02:57,099 [pool-1250-thread-1] INFO  server.RaftServerConfigKeys (ConfUtils.java:logGet(44)) - raft.server.snapshot.auto.trigger.threshold = 10000 (custom)
2021-01-20 18:02:57,099 [pool-1250-thread-1] INFO  server.RaftServerConfigKeys (ConfUtils.java:logGet(44)) - raft.server.snapshot.retention.file.num = 5 (custom)
2021-01-20 18:02:57,099 [pool-1250-thread-1] INFO  server.RaftServerConfigKeys (ConfUtils.java:logGet(44)) - raft.server.log.purge.upto.snapshot.index = false (default)
2021-01-20 18:02:57,099 [pool-1250-thread-1] INFO  server.RaftServerConfigKeys (ConfUtils.java:logGet(44)) - raft.server.retrycache.expirytime = 600000ms (custom)
2021-01-20 18:02:57,099 [pool-1250-thread-1] INFO  server.RaftServerConfigKeys (ConfUtils.java:logGet(44)) - raft.server.retrycache.statistics.expirytime = 100?s (default)
2021-01-20 18:02:57,099 [pool-1250-thread-1] INFO  metrics.RatisMetrics (RatisMetrics.java:lambda$create$0(36)) - Creating Metrics Registry : ratis.leader_election.564d795e-2911-4ce0-b6aa-bf548929a9a6@group-84EEA866D801
2021-01-20 18:02:57,100 [pool-1250-thread-1] INFO  metrics.RatisMetrics (RatisMetrics.java:lambda$create$0(36)) - Creating Metrics Registry : ratis.server.564d795e-2911-4ce0-b6aa-bf548929a9a6@group-84EEA866D801
2021-01-20 18:02:57,102 [pool-1250-thread-1] INFO  server.RaftServer$Division (RaftServerImpl.java:start(294)) - 564d795e-2911-4ce0-b6aa-bf548929a9a6@group-84EEA866D801: start as a follower, conf=-1: [564d795e-2911-4ce0-b6aa-bf548929a9a6|rpc:172.17.0.2:43087|priority:1], old=null
2021-01-20 18:02:57,103 [pool-1250-thread-1] INFO  server.RaftServer$Division (RaftServerImpl.java:setRole(283)) - 564d795e-2911-4ce0-b6aa-bf548929a9a6@group-84EEA866D801: changes role from      null to FOLLOWER at term 0 for startAsFollower
2021-01-20 18:02:57,103 [pool-1250-thread-1] INFO  impl.RoleInfo (RoleInfo.java:updateAndGet(130)) - 564d795e-2911-4ce0-b6aa-bf548929a9a6: start 564d795e-2911-4ce0-b6aa-bf548929a9a6@group-84EEA866D801-FollowerState
2021-01-20 18:02:57,103 [pool-1250-thread-1] INFO  util.JmxRegister (JmxRegister.java:tryRegister(44)) - Successfully registered JMX Bean with object name Ratis:service=RaftServer,group=group-84EEA866D801,id=564d795e-2911-4ce0-b6aa-bf548929a9a6
2021-01-20 18:02:57,103 [pool-1250-thread-1] INFO  metrics.RatisMetrics (RatisMetrics.java:lambda$create$0(36)) - Creating Metrics Registry : ratis.state_machine.564d795e-2911-4ce0-b6aa-bf548929a9a6@group-84EEA866D801
2021-01-20 18:02:57,104 [Command processor thread] INFO  commandhandler.CreatePipelineCommandHandler (CreatePipelineCommandHandler.java:handle(106)) - Created Pipeline RATIS ONE PipelineID=2bffd32f-b482-4e51-a17e-84eea866d801.
2021-01-20 18:02:57,837 [EventQueue-PipelineReportForOneReplicaPipelineSafeModeRule] INFO  safemode.SCMSafeModeManager (SCMSafeModeManager.java:validateSafeModeExitRules(214)) - AtleastOneDatanodeReportedRule rule is successfully validated
2021-01-20 18:02:57,837 [EventQueue-OpenPipelineForHealthyPipelineSafeModeRule] INFO  safemode.SCMSafeModeManager (HealthyPipelineSafeModeRule.java:process(128)) - SCM in safe mode. Healthy pipelines reported count is 0, required healthy pipeline reported count is 1
2021-01-20 18:02:57,896 [EventQueue-OpenPipelineForHealthyPipelineSafeModeRule] INFO  safemode.SCMSafeModeManager (HealthyPipelineSafeModeRule.java:process(128)) - SCM in safe mode. Healthy pipelines reported count is 0, required healthy pipeline reported count is 1
2021-01-20 18:02:57,896 [EventQueue-PipelineReportForOneReplicaPipelineSafeModeRule] INFO  safemode.SCMSafeModeManager (SCMSafeModeManager.java:validateSafeModeExitRules(214)) - AtleastOneDatanodeReportedRule rule is successfully validated
2021-01-20 18:02:58,083 [Listener at 127.0.0.1/12848] INFO  ozone.MiniOzoneClusterImpl (MiniOzoneClusterImpl.java:lambda$waitForClusterToBeReady$0(179)) - Nodes are ready. Got 3 of 3 DN Heartbeats.
2021-01-20 18:02:58,084 [Listener at 127.0.0.1/12848] INFO  ozone.MiniOzoneClusterImpl (MiniOzoneClusterImpl.java:lambda$waitForClusterToBeReady$0(182)) - Waiting for cluster to exit safe mode
2021-01-20 18:02:58,090 [EventQueue-PipelineReportForOneReplicaPipelineSafeModeRule] INFO  safemode.SCMSafeModeManager (SCMSafeModeManager.java:validateSafeModeExitRules(214)) - AtleastOneDatanodeReportedRule rule is successfully validated
2021-01-20 18:02:58,090 [EventQueue-OpenPipelineForHealthyPipelineSafeModeRule] INFO  safemode.SCMSafeModeManager (HealthyPipelineSafeModeRule.java:process(128)) - SCM in safe mode. Healthy pipelines reported count is 0, required healthy pipeline reported count is 1
2021-01-20 18:02:58,836 [EventQueue-PipelineReportForOneReplicaPipelineSafeModeRule] INFO  safemode.SCMSafeModeManager (SCMSafeModeManager.java:validateSafeModeExitRules(214)) - AtleastOneDatanodeReportedRule rule is successfully validated
2021-01-20 18:02:58,837 [EventQueue-OpenPipelineForHealthyPipelineSafeModeRule] INFO  safemode.SCMSafeModeManager (HealthyPipelineSafeModeRule.java:process(128)) - SCM in safe mode. Healthy pipelines reported count is 0, required healthy pipeline reported count is 1
2021-01-20 18:02:58,896 [EventQueue-PipelineReportForOneReplicaPipelineSafeModeRule] INFO  safemode.SCMSafeModeManager (SCMSafeModeManager.java:validateSafeModeExitRules(214)) - AtleastOneDatanodeReportedRule rule is successfully validated
2021-01-20 18:02:58,896 [EventQueue-OpenPipelineForHealthyPipelineSafeModeRule] INFO  safemode.SCMSafeModeManager (HealthyPipelineSafeModeRule.java:process(128)) - SCM in safe mode. Healthy pipelines reported count is 0, required healthy pipeline reported count is 1
2021-01-20 18:02:59,084 [Listener at 127.0.0.1/12848] INFO  ozone.MiniOzoneClusterImpl (MiniOzoneClusterImpl.java:lambda$waitForClusterToBeReady$0(179)) - Nodes are ready. Got 3 of 3 DN Heartbeats.
2021-01-20 18:02:59,084 [Listener at 127.0.0.1/12848] INFO  ozone.MiniOzoneClusterImpl (MiniOzoneClusterImpl.java:lambda$waitForClusterToBeReady$0(182)) - Waiting for cluster to exit safe mode
2021-01-20 18:02:59,091 [EventQueue-PipelineReportForOneReplicaPipelineSafeModeRule] INFO  safemode.SCMSafeModeManager (SCMSafeModeManager.java:validateSafeModeExitRules(214)) - AtleastOneDatanodeReportedRule rule is successfully validated
2021-01-20 18:02:59,091 [EventQueue-OpenPipelineForHealthyPipelineSafeModeRule] INFO  safemode.SCMSafeModeManager (HealthyPipelineSafeModeRule.java:process(128)) - SCM in safe mode. Healthy pipelines reported count is 0, required healthy pipeline reported count is 1
2021-01-20 18:02:59,837 [EventQueue-PipelineReportForOneReplicaPipelineSafeModeRule] INFO  safemode.SCMSafeModeManager (SCMSafeModeManager.java:validateSafeModeExitRules(214)) - AtleastOneDatanodeReportedRule rule is successfully validated
2021-01-20 18:02:59,837 [EventQueue-OpenPipelineForHealthyPipelineSafeModeRule] INFO  safemode.SCMSafeModeManager (HealthyPipelineSafeModeRule.java:process(128)) - SCM in safe mode. Healthy pipelines reported count is 0, required healthy pipeline reported count is 1
2021-01-20 18:02:59,896 [EventQueue-PipelineReportForOneReplicaPipelineSafeModeRule] INFO  safemode.SCMSafeModeManager (SCMSafeModeManager.java:validateSafeModeExitRules(214)) - AtleastOneDatanodeReportedRule rule is successfully validated
2021-01-20 18:02:59,896 [EventQueue-OpenPipelineForHealthyPipelineSafeModeRule] INFO  safemode.SCMSafeModeManager (HealthyPipelineSafeModeRule.java:process(128)) - SCM in safe mode. Healthy pipelines reported count is 0, required healthy pipeline reported count is 1
2021-01-20 18:03:00,084 [Listener at 127.0.0.1/12848] INFO  ozone.MiniOzoneClusterImpl (MiniOzoneClusterImpl.java:lambda$waitForClusterToBeReady$0(179)) - Nodes are ready. Got 3 of 3 DN Heartbeats.
2021-01-20 18:03:00,085 [Listener at 127.0.0.1/12848] INFO  ozone.MiniOzoneClusterImpl (MiniOzoneClusterImpl.java:lambda$waitForClusterToBeReady$0(182)) - Waiting for cluster to exit safe mode
2021-01-20 18:03:00,091 [EventQueue-PipelineReportForOneReplicaPipelineSafeModeRule] INFO  safemode.SCMSafeModeManager (SCMSafeModeManager.java:validateSafeModeExitRules(214)) - AtleastOneDatanodeReportedRule rule is successfully validated
2021-01-20 18:03:00,091 [EventQueue-OpenPipelineForHealthyPipelineSafeModeRule] INFO  safemode.SCMSafeModeManager (HealthyPipelineSafeModeRule.java:process(128)) - SCM in safe mode. Healthy pipelines reported count is 0, required healthy pipeline reported count is 1
2021-01-20 18:03:00,837 [EventQueue-PipelineReportForOneReplicaPipelineSafeModeRule] INFO  safemode.SCMSafeModeManager (SCMSafeModeManager.java:validateSafeModeExitRules(214)) - AtleastOneDatanodeReportedRule rule is successfully validated
2021-01-20 18:03:00,837 [EventQueue-OpenPipelineForHealthyPipelineSafeModeRule] INFO  safemode.SCMSafeModeManager (HealthyPipelineSafeModeRule.java:process(128)) - SCM in safe mode. Healthy pipelines reported count is 0, required healthy pipeline reported count is 1
2021-01-20 18:03:00,896 [EventQueue-PipelineReportForOneReplicaPipelineSafeModeRule] INFO  safemode.SCMSafeModeManager (SCMSafeModeManager.java:validateSafeModeExitRules(214)) - AtleastOneDatanodeReportedRule rule is successfully validated
2021-01-20 18:03:00,896 [EventQueue-OpenPipelineForHealthyPipelineSafeModeRule] INFO  safemode.SCMSafeModeManager (HealthyPipelineSafeModeRule.java:process(128)) - SCM in safe mode. Healthy pipelines reported count is 0, required healthy pipeline reported count is 1
2021-01-20 18:03:01,085 [Listener at 127.0.0.1/12848] INFO  ozone.MiniOzoneClusterImpl (MiniOzoneClusterImpl.java:lambda$waitForClusterToBeReady$0(179)) - Nodes are ready. Got 3 of 3 DN Heartbeats.
2021-01-20 18:03:01,085 [Listener at 127.0.0.1/12848] INFO  ozone.MiniOzoneClusterImpl (MiniOzoneClusterImpl.java:lambda$waitForClusterToBeReady$0(182)) - Waiting for cluster to exit safe mode
2021-01-20 18:03:01,091 [EventQueue-PipelineReportForOneReplicaPipelineSafeModeRule] INFO  safemode.SCMSafeModeManager (SCMSafeModeManager.java:validateSafeModeExitRules(214)) - AtleastOneDatanodeReportedRule rule is successfully validated
2021-01-20 18:03:01,091 [EventQueue-OpenPipelineForHealthyPipelineSafeModeRule] INFO  safemode.SCMSafeModeManager (HealthyPipelineSafeModeRule.java:process(128)) - SCM in safe mode. Healthy pipelines reported count is 0, required healthy pipeline reported count is 1
2021-01-20 18:03:01,804 [Thread-4947] INFO  impl.FollowerState (FollowerState.java:run(133)) - 1987e6aa-0f3f-4058-93c6-f087debdef03@group-E06B811B0D80-FollowerState: change to CANDIDATE, lastRpcElapsedTime:5075372673ns, electionTimeout:5075ms
2021-01-20 18:03:01,804 [Thread-4947] INFO  impl.RoleInfo (RoleInfo.java:shutdownFollowerState(108)) - 1987e6aa-0f3f-4058-93c6-f087debdef03: shutdown 1987e6aa-0f3f-4058-93c6-f087debdef03@group-E06B811B0D80-FollowerState
2021-01-20 18:03:01,805 [Thread-4947] INFO  server.RaftServer$Division (RaftServerImpl.java:setRole(283)) - 1987e6aa-0f3f-4058-93c6-f087debdef03@group-E06B811B0D80: changes role from  FOLLOWER to CANDIDATE at term 0 for changeToCandidate
2021-01-20 18:03:01,805 [Thread-4947] INFO  impl.RoleInfo (RoleInfo.java:updateAndGet(130)) - 1987e6aa-0f3f-4058-93c6-f087debdef03: start 1987e6aa-0f3f-4058-93c6-f087debdef03@group-E06B811B0D80-LeaderElection90
2021-01-20 18:03:01,806 [1987e6aa-0f3f-4058-93c6-f087debdef03@group-E06B811B0D80-LeaderElection90] INFO  impl.LeaderElection (LeaderElection.java:askForPreVotes(259)) - 1987e6aa-0f3f-4058-93c6-f087debdef03@group-E06B811B0D80-LeaderElection90: begin a pre-vote at term 0 for -1: [1987e6aa-0f3f-4058-93c6-f087debdef03|rpc:172.17.0.2:38173|priority:0, 564d795e-2911-4ce0-b6aa-bf548929a9a6|rpc:172.17.0.2:43087|priority:0, e3fc3b7a-517a-44b3-8821-d76e91ceea3d|rpc:172.17.0.2:39927|priority:1], old=null
2021-01-20 18:03:01,814 [grpc-default-executor-8] INFO  server.RaftServer$Division (RaftServerImpl.java:requestPreVote(1060)) - 564d795e-2911-4ce0-b6aa-bf548929a9a6@group-E06B811B0D80: receive preVote(1987e6aa-0f3f-4058-93c6-f087debdef03, group-E06B811B0D80, 0, (t:0, i:0))
2021-01-20 18:03:01,814 [grpc-default-executor-8] INFO  server.RaftServer$Division (RaftServerImpl.java:requestPreVote(1081)) - 564d795e-2911-4ce0-b6aa-bf548929a9a6@group-E06B811B0D80 role: FOLLOWER allow pre-vote from:1987e6aa-0f3f-4058-93c6-f087debdef03
2021-01-20 18:03:01,814 [grpc-default-executor-8] INFO  server.RaftServer$Division (RaftServerImpl.java:requestPreVote(1099)) - 564d795e-2911-4ce0-b6aa-bf548929a9a6@group-E06B811B0D80 replies to pre-vote request: 1987e6aa-0f3f-4058-93c6-f087debdef03<-564d795e-2911-4ce0-b6aa-bf548929a9a6#0:OK-t0. Peer's state: 564d795e-2911-4ce0-b6aa-bf548929a9a6@group-E06B811B0D80:t0, leader=null, voted=, raftlog=564d795e-2911-4ce0-b6aa-bf548929a9a6@group-E06B811B0D80-SegmentedRaftLog:OPENED:c-1,f-1,i0, conf=-1: [1987e6aa-0f3f-4058-93c6-f087debdef03|rpc:172.17.0.2:38173|dataStream:|priority:0, 564d795e-2911-4ce0-b6aa-bf548929a9a6|rpc:172.17.0.2:43087|dataStream:|priority:0, e3fc3b7a-517a-44b3-8821-d76e91ceea3d|rpc:172.17.0.2:39927|dataStream:|priority:1], old=null
2021-01-20 18:03:01,817 [grpc-default-executor-8] INFO  server.RaftServer$Division (RaftServerImpl.java:requestPreVote(1060)) - e3fc3b7a-517a-44b3-8821-d76e91ceea3d@group-E06B811B0D80: receive preVote(1987e6aa-0f3f-4058-93c6-f087debdef03, group-E06B811B0D80, 0, (t:0, i:0))
2021-01-20 18:03:01,817 [grpc-default-executor-8] INFO  server.RaftServer$Division (RaftServerImpl.java:requestPreVote(1083)) - e3fc3b7a-517a-44b3-8821-d76e91ceea3d@group-E06B811B0D80 role: FOLLOWER reject pre-vote from:1987e6aa-0f3f-4058-93c6-f087debdef03 because compare:0 isCurrentLeaderValid:false
2021-01-20 18:03:01,817 [grpc-default-executor-8] INFO  server.RaftServer$Division (RaftServerImpl.java:requestPreVote(1099)) - e3fc3b7a-517a-44b3-8821-d76e91ceea3d@group-E06B811B0D80 replies to pre-vote request: 1987e6aa-0f3f-4058-93c6-f087debdef03<-e3fc3b7a-517a-44b3-8821-d76e91ceea3d#0:FAIL-t0. Peer's state: e3fc3b7a-517a-44b3-8821-d76e91ceea3d@group-E06B811B0D80:t0, leader=null, voted=, raftlog=e3fc3b7a-517a-44b3-8821-d76e91ceea3d@group-E06B811B0D80-SegmentedRaftLog:OPENED:c-1,f-1,i0, conf=-1: [1987e6aa-0f3f-4058-93c6-f087debdef03|rpc:172.17.0.2:38173|dataStream:|priority:0, 564d795e-2911-4ce0-b6aa-bf548929a9a6|rpc:172.17.0.2:43087|dataStream:|priority:0, e3fc3b7a-517a-44b3-8821-d76e91ceea3d|rpc:172.17.0.2:39927|dataStream:|priority:1], old=null
2021-01-20 18:03:01,819 [1987e6aa-0f3f-4058-93c6-f087debdef03@group-E06B811B0D80-LeaderElection90] INFO  impl.LeaderElection (LeaderElection.java:logAndReturn(68)) - 1987e6aa-0f3f-4058-93c6-f087debdef03@group-E06B811B0D80-LeaderElection90: Pre-vote  REJECTED received 2 response(s):[1987e6aa-0f3f-4058-93c6-f087debdef03<-564d795e-2911-4ce0-b6aa-bf548929a9a6#0:OK-t0, 1987e6aa-0f3f-4058-93c6-f087debdef03<-e3fc3b7a-517a-44b3-8821-d76e91ceea3d#0:FAIL-t0]
2021-01-20 18:03:01,819 [1987e6aa-0f3f-4058-93c6-f087debdef03@group-E06B811B0D80-LeaderElection90] INFO  impl.LeaderElection (LeaderElection.java:askForPreVotes(261)) - 1987e6aa-0f3f-4058-93c6-f087debdef03@group-E06B811B0D80-LeaderElection90 pre-vote result is REJECTED.
2021-01-20 18:03:01,819 [1987e6aa-0f3f-4058-93c6-f087debdef03@group-E06B811B0D80-LeaderElection90] INFO  server.RaftServer$Division (RaftServerImpl.java:setRole(283)) - 1987e6aa-0f3f-4058-93c6-f087debdef03@group-E06B811B0D80: changes role from CANDIDATE to FOLLOWER at term 0 for REJECTED
2021-01-20 18:03:01,819 [1987e6aa-0f3f-4058-93c6-f087debdef03@group-E06B811B0D80-LeaderElection90] INFO  impl.RoleInfo (RoleInfo.java:shutdownLeaderElection(121)) - 1987e6aa-0f3f-4058-93c6-f087debdef03: shutdown 1987e6aa-0f3f-4058-93c6-f087debdef03@group-E06B811B0D80-LeaderElection90
2021-01-20 18:03:01,819 [1987e6aa-0f3f-4058-93c6-f087debdef03@group-E06B811B0D80-LeaderElection90] INFO  impl.RoleInfo (RoleInfo.java:updateAndGet(130)) - 1987e6aa-0f3f-4058-93c6-f087debdef03: start 1987e6aa-0f3f-4058-93c6-f087debdef03@group-E06B811B0D80-FollowerState
2021-01-20 18:03:01,836 [EventQueue-PipelineReportForOneReplicaPipelineSafeModeRule] INFO  safemode.SCMSafeModeManager (SCMSafeModeManager.java:validateSafeModeExitRules(214)) - AtleastOneDatanodeReportedRule rule is successfully validated
2021-01-20 18:03:01,836 [EventQueue-OpenPipelineForHealthyPipelineSafeModeRule] INFO  safemode.SCMSafeModeManager (HealthyPipelineSafeModeRule.java:process(128)) - SCM in safe mode. Healthy pipelines reported count is 0, required healthy pipeline reported count is 1
2021-01-20 18:03:01,848 [Thread-4949] INFO  impl.FollowerState (FollowerState.java:run(133)) - e3fc3b7a-517a-44b3-8821-d76e91ceea3d@group-E06B811B0D80-FollowerState: change to CANDIDATE, lastRpcElapsedTime:5080339674ns, electionTimeout:5080ms
2021-01-20 18:03:01,849 [Thread-4949] INFO  impl.RoleInfo (RoleInfo.java:shutdownFollowerState(108)) - e3fc3b7a-517a-44b3-8821-d76e91ceea3d: shutdown e3fc3b7a-517a-44b3-8821-d76e91ceea3d@group-E06B811B0D80-FollowerState
2021-01-20 18:03:01,849 [Thread-4949] INFO  server.RaftServer$Division (RaftServerImpl.java:setRole(283)) - e3fc3b7a-517a-44b3-8821-d76e91ceea3d@group-E06B811B0D80: changes role from  FOLLOWER to CANDIDATE at term 0 for changeToCandidate
2021-01-20 18:03:01,849 [Thread-4949] INFO  impl.RoleInfo (RoleInfo.java:updateAndGet(130)) - e3fc3b7a-517a-44b3-8821-d76e91ceea3d: start e3fc3b7a-517a-44b3-8821-d76e91ceea3d@group-E06B811B0D80-LeaderElection91
2021-01-20 18:03:01,850 [e3fc3b7a-517a-44b3-8821-d76e91ceea3d@group-E06B811B0D80-LeaderElection91] INFO  impl.LeaderElection (LeaderElection.java:askForPreVotes(259)) - e3fc3b7a-517a-44b3-8821-d76e91ceea3d@group-E06B811B0D80-LeaderElection91: begin a pre-vote at term 0 for -1: [1987e6aa-0f3f-4058-93c6-f087debdef03|rpc:172.17.0.2:38173|dataStream:|priority:0, 564d795e-2911-4ce0-b6aa-bf548929a9a6|rpc:172.17.0.2:43087|dataStream:|priority:0, e3fc3b7a-517a-44b3-8821-d76e91ceea3d|rpc:172.17.0.2:39927|dataStream:|priority:1], old=null
2021-01-20 18:03:01,856 [grpc-default-executor-8] INFO  metrics.RatisMetrics (RatisMetrics.java:lambda$create$0(36)) - Creating Metrics Registry : ratis.server_message_metrics.1987e6aa-0f3f-4058-93c6-f087debdef03
2021-01-20 18:03:01,857 [grpc-default-executor-8] INFO  server.RaftServer$Division (RaftServerImpl.java:requestPreVote(1060)) - 1987e6aa-0f3f-4058-93c6-f087debdef03@group-E06B811B0D80: receive preVote(e3fc3b7a-517a-44b3-8821-d76e91ceea3d, group-E06B811B0D80, 0, (t:0, i:0))
2021-01-20 18:03:01,858 [grpc-default-executor-8] INFO  server.RaftServer$Division (RaftServerImpl.java:requestPreVote(1081)) - 1987e6aa-0f3f-4058-93c6-f087debdef03@group-E06B811B0D80 role: FOLLOWER allow pre-vote from:e3fc3b7a-517a-44b3-8821-d76e91ceea3d
2021-01-20 18:03:01,858 [grpc-default-executor-8] INFO  server.RaftServer$Division (RaftServerImpl.java:requestPreVote(1099)) - 1987e6aa-0f3f-4058-93c6-f087debdef03@group-E06B811B0D80 replies to pre-vote request: e3fc3b7a-517a-44b3-8821-d76e91ceea3d<-1987e6aa-0f3f-4058-93c6-f087debdef03#0:OK-t0. Peer's state: 1987e6aa-0f3f-4058-93c6-f087debdef03@group-E06B811B0D80:t0, leader=null, voted=, raftlog=1987e6aa-0f3f-4058-93c6-f087debdef03@group-E06B811B0D80-SegmentedRaftLog:OPENED:c-1,f-1,i0, conf=-1: [1987e6aa-0f3f-4058-93c6-f087debdef03|rpc:172.17.0.2:38173|priority:0, 564d795e-2911-4ce0-b6aa-bf548929a9a6|rpc:172.17.0.2:43087|priority:0, e3fc3b7a-517a-44b3-8821-d76e91ceea3d|rpc:172.17.0.2:39927|priority:1], old=null
2021-01-20 18:03:01,865 [grpc-default-executor-7] INFO  server.RaftServer$Division (RaftServerImpl.java:requestPreVote(1060)) - 564d795e-2911-4ce0-b6aa-bf548929a9a6@group-E06B811B0D80: receive preVote(e3fc3b7a-517a-44b3-8821-d76e91ceea3d, group-E06B811B0D80, 0, (t:0, i:0))
2021-01-20 18:03:01,865 [grpc-default-executor-7] INFO  server.RaftServer$Division (RaftServerImpl.java:requestPreVote(1081)) - 564d795e-2911-4ce0-b6aa-bf548929a9a6@group-E06B811B0D80 role: FOLLOWER allow pre-vote from:e3fc3b7a-517a-44b3-8821-d76e91ceea3d
2021-01-20 18:03:01,866 [grpc-default-executor-7] INFO  server.RaftServer$Division (RaftServerImpl.java:requestPreVote(1099)) - 564d795e-2911-4ce0-b6aa-bf548929a9a6@group-E06B811B0D80 replies to pre-vote request: e3fc3b7a-517a-44b3-8821-d76e91ceea3d<-564d795e-2911-4ce0-b6aa-bf548929a9a6#0:OK-t0. Peer's state: 564d795e-2911-4ce0-b6aa-bf548929a9a6@group-E06B811B0D80:t0, leader=null, voted=, raftlog=564d795e-2911-4ce0-b6aa-bf548929a9a6@group-E06B811B0D80-SegmentedRaftLog:OPENED:c-1,f-1,i0, conf=-1: [1987e6aa-0f3f-4058-93c6-f087debdef03|rpc:172.17.0.2:38173|dataStream:|priority:0, 564d795e-2911-4ce0-b6aa-bf548929a9a6|rpc:172.17.0.2:43087|dataStream:|priority:0, e3fc3b7a-517a-44b3-8821-d76e91ceea3d|rpc:172.17.0.2:39927|dataStream:|priority:1], old=null
2021-01-20 18:03:01,867 [e3fc3b7a-517a-44b3-8821-d76e91ceea3d@group-E06B811B0D80-LeaderElection91] INFO  impl.LeaderElection (LeaderElection.java:logAndReturn(68)) - e3fc3b7a-517a-44b3-8821-d76e91ceea3d@group-E06B811B0D80-LeaderElection91: Pre-vote  PASSED received 1 response(s):[e3fc3b7a-517a-44b3-8821-d76e91ceea3d<-1987e6aa-0f3f-4058-93c6-f087debdef03#0:OK-t0]
2021-01-20 18:03:01,867 [e3fc3b7a-517a-44b3-8821-d76e91ceea3d@group-E06B811B0D80-LeaderElection91] INFO  impl.LeaderElection (LeaderElection.java:askForPreVotes(261)) - e3fc3b7a-517a-44b3-8821-d76e91ceea3d@group-E06B811B0D80-LeaderElection91 pre-vote result is PASSED.
2021-01-20 18:03:01,868 [e3fc3b7a-517a-44b3-8821-d76e91ceea3d@group-E06B811B0D80-LeaderElection91] INFO  impl.LeaderElection (LeaderElection.java:askForVotes(308)) - e3fc3b7a-517a-44b3-8821-d76e91ceea3d@group-E06B811B0D80-LeaderElection91: begin an election at term 1 for -1: [1987e6aa-0f3f-4058-93c6-f087debdef03|rpc:172.17.0.2:38173|dataStream:|priority:0, 564d795e-2911-4ce0-b6aa-bf548929a9a6|rpc:172.17.0.2:43087|dataStream:|priority:0, e3fc3b7a-517a-44b3-8821-d76e91ceea3d|rpc:172.17.0.2:39927|dataStream:|priority:1], old=null
2021-01-20 18:03:01,869 [grpc-default-executor-8] INFO  server.RaftServer$Division (RaftServerImpl.java:setRole(283)) - 1987e6aa-0f3f-4058-93c6-f087debdef03@group-E06B811B0D80: changes role from  FOLLOWER to FOLLOWER at term 1 for recognizeCandidate:e3fc3b7a-517a-44b3-8821-d76e91ceea3d
2021-01-20 18:03:01,869 [grpc-default-executor-8] INFO  impl.RoleInfo (RoleInfo.java:shutdownFollowerState(108)) - 1987e6aa-0f3f-4058-93c6-f087debdef03: shutdown 1987e6aa-0f3f-4058-93c6-f087debdef03@group-E06B811B0D80-FollowerState
2021-01-20 18:03:01,869 [grpc-default-executor-7] INFO  server.RaftServer$Division (RaftServerImpl.java:setRole(283)) - 564d795e-2911-4ce0-b6aa-bf548929a9a6@group-E06B811B0D80: changes role from  FOLLOWER to FOLLOWER at term 1 for recognizeCandidate:e3fc3b7a-517a-44b3-8821-d76e91ceea3d
2021-01-20 18:03:01,869 [grpc-default-executor-7] INFO  impl.RoleInfo (RoleInfo.java:shutdownFollowerState(108)) - 564d795e-2911-4ce0-b6aa-bf548929a9a6: shutdown 564d795e-2911-4ce0-b6aa-bf548929a9a6@group-E06B811B0D80-FollowerState
2021-01-20 18:03:01,869 [Thread-4990] INFO  impl.FollowerState (FollowerState.java:run(142)) - 1987e6aa-0f3f-4058-93c6-f087debdef03@group-E06B811B0D80-FollowerState was interrupted: {}
java.lang.InterruptedException: sleep interrupted
	at java.lang.Thread.sleep(Native Method)
	at java.lang.Thread.sleep(Thread.java:340)
	at java.util.concurrent.TimeUnit.sleep(TimeUnit.java:386)
	at org.apache.ratis.util.TimeDuration.sleep(TimeDuration.java:324)
	at org.apache.ratis.util.TimeDuration.sleep(TimeDuration.java:309)
	at org.apache.ratis.server.impl.FollowerState.run(FollowerState.java:117)
2021-01-20 18:03:01,869 [grpc-default-executor-8] INFO  impl.RoleInfo (RoleInfo.java:updateAndGet(130)) - 1987e6aa-0f3f-4058-93c6-f087debdef03: start 1987e6aa-0f3f-4058-93c6-f087debdef03@group-E06B811B0D80-FollowerState
2021-01-20 18:03:01,869 [Thread-4952] INFO  impl.FollowerState (FollowerState.java:run(142)) - 564d795e-2911-4ce0-b6aa-bf548929a9a6@group-E06B811B0D80-FollowerState was interrupted: {}
java.lang.InterruptedException: sleep interrupted
	at java.lang.Thread.sleep(Native Method)
	at java.lang.Thread.sleep(Thread.java:340)
	at java.util.concurrent.TimeUnit.sleep(TimeUnit.java:386)
	at org.apache.ratis.util.TimeDuration.sleep(TimeDuration.java:324)
	at org.apache.ratis.util.TimeDuration.sleep(TimeDuration.java:309)
	at org.apache.ratis.server.impl.FollowerState.run(FollowerState.java:117)
2021-01-20 18:03:01,870 [grpc-default-executor-8] INFO  server.RaftServer$Division (RaftServerImpl.java:requestVote(1137)) -  FOLLOWER 1987e6aa-0f3f-4058-93c6-f087debdef03@group-E06B811B0D80:t1, leader=null, voted=null, raftlog=1987e6aa-0f3f-4058-93c6-f087debdef03@group-E06B811B0D80-SegmentedRaftLog:OPENED:c-1,f-1,i0, conf=-1: [1987e6aa-0f3f-4058-93c6-f087debdef03|rpc:172.17.0.2:38173|priority:0, 564d795e-2911-4ce0-b6aa-bf548929a9a6|rpc:172.17.0.2:43087|priority:0, e3fc3b7a-517a-44b3-8821-d76e91ceea3d|rpc:172.17.0.2:39927|priority:1], old=null RUNNING priority:0 candidate:e3fc3b7a-517a-44b3-8821-d76e91ceea3d|rpc:172.17.0.2:39927|priority:1 candidatePriority:1 compare:0
2021-01-20 18:03:01,869 [grpc-default-executor-7] INFO  impl.RoleInfo (RoleInfo.java:updateAndGet(130)) - 564d795e-2911-4ce0-b6aa-bf548929a9a6: start 564d795e-2911-4ce0-b6aa-bf548929a9a6@group-E06B811B0D80-FollowerState
2021-01-20 18:03:01,870 [grpc-default-executor-7] INFO  server.RaftServer$Division (RaftServerImpl.java:requestVote(1137)) -  FOLLOWER 564d795e-2911-4ce0-b6aa-bf548929a9a6@group-E06B811B0D80:t1, leader=null, voted=null, raftlog=564d795e-2911-4ce0-b6aa-bf548929a9a6@group-E06B811B0D80-SegmentedRaftLog:OPENED:c-1,f-1,i0, conf=-1: [1987e6aa-0f3f-4058-93c6-f087debdef03|rpc:172.17.0.2:38173|dataStream:|priority:0, 564d795e-2911-4ce0-b6aa-bf548929a9a6|rpc:172.17.0.2:43087|dataStream:|priority:0, e3fc3b7a-517a-44b3-8821-d76e91ceea3d|rpc:172.17.0.2:39927|dataStream:|priority:1], old=null RUNNING priority:0 candidate:e3fc3b7a-517a-44b3-8821-d76e91ceea3d|rpc:172.17.0.2:39927|dataStream:|priority:1 candidatePriority:1 compare:0
2021-01-20 18:03:01,872 [e3fc3b7a-517a-44b3-8821-d76e91ceea3d@group-E06B811B0D80-LeaderElection91] INFO  impl.LeaderElection (LeaderElection.java:logAndReturn(68)) - e3fc3b7a-517a-44b3-8821-d76e91ceea3d@group-E06B811B0D80-LeaderElection91: Election  PASSED received 1 response(s):[e3fc3b7a-517a-44b3-8821-d76e91ceea3d<-1987e6aa-0f3f-4058-93c6-f087debdef03#0:OK-t1]
2021-01-20 18:03:01,872 [e3fc3b7a-517a-44b3-8821-d76e91ceea3d@group-E06B811B0D80-LeaderElection91] INFO  impl.RoleInfo (RoleInfo.java:shutdownLeaderElection(121)) - e3fc3b7a-517a-44b3-8821-d76e91ceea3d: shutdown e3fc3b7a-517a-44b3-8821-d76e91ceea3d@group-E06B811B0D80-LeaderElection91
2021-01-20 18:03:01,872 [e3fc3b7a-517a-44b3-8821-d76e91ceea3d@group-E06B811B0D80-LeaderElection91] INFO  server.RaftServer$Division (RaftServerImpl.java:setRole(283)) - e3fc3b7a-517a-44b3-8821-d76e91ceea3d@group-E06B811B0D80: changes role from CANDIDATE to LEADER at term 1 for changeToLeader
2021-01-20 18:03:01,872 [e3fc3b7a-517a-44b3-8821-d76e91ceea3d@group-E06B811B0D80-LeaderElection91] INFO  ratis.XceiverServerRatis (XceiverServerRatis.java:handleLeaderChangedNotification(868)) - Leader change notification received for group: group-E06B811B0D80 with new leaderId: e3fc3b7a-517a-44b3-8821-d76e91ceea3d
2021-01-20 18:03:01,872 [e3fc3b7a-517a-44b3-8821-d76e91ceea3d@group-E06B811B0D80-LeaderElection91] INFO  server.RaftServer$Division (ServerState.java:setLeader(249)) - e3fc3b7a-517a-44b3-8821-d76e91ceea3d@group-E06B811B0D80: change Leader from null to e3fc3b7a-517a-44b3-8821-d76e91ceea3d at term 1 for becomeLeader, leader elected after 5115ms
2021-01-20 18:03:01,872 [e3fc3b7a-517a-44b3-8821-d76e91ceea3d@group-E06B811B0D80-LeaderElection91] INFO  server.RaftServerConfigKeys (ConfUtils.java:logGet(44)) - raft.server.staging.catchup.gap = 1000 (default)
2021-01-20 18:03:01,872 [e3fc3b7a-517a-44b3-8821-d76e91ceea3d@group-E06B811B0D80-LeaderElection91] INFO  metrics.RatisMetrics (RatisMetrics.java:lambda$create$0(36)) - Creating Metrics Registry : ratis.log_appender.e3fc3b7a-517a-44b3-8821-d76e91ceea3d@group-E06B811B0D80
2021-01-20 18:03:01,872 [e3fc3b7a-517a-44b3-8821-d76e91ceea3d@group-E06B811B0D80-LeaderElection91] INFO  server.RaftServerConfigKeys (ConfUtils.java:logGet(44)) - raft.server.write.element-limit = 1024 (custom)
2021-01-20 18:03:01,872 [e3fc3b7a-517a-44b3-8821-d76e91ceea3d@group-E06B811B0D80-LeaderElection91] INFO  server.RaftServerConfigKeys (ConfUtils.java:logGet(44)) - raft.server.write.byte-limit = 1073741824 (custom)
2021-01-20 18:03:01,873 [e3fc3b7a-517a-44b3-8821-d76e91ceea3d@group-E06B811B0D80-LeaderElection91] INFO  server.RaftServerConfigKeys (ConfUtils.java:logGet(44)) - raft.server.watch.timeout = 180s (custom)
2021-01-20 18:03:01,873 [e3fc3b7a-517a-44b3-8821-d76e91ceea3d@group-E06B811B0D80-LeaderElection91] INFO  server.RaftServerConfigKeys (ConfUtils.java:logGet(44)) - raft.server.watch.timeout.denomination = 1s (default)
2021-01-20 18:03:01,873 [e3fc3b7a-517a-44b3-8821-d76e91ceea3d@group-E06B811B0D80-LeaderElection91] INFO  server.RaftServerConfigKeys (ConfUtils.java:logGet(44)) - raft.server.watch.element-limit = 65536 (default)
2021-01-20 18:03:01,873 [e3fc3b7a-517a-44b3-8821-d76e91ceea3d@group-E06B811B0D80-LeaderElection91] INFO  server.RaftServerConfigKeys (ConfUtils.java:logGet(44)) - raft.server.log.appender.snapshot.chunk.size.max = 16MB (=16777216) (default)
2021-01-20 18:03:01,874 [e3fc3b7a-517a-44b3-8821-d76e91ceea3d@group-E06B811B0D80-LeaderElection91] INFO  server.RaftServerConfigKeys (ConfUtils.java:logGet(44)) - raft.server.log.appender.buffer.byte-limit = 33554432 (custom)
2021-01-20 18:03:01,874 [e3fc3b7a-517a-44b3-8821-d76e91ceea3d@group-E06B811B0D80-LeaderElection91] INFO  server.RaftServerConfigKeys (ConfUtils.java:logGet(44)) - raft.server.log.appender.buffer.element-limit = 1 (custom)
2021-01-20 18:03:01,874 [e3fc3b7a-517a-44b3-8821-d76e91ceea3d@group-E06B811B0D80-LeaderElection91] INFO  grpc.GrpcConfigKeys (ConfUtils.java:logGet(44)) - raft.grpc.server.leader.outstanding.appends.max = 128 (default)
2021-01-20 18:03:01,874 [e3fc3b7a-517a-44b3-8821-d76e91ceea3d@group-E06B811B0D80-LeaderElection91] INFO  server.RaftServerConfigKeys (ConfUtils.java:logGet(44)) - raft.server.rpc.request.timeout = 60s (custom)
2021-01-20 18:03:01,874 [e3fc3b7a-517a-44b3-8821-d76e91ceea3d@group-E06B811B0D80-LeaderElection91] INFO  server.RaftServerConfigKeys (ConfUtils.java:logGet(44)) - raft.server.log.appender.install.snapshot.enabled = false (custom)
2021-01-20 18:03:01,874 [e3fc3b7a-517a-44b3-8821-d76e91ceea3d@group-E06B811B0D80-LeaderElection91] INFO  metrics.RatisMetrics (RatisMetrics.java:lambda$create$0(36)) - Creating Metrics Registry : ratis_grpc.log_appender.e3fc3b7a-517a-44b3-8821-d76e91ceea3d@group-E06B811B0D80
2021-01-20 18:03:01,876 [EventQueue-PipelineReportForOneReplicaPipelineSafeModeRule] INFO  safemode.SCMSafeModeManager (SCMSafeModeManager.java:validateSafeModeExitRules(214)) - AtleastOneDatanodeReportedRule rule is successfully validated
2021-01-20 18:03:01,876 [EventQueue-PipelineReportForPipelineReportHandler] INFO  pipeline.PipelineStateManager (PipelineStateManager.java:openPipeline(132)) - Pipeline Pipeline[ Id: a752d258-79d0-4389-860d-e06b811b0d80, Nodes: e3fc3b7a-517a-44b3-8821-d76e91ceea3d{ip: 172.17.0.2, host: 86d28932dd69, networkLocation: /default-rack, certSerialId: null, persistedOpState: IN_SERVICE, persistedOpStateExpiryEpochSec: 0}564d795e-2911-4ce0-b6aa-bf548929a9a6{ip: 172.17.0.2, host: 86d28932dd69, networkLocation: /default-rack, certSerialId: null, persistedOpState: IN_SERVICE, persistedOpStateExpiryEpochSec: 0}1987e6aa-0f3f-4058-93c6-f087debdef03{ip: 172.17.0.2, host: 86d28932dd69, networkLocation: /default-rack, certSerialId: null, persistedOpState: IN_SERVICE, persistedOpStateExpiryEpochSec: 0}, Type:RATIS, Factor:THREE, State:ALLOCATED, leaderId:e3fc3b7a-517a-44b3-8821-d76e91ceea3d, CreationTimestamp2021-01-20T18:02:54.087Z] moved to OPEN state
2021-01-20 18:03:01,876 [EventQueue-OpenPipelineForHealthyPipelineSafeModeRule] INFO  safemode.SCMSafeModeManager (HealthyPipelineSafeModeRule.java:process(128)) - SCM in safe mode. Healthy pipelines reported count is 0, required healthy pipeline reported count is 1
2021-01-20 18:03:01,877 [EventQueue-OpenPipelineForHealthyPipelineSafeModeRule] INFO  safemode.SCMSafeModeManager (HealthyPipelineSafeModeRule.java:process(128)) - SCM in safe mode. Healthy pipelines reported count is 1, required healthy pipeline reported count is 1
2021-01-20 18:03:01,877 [EventQueue-OpenPipelineForHealthyPipelineSafeModeRule] INFO  safemode.SCMSafeModeManager (SCMSafeModeManager.java:validateSafeModeExitRules(214)) - HealthyPipelineSafeModeRule rule is successfully validated
2021-01-20 18:03:01,877 [EventQueue-OpenPipelineForHealthyPipelineSafeModeRule] INFO  safemode.SCMSafeModeManager (SCMSafeModeManager.java:validateSafeModeExitRules(228)) - ScmSafeModeManager, all rules are successfully validated
2021-01-20 18:03:01,877 [EventQueue-OpenPipelineForHealthyPipelineSafeModeRule] INFO  safemode.SCMSafeModeManager (SCMSafeModeManager.java:exitSafeMode(257)) - SCM exiting safe mode.
2021-01-20 18:03:01,877 [Thread-4945] INFO  impl.FollowerState (FollowerState.java:run(133)) - 1987e6aa-0f3f-4058-93c6-f087debdef03@group-DB48D1914D68-FollowerState: change to CANDIDATE, lastRpcElapsedTime:5167368527ns, electionTimeout:5167ms
2021-01-20 18:03:01,877 [e3fc3b7a-517a-44b3-8821-d76e91ceea3d@group-E06B811B0D80-LeaderElection91] INFO  server.RaftServerConfigKeys (ConfUtils.java:logGet(44)) - raft.server.log.appender.snapshot.chunk.size.max = 16MB (=16777216) (default)
2021-01-20 18:03:01,877 [e3fc3b7a-517a-44b3-8821-d76e91ceea3d@group-E06B811B0D80-LeaderElection91] INFO  server.RaftServerConfigKeys (ConfUtils.java:logGet(44)) - raft.server.log.appender.buffer.byte-limit = 33554432 (custom)
2021-01-20 18:03:01,877 [e3fc3b7a-517a-44b3-8821-d76e91ceea3d@group-E06B811B0D80-LeaderElection91] INFO  server.RaftServerConfigKeys (ConfUtils.java:logGet(44)) - raft.server.log.appender.buffer.element-limit = 1 (custom)
2021-01-20 18:03:01,877 [e3fc3b7a-517a-44b3-8821-d76e91ceea3d@group-E06B811B0D80-LeaderElection91] INFO  grpc.GrpcConfigKeys (ConfUtils.java:logGet(44)) - raft.grpc.server.leader.outstanding.appends.max = 128 (default)
2021-01-20 18:03:01,877 [e3fc3b7a-517a-44b3-8821-d76e91ceea3d@group-E06B811B0D80-LeaderElection91] INFO  server.RaftServerConfigKeys (ConfUtils.java:logGet(44)) - raft.server.rpc.request.timeout = 60s (custom)
2021-01-20 18:03:01,878 [e3fc3b7a-517a-44b3-8821-d76e91ceea3d@group-E06B811B0D80-LeaderElection91] INFO  server.RaftServerConfigKeys (ConfUtils.java:logGet(44)) - raft.server.log.appender.install.snapshot.enabled = false (custom)
2021-01-20 18:03:01,878 [Thread-4945] INFO  impl.RoleInfo (RoleInfo.java:shutdownFollowerState(108)) - 1987e6aa-0f3f-4058-93c6-f087debdef03: shutdown 1987e6aa-0f3f-4058-93c6-f087debdef03@group-DB48D1914D68-FollowerState
2021-01-20 18:03:01,878 [Thread-4945] INFO  server.RaftServer$Division (RaftServerImpl.java:setRole(283)) - 1987e6aa-0f3f-4058-93c6-f087debdef03@group-DB48D1914D68: changes role from  FOLLOWER to CANDIDATE at term 0 for changeToCandidate
2021-01-20 18:03:01,878 [Thread-4945] INFO  impl.RoleInfo (RoleInfo.java:updateAndGet(130)) - 1987e6aa-0f3f-4058-93c6-f087debdef03: start 1987e6aa-0f3f-4058-93c6-f087debdef03@group-DB48D1914D68-LeaderElection92
2021-01-20 18:03:01,882 [1987e6aa-0f3f-4058-93c6-f087debdef03@group-DB48D1914D68-LeaderElection92] INFO  impl.LeaderElection (LeaderElection.java:askForPreVotes(259)) - 1987e6aa-0f3f-4058-93c6-f087debdef03@group-DB48D1914D68-LeaderElection92: begin a pre-vote at term 0 for -1: [1987e6aa-0f3f-4058-93c6-f087debdef03|rpc:172.17.0.2:38173|priority:1], old=null
2021-01-20 18:03:01,882 [e3fc3b7a-517a-44b3-8821-d76e91ceea3d@group-E06B811B0D80-LeaderElection91] INFO  impl.RoleInfo (RoleInfo.java:updateAndGet(130)) - e3fc3b7a-517a-44b3-8821-d76e91ceea3d: start e3fc3b7a-517a-44b3-8821-d76e91ceea3d@group-E06B811B0D80-LeaderStateImpl
2021-01-20 18:03:01,882 [1987e6aa-0f3f-4058-93c6-f087debdef03@group-DB48D1914D68-LeaderElection92] INFO  impl.LeaderElection (LeaderElection.java:askForPreVotes(261)) - 1987e6aa-0f3f-4058-93c6-f087debdef03@group-DB48D1914D68-LeaderElection92 pre-vote result is PASSED.
2021-01-20 18:03:01,882 [e3fc3b7a-517a-44b3-8821-d76e91ceea3d@group-E06B811B0D80-LeaderElection91] INFO  segmented.SegmentedRaftLogWorker (SegmentedRaftLogWorker.java:startLogSegment(392)) - e3fc3b7a-517a-44b3-8821-d76e91ceea3d@group-E06B811B0D80-SegmentedRaftLogWorker: Starting segment from index:0
2021-01-20 18:03:01,884 [e3fc3b7a-517a-44b3-8821-d76e91ceea3d@group-E06B811B0D80-LeaderElection91] INFO  server.RaftServer$Division (ServerState.java:setRaftConf(368)) - e3fc3b7a-517a-44b3-8821-d76e91ceea3d@group-E06B811B0D80: set configuration 0: [1987e6aa-0f3f-4058-93c6-f087debdef03|rpc:172.17.0.2:38173|dataStream:|priority:0, 564d795e-2911-4ce0-b6aa-bf548929a9a6|rpc:172.17.0.2:43087|dataStream:|priority:0, e3fc3b7a-517a-44b3-8821-d76e91ceea3d|rpc:172.17.0.2:39927|dataStream:|priority:1], old=null
2021-01-20 18:03:01,884 [1987e6aa-0f3f-4058-93c6-f087debdef03@group-DB48D1914D68-LeaderElection92] INFO  impl.LeaderElection (LeaderElection.java:askForVotes(308)) - 1987e6aa-0f3f-4058-93c6-f087debdef03@group-DB48D1914D68-LeaderElection92: begin an election at term 1 for -1: [1987e6aa-0f3f-4058-93c6-f087debdef03|rpc:172.17.0.2:38173|priority:1], old=null
2021-01-20 18:03:01,885 [1987e6aa-0f3f-4058-93c6-f087debdef03@group-DB48D1914D68-LeaderElection92] INFO  impl.RoleInfo (RoleInfo.java:shutdownLeaderElection(121)) - 1987e6aa-0f3f-4058-93c6-f087debdef03: shutdown 1987e6aa-0f3f-4058-93c6-f087debdef03@group-DB48D1914D68-LeaderElection92
2021-01-20 18:03:01,885 [1987e6aa-0f3f-4058-93c6-f087debdef03@group-DB48D1914D68-LeaderElection92] INFO  server.RaftServer$Division (RaftServerImpl.java:setRole(283)) - 1987e6aa-0f3f-4058-93c6-f087debdef03@group-DB48D1914D68: changes role from CANDIDATE to LEADER at term 1 for changeToLeader
2021-01-20 18:03:01,885 [1987e6aa-0f3f-4058-93c6-f087debdef03@group-DB48D1914D68-LeaderElection92] INFO  ratis.XceiverServerRatis (XceiverServerRatis.java:handleLeaderChangedNotification(868)) - Leader change notification received for group: group-DB48D1914D68 with new leaderId: 1987e6aa-0f3f-4058-93c6-f087debdef03
2021-01-20 18:03:01,886 [1987e6aa-0f3f-4058-93c6-f087debdef03@group-DB48D1914D68-LeaderElection92] INFO  server.RaftServer$Division (ServerState.java:setLeader(249)) - 1987e6aa-0f3f-4058-93c6-f087debdef03@group-DB48D1914D68: change Leader from null to 1987e6aa-0f3f-4058-93c6-f087debdef03 at term 1 for becomeLeader, leader elected after 5185ms
2021-01-20 18:03:01,886 [1987e6aa-0f3f-4058-93c6-f087debdef03@group-DB48D1914D68-LeaderElection92] INFO  server.RaftServerConfigKeys (ConfUtils.java:logGet(44)) - raft.server.staging.catchup.gap = 1000 (default)
2021-01-20 18:03:01,886 [1987e6aa-0f3f-4058-93c6-f087debdef03@group-DB48D1914D68-LeaderElection92] INFO  metrics.RatisMetrics (RatisMetrics.java:lambda$create$0(36)) - Creating Metrics Registry : ratis.log_appender.1987e6aa-0f3f-4058-93c6-f087debdef03@group-DB48D1914D68
2021-01-20 18:03:01,887 [e3fc3b7a-517a-44b3-8821-d76e91ceea3d@group-E06B811B0D80-SegmentedRaftLogWorker] INFO  segmented.SegmentedRaftLogWorker (SegmentedRaftLogWorker.java:execute(599)) - e3fc3b7a-517a-44b3-8821-d76e91ceea3d@group-E06B811B0D80-SegmentedRaftLogWorker: created new log segment /github/workspace/mnt/ozone/hadoop-ozone/integration-test/target/test-dir/MiniOzoneClusterImpl-618ecdb8-9cea-428a-88e6-93619fe638f4/datanode-1/data/ratis/a752d258-79d0-4389-860d-e06b811b0d80/current/log_inprogress_0
2021-01-20 18:03:01,888 [1987e6aa-0f3f-4058-93c6-f087debdef03@group-DB48D1914D68-LeaderElection92] INFO  server.RaftServerConfigKeys (ConfUtils.java:logGet(44)) - raft.server.write.element-limit = 1024 (custom)
2021-01-20 18:03:01,888 [1987e6aa-0f3f-4058-93c6-f087debdef03@group-DB48D1914D68-LeaderElection92] INFO  server.RaftServerConfigKeys (ConfUtils.java:logGet(44)) - raft.server.write.byte-limit = 1073741824 (custom)
2021-01-20 18:03:01,890 [grpc-default-executor-7] INFO  ratis.XceiverServerRatis (XceiverServerRatis.java:handleLeaderChangedNotification(868)) - Leader change notification received for group: group-E06B811B0D80 with new leaderId: e3fc3b7a-517a-44b3-8821-d76e91ceea3d
2021-01-20 18:03:01,891 [grpc-default-executor-7] INFO  server.RaftServer$Division (ServerState.java:setLeader(249)) - 1987e6aa-0f3f-4058-93c6-f087debdef03@group-E06B811B0D80: change Leader from null to e3fc3b7a-517a-44b3-8821-d76e91ceea3d at term 1 for appendEntries, leader elected after 5172ms
2021-01-20 18:03:01,899 [1987e6aa-0f3f-4058-93c6-f087debdef03@group-DB48D1914D68-LeaderElection92] INFO  server.RaftServerConfigKeys (ConfUtils.java:logGet(44)) - raft.server.watch.timeout = 180s (custom)
2021-01-20 18:03:01,899 [1987e6aa-0f3f-4058-93c6-f087debdef03@group-DB48D1914D68-LeaderElection92] INFO  server.RaftServerConfigKeys (ConfUtils.java:logGet(44)) - raft.server.watch.timeout.denomination = 1s (default)
2021-01-20 18:03:01,899 [1987e6aa-0f3f-4058-93c6-f087debdef03@group-DB48D1914D68-LeaderElection92] INFO  server.RaftServerConfigKeys (ConfUtils.java:logGet(44)) - raft.server.watch.element-limit = 65536 (default)
2021-01-20 18:03:01,901 [1987e6aa-0f3f-4058-93c6-f087debdef03@group-DB48D1914D68-LeaderElection92] INFO  impl.RoleInfo (RoleInfo.java:updateAndGet(130)) - 1987e6aa-0f3f-4058-93c6-f087debdef03: start 1987e6aa-0f3f-4058-93c6-f087debdef03@group-DB48D1914D68-LeaderStateImpl
2021-01-20 18:03:01,904 [grpc-default-executor-3] INFO  server.RaftServer$Division (ServerState.java:setRaftConf(368)) - 1987e6aa-0f3f-4058-93c6-f087debdef03@group-E06B811B0D80: set configuration 0: [1987e6aa-0f3f-4058-93c6-f087debdef03|rpc:172.17.0.2:38173|dataStream:|priority:0, 564d795e-2911-4ce0-b6aa-bf548929a9a6|rpc:172.17.0.2:43087|dataStream:|priority:0, e3fc3b7a-517a-44b3-8821-d76e91ceea3d|rpc:172.17.0.2:39927|dataStream:|priority:1], old=null
2021-01-20 18:03:01,904 [grpc-default-executor-6] INFO  ratis.XceiverServerRatis (XceiverServerRatis.java:handleLeaderChangedNotification(868)) - Leader change notification received for group: group-E06B811B0D80 with new leaderId: e3fc3b7a-517a-44b3-8821-d76e91ceea3d
2021-01-20 18:03:01,904 [grpc-default-executor-6] INFO  server.RaftServer$Division (ServerState.java:setLeader(249)) - 564d795e-2911-4ce0-b6aa-bf548929a9a6@group-E06B811B0D80: change Leader from null to e3fc3b7a-517a-44b3-8821-d76e91ceea3d at term 1 for appendEntries, leader elected after 5105ms
2021-01-20 18:03:01,905 [1987e6aa-0f3f-4058-93c6-f087debdef03@group-DB48D1914D68-LeaderElection92] INFO  segmented.SegmentedRaftLogWorker (SegmentedRaftLogWorker.java:startLogSegment(392)) - 1987e6aa-0f3f-4058-93c6-f087debdef03@group-DB48D1914D68-SegmentedRaftLogWorker: Starting segment from index:0
2021-01-20 18:03:01,906 [grpc-default-executor-3] INFO  segmented.SegmentedRaftLogWorker (SegmentedRaftLogWorker.java:startLogSegment(392)) - 1987e6aa-0f3f-4058-93c6-f087debdef03@group-E06B811B0D80-SegmentedRaftLogWorker: Starting segment from index:0
2021-01-20 18:03:01,915 [1987e6aa-0f3f-4058-93c6-f087debdef03@group-DB48D1914D68-SegmentedRaftLogWorker] INFO  segmented.SegmentedRaftLogWorker (SegmentedRaftLogWorker.java:execute(599)) - 1987e6aa-0f3f-4058-93c6-f087debdef03@group-DB48D1914D68-SegmentedRaftLogWorker: created new log segment /github/workspace/mnt/ozone/hadoop-ozone/integration-test/target/test-dir/MiniOzoneClusterImpl-618ecdb8-9cea-428a-88e6-93619fe638f4/datanode-0/data/ratis/55575036-f8c1-4436-bb48-db48d1914d68/current/log_inprogress_0
2021-01-20 18:03:01,920 [1987e6aa-0f3f-4058-93c6-f087debdef03@group-DB48D1914D68-LeaderElection92] INFO  server.RaftServer$Division (ServerState.java:setRaftConf(368)) - 1987e6aa-0f3f-4058-93c6-f087debdef03@group-DB48D1914D68: set configuration 0: [1987e6aa-0f3f-4058-93c6-f087debdef03|rpc:172.17.0.2:38173|dataStream:|priority:1], old=null
2021-01-20 18:03:01,922 [grpc-default-executor-3] INFO  server.RaftServer$Division (ServerState.java:setRaftConf(368)) - 564d795e-2911-4ce0-b6aa-bf548929a9a6@group-E06B811B0D80: set configuration 0: [1987e6aa-0f3f-4058-93c6-f087debdef03|rpc:172.17.0.2:38173|dataStream:|priority:0, 564d795e-2911-4ce0-b6aa-bf548929a9a6|rpc:172.17.0.2:43087|dataStream:|priority:0, e3fc3b7a-517a-44b3-8821-d76e91ceea3d|rpc:172.17.0.2:39927|dataStream:|priority:1], old=null
2021-01-20 18:03:01,923 [1987e6aa-0f3f-4058-93c6-f087debdef03@group-E06B811B0D80-SegmentedRaftLogWorker] INFO  segmented.SegmentedRaftLogWorker (SegmentedRaftLogWorker.java:execute(599)) - 1987e6aa-0f3f-4058-93c6-f087debdef03@group-E06B811B0D80-SegmentedRaftLogWorker: created new log segment /github/workspace/mnt/ozone/hadoop-ozone/integration-test/target/test-dir/MiniOzoneClusterImpl-618ecdb8-9cea-428a-88e6-93619fe638f4/datanode-0/data/ratis/a752d258-79d0-4389-860d-e06b811b0d80/current/log_inprogress_0
2021-01-20 18:03:01,924 [grpc-default-executor-3] INFO  segmented.SegmentedRaftLogWorker (SegmentedRaftLogWorker.java:startLogSegment(392)) - 564d795e-2911-4ce0-b6aa-bf548929a9a6@group-E06B811B0D80-SegmentedRaftLogWorker: Starting segment from index:0
2021-01-20 18:03:01,930 [564d795e-2911-4ce0-b6aa-bf548929a9a6@group-E06B811B0D80-SegmentedRaftLogWorker] INFO  segmented.SegmentedRaftLogWorker (SegmentedRaftLogWorker.java:execute(599)) - 564d795e-2911-4ce0-b6aa-bf548929a9a6@group-E06B811B0D80-SegmentedRaftLogWorker: created new log segment /github/workspace/mnt/ozone/hadoop-ozone/integration-test/target/test-dir/MiniOzoneClusterImpl-618ecdb8-9cea-428a-88e6-93619fe638f4/datanode-2/data/ratis/a752d258-79d0-4389-860d-e06b811b0d80/current/log_inprogress_0
2021-01-20 18:03:01,997 [Thread-4957] INFO  impl.FollowerState (FollowerState.java:run(133)) - e3fc3b7a-517a-44b3-8821-d76e91ceea3d@group-B2C9A5D36ED0-FollowerState: change to CANDIDATE, lastRpcElapsedTime:5118313850ns, electionTimeout:5118ms
2021-01-20 18:03:01,998 [Thread-4957] INFO  impl.RoleInfo (RoleInfo.java:shutdownFollowerState(108)) - e3fc3b7a-517a-44b3-8821-d76e91ceea3d: shutdown e3fc3b7a-517a-44b3-8821-d76e91ceea3d@group-B2C9A5D36ED0-FollowerState
2021-01-20 18:03:01,998 [Thread-4957] INFO  server.RaftServer$Division (RaftServerImpl.java:setRole(283)) - e3fc3b7a-517a-44b3-8821-d76e91ceea3d@group-B2C9A5D36ED0: changes role from  FOLLOWER to CANDIDATE at term 0 for changeToCandidate
2021-01-20 18:03:01,998 [Thread-4957] INFO  impl.RoleInfo (RoleInfo.java:updateAndGet(130)) - e3fc3b7a-517a-44b3-8821-d76e91ceea3d: start e3fc3b7a-517a-44b3-8821-d76e91ceea3d@group-B2C9A5D36ED0-LeaderElection93
2021-01-20 18:03:02,001 [Thread-4955] INFO  impl.FollowerState (FollowerState.java:run(133)) - 1987e6aa-0f3f-4058-93c6-f087debdef03@group-B2C9A5D36ED0-FollowerState: change to CANDIDATE, lastRpcElapsedTime:5151601277ns, electionTimeout:5150ms
2021-01-20 18:03:02,004 [Thread-4955] INFO  impl.RoleInfo (RoleInfo.java:shutdownFollowerState(108)) - 1987e6aa-0f3f-4058-93c6-f087debdef03: shutdown 1987e6aa-0f3f-4058-93c6-f087debdef03@group-B2C9A5D36ED0-FollowerState
2021-01-20 18:03:02,004 [Thread-4955] INFO  server.RaftServer$Division (RaftServerImpl.java:setRole(283)) - 1987e6aa-0f3f-4058-93c6-f087debdef03@group-B2C9A5D36ED0: changes role from  FOLLOWER to CANDIDATE at term 0 for changeToCandidate
2021-01-20 18:03:02,004 [Thread-4955] INFO  impl.RoleInfo (RoleInfo.java:updateAndGet(130)) - 1987e6aa-0f3f-4058-93c6-f087debdef03: start 1987e6aa-0f3f-4058-93c6-f087debdef03@group-B2C9A5D36ED0-LeaderElection94
2021-01-20 18:03:02,004 [e3fc3b7a-517a-44b3-8821-d76e91ceea3d@group-B2C9A5D36ED0-LeaderElection93] INFO  impl.LeaderElection (LeaderElection.java:askForPreVotes(259)) - e3fc3b7a-517a-44b3-8821-d76e91ceea3d@group-B2C9A5D36ED0-LeaderElection93: begin a pre-vote at term 0 for -1: [1987e6aa-0f3f-4058-93c6-f087debdef03|rpc:172.17.0.2:38173|dataStream:|priority:0, 564d795e-2911-4ce0-b6aa-bf548929a9a6|rpc:172.17.0.2:43087|dataStream:|priority:1, e3fc3b7a-517a-44b3-8821-d76e91ceea3d|rpc:172.17.0.2:39927|dataStream:|priority:0], old=null
2021-01-20 18:03:02,005 [1987e6aa-0f3f-4058-93c6-f087debdef03@group-B2C9A5D36ED0-LeaderElection94] INFO  impl.LeaderElection (LeaderElection.java:askForPreVotes(259)) - 1987e6aa-0f3f-4058-93c6-f087debdef03@group-B2C9A5D36ED0-LeaderElection94: begin a pre-vote at term 0 for -1: [1987e6aa-0f3f-4058-93c6-f087debdef03|rpc:172.17.0.2:38173|priority:0, 564d795e-2911-4ce0-b6aa-bf548929a9a6|rpc:172.17.0.2:43087|priority:1, e3fc3b7a-517a-44b3-8821-d76e91ceea3d|rpc:172.17.0.2:39927|priority:0], old=null
2021-01-20 18:03:02,008 [grpc-default-executor-3] INFO  server.RaftServer$Division (RaftServerImpl.java:requestPreVote(1060)) - 1987e6aa-0f3f-4058-93c6-f087debdef03@group-B2C9A5D36ED0: receive preVote(e3fc3b7a-517a-44b3-8821-d76e91ceea3d, group-B2C9A5D36ED0, 0, (t:0, i:0))
2021-01-20 18:03:02,008 [grpc-default-executor-3] INFO  server.RaftServer$Division (RaftServerImpl.java:requestPreVote(1081)) - 1987e6aa-0f3f-4058-93c6-f087debdef03@group-B2C9A5D36ED0 role:CANDIDATE allow pre-vote from:e3fc3b7a-517a-44b3-8821-d76e91ceea3d
2021-01-20 18:03:02,009 [grpc-default-executor-3] INFO  server.RaftServer$Division (RaftServerImpl.java:requestPreVote(1099)) - 1987e6aa-0f3f-4058-93c6-f087debdef03@group-B2C9A5D36ED0 replies to pre-vote request: e3fc3b7a-517a-44b3-8821-d76e91ceea3d<-1987e6aa-0f3f-4058-93c6-f087debdef03#0:OK-t0. Peer's state: 1987e6aa-0f3f-4058-93c6-f087debdef03@group-B2C9A5D36ED0:t0, leader=null, voted=, raftlog=1987e6aa-0f3f-4058-93c6-f087debdef03@group-B2C9A5D36ED0-SegmentedRaftLog:OPENED:c-1,f-1,i0, conf=-1: [1987e6aa-0f3f-4058-93c6-f087debdef03|rpc:172.17.0.2:38173|priority:0, 564d795e-2911-4ce0-b6aa-bf548929a9a6|rpc:172.17.0.2:43087|priority:1, e3fc3b7a-517a-44b3-8821-d76e91ceea3d|rpc:172.17.0.2:39927|priority:0], old=null
2021-01-20 18:03:02,011 [grpc-default-executor-3] INFO  server.RaftServer$Division (RaftServerImpl.java:requestPreVote(1060)) - 564d795e-2911-4ce0-b6aa-bf548929a9a6@group-B2C9A5D36ED0: receive preVote(e3fc3b7a-517a-44b3-8821-d76e91ceea3d, group-B2C9A5D36ED0, 0, (t:0, i:0))
2021-01-20 18:03:02,011 [grpc-default-executor-3] INFO  server.RaftServer$Division (RaftServerImpl.java:requestPreVote(1083)) - 564d795e-2911-4ce0-b6aa-bf548929a9a6@group-B2C9A5D36ED0 role: FOLLOWER reject pre-vote from:e3fc3b7a-517a-44b3-8821-d76e91ceea3d because compare:0 isCurrentLeaderValid:false
2021-01-20 18:03:02,011 [grpc-default-executor-3] INFO  server.RaftServer$Division (RaftServerImpl.java:requestPreVote(1099)) - 564d795e-2911-4ce0-b6aa-bf548929a9a6@group-B2C9A5D36ED0 replies to pre-vote request: e3fc3b7a-517a-44b3-8821-d76e91ceea3d<-564d795e-2911-4ce0-b6aa-bf548929a9a6#0:FAIL-t0. Peer's state: 564d795e-2911-4ce0-b6aa-bf548929a9a6@group-B2C9A5D36ED0:t0, leader=null, voted=, raftlog=564d795e-2911-4ce0-b6aa-bf548929a9a6@group-B2C9A5D36ED0-SegmentedRaftLog:OPENED:c-1,f-1,i0, conf=-1: [1987e6aa-0f3f-4058-93c6-f087debdef03|rpc:172.17.0.2:38173|dataStream:|priority:0, 564d795e-2911-4ce0-b6aa-bf548929a9a6|rpc:172.17.0.2:43087|dataStream:|priority:1, e3fc3b7a-517a-44b3-8821-d76e91ceea3d|rpc:172.17.0.2:39927|dataStream:|priority:0], old=null
2021-01-20 18:03:02,012 [e3fc3b7a-517a-44b3-8821-d76e91ceea3d@group-B2C9A5D36ED0-LeaderElection93] INFO  impl.LeaderElection (LeaderElection.java:logAndReturn(68)) - e3fc3b7a-517a-44b3-8821-d76e91ceea3d@group-B2C9A5D36ED0-LeaderElection93: Pre-vote  REJECTED received 2 response(s):[e3fc3b7a-517a-44b3-8821-d76e91ceea3d<-1987e6aa-0f3f-4058-93c6-f087debdef03#0:OK-t0, e3fc3b7a-517a-44b3-8821-d76e91ceea3d<-564d795e-2911-4ce0-b6aa-bf548929a9a6#0:FAIL-t0]
2021-01-20 18:03:02,013 [grpc-default-executor-3] INFO  server.RaftServer$Division (RaftServerImpl.java:requestPreVote(1060)) - 564d795e-2911-4ce0-b6aa-bf548929a9a6@group-B2C9A5D36ED0: receive preVote(1987e6aa-0f3f-4058-93c6-f087debdef03, group-B2C9A5D36ED0, 0, (t:0, i:0))
2021-01-20 18:03:02,013 [grpc-default-executor-3] INFO  server.RaftServer$Division (RaftServerImpl.java:requestPreVote(1083)) - 564d795e-2911-4ce0-b6aa-bf548929a9a6@group-B2C9A5D36ED0 role: FOLLOWER reject pre-vote from:1987e6aa-0f3f-4058-93c6-f087debdef03 because compare:0 isCurrentLeaderValid:false
2021-01-20 18:03:02,013 [grpc-default-executor-3] INFO  server.RaftServer$Division (RaftServerImpl.java:requestPreVote(1099)) - 564d795e-2911-4ce0-b6aa-bf548929a9a6@group-B2C9A5D36ED0 replies to pre-vote request: 1987e6aa-0f3f-4058-93c6-f087debdef03<-564d795e-2911-4ce0-b6aa-bf548929a9a6#0:FAIL-t0. Peer's state: 564d795e-2911-4ce0-b6aa-bf548929a9a6@group-B2C9A5D36ED0:t0, leader=null, voted=, raftlog=564d795e-2911-4ce0-b6aa-bf548929a9a6@group-B2C9A5D36ED0-SegmentedRaftLog:OPENED:c-1,f-1,i0, conf=-1: [1987e6aa-0f3f-4058-93c6-f087debdef03|rpc:172.17.0.2:38173|dataStream:|priority:0, 564d795e-2911-4ce0-b6aa-bf548929a9a6|rpc:172.17.0.2:43087|dataStream:|priority:1, e3fc3b7a-517a-44b3-8821-d76e91ceea3d|rpc:172.17.0.2:39927|dataStream:|priority:0], old=null
2021-01-20 18:03:02,015 [Thread-4962] INFO  impl.FollowerState (FollowerState.java:run(133)) - 564d795e-2911-4ce0-b6aa-bf548929a9a6@group-B2C9A5D36ED0-FollowerState: change to CANDIDATE, lastRpcElapsedTime:5081080913ns, electionTimeout:5079ms
2021-01-20 18:03:02,015 [1987e6aa-0f3f-4058-93c6-f087debdef03@group-B2C9A5D36ED0-LeaderElection94] INFO  impl.LeaderElection (LeaderElection.java:logAndReturn(68)) - 1987e6aa-0f3f-4058-93c6-f087debdef03@group-B2C9A5D36ED0-LeaderElection94: Pre-vote  REJECTED received 1 response(s):[1987e6aa-0f3f-4058-93c6-f087debdef03<-564d795e-2911-4ce0-b6aa-bf548929a9a6#0:FAIL-t0]
2021-01-20 18:03:02,015 [1987e6aa-0f3f-4058-93c6-f087debdef03@group-B2C9A5D36ED0-LeaderElection94] INFO  impl.LeaderElection (LeaderElection.java:askForPreVotes(261)) - 1987e6aa-0f3f-4058-93c6-f087debdef03@group-B2C9A5D36ED0-LeaderElection94 pre-vote result is REJECTED.
2021-01-20 18:03:02,015 [1987e6aa-0f3f-4058-93c6-f087debdef03@group-B2C9A5D36ED0-LeaderElection94] INFO  server.RaftServer$Division (RaftServerImpl.java:setRole(283)) - 1987e6aa-0f3f-4058-93c6-f087debdef03@group-B2C9A5D36ED0: changes role from CANDIDATE to FOLLOWER at term 0 for REJECTED
2021-01-20 18:03:02,015 [1987e6aa-0f3f-4058-93c6-f087debdef03@group-B2C9A5D36ED0-LeaderElection94] INFO  impl.RoleInfo (RoleInfo.java:shutdownLeaderElection(121)) - 1987e6aa-0f3f-4058-93c6-f087debdef03: shutdown 1987e6aa-0f3f-4058-93c6-f087debdef03@group-B2C9A5D36ED0-LeaderElection94
2021-01-20 18:03:02,015 [1987e6aa-0f3f-4058-93c6-f087debdef03@group-B2C9A5D36ED0-LeaderElection94] INFO  impl.RoleInfo (RoleInfo.java:updateAndGet(130)) - 1987e6aa-0f3f-4058-93c6-f087debdef03: start 1987e6aa-0f3f-4058-93c6-f087debdef03@group-B2C9A5D36ED0-FollowerState
2021-01-20 18:03:02,015 [Thread-4962] INFO  impl.RoleInfo (RoleInfo.java:shutdownFollowerState(108)) - 564d795e-2911-4ce0-b6aa-bf548929a9a6: shutdown 564d795e-2911-4ce0-b6aa-bf548929a9a6@group-B2C9A5D36ED0-FollowerState
2021-01-20 18:03:02,015 [Thread-4962] INFO  server.RaftServer$Division (RaftServerImpl.java:setRole(283)) - 564d795e-2911-4ce0-b6aa-bf548929a9a6@group-B2C9A5D36ED0: changes role from  FOLLOWER to CANDIDATE at term 0 for changeToCandidate
2021-01-20 18:03:02,016 [grpc-default-executor-3] INFO  server.RaftServer$Division (RaftServerImpl.java:requestPreVote(1060)) - e3fc3b7a-517a-44b3-8821-d76e91ceea3d@group-B2C9A5D36ED0: receive preVote(1987e6aa-0f3f-4058-93c6-f087debdef03, group-B2C9A5D36ED0, 0, (t:0, i:0))
2021-01-20 18:03:02,016 [grpc-default-executor-3] INFO  server.RaftServer$Division (RaftServerImpl.java:requestPreVote(1081)) - e3fc3b7a-517a-44b3-8821-d76e91ceea3d@group-B2C9A5D36ED0 role:CANDIDATE allow pre-vote from:1987e6aa-0f3f-4058-93c6-f087debdef03
2021-01-20 18:03:02,016 [grpc-default-executor-3] INFO  server.RaftServer$Division (RaftServerImpl.java:requestPreVote(1099)) - e3fc3b7a-517a-44b3-8821-d76e91ceea3d@group-B2C9A5D36ED0 replies to pre-vote request: 1987e6aa-0f3f-4058-93c6-f087debdef03<-e3fc3b7a-517a-44b3-8821-d76e91ceea3d#0:OK-t0. Peer's state: e3fc3b7a-517a-44b3-8821-d76e91ceea3d@group-B2C9A5D36ED0:t0, leader=null, voted=, raftlog=e3fc3b7a-517a-44b3-8821-d76e91ceea3d@group-B2C9A5D36ED0-SegmentedRaftLog:OPENED:c-1,f-1,i0, conf=-1: [1987e6aa-0f3f-4058-93c6-f087debdef03|rpc:172.17.0.2:38173|dataStream:|priority:0, 564d795e-2911-4ce0-b6aa-bf548929a9a6|rpc:172.17.0.2:43087|dataStream:|priority:1, e3fc3b7a-517a-44b3-8821-d76e91ceea3d|rpc:172.17.0.2:39927|dataStream:|priority:0], old=null
2021-01-20 18:03:02,021 [e3fc3b7a-517a-44b3-8821-d76e91ceea3d@group-B2C9A5D36ED0-LeaderElection93] INFO  impl.LeaderElection (LeaderElection.java:askForPreVotes(261)) - e3fc3b7a-517a-44b3-8821-d76e91ceea3d@group-B2C9A5D36ED0-LeaderElection93 pre-vote result is REJECTED.
2021-01-20 18:03:02,021 [e3fc3b7a-517a-44b3-8821-d76e91ceea3d@group-B2C9A5D36ED0-LeaderElection93] INFO  server.RaftServer$Division (RaftServerImpl.java:setRole(283)) - e3fc3b7a-517a-44b3-8821-d76e91ceea3d@group-B2C9A5D36ED0: changes role from CANDIDATE to FOLLOWER at term 0 for REJECTED
2021-01-20 18:03:02,021 [e3fc3b7a-517a-44b3-8821-d76e91ceea3d@group-B2C9A5D36ED0-LeaderElection93] INFO  impl.RoleInfo (RoleInfo.java:shutdownLeaderElection(121)) - e3fc3b7a-517a-44b3-8821-d76e91ceea3d: shutdown e3fc3b7a-517a-44b3-8821-d76e91ceea3d@group-B2C9A5D36ED0-LeaderElection93
2021-01-20 18:03:02,021 [e3fc3b7a-517a-44b3-8821-d76e91ceea3d@group-B2C9A5D36ED0-LeaderElection93] INFO  impl.RoleInfo (RoleInfo.java:updateAndGet(130)) - e3fc3b7a-517a-44b3-8821-d76e91ceea3d: start e3fc3b7a-517a-44b3-8821-d76e91ceea3d@group-B2C9A5D36ED0-FollowerState
2021-01-20 18:03:02,022 [Thread-4962] INFO  impl.RoleInfo (RoleInfo.java:updateAndGet(130)) - 564d795e-2911-4ce0-b6aa-bf548929a9a6: start 564d795e-2911-4ce0-b6aa-bf548929a9a6@group-B2C9A5D36ED0-LeaderElection95
2021-01-20 18:03:02,023 [564d795e-2911-4ce0-b6aa-bf548929a9a6@group-B2C9A5D36ED0-LeaderElection95] INFO  impl.LeaderElection (LeaderElection.java:askForPreVotes(259)) - 564d795e-2911-4ce0-b6aa-bf548929a9a6@group-B2C9A5D36ED0-LeaderElection95: begin a pre-vote at term 0 for -1: [1987e6aa-0f3f-4058-93c6-f087debdef03|rpc:172.17.0.2:38173|dataStream:|priority:0, 564d795e-2911-4ce0-b6aa-bf548929a9a6|rpc:172.17.0.2:43087|dataStream:|priority:1, e3fc3b7a-517a-44b3-8821-d76e91ceea3d|rpc:172.17.0.2:39927|dataStream:|priority:0], old=null
2021-01-20 18:03:02,027 [grpc-default-executor-3] INFO  server.RaftServer$Division (RaftServerImpl.java:requestPreVote(1060)) - 1987e6aa-0f3f-4058-93c6-f087debdef03@group-B2C9A5D36ED0: receive preVote(564d795e-2911-4ce0-b6aa-bf548929a9a6, group-B2C9A5D36ED0, 0, (t:0, i:0))
2021-01-20 18:03:02,027 [grpc-default-executor-3] INFO  server.RaftServer$Division (RaftServerImpl.java:requestPreVote(1081)) - 1987e6aa-0f3f-4058-93c6-f087debdef03@group-B2C9A5D36ED0 role: FOLLOWER allow pre-vote from:564d795e-2911-4ce0-b6aa-bf548929a9a6
2021-01-20 18:03:02,027 [grpc-default-executor-3] INFO  server.RaftServer$Division (RaftServerImpl.java:requestPreVote(1099)) - 1987e6aa-0f3f-4058-93c6-f087debdef03@group-B2C9A5D36ED0 replies to pre-vote request: 564d795e-2911-4ce0-b6aa-bf548929a9a6<-1987e6aa-0f3f-4058-93c6-f087debdef03#0:OK-t0. Peer's state: 1987e6aa-0f3f-4058-93c6-f087debdef03@group-B2C9A5D36ED0:t0, leader=null, voted=, raftlog=1987e6aa-0f3f-4058-93c6-f087debdef03@group-B2C9A5D36ED0-SegmentedRaftLog:OPENED:c-1,f-1,i0, conf=-1: [1987e6aa-0f3f-4058-93c6-f087debdef03|rpc:172.17.0.2:38173|priority:0, 564d795e-2911-4ce0-b6aa-bf548929a9a6|rpc:172.17.0.2:43087|priority:1, e3fc3b7a-517a-44b3-8821-d76e91ceea3d|rpc:172.17.0.2:39927|priority:0], old=null
2021-01-20 18:03:02,028 [564d795e-2911-4ce0-b6aa-bf548929a9a6@group-B2C9A5D36ED0-LeaderElection95] INFO  impl.LeaderElection (LeaderElection.java:logAndReturn(68)) - 564d795e-2911-4ce0-b6aa-bf548929a9a6@group-B2C9A5D36ED0-LeaderElection95: Pre-vote  PASSED received 1 response(s):[564d795e-2911-4ce0-b6aa-bf548929a9a6<-1987e6aa-0f3f-4058-93c6-f087debdef03#0:OK-t0]
2021-01-20 18:03:02,028 [564d795e-2911-4ce0-b6aa-bf548929a9a6@group-B2C9A5D36ED0-LeaderElection95] INFO  impl.LeaderElection (LeaderElection.java:askForPreVotes(261)) - 564d795e-2911-4ce0-b6aa-bf548929a9a6@group-B2C9A5D36ED0-LeaderElection95 pre-vote result is PASSED.
2021-01-20 18:03:02,036 [564d795e-2911-4ce0-b6aa-bf548929a9a6@group-B2C9A5D36ED0-LeaderElection95] INFO  impl.LeaderElection (LeaderElection.java:askForVotes(308)) - 564d795e-2911-4ce0-b6aa-bf548929a9a6@group-B2C9A5D36ED0-LeaderElection95: begin an election at term 1 for -1: [1987e6aa-0f3f-4058-93c6-f087debdef03|rpc:172.17.0.2:38173|dataStream:|priority:0, 564d795e-2911-4ce0-b6aa-bf548929a9a6|rpc:172.17.0.2:43087|dataStream:|priority:1, e3fc3b7a-517a-44b3-8821-d76e91ceea3d|rpc:172.17.0.2:39927|dataStream:|priority:0], old=null
2021-01-20 18:03:02,037 [grpc-default-executor-3] INFO  server.RaftServer$Division (RaftServerImpl.java:requestPreVote(1060)) - e3fc3b7a-517a-44b3-8821-d76e91ceea3d@group-B2C9A5D36ED0: receive preVote(564d795e-2911-4ce0-b6aa-bf548929a9a6, group-B2C9A5D36ED0, 0, (t:0, i:0))
2021-01-20 18:03:02,037 [grpc-default-executor-3] INFO  server.RaftServer$Division (RaftServerImpl.java:requestPreVote(1081)) - e3fc3b7a-517a-44b3-8821-d76e91ceea3d@group-B2C9A5D36ED0 role: FOLLOWER allow pre-vote from:564d795e-2911-4ce0-b6aa-bf548929a9a6
2021-01-20 18:03:02,037 [grpc-default-executor-3] INFO  server.RaftServer$Division (RaftServerImpl.java:requestPreVote(1099)) - e3fc3b7a-517a-44b3-8821-d76e91ceea3d@group-B2C9A5D36ED0 replies to pre-vote request: 564d795e-2911-4ce0-b6aa-bf548929a9a6<-e3fc3b7a-517a-44b3-8821-d76e91ceea3d#0:OK-t0. Peer's state: e3fc3b7a-517a-44b3-8821-d76e91ceea3d@group-B2C9A5D36ED0:t0, leader=null, voted=, raftlog=e3fc3b7a-517a-44b3-8821-d76e91ceea3d@group-B2C9A5D36ED0-SegmentedRaftLog:OPENED:c-1,f-1,i0, conf=-1: [1987e6aa-0f3f-4058-93c6-f087debdef03|rpc:172.17.0.2:38173|dataStream:|priority:0, 564d795e-2911-4ce0-b6aa-bf548929a9a6|rpc:172.17.0.2:43087|dataStream:|priority:1, e3fc3b7a-517a-44b3-8821-d76e91ceea3d|rpc:172.17.0.2:39927|dataStream:|priority:0], old=null
2021-01-20 18:03:02,044 [grpc-default-executor-3] INFO  server.RaftServer$Division (RaftServerImpl.java:setRole(283)) - 1987e6aa-0f3f-4058-93c6-f087debdef03@group-B2C9A5D36ED0: changes role from  FOLLOWER to FOLLOWER at term 1 for recognizeCandidate:564d795e-2911-4ce0-b6aa-bf548929a9a6
2021-01-20 18:03:02,045 [grpc-default-executor-3] INFO  impl.RoleInfo (RoleInfo.java:shutdownFollowerState(108)) - 1987e6aa-0f3f-4058-93c6-f087debdef03: shutdown 1987e6aa-0f3f-4058-93c6-f087debdef03@group-B2C9A5D36ED0-FollowerState
2021-01-20 18:03:02,045 [grpc-default-executor-3] INFO  impl.RoleInfo (RoleInfo.java:updateAndGet(130)) - 1987e6aa-0f3f-4058-93c6-f087debdef03: start 1987e6aa-0f3f-4058-93c6-f087debdef03@group-B2C9A5D36ED0-FollowerState
2021-01-20 18:03:02,045 [Thread-5017] INFO  impl.FollowerState (FollowerState.java:run(142)) - 1987e6aa-0f3f-4058-93c6-f087debdef03@group-B2C9A5D36ED0-FollowerState was interrupted: {}
java.lang.InterruptedException: sleep interrupted
	at java.lang.Thread.sleep(Native Method)
	at java.lang.Thread.sleep(Thread.java:340)
	at java.util.concurrent.TimeUnit.sleep(TimeUnit.java:386)
	at org.apache.ratis.util.TimeDuration.sleep(TimeDuration.java:324)
	at org.apache.ratis.util.TimeDuration.sleep(TimeDuration.java:309)
	at org.apache.ratis.server.impl.FollowerState.run(FollowerState.java:117)
2021-01-20 18:03:02,045 [grpc-default-executor-3] INFO  server.RaftServer$Division (RaftServerImpl.java:requestVote(1137)) -  FOLLOWER 1987e6aa-0f3f-4058-93c6-f087debdef03@group-B2C9A5D36ED0:t1, leader=null, voted=null, raftlog=1987e6aa-0f3f-4058-93c6-f087debdef03@group-B2C9A5D36ED0-SegmentedRaftLog:OPENED:c-1,f-1,i0, conf=-1: [1987e6aa-0f3f-4058-93c6-f087debdef03|rpc:172.17.0.2:38173|priority:0, 564d795e-2911-4ce0-b6aa-bf548929a9a6|rpc:172.17.0.2:43087|priority:1, e3fc3b7a-517a-44b3-8821-d76e91ceea3d|rpc:172.17.0.2:39927|priority:0], old=null RUNNING priority:0 candidate:564d795e-2911-4ce0-b6aa-bf548929a9a6|rpc:172.17.0.2:43087|priority:1 candidatePriority:1 compare:0
2021-01-20 18:03:02,045 [grpc-default-executor-6] INFO  server.RaftServer$Division (RaftServerImpl.java:setRole(283)) - e3fc3b7a-517a-44b3-8821-d76e91ceea3d@group-B2C9A5D36ED0: changes role from  FOLLOWER to FOLLOWER at term 1 for recognizeCandidate:564d795e-2911-4ce0-b6aa-bf548929a9a6
2021-01-20 18:03:02,045 [grpc-default-executor-6] INFO  impl.RoleInfo (RoleInfo.java:shutdownFollowerState(108)) - e3fc3b7a-517a-44b3-8821-d76e91ceea3d: shutdown e3fc3b7a-517a-44b3-8821-d76e91ceea3d@group-B2C9A5D36ED0-FollowerState
2021-01-20 18:03:02,046 [grpc-default-executor-6] INFO  impl.RoleInfo (RoleInfo.java:updateAndGet(130)) - e3fc3b7a-517a-44b3-8821-d76e91ceea3d: start e3fc3b7a-517a-44b3-8821-d76e91ceea3d@group-B2C9A5D36ED0-FollowerState
2021-01-20 18:03:02,046 [Thread-5019] INFO  impl.FollowerState (FollowerState.java:run(142)) - e3fc3b7a-517a-44b3-8821-d76e91ceea3d@group-B2C9A5D36ED0-FollowerState was interrupted: {}
java.lang.InterruptedException: sleep interrupted
	at java.lang.Thread.sleep(Native Method)
	at java.lang.Thread.sleep(Thread.java:340)
	at java.util.concurrent.TimeUnit.sleep(TimeUnit.java:386)
	at org.apache.ratis.util.TimeDuration.sleep(TimeDuration.java:324)
	at org.apache.ratis.util.TimeDuration.sleep(TimeDuration.java:309)
	at org.apache.ratis.server.impl.FollowerState.run(FollowerState.java:117)
2021-01-20 18:03:02,046 [grpc-default-executor-6] INFO  server.RaftServer$Division (RaftServerImpl.java:requestVote(1137)) -  FOLLOWER e3fc3b7a-517a-44b3-8821-d76e91ceea3d@group-B2C9A5D36ED0:t1, leader=null, voted=null, raftlog=e3fc3b7a-517a-44b3-8821-d76e91ceea3d@group-B2C9A5D36ED0-SegmentedRaftLog:OPENED:c-1,f-1,i0, conf=-1: [1987e6aa-0f3f-4058-93c6-f087debdef03|rpc:172.17.0.2:38173|dataStream:|priority:0, 564d795e-2911-4ce0-b6aa-bf548929a9a6|rpc:172.17.0.2:43087|dataStream:|priority:1, e3fc3b7a-517a-44b3-8821-d76e91ceea3d|rpc:172.17.0.2:39927|dataStream:|priority:0], old=null RUNNING priority:0 candidate:564d795e-2911-4ce0-b6aa-bf548929a9a6|rpc:172.17.0.2:43087|dataStream:|priority:1 candidatePriority:1 compare:0
2021-01-20 18:03:02,048 [564d795e-2911-4ce0-b6aa-bf548929a9a6@group-B2C9A5D36ED0-LeaderElection95] INFO  impl.LeaderElection (LeaderElection.java:logAndReturn(68)) - 564d795e-2911-4ce0-b6aa-bf548929a9a6@group-B2C9A5D36ED0-LeaderElection95: Election  PASSED received 1 response(s):[564d795e-2911-4ce0-b6aa-bf548929a9a6<-e3fc3b7a-517a-44b3-8821-d76e91ceea3d#0:OK-t1]
2021-01-20 18:03:02,048 [564d795e-2911-4ce0-b6aa-bf548929a9a6@group-B2C9A5D36ED0-LeaderElection95] INFO  impl.RoleInfo (RoleInfo.java:shutdownLeaderElection(121)) - 564d795e-2911-4ce0-b6aa-bf548929a9a6: shutdown 564d795e-2911-4ce0-b6aa-bf548929a9a6@group-B2C9A5D36ED0-LeaderElection95
2021-01-20 18:03:02,048 [564d795e-2911-4ce0-b6aa-bf548929a9a6@group-B2C9A5D36ED0-LeaderElection95] INFO  server.RaftServer$Division (RaftServerImpl.java:setRole(283)) - 564d795e-2911-4ce0-b6aa-bf548929a9a6@group-B2C9A5D36ED0: changes role from CANDIDATE to LEADER at term 1 for changeToLeader
2021-01-20 18:03:02,048 [564d795e-2911-4ce0-b6aa-bf548929a9a6@group-B2C9A5D36ED0-LeaderElection95] INFO  ratis.XceiverServerRatis (XceiverServerRatis.java:handleLeaderChangedNotification(868)) - Leader change notification received for group: group-B2C9A5D36ED0 with new leaderId: 564d795e-2911-4ce0-b6aa-bf548929a9a6
2021-01-20 18:03:02,048 [564d795e-2911-4ce0-b6aa-bf548929a9a6@group-B2C9A5D36ED0-LeaderElection95] INFO  server.RaftServer$Division (ServerState.java:setLeader(249)) - 564d795e-2911-4ce0-b6aa-bf548929a9a6@group-B2C9A5D36ED0: change Leader from null to 564d795e-2911-4ce0-b6aa-bf548929a9a6 at term 1 for becomeLeader, leader elected after 5145ms
2021-01-20 18:03:02,048 [564d795e-2911-4ce0-b6aa-bf548929a9a6@group-B2C9A5D36ED0-LeaderElection95] INFO  server.RaftServerConfigKeys (ConfUtils.java:logGet(44)) - raft.server.staging.catchup.gap = 1000 (default)
2021-01-20 18:03:02,048 [564d795e-2911-4ce0-b6aa-bf548929a9a6@group-B2C9A5D36ED0-LeaderElection95] INFO  metrics.RatisMetrics (RatisMetrics.java:lambda$create$0(36)) - Creating Metrics Registry : ratis.log_appender.564d795e-2911-4ce0-b6aa-bf548929a9a6@group-B2C9A5D36ED0
2021-01-20 18:03:02,049 [564d795e-2911-4ce0-b6aa-bf548929a9a6@group-B2C9A5D36ED0-LeaderElection95] INFO  server.RaftServerConfigKeys (ConfUtils.java:logGet(44)) - raft.server.write.element-limit = 1024 (custom)
2021-01-20 18:03:02,049 [564d795e-2911-4ce0-b6aa-bf548929a9a6@group-B2C9A5D36ED0-LeaderElection95] INFO  server.RaftServerConfigKeys (ConfUtils.java:logGet(44)) - raft.server.write.byte-limit = 1073741824 (custom)
2021-01-20 18:03:02,050 [564d795e-2911-4ce0-b6aa-bf548929a9a6@group-B2C9A5D36ED0-LeaderElection95] INFO  server.RaftServerConfigKeys (ConfUtils.java:logGet(44)) - raft.server.watch.timeout = 180s (custom)
2021-01-20 18:03:02,050 [564d795e-2911-4ce0-b6aa-bf548929a9a6@group-B2C9A5D36ED0-LeaderElection95] INFO  server.RaftServerConfigKeys (ConfUtils.java:logGet(44)) - raft.server.watch.timeout.denomination = 1s (default)
2021-01-20 18:03:02,050 [564d795e-2911-4ce0-b6aa-bf548929a9a6@group-B2C9A5D36ED0-LeaderElection95] INFO  server.RaftServerConfigKeys (ConfUtils.java:logGet(44)) - raft.server.watch.element-limit = 65536 (default)
2021-01-20 18:03:02,050 [564d795e-2911-4ce0-b6aa-bf548929a9a6@group-B2C9A5D36ED0-LeaderElection95] INFO  server.RaftServerConfigKeys (ConfUtils.java:logGet(44)) - raft.server.log.appender.snapshot.chunk.size.max = 16MB (=16777216) (default)
2021-01-20 18:03:02,050 [564d795e-2911-4ce0-b6aa-bf548929a9a6@group-B2C9A5D36ED0-LeaderElection95] INFO  server.RaftServerConfigKeys (ConfUtils.java:logGet(44)) - raft.server.log.appender.buffer.byte-limit = 33554432 (custom)
2021-01-20 18:03:02,050 [564d795e-2911-4ce0-b6aa-bf548929a9a6@group-B2C9A5D36ED0-LeaderElection95] INFO  server.RaftServerConfigKeys (ConfUtils.java:logGet(44)) - raft.server.log.appender.buffer.element-limit = 1 (custom)
2021-01-20 18:03:02,050 [564d795e-2911-4ce0-b6aa-bf548929a9a6@group-B2C9A5D36ED0-LeaderElection95] INFO  grpc.GrpcConfigKeys (ConfUtils.java:logGet(44)) - raft.grpc.server.leader.outstanding.appends.max = 128 (default)
2021-01-20 18:03:02,050 [564d795e-2911-4ce0-b6aa-bf548929a9a6@group-B2C9A5D36ED0-LeaderElection95] INFO  server.RaftServerConfigKeys (ConfUtils.java:logGet(44)) - raft.server.rpc.request.timeout = 60s (custom)
2021-01-20 18:03:02,050 [564d795e-2911-4ce0-b6aa-bf548929a9a6@group-B2C9A5D36ED0-LeaderElection95] INFO  server.RaftServerConfigKeys (ConfUtils.java:logGet(44)) - raft.server.log.appender.install.snapshot.enabled = false (custom)
2021-01-20 18:03:02,050 [564d795e-2911-4ce0-b6aa-bf548929a9a6@group-B2C9A5D36ED0-LeaderElection95] INFO  metrics.RatisMetrics (RatisMetrics.java:lambda$create$0(36)) - Creating Metrics Registry : ratis_grpc.log_appender.564d795e-2911-4ce0-b6aa-bf548929a9a6@group-B2C9A5D36ED0
2021-01-20 18:03:02,052 [EventQueue-PipelineReportForPipelineReportHandler] INFO  pipeline.PipelineStateManager (PipelineStateManager.java:openPipeline(132)) - Pipeline Pipeline[ Id: 18b71221-0a2e-4427-a6c5-b2c9a5d36ed0, Nodes: e3fc3b7a-517a-44b3-8821-d76e91ceea3d{ip: 172.17.0.2, host: 86d28932dd69, networkLocation: /default-rack, certSerialId: null, persistedOpState: IN_SERVICE, persistedOpStateExpiryEpochSec: 0}564d795e-2911-4ce0-b6aa-bf548929a9a6{ip: 172.17.0.2, host: 86d28932dd69, networkLocation: /default-rack, certSerialId: null, persistedOpState: IN_SERVICE, persistedOpStateExpiryEpochSec: 0}1987e6aa-0f3f-4058-93c6-f087debdef03{ip: 172.17.0.2, host: 86d28932dd69, networkLocation: /default-rack, certSerialId: null, persistedOpState: IN_SERVICE, persistedOpStateExpiryEpochSec: 0}, Type:RATIS, Factor:THREE, State:ALLOCATED, leaderId:564d795e-2911-4ce0-b6aa-bf548929a9a6, CreationTimestamp2021-01-20T18:02:54.088Z] moved to OPEN state
2021-01-20 18:03:02,054 [564d795e-2911-4ce0-b6aa-bf548929a9a6@group-B2C9A5D36ED0-LeaderElection95] INFO  server.RaftServerConfigKeys (ConfUtils.java:logGet(44)) - raft.server.log.appender.snapshot.chunk.size.max = 16MB (=16777216) (default)
2021-01-20 18:03:02,054 [564d795e-2911-4ce0-b6aa-bf548929a9a6@group-B2C9A5D36ED0-LeaderElection95] INFO  server.RaftServerConfigKeys (ConfUtils.java:logGet(44)) - raft.server.log.appender.buffer.byte-limit = 33554432 (custom)
2021-01-20 18:03:02,054 [564d795e-2911-4ce0-b6aa-bf548929a9a6@group-B2C9A5D36ED0-LeaderElection95] INFO  server.RaftServerConfigKeys (ConfUtils.java:logGet(44)) - raft.server.log.appender.buffer.element-limit = 1 (custom)
2021-01-20 18:03:02,054 [564d795e-2911-4ce0-b6aa-bf548929a9a6@group-B2C9A5D36ED0-LeaderElection95] INFO  grpc.GrpcConfigKeys (ConfUtils.java:logGet(44)) - raft.grpc.server.leader.outstanding.appends.max = 128 (default)
2021-01-20 18:03:02,054 [564d795e-2911-4ce0-b6aa-bf548929a9a6@group-B2C9A5D36ED0-LeaderElection95] INFO  server.RaftServerConfigKeys (ConfUtils.java:logGet(44)) - raft.server.rpc.request.timeout = 60s (custom)
2021-01-20 18:03:02,054 [564d795e-2911-4ce0-b6aa-bf548929a9a6@group-B2C9A5D36ED0-LeaderElection95] INFO  server.RaftServerConfigKeys (ConfUtils.java:logGet(44)) - raft.server.log.appender.install.snapshot.enabled = false (custom)
2021-01-20 18:03:02,057 [564d795e-2911-4ce0-b6aa-bf548929a9a6@group-B2C9A5D36ED0-LeaderElection95] INFO  impl.RoleInfo (RoleInfo.java:updateAndGet(130)) - 564d795e-2911-4ce0-b6aa-bf548929a9a6: start 564d795e-2911-4ce0-b6aa-bf548929a9a6@group-B2C9A5D36ED0-LeaderStateImpl
2021-01-20 18:03:02,057 [564d795e-2911-4ce0-b6aa-bf548929a9a6@group-B2C9A5D36ED0-LeaderElection95] INFO  segmented.SegmentedRaftLogWorker (SegmentedRaftLogWorker.java:startLogSegment(392)) - 564d795e-2911-4ce0-b6aa-bf548929a9a6@group-B2C9A5D36ED0-SegmentedRaftLogWorker: Starting segment from index:0
2021-01-20 18:03:02,063 [564d795e-2911-4ce0-b6aa-bf548929a9a6@group-B2C9A5D36ED0-LeaderElection95] INFO  server.RaftServer$Division (ServerState.java:setRaftConf(368)) - 564d795e-2911-4ce0-b6aa-bf548929a9a6@group-B2C9A5D36ED0: set configuration 0: [1987e6aa-0f3f-4058-93c6-f087debdef03|rpc:172.17.0.2:38173|dataStream:|priority:0, 564d795e-2911-4ce0-b6aa-bf548929a9a6|rpc:172.17.0.2:43087|dataStream:|priority:1, e3fc3b7a-517a-44b3-8821-d76e91ceea3d|rpc:172.17.0.2:39927|dataStream:|priority:0], old=null
2021-01-20 18:03:02,065 [564d795e-2911-4ce0-b6aa-bf548929a9a6@group-B2C9A5D36ED0-SegmentedRaftLogWorker] INFO  segmented.SegmentedRaftLogWorker (SegmentedRaftLogWorker.java:execute(599)) - 564d795e-2911-4ce0-b6aa-bf548929a9a6@group-B2C9A5D36ED0-SegmentedRaftLogWorker: created new log segment /github/workspace/mnt/ozone/hadoop-ozone/integration-test/target/test-dir/MiniOzoneClusterImpl-618ecdb8-9cea-428a-88e6-93619fe638f4/datanode-2/data/ratis/18b71221-0a2e-4427-a6c5-b2c9a5d36ed0/current/log_inprogress_0
2021-01-20 18:03:02,077 [grpc-default-executor-6] INFO  ratis.XceiverServerRatis (XceiverServerRatis.java:handleLeaderChangedNotification(868)) - Leader change notification received for group: group-B2C9A5D36ED0 with new leaderId: 564d795e-2911-4ce0-b6aa-bf548929a9a6
2021-01-20 18:03:02,077 [grpc-default-executor-6] INFO  server.RaftServer$Division (ServerState.java:setLeader(249)) - e3fc3b7a-517a-44b3-8821-d76e91ceea3d@group-B2C9A5D36ED0: change Leader from null to 564d795e-2911-4ce0-b6aa-bf548929a9a6 at term 1 for appendEntries, leader elected after 5209ms
2021-01-20 18:03:02,080 [grpc-default-executor-3] INFO  ratis.XceiverServerRatis (XceiverServerRatis.java:handleLeaderChangedNotification(868)) - Leader change notification received for group: group-B2C9A5D36ED0 with new leaderId: 564d795e-2911-4ce0-b6aa-bf548929a9a6
2021-01-20 18:03:02,080 [grpc-default-executor-3] INFO  server.RaftServer$Division (ServerState.java:setLeader(249)) - 1987e6aa-0f3f-4058-93c6-f087debdef03@group-B2C9A5D36ED0: change Leader from null to 564d795e-2911-4ce0-b6aa-bf548929a9a6 at term 1 for appendEntries, leader elected after 5242ms
2021-01-20 18:03:02,084 [Thread-4960] INFO  impl.FollowerState (FollowerState.java:run(133)) - e3fc3b7a-517a-44b3-8821-d76e91ceea3d@group-C7A8C13A6F50-FollowerState: change to CANDIDATE, lastRpcElapsedTime:5164932127ns, electionTimeout:5155ms
2021-01-20 18:03:02,085 [Thread-4960] INFO  impl.RoleInfo (RoleInfo.java:shutdownFollowerState(108)) - e3fc3b7a-517a-44b3-8821-d76e91ceea3d: shutdown e3fc3b7a-517a-44b3-8821-d76e91ceea3d@group-C7A8C13A6F50-FollowerState
2021-01-20 18:03:02,085 [Thread-4960] INFO  server.RaftServer$Division (RaftServerImpl.java:setRole(283)) - e3fc3b7a-517a-44b3-8821-d76e91ceea3d@group-C7A8C13A6F50: changes role from  FOLLOWER to CANDIDATE at term 0 for changeToCandidate
2021-01-20 18:03:02,085 [Listener at 127.0.0.1/12848] INFO  ozone.MiniOzoneClusterImpl (MiniOzoneClusterImpl.java:lambda$waitForClusterToBeReady$0(179)) - Nodes are ready. Got 3 of 3 DN Heartbeats.
2021-01-20 18:03:02,085 [Listener at 127.0.0.1/12848] INFO  ozone.MiniOzoneClusterImpl (MiniOzoneClusterImpl.java:lambda$waitForClusterToBeReady$0(182)) - Cluster exits safe mode
2021-01-20 18:03:02,092 [grpc-default-executor-6] INFO  server.RaftServer$Division (ServerState.java:setRaftConf(368)) - e3fc3b7a-517a-44b3-8821-d76e91ceea3d@group-B2C9A5D36ED0: set configuration 0: [1987e6aa-0f3f-4058-93c6-f087debdef03|rpc:172.17.0.2:38173|dataStream:|priority:0, 564d795e-2911-4ce0-b6aa-bf548929a9a6|rpc:172.17.0.2:43087|dataStream:|priority:1, e3fc3b7a-517a-44b3-8821-d76e91ceea3d|rpc:172.17.0.2:39927|dataStream:|priority:0], old=null
2021-01-20 18:03:02,093 [grpc-default-executor-3] INFO  server.RaftServer$Division (ServerState.java:setRaftConf(368)) - 1987e6aa-0f3f-4058-93c6-f087debdef03@group-B2C9A5D36ED0: set configuration 0: [1987e6aa-0f3f-4058-93c6-f087debdef03|rpc:172.17.0.2:38173|dataStream:|priority:0, 564d795e-2911-4ce0-b6aa-bf548929a9a6|rpc:172.17.0.2:43087|dataStream:|priority:1, e3fc3b7a-517a-44b3-8821-d76e91ceea3d|rpc:172.17.0.2:39927|dataStream:|priority:0], old=null
2021-01-20 18:03:02,093 [Thread-4960] INFO  impl.RoleInfo (RoleInfo.java:updateAndGet(130)) - e3fc3b7a-517a-44b3-8821-d76e91ceea3d: start e3fc3b7a-517a-44b3-8821-d76e91ceea3d@group-C7A8C13A6F50-LeaderElection96
2021-01-20 18:03:02,102 [grpc-default-executor-6] INFO  segmented.SegmentedRaftLogWorker (SegmentedRaftLogWorker.java:startLogSegment(392)) - e3fc3b7a-517a-44b3-8821-d76e91ceea3d@group-B2C9A5D36ED0-SegmentedRaftLogWorker: Starting segment from index:0
2021-01-20 18:03:02,104 [grpc-default-executor-3] INFO  segmented.SegmentedRaftLogWorker (SegmentedRaftLogWorker.java:startLogSegment(392)) - 1987e6aa-0f3f-4058-93c6-f087debdef03@group-B2C9A5D36ED0-SegmentedRaftLogWorker: Starting segment from index:0
2021-01-20 18:03:02,106 [e3fc3b7a-517a-44b3-8821-d76e91ceea3d@group-B2C9A5D36ED0-SegmentedRaftLogWorker] INFO  segmented.SegmentedRaftLogWorker (SegmentedRaftLogWorker.java:execute(599)) - e3fc3b7a-517a-44b3-8821-d76e91ceea3d@group-B2C9A5D36ED0-SegmentedRaftLogWorker: created new log segment /github/workspace/mnt/ozone/hadoop-ozone/integration-test/target/test-dir/MiniOzoneClusterImpl-618ecdb8-9cea-428a-88e6-93619fe638f4/datanode-1/data/ratis/18b71221-0a2e-4427-a6c5-b2c9a5d36ed0/current/log_inprogress_0
2021-01-20 18:03:02,115 [e3fc3b7a-517a-44b3-8821-d76e91ceea3d@group-C7A8C13A6F50-LeaderElection96] INFO  impl.LeaderElection (LeaderElection.java:askForPreVotes(259)) - e3fc3b7a-517a-44b3-8821-d76e91ceea3d@group-C7A8C13A6F50-LeaderElection96: begin a pre-vote at term 0 for -1: [e3fc3b7a-517a-44b3-8821-d76e91ceea3d|rpc:172.17.0.2:39927|priority:1], old=null
2021-01-20 18:03:02,115 [e3fc3b7a-517a-44b3-8821-d76e91ceea3d@group-C7A8C13A6F50-LeaderElection96] INFO  impl.LeaderElection (LeaderElection.java:askForPreVotes(261)) - e3fc3b7a-517a-44b3-8821-d76e91ceea3d@group-C7A8C13A6F50-LeaderElection96 pre-vote result is PASSED.
2021-01-20 18:03:02,115 [1987e6aa-0f3f-4058-93c6-f087debdef03@group-B2C9A5D36ED0-SegmentedRaftLogWorker] INFO  segmented.SegmentedRaftLogWorker (SegmentedRaftLogWorker.java:execute(599)) - 1987e6aa-0f3f-4058-93c6-f087debdef03@group-B2C9A5D36ED0-SegmentedRaftLogWorker: created new log segment /github/workspace/mnt/ozone/hadoop-ozone/integration-test/target/test-dir/MiniOzoneClusterImpl-618ecdb8-9cea-428a-88e6-93619fe638f4/datanode-0/data/ratis/18b71221-0a2e-4427-a6c5-b2c9a5d36ed0/current/log_inprogress_0
2021-01-20 18:03:02,119 [e3fc3b7a-517a-44b3-8821-d76e91ceea3d@group-C7A8C13A6F50-LeaderElection96] INFO  impl.LeaderElection (LeaderElection.java:askForVotes(308)) - e3fc3b7a-517a-44b3-8821-d76e91ceea3d@group-C7A8C13A6F50-LeaderElection96: begin an election at term 1 for -1: [e3fc3b7a-517a-44b3-8821-d76e91ceea3d|rpc:172.17.0.2:39927|priority:1], old=null
2021-01-20 18:03:02,120 [e3fc3b7a-517a-44b3-8821-d76e91ceea3d@group-C7A8C13A6F50-LeaderElection96] INFO  impl.RoleInfo (RoleInfo.java:shutdownLeaderElection(121)) - e3fc3b7a-517a-44b3-8821-d76e91ceea3d: shutdown e3fc3b7a-517a-44b3-8821-d76e91ceea3d@group-C7A8C13A6F50-LeaderElection96
2021-01-20 18:03:02,120 [e3fc3b7a-517a-44b3-8821-d76e91ceea3d@group-C7A8C13A6F50-LeaderElection96] INFO  server.RaftServer$Division (RaftServerImpl.java:setRole(283)) - e3fc3b7a-517a-44b3-8821-d76e91ceea3d@group-C7A8C13A6F50: changes role from CANDIDATE to LEADER at term 1 for changeToLeader
2021-01-20 18:03:02,120 [e3fc3b7a-517a-44b3-8821-d76e91ceea3d@group-C7A8C13A6F50-LeaderElection96] INFO  ratis.XceiverServerRatis (XceiverServerRatis.java:handleLeaderChangedNotification(868)) - Leader change notification received for group: group-C7A8C13A6F50 with new leaderId: e3fc3b7a-517a-44b3-8821-d76e91ceea3d
2021-01-20 18:03:02,128 [e3fc3b7a-517a-44b3-8821-d76e91ceea3d@group-C7A8C13A6F50-LeaderElection96] INFO  server.RaftServer$Division (ServerState.java:setLeader(249)) - e3fc3b7a-517a-44b3-8821-d76e91ceea3d@group-C7A8C13A6F50: change Leader from null to e3fc3b7a-517a-44b3-8821-d76e91ceea3d at term 1 for becomeLeader, leader elected after 5224ms
2021-01-20 18:03:02,128 [e3fc3b7a-517a-44b3-8821-d76e91ceea3d@group-C7A8C13A6F50-LeaderElection96] INFO  server.RaftServerConfigKeys (ConfUtils.java:logGet(44)) - raft.server.staging.catchup.gap = 1000 (default)
2021-01-20 18:03:02,128 [e3fc3b7a-517a-44b3-8821-d76e91ceea3d@group-C7A8C13A6F50-LeaderElection96] INFO  metrics.RatisMetrics (RatisMetrics.java:lambda$create$0(36)) - Creating Metrics Registry : ratis.log_appender.e3fc3b7a-517a-44b3-8821-d76e91ceea3d@group-C7A8C13A6F50
2021-01-20 18:03:02,140 [e3fc3b7a-517a-44b3-8821-d76e91ceea3d@group-C7A8C13A6F50-LeaderElection96] INFO  server.RaftServerConfigKeys (ConfUtils.java:logGet(44)) - raft.server.write.element-limit = 1024 (custom)
2021-01-20 18:03:02,140 [e3fc3b7a-517a-44b3-8821-d76e91ceea3d@group-C7A8C13A6F50-LeaderElection96] INFO  server.RaftServerConfigKeys (ConfUtils.java:logGet(44)) - raft.server.write.byte-limit = 1073741824 (custom)
2021-01-20 18:03:02,141 [e3fc3b7a-517a-44b3-8821-d76e91ceea3d@group-C7A8C13A6F50-LeaderElection96] INFO  server.RaftServerConfigKeys (ConfUtils.java:logGet(44)) - raft.server.watch.timeout = 180s (custom)
2021-01-20 18:03:02,141 [e3fc3b7a-517a-44b3-8821-d76e91ceea3d@group-C7A8C13A6F50-LeaderElection96] INFO  server.RaftServerConfigKeys (ConfUtils.java:logGet(44)) - raft.server.watch.timeout.denomination = 1s (default)
2021-01-20 18:03:02,141 [e3fc3b7a-517a-44b3-8821-d76e91ceea3d@group-C7A8C13A6F50-LeaderElection96] INFO  server.RaftServerConfigKeys (ConfUtils.java:logGet(44)) - raft.server.watch.element-limit = 65536 (default)
2021-01-20 18:03:02,141 [e3fc3b7a-517a-44b3-8821-d76e91ceea3d@group-C7A8C13A6F50-LeaderElection96] INFO  impl.RoleInfo (RoleInfo.java:updateAndGet(130)) - e3fc3b7a-517a-44b3-8821-d76e91ceea3d: start e3fc3b7a-517a-44b3-8821-d76e91ceea3d@group-C7A8C13A6F50-LeaderStateImpl
2021-01-20 18:03:02,142 [e3fc3b7a-517a-44b3-8821-d76e91ceea3d@group-C7A8C13A6F50-LeaderElection96] INFO  segmented.SegmentedRaftLogWorker (SegmentedRaftLogWorker.java:startLogSegment(392)) - e3fc3b7a-517a-44b3-8821-d76e91ceea3d@group-C7A8C13A6F50-SegmentedRaftLogWorker: Starting segment from index:0
2021-01-20 18:03:02,145 [e3fc3b7a-517a-44b3-8821-d76e91ceea3d@group-C7A8C13A6F50-SegmentedRaftLogWorker] INFO  segmented.SegmentedRaftLogWorker (SegmentedRaftLogWorker.java:execute(599)) - e3fc3b7a-517a-44b3-8821-d76e91ceea3d@group-C7A8C13A6F50-SegmentedRaftLogWorker: created new log segment /github/workspace/mnt/ozone/hadoop-ozone/integration-test/target/test-dir/MiniOzoneClusterImpl-618ecdb8-9cea-428a-88e6-93619fe638f4/datanode-1/data/ratis/2cbdd5c1-d820-4b1e-8c42-c7a8c13a6f50/current/log_inprogress_0
2021-01-20 18:03:02,149 [e3fc3b7a-517a-44b3-8821-d76e91ceea3d@group-C7A8C13A6F50-LeaderElection96] INFO  server.RaftServer$Division (ServerState.java:setRaftConf(368)) - e3fc3b7a-517a-44b3-8821-d76e91ceea3d@group-C7A8C13A6F50: set configuration 0: [e3fc3b7a-517a-44b3-8821-d76e91ceea3d|rpc:172.17.0.2:39927|dataStream:|priority:1], old=null
2021-01-20 18:03:02,150 [Listener at 127.0.0.1/12848] INFO  rpc.RpcClient (RpcClient.java:createVolume(277)) - Creating Volume: volume26609, with user75184 as owner and space quota set to -1 bytes, counts quota set to -1
2021-01-20 18:03:02,166 [OM StateMachine ApplyTransaction Thread - 0] INFO  volume.OMVolumeCreateRequest (OMVolumeCreateRequest.java:validateAndUpdateCache(196)) - created volume:volume26609 for user:user75184
2021-01-20 18:03:02,174 [OM StateMachine ApplyTransaction Thread - 0] INFO  volume.OMVolumeCreateRequest (OMVolumeCreateRequest.java:validateAndUpdateCache(196)) - created volume:volume26609 for user:user75184
2021-01-20 18:03:02,176 [Listener at 127.0.0.1/12848] INFO  rpc.RpcClient (RpcClient.java:createBucket(439)) - Creating Bucket: volume26609/bucket06301, with Versioning false and Storage Type set to DISK and Encryption set to false 
2021-01-20 18:03:02,176 [OM StateMachine ApplyTransaction Thread - 0] INFO  volume.OMVolumeCreateRequest (OMVolumeCreateRequest.java:validateAndUpdateCache(196)) - created volume:volume26609 for user:user75184
2021-01-20 18:03:02,201 [IPC Server handler 2 on default port 46571] INFO  pipeline.PipelineStateManager (PipelineStateManager.java:addPipeline(54)) - Created pipeline Pipeline[ Id: a8c14792-1f42-455a-9a56-8c7a9fb9c9bd, Nodes: e3fc3b7a-517a-44b3-8821-d76e91ceea3d{ip: 172.17.0.2, host: 86d28932dd69, networkLocation: /default-rack, certSerialId: null, persistedOpState: IN_SERVICE, persistedOpStateExpiryEpochSec: 0}, Type:STAND_ALONE, Factor:ONE, State:OPEN, leaderId:, CreationTimestamp2021-01-20T18:03:02.201Z]
2021-01-20 18:03:02,262 [Thread-4968] INFO  impl.FollowerState (FollowerState.java:run(133)) - 564d795e-2911-4ce0-b6aa-bf548929a9a6@group-84EEA866D801-FollowerState: change to CANDIDATE, lastRpcElapsedTime:5159390014ns, electionTimeout:5159ms
2021-01-20 18:03:02,263 [Thread-4968] INFO  impl.RoleInfo (RoleInfo.java:shutdownFollowerState(108)) - 564d795e-2911-4ce0-b6aa-bf548929a9a6: shutdown 564d795e-2911-4ce0-b6aa-bf548929a9a6@group-84EEA866D801-FollowerState
2021-01-20 18:03:02,263 [Thread-4968] INFO  server.RaftServer$Division (RaftServerImpl.java:setRole(283)) - 564d795e-2911-4ce0-b6aa-bf548929a9a6@group-84EEA866D801: changes role from  FOLLOWER to CANDIDATE at term 0 for changeToCandidate
2021-01-20 18:03:02,264 [Thread-4968] INFO  impl.RoleInfo (RoleInfo.java:updateAndGet(130)) - 564d795e-2911-4ce0-b6aa-bf548929a9a6: start 564d795e-2911-4ce0-b6aa-bf548929a9a6@group-84EEA866D801-LeaderElection97
2021-01-20 18:03:02,266 [564d795e-2911-4ce0-b6aa-bf548929a9a6@group-84EEA866D801-LeaderElection97] INFO  impl.LeaderElection (LeaderElection.java:askForPreVotes(259)) - 564d795e-2911-4ce0-b6aa-bf548929a9a6@group-84EEA866D801-LeaderElection97: begin a pre-vote at term 0 for -1: [564d795e-2911-4ce0-b6aa-bf548929a9a6|rpc:172.17.0.2:43087|priority:1], old=null
2021-01-20 18:03:02,266 [564d795e-2911-4ce0-b6aa-bf548929a9a6@group-84EEA866D801-LeaderElection97] INFO  impl.LeaderElection (LeaderElection.java:askForPreVotes(261)) - 564d795e-2911-4ce0-b6aa-bf548929a9a6@group-84EEA866D801-LeaderElection97 pre-vote result is PASSED.
2021-01-20 18:03:02,269 [564d795e-2911-4ce0-b6aa-bf548929a9a6@group-84EEA866D801-LeaderElection97] INFO  impl.LeaderElection (LeaderElection.java:askForVotes(308)) - 564d795e-2911-4ce0-b6aa-bf548929a9a6@group-84EEA866D801-LeaderElection97: begin an election at term 1 for -1: [564d795e-2911-4ce0-b6aa-bf548929a9a6|rpc:172.17.0.2:43087|priority:1], old=null
2021-01-20 18:03:02,269 [564d795e-2911-4ce0-b6aa-bf548929a9a6@group-84EEA866D801-LeaderElection97] INFO  impl.RoleInfo (RoleInfo.java:shutdownLeaderElection(121)) - 564d795e-2911-4ce0-b6aa-bf548929a9a6: shutdown 564d795e-2911-4ce0-b6aa-bf548929a9a6@group-84EEA866D801-LeaderElection97
2021-01-20 18:03:02,270 [564d795e-2911-4ce0-b6aa-bf548929a9a6@group-84EEA866D801-LeaderElection97] INFO  server.RaftServer$Division (RaftServerImpl.java:setRole(283)) - 564d795e-2911-4ce0-b6aa-bf548929a9a6@group-84EEA866D801: changes role from CANDIDATE to LEADER at term 1 for changeToLeader
2021-01-20 18:03:02,270 [564d795e-2911-4ce0-b6aa-bf548929a9a6@group-84EEA866D801-LeaderElection97] INFO  ratis.XceiverServerRatis (XceiverServerRatis.java:handleLeaderChangedNotification(868)) - Leader change notification received for group: group-84EEA866D801 with new leaderId: 564d795e-2911-4ce0-b6aa-bf548929a9a6
2021-01-20 18:03:02,270 [564d795e-2911-4ce0-b6aa-bf548929a9a6@group-84EEA866D801-LeaderElection97] INFO  server.RaftServer$Division (ServerState.java:setLeader(249)) - 564d795e-2911-4ce0-b6aa-bf548929a9a6@group-84EEA866D801: change Leader from null to 564d795e-2911-4ce0-b6aa-bf548929a9a6 at term 1 for becomeLeader, leader elected after 5177ms
2021-01-20 18:03:02,270 [564d795e-2911-4ce0-b6aa-bf548929a9a6@group-84EEA866D801-LeaderElection97] INFO  server.RaftServerConfigKeys (ConfUtils.java:logGet(44)) - raft.server.staging.catchup.gap = 1000 (default)
2021-01-20 18:03:02,270 [564d795e-2911-4ce0-b6aa-bf548929a9a6@group-84EEA866D801-LeaderElection97] INFO  metrics.RatisMetrics (RatisMetrics.java:lambda$create$0(36)) - Creating Metrics Registry : ratis.log_appender.564d795e-2911-4ce0-b6aa-bf548929a9a6@group-84EEA866D801
2021-01-20 18:03:02,271 [564d795e-2911-4ce0-b6aa-bf548929a9a6@group-84EEA866D801-LeaderElection97] INFO  server.RaftServerConfigKeys (ConfUtils.java:logGet(44)) - raft.server.write.element-limit = 1024 (custom)
2021-01-20 18:03:02,271 [564d795e-2911-4ce0-b6aa-bf548929a9a6@group-84EEA866D801-LeaderElection97] INFO  server.RaftServerConfigKeys (ConfUtils.java:logGet(44)) - raft.server.write.byte-limit = 1073741824 (custom)
2021-01-20 18:03:02,272 [564d795e-2911-4ce0-b6aa-bf548929a9a6@group-84EEA866D801-LeaderElection97] INFO  server.RaftServerConfigKeys (ConfUtils.java:logGet(44)) - raft.server.watch.timeout = 180s (custom)
2021-01-20 18:03:02,272 [564d795e-2911-4ce0-b6aa-bf548929a9a6@group-84EEA866D801-LeaderElection97] INFO  server.RaftServerConfigKeys (ConfUtils.java:logGet(44)) - raft.server.watch.timeout.denomination = 1s (default)
2021-01-20 18:03:02,272 [564d795e-2911-4ce0-b6aa-bf548929a9a6@group-84EEA866D801-LeaderElection97] INFO  server.RaftServerConfigKeys (ConfUtils.java:logGet(44)) - raft.server.watch.element-limit = 65536 (default)
2021-01-20 18:03:02,272 [564d795e-2911-4ce0-b6aa-bf548929a9a6@group-84EEA866D801-LeaderElection97] INFO  impl.RoleInfo (RoleInfo.java:updateAndGet(130)) - 564d795e-2911-4ce0-b6aa-bf548929a9a6: start 564d795e-2911-4ce0-b6aa-bf548929a9a6@group-84EEA866D801-LeaderStateImpl
2021-01-20 18:03:02,272 [564d795e-2911-4ce0-b6aa-bf548929a9a6@group-84EEA866D801-LeaderElection97] INFO  segmented.SegmentedRaftLogWorker (SegmentedRaftLogWorker.java:startLogSegment(392)) - 564d795e-2911-4ce0-b6aa-bf548929a9a6@group-84EEA866D801-SegmentedRaftLogWorker: Starting segment from index:0
2021-01-20 18:03:02,281 [564d795e-2911-4ce0-b6aa-bf548929a9a6@group-84EEA866D801-LeaderElection97] INFO  server.RaftServer$Division (ServerState.java:setRaftConf(368)) - 564d795e-2911-4ce0-b6aa-bf548929a9a6@group-84EEA866D801: set configuration 0: [564d795e-2911-4ce0-b6aa-bf548929a9a6|rpc:172.17.0.2:43087|dataStream:|priority:1], old=null
2021-01-20 18:03:02,284 [564d795e-2911-4ce0-b6aa-bf548929a9a6@group-84EEA866D801-SegmentedRaftLogWorker] INFO  segmented.SegmentedRaftLogWorker (SegmentedRaftLogWorker.java:execute(599)) - 564d795e-2911-4ce0-b6aa-bf548929a9a6@group-84EEA866D801-SegmentedRaftLogWorker: created new log segment /github/workspace/mnt/ozone/hadoop-ozone/integration-test/target/test-dir/MiniOzoneClusterImpl-618ecdb8-9cea-428a-88e6-93619fe638f4/datanode-2/data/ratis/2bffd32f-b482-4e51-a17e-84eea866d801/current/log_inprogress_0
2021-01-20 18:03:02,513 [Listener at 127.0.0.1/12848] INFO  ipc.Server (Server.java:stop(3359)) - Stopping server on 12842
2021-01-20 18:03:02,520 [IPC Server Responder] INFO  ipc.Server (Server.java:run(1465)) - Stopping IPC Server Responder
2021-01-20 18:03:02,521 [IPC Server listener on 12842] INFO  ipc.Server (Server.java:run(1330)) - Stopping IPC Server listener on 12842
2021-01-20 18:03:02,521 [Listener at 127.0.0.1/12848] INFO  server.RaftServer (RaftServerProxy.java:lambda$close$6(389)) - omNode-2: close
2021-01-20 18:03:02,521 [Listener at 127.0.0.1/12848] INFO  server.RaftServer$Division (RaftServerImpl.java:lambda$close$4(405)) - omNode-2@group-523986131536: shutdown
2021-01-20 18:03:02,521 [Listener at 127.0.0.1/12848] INFO  util.JmxRegister (JmxRegister.java:unregister(73)) - Successfully un-registered JMX Bean with object name Ratis:service=RaftServer,group=group-523986131536,id=omNode-2
2021-01-20 18:03:02,521 [Listener at 127.0.0.1/12848] INFO  impl.RoleInfo (RoleInfo.java:shutdownFollowerState(108)) - omNode-2: shutdown omNode-2@group-523986131536-FollowerState
2021-01-20 18:03:02,521 [Listener at 127.0.0.1/12848] INFO  impl.StateMachineUpdater (StateMachineUpdater.java:stopAndJoin(148)) - omNode-2@group-523986131536-StateMachineUpdater: set stopIndex = 43
2021-01-20 18:03:02,521 [Thread-4894] INFO  impl.FollowerState (FollowerState.java:run(142)) - omNode-2@group-523986131536-FollowerState was interrupted: {}
java.lang.InterruptedException: sleep interrupted
	at java.lang.Thread.sleep(Native Method)
	at java.lang.Thread.sleep(Thread.java:340)
	at java.util.concurrent.TimeUnit.sleep(TimeUnit.java:386)
	at org.apache.ratis.util.TimeDuration.sleep(TimeDuration.java:324)
	at org.apache.ratis.util.TimeDuration.sleep(TimeDuration.java:309)
	at org.apache.ratis.server.impl.FollowerState.run(FollowerState.java:117)
2021-01-20 18:03:02,523 [omNode-2@group-523986131536-StateMachineUpdater] INFO  ratis.OzoneManagerStateMachine (OzoneManagerStateMachine.java:takeSnapshot(345)) - Current Snapshot Index (t:1, i:43)
2021-01-20 18:03:02,523 [omNode-2@group-523986131536-StateMachineUpdater] INFO  impl.StateMachineUpdater (StateMachineUpdater.java:takeSnapshot(279)) - omNode-2@group-523986131536-StateMachineUpdater: Took a snapshot at index 43
2021-01-20 18:03:02,523 [omNode-2@group-523986131536-StateMachineUpdater] INFO  impl.StateMachineUpdater (StateMachineUpdater.java:lambda$new$0(88)) - omNode-2@group-523986131536-StateMachineUpdater: snapshotIndex: updateIncreasingly -1 -> 43
2021-01-20 18:03:02,523 [omNode-2@group-523986131536-StateMachineUpdater] INFO  metrics.RatisMetrics (RatisMetrics.java:unregister(43)) - Unregistering Metrics Registry : ratis.state_machine.omNode-2@group-523986131536
2021-01-20 18:03:02,523 [Listener at 127.0.0.1/12848] INFO  server.RaftServer$Division (ServerState.java:close(400)) - omNode-2@group-523986131536: closes. applyIndex: 43
2021-01-20 18:03:02,524 [omNode-2@group-523986131536-SegmentedRaftLogWorker] INFO  segmented.SegmentedRaftLogWorker (SegmentedRaftLogWorker.java:run(326)) - omNode-2@group-523986131536-SegmentedRaftLogWorker was interrupted, exiting. There are 0 tasks remaining in the queue.
2021-01-20 18:03:02,524 [Listener at 127.0.0.1/12848] INFO  segmented.SegmentedRaftLogWorker (SegmentedRaftLogWorker.java:close(236)) - omNode-2@group-523986131536-SegmentedRaftLogWorker close()
2021-01-20 18:03:02,525 [Listener at 127.0.0.1/12848] INFO  metrics.RatisMetrics (RatisMetrics.java:unregister(43)) - Unregistering Metrics Registry : ratis.log_worker.omNode-2@group-523986131536
2021-01-20 18:03:02,526 [Listener at 127.0.0.1/12848] INFO  metrics.RatisMetrics (RatisMetrics.java:unregister(43)) - Unregistering Metrics Registry : ratis.leader_election.omNode-2@group-523986131536
2021-01-20 18:03:02,526 [Listener at 127.0.0.1/12848] INFO  metrics.RatisMetrics (RatisMetrics.java:unregister(43)) - Unregistering Metrics Registry : ratis.server.omNode-2@group-523986131536
2021-01-20 18:03:02,526 [Listener at 127.0.0.1/12848] INFO  server.GrpcService (GrpcService.java:closeImpl(183)) - omNode-2: shutdown server with port 12846 now
2021-01-20 18:03:02,527 [grpc-default-executor-8] WARN  server.GrpcServerProtocolService (LogUtils.java:warn(122)) - omNode-2: installSnapshot onError, lastRequest: omNode-1->omNode-2#204-t1,previous=(t:1, i:43),leaderCommit=43,initializing? true,entries: size=1, first=(t:1, i:44), METADATAENTRY(c:43): org.apache.ratis.thirdparty.io.grpc.StatusRuntimeException: CANCELLED: cancelled before receiving half close
2021-01-20 18:03:02,527 [Listener at 127.0.0.1/12848] INFO  server.GrpcService (GrpcService.java:closeImpl(192)) - omNode-2: shutdown server with port 12846 successfully
2021-01-20 18:03:02,527 [grpc-default-executor-6] WARN  server.GrpcLogAppender (LogUtils.java:warn(122)) - omNode-1@group-523986131536->omNode-2-AppendLogResponseHandler: Failed appendEntries: org.apache.ratis.thirdparty.io.grpc.StatusRuntimeException: CANCELLED: HTTP/2 error code: CANCEL
Received Rst Stream
2021-01-20 18:03:02,527 [org.apache.ratis.util.JvmPauseMonitor$$Lambda$305/2072734511@11476251] INFO  util.JvmPauseMonitor (JvmPauseMonitor.java:run(109)) - JvmPauseMonitor-omNode-2: Stopped
2021-01-20 18:03:02,528 [Listener at 127.0.0.1/12848] INFO  ratis.OzoneManagerDoubleBuffer (OzoneManagerDoubleBuffer.java:stop(425)) - Stopping OMDoubleBuffer flush thread
2021-01-20 18:03:02,528 [grpc-default-executor-6] INFO  leader.FollowerInfo (FollowerInfoImpl.java:lambda$new$0(46)) - omNode-1@group-523986131536->omNode-2: nextIndex: updateUnconditionally 45 -> 44
2021-01-20 18:03:02,528 [OMDoubleBufferFlushThread] INFO  ratis.OzoneManagerDoubleBuffer (OzoneManagerDoubleBuffer.java:flushTransactions(352)) - OMDoubleBuffer flush thread OMDoubleBufferFlushThread is interrupted and will exit. OMDoubleBufferFlushThread
2021-01-20 18:03:02,528 [Listener at 127.0.0.1/12848] INFO  ratis.OzoneManagerStateMachine (HadoopExecutors.java:shutdown(118)) - Gracefully shutting down executor service. Waiting max 5 SECONDS
2021-01-20 18:03:02,528 [Listener at 127.0.0.1/12848] INFO  ratis.OzoneManagerStateMachine (HadoopExecutors.java:shutdown(129)) - Succesfully shutdown executor service
2021-01-20 18:03:02,528 [Listener at 127.0.0.1/12848] INFO  ratis.OzoneManagerStateMachine (HadoopExecutors.java:shutdown(118)) - Gracefully shutting down executor service. Waiting max 5 SECONDS
2021-01-20 18:03:02,528 [Listener at 127.0.0.1/12848] INFO  ratis.OzoneManagerStateMachine (HadoopExecutors.java:shutdown(129)) - Succesfully shutdown executor service
2021-01-20 18:03:02,528 [Listener at 127.0.0.1/12848] INFO  utils.BackgroundService (BackgroundService.java:shutdown(132)) - Shutting down service KeyDeletingService
2021-01-20 18:03:02,529 [Listener at 127.0.0.1/12848] INFO  handler.ContextHandler (ContextHandler.java:doStop(1154)) - Stopped o.e.j.w.WebAppContext@71d5b4c3{ozoneManager,/,null,STOPPED}{file:/github/workspace/mnt/ozone/hadoop-ozone/integration-test/target/test-classes/webapps/ozoneManager}
2021-01-20 18:03:02,529 [Listener at 127.0.0.1/12848] INFO  server.AbstractConnector (AbstractConnector.java:doStop(381)) - Stopped ServerConnector@3c4f5a71{HTTP/1.1, (http/1.1)}{0.0.0.0:12844}
2021-01-20 18:03:02,529 [Listener at 127.0.0.1/12848] INFO  server.session (HouseKeeper.java:stopScavenging(149)) - node0 Stopped scavenging
2021-01-20 18:03:02,529 [Listener at 127.0.0.1/12848] INFO  handler.ContextHandler (ContextHandler.java:doStop(1154)) - Stopped o.e.j.s.ServletContextHandler@67e0b129{static,/static,file:///github/workspace/mnt/ozone/hadoop-ozone/integration-test/target/test-classes/webapps/static,STOPPED}
2021-01-20 18:03:02,529 [Listener at 127.0.0.1/12848] INFO  handler.ContextHandler (ContextHandler.java:doStop(1154)) - Stopped o.e.j.s.ServletContextHandler@305636eb{logs,/logs,file:///github/workspace/mnt/ozone/hadoop-ozone/integration-test/target/log,STOPPED}
2021-01-20 18:03:02,535 [grpc-default-executor-7] WARN  server.GrpcLogAppender (LogUtils.java:warn(122)) - omNode-1@group-523986131536->omNode-2-AppendLogResponseHandler: Failed appendEntries: org.apache.ratis.thirdparty.io.grpc.StatusRuntimeException: UNAVAILABLE: io exception
2021-01-20 18:03:02,535 [grpc-default-executor-7] INFO  leader.FollowerInfo (FollowerInfoImpl.java:lambda$new$0(46)) - omNode-1@group-523986131536->omNode-2: nextIndex: updateUnconditionally 46 -> 45
2021-01-20 18:03:02,537 [grpc-default-executor-7] WARN  server.GrpcLogAppender (LogUtils.java:warn(122)) - omNode-1@group-523986131536->omNode-2-AppendLogResponseHandler: Failed appendEntries: org.apache.ratis.thirdparty.io.grpc.StatusRuntimeException: UNAVAILABLE: io exception
2021-01-20 18:03:02,537 [grpc-default-executor-7] INFO  leader.FollowerInfo (FollowerInfoImpl.java:lambda$new$0(46)) - omNode-1@group-523986131536->omNode-2: nextIndex: updateUnconditionally 46 -> 45
2021-01-20 18:03:02,539 [grpc-default-executor-7] WARN  server.GrpcLogAppender (LogUtils.java:warn(122)) - omNode-1@group-523986131536->omNode-2-AppendLogResponseHandler: Failed appendEntries: org.apache.ratis.thirdparty.io.grpc.StatusRuntimeException: UNAVAILABLE: io exception
2021-01-20 18:03:02,539 [grpc-default-executor-7] INFO  leader.FollowerInfo (FollowerInfoImpl.java:lambda$new$0(46)) - omNode-1@group-523986131536->omNode-2: nextIndex: updateUnconditionally 47 -> 45
2021-01-20 18:03:02,546 [grpc-default-executor-7] WARN  server.GrpcLogAppender (LogUtils.java:warn(122)) - omNode-1@group-523986131536->omNode-2-AppendLogResponseHandler: Failed appendEntries: org.apache.ratis.thirdparty.io.grpc.StatusRuntimeException: UNAVAILABLE: io exception
2021-01-20 18:03:02,546 [grpc-default-executor-7] INFO  leader.FollowerInfo (FollowerInfoImpl.java:lambda$new$0(46)) - omNode-1@group-523986131536->omNode-2: nextIndex: updateUnconditionally 48 -> 45
2021-01-20 18:03:02,547 [grpc-default-executor-7] WARN  server.GrpcLogAppender (LogUtils.java:warn(122)) - omNode-1@group-523986131536->omNode-2-AppendLogResponseHandler: Failed appendEntries: org.apache.ratis.thirdparty.io.grpc.StatusRuntimeException: UNAVAILABLE: io exception
2021-01-20 18:03:02,547 [grpc-default-executor-7] INFO  leader.FollowerInfo (FollowerInfoImpl.java:lambda$new$0(46)) - omNode-1@group-523986131536->omNode-2: nextIndex: updateUnconditionally 48 -> 45
2021-01-20 18:03:02,552 [grpc-default-executor-7] WARN  server.GrpcLogAppender (LogUtils.java:warn(122)) - omNode-1@group-523986131536->omNode-2-AppendLogResponseHandler: Failed appendEntries: org.apache.ratis.thirdparty.io.grpc.StatusRuntimeException: UNAVAILABLE: io exception
2021-01-20 18:03:02,552 [grpc-default-executor-7] INFO  leader.FollowerInfo (FollowerInfoImpl.java:lambda$new$0(46)) - omNode-1@group-523986131536->omNode-2: nextIndex: updateUnconditionally 50 -> 45
2021-01-20 18:03:02,560 [grpc-default-executor-7] WARN  server.GrpcLogAppender (LogUtils.java:warn(122)) - omNode-1@group-523986131536->omNode-2-AppendLogResponseHandler: Failed appendEntries: org.apache.ratis.thirdparty.io.grpc.StatusRuntimeException: UNAVAILABLE: io exception
2021-01-20 18:03:02,560 [grpc-default-executor-7] INFO  leader.FollowerInfo (FollowerInfoImpl.java:lambda$new$0(46)) - omNode-1@group-523986131536->omNode-2: nextIndex: updateUnconditionally 50 -> 45
2021-01-20 18:03:02,562 [omNode-1@group-523986131536-StateMachineUpdater] INFO  ratis.OzoneManagerStateMachine (OzoneManagerStateMachine.java:takeSnapshot(345)) - Current Snapshot Index (t:1, i:49)
2021-01-20 18:03:02,562 [omNode-1@group-523986131536-StateMachineUpdater] INFO  impl.StateMachineUpdater (StateMachineUpdater.java:takeSnapshot(279)) - omNode-1@group-523986131536-StateMachineUpdater: Took a snapshot at index 49
2021-01-20 18:03:02,562 [omNode-1@group-523986131536-StateMachineUpdater] INFO  impl.StateMachineUpdater (StateMachineUpdater.java:lambda$new$0(88)) - omNode-1@group-523986131536-StateMachineUpdater: snapshotIndex: updateIncreasingly -1 -> 49
2021-01-20 18:03:02,562 [omNode-1@group-523986131536-StateMachineUpdater] INFO  raftlog.RaftLog (RaftLogBase.java:purge(306)) - omNode-1@group-523986131536-SegmentedRaftLog: purge 49
2021-01-20 18:03:02,562 [omNode-1@group-523986131536-StateMachineUpdater] INFO  raftlog.RaftLog (RaftLogBase.java:lambda$new$0(53)) - omNode-1@group-523986131536-SegmentedRaftLog: snapshotIndex: updateIncreasingly -1 -> 49
2021-01-20 18:03:02,562 [omNode-1@group-523986131536-StateMachineUpdater] INFO  raftlog.RaftLog (RaftLogBase.java:lambda$new$0(53)) - omNode-1@group-523986131536-SegmentedRaftLog: purgeIndex: updateToMax old=-1, new=49, updated? true
2021-01-20 18:03:02,564 [grpc-default-executor-7] WARN  server.GrpcLogAppender (LogUtils.java:warn(122)) - omNode-1@group-523986131536->omNode-2-AppendLogResponseHandler: Failed appendEntries: org.apache.ratis.thirdparty.io.grpc.StatusRuntimeException: UNAVAILABLE: io exception
2021-01-20 18:03:02,564 [grpc-default-executor-7] INFO  leader.FollowerInfo (FollowerInfoImpl.java:lambda$new$0(46)) - omNode-1@group-523986131536->omNode-2: nextIndex: updateUnconditionally 51 -> 45
2021-01-20 18:03:02,573 [grpc-default-executor-7] WARN  server.GrpcLogAppender (LogUtils.java:warn(122)) - omNode-1@group-523986131536->omNode-2-AppendLogResponseHandler: Failed appendEntries: org.apache.ratis.thirdparty.io.grpc.StatusRuntimeException: UNAVAILABLE: io exception
2021-01-20 18:03:02,574 [grpc-default-executor-7] INFO  leader.FollowerInfo (FollowerInfoImpl.java:lambda$new$0(46)) - omNode-1@group-523986131536->omNode-2: nextIndex: updateUnconditionally 51 -> 45
2021-01-20 18:03:02,576 [omNode-3@group-523986131536-StateMachineUpdater] INFO  ratis.OzoneManagerStateMachine (OzoneManagerStateMachine.java:takeSnapshot(345)) - Current Snapshot Index (t:1, i:49)
2021-01-20 18:03:02,576 [omNode-3@group-523986131536-StateMachineUpdater] INFO  impl.StateMachineUpdater (StateMachineUpdater.java:takeSnapshot(279)) - omNode-3@group-523986131536-StateMachineUpdater: Took a snapshot at index 49
2021-01-20 18:03:02,576 [omNode-3@group-523986131536-StateMachineUpdater] INFO  impl.StateMachineUpdater (StateMachineUpdater.java:lambda$new$0(88)) - omNode-3@group-523986131536-StateMachineUpdater: snapshotIndex: updateIncreasingly -1 -> 49
2021-01-20 18:03:02,576 [omNode-3@group-523986131536-StateMachineUpdater] INFO  raftlog.RaftLog (RaftLogBase.java:purge(306)) - omNode-3@group-523986131536-SegmentedRaftLog: purge 49
2021-01-20 18:03:02,576 [omNode-3@group-523986131536-StateMachineUpdater] INFO  raftlog.RaftLog (RaftLogBase.java:lambda$new$0(53)) - omNode-3@group-523986131536-SegmentedRaftLog: snapshotIndex: updateIncreasingly -1 -> 49
2021-01-20 18:03:02,576 [omNode-3@group-523986131536-StateMachineUpdater] INFO  raftlog.RaftLog (RaftLogBase.java:lambda$new$0(53)) - omNode-3@group-523986131536-SegmentedRaftLog: purgeIndex: updateToMax old=-1, new=49, updated? true
2021-01-20 18:03:02,579 [grpc-default-executor-7] WARN  server.GrpcLogAppender (LogUtils.java:warn(122)) - omNode-1@group-523986131536->omNode-2-AppendLogResponseHandler: Failed appendEntries: org.apache.ratis.thirdparty.io.grpc.StatusRuntimeException: UNAVAILABLE: io exception
2021-01-20 18:03:02,580 [grpc-default-executor-7] INFO  leader.FollowerInfo (FollowerInfoImpl.java:lambda$new$0(46)) - omNode-1@group-523986131536->omNode-2: nextIndex: updateUnconditionally 52 -> 45
2021-01-20 18:03:02,585 [grpc-default-executor-7] WARN  server.GrpcLogAppender (LogUtils.java:warn(122)) - omNode-1@group-523986131536->omNode-2-AppendLogResponseHandler: Failed appendEntries: org.apache.ratis.thirdparty.io.grpc.StatusRuntimeException: UNAVAILABLE: io exception
2021-01-20 18:03:02,586 [grpc-default-executor-7] INFO  leader.FollowerInfo (FollowerInfoImpl.java:lambda$new$0(46)) - omNode-1@group-523986131536->omNode-2: nextIndex: updateUnconditionally 52 -> 45
2021-01-20 18:03:02,588 [grpc-default-executor-7] WARN  server.GrpcLogAppender (LogUtils.java:warn(122)) - omNode-1@group-523986131536->omNode-2-AppendLogResponseHandler: Failed appendEntries: org.apache.ratis.thirdparty.io.grpc.StatusRuntimeException: UNAVAILABLE: io exception
2021-01-20 18:03:02,588 [grpc-default-executor-7] INFO  leader.FollowerInfo (FollowerInfoImpl.java:lambda$new$0(46)) - omNode-1@group-523986131536->omNode-2: nextIndex: updateUnconditionally 53 -> 45
2021-01-20 18:03:02,589 [grpc-default-executor-8] WARN  server.GrpcLogAppender (LogUtils.java:warn(122)) - omNode-1@group-523986131536->omNode-2-AppendLogResponseHandler: Failed appendEntries: org.apache.ratis.thirdparty.io.grpc.StatusRuntimeException: UNAVAILABLE: io exception
2021-01-20 18:03:02,589 [grpc-default-executor-8] INFO  leader.FollowerInfo (FollowerInfoImpl.java:lambda$new$0(46)) - omNode-1@group-523986131536->omNode-2: nextIndex: updateUnconditionally 54 -> 45
2021-01-20 18:03:02,592 [grpc-default-executor-8] WARN  server.GrpcLogAppender (LogUtils.java:warn(122)) - omNode-1@group-523986131536->omNode-2-AppendLogResponseHandler: Failed appendEntries: org.apache.ratis.thirdparty.io.grpc.StatusRuntimeException: UNAVAILABLE: io exception
2021-01-20 18:03:02,592 [grpc-default-executor-8] INFO  leader.FollowerInfo (FollowerInfoImpl.java:lambda$new$0(46)) - omNode-1@group-523986131536->omNode-2: nextIndex: updateUnconditionally 54 -> 45
2021-01-20 18:03:02,597 [grpc-default-executor-8] WARN  server.GrpcLogAppender (LogUtils.java:warn(122)) - omNode-1@group-523986131536->omNode-2-AppendLogResponseHandler: Failed appendEntries: org.apache.ratis.thirdparty.io.grpc.StatusRuntimeException: UNAVAILABLE: io exception
2021-01-20 18:03:02,597 [grpc-default-executor-8] INFO  leader.FollowerInfo (FollowerInfoImpl.java:lambda$new$0(46)) - omNode-1@group-523986131536->omNode-2: nextIndex: updateUnconditionally 55 -> 45
2021-01-20 18:03:02,603 [grpc-default-executor-7] WARN  server.GrpcLogAppender (LogUtils.java:warn(122)) - omNode-1@group-523986131536->omNode-2-AppendLogResponseHandler: Failed appendEntries: org.apache.ratis.thirdparty.io.grpc.StatusRuntimeException: UNAVAILABLE: io exception
2021-01-20 18:03:02,603 [grpc-default-executor-7] INFO  leader.FollowerInfo (FollowerInfoImpl.java:lambda$new$0(46)) - omNode-1@group-523986131536->omNode-2: nextIndex: updateUnconditionally 55 -> 45
2021-01-20 18:03:02,605 [grpc-default-executor-7] WARN  server.GrpcLogAppender (LogUtils.java:warn(122)) - omNode-1@group-523986131536->omNode-2-AppendLogResponseHandler: Failed appendEntries: org.apache.ratis.thirdparty.io.grpc.StatusRuntimeException: UNAVAILABLE: io exception
2021-01-20 18:03:02,605 [grpc-default-executor-7] INFO  leader.FollowerInfo (FollowerInfoImpl.java:lambda$new$0(46)) - omNode-1@group-523986131536->omNode-2: nextIndex: updateUnconditionally 56 -> 45
2021-01-20 18:03:02,606 [grpc-default-executor-7] WARN  server.GrpcLogAppender (LogUtils.java:warn(122)) - omNode-1@group-523986131536->omNode-2-AppendLogResponseHandler: Failed appendEntries: org.apache.ratis.thirdparty.io.grpc.StatusRuntimeException: UNAVAILABLE: io exception
2021-01-20 18:03:02,606 [grpc-default-executor-7] INFO  leader.FollowerInfo (FollowerInfoImpl.java:lambda$new$0(46)) - omNode-1@group-523986131536->omNode-2: nextIndex: updateUnconditionally 56 -> 45
2021-01-20 18:03:02,608 [grpc-default-executor-7] WARN  server.GrpcLogAppender (LogUtils.java:warn(122)) - omNode-1@group-523986131536->omNode-2-AppendLogResponseHandler: Failed appendEntries: org.apache.ratis.thirdparty.io.grpc.StatusRuntimeException: UNAVAILABLE: io exception
2021-01-20 18:03:02,608 [grpc-default-executor-7] INFO  leader.FollowerInfo (FollowerInfoImpl.java:lambda$new$0(46)) - omNode-1@group-523986131536->omNode-2: nextIndex: updateUnconditionally 57 -> 45
2021-01-20 18:03:02,611 [grpc-default-executor-7] WARN  server.GrpcLogAppender (LogUtils.java:warn(122)) - omNode-1@group-523986131536->omNode-2-AppendLogResponseHandler: Failed appendEntries: org.apache.ratis.thirdparty.io.grpc.StatusRuntimeException: UNAVAILABLE: io exception
2021-01-20 18:03:02,611 [grpc-default-executor-7] INFO  leader.FollowerInfo (FollowerInfoImpl.java:lambda$new$0(46)) - omNode-1@group-523986131536->omNode-2: nextIndex: updateUnconditionally 58 -> 45
2021-01-20 18:03:02,612 [grpc-default-executor-6] WARN  server.GrpcLogAppender (LogUtils.java:warn(122)) - omNode-1@group-523986131536->omNode-2-AppendLogResponseHandler: Failed appendEntries: org.apache.ratis.thirdparty.io.grpc.StatusRuntimeException: UNAVAILABLE: io exception
2021-01-20 18:03:02,612 [grpc-default-executor-6] INFO  leader.FollowerInfo (FollowerInfoImpl.java:lambda$new$0(46)) - omNode-1@group-523986131536->omNode-2: nextIndex: updateUnconditionally 59 -> 45
2021-01-20 18:03:02,616 [grpc-default-executor-7] WARN  server.GrpcLogAppender (LogUtils.java:warn(122)) - omNode-1@group-523986131536->omNode-2-AppendLogResponseHandler: Failed appendEntries: org.apache.ratis.thirdparty.io.grpc.StatusRuntimeException: UNAVAILABLE: io exception
2021-01-20 18:03:02,616 [grpc-default-executor-7] INFO  leader.FollowerInfo (FollowerInfoImpl.java:lambda$new$0(46)) - omNode-1@group-523986131536->omNode-2: nextIndex: updateUnconditionally 59 -> 45
2021-01-20 18:03:02,619 [grpc-default-executor-6] WARN  server.GrpcLogAppender (LogUtils.java:warn(122)) - omNode-1@group-523986131536->omNode-2-AppendLogResponseHandler: Failed appendEntries: org.apache.ratis.thirdparty.io.grpc.StatusRuntimeException: UNAVAILABLE: io exception
2021-01-20 18:03:02,619 [grpc-default-executor-6] INFO  leader.FollowerInfo (FollowerInfoImpl.java:lambda$new$0(46)) - omNode-1@group-523986131536->omNode-2: nextIndex: updateUnconditionally 60 -> 45
2021-01-20 18:03:02,621 [grpc-default-executor-6] WARN  server.GrpcLogAppender (LogUtils.java:warn(122)) - omNode-1@group-523986131536->omNode-2-AppendLogResponseHandler: Failed appendEntries: org.apache.ratis.thirdparty.io.grpc.StatusRuntimeException: UNAVAILABLE: io exception
2021-01-20 18:03:02,621 [grpc-default-executor-6] INFO  leader.FollowerInfo (FollowerInfoImpl.java:lambda$new$0(46)) - omNode-1@group-523986131536->omNode-2: nextIndex: updateUnconditionally 61 -> 45
2021-01-20 18:03:02,626 [grpc-default-executor-6] WARN  server.GrpcLogAppender (LogUtils.java:warn(122)) - omNode-1@group-523986131536->omNode-2-AppendLogResponseHandler: Failed appendEntries: org.apache.ratis.thirdparty.io.grpc.StatusRuntimeException: UNAVAILABLE: io exception
2021-01-20 18:03:02,626 [grpc-default-executor-6] INFO  leader.FollowerInfo (FollowerInfoImpl.java:lambda$new$0(46)) - omNode-1@group-523986131536->omNode-2: nextIndex: updateUnconditionally 62 -> 45
2021-01-20 18:03:02,628 [grpc-default-executor-7] WARN  server.GrpcLogAppender (LogUtils.java:warn(122)) - omNode-1@group-523986131536->omNode-2-AppendLogResponseHandler: Failed appendEntries: org.apache.ratis.thirdparty.io.grpc.StatusRuntimeException: UNAVAILABLE: io exception
2021-01-20 18:03:02,628 [grpc-default-executor-7] INFO  leader.FollowerInfo (FollowerInfoImpl.java:lambda$new$0(46)) - omNode-1@group-523986131536->omNode-2: nextIndex: updateUnconditionally 62 -> 45
2021-01-20 18:03:02,630 [grpc-default-executor-7] WARN  server.GrpcLogAppender (LogUtils.java:warn(122)) - omNode-1@group-523986131536->omNode-2-AppendLogResponseHandler: Failed appendEntries: org.apache.ratis.thirdparty.io.grpc.StatusRuntimeException: UNAVAILABLE: io exception
2021-01-20 18:03:02,630 [grpc-default-executor-7] INFO  leader.FollowerInfo (FollowerInfoImpl.java:lambda$new$0(46)) - omNode-1@group-523986131536->omNode-2: nextIndex: updateUnconditionally 63 -> 45
2021-01-20 18:03:02,634 [grpc-default-executor-7] WARN  server.GrpcLogAppender (LogUtils.java:warn(122)) - omNode-1@group-523986131536->omNode-2-AppendLogResponseHandler: Failed appendEntries: org.apache.ratis.thirdparty.io.grpc.StatusRuntimeException: UNAVAILABLE: io exception
2021-01-20 18:03:02,634 [grpc-default-executor-7] INFO  leader.FollowerInfo (FollowerInfoImpl.java:lambda$new$0(46)) - omNode-1@group-523986131536->omNode-2: nextIndex: updateUnconditionally 63 -> 45
2021-01-20 18:03:02,638 [grpc-default-executor-6] WARN  server.GrpcLogAppender (LogUtils.java:warn(122)) - omNode-1@group-523986131536->omNode-2-AppendLogResponseHandler: Failed appendEntries: org.apache.ratis.thirdparty.io.grpc.StatusRuntimeException: UNAVAILABLE: io exception
2021-01-20 18:03:02,638 [grpc-default-executor-6] INFO  leader.FollowerInfo (FollowerInfoImpl.java:lambda$new$0(46)) - omNode-1@group-523986131536->omNode-2: nextIndex: updateUnconditionally 64 -> 45
2021-01-20 18:03:02,640 [grpc-default-executor-6] WARN  server.GrpcLogAppender (LogUtils.java:warn(122)) - omNode-1@group-523986131536->omNode-2-AppendLogResponseHandler: Failed appendEntries: org.apache.ratis.thirdparty.io.grpc.StatusRuntimeException: UNAVAILABLE: io exception
2021-01-20 18:03:02,640 [grpc-default-executor-6] INFO  leader.FollowerInfo (FollowerInfoImpl.java:lambda$new$0(46)) - omNode-1@group-523986131536->omNode-2: nextIndex: updateUnconditionally 64 -> 45
2021-01-20 18:03:02,643 [grpc-default-executor-8] WARN  server.GrpcLogAppender (LogUtils.java:warn(122)) - omNode-1@group-523986131536->omNode-2-AppendLogResponseHandler: Failed appendEntries: org.apache.ratis.thirdparty.io.grpc.StatusRuntimeException: UNAVAILABLE: io exception
2021-01-20 18:03:02,643 [grpc-default-executor-8] INFO  leader.FollowerInfo (FollowerInfoImpl.java:lambda$new$0(46)) - omNode-1@group-523986131536->omNode-2: nextIndex: updateUnconditionally 65 -> 45
2021-01-20 18:03:02,645 [grpc-default-executor-6] WARN  server.GrpcLogAppender (LogUtils.java:warn(122)) - omNode-1@group-523986131536->omNode-2-AppendLogResponseHandler: Failed appendEntries: org.apache.ratis.thirdparty.io.grpc.StatusRuntimeException: UNAVAILABLE: io exception
2021-01-20 18:03:02,645 [grpc-default-executor-6] INFO  leader.FollowerInfo (FollowerInfoImpl.java:lambda$new$0(46)) - omNode-1@group-523986131536->omNode-2: nextIndex: updateUnconditionally 66 -> 45
2021-01-20 18:03:02,650 [grpc-default-executor-6] WARN  server.GrpcLogAppender (LogUtils.java:warn(122)) - omNode-1@group-523986131536->omNode-2-AppendLogResponseHandler: Failed appendEntries: org.apache.ratis.thirdparty.io.grpc.StatusRuntimeException: UNAVAILABLE: io exception
2021-01-20 18:03:02,650 [grpc-default-executor-6] INFO  leader.FollowerInfo (FollowerInfoImpl.java:lambda$new$0(46)) - omNode-1@group-523986131536->omNode-2: nextIndex: updateUnconditionally 66 -> 45
2021-01-20 18:03:02,650 [grpc-default-executor-8] WARN  server.GrpcLogAppender (LogUtils.java:warn(122)) - omNode-1@group-523986131536->omNode-2-AppendLogResponseHandler: Failed appendEntries: org.apache.ratis.thirdparty.io.grpc.StatusRuntimeException: UNAVAILABLE: io exception
2021-01-20 18:03:02,651 [grpc-default-executor-8] INFO  leader.FollowerInfo (FollowerInfoImpl.java:lambda$new$0(46)) - omNode-1@group-523986131536->omNode-2: nextIndex: updateUnconditionally 66 -> 45
2021-01-20 18:03:02,659 [grpc-default-executor-8] WARN  server.GrpcLogAppender (LogUtils.java:warn(122)) - omNode-1@group-523986131536->omNode-2-AppendLogResponseHandler: Failed appendEntries: org.apache.ratis.thirdparty.io.grpc.StatusRuntimeException: UNAVAILABLE: io exception
2021-01-20 18:03:02,659 [grpc-default-executor-8] INFO  leader.FollowerInfo (FollowerInfoImpl.java:lambda$new$0(46)) - omNode-1@group-523986131536->omNode-2: nextIndex: updateUnconditionally 67 -> 45
2021-01-20 18:03:02,665 [grpc-default-executor-8] WARN  server.GrpcLogAppender (LogUtils.java:warn(122)) - omNode-1@group-523986131536->omNode-2-AppendLogResponseHandler: Failed appendEntries: org.apache.ratis.thirdparty.io.grpc.StatusRuntimeException: UNAVAILABLE: io exception
2021-01-20 18:03:02,665 [grpc-default-executor-8] INFO  leader.FollowerInfo (FollowerInfoImpl.java:lambda$new$0(46)) - omNode-1@group-523986131536->omNode-2: nextIndex: updateUnconditionally 68 -> 45
2021-01-20 18:03:02,666 [grpc-default-executor-6] WARN  server.GrpcLogAppender (LogUtils.java:warn(122)) - omNode-1@group-523986131536->omNode-2-AppendLogResponseHandler: Failed appendEntries: org.apache.ratis.thirdparty.io.grpc.StatusRuntimeException: UNAVAILABLE: io exception
2021-01-20 18:03:02,666 [grpc-default-executor-6] INFO  leader.FollowerInfo (FollowerInfoImpl.java:lambda$new$0(46)) - omNode-1@group-523986131536->omNode-2: nextIndex: updateUnconditionally 68 -> 45
2021-01-20 18:03:02,670 [grpc-default-executor-6] WARN  server.GrpcLogAppender (LogUtils.java:warn(122)) - omNode-1@group-523986131536->omNode-2-AppendLogResponseHandler: Failed appendEntries: org.apache.ratis.thirdparty.io.grpc.StatusRuntimeException: UNAVAILABLE: io exception
2021-01-20 18:03:02,670 [grpc-default-executor-6] INFO  leader.FollowerInfo (FollowerInfoImpl.java:lambda$new$0(46)) - omNode-1@group-523986131536->omNode-2: nextIndex: updateUnconditionally 69 -> 45
2021-01-20 18:03:02,672 [grpc-default-executor-6] WARN  server.GrpcLogAppender (LogUtils.java:warn(122)) - omNode-1@group-523986131536->omNode-2-AppendLogResponseHandler: Failed appendEntries: org.apache.ratis.thirdparty.io.grpc.StatusRuntimeException: UNAVAILABLE: io exception
2021-01-20 18:03:02,672 [grpc-default-executor-6] INFO  leader.FollowerInfo (FollowerInfoImpl.java:lambda$new$0(46)) - omNode-1@group-523986131536->omNode-2: nextIndex: updateUnconditionally 70 -> 45
2021-01-20 18:03:02,681 [grpc-default-executor-6] WARN  server.GrpcLogAppender (LogUtils.java:warn(122)) - omNode-1@group-523986131536->omNode-2-AppendLogResponseHandler: Failed appendEntries: org.apache.ratis.thirdparty.io.grpc.StatusRuntimeException: UNAVAILABLE: io exception
2021-01-20 18:03:02,681 [grpc-default-executor-6] INFO  leader.FollowerInfo (FollowerInfoImpl.java:lambda$new$0(46)) - omNode-1@group-523986131536->omNode-2: nextIndex: updateUnconditionally 70 -> 45
2021-01-20 18:03:02,686 [grpc-default-executor-6] WARN  server.GrpcLogAppender (LogUtils.java:warn(122)) - omNode-1@group-523986131536->omNode-2-AppendLogResponseHandler: Failed appendEntries: org.apache.ratis.thirdparty.io.grpc.StatusRuntimeException: UNAVAILABLE: io exception
2021-01-20 18:03:02,687 [grpc-default-executor-6] INFO  leader.FollowerInfo (FollowerInfoImpl.java:lambda$new$0(46)) - omNode-1@group-523986131536->omNode-2: nextIndex: updateUnconditionally 71 -> 45
2021-01-20 18:03:02,691 [grpc-default-executor-6] WARN  server.GrpcLogAppender (LogUtils.java:warn(122)) - omNode-1@group-523986131536->omNode-2-AppendLogResponseHandler: Failed appendEntries: org.apache.ratis.thirdparty.io.grpc.StatusRuntimeException: UNAVAILABLE: io exception
2021-01-20 18:03:02,691 [grpc-default-executor-6] INFO  leader.FollowerInfo (FollowerInfoImpl.java:lambda$new$0(46)) - omNode-1@group-523986131536->omNode-2: nextIndex: updateUnconditionally 71 -> 45
2021-01-20 18:03:02,697 [grpc-default-executor-8] WARN  server.GrpcLogAppender (LogUtils.java:warn(122)) - omNode-1@group-523986131536->omNode-2-AppendLogResponseHandler: Failed appendEntries: org.apache.ratis.thirdparty.io.grpc.StatusRuntimeException: UNAVAILABLE: io exception
2021-01-20 18:03:02,697 [grpc-default-executor-8] INFO  leader.FollowerInfo (FollowerInfoImpl.java:lambda$new$0(46)) - omNode-1@group-523986131536->omNode-2: nextIndex: updateUnconditionally 72 -> 45
2021-01-20 18:03:02,707 [grpc-default-executor-8] WARN  server.GrpcLogAppender (LogUtils.java:warn(122)) - omNode-1@group-523986131536->omNode-2-AppendLogResponseHandler: Failed appendEntries: org.apache.ratis.thirdparty.io.grpc.StatusRuntimeException: UNAVAILABLE: io exception
2021-01-20 18:03:02,707 [grpc-default-executor-8] INFO  leader.FollowerInfo (FollowerInfoImpl.java:lambda$new$0(46)) - omNode-1@group-523986131536->omNode-2: nextIndex: updateUnconditionally 72 -> 45
2021-01-20 18:03:02,711 [grpc-default-executor-8] WARN  server.GrpcLogAppender (LogUtils.java:warn(122)) - omNode-1@group-523986131536->omNode-2-AppendLogResponseHandler: Failed appendEntries: org.apache.ratis.thirdparty.io.grpc.StatusRuntimeException: UNAVAILABLE: io exception
2021-01-20 18:03:02,711 [grpc-default-executor-8] INFO  leader.FollowerInfo (FollowerInfoImpl.java:lambda$new$0(46)) - omNode-1@group-523986131536->omNode-2: nextIndex: updateUnconditionally 74 -> 45
2021-01-20 18:03:02,713 [grpc-default-executor-8] WARN  server.GrpcLogAppender (LogUtils.java:warn(122)) - omNode-1@group-523986131536->omNode-2-AppendLogResponseHandler: Failed appendEntries: org.apache.ratis.thirdparty.io.grpc.StatusRuntimeException: UNAVAILABLE: io exception
2021-01-20 18:03:02,713 [grpc-default-executor-8] INFO  leader.FollowerInfo (FollowerInfoImpl.java:lambda$new$0(46)) - omNode-1@group-523986131536->omNode-2: nextIndex: updateUnconditionally 74 -> 45
2021-01-20 18:03:02,718 [grpc-default-executor-8] WARN  server.GrpcLogAppender (LogUtils.java:warn(122)) - omNode-1@group-523986131536->omNode-2-AppendLogResponseHandler: Failed appendEntries: org.apache.ratis.thirdparty.io.grpc.StatusRuntimeException: UNAVAILABLE: io exception
2021-01-20 18:03:02,719 [grpc-default-executor-8] INFO  leader.FollowerInfo (FollowerInfoImpl.java:lambda$new$0(46)) - omNode-1@group-523986131536->omNode-2: nextIndex: updateUnconditionally 75 -> 45
2021-01-20 18:03:02,722 [grpc-default-executor-8] WARN  server.GrpcLogAppender (LogUtils.java:warn(122)) - omNode-1@group-523986131536->omNode-2-AppendLogResponseHandler: Failed appendEntries: org.apache.ratis.thirdparty.io.grpc.StatusRuntimeException: UNAVAILABLE: io exception
2021-01-20 18:03:02,723 [grpc-default-executor-8] INFO  leader.FollowerInfo (FollowerInfoImpl.java:lambda$new$0(46)) - omNode-1@group-523986131536->omNode-2: nextIndex: updateUnconditionally 75 -> 45
2021-01-20 18:03:02,724 [grpc-default-executor-3] WARN  server.GrpcLogAppender (LogUtils.java:warn(122)) - omNode-1@group-523986131536->omNode-2-AppendLogResponseHandler: Failed appendEntries: org.apache.ratis.thirdparty.io.grpc.StatusRuntimeException: UNAVAILABLE: io exception
2021-01-20 18:03:02,724 [grpc-default-executor-3] INFO  leader.FollowerInfo (FollowerInfoImpl.java:lambda$new$0(46)) - omNode-1@group-523986131536->omNode-2: nextIndex: updateUnconditionally 75 -> 45
2021-01-20 18:03:02,730 [grpc-default-executor-8] WARN  server.GrpcLogAppender (LogUtils.java:warn(122)) - omNode-1@group-523986131536->omNode-2-AppendLogResponseHandler: Failed appendEntries: org.apache.ratis.thirdparty.io.grpc.StatusRuntimeException: UNAVAILABLE: io exception
2021-01-20 18:03:02,730 [grpc-default-executor-8] INFO  leader.FollowerInfo (FollowerInfoImpl.java:lambda$new$0(46)) - omNode-1@group-523986131536->omNode-2: nextIndex: updateUnconditionally 76 -> 45
2021-01-20 18:03:02,732 [grpc-default-executor-8] WARN  server.GrpcLogAppender (LogUtils.java:warn(122)) - omNode-1@group-523986131536->omNode-2-AppendLogResponseHandler: Failed appendEntries: org.apache.ratis.thirdparty.io.grpc.StatusRuntimeException: UNAVAILABLE: io exception
2021-01-20 18:03:02,732 [grpc-default-executor-8] INFO  leader.FollowerInfo (FollowerInfoImpl.java:lambda$new$0(46)) - omNode-1@group-523986131536->omNode-2: nextIndex: updateUnconditionally 76 -> 45
2021-01-20 18:03:02,735 [grpc-default-executor-8] WARN  server.GrpcLogAppender (LogUtils.java:warn(122)) - omNode-1@group-523986131536->omNode-2-AppendLogResponseHandler: Failed appendEntries: org.apache.ratis.thirdparty.io.grpc.StatusRuntimeException: UNAVAILABLE: io exception
2021-01-20 18:03:02,736 [grpc-default-executor-8] INFO  leader.FollowerInfo (FollowerInfoImpl.java:lambda$new$0(46)) - omNode-1@group-523986131536->omNode-2: nextIndex: updateUnconditionally 78 -> 45
2021-01-20 18:03:02,736 [grpc-default-executor-8] WARN  server.GrpcLogAppender (LogUtils.java:warn(122)) - omNode-1@group-523986131536->omNode-2-AppendLogResponseHandler: Failed appendEntries: org.apache.ratis.thirdparty.io.grpc.StatusRuntimeException: UNAVAILABLE: io exception
2021-01-20 18:03:02,737 [grpc-default-executor-8] INFO  leader.FollowerInfo (FollowerInfoImpl.java:lambda$new$0(46)) - omNode-1@group-523986131536->omNode-2: nextIndex: updateUnconditionally 78 -> 45
2021-01-20 18:03:02,738 [grpc-default-executor-3] WARN  server.GrpcLogAppender (LogUtils.java:warn(122)) - omNode-1@group-523986131536->omNode-2-AppendLogResponseHandler: Failed appendEntries: org.apache.ratis.thirdparty.io.grpc.StatusRuntimeException: UNAVAILABLE: io exception
2021-01-20 18:03:02,738 [grpc-default-executor-3] INFO  leader.FollowerInfo (FollowerInfoImpl.java:lambda$new$0(46)) - omNode-1@group-523986131536->omNode-2: nextIndex: updateUnconditionally 79 -> 45
2021-01-20 18:03:02,753 [grpc-default-executor-8] WARN  server.GrpcLogAppender (LogUtils.java:warn(122)) - omNode-1@group-523986131536->omNode-2-AppendLogResponseHandler: Failed appendEntries: org.apache.ratis.thirdparty.io.grpc.StatusRuntimeException: UNAVAILABLE: io exception
2021-01-20 18:03:02,754 [grpc-default-executor-8] INFO  leader.FollowerInfo (FollowerInfoImpl.java:lambda$new$0(46)) - omNode-1@group-523986131536->omNode-2: nextIndex: updateUnconditionally 80 -> 45
2021-01-20 18:03:02,754 [grpc-default-executor-6] WARN  server.GrpcLogAppender (LogUtils.java:warn(122)) - omNode-1@group-523986131536->omNode-2-AppendLogResponseHandler: Failed appendEntries: org.apache.ratis.thirdparty.io.grpc.StatusRuntimeException: UNAVAILABLE: io exception
2021-01-20 18:03:02,754 [grpc-default-executor-6] INFO  leader.FollowerInfo (FollowerInfoImpl.java:lambda$new$0(46)) - omNode-1@group-523986131536->omNode-2: nextIndex: updateUnconditionally 80 -> 45
2021-01-20 18:03:02,755 [grpc-default-executor-6] WARN  server.GrpcLogAppender (LogUtils.java:warn(122)) - omNode-1@group-523986131536->omNode-2-AppendLogResponseHandler: Failed appendEntries: org.apache.ratis.thirdparty.io.grpc.StatusRuntimeException: UNAVAILABLE: io exception
2021-01-20 18:03:02,756 [grpc-default-executor-6] INFO  leader.FollowerInfo (FollowerInfoImpl.java:lambda$new$0(46)) - omNode-1@group-523986131536->omNode-2: nextIndex: updateUnconditionally 81 -> 45
2021-01-20 18:03:02,758 [grpc-default-executor-6] WARN  server.GrpcLogAppender (LogUtils.java:warn(122)) - omNode-1@group-523986131536->omNode-2-AppendLogResponseHandler: Failed appendEntries: org.apache.ratis.thirdparty.io.grpc.StatusRuntimeException: UNAVAILABLE: io exception
2021-01-20 18:03:02,758 [grpc-default-executor-6] INFO  leader.FollowerInfo (FollowerInfoImpl.java:lambda$new$0(46)) - omNode-1@group-523986131536->omNode-2: nextIndex: updateUnconditionally 82 -> 45
2021-01-20 18:03:02,765 [grpc-default-executor-6] WARN  server.GrpcLogAppender (LogUtils.java:warn(122)) - omNode-1@group-523986131536->omNode-2-AppendLogResponseHandler: Failed appendEntries: org.apache.ratis.thirdparty.io.grpc.StatusRuntimeException: UNAVAILABLE: io exception
2021-01-20 18:03:02,765 [grpc-default-executor-6] INFO  leader.FollowerInfo (FollowerInfoImpl.java:lambda$new$0(46)) - omNode-1@group-523986131536->omNode-2: nextIndex: updateUnconditionally 82 -> 45
2021-01-20 18:03:02,769 [grpc-default-executor-6] WARN  server.GrpcLogAppender (LogUtils.java:warn(122)) - omNode-1@group-523986131536->omNode-2-AppendLogResponseHandler: Failed appendEntries: org.apache.ratis.thirdparty.io.grpc.StatusRuntimeException: UNAVAILABLE: io exception
2021-01-20 18:03:02,769 [grpc-default-executor-6] INFO  leader.FollowerInfo (FollowerInfoImpl.java:lambda$new$0(46)) - omNode-1@group-523986131536->omNode-2: nextIndex: updateUnconditionally 83 -> 45
2021-01-20 18:03:02,773 [grpc-default-executor-8] WARN  server.GrpcLogAppender (LogUtils.java:warn(122)) - omNode-1@group-523986131536->omNode-2-AppendLogResponseHandler: Failed appendEntries: org.apache.ratis.thirdparty.io.grpc.StatusRuntimeException: UNAVAILABLE: io exception
2021-01-20 18:03:02,773 [grpc-default-executor-8] INFO  leader.FollowerInfo (FollowerInfoImpl.java:lambda$new$0(46)) - omNode-1@group-523986131536->omNode-2: nextIndex: updateUnconditionally 83 -> 45
2021-01-20 18:03:02,774 [grpc-default-executor-6] WARN  server.GrpcLogAppender (LogUtils.java:warn(122)) - omNode-1@group-523986131536->omNode-2-AppendLogResponseHandler: Failed appendEntries: org.apache.ratis.thirdparty.io.grpc.StatusRuntimeException: UNAVAILABLE: io exception
2021-01-20 18:03:02,774 [grpc-default-executor-6] INFO  leader.FollowerInfo (FollowerInfoImpl.java:lambda$new$0(46)) - omNode-1@group-523986131536->omNode-2: nextIndex: updateUnconditionally 83 -> 45
2021-01-20 18:03:02,777 [grpc-default-executor-8] WARN  server.GrpcLogAppender (LogUtils.java:warn(122)) - omNode-1@group-523986131536->omNode-2-AppendLogResponseHandler: Failed appendEntries: org.apache.ratis.thirdparty.io.grpc.StatusRuntimeException: UNAVAILABLE: io exception
2021-01-20 18:03:02,777 [grpc-default-executor-8] INFO  leader.FollowerInfo (FollowerInfoImpl.java:lambda$new$0(46)) - omNode-1@group-523986131536->omNode-2: nextIndex: updateUnconditionally 84 -> 45
2021-01-20 18:03:02,780 [grpc-default-executor-8] WARN  server.GrpcLogAppender (LogUtils.java:warn(122)) - omNode-1@group-523986131536->omNode-2-AppendLogResponseHandler: Failed appendEntries: org.apache.ratis.thirdparty.io.grpc.StatusRuntimeException: UNAVAILABLE: io exception
2021-01-20 18:03:02,781 [grpc-default-executor-8] INFO  leader.FollowerInfo (FollowerInfoImpl.java:lambda$new$0(46)) - omNode-1@group-523986131536->omNode-2: nextIndex: updateUnconditionally 84 -> 45
2021-01-20 18:03:02,782 [grpc-default-executor-6] WARN  server.GrpcLogAppender (LogUtils.java:warn(122)) - omNode-1@group-523986131536->omNode-2-AppendLogResponseHandler: Failed appendEntries: org.apache.ratis.thirdparty.io.grpc.StatusRuntimeException: UNAVAILABLE: io exception
2021-01-20 18:03:02,782 [grpc-default-executor-6] INFO  leader.FollowerInfo (FollowerInfoImpl.java:lambda$new$0(46)) - omNode-1@group-523986131536->omNode-2: nextIndex: updateUnconditionally 85 -> 45
2021-01-20 18:03:02,788 [grpc-default-executor-6] WARN  server.GrpcLogAppender (LogUtils.java:warn(122)) - omNode-1@group-523986131536->omNode-2-AppendLogResponseHandler: Failed appendEntries: org.apache.ratis.thirdparty.io.grpc.StatusRuntimeException: UNAVAILABLE: io exception
2021-01-20 18:03:02,788 [grpc-default-executor-6] INFO  leader.FollowerInfo (FollowerInfoImpl.java:lambda$new$0(46)) - omNode-1@group-523986131536->omNode-2: nextIndex: updateUnconditionally 86 -> 45
2021-01-20 18:03:02,793 [grpc-default-executor-6] WARN  server.GrpcLogAppender (LogUtils.java:warn(122)) - omNode-1@group-523986131536->omNode-2-AppendLogResponseHandler: Failed appendEntries: org.apache.ratis.thirdparty.io.grpc.StatusRuntimeException: UNAVAILABLE: io exception
2021-01-20 18:03:02,793 [grpc-default-executor-6] INFO  leader.FollowerInfo (FollowerInfoImpl.java:lambda$new$0(46)) - omNode-1@group-523986131536->omNode-2: nextIndex: updateUnconditionally 86 -> 45
2021-01-20 18:03:02,794 [grpc-default-executor-8] WARN  server.GrpcLogAppender (LogUtils.java:warn(122)) - omNode-1@group-523986131536->omNode-2-AppendLogResponseHandler: Failed appendEntries: org.apache.ratis.thirdparty.io.grpc.StatusRuntimeException: UNAVAILABLE: io exception
2021-01-20 18:03:02,795 [grpc-default-executor-8] INFO  leader.FollowerInfo (FollowerInfoImpl.java:lambda$new$0(46)) - omNode-1@group-523986131536->omNode-2: nextIndex: updateUnconditionally 86 -> 45
2021-01-20 18:03:02,797 [grpc-default-executor-8] WARN  server.GrpcLogAppender (LogUtils.java:warn(122)) - omNode-1@group-523986131536->omNode-2-AppendLogResponseHandler: Failed appendEntries: org.apache.ratis.thirdparty.io.grpc.StatusRuntimeException: UNAVAILABLE: io exception
2021-01-20 18:03:02,798 [grpc-default-executor-8] INFO  leader.FollowerInfo (FollowerInfoImpl.java:lambda$new$0(46)) - omNode-1@group-523986131536->omNode-2: nextIndex: updateUnconditionally 87 -> 45
2021-01-20 18:03:02,803 [grpc-default-executor-8] WARN  server.GrpcLogAppender (LogUtils.java:warn(122)) - omNode-1@group-523986131536->omNode-2-AppendLogResponseHandler: Failed appendEntries: org.apache.ratis.thirdparty.io.grpc.StatusRuntimeException: UNAVAILABLE: io exception
2021-01-20 18:03:02,804 [grpc-default-executor-8] INFO  leader.FollowerInfo (FollowerInfoImpl.java:lambda$new$0(46)) - omNode-1@group-523986131536->omNode-2: nextIndex: updateUnconditionally 87 -> 45
2021-01-20 18:03:02,804 [grpc-default-executor-8] WARN  server.GrpcLogAppender (LogUtils.java:warn(122)) - omNode-1@group-523986131536->omNode-2-AppendLogResponseHandler: Failed appendEntries: org.apache.ratis.thirdparty.io.grpc.StatusRuntimeException: UNAVAILABLE: io exception
2021-01-20 18:03:02,804 [grpc-default-executor-8] INFO  leader.FollowerInfo (FollowerInfoImpl.java:lambda$new$0(46)) - omNode-1@group-523986131536->omNode-2: nextIndex: updateUnconditionally 87 -> 45
2021-01-20 18:03:02,811 [grpc-default-executor-8] WARN  server.GrpcLogAppender (LogUtils.java:warn(122)) - omNode-1@group-523986131536->omNode-2-AppendLogResponseHandler: Failed appendEntries: org.apache.ratis.thirdparty.io.grpc.StatusRuntimeException: UNAVAILABLE: io exception
2021-01-20 18:03:02,811 [grpc-default-executor-8] INFO  leader.FollowerInfo (FollowerInfoImpl.java:lambda$new$0(46)) - omNode-1@group-523986131536->omNode-2: nextIndex: updateUnconditionally 88 -> 45
2021-01-20 18:03:02,812 [grpc-default-executor-8] WARN  server.GrpcLogAppender (LogUtils.java:warn(122)) - omNode-1@group-523986131536->omNode-2-AppendLogResponseHandler: Failed appendEntries: org.apache.ratis.thirdparty.io.grpc.StatusRuntimeException: UNAVAILABLE: io exception
2021-01-20 18:03:02,812 [grpc-default-executor-8] INFO  leader.FollowerInfo (FollowerInfoImpl.java:lambda$new$0(46)) - omNode-1@group-523986131536->omNode-2: nextIndex: updateUnconditionally 88 -> 45
2021-01-20 18:03:02,815 [grpc-default-executor-8] WARN  server.GrpcLogAppender (LogUtils.java:warn(122)) - omNode-1@group-523986131536->omNode-2-AppendLogResponseHandler: Failed appendEntries: org.apache.ratis.thirdparty.io.grpc.StatusRuntimeException: UNAVAILABLE: io exception
2021-01-20 18:03:02,816 [grpc-default-executor-8] INFO  leader.FollowerInfo (FollowerInfoImpl.java:lambda$new$0(46)) - omNode-1@group-523986131536->omNode-2: nextIndex: updateUnconditionally 90 -> 45
2021-01-20 18:03:02,821 [grpc-default-executor-8] WARN  server.GrpcLogAppender (LogUtils.java:warn(122)) - omNode-1@group-523986131536->omNode-2-AppendLogResponseHandler: Failed appendEntries: org.apache.ratis.thirdparty.io.grpc.StatusRuntimeException: UNAVAILABLE: io exception
2021-01-20 18:03:02,821 [grpc-default-executor-8] INFO  leader.FollowerInfo (FollowerInfoImpl.java:lambda$new$0(46)) - omNode-1@group-523986131536->omNode-2: nextIndex: updateUnconditionally 90 -> 45
2021-01-20 18:03:02,823 [grpc-default-executor-8] WARN  server.GrpcLogAppender (LogUtils.java:warn(122)) - omNode-1@group-523986131536->omNode-2-AppendLogResponseHandler: Failed appendEntries: org.apache.ratis.thirdparty.io.grpc.StatusRuntimeException: UNAVAILABLE: io exception
2021-01-20 18:03:02,824 [grpc-default-executor-8] INFO  leader.FollowerInfo (FollowerInfoImpl.java:lambda$new$0(46)) - omNode-1@group-523986131536->omNode-2: nextIndex: updateUnconditionally 91 -> 45
2021-01-20 18:03:02,827 [grpc-default-executor-6] WARN  server.GrpcLogAppender (LogUtils.java:warn(122)) - omNode-1@group-523986131536->omNode-2-AppendLogResponseHandler: Failed appendEntries: org.apache.ratis.thirdparty.io.grpc.StatusRuntimeException: UNAVAILABLE: io exception
2021-01-20 18:03:02,827 [grpc-default-executor-6] INFO  leader.FollowerInfo (FollowerInfoImpl.java:lambda$new$0(46)) - omNode-1@group-523986131536->omNode-2: nextIndex: updateUnconditionally 91 -> 45
2021-01-20 18:03:02,832 [grpc-default-executor-8] WARN  server.GrpcLogAppender (LogUtils.java:warn(122)) - omNode-1@group-523986131536->omNode-2-AppendLogResponseHandler: Failed appendEntries: org.apache.ratis.thirdparty.io.grpc.StatusRuntimeException: UNAVAILABLE: io exception
2021-01-20 18:03:02,832 [grpc-default-executor-8] INFO  leader.FollowerInfo (FollowerInfoImpl.java:lambda$new$0(46)) - omNode-1@group-523986131536->omNode-2: nextIndex: updateUnconditionally 92 -> 45
2021-01-20 18:03:02,834 [grpc-default-executor-8] WARN  server.GrpcLogAppender (LogUtils.java:warn(122)) - omNode-1@group-523986131536->omNode-2-AppendLogResponseHandler: Failed appendEntries: org.apache.ratis.thirdparty.io.grpc.StatusRuntimeException: UNAVAILABLE: io exception
2021-01-20 18:03:02,834 [grpc-default-executor-8] INFO  leader.FollowerInfo (FollowerInfoImpl.java:lambda$new$0(46)) - omNode-1@group-523986131536->omNode-2: nextIndex: updateUnconditionally 92 -> 45
2021-01-20 18:03:02,840 [grpc-default-executor-6] WARN  server.GrpcLogAppender (LogUtils.java:warn(122)) - omNode-1@group-523986131536->omNode-2-AppendLogResponseHandler: Failed appendEntries: org.apache.ratis.thirdparty.io.grpc.StatusRuntimeException: UNAVAILABLE: io exception
2021-01-20 18:03:02,840 [grpc-default-executor-6] INFO  leader.FollowerInfo (FollowerInfoImpl.java:lambda$new$0(46)) - omNode-1@group-523986131536->omNode-2: nextIndex: updateUnconditionally 94 -> 45
2021-01-20 18:03:02,841 [grpc-default-executor-8] WARN  server.GrpcLogAppender (LogUtils.java:warn(122)) - omNode-1@group-523986131536->omNode-2-AppendLogResponseHandler: Failed appendEntries: org.apache.ratis.thirdparty.io.grpc.StatusRuntimeException: UNAVAILABLE: io exception
2021-01-20 18:03:02,842 [grpc-default-executor-8] INFO  leader.FollowerInfo (FollowerInfoImpl.java:lambda$new$0(46)) - omNode-1@group-523986131536->omNode-2: nextIndex: updateUnconditionally 94 -> 45
2021-01-20 18:03:02,843 [grpc-default-executor-8] WARN  server.GrpcLogAppender (LogUtils.java:warn(122)) - omNode-1@group-523986131536->omNode-2-AppendLogResponseHandler: Failed appendEntries: org.apache.ratis.thirdparty.io.grpc.StatusRuntimeException: UNAVAILABLE: io exception
2021-01-20 18:03:02,843 [grpc-default-executor-8] INFO  leader.FollowerInfo (FollowerInfoImpl.java:lambda$new$0(46)) - omNode-1@group-523986131536->omNode-2: nextIndex: updateUnconditionally 95 -> 45
2021-01-20 18:03:02,847 [grpc-default-executor-8] WARN  server.GrpcLogAppender (LogUtils.java:warn(122)) - omNode-1@group-523986131536->omNode-2-AppendLogResponseHandler: Failed appendEntries: org.apache.ratis.thirdparty.io.grpc.StatusRuntimeException: UNAVAILABLE: io exception
2021-01-20 18:03:02,848 [grpc-default-executor-8] INFO  leader.FollowerInfo (FollowerInfoImpl.java:lambda$new$0(46)) - omNode-1@group-523986131536->omNode-2: nextIndex: updateUnconditionally 95 -> 45
2021-01-20 18:03:02,850 [grpc-default-executor-6] WARN  server.GrpcLogAppender (LogUtils.java:warn(122)) - omNode-1@group-523986131536->omNode-2-AppendLogResponseHandler: Failed appendEntries: org.apache.ratis.thirdparty.io.grpc.StatusRuntimeException: UNAVAILABLE: io exception
2021-01-20 18:03:02,851 [grpc-default-executor-6] INFO  leader.FollowerInfo (FollowerInfoImpl.java:lambda$new$0(46)) - omNode-1@group-523986131536->omNode-2: nextIndex: updateUnconditionally 96 -> 45
2021-01-20 18:03:02,855 [grpc-default-executor-6] WARN  server.GrpcLogAppender (LogUtils.java:warn(122)) - omNode-1@group-523986131536->omNode-2-AppendLogResponseHandler: Failed appendEntries: org.apache.ratis.thirdparty.io.grpc.StatusRuntimeException: UNAVAILABLE: io exception
2021-01-20 18:03:02,855 [grpc-default-executor-6] INFO  leader.FollowerInfo (FollowerInfoImpl.java:lambda$new$0(46)) - omNode-1@group-523986131536->omNode-2: nextIndex: updateUnconditionally 96 -> 45
2021-01-20 18:03:02,856 [grpc-default-executor-8] WARN  server.GrpcLogAppender (LogUtils.java:warn(122)) - omNode-1@group-523986131536->omNode-2-AppendLogResponseHandler: Failed appendEntries: org.apache.ratis.thirdparty.io.grpc.StatusRuntimeException: UNAVAILABLE: io exception
2021-01-20 18:03:02,856 [grpc-default-executor-8] INFO  leader.FollowerInfo (FollowerInfoImpl.java:lambda$new$0(46)) - omNode-1@group-523986131536->omNode-2: nextIndex: updateUnconditionally 97 -> 45
2021-01-20 18:03:02,857 [grpc-default-executor-6] WARN  server.GrpcLogAppender (LogUtils.java:warn(122)) - omNode-1@group-523986131536->omNode-2-AppendLogResponseHandler: Failed appendEntries: org.apache.ratis.thirdparty.io.grpc.StatusRuntimeException: UNAVAILABLE: io exception
2021-01-20 18:03:02,858 [grpc-default-executor-6] INFO  leader.FollowerInfo (FollowerInfoImpl.java:lambda$new$0(46)) - omNode-1@group-523986131536->omNode-2: nextIndex: updateUnconditionally 97 -> 45
2021-01-20 18:03:02,859 [grpc-default-executor-6] WARN  server.GrpcLogAppender (LogUtils.java:warn(122)) - omNode-1@group-523986131536->omNode-2-AppendLogResponseHandler: Failed appendEntries: org.apache.ratis.thirdparty.io.grpc.StatusRuntimeException: UNAVAILABLE: io exception
2021-01-20 18:03:02,859 [grpc-default-executor-6] INFO  leader.FollowerInfo (FollowerInfoImpl.java:lambda$new$0(46)) - omNode-1@group-523986131536->omNode-2: nextIndex: updateUnconditionally 98 -> 45
2021-01-20 18:03:02,864 [grpc-default-executor-8] WARN  server.GrpcLogAppender (LogUtils.java:warn(122)) - omNode-1@group-523986131536->omNode-2-AppendLogResponseHandler: Failed appendEntries: org.apache.ratis.thirdparty.io.grpc.StatusRuntimeException: UNAVAILABLE: io exception
2021-01-20 18:03:02,864 [grpc-default-executor-8] INFO  leader.FollowerInfo (FollowerInfoImpl.java:lambda$new$0(46)) - omNode-1@group-523986131536->omNode-2: nextIndex: updateUnconditionally 98 -> 45
2021-01-20 18:03:02,865 [grpc-default-executor-6] WARN  server.GrpcLogAppender (LogUtils.java:warn(122)) - omNode-1@group-523986131536->omNode-2-AppendLogResponseHandler: Failed appendEntries: org.apache.ratis.thirdparty.io.grpc.StatusRuntimeException: UNAVAILABLE: io exception
2021-01-20 18:03:02,865 [grpc-default-executor-6] INFO  leader.FollowerInfo (FollowerInfoImpl.java:lambda$new$0(46)) - omNode-1@group-523986131536->omNode-2: nextIndex: updateUnconditionally 99 -> 45
2021-01-20 18:03:02,873 [grpc-default-executor-6] WARN  server.GrpcLogAppender (LogUtils.java:warn(122)) - omNode-1@group-523986131536->omNode-2-AppendLogResponseHandler: Failed appendEntries: org.apache.ratis.thirdparty.io.grpc.StatusRuntimeException: UNAVAILABLE: io exception
2021-01-20 18:03:02,873 [grpc-default-executor-6] INFO  leader.FollowerInfo (FollowerInfoImpl.java:lambda$new$0(46)) - omNode-1@group-523986131536->omNode-2: nextIndex: updateUnconditionally 99 -> 45
2021-01-20 18:03:02,879 [grpc-default-executor-8] WARN  server.GrpcLogAppender (LogUtils.java:warn(122)) - omNode-1@group-523986131536->omNode-2-AppendLogResponseHandler: Failed appendEntries: org.apache.ratis.thirdparty.io.grpc.StatusRuntimeException: UNAVAILABLE: io exception
2021-01-20 18:03:02,879 [grpc-default-executor-8] INFO  leader.FollowerInfo (FollowerInfoImpl.java:lambda$new$0(46)) - omNode-1@group-523986131536->omNode-2: nextIndex: updateUnconditionally 100 -> 45
2021-01-20 18:03:02,884 [grpc-default-executor-8] WARN  server.GrpcLogAppender (LogUtils.java:warn(122)) - omNode-1@group-523986131536->omNode-2-AppendLogResponseHandler: Failed appendEntries: org.apache.ratis.thirdparty.io.grpc.StatusRuntimeException: UNAVAILABLE: io exception
2021-01-20 18:03:02,885 [grpc-default-executor-8] INFO  leader.FollowerInfo (FollowerInfoImpl.java:lambda$new$0(46)) - omNode-1@group-523986131536->omNode-2: nextIndex: updateUnconditionally 100 -> 45
2021-01-20 18:03:02,885 [omNode-1@group-523986131536-StateMachineUpdater] INFO  ratis.OzoneManagerStateMachine (OzoneManagerStateMachine.java:takeSnapshot(345)) - Current Snapshot Index (t:1, i:99)
2021-01-20 18:03:02,885 [omNode-1@group-523986131536-StateMachineUpdater] INFO  impl.StateMachineUpdater (StateMachineUpdater.java:takeSnapshot(279)) - omNode-1@group-523986131536-StateMachineUpdater: Took a snapshot at index 99
2021-01-20 18:03:02,885 [omNode-1@group-523986131536-StateMachineUpdater] INFO  impl.StateMachineUpdater (StateMachineUpdater.java:lambda$new$0(88)) - omNode-1@group-523986131536-StateMachineUpdater: snapshotIndex: updateIncreasingly 49 -> 99
2021-01-20 18:03:02,885 [omNode-1@group-523986131536-StateMachineUpdater] INFO  raftlog.RaftLog (RaftLogBase.java:purge(306)) - omNode-1@group-523986131536-SegmentedRaftLog: purge 99
2021-01-20 18:03:02,885 [omNode-1@group-523986131536-StateMachineUpdater] INFO  raftlog.RaftLog (RaftLogBase.java:lambda$new$0(53)) - omNode-1@group-523986131536-SegmentedRaftLog: snapshotIndex: updateIncreasingly 49 -> 99
2021-01-20 18:03:02,885 [omNode-1@group-523986131536-StateMachineUpdater] INFO  raftlog.RaftLog (RaftLogBase.java:lambda$new$0(53)) - omNode-1@group-523986131536-SegmentedRaftLog: purgeIndex: updateToMax old=49, new=99, updated? true
2021-01-20 18:03:02,887 [grpc-default-executor-8] WARN  server.GrpcLogAppender (LogUtils.java:warn(122)) - omNode-1@group-523986131536->omNode-2-AppendLogResponseHandler: Failed appendEntries: org.apache.ratis.thirdparty.io.grpc.StatusRuntimeException: UNAVAILABLE: io exception
2021-01-20 18:03:02,887 [grpc-default-executor-8] INFO  leader.FollowerInfo (FollowerInfoImpl.java:lambda$new$0(46)) - omNode-1@group-523986131536->omNode-2: nextIndex: updateUnconditionally 102 -> 45
2021-01-20 18:03:02,893 [omNode-3@group-523986131536-StateMachineUpdater] INFO  ratis.OzoneManagerStateMachine (OzoneManagerStateMachine.java:takeSnapshot(345)) - Current Snapshot Index (t:1, i:99)
2021-01-20 18:03:02,893 [omNode-3@group-523986131536-StateMachineUpdater] INFO  impl.StateMachineUpdater (StateMachineUpdater.java:takeSnapshot(279)) - omNode-3@group-523986131536-StateMachineUpdater: Took a snapshot at index 99
2021-01-20 18:03:02,893 [omNode-3@group-523986131536-StateMachineUpdater] INFO  impl.StateMachineUpdater (StateMachineUpdater.java:lambda$new$0(88)) - omNode-3@group-523986131536-StateMachineUpdater: snapshotIndex: updateIncreasingly 49 -> 99
2021-01-20 18:03:02,893 [omNode-3@group-523986131536-StateMachineUpdater] INFO  raftlog.RaftLog (RaftLogBase.java:purge(306)) - omNode-3@group-523986131536-SegmentedRaftLog: purge 99
2021-01-20 18:03:02,893 [omNode-3@group-523986131536-StateMachineUpdater] INFO  raftlog.RaftLog (RaftLogBase.java:lambda$new$0(53)) - omNode-3@group-523986131536-SegmentedRaftLog: snapshotIndex: updateIncreasingly 49 -> 99
2021-01-20 18:03:02,893 [omNode-3@group-523986131536-StateMachineUpdater] INFO  raftlog.RaftLog (RaftLogBase.java:lambda$new$0(53)) - omNode-3@group-523986131536-SegmentedRaftLog: purgeIndex: updateToMax old=49, new=99, updated? true
2021-01-20 18:03:02,894 [grpc-default-executor-8] WARN  server.GrpcLogAppender (LogUtils.java:warn(122)) - omNode-1@group-523986131536->omNode-2-AppendLogResponseHandler: Failed appendEntries: org.apache.ratis.thirdparty.io.grpc.StatusRuntimeException: UNAVAILABLE: io exception
2021-01-20 18:03:02,894 [grpc-default-executor-8] INFO  leader.FollowerInfo (FollowerInfoImpl.java:lambda$new$0(46)) - omNode-1@group-523986131536->omNode-2: nextIndex: updateUnconditionally 102 -> 45
2021-01-20 18:03:02,895 [grpc-default-executor-6] WARN  server.GrpcLogAppender (LogUtils.java:warn(122)) - omNode-1@group-523986131536->omNode-2-AppendLogResponseHandler: Failed appendEntries: org.apache.ratis.thirdparty.io.grpc.StatusRuntimeException: UNAVAILABLE: io exception
2021-01-20 18:03:02,895 [grpc-default-executor-6] INFO  leader.FollowerInfo (FollowerInfoImpl.java:lambda$new$0(46)) - omNode-1@group-523986131536->omNode-2: nextIndex: updateUnconditionally 102 -> 45
2021-01-20 18:03:02,899 [grpc-default-executor-6] WARN  server.GrpcLogAppender (LogUtils.java:warn(122)) - omNode-1@group-523986131536->omNode-2-AppendLogResponseHandler: Failed appendEntries: org.apache.ratis.thirdparty.io.grpc.StatusRuntimeException: UNAVAILABLE: io exception
2021-01-20 18:03:02,900 [grpc-default-executor-6] INFO  leader.FollowerInfo (FollowerInfoImpl.java:lambda$new$0(46)) - omNode-1@group-523986131536->omNode-2: nextIndex: updateUnconditionally 103 -> 45
2021-01-20 18:03:02,909 [grpc-default-executor-8] WARN  server.GrpcLogAppender (LogUtils.java:warn(122)) - omNode-1@group-523986131536->omNode-2-AppendLogResponseHandler: Failed appendEntries: org.apache.ratis.thirdparty.io.grpc.StatusRuntimeException: UNAVAILABLE: io exception
2021-01-20 18:03:02,909 [grpc-default-executor-8] INFO  leader.FollowerInfo (FollowerInfoImpl.java:lambda$new$0(46)) - omNode-1@group-523986131536->omNode-2: nextIndex: updateUnconditionally 103 -> 45
2021-01-20 18:03:02,915 [grpc-default-executor-6] WARN  server.GrpcLogAppender (LogUtils.java:warn(122)) - omNode-1@group-523986131536->omNode-2-AppendLogResponseHandler: Failed appendEntries: org.apache.ratis.thirdparty.io.grpc.StatusRuntimeException: UNAVAILABLE: io exception
2021-01-20 18:03:02,915 [grpc-default-executor-6] INFO  leader.FollowerInfo (FollowerInfoImpl.java:lambda$new$0(46)) - omNode-1@group-523986131536->omNode-2: nextIndex: updateUnconditionally 104 -> 45
2021-01-20 18:03:02,917 [grpc-default-executor-6] WARN  server.GrpcLogAppender (LogUtils.java:warn(122)) - omNode-1@group-523986131536->omNode-2-AppendLogResponseHandler: Failed appendEntries: org.apache.ratis.thirdparty.io.grpc.StatusRuntimeException: UNAVAILABLE: io exception
2021-01-20 18:03:02,917 [grpc-default-executor-6] INFO  leader.FollowerInfo (FollowerInfoImpl.java:lambda$new$0(46)) - omNode-1@group-523986131536->omNode-2: nextIndex: updateUnconditionally 104 -> 45
2021-01-20 18:03:02,918 [grpc-default-executor-6] WARN  server.GrpcLogAppender (LogUtils.java:warn(122)) - omNode-1@group-523986131536->omNode-2-AppendLogResponseHandler: Failed appendEntries: org.apache.ratis.thirdparty.io.grpc.StatusRuntimeException: UNAVAILABLE: io exception
2021-01-20 18:03:02,918 [grpc-default-executor-6] INFO  leader.FollowerInfo (FollowerInfoImpl.java:lambda$new$0(46)) - omNode-1@group-523986131536->omNode-2: nextIndex: updateUnconditionally 105 -> 45
2021-01-20 18:03:02,920 [grpc-default-executor-8] WARN  server.GrpcLogAppender (LogUtils.java:warn(122)) - omNode-1@group-523986131536->omNode-2-AppendLogResponseHandler: Failed appendEntries: org.apache.ratis.thirdparty.io.grpc.StatusRuntimeException: UNAVAILABLE: io exception
2021-01-20 18:03:02,920 [grpc-default-executor-8] INFO  leader.FollowerInfo (FollowerInfoImpl.java:lambda$new$0(46)) - omNode-1@group-523986131536->omNode-2: nextIndex: updateUnconditionally 105 -> 45
2021-01-20 18:03:02,921 [grpc-default-executor-3] WARN  server.GrpcLogAppender (LogUtils.java:warn(122)) - omNode-1@group-523986131536->omNode-2-AppendLogResponseHandler: Failed appendEntries: org.apache.ratis.thirdparty.io.grpc.StatusRuntimeException: UNAVAILABLE: io exception
2021-01-20 18:03:02,922 [grpc-default-executor-3] INFO  leader.FollowerInfo (FollowerInfoImpl.java:lambda$new$0(46)) - omNode-1@group-523986131536->omNode-2: nextIndex: updateUnconditionally 106 -> 45
2021-01-20 18:03:02,927 [grpc-default-executor-3] WARN  server.GrpcLogAppender (LogUtils.java:warn(122)) - omNode-1@group-523986131536->omNode-2-AppendLogResponseHandler: Failed appendEntries: org.apache.ratis.thirdparty.io.grpc.StatusRuntimeException: UNAVAILABLE: io exception
2021-01-20 18:03:02,927 [grpc-default-executor-3] INFO  leader.FollowerInfo (FollowerInfoImpl.java:lambda$new$0(46)) - omNode-1@group-523986131536->omNode-2: nextIndex: updateUnconditionally 106 -> 45
2021-01-20 18:03:02,927 [grpc-default-executor-8] WARN  server.GrpcLogAppender (LogUtils.java:warn(122)) - omNode-1@group-523986131536->omNode-2-AppendLogResponseHandler: Failed appendEntries: org.apache.ratis.thirdparty.io.grpc.StatusRuntimeException: UNAVAILABLE: io exception
2021-01-20 18:03:02,928 [grpc-default-executor-8] INFO  leader.FollowerInfo (FollowerInfoImpl.java:lambda$new$0(46)) - omNode-1@group-523986131536->omNode-2: nextIndex: updateUnconditionally 106 -> 45
2021-01-20 18:03:02,934 [grpc-default-executor-8] WARN  server.GrpcLogAppender (LogUtils.java:warn(122)) - omNode-1@group-523986131536->omNode-2-AppendLogResponseHandler: Failed appendEntries: org.apache.ratis.thirdparty.io.grpc.StatusRuntimeException: UNAVAILABLE: io exception
2021-01-20 18:03:02,935 [grpc-default-executor-8] INFO  leader.FollowerInfo (FollowerInfoImpl.java:lambda$new$0(46)) - omNode-1@group-523986131536->omNode-2: nextIndex: updateUnconditionally 107 -> 45
2021-01-20 18:03:02,938 [grpc-default-executor-3] WARN  server.GrpcLogAppender (LogUtils.java:warn(122)) - omNode-1@group-523986131536->omNode-2-AppendLogResponseHandler: Failed appendEntries: org.apache.ratis.thirdparty.io.grpc.StatusRuntimeException: UNAVAILABLE: io exception
2021-01-20 18:03:02,938 [grpc-default-executor-3] INFO  leader.FollowerInfo (FollowerInfoImpl.java:lambda$new$0(46)) - omNode-1@group-523986131536->omNode-2: nextIndex: updateUnconditionally 107 -> 45
2021-01-20 18:03:02,941 [grpc-default-executor-8] WARN  server.GrpcLogAppender (LogUtils.java:warn(122)) - omNode-1@group-523986131536->omNode-2-AppendLogResponseHandler: Failed appendEntries: org.apache.ratis.thirdparty.io.grpc.StatusRuntimeException: UNAVAILABLE: io exception
2021-01-20 18:03:02,941 [grpc-default-executor-8] INFO  leader.FollowerInfo (FollowerInfoImpl.java:lambda$new$0(46)) - omNode-1@group-523986131536->omNode-2: nextIndex: updateUnconditionally 108 -> 45
2021-01-20 18:03:02,944 [grpc-default-executor-8] WARN  server.GrpcLogAppender (LogUtils.java:warn(122)) - omNode-1@group-523986131536->omNode-2-AppendLogResponseHandler: Failed appendEntries: org.apache.ratis.thirdparty.io.grpc.StatusRuntimeException: UNAVAILABLE: io exception
2021-01-20 18:03:02,944 [grpc-default-executor-8] INFO  leader.FollowerInfo (FollowerInfoImpl.java:lambda$new$0(46)) - omNode-1@group-523986131536->omNode-2: nextIndex: updateUnconditionally 108 -> 45
2021-01-20 18:03:02,946 [grpc-default-executor-8] WARN  server.GrpcLogAppender (LogUtils.java:warn(122)) - omNode-1@group-523986131536->omNode-2-AppendLogResponseHandler: Failed appendEntries: org.apache.ratis.thirdparty.io.grpc.StatusRuntimeException: UNAVAILABLE: io exception
2021-01-20 18:03:02,946 [grpc-default-executor-8] INFO  leader.FollowerInfo (FollowerInfoImpl.java:lambda$new$0(46)) - omNode-1@group-523986131536->omNode-2: nextIndex: updateUnconditionally 109 -> 45
2021-01-20 18:03:02,947 [grpc-default-executor-8] WARN  server.GrpcLogAppender (LogUtils.java:warn(122)) - omNode-1@group-523986131536->omNode-2-AppendLogResponseHandler: Failed appendEntries: org.apache.ratis.thirdparty.io.grpc.StatusRuntimeException: UNAVAILABLE: io exception
2021-01-20 18:03:02,947 [grpc-default-executor-8] INFO  leader.FollowerInfo (FollowerInfoImpl.java:lambda$new$0(46)) - omNode-1@group-523986131536->omNode-2: nextIndex: updateUnconditionally 110 -> 45
2021-01-20 18:03:02,948 [grpc-default-executor-3] WARN  server.GrpcLogAppender (LogUtils.java:warn(122)) - omNode-1@group-523986131536->omNode-2-AppendLogResponseHandler: Failed appendEntries: org.apache.ratis.thirdparty.io.grpc.StatusRuntimeException: UNAVAILABLE: io exception
2021-01-20 18:03:02,949 [grpc-default-executor-3] INFO  leader.FollowerInfo (FollowerInfoImpl.java:lambda$new$0(46)) - omNode-1@group-523986131536->omNode-2: nextIndex: updateUnconditionally 110 -> 45
2021-01-20 18:03:02,950 [grpc-default-executor-3] WARN  server.GrpcLogAppender (LogUtils.java:warn(122)) - omNode-1@group-523986131536->omNode-2-AppendLogResponseHandler: Failed appendEntries: org.apache.ratis.thirdparty.io.grpc.StatusRuntimeException: UNAVAILABLE: io exception
2021-01-20 18:03:02,950 [grpc-default-executor-3] INFO  leader.FollowerInfo (FollowerInfoImpl.java:lambda$new$0(46)) - omNode-1@group-523986131536->omNode-2: nextIndex: updateUnconditionally 111 -> 45
2021-01-20 18:03:02,954 [grpc-default-executor-8] WARN  server.GrpcLogAppender (LogUtils.java:warn(122)) - omNode-1@group-523986131536->omNode-2-AppendLogResponseHandler: Failed appendEntries: org.apache.ratis.thirdparty.io.grpc.StatusRuntimeException: UNAVAILABLE: io exception
2021-01-20 18:03:02,954 [grpc-default-executor-8] INFO  leader.FollowerInfo (FollowerInfoImpl.java:lambda$new$0(46)) - omNode-1@group-523986131536->omNode-2: nextIndex: updateUnconditionally 111 -> 45
2021-01-20 18:03:02,958 [grpc-default-executor-3] WARN  server.GrpcLogAppender (LogUtils.java:warn(122)) - omNode-1@group-523986131536->omNode-2-AppendLogResponseHandler: Failed appendEntries: org.apache.ratis.thirdparty.io.grpc.StatusRuntimeException: UNAVAILABLE: io exception
2021-01-20 18:03:02,958 [grpc-default-executor-3] INFO  leader.FollowerInfo (FollowerInfoImpl.java:lambda$new$0(46)) - omNode-1@group-523986131536->omNode-2: nextIndex: updateUnconditionally 112 -> 45
2021-01-20 18:03:02,960 [grpc-default-executor-3] WARN  server.GrpcLogAppender (LogUtils.java:warn(122)) - omNode-1@group-523986131536->omNode-2-AppendLogResponseHandler: Failed appendEntries: org.apache.ratis.thirdparty.io.grpc.StatusRuntimeException: UNAVAILABLE: io exception
2021-01-20 18:03:02,960 [grpc-default-executor-3] INFO  leader.FollowerInfo (FollowerInfoImpl.java:lambda$new$0(46)) - omNode-1@group-523986131536->omNode-2: nextIndex: updateUnconditionally 112 -> 45
2021-01-20 18:03:02,962 [grpc-default-executor-3] WARN  server.GrpcLogAppender (LogUtils.java:warn(122)) - omNode-1@group-523986131536->omNode-2-AppendLogResponseHandler: Failed appendEntries: org.apache.ratis.thirdparty.io.grpc.StatusRuntimeException: UNAVAILABLE: io exception
2021-01-20 18:03:02,962 [grpc-default-executor-3] INFO  leader.FollowerInfo (FollowerInfoImpl.java:lambda$new$0(46)) - omNode-1@group-523986131536->omNode-2: nextIndex: updateUnconditionally 113 -> 45
2021-01-20 18:03:02,964 [grpc-default-executor-3] WARN  server.GrpcLogAppender (LogUtils.java:warn(122)) - omNode-1@group-523986131536->omNode-2-AppendLogResponseHandler: Failed appendEntries: org.apache.ratis.thirdparty.io.grpc.StatusRuntimeException: UNAVAILABLE: io exception
2021-01-20 18:03:02,964 [grpc-default-executor-3] INFO  leader.FollowerInfo (FollowerInfoImpl.java:lambda$new$0(46)) - omNode-1@group-523986131536->omNode-2: nextIndex: updateUnconditionally 114 -> 45
2021-01-20 18:03:02,965 [grpc-default-executor-3] WARN  server.GrpcLogAppender (LogUtils.java:warn(122)) - omNode-1@group-523986131536->omNode-2-AppendLogResponseHandler: Failed appendEntries: org.apache.ratis.thirdparty.io.grpc.StatusRuntimeException: UNAVAILABLE: io exception
2021-01-20 18:03:02,966 [grpc-default-executor-3] INFO  leader.FollowerInfo (FollowerInfoImpl.java:lambda$new$0(46)) - omNode-1@group-523986131536->omNode-2: nextIndex: updateUnconditionally 114 -> 45
2021-01-20 18:03:02,970 [grpc-default-executor-3] WARN  server.GrpcLogAppender (LogUtils.java:warn(122)) - omNode-1@group-523986131536->omNode-2-AppendLogResponseHandler: Failed appendEntries: org.apache.ratis.thirdparty.io.grpc.StatusRuntimeException: UNAVAILABLE: io exception
2021-01-20 18:03:02,970 [grpc-default-executor-3] INFO  leader.FollowerInfo (FollowerInfoImpl.java:lambda$new$0(46)) - omNode-1@group-523986131536->omNode-2: nextIndex: updateUnconditionally 115 -> 45
2021-01-20 18:03:02,974 [grpc-default-executor-8] WARN  server.GrpcLogAppender (LogUtils.java:warn(122)) - omNode-1@group-523986131536->omNode-2-AppendLogResponseHandler: Failed appendEntries: org.apache.ratis.thirdparty.io.grpc.StatusRuntimeException: UNAVAILABLE: io exception
2021-01-20 18:03:02,975 [grpc-default-executor-8] INFO  leader.FollowerInfo (FollowerInfoImpl.java:lambda$new$0(46)) - omNode-1@group-523986131536->omNode-2: nextIndex: updateUnconditionally 115 -> 45
2021-01-20 18:03:02,977 [grpc-default-executor-8] WARN  server.GrpcLogAppender (LogUtils.java:warn(122)) - omNode-1@group-523986131536->omNode-2-AppendLogResponseHandler: Failed appendEntries: org.apache.ratis.thirdparty.io.grpc.StatusRuntimeException: UNAVAILABLE: io exception
2021-01-20 18:03:02,977 [grpc-default-executor-8] INFO  leader.FollowerInfo (FollowerInfoImpl.java:lambda$new$0(46)) - omNode-1@group-523986131536->omNode-2: nextIndex: updateUnconditionally 116 -> 45
2021-01-20 18:03:02,981 [grpc-default-executor-8] WARN  server.GrpcLogAppender (LogUtils.java:warn(122)) - omNode-1@group-523986131536->omNode-2-AppendLogResponseHandler: Failed appendEntries: org.apache.ratis.thirdparty.io.grpc.StatusRuntimeException: UNAVAILABLE: io exception
2021-01-20 18:03:02,981 [grpc-default-executor-8] INFO  leader.FollowerInfo (FollowerInfoImpl.java:lambda$new$0(46)) - omNode-1@group-523986131536->omNode-2: nextIndex: updateUnconditionally 116 -> 45
2021-01-20 18:03:02,983 [grpc-default-executor-3] WARN  server.GrpcLogAppender (LogUtils.java:warn(122)) - omNode-1@group-523986131536->omNode-2-AppendLogResponseHandler: Failed appendEntries: org.apache.ratis.thirdparty.io.grpc.StatusRuntimeException: UNAVAILABLE: io exception
2021-01-20 18:03:02,983 [grpc-default-executor-3] INFO  leader.FollowerInfo (FollowerInfoImpl.java:lambda$new$0(46)) - omNode-1@group-523986131536->omNode-2: nextIndex: updateUnconditionally 117 -> 45
2021-01-20 18:03:02,985 [grpc-default-executor-6] WARN  server.GrpcLogAppender (LogUtils.java:warn(122)) - omNode-1@group-523986131536->omNode-2-AppendLogResponseHandler: Failed appendEntries: org.apache.ratis.thirdparty.io.grpc.StatusRuntimeException: UNAVAILABLE: io exception
2021-01-20 18:03:02,985 [grpc-default-executor-6] INFO  leader.FollowerInfo (FollowerInfoImpl.java:lambda$new$0(46)) - omNode-1@group-523986131536->omNode-2: nextIndex: updateUnconditionally 118 -> 45
2021-01-20 18:03:02,989 [grpc-default-executor-6] WARN  server.GrpcLogAppender (LogUtils.java:warn(122)) - omNode-1@group-523986131536->omNode-2-AppendLogResponseHandler: Failed appendEntries: org.apache.ratis.thirdparty.io.grpc.StatusRuntimeException: UNAVAILABLE: io exception
2021-01-20 18:03:02,989 [grpc-default-executor-6] INFO  leader.FollowerInfo (FollowerInfoImpl.java:lambda$new$0(46)) - omNode-1@group-523986131536->omNode-2: nextIndex: updateUnconditionally 118 -> 45
2021-01-20 18:03:02,992 [grpc-default-executor-8] WARN  server.GrpcLogAppender (LogUtils.java:warn(122)) - omNode-1@group-523986131536->omNode-2-AppendLogResponseHandler: Failed appendEntries: org.apache.ratis.thirdparty.io.grpc.StatusRuntimeException: UNAVAILABLE: io exception
2021-01-20 18:03:02,993 [grpc-default-executor-8] INFO  leader.FollowerInfo (FollowerInfoImpl.java:lambda$new$0(46)) - omNode-1@group-523986131536->omNode-2: nextIndex: updateUnconditionally 119 -> 45
2021-01-20 18:03:02,998 [grpc-default-executor-8] WARN  server.GrpcLogAppender (LogUtils.java:warn(122)) - omNode-1@group-523986131536->omNode-2-AppendLogResponseHandler: Failed appendEntries: org.apache.ratis.thirdparty.io.grpc.StatusRuntimeException: UNAVAILABLE: io exception
2021-01-20 18:03:02,998 [grpc-default-executor-8] INFO  leader.FollowerInfo (FollowerInfoImpl.java:lambda$new$0(46)) - omNode-1@group-523986131536->omNode-2: nextIndex: updateUnconditionally 119 -> 45
2021-01-20 18:03:03,000 [grpc-default-executor-3] WARN  server.GrpcLogAppender (LogUtils.java:warn(122)) - omNode-1@group-523986131536->omNode-2-AppendLogResponseHandler: Failed appendEntries: org.apache.ratis.thirdparty.io.grpc.StatusRuntimeException: UNAVAILABLE: io exception
2021-01-20 18:03:03,000 [grpc-default-executor-3] INFO  leader.FollowerInfo (FollowerInfoImpl.java:lambda$new$0(46)) - omNode-1@group-523986131536->omNode-2: nextIndex: updateUnconditionally 120 -> 45
2021-01-20 18:03:03,001 [grpc-default-executor-3] WARN  server.GrpcLogAppender (LogUtils.java:warn(122)) - omNode-1@group-523986131536->omNode-2-AppendLogResponseHandler: Failed appendEntries: org.apache.ratis.thirdparty.io.grpc.StatusRuntimeException: UNAVAILABLE: io exception
2021-01-20 18:03:03,001 [grpc-default-executor-3] INFO  leader.FollowerInfo (FollowerInfoImpl.java:lambda$new$0(46)) - omNode-1@group-523986131536->omNode-2: nextIndex: updateUnconditionally 121 -> 45
2021-01-20 18:03:03,007 [grpc-default-executor-6] WARN  server.GrpcLogAppender (LogUtils.java:warn(122)) - omNode-1@group-523986131536->omNode-2-AppendLogResponseHandler: Failed appendEntries: org.apache.ratis.thirdparty.io.grpc.StatusRuntimeException: UNAVAILABLE: io exception
2021-01-20 18:03:03,007 [grpc-default-executor-6] INFO  leader.FollowerInfo (FollowerInfoImpl.java:lambda$new$0(46)) - omNode-1@group-523986131536->omNode-2: nextIndex: updateUnconditionally 122 -> 45
2021-01-20 18:03:03,009 [grpc-default-executor-6] WARN  server.GrpcLogAppender (LogUtils.java:warn(122)) - omNode-1@group-523986131536->omNode-2-AppendLogResponseHandler: Failed appendEntries: org.apache.ratis.thirdparty.io.grpc.StatusRuntimeException: UNAVAILABLE: io exception
2021-01-20 18:03:03,010 [grpc-default-executor-6] INFO  leader.FollowerInfo (FollowerInfoImpl.java:lambda$new$0(46)) - omNode-1@group-523986131536->omNode-2: nextIndex: updateUnconditionally 122 -> 45
2021-01-20 18:03:03,011 [grpc-default-executor-8] WARN  server.GrpcLogAppender (LogUtils.java:warn(122)) - omNode-1@group-523986131536->omNode-2-AppendLogResponseHandler: Failed appendEntries: org.apache.ratis.thirdparty.io.grpc.StatusRuntimeException: UNAVAILABLE: io exception
2021-01-20 18:03:03,012 [grpc-default-executor-8] INFO  leader.FollowerInfo (FollowerInfoImpl.java:lambda$new$0(46)) - omNode-1@group-523986131536->omNode-2: nextIndex: updateUnconditionally 123 -> 45
2021-01-20 18:03:03,018 [grpc-default-executor-6] WARN  server.GrpcLogAppender (LogUtils.java:warn(122)) - omNode-1@group-523986131536->omNode-2-AppendLogResponseHandler: Failed appendEntries: org.apache.ratis.thirdparty.io.grpc.StatusRuntimeException: UNAVAILABLE: io exception
2021-01-20 18:03:03,018 [grpc-default-executor-6] INFO  leader.FollowerInfo (FollowerInfoImpl.java:lambda$new$0(46)) - omNode-1@group-523986131536->omNode-2: nextIndex: updateUnconditionally 123 -> 45
2021-01-20 18:03:03,020 [grpc-default-executor-6] WARN  server.GrpcLogAppender (LogUtils.java:warn(122)) - omNode-1@group-523986131536->omNode-2-AppendLogResponseHandler: Failed appendEntries: org.apache.ratis.thirdparty.io.grpc.StatusRuntimeException: UNAVAILABLE: io exception
2021-01-20 18:03:03,020 [grpc-default-executor-6] INFO  leader.FollowerInfo (FollowerInfoImpl.java:lambda$new$0(46)) - omNode-1@group-523986131536->omNode-2: nextIndex: updateUnconditionally 124 -> 45
2021-01-20 18:03:03,021 [grpc-default-executor-8] WARN  server.GrpcLogAppender (LogUtils.java:warn(122)) - omNode-1@group-523986131536->omNode-2-AppendLogResponseHandler: Failed appendEntries: org.apache.ratis.thirdparty.io.grpc.StatusRuntimeException: UNAVAILABLE: io exception
2021-01-20 18:03:03,021 [grpc-default-executor-8] INFO  leader.FollowerInfo (FollowerInfoImpl.java:lambda$new$0(46)) - omNode-1@group-523986131536->omNode-2: nextIndex: updateUnconditionally 125 -> 45
2021-01-20 18:03:03,023 [grpc-default-executor-8] WARN  server.GrpcLogAppender (LogUtils.java:warn(122)) - omNode-1@group-523986131536->omNode-2-AppendLogResponseHandler: Failed appendEntries: org.apache.ratis.thirdparty.io.grpc.StatusRuntimeException: UNAVAILABLE: io exception
2021-01-20 18:03:03,023 [grpc-default-executor-8] INFO  leader.FollowerInfo (FollowerInfoImpl.java:lambda$new$0(46)) - omNode-1@group-523986131536->omNode-2: nextIndex: updateUnconditionally 126 -> 45
2021-01-20 18:03:03,024 [grpc-default-executor-8] WARN  server.GrpcLogAppender (LogUtils.java:warn(122)) - omNode-1@group-523986131536->omNode-2-AppendLogResponseHandler: Failed appendEntries: org.apache.ratis.thirdparty.io.grpc.StatusRuntimeException: UNAVAILABLE: io exception
2021-01-20 18:03:03,025 [grpc-default-executor-8] INFO  leader.FollowerInfo (FollowerInfoImpl.java:lambda$new$0(46)) - omNode-1@group-523986131536->omNode-2: nextIndex: updateUnconditionally 126 -> 45
2021-01-20 18:03:03,025 [grpc-default-executor-6] WARN  server.GrpcLogAppender (LogUtils.java:warn(122)) - omNode-1@group-523986131536->omNode-2-AppendLogResponseHandler: Failed appendEntries: org.apache.ratis.thirdparty.io.grpc.StatusRuntimeException: UNAVAILABLE: io exception
2021-01-20 18:03:03,025 [grpc-default-executor-6] INFO  leader.FollowerInfo (FollowerInfoImpl.java:lambda$new$0(46)) - omNode-1@group-523986131536->omNode-2: nextIndex: updateUnconditionally 126 -> 45
2021-01-20 18:03:03,027 [grpc-default-executor-6] WARN  server.GrpcLogAppender (LogUtils.java:warn(122)) - omNode-1@group-523986131536->omNode-2-AppendLogResponseHandler: Failed appendEntries: org.apache.ratis.thirdparty.io.grpc.StatusRuntimeException: UNAVAILABLE: io exception
2021-01-20 18:03:03,027 [grpc-default-executor-6] INFO  leader.FollowerInfo (FollowerInfoImpl.java:lambda$new$0(46)) - omNode-1@group-523986131536->omNode-2: nextIndex: updateUnconditionally 127 -> 45
2021-01-20 18:03:03,031 [grpc-default-executor-6] WARN  server.GrpcLogAppender (LogUtils.java:warn(122)) - omNode-1@group-523986131536->omNode-2-AppendLogResponseHandler: Failed appendEntries: org.apache.ratis.thirdparty.io.grpc.StatusRuntimeException: UNAVAILABLE: io exception
2021-01-20 18:03:03,032 [grpc-default-executor-6] INFO  leader.FollowerInfo (FollowerInfoImpl.java:lambda$new$0(46)) - omNode-1@group-523986131536->omNode-2: nextIndex: updateUnconditionally 127 -> 45
2021-01-20 18:03:03,035 [grpc-default-executor-3] WARN  server.GrpcLogAppender (LogUtils.java:warn(122)) - omNode-1@group-523986131536->omNode-2-AppendLogResponseHandler: Failed appendEntries: org.apache.ratis.thirdparty.io.grpc.StatusRuntimeException: UNAVAILABLE: io exception
2021-01-20 18:03:03,035 [grpc-default-executor-3] INFO  leader.FollowerInfo (FollowerInfoImpl.java:lambda$new$0(46)) - omNode-1@group-523986131536->omNode-2: nextIndex: updateUnconditionally 128 -> 45
2021-01-20 18:03:03,045 [grpc-default-executor-3] WARN  server.GrpcLogAppender (LogUtils.java:warn(122)) - omNode-1@group-523986131536->omNode-2-AppendLogResponseHandler: Failed appendEntries: org.apache.ratis.thirdparty.io.grpc.StatusRuntimeException: UNAVAILABLE: io exception
2021-01-20 18:03:03,045 [grpc-default-executor-3] INFO  leader.FollowerInfo (FollowerInfoImpl.java:lambda$new$0(46)) - omNode-1@group-523986131536->omNode-2: nextIndex: updateUnconditionally 128 -> 45
2021-01-20 18:03:03,046 [grpc-default-executor-6] WARN  server.GrpcLogAppender (LogUtils.java:warn(122)) - omNode-1@group-523986131536->omNode-2-AppendLogResponseHandler: Failed appendEntries: org.apache.ratis.thirdparty.io.grpc.StatusRuntimeException: UNAVAILABLE: io exception
2021-01-20 18:03:03,046 [grpc-default-executor-6] INFO  leader.FollowerInfo (FollowerInfoImpl.java:lambda$new$0(46)) - omNode-1@group-523986131536->omNode-2: nextIndex: updateUnconditionally 129 -> 45
2021-01-20 18:03:03,049 [grpc-default-executor-6] WARN  server.GrpcLogAppender (LogUtils.java:warn(122)) - omNode-1@group-523986131536->omNode-2-AppendLogResponseHandler: Failed appendEntries: org.apache.ratis.thirdparty.io.grpc.StatusRuntimeException: UNAVAILABLE: io exception
2021-01-20 18:03:03,049 [grpc-default-executor-6] INFO  leader.FollowerInfo (FollowerInfoImpl.java:lambda$new$0(46)) - omNode-1@group-523986131536->omNode-2: nextIndex: updateUnconditionally 130 -> 45
2021-01-20 18:03:03,051 [grpc-default-executor-6] WARN  server.GrpcLogAppender (LogUtils.java:warn(122)) - omNode-1@group-523986131536->omNode-2-AppendLogResponseHandler: Failed appendEntries: org.apache.ratis.thirdparty.io.grpc.StatusRuntimeException: UNAVAILABLE: io exception
2021-01-20 18:03:03,051 [grpc-default-executor-6] INFO  leader.FollowerInfo (FollowerInfoImpl.java:lambda$new$0(46)) - omNode-1@group-523986131536->omNode-2: nextIndex: updateUnconditionally 130 -> 45
2021-01-20 18:03:03,056 [grpc-default-executor-6] WARN  server.GrpcLogAppender (LogUtils.java:warn(122)) - omNode-1@group-523986131536->omNode-2-AppendLogResponseHandler: Failed appendEntries: org.apache.ratis.thirdparty.io.grpc.StatusRuntimeException: UNAVAILABLE: io exception
2021-01-20 18:03:03,056 [grpc-default-executor-6] INFO  leader.FollowerInfo (FollowerInfoImpl.java:lambda$new$0(46)) - omNode-1@group-523986131536->omNode-2: nextIndex: updateUnconditionally 131 -> 45
2021-01-20 18:03:03,062 [grpc-default-executor-3] WARN  server.GrpcLogAppender (LogUtils.java:warn(122)) - omNode-1@group-523986131536->omNode-2-AppendLogResponseHandler: Failed appendEntries: org.apache.ratis.thirdparty.io.grpc.StatusRuntimeException: UNAVAILABLE: io exception
2021-01-20 18:03:03,062 [grpc-default-executor-3] INFO  leader.FollowerInfo (FollowerInfoImpl.java:lambda$new$0(46)) - omNode-1@group-523986131536->omNode-2: nextIndex: updateUnconditionally 131 -> 45
2021-01-20 18:03:03,064 [grpc-default-executor-3] WARN  server.GrpcLogAppender (LogUtils.java:warn(122)) - omNode-1@group-523986131536->omNode-2-AppendLogResponseHandler: Failed appendEntries: org.apache.ratis.thirdparty.io.grpc.StatusRuntimeException: UNAVAILABLE: io exception
2021-01-20 18:03:03,064 [grpc-default-executor-3] INFO  leader.FollowerInfo (FollowerInfoImpl.java:lambda$new$0(46)) - omNode-1@group-523986131536->omNode-2: nextIndex: updateUnconditionally 131 -> 45
2021-01-20 18:03:03,066 [grpc-default-executor-6] WARN  server.GrpcLogAppender (LogUtils.java:warn(122)) - omNode-1@group-523986131536->omNode-2-AppendLogResponseHandler: Failed appendEntries: org.apache.ratis.thirdparty.io.grpc.StatusRuntimeException: UNAVAILABLE: io exception
2021-01-20 18:03:03,067 [grpc-default-executor-6] INFO  leader.FollowerInfo (FollowerInfoImpl.java:lambda$new$0(46)) - omNode-1@group-523986131536->omNode-2: nextIndex: updateUnconditionally 132 -> 45
2021-01-20 18:03:03,069 [grpc-default-executor-3] WARN  server.GrpcLogAppender (LogUtils.java:warn(122)) - omNode-1@group-523986131536->omNode-2-AppendLogResponseHandler: Failed appendEntries: org.apache.ratis.thirdparty.io.grpc.StatusRuntimeException: UNAVAILABLE: io exception
2021-01-20 18:03:03,069 [grpc-default-executor-3] INFO  leader.FollowerInfo (FollowerInfoImpl.java:lambda$new$0(46)) - omNode-1@group-523986131536->omNode-2: nextIndex: updateUnconditionally 132 -> 45
2021-01-20 18:03:03,070 [grpc-default-executor-6] WARN  server.GrpcLogAppender (LogUtils.java:warn(122)) - omNode-1@group-523986131536->omNode-2-AppendLogResponseHandler: Failed appendEntries: org.apache.ratis.thirdparty.io.grpc.StatusRuntimeException: UNAVAILABLE: io exception
2021-01-20 18:03:03,070 [grpc-default-executor-6] INFO  leader.FollowerInfo (FollowerInfoImpl.java:lambda$new$0(46)) - omNode-1@group-523986131536->omNode-2: nextIndex: updateUnconditionally 133 -> 45
2021-01-20 18:03:03,072 [grpc-default-executor-3] WARN  server.GrpcLogAppender (LogUtils.java:warn(122)) - omNode-1@group-523986131536->omNode-2-AppendLogResponseHandler: Failed appendEntries: org.apache.ratis.thirdparty.io.grpc.StatusRuntimeException: UNAVAILABLE: io exception
2021-01-20 18:03:03,072 [grpc-default-executor-3] INFO  leader.FollowerInfo (FollowerInfoImpl.java:lambda$new$0(46)) - omNode-1@group-523986131536->omNode-2: nextIndex: updateUnconditionally 134 -> 45
2021-01-20 18:03:03,075 [grpc-default-executor-3] WARN  server.GrpcLogAppender (LogUtils.java:warn(122)) - omNode-1@group-523986131536->omNode-2-AppendLogResponseHandler: Failed appendEntries: org.apache.ratis.thirdparty.io.grpc.StatusRuntimeException: UNAVAILABLE: io exception
2021-01-20 18:03:03,075 [grpc-default-executor-3] INFO  leader.FollowerInfo (FollowerInfoImpl.java:lambda$new$0(46)) - omNode-1@group-523986131536->omNode-2: nextIndex: updateUnconditionally 134 -> 45
2021-01-20 18:03:03,078 [grpc-default-executor-3] WARN  server.GrpcLogAppender (LogUtils.java:warn(122)) - omNode-1@group-523986131536->omNode-2-AppendLogResponseHandler: Failed appendEntries: org.apache.ratis.thirdparty.io.grpc.StatusRuntimeException: UNAVAILABLE: io exception
2021-01-20 18:03:03,078 [grpc-default-executor-3] INFO  leader.FollowerInfo (FollowerInfoImpl.java:lambda$new$0(46)) - omNode-1@group-523986131536->omNode-2: nextIndex: updateUnconditionally 135 -> 45
2021-01-20 18:03:03,085 [grpc-default-executor-6] WARN  server.GrpcLogAppender (LogUtils.java:warn(122)) - omNode-1@group-523986131536->omNode-2-AppendLogResponseHandler: Failed appendEntries: org.apache.ratis.thirdparty.io.grpc.StatusRuntimeException: UNAVAILABLE: io exception
2021-01-20 18:03:03,085 [grpc-default-executor-6] INFO  leader.FollowerInfo (FollowerInfoImpl.java:lambda$new$0(46)) - omNode-1@group-523986131536->omNode-2: nextIndex: updateUnconditionally 135 -> 45
2021-01-20 18:03:03,086 [grpc-default-executor-3] WARN  server.GrpcLogAppender (LogUtils.java:warn(122)) - omNode-1@group-523986131536->omNode-2-AppendLogResponseHandler: Failed appendEntries: org.apache.ratis.thirdparty.io.grpc.StatusRuntimeException: UNAVAILABLE: io exception
2021-01-20 18:03:03,086 [grpc-default-executor-3] INFO  leader.FollowerInfo (FollowerInfoImpl.java:lambda$new$0(46)) - omNode-1@group-523986131536->omNode-2: nextIndex: updateUnconditionally 135 -> 45
2021-01-20 18:03:03,093 [grpc-default-executor-3] WARN  server.GrpcLogAppender (LogUtils.java:warn(122)) - omNode-1@group-523986131536->omNode-2-AppendLogResponseHandler: Failed appendEntries: org.apache.ratis.thirdparty.io.grpc.StatusRuntimeException: UNAVAILABLE: io exception
2021-01-20 18:03:03,094 [grpc-default-executor-3] INFO  leader.FollowerInfo (FollowerInfoImpl.java:lambda$new$0(46)) - omNode-1@group-523986131536->omNode-2: nextIndex: updateUnconditionally 136 -> 45
2021-01-20 18:03:03,096 [grpc-default-executor-3] WARN  server.GrpcLogAppender (LogUtils.java:warn(122)) - omNode-1@group-523986131536->omNode-2-AppendLogResponseHandler: Failed appendEntries: org.apache.ratis.thirdparty.io.grpc.StatusRuntimeException: UNAVAILABLE: io exception
2021-01-20 18:03:03,097 [grpc-default-executor-3] INFO  leader.FollowerInfo (FollowerInfoImpl.java:lambda$new$0(46)) - omNode-1@group-523986131536->omNode-2: nextIndex: updateUnconditionally 136 -> 45
2021-01-20 18:03:03,098 [grpc-default-executor-6] WARN  server.GrpcLogAppender (LogUtils.java:warn(122)) - omNode-1@group-523986131536->omNode-2-AppendLogResponseHandler: Failed appendEntries: org.apache.ratis.thirdparty.io.grpc.StatusRuntimeException: UNAVAILABLE: io exception
2021-01-20 18:03:03,098 [grpc-default-executor-6] INFO  leader.FollowerInfo (FollowerInfoImpl.java:lambda$new$0(46)) - omNode-1@group-523986131536->omNode-2: nextIndex: updateUnconditionally 137 -> 45
2021-01-20 18:03:03,100 [grpc-default-executor-8] WARN  server.GrpcLogAppender (LogUtils.java:warn(122)) - omNode-1@group-523986131536->omNode-2-AppendLogResponseHandler: Failed appendEntries: org.apache.ratis.thirdparty.io.grpc.StatusRuntimeException: UNAVAILABLE: io exception
2021-01-20 18:03:03,100 [grpc-default-executor-8] INFO  leader.FollowerInfo (FollowerInfoImpl.java:lambda$new$0(46)) - omNode-1@group-523986131536->omNode-2: nextIndex: updateUnconditionally 138 -> 45
2021-01-20 18:03:03,104 [grpc-default-executor-3] WARN  server.GrpcLogAppender (LogUtils.java:warn(122)) - omNode-1@group-523986131536->omNode-2-AppendLogResponseHandler: Failed appendEntries: org.apache.ratis.thirdparty.io.grpc.StatusRuntimeException: UNAVAILABLE: io exception
2021-01-20 18:03:03,105 [grpc-default-executor-3] INFO  leader.FollowerInfo (FollowerInfoImpl.java:lambda$new$0(46)) - omNode-1@group-523986131536->omNode-2: nextIndex: updateUnconditionally 138 -> 45
2021-01-20 18:03:03,109 [grpc-default-executor-3] WARN  server.GrpcLogAppender (LogUtils.java:warn(122)) - omNode-1@group-523986131536->omNode-2-AppendLogResponseHandler: Failed appendEntries: org.apache.ratis.thirdparty.io.grpc.StatusRuntimeException: UNAVAILABLE: io exception
2021-01-20 18:03:03,109 [grpc-default-executor-3] INFO  leader.FollowerInfo (FollowerInfoImpl.java:lambda$new$0(46)) - omNode-1@group-523986131536->omNode-2: nextIndex: updateUnconditionally 139 -> 45
2021-01-20 18:03:03,114 [grpc-default-executor-3] WARN  server.GrpcLogAppender (LogUtils.java:warn(122)) - omNode-1@group-523986131536->omNode-2-AppendLogResponseHandler: Failed appendEntries: org.apache.ratis.thirdparty.io.grpc.StatusRuntimeException: UNAVAILABLE: io exception
2021-01-20 18:03:03,114 [grpc-default-executor-3] INFO  leader.FollowerInfo (FollowerInfoImpl.java:lambda$new$0(46)) - omNode-1@group-523986131536->omNode-2: nextIndex: updateUnconditionally 139 -> 45
2021-01-20 18:03:03,118 [grpc-default-executor-6] WARN  server.GrpcLogAppender (LogUtils.java:warn(122)) - omNode-1@group-523986131536->omNode-2-AppendLogResponseHandler: Failed appendEntries: org.apache.ratis.thirdparty.io.grpc.StatusRuntimeException: UNAVAILABLE: io exception
2021-01-20 18:03:03,118 [grpc-default-executor-6] INFO  leader.FollowerInfo (FollowerInfoImpl.java:lambda$new$0(46)) - omNode-1@group-523986131536->omNode-2: nextIndex: updateUnconditionally 140 -> 45
2021-01-20 18:03:03,124 [grpc-default-executor-6] WARN  server.GrpcLogAppender (LogUtils.java:warn(122)) - omNode-1@group-523986131536->omNode-2-AppendLogResponseHandler: Failed appendEntries: org.apache.ratis.thirdparty.io.grpc.StatusRuntimeException: UNAVAILABLE: io exception
2021-01-20 18:03:03,126 [grpc-default-executor-6] INFO  leader.FollowerInfo (FollowerInfoImpl.java:lambda$new$0(46)) - omNode-1@group-523986131536->omNode-2: nextIndex: updateUnconditionally 140 -> 45
2021-01-20 18:03:03,129 [grpc-default-executor-3] WARN  server.GrpcLogAppender (LogUtils.java:warn(122)) - omNode-1@group-523986131536->omNode-2-AppendLogResponseHandler: Failed appendEntries: org.apache.ratis.thirdparty.io.grpc.StatusRuntimeException: UNAVAILABLE: io exception
2021-01-20 18:03:03,129 [grpc-default-executor-3] INFO  leader.FollowerInfo (FollowerInfoImpl.java:lambda$new$0(46)) - omNode-1@group-523986131536->omNode-2: nextIndex: updateUnconditionally 141 -> 45
2021-01-20 18:03:03,134 [grpc-default-executor-3] WARN  server.GrpcLogAppender (LogUtils.java:warn(122)) - omNode-1@group-523986131536->omNode-2-AppendLogResponseHandler: Failed appendEntries: org.apache.ratis.thirdparty.io.grpc.StatusRuntimeException: UNAVAILABLE: io exception
2021-01-20 18:03:03,135 [grpc-default-executor-3] INFO  leader.FollowerInfo (FollowerInfoImpl.java:lambda$new$0(46)) - omNode-1@group-523986131536->omNode-2: nextIndex: updateUnconditionally 142 -> 45
2021-01-20 18:03:03,138 [grpc-default-executor-3] WARN  server.GrpcLogAppender (LogUtils.java:warn(122)) - omNode-1@group-523986131536->omNode-2-AppendLogResponseHandler: Failed appendEntries: org.apache.ratis.thirdparty.io.grpc.StatusRuntimeException: UNAVAILABLE: io exception
2021-01-20 18:03:03,138 [grpc-default-executor-3] INFO  leader.FollowerInfo (FollowerInfoImpl.java:lambda$new$0(46)) - omNode-1@group-523986131536->omNode-2: nextIndex: updateUnconditionally 143 -> 45
2021-01-20 18:03:03,148 [grpc-default-executor-3] WARN  server.GrpcLogAppender (LogUtils.java:warn(122)) - omNode-1@group-523986131536->omNode-2-AppendLogResponseHandler: Failed appendEntries: org.apache.ratis.thirdparty.io.grpc.StatusRuntimeException: UNAVAILABLE: io exception
2021-01-20 18:03:03,148 [grpc-default-executor-3] INFO  leader.FollowerInfo (FollowerInfoImpl.java:lambda$new$0(46)) - omNode-1@group-523986131536->omNode-2: nextIndex: updateUnconditionally 144 -> 45
2021-01-20 18:03:03,155 [grpc-default-executor-3] WARN  server.GrpcLogAppender (LogUtils.java:warn(122)) - omNode-1@group-523986131536->omNode-2-AppendLogResponseHandler: Failed appendEntries: org.apache.ratis.thirdparty.io.grpc.StatusRuntimeException: UNAVAILABLE: io exception
2021-01-20 18:03:03,155 [grpc-default-executor-3] INFO  leader.FollowerInfo (FollowerInfoImpl.java:lambda$new$0(46)) - omNode-1@group-523986131536->omNode-2: nextIndex: updateUnconditionally 145 -> 45
2021-01-20 18:03:03,156 [grpc-default-executor-3] WARN  server.GrpcLogAppender (LogUtils.java:warn(122)) - omNode-1@group-523986131536->omNode-2-AppendLogResponseHandler: Failed appendEntries: org.apache.ratis.thirdparty.io.grpc.StatusRuntimeException: UNAVAILABLE: io exception
2021-01-20 18:03:03,157 [grpc-default-executor-3] INFO  leader.FollowerInfo (FollowerInfoImpl.java:lambda$new$0(46)) - omNode-1@group-523986131536->omNode-2: nextIndex: updateUnconditionally 146 -> 45
2021-01-20 18:03:03,159 [grpc-default-executor-3] WARN  server.GrpcLogAppender (LogUtils.java:warn(122)) - omNode-1@group-523986131536->omNode-2-AppendLogResponseHandler: Failed appendEntries: org.apache.ratis.thirdparty.io.grpc.StatusRuntimeException: UNAVAILABLE: io exception
2021-01-20 18:03:03,159 [grpc-default-executor-3] INFO  leader.FollowerInfo (FollowerInfoImpl.java:lambda$new$0(46)) - omNode-1@group-523986131536->omNode-2: nextIndex: updateUnconditionally 146 -> 45
2021-01-20 18:03:03,160 [grpc-default-executor-3] WARN  server.GrpcLogAppender (LogUtils.java:warn(122)) - omNode-1@group-523986131536->omNode-2-AppendLogResponseHandler: Failed appendEntries: org.apache.ratis.thirdparty.io.grpc.StatusRuntimeException: UNAVAILABLE: io exception
2021-01-20 18:03:03,160 [grpc-default-executor-3] INFO  leader.FollowerInfo (FollowerInfoImpl.java:lambda$new$0(46)) - omNode-1@group-523986131536->omNode-2: nextIndex: updateUnconditionally 146 -> 45
2021-01-20 18:03:03,163 [grpc-default-executor-3] WARN  server.GrpcLogAppender (LogUtils.java:warn(122)) - omNode-1@group-523986131536->omNode-2-AppendLogResponseHandler: Failed appendEntries: org.apache.ratis.thirdparty.io.grpc.StatusRuntimeException: UNAVAILABLE: io exception
2021-01-20 18:03:03,163 [grpc-default-executor-3] INFO  leader.FollowerInfo (FollowerInfoImpl.java:lambda$new$0(46)) - omNode-1@group-523986131536->omNode-2: nextIndex: updateUnconditionally 147 -> 45
2021-01-20 18:03:03,171 [grpc-default-executor-3] WARN  server.GrpcLogAppender (LogUtils.java:warn(122)) - omNode-1@group-523986131536->omNode-2-AppendLogResponseHandler: Failed appendEntries: org.apache.ratis.thirdparty.io.grpc.StatusRuntimeException: UNAVAILABLE: io exception
2021-01-20 18:03:03,171 [grpc-default-executor-3] INFO  leader.FollowerInfo (FollowerInfoImpl.java:lambda$new$0(46)) - omNode-1@group-523986131536->omNode-2: nextIndex: updateUnconditionally 148 -> 45
2021-01-20 18:03:03,177 [grpc-default-executor-3] WARN  server.GrpcLogAppender (LogUtils.java:warn(122)) - omNode-1@group-523986131536->omNode-2-AppendLogResponseHandler: Failed appendEntries: org.apache.ratis.thirdparty.io.grpc.StatusRuntimeException: UNAVAILABLE: io exception
2021-01-20 18:03:03,177 [grpc-default-executor-3] INFO  leader.FollowerInfo (FollowerInfoImpl.java:lambda$new$0(46)) - omNode-1@group-523986131536->omNode-2: nextIndex: updateUnconditionally 148 -> 45
2021-01-20 18:03:03,181 [grpc-default-executor-3] WARN  server.GrpcLogAppender (LogUtils.java:warn(122)) - omNode-1@group-523986131536->omNode-2-AppendLogResponseHandler: Failed appendEntries: org.apache.ratis.thirdparty.io.grpc.StatusRuntimeException: UNAVAILABLE: io exception
2021-01-20 18:03:03,181 [grpc-default-executor-3] INFO  leader.FollowerInfo (FollowerInfoImpl.java:lambda$new$0(46)) - omNode-1@group-523986131536->omNode-2: nextIndex: updateUnconditionally 149 -> 45
2021-01-20 18:03:03,182 [grpc-default-executor-3] WARN  server.GrpcLogAppender (LogUtils.java:warn(122)) - omNode-1@group-523986131536->omNode-2-AppendLogResponseHandler: Failed appendEntries: org.apache.ratis.thirdparty.io.grpc.StatusRuntimeException: UNAVAILABLE: io exception
2021-01-20 18:03:03,183 [grpc-default-executor-3] INFO  leader.FollowerInfo (FollowerInfoImpl.java:lambda$new$0(46)) - omNode-1@group-523986131536->omNode-2: nextIndex: updateUnconditionally 150 -> 45
2021-01-20 18:03:03,183 [grpc-default-executor-3] WARN  server.GrpcLogAppender (LogUtils.java:warn(122)) - omNode-1@group-523986131536->omNode-2-AppendLogResponseHandler: Failed appendEntries: org.apache.ratis.thirdparty.io.grpc.StatusRuntimeException: UNAVAILABLE: io exception
2021-01-20 18:03:03,183 [grpc-default-executor-3] INFO  leader.FollowerInfo (FollowerInfoImpl.java:lambda$new$0(46)) - omNode-1@group-523986131536->omNode-2: nextIndex: updateUnconditionally 150 -> 45
2021-01-20 18:03:03,185 [omNode-1@group-523986131536-StateMachineUpdater] INFO  ratis.OzoneManagerStateMachine (OzoneManagerStateMachine.java:takeSnapshot(345)) - Current Snapshot Index (t:1, i:148)
2021-01-20 18:03:03,185 [omNode-1@group-523986131536-StateMachineUpdater] INFO  impl.StateMachineUpdater (StateMachineUpdater.java:takeSnapshot(279)) - omNode-1@group-523986131536-StateMachineUpdater: Took a snapshot at index 148
2021-01-20 18:03:03,185 [omNode-1@group-523986131536-StateMachineUpdater] INFO  impl.StateMachineUpdater (StateMachineUpdater.java:lambda$new$0(88)) - omNode-1@group-523986131536-StateMachineUpdater: snapshotIndex: updateIncreasingly 99 -> 148
2021-01-20 18:03:03,186 [grpc-default-executor-3] WARN  server.GrpcLogAppender (LogUtils.java:warn(122)) - omNode-1@group-523986131536->omNode-2-AppendLogResponseHandler: Failed appendEntries: org.apache.ratis.thirdparty.io.grpc.StatusRuntimeException: UNAVAILABLE: io exception
2021-01-20 18:03:03,187 [grpc-default-executor-3] INFO  leader.FollowerInfo (FollowerInfoImpl.java:lambda$new$0(46)) - omNode-1@group-523986131536->omNode-2: nextIndex: updateUnconditionally 151 -> 45
2021-01-20 18:03:03,189 [omNode-3@group-523986131536-StateMachineUpdater] INFO  ratis.OzoneManagerStateMachine (OzoneManagerStateMachine.java:takeSnapshot(345)) - Current Snapshot Index (t:1, i:148)
2021-01-20 18:03:03,189 [omNode-3@group-523986131536-StateMachineUpdater] INFO  impl.StateMachineUpdater (StateMachineUpdater.java:takeSnapshot(279)) - omNode-3@group-523986131536-StateMachineUpdater: Took a snapshot at index 148
2021-01-20 18:03:03,189 [omNode-3@group-523986131536-StateMachineUpdater] INFO  impl.StateMachineUpdater (StateMachineUpdater.java:lambda$new$0(88)) - omNode-3@group-523986131536-StateMachineUpdater: snapshotIndex: updateIncreasingly 99 -> 148
2021-01-20 18:03:03,189 [grpc-default-executor-6] WARN  server.GrpcLogAppender (LogUtils.java:warn(122)) - omNode-1@group-523986131536->omNode-2-AppendLogResponseHandler: Failed appendEntries: org.apache.ratis.thirdparty.io.grpc.StatusRuntimeException: UNAVAILABLE: io exception
2021-01-20 18:03:03,190 [grpc-default-executor-6] INFO  leader.FollowerInfo (FollowerInfoImpl.java:lambda$new$0(46)) - omNode-1@group-523986131536->omNode-2: nextIndex: updateUnconditionally 151 -> 45
2021-01-20 18:03:03,190 [grpc-default-executor-6] WARN  server.GrpcLogAppender (LogUtils.java:warn(122)) - omNode-1@group-523986131536->omNode-2-AppendLogResponseHandler: Failed appendEntries: org.apache.ratis.thirdparty.io.grpc.StatusRuntimeException: UNAVAILABLE: io exception
2021-01-20 18:03:03,190 [grpc-default-executor-6] INFO  leader.FollowerInfo (FollowerInfoImpl.java:lambda$new$0(46)) - omNode-1@group-523986131536->omNode-2: nextIndex: updateUnconditionally 151 -> 45
2021-01-20 18:03:03,194 [grpc-default-executor-6] WARN  server.GrpcLogAppender (LogUtils.java:warn(122)) - omNode-1@group-523986131536->omNode-2-AppendLogResponseHandler: Failed appendEntries: org.apache.ratis.thirdparty.io.grpc.StatusRuntimeException: UNAVAILABLE: io exception
2021-01-20 18:03:03,194 [grpc-default-executor-6] INFO  leader.FollowerInfo (FollowerInfoImpl.java:lambda$new$0(46)) - omNode-1@group-523986131536->omNode-2: nextIndex: updateUnconditionally 152 -> 45
2021-01-20 18:03:03,196 [grpc-default-executor-6] WARN  server.GrpcLogAppender (LogUtils.java:warn(122)) - omNode-1@group-523986131536->omNode-2-AppendLogResponseHandler: Failed appendEntries: org.apache.ratis.thirdparty.io.grpc.StatusRuntimeException: UNAVAILABLE: io exception
2021-01-20 18:03:03,196 [grpc-default-executor-6] INFO  leader.FollowerInfo (FollowerInfoImpl.java:lambda$new$0(46)) - omNode-1@group-523986131536->omNode-2: nextIndex: updateUnconditionally 152 -> 45
2021-01-20 18:03:03,197 [grpc-default-executor-3] WARN  server.GrpcLogAppender (LogUtils.java:warn(122)) - omNode-1@group-523986131536->omNode-2-AppendLogResponseHandler: Failed appendEntries: org.apache.ratis.thirdparty.io.grpc.StatusRuntimeException: UNAVAILABLE: io exception
2021-01-20 18:03:03,197 [grpc-default-executor-3] INFO  leader.FollowerInfo (FollowerInfoImpl.java:lambda$new$0(46)) - omNode-1@group-523986131536->omNode-2: nextIndex: updateUnconditionally 153 -> 45
2021-01-20 18:03:03,199 [grpc-default-executor-6] WARN  server.GrpcLogAppender (LogUtils.java:warn(122)) - omNode-1@group-523986131536->omNode-2-AppendLogResponseHandler: Failed appendEntries: org.apache.ratis.thirdparty.io.grpc.StatusRuntimeException: UNAVAILABLE: io exception
2021-01-20 18:03:03,199 [grpc-default-executor-6] INFO  leader.FollowerInfo (FollowerInfoImpl.java:lambda$new$0(46)) - omNode-1@group-523986131536->omNode-2: nextIndex: updateUnconditionally 154 -> 45
2021-01-20 18:03:03,203 [grpc-default-executor-6] WARN  server.GrpcLogAppender (LogUtils.java:warn(122)) - omNode-1@group-523986131536->omNode-2-AppendLogResponseHandler: Failed appendEntries: org.apache.ratis.thirdparty.io.grpc.StatusRuntimeException: UNAVAILABLE: io exception
2021-01-20 18:03:03,203 [grpc-default-executor-6] INFO  leader.FollowerInfo (FollowerInfoImpl.java:lambda$new$0(46)) - omNode-1@group-523986131536->omNode-2: nextIndex: updateUnconditionally 154 -> 45
2021-01-20 18:03:03,205 [grpc-default-executor-6] WARN  server.GrpcLogAppender (LogUtils.java:warn(122)) - omNode-1@group-523986131536->omNode-2-AppendLogResponseHandler: Failed appendEntries: org.apache.ratis.thirdparty.io.grpc.StatusRuntimeException: UNAVAILABLE: io exception
2021-01-20 18:03:03,205 [grpc-default-executor-6] INFO  leader.FollowerInfo (FollowerInfoImpl.java:lambda$new$0(46)) - omNode-1@group-523986131536->omNode-2: nextIndex: updateUnconditionally 155 -> 45
2021-01-20 18:03:03,213 [grpc-default-executor-3] WARN  server.GrpcLogAppender (LogUtils.java:warn(122)) - omNode-1@group-523986131536->omNode-2-AppendLogResponseHandler: Failed appendEntries: org.apache.ratis.thirdparty.io.grpc.StatusRuntimeException: UNAVAILABLE: io exception
2021-01-20 18:03:03,213 [grpc-default-executor-3] INFO  leader.FollowerInfo (FollowerInfoImpl.java:lambda$new$0(46)) - omNode-1@group-523986131536->omNode-2: nextIndex: updateUnconditionally 156 -> 45
2021-01-20 18:03:03,214 [grpc-default-executor-6] WARN  server.GrpcLogAppender (LogUtils.java:warn(122)) - omNode-1@group-523986131536->omNode-2-AppendLogResponseHandler: Failed appendEntries: org.apache.ratis.thirdparty.io.grpc.StatusRuntimeException: UNAVAILABLE: io exception
2021-01-20 18:03:03,214 [grpc-default-executor-6] INFO  leader.FollowerInfo (FollowerInfoImpl.java:lambda$new$0(46)) - omNode-1@group-523986131536->omNode-2: nextIndex: updateUnconditionally 156 -> 45
2021-01-20 18:03:03,214 [grpc-default-executor-6] WARN  server.GrpcLogAppender (LogUtils.java:warn(122)) - omNode-1@group-523986131536->omNode-2-AppendLogResponseHandler: Failed appendEntries: org.apache.ratis.thirdparty.io.grpc.StatusRuntimeException: UNAVAILABLE: io exception
2021-01-20 18:03:03,215 [grpc-default-executor-6] INFO  leader.FollowerInfo (FollowerInfoImpl.java:lambda$new$0(46)) - omNode-1@group-523986131536->omNode-2: nextIndex: updateUnconditionally 156 -> 45
2021-01-20 18:03:03,216 [grpc-default-executor-6] WARN  server.GrpcLogAppender (LogUtils.java:warn(122)) - omNode-1@group-523986131536->omNode-2-AppendLogResponseHandler: Failed appendEntries: org.apache.ratis.thirdparty.io.grpc.StatusRuntimeException: UNAVAILABLE: io exception
2021-01-20 18:03:03,217 [grpc-default-executor-6] INFO  leader.FollowerInfo (FollowerInfoImpl.java:lambda$new$0(46)) - omNode-1@group-523986131536->omNode-2: nextIndex: updateUnconditionally 157 -> 45
2021-01-20 18:03:03,219 [grpc-default-executor-6] WARN  server.GrpcLogAppender (LogUtils.java:warn(122)) - omNode-1@group-523986131536->omNode-2-AppendLogResponseHandler: Failed appendEntries: org.apache.ratis.thirdparty.io.grpc.StatusRuntimeException: UNAVAILABLE: io exception
2021-01-20 18:03:03,219 [grpc-default-executor-6] INFO  leader.FollowerInfo (FollowerInfoImpl.java:lambda$new$0(46)) - omNode-1@group-523986131536->omNode-2: nextIndex: updateUnconditionally 158 -> 45
2021-01-20 18:03:03,221 [grpc-default-executor-6] WARN  server.GrpcLogAppender (LogUtils.java:warn(122)) - omNode-1@group-523986131536->omNode-2-AppendLogResponseHandler: Failed appendEntries: org.apache.ratis.thirdparty.io.grpc.StatusRuntimeException: UNAVAILABLE: io exception
2021-01-20 18:03:03,221 [grpc-default-executor-6] INFO  leader.FollowerInfo (FollowerInfoImpl.java:lambda$new$0(46)) - omNode-1@group-523986131536->omNode-2: nextIndex: updateUnconditionally 158 -> 45
2021-01-20 18:03:03,222 [grpc-default-executor-6] WARN  server.GrpcLogAppender (LogUtils.java:warn(122)) - omNode-1@group-523986131536->omNode-2-AppendLogResponseHandler: Failed appendEntries: org.apache.ratis.thirdparty.io.grpc.StatusRuntimeException: UNAVAILABLE: io exception
2021-01-20 18:03:03,222 [grpc-default-executor-6] INFO  leader.FollowerInfo (FollowerInfoImpl.java:lambda$new$0(46)) - omNode-1@group-523986131536->omNode-2: nextIndex: updateUnconditionally 158 -> 45
2021-01-20 18:03:03,225 [grpc-default-executor-6] WARN  server.GrpcLogAppender (LogUtils.java:warn(122)) - omNode-1@group-523986131536->omNode-2-AppendLogResponseHandler: Failed appendEntries: org.apache.ratis.thirdparty.io.grpc.StatusRuntimeException: UNAVAILABLE: io exception
2021-01-20 18:03:03,225 [grpc-default-executor-6] INFO  leader.FollowerInfo (FollowerInfoImpl.java:lambda$new$0(46)) - omNode-1@group-523986131536->omNode-2: nextIndex: updateUnconditionally 159 -> 45
2021-01-20 18:03:03,236 [grpc-default-executor-3] WARN  server.GrpcLogAppender (LogUtils.java:warn(122)) - omNode-1@group-523986131536->omNode-2-AppendLogResponseHandler: Failed appendEntries: org.apache.ratis.thirdparty.io.grpc.StatusRuntimeException: UNAVAILABLE: io exception
2021-01-20 18:03:03,236 [grpc-default-executor-3] INFO  leader.FollowerInfo (FollowerInfoImpl.java:lambda$new$0(46)) - omNode-1@group-523986131536->omNode-2: nextIndex: updateUnconditionally 160 -> 45
2021-01-20 18:03:03,237 [grpc-default-executor-3] WARN  server.GrpcLogAppender (LogUtils.java:warn(122)) - omNode-1@group-523986131536->omNode-2-AppendLogResponseHandler: Failed appendEntries: org.apache.ratis.thirdparty.io.grpc.StatusRuntimeException: UNAVAILABLE: io exception
2021-01-20 18:03:03,238 [grpc-default-executor-3] INFO  leader.FollowerInfo (FollowerInfoImpl.java:lambda$new$0(46)) - omNode-1@group-523986131536->omNode-2: nextIndex: updateUnconditionally 160 -> 45
2021-01-20 18:03:03,240 [grpc-default-executor-6] WARN  server.GrpcLogAppender (LogUtils.java:warn(122)) - omNode-1@group-523986131536->omNode-2-AppendLogResponseHandler: Failed appendEntries: org.apache.ratis.thirdparty.io.grpc.StatusRuntimeException: UNAVAILABLE: io exception
2021-01-20 18:03:03,240 [grpc-default-executor-6] INFO  leader.FollowerInfo (FollowerInfoImpl.java:lambda$new$0(46)) - omNode-1@group-523986131536->omNode-2: nextIndex: updateUnconditionally 161 -> 45
2021-01-20 18:03:03,241 [grpc-default-executor-8] WARN  server.GrpcLogAppender (LogUtils.java:warn(122)) - omNode-1@group-523986131536->omNode-2-AppendLogResponseHandler: Failed appendEntries: org.apache.ratis.thirdparty.io.grpc.StatusRuntimeException: UNAVAILABLE: io exception
2021-01-20 18:03:03,241 [grpc-default-executor-8] INFO  leader.FollowerInfo (FollowerInfoImpl.java:lambda$new$0(46)) - omNode-1@group-523986131536->omNode-2: nextIndex: updateUnconditionally 162 -> 45
2021-01-20 18:03:03,243 [grpc-default-executor-8] WARN  server.GrpcLogAppender (LogUtils.java:warn(122)) - omNode-1@group-523986131536->omNode-2-AppendLogResponseHandler: Failed appendEntries: org.apache.ratis.thirdparty.io.grpc.StatusRuntimeException: UNAVAILABLE: io exception
2021-01-20 18:03:03,243 [grpc-default-executor-8] INFO  leader.FollowerInfo (FollowerInfoImpl.java:lambda$new$0(46)) - omNode-1@group-523986131536->omNode-2: nextIndex: updateUnconditionally 162 -> 45
2021-01-20 18:03:03,244 [grpc-default-executor-3] WARN  server.GrpcLogAppender (LogUtils.java:warn(122)) - omNode-1@group-523986131536->omNode-2-AppendLogResponseHandler: Failed appendEntries: org.apache.ratis.thirdparty.io.grpc.StatusRuntimeException: UNAVAILABLE: io exception
2021-01-20 18:03:03,244 [grpc-default-executor-3] INFO  leader.FollowerInfo (FollowerInfoImpl.java:lambda$new$0(46)) - omNode-1@group-523986131536->omNode-2: nextIndex: updateUnconditionally 162 -> 45
2021-01-20 18:03:03,245 [grpc-default-executor-3] WARN  server.GrpcLogAppender (LogUtils.java:warn(122)) - omNode-1@group-523986131536->omNode-2-AppendLogResponseHandler: Failed appendEntries: org.apache.ratis.thirdparty.io.grpc.StatusRuntimeException: UNAVAILABLE: io exception
2021-01-20 18:03:03,245 [grpc-default-executor-3] INFO  leader.FollowerInfo (FollowerInfoImpl.java:lambda$new$0(46)) - omNode-1@group-523986131536->omNode-2: nextIndex: updateUnconditionally 163 -> 45
2021-01-20 18:03:03,249 [grpc-default-executor-3] WARN  server.GrpcLogAppender (LogUtils.java:warn(122)) - omNode-1@group-523986131536->omNode-2-AppendLogResponseHandler: Failed appendEntries: org.apache.ratis.thirdparty.io.grpc.StatusRuntimeException: UNAVAILABLE: io exception
2021-01-20 18:03:03,250 [grpc-default-executor-3] INFO  leader.FollowerInfo (FollowerInfoImpl.java:lambda$new$0(46)) - omNode-1@group-523986131536->omNode-2: nextIndex: updateUnconditionally 163 -> 45
2021-01-20 18:03:03,252 [grpc-default-executor-3] WARN  server.GrpcLogAppender (LogUtils.java:warn(122)) - omNode-1@group-523986131536->omNode-2-AppendLogResponseHandler: Failed appendEntries: org.apache.ratis.thirdparty.io.grpc.StatusRuntimeException: UNAVAILABLE: io exception
2021-01-20 18:03:03,252 [grpc-default-executor-3] INFO  leader.FollowerInfo (FollowerInfoImpl.java:lambda$new$0(46)) - omNode-1@group-523986131536->omNode-2: nextIndex: updateUnconditionally 164 -> 45
2021-01-20 18:03:03,253 [grpc-default-executor-3] WARN  server.GrpcLogAppender (LogUtils.java:warn(122)) - omNode-1@group-523986131536->omNode-2-AppendLogResponseHandler: Failed appendEntries: org.apache.ratis.thirdparty.io.grpc.StatusRuntimeException: UNAVAILABLE: io exception
2021-01-20 18:03:03,254 [grpc-default-executor-3] INFO  leader.FollowerInfo (FollowerInfoImpl.java:lambda$new$0(46)) - omNode-1@group-523986131536->omNode-2: nextIndex: updateUnconditionally 164 -> 45
2021-01-20 18:03:03,256 [grpc-default-executor-8] WARN  server.GrpcLogAppender (LogUtils.java:warn(122)) - omNode-1@group-523986131536->omNode-2-AppendLogResponseHandler: Failed appendEntries: org.apache.ratis.thirdparty.io.grpc.StatusRuntimeException: UNAVAILABLE: io exception
2021-01-20 18:03:03,256 [grpc-default-executor-8] INFO  leader.FollowerInfo (FollowerInfoImpl.java:lambda$new$0(46)) - omNode-1@group-523986131536->omNode-2: nextIndex: updateUnconditionally 165 -> 45
2021-01-20 18:03:03,257 [grpc-default-executor-8] WARN  server.GrpcLogAppender (LogUtils.java:warn(122)) - omNode-1@group-523986131536->omNode-2-AppendLogResponseHandler: Failed appendEntries: org.apache.ratis.thirdparty.io.grpc.StatusRuntimeException: UNAVAILABLE: io exception
2021-01-20 18:03:03,258 [grpc-default-executor-8] INFO  leader.FollowerInfo (FollowerInfoImpl.java:lambda$new$0(46)) - omNode-1@group-523986131536->omNode-2: nextIndex: updateUnconditionally 166 -> 45
2021-01-20 18:03:03,260 [grpc-default-executor-8] WARN  server.GrpcLogAppender (LogUtils.java:warn(122)) - omNode-1@group-523986131536->omNode-2-AppendLogResponseHandler: Failed appendEntries: org.apache.ratis.thirdparty.io.grpc.StatusRuntimeException: UNAVAILABLE: io exception
2021-01-20 18:03:03,260 [grpc-default-executor-8] INFO  leader.FollowerInfo (FollowerInfoImpl.java:lambda$new$0(46)) - omNode-1@group-523986131536->omNode-2: nextIndex: updateUnconditionally 166 -> 45
2021-01-20 18:03:03,261 [grpc-default-executor-8] WARN  server.GrpcLogAppender (LogUtils.java:warn(122)) - omNode-1@group-523986131536->omNode-2-AppendLogResponseHandler: Failed appendEntries: org.apache.ratis.thirdparty.io.grpc.StatusRuntimeException: UNAVAILABLE: io exception
2021-01-20 18:03:03,261 [grpc-default-executor-8] INFO  leader.FollowerInfo (FollowerInfoImpl.java:lambda$new$0(46)) - omNode-1@group-523986131536->omNode-2: nextIndex: updateUnconditionally 166 -> 45
2021-01-20 18:03:03,264 [grpc-default-executor-8] WARN  server.GrpcLogAppender (LogUtils.java:warn(122)) - omNode-1@group-523986131536->omNode-2-AppendLogResponseHandler: Failed appendEntries: org.apache.ratis.thirdparty.io.grpc.StatusRuntimeException: UNAVAILABLE: io exception
2021-01-20 18:03:03,264 [grpc-default-executor-8] INFO  leader.FollowerInfo (FollowerInfoImpl.java:lambda$new$0(46)) - omNode-1@group-523986131536->omNode-2: nextIndex: updateUnconditionally 167 -> 45
2021-01-20 18:03:03,268 [grpc-default-executor-8] WARN  server.GrpcLogAppender (LogUtils.java:warn(122)) - omNode-1@group-523986131536->omNode-2-AppendLogResponseHandler: Failed appendEntries: org.apache.ratis.thirdparty.io.grpc.StatusRuntimeException: UNAVAILABLE: io exception
2021-01-20 18:03:03,268 [grpc-default-executor-8] INFO  leader.FollowerInfo (FollowerInfoImpl.java:lambda$new$0(46)) - omNode-1@group-523986131536->omNode-2: nextIndex: updateUnconditionally 167 -> 45
2021-01-20 18:03:03,269 [grpc-default-executor-8] WARN  server.GrpcLogAppender (LogUtils.java:warn(122)) - omNode-1@group-523986131536->omNode-2-AppendLogResponseHandler: Failed appendEntries: org.apache.ratis.thirdparty.io.grpc.StatusRuntimeException: UNAVAILABLE: io exception
2021-01-20 18:03:03,269 [grpc-default-executor-8] INFO  leader.FollowerInfo (FollowerInfoImpl.java:lambda$new$0(46)) - omNode-1@group-523986131536->omNode-2: nextIndex: updateUnconditionally 167 -> 45
2021-01-20 18:03:03,272 [grpc-default-executor-3] WARN  server.GrpcLogAppender (LogUtils.java:warn(122)) - omNode-1@group-523986131536->omNode-2-AppendLogResponseHandler: Failed appendEntries: org.apache.ratis.thirdparty.io.grpc.StatusRuntimeException: UNAVAILABLE: io exception
2021-01-20 18:03:03,273 [grpc-default-executor-3] INFO  leader.FollowerInfo (FollowerInfoImpl.java:lambda$new$0(46)) - omNode-1@group-523986131536->omNode-2: nextIndex: updateUnconditionally 168 -> 45
2021-01-20 18:03:03,280 [grpc-default-executor-3] WARN  server.GrpcLogAppender (LogUtils.java:warn(122)) - omNode-1@group-523986131536->omNode-2-AppendLogResponseHandler: Failed appendEntries: org.apache.ratis.thirdparty.io.grpc.StatusRuntimeException: UNAVAILABLE: io exception
2021-01-20 18:03:03,280 [grpc-default-executor-3] INFO  leader.FollowerInfo (FollowerInfoImpl.java:lambda$new$0(46)) - omNode-1@group-523986131536->omNode-2: nextIndex: updateUnconditionally 168 -> 45
2021-01-20 18:03:03,281 [grpc-default-executor-3] WARN  server.GrpcLogAppender (LogUtils.java:warn(122)) - omNode-1@group-523986131536->omNode-2-AppendLogResponseHandler: Failed appendEntries: org.apache.ratis.thirdparty.io.grpc.StatusRuntimeException: UNAVAILABLE: io exception
2021-01-20 18:03:03,281 [grpc-default-executor-3] INFO  leader.FollowerInfo (FollowerInfoImpl.java:lambda$new$0(46)) - omNode-1@group-523986131536->omNode-2: nextIndex: updateUnconditionally 169 -> 45
2021-01-20 18:03:03,285 [grpc-default-executor-3] WARN  server.GrpcLogAppender (LogUtils.java:warn(122)) - omNode-1@group-523986131536->omNode-2-AppendLogResponseHandler: Failed appendEntries: org.apache.ratis.thirdparty.io.grpc.StatusRuntimeException: UNAVAILABLE: io exception
2021-01-20 18:03:03,285 [grpc-default-executor-3] INFO  leader.FollowerInfo (FollowerInfoImpl.java:lambda$new$0(46)) - omNode-1@group-523986131536->omNode-2: nextIndex: updateUnconditionally 170 -> 45
2021-01-20 18:03:03,286 [grpc-default-executor-8] WARN  server.GrpcLogAppender (LogUtils.java:warn(122)) - omNode-1@group-523986131536->omNode-2-AppendLogResponseHandler: Failed appendEntries: org.apache.ratis.thirdparty.io.grpc.StatusRuntimeException: UNAVAILABLE: io exception
2021-01-20 18:03:03,286 [grpc-default-executor-8] INFO  leader.FollowerInfo (FollowerInfoImpl.java:lambda$new$0(46)) - omNode-1@group-523986131536->omNode-2: nextIndex: updateUnconditionally 170 -> 45
2021-01-20 18:03:03,293 [grpc-default-executor-3] WARN  server.GrpcLogAppender (LogUtils.java:warn(122)) - omNode-1@group-523986131536->omNode-2-AppendLogResponseHandler: Failed appendEntries: org.apache.ratis.thirdparty.io.grpc.StatusRuntimeException: UNAVAILABLE: io exception
2021-01-20 18:03:03,294 [grpc-default-executor-3] INFO  leader.FollowerInfo (FollowerInfoImpl.java:lambda$new$0(46)) - omNode-1@group-523986131536->omNode-2: nextIndex: updateUnconditionally 171 -> 45
2021-01-20 18:03:03,301 [grpc-default-executor-8] WARN  server.GrpcLogAppender (LogUtils.java:warn(122)) - omNode-1@group-523986131536->omNode-2-AppendLogResponseHandler: Failed appendEntries: org.apache.ratis.thirdparty.io.grpc.StatusRuntimeException: UNAVAILABLE: io exception
2021-01-20 18:03:03,301 [grpc-default-executor-8] INFO  leader.FollowerInfo (FollowerInfoImpl.java:lambda$new$0(46)) - omNode-1@group-523986131536->omNode-2: nextIndex: updateUnconditionally 172 -> 45
2021-01-20 18:03:03,306 [grpc-default-executor-8] WARN  server.GrpcLogAppender (LogUtils.java:warn(122)) - omNode-1@group-523986131536->omNode-2-AppendLogResponseHandler: Failed appendEntries: org.apache.ratis.thirdparty.io.grpc.StatusRuntimeException: UNAVAILABLE: io exception
2021-01-20 18:03:03,306 [grpc-default-executor-8] INFO  leader.FollowerInfo (FollowerInfoImpl.java:lambda$new$0(46)) - omNode-1@group-523986131536->omNode-2: nextIndex: updateUnconditionally 173 -> 45
2021-01-20 18:03:03,308 [grpc-default-executor-8] WARN  server.GrpcLogAppender (LogUtils.java:warn(122)) - omNode-1@group-523986131536->omNode-2-AppendLogResponseHandler: Failed appendEntries: org.apache.ratis.thirdparty.io.grpc.StatusRuntimeException: UNAVAILABLE: io exception
2021-01-20 18:03:03,308 [grpc-default-executor-8] INFO  leader.FollowerInfo (FollowerInfoImpl.java:lambda$new$0(46)) - omNode-1@group-523986131536->omNode-2: nextIndex: updateUnconditionally 174 -> 45
2021-01-20 18:03:03,317 [grpc-default-executor-8] WARN  server.GrpcLogAppender (LogUtils.java:warn(122)) - omNode-1@group-523986131536->omNode-2-AppendLogResponseHandler: Failed appendEntries: org.apache.ratis.thirdparty.io.grpc.StatusRuntimeException: UNAVAILABLE: io exception
2021-01-20 18:03:03,317 [grpc-default-executor-8] INFO  leader.FollowerInfo (FollowerInfoImpl.java:lambda$new$0(46)) - omNode-1@group-523986131536->omNode-2: nextIndex: updateUnconditionally 174 -> 45
2021-01-20 18:03:03,318 [grpc-default-executor-8] WARN  server.GrpcLogAppender (LogUtils.java:warn(122)) - omNode-1@group-523986131536->omNode-2-AppendLogResponseHandler: Failed appendEntries: org.apache.ratis.thirdparty.io.grpc.StatusRuntimeException: UNAVAILABLE: io exception
2021-01-20 18:03:03,318 [grpc-default-executor-8] INFO  leader.FollowerInfo (FollowerInfoImpl.java:lambda$new$0(46)) - omNode-1@group-523986131536->omNode-2: nextIndex: updateUnconditionally 174 -> 45
2021-01-20 18:03:03,322 [grpc-default-executor-8] WARN  server.GrpcLogAppender (LogUtils.java:warn(122)) - omNode-1@group-523986131536->omNode-2-AppendLogResponseHandler: Failed appendEntries: org.apache.ratis.thirdparty.io.grpc.StatusRuntimeException: UNAVAILABLE: io exception
2021-01-20 18:03:03,322 [grpc-default-executor-8] INFO  leader.FollowerInfo (FollowerInfoImpl.java:lambda$new$0(46)) - omNode-1@group-523986131536->omNode-2: nextIndex: updateUnconditionally 175 -> 45
2021-01-20 18:03:03,330 [grpc-default-executor-8] WARN  server.GrpcLogAppender (LogUtils.java:warn(122)) - omNode-1@group-523986131536->omNode-2-AppendLogResponseHandler: Failed appendEntries: org.apache.ratis.thirdparty.io.grpc.StatusRuntimeException: UNAVAILABLE: io exception
2021-01-20 18:03:03,331 [grpc-default-executor-8] INFO  leader.FollowerInfo (FollowerInfoImpl.java:lambda$new$0(46)) - omNode-1@group-523986131536->omNode-2: nextIndex: updateUnconditionally 176 -> 45
2021-01-20 18:03:03,334 [grpc-default-executor-8] WARN  server.GrpcLogAppender (LogUtils.java:warn(122)) - omNode-1@group-523986131536->omNode-2-AppendLogResponseHandler: Failed appendEntries: org.apache.ratis.thirdparty.io.grpc.StatusRuntimeException: UNAVAILABLE: io exception
2021-01-20 18:03:03,335 [grpc-default-executor-8] INFO  leader.FollowerInfo (FollowerInfoImpl.java:lambda$new$0(46)) - omNode-1@group-523986131536->omNode-2: nextIndex: updateUnconditionally 176 -> 45
2021-01-20 18:03:03,338 [grpc-default-executor-8] WARN  server.GrpcLogAppender (LogUtils.java:warn(122)) - omNode-1@group-523986131536->omNode-2-AppendLogResponseHandler: Failed appendEntries: org.apache.ratis.thirdparty.io.grpc.StatusRuntimeException: UNAVAILABLE: io exception
2021-01-20 18:03:03,338 [grpc-default-executor-8] INFO  leader.FollowerInfo (FollowerInfoImpl.java:lambda$new$0(46)) - omNode-1@group-523986131536->omNode-2: nextIndex: updateUnconditionally 177 -> 45
2021-01-20 18:03:03,341 [grpc-default-executor-8] WARN  server.GrpcLogAppender (LogUtils.java:warn(122)) - omNode-1@group-523986131536->omNode-2-AppendLogResponseHandler: Failed appendEntries: org.apache.ratis.thirdparty.io.grpc.StatusRuntimeException: UNAVAILABLE: io exception
2021-01-20 18:03:03,342 [grpc-default-executor-8] INFO  leader.FollowerInfo (FollowerInfoImpl.java:lambda$new$0(46)) - omNode-1@group-523986131536->omNode-2: nextIndex: updateUnconditionally 178 -> 45
2021-01-20 18:03:03,343 [grpc-default-executor-8] WARN  server.GrpcLogAppender (LogUtils.java:warn(122)) - omNode-1@group-523986131536->omNode-2-AppendLogResponseHandler: Failed appendEntries: org.apache.ratis.thirdparty.io.grpc.StatusRuntimeException: UNAVAILABLE: io exception
2021-01-20 18:03:03,343 [grpc-default-executor-8] INFO  leader.FollowerInfo (FollowerInfoImpl.java:lambda$new$0(46)) - omNode-1@group-523986131536->omNode-2: nextIndex: updateUnconditionally 178 -> 45
2021-01-20 18:03:03,350 [grpc-default-executor-8] WARN  server.GrpcLogAppender (LogUtils.java:warn(122)) - omNode-1@group-523986131536->omNode-2-AppendLogResponseHandler: Failed appendEntries: org.apache.ratis.thirdparty.io.grpc.StatusRuntimeException: UNAVAILABLE: io exception
2021-01-20 18:03:03,351 [grpc-default-executor-8] INFO  leader.FollowerInfo (FollowerInfoImpl.java:lambda$new$0(46)) - omNode-1@group-523986131536->omNode-2: nextIndex: updateUnconditionally 179 -> 45
2021-01-20 18:03:03,351 [grpc-default-executor-3] WARN  server.GrpcLogAppender (LogUtils.java:warn(122)) - omNode-1@group-523986131536->omNode-2-AppendLogResponseHandler: Failed appendEntries: org.apache.ratis.thirdparty.io.grpc.StatusRuntimeException: UNAVAILABLE: io exception
2021-01-20 18:03:03,352 [grpc-default-executor-3] INFO  leader.FollowerInfo (FollowerInfoImpl.java:lambda$new$0(46)) - omNode-1@group-523986131536->omNode-2: nextIndex: updateUnconditionally 179 -> 45
2021-01-20 18:03:03,355 [grpc-default-executor-3] WARN  server.GrpcLogAppender (LogUtils.java:warn(122)) - omNode-1@group-523986131536->omNode-2-AppendLogResponseHandler: Failed appendEntries: org.apache.ratis.thirdparty.io.grpc.StatusRuntimeException: UNAVAILABLE: io exception
2021-01-20 18:03:03,355 [grpc-default-executor-3] INFO  leader.FollowerInfo (FollowerInfoImpl.java:lambda$new$0(46)) - omNode-1@group-523986131536->omNode-2: nextIndex: updateUnconditionally 180 -> 45
2021-01-20 18:03:03,356 [grpc-default-executor-3] WARN  server.GrpcLogAppender (LogUtils.java:warn(122)) - omNode-1@group-523986131536->omNode-2-AppendLogResponseHandler: Failed appendEntries: org.apache.ratis.thirdparty.io.grpc.StatusRuntimeException: UNAVAILABLE: io exception
2021-01-20 18:03:03,356 [grpc-default-executor-3] INFO  leader.FollowerInfo (FollowerInfoImpl.java:lambda$new$0(46)) - omNode-1@group-523986131536->omNode-2: nextIndex: updateUnconditionally 180 -> 45
2021-01-20 18:03:03,357 [grpc-default-executor-6] WARN  server.GrpcLogAppender (LogUtils.java:warn(122)) - omNode-1@group-523986131536->omNode-2-AppendLogResponseHandler: Failed appendEntries: org.apache.ratis.thirdparty.io.grpc.StatusRuntimeException: UNAVAILABLE: io exception
2021-01-20 18:03:03,358 [grpc-default-executor-6] INFO  leader.FollowerInfo (FollowerInfoImpl.java:lambda$new$0(46)) - omNode-1@group-523986131536->omNode-2: nextIndex: updateUnconditionally 181 -> 45
2021-01-20 18:03:03,360 [grpc-default-executor-3] WARN  server.GrpcLogAppender (LogUtils.java:warn(122)) - omNode-1@group-523986131536->omNode-2-AppendLogResponseHandler: Failed appendEntries: org.apache.ratis.thirdparty.io.grpc.StatusRuntimeException: UNAVAILABLE: io exception
2021-01-20 18:03:03,360 [grpc-default-executor-3] INFO  leader.FollowerInfo (FollowerInfoImpl.java:lambda$new$0(46)) - omNode-1@group-523986131536->omNode-2: nextIndex: updateUnconditionally 182 -> 45
2021-01-20 18:03:03,361 [grpc-default-executor-6] WARN  server.GrpcLogAppender (LogUtils.java:warn(122)) - omNode-1@group-523986131536->omNode-2-AppendLogResponseHandler: Failed appendEntries: org.apache.ratis.thirdparty.io.grpc.StatusRuntimeException: UNAVAILABLE: io exception
2021-01-20 18:03:03,362 [grpc-default-executor-6] INFO  leader.FollowerInfo (FollowerInfoImpl.java:lambda$new$0(46)) - omNode-1@group-523986131536->omNode-2: nextIndex: updateUnconditionally 182 -> 45
2021-01-20 18:03:03,362 [grpc-default-executor-6] WARN  server.GrpcLogAppender (LogUtils.java:warn(122)) - omNode-1@group-523986131536->omNode-2-AppendLogResponseHandler: Failed appendEntries: org.apache.ratis.thirdparty.io.grpc.StatusRuntimeException: UNAVAILABLE: io exception
2021-01-20 18:03:03,362 [grpc-default-executor-6] INFO  leader.FollowerInfo (FollowerInfoImpl.java:lambda$new$0(46)) - omNode-1@group-523986131536->omNode-2: nextIndex: updateUnconditionally 182 -> 45
2021-01-20 18:03:03,365 [grpc-default-executor-3] WARN  server.GrpcLogAppender (LogUtils.java:warn(122)) - omNode-1@group-523986131536->omNode-2-AppendLogResponseHandler: Failed appendEntries: org.apache.ratis.thirdparty.io.grpc.StatusRuntimeException: UNAVAILABLE: io exception
2021-01-20 18:03:03,365 [grpc-default-executor-3] INFO  leader.FollowerInfo (FollowerInfoImpl.java:lambda$new$0(46)) - omNode-1@group-523986131536->omNode-2: nextIndex: updateUnconditionally 183 -> 45
2021-01-20 18:03:03,369 [grpc-default-executor-6] WARN  server.GrpcLogAppender (LogUtils.java:warn(122)) - omNode-1@group-523986131536->omNode-2-AppendLogResponseHandler: Failed appendEntries: org.apache.ratis.thirdparty.io.grpc.StatusRuntimeException: UNAVAILABLE: io exception
2021-01-20 18:03:03,370 [grpc-default-executor-6] INFO  leader.FollowerInfo (FollowerInfoImpl.java:lambda$new$0(46)) - omNode-1@group-523986131536->omNode-2: nextIndex: updateUnconditionally 183 -> 45
2021-01-20 18:03:03,372 [grpc-default-executor-3] WARN  server.GrpcLogAppender (LogUtils.java:warn(122)) - omNode-1@group-523986131536->omNode-2-AppendLogResponseHandler: Failed appendEntries: org.apache.ratis.thirdparty.io.grpc.StatusRuntimeException: UNAVAILABLE: io exception
2021-01-20 18:03:03,372 [grpc-default-executor-3] INFO  leader.FollowerInfo (FollowerInfoImpl.java:lambda$new$0(46)) - omNode-1@group-523986131536->omNode-2: nextIndex: updateUnconditionally 184 -> 45
2021-01-20 18:03:03,374 [grpc-default-executor-3] WARN  server.GrpcLogAppender (LogUtils.java:warn(122)) - omNode-1@group-523986131536->omNode-2-AppendLogResponseHandler: Failed appendEntries: org.apache.ratis.thirdparty.io.grpc.StatusRuntimeException: UNAVAILABLE: io exception
2021-01-20 18:03:03,374 [grpc-default-executor-3] INFO  leader.FollowerInfo (FollowerInfoImpl.java:lambda$new$0(46)) - omNode-1@group-523986131536->omNode-2: nextIndex: updateUnconditionally 184 -> 45
2021-01-20 18:03:03,375 [grpc-default-executor-6] WARN  server.GrpcLogAppender (LogUtils.java:warn(122)) - omNode-1@group-523986131536->omNode-2-AppendLogResponseHandler: Failed appendEntries: org.apache.ratis.thirdparty.io.grpc.StatusRuntimeException: UNAVAILABLE: io exception
2021-01-20 18:03:03,375 [grpc-default-executor-6] INFO  leader.FollowerInfo (FollowerInfoImpl.java:lambda$new$0(46)) - omNode-1@group-523986131536->omNode-2: nextIndex: updateUnconditionally 185 -> 45
2021-01-20 18:03:03,377 [grpc-default-executor-6] WARN  server.GrpcLogAppender (LogUtils.java:warn(122)) - omNode-1@group-523986131536->omNode-2-AppendLogResponseHandler: Failed appendEntries: org.apache.ratis.thirdparty.io.grpc.StatusRuntimeException: UNAVAILABLE: io exception
2021-01-20 18:03:03,377 [grpc-default-executor-6] INFO  leader.FollowerInfo (FollowerInfoImpl.java:lambda$new$0(46)) - omNode-1@group-523986131536->omNode-2: nextIndex: updateUnconditionally 186 -> 45
2021-01-20 18:03:03,382 [grpc-default-executor-6] WARN  server.GrpcLogAppender (LogUtils.java:warn(122)) - omNode-1@group-523986131536->omNode-2-AppendLogResponseHandler: Failed appendEntries: org.apache.ratis.thirdparty.io.grpc.StatusRuntimeException: UNAVAILABLE: io exception
2021-01-20 18:03:03,382 [grpc-default-executor-6] INFO  leader.FollowerInfo (FollowerInfoImpl.java:lambda$new$0(46)) - omNode-1@group-523986131536->omNode-2: nextIndex: updateUnconditionally 186 -> 45
2021-01-20 18:03:03,385 [grpc-default-executor-6] WARN  server.GrpcLogAppender (LogUtils.java:warn(122)) - omNode-1@group-523986131536->omNode-2-AppendLogResponseHandler: Failed appendEntries: org.apache.ratis.thirdparty.io.grpc.StatusRuntimeException: UNAVAILABLE: io exception
2021-01-20 18:03:03,385 [grpc-default-executor-6] INFO  leader.FollowerInfo (FollowerInfoImpl.java:lambda$new$0(46)) - omNode-1@group-523986131536->omNode-2: nextIndex: updateUnconditionally 187 -> 45
2021-01-20 18:03:03,387 [grpc-default-executor-6] WARN  server.GrpcLogAppender (LogUtils.java:warn(122)) - omNode-1@group-523986131536->omNode-2-AppendLogResponseHandler: Failed appendEntries: org.apache.ratis.thirdparty.io.grpc.StatusRuntimeException: UNAVAILABLE: io exception
2021-01-20 18:03:03,387 [grpc-default-executor-6] INFO  leader.FollowerInfo (FollowerInfoImpl.java:lambda$new$0(46)) - omNode-1@group-523986131536->omNode-2: nextIndex: updateUnconditionally 187 -> 45
2021-01-20 18:03:03,392 [grpc-default-executor-6] WARN  server.GrpcLogAppender (LogUtils.java:warn(122)) - omNode-1@group-523986131536->omNode-2-AppendLogResponseHandler: Failed appendEntries: org.apache.ratis.thirdparty.io.grpc.StatusRuntimeException: UNAVAILABLE: io exception
2021-01-20 18:03:03,392 [grpc-default-executor-6] INFO  leader.FollowerInfo (FollowerInfoImpl.java:lambda$new$0(46)) - omNode-1@group-523986131536->omNode-2: nextIndex: updateUnconditionally 188 -> 45
2021-01-20 18:03:03,394 [grpc-default-executor-6] WARN  server.GrpcLogAppender (LogUtils.java:warn(122)) - omNode-1@group-523986131536->omNode-2-AppendLogResponseHandler: Failed appendEntries: org.apache.ratis.thirdparty.io.grpc.StatusRuntimeException: UNAVAILABLE: io exception
2021-01-20 18:03:03,394 [grpc-default-executor-6] INFO  leader.FollowerInfo (FollowerInfoImpl.java:lambda$new$0(46)) - omNode-1@group-523986131536->omNode-2: nextIndex: updateUnconditionally 188 -> 45
2021-01-20 18:03:03,395 [grpc-default-executor-8] WARN  server.GrpcLogAppender (LogUtils.java:warn(122)) - omNode-1@group-523986131536->omNode-2-AppendLogResponseHandler: Failed appendEntries: org.apache.ratis.thirdparty.io.grpc.StatusRuntimeException: UNAVAILABLE: io exception
2021-01-20 18:03:03,395 [grpc-default-executor-8] INFO  leader.FollowerInfo (FollowerInfoImpl.java:lambda$new$0(46)) - omNode-1@group-523986131536->omNode-2: nextIndex: updateUnconditionally 189 -> 45
2021-01-20 18:03:03,397 [grpc-default-executor-8] WARN  server.GrpcLogAppender (LogUtils.java:warn(122)) - omNode-1@group-523986131536->omNode-2-AppendLogResponseHandler: Failed appendEntries: org.apache.ratis.thirdparty.io.grpc.StatusRuntimeException: UNAVAILABLE: io exception
2021-01-20 18:03:03,397 [grpc-default-executor-8] INFO  leader.FollowerInfo (FollowerInfoImpl.java:lambda$new$0(46)) - omNode-1@group-523986131536->omNode-2: nextIndex: updateUnconditionally 190 -> 45
2021-01-20 18:03:03,399 [grpc-default-executor-8] WARN  server.GrpcLogAppender (LogUtils.java:warn(122)) - omNode-1@group-523986131536->omNode-2-AppendLogResponseHandler: Failed appendEntries: org.apache.ratis.thirdparty.io.grpc.StatusRuntimeException: UNAVAILABLE: io exception
2021-01-20 18:03:03,400 [grpc-default-executor-8] INFO  leader.FollowerInfo (FollowerInfoImpl.java:lambda$new$0(46)) - omNode-1@group-523986131536->omNode-2: nextIndex: updateUnconditionally 190 -> 45
2021-01-20 18:03:03,403 [grpc-default-executor-8] WARN  server.GrpcLogAppender (LogUtils.java:warn(122)) - omNode-1@group-523986131536->omNode-2-AppendLogResponseHandler: Failed appendEntries: org.apache.ratis.thirdparty.io.grpc.StatusRuntimeException: UNAVAILABLE: io exception
2021-01-20 18:03:03,403 [grpc-default-executor-8] INFO  leader.FollowerInfo (FollowerInfoImpl.java:lambda$new$0(46)) - omNode-1@group-523986131536->omNode-2: nextIndex: updateUnconditionally 191 -> 45
2021-01-20 18:03:03,410 [grpc-default-executor-8] WARN  server.GrpcLogAppender (LogUtils.java:warn(122)) - omNode-1@group-523986131536->omNode-2-AppendLogResponseHandler: Failed appendEntries: org.apache.ratis.thirdparty.io.grpc.StatusRuntimeException: UNAVAILABLE: io exception
2021-01-20 18:03:03,410 [grpc-default-executor-8] INFO  leader.FollowerInfo (FollowerInfoImpl.java:lambda$new$0(46)) - omNode-1@group-523986131536->omNode-2: nextIndex: updateUnconditionally 192 -> 45
2021-01-20 18:03:03,411 [grpc-default-executor-6] WARN  server.GrpcLogAppender (LogUtils.java:warn(122)) - omNode-1@group-523986131536->omNode-2-AppendLogResponseHandler: Failed appendEntries: org.apache.ratis.thirdparty.io.grpc.StatusRuntimeException: UNAVAILABLE: io exception
2021-01-20 18:03:03,411 [grpc-default-executor-6] INFO  leader.FollowerInfo (FollowerInfoImpl.java:lambda$new$0(46)) - omNode-1@group-523986131536->omNode-2: nextIndex: updateUnconditionally 192 -> 45
2021-01-20 18:03:03,413 [grpc-default-executor-6] WARN  server.GrpcLogAppender (LogUtils.java:warn(122)) - omNode-1@group-523986131536->omNode-2-AppendLogResponseHandler: Failed appendEntries: org.apache.ratis.thirdparty.io.grpc.StatusRuntimeException: UNAVAILABLE: io exception
2021-01-20 18:03:03,413 [grpc-default-executor-6] INFO  leader.FollowerInfo (FollowerInfoImpl.java:lambda$new$0(46)) - omNode-1@group-523986131536->omNode-2: nextIndex: updateUnconditionally 193 -> 45
2021-01-20 18:03:03,415 [grpc-default-executor-3] WARN  server.GrpcLogAppender (LogUtils.java:warn(122)) - omNode-1@group-523986131536->omNode-2-AppendLogResponseHandler: Failed appendEntries: org.apache.ratis.thirdparty.io.grpc.StatusRuntimeException: UNAVAILABLE: io exception
2021-01-20 18:03:03,415 [grpc-default-executor-3] INFO  leader.FollowerInfo (FollowerInfoImpl.java:lambda$new$0(46)) - omNode-1@group-523986131536->omNode-2: nextIndex: updateUnconditionally 194 -> 45
2021-01-20 18:03:03,416 [grpc-default-executor-3] WARN  server.GrpcLogAppender (LogUtils.java:warn(122)) - omNode-1@group-523986131536->omNode-2-AppendLogResponseHandler: Failed appendEntries: org.apache.ratis.thirdparty.io.grpc.StatusRuntimeException: UNAVAILABLE: io exception
2021-01-20 18:03:03,417 [grpc-default-executor-3] INFO  leader.FollowerInfo (FollowerInfoImpl.java:lambda$new$0(46)) - omNode-1@group-523986131536->omNode-2: nextIndex: updateUnconditionally 194 -> 45
2021-01-20 18:03:03,417 [grpc-default-executor-8] WARN  server.GrpcLogAppender (LogUtils.java:warn(122)) - omNode-1@group-523986131536->omNode-2-AppendLogResponseHandler: Failed appendEntries: org.apache.ratis.thirdparty.io.grpc.StatusRuntimeException: UNAVAILABLE: io exception
2021-01-20 18:03:03,417 [grpc-default-executor-8] INFO  leader.FollowerInfo (FollowerInfoImpl.java:lambda$new$0(46)) - omNode-1@group-523986131536->omNode-2: nextIndex: updateUnconditionally 194 -> 45
2021-01-20 18:03:03,421 [grpc-default-executor-3] WARN  server.GrpcLogAppender (LogUtils.java:warn(122)) - omNode-1@group-523986131536->omNode-2-AppendLogResponseHandler: Failed appendEntries: org.apache.ratis.thirdparty.io.grpc.StatusRuntimeException: UNAVAILABLE: io exception
2021-01-20 18:03:03,422 [grpc-default-executor-3] INFO  leader.FollowerInfo (FollowerInfoImpl.java:lambda$new$0(46)) - omNode-1@group-523986131536->omNode-2: nextIndex: updateUnconditionally 195 -> 45
2021-01-20 18:03:03,425 [grpc-default-executor-8] WARN  server.GrpcLogAppender (LogUtils.java:warn(122)) - omNode-1@group-523986131536->omNode-2-AppendLogResponseHandler: Failed appendEntries: org.apache.ratis.thirdparty.io.grpc.StatusRuntimeException: UNAVAILABLE: io exception
2021-01-20 18:03:03,425 [grpc-default-executor-8] INFO  leader.FollowerInfo (FollowerInfoImpl.java:lambda$new$0(46)) - omNode-1@group-523986131536->omNode-2: nextIndex: updateUnconditionally 195 -> 45
2021-01-20 18:03:03,426 [grpc-default-executor-8] WARN  server.GrpcLogAppender (LogUtils.java:warn(122)) - omNode-1@group-523986131536->omNode-2-AppendLogResponseHandler: Failed appendEntries: org.apache.ratis.thirdparty.io.grpc.StatusRuntimeException: UNAVAILABLE: io exception
2021-01-20 18:03:03,427 [grpc-default-executor-8] INFO  leader.FollowerInfo (FollowerInfoImpl.java:lambda$new$0(46)) - omNode-1@group-523986131536->omNode-2: nextIndex: updateUnconditionally 196 -> 45
2021-01-20 18:03:03,430 [grpc-default-executor-6] WARN  server.GrpcLogAppender (LogUtils.java:warn(122)) - omNode-1@group-523986131536->omNode-2-AppendLogResponseHandler: Failed appendEntries: org.apache.ratis.thirdparty.io.grpc.StatusRuntimeException: UNAVAILABLE: io exception
2021-01-20 18:03:03,430 [grpc-default-executor-6] INFO  leader.FollowerInfo (FollowerInfoImpl.java:lambda$new$0(46)) - omNode-1@group-523986131536->omNode-2: nextIndex: updateUnconditionally 196 -> 45
2021-01-20 18:03:03,430 [grpc-default-executor-6] WARN  server.GrpcLogAppender (LogUtils.java:warn(122)) - omNode-1@group-523986131536->omNode-2-AppendLogResponseHandler: Failed appendEntries: org.apache.ratis.thirdparty.io.grpc.StatusRuntimeException: UNAVAILABLE: io exception
2021-01-20 18:03:03,431 [grpc-default-executor-6] INFO  leader.FollowerInfo (FollowerInfoImpl.java:lambda$new$0(46)) - omNode-1@group-523986131536->omNode-2: nextIndex: updateUnconditionally 197 -> 45
2021-01-20 18:03:03,432 [grpc-default-executor-6] WARN  server.GrpcLogAppender (LogUtils.java:warn(122)) - omNode-1@group-523986131536->omNode-2-AppendLogResponseHandler: Failed appendEntries: org.apache.ratis.thirdparty.io.grpc.StatusRuntimeException: UNAVAILABLE: io exception
2021-01-20 18:03:03,433 [grpc-default-executor-6] INFO  leader.FollowerInfo (FollowerInfoImpl.java:lambda$new$0(46)) - omNode-1@group-523986131536->omNode-2: nextIndex: updateUnconditionally 197 -> 45
2021-01-20 18:03:03,433 [grpc-default-executor-6] WARN  server.GrpcLogAppender (LogUtils.java:warn(122)) - omNode-1@group-523986131536->omNode-2-AppendLogResponseHandler: Failed appendEntries: org.apache.ratis.thirdparty.io.grpc.StatusRuntimeException: UNAVAILABLE: io exception
2021-01-20 18:03:03,434 [grpc-default-executor-6] INFO  leader.FollowerInfo (FollowerInfoImpl.java:lambda$new$0(46)) - omNode-1@group-523986131536->omNode-2: nextIndex: updateUnconditionally 198 -> 45
2021-01-20 18:03:03,437 [grpc-default-executor-6] WARN  server.GrpcLogAppender (LogUtils.java:warn(122)) - omNode-1@group-523986131536->omNode-2-AppendLogResponseHandler: Failed appendEntries: org.apache.ratis.thirdparty.io.grpc.StatusRuntimeException: UNAVAILABLE: io exception
2021-01-20 18:03:03,437 [grpc-default-executor-6] INFO  leader.FollowerInfo (FollowerInfoImpl.java:lambda$new$0(46)) - omNode-1@group-523986131536->omNode-2: nextIndex: updateUnconditionally 198 -> 45
2021-01-20 18:03:03,438 [grpc-default-executor-8] WARN  server.GrpcLogAppender (LogUtils.java:warn(122)) - omNode-1@group-523986131536->omNode-2-AppendLogResponseHandler: Failed appendEntries: org.apache.ratis.thirdparty.io.grpc.StatusRuntimeException: UNAVAILABLE: io exception
2021-01-20 18:03:03,438 [grpc-default-executor-8] INFO  leader.FollowerInfo (FollowerInfoImpl.java:lambda$new$0(46)) - omNode-1@group-523986131536->omNode-2: nextIndex: updateUnconditionally 199 -> 45
2021-01-20 18:03:03,440 [grpc-default-executor-8] WARN  server.GrpcLogAppender (LogUtils.java:warn(122)) - omNode-1@group-523986131536->omNode-2-AppendLogResponseHandler: Failed appendEntries: org.apache.ratis.thirdparty.io.grpc.StatusRuntimeException: UNAVAILABLE: io exception
2021-01-20 18:03:03,440 [omNode-1@group-523986131536-StateMachineUpdater] INFO  ratis.OzoneManagerStateMachine (OzoneManagerStateMachine.java:takeSnapshot(345)) - Current Snapshot Index (t:1, i:198)
2021-01-20 18:03:03,440 [omNode-1@group-523986131536-StateMachineUpdater] INFO  impl.StateMachineUpdater (StateMachineUpdater.java:takeSnapshot(279)) - omNode-1@group-523986131536-StateMachineUpdater: Took a snapshot at index 198
2021-01-20 18:03:03,440 [omNode-1@group-523986131536-StateMachineUpdater] INFO  impl.StateMachineUpdater (StateMachineUpdater.java:lambda$new$0(88)) - omNode-1@group-523986131536-StateMachineUpdater: snapshotIndex: updateIncreasingly 148 -> 198
2021-01-20 18:03:03,440 [omNode-1@group-523986131536-StateMachineUpdater] INFO  raftlog.RaftLog (RaftLogBase.java:purge(306)) - omNode-1@group-523986131536-SegmentedRaftLog: purge 198
2021-01-20 18:03:03,440 [omNode-1@group-523986131536-StateMachineUpdater] INFO  raftlog.RaftLog (RaftLogBase.java:lambda$new$0(53)) - omNode-1@group-523986131536-SegmentedRaftLog: snapshotIndex: updateIncreasingly 99 -> 198
2021-01-20 18:03:03,440 [omNode-1@group-523986131536-StateMachineUpdater] INFO  raftlog.RaftLog (RaftLogBase.java:lambda$new$0(53)) - omNode-1@group-523986131536-SegmentedRaftLog: purgeIndex: updateToMax old=99, new=198, updated? true
2021-01-20 18:03:03,440 [grpc-default-executor-8] INFO  leader.FollowerInfo (FollowerInfoImpl.java:lambda$new$0(46)) - omNode-1@group-523986131536->omNode-2: nextIndex: updateUnconditionally 199 -> 45
2021-01-20 18:03:03,441 [grpc-default-executor-3] WARN  server.GrpcLogAppender (LogUtils.java:warn(122)) - omNode-1@group-523986131536->omNode-2-AppendLogResponseHandler: Failed appendEntries: org.apache.ratis.thirdparty.io.grpc.StatusRuntimeException: UNAVAILABLE: io exception
2021-01-20 18:03:03,441 [grpc-default-executor-3] INFO  leader.FollowerInfo (FollowerInfoImpl.java:lambda$new$0(46)) - omNode-1@group-523986131536->omNode-2: nextIndex: updateUnconditionally 199 -> 45
2021-01-20 18:03:03,443 [grpc-default-executor-6] WARN  server.GrpcLogAppender (LogUtils.java:warn(122)) - omNode-1@group-523986131536->omNode-2-AppendLogResponseHandler: Failed appendEntries: org.apache.ratis.thirdparty.io.grpc.StatusRuntimeException: UNAVAILABLE: io exception
2021-01-20 18:03:03,444 [grpc-default-executor-6] INFO  leader.FollowerInfo (FollowerInfoImpl.java:lambda$new$0(46)) - omNode-1@group-523986131536->omNode-2: nextIndex: updateUnconditionally 200 -> 45
2021-01-20 18:03:03,445 [omNode-3@group-523986131536-StateMachineUpdater] INFO  ratis.OzoneManagerStateMachine (OzoneManagerStateMachine.java:takeSnapshot(345)) - Current Snapshot Index (t:1, i:198)
2021-01-20 18:03:03,445 [omNode-3@group-523986131536-StateMachineUpdater] INFO  impl.StateMachineUpdater (StateMachineUpdater.java:takeSnapshot(279)) - omNode-3@group-523986131536-StateMachineUpdater: Took a snapshot at index 198
2021-01-20 18:03:03,445 [omNode-3@group-523986131536-StateMachineUpdater] INFO  impl.StateMachineUpdater (StateMachineUpdater.java:lambda$new$0(88)) - omNode-3@group-523986131536-StateMachineUpdater: snapshotIndex: updateIncreasingly 148 -> 198
2021-01-20 18:03:03,445 [omNode-3@group-523986131536-StateMachineUpdater] INFO  raftlog.RaftLog (RaftLogBase.java:purge(306)) - omNode-3@group-523986131536-SegmentedRaftLog: purge 198
2021-01-20 18:03:03,445 [omNode-3@group-523986131536-StateMachineUpdater] INFO  raftlog.RaftLog (RaftLogBase.java:lambda$new$0(53)) - omNode-3@group-523986131536-SegmentedRaftLog: snapshotIndex: updateIncreasingly 99 -> 198
2021-01-20 18:03:03,445 [omNode-3@group-523986131536-StateMachineUpdater] INFO  raftlog.RaftLog (RaftLogBase.java:lambda$new$0(53)) - omNode-3@group-523986131536-SegmentedRaftLog: purgeIndex: updateToMax old=99, new=198, updated? true
2021-01-20 18:03:03,447 [grpc-default-executor-6] WARN  server.GrpcLogAppender (LogUtils.java:warn(122)) - omNode-1@group-523986131536->omNode-2-AppendLogResponseHandler: Failed appendEntries: org.apache.ratis.thirdparty.io.grpc.StatusRuntimeException: UNAVAILABLE: io exception
2021-01-20 18:03:03,447 [grpc-default-executor-6] INFO  leader.FollowerInfo (FollowerInfoImpl.java:lambda$new$0(46)) - omNode-1@group-523986131536->omNode-2: nextIndex: updateUnconditionally 201 -> 45
2021-01-20 18:03:03,454 [grpc-default-executor-6] WARN  server.GrpcLogAppender (LogUtils.java:warn(122)) - omNode-1@group-523986131536->omNode-2-AppendLogResponseHandler: Failed appendEntries: org.apache.ratis.thirdparty.io.grpc.StatusRuntimeException: UNAVAILABLE: io exception
2021-01-20 18:03:03,454 [grpc-default-executor-6] INFO  leader.FollowerInfo (FollowerInfoImpl.java:lambda$new$0(46)) - omNode-1@group-523986131536->omNode-2: nextIndex: updateUnconditionally 202 -> 45
2021-01-20 18:03:03,456 [grpc-default-executor-6] WARN  server.GrpcLogAppender (LogUtils.java:warn(122)) - omNode-1@group-523986131536->omNode-2-AppendLogResponseHandler: Failed appendEntries: org.apache.ratis.thirdparty.io.grpc.StatusRuntimeException: UNAVAILABLE: io exception
2021-01-20 18:03:03,456 [grpc-default-executor-6] INFO  leader.FollowerInfo (FollowerInfoImpl.java:lambda$new$0(46)) - omNode-1@group-523986131536->omNode-2: nextIndex: updateUnconditionally 203 -> 45
2021-01-20 18:03:03,462 [grpc-default-executor-6] WARN  server.GrpcLogAppender (LogUtils.java:warn(122)) - omNode-1@group-523986131536->omNode-2-AppendLogResponseHandler: Failed appendEntries: org.apache.ratis.thirdparty.io.grpc.StatusRuntimeException: UNAVAILABLE: io exception
2021-01-20 18:03:03,463 [grpc-default-executor-6] INFO  leader.FollowerInfo (FollowerInfoImpl.java:lambda$new$0(46)) - omNode-1@group-523986131536->omNode-2: nextIndex: updateUnconditionally 203 -> 45
2021-01-20 18:03:03,463 [grpc-default-executor-6] WARN  server.GrpcLogAppender (LogUtils.java:warn(122)) - omNode-1@group-523986131536->omNode-2-AppendLogResponseHandler: Failed appendEntries: org.apache.ratis.thirdparty.io.grpc.StatusRuntimeException: UNAVAILABLE: io exception
2021-01-20 18:03:03,464 [grpc-default-executor-6] INFO  leader.FollowerInfo (FollowerInfoImpl.java:lambda$new$0(46)) - omNode-1@group-523986131536->omNode-2: nextIndex: updateUnconditionally 203 -> 45
2021-01-20 18:03:03,471 [grpc-default-executor-6] WARN  server.GrpcLogAppender (LogUtils.java:warn(122)) - omNode-1@group-523986131536->omNode-2-AppendLogResponseHandler: Failed appendEntries: org.apache.ratis.thirdparty.io.grpc.StatusRuntimeException: UNAVAILABLE: io exception
2021-01-20 18:03:03,471 [grpc-default-executor-6] INFO  leader.FollowerInfo (FollowerInfoImpl.java:lambda$new$0(46)) - omNode-1@group-523986131536->omNode-2: nextIndex: updateUnconditionally 204 -> 45
2021-01-20 18:03:03,475 [grpc-default-executor-6] WARN  server.GrpcLogAppender (LogUtils.java:warn(122)) - omNode-1@group-523986131536->omNode-2-AppendLogResponseHandler: Failed appendEntries: org.apache.ratis.thirdparty.io.grpc.StatusRuntimeException: UNAVAILABLE: io exception
2021-01-20 18:03:03,475 [grpc-default-executor-6] INFO  leader.FollowerInfo (FollowerInfoImpl.java:lambda$new$0(46)) - omNode-1@group-523986131536->omNode-2: nextIndex: updateUnconditionally 204 -> 45
2021-01-20 18:03:03,476 [grpc-default-executor-3] WARN  server.GrpcLogAppender (LogUtils.java:warn(122)) - omNode-1@group-523986131536->omNode-2-AppendLogResponseHandler: Failed appendEntries: org.apache.ratis.thirdparty.io.grpc.StatusRuntimeException: UNAVAILABLE: io exception
2021-01-20 18:03:03,476 [grpc-default-executor-3] INFO  leader.FollowerInfo (FollowerInfoImpl.java:lambda$new$0(46)) - omNode-1@group-523986131536->omNode-2: nextIndex: updateUnconditionally 205 -> 45
2021-01-20 18:03:03,477 [grpc-default-executor-3] WARN  server.GrpcLogAppender (LogUtils.java:warn(122)) - omNode-1@group-523986131536->omNode-2-AppendLogResponseHandler: Failed appendEntries: org.apache.ratis.thirdparty.io.grpc.StatusRuntimeException: UNAVAILABLE: io exception
2021-01-20 18:03:03,478 [grpc-default-executor-3] INFO  leader.FollowerInfo (FollowerInfoImpl.java:lambda$new$0(46)) - omNode-1@group-523986131536->omNode-2: nextIndex: updateUnconditionally 206 -> 45
2021-01-20 18:03:03,480 [grpc-default-executor-3] WARN  server.GrpcLogAppender (LogUtils.java:warn(122)) - omNode-1@group-523986131536->omNode-2-AppendLogResponseHandler: Failed appendEntries: org.apache.ratis.thirdparty.io.grpc.StatusRuntimeException: UNAVAILABLE: io exception
2021-01-20 18:03:03,480 [grpc-default-executor-3] INFO  leader.FollowerInfo (FollowerInfoImpl.java:lambda$new$0(46)) - omNode-1@group-523986131536->omNode-2: nextIndex: updateUnconditionally 206 -> 45
2021-01-20 18:03:03,483 [grpc-default-executor-3] WARN  server.GrpcLogAppender (LogUtils.java:warn(122)) - omNode-1@group-523986131536->omNode-2-AppendLogResponseHandler: Failed appendEntries: org.apache.ratis.thirdparty.io.grpc.StatusRuntimeException: UNAVAILABLE: io exception
2021-01-20 18:03:03,484 [grpc-default-executor-3] INFO  leader.FollowerInfo (FollowerInfoImpl.java:lambda$new$0(46)) - omNode-1@group-523986131536->omNode-2: nextIndex: updateUnconditionally 207 -> 45
2021-01-20 18:03:03,489 [grpc-default-executor-3] WARN  server.GrpcLogAppender (LogUtils.java:warn(122)) - omNode-1@group-523986131536->omNode-2-AppendLogResponseHandler: Failed appendEntries: org.apache.ratis.thirdparty.io.grpc.StatusRuntimeException: UNAVAILABLE: io exception
2021-01-20 18:03:03,489 [grpc-default-executor-3] INFO  leader.FollowerInfo (FollowerInfoImpl.java:lambda$new$0(46)) - omNode-1@group-523986131536->omNode-2: nextIndex: updateUnconditionally 208 -> 45
2021-01-20 18:03:03,493 [grpc-default-executor-3] WARN  server.GrpcLogAppender (LogUtils.java:warn(122)) - omNode-1@group-523986131536->omNode-2-AppendLogResponseHandler: Failed appendEntries: org.apache.ratis.thirdparty.io.grpc.StatusRuntimeException: UNAVAILABLE: io exception
2021-01-20 18:03:03,494 [grpc-default-executor-3] INFO  leader.FollowerInfo (FollowerInfoImpl.java:lambda$new$0(46)) - omNode-1@group-523986131536->omNode-2: nextIndex: updateUnconditionally 208 -> 45
2021-01-20 18:03:03,494 [grpc-default-executor-3] WARN  server.GrpcLogAppender (LogUtils.java:warn(122)) - omNode-1@group-523986131536->omNode-2-AppendLogResponseHandler: Failed appendEntries: org.apache.ratis.thirdparty.io.grpc.StatusRuntimeException: UNAVAILABLE: io exception
2021-01-20 18:03:03,494 [grpc-default-executor-3] INFO  leader.FollowerInfo (FollowerInfoImpl.java:lambda$new$0(46)) - omNode-1@group-523986131536->omNode-2: nextIndex: updateUnconditionally 208 -> 45
2021-01-20 18:03:03,497 [grpc-default-executor-3] WARN  server.GrpcLogAppender (LogUtils.java:warn(122)) - omNode-1@group-523986131536->omNode-2-AppendLogResponseHandler: Failed appendEntries: org.apache.ratis.thirdparty.io.grpc.StatusRuntimeException: UNAVAILABLE: io exception
2021-01-20 18:03:03,497 [grpc-default-executor-3] INFO  leader.FollowerInfo (FollowerInfoImpl.java:lambda$new$0(46)) - omNode-1@group-523986131536->omNode-2: nextIndex: updateUnconditionally 209 -> 45
2021-01-20 18:03:03,499 [grpc-default-executor-3] WARN  server.GrpcLogAppender (LogUtils.java:warn(122)) - omNode-1@group-523986131536->omNode-2-AppendLogResponseHandler: Failed appendEntries: org.apache.ratis.thirdparty.io.grpc.StatusRuntimeException: UNAVAILABLE: io exception
2021-01-20 18:03:03,500 [grpc-default-executor-3] INFO  leader.FollowerInfo (FollowerInfoImpl.java:lambda$new$0(46)) - omNode-1@group-523986131536->omNode-2: nextIndex: updateUnconditionally 210 -> 45
2021-01-20 18:03:03,502 [grpc-default-executor-6] WARN  server.GrpcLogAppender (LogUtils.java:warn(122)) - omNode-1@group-523986131536->omNode-2-AppendLogResponseHandler: Failed appendEntries: org.apache.ratis.thirdparty.io.grpc.StatusRuntimeException: UNAVAILABLE: io exception
2021-01-20 18:03:03,502 [grpc-default-executor-6] INFO  leader.FollowerInfo (FollowerInfoImpl.java:lambda$new$0(46)) - omNode-1@group-523986131536->omNode-2: nextIndex: updateUnconditionally 210 -> 45
2021-01-20 18:03:03,503 [grpc-default-executor-3] WARN  server.GrpcLogAppender (LogUtils.java:warn(122)) - omNode-1@group-523986131536->omNode-2-AppendLogResponseHandler: Failed appendEntries: org.apache.ratis.thirdparty.io.grpc.StatusRuntimeException: UNAVAILABLE: io exception
2021-01-20 18:03:03,503 [grpc-default-executor-3] INFO  leader.FollowerInfo (FollowerInfoImpl.java:lambda$new$0(46)) - omNode-1@group-523986131536->omNode-2: nextIndex: updateUnconditionally 210 -> 45
2021-01-20 18:03:03,506 [grpc-default-executor-3] WARN  server.GrpcLogAppender (LogUtils.java:warn(122)) - omNode-1@group-523986131536->omNode-2-AppendLogResponseHandler: Failed appendEntries: org.apache.ratis.thirdparty.io.grpc.StatusRuntimeException: UNAVAILABLE: io exception
2021-01-20 18:03:03,506 [grpc-default-executor-3] INFO  leader.FollowerInfo (FollowerInfoImpl.java:lambda$new$0(46)) - omNode-1@group-523986131536->omNode-2: nextIndex: updateUnconditionally 211 -> 45
2021-01-20 18:03:03,513 [grpc-default-executor-3] WARN  server.GrpcLogAppender (LogUtils.java:warn(122)) - omNode-1@group-523986131536->omNode-2-AppendLogResponseHandler: Failed appendEntries: org.apache.ratis.thirdparty.io.grpc.StatusRuntimeException: UNAVAILABLE: io exception
2021-01-20 18:03:03,513 [grpc-default-executor-3] INFO  leader.FollowerInfo (FollowerInfoImpl.java:lambda$new$0(46)) - omNode-1@group-523986131536->omNode-2: nextIndex: updateUnconditionally 212 -> 45
2021-01-20 18:03:03,514 [grpc-default-executor-6] WARN  server.GrpcLogAppender (LogUtils.java:warn(122)) - omNode-1@group-523986131536->omNode-2-AppendLogResponseHandler: Failed appendEntries: org.apache.ratis.thirdparty.io.grpc.StatusRuntimeException: UNAVAILABLE: io exception
2021-01-20 18:03:03,514 [grpc-default-executor-6] INFO  leader.FollowerInfo (FollowerInfoImpl.java:lambda$new$0(46)) - omNode-1@group-523986131536->omNode-2: nextIndex: updateUnconditionally 212 -> 45
2021-01-20 18:03:03,518 [grpc-default-executor-3] WARN  server.GrpcLogAppender (LogUtils.java:warn(122)) - omNode-1@group-523986131536->omNode-2-AppendLogResponseHandler: Failed appendEntries: org.apache.ratis.thirdparty.io.grpc.StatusRuntimeException: UNAVAILABLE: io exception
2021-01-20 18:03:03,518 [grpc-default-executor-3] INFO  leader.FollowerInfo (FollowerInfoImpl.java:lambda$new$0(46)) - omNode-1@group-523986131536->omNode-2: nextIndex: updateUnconditionally 213 -> 45
2021-01-20 18:03:03,520 [grpc-default-executor-3] WARN  server.GrpcLogAppender (LogUtils.java:warn(122)) - omNode-1@group-523986131536->omNode-2-AppendLogResponseHandler: Failed appendEntries: org.apache.ratis.thirdparty.io.grpc.StatusRuntimeException: UNAVAILABLE: io exception
2021-01-20 18:03:03,520 [grpc-default-executor-3] INFO  leader.FollowerInfo (FollowerInfoImpl.java:lambda$new$0(46)) - omNode-1@group-523986131536->omNode-2: nextIndex: updateUnconditionally 214 -> 45
2021-01-20 18:03:03,525 [grpc-default-executor-3] WARN  server.GrpcLogAppender (LogUtils.java:warn(122)) - omNode-1@group-523986131536->omNode-2-AppendLogResponseHandler: Failed appendEntries: org.apache.ratis.thirdparty.io.grpc.StatusRuntimeException: UNAVAILABLE: io exception
2021-01-20 18:03:03,525 [grpc-default-executor-3] INFO  leader.FollowerInfo (FollowerInfoImpl.java:lambda$new$0(46)) - omNode-1@group-523986131536->omNode-2: nextIndex: updateUnconditionally 214 -> 45
2021-01-20 18:03:03,526 [grpc-default-executor-3] WARN  server.GrpcLogAppender (LogUtils.java:warn(122)) - omNode-1@group-523986131536->omNode-2-AppendLogResponseHandler: Failed appendEntries: org.apache.ratis.thirdparty.io.grpc.StatusRuntimeException: UNAVAILABLE: io exception
2021-01-20 18:03:03,526 [grpc-default-executor-3] INFO  leader.FollowerInfo (FollowerInfoImpl.java:lambda$new$0(46)) - omNode-1@group-523986131536->omNode-2: nextIndex: updateUnconditionally 214 -> 45
2021-01-20 18:03:03,528 [grpc-default-executor-3] WARN  server.GrpcLogAppender (LogUtils.java:warn(122)) - omNode-1@group-523986131536->omNode-2-AppendLogResponseHandler: Failed appendEntries: org.apache.ratis.thirdparty.io.grpc.StatusRuntimeException: UNAVAILABLE: io exception
2021-01-20 18:03:03,529 [grpc-default-executor-3] INFO  leader.FollowerInfo (FollowerInfoImpl.java:lambda$new$0(46)) - omNode-1@group-523986131536->omNode-2: nextIndex: updateUnconditionally 215 -> 45
2021-01-20 18:03:03,534 [grpc-default-executor-6] WARN  server.GrpcLogAppender (LogUtils.java:warn(122)) - omNode-1@group-523986131536->omNode-2-AppendLogResponseHandler: Failed appendEntries: org.apache.ratis.thirdparty.io.grpc.StatusRuntimeException: UNAVAILABLE: io exception
2021-01-20 18:03:03,534 [grpc-default-executor-6] INFO  leader.FollowerInfo (FollowerInfoImpl.java:lambda$new$0(46)) - omNode-1@group-523986131536->omNode-2: nextIndex: updateUnconditionally 216 -> 45
2021-01-20 18:03:03,537 [grpc-default-executor-6] WARN  server.GrpcLogAppender (LogUtils.java:warn(122)) - omNode-1@group-523986131536->omNode-2-AppendLogResponseHandler: Failed appendEntries: org.apache.ratis.thirdparty.io.grpc.StatusRuntimeException: UNAVAILABLE: io exception
2021-01-20 18:03:03,537 [grpc-default-executor-6] INFO  leader.FollowerInfo (FollowerInfoImpl.java:lambda$new$0(46)) - omNode-1@group-523986131536->omNode-2: nextIndex: updateUnconditionally 217 -> 45
2021-01-20 18:03:03,538 [grpc-default-executor-6] WARN  server.GrpcLogAppender (LogUtils.java:warn(122)) - omNode-1@group-523986131536->omNode-2-AppendLogResponseHandler: Failed appendEntries: org.apache.ratis.thirdparty.io.grpc.StatusRuntimeException: UNAVAILABLE: io exception
2021-01-20 18:03:03,538 [grpc-default-executor-6] INFO  leader.FollowerInfo (FollowerInfoImpl.java:lambda$new$0(46)) - omNode-1@group-523986131536->omNode-2: nextIndex: updateUnconditionally 218 -> 45
2021-01-20 18:03:03,540 [grpc-default-executor-6] WARN  server.GrpcLogAppender (LogUtils.java:warn(122)) - omNode-1@group-523986131536->omNode-2-AppendLogResponseHandler: Failed appendEntries: org.apache.ratis.thirdparty.io.grpc.StatusRuntimeException: UNAVAILABLE: io exception
2021-01-20 18:03:03,540 [grpc-default-executor-6] INFO  leader.FollowerInfo (FollowerInfoImpl.java:lambda$new$0(46)) - omNode-1@group-523986131536->omNode-2: nextIndex: updateUnconditionally 218 -> 45
2021-01-20 18:03:03,540 [grpc-default-executor-3] WARN  server.GrpcLogAppender (LogUtils.java:warn(122)) - omNode-1@group-523986131536->omNode-2-AppendLogResponseHandler: Failed appendEntries: org.apache.ratis.thirdparty.io.grpc.StatusRuntimeException: UNAVAILABLE: io exception
2021-01-20 18:03:03,541 [grpc-default-executor-3] INFO  leader.FollowerInfo (FollowerInfoImpl.java:lambda$new$0(46)) - omNode-1@group-523986131536->omNode-2: nextIndex: updateUnconditionally 218 -> 45
2021-01-20 18:03:03,542 [grpc-default-executor-3] WARN  server.GrpcLogAppender (LogUtils.java:warn(122)) - omNode-1@group-523986131536->omNode-2-AppendLogResponseHandler: Failed appendEntries: org.apache.ratis.thirdparty.io.grpc.StatusRuntimeException: UNAVAILABLE: io exception
2021-01-20 18:03:03,543 [grpc-default-executor-3] INFO  leader.FollowerInfo (FollowerInfoImpl.java:lambda$new$0(46)) - omNode-1@group-523986131536->omNode-2: nextIndex: updateUnconditionally 219 -> 45
2021-01-20 18:03:03,546 [grpc-default-executor-3] WARN  server.GrpcLogAppender (LogUtils.java:warn(122)) - omNode-1@group-523986131536->omNode-2-AppendLogResponseHandler: Failed appendEntries: org.apache.ratis.thirdparty.io.grpc.StatusRuntimeException: UNAVAILABLE: io exception
2021-01-20 18:03:03,547 [grpc-default-executor-3] INFO  leader.FollowerInfo (FollowerInfoImpl.java:lambda$new$0(46)) - omNode-1@group-523986131536->omNode-2: nextIndex: updateUnconditionally 219 -> 45
2021-01-20 18:03:03,547 [grpc-default-executor-6] WARN  server.GrpcLogAppender (LogUtils.java:warn(122)) - omNode-1@group-523986131536->omNode-2-AppendLogResponseHandler: Failed appendEntries: org.apache.ratis.thirdparty.io.grpc.StatusRuntimeException: UNAVAILABLE: io exception
2021-01-20 18:03:03,548 [grpc-default-executor-6] INFO  leader.FollowerInfo (FollowerInfoImpl.java:lambda$new$0(46)) - omNode-1@group-523986131536->omNode-2: nextIndex: updateUnconditionally 219 -> 45
2021-01-20 18:03:03,550 [grpc-default-executor-3] WARN  server.GrpcLogAppender (LogUtils.java:warn(122)) - omNode-1@group-523986131536->omNode-2-AppendLogResponseHandler: Failed appendEntries: org.apache.ratis.thirdparty.io.grpc.StatusRuntimeException: UNAVAILABLE: io exception
2021-01-20 18:03:03,551 [grpc-default-executor-3] INFO  leader.FollowerInfo (FollowerInfoImpl.java:lambda$new$0(46)) - omNode-1@group-523986131536->omNode-2: nextIndex: updateUnconditionally 220 -> 45
2021-01-20 18:03:03,555 [grpc-default-executor-3] WARN  server.GrpcLogAppender (LogUtils.java:warn(122)) - omNode-1@group-523986131536->omNode-2-AppendLogResponseHandler: Failed appendEntries: org.apache.ratis.thirdparty.io.grpc.StatusRuntimeException: UNAVAILABLE: io exception
2021-01-20 18:03:03,555 [grpc-default-executor-3] INFO  leader.FollowerInfo (FollowerInfoImpl.java:lambda$new$0(46)) - omNode-1@group-523986131536->omNode-2: nextIndex: updateUnconditionally 220 -> 45
2021-01-20 18:03:03,556 [grpc-default-executor-6] WARN  server.GrpcLogAppender (LogUtils.java:warn(122)) - omNode-1@group-523986131536->omNode-2-AppendLogResponseHandler: Failed appendEntries: org.apache.ratis.thirdparty.io.grpc.StatusRuntimeException: UNAVAILABLE: io exception
2021-01-20 18:03:03,556 [grpc-default-executor-6] INFO  leader.FollowerInfo (FollowerInfoImpl.java:lambda$new$0(46)) - omNode-1@group-523986131536->omNode-2: nextIndex: updateUnconditionally 221 -> 45
2021-01-20 18:03:03,558 [grpc-default-executor-6] WARN  server.GrpcLogAppender (LogUtils.java:warn(122)) - omNode-1@group-523986131536->omNode-2-AppendLogResponseHandler: Failed appendEntries: org.apache.ratis.thirdparty.io.grpc.StatusRuntimeException: UNAVAILABLE: io exception
2021-01-20 18:03:03,559 [grpc-default-executor-6] INFO  leader.FollowerInfo (FollowerInfoImpl.java:lambda$new$0(46)) - omNode-1@group-523986131536->omNode-2: nextIndex: updateUnconditionally 222 -> 45
2021-01-20 18:03:03,561 [grpc-default-executor-6] WARN  server.GrpcLogAppender (LogUtils.java:warn(122)) - omNode-1@group-523986131536->omNode-2-AppendLogResponseHandler: Failed appendEntries: org.apache.ratis.thirdparty.io.grpc.StatusRuntimeException: UNAVAILABLE: io exception
2021-01-20 18:03:03,561 [grpc-default-executor-6] INFO  leader.FollowerInfo (FollowerInfoImpl.java:lambda$new$0(46)) - omNode-1@group-523986131536->omNode-2: nextIndex: updateUnconditionally 222 -> 45
2021-01-20 18:03:03,562 [grpc-default-executor-3] WARN  server.GrpcLogAppender (LogUtils.java:warn(122)) - omNode-1@group-523986131536->omNode-2-AppendLogResponseHandler: Failed appendEntries: org.apache.ratis.thirdparty.io.grpc.StatusRuntimeException: UNAVAILABLE: io exception
2021-01-20 18:03:03,562 [grpc-default-executor-3] INFO  leader.FollowerInfo (FollowerInfoImpl.java:lambda$new$0(46)) - omNode-1@group-523986131536->omNode-2: nextIndex: updateUnconditionally 222 -> 45
2021-01-20 18:03:03,564 [grpc-default-executor-3] WARN  server.GrpcLogAppender (LogUtils.java:warn(122)) - omNode-1@group-523986131536->omNode-2-AppendLogResponseHandler: Failed appendEntries: org.apache.ratis.thirdparty.io.grpc.StatusRuntimeException: UNAVAILABLE: io exception
2021-01-20 18:03:03,564 [grpc-default-executor-3] INFO  leader.FollowerInfo (FollowerInfoImpl.java:lambda$new$0(46)) - omNode-1@group-523986131536->omNode-2: nextIndex: updateUnconditionally 223 -> 45
2021-01-20 18:03:03,571 [grpc-default-executor-3] WARN  server.GrpcLogAppender (LogUtils.java:warn(122)) - omNode-1@group-523986131536->omNode-2-AppendLogResponseHandler: Failed appendEntries: org.apache.ratis.thirdparty.io.grpc.StatusRuntimeException: UNAVAILABLE: io exception
2021-01-20 18:03:03,571 [grpc-default-executor-3] INFO  leader.FollowerInfo (FollowerInfoImpl.java:lambda$new$0(46)) - omNode-1@group-523986131536->omNode-2: nextIndex: updateUnconditionally 223 -> 45
2021-01-20 18:03:03,579 [grpc-default-executor-3] WARN  server.GrpcLogAppender (LogUtils.java:warn(122)) - omNode-1@group-523986131536->omNode-2-AppendLogResponseHandler: Failed appendEntries: org.apache.ratis.thirdparty.io.grpc.StatusRuntimeException: UNAVAILABLE: io exception
2021-01-20 18:03:03,579 [grpc-default-executor-3] INFO  leader.FollowerInfo (FollowerInfoImpl.java:lambda$new$0(46)) - omNode-1@group-523986131536->omNode-2: nextIndex: updateUnconditionally 224 -> 45
2021-01-20 18:03:03,581 [grpc-default-executor-3] WARN  server.GrpcLogAppender (LogUtils.java:warn(122)) - omNode-1@group-523986131536->omNode-2-AppendLogResponseHandler: Failed appendEntries: org.apache.ratis.thirdparty.io.grpc.StatusRuntimeException: UNAVAILABLE: io exception
2021-01-20 18:03:03,582 [grpc-default-executor-3] INFO  leader.FollowerInfo (FollowerInfoImpl.java:lambda$new$0(46)) - omNode-1@group-523986131536->omNode-2: nextIndex: updateUnconditionally 224 -> 45
2021-01-20 18:03:03,583 [grpc-default-executor-8] WARN  server.GrpcLogAppender (LogUtils.java:warn(122)) - omNode-1@group-523986131536->omNode-2-AppendLogResponseHandler: Failed appendEntries: org.apache.ratis.thirdparty.io.grpc.StatusRuntimeException: UNAVAILABLE: io exception
2021-01-20 18:03:03,583 [grpc-default-executor-8] INFO  leader.FollowerInfo (FollowerInfoImpl.java:lambda$new$0(46)) - omNode-1@group-523986131536->omNode-2: nextIndex: updateUnconditionally 225 -> 45
2021-01-20 18:03:03,585 [grpc-default-executor-8] WARN  server.GrpcLogAppender (LogUtils.java:warn(122)) - omNode-1@group-523986131536->omNode-2-AppendLogResponseHandler: Failed appendEntries: org.apache.ratis.thirdparty.io.grpc.StatusRuntimeException: UNAVAILABLE: io exception
2021-01-20 18:03:03,585 [grpc-default-executor-8] INFO  leader.FollowerInfo (FollowerInfoImpl.java:lambda$new$0(46)) - omNode-1@group-523986131536->omNode-2: nextIndex: updateUnconditionally 226 -> 45
2021-01-20 18:03:03,586 [grpc-default-executor-8] WARN  server.GrpcLogAppender (LogUtils.java:warn(122)) - omNode-1@group-523986131536->omNode-2-AppendLogResponseHandler: Failed appendEntries: org.apache.ratis.thirdparty.io.grpc.StatusRuntimeException: UNAVAILABLE: io exception
2021-01-20 18:03:03,586 [grpc-default-executor-8] INFO  leader.FollowerInfo (FollowerInfoImpl.java:lambda$new$0(46)) - omNode-1@group-523986131536->omNode-2: nextIndex: updateUnconditionally 226 -> 45
2021-01-20 18:03:03,592 [grpc-default-executor-8] WARN  server.GrpcLogAppender (LogUtils.java:warn(122)) - omNode-1@group-523986131536->omNode-2-AppendLogResponseHandler: Failed appendEntries: org.apache.ratis.thirdparty.io.grpc.StatusRuntimeException: UNAVAILABLE: io exception
2021-01-20 18:03:03,592 [grpc-default-executor-8] INFO  leader.FollowerInfo (FollowerInfoImpl.java:lambda$new$0(46)) - omNode-1@group-523986131536->omNode-2: nextIndex: updateUnconditionally 227 -> 45
2021-01-20 18:03:03,595 [grpc-default-executor-8] WARN  server.GrpcLogAppender (LogUtils.java:warn(122)) - omNode-1@group-523986131536->omNode-2-AppendLogResponseHandler: Failed appendEntries: org.apache.ratis.thirdparty.io.grpc.StatusRuntimeException: UNAVAILABLE: io exception
2021-01-20 18:03:03,595 [grpc-default-executor-8] INFO  leader.FollowerInfo (FollowerInfoImpl.java:lambda$new$0(46)) - omNode-1@group-523986131536->omNode-2: nextIndex: updateUnconditionally 227 -> 45
2021-01-20 18:03:03,597 [grpc-default-executor-8] WARN  server.GrpcLogAppender (LogUtils.java:warn(122)) - omNode-1@group-523986131536->omNode-2-AppendLogResponseHandler: Failed appendEntries: org.apache.ratis.thirdparty.io.grpc.StatusRuntimeException: UNAVAILABLE: io exception
2021-01-20 18:03:03,598 [grpc-default-executor-8] INFO  leader.FollowerInfo (FollowerInfoImpl.java:lambda$new$0(46)) - omNode-1@group-523986131536->omNode-2: nextIndex: updateUnconditionally 228 -> 45
2021-01-20 18:03:03,600 [grpc-default-executor-8] WARN  server.GrpcLogAppender (LogUtils.java:warn(122)) - omNode-1@group-523986131536->omNode-2-AppendLogResponseHandler: Failed appendEntries: org.apache.ratis.thirdparty.io.grpc.StatusRuntimeException: UNAVAILABLE: io exception
2021-01-20 18:03:03,600 [grpc-default-executor-8] INFO  leader.FollowerInfo (FollowerInfoImpl.java:lambda$new$0(46)) - omNode-1@group-523986131536->omNode-2: nextIndex: updateUnconditionally 228 -> 45
2021-01-20 18:03:03,601 [grpc-default-executor-8] WARN  server.GrpcLogAppender (LogUtils.java:warn(122)) - omNode-1@group-523986131536->omNode-2-AppendLogResponseHandler: Failed appendEntries: org.apache.ratis.thirdparty.io.grpc.StatusRuntimeException: UNAVAILABLE: io exception
2021-01-20 18:03:03,601 [grpc-default-executor-8] INFO  leader.FollowerInfo (FollowerInfoImpl.java:lambda$new$0(46)) - omNode-1@group-523986131536->omNode-2: nextIndex: updateUnconditionally 229 -> 45
2021-01-20 18:03:03,603 [grpc-default-executor-8] WARN  server.GrpcLogAppender (LogUtils.java:warn(122)) - omNode-1@group-523986131536->omNode-2-AppendLogResponseHandler: Failed appendEntries: org.apache.ratis.thirdparty.io.grpc.StatusRuntimeException: UNAVAILABLE: io exception
2021-01-20 18:03:03,603 [grpc-default-executor-8] INFO  leader.FollowerInfo (FollowerInfoImpl.java:lambda$new$0(46)) - omNode-1@group-523986131536->omNode-2: nextIndex: updateUnconditionally 230 -> 45
2021-01-20 18:03:03,608 [grpc-default-executor-3] WARN  server.GrpcLogAppender (LogUtils.java:warn(122)) - omNode-1@group-523986131536->omNode-2-AppendLogResponseHandler: Failed appendEntries: org.apache.ratis.thirdparty.io.grpc.StatusRuntimeException: UNAVAILABLE: io exception
2021-01-20 18:03:03,608 [grpc-default-executor-3] INFO  leader.FollowerInfo (FollowerInfoImpl.java:lambda$new$0(46)) - omNode-1@group-523986131536->omNode-2: nextIndex: updateUnconditionally 230 -> 45
2021-01-20 18:03:03,610 [grpc-default-executor-8] WARN  server.GrpcLogAppender (LogUtils.java:warn(122)) - omNode-1@group-523986131536->omNode-2-AppendLogResponseHandler: Failed appendEntries: org.apache.ratis.thirdparty.io.grpc.StatusRuntimeException: UNAVAILABLE: io exception
2021-01-20 18:03:03,611 [grpc-default-executor-8] INFO  leader.FollowerInfo (FollowerInfoImpl.java:lambda$new$0(46)) - omNode-1@group-523986131536->omNode-2: nextIndex: updateUnconditionally 231 -> 45
2021-01-20 18:03:03,618 [grpc-default-executor-3] WARN  server.GrpcLogAppender (LogUtils.java:warn(122)) - omNode-1@group-523986131536->omNode-2-AppendLogResponseHandler: Failed appendEntries: org.apache.ratis.thirdparty.io.grpc.StatusRuntimeException: UNAVAILABLE: io exception
2021-01-20 18:03:03,618 [grpc-default-executor-3] INFO  leader.FollowerInfo (FollowerInfoImpl.java:lambda$new$0(46)) - omNode-1@group-523986131536->omNode-2: nextIndex: updateUnconditionally 231 -> 45
2021-01-20 18:03:03,621 [grpc-default-executor-3] WARN  server.GrpcLogAppender (LogUtils.java:warn(122)) - omNode-1@group-523986131536->omNode-2-AppendLogResponseHandler: Failed appendEntries: org.apache.ratis.thirdparty.io.grpc.StatusRuntimeException: UNAVAILABLE: io exception
2021-01-20 18:03:03,621 [grpc-default-executor-3] INFO  leader.FollowerInfo (FollowerInfoImpl.java:lambda$new$0(46)) - omNode-1@group-523986131536->omNode-2: nextIndex: updateUnconditionally 232 -> 45
2021-01-20 18:03:03,624 [grpc-default-executor-3] WARN  server.GrpcLogAppender (LogUtils.java:warn(122)) - omNode-1@group-523986131536->omNode-2-AppendLogResponseHandler: Failed appendEntries: org.apache.ratis.thirdparty.io.grpc.StatusRuntimeException: UNAVAILABLE: io exception
2021-01-20 18:03:03,625 [grpc-default-executor-3] INFO  leader.FollowerInfo (FollowerInfoImpl.java:lambda$new$0(46)) - omNode-1@group-523986131536->omNode-2: nextIndex: updateUnconditionally 232 -> 45
2021-01-20 18:03:03,626 [grpc-default-executor-8] WARN  server.GrpcLogAppender (LogUtils.java:warn(122)) - omNode-1@group-523986131536->omNode-2-AppendLogResponseHandler: Failed appendEntries: org.apache.ratis.thirdparty.io.grpc.StatusRuntimeException: UNAVAILABLE: io exception
2021-01-20 18:03:03,626 [grpc-default-executor-8] INFO  leader.FollowerInfo (FollowerInfoImpl.java:lambda$new$0(46)) - omNode-1@group-523986131536->omNode-2: nextIndex: updateUnconditionally 233 -> 45
2021-01-20 18:03:03,628 [grpc-default-executor-3] WARN  server.GrpcLogAppender (LogUtils.java:warn(122)) - omNode-1@group-523986131536->omNode-2-AppendLogResponseHandler: Failed appendEntries: org.apache.ratis.thirdparty.io.grpc.StatusRuntimeException: UNAVAILABLE: io exception
2021-01-20 18:03:03,629 [grpc-default-executor-3] INFO  leader.FollowerInfo (FollowerInfoImpl.java:lambda$new$0(46)) - omNode-1@group-523986131536->omNode-2: nextIndex: updateUnconditionally 234 -> 45
2021-01-20 18:03:03,633 [grpc-default-executor-3] WARN  server.GrpcLogAppender (LogUtils.java:warn(122)) - omNode-1@group-523986131536->omNode-2-AppendLogResponseHandler: Failed appendEntries: org.apache.ratis.thirdparty.io.grpc.StatusRuntimeException: UNAVAILABLE: io exception
2021-01-20 18:03:03,633 [grpc-default-executor-3] INFO  leader.FollowerInfo (FollowerInfoImpl.java:lambda$new$0(46)) - omNode-1@group-523986131536->omNode-2: nextIndex: updateUnconditionally 234 -> 45
2021-01-20 18:03:03,634 [grpc-default-executor-3] WARN  server.GrpcLogAppender (LogUtils.java:warn(122)) - omNode-1@group-523986131536->omNode-2-AppendLogResponseHandler: Failed appendEntries: org.apache.ratis.thirdparty.io.grpc.StatusRuntimeException: UNAVAILABLE: io exception
2021-01-20 18:03:03,634 [grpc-default-executor-3] INFO  leader.FollowerInfo (FollowerInfoImpl.java:lambda$new$0(46)) - omNode-1@group-523986131536->omNode-2: nextIndex: updateUnconditionally 234 -> 45
2021-01-20 18:03:03,637 [grpc-default-executor-8] WARN  server.GrpcLogAppender (LogUtils.java:warn(122)) - omNode-1@group-523986131536->omNode-2-AppendLogResponseHandler: Failed appendEntries: org.apache.ratis.thirdparty.io.grpc.StatusRuntimeException: UNAVAILABLE: io exception
2021-01-20 18:03:03,637 [grpc-default-executor-8] INFO  leader.FollowerInfo (FollowerInfoImpl.java:lambda$new$0(46)) - omNode-1@group-523986131536->omNode-2: nextIndex: updateUnconditionally 235 -> 45
2021-01-20 18:03:03,645 [grpc-default-executor-8] WARN  server.GrpcLogAppender (LogUtils.java:warn(122)) - omNode-1@group-523986131536->omNode-2-AppendLogResponseHandler: Failed appendEntries: org.apache.ratis.thirdparty.io.grpc.StatusRuntimeException: UNAVAILABLE: io exception
2021-01-20 18:03:03,645 [grpc-default-executor-8] INFO  leader.FollowerInfo (FollowerInfoImpl.java:lambda$new$0(46)) - omNode-1@group-523986131536->omNode-2: nextIndex: updateUnconditionally 235 -> 45
2021-01-20 18:03:03,648 [grpc-default-executor-3] WARN  server.GrpcLogAppender (LogUtils.java:warn(122)) - omNode-1@group-523986131536->omNode-2-AppendLogResponseHandler: Failed appendEntries: org.apache.ratis.thirdparty.io.grpc.StatusRuntimeException: UNAVAILABLE: io exception
2021-01-20 18:03:03,648 [grpc-default-executor-3] INFO  leader.FollowerInfo (FollowerInfoImpl.java:lambda$new$0(46)) - omNode-1@group-523986131536->omNode-2: nextIndex: updateUnconditionally 236 -> 45
2021-01-20 18:03:03,651 [grpc-default-executor-8] WARN  server.GrpcLogAppender (LogUtils.java:warn(122)) - omNode-1@group-523986131536->omNode-2-AppendLogResponseHandler: Failed appendEntries: org.apache.ratis.thirdparty.io.grpc.StatusRuntimeException: UNAVAILABLE: io exception
2021-01-20 18:03:03,651 [grpc-default-executor-8] INFO  leader.FollowerInfo (FollowerInfoImpl.java:lambda$new$0(46)) - omNode-1@group-523986131536->omNode-2: nextIndex: updateUnconditionally 236 -> 45
2021-01-20 18:03:03,652 [grpc-default-executor-8] WARN  server.GrpcLogAppender (LogUtils.java:warn(122)) - omNode-1@group-523986131536->omNode-2-AppendLogResponseHandler: Failed appendEntries: org.apache.ratis.thirdparty.io.grpc.StatusRuntimeException: UNAVAILABLE: io exception
2021-01-20 18:03:03,653 [grpc-default-executor-8] INFO  leader.FollowerInfo (FollowerInfoImpl.java:lambda$new$0(46)) - omNode-1@group-523986131536->omNode-2: nextIndex: updateUnconditionally 237 -> 45
2021-01-20 18:03:03,654 [grpc-default-executor-6] WARN  server.GrpcLogAppender (LogUtils.java:warn(122)) - omNode-1@group-523986131536->omNode-2-AppendLogResponseHandler: Failed appendEntries: org.apache.ratis.thirdparty.io.grpc.StatusRuntimeException: UNAVAILABLE: io exception
2021-01-20 18:03:03,654 [grpc-default-executor-6] INFO  leader.FollowerInfo (FollowerInfoImpl.java:lambda$new$0(46)) - omNode-1@group-523986131536->omNode-2: nextIndex: updateUnconditionally 238 -> 45
2021-01-20 18:03:03,656 [grpc-default-executor-3] WARN  server.GrpcLogAppender (LogUtils.java:warn(122)) - omNode-1@group-523986131536->omNode-2-AppendLogResponseHandler: Failed appendEntries: org.apache.ratis.thirdparty.io.grpc.StatusRuntimeException: UNAVAILABLE: io exception
2021-01-20 18:03:03,656 [grpc-default-executor-3] INFO  leader.FollowerInfo (FollowerInfoImpl.java:lambda$new$0(46)) - omNode-1@group-523986131536->omNode-2: nextIndex: updateUnconditionally 238 -> 45
2021-01-20 18:03:03,657 [grpc-default-executor-6] WARN  server.GrpcLogAppender (LogUtils.java:warn(122)) - omNode-1@group-523986131536->omNode-2-AppendLogResponseHandler: Failed appendEntries: org.apache.ratis.thirdparty.io.grpc.StatusRuntimeException: UNAVAILABLE: io exception
2021-01-20 18:03:03,657 [grpc-default-executor-6] INFO  leader.FollowerInfo (FollowerInfoImpl.java:lambda$new$0(46)) - omNode-1@group-523986131536->omNode-2: nextIndex: updateUnconditionally 238 -> 45
2021-01-20 18:03:03,658 [grpc-default-executor-3] WARN  server.GrpcLogAppender (LogUtils.java:warn(122)) - omNode-1@group-523986131536->omNode-2-AppendLogResponseHandler: Failed appendEntries: org.apache.ratis.thirdparty.io.grpc.StatusRuntimeException: UNAVAILABLE: io exception
2021-01-20 18:03:03,658 [grpc-default-executor-3] INFO  leader.FollowerInfo (FollowerInfoImpl.java:lambda$new$0(46)) - omNode-1@group-523986131536->omNode-2: nextIndex: updateUnconditionally 239 -> 45
2021-01-20 18:03:03,666 [grpc-default-executor-6] WARN  server.GrpcLogAppender (LogUtils.java:warn(122)) - omNode-1@group-523986131536->omNode-2-AppendLogResponseHandler: Failed appendEntries: org.apache.ratis.thirdparty.io.grpc.StatusRuntimeException: UNAVAILABLE: io exception
2021-01-20 18:03:03,666 [grpc-default-executor-6] INFO  leader.FollowerInfo (FollowerInfoImpl.java:lambda$new$0(46)) - omNode-1@group-523986131536->omNode-2: nextIndex: updateUnconditionally 239 -> 45
2021-01-20 18:03:03,670 [grpc-default-executor-6] WARN  server.GrpcLogAppender (LogUtils.java:warn(122)) - omNode-1@group-523986131536->omNode-2-AppendLogResponseHandler: Failed appendEntries: org.apache.ratis.thirdparty.io.grpc.StatusRuntimeException: UNAVAILABLE: io exception
2021-01-20 18:03:03,670 [grpc-default-executor-6] INFO  leader.FollowerInfo (FollowerInfoImpl.java:lambda$new$0(46)) - omNode-1@group-523986131536->omNode-2: nextIndex: updateUnconditionally 240 -> 45
2021-01-20 18:03:03,672 [grpc-default-executor-3] WARN  server.GrpcLogAppender (LogUtils.java:warn(122)) - omNode-1@group-523986131536->omNode-2-AppendLogResponseHandler: Failed appendEntries: org.apache.ratis.thirdparty.io.grpc.StatusRuntimeException: UNAVAILABLE: io exception
2021-01-20 18:03:03,672 [grpc-default-executor-3] INFO  leader.FollowerInfo (FollowerInfoImpl.java:lambda$new$0(46)) - omNode-1@group-523986131536->omNode-2: nextIndex: updateUnconditionally 240 -> 45
2021-01-20 18:03:03,674 [grpc-default-executor-6] WARN  server.GrpcLogAppender (LogUtils.java:warn(122)) - omNode-1@group-523986131536->omNode-2-AppendLogResponseHandler: Failed appendEntries: org.apache.ratis.thirdparty.io.grpc.StatusRuntimeException: UNAVAILABLE: io exception
2021-01-20 18:03:03,674 [grpc-default-executor-6] INFO  leader.FollowerInfo (FollowerInfoImpl.java:lambda$new$0(46)) - omNode-1@group-523986131536->omNode-2: nextIndex: updateUnconditionally 241 -> 45
2021-01-20 18:03:03,676 [grpc-default-executor-3] WARN  server.GrpcLogAppender (LogUtils.java:warn(122)) - omNode-1@group-523986131536->omNode-2-AppendLogResponseHandler: Failed appendEntries: org.apache.ratis.thirdparty.io.grpc.StatusRuntimeException: UNAVAILABLE: io exception
2021-01-20 18:03:03,676 [grpc-default-executor-3] INFO  leader.FollowerInfo (FollowerInfoImpl.java:lambda$new$0(46)) - omNode-1@group-523986131536->omNode-2: nextIndex: updateUnconditionally 242 -> 45
2021-01-20 18:03:03,680 [grpc-default-executor-6] WARN  server.GrpcLogAppender (LogUtils.java:warn(122)) - omNode-1@group-523986131536->omNode-2-AppendLogResponseHandler: Failed appendEntries: org.apache.ratis.thirdparty.io.grpc.StatusRuntimeException: UNAVAILABLE: io exception
2021-01-20 18:03:03,680 [grpc-default-executor-6] INFO  leader.FollowerInfo (FollowerInfoImpl.java:lambda$new$0(46)) - omNode-1@group-523986131536->omNode-2: nextIndex: updateUnconditionally 242 -> 45
2021-01-20 18:03:03,683 [grpc-default-executor-6] WARN  server.GrpcLogAppender (LogUtils.java:warn(122)) - omNode-1@group-523986131536->omNode-2-AppendLogResponseHandler: Failed appendEntries: org.apache.ratis.thirdparty.io.grpc.StatusRuntimeException: UNAVAILABLE: io exception
2021-01-20 18:03:03,684 [grpc-default-executor-6] INFO  leader.FollowerInfo (FollowerInfoImpl.java:lambda$new$0(46)) - omNode-1@group-523986131536->omNode-2: nextIndex: updateUnconditionally 243 -> 45
2021-01-20 18:03:03,689 [grpc-default-executor-6] WARN  server.GrpcLogAppender (LogUtils.java:warn(122)) - omNode-1@group-523986131536->omNode-2-AppendLogResponseHandler: Failed appendEntries: org.apache.ratis.thirdparty.io.grpc.StatusRuntimeException: UNAVAILABLE: io exception
2021-01-20 18:03:03,689 [grpc-default-executor-6] INFO  leader.FollowerInfo (FollowerInfoImpl.java:lambda$new$0(46)) - omNode-1@group-523986131536->omNode-2: nextIndex: updateUnconditionally 244 -> 45
2021-01-20 18:03:03,691 [grpc-default-executor-6] WARN  server.GrpcLogAppender (LogUtils.java:warn(122)) - omNode-1@group-523986131536->omNode-2-AppendLogResponseHandler: Failed appendEntries: org.apache.ratis.thirdparty.io.grpc.StatusRuntimeException: UNAVAILABLE: io exception
2021-01-20 18:03:03,691 [grpc-default-executor-6] INFO  leader.FollowerInfo (FollowerInfoImpl.java:lambda$new$0(46)) - omNode-1@group-523986131536->omNode-2: nextIndex: updateUnconditionally 244 -> 45
2021-01-20 18:03:03,692 [grpc-default-executor-8] WARN  server.GrpcLogAppender (LogUtils.java:warn(122)) - omNode-1@group-523986131536->omNode-2-AppendLogResponseHandler: Failed appendEntries: org.apache.ratis.thirdparty.io.grpc.StatusRuntimeException: UNAVAILABLE: io exception
2021-01-20 18:03:03,692 [grpc-default-executor-8] INFO  leader.FollowerInfo (FollowerInfoImpl.java:lambda$new$0(46)) - omNode-1@group-523986131536->omNode-2: nextIndex: updateUnconditionally 245 -> 45
2021-01-20 18:03:03,694 [grpc-default-executor-8] WARN  server.GrpcLogAppender (LogUtils.java:warn(122)) - omNode-1@group-523986131536->omNode-2-AppendLogResponseHandler: Failed appendEntries: org.apache.ratis.thirdparty.io.grpc.StatusRuntimeException: UNAVAILABLE: io exception
2021-01-20 18:03:03,694 [grpc-default-executor-8] INFO  leader.FollowerInfo (FollowerInfoImpl.java:lambda$new$0(46)) - omNode-1@group-523986131536->omNode-2: nextIndex: updateUnconditionally 246 -> 45
2021-01-20 18:03:03,696 [grpc-default-executor-8] WARN  server.GrpcLogAppender (LogUtils.java:warn(122)) - omNode-1@group-523986131536->omNode-2-AppendLogResponseHandler: Failed appendEntries: org.apache.ratis.thirdparty.io.grpc.StatusRuntimeException: UNAVAILABLE: io exception
2021-01-20 18:03:03,696 [grpc-default-executor-8] INFO  leader.FollowerInfo (FollowerInfoImpl.java:lambda$new$0(46)) - omNode-1@group-523986131536->omNode-2: nextIndex: updateUnconditionally 246 -> 45
2021-01-20 18:03:03,704 [grpc-default-executor-8] WARN  server.GrpcLogAppender (LogUtils.java:warn(122)) - omNode-1@group-523986131536->omNode-2-AppendLogResponseHandler: Failed appendEntries: org.apache.ratis.thirdparty.io.grpc.StatusRuntimeException: UNAVAILABLE: io exception
2021-01-20 18:03:03,704 [grpc-default-executor-8] INFO  leader.FollowerInfo (FollowerInfoImpl.java:lambda$new$0(46)) - omNode-1@group-523986131536->omNode-2: nextIndex: updateUnconditionally 247 -> 45
2021-01-20 18:03:03,707 [grpc-default-executor-8] WARN  server.GrpcLogAppender (LogUtils.java:warn(122)) - omNode-1@group-523986131536->omNode-2-AppendLogResponseHandler: Failed appendEntries: org.apache.ratis.thirdparty.io.grpc.StatusRuntimeException: UNAVAILABLE: io exception
2021-01-20 18:03:03,708 [grpc-default-executor-8] INFO  leader.FollowerInfo (FollowerInfoImpl.java:lambda$new$0(46)) - omNode-1@group-523986131536->omNode-2: nextIndex: updateUnconditionally 247 -> 45
2021-01-20 18:03:03,714 [grpc-default-executor-6] WARN  server.GrpcLogAppender (LogUtils.java:warn(122)) - omNode-1@group-523986131536->omNode-2-AppendLogResponseHandler: Failed appendEntries: org.apache.ratis.thirdparty.io.grpc.StatusRuntimeException: UNAVAILABLE: io exception
2021-01-20 18:03:03,714 [grpc-default-executor-6] INFO  leader.FollowerInfo (FollowerInfoImpl.java:lambda$new$0(46)) - omNode-1@group-523986131536->omNode-2: nextIndex: updateUnconditionally 248 -> 45
2021-01-20 18:03:03,717 [grpc-default-executor-8] WARN  server.GrpcLogAppender (LogUtils.java:warn(122)) - omNode-1@group-523986131536->omNode-2-AppendLogResponseHandler: Failed appendEntries: org.apache.ratis.thirdparty.io.grpc.StatusRuntimeException: UNAVAILABLE: io exception
2021-01-20 18:03:03,717 [grpc-default-executor-8] INFO  leader.FollowerInfo (FollowerInfoImpl.java:lambda$new$0(46)) - omNode-1@group-523986131536->omNode-2: nextIndex: updateUnconditionally 248 -> 45
2021-01-20 18:03:03,718 [grpc-default-executor-8] WARN  server.GrpcLogAppender (LogUtils.java:warn(122)) - omNode-1@group-523986131536->omNode-2-AppendLogResponseHandler: Failed appendEntries: org.apache.ratis.thirdparty.io.grpc.StatusRuntimeException: UNAVAILABLE: io exception
2021-01-20 18:03:03,718 [grpc-default-executor-8] INFO  leader.FollowerInfo (FollowerInfoImpl.java:lambda$new$0(46)) - omNode-1@group-523986131536->omNode-2: nextIndex: updateUnconditionally 249 -> 45
2021-01-20 18:03:03,721 [grpc-default-executor-8] WARN  server.GrpcLogAppender (LogUtils.java:warn(122)) - omNode-1@group-523986131536->omNode-2-AppendLogResponseHandler: Failed appendEntries: org.apache.ratis.thirdparty.io.grpc.StatusRuntimeException: UNAVAILABLE: io exception
2021-01-20 18:03:03,721 [grpc-default-executor-8] INFO  leader.FollowerInfo (FollowerInfoImpl.java:lambda$new$0(46)) - omNode-1@group-523986131536->omNode-2: nextIndex: updateUnconditionally 250 -> 45
2021-01-20 18:03:03,722 [omNode-1@group-523986131536-StateMachineUpdater] INFO  ratis.OzoneManagerStateMachine (OzoneManagerStateMachine.java:takeSnapshot(345)) - Current Snapshot Index (t:1, i:248)
2021-01-20 18:03:03,722 [omNode-1@group-523986131536-StateMachineUpdater] INFO  impl.StateMachineUpdater (StateMachineUpdater.java:takeSnapshot(279)) - omNode-1@group-523986131536-StateMachineUpdater: Took a snapshot at index 248
2021-01-20 18:03:03,722 [omNode-1@group-523986131536-StateMachineUpdater] INFO  impl.StateMachineUpdater (StateMachineUpdater.java:lambda$new$0(88)) - omNode-1@group-523986131536-StateMachineUpdater: snapshotIndex: updateIncreasingly 198 -> 248
2021-01-20 18:03:03,722 [omNode-1@group-523986131536-StateMachineUpdater] INFO  raftlog.RaftLog (RaftLogBase.java:purge(306)) - omNode-1@group-523986131536-SegmentedRaftLog: purge 248
2021-01-20 18:03:03,722 [omNode-1@group-523986131536-StateMachineUpdater] INFO  raftlog.RaftLog (RaftLogBase.java:lambda$new$0(53)) - omNode-1@group-523986131536-SegmentedRaftLog: snapshotIndex: updateIncreasingly 198 -> 248
2021-01-20 18:03:03,722 [omNode-1@group-523986131536-StateMachineUpdater] INFO  raftlog.RaftLog (RaftLogBase.java:lambda$new$0(53)) - omNode-1@group-523986131536-SegmentedRaftLog: purgeIndex: updateToMax old=198, new=248, updated? true
2021-01-20 18:03:03,722 [grpc-default-executor-6] WARN  server.GrpcLogAppender (LogUtils.java:warn(122)) - omNode-1@group-523986131536->omNode-2-AppendLogResponseHandler: Failed appendEntries: org.apache.ratis.thirdparty.io.grpc.StatusRuntimeException: UNAVAILABLE: io exception
2021-01-20 18:03:03,722 [grpc-default-executor-6] INFO  leader.FollowerInfo (FollowerInfoImpl.java:lambda$new$0(46)) - omNode-1@group-523986131536->omNode-2: nextIndex: updateUnconditionally 250 -> 45
2021-01-20 18:03:03,725 [grpc-default-executor-6] WARN  server.GrpcLogAppender (LogUtils.java:warn(122)) - omNode-1@group-523986131536->omNode-2-AppendLogResponseHandler: Failed appendEntries: org.apache.ratis.thirdparty.io.grpc.StatusRuntimeException: UNAVAILABLE: io exception
2021-01-20 18:03:03,725 [grpc-default-executor-6] INFO  leader.FollowerInfo (FollowerInfoImpl.java:lambda$new$0(46)) - omNode-1@group-523986131536->omNode-2: nextIndex: updateUnconditionally 251 -> 45
2021-01-20 18:03:03,727 [omNode-3@group-523986131536-StateMachineUpdater] INFO  ratis.OzoneManagerStateMachine (OzoneManagerStateMachine.java:takeSnapshot(345)) - Current Snapshot Index (t:1, i:249)
2021-01-20 18:03:03,728 [omNode-3@group-523986131536-StateMachineUpdater] INFO  impl.StateMachineUpdater (StateMachineUpdater.java:takeSnapshot(279)) - omNode-3@group-523986131536-StateMachineUpdater: Took a snapshot at index 249
2021-01-20 18:03:03,728 [omNode-3@group-523986131536-StateMachineUpdater] INFO  impl.StateMachineUpdater (StateMachineUpdater.java:lambda$new$0(88)) - omNode-3@group-523986131536-StateMachineUpdater: snapshotIndex: updateIncreasingly 198 -> 249
2021-01-20 18:03:03,728 [omNode-3@group-523986131536-StateMachineUpdater] INFO  raftlog.RaftLog (RaftLogBase.java:purge(306)) - omNode-3@group-523986131536-SegmentedRaftLog: purge 249
2021-01-20 18:03:03,728 [omNode-3@group-523986131536-StateMachineUpdater] INFO  raftlog.RaftLog (RaftLogBase.java:lambda$new$0(53)) - omNode-3@group-523986131536-SegmentedRaftLog: snapshotIndex: updateIncreasingly 198 -> 249
2021-01-20 18:03:03,728 [omNode-3@group-523986131536-StateMachineUpdater] INFO  raftlog.RaftLog (RaftLogBase.java:lambda$new$0(53)) - omNode-3@group-523986131536-SegmentedRaftLog: purgeIndex: updateToMax old=198, new=249, updated? true
2021-01-20 18:03:03,729 [grpc-default-executor-3] WARN  server.GrpcLogAppender (LogUtils.java:warn(122)) - omNode-1@group-523986131536->omNode-2-AppendLogResponseHandler: Failed appendEntries: org.apache.ratis.thirdparty.io.grpc.StatusRuntimeException: UNAVAILABLE: io exception
2021-01-20 18:03:03,729 [grpc-default-executor-3] INFO  leader.FollowerInfo (FollowerInfoImpl.java:lambda$new$0(46)) - omNode-1@group-523986131536->omNode-2: nextIndex: updateUnconditionally 252 -> 45
2021-01-20 18:03:03,732 [grpc-default-executor-3] WARN  server.GrpcLogAppender (LogUtils.java:warn(122)) - omNode-1@group-523986131536->omNode-2-AppendLogResponseHandler: Failed appendEntries: org.apache.ratis.thirdparty.io.grpc.StatusRuntimeException: UNAVAILABLE: io exception
2021-01-20 18:03:03,732 [grpc-default-executor-3] INFO  leader.FollowerInfo (FollowerInfoImpl.java:lambda$new$0(46)) - omNode-1@group-523986131536->omNode-2: nextIndex: updateUnconditionally 252 -> 45
2021-01-20 18:03:03,734 [grpc-default-executor-3] WARN  server.GrpcLogAppender (LogUtils.java:warn(122)) - omNode-1@group-523986131536->omNode-2-AppendLogResponseHandler: Failed appendEntries: org.apache.ratis.thirdparty.io.grpc.StatusRuntimeException: UNAVAILABLE: io exception
2021-01-20 18:03:03,734 [grpc-default-executor-3] INFO  leader.FollowerInfo (FollowerInfoImpl.java:lambda$new$0(46)) - omNode-1@group-523986131536->omNode-2: nextIndex: updateUnconditionally 252 -> 45
2021-01-20 18:03:03,735 [grpc-default-executor-8] WARN  server.GrpcLogAppender (LogUtils.java:warn(122)) - omNode-1@group-523986131536->omNode-2-AppendLogResponseHandler: Failed appendEntries: org.apache.ratis.thirdparty.io.grpc.StatusRuntimeException: UNAVAILABLE: io exception
2021-01-20 18:03:03,735 [grpc-default-executor-8] INFO  leader.FollowerInfo (FollowerInfoImpl.java:lambda$new$0(46)) - omNode-1@group-523986131536->omNode-2: nextIndex: updateUnconditionally 253 -> 45
2021-01-20 18:03:03,737 [grpc-default-executor-3] WARN  server.GrpcLogAppender (LogUtils.java:warn(122)) - omNode-1@group-523986131536->omNode-2-AppendLogResponseHandler: Failed appendEntries: org.apache.ratis.thirdparty.io.grpc.StatusRuntimeException: UNAVAILABLE: io exception
2021-01-20 18:03:03,737 [grpc-default-executor-3] INFO  leader.FollowerInfo (FollowerInfoImpl.java:lambda$new$0(46)) - omNode-1@group-523986131536->omNode-2: nextIndex: updateUnconditionally 254 -> 45
2021-01-20 18:03:03,740 [grpc-default-executor-3] WARN  server.GrpcLogAppender (LogUtils.java:warn(122)) - omNode-1@group-523986131536->omNode-2-AppendLogResponseHandler: Failed appendEntries: org.apache.ratis.thirdparty.io.grpc.StatusRuntimeException: UNAVAILABLE: io exception
2021-01-20 18:03:03,740 [grpc-default-executor-3] INFO  leader.FollowerInfo (FollowerInfoImpl.java:lambda$new$0(46)) - omNode-1@group-523986131536->omNode-2: nextIndex: updateUnconditionally 255 -> 45
2021-01-20 18:03:03,744 [grpc-default-executor-3] WARN  server.GrpcLogAppender (LogUtils.java:warn(122)) - omNode-1@group-523986131536->omNode-2-AppendLogResponseHandler: Failed appendEntries: org.apache.ratis.thirdparty.io.grpc.StatusRuntimeException: UNAVAILABLE: io exception
2021-01-20 18:03:03,745 [grpc-default-executor-3] INFO  leader.FollowerInfo (FollowerInfoImpl.java:lambda$new$0(46)) - omNode-1@group-523986131536->omNode-2: nextIndex: updateUnconditionally 255 -> 45
2021-01-20 18:03:03,747 [grpc-default-executor-3] WARN  server.GrpcLogAppender (LogUtils.java:warn(122)) - omNode-1@group-523986131536->omNode-2-AppendLogResponseHandler: Failed appendEntries: org.apache.ratis.thirdparty.io.grpc.StatusRuntimeException: UNAVAILABLE: io exception
2021-01-20 18:03:03,747 [grpc-default-executor-3] INFO  leader.FollowerInfo (FollowerInfoImpl.java:lambda$new$0(46)) - omNode-1@group-523986131536->omNode-2: nextIndex: updateUnconditionally 256 -> 45
2021-01-20 18:03:03,748 [grpc-default-executor-8] WARN  server.GrpcLogAppender (LogUtils.java:warn(122)) - omNode-1@group-523986131536->omNode-2-AppendLogResponseHandler: Failed appendEntries: org.apache.ratis.thirdparty.io.grpc.StatusRuntimeException: UNAVAILABLE: io exception
2021-01-20 18:03:03,748 [grpc-default-executor-8] INFO  leader.FollowerInfo (FollowerInfoImpl.java:lambda$new$0(46)) - omNode-1@group-523986131536->omNode-2: nextIndex: updateUnconditionally 256 -> 45
2021-01-20 18:03:03,751 [grpc-default-executor-8] WARN  server.GrpcLogAppender (LogUtils.java:warn(122)) - omNode-1@group-523986131536->omNode-2-AppendLogResponseHandler: Failed appendEntries: org.apache.ratis.thirdparty.io.grpc.StatusRuntimeException: UNAVAILABLE: io exception
2021-01-20 18:03:03,751 [grpc-default-executor-8] INFO  leader.FollowerInfo (FollowerInfoImpl.java:lambda$new$0(46)) - omNode-1@group-523986131536->omNode-2: nextIndex: updateUnconditionally 257 -> 45
2021-01-20 18:03:03,752 [grpc-default-executor-8] WARN  server.GrpcLogAppender (LogUtils.java:warn(122)) - omNode-1@group-523986131536->omNode-2-AppendLogResponseHandler: Failed appendEntries: org.apache.ratis.thirdparty.io.grpc.StatusRuntimeException: UNAVAILABLE: io exception
2021-01-20 18:03:03,752 [grpc-default-executor-8] INFO  leader.FollowerInfo (FollowerInfoImpl.java:lambda$new$0(46)) - omNode-1@group-523986131536->omNode-2: nextIndex: updateUnconditionally 258 -> 45
2021-01-20 18:03:03,753 [grpc-default-executor-3] WARN  server.GrpcLogAppender (LogUtils.java:warn(122)) - omNode-1@group-523986131536->omNode-2-AppendLogResponseHandler: Failed appendEntries: org.apache.ratis.thirdparty.io.grpc.StatusRuntimeException: UNAVAILABLE: io exception
2021-01-20 18:03:03,754 [grpc-default-executor-3] INFO  leader.FollowerInfo (FollowerInfoImpl.java:lambda$new$0(46)) - omNode-1@group-523986131536->omNode-2: nextIndex: updateUnconditionally 258 -> 45
2021-01-20 18:03:03,755 [grpc-default-executor-3] WARN  server.GrpcLogAppender (LogUtils.java:warn(122)) - omNode-1@group-523986131536->omNode-2-AppendLogResponseHandler: Failed appendEntries: org.apache.ratis.thirdparty.io.grpc.StatusRuntimeException: UNAVAILABLE: io exception
2021-01-20 18:03:03,755 [grpc-default-executor-3] INFO  leader.FollowerInfo (FollowerInfoImpl.java:lambda$new$0(46)) - omNode-1@group-523986131536->omNode-2: nextIndex: updateUnconditionally 259 -> 45
2021-01-20 18:03:03,760 [grpc-default-executor-3] WARN  server.GrpcLogAppender (LogUtils.java:warn(122)) - omNode-1@group-523986131536->omNode-2-AppendLogResponseHandler: Failed appendEntries: org.apache.ratis.thirdparty.io.grpc.StatusRuntimeException: UNAVAILABLE: io exception
2021-01-20 18:03:03,761 [grpc-default-executor-3] INFO  leader.FollowerInfo (FollowerInfoImpl.java:lambda$new$0(46)) - omNode-1@group-523986131536->omNode-2: nextIndex: updateUnconditionally 259 -> 45
2021-01-20 18:03:03,765 [grpc-default-executor-8] WARN  server.GrpcLogAppender (LogUtils.java:warn(122)) - omNode-1@group-523986131536->omNode-2-AppendLogResponseHandler: Failed appendEntries: org.apache.ratis.thirdparty.io.grpc.StatusRuntimeException: UNAVAILABLE: io exception
2021-01-20 18:03:03,765 [grpc-default-executor-8] INFO  leader.FollowerInfo (FollowerInfoImpl.java:lambda$new$0(46)) - omNode-1@group-523986131536->omNode-2: nextIndex: updateUnconditionally 260 -> 45
2021-01-20 18:03:03,766 [grpc-default-executor-8] WARN  server.GrpcLogAppender (LogUtils.java:warn(122)) - omNode-1@group-523986131536->omNode-2-AppendLogResponseHandler: Failed appendEntries: org.apache.ratis.thirdparty.io.grpc.StatusRuntimeException: UNAVAILABLE: io exception
2021-01-20 18:03:03,766 [grpc-default-executor-8] INFO  leader.FollowerInfo (FollowerInfoImpl.java:lambda$new$0(46)) - omNode-1@group-523986131536->omNode-2: nextIndex: updateUnconditionally 260 -> 45
2021-01-20 18:03:03,767 [grpc-default-executor-6] WARN  server.GrpcLogAppender (LogUtils.java:warn(122)) - omNode-1@group-523986131536->omNode-2-AppendLogResponseHandler: Failed appendEntries: org.apache.ratis.thirdparty.io.grpc.StatusRuntimeException: UNAVAILABLE: io exception
2021-01-20 18:03:03,767 [grpc-default-executor-6] INFO  leader.FollowerInfo (FollowerInfoImpl.java:lambda$new$0(46)) - omNode-1@group-523986131536->omNode-2: nextIndex: updateUnconditionally 261 -> 45
2021-01-20 18:03:03,770 [grpc-default-executor-8] WARN  server.GrpcLogAppender (LogUtils.java:warn(122)) - omNode-1@group-523986131536->omNode-2-AppendLogResponseHandler: Failed appendEntries: org.apache.ratis.thirdparty.io.grpc.StatusRuntimeException: UNAVAILABLE: io exception
2021-01-20 18:03:03,770 [grpc-default-executor-8] INFO  leader.FollowerInfo (FollowerInfoImpl.java:lambda$new$0(46)) - omNode-1@group-523986131536->omNode-2: nextIndex: updateUnconditionally 262 -> 45
2021-01-20 18:03:03,776 [grpc-default-executor-6] WARN  server.GrpcLogAppender (LogUtils.java:warn(122)) - omNode-1@group-523986131536->omNode-2-AppendLogResponseHandler: Failed appendEntries: org.apache.ratis.thirdparty.io.grpc.StatusRuntimeException: UNAVAILABLE: io exception
2021-01-20 18:03:03,776 [grpc-default-executor-6] INFO  leader.FollowerInfo (FollowerInfoImpl.java:lambda$new$0(46)) - omNode-1@group-523986131536->omNode-2: nextIndex: updateUnconditionally 262 -> 45
2021-01-20 18:03:03,781 [grpc-default-executor-6] WARN  server.GrpcLogAppender (LogUtils.java:warn(122)) - omNode-1@group-523986131536->omNode-2-AppendLogResponseHandler: Failed appendEntries: org.apache.ratis.thirdparty.io.grpc.StatusRuntimeException: UNAVAILABLE: io exception
2021-01-20 18:03:03,781 [grpc-default-executor-6] INFO  leader.FollowerInfo (FollowerInfoImpl.java:lambda$new$0(46)) - omNode-1@group-523986131536->omNode-2: nextIndex: updateUnconditionally 263 -> 45
2021-01-20 18:03:03,782 [grpc-default-executor-8] WARN  server.GrpcLogAppender (LogUtils.java:warn(122)) - omNode-1@group-523986131536->omNode-2-AppendLogResponseHandler: Failed appendEntries: org.apache.ratis.thirdparty.io.grpc.StatusRuntimeException: UNAVAILABLE: io exception
2021-01-20 18:03:03,782 [grpc-default-executor-8] INFO  leader.FollowerInfo (FollowerInfoImpl.java:lambda$new$0(46)) - omNode-1@group-523986131536->omNode-2: nextIndex: updateUnconditionally 263 -> 45
2021-01-20 18:03:03,785 [grpc-default-executor-6] WARN  server.GrpcLogAppender (LogUtils.java:warn(122)) - omNode-1@group-523986131536->omNode-2-AppendLogResponseHandler: Failed appendEntries: org.apache.ratis.thirdparty.io.grpc.StatusRuntimeException: UNAVAILABLE: io exception
2021-01-20 18:03:03,785 [grpc-default-executor-6] INFO  leader.FollowerInfo (FollowerInfoImpl.java:lambda$new$0(46)) - omNode-1@group-523986131536->omNode-2: nextIndex: updateUnconditionally 264 -> 45
2021-01-20 18:03:03,787 [grpc-default-executor-6] WARN  server.GrpcLogAppender (LogUtils.java:warn(122)) - omNode-1@group-523986131536->omNode-2-AppendLogResponseHandler: Failed appendEntries: org.apache.ratis.thirdparty.io.grpc.StatusRuntimeException: UNAVAILABLE: io exception
2021-01-20 18:03:03,787 [grpc-default-executor-6] INFO  leader.FollowerInfo (FollowerInfoImpl.java:lambda$new$0(46)) - omNode-1@group-523986131536->omNode-2: nextIndex: updateUnconditionally 264 -> 45
2021-01-20 18:03:03,789 [grpc-default-executor-6] WARN  server.GrpcLogAppender (LogUtils.java:warn(122)) - omNode-1@group-523986131536->omNode-2-AppendLogResponseHandler: Failed appendEntries: org.apache.ratis.thirdparty.io.grpc.StatusRuntimeException: UNAVAILABLE: io exception
2021-01-20 18:03:03,789 [grpc-default-executor-6] INFO  leader.FollowerInfo (FollowerInfoImpl.java:lambda$new$0(46)) - omNode-1@group-523986131536->omNode-2: nextIndex: updateUnconditionally 265 -> 45
2021-01-20 18:03:03,792 [grpc-default-executor-6] WARN  server.GrpcLogAppender (LogUtils.java:warn(122)) - omNode-1@group-523986131536->omNode-2-AppendLogResponseHandler: Failed appendEntries: org.apache.ratis.thirdparty.io.grpc.StatusRuntimeException: UNAVAILABLE: io exception
2021-01-20 18:03:03,792 [grpc-default-executor-6] INFO  leader.FollowerInfo (FollowerInfoImpl.java:lambda$new$0(46)) - omNode-1@group-523986131536->omNode-2: nextIndex: updateUnconditionally 265 -> 45
2021-01-20 18:03:03,794 [grpc-default-executor-6] WARN  server.GrpcLogAppender (LogUtils.java:warn(122)) - omNode-1@group-523986131536->omNode-2-AppendLogResponseHandler: Failed appendEntries: org.apache.ratis.thirdparty.io.grpc.StatusRuntimeException: UNAVAILABLE: io exception
2021-01-20 18:03:03,794 [grpc-default-executor-6] INFO  leader.FollowerInfo (FollowerInfoImpl.java:lambda$new$0(46)) - omNode-1@group-523986131536->omNode-2: nextIndex: updateUnconditionally 266 -> 45
2021-01-20 18:03:03,799 [grpc-default-executor-6] WARN  server.GrpcLogAppender (LogUtils.java:warn(122)) - omNode-1@group-523986131536->omNode-2-AppendLogResponseHandler: Failed appendEntries: org.apache.ratis.thirdparty.io.grpc.StatusRuntimeException: UNAVAILABLE: io exception
2021-01-20 18:03:03,799 [grpc-default-executor-6] INFO  leader.FollowerInfo (FollowerInfoImpl.java:lambda$new$0(46)) - omNode-1@group-523986131536->omNode-2: nextIndex: updateUnconditionally 266 -> 45
2021-01-20 18:03:03,803 [grpc-default-executor-6] WARN  server.GrpcLogAppender (LogUtils.java:warn(122)) - omNode-1@group-523986131536->omNode-2-AppendLogResponseHandler: Failed appendEntries: org.apache.ratis.thirdparty.io.grpc.StatusRuntimeException: UNAVAILABLE: io exception
2021-01-20 18:03:03,803 [grpc-default-executor-6] INFO  leader.FollowerInfo (FollowerInfoImpl.java:lambda$new$0(46)) - omNode-1@group-523986131536->omNode-2: nextIndex: updateUnconditionally 267 -> 45
2021-01-20 18:03:03,803 [grpc-default-executor-6] WARN  server.GrpcLogAppender (LogUtils.java:warn(122)) - omNode-1@group-523986131536->omNode-2-AppendLogResponseHandler: Failed appendEntries: org.apache.ratis.thirdparty.io.grpc.StatusRuntimeException: UNAVAILABLE: io exception
2021-01-20 18:03:03,804 [grpc-default-executor-6] INFO  leader.FollowerInfo (FollowerInfoImpl.java:lambda$new$0(46)) - omNode-1@group-523986131536->omNode-2: nextIndex: updateUnconditionally 267 -> 45
2021-01-20 18:03:03,813 [grpc-default-executor-6] WARN  server.GrpcLogAppender (LogUtils.java:warn(122)) - omNode-1@group-523986131536->omNode-2-AppendLogResponseHandler: Failed appendEntries: org.apache.ratis.thirdparty.io.grpc.StatusRuntimeException: UNAVAILABLE: io exception
2021-01-20 18:03:03,813 [grpc-default-executor-6] INFO  leader.FollowerInfo (FollowerInfoImpl.java:lambda$new$0(46)) - omNode-1@group-523986131536->omNode-2: nextIndex: updateUnconditionally 268 -> 45
2021-01-20 18:03:03,816 [grpc-default-executor-8] WARN  server.GrpcLogAppender (LogUtils.java:warn(122)) - omNode-1@group-523986131536->omNode-2-AppendLogResponseHandler: Failed appendEntries: org.apache.ratis.thirdparty.io.grpc.StatusRuntimeException: UNAVAILABLE: io exception
2021-01-20 18:03:03,816 [grpc-default-executor-8] INFO  leader.FollowerInfo (FollowerInfoImpl.java:lambda$new$0(46)) - omNode-1@group-523986131536->omNode-2: nextIndex: updateUnconditionally 268 -> 45
2021-01-20 18:03:03,817 [grpc-default-executor-6] WARN  server.GrpcLogAppender (LogUtils.java:warn(122)) - omNode-1@group-523986131536->omNode-2-AppendLogResponseHandler: Failed appendEntries: org.apache.ratis.thirdparty.io.grpc.StatusRuntimeException: UNAVAILABLE: io exception
2021-01-20 18:03:03,817 [grpc-default-executor-6] INFO  leader.FollowerInfo (FollowerInfoImpl.java:lambda$new$0(46)) - omNode-1@group-523986131536->omNode-2: nextIndex: updateUnconditionally 269 -> 45
2021-01-20 18:03:03,820 [grpc-default-executor-6] WARN  server.GrpcLogAppender (LogUtils.java:warn(122)) - omNode-1@group-523986131536->omNode-2-AppendLogResponseHandler: Failed appendEntries: org.apache.ratis.thirdparty.io.grpc.StatusRuntimeException: UNAVAILABLE: io exception
2021-01-20 18:03:03,821 [grpc-default-executor-6] INFO  leader.FollowerInfo (FollowerInfoImpl.java:lambda$new$0(46)) - omNode-1@group-523986131536->omNode-2: nextIndex: updateUnconditionally 270 -> 45
2021-01-20 18:03:03,822 [grpc-default-executor-6] WARN  server.GrpcLogAppender (LogUtils.java:warn(122)) - omNode-1@group-523986131536->omNode-2-AppendLogResponseHandler: Failed appendEntries: org.apache.ratis.thirdparty.io.grpc.StatusRuntimeException: UNAVAILABLE: io exception
2021-01-20 18:03:03,823 [grpc-default-executor-6] INFO  leader.FollowerInfo (FollowerInfoImpl.java:lambda$new$0(46)) - omNode-1@group-523986131536->omNode-2: nextIndex: updateUnconditionally 270 -> 45
2021-01-20 18:03:03,824 [grpc-default-executor-6] WARN  server.GrpcLogAppender (LogUtils.java:warn(122)) - omNode-1@group-523986131536->omNode-2-AppendLogResponseHandler: Failed appendEntries: org.apache.ratis.thirdparty.io.grpc.StatusRuntimeException: UNAVAILABLE: io exception
2021-01-20 18:03:03,824 [grpc-default-executor-6] INFO  leader.FollowerInfo (FollowerInfoImpl.java:lambda$new$0(46)) - omNode-1@group-523986131536->omNode-2: nextIndex: updateUnconditionally 271 -> 45
2021-01-20 18:03:03,828 [grpc-default-executor-6] WARN  server.GrpcLogAppender (LogUtils.java:warn(122)) - omNode-1@group-523986131536->omNode-2-AppendLogResponseHandler: Failed appendEntries: org.apache.ratis.thirdparty.io.grpc.StatusRuntimeException: UNAVAILABLE: io exception
2021-01-20 18:03:03,828 [grpc-default-executor-6] INFO  leader.FollowerInfo (FollowerInfoImpl.java:lambda$new$0(46)) - omNode-1@group-523986131536->omNode-2: nextIndex: updateUnconditionally 271 -> 45
2021-01-20 18:03:03,832 [grpc-default-executor-8] WARN  server.GrpcLogAppender (LogUtils.java:warn(122)) - omNode-1@group-523986131536->omNode-2-AppendLogResponseHandler: Failed appendEntries: org.apache.ratis.thirdparty.io.grpc.StatusRuntimeException: UNAVAILABLE: io exception
2021-01-20 18:03:03,832 [grpc-default-executor-8] INFO  leader.FollowerInfo (FollowerInfoImpl.java:lambda$new$0(46)) - omNode-1@group-523986131536->omNode-2: nextIndex: updateUnconditionally 272 -> 45
2021-01-20 18:03:03,834 [grpc-default-executor-8] WARN  server.GrpcLogAppender (LogUtils.java:warn(122)) - omNode-1@group-523986131536->omNode-2-AppendLogResponseHandler: Failed appendEntries: org.apache.ratis.thirdparty.io.grpc.StatusRuntimeException: UNAVAILABLE: io exception
2021-01-20 18:03:03,834 [grpc-default-executor-8] INFO  leader.FollowerInfo (FollowerInfoImpl.java:lambda$new$0(46)) - omNode-1@group-523986131536->omNode-2: nextIndex: updateUnconditionally 272 -> 45
2021-01-20 18:03:03,835 [grpc-default-executor-6] WARN  server.GrpcLogAppender (LogUtils.java:warn(122)) - omNode-1@group-523986131536->omNode-2-AppendLogResponseHandler: Failed appendEntries: org.apache.ratis.thirdparty.io.grpc.StatusRuntimeException: UNAVAILABLE: io exception
2021-01-20 18:03:03,835 [grpc-default-executor-6] INFO  leader.FollowerInfo (FollowerInfoImpl.java:lambda$new$0(46)) - omNode-1@group-523986131536->omNode-2: nextIndex: updateUnconditionally 273 -> 45
2021-01-20 18:03:03,837 [grpc-default-executor-6] WARN  server.GrpcLogAppender (LogUtils.java:warn(122)) - omNode-1@group-523986131536->omNode-2-AppendLogResponseHandler: Failed appendEntries: org.apache.ratis.thirdparty.io.grpc.StatusRuntimeException: UNAVAILABLE: io exception
2021-01-20 18:03:03,837 [grpc-default-executor-6] INFO  leader.FollowerInfo (FollowerInfoImpl.java:lambda$new$0(46)) - omNode-1@group-523986131536->omNode-2: nextIndex: updateUnconditionally 274 -> 45
2021-01-20 18:03:03,838 [grpc-default-executor-8] WARN  server.GrpcLogAppender (LogUtils.java:warn(122)) - omNode-1@group-523986131536->omNode-2-AppendLogResponseHandler: Failed appendEntries: org.apache.ratis.thirdparty.io.grpc.StatusRuntimeException: UNAVAILABLE: io exception
2021-01-20 18:03:03,838 [grpc-default-executor-8] INFO  leader.FollowerInfo (FollowerInfoImpl.java:lambda$new$0(46)) - omNode-1@group-523986131536->omNode-2: nextIndex: updateUnconditionally 274 -> 45
2021-01-20 18:03:03,838 [grpc-default-executor-8] WARN  server.GrpcLogAppender (LogUtils.java:warn(122)) - omNode-1@group-523986131536->omNode-2-AppendLogResponseHandler: Failed appendEntries: org.apache.ratis.thirdparty.io.grpc.StatusRuntimeException: UNAVAILABLE: io exception
2021-01-20 18:03:03,839 [grpc-default-executor-8] INFO  leader.FollowerInfo (FollowerInfoImpl.java:lambda$new$0(46)) - omNode-1@group-523986131536->omNode-2: nextIndex: updateUnconditionally 274 -> 45
2021-01-20 18:03:03,841 [grpc-default-executor-8] WARN  server.GrpcLogAppender (LogUtils.java:warn(122)) - omNode-1@group-523986131536->omNode-2-AppendLogResponseHandler: Failed appendEntries: org.apache.ratis.thirdparty.io.grpc.StatusRuntimeException: UNAVAILABLE: io exception
2021-01-20 18:03:03,841 [grpc-default-executor-8] INFO  leader.FollowerInfo (FollowerInfoImpl.java:lambda$new$0(46)) - omNode-1@group-523986131536->omNode-2: nextIndex: updateUnconditionally 275 -> 45
2021-01-20 18:03:03,847 [grpc-default-executor-8] WARN  server.GrpcLogAppender (LogUtils.java:warn(122)) - omNode-1@group-523986131536->omNode-2-AppendLogResponseHandler: Failed appendEntries: org.apache.ratis.thirdparty.io.grpc.StatusRuntimeException: UNAVAILABLE: io exception
2021-01-20 18:03:03,847 [grpc-default-executor-8] INFO  leader.FollowerInfo (FollowerInfoImpl.java:lambda$new$0(46)) - omNode-1@group-523986131536->omNode-2: nextIndex: updateUnconditionally 276 -> 45
2021-01-20 18:03:03,848 [grpc-default-executor-6] WARN  server.GrpcLogAppender (LogUtils.java:warn(122)) - omNode-1@group-523986131536->omNode-2-AppendLogResponseHandler: Failed appendEntries: org.apache.ratis.thirdparty.io.grpc.StatusRuntimeException: UNAVAILABLE: io exception
2021-01-20 18:03:03,848 [grpc-default-executor-6] INFO  leader.FollowerInfo (FollowerInfoImpl.java:lambda$new$0(46)) - omNode-1@group-523986131536->omNode-2: nextIndex: updateUnconditionally 276 -> 45
2021-01-20 18:03:03,848 [grpc-default-executor-6] WARN  server.GrpcLogAppender (LogUtils.java:warn(122)) - omNode-1@group-523986131536->omNode-2-AppendLogResponseHandler: Failed appendEntries: org.apache.ratis.thirdparty.io.grpc.StatusRuntimeException: UNAVAILABLE: io exception
2021-01-20 18:03:03,849 [grpc-default-executor-6] INFO  leader.FollowerInfo (FollowerInfoImpl.java:lambda$new$0(46)) - omNode-1@group-523986131536->omNode-2: nextIndex: updateUnconditionally 276 -> 45
2021-01-20 18:03:03,850 [grpc-default-executor-6] WARN  server.GrpcLogAppender (LogUtils.java:warn(122)) - omNode-1@group-523986131536->omNode-2-AppendLogResponseHandler: Failed appendEntries: org.apache.ratis.thirdparty.io.grpc.StatusRuntimeException: UNAVAILABLE: io exception
2021-01-20 18:03:03,850 [grpc-default-executor-6] INFO  leader.FollowerInfo (FollowerInfoImpl.java:lambda$new$0(46)) - omNode-1@group-523986131536->omNode-2: nextIndex: updateUnconditionally 277 -> 45
2021-01-20 18:03:03,851 [grpc-default-executor-8] WARN  server.GrpcLogAppender (LogUtils.java:warn(122)) - omNode-1@group-523986131536->omNode-2-AppendLogResponseHandler: Failed appendEntries: org.apache.ratis.thirdparty.io.grpc.StatusRuntimeException: UNAVAILABLE: io exception
2021-01-20 18:03:03,852 [grpc-default-executor-8] INFO  leader.FollowerInfo (FollowerInfoImpl.java:lambda$new$0(46)) - omNode-1@group-523986131536->omNode-2: nextIndex: updateUnconditionally 278 -> 45
2021-01-20 18:03:03,852 [grpc-default-executor-3] WARN  server.GrpcLogAppender (LogUtils.java:warn(122)) - omNode-1@group-523986131536->omNode-2-AppendLogResponseHandler: Failed appendEntries: org.apache.ratis.thirdparty.io.grpc.StatusRuntimeException: UNAVAILABLE: io exception
2021-01-20 18:03:03,853 [grpc-default-executor-3] INFO  leader.FollowerInfo (FollowerInfoImpl.java:lambda$new$0(46)) - omNode-1@group-523986131536->omNode-2: nextIndex: updateUnconditionally 278 -> 45
2021-01-20 18:03:03,854 [grpc-default-executor-3] WARN  server.GrpcLogAppender (LogUtils.java:warn(122)) - omNode-1@group-523986131536->omNode-2-AppendLogResponseHandler: Failed appendEntries: org.apache.ratis.thirdparty.io.grpc.StatusRuntimeException: UNAVAILABLE: io exception
2021-01-20 18:03:03,854 [grpc-default-executor-3] INFO  leader.FollowerInfo (FollowerInfoImpl.java:lambda$new$0(46)) - omNode-1@group-523986131536->omNode-2: nextIndex: updateUnconditionally 279 -> 45
2021-01-20 18:03:03,861 [grpc-default-executor-3] WARN  server.GrpcLogAppender (LogUtils.java:warn(122)) - omNode-1@group-523986131536->omNode-2-AppendLogResponseHandler: Failed appendEntries: org.apache.ratis.thirdparty.io.grpc.StatusRuntimeException: UNAVAILABLE: io exception
2021-01-20 18:03:03,861 [grpc-default-executor-3] INFO  leader.FollowerInfo (FollowerInfoImpl.java:lambda$new$0(46)) - omNode-1@group-523986131536->omNode-2: nextIndex: updateUnconditionally 279 -> 45
2021-01-20 18:03:03,866 [grpc-default-executor-8] WARN  server.GrpcLogAppender (LogUtils.java:warn(122)) - omNode-1@group-523986131536->omNode-2-AppendLogResponseHandler: Failed appendEntries: org.apache.ratis.thirdparty.io.grpc.StatusRuntimeException: UNAVAILABLE: io exception
2021-01-20 18:03:03,866 [grpc-default-executor-8] INFO  leader.FollowerInfo (FollowerInfoImpl.java:lambda$new$0(46)) - omNode-1@group-523986131536->omNode-2: nextIndex: updateUnconditionally 280 -> 45
2021-01-20 18:03:03,868 [grpc-default-executor-3] WARN  server.GrpcLogAppender (LogUtils.java:warn(122)) - omNode-1@group-523986131536->omNode-2-AppendLogResponseHandler: Failed appendEntries: org.apache.ratis.thirdparty.io.grpc.StatusRuntimeException: UNAVAILABLE: io exception
2021-01-20 18:03:03,868 [grpc-default-executor-3] INFO  leader.FollowerInfo (FollowerInfoImpl.java:lambda$new$0(46)) - omNode-1@group-523986131536->omNode-2: nextIndex: updateUnconditionally 280 -> 45
2021-01-20 18:03:03,869 [grpc-default-executor-6] WARN  server.GrpcLogAppender (LogUtils.java:warn(122)) - omNode-1@group-523986131536->omNode-2-AppendLogResponseHandler: Failed appendEntries: org.apache.ratis.thirdparty.io.grpc.StatusRuntimeException: UNAVAILABLE: io exception
2021-01-20 18:03:03,869 [grpc-default-executor-6] INFO  leader.FollowerInfo (FollowerInfoImpl.java:lambda$new$0(46)) - omNode-1@group-523986131536->omNode-2: nextIndex: updateUnconditionally 281 -> 45
2021-01-20 18:03:03,870 [grpc-default-executor-6] WARN  server.GrpcLogAppender (LogUtils.java:warn(122)) - omNode-1@group-523986131536->omNode-2-AppendLogResponseHandler: Failed appendEntries: org.apache.ratis.thirdparty.io.grpc.StatusRuntimeException: UNAVAILABLE: io exception
2021-01-20 18:03:03,870 [grpc-default-executor-6] INFO  leader.FollowerInfo (FollowerInfoImpl.java:lambda$new$0(46)) - omNode-1@group-523986131536->omNode-2: nextIndex: updateUnconditionally 281 -> 45
2021-01-20 18:03:03,872 [grpc-default-executor-3] WARN  server.GrpcLogAppender (LogUtils.java:warn(122)) - omNode-1@group-523986131536->omNode-2-AppendLogResponseHandler: Failed appendEntries: org.apache.ratis.thirdparty.io.grpc.StatusRuntimeException: UNAVAILABLE: io exception
2021-01-20 18:03:03,872 [grpc-default-executor-3] INFO  leader.FollowerInfo (FollowerInfoImpl.java:lambda$new$0(46)) - omNode-1@group-523986131536->omNode-2: nextIndex: updateUnconditionally 282 -> 45
2021-01-20 18:03:03,876 [grpc-default-executor-3] WARN  server.GrpcLogAppender (LogUtils.java:warn(122)) - omNode-1@group-523986131536->omNode-2-AppendLogResponseHandler: Failed appendEntries: org.apache.ratis.thirdparty.io.grpc.StatusRuntimeException: UNAVAILABLE: io exception
2021-01-20 18:03:03,876 [grpc-default-executor-3] INFO  leader.FollowerInfo (FollowerInfoImpl.java:lambda$new$0(46)) - omNode-1@group-523986131536->omNode-2: nextIndex: updateUnconditionally 282 -> 45
2021-01-20 18:03:03,878 [grpc-default-executor-3] WARN  server.GrpcLogAppender (LogUtils.java:warn(122)) - omNode-1@group-523986131536->omNode-2-AppendLogResponseHandler: Failed appendEntries: org.apache.ratis.thirdparty.io.grpc.StatusRuntimeException: UNAVAILABLE: io exception
2021-01-20 18:03:03,879 [grpc-default-executor-3] INFO  leader.FollowerInfo (FollowerInfoImpl.java:lambda$new$0(46)) - omNode-1@group-523986131536->omNode-2: nextIndex: updateUnconditionally 283 -> 45
2021-01-20 18:03:03,881 [grpc-default-executor-6] WARN  server.GrpcLogAppender (LogUtils.java:warn(122)) - omNode-1@group-523986131536->omNode-2-AppendLogResponseHandler: Failed appendEntries: org.apache.ratis.thirdparty.io.grpc.StatusRuntimeException: UNAVAILABLE: io exception
2021-01-20 18:03:03,881 [grpc-default-executor-6] INFO  leader.FollowerInfo (FollowerInfoImpl.java:lambda$new$0(46)) - omNode-1@group-523986131536->omNode-2: nextIndex: updateUnconditionally 283 -> 45
2021-01-20 18:03:03,886 [grpc-default-executor-6] WARN  server.GrpcLogAppender (LogUtils.java:warn(122)) - omNode-1@group-523986131536->omNode-2-AppendLogResponseHandler: Failed appendEntries: org.apache.ratis.thirdparty.io.grpc.StatusRuntimeException: UNAVAILABLE: io exception
2021-01-20 18:03:03,886 [grpc-default-executor-6] INFO  leader.FollowerInfo (FollowerInfoImpl.java:lambda$new$0(46)) - omNode-1@group-523986131536->omNode-2: nextIndex: updateUnconditionally 284 -> 45
2021-01-20 18:03:03,893 [grpc-default-executor-8] WARN  server.GrpcLogAppender (LogUtils.java:warn(122)) - omNode-1@group-523986131536->omNode-2-AppendLogResponseHandler: Failed appendEntries: org.apache.ratis.thirdparty.io.grpc.StatusRuntimeException: UNAVAILABLE: io exception
2021-01-20 18:03:03,893 [grpc-default-executor-8] INFO  leader.FollowerInfo (FollowerInfoImpl.java:lambda$new$0(46)) - omNode-1@group-523986131536->omNode-2: nextIndex: updateUnconditionally 284 -> 45
2021-01-20 18:03:03,894 [grpc-default-executor-8] WARN  server.GrpcLogAppender (LogUtils.java:warn(122)) - omNode-1@group-523986131536->omNode-2-AppendLogResponseHandler: Failed appendEntries: org.apache.ratis.thirdparty.io.grpc.StatusRuntimeException: UNAVAILABLE: io exception
2021-01-20 18:03:03,895 [grpc-default-executor-8] INFO  leader.FollowerInfo (FollowerInfoImpl.java:lambda$new$0(46)) - omNode-1@group-523986131536->omNode-2: nextIndex: updateUnconditionally 285 -> 45
2021-01-20 18:03:03,896 [grpc-default-executor-6] WARN  server.GrpcLogAppender (LogUtils.java:warn(122)) - omNode-1@group-523986131536->omNode-2-AppendLogResponseHandler: Failed appendEntries: org.apache.ratis.thirdparty.io.grpc.StatusRuntimeException: UNAVAILABLE: io exception
2021-01-20 18:03:03,897 [grpc-default-executor-6] INFO  leader.FollowerInfo (FollowerInfoImpl.java:lambda$new$0(46)) - omNode-1@group-523986131536->omNode-2: nextIndex: updateUnconditionally 286 -> 45
2021-01-20 18:03:03,899 [grpc-default-executor-6] WARN  server.GrpcLogAppender (LogUtils.java:warn(122)) - omNode-1@group-523986131536->omNode-2-AppendLogResponseHandler: Failed appendEntries: org.apache.ratis.thirdparty.io.grpc.StatusRuntimeException: UNAVAILABLE: io exception
2021-01-20 18:03:03,900 [grpc-default-executor-6] INFO  leader.FollowerInfo (FollowerInfoImpl.java:lambda$new$0(46)) - omNode-1@group-523986131536->omNode-2: nextIndex: updateUnconditionally 286 -> 45
2021-01-20 18:03:03,900 [grpc-default-executor-6] WARN  server.GrpcLogAppender (LogUtils.java:warn(122)) - omNode-1@group-523986131536->omNode-2-AppendLogResponseHandler: Failed appendEntries: org.apache.ratis.thirdparty.io.grpc.StatusRuntimeException: UNAVAILABLE: io exception
2021-01-20 18:03:03,900 [grpc-default-executor-6] INFO  leader.FollowerInfo (FollowerInfoImpl.java:lambda$new$0(46)) - omNode-1@group-523986131536->omNode-2: nextIndex: updateUnconditionally 286 -> 45
2021-01-20 18:03:03,904 [grpc-default-executor-6] WARN  server.GrpcLogAppender (LogUtils.java:warn(122)) - omNode-1@group-523986131536->omNode-2-AppendLogResponseHandler: Failed appendEntries: org.apache.ratis.thirdparty.io.grpc.StatusRuntimeException: UNAVAILABLE: io exception
2021-01-20 18:03:03,905 [grpc-default-executor-6] INFO  leader.FollowerInfo (FollowerInfoImpl.java:lambda$new$0(46)) - omNode-1@group-523986131536->omNode-2: nextIndex: updateUnconditionally 287 -> 45
2021-01-20 18:03:03,913 [grpc-default-executor-6] WARN  server.GrpcLogAppender (LogUtils.java:warn(122)) - omNode-1@group-523986131536->omNode-2-AppendLogResponseHandler: Failed appendEntries: org.apache.ratis.thirdparty.io.grpc.StatusRuntimeException: UNAVAILABLE: io exception
2021-01-20 18:03:03,913 [grpc-default-executor-6] INFO  leader.FollowerInfo (FollowerInfoImpl.java:lambda$new$0(46)) - omNode-1@group-523986131536->omNode-2: nextIndex: updateUnconditionally 287 -> 45
2021-01-20 18:03:03,914 [grpc-default-executor-6] WARN  server.GrpcLogAppender (LogUtils.java:warn(122)) - omNode-1@group-523986131536->omNode-2-AppendLogResponseHandler: Failed appendEntries: org.apache.ratis.thirdparty.io.grpc.StatusRuntimeException: UNAVAILABLE: io exception
2021-01-20 18:03:03,914 [grpc-default-executor-6] INFO  leader.FollowerInfo (FollowerInfoImpl.java:lambda$new$0(46)) - omNode-1@group-523986131536->omNode-2: nextIndex: updateUnconditionally 287 -> 45
2021-01-20 18:03:03,918 [grpc-default-executor-6] WARN  server.GrpcLogAppender (LogUtils.java:warn(122)) - omNode-1@group-523986131536->omNode-2-AppendLogResponseHandler: Failed appendEntries: org.apache.ratis.thirdparty.io.grpc.StatusRuntimeException: UNAVAILABLE: io exception
2021-01-20 18:03:03,918 [grpc-default-executor-6] INFO  leader.FollowerInfo (FollowerInfoImpl.java:lambda$new$0(46)) - omNode-1@group-523986131536->omNode-2: nextIndex: updateUnconditionally 288 -> 45
2021-01-20 18:03:03,921 [grpc-default-executor-6] WARN  server.GrpcLogAppender (LogUtils.java:warn(122)) - omNode-1@group-523986131536->omNode-2-AppendLogResponseHandler: Failed appendEntries: org.apache.ratis.thirdparty.io.grpc.StatusRuntimeException: UNAVAILABLE: io exception
2021-01-20 18:03:03,921 [grpc-default-executor-6] INFO  leader.FollowerInfo (FollowerInfoImpl.java:lambda$new$0(46)) - omNode-1@group-523986131536->omNode-2: nextIndex: updateUnconditionally 288 -> 45
2021-01-20 18:03:03,922 [grpc-default-executor-6] WARN  server.GrpcLogAppender (LogUtils.java:warn(122)) - omNode-1@group-523986131536->omNode-2-AppendLogResponseHandler: Failed appendEntries: org.apache.ratis.thirdparty.io.grpc.StatusRuntimeException: UNAVAILABLE: io exception
2021-01-20 18:03:03,922 [grpc-default-executor-6] INFO  leader.FollowerInfo (FollowerInfoImpl.java:lambda$new$0(46)) - omNode-1@group-523986131536->omNode-2: nextIndex: updateUnconditionally 289 -> 45
2021-01-20 18:03:03,925 [grpc-default-executor-6] WARN  server.GrpcLogAppender (LogUtils.java:warn(122)) - omNode-1@group-523986131536->omNode-2-AppendLogResponseHandler: Failed appendEntries: org.apache.ratis.thirdparty.io.grpc.StatusRuntimeException: UNAVAILABLE: io exception
2021-01-20 18:03:03,925 [grpc-default-executor-6] INFO  leader.FollowerInfo (FollowerInfoImpl.java:lambda$new$0(46)) - omNode-1@group-523986131536->omNode-2: nextIndex: updateUnconditionally 290 -> 45
2021-01-20 18:03:03,927 [grpc-default-executor-6] WARN  server.GrpcLogAppender (LogUtils.java:warn(122)) - omNode-1@group-523986131536->omNode-2-AppendLogResponseHandler: Failed appendEntries: org.apache.ratis.thirdparty.io.grpc.StatusRuntimeException: UNAVAILABLE: io exception
2021-01-20 18:03:03,927 [grpc-default-executor-6] INFO  leader.FollowerInfo (FollowerInfoImpl.java:lambda$new$0(46)) - omNode-1@group-523986131536->omNode-2: nextIndex: updateUnconditionally 290 -> 45
2021-01-20 18:03:03,928 [grpc-default-executor-8] WARN  server.GrpcLogAppender (LogUtils.java:warn(122)) - omNode-1@group-523986131536->omNode-2-AppendLogResponseHandler: Failed appendEntries: org.apache.ratis.thirdparty.io.grpc.StatusRuntimeException: UNAVAILABLE: io exception
2021-01-20 18:03:03,928 [grpc-default-executor-8] INFO  leader.FollowerInfo (FollowerInfoImpl.java:lambda$new$0(46)) - omNode-1@group-523986131536->omNode-2: nextIndex: updateUnconditionally 290 -> 45
2021-01-20 18:03:03,929 [grpc-default-executor-6] WARN  server.GrpcLogAppender (LogUtils.java:warn(122)) - omNode-1@group-523986131536->omNode-2-AppendLogResponseHandler: Failed appendEntries: org.apache.ratis.thirdparty.io.grpc.StatusRuntimeException: UNAVAILABLE: io exception
2021-01-20 18:03:03,929 [grpc-default-executor-6] INFO  leader.FollowerInfo (FollowerInfoImpl.java:lambda$new$0(46)) - omNode-1@group-523986131536->omNode-2: nextIndex: updateUnconditionally 290 -> 45
2021-01-20 18:03:03,934 [grpc-default-executor-6] WARN  server.GrpcLogAppender (LogUtils.java:warn(122)) - omNode-1@group-523986131536->omNode-2-AppendLogResponseHandler: Failed appendEntries: org.apache.ratis.thirdparty.io.grpc.StatusRuntimeException: UNAVAILABLE: io exception
2021-01-20 18:03:03,934 [grpc-default-executor-6] INFO  leader.FollowerInfo (FollowerInfoImpl.java:lambda$new$0(46)) - omNode-1@group-523986131536->omNode-2: nextIndex: updateUnconditionally 291 -> 45
2021-01-20 18:03:03,941 [grpc-default-executor-6] WARN  server.GrpcLogAppender (LogUtils.java:warn(122)) - omNode-1@group-523986131536->omNode-2-AppendLogResponseHandler: Failed appendEntries: org.apache.ratis.thirdparty.io.grpc.StatusRuntimeException: UNAVAILABLE: io exception
2021-01-20 18:03:03,941 [grpc-default-executor-6] INFO  leader.FollowerInfo (FollowerInfoImpl.java:lambda$new$0(46)) - omNode-1@group-523986131536->omNode-2: nextIndex: updateUnconditionally 291 -> 45
2021-01-20 18:03:03,942 [grpc-default-executor-3] WARN  server.GrpcLogAppender (LogUtils.java:warn(122)) - omNode-1@group-523986131536->omNode-2-AppendLogResponseHandler: Failed appendEntries: org.apache.ratis.thirdparty.io.grpc.StatusRuntimeException: UNAVAILABLE: io exception
2021-01-20 18:03:03,942 [grpc-default-executor-3] INFO  leader.FollowerInfo (FollowerInfoImpl.java:lambda$new$0(46)) - omNode-1@group-523986131536->omNode-2: nextIndex: updateUnconditionally 291 -> 45
2021-01-20 18:03:03,944 [grpc-default-executor-8] WARN  server.GrpcLogAppender (LogUtils.java:warn(122)) - omNode-1@group-523986131536->omNode-2-AppendLogResponseHandler: Failed appendEntries: org.apache.ratis.thirdparty.io.grpc.StatusRuntimeException: UNAVAILABLE: io exception
2021-01-20 18:03:03,944 [grpc-default-executor-8] INFO  leader.FollowerInfo (FollowerInfoImpl.java:lambda$new$0(46)) - omNode-1@group-523986131536->omNode-2: nextIndex: updateUnconditionally 292 -> 45
2021-01-20 18:03:03,949 [grpc-default-executor-8] WARN  server.GrpcLogAppender (LogUtils.java:warn(122)) - omNode-1@group-523986131536->omNode-2-AppendLogResponseHandler: Failed appendEntries: org.apache.ratis.thirdparty.io.grpc.StatusRuntimeException: UNAVAILABLE: io exception
2021-01-20 18:03:03,949 [grpc-default-executor-8] INFO  leader.FollowerInfo (FollowerInfoImpl.java:lambda$new$0(46)) - omNode-1@group-523986131536->omNode-2: nextIndex: updateUnconditionally 292 -> 45
2021-01-20 18:03:03,950 [grpc-default-executor-8] WARN  server.GrpcLogAppender (LogUtils.java:warn(122)) - omNode-1@group-523986131536->omNode-2-AppendLogResponseHandler: Failed appendEntries: org.apache.ratis.thirdparty.io.grpc.StatusRuntimeException: UNAVAILABLE: io exception
2021-01-20 18:03:03,950 [grpc-default-executor-8] INFO  leader.FollowerInfo (FollowerInfoImpl.java:lambda$new$0(46)) - omNode-1@group-523986131536->omNode-2: nextIndex: updateUnconditionally 293 -> 45
2021-01-20 18:03:03,953 [grpc-default-executor-6] WARN  server.GrpcLogAppender (LogUtils.java:warn(122)) - omNode-1@group-523986131536->omNode-2-AppendLogResponseHandler: Failed appendEntries: org.apache.ratis.thirdparty.io.grpc.StatusRuntimeException: UNAVAILABLE: io exception
2021-01-20 18:03:03,954 [grpc-default-executor-6] INFO  leader.FollowerInfo (FollowerInfoImpl.java:lambda$new$0(46)) - omNode-1@group-523986131536->omNode-2: nextIndex: updateUnconditionally 294 -> 45
2021-01-20 18:03:03,955 [grpc-default-executor-8] WARN  server.GrpcLogAppender (LogUtils.java:warn(122)) - omNode-1@group-523986131536->omNode-2-AppendLogResponseHandler: Failed appendEntries: org.apache.ratis.thirdparty.io.grpc.StatusRuntimeException: UNAVAILABLE: io exception
2021-01-20 18:03:03,956 [grpc-default-executor-8] INFO  leader.FollowerInfo (FollowerInfoImpl.java:lambda$new$0(46)) - omNode-1@group-523986131536->omNode-2: nextIndex: updateUnconditionally 294 -> 45
2021-01-20 18:03:03,958 [grpc-default-executor-8] WARN  server.GrpcLogAppender (LogUtils.java:warn(122)) - omNode-1@group-523986131536->omNode-2-AppendLogResponseHandler: Failed appendEntries: org.apache.ratis.thirdparty.io.grpc.StatusRuntimeException: UNAVAILABLE: io exception
2021-01-20 18:03:03,959 [grpc-default-executor-8] INFO  leader.FollowerInfo (FollowerInfoImpl.java:lambda$new$0(46)) - omNode-1@group-523986131536->omNode-2: nextIndex: updateUnconditionally 295 -> 45
2021-01-20 18:03:03,963 [grpc-default-executor-8] WARN  server.GrpcLogAppender (LogUtils.java:warn(122)) - omNode-1@group-523986131536->omNode-2-AppendLogResponseHandler: Failed appendEntries: org.apache.ratis.thirdparty.io.grpc.StatusRuntimeException: UNAVAILABLE: io exception
2021-01-20 18:03:03,964 [grpc-default-executor-8] INFO  leader.FollowerInfo (FollowerInfoImpl.java:lambda$new$0(46)) - omNode-1@group-523986131536->omNode-2: nextIndex: updateUnconditionally 295 -> 45
2021-01-20 18:03:03,964 [grpc-default-executor-8] WARN  server.GrpcLogAppender (LogUtils.java:warn(122)) - omNode-1@group-523986131536->omNode-2-AppendLogResponseHandler: Failed appendEntries: org.apache.ratis.thirdparty.io.grpc.StatusRuntimeException: UNAVAILABLE: io exception
2021-01-20 18:03:03,964 [grpc-default-executor-8] INFO  leader.FollowerInfo (FollowerInfoImpl.java:lambda$new$0(46)) - omNode-1@group-523986131536->omNode-2: nextIndex: updateUnconditionally 295 -> 45
2021-01-20 18:03:03,969 [grpc-default-executor-6] WARN  server.GrpcLogAppender (LogUtils.java:warn(122)) - omNode-1@group-523986131536->omNode-2-AppendLogResponseHandler: Failed appendEntries: org.apache.ratis.thirdparty.io.grpc.StatusRuntimeException: UNAVAILABLE: io exception
2021-01-20 18:03:03,969 [grpc-default-executor-6] INFO  leader.FollowerInfo (FollowerInfoImpl.java:lambda$new$0(46)) - omNode-1@group-523986131536->omNode-2: nextIndex: updateUnconditionally 296 -> 45
2021-01-20 18:03:03,971 [grpc-default-executor-6] WARN  server.GrpcLogAppender (LogUtils.java:warn(122)) - omNode-1@group-523986131536->omNode-2-AppendLogResponseHandler: Failed appendEntries: org.apache.ratis.thirdparty.io.grpc.StatusRuntimeException: UNAVAILABLE: io exception
2021-01-20 18:03:03,971 [grpc-default-executor-6] INFO  leader.FollowerInfo (FollowerInfoImpl.java:lambda$new$0(46)) - omNode-1@group-523986131536->omNode-2: nextIndex: updateUnconditionally 296 -> 45
2021-01-20 18:03:03,974 [grpc-default-executor-3] WARN  server.GrpcLogAppender (LogUtils.java:warn(122)) - omNode-1@group-523986131536->omNode-2-AppendLogResponseHandler: Failed appendEntries: org.apache.ratis.thirdparty.io.grpc.StatusRuntimeException: UNAVAILABLE: io exception
2021-01-20 18:03:03,975 [grpc-default-executor-3] INFO  leader.FollowerInfo (FollowerInfoImpl.java:lambda$new$0(46)) - omNode-1@group-523986131536->omNode-2: nextIndex: updateUnconditionally 297 -> 45
2021-01-20 18:03:03,981 [grpc-default-executor-6] WARN  server.GrpcLogAppender (LogUtils.java:warn(122)) - omNode-1@group-523986131536->omNode-2-AppendLogResponseHandler: Failed appendEntries: org.apache.ratis.thirdparty.io.grpc.StatusRuntimeException: UNAVAILABLE: io exception
2021-01-20 18:03:03,981 [grpc-default-executor-6] INFO  leader.FollowerInfo (FollowerInfoImpl.java:lambda$new$0(46)) - omNode-1@group-523986131536->omNode-2: nextIndex: updateUnconditionally 298 -> 45
2021-01-20 18:03:03,984 [grpc-default-executor-6] WARN  server.GrpcLogAppender (LogUtils.java:warn(122)) - omNode-1@group-523986131536->omNode-2-AppendLogResponseHandler: Failed appendEntries: org.apache.ratis.thirdparty.io.grpc.StatusRuntimeException: UNAVAILABLE: io exception
2021-01-20 18:03:03,984 [grpc-default-executor-6] INFO  leader.FollowerInfo (FollowerInfoImpl.java:lambda$new$0(46)) - omNode-1@group-523986131536->omNode-2: nextIndex: updateUnconditionally 298 -> 45
2021-01-20 18:03:03,992 [grpc-default-executor-3] WARN  server.GrpcLogAppender (LogUtils.java:warn(122)) - omNode-1@group-523986131536->omNode-2-AppendLogResponseHandler: Failed appendEntries: org.apache.ratis.thirdparty.io.grpc.StatusRuntimeException: UNAVAILABLE: io exception
2021-01-20 18:03:03,992 [grpc-default-executor-3] INFO  leader.FollowerInfo (FollowerInfoImpl.java:lambda$new$0(46)) - omNode-1@group-523986131536->omNode-2: nextIndex: updateUnconditionally 299 -> 45
2021-01-20 18:03:03,998 [omNode-1@group-523986131536-StateMachineUpdater] INFO  ratis.OzoneManagerStateMachine (OzoneManagerStateMachine.java:takeSnapshot(345)) - Current Snapshot Index (t:1, i:298)
2021-01-20 18:03:03,999 [omNode-1@group-523986131536-StateMachineUpdater] INFO  impl.StateMachineUpdater (StateMachineUpdater.java:takeSnapshot(279)) - omNode-1@group-523986131536-StateMachineUpdater: Took a snapshot at index 298
2021-01-20 18:03:03,999 [omNode-1@group-523986131536-StateMachineUpdater] INFO  impl.StateMachineUpdater (StateMachineUpdater.java:lambda$new$0(88)) - omNode-1@group-523986131536-StateMachineUpdater: snapshotIndex: updateIncreasingly 248 -> 298
2021-01-20 18:03:03,999 [omNode-1@group-523986131536-StateMachineUpdater] INFO  raftlog.RaftLog (RaftLogBase.java:purge(306)) - omNode-1@group-523986131536-SegmentedRaftLog: purge 298
2021-01-20 18:03:03,999 [omNode-1@group-523986131536-StateMachineUpdater] INFO  raftlog.RaftLog (RaftLogBase.java:lambda$new$0(53)) - omNode-1@group-523986131536-SegmentedRaftLog: snapshotIndex: updateIncreasingly 248 -> 298
2021-01-20 18:03:03,999 [grpc-default-executor-6] WARN  server.GrpcLogAppender (LogUtils.java:warn(122)) - omNode-1@group-523986131536->omNode-2-AppendLogResponseHandler: Failed appendEntries: org.apache.ratis.thirdparty.io.grpc.StatusRuntimeException: UNAVAILABLE: io exception
2021-01-20 18:03:03,999 [omNode-1@group-523986131536-StateMachineUpdater] INFO  raftlog.RaftLog (RaftLogBase.java:lambda$new$0(53)) - omNode-1@group-523986131536-SegmentedRaftLog: purgeIndex: updateToMax old=248, new=298, updated? true
2021-01-20 18:03:03,999 [grpc-default-executor-6] INFO  leader.FollowerInfo (FollowerInfoImpl.java:lambda$new$0(46)) - omNode-1@group-523986131536->omNode-2: nextIndex: updateUnconditionally 299 -> 45
2021-01-20 18:03:04,000 [grpc-default-executor-6] WARN  server.GrpcLogAppender (LogUtils.java:warn(122)) - omNode-1@group-523986131536->omNode-2-AppendLogResponseHandler: Failed appendEntries: org.apache.ratis.thirdparty.io.grpc.StatusRuntimeException: UNAVAILABLE: io exception
2021-01-20 18:03:04,000 [grpc-default-executor-6] INFO  leader.FollowerInfo (FollowerInfoImpl.java:lambda$new$0(46)) - omNode-1@group-523986131536->omNode-2: nextIndex: updateUnconditionally 299 -> 45
2021-01-20 18:03:04,006 [grpc-default-executor-6] WARN  server.GrpcLogAppender (LogUtils.java:warn(122)) - omNode-1@group-523986131536->omNode-2-AppendLogResponseHandler: Failed appendEntries: org.apache.ratis.thirdparty.io.grpc.StatusRuntimeException: UNAVAILABLE: io exception
2021-01-20 18:03:04,006 [grpc-default-executor-6] INFO  leader.FollowerInfo (FollowerInfoImpl.java:lambda$new$0(46)) - omNode-1@group-523986131536->omNode-2: nextIndex: updateUnconditionally 300 -> 45
2021-01-20 18:03:04,009 [grpc-default-executor-6] WARN  server.GrpcLogAppender (LogUtils.java:warn(122)) - omNode-1@group-523986131536->omNode-2-AppendLogResponseHandler: Failed appendEntries: org.apache.ratis.thirdparty.io.grpc.StatusRuntimeException: UNAVAILABLE: io exception
2021-01-20 18:03:04,010 [grpc-default-executor-6] INFO  leader.FollowerInfo (FollowerInfoImpl.java:lambda$new$0(46)) - omNode-1@group-523986131536->omNode-2: nextIndex: updateUnconditionally 300 -> 45
2021-01-20 18:03:04,010 [grpc-default-executor-3] WARN  server.GrpcLogAppender (LogUtils.java:warn(122)) - omNode-1@group-523986131536->omNode-2-AppendLogResponseHandler: Failed appendEntries: org.apache.ratis.thirdparty.io.grpc.StatusRuntimeException: UNAVAILABLE: io exception
2021-01-20 18:03:04,011 [grpc-default-executor-3] INFO  leader.FollowerInfo (FollowerInfoImpl.java:lambda$new$0(46)) - omNode-1@group-523986131536->omNode-2: nextIndex: updateUnconditionally 301 -> 45
2021-01-20 18:03:04,013 [grpc-default-executor-6] WARN  server.GrpcLogAppender (LogUtils.java:warn(122)) - omNode-1@group-523986131536->omNode-2-AppendLogResponseHandler: Failed appendEntries: org.apache.ratis.thirdparty.io.grpc.StatusRuntimeException: UNAVAILABLE: io exception
2021-01-20 18:03:04,014 [grpc-default-executor-6] INFO  leader.FollowerInfo (FollowerInfoImpl.java:lambda$new$0(46)) - omNode-1@group-523986131536->omNode-2: nextIndex: updateUnconditionally 302 -> 45
2021-01-20 18:03:04,018 [omNode-3@group-523986131536-StateMachineUpdater] INFO  ratis.OzoneManagerStateMachine (OzoneManagerStateMachine.java:takeSnapshot(345)) - Current Snapshot Index (t:1, i:299)
2021-01-20 18:03:04,018 [omNode-3@group-523986131536-StateMachineUpdater] INFO  impl.StateMachineUpdater (StateMachineUpdater.java:takeSnapshot(279)) - omNode-3@group-523986131536-StateMachineUpdater: Took a snapshot at index 299
2021-01-20 18:03:04,018 [omNode-3@group-523986131536-StateMachineUpdater] INFO  impl.StateMachineUpdater (StateMachineUpdater.java:lambda$new$0(88)) - omNode-3@group-523986131536-StateMachineUpdater: snapshotIndex: updateIncreasingly 249 -> 299
2021-01-20 18:03:04,018 [omNode-3@group-523986131536-StateMachineUpdater] INFO  raftlog.RaftLog (RaftLogBase.java:purge(306)) - omNode-3@group-523986131536-SegmentedRaftLog: purge 299
2021-01-20 18:03:04,018 [omNode-3@group-523986131536-StateMachineUpdater] INFO  raftlog.RaftLog (RaftLogBase.java:lambda$new$0(53)) - omNode-3@group-523986131536-SegmentedRaftLog: snapshotIndex: updateIncreasingly 249 -> 299
2021-01-20 18:03:04,018 [omNode-3@group-523986131536-StateMachineUpdater] INFO  raftlog.RaftLog (RaftLogBase.java:lambda$new$0(53)) - omNode-3@group-523986131536-SegmentedRaftLog: purgeIndex: updateToMax old=249, new=299, updated? true
2021-01-20 18:03:04,019 [grpc-default-executor-6] WARN  server.GrpcLogAppender (LogUtils.java:warn(122)) - omNode-1@group-523986131536->omNode-2-AppendLogResponseHandler: Failed appendEntries: org.apache.ratis.thirdparty.io.grpc.StatusRuntimeException: UNAVAILABLE: io exception
2021-01-20 18:03:04,019 [grpc-default-executor-6] INFO  leader.FollowerInfo (FollowerInfoImpl.java:lambda$new$0(46)) - omNode-1@group-523986131536->omNode-2: nextIndex: updateUnconditionally 302 -> 45
2021-01-20 18:03:04,020 [grpc-default-executor-6] WARN  server.GrpcLogAppender (LogUtils.java:warn(122)) - omNode-1@group-523986131536->omNode-2-AppendLogResponseHandler: Failed appendEntries: org.apache.ratis.thirdparty.io.grpc.StatusRuntimeException: UNAVAILABLE: io exception
2021-01-20 18:03:04,020 [grpc-default-executor-6] INFO  leader.FollowerInfo (FollowerInfoImpl.java:lambda$new$0(46)) - omNode-1@group-523986131536->omNode-2: nextIndex: updateUnconditionally 302 -> 45
2021-01-20 18:03:04,026 [grpc-default-executor-6] WARN  server.GrpcLogAppender (LogUtils.java:warn(122)) - omNode-1@group-523986131536->omNode-2-AppendLogResponseHandler: Failed appendEntries: org.apache.ratis.thirdparty.io.grpc.StatusRuntimeException: UNAVAILABLE: io exception
2021-01-20 18:03:04,026 [grpc-default-executor-6] INFO  leader.FollowerInfo (FollowerInfoImpl.java:lambda$new$0(46)) - omNode-1@group-523986131536->omNode-2: nextIndex: updateUnconditionally 303 -> 45
2021-01-20 18:03:04,035 [grpc-default-executor-6] WARN  server.GrpcLogAppender (LogUtils.java:warn(122)) - omNode-1@group-523986131536->omNode-2-AppendLogResponseHandler: Failed appendEntries: org.apache.ratis.thirdparty.io.grpc.StatusRuntimeException: UNAVAILABLE: io exception
2021-01-20 18:03:04,035 [grpc-default-executor-6] INFO  leader.FollowerInfo (FollowerInfoImpl.java:lambda$new$0(46)) - omNode-1@group-523986131536->omNode-2: nextIndex: updateUnconditionally 304 -> 45
2021-01-20 18:03:04,044 [grpc-default-executor-6] WARN  server.GrpcLogAppender (LogUtils.java:warn(122)) - omNode-1@group-523986131536->omNode-2-AppendLogResponseHandler: Failed appendEntries: org.apache.ratis.thirdparty.io.grpc.StatusRuntimeException: UNAVAILABLE: io exception
2021-01-20 18:03:04,045 [grpc-default-executor-6] INFO  leader.FollowerInfo (FollowerInfoImpl.java:lambda$new$0(46)) - omNode-1@group-523986131536->omNode-2: nextIndex: updateUnconditionally 304 -> 45
2021-01-20 18:03:04,045 [grpc-default-executor-6] WARN  server.GrpcLogAppender (LogUtils.java:warn(122)) - omNode-1@group-523986131536->omNode-2-AppendLogResponseHandler: Failed appendEntries: org.apache.ratis.thirdparty.io.grpc.StatusRuntimeException: UNAVAILABLE: io exception
2021-01-20 18:03:04,046 [grpc-default-executor-6] INFO  leader.FollowerInfo (FollowerInfoImpl.java:lambda$new$0(46)) - omNode-1@group-523986131536->omNode-2: nextIndex: updateUnconditionally 304 -> 45
2021-01-20 18:03:04,049 [grpc-default-executor-6] WARN  server.GrpcLogAppender (LogUtils.java:warn(122)) - omNode-1@group-523986131536->omNode-2-AppendLogResponseHandler: Failed appendEntries: org.apache.ratis.thirdparty.io.grpc.StatusRuntimeException: UNAVAILABLE: io exception
2021-01-20 18:03:04,049 [grpc-default-executor-6] INFO  leader.FollowerInfo (FollowerInfoImpl.java:lambda$new$0(46)) - omNode-1@group-523986131536->omNode-2: nextIndex: updateUnconditionally 305 -> 45
2021-01-20 18:03:04,050 [grpc-default-executor-6] WARN  server.GrpcLogAppender (LogUtils.java:warn(122)) - omNode-1@group-523986131536->omNode-2-AppendLogResponseHandler: Failed appendEntries: org.apache.ratis.thirdparty.io.grpc.StatusRuntimeException: UNAVAILABLE: io exception
2021-01-20 18:03:04,050 [grpc-default-executor-6] INFO  leader.FollowerInfo (FollowerInfoImpl.java:lambda$new$0(46)) - omNode-1@group-523986131536->omNode-2: nextIndex: updateUnconditionally 306 -> 45
2021-01-20 18:03:04,056 [grpc-default-executor-6] WARN  server.GrpcLogAppender (LogUtils.java:warn(122)) - omNode-1@group-523986131536->omNode-2-AppendLogResponseHandler: Failed appendEntries: org.apache.ratis.thirdparty.io.grpc.StatusRuntimeException: UNAVAILABLE: io exception
2021-01-20 18:03:04,057 [grpc-default-executor-6] INFO  leader.FollowerInfo (FollowerInfoImpl.java:lambda$new$0(46)) - omNode-1@group-523986131536->omNode-2: nextIndex: updateUnconditionally 306 -> 45
2021-01-20 18:03:04,057 [grpc-default-executor-6] WARN  server.GrpcLogAppender (LogUtils.java:warn(122)) - omNode-1@group-523986131536->omNode-2-AppendLogResponseHandler: Failed appendEntries: org.apache.ratis.thirdparty.io.grpc.StatusRuntimeException: UNAVAILABLE: io exception
2021-01-20 18:03:04,057 [grpc-default-executor-6] INFO  leader.FollowerInfo (FollowerInfoImpl.java:lambda$new$0(46)) - omNode-1@group-523986131536->omNode-2: nextIndex: updateUnconditionally 306 -> 45
2021-01-20 18:03:04,063 [grpc-default-executor-6] WARN  server.GrpcLogAppender (LogUtils.java:warn(122)) - omNode-1@group-523986131536->omNode-2-AppendLogResponseHandler: Failed appendEntries: org.apache.ratis.thirdparty.io.grpc.StatusRuntimeException: UNAVAILABLE: io exception
2021-01-20 18:03:04,063 [grpc-default-executor-6] INFO  leader.FollowerInfo (FollowerInfoImpl.java:lambda$new$0(46)) - omNode-1@group-523986131536->omNode-2: nextIndex: updateUnconditionally 307 -> 45
2021-01-20 18:03:04,078 [grpc-default-executor-3] WARN  server.GrpcLogAppender (LogUtils.java:warn(122)) - omNode-1@group-523986131536->omNode-2-AppendLogResponseHandler: Failed appendEntries: org.apache.ratis.thirdparty.io.grpc.StatusRuntimeException: UNAVAILABLE: io exception
2021-01-20 18:03:04,079 [grpc-default-executor-3] INFO  leader.FollowerInfo (FollowerInfoImpl.java:lambda$new$0(46)) - omNode-1@group-523986131536->omNode-2: nextIndex: updateUnconditionally 308 -> 45
2021-01-20 18:03:04,081 [grpc-default-executor-3] WARN  server.GrpcLogAppender (LogUtils.java:warn(122)) - omNode-1@group-523986131536->omNode-2-AppendLogResponseHandler: Failed appendEntries: org.apache.ratis.thirdparty.io.grpc.StatusRuntimeException: UNAVAILABLE: io exception
2021-01-20 18:03:04,081 [grpc-default-executor-3] INFO  leader.FollowerInfo (FollowerInfoImpl.java:lambda$new$0(46)) - omNode-1@group-523986131536->omNode-2: nextIndex: updateUnconditionally 308 -> 45
2021-01-20 18:03:04,081 [grpc-default-executor-3] WARN  server.GrpcLogAppender (LogUtils.java:warn(122)) - omNode-1@group-523986131536->omNode-2-AppendLogResponseHandler: Failed appendEntries: org.apache.ratis.thirdparty.io.grpc.StatusRuntimeException: UNAVAILABLE: io exception
2021-01-20 18:03:04,082 [grpc-default-executor-3] INFO  leader.FollowerInfo (FollowerInfoImpl.java:lambda$new$0(46)) - omNode-1@group-523986131536->omNode-2: nextIndex: updateUnconditionally 308 -> 45
2021-01-20 18:03:04,084 [grpc-default-executor-3] WARN  server.GrpcLogAppender (LogUtils.java:warn(122)) - omNode-1@group-523986131536->omNode-2-AppendLogResponseHandler: Failed appendEntries: org.apache.ratis.thirdparty.io.grpc.StatusRuntimeException: UNAVAILABLE: io exception
2021-01-20 18:03:04,084 [grpc-default-executor-3] INFO  leader.FollowerInfo (FollowerInfoImpl.java:lambda$new$0(46)) - omNode-1@group-523986131536->omNode-2: nextIndex: updateUnconditionally 309 -> 45
2021-01-20 18:03:04,086 [grpc-default-executor-6] WARN  server.GrpcLogAppender (LogUtils.java:warn(122)) - omNode-1@group-523986131536->omNode-2-AppendLogResponseHandler: Failed appendEntries: org.apache.ratis.thirdparty.io.grpc.StatusRuntimeException: UNAVAILABLE: io exception
2021-01-20 18:03:04,086 [grpc-default-executor-6] INFO  leader.FollowerInfo (FollowerInfoImpl.java:lambda$new$0(46)) - omNode-1@group-523986131536->omNode-2: nextIndex: updateUnconditionally 310 -> 45
2021-01-20 18:03:04,090 [grpc-default-executor-3] WARN  server.GrpcLogAppender (LogUtils.java:warn(122)) - omNode-1@group-523986131536->omNode-2-AppendLogResponseHandler: Failed appendEntries: org.apache.ratis.thirdparty.io.grpc.StatusRuntimeException: UNAVAILABLE: io exception
2021-01-20 18:03:04,090 [grpc-default-executor-3] INFO  leader.FollowerInfo (FollowerInfoImpl.java:lambda$new$0(46)) - omNode-1@group-523986131536->omNode-2: nextIndex: updateUnconditionally 310 -> 45
2021-01-20 18:03:04,090 [grpc-default-executor-3] WARN  server.GrpcLogAppender (LogUtils.java:warn(122)) - omNode-1@group-523986131536->omNode-2-AppendLogResponseHandler: Failed appendEntries: org.apache.ratis.thirdparty.io.grpc.StatusRuntimeException: UNAVAILABLE: io exception
2021-01-20 18:03:04,091 [grpc-default-executor-3] INFO  leader.FollowerInfo (FollowerInfoImpl.java:lambda$new$0(46)) - omNode-1@group-523986131536->omNode-2: nextIndex: updateUnconditionally 310 -> 45
2021-01-20 18:03:04,098 [grpc-default-executor-3] WARN  server.GrpcLogAppender (LogUtils.java:warn(122)) - omNode-1@group-523986131536->omNode-2-AppendLogResponseHandler: Failed appendEntries: org.apache.ratis.thirdparty.io.grpc.StatusRuntimeException: UNAVAILABLE: io exception
2021-01-20 18:03:04,098 [grpc-default-executor-3] INFO  leader.FollowerInfo (FollowerInfoImpl.java:lambda$new$0(46)) - omNode-1@group-523986131536->omNode-2: nextIndex: updateUnconditionally 311 -> 45
2021-01-20 18:03:04,101 [grpc-default-executor-3] WARN  server.GrpcLogAppender (LogUtils.java:warn(122)) - omNode-1@group-523986131536->omNode-2-AppendLogResponseHandler: Failed appendEntries: org.apache.ratis.thirdparty.io.grpc.StatusRuntimeException: UNAVAILABLE: io exception
2021-01-20 18:03:04,101 [grpc-default-executor-3] INFO  leader.FollowerInfo (FollowerInfoImpl.java:lambda$new$0(46)) - omNode-1@group-523986131536->omNode-2: nextIndex: updateUnconditionally 311 -> 45
2021-01-20 18:03:04,102 [grpc-default-executor-3] WARN  server.GrpcLogAppender (LogUtils.java:warn(122)) - omNode-1@group-523986131536->omNode-2-AppendLogResponseHandler: Failed appendEntries: org.apache.ratis.thirdparty.io.grpc.StatusRuntimeException: UNAVAILABLE: io exception
2021-01-20 18:03:04,102 [grpc-default-executor-3] INFO  leader.FollowerInfo (FollowerInfoImpl.java:lambda$new$0(46)) - omNode-1@group-523986131536->omNode-2: nextIndex: updateUnconditionally 311 -> 45
2021-01-20 18:03:04,106 [grpc-default-executor-6] WARN  server.GrpcLogAppender (LogUtils.java:warn(122)) - omNode-1@group-523986131536->omNode-2-AppendLogResponseHandler: Failed appendEntries: org.apache.ratis.thirdparty.io.grpc.StatusRuntimeException: UNAVAILABLE: io exception
2021-01-20 18:03:04,106 [grpc-default-executor-6] INFO  leader.FollowerInfo (FollowerInfoImpl.java:lambda$new$0(46)) - omNode-1@group-523986131536->omNode-2: nextIndex: updateUnconditionally 312 -> 45
2021-01-20 18:03:04,108 [grpc-default-executor-6] WARN  server.GrpcLogAppender (LogUtils.java:warn(122)) - omNode-1@group-523986131536->omNode-2-AppendLogResponseHandler: Failed appendEntries: org.apache.ratis.thirdparty.io.grpc.StatusRuntimeException: UNAVAILABLE: io exception
2021-01-20 18:03:04,108 [grpc-default-executor-6] INFO  leader.FollowerInfo (FollowerInfoImpl.java:lambda$new$0(46)) - omNode-1@group-523986131536->omNode-2: nextIndex: updateUnconditionally 312 -> 45
2021-01-20 18:03:04,111 [grpc-default-executor-3] WARN  server.GrpcLogAppender (LogUtils.java:warn(122)) - omNode-1@group-523986131536->omNode-2-AppendLogResponseHandler: Failed appendEntries: org.apache.ratis.thirdparty.io.grpc.StatusRuntimeException: UNAVAILABLE: io exception
2021-01-20 18:03:04,111 [grpc-default-executor-3] INFO  leader.FollowerInfo (FollowerInfoImpl.java:lambda$new$0(46)) - omNode-1@group-523986131536->omNode-2: nextIndex: updateUnconditionally 313 -> 45
2021-01-20 18:03:04,113 [grpc-default-executor-6] WARN  server.GrpcLogAppender (LogUtils.java:warn(122)) - omNode-1@group-523986131536->omNode-2-AppendLogResponseHandler: Failed appendEntries: org.apache.ratis.thirdparty.io.grpc.StatusRuntimeException: UNAVAILABLE: io exception
2021-01-20 18:03:04,114 [grpc-default-executor-6] INFO  leader.FollowerInfo (FollowerInfoImpl.java:lambda$new$0(46)) - omNode-1@group-523986131536->omNode-2: nextIndex: updateUnconditionally 314 -> 45
2021-01-20 18:03:04,118 [grpc-default-executor-6] WARN  server.GrpcLogAppender (LogUtils.java:warn(122)) - omNode-1@group-523986131536->omNode-2-AppendLogResponseHandler: Failed appendEntries: org.apache.ratis.thirdparty.io.grpc.StatusRuntimeException: UNAVAILABLE: io exception
2021-01-20 18:03:04,119 [grpc-default-executor-6] INFO  leader.FollowerInfo (FollowerInfoImpl.java:lambda$new$0(46)) - omNode-1@group-523986131536->omNode-2: nextIndex: updateUnconditionally 314 -> 45
2021-01-20 18:03:04,121 [grpc-default-executor-8] WARN  server.GrpcLogAppender (LogUtils.java:warn(122)) - omNode-1@group-523986131536->omNode-2-AppendLogResponseHandler: Failed appendEntries: org.apache.ratis.thirdparty.io.grpc.StatusRuntimeException: UNAVAILABLE: io exception
2021-01-20 18:03:04,122 [grpc-default-executor-8] INFO  leader.FollowerInfo (FollowerInfoImpl.java:lambda$new$0(46)) - omNode-1@group-523986131536->omNode-2: nextIndex: updateUnconditionally 315 -> 45
2021-01-20 18:03:04,124 [grpc-default-executor-6] WARN  server.GrpcLogAppender (LogUtils.java:warn(122)) - omNode-1@group-523986131536->omNode-2-AppendLogResponseHandler: Failed appendEntries: org.apache.ratis.thirdparty.io.grpc.StatusRuntimeException: UNAVAILABLE: io exception
2021-01-20 18:03:04,124 [grpc-default-executor-6] INFO  leader.FollowerInfo (FollowerInfoImpl.java:lambda$new$0(46)) - omNode-1@group-523986131536->omNode-2: nextIndex: updateUnconditionally 315 -> 45
2021-01-20 18:03:04,124 [grpc-default-executor-6] WARN  server.GrpcLogAppender (LogUtils.java:warn(122)) - omNode-1@group-523986131536->omNode-2-AppendLogResponseHandler: Failed appendEntries: org.apache.ratis.thirdparty.io.grpc.StatusRuntimeException: UNAVAILABLE: io exception
2021-01-20 18:03:04,125 [grpc-default-executor-6] INFO  leader.FollowerInfo (FollowerInfoImpl.java:lambda$new$0(46)) - omNode-1@group-523986131536->omNode-2: nextIndex: updateUnconditionally 315 -> 45
2021-01-20 18:03:04,128 [grpc-default-executor-8] WARN  server.GrpcLogAppender (LogUtils.java:warn(122)) - omNode-1@group-523986131536->omNode-2-AppendLogResponseHandler: Failed appendEntries: org.apache.ratis.thirdparty.io.grpc.StatusRuntimeException: UNAVAILABLE: io exception
2021-01-20 18:03:04,128 [grpc-default-executor-8] INFO  leader.FollowerInfo (FollowerInfoImpl.java:lambda$new$0(46)) - omNode-1@group-523986131536->omNode-2: nextIndex: updateUnconditionally 316 -> 45
2021-01-20 18:03:04,132 [grpc-default-executor-8] WARN  server.GrpcLogAppender (LogUtils.java:warn(122)) - omNode-1@group-523986131536->omNode-2-AppendLogResponseHandler: Failed appendEntries: org.apache.ratis.thirdparty.io.grpc.StatusRuntimeException: UNAVAILABLE: io exception
2021-01-20 18:03:04,132 [grpc-default-executor-8] INFO  leader.FollowerInfo (FollowerInfoImpl.java:lambda$new$0(46)) - omNode-1@group-523986131536->omNode-2: nextIndex: updateUnconditionally 316 -> 45
2021-01-20 18:03:04,133 [grpc-default-executor-8] WARN  server.GrpcLogAppender (LogUtils.java:warn(122)) - omNode-1@group-523986131536->omNode-2-AppendLogResponseHandler: Failed appendEntries: org.apache.ratis.thirdparty.io.grpc.StatusRuntimeException: UNAVAILABLE: io exception
2021-01-20 18:03:04,133 [grpc-default-executor-8] INFO  leader.FollowerInfo (FollowerInfoImpl.java:lambda$new$0(46)) - omNode-1@group-523986131536->omNode-2: nextIndex: updateUnconditionally 317 -> 45
2021-01-20 18:03:04,133 [grpc-default-executor-8] WARN  server.GrpcLogAppender (LogUtils.java:warn(122)) - omNode-1@group-523986131536->omNode-2-AppendLogResponseHandler: Failed appendEntries: org.apache.ratis.thirdparty.io.grpc.StatusRuntimeException: UNAVAILABLE: io exception
2021-01-20 18:03:04,133 [grpc-default-executor-8] INFO  leader.FollowerInfo (FollowerInfoImpl.java:lambda$new$0(46)) - omNode-1@group-523986131536->omNode-2: nextIndex: updateUnconditionally 318 -> 45
2021-01-20 18:03:04,135 [grpc-default-executor-8] WARN  server.GrpcLogAppender (LogUtils.java:warn(122)) - omNode-1@group-523986131536->omNode-2-AppendLogResponseHandler: Failed appendEntries: org.apache.ratis.thirdparty.io.grpc.StatusRuntimeException: UNAVAILABLE: io exception
2021-01-20 18:03:04,135 [grpc-default-executor-8] INFO  leader.FollowerInfo (FollowerInfoImpl.java:lambda$new$0(46)) - omNode-1@group-523986131536->omNode-2: nextIndex: updateUnconditionally 318 -> 45
2021-01-20 18:03:04,135 [grpc-default-executor-8] WARN  server.GrpcLogAppender (LogUtils.java:warn(122)) - omNode-1@group-523986131536->omNode-2-AppendLogResponseHandler: Failed appendEntries: org.apache.ratis.thirdparty.io.grpc.StatusRuntimeException: UNAVAILABLE: io exception
2021-01-20 18:03:04,136 [grpc-default-executor-8] INFO  leader.FollowerInfo (FollowerInfoImpl.java:lambda$new$0(46)) - omNode-1@group-523986131536->omNode-2: nextIndex: updateUnconditionally 318 -> 45
2021-01-20 18:03:04,137 [grpc-default-executor-6] WARN  server.GrpcLogAppender (LogUtils.java:warn(122)) - omNode-1@group-523986131536->omNode-2-AppendLogResponseHandler: Failed appendEntries: org.apache.ratis.thirdparty.io.grpc.StatusRuntimeException: UNAVAILABLE: io exception
2021-01-20 18:03:04,137 [grpc-default-executor-6] INFO  leader.FollowerInfo (FollowerInfoImpl.java:lambda$new$0(46)) - omNode-1@group-523986131536->omNode-2: nextIndex: updateUnconditionally 319 -> 45
2021-01-20 18:03:04,140 [grpc-default-executor-3] WARN  server.GrpcLogAppender (LogUtils.java:warn(122)) - omNode-1@group-523986131536->omNode-2-AppendLogResponseHandler: Failed appendEntries: org.apache.ratis.thirdparty.io.grpc.StatusRuntimeException: UNAVAILABLE: io exception
2021-01-20 18:03:04,140 [grpc-default-executor-3] INFO  leader.FollowerInfo (FollowerInfoImpl.java:lambda$new$0(46)) - omNode-1@group-523986131536->omNode-2: nextIndex: updateUnconditionally 319 -> 45
2021-01-20 18:03:04,142 [grpc-default-executor-6] WARN  server.GrpcLogAppender (LogUtils.java:warn(122)) - omNode-1@group-523986131536->omNode-2-AppendLogResponseHandler: Failed appendEntries: org.apache.ratis.thirdparty.io.grpc.StatusRuntimeException: UNAVAILABLE: io exception
2021-01-20 18:03:04,142 [grpc-default-executor-6] INFO  leader.FollowerInfo (FollowerInfoImpl.java:lambda$new$0(46)) - omNode-1@group-523986131536->omNode-2: nextIndex: updateUnconditionally 320 -> 45
2021-01-20 18:03:04,143 [grpc-default-executor-6] WARN  server.GrpcLogAppender (LogUtils.java:warn(122)) - omNode-1@group-523986131536->omNode-2-AppendLogResponseHandler: Failed appendEntries: org.apache.ratis.thirdparty.io.grpc.StatusRuntimeException: UNAVAILABLE: io exception
2021-01-20 18:03:04,144 [grpc-default-executor-6] INFO  leader.FollowerInfo (FollowerInfoImpl.java:lambda$new$0(46)) - omNode-1@group-523986131536->omNode-2: nextIndex: updateUnconditionally 321 -> 45
2021-01-20 18:03:04,146 [grpc-default-executor-6] WARN  server.GrpcLogAppender (LogUtils.java:warn(122)) - omNode-1@group-523986131536->omNode-2-AppendLogResponseHandler: Failed appendEntries: org.apache.ratis.thirdparty.io.grpc.StatusRuntimeException: UNAVAILABLE: io exception
2021-01-20 18:03:04,146 [grpc-default-executor-6] INFO  leader.FollowerInfo (FollowerInfoImpl.java:lambda$new$0(46)) - omNode-1@group-523986131536->omNode-2: nextIndex: updateUnconditionally 322 -> 45
2021-01-20 18:03:04,147 [grpc-default-executor-6] WARN  server.GrpcLogAppender (LogUtils.java:warn(122)) - omNode-1@group-523986131536->omNode-2-AppendLogResponseHandler: Failed appendEntries: org.apache.ratis.thirdparty.io.grpc.StatusRuntimeException: UNAVAILABLE: io exception
2021-01-20 18:03:04,148 [grpc-default-executor-6] INFO  leader.FollowerInfo (FollowerInfoImpl.java:lambda$new$0(46)) - omNode-1@group-523986131536->omNode-2: nextIndex: updateUnconditionally 322 -> 45
2021-01-20 18:03:04,148 [grpc-default-executor-6] WARN  server.GrpcLogAppender (LogUtils.java:warn(122)) - omNode-1@group-523986131536->omNode-2-AppendLogResponseHandler: Failed appendEntries: org.apache.ratis.thirdparty.io.grpc.StatusRuntimeException: UNAVAILABLE: io exception
2021-01-20 18:03:04,149 [grpc-default-executor-6] INFO  leader.FollowerInfo (FollowerInfoImpl.java:lambda$new$0(46)) - omNode-1@group-523986131536->omNode-2: nextIndex: updateUnconditionally 323 -> 45
2021-01-20 18:03:04,152 [grpc-default-executor-6] WARN  server.GrpcLogAppender (LogUtils.java:warn(122)) - omNode-1@group-523986131536->omNode-2-AppendLogResponseHandler: Failed appendEntries: org.apache.ratis.thirdparty.io.grpc.StatusRuntimeException: UNAVAILABLE: io exception
2021-01-20 18:03:04,153 [grpc-default-executor-6] INFO  leader.FollowerInfo (FollowerInfoImpl.java:lambda$new$0(46)) - omNode-1@group-523986131536->omNode-2: nextIndex: updateUnconditionally 323 -> 45
2021-01-20 18:03:04,154 [grpc-default-executor-6] WARN  server.GrpcLogAppender (LogUtils.java:warn(122)) - omNode-1@group-523986131536->omNode-2-AppendLogResponseHandler: Failed appendEntries: org.apache.ratis.thirdparty.io.grpc.StatusRuntimeException: UNAVAILABLE: io exception
2021-01-20 18:03:04,154 [grpc-default-executor-6] INFO  leader.FollowerInfo (FollowerInfoImpl.java:lambda$new$0(46)) - omNode-1@group-523986131536->omNode-2: nextIndex: updateUnconditionally 324 -> 45
2021-01-20 18:03:04,156 [grpc-default-executor-6] WARN  server.GrpcLogAppender (LogUtils.java:warn(122)) - omNode-1@group-523986131536->omNode-2-AppendLogResponseHandler: Failed appendEntries: org.apache.ratis.thirdparty.io.grpc.StatusRuntimeException: UNAVAILABLE: io exception
2021-01-20 18:03:04,156 [grpc-default-executor-6] INFO  leader.FollowerInfo (FollowerInfoImpl.java:lambda$new$0(46)) - omNode-1@group-523986131536->omNode-2: nextIndex: updateUnconditionally 325 -> 45
2021-01-20 18:03:04,164 [grpc-default-executor-3] WARN  server.GrpcLogAppender (LogUtils.java:warn(122)) - omNode-1@group-523986131536->omNode-2-AppendLogResponseHandler: Failed appendEntries: org.apache.ratis.thirdparty.io.grpc.StatusRuntimeException: UNAVAILABLE: io exception
2021-01-20 18:03:04,164 [grpc-default-executor-3] INFO  leader.FollowerInfo (FollowerInfoImpl.java:lambda$new$0(46)) - omNode-1@group-523986131536->omNode-2: nextIndex: updateUnconditionally 326 -> 45
2021-01-20 18:03:04,165 [grpc-default-executor-6] WARN  server.GrpcLogAppender (LogUtils.java:warn(122)) - omNode-1@group-523986131536->omNode-2-AppendLogResponseHandler: Failed appendEntries: org.apache.ratis.thirdparty.io.grpc.StatusRuntimeException: UNAVAILABLE: io exception
2021-01-20 18:03:04,165 [grpc-default-executor-6] INFO  leader.FollowerInfo (FollowerInfoImpl.java:lambda$new$0(46)) - omNode-1@group-523986131536->omNode-2: nextIndex: updateUnconditionally 326 -> 45
2021-01-20 18:03:04,166 [grpc-default-executor-6] WARN  server.GrpcLogAppender (LogUtils.java:warn(122)) - omNode-1@group-523986131536->omNode-2-AppendLogResponseHandler: Failed appendEntries: org.apache.ratis.thirdparty.io.grpc.StatusRuntimeException: UNAVAILABLE: io exception
2021-01-20 18:03:04,166 [grpc-default-executor-6] INFO  leader.FollowerInfo (FollowerInfoImpl.java:lambda$new$0(46)) - omNode-1@group-523986131536->omNode-2: nextIndex: updateUnconditionally 327 -> 45
2021-01-20 18:03:04,169 [grpc-default-executor-3] WARN  server.GrpcLogAppender (LogUtils.java:warn(122)) - omNode-1@group-523986131536->omNode-2-AppendLogResponseHandler: Failed appendEntries: org.apache.ratis.thirdparty.io.grpc.StatusRuntimeException: UNAVAILABLE: io exception
2021-01-20 18:03:04,169 [grpc-default-executor-3] INFO  leader.FollowerInfo (FollowerInfoImpl.java:lambda$new$0(46)) - omNode-1@group-523986131536->omNode-2: nextIndex: updateUnconditionally 327 -> 45
2021-01-20 18:03:04,172 [grpc-default-executor-8] WARN  server.GrpcLogAppender (LogUtils.java:warn(122)) - omNode-1@group-523986131536->omNode-2-AppendLogResponseHandler: Failed appendEntries: org.apache.ratis.thirdparty.io.grpc.StatusRuntimeException: UNAVAILABLE: io exception
2021-01-20 18:03:04,172 [grpc-default-executor-8] INFO  leader.FollowerInfo (FollowerInfoImpl.java:lambda$new$0(46)) - omNode-1@group-523986131536->omNode-2: nextIndex: updateUnconditionally 328 -> 45
2021-01-20 18:03:04,174 [grpc-default-executor-8] WARN  server.GrpcLogAppender (LogUtils.java:warn(122)) - omNode-1@group-523986131536->omNode-2-AppendLogResponseHandler: Failed appendEntries: org.apache.ratis.thirdparty.io.grpc.StatusRuntimeException: UNAVAILABLE: io exception
2021-01-20 18:03:04,174 [grpc-default-executor-8] INFO  leader.FollowerInfo (FollowerInfoImpl.java:lambda$new$0(46)) - omNode-1@group-523986131536->omNode-2: nextIndex: updateUnconditionally 328 -> 45
2021-01-20 18:03:04,177 [grpc-default-executor-8] WARN  server.GrpcLogAppender (LogUtils.java:warn(122)) - omNode-1@group-523986131536->omNode-2-AppendLogResponseHandler: Failed appendEntries: org.apache.ratis.thirdparty.io.grpc.StatusRuntimeException: UNAVAILABLE: io exception
2021-01-20 18:03:04,177 [grpc-default-executor-8] INFO  leader.FollowerInfo (FollowerInfoImpl.java:lambda$new$0(46)) - omNode-1@group-523986131536->omNode-2: nextIndex: updateUnconditionally 329 -> 45
2021-01-20 18:03:04,178 [grpc-default-executor-8] WARN  server.GrpcLogAppender (LogUtils.java:warn(122)) - omNode-1@group-523986131536->omNode-2-AppendLogResponseHandler: Failed appendEntries: org.apache.ratis.thirdparty.io.grpc.StatusRuntimeException: UNAVAILABLE: io exception
2021-01-20 18:03:04,178 [grpc-default-executor-8] INFO  leader.FollowerInfo (FollowerInfoImpl.java:lambda$new$0(46)) - omNode-1@group-523986131536->omNode-2: nextIndex: updateUnconditionally 330 -> 45
2021-01-20 18:03:04,181 [grpc-default-executor-8] WARN  server.GrpcLogAppender (LogUtils.java:warn(122)) - omNode-1@group-523986131536->omNode-2-AppendLogResponseHandler: Failed appendEntries: org.apache.ratis.thirdparty.io.grpc.StatusRuntimeException: UNAVAILABLE: io exception
2021-01-20 18:03:04,181 [grpc-default-executor-8] INFO  leader.FollowerInfo (FollowerInfoImpl.java:lambda$new$0(46)) - omNode-1@group-523986131536->omNode-2: nextIndex: updateUnconditionally 330 -> 45
2021-01-20 18:03:04,181 [grpc-default-executor-3] WARN  server.GrpcLogAppender (LogUtils.java:warn(122)) - omNode-1@group-523986131536->omNode-2-AppendLogResponseHandler: Failed appendEntries: org.apache.ratis.thirdparty.io.grpc.StatusRuntimeException: UNAVAILABLE: io exception
2021-01-20 18:03:04,182 [grpc-default-executor-3] INFO  leader.FollowerInfo (FollowerInfoImpl.java:lambda$new$0(46)) - omNode-1@group-523986131536->omNode-2: nextIndex: updateUnconditionally 331 -> 45
2021-01-20 18:03:04,185 [grpc-default-executor-8] WARN  server.GrpcLogAppender (LogUtils.java:warn(122)) - omNode-1@group-523986131536->omNode-2-AppendLogResponseHandler: Failed appendEntries: org.apache.ratis.thirdparty.io.grpc.StatusRuntimeException: UNAVAILABLE: io exception
2021-01-20 18:03:04,185 [grpc-default-executor-8] INFO  leader.FollowerInfo (FollowerInfoImpl.java:lambda$new$0(46)) - omNode-1@group-523986131536->omNode-2: nextIndex: updateUnconditionally 331 -> 45
2021-01-20 18:03:04,185 [grpc-default-executor-6] WARN  server.GrpcLogAppender (LogUtils.java:warn(122)) - omNode-1@group-523986131536->omNode-2-AppendLogResponseHandler: Failed appendEntries: org.apache.ratis.thirdparty.io.grpc.StatusRuntimeException: UNAVAILABLE: io exception
2021-01-20 18:03:04,186 [grpc-default-executor-6] INFO  leader.FollowerInfo (FollowerInfoImpl.java:lambda$new$0(46)) - omNode-1@group-523986131536->omNode-2: nextIndex: updateUnconditionally 331 -> 45
2021-01-20 18:03:04,187 [grpc-default-executor-8] WARN  server.GrpcLogAppender (LogUtils.java:warn(122)) - omNode-1@group-523986131536->omNode-2-AppendLogResponseHandler: Failed appendEntries: org.apache.ratis.thirdparty.io.grpc.StatusRuntimeException: UNAVAILABLE: io exception
2021-01-20 18:03:04,188 [grpc-default-executor-8] INFO  leader.FollowerInfo (FollowerInfoImpl.java:lambda$new$0(46)) - omNode-1@group-523986131536->omNode-2: nextIndex: updateUnconditionally 332 -> 45
2021-01-20 18:03:04,196 [grpc-default-executor-8] WARN  server.GrpcLogAppender (LogUtils.java:warn(122)) - omNode-1@group-523986131536->omNode-2-AppendLogResponseHandler: Failed appendEntries: org.apache.ratis.thirdparty.io.grpc.StatusRuntimeException: UNAVAILABLE: io exception
2021-01-20 18:03:04,196 [grpc-default-executor-8] INFO  leader.FollowerInfo (FollowerInfoImpl.java:lambda$new$0(46)) - omNode-1@group-523986131536->omNode-2: nextIndex: updateUnconditionally 332 -> 45
2021-01-20 18:03:04,198 [grpc-default-executor-6] WARN  server.GrpcLogAppender (LogUtils.java:warn(122)) - omNode-1@group-523986131536->omNode-2-AppendLogResponseHandler: Failed appendEntries: org.apache.ratis.thirdparty.io.grpc.StatusRuntimeException: UNAVAILABLE: io exception
2021-01-20 18:03:04,198 [grpc-default-executor-6] INFO  leader.FollowerInfo (FollowerInfoImpl.java:lambda$new$0(46)) - omNode-1@group-523986131536->omNode-2: nextIndex: updateUnconditionally 333 -> 45
2021-01-20 18:03:04,202 [grpc-default-executor-6] WARN  server.GrpcLogAppender (LogUtils.java:warn(122)) - omNode-1@group-523986131536->omNode-2-AppendLogResponseHandler: Failed appendEntries: org.apache.ratis.thirdparty.io.grpc.StatusRuntimeException: UNAVAILABLE: io exception
2021-01-20 18:03:04,203 [grpc-default-executor-6] INFO  leader.FollowerInfo (FollowerInfoImpl.java:lambda$new$0(46)) - omNode-1@group-523986131536->omNode-2: nextIndex: updateUnconditionally 334 -> 45
2021-01-20 18:03:04,203 [grpc-default-executor-8] WARN  server.GrpcLogAppender (LogUtils.java:warn(122)) - omNode-1@group-523986131536->omNode-2-AppendLogResponseHandler: Failed appendEntries: org.apache.ratis.thirdparty.io.grpc.StatusRuntimeException: UNAVAILABLE: io exception
2021-01-20 18:03:04,203 [grpc-default-executor-8] INFO  leader.FollowerInfo (FollowerInfoImpl.java:lambda$new$0(46)) - omNode-1@group-523986131536->omNode-2: nextIndex: updateUnconditionally 334 -> 45
2021-01-20 18:03:04,208 [grpc-default-executor-8] WARN  server.GrpcLogAppender (LogUtils.java:warn(122)) - omNode-1@group-523986131536->omNode-2-AppendLogResponseHandler: Failed appendEntries: org.apache.ratis.thirdparty.io.grpc.StatusRuntimeException: UNAVAILABLE: io exception
2021-01-20 18:03:04,208 [grpc-default-executor-8] INFO  leader.FollowerInfo (FollowerInfoImpl.java:lambda$new$0(46)) - omNode-1@group-523986131536->omNode-2: nextIndex: updateUnconditionally 335 -> 45
2021-01-20 18:03:04,214 [grpc-default-executor-6] WARN  server.GrpcLogAppender (LogUtils.java:warn(122)) - omNode-1@group-523986131536->omNode-2-AppendLogResponseHandler: Failed appendEntries: org.apache.ratis.thirdparty.io.grpc.StatusRuntimeException: UNAVAILABLE: io exception
2021-01-20 18:03:04,214 [grpc-default-executor-6] INFO  leader.FollowerInfo (FollowerInfoImpl.java:lambda$new$0(46)) - omNode-1@group-523986131536->omNode-2: nextIndex: updateUnconditionally 335 -> 45
2021-01-20 18:03:04,215 [grpc-default-executor-7] WARN  server.GrpcLogAppender (LogUtils.java:warn(122)) - omNode-1@group-523986131536->omNode-2-AppendLogResponseHandler: Failed appendEntries: org.apache.ratis.thirdparty.io.grpc.StatusRuntimeException: UNAVAILABLE: io exception
2021-01-20 18:03:04,215 [grpc-default-executor-7] INFO  leader.FollowerInfo (FollowerInfoImpl.java:lambda$new$0(46)) - omNode-1@group-523986131536->omNode-2: nextIndex: updateUnconditionally 335 -> 45
2021-01-20 18:03:04,219 [grpc-default-executor-8] WARN  server.GrpcLogAppender (LogUtils.java:warn(122)) - omNode-1@group-523986131536->omNode-2-AppendLogResponseHandler: Failed appendEntries: org.apache.ratis.thirdparty.io.grpc.StatusRuntimeException: UNAVAILABLE: io exception
2021-01-20 18:03:04,219 [grpc-default-executor-8] INFO  leader.FollowerInfo (FollowerInfoImpl.java:lambda$new$0(46)) - omNode-1@group-523986131536->omNode-2: nextIndex: updateUnconditionally 336 -> 45
2021-01-20 18:03:04,221 [grpc-default-executor-8] WARN  server.GrpcLogAppender (LogUtils.java:warn(122)) - omNode-1@group-523986131536->omNode-2-AppendLogResponseHandler: Failed appendEntries: org.apache.ratis.thirdparty.io.grpc.StatusRuntimeException: UNAVAILABLE: io exception
2021-01-20 18:03:04,221 [grpc-default-executor-8] INFO  leader.FollowerInfo (FollowerInfoImpl.java:lambda$new$0(46)) - omNode-1@group-523986131536->omNode-2: nextIndex: updateUnconditionally 336 -> 45
2021-01-20 18:03:04,222 [grpc-default-executor-8] WARN  server.GrpcLogAppender (LogUtils.java:warn(122)) - omNode-1@group-523986131536->omNode-2-AppendLogResponseHandler: Failed appendEntries: org.apache.ratis.thirdparty.io.grpc.StatusRuntimeException: UNAVAILABLE: io exception
2021-01-20 18:03:04,222 [grpc-default-executor-8] INFO  leader.FollowerInfo (FollowerInfoImpl.java:lambda$new$0(46)) - omNode-1@group-523986131536->omNode-2: nextIndex: updateUnconditionally 337 -> 45
2021-01-20 18:03:04,224 [grpc-default-executor-7] WARN  server.GrpcLogAppender (LogUtils.java:warn(122)) - omNode-1@group-523986131536->omNode-2-AppendLogResponseHandler: Failed appendEntries: org.apache.ratis.thirdparty.io.grpc.StatusRuntimeException: UNAVAILABLE: io exception
2021-01-20 18:03:04,224 [grpc-default-executor-7] INFO  leader.FollowerInfo (FollowerInfoImpl.java:lambda$new$0(46)) - omNode-1@group-523986131536->omNode-2: nextIndex: updateUnconditionally 338 -> 45
2021-01-20 18:03:04,226 [grpc-default-executor-8] WARN  server.GrpcLogAppender (LogUtils.java:warn(122)) - omNode-1@group-523986131536->omNode-2-AppendLogResponseHandler: Failed appendEntries: org.apache.ratis.thirdparty.io.grpc.StatusRuntimeException: UNAVAILABLE: io exception
2021-01-20 18:03:04,226 [grpc-default-executor-8] INFO  leader.FollowerInfo (FollowerInfoImpl.java:lambda$new$0(46)) - omNode-1@group-523986131536->omNode-2: nextIndex: updateUnconditionally 338 -> 45
2021-01-20 18:03:04,227 [grpc-default-executor-8] WARN  server.GrpcLogAppender (LogUtils.java:warn(122)) - omNode-1@group-523986131536->omNode-2-AppendLogResponseHandler: Failed appendEntries: org.apache.ratis.thirdparty.io.grpc.StatusRuntimeException: UNAVAILABLE: io exception
2021-01-20 18:03:04,227 [grpc-default-executor-8] INFO  leader.FollowerInfo (FollowerInfoImpl.java:lambda$new$0(46)) - omNode-1@group-523986131536->omNode-2: nextIndex: updateUnconditionally 338 -> 45
2021-01-20 18:03:04,228 [grpc-default-executor-8] WARN  server.GrpcLogAppender (LogUtils.java:warn(122)) - omNode-1@group-523986131536->omNode-2-AppendLogResponseHandler: Failed appendEntries: org.apache.ratis.thirdparty.io.grpc.StatusRuntimeException: UNAVAILABLE: io exception
2021-01-20 18:03:04,229 [grpc-default-executor-8] INFO  leader.FollowerInfo (FollowerInfoImpl.java:lambda$new$0(46)) - omNode-1@group-523986131536->omNode-2: nextIndex: updateUnconditionally 339 -> 45
2021-01-20 18:03:04,232 [grpc-default-executor-8] WARN  server.GrpcLogAppender (LogUtils.java:warn(122)) - omNode-1@group-523986131536->omNode-2-AppendLogResponseHandler: Failed appendEntries: org.apache.ratis.thirdparty.io.grpc.StatusRuntimeException: UNAVAILABLE: io exception
2021-01-20 18:03:04,232 [grpc-default-executor-8] INFO  leader.FollowerInfo (FollowerInfoImpl.java:lambda$new$0(46)) - omNode-1@group-523986131536->omNode-2: nextIndex: updateUnconditionally 339 -> 45
2021-01-20 18:03:04,233 [grpc-default-executor-8] WARN  server.GrpcLogAppender (LogUtils.java:warn(122)) - omNode-1@group-523986131536->omNode-2-AppendLogResponseHandler: Failed appendEntries: org.apache.ratis.thirdparty.io.grpc.StatusRuntimeException: UNAVAILABLE: io exception
2021-01-20 18:03:04,233 [grpc-default-executor-8] INFO  leader.FollowerInfo (FollowerInfoImpl.java:lambda$new$0(46)) - omNode-1@group-523986131536->omNode-2: nextIndex: updateUnconditionally 339 -> 45
2021-01-20 18:03:04,236 [grpc-default-executor-7] WARN  server.GrpcLogAppender (LogUtils.java:warn(122)) - omNode-1@group-523986131536->omNode-2-AppendLogResponseHandler: Failed appendEntries: org.apache.ratis.thirdparty.io.grpc.StatusRuntimeException: UNAVAILABLE: io exception
2021-01-20 18:03:04,237 [grpc-default-executor-7] INFO  leader.FollowerInfo (FollowerInfoImpl.java:lambda$new$0(46)) - omNode-1@group-523986131536->omNode-2: nextIndex: updateUnconditionally 340 -> 45
2021-01-20 18:03:04,241 [grpc-default-executor-7] WARN  server.GrpcLogAppender (LogUtils.java:warn(122)) - omNode-1@group-523986131536->omNode-2-AppendLogResponseHandler: Failed appendEntries: org.apache.ratis.thirdparty.io.grpc.StatusRuntimeException: UNAVAILABLE: io exception
2021-01-20 18:03:04,241 [grpc-default-executor-7] INFO  leader.FollowerInfo (FollowerInfoImpl.java:lambda$new$0(46)) - omNode-1@group-523986131536->omNode-2: nextIndex: updateUnconditionally 340 -> 45
2021-01-20 18:03:04,243 [grpc-default-executor-7] WARN  server.GrpcLogAppender (LogUtils.java:warn(122)) - omNode-1@group-523986131536->omNode-2-AppendLogResponseHandler: Failed appendEntries: org.apache.ratis.thirdparty.io.grpc.StatusRuntimeException: UNAVAILABLE: io exception
2021-01-20 18:03:04,244 [grpc-default-executor-7] INFO  leader.FollowerInfo (FollowerInfoImpl.java:lambda$new$0(46)) - omNode-1@group-523986131536->omNode-2: nextIndex: updateUnconditionally 342 -> 45
2021-01-20 18:03:04,248 [grpc-default-executor-7] WARN  server.GrpcLogAppender (LogUtils.java:warn(122)) - omNode-1@group-523986131536->omNode-2-AppendLogResponseHandler: Failed appendEntries: org.apache.ratis.thirdparty.io.grpc.StatusRuntimeException: UNAVAILABLE: io exception
2021-01-20 18:03:04,249 [grpc-default-executor-7] INFO  leader.FollowerInfo (FollowerInfoImpl.java:lambda$new$0(46)) - omNode-1@group-523986131536->omNode-2: nextIndex: updateUnconditionally 342 -> 45
2021-01-20 18:03:04,250 [grpc-default-executor-7] WARN  server.GrpcLogAppender (LogUtils.java:warn(122)) - omNode-1@group-523986131536->omNode-2-AppendLogResponseHandler: Failed appendEntries: org.apache.ratis.thirdparty.io.grpc.StatusRuntimeException: UNAVAILABLE: io exception
2021-01-20 18:03:04,251 [grpc-default-executor-7] INFO  leader.FollowerInfo (FollowerInfoImpl.java:lambda$new$0(46)) - omNode-1@group-523986131536->omNode-2: nextIndex: updateUnconditionally 343 -> 45
2021-01-20 18:03:04,253 [grpc-default-executor-7] WARN  server.GrpcLogAppender (LogUtils.java:warn(122)) - omNode-1@group-523986131536->omNode-2-AppendLogResponseHandler: Failed appendEntries: org.apache.ratis.thirdparty.io.grpc.StatusRuntimeException: UNAVAILABLE: io exception
2021-01-20 18:03:04,254 [grpc-default-executor-7] INFO  leader.FollowerInfo (FollowerInfoImpl.java:lambda$new$0(46)) - omNode-1@group-523986131536->omNode-2: nextIndex: updateUnconditionally 343 -> 45
2021-01-20 18:03:04,254 [grpc-default-executor-7] WARN  server.GrpcLogAppender (LogUtils.java:warn(122)) - omNode-1@group-523986131536->omNode-2-AppendLogResponseHandler: Failed appendEntries: org.apache.ratis.thirdparty.io.grpc.StatusRuntimeException: UNAVAILABLE: io exception
2021-01-20 18:03:04,254 [grpc-default-executor-7] INFO  leader.FollowerInfo (FollowerInfoImpl.java:lambda$new$0(46)) - omNode-1@group-523986131536->omNode-2: nextIndex: updateUnconditionally 343 -> 45
2021-01-20 18:03:04,258 [grpc-default-executor-8] WARN  server.GrpcLogAppender (LogUtils.java:warn(122)) - omNode-1@group-523986131536->omNode-2-AppendLogResponseHandler: Failed appendEntries: org.apache.ratis.thirdparty.io.grpc.StatusRuntimeException: UNAVAILABLE: io exception
2021-01-20 18:03:04,258 [grpc-default-executor-8] INFO  leader.FollowerInfo (FollowerInfoImpl.java:lambda$new$0(46)) - omNode-1@group-523986131536->omNode-2: nextIndex: updateUnconditionally 344 -> 45
2021-01-20 18:03:04,260 [grpc-default-executor-8] WARN  server.GrpcLogAppender (LogUtils.java:warn(122)) - omNode-1@group-523986131536->omNode-2-AppendLogResponseHandler: Failed appendEntries: org.apache.ratis.thirdparty.io.grpc.StatusRuntimeException: UNAVAILABLE: io exception
2021-01-20 18:03:04,261 [grpc-default-executor-8] INFO  leader.FollowerInfo (FollowerInfoImpl.java:lambda$new$0(46)) - omNode-1@group-523986131536->omNode-2: nextIndex: updateUnconditionally 344 -> 45
2021-01-20 18:03:04,262 [grpc-default-executor-7] WARN  server.GrpcLogAppender (LogUtils.java:warn(122)) - omNode-1@group-523986131536->omNode-2-AppendLogResponseHandler: Failed appendEntries: org.apache.ratis.thirdparty.io.grpc.StatusRuntimeException: UNAVAILABLE: io exception
2021-01-20 18:03:04,262 [grpc-default-executor-7] INFO  leader.FollowerInfo (FollowerInfoImpl.java:lambda$new$0(46)) - omNode-1@group-523986131536->omNode-2: nextIndex: updateUnconditionally 345 -> 45
2021-01-20 18:03:04,263 [grpc-default-executor-8] WARN  server.GrpcLogAppender (LogUtils.java:warn(122)) - omNode-1@group-523986131536->omNode-2-AppendLogResponseHandler: Failed appendEntries: org.apache.ratis.thirdparty.io.grpc.StatusRuntimeException: UNAVAILABLE: io exception
2021-01-20 18:03:04,264 [grpc-default-executor-8] INFO  leader.FollowerInfo (FollowerInfoImpl.java:lambda$new$0(46)) - omNode-1@group-523986131536->omNode-2: nextIndex: updateUnconditionally 346 -> 45
2021-01-20 18:03:04,268 [grpc-default-executor-8] WARN  server.GrpcLogAppender (LogUtils.java:warn(122)) - omNode-1@group-523986131536->omNode-2-AppendLogResponseHandler: Failed appendEntries: org.apache.ratis.thirdparty.io.grpc.StatusRuntimeException: UNAVAILABLE: io exception
2021-01-20 18:03:04,269 [grpc-default-executor-8] INFO  leader.FollowerInfo (FollowerInfoImpl.java:lambda$new$0(46)) - omNode-1@group-523986131536->omNode-2: nextIndex: updateUnconditionally 346 -> 45
2021-01-20 18:03:04,270 [grpc-default-executor-8] WARN  server.GrpcLogAppender (LogUtils.java:warn(122)) - omNode-1@group-523986131536->omNode-2-AppendLogResponseHandler: Failed appendEntries: org.apache.ratis.thirdparty.io.grpc.StatusRuntimeException: UNAVAILABLE: io exception
2021-01-20 18:03:04,271 [grpc-default-executor-8] INFO  leader.FollowerInfo (FollowerInfoImpl.java:lambda$new$0(46)) - omNode-1@group-523986131536->omNode-2: nextIndex: updateUnconditionally 347 -> 45
2021-01-20 18:03:04,277 [grpc-default-executor-8] WARN  server.GrpcLogAppender (LogUtils.java:warn(122)) - omNode-1@group-523986131536->omNode-2-AppendLogResponseHandler: Failed appendEntries: org.apache.ratis.thirdparty.io.grpc.StatusRuntimeException: UNAVAILABLE: io exception
2021-01-20 18:03:04,277 [grpc-default-executor-8] INFO  leader.FollowerInfo (FollowerInfoImpl.java:lambda$new$0(46)) - omNode-1@group-523986131536->omNode-2: nextIndex: updateUnconditionally 347 -> 45
2021-01-20 18:03:04,278 [grpc-default-executor-8] WARN  server.GrpcLogAppender (LogUtils.java:warn(122)) - omNode-1@group-523986131536->omNode-2-AppendLogResponseHandler: Failed appendEntries: org.apache.ratis.thirdparty.io.grpc.StatusRuntimeException: UNAVAILABLE: io exception
2021-01-20 18:03:04,278 [grpc-default-executor-8] INFO  leader.FollowerInfo (FollowerInfoImpl.java:lambda$new$0(46)) - omNode-1@group-523986131536->omNode-2: nextIndex: updateUnconditionally 347 -> 45
2021-01-20 18:03:04,282 [grpc-default-executor-7] WARN  server.GrpcLogAppender (LogUtils.java:warn(122)) - omNode-1@group-523986131536->omNode-2-AppendLogResponseHandler: Failed appendEntries: org.apache.ratis.thirdparty.io.grpc.StatusRuntimeException: UNAVAILABLE: io exception
2021-01-20 18:03:04,282 [grpc-default-executor-7] INFO  leader.FollowerInfo (FollowerInfoImpl.java:lambda$new$0(46)) - omNode-1@group-523986131536->omNode-2: nextIndex: updateUnconditionally 348 -> 45
2021-01-20 18:03:04,288 [grpc-default-executor-7] WARN  server.GrpcLogAppender (LogUtils.java:warn(122)) - omNode-1@group-523986131536->omNode-2-AppendLogResponseHandler: Failed appendEntries: org.apache.ratis.thirdparty.io.grpc.StatusRuntimeException: UNAVAILABLE: io exception
2021-01-20 18:03:04,288 [grpc-default-executor-7] INFO  leader.FollowerInfo (FollowerInfoImpl.java:lambda$new$0(46)) - omNode-1@group-523986131536->omNode-2: nextIndex: updateUnconditionally 348 -> 45
2021-01-20 18:03:04,289 [grpc-default-executor-7] WARN  server.GrpcLogAppender (LogUtils.java:warn(122)) - omNode-1@group-523986131536->omNode-2-AppendLogResponseHandler: Failed appendEntries: org.apache.ratis.thirdparty.io.grpc.StatusRuntimeException: UNAVAILABLE: io exception
2021-01-20 18:03:04,289 [grpc-default-executor-7] INFO  leader.FollowerInfo (FollowerInfoImpl.java:lambda$new$0(46)) - omNode-1@group-523986131536->omNode-2: nextIndex: updateUnconditionally 349 -> 45
2021-01-20 18:03:04,290 [grpc-default-executor-7] WARN  server.GrpcLogAppender (LogUtils.java:warn(122)) - omNode-1@group-523986131536->omNode-2-AppendLogResponseHandler: Failed appendEntries: org.apache.ratis.thirdparty.io.grpc.StatusRuntimeException: UNAVAILABLE: io exception
2021-01-20 18:03:04,290 [grpc-default-executor-7] INFO  leader.FollowerInfo (FollowerInfoImpl.java:lambda$new$0(46)) - omNode-1@group-523986131536->omNode-2: nextIndex: updateUnconditionally 350 -> 45
2021-01-20 18:03:04,291 [omNode-1@group-523986131536-StateMachineUpdater] INFO  ratis.OzoneManagerStateMachine (OzoneManagerStateMachine.java:takeSnapshot(345)) - Current Snapshot Index (t:1, i:348)
2021-01-20 18:03:04,292 [omNode-1@group-523986131536-StateMachineUpdater] INFO  impl.StateMachineUpdater (StateMachineUpdater.java:takeSnapshot(279)) - omNode-1@group-523986131536-StateMachineUpdater: Took a snapshot at index 348
2021-01-20 18:03:04,292 [omNode-1@group-523986131536-StateMachineUpdater] INFO  impl.StateMachineUpdater (StateMachineUpdater.java:lambda$new$0(88)) - omNode-1@group-523986131536-StateMachineUpdater: snapshotIndex: updateIncreasingly 298 -> 348
2021-01-20 18:03:04,292 [omNode-1@group-523986131536-StateMachineUpdater] INFO  raftlog.RaftLog (RaftLogBase.java:purge(306)) - omNode-1@group-523986131536-SegmentedRaftLog: purge 348
2021-01-20 18:03:04,292 [omNode-1@group-523986131536-StateMachineUpdater] INFO  raftlog.RaftLog (RaftLogBase.java:lambda$new$0(53)) - omNode-1@group-523986131536-SegmentedRaftLog: snapshotIndex: updateIncreasingly 298 -> 348
2021-01-20 18:03:04,292 [omNode-1@group-523986131536-StateMachineUpdater] INFO  raftlog.RaftLog (RaftLogBase.java:lambda$new$0(53)) - omNode-1@group-523986131536-SegmentedRaftLog: purgeIndex: updateToMax old=298, new=348, updated? true
2021-01-20 18:03:04,292 [grpc-default-executor-7] WARN  server.GrpcLogAppender (LogUtils.java:warn(122)) - omNode-1@group-523986131536->omNode-2-AppendLogResponseHandler: Failed appendEntries: org.apache.ratis.thirdparty.io.grpc.StatusRuntimeException: UNAVAILABLE: io exception
2021-01-20 18:03:04,292 [grpc-default-executor-7] INFO  leader.FollowerInfo (FollowerInfoImpl.java:lambda$new$0(46)) - omNode-1@group-523986131536->omNode-2: nextIndex: updateUnconditionally 350 -> 45
2021-01-20 18:03:04,294 [grpc-default-executor-7] WARN  server.GrpcLogAppender (LogUtils.java:warn(122)) - omNode-1@group-523986131536->omNode-2-AppendLogResponseHandler: Failed appendEntries: org.apache.ratis.thirdparty.io.grpc.StatusRuntimeException: UNAVAILABLE: io exception
2021-01-20 18:03:04,294 [grpc-default-executor-7] INFO  leader.FollowerInfo (FollowerInfoImpl.java:lambda$new$0(46)) - omNode-1@group-523986131536->omNode-2: nextIndex: updateUnconditionally 351 -> 45
2021-01-20 18:03:04,298 [omNode-3@group-523986131536-StateMachineUpdater] INFO  ratis.OzoneManagerStateMachine (OzoneManagerStateMachine.java:takeSnapshot(345)) - Current Snapshot Index (t:1, i:349)
2021-01-20 18:03:04,298 [omNode-3@group-523986131536-StateMachineUpdater] INFO  impl.StateMachineUpdater (StateMachineUpdater.java:takeSnapshot(279)) - omNode-3@group-523986131536-StateMachineUpdater: Took a snapshot at index 349
2021-01-20 18:03:04,298 [omNode-3@group-523986131536-StateMachineUpdater] INFO  impl.StateMachineUpdater (StateMachineUpdater.java:lambda$new$0(88)) - omNode-3@group-523986131536-StateMachineUpdater: snapshotIndex: updateIncreasingly 299 -> 349
2021-01-20 18:03:04,298 [omNode-3@group-523986131536-StateMachineUpdater] INFO  raftlog.RaftLog (RaftLogBase.java:purge(306)) - omNode-3@group-523986131536-SegmentedRaftLog: purge 349
2021-01-20 18:03:04,298 [omNode-3@group-523986131536-StateMachineUpdater] INFO  raftlog.RaftLog (RaftLogBase.java:lambda$new$0(53)) - omNode-3@group-523986131536-SegmentedRaftLog: snapshotIndex: updateIncreasingly 299 -> 349
2021-01-20 18:03:04,298 [omNode-3@group-523986131536-StateMachineUpdater] INFO  raftlog.RaftLog (RaftLogBase.java:lambda$new$0(53)) - omNode-3@group-523986131536-SegmentedRaftLog: purgeIndex: updateToMax old=299, new=349, updated? true
2021-01-20 18:03:04,298 [grpc-default-executor-7] WARN  server.GrpcLogAppender (LogUtils.java:warn(122)) - omNode-1@group-523986131536->omNode-2-AppendLogResponseHandler: Failed appendEntries: org.apache.ratis.thirdparty.io.grpc.StatusRuntimeException: UNAVAILABLE: io exception
2021-01-20 18:03:04,298 [grpc-default-executor-7] INFO  leader.FollowerInfo (FollowerInfoImpl.java:lambda$new$0(46)) - omNode-1@group-523986131536->omNode-2: nextIndex: updateUnconditionally 351 -> 45
2021-01-20 18:03:04,302 [grpc-default-executor-8] WARN  server.GrpcLogAppender (LogUtils.java:warn(122)) - omNode-1@group-523986131536->omNode-2-AppendLogResponseHandler: Failed appendEntries: org.apache.ratis.thirdparty.io.grpc.StatusRuntimeException: UNAVAILABLE: io exception
2021-01-20 18:03:04,302 [grpc-default-executor-8] INFO  leader.FollowerInfo (FollowerInfoImpl.java:lambda$new$0(46)) - omNode-1@group-523986131536->omNode-2: nextIndex: updateUnconditionally 352 -> 45
2021-01-20 18:03:04,304 [grpc-default-executor-8] WARN  server.GrpcLogAppender (LogUtils.java:warn(122)) - omNode-1@group-523986131536->omNode-2-AppendLogResponseHandler: Failed appendEntries: org.apache.ratis.thirdparty.io.grpc.StatusRuntimeException: UNAVAILABLE: io exception
2021-01-20 18:03:04,305 [grpc-default-executor-8] INFO  leader.FollowerInfo (FollowerInfoImpl.java:lambda$new$0(46)) - omNode-1@group-523986131536->omNode-2: nextIndex: updateUnconditionally 352 -> 45
2021-01-20 18:03:04,306 [grpc-default-executor-7] WARN  server.GrpcLogAppender (LogUtils.java:warn(122)) - omNode-1@group-523986131536->omNode-2-AppendLogResponseHandler: Failed appendEntries: org.apache.ratis.thirdparty.io.grpc.StatusRuntimeException: UNAVAILABLE: io exception
2021-01-20 18:03:04,306 [grpc-default-executor-7] INFO  leader.FollowerInfo (FollowerInfoImpl.java:lambda$new$0(46)) - omNode-1@group-523986131536->omNode-2: nextIndex: updateUnconditionally 353 -> 45
2021-01-20 18:03:04,308 [grpc-default-executor-8] WARN  server.GrpcLogAppender (LogUtils.java:warn(122)) - omNode-1@group-523986131536->omNode-2-AppendLogResponseHandler: Failed appendEntries: org.apache.ratis.thirdparty.io.grpc.StatusRuntimeException: UNAVAILABLE: io exception
2021-01-20 18:03:04,308 [grpc-default-executor-8] INFO  leader.FollowerInfo (FollowerInfoImpl.java:lambda$new$0(46)) - omNode-1@group-523986131536->omNode-2: nextIndex: updateUnconditionally 354 -> 45
2021-01-20 18:03:04,311 [grpc-default-executor-8] WARN  server.GrpcLogAppender (LogUtils.java:warn(122)) - omNode-1@group-523986131536->omNode-2-AppendLogResponseHandler: Failed appendEntries: org.apache.ratis.thirdparty.io.grpc.StatusRuntimeException: UNAVAILABLE: io exception
2021-01-20 18:03:04,311 [grpc-default-executor-8] INFO  leader.FollowerInfo (FollowerInfoImpl.java:lambda$new$0(46)) - omNode-1@group-523986131536->omNode-2: nextIndex: updateUnconditionally 354 -> 45
2021-01-20 18:03:04,312 [grpc-default-executor-8] WARN  server.GrpcLogAppender (LogUtils.java:warn(122)) - omNode-1@group-523986131536->omNode-2-AppendLogResponseHandler: Failed appendEntries: org.apache.ratis.thirdparty.io.grpc.StatusRuntimeException: UNAVAILABLE: io exception
2021-01-20 18:03:04,313 [grpc-default-executor-8] INFO  leader.FollowerInfo (FollowerInfoImpl.java:lambda$new$0(46)) - omNode-1@group-523986131536->omNode-2: nextIndex: updateUnconditionally 355 -> 45
2021-01-20 18:03:04,316 [grpc-default-executor-7] WARN  server.GrpcLogAppender (LogUtils.java:warn(122)) - omNode-1@group-523986131536->omNode-2-AppendLogResponseHandler: Failed appendEntries: org.apache.ratis.thirdparty.io.grpc.StatusRuntimeException: UNAVAILABLE: io exception
2021-01-20 18:03:04,316 [grpc-default-executor-7] INFO  leader.FollowerInfo (FollowerInfoImpl.java:lambda$new$0(46)) - omNode-1@group-523986131536->omNode-2: nextIndex: updateUnconditionally 355 -> 45
2021-01-20 18:03:04,320 [grpc-default-executor-7] WARN  server.GrpcLogAppender (LogUtils.java:warn(122)) - omNode-1@group-523986131536->omNode-2-AppendLogResponseHandler: Failed appendEntries: org.apache.ratis.thirdparty.io.grpc.StatusRuntimeException: UNAVAILABLE: io exception
2021-01-20 18:03:04,320 [grpc-default-executor-7] INFO  leader.FollowerInfo (FollowerInfoImpl.java:lambda$new$0(46)) - omNode-1@group-523986131536->omNode-2: nextIndex: updateUnconditionally 356 -> 45
2021-01-20 18:03:04,322 [grpc-default-executor-8] WARN  server.GrpcLogAppender (LogUtils.java:warn(122)) - omNode-1@group-523986131536->omNode-2-AppendLogResponseHandler: Failed appendEntries: org.apache.ratis.thirdparty.io.grpc.StatusRuntimeException: UNAVAILABLE: io exception
2021-01-20 18:03:04,322 [grpc-default-executor-8] INFO  leader.FollowerInfo (FollowerInfoImpl.java:lambda$new$0(46)) - omNode-1@group-523986131536->omNode-2: nextIndex: updateUnconditionally 356 -> 45
2021-01-20 18:03:04,328 [grpc-default-executor-8] WARN  server.GrpcLogAppender (LogUtils.java:warn(122)) - omNode-1@group-523986131536->omNode-2-AppendLogResponseHandler: Failed appendEntries: org.apache.ratis.thirdparty.io.grpc.StatusRuntimeException: UNAVAILABLE: io exception
2021-01-20 18:03:04,329 [grpc-default-executor-8] INFO  leader.FollowerInfo (FollowerInfoImpl.java:lambda$new$0(46)) - omNode-1@group-523986131536->omNode-2: nextIndex: updateUnconditionally 357 -> 45
2021-01-20 18:03:04,330 [grpc-default-executor-8] WARN  server.GrpcLogAppender (LogUtils.java:warn(122)) - omNode-1@group-523986131536->omNode-2-AppendLogResponseHandler: Failed appendEntries: org.apache.ratis.thirdparty.io.grpc.StatusRuntimeException: UNAVAILABLE: io exception
2021-01-20 18:03:04,330 [grpc-default-executor-8] INFO  leader.FollowerInfo (FollowerInfoImpl.java:lambda$new$0(46)) - omNode-1@group-523986131536->omNode-2: nextIndex: updateUnconditionally 358 -> 45
2021-01-20 18:03:04,332 [grpc-default-executor-8] WARN  server.GrpcLogAppender (LogUtils.java:warn(122)) - omNode-1@group-523986131536->omNode-2-AppendLogResponseHandler: Failed appendEntries: org.apache.ratis.thirdparty.io.grpc.StatusRuntimeException: UNAVAILABLE: io exception
2021-01-20 18:03:04,332 [grpc-default-executor-8] INFO  leader.FollowerInfo (FollowerInfoImpl.java:lambda$new$0(46)) - omNode-1@group-523986131536->omNode-2: nextIndex: updateUnconditionally 358 -> 45
2021-01-20 18:03:04,340 [grpc-default-executor-6] WARN  server.GrpcLogAppender (LogUtils.java:warn(122)) - omNode-1@group-523986131536->omNode-2-AppendLogResponseHandler: Failed appendEntries: org.apache.ratis.thirdparty.io.grpc.StatusRuntimeException: UNAVAILABLE: io exception
2021-01-20 18:03:04,340 [grpc-default-executor-6] INFO  leader.FollowerInfo (FollowerInfoImpl.java:lambda$new$0(46)) - omNode-1@group-523986131536->omNode-2: nextIndex: updateUnconditionally 359 -> 45
2021-01-20 18:03:04,341 [grpc-default-executor-7] WARN  server.GrpcLogAppender (LogUtils.java:warn(122)) - omNode-1@group-523986131536->omNode-2-AppendLogResponseHandler: Failed appendEntries: org.apache.ratis.thirdparty.io.grpc.StatusRuntimeException: UNAVAILABLE: io exception
2021-01-20 18:03:04,341 [grpc-default-executor-7] INFO  leader.FollowerInfo (FollowerInfoImpl.java:lambda$new$0(46)) - omNode-1@group-523986131536->omNode-2: nextIndex: updateUnconditionally 359 -> 45
2021-01-20 18:03:04,345 [grpc-default-executor-7] WARN  server.GrpcLogAppender (LogUtils.java:warn(122)) - omNode-1@group-523986131536->omNode-2-AppendLogResponseHandler: Failed appendEntries: org.apache.ratis.thirdparty.io.grpc.StatusRuntimeException: UNAVAILABLE: io exception
2021-01-20 18:03:04,346 [grpc-default-executor-7] INFO  leader.FollowerInfo (FollowerInfoImpl.java:lambda$new$0(46)) - omNode-1@group-523986131536->omNode-2: nextIndex: updateUnconditionally 360 -> 45
2021-01-20 18:03:04,348 [grpc-default-executor-7] WARN  server.GrpcLogAppender (LogUtils.java:warn(122)) - omNode-1@group-523986131536->omNode-2-AppendLogResponseHandler: Failed appendEntries: org.apache.ratis.thirdparty.io.grpc.StatusRuntimeException: UNAVAILABLE: io exception
2021-01-20 18:03:04,349 [grpc-default-executor-7] INFO  leader.FollowerInfo (FollowerInfoImpl.java:lambda$new$0(46)) - omNode-1@group-523986131536->omNode-2: nextIndex: updateUnconditionally 360 -> 45
2021-01-20 18:03:04,350 [grpc-default-executor-8] WARN  server.GrpcLogAppender (LogUtils.java:warn(122)) - omNode-1@group-523986131536->omNode-2-AppendLogResponseHandler: Failed appendEntries: org.apache.ratis.thirdparty.io.grpc.StatusRuntimeException: UNAVAILABLE: io exception
2021-01-20 18:03:04,350 [grpc-default-executor-8] INFO  leader.FollowerInfo (FollowerInfoImpl.java:lambda$new$0(46)) - omNode-1@group-523986131536->omNode-2: nextIndex: updateUnconditionally 361 -> 45
2021-01-20 18:03:04,352 [grpc-default-executor-8] WARN  server.GrpcLogAppender (LogUtils.java:warn(122)) - omNode-1@group-523986131536->omNode-2-AppendLogResponseHandler: Failed appendEntries: org.apache.ratis.thirdparty.io.grpc.StatusRuntimeException: UNAVAILABLE: io exception
2021-01-20 18:03:04,352 [grpc-default-executor-8] INFO  leader.FollowerInfo (FollowerInfoImpl.java:lambda$new$0(46)) - omNode-1@group-523986131536->omNode-2: nextIndex: updateUnconditionally 362 -> 45
2021-01-20 18:03:04,357 [grpc-default-executor-7] WARN  server.GrpcLogAppender (LogUtils.java:warn(122)) - omNode-1@group-523986131536->omNode-2-AppendLogResponseHandler: Failed appendEntries: org.apache.ratis.thirdparty.io.grpc.StatusRuntimeException: UNAVAILABLE: io exception
2021-01-20 18:03:04,357 [grpc-default-executor-7] INFO  leader.FollowerInfo (FollowerInfoImpl.java:lambda$new$0(46)) - omNode-1@group-523986131536->omNode-2: nextIndex: updateUnconditionally 362 -> 45
2021-01-20 18:03:04,360 [grpc-default-executor-7] WARN  server.GrpcLogAppender (LogUtils.java:warn(122)) - omNode-1@group-523986131536->omNode-2-AppendLogResponseHandler: Failed appendEntries: org.apache.ratis.thirdparty.io.grpc.StatusRuntimeException: UNAVAILABLE: io exception
2021-01-20 18:03:04,361 [grpc-default-executor-7] INFO  leader.FollowerInfo (FollowerInfoImpl.java:lambda$new$0(46)) - omNode-1@group-523986131536->omNode-2: nextIndex: updateUnconditionally 363 -> 45
2021-01-20 18:03:04,363 [grpc-default-executor-8] WARN  server.GrpcLogAppender (LogUtils.java:warn(122)) - omNode-1@group-523986131536->omNode-2-AppendLogResponseHandler: Failed appendEntries: org.apache.ratis.thirdparty.io.grpc.StatusRuntimeException: UNAVAILABLE: io exception
2021-01-20 18:03:04,364 [grpc-default-executor-8] INFO  leader.FollowerInfo (FollowerInfoImpl.java:lambda$new$0(46)) - omNode-1@group-523986131536->omNode-2: nextIndex: updateUnconditionally 363 -> 45
2021-01-20 18:03:04,366 [grpc-default-executor-8] WARN  server.GrpcLogAppender (LogUtils.java:warn(122)) - omNode-1@group-523986131536->omNode-2-AppendLogResponseHandler: Failed appendEntries: org.apache.ratis.thirdparty.io.grpc.StatusRuntimeException: UNAVAILABLE: io exception
2021-01-20 18:03:04,367 [grpc-default-executor-8] INFO  leader.FollowerInfo (FollowerInfoImpl.java:lambda$new$0(46)) - omNode-1@group-523986131536->omNode-2: nextIndex: updateUnconditionally 364 -> 45
2021-01-20 18:03:04,369 [grpc-default-executor-8] WARN  server.GrpcLogAppender (LogUtils.java:warn(122)) - omNode-1@group-523986131536->omNode-2-AppendLogResponseHandler: Failed appendEntries: org.apache.ratis.thirdparty.io.grpc.StatusRuntimeException: UNAVAILABLE: io exception
2021-01-20 18:03:04,369 [grpc-default-executor-8] INFO  leader.FollowerInfo (FollowerInfoImpl.java:lambda$new$0(46)) - omNode-1@group-523986131536->omNode-2: nextIndex: updateUnconditionally 364 -> 45
2021-01-20 18:03:04,370 [grpc-default-executor-6] WARN  server.GrpcLogAppender (LogUtils.java:warn(122)) - omNode-1@group-523986131536->omNode-2-AppendLogResponseHandler: Failed appendEntries: org.apache.ratis.thirdparty.io.grpc.StatusRuntimeException: UNAVAILABLE: io exception
2021-01-20 18:03:04,370 [grpc-default-executor-6] INFO  leader.FollowerInfo (FollowerInfoImpl.java:lambda$new$0(46)) - omNode-1@group-523986131536->omNode-2: nextIndex: updateUnconditionally 365 -> 45
2021-01-20 18:03:04,373 [grpc-default-executor-6] WARN  server.GrpcLogAppender (LogUtils.java:warn(122)) - omNode-1@group-523986131536->omNode-2-AppendLogResponseHandler: Failed appendEntries: org.apache.ratis.thirdparty.io.grpc.StatusRuntimeException: UNAVAILABLE: io exception
2021-01-20 18:03:04,373 [grpc-default-executor-6] INFO  leader.FollowerInfo (FollowerInfoImpl.java:lambda$new$0(46)) - omNode-1@group-523986131536->omNode-2: nextIndex: updateUnconditionally 366 -> 45
2021-01-20 18:03:04,380 [grpc-default-executor-6] WARN  server.GrpcLogAppender (LogUtils.java:warn(122)) - omNode-1@group-523986131536->omNode-2-AppendLogResponseHandler: Failed appendEntries: org.apache.ratis.thirdparty.io.grpc.StatusRuntimeException: UNAVAILABLE: io exception
2021-01-20 18:03:04,380 [grpc-default-executor-6] INFO  leader.FollowerInfo (FollowerInfoImpl.java:lambda$new$0(46)) - omNode-1@group-523986131536->omNode-2: nextIndex: updateUnconditionally 366 -> 45
2021-01-20 18:03:04,382 [grpc-default-executor-6] WARN  server.GrpcLogAppender (LogUtils.java:warn(122)) - omNode-1@group-523986131536->omNode-2-AppendLogResponseHandler: Failed appendEntries: org.apache.ratis.thirdparty.io.grpc.StatusRuntimeException: UNAVAILABLE: io exception
2021-01-20 18:03:04,382 [grpc-default-executor-6] INFO  leader.FollowerInfo (FollowerInfoImpl.java:lambda$new$0(46)) - omNode-1@group-523986131536->omNode-2: nextIndex: updateUnconditionally 367 -> 45
2021-01-20 18:03:04,398 [grpc-default-executor-6] WARN  server.GrpcLogAppender (LogUtils.java:warn(122)) - omNode-1@group-523986131536->omNode-2-AppendLogResponseHandler: Failed appendEntries: org.apache.ratis.thirdparty.io.grpc.StatusRuntimeException: UNAVAILABLE: io exception
2021-01-20 18:03:04,398 [grpc-default-executor-6] INFO  leader.FollowerInfo (FollowerInfoImpl.java:lambda$new$0(46)) - omNode-1@group-523986131536->omNode-2: nextIndex: updateUnconditionally 367 -> 45
2021-01-20 18:03:04,399 [grpc-default-executor-6] WARN  server.GrpcLogAppender (LogUtils.java:warn(122)) - omNode-1@group-523986131536->omNode-2-AppendLogResponseHandler: Failed appendEntries: org.apache.ratis.thirdparty.io.grpc.StatusRuntimeException: UNAVAILABLE: io exception
2021-01-20 18:03:04,400 [grpc-default-executor-6] INFO  leader.FollowerInfo (FollowerInfoImpl.java:lambda$new$0(46)) - omNode-1@group-523986131536->omNode-2: nextIndex: updateUnconditionally 368 -> 45
2021-01-20 18:03:04,401 [grpc-default-executor-6] WARN  server.GrpcLogAppender (LogUtils.java:warn(122)) - omNode-1@group-523986131536->omNode-2-AppendLogResponseHandler: Failed appendEntries: org.apache.ratis.thirdparty.io.grpc.StatusRuntimeException: UNAVAILABLE: io exception
2021-01-20 18:03:04,402 [grpc-default-executor-6] INFO  leader.FollowerInfo (FollowerInfoImpl.java:lambda$new$0(46)) - omNode-1@group-523986131536->omNode-2: nextIndex: updateUnconditionally 368 -> 45
2021-01-20 18:03:04,402 [grpc-default-executor-7] WARN  server.GrpcLogAppender (LogUtils.java:warn(122)) - omNode-1@group-523986131536->omNode-2-AppendLogResponseHandler: Failed appendEntries: org.apache.ratis.thirdparty.io.grpc.StatusRuntimeException: UNAVAILABLE: io exception
2021-01-20 18:03:04,402 [grpc-default-executor-7] INFO  leader.FollowerInfo (FollowerInfoImpl.java:lambda$new$0(46)) - omNode-1@group-523986131536->omNode-2: nextIndex: updateUnconditionally 369 -> 45
2021-01-20 18:03:04,405 [grpc-default-executor-7] WARN  server.GrpcLogAppender (LogUtils.java:warn(122)) - omNode-1@group-523986131536->omNode-2-AppendLogResponseHandler: Failed appendEntries: org.apache.ratis.thirdparty.io.grpc.StatusRuntimeException: UNAVAILABLE: io exception
2021-01-20 18:03:04,405 [grpc-default-executor-7] INFO  leader.FollowerInfo (FollowerInfoImpl.java:lambda$new$0(46)) - omNode-1@group-523986131536->omNode-2: nextIndex: updateUnconditionally 370 -> 45
2021-01-20 18:03:04,406 [grpc-default-executor-6] WARN  server.GrpcLogAppender (LogUtils.java:warn(122)) - omNode-1@group-523986131536->omNode-2-AppendLogResponseHandler: Failed appendEntries: org.apache.ratis.thirdparty.io.grpc.StatusRuntimeException: UNAVAILABLE: io exception
2021-01-20 18:03:04,406 [grpc-default-executor-6] INFO  leader.FollowerInfo (FollowerInfoImpl.java:lambda$new$0(46)) - omNode-1@group-523986131536->omNode-2: nextIndex: updateUnconditionally 370 -> 45
2021-01-20 18:03:04,409 [grpc-default-executor-7] WARN  server.GrpcLogAppender (LogUtils.java:warn(122)) - omNode-1@group-523986131536->omNode-2-AppendLogResponseHandler: Failed appendEntries: org.apache.ratis.thirdparty.io.grpc.StatusRuntimeException: UNAVAILABLE: io exception
2021-01-20 18:03:04,409 [grpc-default-executor-7] INFO  leader.FollowerInfo (FollowerInfoImpl.java:lambda$new$0(46)) - omNode-1@group-523986131536->omNode-2: nextIndex: updateUnconditionally 371 -> 45
2021-01-20 18:03:04,412 [grpc-default-executor-6] WARN  server.GrpcLogAppender (LogUtils.java:warn(122)) - omNode-1@group-523986131536->omNode-2-AppendLogResponseHandler: Failed appendEntries: org.apache.ratis.thirdparty.io.grpc.StatusRuntimeException: UNAVAILABLE: io exception
2021-01-20 18:03:04,412 [grpc-default-executor-6] INFO  leader.FollowerInfo (FollowerInfoImpl.java:lambda$new$0(46)) - omNode-1@group-523986131536->omNode-2: nextIndex: updateUnconditionally 371 -> 45
2021-01-20 18:03:04,413 [grpc-default-executor-6] WARN  server.GrpcLogAppender (LogUtils.java:warn(122)) - omNode-1@group-523986131536->omNode-2-AppendLogResponseHandler: Failed appendEntries: org.apache.ratis.thirdparty.io.grpc.StatusRuntimeException: UNAVAILABLE: io exception
2021-01-20 18:03:04,413 [grpc-default-executor-6] INFO  leader.FollowerInfo (FollowerInfoImpl.java:lambda$new$0(46)) - omNode-1@group-523986131536->omNode-2: nextIndex: updateUnconditionally 371 -> 45
2021-01-20 18:03:04,414 [grpc-default-executor-6] WARN  server.GrpcLogAppender (LogUtils.java:warn(122)) - omNode-1@group-523986131536->omNode-2-AppendLogResponseHandler: Failed appendEntries: org.apache.ratis.thirdparty.io.grpc.StatusRuntimeException: UNAVAILABLE: io exception
2021-01-20 18:03:04,414 [grpc-default-executor-6] INFO  leader.FollowerInfo (FollowerInfoImpl.java:lambda$new$0(46)) - omNode-1@group-523986131536->omNode-2: nextIndex: updateUnconditionally 372 -> 45
2021-01-20 18:03:04,416 [grpc-default-executor-6] WARN  server.GrpcLogAppender (LogUtils.java:warn(122)) - omNode-1@group-523986131536->omNode-2-AppendLogResponseHandler: Failed appendEntries: org.apache.ratis.thirdparty.io.grpc.StatusRuntimeException: UNAVAILABLE: io exception
2021-01-20 18:03:04,416 [grpc-default-executor-6] INFO  leader.FollowerInfo (FollowerInfoImpl.java:lambda$new$0(46)) - omNode-1@group-523986131536->omNode-2: nextIndex: updateUnconditionally 372 -> 45
2021-01-20 18:03:04,417 [grpc-default-executor-8] WARN  server.GrpcLogAppender (LogUtils.java:warn(122)) - omNode-1@group-523986131536->omNode-2-AppendLogResponseHandler: Failed appendEntries: org.apache.ratis.thirdparty.io.grpc.StatusRuntimeException: UNAVAILABLE: io exception
2021-01-20 18:03:04,417 [grpc-default-executor-8] INFO  leader.FollowerInfo (FollowerInfoImpl.java:lambda$new$0(46)) - omNode-1@group-523986131536->omNode-2: nextIndex: updateUnconditionally 373 -> 45
2021-01-20 18:03:04,419 [grpc-default-executor-8] WARN  server.GrpcLogAppender (LogUtils.java:warn(122)) - omNode-1@group-523986131536->omNode-2-AppendLogResponseHandler: Failed appendEntries: org.apache.ratis.thirdparty.io.grpc.StatusRuntimeException: UNAVAILABLE: io exception
2021-01-20 18:03:04,420 [grpc-default-executor-8] INFO  leader.FollowerInfo (FollowerInfoImpl.java:lambda$new$0(46)) - omNode-1@group-523986131536->omNode-2: nextIndex: updateUnconditionally 373 -> 45
2021-01-20 18:03:04,421 [grpc-default-executor-8] WARN  server.GrpcLogAppender (LogUtils.java:warn(122)) - omNode-1@group-523986131536->omNode-2-AppendLogResponseHandler: Failed appendEntries: org.apache.ratis.thirdparty.io.grpc.StatusRuntimeException: UNAVAILABLE: io exception
2021-01-20 18:03:04,421 [grpc-default-executor-8] INFO  leader.FollowerInfo (FollowerInfoImpl.java:lambda$new$0(46)) - omNode-1@group-523986131536->omNode-2: nextIndex: updateUnconditionally 374 -> 45
2021-01-20 18:03:04,423 [grpc-default-executor-6] WARN  server.GrpcLogAppender (LogUtils.java:warn(122)) - omNode-1@group-523986131536->omNode-2-AppendLogResponseHandler: Failed appendEntries: org.apache.ratis.thirdparty.io.grpc.StatusRuntimeException: UNAVAILABLE: io exception
2021-01-20 18:03:04,423 [grpc-default-executor-6] INFO  leader.FollowerInfo (FollowerInfoImpl.java:lambda$new$0(46)) - omNode-1@group-523986131536->omNode-2: nextIndex: updateUnconditionally 374 -> 45
2021-01-20 18:03:04,426 [grpc-default-executor-6] WARN  server.GrpcLogAppender (LogUtils.java:warn(122)) - omNode-1@group-523986131536->omNode-2-AppendLogResponseHandler: Failed appendEntries: org.apache.ratis.thirdparty.io.grpc.StatusRuntimeException: UNAVAILABLE: io exception
2021-01-20 18:03:04,426 [grpc-default-executor-6] INFO  leader.FollowerInfo (FollowerInfoImpl.java:lambda$new$0(46)) - omNode-1@group-523986131536->omNode-2: nextIndex: updateUnconditionally 375 -> 45
2021-01-20 18:03:04,943 [grpc-default-executor-8] WARN  server.GrpcLogAppender (LogUtils.java:warn(122)) - omNode-1@group-523986131536->omNode-2-AppendLogResponseHandler: Failed appendEntries: org.apache.ratis.thirdparty.io.grpc.StatusRuntimeException: UNAVAILABLE: io exception
2021-01-20 18:03:04,952 [EventQueue-Delayed safe mode statusForReplicationManager] INFO  container.ReplicationManager (ReplicationManager.java:start(186)) - Starting Replication Monitor Thread.
2021-01-20 18:03:04,952 [Thread-4893] WARN  impl.FollowerState (FollowerState.java:run(119)) - Unexpected long sleep: sleep 1180ms but took extra 427487050ns (> threshold = 300ms)
2021-01-20 18:03:04,955 [org.apache.ratis.util.JvmPauseMonitor$$Lambda$305/2072734511@406d7719] WARN  util.JvmPauseMonitor (JvmPauseMonitor.java:detectPause(124)) - JvmPauseMonitor-omNode-1: Detected pause in JVM or host machine (eg GC): pause of approximately 351181628ns

GC pool 'PS MarkSweep' had collection(s): count=1 time=389ms
GC pool 'PS Scavenge' had collection(s): count=1 time=124ms
2021-01-20 18:03:04,955 [org.apache.ratis.util.JvmPauseMonitor$$Lambda$305/2072734511@270c961c] WARN  util.JvmPauseMonitor (JvmPauseMonitor.java:detectPause(124)) - JvmPauseMonitor-564d795e-2911-4ce0-b6aa-bf548929a9a6: Detected pause in JVM or host machine (eg GC): pause of approximately 350311839ns

GC pool 'PS MarkSweep' had collection(s): count=1 time=389ms
GC pool 'PS Scavenge' had collection(s): count=1 time=124ms
2021-01-20 18:03:04,956 [grpc-default-executor-8] INFO  leader.FollowerInfo (FollowerInfoImpl.java:lambda$new$0(46)) - omNode-1@group-523986131536->omNode-2: nextIndex: updateUnconditionally 376 -> 45
2021-01-20 18:03:04,956 [org.apache.ratis.util.JvmPauseMonitor$$Lambda$305/2072734511@35bbfa88] WARN  util.JvmPauseMonitor (JvmPauseMonitor.java:detectPause(124)) - JvmPauseMonitor-1987e6aa-0f3f-4058-93c6-f087debdef03: Detected pause in JVM or host machine (eg GC): pause of approximately 248296972ns

GC pool 'PS MarkSweep' had collection(s): count=1 time=389ms
GC pool 'PS Scavenge' had collection(s): count=1 time=124ms
2021-01-20 18:03:04,963 [ReplicationMonitor] INFO  container.ReplicationManager (ReplicationManager.java:run(250)) - Replication Monitor Thread took 0 milliseconds for processing 2 containers.
2021-01-20 18:03:04,979 [grpc-default-executor-7] WARN  server.GrpcLogAppender (LogUtils.java:warn(122)) - omNode-1@group-523986131536->omNode-2-AppendLogResponseHandler: Failed appendEntries: org.apache.ratis.thirdparty.io.grpc.StatusRuntimeException: UNAVAILABLE: io exception
2021-01-20 18:03:04,979 [grpc-default-executor-7] INFO  leader.FollowerInfo (FollowerInfoImpl.java:lambda$new$0(46)) - omNode-1@group-523986131536->omNode-2: nextIndex: updateUnconditionally 376 -> 45
2021-01-20 18:03:04,984 [grpc-default-executor-7] WARN  server.GrpcLogAppender (LogUtils.java:warn(122)) - omNode-1@group-523986131536->omNode-2-AppendLogResponseHandler: Failed appendEntries: org.apache.ratis.thirdparty.io.grpc.StatusRuntimeException: UNAVAILABLE: io exception
2021-01-20 18:03:04,984 [grpc-default-executor-7] INFO  leader.FollowerInfo (FollowerInfoImpl.java:lambda$new$0(46)) - omNode-1@group-523986131536->omNode-2: nextIndex: updateUnconditionally 377 -> 45
2021-01-20 18:03:04,985 [grpc-default-executor-7] WARN  server.GrpcLogAppender (LogUtils.java:warn(122)) - omNode-1@group-523986131536->omNode-2-AppendLogResponseHandler: Failed appendEntries: org.apache.ratis.thirdparty.io.grpc.StatusRuntimeException: UNAVAILABLE: io exception
2021-01-20 18:03:04,986 [grpc-default-executor-7] INFO  leader.FollowerInfo (FollowerInfoImpl.java:lambda$new$0(46)) - omNode-1@group-523986131536->omNode-2: nextIndex: updateUnconditionally 378 -> 45
2021-01-20 18:03:04,990 [grpc-default-executor-7] WARN  server.GrpcLogAppender (LogUtils.java:warn(122)) - omNode-1@group-523986131536->omNode-2-AppendLogResponseHandler: Failed appendEntries: org.apache.ratis.thirdparty.io.grpc.StatusRuntimeException: UNAVAILABLE: io exception
2021-01-20 18:03:04,990 [grpc-default-executor-7] INFO  leader.FollowerInfo (FollowerInfoImpl.java:lambda$new$0(46)) - omNode-1@group-523986131536->omNode-2: nextIndex: updateUnconditionally 378 -> 45
2021-01-20 18:03:04,991 [grpc-default-executor-8] WARN  server.GrpcLogAppender (LogUtils.java:warn(122)) - omNode-1@group-523986131536->omNode-2-AppendLogResponseHandler: Failed appendEntries: org.apache.ratis.thirdparty.io.grpc.StatusRuntimeException: UNAVAILABLE: io exception
2021-01-20 18:03:04,991 [grpc-default-executor-8] INFO  leader.FollowerInfo (FollowerInfoImpl.java:lambda$new$0(46)) - omNode-1@group-523986131536->omNode-2: nextIndex: updateUnconditionally 378 -> 45
2021-01-20 18:03:04,993 [grpc-default-executor-8] WARN  server.GrpcLogAppender (LogUtils.java:warn(122)) - omNode-1@group-523986131536->omNode-2-AppendLogResponseHandler: Failed appendEntries: org.apache.ratis.thirdparty.io.grpc.StatusRuntimeException: UNAVAILABLE: io exception
2021-01-20 18:03:04,993 [grpc-default-executor-8] INFO  leader.FollowerInfo (FollowerInfoImpl.java:lambda$new$0(46)) - omNode-1@group-523986131536->omNode-2: nextIndex: updateUnconditionally 379 -> 45
2021-01-20 18:03:05,006 [grpc-default-executor-7] WARN  server.GrpcLogAppender (LogUtils.java:warn(122)) - omNode-1@group-523986131536->omNode-2-AppendLogResponseHandler: Failed appendEntries: org.apache.ratis.thirdparty.io.grpc.StatusRuntimeException: UNAVAILABLE: io exception
2021-01-20 18:03:05,006 [grpc-default-executor-7] INFO  leader.FollowerInfo (FollowerInfoImpl.java:lambda$new$0(46)) - omNode-1@group-523986131536->omNode-2: nextIndex: updateUnconditionally 379 -> 45
2021-01-20 18:03:05,008 [grpc-default-executor-7] WARN  server.GrpcLogAppender (LogUtils.java:warn(122)) - omNode-1@group-523986131536->omNode-2-AppendLogResponseHandler: Failed appendEntries: org.apache.ratis.thirdparty.io.grpc.StatusRuntimeException: UNAVAILABLE: io exception
2021-01-20 18:03:05,008 [grpc-default-executor-7] INFO  leader.FollowerInfo (FollowerInfoImpl.java:lambda$new$0(46)) - omNode-1@group-523986131536->omNode-2: nextIndex: updateUnconditionally 379 -> 45
2021-01-20 18:03:05,011 [grpc-default-executor-7] WARN  server.GrpcLogAppender (LogUtils.java:warn(122)) - omNode-1@group-523986131536->omNode-2-AppendLogResponseHandler: Failed appendEntries: org.apache.ratis.thirdparty.io.grpc.StatusRuntimeException: UNAVAILABLE: io exception
2021-01-20 18:03:05,011 [grpc-default-executor-7] INFO  leader.FollowerInfo (FollowerInfoImpl.java:lambda$new$0(46)) - omNode-1@group-523986131536->omNode-2: nextIndex: updateUnconditionally 381 -> 45
2021-01-20 18:03:05,014 [grpc-default-executor-7] WARN  server.GrpcLogAppender (LogUtils.java:warn(122)) - omNode-1@group-523986131536->omNode-2-AppendLogResponseHandler: Failed appendEntries: org.apache.ratis.thirdparty.io.grpc.StatusRuntimeException: UNAVAILABLE: io exception
2021-01-20 18:03:05,014 [grpc-default-executor-7] INFO  leader.FollowerInfo (FollowerInfoImpl.java:lambda$new$0(46)) - omNode-1@group-523986131536->omNode-2: nextIndex: updateUnconditionally 382 -> 45
2021-01-20 18:03:05,016 [grpc-default-executor-7] WARN  server.GrpcLogAppender (LogUtils.java:warn(122)) - omNode-1@group-523986131536->omNode-2-AppendLogResponseHandler: Failed appendEntries: org.apache.ratis.thirdparty.io.grpc.StatusRuntimeException: UNAVAILABLE: io exception
2021-01-20 18:03:05,016 [grpc-default-executor-7] INFO  leader.FollowerInfo (FollowerInfoImpl.java:lambda$new$0(46)) - omNode-1@group-523986131536->omNode-2: nextIndex: updateUnconditionally 382 -> 45
2021-01-20 18:03:05,017 [grpc-default-executor-7] WARN  server.GrpcLogAppender (LogUtils.java:warn(122)) - omNode-1@group-523986131536->omNode-2-AppendLogResponseHandler: Failed appendEntries: org.apache.ratis.thirdparty.io.grpc.StatusRuntimeException: UNAVAILABLE: io exception
2021-01-20 18:03:05,017 [grpc-default-executor-7] INFO  leader.FollowerInfo (FollowerInfoImpl.java:lambda$new$0(46)) - omNode-1@group-523986131536->omNode-2: nextIndex: updateUnconditionally 382 -> 45
2021-01-20 18:03:05,021 [grpc-default-executor-8] WARN  server.GrpcLogAppender (LogUtils.java:warn(122)) - omNode-1@group-523986131536->omNode-2-AppendLogResponseHandler: Failed appendEntries: org.apache.ratis.thirdparty.io.grpc.StatusRuntimeException: UNAVAILABLE: io exception
2021-01-20 18:03:05,021 [grpc-default-executor-8] INFO  leader.FollowerInfo (FollowerInfoImpl.java:lambda$new$0(46)) - omNode-1@group-523986131536->omNode-2: nextIndex: updateUnconditionally 383 -> 45
2021-01-20 18:03:05,023 [grpc-default-executor-8] WARN  server.GrpcLogAppender (LogUtils.java:warn(122)) - omNode-1@group-523986131536->omNode-2-AppendLogResponseHandler: Failed appendEntries: org.apache.ratis.thirdparty.io.grpc.StatusRuntimeException: UNAVAILABLE: io exception
2021-01-20 18:03:05,024 [grpc-default-executor-8] INFO  leader.FollowerInfo (FollowerInfoImpl.java:lambda$new$0(46)) - omNode-1@group-523986131536->omNode-2: nextIndex: updateUnconditionally 383 -> 45
2021-01-20 18:03:05,027 [grpc-default-executor-8] WARN  server.GrpcLogAppender (LogUtils.java:warn(122)) - omNode-1@group-523986131536->omNode-2-AppendLogResponseHandler: Failed appendEntries: org.apache.ratis.thirdparty.io.grpc.StatusRuntimeException: UNAVAILABLE: io exception
2021-01-20 18:03:05,027 [grpc-default-executor-8] INFO  leader.FollowerInfo (FollowerInfoImpl.java:lambda$new$0(46)) - omNode-1@group-523986131536->omNode-2: nextIndex: updateUnconditionally 384 -> 45
2021-01-20 18:03:05,033 [grpc-default-executor-8] WARN  server.GrpcLogAppender (LogUtils.java:warn(122)) - omNode-1@group-523986131536->omNode-2-AppendLogResponseHandler: Failed appendEntries: org.apache.ratis.thirdparty.io.grpc.StatusRuntimeException: UNAVAILABLE: io exception
2021-01-20 18:03:05,034 [grpc-default-executor-8] INFO  leader.FollowerInfo (FollowerInfoImpl.java:lambda$new$0(46)) - omNode-1@group-523986131536->omNode-2: nextIndex: updateUnconditionally 385 -> 45
2021-01-20 18:03:05,036 [grpc-default-executor-8] WARN  server.GrpcLogAppender (LogUtils.java:warn(122)) - omNode-1@group-523986131536->omNode-2-AppendLogResponseHandler: Failed appendEntries: org.apache.ratis.thirdparty.io.grpc.StatusRuntimeException: UNAVAILABLE: io exception
2021-01-20 18:03:05,036 [grpc-default-executor-8] INFO  leader.FollowerInfo (FollowerInfoImpl.java:lambda$new$0(46)) - omNode-1@group-523986131536->omNode-2: nextIndex: updateUnconditionally 386 -> 45
2021-01-20 18:03:05,038 [grpc-default-executor-7] WARN  server.GrpcLogAppender (LogUtils.java:warn(122)) - omNode-1@group-523986131536->omNode-2-AppendLogResponseHandler: Failed appendEntries: org.apache.ratis.thirdparty.io.grpc.StatusRuntimeException: UNAVAILABLE: io exception
2021-01-20 18:03:05,039 [grpc-default-executor-7] INFO  leader.FollowerInfo (FollowerInfoImpl.java:lambda$new$0(46)) - omNode-1@group-523986131536->omNode-2: nextIndex: updateUnconditionally 387 -> 45
2021-01-20 18:03:05,045 [grpc-default-executor-7] WARN  server.GrpcLogAppender (LogUtils.java:warn(122)) - omNode-1@group-523986131536->omNode-2-AppendLogResponseHandler: Failed appendEntries: org.apache.ratis.thirdparty.io.grpc.StatusRuntimeException: UNAVAILABLE: io exception
2021-01-20 18:03:05,045 [grpc-default-executor-7] INFO  leader.FollowerInfo (FollowerInfoImpl.java:lambda$new$0(46)) - omNode-1@group-523986131536->omNode-2: nextIndex: updateUnconditionally 387 -> 45
2021-01-20 18:03:05,046 [grpc-default-executor-7] WARN  server.GrpcLogAppender (LogUtils.java:warn(122)) - omNode-1@group-523986131536->omNode-2-AppendLogResponseHandler: Failed appendEntries: org.apache.ratis.thirdparty.io.grpc.StatusRuntimeException: UNAVAILABLE: io exception
2021-01-20 18:03:05,046 [grpc-default-executor-7] INFO  leader.FollowerInfo (FollowerInfoImpl.java:lambda$new$0(46)) - omNode-1@group-523986131536->omNode-2: nextIndex: updateUnconditionally 387 -> 45
2021-01-20 18:03:05,049 [grpc-default-executor-8] WARN  server.GrpcLogAppender (LogUtils.java:warn(122)) - omNode-1@group-523986131536->omNode-2-AppendLogResponseHandler: Failed appendEntries: org.apache.ratis.thirdparty.io.grpc.StatusRuntimeException: UNAVAILABLE: io exception
2021-01-20 18:03:05,050 [grpc-default-executor-8] INFO  leader.FollowerInfo (FollowerInfoImpl.java:lambda$new$0(46)) - omNode-1@group-523986131536->omNode-2: nextIndex: updateUnconditionally 388 -> 45
2021-01-20 18:03:05,052 [grpc-default-executor-8] WARN  server.GrpcLogAppender (LogUtils.java:warn(122)) - omNode-1@group-523986131536->omNode-2-AppendLogResponseHandler: Failed appendEntries: org.apache.ratis.thirdparty.io.grpc.StatusRuntimeException: UNAVAILABLE: io exception
2021-01-20 18:03:05,052 [grpc-default-executor-8] INFO  leader.FollowerInfo (FollowerInfoImpl.java:lambda$new$0(46)) - omNode-1@group-523986131536->omNode-2: nextIndex: updateUnconditionally 388 -> 45
2021-01-20 18:03:05,054 [grpc-default-executor-8] WARN  server.GrpcLogAppender (LogUtils.java:warn(122)) - omNode-1@group-523986131536->omNode-2-AppendLogResponseHandler: Failed appendEntries: org.apache.ratis.thirdparty.io.grpc.StatusRuntimeException: UNAVAILABLE: io exception
2021-01-20 18:03:05,054 [grpc-default-executor-8] INFO  leader.FollowerInfo (FollowerInfoImpl.java:lambda$new$0(46)) - omNode-1@group-523986131536->omNode-2: nextIndex: updateUnconditionally 389 -> 45
2021-01-20 18:03:05,056 [grpc-default-executor-8] WARN  server.GrpcLogAppender (LogUtils.java:warn(122)) - omNode-1@group-523986131536->omNode-2-AppendLogResponseHandler: Failed appendEntries: org.apache.ratis.thirdparty.io.grpc.StatusRuntimeException: UNAVAILABLE: io exception
2021-01-20 18:03:05,056 [grpc-default-executor-8] INFO  leader.FollowerInfo (FollowerInfoImpl.java:lambda$new$0(46)) - omNode-1@group-523986131536->omNode-2: nextIndex: updateUnconditionally 390 -> 45
2021-01-20 18:03:05,057 [grpc-default-executor-8] WARN  server.GrpcLogAppender (LogUtils.java:warn(122)) - omNode-1@group-523986131536->omNode-2-AppendLogResponseHandler: Failed appendEntries: org.apache.ratis.thirdparty.io.grpc.StatusRuntimeException: UNAVAILABLE: io exception
2021-01-20 18:03:05,057 [grpc-default-executor-8] INFO  leader.FollowerInfo (FollowerInfoImpl.java:lambda$new$0(46)) - omNode-1@group-523986131536->omNode-2: nextIndex: updateUnconditionally 390 -> 45
2021-01-20 18:03:05,059 [grpc-default-executor-8] WARN  server.GrpcLogAppender (LogUtils.java:warn(122)) - omNode-1@group-523986131536->omNode-2-AppendLogResponseHandler: Failed appendEntries: org.apache.ratis.thirdparty.io.grpc.StatusRuntimeException: UNAVAILABLE: io exception
2021-01-20 18:03:05,059 [grpc-default-executor-8] INFO  leader.FollowerInfo (FollowerInfoImpl.java:lambda$new$0(46)) - omNode-1@group-523986131536->omNode-2: nextIndex: updateUnconditionally 391 -> 45
2021-01-20 18:03:05,062 [grpc-nio-worker-ELG-3-1] WARN  nio.NioEventLoop (NioEventLoop.java:unexpectedSelectorWakeup(554)) - Selector.select() returned prematurely 512 times in a row; rebuilding Selector org.apache.ratis.thirdparty.io.netty.channel.nio.SelectedSelectionKeySetSelector@24484979.
2021-01-20 18:03:05,062 [grpc-nio-worker-ELG-3-1] INFO  nio.NioEventLoop (NioEventLoop.java:rebuildSelector0(430)) - Migrated 7 channel(s) to the new Selector.
2021-01-20 18:03:05,065 [grpc-default-executor-8] WARN  server.GrpcLogAppender (LogUtils.java:warn(122)) - omNode-1@group-523986131536->omNode-2-AppendLogResponseHandler: Failed appendEntries: org.apache.ratis.thirdparty.io.grpc.StatusRuntimeException: UNAVAILABLE: io exception
2021-01-20 18:03:05,065 [grpc-default-executor-8] INFO  leader.FollowerInfo (FollowerInfoImpl.java:lambda$new$0(46)) - omNode-1@group-523986131536->omNode-2: nextIndex: updateUnconditionally 391 -> 45
2021-01-20 18:03:05,066 [grpc-default-executor-8] WARN  server.GrpcLogAppender (LogUtils.java:warn(122)) - omNode-1@group-523986131536->omNode-2-AppendLogResponseHandler: Failed appendEntries: org.apache.ratis.thirdparty.io.grpc.StatusRuntimeException: UNAVAILABLE: io exception
2021-01-20 18:03:05,066 [grpc-default-executor-8] INFO  leader.FollowerInfo (FollowerInfoImpl.java:lambda$new$0(46)) - omNode-1@group-523986131536->omNode-2: nextIndex: updateUnconditionally 391 -> 45
2021-01-20 18:03:05,073 [grpc-default-executor-3] WARN  server.GrpcLogAppender (LogUtils.java:warn(122)) - omNode-1@group-523986131536->omNode-2-AppendLogResponseHandler: Failed appendEntries: org.apache.ratis.thirdparty.io.grpc.StatusRuntimeException: UNAVAILABLE: io exception
2021-01-20 18:03:05,073 [grpc-default-executor-3] INFO  leader.FollowerInfo (FollowerInfoImpl.java:lambda$new$0(46)) - omNode-1@group-523986131536->omNode-2: nextIndex: updateUnconditionally 392 -> 45
2021-01-20 18:03:05,079 [grpc-default-executor-3] WARN  server.GrpcLogAppender (LogUtils.java:warn(122)) - omNode-1@group-523986131536->omNode-2-AppendLogResponseHandler: Failed appendEntries: org.apache.ratis.thirdparty.io.grpc.StatusRuntimeException: UNAVAILABLE: io exception
2021-01-20 18:03:05,079 [grpc-default-executor-3] INFO  leader.FollowerInfo (FollowerInfoImpl.java:lambda$new$0(46)) - omNode-1@group-523986131536->omNode-2: nextIndex: updateUnconditionally 392 -> 45
2021-01-20 18:03:05,081 [grpc-default-executor-8] WARN  server.GrpcLogAppender (LogUtils.java:warn(122)) - omNode-1@group-523986131536->omNode-2-AppendLogResponseHandler: Failed appendEntries: org.apache.ratis.thirdparty.io.grpc.StatusRuntimeException: UNAVAILABLE: io exception
2021-01-20 18:03:05,081 [grpc-default-executor-8] INFO  leader.FollowerInfo (FollowerInfoImpl.java:lambda$new$0(46)) - omNode-1@group-523986131536->omNode-2: nextIndex: updateUnconditionally 393 -> 45
2021-01-20 18:03:05,083 [grpc-default-executor-3] WARN  server.GrpcLogAppender (LogUtils.java:warn(122)) - omNode-1@group-523986131536->omNode-2-AppendLogResponseHandler: Failed appendEntries: org.apache.ratis.thirdparty.io.grpc.StatusRuntimeException: UNAVAILABLE: io exception
2021-01-20 18:03:05,083 [grpc-default-executor-3] INFO  leader.FollowerInfo (FollowerInfoImpl.java:lambda$new$0(46)) - omNode-1@group-523986131536->omNode-2: nextIndex: updateUnconditionally 394 -> 45
2021-01-20 18:03:05,084 [grpc-default-executor-3] WARN  server.GrpcLogAppender (LogUtils.java:warn(122)) - omNode-1@group-523986131536->omNode-2-AppendLogResponseHandler: Failed appendEntries: org.apache.ratis.thirdparty.io.grpc.StatusRuntimeException: UNAVAILABLE: io exception
2021-01-20 18:03:05,084 [grpc-default-executor-3] INFO  leader.FollowerInfo (FollowerInfoImpl.java:lambda$new$0(46)) - omNode-1@group-523986131536->omNode-2: nextIndex: updateUnconditionally 394 -> 45
2021-01-20 18:03:05,086 [grpc-default-executor-3] WARN  server.GrpcLogAppender (LogUtils.java:warn(122)) - omNode-1@group-523986131536->omNode-2-AppendLogResponseHandler: Failed appendEntries: org.apache.ratis.thirdparty.io.grpc.StatusRuntimeException: UNAVAILABLE: io exception
2021-01-20 18:03:05,087 [grpc-default-executor-3] INFO  leader.FollowerInfo (FollowerInfoImpl.java:lambda$new$0(46)) - omNode-1@group-523986131536->omNode-2: nextIndex: updateUnconditionally 395 -> 45
2021-01-20 18:03:05,090 [grpc-default-executor-3] WARN  server.GrpcLogAppender (LogUtils.java:warn(122)) - omNode-1@group-523986131536->omNode-2-AppendLogResponseHandler: Failed appendEntries: org.apache.ratis.thirdparty.io.grpc.StatusRuntimeException: UNAVAILABLE: io exception
2021-01-20 18:03:05,090 [grpc-default-executor-3] INFO  leader.FollowerInfo (FollowerInfoImpl.java:lambda$new$0(46)) - omNode-1@group-523986131536->omNode-2: nextIndex: updateUnconditionally 395 -> 45
2021-01-20 18:03:05,091 [grpc-default-executor-3] WARN  server.GrpcLogAppender (LogUtils.java:warn(122)) - omNode-1@group-523986131536->omNode-2-AppendLogResponseHandler: Failed appendEntries: org.apache.ratis.thirdparty.io.grpc.StatusRuntimeException: UNAVAILABLE: io exception
2021-01-20 18:03:05,091 [grpc-default-executor-3] INFO  leader.FollowerInfo (FollowerInfoImpl.java:lambda$new$0(46)) - omNode-1@group-523986131536->omNode-2: nextIndex: updateUnconditionally 395 -> 45
2021-01-20 18:03:05,095 [grpc-default-executor-8] WARN  server.GrpcLogAppender (LogUtils.java:warn(122)) - omNode-1@group-523986131536->omNode-2-AppendLogResponseHandler: Failed appendEntries: org.apache.ratis.thirdparty.io.grpc.StatusRuntimeException: UNAVAILABLE: io exception
2021-01-20 18:03:05,095 [grpc-default-executor-8] INFO  leader.FollowerInfo (FollowerInfoImpl.java:lambda$new$0(46)) - omNode-1@group-523986131536->omNode-2: nextIndex: updateUnconditionally 396 -> 45
2021-01-20 18:03:05,098 [grpc-default-executor-8] WARN  server.GrpcLogAppender (LogUtils.java:warn(122)) - omNode-1@group-523986131536->omNode-2-AppendLogResponseHandler: Failed appendEntries: org.apache.ratis.thirdparty.io.grpc.StatusRuntimeException: UNAVAILABLE: io exception
2021-01-20 18:03:05,098 [grpc-default-executor-8] INFO  leader.FollowerInfo (FollowerInfoImpl.java:lambda$new$0(46)) - omNode-1@group-523986131536->omNode-2: nextIndex: updateUnconditionally 396 -> 45
2021-01-20 18:03:05,100 [grpc-default-executor-8] WARN  server.GrpcLogAppender (LogUtils.java:warn(122)) - omNode-1@group-523986131536->omNode-2-AppendLogResponseHandler: Failed appendEntries: org.apache.ratis.thirdparty.io.grpc.StatusRuntimeException: UNAVAILABLE: io exception
2021-01-20 18:03:05,100 [grpc-default-executor-8] INFO  leader.FollowerInfo (FollowerInfoImpl.java:lambda$new$0(46)) - omNode-1@group-523986131536->omNode-2: nextIndex: updateUnconditionally 397 -> 45
2021-01-20 18:03:05,101 [grpc-default-executor-8] WARN  server.GrpcLogAppender (LogUtils.java:warn(122)) - omNode-1@group-523986131536->omNode-2-AppendLogResponseHandler: Failed appendEntries: org.apache.ratis.thirdparty.io.grpc.StatusRuntimeException: UNAVAILABLE: io exception
2021-01-20 18:03:05,101 [grpc-default-executor-8] INFO  leader.FollowerInfo (FollowerInfoImpl.java:lambda$new$0(46)) - omNode-1@group-523986131536->omNode-2: nextIndex: updateUnconditionally 398 -> 45
2021-01-20 18:03:05,103 [grpc-default-executor-8] WARN  server.GrpcLogAppender (LogUtils.java:warn(122)) - omNode-1@group-523986131536->omNode-2-AppendLogResponseHandler: Failed appendEntries: org.apache.ratis.thirdparty.io.grpc.StatusRuntimeException: UNAVAILABLE: io exception
2021-01-20 18:03:05,103 [grpc-default-executor-8] INFO  leader.FollowerInfo (FollowerInfoImpl.java:lambda$new$0(46)) - omNode-1@group-523986131536->omNode-2: nextIndex: updateUnconditionally 398 -> 45
2021-01-20 18:03:05,106 [grpc-default-executor-8] WARN  server.GrpcLogAppender (LogUtils.java:warn(122)) - omNode-1@group-523986131536->omNode-2-AppendLogResponseHandler: Failed appendEntries: org.apache.ratis.thirdparty.io.grpc.StatusRuntimeException: UNAVAILABLE: io exception
2021-01-20 18:03:05,106 [grpc-default-executor-8] INFO  leader.FollowerInfo (FollowerInfoImpl.java:lambda$new$0(46)) - omNode-1@group-523986131536->omNode-2: nextIndex: updateUnconditionally 399 -> 45
2021-01-20 18:03:05,111 [grpc-default-executor-8] WARN  server.GrpcLogAppender (LogUtils.java:warn(122)) - omNode-1@group-523986131536->omNode-2-AppendLogResponseHandler: Failed appendEntries: org.apache.ratis.thirdparty.io.grpc.StatusRuntimeException: UNAVAILABLE: io exception
2021-01-20 18:03:05,112 [grpc-default-executor-8] INFO  leader.FollowerInfo (FollowerInfoImpl.java:lambda$new$0(46)) - omNode-1@group-523986131536->omNode-2: nextIndex: updateUnconditionally 400 -> 45
2021-01-20 18:03:05,112 [omNode-1@group-523986131536-StateMachineUpdater] INFO  ratis.OzoneManagerStateMachine (OzoneManagerStateMachine.java:takeSnapshot(345)) - Current Snapshot Index (t:1, i:398)
2021-01-20 18:03:05,112 [omNode-1@group-523986131536-StateMachineUpdater] INFO  impl.StateMachineUpdater (StateMachineUpdater.java:takeSnapshot(279)) - omNode-1@group-523986131536-StateMachineUpdater: Took a snapshot at index 398
2021-01-20 18:03:05,112 [omNode-1@group-523986131536-StateMachineUpdater] INFO  impl.StateMachineUpdater (StateMachineUpdater.java:lambda$new$0(88)) - omNode-1@group-523986131536-StateMachineUpdater: snapshotIndex: updateIncreasingly 348 -> 398
2021-01-20 18:03:05,112 [omNode-1@group-523986131536-StateMachineUpdater] INFO  raftlog.RaftLog (RaftLogBase.java:purge(306)) - omNode-1@group-523986131536-SegmentedRaftLog: purge 398
2021-01-20 18:03:05,112 [omNode-1@group-523986131536-StateMachineUpdater] INFO  raftlog.RaftLog (RaftLogBase.java:lambda$new$0(53)) - omNode-1@group-523986131536-SegmentedRaftLog: snapshotIndex: updateIncreasingly 348 -> 398
2021-01-20 18:03:05,112 [omNode-1@group-523986131536-StateMachineUpdater] INFO  raftlog.RaftLog (RaftLogBase.java:lambda$new$0(53)) - omNode-1@group-523986131536-SegmentedRaftLog: purgeIndex: updateToMax old=348, new=398, updated? true
2021-01-20 18:03:05,113 [grpc-default-executor-3] WARN  server.GrpcLogAppender (LogUtils.java:warn(122)) - omNode-1@group-523986131536->omNode-2-AppendLogResponseHandler: Failed appendEntries: org.apache.ratis.thirdparty.io.grpc.StatusRuntimeException: UNAVAILABLE: io exception
2021-01-20 18:03:05,113 [grpc-default-executor-3] INFO  leader.FollowerInfo (FollowerInfoImpl.java:lambda$new$0(46)) - omNode-1@group-523986131536->omNode-2: nextIndex: updateUnconditionally 400 -> 45
2021-01-20 18:03:05,115 [grpc-default-executor-3] WARN  server.GrpcLogAppender (LogUtils.java:warn(122)) - omNode-1@group-523986131536->omNode-2-AppendLogResponseHandler: Failed appendEntries: org.apache.ratis.thirdparty.io.grpc.StatusRuntimeException: UNAVAILABLE: io exception
2021-01-20 18:03:05,116 [grpc-default-executor-3] INFO  leader.FollowerInfo (FollowerInfoImpl.java:lambda$new$0(46)) - omNode-1@group-523986131536->omNode-2: nextIndex: updateUnconditionally 401 -> 45
2021-01-20 18:03:05,119 [grpc-default-executor-3] WARN  server.GrpcLogAppender (LogUtils.java:warn(122)) - omNode-1@group-523986131536->omNode-2-AppendLogResponseHandler: Failed appendEntries: org.apache.ratis.thirdparty.io.grpc.StatusRuntimeException: UNAVAILABLE: io exception
2021-01-20 18:03:05,120 [grpc-default-executor-3] INFO  leader.FollowerInfo (FollowerInfoImpl.java:lambda$new$0(46)) - omNode-1@group-523986131536->omNode-2: nextIndex: updateUnconditionally 402 -> 45
2021-01-20 18:03:05,121 [omNode-3@group-523986131536-StateMachineUpdater] INFO  ratis.OzoneManagerStateMachine (OzoneManagerStateMachine.java:takeSnapshot(345)) - Current Snapshot Index (t:1, i:398)
2021-01-20 18:03:05,121 [omNode-3@group-523986131536-StateMachineUpdater] INFO  impl.StateMachineUpdater (StateMachineUpdater.java:takeSnapshot(279)) - omNode-3@group-523986131536-StateMachineUpdater: Took a snapshot at index 398
2021-01-20 18:03:05,121 [omNode-3@group-523986131536-StateMachineUpdater] INFO  impl.StateMachineUpdater (StateMachineUpdater.java:lambda$new$0(88)) - omNode-3@group-523986131536-StateMachineUpdater: snapshotIndex: updateIncreasingly 349 -> 398
2021-01-20 18:03:05,121 [grpc-default-executor-3] WARN  server.GrpcLogAppender (LogUtils.java:warn(122)) - omNode-1@group-523986131536->omNode-2-AppendLogResponseHandler: Failed appendEntries: org.apache.ratis.thirdparty.io.grpc.StatusRuntimeException: UNAVAILABLE: io exception
2021-01-20 18:03:05,121 [grpc-default-executor-3] INFO  leader.FollowerInfo (FollowerInfoImpl.java:lambda$new$0(46)) - omNode-1@group-523986131536->omNode-2: nextIndex: updateUnconditionally 402 -> 45
2021-01-20 18:03:05,122 [grpc-default-executor-3] WARN  server.GrpcLogAppender (LogUtils.java:warn(122)) - omNode-1@group-523986131536->omNode-2-AppendLogResponseHandler: Failed appendEntries: org.apache.ratis.thirdparty.io.grpc.StatusRuntimeException: UNAVAILABLE: io exception
2021-01-20 18:03:05,122 [grpc-default-executor-3] INFO  leader.FollowerInfo (FollowerInfoImpl.java:lambda$new$0(46)) - omNode-1@group-523986131536->omNode-2: nextIndex: updateUnconditionally 402 -> 45
2021-01-20 18:03:05,126 [grpc-default-executor-8] WARN  server.GrpcLogAppender (LogUtils.java:warn(122)) - omNode-1@group-523986131536->omNode-2-AppendLogResponseHandler: Failed appendEntries: org.apache.ratis.thirdparty.io.grpc.StatusRuntimeException: UNAVAILABLE: io exception
2021-01-20 18:03:05,127 [grpc-default-executor-8] INFO  leader.FollowerInfo (FollowerInfoImpl.java:lambda$new$0(46)) - omNode-1@group-523986131536->omNode-2: nextIndex: updateUnconditionally 403 -> 45
2021-01-20 18:03:05,128 [grpc-default-executor-3] WARN  server.GrpcLogAppender (LogUtils.java:warn(122)) - omNode-1@group-523986131536->omNode-2-AppendLogResponseHandler: Failed appendEntries: org.apache.ratis.thirdparty.io.grpc.StatusRuntimeException: UNAVAILABLE: io exception
2021-01-20 18:03:05,128 [grpc-default-executor-3] INFO  leader.FollowerInfo (FollowerInfoImpl.java:lambda$new$0(46)) - omNode-1@group-523986131536->omNode-2: nextIndex: updateUnconditionally 403 -> 45
2021-01-20 18:03:05,129 [grpc-default-executor-3] WARN  server.GrpcLogAppender (LogUtils.java:warn(122)) - omNode-1@group-523986131536->omNode-2-AppendLogResponseHandler: Failed appendEntries: org.apache.ratis.thirdparty.io.grpc.StatusRuntimeException: UNAVAILABLE: io exception
2021-01-20 18:03:05,129 [grpc-default-executor-3] INFO  leader.FollowerInfo (FollowerInfoImpl.java:lambda$new$0(46)) - omNode-1@group-523986131536->omNode-2: nextIndex: updateUnconditionally 403 -> 45
2021-01-20 18:03:05,133 [grpc-default-executor-8] WARN  server.GrpcLogAppender (LogUtils.java:warn(122)) - omNode-1@group-523986131536->omNode-2-AppendLogResponseHandler: Failed appendEntries: org.apache.ratis.thirdparty.io.grpc.StatusRuntimeException: UNAVAILABLE: io exception
2021-01-20 18:03:05,133 [grpc-default-executor-8] INFO  leader.FollowerInfo (FollowerInfoImpl.java:lambda$new$0(46)) - omNode-1@group-523986131536->omNode-2: nextIndex: updateUnconditionally 404 -> 45
2021-01-20 18:03:05,136 [grpc-default-executor-8] WARN  server.GrpcLogAppender (LogUtils.java:warn(122)) - omNode-1@group-523986131536->omNode-2-AppendLogResponseHandler: Failed appendEntries: org.apache.ratis.thirdparty.io.grpc.StatusRuntimeException: UNAVAILABLE: io exception
2021-01-20 18:03:05,136 [grpc-default-executor-8] INFO  leader.FollowerInfo (FollowerInfoImpl.java:lambda$new$0(46)) - omNode-1@group-523986131536->omNode-2: nextIndex: updateUnconditionally 404 -> 45
2021-01-20 18:03:05,137 [grpc-default-executor-3] WARN  server.GrpcLogAppender (LogUtils.java:warn(122)) - omNode-1@group-523986131536->omNode-2-AppendLogResponseHandler: Failed appendEntries: org.apache.ratis.thirdparty.io.grpc.StatusRuntimeException: UNAVAILABLE: io exception
2021-01-20 18:03:05,138 [grpc-default-executor-3] INFO  leader.FollowerInfo (FollowerInfoImpl.java:lambda$new$0(46)) - omNode-1@group-523986131536->omNode-2: nextIndex: updateUnconditionally 406 -> 45
2021-01-20 18:03:05,140 [grpc-default-executor-8] WARN  server.GrpcLogAppender (LogUtils.java:warn(122)) - omNode-1@group-523986131536->omNode-2-AppendLogResponseHandler: Failed appendEntries: org.apache.ratis.thirdparty.io.grpc.StatusRuntimeException: UNAVAILABLE: io exception
2021-01-20 18:03:05,140 [grpc-default-executor-8] INFO  leader.FollowerInfo (FollowerInfoImpl.java:lambda$new$0(46)) - omNode-1@group-523986131536->omNode-2: nextIndex: updateUnconditionally 406 -> 45
2021-01-20 18:03:05,140 [grpc-default-executor-8] WARN  server.GrpcLogAppender (LogUtils.java:warn(122)) - omNode-1@group-523986131536->omNode-2-AppendLogResponseHandler: Failed appendEntries: org.apache.ratis.thirdparty.io.grpc.StatusRuntimeException: UNAVAILABLE: io exception
2021-01-20 18:03:05,141 [grpc-default-executor-8] INFO  leader.FollowerInfo (FollowerInfoImpl.java:lambda$new$0(46)) - omNode-1@group-523986131536->omNode-2: nextIndex: updateUnconditionally 406 -> 45
2021-01-20 18:03:05,144 [grpc-default-executor-8] WARN  server.GrpcLogAppender (LogUtils.java:warn(122)) - omNode-1@group-523986131536->omNode-2-AppendLogResponseHandler: Failed appendEntries: org.apache.ratis.thirdparty.io.grpc.StatusRuntimeException: UNAVAILABLE: io exception
2021-01-20 18:03:05,144 [grpc-default-executor-8] INFO  leader.FollowerInfo (FollowerInfoImpl.java:lambda$new$0(46)) - omNode-1@group-523986131536->omNode-2: nextIndex: updateUnconditionally 407 -> 45
2021-01-20 18:03:05,148 [grpc-default-executor-8] WARN  server.GrpcLogAppender (LogUtils.java:warn(122)) - omNode-1@group-523986131536->omNode-2-AppendLogResponseHandler: Failed appendEntries: org.apache.ratis.thirdparty.io.grpc.StatusRuntimeException: UNAVAILABLE: io exception
2021-01-20 18:03:05,148 [grpc-default-executor-8] INFO  leader.FollowerInfo (FollowerInfoImpl.java:lambda$new$0(46)) - omNode-1@group-523986131536->omNode-2: nextIndex: updateUnconditionally 408 -> 45
2021-01-20 18:03:05,150 [grpc-default-executor-3] WARN  server.GrpcLogAppender (LogUtils.java:warn(122)) - omNode-1@group-523986131536->omNode-2-AppendLogResponseHandler: Failed appendEntries: org.apache.ratis.thirdparty.io.grpc.StatusRuntimeException: UNAVAILABLE: io exception
2021-01-20 18:03:05,150 [grpc-default-executor-3] INFO  leader.FollowerInfo (FollowerInfoImpl.java:lambda$new$0(46)) - omNode-1@group-523986131536->omNode-2: nextIndex: updateUnconditionally 408 -> 45
2021-01-20 18:03:05,152 [grpc-default-executor-8] WARN  server.GrpcLogAppender (LogUtils.java:warn(122)) - omNode-1@group-523986131536->omNode-2-AppendLogResponseHandler: Failed appendEntries: org.apache.ratis.thirdparty.io.grpc.StatusRuntimeException: UNAVAILABLE: io exception
2021-01-20 18:03:05,152 [grpc-default-executor-8] INFO  leader.FollowerInfo (FollowerInfoImpl.java:lambda$new$0(46)) - omNode-1@group-523986131536->omNode-2: nextIndex: updateUnconditionally 409 -> 45
2021-01-20 18:03:05,154 [grpc-default-executor-8] WARN  server.GrpcLogAppender (LogUtils.java:warn(122)) - omNode-1@group-523986131536->omNode-2-AppendLogResponseHandler: Failed appendEntries: org.apache.ratis.thirdparty.io.grpc.StatusRuntimeException: UNAVAILABLE: io exception
2021-01-20 18:03:05,154 [grpc-default-executor-8] INFO  leader.FollowerInfo (FollowerInfoImpl.java:lambda$new$0(46)) - omNode-1@group-523986131536->omNode-2: nextIndex: updateUnconditionally 410 -> 45
2021-01-20 18:03:05,166 [grpc-default-executor-8] WARN  server.GrpcLogAppender (LogUtils.java:warn(122)) - omNode-1@group-523986131536->omNode-2-AppendLogResponseHandler: Failed appendEntries: org.apache.ratis.thirdparty.io.grpc.StatusRuntimeException: UNAVAILABLE: io exception
2021-01-20 18:03:05,166 [grpc-default-executor-8] INFO  leader.FollowerInfo (FollowerInfoImpl.java:lambda$new$0(46)) - omNode-1@group-523986131536->omNode-2: nextIndex: updateUnconditionally 410 -> 45
2021-01-20 18:03:05,167 [grpc-default-executor-3] WARN  server.GrpcLogAppender (LogUtils.java:warn(122)) - omNode-1@group-523986131536->omNode-2-AppendLogResponseHandler: Failed appendEntries: org.apache.ratis.thirdparty.io.grpc.StatusRuntimeException: UNAVAILABLE: io exception
2021-01-20 18:03:05,167 [grpc-default-executor-3] INFO  leader.FollowerInfo (FollowerInfoImpl.java:lambda$new$0(46)) - omNode-1@group-523986131536->omNode-2: nextIndex: updateUnconditionally 410 -> 45
2021-01-20 18:03:05,170 [grpc-default-executor-8] WARN  server.GrpcLogAppender (LogUtils.java:warn(122)) - omNode-1@group-523986131536->omNode-2-AppendLogResponseHandler: Failed appendEntries: org.apache.ratis.thirdparty.io.grpc.StatusRuntimeException: UNAVAILABLE: io exception
2021-01-20 18:03:05,170 [grpc-default-executor-8] INFO  leader.FollowerInfo (FollowerInfoImpl.java:lambda$new$0(46)) - omNode-1@group-523986131536->omNode-2: nextIndex: updateUnconditionally 411 -> 45
2021-01-20 18:03:05,174 [grpc-default-executor-8] WARN  server.GrpcLogAppender (LogUtils.java:warn(122)) - omNode-1@group-523986131536->omNode-2-AppendLogResponseHandler: Failed appendEntries: org.apache.ratis.thirdparty.io.grpc.StatusRuntimeException: UNAVAILABLE: io exception
2021-01-20 18:03:05,175 [grpc-default-executor-8] INFO  leader.FollowerInfo (FollowerInfoImpl.java:lambda$new$0(46)) - omNode-1@group-523986131536->omNode-2: nextIndex: updateUnconditionally 411 -> 45
2021-01-20 18:03:05,178 [grpc-default-executor-8] WARN  server.GrpcLogAppender (LogUtils.java:warn(122)) - omNode-1@group-523986131536->omNode-2-AppendLogResponseHandler: Failed appendEntries: org.apache.ratis.thirdparty.io.grpc.StatusRuntimeException: UNAVAILABLE: io exception
2021-01-20 18:03:05,179 [grpc-default-executor-8] INFO  leader.FollowerInfo (FollowerInfoImpl.java:lambda$new$0(46)) - omNode-1@group-523986131536->omNode-2: nextIndex: updateUnconditionally 412 -> 45
2021-01-20 18:03:05,183 [grpc-default-executor-3] WARN  server.GrpcLogAppender (LogUtils.java:warn(122)) - omNode-1@group-523986131536->omNode-2-AppendLogResponseHandler: Failed appendEntries: org.apache.ratis.thirdparty.io.grpc.StatusRuntimeException: UNAVAILABLE: io exception
2021-01-20 18:03:05,183 [grpc-default-executor-3] INFO  leader.FollowerInfo (FollowerInfoImpl.java:lambda$new$0(46)) - omNode-1@group-523986131536->omNode-2: nextIndex: updateUnconditionally 412 -> 45
2021-01-20 18:03:05,185 [grpc-default-executor-7] WARN  server.GrpcLogAppender (LogUtils.java:warn(122)) - omNode-1@group-523986131536->omNode-2-AppendLogResponseHandler: Failed appendEntries: org.apache.ratis.thirdparty.io.grpc.StatusRuntimeException: UNAVAILABLE: io exception
2021-01-20 18:03:05,185 [grpc-default-executor-7] INFO  leader.FollowerInfo (FollowerInfoImpl.java:lambda$new$0(46)) - omNode-1@group-523986131536->omNode-2: nextIndex: updateUnconditionally 413 -> 45
2021-01-20 18:03:05,187 [grpc-default-executor-3] WARN  server.GrpcLogAppender (LogUtils.java:warn(122)) - omNode-1@group-523986131536->omNode-2-AppendLogResponseHandler: Failed appendEntries: org.apache.ratis.thirdparty.io.grpc.StatusRuntimeException: UNAVAILABLE: io exception
2021-01-20 18:03:05,187 [grpc-default-executor-3] INFO  leader.FollowerInfo (FollowerInfoImpl.java:lambda$new$0(46)) - omNode-1@group-523986131536->omNode-2: nextIndex: updateUnconditionally 414 -> 45
2021-01-20 18:03:05,189 [grpc-default-executor-3] WARN  server.GrpcLogAppender (LogUtils.java:warn(122)) - omNode-1@group-523986131536->omNode-2-AppendLogResponseHandler: Failed appendEntries: org.apache.ratis.thirdparty.io.grpc.StatusRuntimeException: UNAVAILABLE: io exception
2021-01-20 18:03:05,189 [grpc-default-executor-3] INFO  leader.FollowerInfo (FollowerInfoImpl.java:lambda$new$0(46)) - omNode-1@group-523986131536->omNode-2: nextIndex: updateUnconditionally 414 -> 45
2021-01-20 18:03:05,191 [grpc-default-executor-3] WARN  server.GrpcLogAppender (LogUtils.java:warn(122)) - omNode-1@group-523986131536->omNode-2-AppendLogResponseHandler: Failed appendEntries: org.apache.ratis.thirdparty.io.grpc.StatusRuntimeException: UNAVAILABLE: io exception
2021-01-20 18:03:05,191 [grpc-default-executor-3] INFO  leader.FollowerInfo (FollowerInfoImpl.java:lambda$new$0(46)) - omNode-1@group-523986131536->omNode-2: nextIndex: updateUnconditionally 415 -> 45
2021-01-20 18:03:05,195 [grpc-default-executor-3] WARN  server.GrpcLogAppender (LogUtils.java:warn(122)) - omNode-1@group-523986131536->omNode-2-AppendLogResponseHandler: Failed appendEntries: org.apache.ratis.thirdparty.io.grpc.StatusRuntimeException: UNAVAILABLE: io exception
2021-01-20 18:03:05,195 [grpc-default-executor-3] INFO  leader.FollowerInfo (FollowerInfoImpl.java:lambda$new$0(46)) - omNode-1@group-523986131536->omNode-2: nextIndex: updateUnconditionally 415 -> 45
2021-01-20 18:03:05,197 [grpc-default-executor-3] WARN  server.GrpcLogAppender (LogUtils.java:warn(122)) - omNode-1@group-523986131536->omNode-2-AppendLogResponseHandler: Failed appendEntries: org.apache.ratis.thirdparty.io.grpc.StatusRuntimeException: UNAVAILABLE: io exception
2021-01-20 18:03:05,197 [grpc-default-executor-3] INFO  leader.FollowerInfo (FollowerInfoImpl.java:lambda$new$0(46)) - omNode-1@group-523986131536->omNode-2: nextIndex: updateUnconditionally 415 -> 45
2021-01-20 18:03:05,198 [grpc-default-executor-3] WARN  server.GrpcLogAppender (LogUtils.java:warn(122)) - omNode-1@group-523986131536->omNode-2-AppendLogResponseHandler: Failed appendEntries: org.apache.ratis.thirdparty.io.grpc.StatusRuntimeException: UNAVAILABLE: io exception
2021-01-20 18:03:05,199 [grpc-default-executor-3] INFO  leader.FollowerInfo (FollowerInfoImpl.java:lambda$new$0(46)) - omNode-1@group-523986131536->omNode-2: nextIndex: updateUnconditionally 416 -> 45
2021-01-20 18:03:05,200 [grpc-default-executor-3] WARN  server.GrpcLogAppender (LogUtils.java:warn(122)) - omNode-1@group-523986131536->omNode-2-AppendLogResponseHandler: Failed appendEntries: org.apache.ratis.thirdparty.io.grpc.StatusRuntimeException: UNAVAILABLE: io exception
2021-01-20 18:03:05,200 [grpc-default-executor-3] INFO  leader.FollowerInfo (FollowerInfoImpl.java:lambda$new$0(46)) - omNode-1@group-523986131536->omNode-2: nextIndex: updateUnconditionally 416 -> 45
2021-01-20 18:03:05,201 [grpc-default-executor-7] WARN  server.GrpcLogAppender (LogUtils.java:warn(122)) - omNode-1@group-523986131536->omNode-2-AppendLogResponseHandler: Failed appendEntries: org.apache.ratis.thirdparty.io.grpc.StatusRuntimeException: UNAVAILABLE: io exception
2021-01-20 18:03:05,201 [grpc-default-executor-7] INFO  leader.FollowerInfo (FollowerInfoImpl.java:lambda$new$0(46)) - omNode-1@group-523986131536->omNode-2: nextIndex: updateUnconditionally 417 -> 45
2021-01-20 18:03:05,204 [grpc-default-executor-3] WARN  server.GrpcLogAppender (LogUtils.java:warn(122)) - omNode-1@group-523986131536->omNode-2-AppendLogResponseHandler: Failed appendEntries: org.apache.ratis.thirdparty.io.grpc.StatusRuntimeException: UNAVAILABLE: io exception
2021-01-20 18:03:05,204 [grpc-default-executor-3] INFO  leader.FollowerInfo (FollowerInfoImpl.java:lambda$new$0(46)) - omNode-1@group-523986131536->omNode-2: nextIndex: updateUnconditionally 418 -> 45
2021-01-20 18:03:05,206 [grpc-default-executor-3] WARN  server.GrpcLogAppender (LogUtils.java:warn(122)) - omNode-1@group-523986131536->omNode-2-AppendLogResponseHandler: Failed appendEntries: org.apache.ratis.thirdparty.io.grpc.StatusRuntimeException: UNAVAILABLE: io exception
2021-01-20 18:03:05,206 [grpc-default-executor-3] INFO  leader.FollowerInfo (FollowerInfoImpl.java:lambda$new$0(46)) - omNode-1@group-523986131536->omNode-2: nextIndex: updateUnconditionally 418 -> 45
2021-01-20 18:03:05,207 [grpc-default-executor-3] WARN  server.GrpcLogAppender (LogUtils.java:warn(122)) - omNode-1@group-523986131536->omNode-2-AppendLogResponseHandler: Failed appendEntries: org.apache.ratis.thirdparty.io.grpc.StatusRuntimeException: UNAVAILABLE: io exception
2021-01-20 18:03:05,207 [grpc-default-executor-3] INFO  leader.FollowerInfo (FollowerInfoImpl.java:lambda$new$0(46)) - omNode-1@group-523986131536->omNode-2: nextIndex: updateUnconditionally 418 -> 45
2021-01-20 18:03:05,214 [grpc-default-executor-3] WARN  server.GrpcLogAppender (LogUtils.java:warn(122)) - omNode-1@group-523986131536->omNode-2-AppendLogResponseHandler: Failed appendEntries: org.apache.ratis.thirdparty.io.grpc.StatusRuntimeException: UNAVAILABLE: io exception
2021-01-20 18:03:05,214 [grpc-default-executor-3] INFO  leader.FollowerInfo (FollowerInfoImpl.java:lambda$new$0(46)) - omNode-1@group-523986131536->omNode-2: nextIndex: updateUnconditionally 419 -> 45
2021-01-20 18:03:05,217 [grpc-default-executor-3] WARN  server.GrpcLogAppender (LogUtils.java:warn(122)) - omNode-1@group-523986131536->omNode-2-AppendLogResponseHandler: Failed appendEntries: org.apache.ratis.thirdparty.io.grpc.StatusRuntimeException: UNAVAILABLE: io exception
2021-01-20 18:03:05,217 [grpc-default-executor-3] INFO  leader.FollowerInfo (FollowerInfoImpl.java:lambda$new$0(46)) - omNode-1@group-523986131536->omNode-2: nextIndex: updateUnconditionally 419 -> 45
2021-01-20 18:03:05,218 [grpc-default-executor-3] WARN  server.GrpcLogAppender (LogUtils.java:warn(122)) - omNode-1@group-523986131536->omNode-2-AppendLogResponseHandler: Failed appendEntries: org.apache.ratis.thirdparty.io.grpc.StatusRuntimeException: UNAVAILABLE: io exception
2021-01-20 18:03:05,218 [grpc-default-executor-3] INFO  leader.FollowerInfo (FollowerInfoImpl.java:lambda$new$0(46)) - omNode-1@group-523986131536->omNode-2: nextIndex: updateUnconditionally 419 -> 45
2021-01-20 18:03:05,221 [grpc-default-executor-7] WARN  server.GrpcLogAppender (LogUtils.java:warn(122)) - omNode-1@group-523986131536->omNode-2-AppendLogResponseHandler: Failed appendEntries: org.apache.ratis.thirdparty.io.grpc.StatusRuntimeException: UNAVAILABLE: io exception
2021-01-20 18:03:05,222 [grpc-default-executor-7] INFO  leader.FollowerInfo (FollowerInfoImpl.java:lambda$new$0(46)) - omNode-1@group-523986131536->omNode-2: nextIndex: updateUnconditionally 420 -> 45
2021-01-20 18:03:05,223 [grpc-default-executor-7] WARN  server.GrpcLogAppender (LogUtils.java:warn(122)) - omNode-1@group-523986131536->omNode-2-AppendLogResponseHandler: Failed appendEntries: org.apache.ratis.thirdparty.io.grpc.StatusRuntimeException: UNAVAILABLE: io exception
2021-01-20 18:03:05,223 [grpc-default-executor-7] INFO  leader.FollowerInfo (FollowerInfoImpl.java:lambda$new$0(46)) - omNode-1@group-523986131536->omNode-2: nextIndex: updateUnconditionally 420 -> 45
2021-01-20 18:03:05,224 [grpc-default-executor-3] WARN  server.GrpcLogAppender (LogUtils.java:warn(122)) - omNode-1@group-523986131536->omNode-2-AppendLogResponseHandler: Failed appendEntries: org.apache.ratis.thirdparty.io.grpc.StatusRuntimeException: UNAVAILABLE: io exception
2021-01-20 18:03:05,225 [grpc-default-executor-3] INFO  leader.FollowerInfo (FollowerInfoImpl.java:lambda$new$0(46)) - omNode-1@group-523986131536->omNode-2: nextIndex: updateUnconditionally 421 -> 45
2021-01-20 18:03:05,226 [grpc-default-executor-7] WARN  server.GrpcLogAppender (LogUtils.java:warn(122)) - omNode-1@group-523986131536->omNode-2-AppendLogResponseHandler: Failed appendEntries: org.apache.ratis.thirdparty.io.grpc.StatusRuntimeException: UNAVAILABLE: io exception
2021-01-20 18:03:05,226 [grpc-default-executor-7] INFO  leader.FollowerInfo (FollowerInfoImpl.java:lambda$new$0(46)) - omNode-1@group-523986131536->omNode-2: nextIndex: updateUnconditionally 422 -> 45
2021-01-20 18:03:05,227 [grpc-default-executor-7] WARN  server.GrpcLogAppender (LogUtils.java:warn(122)) - omNode-1@group-523986131536->omNode-2-AppendLogResponseHandler: Failed appendEntries: org.apache.ratis.thirdparty.io.grpc.StatusRuntimeException: UNAVAILABLE: io exception
2021-01-20 18:03:05,227 [grpc-default-executor-7] INFO  leader.FollowerInfo (FollowerInfoImpl.java:lambda$new$0(46)) - omNode-1@group-523986131536->omNode-2: nextIndex: updateUnconditionally 422 -> 45
2021-01-20 18:03:05,228 [grpc-default-executor-7] WARN  server.GrpcLogAppender (LogUtils.java:warn(122)) - omNode-1@group-523986131536->omNode-2-AppendLogResponseHandler: Failed appendEntries: org.apache.ratis.thirdparty.io.grpc.StatusRuntimeException: UNAVAILABLE: io exception
2021-01-20 18:03:05,228 [grpc-default-executor-7] INFO  leader.FollowerInfo (FollowerInfoImpl.java:lambda$new$0(46)) - omNode-1@group-523986131536->omNode-2: nextIndex: updateUnconditionally 423 -> 45
2021-01-20 18:03:05,231 [grpc-default-executor-3] WARN  server.GrpcLogAppender (LogUtils.java:warn(122)) - omNode-1@group-523986131536->omNode-2-AppendLogResponseHandler: Failed appendEntries: org.apache.ratis.thirdparty.io.grpc.StatusRuntimeException: UNAVAILABLE: io exception
2021-01-20 18:03:05,231 [grpc-default-executor-3] INFO  leader.FollowerInfo (FollowerInfoImpl.java:lambda$new$0(46)) - omNode-1@group-523986131536->omNode-2: nextIndex: updateUnconditionally 423 -> 45
2021-01-20 18:03:05,240 [grpc-default-executor-7] WARN  server.GrpcLogAppender (LogUtils.java:warn(122)) - omNode-1@group-523986131536->omNode-2-AppendLogResponseHandler: Failed appendEntries: org.apache.ratis.thirdparty.io.grpc.StatusRuntimeException: UNAVAILABLE: io exception
2021-01-20 18:03:05,240 [grpc-default-executor-7] INFO  leader.FollowerInfo (FollowerInfoImpl.java:lambda$new$0(46)) - omNode-1@group-523986131536->omNode-2: nextIndex: updateUnconditionally 424 -> 45
2021-01-20 18:03:05,242 [grpc-default-executor-7] WARN  server.GrpcLogAppender (LogUtils.java:warn(122)) - omNode-1@group-523986131536->omNode-2-AppendLogResponseHandler: Failed appendEntries: org.apache.ratis.thirdparty.io.grpc.StatusRuntimeException: UNAVAILABLE: io exception
2021-01-20 18:03:05,242 [grpc-default-executor-7] INFO  leader.FollowerInfo (FollowerInfoImpl.java:lambda$new$0(46)) - omNode-1@group-523986131536->omNode-2: nextIndex: updateUnconditionally 424 -> 45
2021-01-20 18:03:05,243 [grpc-default-executor-8] WARN  server.GrpcLogAppender (LogUtils.java:warn(122)) - omNode-1@group-523986131536->omNode-2-AppendLogResponseHandler: Failed appendEntries: org.apache.ratis.thirdparty.io.grpc.StatusRuntimeException: UNAVAILABLE: io exception
2021-01-20 18:03:05,243 [grpc-default-executor-8] INFO  leader.FollowerInfo (FollowerInfoImpl.java:lambda$new$0(46)) - omNode-1@group-523986131536->omNode-2: nextIndex: updateUnconditionally 425 -> 45
2021-01-20 18:03:05,248 [grpc-default-executor-8] WARN  server.GrpcLogAppender (LogUtils.java:warn(122)) - omNode-1@group-523986131536->omNode-2-AppendLogResponseHandler: Failed appendEntries: org.apache.ratis.thirdparty.io.grpc.StatusRuntimeException: UNAVAILABLE: io exception
2021-01-20 18:03:05,248 [grpc-default-executor-8] INFO  leader.FollowerInfo (FollowerInfoImpl.java:lambda$new$0(46)) - omNode-1@group-523986131536->omNode-2: nextIndex: updateUnconditionally 426 -> 45
2021-01-20 18:03:05,253 [grpc-default-executor-8] WARN  server.GrpcLogAppender (LogUtils.java:warn(122)) - omNode-1@group-523986131536->omNode-2-AppendLogResponseHandler: Failed appendEntries: org.apache.ratis.thirdparty.io.grpc.StatusRuntimeException: UNAVAILABLE: io exception
2021-01-20 18:03:05,253 [grpc-default-executor-8] INFO  leader.FollowerInfo (FollowerInfoImpl.java:lambda$new$0(46)) - omNode-1@group-523986131536->omNode-2: nextIndex: updateUnconditionally 426 -> 45
2021-01-20 18:03:05,254 [grpc-default-executor-3] WARN  server.GrpcLogAppender (LogUtils.java:warn(122)) - omNode-1@group-523986131536->omNode-2-AppendLogResponseHandler: Failed appendEntries: org.apache.ratis.thirdparty.io.grpc.StatusRuntimeException: UNAVAILABLE: io exception
2021-01-20 18:03:05,254 [grpc-default-executor-3] INFO  leader.FollowerInfo (FollowerInfoImpl.java:lambda$new$0(46)) - omNode-1@group-523986131536->omNode-2: nextIndex: updateUnconditionally 427 -> 45
2021-01-20 18:03:05,260 [grpc-default-executor-3] WARN  server.GrpcLogAppender (LogUtils.java:warn(122)) - omNode-1@group-523986131536->omNode-2-AppendLogResponseHandler: Failed appendEntries: org.apache.ratis.thirdparty.io.grpc.StatusRuntimeException: UNAVAILABLE: io exception
2021-01-20 18:03:05,260 [grpc-default-executor-3] INFO  leader.FollowerInfo (FollowerInfoImpl.java:lambda$new$0(46)) - omNode-1@group-523986131536->omNode-2: nextIndex: updateUnconditionally 427 -> 45
2021-01-20 18:03:05,261 [grpc-default-executor-3] WARN  server.GrpcLogAppender (LogUtils.java:warn(122)) - omNode-1@group-523986131536->omNode-2-AppendLogResponseHandler: Failed appendEntries: org.apache.ratis.thirdparty.io.grpc.StatusRuntimeException: UNAVAILABLE: io exception
2021-01-20 18:03:05,261 [grpc-default-executor-3] INFO  leader.FollowerInfo (FollowerInfoImpl.java:lambda$new$0(46)) - omNode-1@group-523986131536->omNode-2: nextIndex: updateUnconditionally 427 -> 45
2021-01-20 18:03:05,263 [grpc-default-executor-7] WARN  server.GrpcLogAppender (LogUtils.java:warn(122)) - omNode-1@group-523986131536->omNode-2-AppendLogResponseHandler: Failed appendEntries: org.apache.ratis.thirdparty.io.grpc.StatusRuntimeException: UNAVAILABLE: io exception
2021-01-20 18:03:05,263 [grpc-default-executor-7] INFO  leader.FollowerInfo (FollowerInfoImpl.java:lambda$new$0(46)) - omNode-1@group-523986131536->omNode-2: nextIndex: updateUnconditionally 428 -> 45
2021-01-20 18:03:05,266 [grpc-default-executor-7] WARN  server.GrpcLogAppender (LogUtils.java:warn(122)) - omNode-1@group-523986131536->omNode-2-AppendLogResponseHandler: Failed appendEntries: org.apache.ratis.thirdparty.io.grpc.StatusRuntimeException: UNAVAILABLE: io exception
2021-01-20 18:03:05,266 [grpc-default-executor-7] INFO  leader.FollowerInfo (FollowerInfoImpl.java:lambda$new$0(46)) - omNode-1@group-523986131536->omNode-2: nextIndex: updateUnconditionally 428 -> 45
2021-01-20 18:03:05,267 [grpc-default-executor-7] WARN  server.GrpcLogAppender (LogUtils.java:warn(122)) - omNode-1@group-523986131536->omNode-2-AppendLogResponseHandler: Failed appendEntries: org.apache.ratis.thirdparty.io.grpc.StatusRuntimeException: UNAVAILABLE: io exception
2021-01-20 18:03:05,267 [grpc-default-executor-7] INFO  leader.FollowerInfo (FollowerInfoImpl.java:lambda$new$0(46)) - omNode-1@group-523986131536->omNode-2: nextIndex: updateUnconditionally 429 -> 45
2021-01-20 18:03:05,269 [grpc-default-executor-7] WARN  server.GrpcLogAppender (LogUtils.java:warn(122)) - omNode-1@group-523986131536->omNode-2-AppendLogResponseHandler: Failed appendEntries: org.apache.ratis.thirdparty.io.grpc.StatusRuntimeException: UNAVAILABLE: io exception
2021-01-20 18:03:05,269 [grpc-default-executor-7] INFO  leader.FollowerInfo (FollowerInfoImpl.java:lambda$new$0(46)) - omNode-1@group-523986131536->omNode-2: nextIndex: updateUnconditionally 429 -> 45
2021-01-20 18:03:05,273 [grpc-default-executor-7] WARN  server.GrpcLogAppender (LogUtils.java:warn(122)) - omNode-1@group-523986131536->omNode-2-AppendLogResponseHandler: Failed appendEntries: org.apache.ratis.thirdparty.io.grpc.StatusRuntimeException: UNAVAILABLE: io exception
2021-01-20 18:03:05,273 [grpc-default-executor-7] INFO  leader.FollowerInfo (FollowerInfoImpl.java:lambda$new$0(46)) - omNode-1@group-523986131536->omNode-2: nextIndex: updateUnconditionally 430 -> 45
2021-01-20 18:03:05,276 [grpc-default-executor-7] WARN  server.GrpcLogAppender (LogUtils.java:warn(122)) - omNode-1@group-523986131536->omNode-2-AppendLogResponseHandler: Failed appendEntries: org.apache.ratis.thirdparty.io.grpc.StatusRuntimeException: UNAVAILABLE: io exception
2021-01-20 18:03:05,276 [grpc-default-executor-7] INFO  leader.FollowerInfo (FollowerInfoImpl.java:lambda$new$0(46)) - omNode-1@group-523986131536->omNode-2: nextIndex: updateUnconditionally 430 -> 45
2021-01-20 18:03:05,279 [grpc-default-executor-8] WARN  server.GrpcLogAppender (LogUtils.java:warn(122)) - omNode-1@group-523986131536->omNode-2-AppendLogResponseHandler: Failed appendEntries: org.apache.ratis.thirdparty.io.grpc.StatusRuntimeException: UNAVAILABLE: io exception
2021-01-20 18:03:05,279 [grpc-default-executor-8] INFO  leader.FollowerInfo (FollowerInfoImpl.java:lambda$new$0(46)) - omNode-1@group-523986131536->omNode-2: nextIndex: updateUnconditionally 431 -> 45
2021-01-20 18:03:05,284 [grpc-default-executor-7] WARN  server.GrpcLogAppender (LogUtils.java:warn(122)) - omNode-1@group-523986131536->omNode-2-AppendLogResponseHandler: Failed appendEntries: org.apache.ratis.thirdparty.io.grpc.StatusRuntimeException: UNAVAILABLE: io exception
2021-01-20 18:03:05,284 [grpc-default-executor-7] INFO  leader.FollowerInfo (FollowerInfoImpl.java:lambda$new$0(46)) - omNode-1@group-523986131536->omNode-2: nextIndex: updateUnconditionally 431 -> 45
2021-01-20 18:03:05,293 [grpc-default-executor-8] WARN  server.GrpcLogAppender (LogUtils.java:warn(122)) - omNode-1@group-523986131536->omNode-2-AppendLogResponseHandler: Failed appendEntries: org.apache.ratis.thirdparty.io.grpc.StatusRuntimeException: UNAVAILABLE: io exception
2021-01-20 18:03:05,293 [grpc-default-executor-8] INFO  leader.FollowerInfo (FollowerInfoImpl.java:lambda$new$0(46)) - omNode-1@group-523986131536->omNode-2: nextIndex: updateUnconditionally 432 -> 45
2021-01-20 18:03:05,297 [grpc-default-executor-8] WARN  server.GrpcLogAppender (LogUtils.java:warn(122)) - omNode-1@group-523986131536->omNode-2-AppendLogResponseHandler: Failed appendEntries: org.apache.ratis.thirdparty.io.grpc.StatusRuntimeException: UNAVAILABLE: io exception
2021-01-20 18:03:05,297 [grpc-default-executor-8] INFO  leader.FollowerInfo (FollowerInfoImpl.java:lambda$new$0(46)) - omNode-1@group-523986131536->omNode-2: nextIndex: updateUnconditionally 432 -> 45
2021-01-20 18:03:05,298 [grpc-default-executor-7] WARN  server.GrpcLogAppender (LogUtils.java:warn(122)) - omNode-1@group-523986131536->omNode-2-AppendLogResponseHandler: Failed appendEntries: org.apache.ratis.thirdparty.io.grpc.StatusRuntimeException: UNAVAILABLE: io exception
2021-01-20 18:03:05,298 [grpc-default-executor-7] INFO  leader.FollowerInfo (FollowerInfoImpl.java:lambda$new$0(46)) - omNode-1@group-523986131536->omNode-2: nextIndex: updateUnconditionally 433 -> 45
2021-01-20 18:03:05,300 [grpc-default-executor-8] WARN  server.GrpcLogAppender (LogUtils.java:warn(122)) - omNode-1@group-523986131536->omNode-2-AppendLogResponseHandler: Failed appendEntries: org.apache.ratis.thirdparty.io.grpc.StatusRuntimeException: UNAVAILABLE: io exception
2021-01-20 18:03:05,300 [grpc-default-executor-8] INFO  leader.FollowerInfo (FollowerInfoImpl.java:lambda$new$0(46)) - omNode-1@group-523986131536->omNode-2: nextIndex: updateUnconditionally 434 -> 45
2021-01-20 18:03:05,304 [grpc-default-executor-8] WARN  server.GrpcLogAppender (LogUtils.java:warn(122)) - omNode-1@group-523986131536->omNode-2-AppendLogResponseHandler: Failed appendEntries: org.apache.ratis.thirdparty.io.grpc.StatusRuntimeException: UNAVAILABLE: io exception
2021-01-20 18:03:05,304 [grpc-default-executor-8] INFO  leader.FollowerInfo (FollowerInfoImpl.java:lambda$new$0(46)) - omNode-1@group-523986131536->omNode-2: nextIndex: updateUnconditionally 434 -> 45
2021-01-20 18:03:05,306 [grpc-default-executor-3] WARN  server.GrpcLogAppender (LogUtils.java:warn(122)) - omNode-1@group-523986131536->omNode-2-AppendLogResponseHandler: Failed appendEntries: org.apache.ratis.thirdparty.io.grpc.StatusRuntimeException: UNAVAILABLE: io exception
2021-01-20 18:03:05,306 [grpc-default-executor-3] INFO  leader.FollowerInfo (FollowerInfoImpl.java:lambda$new$0(46)) - omNode-1@group-523986131536->omNode-2: nextIndex: updateUnconditionally 435 -> 45
2021-01-20 18:03:05,309 [grpc-default-executor-8] WARN  server.GrpcLogAppender (LogUtils.java:warn(122)) - omNode-1@group-523986131536->omNode-2-AppendLogResponseHandler: Failed appendEntries: org.apache.ratis.thirdparty.io.grpc.StatusRuntimeException: UNAVAILABLE: io exception
2021-01-20 18:03:05,309 [grpc-default-executor-8] INFO  leader.FollowerInfo (FollowerInfoImpl.java:lambda$new$0(46)) - omNode-1@group-523986131536->omNode-2: nextIndex: updateUnconditionally 435 -> 45
2021-01-20 18:03:05,309 [grpc-default-executor-8] WARN  server.GrpcLogAppender (LogUtils.java:warn(122)) - omNode-1@group-523986131536->omNode-2-AppendLogResponseHandler: Failed appendEntries: org.apache.ratis.thirdparty.io.grpc.StatusRuntimeException: UNAVAILABLE: io exception
2021-01-20 18:03:05,310 [grpc-default-executor-8] INFO  leader.FollowerInfo (FollowerInfoImpl.java:lambda$new$0(46)) - omNode-1@group-523986131536->omNode-2: nextIndex: updateUnconditionally 435 -> 45
2021-01-20 18:03:05,313 [grpc-default-executor-3] WARN  server.GrpcLogAppender (LogUtils.java:warn(122)) - omNode-1@group-523986131536->omNode-2-AppendLogResponseHandler: Failed appendEntries: org.apache.ratis.thirdparty.io.grpc.StatusRuntimeException: UNAVAILABLE: io exception
2021-01-20 18:03:05,313 [grpc-default-executor-3] INFO  leader.FollowerInfo (FollowerInfoImpl.java:lambda$new$0(46)) - omNode-1@group-523986131536->omNode-2: nextIndex: updateUnconditionally 436 -> 45
2021-01-20 18:03:05,317 [grpc-default-executor-3] WARN  server.GrpcLogAppender (LogUtils.java:warn(122)) - omNode-1@group-523986131536->omNode-2-AppendLogResponseHandler: Failed appendEntries: org.apache.ratis.thirdparty.io.grpc.StatusRuntimeException: UNAVAILABLE: io exception
2021-01-20 18:03:05,317 [grpc-default-executor-3] INFO  leader.FollowerInfo (FollowerInfoImpl.java:lambda$new$0(46)) - omNode-1@group-523986131536->omNode-2: nextIndex: updateUnconditionally 436 -> 45
2021-01-20 18:03:05,318 [grpc-default-executor-3] WARN  server.GrpcLogAppender (LogUtils.java:warn(122)) - omNode-1@group-523986131536->omNode-2-AppendLogResponseHandler: Failed appendEntries: org.apache.ratis.thirdparty.io.grpc.StatusRuntimeException: UNAVAILABLE: io exception
2021-01-20 18:03:05,318 [grpc-default-executor-3] INFO  leader.FollowerInfo (FollowerInfoImpl.java:lambda$new$0(46)) - omNode-1@group-523986131536->omNode-2: nextIndex: updateUnconditionally 437 -> 45
2021-01-20 18:03:05,320 [grpc-default-executor-8] WARN  server.GrpcLogAppender (LogUtils.java:warn(122)) - omNode-1@group-523986131536->omNode-2-AppendLogResponseHandler: Failed appendEntries: org.apache.ratis.thirdparty.io.grpc.StatusRuntimeException: UNAVAILABLE: io exception
2021-01-20 18:03:05,320 [grpc-default-executor-8] INFO  leader.FollowerInfo (FollowerInfoImpl.java:lambda$new$0(46)) - omNode-1@group-523986131536->omNode-2: nextIndex: updateUnconditionally 438 -> 45
2021-01-20 18:03:05,324 [grpc-default-executor-3] WARN  server.GrpcLogAppender (LogUtils.java:warn(122)) - omNode-1@group-523986131536->omNode-2-AppendLogResponseHandler: Failed appendEntries: org.apache.ratis.thirdparty.io.grpc.StatusRuntimeException: UNAVAILABLE: io exception
2021-01-20 18:03:05,325 [grpc-default-executor-3] INFO  leader.FollowerInfo (FollowerInfoImpl.java:lambda$new$0(46)) - omNode-1@group-523986131536->omNode-2: nextIndex: updateUnconditionally 438 -> 45
2021-01-20 18:03:05,325 [grpc-default-executor-3] WARN  server.GrpcLogAppender (LogUtils.java:warn(122)) - omNode-1@group-523986131536->omNode-2-AppendLogResponseHandler: Failed appendEntries: org.apache.ratis.thirdparty.io.grpc.StatusRuntimeException: UNAVAILABLE: io exception
2021-01-20 18:03:05,325 [grpc-default-executor-3] INFO  leader.FollowerInfo (FollowerInfoImpl.java:lambda$new$0(46)) - omNode-1@group-523986131536->omNode-2: nextIndex: updateUnconditionally 438 -> 45
2021-01-20 18:03:05,327 [grpc-default-executor-3] WARN  server.GrpcLogAppender (LogUtils.java:warn(122)) - omNode-1@group-523986131536->omNode-2-AppendLogResponseHandler: Failed appendEntries: org.apache.ratis.thirdparty.io.grpc.StatusRuntimeException: UNAVAILABLE: io exception
2021-01-20 18:03:05,327 [grpc-default-executor-3] INFO  leader.FollowerInfo (FollowerInfoImpl.java:lambda$new$0(46)) - omNode-1@group-523986131536->omNode-2: nextIndex: updateUnconditionally 439 -> 45
2021-01-20 18:03:05,334 [grpc-default-executor-8] WARN  server.GrpcLogAppender (LogUtils.java:warn(122)) - omNode-1@group-523986131536->omNode-2-AppendLogResponseHandler: Failed appendEntries: org.apache.ratis.thirdparty.io.grpc.StatusRuntimeException: UNAVAILABLE: io exception
2021-01-20 18:03:05,334 [grpc-default-executor-8] INFO  leader.FollowerInfo (FollowerInfoImpl.java:lambda$new$0(46)) - omNode-1@group-523986131536->omNode-2: nextIndex: updateUnconditionally 440 -> 45
2021-01-20 18:03:05,337 [grpc-default-executor-8] WARN  server.GrpcLogAppender (LogUtils.java:warn(122)) - omNode-1@group-523986131536->omNode-2-AppendLogResponseHandler: Failed appendEntries: org.apache.ratis.thirdparty.io.grpc.StatusRuntimeException: UNAVAILABLE: io exception
2021-01-20 18:03:05,337 [grpc-default-executor-8] INFO  leader.FollowerInfo (FollowerInfoImpl.java:lambda$new$0(46)) - omNode-1@group-523986131536->omNode-2: nextIndex: updateUnconditionally 441 -> 45
2021-01-20 18:03:05,340 [grpc-default-executor-8] WARN  server.GrpcLogAppender (LogUtils.java:warn(122)) - omNode-1@group-523986131536->omNode-2-AppendLogResponseHandler: Failed appendEntries: org.apache.ratis.thirdparty.io.grpc.StatusRuntimeException: UNAVAILABLE: io exception
2021-01-20 18:03:05,340 [grpc-default-executor-8] INFO  leader.FollowerInfo (FollowerInfoImpl.java:lambda$new$0(46)) - omNode-1@group-523986131536->omNode-2: nextIndex: updateUnconditionally 442 -> 45
2021-01-20 18:03:05,341 [grpc-default-executor-3] WARN  server.GrpcLogAppender (LogUtils.java:warn(122)) - omNode-1@group-523986131536->omNode-2-AppendLogResponseHandler: Failed appendEntries: org.apache.ratis.thirdparty.io.grpc.StatusRuntimeException: UNAVAILABLE: io exception
2021-01-20 18:03:05,342 [grpc-default-executor-3] INFO  leader.FollowerInfo (FollowerInfoImpl.java:lambda$new$0(46)) - omNode-1@group-523986131536->omNode-2: nextIndex: updateUnconditionally 442 -> 45
2021-01-20 18:03:05,345 [grpc-default-executor-3] WARN  server.GrpcLogAppender (LogUtils.java:warn(122)) - omNode-1@group-523986131536->omNode-2-AppendLogResponseHandler: Failed appendEntries: org.apache.ratis.thirdparty.io.grpc.StatusRuntimeException: UNAVAILABLE: io exception
2021-01-20 18:03:05,345 [grpc-default-executor-3] INFO  leader.FollowerInfo (FollowerInfoImpl.java:lambda$new$0(46)) - omNode-1@group-523986131536->omNode-2: nextIndex: updateUnconditionally 443 -> 45
2021-01-20 18:03:05,348 [grpc-default-executor-3] WARN  server.GrpcLogAppender (LogUtils.java:warn(122)) - omNode-1@group-523986131536->omNode-2-AppendLogResponseHandler: Failed appendEntries: org.apache.ratis.thirdparty.io.grpc.StatusRuntimeException: UNAVAILABLE: io exception
2021-01-20 18:03:05,348 [grpc-default-executor-3] INFO  leader.FollowerInfo (FollowerInfoImpl.java:lambda$new$0(46)) - omNode-1@group-523986131536->omNode-2: nextIndex: updateUnconditionally 443 -> 45
2021-01-20 18:03:05,349 [grpc-default-executor-3] WARN  server.GrpcLogAppender (LogUtils.java:warn(122)) - omNode-1@group-523986131536->omNode-2-AppendLogResponseHandler: Failed appendEntries: org.apache.ratis.thirdparty.io.grpc.StatusRuntimeException: UNAVAILABLE: io exception
2021-01-20 18:03:05,349 [grpc-default-executor-3] INFO  leader.FollowerInfo (FollowerInfoImpl.java:lambda$new$0(46)) - omNode-1@group-523986131536->omNode-2: nextIndex: updateUnconditionally 443 -> 45
2021-01-20 18:03:05,357 [grpc-default-executor-8] WARN  server.GrpcLogAppender (LogUtils.java:warn(122)) - omNode-1@group-523986131536->omNode-2-AppendLogResponseHandler: Failed appendEntries: org.apache.ratis.thirdparty.io.grpc.StatusRuntimeException: UNAVAILABLE: io exception
2021-01-20 18:03:05,357 [grpc-default-executor-8] INFO  leader.FollowerInfo (FollowerInfoImpl.java:lambda$new$0(46)) - omNode-1@group-523986131536->omNode-2: nextIndex: updateUnconditionally 444 -> 45
2021-01-20 18:03:05,361 [grpc-default-executor-8] WARN  server.GrpcLogAppender (LogUtils.java:warn(122)) - omNode-1@group-523986131536->omNode-2-AppendLogResponseHandler: Failed appendEntries: org.apache.ratis.thirdparty.io.grpc.StatusRuntimeException: UNAVAILABLE: io exception
2021-01-20 18:03:05,362 [grpc-default-executor-8] INFO  leader.FollowerInfo (FollowerInfoImpl.java:lambda$new$0(46)) - omNode-1@group-523986131536->omNode-2: nextIndex: updateUnconditionally 444 -> 45
2021-01-20 18:03:05,362 [grpc-default-executor-8] WARN  server.GrpcLogAppender (LogUtils.java:warn(122)) - omNode-1@group-523986131536->omNode-2-AppendLogResponseHandler: Failed appendEntries: org.apache.ratis.thirdparty.io.grpc.StatusRuntimeException: UNAVAILABLE: io exception
2021-01-20 18:03:05,363 [grpc-default-executor-8] INFO  leader.FollowerInfo (FollowerInfoImpl.java:lambda$new$0(46)) - omNode-1@group-523986131536->omNode-2: nextIndex: updateUnconditionally 445 -> 45
2021-01-20 18:03:05,364 [grpc-default-executor-3] WARN  server.GrpcLogAppender (LogUtils.java:warn(122)) - omNode-1@group-523986131536->omNode-2-AppendLogResponseHandler: Failed appendEntries: org.apache.ratis.thirdparty.io.grpc.StatusRuntimeException: UNAVAILABLE: io exception
2021-01-20 18:03:05,365 [grpc-default-executor-3] INFO  leader.FollowerInfo (FollowerInfoImpl.java:lambda$new$0(46)) - omNode-1@group-523986131536->omNode-2: nextIndex: updateUnconditionally 446 -> 45
2021-01-20 18:03:05,366 [grpc-default-executor-8] WARN  server.GrpcLogAppender (LogUtils.java:warn(122)) - omNode-1@group-523986131536->omNode-2-AppendLogResponseHandler: Failed appendEntries: org.apache.ratis.thirdparty.io.grpc.StatusRuntimeException: UNAVAILABLE: io exception
2021-01-20 18:03:05,366 [grpc-default-executor-8] INFO  leader.FollowerInfo (FollowerInfoImpl.java:lambda$new$0(46)) - omNode-1@group-523986131536->omNode-2: nextIndex: updateUnconditionally 446 -> 45
2021-01-20 18:03:05,369 [grpc-default-executor-8] WARN  server.GrpcLogAppender (LogUtils.java:warn(122)) - omNode-1@group-523986131536->omNode-2-AppendLogResponseHandler: Failed appendEntries: org.apache.ratis.thirdparty.io.grpc.StatusRuntimeException: UNAVAILABLE: io exception
2021-01-20 18:03:05,369 [grpc-default-executor-8] INFO  leader.FollowerInfo (FollowerInfoImpl.java:lambda$new$0(46)) - omNode-1@group-523986131536->omNode-2: nextIndex: updateUnconditionally 447 -> 45
2021-01-20 18:03:05,377 [grpc-default-executor-3] WARN  server.GrpcLogAppender (LogUtils.java:warn(122)) - omNode-1@group-523986131536->omNode-2-AppendLogResponseHandler: Failed appendEntries: org.apache.ratis.thirdparty.io.grpc.StatusRuntimeException: UNAVAILABLE: io exception
2021-01-20 18:03:05,377 [grpc-default-executor-3] INFO  leader.FollowerInfo (FollowerInfoImpl.java:lambda$new$0(46)) - omNode-1@group-523986131536->omNode-2: nextIndex: updateUnconditionally 447 -> 45
2021-01-20 18:03:05,377 [grpc-default-executor-3] WARN  server.GrpcLogAppender (LogUtils.java:warn(122)) - omNode-1@group-523986131536->omNode-2-AppendLogResponseHandler: Failed appendEntries: org.apache.ratis.thirdparty.io.grpc.StatusRuntimeException: UNAVAILABLE: io exception
2021-01-20 18:03:05,378 [grpc-default-executor-3] INFO  leader.FollowerInfo (FollowerInfoImpl.java:lambda$new$0(46)) - omNode-1@group-523986131536->omNode-2: nextIndex: updateUnconditionally 447 -> 45
2021-01-20 18:03:05,379 [grpc-default-executor-3] WARN  server.GrpcLogAppender (LogUtils.java:warn(122)) - omNode-1@group-523986131536->omNode-2-AppendLogResponseHandler: Failed appendEntries: org.apache.ratis.thirdparty.io.grpc.StatusRuntimeException: UNAVAILABLE: io exception
2021-01-20 18:03:05,379 [grpc-default-executor-3] INFO  leader.FollowerInfo (FollowerInfoImpl.java:lambda$new$0(46)) - omNode-1@group-523986131536->omNode-2: nextIndex: updateUnconditionally 448 -> 45
2021-01-20 18:03:05,382 [grpc-default-executor-3] WARN  server.GrpcLogAppender (LogUtils.java:warn(122)) - omNode-1@group-523986131536->omNode-2-AppendLogResponseHandler: Failed appendEntries: org.apache.ratis.thirdparty.io.grpc.StatusRuntimeException: UNAVAILABLE: io exception
2021-01-20 18:03:05,383 [grpc-default-executor-3] INFO  leader.FollowerInfo (FollowerInfoImpl.java:lambda$new$0(46)) - omNode-1@group-523986131536->omNode-2: nextIndex: updateUnconditionally 448 -> 45
2021-01-20 18:03:05,384 [grpc-default-executor-8] WARN  server.GrpcLogAppender (LogUtils.java:warn(122)) - omNode-1@group-523986131536->omNode-2-AppendLogResponseHandler: Failed appendEntries: org.apache.ratis.thirdparty.io.grpc.StatusRuntimeException: UNAVAILABLE: io exception
2021-01-20 18:03:05,384 [grpc-default-executor-8] INFO  leader.FollowerInfo (FollowerInfoImpl.java:lambda$new$0(46)) - omNode-1@group-523986131536->omNode-2: nextIndex: updateUnconditionally 450 -> 45
2021-01-20 18:03:05,384 [omNode-1@group-523986131536-StateMachineUpdater] INFO  ratis.OzoneManagerStateMachine (OzoneManagerStateMachine.java:takeSnapshot(345)) - Current Snapshot Index (t:1, i:448)
2021-01-20 18:03:05,385 [omNode-1@group-523986131536-StateMachineUpdater] INFO  impl.StateMachineUpdater (StateMachineUpdater.java:takeSnapshot(279)) - omNode-1@group-523986131536-StateMachineUpdater: Took a snapshot at index 448
2021-01-20 18:03:05,385 [omNode-1@group-523986131536-StateMachineUpdater] INFO  impl.StateMachineUpdater (StateMachineUpdater.java:lambda$new$0(88)) - omNode-1@group-523986131536-StateMachineUpdater: snapshotIndex: updateIncreasingly 398 -> 448
2021-01-20 18:03:05,385 [omNode-1@group-523986131536-StateMachineUpdater] INFO  raftlog.RaftLog (RaftLogBase.java:purge(306)) - omNode-1@group-523986131536-SegmentedRaftLog: purge 448
2021-01-20 18:03:05,385 [omNode-1@group-523986131536-StateMachineUpdater] INFO  raftlog.RaftLog (RaftLogBase.java:lambda$new$0(53)) - omNode-1@group-523986131536-SegmentedRaftLog: snapshotIndex: updateIncreasingly 398 -> 448
2021-01-20 18:03:05,385 [omNode-1@group-523986131536-StateMachineUpdater] INFO  raftlog.RaftLog (RaftLogBase.java:lambda$new$0(53)) - omNode-1@group-523986131536-SegmentedRaftLog: purgeIndex: updateToMax old=398, new=448, updated? true
2021-01-20 18:03:05,385 [grpc-default-executor-3] WARN  server.GrpcLogAppender (LogUtils.java:warn(122)) - omNode-1@group-523986131536->omNode-2-AppendLogResponseHandler: Failed appendEntries: org.apache.ratis.thirdparty.io.grpc.StatusRuntimeException: UNAVAILABLE: io exception
2021-01-20 18:03:05,385 [grpc-default-executor-3] INFO  leader.FollowerInfo (FollowerInfoImpl.java:lambda$new$0(46)) - omNode-1@group-523986131536->omNode-2: nextIndex: updateUnconditionally 450 -> 45
2021-01-20 18:03:05,388 [grpc-default-executor-3] WARN  server.GrpcLogAppender (LogUtils.java:warn(122)) - omNode-1@group-523986131536->omNode-2-AppendLogResponseHandler: Failed appendEntries: org.apache.ratis.thirdparty.io.grpc.StatusRuntimeException: UNAVAILABLE: io exception
2021-01-20 18:03:05,388 [grpc-default-executor-3] INFO  leader.FollowerInfo (FollowerInfoImpl.java:lambda$new$0(46)) - omNode-1@group-523986131536->omNode-2: nextIndex: updateUnconditionally 451 -> 45
2021-01-20 18:03:05,393 [grpc-default-executor-8] WARN  server.GrpcLogAppender (LogUtils.java:warn(122)) - omNode-1@group-523986131536->omNode-2-AppendLogResponseHandler: Failed appendEntries: org.apache.ratis.thirdparty.io.grpc.StatusRuntimeException: UNAVAILABLE: io exception
2021-01-20 18:03:05,393 [grpc-default-executor-8] INFO  leader.FollowerInfo (FollowerInfoImpl.java:lambda$new$0(46)) - omNode-1@group-523986131536->omNode-2: nextIndex: updateUnconditionally 452 -> 45
2021-01-20 18:03:05,393 [omNode-3@group-523986131536-StateMachineUpdater] INFO  ratis.OzoneManagerStateMachine (OzoneManagerStateMachine.java:takeSnapshot(345)) - Current Snapshot Index (t:1, i:449)
2021-01-20 18:03:05,393 [omNode-3@group-523986131536-StateMachineUpdater] INFO  impl.StateMachineUpdater (StateMachineUpdater.java:takeSnapshot(279)) - omNode-3@group-523986131536-StateMachineUpdater: Took a snapshot at index 449
2021-01-20 18:03:05,393 [omNode-3@group-523986131536-StateMachineUpdater] INFO  impl.StateMachineUpdater (StateMachineUpdater.java:lambda$new$0(88)) - omNode-3@group-523986131536-StateMachineUpdater: snapshotIndex: updateIncreasingly 398 -> 449
2021-01-20 18:03:05,393 [omNode-3@group-523986131536-StateMachineUpdater] INFO  raftlog.RaftLog (RaftLogBase.java:purge(306)) - omNode-3@group-523986131536-SegmentedRaftLog: purge 449
2021-01-20 18:03:05,393 [omNode-3@group-523986131536-StateMachineUpdater] INFO  raftlog.RaftLog (RaftLogBase.java:lambda$new$0(53)) - omNode-3@group-523986131536-SegmentedRaftLog: snapshotIndex: updateIncreasingly 349 -> 449
2021-01-20 18:03:05,394 [omNode-3@group-523986131536-StateMachineUpdater] INFO  raftlog.RaftLog (RaftLogBase.java:lambda$new$0(53)) - omNode-3@group-523986131536-SegmentedRaftLog: purgeIndex: updateToMax old=349, new=449, updated? true
2021-01-20 18:03:05,394 [grpc-default-executor-3] WARN  server.GrpcLogAppender (LogUtils.java:warn(122)) - omNode-1@group-523986131536->omNode-2-AppendLogResponseHandler: Failed appendEntries: org.apache.ratis.thirdparty.io.grpc.StatusRuntimeException: UNAVAILABLE: io exception
2021-01-20 18:03:05,394 [grpc-default-executor-3] INFO  leader.FollowerInfo (FollowerInfoImpl.java:lambda$new$0(46)) - omNode-1@group-523986131536->omNode-2: nextIndex: updateUnconditionally 452 -> 45
2021-01-20 18:03:05,398 [grpc-default-executor-8] WARN  server.GrpcLogAppender (LogUtils.java:warn(122)) - omNode-1@group-523986131536->omNode-2-AppendLogResponseHandler: Failed appendEntries: org.apache.ratis.thirdparty.io.grpc.StatusRuntimeException: UNAVAILABLE: io exception
2021-01-20 18:03:05,398 [grpc-default-executor-8] INFO  leader.FollowerInfo (FollowerInfoImpl.java:lambda$new$0(46)) - omNode-1@group-523986131536->omNode-2: nextIndex: updateUnconditionally 453 -> 45
2021-01-20 18:03:05,400 [grpc-default-executor-3] WARN  server.GrpcLogAppender (LogUtils.java:warn(122)) - omNode-1@group-523986131536->omNode-2-AppendLogResponseHandler: Failed appendEntries: org.apache.ratis.thirdparty.io.grpc.StatusRuntimeException: UNAVAILABLE: io exception
2021-01-20 18:03:05,401 [grpc-default-executor-3] INFO  leader.FollowerInfo (FollowerInfoImpl.java:lambda$new$0(46)) - omNode-1@group-523986131536->omNode-2: nextIndex: updateUnconditionally 454 -> 45
2021-01-20 18:03:05,405 [grpc-default-executor-8] WARN  server.GrpcLogAppender (LogUtils.java:warn(122)) - omNode-1@group-523986131536->omNode-2-AppendLogResponseHandler: Failed appendEntries: org.apache.ratis.thirdparty.io.grpc.StatusRuntimeException: UNAVAILABLE: io exception
2021-01-20 18:03:05,405 [grpc-default-executor-8] INFO  leader.FollowerInfo (FollowerInfoImpl.java:lambda$new$0(46)) - omNode-1@group-523986131536->omNode-2: nextIndex: updateUnconditionally 454 -> 45
2021-01-20 18:03:05,409 [grpc-default-executor-8] WARN  server.GrpcLogAppender (LogUtils.java:warn(122)) - omNode-1@group-523986131536->omNode-2-AppendLogResponseHandler: Failed appendEntries: org.apache.ratis.thirdparty.io.grpc.StatusRuntimeException: UNAVAILABLE: io exception
2021-01-20 18:03:05,409 [grpc-default-executor-8] INFO  leader.FollowerInfo (FollowerInfoImpl.java:lambda$new$0(46)) - omNode-1@group-523986131536->omNode-2: nextIndex: updateUnconditionally 455 -> 45
2021-01-20 18:03:05,412 [grpc-default-executor-8] WARN  server.GrpcLogAppender (LogUtils.java:warn(122)) - omNode-1@group-523986131536->omNode-2-AppendLogResponseHandler: Failed appendEntries: org.apache.ratis.thirdparty.io.grpc.StatusRuntimeException: UNAVAILABLE: io exception
2021-01-20 18:03:05,413 [grpc-default-executor-8] INFO  leader.FollowerInfo (FollowerInfoImpl.java:lambda$new$0(46)) - omNode-1@group-523986131536->omNode-2: nextIndex: updateUnconditionally 455 -> 45
2021-01-20 18:03:05,413 [grpc-default-executor-8] WARN  server.GrpcLogAppender (LogUtils.java:warn(122)) - omNode-1@group-523986131536->omNode-2-AppendLogResponseHandler: Failed appendEntries: org.apache.ratis.thirdparty.io.grpc.StatusRuntimeException: UNAVAILABLE: io exception
2021-01-20 18:03:05,414 [grpc-default-executor-8] INFO  leader.FollowerInfo (FollowerInfoImpl.java:lambda$new$0(46)) - omNode-1@group-523986131536->omNode-2: nextIndex: updateUnconditionally 455 -> 45
2021-01-20 18:03:05,417 [grpc-default-executor-7] WARN  server.GrpcLogAppender (LogUtils.java:warn(122)) - omNode-1@group-523986131536->omNode-2-AppendLogResponseHandler: Failed appendEntries: org.apache.ratis.thirdparty.io.grpc.StatusRuntimeException: UNAVAILABLE: io exception
2021-01-20 18:03:05,417 [grpc-default-executor-7] INFO  leader.FollowerInfo (FollowerInfoImpl.java:lambda$new$0(46)) - omNode-1@group-523986131536->omNode-2: nextIndex: updateUnconditionally 456 -> 45
2021-01-20 18:03:05,419 [grpc-default-executor-7] WARN  server.GrpcLogAppender (LogUtils.java:warn(122)) - omNode-1@group-523986131536->omNode-2-AppendLogResponseHandler: Failed appendEntries: org.apache.ratis.thirdparty.io.grpc.StatusRuntimeException: UNAVAILABLE: io exception
2021-01-20 18:03:05,419 [grpc-default-executor-7] INFO  leader.FollowerInfo (FollowerInfoImpl.java:lambda$new$0(46)) - omNode-1@group-523986131536->omNode-2: nextIndex: updateUnconditionally 456 -> 45
2021-01-20 18:03:05,420 [grpc-default-executor-7] WARN  server.GrpcLogAppender (LogUtils.java:warn(122)) - omNode-1@group-523986131536->omNode-2-AppendLogResponseHandler: Failed appendEntries: org.apache.ratis.thirdparty.io.grpc.StatusRuntimeException: UNAVAILABLE: io exception
2021-01-20 18:03:05,420 [grpc-default-executor-7] INFO  leader.FollowerInfo (FollowerInfoImpl.java:lambda$new$0(46)) - omNode-1@group-523986131536->omNode-2: nextIndex: updateUnconditionally 457 -> 45
2021-01-20 18:03:05,422 [grpc-default-executor-8] WARN  server.GrpcLogAppender (LogUtils.java:warn(122)) - omNode-1@group-523986131536->omNode-2-AppendLogResponseHandler: Failed appendEntries: org.apache.ratis.thirdparty.io.grpc.StatusRuntimeException: UNAVAILABLE: io exception
2021-01-20 18:03:05,423 [grpc-default-executor-8] INFO  leader.FollowerInfo (FollowerInfoImpl.java:lambda$new$0(46)) - omNode-1@group-523986131536->omNode-2: nextIndex: updateUnconditionally 458 -> 45
2021-01-20 18:03:05,425 [grpc-default-executor-8] WARN  server.GrpcLogAppender (LogUtils.java:warn(122)) - omNode-1@group-523986131536->omNode-2-AppendLogResponseHandler: Failed appendEntries: org.apache.ratis.thirdparty.io.grpc.StatusRuntimeException: UNAVAILABLE: io exception
2021-01-20 18:03:05,425 [grpc-default-executor-8] INFO  leader.FollowerInfo (FollowerInfoImpl.java:lambda$new$0(46)) - omNode-1@group-523986131536->omNode-2: nextIndex: updateUnconditionally 458 -> 45
2021-01-20 18:03:05,428 [grpc-default-executor-8] WARN  server.GrpcLogAppender (LogUtils.java:warn(122)) - omNode-1@group-523986131536->omNode-2-AppendLogResponseHandler: Failed appendEntries: org.apache.ratis.thirdparty.io.grpc.StatusRuntimeException: UNAVAILABLE: io exception
2021-01-20 18:03:05,429 [grpc-default-executor-8] INFO  leader.FollowerInfo (FollowerInfoImpl.java:lambda$new$0(46)) - omNode-1@group-523986131536->omNode-2: nextIndex: updateUnconditionally 459 -> 45
2021-01-20 18:03:05,431 [grpc-default-executor-8] WARN  server.GrpcLogAppender (LogUtils.java:warn(122)) - omNode-1@group-523986131536->omNode-2-AppendLogResponseHandler: Failed appendEntries: org.apache.ratis.thirdparty.io.grpc.StatusRuntimeException: UNAVAILABLE: io exception
2021-01-20 18:03:05,432 [grpc-default-executor-8] INFO  leader.FollowerInfo (FollowerInfoImpl.java:lambda$new$0(46)) - omNode-1@group-523986131536->omNode-2: nextIndex: updateUnconditionally 459 -> 45
2021-01-20 18:03:05,434 [grpc-default-executor-8] WARN  server.GrpcLogAppender (LogUtils.java:warn(122)) - omNode-1@group-523986131536->omNode-2-AppendLogResponseHandler: Failed appendEntries: org.apache.ratis.thirdparty.io.grpc.StatusRuntimeException: UNAVAILABLE: io exception
2021-01-20 18:03:05,434 [grpc-default-executor-8] INFO  leader.FollowerInfo (FollowerInfoImpl.java:lambda$new$0(46)) - omNode-1@group-523986131536->omNode-2: nextIndex: updateUnconditionally 460 -> 45
2021-01-20 18:03:05,436 [grpc-default-executor-7] WARN  server.GrpcLogAppender (LogUtils.java:warn(122)) - omNode-1@group-523986131536->omNode-2-AppendLogResponseHandler: Failed appendEntries: org.apache.ratis.thirdparty.io.grpc.StatusRuntimeException: UNAVAILABLE: io exception
2021-01-20 18:03:05,436 [grpc-default-executor-7] INFO  leader.FollowerInfo (FollowerInfoImpl.java:lambda$new$0(46)) - omNode-1@group-523986131536->omNode-2: nextIndex: updateUnconditionally 460 -> 45
2021-01-20 18:03:05,439 [grpc-default-executor-7] WARN  server.GrpcLogAppender (LogUtils.java:warn(122)) - omNode-1@group-523986131536->omNode-2-AppendLogResponseHandler: Failed appendEntries: org.apache.ratis.thirdparty.io.grpc.StatusRuntimeException: UNAVAILABLE: io exception
2021-01-20 18:03:05,440 [grpc-default-executor-7] INFO  leader.FollowerInfo (FollowerInfoImpl.java:lambda$new$0(46)) - omNode-1@group-523986131536->omNode-2: nextIndex: updateUnconditionally 462 -> 45
2021-01-20 18:03:05,440 [grpc-default-executor-7] WARN  server.GrpcLogAppender (LogUtils.java:warn(122)) - omNode-1@group-523986131536->omNode-2-AppendLogResponseHandler: Failed appendEntries: org.apache.ratis.thirdparty.io.grpc.StatusRuntimeException: UNAVAILABLE: io exception
2021-01-20 18:03:05,440 [grpc-default-executor-7] INFO  leader.FollowerInfo (FollowerInfoImpl.java:lambda$new$0(46)) - omNode-1@group-523986131536->omNode-2: nextIndex: updateUnconditionally 462 -> 45
2021-01-20 18:03:05,447 [grpc-default-executor-8] WARN  server.GrpcLogAppender (LogUtils.java:warn(122)) - omNode-1@group-523986131536->omNode-2-AppendLogResponseHandler: Failed appendEntries: org.apache.ratis.thirdparty.io.grpc.StatusRuntimeException: UNAVAILABLE: io exception
2021-01-20 18:03:05,447 [grpc-default-executor-8] INFO  leader.FollowerInfo (FollowerInfoImpl.java:lambda$new$0(46)) - omNode-1@group-523986131536->omNode-2: nextIndex: updateUnconditionally 463 -> 45
2021-01-20 18:03:05,457 [grpc-default-executor-8] WARN  server.GrpcLogAppender (LogUtils.java:warn(122)) - omNode-1@group-523986131536->omNode-2-AppendLogResponseHandler: Failed appendEntries: org.apache.ratis.thirdparty.io.grpc.StatusRuntimeException: UNAVAILABLE: io exception
2021-01-20 18:03:05,457 [grpc-default-executor-8] INFO  leader.FollowerInfo (FollowerInfoImpl.java:lambda$new$0(46)) - omNode-1@group-523986131536->omNode-2: nextIndex: updateUnconditionally 464 -> 45
2021-01-20 18:03:05,459 [grpc-default-executor-8] WARN  server.GrpcLogAppender (LogUtils.java:warn(122)) - omNode-1@group-523986131536->omNode-2-AppendLogResponseHandler: Failed appendEntries: org.apache.ratis.thirdparty.io.grpc.StatusRuntimeException: UNAVAILABLE: io exception
2021-01-20 18:03:05,459 [grpc-default-executor-8] INFO  leader.FollowerInfo (FollowerInfoImpl.java:lambda$new$0(46)) - omNode-1@group-523986131536->omNode-2: nextIndex: updateUnconditionally 464 -> 45
2021-01-20 18:03:05,461 [grpc-default-executor-8] WARN  server.GrpcLogAppender (LogUtils.java:warn(122)) - omNode-1@group-523986131536->omNode-2-AppendLogResponseHandler: Failed appendEntries: org.apache.ratis.thirdparty.io.grpc.StatusRuntimeException: UNAVAILABLE: io exception
2021-01-20 18:03:05,461 [grpc-default-executor-8] INFO  leader.FollowerInfo (FollowerInfoImpl.java:lambda$new$0(46)) - omNode-1@group-523986131536->omNode-2: nextIndex: updateUnconditionally 465 -> 45
2021-01-20 18:03:05,462 [grpc-default-executor-8] WARN  server.GrpcLogAppender (LogUtils.java:warn(122)) - omNode-1@group-523986131536->omNode-2-AppendLogResponseHandler: Failed appendEntries: org.apache.ratis.thirdparty.io.grpc.StatusRuntimeException: UNAVAILABLE: io exception
2021-01-20 18:03:05,463 [grpc-default-executor-8] INFO  leader.FollowerInfo (FollowerInfoImpl.java:lambda$new$0(46)) - omNode-1@group-523986131536->omNode-2: nextIndex: updateUnconditionally 466 -> 45
2021-01-20 18:03:05,463 [grpc-default-executor-8] WARN  server.GrpcLogAppender (LogUtils.java:warn(122)) - omNode-1@group-523986131536->omNode-2-AppendLogResponseHandler: Failed appendEntries: org.apache.ratis.thirdparty.io.grpc.StatusRuntimeException: UNAVAILABLE: io exception
2021-01-20 18:03:05,464 [grpc-default-executor-8] INFO  leader.FollowerInfo (FollowerInfoImpl.java:lambda$new$0(46)) - omNode-1@group-523986131536->omNode-2: nextIndex: updateUnconditionally 466 -> 45
2021-01-20 18:03:05,472 [grpc-default-executor-7] WARN  server.GrpcLogAppender (LogUtils.java:warn(122)) - omNode-1@group-523986131536->omNode-2-AppendLogResponseHandler: Failed appendEntries: org.apache.ratis.thirdparty.io.grpc.StatusRuntimeException: UNAVAILABLE: io exception
2021-01-20 18:03:05,472 [grpc-default-executor-7] INFO  leader.FollowerInfo (FollowerInfoImpl.java:lambda$new$0(46)) - omNode-1@group-523986131536->omNode-2: nextIndex: updateUnconditionally 467 -> 45
2021-01-20 18:03:05,478 [grpc-default-executor-8] WARN  server.GrpcLogAppender (LogUtils.java:warn(122)) - omNode-1@group-523986131536->omNode-2-AppendLogResponseHandler: Failed appendEntries: org.apache.ratis.thirdparty.io.grpc.StatusRuntimeException: UNAVAILABLE: io exception
2021-01-20 18:03:05,479 [grpc-default-executor-8] INFO  leader.FollowerInfo (FollowerInfoImpl.java:lambda$new$0(46)) - omNode-1@group-523986131536->omNode-2: nextIndex: updateUnconditionally 468 -> 45
2021-01-20 18:03:05,480 [grpc-default-executor-8] WARN  server.GrpcLogAppender (LogUtils.java:warn(122)) - omNode-1@group-523986131536->omNode-2-AppendLogResponseHandler: Failed appendEntries: org.apache.ratis.thirdparty.io.grpc.StatusRuntimeException: UNAVAILABLE: io exception
2021-01-20 18:03:05,480 [grpc-default-executor-8] INFO  leader.FollowerInfo (FollowerInfoImpl.java:lambda$new$0(46)) - omNode-1@group-523986131536->omNode-2: nextIndex: updateUnconditionally 468 -> 45
2021-01-20 18:03:05,483 [grpc-default-executor-8] WARN  server.GrpcLogAppender (LogUtils.java:warn(122)) - omNode-1@group-523986131536->omNode-2-AppendLogResponseHandler: Failed appendEntries: org.apache.ratis.thirdparty.io.grpc.StatusRuntimeException: UNAVAILABLE: io exception
2021-01-20 18:03:05,483 [grpc-default-executor-8] INFO  leader.FollowerInfo (FollowerInfoImpl.java:lambda$new$0(46)) - omNode-1@group-523986131536->omNode-2: nextIndex: updateUnconditionally 469 -> 45
2021-01-20 18:03:05,485 [grpc-default-executor-8] WARN  server.GrpcLogAppender (LogUtils.java:warn(122)) - omNode-1@group-523986131536->omNode-2-AppendLogResponseHandler: Failed appendEntries: org.apache.ratis.thirdparty.io.grpc.StatusRuntimeException: UNAVAILABLE: io exception
2021-01-20 18:03:05,485 [grpc-default-executor-8] INFO  leader.FollowerInfo (FollowerInfoImpl.java:lambda$new$0(46)) - omNode-1@group-523986131536->omNode-2: nextIndex: updateUnconditionally 470 -> 45
2021-01-20 18:03:05,487 [grpc-default-executor-8] WARN  server.GrpcLogAppender (LogUtils.java:warn(122)) - omNode-1@group-523986131536->omNode-2-AppendLogResponseHandler: Failed appendEntries: org.apache.ratis.thirdparty.io.grpc.StatusRuntimeException: UNAVAILABLE: io exception
2021-01-20 18:03:05,487 [grpc-default-executor-8] INFO  leader.FollowerInfo (FollowerInfoImpl.java:lambda$new$0(46)) - omNode-1@group-523986131536->omNode-2: nextIndex: updateUnconditionally 470 -> 45
2021-01-20 18:03:05,488 [grpc-default-executor-8] WARN  server.GrpcLogAppender (LogUtils.java:warn(122)) - omNode-1@group-523986131536->omNode-2-AppendLogResponseHandler: Failed appendEntries: org.apache.ratis.thirdparty.io.grpc.StatusRuntimeException: UNAVAILABLE: io exception
2021-01-20 18:03:05,488 [grpc-default-executor-8] INFO  leader.FollowerInfo (FollowerInfoImpl.java:lambda$new$0(46)) - omNode-1@group-523986131536->omNode-2: nextIndex: updateUnconditionally 470 -> 45
2021-01-20 18:03:05,491 [grpc-default-executor-8] WARN  server.GrpcLogAppender (LogUtils.java:warn(122)) - omNode-1@group-523986131536->omNode-2-AppendLogResponseHandler: Failed appendEntries: org.apache.ratis.thirdparty.io.grpc.StatusRuntimeException: UNAVAILABLE: io exception
2021-01-20 18:03:05,491 [grpc-default-executor-8] INFO  leader.FollowerInfo (FollowerInfoImpl.java:lambda$new$0(46)) - omNode-1@group-523986131536->omNode-2: nextIndex: updateUnconditionally 471 -> 45
2021-01-20 18:03:05,494 [grpc-default-executor-7] WARN  server.GrpcLogAppender (LogUtils.java:warn(122)) - omNode-1@group-523986131536->omNode-2-AppendLogResponseHandler: Failed appendEntries: org.apache.ratis.thirdparty.io.grpc.StatusRuntimeException: UNAVAILABLE: io exception
2021-01-20 18:03:05,494 [grpc-default-executor-7] INFO  leader.FollowerInfo (FollowerInfoImpl.java:lambda$new$0(46)) - omNode-1@group-523986131536->omNode-2: nextIndex: updateUnconditionally 471 -> 45
2021-01-20 18:03:05,495 [grpc-default-executor-7] WARN  server.GrpcLogAppender (LogUtils.java:warn(122)) - omNode-1@group-523986131536->omNode-2-AppendLogResponseHandler: Failed appendEntries: org.apache.ratis.thirdparty.io.grpc.StatusRuntimeException: UNAVAILABLE: io exception
2021-01-20 18:03:05,496 [grpc-default-executor-7] INFO  leader.FollowerInfo (FollowerInfoImpl.java:lambda$new$0(46)) - omNode-1@group-523986131536->omNode-2: nextIndex: updateUnconditionally 471 -> 45
2021-01-20 18:03:05,497 [grpc-default-executor-7] WARN  server.GrpcLogAppender (LogUtils.java:warn(122)) - omNode-1@group-523986131536->omNode-2-AppendLogResponseHandler: Failed appendEntries: org.apache.ratis.thirdparty.io.grpc.StatusRuntimeException: UNAVAILABLE: io exception
2021-01-20 18:03:05,497 [grpc-default-executor-7] INFO  leader.FollowerInfo (FollowerInfoImpl.java:lambda$new$0(46)) - omNode-1@group-523986131536->omNode-2: nextIndex: updateUnconditionally 472 -> 45
2021-01-20 18:03:05,499 [grpc-default-executor-7] WARN  server.GrpcLogAppender (LogUtils.java:warn(122)) - omNode-1@group-523986131536->omNode-2-AppendLogResponseHandler: Failed appendEntries: org.apache.ratis.thirdparty.io.grpc.StatusRuntimeException: UNAVAILABLE: io exception
2021-01-20 18:03:05,499 [grpc-default-executor-7] INFO  leader.FollowerInfo (FollowerInfoImpl.java:lambda$new$0(46)) - omNode-1@group-523986131536->omNode-2: nextIndex: updateUnconditionally 472 -> 45
2021-01-20 18:03:05,502 [grpc-default-executor-3] WARN  server.GrpcLogAppender (LogUtils.java:warn(122)) - omNode-1@group-523986131536->omNode-2-AppendLogResponseHandler: Failed appendEntries: org.apache.ratis.thirdparty.io.grpc.StatusRuntimeException: UNAVAILABLE: io exception
2021-01-20 18:03:05,502 [grpc-default-executor-3] INFO  leader.FollowerInfo (FollowerInfoImpl.java:lambda$new$0(46)) - omNode-1@group-523986131536->omNode-2: nextIndex: updateUnconditionally 473 -> 45
2021-01-20 18:03:05,504 [grpc-default-executor-3] WARN  server.GrpcLogAppender (LogUtils.java:warn(122)) - omNode-1@group-523986131536->omNode-2-AppendLogResponseHandler: Failed appendEntries: org.apache.ratis.thirdparty.io.grpc.StatusRuntimeException: UNAVAILABLE: io exception
2021-01-20 18:03:05,504 [grpc-default-executor-3] INFO  leader.FollowerInfo (FollowerInfoImpl.java:lambda$new$0(46)) - omNode-1@group-523986131536->omNode-2: nextIndex: updateUnconditionally 474 -> 45
2021-01-20 18:03:05,508 [grpc-default-executor-7] WARN  server.GrpcLogAppender (LogUtils.java:warn(122)) - omNode-1@group-523986131536->omNode-2-AppendLogResponseHandler: Failed appendEntries: org.apache.ratis.thirdparty.io.grpc.StatusRuntimeException: UNAVAILABLE: io exception
2021-01-20 18:03:05,509 [grpc-default-executor-7] INFO  leader.FollowerInfo (FollowerInfoImpl.java:lambda$new$0(46)) - omNode-1@group-523986131536->omNode-2: nextIndex: updateUnconditionally 474 -> 45
2021-01-20 18:03:05,509 [grpc-default-executor-8] WARN  server.GrpcLogAppender (LogUtils.java:warn(122)) - omNode-1@group-523986131536->omNode-2-AppendLogResponseHandler: Failed appendEntries: org.apache.ratis.thirdparty.io.grpc.StatusRuntimeException: UNAVAILABLE: io exception
2021-01-20 18:03:05,510 [grpc-default-executor-8] INFO  leader.FollowerInfo (FollowerInfoImpl.java:lambda$new$0(46)) - omNode-1@group-523986131536->omNode-2: nextIndex: updateUnconditionally 474 -> 45
2021-01-20 18:03:05,511 [grpc-default-executor-7] WARN  server.GrpcLogAppender (LogUtils.java:warn(122)) - omNode-1@group-523986131536->omNode-2-AppendLogResponseHandler: Failed appendEntries: org.apache.ratis.thirdparty.io.grpc.StatusRuntimeException: UNAVAILABLE: io exception
2021-01-20 18:03:05,511 [grpc-default-executor-7] INFO  leader.FollowerInfo (FollowerInfoImpl.java:lambda$new$0(46)) - omNode-1@group-523986131536->omNode-2: nextIndex: updateUnconditionally 475 -> 45
2021-01-20 18:03:05,514 [grpc-default-executor-7] WARN  server.GrpcLogAppender (LogUtils.java:warn(122)) - omNode-1@group-523986131536->omNode-2-AppendLogResponseHandler: Failed appendEntries: org.apache.ratis.thirdparty.io.grpc.StatusRuntimeException: UNAVAILABLE: io exception
2021-01-20 18:03:05,514 [grpc-default-executor-7] INFO  leader.FollowerInfo (FollowerInfoImpl.java:lambda$new$0(46)) - omNode-1@group-523986131536->omNode-2: nextIndex: updateUnconditionally 475 -> 45
2021-01-20 18:03:05,517 [grpc-default-executor-8] WARN  server.GrpcLogAppender (LogUtils.java:warn(122)) - omNode-1@group-523986131536->omNode-2-AppendLogResponseHandler: Failed appendEntries: org.apache.ratis.thirdparty.io.grpc.StatusRuntimeException: UNAVAILABLE: io exception
2021-01-20 18:03:05,518 [grpc-default-executor-8] INFO  leader.FollowerInfo (FollowerInfoImpl.java:lambda$new$0(46)) - omNode-1@group-523986131536->omNode-2: nextIndex: updateUnconditionally 476 -> 45
2021-01-20 18:03:05,522 [grpc-default-executor-8] WARN  server.GrpcLogAppender (LogUtils.java:warn(122)) - omNode-1@group-523986131536->omNode-2-AppendLogResponseHandler: Failed appendEntries: org.apache.ratis.thirdparty.io.grpc.StatusRuntimeException: UNAVAILABLE: io exception
2021-01-20 18:03:05,523 [grpc-default-executor-8] INFO  leader.FollowerInfo (FollowerInfoImpl.java:lambda$new$0(46)) - omNode-1@group-523986131536->omNode-2: nextIndex: updateUnconditionally 476 -> 45
2021-01-20 18:03:05,524 [grpc-default-executor-8] WARN  server.GrpcLogAppender (LogUtils.java:warn(122)) - omNode-1@group-523986131536->omNode-2-AppendLogResponseHandler: Failed appendEntries: org.apache.ratis.thirdparty.io.grpc.StatusRuntimeException: UNAVAILABLE: io exception
2021-01-20 18:03:05,524 [grpc-default-executor-8] INFO  leader.FollowerInfo (FollowerInfoImpl.java:lambda$new$0(46)) - omNode-1@group-523986131536->omNode-2: nextIndex: updateUnconditionally 477 -> 45
2021-01-20 18:03:05,525 [grpc-default-executor-8] WARN  server.GrpcLogAppender (LogUtils.java:warn(122)) - omNode-1@group-523986131536->omNode-2-AppendLogResponseHandler: Failed appendEntries: org.apache.ratis.thirdparty.io.grpc.StatusRuntimeException: UNAVAILABLE: io exception
2021-01-20 18:03:05,526 [grpc-default-executor-8] INFO  leader.FollowerInfo (FollowerInfoImpl.java:lambda$new$0(46)) - omNode-1@group-523986131536->omNode-2: nextIndex: updateUnconditionally 478 -> 45
2021-01-20 18:03:05,527 [grpc-default-executor-8] WARN  server.GrpcLogAppender (LogUtils.java:warn(122)) - omNode-1@group-523986131536->omNode-2-AppendLogResponseHandler: Failed appendEntries: org.apache.ratis.thirdparty.io.grpc.StatusRuntimeException: UNAVAILABLE: io exception
2021-01-20 18:03:05,527 [grpc-default-executor-8] INFO  leader.FollowerInfo (FollowerInfoImpl.java:lambda$new$0(46)) - omNode-1@group-523986131536->omNode-2: nextIndex: updateUnconditionally 478 -> 45
2021-01-20 18:03:05,528 [grpc-default-executor-8] WARN  server.GrpcLogAppender (LogUtils.java:warn(122)) - omNode-1@group-523986131536->omNode-2-AppendLogResponseHandler: Failed appendEntries: org.apache.ratis.thirdparty.io.grpc.StatusRuntimeException: UNAVAILABLE: io exception
2021-01-20 18:03:05,529 [grpc-default-executor-8] INFO  leader.FollowerInfo (FollowerInfoImpl.java:lambda$new$0(46)) - omNode-1@group-523986131536->omNode-2: nextIndex: updateUnconditionally 479 -> 45
2021-01-20 18:03:05,533 [grpc-default-executor-8] WARN  server.GrpcLogAppender (LogUtils.java:warn(122)) - omNode-1@group-523986131536->omNode-2-AppendLogResponseHandler: Failed appendEntries: org.apache.ratis.thirdparty.io.grpc.StatusRuntimeException: UNAVAILABLE: io exception
2021-01-20 18:03:05,533 [grpc-default-executor-8] INFO  leader.FollowerInfo (FollowerInfoImpl.java:lambda$new$0(46)) - omNode-1@group-523986131536->omNode-2: nextIndex: updateUnconditionally 479 -> 45
2021-01-20 18:03:05,534 [grpc-default-executor-8] WARN  server.GrpcLogAppender (LogUtils.java:warn(122)) - omNode-1@group-523986131536->omNode-2-AppendLogResponseHandler: Failed appendEntries: org.apache.ratis.thirdparty.io.grpc.StatusRuntimeException: UNAVAILABLE: io exception
2021-01-20 18:03:05,534 [grpc-default-executor-8] INFO  leader.FollowerInfo (FollowerInfoImpl.java:lambda$new$0(46)) - omNode-1@group-523986131536->omNode-2: nextIndex: updateUnconditionally 479 -> 45
2021-01-20 18:03:05,535 [grpc-default-executor-8] WARN  server.GrpcLogAppender (LogUtils.java:warn(122)) - omNode-1@group-523986131536->omNode-2-AppendLogResponseHandler: Failed appendEntries: org.apache.ratis.thirdparty.io.grpc.StatusRuntimeException: UNAVAILABLE: io exception
2021-01-20 18:03:05,536 [grpc-default-executor-8] INFO  leader.FollowerInfo (FollowerInfoImpl.java:lambda$new$0(46)) - omNode-1@group-523986131536->omNode-2: nextIndex: updateUnconditionally 480 -> 45
2021-01-20 18:03:05,537 [grpc-default-executor-7] WARN  server.GrpcLogAppender (LogUtils.java:warn(122)) - omNode-1@group-523986131536->omNode-2-AppendLogResponseHandler: Failed appendEntries: org.apache.ratis.thirdparty.io.grpc.StatusRuntimeException: UNAVAILABLE: io exception
2021-01-20 18:03:05,537 [grpc-default-executor-7] INFO  leader.FollowerInfo (FollowerInfoImpl.java:lambda$new$0(46)) - omNode-1@group-523986131536->omNode-2: nextIndex: updateUnconditionally 480 -> 45
2021-01-20 18:03:05,538 [grpc-default-executor-3] WARN  server.GrpcLogAppender (LogUtils.java:warn(122)) - omNode-1@group-523986131536->omNode-2-AppendLogResponseHandler: Failed appendEntries: org.apache.ratis.thirdparty.io.grpc.StatusRuntimeException: UNAVAILABLE: io exception
2021-01-20 18:03:05,538 [grpc-default-executor-3] INFO  leader.FollowerInfo (FollowerInfoImpl.java:lambda$new$0(46)) - omNode-1@group-523986131536->omNode-2: nextIndex: updateUnconditionally 481 -> 45
2021-01-20 18:03:05,540 [grpc-default-executor-7] WARN  server.GrpcLogAppender (LogUtils.java:warn(122)) - omNode-1@group-523986131536->omNode-2-AppendLogResponseHandler: Failed appendEntries: org.apache.ratis.thirdparty.io.grpc.StatusRuntimeException: UNAVAILABLE: io exception
2021-01-20 18:03:05,540 [grpc-default-executor-7] INFO  leader.FollowerInfo (FollowerInfoImpl.java:lambda$new$0(46)) - omNode-1@group-523986131536->omNode-2: nextIndex: updateUnconditionally 482 -> 45
2021-01-20 18:03:05,542 [grpc-default-executor-3] WARN  server.GrpcLogAppender (LogUtils.java:warn(122)) - omNode-1@group-523986131536->omNode-2-AppendLogResponseHandler: Failed appendEntries: org.apache.ratis.thirdparty.io.grpc.StatusRuntimeException: UNAVAILABLE: io exception
2021-01-20 18:03:05,542 [grpc-default-executor-3] INFO  leader.FollowerInfo (FollowerInfoImpl.java:lambda$new$0(46)) - omNode-1@group-523986131536->omNode-2: nextIndex: updateUnconditionally 482 -> 45
2021-01-20 18:03:05,543 [grpc-default-executor-3] WARN  server.GrpcLogAppender (LogUtils.java:warn(122)) - omNode-1@group-523986131536->omNode-2-AppendLogResponseHandler: Failed appendEntries: org.apache.ratis.thirdparty.io.grpc.StatusRuntimeException: UNAVAILABLE: io exception
2021-01-20 18:03:05,543 [grpc-default-executor-3] INFO  leader.FollowerInfo (FollowerInfoImpl.java:lambda$new$0(46)) - omNode-1@group-523986131536->omNode-2: nextIndex: updateUnconditionally 482 -> 45
2021-01-20 18:03:05,544 [grpc-default-executor-3] WARN  server.GrpcLogAppender (LogUtils.java:warn(122)) - omNode-1@group-523986131536->omNode-2-AppendLogResponseHandler: Failed appendEntries: org.apache.ratis.thirdparty.io.grpc.StatusRuntimeException: UNAVAILABLE: io exception
2021-01-20 18:03:05,544 [grpc-default-executor-3] INFO  leader.FollowerInfo (FollowerInfoImpl.java:lambda$new$0(46)) - omNode-1@group-523986131536->omNode-2: nextIndex: updateUnconditionally 483 -> 45
2021-01-20 18:03:05,548 [grpc-default-executor-8] WARN  server.GrpcLogAppender (LogUtils.java:warn(122)) - omNode-1@group-523986131536->omNode-2-AppendLogResponseHandler: Failed appendEntries: org.apache.ratis.thirdparty.io.grpc.StatusRuntimeException: UNAVAILABLE: io exception
2021-01-20 18:03:05,548 [grpc-default-executor-8] INFO  leader.FollowerInfo (FollowerInfoImpl.java:lambda$new$0(46)) - omNode-1@group-523986131536->omNode-2: nextIndex: updateUnconditionally 483 -> 45
2021-01-20 18:03:05,549 [grpc-default-executor-8] WARN  server.GrpcLogAppender (LogUtils.java:warn(122)) - omNode-1@group-523986131536->omNode-2-AppendLogResponseHandler: Failed appendEntries: org.apache.ratis.thirdparty.io.grpc.StatusRuntimeException: UNAVAILABLE: io exception
2021-01-20 18:03:05,549 [grpc-default-executor-8] INFO  leader.FollowerInfo (FollowerInfoImpl.java:lambda$new$0(46)) - omNode-1@group-523986131536->omNode-2: nextIndex: updateUnconditionally 483 -> 45
2021-01-20 18:03:05,555 [grpc-default-executor-8] WARN  server.GrpcLogAppender (LogUtils.java:warn(122)) - omNode-1@group-523986131536->omNode-2-AppendLogResponseHandler: Failed appendEntries: org.apache.ratis.thirdparty.io.grpc.StatusRuntimeException: UNAVAILABLE: io exception
2021-01-20 18:03:05,555 [grpc-default-executor-8] INFO  leader.FollowerInfo (FollowerInfoImpl.java:lambda$new$0(46)) - omNode-1@group-523986131536->omNode-2: nextIndex: updateUnconditionally 484 -> 45
2021-01-20 18:03:05,557 [grpc-default-executor-8] WARN  server.GrpcLogAppender (LogUtils.java:warn(122)) - omNode-1@group-523986131536->omNode-2-AppendLogResponseHandler: Failed appendEntries: org.apache.ratis.thirdparty.io.grpc.StatusRuntimeException: UNAVAILABLE: io exception
2021-01-20 18:03:05,557 [grpc-default-executor-8] INFO  leader.FollowerInfo (FollowerInfoImpl.java:lambda$new$0(46)) - omNode-1@group-523986131536->omNode-2: nextIndex: updateUnconditionally 484 -> 45
2021-01-20 18:03:05,558 [grpc-default-executor-3] WARN  server.GrpcLogAppender (LogUtils.java:warn(122)) - omNode-1@group-523986131536->omNode-2-AppendLogResponseHandler: Failed appendEntries: org.apache.ratis.thirdparty.io.grpc.StatusRuntimeException: UNAVAILABLE: io exception
2021-01-20 18:03:05,558 [grpc-default-executor-3] INFO  leader.FollowerInfo (FollowerInfoImpl.java:lambda$new$0(46)) - omNode-1@group-523986131536->omNode-2: nextIndex: updateUnconditionally 485 -> 45
2021-01-20 18:03:05,561 [grpc-default-executor-8] WARN  server.GrpcLogAppender (LogUtils.java:warn(122)) - omNode-1@group-523986131536->omNode-2-AppendLogResponseHandler: Failed appendEntries: org.apache.ratis.thirdparty.io.grpc.StatusRuntimeException: UNAVAILABLE: io exception
2021-01-20 18:03:05,561 [grpc-default-executor-8] INFO  leader.FollowerInfo (FollowerInfoImpl.java:lambda$new$0(46)) - omNode-1@group-523986131536->omNode-2: nextIndex: updateUnconditionally 486 -> 45
2021-01-20 18:03:05,566 [grpc-default-executor-8] WARN  server.GrpcLogAppender (LogUtils.java:warn(122)) - omNode-1@group-523986131536->omNode-2-AppendLogResponseHandler: Failed appendEntries: org.apache.ratis.thirdparty.io.grpc.StatusRuntimeException: UNAVAILABLE: io exception
2021-01-20 18:03:05,566 [grpc-default-executor-8] INFO  leader.FollowerInfo (FollowerInfoImpl.java:lambda$new$0(46)) - omNode-1@group-523986131536->omNode-2: nextIndex: updateUnconditionally 486 -> 45
2021-01-20 18:03:05,573 [grpc-default-executor-8] WARN  server.GrpcLogAppender (LogUtils.java:warn(122)) - omNode-1@group-523986131536->omNode-2-AppendLogResponseHandler: Failed appendEntries: org.apache.ratis.thirdparty.io.grpc.StatusRuntimeException: UNAVAILABLE: io exception
2021-01-20 18:03:05,573 [grpc-default-executor-8] INFO  leader.FollowerInfo (FollowerInfoImpl.java:lambda$new$0(46)) - omNode-1@group-523986131536->omNode-2: nextIndex: updateUnconditionally 487 -> 45
2021-01-20 18:03:05,584 [grpc-default-executor-8] WARN  server.GrpcLogAppender (LogUtils.java:warn(122)) - omNode-1@group-523986131536->omNode-2-AppendLogResponseHandler: Failed appendEntries: org.apache.ratis.thirdparty.io.grpc.StatusRuntimeException: UNAVAILABLE: io exception
2021-01-20 18:03:05,584 [grpc-default-executor-8] INFO  leader.FollowerInfo (FollowerInfoImpl.java:lambda$new$0(46)) - omNode-1@group-523986131536->omNode-2: nextIndex: updateUnconditionally 487 -> 45
2021-01-20 18:03:05,585 [grpc-default-executor-8] WARN  server.GrpcLogAppender (LogUtils.java:warn(122)) - omNode-1@group-523986131536->omNode-2-AppendLogResponseHandler: Failed appendEntries: org.apache.ratis.thirdparty.io.grpc.StatusRuntimeException: UNAVAILABLE: io exception
2021-01-20 18:03:05,585 [grpc-default-executor-8] INFO  leader.FollowerInfo (FollowerInfoImpl.java:lambda$new$0(46)) - omNode-1@group-523986131536->omNode-2: nextIndex: updateUnconditionally 487 -> 45
2021-01-20 18:03:05,588 [grpc-default-executor-8] WARN  server.GrpcLogAppender (LogUtils.java:warn(122)) - omNode-1@group-523986131536->omNode-2-AppendLogResponseHandler: Failed appendEntries: org.apache.ratis.thirdparty.io.grpc.StatusRuntimeException: UNAVAILABLE: io exception
2021-01-20 18:03:05,588 [grpc-default-executor-8] INFO  leader.FollowerInfo (FollowerInfoImpl.java:lambda$new$0(46)) - omNode-1@group-523986131536->omNode-2: nextIndex: updateUnconditionally 488 -> 45
2021-01-20 18:03:05,596 [grpc-default-executor-8] WARN  server.GrpcLogAppender (LogUtils.java:warn(122)) - omNode-1@group-523986131536->omNode-2-AppendLogResponseHandler: Failed appendEntries: org.apache.ratis.thirdparty.io.grpc.StatusRuntimeException: UNAVAILABLE: io exception
2021-01-20 18:03:05,596 [grpc-default-executor-8] INFO  leader.FollowerInfo (FollowerInfoImpl.java:lambda$new$0(46)) - omNode-1@group-523986131536->omNode-2: nextIndex: updateUnconditionally 488 -> 45
2021-01-20 18:03:05,599 [grpc-default-executor-8] WARN  server.GrpcLogAppender (LogUtils.java:warn(122)) - omNode-1@group-523986131536->omNode-2-AppendLogResponseHandler: Failed appendEntries: org.apache.ratis.thirdparty.io.grpc.StatusRuntimeException: UNAVAILABLE: io exception
2021-01-20 18:03:05,599 [grpc-default-executor-8] INFO  leader.FollowerInfo (FollowerInfoImpl.java:lambda$new$0(46)) - omNode-1@group-523986131536->omNode-2: nextIndex: updateUnconditionally 489 -> 45
2021-01-20 18:03:05,599 [grpc-default-executor-3] WARN  server.GrpcLogAppender (LogUtils.java:warn(122)) - omNode-1@group-523986131536->omNode-2-AppendLogResponseHandler: Failed appendEntries: org.apache.ratis.thirdparty.io.grpc.StatusRuntimeException: UNAVAILABLE: io exception
2021-01-20 18:03:05,599 [grpc-default-executor-3] INFO  leader.FollowerInfo (FollowerInfoImpl.java:lambda$new$0(46)) - omNode-1@group-523986131536->omNode-2: nextIndex: updateUnconditionally 490 -> 45
2021-01-20 18:03:05,600 [grpc-default-executor-3] WARN  server.GrpcLogAppender (LogUtils.java:warn(122)) - omNode-1@group-523986131536->omNode-2-AppendLogResponseHandler: Failed appendEntries: org.apache.ratis.thirdparty.io.grpc.StatusRuntimeException: UNAVAILABLE: io exception
2021-01-20 18:03:05,601 [grpc-default-executor-3] INFO  leader.FollowerInfo (FollowerInfoImpl.java:lambda$new$0(46)) - omNode-1@group-523986131536->omNode-2: nextIndex: updateUnconditionally 490 -> 45
2021-01-20 18:03:05,606 [grpc-default-executor-3] WARN  server.GrpcLogAppender (LogUtils.java:warn(122)) - omNode-1@group-523986131536->omNode-2-AppendLogResponseHandler: Failed appendEntries: org.apache.ratis.thirdparty.io.grpc.StatusRuntimeException: UNAVAILABLE: io exception
2021-01-20 18:03:05,606 [grpc-default-executor-3] INFO  leader.FollowerInfo (FollowerInfoImpl.java:lambda$new$0(46)) - omNode-1@group-523986131536->omNode-2: nextIndex: updateUnconditionally 491 -> 45
2021-01-20 18:03:05,619 [grpc-default-executor-3] WARN  server.GrpcLogAppender (LogUtils.java:warn(122)) - omNode-1@group-523986131536->omNode-2-AppendLogResponseHandler: Failed appendEntries: org.apache.ratis.thirdparty.io.grpc.StatusRuntimeException: UNAVAILABLE: io exception
2021-01-20 18:03:05,620 [grpc-default-executor-3] INFO  leader.FollowerInfo (FollowerInfoImpl.java:lambda$new$0(46)) - omNode-1@group-523986131536->omNode-2: nextIndex: updateUnconditionally 491 -> 45
2021-01-20 18:03:05,623 [grpc-default-executor-3] WARN  server.GrpcLogAppender (LogUtils.java:warn(122)) - omNode-1@group-523986131536->omNode-2-AppendLogResponseHandler: Failed appendEntries: org.apache.ratis.thirdparty.io.grpc.StatusRuntimeException: UNAVAILABLE: io exception
2021-01-20 18:03:05,623 [grpc-default-executor-3] INFO  leader.FollowerInfo (FollowerInfoImpl.java:lambda$new$0(46)) - omNode-1@group-523986131536->omNode-2: nextIndex: updateUnconditionally 492 -> 45
2021-01-20 18:03:05,625 [grpc-default-executor-3] WARN  server.GrpcLogAppender (LogUtils.java:warn(122)) - omNode-1@group-523986131536->omNode-2-AppendLogResponseHandler: Failed appendEntries: org.apache.ratis.thirdparty.io.grpc.StatusRuntimeException: UNAVAILABLE: io exception
2021-01-20 18:03:05,625 [grpc-default-executor-3] INFO  leader.FollowerInfo (FollowerInfoImpl.java:lambda$new$0(46)) - omNode-1@group-523986131536->omNode-2: nextIndex: updateUnconditionally 493 -> 45
2021-01-20 18:03:05,627 [grpc-default-executor-7] WARN  server.GrpcLogAppender (LogUtils.java:warn(122)) - omNode-1@group-523986131536->omNode-2-AppendLogResponseHandler: Failed appendEntries: org.apache.ratis.thirdparty.io.grpc.StatusRuntimeException: UNAVAILABLE: io exception
2021-01-20 18:03:05,627 [grpc-default-executor-7] INFO  leader.FollowerInfo (FollowerInfoImpl.java:lambda$new$0(46)) - omNode-1@group-523986131536->omNode-2: nextIndex: updateUnconditionally 493 -> 45
2021-01-20 18:03:05,628 [grpc-default-executor-7] WARN  server.GrpcLogAppender (LogUtils.java:warn(122)) - omNode-1@group-523986131536->omNode-2-AppendLogResponseHandler: Failed appendEntries: org.apache.ratis.thirdparty.io.grpc.StatusRuntimeException: UNAVAILABLE: io exception
2021-01-20 18:03:05,628 [grpc-default-executor-7] INFO  leader.FollowerInfo (FollowerInfoImpl.java:lambda$new$0(46)) - omNode-1@group-523986131536->omNode-2: nextIndex: updateUnconditionally 494 -> 45
2021-01-20 18:03:05,632 [grpc-default-executor-7] WARN  server.GrpcLogAppender (LogUtils.java:warn(122)) - omNode-1@group-523986131536->omNode-2-AppendLogResponseHandler: Failed appendEntries: org.apache.ratis.thirdparty.io.grpc.StatusRuntimeException: UNAVAILABLE: io exception
2021-01-20 18:03:05,632 [grpc-default-executor-7] INFO  leader.FollowerInfo (FollowerInfoImpl.java:lambda$new$0(46)) - omNode-1@group-523986131536->omNode-2: nextIndex: updateUnconditionally 494 -> 45
2021-01-20 18:03:05,633 [grpc-default-executor-3] WARN  server.GrpcLogAppender (LogUtils.java:warn(122)) - omNode-1@group-523986131536->omNode-2-AppendLogResponseHandler: Failed appendEntries: org.apache.ratis.thirdparty.io.grpc.StatusRuntimeException: UNAVAILABLE: io exception
2021-01-20 18:03:05,633 [grpc-default-executor-3] INFO  leader.FollowerInfo (FollowerInfoImpl.java:lambda$new$0(46)) - omNode-1@group-523986131536->omNode-2: nextIndex: updateUnconditionally 494 -> 45
2021-01-20 18:03:05,637 [grpc-default-executor-3] WARN  server.GrpcLogAppender (LogUtils.java:warn(122)) - omNode-1@group-523986131536->omNode-2-AppendLogResponseHandler: Failed appendEntries: org.apache.ratis.thirdparty.io.grpc.StatusRuntimeException: UNAVAILABLE: io exception
2021-01-20 18:03:05,637 [grpc-default-executor-3] INFO  leader.FollowerInfo (FollowerInfoImpl.java:lambda$new$0(46)) - omNode-1@group-523986131536->omNode-2: nextIndex: updateUnconditionally 495 -> 45
2021-01-20 18:03:05,639 [grpc-default-executor-3] WARN  server.GrpcLogAppender (LogUtils.java:warn(122)) - omNode-1@group-523986131536->omNode-2-AppendLogResponseHandler: Failed appendEntries: org.apache.ratis.thirdparty.io.grpc.StatusRuntimeException: UNAVAILABLE: io exception
2021-01-20 18:03:05,639 [grpc-default-executor-3] INFO  leader.FollowerInfo (FollowerInfoImpl.java:lambda$new$0(46)) - omNode-1@group-523986131536->omNode-2: nextIndex: updateUnconditionally 495 -> 45
2021-01-20 18:03:05,640 [grpc-default-executor-3] WARN  server.GrpcLogAppender (LogUtils.java:warn(122)) - omNode-1@group-523986131536->omNode-2-AppendLogResponseHandler: Failed appendEntries: org.apache.ratis.thirdparty.io.grpc.StatusRuntimeException: UNAVAILABLE: io exception
2021-01-20 18:03:05,640 [grpc-default-executor-3] INFO  leader.FollowerInfo (FollowerInfoImpl.java:lambda$new$0(46)) - omNode-1@group-523986131536->omNode-2: nextIndex: updateUnconditionally 495 -> 45
2021-01-20 18:03:05,644 [grpc-default-executor-7] WARN  server.GrpcLogAppender (LogUtils.java:warn(122)) - omNode-1@group-523986131536->omNode-2-AppendLogResponseHandler: Failed appendEntries: org.apache.ratis.thirdparty.io.grpc.StatusRuntimeException: UNAVAILABLE: io exception
2021-01-20 18:03:05,644 [grpc-default-executor-7] INFO  leader.FollowerInfo (FollowerInfoImpl.java:lambda$new$0(46)) - omNode-1@group-523986131536->omNode-2: nextIndex: updateUnconditionally 496 -> 45
2021-01-20 18:03:05,647 [grpc-default-executor-7] WARN  server.GrpcLogAppender (LogUtils.java:warn(122)) - omNode-1@group-523986131536->omNode-2-AppendLogResponseHandler: Failed appendEntries: org.apache.ratis.thirdparty.io.grpc.StatusRuntimeException: UNAVAILABLE: io exception
2021-01-20 18:03:05,647 [grpc-default-executor-7] INFO  leader.FollowerInfo (FollowerInfoImpl.java:lambda$new$0(46)) - omNode-1@group-523986131536->omNode-2: nextIndex: updateUnconditionally 496 -> 45
2021-01-20 18:03:05,649 [grpc-default-executor-7] WARN  server.GrpcLogAppender (LogUtils.java:warn(122)) - omNode-1@group-523986131536->omNode-2-AppendLogResponseHandler: Failed appendEntries: org.apache.ratis.thirdparty.io.grpc.StatusRuntimeException: UNAVAILABLE: io exception
2021-01-20 18:03:05,649 [grpc-default-executor-7] INFO  leader.FollowerInfo (FollowerInfoImpl.java:lambda$new$0(46)) - omNode-1@group-523986131536->omNode-2: nextIndex: updateUnconditionally 498 -> 45
2021-01-20 18:03:05,650 [grpc-default-executor-7] WARN  server.GrpcLogAppender (LogUtils.java:warn(122)) - omNode-1@group-523986131536->omNode-2-AppendLogResponseHandler: Failed appendEntries: org.apache.ratis.thirdparty.io.grpc.StatusRuntimeException: UNAVAILABLE: io exception
2021-01-20 18:03:05,651 [grpc-default-executor-7] INFO  leader.FollowerInfo (FollowerInfoImpl.java:lambda$new$0(46)) - omNode-1@group-523986131536->omNode-2: nextIndex: updateUnconditionally 498 -> 45
2021-01-20 18:03:05,654 [grpc-default-executor-7] WARN  server.GrpcLogAppender (LogUtils.java:warn(122)) - omNode-1@group-523986131536->omNode-2-AppendLogResponseHandler: Failed appendEntries: org.apache.ratis.thirdparty.io.grpc.StatusRuntimeException: UNAVAILABLE: io exception
2021-01-20 18:03:05,654 [grpc-default-executor-7] INFO  leader.FollowerInfo (FollowerInfoImpl.java:lambda$new$0(46)) - omNode-1@group-523986131536->omNode-2: nextIndex: updateUnconditionally 499 -> 45
2021-01-20 18:03:05,658 [grpc-default-executor-7] WARN  server.GrpcLogAppender (LogUtils.java:warn(122)) - omNode-1@group-523986131536->omNode-2-AppendLogResponseHandler: Failed appendEntries: org.apache.ratis.thirdparty.io.grpc.StatusRuntimeException: UNAVAILABLE: io exception
2021-01-20 18:03:05,658 [grpc-default-executor-7] INFO  leader.FollowerInfo (FollowerInfoImpl.java:lambda$new$0(46)) - omNode-1@group-523986131536->omNode-2: nextIndex: updateUnconditionally 500 -> 45
2021-01-20 18:03:05,660 [omNode-1@group-523986131536-StateMachineUpdater] INFO  ratis.OzoneManagerStateMachine (OzoneManagerStateMachine.java:takeSnapshot(345)) - Current Snapshot Index (t:1, i:498)
2021-01-20 18:03:05,660 [omNode-1@group-523986131536-StateMachineUpdater] INFO  impl.StateMachineUpdater (StateMachineUpdater.java:takeSnapshot(279)) - omNode-1@group-523986131536-StateMachineUpdater: Took a snapshot at index 498
2021-01-20 18:03:05,660 [omNode-1@group-523986131536-StateMachineUpdater] INFO  impl.StateMachineUpdater (StateMachineUpdater.java:lambda$new$0(88)) - omNode-1@group-523986131536-StateMachineUpdater: snapshotIndex: updateIncreasingly 448 -> 498
2021-01-20 18:03:05,660 [omNode-1@group-523986131536-StateMachineUpdater] INFO  raftlog.RaftLog (RaftLogBase.java:purge(306)) - omNode-1@group-523986131536-SegmentedRaftLog: purge 498
2021-01-20 18:03:05,660 [omNode-1@group-523986131536-StateMachineUpdater] INFO  raftlog.RaftLog (RaftLogBase.java:lambda$new$0(53)) - omNode-1@group-523986131536-SegmentedRaftLog: snapshotIndex: updateIncreasingly 448 -> 498
2021-01-20 18:03:05,660 [omNode-1@group-523986131536-StateMachineUpdater] INFO  raftlog.RaftLog (RaftLogBase.java:lambda$new$0(53)) - omNode-1@group-523986131536-SegmentedRaftLog: purgeIndex: updateToMax old=448, new=498, updated? true
2021-01-20 18:03:05,660 [grpc-default-executor-7] WARN  server.GrpcLogAppender (LogUtils.java:warn(122)) - omNode-1@group-523986131536->omNode-2-AppendLogResponseHandler: Failed appendEntries: org.apache.ratis.thirdparty.io.grpc.StatusRuntimeException: UNAVAILABLE: io exception
2021-01-20 18:03:05,660 [grpc-default-executor-7] INFO  leader.FollowerInfo (FollowerInfoImpl.java:lambda$new$0(46)) - omNode-1@group-523986131536->omNode-2: nextIndex: updateUnconditionally 500 -> 45
2021-01-20 18:03:05,665 [grpc-default-executor-7] WARN  server.GrpcLogAppender (LogUtils.java:warn(122)) - omNode-1@group-523986131536->omNode-2-AppendLogResponseHandler: Failed appendEntries: org.apache.ratis.thirdparty.io.grpc.StatusRuntimeException: UNAVAILABLE: io exception
2021-01-20 18:03:05,665 [grpc-default-executor-7] INFO  leader.FollowerInfo (FollowerInfoImpl.java:lambda$new$0(46)) - omNode-1@group-523986131536->omNode-2: nextIndex: updateUnconditionally 501 -> 45
2021-01-20 18:03:05,667 [grpc-default-executor-7] WARN  server.GrpcLogAppender (LogUtils.java:warn(122)) - omNode-1@group-523986131536->omNode-2-AppendLogResponseHandler: Failed appendEntries: org.apache.ratis.thirdparty.io.grpc.StatusRuntimeException: UNAVAILABLE: io exception
2021-01-20 18:03:05,667 [grpc-default-executor-7] INFO  leader.FollowerInfo (FollowerInfoImpl.java:lambda$new$0(46)) - omNode-1@group-523986131536->omNode-2: nextIndex: updateUnconditionally 502 -> 45
2021-01-20 18:03:05,672 [omNode-3@group-523986131536-StateMachineUpdater] INFO  ratis.OzoneManagerStateMachine (OzoneManagerStateMachine.java:takeSnapshot(345)) - Current Snapshot Index (t:1, i:499)
2021-01-20 18:03:05,672 [omNode-3@group-523986131536-StateMachineUpdater] INFO  impl.StateMachineUpdater (StateMachineUpdater.java:takeSnapshot(279)) - omNode-3@group-523986131536-StateMachineUpdater: Took a snapshot at index 499
2021-01-20 18:03:05,672 [omNode-3@group-523986131536-StateMachineUpdater] INFO  impl.StateMachineUpdater (StateMachineUpdater.java:lambda$new$0(88)) - omNode-3@group-523986131536-StateMachineUpdater: snapshotIndex: updateIncreasingly 449 -> 499
2021-01-20 18:03:05,672 [omNode-3@group-523986131536-StateMachineUpdater] INFO  raftlog.RaftLog (RaftLogBase.java:purge(306)) - omNode-3@group-523986131536-SegmentedRaftLog: purge 499
2021-01-20 18:03:05,673 [omNode-3@group-523986131536-StateMachineUpdater] INFO  raftlog.RaftLog (RaftLogBase.java:lambda$new$0(53)) - omNode-3@group-523986131536-SegmentedRaftLog: snapshotIndex: updateIncreasingly 449 -> 499
2021-01-20 18:03:05,673 [omNode-3@group-523986131536-StateMachineUpdater] INFO  raftlog.RaftLog (RaftLogBase.java:lambda$new$0(53)) - omNode-3@group-523986131536-SegmentedRaftLog: purgeIndex: updateToMax old=449, new=499, updated? true
2021-01-20 18:03:05,673 [grpc-default-executor-7] WARN  server.GrpcLogAppender (LogUtils.java:warn(122)) - omNode-1@group-523986131536->omNode-2-AppendLogResponseHandler: Failed appendEntries: org.apache.ratis.thirdparty.io.grpc.StatusRuntimeException: UNAVAILABLE: io exception
2021-01-20 18:03:05,674 [grpc-default-executor-7] INFO  leader.FollowerInfo (FollowerInfoImpl.java:lambda$new$0(46)) - omNode-1@group-523986131536->omNode-2: nextIndex: updateUnconditionally 502 -> 45
2021-01-20 18:03:05,674 [grpc-default-executor-7] WARN  server.GrpcLogAppender (LogUtils.java:warn(122)) - omNode-1@group-523986131536->omNode-2-AppendLogResponseHandler: Failed appendEntries: org.apache.ratis.thirdparty.io.grpc.StatusRuntimeException: UNAVAILABLE: io exception
2021-01-20 18:03:05,675 [grpc-default-executor-7] INFO  leader.FollowerInfo (FollowerInfoImpl.java:lambda$new$0(46)) - omNode-1@group-523986131536->omNode-2: nextIndex: updateUnconditionally 502 -> 45
2021-01-20 18:03:05,678 [grpc-default-executor-7] WARN  server.GrpcLogAppender (LogUtils.java:warn(122)) - omNode-1@group-523986131536->omNode-2-AppendLogResponseHandler: Failed appendEntries: org.apache.ratis.thirdparty.io.grpc.StatusRuntimeException: UNAVAILABLE: io exception
2021-01-20 18:03:05,678 [grpc-default-executor-7] INFO  leader.FollowerInfo (FollowerInfoImpl.java:lambda$new$0(46)) - omNode-1@group-523986131536->omNode-2: nextIndex: updateUnconditionally 503 -> 45
2021-01-20 18:03:05,680 [grpc-default-executor-7] WARN  server.GrpcLogAppender (LogUtils.java:warn(122)) - omNode-1@group-523986131536->omNode-2-AppendLogResponseHandler: Failed appendEntries: org.apache.ratis.thirdparty.io.grpc.StatusRuntimeException: UNAVAILABLE: io exception
2021-01-20 18:03:05,680 [grpc-default-executor-7] INFO  leader.FollowerInfo (FollowerInfoImpl.java:lambda$new$0(46)) - omNode-1@group-523986131536->omNode-2: nextIndex: updateUnconditionally 503 -> 45
2021-01-20 18:03:05,681 [grpc-default-executor-7] WARN  server.GrpcLogAppender (LogUtils.java:warn(122)) - omNode-1@group-523986131536->omNode-2-AppendLogResponseHandler: Failed appendEntries: org.apache.ratis.thirdparty.io.grpc.StatusRuntimeException: UNAVAILABLE: io exception
2021-01-20 18:03:05,681 [grpc-default-executor-7] INFO  leader.FollowerInfo (FollowerInfoImpl.java:lambda$new$0(46)) - omNode-1@group-523986131536->omNode-2: nextIndex: updateUnconditionally 503 -> 45
2021-01-20 18:03:05,685 [grpc-default-executor-8] WARN  server.GrpcLogAppender (LogUtils.java:warn(122)) - omNode-1@group-523986131536->omNode-2-AppendLogResponseHandler: Failed appendEntries: org.apache.ratis.thirdparty.io.grpc.StatusRuntimeException: UNAVAILABLE: io exception
2021-01-20 18:03:05,685 [grpc-default-executor-8] INFO  leader.FollowerInfo (FollowerInfoImpl.java:lambda$new$0(46)) - omNode-1@group-523986131536->omNode-2: nextIndex: updateUnconditionally 504 -> 45
2021-01-20 18:03:05,688 [grpc-default-executor-8] WARN  server.GrpcLogAppender (LogUtils.java:warn(122)) - omNode-1@group-523986131536->omNode-2-AppendLogResponseHandler: Failed appendEntries: org.apache.ratis.thirdparty.io.grpc.StatusRuntimeException: UNAVAILABLE: io exception
2021-01-20 18:03:05,688 [grpc-default-executor-8] INFO  leader.FollowerInfo (FollowerInfoImpl.java:lambda$new$0(46)) - omNode-1@group-523986131536->omNode-2: nextIndex: updateUnconditionally 504 -> 45
2021-01-20 18:03:05,689 [grpc-default-executor-8] WARN  server.GrpcLogAppender (LogUtils.java:warn(122)) - omNode-1@group-523986131536->omNode-2-AppendLogResponseHandler: Failed appendEntries: org.apache.ratis.thirdparty.io.grpc.StatusRuntimeException: UNAVAILABLE: io exception
2021-01-20 18:03:05,689 [grpc-default-executor-8] INFO  leader.FollowerInfo (FollowerInfoImpl.java:lambda$new$0(46)) - omNode-1@group-523986131536->omNode-2: nextIndex: updateUnconditionally 505 -> 45
2021-01-20 18:03:05,690 [grpc-default-executor-8] WARN  server.GrpcLogAppender (LogUtils.java:warn(122)) - omNode-1@group-523986131536->omNode-2-AppendLogResponseHandler: Failed appendEntries: org.apache.ratis.thirdparty.io.grpc.StatusRuntimeException: UNAVAILABLE: io exception
2021-01-20 18:03:05,690 [grpc-default-executor-8] INFO  leader.FollowerInfo (FollowerInfoImpl.java:lambda$new$0(46)) - omNode-1@group-523986131536->omNode-2: nextIndex: updateUnconditionally 506 -> 45
2021-01-20 18:03:05,692 [grpc-default-executor-8] WARN  server.GrpcLogAppender (LogUtils.java:warn(122)) - omNode-1@group-523986131536->omNode-2-AppendLogResponseHandler: Failed appendEntries: org.apache.ratis.thirdparty.io.grpc.StatusRuntimeException: UNAVAILABLE: io exception
2021-01-20 18:03:05,692 [grpc-default-executor-8] INFO  leader.FollowerInfo (FollowerInfoImpl.java:lambda$new$0(46)) - omNode-1@group-523986131536->omNode-2: nextIndex: updateUnconditionally 506 -> 45
2021-01-20 18:03:05,693 [grpc-default-executor-8] WARN  server.GrpcLogAppender (LogUtils.java:warn(122)) - omNode-1@group-523986131536->omNode-2-AppendLogResponseHandler: Failed appendEntries: org.apache.ratis.thirdparty.io.grpc.StatusRuntimeException: UNAVAILABLE: io exception
2021-01-20 18:03:05,693 [grpc-default-executor-8] INFO  leader.FollowerInfo (FollowerInfoImpl.java:lambda$new$0(46)) - omNode-1@group-523986131536->omNode-2: nextIndex: updateUnconditionally 506 -> 45
2021-01-20 18:03:05,698 [grpc-default-executor-8] WARN  server.GrpcLogAppender (LogUtils.java:warn(122)) - omNode-1@group-523986131536->omNode-2-AppendLogResponseHandler: Failed appendEntries: org.apache.ratis.thirdparty.io.grpc.StatusRuntimeException: UNAVAILABLE: io exception
2021-01-20 18:03:05,698 [grpc-default-executor-8] INFO  leader.FollowerInfo (FollowerInfoImpl.java:lambda$new$0(46)) - omNode-1@group-523986131536->omNode-2: nextIndex: updateUnconditionally 507 -> 45
2021-01-20 18:03:05,704 [grpc-default-executor-8] WARN  server.GrpcLogAppender (LogUtils.java:warn(122)) - omNode-1@group-523986131536->omNode-2-AppendLogResponseHandler: Failed appendEntries: org.apache.ratis.thirdparty.io.grpc.StatusRuntimeException: UNAVAILABLE: io exception
2021-01-20 18:03:05,704 [grpc-default-executor-8] INFO  leader.FollowerInfo (FollowerInfoImpl.java:lambda$new$0(46)) - omNode-1@group-523986131536->omNode-2: nextIndex: updateUnconditionally 507 -> 45
2021-01-20 18:03:05,708 [grpc-default-executor-8] WARN  server.GrpcLogAppender (LogUtils.java:warn(122)) - omNode-1@group-523986131536->omNode-2-AppendLogResponseHandler: Failed appendEntries: org.apache.ratis.thirdparty.io.grpc.StatusRuntimeException: UNAVAILABLE: io exception
2021-01-20 18:03:05,708 [grpc-default-executor-8] INFO  leader.FollowerInfo (FollowerInfoImpl.java:lambda$new$0(46)) - omNode-1@group-523986131536->omNode-2: nextIndex: updateUnconditionally 508 -> 45
2021-01-20 18:03:05,711 [grpc-default-executor-3] WARN  server.GrpcLogAppender (LogUtils.java:warn(122)) - omNode-1@group-523986131536->omNode-2-AppendLogResponseHandler: Failed appendEntries: org.apache.ratis.thirdparty.io.grpc.StatusRuntimeException: UNAVAILABLE: io exception
2021-01-20 18:03:05,712 [grpc-default-executor-3] INFO  leader.FollowerInfo (FollowerInfoImpl.java:lambda$new$0(46)) - omNode-1@group-523986131536->omNode-2: nextIndex: updateUnconditionally 508 -> 45
2021-01-20 18:03:05,713 [grpc-default-executor-3] WARN  server.GrpcLogAppender (LogUtils.java:warn(122)) - omNode-1@group-523986131536->omNode-2-AppendLogResponseHandler: Failed appendEntries: org.apache.ratis.thirdparty.io.grpc.StatusRuntimeException: UNAVAILABLE: io exception
2021-01-20 18:03:05,713 [grpc-default-executor-3] INFO  leader.FollowerInfo (FollowerInfoImpl.java:lambda$new$0(46)) - omNode-1@group-523986131536->omNode-2: nextIndex: updateUnconditionally 509 -> 45
2021-01-20 18:03:05,714 [grpc-default-executor-3] WARN  server.GrpcLogAppender (LogUtils.java:warn(122)) - omNode-1@group-523986131536->omNode-2-AppendLogResponseHandler: Failed appendEntries: org.apache.ratis.thirdparty.io.grpc.StatusRuntimeException: UNAVAILABLE: io exception
2021-01-20 18:03:05,714 [grpc-default-executor-3] INFO  leader.FollowerInfo (FollowerInfoImpl.java:lambda$new$0(46)) - omNode-1@group-523986131536->omNode-2: nextIndex: updateUnconditionally 510 -> 45
2021-01-20 18:03:05,715 [grpc-default-executor-3] WARN  server.GrpcLogAppender (LogUtils.java:warn(122)) - omNode-1@group-523986131536->omNode-2-AppendLogResponseHandler: Failed appendEntries: org.apache.ratis.thirdparty.io.grpc.StatusRuntimeException: UNAVAILABLE: io exception
2021-01-20 18:03:05,716 [grpc-default-executor-3] INFO  leader.FollowerInfo (FollowerInfoImpl.java:lambda$new$0(46)) - omNode-1@group-523986131536->omNode-2: nextIndex: updateUnconditionally 510 -> 45
2021-01-20 18:03:05,719 [grpc-default-executor-3] WARN  server.GrpcLogAppender (LogUtils.java:warn(122)) - omNode-1@group-523986131536->omNode-2-AppendLogResponseHandler: Failed appendEntries: org.apache.ratis.thirdparty.io.grpc.StatusRuntimeException: UNAVAILABLE: io exception
2021-01-20 18:03:05,719 [grpc-default-executor-3] INFO  leader.FollowerInfo (FollowerInfoImpl.java:lambda$new$0(46)) - omNode-1@group-523986131536->omNode-2: nextIndex: updateUnconditionally 511 -> 45
2021-01-20 18:03:05,725 [grpc-default-executor-3] WARN  server.GrpcLogAppender (LogUtils.java:warn(122)) - omNode-1@group-523986131536->omNode-2-AppendLogResponseHandler: Failed appendEntries: org.apache.ratis.thirdparty.io.grpc.StatusRuntimeException: UNAVAILABLE: io exception
2021-01-20 18:03:05,725 [grpc-default-executor-3] INFO  leader.FollowerInfo (FollowerInfoImpl.java:lambda$new$0(46)) - omNode-1@group-523986131536->omNode-2: nextIndex: updateUnconditionally 512 -> 45
2021-01-20 18:03:05,726 [grpc-default-executor-3] WARN  server.GrpcLogAppender (LogUtils.java:warn(122)) - omNode-1@group-523986131536->omNode-2-AppendLogResponseHandler: Failed appendEntries: org.apache.ratis.thirdparty.io.grpc.StatusRuntimeException: UNAVAILABLE: io exception
2021-01-20 18:03:05,726 [grpc-default-executor-3] INFO  leader.FollowerInfo (FollowerInfoImpl.java:lambda$new$0(46)) - omNode-1@group-523986131536->omNode-2: nextIndex: updateUnconditionally 512 -> 45
2021-01-20 18:03:05,728 [grpc-default-executor-3] WARN  server.GrpcLogAppender (LogUtils.java:warn(122)) - omNode-1@group-523986131536->omNode-2-AppendLogResponseHandler: Failed appendEntries: org.apache.ratis.thirdparty.io.grpc.StatusRuntimeException: UNAVAILABLE: io exception
2021-01-20 18:03:05,728 [grpc-default-executor-3] INFO  leader.FollowerInfo (FollowerInfoImpl.java:lambda$new$0(46)) - omNode-1@group-523986131536->omNode-2: nextIndex: updateUnconditionally 513 -> 45
2021-01-20 18:03:05,731 [grpc-default-executor-3] WARN  server.GrpcLogAppender (LogUtils.java:warn(122)) - omNode-1@group-523986131536->omNode-2-AppendLogResponseHandler: Failed appendEntries: org.apache.ratis.thirdparty.io.grpc.StatusRuntimeException: UNAVAILABLE: io exception
2021-01-20 18:03:05,731 [grpc-default-executor-3] INFO  leader.FollowerInfo (FollowerInfoImpl.java:lambda$new$0(46)) - omNode-1@group-523986131536->omNode-2: nextIndex: updateUnconditionally 514 -> 45
2021-01-20 18:03:05,731 [grpc-default-executor-3] WARN  server.GrpcLogAppender (LogUtils.java:warn(122)) - omNode-1@group-523986131536->omNode-2-AppendLogResponseHandler: Failed appendEntries: org.apache.ratis.thirdparty.io.grpc.StatusRuntimeException: UNAVAILABLE: io exception
2021-01-20 18:03:05,731 [grpc-default-executor-3] INFO  leader.FollowerInfo (FollowerInfoImpl.java:lambda$new$0(46)) - omNode-1@group-523986131536->omNode-2: nextIndex: updateUnconditionally 514 -> 45
2021-01-20 18:03:05,732 [grpc-default-executor-3] WARN  server.GrpcLogAppender (LogUtils.java:warn(122)) - omNode-1@group-523986131536->omNode-2-AppendLogResponseHandler: Failed appendEntries: org.apache.ratis.thirdparty.io.grpc.StatusRuntimeException: UNAVAILABLE: io exception
2021-01-20 18:03:05,732 [grpc-default-executor-3] INFO  leader.FollowerInfo (FollowerInfoImpl.java:lambda$new$0(46)) - omNode-1@group-523986131536->omNode-2: nextIndex: updateUnconditionally 514 -> 45
2021-01-20 18:03:05,735 [grpc-default-executor-3] WARN  server.GrpcLogAppender (LogUtils.java:warn(122)) - omNode-1@group-523986131536->omNode-2-AppendLogResponseHandler: Failed appendEntries: org.apache.ratis.thirdparty.io.grpc.StatusRuntimeException: UNAVAILABLE: io exception
2021-01-20 18:03:05,735 [grpc-default-executor-3] INFO  leader.FollowerInfo (FollowerInfoImpl.java:lambda$new$0(46)) - omNode-1@group-523986131536->omNode-2: nextIndex: updateUnconditionally 515 -> 45
2021-01-20 18:03:05,737 [grpc-default-executor-3] WARN  server.GrpcLogAppender (LogUtils.java:warn(122)) - omNode-1@group-523986131536->omNode-2-AppendLogResponseHandler: Failed appendEntries: org.apache.ratis.thirdparty.io.grpc.StatusRuntimeException: UNAVAILABLE: io exception
2021-01-20 18:03:05,738 [grpc-default-executor-3] INFO  leader.FollowerInfo (FollowerInfoImpl.java:lambda$new$0(46)) - omNode-1@group-523986131536->omNode-2: nextIndex: updateUnconditionally 515 -> 45
2021-01-20 18:03:05,739 [grpc-default-executor-8] WARN  server.GrpcLogAppender (LogUtils.java:warn(122)) - omNode-1@group-523986131536->omNode-2-AppendLogResponseHandler: Failed appendEntries: org.apache.ratis.thirdparty.io.grpc.StatusRuntimeException: UNAVAILABLE: io exception
2021-01-20 18:03:05,739 [grpc-default-executor-8] INFO  leader.FollowerInfo (FollowerInfoImpl.java:lambda$new$0(46)) - omNode-1@group-523986131536->omNode-2: nextIndex: updateUnconditionally 516 -> 45
2021-01-20 18:03:05,741 [grpc-default-executor-3] WARN  server.GrpcLogAppender (LogUtils.java:warn(122)) - omNode-1@group-523986131536->omNode-2-AppendLogResponseHandler: Failed appendEntries: org.apache.ratis.thirdparty.io.grpc.StatusRuntimeException: UNAVAILABLE: io exception
2021-01-20 18:03:05,741 [grpc-default-executor-3] INFO  leader.FollowerInfo (FollowerInfoImpl.java:lambda$new$0(46)) - omNode-1@group-523986131536->omNode-2: nextIndex: updateUnconditionally 516 -> 45
2021-01-20 18:03:05,742 [grpc-default-executor-8] WARN  server.GrpcLogAppender (LogUtils.java:warn(122)) - omNode-1@group-523986131536->omNode-2-AppendLogResponseHandler: Failed appendEntries: org.apache.ratis.thirdparty.io.grpc.StatusRuntimeException: UNAVAILABLE: io exception
2021-01-20 18:03:05,742 [grpc-default-executor-8] INFO  leader.FollowerInfo (FollowerInfoImpl.java:lambda$new$0(46)) - omNode-1@group-523986131536->omNode-2: nextIndex: updateUnconditionally 517 -> 45
2021-01-20 18:03:05,744 [grpc-default-executor-8] WARN  server.GrpcLogAppender (LogUtils.java:warn(122)) - omNode-1@group-523986131536->omNode-2-AppendLogResponseHandler: Failed appendEntries: org.apache.ratis.thirdparty.io.grpc.StatusRuntimeException: UNAVAILABLE: io exception
2021-01-20 18:03:05,744 [grpc-default-executor-8] INFO  leader.FollowerInfo (FollowerInfoImpl.java:lambda$new$0(46)) - omNode-1@group-523986131536->omNode-2: nextIndex: updateUnconditionally 517 -> 45
2021-01-20 18:03:05,745 [grpc-default-executor-6] WARN  server.GrpcLogAppender (LogUtils.java:warn(122)) - omNode-1@group-523986131536->omNode-2-AppendLogResponseHandler: Failed appendEntries: org.apache.ratis.thirdparty.io.grpc.StatusRuntimeException: UNAVAILABLE: io exception
2021-01-20 18:03:05,745 [grpc-default-executor-6] INFO  leader.FollowerInfo (FollowerInfoImpl.java:lambda$new$0(46)) - omNode-1@group-523986131536->omNode-2: nextIndex: updateUnconditionally 518 -> 45
2021-01-20 18:03:05,746 [grpc-default-executor-6] WARN  server.GrpcLogAppender (LogUtils.java:warn(122)) - omNode-1@group-523986131536->omNode-2-AppendLogResponseHandler: Failed appendEntries: org.apache.ratis.thirdparty.io.grpc.StatusRuntimeException: UNAVAILABLE: io exception
2021-01-20 18:03:05,746 [grpc-default-executor-6] INFO  leader.FollowerInfo (FollowerInfoImpl.java:lambda$new$0(46)) - omNode-1@group-523986131536->omNode-2: nextIndex: updateUnconditionally 518 -> 45
2021-01-20 18:03:05,748 [grpc-default-executor-3] WARN  server.GrpcLogAppender (LogUtils.java:warn(122)) - omNode-1@group-523986131536->omNode-2-AppendLogResponseHandler: Failed appendEntries: org.apache.ratis.thirdparty.io.grpc.StatusRuntimeException: UNAVAILABLE: io exception
2021-01-20 18:03:05,749 [grpc-default-executor-3] INFO  leader.FollowerInfo (FollowerInfoImpl.java:lambda$new$0(46)) - omNode-1@group-523986131536->omNode-2: nextIndex: updateUnconditionally 519 -> 45
2021-01-20 18:03:05,757 [grpc-default-executor-8] WARN  server.GrpcLogAppender (LogUtils.java:warn(122)) - omNode-1@group-523986131536->omNode-2-AppendLogResponseHandler: Failed appendEntries: org.apache.ratis.thirdparty.io.grpc.StatusRuntimeException: UNAVAILABLE: io exception
2021-01-20 18:03:05,757 [grpc-default-executor-8] INFO  leader.FollowerInfo (FollowerInfoImpl.java:lambda$new$0(46)) - omNode-1@group-523986131536->omNode-2: nextIndex: updateUnconditionally 519 -> 45
2021-01-20 18:03:05,758 [grpc-default-executor-8] WARN  server.GrpcLogAppender (LogUtils.java:warn(122)) - omNode-1@group-523986131536->omNode-2-AppendLogResponseHandler: Failed appendEntries: org.apache.ratis.thirdparty.io.grpc.StatusRuntimeException: UNAVAILABLE: io exception
2021-01-20 18:03:05,758 [grpc-default-executor-8] INFO  leader.FollowerInfo (FollowerInfoImpl.java:lambda$new$0(46)) - omNode-1@group-523986131536->omNode-2: nextIndex: updateUnconditionally 520 -> 45
2021-01-20 18:03:05,764 [grpc-default-executor-8] WARN  server.GrpcLogAppender (LogUtils.java:warn(122)) - omNode-1@group-523986131536->omNode-2-AppendLogResponseHandler: Failed appendEntries: org.apache.ratis.thirdparty.io.grpc.StatusRuntimeException: UNAVAILABLE: io exception
2021-01-20 18:03:05,765 [grpc-default-executor-8] INFO  leader.FollowerInfo (FollowerInfoImpl.java:lambda$new$0(46)) - omNode-1@group-523986131536->omNode-2: nextIndex: updateUnconditionally 521 -> 45
2021-01-20 18:03:05,767 [grpc-default-executor-3] WARN  server.GrpcLogAppender (LogUtils.java:warn(122)) - omNode-1@group-523986131536->omNode-2-AppendLogResponseHandler: Failed appendEntries: org.apache.ratis.thirdparty.io.grpc.StatusRuntimeException: UNAVAILABLE: io exception
2021-01-20 18:03:05,767 [grpc-default-executor-3] INFO  leader.FollowerInfo (FollowerInfoImpl.java:lambda$new$0(46)) - omNode-1@group-523986131536->omNode-2: nextIndex: updateUnconditionally 521 -> 45
2021-01-20 18:03:05,768 [grpc-default-executor-3] WARN  server.GrpcLogAppender (LogUtils.java:warn(122)) - omNode-1@group-523986131536->omNode-2-AppendLogResponseHandler: Failed appendEntries: org.apache.ratis.thirdparty.io.grpc.StatusRuntimeException: UNAVAILABLE: io exception
2021-01-20 18:03:05,768 [grpc-default-executor-3] INFO  leader.FollowerInfo (FollowerInfoImpl.java:lambda$new$0(46)) - omNode-1@group-523986131536->omNode-2: nextIndex: updateUnconditionally 522 -> 45
2021-01-20 18:03:05,772 [grpc-default-executor-8] WARN  server.GrpcLogAppender (LogUtils.java:warn(122)) - omNode-1@group-523986131536->omNode-2-AppendLogResponseHandler: Failed appendEntries: org.apache.ratis.thirdparty.io.grpc.StatusRuntimeException: UNAVAILABLE: io exception
2021-01-20 18:03:05,772 [grpc-default-executor-8] INFO  leader.FollowerInfo (FollowerInfoImpl.java:lambda$new$0(46)) - omNode-1@group-523986131536->omNode-2: nextIndex: updateUnconditionally 523 -> 45
2021-01-20 18:03:05,775 [grpc-default-executor-8] WARN  server.GrpcLogAppender (LogUtils.java:warn(122)) - omNode-1@group-523986131536->omNode-2-AppendLogResponseHandler: Failed appendEntries: org.apache.ratis.thirdparty.io.grpc.StatusRuntimeException: UNAVAILABLE: io exception
2021-01-20 18:03:05,775 [grpc-default-executor-8] INFO  leader.FollowerInfo (FollowerInfoImpl.java:lambda$new$0(46)) - omNode-1@group-523986131536->omNode-2: nextIndex: updateUnconditionally 523 -> 45
2021-01-20 18:03:05,776 [grpc-default-executor-6] WARN  server.GrpcLogAppender (LogUtils.java:warn(122)) - omNode-1@group-523986131536->omNode-2-AppendLogResponseHandler: Failed appendEntries: org.apache.ratis.thirdparty.io.grpc.StatusRuntimeException: UNAVAILABLE: io exception
2021-01-20 18:03:05,776 [grpc-default-executor-6] INFO  leader.FollowerInfo (FollowerInfoImpl.java:lambda$new$0(46)) - omNode-1@group-523986131536->omNode-2: nextIndex: updateUnconditionally 523 -> 45
2021-01-20 18:03:05,781 [grpc-default-executor-8] WARN  server.GrpcLogAppender (LogUtils.java:warn(122)) - omNode-1@group-523986131536->omNode-2-AppendLogResponseHandler: Failed appendEntries: org.apache.ratis.thirdparty.io.grpc.StatusRuntimeException: UNAVAILABLE: io exception
2021-01-20 18:03:05,781 [grpc-default-executor-8] INFO  leader.FollowerInfo (FollowerInfoImpl.java:lambda$new$0(46)) - omNode-1@group-523986131536->omNode-2: nextIndex: updateUnconditionally 524 -> 45
2021-01-20 18:03:05,784 [grpc-default-executor-8] WARN  server.GrpcLogAppender (LogUtils.java:warn(122)) - omNode-1@group-523986131536->omNode-2-AppendLogResponseHandler: Failed appendEntries: org.apache.ratis.thirdparty.io.grpc.StatusRuntimeException: UNAVAILABLE: io exception
2021-01-20 18:03:05,784 [grpc-default-executor-8] INFO  leader.FollowerInfo (FollowerInfoImpl.java:lambda$new$0(46)) - omNode-1@group-523986131536->omNode-2: nextIndex: updateUnconditionally 525 -> 45
2021-01-20 18:03:05,787 [grpc-default-executor-6] WARN  server.GrpcLogAppender (LogUtils.java:warn(122)) - omNode-1@group-523986131536->omNode-2-AppendLogResponseHandler: Failed appendEntries: org.apache.ratis.thirdparty.io.grpc.StatusRuntimeException: UNAVAILABLE: io exception
2021-01-20 18:03:05,787 [grpc-default-executor-6] INFO  leader.FollowerInfo (FollowerInfoImpl.java:lambda$new$0(46)) - omNode-1@group-523986131536->omNode-2: nextIndex: updateUnconditionally 526 -> 45
2021-01-20 18:03:05,788 [grpc-default-executor-8] WARN  server.GrpcLogAppender (LogUtils.java:warn(122)) - omNode-1@group-523986131536->omNode-2-AppendLogResponseHandler: Failed appendEntries: org.apache.ratis.thirdparty.io.grpc.StatusRuntimeException: UNAVAILABLE: io exception
2021-01-20 18:03:05,788 [grpc-default-executor-8] INFO  leader.FollowerInfo (FollowerInfoImpl.java:lambda$new$0(46)) - omNode-1@group-523986131536->omNode-2: nextIndex: updateUnconditionally 526 -> 45
2021-01-20 18:03:05,794 [grpc-default-executor-8] WARN  server.GrpcLogAppender (LogUtils.java:warn(122)) - omNode-1@group-523986131536->omNode-2-AppendLogResponseHandler: Failed appendEntries: org.apache.ratis.thirdparty.io.grpc.StatusRuntimeException: UNAVAILABLE: io exception
2021-01-20 18:03:05,794 [grpc-default-executor-8] INFO  leader.FollowerInfo (FollowerInfoImpl.java:lambda$new$0(46)) - omNode-1@group-523986131536->omNode-2: nextIndex: updateUnconditionally 527 -> 45
2021-01-20 18:03:05,797 [grpc-default-executor-8] WARN  server.GrpcLogAppender (LogUtils.java:warn(122)) - omNode-1@group-523986131536->omNode-2-AppendLogResponseHandler: Failed appendEntries: org.apache.ratis.thirdparty.io.grpc.StatusRuntimeException: UNAVAILABLE: io exception
2021-01-20 18:03:05,798 [grpc-default-executor-8] INFO  leader.FollowerInfo (FollowerInfoImpl.java:lambda$new$0(46)) - omNode-1@group-523986131536->omNode-2: nextIndex: updateUnconditionally 527 -> 45
2021-01-20 18:03:05,801 [grpc-default-executor-6] WARN  server.GrpcLogAppender (LogUtils.java:warn(122)) - omNode-1@group-523986131536->omNode-2-AppendLogResponseHandler: Failed appendEntries: org.apache.ratis.thirdparty.io.grpc.StatusRuntimeException: UNAVAILABLE: io exception
2021-01-20 18:03:05,802 [grpc-default-executor-6] INFO  leader.FollowerInfo (FollowerInfoImpl.java:lambda$new$0(46)) - omNode-1@group-523986131536->omNode-2: nextIndex: updateUnconditionally 528 -> 45
2021-01-20 18:03:05,803 [grpc-default-executor-6] WARN  server.GrpcLogAppender (LogUtils.java:warn(122)) - omNode-1@group-523986131536->omNode-2-AppendLogResponseHandler: Failed appendEntries: org.apache.ratis.thirdparty.io.grpc.StatusRuntimeException: UNAVAILABLE: io exception
2021-01-20 18:03:05,803 [grpc-default-executor-6] INFO  leader.FollowerInfo (FollowerInfoImpl.java:lambda$new$0(46)) - omNode-1@group-523986131536->omNode-2: nextIndex: updateUnconditionally 528 -> 45
2021-01-20 18:03:05,804 [grpc-default-executor-6] WARN  server.GrpcLogAppender (LogUtils.java:warn(122)) - omNode-1@group-523986131536->omNode-2-AppendLogResponseHandler: Failed appendEntries: org.apache.ratis.thirdparty.io.grpc.StatusRuntimeException: UNAVAILABLE: io exception
2021-01-20 18:03:05,804 [grpc-default-executor-6] INFO  leader.FollowerInfo (FollowerInfoImpl.java:lambda$new$0(46)) - omNode-1@group-523986131536->omNode-2: nextIndex: updateUnconditionally 529 -> 45
2021-01-20 18:03:05,806 [grpc-default-executor-6] WARN  server.GrpcLogAppender (LogUtils.java:warn(122)) - omNode-1@group-523986131536->omNode-2-AppendLogResponseHandler: Failed appendEntries: org.apache.ratis.thirdparty.io.grpc.StatusRuntimeException: UNAVAILABLE: io exception
2021-01-20 18:03:05,806 [grpc-default-executor-6] INFO  leader.FollowerInfo (FollowerInfoImpl.java:lambda$new$0(46)) - omNode-1@group-523986131536->omNode-2: nextIndex: updateUnconditionally 530 -> 45
2021-01-20 18:03:05,807 [grpc-default-executor-8] WARN  server.GrpcLogAppender (LogUtils.java:warn(122)) - omNode-1@group-523986131536->omNode-2-AppendLogResponseHandler: Failed appendEntries: org.apache.ratis.thirdparty.io.grpc.StatusRuntimeException: UNAVAILABLE: io exception
2021-01-20 18:03:05,807 [grpc-default-executor-8] INFO  leader.FollowerInfo (FollowerInfoImpl.java:lambda$new$0(46)) - omNode-1@group-523986131536->omNode-2: nextIndex: updateUnconditionally 530 -> 45
2021-01-20 18:03:05,813 [grpc-default-executor-8] WARN  server.GrpcLogAppender (LogUtils.java:warn(122)) - omNode-1@group-523986131536->omNode-2-AppendLogResponseHandler: Failed appendEntries: org.apache.ratis.thirdparty.io.grpc.StatusRuntimeException: UNAVAILABLE: io exception
2021-01-20 18:03:05,813 [grpc-default-executor-8] INFO  leader.FollowerInfo (FollowerInfoImpl.java:lambda$new$0(46)) - omNode-1@group-523986131536->omNode-2: nextIndex: updateUnconditionally 531 -> 45
2021-01-20 18:03:05,818 [grpc-default-executor-6] WARN  server.GrpcLogAppender (LogUtils.java:warn(122)) - omNode-1@group-523986131536->omNode-2-AppendLogResponseHandler: Failed appendEntries: org.apache.ratis.thirdparty.io.grpc.StatusRuntimeException: UNAVAILABLE: io exception
2021-01-20 18:03:05,818 [grpc-default-executor-6] INFO  leader.FollowerInfo (FollowerInfoImpl.java:lambda$new$0(46)) - omNode-1@group-523986131536->omNode-2: nextIndex: updateUnconditionally 531 -> 45
2021-01-20 18:03:05,821 [grpc-default-executor-6] WARN  server.GrpcLogAppender (LogUtils.java:warn(122)) - omNode-1@group-523986131536->omNode-2-AppendLogResponseHandler: Failed appendEntries: org.apache.ratis.thirdparty.io.grpc.StatusRuntimeException: UNAVAILABLE: io exception
2021-01-20 18:03:05,822 [grpc-default-executor-6] INFO  leader.FollowerInfo (FollowerInfoImpl.java:lambda$new$0(46)) - omNode-1@group-523986131536->omNode-2: nextIndex: updateUnconditionally 532 -> 45
2021-01-20 18:03:05,824 [grpc-default-executor-6] WARN  server.GrpcLogAppender (LogUtils.java:warn(122)) - omNode-1@group-523986131536->omNode-2-AppendLogResponseHandler: Failed appendEntries: org.apache.ratis.thirdparty.io.grpc.StatusRuntimeException: UNAVAILABLE: io exception
2021-01-20 18:03:05,825 [grpc-default-executor-6] INFO  leader.FollowerInfo (FollowerInfoImpl.java:lambda$new$0(46)) - omNode-1@group-523986131536->omNode-2: nextIndex: updateUnconditionally 532 -> 45
2021-01-20 18:03:05,825 [grpc-default-executor-6] WARN  server.GrpcLogAppender (LogUtils.java:warn(122)) - omNode-1@group-523986131536->omNode-2-AppendLogResponseHandler: Failed appendEntries: org.apache.ratis.thirdparty.io.grpc.StatusRuntimeException: UNAVAILABLE: io exception
2021-01-20 18:03:05,825 [grpc-default-executor-6] INFO  leader.FollowerInfo (FollowerInfoImpl.java:lambda$new$0(46)) - omNode-1@group-523986131536->omNode-2: nextIndex: updateUnconditionally 533 -> 45
2021-01-20 18:03:05,828 [grpc-default-executor-3] WARN  server.GrpcLogAppender (LogUtils.java:warn(122)) - omNode-1@group-523986131536->omNode-2-AppendLogResponseHandler: Failed appendEntries: org.apache.ratis.thirdparty.io.grpc.StatusRuntimeException: UNAVAILABLE: io exception
2021-01-20 18:03:05,828 [grpc-default-executor-3] INFO  leader.FollowerInfo (FollowerInfoImpl.java:lambda$new$0(46)) - omNode-1@group-523986131536->omNode-2: nextIndex: updateUnconditionally 534 -> 45
2021-01-20 18:03:05,832 [grpc-default-executor-3] WARN  server.GrpcLogAppender (LogUtils.java:warn(122)) - omNode-1@group-523986131536->omNode-2-AppendLogResponseHandler: Failed appendEntries: org.apache.ratis.thirdparty.io.grpc.StatusRuntimeException: UNAVAILABLE: io exception
2021-01-20 18:03:05,832 [grpc-default-executor-3] INFO  leader.FollowerInfo (FollowerInfoImpl.java:lambda$new$0(46)) - omNode-1@group-523986131536->omNode-2: nextIndex: updateUnconditionally 534 -> 45
2021-01-20 18:03:05,833 [grpc-default-executor-6] WARN  server.GrpcLogAppender (LogUtils.java:warn(122)) - omNode-1@group-523986131536->omNode-2-AppendLogResponseHandler: Failed appendEntries: org.apache.ratis.thirdparty.io.grpc.StatusRuntimeException: UNAVAILABLE: io exception
2021-01-20 18:03:05,833 [grpc-default-executor-6] INFO  leader.FollowerInfo (FollowerInfoImpl.java:lambda$new$0(46)) - omNode-1@group-523986131536->omNode-2: nextIndex: updateUnconditionally 535 -> 45
2021-01-20 18:03:05,837 [grpc-default-executor-6] WARN  server.GrpcLogAppender (LogUtils.java:warn(122)) - omNode-1@group-523986131536->omNode-2-AppendLogResponseHandler: Failed appendEntries: org.apache.ratis.thirdparty.io.grpc.StatusRuntimeException: UNAVAILABLE: io exception
2021-01-20 18:03:05,837 [grpc-default-executor-6] INFO  leader.FollowerInfo (FollowerInfoImpl.java:lambda$new$0(46)) - omNode-1@group-523986131536->omNode-2: nextIndex: updateUnconditionally 535 -> 45
2021-01-20 18:03:05,839 [grpc-default-executor-3] WARN  server.GrpcLogAppender (LogUtils.java:warn(122)) - omNode-1@group-523986131536->omNode-2-AppendLogResponseHandler: Failed appendEntries: org.apache.ratis.thirdparty.io.grpc.StatusRuntimeException: UNAVAILABLE: io exception
2021-01-20 18:03:05,839 [grpc-default-executor-3] INFO  leader.FollowerInfo (FollowerInfoImpl.java:lambda$new$0(46)) - omNode-1@group-523986131536->omNode-2: nextIndex: updateUnconditionally 536 -> 45
2021-01-20 18:03:05,841 [grpc-default-executor-6] WARN  server.GrpcLogAppender (LogUtils.java:warn(122)) - omNode-1@group-523986131536->omNode-2-AppendLogResponseHandler: Failed appendEntries: org.apache.ratis.thirdparty.io.grpc.StatusRuntimeException: UNAVAILABLE: io exception
2021-01-20 18:03:05,841 [grpc-default-executor-6] INFO  leader.FollowerInfo (FollowerInfoImpl.java:lambda$new$0(46)) - omNode-1@group-523986131536->omNode-2: nextIndex: updateUnconditionally 536 -> 45
2021-01-20 18:03:05,842 [grpc-default-executor-6] WARN  server.GrpcLogAppender (LogUtils.java:warn(122)) - omNode-1@group-523986131536->omNode-2-AppendLogResponseHandler: Failed appendEntries: org.apache.ratis.thirdparty.io.grpc.StatusRuntimeException: UNAVAILABLE: io exception
2021-01-20 18:03:05,842 [grpc-default-executor-6] INFO  leader.FollowerInfo (FollowerInfoImpl.java:lambda$new$0(46)) - omNode-1@group-523986131536->omNode-2: nextIndex: updateUnconditionally 537 -> 45
2021-01-20 18:03:05,845 [grpc-default-executor-3] WARN  server.GrpcLogAppender (LogUtils.java:warn(122)) - omNode-1@group-523986131536->omNode-2-AppendLogResponseHandler: Failed appendEntries: org.apache.ratis.thirdparty.io.grpc.StatusRuntimeException: UNAVAILABLE: io exception
2021-01-20 18:03:05,845 [grpc-default-executor-3] INFO  leader.FollowerInfo (FollowerInfoImpl.java:lambda$new$0(46)) - omNode-1@group-523986131536->omNode-2: nextIndex: updateUnconditionally 538 -> 45
2021-01-20 18:03:05,849 [grpc-default-executor-6] WARN  server.GrpcLogAppender (LogUtils.java:warn(122)) - omNode-1@group-523986131536->omNode-2-AppendLogResponseHandler: Failed appendEntries: org.apache.ratis.thirdparty.io.grpc.StatusRuntimeException: UNAVAILABLE: io exception
2021-01-20 18:03:05,849 [grpc-default-executor-6] INFO  leader.FollowerInfo (FollowerInfoImpl.java:lambda$new$0(46)) - omNode-1@group-523986131536->omNode-2: nextIndex: updateUnconditionally 538 -> 45
2021-01-20 18:03:05,850 [grpc-default-executor-6] WARN  server.GrpcLogAppender (LogUtils.java:warn(122)) - omNode-1@group-523986131536->omNode-2-AppendLogResponseHandler: Failed appendEntries: org.apache.ratis.thirdparty.io.grpc.StatusRuntimeException: UNAVAILABLE: io exception
2021-01-20 18:03:05,850 [grpc-default-executor-6] INFO  leader.FollowerInfo (FollowerInfoImpl.java:lambda$new$0(46)) - omNode-1@group-523986131536->omNode-2: nextIndex: updateUnconditionally 538 -> 45
2021-01-20 18:03:05,853 [grpc-default-executor-6] WARN  server.GrpcLogAppender (LogUtils.java:warn(122)) - omNode-1@group-523986131536->omNode-2-AppendLogResponseHandler: Failed appendEntries: org.apache.ratis.thirdparty.io.grpc.StatusRuntimeException: UNAVAILABLE: io exception
2021-01-20 18:03:05,853 [grpc-default-executor-6] INFO  leader.FollowerInfo (FollowerInfoImpl.java:lambda$new$0(46)) - omNode-1@group-523986131536->omNode-2: nextIndex: updateUnconditionally 539 -> 45
2021-01-20 18:03:05,857 [grpc-default-executor-3] WARN  server.GrpcLogAppender (LogUtils.java:warn(122)) - omNode-1@group-523986131536->omNode-2-AppendLogResponseHandler: Failed appendEntries: org.apache.ratis.thirdparty.io.grpc.StatusRuntimeException: UNAVAILABLE: io exception
2021-01-20 18:03:05,857 [grpc-default-executor-3] INFO  leader.FollowerInfo (FollowerInfoImpl.java:lambda$new$0(46)) - omNode-1@group-523986131536->omNode-2: nextIndex: updateUnconditionally 539 -> 45
2021-01-20 18:03:05,858 [grpc-default-executor-3] WARN  server.GrpcLogAppender (LogUtils.java:warn(122)) - omNode-1@group-523986131536->omNode-2-AppendLogResponseHandler: Failed appendEntries: org.apache.ratis.thirdparty.io.grpc.StatusRuntimeException: UNAVAILABLE: io exception
2021-01-20 18:03:05,858 [grpc-default-executor-3] INFO  leader.FollowerInfo (FollowerInfoImpl.java:lambda$new$0(46)) - omNode-1@group-523986131536->omNode-2: nextIndex: updateUnconditionally 539 -> 45
2021-01-20 18:03:05,862 [grpc-default-executor-3] WARN  server.GrpcLogAppender (LogUtils.java:warn(122)) - omNode-1@group-523986131536->omNode-2-AppendLogResponseHandler: Failed appendEntries: org.apache.ratis.thirdparty.io.grpc.StatusRuntimeException: UNAVAILABLE: io exception
2021-01-20 18:03:05,863 [grpc-default-executor-3] INFO  leader.FollowerInfo (FollowerInfoImpl.java:lambda$new$0(46)) - omNode-1@group-523986131536->omNode-2: nextIndex: updateUnconditionally 540 -> 45
2021-01-20 18:03:05,870 [grpc-default-executor-3] WARN  server.GrpcLogAppender (LogUtils.java:warn(122)) - omNode-1@group-523986131536->omNode-2-AppendLogResponseHandler: Failed appendEntries: org.apache.ratis.thirdparty.io.grpc.StatusRuntimeException: UNAVAILABLE: io exception
2021-01-20 18:03:05,870 [grpc-default-executor-3] INFO  leader.FollowerInfo (FollowerInfoImpl.java:lambda$new$0(46)) - omNode-1@group-523986131536->omNode-2: nextIndex: updateUnconditionally 540 -> 45
2021-01-20 18:03:05,871 [grpc-default-executor-3] WARN  server.GrpcLogAppender (LogUtils.java:warn(122)) - omNode-1@group-523986131536->omNode-2-AppendLogResponseHandler: Failed appendEntries: org.apache.ratis.thirdparty.io.grpc.StatusRuntimeException: UNAVAILABLE: io exception
2021-01-20 18:03:05,872 [grpc-default-executor-3] INFO  leader.FollowerInfo (FollowerInfoImpl.java:lambda$new$0(46)) - omNode-1@group-523986131536->omNode-2: nextIndex: updateUnconditionally 541 -> 45
2021-01-20 18:03:05,873 [grpc-default-executor-3] WARN  server.GrpcLogAppender (LogUtils.java:warn(122)) - omNode-1@group-523986131536->omNode-2-AppendLogResponseHandler: Failed appendEntries: org.apache.ratis.thirdparty.io.grpc.StatusRuntimeException: UNAVAILABLE: io exception
2021-01-20 18:03:05,874 [grpc-default-executor-3] INFO  leader.FollowerInfo (FollowerInfoImpl.java:lambda$new$0(46)) - omNode-1@group-523986131536->omNode-2: nextIndex: updateUnconditionally 542 -> 45
2021-01-20 18:03:05,874 [grpc-default-executor-3] WARN  server.GrpcLogAppender (LogUtils.java:warn(122)) - omNode-1@group-523986131536->omNode-2-AppendLogResponseHandler: Failed appendEntries: org.apache.ratis.thirdparty.io.grpc.StatusRuntimeException: UNAVAILABLE: io exception
2021-01-20 18:03:05,874 [grpc-default-executor-3] INFO  leader.FollowerInfo (FollowerInfoImpl.java:lambda$new$0(46)) - omNode-1@group-523986131536->omNode-2: nextIndex: updateUnconditionally 542 -> 45
2021-01-20 18:03:05,876 [grpc-default-executor-3] WARN  server.GrpcLogAppender (LogUtils.java:warn(122)) - omNode-1@group-523986131536->omNode-2-AppendLogResponseHandler: Failed appendEntries: org.apache.ratis.thirdparty.io.grpc.StatusRuntimeException: UNAVAILABLE: io exception
2021-01-20 18:03:05,876 [grpc-default-executor-3] INFO  leader.FollowerInfo (FollowerInfoImpl.java:lambda$new$0(46)) - omNode-1@group-523986131536->omNode-2: nextIndex: updateUnconditionally 543 -> 45
2021-01-20 18:03:05,880 [grpc-default-executor-3] WARN  server.GrpcLogAppender (LogUtils.java:warn(122)) - omNode-1@group-523986131536->omNode-2-AppendLogResponseHandler: Failed appendEntries: org.apache.ratis.thirdparty.io.grpc.StatusRuntimeException: UNAVAILABLE: io exception
2021-01-20 18:03:05,880 [grpc-default-executor-3] INFO  leader.FollowerInfo (FollowerInfoImpl.java:lambda$new$0(46)) - omNode-1@group-523986131536->omNode-2: nextIndex: updateUnconditionally 543 -> 45
2021-01-20 18:03:05,880 [grpc-default-executor-3] WARN  server.GrpcLogAppender (LogUtils.java:warn(122)) - omNode-1@group-523986131536->omNode-2-AppendLogResponseHandler: Failed appendEntries: org.apache.ratis.thirdparty.io.grpc.StatusRuntimeException: UNAVAILABLE: io exception
2021-01-20 18:03:05,881 [grpc-default-executor-3] INFO  leader.FollowerInfo (FollowerInfoImpl.java:lambda$new$0(46)) - omNode-1@group-523986131536->omNode-2: nextIndex: updateUnconditionally 543 -> 45
2021-01-20 18:03:05,884 [grpc-default-executor-3] WARN  server.GrpcLogAppender (LogUtils.java:warn(122)) - omNode-1@group-523986131536->omNode-2-AppendLogResponseHandler: Failed appendEntries: org.apache.ratis.thirdparty.io.grpc.StatusRuntimeException: UNAVAILABLE: io exception
2021-01-20 18:03:05,884 [grpc-default-executor-3] INFO  leader.FollowerInfo (FollowerInfoImpl.java:lambda$new$0(46)) - omNode-1@group-523986131536->omNode-2: nextIndex: updateUnconditionally 544 -> 45
2021-01-20 18:03:05,888 [grpc-default-executor-6] WARN  server.GrpcLogAppender (LogUtils.java:warn(122)) - omNode-1@group-523986131536->omNode-2-AppendLogResponseHandler: Failed appendEntries: org.apache.ratis.thirdparty.io.grpc.StatusRuntimeException: UNAVAILABLE: io exception
2021-01-20 18:03:05,888 [grpc-default-executor-6] INFO  leader.FollowerInfo (FollowerInfoImpl.java:lambda$new$0(46)) - omNode-1@group-523986131536->omNode-2: nextIndex: updateUnconditionally 544 -> 45
2021-01-20 18:03:05,889 [grpc-default-executor-3] WARN  server.GrpcLogAppender (LogUtils.java:warn(122)) - omNode-1@group-523986131536->omNode-2-AppendLogResponseHandler: Failed appendEntries: org.apache.ratis.thirdparty.io.grpc.StatusRuntimeException: UNAVAILABLE: io exception
2021-01-20 18:03:05,889 [grpc-default-executor-3] INFO  leader.FollowerInfo (FollowerInfoImpl.java:lambda$new$0(46)) - omNode-1@group-523986131536->omNode-2: nextIndex: updateUnconditionally 545 -> 45
2021-01-20 18:03:05,890 [Listener at 127.0.0.1/12848] INFO  om.OzoneManager (OzoneManager.java:restart(1209)) - OzoneManager RPC server is listening at localhost/127.0.0.1:12842
2021-01-20 18:03:05,890 [Listener at 127.0.0.1/12848] INFO  impl.MetricsSystemImpl (MetricsSystemImpl.java:init(158)) - OzoneManager metrics system started (again)
2021-01-20 18:03:05,894 [Listener at 127.0.0.1/12848] WARN  server.ServerUtils (ServerUtils.java:getDBPath(225)) - ozone.om.db.dirs is not configured. We recommend adding this setting. Falling back to ozone.metadata.dirs instead.
2021-01-20 18:03:05,895 [Listener at 127.0.0.1/12848] INFO  codec.OmKeyInfoCodec (OmKeyInfoCodec.java:<init>(41)) - OmKeyInfoCodec ignorePipeline = true
2021-01-20 18:03:05,895 [Listener at 127.0.0.1/12848] INFO  codec.RepeatedOmKeyInfoCodec (RepeatedOmKeyInfoCodec.java:<init>(40)) - RepeatedOmKeyInfoCodec ignorePipeline = true
2021-01-20 18:03:05,900 [grpc-default-executor-6] WARN  server.GrpcLogAppender (LogUtils.java:warn(122)) - omNode-1@group-523986131536->omNode-2-AppendLogResponseHandler: Failed appendEntries: org.apache.ratis.thirdparty.io.grpc.StatusRuntimeException: UNAVAILABLE: io exception
2021-01-20 18:03:05,900 [grpc-default-executor-6] INFO  leader.FollowerInfo (FollowerInfoImpl.java:lambda$new$0(46)) - omNode-1@group-523986131536->omNode-2: nextIndex: updateUnconditionally 545 -> 45
2021-01-20 18:03:05,901 [grpc-default-executor-6] WARN  server.GrpcLogAppender (LogUtils.java:warn(122)) - omNode-1@group-523986131536->omNode-2-AppendLogResponseHandler: Failed appendEntries: org.apache.ratis.thirdparty.io.grpc.StatusRuntimeException: UNAVAILABLE: io exception
2021-01-20 18:03:05,901 [grpc-default-executor-6] INFO  leader.FollowerInfo (FollowerInfoImpl.java:lambda$new$0(46)) - omNode-1@group-523986131536->omNode-2: nextIndex: updateUnconditionally 545 -> 45
2021-01-20 18:03:05,940 [Listener at 127.0.0.1/12848] WARN  server.ServerUtils (ServerUtils.java:getDefaultRatisDirectory(237)) - Storage directory for Ratis is not configured. It is a good idea to map this to an SSD disk. Falling back to ozone.metadata.dirs
2021-01-20 18:03:05,941 [Listener at 127.0.0.1/12848] INFO  ratis.OzoneManagerRatisServer (OzoneManagerRatisServer.java:<init>(280)) - Instantiating OM Ratis server with GroupID: om-service-test1 and Raft Peers: localhost:12846, localhost:12840, localhost:12852
2021-01-20 18:03:05,941 [Listener at 127.0.0.1/12848] INFO  ratis.OzoneManagerStateMachine (OzoneManagerStateMachine.java:loadSnapshotInfoFromDB(518)) - LastAppliedIndex is set from TransactionInfo from OM DB as (t:1, i:43)
2021-01-20 18:03:05,941 [Listener at 127.0.0.1/12848] INFO  server.RaftServer (ConfUtils.java:logGet(44)) - raft.rpc.type = GRPC (default)
2021-01-20 18:03:05,941 [Listener at 127.0.0.1/12848] INFO  grpc.GrpcFactory (GrpcFactory.java:checkPooledByteBufAllocatorUseCacheForAllThreads(48)) - PERFORMANCE WARNING: useCacheForAllThreads is true that may cause Netty to create a lot garbage objects and, as a result, trigger GC.
	It is recommended to disable useCacheForAllThreads by setting -Dorg.apache.ratis.thirdparty.io.netty.allocator.useCacheForAllThreads=false in command line.
2021-01-20 18:03:05,942 [Listener at 127.0.0.1/12848] INFO  grpc.GrpcConfigKeys (ConfUtils.java:logGet(44)) - raft.grpc.server.port = 12846 (custom)
2021-01-20 18:03:05,942 [Listener at 127.0.0.1/12848] INFO  server.GrpcService (ConfUtils.java:logGet(44)) - raft.grpc.message.size.max = 33554432 (custom)
2021-01-20 18:03:05,942 [Listener at 127.0.0.1/12848] INFO  server.RaftServerConfigKeys (ConfUtils.java:logGet(44)) - raft.server.log.appender.buffer.byte-limit = 33554432 (custom)
2021-01-20 18:03:05,942 [Listener at 127.0.0.1/12848] INFO  server.GrpcService (ConfUtils.java:logGet(44)) - raft.grpc.flow.control.window = 1MB (=1048576) (default)
2021-01-20 18:03:05,942 [Listener at 127.0.0.1/12848] INFO  server.RaftServerConfigKeys (ConfUtils.java:logGet(44)) - raft.server.rpc.request.timeout = 3000ms (default)
2021-01-20 18:03:05,943 [Listener at 127.0.0.1/12848] INFO  impl.DataStreamServerImpl (ConfUtils.java:logGet(44)) - raft.datastream.type = DISABLED (default)
2021-01-20 18:03:05,943 [Listener at 127.0.0.1/12848] INFO  server.RaftServerConfigKeys (ConfUtils.java:logGet(44)) - raft.server.rpc.slowness.timeout = 2s (custom)
2021-01-20 18:03:05,943 [Listener at 127.0.0.1/12848] INFO  server.RaftServerConfigKeys (ConfUtils.java:logGet(44)) - raft.server.leaderelection.leader.step-down.wait-time = 10s (default)
2021-01-20 18:03:05,943 [Listener at 127.0.0.1/12848] INFO  server.RaftServerConfigKeys (ConfUtils.java:logGet(44)) - raft.server.storage.dir = [/github/workspace/mnt/ozone/hadoop-ozone/integration-test/target/test-dir/MiniOzoneClusterImpl-618ecdb8-9cea-428a-88e6-93619fe638f4/omNode-2/ratis] (custom)
2021-01-20 18:03:05,943 [Listener at 127.0.0.1/12848] INFO  server.RaftServer (RaftServerProxy.java:lambda$null$1(235)) - omNode-2: found a subdirectory /github/workspace/mnt/ozone/hadoop-ozone/integration-test/target/test-dir/MiniOzoneClusterImpl-618ecdb8-9cea-428a-88e6-93619fe638f4/omNode-2/ratis/c9bc4cf4-3bc3-3c60-a66b-523986131536
2021-01-20 18:03:05,944 [Listener at 127.0.0.1/12848] INFO  server.RaftServer (RaftServerProxy.java:addNew(95)) - omNode-2: addNew group-523986131536:[omNode-3|rpc:localhost:12852|priority:0, omNode-1|rpc:localhost:12840|priority:0, omNode-2|rpc:localhost:12846|priority:0] returns group-523986131536:java.util.concurrent.CompletableFuture@5d95d84a[Not completed]
2021-01-20 18:03:05,944 [Listener at 127.0.0.1/12848] INFO  om.OzoneManager (OzoneManager.java:initializeRatisServer(1323)) - OzoneManager Ratis server initialized at port 12846
2021-01-20 18:03:05,944 [Listener at 127.0.0.1/12848] INFO  ratis.OzoneManagerRatisServer (OzoneManagerRatisServer.java:start(377)) - Starting OzoneManagerRatisServer omNode-2 at port 12846
2021-01-20 18:03:05,944 [pool-1413-thread-1] INFO  server.RaftServer$Division (RaftServerImpl.java:<init>(179)) - omNode-2: new RaftServerImpl for group-523986131536:[omNode-3|rpc:localhost:12852|priority:0, omNode-1|rpc:localhost:12840|priority:0, omNode-2|rpc:localhost:12846|priority:0] with OzoneManagerStateMachine:uninitialized
2021-01-20 18:03:05,944 [pool-1413-thread-1] INFO  server.RaftServerConfigKeys (ConfUtils.java:logGet(44)) - raft.server.rpc.timeout.min = 1s (custom)
2021-01-20 18:03:05,945 [pool-1413-thread-1] INFO  server.RaftServerConfigKeys (ConfUtils.java:logGet(44)) - raft.server.rpc.timeout.max = 1200ms (custom)
2021-01-20 18:03:05,945 [pool-1413-thread-1] INFO  server.RaftServerConfigKeys (ConfUtils.java:logGet(44)) - raft.server.rpc.sleep.time = 25ms (default)
2021-01-20 18:03:05,945 [pool-1413-thread-1] INFO  server.RaftServerConfigKeys (ConfUtils.java:logGet(44)) - raft.server.rpc.slowness.timeout = 2s (custom)
2021-01-20 18:03:05,945 [pool-1413-thread-1] INFO  server.RaftServerConfigKeys (ConfUtils.java:logGet(44)) - raft.server.leaderelection.leader.step-down.wait-time = 10s (default)
2021-01-20 18:03:05,945 [pool-1413-thread-1] INFO  server.RaftServerConfigKeys (ConfUtils.java:logGet(44)) - raft.server.sleep.deviation.threshold = 300ms (default)
2021-01-20 18:03:05,945 [pool-1413-thread-1] INFO  server.RaftServerConfigKeys (ConfUtils.java:logGet(44)) - raft.server.log.appender.install.snapshot.enabled = false (custom)
2021-01-20 18:03:05,945 [pool-1413-thread-1] INFO  server.RaftServer$Division (ServerState.java:<init>(103)) - omNode-2@group-523986131536: ConfigurationManager, init=-1: [omNode-3|rpc:localhost:12852|priority:0, omNode-1|rpc:localhost:12840|priority:0, omNode-2|rpc:localhost:12846|priority:0], old=null, confs=<EMPTY_MAP>
2021-01-20 18:03:05,945 [pool-1413-thread-1] INFO  server.RaftServerConfigKeys (ConfUtils.java:logGet(44)) - raft.server.storage.dir = [/github/workspace/mnt/ozone/hadoop-ozone/integration-test/target/test-dir/MiniOzoneClusterImpl-618ecdb8-9cea-428a-88e6-93619fe638f4/omNode-2/ratis] (custom)
2021-01-20 18:03:05,945 [pool-1413-thread-1] INFO  server.RaftServerConfigKeys (ConfUtils.java:logGet(44)) - raft.server.log.corruption.policy = EXCEPTION (default)
2021-01-20 18:03:05,947 [pool-1413-thread-1] INFO  storage.RaftStorageDirectory (RaftStorageDirectoryImpl.java:tryLock(215)) - Lock on /github/workspace/mnt/ozone/hadoop-ozone/integration-test/target/test-dir/MiniOzoneClusterImpl-618ecdb8-9cea-428a-88e6-93619fe638f4/omNode-2/ratis/c9bc4cf4-3bc3-3c60-a66b-523986131536/in_use.lock acquired by nodename 7143@86d28932dd69
2021-01-20 18:03:05,948 [pool-1413-thread-1] INFO  storage.RaftStorage (RaftStorageImpl.java:analyzeAndRecoverStorage(103)) - Read RaftStorageMetadata{term=1, votedFor=omNode-1} from /github/workspace/mnt/ozone/hadoop-ozone/integration-test/target/test-dir/MiniOzoneClusterImpl-618ecdb8-9cea-428a-88e6-93619fe638f4/omNode-2/ratis/c9bc4cf4-3bc3-3c60-a66b-523986131536/current/raft-meta
2021-01-20 18:03:05,949 [pool-1413-thread-1] INFO  server.RaftServer$Division (ServerState.java:setRaftConf(368)) - omNode-2@group-523986131536: set configuration 0: [omNode-3|rpc:localhost:12852|dataStream:|priority:0, omNode-1|rpc:localhost:12840|dataStream:|priority:0, omNode-2|rpc:localhost:12846|dataStream:|priority:0], old=null
2021-01-20 18:03:05,949 [pool-1413-thread-1] INFO  server.RaftServerConfigKeys (ConfUtils.java:logGet(44)) - raft.server.notification.no-leader.timeout = 2s (custom)
2021-01-20 18:03:05,949 [pool-1413-thread-1] INFO  server.RaftServerConfigKeys (ConfUtils.java:logGet(44)) - raft.server.log.use.memory = false (default)
2021-01-20 18:03:05,949 [pool-1413-thread-1] INFO  server.RaftServerConfigKeys (ConfUtils.java:logGet(44)) - raft.server.log.purge.gap = 50 (custom)
2021-01-20 18:03:05,949 [pool-1413-thread-1] INFO  server.RaftServerConfigKeys (ConfUtils.java:logGet(44)) - raft.server.log.appender.buffer.byte-limit = 33554432 (custom)
2021-01-20 18:03:05,949 [pool-1413-thread-1] INFO  metrics.RatisMetrics (RatisMetrics.java:lambda$create$0(36)) - Creating Metrics Registry : ratis.log_worker.omNode-2@group-523986131536
2021-01-20 18:03:05,950 [pool-1413-thread-1] INFO  server.RaftServerConfigKeys (ConfUtils.java:logGet(44)) - raft.server.log.segment.size.max = 4194304 (custom)
2021-01-20 18:03:05,951 [pool-1413-thread-1] INFO  server.RaftServerConfigKeys (ConfUtils.java:logGet(44)) - raft.server.log.segment.cache.num.max = 2 (custom)
2021-01-20 18:03:05,951 [pool-1413-thread-1] INFO  server.RaftServerConfigKeys (ConfUtils.java:logGet(44)) - raft.server.log.segment.cache.size.max = 200MB (=209715200) (default)
2021-01-20 18:03:05,951 [pool-1413-thread-1] INFO  segmented.SegmentedRaftLogWorker (SegmentedRaftLogWorker.java:<init>(181)) - new omNode-2@group-523986131536-SegmentedRaftLogWorker for RaftStorageImpl:Storage Directory /github/workspace/mnt/ozone/hadoop-ozone/integration-test/target/test-dir/MiniOzoneClusterImpl-618ecdb8-9cea-428a-88e6-93619fe638f4/omNode-2/ratis/c9bc4cf4-3bc3-3c60-a66b-523986131536
2021-01-20 18:03:05,951 [pool-1413-thread-1] INFO  server.RaftServerConfigKeys (ConfUtils.java:logGet(44)) - raft.server.log.queue.byte-limit = 64MB (=67108864) (default)
2021-01-20 18:03:05,951 [pool-1413-thread-1] INFO  server.RaftServerConfigKeys (ConfUtils.java:logGet(44)) - raft.server.log.queue.element-limit = 4096 (default)
2021-01-20 18:03:05,951 [pool-1413-thread-1] INFO  server.RaftServerConfigKeys (ConfUtils.java:logGet(44)) - raft.server.log.segment.size.max = 4194304 (custom)
2021-01-20 18:03:05,951 [pool-1413-thread-1] INFO  server.RaftServerConfigKeys (ConfUtils.java:logGet(44)) - raft.server.log.preallocated.size = 4194304 (custom)
2021-01-20 18:03:05,952 [pool-1413-thread-1] INFO  server.RaftServerConfigKeys (ConfUtils.java:logGet(44)) - raft.server.log.force.sync.num = 128 (default)
2021-01-20 18:03:05,952 [pool-1413-thread-1] INFO  server.RaftServerConfigKeys (ConfUtils.java:logGet(44)) - raft.server.log.statemachine.data.sync = true (default)
2021-01-20 18:03:05,952 [pool-1413-thread-1] INFO  server.RaftServerConfigKeys (ConfUtils.java:logGet(44)) - raft.server.log.statemachine.data.sync.timeout = 10s (default)
2021-01-20 18:03:05,952 [pool-1413-thread-1] INFO  server.RaftServerConfigKeys (ConfUtils.java:logGet(44)) - raft.server.log.statemachine.data.sync.timeout.retry = -1 (default)
2021-01-20 18:03:05,954 [pool-1413-thread-1] INFO  server.RaftServerConfigKeys (ConfUtils.java:logGet(44)) - raft.server.log.write.buffer.size = 64KB (=65536) (default)
2021-01-20 18:03:05,954 [pool-1413-thread-1] INFO  server.RaftServerConfigKeys (ConfUtils.java:logGet(44)) - raft.server.log.statemachine.data.caching.enabled = false (default)
2021-01-20 18:03:05,961 [pool-1413-thread-1] INFO  server.RaftServer$Division (ServerState.java:setRaftConf(368)) - omNode-2@group-523986131536: set configuration 0: [omNode-3|rpc:localhost:12852|dataStream:|priority:0, omNode-1|rpc:localhost:12840|dataStream:|priority:0, omNode-2|rpc:localhost:12846|dataStream:|priority:0], old=null
2021-01-20 18:03:05,961 [pool-1413-thread-1] INFO  segmented.LogSegment (LogSegment.java:loadSegment(172)) - Successfully read 45 entries from segment file /github/workspace/mnt/ozone/hadoop-ozone/integration-test/target/test-dir/MiniOzoneClusterImpl-618ecdb8-9cea-428a-88e6-93619fe638f4/omNode-2/ratis/c9bc4cf4-3bc3-3c60-a66b-523986131536/current/log_inprogress_0
2021-01-20 18:03:05,962 [pool-1413-thread-1] INFO  segmented.SegmentedRaftLogWorker (SegmentedRaftLogWorker.java:lambda$new$0(132)) - omNode-2@group-523986131536-SegmentedRaftLogWorker: flushIndex: setUnconditionally 0 -> 44
2021-01-20 18:03:05,962 [pool-1413-thread-1] INFO  segmented.SegmentedRaftLogWorker (SegmentedRaftLogWorker.java:lambda$new$0(132)) - omNode-2@group-523986131536-SegmentedRaftLogWorker: safeCacheEvictIndex: setUnconditionally 0 -> -1
2021-01-20 18:03:05,962 [pool-1413-thread-1] INFO  raftlog.RaftLog (RaftLogBase.java:lambda$new$0(53)) - omNode-2@group-523986131536-SegmentedRaftLog: commitIndex: updateToMax old=43, new=43, updated? false
2021-01-20 18:03:05,962 [pool-1413-thread-1] INFO  server.RaftServerConfigKeys (ConfUtils.java:logGet(44)) - raft.server.snapshot.auto.trigger.enabled = true (custom)
2021-01-20 18:03:05,962 [pool-1413-thread-1] INFO  server.RaftServerConfigKeys (ConfUtils.java:logGet(44)) - raft.server.snapshot.auto.trigger.threshold = 50 (custom)
2021-01-20 18:03:05,962 [pool-1413-thread-1] INFO  server.RaftServerConfigKeys (ConfUtils.java:logGet(44)) - raft.server.snapshot.retention.file.num = -1 (default)
2021-01-20 18:03:05,962 [pool-1413-thread-1] INFO  server.RaftServerConfigKeys (ConfUtils.java:logGet(44)) - raft.server.log.purge.upto.snapshot.index = true (custom)
2021-01-20 18:03:05,962 [pool-1413-thread-1] INFO  server.RaftServerConfigKeys (ConfUtils.java:logGet(44)) - raft.server.retrycache.expirytime = 30000ms (custom)
2021-01-20 18:03:05,962 [pool-1413-thread-1] INFO  server.RaftServerConfigKeys (ConfUtils.java:logGet(44)) - raft.server.retrycache.statistics.expirytime = 100?s (default)
2021-01-20 18:03:05,962 [pool-1413-thread-1] INFO  metrics.RatisMetrics (RatisMetrics.java:lambda$create$0(36)) - Creating Metrics Registry : ratis.leader_election.omNode-2@group-523986131536
2021-01-20 18:03:05,963 [pool-1413-thread-1] INFO  metrics.RatisMetrics (RatisMetrics.java:lambda$create$0(36)) - Creating Metrics Registry : ratis.server.omNode-2@group-523986131536
2021-01-20 18:03:05,966 [Listener at 127.0.0.1/12848] INFO  server.RaftServer$Division (RaftServerImpl.java:start(294)) - omNode-2@group-523986131536: start as a follower, conf=0: [omNode-3|rpc:localhost:12852|dataStream:|priority:0, omNode-1|rpc:localhost:12840|dataStream:|priority:0, omNode-2|rpc:localhost:12846|dataStream:|priority:0], old=null
2021-01-20 18:03:05,966 [Listener at 127.0.0.1/12848] INFO  server.RaftServer$Division (RaftServerImpl.java:setRole(283)) - omNode-2@group-523986131536: changes role from      null to FOLLOWER at term 1 for startAsFollower
2021-01-20 18:03:05,966 [Listener at 127.0.0.1/12848] INFO  impl.RoleInfo (RoleInfo.java:updateAndGet(130)) - omNode-2: start omNode-2@group-523986131536-FollowerState
2021-01-20 18:03:05,966 [Listener at 127.0.0.1/12848] INFO  util.JmxRegister (JmxRegister.java:tryRegister(44)) - Successfully registered JMX Bean with object name Ratis:service=RaftServer,group=group-523986131536,id=omNode-2
2021-01-20 18:03:05,966 [Listener at 127.0.0.1/12848] INFO  metrics.RatisMetrics (RatisMetrics.java:lambda$create$0(36)) - Creating Metrics Registry : ratis.state_machine.omNode-2@group-523986131536
2021-01-20 18:03:05,968 [Listener at 127.0.0.1/12848] INFO  server.RaftServer (RaftServerProxy.java:lambda$start$5(372)) - omNode-2: start RPC server
2021-01-20 18:03:05,969 [Listener at 127.0.0.1/12848] INFO  server.GrpcService (GrpcService.java:startImpl(176)) - omNode-2: GrpcService started, listening on 0.0.0.0/0.0.0.0:12846
2021-01-20 18:03:05,969 [org.apache.ratis.util.JvmPauseMonitor$$Lambda$305/2072734511@21e9919c] INFO  util.JvmPauseMonitor (JvmPauseMonitor.java:run(103)) - JvmPauseMonitor-omNode-2: Started
2021-01-20 18:03:05,969 [Listener at 127.0.0.1/12848] INFO  ipc.CallQueueManager (CallQueueManager.java:<init>(84)) - Using callQueue: class java.util.concurrent.LinkedBlockingQueue, queueCapacity: 2000, scheduler: class org.apache.hadoop.ipc.DefaultRpcScheduler, ipcBackoff: false.
2021-01-20 18:03:05,969 [Socket Reader #1 for port 12842] INFO  ipc.Server (Server.java:run(1219)) - Starting Socket Reader #1 for port 12842
2021-01-20 18:03:06,401 [grpc-default-executor-3] WARN  server.GrpcLogAppender (LogUtils.java:warn(122)) - omNode-1@group-523986131536->omNode-2-AppendLogResponseHandler: Failed appendEntries: org.apache.ratis.thirdparty.io.grpc.StatusRuntimeException: UNAVAILABLE: io exception
2021-01-20 18:03:06,402 [grpc-default-executor-3] INFO  leader.FollowerInfo (FollowerInfoImpl.java:lambda$new$0(46)) - omNode-1@group-523986131536->omNode-2: nextIndex: updateUnconditionally 545 -> 45
2021-01-20 18:03:06,412 [grpc-default-executor-3] INFO  server.RaftServer$Division (ServerState.java:setLeader(249)) - omNode-2@group-523986131536: change Leader from null to omNode-1 at term 1 for appendEntries, leader elected after 463ms
2021-01-20 18:03:06,540 [omNode-2@group-523986131536-StateMachineUpdater] INFO  ratis.OzoneManagerStateMachine (OzoneManagerStateMachine.java:takeSnapshot(345)) - Current Snapshot Index (t:1, i:524)
2021-01-20 18:03:06,540 [omNode-2@group-523986131536-StateMachineUpdater] INFO  impl.StateMachineUpdater (StateMachineUpdater.java:takeSnapshot(279)) - omNode-2@group-523986131536-StateMachineUpdater: Took a snapshot at index 544
2021-01-20 18:03:06,540 [omNode-2@group-523986131536-StateMachineUpdater] INFO  impl.StateMachineUpdater (StateMachineUpdater.java:lambda$new$0(88)) - omNode-2@group-523986131536-StateMachineUpdater: snapshotIndex: updateIncreasingly 43 -> 544
2021-01-20 18:03:06,540 [omNode-2@group-523986131536-StateMachineUpdater] INFO  raftlog.RaftLog (RaftLogBase.java:purge(306)) - omNode-2@group-523986131536-SegmentedRaftLog: purge 544
2021-01-20 18:03:06,540 [omNode-2@group-523986131536-StateMachineUpdater] INFO  raftlog.RaftLog (RaftLogBase.java:lambda$new$0(53)) - omNode-2@group-523986131536-SegmentedRaftLog: snapshotIndex: updateIncreasingly 43 -> 544
2021-01-20 18:03:06,540 [omNode-2@group-523986131536-StateMachineUpdater] INFO  raftlog.RaftLog (RaftLogBase.java:lambda$new$0(53)) - omNode-2@group-523986131536-SegmentedRaftLog: purgeIndex: updateToMax old=-1, new=544, updated? true
2021-01-20 18:03:06,889 [Listener at localhost/12842] INFO  http.BaseHttpServer (BaseHttpServer.java:newHttpServer2BuilderForOzone(207)) - Starting Web-server for ozoneManager at: http://0.0.0.0:12844
2021-01-20 18:03:06,889 [Listener at localhost/12842] INFO  http.BaseHttpServer (BaseHttpServer.java:<init>(106)) - Hadoop Security Enabled: false Ozone Security Enabled: false Ozone HTTP Security Enabled: false 
2021-01-20 18:03:06,890 [Listener at localhost/12842] INFO  server.AuthenticationFilter (AuthenticationFilter.java:constructSecretProvider(240)) - Unable to initialize FileSignerSecretProvider, falling back to use random secrets.
2021-01-20 18:03:06,891 [Listener at localhost/12842] WARN  http.HttpRequestLog (HttpRequestLog.java:getRequestLog(103)) - Jetty request log can only be enabled using Log4j
2021-01-20 18:03:06,892 [Listener at localhost/12842] INFO  http.HttpServer2 (HttpServer2.java:addGlobalFilter(1020)) - Added global filter 'safety' (class=org.apache.hadoop.hdds.server.http.HttpServer2$QuotingInputFilter)
2021-01-20 18:03:06,893 [Listener at localhost/12842] INFO  http.HttpServer2 (HttpServer2.java:addFilter(996)) - Added filter static_user_filter (class=org.apache.hadoop.http.lib.StaticUserWebFilter$StaticUserFilter) to context ozoneManager
2021-01-20 18:03:06,893 [Listener at localhost/12842] INFO  http.HttpServer2 (HttpServer2.java:addFilter(1004)) - Added filter static_user_filter (class=org.apache.hadoop.http.lib.StaticUserWebFilter$StaticUserFilter) to context logs
2021-01-20 18:03:06,893 [Listener at localhost/12842] INFO  http.HttpServer2 (HttpServer2.java:addFilter(1004)) - Added filter static_user_filter (class=org.apache.hadoop.http.lib.StaticUserWebFilter$StaticUserFilter) to context static
2021-01-20 18:03:06,893 [Listener at localhost/12842] INFO  http.HttpServer2 (HttpServer2.java:bindListener(1238)) - Jetty bound to port 12844
2021-01-20 18:03:06,893 [Listener at localhost/12842] INFO  server.Server (Server.java:doStart(375)) - jetty-9.4.34.v20201102; built: 2020-11-02T14:15:39.302Z; git: e46af88704a893fc12cb0e3bf46e2c7b48a009e7; jvm 1.8.0_232-b09
2021-01-20 18:03:06,894 [Listener at localhost/12842] INFO  server.session (DefaultSessionIdManager.java:doStart(334)) - DefaultSessionIdManager workerName=node0
2021-01-20 18:03:06,895 [Listener at localhost/12842] INFO  server.session (DefaultSessionIdManager.java:doStart(339)) - No SessionScavenger set, using defaults
2021-01-20 18:03:06,895 [Listener at localhost/12842] INFO  server.session (HouseKeeper.java:startScavenging(132)) - node0 Scavenging every 600000ms
2021-01-20 18:03:06,895 [Listener at localhost/12842] INFO  handler.ContextHandler (ContextHandler.java:doStart(916)) - Started o.e.j.s.ServletContextHandler@388db3fa{logs,/logs,file:///github/workspace/mnt/ozone/hadoop-ozone/integration-test/target/log,AVAILABLE}
2021-01-20 18:03:06,895 [Listener at localhost/12842] INFO  handler.ContextHandler (ContextHandler.java:doStart(916)) - Started o.e.j.s.ServletContextHandler@15159b92{static,/static,file:///github/workspace/mnt/ozone/hadoop-ozone/integration-test/target/test-classes/webapps/static,AVAILABLE}
2021-01-20 18:03:06,898 [Listener at localhost/12842] INFO  handler.ContextHandler (ContextHandler.java:doStart(916)) - Started o.e.j.w.WebAppContext@139969ec{ozoneManager,/,file:///github/workspace/mnt/ozone/hadoop-ozone/integration-test/target/test-classes/webapps/ozoneManager/,AVAILABLE}{file:/github/workspace/mnt/ozone/hadoop-ozone/integration-test/target/test-classes/webapps/ozoneManager}
2021-01-20 18:03:06,899 [Listener at localhost/12842] INFO  server.AbstractConnector (AbstractConnector.java:doStart(331)) - Started ServerConnector@59ef3fad{HTTP/1.1, (http/1.1)}{0.0.0.0:12844}
2021-01-20 18:03:06,900 [Listener at localhost/12842] INFO  server.Server (Server.java:doStart(415)) - Started @281454ms
2021-01-20 18:03:06,900 [Listener at localhost/12842] WARN  impl.MetricsSystemImpl (MetricsSystemImpl.java:register(276)) - Sink prometheus already exists!
2021-01-20 18:03:06,904 [Listener at localhost/12842] INFO  http.BaseHttpServer (BaseHttpServer.java:updateConnectorAddress(327)) - HTTP server of ozoneManager listening at http://0.0.0.0:12844
2021-01-20 18:03:06,904 [IPC Server Responder] INFO  ipc.Server (Server.java:run(1460)) - IPC Server Responder: starting
2021-01-20 18:03:06,909 [IPC Server listener on 12842] INFO  ipc.Server (Server.java:run(1298)) - IPC Server listener on 12842: starting
2021-01-20 18:03:06,917 [Listener at localhost/12842] INFO  om.OzoneManager (OzoneManager.java:startTrashEmptier(1272)) - Trash Interval set to 0. Files deleted will not move to trash
2021-01-20 18:03:06,918 [org.apache.hadoop.util.JvmPauseMonitor$Monitor@33654ffa] INFO  util.JvmPauseMonitor (JvmPauseMonitor.java:run(188)) - Starting JVM pause monitor
2021-01-20 18:03:06,918 [Listener at localhost/12842] INFO  ozone.MiniOzoneClusterImpl (MiniOzoneClusterImpl.java:shutdown(389)) - Shutting down the Mini Ozone Cluster
2021-01-20 18:03:06,918 [Listener at localhost/12842] INFO  ozone.MiniOzoneHAClusterImpl (MiniOzoneHAClusterImpl.java:stop(230)) - Stopping the OzoneManager omNode-3
2021-01-20 18:03:06,918 [Listener at localhost/12842] INFO  ipc.Server (Server.java:stop(3359)) - Stopping server on 12848
2021-01-20 18:03:06,921 [IPC Server Responder] INFO  ipc.Server (Server.java:run(1465)) - Stopping IPC Server Responder
2021-01-20 18:03:06,921 [IPC Server listener on 12848] INFO  ipc.Server (Server.java:run(1330)) - Stopping IPC Server listener on 12848
2021-01-20 18:03:06,921 [Listener at localhost/12842] INFO  server.RaftServer (RaftServerProxy.java:lambda$close$6(389)) - omNode-3: close
2021-01-20 18:03:06,922 [Listener at localhost/12842] INFO  server.RaftServer$Division (RaftServerImpl.java:lambda$close$4(405)) - omNode-3@group-523986131536: shutdown
2021-01-20 18:03:06,922 [Listener at localhost/12842] INFO  util.JmxRegister (JmxRegister.java:unregister(73)) - Successfully un-registered JMX Bean with object name Ratis:service=RaftServer,group=group-523986131536,id=omNode-3
2021-01-20 18:03:06,922 [Listener at localhost/12842] INFO  impl.RoleInfo (RoleInfo.java:shutdownFollowerState(108)) - omNode-3: shutdown omNode-3@group-523986131536-FollowerState
2021-01-20 18:03:06,922 [Listener at localhost/12842] INFO  impl.StateMachineUpdater (StateMachineUpdater.java:stopAndJoin(148)) - omNode-3@group-523986131536-StateMachineUpdater: set stopIndex = 544
2021-01-20 18:03:06,922 [omNode-3@group-523986131536-StateMachineUpdater] INFO  ratis.OzoneManagerStateMachine (OzoneManagerStateMachine.java:takeSnapshot(345)) - Current Snapshot Index (t:1, i:544)
2021-01-20 18:03:06,922 [Thread-4893] INFO  impl.FollowerState (FollowerState.java:run(142)) - omNode-3@group-523986131536-FollowerState was interrupted: {}
java.lang.InterruptedException: sleep interrupted
	at java.lang.Thread.sleep(Native Method)
	at java.lang.Thread.sleep(Thread.java:340)
	at java.util.concurrent.TimeUnit.sleep(TimeUnit.java:386)
	at org.apache.ratis.util.TimeDuration.sleep(TimeDuration.java:324)
	at org.apache.ratis.util.TimeDuration.sleep(TimeDuration.java:309)
	at org.apache.ratis.server.impl.FollowerState.run(FollowerState.java:117)
2021-01-20 18:03:06,922 [omNode-3@group-523986131536-StateMachineUpdater] INFO  impl.StateMachineUpdater (StateMachineUpdater.java:takeSnapshot(279)) - omNode-3@group-523986131536-StateMachineUpdater: Took a snapshot at index 544
2021-01-20 18:03:06,922 [omNode-3@group-523986131536-StateMachineUpdater] INFO  impl.StateMachineUpdater (StateMachineUpdater.java:lambda$new$0(88)) - omNode-3@group-523986131536-StateMachineUpdater: snapshotIndex: updateIncreasingly 499 -> 544
2021-01-20 18:03:06,922 [omNode-3@group-523986131536-StateMachineUpdater] INFO  metrics.RatisMetrics (RatisMetrics.java:unregister(43)) - Unregistering Metrics Registry : ratis.state_machine.omNode-3@group-523986131536
2021-01-20 18:03:06,923 [Listener at localhost/12842] INFO  server.RaftServer$Division (ServerState.java:close(400)) - omNode-3@group-523986131536: closes. applyIndex: 544
2021-01-20 18:03:06,923 [omNode-3@group-523986131536-SegmentedRaftLogWorker] INFO  segmented.SegmentedRaftLogWorker (SegmentedRaftLogWorker.java:run(326)) - omNode-3@group-523986131536-SegmentedRaftLogWorker was interrupted, exiting. There are 0 tasks remaining in the queue.
2021-01-20 18:03:06,924 [Listener at localhost/12842] INFO  segmented.SegmentedRaftLogWorker (SegmentedRaftLogWorker.java:close(236)) - omNode-3@group-523986131536-SegmentedRaftLogWorker close()
2021-01-20 18:03:06,925 [Listener at localhost/12842] INFO  metrics.RatisMetrics (RatisMetrics.java:unregister(43)) - Unregistering Metrics Registry : ratis.log_worker.omNode-3@group-523986131536
2021-01-20 18:03:06,925 [Listener at localhost/12842] INFO  metrics.RatisMetrics (RatisMetrics.java:unregister(43)) - Unregistering Metrics Registry : ratis.leader_election.omNode-3@group-523986131536
2021-01-20 18:03:06,925 [Listener at localhost/12842] INFO  metrics.RatisMetrics (RatisMetrics.java:unregister(43)) - Unregistering Metrics Registry : ratis.server.omNode-3@group-523986131536
2021-01-20 18:03:06,925 [Listener at localhost/12842] INFO  server.GrpcService (GrpcService.java:closeImpl(183)) - omNode-3: shutdown server with port 12852 now
2021-01-20 18:03:06,929 [grpc-default-executor-6] WARN  server.GrpcServerProtocolService (LogUtils.java:warn(122)) - omNode-3: installSnapshot onError, lastRequest: omNode-1->omNode-3#1126-t1,previous=(t:1, i:543),leaderCommit=543,initializing? true,entries: size=1, first=(t:1, i:544), METADATAENTRY(c:543): org.apache.ratis.thirdparty.io.grpc.StatusRuntimeException: CANCELLED: cancelled before receiving half close
2021-01-20 18:03:06,929 [Listener at localhost/12842] INFO  server.GrpcService (GrpcService.java:closeImpl(192)) - omNode-3: shutdown server with port 12852 successfully
2021-01-20 18:03:06,929 [grpc-default-executor-6] WARN  server.GrpcLogAppender (LogUtils.java:warn(122)) - omNode-1@group-523986131536->omNode-3-AppendLogResponseHandler: Failed appendEntries: org.apache.ratis.thirdparty.io.grpc.StatusRuntimeException: CANCELLED: HTTP/2 error code: CANCEL
Received Rst Stream
2021-01-20 18:03:06,929 [grpc-default-executor-6] INFO  leader.FollowerInfo (FollowerInfoImpl.java:lambda$new$0(46)) - omNode-1@group-523986131536->omNode-3: nextIndex: updateUnconditionally 545 -> 544
2021-01-20 18:03:06,929 [org.apache.ratis.util.JvmPauseMonitor$$Lambda$305/2072734511@28e99451] INFO  util.JvmPauseMonitor (JvmPauseMonitor.java:run(109)) - JvmPauseMonitor-omNode-3: Stopped
2021-01-20 18:03:06,929 [Listener at localhost/12842] INFO  ratis.OzoneManagerDoubleBuffer (OzoneManagerDoubleBuffer.java:stop(425)) - Stopping OMDoubleBuffer flush thread
2021-01-20 18:03:06,935 [OMDoubleBufferFlushThread] INFO  ratis.OzoneManagerDoubleBuffer (OzoneManagerDoubleBuffer.java:flushTransactions(352)) - OMDoubleBuffer flush thread OMDoubleBufferFlushThread is interrupted and will exit. OMDoubleBufferFlushThread
2021-01-20 18:03:06,936 [grpc-default-executor-3] WARN  server.GrpcLogAppender (LogUtils.java:warn(122)) - omNode-1@group-523986131536->omNode-3-AppendLogResponseHandler: Failed appendEntries: org.apache.ratis.thirdparty.io.grpc.StatusRuntimeException: UNAVAILABLE: io exception
2021-01-20 18:03:06,936 [grpc-default-executor-3] INFO  leader.FollowerInfo (FollowerInfoImpl.java:lambda$new$0(46)) - omNode-1@group-523986131536->omNode-3: nextIndex: updateUnconditionally 545 -> 544
2021-01-20 18:03:06,936 [Listener at localhost/12842] INFO  ratis.OzoneManagerStateMachine (HadoopExecutors.java:shutdown(118)) - Gracefully shutting down executor service. Waiting max 5 SECONDS
2021-01-20 18:03:06,936 [Listener at localhost/12842] INFO  ratis.OzoneManagerStateMachine (HadoopExecutors.java:shutdown(129)) - Succesfully shutdown executor service
2021-01-20 18:03:06,936 [Listener at localhost/12842] INFO  ratis.OzoneManagerStateMachine (HadoopExecutors.java:shutdown(118)) - Gracefully shutting down executor service. Waiting max 5 SECONDS
2021-01-20 18:03:06,936 [Listener at localhost/12842] INFO  ratis.OzoneManagerStateMachine (HadoopExecutors.java:shutdown(129)) - Succesfully shutdown executor service
2021-01-20 18:03:06,936 [Listener at localhost/12842] INFO  utils.BackgroundService (BackgroundService.java:shutdown(132)) - Shutting down service KeyDeletingService
2021-01-20 18:03:06,937 [Listener at localhost/12842] INFO  handler.ContextHandler (ContextHandler.java:doStop(1154)) - Stopped o.e.j.w.WebAppContext@3870b29d{ozoneManager,/,null,STOPPED}{file:/github/workspace/mnt/ozone/hadoop-ozone/integration-test/target/test-classes/webapps/ozoneManager}
2021-01-20 18:03:06,940 [Listener at localhost/12842] INFO  server.AbstractConnector (AbstractConnector.java:doStop(381)) - Stopped ServerConnector@3145848b{HTTP/1.1, (http/1.1)}{0.0.0.0:12850}
2021-01-20 18:03:06,940 [Listener at localhost/12842] INFO  server.session (HouseKeeper.java:stopScavenging(149)) - node0 Stopped scavenging
2021-01-20 18:03:06,940 [Listener at localhost/12842] INFO  handler.ContextHandler (ContextHandler.java:doStop(1154)) - Stopped o.e.j.s.ServletContextHandler@679f250{static,/static,file:///github/workspace/mnt/ozone/hadoop-ozone/integration-test/target/test-classes/webapps/static,STOPPED}
2021-01-20 18:03:06,940 [Listener at localhost/12842] INFO  handler.ContextHandler (ContextHandler.java:doStop(1154)) - Stopped o.e.j.s.ServletContextHandler@18aa00a4{logs,/logs,file:///github/workspace/mnt/ozone/hadoop-ozone/integration-test/target/log,STOPPED}
2021-01-20 18:03:06,947 [Listener at localhost/12842] INFO  ozone.MiniOzoneHAClusterImpl (MiniOzoneHAClusterImpl.java:stop(230)) - Stopping the OzoneManager omNode-1
2021-01-20 18:03:06,947 [Listener at localhost/12842] INFO  ipc.Server (Server.java:stop(3359)) - Stopping server on 12836
2021-01-20 18:03:06,950 [IPC Server listener on 12836] INFO  ipc.Server (Server.java:run(1330)) - Stopping IPC Server listener on 12836
2021-01-20 18:03:06,951 [IPC Server Responder] INFO  ipc.Server (Server.java:run(1465)) - Stopping IPC Server Responder
2021-01-20 18:03:06,951 [Listener at localhost/12842] INFO  server.RaftServer (RaftServerProxy.java:lambda$close$6(389)) - omNode-1: close
2021-01-20 18:03:06,951 [Listener at localhost/12842] INFO  server.RaftServer$Division (RaftServerImpl.java:lambda$close$4(405)) - omNode-1@group-523986131536: shutdown
2021-01-20 18:03:06,951 [Listener at localhost/12842] INFO  util.JmxRegister (JmxRegister.java:unregister(73)) - Successfully un-registered JMX Bean with object name Ratis:service=RaftServer,group=group-523986131536,id=omNode-1
2021-01-20 18:03:06,951 [Listener at localhost/12842] INFO  impl.RoleInfo (RoleInfo.java:shutdownLeaderState(91)) - omNode-1: shutdown omNode-1@group-523986131536-LeaderStateImpl
2021-01-20 18:03:06,951 [Listener at localhost/12842] INFO  metrics.RatisMetrics (RatisMetrics.java:unregister(43)) - Unregistering Metrics Registry : ratis_grpc.log_appender.omNode-1@group-523986131536
2021-01-20 18:03:06,952 [Listener at localhost/12842] INFO  metrics.RatisMetrics (RatisMetrics.java:unregister(43)) - Unregistering Metrics Registry : ratis_grpc.log_appender.omNode-1@group-523986131536
2021-01-20 18:03:06,952 [omNode-1@group-523986131536->omNode-3-GrpcLogAppender-LogAppenderDaemon] WARN  server.GrpcLogAppender (GrpcLogAppender.java:mayWait(175)) - omNode-1@group-523986131536->omNode-3-GrpcLogAppender: Wait interrupted by java.lang.InterruptedException
2021-01-20 18:03:06,952 [omNode-1@group-523986131536->omNode-2-GrpcLogAppender-LogAppenderDaemon] WARN  server.GrpcLogAppender (GrpcLogAppender.java:mayWait(175)) - omNode-1@group-523986131536->omNode-2-GrpcLogAppender: Wait interrupted by java.lang.InterruptedException
2021-01-20 18:03:06,952 [Listener at localhost/12842] INFO  impl.PendingRequests (PendingRequests.java:sendNotLeaderResponses(249)) - omNode-1@group-523986131536-PendingRequests: sendNotLeaderResponses
2021-01-20 18:03:06,953 [grpc-default-executor-3] INFO  server.GrpcServerProtocolService (GrpcServerProtocolService.java:onCompleted(138)) - omNode-2: Completed APPEND_ENTRIES, lastRequest: omNode-1->omNode-2#1211-t1,previous=(t:1, i:44),leaderCommit=544,initializing? true,entries: size=500, first=(t:1, i:45), STATEMACHINELOGENTRY, 898@client-719CC58E2D6B
2021-01-20 18:03:06,953 [grpc-default-executor-6] INFO  server.GrpcLogAppender (GrpcLogAppender.java:onCompleted(344)) - omNode-1@group-523986131536->omNode-2-AppendLogResponseHandler: follower responses appendEntries COMPLETED
2021-01-20 18:03:06,953 [grpc-default-executor-6] INFO  leader.FollowerInfo (FollowerInfoImpl.java:lambda$new$0(46)) - omNode-1@group-523986131536->omNode-2: nextIndex: updateUnconditionally 545 -> 544
2021-01-20 18:03:06,956 [Listener at localhost/12842] INFO  metrics.RatisMetrics (RatisMetrics.java:unregister(43)) - Unregistering Metrics Registry : ratis.log_appender.omNode-1@group-523986131536
2021-01-20 18:03:06,957 [Listener at localhost/12842] INFO  metrics.RatisMetrics (RatisMetrics.java:unregister(43)) - Unregistering Metrics Registry : ratis.server.omNode-1@group-523986131536
2021-01-20 18:03:06,958 [Listener at localhost/12842] INFO  impl.StateMachineUpdater (StateMachineUpdater.java:stopAndJoin(148)) - omNode-1@group-523986131536-StateMachineUpdater: set stopIndex = 544
2021-01-20 18:03:06,958 [omNode-1@group-523986131536-StateMachineUpdater] INFO  ratis.OzoneManagerStateMachine (OzoneManagerStateMachine.java:takeSnapshot(345)) - Current Snapshot Index (t:1, i:544)
2021-01-20 18:03:06,958 [omNode-1@group-523986131536-StateMachineUpdater] INFO  impl.StateMachineUpdater (StateMachineUpdater.java:takeSnapshot(279)) - omNode-1@group-523986131536-StateMachineUpdater: Took a snapshot at index 544
2021-01-20 18:03:06,958 [omNode-1@group-523986131536-StateMachineUpdater] INFO  impl.StateMachineUpdater (StateMachineUpdater.java:lambda$new$0(88)) - omNode-1@group-523986131536-StateMachineUpdater: snapshotIndex: updateIncreasingly 498 -> 544
2021-01-20 18:03:06,958 [omNode-1@group-523986131536-StateMachineUpdater] INFO  metrics.RatisMetrics (RatisMetrics.java:unregister(43)) - Unregistering Metrics Registry : ratis.state_machine.omNode-1@group-523986131536
2021-01-20 18:03:06,958 [Listener at localhost/12842] INFO  server.RaftServer$Division (ServerState.java:close(400)) - omNode-1@group-523986131536: closes. applyIndex: 544
2021-01-20 18:03:06,958 [omNode-1@group-523986131536-SegmentedRaftLogWorker] INFO  segmented.SegmentedRaftLogWorker (SegmentedRaftLogWorker.java:run(326)) - omNode-1@group-523986131536-SegmentedRaftLogWorker was interrupted, exiting. There are 0 tasks remaining in the queue.
2021-01-20 18:03:06,959 [Listener at localhost/12842] INFO  segmented.SegmentedRaftLogWorker (SegmentedRaftLogWorker.java:close(236)) - omNode-1@group-523986131536-SegmentedRaftLogWorker close()
2021-01-20 18:03:06,960 [Listener at localhost/12842] INFO  metrics.RatisMetrics (RatisMetrics.java:unregister(43)) - Unregistering Metrics Registry : ratis.log_worker.omNode-1@group-523986131536
2021-01-20 18:03:06,960 [Listener at localhost/12842] INFO  metrics.RatisMetrics (RatisMetrics.java:unregister(43)) - Unregistering Metrics Registry : ratis.leader_election.omNode-1@group-523986131536
2021-01-20 18:03:06,960 [Listener at localhost/12842] INFO  metrics.RatisMetrics (RatisMetrics.java:unregister(43)) - Unregistering Metrics Registry : ratis.server.omNode-1@group-523986131536
2021-01-20 18:03:06,960 [Listener at localhost/12842] INFO  server.GrpcService (GrpcService.java:closeImpl(183)) - omNode-1: shutdown server with port 12840 now
2021-01-20 18:03:06,975 [Listener at localhost/12842] INFO  server.GrpcService (GrpcService.java:closeImpl(192)) - omNode-1: shutdown server with port 12840 successfully
2021-01-20 18:03:06,975 [org.apache.ratis.util.JvmPauseMonitor$$Lambda$305/2072734511@406d7719] INFO  util.JvmPauseMonitor (JvmPauseMonitor.java:run(109)) - JvmPauseMonitor-omNode-1: Stopped
2021-01-20 18:03:06,975 [Listener at localhost/12842] INFO  ratis.OzoneManagerDoubleBuffer (OzoneManagerDoubleBuffer.java:stop(425)) - Stopping OMDoubleBuffer flush thread
2021-01-20 18:03:06,976 [OMDoubleBufferFlushThread] INFO  ratis.OzoneManagerDoubleBuffer (OzoneManagerDoubleBuffer.java:flushTransactions(352)) - OMDoubleBuffer flush thread OMDoubleBufferFlushThread is interrupted and will exit. OMDoubleBufferFlushThread
2021-01-20 18:03:06,976 [Listener at localhost/12842] INFO  ratis.OzoneManagerStateMachine (HadoopExecutors.java:shutdown(118)) - Gracefully shutting down executor service. Waiting max 5 SECONDS
2021-01-20 18:03:06,976 [Listener at localhost/12842] INFO  ratis.OzoneManagerStateMachine (HadoopExecutors.java:shutdown(129)) - Succesfully shutdown executor service
2021-01-20 18:03:06,976 [Listener at localhost/12842] INFO  ratis.OzoneManagerStateMachine (HadoopExecutors.java:shutdown(118)) - Gracefully shutting down executor service. Waiting max 5 SECONDS
2021-01-20 18:03:06,976 [Listener at localhost/12842] INFO  ratis.OzoneManagerStateMachine (HadoopExecutors.java:shutdown(129)) - Succesfully shutdown executor service
2021-01-20 18:03:06,976 [Listener at localhost/12842] INFO  utils.BackgroundService (BackgroundService.java:shutdown(132)) - Shutting down service KeyDeletingService
2021-01-20 18:03:06,977 [Listener at localhost/12842] INFO  handler.ContextHandler (ContextHandler.java:doStop(1154)) - Stopped o.e.j.w.WebAppContext@50127549{ozoneManager,/,null,STOPPED}{file:/github/workspace/mnt/ozone/hadoop-ozone/integration-test/target/test-classes/webapps/ozoneManager}
2021-01-20 18:03:06,977 [Listener at localhost/12842] INFO  server.AbstractConnector (AbstractConnector.java:doStop(381)) - Stopped ServerConnector@69d332ef{HTTP/1.1, (http/1.1)}{0.0.0.0:12838}
2021-01-20 18:03:06,977 [Listener at localhost/12842] INFO  server.session (HouseKeeper.java:stopScavenging(149)) - node0 Stopped scavenging
2021-01-20 18:03:06,977 [Listener at localhost/12842] INFO  handler.ContextHandler (ContextHandler.java:doStop(1154)) - Stopped o.e.j.s.ServletContextHandler@53ef12c5{static,/static,file:///github/workspace/mnt/ozone/hadoop-ozone/integration-test/target/test-classes/webapps/static,STOPPED}
2021-01-20 18:03:06,977 [Listener at localhost/12842] INFO  handler.ContextHandler (ContextHandler.java:doStop(1154)) - Stopped o.e.j.s.ServletContextHandler@bf20dc9{logs,/logs,file:///github/workspace/mnt/ozone/hadoop-ozone/integration-test/target/log,STOPPED}
2021-01-20 18:03:06,979 [Listener at localhost/12842] INFO  ozone.MiniOzoneHAClusterImpl (MiniOzoneHAClusterImpl.java:stop(230)) - Stopping the OzoneManager omNode-2
2021-01-20 18:03:06,980 [Listener at localhost/12842] INFO  ipc.Server (Server.java:stop(3359)) - Stopping server on 12842
2021-01-20 18:03:06,981 [IPC Server listener on 12842] INFO  ipc.Server (Server.java:run(1330)) - Stopping IPC Server listener on 12842
2021-01-20 18:03:06,982 [IPC Server Responder] INFO  ipc.Server (Server.java:run(1465)) - Stopping IPC Server Responder
2021-01-20 18:03:06,982 [Listener at localhost/12842] INFO  server.RaftServer (RaftServerProxy.java:lambda$close$6(389)) - omNode-2: close
2021-01-20 18:03:06,982 [Listener at localhost/12842] INFO  server.RaftServer$Division (RaftServerImpl.java:lambda$close$4(405)) - omNode-2@group-523986131536: shutdown
2021-01-20 18:03:06,982 [Listener at localhost/12842] INFO  util.JmxRegister (JmxRegister.java:unregister(73)) - Successfully un-registered JMX Bean with object name Ratis:service=RaftServer,group=group-523986131536,id=omNode-2
2021-01-20 18:03:06,983 [Listener at localhost/12842] INFO  impl.RoleInfo (RoleInfo.java:shutdownFollowerState(108)) - omNode-2: shutdown omNode-2@group-523986131536-FollowerState
2021-01-20 18:03:06,983 [omNode-2@group-523986131536-StateMachineUpdater] INFO  metrics.RatisMetrics (RatisMetrics.java:unregister(43)) - Unregistering Metrics Registry : ratis.state_machine.omNode-2@group-523986131536
2021-01-20 18:03:06,983 [Thread-5639] INFO  impl.FollowerState (FollowerState.java:run(142)) - omNode-2@group-523986131536-FollowerState was interrupted: {}
java.lang.InterruptedException: sleep interrupted
	at java.lang.Thread.sleep(Native Method)
	at java.lang.Thread.sleep(Thread.java:340)
	at java.util.concurrent.TimeUnit.sleep(TimeUnit.java:386)
	at org.apache.ratis.util.TimeDuration.sleep(TimeDuration.java:324)
	at org.apache.ratis.util.TimeDuration.sleep(TimeDuration.java:309)
	at org.apache.ratis.server.impl.FollowerState.run(FollowerState.java:117)
2021-01-20 18:03:06,983 [Listener at localhost/12842] INFO  impl.StateMachineUpdater (StateMachineUpdater.java:stopAndJoin(148)) - omNode-2@group-523986131536-StateMachineUpdater: set stopIndex = 544
2021-01-20 18:03:06,983 [Listener at localhost/12842] INFO  server.RaftServer$Division (ServerState.java:close(400)) - omNode-2@group-523986131536: closes. applyIndex: 544
2021-01-20 18:03:06,983 [omNode-2@group-523986131536-SegmentedRaftLogWorker] INFO  segmented.SegmentedRaftLogWorker (SegmentedRaftLogWorker.java:run(326)) - omNode-2@group-523986131536-SegmentedRaftLogWorker was interrupted, exiting. There are 0 tasks remaining in the queue.
2021-01-20 18:03:06,984 [Listener at localhost/12842] INFO  segmented.SegmentedRaftLogWorker (SegmentedRaftLogWorker.java:close(236)) - omNode-2@group-523986131536-SegmentedRaftLogWorker close()
2021-01-20 18:03:06,985 [Listener at localhost/12842] INFO  metrics.RatisMetrics (RatisMetrics.java:unregister(43)) - Unregistering Metrics Registry : ratis.log_worker.omNode-2@group-523986131536
2021-01-20 18:03:06,985 [Listener at localhost/12842] INFO  metrics.RatisMetrics (RatisMetrics.java:unregister(43)) - Unregistering Metrics Registry : ratis.leader_election.omNode-2@group-523986131536
2021-01-20 18:03:06,985 [Listener at localhost/12842] INFO  metrics.RatisMetrics (RatisMetrics.java:unregister(43)) - Unregistering Metrics Registry : ratis.server.omNode-2@group-523986131536
2021-01-20 18:03:06,985 [Listener at localhost/12842] INFO  server.GrpcService (GrpcService.java:closeImpl(183)) - omNode-2: shutdown server with port 12846 now
2021-01-20 18:03:06,985 [Listener at localhost/12842] INFO  server.GrpcService (GrpcService.java:closeImpl(192)) - omNode-2: shutdown server with port 12846 successfully
2021-01-20 18:03:06,986 [org.apache.ratis.util.JvmPauseMonitor$$Lambda$305/2072734511@21e9919c] INFO  util.JvmPauseMonitor (JvmPauseMonitor.java:run(109)) - JvmPauseMonitor-omNode-2: Stopped
2021-01-20 18:03:06,986 [Listener at localhost/12842] INFO  ratis.OzoneManagerDoubleBuffer (OzoneManagerDoubleBuffer.java:stop(425)) - Stopping OMDoubleBuffer flush thread
2021-01-20 18:03:06,986 [OMDoubleBufferFlushThread] INFO  ratis.OzoneManagerDoubleBuffer (OzoneManagerDoubleBuffer.java:flushTransactions(352)) - OMDoubleBuffer flush thread OMDoubleBufferFlushThread is interrupted and will exit. OMDoubleBufferFlushThread
2021-01-20 18:03:06,986 [Listener at localhost/12842] INFO  ratis.OzoneManagerStateMachine (HadoopExecutors.java:shutdown(118)) - Gracefully shutting down executor service. Waiting max 5 SECONDS
2021-01-20 18:03:06,986 [Listener at localhost/12842] INFO  ratis.OzoneManagerStateMachine (HadoopExecutors.java:shutdown(129)) - Succesfully shutdown executor service
2021-01-20 18:03:06,986 [Listener at localhost/12842] INFO  ratis.OzoneManagerStateMachine (HadoopExecutors.java:shutdown(118)) - Gracefully shutting down executor service. Waiting max 5 SECONDS
2021-01-20 18:03:06,986 [Listener at localhost/12842] INFO  ratis.OzoneManagerStateMachine (HadoopExecutors.java:shutdown(129)) - Succesfully shutdown executor service
2021-01-20 18:03:06,986 [Listener at localhost/12842] INFO  handler.ContextHandler (ContextHandler.java:doStop(1154)) - Stopped o.e.j.w.WebAppContext@139969ec{ozoneManager,/,null,STOPPED}{file:/github/workspace/mnt/ozone/hadoop-ozone/integration-test/target/test-classes/webapps/ozoneManager}
2021-01-20 18:03:06,987 [Listener at localhost/12842] INFO  server.AbstractConnector (AbstractConnector.java:doStop(381)) - Stopped ServerConnector@59ef3fad{HTTP/1.1, (http/1.1)}{0.0.0.0:12844}
2021-01-20 18:03:06,987 [Listener at localhost/12842] INFO  server.session (HouseKeeper.java:stopScavenging(149)) - node0 Stopped scavenging
2021-01-20 18:03:06,987 [Listener at localhost/12842] INFO  handler.ContextHandler (ContextHandler.java:doStop(1154)) - Stopped o.e.j.s.ServletContextHandler@15159b92{static,/static,file:///github/workspace/mnt/ozone/hadoop-ozone/integration-test/target/test-classes/webapps/static,STOPPED}
2021-01-20 18:03:06,987 [Listener at localhost/12842] INFO  handler.ContextHandler (ContextHandler.java:doStop(1154)) - Stopped o.e.j.s.ServletContextHandler@388db3fa{logs,/logs,file:///github/workspace/mnt/ozone/hadoop-ozone/integration-test/target/log,STOPPED}
2021-01-20 18:03:06,989 [Listener at localhost/12842] INFO  ozone.MiniOzoneClusterImpl (MiniOzoneClusterImpl.java:stop(404)) - Stopping the Mini Ozone Cluster
2021-01-20 18:03:06,989 [Listener at localhost/12842] INFO  ozone.MiniOzoneClusterImpl (MiniOzoneClusterImpl.java:stopDatanodes(463)) - Stopping the HddsDatanodes
2021-01-20 18:03:07,323 [Datanode State Machine Thread - 0] INFO  statemachine.DatanodeStateMachine (DatanodeStateMachine.java:lambda$startDaemon$0(408)) - Ozone container server started.
2021-01-20 18:03:07,947 [Datanode State Machine Thread - 0] INFO  statemachine.DatanodeStateMachine (DatanodeStateMachine.java:lambda$startDaemon$0(408)) - Ozone container server started.
2021-01-20 18:03:11,990 [ForkJoinPool.commonPool-worker-0] INFO  ozoneimpl.OzoneContainer (OzoneContainer.java:stop(273)) - Attempting to stop container services.
2021-01-20 18:03:11,990 [Listener at localhost/12842] INFO  ozoneimpl.OzoneContainer (OzoneContainer.java:stop(273)) - Attempting to stop container services.
2021-01-20 18:03:11,991 [ForkJoinPool.commonPool-worker-0] INFO  server.RaftServer (RaftServerProxy.java:lambda$close$6(389)) - 1987e6aa-0f3f-4058-93c6-f087debdef03: close
2021-01-20 18:03:11,991 [Listener at localhost/12842] INFO  server.RaftServer (RaftServerProxy.java:lambda$close$6(389)) - e3fc3b7a-517a-44b3-8821-d76e91ceea3d: close
2021-01-20 18:03:11,991 [Listener at localhost/12842] INFO  server.RaftServer$Division (RaftServerImpl.java:lambda$close$4(405)) - e3fc3b7a-517a-44b3-8821-d76e91ceea3d@group-B2C9A5D36ED0: shutdown
2021-01-20 18:03:11,991 [Listener at localhost/12842] INFO  util.JmxRegister (JmxRegister.java:unregister(73)) - Successfully un-registered JMX Bean with object name Ratis:service=RaftServer,group=group-B2C9A5D36ED0,id=e3fc3b7a-517a-44b3-8821-d76e91ceea3d
2021-01-20 18:03:11,991 [Listener at localhost/12842] INFO  impl.RoleInfo (RoleInfo.java:shutdownFollowerState(108)) - e3fc3b7a-517a-44b3-8821-d76e91ceea3d: shutdown e3fc3b7a-517a-44b3-8821-d76e91ceea3d@group-B2C9A5D36ED0-FollowerState
2021-01-20 18:03:11,992 [Listener at localhost/12842] INFO  impl.StateMachineUpdater (StateMachineUpdater.java:stopAndJoin(148)) - e3fc3b7a-517a-44b3-8821-d76e91ceea3d@group-B2C9A5D36ED0-StateMachineUpdater: set stopIndex = 0
2021-01-20 18:03:11,991 [ForkJoinPool.commonPool-worker-0] INFO  server.RaftServer$Division (RaftServerImpl.java:lambda$close$4(405)) - 1987e6aa-0f3f-4058-93c6-f087debdef03@group-B2C9A5D36ED0: shutdown
2021-01-20 18:03:11,992 [Thread-5025] INFO  impl.FollowerState (FollowerState.java:run(142)) - e3fc3b7a-517a-44b3-8821-d76e91ceea3d@group-B2C9A5D36ED0-FollowerState was interrupted: {}
java.lang.InterruptedException: sleep interrupted
	at java.lang.Thread.sleep(Native Method)
	at java.lang.Thread.sleep(Thread.java:340)
	at java.util.concurrent.TimeUnit.sleep(TimeUnit.java:386)
	at org.apache.ratis.util.TimeDuration.sleep(TimeDuration.java:324)
	at org.apache.ratis.util.TimeDuration.sleep(TimeDuration.java:309)
	at org.apache.ratis.server.impl.FollowerState.run(FollowerState.java:117)
2021-01-20 18:03:11,992 [ForkJoinPool.commonPool-worker-0] INFO  util.JmxRegister (JmxRegister.java:unregister(73)) - Successfully un-registered JMX Bean with object name Ratis:service=RaftServer,group=group-B2C9A5D36ED0,id=1987e6aa-0f3f-4058-93c6-f087debdef03
2021-01-20 18:03:11,993 [ForkJoinPool.commonPool-worker-0] INFO  impl.RoleInfo (RoleInfo.java:shutdownFollowerState(108)) - 1987e6aa-0f3f-4058-93c6-f087debdef03: shutdown 1987e6aa-0f3f-4058-93c6-f087debdef03@group-B2C9A5D36ED0-FollowerState
2021-01-20 18:03:11,993 [ForkJoinPool.commonPool-worker-0] INFO  impl.StateMachineUpdater (StateMachineUpdater.java:stopAndJoin(148)) - 1987e6aa-0f3f-4058-93c6-f087debdef03@group-B2C9A5D36ED0-StateMachineUpdater: set stopIndex = 0
2021-01-20 18:03:11,993 [e3fc3b7a-517a-44b3-8821-d76e91ceea3d@group-B2C9A5D36ED0-StateMachineUpdater] INFO  ratis.ContainerStateMachine (ContainerStateMachine.java:takeSnapshot(291)) - group-B2C9A5D36ED0: Taking a snapshot at:(t:1, i:0) file /github/workspace/mnt/ozone/hadoop-ozone/integration-test/target/test-dir/MiniOzoneClusterImpl-618ecdb8-9cea-428a-88e6-93619fe638f4/datanode-1/data/ratis/18b71221-0a2e-4427-a6c5-b2c9a5d36ed0/sm/snapshot.1_0
2021-01-20 18:03:11,994 [Thread-5024] INFO  impl.FollowerState (FollowerState.java:run(142)) - 1987e6aa-0f3f-4058-93c6-f087debdef03@group-B2C9A5D36ED0-FollowerState was interrupted: {}
java.lang.InterruptedException: sleep interrupted
	at java.lang.Thread.sleep(Native Method)
	at java.lang.Thread.sleep(Thread.java:340)
	at java.util.concurrent.TimeUnit.sleep(TimeUnit.java:386)
	at org.apache.ratis.util.TimeDuration.sleep(TimeDuration.java:324)
	at org.apache.ratis.util.TimeDuration.sleep(TimeDuration.java:309)
	at org.apache.ratis.server.impl.FollowerState.run(FollowerState.java:117)
2021-01-20 18:03:11,995 [1987e6aa-0f3f-4058-93c6-f087debdef03@group-B2C9A5D36ED0-StateMachineUpdater] INFO  ratis.ContainerStateMachine (ContainerStateMachine.java:takeSnapshot(291)) - group-B2C9A5D36ED0: Taking a snapshot at:(t:1, i:0) file /github/workspace/mnt/ozone/hadoop-ozone/integration-test/target/test-dir/MiniOzoneClusterImpl-618ecdb8-9cea-428a-88e6-93619fe638f4/datanode-0/data/ratis/18b71221-0a2e-4427-a6c5-b2c9a5d36ed0/sm/snapshot.1_0
2021-01-20 18:03:11,995 [e3fc3b7a-517a-44b3-8821-d76e91ceea3d@group-B2C9A5D36ED0-StateMachineUpdater] INFO  ratis.ContainerStateMachine (ContainerStateMachine.java:takeSnapshot(302)) - group-B2C9A5D36ED0: Finished taking a snapshot at:(t:1, i:0) file:/github/workspace/mnt/ozone/hadoop-ozone/integration-test/target/test-dir/MiniOzoneClusterImpl-618ecdb8-9cea-428a-88e6-93619fe638f4/datanode-1/data/ratis/18b71221-0a2e-4427-a6c5-b2c9a5d36ed0/sm/snapshot.1_0 took: 2 ms
2021-01-20 18:03:11,995 [e3fc3b7a-517a-44b3-8821-d76e91ceea3d@group-B2C9A5D36ED0-StateMachineUpdater] INFO  impl.StateMachineUpdater (StateMachineUpdater.java:takeSnapshot(279)) - e3fc3b7a-517a-44b3-8821-d76e91ceea3d@group-B2C9A5D36ED0-StateMachineUpdater: Took a snapshot at index 0
2021-01-20 18:03:11,995 [e3fc3b7a-517a-44b3-8821-d76e91ceea3d@group-B2C9A5D36ED0-StateMachineUpdater] INFO  impl.StateMachineUpdater (StateMachineUpdater.java:lambda$new$0(88)) - e3fc3b7a-517a-44b3-8821-d76e91ceea3d@group-B2C9A5D36ED0-StateMachineUpdater: snapshotIndex: updateIncreasingly -1 -> 0
2021-01-20 18:03:11,995 [e3fc3b7a-517a-44b3-8821-d76e91ceea3d@group-B2C9A5D36ED0-StateMachineUpdater] INFO  metrics.RatisMetrics (RatisMetrics.java:unregister(43)) - Unregistering Metrics Registry : ratis.state_machine.e3fc3b7a-517a-44b3-8821-d76e91ceea3d@group-B2C9A5D36ED0
2021-01-20 18:03:11,995 [Listener at localhost/12842] INFO  server.RaftServer$Division (ServerState.java:close(400)) - e3fc3b7a-517a-44b3-8821-d76e91ceea3d@group-B2C9A5D36ED0: closes. applyIndex: 0
2021-01-20 18:03:11,995 [1987e6aa-0f3f-4058-93c6-f087debdef03@group-B2C9A5D36ED0-StateMachineUpdater] INFO  ratis.ContainerStateMachine (ContainerStateMachine.java:takeSnapshot(302)) - group-B2C9A5D36ED0: Finished taking a snapshot at:(t:1, i:0) file:/github/workspace/mnt/ozone/hadoop-ozone/integration-test/target/test-dir/MiniOzoneClusterImpl-618ecdb8-9cea-428a-88e6-93619fe638f4/datanode-0/data/ratis/18b71221-0a2e-4427-a6c5-b2c9a5d36ed0/sm/snapshot.1_0 took: 1 ms
2021-01-20 18:03:11,996 [1987e6aa-0f3f-4058-93c6-f087debdef03@group-B2C9A5D36ED0-StateMachineUpdater] INFO  impl.StateMachineUpdater (StateMachineUpdater.java:takeSnapshot(279)) - 1987e6aa-0f3f-4058-93c6-f087debdef03@group-B2C9A5D36ED0-StateMachineUpdater: Took a snapshot at index 0
2021-01-20 18:03:11,996 [1987e6aa-0f3f-4058-93c6-f087debdef03@group-B2C9A5D36ED0-StateMachineUpdater] INFO  impl.StateMachineUpdater (StateMachineUpdater.java:lambda$new$0(88)) - 1987e6aa-0f3f-4058-93c6-f087debdef03@group-B2C9A5D36ED0-StateMachineUpdater: snapshotIndex: updateIncreasingly -1 -> 0
2021-01-20 18:03:11,996 [1987e6aa-0f3f-4058-93c6-f087debdef03@group-B2C9A5D36ED0-StateMachineUpdater] INFO  metrics.RatisMetrics (RatisMetrics.java:unregister(43)) - Unregistering Metrics Registry : ratis.state_machine.1987e6aa-0f3f-4058-93c6-f087debdef03@group-B2C9A5D36ED0
2021-01-20 18:03:11,996 [ForkJoinPool.commonPool-worker-0] INFO  server.RaftServer$Division (ServerState.java:close(400)) - 1987e6aa-0f3f-4058-93c6-f087debdef03@group-B2C9A5D36ED0: closes. applyIndex: 0
2021-01-20 18:03:11,996 [e3fc3b7a-517a-44b3-8821-d76e91ceea3d@group-B2C9A5D36ED0-SegmentedRaftLogWorker] INFO  segmented.SegmentedRaftLogWorker (SegmentedRaftLogWorker.java:run(326)) - e3fc3b7a-517a-44b3-8821-d76e91ceea3d@group-B2C9A5D36ED0-SegmentedRaftLogWorker was interrupted, exiting. There are 0 tasks remaining in the queue.
2021-01-20 18:03:11,996 [1987e6aa-0f3f-4058-93c6-f087debdef03@group-B2C9A5D36ED0-SegmentedRaftLogWorker] INFO  segmented.SegmentedRaftLogWorker (SegmentedRaftLogWorker.java:run(326)) - 1987e6aa-0f3f-4058-93c6-f087debdef03@group-B2C9A5D36ED0-SegmentedRaftLogWorker was interrupted, exiting. There are 0 tasks remaining in the queue.
2021-01-20 18:03:11,996 [Listener at localhost/12842] INFO  segmented.SegmentedRaftLogWorker (SegmentedRaftLogWorker.java:close(236)) - e3fc3b7a-517a-44b3-8821-d76e91ceea3d@group-B2C9A5D36ED0-SegmentedRaftLogWorker close()
2021-01-20 18:03:11,999 [Listener at localhost/12842] INFO  metrics.RatisMetrics (RatisMetrics.java:unregister(43)) - Unregistering Metrics Registry : ratis.log_worker.e3fc3b7a-517a-44b3-8821-d76e91ceea3d@group-B2C9A5D36ED0
2021-01-20 18:03:11,999 [Listener at localhost/12842] INFO  metrics.RatisMetrics (RatisMetrics.java:unregister(43)) - Unregistering Metrics Registry : ratis.leader_election.e3fc3b7a-517a-44b3-8821-d76e91ceea3d@group-B2C9A5D36ED0
2021-01-20 18:03:11,999 [Listener at localhost/12842] INFO  metrics.RatisMetrics (RatisMetrics.java:unregister(43)) - Unregistering Metrics Registry : ratis.server.e3fc3b7a-517a-44b3-8821-d76e91ceea3d@group-B2C9A5D36ED0
2021-01-20 18:03:12,000 [Listener at localhost/12842] INFO  server.RaftServer$Division (RaftServerImpl.java:lambda$close$4(405)) - e3fc3b7a-517a-44b3-8821-d76e91ceea3d@group-C7A8C13A6F50: shutdown
2021-01-20 18:03:12,000 [Listener at localhost/12842] INFO  util.JmxRegister (JmxRegister.java:unregister(73)) - Successfully un-registered JMX Bean with object name Ratis:service=RaftServer,group=group-C7A8C13A6F50,id=e3fc3b7a-517a-44b3-8821-d76e91ceea3d
2021-01-20 18:03:12,000 [Listener at localhost/12842] INFO  impl.RoleInfo (RoleInfo.java:shutdownLeaderState(91)) - e3fc3b7a-517a-44b3-8821-d76e91ceea3d: shutdown e3fc3b7a-517a-44b3-8821-d76e91ceea3d@group-C7A8C13A6F50-LeaderStateImpl
2021-01-20 18:03:12,000 [Listener at localhost/12842] INFO  impl.PendingRequests (PendingRequests.java:sendNotLeaderResponses(249)) - e3fc3b7a-517a-44b3-8821-d76e91ceea3d@group-C7A8C13A6F50-PendingRequests: sendNotLeaderResponses
2021-01-20 18:03:12,000 [Listener at localhost/12842] INFO  metrics.RatisMetrics (RatisMetrics.java:unregister(43)) - Unregistering Metrics Registry : ratis.log_appender.e3fc3b7a-517a-44b3-8821-d76e91ceea3d@group-C7A8C13A6F50
2021-01-20 18:03:12,000 [Listener at localhost/12842] INFO  metrics.RatisMetrics (RatisMetrics.java:unregister(43)) - Unregistering Metrics Registry : ratis.server.e3fc3b7a-517a-44b3-8821-d76e91ceea3d@group-C7A8C13A6F50
2021-01-20 18:03:12,002 [Listener at localhost/12842] INFO  impl.StateMachineUpdater (StateMachineUpdater.java:stopAndJoin(148)) - e3fc3b7a-517a-44b3-8821-d76e91ceea3d@group-C7A8C13A6F50-StateMachineUpdater: set stopIndex = 0
2021-01-20 18:03:12,002 [ForkJoinPool.commonPool-worker-0] INFO  segmented.SegmentedRaftLogWorker (SegmentedRaftLogWorker.java:close(236)) - 1987e6aa-0f3f-4058-93c6-f087debdef03@group-B2C9A5D36ED0-SegmentedRaftLogWorker close()
2021-01-20 18:03:12,002 [ForkJoinPool.commonPool-worker-0] INFO  metrics.RatisMetrics (RatisMetrics.java:unregister(43)) - Unregistering Metrics Registry : ratis.log_worker.1987e6aa-0f3f-4058-93c6-f087debdef03@group-B2C9A5D36ED0
2021-01-20 18:03:12,002 [ForkJoinPool.commonPool-worker-0] INFO  metrics.RatisMetrics (RatisMetrics.java:unregister(43)) - Unregistering Metrics Registry : ratis.leader_election.1987e6aa-0f3f-4058-93c6-f087debdef03@group-B2C9A5D36ED0
2021-01-20 18:03:12,002 [e3fc3b7a-517a-44b3-8821-d76e91ceea3d@group-C7A8C13A6F50-StateMachineUpdater] INFO  ratis.ContainerStateMachine (ContainerStateMachine.java:takeSnapshot(291)) - group-C7A8C13A6F50: Taking a snapshot at:(t:1, i:0) file /github/workspace/mnt/ozone/hadoop-ozone/integration-test/target/test-dir/MiniOzoneClusterImpl-618ecdb8-9cea-428a-88e6-93619fe638f4/datanode-1/data/ratis/2cbdd5c1-d820-4b1e-8c42-c7a8c13a6f50/sm/snapshot.1_0
2021-01-20 18:03:12,002 [ForkJoinPool.commonPool-worker-0] INFO  metrics.RatisMetrics (RatisMetrics.java:unregister(43)) - Unregistering Metrics Registry : ratis.server.1987e6aa-0f3f-4058-93c6-f087debdef03@group-B2C9A5D36ED0
2021-01-20 18:03:12,003 [ForkJoinPool.commonPool-worker-0] INFO  server.RaftServer$Division (RaftServerImpl.java:lambda$close$4(405)) - 1987e6aa-0f3f-4058-93c6-f087debdef03@group-E06B811B0D80: shutdown
2021-01-20 18:03:12,003 [ForkJoinPool.commonPool-worker-0] INFO  util.JmxRegister (JmxRegister.java:unregister(73)) - Successfully un-registered JMX Bean with object name Ratis:service=RaftServer,group=group-E06B811B0D80,id=1987e6aa-0f3f-4058-93c6-f087debdef03
2021-01-20 18:03:12,003 [ForkJoinPool.commonPool-worker-0] INFO  impl.RoleInfo (RoleInfo.java:shutdownFollowerState(108)) - 1987e6aa-0f3f-4058-93c6-f087debdef03: shutdown 1987e6aa-0f3f-4058-93c6-f087debdef03@group-E06B811B0D80-FollowerState
2021-01-20 18:03:12,003 [ForkJoinPool.commonPool-worker-0] INFO  impl.StateMachineUpdater (StateMachineUpdater.java:stopAndJoin(148)) - 1987e6aa-0f3f-4058-93c6-f087debdef03@group-E06B811B0D80-StateMachineUpdater: set stopIndex = 0
2021-01-20 18:03:12,004 [1987e6aa-0f3f-4058-93c6-f087debdef03@group-E06B811B0D80-StateMachineUpdater] INFO  ratis.ContainerStateMachine (ContainerStateMachine.java:takeSnapshot(291)) - group-E06B811B0D80: Taking a snapshot at:(t:1, i:0) file /github/workspace/mnt/ozone/hadoop-ozone/integration-test/target/test-dir/MiniOzoneClusterImpl-618ecdb8-9cea-428a-88e6-93619fe638f4/datanode-0/data/ratis/a752d258-79d0-4389-860d-e06b811b0d80/sm/snapshot.1_0
2021-01-20 18:03:12,003 [Thread-4996] INFO  impl.FollowerState (FollowerState.java:run(142)) - 1987e6aa-0f3f-4058-93c6-f087debdef03@group-E06B811B0D80-FollowerState was interrupted: {}
java.lang.InterruptedException: sleep interrupted
	at java.lang.Thread.sleep(Native Method)
	at java.lang.Thread.sleep(Thread.java:340)
	at java.util.concurrent.TimeUnit.sleep(TimeUnit.java:386)
	at org.apache.ratis.util.TimeDuration.sleep(TimeDuration.java:324)
	at org.apache.ratis.util.TimeDuration.sleep(TimeDuration.java:309)
	at org.apache.ratis.server.impl.FollowerState.run(FollowerState.java:117)
2021-01-20 18:03:12,004 [e3fc3b7a-517a-44b3-8821-d76e91ceea3d@group-C7A8C13A6F50-StateMachineUpdater] INFO  ratis.ContainerStateMachine (ContainerStateMachine.java:takeSnapshot(302)) - group-C7A8C13A6F50: Finished taking a snapshot at:(t:1, i:0) file:/github/workspace/mnt/ozone/hadoop-ozone/integration-test/target/test-dir/MiniOzoneClusterImpl-618ecdb8-9cea-428a-88e6-93619fe638f4/datanode-1/data/ratis/2cbdd5c1-d820-4b1e-8c42-c7a8c13a6f50/sm/snapshot.1_0 took: 1 ms
2021-01-20 18:03:12,004 [e3fc3b7a-517a-44b3-8821-d76e91ceea3d@group-C7A8C13A6F50-StateMachineUpdater] INFO  impl.StateMachineUpdater (StateMachineUpdater.java:takeSnapshot(279)) - e3fc3b7a-517a-44b3-8821-d76e91ceea3d@group-C7A8C13A6F50-StateMachineUpdater: Took a snapshot at index 0
2021-01-20 18:03:12,004 [e3fc3b7a-517a-44b3-8821-d76e91ceea3d@group-C7A8C13A6F50-StateMachineUpdater] INFO  impl.StateMachineUpdater (StateMachineUpdater.java:lambda$new$0(88)) - e3fc3b7a-517a-44b3-8821-d76e91ceea3d@group-C7A8C13A6F50-StateMachineUpdater: snapshotIndex: updateIncreasingly -1 -> 0
2021-01-20 18:03:12,004 [e3fc3b7a-517a-44b3-8821-d76e91ceea3d@group-C7A8C13A6F50-StateMachineUpdater] INFO  metrics.RatisMetrics (RatisMetrics.java:unregister(43)) - Unregistering Metrics Registry : ratis.state_machine.e3fc3b7a-517a-44b3-8821-d76e91ceea3d@group-C7A8C13A6F50
2021-01-20 18:03:12,004 [1987e6aa-0f3f-4058-93c6-f087debdef03@group-E06B811B0D80-StateMachineUpdater] INFO  ratis.ContainerStateMachine (ContainerStateMachine.java:takeSnapshot(302)) - group-E06B811B0D80: Finished taking a snapshot at:(t:1, i:0) file:/github/workspace/mnt/ozone/hadoop-ozone/integration-test/target/test-dir/MiniOzoneClusterImpl-618ecdb8-9cea-428a-88e6-93619fe638f4/datanode-0/data/ratis/a752d258-79d0-4389-860d-e06b811b0d80/sm/snapshot.1_0 took: 1 ms
2021-01-20 18:03:12,005 [Listener at localhost/12842] INFO  server.RaftServer$Division (ServerState.java:close(400)) - e3fc3b7a-517a-44b3-8821-d76e91ceea3d@group-C7A8C13A6F50: closes. applyIndex: 0
2021-01-20 18:03:12,005 [e3fc3b7a-517a-44b3-8821-d76e91ceea3d@group-C7A8C13A6F50-SegmentedRaftLogWorker] INFO  segmented.SegmentedRaftLogWorker (SegmentedRaftLogWorker.java:run(326)) - e3fc3b7a-517a-44b3-8821-d76e91ceea3d@group-C7A8C13A6F50-SegmentedRaftLogWorker was interrupted, exiting. There are 0 tasks remaining in the queue.
2021-01-20 18:03:12,005 [Listener at localhost/12842] INFO  segmented.SegmentedRaftLogWorker (SegmentedRaftLogWorker.java:close(236)) - e3fc3b7a-517a-44b3-8821-d76e91ceea3d@group-C7A8C13A6F50-SegmentedRaftLogWorker close()
2021-01-20 18:03:12,005 [Listener at localhost/12842] INFO  metrics.RatisMetrics (RatisMetrics.java:unregister(43)) - Unregistering Metrics Registry : ratis.log_worker.e3fc3b7a-517a-44b3-8821-d76e91ceea3d@group-C7A8C13A6F50
2021-01-20 18:03:12,005 [Listener at localhost/12842] INFO  metrics.RatisMetrics (RatisMetrics.java:unregister(43)) - Unregistering Metrics Registry : ratis.leader_election.e3fc3b7a-517a-44b3-8821-d76e91ceea3d@group-C7A8C13A6F50
2021-01-20 18:03:12,006 [Listener at localhost/12842] INFO  metrics.RatisMetrics (RatisMetrics.java:unregister(43)) - Unregistering Metrics Registry : ratis.server.e3fc3b7a-517a-44b3-8821-d76e91ceea3d@group-C7A8C13A6F50
2021-01-20 18:03:12,006 [Listener at localhost/12842] INFO  server.RaftServer$Division (RaftServerImpl.java:lambda$close$4(405)) - e3fc3b7a-517a-44b3-8821-d76e91ceea3d@group-E06B811B0D80: shutdown
2021-01-20 18:03:12,006 [Listener at localhost/12842] INFO  util.JmxRegister (JmxRegister.java:unregister(73)) - Successfully un-registered JMX Bean with object name Ratis:service=RaftServer,group=group-E06B811B0D80,id=e3fc3b7a-517a-44b3-8821-d76e91ceea3d
2021-01-20 18:03:12,006 [Listener at localhost/12842] INFO  impl.RoleInfo (RoleInfo.java:shutdownLeaderState(91)) - e3fc3b7a-517a-44b3-8821-d76e91ceea3d: shutdown e3fc3b7a-517a-44b3-8821-d76e91ceea3d@group-E06B811B0D80-LeaderStateImpl
2021-01-20 18:03:12,006 [Listener at localhost/12842] INFO  metrics.RatisMetrics (RatisMetrics.java:unregister(43)) - Unregistering Metrics Registry : ratis_grpc.log_appender.e3fc3b7a-517a-44b3-8821-d76e91ceea3d@group-E06B811B0D80
2021-01-20 18:03:12,006 [Listener at localhost/12842] INFO  metrics.RatisMetrics (RatisMetrics.java:unregister(43)) - Unregistering Metrics Registry : ratis_grpc.log_appender.e3fc3b7a-517a-44b3-8821-d76e91ceea3d@group-E06B811B0D80
2021-01-20 18:03:12,006 [Listener at localhost/12842] INFO  impl.PendingRequests (PendingRequests.java:sendNotLeaderResponses(249)) - e3fc3b7a-517a-44b3-8821-d76e91ceea3d@group-E06B811B0D80-PendingRequests: sendNotLeaderResponses
2021-01-20 18:03:12,006 [Listener at localhost/12842] INFO  metrics.RatisMetrics (RatisMetrics.java:unregister(43)) - Unregistering Metrics Registry : ratis.log_appender.e3fc3b7a-517a-44b3-8821-d76e91ceea3d@group-E06B811B0D80
2021-01-20 18:03:12,007 [Listener at localhost/12842] INFO  metrics.RatisMetrics (RatisMetrics.java:unregister(43)) - Unregistering Metrics Registry : ratis.server.e3fc3b7a-517a-44b3-8821-d76e91ceea3d@group-E06B811B0D80
2021-01-20 18:03:12,005 [1987e6aa-0f3f-4058-93c6-f087debdef03@group-E06B811B0D80-StateMachineUpdater] INFO  impl.StateMachineUpdater (StateMachineUpdater.java:takeSnapshot(279)) - 1987e6aa-0f3f-4058-93c6-f087debdef03@group-E06B811B0D80-StateMachineUpdater: Took a snapshot at index 0
2021-01-20 18:03:12,008 [1987e6aa-0f3f-4058-93c6-f087debdef03@group-E06B811B0D80-StateMachineUpdater] INFO  impl.StateMachineUpdater (StateMachineUpdater.java:lambda$new$0(88)) - 1987e6aa-0f3f-4058-93c6-f087debdef03@group-E06B811B0D80-StateMachineUpdater: snapshotIndex: updateIncreasingly -1 -> 0
2021-01-20 18:03:12,008 [1987e6aa-0f3f-4058-93c6-f087debdef03@group-E06B811B0D80-StateMachineUpdater] INFO  metrics.RatisMetrics (RatisMetrics.java:unregister(43)) - Unregistering Metrics Registry : ratis.state_machine.1987e6aa-0f3f-4058-93c6-f087debdef03@group-E06B811B0D80
2021-01-20 18:03:12,008 [ForkJoinPool.commonPool-worker-0] INFO  server.RaftServer$Division (ServerState.java:close(400)) - 1987e6aa-0f3f-4058-93c6-f087debdef03@group-E06B811B0D80: closes. applyIndex: 0
2021-01-20 18:03:12,008 [e3fc3b7a-517a-44b3-8821-d76e91ceea3d@group-E06B811B0D80->564d795e-2911-4ce0-b6aa-bf548929a9a6-GrpcLogAppender-LogAppenderDaemon] WARN  server.GrpcLogAppender (GrpcLogAppender.java:mayWait(175)) - e3fc3b7a-517a-44b3-8821-d76e91ceea3d@group-E06B811B0D80->564d795e-2911-4ce0-b6aa-bf548929a9a6-GrpcLogAppender: Wait interrupted by java.lang.InterruptedException
2021-01-20 18:03:12,008 [1987e6aa-0f3f-4058-93c6-f087debdef03@group-E06B811B0D80-SegmentedRaftLogWorker] INFO  segmented.SegmentedRaftLogWorker (SegmentedRaftLogWorker.java:run(326)) - 1987e6aa-0f3f-4058-93c6-f087debdef03@group-E06B811B0D80-SegmentedRaftLogWorker was interrupted, exiting. There are 0 tasks remaining in the queue.
2021-01-20 18:03:12,008 [grpc-default-executor-6] INFO  server.GrpcServerProtocolService (GrpcServerProtocolService.java:onCompleted(138)) - 564d795e-2911-4ce0-b6aa-bf548929a9a6: Completed APPEND_ENTRIES, lastRequest: e3fc3b7a-517a-44b3-8821-d76e91ceea3d->564d795e-2911-4ce0-b6aa-bf548929a9a6#1-t1,previous=(t:0, i:0),leaderCommit=-1,initializing? true,entries: size=1, first=(t:1, i:0), CONFIGURATIONENTRY
2021-01-20 18:03:12,009 [ForkJoinPool.commonPool-worker-0] INFO  segmented.SegmentedRaftLogWorker (SegmentedRaftLogWorker.java:close(236)) - 1987e6aa-0f3f-4058-93c6-f087debdef03@group-E06B811B0D80-SegmentedRaftLogWorker close()
2021-01-20 18:03:12,009 [ForkJoinPool.commonPool-worker-0] INFO  metrics.RatisMetrics (RatisMetrics.java:unregister(43)) - Unregistering Metrics Registry : ratis.log_worker.1987e6aa-0f3f-4058-93c6-f087debdef03@group-E06B811B0D80
2021-01-20 18:03:12,010 [ForkJoinPool.commonPool-worker-0] INFO  metrics.RatisMetrics (RatisMetrics.java:unregister(43)) - Unregistering Metrics Registry : ratis.leader_election.1987e6aa-0f3f-4058-93c6-f087debdef03@group-E06B811B0D80
2021-01-20 18:03:12,010 [ForkJoinPool.commonPool-worker-0] INFO  metrics.RatisMetrics (RatisMetrics.java:unregister(43)) - Unregistering Metrics Registry : ratis.server.1987e6aa-0f3f-4058-93c6-f087debdef03@group-E06B811B0D80
2021-01-20 18:03:12,010 [grpc-default-executor-3] INFO  server.GrpcLogAppender (GrpcLogAppender.java:onCompleted(344)) - e3fc3b7a-517a-44b3-8821-d76e91ceea3d@group-E06B811B0D80->564d795e-2911-4ce0-b6aa-bf548929a9a6-AppendLogResponseHandler: follower responses appendEntries COMPLETED
2021-01-20 18:03:12,010 [grpc-default-executor-3] INFO  leader.FollowerInfo (FollowerInfoImpl.java:lambda$new$0(46)) - e3fc3b7a-517a-44b3-8821-d76e91ceea3d@group-E06B811B0D80->564d795e-2911-4ce0-b6aa-bf548929a9a6: nextIndex: updateUnconditionally 1 -> 0
2021-01-20 18:03:12,010 [ForkJoinPool.commonPool-worker-0] INFO  server.RaftServer$Division (RaftServerImpl.java:lambda$close$4(405)) - 1987e6aa-0f3f-4058-93c6-f087debdef03@group-DB48D1914D68: shutdown
2021-01-20 18:03:12,010 [ForkJoinPool.commonPool-worker-0] INFO  util.JmxRegister (JmxRegister.java:unregister(73)) - Successfully un-registered JMX Bean with object name Ratis:service=RaftServer,group=group-DB48D1914D68,id=1987e6aa-0f3f-4058-93c6-f087debdef03
2021-01-20 18:03:12,010 [ForkJoinPool.commonPool-worker-0] INFO  impl.RoleInfo (RoleInfo.java:shutdownLeaderState(91)) - 1987e6aa-0f3f-4058-93c6-f087debdef03: shutdown 1987e6aa-0f3f-4058-93c6-f087debdef03@group-DB48D1914D68-LeaderStateImpl
2021-01-20 18:03:12,010 [ForkJoinPool.commonPool-worker-0] INFO  impl.PendingRequests (PendingRequests.java:sendNotLeaderResponses(249)) - 1987e6aa-0f3f-4058-93c6-f087debdef03@group-DB48D1914D68-PendingRequests: sendNotLeaderResponses
2021-01-20 18:03:12,010 [ForkJoinPool.commonPool-worker-0] INFO  metrics.RatisMetrics (RatisMetrics.java:unregister(43)) - Unregistering Metrics Registry : ratis.log_appender.1987e6aa-0f3f-4058-93c6-f087debdef03@group-DB48D1914D68
2021-01-20 18:03:12,010 [ForkJoinPool.commonPool-worker-0] INFO  metrics.RatisMetrics (RatisMetrics.java:unregister(43)) - Unregistering Metrics Registry : ratis.server.1987e6aa-0f3f-4058-93c6-f087debdef03@group-DB48D1914D68
2021-01-20 18:03:12,012 [e3fc3b7a-517a-44b3-8821-d76e91ceea3d@group-E06B811B0D80-StateMachineUpdater] INFO  ratis.ContainerStateMachine (ContainerStateMachine.java:takeSnapshot(291)) - group-E06B811B0D80: Taking a snapshot at:(t:1, i:0) file /github/workspace/mnt/ozone/hadoop-ozone/integration-test/target/test-dir/MiniOzoneClusterImpl-618ecdb8-9cea-428a-88e6-93619fe638f4/datanode-1/data/ratis/a752d258-79d0-4389-860d-e06b811b0d80/sm/snapshot.1_0
2021-01-20 18:03:12,012 [Listener at localhost/12842] INFO  impl.StateMachineUpdater (StateMachineUpdater.java:stopAndJoin(148)) - e3fc3b7a-517a-44b3-8821-d76e91ceea3d@group-E06B811B0D80-StateMachineUpdater: set stopIndex = 0
2021-01-20 18:03:12,013 [ForkJoinPool.commonPool-worker-0] INFO  impl.StateMachineUpdater (StateMachineUpdater.java:stopAndJoin(148)) - 1987e6aa-0f3f-4058-93c6-f087debdef03@group-DB48D1914D68-StateMachineUpdater: set stopIndex = 0
2021-01-20 18:03:12,013 [e3fc3b7a-517a-44b3-8821-d76e91ceea3d@group-E06B811B0D80->1987e6aa-0f3f-4058-93c6-f087debdef03-GrpcLogAppender-LogAppenderDaemon] WARN  server.GrpcLogAppender (GrpcLogAppender.java:mayWait(175)) - e3fc3b7a-517a-44b3-8821-d76e91ceea3d@group-E06B811B0D80->1987e6aa-0f3f-4058-93c6-f087debdef03-GrpcLogAppender: Wait interrupted by java.lang.InterruptedException
2021-01-20 18:03:12,013 [e3fc3b7a-517a-44b3-8821-d76e91ceea3d@group-E06B811B0D80-StateMachineUpdater] INFO  ratis.ContainerStateMachine (ContainerStateMachine.java:takeSnapshot(302)) - group-E06B811B0D80: Finished taking a snapshot at:(t:1, i:0) file:/github/workspace/mnt/ozone/hadoop-ozone/integration-test/target/test-dir/MiniOzoneClusterImpl-618ecdb8-9cea-428a-88e6-93619fe638f4/datanode-1/data/ratis/a752d258-79d0-4389-860d-e06b811b0d80/sm/snapshot.1_0 took: 2 ms
2021-01-20 18:03:12,014 [e3fc3b7a-517a-44b3-8821-d76e91ceea3d@group-E06B811B0D80-StateMachineUpdater] INFO  impl.StateMachineUpdater (StateMachineUpdater.java:takeSnapshot(279)) - e3fc3b7a-517a-44b3-8821-d76e91ceea3d@group-E06B811B0D80-StateMachineUpdater: Took a snapshot at index 0
2021-01-20 18:03:12,014 [e3fc3b7a-517a-44b3-8821-d76e91ceea3d@group-E06B811B0D80-StateMachineUpdater] INFO  impl.StateMachineUpdater (StateMachineUpdater.java:lambda$new$0(88)) - e3fc3b7a-517a-44b3-8821-d76e91ceea3d@group-E06B811B0D80-StateMachineUpdater: snapshotIndex: updateIncreasingly -1 -> 0
2021-01-20 18:03:12,014 [1987e6aa-0f3f-4058-93c6-f087debdef03@group-DB48D1914D68-StateMachineUpdater] INFO  ratis.ContainerStateMachine (ContainerStateMachine.java:takeSnapshot(291)) - group-DB48D1914D68: Taking a snapshot at:(t:1, i:0) file /github/workspace/mnt/ozone/hadoop-ozone/integration-test/target/test-dir/MiniOzoneClusterImpl-618ecdb8-9cea-428a-88e6-93619fe638f4/datanode-0/data/ratis/55575036-f8c1-4436-bb48-db48d1914d68/sm/snapshot.1_0
2021-01-20 18:03:12,014 [grpc-default-executor-3] INFO  server.GrpcServerProtocolService (GrpcServerProtocolService.java:onCompleted(138)) - 1987e6aa-0f3f-4058-93c6-f087debdef03: Completed APPEND_ENTRIES, lastRequest: e3fc3b7a-517a-44b3-8821-d76e91ceea3d->1987e6aa-0f3f-4058-93c6-f087debdef03#1-t1,previous=(t:0, i:0),leaderCommit=-1,initializing? true,entries: size=1, first=(t:1, i:0), CONFIGURATIONENTRY
2021-01-20 18:03:12,014 [e3fc3b7a-517a-44b3-8821-d76e91ceea3d@group-E06B811B0D80-StateMachineUpdater] INFO  metrics.RatisMetrics (RatisMetrics.java:unregister(43)) - Unregistering Metrics Registry : ratis.state_machine.e3fc3b7a-517a-44b3-8821-d76e91ceea3d@group-E06B811B0D80
2021-01-20 18:03:12,015 [grpc-default-executor-3] INFO  server.GrpcLogAppender (GrpcLogAppender.java:onCompleted(344)) - e3fc3b7a-517a-44b3-8821-d76e91ceea3d@group-E06B811B0D80->1987e6aa-0f3f-4058-93c6-f087debdef03-AppendLogResponseHandler: follower responses appendEntries COMPLETED
2021-01-20 18:03:12,015 [grpc-default-executor-3] INFO  leader.FollowerInfo (FollowerInfoImpl.java:lambda$new$0(46)) - e3fc3b7a-517a-44b3-8821-d76e91ceea3d@group-E06B811B0D80->1987e6aa-0f3f-4058-93c6-f087debdef03: nextIndex: updateUnconditionally 1 -> 0
2021-01-20 18:03:12,015 [Listener at localhost/12842] INFO  server.RaftServer$Division (ServerState.java:close(400)) - e3fc3b7a-517a-44b3-8821-d76e91ceea3d@group-E06B811B0D80: closes. applyIndex: 0
2021-01-20 18:03:12,015 [1987e6aa-0f3f-4058-93c6-f087debdef03@group-DB48D1914D68-StateMachineUpdater] INFO  ratis.ContainerStateMachine (ContainerStateMachine.java:takeSnapshot(302)) - group-DB48D1914D68: Finished taking a snapshot at:(t:1, i:0) file:/github/workspace/mnt/ozone/hadoop-ozone/integration-test/target/test-dir/MiniOzoneClusterImpl-618ecdb8-9cea-428a-88e6-93619fe638f4/datanode-0/data/ratis/55575036-f8c1-4436-bb48-db48d1914d68/sm/snapshot.1_0 took: 1 ms
2021-01-20 18:03:12,015 [1987e6aa-0f3f-4058-93c6-f087debdef03@group-DB48D1914D68-StateMachineUpdater] INFO  impl.StateMachineUpdater (StateMachineUpdater.java:takeSnapshot(279)) - 1987e6aa-0f3f-4058-93c6-f087debdef03@group-DB48D1914D68-StateMachineUpdater: Took a snapshot at index 0
2021-01-20 18:03:12,015 [1987e6aa-0f3f-4058-93c6-f087debdef03@group-DB48D1914D68-StateMachineUpdater] INFO  impl.StateMachineUpdater (StateMachineUpdater.java:lambda$new$0(88)) - 1987e6aa-0f3f-4058-93c6-f087debdef03@group-DB48D1914D68-StateMachineUpdater: snapshotIndex: updateIncreasingly -1 -> 0
2021-01-20 18:03:12,015 [1987e6aa-0f3f-4058-93c6-f087debdef03@group-DB48D1914D68-StateMachineUpdater] INFO  metrics.RatisMetrics (RatisMetrics.java:unregister(43)) - Unregistering Metrics Registry : ratis.state_machine.1987e6aa-0f3f-4058-93c6-f087debdef03@group-DB48D1914D68
2021-01-20 18:03:12,015 [ForkJoinPool.commonPool-worker-0] INFO  server.RaftServer$Division (ServerState.java:close(400)) - 1987e6aa-0f3f-4058-93c6-f087debdef03@group-DB48D1914D68: closes. applyIndex: 0
2021-01-20 18:03:12,015 [e3fc3b7a-517a-44b3-8821-d76e91ceea3d@group-E06B811B0D80-SegmentedRaftLogWorker] INFO  segmented.SegmentedRaftLogWorker (SegmentedRaftLogWorker.java:run(326)) - e3fc3b7a-517a-44b3-8821-d76e91ceea3d@group-E06B811B0D80-SegmentedRaftLogWorker was interrupted, exiting. There are 0 tasks remaining in the queue.
2021-01-20 18:03:12,016 [Listener at localhost/12842] INFO  segmented.SegmentedRaftLogWorker (SegmentedRaftLogWorker.java:close(236)) - e3fc3b7a-517a-44b3-8821-d76e91ceea3d@group-E06B811B0D80-SegmentedRaftLogWorker close()
2021-01-20 18:03:12,016 [1987e6aa-0f3f-4058-93c6-f087debdef03@group-DB48D1914D68-SegmentedRaftLogWorker] INFO  segmented.SegmentedRaftLogWorker (SegmentedRaftLogWorker.java:run(326)) - 1987e6aa-0f3f-4058-93c6-f087debdef03@group-DB48D1914D68-SegmentedRaftLogWorker was interrupted, exiting. There are 0 tasks remaining in the queue.
2021-01-20 18:03:12,016 [ForkJoinPool.commonPool-worker-0] INFO  segmented.SegmentedRaftLogWorker (SegmentedRaftLogWorker.java:close(236)) - 1987e6aa-0f3f-4058-93c6-f087debdef03@group-DB48D1914D68-SegmentedRaftLogWorker close()
2021-01-20 18:03:12,016 [Listener at localhost/12842] INFO  metrics.RatisMetrics (RatisMetrics.java:unregister(43)) - Unregistering Metrics Registry : ratis.log_worker.e3fc3b7a-517a-44b3-8821-d76e91ceea3d@group-E06B811B0D80
2021-01-20 18:03:12,016 [Listener at localhost/12842] INFO  metrics.RatisMetrics (RatisMetrics.java:unregister(43)) - Unregistering Metrics Registry : ratis.leader_election.e3fc3b7a-517a-44b3-8821-d76e91ceea3d@group-E06B811B0D80
2021-01-20 18:03:12,016 [Listener at localhost/12842] INFO  metrics.RatisMetrics (RatisMetrics.java:unregister(43)) - Unregistering Metrics Registry : ratis.server.e3fc3b7a-517a-44b3-8821-d76e91ceea3d@group-E06B811B0D80
2021-01-20 18:03:12,017 [Listener at localhost/12842] INFO  server.GrpcService (GrpcService.java:closeImpl(183)) - e3fc3b7a-517a-44b3-8821-d76e91ceea3d: shutdown server with port 39927 now
2021-01-20 18:03:12,016 [ForkJoinPool.commonPool-worker-0] INFO  metrics.RatisMetrics (RatisMetrics.java:unregister(43)) - Unregistering Metrics Registry : ratis.log_worker.1987e6aa-0f3f-4058-93c6-f087debdef03@group-DB48D1914D68
2021-01-20 18:03:12,017 [ForkJoinPool.commonPool-worker-0] INFO  metrics.RatisMetrics (RatisMetrics.java:unregister(43)) - Unregistering Metrics Registry : ratis.leader_election.1987e6aa-0f3f-4058-93c6-f087debdef03@group-DB48D1914D68
2021-01-20 18:03:12,017 [ForkJoinPool.commonPool-worker-0] INFO  metrics.RatisMetrics (RatisMetrics.java:unregister(43)) - Unregistering Metrics Registry : ratis.server.1987e6aa-0f3f-4058-93c6-f087debdef03@group-DB48D1914D68
2021-01-20 18:03:12,017 [ForkJoinPool.commonPool-worker-0] INFO  server.GrpcService (GrpcService.java:closeImpl(183)) - 1987e6aa-0f3f-4058-93c6-f087debdef03: shutdown server with port 38173 now
2021-01-20 18:03:12,018 [grpc-default-executor-3] WARN  server.GrpcLogAppender (LogUtils.java:warn(122)) - 564d795e-2911-4ce0-b6aa-bf548929a9a6@group-B2C9A5D36ED0->e3fc3b7a-517a-44b3-8821-d76e91ceea3d-AppendLogResponseHandler: Failed appendEntries: org.apache.ratis.thirdparty.io.grpc.StatusRuntimeException: CANCELLED: HTTP/2 error code: CANCEL
Received Rst Stream
2021-01-20 18:03:12,018 [grpc-default-executor-6] WARN  server.GrpcServerProtocolService (LogUtils.java:warn(122)) - e3fc3b7a-517a-44b3-8821-d76e91ceea3d: installSnapshot onError, lastRequest: 564d795e-2911-4ce0-b6aa-bf548929a9a6->e3fc3b7a-517a-44b3-8821-d76e91ceea3d#1-t1,previous=(t:0, i:0),leaderCommit=-1,initializing? true,entries: size=1, first=(t:1, i:0), CONFIGURATIONENTRY: org.apache.ratis.thirdparty.io.grpc.StatusRuntimeException: CANCELLED: cancelled before receiving half close
2021-01-20 18:03:12,019 [grpc-default-executor-8] WARN  server.GrpcServerProtocolService (LogUtils.java:warn(122)) - 1987e6aa-0f3f-4058-93c6-f087debdef03: installSnapshot onError, lastRequest: 564d795e-2911-4ce0-b6aa-bf548929a9a6->1987e6aa-0f3f-4058-93c6-f087debdef03#1-t1,previous=(t:0, i:0),leaderCommit=0,initializing? true,entries: size=1, first=(t:1, i:0), CONFIGURATIONENTRY: org.apache.ratis.thirdparty.io.grpc.StatusRuntimeException: CANCELLED: cancelled before receiving half close
2021-01-20 18:03:12,018 [grpc-default-executor-3] WARN  server.GrpcLogAppender (GrpcLogAppender.java:resetClient(111)) - 564d795e-2911-4ce0-b6aa-bf548929a9a6@group-B2C9A5D36ED0->e3fc3b7a-517a-44b3-8821-d76e91ceea3d-GrpcLogAppender: Leader has not got in touch with Follower 564d795e-2911-4ce0-b6aa-bf548929a9a6@group-B2C9A5D36ED0->e3fc3b7a-517a-44b3-8821-d76e91ceea3d(c0,m0,n1, attendVote=true, lastRpcSendTime=2052, lastRpcResponseTime=2051) yet, just keep nextIndex unchanged and retry.
2021-01-20 18:03:12,020 [grpc-default-executor-6] WARN  server.GrpcLogAppender (LogUtils.java:warn(122)) - 564d795e-2911-4ce0-b6aa-bf548929a9a6@group-B2C9A5D36ED0->1987e6aa-0f3f-4058-93c6-f087debdef03-AppendLogResponseHandler: Failed appendEntries: org.apache.ratis.thirdparty.io.grpc.StatusRuntimeException: CANCELLED: HTTP/2 error code: CANCEL
Received Rst Stream
2021-01-20 18:03:12,020 [grpc-default-executor-6] WARN  server.GrpcLogAppender (GrpcLogAppender.java:resetClient(111)) - 564d795e-2911-4ce0-b6aa-bf548929a9a6@group-B2C9A5D36ED0->1987e6aa-0f3f-4058-93c6-f087debdef03-GrpcLogAppender: Leader has not got in touch with Follower 564d795e-2911-4ce0-b6aa-bf548929a9a6@group-B2C9A5D36ED0->1987e6aa-0f3f-4058-93c6-f087debdef03(c0,m0,n1, attendVote=true, lastRpcSendTime=2050, lastRpcResponseTime=2050) yet, just keep nextIndex unchanged and retry.
2021-01-20 18:03:12,035 [ForkJoinPool.commonPool-worker-0] INFO  server.GrpcService (GrpcService.java:closeImpl(192)) - 1987e6aa-0f3f-4058-93c6-f087debdef03: shutdown server with port 38173 successfully
2021-01-20 18:03:12,035 [Listener at localhost/12842] INFO  server.GrpcService (GrpcService.java:closeImpl(192)) - e3fc3b7a-517a-44b3-8821-d76e91ceea3d: shutdown server with port 39927 successfully
2021-01-20 18:03:12,035 [org.apache.ratis.util.JvmPauseMonitor$$Lambda$305/2072734511@35bbfa88] INFO  util.JvmPauseMonitor (JvmPauseMonitor.java:run(109)) - JvmPauseMonitor-1987e6aa-0f3f-4058-93c6-f087debdef03: Stopped
2021-01-20 18:03:12,035 [org.apache.ratis.util.JvmPauseMonitor$$Lambda$305/2072734511@7d439293] INFO  util.JvmPauseMonitor (JvmPauseMonitor.java:run(109)) - JvmPauseMonitor-e3fc3b7a-517a-44b3-8821-d76e91ceea3d: Stopped
2021-01-20 18:03:12,048 [Listener at localhost/12842] INFO  utils.BackgroundService (BackgroundService.java:shutdown(132)) - Shutting down service BlockDeletingService
2021-01-20 18:03:12,054 [ForkJoinPool.commonPool-worker-0] INFO  utils.BackgroundService (BackgroundService.java:shutdown(132)) - Shutting down service BlockDeletingService
2021-01-20 18:03:12,055 [Listener at localhost/12842] INFO  statemachine.DatanodeStateMachine (DatanodeStateMachine.java:stopDaemon(461)) - Ozone container server stopped.
2021-01-20 18:03:12,074 [Listener at localhost/12842] INFO  handler.ContextHandler (ContextHandler.java:doStop(1154)) - Stopped o.e.j.w.WebAppContext@3b8ab41{hddsDatanode,/,null,STOPPED}{jar:file:/home/user/.m2/repository/org/apache/hadoop/hadoop-hdds-container-service/1.1.0-SNAPSHOT/hadoop-hdds-container-service-1.1.0-SNAPSHOT.jar!/webapps/hddsDatanode}
2021-01-20 18:03:12,080 [ForkJoinPool.commonPool-worker-0] INFO  statemachine.DatanodeStateMachine (DatanodeStateMachine.java:stopDaemon(461)) - Ozone container server stopped.
2021-01-20 18:03:12,094 [Listener at localhost/12842] INFO  server.AbstractConnector (AbstractConnector.java:doStop(381)) - Stopped ServerConnector@3c22cf7d{HTTP/1.1, (http/1.1)}{0.0.0.0:0}
2021-01-20 18:03:12,094 [Listener at localhost/12842] INFO  server.session (HouseKeeper.java:stopScavenging(149)) - node0 Stopped scavenging
2021-01-20 18:03:12,095 [Listener at localhost/12842] INFO  handler.ContextHandler (ContextHandler.java:doStop(1154)) - Stopped o.e.j.s.ServletContextHandler@69b7dec0{static,/static,jar:file:/home/user/.m2/repository/org/apache/hadoop/hadoop-hdds-container-service/1.1.0-SNAPSHOT/hadoop-hdds-container-service-1.1.0-SNAPSHOT.jar!/webapps/static,STOPPED}
2021-01-20 18:03:12,095 [Listener at localhost/12842] INFO  handler.ContextHandler (ContextHandler.java:doStop(1154)) - Stopped o.e.j.s.ServletContextHandler@72354267{logs,/logs,file:///github/workspace/mnt/ozone/hadoop-ozone/integration-test/target/log,STOPPED}
2021-01-20 18:03:12,100 [ForkJoinPool.commonPool-worker-0] INFO  handler.ContextHandler (ContextHandler.java:doStop(1154)) - Stopped o.e.j.w.WebAppContext@3c4bc68e{hddsDatanode,/,null,STOPPED}{jar:file:/home/user/.m2/repository/org/apache/hadoop/hadoop-hdds-container-service/1.1.0-SNAPSHOT/hadoop-hdds-container-service-1.1.0-SNAPSHOT.jar!/webapps/hddsDatanode}
2021-01-20 18:03:12,100 [ForkJoinPool.commonPool-worker-0] INFO  server.AbstractConnector (AbstractConnector.java:doStop(381)) - Stopped ServerConnector@724d2567{HTTP/1.1, (http/1.1)}{0.0.0.0:0}
2021-01-20 18:03:12,100 [ForkJoinPool.commonPool-worker-0] INFO  server.session (HouseKeeper.java:stopScavenging(149)) - node0 Stopped scavenging
2021-01-20 18:03:12,104 [ForkJoinPool.commonPool-worker-0] INFO  handler.ContextHandler (ContextHandler.java:doStop(1154)) - Stopped o.e.j.s.ServletContextHandler@32b727f0{static,/static,jar:file:/home/user/.m2/repository/org/apache/hadoop/hadoop-hdds-container-service/1.1.0-SNAPSHOT/hadoop-hdds-container-service-1.1.0-SNAPSHOT.jar!/webapps/static,STOPPED}
2021-01-20 18:03:12,111 [ForkJoinPool.commonPool-worker-0] INFO  handler.ContextHandler (ContextHandler.java:doStop(1154)) - Stopped o.e.j.s.ServletContextHandler@5eb9731b{logs,/logs,file:///github/workspace/mnt/ozone/hadoop-ozone/integration-test/target/log,STOPPED}
2021-01-20 18:03:12,277 [Datanode State Machine Thread - 0] INFO  statemachine.DatanodeStateMachine (DatanodeStateMachine.java:lambda$startDaemon$0(408)) - Ozone container server started.
2021-01-20 18:03:12,468 [grpc-default-executor-3] WARN  server.GrpcLogAppender (LogUtils.java:warn(122)) - 564d795e-2911-4ce0-b6aa-bf548929a9a6@group-B2C9A5D36ED0->e3fc3b7a-517a-44b3-8821-d76e91ceea3d-AppendLogResponseHandler: Failed appendEntries: org.apache.ratis.thirdparty.io.grpc.StatusRuntimeException: UNAVAILABLE: io exception
2021-01-20 18:03:12,468 [grpc-default-executor-3] WARN  server.GrpcLogAppender (GrpcLogAppender.java:resetClient(111)) - 564d795e-2911-4ce0-b6aa-bf548929a9a6@group-B2C9A5D36ED0->e3fc3b7a-517a-44b3-8821-d76e91ceea3d-GrpcLogAppender: Leader has not got in touch with Follower 564d795e-2911-4ce0-b6aa-bf548929a9a6@group-B2C9A5D36ED0->e3fc3b7a-517a-44b3-8821-d76e91ceea3d(c0,m0,n1, attendVote=true, lastRpcSendTime=0, lastRpcResponseTime=2501) yet, just keep nextIndex unchanged and retry.
2021-01-20 18:03:12,470 [grpc-default-executor-6] WARN  server.GrpcLogAppender (LogUtils.java:warn(122)) - 564d795e-2911-4ce0-b6aa-bf548929a9a6@group-B2C9A5D36ED0->1987e6aa-0f3f-4058-93c6-f087debdef03-AppendLogResponseHandler: Failed appendEntries: org.apache.ratis.thirdparty.io.grpc.StatusRuntimeException: UNAVAILABLE: io exception
2021-01-20 18:03:12,470 [grpc-default-executor-6] WARN  server.GrpcLogAppender (GrpcLogAppender.java:resetClient(111)) - 564d795e-2911-4ce0-b6aa-bf548929a9a6@group-B2C9A5D36ED0->1987e6aa-0f3f-4058-93c6-f087debdef03-GrpcLogAppender: Leader has not got in touch with Follower 564d795e-2911-4ce0-b6aa-bf548929a9a6@group-B2C9A5D36ED0->1987e6aa-0f3f-4058-93c6-f087debdef03(c0,m0,n1, attendVote=true, lastRpcSendTime=0, lastRpcResponseTime=2500) yet, just keep nextIndex unchanged and retry.
2021-01-20 18:03:14,968 [grpc-default-executor-6] WARN  server.GrpcLogAppender (LogUtils.java:warn(122)) - 564d795e-2911-4ce0-b6aa-bf548929a9a6@group-B2C9A5D36ED0->e3fc3b7a-517a-44b3-8821-d76e91ceea3d-AppendLogResponseHandler: Failed appendEntries: org.apache.ratis.thirdparty.io.grpc.StatusRuntimeException: UNAVAILABLE: io exception
2021-01-20 18:03:14,968 [grpc-default-executor-6] WARN  server.GrpcLogAppender (GrpcLogAppender.java:resetClient(111)) - 564d795e-2911-4ce0-b6aa-bf548929a9a6@group-B2C9A5D36ED0->e3fc3b7a-517a-44b3-8821-d76e91ceea3d-GrpcLogAppender: Leader has not got in touch with Follower 564d795e-2911-4ce0-b6aa-bf548929a9a6@group-B2C9A5D36ED0->e3fc3b7a-517a-44b3-8821-d76e91ceea3d(c0,m0,n1, attendVote=true, lastRpcSendTime=0, lastRpcResponseTime=5001) yet, just keep nextIndex unchanged and retry.
2021-01-20 18:03:14,970 [grpc-default-executor-6] WARN  server.GrpcLogAppender (LogUtils.java:warn(122)) - 564d795e-2911-4ce0-b6aa-bf548929a9a6@group-B2C9A5D36ED0->1987e6aa-0f3f-4058-93c6-f087debdef03-AppendLogResponseHandler: Failed appendEntries: org.apache.ratis.thirdparty.io.grpc.StatusRuntimeException: UNAVAILABLE: io exception
2021-01-20 18:03:14,970 [grpc-default-executor-6] WARN  server.GrpcLogAppender (GrpcLogAppender.java:resetClient(111)) - 564d795e-2911-4ce0-b6aa-bf548929a9a6@group-B2C9A5D36ED0->1987e6aa-0f3f-4058-93c6-f087debdef03-GrpcLogAppender: Leader has not got in touch with Follower 564d795e-2911-4ce0-b6aa-bf548929a9a6@group-B2C9A5D36ED0->1987e6aa-0f3f-4058-93c6-f087debdef03(c0,m0,n1, attendVote=true, lastRpcSendTime=0, lastRpcResponseTime=5000) yet, just keep nextIndex unchanged and retry.
2021-01-20 18:03:17,101 [Listener at localhost/12842] INFO  ozoneimpl.OzoneContainer (OzoneContainer.java:stop(273)) - Attempting to stop container services.
2021-01-20 18:03:17,102 [Listener at localhost/12842] INFO  server.RaftServer (RaftServerProxy.java:lambda$close$6(389)) - 564d795e-2911-4ce0-b6aa-bf548929a9a6: close
2021-01-20 18:03:17,111 [Listener at localhost/12842] INFO  server.RaftServer$Division (RaftServerImpl.java:lambda$close$4(405)) - 564d795e-2911-4ce0-b6aa-bf548929a9a6@group-B2C9A5D36ED0: shutdown
2021-01-20 18:03:17,112 [Listener at localhost/12842] INFO  util.JmxRegister (JmxRegister.java:unregister(73)) - Successfully un-registered JMX Bean with object name Ratis:service=RaftServer,group=group-B2C9A5D36ED0,id=564d795e-2911-4ce0-b6aa-bf548929a9a6
2021-01-20 18:03:17,112 [Listener at localhost/12842] INFO  impl.RoleInfo (RoleInfo.java:shutdownLeaderState(91)) - 564d795e-2911-4ce0-b6aa-bf548929a9a6: shutdown 564d795e-2911-4ce0-b6aa-bf548929a9a6@group-B2C9A5D36ED0-LeaderStateImpl
2021-01-20 18:03:17,112 [Listener at localhost/12842] INFO  metrics.RatisMetrics (RatisMetrics.java:unregister(43)) - Unregistering Metrics Registry : ratis_grpc.log_appender.564d795e-2911-4ce0-b6aa-bf548929a9a6@group-B2C9A5D36ED0
2021-01-20 18:03:17,112 [ForkJoinPool.commonPool-worker-1] INFO  server.RaftServer$Division (RaftServerImpl.java:lambda$close$4(405)) - 564d795e-2911-4ce0-b6aa-bf548929a9a6@group-E06B811B0D80: shutdown
2021-01-20 18:03:17,112 [Listener at localhost/12842] INFO  metrics.RatisMetrics (RatisMetrics.java:unregister(43)) - Unregistering Metrics Registry : ratis_grpc.log_appender.564d795e-2911-4ce0-b6aa-bf548929a9a6@group-B2C9A5D36ED0
2021-01-20 18:03:17,112 [ForkJoinPool.commonPool-worker-1] INFO  util.JmxRegister (JmxRegister.java:unregister(73)) - Successfully un-registered JMX Bean with object name Ratis:service=RaftServer,group=group-E06B811B0D80,id=564d795e-2911-4ce0-b6aa-bf548929a9a6
2021-01-20 18:03:17,112 [ForkJoinPool.commonPool-worker-1] INFO  impl.RoleInfo (RoleInfo.java:shutdownFollowerState(108)) - 564d795e-2911-4ce0-b6aa-bf548929a9a6: shutdown 564d795e-2911-4ce0-b6aa-bf548929a9a6@group-E06B811B0D80-FollowerState
2021-01-20 18:03:17,112 [Listener at localhost/12842] INFO  impl.PendingRequests (PendingRequests.java:sendNotLeaderResponses(249)) - 564d795e-2911-4ce0-b6aa-bf548929a9a6@group-B2C9A5D36ED0-PendingRequests: sendNotLeaderResponses
2021-01-20 18:03:17,113 [Listener at localhost/12842] INFO  metrics.RatisMetrics (RatisMetrics.java:unregister(43)) - Unregistering Metrics Registry : ratis.log_appender.564d795e-2911-4ce0-b6aa-bf548929a9a6@group-B2C9A5D36ED0
2021-01-20 18:03:17,113 [Listener at localhost/12842] INFO  metrics.RatisMetrics (RatisMetrics.java:unregister(43)) - Unregistering Metrics Registry : ratis.server.564d795e-2911-4ce0-b6aa-bf548929a9a6@group-B2C9A5D36ED0
2021-01-20 18:03:17,113 [564d795e-2911-4ce0-b6aa-bf548929a9a6@group-E06B811B0D80-StateMachineUpdater] INFO  ratis.ContainerStateMachine (ContainerStateMachine.java:takeSnapshot(291)) - group-E06B811B0D80: Taking a snapshot at:(t:1, i:0) file /github/workspace/mnt/ozone/hadoop-ozone/integration-test/target/test-dir/MiniOzoneClusterImpl-618ecdb8-9cea-428a-88e6-93619fe638f4/datanode-2/data/ratis/a752d258-79d0-4389-860d-e06b811b0d80/sm/snapshot.1_0
2021-01-20 18:03:17,113 [ForkJoinPool.commonPool-worker-1] INFO  impl.StateMachineUpdater (StateMachineUpdater.java:stopAndJoin(148)) - 564d795e-2911-4ce0-b6aa-bf548929a9a6@group-E06B811B0D80-StateMachineUpdater: set stopIndex = 0
2021-01-20 18:03:17,113 [Thread-4997] INFO  impl.FollowerState (FollowerState.java:run(142)) - 564d795e-2911-4ce0-b6aa-bf548929a9a6@group-E06B811B0D80-FollowerState was interrupted: {}
java.lang.InterruptedException: sleep interrupted
	at java.lang.Thread.sleep(Native Method)
	at java.lang.Thread.sleep(Thread.java:340)
	at java.util.concurrent.TimeUnit.sleep(TimeUnit.java:386)
	at org.apache.ratis.util.TimeDuration.sleep(TimeDuration.java:324)
	at org.apache.ratis.util.TimeDuration.sleep(TimeDuration.java:309)
	at org.apache.ratis.server.impl.FollowerState.run(FollowerState.java:117)
2021-01-20 18:03:17,115 [Listener at localhost/12842] INFO  impl.StateMachineUpdater (StateMachineUpdater.java:stopAndJoin(148)) - 564d795e-2911-4ce0-b6aa-bf548929a9a6@group-B2C9A5D36ED0-StateMachineUpdater: set stopIndex = 0
2021-01-20 18:03:17,115 [564d795e-2911-4ce0-b6aa-bf548929a9a6@group-B2C9A5D36ED0-StateMachineUpdater] INFO  ratis.ContainerStateMachine (ContainerStateMachine.java:takeSnapshot(291)) - group-B2C9A5D36ED0: Taking a snapshot at:(t:1, i:0) file /github/workspace/mnt/ozone/hadoop-ozone/integration-test/target/test-dir/MiniOzoneClusterImpl-618ecdb8-9cea-428a-88e6-93619fe638f4/datanode-2/data/ratis/18b71221-0a2e-4427-a6c5-b2c9a5d36ed0/sm/snapshot.1_0
2021-01-20 18:03:17,115 [564d795e-2911-4ce0-b6aa-bf548929a9a6@group-E06B811B0D80-StateMachineUpdater] INFO  ratis.ContainerStateMachine (ContainerStateMachine.java:takeSnapshot(302)) - group-E06B811B0D80: Finished taking a snapshot at:(t:1, i:0) file:/github/workspace/mnt/ozone/hadoop-ozone/integration-test/target/test-dir/MiniOzoneClusterImpl-618ecdb8-9cea-428a-88e6-93619fe638f4/datanode-2/data/ratis/a752d258-79d0-4389-860d-e06b811b0d80/sm/snapshot.1_0 took: 3 ms
2021-01-20 18:03:17,116 [564d795e-2911-4ce0-b6aa-bf548929a9a6@group-E06B811B0D80-StateMachineUpdater] INFO  impl.StateMachineUpdater (StateMachineUpdater.java:takeSnapshot(279)) - 564d795e-2911-4ce0-b6aa-bf548929a9a6@group-E06B811B0D80-StateMachineUpdater: Took a snapshot at index 0
2021-01-20 18:03:17,116 [564d795e-2911-4ce0-b6aa-bf548929a9a6@group-E06B811B0D80-StateMachineUpdater] INFO  impl.StateMachineUpdater (StateMachineUpdater.java:lambda$new$0(88)) - 564d795e-2911-4ce0-b6aa-bf548929a9a6@group-E06B811B0D80-StateMachineUpdater: snapshotIndex: updateIncreasingly -1 -> 0
2021-01-20 18:03:17,116 [564d795e-2911-4ce0-b6aa-bf548929a9a6@group-E06B811B0D80-StateMachineUpdater] INFO  metrics.RatisMetrics (RatisMetrics.java:unregister(43)) - Unregistering Metrics Registry : ratis.state_machine.564d795e-2911-4ce0-b6aa-bf548929a9a6@group-E06B811B0D80
2021-01-20 18:03:17,116 [ForkJoinPool.commonPool-worker-1] INFO  server.RaftServer$Division (ServerState.java:close(400)) - 564d795e-2911-4ce0-b6aa-bf548929a9a6@group-E06B811B0D80: closes. applyIndex: 0
2021-01-20 18:03:17,116 [564d795e-2911-4ce0-b6aa-bf548929a9a6@group-E06B811B0D80-SegmentedRaftLogWorker] INFO  segmented.SegmentedRaftLogWorker (SegmentedRaftLogWorker.java:run(326)) - 564d795e-2911-4ce0-b6aa-bf548929a9a6@group-E06B811B0D80-SegmentedRaftLogWorker was interrupted, exiting. There are 0 tasks remaining in the queue.
2021-01-20 18:03:17,116 [ForkJoinPool.commonPool-worker-1] INFO  segmented.SegmentedRaftLogWorker (SegmentedRaftLogWorker.java:close(236)) - 564d795e-2911-4ce0-b6aa-bf548929a9a6@group-E06B811B0D80-SegmentedRaftLogWorker close()
2021-01-20 18:03:17,116 [ForkJoinPool.commonPool-worker-1] INFO  metrics.RatisMetrics (RatisMetrics.java:unregister(43)) - Unregistering Metrics Registry : ratis.log_worker.564d795e-2911-4ce0-b6aa-bf548929a9a6@group-E06B811B0D80
2021-01-20 18:03:17,117 [ForkJoinPool.commonPool-worker-1] INFO  metrics.RatisMetrics (RatisMetrics.java:unregister(43)) - Unregistering Metrics Registry : ratis.leader_election.564d795e-2911-4ce0-b6aa-bf548929a9a6@group-E06B811B0D80
2021-01-20 18:03:17,117 [ForkJoinPool.commonPool-worker-1] INFO  metrics.RatisMetrics (RatisMetrics.java:unregister(43)) - Unregistering Metrics Registry : ratis.server.564d795e-2911-4ce0-b6aa-bf548929a9a6@group-E06B811B0D80
2021-01-20 18:03:17,118 [564d795e-2911-4ce0-b6aa-bf548929a9a6@group-B2C9A5D36ED0-StateMachineUpdater] INFO  ratis.ContainerStateMachine (ContainerStateMachine.java:takeSnapshot(302)) - group-B2C9A5D36ED0: Finished taking a snapshot at:(t:1, i:0) file:/github/workspace/mnt/ozone/hadoop-ozone/integration-test/target/test-dir/MiniOzoneClusterImpl-618ecdb8-9cea-428a-88e6-93619fe638f4/datanode-2/data/ratis/18b71221-0a2e-4427-a6c5-b2c9a5d36ed0/sm/snapshot.1_0 took: 3 ms
2021-01-20 18:03:17,118 [564d795e-2911-4ce0-b6aa-bf548929a9a6@group-B2C9A5D36ED0-StateMachineUpdater] INFO  impl.StateMachineUpdater (StateMachineUpdater.java:takeSnapshot(279)) - 564d795e-2911-4ce0-b6aa-bf548929a9a6@group-B2C9A5D36ED0-StateMachineUpdater: Took a snapshot at index 0
2021-01-20 18:03:17,118 [564d795e-2911-4ce0-b6aa-bf548929a9a6@group-B2C9A5D36ED0-StateMachineUpdater] INFO  impl.StateMachineUpdater (StateMachineUpdater.java:lambda$new$0(88)) - 564d795e-2911-4ce0-b6aa-bf548929a9a6@group-B2C9A5D36ED0-StateMachineUpdater: snapshotIndex: updateIncreasingly -1 -> 0
2021-01-20 18:03:17,118 [564d795e-2911-4ce0-b6aa-bf548929a9a6@group-B2C9A5D36ED0-StateMachineUpdater] INFO  metrics.RatisMetrics (RatisMetrics.java:unregister(43)) - Unregistering Metrics Registry : ratis.state_machine.564d795e-2911-4ce0-b6aa-bf548929a9a6@group-B2C9A5D36ED0
2021-01-20 18:03:17,119 [Listener at localhost/12842] INFO  server.RaftServer$Division (ServerState.java:close(400)) - 564d795e-2911-4ce0-b6aa-bf548929a9a6@group-B2C9A5D36ED0: closes. applyIndex: 0
2021-01-20 18:03:17,119 [564d795e-2911-4ce0-b6aa-bf548929a9a6@group-B2C9A5D36ED0-SegmentedRaftLogWorker] INFO  segmented.SegmentedRaftLogWorker (SegmentedRaftLogWorker.java:run(326)) - 564d795e-2911-4ce0-b6aa-bf548929a9a6@group-B2C9A5D36ED0-SegmentedRaftLogWorker was interrupted, exiting. There are 0 tasks remaining in the queue.
2021-01-20 18:03:17,119 [Listener at localhost/12842] INFO  segmented.SegmentedRaftLogWorker (SegmentedRaftLogWorker.java:close(236)) - 564d795e-2911-4ce0-b6aa-bf548929a9a6@group-B2C9A5D36ED0-SegmentedRaftLogWorker close()
2021-01-20 18:03:17,119 [Listener at localhost/12842] INFO  metrics.RatisMetrics (RatisMetrics.java:unregister(43)) - Unregistering Metrics Registry : ratis.log_worker.564d795e-2911-4ce0-b6aa-bf548929a9a6@group-B2C9A5D36ED0
2021-01-20 18:03:17,119 [Listener at localhost/12842] INFO  metrics.RatisMetrics (RatisMetrics.java:unregister(43)) - Unregistering Metrics Registry : ratis.leader_election.564d795e-2911-4ce0-b6aa-bf548929a9a6@group-B2C9A5D36ED0
2021-01-20 18:03:17,119 [Listener at localhost/12842] INFO  metrics.RatisMetrics (RatisMetrics.java:unregister(43)) - Unregistering Metrics Registry : ratis.server.564d795e-2911-4ce0-b6aa-bf548929a9a6@group-B2C9A5D36ED0
2021-01-20 18:03:17,120 [Listener at localhost/12842] INFO  server.RaftServer$Division (RaftServerImpl.java:lambda$close$4(405)) - 564d795e-2911-4ce0-b6aa-bf548929a9a6@group-84EEA866D801: shutdown
2021-01-20 18:03:17,120 [Listener at localhost/12842] INFO  util.JmxRegister (JmxRegister.java:unregister(73)) - Successfully un-registered JMX Bean with object name Ratis:service=RaftServer,group=group-84EEA866D801,id=564d795e-2911-4ce0-b6aa-bf548929a9a6
2021-01-20 18:03:17,120 [Listener at localhost/12842] INFO  impl.RoleInfo (RoleInfo.java:shutdownLeaderState(91)) - 564d795e-2911-4ce0-b6aa-bf548929a9a6: shutdown 564d795e-2911-4ce0-b6aa-bf548929a9a6@group-84EEA866D801-LeaderStateImpl
2021-01-20 18:03:17,120 [Listener at localhost/12842] INFO  impl.PendingRequests (PendingRequests.java:sendNotLeaderResponses(249)) - 564d795e-2911-4ce0-b6aa-bf548929a9a6@group-84EEA866D801-PendingRequests: sendNotLeaderResponses
2021-01-20 18:03:17,120 [Listener at localhost/12842] INFO  metrics.RatisMetrics (RatisMetrics.java:unregister(43)) - Unregistering Metrics Registry : ratis.log_appender.564d795e-2911-4ce0-b6aa-bf548929a9a6@group-84EEA866D801
2021-01-20 18:03:17,120 [Listener at localhost/12842] INFO  metrics.RatisMetrics (RatisMetrics.java:unregister(43)) - Unregistering Metrics Registry : ratis.server.564d795e-2911-4ce0-b6aa-bf548929a9a6@group-84EEA866D801
2021-01-20 18:03:17,122 [564d795e-2911-4ce0-b6aa-bf548929a9a6@group-84EEA866D801-StateMachineUpdater] INFO  ratis.ContainerStateMachine (ContainerStateMachine.java:takeSnapshot(291)) - group-84EEA866D801: Taking a snapshot at:(t:1, i:0) file /github/workspace/mnt/ozone/hadoop-ozone/integration-test/target/test-dir/MiniOzoneClusterImpl-618ecdb8-9cea-428a-88e6-93619fe638f4/datanode-2/data/ratis/2bffd32f-b482-4e51-a17e-84eea866d801/sm/snapshot.1_0
2021-01-20 18:03:17,123 [Listener at localhost/12842] INFO  impl.StateMachineUpdater (StateMachineUpdater.java:stopAndJoin(148)) - 564d795e-2911-4ce0-b6aa-bf548929a9a6@group-84EEA866D801-StateMachineUpdater: set stopIndex = 0
2021-01-20 18:03:17,123 [564d795e-2911-4ce0-b6aa-bf548929a9a6@group-84EEA866D801-StateMachineUpdater] INFO  ratis.ContainerStateMachine (ContainerStateMachine.java:takeSnapshot(302)) - group-84EEA866D801: Finished taking a snapshot at:(t:1, i:0) file:/github/workspace/mnt/ozone/hadoop-ozone/integration-test/target/test-dir/MiniOzoneClusterImpl-618ecdb8-9cea-428a-88e6-93619fe638f4/datanode-2/data/ratis/2bffd32f-b482-4e51-a17e-84eea866d801/sm/snapshot.1_0 took: 1 ms
2021-01-20 18:03:17,123 [564d795e-2911-4ce0-b6aa-bf548929a9a6@group-84EEA866D801-StateMachineUpdater] INFO  impl.StateMachineUpdater (StateMachineUpdater.java:takeSnapshot(279)) - 564d795e-2911-4ce0-b6aa-bf548929a9a6@group-84EEA866D801-StateMachineUpdater: Took a snapshot at index 0
2021-01-20 18:03:17,123 [564d795e-2911-4ce0-b6aa-bf548929a9a6@group-84EEA866D801-StateMachineUpdater] INFO  impl.StateMachineUpdater (StateMachineUpdater.java:lambda$new$0(88)) - 564d795e-2911-4ce0-b6aa-bf548929a9a6@group-84EEA866D801-StateMachineUpdater: snapshotIndex: updateIncreasingly -1 -> 0
2021-01-20 18:03:17,123 [564d795e-2911-4ce0-b6aa-bf548929a9a6@group-84EEA866D801-StateMachineUpdater] INFO  metrics.RatisMetrics (RatisMetrics.java:unregister(43)) - Unregistering Metrics Registry : ratis.state_machine.564d795e-2911-4ce0-b6aa-bf548929a9a6@group-84EEA866D801
2021-01-20 18:03:17,123 [Listener at localhost/12842] INFO  server.RaftServer$Division (ServerState.java:close(400)) - 564d795e-2911-4ce0-b6aa-bf548929a9a6@group-84EEA866D801: closes. applyIndex: 0
2021-01-20 18:03:17,124 [564d795e-2911-4ce0-b6aa-bf548929a9a6@group-84EEA866D801-SegmentedRaftLogWorker] INFO  segmented.SegmentedRaftLogWorker (SegmentedRaftLogWorker.java:run(326)) - 564d795e-2911-4ce0-b6aa-bf548929a9a6@group-84EEA866D801-SegmentedRaftLogWorker was interrupted, exiting. There are 0 tasks remaining in the queue.
2021-01-20 18:03:17,124 [Listener at localhost/12842] INFO  segmented.SegmentedRaftLogWorker (SegmentedRaftLogWorker.java:close(236)) - 564d795e-2911-4ce0-b6aa-bf548929a9a6@group-84EEA866D801-SegmentedRaftLogWorker close()
2021-01-20 18:03:17,124 [Listener at localhost/12842] INFO  metrics.RatisMetrics (RatisMetrics.java:unregister(43)) - Unregistering Metrics Registry : ratis.log_worker.564d795e-2911-4ce0-b6aa-bf548929a9a6@group-84EEA866D801
2021-01-20 18:03:17,124 [Listener at localhost/12842] INFO  metrics.RatisMetrics (RatisMetrics.java:unregister(43)) - Unregistering Metrics Registry : ratis.leader_election.564d795e-2911-4ce0-b6aa-bf548929a9a6@group-84EEA866D801
2021-01-20 18:03:17,124 [Listener at localhost/12842] INFO  metrics.RatisMetrics (RatisMetrics.java:unregister(43)) - Unregistering Metrics Registry : ratis.server.564d795e-2911-4ce0-b6aa-bf548929a9a6@group-84EEA866D801
2021-01-20 18:03:17,124 [Listener at localhost/12842] INFO  server.GrpcService (GrpcService.java:closeImpl(183)) - 564d795e-2911-4ce0-b6aa-bf548929a9a6: shutdown server with port 43087 now
2021-01-20 18:03:17,127 [Listener at localhost/12842] INFO  server.GrpcService (GrpcService.java:closeImpl(192)) - 564d795e-2911-4ce0-b6aa-bf548929a9a6: shutdown server with port 43087 successfully
2021-01-20 18:03:17,127 [org.apache.ratis.util.JvmPauseMonitor$$Lambda$305/2072734511@270c961c] INFO  util.JvmPauseMonitor (JvmPauseMonitor.java:run(109)) - JvmPauseMonitor-564d795e-2911-4ce0-b6aa-bf548929a9a6: Stopped
2021-01-20 18:03:17,128 [Listener at localhost/12842] INFO  utils.BackgroundService (BackgroundService.java:shutdown(132)) - Shutting down service BlockDeletingService
2021-01-20 18:03:17,137 [Listener at localhost/12842] INFO  statemachine.DatanodeStateMachine (DatanodeStateMachine.java:stopDaemon(461)) - Ozone container server stopped.
2021-01-20 18:03:17,145 [Listener at localhost/12842] INFO  handler.ContextHandler (ContextHandler.java:doStop(1154)) - Stopped o.e.j.w.WebAppContext@60cf0414{hddsDatanode,/,null,STOPPED}{jar:file:/home/user/.m2/repository/org/apache/hadoop/hadoop-hdds-container-service/1.1.0-SNAPSHOT/hadoop-hdds-container-service-1.1.0-SNAPSHOT.jar!/webapps/hddsDatanode}
2021-01-20 18:03:17,146 [Listener at localhost/12842] INFO  server.AbstractConnector (AbstractConnector.java:doStop(381)) - Stopped ServerConnector@5a40b342{HTTP/1.1, (http/1.1)}{0.0.0.0:0}
2021-01-20 18:03:17,146 [Listener at localhost/12842] INFO  server.session (HouseKeeper.java:stopScavenging(149)) - node0 Stopped scavenging
2021-01-20 18:03:17,146 [Listener at localhost/12842] INFO  handler.ContextHandler (ContextHandler.java:doStop(1154)) - Stopped o.e.j.s.ServletContextHandler@12f897a5{static,/static,jar:file:/home/user/.m2/repository/org/apache/hadoop/hadoop-hdds-container-service/1.1.0-SNAPSHOT/hadoop-hdds-container-service-1.1.0-SNAPSHOT.jar!/webapps/static,STOPPED}
2021-01-20 18:03:17,146 [Listener at localhost/12842] INFO  handler.ContextHandler (ContextHandler.java:doStop(1154)) - Stopped o.e.j.s.ServletContextHandler@14b0332e{logs,/logs,file:///github/workspace/mnt/ozone/hadoop-ozone/integration-test/target/log,STOPPED}
2021-01-20 18:03:17,147 [Listener at localhost/12842] INFO  ozone.MiniOzoneClusterImpl (MiniOzoneClusterImpl.java:stopSCM(478)) - Stopping the StorageContainerManager
2021-01-20 18:03:17,147 [Listener at localhost/12842] INFO  server.StorageContainerManager (StorageContainerManager.java:stop(832)) - Stopping Replication Manager Service.
2021-01-20 18:03:17,147 [Listener at localhost/12842] INFO  container.ReplicationManager (ReplicationManager.java:stop(227)) - Stopping Replication Monitor Thread.
2021-01-20 18:03:17,148 [Listener at localhost/12842] INFO  server.StorageContainerManager (StorageContainerManager.java:stop(839)) - Stopping the Datanode Admin Monitor.
2021-01-20 18:03:17,148 [Listener at localhost/12842] INFO  server.StorageContainerManager (StorageContainerManager.java:stop(846)) - Stopping Lease Manager of the command watchers
2021-01-20 18:03:17,148 [Listener at localhost/12842] INFO  server.StorageContainerManager (StorageContainerManager.java:stop(853)) - Stopping datanode service RPC server
2021-01-20 18:03:17,148 [Listener at localhost/12842] INFO  server.SCMDatanodeProtocolServer (SCMDatanodeProtocolServer.java:stop(369)) - Stopping the RPC server for DataNodes
2021-01-20 18:03:17,148 [Listener at localhost/12842] INFO  ipc.Server (Server.java:stop(3359)) - Stopping server on 44775
2021-01-20 18:03:17,149 [IPC Server listener on 0] INFO  ipc.Server (Server.java:run(1330)) - Stopping IPC Server listener on 0
2021-01-20 18:03:17,151 [IPC Server Responder] INFO  ipc.Server (Server.java:run(1465)) - Stopping IPC Server Responder
2021-01-20 18:03:17,173 [SCM Heartbeat Processing Thread - 0] WARN  node.NodeStateManager (NodeStateManager.java:scheduleNextHealthCheck(688)) - Current Thread is interrupted, shutting down HB processing thread for Node Manager.
2021-01-20 18:03:17,173 [Listener at localhost/12842] INFO  server.StorageContainerManager (StorageContainerManager.java:stop(861)) - Stopping block service RPC server
2021-01-20 18:03:17,173 [Listener at localhost/12842] INFO  server.SCMBlockProtocolServer (SCMBlockProtocolServer.java:stop(159)) - Stopping the RPC server for Block Protocol
2021-01-20 18:03:17,173 [Listener at localhost/12842] INFO  ipc.Server (Server.java:stop(3359)) - Stopping server on 46571
2021-01-20 18:03:17,173 [IPC Server listener on 0] INFO  ipc.Server (Server.java:run(1330)) - Stopping IPC Server listener on 0
2021-01-20 18:03:17,175 [Listener at localhost/12842] INFO  server.StorageContainerManager (StorageContainerManager.java:stop(868)) - Stopping the StorageContainerLocationProtocol RPC server
2021-01-20 18:03:17,175 [Listener at localhost/12842] INFO  server.SCMClientProtocolServer (SCMClientProtocolServer.java:stop(168)) - Stopping the RPC server for Client Protocol
2021-01-20 18:03:17,175 [Listener at localhost/12842] INFO  ipc.Server (Server.java:stop(3359)) - Stopping server on 44637
2021-01-20 18:03:17,176 [IPC Server listener on 0] INFO  ipc.Server (Server.java:run(1330)) - Stopping IPC Server listener on 0
2021-01-20 18:03:17,175 [IPC Server Responder] INFO  ipc.Server (Server.java:run(1465)) - Stopping IPC Server Responder
2021-01-20 18:03:17,184 [IPC Server Responder] INFO  ipc.Server (Server.java:run(1465)) - Stopping IPC Server Responder
2021-01-20 18:03:17,184 [Listener at localhost/12842] INFO  server.StorageContainerManager (StorageContainerManager.java:stop(875)) - Stopping Storage Container Manager HTTP server.
2021-01-20 18:03:17,184 [Listener at localhost/12842] INFO  handler.ContextHandler (ContextHandler.java:doStop(1154)) - Stopped o.e.j.w.WebAppContext@4bc49574{scm,/,null,STOPPED}{file:/github/workspace/mnt/ozone/hadoop-ozone/integration-test/target/test-classes/webapps/scm}
2021-01-20 18:03:17,184 [Listener at localhost/12842] INFO  server.AbstractConnector (AbstractConnector.java:doStop(381)) - Stopped ServerConnector@28661032{HTTP/1.1, (http/1.1)}{0.0.0.0:0}
2021-01-20 18:03:17,184 [Listener at localhost/12842] INFO  server.session (HouseKeeper.java:stopScavenging(149)) - node0 Stopped scavenging
2021-01-20 18:03:17,185 [Listener at localhost/12842] INFO  handler.ContextHandler (ContextHandler.java:doStop(1154)) - Stopped o.e.j.s.ServletContextHandler@72ca4b42{static,/static,file:///github/workspace/mnt/ozone/hadoop-ozone/integration-test/target/test-classes/webapps/static,STOPPED}
2021-01-20 18:03:17,185 [Listener at localhost/12842] INFO  handler.ContextHandler (ContextHandler.java:doStop(1154)) - Stopped o.e.j.s.ServletContextHandler@48288c11{logs,/logs,file:///github/workspace/mnt/ozone/hadoop-ozone/integration-test/target/log,STOPPED}
2021-01-20 18:03:17,185 [Listener at localhost/12842] INFO  server.StorageContainerManager (StorageContainerManager.java:stop(886)) - Stopping Block Manager Service.
2021-01-20 18:03:17,185 [Listener at localhost/12842] INFO  utils.BackgroundService (BackgroundService.java:shutdown(132)) - Shutting down service SCMBlockDeletingService
2021-01-20 18:03:17,186 [Listener at localhost/12842] INFO  utils.BackgroundService (BackgroundService.java:shutdown(132)) - Shutting down service SCMBlockDeletingService
2021-01-20 18:03:17,186 [Listener at localhost/12842] INFO  server.StorageContainerManager (StorageContainerManager.java:stop(911)) - Stopping SCM Event Queue.
2021-01-20 18:03:17,192 [Listener at localhost/12842] INFO  impl.MetricsSystemImpl (MetricsSystemImpl.java:stop(210)) - Stopping OzoneManager metrics system...
2021-01-20 18:03:17,196 [Listener at localhost/12842] INFO  impl.MetricsSystemImpl (MetricsSystemImpl.java:stop(216)) - OzoneManager metrics system stopped.
]]></system-out>
    <system-err><![CDATA[Jan 20, 2021 6:03:06 PM org.apache.ratis.thirdparty.io.grpc.internal.ManagedChannelOrphanWrapper$ManagedChannelReference cleanQueue
SEVERE: *~*~*~ Channel ManagedChannelImpl{logId=107, target=172.17.0.2:44809} was not shutdown properly!!! ~*~*~*
    Make sure to call shutdown()/shutdownNow() and wait until awaitTermination() returns true.
java.lang.RuntimeException: ManagedChannel allocation site
	at org.apache.ratis.thirdparty.io.grpc.internal.ManagedChannelOrphanWrapper$ManagedChannelReference.<init>(ManagedChannelOrphanWrapper.java:93)
	at org.apache.ratis.thirdparty.io.grpc.internal.ManagedChannelOrphanWrapper.<init>(ManagedChannelOrphanWrapper.java:53)
	at org.apache.ratis.thirdparty.io.grpc.internal.ManagedChannelOrphanWrapper.<init>(ManagedChannelOrphanWrapper.java:44)
	at org.apache.ratis.thirdparty.io.grpc.internal.AbstractManagedChannelImplBuilder.build(AbstractManagedChannelImplBuilder.java:518)
	at org.apache.ratis.grpc.client.GrpcClientProtocolClient.<init>(GrpcClientProtocolClient.java:135)
	at org.apache.ratis.grpc.client.GrpcClientRpc.lambda$new$0(GrpcClientRpc.java:57)
	at org.apache.ratis.util.PeerProxyMap$PeerAndProxy.lambda$getProxy$0(PeerProxyMap.java:63)
	at org.apache.ratis.util.LifeCycle.startAndTransition(LifeCycle.java:270)
	at org.apache.ratis.util.PeerProxyMap$PeerAndProxy.getProxy(PeerProxyMap.java:62)
	at org.apache.ratis.util.PeerProxyMap.getProxy(PeerProxyMap.java:114)
	at org.apache.ratis.grpc.client.GrpcClientRpc.sendRequestAsync(GrpcClientRpc.java:68)
	at org.apache.ratis.client.impl.OrderedAsync.sendRequest(OrderedAsync.java:235)
	at org.apache.ratis.client.impl.OrderedAsync.sendRequestWithRetry(OrderedAsync.java:189)
	at org.apache.ratis.util.SlidingWindow$Client.sendOrDelayRequest(SlidingWindow.java:278)
	at org.apache.ratis.util.SlidingWindow$Client.submitNewRequest(SlidingWindow.java:257)
	at org.apache.ratis.client.impl.OrderedAsync.send(OrderedAsync.java:170)
	at org.apache.ratis.client.impl.OrderedAsync.newInstance(OrderedAsync.java:118)
	at org.apache.ratis.client.impl.RaftClientImpl.lambda$new$0(RaftClientImpl.java:148)
	at org.apache.ratis.util.MemoizedSupplier.get(MemoizedSupplier.java:62)
	at org.apache.ratis.client.impl.RaftClientImpl.getOrderedAsync(RaftClientImpl.java:201)
	at org.apache.ratis.client.impl.AsyncImpl.send(AsyncImpl.java:41)
	at org.apache.ratis.client.impl.AsyncImpl.send(AsyncImpl.java:46)
	at org.apache.hadoop.hdds.scm.XceiverClientRatis.lambda$sendRequestAsync$3(XceiverClientRatis.java:225)
	at org.apache.hadoop.hdds.tracing.TracingUtil.executeInNewSpan(TracingUtil.java:159)
	at org.apache.hadoop.hdds.scm.XceiverClientRatis.sendRequestAsync(XceiverClientRatis.java:210)
	at org.apache.hadoop.hdds.scm.XceiverClientRatis.sendCommandAsync(XceiverClientRatis.java:306)
	at org.apache.hadoop.hdds.scm.storage.ContainerProtocolCalls.writeChunkAsync(ContainerProtocolCalls.java:304)
	at org.apache.hadoop.hdds.scm.storage.BlockOutputStream.writeChunkToContainer(BlockOutputStream.java:664)
	at org.apache.hadoop.hdds.scm.storage.BlockOutputStream.writeChunk(BlockOutputStream.java:506)
	at org.apache.hadoop.hdds.scm.storage.BlockOutputStream.handleFlush(BlockOutputStream.java:520)
	at org.apache.hadoop.hdds.scm.storage.BlockOutputStream.close(BlockOutputStream.java:547)
	at org.apache.hadoop.ozone.client.io.BlockOutputStreamEntry.close(BlockOutputStreamEntry.java:129)
	at org.apache.hadoop.ozone.client.io.KeyOutputStream.handleStreamAction(KeyOutputStream.java:497)
	at org.apache.hadoop.ozone.client.io.KeyOutputStream.handleFlushOrClose(KeyOutputStream.java:471)
	at org.apache.hadoop.ozone.client.io.KeyOutputStream.close(KeyOutputStream.java:524)
	at org.apache.hadoop.ozone.client.io.OzoneOutputStream.close(OzoneOutputStream.java:60)
	at org.apache.hadoop.ozone.om.TestOzoneManagerHAWithData.createMultipartKeyAndReadKey(TestOzoneManagerHAWithData.java:339)
	at org.apache.hadoop.ozone.om.TestOzoneManagerHAWithData.testMultipartUpload(TestOzoneManagerHAWithData.java:109)
	at sun.reflect.NativeMethodAccessorImpl.invoke0(Native Method)
	at sun.reflect.NativeMethodAccessorImpl.invoke(NativeMethodAccessorImpl.java:62)
	at sun.reflect.DelegatingMethodAccessorImpl.invoke(DelegatingMethodAccessorImpl.java:43)
	at java.lang.reflect.Method.invoke(Method.java:498)
	at org.junit.runners.model.FrameworkMethod$1.runReflectiveCall(FrameworkMethod.java:47)
	at org.junit.internal.runners.model.ReflectiveCallable.run(ReflectiveCallable.java:12)
	at org.junit.runners.model.FrameworkMethod.invokeExplosively(FrameworkMethod.java:44)
	at org.junit.internal.runners.statements.InvokeMethod.evaluate(InvokeMethod.java:17)
	at org.junit.internal.runners.statements.RunBefores.evaluate(RunBefores.java:26)
	at org.junit.internal.runners.statements.RunAfters.evaluate(RunAfters.java:27)
	at org.junit.rules.ExpectedException$ExpectedExceptionStatement.evaluate(ExpectedException.java:168)
	at org.junit.internal.runners.statements.FailOnTimeout$StatementThread.run(FailOnTimeout.java:74)

Jan 20, 2021 6:03:06 PM org.apache.ratis.thirdparty.io.grpc.internal.ManagedChannelOrphanWrapper$ManagedChannelReference cleanQueue
SEVERE: *~*~*~ Channel ManagedChannelImpl{logId=812, target=172.17.0.2:41869} was not shutdown properly!!! ~*~*~*
    Make sure to call shutdown()/shutdownNow() and wait until awaitTermination() returns true.
java.lang.RuntimeException: ManagedChannel allocation site
	at org.apache.ratis.thirdparty.io.grpc.internal.ManagedChannelOrphanWrapper$ManagedChannelReference.<init>(ManagedChannelOrphanWrapper.java:93)
	at org.apache.ratis.thirdparty.io.grpc.internal.ManagedChannelOrphanWrapper.<init>(ManagedChannelOrphanWrapper.java:53)
	at org.apache.ratis.thirdparty.io.grpc.internal.ManagedChannelOrphanWrapper.<init>(ManagedChannelOrphanWrapper.java:44)
	at org.apache.ratis.thirdparty.io.grpc.internal.AbstractManagedChannelImplBuilder.build(AbstractManagedChannelImplBuilder.java:518)
	at org.apache.hadoop.hdds.scm.XceiverClientGrpc.connectToDatanode(XceiverClientGrpc.java:193)
	at org.apache.hadoop.hdds.scm.XceiverClientGrpc.connect(XceiverClientGrpc.java:142)
	at org.apache.hadoop.hdds.scm.XceiverClientManager$2.call(XceiverClientManager.java:240)
	at org.apache.hadoop.hdds.scm.XceiverClientManager$2.call(XceiverClientManager.java:224)
	at com.google.common.cache.LocalCache$LocalManualCache$1.load(LocalCache.java:4876)
	at com.google.common.cache.LocalCache$LoadingValueReference.loadFuture(LocalCache.java:3529)
	at com.google.common.cache.LocalCache$Segment.loadSync(LocalCache.java:2278)
	at com.google.common.cache.LocalCache$Segment.lockedGetOrLoad(LocalCache.java:2155)
	at com.google.common.cache.LocalCache$Segment.get(LocalCache.java:2045)
	at com.google.common.cache.LocalCache.get(LocalCache.java:3951)
	at com.google.common.cache.LocalCache$LocalManualCache.get(LocalCache.java:4871)
	at org.apache.hadoop.hdds.scm.XceiverClientManager.getClient(XceiverClientManager.java:224)
	at org.apache.hadoop.hdds.scm.XceiverClientManager.acquireClient(XceiverClientManager.java:170)
	at org.apache.hadoop.hdds.scm.XceiverClientManager.acquireClient(XceiverClientManager.java:144)
	at org.apache.hadoop.hdds.scm.storage.BlockOutputStream.<init>(BlockOutputStream.java:152)
	at org.apache.hadoop.ozone.client.io.BlockOutputStreamEntry.checkStream(BlockOutputStreamEntry.java:98)
	at org.apache.hadoop.ozone.client.io.BlockOutputStreamEntry.write(BlockOutputStreamEntry.java:114)
	at org.apache.hadoop.ozone.client.io.KeyOutputStream.writeToOutputStream(KeyOutputStream.java:256)
	at org.apache.hadoop.ozone.client.io.KeyOutputStream.handleWrite(KeyOutputStream.java:234)
	at org.apache.hadoop.ozone.client.io.KeyOutputStream.write(KeyOutputStream.java:214)
	at org.apache.hadoop.ozone.client.io.OzoneOutputStream.write(OzoneOutputStream.java:49)
	at org.apache.hadoop.ozone.om.TestOzoneManagerHAWithData.createKeyTest(TestOzoneManagerHAWithData.java:391)
	at org.apache.hadoop.ozone.om.TestOzoneManagerHAWithData.testIncrementalWaitTimeWithSameNodeFailover(TestOzoneManagerHAWithData.java:308)
	at sun.reflect.NativeMethodAccessorImpl.invoke0(Native Method)
	at sun.reflect.NativeMethodAccessorImpl.invoke(NativeMethodAccessorImpl.java:62)
	at sun.reflect.DelegatingMethodAccessorImpl.invoke(DelegatingMethodAccessorImpl.java:43)
	at java.lang.reflect.Method.invoke(Method.java:498)
	at org.junit.runners.model.FrameworkMethod$1.runReflectiveCall(FrameworkMethod.java:47)
	at org.junit.internal.runners.model.ReflectiveCallable.run(ReflectiveCallable.java:12)
	at org.junit.runners.model.FrameworkMethod.invokeExplosively(FrameworkMethod.java:44)
	at org.junit.internal.runners.statements.InvokeMethod.evaluate(InvokeMethod.java:17)
	at org.junit.internal.runners.statements.RunBefores.evaluate(RunBefores.java:26)
	at org.junit.internal.runners.statements.RunAfters.evaluate(RunAfters.java:27)
	at org.junit.rules.ExpectedException$ExpectedExceptionStatement.evaluate(ExpectedException.java:168)
	at org.junit.internal.runners.statements.FailOnTimeout$StatementThread.run(FailOnTimeout.java:74)

Jan 20, 2021 6:03:06 PM org.apache.ratis.thirdparty.io.grpc.internal.ManagedChannelOrphanWrapper$ManagedChannelReference cleanQueue
SEVERE: *~*~*~ Channel ManagedChannelImpl{logId=308, target=172.17.0.2:41873} was not shutdown properly!!! ~*~*~*
    Make sure to call shutdown()/shutdownNow() and wait until awaitTermination() returns true.
java.lang.RuntimeException: ManagedChannel allocation site
	at org.apache.ratis.thirdparty.io.grpc.internal.ManagedChannelOrphanWrapper$ManagedChannelReference.<init>(ManagedChannelOrphanWrapper.java:93)
	at org.apache.ratis.thirdparty.io.grpc.internal.ManagedChannelOrphanWrapper.<init>(ManagedChannelOrphanWrapper.java:53)
	at org.apache.ratis.thirdparty.io.grpc.internal.ManagedChannelOrphanWrapper.<init>(ManagedChannelOrphanWrapper.java:44)
	at org.apache.ratis.thirdparty.io.grpc.internal.AbstractManagedChannelImplBuilder.build(AbstractManagedChannelImplBuilder.java:518)
	at org.apache.ratis.grpc.client.GrpcClientProtocolClient.<init>(GrpcClientProtocolClient.java:135)
	at org.apache.ratis.grpc.client.GrpcClientRpc.lambda$new$0(GrpcClientRpc.java:57)
	at org.apache.ratis.util.PeerProxyMap$PeerAndProxy.lambda$getProxy$0(PeerProxyMap.java:63)
	at org.apache.ratis.util.LifeCycle.startAndTransition(LifeCycle.java:270)
	at org.apache.ratis.util.PeerProxyMap$PeerAndProxy.getProxy(PeerProxyMap.java:62)
	at org.apache.ratis.util.PeerProxyMap.getProxy(PeerProxyMap.java:114)
	at org.apache.ratis.grpc.client.GrpcClientRpc.sendRequestAsync(GrpcClientRpc.java:68)
	at org.apache.ratis.client.impl.OrderedAsync.sendRequest(OrderedAsync.java:235)
	at org.apache.ratis.client.impl.OrderedAsync.sendRequestWithRetry(OrderedAsync.java:189)
	at org.apache.ratis.util.SlidingWindow$Client.sendOrDelayRequest(SlidingWindow.java:278)
	at org.apache.ratis.util.SlidingWindow$Client.submitNewRequest(SlidingWindow.java:257)
	at org.apache.ratis.client.impl.OrderedAsync.send(OrderedAsync.java:170)
	at org.apache.ratis.client.impl.OrderedAsync.newInstance(OrderedAsync.java:118)
	at org.apache.ratis.client.impl.RaftClientImpl.lambda$new$0(RaftClientImpl.java:148)
	at org.apache.ratis.util.MemoizedSupplier.get(MemoizedSupplier.java:62)
	at org.apache.ratis.client.impl.RaftClientImpl.getOrderedAsync(RaftClientImpl.java:201)
	at org.apache.ratis.client.impl.AsyncImpl.send(AsyncImpl.java:41)
	at org.apache.ratis.client.impl.AsyncImpl.send(AsyncImpl.java:46)
	at org.apache.hadoop.hdds.scm.XceiverClientRatis.lambda$sendRequestAsync$3(XceiverClientRatis.java:225)
	at org.apache.hadoop.hdds.tracing.TracingUtil.executeInNewSpan(TracingUtil.java:159)
	at org.apache.hadoop.hdds.scm.XceiverClientRatis.sendRequestAsync(XceiverClientRatis.java:210)
	at org.apache.hadoop.hdds.scm.XceiverClientRatis.sendCommandAsync(XceiverClientRatis.java:306)
	at org.apache.hadoop.hdds.scm.storage.ContainerProtocolCalls.writeChunkAsync(ContainerProtocolCalls.java:304)
	at org.apache.hadoop.hdds.scm.storage.BlockOutputStream.writeChunkToContainer(BlockOutputStream.java:664)
	at org.apache.hadoop.hdds.scm.storage.BlockOutputStream.writeChunk(BlockOutputStream.java:506)
	at org.apache.hadoop.hdds.scm.storage.BlockOutputStream.handleFlush(BlockOutputStream.java:520)
	at org.apache.hadoop.hdds.scm.storage.BlockOutputStream.close(BlockOutputStream.java:547)
	at org.apache.hadoop.ozone.client.io.BlockOutputStreamEntry.close(BlockOutputStreamEntry.java:129)
	at org.apache.hadoop.ozone.client.io.KeyOutputStream.handleStreamAction(KeyOutputStream.java:497)
	at org.apache.hadoop.ozone.client.io.KeyOutputStream.handleFlushOrClose(KeyOutputStream.java:471)
	at org.apache.hadoop.ozone.client.io.KeyOutputStream.close(KeyOutputStream.java:524)
	at org.apache.hadoop.ozone.client.io.OzoneOutputStream.close(OzoneOutputStream.java:60)
	at org.apache.hadoop.ozone.om.TestOzoneManagerHA.testCreateFile(TestOzoneManagerHA.java:308)
	at org.apache.hadoop.ozone.om.TestOzoneManagerHAWithData.testFileOperationsWithRecursive(TestOzoneManagerHAWithData.java:122)
	at sun.reflect.NativeMethodAccessorImpl.invoke0(Native Method)
	at sun.reflect.NativeMethodAccessorImpl.invoke(NativeMethodAccessorImpl.java:62)
	at sun.reflect.DelegatingMethodAccessorImpl.invoke(DelegatingMethodAccessorImpl.java:43)
	at java.lang.reflect.Method.invoke(Method.java:498)
	at org.junit.runners.model.FrameworkMethod$1.runReflectiveCall(FrameworkMethod.java:47)
	at org.junit.internal.runners.model.ReflectiveCallable.run(ReflectiveCallable.java:12)
	at org.junit.runners.model.FrameworkMethod.invokeExplosively(FrameworkMethod.java:44)
	at org.junit.internal.runners.statements.InvokeMethod.evaluate(InvokeMethod.java:17)
	at org.junit.internal.runners.statements.RunBefores.evaluate(RunBefores.java:26)
	at org.junit.internal.runners.statements.RunAfters.evaluate(RunAfters.java:27)
	at org.junit.rules.ExpectedException$ExpectedExceptionStatement.evaluate(ExpectedException.java:168)
	at org.junit.internal.runners.statements.FailOnTimeout$StatementThread.run(FailOnTimeout.java:74)

Jan 20, 2021 6:03:06 PM org.apache.ratis.thirdparty.io.grpc.internal.ManagedChannelOrphanWrapper$ManagedChannelReference cleanQueue
SEVERE: *~*~*~ Channel ManagedChannelImpl{logId=323, target=172.17.0.2:35731} was not shutdown properly!!! ~*~*~*
    Make sure to call shutdown()/shutdownNow() and wait until awaitTermination() returns true.
java.lang.RuntimeException: ManagedChannel allocation site
	at org.apache.ratis.thirdparty.io.grpc.internal.ManagedChannelOrphanWrapper$ManagedChannelReference.<init>(ManagedChannelOrphanWrapper.java:93)
	at org.apache.ratis.thirdparty.io.grpc.internal.ManagedChannelOrphanWrapper.<init>(ManagedChannelOrphanWrapper.java:53)
	at org.apache.ratis.thirdparty.io.grpc.internal.ManagedChannelOrphanWrapper.<init>(ManagedChannelOrphanWrapper.java:44)
	at org.apache.ratis.thirdparty.io.grpc.internal.AbstractManagedChannelImplBuilder.build(AbstractManagedChannelImplBuilder.java:518)
	at org.apache.hadoop.hdds.scm.XceiverClientGrpc.connectToDatanode(XceiverClientGrpc.java:193)
	at org.apache.hadoop.hdds.scm.XceiverClientGrpc.connect(XceiverClientGrpc.java:142)
	at org.apache.hadoop.hdds.scm.XceiverClientManager$2.call(XceiverClientManager.java:240)
	at org.apache.hadoop.hdds.scm.XceiverClientManager$2.call(XceiverClientManager.java:224)
	at com.google.common.cache.LocalCache$LocalManualCache$1.load(LocalCache.java:4876)
	at com.google.common.cache.LocalCache$LoadingValueReference.loadFuture(LocalCache.java:3529)
	at com.google.common.cache.LocalCache$Segment.loadSync(LocalCache.java:2278)
	at com.google.common.cache.LocalCache$Segment.lockedGetOrLoad(LocalCache.java:2155)
	at com.google.common.cache.LocalCache$Segment.get(LocalCache.java:2045)
	at com.google.common.cache.LocalCache.get(LocalCache.java:3951)
	at com.google.common.cache.LocalCache$LocalManualCache.get(LocalCache.java:4871)
	at org.apache.hadoop.hdds.scm.XceiverClientManager.getClient(XceiverClientManager.java:224)
	at org.apache.hadoop.hdds.scm.XceiverClientManager.acquireClient(XceiverClientManager.java:170)
	at org.apache.hadoop.hdds.scm.XceiverClientManager.acquireClientForReadData(XceiverClientManager.java:159)
	at org.apache.hadoop.hdds.scm.storage.BlockInputStream.acquireClient(BlockInputStream.java:227)
	at org.apache.hadoop.hdds.scm.storage.BlockInputStream.getChunkInfos(BlockInputStream.java:201)
	at org.apache.hadoop.hdds.scm.storage.BlockInputStream.initialize(BlockInputStream.java:142)
	at org.apache.hadoop.hdds.scm.storage.BlockInputStream.read(BlockInputStream.java:276)
	at org.apache.hadoop.ozone.client.io.KeyInputStream.read(KeyInputStream.java:199)
	at org.apache.hadoop.ozone.client.io.OzoneInputStream.read(OzoneInputStream.java:49)
	at java.io.InputStream.read(InputStream.java:101)
	at org.apache.hadoop.ozone.om.TestOzoneManagerHA.testCreateFile(TestOzoneManagerHA.java:321)
	at org.apache.hadoop.ozone.om.TestOzoneManagerHAWithData.testFileOperationsWithRecursive(TestOzoneManagerHAWithData.java:126)
	at sun.reflect.NativeMethodAccessorImpl.invoke0(Native Method)
	at sun.reflect.NativeMethodAccessorImpl.invoke(NativeMethodAccessorImpl.java:62)
	at sun.reflect.DelegatingMethodAccessorImpl.invoke(DelegatingMethodAccessorImpl.java:43)
	at java.lang.reflect.Method.invoke(Method.java:498)
	at org.junit.runners.model.FrameworkMethod$1.runReflectiveCall(FrameworkMethod.java:47)
	at org.junit.internal.runners.model.ReflectiveCallable.run(ReflectiveCallable.java:12)
	at org.junit.runners.model.FrameworkMethod.invokeExplosively(FrameworkMethod.java:44)
	at org.junit.internal.runners.statements.InvokeMethod.evaluate(InvokeMethod.java:17)
	at org.junit.internal.runners.statements.RunBefores.evaluate(RunBefores.java:26)
	at org.junit.internal.runners.statements.RunAfters.evaluate(RunAfters.java:27)
	at org.junit.rules.ExpectedException$ExpectedExceptionStatement.evaluate(ExpectedException.java:168)
	at org.junit.internal.runners.statements.FailOnTimeout$StatementThread.run(FailOnTimeout.java:74)

Jan 20, 2021 6:03:06 PM org.apache.ratis.thirdparty.io.grpc.internal.ManagedChannelOrphanWrapper$ManagedChannelReference cleanQueue
SEVERE: *~*~*~ Channel ManagedChannelImpl{logId=318, target=172.17.0.2:46849} was not shutdown properly!!! ~*~*~*
    Make sure to call shutdown()/shutdownNow() and wait until awaitTermination() returns true.
java.lang.RuntimeException: ManagedChannel allocation site
	at org.apache.ratis.thirdparty.io.grpc.internal.ManagedChannelOrphanWrapper$ManagedChannelReference.<init>(ManagedChannelOrphanWrapper.java:93)
	at org.apache.ratis.thirdparty.io.grpc.internal.ManagedChannelOrphanWrapper.<init>(ManagedChannelOrphanWrapper.java:53)
	at org.apache.ratis.thirdparty.io.grpc.internal.ManagedChannelOrphanWrapper.<init>(ManagedChannelOrphanWrapper.java:44)
	at org.apache.ratis.thirdparty.io.grpc.internal.AbstractManagedChannelImplBuilder.build(AbstractManagedChannelImplBuilder.java:518)
	at org.apache.ratis.grpc.client.GrpcClientProtocolClient.<init>(GrpcClientProtocolClient.java:135)
	at org.apache.ratis.grpc.client.GrpcClientRpc.lambda$new$0(GrpcClientRpc.java:57)
	at org.apache.ratis.util.PeerProxyMap$PeerAndProxy.lambda$getProxy$0(PeerProxyMap.java:63)
	at org.apache.ratis.util.LifeCycle.startAndTransition(LifeCycle.java:270)
	at org.apache.ratis.util.PeerProxyMap$PeerAndProxy.getProxy(PeerProxyMap.java:62)
	at org.apache.ratis.util.PeerProxyMap.getProxy(PeerProxyMap.java:114)
	at org.apache.ratis.grpc.client.GrpcClientRpc.sendRequestAsync(GrpcClientRpc.java:68)
	at org.apache.ratis.client.impl.OrderedAsync.sendRequest(OrderedAsync.java:235)
	at org.apache.ratis.client.impl.OrderedAsync.sendRequestWithRetry(OrderedAsync.java:189)
	at org.apache.ratis.util.SlidingWindow$Client.sendOrDelayRequest(SlidingWindow.java:278)
	at org.apache.ratis.util.SlidingWindow$Client.submitNewRequest(SlidingWindow.java:257)
	at org.apache.ratis.client.impl.OrderedAsync.send(OrderedAsync.java:170)
	at org.apache.ratis.client.impl.OrderedAsync.newInstance(OrderedAsync.java:118)
	at org.apache.ratis.client.impl.RaftClientImpl.lambda$new$0(RaftClientImpl.java:148)
	at org.apache.ratis.util.MemoizedSupplier.get(MemoizedSupplier.java:62)
	at org.apache.ratis.client.impl.RaftClientImpl.getOrderedAsync(RaftClientImpl.java:201)
	at org.apache.ratis.client.impl.AsyncImpl.send(AsyncImpl.java:41)
	at org.apache.ratis.client.impl.AsyncImpl.send(AsyncImpl.java:46)
	at org.apache.hadoop.hdds.scm.XceiverClientRatis.lambda$sendRequestAsync$3(XceiverClientRatis.java:225)
	at org.apache.hadoop.hdds.tracing.TracingUtil.executeInNewSpan(TracingUtil.java:159)
	at org.apache.hadoop.hdds.scm.XceiverClientRatis.sendRequestAsync(XceiverClientRatis.java:210)
	at org.apache.hadoop.hdds.scm.XceiverClientRatis.sendCommandAsync(XceiverClientRatis.java:306)
	at org.apache.hadoop.hdds.scm.storage.ContainerProtocolCalls.writeChunkAsync(ContainerProtocolCalls.java:304)
	at org.apache.hadoop.hdds.scm.storage.BlockOutputStream.writeChunkToContainer(BlockOutputStream.java:664)
	at org.apache.hadoop.hdds.scm.storage.BlockOutputStream.writeChunk(BlockOutputStream.java:506)
	at org.apache.hadoop.hdds.scm.storage.BlockOutputStream.handleFlush(BlockOutputStream.java:520)
	at org.apache.hadoop.hdds.scm.storage.BlockOutputStream.close(BlockOutputStream.java:547)
	at org.apache.hadoop.ozone.client.io.BlockOutputStreamEntry.close(BlockOutputStreamEntry.java:129)
	at org.apache.hadoop.ozone.client.io.KeyOutputStream.handleStreamAction(KeyOutputStream.java:497)
	at org.apache.hadoop.ozone.client.io.KeyOutputStream.handleFlushOrClose(KeyOutputStream.java:471)
	at org.apache.hadoop.ozone.client.io.KeyOutputStream.close(KeyOutputStream.java:524)
	at org.apache.hadoop.ozone.client.io.OzoneOutputStream.close(OzoneOutputStream.java:60)
	at org.apache.hadoop.ozone.om.TestOzoneManagerHA.testCreateFile(TestOzoneManagerHA.java:308)
	at org.apache.hadoop.ozone.om.TestOzoneManagerHAWithData.testFileOperationsWithRecursive(TestOzoneManagerHAWithData.java:126)
	at sun.reflect.NativeMethodAccessorImpl.invoke0(Native Method)
	at sun.reflect.NativeMethodAccessorImpl.invoke(NativeMethodAccessorImpl.java:62)
	at sun.reflect.DelegatingMethodAccessorImpl.invoke(DelegatingMethodAccessorImpl.java:43)
	at java.lang.reflect.Method.invoke(Method.java:498)
	at org.junit.runners.model.FrameworkMethod$1.runReflectiveCall(FrameworkMethod.java:47)
	at org.junit.internal.runners.model.ReflectiveCallable.run(ReflectiveCallable.java:12)
	at org.junit.runners.model.FrameworkMethod.invokeExplosively(FrameworkMethod.java:44)
	at org.junit.internal.runners.statements.InvokeMethod.evaluate(InvokeMethod.java:17)
	at org.junit.internal.runners.statements.RunBefores.evaluate(RunBefores.java:26)
	at org.junit.internal.runners.statements.RunAfters.evaluate(RunAfters.java:27)
	at org.junit.rules.ExpectedException$ExpectedExceptionStatement.evaluate(ExpectedException.java:168)
	at org.junit.internal.runners.statements.FailOnTimeout$StatementThread.run(FailOnTimeout.java:74)

Jan 20, 2021 6:03:06 PM org.apache.ratis.thirdparty.io.grpc.internal.ManagedChannelOrphanWrapper$ManagedChannelReference cleanQueue
SEVERE: *~*~*~ Channel ManagedChannelImpl{logId=313, target=172.17.0.2:37007} was not shutdown properly!!! ~*~*~*
    Make sure to call shutdown()/shutdownNow() and wait until awaitTermination() returns true.
java.lang.RuntimeException: ManagedChannel allocation site
	at org.apache.ratis.thirdparty.io.grpc.internal.ManagedChannelOrphanWrapper$ManagedChannelReference.<init>(ManagedChannelOrphanWrapper.java:93)
	at org.apache.ratis.thirdparty.io.grpc.internal.ManagedChannelOrphanWrapper.<init>(ManagedChannelOrphanWrapper.java:53)
	at org.apache.ratis.thirdparty.io.grpc.internal.ManagedChannelOrphanWrapper.<init>(ManagedChannelOrphanWrapper.java:44)
	at org.apache.ratis.thirdparty.io.grpc.internal.AbstractManagedChannelImplBuilder.build(AbstractManagedChannelImplBuilder.java:518)
	at org.apache.hadoop.hdds.scm.XceiverClientGrpc.connectToDatanode(XceiverClientGrpc.java:193)
	at org.apache.hadoop.hdds.scm.XceiverClientGrpc.connect(XceiverClientGrpc.java:142)
	at org.apache.hadoop.hdds.scm.XceiverClientManager$2.call(XceiverClientManager.java:240)
	at org.apache.hadoop.hdds.scm.XceiverClientManager$2.call(XceiverClientManager.java:224)
	at com.google.common.cache.LocalCache$LocalManualCache$1.load(LocalCache.java:4876)
	at com.google.common.cache.LocalCache$LoadingValueReference.loadFuture(LocalCache.java:3529)
	at com.google.common.cache.LocalCache$Segment.loadSync(LocalCache.java:2278)
	at com.google.common.cache.LocalCache$Segment.lockedGetOrLoad(LocalCache.java:2155)
	at com.google.common.cache.LocalCache$Segment.get(LocalCache.java:2045)
	at com.google.common.cache.LocalCache.get(LocalCache.java:3951)
	at com.google.common.cache.LocalCache$LocalManualCache.get(LocalCache.java:4871)
	at org.apache.hadoop.hdds.scm.XceiverClientManager.getClient(XceiverClientManager.java:224)
	at org.apache.hadoop.hdds.scm.XceiverClientManager.acquireClient(XceiverClientManager.java:170)
	at org.apache.hadoop.hdds.scm.XceiverClientManager.acquireClientForReadData(XceiverClientManager.java:159)
	at org.apache.hadoop.hdds.scm.storage.BlockInputStream.acquireClient(BlockInputStream.java:227)
	at org.apache.hadoop.hdds.scm.storage.BlockInputStream.getChunkInfos(BlockInputStream.java:201)
	at org.apache.hadoop.hdds.scm.storage.BlockInputStream.initialize(BlockInputStream.java:142)
	at org.apache.hadoop.hdds.scm.storage.BlockInputStream.read(BlockInputStream.java:276)
	at org.apache.hadoop.ozone.client.io.KeyInputStream.read(KeyInputStream.java:199)
	at org.apache.hadoop.ozone.client.io.OzoneInputStream.read(OzoneInputStream.java:49)
	at java.io.InputStream.read(InputStream.java:101)
	at org.apache.hadoop.ozone.om.TestOzoneManagerHA.testCreateFile(TestOzoneManagerHA.java:321)
	at org.apache.hadoop.ozone.om.TestOzoneManagerHAWithData.testFileOperationsWithRecursive(TestOzoneManagerHAWithData.java:122)
	at sun.reflect.NativeMethodAccessorImpl.invoke0(Native Method)
	at sun.reflect.NativeMethodAccessorImpl.invoke(NativeMethodAccessorImpl.java:62)
	at sun.reflect.DelegatingMethodAccessorImpl.invoke(DelegatingMethodAccessorImpl.java:43)
	at java.lang.reflect.Method.invoke(Method.java:498)
	at org.junit.runners.model.FrameworkMethod$1.runReflectiveCall(FrameworkMethod.java:47)
	at org.junit.internal.runners.model.ReflectiveCallable.run(ReflectiveCallable.java:12)
	at org.junit.runners.model.FrameworkMethod.invokeExplosively(FrameworkMethod.java:44)
	at org.junit.internal.runners.statements.InvokeMethod.evaluate(InvokeMethod.java:17)
	at org.junit.internal.runners.statements.RunBefores.evaluate(RunBefores.java:26)
	at org.junit.internal.runners.statements.RunAfters.evaluate(RunAfters.java:27)
	at org.junit.rules.ExpectedException$ExpectedExceptionStatement.evaluate(ExpectedException.java:168)
	at org.junit.internal.runners.statements.FailOnTimeout$StatementThread.run(FailOnTimeout.java:74)

Jan 20, 2021 6:03:06 PM org.apache.ratis.thirdparty.io.grpc.internal.ManagedChannelOrphanWrapper$ManagedChannelReference cleanQueue
SEVERE: *~*~*~ Channel ManagedChannelImpl{logId=454, target=172.17.0.2:40489} was not shutdown properly!!! ~*~*~*
    Make sure to call shutdown()/shutdownNow() and wait until awaitTermination() returns true.
java.lang.RuntimeException: ManagedChannel allocation site
	at org.apache.ratis.thirdparty.io.grpc.internal.ManagedChannelOrphanWrapper$ManagedChannelReference.<init>(ManagedChannelOrphanWrapper.java:93)
	at org.apache.ratis.thirdparty.io.grpc.internal.ManagedChannelOrphanWrapper.<init>(ManagedChannelOrphanWrapper.java:53)
	at org.apache.ratis.thirdparty.io.grpc.internal.ManagedChannelOrphanWrapper.<init>(ManagedChannelOrphanWrapper.java:44)
	at org.apache.ratis.thirdparty.io.grpc.internal.AbstractManagedChannelImplBuilder.build(AbstractManagedChannelImplBuilder.java:518)
	at org.apache.ratis.grpc.client.GrpcClientProtocolClient.<init>(GrpcClientProtocolClient.java:135)
	at org.apache.ratis.grpc.client.GrpcClientRpc.lambda$new$0(GrpcClientRpc.java:57)
	at org.apache.ratis.util.PeerProxyMap$PeerAndProxy.lambda$getProxy$0(PeerProxyMap.java:63)
	at org.apache.ratis.util.LifeCycle.startAndTransition(LifeCycle.java:270)
	at org.apache.ratis.util.PeerProxyMap$PeerAndProxy.getProxy(PeerProxyMap.java:62)
	at org.apache.ratis.util.PeerProxyMap.getProxy(PeerProxyMap.java:114)
	at org.apache.ratis.grpc.client.GrpcClientRpc.sendRequestAsync(GrpcClientRpc.java:68)
	at org.apache.ratis.client.impl.OrderedAsync.sendRequest(OrderedAsync.java:235)
	at org.apache.ratis.client.impl.OrderedAsync.sendRequestWithRetry(OrderedAsync.java:189)
	at org.apache.ratis.util.SlidingWindow$Client.sendOrDelayRequest(SlidingWindow.java:278)
	at org.apache.ratis.util.SlidingWindow$Client.submitNewRequest(SlidingWindow.java:257)
	at org.apache.ratis.client.impl.OrderedAsync.send(OrderedAsync.java:170)
	at org.apache.ratis.client.impl.OrderedAsync.newInstance(OrderedAsync.java:118)
	at org.apache.ratis.client.impl.RaftClientImpl.lambda$new$0(RaftClientImpl.java:148)
	at org.apache.ratis.util.MemoizedSupplier.get(MemoizedSupplier.java:62)
	at org.apache.ratis.client.impl.RaftClientImpl.getOrderedAsync(RaftClientImpl.java:201)
	at org.apache.ratis.client.impl.AsyncImpl.send(AsyncImpl.java:41)
	at org.apache.ratis.client.impl.AsyncImpl.send(AsyncImpl.java:46)
	at org.apache.hadoop.hdds.scm.XceiverClientRatis.lambda$sendRequestAsync$3(XceiverClientRatis.java:225)
	at org.apache.hadoop.hdds.tracing.TracingUtil.executeInNewSpan(TracingUtil.java:159)
	at org.apache.hadoop.hdds.scm.XceiverClientRatis.sendRequestAsync(XceiverClientRatis.java:210)
	at org.apache.hadoop.hdds.scm.XceiverClientRatis.sendCommandAsync(XceiverClientRatis.java:306)
	at org.apache.hadoop.hdds.scm.storage.ContainerProtocolCalls.writeChunkAsync(ContainerProtocolCalls.java:304)
	at org.apache.hadoop.hdds.scm.storage.BlockOutputStream.writeChunkToContainer(BlockOutputStream.java:664)
	at org.apache.hadoop.hdds.scm.storage.BlockOutputStream.writeChunk(BlockOutputStream.java:506)
	at org.apache.hadoop.hdds.scm.storage.BlockOutputStream.handleFlush(BlockOutputStream.java:520)
	at org.apache.hadoop.hdds.scm.storage.BlockOutputStream.close(BlockOutputStream.java:547)
	at org.apache.hadoop.ozone.client.io.BlockOutputStreamEntry.close(BlockOutputStreamEntry.java:129)
	at org.apache.hadoop.ozone.client.io.KeyOutputStream.handleStreamAction(KeyOutputStream.java:497)
	at org.apache.hadoop.ozone.client.io.KeyOutputStream.handleFlushOrClose(KeyOutputStream.java:471)
	at org.apache.hadoop.ozone.client.io.KeyOutputStream.close(KeyOutputStream.java:524)
	at org.apache.hadoop.ozone.client.io.OzoneOutputStream.close(OzoneOutputStream.java:60)
	at org.apache.hadoop.ozone.om.TestOzoneManagerHAWithData.createMultipartKeyAndReadKey(TestOzoneManagerHAWithData.java:339)
	at org.apache.hadoop.ozone.om.TestOzoneManagerHAWithData.testMultipartUploadWithOneOmNodeDown(TestOzoneManagerHAWithData.java:277)
	at sun.reflect.NativeMethodAccessorImpl.invoke0(Native Method)
	at sun.reflect.NativeMethodAccessorImpl.invoke(NativeMethodAccessorImpl.java:62)
	at sun.reflect.DelegatingMethodAccessorImpl.invoke(DelegatingMethodAccessorImpl.java:43)
	at java.lang.reflect.Method.invoke(Method.java:498)
	at org.junit.runners.model.FrameworkMethod$1.runReflectiveCall(FrameworkMethod.java:47)
	at org.junit.internal.runners.model.ReflectiveCallable.run(ReflectiveCallable.java:12)
	at org.junit.runners.model.FrameworkMethod.invokeExplosively(FrameworkMethod.java:44)
	at org.junit.internal.runners.statements.InvokeMethod.evaluate(InvokeMethod.java:17)
	at org.junit.internal.runners.statements.RunBefores.evaluate(RunBefores.java:26)
	at org.junit.internal.runners.statements.RunAfters.evaluate(RunAfters.java:27)
	at org.junit.rules.ExpectedException$ExpectedExceptionStatement.evaluate(ExpectedException.java:168)
	at org.junit.internal.runners.statements.FailOnTimeout$StatementThread.run(FailOnTimeout.java:74)

Jan 20, 2021 6:03:06 PM org.apache.ratis.thirdparty.io.grpc.internal.ManagedChannelOrphanWrapper$ManagedChannelReference cleanQueue
SEVERE: *~*~*~ Channel ManagedChannelImpl{logId=463, target=172.17.0.2:33263} was not shutdown properly!!! ~*~*~*
    Make sure to call shutdown()/shutdownNow() and wait until awaitTermination() returns true.
java.lang.RuntimeException: ManagedChannel allocation site
	at org.apache.ratis.thirdparty.io.grpc.internal.ManagedChannelOrphanWrapper$ManagedChannelReference.<init>(ManagedChannelOrphanWrapper.java:93)
	at org.apache.ratis.thirdparty.io.grpc.internal.ManagedChannelOrphanWrapper.<init>(ManagedChannelOrphanWrapper.java:53)
	at org.apache.ratis.thirdparty.io.grpc.internal.ManagedChannelOrphanWrapper.<init>(ManagedChannelOrphanWrapper.java:44)
	at org.apache.ratis.thirdparty.io.grpc.internal.AbstractManagedChannelImplBuilder.build(AbstractManagedChannelImplBuilder.java:518)
	at org.apache.hadoop.hdds.scm.XceiverClientGrpc.connectToDatanode(XceiverClientGrpc.java:193)
	at org.apache.hadoop.hdds.scm.XceiverClientGrpc.connect(XceiverClientGrpc.java:142)
	at org.apache.hadoop.hdds.scm.XceiverClientManager$2.call(XceiverClientManager.java:240)
	at org.apache.hadoop.hdds.scm.XceiverClientManager$2.call(XceiverClientManager.java:224)
	at com.google.common.cache.LocalCache$LocalManualCache$1.load(LocalCache.java:4876)
	at com.google.common.cache.LocalCache$LoadingValueReference.loadFuture(LocalCache.java:3529)
	at com.google.common.cache.LocalCache$Segment.loadSync(LocalCache.java:2278)
	at com.google.common.cache.LocalCache$Segment.lockedGetOrLoad(LocalCache.java:2155)
	at com.google.common.cache.LocalCache$Segment.get(LocalCache.java:2045)
	at com.google.common.cache.LocalCache.get(LocalCache.java:3951)
	at com.google.common.cache.LocalCache$LocalManualCache.get(LocalCache.java:4871)
	at org.apache.hadoop.hdds.scm.XceiverClientManager.getClient(XceiverClientManager.java:224)
	at org.apache.hadoop.hdds.scm.XceiverClientManager.acquireClient(XceiverClientManager.java:170)
	at org.apache.hadoop.hdds.scm.XceiverClientManager.acquireClientForReadData(XceiverClientManager.java:159)
	at org.apache.hadoop.hdds.scm.storage.BlockInputStream.acquireClient(BlockInputStream.java:227)
	at org.apache.hadoop.hdds.scm.storage.BlockInputStream.getChunkInfos(BlockInputStream.java:201)
	at org.apache.hadoop.hdds.scm.storage.BlockInputStream.initialize(BlockInputStream.java:142)
	at org.apache.hadoop.hdds.scm.storage.BlockInputStream.read(BlockInputStream.java:276)
	at org.apache.hadoop.ozone.client.io.KeyInputStream.read(KeyInputStream.java:199)
	at org.apache.hadoop.ozone.client.io.OzoneInputStream.read(OzoneInputStream.java:49)
	at java.io.InputStream.read(InputStream.java:101)
	at org.apache.hadoop.ozone.om.TestOzoneManagerHAWithData.createMultipartKeyAndReadKey(TestOzoneManagerHAWithData.java:354)
	at org.apache.hadoop.ozone.om.TestOzoneManagerHAWithData.testMultipartUploadWithOneOmNodeDown(TestOzoneManagerHAWithData.java:277)
	at sun.reflect.NativeMethodAccessorImpl.invoke0(Native Method)
	at sun.reflect.NativeMethodAccessorImpl.invoke(NativeMethodAccessorImpl.java:62)
	at sun.reflect.DelegatingMethodAccessorImpl.invoke(DelegatingMethodAccessorImpl.java:43)
	at java.lang.reflect.Method.invoke(Method.java:498)
	at org.junit.runners.model.FrameworkMethod$1.runReflectiveCall(FrameworkMethod.java:47)
	at org.junit.internal.runners.model.ReflectiveCallable.run(ReflectiveCallable.java:12)
	at org.junit.runners.model.FrameworkMethod.invokeExplosively(FrameworkMethod.java:44)
	at org.junit.internal.runners.statements.InvokeMethod.evaluate(InvokeMethod.java:17)
	at org.junit.internal.runners.statements.RunBefores.evaluate(RunBefores.java:26)
	at org.junit.internal.runners.statements.RunAfters.evaluate(RunAfters.java:27)
	at org.junit.rules.ExpectedException$ExpectedExceptionStatement.evaluate(ExpectedException.java:168)
	at org.junit.internal.runners.statements.FailOnTimeout$StatementThread.run(FailOnTimeout.java:74)

Jan 20, 2021 6:03:06 PM org.apache.ratis.thirdparty.io.grpc.internal.ManagedChannelOrphanWrapper$ManagedChannelReference cleanQueue
SEVERE: *~*~*~ Channel ManagedChannelImpl{logId=1197, target=172.17.0.2:36079} was not shutdown properly!!! ~*~*~*
    Make sure to call shutdown()/shutdownNow() and wait until awaitTermination() returns true.
java.lang.RuntimeException: ManagedChannel allocation site
	at org.apache.ratis.thirdparty.io.grpc.internal.ManagedChannelOrphanWrapper$ManagedChannelReference.<init>(ManagedChannelOrphanWrapper.java:93)
	at org.apache.ratis.thirdparty.io.grpc.internal.ManagedChannelOrphanWrapper.<init>(ManagedChannelOrphanWrapper.java:53)
	at org.apache.ratis.thirdparty.io.grpc.internal.ManagedChannelOrphanWrapper.<init>(ManagedChannelOrphanWrapper.java:44)
	at org.apache.ratis.thirdparty.io.grpc.internal.AbstractManagedChannelImplBuilder.build(AbstractManagedChannelImplBuilder.java:518)
	at org.apache.hadoop.hdds.scm.XceiverClientGrpc.connectToDatanode(XceiverClientGrpc.java:193)
	at org.apache.hadoop.hdds.scm.XceiverClientGrpc.connect(XceiverClientGrpc.java:142)
	at org.apache.hadoop.hdds.scm.XceiverClientManager$2.call(XceiverClientManager.java:240)
	at org.apache.hadoop.hdds.scm.XceiverClientManager$2.call(XceiverClientManager.java:224)
	at com.google.common.cache.LocalCache$LocalManualCache$1.load(LocalCache.java:4876)
	at com.google.common.cache.LocalCache$LoadingValueReference.loadFuture(LocalCache.java:3529)
	at com.google.common.cache.LocalCache$Segment.loadSync(LocalCache.java:2278)
	at com.google.common.cache.LocalCache$Segment.lockedGetOrLoad(LocalCache.java:2155)
	at com.google.common.cache.LocalCache$Segment.get(LocalCache.java:2045)
	at com.google.common.cache.LocalCache.get(LocalCache.java:3951)
	at com.google.common.cache.LocalCache$LocalManualCache.get(LocalCache.java:4871)
	at org.apache.hadoop.hdds.scm.XceiverClientManager.getClient(XceiverClientManager.java:224)
	at org.apache.hadoop.hdds.scm.XceiverClientManager.acquireClient(XceiverClientManager.java:170)
	at org.apache.hadoop.hdds.scm.XceiverClientManager.acquireClient(XceiverClientManager.java:144)
	at org.apache.hadoop.hdds.scm.storage.BlockOutputStream.<init>(BlockOutputStream.java:152)
	at org.apache.hadoop.ozone.client.io.BlockOutputStreamEntry.checkStream(BlockOutputStreamEntry.java:98)
	at org.apache.hadoop.ozone.client.io.BlockOutputStreamEntry.write(BlockOutputStreamEntry.java:114)
	at org.apache.hadoop.ozone.client.io.KeyOutputStream.writeToOutputStream(KeyOutputStream.java:256)
	at org.apache.hadoop.ozone.client.io.KeyOutputStream.handleWrite(KeyOutputStream.java:234)
	at org.apache.hadoop.ozone.client.io.KeyOutputStream.write(KeyOutputStream.java:214)
	at org.apache.hadoop.ozone.client.io.OzoneOutputStream.write(OzoneOutputStream.java:49)
	at org.apache.hadoop.ozone.om.TestOzoneManagerHAWithData.createKeyTest(TestOzoneManagerHAWithData.java:391)
	at org.apache.hadoop.ozone.om.TestOzoneManagerHAWithData.testOneOMNodeDown(TestOzoneManagerHAWithData.java:81)
	at sun.reflect.NativeMethodAccessorImpl.invoke0(Native Method)
	at sun.reflect.NativeMethodAccessorImpl.invoke(NativeMethodAccessorImpl.java:62)
	at sun.reflect.DelegatingMethodAccessorImpl.invoke(DelegatingMethodAccessorImpl.java:43)
	at java.lang.reflect.Method.invoke(Method.java:498)
	at org.junit.runners.model.FrameworkMethod$1.runReflectiveCall(FrameworkMethod.java:47)
	at org.junit.internal.runners.model.ReflectiveCallable.run(ReflectiveCallable.java:12)
	at org.junit.runners.model.FrameworkMethod.invokeExplosively(FrameworkMethod.java:44)
	at org.junit.internal.runners.statements.InvokeMethod.evaluate(InvokeMethod.java:17)
	at org.junit.internal.runners.statements.RunBefores.evaluate(RunBefores.java:26)
	at org.junit.internal.runners.statements.RunAfters.evaluate(RunAfters.java:27)
	at org.junit.rules.ExpectedException$ExpectedExceptionStatement.evaluate(ExpectedException.java:168)
	at org.junit.internal.runners.statements.FailOnTimeout$StatementThread.run(FailOnTimeout.java:74)

]]></system-err>
  </testcase>
</testsuite>