<?xml version="1.0" encoding="UTF-8"?>
<testsuite xmlns:xsi="http://www.w3.org/2001/XMLSchema-instance" xsi:noNamespaceSchemaLocation="https://maven.apache.org/surefire/maven-surefire-plugin/xsd/surefire-test-report-3.0.xsd" version="3.0" name="org.apache.hadoop.fs.ozone.TestOzoneFileSystem" time="391.495" tests="176" errors="0" skipped="0" failures="1">
  <properties>
    <property name="awt.toolkit" value="sun.awt.X11.XToolkit"/>
    <property name="file.encoding.pkg" value="sun.io"/>
    <property name="java.specification.version" value="1.8"/>
    <property name="sun.cpu.isalist" value=""/>
    <property name="sun.jnu.encoding" value="UTF-8"/>
    <property name="java.class.path" value="/home/runner/work/ozone/ozone/hadoop-ozone/integration-test/target/test-classes:/home/runner/work/ozone/ozone/hadoop-ozone/integration-test/target/classes:/home/runner/.m2/repository/org/apache/ozone/ozone-common/1.4.0-SNAPSHOT/ozone-common-1.4.0-SNAPSHOT.jar:/home/runner/.m2/repository/io/grpc/grpc-netty/1.51.1/grpc-netty-1.51.1.jar:/home/runner/.m2/repository/io/grpc/grpc-core/1.51.1/grpc-core-1.51.1.jar:/home/runner/.m2/repository/com/google/android/annotations/4.1.1.4/annotations-4.1.1.4.jar:/home/runner/.m2/repository/org/codehaus/mojo/animal-sniffer-annotations/1.21/animal-sniffer-annotations-1.21.jar:/home/runner/.m2/repository/com/google/errorprone/error_prone_annotations/2.2.0/error_prone_annotations-2.2.0.jar:/home/runner/.m2/repository/io/perfmark/perfmark-api/0.25.0/perfmark-api-0.25.0.jar:/home/runner/.m2/repository/io/netty/netty-codec-http2/4.1.94.Final/netty-codec-http2-4.1.94.Final.jar:/home/runner/.m2/repository/io/netty/netty-common/4.1.94.Final/netty-common-4.1.94.Final.jar:/home/runner/.m2/repository/io/netty/netty-buffer/4.1.94.Final/netty-buffer-4.1.94.Final.jar:/home/runner/.m2/repository/io/netty/netty-codec-http/4.1.94.Final/netty-codec-http-4.1.94.Final.jar:/home/runner/.m2/repository/io/netty/netty-handler-proxy/4.1.94.Final/netty-handler-proxy-4.1.94.Final.jar:/home/runner/.m2/repository/io/netty/netty-codec-socks/4.1.94.Final/netty-codec-socks-4.1.94.Final.jar:/home/runner/.m2/repository/io/netty/netty-tcnative-boringssl-static/2.0.61.Final/netty-tcnative-boringssl-static-2.0.61.Final.jar:/home/runner/.m2/repository/io/netty/netty-tcnative-classes/2.0.61.Final/netty-tcnative-classes-2.0.61.Final.jar:/home/runner/.m2/repository/io/netty/netty-tcnative-boringssl-static/2.0.61.Final/netty-tcnative-boringssl-static-2.0.61.Final-linux-x86_64.jar:/home/runner/.m2/repository/io/netty/netty-tcnative-boringssl-static/2.0.61.Final/netty-tcnative-boringssl-static-2.0.61.Final-linux-aarch_64.jar:/home/runner/.m2/repository/io/netty/netty-tcnative-boringssl-static/2.0.61.Final/netty-tcnative-boringssl-static-2.0.61.Final-osx-x86_64.jar:/home/runner/.m2/repository/io/netty/netty-tcnative-boringssl-static/2.0.61.Final/netty-tcnative-boringssl-static-2.0.61.Final-osx-aarch_64.jar:/home/runner/.m2/repository/io/netty/netty-tcnative-boringssl-static/2.0.61.Final/netty-tcnative-boringssl-static-2.0.61.Final-windows-x86_64.jar:/home/runner/.m2/repository/org/apache/commons/commons-compress/1.21/commons-compress-1.21.jar:/home/runner/.m2/repository/org/apache/ozone/hdds-common/1.4.0-SNAPSHOT/hdds-common-1.4.0-SNAPSHOT.jar:/home/runner/.m2/repository/org/apache/ozone/hdds-client/1.4.0-SNAPSHOT/hdds-client-1.4.0-SNAPSHOT.jar:/home/runner/.m2/repository/org/apache/ozone/ozone-interface-client/1.4.0-SNAPSHOT/ozone-interface-client-1.4.0-SNAPSHOT.jar:/home/runner/.m2/repository/org/apache/hadoop/hadoop-hdfs-client/3.3.6/hadoop-hdfs-client-3.3.6.jar:/home/runner/.m2/repository/com/squareup/okhttp3/okhttp/4.9.3/okhttp-4.9.3.jar:/home/runner/.m2/repository/com/squareup/okio/okio/3.4.0/okio-3.4.0.jar:/home/runner/.m2/repository/com/squareup/okio/okio-jvm/3.4.0/okio-jvm-3.4.0.jar:/home/runner/.m2/repository/org/jetbrains/kotlin/kotlin-stdlib-jdk8/1.8.0/kotlin-stdlib-jdk8-1.8.0.jar:/home/runner/.m2/repository/org/jetbrains/kotlin/kotlin-stdlib-jdk7/1.8.0/kotlin-stdlib-jdk7-1.8.0.jar:/home/runner/.m2/repository/org/jetbrains/kotlin/kotlin-stdlib-common/1.6.21/kotlin-stdlib-common-1.6.21.jar:/home/runner/.m2/repository/org/apache/ozone/hdds-test-utils/1.4.0-SNAPSHOT/hdds-test-utils-1.4.0-SNAPSHOT.jar:/home/runner/.m2/repository/com/google/guava/guava/32.0.0-jre/guava-32.0.0-jre.jar:/home/runner/.m2/repository/com/google/guava/failureaccess/1.0.1/failureaccess-1.0.1.jar:/home/runner/.m2/repository/com/google/guava/listenablefuture/9999.0-empty-to-avoid-conflict-with-guava/listenablefuture-9999.0-empty-to-avoid-conflict-with-guava.jar:/home/runner/.m2/repository/com/google/code/findbugs/jsr305/3.0.0/jsr305-3.0.0.jar:/home/runner/.m2/repository/org/checkerframework/checker-qual/3.33.0/checker-qual-3.33.0.jar:/home/runner/.m2/repository/com/google/j2objc/j2objc-annotations/2.8/j2objc-annotations-2.8.jar:/home/runner/.m2/repository/commons-io/commons-io/2.11.0/commons-io-2.11.0.jar:/home/runner/.m2/repository/commons-logging/commons-logging/1.2/commons-logging-1.2.jar:/home/runner/.m2/repository/ch/qos/reload4j/reload4j/1.2.22/reload4j-1.2.22.jar:/home/runner/.m2/repository/org/slf4j/slf4j-api/1.7.36/slf4j-api-1.7.36.jar:/home/runner/.m2/repository/org/apache/logging/log4j/log4j-api/2.17.1/log4j-api-2.17.1.jar:/home/runner/.m2/repository/org/apache/ozone/hdds-server-scm/1.4.0-SNAPSHOT/hdds-server-scm-1.4.0-SNAPSHOT.jar:/home/runner/.m2/repository/org/apache/ozone/hdds-container-service/1.4.0-SNAPSHOT/hdds-container-service-1.4.0-SNAPSHOT.jar:/home/runner/.m2/repository/org/apache/ozone/hdds-hadoop-dependency-server/1.4.0-SNAPSHOT/hdds-hadoop-dependency-server-1.4.0-SNAPSHOT.jar:/home/runner/.m2/repository/org/apache/hadoop/hadoop-hdfs/3.3.6/hadoop-hdfs-3.3.6.jar:/home/runner/.m2/repository/commons-daemon/commons-daemon/1.0.13/commons-daemon-1.0.13.jar:/home/runner/.m2/repository/org/apache/ozone/hdds-server-framework/1.4.0-SNAPSHOT/hdds-server-framework-1.4.0-SNAPSHOT.jar:/home/runner/.m2/repository/io/dropwizard/metrics/metrics-core/3.2.4/metrics-core-3.2.4.jar:/home/runner/.m2/repository/org/apache/commons/commons-text/1.10.0/commons-text-1.10.0.jar:/home/runner/.m2/repository/org/bouncycastle/bcprov-jdk15on/1.67/bcprov-jdk15on-1.67.jar:/home/runner/.m2/repository/com/google/protobuf/protobuf-java/2.5.0/protobuf-java-2.5.0.jar:/home/runner/.m2/repository/org/apache/ozone/hdds-server-framework/1.4.0-SNAPSHOT/hdds-server-framework-1.4.0-SNAPSHOT-tests.jar:/home/runner/.m2/repository/org/apache/ozone/hdds-interface-server/1.4.0-SNAPSHOT/hdds-interface-server-1.4.0-SNAPSHOT.jar:/home/runner/.m2/repository/org/apache/ozone/hdds-interface-admin/1.4.0-SNAPSHOT/hdds-interface-admin-1.4.0-SNAPSHOT.jar:/home/runner/.m2/repository/org/apache/ozone/hdds-managed-rocksdb/1.4.0-SNAPSHOT/hdds-managed-rocksdb-1.4.0-SNAPSHOT.jar:/home/runner/.m2/repository/org/rocksdb/rocksdbjni/7.7.3/rocksdbjni-7.7.3.jar:/home/runner/.m2/repository/org/slf4j/slf4j-reload4j/1.7.36/slf4j-reload4j-1.7.36.jar:/home/runner/.m2/repository/org/apache/commons/commons-configuration2/2.1.1/commons-configuration2-2.1.1.jar:/home/runner/.m2/repository/commons-fileupload/commons-fileupload/1.5/commons-fileupload-1.5.jar:/home/runner/.m2/repository/org/apache/logging/log4j/log4j-core/2.17.1/log4j-core-2.17.1.jar:/home/runner/.m2/repository/com/lmax/disruptor/3.4.2/disruptor-3.4.2.jar:/home/runner/.m2/repository/org/eclipse/jetty/jetty-util/9.4.51.v20230217/jetty-util-9.4.51.v20230217.jar:/home/runner/.m2/repository/org/eclipse/jetty/jetty-server/9.4.51.v20230217/jetty-server-9.4.51.v20230217.jar:/home/runner/.m2/repository/org/eclipse/jetty/jetty-http/9.4.51.v20230217/jetty-http-9.4.51.v20230217.jar:/home/runner/.m2/repository/org/eclipse/jetty/jetty-io/9.4.51.v20230217/jetty-io-9.4.51.v20230217.jar:/home/runner/.m2/repository/org/eclipse/jetty/jetty-servlet/9.4.51.v20230217/jetty-servlet-9.4.51.v20230217.jar:/home/runner/.m2/repository/org/eclipse/jetty/jetty-security/9.4.51.v20230217/jetty-security-9.4.51.v20230217.jar:/home/runner/.m2/repository/org/eclipse/jetty/jetty-util-ajax/9.4.51.v20230217/jetty-util-ajax-9.4.51.v20230217.jar:/home/runner/.m2/repository/org/eclipse/jetty/jetty-webapp/9.4.51.v20230217/jetty-webapp-9.4.51.v20230217.jar:/home/runner/.m2/repository/org/eclipse/jetty/jetty-xml/9.4.51.v20230217/jetty-xml-9.4.51.v20230217.jar:/home/runner/.m2/repository/org/apache/ratis/ratis-server/2.5.1/ratis-server-2.5.1.jar:/home/runner/.m2/repository/org/apache/ratis/ratis-thirdparty-misc/1.0.4/ratis-thirdparty-misc-1.0.4.jar:/home/runner/.m2/repository/org/apache/ratis/ratis-proto/2.5.1/ratis-proto-2.5.1.jar:/home/runner/.m2/repository/org/apache/ratis/ratis-common/2.5.1/ratis-common-2.5.1.jar:/home/runner/.m2/repository/org/apache/ratis/ratis-client/2.5.1/ratis-client-2.5.1.jar:/home/runner/.m2/repository/org/apache/ratis/ratis-server-api/2.5.1/ratis-server-api-2.5.1.jar:/home/runner/.m2/repository/org/apache/ratis/ratis-metrics/2.5.1/ratis-metrics-2.5.1.jar:/home/runner/.m2/repository/io/prometheus/simpleclient_dropwizard/0.7.0/simpleclient_dropwizard-0.7.0.jar:/home/runner/.m2/repository/io/prometheus/simpleclient/0.7.0/simpleclient-0.7.0.jar:/home/runner/.m2/repository/io/prometheus/simpleclient_common/0.7.0/simpleclient_common-0.7.0.jar:/home/runner/.m2/repository/com/fasterxml/jackson/datatype/jackson-datatype-jsr310/2.13.4/jackson-datatype-jsr310-2.13.4.jar:/home/runner/.m2/repository/com/fasterxml/jackson/core/jackson-core/2.13.4/jackson-core-2.13.4.jar:/home/runner/.m2/repository/com/github/spotbugs/spotbugs-annotations/3.1.12/spotbugs-annotations-3.1.12.jar:/home/runner/.m2/repository/org/apache/ozone/rocksdb-checkpoint-differ/1.4.0-SNAPSHOT/rocksdb-checkpoint-differ-1.4.0-SNAPSHOT.jar:/home/runner/.m2/repository/org/jgrapht/jgrapht-core/1.0.1/jgrapht-core-1.0.1.jar:/home/runner/.m2/repository/org/jgrapht/jgrapht-ext/1.0.1/jgrapht-ext-1.0.1.jar:/home/runner/.m2/repository/org/tinyjee/jgraphx/jgraphx/2.0.0.1/jgraphx-2.0.0.1.jar:/home/runner/.m2/repository/jgraph/jgraph/5.13.0.0/jgraph-5.13.0.0.jar:/home/runner/.m2/repository/org/antlr/antlr4-runtime/4.5.3/antlr4-runtime-4.5.3.jar:/home/runner/.m2/repository/org/awaitility/awaitility/4.2.0/awaitility-4.2.0.jar:/home/runner/.m2/repository/org/hamcrest/hamcrest/2.1/hamcrest-2.1.jar:/home/runner/.m2/repository/org/apache/ozone/ozone-manager/1.4.0-SNAPSHOT/ozone-manager-1.4.0-SNAPSHOT.jar:/home/runner/.m2/repository/org/aspectj/aspectjrt/1.9.7/aspectjrt-1.9.7.jar:/home/runner/.m2/repository/org/aspectj/aspectjweaver/1.9.7/aspectjweaver-1.9.7.jar:/home/runner/.m2/repository/org/apache/ozone/hdds-interface-client/1.4.0-SNAPSHOT/hdds-interface-client-1.4.0-SNAPSHOT.jar:/home/runner/.m2/repository/org/apache/hadoop/thirdparty/hadoop-shaded-protobuf_3_7/1.1.1/hadoop-shaded-protobuf_3_7-1.1.1.jar:/home/runner/.m2/repository/org/apache/ozone/ozone-interface-storage/1.4.0-SNAPSHOT/ozone-interface-storage-1.4.0-SNAPSHOT.jar:/home/runner/.m2/repository/org/reflections/reflections/0.9.11/reflections-0.9.11.jar:/home/runner/.m2/repository/com/sun/jersey/jersey-client/1.19/jersey-client-1.19.jar:/home/runner/.m2/repository/org/codehaus/jackson/jackson-core-asl/1.9.13/jackson-core-asl-1.9.13.jar:/home/runner/.m2/repository/org/codehaus/jackson/jackson-mapper-asl/1.9.13/jackson-mapper-asl-1.9.13.jar:/home/runner/.m2/repository/org/codehaus/jackson/jackson-jaxrs/1.9.13/jackson-jaxrs-1.9.13.jar:/home/runner/.m2/repository/org/apache/ranger/ranger-intg/2.3.0/ranger-intg-2.3.0.jar:/home/runner/.m2/repository/org/apache/ranger/ranger-plugins-common/2.3.0/ranger-plugins-common-2.3.0.jar:/home/runner/.m2/repository/commons-lang/commons-lang/2.6/commons-lang-2.6.jar:/home/runner/.m2/repository/org/apache/ranger/ranger-plugins-cred/2.3.0/ranger-plugins-cred-2.3.0.jar:/home/runner/.m2/repository/org/apache/ranger/ranger-plugins-audit/2.3.0/ranger-plugins-audit-2.3.0.jar:/home/runner/.m2/repository/org/eclipse/jetty/jetty-client/9.4.51.v20230217/jetty-client-9.4.51.v20230217.jar:/home/runner/.m2/repository/org/apache/httpcomponents/httpmime/4.5.6/httpmime-4.5.6.jar:/home/runner/.m2/repository/org/apache/httpcomponents/httpcore-nio/4.4.13/httpcore-nio-4.4.13.jar:/home/runner/.m2/repository/org/apache/httpcomponents/httpasyncclient/4.1.3/httpasyncclient-4.1.3.jar:/home/runner/.m2/repository/com/carrotsearch/hppc/0.8.0/hppc-0.8.0.jar:/home/runner/.m2/repository/org/apache/orc/orc-core/1.5.8/orc-core-1.5.8.jar:/home/runner/.m2/repository/net/java/dev/jna/jna/5.2.0/jna-5.2.0.jar:/home/runner/.m2/repository/net/java/dev/jna/jna-platform/5.2.0/jna-platform-5.2.0.jar:/home/runner/.m2/repository/com/kstruct/gethostname4j/0.0.2/gethostname4j-0.0.2.jar:/home/runner/.m2/repository/org/apache/ranger/ranger-plugin-classloader/2.3.0/ranger-plugin-classloader-2.3.0.jar:/home/runner/.m2/repository/org/apache/ozone/hdds-rocks-native/1.4.0-SNAPSHOT/hdds-rocks-native-1.4.0-SNAPSHOT.jar:/home/runner/.m2/repository/org/apache/hadoop/hadoop-minikdc/3.3.6/hadoop-minikdc-3.3.6.jar:/home/runner/.m2/repository/org/apache/kerby/kerb-simplekdc/1.0.1/kerb-simplekdc-1.0.1.jar:/home/runner/.m2/repository/org/apache/kerby/kerb-client/1.0.1/kerb-client-1.0.1.jar:/home/runner/.m2/repository/org/apache/kerby/kerby-config/1.0.1/kerby-config-1.0.1.jar:/home/runner/.m2/repository/org/apache/kerby/kerb-common/1.0.1/kerb-common-1.0.1.jar:/home/runner/.m2/repository/org/apache/kerby/kerb-crypto/1.0.1/kerb-crypto-1.0.1.jar:/home/runner/.m2/repository/org/apache/kerby/kerb-util/1.0.1/kerb-util-1.0.1.jar:/home/runner/.m2/repository/org/apache/kerby/token-provider/1.0.1/token-provider-1.0.1.jar:/home/runner/.m2/repository/org/apache/kerby/kerb-admin/1.0.1/kerb-admin-1.0.1.jar:/home/runner/.m2/repository/org/apache/kerby/kerb-server/1.0.1/kerb-server-1.0.1.jar:/home/runner/.m2/repository/org/apache/kerby/kerb-identity/1.0.1/kerb-identity-1.0.1.jar:/home/runner/.m2/repository/org/apache/kerby/kerby-xdr/1.0.1/kerby-xdr-1.0.1.jar:/home/runner/.m2/repository/org/apache/ozone/ozone-s3gateway/1.4.0-SNAPSHOT/ozone-s3gateway-1.4.0-SNAPSHOT.jar:/home/runner/.m2/repository/org/javassist/javassist/3.21.0-GA/javassist-3.21.0-GA.jar:/home/runner/.m2/repository/org/jboss/weld/servlet/weld-servlet-shaded/3.1.9.Final/weld-servlet-shaded-3.1.9.Final.jar:/home/runner/.m2/repository/org/glassfish/jersey/containers/jersey-container-servlet-core/2.34/jersey-container-servlet-core-2.34.jar:/home/runner/.m2/repository/org/glassfish/hk2/external/jakarta.inject/2.6.1/jakarta.inject-2.6.1.jar:/home/runner/.m2/repository/org/glassfish/jersey/core/jersey-common/2.34/jersey-common-2.34.jar:/home/runner/.m2/repository/jakarta/ws/rs/jakarta.ws.rs-api/2.1.6/jakarta.ws.rs-api-2.1.6.jar:/home/runner/.m2/repository/org/glassfish/jersey/ext/cdi/jersey-cdi1x/2.34/jersey-cdi1x-2.34.jar:/home/runner/.m2/repository/org/glassfish/jersey/inject/jersey-hk2/2.34/jersey-hk2-2.34.jar:/home/runner/.m2/repository/org/glassfish/hk2/hk2-locator/2.6.1/hk2-locator-2.6.1.jar:/home/runner/.m2/repository/org/glassfish/jersey/media/jersey-media-jaxb/2.34/jersey-media-jaxb-2.34.jar:/home/runner/.m2/repository/org/glassfish/hk2/osgi-resource-locator/1.0.3/osgi-resource-locator-1.0.3.jar:/home/runner/.m2/repository/org/glassfish/hk2/hk2-api/2.5.0/hk2-api-2.5.0.jar:/home/runner/.m2/repository/org/glassfish/hk2/hk2-utils/2.5.0/hk2-utils-2.5.0.jar:/home/runner/.m2/repository/org/glassfish/hk2/external/aopalliance-repackaged/2.5.0/aopalliance-repackaged-2.5.0.jar:/home/runner/.m2/repository/com/fasterxml/jackson/dataformat/jackson-dataformat-xml/2.13.4/jackson-dataformat-xml-2.13.4.jar:/home/runner/.m2/repository/org/codehaus/woodstox/stax2-api/4.2.1/stax2-api-4.2.1.jar:/home/runner/.m2/repository/com/fasterxml/woodstox/woodstox-core/5.4.0/woodstox-core-5.4.0.jar:/home/runner/.m2/repository/com/fasterxml/jackson/module/jackson-module-jaxb-annotations/2.13.4/jackson-module-jaxb-annotations-2.13.4.jar:/home/runner/.m2/repository/jakarta/xml/bind/jakarta.xml.bind-api/2.3.3/jakarta.xml.bind-api-2.3.3.jar:/home/runner/.m2/repository/jakarta/activation/jakarta.activation-api/1.2.2/jakarta.activation-api-1.2.2.jar:/home/runner/.m2/repository/javax/enterprise/cdi-api/2.0/cdi-api-2.0.jar:/home/runner/.m2/repository/javax/el/javax.el-api/3.0.0/javax.el-api-3.0.0.jar:/home/runner/.m2/repository/javax/interceptor/javax.interceptor-api/1.2/javax.interceptor-api-1.2.jar:/home/runner/.m2/repository/javax/inject/javax.inject/1/javax.inject-1.jar:/home/runner/.m2/repository/javax/xml/bind/jaxb-api/2.3.0/jaxb-api-2.3.0.jar:/home/runner/.m2/repository/org/glassfish/jaxb/jaxb-runtime/2.3.0.1/jaxb-runtime-2.3.0.1.jar:/home/runner/.m2/repository/org/glassfish/jaxb/jaxb-core/2.3.0.1/jaxb-core-2.3.0.1.jar:/home/runner/.m2/repository/org/glassfish/jaxb/txw2/2.3.0.1/txw2-2.3.0.1.jar:/home/runner/.m2/repository/com/sun/istack/istack-commons-runtime/3.0.5/istack-commons-runtime-3.0.5.jar:/home/runner/.m2/repository/org/jvnet/staxex/stax-ex/1.7.8/stax-ex-1.7.8.jar:/home/runner/.m2/repository/com/sun/xml/fastinfoset/FastInfoset/1.2.13/FastInfoset-1.2.13.jar:/home/runner/.m2/repository/javax/activation/activation/1.1.1/activation-1.1.1.jar:/home/runner/.m2/repository/io/grpc/grpc-protobuf/1.51.1/grpc-protobuf-1.51.1.jar:/home/runner/.m2/repository/com/google/api/grpc/proto-google-common-protos/2.9.0/proto-google-common-protos-2.9.0.jar:/home/runner/.m2/repository/io/grpc/grpc-protobuf-lite/1.51.1/grpc-protobuf-lite-1.51.1.jar:/home/runner/.m2/repository/io/grpc/grpc-stub/1.51.1/grpc-stub-1.51.1.jar:/home/runner/.m2/repository/io/netty/netty-transport/4.1.94.Final/netty-transport-4.1.94.Final.jar:/home/runner/.m2/repository/io/netty/netty-resolver/4.1.94.Final/netty-resolver-4.1.94.Final.jar:/home/runner/.m2/repository/org/apache/ozone/ozone-csi/1.4.0-SNAPSHOT/ozone-csi-1.4.0-SNAPSHOT.jar:/home/runner/.m2/repository/com/google/protobuf/protobuf-java-util/3.19.6/protobuf-java-util-3.19.6.jar:/home/runner/.m2/repository/com/google/code/gson/gson/2.9.0/gson-2.9.0.jar:/home/runner/.m2/repository/org/apache/ozone/hdds-config/1.4.0-SNAPSHOT/hdds-config-1.4.0-SNAPSHOT.jar:/home/runner/.m2/repository/io/netty/netty-transport-native-epoll/4.1.94.Final/netty-transport-native-epoll-4.1.94.Final-linux-x86_64.jar:/home/runner/.m2/repository/io/netty/netty-transport-classes-epoll/4.1.94.Final/netty-transport-classes-epoll-4.1.94.Final.jar:/home/runner/.m2/repository/io/netty/netty-transport-native-unix-common/4.1.94.Final/netty-transport-native-unix-common-4.1.94.Final.jar:/home/runner/.m2/repository/org/apache/ozone/ozone-recon/1.4.0-SNAPSHOT/ozone-recon-1.4.0-SNAPSHOT.jar:/home/runner/.m2/repository/org/apache/ozone/ozone-reconcodegen/1.4.0-SNAPSHOT/ozone-reconcodegen-1.4.0-SNAPSHOT.jar:/home/runner/.m2/repository/com/google/inject/guice/5.1.0/guice-5.1.0.jar:/home/runner/.m2/repository/aopalliance/aopalliance/1.0/aopalliance-1.0.jar:/home/runner/.m2/repository/com/google/inject/extensions/guice-assistedinject/5.1.0/guice-assistedinject-5.1.0.jar:/home/runner/.m2/repository/com/google/inject/extensions/guice-servlet/5.1.0/guice-servlet-5.1.0.jar:/home/runner/.m2/repository/org/glassfish/jersey/containers/jersey-container-servlet/2.34/jersey-container-servlet-2.34.jar:/home/runner/.m2/repository/org/glassfish/hk2/guice-bridge/2.5.0/guice-bridge-2.5.0.jar:/home/runner/.m2/repository/org/glassfish/jersey/core/jersey-server/2.34/jersey-server-2.34.jar:/home/runner/.m2/repository/org/glassfish/jersey/core/jersey-client/2.34/jersey-client-2.34.jar:/home/runner/.m2/repository/jakarta/annotation/jakarta.annotation-api/1.3.5/jakarta.annotation-api-1.3.5.jar:/home/runner/.m2/repository/jakarta/validation/jakarta.validation-api/2.0.2/jakarta.validation-api-2.0.2.jar:/home/runner/.m2/repository/org/glassfish/jersey/media/jersey-media-json-jackson/2.34/jersey-media-json-jackson-2.34.jar:/home/runner/.m2/repository/org/glassfish/jersey/ext/jersey-entity-filtering/2.34/jersey-entity-filtering-2.34.jar:/home/runner/.m2/repository/org/jooq/jooq/3.11.10/jooq-3.11.10.jar:/home/runner/.m2/repository/org/jooq/jooq-meta/3.11.10/jooq-meta-3.11.10.jar:/home/runner/.m2/repository/org/jooq/jooq-codegen/3.11.10/jooq-codegen-3.11.10.jar:/home/runner/.m2/repository/com/jolbox/bonecp/0.8.0.RELEASE/bonecp-0.8.0.RELEASE.jar:/home/runner/.m2/repository/org/apache/derby/derby/10.14.2.0/derby-10.14.2.0.jar:/home/runner/.m2/repository/org/xerial/sqlite-jdbc/3.41.2.2/sqlite-jdbc-3.41.2.2.jar:/home/runner/.m2/repository/org/springframework/spring-jdbc/5.3.27/spring-jdbc-5.3.27.jar:/home/runner/.m2/repository/org/springframework/spring-beans/5.3.27/spring-beans-5.3.27.jar:/home/runner/.m2/repository/org/springframework/spring-core/5.3.27/spring-core-5.3.27.jar:/home/runner/.m2/repository/org/springframework/spring-tx/5.3.27/spring-tx-5.3.27.jar:/home/runner/.m2/repository/org/apache/ozone/ozone-client/1.4.0-SNAPSHOT/ozone-client-1.4.0-SNAPSHOT.jar:/home/runner/.m2/repository/org/apache/ozone/hdds-erasurecode/1.4.0-SNAPSHOT/hdds-erasurecode-1.4.0-SNAPSHOT.jar:/home/runner/.m2/repository/org/apache/ozone/ozone-filesystem/1.4.0-SNAPSHOT/ozone-filesystem-1.4.0-SNAPSHOT.jar:/home/runner/.m2/repository/org/apache/ozone/ozone-filesystem-common/1.4.0-SNAPSHOT/ozone-filesystem-common-1.4.0-SNAPSHOT.jar:/home/runner/.m2/repository/org/apache/ozone/ozone-tools/1.4.0-SNAPSHOT/ozone-tools-1.4.0-SNAPSHOT.jar:/home/runner/.m2/repository/com/amazonaws/aws-java-sdk-core/1.12.261/aws-java-sdk-core-1.12.261.jar:/home/runner/.m2/repository/org/apache/httpcomponents/httpclient/4.5.13/httpclient-4.5.13.jar:/home/runner/.m2/repository/org/apache/httpcomponents/httpcore/4.4.13/httpcore-4.4.13.jar:/home/runner/.m2/repository/software/amazon/ion/ion-java/1.0.2/ion-java-1.0.2.jar:/home/runner/.m2/repository/com/fasterxml/jackson/dataformat/jackson-dataformat-cbor/2.13.4/jackson-dataformat-cbor-2.13.4.jar:/home/runner/.m2/repository/joda-time/joda-time/2.10.6/joda-time-2.10.6.jar:/home/runner/.m2/repository/com/amazonaws/aws-java-sdk-s3/1.12.261/aws-java-sdk-s3-1.12.261.jar:/home/runner/.m2/repository/com/amazonaws/aws-java-sdk-kms/1.12.261/aws-java-sdk-kms-1.12.261.jar:/home/runner/.m2/repository/com/amazonaws/jmespath-java/1.12.261/jmespath-java-1.12.261.jar:/home/runner/.m2/repository/org/kohsuke/metainf-services/metainf-services/1.8/metainf-services-1.8.jar:/home/runner/.m2/repository/org/apache/ozone/hdds-tools/1.4.0-SNAPSHOT/hdds-tools-1.4.0-SNAPSHOT.jar:/home/runner/.m2/repository/org/apache/ratis/ratis-tools/2.5.1/ratis-tools-2.5.1.jar:/home/runner/.m2/repository/commons-cli/commons-cli/1.2/commons-cli-1.2.jar:/home/runner/.m2/repository/org/apache/commons/commons-lang3/3.7/commons-lang3-3.7.jar:/home/runner/.m2/repository/org/apache/ozone/ozone-manager/1.4.0-SNAPSHOT/ozone-manager-1.4.0-SNAPSHOT-tests.jar:/home/runner/.m2/repository/org/apache/ozone/hdds-common/1.4.0-SNAPSHOT/hdds-common-1.4.0-SNAPSHOT-tests.jar:/home/runner/.m2/repository/org/apache/ozone/hdds-hadoop-dependency-client/1.4.0-SNAPSHOT/hdds-hadoop-dependency-client-1.4.0-SNAPSHOT.jar:/home/runner/.m2/repository/info/picocli/picocli/4.6.1/picocli-4.6.1.jar:/home/runner/.m2/repository/com/fasterxml/jackson/core/jackson-annotations/2.13.4/jackson-annotations-2.13.4.jar:/home/runner/.m2/repository/org/apache/ozone/hdds-annotation-processing/1.4.0-SNAPSHOT/hdds-annotation-processing-1.4.0-SNAPSHOT.jar:/home/runner/.m2/repository/javax/annotation/javax.annotation-api/1.2/javax.annotation-api-1.2.jar:/home/runner/.m2/repository/org/apache/ratis/ratis-netty/2.5.1/ratis-netty-2.5.1.jar:/home/runner/.m2/repository/org/apache/ratis/ratis-grpc/2.5.1/ratis-grpc-2.5.1.jar:/home/runner/.m2/repository/org/apache/commons/commons-pool2/2.6.0/commons-pool2-2.6.0.jar:/home/runner/.m2/repository/org/bouncycastle/bcpkix-jdk15on/1.67/bcpkix-jdk15on-1.67.jar:/home/runner/.m2/repository/commons-validator/commons-validator/1.6/commons-validator-1.6.jar:/home/runner/.m2/repository/commons-beanutils/commons-beanutils/1.9.4/commons-beanutils-1.9.4.jar:/home/runner/.m2/repository/commons-digester/commons-digester/1.8.1/commons-digester-1.8.1.jar:/home/runner/.m2/repository/commons-collections/commons-collections/3.2.2/commons-collections-3.2.2.jar:/home/runner/.m2/repository/io/jaegertracing/jaeger-client/1.6.0/jaeger-client-1.6.0.jar:/home/runner/.m2/repository/io/jaegertracing/jaeger-thrift/1.6.0/jaeger-thrift-1.6.0.jar:/home/runner/.m2/repository/org/apache/thrift/libthrift/0.14.1/libthrift-0.14.1.jar:/home/runner/.m2/repository/io/jaegertracing/jaeger-core/1.6.0/jaeger-core-1.6.0.jar:/home/runner/.m2/repository/io/jaegertracing/jaeger-tracerresolver/1.6.0/jaeger-tracerresolver-1.6.0.jar:/home/runner/.m2/repository/io/opentracing/contrib/opentracing-tracerresolver/0.1.8/opentracing-tracerresolver-0.1.8.jar:/home/runner/.m2/repository/org/jetbrains/kotlin/kotlin-stdlib/1.6.21/kotlin-stdlib-1.6.21.jar:/home/runner/.m2/repository/org/jetbrains/annotations/13.0/annotations-13.0.jar:/home/runner/.m2/repository/io/opentracing/opentracing-util/0.33.0/opentracing-util-0.33.0.jar:/home/runner/.m2/repository/io/opentracing/opentracing-api/0.33.0/opentracing-api-0.33.0.jar:/home/runner/.m2/repository/io/opentracing/opentracing-noop/0.33.0/opentracing-noop-0.33.0.jar:/home/runner/.m2/repository/org/yaml/snakeyaml/2.0/snakeyaml-2.0.jar:/home/runner/.m2/repository/io/grpc/grpc-api/1.51.1/grpc-api-1.51.1.jar:/home/runner/.m2/repository/io/grpc/grpc-context/1.51.1/grpc-context-1.51.1.jar:/home/runner/.m2/repository/junit/junit/4.13.1/junit-4.13.1.jar:/home/runner/.m2/repository/org/hamcrest/hamcrest-core/1.3/hamcrest-core-1.3.jar:/home/runner/.m2/repository/org/junit/jupiter/junit-jupiter-api/5.8.2/junit-jupiter-api-5.8.2.jar:/home/runner/.m2/repository/org/opentest4j/opentest4j/1.2.0/opentest4j-1.2.0.jar:/home/runner/.m2/repository/org/junit/platform/junit-platform-commons/1.8.2/junit-platform-commons-1.8.2.jar:/home/runner/.m2/repository/org/apiguardian/apiguardian-api/1.1.2/apiguardian-api-1.1.2.jar:/home/runner/.m2/repository/org/junit/jupiter/junit-jupiter-params/5.8.2/junit-jupiter-params-5.8.2.jar:/home/runner/.m2/repository/org/junit/jupiter/junit-jupiter-migrationsupport/5.8.2/junit-jupiter-migrationsupport-5.8.2.jar:/home/runner/.m2/repository/org/junit/jupiter/junit-jupiter-engine/5.8.2/junit-jupiter-engine-5.8.2.jar:/home/runner/.m2/repository/org/junit/platform/junit-platform-engine/1.8.2/junit-platform-engine-1.8.2.jar:/home/runner/.m2/repository/org/junit/vintage/junit-vintage-engine/5.8.2/junit-vintage-engine-5.8.2.jar:/home/runner/.m2/repository/org/junit/platform/junit-platform-launcher/1.8.2/junit-platform-launcher-1.8.2.jar:/home/runner/.m2/repository/org/mockito/mockito-core/3.5.9/mockito-core-3.5.9.jar:/home/runner/.m2/repository/net/bytebuddy/byte-buddy/1.10.13/byte-buddy-1.10.13.jar:/home/runner/.m2/repository/net/bytebuddy/byte-buddy-agent/1.10.13/byte-buddy-agent-1.10.13.jar:/home/runner/.m2/repository/org/objenesis/objenesis/1.0/objenesis-1.0.jar:/home/runner/.m2/repository/org/apache/hadoop/hadoop-kms/3.3.6/hadoop-kms-3.3.6.jar:/home/runner/.m2/repository/org/apache/hadoop/hadoop-auth/3.3.6/hadoop-auth-3.3.6.jar:/home/runner/.m2/repository/com/nimbusds/nimbus-jose-jwt/9.8.1/nimbus-jose-jwt-9.8.1.jar:/home/runner/.m2/repository/com/github/stephenc/jcip/jcip-annotations/1.0-1/jcip-annotations-1.0-1.jar:/home/runner/.m2/repository/org/apache/zookeeper/zookeeper/3.5.6/zookeeper-3.5.6.jar:/home/runner/.m2/repository/org/apache/zookeeper/zookeeper-jute/3.5.6/zookeeper-jute-3.5.6.jar:/home/runner/.m2/repository/org/apache/yetus/audience-annotations/0.5.0/audience-annotations-0.5.0.jar:/home/runner/.m2/repository/org/apache/curator/curator-framework/4.2.0/curator-framework-4.2.0.jar:/home/runner/.m2/repository/org/apache/hadoop/thirdparty/hadoop-shaded-guava/1.1.1/hadoop-shaded-guava-1.1.1.jar:/home/runner/.m2/repository/com/sun/jersey/jersey-core/1.19/jersey-core-1.19.jar:/home/runner/.m2/repository/javax/ws/rs/jsr311-api/1.1.1/jsr311-api-1.1.1.jar:/home/runner/.m2/repository/com/sun/jersey/jersey-server/1.19/jersey-server-1.19.jar:/home/runner/.m2/repository/javax/servlet/javax.servlet-api/3.1.0/javax.servlet-api-3.1.0.jar:/home/runner/.m2/repository/org/apache/hadoop/hadoop-common/3.3.6/hadoop-common-3.3.6.jar:/home/runner/.m2/repository/org/apache/commons/commons-math3/3.1.1/commons-math3-3.1.1.jar:/home/runner/.m2/repository/commons-net/commons-net/3.9.0/commons-net-3.9.0.jar:/home/runner/.m2/repository/com/sun/jersey/jersey-servlet/1.19/jersey-servlet-1.19.jar:/home/runner/.m2/repository/com/github/pjfanning/jersey-json/1.20/jersey-json-1.20.jar:/home/runner/.m2/repository/org/codehaus/jettison/jettison/1.1/jettison-1.1.jar:/home/runner/.m2/repository/com/sun/xml/bind/jaxb-impl/2.2.3-1/jaxb-impl-2.2.3-1.jar:/home/runner/.m2/repository/com/google/re2j/re2j/1.1/re2j-1.1.jar:/home/runner/.m2/repository/com/jcraft/jsch/0.1.54/jsch-0.1.54.jar:/home/runner/.m2/repository/org/apache/curator/curator-client/4.2.0/curator-client-4.2.0.jar:/home/runner/.m2/repository/org/apache/curator/curator-recipes/5.2.0/curator-recipes-5.2.0.jar:/home/runner/.m2/repository/org/apache/kerby/kerb-core/1.0.1/kerb-core-1.0.1.jar:/home/runner/.m2/repository/org/apache/kerby/kerby-pkix/1.0.1/kerby-pkix-1.0.1.jar:/home/runner/.m2/repository/org/apache/kerby/kerby-asn1/1.0.1/kerby-asn1-1.0.1.jar:/home/runner/.m2/repository/org/apache/kerby/kerby-util/1.0.1/kerby-util-1.0.1.jar:/home/runner/.m2/repository/dnsjava/dnsjava/2.1.7/dnsjava-2.1.7.jar:/home/runner/.m2/repository/org/xerial/snappy/snappy-java/1.1.8.2/snappy-java-1.1.8.2.jar:/home/runner/.m2/repository/com/fasterxml/jackson/core/jackson-databind/2.13.4.2/jackson-databind-2.13.4.2.jar:/home/runner/.m2/repository/org/apache/hadoop/hadoop-kms/3.3.6/hadoop-kms-3.3.6-tests.jar:/home/runner/.m2/repository/org/apache/ozone/hdds-server-scm/1.4.0-SNAPSHOT/hdds-server-scm-1.4.0-SNAPSHOT-tests.jar:/home/runner/.m2/repository/org/apache/ozone/hdds-container-service/1.4.0-SNAPSHOT/hdds-container-service-1.4.0-SNAPSHOT-tests.jar:/home/runner/.m2/repository/com/github/luben/zstd-jni/1.5.2-5/zstd-jni-1.5.2-5.jar:/home/runner/.m2/repository/commons-codec/commons-codec/1.15/commons-codec-1.15.jar:/home/runner/.m2/repository/io/netty/netty-codec/4.1.94.Final/netty-codec-4.1.94.Final.jar:/home/runner/.m2/repository/io/netty/netty-handler/4.1.94.Final/netty-handler-4.1.94.Final.jar:/home/runner/.m2/repository/org/apache/ozone/hdds-hadoop-dependency-test/1.4.0-SNAPSHOT/hdds-hadoop-dependency-test-1.4.0-SNAPSHOT.jar:/home/runner/.m2/repository/org/apache/hadoop/hadoop-common/3.3.6/hadoop-common-3.3.6-tests.jar:/home/runner/.m2/repository/org/apache/hadoop/hadoop-hdfs/3.3.6/hadoop-hdfs-3.3.6-tests.jar:/home/runner/.m2/repository/org/assertj/assertj-core/3.12.2/assertj-core-3.12.2.jar:/home/runner/.m2/repository/org/apache/hadoop/hadoop-distcp/3.3.6/hadoop-distcp-3.3.6.jar:/home/runner/.m2/repository/org/apache/hadoop/hadoop-mapreduce-client-jobclient/3.3.6/hadoop-mapreduce-client-jobclient-3.3.6.jar:/home/runner/.m2/repository/org/apache/hadoop/hadoop-mapreduce-client-common/3.3.6/hadoop-mapreduce-client-common-3.3.6.jar:/home/runner/.m2/repository/org/apache/hadoop/hadoop-yarn-common/3.3.6/hadoop-yarn-common-3.3.6.jar:/home/runner/.m2/repository/org/apache/hadoop/hadoop-yarn-api/3.3.6/hadoop-yarn-api-3.3.6.jar:/home/runner/.m2/repository/com/sun/jersey/contribs/jersey-guice/1.19/jersey-guice-1.19.jar:/home/runner/.m2/repository/com/fasterxml/jackson/jaxrs/jackson-jaxrs-json-provider/2.13.4/jackson-jaxrs-json-provider-2.13.4.jar:/home/runner/.m2/repository/com/fasterxml/jackson/jaxrs/jackson-jaxrs-base/2.13.4/jackson-jaxrs-base-2.13.4.jar:/home/runner/.m2/repository/org/apache/hadoop/hadoop-yarn-client/3.3.6/hadoop-yarn-client-3.3.6.jar:/home/runner/.m2/repository/org/eclipse/jetty/websocket/websocket-client/9.4.51.v20230217/websocket-client-9.4.51.v20230217.jar:/home/runner/.m2/repository/org/eclipse/jetty/websocket/websocket-common/9.4.51.v20230217/websocket-common-9.4.51.v20230217.jar:/home/runner/.m2/repository/org/eclipse/jetty/websocket/websocket-api/9.4.51.v20230217/websocket-api-9.4.51.v20230217.jar:/home/runner/.m2/repository/org/jline/jline/3.9.0/jline-3.9.0.jar:/home/runner/.m2/repository/org/apache/hadoop/hadoop-mapreduce-client-core/3.3.6/hadoop-mapreduce-client-core-3.3.6.jar:/home/runner/.m2/repository/org/apache/avro/avro/1.7.7/avro-1.7.7.jar:/home/runner/.m2/repository/com/thoughtworks/paranamer/paranamer/2.3/paranamer-2.3.jar:/home/runner/.m2/repository/org/apache/hadoop/hadoop-annotations/3.3.6/hadoop-annotations-3.3.6.jar:/usr/lib/jvm/temurin-8-jdk-amd64/jre/../lib/tools.jar:/home/runner/.m2/repository/io/netty/netty/3.10.6.Final/netty-3.10.6.Final.jar:/home/runner/.m2/repository/org/apache/hadoop/hadoop-distcp/3.3.6/hadoop-distcp-3.3.6-tests.jar:/home/runner/.m2/repository/org/slf4j/jul-to-slf4j/1.7.36/jul-to-slf4j-1.7.36.jar:"/>
    <property name="java.vm.vendor" value="Temurin"/>
    <property name="sun.arch.data.model" value="64"/>
    <property name="test.build.dir" value="/home/runner/work/ozone/ozone/hadoop-ozone/integration-test/target/test-dir"/>
    <property name="test.cache.data" value=""/>
    <property name="java.vendor.url" value="https://adoptium.net/"/>
    <property name="user.timezone" value="Etc/UTC"/>
    <property name="java.vm.specification.version" value="1.8"/>
    <property name="os.name" value="Linux"/>
    <property name="test.build.data" value="/home/runner/work/ozone/ozone/hadoop-ozone/integration-test/target/test-dir"/>
    <property name="sun.java.launcher" value="SUN_STANDARD"/>
    <property name="sun.boot.library.path" value="/usr/lib/jvm/temurin-8-jdk-amd64/jre/lib/amd64"/>
    <property name="sun.java.command" value="/home/runner/work/ozone/ozone/hadoop-ozone/integration-test/target/surefire/surefirebooter8582097915575398364.jar /home/runner/work/ozone/ozone/hadoop-ozone/integration-test/target/surefire 2023-09-07T08-48-52_996-jvmRun1 surefire3885927708382979196tmp surefire_48425176372554216830tmp"/>
    <property name="native.lib.tmp.dir" value="/tmp"/>
    <property name="surefire.test.class.path" value="/home/runner/work/ozone/ozone/hadoop-ozone/integration-test/target/test-classes:/home/runner/work/ozone/ozone/hadoop-ozone/integration-test/target/classes:/home/runner/.m2/repository/org/apache/ozone/ozone-common/1.4.0-SNAPSHOT/ozone-common-1.4.0-SNAPSHOT.jar:/home/runner/.m2/repository/io/grpc/grpc-netty/1.51.1/grpc-netty-1.51.1.jar:/home/runner/.m2/repository/io/grpc/grpc-core/1.51.1/grpc-core-1.51.1.jar:/home/runner/.m2/repository/com/google/android/annotations/4.1.1.4/annotations-4.1.1.4.jar:/home/runner/.m2/repository/org/codehaus/mojo/animal-sniffer-annotations/1.21/animal-sniffer-annotations-1.21.jar:/home/runner/.m2/repository/com/google/errorprone/error_prone_annotations/2.2.0/error_prone_annotations-2.2.0.jar:/home/runner/.m2/repository/io/perfmark/perfmark-api/0.25.0/perfmark-api-0.25.0.jar:/home/runner/.m2/repository/io/netty/netty-codec-http2/4.1.94.Final/netty-codec-http2-4.1.94.Final.jar:/home/runner/.m2/repository/io/netty/netty-common/4.1.94.Final/netty-common-4.1.94.Final.jar:/home/runner/.m2/repository/io/netty/netty-buffer/4.1.94.Final/netty-buffer-4.1.94.Final.jar:/home/runner/.m2/repository/io/netty/netty-codec-http/4.1.94.Final/netty-codec-http-4.1.94.Final.jar:/home/runner/.m2/repository/io/netty/netty-handler-proxy/4.1.94.Final/netty-handler-proxy-4.1.94.Final.jar:/home/runner/.m2/repository/io/netty/netty-codec-socks/4.1.94.Final/netty-codec-socks-4.1.94.Final.jar:/home/runner/.m2/repository/io/netty/netty-tcnative-boringssl-static/2.0.61.Final/netty-tcnative-boringssl-static-2.0.61.Final.jar:/home/runner/.m2/repository/io/netty/netty-tcnative-classes/2.0.61.Final/netty-tcnative-classes-2.0.61.Final.jar:/home/runner/.m2/repository/io/netty/netty-tcnative-boringssl-static/2.0.61.Final/netty-tcnative-boringssl-static-2.0.61.Final-linux-x86_64.jar:/home/runner/.m2/repository/io/netty/netty-tcnative-boringssl-static/2.0.61.Final/netty-tcnative-boringssl-static-2.0.61.Final-linux-aarch_64.jar:/home/runner/.m2/repository/io/netty/netty-tcnative-boringssl-static/2.0.61.Final/netty-tcnative-boringssl-static-2.0.61.Final-osx-x86_64.jar:/home/runner/.m2/repository/io/netty/netty-tcnative-boringssl-static/2.0.61.Final/netty-tcnative-boringssl-static-2.0.61.Final-osx-aarch_64.jar:/home/runner/.m2/repository/io/netty/netty-tcnative-boringssl-static/2.0.61.Final/netty-tcnative-boringssl-static-2.0.61.Final-windows-x86_64.jar:/home/runner/.m2/repository/org/apache/commons/commons-compress/1.21/commons-compress-1.21.jar:/home/runner/.m2/repository/org/apache/ozone/hdds-common/1.4.0-SNAPSHOT/hdds-common-1.4.0-SNAPSHOT.jar:/home/runner/.m2/repository/org/apache/ozone/hdds-client/1.4.0-SNAPSHOT/hdds-client-1.4.0-SNAPSHOT.jar:/home/runner/.m2/repository/org/apache/ozone/ozone-interface-client/1.4.0-SNAPSHOT/ozone-interface-client-1.4.0-SNAPSHOT.jar:/home/runner/.m2/repository/org/apache/hadoop/hadoop-hdfs-client/3.3.6/hadoop-hdfs-client-3.3.6.jar:/home/runner/.m2/repository/com/squareup/okhttp3/okhttp/4.9.3/okhttp-4.9.3.jar:/home/runner/.m2/repository/com/squareup/okio/okio/3.4.0/okio-3.4.0.jar:/home/runner/.m2/repository/com/squareup/okio/okio-jvm/3.4.0/okio-jvm-3.4.0.jar:/home/runner/.m2/repository/org/jetbrains/kotlin/kotlin-stdlib-jdk8/1.8.0/kotlin-stdlib-jdk8-1.8.0.jar:/home/runner/.m2/repository/org/jetbrains/kotlin/kotlin-stdlib-jdk7/1.8.0/kotlin-stdlib-jdk7-1.8.0.jar:/home/runner/.m2/repository/org/jetbrains/kotlin/kotlin-stdlib-common/1.6.21/kotlin-stdlib-common-1.6.21.jar:/home/runner/.m2/repository/org/apache/ozone/hdds-test-utils/1.4.0-SNAPSHOT/hdds-test-utils-1.4.0-SNAPSHOT.jar:/home/runner/.m2/repository/com/google/guava/guava/32.0.0-jre/guava-32.0.0-jre.jar:/home/runner/.m2/repository/com/google/guava/failureaccess/1.0.1/failureaccess-1.0.1.jar:/home/runner/.m2/repository/com/google/guava/listenablefuture/9999.0-empty-to-avoid-conflict-with-guava/listenablefuture-9999.0-empty-to-avoid-conflict-with-guava.jar:/home/runner/.m2/repository/com/google/code/findbugs/jsr305/3.0.0/jsr305-3.0.0.jar:/home/runner/.m2/repository/org/checkerframework/checker-qual/3.33.0/checker-qual-3.33.0.jar:/home/runner/.m2/repository/com/google/j2objc/j2objc-annotations/2.8/j2objc-annotations-2.8.jar:/home/runner/.m2/repository/commons-io/commons-io/2.11.0/commons-io-2.11.0.jar:/home/runner/.m2/repository/commons-logging/commons-logging/1.2/commons-logging-1.2.jar:/home/runner/.m2/repository/ch/qos/reload4j/reload4j/1.2.22/reload4j-1.2.22.jar:/home/runner/.m2/repository/org/slf4j/slf4j-api/1.7.36/slf4j-api-1.7.36.jar:/home/runner/.m2/repository/org/apache/logging/log4j/log4j-api/2.17.1/log4j-api-2.17.1.jar:/home/runner/.m2/repository/org/apache/ozone/hdds-server-scm/1.4.0-SNAPSHOT/hdds-server-scm-1.4.0-SNAPSHOT.jar:/home/runner/.m2/repository/org/apache/ozone/hdds-container-service/1.4.0-SNAPSHOT/hdds-container-service-1.4.0-SNAPSHOT.jar:/home/runner/.m2/repository/org/apache/ozone/hdds-hadoop-dependency-server/1.4.0-SNAPSHOT/hdds-hadoop-dependency-server-1.4.0-SNAPSHOT.jar:/home/runner/.m2/repository/org/apache/hadoop/hadoop-hdfs/3.3.6/hadoop-hdfs-3.3.6.jar:/home/runner/.m2/repository/commons-daemon/commons-daemon/1.0.13/commons-daemon-1.0.13.jar:/home/runner/.m2/repository/org/apache/ozone/hdds-server-framework/1.4.0-SNAPSHOT/hdds-server-framework-1.4.0-SNAPSHOT.jar:/home/runner/.m2/repository/io/dropwizard/metrics/metrics-core/3.2.4/metrics-core-3.2.4.jar:/home/runner/.m2/repository/org/apache/commons/commons-text/1.10.0/commons-text-1.10.0.jar:/home/runner/.m2/repository/org/bouncycastle/bcprov-jdk15on/1.67/bcprov-jdk15on-1.67.jar:/home/runner/.m2/repository/com/google/protobuf/protobuf-java/2.5.0/protobuf-java-2.5.0.jar:/home/runner/.m2/repository/org/apache/ozone/hdds-server-framework/1.4.0-SNAPSHOT/hdds-server-framework-1.4.0-SNAPSHOT-tests.jar:/home/runner/.m2/repository/org/apache/ozone/hdds-interface-server/1.4.0-SNAPSHOT/hdds-interface-server-1.4.0-SNAPSHOT.jar:/home/runner/.m2/repository/org/apache/ozone/hdds-interface-admin/1.4.0-SNAPSHOT/hdds-interface-admin-1.4.0-SNAPSHOT.jar:/home/runner/.m2/repository/org/apache/ozone/hdds-managed-rocksdb/1.4.0-SNAPSHOT/hdds-managed-rocksdb-1.4.0-SNAPSHOT.jar:/home/runner/.m2/repository/org/rocksdb/rocksdbjni/7.7.3/rocksdbjni-7.7.3.jar:/home/runner/.m2/repository/org/slf4j/slf4j-reload4j/1.7.36/slf4j-reload4j-1.7.36.jar:/home/runner/.m2/repository/org/apache/commons/commons-configuration2/2.1.1/commons-configuration2-2.1.1.jar:/home/runner/.m2/repository/commons-fileupload/commons-fileupload/1.5/commons-fileupload-1.5.jar:/home/runner/.m2/repository/org/apache/logging/log4j/log4j-core/2.17.1/log4j-core-2.17.1.jar:/home/runner/.m2/repository/com/lmax/disruptor/3.4.2/disruptor-3.4.2.jar:/home/runner/.m2/repository/org/eclipse/jetty/jetty-util/9.4.51.v20230217/jetty-util-9.4.51.v20230217.jar:/home/runner/.m2/repository/org/eclipse/jetty/jetty-server/9.4.51.v20230217/jetty-server-9.4.51.v20230217.jar:/home/runner/.m2/repository/org/eclipse/jetty/jetty-http/9.4.51.v20230217/jetty-http-9.4.51.v20230217.jar:/home/runner/.m2/repository/org/eclipse/jetty/jetty-io/9.4.51.v20230217/jetty-io-9.4.51.v20230217.jar:/home/runner/.m2/repository/org/eclipse/jetty/jetty-servlet/9.4.51.v20230217/jetty-servlet-9.4.51.v20230217.jar:/home/runner/.m2/repository/org/eclipse/jetty/jetty-security/9.4.51.v20230217/jetty-security-9.4.51.v20230217.jar:/home/runner/.m2/repository/org/eclipse/jetty/jetty-util-ajax/9.4.51.v20230217/jetty-util-ajax-9.4.51.v20230217.jar:/home/runner/.m2/repository/org/eclipse/jetty/jetty-webapp/9.4.51.v20230217/jetty-webapp-9.4.51.v20230217.jar:/home/runner/.m2/repository/org/eclipse/jetty/jetty-xml/9.4.51.v20230217/jetty-xml-9.4.51.v20230217.jar:/home/runner/.m2/repository/org/apache/ratis/ratis-server/2.5.1/ratis-server-2.5.1.jar:/home/runner/.m2/repository/org/apache/ratis/ratis-thirdparty-misc/1.0.4/ratis-thirdparty-misc-1.0.4.jar:/home/runner/.m2/repository/org/apache/ratis/ratis-proto/2.5.1/ratis-proto-2.5.1.jar:/home/runner/.m2/repository/org/apache/ratis/ratis-common/2.5.1/ratis-common-2.5.1.jar:/home/runner/.m2/repository/org/apache/ratis/ratis-client/2.5.1/ratis-client-2.5.1.jar:/home/runner/.m2/repository/org/apache/ratis/ratis-server-api/2.5.1/ratis-server-api-2.5.1.jar:/home/runner/.m2/repository/org/apache/ratis/ratis-metrics/2.5.1/ratis-metrics-2.5.1.jar:/home/runner/.m2/repository/io/prometheus/simpleclient_dropwizard/0.7.0/simpleclient_dropwizard-0.7.0.jar:/home/runner/.m2/repository/io/prometheus/simpleclient/0.7.0/simpleclient-0.7.0.jar:/home/runner/.m2/repository/io/prometheus/simpleclient_common/0.7.0/simpleclient_common-0.7.0.jar:/home/runner/.m2/repository/com/fasterxml/jackson/datatype/jackson-datatype-jsr310/2.13.4/jackson-datatype-jsr310-2.13.4.jar:/home/runner/.m2/repository/com/fasterxml/jackson/core/jackson-core/2.13.4/jackson-core-2.13.4.jar:/home/runner/.m2/repository/com/github/spotbugs/spotbugs-annotations/3.1.12/spotbugs-annotations-3.1.12.jar:/home/runner/.m2/repository/org/apache/ozone/rocksdb-checkpoint-differ/1.4.0-SNAPSHOT/rocksdb-checkpoint-differ-1.4.0-SNAPSHOT.jar:/home/runner/.m2/repository/org/jgrapht/jgrapht-core/1.0.1/jgrapht-core-1.0.1.jar:/home/runner/.m2/repository/org/jgrapht/jgrapht-ext/1.0.1/jgrapht-ext-1.0.1.jar:/home/runner/.m2/repository/org/tinyjee/jgraphx/jgraphx/2.0.0.1/jgraphx-2.0.0.1.jar:/home/runner/.m2/repository/jgraph/jgraph/5.13.0.0/jgraph-5.13.0.0.jar:/home/runner/.m2/repository/org/antlr/antlr4-runtime/4.5.3/antlr4-runtime-4.5.3.jar:/home/runner/.m2/repository/org/awaitility/awaitility/4.2.0/awaitility-4.2.0.jar:/home/runner/.m2/repository/org/hamcrest/hamcrest/2.1/hamcrest-2.1.jar:/home/runner/.m2/repository/org/apache/ozone/ozone-manager/1.4.0-SNAPSHOT/ozone-manager-1.4.0-SNAPSHOT.jar:/home/runner/.m2/repository/org/aspectj/aspectjrt/1.9.7/aspectjrt-1.9.7.jar:/home/runner/.m2/repository/org/aspectj/aspectjweaver/1.9.7/aspectjweaver-1.9.7.jar:/home/runner/.m2/repository/org/apache/ozone/hdds-interface-client/1.4.0-SNAPSHOT/hdds-interface-client-1.4.0-SNAPSHOT.jar:/home/runner/.m2/repository/org/apache/hadoop/thirdparty/hadoop-shaded-protobuf_3_7/1.1.1/hadoop-shaded-protobuf_3_7-1.1.1.jar:/home/runner/.m2/repository/org/apache/ozone/ozone-interface-storage/1.4.0-SNAPSHOT/ozone-interface-storage-1.4.0-SNAPSHOT.jar:/home/runner/.m2/repository/org/reflections/reflections/0.9.11/reflections-0.9.11.jar:/home/runner/.m2/repository/com/sun/jersey/jersey-client/1.19/jersey-client-1.19.jar:/home/runner/.m2/repository/org/codehaus/jackson/jackson-core-asl/1.9.13/jackson-core-asl-1.9.13.jar:/home/runner/.m2/repository/org/codehaus/jackson/jackson-mapper-asl/1.9.13/jackson-mapper-asl-1.9.13.jar:/home/runner/.m2/repository/org/codehaus/jackson/jackson-jaxrs/1.9.13/jackson-jaxrs-1.9.13.jar:/home/runner/.m2/repository/org/apache/ranger/ranger-intg/2.3.0/ranger-intg-2.3.0.jar:/home/runner/.m2/repository/org/apache/ranger/ranger-plugins-common/2.3.0/ranger-plugins-common-2.3.0.jar:/home/runner/.m2/repository/commons-lang/commons-lang/2.6/commons-lang-2.6.jar:/home/runner/.m2/repository/org/apache/ranger/ranger-plugins-cred/2.3.0/ranger-plugins-cred-2.3.0.jar:/home/runner/.m2/repository/org/apache/ranger/ranger-plugins-audit/2.3.0/ranger-plugins-audit-2.3.0.jar:/home/runner/.m2/repository/org/eclipse/jetty/jetty-client/9.4.51.v20230217/jetty-client-9.4.51.v20230217.jar:/home/runner/.m2/repository/org/apache/httpcomponents/httpmime/4.5.6/httpmime-4.5.6.jar:/home/runner/.m2/repository/org/apache/httpcomponents/httpcore-nio/4.4.13/httpcore-nio-4.4.13.jar:/home/runner/.m2/repository/org/apache/httpcomponents/httpasyncclient/4.1.3/httpasyncclient-4.1.3.jar:/home/runner/.m2/repository/com/carrotsearch/hppc/0.8.0/hppc-0.8.0.jar:/home/runner/.m2/repository/org/apache/orc/orc-core/1.5.8/orc-core-1.5.8.jar:/home/runner/.m2/repository/net/java/dev/jna/jna/5.2.0/jna-5.2.0.jar:/home/runner/.m2/repository/net/java/dev/jna/jna-platform/5.2.0/jna-platform-5.2.0.jar:/home/runner/.m2/repository/com/kstruct/gethostname4j/0.0.2/gethostname4j-0.0.2.jar:/home/runner/.m2/repository/org/apache/ranger/ranger-plugin-classloader/2.3.0/ranger-plugin-classloader-2.3.0.jar:/home/runner/.m2/repository/org/apache/ozone/hdds-rocks-native/1.4.0-SNAPSHOT/hdds-rocks-native-1.4.0-SNAPSHOT.jar:/home/runner/.m2/repository/org/apache/hadoop/hadoop-minikdc/3.3.6/hadoop-minikdc-3.3.6.jar:/home/runner/.m2/repository/org/apache/kerby/kerb-simplekdc/1.0.1/kerb-simplekdc-1.0.1.jar:/home/runner/.m2/repository/org/apache/kerby/kerb-client/1.0.1/kerb-client-1.0.1.jar:/home/runner/.m2/repository/org/apache/kerby/kerby-config/1.0.1/kerby-config-1.0.1.jar:/home/runner/.m2/repository/org/apache/kerby/kerb-common/1.0.1/kerb-common-1.0.1.jar:/home/runner/.m2/repository/org/apache/kerby/kerb-crypto/1.0.1/kerb-crypto-1.0.1.jar:/home/runner/.m2/repository/org/apache/kerby/kerb-util/1.0.1/kerb-util-1.0.1.jar:/home/runner/.m2/repository/org/apache/kerby/token-provider/1.0.1/token-provider-1.0.1.jar:/home/runner/.m2/repository/org/apache/kerby/kerb-admin/1.0.1/kerb-admin-1.0.1.jar:/home/runner/.m2/repository/org/apache/kerby/kerb-server/1.0.1/kerb-server-1.0.1.jar:/home/runner/.m2/repository/org/apache/kerby/kerb-identity/1.0.1/kerb-identity-1.0.1.jar:/home/runner/.m2/repository/org/apache/kerby/kerby-xdr/1.0.1/kerby-xdr-1.0.1.jar:/home/runner/.m2/repository/org/apache/ozone/ozone-s3gateway/1.4.0-SNAPSHOT/ozone-s3gateway-1.4.0-SNAPSHOT.jar:/home/runner/.m2/repository/org/javassist/javassist/3.21.0-GA/javassist-3.21.0-GA.jar:/home/runner/.m2/repository/org/jboss/weld/servlet/weld-servlet-shaded/3.1.9.Final/weld-servlet-shaded-3.1.9.Final.jar:/home/runner/.m2/repository/org/glassfish/jersey/containers/jersey-container-servlet-core/2.34/jersey-container-servlet-core-2.34.jar:/home/runner/.m2/repository/org/glassfish/hk2/external/jakarta.inject/2.6.1/jakarta.inject-2.6.1.jar:/home/runner/.m2/repository/org/glassfish/jersey/core/jersey-common/2.34/jersey-common-2.34.jar:/home/runner/.m2/repository/jakarta/ws/rs/jakarta.ws.rs-api/2.1.6/jakarta.ws.rs-api-2.1.6.jar:/home/runner/.m2/repository/org/glassfish/jersey/ext/cdi/jersey-cdi1x/2.34/jersey-cdi1x-2.34.jar:/home/runner/.m2/repository/org/glassfish/jersey/inject/jersey-hk2/2.34/jersey-hk2-2.34.jar:/home/runner/.m2/repository/org/glassfish/hk2/hk2-locator/2.6.1/hk2-locator-2.6.1.jar:/home/runner/.m2/repository/org/glassfish/jersey/media/jersey-media-jaxb/2.34/jersey-media-jaxb-2.34.jar:/home/runner/.m2/repository/org/glassfish/hk2/osgi-resource-locator/1.0.3/osgi-resource-locator-1.0.3.jar:/home/runner/.m2/repository/org/glassfish/hk2/hk2-api/2.5.0/hk2-api-2.5.0.jar:/home/runner/.m2/repository/org/glassfish/hk2/hk2-utils/2.5.0/hk2-utils-2.5.0.jar:/home/runner/.m2/repository/org/glassfish/hk2/external/aopalliance-repackaged/2.5.0/aopalliance-repackaged-2.5.0.jar:/home/runner/.m2/repository/com/fasterxml/jackson/dataformat/jackson-dataformat-xml/2.13.4/jackson-dataformat-xml-2.13.4.jar:/home/runner/.m2/repository/org/codehaus/woodstox/stax2-api/4.2.1/stax2-api-4.2.1.jar:/home/runner/.m2/repository/com/fasterxml/woodstox/woodstox-core/5.4.0/woodstox-core-5.4.0.jar:/home/runner/.m2/repository/com/fasterxml/jackson/module/jackson-module-jaxb-annotations/2.13.4/jackson-module-jaxb-annotations-2.13.4.jar:/home/runner/.m2/repository/jakarta/xml/bind/jakarta.xml.bind-api/2.3.3/jakarta.xml.bind-api-2.3.3.jar:/home/runner/.m2/repository/jakarta/activation/jakarta.activation-api/1.2.2/jakarta.activation-api-1.2.2.jar:/home/runner/.m2/repository/javax/enterprise/cdi-api/2.0/cdi-api-2.0.jar:/home/runner/.m2/repository/javax/el/javax.el-api/3.0.0/javax.el-api-3.0.0.jar:/home/runner/.m2/repository/javax/interceptor/javax.interceptor-api/1.2/javax.interceptor-api-1.2.jar:/home/runner/.m2/repository/javax/inject/javax.inject/1/javax.inject-1.jar:/home/runner/.m2/repository/javax/xml/bind/jaxb-api/2.3.0/jaxb-api-2.3.0.jar:/home/runner/.m2/repository/org/glassfish/jaxb/jaxb-runtime/2.3.0.1/jaxb-runtime-2.3.0.1.jar:/home/runner/.m2/repository/org/glassfish/jaxb/jaxb-core/2.3.0.1/jaxb-core-2.3.0.1.jar:/home/runner/.m2/repository/org/glassfish/jaxb/txw2/2.3.0.1/txw2-2.3.0.1.jar:/home/runner/.m2/repository/com/sun/istack/istack-commons-runtime/3.0.5/istack-commons-runtime-3.0.5.jar:/home/runner/.m2/repository/org/jvnet/staxex/stax-ex/1.7.8/stax-ex-1.7.8.jar:/home/runner/.m2/repository/com/sun/xml/fastinfoset/FastInfoset/1.2.13/FastInfoset-1.2.13.jar:/home/runner/.m2/repository/javax/activation/activation/1.1.1/activation-1.1.1.jar:/home/runner/.m2/repository/io/grpc/grpc-protobuf/1.51.1/grpc-protobuf-1.51.1.jar:/home/runner/.m2/repository/com/google/api/grpc/proto-google-common-protos/2.9.0/proto-google-common-protos-2.9.0.jar:/home/runner/.m2/repository/io/grpc/grpc-protobuf-lite/1.51.1/grpc-protobuf-lite-1.51.1.jar:/home/runner/.m2/repository/io/grpc/grpc-stub/1.51.1/grpc-stub-1.51.1.jar:/home/runner/.m2/repository/io/netty/netty-transport/4.1.94.Final/netty-transport-4.1.94.Final.jar:/home/runner/.m2/repository/io/netty/netty-resolver/4.1.94.Final/netty-resolver-4.1.94.Final.jar:/home/runner/.m2/repository/org/apache/ozone/ozone-csi/1.4.0-SNAPSHOT/ozone-csi-1.4.0-SNAPSHOT.jar:/home/runner/.m2/repository/com/google/protobuf/protobuf-java-util/3.19.6/protobuf-java-util-3.19.6.jar:/home/runner/.m2/repository/com/google/code/gson/gson/2.9.0/gson-2.9.0.jar:/home/runner/.m2/repository/org/apache/ozone/hdds-config/1.4.0-SNAPSHOT/hdds-config-1.4.0-SNAPSHOT.jar:/home/runner/.m2/repository/io/netty/netty-transport-native-epoll/4.1.94.Final/netty-transport-native-epoll-4.1.94.Final-linux-x86_64.jar:/home/runner/.m2/repository/io/netty/netty-transport-classes-epoll/4.1.94.Final/netty-transport-classes-epoll-4.1.94.Final.jar:/home/runner/.m2/repository/io/netty/netty-transport-native-unix-common/4.1.94.Final/netty-transport-native-unix-common-4.1.94.Final.jar:/home/runner/.m2/repository/org/apache/ozone/ozone-recon/1.4.0-SNAPSHOT/ozone-recon-1.4.0-SNAPSHOT.jar:/home/runner/.m2/repository/org/apache/ozone/ozone-reconcodegen/1.4.0-SNAPSHOT/ozone-reconcodegen-1.4.0-SNAPSHOT.jar:/home/runner/.m2/repository/com/google/inject/guice/5.1.0/guice-5.1.0.jar:/home/runner/.m2/repository/aopalliance/aopalliance/1.0/aopalliance-1.0.jar:/home/runner/.m2/repository/com/google/inject/extensions/guice-assistedinject/5.1.0/guice-assistedinject-5.1.0.jar:/home/runner/.m2/repository/com/google/inject/extensions/guice-servlet/5.1.0/guice-servlet-5.1.0.jar:/home/runner/.m2/repository/org/glassfish/jersey/containers/jersey-container-servlet/2.34/jersey-container-servlet-2.34.jar:/home/runner/.m2/repository/org/glassfish/hk2/guice-bridge/2.5.0/guice-bridge-2.5.0.jar:/home/runner/.m2/repository/org/glassfish/jersey/core/jersey-server/2.34/jersey-server-2.34.jar:/home/runner/.m2/repository/org/glassfish/jersey/core/jersey-client/2.34/jersey-client-2.34.jar:/home/runner/.m2/repository/jakarta/annotation/jakarta.annotation-api/1.3.5/jakarta.annotation-api-1.3.5.jar:/home/runner/.m2/repository/jakarta/validation/jakarta.validation-api/2.0.2/jakarta.validation-api-2.0.2.jar:/home/runner/.m2/repository/org/glassfish/jersey/media/jersey-media-json-jackson/2.34/jersey-media-json-jackson-2.34.jar:/home/runner/.m2/repository/org/glassfish/jersey/ext/jersey-entity-filtering/2.34/jersey-entity-filtering-2.34.jar:/home/runner/.m2/repository/org/jooq/jooq/3.11.10/jooq-3.11.10.jar:/home/runner/.m2/repository/org/jooq/jooq-meta/3.11.10/jooq-meta-3.11.10.jar:/home/runner/.m2/repository/org/jooq/jooq-codegen/3.11.10/jooq-codegen-3.11.10.jar:/home/runner/.m2/repository/com/jolbox/bonecp/0.8.0.RELEASE/bonecp-0.8.0.RELEASE.jar:/home/runner/.m2/repository/org/apache/derby/derby/10.14.2.0/derby-10.14.2.0.jar:/home/runner/.m2/repository/org/xerial/sqlite-jdbc/3.41.2.2/sqlite-jdbc-3.41.2.2.jar:/home/runner/.m2/repository/org/springframework/spring-jdbc/5.3.27/spring-jdbc-5.3.27.jar:/home/runner/.m2/repository/org/springframework/spring-beans/5.3.27/spring-beans-5.3.27.jar:/home/runner/.m2/repository/org/springframework/spring-core/5.3.27/spring-core-5.3.27.jar:/home/runner/.m2/repository/org/springframework/spring-tx/5.3.27/spring-tx-5.3.27.jar:/home/runner/.m2/repository/org/apache/ozone/ozone-client/1.4.0-SNAPSHOT/ozone-client-1.4.0-SNAPSHOT.jar:/home/runner/.m2/repository/org/apache/ozone/hdds-erasurecode/1.4.0-SNAPSHOT/hdds-erasurecode-1.4.0-SNAPSHOT.jar:/home/runner/.m2/repository/org/apache/ozone/ozone-filesystem/1.4.0-SNAPSHOT/ozone-filesystem-1.4.0-SNAPSHOT.jar:/home/runner/.m2/repository/org/apache/ozone/ozone-filesystem-common/1.4.0-SNAPSHOT/ozone-filesystem-common-1.4.0-SNAPSHOT.jar:/home/runner/.m2/repository/org/apache/ozone/ozone-tools/1.4.0-SNAPSHOT/ozone-tools-1.4.0-SNAPSHOT.jar:/home/runner/.m2/repository/com/amazonaws/aws-java-sdk-core/1.12.261/aws-java-sdk-core-1.12.261.jar:/home/runner/.m2/repository/org/apache/httpcomponents/httpclient/4.5.13/httpclient-4.5.13.jar:/home/runner/.m2/repository/org/apache/httpcomponents/httpcore/4.4.13/httpcore-4.4.13.jar:/home/runner/.m2/repository/software/amazon/ion/ion-java/1.0.2/ion-java-1.0.2.jar:/home/runner/.m2/repository/com/fasterxml/jackson/dataformat/jackson-dataformat-cbor/2.13.4/jackson-dataformat-cbor-2.13.4.jar:/home/runner/.m2/repository/joda-time/joda-time/2.10.6/joda-time-2.10.6.jar:/home/runner/.m2/repository/com/amazonaws/aws-java-sdk-s3/1.12.261/aws-java-sdk-s3-1.12.261.jar:/home/runner/.m2/repository/com/amazonaws/aws-java-sdk-kms/1.12.261/aws-java-sdk-kms-1.12.261.jar:/home/runner/.m2/repository/com/amazonaws/jmespath-java/1.12.261/jmespath-java-1.12.261.jar:/home/runner/.m2/repository/org/kohsuke/metainf-services/metainf-services/1.8/metainf-services-1.8.jar:/home/runner/.m2/repository/org/apache/ozone/hdds-tools/1.4.0-SNAPSHOT/hdds-tools-1.4.0-SNAPSHOT.jar:/home/runner/.m2/repository/org/apache/ratis/ratis-tools/2.5.1/ratis-tools-2.5.1.jar:/home/runner/.m2/repository/commons-cli/commons-cli/1.2/commons-cli-1.2.jar:/home/runner/.m2/repository/org/apache/commons/commons-lang3/3.7/commons-lang3-3.7.jar:/home/runner/.m2/repository/org/apache/ozone/ozone-manager/1.4.0-SNAPSHOT/ozone-manager-1.4.0-SNAPSHOT-tests.jar:/home/runner/.m2/repository/org/apache/ozone/hdds-common/1.4.0-SNAPSHOT/hdds-common-1.4.0-SNAPSHOT-tests.jar:/home/runner/.m2/repository/org/apache/ozone/hdds-hadoop-dependency-client/1.4.0-SNAPSHOT/hdds-hadoop-dependency-client-1.4.0-SNAPSHOT.jar:/home/runner/.m2/repository/info/picocli/picocli/4.6.1/picocli-4.6.1.jar:/home/runner/.m2/repository/com/fasterxml/jackson/core/jackson-annotations/2.13.4/jackson-annotations-2.13.4.jar:/home/runner/.m2/repository/org/apache/ozone/hdds-annotation-processing/1.4.0-SNAPSHOT/hdds-annotation-processing-1.4.0-SNAPSHOT.jar:/home/runner/.m2/repository/javax/annotation/javax.annotation-api/1.2/javax.annotation-api-1.2.jar:/home/runner/.m2/repository/org/apache/ratis/ratis-netty/2.5.1/ratis-netty-2.5.1.jar:/home/runner/.m2/repository/org/apache/ratis/ratis-grpc/2.5.1/ratis-grpc-2.5.1.jar:/home/runner/.m2/repository/org/apache/commons/commons-pool2/2.6.0/commons-pool2-2.6.0.jar:/home/runner/.m2/repository/org/bouncycastle/bcpkix-jdk15on/1.67/bcpkix-jdk15on-1.67.jar:/home/runner/.m2/repository/commons-validator/commons-validator/1.6/commons-validator-1.6.jar:/home/runner/.m2/repository/commons-beanutils/commons-beanutils/1.9.4/commons-beanutils-1.9.4.jar:/home/runner/.m2/repository/commons-digester/commons-digester/1.8.1/commons-digester-1.8.1.jar:/home/runner/.m2/repository/commons-collections/commons-collections/3.2.2/commons-collections-3.2.2.jar:/home/runner/.m2/repository/io/jaegertracing/jaeger-client/1.6.0/jaeger-client-1.6.0.jar:/home/runner/.m2/repository/io/jaegertracing/jaeger-thrift/1.6.0/jaeger-thrift-1.6.0.jar:/home/runner/.m2/repository/org/apache/thrift/libthrift/0.14.1/libthrift-0.14.1.jar:/home/runner/.m2/repository/io/jaegertracing/jaeger-core/1.6.0/jaeger-core-1.6.0.jar:/home/runner/.m2/repository/io/jaegertracing/jaeger-tracerresolver/1.6.0/jaeger-tracerresolver-1.6.0.jar:/home/runner/.m2/repository/io/opentracing/contrib/opentracing-tracerresolver/0.1.8/opentracing-tracerresolver-0.1.8.jar:/home/runner/.m2/repository/org/jetbrains/kotlin/kotlin-stdlib/1.6.21/kotlin-stdlib-1.6.21.jar:/home/runner/.m2/repository/org/jetbrains/annotations/13.0/annotations-13.0.jar:/home/runner/.m2/repository/io/opentracing/opentracing-util/0.33.0/opentracing-util-0.33.0.jar:/home/runner/.m2/repository/io/opentracing/opentracing-api/0.33.0/opentracing-api-0.33.0.jar:/home/runner/.m2/repository/io/opentracing/opentracing-noop/0.33.0/opentracing-noop-0.33.0.jar:/home/runner/.m2/repository/org/yaml/snakeyaml/2.0/snakeyaml-2.0.jar:/home/runner/.m2/repository/io/grpc/grpc-api/1.51.1/grpc-api-1.51.1.jar:/home/runner/.m2/repository/io/grpc/grpc-context/1.51.1/grpc-context-1.51.1.jar:/home/runner/.m2/repository/junit/junit/4.13.1/junit-4.13.1.jar:/home/runner/.m2/repository/org/hamcrest/hamcrest-core/1.3/hamcrest-core-1.3.jar:/home/runner/.m2/repository/org/junit/jupiter/junit-jupiter-api/5.8.2/junit-jupiter-api-5.8.2.jar:/home/runner/.m2/repository/org/opentest4j/opentest4j/1.2.0/opentest4j-1.2.0.jar:/home/runner/.m2/repository/org/junit/platform/junit-platform-commons/1.8.2/junit-platform-commons-1.8.2.jar:/home/runner/.m2/repository/org/apiguardian/apiguardian-api/1.1.2/apiguardian-api-1.1.2.jar:/home/runner/.m2/repository/org/junit/jupiter/junit-jupiter-params/5.8.2/junit-jupiter-params-5.8.2.jar:/home/runner/.m2/repository/org/junit/jupiter/junit-jupiter-migrationsupport/5.8.2/junit-jupiter-migrationsupport-5.8.2.jar:/home/runner/.m2/repository/org/junit/jupiter/junit-jupiter-engine/5.8.2/junit-jupiter-engine-5.8.2.jar:/home/runner/.m2/repository/org/junit/platform/junit-platform-engine/1.8.2/junit-platform-engine-1.8.2.jar:/home/runner/.m2/repository/org/junit/vintage/junit-vintage-engine/5.8.2/junit-vintage-engine-5.8.2.jar:/home/runner/.m2/repository/org/junit/platform/junit-platform-launcher/1.8.2/junit-platform-launcher-1.8.2.jar:/home/runner/.m2/repository/org/mockito/mockito-core/3.5.9/mockito-core-3.5.9.jar:/home/runner/.m2/repository/net/bytebuddy/byte-buddy/1.10.13/byte-buddy-1.10.13.jar:/home/runner/.m2/repository/net/bytebuddy/byte-buddy-agent/1.10.13/byte-buddy-agent-1.10.13.jar:/home/runner/.m2/repository/org/objenesis/objenesis/1.0/objenesis-1.0.jar:/home/runner/.m2/repository/org/apache/hadoop/hadoop-kms/3.3.6/hadoop-kms-3.3.6.jar:/home/runner/.m2/repository/org/apache/hadoop/hadoop-auth/3.3.6/hadoop-auth-3.3.6.jar:/home/runner/.m2/repository/com/nimbusds/nimbus-jose-jwt/9.8.1/nimbus-jose-jwt-9.8.1.jar:/home/runner/.m2/repository/com/github/stephenc/jcip/jcip-annotations/1.0-1/jcip-annotations-1.0-1.jar:/home/runner/.m2/repository/org/apache/zookeeper/zookeeper/3.5.6/zookeeper-3.5.6.jar:/home/runner/.m2/repository/org/apache/zookeeper/zookeeper-jute/3.5.6/zookeeper-jute-3.5.6.jar:/home/runner/.m2/repository/org/apache/yetus/audience-annotations/0.5.0/audience-annotations-0.5.0.jar:/home/runner/.m2/repository/org/apache/curator/curator-framework/4.2.0/curator-framework-4.2.0.jar:/home/runner/.m2/repository/org/apache/hadoop/thirdparty/hadoop-shaded-guava/1.1.1/hadoop-shaded-guava-1.1.1.jar:/home/runner/.m2/repository/com/sun/jersey/jersey-core/1.19/jersey-core-1.19.jar:/home/runner/.m2/repository/javax/ws/rs/jsr311-api/1.1.1/jsr311-api-1.1.1.jar:/home/runner/.m2/repository/com/sun/jersey/jersey-server/1.19/jersey-server-1.19.jar:/home/runner/.m2/repository/javax/servlet/javax.servlet-api/3.1.0/javax.servlet-api-3.1.0.jar:/home/runner/.m2/repository/org/apache/hadoop/hadoop-common/3.3.6/hadoop-common-3.3.6.jar:/home/runner/.m2/repository/org/apache/commons/commons-math3/3.1.1/commons-math3-3.1.1.jar:/home/runner/.m2/repository/commons-net/commons-net/3.9.0/commons-net-3.9.0.jar:/home/runner/.m2/repository/com/sun/jersey/jersey-servlet/1.19/jersey-servlet-1.19.jar:/home/runner/.m2/repository/com/github/pjfanning/jersey-json/1.20/jersey-json-1.20.jar:/home/runner/.m2/repository/org/codehaus/jettison/jettison/1.1/jettison-1.1.jar:/home/runner/.m2/repository/com/sun/xml/bind/jaxb-impl/2.2.3-1/jaxb-impl-2.2.3-1.jar:/home/runner/.m2/repository/com/google/re2j/re2j/1.1/re2j-1.1.jar:/home/runner/.m2/repository/com/jcraft/jsch/0.1.54/jsch-0.1.54.jar:/home/runner/.m2/repository/org/apache/curator/curator-client/4.2.0/curator-client-4.2.0.jar:/home/runner/.m2/repository/org/apache/curator/curator-recipes/5.2.0/curator-recipes-5.2.0.jar:/home/runner/.m2/repository/org/apache/kerby/kerb-core/1.0.1/kerb-core-1.0.1.jar:/home/runner/.m2/repository/org/apache/kerby/kerby-pkix/1.0.1/kerby-pkix-1.0.1.jar:/home/runner/.m2/repository/org/apache/kerby/kerby-asn1/1.0.1/kerby-asn1-1.0.1.jar:/home/runner/.m2/repository/org/apache/kerby/kerby-util/1.0.1/kerby-util-1.0.1.jar:/home/runner/.m2/repository/dnsjava/dnsjava/2.1.7/dnsjava-2.1.7.jar:/home/runner/.m2/repository/org/xerial/snappy/snappy-java/1.1.8.2/snappy-java-1.1.8.2.jar:/home/runner/.m2/repository/com/fasterxml/jackson/core/jackson-databind/2.13.4.2/jackson-databind-2.13.4.2.jar:/home/runner/.m2/repository/org/apache/hadoop/hadoop-kms/3.3.6/hadoop-kms-3.3.6-tests.jar:/home/runner/.m2/repository/org/apache/ozone/hdds-server-scm/1.4.0-SNAPSHOT/hdds-server-scm-1.4.0-SNAPSHOT-tests.jar:/home/runner/.m2/repository/org/apache/ozone/hdds-container-service/1.4.0-SNAPSHOT/hdds-container-service-1.4.0-SNAPSHOT-tests.jar:/home/runner/.m2/repository/com/github/luben/zstd-jni/1.5.2-5/zstd-jni-1.5.2-5.jar:/home/runner/.m2/repository/commons-codec/commons-codec/1.15/commons-codec-1.15.jar:/home/runner/.m2/repository/io/netty/netty-codec/4.1.94.Final/netty-codec-4.1.94.Final.jar:/home/runner/.m2/repository/io/netty/netty-handler/4.1.94.Final/netty-handler-4.1.94.Final.jar:/home/runner/.m2/repository/org/apache/ozone/hdds-hadoop-dependency-test/1.4.0-SNAPSHOT/hdds-hadoop-dependency-test-1.4.0-SNAPSHOT.jar:/home/runner/.m2/repository/org/apache/hadoop/hadoop-common/3.3.6/hadoop-common-3.3.6-tests.jar:/home/runner/.m2/repository/org/apache/hadoop/hadoop-hdfs/3.3.6/hadoop-hdfs-3.3.6-tests.jar:/home/runner/.m2/repository/org/assertj/assertj-core/3.12.2/assertj-core-3.12.2.jar:/home/runner/.m2/repository/org/apache/hadoop/hadoop-distcp/3.3.6/hadoop-distcp-3.3.6.jar:/home/runner/.m2/repository/org/apache/hadoop/hadoop-mapreduce-client-jobclient/3.3.6/hadoop-mapreduce-client-jobclient-3.3.6.jar:/home/runner/.m2/repository/org/apache/hadoop/hadoop-mapreduce-client-common/3.3.6/hadoop-mapreduce-client-common-3.3.6.jar:/home/runner/.m2/repository/org/apache/hadoop/hadoop-yarn-common/3.3.6/hadoop-yarn-common-3.3.6.jar:/home/runner/.m2/repository/org/apache/hadoop/hadoop-yarn-api/3.3.6/hadoop-yarn-api-3.3.6.jar:/home/runner/.m2/repository/com/sun/jersey/contribs/jersey-guice/1.19/jersey-guice-1.19.jar:/home/runner/.m2/repository/com/fasterxml/jackson/jaxrs/jackson-jaxrs-json-provider/2.13.4/jackson-jaxrs-json-provider-2.13.4.jar:/home/runner/.m2/repository/com/fasterxml/jackson/jaxrs/jackson-jaxrs-base/2.13.4/jackson-jaxrs-base-2.13.4.jar:/home/runner/.m2/repository/org/apache/hadoop/hadoop-yarn-client/3.3.6/hadoop-yarn-client-3.3.6.jar:/home/runner/.m2/repository/org/eclipse/jetty/websocket/websocket-client/9.4.51.v20230217/websocket-client-9.4.51.v20230217.jar:/home/runner/.m2/repository/org/eclipse/jetty/websocket/websocket-common/9.4.51.v20230217/websocket-common-9.4.51.v20230217.jar:/home/runner/.m2/repository/org/eclipse/jetty/websocket/websocket-api/9.4.51.v20230217/websocket-api-9.4.51.v20230217.jar:/home/runner/.m2/repository/org/jline/jline/3.9.0/jline-3.9.0.jar:/home/runner/.m2/repository/org/apache/hadoop/hadoop-mapreduce-client-core/3.3.6/hadoop-mapreduce-client-core-3.3.6.jar:/home/runner/.m2/repository/org/apache/avro/avro/1.7.7/avro-1.7.7.jar:/home/runner/.m2/repository/com/thoughtworks/paranamer/paranamer/2.3/paranamer-2.3.jar:/home/runner/.m2/repository/org/apache/hadoop/hadoop-annotations/3.3.6/hadoop-annotations-3.3.6.jar:/usr/lib/jvm/temurin-8-jdk-amd64/jre/../lib/tools.jar:/home/runner/.m2/repository/io/netty/netty/3.10.6.Final/netty-3.10.6.Final.jar:/home/runner/.m2/repository/org/apache/hadoop/hadoop-distcp/3.3.6/hadoop-distcp-3.3.6-tests.jar:/home/runner/.m2/repository/org/slf4j/jul-to-slf4j/1.7.36/jul-to-slf4j-1.7.36.jar:"/>
    <property name="sun.cpu.endian" value="little"/>
    <property name="user.home" value="/home/runner"/>
    <property name="user.language" value="en"/>
    <property name="java.specification.vendor" value="Oracle Corporation"/>
    <property name="java.home" value="/usr/lib/jvm/temurin-8-jdk-amd64/jre"/>
    <property name="java.security.krb5.conf" value="/home/runner/work/ozone/ozone/hadoop-ozone/integration-test/target/test-classes/krb5.conf"/>
    <property name="basedir" value="/home/runner/work/ozone/ozone/hadoop-ozone/integration-test"/>
    <property name="file.separator" value="/"/>
    <property name="line.separator" value="&#10;"/>
    <property name="java.vm.specification.vendor" value="Oracle Corporation"/>
    <property name="java.specification.name" value="Java Platform API Specification"/>
    <property name="java.awt.graphicsenv" value="sun.awt.X11GraphicsEnvironment"/>
    <property name="skip.installnpx" value="true"/>
    <property name="surefire.real.class.path" value="/home/runner/work/ozone/ozone/hadoop-ozone/integration-test/target/surefire/surefirebooter8582097915575398364.jar:/home/runner/.m2/repository/org/jacoco/org.jacoco.agent/0.8.5/org.jacoco.agent-0.8.5-runtime.jar"/>
    <property name="hadoop.log.dir" value="/home/runner/work/ozone/ozone/hadoop-ozone/integration-test/target/log"/>
    <property name="sun.boot.class.path" value="/usr/lib/jvm/temurin-8-jdk-amd64/jre/lib/resources.jar:/usr/lib/jvm/temurin-8-jdk-amd64/jre/lib/rt.jar:/usr/lib/jvm/temurin-8-jdk-amd64/jre/lib/sunrsasign.jar:/usr/lib/jvm/temurin-8-jdk-amd64/jre/lib/jsse.jar:/usr/lib/jvm/temurin-8-jdk-amd64/jre/lib/jce.jar:/usr/lib/jvm/temurin-8-jdk-amd64/jre/lib/charsets.jar:/usr/lib/jvm/temurin-8-jdk-amd64/jre/lib/jfr.jar:/usr/lib/jvm/temurin-8-jdk-amd64/jre/classes"/>
    <property name="sun.management.compiler" value="HotSpot 64-Bit Tiered Compilers"/>
    <property name="skip.npx" value="true"/>
    <property name="java.runtime.version" value="1.8.0_382-b05"/>
    <property name="java.net.preferIPv4Stack" value="true"/>
    <property name="user.name" value="runner"/>
    <property name="path.separator" value=":"/>
    <property name="java.security.egd" value="file:///dev/urandom"/>
    <property name="os.version" value="5.15.0-1045-azure"/>
    <property name="java.endorsed.dirs" value="/usr/lib/jvm/temurin-8-jdk-amd64/jre/lib/endorsed"/>
    <property name="java.runtime.name" value="OpenJDK Runtime Environment"/>
    <property name="file.encoding" value="UTF-8"/>
    <property name="java.vm.name" value="OpenJDK 64-Bit Server VM"/>
    <property name="test.build.webapps" value=""/>
    <property name="localRepository" value="/home/runner/.m2/repository"/>
    <property name="jetty.git.hash" value="b45c405e4544384de066f814ed42ae3dceacdd49"/>
    <property name="java.vendor.url.bug" value="https://github.com/adoptium/adoptium-support/issues"/>
    <property name="java.io.tmpdir" value="/tmp"/>
    <property name="require.test.libhadoop" value=""/>
    <property name="java.version" value="1.8.0_382"/>
    <property name="user.dir" value="/home/runner/work/ozone/ozone/hadoop-ozone/integration-test"/>
    <property name="os.arch" value="amd64"/>
    <property name="java.vm.specification.name" value="Java Virtual Machine Specification"/>
    <property name="test.build.classes" value="/home/runner/work/ozone/ozone/hadoop-ozone/integration-test/target/test-classes"/>
    <property name="java.awt.printerjob" value="sun.print.PSPrinterJob"/>
    <property name="sun.os.patch.level" value="unknown"/>
    <property name="org.apache.ratis.thirdparty.io.netty.allocator.useCacheForAllThreads" value="false"/>
    <property name="hadoop.tmp.dir" value="/home/runner/work/ozone/ozone/hadoop-ozone/integration-test/target/tmp"/>
    <property name="java.library.path" value="/usr/java/packages/lib/amd64:/usr/lib64:/lib64:/lib:/usr/lib"/>
    <property name="java.vm.info" value="mixed mode"/>
    <property name="java.vendor" value="Temurin"/>
    <property name="java.vm.version" value="25.382-b05"/>
    <property name="java.specification.maintenance.version" value="5"/>
    <property name="java.ext.dirs" value="/usr/lib/jvm/temurin-8-jdk-amd64/jre/lib/ext:/usr/java/packages/lib/ext"/>
    <property name="sun.io.unicode.encoding" value="UnicodeLittle"/>
    <property name="java.class.version" value="52.0"/>
  </properties>
  <testcase name="testGetTrashRoot" classname="TestOzoneFileSystem" time="25.913">
    <system-out><![CDATA[2023-09-07 08:51:51,728 [main] WARN  server.ServerUtils (ServerUtils.java:getScmDbDir(155)) - ozone.scm.db.dirs is not configured. We recommend adding this setting. Falling back to ozone.metadata.dirs instead.
2023-09-07 08:51:52,032 [main] INFO  reflections.Reflections (Reflections.java:scan(232)) - Reflections took 231 ms to scan 7 urls, producing 161 keys and 379 values 
2023-09-07 08:51:52,243 [main] WARN  server.ServerUtils (ServerUtils.java:getScmDbDir(155)) - ozone.scm.db.dirs is not configured. We recommend adding this setting. Falling back to ozone.metadata.dirs instead.
2023-09-07 08:51:52,247 [main] INFO  ha.SCMHANodeDetails (SCMHANodeDetails.java:loadSCMHAConfig(210)) - ServiceID for StorageContainerManager is null
2023-09-07 08:51:52,256 [main] WARN  ha.SCMHANodeDetails (SCMHANodeDetails.java:validateSCMHAConfig(183)) - Invalid config ozone.scm.ratis.enable. The config was not specified, but the default value true conflicts with the expected config value false. Falling back to the expected value. Current State of SCM: SCM is running in Non-HA without Ratis Ratis SCM -> Non Ratis SCM or Non HA SCM -> HA SCM is not supported
2023-09-07 08:51:52,257 [main] INFO  ha.SCMHANodeDetails (SCMHANodeDetails.java:loadSCMHAConfig(215)) - ozone.scm.default.service.id is not defined, falling back to ozone.scm.service.ids to find serviceID for StorageContainerManager if it is HA enabled cluster
2023-09-07 08:51:53,265 [main] WARN  utils.HAUtils (HAUtils.java:getMetaDir(339)) - ozone.scm.db.dirs is not configured. We recommend adding this setting. Falling back to ozone.metadata.dirs instead.
2023-09-07 08:51:53,448 [main] WARN  db.DBStoreBuilder (DBStoreBuilder.java:applyDBDefinition(166)) - ozone.scm.db.dirs is not configured. We recommend adding this setting. Falling back to ozone.metadata.dirs instead.
2023-09-07 08:51:53,742 [main] INFO  net.NodeSchemaLoader (NodeSchemaLoader.java:loadSchemaFromFile(129)) - Loading schema from [jar:file:/home/runner/.m2/repository/org/apache/ozone/hdds-common/1.4.0-SNAPSHOT/hdds-common-1.4.0-SNAPSHOT.jar!/network-topology-default.xml]
2023-09-07 08:51:53,744 [main] INFO  net.NodeSchemaLoader (NodeSchemaLoader.java:loadSchema(176)) - Loading network topology layer schema file
2023-09-07 08:51:53,823 [main] INFO  metrics.MetricRegistries (MetricRegistriesLoader.java:load(64)) - Loaded MetricRegistries class org.apache.ratis.metrics.impl.MetricRegistriesImpl
2023-09-07 08:51:53,842 [main] INFO  upgrade.AbstractLayoutVersionManager (AbstractLayoutVersionManager.java:init(83)) - Initializing Layout version manager with metadata layout = HADOOP_PRC_PORTS_IN_DATANODEDETAILS (version = 7), software layout = HADOOP_PRC_PORTS_IN_DATANODEDETAILS (version = 7)
2023-09-07 08:51:54,102 [main] INFO  ha.SequenceIdGenerator (SequenceIdGenerator.java:upgradeToSequenceId(365)) - upgrade localId to 111677748019200000
2023-09-07 08:51:54,103 [main] INFO  ha.SequenceIdGenerator (SequenceIdGenerator.java:upgradeToSequenceId(375)) - upgrade delTxnId to 0
2023-09-07 08:51:54,115 [main] INFO  ha.SequenceIdGenerator (SequenceIdGenerator.java:upgradeToSequenceId(392)) - upgrade containerId to 0
2023-09-07 08:51:54,119 [main] INFO  ha.SequenceIdGenerator (SequenceIdGenerator.java:upgradeToSequenceId(428)) - upgrade rootCertificateId to 1
2023-09-07 08:51:54,121 [main] INFO  ha.SequenceIdGenerator (SequenceIdGenerator.java:<init>(236)) - Init the HA SequenceIdGenerator.
2023-09-07 08:51:54,184 [main] WARN  server.ServerUtils (ServerUtils.java:sanitizeUserArgs(80)) - ozone.scm.stale.node.interval value = 300000 is larger than max = 100000 based on the key value of ozone.scm.heartbeat.thread.interval, reset to the max value 100000.
2023-09-07 08:51:54,185 [main] WARN  server.ServerUtils (ServerUtils.java:sanitizeUserArgs(80)) - ozone.scm.stale.node.interval value = 300000 is larger than max = 100000 based on the key value of ozone.scm.heartbeat.thread.interval, reset to the max value 100000.
2023-09-07 08:51:54,192 [main] INFO  node.SCMNodeManager (SCMNodeManager.java:<init>(157)) - Entering startup safe mode.
2023-09-07 08:51:54,218 [main] INFO  algorithms.ContainerPlacementPolicyFactory (ContainerPlacementPolicyFactory.java:getPolicyInternal(86)) - Create container placement policy of type org.apache.hadoop.hdds.scm.container.placement.algorithms.SCMContainerPlacementRackAware
2023-09-07 08:51:54,223 [main] INFO  algorithms.ContainerPlacementPolicyFactory (ContainerPlacementPolicyFactory.java:getPolicyInternal(86)) - Create container placement policy of type org.apache.hadoop.hdds.scm.container.placement.algorithms.SCMContainerPlacementRackScatter
2023-09-07 08:51:54,234 [main] INFO  pipeline.PipelineStateManagerImpl (PipelineStateManagerImpl.java:initialize(78)) - No pipeline exists in current db
2023-09-07 08:51:54,255 [main] INFO  algorithms.LeaderChoosePolicyFactory (LeaderChoosePolicyFactory.java:getPolicy(57)) - Create leader choose policy of type org.apache.hadoop.hdds.scm.pipeline.leader.choose.algorithms.MinLeaderCountChoosePolicy
2023-09-07 08:51:54,255 [main] INFO  algorithms.ContainerPlacementPolicyFactory (ContainerPlacementPolicyFactory.java:getPolicyInternal(86)) - Create container placement policy of type org.apache.hadoop.hdds.scm.container.placement.algorithms.SCMContainerPlacementRackScatter
2023-09-07 08:51:54,262 [main] INFO  ha.SCMServiceManager (SCMServiceManager.java:register(42)) - Registering service BackgroundPipelineCreator.
2023-09-07 08:51:54,263 [main] INFO  pipeline.BackgroundPipelineCreator (BackgroundPipelineCreator.java:start(124)) - Starting RatisPipelineUtilsThread.
2023-09-07 08:51:54,268 [main] INFO  BackgroundPipelineScrubber (BackgroundSCMService.java:start(68)) - Starting BackgroundPipelineScrubber Service.
2023-09-07 08:51:54,273 [main] INFO  ha.SCMServiceManager (SCMServiceManager.java:register(42)) - Registering service BackgroundPipelineScrubber.
2023-09-07 08:51:54,281 [main] INFO  ExpiredContainerReplicaOpScrubber (BackgroundSCMService.java:start(68)) - Starting ExpiredContainerReplicaOpScrubber Service.
2023-09-07 08:51:54,281 [main] INFO  ha.SCMServiceManager (SCMServiceManager.java:register(42)) - Registering service ExpiredContainerReplicaOpScrubber.
2023-09-07 08:51:54,312 [main] INFO  algorithms.PipelineChoosePolicyFactory (PipelineChoosePolicyFactory.java:createPipelineChoosePolicyFromClass(78)) - Create pipeline choose policy of type org.apache.hadoop.hdds.scm.pipeline.choose.algorithms.RandomPipelineChoosePolicy
2023-09-07 08:51:54,312 [main] INFO  algorithms.PipelineChoosePolicyFactory (PipelineChoosePolicyFactory.java:createPipelineChoosePolicyFromClass(78)) - Create pipeline choose policy of type org.apache.hadoop.hdds.scm.pipeline.choose.algorithms.RandomPipelineChoosePolicy
2023-09-07 08:51:54,339 [main] INFO  ha.SCMServiceManager (SCMServiceManager.java:register(42)) - Registering service SCMBlockDeletingService.
2023-09-07 08:51:54,425 [main] INFO  replication.ReplicationManager (ReplicationManager.java:start(291)) - Starting Replication Monitor Thread.
2023-09-07 08:51:54,433 [main] INFO  ha.SCMServiceManager (SCMServiceManager.java:register(42)) - Registering service ReplicationManager.
2023-09-07 08:51:54,441 [ReplicationMonitor] INFO  replication.ReplicationManager (ReplicationManager.java:processAll(365)) - Replication Manager is not ready to run until 3000ms after safemode exit
2023-09-07 08:51:54,449 [main] INFO  safemode.ContainerSafeModeRule (ContainerSafeModeRule.java:<init>(90)) - containers with one replica threshold count 0
2023-09-07 08:51:54,453 [main] INFO  safemode.HealthyPipelineSafeModeRule (HealthyPipelineSafeModeRule.java:initializeRule(169)) - Total pipeline count is 0, healthy pipeline threshold count is 1
2023-09-07 08:51:54,455 [main] INFO  safemode.OneReplicaPipelineSafeModeRule (OneReplicaPipelineSafeModeRule.java:initializeRule(180)) - Total pipeline count is 0, pipeline's with at least one datanode reported threshold count is 0
2023-09-07 08:51:54,514 [main] INFO  server.StorageContainerManager (StorageContainerManager.java:<init>(425)) - SCM start with adminUsers: [runner]
2023-09-07 08:51:54,971 [main] INFO  audit.AuditLogger (AuditLogger.java:refreshDebugCmdSet(126)) - Refresh DebugCmdSet for SCMAudit to [].
2023-09-07 08:51:55,017 [main] INFO  ipc.CallQueueManager (CallQueueManager.java:<init>(90)) - Using callQueue: class java.util.concurrent.LinkedBlockingQueue, queueCapacity: 2000, scheduler: class org.apache.hadoop.ipc.DefaultRpcScheduler, ipcBackoff: false.
2023-09-07 08:51:55,069 [main] INFO  ipc.Server (Server.java:<init>(1287)) - Listener at 0.0.0.0:15002
2023-09-07 08:51:55,075 [Socket Reader #1 for port 15002] INFO  ipc.Server (Server.java:run(1323)) - Starting Socket Reader #1 for port 15002
2023-09-07 08:51:55,161 [main] INFO  audit.AuditLogger (AuditLogger.java:refreshDebugCmdSet(126)) - Refresh DebugCmdSet for SCMAudit to [].
2023-09-07 08:51:55,170 [main] INFO  ipc.CallQueueManager (CallQueueManager.java:<init>(90)) - Using callQueue: class java.util.concurrent.LinkedBlockingQueue, queueCapacity: 2000, scheduler: class org.apache.hadoop.ipc.DefaultRpcScheduler, ipcBackoff: false.
2023-09-07 08:51:55,172 [main] INFO  ipc.Server (Server.java:<init>(1287)) - Listener at 0.0.0.0:15001
2023-09-07 08:51:55,173 [Socket Reader #1 for port 15001] INFO  ipc.Server (Server.java:run(1323)) - Starting Socket Reader #1 for port 15001
2023-09-07 08:51:55,230 [main] INFO  audit.AuditLogger (AuditLogger.java:refreshDebugCmdSet(126)) - Refresh DebugCmdSet for SCMAudit to [].
2023-09-07 08:51:55,246 [main] INFO  ipc.CallQueueManager (CallQueueManager.java:<init>(90)) - Using callQueue: class java.util.concurrent.LinkedBlockingQueue, queueCapacity: 2000, scheduler: class org.apache.hadoop.ipc.DefaultRpcScheduler, ipcBackoff: false.
2023-09-07 08:51:55,246 [main] INFO  ipc.Server (Server.java:<init>(1287)) - Listener at 0.0.0.0:15000
2023-09-07 08:51:55,247 [Socket Reader #1 for port 15000] INFO  ipc.Server (Server.java:run(1323)) - Starting Socket Reader #1 for port 15000
2023-09-07 08:51:55,323 [main] INFO  ha.SCMServiceManager (SCMServiceManager.java:register(42)) - Registering service ContainerBalancer.
2023-09-07 08:51:55,329 [main] INFO  server.StorageContainerManager (StorageContainerManager.java:<init>(438)) - 
Container Balancer status:
Key                            Value
Running                        false
Container Balancer Configuration values:
Key                                                Value
Threshold                                          10
Max Datanodes to Involve per Iteration(percent)    20
Max Size to Move per Iteration                     500GB
Max Size Entering Target per Iteration             26GB
Max Size Leaving Source per Iteration              26GB

2023-09-07 08:51:55,329 [main] INFO  ha.SCMContext (SCMContext.java:updateSafeModeStatus(228)) - Update SafeModeStatus from SafeModeStatus{safeModeStatus=true, preCheckPassed=false} to SafeModeStatus{safeModeStatus=true, preCheckPassed=false}.
2023-09-07 08:51:55,335 [main] INFO  server.StorageContainerManager (StorageContainerManager.java:start(1483)) - StorageContainerLocationProtocol RPC server is listening at /0.0.0.0:15000
2023-09-07 08:51:55,443 [main] WARN  impl.MetricsConfig (MetricsConfig.java:loadFirst(136)) - Cannot locate configuration: tried hadoop-metrics2-storagecontainermanager.properties,hadoop-metrics2.properties
2023-09-07 08:51:55,462 [main] INFO  impl.MetricsSystemImpl (MetricsSystemImpl.java:startTimer(378)) - Scheduled Metric snapshot period at 10 second(s).
2023-09-07 08:51:55,463 [main] INFO  impl.MetricsSystemImpl (MetricsSystemImpl.java:start(191)) - StorageContainerManager metrics system started
2023-09-07 08:51:55,812 [main] INFO  server.SCMClientProtocolServer (SCMClientProtocolServer.java:start(201)) - RPC server for Client  is listening at /0.0.0.0:15000
2023-09-07 08:51:55,814 [IPC Server Responder] INFO  ipc.Server (Server.java:run(1562)) - IPC Server Responder: starting
2023-09-07 08:51:55,816 [IPC Server listener on 15000] INFO  ipc.Server (Server.java:run(1402)) - IPC Server listener on 15000: starting
2023-09-07 08:51:55,858 [main] INFO  server.StorageContainerManager (StorageContainerManager.java:start(1496)) - ScmBlockLocationProtocol RPC server is listening at /0.0.0.0:15001
2023-09-07 08:51:55,859 [main] INFO  server.SCMBlockProtocolServer (SCMBlockProtocolServer.java:start(152)) - RPC server for Block Protocol is listening at /0.0.0.0:15001
2023-09-07 08:51:55,860 [IPC Server Responder] INFO  ipc.Server (Server.java:run(1562)) - IPC Server Responder: starting
2023-09-07 08:51:55,860 [IPC Server listener on 15001] INFO  ipc.Server (Server.java:run(1402)) - IPC Server listener on 15001: starting
2023-09-07 08:51:55,906 [main] INFO  server.SCMDatanodeProtocolServer (SCMDatanodeProtocolServer.java:start(193)) - ScmDatanodeProtocol RPC server for DataNodes is listening at /0.0.0.0:15002
2023-09-07 08:51:55,911 [IPC Server listener on 15002] INFO  ipc.Server (Server.java:run(1402)) - IPC Server listener on 15002: starting
2023-09-07 08:51:55,911 [IPC Server Responder] INFO  ipc.Server (Server.java:run(1562)) - IPC Server Responder: starting
2023-09-07 08:51:55,949 [JvmPauseMonitor0] INFO  util.JvmPauseMonitor (JvmPauseMonitor.java:run(103)) - JvmPauseMonitor-7413f1fb-f377-4bb5-8a73-916ccbe8dade: Started
2023-09-07 08:51:55,959 [main] INFO  http.BaseHttpServer (BaseHttpServer.java:newHttpServer2BuilderForOzone(223)) - Starting Web-server for scm at: http://0.0.0.0:15003
2023-09-07 08:51:55,959 [main] INFO  http.BaseHttpServer (BaseHttpServer.java:<init>(110)) - Hadoop Security Enabled: false Ozone Security Enabled: false Ozone HTTP Security Enabled: false 
2023-09-07 08:51:55,994 [main] INFO  util.log (Log.java:initialized(170)) - Logging initialized @6333ms to org.eclipse.jetty.util.log.Slf4jLog
2023-09-07 08:51:56,103 [main] WARN  server.AuthenticationFilter (AuthenticationFilter.java:constructSecretProvider(240)) - Unable to initialize FileSignerSecretProvider, falling back to use random secrets. Reason: Could not read signature secret file: /home/runner/hadoop-http-auth-signature-secret
2023-09-07 08:51:56,111 [main] INFO  http.HttpRequestLog (HttpRequestLog.java:getRequestLog(86)) - Http request log for http.requests.scm is not defined
2023-09-07 08:51:56,120 [main] INFO  http.HttpServer2 (HttpServer2.java:addGlobalFilter(1031)) - Added global filter 'safety' (class=org.apache.hadoop.hdds.server.http.HttpServer2$QuotingInputFilter)
2023-09-07 08:51:56,123 [main] INFO  http.HttpServer2 (HttpServer2.java:addFilter(1007)) - Added filter static_user_filter (class=org.apache.hadoop.http.lib.StaticUserWebFilter$StaticUserFilter) to context scm
2023-09-07 08:51:56,123 [main] INFO  http.HttpServer2 (HttpServer2.java:addFilter(1015)) - Added filter static_user_filter (class=org.apache.hadoop.http.lib.StaticUserWebFilter$StaticUserFilter) to context static
2023-09-07 08:51:56,124 [main] INFO  http.HttpServer2 (HttpServer2.java:addFilter(1015)) - Added filter static_user_filter (class=org.apache.hadoop.http.lib.StaticUserWebFilter$StaticUserFilter) to context logs
2023-09-07 08:51:56,189 [main] INFO  http.BaseHttpServer (BaseHttpServer.java:<init>(189)) - HTTP server of scm uses base directory /home/runner/work/ozone/ozone/hadoop-ozone/integration-test/target/test-dir/MiniOzoneClusterImpl-480c9758-28d8-415f-a146-fed859d0e253/ozone-meta/webserver
2023-09-07 08:51:56,191 [main] INFO  http.HttpServer2 (HttpServer2.java:bindListener(1231)) - Jetty bound to port 15003
2023-09-07 08:51:56,193 [main] INFO  server.Server (Server.java:doStart(375)) - jetty-9.4.51.v20230217; built: 2023-02-17T08:19:37.309Z; git: b45c405e4544384de066f814ed42ae3dceacdd49; jvm 1.8.0_382-b05
2023-09-07 08:51:56,251 [main] INFO  server.session (DefaultSessionIdManager.java:doStart(334)) - DefaultSessionIdManager workerName=node0
2023-09-07 08:51:56,251 [main] INFO  server.session (DefaultSessionIdManager.java:doStart(339)) - No SessionScavenger set, using defaults
2023-09-07 08:51:56,253 [main] INFO  server.session (HouseKeeper.java:startScavenging(132)) - node0 Scavenging every 660000ms
2023-09-07 08:51:56,271 [main] INFO  handler.ContextHandler (ContextHandler.java:doStart(921)) - Started o.e.j.s.ServletContextHandler@205d6f84{logs,/logs,file:///home/runner/work/ozone/ozone/hadoop-ozone/integration-test/target/log,AVAILABLE}
2023-09-07 08:51:56,275 [main] INFO  handler.ContextHandler (ContextHandler.java:doStart(921)) - Started o.e.j.s.ServletContextHandler@42365c82{static,/static,file:///home/runner/work/ozone/ozone/hadoop-ozone/integration-test/target/test-classes/webapps/static,AVAILABLE}
2023-09-07 08:51:56,347 [main] INFO  handler.ContextHandler (ContextHandler.java:doStart(921)) - Started o.e.j.w.WebAppContext@7f88c53{scm,/,file:///home/runner/work/ozone/ozone/hadoop-ozone/integration-test/target/test-classes/webapps/scm/,AVAILABLE}{file:/home/runner/work/ozone/ozone/hadoop-ozone/integration-test/target/test-classes/webapps/scm}
2023-09-07 08:51:56,369 [main] INFO  server.AbstractConnector (AbstractConnector.java:doStart(333)) - Started ServerConnector@58e0f079{HTTP/1.1, (http/1.1)}{0.0.0.0:15003}
2023-09-07 08:51:56,369 [main] INFO  server.Server (Server.java:doStart(415)) - Started @6708ms
2023-09-07 08:51:56,372 [main] INFO  impl.MetricsSinkAdapter (MetricsSinkAdapter.java:start(204)) - Sink prometheus started
2023-09-07 08:51:56,373 [main] INFO  impl.MetricsSystemImpl (MetricsSystemImpl.java:registerSink(305)) - Registered sink prometheus
2023-09-07 08:51:56,374 [main] INFO  http.BaseHttpServer (BaseHttpServer.java:updateConnectorAddress(354)) - HTTP server of scm listening at http://0.0.0.0:15003
2023-09-07 08:51:56,380 [main] WARN  server.ServerUtils (ServerUtils.java:getDBPath(311)) - ozone.om.db.dirs is not configured. We recommend adding this setting. Falling back to ozone.metadata.dirs instead.
2023-09-07 08:51:56,481 [main] INFO  audit.AuditLogger (AuditLogger.java:refreshDebugCmdSet(126)) - Refresh DebugCmdSet for OMAudit to [].
2023-09-07 08:51:56,594 [main] INFO  ha.OMHANodeDetails (OMHANodeDetails.java:loadOMHAConfig(115)) - ozone.om.internal.service.id is not defined, falling back to ozone.om.service.ids to find serviceID for OzoneManager if it is HA enabled cluster
2023-09-07 08:51:56,606 [main] INFO  ha.OMHANodeDetails (OMHANodeDetails.java:loadOMHAConfig(226)) - Configuration does not have ozone.om.address set. Falling back to the default OM address /127.0.0.1:15004
2023-09-07 08:51:56,607 [main] INFO  ha.OMHANodeDetails (OMHANodeDetails.java:getOMNodeDetailsForNonHA(254)) - OM Service ID is not set. Setting it to the default ID: omServiceIdDefault
2023-09-07 08:51:56,610 [main] INFO  ha.OMHANodeDetails (OMHANodeDetails.java:getOMNodeDetailsForNonHA(261)) - OM Node ID is not set. Setting it to the default ID: om1
2023-09-07 08:51:56,617 [main] WARN  server.ServerUtils (ServerUtils.java:getDBPath(311)) - ozone.om.db.dirs is not configured. We recommend adding this setting. Falling back to ozone.metadata.dirs instead.
2023-09-07 08:51:56,623 [main] INFO  upgrade.AbstractLayoutVersionManager (AbstractLayoutVersionManager.java:init(83)) - Initializing Layout version manager with metadata layout = QUOTA (version = 6), software layout = QUOTA (version = 6)
2023-09-07 08:51:56,761 [main] INFO  reflections.Reflections (Reflections.java:scan(232)) - Reflections took 131 ms to scan 2 urls, producing 187 keys and 514 values [using 2 cores]
2023-09-07 08:51:56,766 [main] INFO  upgrade.OMLayoutVersionManager (OMLayoutVersionManager.java:lambda$0(115)) - Skipping Upgrade Action QuotaRepairUpgradeAction since it has been finalized.
2023-09-07 08:51:56,768 [main] INFO  upgrade.OMLayoutVersionManager (OMLayoutVersionManager.java:lambda$0(115)) - Skipping Upgrade Action MockOmUpgradeAction since it has been finalized.
2023-09-07 08:51:56,771 [main] WARN  server.ServerUtils (ServerUtils.java:getDBPath(311)) - ozone.om.db.dirs is not configured. We recommend adding this setting. Falling back to ozone.metadata.dirs instead.
2023-09-07 08:51:57,050 [main] INFO  proxy.SCMBlockLocationFailoverProxyProvider (SCMBlockLocationFailoverProxyProvider.java:<init>(114)) - Created block location fail-over proxy with 1 nodes: [nodeId=scmNodeId,nodeAddress=/0.0.0.0:15001]
2023-09-07 08:51:57,092 [main] INFO  proxy.SCMBlockLocationFailoverProxyProvider (SCMBlockLocationFailoverProxyProvider.java:<init>(114)) - Created block location fail-over proxy with 1 nodes: [nodeId=scmNodeId,nodeAddress=/0.0.0.0:15001]
2023-09-07 08:51:57,429 [main] INFO  om.OzoneManager (OzoneManager.java:<init>(665)) - OM start with adminUsers: [runner]
2023-09-07 08:51:57,474 [main] WARN  server.ServerUtils (ServerUtils.java:getDBPath(311)) - ozone.om.db.dirs is not configured. We recommend adding this setting. Falling back to ozone.metadata.dirs instead.
2023-09-07 08:51:57,512 [main] INFO  helpers.OmKeyInfo (OmKeyInfo.java:getCodec(71)) - OmKeyInfo.getCodec ignorePipeline = true
2023-09-07 08:51:57,926 [main] INFO  om.OzoneManager (OzoneManager.java:instantiateServices(794)) - S3 Multi-Tenancy is disabled
2023-09-07 08:51:57,967 [main] INFO  om.OmSnapshotManager (OmSnapshotManager.java:<init>(174)) - Ozone filesystem snapshot feature is enabled.
2023-09-07 08:51:57,977 [main] WARN  server.ServerUtils (ServerUtils.java:getDBPath(311)) - ozone.om.snapshot.diff.db.dir is not configured. We recommend adding this setting. Falling back to ozone.metadata.dirs instead.
2023-09-07 08:51:58,042 [main] INFO  utils.NativeLibraryLoader (NativeLibraryLoader.java:loadLibrary(108)) - Loading Library: ozone_rocksdb_tools
2023-09-07 08:51:58,044 [main] INFO  snapshot.SnapshotDiffManager (SnapshotDiffManager.java:closeExecutorService(1697)) - Shutting down executorService: 'SstDumpToolExecutor'
2023-09-07 08:51:58,157 [main] INFO  om.OzoneManager (OzoneManager.java:addS3GVolumeToDB(4301)) - Created Volume s3v With Owner runner required for S3Gateway operations.
2023-09-07 08:51:58,236 [main] WARN  server.ServerUtils (ServerUtils.java:getDefaultRatisDirectory(323)) - Storage directory for Ratis is not configured. It is a good idea to map this to an SSD disk. Falling back to ozone.metadata.dirs
2023-09-07 08:51:58,237 [main] WARN  utils.OzoneManagerRatisUtils (OzoneManagerRatisUtils.java:getOMRatisSnapshotDirectory(464)) - ozone.om.ratis.snapshot.dir is not configured. Falling back to ozone.metadata.dirs config
2023-09-07 08:51:58,255 [main] WARN  server.ServerUtils (ServerUtils.java:getDefaultRatisDirectory(323)) - Storage directory for Ratis is not configured. It is a good idea to map this to an SSD disk. Falling back to ozone.metadata.dirs
2023-09-07 08:51:58,287 [main] INFO  ratis.OzoneManagerRatisServer (OzoneManagerRatisServer.java:<init>(163)) - Instantiating OM Ratis server with groupID: omServiceIdDefault and peers: localhost:15007
2023-09-07 08:51:58,301 [main] INFO  ratis.OzoneManagerStateMachine (OzoneManagerStateMachine.java:loadSnapshotInfoFromDB(687)) - LastAppliedIndex is set from TransactionInfo from OM DB as (t:0, i:~)
2023-09-07 08:51:58,407 [main] INFO  server.RaftServer (ConfUtils.java:logGet(46)) - raft.rpc.type = GRPC (default)
2023-09-07 08:51:58,419 [main] INFO  grpc.GrpcConfigKeys (ConfUtils.java:logFallback(53)) - raft.grpc.admin.host = null (fallback to raft.grpc.server.host)
2023-09-07 08:51:58,424 [main] INFO  grpc.GrpcConfigKeys (ConfUtils.java:logFallback(53)) - raft.grpc.admin.port = 15007 (fallback to raft.grpc.server.port)
2023-09-07 08:51:58,424 [main] INFO  grpc.GrpcConfigKeys (ConfUtils.java:logFallback(53)) - raft.grpc.client.host = null (fallback to raft.grpc.server.host)
2023-09-07 08:51:58,426 [main] INFO  grpc.GrpcConfigKeys (ConfUtils.java:logFallback(53)) - raft.grpc.client.port = 15007 (fallback to raft.grpc.server.port)
2023-09-07 08:51:58,426 [main] INFO  grpc.GrpcConfigKeys (ConfUtils.java:logGet(46)) - raft.grpc.server.host = null (default)
2023-09-07 08:51:58,430 [main] INFO  grpc.GrpcConfigKeys (ConfUtils.java:logGet(46)) - raft.grpc.server.port = 15007 (custom)
2023-09-07 08:51:58,432 [main] INFO  server.GrpcService (ConfUtils.java:logGet(46)) - raft.grpc.message.size.max = 33554432 (custom)
2023-09-07 08:51:58,440 [main] INFO  server.RaftServerConfigKeys (ConfUtils.java:logGet(46)) - raft.server.log.appender.buffer.byte-limit = 33554432 (custom)
2023-09-07 08:51:58,441 [main] INFO  server.GrpcService (ConfUtils.java:logGet(46)) - raft.grpc.flow.control.window = 1MB (=1048576) (default)
2023-09-07 08:51:58,442 [main] INFO  server.RaftServerConfigKeys (ConfUtils.java:logGet(46)) - raft.server.rpc.request.timeout = 3000ms (default)
2023-09-07 08:51:58,459 [main] INFO  grpc.GrpcConfigKeys (ConfUtils.java:logGet(46)) - raft.grpc.server.heartbeat.channel = true (default)
2023-09-07 08:51:58,464 [main] INFO  grpc.GrpcConfigKeys (ConfUtils.java:logGet(46)) - raft.grpc.server.async.request.thread.pool.cached = true (default)
2023-09-07 08:51:58,464 [main] INFO  grpc.GrpcConfigKeys (ConfUtils.java:logGet(46)) - raft.grpc.server.async.request.thread.pool.size = 32 (default)
2023-09-07 08:51:58,752 [main] INFO  impl.DataStreamServerImpl (ConfUtils.java:logGet(46)) - raft.datastream.type = DISABLED (default)
2023-09-07 08:51:58,756 [main] INFO  server.RaftServerConfigKeys (ConfUtils.java:logGet(46)) - raft.server.threadpool.proxy.cached = true (default)
2023-09-07 08:51:58,756 [main] INFO  server.RaftServerConfigKeys (ConfUtils.java:logGet(46)) - raft.server.threadpool.proxy.size = 0 (default)
2023-09-07 08:51:58,756 [main] INFO  server.RaftServerConfigKeys (ConfUtils.java:logGet(46)) - raft.server.rpc.slowness.timeout = 120s (custom)
2023-09-07 08:51:58,757 [main] INFO  server.RaftServerConfigKeys (ConfUtils.java:logGet(46)) - raft.server.leaderelection.leader.step-down.wait-time = 10s (default)
2023-09-07 08:51:58,759 [main] INFO  server.RaftServerConfigKeys (ConfUtils.java:logGet(46)) - raft.server.storage.dir = [/home/runner/work/ozone/ozone/hadoop-ozone/integration-test/target/test-dir/MiniOzoneClusterImpl-480c9758-28d8-415f-a146-fed859d0e253/ozone-meta/ratis] (custom)
2023-09-07 08:51:58,774 [main] INFO  server.RaftServer (RaftServerProxy.java:addNew(98)) - om1: addNew group-C5BA1605619E:[om1|rpc:localhost:15007|priority:0|startupRole:FOLLOWER] returns group-C5BA1605619E:java.util.concurrent.CompletableFuture@3798a437[Not completed]
2023-09-07 08:51:58,774 [main] INFO  om.OzoneManager (OzoneManager.java:initializeRatisServer(2145)) - OzoneManager Ratis server initialized at port 15007
2023-09-07 08:51:58,781 [main] INFO  om.OzoneManager (OzoneManager.java:getRpcServer(1196)) - Creating RPC Server
2023-09-07 08:51:58,977 [om1-groupManagement] INFO  server.RaftServer$Division (RaftServerImpl.java:<init>(198)) - om1: new RaftServerImpl for group-C5BA1605619E:[om1|rpc:localhost:15007|priority:0|startupRole:FOLLOWER] with OzoneManagerStateMachine:uninitialized
2023-09-07 08:51:58,979 [om1-groupManagement] INFO  server.RaftServerConfigKeys (ConfUtils.java:logGet(46)) - raft.server.rpc.timeout.min = 1s (custom)
2023-09-07 08:51:58,980 [om1-groupManagement] INFO  server.RaftServerConfigKeys (ConfUtils.java:logGet(46)) - raft.server.rpc.timeout.max = 1200ms (custom)
2023-09-07 08:51:58,980 [om1-groupManagement] INFO  server.RaftServerConfigKeys (ConfUtils.java:logGet(46)) - raft.server.rpc.sleep.time = 25ms (default)
2023-09-07 08:51:58,980 [om1-groupManagement] INFO  server.RaftServerConfigKeys (ConfUtils.java:logGet(46)) - raft.server.rpc.slowness.timeout = 120s (custom)
2023-09-07 08:51:58,980 [om1-groupManagement] INFO  server.RaftServerConfigKeys (ConfUtils.java:logGet(46)) - raft.server.leaderelection.leader.step-down.wait-time = 10s (default)
2023-09-07 08:51:58,980 [om1-groupManagement] INFO  server.RaftServerConfigKeys (ConfUtils.java:logGet(46)) - raft.server.sleep.deviation.threshold = 300ms (default)
2023-09-07 08:51:58,989 [om1-groupManagement] INFO  server.RaftServer$Division (ServerState.java:<init>(120)) - om1@group-C5BA1605619E: ConfigurationManager, init=-1: peers:[om1|rpc:localhost:15007|priority:0|startupRole:FOLLOWER]|listeners:[], old=null, confs=<EMPTY_MAP>
2023-09-07 08:51:58,990 [om1-groupManagement] INFO  server.RaftServerConfigKeys (ConfUtils.java:logGet(46)) - raft.server.storage.dir = [/home/runner/work/ozone/ozone/hadoop-ozone/integration-test/target/test-dir/MiniOzoneClusterImpl-480c9758-28d8-415f-a146-fed859d0e253/ozone-meta/ratis] (custom)
2023-09-07 08:51:58,997 [om1-groupManagement] INFO  server.RaftServerConfigKeys (ConfUtils.java:logGet(46)) - raft.server.log.corruption.policy = EXCEPTION (default)
2023-09-07 08:51:58,997 [om1-groupManagement] INFO  server.RaftServerConfigKeys (ConfUtils.java:logGet(46)) - raft.server.storage.free-space.min = 0MB (=0) (default)
2023-09-07 08:51:59,006 [om1-groupManagement] INFO  server.RaftServerConfigKeys (ConfUtils.java:logGet(46)) - raft.server.notification.no-leader.timeout = 120s (custom)
2023-09-07 08:51:59,011 [om1-groupManagement] INFO  server.RaftServerConfigKeys (ConfUtils.java:logGet(46)) - raft.server.read.timeout = 10s (default)
2023-09-07 08:51:59,015 [om1-groupManagement] INFO  server.RaftServerConfigKeys (ConfUtils.java:logGet(46)) - raft.server.retrycache.expirytime = 300s (custom)
2023-09-07 08:51:59,015 [om1-groupManagement] INFO  server.RaftServerConfigKeys (ConfUtils.java:logGet(46)) - raft.server.retrycache.statistics.expirytime = 100μs (default)
2023-09-07 08:51:59,047 [om1-groupManagement] INFO  server.RaftServerConfigKeys (ConfUtils.java:logGet(46)) - raft.server.read.option = DEFAULT (default)
2023-09-07 08:51:59,080 [om1-groupManagement] INFO  server.RaftServerConfigKeys (ConfUtils.java:logGet(46)) - raft.server.rpc.request.timeout = 3000ms (default)
2023-09-07 08:51:59,083 [om1-groupManagement] INFO  server.RaftServerConfigKeys (ConfUtils.java:logGet(46)) - raft.server.log.appender.install.snapshot.enabled = false (custom)
2023-09-07 08:51:59,084 [om1-groupManagement] INFO  server.RaftServerConfigKeys (ConfUtils.java:logGet(46)) - raft.server.threadpool.server.cached = true (default)
2023-09-07 08:51:59,084 [om1-groupManagement] INFO  server.RaftServerConfigKeys (ConfUtils.java:logGet(46)) - raft.server.threadpool.server.size = 0 (default)
2023-09-07 08:51:59,085 [om1-groupManagement] INFO  server.RaftServerConfigKeys (ConfUtils.java:logGet(46)) - raft.server.threadpool.client.cached = true (default)
2023-09-07 08:51:59,086 [om1-groupManagement] INFO  server.RaftServerConfigKeys (ConfUtils.java:logGet(46)) - raft.server.threadpool.client.size = 0 (default)
2023-09-07 08:51:59,916 [main] INFO  reflections.Reflections (Reflections.java:scan(232)) - Reflections took 835 ms to scan 19 urls, producing 70 keys and 5688 values [using 2 cores]
2023-09-07 08:52:00,166 [main] INFO  ipc.CallQueueManager (CallQueueManager.java:<init>(90)) - Using callQueue: class java.util.concurrent.LinkedBlockingQueue, queueCapacity: 2000, scheduler: class org.apache.hadoop.ipc.DefaultRpcScheduler, ipcBackoff: false.
2023-09-07 08:52:00,166 [main] INFO  ipc.Server (Server.java:<init>(1287)) - Listener at 127.0.0.1:15004
2023-09-07 08:52:00,167 [Socket Reader #1 for port 15004] INFO  ipc.Server (Server.java:run(1323)) - Starting Socket Reader #1 for port 15004
2023-09-07 08:52:00,215 [main] INFO  impl.MetricsSystemImpl (MetricsSystemImpl.java:init(158)) - OzoneManager metrics system started (again)
2023-09-07 08:52:00,231 [main] INFO  om.OzoneManager (OzoneManager.java:start(1630)) - OzoneManager RPC server is listening at localhost/127.0.0.1:15004
2023-09-07 08:52:00,231 [main] INFO  ratis.OzoneManagerRatisServer (OzoneManagerRatisServer.java:start(558)) - Starting OzoneManagerRatisServer om1 at port 15007
2023-09-07 08:52:00,235 [om1-impl-thread1] INFO  storage.RaftStorageDirectory (RaftStorageDirectoryImpl.java:analyzeStorage(137)) - The storage directory /home/runner/work/ozone/ozone/hadoop-ozone/integration-test/target/test-dir/MiniOzoneClusterImpl-480c9758-28d8-415f-a146-fed859d0e253/ozone-meta/ratis/bf265839-605b-3f16-9796-c5ba1605619e does not exist. Creating ...
2023-09-07 08:52:00,240 [om1-impl-thread1] INFO  storage.RaftStorageDirectory (RaftStorageDirectoryImpl.java:tryLock(231)) - Lock on /home/runner/work/ozone/ozone/hadoop-ozone/integration-test/target/test-dir/MiniOzoneClusterImpl-480c9758-28d8-415f-a146-fed859d0e253/ozone-meta/ratis/bf265839-605b-3f16-9796-c5ba1605619e/in_use.lock acquired by nodename 7589@fv-az793-921
2023-09-07 08:52:00,247 [om1-impl-thread1] INFO  storage.RaftStorage (RaftStorageImpl.java:format(96)) - Storage directory /home/runner/work/ozone/ozone/hadoop-ozone/integration-test/target/test-dir/MiniOzoneClusterImpl-480c9758-28d8-415f-a146-fed859d0e253/ozone-meta/ratis/bf265839-605b-3f16-9796-c5ba1605619e has been successfully formatted.
2023-09-07 08:52:00,251 [om1-impl-thread1] INFO  server.RaftServerConfigKeys (ConfUtils.java:logGet(46)) - raft.server.log.use.memory = false (default)
2023-09-07 08:52:00,260 [om1-impl-thread1] INFO  server.RaftServerConfigKeys (ConfUtils.java:logGet(46)) - raft.server.log.purge.gap = 1000000 (custom)
2023-09-07 08:52:00,261 [om1-impl-thread1] INFO  server.RaftServerConfigKeys (ConfUtils.java:logGet(46)) - raft.server.log.appender.buffer.byte-limit = 33554432 (custom)
2023-09-07 08:52:00,263 [om1-impl-thread1] INFO  server.RaftServerConfigKeys (ConfUtils.java:logGet(46)) - raft.server.log.statemachine.data.read.timeout = 1000ms (default)
2023-09-07 08:52:00,264 [om1-impl-thread1] INFO  server.RaftServerConfigKeys (ConfUtils.java:logGet(46)) - raft.server.log.purge.preservation.log.num = 0 (default)
2023-09-07 08:52:00,267 [om1-impl-thread1] INFO  server.RaftServerConfigKeys (ConfUtils.java:logGet(46)) - raft.server.log.segment.size.max = 4194304 (custom)
2023-09-07 08:52:00,275 [om1-impl-thread1] INFO  server.RaftServerConfigKeys (ConfUtils.java:logGet(46)) - raft.server.log.segment.cache.num.max = 2 (custom)
2023-09-07 08:52:00,275 [om1-impl-thread1] INFO  server.RaftServerConfigKeys (ConfUtils.java:logGet(46)) - raft.server.log.segment.cache.size.max = 200MB (=209715200) (default)
2023-09-07 08:52:00,275 [om1-impl-thread1] INFO  server.RaftServerConfigKeys (ConfUtils.java:logGet(46)) - raft.server.log.appender.buffer.byte-limit = 33554432 (custom)
2023-09-07 08:52:00,283 [om1-impl-thread1] INFO  segmented.SegmentedRaftLogWorker (SegmentedRaftLogWorker.java:<init>(188)) - new om1@group-C5BA1605619E-SegmentedRaftLogWorker for RaftStorageImpl:Storage Directory /home/runner/work/ozone/ozone/hadoop-ozone/integration-test/target/test-dir/MiniOzoneClusterImpl-480c9758-28d8-415f-a146-fed859d0e253/ozone-meta/ratis/bf265839-605b-3f16-9796-c5ba1605619e
2023-09-07 08:52:00,284 [om1-impl-thread1] INFO  server.RaftServerConfigKeys (ConfUtils.java:logGet(46)) - raft.server.log.queue.byte-limit = 64MB (=67108864) (default)
2023-09-07 08:52:00,284 [om1-impl-thread1] INFO  server.RaftServerConfigKeys (ConfUtils.java:logGet(46)) - raft.server.log.queue.element-limit = 4096 (default)
2023-09-07 08:52:00,285 [om1-impl-thread1] INFO  server.RaftServerConfigKeys (ConfUtils.java:logGet(46)) - raft.server.log.segment.size.max = 4194304 (custom)
2023-09-07 08:52:00,286 [om1-impl-thread1] INFO  server.RaftServerConfigKeys (ConfUtils.java:logGet(46)) - raft.server.log.preallocated.size = 4194304 (custom)
2023-09-07 08:52:00,286 [om1-impl-thread1] INFO  server.RaftServerConfigKeys (ConfUtils.java:logGet(46)) - raft.server.log.force.sync.num = 128 (default)
2023-09-07 08:52:00,287 [om1-impl-thread1] INFO  server.RaftServerConfigKeys (ConfUtils.java:logGet(46)) - raft.server.log.statemachine.data.sync = true (default)
2023-09-07 08:52:00,288 [om1-impl-thread1] INFO  server.RaftServerConfigKeys (ConfUtils.java:logGet(46)) - raft.server.log.statemachine.data.sync.timeout = 10s (default)
2023-09-07 08:52:00,288 [om1-impl-thread1] INFO  server.RaftServerConfigKeys (ConfUtils.java:logGet(46)) - raft.server.log.statemachine.data.sync.timeout.retry = -1 (default)
2023-09-07 08:52:00,301 [om1-impl-thread1] INFO  server.RaftServerConfigKeys (ConfUtils.java:logGet(46)) - raft.server.log.write.buffer.size = 64KB (=65536) (default)
2023-09-07 08:52:00,301 [om1-impl-thread1] INFO  server.RaftServerConfigKeys (ConfUtils.java:logGet(46)) - raft.server.log.appender.buffer.byte-limit = 33554432 (custom)
2023-09-07 08:52:00,316 [om1-impl-thread1] INFO  server.RaftServerConfigKeys (ConfUtils.java:logGet(46)) - raft.server.log.unsafe-flush.enabled = false (default)
2023-09-07 08:52:00,317 [om1-impl-thread1] INFO  server.RaftServerConfigKeys (ConfUtils.java:logGet(46)) - raft.server.log.async-flush.enabled = false (default)
2023-09-07 08:52:00,317 [om1-impl-thread1] INFO  server.RaftServerConfigKeys (ConfUtils.java:logGet(46)) - raft.server.log.statemachine.data.caching.enabled = false (default)
2023-09-07 08:52:00,324 [om1-impl-thread1] INFO  segmented.SegmentedRaftLogWorker (SegmentedRaftLogWorker.java:lambda$new$0(135)) - om1@group-C5BA1605619E-SegmentedRaftLogWorker: flushIndex: setUnconditionally 0 -> -1
2023-09-07 08:52:00,325 [om1-impl-thread1] INFO  segmented.SegmentedRaftLogWorker (SegmentedRaftLogWorker.java:lambda$new$0(135)) - om1@group-C5BA1605619E-SegmentedRaftLogWorker: safeCacheEvictIndex: setUnconditionally 0 -> -1
2023-09-07 08:52:00,326 [om1-impl-thread1] INFO  server.RaftServer$Division (RaftServerImpl.java:start(342)) - om1@group-C5BA1605619E: start as a follower, conf=-1: peers:[om1|rpc:localhost:15007|priority:0|startupRole:FOLLOWER]|listeners:[], old=null
2023-09-07 08:52:00,327 [om1-impl-thread1] INFO  server.RaftServer$Division (RaftServerImpl.java:setRole(329)) - om1@group-C5BA1605619E: changes role from      null to FOLLOWER at term 0 for startAsFollower
2023-09-07 08:52:00,330 [om1-impl-thread1] INFO  impl.RoleInfo (RoleInfo.java:updateAndGet(139)) - om1: start om1@group-C5BA1605619E-FollowerState
2023-09-07 08:52:00,333 [om1-impl-thread1] INFO  util.JmxRegister (JmxRegister.java:tryRegister(44)) - Successfully registered JMX Bean with object name Ratis:service=RaftServer,group=group-C5BA1605619E,id=om1
2023-09-07 08:52:00,335 [om1@group-C5BA1605619E-FollowerState] INFO  server.RaftServerConfigKeys (ConfUtils.java:logFallback(53)) - raft.server.rpc.first-election.timeout.min = 1s (fallback to raft.server.rpc.timeout.min)
2023-09-07 08:52:00,337 [om1@group-C5BA1605619E-FollowerState] INFO  server.RaftServerConfigKeys (ConfUtils.java:logFallback(53)) - raft.server.rpc.first-election.timeout.max = 1200ms (fallback to raft.server.rpc.timeout.max)
2023-09-07 08:52:00,336 [om1-impl-thread1] INFO  server.RaftServerConfigKeys (ConfUtils.java:logGet(46)) - raft.server.snapshot.auto.trigger.enabled = true (custom)
2023-09-07 08:52:00,337 [om1-impl-thread1] INFO  server.RaftServerConfigKeys (ConfUtils.java:logGet(46)) - raft.server.snapshot.auto.trigger.threshold = 400000 (default)
2023-09-07 08:52:00,338 [om1-impl-thread1] INFO  server.RaftServerConfigKeys (ConfUtils.java:logGet(46)) - raft.server.snapshot.retention.file.num = -1 (default)
2023-09-07 08:52:00,338 [om1-impl-thread1] INFO  server.RaftServerConfigKeys (ConfUtils.java:logGet(46)) - raft.server.log.purge.upto.snapshot.index = true (custom)
2023-09-07 08:52:00,343 [main] INFO  server.RaftServer (RaftServerProxy.java:startImpl(400)) - om1: start RPC server
2023-09-07 08:52:00,464 [main] INFO  server.GrpcService (GrpcService.java:startImpl(302)) - om1: GrpcService started, listening on 15007
2023-09-07 08:52:00,467 [main] INFO  om.OzoneManager (OzoneManager.java:start(1646)) - Version File has different layout version (6) than OM DB (null). That is expected if this OM has never been finalized to a newer layout version.
2023-09-07 08:52:00,472 [JvmPauseMonitor1] INFO  util.JvmPauseMonitor (JvmPauseMonitor.java:run(103)) - JvmPauseMonitor-om1: Started
2023-09-07 08:52:00,502 [main] INFO  http.BaseHttpServer (BaseHttpServer.java:newHttpServer2BuilderForOzone(223)) - Starting Web-server for ozoneManager at: http://0.0.0.0:15005
2023-09-07 08:52:00,502 [main] INFO  http.BaseHttpServer (BaseHttpServer.java:<init>(110)) - Hadoop Security Enabled: false Ozone Security Enabled: false Ozone HTTP Security Enabled: false 
2023-09-07 08:52:00,505 [main] WARN  server.AuthenticationFilter (AuthenticationFilter.java:constructSecretProvider(240)) - Unable to initialize FileSignerSecretProvider, falling back to use random secrets. Reason: Could not read signature secret file: /home/runner/hadoop-http-auth-signature-secret
2023-09-07 08:52:00,507 [main] INFO  http.HttpRequestLog (HttpRequestLog.java:getRequestLog(86)) - Http request log for http.requests.ozoneManager is not defined
2023-09-07 08:52:00,515 [main] INFO  http.HttpServer2 (HttpServer2.java:addGlobalFilter(1031)) - Added global filter 'safety' (class=org.apache.hadoop.hdds.server.http.HttpServer2$QuotingInputFilter)
2023-09-07 08:52:00,517 [main] INFO  http.HttpServer2 (HttpServer2.java:addFilter(1007)) - Added filter static_user_filter (class=org.apache.hadoop.http.lib.StaticUserWebFilter$StaticUserFilter) to context ozoneManager
2023-09-07 08:52:00,517 [main] INFO  http.HttpServer2 (HttpServer2.java:addFilter(1015)) - Added filter static_user_filter (class=org.apache.hadoop.http.lib.StaticUserWebFilter$StaticUserFilter) to context static
2023-09-07 08:52:00,517 [main] INFO  http.HttpServer2 (HttpServer2.java:addFilter(1015)) - Added filter static_user_filter (class=org.apache.hadoop.http.lib.StaticUserWebFilter$StaticUserFilter) to context logs
2023-09-07 08:52:00,521 [main] INFO  http.BaseHttpServer (BaseHttpServer.java:<init>(189)) - HTTP server of ozoneManager uses base directory /home/runner/work/ozone/ozone/hadoop-ozone/integration-test/target/test-dir/MiniOzoneClusterImpl-480c9758-28d8-415f-a146-fed859d0e253/ozone-meta/webserver
2023-09-07 08:52:00,527 [main] INFO  http.HttpServer2 (HttpServer2.java:bindListener(1231)) - Jetty bound to port 15005
2023-09-07 08:52:00,527 [main] INFO  server.Server (Server.java:doStart(375)) - jetty-9.4.51.v20230217; built: 2023-02-17T08:19:37.309Z; git: b45c405e4544384de066f814ed42ae3dceacdd49; jvm 1.8.0_382-b05
2023-09-07 08:52:00,539 [main] INFO  server.session (DefaultSessionIdManager.java:doStart(334)) - DefaultSessionIdManager workerName=node0
2023-09-07 08:52:00,539 [main] INFO  server.session (DefaultSessionIdManager.java:doStart(339)) - No SessionScavenger set, using defaults
2023-09-07 08:52:00,540 [main] INFO  server.session (HouseKeeper.java:startScavenging(132)) - node0 Scavenging every 660000ms
2023-09-07 08:52:00,541 [main] INFO  handler.ContextHandler (ContextHandler.java:doStart(921)) - Started o.e.j.s.ServletContextHandler@3f35489a{logs,/logs,file:///home/runner/work/ozone/ozone/hadoop-ozone/integration-test/target/log,AVAILABLE}
2023-09-07 08:52:00,541 [main] INFO  handler.ContextHandler (ContextHandler.java:doStart(921)) - Started o.e.j.s.ServletContextHandler@5f740a09{static,/static,file:///home/runner/work/ozone/ozone/hadoop-ozone/integration-test/target/test-classes/webapps/static,AVAILABLE}
2023-09-07 08:52:00,549 [main] INFO  handler.ContextHandler (ContextHandler.java:doStart(921)) - Started o.e.j.w.WebAppContext@388e631{ozoneManager,/,file:///home/runner/work/ozone/ozone/hadoop-ozone/integration-test/target/test-classes/webapps/ozoneManager/,AVAILABLE}{file:/home/runner/work/ozone/ozone/hadoop-ozone/integration-test/target/test-classes/webapps/ozoneManager}
2023-09-07 08:52:00,551 [main] INFO  server.AbstractConnector (AbstractConnector.java:doStart(333)) - Started ServerConnector@76da4b9b{HTTP/1.1, (http/1.1)}{0.0.0.0:15005}
2023-09-07 08:52:00,552 [main] INFO  server.Server (Server.java:doStart(415)) - Started @10891ms
2023-09-07 08:52:00,552 [main] WARN  impl.MetricsSystemImpl (MetricsSystemImpl.java:register(279)) - Sink prometheus already exists!
2023-09-07 08:52:00,553 [main] INFO  http.BaseHttpServer (BaseHttpServer.java:updateConnectorAddress(354)) - HTTP server of ozoneManager listening at http://0.0.0.0:15005
2023-09-07 08:52:00,554 [IPC Server Responder] INFO  ipc.Server (Server.java:run(1562)) - IPC Server Responder: starting
2023-09-07 08:52:00,554 [IPC Server listener on 15004] INFO  ipc.Server (Server.java:run(1402)) - IPC Server listener on 15004: starting
2023-09-07 08:52:00,599 [main] INFO  om.TrashPolicyOzone (TrashPolicyOzone.java:<init>(277)) - Ozone Manager trash configuration: Deletion interval = 0 minutes, Emptier interval = 0 minutes.
2023-09-07 08:52:00,795 [main] WARN  impl.MetricRegistriesImpl (MetricRegistriesImpl.java:addReporterRegistration(111)) - New reporters are added after registries were created. Some metrics will be missing from the reporter. Please add reporter before adding any new registry.
2023-09-07 08:52:00,795 [main] WARN  impl.MetricRegistriesImpl (MetricRegistriesImpl.java:addReporterRegistration(111)) - New reporters are added after registries were created. Some metrics will be missing from the reporter. Please add reporter before adding any new registry.
2023-09-07 08:52:00,795 [main] INFO  impl.MetricsSystemImpl (MetricsSystemImpl.java:init(158)) - HddsDatanode metrics system started (again)
2023-09-07 08:52:00,825 [main] INFO  ozone.HddsDatanodeService (HddsDatanodeService.java:start(237)) - HddsDatanodeService host:fv-az793-921.vth4h2cvs0culokhaokvhxz15b.jx.internal.cloudapp.net ip:10.1.0.48
2023-09-07 08:52:00,878 [main] INFO  upgrade.AbstractLayoutVersionManager (AbstractLayoutVersionManager.java:init(83)) - Initializing Layout version manager with metadata layout = HADOOP_PRC_PORTS_IN_DATANODEDETAILS (version = 7), software layout = HADOOP_PRC_PORTS_IN_DATANODEDETAILS (version = 7)
2023-09-07 08:52:00,882 [main] INFO  statemachine.DatanodeStateMachine (DatanodeStateMachine.java:getEndPointTaskThreadPoolSize(282)) - Datanode State Machine Task Thread Pool size 2
2023-09-07 08:52:00,971 [main] INFO  volume.HddsVolume (HddsVolume.java:<init>(126)) - Creating HddsVolume: /home/runner/work/ozone/ozone/hadoop-ozone/integration-test/target/test-dir/MiniOzoneClusterImpl-480c9758-28d8-415f-a146-fed859d0e253/datanode-0/data-0/containers/hdds of storage type : DISK capacity : 9223372036854775807
2023-09-07 08:52:00,974 [main] INFO  volume.MutableVolumeSet (MutableVolumeSet.java:initializeVolumeSet(173)) - Added Volume : /home/runner/work/ozone/ozone/hadoop-ozone/integration-test/target/test-dir/MiniOzoneClusterImpl-480c9758-28d8-415f-a146-fed859d0e253/datanode-0/data-0/containers/hdds to VolumeSet
2023-09-07 08:52:00,982 [main] INFO  volume.MutableVolumeSet (MutableVolumeSet.java:initializeVolumeSet(173)) - Added Volume : /home/runner/work/ozone/ozone/hadoop-ozone/integration-test/target/test-dir/MiniOzoneClusterImpl-480c9758-28d8-415f-a146-fed859d0e253/datanode-0/data/ratis to VolumeSet
2023-09-07 08:52:01,001 [Thread-140] INFO  ozoneimpl.ContainerReader (ContainerReader.java:readVolume(177)) - Finish verifying containers on volume /home/runner/work/ozone/ozone/hadoop-ozone/integration-test/target/test-dir/MiniOzoneClusterImpl-480c9758-28d8-415f-a146-fed859d0e253/datanode-0/data-0/containers/hdds
2023-09-07 08:52:01,002 [main] INFO  ozoneimpl.OzoneContainer (OzoneContainer.java:buildContainerSet(314)) - Build ContainerSet costs 0s
2023-09-07 08:52:01,083 [main] INFO  audit.AuditLogger (AuditLogger.java:refreshDebugCmdSet(126)) - Refresh DebugCmdSet for DNAudit to [].
2023-09-07 08:52:01,127 [main] INFO  server.RaftServer (ConfUtils.java:logGet(46)) - raft.rpc.type = GRPC (default)
2023-09-07 08:52:01,128 [main] INFO  grpc.GrpcConfigKeys (ConfUtils.java:logFallback(53)) - raft.grpc.admin.host = null (fallback to raft.grpc.server.host)
2023-09-07 08:52:01,133 [main] INFO  grpc.GrpcConfigKeys (ConfUtils.java:logGet(46)) - raft.grpc.admin.port = 15013 (custom)
2023-09-07 08:52:01,133 [main] INFO  grpc.GrpcConfigKeys (ConfUtils.java:logFallback(53)) - raft.grpc.client.host = null (fallback to raft.grpc.server.host)
2023-09-07 08:52:01,134 [main] INFO  grpc.GrpcConfigKeys (ConfUtils.java:logGet(46)) - raft.grpc.client.port = 15012 (custom)
2023-09-07 08:52:01,134 [main] INFO  grpc.GrpcConfigKeys (ConfUtils.java:logGet(46)) - raft.grpc.server.host = null (default)
2023-09-07 08:52:01,136 [main] INFO  grpc.GrpcConfigKeys (ConfUtils.java:logGet(46)) - raft.grpc.server.port = 15014 (custom)
2023-09-07 08:52:01,137 [main] INFO  server.GrpcService (ConfUtils.java:logGet(46)) - raft.grpc.message.size.max = 32MB (=33554432) (custom)
2023-09-07 08:52:01,137 [main] INFO  server.RaftServerConfigKeys (ConfUtils.java:logGet(46)) - raft.server.log.appender.buffer.byte-limit = 33554432 (custom)
2023-09-07 08:52:01,137 [main] INFO  server.GrpcService (ConfUtils.java:logGet(46)) - raft.grpc.flow.control.window = 5MB (=5242880) (custom)
2023-09-07 08:52:01,137 [main] INFO  server.RaftServerConfigKeys (ConfUtils.java:logGet(46)) - raft.server.rpc.request.timeout = 60s (custom)
2023-09-07 08:52:01,138 [main] INFO  grpc.GrpcConfigKeys (ConfUtils.java:logGet(46)) - raft.grpc.server.heartbeat.channel = true (default)
2023-09-07 08:52:01,138 [main] INFO  grpc.GrpcConfigKeys (ConfUtils.java:logGet(46)) - raft.grpc.server.async.request.thread.pool.cached = true (default)
2023-09-07 08:52:01,138 [main] INFO  grpc.GrpcConfigKeys (ConfUtils.java:logGet(46)) - raft.grpc.server.async.request.thread.pool.size = 32 (default)
2023-09-07 08:52:01,144 [main] INFO  impl.DataStreamServerImpl (ConfUtils.java:logGet(46)) - raft.datastream.type = NETTY (custom)
2023-09-07 08:52:01,160 [main] INFO  server.RaftServerConfigKeys (ConfUtils.java:logGet(46)) - raft.server.data-stream.async.request.thread.pool.cached = false (default)
2023-09-07 08:52:01,160 [main] INFO  server.RaftServerConfigKeys (ConfUtils.java:logGet(46)) - raft.server.data-stream.async.request.thread.pool.size = 20 (custom)
2023-09-07 08:52:01,161 [main] INFO  server.RaftServerConfigKeys (ConfUtils.java:logGet(46)) - raft.server.data-stream.async.write.thread.pool.size = 16 (default)
2023-09-07 08:52:01,162 [main] INFO  server.RaftServerConfigKeys (ConfUtils.java:logGet(46)) - raft.server.data-stream.client.pool.size = 10 (default)
2023-09-07 08:52:01,166 [main] INFO  netty.NettyConfigKeys$DataStream (ConfUtils.java:logGet(46)) - raft.netty.dataStream.server.use-epoll = false (default)
2023-09-07 08:52:01,167 [main] INFO  netty.NettyConfigKeys$DataStream (ConfUtils.java:logGet(46)) - raft.netty.dataStream.server.boss-group.size = 0 (default)
2023-09-07 08:52:01,181 [main] INFO  netty.NettyConfigKeys$DataStream (ConfUtils.java:logGet(46)) - raft.netty.dataStream.server.worker-group.size = 0 (default)
2023-09-07 08:52:01,205 [main] INFO  netty.NettyConfigKeys$DataStream (ConfUtils.java:logGet(46)) - raft.netty.dataStream.server.tls.conf = null (default)
2023-09-07 08:52:01,207 [main] INFO  netty.NettyConfigKeys$DataStream (ConfUtils.java:logGet(46)) - raft.netty.dataStream.host = null (default)
2023-09-07 08:52:01,208 [main] INFO  netty.NettyConfigKeys$DataStream (ConfUtils.java:logGet(46)) - raft.netty.dataStream.port = 15015 (custom)
2023-09-07 08:52:01,218 [main] INFO  server.RaftServerConfigKeys (ConfUtils.java:logGet(46)) - raft.server.threadpool.proxy.cached = true (default)
2023-09-07 08:52:01,218 [main] INFO  server.RaftServerConfigKeys (ConfUtils.java:logGet(46)) - raft.server.threadpool.proxy.size = 0 (default)
2023-09-07 08:52:01,219 [main] INFO  server.RaftServerConfigKeys (ConfUtils.java:logGet(46)) - raft.server.rpc.slowness.timeout = 300s (custom)
2023-09-07 08:52:01,219 [main] INFO  server.RaftServerConfigKeys (ConfUtils.java:logGet(46)) - raft.server.leaderelection.leader.step-down.wait-time = 10s (default)
2023-09-07 08:52:01,219 [main] INFO  server.RaftServerConfigKeys (ConfUtils.java:logGet(46)) - raft.server.storage.dir = [/home/runner/work/ozone/ozone/hadoop-ozone/integration-test/target/test-dir/MiniOzoneClusterImpl-480c9758-28d8-415f-a146-fed859d0e253/datanode-0/data/ratis] (custom)
2023-09-07 08:52:01,225 [ee526f6f-3d45-469e-9618-ca9792ac197c-impl-thread1] INFO  server.RaftServer (RaftServerProxy.java:initGroupDir(258)) - ee526f6f-3d45-469e-9618-ca9792ac197c: found a subdirectory /home/runner/work/ozone/ozone/hadoop-ozone/integration-test/target/test-dir/MiniOzoneClusterImpl-480c9758-28d8-415f-a146-fed859d0e253/datanode-0/data/ratis/tmp
2023-09-07 08:52:01,233 [ee526f6f-3d45-469e-9618-ca9792ac197c-NettyServerStreamRpc-bossGroup--thread1] INFO  logging.LoggingHandler (AbstractInternalLogger.java:log(148)) - [id: 0xbfe53901] REGISTERED
2023-09-07 08:52:01,233 [ee526f6f-3d45-469e-9618-ca9792ac197c-NettyServerStreamRpc-bossGroup--thread1] INFO  logging.LoggingHandler (AbstractInternalLogger.java:log(148)) - [id: 0xbfe53901] BIND: 0.0.0.0/0.0.0.0:15015
2023-09-07 08:52:01,234 [ee526f6f-3d45-469e-9618-ca9792ac197c-NettyServerStreamRpc-bossGroup--thread1] INFO  logging.LoggingHandler (AbstractInternalLogger.java:log(148)) - [id: 0xbfe53901, L:/0:0:0:0:0:0:0:0:15015] ACTIVE
2023-09-07 08:52:01,235 [ee526f6f-3d45-469e-9618-ca9792ac197c-impl-thread1] INFO  server.RaftServer (RaftServerProxy.java:initGroupDir(263)) - ee526f6f-3d45-469e-9618-ca9792ac197c: The directory /home/runner/work/ozone/ozone/hadoop-ozone/integration-test/target/test-dir/MiniOzoneClusterImpl-480c9758-28d8-415f-a146-fed859d0e253/datanode-0/data/ratis/tmp is not a group directory; ignoring it. 
2023-09-07 08:52:01,240 [main] INFO  replication.ReplicationServer (ReplicationServer.java:<init>(81)) - Initializing replication server with thread count = 10
2023-09-07 08:52:01,266 [main] INFO  server.XceiverServerGrpc (XceiverServerGrpc.java:<init>(132)) - GrpcServer channel type EpollServerSocketChannel
2023-09-07 08:52:01,319 [main] INFO  replication.ReplicationSupervisor (ReplicationSupervisor.java:build(155)) - Initializing replication supervisor with thread count = 10
2023-09-07 08:52:01,320 [main] INFO  replication.ReplicationSupervisor (ReplicationSupervisor.java:nodeStateUpdated(307)) - Node state updated to IN_SERVICE, scaling executor pool size to 10
2023-09-07 08:52:01,383 [main] INFO  http.BaseHttpServer (BaseHttpServer.java:newHttpServer2BuilderForOzone(223)) - Starting Web-server for hddsDatanode at: http://0.0.0.0:15009
2023-09-07 08:52:01,383 [main] INFO  http.BaseHttpServer (BaseHttpServer.java:<init>(110)) - Hadoop Security Enabled: false Ozone Security Enabled: false Ozone HTTP Security Enabled: false 
2023-09-07 08:52:01,385 [main] WARN  server.AuthenticationFilter (AuthenticationFilter.java:constructSecretProvider(240)) - Unable to initialize FileSignerSecretProvider, falling back to use random secrets. Reason: Could not read signature secret file: /home/runner/hadoop-http-auth-signature-secret
2023-09-07 08:52:01,386 [main] INFO  http.HttpRequestLog (HttpRequestLog.java:getRequestLog(86)) - Http request log for http.requests.hddsDatanode is not defined
2023-09-07 08:52:01,388 [main] INFO  http.HttpServer2 (HttpServer2.java:addGlobalFilter(1031)) - Added global filter 'safety' (class=org.apache.hadoop.hdds.server.http.HttpServer2$QuotingInputFilter)
2023-09-07 08:52:01,389 [main] INFO  http.HttpServer2 (HttpServer2.java:addFilter(1007)) - Added filter static_user_filter (class=org.apache.hadoop.http.lib.StaticUserWebFilter$StaticUserFilter) to context hddsDatanode
2023-09-07 08:52:01,389 [main] INFO  http.HttpServer2 (HttpServer2.java:addFilter(1015)) - Added filter static_user_filter (class=org.apache.hadoop.http.lib.StaticUserWebFilter$StaticUserFilter) to context static
2023-09-07 08:52:01,389 [main] INFO  http.HttpServer2 (HttpServer2.java:addFilter(1015)) - Added filter static_user_filter (class=org.apache.hadoop.http.lib.StaticUserWebFilter$StaticUserFilter) to context logs
2023-09-07 08:52:01,391 [main] INFO  http.BaseHttpServer (BaseHttpServer.java:<init>(189)) - HTTP server of hddsDatanode uses base directory /home/runner/work/ozone/ozone/hadoop-ozone/integration-test/target/test-dir/MiniOzoneClusterImpl-480c9758-28d8-415f-a146-fed859d0e253/datanode-0/meta/webserver
2023-09-07 08:52:01,391 [main] INFO  http.HttpServer2 (HttpServer2.java:bindListener(1231)) - Jetty bound to port 15009
2023-09-07 08:52:01,391 [main] INFO  server.Server (Server.java:doStart(375)) - jetty-9.4.51.v20230217; built: 2023-02-17T08:19:37.309Z; git: b45c405e4544384de066f814ed42ae3dceacdd49; jvm 1.8.0_382-b05
2023-09-07 08:52:01,402 [main] INFO  server.session (DefaultSessionIdManager.java:doStart(334)) - DefaultSessionIdManager workerName=node0
2023-09-07 08:52:01,402 [main] INFO  server.session (DefaultSessionIdManager.java:doStart(339)) - No SessionScavenger set, using defaults
2023-09-07 08:52:01,402 [main] INFO  server.session (HouseKeeper.java:startScavenging(132)) - node0 Scavenging every 660000ms
2023-09-07 08:52:01,403 [main] INFO  handler.ContextHandler (ContextHandler.java:doStart(921)) - Started o.e.j.s.ServletContextHandler@3e94ff8a{logs,/logs,file:///home/runner/work/ozone/ozone/hadoop-ozone/integration-test/target/log,AVAILABLE}
2023-09-07 08:52:01,404 [main] INFO  handler.ContextHandler (ContextHandler.java:doStart(921)) - Started o.e.j.s.ServletContextHandler@6f25b5e8{static,/static,jar:file:/home/runner/.m2/repository/org/apache/ozone/hdds-container-service/1.4.0-SNAPSHOT/hdds-container-service-1.4.0-SNAPSHOT.jar!/webapps/static,AVAILABLE}
2023-09-07 08:52:01,537 [om1@group-C5BA1605619E-FollowerState] INFO  impl.FollowerState (FollowerState.java:run(143)) - om1@group-C5BA1605619E-FollowerState: change to CANDIDATE, lastRpcElapsedTime:1207402408ns, electionTimeout:1198ms
2023-09-07 08:52:01,539 [om1@group-C5BA1605619E-FollowerState] INFO  impl.RoleInfo (RoleInfo.java:shutdownFollowerState(110)) - om1: shutdown om1@group-C5BA1605619E-FollowerState
2023-09-07 08:52:01,540 [om1@group-C5BA1605619E-FollowerState] INFO  server.RaftServer$Division (RaftServerImpl.java:setRole(329)) - om1@group-C5BA1605619E: changes role from  FOLLOWER to CANDIDATE at term 0 for changeToCandidate
2023-09-07 08:52:01,548 [om1@group-C5BA1605619E-FollowerState] INFO  server.RaftServerConfigKeys (ConfUtils.java:logGet(46)) - raft.server.leaderelection.pre-vote = true (default)
2023-09-07 08:52:01,548 [om1@group-C5BA1605619E-FollowerState] INFO  impl.RoleInfo (RoleInfo.java:updateAndGet(139)) - om1: start om1@group-C5BA1605619E-LeaderElection1
2023-09-07 08:52:01,560 [om1@group-C5BA1605619E-LeaderElection1] INFO  impl.LeaderElection (LeaderElection.java:askForVotes(321)) - om1@group-C5BA1605619E-LeaderElection1 PRE_VOTE round 0: submit vote requests at term 0 for -1: peers:[om1|rpc:localhost:15007|priority:0|startupRole:FOLLOWER]|listeners:[], old=null
2023-09-07 08:52:01,561 [om1@group-C5BA1605619E-LeaderElection1] INFO  impl.LeaderElection (LeaderElection.java:askForVotes(323)) - om1@group-C5BA1605619E-LeaderElection1 PRE_VOTE round 0: result PASSED (term=0)
2023-09-07 08:52:01,564 [om1@group-C5BA1605619E-LeaderElection1] INFO  impl.LeaderElection (LeaderElection.java:askForVotes(321)) - om1@group-C5BA1605619E-LeaderElection1 ELECTION round 0: submit vote requests at term 1 for -1: peers:[om1|rpc:localhost:15007|priority:0|startupRole:FOLLOWER]|listeners:[], old=null
2023-09-07 08:52:01,564 [om1@group-C5BA1605619E-LeaderElection1] INFO  impl.LeaderElection (LeaderElection.java:askForVotes(323)) - om1@group-C5BA1605619E-LeaderElection1 ELECTION round 0: result PASSED (term=1)
2023-09-07 08:52:01,564 [om1@group-C5BA1605619E-LeaderElection1] INFO  impl.RoleInfo (RoleInfo.java:shutdownLeaderElection(130)) - om1: shutdown om1@group-C5BA1605619E-LeaderElection1
2023-09-07 08:52:01,565 [om1@group-C5BA1605619E-LeaderElection1] INFO  server.RaftServer$Division (RaftServerImpl.java:setRole(329)) - om1@group-C5BA1605619E: changes role from CANDIDATE to LEADER at term 1 for changeToLeader
2023-09-07 08:52:01,567 [om1@group-C5BA1605619E-LeaderElection1] INFO  server.RaftServer$Division (ServerState.java:setLeader(317)) - om1@group-C5BA1605619E: change Leader from null to om1 at term 1 for becomeLeader, leader elected after 2558ms
2023-09-07 08:52:01,575 [om1@group-C5BA1605619E-LeaderElection1] INFO  server.RaftServerConfigKeys (ConfUtils.java:logGet(46)) - raft.server.staging.catchup.gap = 1000 (default)
2023-09-07 08:52:01,581 [om1@group-C5BA1605619E-LeaderElection1] INFO  server.RaftServerConfigKeys (ConfUtils.java:logGet(46)) - raft.server.write.element-limit = 4096 (default)
2023-09-07 08:52:01,582 [om1@group-C5BA1605619E-LeaderElection1] INFO  server.RaftServerConfigKeys (ConfUtils.java:logGet(46)) - raft.server.write.byte-limit = 64MB (=67108864) (default)
2023-09-07 08:52:01,586 [om1@group-C5BA1605619E-LeaderElection1] INFO  server.RaftServerConfigKeys (ConfUtils.java:logGet(46)) - raft.server.watch.timeout = 10s (default)
2023-09-07 08:52:01,586 [om1@group-C5BA1605619E-LeaderElection1] INFO  server.RaftServerConfigKeys (ConfUtils.java:logGet(46)) - raft.server.watch.timeout.denomination = 1s (default)
2023-09-07 08:52:01,587 [om1@group-C5BA1605619E-LeaderElection1] INFO  server.RaftServerConfigKeys (ConfUtils.java:logGet(46)) - raft.server.watch.element-limit = 65536 (default)
2023-09-07 08:52:01,593 [om1@group-C5BA1605619E-LeaderElection1] INFO  server.RaftServerConfigKeys (ConfUtils.java:logGet(46)) - raft.server.write.element-limit = 4096 (default)
2023-09-07 08:52:01,595 [om1@group-C5BA1605619E-LeaderElection1] INFO  server.RaftServerConfigKeys (ConfUtils.java:logGet(46)) - raft.server.write.follower.gap.ratio.max = -1.0 (default)
2023-09-07 08:52:01,597 [om1@group-C5BA1605619E-LeaderElection1] INFO  impl.RoleInfo (RoleInfo.java:updateAndGet(139)) - om1: start om1@group-C5BA1605619E-LeaderStateImpl
2023-09-07 08:52:01,625 [om1@group-C5BA1605619E-LeaderElection1] INFO  segmented.SegmentedRaftLogWorker (SegmentedRaftLogWorker.java:startLogSegment(447)) - om1@group-C5BA1605619E-SegmentedRaftLogWorker: Starting segment from index:0
2023-09-07 08:52:01,695 [om1@group-C5BA1605619E-LeaderElection1] INFO  server.RaftServer$Division (ServerState.java:setRaftConf(434)) - om1@group-C5BA1605619E: set configuration 0: peers:[om1|rpc:localhost:15007|admin:|client:|dataStream:|priority:0|startupRole:FOLLOWER]|listeners:[], old=null
2023-09-07 08:52:01,786 [om1@group-C5BA1605619E-SegmentedRaftLogWorker] INFO  segmented.SegmentedRaftLogWorker (SegmentedRaftLogWorker.java:execute(651)) - om1@group-C5BA1605619E-SegmentedRaftLogWorker: created new log segment /home/runner/work/ozone/ozone/hadoop-ozone/integration-test/target/test-dir/MiniOzoneClusterImpl-480c9758-28d8-415f-a146-fed859d0e253/ozone-meta/ratis/bf265839-605b-3f16-9796-c5ba1605619e/current/log_inprogress_0
2023-09-07 08:52:01,812 [main] INFO  handler.ContextHandler (ContextHandler.java:doStart(921)) - Started o.e.j.w.WebAppContext@506f21c9{hddsDatanode,/,file:///home/runner/work/ozone/ozone/hadoop-ozone/integration-test/target/test-dir/MiniOzoneClusterImpl-480c9758-28d8-415f-a146-fed859d0e253/datanode-0/meta/webserver/jetty-0_0_0_0-15009-hdds-container-service-1_4_0-SNAPSHOT_jar-_-any-3170957302567555630/webapp/,AVAILABLE}{jar:file:/home/runner/.m2/repository/org/apache/ozone/hdds-container-service/1.4.0-SNAPSHOT/hdds-container-service-1.4.0-SNAPSHOT.jar!/webapps/hddsDatanode}
2023-09-07 08:52:01,816 [main] INFO  server.AbstractConnector (AbstractConnector.java:doStart(333)) - Started ServerConnector@3a2f628{HTTP/1.1, (http/1.1)}{0.0.0.0:15009}
2023-09-07 08:52:01,816 [main] INFO  server.Server (Server.java:doStart(415)) - Started @12155ms
2023-09-07 08:52:01,816 [main] WARN  impl.MetricsSystemImpl (MetricsSystemImpl.java:register(279)) - Sink prometheus already exists!
2023-09-07 08:52:01,817 [main] INFO  http.BaseHttpServer (BaseHttpServer.java:updateConnectorAddress(354)) - HTTP server of hddsDatanode listening at http://0.0.0.0:15009
2023-09-07 08:52:01,822 [main] INFO  ipc.CallQueueManager (CallQueueManager.java:<init>(90)) - Using callQueue: class java.util.concurrent.LinkedBlockingQueue, queueCapacity: 100, scheduler: class org.apache.hadoop.ipc.DefaultRpcScheduler, ipcBackoff: false.
2023-09-07 08:52:01,823 [main] INFO  ipc.Server (Server.java:<init>(1287)) - Listener at 0.0.0.0:15010
2023-09-07 08:52:01,823 [Socket Reader #1 for port 15010] INFO  ipc.Server (Server.java:run(1323)) - Starting Socket Reader #1 for port 15010
2023-09-07 08:52:01,826 [main] INFO  ozone.HddsDatanodeService (HddsDatanodeService.java:start(315)) - Datanode start with admins: [runner]
2023-09-07 08:52:01,826 [main] INFO  ozone.HddsDatanodeClientProtocolServer (HddsDatanodeClientProtocolServer.java:start(72)) - RPC server for Client /0.0.0.0:15010
2023-09-07 08:52:01,827 [IPC Server Responder] INFO  ipc.Server (Server.java:run(1562)) - IPC Server Responder: starting
2023-09-07 08:52:01,827 [IPC Server listener on 15010] INFO  ipc.Server (Server.java:run(1402)) - IPC Server listener on 15010: starting
2023-09-07 08:52:01,829 [main] WARN  impl.MetricRegistriesImpl (MetricRegistriesImpl.java:addReporterRegistration(111)) - New reporters are added after registries were created. Some metrics will be missing from the reporter. Please add reporter before adding any new registry.
2023-09-07 08:52:01,829 [main] WARN  impl.MetricRegistriesImpl (MetricRegistriesImpl.java:addReporterRegistration(111)) - New reporters are added after registries were created. Some metrics will be missing from the reporter. Please add reporter before adding any new registry.
2023-09-07 08:52:01,829 [main] INFO  impl.MetricsSystemImpl (MetricsSystemImpl.java:init(158)) - HddsDatanode metrics system started (again)
2023-09-07 08:52:01,836 [Datanode State Machine Daemon Thread] INFO  statemachine.DatanodeStateMachine (DatanodeStateMachine.java:lambda$startDaemon$0(538)) - Ozone container server started.
2023-09-07 08:52:01,869 [main] INFO  ozone.HddsDatanodeService (HddsDatanodeService.java:start(237)) - HddsDatanodeService host:fv-az793-921.vth4h2cvs0culokhaokvhxz15b.jx.internal.cloudapp.net ip:10.1.0.48
2023-09-07 08:52:01,914 [main] INFO  upgrade.AbstractLayoutVersionManager (AbstractLayoutVersionManager.java:init(83)) - Initializing Layout version manager with metadata layout = HADOOP_PRC_PORTS_IN_DATANODEDETAILS (version = 7), software layout = HADOOP_PRC_PORTS_IN_DATANODEDETAILS (version = 7)
2023-09-07 08:52:01,919 [main] INFO  statemachine.DatanodeStateMachine (DatanodeStateMachine.java:getEndPointTaskThreadPoolSize(282)) - Datanode State Machine Task Thread Pool size 2
2023-09-07 08:52:01,927 [main] INFO  volume.HddsVolume (HddsVolume.java:<init>(126)) - Creating HddsVolume: /home/runner/work/ozone/ozone/hadoop-ozone/integration-test/target/test-dir/MiniOzoneClusterImpl-480c9758-28d8-415f-a146-fed859d0e253/datanode-1/data-0/containers/hdds of storage type : DISK capacity : 9223372036854775807
2023-09-07 08:52:01,927 [main] INFO  volume.MutableVolumeSet (MutableVolumeSet.java:initializeVolumeSet(173)) - Added Volume : /home/runner/work/ozone/ozone/hadoop-ozone/integration-test/target/test-dir/MiniOzoneClusterImpl-480c9758-28d8-415f-a146-fed859d0e253/datanode-1/data-0/containers/hdds to VolumeSet
2023-09-07 08:52:01,931 [main] INFO  volume.MutableVolumeSet (MutableVolumeSet.java:initializeVolumeSet(173)) - Added Volume : /home/runner/work/ozone/ozone/hadoop-ozone/integration-test/target/test-dir/MiniOzoneClusterImpl-480c9758-28d8-415f-a146-fed859d0e253/datanode-1/data/ratis to VolumeSet
2023-09-07 08:52:01,944 [Thread-159] INFO  ozoneimpl.ContainerReader (ContainerReader.java:readVolume(177)) - Finish verifying containers on volume /home/runner/work/ozone/ozone/hadoop-ozone/integration-test/target/test-dir/MiniOzoneClusterImpl-480c9758-28d8-415f-a146-fed859d0e253/datanode-1/data-0/containers/hdds
2023-09-07 08:52:01,949 [main] INFO  ozoneimpl.OzoneContainer (OzoneContainer.java:buildContainerSet(314)) - Build ContainerSet costs 0s
2023-09-07 08:52:01,956 [main] INFO  server.RaftServer (ConfUtils.java:logGet(46)) - raft.rpc.type = GRPC (default)
2023-09-07 08:52:01,956 [main] INFO  grpc.GrpcConfigKeys (ConfUtils.java:logFallback(53)) - raft.grpc.admin.host = null (fallback to raft.grpc.server.host)
2023-09-07 08:52:01,957 [main] INFO  grpc.GrpcConfigKeys (ConfUtils.java:logGet(46)) - raft.grpc.admin.port = 15022 (custom)
2023-09-07 08:52:01,959 [main] INFO  grpc.GrpcConfigKeys (ConfUtils.java:logFallback(53)) - raft.grpc.client.host = null (fallback to raft.grpc.server.host)
2023-09-07 08:52:01,959 [main] INFO  grpc.GrpcConfigKeys (ConfUtils.java:logGet(46)) - raft.grpc.client.port = 15021 (custom)
2023-09-07 08:52:01,959 [main] INFO  grpc.GrpcConfigKeys (ConfUtils.java:logGet(46)) - raft.grpc.server.host = null (default)
2023-09-07 08:52:01,959 [main] INFO  grpc.GrpcConfigKeys (ConfUtils.java:logGet(46)) - raft.grpc.server.port = 15023 (custom)
2023-09-07 08:52:01,960 [main] INFO  server.GrpcService (ConfUtils.java:logGet(46)) - raft.grpc.message.size.max = 32MB (=33554432) (custom)
2023-09-07 08:52:01,960 [main] INFO  server.RaftServerConfigKeys (ConfUtils.java:logGet(46)) - raft.server.log.appender.buffer.byte-limit = 33554432 (custom)
2023-09-07 08:52:01,960 [main] INFO  server.GrpcService (ConfUtils.java:logGet(46)) - raft.grpc.flow.control.window = 5MB (=5242880) (custom)
2023-09-07 08:52:01,960 [main] INFO  server.RaftServerConfigKeys (ConfUtils.java:logGet(46)) - raft.server.rpc.request.timeout = 60s (custom)
2023-09-07 08:52:01,961 [main] INFO  grpc.GrpcConfigKeys (ConfUtils.java:logGet(46)) - raft.grpc.server.heartbeat.channel = true (default)
2023-09-07 08:52:01,962 [main] INFO  grpc.GrpcConfigKeys (ConfUtils.java:logGet(46)) - raft.grpc.server.async.request.thread.pool.cached = true (default)
2023-09-07 08:52:01,962 [main] INFO  grpc.GrpcConfigKeys (ConfUtils.java:logGet(46)) - raft.grpc.server.async.request.thread.pool.size = 32 (default)
2023-09-07 08:52:01,970 [main] INFO  impl.DataStreamServerImpl (ConfUtils.java:logGet(46)) - raft.datastream.type = NETTY (custom)
2023-09-07 08:52:01,970 [main] INFO  server.RaftServerConfigKeys (ConfUtils.java:logGet(46)) - raft.server.data-stream.async.request.thread.pool.cached = false (default)
2023-09-07 08:52:01,971 [main] INFO  server.RaftServerConfigKeys (ConfUtils.java:logGet(46)) - raft.server.data-stream.async.request.thread.pool.size = 20 (custom)
2023-09-07 08:52:01,971 [main] INFO  server.RaftServerConfigKeys (ConfUtils.java:logGet(46)) - raft.server.data-stream.async.write.thread.pool.size = 16 (default)
2023-09-07 08:52:01,971 [main] INFO  server.RaftServerConfigKeys (ConfUtils.java:logGet(46)) - raft.server.data-stream.client.pool.size = 10 (default)
2023-09-07 08:52:01,971 [main] INFO  netty.NettyConfigKeys$DataStream (ConfUtils.java:logGet(46)) - raft.netty.dataStream.server.use-epoll = false (default)
2023-09-07 08:52:01,972 [main] INFO  netty.NettyConfigKeys$DataStream (ConfUtils.java:logGet(46)) - raft.netty.dataStream.server.boss-group.size = 0 (default)
2023-09-07 08:52:01,973 [main] INFO  netty.NettyConfigKeys$DataStream (ConfUtils.java:logGet(46)) - raft.netty.dataStream.server.worker-group.size = 0 (default)
2023-09-07 08:52:01,975 [main] INFO  netty.NettyConfigKeys$DataStream (ConfUtils.java:logGet(46)) - raft.netty.dataStream.server.tls.conf = null (default)
2023-09-07 08:52:01,975 [main] INFO  netty.NettyConfigKeys$DataStream (ConfUtils.java:logGet(46)) - raft.netty.dataStream.host = null (default)
2023-09-07 08:52:01,975 [main] INFO  netty.NettyConfigKeys$DataStream (ConfUtils.java:logGet(46)) - raft.netty.dataStream.port = 15024 (custom)
2023-09-07 08:52:01,982 [main] INFO  server.RaftServerConfigKeys (ConfUtils.java:logGet(46)) - raft.server.threadpool.proxy.cached = true (default)
2023-09-07 08:52:01,982 [main] INFO  server.RaftServerConfigKeys (ConfUtils.java:logGet(46)) - raft.server.threadpool.proxy.size = 0 (default)
2023-09-07 08:52:01,983 [main] INFO  server.RaftServerConfigKeys (ConfUtils.java:logGet(46)) - raft.server.rpc.slowness.timeout = 300s (custom)
2023-09-07 08:52:01,983 [main] INFO  server.RaftServerConfigKeys (ConfUtils.java:logGet(46)) - raft.server.leaderelection.leader.step-down.wait-time = 10s (default)
2023-09-07 08:52:01,983 [main] INFO  server.RaftServerConfigKeys (ConfUtils.java:logGet(46)) - raft.server.storage.dir = [/home/runner/work/ozone/ozone/hadoop-ozone/integration-test/target/test-dir/MiniOzoneClusterImpl-480c9758-28d8-415f-a146-fed859d0e253/datanode-1/data/ratis] (custom)
2023-09-07 08:52:01,991 [276dcdcd-15bf-4616-85f3-24cbc9cded34-NettyServerStreamRpc-bossGroup--thread1] INFO  logging.LoggingHandler (AbstractInternalLogger.java:log(148)) - [id: 0x67aa3702] REGISTERED
2023-09-07 08:52:01,991 [276dcdcd-15bf-4616-85f3-24cbc9cded34-NettyServerStreamRpc-bossGroup--thread1] INFO  logging.LoggingHandler (AbstractInternalLogger.java:log(148)) - [id: 0x67aa3702] BIND: 0.0.0.0/0.0.0.0:15024
2023-09-07 08:52:01,992 [276dcdcd-15bf-4616-85f3-24cbc9cded34-NettyServerStreamRpc-bossGroup--thread1] INFO  logging.LoggingHandler (AbstractInternalLogger.java:log(148)) - [id: 0x67aa3702, L:/0:0:0:0:0:0:0:0:15024] ACTIVE
2023-09-07 08:52:01,997 [276dcdcd-15bf-4616-85f3-24cbc9cded34-impl-thread1] INFO  server.RaftServer (RaftServerProxy.java:initGroupDir(258)) - 276dcdcd-15bf-4616-85f3-24cbc9cded34: found a subdirectory /home/runner/work/ozone/ozone/hadoop-ozone/integration-test/target/test-dir/MiniOzoneClusterImpl-480c9758-28d8-415f-a146-fed859d0e253/datanode-1/data/ratis/tmp
2023-09-07 08:52:01,998 [276dcdcd-15bf-4616-85f3-24cbc9cded34-impl-thread1] INFO  server.RaftServer (RaftServerProxy.java:initGroupDir(263)) - 276dcdcd-15bf-4616-85f3-24cbc9cded34: The directory /home/runner/work/ozone/ozone/hadoop-ozone/integration-test/target/test-dir/MiniOzoneClusterImpl-480c9758-28d8-415f-a146-fed859d0e253/datanode-1/data/ratis/tmp is not a group directory; ignoring it. 
2023-09-07 08:52:01,999 [main] INFO  replication.ReplicationServer (ReplicationServer.java:<init>(81)) - Initializing replication server with thread count = 10
2023-09-07 08:52:02,002 [main] INFO  server.XceiverServerGrpc (XceiverServerGrpc.java:<init>(132)) - GrpcServer channel type EpollServerSocketChannel
2023-09-07 08:52:02,011 [main] INFO  replication.ReplicationSupervisor (ReplicationSupervisor.java:build(155)) - Initializing replication supervisor with thread count = 10
2023-09-07 08:52:02,011 [main] INFO  replication.ReplicationSupervisor (ReplicationSupervisor.java:nodeStateUpdated(307)) - Node state updated to IN_SERVICE, scaling executor pool size to 10
2023-09-07 08:52:02,024 [main] INFO  http.BaseHttpServer (BaseHttpServer.java:newHttpServer2BuilderForOzone(223)) - Starting Web-server for hddsDatanode at: http://0.0.0.0:15018
2023-09-07 08:52:02,025 [main] INFO  http.BaseHttpServer (BaseHttpServer.java:<init>(110)) - Hadoop Security Enabled: false Ozone Security Enabled: false Ozone HTTP Security Enabled: false 
2023-09-07 08:52:02,029 [main] WARN  server.AuthenticationFilter (AuthenticationFilter.java:constructSecretProvider(240)) - Unable to initialize FileSignerSecretProvider, falling back to use random secrets. Reason: Could not read signature secret file: /home/runner/hadoop-http-auth-signature-secret
2023-09-07 08:52:02,038 [main] INFO  http.HttpRequestLog (HttpRequestLog.java:getRequestLog(86)) - Http request log for http.requests.hddsDatanode is not defined
2023-09-07 08:52:02,037 [om1@group-C5BA1605619E-StateMachineUpdater] INFO  ratis.OzoneManagerStateMachine (OzoneManagerStateMachine.java:notifyConfigurationChanged(202)) - Received Configuration change notification from Ratis. New Peer list:
[id: "om1"
address: "localhost:15007"
startupRole: FOLLOWER
]
2023-09-07 08:52:02,040 [main] INFO  http.HttpServer2 (HttpServer2.java:addGlobalFilter(1031)) - Added global filter 'safety' (class=org.apache.hadoop.hdds.server.http.HttpServer2$QuotingInputFilter)
2023-09-07 08:52:02,041 [main] INFO  http.HttpServer2 (HttpServer2.java:addFilter(1007)) - Added filter static_user_filter (class=org.apache.hadoop.http.lib.StaticUserWebFilter$StaticUserFilter) to context hddsDatanode
2023-09-07 08:52:02,042 [main] INFO  http.HttpServer2 (HttpServer2.java:addFilter(1015)) - Added filter static_user_filter (class=org.apache.hadoop.http.lib.StaticUserWebFilter$StaticUserFilter) to context logs
2023-09-07 08:52:02,043 [main] INFO  http.HttpServer2 (HttpServer2.java:addFilter(1015)) - Added filter static_user_filter (class=org.apache.hadoop.http.lib.StaticUserWebFilter$StaticUserFilter) to context static
2023-09-07 08:52:02,044 [main] INFO  http.BaseHttpServer (BaseHttpServer.java:<init>(189)) - HTTP server of hddsDatanode uses base directory /home/runner/work/ozone/ozone/hadoop-ozone/integration-test/target/test-dir/MiniOzoneClusterImpl-480c9758-28d8-415f-a146-fed859d0e253/datanode-1/meta/webserver
2023-09-07 08:52:02,044 [main] INFO  http.HttpServer2 (HttpServer2.java:bindListener(1231)) - Jetty bound to port 15018
2023-09-07 08:52:02,045 [main] INFO  server.Server (Server.java:doStart(375)) - jetty-9.4.51.v20230217; built: 2023-02-17T08:19:37.309Z; git: b45c405e4544384de066f814ed42ae3dceacdd49; jvm 1.8.0_382-b05
2023-09-07 08:52:02,057 [main] INFO  server.session (DefaultSessionIdManager.java:doStart(334)) - DefaultSessionIdManager workerName=node0
2023-09-07 08:52:02,058 [main] INFO  server.session (DefaultSessionIdManager.java:doStart(339)) - No SessionScavenger set, using defaults
2023-09-07 08:52:02,058 [main] INFO  server.session (HouseKeeper.java:startScavenging(132)) - node0 Scavenging every 660000ms
2023-09-07 08:52:02,064 [main] INFO  handler.ContextHandler (ContextHandler.java:doStart(921)) - Started o.e.j.s.ServletContextHandler@401c01da{logs,/logs,file:///home/runner/work/ozone/ozone/hadoop-ozone/integration-test/target/log,AVAILABLE}
2023-09-07 08:52:02,066 [main] INFO  handler.ContextHandler (ContextHandler.java:doStart(921)) - Started o.e.j.s.ServletContextHandler@63129db5{static,/static,jar:file:/home/runner/.m2/repository/org/apache/ozone/hdds-container-service/1.4.0-SNAPSHOT/hdds-container-service-1.4.0-SNAPSHOT.jar!/webapps/static,AVAILABLE}
2023-09-07 08:52:02,107 [Datanode State Machine Task Thread - 0] INFO  datanode.InitDatanodeState (InitDatanodeState.java:persistContainerDatanodeDetails(138)) - DatanodeDetails is persisted to /home/runner/work/ozone/ozone/hadoop-ozone/integration-test/target/test-dir/MiniOzoneClusterImpl-480c9758-28d8-415f-a146-fed859d0e253/datanode-0/meta/datanode.id
2023-09-07 08:52:02,364 [main] INFO  handler.ContextHandler (ContextHandler.java:doStart(921)) - Started o.e.j.w.WebAppContext@3e9b410a{hddsDatanode,/,file:///home/runner/work/ozone/ozone/hadoop-ozone/integration-test/target/test-dir/MiniOzoneClusterImpl-480c9758-28d8-415f-a146-fed859d0e253/datanode-1/meta/webserver/jetty-0_0_0_0-15018-hdds-container-service-1_4_0-SNAPSHOT_jar-_-any-3475780656353932760/webapp/,AVAILABLE}{jar:file:/home/runner/.m2/repository/org/apache/ozone/hdds-container-service/1.4.0-SNAPSHOT/hdds-container-service-1.4.0-SNAPSHOT.jar!/webapps/hddsDatanode}
2023-09-07 08:52:02,365 [main] INFO  server.AbstractConnector (AbstractConnector.java:doStart(333)) - Started ServerConnector@35d8a515{HTTP/1.1, (http/1.1)}{0.0.0.0:15018}
2023-09-07 08:52:02,366 [main] INFO  server.Server (Server.java:doStart(415)) - Started @12705ms
2023-09-07 08:52:02,366 [main] WARN  impl.MetricsSystemImpl (MetricsSystemImpl.java:register(279)) - Sink prometheus already exists!
2023-09-07 08:52:02,367 [main] INFO  http.BaseHttpServer (BaseHttpServer.java:updateConnectorAddress(354)) - HTTP server of hddsDatanode listening at http://0.0.0.0:15018
2023-09-07 08:52:02,367 [main] INFO  ipc.CallQueueManager (CallQueueManager.java:<init>(90)) - Using callQueue: class java.util.concurrent.LinkedBlockingQueue, queueCapacity: 100, scheduler: class org.apache.hadoop.ipc.DefaultRpcScheduler, ipcBackoff: false.
2023-09-07 08:52:02,368 [main] INFO  ipc.Server (Server.java:<init>(1287)) - Listener at 0.0.0.0:15019
2023-09-07 08:52:02,369 [Socket Reader #1 for port 15019] INFO  ipc.Server (Server.java:run(1323)) - Starting Socket Reader #1 for port 15019
2023-09-07 08:52:02,378 [main] INFO  ozone.HddsDatanodeService (HddsDatanodeService.java:start(315)) - Datanode start with admins: [runner]
2023-09-07 08:52:02,378 [main] INFO  ozone.HddsDatanodeClientProtocolServer (HddsDatanodeClientProtocolServer.java:start(72)) - RPC server for Client /0.0.0.0:15019
2023-09-07 08:52:02,381 [IPC Server Responder] INFO  ipc.Server (Server.java:run(1562)) - IPC Server Responder: starting
2023-09-07 08:52:02,382 [IPC Server listener on 15019] INFO  ipc.Server (Server.java:run(1402)) - IPC Server listener on 15019: starting
2023-09-07 08:52:02,383 [main] WARN  impl.MetricRegistriesImpl (MetricRegistriesImpl.java:addReporterRegistration(111)) - New reporters are added after registries were created. Some metrics will be missing from the reporter. Please add reporter before adding any new registry.
2023-09-07 08:52:02,383 [Datanode State Machine Daemon Thread] INFO  statemachine.DatanodeStateMachine (DatanodeStateMachine.java:lambda$startDaemon$0(538)) - Ozone container server started.
2023-09-07 08:52:02,384 [main] WARN  impl.MetricRegistriesImpl (MetricRegistriesImpl.java:addReporterRegistration(111)) - New reporters are added after registries were created. Some metrics will be missing from the reporter. Please add reporter before adding any new registry.
2023-09-07 08:52:02,391 [main] INFO  impl.MetricsSystemImpl (MetricsSystemImpl.java:init(158)) - HddsDatanode metrics system started (again)
2023-09-07 08:52:02,406 [main] INFO  ozone.HddsDatanodeService (HddsDatanodeService.java:start(237)) - HddsDatanodeService host:fv-az793-921.vth4h2cvs0culokhaokvhxz15b.jx.internal.cloudapp.net ip:10.1.0.48
2023-09-07 08:52:02,455 [main] INFO  upgrade.AbstractLayoutVersionManager (AbstractLayoutVersionManager.java:init(83)) - Initializing Layout version manager with metadata layout = HADOOP_PRC_PORTS_IN_DATANODEDETAILS (version = 7), software layout = HADOOP_PRC_PORTS_IN_DATANODEDETAILS (version = 7)
2023-09-07 08:52:02,456 [main] INFO  statemachine.DatanodeStateMachine (DatanodeStateMachine.java:getEndPointTaskThreadPoolSize(282)) - Datanode State Machine Task Thread Pool size 2
2023-09-07 08:52:02,446 [Datanode State Machine Task Thread - 0] INFO  datanode.InitDatanodeState (InitDatanodeState.java:persistContainerDatanodeDetails(138)) - DatanodeDetails is persisted to /home/runner/work/ozone/ozone/hadoop-ozone/integration-test/target/test-dir/MiniOzoneClusterImpl-480c9758-28d8-415f-a146-fed859d0e253/datanode-1/meta/datanode.id
2023-09-07 08:52:02,469 [main] INFO  volume.HddsVolume (HddsVolume.java:<init>(126)) - Creating HddsVolume: /home/runner/work/ozone/ozone/hadoop-ozone/integration-test/target/test-dir/MiniOzoneClusterImpl-480c9758-28d8-415f-a146-fed859d0e253/datanode-2/data-0/containers/hdds of storage type : DISK capacity : 9223372036854775807
2023-09-07 08:52:02,470 [main] INFO  volume.MutableVolumeSet (MutableVolumeSet.java:initializeVolumeSet(173)) - Added Volume : /home/runner/work/ozone/ozone/hadoop-ozone/integration-test/target/test-dir/MiniOzoneClusterImpl-480c9758-28d8-415f-a146-fed859d0e253/datanode-2/data-0/containers/hdds to VolumeSet
2023-09-07 08:52:02,472 [main] INFO  volume.MutableVolumeSet (MutableVolumeSet.java:initializeVolumeSet(173)) - Added Volume : /home/runner/work/ozone/ozone/hadoop-ozone/integration-test/target/test-dir/MiniOzoneClusterImpl-480c9758-28d8-415f-a146-fed859d0e253/datanode-2/data/ratis to VolumeSet
2023-09-07 08:52:02,476 [Thread-176] INFO  ozoneimpl.ContainerReader (ContainerReader.java:readVolume(177)) - Finish verifying containers on volume /home/runner/work/ozone/ozone/hadoop-ozone/integration-test/target/test-dir/MiniOzoneClusterImpl-480c9758-28d8-415f-a146-fed859d0e253/datanode-2/data-0/containers/hdds
2023-09-07 08:52:02,476 [main] INFO  ozoneimpl.OzoneContainer (OzoneContainer.java:buildContainerSet(314)) - Build ContainerSet costs 0s
2023-09-07 08:52:02,487 [main] INFO  server.RaftServer (ConfUtils.java:logGet(46)) - raft.rpc.type = GRPC (default)
2023-09-07 08:52:02,487 [main] INFO  grpc.GrpcConfigKeys (ConfUtils.java:logFallback(53)) - raft.grpc.admin.host = null (fallback to raft.grpc.server.host)
2023-09-07 08:52:02,487 [main] INFO  grpc.GrpcConfigKeys (ConfUtils.java:logGet(46)) - raft.grpc.admin.port = 15031 (custom)
2023-09-07 08:52:02,487 [main] INFO  grpc.GrpcConfigKeys (ConfUtils.java:logFallback(53)) - raft.grpc.client.host = null (fallback to raft.grpc.server.host)
2023-09-07 08:52:02,487 [main] INFO  grpc.GrpcConfigKeys (ConfUtils.java:logGet(46)) - raft.grpc.client.port = 15030 (custom)
2023-09-07 08:52:02,488 [main] INFO  grpc.GrpcConfigKeys (ConfUtils.java:logGet(46)) - raft.grpc.server.host = null (default)
2023-09-07 08:52:02,488 [main] INFO  grpc.GrpcConfigKeys (ConfUtils.java:logGet(46)) - raft.grpc.server.port = 15032 (custom)
2023-09-07 08:52:02,488 [main] INFO  server.GrpcService (ConfUtils.java:logGet(46)) - raft.grpc.message.size.max = 32MB (=33554432) (custom)
2023-09-07 08:52:02,488 [main] INFO  server.RaftServerConfigKeys (ConfUtils.java:logGet(46)) - raft.server.log.appender.buffer.byte-limit = 33554432 (custom)
2023-09-07 08:52:02,489 [main] INFO  server.GrpcService (ConfUtils.java:logGet(46)) - raft.grpc.flow.control.window = 5MB (=5242880) (custom)
2023-09-07 08:52:02,489 [main] INFO  server.RaftServerConfigKeys (ConfUtils.java:logGet(46)) - raft.server.rpc.request.timeout = 60s (custom)
2023-09-07 08:52:02,489 [main] INFO  grpc.GrpcConfigKeys (ConfUtils.java:logGet(46)) - raft.grpc.server.heartbeat.channel = true (default)
2023-09-07 08:52:02,489 [main] INFO  grpc.GrpcConfigKeys (ConfUtils.java:logGet(46)) - raft.grpc.server.async.request.thread.pool.cached = true (default)
2023-09-07 08:52:02,489 [main] INFO  grpc.GrpcConfigKeys (ConfUtils.java:logGet(46)) - raft.grpc.server.async.request.thread.pool.size = 32 (default)
2023-09-07 08:52:02,493 [main] INFO  impl.DataStreamServerImpl (ConfUtils.java:logGet(46)) - raft.datastream.type = NETTY (custom)
2023-09-07 08:52:02,494 [main] INFO  server.RaftServerConfigKeys (ConfUtils.java:logGet(46)) - raft.server.data-stream.async.request.thread.pool.cached = false (default)
2023-09-07 08:52:02,494 [main] INFO  server.RaftServerConfigKeys (ConfUtils.java:logGet(46)) - raft.server.data-stream.async.request.thread.pool.size = 20 (custom)
2023-09-07 08:52:02,494 [main] INFO  server.RaftServerConfigKeys (ConfUtils.java:logGet(46)) - raft.server.data-stream.async.write.thread.pool.size = 16 (default)
2023-09-07 08:52:02,495 [main] INFO  server.RaftServerConfigKeys (ConfUtils.java:logGet(46)) - raft.server.data-stream.client.pool.size = 10 (default)
2023-09-07 08:52:02,495 [main] INFO  netty.NettyConfigKeys$DataStream (ConfUtils.java:logGet(46)) - raft.netty.dataStream.server.use-epoll = false (default)
2023-09-07 08:52:02,495 [main] INFO  netty.NettyConfigKeys$DataStream (ConfUtils.java:logGet(46)) - raft.netty.dataStream.server.boss-group.size = 0 (default)
2023-09-07 08:52:02,495 [main] INFO  netty.NettyConfigKeys$DataStream (ConfUtils.java:logGet(46)) - raft.netty.dataStream.server.worker-group.size = 0 (default)
2023-09-07 08:52:02,496 [main] INFO  netty.NettyConfigKeys$DataStream (ConfUtils.java:logGet(46)) - raft.netty.dataStream.server.tls.conf = null (default)
2023-09-07 08:52:02,496 [main] INFO  netty.NettyConfigKeys$DataStream (ConfUtils.java:logGet(46)) - raft.netty.dataStream.host = null (default)
2023-09-07 08:52:02,496 [main] INFO  netty.NettyConfigKeys$DataStream (ConfUtils.java:logGet(46)) - raft.netty.dataStream.port = 15033 (custom)
2023-09-07 08:52:02,497 [main] INFO  server.RaftServerConfigKeys (ConfUtils.java:logGet(46)) - raft.server.threadpool.proxy.cached = true (default)
2023-09-07 08:52:02,497 [main] INFO  server.RaftServerConfigKeys (ConfUtils.java:logGet(46)) - raft.server.threadpool.proxy.size = 0 (default)
2023-09-07 08:52:02,498 [main] INFO  server.RaftServerConfigKeys (ConfUtils.java:logGet(46)) - raft.server.rpc.slowness.timeout = 300s (custom)
2023-09-07 08:52:02,499 [453fd3f5-2dd8-488f-a349-96be441c1316-NettyServerStreamRpc-bossGroup--thread1] INFO  logging.LoggingHandler (AbstractInternalLogger.java:log(148)) - [id: 0xa1f583e6] REGISTERED
2023-09-07 08:52:02,499 [main] INFO  server.RaftServerConfigKeys (ConfUtils.java:logGet(46)) - raft.server.leaderelection.leader.step-down.wait-time = 10s (default)
2023-09-07 08:52:02,499 [453fd3f5-2dd8-488f-a349-96be441c1316-NettyServerStreamRpc-bossGroup--thread1] INFO  logging.LoggingHandler (AbstractInternalLogger.java:log(148)) - [id: 0xa1f583e6] BIND: 0.0.0.0/0.0.0.0:15033
2023-09-07 08:52:02,499 [main] INFO  server.RaftServerConfigKeys (ConfUtils.java:logGet(46)) - raft.server.storage.dir = [/home/runner/work/ozone/ozone/hadoop-ozone/integration-test/target/test-dir/MiniOzoneClusterImpl-480c9758-28d8-415f-a146-fed859d0e253/datanode-2/data/ratis] (custom)
2023-09-07 08:52:02,500 [453fd3f5-2dd8-488f-a349-96be441c1316-NettyServerStreamRpc-bossGroup--thread1] INFO  logging.LoggingHandler (AbstractInternalLogger.java:log(148)) - [id: 0xa1f583e6, L:/0:0:0:0:0:0:0:0:15033] ACTIVE
2023-09-07 08:52:02,502 [453fd3f5-2dd8-488f-a349-96be441c1316-impl-thread1] INFO  server.RaftServer (RaftServerProxy.java:initGroupDir(258)) - 453fd3f5-2dd8-488f-a349-96be441c1316: found a subdirectory /home/runner/work/ozone/ozone/hadoop-ozone/integration-test/target/test-dir/MiniOzoneClusterImpl-480c9758-28d8-415f-a146-fed859d0e253/datanode-2/data/ratis/tmp
2023-09-07 08:52:02,502 [453fd3f5-2dd8-488f-a349-96be441c1316-impl-thread1] INFO  server.RaftServer (RaftServerProxy.java:initGroupDir(263)) - 453fd3f5-2dd8-488f-a349-96be441c1316: The directory /home/runner/work/ozone/ozone/hadoop-ozone/integration-test/target/test-dir/MiniOzoneClusterImpl-480c9758-28d8-415f-a146-fed859d0e253/datanode-2/data/ratis/tmp is not a group directory; ignoring it. 
2023-09-07 08:52:02,503 [main] INFO  replication.ReplicationServer (ReplicationServer.java:<init>(81)) - Initializing replication server with thread count = 10
2023-09-07 08:52:02,505 [main] INFO  server.XceiverServerGrpc (XceiverServerGrpc.java:<init>(132)) - GrpcServer channel type EpollServerSocketChannel
2023-09-07 08:52:02,508 [main] INFO  replication.ReplicationSupervisor (ReplicationSupervisor.java:build(155)) - Initializing replication supervisor with thread count = 10
2023-09-07 08:52:02,509 [main] INFO  replication.ReplicationSupervisor (ReplicationSupervisor.java:nodeStateUpdated(307)) - Node state updated to IN_SERVICE, scaling executor pool size to 10
2023-09-07 08:52:02,512 [main] INFO  http.BaseHttpServer (BaseHttpServer.java:newHttpServer2BuilderForOzone(223)) - Starting Web-server for hddsDatanode at: http://0.0.0.0:15027
2023-09-07 08:52:02,512 [main] INFO  http.BaseHttpServer (BaseHttpServer.java:<init>(110)) - Hadoop Security Enabled: false Ozone Security Enabled: false Ozone HTTP Security Enabled: false 
2023-09-07 08:52:02,514 [main] WARN  server.AuthenticationFilter (AuthenticationFilter.java:constructSecretProvider(240)) - Unable to initialize FileSignerSecretProvider, falling back to use random secrets. Reason: Could not read signature secret file: /home/runner/hadoop-http-auth-signature-secret
2023-09-07 08:52:02,515 [main] INFO  http.HttpRequestLog (HttpRequestLog.java:getRequestLog(86)) - Http request log for http.requests.hddsDatanode is not defined
2023-09-07 08:52:02,516 [main] INFO  http.HttpServer2 (HttpServer2.java:addGlobalFilter(1031)) - Added global filter 'safety' (class=org.apache.hadoop.hdds.server.http.HttpServer2$QuotingInputFilter)
2023-09-07 08:52:02,518 [main] INFO  http.HttpServer2 (HttpServer2.java:addFilter(1007)) - Added filter static_user_filter (class=org.apache.hadoop.http.lib.StaticUserWebFilter$StaticUserFilter) to context hddsDatanode
2023-09-07 08:52:02,518 [main] INFO  http.HttpServer2 (HttpServer2.java:addFilter(1015)) - Added filter static_user_filter (class=org.apache.hadoop.http.lib.StaticUserWebFilter$StaticUserFilter) to context static
2023-09-07 08:52:02,518 [main] INFO  http.HttpServer2 (HttpServer2.java:addFilter(1015)) - Added filter static_user_filter (class=org.apache.hadoop.http.lib.StaticUserWebFilter$StaticUserFilter) to context logs
2023-09-07 08:52:02,519 [main] INFO  http.BaseHttpServer (BaseHttpServer.java:<init>(189)) - HTTP server of hddsDatanode uses base directory /home/runner/work/ozone/ozone/hadoop-ozone/integration-test/target/test-dir/MiniOzoneClusterImpl-480c9758-28d8-415f-a146-fed859d0e253/datanode-2/meta/webserver
2023-09-07 08:52:02,519 [main] INFO  http.HttpServer2 (HttpServer2.java:bindListener(1231)) - Jetty bound to port 15027
2023-09-07 08:52:02,519 [main] INFO  server.Server (Server.java:doStart(375)) - jetty-9.4.51.v20230217; built: 2023-02-17T08:19:37.309Z; git: b45c405e4544384de066f814ed42ae3dceacdd49; jvm 1.8.0_382-b05
2023-09-07 08:52:02,537 [main] INFO  server.session (DefaultSessionIdManager.java:doStart(334)) - DefaultSessionIdManager workerName=node0
2023-09-07 08:52:02,538 [main] INFO  server.session (DefaultSessionIdManager.java:doStart(339)) - No SessionScavenger set, using defaults
2023-09-07 08:52:02,538 [main] INFO  server.session (HouseKeeper.java:startScavenging(132)) - node0 Scavenging every 660000ms
2023-09-07 08:52:02,539 [main] INFO  handler.ContextHandler (ContextHandler.java:doStart(921)) - Started o.e.j.s.ServletContextHandler@41b22d29{logs,/logs,file:///home/runner/work/ozone/ozone/hadoop-ozone/integration-test/target/log,AVAILABLE}
2023-09-07 08:52:02,540 [main] INFO  handler.ContextHandler (ContextHandler.java:doStart(921)) - Started o.e.j.s.ServletContextHandler@4e874ae1{static,/static,jar:file:/home/runner/.m2/repository/org/apache/ozone/hdds-container-service/1.4.0-SNAPSHOT/hdds-container-service-1.4.0-SNAPSHOT.jar!/webapps/static,AVAILABLE}
2023-09-07 08:52:02,791 [main] INFO  handler.ContextHandler (ContextHandler.java:doStart(921)) - Started o.e.j.w.WebAppContext@491ef938{hddsDatanode,/,file:///home/runner/work/ozone/ozone/hadoop-ozone/integration-test/target/test-dir/MiniOzoneClusterImpl-480c9758-28d8-415f-a146-fed859d0e253/datanode-2/meta/webserver/jetty-0_0_0_0-15027-hdds-container-service-1_4_0-SNAPSHOT_jar-_-any-1457033043564729182/webapp/,AVAILABLE}{jar:file:/home/runner/.m2/repository/org/apache/ozone/hdds-container-service/1.4.0-SNAPSHOT/hdds-container-service-1.4.0-SNAPSHOT.jar!/webapps/hddsDatanode}
2023-09-07 08:52:02,795 [main] INFO  server.AbstractConnector (AbstractConnector.java:doStart(333)) - Started ServerConnector@19d40bc6{HTTP/1.1, (http/1.1)}{0.0.0.0:15027}
2023-09-07 08:52:02,795 [main] INFO  server.Server (Server.java:doStart(415)) - Started @13135ms
2023-09-07 08:52:02,796 [main] WARN  impl.MetricsSystemImpl (MetricsSystemImpl.java:register(279)) - Sink prometheus already exists!
2023-09-07 08:52:02,797 [main] INFO  http.BaseHttpServer (BaseHttpServer.java:updateConnectorAddress(354)) - HTTP server of hddsDatanode listening at http://0.0.0.0:15027
2023-09-07 08:52:02,797 [main] INFO  ipc.CallQueueManager (CallQueueManager.java:<init>(90)) - Using callQueue: class java.util.concurrent.LinkedBlockingQueue, queueCapacity: 100, scheduler: class org.apache.hadoop.ipc.DefaultRpcScheduler, ipcBackoff: false.
2023-09-07 08:52:02,797 [main] INFO  ipc.Server (Server.java:<init>(1287)) - Listener at 0.0.0.0:15028
2023-09-07 08:52:02,801 [Socket Reader #1 for port 15028] INFO  ipc.Server (Server.java:run(1323)) - Starting Socket Reader #1 for port 15028
2023-09-07 08:52:02,810 [main] INFO  ozone.HddsDatanodeService (HddsDatanodeService.java:start(315)) - Datanode start with admins: [runner]
2023-09-07 08:52:02,810 [main] INFO  ozone.HddsDatanodeClientProtocolServer (HddsDatanodeClientProtocolServer.java:start(72)) - RPC server for Client /0.0.0.0:15028
2023-09-07 08:52:02,810 [IPC Server Responder] INFO  ipc.Server (Server.java:run(1562)) - IPC Server Responder: starting
2023-09-07 08:52:02,811 [IPC Server listener on 15028] INFO  ipc.Server (Server.java:run(1402)) - IPC Server listener on 15028: starting
2023-09-07 08:52:02,814 [Datanode State Machine Daemon Thread] INFO  statemachine.DatanodeStateMachine (DatanodeStateMachine.java:lambda$startDaemon$0(538)) - Ozone container server started.
2023-09-07 08:52:02,820 [main] WARN  impl.MetricRegistriesImpl (MetricRegistriesImpl.java:addReporterRegistration(111)) - New reporters are added after registries were created. Some metrics will be missing from the reporter. Please add reporter before adding any new registry.
2023-09-07 08:52:02,820 [main] WARN  impl.MetricRegistriesImpl (MetricRegistriesImpl.java:addReporterRegistration(111)) - New reporters are added after registries were created. Some metrics will be missing from the reporter. Please add reporter before adding any new registry.
2023-09-07 08:52:02,825 [main] INFO  impl.MetricsSystemImpl (MetricsSystemImpl.java:init(158)) - HddsDatanode metrics system started (again)
2023-09-07 08:52:02,829 [Datanode State Machine Task Thread - 0] INFO  datanode.InitDatanodeState (InitDatanodeState.java:persistContainerDatanodeDetails(138)) - DatanodeDetails is persisted to /home/runner/work/ozone/ozone/hadoop-ozone/integration-test/target/test-dir/MiniOzoneClusterImpl-480c9758-28d8-415f-a146-fed859d0e253/datanode-2/meta/datanode.id
2023-09-07 08:52:02,848 [main] INFO  ozone.HddsDatanodeService (HddsDatanodeService.java:start(237)) - HddsDatanodeService host:fv-az793-921.vth4h2cvs0culokhaokvhxz15b.jx.internal.cloudapp.net ip:10.1.0.48
2023-09-07 08:52:02,905 [main] INFO  upgrade.AbstractLayoutVersionManager (AbstractLayoutVersionManager.java:init(83)) - Initializing Layout version manager with metadata layout = HADOOP_PRC_PORTS_IN_DATANODEDETAILS (version = 7), software layout = HADOOP_PRC_PORTS_IN_DATANODEDETAILS (version = 7)
2023-09-07 08:52:02,907 [main] INFO  statemachine.DatanodeStateMachine (DatanodeStateMachine.java:getEndPointTaskThreadPoolSize(282)) - Datanode State Machine Task Thread Pool size 2
2023-09-07 08:52:02,913 [main] INFO  volume.HddsVolume (HddsVolume.java:<init>(126)) - Creating HddsVolume: /home/runner/work/ozone/ozone/hadoop-ozone/integration-test/target/test-dir/MiniOzoneClusterImpl-480c9758-28d8-415f-a146-fed859d0e253/datanode-3/data-0/containers/hdds of storage type : DISK capacity : 9223372036854775807
2023-09-07 08:52:02,913 [main] INFO  volume.MutableVolumeSet (MutableVolumeSet.java:initializeVolumeSet(173)) - Added Volume : /home/runner/work/ozone/ozone/hadoop-ozone/integration-test/target/test-dir/MiniOzoneClusterImpl-480c9758-28d8-415f-a146-fed859d0e253/datanode-3/data-0/containers/hdds to VolumeSet
2023-09-07 08:52:02,922 [main] INFO  volume.MutableVolumeSet (MutableVolumeSet.java:initializeVolumeSet(173)) - Added Volume : /home/runner/work/ozone/ozone/hadoop-ozone/integration-test/target/test-dir/MiniOzoneClusterImpl-480c9758-28d8-415f-a146-fed859d0e253/datanode-3/data/ratis to VolumeSet
2023-09-07 08:52:02,923 [Thread-193] INFO  ozoneimpl.ContainerReader (ContainerReader.java:readVolume(177)) - Finish verifying containers on volume /home/runner/work/ozone/ozone/hadoop-ozone/integration-test/target/test-dir/MiniOzoneClusterImpl-480c9758-28d8-415f-a146-fed859d0e253/datanode-3/data-0/containers/hdds
2023-09-07 08:52:02,923 [main] INFO  ozoneimpl.OzoneContainer (OzoneContainer.java:buildContainerSet(314)) - Build ContainerSet costs 0s
2023-09-07 08:52:02,927 [main] INFO  server.RaftServer (ConfUtils.java:logGet(46)) - raft.rpc.type = GRPC (default)
2023-09-07 08:52:02,928 [main] INFO  grpc.GrpcConfigKeys (ConfUtils.java:logFallback(53)) - raft.grpc.admin.host = null (fallback to raft.grpc.server.host)
2023-09-07 08:52:02,928 [main] INFO  grpc.GrpcConfigKeys (ConfUtils.java:logGet(46)) - raft.grpc.admin.port = 15040 (custom)
2023-09-07 08:52:02,928 [main] INFO  grpc.GrpcConfigKeys (ConfUtils.java:logFallback(53)) - raft.grpc.client.host = null (fallback to raft.grpc.server.host)
2023-09-07 08:52:02,928 [main] INFO  grpc.GrpcConfigKeys (ConfUtils.java:logGet(46)) - raft.grpc.client.port = 15039 (custom)
2023-09-07 08:52:02,928 [main] INFO  grpc.GrpcConfigKeys (ConfUtils.java:logGet(46)) - raft.grpc.server.host = null (default)
2023-09-07 08:52:02,929 [main] INFO  grpc.GrpcConfigKeys (ConfUtils.java:logGet(46)) - raft.grpc.server.port = 15041 (custom)
2023-09-07 08:52:02,929 [main] INFO  server.GrpcService (ConfUtils.java:logGet(46)) - raft.grpc.message.size.max = 32MB (=33554432) (custom)
2023-09-07 08:52:02,929 [main] INFO  server.RaftServerConfigKeys (ConfUtils.java:logGet(46)) - raft.server.log.appender.buffer.byte-limit = 33554432 (custom)
2023-09-07 08:52:02,929 [main] INFO  server.GrpcService (ConfUtils.java:logGet(46)) - raft.grpc.flow.control.window = 5MB (=5242880) (custom)
2023-09-07 08:52:02,930 [main] INFO  server.RaftServerConfigKeys (ConfUtils.java:logGet(46)) - raft.server.rpc.request.timeout = 60s (custom)
2023-09-07 08:52:02,930 [main] INFO  grpc.GrpcConfigKeys (ConfUtils.java:logGet(46)) - raft.grpc.server.heartbeat.channel = true (default)
2023-09-07 08:52:02,930 [main] INFO  grpc.GrpcConfigKeys (ConfUtils.java:logGet(46)) - raft.grpc.server.async.request.thread.pool.cached = true (default)
2023-09-07 08:52:02,930 [main] INFO  grpc.GrpcConfigKeys (ConfUtils.java:logGet(46)) - raft.grpc.server.async.request.thread.pool.size = 32 (default)
2023-09-07 08:52:02,934 [main] INFO  impl.DataStreamServerImpl (ConfUtils.java:logGet(46)) - raft.datastream.type = NETTY (custom)
2023-09-07 08:52:02,934 [main] INFO  server.RaftServerConfigKeys (ConfUtils.java:logGet(46)) - raft.server.data-stream.async.request.thread.pool.cached = false (default)
2023-09-07 08:52:02,935 [main] INFO  server.RaftServerConfigKeys (ConfUtils.java:logGet(46)) - raft.server.data-stream.async.request.thread.pool.size = 20 (custom)
2023-09-07 08:52:02,935 [main] INFO  server.RaftServerConfigKeys (ConfUtils.java:logGet(46)) - raft.server.data-stream.async.write.thread.pool.size = 16 (default)
2023-09-07 08:52:02,935 [main] INFO  server.RaftServerConfigKeys (ConfUtils.java:logGet(46)) - raft.server.data-stream.client.pool.size = 10 (default)
2023-09-07 08:52:02,935 [main] INFO  netty.NettyConfigKeys$DataStream (ConfUtils.java:logGet(46)) - raft.netty.dataStream.server.use-epoll = false (default)
2023-09-07 08:52:02,935 [main] INFO  netty.NettyConfigKeys$DataStream (ConfUtils.java:logGet(46)) - raft.netty.dataStream.server.boss-group.size = 0 (default)
2023-09-07 08:52:02,936 [main] INFO  netty.NettyConfigKeys$DataStream (ConfUtils.java:logGet(46)) - raft.netty.dataStream.server.worker-group.size = 0 (default)
2023-09-07 08:52:02,937 [main] INFO  netty.NettyConfigKeys$DataStream (ConfUtils.java:logGet(46)) - raft.netty.dataStream.server.tls.conf = null (default)
2023-09-07 08:52:02,937 [main] INFO  netty.NettyConfigKeys$DataStream (ConfUtils.java:logGet(46)) - raft.netty.dataStream.host = null (default)
2023-09-07 08:52:02,937 [main] INFO  netty.NettyConfigKeys$DataStream (ConfUtils.java:logGet(46)) - raft.netty.dataStream.port = 15042 (custom)
2023-09-07 08:52:02,938 [main] INFO  server.RaftServerConfigKeys (ConfUtils.java:logGet(46)) - raft.server.threadpool.proxy.cached = true (default)
2023-09-07 08:52:02,938 [main] INFO  server.RaftServerConfigKeys (ConfUtils.java:logGet(46)) - raft.server.threadpool.proxy.size = 0 (default)
2023-09-07 08:52:02,938 [main] INFO  server.RaftServerConfigKeys (ConfUtils.java:logGet(46)) - raft.server.rpc.slowness.timeout = 300s (custom)
2023-09-07 08:52:02,938 [main] INFO  server.RaftServerConfigKeys (ConfUtils.java:logGet(46)) - raft.server.leaderelection.leader.step-down.wait-time = 10s (default)
2023-09-07 08:52:02,938 [main] INFO  server.RaftServerConfigKeys (ConfUtils.java:logGet(46)) - raft.server.storage.dir = [/home/runner/work/ozone/ozone/hadoop-ozone/integration-test/target/test-dir/MiniOzoneClusterImpl-480c9758-28d8-415f-a146-fed859d0e253/datanode-3/data/ratis] (custom)
2023-09-07 08:52:02,948 [7027ac8d-bbe4-4820-bd68-7a29676b00c5-impl-thread1] INFO  server.RaftServer (RaftServerProxy.java:initGroupDir(258)) - 7027ac8d-bbe4-4820-bd68-7a29676b00c5: found a subdirectory /home/runner/work/ozone/ozone/hadoop-ozone/integration-test/target/test-dir/MiniOzoneClusterImpl-480c9758-28d8-415f-a146-fed859d0e253/datanode-3/data/ratis/tmp
2023-09-07 08:52:02,948 [7027ac8d-bbe4-4820-bd68-7a29676b00c5-impl-thread1] INFO  server.RaftServer (RaftServerProxy.java:initGroupDir(263)) - 7027ac8d-bbe4-4820-bd68-7a29676b00c5: The directory /home/runner/work/ozone/ozone/hadoop-ozone/integration-test/target/test-dir/MiniOzoneClusterImpl-480c9758-28d8-415f-a146-fed859d0e253/datanode-3/data/ratis/tmp is not a group directory; ignoring it. 
2023-09-07 08:52:02,949 [main] INFO  replication.ReplicationServer (ReplicationServer.java:<init>(81)) - Initializing replication server with thread count = 10
2023-09-07 08:52:02,951 [main] INFO  server.XceiverServerGrpc (XceiverServerGrpc.java:<init>(132)) - GrpcServer channel type EpollServerSocketChannel
2023-09-07 08:52:02,954 [main] INFO  replication.ReplicationSupervisor (ReplicationSupervisor.java:build(155)) - Initializing replication supervisor with thread count = 10
2023-09-07 08:52:02,954 [main] INFO  replication.ReplicationSupervisor (ReplicationSupervisor.java:nodeStateUpdated(307)) - Node state updated to IN_SERVICE, scaling executor pool size to 10
2023-09-07 08:52:02,956 [7027ac8d-bbe4-4820-bd68-7a29676b00c5-NettyServerStreamRpc-bossGroup--thread1] INFO  logging.LoggingHandler (AbstractInternalLogger.java:log(148)) - [id: 0xc950ae0e] REGISTERED
2023-09-07 08:52:02,956 [7027ac8d-bbe4-4820-bd68-7a29676b00c5-NettyServerStreamRpc-bossGroup--thread1] INFO  logging.LoggingHandler (AbstractInternalLogger.java:log(148)) - [id: 0xc950ae0e] BIND: 0.0.0.0/0.0.0.0:15042
2023-09-07 08:52:02,956 [7027ac8d-bbe4-4820-bd68-7a29676b00c5-NettyServerStreamRpc-bossGroup--thread1] INFO  logging.LoggingHandler (AbstractInternalLogger.java:log(148)) - [id: 0xc950ae0e, L:/0:0:0:0:0:0:0:0:15042] ACTIVE
2023-09-07 08:52:02,959 [main] INFO  http.BaseHttpServer (BaseHttpServer.java:newHttpServer2BuilderForOzone(223)) - Starting Web-server for hddsDatanode at: http://0.0.0.0:15036
2023-09-07 08:52:02,959 [main] INFO  http.BaseHttpServer (BaseHttpServer.java:<init>(110)) - Hadoop Security Enabled: false Ozone Security Enabled: false Ozone HTTP Security Enabled: false 
2023-09-07 08:52:02,961 [main] WARN  server.AuthenticationFilter (AuthenticationFilter.java:constructSecretProvider(240)) - Unable to initialize FileSignerSecretProvider, falling back to use random secrets. Reason: Could not read signature secret file: /home/runner/hadoop-http-auth-signature-secret
2023-09-07 08:52:02,962 [main] INFO  http.HttpRequestLog (HttpRequestLog.java:getRequestLog(86)) - Http request log for http.requests.hddsDatanode is not defined
2023-09-07 08:52:02,964 [main] INFO  http.HttpServer2 (HttpServer2.java:addGlobalFilter(1031)) - Added global filter 'safety' (class=org.apache.hadoop.hdds.server.http.HttpServer2$QuotingInputFilter)
2023-09-07 08:52:02,965 [main] INFO  http.HttpServer2 (HttpServer2.java:addFilter(1007)) - Added filter static_user_filter (class=org.apache.hadoop.http.lib.StaticUserWebFilter$StaticUserFilter) to context hddsDatanode
2023-09-07 08:52:02,965 [main] INFO  http.HttpServer2 (HttpServer2.java:addFilter(1015)) - Added filter static_user_filter (class=org.apache.hadoop.http.lib.StaticUserWebFilter$StaticUserFilter) to context logs
2023-09-07 08:52:02,966 [main] INFO  http.HttpServer2 (HttpServer2.java:addFilter(1015)) - Added filter static_user_filter (class=org.apache.hadoop.http.lib.StaticUserWebFilter$StaticUserFilter) to context static
2023-09-07 08:52:02,968 [main] INFO  http.BaseHttpServer (BaseHttpServer.java:<init>(189)) - HTTP server of hddsDatanode uses base directory /home/runner/work/ozone/ozone/hadoop-ozone/integration-test/target/test-dir/MiniOzoneClusterImpl-480c9758-28d8-415f-a146-fed859d0e253/datanode-3/meta/webserver
2023-09-07 08:52:02,969 [main] INFO  http.HttpServer2 (HttpServer2.java:bindListener(1231)) - Jetty bound to port 15036
2023-09-07 08:52:02,969 [main] INFO  server.Server (Server.java:doStart(375)) - jetty-9.4.51.v20230217; built: 2023-02-17T08:19:37.309Z; git: b45c405e4544384de066f814ed42ae3dceacdd49; jvm 1.8.0_382-b05
2023-09-07 08:52:02,976 [main] INFO  server.session (DefaultSessionIdManager.java:doStart(334)) - DefaultSessionIdManager workerName=node0
2023-09-07 08:52:02,977 [main] INFO  server.session (DefaultSessionIdManager.java:doStart(339)) - No SessionScavenger set, using defaults
2023-09-07 08:52:02,977 [main] INFO  server.session (HouseKeeper.java:startScavenging(132)) - node0 Scavenging every 600000ms
2023-09-07 08:52:02,978 [main] INFO  handler.ContextHandler (ContextHandler.java:doStart(921)) - Started o.e.j.s.ServletContextHandler@7bbe59db{logs,/logs,file:///home/runner/work/ozone/ozone/hadoop-ozone/integration-test/target/log,AVAILABLE}
2023-09-07 08:52:02,979 [main] INFO  handler.ContextHandler (ContextHandler.java:doStart(921)) - Started o.e.j.s.ServletContextHandler@4b6a558c{static,/static,jar:file:/home/runner/.m2/repository/org/apache/ozone/hdds-container-service/1.4.0-SNAPSHOT/hdds-container-service-1.4.0-SNAPSHOT.jar!/webapps/static,AVAILABLE}
2023-09-07 08:52:03,243 [main] INFO  handler.ContextHandler (ContextHandler.java:doStart(921)) - Started o.e.j.w.WebAppContext@3ee3a6f2{hddsDatanode,/,file:///home/runner/work/ozone/ozone/hadoop-ozone/integration-test/target/test-dir/MiniOzoneClusterImpl-480c9758-28d8-415f-a146-fed859d0e253/datanode-3/meta/webserver/jetty-0_0_0_0-15036-hdds-container-service-1_4_0-SNAPSHOT_jar-_-any-6326911229379307461/webapp/,AVAILABLE}{jar:file:/home/runner/.m2/repository/org/apache/ozone/hdds-container-service/1.4.0-SNAPSHOT/hdds-container-service-1.4.0-SNAPSHOT.jar!/webapps/hddsDatanode}
2023-09-07 08:52:03,245 [main] INFO  server.AbstractConnector (AbstractConnector.java:doStart(333)) - Started ServerConnector@31084a85{HTTP/1.1, (http/1.1)}{0.0.0.0:15036}
2023-09-07 08:52:03,245 [main] INFO  server.Server (Server.java:doStart(415)) - Started @13584ms
2023-09-07 08:52:03,245 [main] WARN  impl.MetricsSystemImpl (MetricsSystemImpl.java:register(279)) - Sink prometheus already exists!
2023-09-07 08:52:03,246 [main] INFO  http.BaseHttpServer (BaseHttpServer.java:updateConnectorAddress(354)) - HTTP server of hddsDatanode listening at http://0.0.0.0:15036
2023-09-07 08:52:03,246 [main] INFO  ipc.CallQueueManager (CallQueueManager.java:<init>(90)) - Using callQueue: class java.util.concurrent.LinkedBlockingQueue, queueCapacity: 100, scheduler: class org.apache.hadoop.ipc.DefaultRpcScheduler, ipcBackoff: false.
2023-09-07 08:52:03,247 [main] INFO  ipc.Server (Server.java:<init>(1287)) - Listener at 0.0.0.0:15037
2023-09-07 08:52:03,247 [Socket Reader #1 for port 15037] INFO  ipc.Server (Server.java:run(1323)) - Starting Socket Reader #1 for port 15037
2023-09-07 08:52:03,250 [main] INFO  ozone.HddsDatanodeService (HddsDatanodeService.java:start(315)) - Datanode start with admins: [runner]
2023-09-07 08:52:03,253 [main] INFO  ozone.HddsDatanodeClientProtocolServer (HddsDatanodeClientProtocolServer.java:start(72)) - RPC server for Client /0.0.0.0:15037
2023-09-07 08:52:03,253 [IPC Server Responder] INFO  ipc.Server (Server.java:run(1562)) - IPC Server Responder: starting
2023-09-07 08:52:03,253 [IPC Server listener on 15037] INFO  ipc.Server (Server.java:run(1402)) - IPC Server listener on 15037: starting
2023-09-07 08:52:03,254 [Datanode State Machine Daemon Thread] INFO  statemachine.DatanodeStateMachine (DatanodeStateMachine.java:lambda$startDaemon$0(538)) - Ozone container server started.
2023-09-07 08:52:03,254 [main] WARN  impl.MetricRegistriesImpl (MetricRegistriesImpl.java:addReporterRegistration(111)) - New reporters are added after registries were created. Some metrics will be missing from the reporter. Please add reporter before adding any new registry.
2023-09-07 08:52:03,254 [main] WARN  impl.MetricRegistriesImpl (MetricRegistriesImpl.java:addReporterRegistration(111)) - New reporters are added after registries were created. Some metrics will be missing from the reporter. Please add reporter before adding any new registry.
2023-09-07 08:52:03,254 [main] INFO  impl.MetricsSystemImpl (MetricsSystemImpl.java:init(158)) - HddsDatanode metrics system started (again)
2023-09-07 08:52:03,286 [main] INFO  ozone.HddsDatanodeService (HddsDatanodeService.java:start(237)) - HddsDatanodeService host:fv-az793-921.vth4h2cvs0culokhaokvhxz15b.jx.internal.cloudapp.net ip:10.1.0.48
2023-09-07 08:52:03,290 [Datanode State Machine Task Thread - 0] INFO  datanode.InitDatanodeState (InitDatanodeState.java:persistContainerDatanodeDetails(138)) - DatanodeDetails is persisted to /home/runner/work/ozone/ozone/hadoop-ozone/integration-test/target/test-dir/MiniOzoneClusterImpl-480c9758-28d8-415f-a146-fed859d0e253/datanode-3/meta/datanode.id
2023-09-07 08:52:03,338 [main] INFO  upgrade.AbstractLayoutVersionManager (AbstractLayoutVersionManager.java:init(83)) - Initializing Layout version manager with metadata layout = HADOOP_PRC_PORTS_IN_DATANODEDETAILS (version = 7), software layout = HADOOP_PRC_PORTS_IN_DATANODEDETAILS (version = 7)
2023-09-07 08:52:03,339 [main] INFO  statemachine.DatanodeStateMachine (DatanodeStateMachine.java:getEndPointTaskThreadPoolSize(282)) - Datanode State Machine Task Thread Pool size 2
2023-09-07 08:52:03,343 [main] INFO  volume.HddsVolume (HddsVolume.java:<init>(126)) - Creating HddsVolume: /home/runner/work/ozone/ozone/hadoop-ozone/integration-test/target/test-dir/MiniOzoneClusterImpl-480c9758-28d8-415f-a146-fed859d0e253/datanode-4/data-0/containers/hdds of storage type : DISK capacity : 9223372036854775807
2023-09-07 08:52:03,343 [main] INFO  volume.MutableVolumeSet (MutableVolumeSet.java:initializeVolumeSet(173)) - Added Volume : /home/runner/work/ozone/ozone/hadoop-ozone/integration-test/target/test-dir/MiniOzoneClusterImpl-480c9758-28d8-415f-a146-fed859d0e253/datanode-4/data-0/containers/hdds to VolumeSet
2023-09-07 08:52:03,344 [main] INFO  volume.MutableVolumeSet (MutableVolumeSet.java:initializeVolumeSet(173)) - Added Volume : /home/runner/work/ozone/ozone/hadoop-ozone/integration-test/target/test-dir/MiniOzoneClusterImpl-480c9758-28d8-415f-a146-fed859d0e253/datanode-4/data/ratis to VolumeSet
2023-09-07 08:52:03,349 [Thread-210] INFO  ozoneimpl.ContainerReader (ContainerReader.java:readVolume(177)) - Finish verifying containers on volume /home/runner/work/ozone/ozone/hadoop-ozone/integration-test/target/test-dir/MiniOzoneClusterImpl-480c9758-28d8-415f-a146-fed859d0e253/datanode-4/data-0/containers/hdds
2023-09-07 08:52:03,349 [main] INFO  ozoneimpl.OzoneContainer (OzoneContainer.java:buildContainerSet(314)) - Build ContainerSet costs 0s
2023-09-07 08:52:03,360 [main] INFO  server.RaftServer (ConfUtils.java:logGet(46)) - raft.rpc.type = GRPC (default)
2023-09-07 08:52:03,360 [main] INFO  grpc.GrpcConfigKeys (ConfUtils.java:logFallback(53)) - raft.grpc.admin.host = null (fallback to raft.grpc.server.host)
2023-09-07 08:52:03,361 [main] INFO  grpc.GrpcConfigKeys (ConfUtils.java:logGet(46)) - raft.grpc.admin.port = 15049 (custom)
2023-09-07 08:52:03,361 [main] INFO  grpc.GrpcConfigKeys (ConfUtils.java:logFallback(53)) - raft.grpc.client.host = null (fallback to raft.grpc.server.host)
2023-09-07 08:52:03,361 [main] INFO  grpc.GrpcConfigKeys (ConfUtils.java:logGet(46)) - raft.grpc.client.port = 15048 (custom)
2023-09-07 08:52:03,361 [main] INFO  grpc.GrpcConfigKeys (ConfUtils.java:logGet(46)) - raft.grpc.server.host = null (default)
2023-09-07 08:52:03,361 [main] INFO  grpc.GrpcConfigKeys (ConfUtils.java:logGet(46)) - raft.grpc.server.port = 15050 (custom)
2023-09-07 08:52:03,362 [main] INFO  server.GrpcService (ConfUtils.java:logGet(46)) - raft.grpc.message.size.max = 32MB (=33554432) (custom)
2023-09-07 08:52:03,362 [main] INFO  server.RaftServerConfigKeys (ConfUtils.java:logGet(46)) - raft.server.log.appender.buffer.byte-limit = 33554432 (custom)
2023-09-07 08:52:03,362 [main] INFO  server.GrpcService (ConfUtils.java:logGet(46)) - raft.grpc.flow.control.window = 5MB (=5242880) (custom)
2023-09-07 08:52:03,362 [main] INFO  server.RaftServerConfigKeys (ConfUtils.java:logGet(46)) - raft.server.rpc.request.timeout = 60s (custom)
2023-09-07 08:52:03,362 [main] INFO  grpc.GrpcConfigKeys (ConfUtils.java:logGet(46)) - raft.grpc.server.heartbeat.channel = true (default)
2023-09-07 08:52:03,363 [main] INFO  grpc.GrpcConfigKeys (ConfUtils.java:logGet(46)) - raft.grpc.server.async.request.thread.pool.cached = true (default)
2023-09-07 08:52:03,363 [main] INFO  grpc.GrpcConfigKeys (ConfUtils.java:logGet(46)) - raft.grpc.server.async.request.thread.pool.size = 32 (default)
2023-09-07 08:52:03,366 [main] INFO  impl.DataStreamServerImpl (ConfUtils.java:logGet(46)) - raft.datastream.type = NETTY (custom)
2023-09-07 08:52:03,367 [main] INFO  server.RaftServerConfigKeys (ConfUtils.java:logGet(46)) - raft.server.data-stream.async.request.thread.pool.cached = false (default)
2023-09-07 08:52:03,367 [main] INFO  server.RaftServerConfigKeys (ConfUtils.java:logGet(46)) - raft.server.data-stream.async.request.thread.pool.size = 20 (custom)
2023-09-07 08:52:03,368 [main] INFO  server.RaftServerConfigKeys (ConfUtils.java:logGet(46)) - raft.server.data-stream.async.write.thread.pool.size = 16 (default)
2023-09-07 08:52:03,368 [main] INFO  server.RaftServerConfigKeys (ConfUtils.java:logGet(46)) - raft.server.data-stream.client.pool.size = 10 (default)
2023-09-07 08:52:03,368 [main] INFO  netty.NettyConfigKeys$DataStream (ConfUtils.java:logGet(46)) - raft.netty.dataStream.server.use-epoll = false (default)
2023-09-07 08:52:03,369 [main] INFO  netty.NettyConfigKeys$DataStream (ConfUtils.java:logGet(46)) - raft.netty.dataStream.server.boss-group.size = 0 (default)
2023-09-07 08:52:03,369 [main] INFO  netty.NettyConfigKeys$DataStream (ConfUtils.java:logGet(46)) - raft.netty.dataStream.server.worker-group.size = 0 (default)
2023-09-07 08:52:03,370 [main] INFO  netty.NettyConfigKeys$DataStream (ConfUtils.java:logGet(46)) - raft.netty.dataStream.server.tls.conf = null (default)
2023-09-07 08:52:03,370 [main] INFO  netty.NettyConfigKeys$DataStream (ConfUtils.java:logGet(46)) - raft.netty.dataStream.host = null (default)
2023-09-07 08:52:03,371 [main] INFO  netty.NettyConfigKeys$DataStream (ConfUtils.java:logGet(46)) - raft.netty.dataStream.port = 15051 (custom)
2023-09-07 08:52:03,372 [main] INFO  server.RaftServerConfigKeys (ConfUtils.java:logGet(46)) - raft.server.threadpool.proxy.cached = true (default)
2023-09-07 08:52:03,374 [21558166-7abb-48cd-85e5-e0231587e321-NettyServerStreamRpc-bossGroup--thread1] INFO  logging.LoggingHandler (AbstractInternalLogger.java:log(148)) - [id: 0xdd536c36] REGISTERED
2023-09-07 08:52:03,375 [main] INFO  server.RaftServerConfigKeys (ConfUtils.java:logGet(46)) - raft.server.threadpool.proxy.size = 0 (default)
2023-09-07 08:52:03,375 [21558166-7abb-48cd-85e5-e0231587e321-NettyServerStreamRpc-bossGroup--thread1] INFO  logging.LoggingHandler (AbstractInternalLogger.java:log(148)) - [id: 0xdd536c36] BIND: 0.0.0.0/0.0.0.0:15051
2023-09-07 08:52:03,375 [main] INFO  server.RaftServerConfigKeys (ConfUtils.java:logGet(46)) - raft.server.rpc.slowness.timeout = 300s (custom)
2023-09-07 08:52:03,375 [main] INFO  server.RaftServerConfigKeys (ConfUtils.java:logGet(46)) - raft.server.leaderelection.leader.step-down.wait-time = 10s (default)
2023-09-07 08:52:03,375 [21558166-7abb-48cd-85e5-e0231587e321-NettyServerStreamRpc-bossGroup--thread1] INFO  logging.LoggingHandler (AbstractInternalLogger.java:log(148)) - [id: 0xdd536c36, L:/0:0:0:0:0:0:0:0:15051] ACTIVE
2023-09-07 08:52:03,375 [main] INFO  server.RaftServerConfigKeys (ConfUtils.java:logGet(46)) - raft.server.storage.dir = [/home/runner/work/ozone/ozone/hadoop-ozone/integration-test/target/test-dir/MiniOzoneClusterImpl-480c9758-28d8-415f-a146-fed859d0e253/datanode-4/data/ratis] (custom)
2023-09-07 08:52:03,380 [21558166-7abb-48cd-85e5-e0231587e321-impl-thread1] INFO  server.RaftServer (RaftServerProxy.java:initGroupDir(258)) - 21558166-7abb-48cd-85e5-e0231587e321: found a subdirectory /home/runner/work/ozone/ozone/hadoop-ozone/integration-test/target/test-dir/MiniOzoneClusterImpl-480c9758-28d8-415f-a146-fed859d0e253/datanode-4/data/ratis/tmp
2023-09-07 08:52:03,380 [21558166-7abb-48cd-85e5-e0231587e321-impl-thread1] INFO  server.RaftServer (RaftServerProxy.java:initGroupDir(263)) - 21558166-7abb-48cd-85e5-e0231587e321: The directory /home/runner/work/ozone/ozone/hadoop-ozone/integration-test/target/test-dir/MiniOzoneClusterImpl-480c9758-28d8-415f-a146-fed859d0e253/datanode-4/data/ratis/tmp is not a group directory; ignoring it. 
2023-09-07 08:52:03,381 [main] INFO  replication.ReplicationServer (ReplicationServer.java:<init>(81)) - Initializing replication server with thread count = 10
2023-09-07 08:52:03,383 [main] INFO  server.XceiverServerGrpc (XceiverServerGrpc.java:<init>(132)) - GrpcServer channel type EpollServerSocketChannel
2023-09-07 08:52:03,389 [main] INFO  replication.ReplicationSupervisor (ReplicationSupervisor.java:build(155)) - Initializing replication supervisor with thread count = 10
2023-09-07 08:52:03,390 [main] INFO  replication.ReplicationSupervisor (ReplicationSupervisor.java:nodeStateUpdated(307)) - Node state updated to IN_SERVICE, scaling executor pool size to 10
2023-09-07 08:52:03,395 [main] INFO  http.BaseHttpServer (BaseHttpServer.java:newHttpServer2BuilderForOzone(223)) - Starting Web-server for hddsDatanode at: http://0.0.0.0:15045
2023-09-07 08:52:03,395 [main] INFO  http.BaseHttpServer (BaseHttpServer.java:<init>(110)) - Hadoop Security Enabled: false Ozone Security Enabled: false Ozone HTTP Security Enabled: false 
2023-09-07 08:52:03,398 [main] WARN  server.AuthenticationFilter (AuthenticationFilter.java:constructSecretProvider(240)) - Unable to initialize FileSignerSecretProvider, falling back to use random secrets. Reason: Could not read signature secret file: /home/runner/hadoop-http-auth-signature-secret
2023-09-07 08:52:03,399 [main] INFO  http.HttpRequestLog (HttpRequestLog.java:getRequestLog(86)) - Http request log for http.requests.hddsDatanode is not defined
2023-09-07 08:52:03,403 [main] INFO  http.HttpServer2 (HttpServer2.java:addGlobalFilter(1031)) - Added global filter 'safety' (class=org.apache.hadoop.hdds.server.http.HttpServer2$QuotingInputFilter)
2023-09-07 08:52:03,404 [main] INFO  http.HttpServer2 (HttpServer2.java:addFilter(1007)) - Added filter static_user_filter (class=org.apache.hadoop.http.lib.StaticUserWebFilter$StaticUserFilter) to context hddsDatanode
2023-09-07 08:52:03,405 [main] INFO  http.HttpServer2 (HttpServer2.java:addFilter(1015)) - Added filter static_user_filter (class=org.apache.hadoop.http.lib.StaticUserWebFilter$StaticUserFilter) to context logs
2023-09-07 08:52:03,405 [main] INFO  http.HttpServer2 (HttpServer2.java:addFilter(1015)) - Added filter static_user_filter (class=org.apache.hadoop.http.lib.StaticUserWebFilter$StaticUserFilter) to context static
2023-09-07 08:52:03,406 [main] INFO  http.BaseHttpServer (BaseHttpServer.java:<init>(189)) - HTTP server of hddsDatanode uses base directory /home/runner/work/ozone/ozone/hadoop-ozone/integration-test/target/test-dir/MiniOzoneClusterImpl-480c9758-28d8-415f-a146-fed859d0e253/datanode-4/meta/webserver
2023-09-07 08:52:03,406 [main] INFO  http.HttpServer2 (HttpServer2.java:bindListener(1231)) - Jetty bound to port 15045
2023-09-07 08:52:03,407 [main] INFO  server.Server (Server.java:doStart(375)) - jetty-9.4.51.v20230217; built: 2023-02-17T08:19:37.309Z; git: b45c405e4544384de066f814ed42ae3dceacdd49; jvm 1.8.0_382-b05
2023-09-07 08:52:03,408 [main] INFO  server.session (DefaultSessionIdManager.java:doStart(334)) - DefaultSessionIdManager workerName=node0
2023-09-07 08:52:03,408 [main] INFO  server.session (DefaultSessionIdManager.java:doStart(339)) - No SessionScavenger set, using defaults
2023-09-07 08:52:03,409 [main] INFO  server.session (HouseKeeper.java:startScavenging(132)) - node0 Scavenging every 600000ms
2023-09-07 08:52:03,410 [main] INFO  handler.ContextHandler (ContextHandler.java:doStart(921)) - Started o.e.j.s.ServletContextHandler@37a45e67{logs,/logs,file:///home/runner/work/ozone/ozone/hadoop-ozone/integration-test/target/log,AVAILABLE}
2023-09-07 08:52:03,411 [main] INFO  handler.ContextHandler (ContextHandler.java:doStart(921)) - Started o.e.j.s.ServletContextHandler@71475df3{static,/static,jar:file:/home/runner/.m2/repository/org/apache/ozone/hdds-container-service/1.4.0-SNAPSHOT/hdds-container-service-1.4.0-SNAPSHOT.jar!/webapps/static,AVAILABLE}
2023-09-07 08:52:03,666 [main] INFO  handler.ContextHandler (ContextHandler.java:doStart(921)) - Started o.e.j.w.WebAppContext@6014ff2{hddsDatanode,/,file:///home/runner/work/ozone/ozone/hadoop-ozone/integration-test/target/test-dir/MiniOzoneClusterImpl-480c9758-28d8-415f-a146-fed859d0e253/datanode-4/meta/webserver/jetty-0_0_0_0-15045-hdds-container-service-1_4_0-SNAPSHOT_jar-_-any-3501607348956298052/webapp/,AVAILABLE}{jar:file:/home/runner/.m2/repository/org/apache/ozone/hdds-container-service/1.4.0-SNAPSHOT/hdds-container-service-1.4.0-SNAPSHOT.jar!/webapps/hddsDatanode}
2023-09-07 08:52:03,668 [main] INFO  server.AbstractConnector (AbstractConnector.java:doStart(333)) - Started ServerConnector@649268a9{HTTP/1.1, (http/1.1)}{0.0.0.0:15045}
2023-09-07 08:52:03,668 [main] INFO  server.Server (Server.java:doStart(415)) - Started @14008ms
2023-09-07 08:52:03,669 [main] WARN  impl.MetricsSystemImpl (MetricsSystemImpl.java:register(279)) - Sink prometheus already exists!
2023-09-07 08:52:03,670 [main] INFO  http.BaseHttpServer (BaseHttpServer.java:updateConnectorAddress(354)) - HTTP server of hddsDatanode listening at http://0.0.0.0:15045
2023-09-07 08:52:03,670 [main] INFO  ipc.CallQueueManager (CallQueueManager.java:<init>(90)) - Using callQueue: class java.util.concurrent.LinkedBlockingQueue, queueCapacity: 100, scheduler: class org.apache.hadoop.ipc.DefaultRpcScheduler, ipcBackoff: false.
2023-09-07 08:52:03,670 [main] INFO  ipc.Server (Server.java:<init>(1287)) - Listener at 0.0.0.0:15046
2023-09-07 08:52:03,671 [Socket Reader #1 for port 15046] INFO  ipc.Server (Server.java:run(1323)) - Starting Socket Reader #1 for port 15046
2023-09-07 08:52:03,673 [main] INFO  ozone.HddsDatanodeService (HddsDatanodeService.java:start(315)) - Datanode start with admins: [runner]
2023-09-07 08:52:03,678 [main] INFO  ozone.HddsDatanodeClientProtocolServer (HddsDatanodeClientProtocolServer.java:start(72)) - RPC server for Client /0.0.0.0:15046
2023-09-07 08:52:03,679 [IPC Server Responder] INFO  ipc.Server (Server.java:run(1562)) - IPC Server Responder: starting
2023-09-07 08:52:03,679 [IPC Server listener on 15046] INFO  ipc.Server (Server.java:run(1402)) - IPC Server listener on 15046: starting
2023-09-07 08:52:03,687 [Datanode State Machine Daemon Thread] INFO  statemachine.DatanodeStateMachine (DatanodeStateMachine.java:lambda$startDaemon$0(538)) - Ozone container server started.
2023-09-07 08:52:03,687 [main] INFO  ozone.MiniOzoneClusterImpl (MiniOzoneClusterImpl.java:lambda$waitForClusterToBeReady$0(224)) - Waiting for nodes to be ready. Got 0 of 5 DN Heartbeats.
2023-09-07 08:52:03,687 [main] INFO  ozone.MiniOzoneClusterImpl (MiniOzoneClusterImpl.java:lambda$waitForClusterToBeReady$0(227)) - Waiting for cluster to exit safe mode
2023-09-07 08:52:03,687 [main] INFO  ozone.MiniOzoneClusterImpl (MiniOzoneClusterImpl.java:lambda$waitForClusterToBeReady$0(229)) - SCM became leader
2023-09-07 08:52:03,694 [Datanode State Machine Task Thread - 0] INFO  datanode.InitDatanodeState (InitDatanodeState.java:persistContainerDatanodeDetails(138)) - DatanodeDetails is persisted to /home/runner/work/ozone/ozone/hadoop-ozone/integration-test/target/test-dir/MiniOzoneClusterImpl-480c9758-28d8-415f-a146-fed859d0e253/datanode-4/meta/datanode.id
2023-09-07 08:52:04,082 [EndpointStateMachine task thread for /0.0.0.0:15002 - 0 ] INFO  utils.DatanodeStoreCache (DatanodeStoreCache.java:addDB(66)) - Added db /home/runner/work/ozone/ozone/hadoop-ozone/integration-test/target/test-dir/MiniOzoneClusterImpl-480c9758-28d8-415f-a146-fed859d0e253/datanode-0/data-0/containers/hdds/480c9758-28d8-415f-a146-fed859d0e253/DS-059b0c90-7b2c-4dd1-a13b-98df3bac28d4/container.db to cache
2023-09-07 08:52:04,082 [EndpointStateMachine task thread for /0.0.0.0:15002 - 0 ] INFO  volume.HddsVolume (HddsVolume.java:createDbStore(422)) - SchemaV3 db is created and loaded at /home/runner/work/ozone/ozone/hadoop-ozone/integration-test/target/test-dir/MiniOzoneClusterImpl-480c9758-28d8-415f-a146-fed859d0e253/datanode-0/data-0/containers/hdds/480c9758-28d8-415f-a146-fed859d0e253/DS-059b0c90-7b2c-4dd1-a13b-98df3bac28d4/container.db for volume DS-059b0c90-7b2c-4dd1-a13b-98df3bac28d4
2023-09-07 08:52:04,089 [EndpointStateMachine task thread for /0.0.0.0:15002 - 0 ] INFO  volume.ThrottledAsyncChecker (ThrottledAsyncChecker.java:schedule(141)) - Scheduling a check for /home/runner/work/ozone/ozone/hadoop-ozone/integration-test/target/test-dir/MiniOzoneClusterImpl-480c9758-28d8-415f-a146-fed859d0e253/datanode-0/data-0/containers/hdds
2023-09-07 08:52:04,114 [EndpointStateMachine task thread for /0.0.0.0:15002 - 0 ] INFO  volume.StorageVolumeChecker (StorageVolumeChecker.java:checkAllVolumes(213)) - Scheduled health check for volume /home/runner/work/ozone/ozone/hadoop-ozone/integration-test/target/test-dir/MiniOzoneClusterImpl-480c9758-28d8-415f-a146-fed859d0e253/datanode-0/data-0/containers/hdds
2023-09-07 08:52:04,118 [EndpointStateMachine task thread for /0.0.0.0:15002 - 0 ] INFO  volume.ThrottledAsyncChecker (ThrottledAsyncChecker.java:schedule(141)) - Scheduling a check for /home/runner/work/ozone/ozone/hadoop-ozone/integration-test/target/test-dir/MiniOzoneClusterImpl-480c9758-28d8-415f-a146-fed859d0e253/datanode-0/data/ratis
2023-09-07 08:52:04,118 [EndpointStateMachine task thread for /0.0.0.0:15002 - 0 ] INFO  volume.StorageVolumeChecker (StorageVolumeChecker.java:checkAllVolumes(213)) - Scheduled health check for volume /home/runner/work/ozone/ozone/hadoop-ozone/integration-test/target/test-dir/MiniOzoneClusterImpl-480c9758-28d8-415f-a146-fed859d0e253/datanode-0/data/ratis
2023-09-07 08:52:04,120 [EndpointStateMachine task thread for /0.0.0.0:15002 - 0 ] INFO  ozoneimpl.OzoneContainer (OzoneContainer.java:start(429)) - Attempting to start container services.
2023-09-07 08:52:04,122 [EndpointStateMachine task thread for /0.0.0.0:15002 - 0 ] INFO  ozoneimpl.OzoneContainer (OzoneContainer.java:startContainerScrub(325)) - Scheduled background container scanners and the on-demand container scanner have been disabled.
2023-09-07 08:52:04,126 [EndpointStateMachine task thread for /0.0.0.0:15002 - 0 ] INFO  replication.ReplicationServer (ReplicationServer.java:start(130)) - ReplicationServer is started using port 15016
2023-09-07 08:52:04,126 [EndpointStateMachine task thread for /0.0.0.0:15002 - 0 ] INFO  ratis.XceiverServerRatis (XceiverServerRatis.java:start(517)) - Starting XceiverServerRatis ee526f6f-3d45-469e-9618-ca9792ac197c
2023-09-07 08:52:04,128 [EndpointStateMachine task thread for /0.0.0.0:15002 - 0 ] INFO  server.RaftServer (RaftServerProxy.java:startImpl(400)) - ee526f6f-3d45-469e-9618-ca9792ac197c: start RPC server
2023-09-07 08:52:04,136 [EndpointStateMachine task thread for /0.0.0.0:15002 - 0 ] INFO  server.GrpcService (GrpcService.java:startImpl(302)) - ee526f6f-3d45-469e-9618-ca9792ac197c: GrpcService started, listening on 15012
2023-09-07 08:52:04,139 [EndpointStateMachine task thread for /0.0.0.0:15002 - 0 ] INFO  server.GrpcService (GrpcService.java:startImpl(302)) - ee526f6f-3d45-469e-9618-ca9792ac197c: GrpcService started, listening on 15014
2023-09-07 08:52:04,141 [EndpointStateMachine task thread for /0.0.0.0:15002 - 0 ] INFO  server.GrpcService (GrpcService.java:startImpl(302)) - ee526f6f-3d45-469e-9618-ca9792ac197c: GrpcService started, listening on 15013
2023-09-07 08:52:04,142 [JvmPauseMonitor2] INFO  util.JvmPauseMonitor (JvmPauseMonitor.java:run(103)) - JvmPauseMonitor-ee526f6f-3d45-469e-9618-ca9792ac197c: Started
2023-09-07 08:52:04,142 [EndpointStateMachine task thread for /0.0.0.0:15002 - 0 ] INFO  ratis.XceiverServerRatis (XceiverServerRatis.java:getRealPort(543)) - XceiverServerRatis ee526f6f-3d45-469e-9618-ca9792ac197c is started using port 15012 for RATIS
2023-09-07 08:52:04,142 [EndpointStateMachine task thread for /0.0.0.0:15002 - 0 ] INFO  ratis.XceiverServerRatis (XceiverServerRatis.java:getRealPort(543)) - XceiverServerRatis ee526f6f-3d45-469e-9618-ca9792ac197c is started using port 15013 for RATIS_ADMIN
2023-09-07 08:52:04,142 [EndpointStateMachine task thread for /0.0.0.0:15002 - 0 ] INFO  ratis.XceiverServerRatis (XceiverServerRatis.java:getRealPort(543)) - XceiverServerRatis ee526f6f-3d45-469e-9618-ca9792ac197c is started using port 15014 for RATIS_SERVER
2023-09-07 08:52:04,142 [EndpointStateMachine task thread for /0.0.0.0:15002 - 0 ] INFO  ratis.XceiverServerRatis (XceiverServerRatis.java:getRealPort(543)) - XceiverServerRatis ee526f6f-3d45-469e-9618-ca9792ac197c is started using port 15015 for RATIS_DATASTREAM
2023-09-07 08:52:04,152 [BlockDeletingService#0] INFO  interfaces.ContainerDeletionChoosingPolicyTemplate (ContainerDeletionChoosingPolicyTemplate.java:chooseContainerForBlockDeletion(85)) - Chosen 0/5000 blocks from 0 candidate containers.
2023-09-07 08:52:04,470 [EndpointStateMachine task thread for /0.0.0.0:15002 - 0 ] INFO  utils.DatanodeStoreCache (DatanodeStoreCache.java:addDB(66)) - Added db /home/runner/work/ozone/ozone/hadoop-ozone/integration-test/target/test-dir/MiniOzoneClusterImpl-480c9758-28d8-415f-a146-fed859d0e253/datanode-1/data-0/containers/hdds/480c9758-28d8-415f-a146-fed859d0e253/DS-9cbeb387-82a5-4a8d-81da-016445fee76b/container.db to cache
2023-09-07 08:52:04,471 [EndpointStateMachine task thread for /0.0.0.0:15002 - 0 ] INFO  volume.HddsVolume (HddsVolume.java:createDbStore(422)) - SchemaV3 db is created and loaded at /home/runner/work/ozone/ozone/hadoop-ozone/integration-test/target/test-dir/MiniOzoneClusterImpl-480c9758-28d8-415f-a146-fed859d0e253/datanode-1/data-0/containers/hdds/480c9758-28d8-415f-a146-fed859d0e253/DS-9cbeb387-82a5-4a8d-81da-016445fee76b/container.db for volume DS-9cbeb387-82a5-4a8d-81da-016445fee76b
2023-09-07 08:52:04,472 [EndpointStateMachine task thread for /0.0.0.0:15002 - 0 ] INFO  volume.ThrottledAsyncChecker (ThrottledAsyncChecker.java:schedule(141)) - Scheduling a check for /home/runner/work/ozone/ozone/hadoop-ozone/integration-test/target/test-dir/MiniOzoneClusterImpl-480c9758-28d8-415f-a146-fed859d0e253/datanode-1/data-0/containers/hdds
2023-09-07 08:52:04,477 [EndpointStateMachine task thread for /0.0.0.0:15002 - 0 ] INFO  volume.StorageVolumeChecker (StorageVolumeChecker.java:checkAllVolumes(213)) - Scheduled health check for volume /home/runner/work/ozone/ozone/hadoop-ozone/integration-test/target/test-dir/MiniOzoneClusterImpl-480c9758-28d8-415f-a146-fed859d0e253/datanode-1/data-0/containers/hdds
2023-09-07 08:52:04,482 [EndpointStateMachine task thread for /0.0.0.0:15002 - 0 ] INFO  volume.ThrottledAsyncChecker (ThrottledAsyncChecker.java:schedule(141)) - Scheduling a check for /home/runner/work/ozone/ozone/hadoop-ozone/integration-test/target/test-dir/MiniOzoneClusterImpl-480c9758-28d8-415f-a146-fed859d0e253/datanode-1/data/ratis
2023-09-07 08:52:04,482 [EndpointStateMachine task thread for /0.0.0.0:15002 - 0 ] INFO  volume.StorageVolumeChecker (StorageVolumeChecker.java:checkAllVolumes(213)) - Scheduled health check for volume /home/runner/work/ozone/ozone/hadoop-ozone/integration-test/target/test-dir/MiniOzoneClusterImpl-480c9758-28d8-415f-a146-fed859d0e253/datanode-1/data/ratis
2023-09-07 08:52:04,484 [EndpointStateMachine task thread for /0.0.0.0:15002 - 0 ] INFO  ozoneimpl.OzoneContainer (OzoneContainer.java:start(429)) - Attempting to start container services.
2023-09-07 08:52:04,485 [EndpointStateMachine task thread for /0.0.0.0:15002 - 0 ] INFO  ozoneimpl.OzoneContainer (OzoneContainer.java:startContainerScrub(325)) - Scheduled background container scanners and the on-demand container scanner have been disabled.
2023-09-07 08:52:04,487 [EndpointStateMachine task thread for /0.0.0.0:15002 - 0 ] INFO  replication.ReplicationServer (ReplicationServer.java:start(130)) - ReplicationServer is started using port 15025
2023-09-07 08:52:04,487 [EndpointStateMachine task thread for /0.0.0.0:15002 - 0 ] INFO  ratis.XceiverServerRatis (XceiverServerRatis.java:start(517)) - Starting XceiverServerRatis 276dcdcd-15bf-4616-85f3-24cbc9cded34
2023-09-07 08:52:04,489 [EndpointStateMachine task thread for /0.0.0.0:15002 - 0 ] INFO  server.RaftServer (RaftServerProxy.java:startImpl(400)) - 276dcdcd-15bf-4616-85f3-24cbc9cded34: start RPC server
2023-09-07 08:52:04,491 [EndpointStateMachine task thread for /0.0.0.0:15002 - 0 ] INFO  server.GrpcService (GrpcService.java:startImpl(302)) - 276dcdcd-15bf-4616-85f3-24cbc9cded34: GrpcService started, listening on 15021
2023-09-07 08:52:04,493 [EndpointStateMachine task thread for /0.0.0.0:15002 - 0 ] INFO  server.GrpcService (GrpcService.java:startImpl(302)) - 276dcdcd-15bf-4616-85f3-24cbc9cded34: GrpcService started, listening on 15023
2023-09-07 08:52:04,496 [EndpointStateMachine task thread for /0.0.0.0:15002 - 0 ] INFO  server.GrpcService (GrpcService.java:startImpl(302)) - 276dcdcd-15bf-4616-85f3-24cbc9cded34: GrpcService started, listening on 15022
2023-09-07 08:52:04,496 [EndpointStateMachine task thread for /0.0.0.0:15002 - 0 ] INFO  ratis.XceiverServerRatis (XceiverServerRatis.java:getRealPort(543)) - XceiverServerRatis 276dcdcd-15bf-4616-85f3-24cbc9cded34 is started using port 15021 for RATIS
2023-09-07 08:52:04,496 [EndpointStateMachine task thread for /0.0.0.0:15002 - 0 ] INFO  ratis.XceiverServerRatis (XceiverServerRatis.java:getRealPort(543)) - XceiverServerRatis 276dcdcd-15bf-4616-85f3-24cbc9cded34 is started using port 15022 for RATIS_ADMIN
2023-09-07 08:52:04,496 [EndpointStateMachine task thread for /0.0.0.0:15002 - 0 ] INFO  ratis.XceiverServerRatis (XceiverServerRatis.java:getRealPort(543)) - XceiverServerRatis 276dcdcd-15bf-4616-85f3-24cbc9cded34 is started using port 15023 for RATIS_SERVER
2023-09-07 08:52:04,496 [JvmPauseMonitor3] INFO  util.JvmPauseMonitor (JvmPauseMonitor.java:run(103)) - JvmPauseMonitor-276dcdcd-15bf-4616-85f3-24cbc9cded34: Started
2023-09-07 08:52:04,496 [EndpointStateMachine task thread for /0.0.0.0:15002 - 0 ] INFO  ratis.XceiverServerRatis (XceiverServerRatis.java:getRealPort(543)) - XceiverServerRatis 276dcdcd-15bf-4616-85f3-24cbc9cded34 is started using port 15024 for RATIS_DATASTREAM
2023-09-07 08:52:04,513 [BlockDeletingService#0] INFO  interfaces.ContainerDeletionChoosingPolicyTemplate (ContainerDeletionChoosingPolicyTemplate.java:chooseContainerForBlockDeletion(85)) - Chosen 0/5000 blocks from 0 candidate containers.
2023-09-07 08:52:04,688 [main] INFO  ozone.MiniOzoneClusterImpl (MiniOzoneClusterImpl.java:lambda$waitForClusterToBeReady$0(224)) - Waiting for nodes to be ready. Got 0 of 5 DN Heartbeats.
2023-09-07 08:52:04,688 [main] INFO  ozone.MiniOzoneClusterImpl (MiniOzoneClusterImpl.java:lambda$waitForClusterToBeReady$0(227)) - Waiting for cluster to exit safe mode
2023-09-07 08:52:04,688 [main] INFO  ozone.MiniOzoneClusterImpl (MiniOzoneClusterImpl.java:lambda$waitForClusterToBeReady$0(229)) - SCM became leader
2023-09-07 08:52:04,885 [EndpointStateMachine task thread for /0.0.0.0:15002 - 0 ] INFO  utils.DatanodeStoreCache (DatanodeStoreCache.java:addDB(66)) - Added db /home/runner/work/ozone/ozone/hadoop-ozone/integration-test/target/test-dir/MiniOzoneClusterImpl-480c9758-28d8-415f-a146-fed859d0e253/datanode-2/data-0/containers/hdds/480c9758-28d8-415f-a146-fed859d0e253/DS-2b0a6292-02b0-4da7-bef9-e5d1baff1bb8/container.db to cache
2023-09-07 08:52:04,885 [EndpointStateMachine task thread for /0.0.0.0:15002 - 0 ] INFO  volume.HddsVolume (HddsVolume.java:createDbStore(422)) - SchemaV3 db is created and loaded at /home/runner/work/ozone/ozone/hadoop-ozone/integration-test/target/test-dir/MiniOzoneClusterImpl-480c9758-28d8-415f-a146-fed859d0e253/datanode-2/data-0/containers/hdds/480c9758-28d8-415f-a146-fed859d0e253/DS-2b0a6292-02b0-4da7-bef9-e5d1baff1bb8/container.db for volume DS-2b0a6292-02b0-4da7-bef9-e5d1baff1bb8
2023-09-07 08:52:04,886 [EndpointStateMachine task thread for /0.0.0.0:15002 - 0 ] INFO  volume.ThrottledAsyncChecker (ThrottledAsyncChecker.java:schedule(141)) - Scheduling a check for /home/runner/work/ozone/ozone/hadoop-ozone/integration-test/target/test-dir/MiniOzoneClusterImpl-480c9758-28d8-415f-a146-fed859d0e253/datanode-2/data-0/containers/hdds
2023-09-07 08:52:04,893 [EndpointStateMachine task thread for /0.0.0.0:15002 - 0 ] INFO  volume.StorageVolumeChecker (StorageVolumeChecker.java:checkAllVolumes(213)) - Scheduled health check for volume /home/runner/work/ozone/ozone/hadoop-ozone/integration-test/target/test-dir/MiniOzoneClusterImpl-480c9758-28d8-415f-a146-fed859d0e253/datanode-2/data-0/containers/hdds
2023-09-07 08:52:04,895 [EndpointStateMachine task thread for /0.0.0.0:15002 - 0 ] INFO  volume.ThrottledAsyncChecker (ThrottledAsyncChecker.java:schedule(141)) - Scheduling a check for /home/runner/work/ozone/ozone/hadoop-ozone/integration-test/target/test-dir/MiniOzoneClusterImpl-480c9758-28d8-415f-a146-fed859d0e253/datanode-2/data/ratis
2023-09-07 08:52:04,896 [EndpointStateMachine task thread for /0.0.0.0:15002 - 0 ] INFO  volume.StorageVolumeChecker (StorageVolumeChecker.java:checkAllVolumes(213)) - Scheduled health check for volume /home/runner/work/ozone/ozone/hadoop-ozone/integration-test/target/test-dir/MiniOzoneClusterImpl-480c9758-28d8-415f-a146-fed859d0e253/datanode-2/data/ratis
2023-09-07 08:52:04,897 [EndpointStateMachine task thread for /0.0.0.0:15002 - 0 ] INFO  ozoneimpl.OzoneContainer (OzoneContainer.java:start(429)) - Attempting to start container services.
2023-09-07 08:52:04,897 [EndpointStateMachine task thread for /0.0.0.0:15002 - 0 ] INFO  ozoneimpl.OzoneContainer (OzoneContainer.java:startContainerScrub(325)) - Scheduled background container scanners and the on-demand container scanner have been disabled.
2023-09-07 08:52:04,900 [EndpointStateMachine task thread for /0.0.0.0:15002 - 0 ] INFO  replication.ReplicationServer (ReplicationServer.java:start(130)) - ReplicationServer is started using port 15034
2023-09-07 08:52:04,900 [EndpointStateMachine task thread for /0.0.0.0:15002 - 0 ] INFO  ratis.XceiverServerRatis (XceiverServerRatis.java:start(517)) - Starting XceiverServerRatis 453fd3f5-2dd8-488f-a349-96be441c1316
2023-09-07 08:52:04,904 [EndpointStateMachine task thread for /0.0.0.0:15002 - 0 ] INFO  server.RaftServer (RaftServerProxy.java:startImpl(400)) - 453fd3f5-2dd8-488f-a349-96be441c1316: start RPC server
2023-09-07 08:52:04,907 [EndpointStateMachine task thread for /0.0.0.0:15002 - 0 ] INFO  server.GrpcService (GrpcService.java:startImpl(302)) - 453fd3f5-2dd8-488f-a349-96be441c1316: GrpcService started, listening on 15030
2023-09-07 08:52:04,910 [EndpointStateMachine task thread for /0.0.0.0:15002 - 0 ] INFO  server.GrpcService (GrpcService.java:startImpl(302)) - 453fd3f5-2dd8-488f-a349-96be441c1316: GrpcService started, listening on 15032
2023-09-07 08:52:04,913 [EndpointStateMachine task thread for /0.0.0.0:15002 - 0 ] INFO  server.GrpcService (GrpcService.java:startImpl(302)) - 453fd3f5-2dd8-488f-a349-96be441c1316: GrpcService started, listening on 15031
2023-09-07 08:52:04,914 [EndpointStateMachine task thread for /0.0.0.0:15002 - 0 ] INFO  ratis.XceiverServerRatis (XceiverServerRatis.java:getRealPort(543)) - XceiverServerRatis 453fd3f5-2dd8-488f-a349-96be441c1316 is started using port 15030 for RATIS
2023-09-07 08:52:04,914 [JvmPauseMonitor4] INFO  util.JvmPauseMonitor (JvmPauseMonitor.java:run(103)) - JvmPauseMonitor-453fd3f5-2dd8-488f-a349-96be441c1316: Started
2023-09-07 08:52:04,914 [EndpointStateMachine task thread for /0.0.0.0:15002 - 0 ] INFO  ratis.XceiverServerRatis (XceiverServerRatis.java:getRealPort(543)) - XceiverServerRatis 453fd3f5-2dd8-488f-a349-96be441c1316 is started using port 15031 for RATIS_ADMIN
2023-09-07 08:52:04,914 [EndpointStateMachine task thread for /0.0.0.0:15002 - 0 ] INFO  ratis.XceiverServerRatis (XceiverServerRatis.java:getRealPort(543)) - XceiverServerRatis 453fd3f5-2dd8-488f-a349-96be441c1316 is started using port 15032 for RATIS_SERVER
2023-09-07 08:52:04,914 [EndpointStateMachine task thread for /0.0.0.0:15002 - 0 ] INFO  ratis.XceiverServerRatis (XceiverServerRatis.java:getRealPort(543)) - XceiverServerRatis 453fd3f5-2dd8-488f-a349-96be441c1316 is started using port 15033 for RATIS_DATASTREAM
2023-09-07 08:52:04,925 [BlockDeletingService#0] INFO  interfaces.ContainerDeletionChoosingPolicyTemplate (ContainerDeletionChoosingPolicyTemplate.java:chooseContainerForBlockDeletion(85)) - Chosen 0/5000 blocks from 0 candidate containers.
2023-09-07 08:52:05,331 [EndpointStateMachine task thread for /0.0.0.0:15002 - 0 ] INFO  utils.DatanodeStoreCache (DatanodeStoreCache.java:addDB(66)) - Added db /home/runner/work/ozone/ozone/hadoop-ozone/integration-test/target/test-dir/MiniOzoneClusterImpl-480c9758-28d8-415f-a146-fed859d0e253/datanode-3/data-0/containers/hdds/480c9758-28d8-415f-a146-fed859d0e253/DS-cac994a6-e82f-4c40-a4fd-1f78b69ea48e/container.db to cache
2023-09-07 08:52:05,331 [EndpointStateMachine task thread for /0.0.0.0:15002 - 0 ] INFO  volume.HddsVolume (HddsVolume.java:createDbStore(422)) - SchemaV3 db is created and loaded at /home/runner/work/ozone/ozone/hadoop-ozone/integration-test/target/test-dir/MiniOzoneClusterImpl-480c9758-28d8-415f-a146-fed859d0e253/datanode-3/data-0/containers/hdds/480c9758-28d8-415f-a146-fed859d0e253/DS-cac994a6-e82f-4c40-a4fd-1f78b69ea48e/container.db for volume DS-cac994a6-e82f-4c40-a4fd-1f78b69ea48e
2023-09-07 08:52:05,333 [EndpointStateMachine task thread for /0.0.0.0:15002 - 0 ] INFO  volume.ThrottledAsyncChecker (ThrottledAsyncChecker.java:schedule(141)) - Scheduling a check for /home/runner/work/ozone/ozone/hadoop-ozone/integration-test/target/test-dir/MiniOzoneClusterImpl-480c9758-28d8-415f-a146-fed859d0e253/datanode-3/data-0/containers/hdds
2023-09-07 08:52:05,335 [EndpointStateMachine task thread for /0.0.0.0:15002 - 0 ] INFO  volume.StorageVolumeChecker (StorageVolumeChecker.java:checkAllVolumes(213)) - Scheduled health check for volume /home/runner/work/ozone/ozone/hadoop-ozone/integration-test/target/test-dir/MiniOzoneClusterImpl-480c9758-28d8-415f-a146-fed859d0e253/datanode-3/data-0/containers/hdds
2023-09-07 08:52:05,338 [EndpointStateMachine task thread for /0.0.0.0:15002 - 0 ] INFO  volume.ThrottledAsyncChecker (ThrottledAsyncChecker.java:schedule(141)) - Scheduling a check for /home/runner/work/ozone/ozone/hadoop-ozone/integration-test/target/test-dir/MiniOzoneClusterImpl-480c9758-28d8-415f-a146-fed859d0e253/datanode-3/data/ratis
2023-09-07 08:52:05,339 [EndpointStateMachine task thread for /0.0.0.0:15002 - 0 ] INFO  volume.StorageVolumeChecker (StorageVolumeChecker.java:checkAllVolumes(213)) - Scheduled health check for volume /home/runner/work/ozone/ozone/hadoop-ozone/integration-test/target/test-dir/MiniOzoneClusterImpl-480c9758-28d8-415f-a146-fed859d0e253/datanode-3/data/ratis
2023-09-07 08:52:05,340 [EndpointStateMachine task thread for /0.0.0.0:15002 - 0 ] INFO  ozoneimpl.OzoneContainer (OzoneContainer.java:start(429)) - Attempting to start container services.
2023-09-07 08:52:05,341 [EndpointStateMachine task thread for /0.0.0.0:15002 - 0 ] INFO  ozoneimpl.OzoneContainer (OzoneContainer.java:startContainerScrub(325)) - Scheduled background container scanners and the on-demand container scanner have been disabled.
2023-09-07 08:52:05,343 [EndpointStateMachine task thread for /0.0.0.0:15002 - 0 ] INFO  replication.ReplicationServer (ReplicationServer.java:start(130)) - ReplicationServer is started using port 15043
2023-09-07 08:52:05,343 [EndpointStateMachine task thread for /0.0.0.0:15002 - 0 ] INFO  ratis.XceiverServerRatis (XceiverServerRatis.java:start(517)) - Starting XceiverServerRatis 7027ac8d-bbe4-4820-bd68-7a29676b00c5
2023-09-07 08:52:05,344 [EndpointStateMachine task thread for /0.0.0.0:15002 - 0 ] INFO  server.RaftServer (RaftServerProxy.java:startImpl(400)) - 7027ac8d-bbe4-4820-bd68-7a29676b00c5: start RPC server
2023-09-07 08:52:05,347 [EndpointStateMachine task thread for /0.0.0.0:15002 - 0 ] INFO  server.GrpcService (GrpcService.java:startImpl(302)) - 7027ac8d-bbe4-4820-bd68-7a29676b00c5: GrpcService started, listening on 15039
2023-09-07 08:52:05,349 [EndpointStateMachine task thread for /0.0.0.0:15002 - 0 ] INFO  server.GrpcService (GrpcService.java:startImpl(302)) - 7027ac8d-bbe4-4820-bd68-7a29676b00c5: GrpcService started, listening on 15041
2023-09-07 08:52:05,353 [EndpointStateMachine task thread for /0.0.0.0:15002 - 0 ] INFO  server.GrpcService (GrpcService.java:startImpl(302)) - 7027ac8d-bbe4-4820-bd68-7a29676b00c5: GrpcService started, listening on 15040
2023-09-07 08:52:05,355 [EndpointStateMachine task thread for /0.0.0.0:15002 - 0 ] INFO  ratis.XceiverServerRatis (XceiverServerRatis.java:getRealPort(543)) - XceiverServerRatis 7027ac8d-bbe4-4820-bd68-7a29676b00c5 is started using port 15039 for RATIS
2023-09-07 08:52:05,355 [EndpointStateMachine task thread for /0.0.0.0:15002 - 0 ] INFO  ratis.XceiverServerRatis (XceiverServerRatis.java:getRealPort(543)) - XceiverServerRatis 7027ac8d-bbe4-4820-bd68-7a29676b00c5 is started using port 15040 for RATIS_ADMIN
2023-09-07 08:52:05,355 [EndpointStateMachine task thread for /0.0.0.0:15002 - 0 ] INFO  ratis.XceiverServerRatis (XceiverServerRatis.java:getRealPort(543)) - XceiverServerRatis 7027ac8d-bbe4-4820-bd68-7a29676b00c5 is started using port 15041 for RATIS_SERVER
2023-09-07 08:52:05,355 [EndpointStateMachine task thread for /0.0.0.0:15002 - 0 ] INFO  ratis.XceiverServerRatis (XceiverServerRatis.java:getRealPort(543)) - XceiverServerRatis 7027ac8d-bbe4-4820-bd68-7a29676b00c5 is started using port 15042 for RATIS_DATASTREAM
2023-09-07 08:52:05,374 [JvmPauseMonitor5] INFO  util.JvmPauseMonitor (JvmPauseMonitor.java:run(103)) - JvmPauseMonitor-7027ac8d-bbe4-4820-bd68-7a29676b00c5: Started
2023-09-07 08:52:05,375 [BlockDeletingService#0] INFO  interfaces.ContainerDeletionChoosingPolicyTemplate (ContainerDeletionChoosingPolicyTemplate.java:chooseContainerForBlockDeletion(85)) - Chosen 0/5000 blocks from 0 candidate containers.
2023-09-07 08:52:05,688 [main] INFO  ozone.MiniOzoneClusterImpl (MiniOzoneClusterImpl.java:lambda$waitForClusterToBeReady$0(224)) - Waiting for nodes to be ready. Got 0 of 5 DN Heartbeats.
2023-09-07 08:52:05,689 [main] INFO  ozone.MiniOzoneClusterImpl (MiniOzoneClusterImpl.java:lambda$waitForClusterToBeReady$0(227)) - Waiting for cluster to exit safe mode
2023-09-07 08:52:05,689 [main] INFO  ozone.MiniOzoneClusterImpl (MiniOzoneClusterImpl.java:lambda$waitForClusterToBeReady$0(229)) - SCM became leader
2023-09-07 08:52:05,745 [EndpointStateMachine task thread for /0.0.0.0:15002 - 0 ] INFO  utils.DatanodeStoreCache (DatanodeStoreCache.java:addDB(66)) - Added db /home/runner/work/ozone/ozone/hadoop-ozone/integration-test/target/test-dir/MiniOzoneClusterImpl-480c9758-28d8-415f-a146-fed859d0e253/datanode-4/data-0/containers/hdds/480c9758-28d8-415f-a146-fed859d0e253/DS-080af508-8096-4a7f-91dd-5f21160033f6/container.db to cache
2023-09-07 08:52:05,745 [EndpointStateMachine task thread for /0.0.0.0:15002 - 0 ] INFO  volume.HddsVolume (HddsVolume.java:createDbStore(422)) - SchemaV3 db is created and loaded at /home/runner/work/ozone/ozone/hadoop-ozone/integration-test/target/test-dir/MiniOzoneClusterImpl-480c9758-28d8-415f-a146-fed859d0e253/datanode-4/data-0/containers/hdds/480c9758-28d8-415f-a146-fed859d0e253/DS-080af508-8096-4a7f-91dd-5f21160033f6/container.db for volume DS-080af508-8096-4a7f-91dd-5f21160033f6
2023-09-07 08:52:05,746 [EndpointStateMachine task thread for /0.0.0.0:15002 - 0 ] INFO  volume.ThrottledAsyncChecker (ThrottledAsyncChecker.java:schedule(141)) - Scheduling a check for /home/runner/work/ozone/ozone/hadoop-ozone/integration-test/target/test-dir/MiniOzoneClusterImpl-480c9758-28d8-415f-a146-fed859d0e253/datanode-4/data-0/containers/hdds
2023-09-07 08:52:05,747 [EndpointStateMachine task thread for /0.0.0.0:15002 - 0 ] INFO  volume.StorageVolumeChecker (StorageVolumeChecker.java:checkAllVolumes(213)) - Scheduled health check for volume /home/runner/work/ozone/ozone/hadoop-ozone/integration-test/target/test-dir/MiniOzoneClusterImpl-480c9758-28d8-415f-a146-fed859d0e253/datanode-4/data-0/containers/hdds
2023-09-07 08:52:05,751 [EndpointStateMachine task thread for /0.0.0.0:15002 - 0 ] INFO  volume.ThrottledAsyncChecker (ThrottledAsyncChecker.java:schedule(141)) - Scheduling a check for /home/runner/work/ozone/ozone/hadoop-ozone/integration-test/target/test-dir/MiniOzoneClusterImpl-480c9758-28d8-415f-a146-fed859d0e253/datanode-4/data/ratis
2023-09-07 08:52:05,751 [EndpointStateMachine task thread for /0.0.0.0:15002 - 0 ] INFO  volume.StorageVolumeChecker (StorageVolumeChecker.java:checkAllVolumes(213)) - Scheduled health check for volume /home/runner/work/ozone/ozone/hadoop-ozone/integration-test/target/test-dir/MiniOzoneClusterImpl-480c9758-28d8-415f-a146-fed859d0e253/datanode-4/data/ratis
2023-09-07 08:52:05,752 [EndpointStateMachine task thread for /0.0.0.0:15002 - 0 ] INFO  ozoneimpl.OzoneContainer (OzoneContainer.java:start(429)) - Attempting to start container services.
2023-09-07 08:52:05,752 [EndpointStateMachine task thread for /0.0.0.0:15002 - 0 ] INFO  ozoneimpl.OzoneContainer (OzoneContainer.java:startContainerScrub(325)) - Scheduled background container scanners and the on-demand container scanner have been disabled.
2023-09-07 08:52:05,757 [EndpointStateMachine task thread for /0.0.0.0:15002 - 0 ] INFO  replication.ReplicationServer (ReplicationServer.java:start(130)) - ReplicationServer is started using port 15052
2023-09-07 08:52:05,757 [EndpointStateMachine task thread for /0.0.0.0:15002 - 0 ] INFO  ratis.XceiverServerRatis (XceiverServerRatis.java:start(517)) - Starting XceiverServerRatis 21558166-7abb-48cd-85e5-e0231587e321
2023-09-07 08:52:05,759 [EndpointStateMachine task thread for /0.0.0.0:15002 - 0 ] INFO  server.RaftServer (RaftServerProxy.java:startImpl(400)) - 21558166-7abb-48cd-85e5-e0231587e321: start RPC server
2023-09-07 08:52:05,760 [EndpointStateMachine task thread for /0.0.0.0:15002 - 0 ] INFO  server.GrpcService (GrpcService.java:startImpl(302)) - 21558166-7abb-48cd-85e5-e0231587e321: GrpcService started, listening on 15048
2023-09-07 08:52:05,762 [EndpointStateMachine task thread for /0.0.0.0:15002 - 0 ] INFO  server.GrpcService (GrpcService.java:startImpl(302)) - 21558166-7abb-48cd-85e5-e0231587e321: GrpcService started, listening on 15050
2023-09-07 08:52:05,765 [EndpointStateMachine task thread for /0.0.0.0:15002 - 0 ] INFO  server.GrpcService (GrpcService.java:startImpl(302)) - 21558166-7abb-48cd-85e5-e0231587e321: GrpcService started, listening on 15049
2023-09-07 08:52:05,767 [EndpointStateMachine task thread for /0.0.0.0:15002 - 0 ] INFO  ratis.XceiverServerRatis (XceiverServerRatis.java:getRealPort(543)) - XceiverServerRatis 21558166-7abb-48cd-85e5-e0231587e321 is started using port 15048 for RATIS
2023-09-07 08:52:05,767 [EndpointStateMachine task thread for /0.0.0.0:15002 - 0 ] INFO  ratis.XceiverServerRatis (XceiverServerRatis.java:getRealPort(543)) - XceiverServerRatis 21558166-7abb-48cd-85e5-e0231587e321 is started using port 15049 for RATIS_ADMIN
2023-09-07 08:52:05,767 [EndpointStateMachine task thread for /0.0.0.0:15002 - 0 ] INFO  ratis.XceiverServerRatis (XceiverServerRatis.java:getRealPort(543)) - XceiverServerRatis 21558166-7abb-48cd-85e5-e0231587e321 is started using port 15050 for RATIS_SERVER
2023-09-07 08:52:05,767 [EndpointStateMachine task thread for /0.0.0.0:15002 - 0 ] INFO  ratis.XceiverServerRatis (XceiverServerRatis.java:getRealPort(543)) - XceiverServerRatis 21558166-7abb-48cd-85e5-e0231587e321 is started using port 15051 for RATIS_DATASTREAM
2023-09-07 08:52:05,768 [JvmPauseMonitor6] INFO  util.JvmPauseMonitor (JvmPauseMonitor.java:run(103)) - JvmPauseMonitor-21558166-7abb-48cd-85e5-e0231587e321: Started
2023-09-07 08:52:05,778 [BlockDeletingService#0] INFO  interfaces.ContainerDeletionChoosingPolicyTemplate (ContainerDeletionChoosingPolicyTemplate.java:chooseContainerForBlockDeletion(85)) - Chosen 0/5000 blocks from 0 candidate containers.
2023-09-07 08:52:05,902 [IPC Server handler 1 on default port 15002] INFO  net.NetworkTopologyImpl (NetworkTopologyImpl.java:add(112)) - Added a new node: /default-rack/ee526f6f-3d45-469e-9618-ca9792ac197c
2023-09-07 08:52:05,906 [IPC Server handler 1 on default port 15002] INFO  node.SCMNodeManager (SCMNodeManager.java:register(405)) - Registered Data node : ee526f6f-3d45-469e-9618-ca9792ac197c{ip: 10.1.0.48, host: fv-az793-921.vth4h2cvs0culokhaokvhxz15b.jx.internal.cloudapp.net, ports: [HTTP=15009, CLIENT_RPC=15010, REPLICATION=15016, RATIS=15012, RATIS_ADMIN=15013, RATIS_SERVER=15014, RATIS_DATASTREAM=15015, STANDALONE=15011], networkLocation: /default-rack, certSerialId: null, persistedOpState: null, persistedOpStateExpiryEpochSec: 0}
2023-09-07 08:52:05,909 [EventQueue-NewNodeForNewNodeHandler] INFO  pipeline.BackgroundPipelineCreator (BackgroundPipelineCreator.java:notifyEventTriggered(277)) - trigger a one-shot run on RatisPipelineUtilsThread.
2023-09-07 08:52:05,928 [RatisPipelineUtilsThread - 0] INFO  pipeline.RatisPipelineProvider (RatisPipelineProvider.java:lambda$create$0(206)) - Sending CreatePipelineCommand for pipeline:PipelineID=2b6e3ade-2364-42db-9f82-656f26d9dc96 to datanode:ee526f6f-3d45-469e-9618-ca9792ac197c
2023-09-07 08:52:05,931 [EventQueue-NodeRegistrationContainerReportForContainerSafeModeRule] INFO  safemode.SCMSafeModeManager (SCMSafeModeManager.java:validateSafeModeExitRules(200)) - ContainerSafeModeRule rule is successfully validated
2023-09-07 08:52:05,932 [EventQueue-NodeRegistrationContainerReportForDataNodeSafeModeRule] INFO  safemode.SCMSafeModeManager (DataNodeSafeModeRule.java:process(71)) - SCM in safe mode. 1 DataNodes registered, 3 required.
2023-09-07 08:52:05,944 [EventQueue-PipelineReportForOneReplicaPipelineSafeModeRule] INFO  safemode.SCMSafeModeManager (SCMSafeModeManager.java:validateSafeModeExitRules(200)) - AtleastOneDatanodeReportedRule rule is successfully validated
2023-09-07 08:52:05,958 [RatisPipelineUtilsThread - 0] INFO  pipeline.BackgroundPipelineCreator (BackgroundPipelineCreator.java:createPipelines(233)) - Created new pipeline Pipeline[ Id: 2b6e3ade-2364-42db-9f82-656f26d9dc96, Nodes: ee526f6f-3d45-469e-9618-ca9792ac197c(fv-az793-921.vth4h2cvs0culokhaokvhxz15b.jx.internal.cloudapp.net/10.1.0.48), ReplicationConfig: RATIS/ONE, State:ALLOCATED, leaderId:, CreationTimestamp2023-09-07T08:52:05.926Z[Etc/UTC]]
2023-09-07 08:52:06,430 [IPC Server handler 14 on default port 15002] INFO  net.NetworkTopologyImpl (NetworkTopologyImpl.java:add(112)) - Added a new node: /default-rack/276dcdcd-15bf-4616-85f3-24cbc9cded34
2023-09-07 08:52:06,430 [IPC Server handler 14 on default port 15002] INFO  node.SCMNodeManager (SCMNodeManager.java:register(405)) - Registered Data node : 276dcdcd-15bf-4616-85f3-24cbc9cded34{ip: 10.1.0.48, host: fv-az793-921.vth4h2cvs0culokhaokvhxz15b.jx.internal.cloudapp.net, ports: [HTTP=15018, CLIENT_RPC=15019, REPLICATION=15025, RATIS=15021, RATIS_ADMIN=15022, RATIS_SERVER=15023, RATIS_DATASTREAM=15024, STANDALONE=15020], networkLocation: /default-rack, certSerialId: null, persistedOpState: null, persistedOpStateExpiryEpochSec: 0}
2023-09-07 08:52:06,431 [EventQueue-NewNodeForNewNodeHandler] INFO  pipeline.BackgroundPipelineCreator (BackgroundPipelineCreator.java:notifyEventTriggered(277)) - trigger a one-shot run on RatisPipelineUtilsThread.
2023-09-07 08:52:06,432 [EventQueue-NodeRegistrationContainerReportForDataNodeSafeModeRule] INFO  safemode.SCMSafeModeManager (DataNodeSafeModeRule.java:process(71)) - SCM in safe mode. 2 DataNodes registered, 3 required.
2023-09-07 08:52:06,434 [RatisPipelineUtilsThread - 0] INFO  pipeline.RatisPipelineProvider (RatisPipelineProvider.java:lambda$create$0(206)) - Sending CreatePipelineCommand for pipeline:PipelineID=345dc5c3-fa51-493d-9b98-f571caa155c4 to datanode:276dcdcd-15bf-4616-85f3-24cbc9cded34
2023-09-07 08:52:06,440 [RatisPipelineUtilsThread - 0] INFO  pipeline.BackgroundPipelineCreator (BackgroundPipelineCreator.java:createPipelines(233)) - Created new pipeline Pipeline[ Id: 345dc5c3-fa51-493d-9b98-f571caa155c4, Nodes: 276dcdcd-15bf-4616-85f3-24cbc9cded34(fv-az793-921.vth4h2cvs0culokhaokvhxz15b.jx.internal.cloudapp.net/10.1.0.48), ReplicationConfig: RATIS/ONE, State:ALLOCATED, leaderId:, CreationTimestamp2023-09-07T08:52:06.434Z[Etc/UTC]]
2023-09-07 08:52:06,689 [main] INFO  ozone.MiniOzoneClusterImpl (MiniOzoneClusterImpl.java:lambda$waitForClusterToBeReady$0(224)) - Waiting for nodes to be ready. Got 2 of 5 DN Heartbeats.
2023-09-07 08:52:06,690 [main] INFO  ozone.MiniOzoneClusterImpl (MiniOzoneClusterImpl.java:lambda$waitForClusterToBeReady$0(227)) - Waiting for cluster to exit safe mode
2023-09-07 08:52:06,690 [main] INFO  ozone.MiniOzoneClusterImpl (MiniOzoneClusterImpl.java:lambda$waitForClusterToBeReady$0(229)) - SCM became leader
2023-09-07 08:52:06,825 [IPC Server handler 1 on default port 15002] INFO  net.NetworkTopologyImpl (NetworkTopologyImpl.java:add(112)) - Added a new node: /default-rack/453fd3f5-2dd8-488f-a349-96be441c1316
2023-09-07 08:52:06,826 [IPC Server handler 1 on default port 15002] INFO  node.SCMNodeManager (SCMNodeManager.java:register(405)) - Registered Data node : 453fd3f5-2dd8-488f-a349-96be441c1316{ip: 10.1.0.48, host: fv-az793-921.vth4h2cvs0culokhaokvhxz15b.jx.internal.cloudapp.net, ports: [HTTP=15027, CLIENT_RPC=15028, REPLICATION=15034, RATIS=15030, RATIS_ADMIN=15031, RATIS_SERVER=15032, RATIS_DATASTREAM=15033, STANDALONE=15029], networkLocation: /default-rack, certSerialId: null, persistedOpState: null, persistedOpStateExpiryEpochSec: 0}
2023-09-07 08:52:06,828 [EventQueue-NewNodeForNewNodeHandler] INFO  pipeline.BackgroundPipelineCreator (BackgroundPipelineCreator.java:notifyEventTriggered(277)) - trigger a one-shot run on RatisPipelineUtilsThread.
2023-09-07 08:52:06,828 [EventQueue-NodeRegistrationContainerReportForDataNodeSafeModeRule] INFO  safemode.SCMSafeModeManager (DataNodeSafeModeRule.java:process(71)) - SCM in safe mode. 3 DataNodes registered, 3 required.
2023-09-07 08:52:06,829 [EventQueue-NodeRegistrationContainerReportForDataNodeSafeModeRule] INFO  safemode.SCMSafeModeManager (SCMSafeModeManager.java:validateSafeModeExitRules(200)) - DataNodeSafeModeRule rule is successfully validated
2023-09-07 08:52:06,828 [RatisPipelineUtilsThread - 0] INFO  pipeline.RatisPipelineProvider (RatisPipelineProvider.java:lambda$create$0(206)) - Sending CreatePipelineCommand for pipeline:PipelineID=f789a591-3481-45a5-8ace-b16dae932054 to datanode:453fd3f5-2dd8-488f-a349-96be441c1316
2023-09-07 08:52:06,829 [EventQueue-NodeRegistrationContainerReportForDataNodeSafeModeRule] INFO  safemode.SCMSafeModeManager (SCMSafeModeManager.java:completePreCheck(229)) - All SCM safe mode pre check rules have passed
2023-09-07 08:52:06,829 [EventQueue-NodeRegistrationContainerReportForDataNodeSafeModeRule] INFO  ha.SCMContext (SCMContext.java:updateSafeModeStatus(228)) - Update SafeModeStatus from SafeModeStatus{safeModeStatus=true, preCheckPassed=false} to SafeModeStatus{safeModeStatus=true, preCheckPassed=true}.
2023-09-07 08:52:06,829 [EventQueue-NodeRegistrationContainerReportForDataNodeSafeModeRule] INFO  pipeline.BackgroundPipelineCreator (BackgroundPipelineCreator.java:notifyEventTriggered(277)) - trigger a one-shot run on RatisPipelineUtilsThread.
2023-09-07 08:52:06,830 [RatisPipelineUtilsThread - 0] INFO  pipeline.BackgroundPipelineCreator (BackgroundPipelineCreator.java:createPipelines(233)) - Created new pipeline Pipeline[ Id: f789a591-3481-45a5-8ace-b16dae932054, Nodes: 453fd3f5-2dd8-488f-a349-96be441c1316(fv-az793-921.vth4h2cvs0culokhaokvhxz15b.jx.internal.cloudapp.net/10.1.0.48), ReplicationConfig: RATIS/ONE, State:ALLOCATED, leaderId:, CreationTimestamp2023-09-07T08:52:06.828Z[Etc/UTC]]
2023-09-07 08:52:06,835 [RatisPipelineUtilsThread - 0] INFO  pipeline.RatisPipelineProvider (RatisPipelineProvider.java:lambda$create$0(206)) - Sending CreatePipelineCommand for pipeline:PipelineID=267c773c-6e74-4f30-8eb7-109ec14dcc46 to datanode:453fd3f5-2dd8-488f-a349-96be441c1316
2023-09-07 08:52:06,835 [RatisPipelineUtilsThread - 0] INFO  pipeline.RatisPipelineProvider (RatisPipelineProvider.java:lambda$create$0(206)) - Sending CreatePipelineCommand for pipeline:PipelineID=267c773c-6e74-4f30-8eb7-109ec14dcc46 to datanode:ee526f6f-3d45-469e-9618-ca9792ac197c
2023-09-07 08:52:06,836 [RatisPipelineUtilsThread - 0] INFO  pipeline.RatisPipelineProvider (RatisPipelineProvider.java:lambda$create$0(206)) - Sending CreatePipelineCommand for pipeline:PipelineID=267c773c-6e74-4f30-8eb7-109ec14dcc46 to datanode:276dcdcd-15bf-4616-85f3-24cbc9cded34
2023-09-07 08:52:06,837 [RatisPipelineUtilsThread - 0] INFO  pipeline.BackgroundPipelineCreator (BackgroundPipelineCreator.java:createPipelines(233)) - Created new pipeline Pipeline[ Id: 267c773c-6e74-4f30-8eb7-109ec14dcc46, Nodes: 453fd3f5-2dd8-488f-a349-96be441c1316(fv-az793-921.vth4h2cvs0culokhaokvhxz15b.jx.internal.cloudapp.net/10.1.0.48)ee526f6f-3d45-469e-9618-ca9792ac197c(fv-az793-921.vth4h2cvs0culokhaokvhxz15b.jx.internal.cloudapp.net/10.1.0.48)276dcdcd-15bf-4616-85f3-24cbc9cded34(fv-az793-921.vth4h2cvs0culokhaokvhxz15b.jx.internal.cloudapp.net/10.1.0.48), ReplicationConfig: RATIS/THREE, State:ALLOCATED, leaderId:, CreationTimestamp2023-09-07T08:52:06.835Z[Etc/UTC]]
2023-09-07 08:52:06,839 [RatisPipelineUtilsThread - 0] INFO  pipeline.RatisPipelineProvider (RatisPipelineProvider.java:lambda$create$0(206)) - Sending CreatePipelineCommand for pipeline:PipelineID=55f15abb-f6c0-4b66-854c-fd8d31c87414 to datanode:453fd3f5-2dd8-488f-a349-96be441c1316
2023-09-07 08:52:06,839 [RatisPipelineUtilsThread - 0] INFO  pipeline.RatisPipelineProvider (RatisPipelineProvider.java:lambda$create$0(206)) - Sending CreatePipelineCommand for pipeline:PipelineID=55f15abb-f6c0-4b66-854c-fd8d31c87414 to datanode:276dcdcd-15bf-4616-85f3-24cbc9cded34
2023-09-07 08:52:06,839 [RatisPipelineUtilsThread - 0] INFO  pipeline.RatisPipelineProvider (RatisPipelineProvider.java:lambda$create$0(206)) - Sending CreatePipelineCommand for pipeline:PipelineID=55f15abb-f6c0-4b66-854c-fd8d31c87414 to datanode:ee526f6f-3d45-469e-9618-ca9792ac197c
2023-09-07 08:52:06,841 [RatisPipelineUtilsThread - 0] INFO  pipeline.PipelineManagerImpl (PipelineManagerImpl.java:recordMetricsForPipeline(914)) - Pipeline: PipelineID=55f15abb-f6c0-4b66-854c-fd8d31c87414 contains same datanodes as previous pipelines: PipelineID=267c773c-6e74-4f30-8eb7-109ec14dcc46 nodeIds: 453fd3f5-2dd8-488f-a349-96be441c1316, 276dcdcd-15bf-4616-85f3-24cbc9cded34, ee526f6f-3d45-469e-9618-ca9792ac197c
2023-09-07 08:52:06,841 [RatisPipelineUtilsThread - 0] INFO  pipeline.BackgroundPipelineCreator (BackgroundPipelineCreator.java:createPipelines(233)) - Created new pipeline Pipeline[ Id: 55f15abb-f6c0-4b66-854c-fd8d31c87414, Nodes: 453fd3f5-2dd8-488f-a349-96be441c1316(fv-az793-921.vth4h2cvs0culokhaokvhxz15b.jx.internal.cloudapp.net/10.1.0.48)276dcdcd-15bf-4616-85f3-24cbc9cded34(fv-az793-921.vth4h2cvs0culokhaokvhxz15b.jx.internal.cloudapp.net/10.1.0.48)ee526f6f-3d45-469e-9618-ca9792ac197c(fv-az793-921.vth4h2cvs0culokhaokvhxz15b.jx.internal.cloudapp.net/10.1.0.48), ReplicationConfig: RATIS/THREE, State:ALLOCATED, leaderId:, CreationTimestamp2023-09-07T08:52:06.839Z[Etc/UTC]]
2023-09-07 08:52:07,273 [IPC Server handler 16 on default port 15002] INFO  net.NetworkTopologyImpl (NetworkTopologyImpl.java:add(112)) - Added a new node: /default-rack/7027ac8d-bbe4-4820-bd68-7a29676b00c5
2023-09-07 08:52:07,274 [IPC Server handler 16 on default port 15002] INFO  node.SCMNodeManager (SCMNodeManager.java:register(405)) - Registered Data node : 7027ac8d-bbe4-4820-bd68-7a29676b00c5{ip: 10.1.0.48, host: fv-az793-921.vth4h2cvs0culokhaokvhxz15b.jx.internal.cloudapp.net, ports: [HTTP=15036, CLIENT_RPC=15037, REPLICATION=15043, RATIS=15039, RATIS_ADMIN=15040, RATIS_SERVER=15041, RATIS_DATASTREAM=15042, STANDALONE=15038], networkLocation: /default-rack, certSerialId: null, persistedOpState: null, persistedOpStateExpiryEpochSec: 0}
2023-09-07 08:52:07,275 [EventQueue-NewNodeForNewNodeHandler] INFO  pipeline.BackgroundPipelineCreator (BackgroundPipelineCreator.java:notifyEventTriggered(277)) - trigger a one-shot run on RatisPipelineUtilsThread.
2023-09-07 08:52:07,276 [RatisPipelineUtilsThread - 0] INFO  pipeline.RatisPipelineProvider (RatisPipelineProvider.java:lambda$create$0(206)) - Sending CreatePipelineCommand for pipeline:PipelineID=064beb9c-7ae4-4cbc-8f6c-7ccf03de7091 to datanode:7027ac8d-bbe4-4820-bd68-7a29676b00c5
2023-09-07 08:52:07,279 [RatisPipelineUtilsThread - 0] INFO  pipeline.BackgroundPipelineCreator (BackgroundPipelineCreator.java:createPipelines(233)) - Created new pipeline Pipeline[ Id: 064beb9c-7ae4-4cbc-8f6c-7ccf03de7091, Nodes: 7027ac8d-bbe4-4820-bd68-7a29676b00c5(fv-az793-921.vth4h2cvs0culokhaokvhxz15b.jx.internal.cloudapp.net/10.1.0.48), ReplicationConfig: RATIS/ONE, State:ALLOCATED, leaderId:, CreationTimestamp2023-09-07T08:52:07.276Z[Etc/UTC]]
2023-09-07 08:52:07,690 [main] INFO  ozone.MiniOzoneClusterImpl (MiniOzoneClusterImpl.java:lambda$waitForClusterToBeReady$0(224)) - Waiting for nodes to be ready. Got 4 of 5 DN Heartbeats.
2023-09-07 08:52:07,691 [main] INFO  ozone.MiniOzoneClusterImpl (MiniOzoneClusterImpl.java:lambda$waitForClusterToBeReady$0(227)) - Waiting for cluster to exit safe mode
2023-09-07 08:52:07,691 [main] INFO  ozone.MiniOzoneClusterImpl (MiniOzoneClusterImpl.java:lambda$waitForClusterToBeReady$0(229)) - SCM became leader
2023-09-07 08:52:07,694 [IPC Server handler 1 on default port 15002] INFO  net.NetworkTopologyImpl (NetworkTopologyImpl.java:add(112)) - Added a new node: /default-rack/21558166-7abb-48cd-85e5-e0231587e321
2023-09-07 08:52:07,695 [IPC Server handler 1 on default port 15002] INFO  node.SCMNodeManager (SCMNodeManager.java:register(405)) - Registered Data node : 21558166-7abb-48cd-85e5-e0231587e321{ip: 10.1.0.48, host: fv-az793-921.vth4h2cvs0culokhaokvhxz15b.jx.internal.cloudapp.net, ports: [HTTP=15045, CLIENT_RPC=15046, REPLICATION=15052, RATIS=15048, RATIS_ADMIN=15049, RATIS_SERVER=15050, RATIS_DATASTREAM=15051, STANDALONE=15047], networkLocation: /default-rack, certSerialId: null, persistedOpState: null, persistedOpStateExpiryEpochSec: 0}
2023-09-07 08:52:07,695 [EventQueue-NewNodeForNewNodeHandler] INFO  pipeline.BackgroundPipelineCreator (BackgroundPipelineCreator.java:notifyEventTriggered(277)) - trigger a one-shot run on RatisPipelineUtilsThread.
2023-09-07 08:52:07,696 [RatisPipelineUtilsThread - 0] INFO  pipeline.RatisPipelineProvider (RatisPipelineProvider.java:lambda$create$0(206)) - Sending CreatePipelineCommand for pipeline:PipelineID=efb7b314-f687-41bd-b569-512c37ca5d20 to datanode:21558166-7abb-48cd-85e5-e0231587e321
2023-09-07 08:52:07,698 [RatisPipelineUtilsThread - 0] INFO  pipeline.BackgroundPipelineCreator (BackgroundPipelineCreator.java:createPipelines(233)) - Created new pipeline Pipeline[ Id: efb7b314-f687-41bd-b569-512c37ca5d20, Nodes: 21558166-7abb-48cd-85e5-e0231587e321(fv-az793-921.vth4h2cvs0culokhaokvhxz15b.jx.internal.cloudapp.net/10.1.0.48), ReplicationConfig: RATIS/ONE, State:ALLOCATED, leaderId:, CreationTimestamp2023-09-07T08:52:07.696Z[Etc/UTC]]
2023-09-07 08:52:08,691 [main] INFO  ozone.MiniOzoneClusterImpl (MiniOzoneClusterImpl.java:lambda$waitForClusterToBeReady$0(224)) - Nodes are ready. Got 5 of 5 DN Heartbeats.
2023-09-07 08:52:08,691 [main] INFO  ozone.MiniOzoneClusterImpl (MiniOzoneClusterImpl.java:lambda$waitForClusterToBeReady$0(227)) - Waiting for cluster to exit safe mode
2023-09-07 08:52:08,691 [main] INFO  ozone.MiniOzoneClusterImpl (MiniOzoneClusterImpl.java:lambda$waitForClusterToBeReady$0(229)) - SCM became leader
2023-09-07 08:52:08,908 [PipelineCommandHandlerThread-0] INFO  server.RaftServer (RaftServerProxy.java:addNew(98)) - ee526f6f-3d45-469e-9618-ca9792ac197c: addNew group-656F26D9DC96:[ee526f6f-3d45-469e-9618-ca9792ac197c|rpc:10.1.0.48:15014|admin:10.1.0.48:15013|client:10.1.0.48:15012|dataStream:10.1.0.48:15015|priority:1|startupRole:FOLLOWER] returns group-656F26D9DC96:java.util.concurrent.CompletableFuture@643e0468[Not completed]
2023-09-07 08:52:08,928 [ee526f6f-3d45-469e-9618-ca9792ac197c-groupManagement] INFO  server.RaftServer$Division (RaftServerImpl.java:<init>(198)) - ee526f6f-3d45-469e-9618-ca9792ac197c: new RaftServerImpl for group-656F26D9DC96:[ee526f6f-3d45-469e-9618-ca9792ac197c|rpc:10.1.0.48:15014|admin:10.1.0.48:15013|client:10.1.0.48:15012|dataStream:10.1.0.48:15015|priority:1|startupRole:FOLLOWER] with ContainerStateMachine:uninitialized
2023-09-07 08:52:08,928 [ee526f6f-3d45-469e-9618-ca9792ac197c-groupManagement] INFO  server.RaftServerConfigKeys (ConfUtils.java:logGet(46)) - raft.server.rpc.timeout.min = 5s (custom)
2023-09-07 08:52:08,928 [ee526f6f-3d45-469e-9618-ca9792ac197c-groupManagement] INFO  server.RaftServerConfigKeys (ConfUtils.java:logGet(46)) - raft.server.rpc.timeout.max = 5200ms (custom)
2023-09-07 08:52:08,929 [ee526f6f-3d45-469e-9618-ca9792ac197c-groupManagement] INFO  server.RaftServerConfigKeys (ConfUtils.java:logGet(46)) - raft.server.rpc.sleep.time = 25ms (default)
2023-09-07 08:52:08,929 [ee526f6f-3d45-469e-9618-ca9792ac197c-groupManagement] INFO  server.RaftServerConfigKeys (ConfUtils.java:logGet(46)) - raft.server.rpc.slowness.timeout = 300s (custom)
2023-09-07 08:52:08,929 [ee526f6f-3d45-469e-9618-ca9792ac197c-groupManagement] INFO  server.RaftServerConfigKeys (ConfUtils.java:logGet(46)) - raft.server.leaderelection.leader.step-down.wait-time = 10s (default)
2023-09-07 08:52:08,929 [ee526f6f-3d45-469e-9618-ca9792ac197c-groupManagement] INFO  server.RaftServerConfigKeys (ConfUtils.java:logGet(46)) - raft.server.sleep.deviation.threshold = 300ms (default)
2023-09-07 08:52:08,929 [ee526f6f-3d45-469e-9618-ca9792ac197c-groupManagement] INFO  server.RaftServer$Division (ServerState.java:<init>(120)) - ee526f6f-3d45-469e-9618-ca9792ac197c@group-656F26D9DC96: ConfigurationManager, init=-1: peers:[ee526f6f-3d45-469e-9618-ca9792ac197c|rpc:10.1.0.48:15014|admin:10.1.0.48:15013|client:10.1.0.48:15012|dataStream:10.1.0.48:15015|priority:1|startupRole:FOLLOWER]|listeners:[], old=null, confs=<EMPTY_MAP>
2023-09-07 08:52:08,929 [ee526f6f-3d45-469e-9618-ca9792ac197c-groupManagement] INFO  server.RaftServerConfigKeys (ConfUtils.java:logGet(46)) - raft.server.storage.dir = [/home/runner/work/ozone/ozone/hadoop-ozone/integration-test/target/test-dir/MiniOzoneClusterImpl-480c9758-28d8-415f-a146-fed859d0e253/datanode-0/data/ratis] (custom)
2023-09-07 08:52:08,930 [ee526f6f-3d45-469e-9618-ca9792ac197c-groupManagement] INFO  server.RaftServerConfigKeys (ConfUtils.java:logGet(46)) - raft.server.log.corruption.policy = EXCEPTION (default)
2023-09-07 08:52:08,930 [ee526f6f-3d45-469e-9618-ca9792ac197c-groupManagement] INFO  server.RaftServerConfigKeys (ConfUtils.java:logGet(46)) - raft.server.storage.free-space.min = 0MB (=0) (default)
2023-09-07 08:52:08,930 [ee526f6f-3d45-469e-9618-ca9792ac197c-groupManagement] INFO  server.RaftServerConfigKeys (ConfUtils.java:logGet(46)) - raft.server.notification.no-leader.timeout = 300s (custom)
2023-09-07 08:52:08,930 [ee526f6f-3d45-469e-9618-ca9792ac197c-groupManagement] INFO  server.RaftServerConfigKeys (ConfUtils.java:logGet(46)) - raft.server.read.timeout = 10s (default)
2023-09-07 08:52:08,930 [ee526f6f-3d45-469e-9618-ca9792ac197c-groupManagement] INFO  server.RaftServerConfigKeys (ConfUtils.java:logGet(46)) - raft.server.retrycache.expirytime = 600000ms (custom)
2023-09-07 08:52:08,930 [ee526f6f-3d45-469e-9618-ca9792ac197c-groupManagement] INFO  server.RaftServerConfigKeys (ConfUtils.java:logGet(46)) - raft.server.retrycache.statistics.expirytime = 100μs (default)
2023-09-07 08:52:08,931 [ee526f6f-3d45-469e-9618-ca9792ac197c-groupManagement] INFO  server.RaftServerConfigKeys (ConfUtils.java:logGet(46)) - raft.server.read.option = DEFAULT (default)
2023-09-07 08:52:08,935 [ee526f6f-3d45-469e-9618-ca9792ac197c-groupManagement] INFO  server.RaftServerConfigKeys (ConfUtils.java:logGet(46)) - raft.server.rpc.request.timeout = 60s (custom)
2023-09-07 08:52:08,935 [ee526f6f-3d45-469e-9618-ca9792ac197c-groupManagement] INFO  server.RaftServerConfigKeys (ConfUtils.java:logGet(46)) - raft.server.log.appender.install.snapshot.enabled = false (custom)
2023-09-07 08:52:08,935 [ee526f6f-3d45-469e-9618-ca9792ac197c-groupManagement] INFO  server.RaftServerConfigKeys (ConfUtils.java:logGet(46)) - raft.server.threadpool.server.cached = true (default)
2023-09-07 08:52:08,935 [ee526f6f-3d45-469e-9618-ca9792ac197c-groupManagement] INFO  server.RaftServerConfigKeys (ConfUtils.java:logGet(46)) - raft.server.threadpool.server.size = 0 (default)
2023-09-07 08:52:08,935 [ee526f6f-3d45-469e-9618-ca9792ac197c-groupManagement] INFO  server.RaftServerConfigKeys (ConfUtils.java:logGet(46)) - raft.server.threadpool.client.cached = true (default)
2023-09-07 08:52:08,935 [ee526f6f-3d45-469e-9618-ca9792ac197c-groupManagement] INFO  server.RaftServerConfigKeys (ConfUtils.java:logGet(46)) - raft.server.threadpool.client.size = 0 (default)
2023-09-07 08:52:08,936 [ee526f6f-3d45-469e-9618-ca9792ac197c-groupManagement] INFO  storage.RaftStorageDirectory (RaftStorageDirectoryImpl.java:analyzeStorage(137)) - The storage directory /home/runner/work/ozone/ozone/hadoop-ozone/integration-test/target/test-dir/MiniOzoneClusterImpl-480c9758-28d8-415f-a146-fed859d0e253/datanode-0/data/ratis/2b6e3ade-2364-42db-9f82-656f26d9dc96 does not exist. Creating ...
2023-09-07 08:52:08,937 [ee526f6f-3d45-469e-9618-ca9792ac197c-groupManagement] INFO  storage.RaftStorageDirectory (RaftStorageDirectoryImpl.java:tryLock(231)) - Lock on /home/runner/work/ozone/ozone/hadoop-ozone/integration-test/target/test-dir/MiniOzoneClusterImpl-480c9758-28d8-415f-a146-fed859d0e253/datanode-0/data/ratis/2b6e3ade-2364-42db-9f82-656f26d9dc96/in_use.lock acquired by nodename 7589@fv-az793-921
2023-09-07 08:52:08,939 [ee526f6f-3d45-469e-9618-ca9792ac197c-groupManagement] INFO  storage.RaftStorage (RaftStorageImpl.java:format(96)) - Storage directory /home/runner/work/ozone/ozone/hadoop-ozone/integration-test/target/test-dir/MiniOzoneClusterImpl-480c9758-28d8-415f-a146-fed859d0e253/datanode-0/data/ratis/2b6e3ade-2364-42db-9f82-656f26d9dc96 has been successfully formatted.
2023-09-07 08:52:08,945 [ee526f6f-3d45-469e-9618-ca9792ac197c-groupManagement] INFO  ratis.ContainerStateMachine (ContainerStateMachine.java:loadSnapshot(262)) - group-656F26D9DC96: The snapshot info is null. Setting the last applied indexto:(t:0, i:~)
2023-09-07 08:52:08,946 [ee526f6f-3d45-469e-9618-ca9792ac197c-groupManagement] INFO  server.RaftServerConfigKeys (ConfUtils.java:logGet(46)) - raft.server.log.use.memory = false (default)
2023-09-07 08:52:08,946 [ee526f6f-3d45-469e-9618-ca9792ac197c-groupManagement] INFO  server.RaftServerConfigKeys (ConfUtils.java:logGet(46)) - raft.server.log.purge.gap = 1000000 (custom)
2023-09-07 08:52:08,946 [ee526f6f-3d45-469e-9618-ca9792ac197c-groupManagement] INFO  server.RaftServerConfigKeys (ConfUtils.java:logGet(46)) - raft.server.log.appender.buffer.byte-limit = 33554432 (custom)
2023-09-07 08:52:08,946 [ee526f6f-3d45-469e-9618-ca9792ac197c-groupManagement] INFO  server.RaftServerConfigKeys (ConfUtils.java:logGet(46)) - raft.server.log.statemachine.data.read.timeout = 1000ms (default)
2023-09-07 08:52:08,946 [ee526f6f-3d45-469e-9618-ca9792ac197c-groupManagement] INFO  server.RaftServerConfigKeys (ConfUtils.java:logGet(46)) - raft.server.log.purge.preservation.log.num = 0 (default)
2023-09-07 08:52:08,946 [ee526f6f-3d45-469e-9618-ca9792ac197c-groupManagement] INFO  server.RaftServerConfigKeys (ConfUtils.java:logGet(46)) - raft.server.log.segment.size.max = 1048576 (custom)
2023-09-07 08:52:08,948 [ee526f6f-3d45-469e-9618-ca9792ac197c-groupManagement] INFO  server.RaftServerConfigKeys (ConfUtils.java:logGet(46)) - raft.server.log.segment.cache.num.max = 2 (custom)
2023-09-07 08:52:08,948 [ee526f6f-3d45-469e-9618-ca9792ac197c-groupManagement] INFO  server.RaftServerConfigKeys (ConfUtils.java:logGet(46)) - raft.server.log.segment.cache.size.max = 200MB (=209715200) (default)
2023-09-07 08:52:08,948 [ee526f6f-3d45-469e-9618-ca9792ac197c-groupManagement] INFO  server.RaftServerConfigKeys (ConfUtils.java:logGet(46)) - raft.server.log.appender.buffer.byte-limit = 33554432 (custom)
2023-09-07 08:52:08,948 [ee526f6f-3d45-469e-9618-ca9792ac197c-groupManagement] INFO  segmented.SegmentedRaftLogWorker (SegmentedRaftLogWorker.java:<init>(188)) - new ee526f6f-3d45-469e-9618-ca9792ac197c@group-656F26D9DC96-SegmentedRaftLogWorker for RaftStorageImpl:Storage Directory /home/runner/work/ozone/ozone/hadoop-ozone/integration-test/target/test-dir/MiniOzoneClusterImpl-480c9758-28d8-415f-a146-fed859d0e253/datanode-0/data/ratis/2b6e3ade-2364-42db-9f82-656f26d9dc96
2023-09-07 08:52:08,948 [ee526f6f-3d45-469e-9618-ca9792ac197c-groupManagement] INFO  server.RaftServerConfigKeys (ConfUtils.java:logGet(46)) - raft.server.log.queue.byte-limit = 4294967296 (custom)
2023-09-07 08:52:08,948 [ee526f6f-3d45-469e-9618-ca9792ac197c-groupManagement] INFO  server.RaftServerConfigKeys (ConfUtils.java:logGet(46)) - raft.server.log.queue.element-limit = 1024 (custom)
2023-09-07 08:52:08,948 [ee526f6f-3d45-469e-9618-ca9792ac197c-groupManagement] INFO  server.RaftServerConfigKeys (ConfUtils.java:logGet(46)) - raft.server.log.segment.size.max = 1048576 (custom)
2023-09-07 08:52:08,948 [ee526f6f-3d45-469e-9618-ca9792ac197c-groupManagement] INFO  server.RaftServerConfigKeys (ConfUtils.java:logGet(46)) - raft.server.log.preallocated.size = 16384 (custom)
2023-09-07 08:52:08,948 [ee526f6f-3d45-469e-9618-ca9792ac197c-groupManagement] INFO  server.RaftServerConfigKeys (ConfUtils.java:logGet(46)) - raft.server.log.force.sync.num = 128 (default)
2023-09-07 08:52:08,949 [ee526f6f-3d45-469e-9618-ca9792ac197c-groupManagement] INFO  server.RaftServerConfigKeys (ConfUtils.java:logGet(46)) - raft.server.log.statemachine.data.sync = true (default)
2023-09-07 08:52:08,949 [ee526f6f-3d45-469e-9618-ca9792ac197c-groupManagement] INFO  server.RaftServerConfigKeys (ConfUtils.java:logGet(46)) - raft.server.log.statemachine.data.sync.timeout = 10s (default)
2023-09-07 08:52:08,949 [ee526f6f-3d45-469e-9618-ca9792ac197c-groupManagement] INFO  server.RaftServerConfigKeys (ConfUtils.java:logGet(46)) - raft.server.log.statemachine.data.sync.timeout.retry = -1 (default)
2023-09-07 08:52:08,951 [ee526f6f-3d45-469e-9618-ca9792ac197c-groupManagement] INFO  server.RaftServerConfigKeys (ConfUtils.java:logGet(46)) - raft.server.log.write.buffer.size = 1048576 (custom)
2023-09-07 08:52:08,954 [ee526f6f-3d45-469e-9618-ca9792ac197c-groupManagement] INFO  server.RaftServerConfigKeys (ConfUtils.java:logGet(46)) - raft.server.log.appender.buffer.byte-limit = 33554432 (custom)
2023-09-07 08:52:08,962 [ee526f6f-3d45-469e-9618-ca9792ac197c-groupManagement] INFO  server.RaftServerConfigKeys (ConfUtils.java:logGet(46)) - raft.server.log.unsafe-flush.enabled = false (default)
2023-09-07 08:52:08,962 [ee526f6f-3d45-469e-9618-ca9792ac197c-groupManagement] INFO  server.RaftServerConfigKeys (ConfUtils.java:logGet(46)) - raft.server.log.async-flush.enabled = false (default)
2023-09-07 08:52:08,962 [ee526f6f-3d45-469e-9618-ca9792ac197c-groupManagement] INFO  server.RaftServerConfigKeys (ConfUtils.java:logGet(46)) - raft.server.log.statemachine.data.caching.enabled = true (custom)
2023-09-07 08:52:08,963 [ee526f6f-3d45-469e-9618-ca9792ac197c-groupManagement] INFO  segmented.SegmentedRaftLogWorker (SegmentedRaftLogWorker.java:lambda$new$0(135)) - ee526f6f-3d45-469e-9618-ca9792ac197c@group-656F26D9DC96-SegmentedRaftLogWorker: flushIndex: setUnconditionally 0 -> -1
2023-09-07 08:52:08,963 [ee526f6f-3d45-469e-9618-ca9792ac197c-groupManagement] INFO  segmented.SegmentedRaftLogWorker (SegmentedRaftLogWorker.java:lambda$new$0(135)) - ee526f6f-3d45-469e-9618-ca9792ac197c@group-656F26D9DC96-SegmentedRaftLogWorker: safeCacheEvictIndex: setUnconditionally 0 -> -1
2023-09-07 08:52:08,963 [ee526f6f-3d45-469e-9618-ca9792ac197c-groupManagement] INFO  server.RaftServer$Division (RaftServerImpl.java:start(342)) - ee526f6f-3d45-469e-9618-ca9792ac197c@group-656F26D9DC96: start as a follower, conf=-1: peers:[ee526f6f-3d45-469e-9618-ca9792ac197c|rpc:10.1.0.48:15014|admin:10.1.0.48:15013|client:10.1.0.48:15012|dataStream:10.1.0.48:15015|priority:1|startupRole:FOLLOWER]|listeners:[], old=null
2023-09-07 08:52:08,963 [ee526f6f-3d45-469e-9618-ca9792ac197c-groupManagement] INFO  server.RaftServer$Division (RaftServerImpl.java:setRole(329)) - ee526f6f-3d45-469e-9618-ca9792ac197c@group-656F26D9DC96: changes role from      null to FOLLOWER at term 0 for startAsFollower
2023-09-07 08:52:08,963 [ee526f6f-3d45-469e-9618-ca9792ac197c-groupManagement] INFO  impl.RoleInfo (RoleInfo.java:updateAndGet(139)) - ee526f6f-3d45-469e-9618-ca9792ac197c: start ee526f6f-3d45-469e-9618-ca9792ac197c@group-656F26D9DC96-FollowerState
2023-09-07 08:52:08,964 [ee526f6f-3d45-469e-9618-ca9792ac197c-groupManagement] INFO  util.JmxRegister (JmxRegister.java:tryRegister(44)) - Successfully registered JMX Bean with object name Ratis:service=RaftServer,group=group-656F26D9DC96,id=ee526f6f-3d45-469e-9618-ca9792ac197c
2023-09-07 08:52:08,964 [ee526f6f-3d45-469e-9618-ca9792ac197c-groupManagement] INFO  server.RaftServerConfigKeys (ConfUtils.java:logGet(46)) - raft.server.snapshot.auto.trigger.enabled = true (custom)
2023-09-07 08:52:08,965 [ee526f6f-3d45-469e-9618-ca9792ac197c-groupManagement] INFO  server.RaftServerConfigKeys (ConfUtils.java:logGet(46)) - raft.server.snapshot.auto.trigger.threshold = 10000 (custom)
2023-09-07 08:52:08,965 [ee526f6f-3d45-469e-9618-ca9792ac197c-groupManagement] INFO  server.RaftServerConfigKeys (ConfUtils.java:logGet(46)) - raft.server.snapshot.retention.file.num = 5 (custom)
2023-09-07 08:52:08,965 [ee526f6f-3d45-469e-9618-ca9792ac197c-groupManagement] INFO  server.RaftServerConfigKeys (ConfUtils.java:logGet(46)) - raft.server.log.purge.upto.snapshot.index = false (default)
2023-09-07 08:52:08,966 [ee526f6f-3d45-469e-9618-ca9792ac197c@group-656F26D9DC96-FollowerState] INFO  server.RaftServerConfigKeys (ConfUtils.java:logFallback(53)) - raft.server.rpc.first-election.timeout.min = 5s (fallback to raft.server.rpc.timeout.min)
2023-09-07 08:52:08,966 [ee526f6f-3d45-469e-9618-ca9792ac197c@group-656F26D9DC96-FollowerState] INFO  server.RaftServerConfigKeys (ConfUtils.java:logFallback(53)) - raft.server.rpc.first-election.timeout.max = 5200ms (fallback to raft.server.rpc.timeout.max)
2023-09-07 08:52:08,985 [EventQueue-PipelineReportForPipelineReportHandler] INFO  pipeline.PipelineReportHandler (PipelineReportHandler.java:processPipelineReport(136)) - Opened pipeline PipelineID=2b6e3ade-2364-42db-9f82-656f26d9dc96
2023-09-07 08:52:08,985 [PipelineCommandHandlerThread-0] INFO  ratis.XceiverServerRatis (XceiverServerRatis.java:addGroup(804)) - Created group PipelineID=2b6e3ade-2364-42db-9f82-656f26d9dc96
2023-09-07 08:52:08,987 [PipelineCommandHandlerThread-0] INFO  commandhandler.CreatePipelineCommandHandler (CreatePipelineCommandHandler.java:lambda$handle$2(124)) - Created Pipeline RATIS ONE PipelineID=2b6e3ade-2364-42db-9f82-656f26d9dc96.
2023-09-07 08:52:08,987 [PipelineCommandHandlerThread-0] INFO  server.RaftServer (RaftServerProxy.java:addNew(98)) - ee526f6f-3d45-469e-9618-ca9792ac197c: addNew group-109EC14DCC46:[ee526f6f-3d45-469e-9618-ca9792ac197c|rpc:10.1.0.48:15014|admin:10.1.0.48:15013|client:10.1.0.48:15012|dataStream:10.1.0.48:15015|priority:0|startupRole:FOLLOWER, 453fd3f5-2dd8-488f-a349-96be441c1316|rpc:10.1.0.48:15032|admin:10.1.0.48:15031|client:10.1.0.48:15030|dataStream:10.1.0.48:15033|priority:1|startupRole:FOLLOWER, 276dcdcd-15bf-4616-85f3-24cbc9cded34|rpc:10.1.0.48:15023|admin:10.1.0.48:15022|client:10.1.0.48:15021|dataStream:10.1.0.48:15024|priority:0|startupRole:FOLLOWER] returns group-109EC14DCC46:java.util.concurrent.CompletableFuture@3124dd17[Not completed]
2023-09-07 08:52:08,989 [ee526f6f-3d45-469e-9618-ca9792ac197c-groupManagement] INFO  server.RaftServer$Division (RaftServerImpl.java:<init>(198)) - ee526f6f-3d45-469e-9618-ca9792ac197c: new RaftServerImpl for group-109EC14DCC46:[ee526f6f-3d45-469e-9618-ca9792ac197c|rpc:10.1.0.48:15014|admin:10.1.0.48:15013|client:10.1.0.48:15012|dataStream:10.1.0.48:15015|priority:0|startupRole:FOLLOWER, 453fd3f5-2dd8-488f-a349-96be441c1316|rpc:10.1.0.48:15032|admin:10.1.0.48:15031|client:10.1.0.48:15030|dataStream:10.1.0.48:15033|priority:1|startupRole:FOLLOWER, 276dcdcd-15bf-4616-85f3-24cbc9cded34|rpc:10.1.0.48:15023|admin:10.1.0.48:15022|client:10.1.0.48:15021|dataStream:10.1.0.48:15024|priority:0|startupRole:FOLLOWER] with ContainerStateMachine:uninitialized
2023-09-07 08:52:08,989 [ee526f6f-3d45-469e-9618-ca9792ac197c-groupManagement] INFO  server.RaftServerConfigKeys (ConfUtils.java:logGet(46)) - raft.server.rpc.timeout.min = 5s (custom)
2023-09-07 08:52:08,989 [ee526f6f-3d45-469e-9618-ca9792ac197c-groupManagement] INFO  server.RaftServerConfigKeys (ConfUtils.java:logGet(46)) - raft.server.rpc.timeout.max = 5200ms (custom)
2023-09-07 08:52:08,989 [ee526f6f-3d45-469e-9618-ca9792ac197c-groupManagement] INFO  server.RaftServerConfigKeys (ConfUtils.java:logGet(46)) - raft.server.rpc.sleep.time = 25ms (default)
2023-09-07 08:52:08,989 [ee526f6f-3d45-469e-9618-ca9792ac197c-groupManagement] INFO  server.RaftServerConfigKeys (ConfUtils.java:logGet(46)) - raft.server.rpc.slowness.timeout = 300s (custom)
2023-09-07 08:52:08,991 [ee526f6f-3d45-469e-9618-ca9792ac197c-groupManagement] INFO  server.RaftServerConfigKeys (ConfUtils.java:logGet(46)) - raft.server.leaderelection.leader.step-down.wait-time = 10s (default)
2023-09-07 08:52:08,991 [ee526f6f-3d45-469e-9618-ca9792ac197c-groupManagement] INFO  server.RaftServerConfigKeys (ConfUtils.java:logGet(46)) - raft.server.sleep.deviation.threshold = 300ms (default)
2023-09-07 08:52:08,991 [ee526f6f-3d45-469e-9618-ca9792ac197c-groupManagement] INFO  server.RaftServer$Division (ServerState.java:<init>(120)) - ee526f6f-3d45-469e-9618-ca9792ac197c@group-109EC14DCC46: ConfigurationManager, init=-1: peers:[ee526f6f-3d45-469e-9618-ca9792ac197c|rpc:10.1.0.48:15014|admin:10.1.0.48:15013|client:10.1.0.48:15012|dataStream:10.1.0.48:15015|priority:0|startupRole:FOLLOWER, 453fd3f5-2dd8-488f-a349-96be441c1316|rpc:10.1.0.48:15032|admin:10.1.0.48:15031|client:10.1.0.48:15030|dataStream:10.1.0.48:15033|priority:1|startupRole:FOLLOWER, 276dcdcd-15bf-4616-85f3-24cbc9cded34|rpc:10.1.0.48:15023|admin:10.1.0.48:15022|client:10.1.0.48:15021|dataStream:10.1.0.48:15024|priority:0|startupRole:FOLLOWER]|listeners:[], old=null, confs=<EMPTY_MAP>
2023-09-07 08:52:08,991 [ee526f6f-3d45-469e-9618-ca9792ac197c-groupManagement] INFO  server.RaftServerConfigKeys (ConfUtils.java:logGet(46)) - raft.server.storage.dir = [/home/runner/work/ozone/ozone/hadoop-ozone/integration-test/target/test-dir/MiniOzoneClusterImpl-480c9758-28d8-415f-a146-fed859d0e253/datanode-0/data/ratis] (custom)
2023-09-07 08:52:08,991 [ee526f6f-3d45-469e-9618-ca9792ac197c-groupManagement] INFO  server.RaftServerConfigKeys (ConfUtils.java:logGet(46)) - raft.server.log.corruption.policy = EXCEPTION (default)
2023-09-07 08:52:08,991 [ee526f6f-3d45-469e-9618-ca9792ac197c-groupManagement] INFO  server.RaftServerConfigKeys (ConfUtils.java:logGet(46)) - raft.server.storage.free-space.min = 0MB (=0) (default)
2023-09-07 08:52:08,991 [ee526f6f-3d45-469e-9618-ca9792ac197c-groupManagement] INFO  server.RaftServerConfigKeys (ConfUtils.java:logGet(46)) - raft.server.notification.no-leader.timeout = 300s (custom)
2023-09-07 08:52:08,993 [ee526f6f-3d45-469e-9618-ca9792ac197c-groupManagement] INFO  server.RaftServerConfigKeys (ConfUtils.java:logGet(46)) - raft.server.read.timeout = 10s (default)
2023-09-07 08:52:08,993 [ee526f6f-3d45-469e-9618-ca9792ac197c-groupManagement] INFO  server.RaftServerConfigKeys (ConfUtils.java:logGet(46)) - raft.server.retrycache.expirytime = 600000ms (custom)
2023-09-07 08:52:08,993 [ee526f6f-3d45-469e-9618-ca9792ac197c-groupManagement] INFO  server.RaftServerConfigKeys (ConfUtils.java:logGet(46)) - raft.server.retrycache.statistics.expirytime = 100μs (default)
2023-09-07 08:52:08,993 [ee526f6f-3d45-469e-9618-ca9792ac197c-groupManagement] INFO  server.RaftServerConfigKeys (ConfUtils.java:logGet(46)) - raft.server.read.option = DEFAULT (default)
2023-09-07 08:52:08,994 [EventQueue-OpenPipelineForHealthyPipelineSafeModeRule] INFO  safemode.SCMSafeModeManager (HealthyPipelineSafeModeRule.java:process(137)) - SCM in safe mode. Healthy pipelines reported count is 0, required healthy pipeline reported count is 1
2023-09-07 08:52:09,004 [ee526f6f-3d45-469e-9618-ca9792ac197c-groupManagement] INFO  server.RaftServerConfigKeys (ConfUtils.java:logGet(46)) - raft.server.rpc.request.timeout = 60s (custom)
2023-09-07 08:52:09,004 [ee526f6f-3d45-469e-9618-ca9792ac197c-groupManagement] INFO  server.RaftServerConfigKeys (ConfUtils.java:logGet(46)) - raft.server.log.appender.install.snapshot.enabled = false (custom)
2023-09-07 08:52:09,004 [ee526f6f-3d45-469e-9618-ca9792ac197c-groupManagement] INFO  server.RaftServerConfigKeys (ConfUtils.java:logGet(46)) - raft.server.threadpool.server.cached = true (default)
2023-09-07 08:52:09,004 [ee526f6f-3d45-469e-9618-ca9792ac197c-groupManagement] INFO  server.RaftServerConfigKeys (ConfUtils.java:logGet(46)) - raft.server.threadpool.server.size = 0 (default)
2023-09-07 08:52:09,004 [ee526f6f-3d45-469e-9618-ca9792ac197c-groupManagement] INFO  server.RaftServerConfigKeys (ConfUtils.java:logGet(46)) - raft.server.threadpool.client.cached = true (default)
2023-09-07 08:52:09,004 [ee526f6f-3d45-469e-9618-ca9792ac197c-groupManagement] INFO  server.RaftServerConfigKeys (ConfUtils.java:logGet(46)) - raft.server.threadpool.client.size = 0 (default)
2023-09-07 08:52:09,005 [ee526f6f-3d45-469e-9618-ca9792ac197c-groupManagement] INFO  storage.RaftStorageDirectory (RaftStorageDirectoryImpl.java:analyzeStorage(137)) - The storage directory /home/runner/work/ozone/ozone/hadoop-ozone/integration-test/target/test-dir/MiniOzoneClusterImpl-480c9758-28d8-415f-a146-fed859d0e253/datanode-0/data/ratis/267c773c-6e74-4f30-8eb7-109ec14dcc46 does not exist. Creating ...
2023-09-07 08:52:09,006 [ee526f6f-3d45-469e-9618-ca9792ac197c-groupManagement] INFO  storage.RaftStorageDirectory (RaftStorageDirectoryImpl.java:tryLock(231)) - Lock on /home/runner/work/ozone/ozone/hadoop-ozone/integration-test/target/test-dir/MiniOzoneClusterImpl-480c9758-28d8-415f-a146-fed859d0e253/datanode-0/data/ratis/267c773c-6e74-4f30-8eb7-109ec14dcc46/in_use.lock acquired by nodename 7589@fv-az793-921
2023-09-07 08:52:09,008 [ee526f6f-3d45-469e-9618-ca9792ac197c-groupManagement] INFO  storage.RaftStorage (RaftStorageImpl.java:format(96)) - Storage directory /home/runner/work/ozone/ozone/hadoop-ozone/integration-test/target/test-dir/MiniOzoneClusterImpl-480c9758-28d8-415f-a146-fed859d0e253/datanode-0/data/ratis/267c773c-6e74-4f30-8eb7-109ec14dcc46 has been successfully formatted.
2023-09-07 08:52:09,009 [ee526f6f-3d45-469e-9618-ca9792ac197c-groupManagement] INFO  ratis.ContainerStateMachine (ContainerStateMachine.java:loadSnapshot(262)) - group-109EC14DCC46: The snapshot info is null. Setting the last applied indexto:(t:0, i:~)
2023-09-07 08:52:09,009 [ee526f6f-3d45-469e-9618-ca9792ac197c-groupManagement] INFO  server.RaftServerConfigKeys (ConfUtils.java:logGet(46)) - raft.server.log.use.memory = false (default)
2023-09-07 08:52:09,010 [ee526f6f-3d45-469e-9618-ca9792ac197c-groupManagement] INFO  server.RaftServerConfigKeys (ConfUtils.java:logGet(46)) - raft.server.log.purge.gap = 1000000 (custom)
2023-09-07 08:52:09,010 [ee526f6f-3d45-469e-9618-ca9792ac197c-groupManagement] INFO  server.RaftServerConfigKeys (ConfUtils.java:logGet(46)) - raft.server.log.appender.buffer.byte-limit = 33554432 (custom)
2023-09-07 08:52:09,010 [ee526f6f-3d45-469e-9618-ca9792ac197c-groupManagement] INFO  server.RaftServerConfigKeys (ConfUtils.java:logGet(46)) - raft.server.log.statemachine.data.read.timeout = 1000ms (default)
2023-09-07 08:52:09,010 [ee526f6f-3d45-469e-9618-ca9792ac197c-groupManagement] INFO  server.RaftServerConfigKeys (ConfUtils.java:logGet(46)) - raft.server.log.purge.preservation.log.num = 0 (default)
2023-09-07 08:52:09,013 [EventQueue-OpenPipelineForHealthyPipelineSafeModeRule] INFO  safemode.SCMSafeModeManager (HealthyPipelineSafeModeRule.java:process(137)) - SCM in safe mode. Healthy pipelines reported count is 0, required healthy pipeline reported count is 1
2023-09-07 08:52:09,014 [ee526f6f-3d45-469e-9618-ca9792ac197c-groupManagement] INFO  server.RaftServerConfigKeys (ConfUtils.java:logGet(46)) - raft.server.log.segment.size.max = 1048576 (custom)
2023-09-07 08:52:09,015 [ee526f6f-3d45-469e-9618-ca9792ac197c-groupManagement] INFO  server.RaftServerConfigKeys (ConfUtils.java:logGet(46)) - raft.server.log.segment.cache.num.max = 2 (custom)
2023-09-07 08:52:09,015 [ee526f6f-3d45-469e-9618-ca9792ac197c-groupManagement] INFO  server.RaftServerConfigKeys (ConfUtils.java:logGet(46)) - raft.server.log.segment.cache.size.max = 200MB (=209715200) (default)
2023-09-07 08:52:09,015 [ee526f6f-3d45-469e-9618-ca9792ac197c-groupManagement] INFO  server.RaftServerConfigKeys (ConfUtils.java:logGet(46)) - raft.server.log.appender.buffer.byte-limit = 33554432 (custom)
2023-09-07 08:52:09,016 [ee526f6f-3d45-469e-9618-ca9792ac197c-groupManagement] INFO  segmented.SegmentedRaftLogWorker (SegmentedRaftLogWorker.java:<init>(188)) - new ee526f6f-3d45-469e-9618-ca9792ac197c@group-109EC14DCC46-SegmentedRaftLogWorker for RaftStorageImpl:Storage Directory /home/runner/work/ozone/ozone/hadoop-ozone/integration-test/target/test-dir/MiniOzoneClusterImpl-480c9758-28d8-415f-a146-fed859d0e253/datanode-0/data/ratis/267c773c-6e74-4f30-8eb7-109ec14dcc46
2023-09-07 08:52:09,017 [ee526f6f-3d45-469e-9618-ca9792ac197c-groupManagement] INFO  server.RaftServerConfigKeys (ConfUtils.java:logGet(46)) - raft.server.log.queue.byte-limit = 4294967296 (custom)
2023-09-07 08:52:09,017 [ee526f6f-3d45-469e-9618-ca9792ac197c-groupManagement] INFO  server.RaftServerConfigKeys (ConfUtils.java:logGet(46)) - raft.server.log.queue.element-limit = 1024 (custom)
2023-09-07 08:52:09,017 [ee526f6f-3d45-469e-9618-ca9792ac197c-groupManagement] INFO  server.RaftServerConfigKeys (ConfUtils.java:logGet(46)) - raft.server.log.segment.size.max = 1048576 (custom)
2023-09-07 08:52:09,017 [ee526f6f-3d45-469e-9618-ca9792ac197c-groupManagement] INFO  server.RaftServerConfigKeys (ConfUtils.java:logGet(46)) - raft.server.log.preallocated.size = 16384 (custom)
2023-09-07 08:52:09,017 [ee526f6f-3d45-469e-9618-ca9792ac197c-groupManagement] INFO  server.RaftServerConfigKeys (ConfUtils.java:logGet(46)) - raft.server.log.force.sync.num = 128 (default)
2023-09-07 08:52:09,018 [ee526f6f-3d45-469e-9618-ca9792ac197c-groupManagement] INFO  server.RaftServerConfigKeys (ConfUtils.java:logGet(46)) - raft.server.log.statemachine.data.sync = true (default)
2023-09-07 08:52:09,018 [ee526f6f-3d45-469e-9618-ca9792ac197c-groupManagement] INFO  server.RaftServerConfigKeys (ConfUtils.java:logGet(46)) - raft.server.log.statemachine.data.sync.timeout = 10s (default)
2023-09-07 08:52:09,018 [ee526f6f-3d45-469e-9618-ca9792ac197c-groupManagement] INFO  server.RaftServerConfigKeys (ConfUtils.java:logGet(46)) - raft.server.log.statemachine.data.sync.timeout.retry = -1 (default)
2023-09-07 08:52:09,021 [ee526f6f-3d45-469e-9618-ca9792ac197c-groupManagement] INFO  server.RaftServerConfigKeys (ConfUtils.java:logGet(46)) - raft.server.log.write.buffer.size = 1048576 (custom)
2023-09-07 08:52:09,022 [ee526f6f-3d45-469e-9618-ca9792ac197c-groupManagement] INFO  server.RaftServerConfigKeys (ConfUtils.java:logGet(46)) - raft.server.log.appender.buffer.byte-limit = 33554432 (custom)
2023-09-07 08:52:09,028 [ee526f6f-3d45-469e-9618-ca9792ac197c-groupManagement] INFO  server.RaftServerConfigKeys (ConfUtils.java:logGet(46)) - raft.server.log.unsafe-flush.enabled = false (default)
2023-09-07 08:52:09,028 [ee526f6f-3d45-469e-9618-ca9792ac197c-groupManagement] INFO  server.RaftServerConfigKeys (ConfUtils.java:logGet(46)) - raft.server.log.async-flush.enabled = false (default)
2023-09-07 08:52:09,029 [ee526f6f-3d45-469e-9618-ca9792ac197c-groupManagement] INFO  server.RaftServerConfigKeys (ConfUtils.java:logGet(46)) - raft.server.log.statemachine.data.caching.enabled = true (custom)
2023-09-07 08:52:09,029 [ee526f6f-3d45-469e-9618-ca9792ac197c-groupManagement] INFO  segmented.SegmentedRaftLogWorker (SegmentedRaftLogWorker.java:lambda$new$0(135)) - ee526f6f-3d45-469e-9618-ca9792ac197c@group-109EC14DCC46-SegmentedRaftLogWorker: flushIndex: setUnconditionally 0 -> -1
2023-09-07 08:52:09,029 [ee526f6f-3d45-469e-9618-ca9792ac197c-groupManagement] INFO  segmented.SegmentedRaftLogWorker (SegmentedRaftLogWorker.java:lambda$new$0(135)) - ee526f6f-3d45-469e-9618-ca9792ac197c@group-109EC14DCC46-SegmentedRaftLogWorker: safeCacheEvictIndex: setUnconditionally 0 -> -1
2023-09-07 08:52:09,030 [ee526f6f-3d45-469e-9618-ca9792ac197c-groupManagement] INFO  server.RaftServer$Division (RaftServerImpl.java:start(342)) - ee526f6f-3d45-469e-9618-ca9792ac197c@group-109EC14DCC46: start as a follower, conf=-1: peers:[ee526f6f-3d45-469e-9618-ca9792ac197c|rpc:10.1.0.48:15014|admin:10.1.0.48:15013|client:10.1.0.48:15012|dataStream:10.1.0.48:15015|priority:0|startupRole:FOLLOWER, 453fd3f5-2dd8-488f-a349-96be441c1316|rpc:10.1.0.48:15032|admin:10.1.0.48:15031|client:10.1.0.48:15030|dataStream:10.1.0.48:15033|priority:1|startupRole:FOLLOWER, 276dcdcd-15bf-4616-85f3-24cbc9cded34|rpc:10.1.0.48:15023|admin:10.1.0.48:15022|client:10.1.0.48:15021|dataStream:10.1.0.48:15024|priority:0|startupRole:FOLLOWER]|listeners:[], old=null
2023-09-07 08:52:09,030 [ee526f6f-3d45-469e-9618-ca9792ac197c-groupManagement] INFO  server.RaftServer$Division (RaftServerImpl.java:setRole(329)) - ee526f6f-3d45-469e-9618-ca9792ac197c@group-109EC14DCC46: changes role from      null to FOLLOWER at term 0 for startAsFollower
2023-09-07 08:52:09,030 [ee526f6f-3d45-469e-9618-ca9792ac197c-groupManagement] INFO  impl.RoleInfo (RoleInfo.java:updateAndGet(139)) - ee526f6f-3d45-469e-9618-ca9792ac197c: start ee526f6f-3d45-469e-9618-ca9792ac197c@group-109EC14DCC46-FollowerState
2023-09-07 08:52:09,030 [ee526f6f-3d45-469e-9618-ca9792ac197c@group-109EC14DCC46-FollowerState] INFO  server.RaftServerConfigKeys (ConfUtils.java:logFallback(53)) - raft.server.rpc.first-election.timeout.min = 5s (fallback to raft.server.rpc.timeout.min)
2023-09-07 08:52:09,031 [ee526f6f-3d45-469e-9618-ca9792ac197c-groupManagement] INFO  util.JmxRegister (JmxRegister.java:tryRegister(44)) - Successfully registered JMX Bean with object name Ratis:service=RaftServer,group=group-109EC14DCC46,id=ee526f6f-3d45-469e-9618-ca9792ac197c
2023-09-07 08:52:09,032 [ee526f6f-3d45-469e-9618-ca9792ac197c-groupManagement] INFO  server.RaftServerConfigKeys (ConfUtils.java:logGet(46)) - raft.server.snapshot.auto.trigger.enabled = true (custom)
2023-09-07 08:52:09,032 [ee526f6f-3d45-469e-9618-ca9792ac197c@group-109EC14DCC46-FollowerState] INFO  server.RaftServerConfigKeys (ConfUtils.java:logFallback(53)) - raft.server.rpc.first-election.timeout.max = 5200ms (fallback to raft.server.rpc.timeout.max)
2023-09-07 08:52:09,032 [ee526f6f-3d45-469e-9618-ca9792ac197c-groupManagement] INFO  server.RaftServerConfigKeys (ConfUtils.java:logGet(46)) - raft.server.snapshot.auto.trigger.threshold = 10000 (custom)
2023-09-07 08:52:09,032 [ee526f6f-3d45-469e-9618-ca9792ac197c-groupManagement] INFO  server.RaftServerConfigKeys (ConfUtils.java:logGet(46)) - raft.server.snapshot.retention.file.num = 5 (custom)
2023-09-07 08:52:09,032 [ee526f6f-3d45-469e-9618-ca9792ac197c-groupManagement] INFO  server.RaftServerConfigKeys (ConfUtils.java:logGet(46)) - raft.server.log.purge.upto.snapshot.index = false (default)
2023-09-07 08:52:09,035 [PipelineCommandHandlerThread-0] INFO  ratis.XceiverServerRatis (XceiverServerRatis.java:addGroup(804)) - Created group PipelineID=267c773c-6e74-4f30-8eb7-109ec14dcc46
2023-09-07 08:52:09,436 [PipelineCommandHandlerThread-0] INFO  server.RaftServer (RaftServerProxy.java:addNew(98)) - 276dcdcd-15bf-4616-85f3-24cbc9cded34: addNew group-F571CAA155C4:[276dcdcd-15bf-4616-85f3-24cbc9cded34|rpc:10.1.0.48:15023|admin:10.1.0.48:15022|client:10.1.0.48:15021|dataStream:10.1.0.48:15024|priority:1|startupRole:FOLLOWER] returns group-F571CAA155C4:java.util.concurrent.CompletableFuture@71d5206f[Not completed]
2023-09-07 08:52:09,438 [276dcdcd-15bf-4616-85f3-24cbc9cded34-groupManagement] INFO  server.RaftServer$Division (RaftServerImpl.java:<init>(198)) - 276dcdcd-15bf-4616-85f3-24cbc9cded34: new RaftServerImpl for group-F571CAA155C4:[276dcdcd-15bf-4616-85f3-24cbc9cded34|rpc:10.1.0.48:15023|admin:10.1.0.48:15022|client:10.1.0.48:15021|dataStream:10.1.0.48:15024|priority:1|startupRole:FOLLOWER] with ContainerStateMachine:uninitialized
2023-09-07 08:52:09,438 [276dcdcd-15bf-4616-85f3-24cbc9cded34-groupManagement] INFO  server.RaftServerConfigKeys (ConfUtils.java:logGet(46)) - raft.server.rpc.timeout.min = 5s (custom)
2023-09-07 08:52:09,438 [276dcdcd-15bf-4616-85f3-24cbc9cded34-groupManagement] INFO  server.RaftServerConfigKeys (ConfUtils.java:logGet(46)) - raft.server.rpc.timeout.max = 5200ms (custom)
2023-09-07 08:52:09,438 [276dcdcd-15bf-4616-85f3-24cbc9cded34-groupManagement] INFO  server.RaftServerConfigKeys (ConfUtils.java:logGet(46)) - raft.server.rpc.sleep.time = 25ms (default)
2023-09-07 08:52:09,438 [276dcdcd-15bf-4616-85f3-24cbc9cded34-groupManagement] INFO  server.RaftServerConfigKeys (ConfUtils.java:logGet(46)) - raft.server.rpc.slowness.timeout = 300s (custom)
2023-09-07 08:52:09,438 [276dcdcd-15bf-4616-85f3-24cbc9cded34-groupManagement] INFO  server.RaftServerConfigKeys (ConfUtils.java:logGet(46)) - raft.server.leaderelection.leader.step-down.wait-time = 10s (default)
2023-09-07 08:52:09,438 [276dcdcd-15bf-4616-85f3-24cbc9cded34-groupManagement] INFO  server.RaftServerConfigKeys (ConfUtils.java:logGet(46)) - raft.server.sleep.deviation.threshold = 300ms (default)
2023-09-07 08:52:09,439 [276dcdcd-15bf-4616-85f3-24cbc9cded34-groupManagement] INFO  server.RaftServer$Division (ServerState.java:<init>(120)) - 276dcdcd-15bf-4616-85f3-24cbc9cded34@group-F571CAA155C4: ConfigurationManager, init=-1: peers:[276dcdcd-15bf-4616-85f3-24cbc9cded34|rpc:10.1.0.48:15023|admin:10.1.0.48:15022|client:10.1.0.48:15021|dataStream:10.1.0.48:15024|priority:1|startupRole:FOLLOWER]|listeners:[], old=null, confs=<EMPTY_MAP>
2023-09-07 08:52:09,439 [276dcdcd-15bf-4616-85f3-24cbc9cded34-groupManagement] INFO  server.RaftServerConfigKeys (ConfUtils.java:logGet(46)) - raft.server.storage.dir = [/home/runner/work/ozone/ozone/hadoop-ozone/integration-test/target/test-dir/MiniOzoneClusterImpl-480c9758-28d8-415f-a146-fed859d0e253/datanode-1/data/ratis] (custom)
2023-09-07 08:52:09,439 [276dcdcd-15bf-4616-85f3-24cbc9cded34-groupManagement] INFO  server.RaftServerConfigKeys (ConfUtils.java:logGet(46)) - raft.server.log.corruption.policy = EXCEPTION (default)
2023-09-07 08:52:09,439 [276dcdcd-15bf-4616-85f3-24cbc9cded34-groupManagement] INFO  server.RaftServerConfigKeys (ConfUtils.java:logGet(46)) - raft.server.storage.free-space.min = 0MB (=0) (default)
2023-09-07 08:52:09,439 [276dcdcd-15bf-4616-85f3-24cbc9cded34-groupManagement] INFO  server.RaftServerConfigKeys (ConfUtils.java:logGet(46)) - raft.server.notification.no-leader.timeout = 300s (custom)
2023-09-07 08:52:09,439 [276dcdcd-15bf-4616-85f3-24cbc9cded34-groupManagement] INFO  server.RaftServerConfigKeys (ConfUtils.java:logGet(46)) - raft.server.read.timeout = 10s (default)
2023-09-07 08:52:09,439 [276dcdcd-15bf-4616-85f3-24cbc9cded34-groupManagement] INFO  server.RaftServerConfigKeys (ConfUtils.java:logGet(46)) - raft.server.retrycache.expirytime = 600000ms (custom)
2023-09-07 08:52:09,440 [276dcdcd-15bf-4616-85f3-24cbc9cded34-groupManagement] INFO  server.RaftServerConfigKeys (ConfUtils.java:logGet(46)) - raft.server.retrycache.statistics.expirytime = 100μs (default)
2023-09-07 08:52:09,440 [276dcdcd-15bf-4616-85f3-24cbc9cded34-groupManagement] INFO  server.RaftServerConfigKeys (ConfUtils.java:logGet(46)) - raft.server.read.option = DEFAULT (default)
2023-09-07 08:52:09,442 [276dcdcd-15bf-4616-85f3-24cbc9cded34-groupManagement] INFO  server.RaftServerConfigKeys (ConfUtils.java:logGet(46)) - raft.server.rpc.request.timeout = 60s (custom)
2023-09-07 08:52:09,442 [276dcdcd-15bf-4616-85f3-24cbc9cded34-groupManagement] INFO  server.RaftServerConfigKeys (ConfUtils.java:logGet(46)) - raft.server.log.appender.install.snapshot.enabled = false (custom)
2023-09-07 08:52:09,442 [276dcdcd-15bf-4616-85f3-24cbc9cded34-groupManagement] INFO  server.RaftServerConfigKeys (ConfUtils.java:logGet(46)) - raft.server.threadpool.server.cached = true (default)
2023-09-07 08:52:09,443 [276dcdcd-15bf-4616-85f3-24cbc9cded34-groupManagement] INFO  server.RaftServerConfigKeys (ConfUtils.java:logGet(46)) - raft.server.threadpool.server.size = 0 (default)
2023-09-07 08:52:09,443 [276dcdcd-15bf-4616-85f3-24cbc9cded34-groupManagement] INFO  server.RaftServerConfigKeys (ConfUtils.java:logGet(46)) - raft.server.threadpool.client.cached = true (default)
2023-09-07 08:52:09,443 [276dcdcd-15bf-4616-85f3-24cbc9cded34-groupManagement] INFO  server.RaftServerConfigKeys (ConfUtils.java:logGet(46)) - raft.server.threadpool.client.size = 0 (default)
2023-09-07 08:52:09,443 [276dcdcd-15bf-4616-85f3-24cbc9cded34-groupManagement] INFO  storage.RaftStorageDirectory (RaftStorageDirectoryImpl.java:analyzeStorage(137)) - The storage directory /home/runner/work/ozone/ozone/hadoop-ozone/integration-test/target/test-dir/MiniOzoneClusterImpl-480c9758-28d8-415f-a146-fed859d0e253/datanode-1/data/ratis/345dc5c3-fa51-493d-9b98-f571caa155c4 does not exist. Creating ...
2023-09-07 08:52:09,454 [276dcdcd-15bf-4616-85f3-24cbc9cded34-groupManagement] INFO  storage.RaftStorageDirectory (RaftStorageDirectoryImpl.java:tryLock(231)) - Lock on /home/runner/work/ozone/ozone/hadoop-ozone/integration-test/target/test-dir/MiniOzoneClusterImpl-480c9758-28d8-415f-a146-fed859d0e253/datanode-1/data/ratis/345dc5c3-fa51-493d-9b98-f571caa155c4/in_use.lock acquired by nodename 7589@fv-az793-921
2023-09-07 08:52:09,456 [276dcdcd-15bf-4616-85f3-24cbc9cded34-groupManagement] INFO  storage.RaftStorage (RaftStorageImpl.java:format(96)) - Storage directory /home/runner/work/ozone/ozone/hadoop-ozone/integration-test/target/test-dir/MiniOzoneClusterImpl-480c9758-28d8-415f-a146-fed859d0e253/datanode-1/data/ratis/345dc5c3-fa51-493d-9b98-f571caa155c4 has been successfully formatted.
2023-09-07 08:52:09,472 [276dcdcd-15bf-4616-85f3-24cbc9cded34-groupManagement] INFO  ratis.ContainerStateMachine (ContainerStateMachine.java:loadSnapshot(262)) - group-F571CAA155C4: The snapshot info is null. Setting the last applied indexto:(t:0, i:~)
2023-09-07 08:52:09,477 [276dcdcd-15bf-4616-85f3-24cbc9cded34-groupManagement] INFO  server.RaftServerConfigKeys (ConfUtils.java:logGet(46)) - raft.server.log.use.memory = false (default)
2023-09-07 08:52:09,485 [276dcdcd-15bf-4616-85f3-24cbc9cded34-groupManagement] INFO  server.RaftServerConfigKeys (ConfUtils.java:logGet(46)) - raft.server.log.purge.gap = 1000000 (custom)
2023-09-07 08:52:09,485 [276dcdcd-15bf-4616-85f3-24cbc9cded34-groupManagement] INFO  server.RaftServerConfigKeys (ConfUtils.java:logGet(46)) - raft.server.log.appender.buffer.byte-limit = 33554432 (custom)
2023-09-07 08:52:09,485 [276dcdcd-15bf-4616-85f3-24cbc9cded34-groupManagement] INFO  server.RaftServerConfigKeys (ConfUtils.java:logGet(46)) - raft.server.log.statemachine.data.read.timeout = 1000ms (default)
2023-09-07 08:52:09,485 [276dcdcd-15bf-4616-85f3-24cbc9cded34-groupManagement] INFO  server.RaftServerConfigKeys (ConfUtils.java:logGet(46)) - raft.server.log.purge.preservation.log.num = 0 (default)
2023-09-07 08:52:09,486 [276dcdcd-15bf-4616-85f3-24cbc9cded34-groupManagement] INFO  server.RaftServerConfigKeys (ConfUtils.java:logGet(46)) - raft.server.log.segment.size.max = 1048576 (custom)
2023-09-07 08:52:09,488 [EventQueue-PipelineReportForPipelineReportHandler] INFO  pipeline.PipelineReportHandler (PipelineReportHandler.java:processPipelineReport(136)) - Opened pipeline PipelineID=345dc5c3-fa51-493d-9b98-f571caa155c4
2023-09-07 08:52:09,489 [EventQueue-OpenPipelineForHealthyPipelineSafeModeRule] INFO  safemode.SCMSafeModeManager (HealthyPipelineSafeModeRule.java:process(137)) - SCM in safe mode. Healthy pipelines reported count is 0, required healthy pipeline reported count is 1
2023-09-07 08:52:09,492 [276dcdcd-15bf-4616-85f3-24cbc9cded34-groupManagement] INFO  server.RaftServerConfigKeys (ConfUtils.java:logGet(46)) - raft.server.log.segment.cache.num.max = 2 (custom)
2023-09-07 08:52:09,492 [276dcdcd-15bf-4616-85f3-24cbc9cded34-groupManagement] INFO  server.RaftServerConfigKeys (ConfUtils.java:logGet(46)) - raft.server.log.segment.cache.size.max = 200MB (=209715200) (default)
2023-09-07 08:52:09,492 [276dcdcd-15bf-4616-85f3-24cbc9cded34-groupManagement] INFO  server.RaftServerConfigKeys (ConfUtils.java:logGet(46)) - raft.server.log.appender.buffer.byte-limit = 33554432 (custom)
2023-09-07 08:52:09,492 [276dcdcd-15bf-4616-85f3-24cbc9cded34-groupManagement] INFO  segmented.SegmentedRaftLogWorker (SegmentedRaftLogWorker.java:<init>(188)) - new 276dcdcd-15bf-4616-85f3-24cbc9cded34@group-F571CAA155C4-SegmentedRaftLogWorker for RaftStorageImpl:Storage Directory /home/runner/work/ozone/ozone/hadoop-ozone/integration-test/target/test-dir/MiniOzoneClusterImpl-480c9758-28d8-415f-a146-fed859d0e253/datanode-1/data/ratis/345dc5c3-fa51-493d-9b98-f571caa155c4
2023-09-07 08:52:09,492 [276dcdcd-15bf-4616-85f3-24cbc9cded34-groupManagement] INFO  server.RaftServerConfigKeys (ConfUtils.java:logGet(46)) - raft.server.log.queue.byte-limit = 4294967296 (custom)
2023-09-07 08:52:09,492 [276dcdcd-15bf-4616-85f3-24cbc9cded34-groupManagement] INFO  server.RaftServerConfigKeys (ConfUtils.java:logGet(46)) - raft.server.log.queue.element-limit = 1024 (custom)
2023-09-07 08:52:09,493 [276dcdcd-15bf-4616-85f3-24cbc9cded34-groupManagement] INFO  server.RaftServerConfigKeys (ConfUtils.java:logGet(46)) - raft.server.log.segment.size.max = 1048576 (custom)
2023-09-07 08:52:09,493 [276dcdcd-15bf-4616-85f3-24cbc9cded34-groupManagement] INFO  server.RaftServerConfigKeys (ConfUtils.java:logGet(46)) - raft.server.log.preallocated.size = 16384 (custom)
2023-09-07 08:52:09,493 [276dcdcd-15bf-4616-85f3-24cbc9cded34-groupManagement] INFO  server.RaftServerConfigKeys (ConfUtils.java:logGet(46)) - raft.server.log.force.sync.num = 128 (default)
2023-09-07 08:52:09,493 [276dcdcd-15bf-4616-85f3-24cbc9cded34-groupManagement] INFO  server.RaftServerConfigKeys (ConfUtils.java:logGet(46)) - raft.server.log.statemachine.data.sync = true (default)
2023-09-07 08:52:09,493 [276dcdcd-15bf-4616-85f3-24cbc9cded34-groupManagement] INFO  server.RaftServerConfigKeys (ConfUtils.java:logGet(46)) - raft.server.log.statemachine.data.sync.timeout = 10s (default)
2023-09-07 08:52:09,493 [276dcdcd-15bf-4616-85f3-24cbc9cded34-groupManagement] INFO  server.RaftServerConfigKeys (ConfUtils.java:logGet(46)) - raft.server.log.statemachine.data.sync.timeout.retry = -1 (default)
2023-09-07 08:52:09,495 [276dcdcd-15bf-4616-85f3-24cbc9cded34-groupManagement] INFO  server.RaftServerConfigKeys (ConfUtils.java:logGet(46)) - raft.server.log.write.buffer.size = 1048576 (custom)
2023-09-07 08:52:09,496 [276dcdcd-15bf-4616-85f3-24cbc9cded34-groupManagement] INFO  server.RaftServerConfigKeys (ConfUtils.java:logGet(46)) - raft.server.log.appender.buffer.byte-limit = 33554432 (custom)
2023-09-07 08:52:09,503 [276dcdcd-15bf-4616-85f3-24cbc9cded34-groupManagement] INFO  server.RaftServerConfigKeys (ConfUtils.java:logGet(46)) - raft.server.log.unsafe-flush.enabled = false (default)
2023-09-07 08:52:09,503 [276dcdcd-15bf-4616-85f3-24cbc9cded34-groupManagement] INFO  server.RaftServerConfigKeys (ConfUtils.java:logGet(46)) - raft.server.log.async-flush.enabled = false (default)
2023-09-07 08:52:09,503 [276dcdcd-15bf-4616-85f3-24cbc9cded34-groupManagement] INFO  server.RaftServerConfigKeys (ConfUtils.java:logGet(46)) - raft.server.log.statemachine.data.caching.enabled = true (custom)
2023-09-07 08:52:09,503 [276dcdcd-15bf-4616-85f3-24cbc9cded34-groupManagement] INFO  segmented.SegmentedRaftLogWorker (SegmentedRaftLogWorker.java:lambda$new$0(135)) - 276dcdcd-15bf-4616-85f3-24cbc9cded34@group-F571CAA155C4-SegmentedRaftLogWorker: flushIndex: setUnconditionally 0 -> -1
2023-09-07 08:52:09,503 [276dcdcd-15bf-4616-85f3-24cbc9cded34-groupManagement] INFO  segmented.SegmentedRaftLogWorker (SegmentedRaftLogWorker.java:lambda$new$0(135)) - 276dcdcd-15bf-4616-85f3-24cbc9cded34@group-F571CAA155C4-SegmentedRaftLogWorker: safeCacheEvictIndex: setUnconditionally 0 -> -1
2023-09-07 08:52:09,504 [276dcdcd-15bf-4616-85f3-24cbc9cded34-groupManagement] INFO  server.RaftServer$Division (RaftServerImpl.java:start(342)) - 276dcdcd-15bf-4616-85f3-24cbc9cded34@group-F571CAA155C4: start as a follower, conf=-1: peers:[276dcdcd-15bf-4616-85f3-24cbc9cded34|rpc:10.1.0.48:15023|admin:10.1.0.48:15022|client:10.1.0.48:15021|dataStream:10.1.0.48:15024|priority:1|startupRole:FOLLOWER]|listeners:[], old=null
2023-09-07 08:52:09,504 [276dcdcd-15bf-4616-85f3-24cbc9cded34-groupManagement] INFO  server.RaftServer$Division (RaftServerImpl.java:setRole(329)) - 276dcdcd-15bf-4616-85f3-24cbc9cded34@group-F571CAA155C4: changes role from      null to FOLLOWER at term 0 for startAsFollower
2023-09-07 08:52:09,504 [276dcdcd-15bf-4616-85f3-24cbc9cded34-groupManagement] INFO  impl.RoleInfo (RoleInfo.java:updateAndGet(139)) - 276dcdcd-15bf-4616-85f3-24cbc9cded34: start 276dcdcd-15bf-4616-85f3-24cbc9cded34@group-F571CAA155C4-FollowerState
2023-09-07 08:52:09,504 [276dcdcd-15bf-4616-85f3-24cbc9cded34-groupManagement] INFO  util.JmxRegister (JmxRegister.java:tryRegister(44)) - Successfully registered JMX Bean with object name Ratis:service=RaftServer,group=group-F571CAA155C4,id=276dcdcd-15bf-4616-85f3-24cbc9cded34
2023-09-07 08:52:09,510 [276dcdcd-15bf-4616-85f3-24cbc9cded34-groupManagement] INFO  server.RaftServerConfigKeys (ConfUtils.java:logGet(46)) - raft.server.snapshot.auto.trigger.enabled = true (custom)
2023-09-07 08:52:09,510 [276dcdcd-15bf-4616-85f3-24cbc9cded34-groupManagement] INFO  server.RaftServerConfigKeys (ConfUtils.java:logGet(46)) - raft.server.snapshot.auto.trigger.threshold = 10000 (custom)
2023-09-07 08:52:09,510 [276dcdcd-15bf-4616-85f3-24cbc9cded34-groupManagement] INFO  server.RaftServerConfigKeys (ConfUtils.java:logGet(46)) - raft.server.snapshot.retention.file.num = 5 (custom)
2023-09-07 08:52:09,510 [276dcdcd-15bf-4616-85f3-24cbc9cded34-groupManagement] INFO  server.RaftServerConfigKeys (ConfUtils.java:logGet(46)) - raft.server.log.purge.upto.snapshot.index = false (default)
2023-09-07 08:52:09,512 [PipelineCommandHandlerThread-0] INFO  ratis.XceiverServerRatis (XceiverServerRatis.java:addGroup(804)) - Created group PipelineID=345dc5c3-fa51-493d-9b98-f571caa155c4
2023-09-07 08:52:09,512 [PipelineCommandHandlerThread-0] INFO  commandhandler.CreatePipelineCommandHandler (CreatePipelineCommandHandler.java:lambda$handle$2(124)) - Created Pipeline RATIS ONE PipelineID=345dc5c3-fa51-493d-9b98-f571caa155c4.
2023-09-07 08:52:09,514 [PipelineCommandHandlerThread-0] INFO  server.RaftServer (RaftServerProxy.java:addNew(98)) - 276dcdcd-15bf-4616-85f3-24cbc9cded34: addNew group-109EC14DCC46:[ee526f6f-3d45-469e-9618-ca9792ac197c|rpc:10.1.0.48:15014|admin:10.1.0.48:15013|client:10.1.0.48:15012|dataStream:10.1.0.48:15015|priority:0|startupRole:FOLLOWER, 453fd3f5-2dd8-488f-a349-96be441c1316|rpc:10.1.0.48:15032|admin:10.1.0.48:15031|client:10.1.0.48:15030|dataStream:10.1.0.48:15033|priority:1|startupRole:FOLLOWER, 276dcdcd-15bf-4616-85f3-24cbc9cded34|rpc:10.1.0.48:15023|admin:10.1.0.48:15022|client:10.1.0.48:15021|dataStream:10.1.0.48:15024|priority:0|startupRole:FOLLOWER] returns group-109EC14DCC46:java.util.concurrent.CompletableFuture@75eaaa8d[Not completed]
2023-09-07 08:52:09,516 [276dcdcd-15bf-4616-85f3-24cbc9cded34-groupManagement] INFO  server.RaftServer$Division (RaftServerImpl.java:<init>(198)) - 276dcdcd-15bf-4616-85f3-24cbc9cded34: new RaftServerImpl for group-109EC14DCC46:[ee526f6f-3d45-469e-9618-ca9792ac197c|rpc:10.1.0.48:15014|admin:10.1.0.48:15013|client:10.1.0.48:15012|dataStream:10.1.0.48:15015|priority:0|startupRole:FOLLOWER, 453fd3f5-2dd8-488f-a349-96be441c1316|rpc:10.1.0.48:15032|admin:10.1.0.48:15031|client:10.1.0.48:15030|dataStream:10.1.0.48:15033|priority:1|startupRole:FOLLOWER, 276dcdcd-15bf-4616-85f3-24cbc9cded34|rpc:10.1.0.48:15023|admin:10.1.0.48:15022|client:10.1.0.48:15021|dataStream:10.1.0.48:15024|priority:0|startupRole:FOLLOWER] with ContainerStateMachine:uninitialized
2023-09-07 08:52:09,516 [276dcdcd-15bf-4616-85f3-24cbc9cded34-groupManagement] INFO  server.RaftServerConfigKeys (ConfUtils.java:logGet(46)) - raft.server.rpc.timeout.min = 5s (custom)
2023-09-07 08:52:09,516 [276dcdcd-15bf-4616-85f3-24cbc9cded34-groupManagement] INFO  server.RaftServerConfigKeys (ConfUtils.java:logGet(46)) - raft.server.rpc.timeout.max = 5200ms (custom)
2023-09-07 08:52:09,516 [276dcdcd-15bf-4616-85f3-24cbc9cded34-groupManagement] INFO  server.RaftServerConfigKeys (ConfUtils.java:logGet(46)) - raft.server.rpc.sleep.time = 25ms (default)
2023-09-07 08:52:09,516 [276dcdcd-15bf-4616-85f3-24cbc9cded34-groupManagement] INFO  server.RaftServerConfigKeys (ConfUtils.java:logGet(46)) - raft.server.rpc.slowness.timeout = 300s (custom)
2023-09-07 08:52:09,516 [276dcdcd-15bf-4616-85f3-24cbc9cded34-groupManagement] INFO  server.RaftServerConfigKeys (ConfUtils.java:logGet(46)) - raft.server.leaderelection.leader.step-down.wait-time = 10s (default)
2023-09-07 08:52:09,516 [276dcdcd-15bf-4616-85f3-24cbc9cded34-groupManagement] INFO  server.RaftServerConfigKeys (ConfUtils.java:logGet(46)) - raft.server.sleep.deviation.threshold = 300ms (default)
2023-09-07 08:52:09,516 [276dcdcd-15bf-4616-85f3-24cbc9cded34-groupManagement] INFO  server.RaftServer$Division (ServerState.java:<init>(120)) - 276dcdcd-15bf-4616-85f3-24cbc9cded34@group-109EC14DCC46: ConfigurationManager, init=-1: peers:[ee526f6f-3d45-469e-9618-ca9792ac197c|rpc:10.1.0.48:15014|admin:10.1.0.48:15013|client:10.1.0.48:15012|dataStream:10.1.0.48:15015|priority:0|startupRole:FOLLOWER, 453fd3f5-2dd8-488f-a349-96be441c1316|rpc:10.1.0.48:15032|admin:10.1.0.48:15031|client:10.1.0.48:15030|dataStream:10.1.0.48:15033|priority:1|startupRole:FOLLOWER, 276dcdcd-15bf-4616-85f3-24cbc9cded34|rpc:10.1.0.48:15023|admin:10.1.0.48:15022|client:10.1.0.48:15021|dataStream:10.1.0.48:15024|priority:0|startupRole:FOLLOWER]|listeners:[], old=null, confs=<EMPTY_MAP>
2023-09-07 08:52:09,516 [276dcdcd-15bf-4616-85f3-24cbc9cded34-groupManagement] INFO  server.RaftServerConfigKeys (ConfUtils.java:logGet(46)) - raft.server.storage.dir = [/home/runner/work/ozone/ozone/hadoop-ozone/integration-test/target/test-dir/MiniOzoneClusterImpl-480c9758-28d8-415f-a146-fed859d0e253/datanode-1/data/ratis] (custom)
2023-09-07 08:52:09,517 [276dcdcd-15bf-4616-85f3-24cbc9cded34-groupManagement] INFO  server.RaftServerConfigKeys (ConfUtils.java:logGet(46)) - raft.server.log.corruption.policy = EXCEPTION (default)
2023-09-07 08:52:09,517 [276dcdcd-15bf-4616-85f3-24cbc9cded34-groupManagement] INFO  server.RaftServerConfigKeys (ConfUtils.java:logGet(46)) - raft.server.storage.free-space.min = 0MB (=0) (default)
2023-09-07 08:52:09,517 [276dcdcd-15bf-4616-85f3-24cbc9cded34-groupManagement] INFO  server.RaftServerConfigKeys (ConfUtils.java:logGet(46)) - raft.server.notification.no-leader.timeout = 300s (custom)
2023-09-07 08:52:09,517 [276dcdcd-15bf-4616-85f3-24cbc9cded34-groupManagement] INFO  server.RaftServerConfigKeys (ConfUtils.java:logGet(46)) - raft.server.read.timeout = 10s (default)
2023-09-07 08:52:09,517 [276dcdcd-15bf-4616-85f3-24cbc9cded34-groupManagement] INFO  server.RaftServerConfigKeys (ConfUtils.java:logGet(46)) - raft.server.retrycache.expirytime = 600000ms (custom)
2023-09-07 08:52:09,517 [276dcdcd-15bf-4616-85f3-24cbc9cded34-groupManagement] INFO  server.RaftServerConfigKeys (ConfUtils.java:logGet(46)) - raft.server.retrycache.statistics.expirytime = 100μs (default)
2023-09-07 08:52:09,517 [276dcdcd-15bf-4616-85f3-24cbc9cded34-groupManagement] INFO  server.RaftServerConfigKeys (ConfUtils.java:logGet(46)) - raft.server.read.option = DEFAULT (default)
2023-09-07 08:52:09,519 [276dcdcd-15bf-4616-85f3-24cbc9cded34@group-F571CAA155C4-FollowerState] INFO  server.RaftServerConfigKeys (ConfUtils.java:logFallback(53)) - raft.server.rpc.first-election.timeout.min = 5s (fallback to raft.server.rpc.timeout.min)
2023-09-07 08:52:09,526 [276dcdcd-15bf-4616-85f3-24cbc9cded34@group-F571CAA155C4-FollowerState] INFO  server.RaftServerConfigKeys (ConfUtils.java:logFallback(53)) - raft.server.rpc.first-election.timeout.max = 5200ms (fallback to raft.server.rpc.timeout.max)
2023-09-07 08:52:09,525 [276dcdcd-15bf-4616-85f3-24cbc9cded34-groupManagement] INFO  server.RaftServerConfigKeys (ConfUtils.java:logGet(46)) - raft.server.rpc.request.timeout = 60s (custom)
2023-09-07 08:52:09,526 [276dcdcd-15bf-4616-85f3-24cbc9cded34-groupManagement] INFO  server.RaftServerConfigKeys (ConfUtils.java:logGet(46)) - raft.server.log.appender.install.snapshot.enabled = false (custom)
2023-09-07 08:52:09,527 [276dcdcd-15bf-4616-85f3-24cbc9cded34-groupManagement] INFO  server.RaftServerConfigKeys (ConfUtils.java:logGet(46)) - raft.server.threadpool.server.cached = true (default)
2023-09-07 08:52:09,527 [276dcdcd-15bf-4616-85f3-24cbc9cded34-groupManagement] INFO  server.RaftServerConfigKeys (ConfUtils.java:logGet(46)) - raft.server.threadpool.server.size = 0 (default)
2023-09-07 08:52:09,527 [276dcdcd-15bf-4616-85f3-24cbc9cded34-groupManagement] INFO  server.RaftServerConfigKeys (ConfUtils.java:logGet(46)) - raft.server.threadpool.client.cached = true (default)
2023-09-07 08:52:09,528 [276dcdcd-15bf-4616-85f3-24cbc9cded34-groupManagement] INFO  server.RaftServerConfigKeys (ConfUtils.java:logGet(46)) - raft.server.threadpool.client.size = 0 (default)
2023-09-07 08:52:09,528 [276dcdcd-15bf-4616-85f3-24cbc9cded34-groupManagement] INFO  storage.RaftStorageDirectory (RaftStorageDirectoryImpl.java:analyzeStorage(137)) - The storage directory /home/runner/work/ozone/ozone/hadoop-ozone/integration-test/target/test-dir/MiniOzoneClusterImpl-480c9758-28d8-415f-a146-fed859d0e253/datanode-1/data/ratis/267c773c-6e74-4f30-8eb7-109ec14dcc46 does not exist. Creating ...
2023-09-07 08:52:09,530 [276dcdcd-15bf-4616-85f3-24cbc9cded34-groupManagement] INFO  storage.RaftStorageDirectory (RaftStorageDirectoryImpl.java:tryLock(231)) - Lock on /home/runner/work/ozone/ozone/hadoop-ozone/integration-test/target/test-dir/MiniOzoneClusterImpl-480c9758-28d8-415f-a146-fed859d0e253/datanode-1/data/ratis/267c773c-6e74-4f30-8eb7-109ec14dcc46/in_use.lock acquired by nodename 7589@fv-az793-921
2023-09-07 08:52:09,532 [276dcdcd-15bf-4616-85f3-24cbc9cded34-groupManagement] INFO  storage.RaftStorage (RaftStorageImpl.java:format(96)) - Storage directory /home/runner/work/ozone/ozone/hadoop-ozone/integration-test/target/test-dir/MiniOzoneClusterImpl-480c9758-28d8-415f-a146-fed859d0e253/datanode-1/data/ratis/267c773c-6e74-4f30-8eb7-109ec14dcc46 has been successfully formatted.
2023-09-07 08:52:09,533 [276dcdcd-15bf-4616-85f3-24cbc9cded34-groupManagement] INFO  ratis.ContainerStateMachine (ContainerStateMachine.java:loadSnapshot(262)) - group-109EC14DCC46: The snapshot info is null. Setting the last applied indexto:(t:0, i:~)
2023-09-07 08:52:09,533 [276dcdcd-15bf-4616-85f3-24cbc9cded34-groupManagement] INFO  server.RaftServerConfigKeys (ConfUtils.java:logGet(46)) - raft.server.log.use.memory = false (default)
2023-09-07 08:52:09,533 [276dcdcd-15bf-4616-85f3-24cbc9cded34-groupManagement] INFO  server.RaftServerConfigKeys (ConfUtils.java:logGet(46)) - raft.server.log.purge.gap = 1000000 (custom)
2023-09-07 08:52:09,534 [276dcdcd-15bf-4616-85f3-24cbc9cded34-groupManagement] INFO  server.RaftServerConfigKeys (ConfUtils.java:logGet(46)) - raft.server.log.appender.buffer.byte-limit = 33554432 (custom)
2023-09-07 08:52:09,534 [276dcdcd-15bf-4616-85f3-24cbc9cded34-groupManagement] INFO  server.RaftServerConfigKeys (ConfUtils.java:logGet(46)) - raft.server.log.statemachine.data.read.timeout = 1000ms (default)
2023-09-07 08:52:09,534 [276dcdcd-15bf-4616-85f3-24cbc9cded34-groupManagement] INFO  server.RaftServerConfigKeys (ConfUtils.java:logGet(46)) - raft.server.log.purge.preservation.log.num = 0 (default)
2023-09-07 08:52:09,534 [276dcdcd-15bf-4616-85f3-24cbc9cded34-groupManagement] INFO  server.RaftServerConfigKeys (ConfUtils.java:logGet(46)) - raft.server.log.segment.size.max = 1048576 (custom)
2023-09-07 08:52:09,535 [276dcdcd-15bf-4616-85f3-24cbc9cded34-groupManagement] INFO  server.RaftServerConfigKeys (ConfUtils.java:logGet(46)) - raft.server.log.segment.cache.num.max = 2 (custom)
2023-09-07 08:52:09,535 [276dcdcd-15bf-4616-85f3-24cbc9cded34-groupManagement] INFO  server.RaftServerConfigKeys (ConfUtils.java:logGet(46)) - raft.server.log.segment.cache.size.max = 200MB (=209715200) (default)
2023-09-07 08:52:09,535 [276dcdcd-15bf-4616-85f3-24cbc9cded34-groupManagement] INFO  server.RaftServerConfigKeys (ConfUtils.java:logGet(46)) - raft.server.log.appender.buffer.byte-limit = 33554432 (custom)
2023-09-07 08:52:09,535 [276dcdcd-15bf-4616-85f3-24cbc9cded34-groupManagement] INFO  segmented.SegmentedRaftLogWorker (SegmentedRaftLogWorker.java:<init>(188)) - new 276dcdcd-15bf-4616-85f3-24cbc9cded34@group-109EC14DCC46-SegmentedRaftLogWorker for RaftStorageImpl:Storage Directory /home/runner/work/ozone/ozone/hadoop-ozone/integration-test/target/test-dir/MiniOzoneClusterImpl-480c9758-28d8-415f-a146-fed859d0e253/datanode-1/data/ratis/267c773c-6e74-4f30-8eb7-109ec14dcc46
2023-09-07 08:52:09,535 [276dcdcd-15bf-4616-85f3-24cbc9cded34-groupManagement] INFO  server.RaftServerConfigKeys (ConfUtils.java:logGet(46)) - raft.server.log.queue.byte-limit = 4294967296 (custom)
2023-09-07 08:52:09,537 [276dcdcd-15bf-4616-85f3-24cbc9cded34-groupManagement] INFO  server.RaftServerConfigKeys (ConfUtils.java:logGet(46)) - raft.server.log.queue.element-limit = 1024 (custom)
2023-09-07 08:52:09,537 [276dcdcd-15bf-4616-85f3-24cbc9cded34-groupManagement] INFO  server.RaftServerConfigKeys (ConfUtils.java:logGet(46)) - raft.server.log.segment.size.max = 1048576 (custom)
2023-09-07 08:52:09,537 [276dcdcd-15bf-4616-85f3-24cbc9cded34-groupManagement] INFO  server.RaftServerConfigKeys (ConfUtils.java:logGet(46)) - raft.server.log.preallocated.size = 16384 (custom)
2023-09-07 08:52:09,537 [276dcdcd-15bf-4616-85f3-24cbc9cded34-groupManagement] INFO  server.RaftServerConfigKeys (ConfUtils.java:logGet(46)) - raft.server.log.force.sync.num = 128 (default)
2023-09-07 08:52:09,537 [276dcdcd-15bf-4616-85f3-24cbc9cded34-groupManagement] INFO  server.RaftServerConfigKeys (ConfUtils.java:logGet(46)) - raft.server.log.statemachine.data.sync = true (default)
2023-09-07 08:52:09,538 [276dcdcd-15bf-4616-85f3-24cbc9cded34-groupManagement] INFO  server.RaftServerConfigKeys (ConfUtils.java:logGet(46)) - raft.server.log.statemachine.data.sync.timeout = 10s (default)
2023-09-07 08:52:09,538 [276dcdcd-15bf-4616-85f3-24cbc9cded34-groupManagement] INFO  server.RaftServerConfigKeys (ConfUtils.java:logGet(46)) - raft.server.log.statemachine.data.sync.timeout.retry = -1 (default)
2023-09-07 08:52:09,541 [276dcdcd-15bf-4616-85f3-24cbc9cded34-groupManagement] INFO  server.RaftServerConfigKeys (ConfUtils.java:logGet(46)) - raft.server.log.write.buffer.size = 1048576 (custom)
2023-09-07 08:52:09,550 [276dcdcd-15bf-4616-85f3-24cbc9cded34-groupManagement] INFO  server.RaftServerConfigKeys (ConfUtils.java:logGet(46)) - raft.server.log.appender.buffer.byte-limit = 33554432 (custom)
2023-09-07 08:52:09,559 [EventQueue-OpenPipelineForHealthyPipelineSafeModeRule] INFO  safemode.SCMSafeModeManager (HealthyPipelineSafeModeRule.java:process(137)) - SCM in safe mode. Healthy pipelines reported count is 0, required healthy pipeline reported count is 1
2023-09-07 08:52:09,567 [276dcdcd-15bf-4616-85f3-24cbc9cded34-groupManagement] INFO  server.RaftServerConfigKeys (ConfUtils.java:logGet(46)) - raft.server.log.unsafe-flush.enabled = false (default)
2023-09-07 08:52:09,567 [276dcdcd-15bf-4616-85f3-24cbc9cded34-groupManagement] INFO  server.RaftServerConfigKeys (ConfUtils.java:logGet(46)) - raft.server.log.async-flush.enabled = false (default)
2023-09-07 08:52:09,567 [276dcdcd-15bf-4616-85f3-24cbc9cded34-groupManagement] INFO  server.RaftServerConfigKeys (ConfUtils.java:logGet(46)) - raft.server.log.statemachine.data.caching.enabled = true (custom)
2023-09-07 08:52:09,567 [276dcdcd-15bf-4616-85f3-24cbc9cded34-groupManagement] INFO  segmented.SegmentedRaftLogWorker (SegmentedRaftLogWorker.java:lambda$new$0(135)) - 276dcdcd-15bf-4616-85f3-24cbc9cded34@group-109EC14DCC46-SegmentedRaftLogWorker: flushIndex: setUnconditionally 0 -> -1
2023-09-07 08:52:09,568 [276dcdcd-15bf-4616-85f3-24cbc9cded34-groupManagement] INFO  segmented.SegmentedRaftLogWorker (SegmentedRaftLogWorker.java:lambda$new$0(135)) - 276dcdcd-15bf-4616-85f3-24cbc9cded34@group-109EC14DCC46-SegmentedRaftLogWorker: safeCacheEvictIndex: setUnconditionally 0 -> -1
2023-09-07 08:52:09,581 [276dcdcd-15bf-4616-85f3-24cbc9cded34-groupManagement] INFO  server.RaftServer$Division (RaftServerImpl.java:start(342)) - 276dcdcd-15bf-4616-85f3-24cbc9cded34@group-109EC14DCC46: start as a follower, conf=-1: peers:[ee526f6f-3d45-469e-9618-ca9792ac197c|rpc:10.1.0.48:15014|admin:10.1.0.48:15013|client:10.1.0.48:15012|dataStream:10.1.0.48:15015|priority:0|startupRole:FOLLOWER, 453fd3f5-2dd8-488f-a349-96be441c1316|rpc:10.1.0.48:15032|admin:10.1.0.48:15031|client:10.1.0.48:15030|dataStream:10.1.0.48:15033|priority:1|startupRole:FOLLOWER, 276dcdcd-15bf-4616-85f3-24cbc9cded34|rpc:10.1.0.48:15023|admin:10.1.0.48:15022|client:10.1.0.48:15021|dataStream:10.1.0.48:15024|priority:0|startupRole:FOLLOWER]|listeners:[], old=null
2023-09-07 08:52:09,581 [276dcdcd-15bf-4616-85f3-24cbc9cded34-groupManagement] INFO  server.RaftServer$Division (RaftServerImpl.java:setRole(329)) - 276dcdcd-15bf-4616-85f3-24cbc9cded34@group-109EC14DCC46: changes role from      null to FOLLOWER at term 0 for startAsFollower
2023-09-07 08:52:09,582 [276dcdcd-15bf-4616-85f3-24cbc9cded34-groupManagement] INFO  impl.RoleInfo (RoleInfo.java:updateAndGet(139)) - 276dcdcd-15bf-4616-85f3-24cbc9cded34: start 276dcdcd-15bf-4616-85f3-24cbc9cded34@group-109EC14DCC46-FollowerState
2023-09-07 08:52:09,586 [276dcdcd-15bf-4616-85f3-24cbc9cded34-groupManagement] INFO  util.JmxRegister (JmxRegister.java:tryRegister(44)) - Successfully registered JMX Bean with object name Ratis:service=RaftServer,group=group-109EC14DCC46,id=276dcdcd-15bf-4616-85f3-24cbc9cded34
2023-09-07 08:52:09,586 [276dcdcd-15bf-4616-85f3-24cbc9cded34-groupManagement] INFO  server.RaftServerConfigKeys (ConfUtils.java:logGet(46)) - raft.server.snapshot.auto.trigger.enabled = true (custom)
2023-09-07 08:52:09,586 [276dcdcd-15bf-4616-85f3-24cbc9cded34-groupManagement] INFO  server.RaftServerConfigKeys (ConfUtils.java:logGet(46)) - raft.server.snapshot.auto.trigger.threshold = 10000 (custom)
2023-09-07 08:52:09,586 [276dcdcd-15bf-4616-85f3-24cbc9cded34-groupManagement] INFO  server.RaftServerConfigKeys (ConfUtils.java:logGet(46)) - raft.server.snapshot.retention.file.num = 5 (custom)
2023-09-07 08:52:09,586 [276dcdcd-15bf-4616-85f3-24cbc9cded34-groupManagement] INFO  server.RaftServerConfigKeys (ConfUtils.java:logGet(46)) - raft.server.log.purge.upto.snapshot.index = false (default)
2023-09-07 08:52:09,588 [276dcdcd-15bf-4616-85f3-24cbc9cded34@group-109EC14DCC46-FollowerState] INFO  server.RaftServerConfigKeys (ConfUtils.java:logFallback(53)) - raft.server.rpc.first-election.timeout.min = 5s (fallback to raft.server.rpc.timeout.min)
2023-09-07 08:52:09,610 [276dcdcd-15bf-4616-85f3-24cbc9cded34@group-109EC14DCC46-FollowerState] INFO  server.RaftServerConfigKeys (ConfUtils.java:logFallback(53)) - raft.server.rpc.first-election.timeout.max = 5200ms (fallback to raft.server.rpc.timeout.max)
2023-09-07 08:52:09,611 [PipelineCommandHandlerThread-0] INFO  ratis.XceiverServerRatis (XceiverServerRatis.java:addGroup(804)) - Created group PipelineID=267c773c-6e74-4f30-8eb7-109ec14dcc46
2023-09-07 08:52:09,675 [grpc-default-executor-0] INFO  server.RaftServer (RaftServerProxy.java:addNew(98)) - 453fd3f5-2dd8-488f-a349-96be441c1316: addNew group-109EC14DCC46:[ee526f6f-3d45-469e-9618-ca9792ac197c|rpc:10.1.0.48:15014|admin:10.1.0.48:15013|client:10.1.0.48:15012|dataStream:10.1.0.48:15015|priority:0|startupRole:FOLLOWER, 453fd3f5-2dd8-488f-a349-96be441c1316|rpc:10.1.0.48:15032|admin:10.1.0.48:15031|client:10.1.0.48:15030|dataStream:10.1.0.48:15033|priority:1|startupRole:FOLLOWER, 276dcdcd-15bf-4616-85f3-24cbc9cded34|rpc:10.1.0.48:15023|admin:10.1.0.48:15022|client:10.1.0.48:15021|dataStream:10.1.0.48:15024|priority:0|startupRole:FOLLOWER] returns group-109EC14DCC46:java.util.concurrent.CompletableFuture@4ee6844e[Not completed]
2023-09-07 08:52:09,678 [453fd3f5-2dd8-488f-a349-96be441c1316-groupManagement] INFO  server.RaftServer$Division (RaftServerImpl.java:<init>(198)) - 453fd3f5-2dd8-488f-a349-96be441c1316: new RaftServerImpl for group-109EC14DCC46:[ee526f6f-3d45-469e-9618-ca9792ac197c|rpc:10.1.0.48:15014|admin:10.1.0.48:15013|client:10.1.0.48:15012|dataStream:10.1.0.48:15015|priority:0|startupRole:FOLLOWER, 453fd3f5-2dd8-488f-a349-96be441c1316|rpc:10.1.0.48:15032|admin:10.1.0.48:15031|client:10.1.0.48:15030|dataStream:10.1.0.48:15033|priority:1|startupRole:FOLLOWER, 276dcdcd-15bf-4616-85f3-24cbc9cded34|rpc:10.1.0.48:15023|admin:10.1.0.48:15022|client:10.1.0.48:15021|dataStream:10.1.0.48:15024|priority:0|startupRole:FOLLOWER] with ContainerStateMachine:uninitialized
2023-09-07 08:52:09,678 [453fd3f5-2dd8-488f-a349-96be441c1316-groupManagement] INFO  server.RaftServerConfigKeys (ConfUtils.java:logGet(46)) - raft.server.rpc.timeout.min = 5s (custom)
2023-09-07 08:52:09,678 [453fd3f5-2dd8-488f-a349-96be441c1316-groupManagement] INFO  server.RaftServerConfigKeys (ConfUtils.java:logGet(46)) - raft.server.rpc.timeout.max = 5200ms (custom)
2023-09-07 08:52:09,678 [453fd3f5-2dd8-488f-a349-96be441c1316-groupManagement] INFO  server.RaftServerConfigKeys (ConfUtils.java:logGet(46)) - raft.server.rpc.sleep.time = 25ms (default)
2023-09-07 08:52:09,678 [453fd3f5-2dd8-488f-a349-96be441c1316-groupManagement] INFO  server.RaftServerConfigKeys (ConfUtils.java:logGet(46)) - raft.server.rpc.slowness.timeout = 300s (custom)
2023-09-07 08:52:09,678 [453fd3f5-2dd8-488f-a349-96be441c1316-groupManagement] INFO  server.RaftServerConfigKeys (ConfUtils.java:logGet(46)) - raft.server.leaderelection.leader.step-down.wait-time = 10s (default)
2023-09-07 08:52:09,679 [453fd3f5-2dd8-488f-a349-96be441c1316-groupManagement] INFO  server.RaftServerConfigKeys (ConfUtils.java:logGet(46)) - raft.server.sleep.deviation.threshold = 300ms (default)
2023-09-07 08:52:09,679 [453fd3f5-2dd8-488f-a349-96be441c1316-groupManagement] INFO  server.RaftServer$Division (ServerState.java:<init>(120)) - 453fd3f5-2dd8-488f-a349-96be441c1316@group-109EC14DCC46: ConfigurationManager, init=-1: peers:[ee526f6f-3d45-469e-9618-ca9792ac197c|rpc:10.1.0.48:15014|admin:10.1.0.48:15013|client:10.1.0.48:15012|dataStream:10.1.0.48:15015|priority:0|startupRole:FOLLOWER, 453fd3f5-2dd8-488f-a349-96be441c1316|rpc:10.1.0.48:15032|admin:10.1.0.48:15031|client:10.1.0.48:15030|dataStream:10.1.0.48:15033|priority:1|startupRole:FOLLOWER, 276dcdcd-15bf-4616-85f3-24cbc9cded34|rpc:10.1.0.48:15023|admin:10.1.0.48:15022|client:10.1.0.48:15021|dataStream:10.1.0.48:15024|priority:0|startupRole:FOLLOWER]|listeners:[], old=null, confs=<EMPTY_MAP>
2023-09-07 08:52:09,679 [453fd3f5-2dd8-488f-a349-96be441c1316-groupManagement] INFO  server.RaftServerConfigKeys (ConfUtils.java:logGet(46)) - raft.server.storage.dir = [/home/runner/work/ozone/ozone/hadoop-ozone/integration-test/target/test-dir/MiniOzoneClusterImpl-480c9758-28d8-415f-a146-fed859d0e253/datanode-2/data/ratis] (custom)
2023-09-07 08:52:09,679 [453fd3f5-2dd8-488f-a349-96be441c1316-groupManagement] INFO  server.RaftServerConfigKeys (ConfUtils.java:logGet(46)) - raft.server.log.corruption.policy = EXCEPTION (default)
2023-09-07 08:52:09,679 [453fd3f5-2dd8-488f-a349-96be441c1316-groupManagement] INFO  server.RaftServerConfigKeys (ConfUtils.java:logGet(46)) - raft.server.storage.free-space.min = 0MB (=0) (default)
2023-09-07 08:52:09,679 [453fd3f5-2dd8-488f-a349-96be441c1316-groupManagement] INFO  server.RaftServerConfigKeys (ConfUtils.java:logGet(46)) - raft.server.notification.no-leader.timeout = 300s (custom)
2023-09-07 08:52:09,679 [453fd3f5-2dd8-488f-a349-96be441c1316-groupManagement] INFO  server.RaftServerConfigKeys (ConfUtils.java:logGet(46)) - raft.server.read.timeout = 10s (default)
2023-09-07 08:52:09,679 [453fd3f5-2dd8-488f-a349-96be441c1316-groupManagement] INFO  server.RaftServerConfigKeys (ConfUtils.java:logGet(46)) - raft.server.retrycache.expirytime = 600000ms (custom)
2023-09-07 08:52:09,679 [453fd3f5-2dd8-488f-a349-96be441c1316-groupManagement] INFO  server.RaftServerConfigKeys (ConfUtils.java:logGet(46)) - raft.server.retrycache.statistics.expirytime = 100μs (default)
2023-09-07 08:52:09,681 [453fd3f5-2dd8-488f-a349-96be441c1316-groupManagement] INFO  server.RaftServerConfigKeys (ConfUtils.java:logGet(46)) - raft.server.read.option = DEFAULT (default)
2023-09-07 08:52:09,690 [453fd3f5-2dd8-488f-a349-96be441c1316-groupManagement] INFO  server.RaftServerConfigKeys (ConfUtils.java:logGet(46)) - raft.server.rpc.request.timeout = 60s (custom)
2023-09-07 08:52:09,692 [453fd3f5-2dd8-488f-a349-96be441c1316-groupManagement] INFO  server.RaftServerConfigKeys (ConfUtils.java:logGet(46)) - raft.server.log.appender.install.snapshot.enabled = false (custom)
2023-09-07 08:52:09,692 [453fd3f5-2dd8-488f-a349-96be441c1316-groupManagement] INFO  server.RaftServerConfigKeys (ConfUtils.java:logGet(46)) - raft.server.threadpool.server.cached = true (default)
2023-09-07 08:52:09,692 [453fd3f5-2dd8-488f-a349-96be441c1316-groupManagement] INFO  server.RaftServerConfigKeys (ConfUtils.java:logGet(46)) - raft.server.threadpool.server.size = 0 (default)
2023-09-07 08:52:09,692 [453fd3f5-2dd8-488f-a349-96be441c1316-groupManagement] INFO  server.RaftServerConfigKeys (ConfUtils.java:logGet(46)) - raft.server.threadpool.client.cached = true (default)
2023-09-07 08:52:09,693 [453fd3f5-2dd8-488f-a349-96be441c1316-groupManagement] INFO  server.RaftServerConfigKeys (ConfUtils.java:logGet(46)) - raft.server.threadpool.client.size = 0 (default)
2023-09-07 08:52:09,696 [main] INFO  ozone.MiniOzoneClusterImpl (MiniOzoneClusterImpl.java:lambda$waitForClusterToBeReady$0(224)) - Nodes are ready. Got 5 of 5 DN Heartbeats.
2023-09-07 08:52:09,702 [main] INFO  ozone.MiniOzoneClusterImpl (MiniOzoneClusterImpl.java:lambda$waitForClusterToBeReady$0(227)) - Waiting for cluster to exit safe mode
2023-09-07 08:52:09,702 [main] INFO  ozone.MiniOzoneClusterImpl (MiniOzoneClusterImpl.java:lambda$waitForClusterToBeReady$0(229)) - SCM became leader
2023-09-07 08:52:09,700 [453fd3f5-2dd8-488f-a349-96be441c1316-groupManagement] INFO  storage.RaftStorageDirectory (RaftStorageDirectoryImpl.java:analyzeStorage(137)) - The storage directory /home/runner/work/ozone/ozone/hadoop-ozone/integration-test/target/test-dir/MiniOzoneClusterImpl-480c9758-28d8-415f-a146-fed859d0e253/datanode-2/data/ratis/267c773c-6e74-4f30-8eb7-109ec14dcc46 does not exist. Creating ...
2023-09-07 08:52:09,704 [453fd3f5-2dd8-488f-a349-96be441c1316-groupManagement] INFO  storage.RaftStorageDirectory (RaftStorageDirectoryImpl.java:tryLock(231)) - Lock on /home/runner/work/ozone/ozone/hadoop-ozone/integration-test/target/test-dir/MiniOzoneClusterImpl-480c9758-28d8-415f-a146-fed859d0e253/datanode-2/data/ratis/267c773c-6e74-4f30-8eb7-109ec14dcc46/in_use.lock acquired by nodename 7589@fv-az793-921
2023-09-07 08:52:09,707 [453fd3f5-2dd8-488f-a349-96be441c1316-groupManagement] INFO  storage.RaftStorage (RaftStorageImpl.java:format(96)) - Storage directory /home/runner/work/ozone/ozone/hadoop-ozone/integration-test/target/test-dir/MiniOzoneClusterImpl-480c9758-28d8-415f-a146-fed859d0e253/datanode-2/data/ratis/267c773c-6e74-4f30-8eb7-109ec14dcc46 has been successfully formatted.
2023-09-07 08:52:09,708 [453fd3f5-2dd8-488f-a349-96be441c1316-groupManagement] INFO  ratis.ContainerStateMachine (ContainerStateMachine.java:loadSnapshot(262)) - group-109EC14DCC46: The snapshot info is null. Setting the last applied indexto:(t:0, i:~)
2023-09-07 08:52:09,709 [453fd3f5-2dd8-488f-a349-96be441c1316-groupManagement] INFO  server.RaftServerConfigKeys (ConfUtils.java:logGet(46)) - raft.server.log.use.memory = false (default)
2023-09-07 08:52:09,709 [453fd3f5-2dd8-488f-a349-96be441c1316-groupManagement] INFO  server.RaftServerConfigKeys (ConfUtils.java:logGet(46)) - raft.server.log.purge.gap = 1000000 (custom)
2023-09-07 08:52:09,709 [453fd3f5-2dd8-488f-a349-96be441c1316-groupManagement] INFO  server.RaftServerConfigKeys (ConfUtils.java:logGet(46)) - raft.server.log.appender.buffer.byte-limit = 33554432 (custom)
2023-09-07 08:52:09,713 [453fd3f5-2dd8-488f-a349-96be441c1316-groupManagement] INFO  server.RaftServerConfigKeys (ConfUtils.java:logGet(46)) - raft.server.log.statemachine.data.read.timeout = 1000ms (default)
2023-09-07 08:52:09,713 [453fd3f5-2dd8-488f-a349-96be441c1316-groupManagement] INFO  server.RaftServerConfigKeys (ConfUtils.java:logGet(46)) - raft.server.log.purge.preservation.log.num = 0 (default)
2023-09-07 08:52:09,713 [453fd3f5-2dd8-488f-a349-96be441c1316-groupManagement] INFO  server.RaftServerConfigKeys (ConfUtils.java:logGet(46)) - raft.server.log.segment.size.max = 1048576 (custom)
2023-09-07 08:52:09,714 [453fd3f5-2dd8-488f-a349-96be441c1316-groupManagement] INFO  server.RaftServerConfigKeys (ConfUtils.java:logGet(46)) - raft.server.log.segment.cache.num.max = 2 (custom)
2023-09-07 08:52:09,714 [453fd3f5-2dd8-488f-a349-96be441c1316-groupManagement] INFO  server.RaftServerConfigKeys (ConfUtils.java:logGet(46)) - raft.server.log.segment.cache.size.max = 200MB (=209715200) (default)
2023-09-07 08:52:09,715 [453fd3f5-2dd8-488f-a349-96be441c1316-groupManagement] INFO  server.RaftServerConfigKeys (ConfUtils.java:logGet(46)) - raft.server.log.appender.buffer.byte-limit = 33554432 (custom)
2023-09-07 08:52:09,715 [453fd3f5-2dd8-488f-a349-96be441c1316-groupManagement] INFO  segmented.SegmentedRaftLogWorker (SegmentedRaftLogWorker.java:<init>(188)) - new 453fd3f5-2dd8-488f-a349-96be441c1316@group-109EC14DCC46-SegmentedRaftLogWorker for RaftStorageImpl:Storage Directory /home/runner/work/ozone/ozone/hadoop-ozone/integration-test/target/test-dir/MiniOzoneClusterImpl-480c9758-28d8-415f-a146-fed859d0e253/datanode-2/data/ratis/267c773c-6e74-4f30-8eb7-109ec14dcc46
2023-09-07 08:52:09,715 [453fd3f5-2dd8-488f-a349-96be441c1316-groupManagement] INFO  server.RaftServerConfigKeys (ConfUtils.java:logGet(46)) - raft.server.log.queue.byte-limit = 4294967296 (custom)
2023-09-07 08:52:09,715 [453fd3f5-2dd8-488f-a349-96be441c1316-groupManagement] INFO  server.RaftServerConfigKeys (ConfUtils.java:logGet(46)) - raft.server.log.queue.element-limit = 1024 (custom)
2023-09-07 08:52:09,715 [453fd3f5-2dd8-488f-a349-96be441c1316-groupManagement] INFO  server.RaftServerConfigKeys (ConfUtils.java:logGet(46)) - raft.server.log.segment.size.max = 1048576 (custom)
2023-09-07 08:52:09,715 [453fd3f5-2dd8-488f-a349-96be441c1316-groupManagement] INFO  server.RaftServerConfigKeys (ConfUtils.java:logGet(46)) - raft.server.log.preallocated.size = 16384 (custom)
2023-09-07 08:52:09,715 [453fd3f5-2dd8-488f-a349-96be441c1316-groupManagement] INFO  server.RaftServerConfigKeys (ConfUtils.java:logGet(46)) - raft.server.log.force.sync.num = 128 (default)
2023-09-07 08:52:09,715 [453fd3f5-2dd8-488f-a349-96be441c1316-groupManagement] INFO  server.RaftServerConfigKeys (ConfUtils.java:logGet(46)) - raft.server.log.statemachine.data.sync = true (default)
2023-09-07 08:52:09,715 [453fd3f5-2dd8-488f-a349-96be441c1316-groupManagement] INFO  server.RaftServerConfigKeys (ConfUtils.java:logGet(46)) - raft.server.log.statemachine.data.sync.timeout = 10s (default)
2023-09-07 08:52:09,715 [453fd3f5-2dd8-488f-a349-96be441c1316-groupManagement] INFO  server.RaftServerConfigKeys (ConfUtils.java:logGet(46)) - raft.server.log.statemachine.data.sync.timeout.retry = -1 (default)
2023-09-07 08:52:09,716 [453fd3f5-2dd8-488f-a349-96be441c1316-groupManagement] INFO  server.RaftServerConfigKeys (ConfUtils.java:logGet(46)) - raft.server.log.write.buffer.size = 1048576 (custom)
2023-09-07 08:52:09,717 [453fd3f5-2dd8-488f-a349-96be441c1316-groupManagement] INFO  server.RaftServerConfigKeys (ConfUtils.java:logGet(46)) - raft.server.log.appender.buffer.byte-limit = 33554432 (custom)
2023-09-07 08:52:10,051 [JvmPauseMonitor6] WARN  util.JvmPauseMonitor (JvmPauseMonitor.java:detectPause(124)) - JvmPauseMonitor-21558166-7abb-48cd-85e5-e0231587e321: Detected pause in JVM or host machine approximately 0.276s with 0.329s GC time.
GC pool 'PS MarkSweep' had collection(s): count=1 time=267ms
GC pool 'PS Scavenge' had collection(s): count=1 time=62ms
2023-09-07 08:52:10,052 [PipelineCommandHandlerThread-0] INFO  server.RaftServer (RaftServerProxy.java:addNew(98)) - 453fd3f5-2dd8-488f-a349-96be441c1316: addNew group-B16DAE932054:[453fd3f5-2dd8-488f-a349-96be441c1316|rpc:10.1.0.48:15032|admin:10.1.0.48:15031|client:10.1.0.48:15030|dataStream:10.1.0.48:15033|priority:1|startupRole:FOLLOWER] returns group-B16DAE932054:java.util.concurrent.CompletableFuture@51975410[Not completed]
2023-09-07 08:52:10,052 [JvmPauseMonitor5] WARN  util.JvmPauseMonitor (JvmPauseMonitor.java:detectPause(124)) - JvmPauseMonitor-7027ac8d-bbe4-4820-bd68-7a29676b00c5: Detected pause in JVM or host machine approximately 0.173s with 0.329s GC time.
GC pool 'PS MarkSweep' had collection(s): count=1 time=267ms
GC pool 'PS Scavenge' had collection(s): count=1 time=62ms
2023-09-07 08:52:10,052 [JvmPauseMonitor4] WARN  util.JvmPauseMonitor (JvmPauseMonitor.java:detectPause(124)) - JvmPauseMonitor-453fd3f5-2dd8-488f-a349-96be441c1316: Detected pause in JVM or host machine approximately 0.129s with 0.329s GC time.
GC pool 'PS MarkSweep' had collection(s): count=1 time=267ms
GC pool 'PS Scavenge' had collection(s): count=1 time=62ms
2023-09-07 08:52:10,079 [453fd3f5-2dd8-488f-a349-96be441c1316-groupManagement] INFO  server.RaftServerConfigKeys (ConfUtils.java:logGet(46)) - raft.server.log.unsafe-flush.enabled = false (default)
2023-09-07 08:52:10,080 [453fd3f5-2dd8-488f-a349-96be441c1316-groupManagement] INFO  server.RaftServerConfigKeys (ConfUtils.java:logGet(46)) - raft.server.log.async-flush.enabled = false (default)
2023-09-07 08:52:10,080 [453fd3f5-2dd8-488f-a349-96be441c1316-groupManagement] INFO  server.RaftServerConfigKeys (ConfUtils.java:logGet(46)) - raft.server.log.statemachine.data.caching.enabled = true (custom)
2023-09-07 08:52:10,080 [453fd3f5-2dd8-488f-a349-96be441c1316-groupManagement] INFO  segmented.SegmentedRaftLogWorker (SegmentedRaftLogWorker.java:lambda$new$0(135)) - 453fd3f5-2dd8-488f-a349-96be441c1316@group-109EC14DCC46-SegmentedRaftLogWorker: flushIndex: setUnconditionally 0 -> -1
2023-09-07 08:52:10,080 [453fd3f5-2dd8-488f-a349-96be441c1316-groupManagement] INFO  segmented.SegmentedRaftLogWorker (SegmentedRaftLogWorker.java:lambda$new$0(135)) - 453fd3f5-2dd8-488f-a349-96be441c1316@group-109EC14DCC46-SegmentedRaftLogWorker: safeCacheEvictIndex: setUnconditionally 0 -> -1
2023-09-07 08:52:10,094 [453fd3f5-2dd8-488f-a349-96be441c1316-groupManagement] INFO  server.RaftServer$Division (RaftServerImpl.java:start(342)) - 453fd3f5-2dd8-488f-a349-96be441c1316@group-109EC14DCC46: start as a follower, conf=-1: peers:[ee526f6f-3d45-469e-9618-ca9792ac197c|rpc:10.1.0.48:15014|admin:10.1.0.48:15013|client:10.1.0.48:15012|dataStream:10.1.0.48:15015|priority:0|startupRole:FOLLOWER, 453fd3f5-2dd8-488f-a349-96be441c1316|rpc:10.1.0.48:15032|admin:10.1.0.48:15031|client:10.1.0.48:15030|dataStream:10.1.0.48:15033|priority:1|startupRole:FOLLOWER, 276dcdcd-15bf-4616-85f3-24cbc9cded34|rpc:10.1.0.48:15023|admin:10.1.0.48:15022|client:10.1.0.48:15021|dataStream:10.1.0.48:15024|priority:0|startupRole:FOLLOWER]|listeners:[], old=null
2023-09-07 08:52:10,094 [453fd3f5-2dd8-488f-a349-96be441c1316-groupManagement] INFO  server.RaftServer$Division (RaftServerImpl.java:setRole(329)) - 453fd3f5-2dd8-488f-a349-96be441c1316@group-109EC14DCC46: changes role from      null to FOLLOWER at term 0 for startAsFollower
2023-09-07 08:52:10,094 [453fd3f5-2dd8-488f-a349-96be441c1316-groupManagement] INFO  impl.RoleInfo (RoleInfo.java:updateAndGet(139)) - 453fd3f5-2dd8-488f-a349-96be441c1316: start 453fd3f5-2dd8-488f-a349-96be441c1316@group-109EC14DCC46-FollowerState
2023-09-07 08:52:10,097 [453fd3f5-2dd8-488f-a349-96be441c1316-groupManagement] INFO  util.JmxRegister (JmxRegister.java:tryRegister(44)) - Successfully registered JMX Bean with object name Ratis:service=RaftServer,group=group-109EC14DCC46,id=453fd3f5-2dd8-488f-a349-96be441c1316
2023-09-07 08:52:10,098 [453fd3f5-2dd8-488f-a349-96be441c1316-groupManagement] INFO  server.RaftServerConfigKeys (ConfUtils.java:logGet(46)) - raft.server.snapshot.auto.trigger.enabled = true (custom)
2023-09-07 08:52:10,098 [453fd3f5-2dd8-488f-a349-96be441c1316-groupManagement] INFO  server.RaftServerConfigKeys (ConfUtils.java:logGet(46)) - raft.server.snapshot.auto.trigger.threshold = 10000 (custom)
2023-09-07 08:52:10,098 [453fd3f5-2dd8-488f-a349-96be441c1316-groupManagement] INFO  server.RaftServerConfigKeys (ConfUtils.java:logGet(46)) - raft.server.snapshot.retention.file.num = 5 (custom)
2023-09-07 08:52:10,098 [453fd3f5-2dd8-488f-a349-96be441c1316-groupManagement] INFO  server.RaftServerConfigKeys (ConfUtils.java:logGet(46)) - raft.server.log.purge.upto.snapshot.index = false (default)
2023-09-07 08:52:10,099 [453fd3f5-2dd8-488f-a349-96be441c1316@group-109EC14DCC46-FollowerState] INFO  server.RaftServerConfigKeys (ConfUtils.java:logFallback(53)) - raft.server.rpc.first-election.timeout.min = 5s (fallback to raft.server.rpc.timeout.min)
2023-09-07 08:52:10,108 [453fd3f5-2dd8-488f-a349-96be441c1316-groupManagement] INFO  server.RaftServer$Division (RaftServerImpl.java:<init>(198)) - 453fd3f5-2dd8-488f-a349-96be441c1316: new RaftServerImpl for group-B16DAE932054:[453fd3f5-2dd8-488f-a349-96be441c1316|rpc:10.1.0.48:15032|admin:10.1.0.48:15031|client:10.1.0.48:15030|dataStream:10.1.0.48:15033|priority:1|startupRole:FOLLOWER] with ContainerStateMachine:uninitialized
2023-09-07 08:52:10,118 [453fd3f5-2dd8-488f-a349-96be441c1316@group-109EC14DCC46-FollowerState] INFO  server.RaftServerConfigKeys (ConfUtils.java:logFallback(53)) - raft.server.rpc.first-election.timeout.max = 5200ms (fallback to raft.server.rpc.timeout.max)
2023-09-07 08:52:10,119 [453fd3f5-2dd8-488f-a349-96be441c1316-groupManagement] INFO  server.RaftServerConfigKeys (ConfUtils.java:logGet(46)) - raft.server.rpc.timeout.min = 5s (custom)
2023-09-07 08:52:10,119 [453fd3f5-2dd8-488f-a349-96be441c1316-groupManagement] INFO  server.RaftServerConfigKeys (ConfUtils.java:logGet(46)) - raft.server.rpc.timeout.max = 5200ms (custom)
2023-09-07 08:52:10,119 [453fd3f5-2dd8-488f-a349-96be441c1316-groupManagement] INFO  server.RaftServerConfigKeys (ConfUtils.java:logGet(46)) - raft.server.rpc.sleep.time = 25ms (default)
2023-09-07 08:52:10,119 [453fd3f5-2dd8-488f-a349-96be441c1316-groupManagement] INFO  server.RaftServerConfigKeys (ConfUtils.java:logGet(46)) - raft.server.rpc.slowness.timeout = 300s (custom)
2023-09-07 08:52:10,119 [453fd3f5-2dd8-488f-a349-96be441c1316-groupManagement] INFO  server.RaftServerConfigKeys (ConfUtils.java:logGet(46)) - raft.server.leaderelection.leader.step-down.wait-time = 10s (default)
2023-09-07 08:52:10,119 [453fd3f5-2dd8-488f-a349-96be441c1316-groupManagement] INFO  server.RaftServerConfigKeys (ConfUtils.java:logGet(46)) - raft.server.sleep.deviation.threshold = 300ms (default)
2023-09-07 08:52:10,119 [453fd3f5-2dd8-488f-a349-96be441c1316-groupManagement] INFO  server.RaftServer$Division (ServerState.java:<init>(120)) - 453fd3f5-2dd8-488f-a349-96be441c1316@group-B16DAE932054: ConfigurationManager, init=-1: peers:[453fd3f5-2dd8-488f-a349-96be441c1316|rpc:10.1.0.48:15032|admin:10.1.0.48:15031|client:10.1.0.48:15030|dataStream:10.1.0.48:15033|priority:1|startupRole:FOLLOWER]|listeners:[], old=null, confs=<EMPTY_MAP>
2023-09-07 08:52:10,119 [453fd3f5-2dd8-488f-a349-96be441c1316-groupManagement] INFO  server.RaftServerConfigKeys (ConfUtils.java:logGet(46)) - raft.server.storage.dir = [/home/runner/work/ozone/ozone/hadoop-ozone/integration-test/target/test-dir/MiniOzoneClusterImpl-480c9758-28d8-415f-a146-fed859d0e253/datanode-2/data/ratis] (custom)
2023-09-07 08:52:10,120 [453fd3f5-2dd8-488f-a349-96be441c1316-groupManagement] INFO  server.RaftServerConfigKeys (ConfUtils.java:logGet(46)) - raft.server.log.corruption.policy = EXCEPTION (default)
2023-09-07 08:52:10,120 [453fd3f5-2dd8-488f-a349-96be441c1316-groupManagement] INFO  server.RaftServerConfigKeys (ConfUtils.java:logGet(46)) - raft.server.storage.free-space.min = 0MB (=0) (default)
2023-09-07 08:52:10,120 [453fd3f5-2dd8-488f-a349-96be441c1316-groupManagement] INFO  server.RaftServerConfigKeys (ConfUtils.java:logGet(46)) - raft.server.notification.no-leader.timeout = 300s (custom)
2023-09-07 08:52:10,120 [453fd3f5-2dd8-488f-a349-96be441c1316-groupManagement] INFO  server.RaftServerConfigKeys (ConfUtils.java:logGet(46)) - raft.server.read.timeout = 10s (default)
2023-09-07 08:52:10,120 [453fd3f5-2dd8-488f-a349-96be441c1316-groupManagement] INFO  server.RaftServerConfigKeys (ConfUtils.java:logGet(46)) - raft.server.retrycache.expirytime = 600000ms (custom)
2023-09-07 08:52:10,120 [453fd3f5-2dd8-488f-a349-96be441c1316-groupManagement] INFO  server.RaftServerConfigKeys (ConfUtils.java:logGet(46)) - raft.server.retrycache.statistics.expirytime = 100μs (default)
2023-09-07 08:52:10,120 [453fd3f5-2dd8-488f-a349-96be441c1316-groupManagement] INFO  server.RaftServerConfigKeys (ConfUtils.java:logGet(46)) - raft.server.read.option = DEFAULT (default)
2023-09-07 08:52:10,122 [453fd3f5-2dd8-488f-a349-96be441c1316-groupManagement] INFO  server.RaftServerConfigKeys (ConfUtils.java:logGet(46)) - raft.server.rpc.request.timeout = 60s (custom)
2023-09-07 08:52:10,122 [453fd3f5-2dd8-488f-a349-96be441c1316-groupManagement] INFO  server.RaftServerConfigKeys (ConfUtils.java:logGet(46)) - raft.server.log.appender.install.snapshot.enabled = false (custom)
2023-09-07 08:52:10,122 [453fd3f5-2dd8-488f-a349-96be441c1316-groupManagement] INFO  server.RaftServerConfigKeys (ConfUtils.java:logGet(46)) - raft.server.threadpool.server.cached = true (default)
2023-09-07 08:52:10,122 [453fd3f5-2dd8-488f-a349-96be441c1316-groupManagement] INFO  server.RaftServerConfigKeys (ConfUtils.java:logGet(46)) - raft.server.threadpool.server.size = 0 (default)
2023-09-07 08:52:10,122 [453fd3f5-2dd8-488f-a349-96be441c1316-groupManagement] INFO  server.RaftServerConfigKeys (ConfUtils.java:logGet(46)) - raft.server.threadpool.client.cached = true (default)
2023-09-07 08:52:10,122 [453fd3f5-2dd8-488f-a349-96be441c1316-groupManagement] INFO  server.RaftServerConfigKeys (ConfUtils.java:logGet(46)) - raft.server.threadpool.client.size = 0 (default)
2023-09-07 08:52:10,123 [453fd3f5-2dd8-488f-a349-96be441c1316-groupManagement] INFO  storage.RaftStorageDirectory (RaftStorageDirectoryImpl.java:analyzeStorage(137)) - The storage directory /home/runner/work/ozone/ozone/hadoop-ozone/integration-test/target/test-dir/MiniOzoneClusterImpl-480c9758-28d8-415f-a146-fed859d0e253/datanode-2/data/ratis/f789a591-3481-45a5-8ace-b16dae932054 does not exist. Creating ...
2023-09-07 08:52:10,134 [453fd3f5-2dd8-488f-a349-96be441c1316-groupManagement] INFO  storage.RaftStorageDirectory (RaftStorageDirectoryImpl.java:tryLock(231)) - Lock on /home/runner/work/ozone/ozone/hadoop-ozone/integration-test/target/test-dir/MiniOzoneClusterImpl-480c9758-28d8-415f-a146-fed859d0e253/datanode-2/data/ratis/f789a591-3481-45a5-8ace-b16dae932054/in_use.lock acquired by nodename 7589@fv-az793-921
2023-09-07 08:52:10,141 [453fd3f5-2dd8-488f-a349-96be441c1316-groupManagement] INFO  storage.RaftStorage (RaftStorageImpl.java:format(96)) - Storage directory /home/runner/work/ozone/ozone/hadoop-ozone/integration-test/target/test-dir/MiniOzoneClusterImpl-480c9758-28d8-415f-a146-fed859d0e253/datanode-2/data/ratis/f789a591-3481-45a5-8ace-b16dae932054 has been successfully formatted.
2023-09-07 08:52:10,141 [453fd3f5-2dd8-488f-a349-96be441c1316-groupManagement] INFO  ratis.ContainerStateMachine (ContainerStateMachine.java:loadSnapshot(262)) - group-B16DAE932054: The snapshot info is null. Setting the last applied indexto:(t:0, i:~)
2023-09-07 08:52:10,141 [453fd3f5-2dd8-488f-a349-96be441c1316-groupManagement] INFO  server.RaftServerConfigKeys (ConfUtils.java:logGet(46)) - raft.server.log.use.memory = false (default)
2023-09-07 08:52:10,142 [453fd3f5-2dd8-488f-a349-96be441c1316-groupManagement] INFO  server.RaftServerConfigKeys (ConfUtils.java:logGet(46)) - raft.server.log.purge.gap = 1000000 (custom)
2023-09-07 08:52:10,142 [453fd3f5-2dd8-488f-a349-96be441c1316-groupManagement] INFO  server.RaftServerConfigKeys (ConfUtils.java:logGet(46)) - raft.server.log.appender.buffer.byte-limit = 33554432 (custom)
2023-09-07 08:52:10,142 [453fd3f5-2dd8-488f-a349-96be441c1316-groupManagement] INFO  server.RaftServerConfigKeys (ConfUtils.java:logGet(46)) - raft.server.log.statemachine.data.read.timeout = 1000ms (default)
2023-09-07 08:52:10,143 [453fd3f5-2dd8-488f-a349-96be441c1316-groupManagement] INFO  server.RaftServerConfigKeys (ConfUtils.java:logGet(46)) - raft.server.log.purge.preservation.log.num = 0 (default)
2023-09-07 08:52:10,143 [453fd3f5-2dd8-488f-a349-96be441c1316-groupManagement] INFO  server.RaftServerConfigKeys (ConfUtils.java:logGet(46)) - raft.server.log.segment.size.max = 1048576 (custom)
2023-09-07 08:52:10,143 [453fd3f5-2dd8-488f-a349-96be441c1316-groupManagement] INFO  server.RaftServerConfigKeys (ConfUtils.java:logGet(46)) - raft.server.log.segment.cache.num.max = 2 (custom)
2023-09-07 08:52:10,144 [453fd3f5-2dd8-488f-a349-96be441c1316-groupManagement] INFO  server.RaftServerConfigKeys (ConfUtils.java:logGet(46)) - raft.server.log.segment.cache.size.max = 200MB (=209715200) (default)
2023-09-07 08:52:10,144 [453fd3f5-2dd8-488f-a349-96be441c1316-groupManagement] INFO  server.RaftServerConfigKeys (ConfUtils.java:logGet(46)) - raft.server.log.appender.buffer.byte-limit = 33554432 (custom)
2023-09-07 08:52:10,144 [453fd3f5-2dd8-488f-a349-96be441c1316-groupManagement] INFO  segmented.SegmentedRaftLogWorker (SegmentedRaftLogWorker.java:<init>(188)) - new 453fd3f5-2dd8-488f-a349-96be441c1316@group-B16DAE932054-SegmentedRaftLogWorker for RaftStorageImpl:Storage Directory /home/runner/work/ozone/ozone/hadoop-ozone/integration-test/target/test-dir/MiniOzoneClusterImpl-480c9758-28d8-415f-a146-fed859d0e253/datanode-2/data/ratis/f789a591-3481-45a5-8ace-b16dae932054
2023-09-07 08:52:10,144 [453fd3f5-2dd8-488f-a349-96be441c1316-groupManagement] INFO  server.RaftServerConfigKeys (ConfUtils.java:logGet(46)) - raft.server.log.queue.byte-limit = 4294967296 (custom)
2023-09-07 08:52:10,144 [453fd3f5-2dd8-488f-a349-96be441c1316-groupManagement] INFO  server.RaftServerConfigKeys (ConfUtils.java:logGet(46)) - raft.server.log.queue.element-limit = 1024 (custom)
2023-09-07 08:52:10,144 [453fd3f5-2dd8-488f-a349-96be441c1316-groupManagement] INFO  server.RaftServerConfigKeys (ConfUtils.java:logGet(46)) - raft.server.log.segment.size.max = 1048576 (custom)
2023-09-07 08:52:10,144 [453fd3f5-2dd8-488f-a349-96be441c1316-groupManagement] INFO  server.RaftServerConfigKeys (ConfUtils.java:logGet(46)) - raft.server.log.preallocated.size = 16384 (custom)
2023-09-07 08:52:10,144 [453fd3f5-2dd8-488f-a349-96be441c1316-groupManagement] INFO  server.RaftServerConfigKeys (ConfUtils.java:logGet(46)) - raft.server.log.force.sync.num = 128 (default)
2023-09-07 08:52:10,144 [453fd3f5-2dd8-488f-a349-96be441c1316-groupManagement] INFO  server.RaftServerConfigKeys (ConfUtils.java:logGet(46)) - raft.server.log.statemachine.data.sync = true (default)
2023-09-07 08:52:10,144 [453fd3f5-2dd8-488f-a349-96be441c1316-groupManagement] INFO  server.RaftServerConfigKeys (ConfUtils.java:logGet(46)) - raft.server.log.statemachine.data.sync.timeout = 10s (default)
2023-09-07 08:52:10,144 [453fd3f5-2dd8-488f-a349-96be441c1316-groupManagement] INFO  server.RaftServerConfigKeys (ConfUtils.java:logGet(46)) - raft.server.log.statemachine.data.sync.timeout.retry = -1 (default)
2023-09-07 08:52:10,148 [EventQueue-PipelineReportForPipelineReportHandler] INFO  pipeline.PipelineReportHandler (PipelineReportHandler.java:processPipelineReport(136)) - Opened pipeline PipelineID=f789a591-3481-45a5-8ace-b16dae932054
2023-09-07 08:52:10,149 [EventQueue-OpenPipelineForHealthyPipelineSafeModeRule] INFO  safemode.SCMSafeModeManager (HealthyPipelineSafeModeRule.java:process(137)) - SCM in safe mode. Healthy pipelines reported count is 0, required healthy pipeline reported count is 1
2023-09-07 08:52:10,154 [453fd3f5-2dd8-488f-a349-96be441c1316-groupManagement] INFO  server.RaftServerConfigKeys (ConfUtils.java:logGet(46)) - raft.server.log.write.buffer.size = 1048576 (custom)
2023-09-07 08:52:10,155 [453fd3f5-2dd8-488f-a349-96be441c1316-groupManagement] INFO  server.RaftServerConfigKeys (ConfUtils.java:logGet(46)) - raft.server.log.appender.buffer.byte-limit = 33554432 (custom)
2023-09-07 08:52:10,190 [453fd3f5-2dd8-488f-a349-96be441c1316-groupManagement] INFO  server.RaftServerConfigKeys (ConfUtils.java:logGet(46)) - raft.server.log.unsafe-flush.enabled = false (default)
2023-09-07 08:52:10,190 [453fd3f5-2dd8-488f-a349-96be441c1316-groupManagement] INFO  server.RaftServerConfigKeys (ConfUtils.java:logGet(46)) - raft.server.log.async-flush.enabled = false (default)
2023-09-07 08:52:10,190 [453fd3f5-2dd8-488f-a349-96be441c1316-groupManagement] INFO  server.RaftServerConfigKeys (ConfUtils.java:logGet(46)) - raft.server.log.statemachine.data.caching.enabled = true (custom)
2023-09-07 08:52:10,191 [453fd3f5-2dd8-488f-a349-96be441c1316-groupManagement] INFO  segmented.SegmentedRaftLogWorker (SegmentedRaftLogWorker.java:lambda$new$0(135)) - 453fd3f5-2dd8-488f-a349-96be441c1316@group-B16DAE932054-SegmentedRaftLogWorker: flushIndex: setUnconditionally 0 -> -1
2023-09-07 08:52:10,191 [453fd3f5-2dd8-488f-a349-96be441c1316-groupManagement] INFO  segmented.SegmentedRaftLogWorker (SegmentedRaftLogWorker.java:lambda$new$0(135)) - 453fd3f5-2dd8-488f-a349-96be441c1316@group-B16DAE932054-SegmentedRaftLogWorker: safeCacheEvictIndex: setUnconditionally 0 -> -1
2023-09-07 08:52:10,191 [453fd3f5-2dd8-488f-a349-96be441c1316-groupManagement] INFO  server.RaftServer$Division (RaftServerImpl.java:start(342)) - 453fd3f5-2dd8-488f-a349-96be441c1316@group-B16DAE932054: start as a follower, conf=-1: peers:[453fd3f5-2dd8-488f-a349-96be441c1316|rpc:10.1.0.48:15032|admin:10.1.0.48:15031|client:10.1.0.48:15030|dataStream:10.1.0.48:15033|priority:1|startupRole:FOLLOWER]|listeners:[], old=null
2023-09-07 08:52:10,191 [453fd3f5-2dd8-488f-a349-96be441c1316-groupManagement] INFO  server.RaftServer$Division (RaftServerImpl.java:setRole(329)) - 453fd3f5-2dd8-488f-a349-96be441c1316@group-B16DAE932054: changes role from      null to FOLLOWER at term 0 for startAsFollower
2023-09-07 08:52:10,191 [453fd3f5-2dd8-488f-a349-96be441c1316-groupManagement] INFO  impl.RoleInfo (RoleInfo.java:updateAndGet(139)) - 453fd3f5-2dd8-488f-a349-96be441c1316: start 453fd3f5-2dd8-488f-a349-96be441c1316@group-B16DAE932054-FollowerState
2023-09-07 08:52:10,192 [453fd3f5-2dd8-488f-a349-96be441c1316@group-B16DAE932054-FollowerState] INFO  server.RaftServerConfigKeys (ConfUtils.java:logFallback(53)) - raft.server.rpc.first-election.timeout.min = 5s (fallback to raft.server.rpc.timeout.min)
2023-09-07 08:52:10,193 [453fd3f5-2dd8-488f-a349-96be441c1316@group-B16DAE932054-FollowerState] INFO  server.RaftServerConfigKeys (ConfUtils.java:logFallback(53)) - raft.server.rpc.first-election.timeout.max = 5200ms (fallback to raft.server.rpc.timeout.max)
2023-09-07 08:52:10,192 [453fd3f5-2dd8-488f-a349-96be441c1316-groupManagement] INFO  util.JmxRegister (JmxRegister.java:tryRegister(44)) - Successfully registered JMX Bean with object name Ratis:service=RaftServer,group=group-B16DAE932054,id=453fd3f5-2dd8-488f-a349-96be441c1316
2023-09-07 08:52:10,197 [453fd3f5-2dd8-488f-a349-96be441c1316-groupManagement] INFO  server.RaftServerConfigKeys (ConfUtils.java:logGet(46)) - raft.server.snapshot.auto.trigger.enabled = true (custom)
2023-09-07 08:52:10,197 [453fd3f5-2dd8-488f-a349-96be441c1316-groupManagement] INFO  server.RaftServerConfigKeys (ConfUtils.java:logGet(46)) - raft.server.snapshot.auto.trigger.threshold = 10000 (custom)
2023-09-07 08:52:10,198 [453fd3f5-2dd8-488f-a349-96be441c1316-groupManagement] INFO  server.RaftServerConfigKeys (ConfUtils.java:logGet(46)) - raft.server.snapshot.retention.file.num = 5 (custom)
2023-09-07 08:52:10,198 [453fd3f5-2dd8-488f-a349-96be441c1316-groupManagement] INFO  server.RaftServerConfigKeys (ConfUtils.java:logGet(46)) - raft.server.log.purge.upto.snapshot.index = false (default)
2023-09-07 08:52:10,199 [PipelineCommandHandlerThread-0] INFO  ratis.XceiverServerRatis (XceiverServerRatis.java:addGroup(804)) - Created group PipelineID=f789a591-3481-45a5-8ace-b16dae932054
2023-09-07 08:52:10,199 [PipelineCommandHandlerThread-0] INFO  commandhandler.CreatePipelineCommandHandler (CreatePipelineCommandHandler.java:lambda$handle$2(124)) - Created Pipeline RATIS ONE PipelineID=f789a591-3481-45a5-8ace-b16dae932054.
2023-09-07 08:52:10,199 [PipelineCommandHandlerThread-0] INFO  server.RaftServer (RaftServerProxy.java:addNew(98)) - 453fd3f5-2dd8-488f-a349-96be441c1316: addNew group-FD8D31C87414:[ee526f6f-3d45-469e-9618-ca9792ac197c|rpc:10.1.0.48:15014|admin:10.1.0.48:15013|client:10.1.0.48:15012|dataStream:10.1.0.48:15015|priority:0|startupRole:FOLLOWER, 453fd3f5-2dd8-488f-a349-96be441c1316|rpc:10.1.0.48:15032|admin:10.1.0.48:15031|client:10.1.0.48:15030|dataStream:10.1.0.48:15033|priority:0|startupRole:FOLLOWER, 276dcdcd-15bf-4616-85f3-24cbc9cded34|rpc:10.1.0.48:15023|admin:10.1.0.48:15022|client:10.1.0.48:15021|dataStream:10.1.0.48:15024|priority:1|startupRole:FOLLOWER] returns group-FD8D31C87414:java.util.concurrent.CompletableFuture@5f50a052[Not completed]
2023-09-07 08:52:10,201 [453fd3f5-2dd8-488f-a349-96be441c1316-groupManagement] INFO  server.RaftServer$Division (RaftServerImpl.java:<init>(198)) - 453fd3f5-2dd8-488f-a349-96be441c1316: new RaftServerImpl for group-FD8D31C87414:[ee526f6f-3d45-469e-9618-ca9792ac197c|rpc:10.1.0.48:15014|admin:10.1.0.48:15013|client:10.1.0.48:15012|dataStream:10.1.0.48:15015|priority:0|startupRole:FOLLOWER, 453fd3f5-2dd8-488f-a349-96be441c1316|rpc:10.1.0.48:15032|admin:10.1.0.48:15031|client:10.1.0.48:15030|dataStream:10.1.0.48:15033|priority:0|startupRole:FOLLOWER, 276dcdcd-15bf-4616-85f3-24cbc9cded34|rpc:10.1.0.48:15023|admin:10.1.0.48:15022|client:10.1.0.48:15021|dataStream:10.1.0.48:15024|priority:1|startupRole:FOLLOWER] with ContainerStateMachine:uninitialized
2023-09-07 08:52:10,201 [453fd3f5-2dd8-488f-a349-96be441c1316-groupManagement] INFO  server.RaftServerConfigKeys (ConfUtils.java:logGet(46)) - raft.server.rpc.timeout.min = 5s (custom)
2023-09-07 08:52:10,201 [453fd3f5-2dd8-488f-a349-96be441c1316-groupManagement] INFO  server.RaftServerConfigKeys (ConfUtils.java:logGet(46)) - raft.server.rpc.timeout.max = 5200ms (custom)
2023-09-07 08:52:10,201 [453fd3f5-2dd8-488f-a349-96be441c1316-groupManagement] INFO  server.RaftServerConfigKeys (ConfUtils.java:logGet(46)) - raft.server.rpc.sleep.time = 25ms (default)
2023-09-07 08:52:10,201 [453fd3f5-2dd8-488f-a349-96be441c1316-groupManagement] INFO  server.RaftServerConfigKeys (ConfUtils.java:logGet(46)) - raft.server.rpc.slowness.timeout = 300s (custom)
2023-09-07 08:52:10,201 [453fd3f5-2dd8-488f-a349-96be441c1316-groupManagement] INFO  server.RaftServerConfigKeys (ConfUtils.java:logGet(46)) - raft.server.leaderelection.leader.step-down.wait-time = 10s (default)
2023-09-07 08:52:10,201 [453fd3f5-2dd8-488f-a349-96be441c1316-groupManagement] INFO  server.RaftServerConfigKeys (ConfUtils.java:logGet(46)) - raft.server.sleep.deviation.threshold = 300ms (default)
2023-09-07 08:52:10,202 [453fd3f5-2dd8-488f-a349-96be441c1316-groupManagement] INFO  server.RaftServer$Division (ServerState.java:<init>(120)) - 453fd3f5-2dd8-488f-a349-96be441c1316@group-FD8D31C87414: ConfigurationManager, init=-1: peers:[ee526f6f-3d45-469e-9618-ca9792ac197c|rpc:10.1.0.48:15014|admin:10.1.0.48:15013|client:10.1.0.48:15012|dataStream:10.1.0.48:15015|priority:0|startupRole:FOLLOWER, 453fd3f5-2dd8-488f-a349-96be441c1316|rpc:10.1.0.48:15032|admin:10.1.0.48:15031|client:10.1.0.48:15030|dataStream:10.1.0.48:15033|priority:0|startupRole:FOLLOWER, 276dcdcd-15bf-4616-85f3-24cbc9cded34|rpc:10.1.0.48:15023|admin:10.1.0.48:15022|client:10.1.0.48:15021|dataStream:10.1.0.48:15024|priority:1|startupRole:FOLLOWER]|listeners:[], old=null, confs=<EMPTY_MAP>
2023-09-07 08:52:10,202 [453fd3f5-2dd8-488f-a349-96be441c1316-groupManagement] INFO  server.RaftServerConfigKeys (ConfUtils.java:logGet(46)) - raft.server.storage.dir = [/home/runner/work/ozone/ozone/hadoop-ozone/integration-test/target/test-dir/MiniOzoneClusterImpl-480c9758-28d8-415f-a146-fed859d0e253/datanode-2/data/ratis] (custom)
2023-09-07 08:52:10,202 [453fd3f5-2dd8-488f-a349-96be441c1316-groupManagement] INFO  server.RaftServerConfigKeys (ConfUtils.java:logGet(46)) - raft.server.log.corruption.policy = EXCEPTION (default)
2023-09-07 08:52:10,202 [453fd3f5-2dd8-488f-a349-96be441c1316-groupManagement] INFO  server.RaftServerConfigKeys (ConfUtils.java:logGet(46)) - raft.server.storage.free-space.min = 0MB (=0) (default)
2023-09-07 08:52:10,202 [453fd3f5-2dd8-488f-a349-96be441c1316-groupManagement] INFO  server.RaftServerConfigKeys (ConfUtils.java:logGet(46)) - raft.server.notification.no-leader.timeout = 300s (custom)
2023-09-07 08:52:10,202 [453fd3f5-2dd8-488f-a349-96be441c1316-groupManagement] INFO  server.RaftServerConfigKeys (ConfUtils.java:logGet(46)) - raft.server.read.timeout = 10s (default)
2023-09-07 08:52:10,202 [453fd3f5-2dd8-488f-a349-96be441c1316-groupManagement] INFO  server.RaftServerConfigKeys (ConfUtils.java:logGet(46)) - raft.server.retrycache.expirytime = 600000ms (custom)
2023-09-07 08:52:10,202 [453fd3f5-2dd8-488f-a349-96be441c1316-groupManagement] INFO  server.RaftServerConfigKeys (ConfUtils.java:logGet(46)) - raft.server.retrycache.statistics.expirytime = 100μs (default)
2023-09-07 08:52:10,203 [453fd3f5-2dd8-488f-a349-96be441c1316-groupManagement] INFO  server.RaftServerConfigKeys (ConfUtils.java:logGet(46)) - raft.server.read.option = DEFAULT (default)
2023-09-07 08:52:10,204 [453fd3f5-2dd8-488f-a349-96be441c1316-groupManagement] INFO  server.RaftServerConfigKeys (ConfUtils.java:logGet(46)) - raft.server.rpc.request.timeout = 60s (custom)
2023-09-07 08:52:10,204 [453fd3f5-2dd8-488f-a349-96be441c1316-groupManagement] INFO  server.RaftServerConfigKeys (ConfUtils.java:logGet(46)) - raft.server.log.appender.install.snapshot.enabled = false (custom)
2023-09-07 08:52:10,204 [453fd3f5-2dd8-488f-a349-96be441c1316-groupManagement] INFO  server.RaftServerConfigKeys (ConfUtils.java:logGet(46)) - raft.server.threadpool.server.cached = true (default)
2023-09-07 08:52:10,204 [453fd3f5-2dd8-488f-a349-96be441c1316-groupManagement] INFO  server.RaftServerConfigKeys (ConfUtils.java:logGet(46)) - raft.server.threadpool.server.size = 0 (default)
2023-09-07 08:52:10,204 [453fd3f5-2dd8-488f-a349-96be441c1316-groupManagement] INFO  server.RaftServerConfigKeys (ConfUtils.java:logGet(46)) - raft.server.threadpool.client.cached = true (default)
2023-09-07 08:52:10,204 [453fd3f5-2dd8-488f-a349-96be441c1316-groupManagement] INFO  server.RaftServerConfigKeys (ConfUtils.java:logGet(46)) - raft.server.threadpool.client.size = 0 (default)
2023-09-07 08:52:10,205 [453fd3f5-2dd8-488f-a349-96be441c1316-groupManagement] INFO  storage.RaftStorageDirectory (RaftStorageDirectoryImpl.java:analyzeStorage(137)) - The storage directory /home/runner/work/ozone/ozone/hadoop-ozone/integration-test/target/test-dir/MiniOzoneClusterImpl-480c9758-28d8-415f-a146-fed859d0e253/datanode-2/data/ratis/55f15abb-f6c0-4b66-854c-fd8d31c87414 does not exist. Creating ...
2023-09-07 08:52:10,206 [453fd3f5-2dd8-488f-a349-96be441c1316-groupManagement] INFO  storage.RaftStorageDirectory (RaftStorageDirectoryImpl.java:tryLock(231)) - Lock on /home/runner/work/ozone/ozone/hadoop-ozone/integration-test/target/test-dir/MiniOzoneClusterImpl-480c9758-28d8-415f-a146-fed859d0e253/datanode-2/data/ratis/55f15abb-f6c0-4b66-854c-fd8d31c87414/in_use.lock acquired by nodename 7589@fv-az793-921
2023-09-07 08:52:10,209 [453fd3f5-2dd8-488f-a349-96be441c1316-groupManagement] INFO  storage.RaftStorage (RaftStorageImpl.java:format(96)) - Storage directory /home/runner/work/ozone/ozone/hadoop-ozone/integration-test/target/test-dir/MiniOzoneClusterImpl-480c9758-28d8-415f-a146-fed859d0e253/datanode-2/data/ratis/55f15abb-f6c0-4b66-854c-fd8d31c87414 has been successfully formatted.
2023-09-07 08:52:10,211 [453fd3f5-2dd8-488f-a349-96be441c1316-groupManagement] INFO  ratis.ContainerStateMachine (ContainerStateMachine.java:loadSnapshot(262)) - group-FD8D31C87414: The snapshot info is null. Setting the last applied indexto:(t:0, i:~)
2023-09-07 08:52:10,211 [453fd3f5-2dd8-488f-a349-96be441c1316-groupManagement] INFO  server.RaftServerConfigKeys (ConfUtils.java:logGet(46)) - raft.server.log.use.memory = false (default)
2023-09-07 08:52:10,211 [453fd3f5-2dd8-488f-a349-96be441c1316-groupManagement] INFO  server.RaftServerConfigKeys (ConfUtils.java:logGet(46)) - raft.server.log.purge.gap = 1000000 (custom)
2023-09-07 08:52:10,211 [453fd3f5-2dd8-488f-a349-96be441c1316-groupManagement] INFO  server.RaftServerConfigKeys (ConfUtils.java:logGet(46)) - raft.server.log.appender.buffer.byte-limit = 33554432 (custom)
2023-09-07 08:52:10,211 [453fd3f5-2dd8-488f-a349-96be441c1316-groupManagement] INFO  server.RaftServerConfigKeys (ConfUtils.java:logGet(46)) - raft.server.log.statemachine.data.read.timeout = 1000ms (default)
2023-09-07 08:52:10,211 [453fd3f5-2dd8-488f-a349-96be441c1316-groupManagement] INFO  server.RaftServerConfigKeys (ConfUtils.java:logGet(46)) - raft.server.log.purge.preservation.log.num = 0 (default)
2023-09-07 08:52:10,211 [453fd3f5-2dd8-488f-a349-96be441c1316-groupManagement] INFO  server.RaftServerConfigKeys (ConfUtils.java:logGet(46)) - raft.server.log.segment.size.max = 1048576 (custom)
2023-09-07 08:52:10,212 [453fd3f5-2dd8-488f-a349-96be441c1316-groupManagement] INFO  server.RaftServerConfigKeys (ConfUtils.java:logGet(46)) - raft.server.log.segment.cache.num.max = 2 (custom)
2023-09-07 08:52:10,212 [453fd3f5-2dd8-488f-a349-96be441c1316-groupManagement] INFO  server.RaftServerConfigKeys (ConfUtils.java:logGet(46)) - raft.server.log.segment.cache.size.max = 200MB (=209715200) (default)
2023-09-07 08:52:10,212 [453fd3f5-2dd8-488f-a349-96be441c1316-groupManagement] INFO  server.RaftServerConfigKeys (ConfUtils.java:logGet(46)) - raft.server.log.appender.buffer.byte-limit = 33554432 (custom)
2023-09-07 08:52:10,212 [453fd3f5-2dd8-488f-a349-96be441c1316-groupManagement] INFO  segmented.SegmentedRaftLogWorker (SegmentedRaftLogWorker.java:<init>(188)) - new 453fd3f5-2dd8-488f-a349-96be441c1316@group-FD8D31C87414-SegmentedRaftLogWorker for RaftStorageImpl:Storage Directory /home/runner/work/ozone/ozone/hadoop-ozone/integration-test/target/test-dir/MiniOzoneClusterImpl-480c9758-28d8-415f-a146-fed859d0e253/datanode-2/data/ratis/55f15abb-f6c0-4b66-854c-fd8d31c87414
2023-09-07 08:52:10,212 [453fd3f5-2dd8-488f-a349-96be441c1316-groupManagement] INFO  server.RaftServerConfigKeys (ConfUtils.java:logGet(46)) - raft.server.log.queue.byte-limit = 4294967296 (custom)
2023-09-07 08:52:10,212 [453fd3f5-2dd8-488f-a349-96be441c1316-groupManagement] INFO  server.RaftServerConfigKeys (ConfUtils.java:logGet(46)) - raft.server.log.queue.element-limit = 1024 (custom)
2023-09-07 08:52:10,213 [453fd3f5-2dd8-488f-a349-96be441c1316-groupManagement] INFO  server.RaftServerConfigKeys (ConfUtils.java:logGet(46)) - raft.server.log.segment.size.max = 1048576 (custom)
2023-09-07 08:52:10,213 [453fd3f5-2dd8-488f-a349-96be441c1316-groupManagement] INFO  server.RaftServerConfigKeys (ConfUtils.java:logGet(46)) - raft.server.log.preallocated.size = 16384 (custom)
2023-09-07 08:52:10,213 [453fd3f5-2dd8-488f-a349-96be441c1316-groupManagement] INFO  server.RaftServerConfigKeys (ConfUtils.java:logGet(46)) - raft.server.log.force.sync.num = 128 (default)
2023-09-07 08:52:10,213 [453fd3f5-2dd8-488f-a349-96be441c1316-groupManagement] INFO  server.RaftServerConfigKeys (ConfUtils.java:logGet(46)) - raft.server.log.statemachine.data.sync = true (default)
2023-09-07 08:52:10,213 [453fd3f5-2dd8-488f-a349-96be441c1316-groupManagement] INFO  server.RaftServerConfigKeys (ConfUtils.java:logGet(46)) - raft.server.log.statemachine.data.sync.timeout = 10s (default)
2023-09-07 08:52:10,213 [453fd3f5-2dd8-488f-a349-96be441c1316-groupManagement] INFO  server.RaftServerConfigKeys (ConfUtils.java:logGet(46)) - raft.server.log.statemachine.data.sync.timeout.retry = -1 (default)
2023-09-07 08:52:10,217 [EventQueue-OpenPipelineForHealthyPipelineSafeModeRule] INFO  safemode.SCMSafeModeManager (HealthyPipelineSafeModeRule.java:process(137)) - SCM in safe mode. Healthy pipelines reported count is 0, required healthy pipeline reported count is 1
2023-09-07 08:52:10,220 [453fd3f5-2dd8-488f-a349-96be441c1316-groupManagement] INFO  server.RaftServerConfigKeys (ConfUtils.java:logGet(46)) - raft.server.log.write.buffer.size = 1048576 (custom)
2023-09-07 08:52:10,227 [453fd3f5-2dd8-488f-a349-96be441c1316-groupManagement] INFO  server.RaftServerConfigKeys (ConfUtils.java:logGet(46)) - raft.server.log.appender.buffer.byte-limit = 33554432 (custom)
2023-09-07 08:52:10,235 [453fd3f5-2dd8-488f-a349-96be441c1316-groupManagement] INFO  server.RaftServerConfigKeys (ConfUtils.java:logGet(46)) - raft.server.log.unsafe-flush.enabled = false (default)
2023-09-07 08:52:10,240 [453fd3f5-2dd8-488f-a349-96be441c1316-groupManagement] INFO  server.RaftServerConfigKeys (ConfUtils.java:logGet(46)) - raft.server.log.async-flush.enabled = false (default)
2023-09-07 08:52:10,240 [453fd3f5-2dd8-488f-a349-96be441c1316-groupManagement] INFO  server.RaftServerConfigKeys (ConfUtils.java:logGet(46)) - raft.server.log.statemachine.data.caching.enabled = true (custom)
2023-09-07 08:52:10,240 [453fd3f5-2dd8-488f-a349-96be441c1316-groupManagement] INFO  segmented.SegmentedRaftLogWorker (SegmentedRaftLogWorker.java:lambda$new$0(135)) - 453fd3f5-2dd8-488f-a349-96be441c1316@group-FD8D31C87414-SegmentedRaftLogWorker: flushIndex: setUnconditionally 0 -> -1
2023-09-07 08:52:10,240 [453fd3f5-2dd8-488f-a349-96be441c1316-groupManagement] INFO  segmented.SegmentedRaftLogWorker (SegmentedRaftLogWorker.java:lambda$new$0(135)) - 453fd3f5-2dd8-488f-a349-96be441c1316@group-FD8D31C87414-SegmentedRaftLogWorker: safeCacheEvictIndex: setUnconditionally 0 -> -1
2023-09-07 08:52:10,241 [453fd3f5-2dd8-488f-a349-96be441c1316-groupManagement] INFO  server.RaftServer$Division (RaftServerImpl.java:start(342)) - 453fd3f5-2dd8-488f-a349-96be441c1316@group-FD8D31C87414: start as a follower, conf=-1: peers:[ee526f6f-3d45-469e-9618-ca9792ac197c|rpc:10.1.0.48:15014|admin:10.1.0.48:15013|client:10.1.0.48:15012|dataStream:10.1.0.48:15015|priority:0|startupRole:FOLLOWER, 453fd3f5-2dd8-488f-a349-96be441c1316|rpc:10.1.0.48:15032|admin:10.1.0.48:15031|client:10.1.0.48:15030|dataStream:10.1.0.48:15033|priority:0|startupRole:FOLLOWER, 276dcdcd-15bf-4616-85f3-24cbc9cded34|rpc:10.1.0.48:15023|admin:10.1.0.48:15022|client:10.1.0.48:15021|dataStream:10.1.0.48:15024|priority:1|startupRole:FOLLOWER]|listeners:[], old=null
2023-09-07 08:52:10,241 [453fd3f5-2dd8-488f-a349-96be441c1316-groupManagement] INFO  server.RaftServer$Division (RaftServerImpl.java:setRole(329)) - 453fd3f5-2dd8-488f-a349-96be441c1316@group-FD8D31C87414: changes role from      null to FOLLOWER at term 0 for startAsFollower
2023-09-07 08:52:10,241 [453fd3f5-2dd8-488f-a349-96be441c1316-groupManagement] INFO  impl.RoleInfo (RoleInfo.java:updateAndGet(139)) - 453fd3f5-2dd8-488f-a349-96be441c1316: start 453fd3f5-2dd8-488f-a349-96be441c1316@group-FD8D31C87414-FollowerState
2023-09-07 08:52:10,245 [453fd3f5-2dd8-488f-a349-96be441c1316-groupManagement] INFO  util.JmxRegister (JmxRegister.java:tryRegister(44)) - Successfully registered JMX Bean with object name Ratis:service=RaftServer,group=group-FD8D31C87414,id=453fd3f5-2dd8-488f-a349-96be441c1316
2023-09-07 08:52:10,245 [453fd3f5-2dd8-488f-a349-96be441c1316-groupManagement] INFO  server.RaftServerConfigKeys (ConfUtils.java:logGet(46)) - raft.server.snapshot.auto.trigger.enabled = true (custom)
2023-09-07 08:52:10,246 [453fd3f5-2dd8-488f-a349-96be441c1316-groupManagement] INFO  server.RaftServerConfigKeys (ConfUtils.java:logGet(46)) - raft.server.snapshot.auto.trigger.threshold = 10000 (custom)
2023-09-07 08:52:10,246 [453fd3f5-2dd8-488f-a349-96be441c1316-groupManagement] INFO  server.RaftServerConfigKeys (ConfUtils.java:logGet(46)) - raft.server.snapshot.retention.file.num = 5 (custom)
2023-09-07 08:52:10,246 [453fd3f5-2dd8-488f-a349-96be441c1316-groupManagement] INFO  server.RaftServerConfigKeys (ConfUtils.java:logGet(46)) - raft.server.log.purge.upto.snapshot.index = false (default)
2023-09-07 08:52:10,247 [453fd3f5-2dd8-488f-a349-96be441c1316@group-FD8D31C87414-FollowerState] INFO  server.RaftServerConfigKeys (ConfUtils.java:logFallback(53)) - raft.server.rpc.first-election.timeout.min = 5s (fallback to raft.server.rpc.timeout.min)
2023-09-07 08:52:10,257 [PipelineCommandHandlerThread-0] INFO  ratis.XceiverServerRatis (XceiverServerRatis.java:addGroup(804)) - Created group PipelineID=55f15abb-f6c0-4b66-854c-fd8d31c87414
2023-09-07 08:52:10,266 [453fd3f5-2dd8-488f-a349-96be441c1316@group-FD8D31C87414-FollowerState] INFO  server.RaftServerConfigKeys (ConfUtils.java:logFallback(53)) - raft.server.rpc.first-election.timeout.max = 5200ms (fallback to raft.server.rpc.timeout.max)
2023-09-07 08:52:10,298 [PipelineCommandHandlerThread-0] INFO  commandhandler.CreatePipelineCommandHandler (CreatePipelineCommandHandler.java:lambda$handle$2(124)) - Created Pipeline RATIS THREE PipelineID=267c773c-6e74-4f30-8eb7-109ec14dcc46.
2023-09-07 08:52:10,299 [PipelineCommandHandlerThread-0] INFO  server.RaftServer (RaftServerProxy.java:addNew(98)) - 276dcdcd-15bf-4616-85f3-24cbc9cded34: addNew group-FD8D31C87414:[ee526f6f-3d45-469e-9618-ca9792ac197c|rpc:10.1.0.48:15014|admin:10.1.0.48:15013|client:10.1.0.48:15012|dataStream:10.1.0.48:15015|priority:0|startupRole:FOLLOWER, 453fd3f5-2dd8-488f-a349-96be441c1316|rpc:10.1.0.48:15032|admin:10.1.0.48:15031|client:10.1.0.48:15030|dataStream:10.1.0.48:15033|priority:0|startupRole:FOLLOWER, 276dcdcd-15bf-4616-85f3-24cbc9cded34|rpc:10.1.0.48:15023|admin:10.1.0.48:15022|client:10.1.0.48:15021|dataStream:10.1.0.48:15024|priority:1|startupRole:FOLLOWER] returns group-FD8D31C87414:java.util.concurrent.CompletableFuture@3aa458fd[Not completed]
2023-09-07 08:52:10,300 [276dcdcd-15bf-4616-85f3-24cbc9cded34-groupManagement] INFO  server.RaftServer$Division (RaftServerImpl.java:<init>(198)) - 276dcdcd-15bf-4616-85f3-24cbc9cded34: new RaftServerImpl for group-FD8D31C87414:[ee526f6f-3d45-469e-9618-ca9792ac197c|rpc:10.1.0.48:15014|admin:10.1.0.48:15013|client:10.1.0.48:15012|dataStream:10.1.0.48:15015|priority:0|startupRole:FOLLOWER, 453fd3f5-2dd8-488f-a349-96be441c1316|rpc:10.1.0.48:15032|admin:10.1.0.48:15031|client:10.1.0.48:15030|dataStream:10.1.0.48:15033|priority:0|startupRole:FOLLOWER, 276dcdcd-15bf-4616-85f3-24cbc9cded34|rpc:10.1.0.48:15023|admin:10.1.0.48:15022|client:10.1.0.48:15021|dataStream:10.1.0.48:15024|priority:1|startupRole:FOLLOWER] with ContainerStateMachine:uninitialized
2023-09-07 08:52:10,300 [276dcdcd-15bf-4616-85f3-24cbc9cded34-groupManagement] INFO  server.RaftServerConfigKeys (ConfUtils.java:logGet(46)) - raft.server.rpc.timeout.min = 5s (custom)
2023-09-07 08:52:10,301 [276dcdcd-15bf-4616-85f3-24cbc9cded34-groupManagement] INFO  server.RaftServerConfigKeys (ConfUtils.java:logGet(46)) - raft.server.rpc.timeout.max = 5200ms (custom)
2023-09-07 08:52:10,301 [276dcdcd-15bf-4616-85f3-24cbc9cded34-groupManagement] INFO  server.RaftServerConfigKeys (ConfUtils.java:logGet(46)) - raft.server.rpc.sleep.time = 25ms (default)
2023-09-07 08:52:10,301 [276dcdcd-15bf-4616-85f3-24cbc9cded34-groupManagement] INFO  server.RaftServerConfigKeys (ConfUtils.java:logGet(46)) - raft.server.rpc.slowness.timeout = 300s (custom)
2023-09-07 08:52:10,301 [276dcdcd-15bf-4616-85f3-24cbc9cded34-groupManagement] INFO  server.RaftServerConfigKeys (ConfUtils.java:logGet(46)) - raft.server.leaderelection.leader.step-down.wait-time = 10s (default)
2023-09-07 08:52:10,301 [276dcdcd-15bf-4616-85f3-24cbc9cded34-groupManagement] INFO  server.RaftServerConfigKeys (ConfUtils.java:logGet(46)) - raft.server.sleep.deviation.threshold = 300ms (default)
2023-09-07 08:52:10,301 [276dcdcd-15bf-4616-85f3-24cbc9cded34-groupManagement] INFO  server.RaftServer$Division (ServerState.java:<init>(120)) - 276dcdcd-15bf-4616-85f3-24cbc9cded34@group-FD8D31C87414: ConfigurationManager, init=-1: peers:[ee526f6f-3d45-469e-9618-ca9792ac197c|rpc:10.1.0.48:15014|admin:10.1.0.48:15013|client:10.1.0.48:15012|dataStream:10.1.0.48:15015|priority:0|startupRole:FOLLOWER, 453fd3f5-2dd8-488f-a349-96be441c1316|rpc:10.1.0.48:15032|admin:10.1.0.48:15031|client:10.1.0.48:15030|dataStream:10.1.0.48:15033|priority:0|startupRole:FOLLOWER, 276dcdcd-15bf-4616-85f3-24cbc9cded34|rpc:10.1.0.48:15023|admin:10.1.0.48:15022|client:10.1.0.48:15021|dataStream:10.1.0.48:15024|priority:1|startupRole:FOLLOWER]|listeners:[], old=null, confs=<EMPTY_MAP>
2023-09-07 08:52:10,301 [276dcdcd-15bf-4616-85f3-24cbc9cded34-groupManagement] INFO  server.RaftServerConfigKeys (ConfUtils.java:logGet(46)) - raft.server.storage.dir = [/home/runner/work/ozone/ozone/hadoop-ozone/integration-test/target/test-dir/MiniOzoneClusterImpl-480c9758-28d8-415f-a146-fed859d0e253/datanode-1/data/ratis] (custom)
2023-09-07 08:52:10,301 [276dcdcd-15bf-4616-85f3-24cbc9cded34-groupManagement] INFO  server.RaftServerConfigKeys (ConfUtils.java:logGet(46)) - raft.server.log.corruption.policy = EXCEPTION (default)
2023-09-07 08:52:10,302 [276dcdcd-15bf-4616-85f3-24cbc9cded34-groupManagement] INFO  server.RaftServerConfigKeys (ConfUtils.java:logGet(46)) - raft.server.storage.free-space.min = 0MB (=0) (default)
2023-09-07 08:52:10,302 [276dcdcd-15bf-4616-85f3-24cbc9cded34-groupManagement] INFO  server.RaftServerConfigKeys (ConfUtils.java:logGet(46)) - raft.server.notification.no-leader.timeout = 300s (custom)
2023-09-07 08:52:10,302 [276dcdcd-15bf-4616-85f3-24cbc9cded34-groupManagement] INFO  server.RaftServerConfigKeys (ConfUtils.java:logGet(46)) - raft.server.read.timeout = 10s (default)
2023-09-07 08:52:10,302 [276dcdcd-15bf-4616-85f3-24cbc9cded34-groupManagement] INFO  server.RaftServerConfigKeys (ConfUtils.java:logGet(46)) - raft.server.retrycache.expirytime = 600000ms (custom)
2023-09-07 08:52:10,302 [276dcdcd-15bf-4616-85f3-24cbc9cded34-groupManagement] INFO  server.RaftServerConfigKeys (ConfUtils.java:logGet(46)) - raft.server.retrycache.statistics.expirytime = 100μs (default)
2023-09-07 08:52:10,302 [276dcdcd-15bf-4616-85f3-24cbc9cded34-groupManagement] INFO  server.RaftServerConfigKeys (ConfUtils.java:logGet(46)) - raft.server.read.option = DEFAULT (default)
2023-09-07 08:52:10,304 [PipelineCommandHandlerThread-0] INFO  server.RaftServer (RaftServerProxy.java:addNew(98)) - 7027ac8d-bbe4-4820-bd68-7a29676b00c5: addNew group-7CCF03DE7091:[7027ac8d-bbe4-4820-bd68-7a29676b00c5|rpc:10.1.0.48:15041|admin:10.1.0.48:15040|client:10.1.0.48:15039|dataStream:10.1.0.48:15042|priority:1|startupRole:FOLLOWER] returns group-7CCF03DE7091:java.util.concurrent.CompletableFuture@450ea962[Not completed]
2023-09-07 08:52:10,310 [7027ac8d-bbe4-4820-bd68-7a29676b00c5-groupManagement] INFO  server.RaftServer$Division (RaftServerImpl.java:<init>(198)) - 7027ac8d-bbe4-4820-bd68-7a29676b00c5: new RaftServerImpl for group-7CCF03DE7091:[7027ac8d-bbe4-4820-bd68-7a29676b00c5|rpc:10.1.0.48:15041|admin:10.1.0.48:15040|client:10.1.0.48:15039|dataStream:10.1.0.48:15042|priority:1|startupRole:FOLLOWER] with ContainerStateMachine:uninitialized
2023-09-07 08:52:10,319 [7027ac8d-bbe4-4820-bd68-7a29676b00c5-groupManagement] INFO  server.RaftServerConfigKeys (ConfUtils.java:logGet(46)) - raft.server.rpc.timeout.min = 5s (custom)
2023-09-07 08:52:10,319 [7027ac8d-bbe4-4820-bd68-7a29676b00c5-groupManagement] INFO  server.RaftServerConfigKeys (ConfUtils.java:logGet(46)) - raft.server.rpc.timeout.max = 5200ms (custom)
2023-09-07 08:52:10,320 [7027ac8d-bbe4-4820-bd68-7a29676b00c5-groupManagement] INFO  server.RaftServerConfigKeys (ConfUtils.java:logGet(46)) - raft.server.rpc.sleep.time = 25ms (default)
2023-09-07 08:52:10,320 [7027ac8d-bbe4-4820-bd68-7a29676b00c5-groupManagement] INFO  server.RaftServerConfigKeys (ConfUtils.java:logGet(46)) - raft.server.rpc.slowness.timeout = 300s (custom)
2023-09-07 08:52:10,320 [7027ac8d-bbe4-4820-bd68-7a29676b00c5-groupManagement] INFO  server.RaftServerConfigKeys (ConfUtils.java:logGet(46)) - raft.server.leaderelection.leader.step-down.wait-time = 10s (default)
2023-09-07 08:52:10,320 [7027ac8d-bbe4-4820-bd68-7a29676b00c5-groupManagement] INFO  server.RaftServerConfigKeys (ConfUtils.java:logGet(46)) - raft.server.sleep.deviation.threshold = 300ms (default)
2023-09-07 08:52:10,320 [7027ac8d-bbe4-4820-bd68-7a29676b00c5-groupManagement] INFO  server.RaftServer$Division (ServerState.java:<init>(120)) - 7027ac8d-bbe4-4820-bd68-7a29676b00c5@group-7CCF03DE7091: ConfigurationManager, init=-1: peers:[7027ac8d-bbe4-4820-bd68-7a29676b00c5|rpc:10.1.0.48:15041|admin:10.1.0.48:15040|client:10.1.0.48:15039|dataStream:10.1.0.48:15042|priority:1|startupRole:FOLLOWER]|listeners:[], old=null, confs=<EMPTY_MAP>
2023-09-07 08:52:10,320 [7027ac8d-bbe4-4820-bd68-7a29676b00c5-groupManagement] INFO  server.RaftServerConfigKeys (ConfUtils.java:logGet(46)) - raft.server.storage.dir = [/home/runner/work/ozone/ozone/hadoop-ozone/integration-test/target/test-dir/MiniOzoneClusterImpl-480c9758-28d8-415f-a146-fed859d0e253/datanode-3/data/ratis] (custom)
2023-09-07 08:52:10,304 [276dcdcd-15bf-4616-85f3-24cbc9cded34-groupManagement] INFO  server.RaftServerConfigKeys (ConfUtils.java:logGet(46)) - raft.server.rpc.request.timeout = 60s (custom)
2023-09-07 08:52:10,320 [276dcdcd-15bf-4616-85f3-24cbc9cded34-groupManagement] INFO  server.RaftServerConfigKeys (ConfUtils.java:logGet(46)) - raft.server.log.appender.install.snapshot.enabled = false (custom)
2023-09-07 08:52:10,320 [276dcdcd-15bf-4616-85f3-24cbc9cded34-groupManagement] INFO  server.RaftServerConfigKeys (ConfUtils.java:logGet(46)) - raft.server.threadpool.server.cached = true (default)
2023-09-07 08:52:10,320 [276dcdcd-15bf-4616-85f3-24cbc9cded34-groupManagement] INFO  server.RaftServerConfigKeys (ConfUtils.java:logGet(46)) - raft.server.threadpool.server.size = 0 (default)
2023-09-07 08:52:10,320 [276dcdcd-15bf-4616-85f3-24cbc9cded34-groupManagement] INFO  server.RaftServerConfigKeys (ConfUtils.java:logGet(46)) - raft.server.threadpool.client.cached = true (default)
2023-09-07 08:52:10,320 [276dcdcd-15bf-4616-85f3-24cbc9cded34-groupManagement] INFO  server.RaftServerConfigKeys (ConfUtils.java:logGet(46)) - raft.server.threadpool.client.size = 0 (default)
2023-09-07 08:52:10,321 [276dcdcd-15bf-4616-85f3-24cbc9cded34-groupManagement] INFO  storage.RaftStorageDirectory (RaftStorageDirectoryImpl.java:analyzeStorage(137)) - The storage directory /home/runner/work/ozone/ozone/hadoop-ozone/integration-test/target/test-dir/MiniOzoneClusterImpl-480c9758-28d8-415f-a146-fed859d0e253/datanode-1/data/ratis/55f15abb-f6c0-4b66-854c-fd8d31c87414 does not exist. Creating ...
2023-09-07 08:52:10,322 [7027ac8d-bbe4-4820-bd68-7a29676b00c5-groupManagement] INFO  server.RaftServerConfigKeys (ConfUtils.java:logGet(46)) - raft.server.log.corruption.policy = EXCEPTION (default)
2023-09-07 08:52:10,322 [7027ac8d-bbe4-4820-bd68-7a29676b00c5-groupManagement] INFO  server.RaftServerConfigKeys (ConfUtils.java:logGet(46)) - raft.server.storage.free-space.min = 0MB (=0) (default)
2023-09-07 08:52:10,322 [7027ac8d-bbe4-4820-bd68-7a29676b00c5-groupManagement] INFO  server.RaftServerConfigKeys (ConfUtils.java:logGet(46)) - raft.server.notification.no-leader.timeout = 300s (custom)
2023-09-07 08:52:10,322 [7027ac8d-bbe4-4820-bd68-7a29676b00c5-groupManagement] INFO  server.RaftServerConfigKeys (ConfUtils.java:logGet(46)) - raft.server.read.timeout = 10s (default)
2023-09-07 08:52:10,322 [7027ac8d-bbe4-4820-bd68-7a29676b00c5-groupManagement] INFO  server.RaftServerConfigKeys (ConfUtils.java:logGet(46)) - raft.server.retrycache.expirytime = 600000ms (custom)
2023-09-07 08:52:10,322 [7027ac8d-bbe4-4820-bd68-7a29676b00c5-groupManagement] INFO  server.RaftServerConfigKeys (ConfUtils.java:logGet(46)) - raft.server.retrycache.statistics.expirytime = 100μs (default)
2023-09-07 08:52:10,323 [7027ac8d-bbe4-4820-bd68-7a29676b00c5-groupManagement] INFO  server.RaftServerConfigKeys (ConfUtils.java:logGet(46)) - raft.server.read.option = DEFAULT (default)
2023-09-07 08:52:10,323 [276dcdcd-15bf-4616-85f3-24cbc9cded34-groupManagement] INFO  storage.RaftStorageDirectory (RaftStorageDirectoryImpl.java:tryLock(231)) - Lock on /home/runner/work/ozone/ozone/hadoop-ozone/integration-test/target/test-dir/MiniOzoneClusterImpl-480c9758-28d8-415f-a146-fed859d0e253/datanode-1/data/ratis/55f15abb-f6c0-4b66-854c-fd8d31c87414/in_use.lock acquired by nodename 7589@fv-az793-921
2023-09-07 08:52:10,325 [276dcdcd-15bf-4616-85f3-24cbc9cded34-groupManagement] INFO  storage.RaftStorage (RaftStorageImpl.java:format(96)) - Storage directory /home/runner/work/ozone/ozone/hadoop-ozone/integration-test/target/test-dir/MiniOzoneClusterImpl-480c9758-28d8-415f-a146-fed859d0e253/datanode-1/data/ratis/55f15abb-f6c0-4b66-854c-fd8d31c87414 has been successfully formatted.
2023-09-07 08:52:10,326 [276dcdcd-15bf-4616-85f3-24cbc9cded34-groupManagement] INFO  ratis.ContainerStateMachine (ContainerStateMachine.java:loadSnapshot(262)) - group-FD8D31C87414: The snapshot info is null. Setting the last applied indexto:(t:0, i:~)
2023-09-07 08:52:10,326 [276dcdcd-15bf-4616-85f3-24cbc9cded34-groupManagement] INFO  server.RaftServerConfigKeys (ConfUtils.java:logGet(46)) - raft.server.log.use.memory = false (default)
2023-09-07 08:52:10,328 [276dcdcd-15bf-4616-85f3-24cbc9cded34-groupManagement] INFO  server.RaftServerConfigKeys (ConfUtils.java:logGet(46)) - raft.server.log.purge.gap = 1000000 (custom)
2023-09-07 08:52:10,328 [276dcdcd-15bf-4616-85f3-24cbc9cded34-groupManagement] INFO  server.RaftServerConfigKeys (ConfUtils.java:logGet(46)) - raft.server.log.appender.buffer.byte-limit = 33554432 (custom)
2023-09-07 08:52:10,328 [276dcdcd-15bf-4616-85f3-24cbc9cded34-groupManagement] INFO  server.RaftServerConfigKeys (ConfUtils.java:logGet(46)) - raft.server.log.statemachine.data.read.timeout = 1000ms (default)
2023-09-07 08:52:10,328 [276dcdcd-15bf-4616-85f3-24cbc9cded34-groupManagement] INFO  server.RaftServerConfigKeys (ConfUtils.java:logGet(46)) - raft.server.log.purge.preservation.log.num = 0 (default)
2023-09-07 08:52:10,329 [276dcdcd-15bf-4616-85f3-24cbc9cded34-groupManagement] INFO  server.RaftServerConfigKeys (ConfUtils.java:logGet(46)) - raft.server.log.segment.size.max = 1048576 (custom)
2023-09-07 08:52:10,329 [276dcdcd-15bf-4616-85f3-24cbc9cded34-groupManagement] INFO  server.RaftServerConfigKeys (ConfUtils.java:logGet(46)) - raft.server.log.segment.cache.num.max = 2 (custom)
2023-09-07 08:52:10,329 [276dcdcd-15bf-4616-85f3-24cbc9cded34-groupManagement] INFO  server.RaftServerConfigKeys (ConfUtils.java:logGet(46)) - raft.server.log.segment.cache.size.max = 200MB (=209715200) (default)
2023-09-07 08:52:10,332 [276dcdcd-15bf-4616-85f3-24cbc9cded34-groupManagement] INFO  server.RaftServerConfigKeys (ConfUtils.java:logGet(46)) - raft.server.log.appender.buffer.byte-limit = 33554432 (custom)
2023-09-07 08:52:10,333 [276dcdcd-15bf-4616-85f3-24cbc9cded34-groupManagement] INFO  segmented.SegmentedRaftLogWorker (SegmentedRaftLogWorker.java:<init>(188)) - new 276dcdcd-15bf-4616-85f3-24cbc9cded34@group-FD8D31C87414-SegmentedRaftLogWorker for RaftStorageImpl:Storage Directory /home/runner/work/ozone/ozone/hadoop-ozone/integration-test/target/test-dir/MiniOzoneClusterImpl-480c9758-28d8-415f-a146-fed859d0e253/datanode-1/data/ratis/55f15abb-f6c0-4b66-854c-fd8d31c87414
2023-09-07 08:52:10,333 [276dcdcd-15bf-4616-85f3-24cbc9cded34-groupManagement] INFO  server.RaftServerConfigKeys (ConfUtils.java:logGet(46)) - raft.server.log.queue.byte-limit = 4294967296 (custom)
2023-09-07 08:52:10,333 [276dcdcd-15bf-4616-85f3-24cbc9cded34-groupManagement] INFO  server.RaftServerConfigKeys (ConfUtils.java:logGet(46)) - raft.server.log.queue.element-limit = 1024 (custom)
2023-09-07 08:52:10,333 [276dcdcd-15bf-4616-85f3-24cbc9cded34-groupManagement] INFO  server.RaftServerConfigKeys (ConfUtils.java:logGet(46)) - raft.server.log.segment.size.max = 1048576 (custom)
2023-09-07 08:52:10,333 [276dcdcd-15bf-4616-85f3-24cbc9cded34-groupManagement] INFO  server.RaftServerConfigKeys (ConfUtils.java:logGet(46)) - raft.server.log.preallocated.size = 16384 (custom)
2023-09-07 08:52:10,333 [276dcdcd-15bf-4616-85f3-24cbc9cded34-groupManagement] INFO  server.RaftServerConfigKeys (ConfUtils.java:logGet(46)) - raft.server.log.force.sync.num = 128 (default)
2023-09-07 08:52:10,333 [276dcdcd-15bf-4616-85f3-24cbc9cded34-groupManagement] INFO  server.RaftServerConfigKeys (ConfUtils.java:logGet(46)) - raft.server.log.statemachine.data.sync = true (default)
2023-09-07 08:52:10,336 [276dcdcd-15bf-4616-85f3-24cbc9cded34-groupManagement] INFO  server.RaftServerConfigKeys (ConfUtils.java:logGet(46)) - raft.server.log.statemachine.data.sync.timeout = 10s (default)
2023-09-07 08:52:10,336 [276dcdcd-15bf-4616-85f3-24cbc9cded34-groupManagement] INFO  server.RaftServerConfigKeys (ConfUtils.java:logGet(46)) - raft.server.log.statemachine.data.sync.timeout.retry = -1 (default)
2023-09-07 08:52:10,336 [EventQueue-OpenPipelineForHealthyPipelineSafeModeRule] INFO  safemode.SCMSafeModeManager (HealthyPipelineSafeModeRule.java:process(137)) - SCM in safe mode. Healthy pipelines reported count is 0, required healthy pipeline reported count is 1
2023-09-07 08:52:10,333 [7027ac8d-bbe4-4820-bd68-7a29676b00c5-groupManagement] INFO  server.RaftServerConfigKeys (ConfUtils.java:logGet(46)) - raft.server.rpc.request.timeout = 60s (custom)
2023-09-07 08:52:10,337 [7027ac8d-bbe4-4820-bd68-7a29676b00c5-groupManagement] INFO  server.RaftServerConfigKeys (ConfUtils.java:logGet(46)) - raft.server.log.appender.install.snapshot.enabled = false (custom)
2023-09-07 08:52:10,337 [7027ac8d-bbe4-4820-bd68-7a29676b00c5-groupManagement] INFO  server.RaftServerConfigKeys (ConfUtils.java:logGet(46)) - raft.server.threadpool.server.cached = true (default)
2023-09-07 08:52:10,337 [7027ac8d-bbe4-4820-bd68-7a29676b00c5-groupManagement] INFO  server.RaftServerConfigKeys (ConfUtils.java:logGet(46)) - raft.server.threadpool.server.size = 0 (default)
2023-09-07 08:52:10,337 [7027ac8d-bbe4-4820-bd68-7a29676b00c5-groupManagement] INFO  server.RaftServerConfigKeys (ConfUtils.java:logGet(46)) - raft.server.threadpool.client.cached = true (default)
2023-09-07 08:52:10,337 [7027ac8d-bbe4-4820-bd68-7a29676b00c5-groupManagement] INFO  server.RaftServerConfigKeys (ConfUtils.java:logGet(46)) - raft.server.threadpool.client.size = 0 (default)
2023-09-07 08:52:10,338 [7027ac8d-bbe4-4820-bd68-7a29676b00c5-groupManagement] INFO  storage.RaftStorageDirectory (RaftStorageDirectoryImpl.java:analyzeStorage(137)) - The storage directory /home/runner/work/ozone/ozone/hadoop-ozone/integration-test/target/test-dir/MiniOzoneClusterImpl-480c9758-28d8-415f-a146-fed859d0e253/datanode-3/data/ratis/064beb9c-7ae4-4cbc-8f6c-7ccf03de7091 does not exist. Creating ...
2023-09-07 08:52:10,339 [7027ac8d-bbe4-4820-bd68-7a29676b00c5-groupManagement] INFO  storage.RaftStorageDirectory (RaftStorageDirectoryImpl.java:tryLock(231)) - Lock on /home/runner/work/ozone/ozone/hadoop-ozone/integration-test/target/test-dir/MiniOzoneClusterImpl-480c9758-28d8-415f-a146-fed859d0e253/datanode-3/data/ratis/064beb9c-7ae4-4cbc-8f6c-7ccf03de7091/in_use.lock acquired by nodename 7589@fv-az793-921
2023-09-07 08:52:10,347 [7027ac8d-bbe4-4820-bd68-7a29676b00c5-groupManagement] INFO  storage.RaftStorage (RaftStorageImpl.java:format(96)) - Storage directory /home/runner/work/ozone/ozone/hadoop-ozone/integration-test/target/test-dir/MiniOzoneClusterImpl-480c9758-28d8-415f-a146-fed859d0e253/datanode-3/data/ratis/064beb9c-7ae4-4cbc-8f6c-7ccf03de7091 has been successfully formatted.
2023-09-07 08:52:10,348 [276dcdcd-15bf-4616-85f3-24cbc9cded34-groupManagement] INFO  server.RaftServerConfigKeys (ConfUtils.java:logGet(46)) - raft.server.log.write.buffer.size = 1048576 (custom)
2023-09-07 08:52:10,348 [276dcdcd-15bf-4616-85f3-24cbc9cded34-groupManagement] INFO  server.RaftServerConfigKeys (ConfUtils.java:logGet(46)) - raft.server.log.appender.buffer.byte-limit = 33554432 (custom)
2023-09-07 08:52:10,362 [7027ac8d-bbe4-4820-bd68-7a29676b00c5-groupManagement] INFO  ratis.ContainerStateMachine (ContainerStateMachine.java:loadSnapshot(262)) - group-7CCF03DE7091: The snapshot info is null. Setting the last applied indexto:(t:0, i:~)
2023-09-07 08:52:10,362 [7027ac8d-bbe4-4820-bd68-7a29676b00c5-groupManagement] INFO  server.RaftServerConfigKeys (ConfUtils.java:logGet(46)) - raft.server.log.use.memory = false (default)
2023-09-07 08:52:10,362 [7027ac8d-bbe4-4820-bd68-7a29676b00c5-groupManagement] INFO  server.RaftServerConfigKeys (ConfUtils.java:logGet(46)) - raft.server.log.purge.gap = 1000000 (custom)
2023-09-07 08:52:10,362 [7027ac8d-bbe4-4820-bd68-7a29676b00c5-groupManagement] INFO  server.RaftServerConfigKeys (ConfUtils.java:logGet(46)) - raft.server.log.appender.buffer.byte-limit = 33554432 (custom)
2023-09-07 08:52:10,362 [7027ac8d-bbe4-4820-bd68-7a29676b00c5-groupManagement] INFO  server.RaftServerConfigKeys (ConfUtils.java:logGet(46)) - raft.server.log.statemachine.data.read.timeout = 1000ms (default)
2023-09-07 08:52:10,362 [7027ac8d-bbe4-4820-bd68-7a29676b00c5-groupManagement] INFO  server.RaftServerConfigKeys (ConfUtils.java:logGet(46)) - raft.server.log.purge.preservation.log.num = 0 (default)
2023-09-07 08:52:10,363 [7027ac8d-bbe4-4820-bd68-7a29676b00c5-groupManagement] INFO  server.RaftServerConfigKeys (ConfUtils.java:logGet(46)) - raft.server.log.segment.size.max = 1048576 (custom)
2023-09-07 08:52:10,363 [7027ac8d-bbe4-4820-bd68-7a29676b00c5-groupManagement] INFO  server.RaftServerConfigKeys (ConfUtils.java:logGet(46)) - raft.server.log.segment.cache.num.max = 2 (custom)
2023-09-07 08:52:10,363 [7027ac8d-bbe4-4820-bd68-7a29676b00c5-groupManagement] INFO  server.RaftServerConfigKeys (ConfUtils.java:logGet(46)) - raft.server.log.segment.cache.size.max = 200MB (=209715200) (default)
2023-09-07 08:52:10,363 [7027ac8d-bbe4-4820-bd68-7a29676b00c5-groupManagement] INFO  server.RaftServerConfigKeys (ConfUtils.java:logGet(46)) - raft.server.log.appender.buffer.byte-limit = 33554432 (custom)
2023-09-07 08:52:10,363 [7027ac8d-bbe4-4820-bd68-7a29676b00c5-groupManagement] INFO  segmented.SegmentedRaftLogWorker (SegmentedRaftLogWorker.java:<init>(188)) - new 7027ac8d-bbe4-4820-bd68-7a29676b00c5@group-7CCF03DE7091-SegmentedRaftLogWorker for RaftStorageImpl:Storage Directory /home/runner/work/ozone/ozone/hadoop-ozone/integration-test/target/test-dir/MiniOzoneClusterImpl-480c9758-28d8-415f-a146-fed859d0e253/datanode-3/data/ratis/064beb9c-7ae4-4cbc-8f6c-7ccf03de7091
2023-09-07 08:52:10,363 [7027ac8d-bbe4-4820-bd68-7a29676b00c5-groupManagement] INFO  server.RaftServerConfigKeys (ConfUtils.java:logGet(46)) - raft.server.log.queue.byte-limit = 4294967296 (custom)
2023-09-07 08:52:10,364 [7027ac8d-bbe4-4820-bd68-7a29676b00c5-groupManagement] INFO  server.RaftServerConfigKeys (ConfUtils.java:logGet(46)) - raft.server.log.queue.element-limit = 1024 (custom)
2023-09-07 08:52:10,364 [7027ac8d-bbe4-4820-bd68-7a29676b00c5-groupManagement] INFO  server.RaftServerConfigKeys (ConfUtils.java:logGet(46)) - raft.server.log.segment.size.max = 1048576 (custom)
2023-09-07 08:52:10,364 [7027ac8d-bbe4-4820-bd68-7a29676b00c5-groupManagement] INFO  server.RaftServerConfigKeys (ConfUtils.java:logGet(46)) - raft.server.log.preallocated.size = 16384 (custom)
2023-09-07 08:52:10,364 [7027ac8d-bbe4-4820-bd68-7a29676b00c5-groupManagement] INFO  server.RaftServerConfigKeys (ConfUtils.java:logGet(46)) - raft.server.log.force.sync.num = 128 (default)
2023-09-07 08:52:10,364 [7027ac8d-bbe4-4820-bd68-7a29676b00c5-groupManagement] INFO  server.RaftServerConfigKeys (ConfUtils.java:logGet(46)) - raft.server.log.statemachine.data.sync = true (default)
2023-09-07 08:52:10,364 [7027ac8d-bbe4-4820-bd68-7a29676b00c5-groupManagement] INFO  server.RaftServerConfigKeys (ConfUtils.java:logGet(46)) - raft.server.log.statemachine.data.sync.timeout = 10s (default)
2023-09-07 08:52:10,364 [7027ac8d-bbe4-4820-bd68-7a29676b00c5-groupManagement] INFO  server.RaftServerConfigKeys (ConfUtils.java:logGet(46)) - raft.server.log.statemachine.data.sync.timeout.retry = -1 (default)
2023-09-07 08:52:10,365 [7027ac8d-bbe4-4820-bd68-7a29676b00c5-groupManagement] INFO  server.RaftServerConfigKeys (ConfUtils.java:logGet(46)) - raft.server.log.write.buffer.size = 1048576 (custom)
2023-09-07 08:52:10,366 [7027ac8d-bbe4-4820-bd68-7a29676b00c5-groupManagement] INFO  server.RaftServerConfigKeys (ConfUtils.java:logGet(46)) - raft.server.log.appender.buffer.byte-limit = 33554432 (custom)
2023-09-07 08:52:10,372 [276dcdcd-15bf-4616-85f3-24cbc9cded34-groupManagement] INFO  server.RaftServerConfigKeys (ConfUtils.java:logGet(46)) - raft.server.log.unsafe-flush.enabled = false (default)
2023-09-07 08:52:10,372 [276dcdcd-15bf-4616-85f3-24cbc9cded34-groupManagement] INFO  server.RaftServerConfigKeys (ConfUtils.java:logGet(46)) - raft.server.log.async-flush.enabled = false (default)
2023-09-07 08:52:10,375 [276dcdcd-15bf-4616-85f3-24cbc9cded34-groupManagement] INFO  server.RaftServerConfigKeys (ConfUtils.java:logGet(46)) - raft.server.log.statemachine.data.caching.enabled = true (custom)
2023-09-07 08:52:10,376 [276dcdcd-15bf-4616-85f3-24cbc9cded34-groupManagement] INFO  segmented.SegmentedRaftLogWorker (SegmentedRaftLogWorker.java:lambda$new$0(135)) - 276dcdcd-15bf-4616-85f3-24cbc9cded34@group-FD8D31C87414-SegmentedRaftLogWorker: flushIndex: setUnconditionally 0 -> -1
2023-09-07 08:52:10,376 [276dcdcd-15bf-4616-85f3-24cbc9cded34-groupManagement] INFO  segmented.SegmentedRaftLogWorker (SegmentedRaftLogWorker.java:lambda$new$0(135)) - 276dcdcd-15bf-4616-85f3-24cbc9cded34@group-FD8D31C87414-SegmentedRaftLogWorker: safeCacheEvictIndex: setUnconditionally 0 -> -1
2023-09-07 08:52:10,379 [276dcdcd-15bf-4616-85f3-24cbc9cded34-groupManagement] INFO  server.RaftServer$Division (RaftServerImpl.java:start(342)) - 276dcdcd-15bf-4616-85f3-24cbc9cded34@group-FD8D31C87414: start as a follower, conf=-1: peers:[ee526f6f-3d45-469e-9618-ca9792ac197c|rpc:10.1.0.48:15014|admin:10.1.0.48:15013|client:10.1.0.48:15012|dataStream:10.1.0.48:15015|priority:0|startupRole:FOLLOWER, 453fd3f5-2dd8-488f-a349-96be441c1316|rpc:10.1.0.48:15032|admin:10.1.0.48:15031|client:10.1.0.48:15030|dataStream:10.1.0.48:15033|priority:0|startupRole:FOLLOWER, 276dcdcd-15bf-4616-85f3-24cbc9cded34|rpc:10.1.0.48:15023|admin:10.1.0.48:15022|client:10.1.0.48:15021|dataStream:10.1.0.48:15024|priority:1|startupRole:FOLLOWER]|listeners:[], old=null
2023-09-07 08:52:10,379 [276dcdcd-15bf-4616-85f3-24cbc9cded34-groupManagement] INFO  server.RaftServer$Division (RaftServerImpl.java:setRole(329)) - 276dcdcd-15bf-4616-85f3-24cbc9cded34@group-FD8D31C87414: changes role from      null to FOLLOWER at term 0 for startAsFollower
2023-09-07 08:52:10,379 [276dcdcd-15bf-4616-85f3-24cbc9cded34-groupManagement] INFO  impl.RoleInfo (RoleInfo.java:updateAndGet(139)) - 276dcdcd-15bf-4616-85f3-24cbc9cded34: start 276dcdcd-15bf-4616-85f3-24cbc9cded34@group-FD8D31C87414-FollowerState
2023-09-07 08:52:10,379 [276dcdcd-15bf-4616-85f3-24cbc9cded34-groupManagement] INFO  util.JmxRegister (JmxRegister.java:tryRegister(44)) - Successfully registered JMX Bean with object name Ratis:service=RaftServer,group=group-FD8D31C87414,id=276dcdcd-15bf-4616-85f3-24cbc9cded34
2023-09-07 08:52:10,379 [276dcdcd-15bf-4616-85f3-24cbc9cded34@group-FD8D31C87414-FollowerState] INFO  server.RaftServerConfigKeys (ConfUtils.java:logFallback(53)) - raft.server.rpc.first-election.timeout.min = 5s (fallback to raft.server.rpc.timeout.min)
2023-09-07 08:52:10,379 [7027ac8d-bbe4-4820-bd68-7a29676b00c5-groupManagement] INFO  server.RaftServerConfigKeys (ConfUtils.java:logGet(46)) - raft.server.log.unsafe-flush.enabled = false (default)
2023-09-07 08:52:10,382 [276dcdcd-15bf-4616-85f3-24cbc9cded34-groupManagement] INFO  server.RaftServerConfigKeys (ConfUtils.java:logGet(46)) - raft.server.snapshot.auto.trigger.enabled = true (custom)
2023-09-07 08:52:10,383 [276dcdcd-15bf-4616-85f3-24cbc9cded34-groupManagement] INFO  server.RaftServerConfigKeys (ConfUtils.java:logGet(46)) - raft.server.snapshot.auto.trigger.threshold = 10000 (custom)
2023-09-07 08:52:10,383 [276dcdcd-15bf-4616-85f3-24cbc9cded34-groupManagement] INFO  server.RaftServerConfigKeys (ConfUtils.java:logGet(46)) - raft.server.snapshot.retention.file.num = 5 (custom)
2023-09-07 08:52:10,383 [276dcdcd-15bf-4616-85f3-24cbc9cded34-groupManagement] INFO  server.RaftServerConfigKeys (ConfUtils.java:logGet(46)) - raft.server.log.purge.upto.snapshot.index = false (default)
2023-09-07 08:52:10,382 [EventQueue-PipelineReportForPipelineReportHandler] INFO  pipeline.PipelineReportHandler (PipelineReportHandler.java:processPipelineReport(136)) - Opened pipeline PipelineID=064beb9c-7ae4-4cbc-8f6c-7ccf03de7091
2023-09-07 08:52:10,383 [EventQueue-OpenPipelineForHealthyPipelineSafeModeRule] INFO  safemode.SCMSafeModeManager (HealthyPipelineSafeModeRule.java:process(137)) - SCM in safe mode. Healthy pipelines reported count is 0, required healthy pipeline reported count is 1
2023-09-07 08:52:10,385 [7027ac8d-bbe4-4820-bd68-7a29676b00c5-groupManagement] INFO  server.RaftServerConfigKeys (ConfUtils.java:logGet(46)) - raft.server.log.async-flush.enabled = false (default)
2023-09-07 08:52:10,385 [7027ac8d-bbe4-4820-bd68-7a29676b00c5-groupManagement] INFO  server.RaftServerConfigKeys (ConfUtils.java:logGet(46)) - raft.server.log.statemachine.data.caching.enabled = true (custom)
2023-09-07 08:52:10,385 [7027ac8d-bbe4-4820-bd68-7a29676b00c5-groupManagement] INFO  segmented.SegmentedRaftLogWorker (SegmentedRaftLogWorker.java:lambda$new$0(135)) - 7027ac8d-bbe4-4820-bd68-7a29676b00c5@group-7CCF03DE7091-SegmentedRaftLogWorker: flushIndex: setUnconditionally 0 -> -1
2023-09-07 08:52:10,386 [7027ac8d-bbe4-4820-bd68-7a29676b00c5-groupManagement] INFO  segmented.SegmentedRaftLogWorker (SegmentedRaftLogWorker.java:lambda$new$0(135)) - 7027ac8d-bbe4-4820-bd68-7a29676b00c5@group-7CCF03DE7091-SegmentedRaftLogWorker: safeCacheEvictIndex: setUnconditionally 0 -> -1
2023-09-07 08:52:10,382 [276dcdcd-15bf-4616-85f3-24cbc9cded34@group-FD8D31C87414-FollowerState] INFO  server.RaftServerConfigKeys (ConfUtils.java:logFallback(53)) - raft.server.rpc.first-election.timeout.max = 5200ms (fallback to raft.server.rpc.timeout.max)
2023-09-07 08:52:10,401 [7027ac8d-bbe4-4820-bd68-7a29676b00c5-groupManagement] INFO  server.RaftServer$Division (RaftServerImpl.java:start(342)) - 7027ac8d-bbe4-4820-bd68-7a29676b00c5@group-7CCF03DE7091: start as a follower, conf=-1: peers:[7027ac8d-bbe4-4820-bd68-7a29676b00c5|rpc:10.1.0.48:15041|admin:10.1.0.48:15040|client:10.1.0.48:15039|dataStream:10.1.0.48:15042|priority:1|startupRole:FOLLOWER]|listeners:[], old=null
2023-09-07 08:52:10,401 [7027ac8d-bbe4-4820-bd68-7a29676b00c5-groupManagement] INFO  server.RaftServer$Division (RaftServerImpl.java:setRole(329)) - 7027ac8d-bbe4-4820-bd68-7a29676b00c5@group-7CCF03DE7091: changes role from      null to FOLLOWER at term 0 for startAsFollower
2023-09-07 08:52:10,402 [7027ac8d-bbe4-4820-bd68-7a29676b00c5-groupManagement] INFO  impl.RoleInfo (RoleInfo.java:updateAndGet(139)) - 7027ac8d-bbe4-4820-bd68-7a29676b00c5: start 7027ac8d-bbe4-4820-bd68-7a29676b00c5@group-7CCF03DE7091-FollowerState
2023-09-07 08:52:10,402 [7027ac8d-bbe4-4820-bd68-7a29676b00c5-groupManagement] INFO  util.JmxRegister (JmxRegister.java:tryRegister(44)) - Successfully registered JMX Bean with object name Ratis:service=RaftServer,group=group-7CCF03DE7091,id=7027ac8d-bbe4-4820-bd68-7a29676b00c5
2023-09-07 08:52:10,402 [7027ac8d-bbe4-4820-bd68-7a29676b00c5-groupManagement] INFO  server.RaftServerConfigKeys (ConfUtils.java:logGet(46)) - raft.server.snapshot.auto.trigger.enabled = true (custom)
2023-09-07 08:52:10,402 [7027ac8d-bbe4-4820-bd68-7a29676b00c5-groupManagement] INFO  server.RaftServerConfigKeys (ConfUtils.java:logGet(46)) - raft.server.snapshot.auto.trigger.threshold = 10000 (custom)
2023-09-07 08:52:10,402 [7027ac8d-bbe4-4820-bd68-7a29676b00c5-groupManagement] INFO  server.RaftServerConfigKeys (ConfUtils.java:logGet(46)) - raft.server.snapshot.retention.file.num = 5 (custom)
2023-09-07 08:52:10,402 [7027ac8d-bbe4-4820-bd68-7a29676b00c5-groupManagement] INFO  server.RaftServerConfigKeys (ConfUtils.java:logGet(46)) - raft.server.log.purge.upto.snapshot.index = false (default)
2023-09-07 08:52:10,403 [7027ac8d-bbe4-4820-bd68-7a29676b00c5@group-7CCF03DE7091-FollowerState] INFO  server.RaftServerConfigKeys (ConfUtils.java:logFallback(53)) - raft.server.rpc.first-election.timeout.min = 5s (fallback to raft.server.rpc.timeout.min)
2023-09-07 08:52:10,403 [PipelineCommandHandlerThread-0] INFO  ratis.XceiverServerRatis (XceiverServerRatis.java:addGroup(804)) - Created group PipelineID=064beb9c-7ae4-4cbc-8f6c-7ccf03de7091
2023-09-07 08:52:10,404 [PipelineCommandHandlerThread-0] INFO  commandhandler.CreatePipelineCommandHandler (CreatePipelineCommandHandler.java:lambda$handle$2(124)) - Created Pipeline RATIS ONE PipelineID=064beb9c-7ae4-4cbc-8f6c-7ccf03de7091.
2023-09-07 08:52:10,403 [7027ac8d-bbe4-4820-bd68-7a29676b00c5@group-7CCF03DE7091-FollowerState] INFO  server.RaftServerConfigKeys (ConfUtils.java:logFallback(53)) - raft.server.rpc.first-election.timeout.max = 5200ms (fallback to raft.server.rpc.timeout.max)
2023-09-07 08:52:10,413 [PipelineCommandHandlerThread-0] INFO  ratis.XceiverServerRatis (XceiverServerRatis.java:addGroup(804)) - Created group PipelineID=55f15abb-f6c0-4b66-854c-fd8d31c87414
2023-09-07 08:52:10,424 [PipelineCommandHandlerThread-0] INFO  commandhandler.CreatePipelineCommandHandler (CreatePipelineCommandHandler.java:lambda$handle$2(124)) - Created Pipeline RATIS THREE PipelineID=267c773c-6e74-4f30-8eb7-109ec14dcc46.
2023-09-07 08:52:10,424 [PipelineCommandHandlerThread-0] INFO  server.RaftServer (RaftServerProxy.java:addNew(98)) - ee526f6f-3d45-469e-9618-ca9792ac197c: addNew group-FD8D31C87414:[ee526f6f-3d45-469e-9618-ca9792ac197c|rpc:10.1.0.48:15014|admin:10.1.0.48:15013|client:10.1.0.48:15012|dataStream:10.1.0.48:15015|priority:0|startupRole:FOLLOWER, 453fd3f5-2dd8-488f-a349-96be441c1316|rpc:10.1.0.48:15032|admin:10.1.0.48:15031|client:10.1.0.48:15030|dataStream:10.1.0.48:15033|priority:0|startupRole:FOLLOWER, 276dcdcd-15bf-4616-85f3-24cbc9cded34|rpc:10.1.0.48:15023|admin:10.1.0.48:15022|client:10.1.0.48:15021|dataStream:10.1.0.48:15024|priority:1|startupRole:FOLLOWER] returns group-FD8D31C87414:java.util.concurrent.CompletableFuture@54b34835[Not completed]
2023-09-07 08:52:10,428 [ee526f6f-3d45-469e-9618-ca9792ac197c-groupManagement] INFO  server.RaftServer$Division (RaftServerImpl.java:<init>(198)) - ee526f6f-3d45-469e-9618-ca9792ac197c: new RaftServerImpl for group-FD8D31C87414:[ee526f6f-3d45-469e-9618-ca9792ac197c|rpc:10.1.0.48:15014|admin:10.1.0.48:15013|client:10.1.0.48:15012|dataStream:10.1.0.48:15015|priority:0|startupRole:FOLLOWER, 453fd3f5-2dd8-488f-a349-96be441c1316|rpc:10.1.0.48:15032|admin:10.1.0.48:15031|client:10.1.0.48:15030|dataStream:10.1.0.48:15033|priority:0|startupRole:FOLLOWER, 276dcdcd-15bf-4616-85f3-24cbc9cded34|rpc:10.1.0.48:15023|admin:10.1.0.48:15022|client:10.1.0.48:15021|dataStream:10.1.0.48:15024|priority:1|startupRole:FOLLOWER] with ContainerStateMachine:uninitialized
2023-09-07 08:52:10,428 [ee526f6f-3d45-469e-9618-ca9792ac197c-groupManagement] INFO  server.RaftServerConfigKeys (ConfUtils.java:logGet(46)) - raft.server.rpc.timeout.min = 5s (custom)
2023-09-07 08:52:10,429 [ee526f6f-3d45-469e-9618-ca9792ac197c-groupManagement] INFO  server.RaftServerConfigKeys (ConfUtils.java:logGet(46)) - raft.server.rpc.timeout.max = 5200ms (custom)
2023-09-07 08:52:10,429 [ee526f6f-3d45-469e-9618-ca9792ac197c-groupManagement] INFO  server.RaftServerConfigKeys (ConfUtils.java:logGet(46)) - raft.server.rpc.sleep.time = 25ms (default)
2023-09-07 08:52:10,429 [ee526f6f-3d45-469e-9618-ca9792ac197c-groupManagement] INFO  server.RaftServerConfigKeys (ConfUtils.java:logGet(46)) - raft.server.rpc.slowness.timeout = 300s (custom)
2023-09-07 08:52:10,429 [ee526f6f-3d45-469e-9618-ca9792ac197c-groupManagement] INFO  server.RaftServerConfigKeys (ConfUtils.java:logGet(46)) - raft.server.leaderelection.leader.step-down.wait-time = 10s (default)
2023-09-07 08:52:10,429 [ee526f6f-3d45-469e-9618-ca9792ac197c-groupManagement] INFO  server.RaftServerConfigKeys (ConfUtils.java:logGet(46)) - raft.server.sleep.deviation.threshold = 300ms (default)
2023-09-07 08:52:10,429 [ee526f6f-3d45-469e-9618-ca9792ac197c-groupManagement] INFO  server.RaftServer$Division (ServerState.java:<init>(120)) - ee526f6f-3d45-469e-9618-ca9792ac197c@group-FD8D31C87414: ConfigurationManager, init=-1: peers:[ee526f6f-3d45-469e-9618-ca9792ac197c|rpc:10.1.0.48:15014|admin:10.1.0.48:15013|client:10.1.0.48:15012|dataStream:10.1.0.48:15015|priority:0|startupRole:FOLLOWER, 453fd3f5-2dd8-488f-a349-96be441c1316|rpc:10.1.0.48:15032|admin:10.1.0.48:15031|client:10.1.0.48:15030|dataStream:10.1.0.48:15033|priority:0|startupRole:FOLLOWER, 276dcdcd-15bf-4616-85f3-24cbc9cded34|rpc:10.1.0.48:15023|admin:10.1.0.48:15022|client:10.1.0.48:15021|dataStream:10.1.0.48:15024|priority:1|startupRole:FOLLOWER]|listeners:[], old=null, confs=<EMPTY_MAP>
2023-09-07 08:52:10,429 [ee526f6f-3d45-469e-9618-ca9792ac197c-groupManagement] INFO  server.RaftServerConfigKeys (ConfUtils.java:logGet(46)) - raft.server.storage.dir = [/home/runner/work/ozone/ozone/hadoop-ozone/integration-test/target/test-dir/MiniOzoneClusterImpl-480c9758-28d8-415f-a146-fed859d0e253/datanode-0/data/ratis] (custom)
2023-09-07 08:52:10,429 [ee526f6f-3d45-469e-9618-ca9792ac197c-groupManagement] INFO  server.RaftServerConfigKeys (ConfUtils.java:logGet(46)) - raft.server.log.corruption.policy = EXCEPTION (default)
2023-09-07 08:52:10,429 [ee526f6f-3d45-469e-9618-ca9792ac197c-groupManagement] INFO  server.RaftServerConfigKeys (ConfUtils.java:logGet(46)) - raft.server.storage.free-space.min = 0MB (=0) (default)
2023-09-07 08:52:10,430 [ee526f6f-3d45-469e-9618-ca9792ac197c-groupManagement] INFO  server.RaftServerConfigKeys (ConfUtils.java:logGet(46)) - raft.server.notification.no-leader.timeout = 300s (custom)
2023-09-07 08:52:10,430 [ee526f6f-3d45-469e-9618-ca9792ac197c-groupManagement] INFO  server.RaftServerConfigKeys (ConfUtils.java:logGet(46)) - raft.server.read.timeout = 10s (default)
2023-09-07 08:52:10,430 [ee526f6f-3d45-469e-9618-ca9792ac197c-groupManagement] INFO  server.RaftServerConfigKeys (ConfUtils.java:logGet(46)) - raft.server.retrycache.expirytime = 600000ms (custom)
2023-09-07 08:52:10,430 [ee526f6f-3d45-469e-9618-ca9792ac197c-groupManagement] INFO  server.RaftServerConfigKeys (ConfUtils.java:logGet(46)) - raft.server.retrycache.statistics.expirytime = 100μs (default)
2023-09-07 08:52:10,434 [ee526f6f-3d45-469e-9618-ca9792ac197c-groupManagement] INFO  server.RaftServerConfigKeys (ConfUtils.java:logGet(46)) - raft.server.read.option = DEFAULT (default)
2023-09-07 08:52:10,435 [ee526f6f-3d45-469e-9618-ca9792ac197c-groupManagement] INFO  server.RaftServerConfigKeys (ConfUtils.java:logGet(46)) - raft.server.rpc.request.timeout = 60s (custom)
2023-09-07 08:52:10,435 [ee526f6f-3d45-469e-9618-ca9792ac197c-groupManagement] INFO  server.RaftServerConfigKeys (ConfUtils.java:logGet(46)) - raft.server.log.appender.install.snapshot.enabled = false (custom)
2023-09-07 08:52:10,435 [ee526f6f-3d45-469e-9618-ca9792ac197c-groupManagement] INFO  server.RaftServerConfigKeys (ConfUtils.java:logGet(46)) - raft.server.threadpool.server.cached = true (default)
2023-09-07 08:52:10,435 [ee526f6f-3d45-469e-9618-ca9792ac197c-groupManagement] INFO  server.RaftServerConfigKeys (ConfUtils.java:logGet(46)) - raft.server.threadpool.server.size = 0 (default)
2023-09-07 08:52:10,435 [ee526f6f-3d45-469e-9618-ca9792ac197c-groupManagement] INFO  server.RaftServerConfigKeys (ConfUtils.java:logGet(46)) - raft.server.threadpool.client.cached = true (default)
2023-09-07 08:52:10,435 [ee526f6f-3d45-469e-9618-ca9792ac197c-groupManagement] INFO  server.RaftServerConfigKeys (ConfUtils.java:logGet(46)) - raft.server.threadpool.client.size = 0 (default)
2023-09-07 08:52:10,436 [ee526f6f-3d45-469e-9618-ca9792ac197c-groupManagement] INFO  storage.RaftStorageDirectory (RaftStorageDirectoryImpl.java:analyzeStorage(137)) - The storage directory /home/runner/work/ozone/ozone/hadoop-ozone/integration-test/target/test-dir/MiniOzoneClusterImpl-480c9758-28d8-415f-a146-fed859d0e253/datanode-0/data/ratis/55f15abb-f6c0-4b66-854c-fd8d31c87414 does not exist. Creating ...
2023-09-07 08:52:10,438 [ee526f6f-3d45-469e-9618-ca9792ac197c-groupManagement] INFO  storage.RaftStorageDirectory (RaftStorageDirectoryImpl.java:tryLock(231)) - Lock on /home/runner/work/ozone/ozone/hadoop-ozone/integration-test/target/test-dir/MiniOzoneClusterImpl-480c9758-28d8-415f-a146-fed859d0e253/datanode-0/data/ratis/55f15abb-f6c0-4b66-854c-fd8d31c87414/in_use.lock acquired by nodename 7589@fv-az793-921
2023-09-07 08:52:10,445 [ee526f6f-3d45-469e-9618-ca9792ac197c-groupManagement] INFO  storage.RaftStorage (RaftStorageImpl.java:format(96)) - Storage directory /home/runner/work/ozone/ozone/hadoop-ozone/integration-test/target/test-dir/MiniOzoneClusterImpl-480c9758-28d8-415f-a146-fed859d0e253/datanode-0/data/ratis/55f15abb-f6c0-4b66-854c-fd8d31c87414 has been successfully formatted.
2023-09-07 08:52:10,445 [ee526f6f-3d45-469e-9618-ca9792ac197c-groupManagement] INFO  ratis.ContainerStateMachine (ContainerStateMachine.java:loadSnapshot(262)) - group-FD8D31C87414: The snapshot info is null. Setting the last applied indexto:(t:0, i:~)
2023-09-07 08:52:10,446 [ee526f6f-3d45-469e-9618-ca9792ac197c-groupManagement] INFO  server.RaftServerConfigKeys (ConfUtils.java:logGet(46)) - raft.server.log.use.memory = false (default)
2023-09-07 08:52:10,446 [ee526f6f-3d45-469e-9618-ca9792ac197c-groupManagement] INFO  server.RaftServerConfigKeys (ConfUtils.java:logGet(46)) - raft.server.log.purge.gap = 1000000 (custom)
2023-09-07 08:52:10,446 [ee526f6f-3d45-469e-9618-ca9792ac197c-groupManagement] INFO  server.RaftServerConfigKeys (ConfUtils.java:logGet(46)) - raft.server.log.appender.buffer.byte-limit = 33554432 (custom)
2023-09-07 08:52:10,446 [ee526f6f-3d45-469e-9618-ca9792ac197c-groupManagement] INFO  server.RaftServerConfigKeys (ConfUtils.java:logGet(46)) - raft.server.log.statemachine.data.read.timeout = 1000ms (default)
2023-09-07 08:52:10,450 [ee526f6f-3d45-469e-9618-ca9792ac197c-groupManagement] INFO  server.RaftServerConfigKeys (ConfUtils.java:logGet(46)) - raft.server.log.purge.preservation.log.num = 0 (default)
2023-09-07 08:52:10,450 [ee526f6f-3d45-469e-9618-ca9792ac197c-groupManagement] INFO  server.RaftServerConfigKeys (ConfUtils.java:logGet(46)) - raft.server.log.segment.size.max = 1048576 (custom)
2023-09-07 08:52:10,451 [ee526f6f-3d45-469e-9618-ca9792ac197c-groupManagement] INFO  server.RaftServerConfigKeys (ConfUtils.java:logGet(46)) - raft.server.log.segment.cache.num.max = 2 (custom)
2023-09-07 08:52:10,451 [ee526f6f-3d45-469e-9618-ca9792ac197c-groupManagement] INFO  server.RaftServerConfigKeys (ConfUtils.java:logGet(46)) - raft.server.log.segment.cache.size.max = 200MB (=209715200) (default)
2023-09-07 08:52:10,451 [ee526f6f-3d45-469e-9618-ca9792ac197c-groupManagement] INFO  server.RaftServerConfigKeys (ConfUtils.java:logGet(46)) - raft.server.log.appender.buffer.byte-limit = 33554432 (custom)
2023-09-07 08:52:10,453 [ee526f6f-3d45-469e-9618-ca9792ac197c-groupManagement] INFO  segmented.SegmentedRaftLogWorker (SegmentedRaftLogWorker.java:<init>(188)) - new ee526f6f-3d45-469e-9618-ca9792ac197c@group-FD8D31C87414-SegmentedRaftLogWorker for RaftStorageImpl:Storage Directory /home/runner/work/ozone/ozone/hadoop-ozone/integration-test/target/test-dir/MiniOzoneClusterImpl-480c9758-28d8-415f-a146-fed859d0e253/datanode-0/data/ratis/55f15abb-f6c0-4b66-854c-fd8d31c87414
2023-09-07 08:52:10,453 [ee526f6f-3d45-469e-9618-ca9792ac197c-groupManagement] INFO  server.RaftServerConfigKeys (ConfUtils.java:logGet(46)) - raft.server.log.queue.byte-limit = 4294967296 (custom)
2023-09-07 08:52:10,453 [ee526f6f-3d45-469e-9618-ca9792ac197c-groupManagement] INFO  server.RaftServerConfigKeys (ConfUtils.java:logGet(46)) - raft.server.log.queue.element-limit = 1024 (custom)
2023-09-07 08:52:10,453 [ee526f6f-3d45-469e-9618-ca9792ac197c-groupManagement] INFO  server.RaftServerConfigKeys (ConfUtils.java:logGet(46)) - raft.server.log.segment.size.max = 1048576 (custom)
2023-09-07 08:52:10,454 [ee526f6f-3d45-469e-9618-ca9792ac197c-groupManagement] INFO  server.RaftServerConfigKeys (ConfUtils.java:logGet(46)) - raft.server.log.preallocated.size = 16384 (custom)
2023-09-07 08:52:10,454 [ee526f6f-3d45-469e-9618-ca9792ac197c-groupManagement] INFO  server.RaftServerConfigKeys (ConfUtils.java:logGet(46)) - raft.server.log.force.sync.num = 128 (default)
2023-09-07 08:52:10,454 [ee526f6f-3d45-469e-9618-ca9792ac197c-groupManagement] INFO  server.RaftServerConfigKeys (ConfUtils.java:logGet(46)) - raft.server.log.statemachine.data.sync = true (default)
2023-09-07 08:52:10,454 [ee526f6f-3d45-469e-9618-ca9792ac197c-groupManagement] INFO  server.RaftServerConfigKeys (ConfUtils.java:logGet(46)) - raft.server.log.statemachine.data.sync.timeout = 10s (default)
2023-09-07 08:52:10,454 [ee526f6f-3d45-469e-9618-ca9792ac197c-groupManagement] INFO  server.RaftServerConfigKeys (ConfUtils.java:logGet(46)) - raft.server.log.statemachine.data.sync.timeout.retry = -1 (default)
2023-09-07 08:52:10,463 [EventQueue-OpenPipelineForHealthyPipelineSafeModeRule] INFO  safemode.SCMSafeModeManager (HealthyPipelineSafeModeRule.java:process(137)) - SCM in safe mode. Healthy pipelines reported count is 0, required healthy pipeline reported count is 1
2023-09-07 08:52:10,465 [ee526f6f-3d45-469e-9618-ca9792ac197c-groupManagement] INFO  server.RaftServerConfigKeys (ConfUtils.java:logGet(46)) - raft.server.log.write.buffer.size = 1048576 (custom)
2023-09-07 08:52:10,467 [ee526f6f-3d45-469e-9618-ca9792ac197c-groupManagement] INFO  server.RaftServerConfigKeys (ConfUtils.java:logGet(46)) - raft.server.log.appender.buffer.byte-limit = 33554432 (custom)
2023-09-07 08:52:10,483 [ee526f6f-3d45-469e-9618-ca9792ac197c-groupManagement] INFO  server.RaftServerConfigKeys (ConfUtils.java:logGet(46)) - raft.server.log.unsafe-flush.enabled = false (default)
2023-09-07 08:52:10,483 [ee526f6f-3d45-469e-9618-ca9792ac197c-groupManagement] INFO  server.RaftServerConfigKeys (ConfUtils.java:logGet(46)) - raft.server.log.async-flush.enabled = false (default)
2023-09-07 08:52:10,484 [ee526f6f-3d45-469e-9618-ca9792ac197c-groupManagement] INFO  server.RaftServerConfigKeys (ConfUtils.java:logGet(46)) - raft.server.log.statemachine.data.caching.enabled = true (custom)
2023-09-07 08:52:10,484 [ee526f6f-3d45-469e-9618-ca9792ac197c-groupManagement] INFO  segmented.SegmentedRaftLogWorker (SegmentedRaftLogWorker.java:lambda$new$0(135)) - ee526f6f-3d45-469e-9618-ca9792ac197c@group-FD8D31C87414-SegmentedRaftLogWorker: flushIndex: setUnconditionally 0 -> -1
2023-09-07 08:52:10,484 [ee526f6f-3d45-469e-9618-ca9792ac197c-groupManagement] INFO  segmented.SegmentedRaftLogWorker (SegmentedRaftLogWorker.java:lambda$new$0(135)) - ee526f6f-3d45-469e-9618-ca9792ac197c@group-FD8D31C87414-SegmentedRaftLogWorker: safeCacheEvictIndex: setUnconditionally 0 -> -1
2023-09-07 08:52:10,484 [ee526f6f-3d45-469e-9618-ca9792ac197c-groupManagement] INFO  server.RaftServer$Division (RaftServerImpl.java:start(342)) - ee526f6f-3d45-469e-9618-ca9792ac197c@group-FD8D31C87414: start as a follower, conf=-1: peers:[ee526f6f-3d45-469e-9618-ca9792ac197c|rpc:10.1.0.48:15014|admin:10.1.0.48:15013|client:10.1.0.48:15012|dataStream:10.1.0.48:15015|priority:0|startupRole:FOLLOWER, 453fd3f5-2dd8-488f-a349-96be441c1316|rpc:10.1.0.48:15032|admin:10.1.0.48:15031|client:10.1.0.48:15030|dataStream:10.1.0.48:15033|priority:0|startupRole:FOLLOWER, 276dcdcd-15bf-4616-85f3-24cbc9cded34|rpc:10.1.0.48:15023|admin:10.1.0.48:15022|client:10.1.0.48:15021|dataStream:10.1.0.48:15024|priority:1|startupRole:FOLLOWER]|listeners:[], old=null
2023-09-07 08:52:10,484 [ee526f6f-3d45-469e-9618-ca9792ac197c-groupManagement] INFO  server.RaftServer$Division (RaftServerImpl.java:setRole(329)) - ee526f6f-3d45-469e-9618-ca9792ac197c@group-FD8D31C87414: changes role from      null to FOLLOWER at term 0 for startAsFollower
2023-09-07 08:52:10,485 [ee526f6f-3d45-469e-9618-ca9792ac197c-groupManagement] INFO  impl.RoleInfo (RoleInfo.java:updateAndGet(139)) - ee526f6f-3d45-469e-9618-ca9792ac197c: start ee526f6f-3d45-469e-9618-ca9792ac197c@group-FD8D31C87414-FollowerState
2023-09-07 08:52:10,485 [ee526f6f-3d45-469e-9618-ca9792ac197c-groupManagement] INFO  util.JmxRegister (JmxRegister.java:tryRegister(44)) - Successfully registered JMX Bean with object name Ratis:service=RaftServer,group=group-FD8D31C87414,id=ee526f6f-3d45-469e-9618-ca9792ac197c
2023-09-07 08:52:10,485 [ee526f6f-3d45-469e-9618-ca9792ac197c-groupManagement] INFO  server.RaftServerConfigKeys (ConfUtils.java:logGet(46)) - raft.server.snapshot.auto.trigger.enabled = true (custom)
2023-09-07 08:52:10,485 [ee526f6f-3d45-469e-9618-ca9792ac197c-groupManagement] INFO  server.RaftServerConfigKeys (ConfUtils.java:logGet(46)) - raft.server.snapshot.auto.trigger.threshold = 10000 (custom)
2023-09-07 08:52:10,485 [ee526f6f-3d45-469e-9618-ca9792ac197c-groupManagement] INFO  server.RaftServerConfigKeys (ConfUtils.java:logGet(46)) - raft.server.snapshot.retention.file.num = 5 (custom)
2023-09-07 08:52:10,486 [ee526f6f-3d45-469e-9618-ca9792ac197c-groupManagement] INFO  server.RaftServerConfigKeys (ConfUtils.java:logGet(46)) - raft.server.log.purge.upto.snapshot.index = false (default)
2023-09-07 08:52:10,486 [ee526f6f-3d45-469e-9618-ca9792ac197c@group-FD8D31C87414-FollowerState] INFO  server.RaftServerConfigKeys (ConfUtils.java:logFallback(53)) - raft.server.rpc.first-election.timeout.min = 5s (fallback to raft.server.rpc.timeout.min)
2023-09-07 08:52:10,493 [ee526f6f-3d45-469e-9618-ca9792ac197c@group-FD8D31C87414-FollowerState] INFO  server.RaftServerConfigKeys (ConfUtils.java:logFallback(53)) - raft.server.rpc.first-election.timeout.max = 5200ms (fallback to raft.server.rpc.timeout.max)
2023-09-07 08:52:10,487 [PipelineCommandHandlerThread-0] INFO  ratis.XceiverServerRatis (XceiverServerRatis.java:addGroup(804)) - Created group PipelineID=55f15abb-f6c0-4b66-854c-fd8d31c87414
2023-09-07 08:52:10,545 [PipelineCommandHandlerThread-0] INFO  commandhandler.CreatePipelineCommandHandler (CreatePipelineCommandHandler.java:lambda$handle$2(124)) - Created Pipeline RATIS THREE PipelineID=55f15abb-f6c0-4b66-854c-fd8d31c87414.
2023-09-07 08:52:10,591 [PipelineCommandHandlerThread-0] INFO  commandhandler.CreatePipelineCommandHandler (CreatePipelineCommandHandler.java:lambda$handle$2(124)) - Created Pipeline RATIS THREE PipelineID=55f15abb-f6c0-4b66-854c-fd8d31c87414.
2023-09-07 08:52:10,630 [PipelineCommandHandlerThread-0] INFO  commandhandler.CreatePipelineCommandHandler (CreatePipelineCommandHandler.java:lambda$handle$2(124)) - Created Pipeline RATIS THREE PipelineID=55f15abb-f6c0-4b66-854c-fd8d31c87414.
2023-09-07 08:52:10,698 [PipelineCommandHandlerThread-0] INFO  server.RaftServer (RaftServerProxy.java:addNew(98)) - 21558166-7abb-48cd-85e5-e0231587e321: addNew group-512C37CA5D20:[21558166-7abb-48cd-85e5-e0231587e321|rpc:10.1.0.48:15050|admin:10.1.0.48:15049|client:10.1.0.48:15048|dataStream:10.1.0.48:15051|priority:1|startupRole:FOLLOWER] returns group-512C37CA5D20:java.util.concurrent.CompletableFuture@7be620f1[Not completed]
2023-09-07 08:52:10,700 [21558166-7abb-48cd-85e5-e0231587e321-groupManagement] INFO  server.RaftServer$Division (RaftServerImpl.java:<init>(198)) - 21558166-7abb-48cd-85e5-e0231587e321: new RaftServerImpl for group-512C37CA5D20:[21558166-7abb-48cd-85e5-e0231587e321|rpc:10.1.0.48:15050|admin:10.1.0.48:15049|client:10.1.0.48:15048|dataStream:10.1.0.48:15051|priority:1|startupRole:FOLLOWER] with ContainerStateMachine:uninitialized
2023-09-07 08:52:10,701 [21558166-7abb-48cd-85e5-e0231587e321-groupManagement] INFO  server.RaftServerConfigKeys (ConfUtils.java:logGet(46)) - raft.server.rpc.timeout.min = 5s (custom)
2023-09-07 08:52:10,701 [21558166-7abb-48cd-85e5-e0231587e321-groupManagement] INFO  server.RaftServerConfigKeys (ConfUtils.java:logGet(46)) - raft.server.rpc.timeout.max = 5200ms (custom)
2023-09-07 08:52:10,701 [21558166-7abb-48cd-85e5-e0231587e321-groupManagement] INFO  server.RaftServerConfigKeys (ConfUtils.java:logGet(46)) - raft.server.rpc.sleep.time = 25ms (default)
2023-09-07 08:52:10,701 [21558166-7abb-48cd-85e5-e0231587e321-groupManagement] INFO  server.RaftServerConfigKeys (ConfUtils.java:logGet(46)) - raft.server.rpc.slowness.timeout = 300s (custom)
2023-09-07 08:52:10,701 [21558166-7abb-48cd-85e5-e0231587e321-groupManagement] INFO  server.RaftServerConfigKeys (ConfUtils.java:logGet(46)) - raft.server.leaderelection.leader.step-down.wait-time = 10s (default)
2023-09-07 08:52:10,701 [21558166-7abb-48cd-85e5-e0231587e321-groupManagement] INFO  server.RaftServerConfigKeys (ConfUtils.java:logGet(46)) - raft.server.sleep.deviation.threshold = 300ms (default)
2023-09-07 08:52:10,701 [21558166-7abb-48cd-85e5-e0231587e321-groupManagement] INFO  server.RaftServer$Division (ServerState.java:<init>(120)) - 21558166-7abb-48cd-85e5-e0231587e321@group-512C37CA5D20: ConfigurationManager, init=-1: peers:[21558166-7abb-48cd-85e5-e0231587e321|rpc:10.1.0.48:15050|admin:10.1.0.48:15049|client:10.1.0.48:15048|dataStream:10.1.0.48:15051|priority:1|startupRole:FOLLOWER]|listeners:[], old=null, confs=<EMPTY_MAP>
2023-09-07 08:52:10,701 [21558166-7abb-48cd-85e5-e0231587e321-groupManagement] INFO  server.RaftServerConfigKeys (ConfUtils.java:logGet(46)) - raft.server.storage.dir = [/home/runner/work/ozone/ozone/hadoop-ozone/integration-test/target/test-dir/MiniOzoneClusterImpl-480c9758-28d8-415f-a146-fed859d0e253/datanode-4/data/ratis] (custom)
2023-09-07 08:52:10,702 [21558166-7abb-48cd-85e5-e0231587e321-groupManagement] INFO  server.RaftServerConfigKeys (ConfUtils.java:logGet(46)) - raft.server.log.corruption.policy = EXCEPTION (default)
2023-09-07 08:52:10,702 [21558166-7abb-48cd-85e5-e0231587e321-groupManagement] INFO  server.RaftServerConfigKeys (ConfUtils.java:logGet(46)) - raft.server.storage.free-space.min = 0MB (=0) (default)
2023-09-07 08:52:10,702 [21558166-7abb-48cd-85e5-e0231587e321-groupManagement] INFO  server.RaftServerConfigKeys (ConfUtils.java:logGet(46)) - raft.server.notification.no-leader.timeout = 300s (custom)
2023-09-07 08:52:10,702 [21558166-7abb-48cd-85e5-e0231587e321-groupManagement] INFO  server.RaftServerConfigKeys (ConfUtils.java:logGet(46)) - raft.server.read.timeout = 10s (default)
2023-09-07 08:52:10,702 [main] INFO  ozone.MiniOzoneClusterImpl (MiniOzoneClusterImpl.java:lambda$waitForClusterToBeReady$0(224)) - Nodes are ready. Got 5 of 5 DN Heartbeats.
2023-09-07 08:52:10,702 [main] INFO  ozone.MiniOzoneClusterImpl (MiniOzoneClusterImpl.java:lambda$waitForClusterToBeReady$0(227)) - Waiting for cluster to exit safe mode
2023-09-07 08:52:10,702 [main] INFO  ozone.MiniOzoneClusterImpl (MiniOzoneClusterImpl.java:lambda$waitForClusterToBeReady$0(229)) - SCM became leader
2023-09-07 08:52:10,703 [21558166-7abb-48cd-85e5-e0231587e321-groupManagement] INFO  server.RaftServerConfigKeys (ConfUtils.java:logGet(46)) - raft.server.retrycache.expirytime = 600000ms (custom)
2023-09-07 08:52:10,703 [21558166-7abb-48cd-85e5-e0231587e321-groupManagement] INFO  server.RaftServerConfigKeys (ConfUtils.java:logGet(46)) - raft.server.retrycache.statistics.expirytime = 100μs (default)
2023-09-07 08:52:10,703 [21558166-7abb-48cd-85e5-e0231587e321-groupManagement] INFO  server.RaftServerConfigKeys (ConfUtils.java:logGet(46)) - raft.server.read.option = DEFAULT (default)
2023-09-07 08:52:10,710 [21558166-7abb-48cd-85e5-e0231587e321-groupManagement] INFO  server.RaftServerConfigKeys (ConfUtils.java:logGet(46)) - raft.server.rpc.request.timeout = 60s (custom)
2023-09-07 08:52:10,711 [21558166-7abb-48cd-85e5-e0231587e321-groupManagement] INFO  server.RaftServerConfigKeys (ConfUtils.java:logGet(46)) - raft.server.log.appender.install.snapshot.enabled = false (custom)
2023-09-07 08:52:10,711 [21558166-7abb-48cd-85e5-e0231587e321-groupManagement] INFO  server.RaftServerConfigKeys (ConfUtils.java:logGet(46)) - raft.server.threadpool.server.cached = true (default)
2023-09-07 08:52:10,711 [21558166-7abb-48cd-85e5-e0231587e321-groupManagement] INFO  server.RaftServerConfigKeys (ConfUtils.java:logGet(46)) - raft.server.threadpool.server.size = 0 (default)
2023-09-07 08:52:10,711 [21558166-7abb-48cd-85e5-e0231587e321-groupManagement] INFO  server.RaftServerConfigKeys (ConfUtils.java:logGet(46)) - raft.server.threadpool.client.cached = true (default)
2023-09-07 08:52:10,711 [21558166-7abb-48cd-85e5-e0231587e321-groupManagement] INFO  server.RaftServerConfigKeys (ConfUtils.java:logGet(46)) - raft.server.threadpool.client.size = 0 (default)
2023-09-07 08:52:10,711 [21558166-7abb-48cd-85e5-e0231587e321-groupManagement] INFO  storage.RaftStorageDirectory (RaftStorageDirectoryImpl.java:analyzeStorage(137)) - The storage directory /home/runner/work/ozone/ozone/hadoop-ozone/integration-test/target/test-dir/MiniOzoneClusterImpl-480c9758-28d8-415f-a146-fed859d0e253/datanode-4/data/ratis/efb7b314-f687-41bd-b569-512c37ca5d20 does not exist. Creating ...
2023-09-07 08:52:10,713 [21558166-7abb-48cd-85e5-e0231587e321-groupManagement] INFO  storage.RaftStorageDirectory (RaftStorageDirectoryImpl.java:tryLock(231)) - Lock on /home/runner/work/ozone/ozone/hadoop-ozone/integration-test/target/test-dir/MiniOzoneClusterImpl-480c9758-28d8-415f-a146-fed859d0e253/datanode-4/data/ratis/efb7b314-f687-41bd-b569-512c37ca5d20/in_use.lock acquired by nodename 7589@fv-az793-921
2023-09-07 08:52:10,714 [21558166-7abb-48cd-85e5-e0231587e321-groupManagement] INFO  storage.RaftStorage (RaftStorageImpl.java:format(96)) - Storage directory /home/runner/work/ozone/ozone/hadoop-ozone/integration-test/target/test-dir/MiniOzoneClusterImpl-480c9758-28d8-415f-a146-fed859d0e253/datanode-4/data/ratis/efb7b314-f687-41bd-b569-512c37ca5d20 has been successfully formatted.
2023-09-07 08:52:10,716 [21558166-7abb-48cd-85e5-e0231587e321-groupManagement] INFO  ratis.ContainerStateMachine (ContainerStateMachine.java:loadSnapshot(262)) - group-512C37CA5D20: The snapshot info is null. Setting the last applied indexto:(t:0, i:~)
2023-09-07 08:52:10,716 [21558166-7abb-48cd-85e5-e0231587e321-groupManagement] INFO  server.RaftServerConfigKeys (ConfUtils.java:logGet(46)) - raft.server.log.use.memory = false (default)
2023-09-07 08:52:10,716 [21558166-7abb-48cd-85e5-e0231587e321-groupManagement] INFO  server.RaftServerConfigKeys (ConfUtils.java:logGet(46)) - raft.server.log.purge.gap = 1000000 (custom)
2023-09-07 08:52:10,716 [21558166-7abb-48cd-85e5-e0231587e321-groupManagement] INFO  server.RaftServerConfigKeys (ConfUtils.java:logGet(46)) - raft.server.log.appender.buffer.byte-limit = 33554432 (custom)
2023-09-07 08:52:10,716 [21558166-7abb-48cd-85e5-e0231587e321-groupManagement] INFO  server.RaftServerConfigKeys (ConfUtils.java:logGet(46)) - raft.server.log.statemachine.data.read.timeout = 1000ms (default)
2023-09-07 08:52:10,716 [21558166-7abb-48cd-85e5-e0231587e321-groupManagement] INFO  server.RaftServerConfigKeys (ConfUtils.java:logGet(46)) - raft.server.log.purge.preservation.log.num = 0 (default)
2023-09-07 08:52:10,726 [21558166-7abb-48cd-85e5-e0231587e321-groupManagement] INFO  server.RaftServerConfigKeys (ConfUtils.java:logGet(46)) - raft.server.log.segment.size.max = 1048576 (custom)
2023-09-07 08:52:10,727 [21558166-7abb-48cd-85e5-e0231587e321-groupManagement] INFO  server.RaftServerConfigKeys (ConfUtils.java:logGet(46)) - raft.server.log.segment.cache.num.max = 2 (custom)
2023-09-07 08:52:10,727 [21558166-7abb-48cd-85e5-e0231587e321-groupManagement] INFO  server.RaftServerConfigKeys (ConfUtils.java:logGet(46)) - raft.server.log.segment.cache.size.max = 200MB (=209715200) (default)
2023-09-07 08:52:10,727 [21558166-7abb-48cd-85e5-e0231587e321-groupManagement] INFO  server.RaftServerConfigKeys (ConfUtils.java:logGet(46)) - raft.server.log.appender.buffer.byte-limit = 33554432 (custom)
2023-09-07 08:52:10,727 [21558166-7abb-48cd-85e5-e0231587e321-groupManagement] INFO  segmented.SegmentedRaftLogWorker (SegmentedRaftLogWorker.java:<init>(188)) - new 21558166-7abb-48cd-85e5-e0231587e321@group-512C37CA5D20-SegmentedRaftLogWorker for RaftStorageImpl:Storage Directory /home/runner/work/ozone/ozone/hadoop-ozone/integration-test/target/test-dir/MiniOzoneClusterImpl-480c9758-28d8-415f-a146-fed859d0e253/datanode-4/data/ratis/efb7b314-f687-41bd-b569-512c37ca5d20
2023-09-07 08:52:10,727 [21558166-7abb-48cd-85e5-e0231587e321-groupManagement] INFO  server.RaftServerConfigKeys (ConfUtils.java:logGet(46)) - raft.server.log.queue.byte-limit = 4294967296 (custom)
2023-09-07 08:52:10,727 [21558166-7abb-48cd-85e5-e0231587e321-groupManagement] INFO  server.RaftServerConfigKeys (ConfUtils.java:logGet(46)) - raft.server.log.queue.element-limit = 1024 (custom)
2023-09-07 08:52:10,727 [21558166-7abb-48cd-85e5-e0231587e321-groupManagement] INFO  server.RaftServerConfigKeys (ConfUtils.java:logGet(46)) - raft.server.log.segment.size.max = 1048576 (custom)
2023-09-07 08:52:10,727 [21558166-7abb-48cd-85e5-e0231587e321-groupManagement] INFO  server.RaftServerConfigKeys (ConfUtils.java:logGet(46)) - raft.server.log.preallocated.size = 16384 (custom)
2023-09-07 08:52:10,727 [21558166-7abb-48cd-85e5-e0231587e321-groupManagement] INFO  server.RaftServerConfigKeys (ConfUtils.java:logGet(46)) - raft.server.log.force.sync.num = 128 (default)
2023-09-07 08:52:10,727 [21558166-7abb-48cd-85e5-e0231587e321-groupManagement] INFO  server.RaftServerConfigKeys (ConfUtils.java:logGet(46)) - raft.server.log.statemachine.data.sync = true (default)
2023-09-07 08:52:10,727 [21558166-7abb-48cd-85e5-e0231587e321-groupManagement] INFO  server.RaftServerConfigKeys (ConfUtils.java:logGet(46)) - raft.server.log.statemachine.data.sync.timeout = 10s (default)
2023-09-07 08:52:10,727 [21558166-7abb-48cd-85e5-e0231587e321-groupManagement] INFO  server.RaftServerConfigKeys (ConfUtils.java:logGet(46)) - raft.server.log.statemachine.data.sync.timeout.retry = -1 (default)
2023-09-07 08:52:10,728 [21558166-7abb-48cd-85e5-e0231587e321-groupManagement] INFO  server.RaftServerConfigKeys (ConfUtils.java:logGet(46)) - raft.server.log.write.buffer.size = 1048576 (custom)
2023-09-07 08:52:10,730 [21558166-7abb-48cd-85e5-e0231587e321-groupManagement] INFO  server.RaftServerConfigKeys (ConfUtils.java:logGet(46)) - raft.server.log.appender.buffer.byte-limit = 33554432 (custom)
2023-09-07 08:52:10,731 [EventQueue-PipelineReportForPipelineReportHandler] INFO  pipeline.PipelineReportHandler (PipelineReportHandler.java:processPipelineReport(136)) - Opened pipeline PipelineID=efb7b314-f687-41bd-b569-512c37ca5d20
2023-09-07 08:52:10,731 [EventQueue-OpenPipelineForHealthyPipelineSafeModeRule] INFO  safemode.SCMSafeModeManager (HealthyPipelineSafeModeRule.java:process(137)) - SCM in safe mode. Healthy pipelines reported count is 0, required healthy pipeline reported count is 1
2023-09-07 08:52:10,737 [21558166-7abb-48cd-85e5-e0231587e321-groupManagement] INFO  server.RaftServerConfigKeys (ConfUtils.java:logGet(46)) - raft.server.log.unsafe-flush.enabled = false (default)
2023-09-07 08:52:10,738 [21558166-7abb-48cd-85e5-e0231587e321-groupManagement] INFO  server.RaftServerConfigKeys (ConfUtils.java:logGet(46)) - raft.server.log.async-flush.enabled = false (default)
2023-09-07 08:52:10,738 [21558166-7abb-48cd-85e5-e0231587e321-groupManagement] INFO  server.RaftServerConfigKeys (ConfUtils.java:logGet(46)) - raft.server.log.statemachine.data.caching.enabled = true (custom)
2023-09-07 08:52:10,738 [21558166-7abb-48cd-85e5-e0231587e321-groupManagement] INFO  segmented.SegmentedRaftLogWorker (SegmentedRaftLogWorker.java:lambda$new$0(135)) - 21558166-7abb-48cd-85e5-e0231587e321@group-512C37CA5D20-SegmentedRaftLogWorker: flushIndex: setUnconditionally 0 -> -1
2023-09-07 08:52:10,738 [21558166-7abb-48cd-85e5-e0231587e321-groupManagement] INFO  segmented.SegmentedRaftLogWorker (SegmentedRaftLogWorker.java:lambda$new$0(135)) - 21558166-7abb-48cd-85e5-e0231587e321@group-512C37CA5D20-SegmentedRaftLogWorker: safeCacheEvictIndex: setUnconditionally 0 -> -1
2023-09-07 08:52:10,739 [21558166-7abb-48cd-85e5-e0231587e321-groupManagement] INFO  server.RaftServer$Division (RaftServerImpl.java:start(342)) - 21558166-7abb-48cd-85e5-e0231587e321@group-512C37CA5D20: start as a follower, conf=-1: peers:[21558166-7abb-48cd-85e5-e0231587e321|rpc:10.1.0.48:15050|admin:10.1.0.48:15049|client:10.1.0.48:15048|dataStream:10.1.0.48:15051|priority:1|startupRole:FOLLOWER]|listeners:[], old=null
2023-09-07 08:52:10,739 [21558166-7abb-48cd-85e5-e0231587e321-groupManagement] INFO  server.RaftServer$Division (RaftServerImpl.java:setRole(329)) - 21558166-7abb-48cd-85e5-e0231587e321@group-512C37CA5D20: changes role from      null to FOLLOWER at term 0 for startAsFollower
2023-09-07 08:52:10,739 [21558166-7abb-48cd-85e5-e0231587e321-groupManagement] INFO  impl.RoleInfo (RoleInfo.java:updateAndGet(139)) - 21558166-7abb-48cd-85e5-e0231587e321: start 21558166-7abb-48cd-85e5-e0231587e321@group-512C37CA5D20-FollowerState
2023-09-07 08:52:10,741 [21558166-7abb-48cd-85e5-e0231587e321-groupManagement] INFO  util.JmxRegister (JmxRegister.java:tryRegister(44)) - Successfully registered JMX Bean with object name Ratis:service=RaftServer,group=group-512C37CA5D20,id=21558166-7abb-48cd-85e5-e0231587e321
2023-09-07 08:52:10,741 [21558166-7abb-48cd-85e5-e0231587e321-groupManagement] INFO  server.RaftServerConfigKeys (ConfUtils.java:logGet(46)) - raft.server.snapshot.auto.trigger.enabled = true (custom)
2023-09-07 08:52:10,741 [21558166-7abb-48cd-85e5-e0231587e321-groupManagement] INFO  server.RaftServerConfigKeys (ConfUtils.java:logGet(46)) - raft.server.snapshot.auto.trigger.threshold = 10000 (custom)
2023-09-07 08:52:10,742 [21558166-7abb-48cd-85e5-e0231587e321-groupManagement] INFO  server.RaftServerConfigKeys (ConfUtils.java:logGet(46)) - raft.server.snapshot.retention.file.num = 5 (custom)
2023-09-07 08:52:10,742 [21558166-7abb-48cd-85e5-e0231587e321-groupManagement] INFO  server.RaftServerConfigKeys (ConfUtils.java:logGet(46)) - raft.server.log.purge.upto.snapshot.index = false (default)
2023-09-07 08:52:10,743 [21558166-7abb-48cd-85e5-e0231587e321@group-512C37CA5D20-FollowerState] INFO  server.RaftServerConfigKeys (ConfUtils.java:logFallback(53)) - raft.server.rpc.first-election.timeout.min = 5s (fallback to raft.server.rpc.timeout.min)
2023-09-07 08:52:10,743 [21558166-7abb-48cd-85e5-e0231587e321@group-512C37CA5D20-FollowerState] INFO  server.RaftServerConfigKeys (ConfUtils.java:logFallback(53)) - raft.server.rpc.first-election.timeout.max = 5200ms (fallback to raft.server.rpc.timeout.max)
2023-09-07 08:52:10,745 [PipelineCommandHandlerThread-0] INFO  ratis.XceiverServerRatis (XceiverServerRatis.java:addGroup(804)) - Created group PipelineID=efb7b314-f687-41bd-b569-512c37ca5d20
2023-09-07 08:52:10,745 [PipelineCommandHandlerThread-0] INFO  commandhandler.CreatePipelineCommandHandler (CreatePipelineCommandHandler.java:lambda$handle$2(124)) - Created Pipeline RATIS ONE PipelineID=efb7b314-f687-41bd-b569-512c37ca5d20.
2023-09-07 08:52:11,703 [main] INFO  ozone.MiniOzoneClusterImpl (MiniOzoneClusterImpl.java:lambda$waitForClusterToBeReady$0(224)) - Nodes are ready. Got 5 of 5 DN Heartbeats.
2023-09-07 08:52:11,703 [main] INFO  ozone.MiniOzoneClusterImpl (MiniOzoneClusterImpl.java:lambda$waitForClusterToBeReady$0(227)) - Waiting for cluster to exit safe mode
2023-09-07 08:52:11,703 [main] INFO  ozone.MiniOzoneClusterImpl (MiniOzoneClusterImpl.java:lambda$waitForClusterToBeReady$0(229)) - SCM became leader
2023-09-07 08:52:12,704 [main] INFO  ozone.MiniOzoneClusterImpl (MiniOzoneClusterImpl.java:lambda$waitForClusterToBeReady$0(224)) - Nodes are ready. Got 5 of 5 DN Heartbeats.
2023-09-07 08:52:12,705 [main] INFO  ozone.MiniOzoneClusterImpl (MiniOzoneClusterImpl.java:lambda$waitForClusterToBeReady$0(227)) - Waiting for cluster to exit safe mode
2023-09-07 08:52:12,705 [main] INFO  ozone.MiniOzoneClusterImpl (MiniOzoneClusterImpl.java:lambda$waitForClusterToBeReady$0(229)) - SCM became leader
2023-09-07 08:52:13,705 [main] INFO  ozone.MiniOzoneClusterImpl (MiniOzoneClusterImpl.java:lambda$waitForClusterToBeReady$0(224)) - Nodes are ready. Got 5 of 5 DN Heartbeats.
2023-09-07 08:52:13,705 [main] INFO  ozone.MiniOzoneClusterImpl (MiniOzoneClusterImpl.java:lambda$waitForClusterToBeReady$0(227)) - Waiting for cluster to exit safe mode
2023-09-07 08:52:13,706 [main] INFO  ozone.MiniOzoneClusterImpl (MiniOzoneClusterImpl.java:lambda$waitForClusterToBeReady$0(229)) - SCM became leader
2023-09-07 08:52:14,151 [ee526f6f-3d45-469e-9618-ca9792ac197c@group-656F26D9DC96-FollowerState] INFO  impl.FollowerState (FollowerState.java:run(143)) - ee526f6f-3d45-469e-9618-ca9792ac197c@group-656F26D9DC96-FollowerState: change to CANDIDATE, lastRpcElapsedTime:5187060917ns, electionTimeout:5184ms
2023-09-07 08:52:14,151 [ee526f6f-3d45-469e-9618-ca9792ac197c@group-656F26D9DC96-FollowerState] INFO  impl.RoleInfo (RoleInfo.java:shutdownFollowerState(110)) - ee526f6f-3d45-469e-9618-ca9792ac197c: shutdown ee526f6f-3d45-469e-9618-ca9792ac197c@group-656F26D9DC96-FollowerState
2023-09-07 08:52:14,151 [ee526f6f-3d45-469e-9618-ca9792ac197c@group-656F26D9DC96-FollowerState] INFO  server.RaftServer$Division (RaftServerImpl.java:setRole(329)) - ee526f6f-3d45-469e-9618-ca9792ac197c@group-656F26D9DC96: changes role from  FOLLOWER to CANDIDATE at term 0 for changeToCandidate
2023-09-07 08:52:14,152 [ee526f6f-3d45-469e-9618-ca9792ac197c@group-656F26D9DC96-FollowerState] INFO  server.RaftServerConfigKeys (ConfUtils.java:logGet(46)) - raft.server.leaderelection.pre-vote = true (default)
2023-09-07 08:52:14,152 [ee526f6f-3d45-469e-9618-ca9792ac197c@group-656F26D9DC96-FollowerState] INFO  impl.RoleInfo (RoleInfo.java:updateAndGet(139)) - ee526f6f-3d45-469e-9618-ca9792ac197c: start ee526f6f-3d45-469e-9618-ca9792ac197c@group-656F26D9DC96-LeaderElection2
2023-09-07 08:52:14,162 [ee526f6f-3d45-469e-9618-ca9792ac197c@group-656F26D9DC96-LeaderElection2] INFO  impl.LeaderElection (LeaderElection.java:askForVotes(321)) - ee526f6f-3d45-469e-9618-ca9792ac197c@group-656F26D9DC96-LeaderElection2 PRE_VOTE round 0: submit vote requests at term 0 for -1: peers:[ee526f6f-3d45-469e-9618-ca9792ac197c|rpc:10.1.0.48:15014|admin:10.1.0.48:15013|client:10.1.0.48:15012|dataStream:10.1.0.48:15015|priority:1|startupRole:FOLLOWER]|listeners:[], old=null
2023-09-07 08:52:14,162 [ee526f6f-3d45-469e-9618-ca9792ac197c@group-656F26D9DC96-LeaderElection2] INFO  impl.LeaderElection (LeaderElection.java:askForVotes(323)) - ee526f6f-3d45-469e-9618-ca9792ac197c@group-656F26D9DC96-LeaderElection2 PRE_VOTE round 0: result PASSED (term=0)
2023-09-07 08:52:14,164 [ee526f6f-3d45-469e-9618-ca9792ac197c@group-656F26D9DC96-LeaderElection2] INFO  impl.LeaderElection (LeaderElection.java:askForVotes(321)) - ee526f6f-3d45-469e-9618-ca9792ac197c@group-656F26D9DC96-LeaderElection2 ELECTION round 0: submit vote requests at term 1 for -1: peers:[ee526f6f-3d45-469e-9618-ca9792ac197c|rpc:10.1.0.48:15014|admin:10.1.0.48:15013|client:10.1.0.48:15012|dataStream:10.1.0.48:15015|priority:1|startupRole:FOLLOWER]|listeners:[], old=null
2023-09-07 08:52:14,164 [ee526f6f-3d45-469e-9618-ca9792ac197c@group-656F26D9DC96-LeaderElection2] INFO  impl.LeaderElection (LeaderElection.java:askForVotes(323)) - ee526f6f-3d45-469e-9618-ca9792ac197c@group-656F26D9DC96-LeaderElection2 ELECTION round 0: result PASSED (term=1)
2023-09-07 08:52:14,164 [ee526f6f-3d45-469e-9618-ca9792ac197c@group-656F26D9DC96-LeaderElection2] INFO  impl.RoleInfo (RoleInfo.java:shutdownLeaderElection(130)) - ee526f6f-3d45-469e-9618-ca9792ac197c: shutdown ee526f6f-3d45-469e-9618-ca9792ac197c@group-656F26D9DC96-LeaderElection2
2023-09-07 08:52:14,164 [ee526f6f-3d45-469e-9618-ca9792ac197c@group-656F26D9DC96-LeaderElection2] INFO  server.RaftServer$Division (RaftServerImpl.java:setRole(329)) - ee526f6f-3d45-469e-9618-ca9792ac197c@group-656F26D9DC96: changes role from CANDIDATE to LEADER at term 1 for changeToLeader
2023-09-07 08:52:14,164 [ee526f6f-3d45-469e-9618-ca9792ac197c@group-656F26D9DC96-LeaderElection2] INFO  ratis.XceiverServerRatis (XceiverServerRatis.java:handleLeaderChangedNotification(902)) - Leader change notification received for group: group-656F26D9DC96 with new leaderId: ee526f6f-3d45-469e-9618-ca9792ac197c
2023-09-07 08:52:14,165 [ee526f6f-3d45-469e-9618-ca9792ac197c@group-656F26D9DC96-LeaderElection2] INFO  server.RaftServer$Division (ServerState.java:setLeader(317)) - ee526f6f-3d45-469e-9618-ca9792ac197c@group-656F26D9DC96: change Leader from null to ee526f6f-3d45-469e-9618-ca9792ac197c at term 1 for becomeLeader, leader elected after 5234ms
2023-09-07 08:52:14,165 [ee526f6f-3d45-469e-9618-ca9792ac197c@group-656F26D9DC96-LeaderElection2] INFO  server.RaftServerConfigKeys (ConfUtils.java:logGet(46)) - raft.server.staging.catchup.gap = 1000 (default)
2023-09-07 08:52:14,165 [ee526f6f-3d45-469e-9618-ca9792ac197c@group-656F26D9DC96-LeaderElection2] INFO  server.RaftServerConfigKeys (ConfUtils.java:logGet(46)) - raft.server.write.element-limit = 1024 (custom)
2023-09-07 08:52:14,166 [ee526f6f-3d45-469e-9618-ca9792ac197c@group-656F26D9DC96-LeaderElection2] INFO  server.RaftServerConfigKeys (ConfUtils.java:logGet(46)) - raft.server.write.byte-limit = 1024 M (=1073741824) (custom)
2023-09-07 08:52:14,166 [ee526f6f-3d45-469e-9618-ca9792ac197c@group-656F26D9DC96-LeaderElection2] INFO  server.RaftServerConfigKeys (ConfUtils.java:logGet(46)) - raft.server.watch.timeout = 180s (custom)
2023-09-07 08:52:14,166 [ee526f6f-3d45-469e-9618-ca9792ac197c@group-656F26D9DC96-LeaderElection2] INFO  server.RaftServerConfigKeys (ConfUtils.java:logGet(46)) - raft.server.watch.timeout.denomination = 1s (default)
2023-09-07 08:52:14,167 [ee526f6f-3d45-469e-9618-ca9792ac197c@group-656F26D9DC96-LeaderElection2] INFO  server.RaftServerConfigKeys (ConfUtils.java:logGet(46)) - raft.server.watch.element-limit = 65536 (default)
2023-09-07 08:52:14,167 [ee526f6f-3d45-469e-9618-ca9792ac197c@group-656F26D9DC96-LeaderElection2] INFO  server.RaftServerConfigKeys (ConfUtils.java:logGet(46)) - raft.server.write.element-limit = 1024 (custom)
2023-09-07 08:52:14,167 [ee526f6f-3d45-469e-9618-ca9792ac197c@group-656F26D9DC96-LeaderElection2] INFO  server.RaftServerConfigKeys (ConfUtils.java:logGet(46)) - raft.server.write.follower.gap.ratio.max = -1.0 (default)
2023-09-07 08:52:14,167 [ee526f6f-3d45-469e-9618-ca9792ac197c@group-656F26D9DC96-LeaderElection2] INFO  impl.RoleInfo (RoleInfo.java:updateAndGet(139)) - ee526f6f-3d45-469e-9618-ca9792ac197c: start ee526f6f-3d45-469e-9618-ca9792ac197c@group-656F26D9DC96-LeaderStateImpl
2023-09-07 08:52:14,167 [ee526f6f-3d45-469e-9618-ca9792ac197c@group-656F26D9DC96-LeaderElection2] INFO  segmented.SegmentedRaftLogWorker (SegmentedRaftLogWorker.java:startLogSegment(447)) - ee526f6f-3d45-469e-9618-ca9792ac197c@group-656F26D9DC96-SegmentedRaftLogWorker: Starting segment from index:0
2023-09-07 08:52:14,170 [ee526f6f-3d45-469e-9618-ca9792ac197c@group-656F26D9DC96-SegmentedRaftLogWorker] INFO  segmented.SegmentedRaftLogWorker (SegmentedRaftLogWorker.java:execute(651)) - ee526f6f-3d45-469e-9618-ca9792ac197c@group-656F26D9DC96-SegmentedRaftLogWorker: created new log segment /home/runner/work/ozone/ozone/hadoop-ozone/integration-test/target/test-dir/MiniOzoneClusterImpl-480c9758-28d8-415f-a146-fed859d0e253/datanode-0/data/ratis/2b6e3ade-2364-42db-9f82-656f26d9dc96/current/log_inprogress_0
2023-09-07 08:52:14,173 [EventQueue-OpenPipelineForHealthyPipelineSafeModeRule] INFO  safemode.SCMSafeModeManager (HealthyPipelineSafeModeRule.java:process(137)) - SCM in safe mode. Healthy pipelines reported count is 0, required healthy pipeline reported count is 1
2023-09-07 08:52:14,175 [ee526f6f-3d45-469e-9618-ca9792ac197c@group-656F26D9DC96-LeaderElection2] INFO  server.RaftServer$Division (ServerState.java:setRaftConf(434)) - ee526f6f-3d45-469e-9618-ca9792ac197c@group-656F26D9DC96: set configuration 0: peers:[ee526f6f-3d45-469e-9618-ca9792ac197c|rpc:10.1.0.48:15014|admin:10.1.0.48:15013|client:10.1.0.48:15012|dataStream:10.1.0.48:15015|priority:1|startupRole:FOLLOWER]|listeners:[], old=null
2023-09-07 08:52:14,232 [ee526f6f-3d45-469e-9618-ca9792ac197c@group-109EC14DCC46-FollowerState] INFO  impl.FollowerState (FollowerState.java:run(143)) - ee526f6f-3d45-469e-9618-ca9792ac197c@group-109EC14DCC46-FollowerState: change to CANDIDATE, lastRpcElapsedTime:5202269848ns, electionTimeout:5200ms
2023-09-07 08:52:14,234 [ee526f6f-3d45-469e-9618-ca9792ac197c@group-109EC14DCC46-FollowerState] INFO  impl.RoleInfo (RoleInfo.java:shutdownFollowerState(110)) - ee526f6f-3d45-469e-9618-ca9792ac197c: shutdown ee526f6f-3d45-469e-9618-ca9792ac197c@group-109EC14DCC46-FollowerState
2023-09-07 08:52:14,234 [ee526f6f-3d45-469e-9618-ca9792ac197c@group-109EC14DCC46-FollowerState] INFO  server.RaftServer$Division (RaftServerImpl.java:setRole(329)) - ee526f6f-3d45-469e-9618-ca9792ac197c@group-109EC14DCC46: changes role from  FOLLOWER to CANDIDATE at term 0 for changeToCandidate
2023-09-07 08:52:14,235 [ee526f6f-3d45-469e-9618-ca9792ac197c@group-109EC14DCC46-FollowerState] INFO  server.RaftServerConfigKeys (ConfUtils.java:logGet(46)) - raft.server.leaderelection.pre-vote = true (default)
2023-09-07 08:52:14,235 [ee526f6f-3d45-469e-9618-ca9792ac197c@group-109EC14DCC46-FollowerState] INFO  impl.RoleInfo (RoleInfo.java:updateAndGet(139)) - ee526f6f-3d45-469e-9618-ca9792ac197c: start ee526f6f-3d45-469e-9618-ca9792ac197c@group-109EC14DCC46-LeaderElection3
2023-09-07 08:52:14,251 [ee526f6f-3d45-469e-9618-ca9792ac197c@group-109EC14DCC46-LeaderElection3] INFO  impl.LeaderElection (LeaderElection.java:askForVotes(321)) - ee526f6f-3d45-469e-9618-ca9792ac197c@group-109EC14DCC46-LeaderElection3 PRE_VOTE round 0: submit vote requests at term 0 for -1: peers:[ee526f6f-3d45-469e-9618-ca9792ac197c|rpc:10.1.0.48:15014|admin:10.1.0.48:15013|client:10.1.0.48:15012|dataStream:10.1.0.48:15015|priority:0|startupRole:FOLLOWER, 453fd3f5-2dd8-488f-a349-96be441c1316|rpc:10.1.0.48:15032|admin:10.1.0.48:15031|client:10.1.0.48:15030|dataStream:10.1.0.48:15033|priority:1|startupRole:FOLLOWER, 276dcdcd-15bf-4616-85f3-24cbc9cded34|rpc:10.1.0.48:15023|admin:10.1.0.48:15022|client:10.1.0.48:15021|dataStream:10.1.0.48:15024|priority:0|startupRole:FOLLOWER]|listeners:[], old=null
2023-09-07 08:52:14,258 [ee526f6f-3d45-469e-9618-ca9792ac197c@group-109EC14DCC46-LeaderElection3] INFO  server.RaftServerConfigKeys (ConfUtils.java:logFallback(53)) - raft.server.rpc.first-election.timeout.min = 5s (fallback to raft.server.rpc.timeout.min)
2023-09-07 08:52:14,258 [ee526f6f-3d45-469e-9618-ca9792ac197c@group-109EC14DCC46-LeaderElection3] INFO  server.RaftServerConfigKeys (ConfUtils.java:logFallback(53)) - raft.server.rpc.first-election.timeout.max = 5200ms (fallback to raft.server.rpc.timeout.max)
2023-09-07 08:52:14,272 [ee526f6f-3d45-469e-9618-ca9792ac197c@group-109EC14DCC46-LeaderElection3-1] INFO  server.GrpcServerProtocolClient (GrpcServerProtocolClient.java:<init>(65)) - Build channel for 453fd3f5-2dd8-488f-a349-96be441c1316
2023-09-07 08:52:14,277 [ee526f6f-3d45-469e-9618-ca9792ac197c@group-109EC14DCC46-LeaderElection3-2] INFO  server.GrpcServerProtocolClient (GrpcServerProtocolClient.java:<init>(65)) - Build channel for 276dcdcd-15bf-4616-85f3-24cbc9cded34
2023-09-07 08:52:14,306 [grpc-default-executor-0] INFO  server.RaftServer$Division (RaftServerImpl.java:requestVote(1302)) - 453fd3f5-2dd8-488f-a349-96be441c1316@group-109EC14DCC46: receive requestVote(PRE_VOTE, ee526f6f-3d45-469e-9618-ca9792ac197c, group-109EC14DCC46, 0, (t:0, i:0))
2023-09-07 08:52:14,308 [grpc-default-executor-0] INFO  impl.VoteContext (VoteContext.java:log(49)) - 453fd3f5-2dd8-488f-a349-96be441c1316@group-109EC14DCC46-FOLLOWER: reject PRE_VOTE from ee526f6f-3d45-469e-9618-ca9792ac197c: our priority 1 > candidate's priority 0
2023-09-07 08:52:14,313 [grpc-default-executor-0] INFO  server.RaftServer$Division (RaftServerImpl.java:requestVote(1335)) - 453fd3f5-2dd8-488f-a349-96be441c1316@group-109EC14DCC46 replies to PRE_VOTE vote request: ee526f6f-3d45-469e-9618-ca9792ac197c<-453fd3f5-2dd8-488f-a349-96be441c1316#0:FAIL-t0. Peer's state: 453fd3f5-2dd8-488f-a349-96be441c1316@group-109EC14DCC46:t0, leader=null, voted=, raftlog=Memoized:453fd3f5-2dd8-488f-a349-96be441c1316@group-109EC14DCC46-SegmentedRaftLog:OPENED:c-1, conf=-1: peers:[ee526f6f-3d45-469e-9618-ca9792ac197c|rpc:10.1.0.48:15014|admin:10.1.0.48:15013|client:10.1.0.48:15012|dataStream:10.1.0.48:15015|priority:0|startupRole:FOLLOWER, 453fd3f5-2dd8-488f-a349-96be441c1316|rpc:10.1.0.48:15032|admin:10.1.0.48:15031|client:10.1.0.48:15030|dataStream:10.1.0.48:15033|priority:1|startupRole:FOLLOWER, 276dcdcd-15bf-4616-85f3-24cbc9cded34|rpc:10.1.0.48:15023|admin:10.1.0.48:15022|client:10.1.0.48:15021|dataStream:10.1.0.48:15024|priority:0|startupRole:FOLLOWER]|listeners:[], old=null
2023-09-07 08:52:14,313 [grpc-default-executor-1] INFO  server.RaftServer$Division (RaftServerImpl.java:requestVote(1302)) - 276dcdcd-15bf-4616-85f3-24cbc9cded34@group-109EC14DCC46: receive requestVote(PRE_VOTE, ee526f6f-3d45-469e-9618-ca9792ac197c, group-109EC14DCC46, 0, (t:0, i:0))
2023-09-07 08:52:14,314 [grpc-default-executor-1] INFO  impl.VoteContext (VoteContext.java:log(49)) - 276dcdcd-15bf-4616-85f3-24cbc9cded34@group-109EC14DCC46-FOLLOWER: accept PRE_VOTE from ee526f6f-3d45-469e-9618-ca9792ac197c: our priority 0 <= candidate's priority 0
2023-09-07 08:52:14,318 [grpc-default-executor-1] INFO  server.RaftServer$Division (RaftServerImpl.java:requestVote(1335)) - 276dcdcd-15bf-4616-85f3-24cbc9cded34@group-109EC14DCC46 replies to PRE_VOTE vote request: ee526f6f-3d45-469e-9618-ca9792ac197c<-276dcdcd-15bf-4616-85f3-24cbc9cded34#0:OK-t0. Peer's state: 276dcdcd-15bf-4616-85f3-24cbc9cded34@group-109EC14DCC46:t0, leader=null, voted=, raftlog=Memoized:276dcdcd-15bf-4616-85f3-24cbc9cded34@group-109EC14DCC46-SegmentedRaftLog:OPENED:c-1, conf=-1: peers:[ee526f6f-3d45-469e-9618-ca9792ac197c|rpc:10.1.0.48:15014|admin:10.1.0.48:15013|client:10.1.0.48:15012|dataStream:10.1.0.48:15015|priority:0|startupRole:FOLLOWER, 453fd3f5-2dd8-488f-a349-96be441c1316|rpc:10.1.0.48:15032|admin:10.1.0.48:15031|client:10.1.0.48:15030|dataStream:10.1.0.48:15033|priority:1|startupRole:FOLLOWER, 276dcdcd-15bf-4616-85f3-24cbc9cded34|rpc:10.1.0.48:15023|admin:10.1.0.48:15022|client:10.1.0.48:15021|dataStream:10.1.0.48:15024|priority:0|startupRole:FOLLOWER]|listeners:[], old=null
2023-09-07 08:52:14,324 [ee526f6f-3d45-469e-9618-ca9792ac197c@group-109EC14DCC46-LeaderElection3] INFO  impl.LeaderElection (LeaderElection.java:logAndReturn(90)) - ee526f6f-3d45-469e-9618-ca9792ac197c@group-109EC14DCC46-LeaderElection3: PRE_VOTE REJECTED received 1 response(s) and 0 exception(s):
2023-09-07 08:52:14,325 [ee526f6f-3d45-469e-9618-ca9792ac197c@group-109EC14DCC46-LeaderElection3] INFO  impl.LeaderElection (LeaderElection.java:logAndReturn(94)) -   Response 0: ee526f6f-3d45-469e-9618-ca9792ac197c<-453fd3f5-2dd8-488f-a349-96be441c1316#0:FAIL-t0
2023-09-07 08:52:14,326 [ee526f6f-3d45-469e-9618-ca9792ac197c@group-109EC14DCC46-LeaderElection3] INFO  impl.LeaderElection (LeaderElection.java:askForVotes(323)) - ee526f6f-3d45-469e-9618-ca9792ac197c@group-109EC14DCC46-LeaderElection3 PRE_VOTE round 0: result REJECTED
2023-09-07 08:52:14,326 [ee526f6f-3d45-469e-9618-ca9792ac197c@group-109EC14DCC46-LeaderElection3] INFO  server.RaftServer$Division (RaftServerImpl.java:setRole(329)) - ee526f6f-3d45-469e-9618-ca9792ac197c@group-109EC14DCC46: changes role from CANDIDATE to FOLLOWER at term 0 for REJECTED
2023-09-07 08:52:14,326 [ee526f6f-3d45-469e-9618-ca9792ac197c@group-109EC14DCC46-LeaderElection3] INFO  impl.RoleInfo (RoleInfo.java:shutdownLeaderElection(130)) - ee526f6f-3d45-469e-9618-ca9792ac197c: shutdown ee526f6f-3d45-469e-9618-ca9792ac197c@group-109EC14DCC46-LeaderElection3
2023-09-07 08:52:14,326 [ee526f6f-3d45-469e-9618-ca9792ac197c@group-109EC14DCC46-LeaderElection3] INFO  impl.RoleInfo (RoleInfo.java:updateAndGet(139)) - ee526f6f-3d45-469e-9618-ca9792ac197c: start ee526f6f-3d45-469e-9618-ca9792ac197c@group-109EC14DCC46-FollowerState
2023-09-07 08:52:14,680 [276dcdcd-15bf-4616-85f3-24cbc9cded34@group-F571CAA155C4-FollowerState] INFO  impl.FollowerState (FollowerState.java:run(143)) - 276dcdcd-15bf-4616-85f3-24cbc9cded34@group-F571CAA155C4-FollowerState: change to CANDIDATE, lastRpcElapsedTime:5176338979ns, electionTimeout:5154ms
2023-09-07 08:52:14,682 [276dcdcd-15bf-4616-85f3-24cbc9cded34@group-F571CAA155C4-FollowerState] INFO  impl.RoleInfo (RoleInfo.java:shutdownFollowerState(110)) - 276dcdcd-15bf-4616-85f3-24cbc9cded34: shutdown 276dcdcd-15bf-4616-85f3-24cbc9cded34@group-F571CAA155C4-FollowerState
2023-09-07 08:52:14,682 [276dcdcd-15bf-4616-85f3-24cbc9cded34@group-F571CAA155C4-FollowerState] INFO  server.RaftServer$Division (RaftServerImpl.java:setRole(329)) - 276dcdcd-15bf-4616-85f3-24cbc9cded34@group-F571CAA155C4: changes role from  FOLLOWER to CANDIDATE at term 0 for changeToCandidate
2023-09-07 08:52:14,683 [276dcdcd-15bf-4616-85f3-24cbc9cded34@group-F571CAA155C4-FollowerState] INFO  server.RaftServerConfigKeys (ConfUtils.java:logGet(46)) - raft.server.leaderelection.pre-vote = true (default)
2023-09-07 08:52:14,683 [276dcdcd-15bf-4616-85f3-24cbc9cded34@group-F571CAA155C4-FollowerState] INFO  impl.RoleInfo (RoleInfo.java:updateAndGet(139)) - 276dcdcd-15bf-4616-85f3-24cbc9cded34: start 276dcdcd-15bf-4616-85f3-24cbc9cded34@group-F571CAA155C4-LeaderElection4
2023-09-07 08:52:14,686 [276dcdcd-15bf-4616-85f3-24cbc9cded34@group-F571CAA155C4-LeaderElection4] INFO  impl.LeaderElection (LeaderElection.java:askForVotes(321)) - 276dcdcd-15bf-4616-85f3-24cbc9cded34@group-F571CAA155C4-LeaderElection4 PRE_VOTE round 0: submit vote requests at term 0 for -1: peers:[276dcdcd-15bf-4616-85f3-24cbc9cded34|rpc:10.1.0.48:15023|admin:10.1.0.48:15022|client:10.1.0.48:15021|dataStream:10.1.0.48:15024|priority:1|startupRole:FOLLOWER]|listeners:[], old=null
2023-09-07 08:52:14,686 [276dcdcd-15bf-4616-85f3-24cbc9cded34@group-F571CAA155C4-LeaderElection4] INFO  impl.LeaderElection (LeaderElection.java:askForVotes(323)) - 276dcdcd-15bf-4616-85f3-24cbc9cded34@group-F571CAA155C4-LeaderElection4 PRE_VOTE round 0: result PASSED (term=0)
2023-09-07 08:52:14,688 [276dcdcd-15bf-4616-85f3-24cbc9cded34@group-F571CAA155C4-LeaderElection4] INFO  impl.LeaderElection (LeaderElection.java:askForVotes(321)) - 276dcdcd-15bf-4616-85f3-24cbc9cded34@group-F571CAA155C4-LeaderElection4 ELECTION round 0: submit vote requests at term 1 for -1: peers:[276dcdcd-15bf-4616-85f3-24cbc9cded34|rpc:10.1.0.48:15023|admin:10.1.0.48:15022|client:10.1.0.48:15021|dataStream:10.1.0.48:15024|priority:1|startupRole:FOLLOWER]|listeners:[], old=null
2023-09-07 08:52:14,689 [276dcdcd-15bf-4616-85f3-24cbc9cded34@group-F571CAA155C4-LeaderElection4] INFO  impl.LeaderElection (LeaderElection.java:askForVotes(323)) - 276dcdcd-15bf-4616-85f3-24cbc9cded34@group-F571CAA155C4-LeaderElection4 ELECTION round 0: result PASSED (term=1)
2023-09-07 08:52:14,689 [276dcdcd-15bf-4616-85f3-24cbc9cded34@group-F571CAA155C4-LeaderElection4] INFO  impl.RoleInfo (RoleInfo.java:shutdownLeaderElection(130)) - 276dcdcd-15bf-4616-85f3-24cbc9cded34: shutdown 276dcdcd-15bf-4616-85f3-24cbc9cded34@group-F571CAA155C4-LeaderElection4
2023-09-07 08:52:14,689 [276dcdcd-15bf-4616-85f3-24cbc9cded34@group-F571CAA155C4-LeaderElection4] INFO  server.RaftServer$Division (RaftServerImpl.java:setRole(329)) - 276dcdcd-15bf-4616-85f3-24cbc9cded34@group-F571CAA155C4: changes role from CANDIDATE to LEADER at term 1 for changeToLeader
2023-09-07 08:52:14,689 [276dcdcd-15bf-4616-85f3-24cbc9cded34@group-F571CAA155C4-LeaderElection4] INFO  ratis.XceiverServerRatis (XceiverServerRatis.java:handleLeaderChangedNotification(902)) - Leader change notification received for group: group-F571CAA155C4 with new leaderId: 276dcdcd-15bf-4616-85f3-24cbc9cded34
2023-09-07 08:52:14,690 [276dcdcd-15bf-4616-85f3-24cbc9cded34@group-F571CAA155C4-LeaderElection4] INFO  server.RaftServer$Division (ServerState.java:setLeader(317)) - 276dcdcd-15bf-4616-85f3-24cbc9cded34@group-F571CAA155C4: change Leader from null to 276dcdcd-15bf-4616-85f3-24cbc9cded34 at term 1 for becomeLeader, leader elected after 5249ms
2023-09-07 08:52:14,690 [276dcdcd-15bf-4616-85f3-24cbc9cded34@group-F571CAA155C4-LeaderElection4] INFO  server.RaftServerConfigKeys (ConfUtils.java:logGet(46)) - raft.server.staging.catchup.gap = 1000 (default)
2023-09-07 08:52:14,692 [EventQueue-OpenPipelineForHealthyPipelineSafeModeRule] INFO  safemode.SCMSafeModeManager (HealthyPipelineSafeModeRule.java:process(137)) - SCM in safe mode. Healthy pipelines reported count is 0, required healthy pipeline reported count is 1
2023-09-07 08:52:14,693 [276dcdcd-15bf-4616-85f3-24cbc9cded34@group-F571CAA155C4-LeaderElection4] INFO  server.RaftServerConfigKeys (ConfUtils.java:logGet(46)) - raft.server.write.element-limit = 1024 (custom)
2023-09-07 08:52:14,694 [276dcdcd-15bf-4616-85f3-24cbc9cded34@group-F571CAA155C4-LeaderElection4] INFO  server.RaftServerConfigKeys (ConfUtils.java:logGet(46)) - raft.server.write.byte-limit = 1024 M (=1073741824) (custom)
2023-09-07 08:52:14,694 [276dcdcd-15bf-4616-85f3-24cbc9cded34@group-F571CAA155C4-LeaderElection4] INFO  server.RaftServerConfigKeys (ConfUtils.java:logGet(46)) - raft.server.watch.timeout = 180s (custom)
2023-09-07 08:52:14,694 [276dcdcd-15bf-4616-85f3-24cbc9cded34@group-F571CAA155C4-LeaderElection4] INFO  server.RaftServerConfigKeys (ConfUtils.java:logGet(46)) - raft.server.watch.timeout.denomination = 1s (default)
2023-09-07 08:52:14,694 [276dcdcd-15bf-4616-85f3-24cbc9cded34@group-F571CAA155C4-LeaderElection4] INFO  server.RaftServerConfigKeys (ConfUtils.java:logGet(46)) - raft.server.watch.element-limit = 65536 (default)
2023-09-07 08:52:14,694 [276dcdcd-15bf-4616-85f3-24cbc9cded34@group-F571CAA155C4-LeaderElection4] INFO  server.RaftServerConfigKeys (ConfUtils.java:logGet(46)) - raft.server.write.element-limit = 1024 (custom)
2023-09-07 08:52:14,694 [276dcdcd-15bf-4616-85f3-24cbc9cded34@group-F571CAA155C4-LeaderElection4] INFO  server.RaftServerConfigKeys (ConfUtils.java:logGet(46)) - raft.server.write.follower.gap.ratio.max = -1.0 (default)
2023-09-07 08:52:14,695 [276dcdcd-15bf-4616-85f3-24cbc9cded34@group-F571CAA155C4-LeaderElection4] INFO  impl.RoleInfo (RoleInfo.java:updateAndGet(139)) - 276dcdcd-15bf-4616-85f3-24cbc9cded34: start 276dcdcd-15bf-4616-85f3-24cbc9cded34@group-F571CAA155C4-LeaderStateImpl
2023-09-07 08:52:14,695 [276dcdcd-15bf-4616-85f3-24cbc9cded34@group-F571CAA155C4-LeaderElection4] INFO  segmented.SegmentedRaftLogWorker (SegmentedRaftLogWorker.java:startLogSegment(447)) - 276dcdcd-15bf-4616-85f3-24cbc9cded34@group-F571CAA155C4-SegmentedRaftLogWorker: Starting segment from index:0
2023-09-07 08:52:14,697 [276dcdcd-15bf-4616-85f3-24cbc9cded34@group-F571CAA155C4-SegmentedRaftLogWorker] INFO  segmented.SegmentedRaftLogWorker (SegmentedRaftLogWorker.java:execute(651)) - 276dcdcd-15bf-4616-85f3-24cbc9cded34@group-F571CAA155C4-SegmentedRaftLogWorker: created new log segment /home/runner/work/ozone/ozone/hadoop-ozone/integration-test/target/test-dir/MiniOzoneClusterImpl-480c9758-28d8-415f-a146-fed859d0e253/datanode-1/data/ratis/345dc5c3-fa51-493d-9b98-f571caa155c4/current/log_inprogress_0
2023-09-07 08:52:14,706 [main] INFO  ozone.MiniOzoneClusterImpl (MiniOzoneClusterImpl.java:lambda$waitForClusterToBeReady$0(224)) - Nodes are ready. Got 5 of 5 DN Heartbeats.
2023-09-07 08:52:14,707 [main] INFO  ozone.MiniOzoneClusterImpl (MiniOzoneClusterImpl.java:lambda$waitForClusterToBeReady$0(227)) - Waiting for cluster to exit safe mode
2023-09-07 08:52:14,707 [main] INFO  ozone.MiniOzoneClusterImpl (MiniOzoneClusterImpl.java:lambda$waitForClusterToBeReady$0(229)) - SCM became leader
2023-09-07 08:52:14,707 [276dcdcd-15bf-4616-85f3-24cbc9cded34@group-F571CAA155C4-LeaderElection4] INFO  server.RaftServer$Division (ServerState.java:setRaftConf(434)) - 276dcdcd-15bf-4616-85f3-24cbc9cded34@group-F571CAA155C4: set configuration 0: peers:[276dcdcd-15bf-4616-85f3-24cbc9cded34|rpc:10.1.0.48:15023|admin:10.1.0.48:15022|client:10.1.0.48:15021|dataStream:10.1.0.48:15024|priority:1|startupRole:FOLLOWER]|listeners:[], old=null
2023-09-07 08:52:14,802 [276dcdcd-15bf-4616-85f3-24cbc9cded34@group-109EC14DCC46-FollowerState] INFO  server.RaftServerConfigKeys (ConfUtils.java:logFallback(53)) - raft.server.rpc.first-election.timeout.min = 5s (fallback to raft.server.rpc.timeout.min)
2023-09-07 08:52:14,802 [276dcdcd-15bf-4616-85f3-24cbc9cded34@group-109EC14DCC46-FollowerState] INFO  server.RaftServerConfigKeys (ConfUtils.java:logFallback(53)) - raft.server.rpc.first-election.timeout.max = 5200ms (fallback to raft.server.rpc.timeout.max)
2023-09-07 08:52:15,199 [453fd3f5-2dd8-488f-a349-96be441c1316@group-109EC14DCC46-FollowerState] INFO  impl.FollowerState (FollowerState.java:run(143)) - 453fd3f5-2dd8-488f-a349-96be441c1316@group-109EC14DCC46-FollowerState: change to CANDIDATE, lastRpcElapsedTime:5104510422ns, electionTimeout:5079ms
2023-09-07 08:52:15,199 [453fd3f5-2dd8-488f-a349-96be441c1316@group-109EC14DCC46-FollowerState] INFO  impl.RoleInfo (RoleInfo.java:shutdownFollowerState(110)) - 453fd3f5-2dd8-488f-a349-96be441c1316: shutdown 453fd3f5-2dd8-488f-a349-96be441c1316@group-109EC14DCC46-FollowerState
2023-09-07 08:52:15,199 [453fd3f5-2dd8-488f-a349-96be441c1316@group-109EC14DCC46-FollowerState] INFO  server.RaftServer$Division (RaftServerImpl.java:setRole(329)) - 453fd3f5-2dd8-488f-a349-96be441c1316@group-109EC14DCC46: changes role from  FOLLOWER to CANDIDATE at term 0 for changeToCandidate
2023-09-07 08:52:15,200 [453fd3f5-2dd8-488f-a349-96be441c1316@group-109EC14DCC46-FollowerState] INFO  server.RaftServerConfigKeys (ConfUtils.java:logGet(46)) - raft.server.leaderelection.pre-vote = true (default)
2023-09-07 08:52:15,200 [453fd3f5-2dd8-488f-a349-96be441c1316@group-109EC14DCC46-FollowerState] INFO  impl.RoleInfo (RoleInfo.java:updateAndGet(139)) - 453fd3f5-2dd8-488f-a349-96be441c1316: start 453fd3f5-2dd8-488f-a349-96be441c1316@group-109EC14DCC46-LeaderElection5
2023-09-07 08:52:15,202 [453fd3f5-2dd8-488f-a349-96be441c1316@group-109EC14DCC46-LeaderElection5] INFO  impl.LeaderElection (LeaderElection.java:askForVotes(321)) - 453fd3f5-2dd8-488f-a349-96be441c1316@group-109EC14DCC46-LeaderElection5 PRE_VOTE round 0: submit vote requests at term 0 for -1: peers:[ee526f6f-3d45-469e-9618-ca9792ac197c|rpc:10.1.0.48:15014|admin:10.1.0.48:15013|client:10.1.0.48:15012|dataStream:10.1.0.48:15015|priority:0|startupRole:FOLLOWER, 453fd3f5-2dd8-488f-a349-96be441c1316|rpc:10.1.0.48:15032|admin:10.1.0.48:15031|client:10.1.0.48:15030|dataStream:10.1.0.48:15033|priority:1|startupRole:FOLLOWER, 276dcdcd-15bf-4616-85f3-24cbc9cded34|rpc:10.1.0.48:15023|admin:10.1.0.48:15022|client:10.1.0.48:15021|dataStream:10.1.0.48:15024|priority:0|startupRole:FOLLOWER]|listeners:[], old=null
2023-09-07 08:52:15,203 [453fd3f5-2dd8-488f-a349-96be441c1316@group-109EC14DCC46-LeaderElection5-1] INFO  server.GrpcServerProtocolClient (GrpcServerProtocolClient.java:<init>(65)) - Build channel for ee526f6f-3d45-469e-9618-ca9792ac197c
2023-09-07 08:52:15,206 [453fd3f5-2dd8-488f-a349-96be441c1316@group-109EC14DCC46-LeaderElection5] INFO  server.RaftServerConfigKeys (ConfUtils.java:logFallback(53)) - raft.server.rpc.first-election.timeout.min = 5s (fallback to raft.server.rpc.timeout.min)
2023-09-07 08:52:15,206 [453fd3f5-2dd8-488f-a349-96be441c1316@group-109EC14DCC46-LeaderElection5-2] INFO  server.GrpcServerProtocolClient (GrpcServerProtocolClient.java:<init>(65)) - Build channel for 276dcdcd-15bf-4616-85f3-24cbc9cded34
2023-09-07 08:52:15,210 [453fd3f5-2dd8-488f-a349-96be441c1316@group-109EC14DCC46-LeaderElection5] INFO  server.RaftServerConfigKeys (ConfUtils.java:logFallback(53)) - raft.server.rpc.first-election.timeout.max = 5200ms (fallback to raft.server.rpc.timeout.max)
2023-09-07 08:52:15,222 [grpc-default-executor-1] INFO  server.RaftServer$Division (RaftServerImpl.java:requestVote(1302)) - ee526f6f-3d45-469e-9618-ca9792ac197c@group-109EC14DCC46: receive requestVote(PRE_VOTE, 453fd3f5-2dd8-488f-a349-96be441c1316, group-109EC14DCC46, 0, (t:0, i:0))
2023-09-07 08:52:15,222 [grpc-default-executor-1] INFO  impl.VoteContext (VoteContext.java:log(49)) - ee526f6f-3d45-469e-9618-ca9792ac197c@group-109EC14DCC46-FOLLOWER: accept PRE_VOTE from 453fd3f5-2dd8-488f-a349-96be441c1316: our priority 0 <= candidate's priority 1
2023-09-07 08:52:15,222 [grpc-default-executor-1] INFO  server.RaftServer$Division (RaftServerImpl.java:requestVote(1335)) - ee526f6f-3d45-469e-9618-ca9792ac197c@group-109EC14DCC46 replies to PRE_VOTE vote request: 453fd3f5-2dd8-488f-a349-96be441c1316<-ee526f6f-3d45-469e-9618-ca9792ac197c#0:OK-t0. Peer's state: ee526f6f-3d45-469e-9618-ca9792ac197c@group-109EC14DCC46:t0, leader=null, voted=, raftlog=Memoized:ee526f6f-3d45-469e-9618-ca9792ac197c@group-109EC14DCC46-SegmentedRaftLog:OPENED:c-1, conf=-1: peers:[ee526f6f-3d45-469e-9618-ca9792ac197c|rpc:10.1.0.48:15014|admin:10.1.0.48:15013|client:10.1.0.48:15012|dataStream:10.1.0.48:15015|priority:0|startupRole:FOLLOWER, 453fd3f5-2dd8-488f-a349-96be441c1316|rpc:10.1.0.48:15032|admin:10.1.0.48:15031|client:10.1.0.48:15030|dataStream:10.1.0.48:15033|priority:1|startupRole:FOLLOWER, 276dcdcd-15bf-4616-85f3-24cbc9cded34|rpc:10.1.0.48:15023|admin:10.1.0.48:15022|client:10.1.0.48:15021|dataStream:10.1.0.48:15024|priority:0|startupRole:FOLLOWER]|listeners:[], old=null
2023-09-07 08:52:15,227 [453fd3f5-2dd8-488f-a349-96be441c1316@group-109EC14DCC46-LeaderElection5] INFO  impl.LeaderElection (LeaderElection.java:logAndReturn(90)) - 453fd3f5-2dd8-488f-a349-96be441c1316@group-109EC14DCC46-LeaderElection5: PRE_VOTE PASSED received 1 response(s) and 0 exception(s):
2023-09-07 08:52:15,227 [453fd3f5-2dd8-488f-a349-96be441c1316@group-109EC14DCC46-LeaderElection5] INFO  impl.LeaderElection (LeaderElection.java:logAndReturn(94)) -   Response 0: 453fd3f5-2dd8-488f-a349-96be441c1316<-ee526f6f-3d45-469e-9618-ca9792ac197c#0:OK-t0
2023-09-07 08:52:15,227 [453fd3f5-2dd8-488f-a349-96be441c1316@group-109EC14DCC46-LeaderElection5] INFO  impl.LeaderElection (LeaderElection.java:askForVotes(323)) - 453fd3f5-2dd8-488f-a349-96be441c1316@group-109EC14DCC46-LeaderElection5 PRE_VOTE round 0: result PASSED
2023-09-07 08:52:15,229 [453fd3f5-2dd8-488f-a349-96be441c1316@group-109EC14DCC46-LeaderElection5] INFO  impl.LeaderElection (LeaderElection.java:askForVotes(321)) - 453fd3f5-2dd8-488f-a349-96be441c1316@group-109EC14DCC46-LeaderElection5 ELECTION round 0: submit vote requests at term 1 for -1: peers:[ee526f6f-3d45-469e-9618-ca9792ac197c|rpc:10.1.0.48:15014|admin:10.1.0.48:15013|client:10.1.0.48:15012|dataStream:10.1.0.48:15015|priority:0|startupRole:FOLLOWER, 453fd3f5-2dd8-488f-a349-96be441c1316|rpc:10.1.0.48:15032|admin:10.1.0.48:15031|client:10.1.0.48:15030|dataStream:10.1.0.48:15033|priority:1|startupRole:FOLLOWER, 276dcdcd-15bf-4616-85f3-24cbc9cded34|rpc:10.1.0.48:15023|admin:10.1.0.48:15022|client:10.1.0.48:15021|dataStream:10.1.0.48:15024|priority:0|startupRole:FOLLOWER]|listeners:[], old=null
2023-09-07 08:52:15,231 [453fd3f5-2dd8-488f-a349-96be441c1316@group-109EC14DCC46-LeaderElection5] INFO  server.RaftServerConfigKeys (ConfUtils.java:logFallback(53)) - raft.server.rpc.first-election.timeout.min = 5s (fallback to raft.server.rpc.timeout.min)
2023-09-07 08:52:15,231 [453fd3f5-2dd8-488f-a349-96be441c1316@group-109EC14DCC46-LeaderElection5] INFO  server.RaftServerConfigKeys (ConfUtils.java:logFallback(53)) - raft.server.rpc.first-election.timeout.max = 5200ms (fallback to raft.server.rpc.timeout.max)
2023-09-07 08:52:15,236 [453fd3f5-2dd8-488f-a349-96be441c1316@group-B16DAE932054-FollowerState] INFO  impl.FollowerState (FollowerState.java:run(143)) - 453fd3f5-2dd8-488f-a349-96be441c1316@group-B16DAE932054-FollowerState: change to CANDIDATE, lastRpcElapsedTime:5044711742ns, electionTimeout:5043ms
2023-09-07 08:52:15,237 [453fd3f5-2dd8-488f-a349-96be441c1316@group-B16DAE932054-FollowerState] INFO  impl.RoleInfo (RoleInfo.java:shutdownFollowerState(110)) - 453fd3f5-2dd8-488f-a349-96be441c1316: shutdown 453fd3f5-2dd8-488f-a349-96be441c1316@group-B16DAE932054-FollowerState
2023-09-07 08:52:15,238 [453fd3f5-2dd8-488f-a349-96be441c1316@group-B16DAE932054-FollowerState] INFO  server.RaftServer$Division (RaftServerImpl.java:setRole(329)) - 453fd3f5-2dd8-488f-a349-96be441c1316@group-B16DAE932054: changes role from  FOLLOWER to CANDIDATE at term 0 for changeToCandidate
2023-09-07 08:52:15,238 [453fd3f5-2dd8-488f-a349-96be441c1316@group-B16DAE932054-FollowerState] INFO  server.RaftServerConfigKeys (ConfUtils.java:logGet(46)) - raft.server.leaderelection.pre-vote = true (default)
2023-09-07 08:52:15,238 [453fd3f5-2dd8-488f-a349-96be441c1316@group-B16DAE932054-FollowerState] INFO  impl.RoleInfo (RoleInfo.java:updateAndGet(139)) - 453fd3f5-2dd8-488f-a349-96be441c1316: start 453fd3f5-2dd8-488f-a349-96be441c1316@group-B16DAE932054-LeaderElection6
2023-09-07 08:52:15,241 [grpc-default-executor-1] INFO  server.RaftServer$Division (RaftServerImpl.java:requestVote(1302)) - ee526f6f-3d45-469e-9618-ca9792ac197c@group-109EC14DCC46: receive requestVote(ELECTION, 453fd3f5-2dd8-488f-a349-96be441c1316, group-109EC14DCC46, 1, (t:0, i:0))
2023-09-07 08:52:15,242 [grpc-default-executor-1] INFO  impl.VoteContext (VoteContext.java:log(49)) - ee526f6f-3d45-469e-9618-ca9792ac197c@group-109EC14DCC46-FOLLOWER: accept ELECTION from 453fd3f5-2dd8-488f-a349-96be441c1316: our priority 0 <= candidate's priority 1
2023-09-07 08:52:15,242 [grpc-default-executor-1] INFO  server.RaftServer$Division (RaftServerImpl.java:setRole(329)) - ee526f6f-3d45-469e-9618-ca9792ac197c@group-109EC14DCC46: changes role from  FOLLOWER to FOLLOWER at term 1 for candidate:453fd3f5-2dd8-488f-a349-96be441c1316
2023-09-07 08:52:15,242 [grpc-default-executor-1] INFO  impl.RoleInfo (RoleInfo.java:shutdownFollowerState(110)) - ee526f6f-3d45-469e-9618-ca9792ac197c: shutdown ee526f6f-3d45-469e-9618-ca9792ac197c@group-109EC14DCC46-FollowerState
2023-09-07 08:52:15,242 [grpc-default-executor-1] INFO  impl.RoleInfo (RoleInfo.java:updateAndGet(139)) - ee526f6f-3d45-469e-9618-ca9792ac197c: start ee526f6f-3d45-469e-9618-ca9792ac197c@group-109EC14DCC46-FollowerState
2023-09-07 08:52:15,242 [ee526f6f-3d45-469e-9618-ca9792ac197c@group-109EC14DCC46-FollowerState] INFO  impl.FollowerState (FollowerState.java:run(152)) - ee526f6f-3d45-469e-9618-ca9792ac197c@group-109EC14DCC46-FollowerState was interrupted
2023-09-07 08:52:15,248 [grpc-default-executor-1] INFO  server.RaftServer$Division (RaftServerImpl.java:requestVote(1335)) - ee526f6f-3d45-469e-9618-ca9792ac197c@group-109EC14DCC46 replies to ELECTION vote request: 453fd3f5-2dd8-488f-a349-96be441c1316<-ee526f6f-3d45-469e-9618-ca9792ac197c#0:OK-t1. Peer's state: ee526f6f-3d45-469e-9618-ca9792ac197c@group-109EC14DCC46:t1, leader=null, voted=453fd3f5-2dd8-488f-a349-96be441c1316, raftlog=Memoized:ee526f6f-3d45-469e-9618-ca9792ac197c@group-109EC14DCC46-SegmentedRaftLog:OPENED:c-1, conf=-1: peers:[ee526f6f-3d45-469e-9618-ca9792ac197c|rpc:10.1.0.48:15014|admin:10.1.0.48:15013|client:10.1.0.48:15012|dataStream:10.1.0.48:15015|priority:0|startupRole:FOLLOWER, 453fd3f5-2dd8-488f-a349-96be441c1316|rpc:10.1.0.48:15032|admin:10.1.0.48:15031|client:10.1.0.48:15030|dataStream:10.1.0.48:15033|priority:1|startupRole:FOLLOWER, 276dcdcd-15bf-4616-85f3-24cbc9cded34|rpc:10.1.0.48:15023|admin:10.1.0.48:15022|client:10.1.0.48:15021|dataStream:10.1.0.48:15024|priority:0|startupRole:FOLLOWER]|listeners:[], old=null
2023-09-07 08:52:15,254 [grpc-default-executor-0] INFO  server.RaftServer$Division (RaftServerImpl.java:requestVote(1302)) - 276dcdcd-15bf-4616-85f3-24cbc9cded34@group-109EC14DCC46: receive requestVote(PRE_VOTE, 453fd3f5-2dd8-488f-a349-96be441c1316, group-109EC14DCC46, 0, (t:0, i:0))
2023-09-07 08:52:15,254 [grpc-default-executor-0] INFO  impl.VoteContext (VoteContext.java:log(49)) - 276dcdcd-15bf-4616-85f3-24cbc9cded34@group-109EC14DCC46-FOLLOWER: accept PRE_VOTE from 453fd3f5-2dd8-488f-a349-96be441c1316: our priority 0 <= candidate's priority 1
2023-09-07 08:52:15,254 [grpc-default-executor-0] INFO  server.RaftServer$Division (RaftServerImpl.java:requestVote(1335)) - 276dcdcd-15bf-4616-85f3-24cbc9cded34@group-109EC14DCC46 replies to PRE_VOTE vote request: 453fd3f5-2dd8-488f-a349-96be441c1316<-276dcdcd-15bf-4616-85f3-24cbc9cded34#0:OK-t0. Peer's state: 276dcdcd-15bf-4616-85f3-24cbc9cded34@group-109EC14DCC46:t0, leader=null, voted=, raftlog=Memoized:276dcdcd-15bf-4616-85f3-24cbc9cded34@group-109EC14DCC46-SegmentedRaftLog:OPENED:c-1, conf=-1: peers:[ee526f6f-3d45-469e-9618-ca9792ac197c|rpc:10.1.0.48:15014|admin:10.1.0.48:15013|client:10.1.0.48:15012|dataStream:10.1.0.48:15015|priority:0|startupRole:FOLLOWER, 453fd3f5-2dd8-488f-a349-96be441c1316|rpc:10.1.0.48:15032|admin:10.1.0.48:15031|client:10.1.0.48:15030|dataStream:10.1.0.48:15033|priority:1|startupRole:FOLLOWER, 276dcdcd-15bf-4616-85f3-24cbc9cded34|rpc:10.1.0.48:15023|admin:10.1.0.48:15022|client:10.1.0.48:15021|dataStream:10.1.0.48:15024|priority:0|startupRole:FOLLOWER]|listeners:[], old=null
2023-09-07 08:52:15,256 [453fd3f5-2dd8-488f-a349-96be441c1316@group-B16DAE932054-LeaderElection6] INFO  impl.LeaderElection (LeaderElection.java:askForVotes(321)) - 453fd3f5-2dd8-488f-a349-96be441c1316@group-B16DAE932054-LeaderElection6 PRE_VOTE round 0: submit vote requests at term 0 for -1: peers:[453fd3f5-2dd8-488f-a349-96be441c1316|rpc:10.1.0.48:15032|admin:10.1.0.48:15031|client:10.1.0.48:15030|dataStream:10.1.0.48:15033|priority:1|startupRole:FOLLOWER]|listeners:[], old=null
2023-09-07 08:52:15,257 [453fd3f5-2dd8-488f-a349-96be441c1316@group-B16DAE932054-LeaderElection6] INFO  impl.LeaderElection (LeaderElection.java:askForVotes(323)) - 453fd3f5-2dd8-488f-a349-96be441c1316@group-B16DAE932054-LeaderElection6 PRE_VOTE round 0: result PASSED (term=0)
2023-09-07 08:52:15,257 [grpc-default-executor-1] INFO  server.RaftServer$Division (RaftServerImpl.java:requestVote(1302)) - 276dcdcd-15bf-4616-85f3-24cbc9cded34@group-109EC14DCC46: receive requestVote(ELECTION, 453fd3f5-2dd8-488f-a349-96be441c1316, group-109EC14DCC46, 1, (t:0, i:0))
2023-09-07 08:52:15,259 [grpc-default-executor-1] INFO  impl.VoteContext (VoteContext.java:log(49)) - 276dcdcd-15bf-4616-85f3-24cbc9cded34@group-109EC14DCC46-FOLLOWER: accept ELECTION from 453fd3f5-2dd8-488f-a349-96be441c1316: our priority 0 <= candidate's priority 1
2023-09-07 08:52:15,259 [grpc-default-executor-1] INFO  server.RaftServer$Division (RaftServerImpl.java:setRole(329)) - 276dcdcd-15bf-4616-85f3-24cbc9cded34@group-109EC14DCC46: changes role from  FOLLOWER to FOLLOWER at term 1 for candidate:453fd3f5-2dd8-488f-a349-96be441c1316
2023-09-07 08:52:15,259 [grpc-default-executor-1] INFO  impl.RoleInfo (RoleInfo.java:shutdownFollowerState(110)) - 276dcdcd-15bf-4616-85f3-24cbc9cded34: shutdown 276dcdcd-15bf-4616-85f3-24cbc9cded34@group-109EC14DCC46-FollowerState
2023-09-07 08:52:15,259 [276dcdcd-15bf-4616-85f3-24cbc9cded34@group-109EC14DCC46-FollowerState] INFO  impl.FollowerState (FollowerState.java:run(152)) - 276dcdcd-15bf-4616-85f3-24cbc9cded34@group-109EC14DCC46-FollowerState was interrupted
2023-09-07 08:52:15,260 [grpc-default-executor-1] INFO  impl.RoleInfo (RoleInfo.java:updateAndGet(139)) - 276dcdcd-15bf-4616-85f3-24cbc9cded34: start 276dcdcd-15bf-4616-85f3-24cbc9cded34@group-109EC14DCC46-FollowerState
2023-09-07 08:52:15,260 [453fd3f5-2dd8-488f-a349-96be441c1316@group-B16DAE932054-LeaderElection6] INFO  impl.LeaderElection (LeaderElection.java:askForVotes(321)) - 453fd3f5-2dd8-488f-a349-96be441c1316@group-B16DAE932054-LeaderElection6 ELECTION round 0: submit vote requests at term 1 for -1: peers:[453fd3f5-2dd8-488f-a349-96be441c1316|rpc:10.1.0.48:15032|admin:10.1.0.48:15031|client:10.1.0.48:15030|dataStream:10.1.0.48:15033|priority:1|startupRole:FOLLOWER]|listeners:[], old=null
2023-09-07 08:52:15,260 [453fd3f5-2dd8-488f-a349-96be441c1316@group-B16DAE932054-LeaderElection6] INFO  impl.LeaderElection (LeaderElection.java:askForVotes(323)) - 453fd3f5-2dd8-488f-a349-96be441c1316@group-B16DAE932054-LeaderElection6 ELECTION round 0: result PASSED (term=1)
2023-09-07 08:52:15,260 [453fd3f5-2dd8-488f-a349-96be441c1316@group-B16DAE932054-LeaderElection6] INFO  impl.RoleInfo (RoleInfo.java:shutdownLeaderElection(130)) - 453fd3f5-2dd8-488f-a349-96be441c1316: shutdown 453fd3f5-2dd8-488f-a349-96be441c1316@group-B16DAE932054-LeaderElection6
2023-09-07 08:52:15,261 [453fd3f5-2dd8-488f-a349-96be441c1316@group-B16DAE932054-LeaderElection6] INFO  server.RaftServer$Division (RaftServerImpl.java:setRole(329)) - 453fd3f5-2dd8-488f-a349-96be441c1316@group-B16DAE932054: changes role from CANDIDATE to LEADER at term 1 for changeToLeader
2023-09-07 08:52:15,261 [453fd3f5-2dd8-488f-a349-96be441c1316@group-B16DAE932054-LeaderElection6] INFO  ratis.XceiverServerRatis (XceiverServerRatis.java:handleLeaderChangedNotification(902)) - Leader change notification received for group: group-B16DAE932054 with new leaderId: 453fd3f5-2dd8-488f-a349-96be441c1316
2023-09-07 08:52:15,267 [grpc-default-executor-1] INFO  server.RaftServer$Division (RaftServerImpl.java:requestVote(1335)) - 276dcdcd-15bf-4616-85f3-24cbc9cded34@group-109EC14DCC46 replies to ELECTION vote request: 453fd3f5-2dd8-488f-a349-96be441c1316<-276dcdcd-15bf-4616-85f3-24cbc9cded34#0:OK-t1. Peer's state: 276dcdcd-15bf-4616-85f3-24cbc9cded34@group-109EC14DCC46:t1, leader=null, voted=453fd3f5-2dd8-488f-a349-96be441c1316, raftlog=Memoized:276dcdcd-15bf-4616-85f3-24cbc9cded34@group-109EC14DCC46-SegmentedRaftLog:OPENED:c-1, conf=-1: peers:[ee526f6f-3d45-469e-9618-ca9792ac197c|rpc:10.1.0.48:15014|admin:10.1.0.48:15013|client:10.1.0.48:15012|dataStream:10.1.0.48:15015|priority:0|startupRole:FOLLOWER, 453fd3f5-2dd8-488f-a349-96be441c1316|rpc:10.1.0.48:15032|admin:10.1.0.48:15031|client:10.1.0.48:15030|dataStream:10.1.0.48:15033|priority:1|startupRole:FOLLOWER, 276dcdcd-15bf-4616-85f3-24cbc9cded34|rpc:10.1.0.48:15023|admin:10.1.0.48:15022|client:10.1.0.48:15021|dataStream:10.1.0.48:15024|priority:0|startupRole:FOLLOWER]|listeners:[], old=null
2023-09-07 08:52:15,267 [EventQueue-OpenPipelineForHealthyPipelineSafeModeRule] INFO  safemode.SCMSafeModeManager (HealthyPipelineSafeModeRule.java:process(137)) - SCM in safe mode. Healthy pipelines reported count is 0, required healthy pipeline reported count is 1
2023-09-07 08:52:15,270 [453fd3f5-2dd8-488f-a349-96be441c1316@group-B16DAE932054-LeaderElection6] INFO  server.RaftServer$Division (ServerState.java:setLeader(317)) - 453fd3f5-2dd8-488f-a349-96be441c1316@group-B16DAE932054: change Leader from null to 453fd3f5-2dd8-488f-a349-96be441c1316 at term 1 for becomeLeader, leader elected after 5140ms
2023-09-07 08:52:15,271 [453fd3f5-2dd8-488f-a349-96be441c1316@group-109EC14DCC46-LeaderElection5] INFO  impl.LeaderElection (LeaderElection.java:logAndReturn(90)) - 453fd3f5-2dd8-488f-a349-96be441c1316@group-109EC14DCC46-LeaderElection5: ELECTION PASSED received 1 response(s) and 0 exception(s):
2023-09-07 08:52:15,271 [453fd3f5-2dd8-488f-a349-96be441c1316@group-109EC14DCC46-LeaderElection5] INFO  impl.LeaderElection (LeaderElection.java:logAndReturn(94)) -   Response 0: 453fd3f5-2dd8-488f-a349-96be441c1316<-ee526f6f-3d45-469e-9618-ca9792ac197c#0:OK-t1
2023-09-07 08:52:15,271 [453fd3f5-2dd8-488f-a349-96be441c1316@group-109EC14DCC46-LeaderElection5] INFO  impl.LeaderElection (LeaderElection.java:askForVotes(323)) - 453fd3f5-2dd8-488f-a349-96be441c1316@group-109EC14DCC46-LeaderElection5 ELECTION round 0: result PASSED
2023-09-07 08:52:15,271 [453fd3f5-2dd8-488f-a349-96be441c1316@group-109EC14DCC46-LeaderElection5] INFO  impl.RoleInfo (RoleInfo.java:shutdownLeaderElection(130)) - 453fd3f5-2dd8-488f-a349-96be441c1316: shutdown 453fd3f5-2dd8-488f-a349-96be441c1316@group-109EC14DCC46-LeaderElection5
2023-09-07 08:52:15,271 [453fd3f5-2dd8-488f-a349-96be441c1316@group-109EC14DCC46-LeaderElection5] INFO  server.RaftServer$Division (RaftServerImpl.java:setRole(329)) - 453fd3f5-2dd8-488f-a349-96be441c1316@group-109EC14DCC46: changes role from CANDIDATE to LEADER at term 1 for changeToLeader
2023-09-07 08:52:15,271 [453fd3f5-2dd8-488f-a349-96be441c1316@group-109EC14DCC46-LeaderElection5] INFO  ratis.XceiverServerRatis (XceiverServerRatis.java:handleLeaderChangedNotification(902)) - Leader change notification received for group: group-109EC14DCC46 with new leaderId: 453fd3f5-2dd8-488f-a349-96be441c1316
2023-09-07 08:52:15,271 [453fd3f5-2dd8-488f-a349-96be441c1316@group-B16DAE932054-LeaderElection6] INFO  server.RaftServerConfigKeys (ConfUtils.java:logGet(46)) - raft.server.staging.catchup.gap = 1000 (default)
2023-09-07 08:52:15,272 [453fd3f5-2dd8-488f-a349-96be441c1316@group-109EC14DCC46-LeaderElection5] INFO  server.RaftServer$Division (ServerState.java:setLeader(317)) - 453fd3f5-2dd8-488f-a349-96be441c1316@group-109EC14DCC46: change Leader from null to 453fd3f5-2dd8-488f-a349-96be441c1316 at term 1 for becomeLeader, leader elected after 5592ms
2023-09-07 08:52:15,272 [453fd3f5-2dd8-488f-a349-96be441c1316@group-109EC14DCC46-LeaderElection5] INFO  server.RaftServerConfigKeys (ConfUtils.java:logGet(46)) - raft.server.staging.catchup.gap = 1000 (default)
2023-09-07 08:52:15,272 [453fd3f5-2dd8-488f-a349-96be441c1316@group-109EC14DCC46-LeaderElection5] INFO  server.RaftServerConfigKeys (ConfUtils.java:logGet(46)) - raft.server.write.element-limit = 1024 (custom)
2023-09-07 08:52:15,272 [453fd3f5-2dd8-488f-a349-96be441c1316@group-B16DAE932054-LeaderElection6] INFO  server.RaftServerConfigKeys (ConfUtils.java:logGet(46)) - raft.server.write.element-limit = 1024 (custom)
2023-09-07 08:52:15,272 [453fd3f5-2dd8-488f-a349-96be441c1316@group-109EC14DCC46-LeaderElection5] INFO  server.RaftServerConfigKeys (ConfUtils.java:logGet(46)) - raft.server.write.byte-limit = 1024 M (=1073741824) (custom)
2023-09-07 08:52:15,272 [453fd3f5-2dd8-488f-a349-96be441c1316@group-B16DAE932054-LeaderElection6] INFO  server.RaftServerConfigKeys (ConfUtils.java:logGet(46)) - raft.server.write.byte-limit = 1024 M (=1073741824) (custom)
2023-09-07 08:52:15,273 [453fd3f5-2dd8-488f-a349-96be441c1316@group-B16DAE932054-LeaderElection6] INFO  server.RaftServerConfigKeys (ConfUtils.java:logGet(46)) - raft.server.watch.timeout = 180s (custom)
2023-09-07 08:52:15,273 [453fd3f5-2dd8-488f-a349-96be441c1316@group-109EC14DCC46-LeaderElection5] INFO  server.RaftServerConfigKeys (ConfUtils.java:logGet(46)) - raft.server.watch.timeout = 180s (custom)
2023-09-07 08:52:15,275 [453fd3f5-2dd8-488f-a349-96be441c1316@group-109EC14DCC46-LeaderElection5] INFO  server.RaftServerConfigKeys (ConfUtils.java:logGet(46)) - raft.server.watch.timeout.denomination = 1s (default)
2023-09-07 08:52:15,275 [453fd3f5-2dd8-488f-a349-96be441c1316@group-109EC14DCC46-LeaderElection5] INFO  server.RaftServerConfigKeys (ConfUtils.java:logGet(46)) - raft.server.watch.element-limit = 65536 (default)
2023-09-07 08:52:15,277 [453fd3f5-2dd8-488f-a349-96be441c1316@group-109EC14DCC46-LeaderElection5] INFO  server.RaftServerConfigKeys (ConfUtils.java:logGet(46)) - raft.server.write.element-limit = 1024 (custom)
2023-09-07 08:52:15,277 [453fd3f5-2dd8-488f-a349-96be441c1316@group-109EC14DCC46-LeaderElection5] INFO  server.RaftServerConfigKeys (ConfUtils.java:logGet(46)) - raft.server.write.follower.gap.ratio.max = -1.0 (default)
2023-09-07 08:52:15,278 [EventQueue-PipelineReportForPipelineReportHandler] INFO  pipeline.PipelineReportHandler (PipelineReportHandler.java:processPipelineReport(136)) - Opened pipeline PipelineID=267c773c-6e74-4f30-8eb7-109ec14dcc46
2023-09-07 08:52:15,279 [EventQueue-OpenPipelineForHealthyPipelineSafeModeRule] INFO  safemode.SCMSafeModeManager (HealthyPipelineSafeModeRule.java:process(137)) - SCM in safe mode. Healthy pipelines reported count is 1, required healthy pipeline reported count is 1
2023-09-07 08:52:15,279 [EventQueue-OpenPipelineForHealthyPipelineSafeModeRule] INFO  safemode.SCMSafeModeManager (SCMSafeModeManager.java:validateSafeModeExitRules(200)) - HealthyPipelineSafeModeRule rule is successfully validated
2023-09-07 08:52:15,279 [EventQueue-OpenPipelineForHealthyPipelineSafeModeRule] INFO  safemode.SCMSafeModeManager (SCMSafeModeManager.java:validateSafeModeExitRules(215)) - ScmSafeModeManager, all rules are successfully validated
2023-09-07 08:52:15,279 [EventQueue-OpenPipelineForHealthyPipelineSafeModeRule] INFO  safemode.SCMSafeModeManager (SCMSafeModeManager.java:exitSafeMode(244)) - SCM exiting safe mode.
2023-09-07 08:52:15,279 [453fd3f5-2dd8-488f-a349-96be441c1316@group-B16DAE932054-LeaderElection6] INFO  server.RaftServerConfigKeys (ConfUtils.java:logGet(46)) - raft.server.watch.timeout.denomination = 1s (default)
2023-09-07 08:52:15,279 [EventQueue-OpenPipelineForHealthyPipelineSafeModeRule] INFO  ha.SCMContext (SCMContext.java:updateSafeModeStatus(228)) - Update SafeModeStatus from SafeModeStatus{safeModeStatus=true, preCheckPassed=true} to SafeModeStatus{safeModeStatus=false, preCheckPassed=true}.
2023-09-07 08:52:15,279 [453fd3f5-2dd8-488f-a349-96be441c1316@group-B16DAE932054-LeaderElection6] INFO  server.RaftServerConfigKeys (ConfUtils.java:logGet(46)) - raft.server.watch.element-limit = 65536 (default)
2023-09-07 08:52:15,279 [EventQueue-OpenPipelineForHealthyPipelineSafeModeRule] INFO  pipeline.BackgroundPipelineCreator (BackgroundPipelineCreator.java:notifyStatusChanged(255)) - Service BackgroundPipelineCreator transitions to RUNNING.
2023-09-07 08:52:15,279 [453fd3f5-2dd8-488f-a349-96be441c1316@group-B16DAE932054-LeaderElection6] INFO  server.RaftServerConfigKeys (ConfUtils.java:logGet(46)) - raft.server.write.element-limit = 1024 (custom)
2023-09-07 08:52:15,279 [EventQueue-OpenPipelineForHealthyPipelineSafeModeRule] INFO  BackgroundPipelineScrubber (BackgroundSCMService.java:notifyStatusChanged(82)) - Service BackgroundPipelineScrubber transitions to RUNNING.
2023-09-07 08:52:15,279 [453fd3f5-2dd8-488f-a349-96be441c1316@group-B16DAE932054-LeaderElection6] INFO  server.RaftServerConfigKeys (ConfUtils.java:logGet(46)) - raft.server.write.follower.gap.ratio.max = -1.0 (default)
2023-09-07 08:52:15,279 [EventQueue-OpenPipelineForHealthyPipelineSafeModeRule] INFO  ExpiredContainerReplicaOpScrubber (BackgroundSCMService.java:notifyStatusChanged(82)) - Service ExpiredContainerReplicaOpScrubber transitions to RUNNING.
2023-09-07 08:52:15,279 [453fd3f5-2dd8-488f-a349-96be441c1316@group-B16DAE932054-LeaderElection6] INFO  impl.RoleInfo (RoleInfo.java:updateAndGet(139)) - 453fd3f5-2dd8-488f-a349-96be441c1316: start 453fd3f5-2dd8-488f-a349-96be441c1316@group-B16DAE932054-LeaderStateImpl
2023-09-07 08:52:15,279 [EventQueue-OpenPipelineForHealthyPipelineSafeModeRule] INFO  replication.ReplicationManager (ReplicationManager.java:notifyStatusChanged(1370)) - Service ReplicationManager transitions to RUNNING.
2023-09-07 08:52:15,280 [453fd3f5-2dd8-488f-a349-96be441c1316@group-B16DAE932054-LeaderElection6] INFO  segmented.SegmentedRaftLogWorker (SegmentedRaftLogWorker.java:startLogSegment(447)) - 453fd3f5-2dd8-488f-a349-96be441c1316@group-B16DAE932054-SegmentedRaftLogWorker: Starting segment from index:0
2023-09-07 08:52:15,291 [EventQueue-OpenPipelineForHealthyPipelineSafeModeRule] WARN  balancer.ContainerBalancer (ContainerBalancer.java:shouldRun(134)) - Could not find persisted configuration for ContainerBalancer when checking if ContainerBalancer should run. ContainerBalancer should not run now.
2023-09-07 08:52:15,292 [453fd3f5-2dd8-488f-a349-96be441c1316@group-B16DAE932054-LeaderElection6] INFO  server.RaftServer$Division (ServerState.java:setRaftConf(434)) - 453fd3f5-2dd8-488f-a349-96be441c1316@group-B16DAE932054: set configuration 0: peers:[453fd3f5-2dd8-488f-a349-96be441c1316|rpc:10.1.0.48:15032|admin:10.1.0.48:15031|client:10.1.0.48:15030|dataStream:10.1.0.48:15033|priority:1|startupRole:FOLLOWER]|listeners:[], old=null
2023-09-07 08:52:15,293 [453fd3f5-2dd8-488f-a349-96be441c1316@group-B16DAE932054-SegmentedRaftLogWorker] INFO  segmented.SegmentedRaftLogWorker (SegmentedRaftLogWorker.java:execute(651)) - 453fd3f5-2dd8-488f-a349-96be441c1316@group-B16DAE932054-SegmentedRaftLogWorker: created new log segment /home/runner/work/ozone/ozone/hadoop-ozone/integration-test/target/test-dir/MiniOzoneClusterImpl-480c9758-28d8-415f-a146-fed859d0e253/datanode-2/data/ratis/f789a591-3481-45a5-8ace-b16dae932054/current/log_inprogress_0
2023-09-07 08:52:15,307 [453fd3f5-2dd8-488f-a349-96be441c1316@group-109EC14DCC46-LeaderElection5] INFO  server.RaftServerConfigKeys (ConfUtils.java:logGet(46)) - raft.server.log.appender.snapshot.chunk.size.max = 16MB (=16777216) (default)
2023-09-07 08:52:15,307 [453fd3f5-2dd8-488f-a349-96be441c1316@group-109EC14DCC46-LeaderElection5] INFO  server.RaftServerConfigKeys (ConfUtils.java:logGet(46)) - raft.server.log.appender.buffer.byte-limit = 33554432 (custom)
2023-09-07 08:52:15,308 [453fd3f5-2dd8-488f-a349-96be441c1316@group-109EC14DCC46-LeaderElection5] INFO  server.RaftServerConfigKeys (ConfUtils.java:logGet(46)) - raft.server.log.appender.buffer.element-limit = 1 (custom)
2023-09-07 08:52:15,310 [453fd3f5-2dd8-488f-a349-96be441c1316@group-109EC14DCC46-LeaderElection5] INFO  server.RaftServerConfigKeys (ConfUtils.java:logGet(46)) - raft.server.log.appender.wait-time.min = 10ms (default)
2023-09-07 08:52:15,312 [453fd3f5-2dd8-488f-a349-96be441c1316@group-109EC14DCC46-LeaderElection5] INFO  grpc.GrpcConfigKeys (ConfUtils.java:logGet(46)) - raft.grpc.server.leader.outstanding.appends.max = 128 (default)
2023-09-07 08:52:15,312 [453fd3f5-2dd8-488f-a349-96be441c1316@group-109EC14DCC46-LeaderElection5] INFO  server.RaftServerConfigKeys (ConfUtils.java:logGet(46)) - raft.server.rpc.request.timeout = 60s (custom)
2023-09-07 08:52:15,312 [453fd3f5-2dd8-488f-a349-96be441c1316@group-109EC14DCC46-LeaderElection5] INFO  grpc.GrpcConfigKeys (ConfUtils.java:logGet(46)) - raft.grpc.server.install_snapshot.request.element-limit = 8 (default)
2023-09-07 08:52:15,312 [453fd3f5-2dd8-488f-a349-96be441c1316@group-109EC14DCC46-LeaderElection5] INFO  grpc.GrpcConfigKeys (ConfUtils.java:logGet(46)) - raft.grpc.server.install_snapshot.request.timeout = 3000ms (default)
2023-09-07 08:52:15,312 [453fd3f5-2dd8-488f-a349-96be441c1316@group-109EC14DCC46-LeaderElection5] INFO  server.RaftServerConfigKeys (ConfUtils.java:logGet(46)) - raft.server.log.appender.install.snapshot.enabled = false (custom)
2023-09-07 08:52:15,312 [453fd3f5-2dd8-488f-a349-96be441c1316@group-109EC14DCC46-LeaderElection5] INFO  grpc.GrpcConfigKeys (ConfUtils.java:logGet(46)) - raft.grpc.server.heartbeat.channel = true (default)
2023-09-07 08:52:15,315 [453fd3f5-2dd8-488f-a349-96be441c1316@group-109EC14DCC46-LeaderElection5] INFO  server.RaftServerConfigKeys (ConfUtils.java:logGet(46)) - raft.server.log.appender.snapshot.chunk.size.max = 16MB (=16777216) (default)
2023-09-07 08:52:15,315 [453fd3f5-2dd8-488f-a349-96be441c1316@group-109EC14DCC46-LeaderElection5] INFO  server.RaftServerConfigKeys (ConfUtils.java:logGet(46)) - raft.server.log.appender.buffer.byte-limit = 33554432 (custom)
2023-09-07 08:52:15,315 [453fd3f5-2dd8-488f-a349-96be441c1316@group-109EC14DCC46-LeaderElection5] INFO  server.RaftServerConfigKeys (ConfUtils.java:logGet(46)) - raft.server.log.appender.buffer.element-limit = 1 (custom)
2023-09-07 08:52:15,316 [453fd3f5-2dd8-488f-a349-96be441c1316@group-109EC14DCC46-LeaderElection5] INFO  server.RaftServerConfigKeys (ConfUtils.java:logGet(46)) - raft.server.log.appender.wait-time.min = 10ms (default)
2023-09-07 08:52:15,316 [453fd3f5-2dd8-488f-a349-96be441c1316@group-109EC14DCC46-LeaderElection5] INFO  grpc.GrpcConfigKeys (ConfUtils.java:logGet(46)) - raft.grpc.server.leader.outstanding.appends.max = 128 (default)
2023-09-07 08:52:15,316 [453fd3f5-2dd8-488f-a349-96be441c1316@group-109EC14DCC46-LeaderElection5] INFO  server.RaftServerConfigKeys (ConfUtils.java:logGet(46)) - raft.server.rpc.request.timeout = 60s (custom)
2023-09-07 08:52:15,316 [453fd3f5-2dd8-488f-a349-96be441c1316@group-109EC14DCC46-LeaderElection5] INFO  grpc.GrpcConfigKeys (ConfUtils.java:logGet(46)) - raft.grpc.server.install_snapshot.request.element-limit = 8 (default)
2023-09-07 08:52:15,316 [453fd3f5-2dd8-488f-a349-96be441c1316@group-109EC14DCC46-LeaderElection5] INFO  grpc.GrpcConfigKeys (ConfUtils.java:logGet(46)) - raft.grpc.server.install_snapshot.request.timeout = 3000ms (default)
2023-09-07 08:52:15,316 [453fd3f5-2dd8-488f-a349-96be441c1316@group-109EC14DCC46-LeaderElection5] INFO  server.RaftServerConfigKeys (ConfUtils.java:logGet(46)) - raft.server.log.appender.install.snapshot.enabled = false (custom)
2023-09-07 08:52:15,316 [453fd3f5-2dd8-488f-a349-96be441c1316@group-109EC14DCC46-LeaderElection5] INFO  grpc.GrpcConfigKeys (ConfUtils.java:logGet(46)) - raft.grpc.server.heartbeat.channel = true (default)
2023-09-07 08:52:15,318 [453fd3f5-2dd8-488f-a349-96be441c1316@group-109EC14DCC46-LeaderElection5] INFO  impl.RoleInfo (RoleInfo.java:updateAndGet(139)) - 453fd3f5-2dd8-488f-a349-96be441c1316: start 453fd3f5-2dd8-488f-a349-96be441c1316@group-109EC14DCC46-LeaderStateImpl
2023-09-07 08:52:15,318 [453fd3f5-2dd8-488f-a349-96be441c1316@group-109EC14DCC46-LeaderElection5] INFO  segmented.SegmentedRaftLogWorker (SegmentedRaftLogWorker.java:startLogSegment(447)) - 453fd3f5-2dd8-488f-a349-96be441c1316@group-109EC14DCC46-SegmentedRaftLogWorker: Starting segment from index:0
2023-09-07 08:52:15,320 [453fd3f5-2dd8-488f-a349-96be441c1316@group-109EC14DCC46-SegmentedRaftLogWorker] INFO  segmented.SegmentedRaftLogWorker (SegmentedRaftLogWorker.java:execute(651)) - 453fd3f5-2dd8-488f-a349-96be441c1316@group-109EC14DCC46-SegmentedRaftLogWorker: created new log segment /home/runner/work/ozone/ozone/hadoop-ozone/integration-test/target/test-dir/MiniOzoneClusterImpl-480c9758-28d8-415f-a146-fed859d0e253/datanode-2/data/ratis/267c773c-6e74-4f30-8eb7-109ec14dcc46/current/log_inprogress_0
2023-09-07 08:52:15,331 [453fd3f5-2dd8-488f-a349-96be441c1316@group-109EC14DCC46-LeaderElection5] INFO  server.RaftServer$Division (ServerState.java:setRaftConf(434)) - 453fd3f5-2dd8-488f-a349-96be441c1316@group-109EC14DCC46: set configuration 0: peers:[ee526f6f-3d45-469e-9618-ca9792ac197c|rpc:10.1.0.48:15014|admin:10.1.0.48:15013|client:10.1.0.48:15012|dataStream:10.1.0.48:15015|priority:0|startupRole:FOLLOWER, 453fd3f5-2dd8-488f-a349-96be441c1316|rpc:10.1.0.48:15032|admin:10.1.0.48:15031|client:10.1.0.48:15030|dataStream:10.1.0.48:15033|priority:1|startupRole:FOLLOWER, 276dcdcd-15bf-4616-85f3-24cbc9cded34|rpc:10.1.0.48:15023|admin:10.1.0.48:15022|client:10.1.0.48:15021|dataStream:10.1.0.48:15024|priority:0|startupRole:FOLLOWER]|listeners:[], old=null
2023-09-07 08:52:15,379 [453fd3f5-2dd8-488f-a349-96be441c1316@group-FD8D31C87414-FollowerState] INFO  impl.FollowerState (FollowerState.java:run(143)) - 453fd3f5-2dd8-488f-a349-96be441c1316@group-FD8D31C87414-FollowerState: change to CANDIDATE, lastRpcElapsedTime:5138258092ns, electionTimeout:5105ms
2023-09-07 08:52:15,383 [453fd3f5-2dd8-488f-a349-96be441c1316@group-FD8D31C87414-FollowerState] INFO  impl.RoleInfo (RoleInfo.java:shutdownFollowerState(110)) - 453fd3f5-2dd8-488f-a349-96be441c1316: shutdown 453fd3f5-2dd8-488f-a349-96be441c1316@group-FD8D31C87414-FollowerState
2023-09-07 08:52:15,384 [453fd3f5-2dd8-488f-a349-96be441c1316@group-FD8D31C87414-FollowerState] INFO  server.RaftServer$Division (RaftServerImpl.java:setRole(329)) - 453fd3f5-2dd8-488f-a349-96be441c1316@group-FD8D31C87414: changes role from  FOLLOWER to CANDIDATE at term 0 for changeToCandidate
2023-09-07 08:52:15,389 [453fd3f5-2dd8-488f-a349-96be441c1316@group-FD8D31C87414-FollowerState] INFO  server.RaftServerConfigKeys (ConfUtils.java:logGet(46)) - raft.server.leaderelection.pre-vote = true (default)
2023-09-07 08:52:15,389 [453fd3f5-2dd8-488f-a349-96be441c1316@group-FD8D31C87414-FollowerState] INFO  impl.RoleInfo (RoleInfo.java:updateAndGet(139)) - 453fd3f5-2dd8-488f-a349-96be441c1316: start 453fd3f5-2dd8-488f-a349-96be441c1316@group-FD8D31C87414-LeaderElection7
2023-09-07 08:52:15,411 [ee526f6f-3d45-469e-9618-ca9792ac197c-server-thread1] INFO  ratis.XceiverServerRatis (XceiverServerRatis.java:handleLeaderChangedNotification(902)) - Leader change notification received for group: group-109EC14DCC46 with new leaderId: 453fd3f5-2dd8-488f-a349-96be441c1316
2023-09-07 08:52:15,419 [453fd3f5-2dd8-488f-a349-96be441c1316@group-FD8D31C87414-LeaderElection7] INFO  impl.LeaderElection (LeaderElection.java:askForVotes(321)) - 453fd3f5-2dd8-488f-a349-96be441c1316@group-FD8D31C87414-LeaderElection7 PRE_VOTE round 0: submit vote requests at term 0 for -1: peers:[ee526f6f-3d45-469e-9618-ca9792ac197c|rpc:10.1.0.48:15014|admin:10.1.0.48:15013|client:10.1.0.48:15012|dataStream:10.1.0.48:15015|priority:0|startupRole:FOLLOWER, 453fd3f5-2dd8-488f-a349-96be441c1316|rpc:10.1.0.48:15032|admin:10.1.0.48:15031|client:10.1.0.48:15030|dataStream:10.1.0.48:15033|priority:0|startupRole:FOLLOWER, 276dcdcd-15bf-4616-85f3-24cbc9cded34|rpc:10.1.0.48:15023|admin:10.1.0.48:15022|client:10.1.0.48:15021|dataStream:10.1.0.48:15024|priority:1|startupRole:FOLLOWER]|listeners:[], old=null
2023-09-07 08:52:15,419 [ee526f6f-3d45-469e-9618-ca9792ac197c-server-thread1] INFO  server.RaftServer$Division (ServerState.java:setLeader(317)) - ee526f6f-3d45-469e-9618-ca9792ac197c@group-109EC14DCC46: change Leader from null to 453fd3f5-2dd8-488f-a349-96be441c1316 at term 1 for appendEntries, leader elected after 6419ms
2023-09-07 08:52:15,426 [ee526f6f-3d45-469e-9618-ca9792ac197c-server-thread1] INFO  server.RaftServer$Division (ServerState.java:setRaftConf(434)) - ee526f6f-3d45-469e-9618-ca9792ac197c@group-109EC14DCC46: set configuration 0: peers:[ee526f6f-3d45-469e-9618-ca9792ac197c|rpc:10.1.0.48:15014|admin:10.1.0.48:15013|client:10.1.0.48:15012|dataStream:10.1.0.48:15015|priority:0|startupRole:FOLLOWER, 453fd3f5-2dd8-488f-a349-96be441c1316|rpc:10.1.0.48:15032|admin:10.1.0.48:15031|client:10.1.0.48:15030|dataStream:10.1.0.48:15033|priority:1|startupRole:FOLLOWER, 276dcdcd-15bf-4616-85f3-24cbc9cded34|rpc:10.1.0.48:15023|admin:10.1.0.48:15022|client:10.1.0.48:15021|dataStream:10.1.0.48:15024|priority:0|startupRole:FOLLOWER]|listeners:[], old=null
2023-09-07 08:52:15,426 [ee526f6f-3d45-469e-9618-ca9792ac197c-server-thread1] INFO  segmented.SegmentedRaftLogWorker (SegmentedRaftLogWorker.java:startLogSegment(447)) - ee526f6f-3d45-469e-9618-ca9792ac197c@group-109EC14DCC46-SegmentedRaftLogWorker: Starting segment from index:0
2023-09-07 08:52:15,428 [453fd3f5-2dd8-488f-a349-96be441c1316@group-FD8D31C87414-LeaderElection7] INFO  server.RaftServerConfigKeys (ConfUtils.java:logFallback(53)) - raft.server.rpc.first-election.timeout.min = 5s (fallback to raft.server.rpc.timeout.min)
2023-09-07 08:52:15,430 [453fd3f5-2dd8-488f-a349-96be441c1316@group-FD8D31C87414-LeaderElection7] INFO  server.RaftServerConfigKeys (ConfUtils.java:logFallback(53)) - raft.server.rpc.first-election.timeout.max = 5200ms (fallback to raft.server.rpc.timeout.max)
2023-09-07 08:52:15,443 [276dcdcd-15bf-4616-85f3-24cbc9cded34-server-thread2] INFO  ratis.XceiverServerRatis (XceiverServerRatis.java:handleLeaderChangedNotification(902)) - Leader change notification received for group: group-109EC14DCC46 with new leaderId: 453fd3f5-2dd8-488f-a349-96be441c1316
2023-09-07 08:52:15,443 [276dcdcd-15bf-4616-85f3-24cbc9cded34-server-thread2] INFO  server.RaftServer$Division (ServerState.java:setLeader(317)) - 276dcdcd-15bf-4616-85f3-24cbc9cded34@group-109EC14DCC46: change Leader from null to 453fd3f5-2dd8-488f-a349-96be441c1316 at term 1 for appendEntries, leader elected after 5925ms
2023-09-07 08:52:15,451 [grpc-default-executor-1] INFO  server.RaftServer$Division (RaftServerImpl.java:requestVote(1302)) - 276dcdcd-15bf-4616-85f3-24cbc9cded34@group-FD8D31C87414: receive requestVote(PRE_VOTE, 453fd3f5-2dd8-488f-a349-96be441c1316, group-FD8D31C87414, 0, (t:0, i:0))
2023-09-07 08:52:15,451 [grpc-default-executor-1] INFO  impl.VoteContext (VoteContext.java:log(49)) - 276dcdcd-15bf-4616-85f3-24cbc9cded34@group-FD8D31C87414-FOLLOWER: reject PRE_VOTE from 453fd3f5-2dd8-488f-a349-96be441c1316: our priority 1 > candidate's priority 0
2023-09-07 08:52:15,452 [grpc-default-executor-1] INFO  server.RaftServer$Division (RaftServerImpl.java:requestVote(1335)) - 276dcdcd-15bf-4616-85f3-24cbc9cded34@group-FD8D31C87414 replies to PRE_VOTE vote request: 453fd3f5-2dd8-488f-a349-96be441c1316<-276dcdcd-15bf-4616-85f3-24cbc9cded34#0:FAIL-t0. Peer's state: 276dcdcd-15bf-4616-85f3-24cbc9cded34@group-FD8D31C87414:t0, leader=null, voted=, raftlog=Memoized:276dcdcd-15bf-4616-85f3-24cbc9cded34@group-FD8D31C87414-SegmentedRaftLog:OPENED:c-1, conf=-1: peers:[ee526f6f-3d45-469e-9618-ca9792ac197c|rpc:10.1.0.48:15014|admin:10.1.0.48:15013|client:10.1.0.48:15012|dataStream:10.1.0.48:15015|priority:0|startupRole:FOLLOWER, 453fd3f5-2dd8-488f-a349-96be441c1316|rpc:10.1.0.48:15032|admin:10.1.0.48:15031|client:10.1.0.48:15030|dataStream:10.1.0.48:15033|priority:0|startupRole:FOLLOWER, 276dcdcd-15bf-4616-85f3-24cbc9cded34|rpc:10.1.0.48:15023|admin:10.1.0.48:15022|client:10.1.0.48:15021|dataStream:10.1.0.48:15024|priority:1|startupRole:FOLLOWER]|listeners:[], old=null
2023-09-07 08:52:15,455 [ee526f6f-3d45-469e-9618-ca9792ac197c@group-109EC14DCC46-SegmentedRaftLogWorker] INFO  segmented.SegmentedRaftLogWorker (SegmentedRaftLogWorker.java:execute(651)) - ee526f6f-3d45-469e-9618-ca9792ac197c@group-109EC14DCC46-SegmentedRaftLogWorker: created new log segment /home/runner/work/ozone/ozone/hadoop-ozone/integration-test/target/test-dir/MiniOzoneClusterImpl-480c9758-28d8-415f-a146-fed859d0e253/datanode-0/data/ratis/267c773c-6e74-4f30-8eb7-109ec14dcc46/current/log_inprogress_0
2023-09-07 08:52:15,460 [grpc-default-executor-1] INFO  server.RaftServer$Division (RaftServerImpl.java:requestVote(1302)) - ee526f6f-3d45-469e-9618-ca9792ac197c@group-FD8D31C87414: receive requestVote(PRE_VOTE, 453fd3f5-2dd8-488f-a349-96be441c1316, group-FD8D31C87414, 0, (t:0, i:0))
2023-09-07 08:52:15,470 [grpc-default-executor-1] INFO  impl.VoteContext (VoteContext.java:log(49)) - ee526f6f-3d45-469e-9618-ca9792ac197c@group-FD8D31C87414-FOLLOWER: accept PRE_VOTE from 453fd3f5-2dd8-488f-a349-96be441c1316: our priority 0 <= candidate's priority 0
2023-09-07 08:52:15,470 [grpc-default-executor-1] INFO  server.RaftServer$Division (RaftServerImpl.java:requestVote(1335)) - ee526f6f-3d45-469e-9618-ca9792ac197c@group-FD8D31C87414 replies to PRE_VOTE vote request: 453fd3f5-2dd8-488f-a349-96be441c1316<-ee526f6f-3d45-469e-9618-ca9792ac197c#0:OK-t0. Peer's state: ee526f6f-3d45-469e-9618-ca9792ac197c@group-FD8D31C87414:t0, leader=null, voted=, raftlog=Memoized:ee526f6f-3d45-469e-9618-ca9792ac197c@group-FD8D31C87414-SegmentedRaftLog:OPENED:c-1, conf=-1: peers:[ee526f6f-3d45-469e-9618-ca9792ac197c|rpc:10.1.0.48:15014|admin:10.1.0.48:15013|client:10.1.0.48:15012|dataStream:10.1.0.48:15015|priority:0|startupRole:FOLLOWER, 453fd3f5-2dd8-488f-a349-96be441c1316|rpc:10.1.0.48:15032|admin:10.1.0.48:15031|client:10.1.0.48:15030|dataStream:10.1.0.48:15033|priority:0|startupRole:FOLLOWER, 276dcdcd-15bf-4616-85f3-24cbc9cded34|rpc:10.1.0.48:15023|admin:10.1.0.48:15022|client:10.1.0.48:15021|dataStream:10.1.0.48:15024|priority:1|startupRole:FOLLOWER]|listeners:[], old=null
2023-09-07 08:52:15,462 [453fd3f5-2dd8-488f-a349-96be441c1316@group-FD8D31C87414-LeaderElection7] INFO  impl.LeaderElection (LeaderElection.java:logAndReturn(90)) - 453fd3f5-2dd8-488f-a349-96be441c1316@group-FD8D31C87414-LeaderElection7: PRE_VOTE REJECTED received 1 response(s) and 0 exception(s):
2023-09-07 08:52:15,470 [453fd3f5-2dd8-488f-a349-96be441c1316@group-FD8D31C87414-LeaderElection7] INFO  impl.LeaderElection (LeaderElection.java:logAndReturn(94)) -   Response 0: 453fd3f5-2dd8-488f-a349-96be441c1316<-276dcdcd-15bf-4616-85f3-24cbc9cded34#0:FAIL-t0
2023-09-07 08:52:15,470 [453fd3f5-2dd8-488f-a349-96be441c1316@group-FD8D31C87414-LeaderElection7] INFO  impl.LeaderElection (LeaderElection.java:askForVotes(323)) - 453fd3f5-2dd8-488f-a349-96be441c1316@group-FD8D31C87414-LeaderElection7 PRE_VOTE round 0: result REJECTED
2023-09-07 08:52:15,470 [453fd3f5-2dd8-488f-a349-96be441c1316@group-FD8D31C87414-LeaderElection7] INFO  server.RaftServer$Division (RaftServerImpl.java:setRole(329)) - 453fd3f5-2dd8-488f-a349-96be441c1316@group-FD8D31C87414: changes role from CANDIDATE to FOLLOWER at term 0 for REJECTED
2023-09-07 08:52:15,470 [453fd3f5-2dd8-488f-a349-96be441c1316@group-FD8D31C87414-LeaderElection7] INFO  impl.RoleInfo (RoleInfo.java:shutdownLeaderElection(130)) - 453fd3f5-2dd8-488f-a349-96be441c1316: shutdown 453fd3f5-2dd8-488f-a349-96be441c1316@group-FD8D31C87414-LeaderElection7
2023-09-07 08:52:15,470 [453fd3f5-2dd8-488f-a349-96be441c1316@group-FD8D31C87414-LeaderElection7] INFO  impl.RoleInfo (RoleInfo.java:updateAndGet(139)) - 453fd3f5-2dd8-488f-a349-96be441c1316: start 453fd3f5-2dd8-488f-a349-96be441c1316@group-FD8D31C87414-FollowerState
2023-09-07 08:52:15,487 [276dcdcd-15bf-4616-85f3-24cbc9cded34-server-thread1] INFO  server.RaftServer$Division (ServerState.java:setRaftConf(434)) - 276dcdcd-15bf-4616-85f3-24cbc9cded34@group-109EC14DCC46: set configuration 0: peers:[ee526f6f-3d45-469e-9618-ca9792ac197c|rpc:10.1.0.48:15014|admin:10.1.0.48:15013|client:10.1.0.48:15012|dataStream:10.1.0.48:15015|priority:0|startupRole:FOLLOWER, 453fd3f5-2dd8-488f-a349-96be441c1316|rpc:10.1.0.48:15032|admin:10.1.0.48:15031|client:10.1.0.48:15030|dataStream:10.1.0.48:15033|priority:1|startupRole:FOLLOWER, 276dcdcd-15bf-4616-85f3-24cbc9cded34|rpc:10.1.0.48:15023|admin:10.1.0.48:15022|client:10.1.0.48:15021|dataStream:10.1.0.48:15024|priority:0|startupRole:FOLLOWER]|listeners:[], old=null
2023-09-07 08:52:15,491 [276dcdcd-15bf-4616-85f3-24cbc9cded34-server-thread1] INFO  segmented.SegmentedRaftLogWorker (SegmentedRaftLogWorker.java:startLogSegment(447)) - 276dcdcd-15bf-4616-85f3-24cbc9cded34@group-109EC14DCC46-SegmentedRaftLogWorker: Starting segment from index:0
2023-09-07 08:52:15,494 [276dcdcd-15bf-4616-85f3-24cbc9cded34@group-109EC14DCC46-SegmentedRaftLogWorker] INFO  segmented.SegmentedRaftLogWorker (SegmentedRaftLogWorker.java:execute(651)) - 276dcdcd-15bf-4616-85f3-24cbc9cded34@group-109EC14DCC46-SegmentedRaftLogWorker: created new log segment /home/runner/work/ozone/ozone/hadoop-ozone/integration-test/target/test-dir/MiniOzoneClusterImpl-480c9758-28d8-415f-a146-fed859d0e253/datanode-1/data/ratis/267c773c-6e74-4f30-8eb7-109ec14dcc46/current/log_inprogress_0
2023-09-07 08:52:15,496 [ee526f6f-3d45-469e-9618-ca9792ac197c@group-FD8D31C87414-FollowerState] INFO  server.RaftServerConfigKeys (ConfUtils.java:logFallback(53)) - raft.server.rpc.first-election.timeout.min = 5s (fallback to raft.server.rpc.timeout.min)
2023-09-07 08:52:15,498 [ee526f6f-3d45-469e-9618-ca9792ac197c@group-FD8D31C87414-FollowerState] INFO  server.RaftServerConfigKeys (ConfUtils.java:logFallback(53)) - raft.server.rpc.first-election.timeout.max = 5200ms (fallback to raft.server.rpc.timeout.max)
2023-09-07 08:52:15,504 [7027ac8d-bbe4-4820-bd68-7a29676b00c5@group-7CCF03DE7091-FollowerState] INFO  impl.FollowerState (FollowerState.java:run(143)) - 7027ac8d-bbe4-4820-bd68-7a29676b00c5@group-7CCF03DE7091-FollowerState: change to CANDIDATE, lastRpcElapsedTime:5102122022ns, electionTimeout:5085ms
2023-09-07 08:52:15,504 [7027ac8d-bbe4-4820-bd68-7a29676b00c5@group-7CCF03DE7091-FollowerState] INFO  impl.RoleInfo (RoleInfo.java:shutdownFollowerState(110)) - 7027ac8d-bbe4-4820-bd68-7a29676b00c5: shutdown 7027ac8d-bbe4-4820-bd68-7a29676b00c5@group-7CCF03DE7091-FollowerState
2023-09-07 08:52:15,504 [7027ac8d-bbe4-4820-bd68-7a29676b00c5@group-7CCF03DE7091-FollowerState] INFO  server.RaftServer$Division (RaftServerImpl.java:setRole(329)) - 7027ac8d-bbe4-4820-bd68-7a29676b00c5@group-7CCF03DE7091: changes role from  FOLLOWER to CANDIDATE at term 0 for changeToCandidate
2023-09-07 08:52:15,504 [7027ac8d-bbe4-4820-bd68-7a29676b00c5@group-7CCF03DE7091-FollowerState] INFO  server.RaftServerConfigKeys (ConfUtils.java:logGet(46)) - raft.server.leaderelection.pre-vote = true (default)
2023-09-07 08:52:15,504 [7027ac8d-bbe4-4820-bd68-7a29676b00c5@group-7CCF03DE7091-FollowerState] INFO  impl.RoleInfo (RoleInfo.java:updateAndGet(139)) - 7027ac8d-bbe4-4820-bd68-7a29676b00c5: start 7027ac8d-bbe4-4820-bd68-7a29676b00c5@group-7CCF03DE7091-LeaderElection8
2023-09-07 08:52:15,507 [7027ac8d-bbe4-4820-bd68-7a29676b00c5@group-7CCF03DE7091-LeaderElection8] INFO  impl.LeaderElection (LeaderElection.java:askForVotes(321)) - 7027ac8d-bbe4-4820-bd68-7a29676b00c5@group-7CCF03DE7091-LeaderElection8 PRE_VOTE round 0: submit vote requests at term 0 for -1: peers:[7027ac8d-bbe4-4820-bd68-7a29676b00c5|rpc:10.1.0.48:15041|admin:10.1.0.48:15040|client:10.1.0.48:15039|dataStream:10.1.0.48:15042|priority:1|startupRole:FOLLOWER]|listeners:[], old=null
2023-09-07 08:52:15,507 [7027ac8d-bbe4-4820-bd68-7a29676b00c5@group-7CCF03DE7091-LeaderElection8] INFO  impl.LeaderElection (LeaderElection.java:askForVotes(323)) - 7027ac8d-bbe4-4820-bd68-7a29676b00c5@group-7CCF03DE7091-LeaderElection8 PRE_VOTE round 0: result PASSED (term=0)
2023-09-07 08:52:15,509 [7027ac8d-bbe4-4820-bd68-7a29676b00c5@group-7CCF03DE7091-LeaderElection8] INFO  impl.LeaderElection (LeaderElection.java:askForVotes(321)) - 7027ac8d-bbe4-4820-bd68-7a29676b00c5@group-7CCF03DE7091-LeaderElection8 ELECTION round 0: submit vote requests at term 1 for -1: peers:[7027ac8d-bbe4-4820-bd68-7a29676b00c5|rpc:10.1.0.48:15041|admin:10.1.0.48:15040|client:10.1.0.48:15039|dataStream:10.1.0.48:15042|priority:1|startupRole:FOLLOWER]|listeners:[], old=null
2023-09-07 08:52:15,509 [7027ac8d-bbe4-4820-bd68-7a29676b00c5@group-7CCF03DE7091-LeaderElection8] INFO  impl.LeaderElection (LeaderElection.java:askForVotes(323)) - 7027ac8d-bbe4-4820-bd68-7a29676b00c5@group-7CCF03DE7091-LeaderElection8 ELECTION round 0: result PASSED (term=1)
2023-09-07 08:52:15,509 [7027ac8d-bbe4-4820-bd68-7a29676b00c5@group-7CCF03DE7091-LeaderElection8] INFO  impl.RoleInfo (RoleInfo.java:shutdownLeaderElection(130)) - 7027ac8d-bbe4-4820-bd68-7a29676b00c5: shutdown 7027ac8d-bbe4-4820-bd68-7a29676b00c5@group-7CCF03DE7091-LeaderElection8
2023-09-07 08:52:15,509 [7027ac8d-bbe4-4820-bd68-7a29676b00c5@group-7CCF03DE7091-LeaderElection8] INFO  server.RaftServer$Division (RaftServerImpl.java:setRole(329)) - 7027ac8d-bbe4-4820-bd68-7a29676b00c5@group-7CCF03DE7091: changes role from CANDIDATE to LEADER at term 1 for changeToLeader
2023-09-07 08:52:15,509 [7027ac8d-bbe4-4820-bd68-7a29676b00c5@group-7CCF03DE7091-LeaderElection8] INFO  ratis.XceiverServerRatis (XceiverServerRatis.java:handleLeaderChangedNotification(902)) - Leader change notification received for group: group-7CCF03DE7091 with new leaderId: 7027ac8d-bbe4-4820-bd68-7a29676b00c5
2023-09-07 08:52:15,510 [7027ac8d-bbe4-4820-bd68-7a29676b00c5@group-7CCF03DE7091-LeaderElection8] INFO  server.RaftServer$Division (ServerState.java:setLeader(317)) - 7027ac8d-bbe4-4820-bd68-7a29676b00c5@group-7CCF03DE7091: change Leader from null to 7027ac8d-bbe4-4820-bd68-7a29676b00c5 at term 1 for becomeLeader, leader elected after 5187ms
2023-09-07 08:52:15,510 [7027ac8d-bbe4-4820-bd68-7a29676b00c5@group-7CCF03DE7091-LeaderElection8] INFO  server.RaftServerConfigKeys (ConfUtils.java:logGet(46)) - raft.server.staging.catchup.gap = 1000 (default)
2023-09-07 08:52:15,511 [7027ac8d-bbe4-4820-bd68-7a29676b00c5@group-7CCF03DE7091-LeaderElection8] INFO  server.RaftServerConfigKeys (ConfUtils.java:logGet(46)) - raft.server.write.element-limit = 1024 (custom)
2023-09-07 08:52:15,511 [7027ac8d-bbe4-4820-bd68-7a29676b00c5@group-7CCF03DE7091-LeaderElection8] INFO  server.RaftServerConfigKeys (ConfUtils.java:logGet(46)) - raft.server.write.byte-limit = 1024 M (=1073741824) (custom)
2023-09-07 08:52:15,511 [7027ac8d-bbe4-4820-bd68-7a29676b00c5@group-7CCF03DE7091-LeaderElection8] INFO  server.RaftServerConfigKeys (ConfUtils.java:logGet(46)) - raft.server.watch.timeout = 180s (custom)
2023-09-07 08:52:15,511 [7027ac8d-bbe4-4820-bd68-7a29676b00c5@group-7CCF03DE7091-LeaderElection8] INFO  server.RaftServerConfigKeys (ConfUtils.java:logGet(46)) - raft.server.watch.timeout.denomination = 1s (default)
2023-09-07 08:52:15,512 [7027ac8d-bbe4-4820-bd68-7a29676b00c5@group-7CCF03DE7091-LeaderElection8] INFO  server.RaftServerConfigKeys (ConfUtils.java:logGet(46)) - raft.server.watch.element-limit = 65536 (default)
2023-09-07 08:52:15,513 [7027ac8d-bbe4-4820-bd68-7a29676b00c5@group-7CCF03DE7091-LeaderElection8] INFO  server.RaftServerConfigKeys (ConfUtils.java:logGet(46)) - raft.server.write.element-limit = 1024 (custom)
2023-09-07 08:52:15,513 [7027ac8d-bbe4-4820-bd68-7a29676b00c5@group-7CCF03DE7091-LeaderElection8] INFO  server.RaftServerConfigKeys (ConfUtils.java:logGet(46)) - raft.server.write.follower.gap.ratio.max = -1.0 (default)
2023-09-07 08:52:15,513 [7027ac8d-bbe4-4820-bd68-7a29676b00c5@group-7CCF03DE7091-LeaderElection8] INFO  impl.RoleInfo (RoleInfo.java:updateAndGet(139)) - 7027ac8d-bbe4-4820-bd68-7a29676b00c5: start 7027ac8d-bbe4-4820-bd68-7a29676b00c5@group-7CCF03DE7091-LeaderStateImpl
2023-09-07 08:52:15,513 [7027ac8d-bbe4-4820-bd68-7a29676b00c5@group-7CCF03DE7091-LeaderElection8] INFO  segmented.SegmentedRaftLogWorker (SegmentedRaftLogWorker.java:startLogSegment(447)) - 7027ac8d-bbe4-4820-bd68-7a29676b00c5@group-7CCF03DE7091-SegmentedRaftLogWorker: Starting segment from index:0
2023-09-07 08:52:15,518 [7027ac8d-bbe4-4820-bd68-7a29676b00c5@group-7CCF03DE7091-LeaderElection8] INFO  server.RaftServer$Division (ServerState.java:setRaftConf(434)) - 7027ac8d-bbe4-4820-bd68-7a29676b00c5@group-7CCF03DE7091: set configuration 0: peers:[7027ac8d-bbe4-4820-bd68-7a29676b00c5|rpc:10.1.0.48:15041|admin:10.1.0.48:15040|client:10.1.0.48:15039|dataStream:10.1.0.48:15042|priority:1|startupRole:FOLLOWER]|listeners:[], old=null
2023-09-07 08:52:15,519 [7027ac8d-bbe4-4820-bd68-7a29676b00c5@group-7CCF03DE7091-SegmentedRaftLogWorker] INFO  segmented.SegmentedRaftLogWorker (SegmentedRaftLogWorker.java:execute(651)) - 7027ac8d-bbe4-4820-bd68-7a29676b00c5@group-7CCF03DE7091-SegmentedRaftLogWorker: created new log segment /home/runner/work/ozone/ozone/hadoop-ozone/integration-test/target/test-dir/MiniOzoneClusterImpl-480c9758-28d8-415f-a146-fed859d0e253/datanode-3/data/ratis/064beb9c-7ae4-4cbc-8f6c-7ccf03de7091/current/log_inprogress_0
2023-09-07 08:52:15,589 [276dcdcd-15bf-4616-85f3-24cbc9cded34@group-FD8D31C87414-FollowerState] INFO  impl.FollowerState (FollowerState.java:run(143)) - 276dcdcd-15bf-4616-85f3-24cbc9cded34@group-FD8D31C87414-FollowerState: change to CANDIDATE, lastRpcElapsedTime:5209994712ns, electionTimeout:5199ms
2023-09-07 08:52:15,589 [276dcdcd-15bf-4616-85f3-24cbc9cded34@group-FD8D31C87414-FollowerState] INFO  impl.RoleInfo (RoleInfo.java:shutdownFollowerState(110)) - 276dcdcd-15bf-4616-85f3-24cbc9cded34: shutdown 276dcdcd-15bf-4616-85f3-24cbc9cded34@group-FD8D31C87414-FollowerState
2023-09-07 08:52:15,589 [276dcdcd-15bf-4616-85f3-24cbc9cded34@group-FD8D31C87414-FollowerState] INFO  server.RaftServer$Division (RaftServerImpl.java:setRole(329)) - 276dcdcd-15bf-4616-85f3-24cbc9cded34@group-FD8D31C87414: changes role from  FOLLOWER to CANDIDATE at term 0 for changeToCandidate
2023-09-07 08:52:15,589 [276dcdcd-15bf-4616-85f3-24cbc9cded34@group-FD8D31C87414-FollowerState] INFO  server.RaftServerConfigKeys (ConfUtils.java:logGet(46)) - raft.server.leaderelection.pre-vote = true (default)
2023-09-07 08:52:15,590 [276dcdcd-15bf-4616-85f3-24cbc9cded34@group-FD8D31C87414-FollowerState] INFO  impl.RoleInfo (RoleInfo.java:updateAndGet(139)) - 276dcdcd-15bf-4616-85f3-24cbc9cded34: start 276dcdcd-15bf-4616-85f3-24cbc9cded34@group-FD8D31C87414-LeaderElection9
2023-09-07 08:52:15,603 [276dcdcd-15bf-4616-85f3-24cbc9cded34@group-FD8D31C87414-LeaderElection9] INFO  impl.LeaderElection (LeaderElection.java:askForVotes(321)) - 276dcdcd-15bf-4616-85f3-24cbc9cded34@group-FD8D31C87414-LeaderElection9 PRE_VOTE round 0: submit vote requests at term 0 for -1: peers:[ee526f6f-3d45-469e-9618-ca9792ac197c|rpc:10.1.0.48:15014|admin:10.1.0.48:15013|client:10.1.0.48:15012|dataStream:10.1.0.48:15015|priority:0|startupRole:FOLLOWER, 453fd3f5-2dd8-488f-a349-96be441c1316|rpc:10.1.0.48:15032|admin:10.1.0.48:15031|client:10.1.0.48:15030|dataStream:10.1.0.48:15033|priority:0|startupRole:FOLLOWER, 276dcdcd-15bf-4616-85f3-24cbc9cded34|rpc:10.1.0.48:15023|admin:10.1.0.48:15022|client:10.1.0.48:15021|dataStream:10.1.0.48:15024|priority:1|startupRole:FOLLOWER]|listeners:[], old=null
2023-09-07 08:52:15,609 [276dcdcd-15bf-4616-85f3-24cbc9cded34@group-FD8D31C87414-LeaderElection9-1] INFO  server.GrpcServerProtocolClient (GrpcServerProtocolClient.java:<init>(65)) - Build channel for ee526f6f-3d45-469e-9618-ca9792ac197c
2023-09-07 08:52:15,618 [276dcdcd-15bf-4616-85f3-24cbc9cded34@group-FD8D31C87414-LeaderElection9] INFO  server.RaftServerConfigKeys (ConfUtils.java:logFallback(53)) - raft.server.rpc.first-election.timeout.min = 5s (fallback to raft.server.rpc.timeout.min)
2023-09-07 08:52:15,627 [276dcdcd-15bf-4616-85f3-24cbc9cded34@group-FD8D31C87414-LeaderElection9] INFO  server.RaftServerConfigKeys (ConfUtils.java:logFallback(53)) - raft.server.rpc.first-election.timeout.max = 5200ms (fallback to raft.server.rpc.timeout.max)
2023-09-07 08:52:15,626 [276dcdcd-15bf-4616-85f3-24cbc9cded34@group-FD8D31C87414-LeaderElection9-2] INFO  server.GrpcServerProtocolClient (GrpcServerProtocolClient.java:<init>(65)) - Build channel for 453fd3f5-2dd8-488f-a349-96be441c1316
2023-09-07 08:52:15,649 [grpc-default-executor-3] INFO  server.RaftServer$Division (RaftServerImpl.java:requestVote(1302)) - ee526f6f-3d45-469e-9618-ca9792ac197c@group-FD8D31C87414: receive requestVote(PRE_VOTE, 276dcdcd-15bf-4616-85f3-24cbc9cded34, group-FD8D31C87414, 0, (t:0, i:0))
2023-09-07 08:52:15,650 [grpc-default-executor-3] INFO  impl.VoteContext (VoteContext.java:log(49)) - ee526f6f-3d45-469e-9618-ca9792ac197c@group-FD8D31C87414-FOLLOWER: accept PRE_VOTE from 276dcdcd-15bf-4616-85f3-24cbc9cded34: our priority 0 <= candidate's priority 1
2023-09-07 08:52:15,650 [grpc-default-executor-3] INFO  server.RaftServer$Division (RaftServerImpl.java:requestVote(1335)) - ee526f6f-3d45-469e-9618-ca9792ac197c@group-FD8D31C87414 replies to PRE_VOTE vote request: 276dcdcd-15bf-4616-85f3-24cbc9cded34<-ee526f6f-3d45-469e-9618-ca9792ac197c#0:OK-t0. Peer's state: ee526f6f-3d45-469e-9618-ca9792ac197c@group-FD8D31C87414:t0, leader=null, voted=, raftlog=Memoized:ee526f6f-3d45-469e-9618-ca9792ac197c@group-FD8D31C87414-SegmentedRaftLog:OPENED:c-1, conf=-1: peers:[ee526f6f-3d45-469e-9618-ca9792ac197c|rpc:10.1.0.48:15014|admin:10.1.0.48:15013|client:10.1.0.48:15012|dataStream:10.1.0.48:15015|priority:0|startupRole:FOLLOWER, 453fd3f5-2dd8-488f-a349-96be441c1316|rpc:10.1.0.48:15032|admin:10.1.0.48:15031|client:10.1.0.48:15030|dataStream:10.1.0.48:15033|priority:0|startupRole:FOLLOWER, 276dcdcd-15bf-4616-85f3-24cbc9cded34|rpc:10.1.0.48:15023|admin:10.1.0.48:15022|client:10.1.0.48:15021|dataStream:10.1.0.48:15024|priority:1|startupRole:FOLLOWER]|listeners:[], old=null
2023-09-07 08:52:15,652 [276dcdcd-15bf-4616-85f3-24cbc9cded34@group-FD8D31C87414-LeaderElection9] INFO  impl.LeaderElection (LeaderElection.java:logAndReturn(90)) - 276dcdcd-15bf-4616-85f3-24cbc9cded34@group-FD8D31C87414-LeaderElection9: PRE_VOTE PASSED received 1 response(s) and 0 exception(s):
2023-09-07 08:52:15,652 [276dcdcd-15bf-4616-85f3-24cbc9cded34@group-FD8D31C87414-LeaderElection9] INFO  impl.LeaderElection (LeaderElection.java:logAndReturn(94)) -   Response 0: 276dcdcd-15bf-4616-85f3-24cbc9cded34<-ee526f6f-3d45-469e-9618-ca9792ac197c#0:OK-t0
2023-09-07 08:52:15,652 [276dcdcd-15bf-4616-85f3-24cbc9cded34@group-FD8D31C87414-LeaderElection9] INFO  impl.LeaderElection (LeaderElection.java:askForVotes(323)) - 276dcdcd-15bf-4616-85f3-24cbc9cded34@group-FD8D31C87414-LeaderElection9 PRE_VOTE round 0: result PASSED
2023-09-07 08:52:15,654 [276dcdcd-15bf-4616-85f3-24cbc9cded34@group-FD8D31C87414-LeaderElection9] INFO  impl.LeaderElection (LeaderElection.java:askForVotes(321)) - 276dcdcd-15bf-4616-85f3-24cbc9cded34@group-FD8D31C87414-LeaderElection9 ELECTION round 0: submit vote requests at term 1 for -1: peers:[ee526f6f-3d45-469e-9618-ca9792ac197c|rpc:10.1.0.48:15014|admin:10.1.0.48:15013|client:10.1.0.48:15012|dataStream:10.1.0.48:15015|priority:0|startupRole:FOLLOWER, 453fd3f5-2dd8-488f-a349-96be441c1316|rpc:10.1.0.48:15032|admin:10.1.0.48:15031|client:10.1.0.48:15030|dataStream:10.1.0.48:15033|priority:0|startupRole:FOLLOWER, 276dcdcd-15bf-4616-85f3-24cbc9cded34|rpc:10.1.0.48:15023|admin:10.1.0.48:15022|client:10.1.0.48:15021|dataStream:10.1.0.48:15024|priority:1|startupRole:FOLLOWER]|listeners:[], old=null
2023-09-07 08:52:15,669 [276dcdcd-15bf-4616-85f3-24cbc9cded34@group-FD8D31C87414-LeaderElection9] INFO  server.RaftServerConfigKeys (ConfUtils.java:logFallback(53)) - raft.server.rpc.first-election.timeout.min = 5s (fallback to raft.server.rpc.timeout.min)
2023-09-07 08:52:15,669 [276dcdcd-15bf-4616-85f3-24cbc9cded34@group-FD8D31C87414-LeaderElection9] INFO  server.RaftServerConfigKeys (ConfUtils.java:logFallback(53)) - raft.server.rpc.first-election.timeout.max = 5200ms (fallback to raft.server.rpc.timeout.max)
2023-09-07 08:52:15,683 [grpc-default-executor-0] INFO  server.RaftServer$Division (RaftServerImpl.java:requestVote(1302)) - 453fd3f5-2dd8-488f-a349-96be441c1316@group-FD8D31C87414: receive requestVote(PRE_VOTE, 276dcdcd-15bf-4616-85f3-24cbc9cded34, group-FD8D31C87414, 0, (t:0, i:0))
2023-09-07 08:52:15,683 [grpc-default-executor-1] INFO  server.RaftServer$Division (RaftServerImpl.java:requestVote(1302)) - 453fd3f5-2dd8-488f-a349-96be441c1316@group-FD8D31C87414: receive requestVote(ELECTION, 276dcdcd-15bf-4616-85f3-24cbc9cded34, group-FD8D31C87414, 1, (t:0, i:0))
2023-09-07 08:52:15,683 [grpc-default-executor-0] INFO  impl.VoteContext (VoteContext.java:log(49)) - 453fd3f5-2dd8-488f-a349-96be441c1316@group-FD8D31C87414-FOLLOWER: accept PRE_VOTE from 276dcdcd-15bf-4616-85f3-24cbc9cded34: our priority 0 <= candidate's priority 1
2023-09-07 08:52:15,683 [grpc-default-executor-0] INFO  server.RaftServer$Division (RaftServerImpl.java:requestVote(1335)) - 453fd3f5-2dd8-488f-a349-96be441c1316@group-FD8D31C87414 replies to PRE_VOTE vote request: 276dcdcd-15bf-4616-85f3-24cbc9cded34<-453fd3f5-2dd8-488f-a349-96be441c1316#0:OK-t0. Peer's state: 453fd3f5-2dd8-488f-a349-96be441c1316@group-FD8D31C87414:t0, leader=null, voted=, raftlog=Memoized:453fd3f5-2dd8-488f-a349-96be441c1316@group-FD8D31C87414-SegmentedRaftLog:OPENED:c-1, conf=-1: peers:[ee526f6f-3d45-469e-9618-ca9792ac197c|rpc:10.1.0.48:15014|admin:10.1.0.48:15013|client:10.1.0.48:15012|dataStream:10.1.0.48:15015|priority:0|startupRole:FOLLOWER, 453fd3f5-2dd8-488f-a349-96be441c1316|rpc:10.1.0.48:15032|admin:10.1.0.48:15031|client:10.1.0.48:15030|dataStream:10.1.0.48:15033|priority:0|startupRole:FOLLOWER, 276dcdcd-15bf-4616-85f3-24cbc9cded34|rpc:10.1.0.48:15023|admin:10.1.0.48:15022|client:10.1.0.48:15021|dataStream:10.1.0.48:15024|priority:1|startupRole:FOLLOWER]|listeners:[], old=null
2023-09-07 08:52:15,684 [grpc-default-executor-1] INFO  impl.VoteContext (VoteContext.java:log(49)) - 453fd3f5-2dd8-488f-a349-96be441c1316@group-FD8D31C87414-FOLLOWER: accept ELECTION from 276dcdcd-15bf-4616-85f3-24cbc9cded34: our priority 0 <= candidate's priority 1
2023-09-07 08:52:15,684 [grpc-default-executor-1] INFO  server.RaftServer$Division (RaftServerImpl.java:setRole(329)) - 453fd3f5-2dd8-488f-a349-96be441c1316@group-FD8D31C87414: changes role from  FOLLOWER to FOLLOWER at term 1 for candidate:276dcdcd-15bf-4616-85f3-24cbc9cded34
2023-09-07 08:52:15,684 [grpc-default-executor-1] INFO  impl.RoleInfo (RoleInfo.java:shutdownFollowerState(110)) - 453fd3f5-2dd8-488f-a349-96be441c1316: shutdown 453fd3f5-2dd8-488f-a349-96be441c1316@group-FD8D31C87414-FollowerState
2023-09-07 08:52:15,684 [grpc-default-executor-1] INFO  impl.RoleInfo (RoleInfo.java:updateAndGet(139)) - 453fd3f5-2dd8-488f-a349-96be441c1316: start 453fd3f5-2dd8-488f-a349-96be441c1316@group-FD8D31C87414-FollowerState
2023-09-07 08:52:15,685 [453fd3f5-2dd8-488f-a349-96be441c1316@group-FD8D31C87414-FollowerState] INFO  impl.FollowerState (FollowerState.java:run(152)) - 453fd3f5-2dd8-488f-a349-96be441c1316@group-FD8D31C87414-FollowerState was interrupted
2023-09-07 08:52:15,683 [grpc-default-executor-3] INFO  server.RaftServer$Division (RaftServerImpl.java:requestVote(1302)) - ee526f6f-3d45-469e-9618-ca9792ac197c@group-FD8D31C87414: receive requestVote(ELECTION, 276dcdcd-15bf-4616-85f3-24cbc9cded34, group-FD8D31C87414, 1, (t:0, i:0))
2023-09-07 08:52:15,685 [grpc-default-executor-3] INFO  impl.VoteContext (VoteContext.java:log(49)) - ee526f6f-3d45-469e-9618-ca9792ac197c@group-FD8D31C87414-FOLLOWER: accept ELECTION from 276dcdcd-15bf-4616-85f3-24cbc9cded34: our priority 0 <= candidate's priority 1
2023-09-07 08:52:15,685 [grpc-default-executor-3] INFO  server.RaftServer$Division (RaftServerImpl.java:setRole(329)) - ee526f6f-3d45-469e-9618-ca9792ac197c@group-FD8D31C87414: changes role from  FOLLOWER to FOLLOWER at term 1 for candidate:276dcdcd-15bf-4616-85f3-24cbc9cded34
2023-09-07 08:52:15,685 [grpc-default-executor-3] INFO  impl.RoleInfo (RoleInfo.java:shutdownFollowerState(110)) - ee526f6f-3d45-469e-9618-ca9792ac197c: shutdown ee526f6f-3d45-469e-9618-ca9792ac197c@group-FD8D31C87414-FollowerState
2023-09-07 08:52:15,685 [grpc-default-executor-3] INFO  impl.RoleInfo (RoleInfo.java:updateAndGet(139)) - ee526f6f-3d45-469e-9618-ca9792ac197c: start ee526f6f-3d45-469e-9618-ca9792ac197c@group-FD8D31C87414-FollowerState
2023-09-07 08:52:15,685 [ee526f6f-3d45-469e-9618-ca9792ac197c@group-FD8D31C87414-FollowerState] INFO  impl.FollowerState (FollowerState.java:run(152)) - ee526f6f-3d45-469e-9618-ca9792ac197c@group-FD8D31C87414-FollowerState was interrupted
2023-09-07 08:52:15,687 [grpc-default-executor-1] INFO  server.RaftServer$Division (RaftServerImpl.java:requestVote(1335)) - 453fd3f5-2dd8-488f-a349-96be441c1316@group-FD8D31C87414 replies to ELECTION vote request: 276dcdcd-15bf-4616-85f3-24cbc9cded34<-453fd3f5-2dd8-488f-a349-96be441c1316#0:OK-t1. Peer's state: 453fd3f5-2dd8-488f-a349-96be441c1316@group-FD8D31C87414:t1, leader=null, voted=276dcdcd-15bf-4616-85f3-24cbc9cded34, raftlog=Memoized:453fd3f5-2dd8-488f-a349-96be441c1316@group-FD8D31C87414-SegmentedRaftLog:OPENED:c-1, conf=-1: peers:[ee526f6f-3d45-469e-9618-ca9792ac197c|rpc:10.1.0.48:15014|admin:10.1.0.48:15013|client:10.1.0.48:15012|dataStream:10.1.0.48:15015|priority:0|startupRole:FOLLOWER, 453fd3f5-2dd8-488f-a349-96be441c1316|rpc:10.1.0.48:15032|admin:10.1.0.48:15031|client:10.1.0.48:15030|dataStream:10.1.0.48:15033|priority:0|startupRole:FOLLOWER, 276dcdcd-15bf-4616-85f3-24cbc9cded34|rpc:10.1.0.48:15023|admin:10.1.0.48:15022|client:10.1.0.48:15021|dataStream:10.1.0.48:15024|priority:1|startupRole:FOLLOWER]|listeners:[], old=null
2023-09-07 08:52:15,689 [276dcdcd-15bf-4616-85f3-24cbc9cded34@group-FD8D31C87414-LeaderElection9] INFO  impl.LeaderElection (LeaderElection.java:logAndReturn(90)) - 276dcdcd-15bf-4616-85f3-24cbc9cded34@group-FD8D31C87414-LeaderElection9: ELECTION PASSED received 1 response(s) and 0 exception(s):
2023-09-07 08:52:15,689 [276dcdcd-15bf-4616-85f3-24cbc9cded34@group-FD8D31C87414-LeaderElection9] INFO  impl.LeaderElection (LeaderElection.java:logAndReturn(94)) -   Response 0: 276dcdcd-15bf-4616-85f3-24cbc9cded34<-453fd3f5-2dd8-488f-a349-96be441c1316#0:OK-t1
2023-09-07 08:52:15,690 [276dcdcd-15bf-4616-85f3-24cbc9cded34@group-FD8D31C87414-LeaderElection9] INFO  impl.LeaderElection (LeaderElection.java:askForVotes(323)) - 276dcdcd-15bf-4616-85f3-24cbc9cded34@group-FD8D31C87414-LeaderElection9 ELECTION round 0: result PASSED
2023-09-07 08:52:15,690 [276dcdcd-15bf-4616-85f3-24cbc9cded34@group-FD8D31C87414-LeaderElection9] INFO  impl.RoleInfo (RoleInfo.java:shutdownLeaderElection(130)) - 276dcdcd-15bf-4616-85f3-24cbc9cded34: shutdown 276dcdcd-15bf-4616-85f3-24cbc9cded34@group-FD8D31C87414-LeaderElection9
2023-09-07 08:52:15,690 [276dcdcd-15bf-4616-85f3-24cbc9cded34@group-FD8D31C87414-LeaderElection9] INFO  server.RaftServer$Division (RaftServerImpl.java:setRole(329)) - 276dcdcd-15bf-4616-85f3-24cbc9cded34@group-FD8D31C87414: changes role from CANDIDATE to LEADER at term 1 for changeToLeader
2023-09-07 08:52:15,690 [276dcdcd-15bf-4616-85f3-24cbc9cded34@group-FD8D31C87414-LeaderElection9] INFO  ratis.XceiverServerRatis (XceiverServerRatis.java:handleLeaderChangedNotification(902)) - Leader change notification received for group: group-FD8D31C87414 with new leaderId: 276dcdcd-15bf-4616-85f3-24cbc9cded34
2023-09-07 08:52:15,690 [276dcdcd-15bf-4616-85f3-24cbc9cded34@group-FD8D31C87414-LeaderElection9] INFO  server.RaftServer$Division (ServerState.java:setLeader(317)) - 276dcdcd-15bf-4616-85f3-24cbc9cded34@group-FD8D31C87414: change Leader from null to 276dcdcd-15bf-4616-85f3-24cbc9cded34 at term 1 for becomeLeader, leader elected after 5388ms
2023-09-07 08:52:15,690 [276dcdcd-15bf-4616-85f3-24cbc9cded34@group-FD8D31C87414-LeaderElection9] INFO  server.RaftServerConfigKeys (ConfUtils.java:logGet(46)) - raft.server.staging.catchup.gap = 1000 (default)
2023-09-07 08:52:15,691 [276dcdcd-15bf-4616-85f3-24cbc9cded34@group-FD8D31C87414-LeaderElection9] INFO  server.RaftServerConfigKeys (ConfUtils.java:logGet(46)) - raft.server.write.element-limit = 1024 (custom)
2023-09-07 08:52:15,692 [276dcdcd-15bf-4616-85f3-24cbc9cded34@group-FD8D31C87414-LeaderElection9] INFO  server.RaftServerConfigKeys (ConfUtils.java:logGet(46)) - raft.server.write.byte-limit = 1024 M (=1073741824) (custom)
2023-09-07 08:52:15,692 [276dcdcd-15bf-4616-85f3-24cbc9cded34@group-FD8D31C87414-LeaderElection9] INFO  server.RaftServerConfigKeys (ConfUtils.java:logGet(46)) - raft.server.watch.timeout = 180s (custom)
2023-09-07 08:52:15,692 [276dcdcd-15bf-4616-85f3-24cbc9cded34@group-FD8D31C87414-LeaderElection9] INFO  server.RaftServerConfigKeys (ConfUtils.java:logGet(46)) - raft.server.watch.timeout.denomination = 1s (default)
2023-09-07 08:52:15,692 [276dcdcd-15bf-4616-85f3-24cbc9cded34@group-FD8D31C87414-LeaderElection9] INFO  server.RaftServerConfigKeys (ConfUtils.java:logGet(46)) - raft.server.watch.element-limit = 65536 (default)
2023-09-07 08:52:15,692 [276dcdcd-15bf-4616-85f3-24cbc9cded34@group-FD8D31C87414-LeaderElection9] INFO  server.RaftServerConfigKeys (ConfUtils.java:logGet(46)) - raft.server.write.element-limit = 1024 (custom)
2023-09-07 08:52:15,692 [276dcdcd-15bf-4616-85f3-24cbc9cded34@group-FD8D31C87414-LeaderElection9] INFO  server.RaftServerConfigKeys (ConfUtils.java:logGet(46)) - raft.server.write.follower.gap.ratio.max = -1.0 (default)
2023-09-07 08:52:15,693 [276dcdcd-15bf-4616-85f3-24cbc9cded34@group-FD8D31C87414-LeaderElection9] INFO  server.RaftServerConfigKeys (ConfUtils.java:logGet(46)) - raft.server.log.appender.snapshot.chunk.size.max = 16MB (=16777216) (default)
2023-09-07 08:52:15,693 [grpc-default-executor-3] INFO  server.RaftServer$Division (RaftServerImpl.java:requestVote(1335)) - ee526f6f-3d45-469e-9618-ca9792ac197c@group-FD8D31C87414 replies to ELECTION vote request: 276dcdcd-15bf-4616-85f3-24cbc9cded34<-ee526f6f-3d45-469e-9618-ca9792ac197c#0:OK-t1. Peer's state: ee526f6f-3d45-469e-9618-ca9792ac197c@group-FD8D31C87414:t1, leader=null, voted=276dcdcd-15bf-4616-85f3-24cbc9cded34, raftlog=Memoized:ee526f6f-3d45-469e-9618-ca9792ac197c@group-FD8D31C87414-SegmentedRaftLog:OPENED:c-1, conf=-1: peers:[ee526f6f-3d45-469e-9618-ca9792ac197c|rpc:10.1.0.48:15014|admin:10.1.0.48:15013|client:10.1.0.48:15012|dataStream:10.1.0.48:15015|priority:0|startupRole:FOLLOWER, 453fd3f5-2dd8-488f-a349-96be441c1316|rpc:10.1.0.48:15032|admin:10.1.0.48:15031|client:10.1.0.48:15030|dataStream:10.1.0.48:15033|priority:0|startupRole:FOLLOWER, 276dcdcd-15bf-4616-85f3-24cbc9cded34|rpc:10.1.0.48:15023|admin:10.1.0.48:15022|client:10.1.0.48:15021|dataStream:10.1.0.48:15024|priority:1|startupRole:FOLLOWER]|listeners:[], old=null
2023-09-07 08:52:15,693 [276dcdcd-15bf-4616-85f3-24cbc9cded34@group-FD8D31C87414-LeaderElection9] INFO  server.RaftServerConfigKeys (ConfUtils.java:logGet(46)) - raft.server.log.appender.buffer.byte-limit = 33554432 (custom)
2023-09-07 08:52:15,694 [276dcdcd-15bf-4616-85f3-24cbc9cded34@group-FD8D31C87414-LeaderElection9] INFO  server.RaftServerConfigKeys (ConfUtils.java:logGet(46)) - raft.server.log.appender.buffer.element-limit = 1 (custom)
2023-09-07 08:52:15,694 [276dcdcd-15bf-4616-85f3-24cbc9cded34@group-FD8D31C87414-LeaderElection9] INFO  server.RaftServerConfigKeys (ConfUtils.java:logGet(46)) - raft.server.log.appender.wait-time.min = 10ms (default)
2023-09-07 08:52:15,694 [276dcdcd-15bf-4616-85f3-24cbc9cded34@group-FD8D31C87414-LeaderElection9] INFO  grpc.GrpcConfigKeys (ConfUtils.java:logGet(46)) - raft.grpc.server.leader.outstanding.appends.max = 128 (default)
2023-09-07 08:52:15,700 [276dcdcd-15bf-4616-85f3-24cbc9cded34@group-FD8D31C87414-LeaderElection9] INFO  server.RaftServerConfigKeys (ConfUtils.java:logGet(46)) - raft.server.rpc.request.timeout = 60s (custom)
2023-09-07 08:52:15,700 [276dcdcd-15bf-4616-85f3-24cbc9cded34@group-FD8D31C87414-LeaderElection9] INFO  grpc.GrpcConfigKeys (ConfUtils.java:logGet(46)) - raft.grpc.server.install_snapshot.request.element-limit = 8 (default)
2023-09-07 08:52:15,700 [276dcdcd-15bf-4616-85f3-24cbc9cded34@group-FD8D31C87414-LeaderElection9] INFO  grpc.GrpcConfigKeys (ConfUtils.java:logGet(46)) - raft.grpc.server.install_snapshot.request.timeout = 3000ms (default)
2023-09-07 08:52:15,701 [276dcdcd-15bf-4616-85f3-24cbc9cded34@group-FD8D31C87414-LeaderElection9] INFO  server.RaftServerConfigKeys (ConfUtils.java:logGet(46)) - raft.server.log.appender.install.snapshot.enabled = false (custom)
2023-09-07 08:52:15,701 [276dcdcd-15bf-4616-85f3-24cbc9cded34@group-FD8D31C87414-LeaderElection9] INFO  grpc.GrpcConfigKeys (ConfUtils.java:logGet(46)) - raft.grpc.server.heartbeat.channel = true (default)
2023-09-07 08:52:15,702 [276dcdcd-15bf-4616-85f3-24cbc9cded34@group-FD8D31C87414-LeaderElection9] INFO  server.RaftServerConfigKeys (ConfUtils.java:logGet(46)) - raft.server.log.appender.snapshot.chunk.size.max = 16MB (=16777216) (default)
2023-09-07 08:52:15,702 [276dcdcd-15bf-4616-85f3-24cbc9cded34@group-FD8D31C87414-LeaderElection9] INFO  server.RaftServerConfigKeys (ConfUtils.java:logGet(46)) - raft.server.log.appender.buffer.byte-limit = 33554432 (custom)
2023-09-07 08:52:15,702 [276dcdcd-15bf-4616-85f3-24cbc9cded34@group-FD8D31C87414-LeaderElection9] INFO  server.RaftServerConfigKeys (ConfUtils.java:logGet(46)) - raft.server.log.appender.buffer.element-limit = 1 (custom)
2023-09-07 08:52:15,702 [276dcdcd-15bf-4616-85f3-24cbc9cded34@group-FD8D31C87414-LeaderElection9] INFO  server.RaftServerConfigKeys (ConfUtils.java:logGet(46)) - raft.server.log.appender.wait-time.min = 10ms (default)
2023-09-07 08:52:15,703 [276dcdcd-15bf-4616-85f3-24cbc9cded34@group-FD8D31C87414-LeaderElection9] INFO  grpc.GrpcConfigKeys (ConfUtils.java:logGet(46)) - raft.grpc.server.leader.outstanding.appends.max = 128 (default)
2023-09-07 08:52:15,703 [276dcdcd-15bf-4616-85f3-24cbc9cded34@group-FD8D31C87414-LeaderElection9] INFO  server.RaftServerConfigKeys (ConfUtils.java:logGet(46)) - raft.server.rpc.request.timeout = 60s (custom)
2023-09-07 08:52:15,704 [276dcdcd-15bf-4616-85f3-24cbc9cded34@group-FD8D31C87414-LeaderElection9] INFO  grpc.GrpcConfigKeys (ConfUtils.java:logGet(46)) - raft.grpc.server.install_snapshot.request.element-limit = 8 (default)
2023-09-07 08:52:15,704 [276dcdcd-15bf-4616-85f3-24cbc9cded34@group-FD8D31C87414-LeaderElection9] INFO  grpc.GrpcConfigKeys (ConfUtils.java:logGet(46)) - raft.grpc.server.install_snapshot.request.timeout = 3000ms (default)
2023-09-07 08:52:15,705 [276dcdcd-15bf-4616-85f3-24cbc9cded34@group-FD8D31C87414-LeaderElection9] INFO  server.RaftServerConfigKeys (ConfUtils.java:logGet(46)) - raft.server.log.appender.install.snapshot.enabled = false (custom)
2023-09-07 08:52:15,705 [276dcdcd-15bf-4616-85f3-24cbc9cded34@group-FD8D31C87414-LeaderElection9] INFO  grpc.GrpcConfigKeys (ConfUtils.java:logGet(46)) - raft.grpc.server.heartbeat.channel = true (default)
2023-09-07 08:52:15,705 [EventQueue-PipelineReportForPipelineReportHandler] INFO  pipeline.PipelineReportHandler (PipelineReportHandler.java:processPipelineReport(136)) - Opened pipeline PipelineID=55f15abb-f6c0-4b66-854c-fd8d31c87414
2023-09-07 08:52:15,706 [276dcdcd-15bf-4616-85f3-24cbc9cded34@group-FD8D31C87414-LeaderElection9] INFO  impl.RoleInfo (RoleInfo.java:updateAndGet(139)) - 276dcdcd-15bf-4616-85f3-24cbc9cded34: start 276dcdcd-15bf-4616-85f3-24cbc9cded34@group-FD8D31C87414-LeaderStateImpl
2023-09-07 08:52:15,707 [main] INFO  ozone.MiniOzoneClusterImpl (MiniOzoneClusterImpl.java:lambda$waitForClusterToBeReady$0(224)) - Nodes are ready. Got 5 of 5 DN Heartbeats.
2023-09-07 08:52:15,707 [276dcdcd-15bf-4616-85f3-24cbc9cded34@group-FD8D31C87414-LeaderElection9] INFO  segmented.SegmentedRaftLogWorker (SegmentedRaftLogWorker.java:startLogSegment(447)) - 276dcdcd-15bf-4616-85f3-24cbc9cded34@group-FD8D31C87414-SegmentedRaftLogWorker: Starting segment from index:0
2023-09-07 08:52:15,707 [main] INFO  ozone.MiniOzoneClusterImpl (MiniOzoneClusterImpl.java:lambda$waitForClusterToBeReady$0(227)) - Cluster exits safe mode
2023-09-07 08:52:15,708 [main] INFO  ozone.MiniOzoneClusterImpl (MiniOzoneClusterImpl.java:lambda$waitForClusterToBeReady$0(229)) - SCM became leader
2023-09-07 08:52:15,711 [276dcdcd-15bf-4616-85f3-24cbc9cded34@group-FD8D31C87414-SegmentedRaftLogWorker] INFO  segmented.SegmentedRaftLogWorker (SegmentedRaftLogWorker.java:execute(651)) - 276dcdcd-15bf-4616-85f3-24cbc9cded34@group-FD8D31C87414-SegmentedRaftLogWorker: created new log segment /home/runner/work/ozone/ozone/hadoop-ozone/integration-test/target/test-dir/MiniOzoneClusterImpl-480c9758-28d8-415f-a146-fed859d0e253/datanode-1/data/ratis/55f15abb-f6c0-4b66-854c-fd8d31c87414/current/log_inprogress_0
2023-09-07 08:52:15,754 [276dcdcd-15bf-4616-85f3-24cbc9cded34@group-FD8D31C87414-LeaderElection9] INFO  server.RaftServer$Division (ServerState.java:setRaftConf(434)) - 276dcdcd-15bf-4616-85f3-24cbc9cded34@group-FD8D31C87414: set configuration 0: peers:[ee526f6f-3d45-469e-9618-ca9792ac197c|rpc:10.1.0.48:15014|admin:10.1.0.48:15013|client:10.1.0.48:15012|dataStream:10.1.0.48:15015|priority:0|startupRole:FOLLOWER, 453fd3f5-2dd8-488f-a349-96be441c1316|rpc:10.1.0.48:15032|admin:10.1.0.48:15031|client:10.1.0.48:15030|dataStream:10.1.0.48:15033|priority:0|startupRole:FOLLOWER, 276dcdcd-15bf-4616-85f3-24cbc9cded34|rpc:10.1.0.48:15023|admin:10.1.0.48:15022|client:10.1.0.48:15021|dataStream:10.1.0.48:15024|priority:1|startupRole:FOLLOWER]|listeners:[], old=null
2023-09-07 08:52:15,757 [ee526f6f-3d45-469e-9618-ca9792ac197c-server-thread1] INFO  ratis.XceiverServerRatis (XceiverServerRatis.java:handleLeaderChangedNotification(902)) - Leader change notification received for group: group-FD8D31C87414 with new leaderId: 276dcdcd-15bf-4616-85f3-24cbc9cded34
2023-09-07 08:52:15,757 [ee526f6f-3d45-469e-9618-ca9792ac197c-server-thread1] INFO  server.RaftServer$Division (ServerState.java:setLeader(317)) - ee526f6f-3d45-469e-9618-ca9792ac197c@group-FD8D31C87414: change Leader from null to 276dcdcd-15bf-4616-85f3-24cbc9cded34 at term 1 for appendEntries, leader elected after 5327ms
2023-09-07 08:52:15,761 [21558166-7abb-48cd-85e5-e0231587e321@group-512C37CA5D20-FollowerState] INFO  impl.FollowerState (FollowerState.java:run(143)) - 21558166-7abb-48cd-85e5-e0231587e321@group-512C37CA5D20-FollowerState: change to CANDIDATE, lastRpcElapsedTime:5022072988ns, electionTimeout:5018ms
2023-09-07 08:52:15,789 [ee526f6f-3d45-469e-9618-ca9792ac197c-server-thread2] INFO  server.RaftServer$Division (ServerState.java:setRaftConf(434)) - ee526f6f-3d45-469e-9618-ca9792ac197c@group-FD8D31C87414: set configuration 0: peers:[ee526f6f-3d45-469e-9618-ca9792ac197c|rpc:10.1.0.48:15014|admin:10.1.0.48:15013|client:10.1.0.48:15012|dataStream:10.1.0.48:15015|priority:0|startupRole:FOLLOWER, 453fd3f5-2dd8-488f-a349-96be441c1316|rpc:10.1.0.48:15032|admin:10.1.0.48:15031|client:10.1.0.48:15030|dataStream:10.1.0.48:15033|priority:0|startupRole:FOLLOWER, 276dcdcd-15bf-4616-85f3-24cbc9cded34|rpc:10.1.0.48:15023|admin:10.1.0.48:15022|client:10.1.0.48:15021|dataStream:10.1.0.48:15024|priority:1|startupRole:FOLLOWER]|listeners:[], old=null
2023-09-07 08:52:15,789 [ee526f6f-3d45-469e-9618-ca9792ac197c-server-thread2] INFO  segmented.SegmentedRaftLogWorker (SegmentedRaftLogWorker.java:startLogSegment(447)) - ee526f6f-3d45-469e-9618-ca9792ac197c@group-FD8D31C87414-SegmentedRaftLogWorker: Starting segment from index:0
2023-09-07 08:52:15,793 [21558166-7abb-48cd-85e5-e0231587e321@group-512C37CA5D20-FollowerState] INFO  impl.RoleInfo (RoleInfo.java:shutdownFollowerState(110)) - 21558166-7abb-48cd-85e5-e0231587e321: shutdown 21558166-7abb-48cd-85e5-e0231587e321@group-512C37CA5D20-FollowerState
2023-09-07 08:52:15,793 [21558166-7abb-48cd-85e5-e0231587e321@group-512C37CA5D20-FollowerState] INFO  server.RaftServer$Division (RaftServerImpl.java:setRole(329)) - 21558166-7abb-48cd-85e5-e0231587e321@group-512C37CA5D20: changes role from  FOLLOWER to CANDIDATE at term 0 for changeToCandidate
2023-09-07 08:52:15,793 [21558166-7abb-48cd-85e5-e0231587e321@group-512C37CA5D20-FollowerState] INFO  server.RaftServerConfigKeys (ConfUtils.java:logGet(46)) - raft.server.leaderelection.pre-vote = true (default)
2023-09-07 08:52:15,793 [21558166-7abb-48cd-85e5-e0231587e321@group-512C37CA5D20-FollowerState] INFO  impl.RoleInfo (RoleInfo.java:updateAndGet(139)) - 21558166-7abb-48cd-85e5-e0231587e321: start 21558166-7abb-48cd-85e5-e0231587e321@group-512C37CA5D20-LeaderElection10
2023-09-07 08:52:15,794 [ee526f6f-3d45-469e-9618-ca9792ac197c@group-FD8D31C87414-SegmentedRaftLogWorker] INFO  segmented.SegmentedRaftLogWorker (SegmentedRaftLogWorker.java:execute(651)) - ee526f6f-3d45-469e-9618-ca9792ac197c@group-FD8D31C87414-SegmentedRaftLogWorker: created new log segment /home/runner/work/ozone/ozone/hadoop-ozone/integration-test/target/test-dir/MiniOzoneClusterImpl-480c9758-28d8-415f-a146-fed859d0e253/datanode-0/data/ratis/55f15abb-f6c0-4b66-854c-fd8d31c87414/current/log_inprogress_0
2023-09-07 08:52:15,813 [453fd3f5-2dd8-488f-a349-96be441c1316-server-thread1] INFO  ratis.XceiverServerRatis (XceiverServerRatis.java:handleLeaderChangedNotification(902)) - Leader change notification received for group: group-FD8D31C87414 with new leaderId: 276dcdcd-15bf-4616-85f3-24cbc9cded34
2023-09-07 08:52:15,813 [453fd3f5-2dd8-488f-a349-96be441c1316-server-thread1] INFO  server.RaftServer$Division (ServerState.java:setLeader(317)) - 453fd3f5-2dd8-488f-a349-96be441c1316@group-FD8D31C87414: change Leader from null to 276dcdcd-15bf-4616-85f3-24cbc9cded34 at term 1 for appendEntries, leader elected after 5610ms
2023-09-07 08:52:15,817 [21558166-7abb-48cd-85e5-e0231587e321@group-512C37CA5D20-LeaderElection10] INFO  impl.LeaderElection (LeaderElection.java:askForVotes(321)) - 21558166-7abb-48cd-85e5-e0231587e321@group-512C37CA5D20-LeaderElection10 PRE_VOTE round 0: submit vote requests at term 0 for -1: peers:[21558166-7abb-48cd-85e5-e0231587e321|rpc:10.1.0.48:15050|admin:10.1.0.48:15049|client:10.1.0.48:15048|dataStream:10.1.0.48:15051|priority:1|startupRole:FOLLOWER]|listeners:[], old=null
2023-09-07 08:52:15,817 [21558166-7abb-48cd-85e5-e0231587e321@group-512C37CA5D20-LeaderElection10] INFO  impl.LeaderElection (LeaderElection.java:askForVotes(323)) - 21558166-7abb-48cd-85e5-e0231587e321@group-512C37CA5D20-LeaderElection10 PRE_VOTE round 0: result PASSED (term=0)
2023-09-07 08:52:15,819 [21558166-7abb-48cd-85e5-e0231587e321@group-512C37CA5D20-LeaderElection10] INFO  impl.LeaderElection (LeaderElection.java:askForVotes(321)) - 21558166-7abb-48cd-85e5-e0231587e321@group-512C37CA5D20-LeaderElection10 ELECTION round 0: submit vote requests at term 1 for -1: peers:[21558166-7abb-48cd-85e5-e0231587e321|rpc:10.1.0.48:15050|admin:10.1.0.48:15049|client:10.1.0.48:15048|dataStream:10.1.0.48:15051|priority:1|startupRole:FOLLOWER]|listeners:[], old=null
2023-09-07 08:52:15,819 [21558166-7abb-48cd-85e5-e0231587e321@group-512C37CA5D20-LeaderElection10] INFO  impl.LeaderElection (LeaderElection.java:askForVotes(323)) - 21558166-7abb-48cd-85e5-e0231587e321@group-512C37CA5D20-LeaderElection10 ELECTION round 0: result PASSED (term=1)
2023-09-07 08:52:15,819 [21558166-7abb-48cd-85e5-e0231587e321@group-512C37CA5D20-LeaderElection10] INFO  impl.RoleInfo (RoleInfo.java:shutdownLeaderElection(130)) - 21558166-7abb-48cd-85e5-e0231587e321: shutdown 21558166-7abb-48cd-85e5-e0231587e321@group-512C37CA5D20-LeaderElection10
2023-09-07 08:52:15,819 [21558166-7abb-48cd-85e5-e0231587e321@group-512C37CA5D20-LeaderElection10] INFO  server.RaftServer$Division (RaftServerImpl.java:setRole(329)) - 21558166-7abb-48cd-85e5-e0231587e321@group-512C37CA5D20: changes role from CANDIDATE to LEADER at term 1 for changeToLeader
2023-09-07 08:52:15,819 [21558166-7abb-48cd-85e5-e0231587e321@group-512C37CA5D20-LeaderElection10] INFO  ratis.XceiverServerRatis (XceiverServerRatis.java:handleLeaderChangedNotification(902)) - Leader change notification received for group: group-512C37CA5D20 with new leaderId: 21558166-7abb-48cd-85e5-e0231587e321
2023-09-07 08:52:15,833 [21558166-7abb-48cd-85e5-e0231587e321@group-512C37CA5D20-LeaderElection10] INFO  server.RaftServer$Division (ServerState.java:setLeader(317)) - 21558166-7abb-48cd-85e5-e0231587e321@group-512C37CA5D20: change Leader from null to 21558166-7abb-48cd-85e5-e0231587e321 at term 1 for becomeLeader, leader elected after 5117ms
2023-09-07 08:52:15,834 [21558166-7abb-48cd-85e5-e0231587e321@group-512C37CA5D20-LeaderElection10] INFO  server.RaftServerConfigKeys (ConfUtils.java:logGet(46)) - raft.server.staging.catchup.gap = 1000 (default)
2023-09-07 08:52:15,834 [21558166-7abb-48cd-85e5-e0231587e321@group-512C37CA5D20-LeaderElection10] INFO  server.RaftServerConfigKeys (ConfUtils.java:logGet(46)) - raft.server.write.element-limit = 1024 (custom)
2023-09-07 08:52:15,834 [21558166-7abb-48cd-85e5-e0231587e321@group-512C37CA5D20-LeaderElection10] INFO  server.RaftServerConfigKeys (ConfUtils.java:logGet(46)) - raft.server.write.byte-limit = 1024 M (=1073741824) (custom)
2023-09-07 08:52:15,838 [21558166-7abb-48cd-85e5-e0231587e321@group-512C37CA5D20-LeaderElection10] INFO  server.RaftServerConfigKeys (ConfUtils.java:logGet(46)) - raft.server.watch.timeout = 180s (custom)
2023-09-07 08:52:15,838 [21558166-7abb-48cd-85e5-e0231587e321@group-512C37CA5D20-LeaderElection10] INFO  server.RaftServerConfigKeys (ConfUtils.java:logGet(46)) - raft.server.watch.timeout.denomination = 1s (default)
2023-09-07 08:52:15,838 [21558166-7abb-48cd-85e5-e0231587e321@group-512C37CA5D20-LeaderElection10] INFO  server.RaftServerConfigKeys (ConfUtils.java:logGet(46)) - raft.server.watch.element-limit = 65536 (default)
2023-09-07 08:52:15,838 [21558166-7abb-48cd-85e5-e0231587e321@group-512C37CA5D20-LeaderElection10] INFO  server.RaftServerConfigKeys (ConfUtils.java:logGet(46)) - raft.server.write.element-limit = 1024 (custom)
2023-09-07 08:52:15,838 [21558166-7abb-48cd-85e5-e0231587e321@group-512C37CA5D20-LeaderElection10] INFO  server.RaftServerConfigKeys (ConfUtils.java:logGet(46)) - raft.server.write.follower.gap.ratio.max = -1.0 (default)
2023-09-07 08:52:15,838 [21558166-7abb-48cd-85e5-e0231587e321@group-512C37CA5D20-LeaderElection10] INFO  impl.RoleInfo (RoleInfo.java:updateAndGet(139)) - 21558166-7abb-48cd-85e5-e0231587e321: start 21558166-7abb-48cd-85e5-e0231587e321@group-512C37CA5D20-LeaderStateImpl
2023-09-07 08:52:15,839 [21558166-7abb-48cd-85e5-e0231587e321@group-512C37CA5D20-LeaderElection10] INFO  segmented.SegmentedRaftLogWorker (SegmentedRaftLogWorker.java:startLogSegment(447)) - 21558166-7abb-48cd-85e5-e0231587e321@group-512C37CA5D20-SegmentedRaftLogWorker: Starting segment from index:0
2023-09-07 08:52:15,842 [453fd3f5-2dd8-488f-a349-96be441c1316-server-thread3] INFO  server.RaftServer$Division (ServerState.java:setRaftConf(434)) - 453fd3f5-2dd8-488f-a349-96be441c1316@group-FD8D31C87414: set configuration 0: peers:[ee526f6f-3d45-469e-9618-ca9792ac197c|rpc:10.1.0.48:15014|admin:10.1.0.48:15013|client:10.1.0.48:15012|dataStream:10.1.0.48:15015|priority:0|startupRole:FOLLOWER, 453fd3f5-2dd8-488f-a349-96be441c1316|rpc:10.1.0.48:15032|admin:10.1.0.48:15031|client:10.1.0.48:15030|dataStream:10.1.0.48:15033|priority:0|startupRole:FOLLOWER, 276dcdcd-15bf-4616-85f3-24cbc9cded34|rpc:10.1.0.48:15023|admin:10.1.0.48:15022|client:10.1.0.48:15021|dataStream:10.1.0.48:15024|priority:1|startupRole:FOLLOWER]|listeners:[], old=null
2023-09-07 08:52:15,842 [453fd3f5-2dd8-488f-a349-96be441c1316-server-thread3] INFO  segmented.SegmentedRaftLogWorker (SegmentedRaftLogWorker.java:startLogSegment(447)) - 453fd3f5-2dd8-488f-a349-96be441c1316@group-FD8D31C87414-SegmentedRaftLogWorker: Starting segment from index:0
2023-09-07 08:52:15,844 [453fd3f5-2dd8-488f-a349-96be441c1316@group-FD8D31C87414-SegmentedRaftLogWorker] INFO  segmented.SegmentedRaftLogWorker (SegmentedRaftLogWorker.java:execute(651)) - 453fd3f5-2dd8-488f-a349-96be441c1316@group-FD8D31C87414-SegmentedRaftLogWorker: created new log segment /home/runner/work/ozone/ozone/hadoop-ozone/integration-test/target/test-dir/MiniOzoneClusterImpl-480c9758-28d8-415f-a146-fed859d0e253/datanode-2/data/ratis/55f15abb-f6c0-4b66-854c-fd8d31c87414/current/log_inprogress_0
2023-09-07 08:52:15,845 [21558166-7abb-48cd-85e5-e0231587e321@group-512C37CA5D20-SegmentedRaftLogWorker] INFO  segmented.SegmentedRaftLogWorker (SegmentedRaftLogWorker.java:execute(651)) - 21558166-7abb-48cd-85e5-e0231587e321@group-512C37CA5D20-SegmentedRaftLogWorker: created new log segment /home/runner/work/ozone/ozone/hadoop-ozone/integration-test/target/test-dir/MiniOzoneClusterImpl-480c9758-28d8-415f-a146-fed859d0e253/datanode-4/data/ratis/efb7b314-f687-41bd-b569-512c37ca5d20/current/log_inprogress_0
2023-09-07 08:52:15,851 [21558166-7abb-48cd-85e5-e0231587e321@group-512C37CA5D20-LeaderElection10] INFO  server.RaftServer$Division (ServerState.java:setRaftConf(434)) - 21558166-7abb-48cd-85e5-e0231587e321@group-512C37CA5D20: set configuration 0: peers:[21558166-7abb-48cd-85e5-e0231587e321|rpc:10.1.0.48:15050|admin:10.1.0.48:15049|client:10.1.0.48:15048|dataStream:10.1.0.48:15051|priority:1|startupRole:FOLLOWER]|listeners:[], old=null
2023-09-07 08:52:16,509 [JvmPauseMonitor2] WARN  util.JvmPauseMonitor (JvmPauseMonitor.java:detectPause(124)) - JvmPauseMonitor-ee526f6f-3d45-469e-9618-ca9792ac197c: Detected pause in JVM or host machine approximately 0.358s with 0.421s GC time.
GC pool 'PS MarkSweep' had collection(s): count=1 time=321ms
GC pool 'PS Scavenge' had collection(s): count=1 time=100ms
2023-09-07 08:52:16,875 [main] INFO  rpc.RpcClient (RpcClient.java:createVolume(461)) - Creating Volume: volume72881, with user19941 as owner and space quota set to -1 bytes, counts quota set to -1
2023-09-07 08:52:16,940 [OM StateMachine ApplyTransaction Thread - 0] INFO  volume.OMVolumeCreateRequest (OMVolumeCreateRequest.java:validateAndUpdateCache(196)) - created volume:volume72881 for user:user19941
2023-09-07 08:52:16,965 [main] INFO  rpc.RpcClient (RpcClient.java:createBucket(688)) - Creating Bucket: volume72881/bucket22361, with bucket layout LEGACY, runner as owner, Versioning false, Storage Type set to DISK and Encryption set to false, Replication Type set to server-side default replication type, Namespace Quota set to -1, Space Quota set to -1 
2023-09-07 08:52:16,991 [OM StateMachine ApplyTransaction Thread - 0] INFO  bucket.OMBucketCreateRequest (OMBucketCreateRequest.java:validateAndUpdateCache(270)) - created bucket: bucket22361 of layout LEGACY in volume: volume72881
]]></system-out>
  </testcase>
  <testcase name="testGetTrashRoot" classname="TestOzoneFileSystem" time="19.436">
    <system-out><![CDATA[2023-09-07 08:53:51,770 [main] INFO  ozone.MiniOzoneClusterImpl (MiniOzoneClusterImpl.java:shutdown(443)) - Shutting down the Mini Ozone Cluster
2023-09-07 08:53:51,771 [main] INFO  ozone.MiniOzoneClusterImpl (MiniOzoneClusterImpl.java:stop(460)) - Stopping the Mini Ozone Cluster
2023-09-07 08:53:51,771 [main] INFO  ozone.MiniOzoneClusterImpl (MiniOzoneClusterImpl.java:stopOM(551)) - Stopping the OzoneManager
2023-09-07 08:53:51,771 [main] INFO  om.OzoneManager (OzoneManager.java:stop(2204)) - om1[localhost:15004]: Stopping Ozone Manager
2023-09-07 08:53:51,771 [main] INFO  ipc.Server (Server.java:stop(3523)) - Stopping server on 15004
2023-09-07 08:53:51,779 [IPC Server listener on 15004] INFO  ipc.Server (Server.java:run(1434)) - Stopping IPC Server listener on 15004
2023-09-07 08:53:51,780 [IPC Server Responder] INFO  ipc.Server (Server.java:run(1567)) - Stopping IPC Server Responder
2023-09-07 08:53:51,785 [main] INFO  server.RaftServer (RaftServerProxy.java:lambda$close$6(416)) - om1: close
2023-09-07 08:53:51,786 [main] INFO  server.GrpcService (GrpcService.java:closeImpl(311)) - om1: shutdown server GrpcServerProtocolService now
2023-09-07 08:53:51,789 [om1-impl-thread2] INFO  server.RaftServer$Division (RaftServerImpl.java:lambda$close$4(466)) - om1@group-C5BA1605619E: shutdown
2023-09-07 08:53:51,789 [om1-impl-thread2] INFO  util.JmxRegister (JmxRegister.java:unregister(73)) - Successfully un-registered JMX Bean with object name Ratis:service=RaftServer,group=group-C5BA1605619E,id=om1
2023-09-07 08:53:51,789 [om1-impl-thread2] INFO  impl.RoleInfo (RoleInfo.java:shutdownLeaderState(93)) - om1: shutdown om1@group-C5BA1605619E-LeaderStateImpl
2023-09-07 08:53:51,790 [om1-impl-thread2] INFO  impl.PendingRequests (PendingRequests.java:sendNotLeaderResponses(289)) - om1@group-C5BA1605619E-PendingRequests: sendNotLeaderResponses
2023-09-07 08:53:51,805 [main] INFO  server.GrpcService (GrpcService.java:closeImpl(320)) - om1: shutdown server GrpcServerProtocolService successfully
2023-09-07 08:53:51,807 [om1@group-C5BA1605619E-StateMachineUpdater] INFO  ratis.OzoneManagerStateMachine (OzoneManagerStateMachine.java:takeSnapshot(480)) - Current Snapshot Index (t:1, i:37012)
2023-09-07 08:53:51,809 [om1-impl-thread2] INFO  impl.StateMachineUpdater (StateMachineUpdater.java:stopAndJoin(155)) - om1@group-C5BA1605619E-StateMachineUpdater: set stopIndex = 37012
2023-09-07 08:53:51,882 [om1@group-C5BA1605619E-StateMachineUpdater] INFO  impl.StateMachineUpdater (StateMachineUpdater.java:takeSnapshot(291)) - om1@group-C5BA1605619E-StateMachineUpdater: Took a snapshot at index 37012
2023-09-07 08:53:51,884 [om1@group-C5BA1605619E-StateMachineUpdater] INFO  impl.StateMachineUpdater (StateMachineUpdater.java:lambda$new$0(97)) - om1@group-C5BA1605619E-StateMachineUpdater: snapshotIndex: updateIncreasingly -1 -> 37012
2023-09-07 08:53:51,885 [om1@group-C5BA1605619E-StateMachineUpdater] INFO  ratis.OzoneManagerStateMachine (OzoneManagerStateMachine.java:close(534)) - StateMachine has shutdown. Shutdown OzoneManager if not already shutdown.
2023-09-07 08:53:51,885 [om1@group-C5BA1605619E-StateMachineUpdater] INFO  ratis.OzoneManagerDoubleBuffer (OzoneManagerDoubleBuffer.java:stopDaemon(551)) - Stopping OMDoubleBuffer flush thread
2023-09-07 08:53:51,885 [OMDoubleBufferFlushThread] INFO  ratis.OzoneManagerDoubleBuffer (OzoneManagerDoubleBuffer.java:canFlush(638)) - OMDoubleBuffer flush thread OMDoubleBufferFlushThread is interrupted and will exit.
2023-09-07 08:53:51,887 [om1-impl-thread2] INFO  server.RaftServer$Division (ServerState.java:close(472)) - om1@group-C5BA1605619E: closes. applyIndex: 37012
2023-09-07 08:53:52,760 [om1-impl-thread2] INFO  segmented.SegmentedRaftLogWorker (SegmentedRaftLogWorker.java:close(252)) - om1@group-C5BA1605619E-SegmentedRaftLogWorker close()
2023-09-07 08:53:52,763 [JvmPauseMonitor1] INFO  util.JvmPauseMonitor (JvmPauseMonitor.java:run(109)) - JvmPauseMonitor-om1: Stopped
2023-09-07 08:53:52,763 [main] INFO  ratis.OzoneManagerStateMachine (OzoneManagerStateMachine.java:close(534)) - StateMachine has shutdown. Shutdown OzoneManager if not already shutdown.
2023-09-07 08:53:52,763 [main] INFO  ratis.OzoneManagerDoubleBuffer (OzoneManagerDoubleBuffer.java:stopDaemon(560)) - OMDoubleBuffer flush thread is not running.
2023-09-07 08:53:52,764 [main] INFO  utils.BackgroundService (BackgroundService.java:shutdown(141)) - Shutting down service KeyDeletingService
2023-09-07 08:53:52,764 [main] INFO  utils.BackgroundService (BackgroundService.java:shutdown(141)) - Shutting down service KeyDeletingService
2023-09-07 08:53:52,765 [main] INFO  utils.BackgroundService (BackgroundService.java:shutdown(141)) - Shutting down service OpenKeyCleanupService
2023-09-07 08:53:52,765 [main] INFO  utils.BackgroundService (BackgroundService.java:shutdown(141)) - Shutting down service SstFilteringService
2023-09-07 08:53:52,765 [main] INFO  utils.BackgroundService (BackgroundService.java:shutdown(141)) - Shutting down service SnapshotDeletingService
2023-09-07 08:53:52,768 [main] INFO  handler.ContextHandler (ContextHandler.java:doStop(1159)) - Stopped o.e.j.w.WebAppContext@388e631{ozoneManager,/,null,STOPPED}{file:/home/runner/work/ozone/ozone/hadoop-ozone/integration-test/target/test-classes/webapps/ozoneManager}
2023-09-07 08:53:52,773 [main] INFO  server.AbstractConnector (AbstractConnector.java:doStop(383)) - Stopped ServerConnector@76da4b9b{HTTP/1.1, (http/1.1)}{0.0.0.0:15005}
2023-09-07 08:53:52,773 [main] INFO  server.session (HouseKeeper.java:stopScavenging(149)) - node0 Stopped scavenging
2023-09-07 08:53:52,773 [main] INFO  handler.ContextHandler (ContextHandler.java:doStop(1159)) - Stopped o.e.j.s.ServletContextHandler@5f740a09{static,/static,file:///home/runner/work/ozone/ozone/hadoop-ozone/integration-test/target/test-classes/webapps/static,STOPPED}
2023-09-07 08:53:52,774 [main] INFO  handler.ContextHandler (ContextHandler.java:doStop(1159)) - Stopped o.e.j.s.ServletContextHandler@3f35489a{logs,/logs,file:///home/runner/work/ozone/ozone/hadoop-ozone/integration-test/target/log,STOPPED}
2023-09-07 08:53:52,777 [main] INFO  rocksdiff.RocksDBCheckpointDiffer (RocksDBCheckpointDiffer.java:close(343)) - Shutting down CompactionDagPruningService.
2023-09-07 08:53:52,777 [Trash Emptier] ERROR om.TrashPolicyOzone (TrashPolicyOzone.java:run(350)) - Error attempting to shutdown
java.lang.InterruptedException
	at java.util.concurrent.locks.AbstractQueuedSynchronizer$ConditionObject.awaitNanos(AbstractQueuedSynchronizer.java:2067)
	at java.util.concurrent.ThreadPoolExecutor.awaitTermination(ThreadPoolExecutor.java:1475)
	at org.apache.hadoop.ozone.om.TrashPolicyOzone$Emptier.run(TrashPolicyOzone.java:348)
	at java.lang.Thread.run(Thread.java:750)
2023-09-07 08:53:52,786 [main] INFO  snapshot.SnapshotDiffManager (SnapshotDiffManager.java:closeExecutorService(1697)) - Shutting down executorService: 'SnapDiffExecutor'
2023-09-07 08:53:52,786 [main] INFO  snapshot.SnapshotDiffManager (SnapshotDiffManager.java:closeExecutorService(1697)) - Shutting down executorService: 'SstDumpToolExecutor'
2023-09-07 08:53:52,786 [main] INFO  utils.BackgroundService (BackgroundService.java:shutdown(141)) - Shutting down service SnapshotDiffCleanupService
2023-09-07 08:53:52,788 [main] INFO  ozone.MiniOzoneClusterImpl (MiniOzoneClusterImpl.java:stopDatanodes(528)) - Stopping the HddsDatanodes
2023-09-07 08:53:52,796 [ForkJoinPool.commonPool-worker-0] INFO  ozoneimpl.OzoneContainer (OzoneContainer.java:stop(451)) - Attempting to stop container services.
2023-09-07 08:53:52,797 [main] INFO  ozoneimpl.OzoneContainer (OzoneContainer.java:stop(451)) - Attempting to stop container services.
2023-09-07 08:53:52,799 [ForkJoinPool.commonPool-worker-0] INFO  server.RaftServer (RaftServerProxy.java:lambda$close$6(416)) - 276dcdcd-15bf-4616-85f3-24cbc9cded34: close
2023-09-07 08:53:52,800 [276dcdcd-15bf-4616-85f3-24cbc9cded34-impl-thread2] INFO  server.RaftServer$Division (RaftServerImpl.java:lambda$close$4(466)) - 276dcdcd-15bf-4616-85f3-24cbc9cded34@group-FD8D31C87414: shutdown
2023-09-07 08:53:52,800 [276dcdcd-15bf-4616-85f3-24cbc9cded34-impl-thread2] INFO  util.JmxRegister (JmxRegister.java:unregister(73)) - Successfully un-registered JMX Bean with object name Ratis:service=RaftServer,group=group-FD8D31C87414,id=276dcdcd-15bf-4616-85f3-24cbc9cded34
2023-09-07 08:53:52,800 [276dcdcd-15bf-4616-85f3-24cbc9cded34-impl-thread2] INFO  impl.RoleInfo (RoleInfo.java:shutdownLeaderState(93)) - 276dcdcd-15bf-4616-85f3-24cbc9cded34: shutdown 276dcdcd-15bf-4616-85f3-24cbc9cded34@group-FD8D31C87414-LeaderStateImpl
2023-09-07 08:53:52,801 [276dcdcd-15bf-4616-85f3-24cbc9cded34-impl-thread3] INFO  server.RaftServer$Division (RaftServerImpl.java:lambda$close$4(466)) - 276dcdcd-15bf-4616-85f3-24cbc9cded34@group-109EC14DCC46: shutdown
2023-09-07 08:53:52,802 [276dcdcd-15bf-4616-85f3-24cbc9cded34-impl-thread3] INFO  util.JmxRegister (JmxRegister.java:unregister(73)) - Successfully un-registered JMX Bean with object name Ratis:service=RaftServer,group=group-109EC14DCC46,id=276dcdcd-15bf-4616-85f3-24cbc9cded34
2023-09-07 08:53:52,802 [276dcdcd-15bf-4616-85f3-24cbc9cded34-impl-thread3] INFO  impl.RoleInfo (RoleInfo.java:shutdownFollowerState(110)) - 276dcdcd-15bf-4616-85f3-24cbc9cded34: shutdown 276dcdcd-15bf-4616-85f3-24cbc9cded34@group-109EC14DCC46-FollowerState
2023-09-07 08:53:52,808 [ForkJoinPool.commonPool-worker-0] INFO  server.GrpcService (GrpcService.java:closeImpl(311)) - 276dcdcd-15bf-4616-85f3-24cbc9cded34: shutdown server org.apache.ratis.grpc.server.GrpcClientProtocolService now
2023-09-07 08:53:52,808 [276dcdcd-15bf-4616-85f3-24cbc9cded34-impl-thread3] INFO  impl.StateMachineUpdater (StateMachineUpdater.java:stopAndJoin(155)) - 276dcdcd-15bf-4616-85f3-24cbc9cded34@group-109EC14DCC46-StateMachineUpdater: set stopIndex = 7
2023-09-07 08:53:52,809 [276dcdcd-15bf-4616-85f3-24cbc9cded34@group-FD8D31C87414->ee526f6f-3d45-469e-9618-ca9792ac197c-GrpcLogAppender-LogAppenderDaemon] WARN  server.GrpcLogAppender (GrpcLogAppender.java:mayWait(199)) - 276dcdcd-15bf-4616-85f3-24cbc9cded34@group-FD8D31C87414->ee526f6f-3d45-469e-9618-ca9792ac197c-GrpcLogAppender: Wait interrupted by java.lang.InterruptedException
2023-09-07 08:53:52,812 [grpc-default-executor-5] INFO  server.GrpcServerProtocolService (GrpcServerProtocolService.java:onCompleted(155)) - ee526f6f-3d45-469e-9618-ca9792ac197c: Completed APPEND_ENTRIES, lastRequest: 276dcdcd-15bf-4616-85f3-24cbc9cded34->ee526f6f-3d45-469e-9618-ca9792ac197c#47-t1,previous=(t:1, i:20),leaderCommit=20,initializing? true,entries: size=1, first=(t:1, i:21), METADATAENTRY(c:20)
2023-09-07 08:53:52,812 [grpc-default-executor-5] INFO  server.GrpcServerProtocolService (GrpcServerProtocolService.java:lambda$onCompleted$5(157)) - ee526f6f-3d45-469e-9618-ca9792ac197c: Completed APPEND_ENTRIES, lastReply: null
2023-09-07 08:53:52,813 [276dcdcd-15bf-4616-85f3-24cbc9cded34@group-109EC14DCC46-FollowerState] INFO  impl.FollowerState (FollowerState.java:run(152)) - 276dcdcd-15bf-4616-85f3-24cbc9cded34@group-109EC14DCC46-FollowerState was interrupted
2023-09-07 08:53:52,814 [276dcdcd-15bf-4616-85f3-24cbc9cded34@group-109EC14DCC46-StateMachineUpdater] INFO  ratis.ContainerStateMachine (ContainerStateMachine.java:takeSnapshot(330)) - group-109EC14DCC46: Taking a snapshot at:(t:1, i:7) file /home/runner/work/ozone/ozone/hadoop-ozone/integration-test/target/test-dir/MiniOzoneClusterImpl-480c9758-28d8-415f-a146-fed859d0e253/datanode-1/data/ratis/267c773c-6e74-4f30-8eb7-109ec14dcc46/sm/snapshot.1_7
2023-09-07 08:53:52,814 [main] INFO  server.RaftServer (RaftServerProxy.java:lambda$close$6(416)) - 453fd3f5-2dd8-488f-a349-96be441c1316: close
2023-09-07 08:53:52,815 [grpc-default-executor-5] INFO  server.GrpcServerProtocolService (GrpcServerProtocolService.java:onCompleted(155)) - ee526f6f-3d45-469e-9618-ca9792ac197c: Completed APPEND_ENTRIES, lastRequest: null
2023-09-07 08:53:52,817 [grpc-default-executor-1] INFO  server.GrpcLogAppender (GrpcLogAppender.java:onCompleted(428)) - 276dcdcd-15bf-4616-85f3-24cbc9cded34@group-FD8D31C87414->ee526f6f-3d45-469e-9618-ca9792ac197c-AppendLogResponseHandler: follower responses appendEntries COMPLETED
2023-09-07 08:53:52,827 [grpc-default-executor-1] INFO  leader.FollowerInfo (FollowerInfoImpl.java:lambda$new$0(52)) - 276dcdcd-15bf-4616-85f3-24cbc9cded34@group-FD8D31C87414->ee526f6f-3d45-469e-9618-ca9792ac197c: decreaseNextIndex nextIndex: updateUnconditionally 22 -> 21
2023-09-07 08:53:52,829 [grpc-default-executor-3] WARN  server.GrpcClientProtocolService (LogUtils.java:warn(122)) - 0-OrderedRequestStreamObserver0: onError: org.apache.ratis.thirdparty.io.grpc.StatusRuntimeException: CANCELLED: client cancelled
2023-09-07 08:53:52,830 [453fd3f5-2dd8-488f-a349-96be441c1316-impl-thread2] INFO  server.RaftServer$Division (RaftServerImpl.java:lambda$close$4(466)) - 453fd3f5-2dd8-488f-a349-96be441c1316@group-FD8D31C87414: shutdown
2023-09-07 08:53:52,830 [453fd3f5-2dd8-488f-a349-96be441c1316-impl-thread2] INFO  util.JmxRegister (JmxRegister.java:unregister(73)) - Successfully un-registered JMX Bean with object name Ratis:service=RaftServer,group=group-FD8D31C87414,id=453fd3f5-2dd8-488f-a349-96be441c1316
2023-09-07 08:53:52,830 [453fd3f5-2dd8-488f-a349-96be441c1316-impl-thread3] INFO  server.RaftServer$Division (RaftServerImpl.java:lambda$close$4(466)) - 453fd3f5-2dd8-488f-a349-96be441c1316@group-109EC14DCC46: shutdown
2023-09-07 08:53:52,831 [453fd3f5-2dd8-488f-a349-96be441c1316-impl-thread3] INFO  util.JmxRegister (JmxRegister.java:unregister(73)) - Successfully un-registered JMX Bean with object name Ratis:service=RaftServer,group=group-109EC14DCC46,id=453fd3f5-2dd8-488f-a349-96be441c1316
2023-09-07 08:53:52,831 [453fd3f5-2dd8-488f-a349-96be441c1316-impl-thread4] INFO  server.RaftServer$Division (RaftServerImpl.java:lambda$close$4(466)) - 453fd3f5-2dd8-488f-a349-96be441c1316@group-B16DAE932054: shutdown
2023-09-07 08:53:52,831 [453fd3f5-2dd8-488f-a349-96be441c1316-impl-thread4] INFO  util.JmxRegister (JmxRegister.java:unregister(73)) - Successfully un-registered JMX Bean with object name Ratis:service=RaftServer,group=group-B16DAE932054,id=453fd3f5-2dd8-488f-a349-96be441c1316
2023-09-07 08:53:52,831 [276dcdcd-15bf-4616-85f3-24cbc9cded34@group-FD8D31C87414->453fd3f5-2dd8-488f-a349-96be441c1316-GrpcLogAppender-LogAppenderDaemon] WARN  server.GrpcLogAppender (GrpcLogAppender.java:mayWait(199)) - 276dcdcd-15bf-4616-85f3-24cbc9cded34@group-FD8D31C87414->453fd3f5-2dd8-488f-a349-96be441c1316-GrpcLogAppender: Wait interrupted by java.lang.InterruptedException
2023-09-07 08:53:52,831 [main] INFO  server.GrpcService (GrpcService.java:closeImpl(311)) - 453fd3f5-2dd8-488f-a349-96be441c1316: shutdown server org.apache.ratis.grpc.server.GrpcClientProtocolService now
2023-09-07 08:53:52,830 [453fd3f5-2dd8-488f-a349-96be441c1316-impl-thread2] INFO  impl.RoleInfo (RoleInfo.java:shutdownFollowerState(110)) - 453fd3f5-2dd8-488f-a349-96be441c1316: shutdown 453fd3f5-2dd8-488f-a349-96be441c1316@group-FD8D31C87414-FollowerState
2023-09-07 08:53:52,831 [453fd3f5-2dd8-488f-a349-96be441c1316-impl-thread4] INFO  impl.RoleInfo (RoleInfo.java:shutdownLeaderState(93)) - 453fd3f5-2dd8-488f-a349-96be441c1316: shutdown 453fd3f5-2dd8-488f-a349-96be441c1316@group-B16DAE932054-LeaderStateImpl
2023-09-07 08:53:52,831 [453fd3f5-2dd8-488f-a349-96be441c1316-impl-thread3] INFO  impl.RoleInfo (RoleInfo.java:shutdownLeaderState(93)) - 453fd3f5-2dd8-488f-a349-96be441c1316: shutdown 453fd3f5-2dd8-488f-a349-96be441c1316@group-109EC14DCC46-LeaderStateImpl
2023-09-07 08:53:52,834 [276dcdcd-15bf-4616-85f3-24cbc9cded34-impl-thread4] INFO  server.RaftServer$Division (RaftServerImpl.java:lambda$close$4(466)) - 276dcdcd-15bf-4616-85f3-24cbc9cded34@group-F571CAA155C4: shutdown
2023-09-07 08:53:52,834 [276dcdcd-15bf-4616-85f3-24cbc9cded34-impl-thread4] INFO  util.JmxRegister (JmxRegister.java:unregister(73)) - Successfully un-registered JMX Bean with object name Ratis:service=RaftServer,group=group-F571CAA155C4,id=276dcdcd-15bf-4616-85f3-24cbc9cded34
2023-09-07 08:53:52,834 [276dcdcd-15bf-4616-85f3-24cbc9cded34-impl-thread4] INFO  impl.RoleInfo (RoleInfo.java:shutdownLeaderState(93)) - 276dcdcd-15bf-4616-85f3-24cbc9cded34: shutdown 276dcdcd-15bf-4616-85f3-24cbc9cded34@group-F571CAA155C4-LeaderStateImpl
2023-09-07 08:53:52,837 [453fd3f5-2dd8-488f-a349-96be441c1316@group-109EC14DCC46->ee526f6f-3d45-469e-9618-ca9792ac197c-GrpcLogAppender-LogAppenderDaemon] WARN  server.GrpcLogAppender (GrpcLogAppender.java:mayWait(199)) - 453fd3f5-2dd8-488f-a349-96be441c1316@group-109EC14DCC46->ee526f6f-3d45-469e-9618-ca9792ac197c-GrpcLogAppender: Wait interrupted by java.lang.InterruptedException
2023-09-07 08:53:52,837 [453fd3f5-2dd8-488f-a349-96be441c1316-impl-thread2] INFO  impl.StateMachineUpdater (StateMachineUpdater.java:stopAndJoin(155)) - 453fd3f5-2dd8-488f-a349-96be441c1316@group-FD8D31C87414-StateMachineUpdater: set stopIndex = 21
2023-09-07 08:53:52,846 [453fd3f5-2dd8-488f-a349-96be441c1316@group-FD8D31C87414-StateMachineUpdater] INFO  ratis.ContainerStateMachine (ContainerStateMachine.java:takeSnapshot(330)) - group-FD8D31C87414: Taking a snapshot at:(t:1, i:21) file /home/runner/work/ozone/ozone/hadoop-ozone/integration-test/target/test-dir/MiniOzoneClusterImpl-480c9758-28d8-415f-a146-fed859d0e253/datanode-2/data/ratis/55f15abb-f6c0-4b66-854c-fd8d31c87414/sm/snapshot.1_21
2023-09-07 08:53:52,831 [276dcdcd-15bf-4616-85f3-24cbc9cded34-impl-thread2] INFO  impl.PendingRequests (PendingRequests.java:sendNotLeaderResponses(289)) - 276dcdcd-15bf-4616-85f3-24cbc9cded34@group-FD8D31C87414-PendingRequests: sendNotLeaderResponses
2023-09-07 08:53:52,837 [453fd3f5-2dd8-488f-a349-96be441c1316@group-FD8D31C87414-FollowerState] INFO  impl.FollowerState (FollowerState.java:run(152)) - 453fd3f5-2dd8-488f-a349-96be441c1316@group-FD8D31C87414-FollowerState was interrupted
2023-09-07 08:53:52,848 [grpc-default-executor-5] INFO  server.GrpcServerProtocolService (GrpcServerProtocolService.java:lambda$onCompleted$5(157)) - ee526f6f-3d45-469e-9618-ca9792ac197c: Completed APPEND_ENTRIES, lastReply: serverReply {
  requestorId: "276dcdcd-15bf-4616-85f3-24cbc9cded34"
  replyId: "ee526f6f-3d45-469e-9618-ca9792ac197c"
  raftGroupId {
    id: "U\361Z\273\366\300Kf\205L\375\2151\310t\024"
  }
  callId: 87
  success: true
}
term: 1
nextIndex: 22
followerCommit: 21
matchIndex: 18446744073709551615
isHearbeat: true

2023-09-07 08:53:52,832 [453fd3f5-2dd8-488f-a349-96be441c1316-impl-thread4] INFO  impl.PendingRequests (PendingRequests.java:sendNotLeaderResponses(289)) - 453fd3f5-2dd8-488f-a349-96be441c1316@group-B16DAE932054-PendingRequests: sendNotLeaderResponses
2023-09-07 08:53:52,834 [276dcdcd-15bf-4616-85f3-24cbc9cded34-impl-thread4] INFO  impl.PendingRequests (PendingRequests.java:sendNotLeaderResponses(289)) - 276dcdcd-15bf-4616-85f3-24cbc9cded34@group-F571CAA155C4-PendingRequests: sendNotLeaderResponses
2023-09-07 08:53:52,850 [Thread-527] INFO  server.GrpcServerProtocolClient (GrpcServerProtocolClient.java:close(103)) - 453fd3f5-2dd8-488f-a349-96be441c1316 Close channels
2023-09-07 08:53:52,850 [Thread-524] INFO  server.GrpcServerProtocolClient (GrpcServerProtocolClient.java:close(103)) - ee526f6f-3d45-469e-9618-ca9792ac197c Close channels
2023-09-07 08:53:52,851 [Thread-529] INFO  server.GrpcServerProtocolClient (GrpcServerProtocolClient.java:close(103)) - ee526f6f-3d45-469e-9618-ca9792ac197c Close channels
2023-09-07 08:53:52,851 [Thread-530] INFO  server.GrpcServerProtocolClient (GrpcServerProtocolClient.java:close(103)) - 276dcdcd-15bf-4616-85f3-24cbc9cded34 Close channels
2023-09-07 08:53:52,851 [ForkJoinPool.commonPool-worker-1] INFO  ozoneimpl.OzoneContainer (OzoneContainer.java:stop(451)) - Attempting to stop container services.
2023-09-07 08:53:52,852 [ForkJoinPool.commonPool-worker-1] INFO  server.RaftServer (RaftServerProxy.java:lambda$close$6(416)) - ee526f6f-3d45-469e-9618-ca9792ac197c: close
2023-09-07 08:53:52,852 [ForkJoinPool.commonPool-worker-1] INFO  server.GrpcService (GrpcService.java:closeImpl(311)) - ee526f6f-3d45-469e-9618-ca9792ac197c: shutdown server org.apache.ratis.grpc.server.GrpcClientProtocolService now
2023-09-07 08:53:52,853 [453fd3f5-2dd8-488f-a349-96be441c1316-impl-thread3] INFO  impl.PendingRequests (PendingRequests.java:sendNotLeaderResponses(289)) - 453fd3f5-2dd8-488f-a349-96be441c1316@group-109EC14DCC46-PendingRequests: sendNotLeaderResponses
2023-09-07 08:53:52,853 [453fd3f5-2dd8-488f-a349-96be441c1316@group-109EC14DCC46->276dcdcd-15bf-4616-85f3-24cbc9cded34-GrpcLogAppender-LogAppenderDaemon] WARN  server.GrpcLogAppender (GrpcLogAppender.java:mayWait(199)) - 453fd3f5-2dd8-488f-a349-96be441c1316@group-109EC14DCC46->276dcdcd-15bf-4616-85f3-24cbc9cded34-GrpcLogAppender: Wait interrupted by java.lang.InterruptedException
2023-09-07 08:53:52,863 [276dcdcd-15bf-4616-85f3-24cbc9cded34-impl-thread2] INFO  impl.StateMachineUpdater (StateMachineUpdater.java:stopAndJoin(155)) - 276dcdcd-15bf-4616-85f3-24cbc9cded34@group-FD8D31C87414-StateMachineUpdater: set stopIndex = 21
2023-09-07 08:53:52,863 [453fd3f5-2dd8-488f-a349-96be441c1316-impl-thread3] INFO  impl.StateMachineUpdater (StateMachineUpdater.java:stopAndJoin(155)) - 453fd3f5-2dd8-488f-a349-96be441c1316@group-109EC14DCC46-StateMachineUpdater: set stopIndex = 8
2023-09-07 08:53:52,863 [grpc-default-executor-6] WARN  server.GrpcClientProtocolService (LogUtils.java:warn(122)) - 2-OrderedRequestStreamObserver2: onError: org.apache.ratis.thirdparty.io.grpc.StatusRuntimeException: CANCELLED: client cancelled
2023-09-07 08:53:52,864 [ee526f6f-3d45-469e-9618-ca9792ac197c-impl-thread3] INFO  server.RaftServer$Division (RaftServerImpl.java:lambda$close$4(466)) - ee526f6f-3d45-469e-9618-ca9792ac197c@group-109EC14DCC46: shutdown
2023-09-07 08:53:52,864 [ee526f6f-3d45-469e-9618-ca9792ac197c-impl-thread3] INFO  util.JmxRegister (JmxRegister.java:unregister(73)) - Successfully un-registered JMX Bean with object name Ratis:service=RaftServer,group=group-109EC14DCC46,id=ee526f6f-3d45-469e-9618-ca9792ac197c
2023-09-07 08:53:52,864 [ee526f6f-3d45-469e-9618-ca9792ac197c-impl-thread3] INFO  impl.RoleInfo (RoleInfo.java:shutdownFollowerState(110)) - ee526f6f-3d45-469e-9618-ca9792ac197c: shutdown ee526f6f-3d45-469e-9618-ca9792ac197c@group-109EC14DCC46-FollowerState
2023-09-07 08:53:52,865 [ee526f6f-3d45-469e-9618-ca9792ac197c-impl-thread3] INFO  impl.StateMachineUpdater (StateMachineUpdater.java:stopAndJoin(155)) - ee526f6f-3d45-469e-9618-ca9792ac197c@group-109EC14DCC46-StateMachineUpdater: set stopIndex = 7
2023-09-07 08:53:52,865 [ee526f6f-3d45-469e-9618-ca9792ac197c-impl-thread2] INFO  server.RaftServer$Division (RaftServerImpl.java:lambda$close$4(466)) - ee526f6f-3d45-469e-9618-ca9792ac197c@group-FD8D31C87414: shutdown
2023-09-07 08:53:52,865 [ee526f6f-3d45-469e-9618-ca9792ac197c-impl-thread2] INFO  util.JmxRegister (JmxRegister.java:unregister(73)) - Successfully un-registered JMX Bean with object name Ratis:service=RaftServer,group=group-FD8D31C87414,id=ee526f6f-3d45-469e-9618-ca9792ac197c
2023-09-07 08:53:52,865 [ee526f6f-3d45-469e-9618-ca9792ac197c-impl-thread2] INFO  impl.RoleInfo (RoleInfo.java:shutdownFollowerState(110)) - ee526f6f-3d45-469e-9618-ca9792ac197c: shutdown ee526f6f-3d45-469e-9618-ca9792ac197c@group-FD8D31C87414-FollowerState
2023-09-07 08:53:52,865 [ee526f6f-3d45-469e-9618-ca9792ac197c-impl-thread2] INFO  impl.StateMachineUpdater (StateMachineUpdater.java:stopAndJoin(155)) - ee526f6f-3d45-469e-9618-ca9792ac197c@group-FD8D31C87414-StateMachineUpdater: set stopIndex = 21
2023-09-07 08:53:52,865 [ee526f6f-3d45-469e-9618-ca9792ac197c@group-109EC14DCC46-FollowerState] INFO  impl.FollowerState (FollowerState.java:run(152)) - ee526f6f-3d45-469e-9618-ca9792ac197c@group-109EC14DCC46-FollowerState was interrupted
2023-09-07 08:53:52,865 [ee526f6f-3d45-469e-9618-ca9792ac197c@group-109EC14DCC46-StateMachineUpdater] INFO  ratis.ContainerStateMachine (ContainerStateMachine.java:takeSnapshot(330)) - group-109EC14DCC46: Taking a snapshot at:(t:1, i:7) file /home/runner/work/ozone/ozone/hadoop-ozone/integration-test/target/test-dir/MiniOzoneClusterImpl-480c9758-28d8-415f-a146-fed859d0e253/datanode-0/data/ratis/267c773c-6e74-4f30-8eb7-109ec14dcc46/sm/snapshot.1_7
2023-09-07 08:53:52,866 [ee526f6f-3d45-469e-9618-ca9792ac197c@group-FD8D31C87414-FollowerState] INFO  impl.FollowerState (FollowerState.java:run(152)) - ee526f6f-3d45-469e-9618-ca9792ac197c@group-FD8D31C87414-FollowerState was interrupted
2023-09-07 08:53:52,866 [ee526f6f-3d45-469e-9618-ca9792ac197c@group-FD8D31C87414-StateMachineUpdater] INFO  ratis.ContainerStateMachine (ContainerStateMachine.java:takeSnapshot(330)) - group-FD8D31C87414: Taking a snapshot at:(t:1, i:21) file /home/runner/work/ozone/ozone/hadoop-ozone/integration-test/target/test-dir/MiniOzoneClusterImpl-480c9758-28d8-415f-a146-fed859d0e253/datanode-0/data/ratis/55f15abb-f6c0-4b66-854c-fd8d31c87414/sm/snapshot.1_21
2023-09-07 08:53:53,076 [Thread-536] INFO  server.GrpcServerProtocolClient (GrpcServerProtocolClient.java:close(103)) - 453fd3f5-2dd8-488f-a349-96be441c1316 Close channels
2023-09-07 08:53:52,866 [ee526f6f-3d45-469e-9618-ca9792ac197c-impl-thread4] INFO  server.RaftServer$Division (RaftServerImpl.java:lambda$close$4(466)) - ee526f6f-3d45-469e-9618-ca9792ac197c@group-656F26D9DC96: shutdown
2023-09-07 08:53:53,081 [Thread-537] INFO  server.GrpcServerProtocolClient (GrpcServerProtocolClient.java:close(103)) - 276dcdcd-15bf-4616-85f3-24cbc9cded34 Close channels
2023-09-07 08:53:53,083 [Datanode State Machine Daemon Thread] WARN  statemachine.StateContext (StateContext.java:setState(258)) - Ignore disallowed transition from SHUTDOWN to RUNNING
2023-09-07 08:53:53,084 [ee526f6f-3d45-469e-9618-ca9792ac197c-impl-thread4] INFO  util.JmxRegister (JmxRegister.java:unregister(73)) - Successfully un-registered JMX Bean with object name Ratis:service=RaftServer,group=group-656F26D9DC96,id=ee526f6f-3d45-469e-9618-ca9792ac197c
2023-09-07 08:53:53,084 [ee526f6f-3d45-469e-9618-ca9792ac197c-impl-thread4] INFO  impl.RoleInfo (RoleInfo.java:shutdownLeaderState(93)) - ee526f6f-3d45-469e-9618-ca9792ac197c: shutdown ee526f6f-3d45-469e-9618-ca9792ac197c@group-656F26D9DC96-LeaderStateImpl
2023-09-07 08:53:53,084 [ee526f6f-3d45-469e-9618-ca9792ac197c-impl-thread4] INFO  impl.PendingRequests (PendingRequests.java:sendNotLeaderResponses(289)) - ee526f6f-3d45-469e-9618-ca9792ac197c@group-656F26D9DC96-PendingRequests: sendNotLeaderResponses
2023-09-07 08:53:53,077 [grpc-default-executor-3] INFO  server.GrpcServerProtocolService (GrpcServerProtocolService.java:onCompleted(155)) - 453fd3f5-2dd8-488f-a349-96be441c1316: Completed APPEND_ENTRIES, lastRequest: null
2023-09-07 08:53:53,089 [grpc-default-executor-3] INFO  server.GrpcServerProtocolService (GrpcServerProtocolService.java:lambda$onCompleted$5(157)) - 453fd3f5-2dd8-488f-a349-96be441c1316: Completed APPEND_ENTRIES, lastReply: serverReply {
  requestorId: "276dcdcd-15bf-4616-85f3-24cbc9cded34"
  replyId: "453fd3f5-2dd8-488f-a349-96be441c1316"
  raftGroupId {
    id: "U\361Z\273\366\300Kf\205L\375\2151\310t\024"
  }
  callId: 88
  success: true
}
term: 1
nextIndex: 22
followerCommit: 21
matchIndex: 18446744073709551615
isHearbeat: true

2023-09-07 08:53:53,090 [grpc-default-executor-7] INFO  server.GrpcLogAppender (GrpcLogAppender.java:onCompleted(428)) - 276dcdcd-15bf-4616-85f3-24cbc9cded34@group-FD8D31C87414->ee526f6f-3d45-469e-9618-ca9792ac197c-AppendLogResponseHandler: follower responses appendEntries COMPLETED
2023-09-07 08:53:53,090 [grpc-default-executor-7] WARN  server.GrpcLogAppender (GrpcLogAppender.java:resetClient(137)) - 276dcdcd-15bf-4616-85f3-24cbc9cded34@group-FD8D31C87414->ee526f6f-3d45-469e-9618-ca9792ac197c-GrpcLogAppender: Failed to getClient for ee526f6f-3d45-469e-9618-ca9792ac197c
org.apache.ratis.protocol.exceptions.AlreadyClosedException: 276dcdcd-15bf-4616-85f3-24cbc9cded34 is already CLOSED
	at org.apache.ratis.util.PeerProxyMap$PeerAndProxy.getProxy(PeerProxyMap.java:61)
	at org.apache.ratis.util.PeerProxyMap.getProxy(PeerProxyMap.java:115)
	at org.apache.ratis.grpc.server.GrpcLogAppender.getClient(GrpcLogAppender.java:112)
	at org.apache.ratis.grpc.server.GrpcLogAppender.resetClient(GrpcLogAppender.java:117)
	at org.apache.ratis.grpc.server.GrpcLogAppender.access$500(GrpcLogAppender.java:56)
	at org.apache.ratis.grpc.server.GrpcLogAppender$AppendLogResponseHandler.onCompleted(GrpcLogAppender.java:429)
	at org.apache.ratis.thirdparty.io.grpc.stub.ClientCalls$StreamObserverToCallListenerAdapter.onClose(ClientCalls.java:485)
	at org.apache.ratis.thirdparty.io.grpc.internal.DelayedClientCall$DelayedListener$3.run(DelayedClientCall.java:471)
	at org.apache.ratis.thirdparty.io.grpc.internal.DelayedClientCall$DelayedListener.delayOrExecute(DelayedClientCall.java:435)
	at org.apache.ratis.thirdparty.io.grpc.internal.DelayedClientCall$DelayedListener.onClose(DelayedClientCall.java:468)
	at org.apache.ratis.thirdparty.io.grpc.internal.ClientCallImpl.closeObserver(ClientCallImpl.java:563)
	at org.apache.ratis.thirdparty.io.grpc.internal.ClientCallImpl.access$300(ClientCallImpl.java:70)
	at org.apache.ratis.thirdparty.io.grpc.internal.ClientCallImpl$ClientStreamListenerImpl$1StreamClosed.runInternal(ClientCallImpl.java:744)
	at org.apache.ratis.thirdparty.io.grpc.internal.ClientCallImpl$ClientStreamListenerImpl$1StreamClosed.runInContext(ClientCallImpl.java:723)
	at org.apache.ratis.thirdparty.io.grpc.internal.ContextRunnable.run(ContextRunnable.java:37)
	at org.apache.ratis.thirdparty.io.grpc.internal.SerializingExecutor.run(SerializingExecutor.java:133)
	at java.util.concurrent.ThreadPoolExecutor.runWorker(ThreadPoolExecutor.java:1149)
	at java.util.concurrent.ThreadPoolExecutor$Worker.run(ThreadPoolExecutor.java:624)
	at java.lang.Thread.run(Thread.java:750)
2023-09-07 08:53:53,091 [grpc-default-executor-7] INFO  server.GrpcServerProtocolService (GrpcServerProtocolService.java:onCompleted(155)) - 276dcdcd-15bf-4616-85f3-24cbc9cded34: Completed APPEND_ENTRIES, lastRequest: null
2023-09-07 08:53:53,091 [grpc-default-executor-7] INFO  server.GrpcServerProtocolService (GrpcServerProtocolService.java:lambda$onCompleted$5(157)) - 276dcdcd-15bf-4616-85f3-24cbc9cded34: Completed APPEND_ENTRIES, lastReply: serverReply {
  requestorId: "453fd3f5-2dd8-488f-a349-96be441c1316"
  replyId: "276dcdcd-15bf-4616-85f3-24cbc9cded34"
  raftGroupId {
    id: "&|w<ntO0\216\267\020\236\301M\314F"
  }
  callId: 50
  success: true
}
term: 1
nextIndex: 5
followerCommit: 4
matchIndex: 18446744073709551615
isHearbeat: true

2023-09-07 08:53:53,081 [grpc-default-executor-8] INFO  server.GrpcServerProtocolService (GrpcServerProtocolService.java:onCompleted(155)) - 453fd3f5-2dd8-488f-a349-96be441c1316: Completed APPEND_ENTRIES, lastRequest: 276dcdcd-15bf-4616-85f3-24cbc9cded34->453fd3f5-2dd8-488f-a349-96be441c1316#49-t1,previous=(t:1, i:20),leaderCommit=20,initializing? true,entries: size=1, first=(t:1, i:21), METADATAENTRY(c:20)
2023-09-07 08:53:53,097 [grpc-default-executor-8] INFO  server.GrpcServerProtocolService (GrpcServerProtocolService.java:lambda$onCompleted$5(157)) - 453fd3f5-2dd8-488f-a349-96be441c1316: Completed APPEND_ENTRIES, lastReply: null
2023-09-07 08:53:53,096 [grpc-default-executor-10] INFO  server.GrpcServerProtocolService (GrpcServerProtocolService.java:onCompleted(155)) - 276dcdcd-15bf-4616-85f3-24cbc9cded34: Completed APPEND_ENTRIES, lastRequest: 453fd3f5-2dd8-488f-a349-96be441c1316->276dcdcd-15bf-4616-85f3-24cbc9cded34#54-t1,previous=(t:1, i:7),leaderCommit=7,initializing? true,entries: size=1, first=(t:1, i:8), METADATAENTRY(c:6)
2023-09-07 08:53:53,098 [grpc-default-executor-10] INFO  server.GrpcServerProtocolService (GrpcServerProtocolService.java:lambda$onCompleted$5(157)) - 276dcdcd-15bf-4616-85f3-24cbc9cded34: Completed APPEND_ENTRIES, lastReply: null
2023-09-07 08:53:53,095 [grpc-default-executor-6] INFO  server.GrpcServerProtocolService (GrpcServerProtocolService.java:onCompleted(155)) - ee526f6f-3d45-469e-9618-ca9792ac197c: Completed APPEND_ENTRIES, lastRequest: null
2023-09-07 08:53:53,093 [ForkJoinPool.commonPool-worker-1] INFO  server.GrpcService (GrpcService.java:closeImpl(320)) - ee526f6f-3d45-469e-9618-ca9792ac197c: shutdown server org.apache.ratis.grpc.server.GrpcClientProtocolService successfully
2023-09-07 08:53:53,098 [ForkJoinPool.commonPool-worker-1] INFO  server.GrpcService (GrpcService.java:closeImpl(311)) - ee526f6f-3d45-469e-9618-ca9792ac197c: shutdown server GrpcServerProtocolService now
2023-09-07 08:53:53,098 [grpc-default-executor-6] INFO  server.GrpcServerProtocolService (GrpcServerProtocolService.java:lambda$onCompleted$5(157)) - ee526f6f-3d45-469e-9618-ca9792ac197c: Completed APPEND_ENTRIES, lastReply: serverReply {
  requestorId: "453fd3f5-2dd8-488f-a349-96be441c1316"
  replyId: "ee526f6f-3d45-469e-9618-ca9792ac197c"
  raftGroupId {
    id: "&|w<ntO0\216\267\020\236\301M\314F"
  }
  callId: 50
  success: true
}
term: 1
nextIndex: 5
followerCommit: 4
matchIndex: 18446744073709551615
isHearbeat: true

2023-09-07 08:53:53,100 [grpc-default-executor-11] INFO  server.GrpcLogAppender (GrpcLogAppender.java:onCompleted(428)) - 276dcdcd-15bf-4616-85f3-24cbc9cded34@group-FD8D31C87414->453fd3f5-2dd8-488f-a349-96be441c1316-AppendLogResponseHandler: follower responses appendEntries COMPLETED
2023-09-07 08:53:53,100 [grpc-default-executor-11] WARN  server.GrpcLogAppender (GrpcLogAppender.java:resetClient(137)) - 276dcdcd-15bf-4616-85f3-24cbc9cded34@group-FD8D31C87414->453fd3f5-2dd8-488f-a349-96be441c1316-GrpcLogAppender: Failed to getClient for 453fd3f5-2dd8-488f-a349-96be441c1316
org.apache.ratis.protocol.exceptions.AlreadyClosedException: 276dcdcd-15bf-4616-85f3-24cbc9cded34 is already CLOSED
	at org.apache.ratis.util.PeerProxyMap$PeerAndProxy.getProxy(PeerProxyMap.java:61)
	at org.apache.ratis.util.PeerProxyMap.getProxy(PeerProxyMap.java:115)
	at org.apache.ratis.grpc.server.GrpcLogAppender.getClient(GrpcLogAppender.java:112)
	at org.apache.ratis.grpc.server.GrpcLogAppender.resetClient(GrpcLogAppender.java:117)
	at org.apache.ratis.grpc.server.GrpcLogAppender.access$500(GrpcLogAppender.java:56)
	at org.apache.ratis.grpc.server.GrpcLogAppender$AppendLogResponseHandler.onCompleted(GrpcLogAppender.java:429)
	at org.apache.ratis.thirdparty.io.grpc.stub.ClientCalls$StreamObserverToCallListenerAdapter.onClose(ClientCalls.java:485)
	at org.apache.ratis.thirdparty.io.grpc.internal.ClientCallImpl.closeObserver(ClientCallImpl.java:563)
	at org.apache.ratis.thirdparty.io.grpc.internal.ClientCallImpl.access$300(ClientCallImpl.java:70)
	at org.apache.ratis.thirdparty.io.grpc.internal.ClientCallImpl$ClientStreamListenerImpl$1StreamClosed.runInternal(ClientCallImpl.java:744)
	at org.apache.ratis.thirdparty.io.grpc.internal.ClientCallImpl$ClientStreamListenerImpl$1StreamClosed.runInContext(ClientCallImpl.java:723)
	at org.apache.ratis.thirdparty.io.grpc.internal.ContextRunnable.run(ContextRunnable.java:37)
	at org.apache.ratis.thirdparty.io.grpc.internal.SerializingExecutor.run(SerializingExecutor.java:133)
	at java.util.concurrent.ThreadPoolExecutor.runWorker(ThreadPoolExecutor.java:1149)
	at java.util.concurrent.ThreadPoolExecutor$Worker.run(ThreadPoolExecutor.java:624)
	at java.lang.Thread.run(Thread.java:750)
2023-09-07 08:53:53,101 [grpc-default-executor-12] INFO  server.GrpcLogAppender (GrpcLogAppender.java:onCompleted(428)) - 453fd3f5-2dd8-488f-a349-96be441c1316@group-109EC14DCC46->276dcdcd-15bf-4616-85f3-24cbc9cded34-AppendLogResponseHandler: follower responses appendEntries COMPLETED
2023-09-07 08:53:53,101 [grpc-default-executor-12] WARN  server.GrpcLogAppender (GrpcLogAppender.java:resetClient(137)) - 453fd3f5-2dd8-488f-a349-96be441c1316@group-109EC14DCC46->276dcdcd-15bf-4616-85f3-24cbc9cded34-GrpcLogAppender: Failed to getClient for 276dcdcd-15bf-4616-85f3-24cbc9cded34
org.apache.ratis.protocol.exceptions.AlreadyClosedException: 453fd3f5-2dd8-488f-a349-96be441c1316 is already CLOSED
	at org.apache.ratis.util.PeerProxyMap$PeerAndProxy.getProxy(PeerProxyMap.java:61)
	at org.apache.ratis.util.PeerProxyMap.getProxy(PeerProxyMap.java:115)
	at org.apache.ratis.grpc.server.GrpcLogAppender.getClient(GrpcLogAppender.java:112)
	at org.apache.ratis.grpc.server.GrpcLogAppender.resetClient(GrpcLogAppender.java:117)
	at org.apache.ratis.grpc.server.GrpcLogAppender.access$500(GrpcLogAppender.java:56)
	at org.apache.ratis.grpc.server.GrpcLogAppender$AppendLogResponseHandler.onCompleted(GrpcLogAppender.java:429)
	at org.apache.ratis.thirdparty.io.grpc.stub.ClientCalls$StreamObserverToCallListenerAdapter.onClose(ClientCalls.java:485)
	at org.apache.ratis.thirdparty.io.grpc.internal.ClientCallImpl.closeObserver(ClientCallImpl.java:563)
	at org.apache.ratis.thirdparty.io.grpc.internal.ClientCallImpl.access$300(ClientCallImpl.java:70)
	at org.apache.ratis.thirdparty.io.grpc.internal.ClientCallImpl$ClientStreamListenerImpl$1StreamClosed.runInternal(ClientCallImpl.java:744)
	at org.apache.ratis.thirdparty.io.grpc.internal.ClientCallImpl$ClientStreamListenerImpl$1StreamClosed.runInContext(ClientCallImpl.java:723)
	at org.apache.ratis.thirdparty.io.grpc.internal.ContextRunnable.run(ContextRunnable.java:37)
	at org.apache.ratis.thirdparty.io.grpc.internal.SerializingExecutor.run(SerializingExecutor.java:133)
	at java.util.concurrent.ThreadPoolExecutor.runWorker(ThreadPoolExecutor.java:1149)
	at java.util.concurrent.ThreadPoolExecutor$Worker.run(ThreadPoolExecutor.java:624)
	at java.lang.Thread.run(Thread.java:750)
2023-09-07 08:53:53,112 [grpc-default-executor-12] INFO  server.GrpcLogAppender (GrpcLogAppender.java:onError(417)) - 453fd3f5-2dd8-488f-a349-96be441c1316@group-109EC14DCC46->ee526f6f-3d45-469e-9618-ca9792ac197c-GrpcLogAppender is already stopped
2023-09-07 08:53:53,115 [grpc-default-executor-10] INFO  server.GrpcLogAppender (GrpcLogAppender.java:onCompleted(428)) - 453fd3f5-2dd8-488f-a349-96be441c1316@group-109EC14DCC46->ee526f6f-3d45-469e-9618-ca9792ac197c-AppendLogResponseHandler: follower responses appendEntries COMPLETED
2023-09-07 08:53:53,115 [grpc-default-executor-10] WARN  server.GrpcLogAppender (GrpcLogAppender.java:resetClient(137)) - 453fd3f5-2dd8-488f-a349-96be441c1316@group-109EC14DCC46->ee526f6f-3d45-469e-9618-ca9792ac197c-GrpcLogAppender: Failed to getClient for ee526f6f-3d45-469e-9618-ca9792ac197c
org.apache.ratis.protocol.exceptions.AlreadyClosedException: 453fd3f5-2dd8-488f-a349-96be441c1316 is already CLOSED
	at org.apache.ratis.util.PeerProxyMap$PeerAndProxy.getProxy(PeerProxyMap.java:61)
	at org.apache.ratis.util.PeerProxyMap.getProxy(PeerProxyMap.java:115)
	at org.apache.ratis.grpc.server.GrpcLogAppender.getClient(GrpcLogAppender.java:112)
	at org.apache.ratis.grpc.server.GrpcLogAppender.resetClient(GrpcLogAppender.java:117)
	at org.apache.ratis.grpc.server.GrpcLogAppender.access$500(GrpcLogAppender.java:56)
	at org.apache.ratis.grpc.server.GrpcLogAppender$AppendLogResponseHandler.onCompleted(GrpcLogAppender.java:429)
	at org.apache.ratis.thirdparty.io.grpc.stub.ClientCalls$StreamObserverToCallListenerAdapter.onClose(ClientCalls.java:485)
	at org.apache.ratis.thirdparty.io.grpc.internal.ClientCallImpl.closeObserver(ClientCallImpl.java:563)
	at org.apache.ratis.thirdparty.io.grpc.internal.ClientCallImpl.access$300(ClientCallImpl.java:70)
	at org.apache.ratis.thirdparty.io.grpc.internal.ClientCallImpl$ClientStreamListenerImpl$1StreamClosed.runInternal(ClientCallImpl.java:744)
	at org.apache.ratis.thirdparty.io.grpc.internal.ClientCallImpl$ClientStreamListenerImpl$1StreamClosed.runInContext(ClientCallImpl.java:723)
	at org.apache.ratis.thirdparty.io.grpc.internal.ContextRunnable.run(ContextRunnable.java:37)
	at org.apache.ratis.thirdparty.io.grpc.internal.SerializingExecutor.run(SerializingExecutor.java:133)
	at java.util.concurrent.ThreadPoolExecutor.runWorker(ThreadPoolExecutor.java:1149)
	at java.util.concurrent.ThreadPoolExecutor$Worker.run(ThreadPoolExecutor.java:624)
	at java.lang.Thread.run(Thread.java:750)
2023-09-07 08:53:53,119 [grpc-default-executor-9] WARN  server.GrpcServerProtocolService (LogUtils.java:warn(122)) - ee526f6f-3d45-469e-9618-ca9792ac197c: APPEND_ENTRIES onError, lastRequest: 453fd3f5-2dd8-488f-a349-96be441c1316->ee526f6f-3d45-469e-9618-ca9792ac197c#54-t1,previous=(t:1, i:7),leaderCommit=7,initializing? true,entries: size=1, first=(t:1, i:8), METADATAENTRY(c:6): org.apache.ratis.thirdparty.io.grpc.StatusRuntimeException: CANCELLED: client cancelled
2023-09-07 08:53:53,129 [ForkJoinPool.commonPool-worker-1] INFO  server.GrpcService (GrpcService.java:closeImpl(320)) - ee526f6f-3d45-469e-9618-ca9792ac197c: shutdown server GrpcServerProtocolService successfully
2023-09-07 08:53:53,129 [ForkJoinPool.commonPool-worker-1] INFO  server.GrpcService (GrpcService.java:closeImpl(311)) - ee526f6f-3d45-469e-9618-ca9792ac197c: shutdown server org.apache.ratis.grpc.server.GrpcAdminProtocolService now
2023-09-07 08:53:53,130 [ForkJoinPool.commonPool-worker-1] INFO  server.GrpcService (GrpcService.java:closeImpl(320)) - ee526f6f-3d45-469e-9618-ca9792ac197c: shutdown server org.apache.ratis.grpc.server.GrpcAdminProtocolService successfully
2023-09-07 08:53:53,130 [ee526f6f-3d45-469e-9618-ca9792ac197c-NettyServerStreamRpc-bossGroup--thread1] INFO  logging.LoggingHandler (AbstractInternalLogger.java:log(148)) - [id: 0xbfe53901, L:/0:0:0:0:0:0:0:0:15015] CLOSE
2023-09-07 08:53:53,131 [ee526f6f-3d45-469e-9618-ca9792ac197c-NettyServerStreamRpc-bossGroup--thread1] INFO  logging.LoggingHandler (AbstractInternalLogger.java:log(148)) - [id: 0xbfe53901, L:/0:0:0:0:0:0:0:0:15015] INACTIVE
2023-09-07 08:53:53,131 [ee526f6f-3d45-469e-9618-ca9792ac197c-NettyServerStreamRpc-bossGroup--thread1] INFO  logging.LoggingHandler (AbstractInternalLogger.java:log(148)) - [id: 0xbfe53901, L:/0:0:0:0:0:0:0:0:15015] UNREGISTERED
2023-09-07 08:53:53,134 [276dcdcd-15bf-4616-85f3-24cbc9cded34@group-FD8D31C87414-StateMachineUpdater] INFO  ratis.ContainerStateMachine (ContainerStateMachine.java:takeSnapshot(330)) - group-FD8D31C87414: Taking a snapshot at:(t:1, i:21) file /home/runner/work/ozone/ozone/hadoop-ozone/integration-test/target/test-dir/MiniOzoneClusterImpl-480c9758-28d8-415f-a146-fed859d0e253/datanode-1/data/ratis/55f15abb-f6c0-4b66-854c-fd8d31c87414/sm/snapshot.1_21
2023-09-07 08:53:53,135 [453fd3f5-2dd8-488f-a349-96be441c1316@group-109EC14DCC46-StateMachineUpdater] INFO  ratis.ContainerStateMachine (ContainerStateMachine.java:takeSnapshot(330)) - group-109EC14DCC46: Taking a snapshot at:(t:1, i:8) file /home/runner/work/ozone/ozone/hadoop-ozone/integration-test/target/test-dir/MiniOzoneClusterImpl-480c9758-28d8-415f-a146-fed859d0e253/datanode-2/data/ratis/267c773c-6e74-4f30-8eb7-109ec14dcc46/sm/snapshot.1_8
2023-09-07 08:53:53,135 [276dcdcd-15bf-4616-85f3-24cbc9cded34-impl-thread4] INFO  impl.StateMachineUpdater (StateMachineUpdater.java:stopAndJoin(155)) - 276dcdcd-15bf-4616-85f3-24cbc9cded34@group-F571CAA155C4-StateMachineUpdater: set stopIndex = 0
2023-09-07 08:53:53,139 [453fd3f5-2dd8-488f-a349-96be441c1316-impl-thread4] INFO  impl.StateMachineUpdater (StateMachineUpdater.java:stopAndJoin(155)) - 453fd3f5-2dd8-488f-a349-96be441c1316@group-B16DAE932054-StateMachineUpdater: set stopIndex = 0
2023-09-07 08:53:53,139 [453fd3f5-2dd8-488f-a349-96be441c1316@group-B16DAE932054-StateMachineUpdater] INFO  ratis.ContainerStateMachine (ContainerStateMachine.java:takeSnapshot(330)) - group-B16DAE932054: Taking a snapshot at:(t:1, i:0) file /home/runner/work/ozone/ozone/hadoop-ozone/integration-test/target/test-dir/MiniOzoneClusterImpl-480c9758-28d8-415f-a146-fed859d0e253/datanode-2/data/ratis/f789a591-3481-45a5-8ace-b16dae932054/sm/snapshot.1_0
2023-09-07 08:53:53,138 [ee526f6f-3d45-469e-9618-ca9792ac197c@group-656F26D9DC96-StateMachineUpdater] INFO  ratis.ContainerStateMachine (ContainerStateMachine.java:takeSnapshot(330)) - group-656F26D9DC96: Taking a snapshot at:(t:1, i:0) file /home/runner/work/ozone/ozone/hadoop-ozone/integration-test/target/test-dir/MiniOzoneClusterImpl-480c9758-28d8-415f-a146-fed859d0e253/datanode-0/data/ratis/2b6e3ade-2364-42db-9f82-656f26d9dc96/sm/snapshot.1_0
2023-09-07 08:53:53,137 [276dcdcd-15bf-4616-85f3-24cbc9cded34@group-F571CAA155C4-StateMachineUpdater] INFO  ratis.ContainerStateMachine (ContainerStateMachine.java:takeSnapshot(330)) - group-F571CAA155C4: Taking a snapshot at:(t:1, i:0) file /home/runner/work/ozone/ozone/hadoop-ozone/integration-test/target/test-dir/MiniOzoneClusterImpl-480c9758-28d8-415f-a146-fed859d0e253/datanode-1/data/ratis/345dc5c3-fa51-493d-9b98-f571caa155c4/sm/snapshot.1_0
2023-09-07 08:53:53,137 [ee526f6f-3d45-469e-9618-ca9792ac197c-impl-thread4] INFO  impl.StateMachineUpdater (StateMachineUpdater.java:stopAndJoin(155)) - ee526f6f-3d45-469e-9618-ca9792ac197c@group-656F26D9DC96-StateMachineUpdater: set stopIndex = 0
2023-09-07 08:53:53,149 [grpc-default-executor-1] INFO  server.GrpcLogAppender (GrpcLogAppender.java:onCompleted(428)) - 453fd3f5-2dd8-488f-a349-96be441c1316@group-109EC14DCC46->276dcdcd-15bf-4616-85f3-24cbc9cded34-AppendLogResponseHandler: follower responses appendEntries COMPLETED
2023-09-07 08:53:53,150 [grpc-default-executor-5] INFO  server.GrpcLogAppender (GrpcLogAppender.java:onCompleted(428)) - 276dcdcd-15bf-4616-85f3-24cbc9cded34@group-FD8D31C87414->453fd3f5-2dd8-488f-a349-96be441c1316-AppendLogResponseHandler: follower responses appendEntries COMPLETED
2023-09-07 08:53:53,150 [grpc-default-executor-5] WARN  server.GrpcLogAppender (GrpcLogAppender.java:resetClient(137)) - 276dcdcd-15bf-4616-85f3-24cbc9cded34@group-FD8D31C87414->453fd3f5-2dd8-488f-a349-96be441c1316-GrpcLogAppender: Failed to getClient for 453fd3f5-2dd8-488f-a349-96be441c1316
org.apache.ratis.protocol.exceptions.AlreadyClosedException: 276dcdcd-15bf-4616-85f3-24cbc9cded34 is already CLOSED
	at org.apache.ratis.util.PeerProxyMap$PeerAndProxy.getProxy(PeerProxyMap.java:61)
	at org.apache.ratis.util.PeerProxyMap.getProxy(PeerProxyMap.java:115)
	at org.apache.ratis.grpc.server.GrpcLogAppender.getClient(GrpcLogAppender.java:112)
	at org.apache.ratis.grpc.server.GrpcLogAppender.resetClient(GrpcLogAppender.java:117)
	at org.apache.ratis.grpc.server.GrpcLogAppender.access$500(GrpcLogAppender.java:56)
	at org.apache.ratis.grpc.server.GrpcLogAppender$AppendLogResponseHandler.onCompleted(GrpcLogAppender.java:429)
	at org.apache.ratis.thirdparty.io.grpc.stub.ClientCalls$StreamObserverToCallListenerAdapter.onClose(ClientCalls.java:485)
	at org.apache.ratis.thirdparty.io.grpc.internal.DelayedClientCall$DelayedListener$3.run(DelayedClientCall.java:471)
	at org.apache.ratis.thirdparty.io.grpc.internal.DelayedClientCall$DelayedListener.delayOrExecute(DelayedClientCall.java:435)
	at org.apache.ratis.thirdparty.io.grpc.internal.DelayedClientCall$DelayedListener.onClose(DelayedClientCall.java:468)
	at org.apache.ratis.thirdparty.io.grpc.internal.ClientCallImpl.closeObserver(ClientCallImpl.java:563)
	at org.apache.ratis.thirdparty.io.grpc.internal.ClientCallImpl.access$300(ClientCallImpl.java:70)
	at org.apache.ratis.thirdparty.io.grpc.internal.ClientCallImpl$ClientStreamListenerImpl$1StreamClosed.runInternal(ClientCallImpl.java:744)
	at org.apache.ratis.thirdparty.io.grpc.internal.ClientCallImpl$ClientStreamListenerImpl$1StreamClosed.runInContext(ClientCallImpl.java:723)
	at org.apache.ratis.thirdparty.io.grpc.internal.ContextRunnable.run(ContextRunnable.java:37)
	at org.apache.ratis.thirdparty.io.grpc.internal.SerializingExecutor.run(SerializingExecutor.java:133)
	at java.util.concurrent.ThreadPoolExecutor.runWorker(ThreadPoolExecutor.java:1149)
	at java.util.concurrent.ThreadPoolExecutor$Worker.run(ThreadPoolExecutor.java:624)
	at java.lang.Thread.run(Thread.java:750)
2023-09-07 08:53:53,150 [grpc-default-executor-1] WARN  server.GrpcLogAppender (GrpcLogAppender.java:resetClient(137)) - 453fd3f5-2dd8-488f-a349-96be441c1316@group-109EC14DCC46->276dcdcd-15bf-4616-85f3-24cbc9cded34-GrpcLogAppender: Failed to getClient for 276dcdcd-15bf-4616-85f3-24cbc9cded34
org.apache.ratis.protocol.exceptions.AlreadyClosedException: 453fd3f5-2dd8-488f-a349-96be441c1316 is already CLOSED
	at org.apache.ratis.util.PeerProxyMap$PeerAndProxy.getProxy(PeerProxyMap.java:61)
	at org.apache.ratis.util.PeerProxyMap.getProxy(PeerProxyMap.java:115)
	at org.apache.ratis.grpc.server.GrpcLogAppender.getClient(GrpcLogAppender.java:112)
	at org.apache.ratis.grpc.server.GrpcLogAppender.resetClient(GrpcLogAppender.java:117)
	at org.apache.ratis.grpc.server.GrpcLogAppender.access$500(GrpcLogAppender.java:56)
	at org.apache.ratis.grpc.server.GrpcLogAppender$AppendLogResponseHandler.onCompleted(GrpcLogAppender.java:429)
	at org.apache.ratis.thirdparty.io.grpc.stub.ClientCalls$StreamObserverToCallListenerAdapter.onClose(ClientCalls.java:485)
	at org.apache.ratis.thirdparty.io.grpc.internal.DelayedClientCall$DelayedListener$3.run(DelayedClientCall.java:471)
	at org.apache.ratis.thirdparty.io.grpc.internal.DelayedClientCall$DelayedListener.delayOrExecute(DelayedClientCall.java:435)
	at org.apache.ratis.thirdparty.io.grpc.internal.DelayedClientCall$DelayedListener.onClose(DelayedClientCall.java:468)
	at org.apache.ratis.thirdparty.io.grpc.internal.ClientCallImpl.closeObserver(ClientCallImpl.java:563)
	at org.apache.ratis.thirdparty.io.grpc.internal.ClientCallImpl.access$300(ClientCallImpl.java:70)
	at org.apache.ratis.thirdparty.io.grpc.internal.ClientCallImpl$ClientStreamListenerImpl$1StreamClosed.runInternal(ClientCallImpl.java:744)
	at org.apache.ratis.thirdparty.io.grpc.internal.ClientCallImpl$ClientStreamListenerImpl$1StreamClosed.runInContext(ClientCallImpl.java:723)
	at org.apache.ratis.thirdparty.io.grpc.internal.ContextRunnable.run(ContextRunnable.java:37)
	at org.apache.ratis.thirdparty.io.grpc.internal.SerializingExecutor.run(SerializingExecutor.java:133)
	at java.util.concurrent.ThreadPoolExecutor.runWorker(ThreadPoolExecutor.java:1149)
	at java.util.concurrent.ThreadPoolExecutor$Worker.run(ThreadPoolExecutor.java:624)
	at java.lang.Thread.run(Thread.java:750)
2023-09-07 08:53:53,152 [ForkJoinPool.commonPool-worker-2] INFO  ozoneimpl.OzoneContainer (OzoneContainer.java:stop(451)) - Attempting to stop container services.
2023-09-07 08:53:53,153 [ForkJoinPool.commonPool-worker-2] INFO  server.RaftServer (RaftServerProxy.java:lambda$close$6(416)) - 21558166-7abb-48cd-85e5-e0231587e321: close
2023-09-07 08:53:53,156 [ForkJoinPool.commonPool-worker-2] INFO  server.GrpcService (GrpcService.java:closeImpl(311)) - 21558166-7abb-48cd-85e5-e0231587e321: shutdown server org.apache.ratis.grpc.server.GrpcClientProtocolService now
2023-09-07 08:53:53,157 [21558166-7abb-48cd-85e5-e0231587e321-impl-thread2] INFO  server.RaftServer$Division (RaftServerImpl.java:lambda$close$4(466)) - 21558166-7abb-48cd-85e5-e0231587e321@group-512C37CA5D20: shutdown
2023-09-07 08:53:53,157 [21558166-7abb-48cd-85e5-e0231587e321-impl-thread2] INFO  util.JmxRegister (JmxRegister.java:unregister(73)) - Successfully un-registered JMX Bean with object name Ratis:service=RaftServer,group=group-512C37CA5D20,id=21558166-7abb-48cd-85e5-e0231587e321
2023-09-07 08:53:53,157 [21558166-7abb-48cd-85e5-e0231587e321-impl-thread2] INFO  impl.RoleInfo (RoleInfo.java:shutdownLeaderState(93)) - 21558166-7abb-48cd-85e5-e0231587e321: shutdown 21558166-7abb-48cd-85e5-e0231587e321@group-512C37CA5D20-LeaderStateImpl
2023-09-07 08:53:53,157 [21558166-7abb-48cd-85e5-e0231587e321-impl-thread2] INFO  impl.PendingRequests (PendingRequests.java:sendNotLeaderResponses(289)) - 21558166-7abb-48cd-85e5-e0231587e321@group-512C37CA5D20-PendingRequests: sendNotLeaderResponses
2023-09-07 08:53:53,161 [ForkJoinPool.commonPool-worker-0] INFO  server.GrpcService (GrpcService.java:closeImpl(320)) - 276dcdcd-15bf-4616-85f3-24cbc9cded34: shutdown server org.apache.ratis.grpc.server.GrpcClientProtocolService successfully
2023-09-07 08:53:53,161 [ForkJoinPool.commonPool-worker-0] INFO  server.GrpcService (GrpcService.java:closeImpl(311)) - 276dcdcd-15bf-4616-85f3-24cbc9cded34: shutdown server GrpcServerProtocolService now
2023-09-07 08:53:53,164 [21558166-7abb-48cd-85e5-e0231587e321-impl-thread2] INFO  impl.StateMachineUpdater (StateMachineUpdater.java:stopAndJoin(155)) - 21558166-7abb-48cd-85e5-e0231587e321@group-512C37CA5D20-StateMachineUpdater: set stopIndex = 0
2023-09-07 08:53:53,164 [21558166-7abb-48cd-85e5-e0231587e321@group-512C37CA5D20-StateMachineUpdater] INFO  ratis.ContainerStateMachine (ContainerStateMachine.java:takeSnapshot(330)) - group-512C37CA5D20: Taking a snapshot at:(t:1, i:0) file /home/runner/work/ozone/ozone/hadoop-ozone/integration-test/target/test-dir/MiniOzoneClusterImpl-480c9758-28d8-415f-a146-fed859d0e253/datanode-4/data/ratis/efb7b314-f687-41bd-b569-512c37ca5d20/sm/snapshot.1_0
2023-09-07 08:53:53,179 [main] INFO  server.GrpcService (GrpcService.java:closeImpl(320)) - 453fd3f5-2dd8-488f-a349-96be441c1316: shutdown server org.apache.ratis.grpc.server.GrpcClientProtocolService successfully
2023-09-07 08:53:53,179 [main] INFO  server.GrpcService (GrpcService.java:closeImpl(311)) - 453fd3f5-2dd8-488f-a349-96be441c1316: shutdown server GrpcServerProtocolService now
2023-09-07 08:53:53,182 [276dcdcd-15bf-4616-85f3-24cbc9cded34@group-F571CAA155C4-StateMachineUpdater] INFO  ratis.ContainerStateMachine (ContainerStateMachine.java:takeSnapshot(341)) - group-F571CAA155C4: Finished taking a snapshot at:(t:1, i:0) file:/home/runner/work/ozone/ozone/hadoop-ozone/integration-test/target/test-dir/MiniOzoneClusterImpl-480c9758-28d8-415f-a146-fed859d0e253/datanode-1/data/ratis/345dc5c3-fa51-493d-9b98-f571caa155c4/sm/snapshot.1_0 took: 45 ms
2023-09-07 08:53:53,182 [ee526f6f-3d45-469e-9618-ca9792ac197c@group-656F26D9DC96-StateMachineUpdater] INFO  ratis.ContainerStateMachine (ContainerStateMachine.java:takeSnapshot(341)) - group-656F26D9DC96: Finished taking a snapshot at:(t:1, i:0) file:/home/runner/work/ozone/ozone/hadoop-ozone/integration-test/target/test-dir/MiniOzoneClusterImpl-480c9758-28d8-415f-a146-fed859d0e253/datanode-0/data/ratis/2b6e3ade-2364-42db-9f82-656f26d9dc96/sm/snapshot.1_0 took: 44 ms
2023-09-07 08:53:53,183 [ee526f6f-3d45-469e-9618-ca9792ac197c@group-656F26D9DC96-StateMachineUpdater] INFO  impl.StateMachineUpdater (StateMachineUpdater.java:takeSnapshot(291)) - ee526f6f-3d45-469e-9618-ca9792ac197c@group-656F26D9DC96-StateMachineUpdater: Took a snapshot at index 0
2023-09-07 08:53:53,184 [ee526f6f-3d45-469e-9618-ca9792ac197c@group-656F26D9DC96-StateMachineUpdater] INFO  impl.StateMachineUpdater (StateMachineUpdater.java:lambda$new$0(97)) - ee526f6f-3d45-469e-9618-ca9792ac197c@group-656F26D9DC96-StateMachineUpdater: snapshotIndex: updateIncreasingly -1 -> 0
2023-09-07 08:53:53,185 [276dcdcd-15bf-4616-85f3-24cbc9cded34@group-F571CAA155C4-StateMachineUpdater] INFO  impl.StateMachineUpdater (StateMachineUpdater.java:takeSnapshot(291)) - 276dcdcd-15bf-4616-85f3-24cbc9cded34@group-F571CAA155C4-StateMachineUpdater: Took a snapshot at index 0
2023-09-07 08:53:53,185 [276dcdcd-15bf-4616-85f3-24cbc9cded34@group-F571CAA155C4-StateMachineUpdater] INFO  impl.StateMachineUpdater (StateMachineUpdater.java:lambda$new$0(97)) - 276dcdcd-15bf-4616-85f3-24cbc9cded34@group-F571CAA155C4-StateMachineUpdater: snapshotIndex: updateIncreasingly -1 -> 0
2023-09-07 08:53:53,186 [21558166-7abb-48cd-85e5-e0231587e321@group-512C37CA5D20-StateMachineUpdater] INFO  ratis.ContainerStateMachine (ContainerStateMachine.java:takeSnapshot(341)) - group-512C37CA5D20: Finished taking a snapshot at:(t:1, i:0) file:/home/runner/work/ozone/ozone/hadoop-ozone/integration-test/target/test-dir/MiniOzoneClusterImpl-480c9758-28d8-415f-a146-fed859d0e253/datanode-4/data/ratis/efb7b314-f687-41bd-b569-512c37ca5d20/sm/snapshot.1_0 took: 21 ms
2023-09-07 08:53:53,186 [453fd3f5-2dd8-488f-a349-96be441c1316@group-FD8D31C87414-StateMachineUpdater] INFO  ratis.ContainerStateMachine (ContainerStateMachine.java:takeSnapshot(341)) - group-FD8D31C87414: Finished taking a snapshot at:(t:1, i:21) file:/home/runner/work/ozone/ozone/hadoop-ozone/integration-test/target/test-dir/MiniOzoneClusterImpl-480c9758-28d8-415f-a146-fed859d0e253/datanode-2/data/ratis/55f15abb-f6c0-4b66-854c-fd8d31c87414/sm/snapshot.1_21 took: 340 ms
2023-09-07 08:53:53,186 [ee526f6f-3d45-469e-9618-ca9792ac197c@group-109EC14DCC46-StateMachineUpdater] INFO  ratis.ContainerStateMachine (ContainerStateMachine.java:takeSnapshot(341)) - group-109EC14DCC46: Finished taking a snapshot at:(t:1, i:7) file:/home/runner/work/ozone/ozone/hadoop-ozone/integration-test/target/test-dir/MiniOzoneClusterImpl-480c9758-28d8-415f-a146-fed859d0e253/datanode-0/data/ratis/267c773c-6e74-4f30-8eb7-109ec14dcc46/sm/snapshot.1_7 took: 321 ms
2023-09-07 08:53:53,187 [276dcdcd-15bf-4616-85f3-24cbc9cded34@group-FD8D31C87414-StateMachineUpdater] INFO  ratis.ContainerStateMachine (ContainerStateMachine.java:takeSnapshot(341)) - group-FD8D31C87414: Finished taking a snapshot at:(t:1, i:21) file:/home/runner/work/ozone/ozone/hadoop-ozone/integration-test/target/test-dir/MiniOzoneClusterImpl-480c9758-28d8-415f-a146-fed859d0e253/datanode-1/data/ratis/55f15abb-f6c0-4b66-854c-fd8d31c87414/sm/snapshot.1_21 took: 52 ms
2023-09-07 08:53:53,187 [276dcdcd-15bf-4616-85f3-24cbc9cded34@group-FD8D31C87414-StateMachineUpdater] INFO  impl.StateMachineUpdater (StateMachineUpdater.java:takeSnapshot(291)) - 276dcdcd-15bf-4616-85f3-24cbc9cded34@group-FD8D31C87414-StateMachineUpdater: Took a snapshot at index 21
2023-09-07 08:53:53,187 [276dcdcd-15bf-4616-85f3-24cbc9cded34@group-FD8D31C87414-StateMachineUpdater] INFO  impl.StateMachineUpdater (StateMachineUpdater.java:lambda$new$0(97)) - 276dcdcd-15bf-4616-85f3-24cbc9cded34@group-FD8D31C87414-StateMachineUpdater: snapshotIndex: updateIncreasingly -1 -> 21
2023-09-07 08:53:53,187 [ee526f6f-3d45-469e-9618-ca9792ac197c@group-109EC14DCC46-StateMachineUpdater] INFO  impl.StateMachineUpdater (StateMachineUpdater.java:takeSnapshot(291)) - ee526f6f-3d45-469e-9618-ca9792ac197c@group-109EC14DCC46-StateMachineUpdater: Took a snapshot at index 7
2023-09-07 08:53:53,187 [ee526f6f-3d45-469e-9618-ca9792ac197c@group-109EC14DCC46-StateMachineUpdater] INFO  impl.StateMachineUpdater (StateMachineUpdater.java:lambda$new$0(97)) - ee526f6f-3d45-469e-9618-ca9792ac197c@group-109EC14DCC46-StateMachineUpdater: snapshotIndex: updateIncreasingly -1 -> 7
2023-09-07 08:53:53,187 [453fd3f5-2dd8-488f-a349-96be441c1316@group-FD8D31C87414-StateMachineUpdater] INFO  impl.StateMachineUpdater (StateMachineUpdater.java:takeSnapshot(291)) - 453fd3f5-2dd8-488f-a349-96be441c1316@group-FD8D31C87414-StateMachineUpdater: Took a snapshot at index 21
2023-09-07 08:53:53,188 [453fd3f5-2dd8-488f-a349-96be441c1316@group-FD8D31C87414-StateMachineUpdater] INFO  impl.StateMachineUpdater (StateMachineUpdater.java:lambda$new$0(97)) - 453fd3f5-2dd8-488f-a349-96be441c1316@group-FD8D31C87414-StateMachineUpdater: snapshotIndex: updateIncreasingly -1 -> 21
2023-09-07 08:53:53,188 [453fd3f5-2dd8-488f-a349-96be441c1316@group-109EC14DCC46-StateMachineUpdater] INFO  ratis.ContainerStateMachine (ContainerStateMachine.java:takeSnapshot(341)) - group-109EC14DCC46: Finished taking a snapshot at:(t:1, i:8) file:/home/runner/work/ozone/ozone/hadoop-ozone/integration-test/target/test-dir/MiniOzoneClusterImpl-480c9758-28d8-415f-a146-fed859d0e253/datanode-2/data/ratis/267c773c-6e74-4f30-8eb7-109ec14dcc46/sm/snapshot.1_8 took: 52 ms
2023-09-07 08:53:53,188 [453fd3f5-2dd8-488f-a349-96be441c1316@group-109EC14DCC46-StateMachineUpdater] INFO  impl.StateMachineUpdater (StateMachineUpdater.java:takeSnapshot(291)) - 453fd3f5-2dd8-488f-a349-96be441c1316@group-109EC14DCC46-StateMachineUpdater: Took a snapshot at index 8
2023-09-07 08:53:53,188 [453fd3f5-2dd8-488f-a349-96be441c1316@group-109EC14DCC46-StateMachineUpdater] INFO  impl.StateMachineUpdater (StateMachineUpdater.java:lambda$new$0(97)) - 453fd3f5-2dd8-488f-a349-96be441c1316@group-109EC14DCC46-StateMachineUpdater: snapshotIndex: updateIncreasingly -1 -> 8
2023-09-07 08:53:53,186 [453fd3f5-2dd8-488f-a349-96be441c1316@group-B16DAE932054-StateMachineUpdater] INFO  ratis.ContainerStateMachine (ContainerStateMachine.java:takeSnapshot(341)) - group-B16DAE932054: Finished taking a snapshot at:(t:1, i:0) file:/home/runner/work/ozone/ozone/hadoop-ozone/integration-test/target/test-dir/MiniOzoneClusterImpl-480c9758-28d8-415f-a146-fed859d0e253/datanode-2/data/ratis/f789a591-3481-45a5-8ace-b16dae932054/sm/snapshot.1_0 took: 47 ms
2023-09-07 08:53:53,188 [453fd3f5-2dd8-488f-a349-96be441c1316@group-B16DAE932054-StateMachineUpdater] INFO  impl.StateMachineUpdater (StateMachineUpdater.java:takeSnapshot(291)) - 453fd3f5-2dd8-488f-a349-96be441c1316@group-B16DAE932054-StateMachineUpdater: Took a snapshot at index 0
2023-09-07 08:53:53,188 [453fd3f5-2dd8-488f-a349-96be441c1316@group-B16DAE932054-StateMachineUpdater] INFO  impl.StateMachineUpdater (StateMachineUpdater.java:lambda$new$0(97)) - 453fd3f5-2dd8-488f-a349-96be441c1316@group-B16DAE932054-StateMachineUpdater: snapshotIndex: updateIncreasingly -1 -> 0
2023-09-07 08:53:53,188 [21558166-7abb-48cd-85e5-e0231587e321@group-512C37CA5D20-StateMachineUpdater] INFO  impl.StateMachineUpdater (StateMachineUpdater.java:takeSnapshot(291)) - 21558166-7abb-48cd-85e5-e0231587e321@group-512C37CA5D20-StateMachineUpdater: Took a snapshot at index 0
2023-09-07 08:53:53,189 [21558166-7abb-48cd-85e5-e0231587e321@group-512C37CA5D20-StateMachineUpdater] INFO  impl.StateMachineUpdater (StateMachineUpdater.java:lambda$new$0(97)) - 21558166-7abb-48cd-85e5-e0231587e321@group-512C37CA5D20-StateMachineUpdater: snapshotIndex: updateIncreasingly -1 -> 0
2023-09-07 08:53:53,189 [276dcdcd-15bf-4616-85f3-24cbc9cded34@group-109EC14DCC46-StateMachineUpdater] INFO  ratis.ContainerStateMachine (ContainerStateMachine.java:takeSnapshot(341)) - group-109EC14DCC46: Finished taking a snapshot at:(t:1, i:7) file:/home/runner/work/ozone/ozone/hadoop-ozone/integration-test/target/test-dir/MiniOzoneClusterImpl-480c9758-28d8-415f-a146-fed859d0e253/datanode-1/data/ratis/267c773c-6e74-4f30-8eb7-109ec14dcc46/sm/snapshot.1_7 took: 375 ms
2023-09-07 08:53:53,189 [276dcdcd-15bf-4616-85f3-24cbc9cded34@group-109EC14DCC46-StateMachineUpdater] INFO  impl.StateMachineUpdater (StateMachineUpdater.java:takeSnapshot(291)) - 276dcdcd-15bf-4616-85f3-24cbc9cded34@group-109EC14DCC46-StateMachineUpdater: Took a snapshot at index 7
2023-09-07 08:53:53,189 [276dcdcd-15bf-4616-85f3-24cbc9cded34@group-109EC14DCC46-StateMachineUpdater] INFO  impl.StateMachineUpdater (StateMachineUpdater.java:lambda$new$0(97)) - 276dcdcd-15bf-4616-85f3-24cbc9cded34@group-109EC14DCC46-StateMachineUpdater: snapshotIndex: updateIncreasingly -1 -> 7
2023-09-07 08:53:53,190 [ee526f6f-3d45-469e-9618-ca9792ac197c@group-FD8D31C87414-StateMachineUpdater] INFO  ratis.ContainerStateMachine (ContainerStateMachine.java:takeSnapshot(341)) - group-FD8D31C87414: Finished taking a snapshot at:(t:1, i:21) file:/home/runner/work/ozone/ozone/hadoop-ozone/integration-test/target/test-dir/MiniOzoneClusterImpl-480c9758-28d8-415f-a146-fed859d0e253/datanode-0/data/ratis/55f15abb-f6c0-4b66-854c-fd8d31c87414/sm/snapshot.1_21 took: 324 ms
2023-09-07 08:53:53,190 [ee526f6f-3d45-469e-9618-ca9792ac197c@group-FD8D31C87414-StateMachineUpdater] INFO  impl.StateMachineUpdater (StateMachineUpdater.java:takeSnapshot(291)) - ee526f6f-3d45-469e-9618-ca9792ac197c@group-FD8D31C87414-StateMachineUpdater: Took a snapshot at index 21
2023-09-07 08:53:53,190 [ee526f6f-3d45-469e-9618-ca9792ac197c@group-FD8D31C87414-StateMachineUpdater] INFO  impl.StateMachineUpdater (StateMachineUpdater.java:lambda$new$0(97)) - ee526f6f-3d45-469e-9618-ca9792ac197c@group-FD8D31C87414-StateMachineUpdater: snapshotIndex: updateIncreasingly -1 -> 21
2023-09-07 08:53:53,201 [276dcdcd-15bf-4616-85f3-24cbc9cded34-impl-thread4] INFO  server.RaftServer$Division (ServerState.java:close(472)) - 276dcdcd-15bf-4616-85f3-24cbc9cded34@group-F571CAA155C4: closes. applyIndex: 0
2023-09-07 08:53:53,202 [276dcdcd-15bf-4616-85f3-24cbc9cded34-impl-thread2] INFO  server.RaftServer$Division (ServerState.java:close(472)) - 276dcdcd-15bf-4616-85f3-24cbc9cded34@group-FD8D31C87414: closes. applyIndex: 21
2023-09-07 08:53:53,202 [ee526f6f-3d45-469e-9618-ca9792ac197c-impl-thread3] INFO  server.RaftServer$Division (ServerState.java:close(472)) - ee526f6f-3d45-469e-9618-ca9792ac197c@group-109EC14DCC46: closes. applyIndex: 7
2023-09-07 08:53:53,203 [453fd3f5-2dd8-488f-a349-96be441c1316-impl-thread4] INFO  server.RaftServer$Division (ServerState.java:close(472)) - 453fd3f5-2dd8-488f-a349-96be441c1316@group-B16DAE932054: closes. applyIndex: 0
2023-09-07 08:53:53,203 [21558166-7abb-48cd-85e5-e0231587e321-impl-thread2] INFO  server.RaftServer$Division (ServerState.java:close(472)) - 21558166-7abb-48cd-85e5-e0231587e321@group-512C37CA5D20: closes. applyIndex: 0
2023-09-07 08:53:53,204 [main] INFO  server.GrpcService (GrpcService.java:closeImpl(320)) - 453fd3f5-2dd8-488f-a349-96be441c1316: shutdown server GrpcServerProtocolService successfully
2023-09-07 08:53:53,204 [main] INFO  server.GrpcService (GrpcService.java:closeImpl(311)) - 453fd3f5-2dd8-488f-a349-96be441c1316: shutdown server org.apache.ratis.grpc.server.GrpcAdminProtocolService now
2023-09-07 08:53:53,206 [ForkJoinPool.commonPool-worker-2] INFO  server.GrpcService (GrpcService.java:closeImpl(320)) - 21558166-7abb-48cd-85e5-e0231587e321: shutdown server org.apache.ratis.grpc.server.GrpcClientProtocolService successfully
2023-09-07 08:53:53,206 [ForkJoinPool.commonPool-worker-2] INFO  server.GrpcService (GrpcService.java:closeImpl(311)) - 21558166-7abb-48cd-85e5-e0231587e321: shutdown server GrpcServerProtocolService now
2023-09-07 08:53:53,207 [ee526f6f-3d45-469e-9618-ca9792ac197c-impl-thread4] INFO  server.RaftServer$Division (ServerState.java:close(472)) - ee526f6f-3d45-469e-9618-ca9792ac197c@group-656F26D9DC96: closes. applyIndex: 0
2023-09-07 08:53:53,210 [ee526f6f-3d45-469e-9618-ca9792ac197c-impl-thread2] INFO  server.RaftServer$Division (ServerState.java:close(472)) - ee526f6f-3d45-469e-9618-ca9792ac197c@group-FD8D31C87414: closes. applyIndex: 21
2023-09-07 08:53:53,211 [276dcdcd-15bf-4616-85f3-24cbc9cded34-impl-thread3] INFO  server.RaftServer$Division (ServerState.java:close(472)) - 276dcdcd-15bf-4616-85f3-24cbc9cded34@group-109EC14DCC46: closes. applyIndex: 7
2023-09-07 08:53:53,211 [453fd3f5-2dd8-488f-a349-96be441c1316-impl-thread3] INFO  server.RaftServer$Division (ServerState.java:close(472)) - 453fd3f5-2dd8-488f-a349-96be441c1316@group-109EC14DCC46: closes. applyIndex: 8
2023-09-07 08:53:53,211 [453fd3f5-2dd8-488f-a349-96be441c1316-impl-thread2] INFO  server.RaftServer$Division (ServerState.java:close(472)) - 453fd3f5-2dd8-488f-a349-96be441c1316@group-FD8D31C87414: closes. applyIndex: 21
2023-09-07 08:53:53,219 [ForkJoinPool.commonPool-worker-0] INFO  server.GrpcService (GrpcService.java:closeImpl(320)) - 276dcdcd-15bf-4616-85f3-24cbc9cded34: shutdown server GrpcServerProtocolService successfully
2023-09-07 08:53:53,219 [ForkJoinPool.commonPool-worker-2] INFO  server.GrpcService (GrpcService.java:closeImpl(320)) - 21558166-7abb-48cd-85e5-e0231587e321: shutdown server GrpcServerProtocolService successfully
2023-09-07 08:53:53,219 [ForkJoinPool.commonPool-worker-2] INFO  server.GrpcService (GrpcService.java:closeImpl(311)) - 21558166-7abb-48cd-85e5-e0231587e321: shutdown server org.apache.ratis.grpc.server.GrpcAdminProtocolService now
2023-09-07 08:53:53,219 [main] INFO  server.GrpcService (GrpcService.java:closeImpl(320)) - 453fd3f5-2dd8-488f-a349-96be441c1316: shutdown server org.apache.ratis.grpc.server.GrpcAdminProtocolService successfully
2023-09-07 08:53:53,219 [ForkJoinPool.commonPool-worker-0] INFO  server.GrpcService (GrpcService.java:closeImpl(311)) - 276dcdcd-15bf-4616-85f3-24cbc9cded34: shutdown server org.apache.ratis.grpc.server.GrpcAdminProtocolService now
2023-09-07 08:53:53,221 [453fd3f5-2dd8-488f-a349-96be441c1316-NettyServerStreamRpc-bossGroup--thread1] INFO  logging.LoggingHandler (AbstractInternalLogger.java:log(148)) - [id: 0xa1f583e6, L:/0:0:0:0:0:0:0:0:15033] CLOSE
2023-09-07 08:53:53,221 [453fd3f5-2dd8-488f-a349-96be441c1316-NettyServerStreamRpc-bossGroup--thread1] INFO  logging.LoggingHandler (AbstractInternalLogger.java:log(148)) - [id: 0xa1f583e6, L:/0:0:0:0:0:0:0:0:15033] INACTIVE
2023-09-07 08:53:53,221 [453fd3f5-2dd8-488f-a349-96be441c1316-NettyServerStreamRpc-bossGroup--thread1] INFO  logging.LoggingHandler (AbstractInternalLogger.java:log(148)) - [id: 0xa1f583e6, L:/0:0:0:0:0:0:0:0:15033] UNREGISTERED
2023-09-07 08:53:53,239 [ForkJoinPool.commonPool-worker-2] INFO  server.GrpcService (GrpcService.java:closeImpl(320)) - 21558166-7abb-48cd-85e5-e0231587e321: shutdown server org.apache.ratis.grpc.server.GrpcAdminProtocolService successfully
2023-09-07 08:53:53,240 [21558166-7abb-48cd-85e5-e0231587e321-NettyServerStreamRpc-bossGroup--thread1] INFO  logging.LoggingHandler (AbstractInternalLogger.java:log(148)) - [id: 0xdd536c36, L:/0:0:0:0:0:0:0:0:15051] CLOSE
2023-09-07 08:53:53,240 [21558166-7abb-48cd-85e5-e0231587e321-NettyServerStreamRpc-bossGroup--thread1] INFO  logging.LoggingHandler (AbstractInternalLogger.java:log(148)) - [id: 0xdd536c36, L:/0:0:0:0:0:0:0:0:15051] INACTIVE
2023-09-07 08:53:53,240 [21558166-7abb-48cd-85e5-e0231587e321-NettyServerStreamRpc-bossGroup--thread1] INFO  logging.LoggingHandler (AbstractInternalLogger.java:log(148)) - [id: 0xdd536c36, L:/0:0:0:0:0:0:0:0:15051] UNREGISTERED
2023-09-07 08:53:53,260 [ForkJoinPool.commonPool-worker-0] INFO  server.GrpcService (GrpcService.java:closeImpl(320)) - 276dcdcd-15bf-4616-85f3-24cbc9cded34: shutdown server org.apache.ratis.grpc.server.GrpcAdminProtocolService successfully
2023-09-07 08:53:53,260 [276dcdcd-15bf-4616-85f3-24cbc9cded34-NettyServerStreamRpc-bossGroup--thread1] INFO  logging.LoggingHandler (AbstractInternalLogger.java:log(148)) - [id: 0x67aa3702, L:/0:0:0:0:0:0:0:0:15024] CLOSE
2023-09-07 08:53:53,261 [276dcdcd-15bf-4616-85f3-24cbc9cded34-NettyServerStreamRpc-bossGroup--thread1] INFO  logging.LoggingHandler (AbstractInternalLogger.java:log(148)) - [id: 0x67aa3702, L:/0:0:0:0:0:0:0:0:15024] INACTIVE
2023-09-07 08:53:53,261 [276dcdcd-15bf-4616-85f3-24cbc9cded34-NettyServerStreamRpc-bossGroup--thread1] INFO  logging.LoggingHandler (AbstractInternalLogger.java:log(148)) - [id: 0x67aa3702, L:/0:0:0:0:0:0:0:0:15024] UNREGISTERED
2023-09-07 08:53:53,268 [276dcdcd-15bf-4616-85f3-24cbc9cded34-impl-thread2] INFO  segmented.SegmentedRaftLogWorker (SegmentedRaftLogWorker.java:close(252)) - 276dcdcd-15bf-4616-85f3-24cbc9cded34@group-FD8D31C87414-SegmentedRaftLogWorker close()
2023-09-07 08:53:53,276 [ForkJoinPool.commonPool-worker-3] INFO  ozoneimpl.OzoneContainer (OzoneContainer.java:stop(451)) - Attempting to stop container services.
2023-09-07 08:53:53,281 [ForkJoinPool.commonPool-worker-3] INFO  server.RaftServer (RaftServerProxy.java:lambda$close$6(416)) - 7027ac8d-bbe4-4820-bd68-7a29676b00c5: close
2023-09-07 08:53:53,282 [ForkJoinPool.commonPool-worker-3] INFO  server.GrpcService (GrpcService.java:closeImpl(311)) - 7027ac8d-bbe4-4820-bd68-7a29676b00c5: shutdown server org.apache.ratis.grpc.server.GrpcClientProtocolService now
2023-09-07 08:53:53,282 [7027ac8d-bbe4-4820-bd68-7a29676b00c5-impl-thread2] INFO  server.RaftServer$Division (RaftServerImpl.java:lambda$close$4(466)) - 7027ac8d-bbe4-4820-bd68-7a29676b00c5@group-7CCF03DE7091: shutdown
2023-09-07 08:53:53,282 [7027ac8d-bbe4-4820-bd68-7a29676b00c5-impl-thread2] INFO  util.JmxRegister (JmxRegister.java:unregister(73)) - Successfully un-registered JMX Bean with object name Ratis:service=RaftServer,group=group-7CCF03DE7091,id=7027ac8d-bbe4-4820-bd68-7a29676b00c5
2023-09-07 08:53:53,282 [7027ac8d-bbe4-4820-bd68-7a29676b00c5-impl-thread2] INFO  impl.RoleInfo (RoleInfo.java:shutdownLeaderState(93)) - 7027ac8d-bbe4-4820-bd68-7a29676b00c5: shutdown 7027ac8d-bbe4-4820-bd68-7a29676b00c5@group-7CCF03DE7091-LeaderStateImpl
2023-09-07 08:53:53,283 [7027ac8d-bbe4-4820-bd68-7a29676b00c5-impl-thread2] INFO  impl.PendingRequests (PendingRequests.java:sendNotLeaderResponses(289)) - 7027ac8d-bbe4-4820-bd68-7a29676b00c5@group-7CCF03DE7091-PendingRequests: sendNotLeaderResponses
2023-09-07 08:53:53,283 [7027ac8d-bbe4-4820-bd68-7a29676b00c5-impl-thread2] INFO  impl.StateMachineUpdater (StateMachineUpdater.java:stopAndJoin(155)) - 7027ac8d-bbe4-4820-bd68-7a29676b00c5@group-7CCF03DE7091-StateMachineUpdater: set stopIndex = 0
2023-09-07 08:53:53,283 [7027ac8d-bbe4-4820-bd68-7a29676b00c5@group-7CCF03DE7091-StateMachineUpdater] INFO  ratis.ContainerStateMachine (ContainerStateMachine.java:takeSnapshot(330)) - group-7CCF03DE7091: Taking a snapshot at:(t:1, i:0) file /home/runner/work/ozone/ozone/hadoop-ozone/integration-test/target/test-dir/MiniOzoneClusterImpl-480c9758-28d8-415f-a146-fed859d0e253/datanode-3/data/ratis/064beb9c-7ae4-4cbc-8f6c-7ccf03de7091/sm/snapshot.1_0
2023-09-07 08:53:53,283 [ForkJoinPool.commonPool-worker-3] INFO  server.GrpcService (GrpcService.java:closeImpl(320)) - 7027ac8d-bbe4-4820-bd68-7a29676b00c5: shutdown server org.apache.ratis.grpc.server.GrpcClientProtocolService successfully
2023-09-07 08:53:53,283 [ForkJoinPool.commonPool-worker-3] INFO  server.GrpcService (GrpcService.java:closeImpl(311)) - 7027ac8d-bbe4-4820-bd68-7a29676b00c5: shutdown server GrpcServerProtocolService now
2023-09-07 08:53:53,287 [7027ac8d-bbe4-4820-bd68-7a29676b00c5@group-7CCF03DE7091-StateMachineUpdater] INFO  ratis.ContainerStateMachine (ContainerStateMachine.java:takeSnapshot(341)) - group-7CCF03DE7091: Finished taking a snapshot at:(t:1, i:0) file:/home/runner/work/ozone/ozone/hadoop-ozone/integration-test/target/test-dir/MiniOzoneClusterImpl-480c9758-28d8-415f-a146-fed859d0e253/datanode-3/data/ratis/064beb9c-7ae4-4cbc-8f6c-7ccf03de7091/sm/snapshot.1_0 took: 3 ms
2023-09-07 08:53:53,296 [7027ac8d-bbe4-4820-bd68-7a29676b00c5@group-7CCF03DE7091-StateMachineUpdater] INFO  impl.StateMachineUpdater (StateMachineUpdater.java:takeSnapshot(291)) - 7027ac8d-bbe4-4820-bd68-7a29676b00c5@group-7CCF03DE7091-StateMachineUpdater: Took a snapshot at index 0
2023-09-07 08:53:53,296 [7027ac8d-bbe4-4820-bd68-7a29676b00c5@group-7CCF03DE7091-StateMachineUpdater] INFO  impl.StateMachineUpdater (StateMachineUpdater.java:lambda$new$0(97)) - 7027ac8d-bbe4-4820-bd68-7a29676b00c5@group-7CCF03DE7091-StateMachineUpdater: snapshotIndex: updateIncreasingly -1 -> 0
2023-09-07 08:53:53,296 [7027ac8d-bbe4-4820-bd68-7a29676b00c5-impl-thread2] INFO  server.RaftServer$Division (ServerState.java:close(472)) - 7027ac8d-bbe4-4820-bd68-7a29676b00c5@group-7CCF03DE7091: closes. applyIndex: 0
2023-09-07 08:53:53,298 [ForkJoinPool.commonPool-worker-3] INFO  server.GrpcService (GrpcService.java:closeImpl(320)) - 7027ac8d-bbe4-4820-bd68-7a29676b00c5: shutdown server GrpcServerProtocolService successfully
2023-09-07 08:53:53,298 [ForkJoinPool.commonPool-worker-3] INFO  server.GrpcService (GrpcService.java:closeImpl(311)) - 7027ac8d-bbe4-4820-bd68-7a29676b00c5: shutdown server org.apache.ratis.grpc.server.GrpcAdminProtocolService now
2023-09-07 08:53:53,305 [ForkJoinPool.commonPool-worker-3] INFO  server.GrpcService (GrpcService.java:closeImpl(320)) - 7027ac8d-bbe4-4820-bd68-7a29676b00c5: shutdown server org.apache.ratis.grpc.server.GrpcAdminProtocolService successfully
2023-09-07 08:53:53,306 [7027ac8d-bbe4-4820-bd68-7a29676b00c5-NettyServerStreamRpc-bossGroup--thread1] INFO  logging.LoggingHandler (AbstractInternalLogger.java:log(148)) - [id: 0xc950ae0e, L:/0:0:0:0:0:0:0:0:15042] CLOSE
2023-09-07 08:53:53,306 [7027ac8d-bbe4-4820-bd68-7a29676b00c5-NettyServerStreamRpc-bossGroup--thread1] INFO  logging.LoggingHandler (AbstractInternalLogger.java:log(148)) - [id: 0xc950ae0e, L:/0:0:0:0:0:0:0:0:15042] INACTIVE
2023-09-07 08:53:53,306 [7027ac8d-bbe4-4820-bd68-7a29676b00c5-NettyServerStreamRpc-bossGroup--thread1] INFO  logging.LoggingHandler (AbstractInternalLogger.java:log(148)) - [id: 0xc950ae0e, L:/0:0:0:0:0:0:0:0:15042] UNREGISTERED
2023-09-07 08:53:53,592 [453fd3f5-2dd8-488f-a349-96be441c1316-impl-thread2] INFO  segmented.SegmentedRaftLogWorker (SegmentedRaftLogWorker.java:close(252)) - 453fd3f5-2dd8-488f-a349-96be441c1316@group-FD8D31C87414-SegmentedRaftLogWorker close()
2023-09-07 08:53:53,592 [ee526f6f-3d45-469e-9618-ca9792ac197c-impl-thread2] INFO  segmented.SegmentedRaftLogWorker (SegmentedRaftLogWorker.java:close(252)) - ee526f6f-3d45-469e-9618-ca9792ac197c@group-FD8D31C87414-SegmentedRaftLogWorker close()
2023-09-07 08:53:53,614 [ee526f6f-3d45-469e-9618-ca9792ac197c-impl-thread4] INFO  segmented.SegmentedRaftLogWorker (SegmentedRaftLogWorker.java:close(252)) - ee526f6f-3d45-469e-9618-ca9792ac197c@group-656F26D9DC96-SegmentedRaftLogWorker close()
2023-09-07 08:53:53,617 [7027ac8d-bbe4-4820-bd68-7a29676b00c5-impl-thread2] INFO  segmented.SegmentedRaftLogWorker (SegmentedRaftLogWorker.java:close(252)) - 7027ac8d-bbe4-4820-bd68-7a29676b00c5@group-7CCF03DE7091-SegmentedRaftLogWorker close()
2023-09-07 08:53:53,617 [453fd3f5-2dd8-488f-a349-96be441c1316-impl-thread4] INFO  segmented.SegmentedRaftLogWorker (SegmentedRaftLogWorker.java:close(252)) - 453fd3f5-2dd8-488f-a349-96be441c1316@group-B16DAE932054-SegmentedRaftLogWorker close()
2023-09-07 08:53:53,618 [JvmPauseMonitor5] INFO  util.JvmPauseMonitor (JvmPauseMonitor.java:run(109)) - JvmPauseMonitor-7027ac8d-bbe4-4820-bd68-7a29676b00c5: Stopped
2023-09-07 08:53:53,648 [453fd3f5-2dd8-488f-a349-96be441c1316-impl-thread3] INFO  segmented.SegmentedRaftLogWorker (SegmentedRaftLogWorker.java:close(252)) - 453fd3f5-2dd8-488f-a349-96be441c1316@group-109EC14DCC46-SegmentedRaftLogWorker close()
2023-09-07 08:53:53,649 [JvmPauseMonitor4] INFO  util.JvmPauseMonitor (JvmPauseMonitor.java:run(109)) - JvmPauseMonitor-453fd3f5-2dd8-488f-a349-96be441c1316: Stopped
2023-09-07 08:53:53,664 [276dcdcd-15bf-4616-85f3-24cbc9cded34-impl-thread3] INFO  segmented.SegmentedRaftLogWorker (SegmentedRaftLogWorker.java:close(252)) - 276dcdcd-15bf-4616-85f3-24cbc9cded34@group-109EC14DCC46-SegmentedRaftLogWorker close()
2023-09-07 08:53:53,668 [ee526f6f-3d45-469e-9618-ca9792ac197c-impl-thread3] INFO  segmented.SegmentedRaftLogWorker (SegmentedRaftLogWorker.java:close(252)) - ee526f6f-3d45-469e-9618-ca9792ac197c@group-109EC14DCC46-SegmentedRaftLogWorker close()
2023-09-07 08:53:53,669 [JvmPauseMonitor2] INFO  util.JvmPauseMonitor (JvmPauseMonitor.java:run(109)) - JvmPauseMonitor-ee526f6f-3d45-469e-9618-ca9792ac197c: Stopped
2023-09-07 08:53:54,076 [21558166-7abb-48cd-85e5-e0231587e321-impl-thread2] INFO  segmented.SegmentedRaftLogWorker (SegmentedRaftLogWorker.java:close(252)) - 21558166-7abb-48cd-85e5-e0231587e321@group-512C37CA5D20-SegmentedRaftLogWorker close()
2023-09-07 08:53:54,078 [276dcdcd-15bf-4616-85f3-24cbc9cded34-impl-thread4] INFO  segmented.SegmentedRaftLogWorker (SegmentedRaftLogWorker.java:close(252)) - 276dcdcd-15bf-4616-85f3-24cbc9cded34@group-F571CAA155C4-SegmentedRaftLogWorker close()
2023-09-07 08:53:54,078 [JvmPauseMonitor6] INFO  util.JvmPauseMonitor (JvmPauseMonitor.java:run(109)) - JvmPauseMonitor-21558166-7abb-48cd-85e5-e0231587e321: Stopped
2023-09-07 08:53:54,080 [JvmPauseMonitor3] INFO  util.JvmPauseMonitor (JvmPauseMonitor.java:run(109)) - JvmPauseMonitor-276dcdcd-15bf-4616-85f3-24cbc9cded34: Stopped
2023-09-07 08:53:55,651 [ForkJoinPool.commonPool-worker-3] INFO  utils.DatanodeStoreCache (DatanodeStoreCache.java:shutdownCache(110)) - Skip clearing cache in mini cluster mode. Entries left: [/home/runner/work/ozone/ozone/hadoop-ozone/integration-test/target/test-dir/MiniOzoneClusterImpl-480c9758-28d8-415f-a146-fed859d0e253/datanode-0/data-0/containers/hdds/480c9758-28d8-415f-a146-fed859d0e253/DS-059b0c90-7b2c-4dd1-a13b-98df3bac28d4/container.db, /home/runner/work/ozone/ozone/hadoop-ozone/integration-test/target/test-dir/MiniOzoneClusterImpl-480c9758-28d8-415f-a146-fed859d0e253/datanode-1/data-0/containers/hdds/480c9758-28d8-415f-a146-fed859d0e253/DS-9cbeb387-82a5-4a8d-81da-016445fee76b/container.db, /home/runner/work/ozone/ozone/hadoop-ozone/integration-test/target/test-dir/MiniOzoneClusterImpl-480c9758-28d8-415f-a146-fed859d0e253/datanode-2/data-0/containers/hdds/480c9758-28d8-415f-a146-fed859d0e253/DS-2b0a6292-02b0-4da7-bef9-e5d1baff1bb8/container.db, /home/runner/work/ozone/ozone/hadoop-ozone/integration-test/target/test-dir/MiniOzoneClusterImpl-480c9758-28d8-415f-a146-fed859d0e253/datanode-3/data-0/containers/hdds/480c9758-28d8-415f-a146-fed859d0e253/DS-cac994a6-e82f-4c40-a4fd-1f78b69ea48e/container.db, /home/runner/work/ozone/ozone/hadoop-ozone/integration-test/target/test-dir/MiniOzoneClusterImpl-480c9758-28d8-415f-a146-fed859d0e253/datanode-4/data-0/containers/hdds/480c9758-28d8-415f-a146-fed859d0e253/DS-080af508-8096-4a7f-91dd-5f21160033f6/container.db]
2023-09-07 08:53:55,658 [main] INFO  utils.DatanodeStoreCache (DatanodeStoreCache.java:shutdownCache(110)) - Skip clearing cache in mini cluster mode. Entries left: [/home/runner/work/ozone/ozone/hadoop-ozone/integration-test/target/test-dir/MiniOzoneClusterImpl-480c9758-28d8-415f-a146-fed859d0e253/datanode-0/data-0/containers/hdds/480c9758-28d8-415f-a146-fed859d0e253/DS-059b0c90-7b2c-4dd1-a13b-98df3bac28d4/container.db, /home/runner/work/ozone/ozone/hadoop-ozone/integration-test/target/test-dir/MiniOzoneClusterImpl-480c9758-28d8-415f-a146-fed859d0e253/datanode-1/data-0/containers/hdds/480c9758-28d8-415f-a146-fed859d0e253/DS-9cbeb387-82a5-4a8d-81da-016445fee76b/container.db, /home/runner/work/ozone/ozone/hadoop-ozone/integration-test/target/test-dir/MiniOzoneClusterImpl-480c9758-28d8-415f-a146-fed859d0e253/datanode-2/data-0/containers/hdds/480c9758-28d8-415f-a146-fed859d0e253/DS-2b0a6292-02b0-4da7-bef9-e5d1baff1bb8/container.db, /home/runner/work/ozone/ozone/hadoop-ozone/integration-test/target/test-dir/MiniOzoneClusterImpl-480c9758-28d8-415f-a146-fed859d0e253/datanode-3/data-0/containers/hdds/480c9758-28d8-415f-a146-fed859d0e253/DS-cac994a6-e82f-4c40-a4fd-1f78b69ea48e/container.db, /home/runner/work/ozone/ozone/hadoop-ozone/integration-test/target/test-dir/MiniOzoneClusterImpl-480c9758-28d8-415f-a146-fed859d0e253/datanode-4/data-0/containers/hdds/480c9758-28d8-415f-a146-fed859d0e253/DS-080af508-8096-4a7f-91dd-5f21160033f6/container.db]
2023-09-07 08:53:55,660 [main] INFO  utils.DatanodeStoreCache (DatanodeStoreCache.java:removeDB(104)) - Removed db /home/runner/work/ozone/ozone/hadoop-ozone/integration-test/target/test-dir/MiniOzoneClusterImpl-480c9758-28d8-415f-a146-fed859d0e253/datanode-2/data-0/containers/hdds/480c9758-28d8-415f-a146-fed859d0e253/DS-2b0a6292-02b0-4da7-bef9-e5d1baff1bb8/container.db from cache
2023-09-07 08:53:55,660 [main] INFO  volume.HddsVolume (HddsVolume.java:closeDbStore(453)) - SchemaV3 db is stopped at /home/runner/work/ozone/ozone/hadoop-ozone/integration-test/target/test-dir/MiniOzoneClusterImpl-480c9758-28d8-415f-a146-fed859d0e253/datanode-2/data-0/containers/hdds/480c9758-28d8-415f-a146-fed859d0e253/DS-2b0a6292-02b0-4da7-bef9-e5d1baff1bb8/container.db for volume DS-2b0a6292-02b0-4da7-bef9-e5d1baff1bb8
2023-09-07 08:53:55,660 [main] INFO  utils.BackgroundService (BackgroundService.java:shutdown(141)) - Shutting down service BlockDeletingService
2023-09-07 08:53:55,662 [main] INFO  utils.BackgroundService (BackgroundService.java:shutdown(141)) - Shutting down service StaleRecoveringContainerScrubbingService
2023-09-07 08:53:55,663 [ForkJoinPool.commonPool-worker-3] INFO  utils.DatanodeStoreCache (DatanodeStoreCache.java:removeDB(104)) - Removed db /home/runner/work/ozone/ozone/hadoop-ozone/integration-test/target/test-dir/MiniOzoneClusterImpl-480c9758-28d8-415f-a146-fed859d0e253/datanode-3/data-0/containers/hdds/480c9758-28d8-415f-a146-fed859d0e253/DS-cac994a6-e82f-4c40-a4fd-1f78b69ea48e/container.db from cache
2023-09-07 08:53:55,663 [main] INFO  statemachine.DatanodeStateMachine (DatanodeStateMachine.java:stopDaemon(620)) - Ozone container server stopped.
2023-09-07 08:53:55,669 [ForkJoinPool.commonPool-worker-3] INFO  volume.HddsVolume (HddsVolume.java:closeDbStore(453)) - SchemaV3 db is stopped at /home/runner/work/ozone/ozone/hadoop-ozone/integration-test/target/test-dir/MiniOzoneClusterImpl-480c9758-28d8-415f-a146-fed859d0e253/datanode-3/data-0/containers/hdds/480c9758-28d8-415f-a146-fed859d0e253/DS-cac994a6-e82f-4c40-a4fd-1f78b69ea48e/container.db for volume DS-cac994a6-e82f-4c40-a4fd-1f78b69ea48e
2023-09-07 08:53:55,679 [ForkJoinPool.commonPool-worker-1] INFO  utils.DatanodeStoreCache (DatanodeStoreCache.java:shutdownCache(110)) - Skip clearing cache in mini cluster mode. Entries left: [/home/runner/work/ozone/ozone/hadoop-ozone/integration-test/target/test-dir/MiniOzoneClusterImpl-480c9758-28d8-415f-a146-fed859d0e253/datanode-0/data-0/containers/hdds/480c9758-28d8-415f-a146-fed859d0e253/DS-059b0c90-7b2c-4dd1-a13b-98df3bac28d4/container.db, /home/runner/work/ozone/ozone/hadoop-ozone/integration-test/target/test-dir/MiniOzoneClusterImpl-480c9758-28d8-415f-a146-fed859d0e253/datanode-1/data-0/containers/hdds/480c9758-28d8-415f-a146-fed859d0e253/DS-9cbeb387-82a5-4a8d-81da-016445fee76b/container.db, /home/runner/work/ozone/ozone/hadoop-ozone/integration-test/target/test-dir/MiniOzoneClusterImpl-480c9758-28d8-415f-a146-fed859d0e253/datanode-4/data-0/containers/hdds/480c9758-28d8-415f-a146-fed859d0e253/DS-080af508-8096-4a7f-91dd-5f21160033f6/container.db]
2023-09-07 08:53:55,683 [ForkJoinPool.commonPool-worker-3] INFO  utils.BackgroundService (BackgroundService.java:shutdown(141)) - Shutting down service BlockDeletingService
2023-09-07 08:53:55,685 [ForkJoinPool.commonPool-worker-3] INFO  utils.BackgroundService (BackgroundService.java:shutdown(141)) - Shutting down service StaleRecoveringContainerScrubbingService
2023-09-07 08:53:55,688 [ForkJoinPool.commonPool-worker-1] INFO  utils.DatanodeStoreCache (DatanodeStoreCache.java:removeDB(104)) - Removed db /home/runner/work/ozone/ozone/hadoop-ozone/integration-test/target/test-dir/MiniOzoneClusterImpl-480c9758-28d8-415f-a146-fed859d0e253/datanode-0/data-0/containers/hdds/480c9758-28d8-415f-a146-fed859d0e253/DS-059b0c90-7b2c-4dd1-a13b-98df3bac28d4/container.db from cache
2023-09-07 08:53:55,688 [ForkJoinPool.commonPool-worker-1] INFO  volume.HddsVolume (HddsVolume.java:closeDbStore(453)) - SchemaV3 db is stopped at /home/runner/work/ozone/ozone/hadoop-ozone/integration-test/target/test-dir/MiniOzoneClusterImpl-480c9758-28d8-415f-a146-fed859d0e253/datanode-0/data-0/containers/hdds/480c9758-28d8-415f-a146-fed859d0e253/DS-059b0c90-7b2c-4dd1-a13b-98df3bac28d4/container.db for volume DS-059b0c90-7b2c-4dd1-a13b-98df3bac28d4
2023-09-07 08:53:55,691 [ForkJoinPool.commonPool-worker-1] INFO  utils.BackgroundService (BackgroundService.java:shutdown(141)) - Shutting down service BlockDeletingService
2023-09-07 08:53:55,691 [ForkJoinPool.commonPool-worker-3] INFO  statemachine.DatanodeStateMachine (DatanodeStateMachine.java:stopDaemon(620)) - Ozone container server stopped.
2023-09-07 08:53:55,693 [ForkJoinPool.commonPool-worker-1] INFO  utils.BackgroundService (BackgroundService.java:shutdown(141)) - Shutting down service StaleRecoveringContainerScrubbingService
2023-09-07 08:53:55,698 [main] INFO  handler.ContextHandler (ContextHandler.java:doStop(1159)) - Stopped o.e.j.w.WebAppContext@491ef938{hddsDatanode,/,null,STOPPED}{jar:file:/home/runner/.m2/repository/org/apache/ozone/hdds-container-service/1.4.0-SNAPSHOT/hdds-container-service-1.4.0-SNAPSHOT.jar!/webapps/hddsDatanode}
2023-09-07 08:53:55,699 [main] INFO  server.AbstractConnector (AbstractConnector.java:doStop(383)) - Stopped ServerConnector@19d40bc6{HTTP/1.1, (http/1.1)}{0.0.0.0:15027}
2023-09-07 08:53:55,699 [main] INFO  server.session (HouseKeeper.java:stopScavenging(149)) - node0 Stopped scavenging
2023-09-07 08:53:55,699 [main] INFO  handler.ContextHandler (ContextHandler.java:doStop(1159)) - Stopped o.e.j.s.ServletContextHandler@4e874ae1{static,/static,jar:file:/home/runner/.m2/repository/org/apache/ozone/hdds-container-service/1.4.0-SNAPSHOT/hdds-container-service-1.4.0-SNAPSHOT.jar!/webapps/static,STOPPED}
2023-09-07 08:53:55,700 [main] INFO  handler.ContextHandler (ContextHandler.java:doStop(1159)) - Stopped o.e.j.s.ServletContextHandler@41b22d29{logs,/logs,file:///home/runner/work/ozone/ozone/hadoop-ozone/integration-test/target/log,STOPPED}
2023-09-07 08:53:55,701 [main] INFO  ozone.HddsDatanodeClientProtocolServer (HddsDatanodeClientProtocolServer.java:stop(78)) - Stopping the RPC server for Client Protocol
2023-09-07 08:53:55,701 [main] INFO  ipc.Server (Server.java:stop(3523)) - Stopping server on 15028
2023-09-07 08:53:55,706 [ForkJoinPool.commonPool-worker-1] INFO  statemachine.DatanodeStateMachine (DatanodeStateMachine.java:stopDaemon(620)) - Ozone container server stopped.
2023-09-07 08:53:55,706 [IPC Server listener on 15028] INFO  ipc.Server (Server.java:run(1434)) - Stopping IPC Server listener on 15028
2023-09-07 08:53:55,708 [IPC Server Responder] INFO  ipc.Server (Server.java:run(1567)) - Stopping IPC Server Responder
2023-09-07 08:53:55,723 [ForkJoinPool.commonPool-worker-1] INFO  handler.ContextHandler (ContextHandler.java:doStop(1159)) - Stopped o.e.j.w.WebAppContext@506f21c9{hddsDatanode,/,null,STOPPED}{jar:file:/home/runner/.m2/repository/org/apache/ozone/hdds-container-service/1.4.0-SNAPSHOT/hdds-container-service-1.4.0-SNAPSHOT.jar!/webapps/hddsDatanode}
2023-09-07 08:53:55,725 [ForkJoinPool.commonPool-worker-1] INFO  server.AbstractConnector (AbstractConnector.java:doStop(383)) - Stopped ServerConnector@3a2f628{HTTP/1.1, (http/1.1)}{0.0.0.0:15009}
2023-09-07 08:53:55,726 [ForkJoinPool.commonPool-worker-1] INFO  server.session (HouseKeeper.java:stopScavenging(149)) - node0 Stopped scavenging
2023-09-07 08:53:55,728 [ForkJoinPool.commonPool-worker-1] INFO  handler.ContextHandler (ContextHandler.java:doStop(1159)) - Stopped o.e.j.s.ServletContextHandler@6f25b5e8{static,/static,jar:file:/home/runner/.m2/repository/org/apache/ozone/hdds-container-service/1.4.0-SNAPSHOT/hdds-container-service-1.4.0-SNAPSHOT.jar!/webapps/static,STOPPED}
2023-09-07 08:53:55,728 [ForkJoinPool.commonPool-worker-1] INFO  handler.ContextHandler (ContextHandler.java:doStop(1159)) - Stopped o.e.j.s.ServletContextHandler@3e94ff8a{logs,/logs,file:///home/runner/work/ozone/ozone/hadoop-ozone/integration-test/target/log,STOPPED}
2023-09-07 08:53:55,731 [ForkJoinPool.commonPool-worker-3] INFO  handler.ContextHandler (ContextHandler.java:doStop(1159)) - Stopped o.e.j.w.WebAppContext@3ee3a6f2{hddsDatanode,/,null,STOPPED}{jar:file:/home/runner/.m2/repository/org/apache/ozone/hdds-container-service/1.4.0-SNAPSHOT/hdds-container-service-1.4.0-SNAPSHOT.jar!/webapps/hddsDatanode}
2023-09-07 08:53:55,731 [ForkJoinPool.commonPool-worker-3] INFO  server.AbstractConnector (AbstractConnector.java:doStop(383)) - Stopped ServerConnector@31084a85{HTTP/1.1, (http/1.1)}{0.0.0.0:15036}
2023-09-07 08:53:55,731 [ForkJoinPool.commonPool-worker-3] INFO  server.session (HouseKeeper.java:stopScavenging(149)) - node0 Stopped scavenging
2023-09-07 08:53:55,732 [ForkJoinPool.commonPool-worker-3] INFO  handler.ContextHandler (ContextHandler.java:doStop(1159)) - Stopped o.e.j.s.ServletContextHandler@4b6a558c{static,/static,jar:file:/home/runner/.m2/repository/org/apache/ozone/hdds-container-service/1.4.0-SNAPSHOT/hdds-container-service-1.4.0-SNAPSHOT.jar!/webapps/static,STOPPED}
2023-09-07 08:53:55,733 [ForkJoinPool.commonPool-worker-1] INFO  ozone.HddsDatanodeClientProtocolServer (HddsDatanodeClientProtocolServer.java:stop(78)) - Stopping the RPC server for Client Protocol
2023-09-07 08:53:55,735 [ForkJoinPool.commonPool-worker-1] INFO  ipc.Server (Server.java:stop(3523)) - Stopping server on 15010
2023-09-07 08:53:55,735 [IPC Server listener on 15010] INFO  ipc.Server (Server.java:run(1434)) - Stopping IPC Server listener on 15010
2023-09-07 08:53:55,736 [IPC Server Responder] INFO  ipc.Server (Server.java:run(1567)) - Stopping IPC Server Responder
2023-09-07 08:53:55,739 [ForkJoinPool.commonPool-worker-3] INFO  handler.ContextHandler (ContextHandler.java:doStop(1159)) - Stopped o.e.j.s.ServletContextHandler@7bbe59db{logs,/logs,file:///home/runner/work/ozone/ozone/hadoop-ozone/integration-test/target/log,STOPPED}
2023-09-07 08:53:55,743 [ForkJoinPool.commonPool-worker-3] INFO  ozone.HddsDatanodeClientProtocolServer (HddsDatanodeClientProtocolServer.java:stop(78)) - Stopping the RPC server for Client Protocol
2023-09-07 08:53:55,744 [ForkJoinPool.commonPool-worker-3] INFO  ipc.Server (Server.java:stop(3523)) - Stopping server on 15037
2023-09-07 08:53:55,745 [IPC Server listener on 15037] INFO  ipc.Server (Server.java:run(1434)) - Stopping IPC Server listener on 15037
2023-09-07 08:53:55,746 [IPC Server Responder] INFO  ipc.Server (Server.java:run(1567)) - Stopping IPC Server Responder
2023-09-07 08:53:56,083 [ForkJoinPool.commonPool-worker-2] INFO  utils.DatanodeStoreCache (DatanodeStoreCache.java:shutdownCache(110)) - Skip clearing cache in mini cluster mode. Entries left: [/home/runner/work/ozone/ozone/hadoop-ozone/integration-test/target/test-dir/MiniOzoneClusterImpl-480c9758-28d8-415f-a146-fed859d0e253/datanode-1/data-0/containers/hdds/480c9758-28d8-415f-a146-fed859d0e253/DS-9cbeb387-82a5-4a8d-81da-016445fee76b/container.db, /home/runner/work/ozone/ozone/hadoop-ozone/integration-test/target/test-dir/MiniOzoneClusterImpl-480c9758-28d8-415f-a146-fed859d0e253/datanode-4/data-0/containers/hdds/480c9758-28d8-415f-a146-fed859d0e253/DS-080af508-8096-4a7f-91dd-5f21160033f6/container.db]
2023-09-07 08:53:56,085 [ForkJoinPool.commonPool-worker-2] INFO  utils.DatanodeStoreCache (DatanodeStoreCache.java:removeDB(104)) - Removed db /home/runner/work/ozone/ozone/hadoop-ozone/integration-test/target/test-dir/MiniOzoneClusterImpl-480c9758-28d8-415f-a146-fed859d0e253/datanode-4/data-0/containers/hdds/480c9758-28d8-415f-a146-fed859d0e253/DS-080af508-8096-4a7f-91dd-5f21160033f6/container.db from cache
2023-09-07 08:53:56,085 [ForkJoinPool.commonPool-worker-2] INFO  volume.HddsVolume (HddsVolume.java:closeDbStore(453)) - SchemaV3 db is stopped at /home/runner/work/ozone/ozone/hadoop-ozone/integration-test/target/test-dir/MiniOzoneClusterImpl-480c9758-28d8-415f-a146-fed859d0e253/datanode-4/data-0/containers/hdds/480c9758-28d8-415f-a146-fed859d0e253/DS-080af508-8096-4a7f-91dd-5f21160033f6/container.db for volume DS-080af508-8096-4a7f-91dd-5f21160033f6
2023-09-07 08:53:56,086 [ForkJoinPool.commonPool-worker-2] INFO  utils.BackgroundService (BackgroundService.java:shutdown(141)) - Shutting down service BlockDeletingService
2023-09-07 08:53:56,087 [ForkJoinPool.commonPool-worker-0] INFO  utils.DatanodeStoreCache (DatanodeStoreCache.java:shutdownCache(110)) - Skip clearing cache in mini cluster mode. Entries left: [/home/runner/work/ozone/ozone/hadoop-ozone/integration-test/target/test-dir/MiniOzoneClusterImpl-480c9758-28d8-415f-a146-fed859d0e253/datanode-1/data-0/containers/hdds/480c9758-28d8-415f-a146-fed859d0e253/DS-9cbeb387-82a5-4a8d-81da-016445fee76b/container.db]
2023-09-07 08:53:56,089 [ForkJoinPool.commonPool-worker-0] INFO  utils.DatanodeStoreCache (DatanodeStoreCache.java:removeDB(104)) - Removed db /home/runner/work/ozone/ozone/hadoop-ozone/integration-test/target/test-dir/MiniOzoneClusterImpl-480c9758-28d8-415f-a146-fed859d0e253/datanode-1/data-0/containers/hdds/480c9758-28d8-415f-a146-fed859d0e253/DS-9cbeb387-82a5-4a8d-81da-016445fee76b/container.db from cache
2023-09-07 08:53:56,089 [ForkJoinPool.commonPool-worker-0] INFO  volume.HddsVolume (HddsVolume.java:closeDbStore(453)) - SchemaV3 db is stopped at /home/runner/work/ozone/ozone/hadoop-ozone/integration-test/target/test-dir/MiniOzoneClusterImpl-480c9758-28d8-415f-a146-fed859d0e253/datanode-1/data-0/containers/hdds/480c9758-28d8-415f-a146-fed859d0e253/DS-9cbeb387-82a5-4a8d-81da-016445fee76b/container.db for volume DS-9cbeb387-82a5-4a8d-81da-016445fee76b
2023-09-07 08:53:56,089 [ForkJoinPool.commonPool-worker-2] INFO  utils.BackgroundService (BackgroundService.java:shutdown(141)) - Shutting down service StaleRecoveringContainerScrubbingService
2023-09-07 08:53:56,090 [ForkJoinPool.commonPool-worker-0] INFO  utils.BackgroundService (BackgroundService.java:shutdown(141)) - Shutting down service BlockDeletingService
2023-09-07 08:53:56,091 [ForkJoinPool.commonPool-worker-0] INFO  utils.BackgroundService (BackgroundService.java:shutdown(141)) - Shutting down service StaleRecoveringContainerScrubbingService
2023-09-07 08:53:56,091 [ForkJoinPool.commonPool-worker-2] INFO  statemachine.DatanodeStateMachine (DatanodeStateMachine.java:stopDaemon(620)) - Ozone container server stopped.
2023-09-07 08:53:56,094 [ForkJoinPool.commonPool-worker-0] INFO  statemachine.DatanodeStateMachine (DatanodeStateMachine.java:stopDaemon(620)) - Ozone container server stopped.
2023-09-07 08:53:56,130 [ForkJoinPool.commonPool-worker-0] INFO  handler.ContextHandler (ContextHandler.java:doStop(1159)) - Stopped o.e.j.w.WebAppContext@3e9b410a{hddsDatanode,/,null,STOPPED}{jar:file:/home/runner/.m2/repository/org/apache/ozone/hdds-container-service/1.4.0-SNAPSHOT/hdds-container-service-1.4.0-SNAPSHOT.jar!/webapps/hddsDatanode}
2023-09-07 08:53:56,131 [ForkJoinPool.commonPool-worker-0] INFO  server.AbstractConnector (AbstractConnector.java:doStop(383)) - Stopped ServerConnector@35d8a515{HTTP/1.1, (http/1.1)}{0.0.0.0:15018}
2023-09-07 08:53:56,131 [ForkJoinPool.commonPool-worker-0] INFO  server.session (HouseKeeper.java:stopScavenging(149)) - node0 Stopped scavenging
2023-09-07 08:53:56,133 [ForkJoinPool.commonPool-worker-0] INFO  handler.ContextHandler (ContextHandler.java:doStop(1159)) - Stopped o.e.j.s.ServletContextHandler@63129db5{static,/static,jar:file:/home/runner/.m2/repository/org/apache/ozone/hdds-container-service/1.4.0-SNAPSHOT/hdds-container-service-1.4.0-SNAPSHOT.jar!/webapps/static,STOPPED}
2023-09-07 08:53:56,133 [ForkJoinPool.commonPool-worker-0] INFO  handler.ContextHandler (ContextHandler.java:doStop(1159)) - Stopped o.e.j.s.ServletContextHandler@401c01da{logs,/logs,file:///home/runner/work/ozone/ozone/hadoop-ozone/integration-test/target/log,STOPPED}
2023-09-07 08:53:56,134 [ForkJoinPool.commonPool-worker-0] INFO  ozone.HddsDatanodeClientProtocolServer (HddsDatanodeClientProtocolServer.java:stop(78)) - Stopping the RPC server for Client Protocol
2023-09-07 08:53:56,135 [ForkJoinPool.commonPool-worker-0] INFO  ipc.Server (Server.java:stop(3523)) - Stopping server on 15019
2023-09-07 08:53:56,135 [IPC Server listener on 15019] INFO  ipc.Server (Server.java:run(1434)) - Stopping IPC Server listener on 15019
2023-09-07 08:53:56,136 [IPC Server Responder] INFO  ipc.Server (Server.java:run(1567)) - Stopping IPC Server Responder
2023-09-07 08:53:56,138 [ForkJoinPool.commonPool-worker-2] INFO  handler.ContextHandler (ContextHandler.java:doStop(1159)) - Stopped o.e.j.w.WebAppContext@6014ff2{hddsDatanode,/,null,STOPPED}{jar:file:/home/runner/.m2/repository/org/apache/ozone/hdds-container-service/1.4.0-SNAPSHOT/hdds-container-service-1.4.0-SNAPSHOT.jar!/webapps/hddsDatanode}
2023-09-07 08:53:56,138 [ForkJoinPool.commonPool-worker-2] INFO  server.AbstractConnector (AbstractConnector.java:doStop(383)) - Stopped ServerConnector@649268a9{HTTP/1.1, (http/1.1)}{0.0.0.0:15045}
2023-09-07 08:53:56,139 [ForkJoinPool.commonPool-worker-2] INFO  server.session (HouseKeeper.java:stopScavenging(149)) - node0 Stopped scavenging
2023-09-07 08:53:56,139 [ForkJoinPool.commonPool-worker-2] INFO  handler.ContextHandler (ContextHandler.java:doStop(1159)) - Stopped o.e.j.s.ServletContextHandler@71475df3{static,/static,jar:file:/home/runner/.m2/repository/org/apache/ozone/hdds-container-service/1.4.0-SNAPSHOT/hdds-container-service-1.4.0-SNAPSHOT.jar!/webapps/static,STOPPED}
2023-09-07 08:53:56,140 [ForkJoinPool.commonPool-worker-2] INFO  handler.ContextHandler (ContextHandler.java:doStop(1159)) - Stopped o.e.j.s.ServletContextHandler@37a45e67{logs,/logs,file:///home/runner/work/ozone/ozone/hadoop-ozone/integration-test/target/log,STOPPED}
2023-09-07 08:53:56,142 [ForkJoinPool.commonPool-worker-2] INFO  ozone.HddsDatanodeClientProtocolServer (HddsDatanodeClientProtocolServer.java:stop(78)) - Stopping the RPC server for Client Protocol
2023-09-07 08:53:56,142 [ForkJoinPool.commonPool-worker-2] INFO  ipc.Server (Server.java:stop(3523)) - Stopping server on 15046
2023-09-07 08:53:56,142 [IPC Server listener on 15046] INFO  ipc.Server (Server.java:run(1434)) - Stopping IPC Server listener on 15046
2023-09-07 08:53:56,147 [IPC Server Responder] INFO  ipc.Server (Server.java:run(1567)) - Stopping IPC Server Responder
2023-09-07 08:53:56,149 [main] INFO  ozone.MiniOzoneClusterImpl (MiniOzoneClusterImpl.java:stopSCM(543)) - Stopping the StorageContainerManager
2023-09-07 08:53:56,149 [main] INFO  server.StorageContainerManager (StorageContainerManager.java:stop(1591)) - Container Balancer is not running.
2023-09-07 08:53:56,149 [main] INFO  server.StorageContainerManager (StorageContainerManager.java:stopReplicationManager(1724)) - Stopping Replication Manager Service.
2023-09-07 08:53:56,149 [main] INFO  replication.ReplicationManager (ReplicationManager.java:stop(323)) - Stopping Replication Monitor Thread.
2023-09-07 08:53:56,149 [main] INFO  server.StorageContainerManager (StorageContainerManager.java:stop(1600)) - Stopping the Datanode Admin Monitor.
2023-09-07 08:53:56,150 [ReplicationMonitor] INFO  replication.ReplicationManager (ReplicationManager.java:run(921)) - Replication Monitor Thread is stopped
2023-09-07 08:53:56,150 [main] INFO  server.StorageContainerManager (StorageContainerManager.java:stop(1607)) - Stopping datanode service RPC server
2023-09-07 08:53:56,150 [main] INFO  server.SCMDatanodeProtocolServer (SCMDatanodeProtocolServer.java:stop(424)) - Stopping the RPC server for DataNodes
2023-09-07 08:53:56,150 [main] INFO  ipc.Server (Server.java:stop(3523)) - Stopping server on 15002
2023-09-07 08:53:56,150 [Under Replicated Processor] WARN  replication.UnhealthyReplicationProcessor (UnhealthyReplicationProcessor.java:run(180)) - Under Replicated Processor interrupted. Exiting...
2023-09-07 08:53:56,150 [Over Replicated Processor] WARN  replication.UnhealthyReplicationProcessor (UnhealthyReplicationProcessor.java:run(180)) - Over Replicated Processor interrupted. Exiting...
2023-09-07 08:53:56,152 [IPC Server Responder] INFO  ipc.Server (Server.java:run(1567)) - Stopping IPC Server Responder
2023-09-07 08:53:56,153 [IPC Server listener on 15002] INFO  ipc.Server (Server.java:run(1434)) - Stopping IPC Server listener on 15002
2023-09-07 08:53:56,200 [SCM Heartbeat Processing Thread - 0] WARN  node.NodeStateManager (NodeStateManager.java:scheduleNextHealthCheck(874)) - Current Thread is interrupted, shutting down HB processing thread for Node Manager.
2023-09-07 08:53:56,200 [main] INFO  server.StorageContainerManager (StorageContainerManager.java:stop(1615)) - Stopping block service RPC server
2023-09-07 08:53:56,201 [main] INFO  server.SCMBlockProtocolServer (SCMBlockProtocolServer.java:stop(161)) - Stopping the RPC server for Block Protocol
2023-09-07 08:53:56,201 [main] INFO  ipc.Server (Server.java:stop(3523)) - Stopping server on 15001
2023-09-07 08:53:56,203 [IPC Server listener on 15001] INFO  ipc.Server (Server.java:run(1434)) - Stopping IPC Server listener on 15001
2023-09-07 08:53:56,203 [main] INFO  server.StorageContainerManager (StorageContainerManager.java:stop(1622)) - Stopping the StorageContainerLocationProtocol RPC server
2023-09-07 08:53:56,203 [IPC Server Responder] INFO  ipc.Server (Server.java:run(1567)) - Stopping IPC Server Responder
2023-09-07 08:53:56,203 [main] INFO  server.SCMClientProtocolServer (SCMClientProtocolServer.java:stop(210)) - Stopping the RPC server for Client Protocol
2023-09-07 08:53:56,203 [main] INFO  ipc.Server (Server.java:stop(3523)) - Stopping server on 15000
2023-09-07 08:53:56,208 [IPC Server listener on 15000] INFO  ipc.Server (Server.java:run(1434)) - Stopping IPC Server listener on 15000
2023-09-07 08:53:56,209 [IPC Server Responder] INFO  ipc.Server (Server.java:run(1567)) - Stopping IPC Server Responder
2023-09-07 08:53:56,209 [main] INFO  server.StorageContainerManager (StorageContainerManager.java:stop(1629)) - Stopping Storage Container Manager HTTP server.
2023-09-07 08:53:56,211 [main] INFO  handler.ContextHandler (ContextHandler.java:doStop(1159)) - Stopped o.e.j.w.WebAppContext@7f88c53{scm,/,null,STOPPED}{file:/home/runner/work/ozone/ozone/hadoop-ozone/integration-test/target/test-classes/webapps/scm}
2023-09-07 08:53:56,211 [main] INFO  server.AbstractConnector (AbstractConnector.java:doStop(383)) - Stopped ServerConnector@58e0f079{HTTP/1.1, (http/1.1)}{0.0.0.0:15003}
2023-09-07 08:53:56,211 [main] INFO  server.session (HouseKeeper.java:stopScavenging(149)) - node0 Stopped scavenging
2023-09-07 08:53:56,211 [main] INFO  handler.ContextHandler (ContextHandler.java:doStop(1159)) - Stopped o.e.j.s.ServletContextHandler@42365c82{static,/static,file:///home/runner/work/ozone/ozone/hadoop-ozone/integration-test/target/test-classes/webapps/static,STOPPED}
2023-09-07 08:53:56,212 [main] INFO  handler.ContextHandler (ContextHandler.java:doStop(1159)) - Stopped o.e.j.s.ServletContextHandler@205d6f84{logs,/logs,file:///home/runner/work/ozone/ozone/hadoop-ozone/integration-test/target/log,STOPPED}
2023-09-07 08:53:56,213 [main] INFO  server.StorageContainerManager (StorageContainerManager.java:stop(1637)) - Stopping SCM LayoutVersionManager Service.
2023-09-07 08:53:56,213 [main] INFO  server.StorageContainerManager (StorageContainerManager.java:stop(1649)) - Stopping Block Manager Service.
2023-09-07 08:53:56,213 [main] INFO  utils.BackgroundService (BackgroundService.java:shutdown(141)) - Shutting down service SCMBlockDeletingService
2023-09-07 08:53:56,220 [main] INFO  utils.BackgroundService (BackgroundService.java:shutdown(141)) - Shutting down service SCMBlockDeletingService
2023-09-07 08:53:56,220 [main] INFO  server.StorageContainerManager (StorageContainerManager.java:stop(1669)) - Stopping SCM Event Queue.
2023-09-07 08:53:56,231 [JvmPauseMonitor0] INFO  util.JvmPauseMonitor (JvmPauseMonitor.java:run(109)) - JvmPauseMonitor-7413f1fb-f377-4bb5-8a73-916ccbe8dade: Stopped
2023-09-07 08:53:56,233 [main] INFO  server.StorageContainerManager (StorageContainerManager.java:stop(1680)) - Stopping SCM HA services.
2023-09-07 08:53:56,233 [main] INFO  pipeline.BackgroundPipelineCreator (BackgroundPipelineCreator.java:stop(149)) - Stopping RatisPipelineUtilsThread.
2023-09-07 08:53:56,234 [RatisPipelineUtilsThread - 0] WARN  pipeline.BackgroundPipelineCreator (BackgroundPipelineCreator.java:run(180)) - RatisPipelineUtilsThread is interrupted.
2023-09-07 08:53:56,234 [BackgroundPipelineScrubberThread] WARN  BackgroundPipelineScrubber (BackgroundSCMService.java:run(115)) - BackgroundPipelineScrubber is interrupted, exit
2023-09-07 08:53:56,234 [main] INFO  BackgroundPipelineScrubber (BackgroundSCMService.java:stop(131)) - Stopping BackgroundPipelineScrubber Service.
2023-09-07 08:53:56,237 [main] INFO  impl.MetricsSystemImpl (MetricsSystemImpl.java:stop(210)) - Stopping XceiverClientMetrics metrics system...
2023-09-07 08:53:56,239 [prometheus] INFO  impl.MetricsSinkAdapter (MetricsSinkAdapter.java:publishMetricsFromQueue(141)) - prometheus thread interrupted.
2023-09-07 08:53:56,241 [main] INFO  impl.MetricsSystemImpl (MetricsSystemImpl.java:stop(216)) - XceiverClientMetrics metrics system stopped.
2023-09-07 08:53:56,242 [main] WARN  pipeline.BackgroundPipelineCreator (BackgroundPipelineCreator.java:stop(145)) - RatisPipelineUtilsThread is not running, just ignore.
2023-09-07 08:53:56,242 [main] INFO  BackgroundPipelineScrubber (BackgroundSCMService.java:stop(126)) - BackgroundPipelineScrubber Service is not running, skip stop.
2023-09-07 08:53:56,242 [ExpiredContainerReplicaOpScrubberThread] WARN  ExpiredContainerReplicaOpScrubber (BackgroundSCMService.java:run(115)) - ExpiredContainerReplicaOpScrubber is interrupted, exit
2023-09-07 08:53:56,242 [main] INFO  ExpiredContainerReplicaOpScrubber (BackgroundSCMService.java:stop(131)) - Stopping ExpiredContainerReplicaOpScrubber Service.
2023-09-07 08:53:56,243 [main] INFO  utils.BackgroundService (BackgroundService.java:shutdown(141)) - Shutting down service SCMBlockDeletingService
2023-09-07 08:53:56,243 [main] INFO  replication.ReplicationManager (ReplicationManager.java:stop(333)) - Replication Monitor Thread is not running.
2023-09-07 08:53:56,243 [main] WARN  balancer.ContainerBalancer (ContainerBalancer.java:stop(326)) - Cannot stop Container Balancer because it's not running or stopping
2023-09-07 08:53:56,244 [main] INFO  server.StorageContainerManager (StorageContainerManager.java:stop(1715)) - Stopping SCM MetadataStore.
2023-09-07 08:53:56,354 [main] WARN  server.ServerUtils (ServerUtils.java:getScmDbDir(155)) - ozone.scm.db.dirs is not configured. We recommend adding this setting. Falling back to ozone.metadata.dirs instead.
2023-09-07 08:53:56,358 [main] WARN  server.ServerUtils (ServerUtils.java:getScmDbDir(155)) - ozone.scm.db.dirs is not configured. We recommend adding this setting. Falling back to ozone.metadata.dirs instead.
2023-09-07 08:53:56,359 [main] INFO  ha.SCMHANodeDetails (SCMHANodeDetails.java:loadSCMHAConfig(210)) - ServiceID for StorageContainerManager is null
2023-09-07 08:53:56,359 [main] INFO  ha.SCMHANodeDetails (SCMHANodeDetails.java:loadSCMHAConfig(215)) - ozone.scm.default.service.id is not defined, falling back to ozone.scm.service.ids to find serviceID for StorageContainerManager if it is HA enabled cluster
2023-09-07 08:53:56,360 [main] WARN  utils.HAUtils (HAUtils.java:getMetaDir(339)) - ozone.scm.db.dirs is not configured. We recommend adding this setting. Falling back to ozone.metadata.dirs instead.
2023-09-07 08:53:56,360 [main] WARN  db.DBStoreBuilder (DBStoreBuilder.java:applyDBDefinition(166)) - ozone.scm.db.dirs is not configured. We recommend adding this setting. Falling back to ozone.metadata.dirs instead.
2023-09-07 08:53:56,532 [main] INFO  net.NodeSchemaLoader (NodeSchemaLoader.java:loadSchemaFromFile(129)) - Loading schema from [jar:file:/home/runner/.m2/repository/org/apache/ozone/hdds-common/1.4.0-SNAPSHOT/hdds-common-1.4.0-SNAPSHOT.jar!/network-topology-default.xml]
2023-09-07 08:53:56,532 [main] INFO  net.NodeSchemaLoader (NodeSchemaLoader.java:loadSchema(176)) - Loading network topology layer schema file
2023-09-07 08:53:56,537 [main] INFO  upgrade.AbstractLayoutVersionManager (AbstractLayoutVersionManager.java:init(83)) - Initializing Layout version manager with metadata layout = HADOOP_PRC_PORTS_IN_DATANODEDETAILS (version = 7), software layout = HADOOP_PRC_PORTS_IN_DATANODEDETAILS (version = 7)
2023-09-07 08:53:56,541 [main] INFO  ha.SequenceIdGenerator (SequenceIdGenerator.java:upgradeToSequenceId(365)) - upgrade localId to 111677748019200000
2023-09-07 08:53:56,542 [main] INFO  ha.SequenceIdGenerator (SequenceIdGenerator.java:upgradeToSequenceId(375)) - upgrade delTxnId to 0
2023-09-07 08:53:56,543 [main] INFO  ha.SequenceIdGenerator (SequenceIdGenerator.java:upgradeToSequenceId(392)) - upgrade containerId to 0
2023-09-07 08:53:56,545 [main] INFO  ha.SequenceIdGenerator (SequenceIdGenerator.java:upgradeToSequenceId(428)) - upgrade rootCertificateId to 1
2023-09-07 08:53:56,545 [main] INFO  ha.SequenceIdGenerator (SequenceIdGenerator.java:<init>(236)) - Init the HA SequenceIdGenerator.
2023-09-07 08:53:56,546 [main] WARN  server.ServerUtils (ServerUtils.java:sanitizeUserArgs(80)) - ozone.scm.stale.node.interval value = 300000 is larger than max = 100000 based on the key value of ozone.scm.heartbeat.thread.interval, reset to the max value 100000.
2023-09-07 08:53:56,546 [main] WARN  server.ServerUtils (ServerUtils.java:sanitizeUserArgs(80)) - ozone.scm.stale.node.interval value = 300000 is larger than max = 100000 based on the key value of ozone.scm.heartbeat.thread.interval, reset to the max value 100000.
2023-09-07 08:53:56,550 [main] INFO  node.SCMNodeManager (SCMNodeManager.java:<init>(157)) - Entering startup safe mode.
2023-09-07 08:53:56,553 [main] INFO  algorithms.ContainerPlacementPolicyFactory (ContainerPlacementPolicyFactory.java:getPolicyInternal(86)) - Create container placement policy of type org.apache.hadoop.hdds.scm.container.placement.algorithms.SCMContainerPlacementRackAware
2023-09-07 08:53:56,553 [main] INFO  algorithms.ContainerPlacementPolicyFactory (ContainerPlacementPolicyFactory.java:getPolicyInternal(86)) - Create container placement policy of type org.apache.hadoop.hdds.scm.container.placement.algorithms.SCMContainerPlacementRackScatter
2023-09-07 08:53:56,553 [main] INFO  pipeline.PipelineStateManagerImpl (PipelineStateManagerImpl.java:initialize(78)) - No pipeline exists in current db
2023-09-07 08:53:56,553 [main] INFO  algorithms.LeaderChoosePolicyFactory (LeaderChoosePolicyFactory.java:getPolicy(57)) - Create leader choose policy of type org.apache.hadoop.hdds.scm.pipeline.leader.choose.algorithms.MinLeaderCountChoosePolicy
2023-09-07 08:53:56,554 [main] INFO  algorithms.ContainerPlacementPolicyFactory (ContainerPlacementPolicyFactory.java:getPolicyInternal(86)) - Create container placement policy of type org.apache.hadoop.hdds.scm.container.placement.algorithms.SCMContainerPlacementRackScatter
2023-09-07 08:53:56,554 [main] INFO  ha.SCMServiceManager (SCMServiceManager.java:register(42)) - Registering service BackgroundPipelineCreator.
2023-09-07 08:53:56,554 [main] INFO  pipeline.BackgroundPipelineCreator (BackgroundPipelineCreator.java:start(124)) - Starting RatisPipelineUtilsThread.
2023-09-07 08:53:56,555 [main] INFO  BackgroundPipelineScrubber (BackgroundSCMService.java:start(68)) - Starting BackgroundPipelineScrubber Service.
2023-09-07 08:53:56,555 [main] INFO  ha.SCMServiceManager (SCMServiceManager.java:register(42)) - Registering service BackgroundPipelineScrubber.
2023-09-07 08:53:56,555 [main] INFO  ExpiredContainerReplicaOpScrubber (BackgroundSCMService.java:start(68)) - Starting ExpiredContainerReplicaOpScrubber Service.
2023-09-07 08:53:56,556 [main] INFO  ha.SCMServiceManager (SCMServiceManager.java:register(42)) - Registering service ExpiredContainerReplicaOpScrubber.
2023-09-07 08:53:56,559 [main] INFO  algorithms.PipelineChoosePolicyFactory (PipelineChoosePolicyFactory.java:createPipelineChoosePolicyFromClass(78)) - Create pipeline choose policy of type org.apache.hadoop.hdds.scm.pipeline.choose.algorithms.RandomPipelineChoosePolicy
2023-09-07 08:53:56,559 [main] INFO  algorithms.PipelineChoosePolicyFactory (PipelineChoosePolicyFactory.java:createPipelineChoosePolicyFromClass(78)) - Create pipeline choose policy of type org.apache.hadoop.hdds.scm.pipeline.choose.algorithms.RandomPipelineChoosePolicy
2023-09-07 08:53:56,562 [main] INFO  ha.SCMServiceManager (SCMServiceManager.java:register(42)) - Registering service SCMBlockDeletingService.
2023-09-07 08:53:56,563 [main] INFO  replication.ReplicationManager (ReplicationManager.java:start(291)) - Starting Replication Monitor Thread.
2023-09-07 08:53:56,569 [main] INFO  ha.SCMServiceManager (SCMServiceManager.java:register(42)) - Registering service ReplicationManager.
2023-09-07 08:53:56,570 [main] INFO  safemode.ContainerSafeModeRule (ContainerSafeModeRule.java:<init>(90)) - containers with one replica threshold count 0
2023-09-07 08:53:56,571 [main] INFO  safemode.HealthyPipelineSafeModeRule (HealthyPipelineSafeModeRule.java:initializeRule(169)) - Total pipeline count is 0, healthy pipeline threshold count is 1
2023-09-07 08:53:56,571 [main] INFO  safemode.OneReplicaPipelineSafeModeRule (OneReplicaPipelineSafeModeRule.java:initializeRule(180)) - Total pipeline count is 0, pipeline's with at least one datanode reported threshold count is 0
2023-09-07 08:53:56,574 [main] INFO  server.StorageContainerManager (StorageContainerManager.java:<init>(425)) - SCM start with adminUsers: [runner]
2023-09-07 08:53:56,574 [main] INFO  ipc.CallQueueManager (CallQueueManager.java:<init>(90)) - Using callQueue: class java.util.concurrent.LinkedBlockingQueue, queueCapacity: 2000, scheduler: class org.apache.hadoop.ipc.DefaultRpcScheduler, ipcBackoff: false.
2023-09-07 08:53:56,575 [main] INFO  ipc.Server (Server.java:<init>(1287)) - Listener at 0.0.0.0:15055
2023-09-07 08:53:56,575 [Socket Reader #1 for port 15055] INFO  ipc.Server (Server.java:run(1323)) - Starting Socket Reader #1 for port 15055
2023-09-07 08:53:56,577 [main] INFO  ipc.CallQueueManager (CallQueueManager.java:<init>(90)) - Using callQueue: class java.util.concurrent.LinkedBlockingQueue, queueCapacity: 2000, scheduler: class org.apache.hadoop.ipc.DefaultRpcScheduler, ipcBackoff: false.
2023-09-07 08:53:56,578 [main] INFO  ipc.Server (Server.java:<init>(1287)) - Listener at 0.0.0.0:15054
2023-09-07 08:53:56,579 [Socket Reader #1 for port 15054] INFO  ipc.Server (Server.java:run(1323)) - Starting Socket Reader #1 for port 15054
2023-09-07 08:53:56,580 [main] INFO  ipc.CallQueueManager (CallQueueManager.java:<init>(90)) - Using callQueue: class java.util.concurrent.LinkedBlockingQueue, queueCapacity: 2000, scheduler: class org.apache.hadoop.ipc.DefaultRpcScheduler, ipcBackoff: false.
2023-09-07 08:53:56,580 [main] INFO  ipc.Server (Server.java:<init>(1287)) - Listener at 0.0.0.0:15053
2023-09-07 08:53:56,581 [Socket Reader #1 for port 15053] INFO  ipc.Server (Server.java:run(1323)) - Starting Socket Reader #1 for port 15053
2023-09-07 08:53:56,587 [ReplicationMonitor] INFO  replication.ReplicationManager (ReplicationManager.java:processAll(365)) - Replication Manager is not ready to run until 3000ms after safemode exit
2023-09-07 08:53:56,597 [main] INFO  ha.SCMServiceManager (SCMServiceManager.java:register(42)) - Registering service ContainerBalancer.
2023-09-07 08:53:56,598 [main] INFO  server.StorageContainerManager (StorageContainerManager.java:<init>(438)) - 
Container Balancer status:
Key                            Value
Running                        false
Container Balancer Configuration values:
Key                                                Value
Threshold                                          10
Max Datanodes to Involve per Iteration(percent)    20
Max Size to Move per Iteration                     500GB
Max Size Entering Target per Iteration             26GB
Max Size Leaving Source per Iteration              26GB

2023-09-07 08:53:56,598 [main] INFO  ha.SCMContext (SCMContext.java:updateSafeModeStatus(228)) - Update SafeModeStatus from SafeModeStatus{safeModeStatus=true, preCheckPassed=false} to SafeModeStatus{safeModeStatus=true, preCheckPassed=false}.
2023-09-07 08:53:56,599 [main] INFO  server.StorageContainerManager (StorageContainerManager.java:start(1483)) - StorageContainerLocationProtocol RPC server is listening at /0.0.0.0:15053
2023-09-07 08:53:56,603 [main] WARN  impl.MetricsConfig (MetricsConfig.java:loadFirst(136)) - Cannot locate configuration: tried hadoop-metrics2-storagecontainermanager.properties,hadoop-metrics2.properties
2023-09-07 08:53:56,604 [main] INFO  impl.MetricsSystemImpl (MetricsSystemImpl.java:startTimer(378)) - Scheduled Metric snapshot period at 10 second(s).
2023-09-07 08:53:56,604 [main] INFO  impl.MetricsSystemImpl (MetricsSystemImpl.java:start(191)) - StorageContainerManager metrics system started
2023-09-07 08:53:56,627 [main] INFO  impl.MetricsSinkAdapter (MetricsSinkAdapter.java:start(204)) - Sink prometheus started
2023-09-07 08:53:56,630 [main] INFO  impl.MetricsSystemImpl (MetricsSystemImpl.java:registerSink(305)) - Registered sink prometheus
2023-09-07 08:53:56,653 [main] INFO  server.SCMClientProtocolServer (SCMClientProtocolServer.java:start(201)) - RPC server for Client  is listening at /0.0.0.0:15053
2023-09-07 08:53:56,662 [IPC Server Responder] INFO  ipc.Server (Server.java:run(1562)) - IPC Server Responder: starting
2023-09-07 08:53:56,665 [IPC Server listener on 15053] INFO  ipc.Server (Server.java:run(1402)) - IPC Server listener on 15053: starting
2023-09-07 08:53:56,669 [main] INFO  server.StorageContainerManager (StorageContainerManager.java:start(1496)) - ScmBlockLocationProtocol RPC server is listening at /0.0.0.0:15054
2023-09-07 08:53:56,669 [main] INFO  server.SCMBlockProtocolServer (SCMBlockProtocolServer.java:start(152)) - RPC server for Block Protocol is listening at /0.0.0.0:15054
2023-09-07 08:53:56,670 [IPC Server Responder] INFO  ipc.Server (Server.java:run(1562)) - IPC Server Responder: starting
2023-09-07 08:53:56,670 [IPC Server listener on 15054] INFO  ipc.Server (Server.java:run(1402)) - IPC Server listener on 15054: starting
2023-09-07 08:53:56,674 [main] INFO  server.SCMDatanodeProtocolServer (SCMDatanodeProtocolServer.java:start(193)) - ScmDatanodeProtocol RPC server for DataNodes is listening at /0.0.0.0:15055
2023-09-07 08:53:56,675 [IPC Server Responder] INFO  ipc.Server (Server.java:run(1562)) - IPC Server Responder: starting
2023-09-07 08:53:56,676 [IPC Server listener on 15055] INFO  ipc.Server (Server.java:run(1402)) - IPC Server listener on 15055: starting
2023-09-07 08:53:56,691 [JvmPauseMonitor7] INFO  util.JvmPauseMonitor (JvmPauseMonitor.java:run(103)) - JvmPauseMonitor-11e7d334-8346-4215-aae1-33957314840b: Started
2023-09-07 08:53:56,692 [main] INFO  http.BaseHttpServer (BaseHttpServer.java:newHttpServer2BuilderForOzone(223)) - Starting Web-server for scm at: http://0.0.0.0:15056
2023-09-07 08:53:56,692 [main] INFO  http.BaseHttpServer (BaseHttpServer.java:<init>(110)) - Hadoop Security Enabled: false Ozone Security Enabled: false Ozone HTTP Security Enabled: false 
2023-09-07 08:53:56,695 [main] WARN  server.AuthenticationFilter (AuthenticationFilter.java:constructSecretProvider(240)) - Unable to initialize FileSignerSecretProvider, falling back to use random secrets. Reason: Could not read signature secret file: /home/runner/hadoop-http-auth-signature-secret
2023-09-07 08:53:56,695 [main] INFO  http.HttpRequestLog (HttpRequestLog.java:getRequestLog(86)) - Http request log for http.requests.scm is not defined
2023-09-07 08:53:56,698 [main] INFO  http.HttpServer2 (HttpServer2.java:addGlobalFilter(1031)) - Added global filter 'safety' (class=org.apache.hadoop.hdds.server.http.HttpServer2$QuotingInputFilter)
2023-09-07 08:53:56,699 [main] INFO  http.HttpServer2 (HttpServer2.java:addFilter(1007)) - Added filter static_user_filter (class=org.apache.hadoop.http.lib.StaticUserWebFilter$StaticUserFilter) to context scm
2023-09-07 08:53:56,699 [main] INFO  http.HttpServer2 (HttpServer2.java:addFilter(1015)) - Added filter static_user_filter (class=org.apache.hadoop.http.lib.StaticUserWebFilter$StaticUserFilter) to context logs
2023-09-07 08:53:56,699 [main] INFO  http.HttpServer2 (HttpServer2.java:addFilter(1015)) - Added filter static_user_filter (class=org.apache.hadoop.http.lib.StaticUserWebFilter$StaticUserFilter) to context static
2023-09-07 08:53:56,700 [main] INFO  http.BaseHttpServer (BaseHttpServer.java:<init>(189)) - HTTP server of scm uses base directory /home/runner/work/ozone/ozone/hadoop-ozone/integration-test/target/test-dir/MiniOzoneClusterImpl-ca08a916-3927-468c-b731-1edf5636b3eb/ozone-meta/webserver
2023-09-07 08:53:56,700 [main] INFO  http.HttpServer2 (HttpServer2.java:bindListener(1231)) - Jetty bound to port 15056
2023-09-07 08:53:56,700 [main] INFO  server.Server (Server.java:doStart(375)) - jetty-9.4.51.v20230217; built: 2023-02-17T08:19:37.309Z; git: b45c405e4544384de066f814ed42ae3dceacdd49; jvm 1.8.0_382-b05
2023-09-07 08:53:56,703 [main] INFO  server.session (DefaultSessionIdManager.java:doStart(334)) - DefaultSessionIdManager workerName=node0
2023-09-07 08:53:56,703 [main] INFO  server.session (DefaultSessionIdManager.java:doStart(339)) - No SessionScavenger set, using defaults
2023-09-07 08:53:56,704 [main] INFO  server.session (HouseKeeper.java:startScavenging(132)) - node0 Scavenging every 600000ms
2023-09-07 08:53:56,705 [main] INFO  handler.ContextHandler (ContextHandler.java:doStart(921)) - Started o.e.j.s.ServletContextHandler@97acc9c{logs,/logs,file:///home/runner/work/ozone/ozone/hadoop-ozone/integration-test/target/log,AVAILABLE}
2023-09-07 08:53:56,708 [main] INFO  handler.ContextHandler (ContextHandler.java:doStart(921)) - Started o.e.j.s.ServletContextHandler@168d1004{static,/static,file:///home/runner/work/ozone/ozone/hadoop-ozone/integration-test/target/test-classes/webapps/static,AVAILABLE}
2023-09-07 08:53:56,714 [main] INFO  handler.ContextHandler (ContextHandler.java:doStart(921)) - Started o.e.j.w.WebAppContext@8d91042{scm,/,file:///home/runner/work/ozone/ozone/hadoop-ozone/integration-test/target/test-classes/webapps/scm/,AVAILABLE}{file:/home/runner/work/ozone/ozone/hadoop-ozone/integration-test/target/test-classes/webapps/scm}
2023-09-07 08:53:56,716 [main] INFO  server.AbstractConnector (AbstractConnector.java:doStart(333)) - Started ServerConnector@4a05adf4{HTTP/1.1, (http/1.1)}{0.0.0.0:15056}
2023-09-07 08:53:56,716 [main] INFO  server.Server (Server.java:doStart(415)) - Started @127055ms
2023-09-07 08:53:56,719 [main] WARN  impl.MetricsSystemImpl (MetricsSystemImpl.java:register(279)) - Sink prometheus already exists!
2023-09-07 08:53:56,720 [main] INFO  http.BaseHttpServer (BaseHttpServer.java:updateConnectorAddress(354)) - HTTP server of scm listening at http://0.0.0.0:15056
2023-09-07 08:53:56,720 [main] WARN  server.ServerUtils (ServerUtils.java:getDBPath(311)) - ozone.om.db.dirs is not configured. We recommend adding this setting. Falling back to ozone.metadata.dirs instead.
2023-09-07 08:53:56,723 [main] INFO  ha.OMHANodeDetails (OMHANodeDetails.java:loadOMHAConfig(115)) - ozone.om.internal.service.id is not defined, falling back to ozone.om.service.ids to find serviceID for OzoneManager if it is HA enabled cluster
2023-09-07 08:53:56,723 [main] INFO  ha.OMHANodeDetails (OMHANodeDetails.java:loadOMHAConfig(226)) - Configuration does not have ozone.om.address set. Falling back to the default OM address /127.0.0.1:15057
2023-09-07 08:53:56,723 [main] INFO  ha.OMHANodeDetails (OMHANodeDetails.java:getOMNodeDetailsForNonHA(254)) - OM Service ID is not set. Setting it to the default ID: omServiceIdDefault
2023-09-07 08:53:56,723 [main] INFO  ha.OMHANodeDetails (OMHANodeDetails.java:getOMNodeDetailsForNonHA(261)) - OM Node ID is not set. Setting it to the default ID: om1
2023-09-07 08:53:56,724 [main] WARN  server.ServerUtils (ServerUtils.java:getDBPath(311)) - ozone.om.db.dirs is not configured. We recommend adding this setting. Falling back to ozone.metadata.dirs instead.
2023-09-07 08:53:56,729 [main] INFO  upgrade.AbstractLayoutVersionManager (AbstractLayoutVersionManager.java:init(83)) - Initializing Layout version manager with metadata layout = QUOTA (version = 6), software layout = QUOTA (version = 6)
2023-09-07 08:53:56,873 [main] INFO  reflections.Reflections (Reflections.java:scan(232)) - Reflections took 142 ms to scan 2 urls, producing 187 keys and 514 values [using 2 cores]
2023-09-07 08:53:56,873 [main] INFO  upgrade.OMLayoutVersionManager (OMLayoutVersionManager.java:lambda$0(115)) - Skipping Upgrade Action QuotaRepairUpgradeAction since it has been finalized.
2023-09-07 08:53:56,874 [main] INFO  upgrade.OMLayoutVersionManager (OMLayoutVersionManager.java:lambda$0(115)) - Skipping Upgrade Action MockOmUpgradeAction since it has been finalized.
2023-09-07 08:53:56,874 [main] WARN  server.ServerUtils (ServerUtils.java:getDBPath(311)) - ozone.om.db.dirs is not configured. We recommend adding this setting. Falling back to ozone.metadata.dirs instead.
2023-09-07 08:53:56,875 [main] INFO  proxy.SCMBlockLocationFailoverProxyProvider (SCMBlockLocationFailoverProxyProvider.java:<init>(114)) - Created block location fail-over proxy with 1 nodes: [nodeId=scmNodeId,nodeAddress=/0.0.0.0:15054]
2023-09-07 08:53:56,877 [main] INFO  proxy.SCMBlockLocationFailoverProxyProvider (SCMBlockLocationFailoverProxyProvider.java:<init>(114)) - Created block location fail-over proxy with 1 nodes: [nodeId=scmNodeId,nodeAddress=/0.0.0.0:15054]
2023-09-07 08:53:56,887 [main] INFO  om.OzoneManager (OzoneManager.java:<init>(665)) - OM start with adminUsers: [runner]
2023-09-07 08:53:56,888 [main] WARN  server.ServerUtils (ServerUtils.java:getDBPath(311)) - ozone.om.db.dirs is not configured. We recommend adding this setting. Falling back to ozone.metadata.dirs instead.
2023-09-07 08:53:56,889 [main] INFO  helpers.OmKeyInfo (OmKeyInfo.java:getCodec(71)) - OmKeyInfo.getCodec ignorePipeline = true
2023-09-07 08:53:57,198 [main] INFO  om.OzoneManager (OzoneManager.java:instantiateServices(794)) - S3 Multi-Tenancy is disabled
2023-09-07 08:53:57,198 [main] INFO  om.OmSnapshotManager (OmSnapshotManager.java:<init>(174)) - Ozone filesystem snapshot feature is enabled.
2023-09-07 08:53:57,199 [main] WARN  server.ServerUtils (ServerUtils.java:getDBPath(311)) - ozone.om.snapshot.diff.db.dir is not configured. We recommend adding this setting. Falling back to ozone.metadata.dirs instead.
2023-09-07 08:53:57,256 [main] INFO  snapshot.SnapshotDiffManager (SnapshotDiffManager.java:closeExecutorService(1697)) - Shutting down executorService: 'SstDumpToolExecutor'
2023-09-07 08:53:57,259 [main] INFO  om.OzoneManager (OzoneManager.java:addS3GVolumeToDB(4301)) - Created Volume s3v With Owner runner required for S3Gateway operations.
2023-09-07 08:53:57,259 [main] INFO  om.OzoneManager (OzoneManager.java:getRpcServer(1196)) - Creating RPC Server
2023-09-07 08:53:57,843 [main] INFO  reflections.Reflections (Reflections.java:scan(232)) - Reflections took 582 ms to scan 19 urls, producing 70 keys and 5688 values [using 2 cores]
2023-09-07 08:53:57,845 [main] INFO  ipc.CallQueueManager (CallQueueManager.java:<init>(90)) - Using callQueue: class java.util.concurrent.LinkedBlockingQueue, queueCapacity: 2000, scheduler: class org.apache.hadoop.ipc.DefaultRpcScheduler, ipcBackoff: false.
2023-09-07 08:53:57,845 [main] INFO  ipc.Server (Server.java:<init>(1287)) - Listener at 127.0.0.1:15057
2023-09-07 08:53:57,849 [Socket Reader #1 for port 15057] INFO  ipc.Server (Server.java:run(1323)) - Starting Socket Reader #1 for port 15057
2023-09-07 08:53:57,895 [main] INFO  impl.MetricsSystemImpl (MetricsSystemImpl.java:init(158)) - OzoneManager metrics system started (again)
2023-09-07 08:53:57,910 [main] INFO  om.OzoneManager (OzoneManager.java:start(1630)) - OzoneManager RPC server is listening at localhost/127.0.0.1:15057
2023-09-07 08:53:57,911 [main] INFO  om.OzoneManager (OzoneManager.java:start(1646)) - Version File has different layout version (6) than OM DB (null). That is expected if this OM has never been finalized to a newer layout version.
2023-09-07 08:53:57,925 [main] INFO  http.BaseHttpServer (BaseHttpServer.java:newHttpServer2BuilderForOzone(223)) - Starting Web-server for ozoneManager at: http://0.0.0.0:15058
2023-09-07 08:53:57,925 [main] INFO  http.BaseHttpServer (BaseHttpServer.java:<init>(110)) - Hadoop Security Enabled: false Ozone Security Enabled: false Ozone HTTP Security Enabled: false 
2023-09-07 08:53:57,927 [main] WARN  server.AuthenticationFilter (AuthenticationFilter.java:constructSecretProvider(240)) - Unable to initialize FileSignerSecretProvider, falling back to use random secrets. Reason: Could not read signature secret file: /home/runner/hadoop-http-auth-signature-secret
2023-09-07 08:53:57,928 [main] INFO  http.HttpRequestLog (HttpRequestLog.java:getRequestLog(86)) - Http request log for http.requests.ozoneManager is not defined
2023-09-07 08:53:57,930 [main] INFO  http.HttpServer2 (HttpServer2.java:addGlobalFilter(1031)) - Added global filter 'safety' (class=org.apache.hadoop.hdds.server.http.HttpServer2$QuotingInputFilter)
2023-09-07 08:53:57,931 [main] INFO  http.HttpServer2 (HttpServer2.java:addFilter(1007)) - Added filter static_user_filter (class=org.apache.hadoop.http.lib.StaticUserWebFilter$StaticUserFilter) to context ozoneManager
2023-09-07 08:53:57,932 [main] INFO  http.HttpServer2 (HttpServer2.java:addFilter(1015)) - Added filter static_user_filter (class=org.apache.hadoop.http.lib.StaticUserWebFilter$StaticUserFilter) to context logs
2023-09-07 08:53:57,932 [main] INFO  http.HttpServer2 (HttpServer2.java:addFilter(1015)) - Added filter static_user_filter (class=org.apache.hadoop.http.lib.StaticUserWebFilter$StaticUserFilter) to context static
2023-09-07 08:53:57,933 [main] INFO  http.BaseHttpServer (BaseHttpServer.java:<init>(189)) - HTTP server of ozoneManager uses base directory /home/runner/work/ozone/ozone/hadoop-ozone/integration-test/target/test-dir/MiniOzoneClusterImpl-ca08a916-3927-468c-b731-1edf5636b3eb/ozone-meta/webserver
2023-09-07 08:53:57,933 [main] INFO  http.HttpServer2 (HttpServer2.java:bindListener(1231)) - Jetty bound to port 15058
2023-09-07 08:53:57,933 [main] INFO  server.Server (Server.java:doStart(375)) - jetty-9.4.51.v20230217; built: 2023-02-17T08:19:37.309Z; git: b45c405e4544384de066f814ed42ae3dceacdd49; jvm 1.8.0_382-b05
2023-09-07 08:53:57,937 [main] INFO  server.session (DefaultSessionIdManager.java:doStart(334)) - DefaultSessionIdManager workerName=node0
2023-09-07 08:53:57,938 [main] INFO  server.session (DefaultSessionIdManager.java:doStart(339)) - No SessionScavenger set, using defaults
2023-09-07 08:53:57,938 [main] INFO  server.session (HouseKeeper.java:startScavenging(132)) - node0 Scavenging every 660000ms
2023-09-07 08:53:57,939 [main] INFO  handler.ContextHandler (ContextHandler.java:doStart(921)) - Started o.e.j.s.ServletContextHandler@458037d9{logs,/logs,file:///home/runner/work/ozone/ozone/hadoop-ozone/integration-test/target/log,AVAILABLE}
2023-09-07 08:53:57,939 [main] INFO  handler.ContextHandler (ContextHandler.java:doStart(921)) - Started o.e.j.s.ServletContextHandler@655f1104{static,/static,file:///home/runner/work/ozone/ozone/hadoop-ozone/integration-test/target/test-classes/webapps/static,AVAILABLE}
2023-09-07 08:53:57,946 [main] INFO  handler.ContextHandler (ContextHandler.java:doStart(921)) - Started o.e.j.w.WebAppContext@d053e0f{ozoneManager,/,file:///home/runner/work/ozone/ozone/hadoop-ozone/integration-test/target/test-classes/webapps/ozoneManager/,AVAILABLE}{file:/home/runner/work/ozone/ozone/hadoop-ozone/integration-test/target/test-classes/webapps/ozoneManager}
2023-09-07 08:53:57,951 [main] INFO  server.AbstractConnector (AbstractConnector.java:doStart(333)) - Started ServerConnector@7b7e2ddc{HTTP/1.1, (http/1.1)}{0.0.0.0:15058}
2023-09-07 08:53:57,951 [main] INFO  server.Server (Server.java:doStart(415)) - Started @128291ms
2023-09-07 08:53:57,952 [main] WARN  impl.MetricsSystemImpl (MetricsSystemImpl.java:register(279)) - Sink prometheus already exists!
2023-09-07 08:53:57,952 [main] INFO  http.BaseHttpServer (BaseHttpServer.java:updateConnectorAddress(354)) - HTTP server of ozoneManager listening at http://0.0.0.0:15058
2023-09-07 08:53:57,953 [IPC Server Responder] INFO  ipc.Server (Server.java:run(1562)) - IPC Server Responder: starting
2023-09-07 08:53:57,955 [IPC Server listener on 15057] INFO  ipc.Server (Server.java:run(1402)) - IPC Server listener on 15057: starting
2023-09-07 08:53:57,962 [main] INFO  om.TrashPolicyOzone (TrashPolicyOzone.java:<init>(277)) - Ozone Manager trash configuration: Deletion interval = 0 minutes, Emptier interval = 0 minutes.
2023-09-07 08:53:57,973 [JvmPauseMonitor8] INFO  util.JvmPauseMonitor (JvmPauseMonitor.java:run(103)) - JvmPauseMonitor-028137b3-e053-4091-ad4d-0385fb8d34df: Started
2023-09-07 08:53:58,000 [main] INFO  impl.MetricsSystemImpl (MetricsSystemImpl.java:init(158)) - HddsDatanode metrics system started (again)
2023-09-07 08:53:58,016 [main] INFO  ozone.HddsDatanodeService (HddsDatanodeService.java:start(237)) - HddsDatanodeService host:fv-az793-921.vth4h2cvs0culokhaokvhxz15b.jx.internal.cloudapp.net ip:10.1.0.48
2023-09-07 08:53:58,049 [main] INFO  upgrade.AbstractLayoutVersionManager (AbstractLayoutVersionManager.java:init(83)) - Initializing Layout version manager with metadata layout = HADOOP_PRC_PORTS_IN_DATANODEDETAILS (version = 7), software layout = HADOOP_PRC_PORTS_IN_DATANODEDETAILS (version = 7)
2023-09-07 08:53:58,051 [main] INFO  statemachine.DatanodeStateMachine (DatanodeStateMachine.java:getEndPointTaskThreadPoolSize(282)) - Datanode State Machine Task Thread Pool size 2
2023-09-07 08:53:58,057 [main] INFO  volume.HddsVolume (HddsVolume.java:<init>(126)) - Creating HddsVolume: /home/runner/work/ozone/ozone/hadoop-ozone/integration-test/target/test-dir/MiniOzoneClusterImpl-ca08a916-3927-468c-b731-1edf5636b3eb/datanode-0/data-0/containers/hdds of storage type : DISK capacity : 9223372036854775807
2023-09-07 08:53:58,057 [main] INFO  volume.MutableVolumeSet (MutableVolumeSet.java:initializeVolumeSet(173)) - Added Volume : /home/runner/work/ozone/ozone/hadoop-ozone/integration-test/target/test-dir/MiniOzoneClusterImpl-ca08a916-3927-468c-b731-1edf5636b3eb/datanode-0/data-0/containers/hdds to VolumeSet
2023-09-07 08:53:58,060 [main] INFO  volume.MutableVolumeSet (MutableVolumeSet.java:initializeVolumeSet(173)) - Added Volume : /home/runner/work/ozone/ozone/hadoop-ozone/integration-test/target/test-dir/MiniOzoneClusterImpl-ca08a916-3927-468c-b731-1edf5636b3eb/datanode-0/data/ratis to VolumeSet
2023-09-07 08:53:58,064 [Thread-794] INFO  ozoneimpl.ContainerReader (ContainerReader.java:readVolume(177)) - Finish verifying containers on volume /home/runner/work/ozone/ozone/hadoop-ozone/integration-test/target/test-dir/MiniOzoneClusterImpl-ca08a916-3927-468c-b731-1edf5636b3eb/datanode-0/data-0/containers/hdds
2023-09-07 08:53:58,064 [main] INFO  ozoneimpl.OzoneContainer (OzoneContainer.java:buildContainerSet(314)) - Build ContainerSet costs 0s
2023-09-07 08:53:58,070 [main] INFO  server.RaftServer (ConfUtils.java:logGet(46)) - raft.rpc.type = GRPC (default)
2023-09-07 08:53:58,070 [main] INFO  grpc.GrpcConfigKeys (ConfUtils.java:logFallback(53)) - raft.grpc.admin.host = null (fallback to raft.grpc.server.host)
2023-09-07 08:53:58,070 [main] INFO  grpc.GrpcConfigKeys (ConfUtils.java:logGet(46)) - raft.grpc.admin.port = 15066 (custom)
2023-09-07 08:53:58,071 [main] INFO  grpc.GrpcConfigKeys (ConfUtils.java:logFallback(53)) - raft.grpc.client.host = null (fallback to raft.grpc.server.host)
2023-09-07 08:53:58,071 [main] INFO  grpc.GrpcConfigKeys (ConfUtils.java:logGet(46)) - raft.grpc.client.port = 15065 (custom)
2023-09-07 08:53:58,071 [main] INFO  grpc.GrpcConfigKeys (ConfUtils.java:logGet(46)) - raft.grpc.server.host = null (default)
2023-09-07 08:53:58,071 [main] INFO  grpc.GrpcConfigKeys (ConfUtils.java:logGet(46)) - raft.grpc.server.port = 15067 (custom)
2023-09-07 08:53:58,071 [main] INFO  server.GrpcService (ConfUtils.java:logGet(46)) - raft.grpc.message.size.max = 32MB (=33554432) (custom)
2023-09-07 08:53:58,072 [main] INFO  server.RaftServerConfigKeys (ConfUtils.java:logGet(46)) - raft.server.log.appender.buffer.byte-limit = 33554432 (custom)
2023-09-07 08:53:58,072 [main] INFO  server.GrpcService (ConfUtils.java:logGet(46)) - raft.grpc.flow.control.window = 5MB (=5242880) (custom)
2023-09-07 08:53:58,072 [main] INFO  server.RaftServerConfigKeys (ConfUtils.java:logGet(46)) - raft.server.rpc.request.timeout = 60s (custom)
2023-09-07 08:53:58,073 [main] INFO  grpc.GrpcConfigKeys (ConfUtils.java:logGet(46)) - raft.grpc.server.heartbeat.channel = true (default)
2023-09-07 08:53:58,073 [main] INFO  grpc.GrpcConfigKeys (ConfUtils.java:logGet(46)) - raft.grpc.server.async.request.thread.pool.cached = true (default)
2023-09-07 08:53:58,073 [main] INFO  grpc.GrpcConfigKeys (ConfUtils.java:logGet(46)) - raft.grpc.server.async.request.thread.pool.size = 32 (default)
2023-09-07 08:53:58,076 [main] INFO  impl.DataStreamServerImpl (ConfUtils.java:logGet(46)) - raft.datastream.type = NETTY (custom)
2023-09-07 08:53:58,078 [main] INFO  server.RaftServerConfigKeys (ConfUtils.java:logGet(46)) - raft.server.data-stream.async.request.thread.pool.cached = false (default)
2023-09-07 08:53:58,078 [main] INFO  server.RaftServerConfigKeys (ConfUtils.java:logGet(46)) - raft.server.data-stream.async.request.thread.pool.size = 20 (custom)
2023-09-07 08:53:58,078 [main] INFO  server.RaftServerConfigKeys (ConfUtils.java:logGet(46)) - raft.server.data-stream.async.write.thread.pool.size = 16 (default)
2023-09-07 08:53:58,078 [main] INFO  server.RaftServerConfigKeys (ConfUtils.java:logGet(46)) - raft.server.data-stream.client.pool.size = 10 (default)
2023-09-07 08:53:58,078 [main] INFO  netty.NettyConfigKeys$DataStream (ConfUtils.java:logGet(46)) - raft.netty.dataStream.server.use-epoll = false (default)
2023-09-07 08:53:58,078 [main] INFO  netty.NettyConfigKeys$DataStream (ConfUtils.java:logGet(46)) - raft.netty.dataStream.server.boss-group.size = 0 (default)
2023-09-07 08:53:58,079 [main] INFO  netty.NettyConfigKeys$DataStream (ConfUtils.java:logGet(46)) - raft.netty.dataStream.server.worker-group.size = 0 (default)
2023-09-07 08:53:58,079 [main] INFO  netty.NettyConfigKeys$DataStream (ConfUtils.java:logGet(46)) - raft.netty.dataStream.server.tls.conf = null (default)
2023-09-07 08:53:58,080 [main] INFO  netty.NettyConfigKeys$DataStream (ConfUtils.java:logGet(46)) - raft.netty.dataStream.host = null (default)
2023-09-07 08:53:58,080 [main] INFO  netty.NettyConfigKeys$DataStream (ConfUtils.java:logGet(46)) - raft.netty.dataStream.port = 15068 (custom)
2023-09-07 08:53:58,080 [main] INFO  server.RaftServerConfigKeys (ConfUtils.java:logGet(46)) - raft.server.threadpool.proxy.cached = true (default)
2023-09-07 08:53:58,081 [main] INFO  server.RaftServerConfigKeys (ConfUtils.java:logGet(46)) - raft.server.threadpool.proxy.size = 0 (default)
2023-09-07 08:53:58,081 [main] INFO  server.RaftServerConfigKeys (ConfUtils.java:logGet(46)) - raft.server.rpc.slowness.timeout = 300s (custom)
2023-09-07 08:53:58,081 [main] INFO  server.RaftServerConfigKeys (ConfUtils.java:logGet(46)) - raft.server.leaderelection.leader.step-down.wait-time = 10s (default)
2023-09-07 08:53:58,081 [main] INFO  server.RaftServerConfigKeys (ConfUtils.java:logGet(46)) - raft.server.storage.dir = [/home/runner/work/ozone/ozone/hadoop-ozone/integration-test/target/test-dir/MiniOzoneClusterImpl-ca08a916-3927-468c-b731-1edf5636b3eb/datanode-0/data/ratis] (custom)
2023-09-07 08:53:58,082 [631d0543-e884-417b-8085-5eab660cf7c0-NettyServerStreamRpc-bossGroup--thread1] INFO  logging.LoggingHandler (AbstractInternalLogger.java:log(148)) - [id: 0x02709ab4] REGISTERED
2023-09-07 08:53:58,082 [631d0543-e884-417b-8085-5eab660cf7c0-impl-thread1] INFO  server.RaftServer (RaftServerProxy.java:initGroupDir(258)) - 631d0543-e884-417b-8085-5eab660cf7c0: found a subdirectory /home/runner/work/ozone/ozone/hadoop-ozone/integration-test/target/test-dir/MiniOzoneClusterImpl-ca08a916-3927-468c-b731-1edf5636b3eb/datanode-0/data/ratis/tmp
2023-09-07 08:53:58,082 [631d0543-e884-417b-8085-5eab660cf7c0-impl-thread1] INFO  server.RaftServer (RaftServerProxy.java:initGroupDir(263)) - 631d0543-e884-417b-8085-5eab660cf7c0: The directory /home/runner/work/ozone/ozone/hadoop-ozone/integration-test/target/test-dir/MiniOzoneClusterImpl-ca08a916-3927-468c-b731-1edf5636b3eb/datanode-0/data/ratis/tmp is not a group directory; ignoring it. 
2023-09-07 08:53:58,082 [631d0543-e884-417b-8085-5eab660cf7c0-NettyServerStreamRpc-bossGroup--thread1] INFO  logging.LoggingHandler (AbstractInternalLogger.java:log(148)) - [id: 0x02709ab4] BIND: 0.0.0.0/0.0.0.0:15068
2023-09-07 08:53:58,082 [631d0543-e884-417b-8085-5eab660cf7c0-NettyServerStreamRpc-bossGroup--thread1] INFO  logging.LoggingHandler (AbstractInternalLogger.java:log(148)) - [id: 0x02709ab4, L:/0:0:0:0:0:0:0:0:15068] ACTIVE
2023-09-07 08:53:58,082 [main] INFO  replication.ReplicationServer (ReplicationServer.java:<init>(81)) - Initializing replication server with thread count = 10
2023-09-07 08:53:58,083 [main] INFO  server.XceiverServerGrpc (XceiverServerGrpc.java:<init>(132)) - GrpcServer channel type EpollServerSocketChannel
2023-09-07 08:53:58,085 [main] INFO  replication.ReplicationSupervisor (ReplicationSupervisor.java:build(155)) - Initializing replication supervisor with thread count = 10
2023-09-07 08:53:58,086 [main] INFO  replication.ReplicationSupervisor (ReplicationSupervisor.java:nodeStateUpdated(307)) - Node state updated to IN_SERVICE, scaling executor pool size to 10
2023-09-07 08:53:58,094 [main] INFO  http.BaseHttpServer (BaseHttpServer.java:newHttpServer2BuilderForOzone(223)) - Starting Web-server for hddsDatanode at: http://0.0.0.0:15062
2023-09-07 08:53:58,094 [main] INFO  http.BaseHttpServer (BaseHttpServer.java:<init>(110)) - Hadoop Security Enabled: false Ozone Security Enabled: false Ozone HTTP Security Enabled: false 
2023-09-07 08:53:58,095 [main] WARN  server.AuthenticationFilter (AuthenticationFilter.java:constructSecretProvider(240)) - Unable to initialize FileSignerSecretProvider, falling back to use random secrets. Reason: Could not read signature secret file: /home/runner/hadoop-http-auth-signature-secret
2023-09-07 08:53:58,097 [main] INFO  http.HttpRequestLog (HttpRequestLog.java:getRequestLog(86)) - Http request log for http.requests.hddsDatanode is not defined
2023-09-07 08:53:58,099 [main] INFO  http.HttpServer2 (HttpServer2.java:addGlobalFilter(1031)) - Added global filter 'safety' (class=org.apache.hadoop.hdds.server.http.HttpServer2$QuotingInputFilter)
2023-09-07 08:53:58,100 [main] INFO  http.HttpServer2 (HttpServer2.java:addFilter(1007)) - Added filter static_user_filter (class=org.apache.hadoop.http.lib.StaticUserWebFilter$StaticUserFilter) to context hddsDatanode
2023-09-07 08:53:58,100 [main] INFO  http.HttpServer2 (HttpServer2.java:addFilter(1015)) - Added filter static_user_filter (class=org.apache.hadoop.http.lib.StaticUserWebFilter$StaticUserFilter) to context logs
2023-09-07 08:53:58,100 [main] INFO  http.HttpServer2 (HttpServer2.java:addFilter(1015)) - Added filter static_user_filter (class=org.apache.hadoop.http.lib.StaticUserWebFilter$StaticUserFilter) to context static
2023-09-07 08:53:58,101 [main] INFO  http.BaseHttpServer (BaseHttpServer.java:<init>(189)) - HTTP server of hddsDatanode uses base directory /home/runner/work/ozone/ozone/hadoop-ozone/integration-test/target/test-dir/MiniOzoneClusterImpl-ca08a916-3927-468c-b731-1edf5636b3eb/datanode-0/meta/webserver
2023-09-07 08:53:58,101 [main] INFO  http.HttpServer2 (HttpServer2.java:bindListener(1231)) - Jetty bound to port 15062
2023-09-07 08:53:58,102 [main] INFO  server.Server (Server.java:doStart(375)) - jetty-9.4.51.v20230217; built: 2023-02-17T08:19:37.309Z; git: b45c405e4544384de066f814ed42ae3dceacdd49; jvm 1.8.0_382-b05
2023-09-07 08:53:58,105 [main] INFO  server.session (DefaultSessionIdManager.java:doStart(334)) - DefaultSessionIdManager workerName=node0
2023-09-07 08:53:58,105 [main] INFO  server.session (DefaultSessionIdManager.java:doStart(339)) - No SessionScavenger set, using defaults
2023-09-07 08:53:58,105 [main] INFO  server.session (HouseKeeper.java:startScavenging(132)) - node0 Scavenging every 600000ms
2023-09-07 08:53:58,106 [main] INFO  handler.ContextHandler (ContextHandler.java:doStart(921)) - Started o.e.j.s.ServletContextHandler@6ff43a85{logs,/logs,file:///home/runner/work/ozone/ozone/hadoop-ozone/integration-test/target/log,AVAILABLE}
2023-09-07 08:53:58,107 [main] INFO  handler.ContextHandler (ContextHandler.java:doStart(921)) - Started o.e.j.s.ServletContextHandler@75c84f34{static,/static,jar:file:/home/runner/.m2/repository/org/apache/ozone/hdds-container-service/1.4.0-SNAPSHOT/hdds-container-service-1.4.0-SNAPSHOT.jar!/webapps/static,AVAILABLE}
2023-09-07 08:53:58,368 [main] INFO  handler.ContextHandler (ContextHandler.java:doStart(921)) - Started o.e.j.w.WebAppContext@f6b6616{hddsDatanode,/,file:///home/runner/work/ozone/ozone/hadoop-ozone/integration-test/target/test-dir/MiniOzoneClusterImpl-ca08a916-3927-468c-b731-1edf5636b3eb/datanode-0/meta/webserver/jetty-0_0_0_0-15062-hdds-container-service-1_4_0-SNAPSHOT_jar-_-any-6416155997508058699/webapp/,AVAILABLE}{jar:file:/home/runner/.m2/repository/org/apache/ozone/hdds-container-service/1.4.0-SNAPSHOT/hdds-container-service-1.4.0-SNAPSHOT.jar!/webapps/hddsDatanode}
2023-09-07 08:53:58,370 [main] INFO  server.AbstractConnector (AbstractConnector.java:doStart(333)) - Started ServerConnector@c335f37{HTTP/1.1, (http/1.1)}{0.0.0.0:15062}
2023-09-07 08:53:58,371 [main] INFO  server.Server (Server.java:doStart(415)) - Started @128711ms
2023-09-07 08:53:58,372 [main] WARN  impl.MetricsSystemImpl (MetricsSystemImpl.java:register(279)) - Sink prometheus already exists!
2023-09-07 08:53:58,372 [main] INFO  http.BaseHttpServer (BaseHttpServer.java:updateConnectorAddress(354)) - HTTP server of hddsDatanode listening at http://0.0.0.0:15062
2023-09-07 08:53:58,373 [main] INFO  ipc.CallQueueManager (CallQueueManager.java:<init>(90)) - Using callQueue: class java.util.concurrent.LinkedBlockingQueue, queueCapacity: 100, scheduler: class org.apache.hadoop.ipc.DefaultRpcScheduler, ipcBackoff: false.
2023-09-07 08:53:58,375 [main] INFO  ipc.Server (Server.java:<init>(1287)) - Listener at 0.0.0.0:15063
2023-09-07 08:53:58,376 [Socket Reader #1 for port 15063] INFO  ipc.Server (Server.java:run(1323)) - Starting Socket Reader #1 for port 15063
2023-09-07 08:53:58,382 [main] INFO  ozone.HddsDatanodeService (HddsDatanodeService.java:start(315)) - Datanode start with admins: [runner]
2023-09-07 08:53:58,382 [main] INFO  ozone.HddsDatanodeClientProtocolServer (HddsDatanodeClientProtocolServer.java:start(72)) - RPC server for Client /0.0.0.0:15063
2023-09-07 08:53:58,383 [IPC Server listener on 15063] INFO  ipc.Server (Server.java:run(1402)) - IPC Server listener on 15063: starting
2023-09-07 08:53:58,383 [IPC Server Responder] INFO  ipc.Server (Server.java:run(1562)) - IPC Server Responder: starting
2023-09-07 08:53:58,390 [main] WARN  impl.MetricRegistriesImpl (MetricRegistriesImpl.java:addReporterRegistration(111)) - New reporters are added after registries were created. Some metrics will be missing from the reporter. Please add reporter before adding any new registry.
2023-09-07 08:53:58,390 [main] WARN  impl.MetricRegistriesImpl (MetricRegistriesImpl.java:addReporterRegistration(111)) - New reporters are added after registries were created. Some metrics will be missing from the reporter. Please add reporter before adding any new registry.
2023-09-07 08:53:58,390 [main] INFO  impl.MetricsSystemImpl (MetricsSystemImpl.java:init(158)) - HddsDatanode metrics system started (again)
2023-09-07 08:53:58,393 [Datanode State Machine Daemon Thread] INFO  statemachine.DatanodeStateMachine (DatanodeStateMachine.java:lambda$startDaemon$0(538)) - Ozone container server started.
2023-09-07 08:53:58,423 [main] INFO  ozone.HddsDatanodeService (HddsDatanodeService.java:start(237)) - HddsDatanodeService host:fv-az793-921.vth4h2cvs0culokhaokvhxz15b.jx.internal.cloudapp.net ip:10.1.0.48
2023-09-07 08:53:58,434 [Datanode State Machine Task Thread - 0] INFO  datanode.InitDatanodeState (InitDatanodeState.java:persistContainerDatanodeDetails(138)) - DatanodeDetails is persisted to /home/runner/work/ozone/ozone/hadoop-ozone/integration-test/target/test-dir/MiniOzoneClusterImpl-ca08a916-3927-468c-b731-1edf5636b3eb/datanode-0/meta/datanode.id
2023-09-07 08:53:58,483 [main] INFO  upgrade.AbstractLayoutVersionManager (AbstractLayoutVersionManager.java:init(83)) - Initializing Layout version manager with metadata layout = HADOOP_PRC_PORTS_IN_DATANODEDETAILS (version = 7), software layout = HADOOP_PRC_PORTS_IN_DATANODEDETAILS (version = 7)
2023-09-07 08:53:58,484 [main] INFO  statemachine.DatanodeStateMachine (DatanodeStateMachine.java:getEndPointTaskThreadPoolSize(282)) - Datanode State Machine Task Thread Pool size 2
2023-09-07 08:53:58,485 [main] INFO  volume.HddsVolume (HddsVolume.java:<init>(126)) - Creating HddsVolume: /home/runner/work/ozone/ozone/hadoop-ozone/integration-test/target/test-dir/MiniOzoneClusterImpl-ca08a916-3927-468c-b731-1edf5636b3eb/datanode-1/data-0/containers/hdds of storage type : DISK capacity : 9223372036854775807
2023-09-07 08:53:58,486 [main] INFO  volume.MutableVolumeSet (MutableVolumeSet.java:initializeVolumeSet(173)) - Added Volume : /home/runner/work/ozone/ozone/hadoop-ozone/integration-test/target/test-dir/MiniOzoneClusterImpl-ca08a916-3927-468c-b731-1edf5636b3eb/datanode-1/data-0/containers/hdds to VolumeSet
2023-09-07 08:53:58,488 [main] INFO  volume.MutableVolumeSet (MutableVolumeSet.java:initializeVolumeSet(173)) - Added Volume : /home/runner/work/ozone/ozone/hadoop-ozone/integration-test/target/test-dir/MiniOzoneClusterImpl-ca08a916-3927-468c-b731-1edf5636b3eb/datanode-1/data/ratis to VolumeSet
2023-09-07 08:53:58,489 [Thread-811] INFO  ozoneimpl.ContainerReader (ContainerReader.java:readVolume(177)) - Finish verifying containers on volume /home/runner/work/ozone/ozone/hadoop-ozone/integration-test/target/test-dir/MiniOzoneClusterImpl-ca08a916-3927-468c-b731-1edf5636b3eb/datanode-1/data-0/containers/hdds
2023-09-07 08:53:58,489 [main] INFO  ozoneimpl.OzoneContainer (OzoneContainer.java:buildContainerSet(314)) - Build ContainerSet costs 0s
2023-09-07 08:53:58,495 [main] INFO  server.RaftServer (ConfUtils.java:logGet(46)) - raft.rpc.type = GRPC (default)
2023-09-07 08:53:58,496 [main] INFO  grpc.GrpcConfigKeys (ConfUtils.java:logFallback(53)) - raft.grpc.admin.host = null (fallback to raft.grpc.server.host)
2023-09-07 08:53:58,497 [main] INFO  grpc.GrpcConfigKeys (ConfUtils.java:logGet(46)) - raft.grpc.admin.port = 15075 (custom)
2023-09-07 08:53:58,498 [main] INFO  grpc.GrpcConfigKeys (ConfUtils.java:logFallback(53)) - raft.grpc.client.host = null (fallback to raft.grpc.server.host)
2023-09-07 08:53:58,498 [main] INFO  grpc.GrpcConfigKeys (ConfUtils.java:logGet(46)) - raft.grpc.client.port = 15074 (custom)
2023-09-07 08:53:58,498 [main] INFO  grpc.GrpcConfigKeys (ConfUtils.java:logGet(46)) - raft.grpc.server.host = null (default)
2023-09-07 08:53:58,498 [main] INFO  grpc.GrpcConfigKeys (ConfUtils.java:logGet(46)) - raft.grpc.server.port = 15076 (custom)
2023-09-07 08:53:58,499 [main] INFO  server.GrpcService (ConfUtils.java:logGet(46)) - raft.grpc.message.size.max = 32MB (=33554432) (custom)
2023-09-07 08:53:58,499 [main] INFO  server.RaftServerConfigKeys (ConfUtils.java:logGet(46)) - raft.server.log.appender.buffer.byte-limit = 33554432 (custom)
2023-09-07 08:53:58,499 [main] INFO  server.GrpcService (ConfUtils.java:logGet(46)) - raft.grpc.flow.control.window = 5MB (=5242880) (custom)
2023-09-07 08:53:58,499 [main] INFO  server.RaftServerConfigKeys (ConfUtils.java:logGet(46)) - raft.server.rpc.request.timeout = 60s (custom)
2023-09-07 08:53:58,499 [main] INFO  grpc.GrpcConfigKeys (ConfUtils.java:logGet(46)) - raft.grpc.server.heartbeat.channel = true (default)
2023-09-07 08:53:58,499 [main] INFO  grpc.GrpcConfigKeys (ConfUtils.java:logGet(46)) - raft.grpc.server.async.request.thread.pool.cached = true (default)
2023-09-07 08:53:58,500 [main] INFO  grpc.GrpcConfigKeys (ConfUtils.java:logGet(46)) - raft.grpc.server.async.request.thread.pool.size = 32 (default)
2023-09-07 08:53:58,504 [main] INFO  impl.DataStreamServerImpl (ConfUtils.java:logGet(46)) - raft.datastream.type = NETTY (custom)
2023-09-07 08:53:58,505 [main] INFO  server.RaftServerConfigKeys (ConfUtils.java:logGet(46)) - raft.server.data-stream.async.request.thread.pool.cached = false (default)
2023-09-07 08:53:58,506 [main] INFO  server.RaftServerConfigKeys (ConfUtils.java:logGet(46)) - raft.server.data-stream.async.request.thread.pool.size = 20 (custom)
2023-09-07 08:53:58,506 [main] INFO  server.RaftServerConfigKeys (ConfUtils.java:logGet(46)) - raft.server.data-stream.async.write.thread.pool.size = 16 (default)
2023-09-07 08:53:58,506 [main] INFO  server.RaftServerConfigKeys (ConfUtils.java:logGet(46)) - raft.server.data-stream.client.pool.size = 10 (default)
2023-09-07 08:53:58,506 [main] INFO  netty.NettyConfigKeys$DataStream (ConfUtils.java:logGet(46)) - raft.netty.dataStream.server.use-epoll = false (default)
2023-09-07 08:53:58,506 [main] INFO  netty.NettyConfigKeys$DataStream (ConfUtils.java:logGet(46)) - raft.netty.dataStream.server.boss-group.size = 0 (default)
2023-09-07 08:53:58,507 [main] INFO  netty.NettyConfigKeys$DataStream (ConfUtils.java:logGet(46)) - raft.netty.dataStream.server.worker-group.size = 0 (default)
2023-09-07 08:53:58,508 [main] INFO  netty.NettyConfigKeys$DataStream (ConfUtils.java:logGet(46)) - raft.netty.dataStream.server.tls.conf = null (default)
2023-09-07 08:53:58,508 [main] INFO  netty.NettyConfigKeys$DataStream (ConfUtils.java:logGet(46)) - raft.netty.dataStream.host = null (default)
2023-09-07 08:53:58,508 [main] INFO  netty.NettyConfigKeys$DataStream (ConfUtils.java:logGet(46)) - raft.netty.dataStream.port = 15077 (custom)
2023-09-07 08:53:58,509 [main] INFO  server.RaftServerConfigKeys (ConfUtils.java:logGet(46)) - raft.server.threadpool.proxy.cached = true (default)
2023-09-07 08:53:58,509 [main] INFO  server.RaftServerConfigKeys (ConfUtils.java:logGet(46)) - raft.server.threadpool.proxy.size = 0 (default)
2023-09-07 08:53:58,510 [main] INFO  server.RaftServerConfigKeys (ConfUtils.java:logGet(46)) - raft.server.rpc.slowness.timeout = 300s (custom)
2023-09-07 08:53:58,510 [main] INFO  server.RaftServerConfigKeys (ConfUtils.java:logGet(46)) - raft.server.leaderelection.leader.step-down.wait-time = 10s (default)
2023-09-07 08:53:58,510 [main] INFO  server.RaftServerConfigKeys (ConfUtils.java:logGet(46)) - raft.server.storage.dir = [/home/runner/work/ozone/ozone/hadoop-ozone/integration-test/target/test-dir/MiniOzoneClusterImpl-ca08a916-3927-468c-b731-1edf5636b3eb/datanode-1/data/ratis] (custom)
2023-09-07 08:53:58,511 [bb55b568-9515-4c72-9e9b-b757ab502a4b-impl-thread1] INFO  server.RaftServer (RaftServerProxy.java:initGroupDir(258)) - bb55b568-9515-4c72-9e9b-b757ab502a4b: found a subdirectory /home/runner/work/ozone/ozone/hadoop-ozone/integration-test/target/test-dir/MiniOzoneClusterImpl-ca08a916-3927-468c-b731-1edf5636b3eb/datanode-1/data/ratis/tmp
2023-09-07 08:53:58,511 [bb55b568-9515-4c72-9e9b-b757ab502a4b-NettyServerStreamRpc-bossGroup--thread1] INFO  logging.LoggingHandler (AbstractInternalLogger.java:log(148)) - [id: 0x44ef79f6] REGISTERED
2023-09-07 08:53:58,511 [bb55b568-9515-4c72-9e9b-b757ab502a4b-impl-thread1] INFO  server.RaftServer (RaftServerProxy.java:initGroupDir(263)) - bb55b568-9515-4c72-9e9b-b757ab502a4b: The directory /home/runner/work/ozone/ozone/hadoop-ozone/integration-test/target/test-dir/MiniOzoneClusterImpl-ca08a916-3927-468c-b731-1edf5636b3eb/datanode-1/data/ratis/tmp is not a group directory; ignoring it. 
2023-09-07 08:53:58,511 [bb55b568-9515-4c72-9e9b-b757ab502a4b-NettyServerStreamRpc-bossGroup--thread1] INFO  logging.LoggingHandler (AbstractInternalLogger.java:log(148)) - [id: 0x44ef79f6] BIND: 0.0.0.0/0.0.0.0:15077
2023-09-07 08:53:58,511 [main] INFO  replication.ReplicationServer (ReplicationServer.java:<init>(81)) - Initializing replication server with thread count = 10
2023-09-07 08:53:58,511 [bb55b568-9515-4c72-9e9b-b757ab502a4b-NettyServerStreamRpc-bossGroup--thread1] INFO  logging.LoggingHandler (AbstractInternalLogger.java:log(148)) - [id: 0x44ef79f6, L:/0:0:0:0:0:0:0:0:15077] ACTIVE
2023-09-07 08:53:58,513 [main] INFO  server.XceiverServerGrpc (XceiverServerGrpc.java:<init>(132)) - GrpcServer channel type EpollServerSocketChannel
2023-09-07 08:53:58,516 [main] INFO  replication.ReplicationSupervisor (ReplicationSupervisor.java:build(155)) - Initializing replication supervisor with thread count = 10
2023-09-07 08:53:58,516 [main] INFO  replication.ReplicationSupervisor (ReplicationSupervisor.java:nodeStateUpdated(307)) - Node state updated to IN_SERVICE, scaling executor pool size to 10
2023-09-07 08:53:58,519 [main] INFO  http.BaseHttpServer (BaseHttpServer.java:newHttpServer2BuilderForOzone(223)) - Starting Web-server for hddsDatanode at: http://0.0.0.0:15071
2023-09-07 08:53:58,519 [main] INFO  http.BaseHttpServer (BaseHttpServer.java:<init>(110)) - Hadoop Security Enabled: false Ozone Security Enabled: false Ozone HTTP Security Enabled: false 
2023-09-07 08:53:58,521 [main] WARN  server.AuthenticationFilter (AuthenticationFilter.java:constructSecretProvider(240)) - Unable to initialize FileSignerSecretProvider, falling back to use random secrets. Reason: Could not read signature secret file: /home/runner/hadoop-http-auth-signature-secret
2023-09-07 08:53:58,523 [main] INFO  http.HttpRequestLog (HttpRequestLog.java:getRequestLog(86)) - Http request log for http.requests.hddsDatanode is not defined
2023-09-07 08:53:58,524 [main] INFO  http.HttpServer2 (HttpServer2.java:addGlobalFilter(1031)) - Added global filter 'safety' (class=org.apache.hadoop.hdds.server.http.HttpServer2$QuotingInputFilter)
2023-09-07 08:53:58,525 [main] INFO  http.HttpServer2 (HttpServer2.java:addFilter(1007)) - Added filter static_user_filter (class=org.apache.hadoop.http.lib.StaticUserWebFilter$StaticUserFilter) to context hddsDatanode
2023-09-07 08:53:58,525 [main] INFO  http.HttpServer2 (HttpServer2.java:addFilter(1015)) - Added filter static_user_filter (class=org.apache.hadoop.http.lib.StaticUserWebFilter$StaticUserFilter) to context static
2023-09-07 08:53:58,525 [main] INFO  http.HttpServer2 (HttpServer2.java:addFilter(1015)) - Added filter static_user_filter (class=org.apache.hadoop.http.lib.StaticUserWebFilter$StaticUserFilter) to context logs
2023-09-07 08:53:58,526 [main] INFO  http.BaseHttpServer (BaseHttpServer.java:<init>(189)) - HTTP server of hddsDatanode uses base directory /home/runner/work/ozone/ozone/hadoop-ozone/integration-test/target/test-dir/MiniOzoneClusterImpl-ca08a916-3927-468c-b731-1edf5636b3eb/datanode-1/meta/webserver
2023-09-07 08:53:58,526 [main] INFO  http.HttpServer2 (HttpServer2.java:bindListener(1231)) - Jetty bound to port 15071
2023-09-07 08:53:58,526 [main] INFO  server.Server (Server.java:doStart(375)) - jetty-9.4.51.v20230217; built: 2023-02-17T08:19:37.309Z; git: b45c405e4544384de066f814ed42ae3dceacdd49; jvm 1.8.0_382-b05
2023-09-07 08:53:58,528 [main] INFO  server.session (DefaultSessionIdManager.java:doStart(334)) - DefaultSessionIdManager workerName=node0
2023-09-07 08:53:58,529 [main] INFO  server.session (DefaultSessionIdManager.java:doStart(339)) - No SessionScavenger set, using defaults
2023-09-07 08:53:58,529 [main] INFO  server.session (HouseKeeper.java:startScavenging(132)) - node0 Scavenging every 600000ms
2023-09-07 08:53:58,530 [main] INFO  handler.ContextHandler (ContextHandler.java:doStart(921)) - Started o.e.j.s.ServletContextHandler@1f7b4f75{logs,/logs,file:///home/runner/work/ozone/ozone/hadoop-ozone/integration-test/target/log,AVAILABLE}
2023-09-07 08:53:58,531 [main] INFO  handler.ContextHandler (ContextHandler.java:doStart(921)) - Started o.e.j.s.ServletContextHandler@3db36e64{static,/static,jar:file:/home/runner/.m2/repository/org/apache/ozone/hdds-container-service/1.4.0-SNAPSHOT/hdds-container-service-1.4.0-SNAPSHOT.jar!/webapps/static,AVAILABLE}
2023-09-07 08:53:58,783 [main] INFO  handler.ContextHandler (ContextHandler.java:doStart(921)) - Started o.e.j.w.WebAppContext@7ce3021{hddsDatanode,/,file:///home/runner/work/ozone/ozone/hadoop-ozone/integration-test/target/test-dir/MiniOzoneClusterImpl-ca08a916-3927-468c-b731-1edf5636b3eb/datanode-1/meta/webserver/jetty-0_0_0_0-15071-hdds-container-service-1_4_0-SNAPSHOT_jar-_-any-1643259358435940100/webapp/,AVAILABLE}{jar:file:/home/runner/.m2/repository/org/apache/ozone/hdds-container-service/1.4.0-SNAPSHOT/hdds-container-service-1.4.0-SNAPSHOT.jar!/webapps/hddsDatanode}
2023-09-07 08:53:58,785 [main] INFO  server.AbstractConnector (AbstractConnector.java:doStart(333)) - Started ServerConnector@3fbc770d{HTTP/1.1, (http/1.1)}{0.0.0.0:15071}
2023-09-07 08:53:58,785 [main] INFO  server.Server (Server.java:doStart(415)) - Started @129124ms
2023-09-07 08:53:58,785 [main] WARN  impl.MetricsSystemImpl (MetricsSystemImpl.java:register(279)) - Sink prometheus already exists!
2023-09-07 08:53:58,786 [main] INFO  http.BaseHttpServer (BaseHttpServer.java:updateConnectorAddress(354)) - HTTP server of hddsDatanode listening at http://0.0.0.0:15071
2023-09-07 08:53:58,787 [main] INFO  ipc.CallQueueManager (CallQueueManager.java:<init>(90)) - Using callQueue: class java.util.concurrent.LinkedBlockingQueue, queueCapacity: 100, scheduler: class org.apache.hadoop.ipc.DefaultRpcScheduler, ipcBackoff: false.
2023-09-07 08:53:58,787 [main] INFO  ipc.Server (Server.java:<init>(1287)) - Listener at 0.0.0.0:15072
2023-09-07 08:53:58,787 [Socket Reader #1 for port 15072] INFO  ipc.Server (Server.java:run(1323)) - Starting Socket Reader #1 for port 15072
2023-09-07 08:53:58,790 [main] INFO  ozone.HddsDatanodeService (HddsDatanodeService.java:start(315)) - Datanode start with admins: [runner]
2023-09-07 08:53:58,790 [main] INFO  ozone.HddsDatanodeClientProtocolServer (HddsDatanodeClientProtocolServer.java:start(72)) - RPC server for Client /0.0.0.0:15072
2023-09-07 08:53:58,790 [IPC Server Responder] INFO  ipc.Server (Server.java:run(1562)) - IPC Server Responder: starting
2023-09-07 08:53:58,791 [Datanode State Machine Daemon Thread] INFO  statemachine.DatanodeStateMachine (DatanodeStateMachine.java:lambda$startDaemon$0(538)) - Ozone container server started.
2023-09-07 08:53:58,791 [main] WARN  impl.MetricRegistriesImpl (MetricRegistriesImpl.java:addReporterRegistration(111)) - New reporters are added after registries were created. Some metrics will be missing from the reporter. Please add reporter before adding any new registry.
2023-09-07 08:53:58,794 [main] WARN  impl.MetricRegistriesImpl (MetricRegistriesImpl.java:addReporterRegistration(111)) - New reporters are added after registries were created. Some metrics will be missing from the reporter. Please add reporter before adding any new registry.
2023-09-07 08:53:58,794 [main] INFO  impl.MetricsSystemImpl (MetricsSystemImpl.java:init(158)) - HddsDatanode metrics system started (again)
2023-09-07 08:53:58,790 [IPC Server listener on 15072] INFO  ipc.Server (Server.java:run(1402)) - IPC Server listener on 15072: starting
2023-09-07 08:53:58,812 [main] INFO  ozone.HddsDatanodeService (HddsDatanodeService.java:start(237)) - HddsDatanodeService host:fv-az793-921.vth4h2cvs0culokhaokvhxz15b.jx.internal.cloudapp.net ip:10.1.0.48
2023-09-07 08:53:58,815 [Datanode State Machine Task Thread - 0] INFO  datanode.InitDatanodeState (InitDatanodeState.java:persistContainerDatanodeDetails(138)) - DatanodeDetails is persisted to /home/runner/work/ozone/ozone/hadoop-ozone/integration-test/target/test-dir/MiniOzoneClusterImpl-ca08a916-3927-468c-b731-1edf5636b3eb/datanode-1/meta/datanode.id
2023-09-07 08:53:58,848 [main] INFO  upgrade.AbstractLayoutVersionManager (AbstractLayoutVersionManager.java:init(83)) - Initializing Layout version manager with metadata layout = HADOOP_PRC_PORTS_IN_DATANODEDETAILS (version = 7), software layout = HADOOP_PRC_PORTS_IN_DATANODEDETAILS (version = 7)
2023-09-07 08:53:58,854 [main] INFO  statemachine.DatanodeStateMachine (DatanodeStateMachine.java:getEndPointTaskThreadPoolSize(282)) - Datanode State Machine Task Thread Pool size 2
2023-09-07 08:53:58,857 [main] INFO  volume.HddsVolume (HddsVolume.java:<init>(126)) - Creating HddsVolume: /home/runner/work/ozone/ozone/hadoop-ozone/integration-test/target/test-dir/MiniOzoneClusterImpl-ca08a916-3927-468c-b731-1edf5636b3eb/datanode-2/data-0/containers/hdds of storage type : DISK capacity : 9223372036854775807
2023-09-07 08:53:58,858 [main] INFO  volume.MutableVolumeSet (MutableVolumeSet.java:initializeVolumeSet(173)) - Added Volume : /home/runner/work/ozone/ozone/hadoop-ozone/integration-test/target/test-dir/MiniOzoneClusterImpl-ca08a916-3927-468c-b731-1edf5636b3eb/datanode-2/data-0/containers/hdds to VolumeSet
2023-09-07 08:53:58,859 [main] INFO  volume.MutableVolumeSet (MutableVolumeSet.java:initializeVolumeSet(173)) - Added Volume : /home/runner/work/ozone/ozone/hadoop-ozone/integration-test/target/test-dir/MiniOzoneClusterImpl-ca08a916-3927-468c-b731-1edf5636b3eb/datanode-2/data/ratis to VolumeSet
2023-09-07 08:53:58,860 [Thread-828] INFO  ozoneimpl.ContainerReader (ContainerReader.java:readVolume(177)) - Finish verifying containers on volume /home/runner/work/ozone/ozone/hadoop-ozone/integration-test/target/test-dir/MiniOzoneClusterImpl-ca08a916-3927-468c-b731-1edf5636b3eb/datanode-2/data-0/containers/hdds
2023-09-07 08:53:58,861 [main] INFO  ozoneimpl.OzoneContainer (OzoneContainer.java:buildContainerSet(314)) - Build ContainerSet costs 0s
2023-09-07 08:53:58,864 [main] INFO  server.RaftServer (ConfUtils.java:logGet(46)) - raft.rpc.type = GRPC (default)
2023-09-07 08:53:58,865 [main] INFO  grpc.GrpcConfigKeys (ConfUtils.java:logFallback(53)) - raft.grpc.admin.host = null (fallback to raft.grpc.server.host)
2023-09-07 08:53:58,865 [main] INFO  grpc.GrpcConfigKeys (ConfUtils.java:logGet(46)) - raft.grpc.admin.port = 15084 (custom)
2023-09-07 08:53:58,869 [main] INFO  grpc.GrpcConfigKeys (ConfUtils.java:logFallback(53)) - raft.grpc.client.host = null (fallback to raft.grpc.server.host)
2023-09-07 08:53:58,869 [main] INFO  grpc.GrpcConfigKeys (ConfUtils.java:logGet(46)) - raft.grpc.client.port = 15083 (custom)
2023-09-07 08:53:58,869 [main] INFO  grpc.GrpcConfigKeys (ConfUtils.java:logGet(46)) - raft.grpc.server.host = null (default)
2023-09-07 08:53:58,869 [main] INFO  grpc.GrpcConfigKeys (ConfUtils.java:logGet(46)) - raft.grpc.server.port = 15085 (custom)
2023-09-07 08:53:58,869 [main] INFO  server.GrpcService (ConfUtils.java:logGet(46)) - raft.grpc.message.size.max = 32MB (=33554432) (custom)
2023-09-07 08:53:58,870 [main] INFO  server.RaftServerConfigKeys (ConfUtils.java:logGet(46)) - raft.server.log.appender.buffer.byte-limit = 33554432 (custom)
2023-09-07 08:53:58,870 [main] INFO  server.GrpcService (ConfUtils.java:logGet(46)) - raft.grpc.flow.control.window = 5MB (=5242880) (custom)
2023-09-07 08:53:58,870 [main] INFO  server.RaftServerConfigKeys (ConfUtils.java:logGet(46)) - raft.server.rpc.request.timeout = 60s (custom)
2023-09-07 08:53:58,870 [main] INFO  grpc.GrpcConfigKeys (ConfUtils.java:logGet(46)) - raft.grpc.server.heartbeat.channel = true (default)
2023-09-07 08:53:58,870 [main] INFO  grpc.GrpcConfigKeys (ConfUtils.java:logGet(46)) - raft.grpc.server.async.request.thread.pool.cached = true (default)
2023-09-07 08:53:58,870 [main] INFO  grpc.GrpcConfigKeys (ConfUtils.java:logGet(46)) - raft.grpc.server.async.request.thread.pool.size = 32 (default)
2023-09-07 08:53:58,874 [main] INFO  impl.DataStreamServerImpl (ConfUtils.java:logGet(46)) - raft.datastream.type = NETTY (custom)
2023-09-07 08:53:58,875 [main] INFO  server.RaftServerConfigKeys (ConfUtils.java:logGet(46)) - raft.server.data-stream.async.request.thread.pool.cached = false (default)
2023-09-07 08:53:58,876 [main] INFO  server.RaftServerConfigKeys (ConfUtils.java:logGet(46)) - raft.server.data-stream.async.request.thread.pool.size = 20 (custom)
2023-09-07 08:53:58,876 [main] INFO  server.RaftServerConfigKeys (ConfUtils.java:logGet(46)) - raft.server.data-stream.async.write.thread.pool.size = 16 (default)
2023-09-07 08:53:58,876 [main] INFO  server.RaftServerConfigKeys (ConfUtils.java:logGet(46)) - raft.server.data-stream.client.pool.size = 10 (default)
2023-09-07 08:53:58,876 [main] INFO  netty.NettyConfigKeys$DataStream (ConfUtils.java:logGet(46)) - raft.netty.dataStream.server.use-epoll = false (default)
2023-09-07 08:53:58,876 [main] INFO  netty.NettyConfigKeys$DataStream (ConfUtils.java:logGet(46)) - raft.netty.dataStream.server.boss-group.size = 0 (default)
2023-09-07 08:53:58,877 [main] INFO  netty.NettyConfigKeys$DataStream (ConfUtils.java:logGet(46)) - raft.netty.dataStream.server.worker-group.size = 0 (default)
2023-09-07 08:53:58,878 [main] INFO  netty.NettyConfigKeys$DataStream (ConfUtils.java:logGet(46)) - raft.netty.dataStream.server.tls.conf = null (default)
2023-09-07 08:53:58,878 [main] INFO  netty.NettyConfigKeys$DataStream (ConfUtils.java:logGet(46)) - raft.netty.dataStream.host = null (default)
2023-09-07 08:53:58,878 [main] INFO  netty.NettyConfigKeys$DataStream (ConfUtils.java:logGet(46)) - raft.netty.dataStream.port = 15086 (custom)
2023-09-07 08:53:58,880 [main] INFO  server.RaftServerConfigKeys (ConfUtils.java:logGet(46)) - raft.server.threadpool.proxy.cached = true (default)
2023-09-07 08:53:58,880 [main] INFO  server.RaftServerConfigKeys (ConfUtils.java:logGet(46)) - raft.server.threadpool.proxy.size = 0 (default)
2023-09-07 08:53:58,880 [d53ff278-24a5-4154-8938-e562e33f1fe4-NettyServerStreamRpc-bossGroup--thread1] INFO  logging.LoggingHandler (AbstractInternalLogger.java:log(148)) - [id: 0x6d8f33c4] REGISTERED
2023-09-07 08:53:58,880 [main] INFO  server.RaftServerConfigKeys (ConfUtils.java:logGet(46)) - raft.server.rpc.slowness.timeout = 300s (custom)
2023-09-07 08:53:58,881 [d53ff278-24a5-4154-8938-e562e33f1fe4-NettyServerStreamRpc-bossGroup--thread1] INFO  logging.LoggingHandler (AbstractInternalLogger.java:log(148)) - [id: 0x6d8f33c4] BIND: 0.0.0.0/0.0.0.0:15086
2023-09-07 08:53:58,881 [main] INFO  server.RaftServerConfigKeys (ConfUtils.java:logGet(46)) - raft.server.leaderelection.leader.step-down.wait-time = 10s (default)
2023-09-07 08:53:58,881 [d53ff278-24a5-4154-8938-e562e33f1fe4-NettyServerStreamRpc-bossGroup--thread1] INFO  logging.LoggingHandler (AbstractInternalLogger.java:log(148)) - [id: 0x6d8f33c4, L:/0:0:0:0:0:0:0:0:15086] ACTIVE
2023-09-07 08:53:58,881 [main] INFO  server.RaftServerConfigKeys (ConfUtils.java:logGet(46)) - raft.server.storage.dir = [/home/runner/work/ozone/ozone/hadoop-ozone/integration-test/target/test-dir/MiniOzoneClusterImpl-ca08a916-3927-468c-b731-1edf5636b3eb/datanode-2/data/ratis] (custom)
2023-09-07 08:53:58,882 [d53ff278-24a5-4154-8938-e562e33f1fe4-impl-thread1] INFO  server.RaftServer (RaftServerProxy.java:initGroupDir(258)) - d53ff278-24a5-4154-8938-e562e33f1fe4: found a subdirectory /home/runner/work/ozone/ozone/hadoop-ozone/integration-test/target/test-dir/MiniOzoneClusterImpl-ca08a916-3927-468c-b731-1edf5636b3eb/datanode-2/data/ratis/tmp
2023-09-07 08:53:58,882 [d53ff278-24a5-4154-8938-e562e33f1fe4-impl-thread1] INFO  server.RaftServer (RaftServerProxy.java:initGroupDir(263)) - d53ff278-24a5-4154-8938-e562e33f1fe4: The directory /home/runner/work/ozone/ozone/hadoop-ozone/integration-test/target/test-dir/MiniOzoneClusterImpl-ca08a916-3927-468c-b731-1edf5636b3eb/datanode-2/data/ratis/tmp is not a group directory; ignoring it. 
2023-09-07 08:53:58,882 [main] INFO  replication.ReplicationServer (ReplicationServer.java:<init>(81)) - Initializing replication server with thread count = 10
2023-09-07 08:53:58,884 [main] INFO  server.XceiverServerGrpc (XceiverServerGrpc.java:<init>(132)) - GrpcServer channel type EpollServerSocketChannel
2023-09-07 08:53:58,887 [main] INFO  replication.ReplicationSupervisor (ReplicationSupervisor.java:build(155)) - Initializing replication supervisor with thread count = 10
2023-09-07 08:53:58,887 [main] INFO  replication.ReplicationSupervisor (ReplicationSupervisor.java:nodeStateUpdated(307)) - Node state updated to IN_SERVICE, scaling executor pool size to 10
2023-09-07 08:53:58,890 [main] INFO  http.BaseHttpServer (BaseHttpServer.java:newHttpServer2BuilderForOzone(223)) - Starting Web-server for hddsDatanode at: http://0.0.0.0:15080
2023-09-07 08:53:58,890 [main] INFO  http.BaseHttpServer (BaseHttpServer.java:<init>(110)) - Hadoop Security Enabled: false Ozone Security Enabled: false Ozone HTTP Security Enabled: false 
2023-09-07 08:53:58,892 [main] WARN  server.AuthenticationFilter (AuthenticationFilter.java:constructSecretProvider(240)) - Unable to initialize FileSignerSecretProvider, falling back to use random secrets. Reason: Could not read signature secret file: /home/runner/hadoop-http-auth-signature-secret
2023-09-07 08:53:58,892 [main] INFO  http.HttpRequestLog (HttpRequestLog.java:getRequestLog(86)) - Http request log for http.requests.hddsDatanode is not defined
2023-09-07 08:53:58,894 [main] INFO  http.HttpServer2 (HttpServer2.java:addGlobalFilter(1031)) - Added global filter 'safety' (class=org.apache.hadoop.hdds.server.http.HttpServer2$QuotingInputFilter)
2023-09-07 08:53:58,895 [main] INFO  http.HttpServer2 (HttpServer2.java:addFilter(1007)) - Added filter static_user_filter (class=org.apache.hadoop.http.lib.StaticUserWebFilter$StaticUserFilter) to context hddsDatanode
2023-09-07 08:53:58,895 [main] INFO  http.HttpServer2 (HttpServer2.java:addFilter(1015)) - Added filter static_user_filter (class=org.apache.hadoop.http.lib.StaticUserWebFilter$StaticUserFilter) to context logs
2023-09-07 08:53:58,895 [main] INFO  http.HttpServer2 (HttpServer2.java:addFilter(1015)) - Added filter static_user_filter (class=org.apache.hadoop.http.lib.StaticUserWebFilter$StaticUserFilter) to context static
2023-09-07 08:53:58,896 [main] INFO  http.BaseHttpServer (BaseHttpServer.java:<init>(189)) - HTTP server of hddsDatanode uses base directory /home/runner/work/ozone/ozone/hadoop-ozone/integration-test/target/test-dir/MiniOzoneClusterImpl-ca08a916-3927-468c-b731-1edf5636b3eb/datanode-2/meta/webserver
2023-09-07 08:53:58,896 [main] INFO  http.HttpServer2 (HttpServer2.java:bindListener(1231)) - Jetty bound to port 15080
2023-09-07 08:53:58,896 [main] INFO  server.Server (Server.java:doStart(375)) - jetty-9.4.51.v20230217; built: 2023-02-17T08:19:37.309Z; git: b45c405e4544384de066f814ed42ae3dceacdd49; jvm 1.8.0_382-b05
2023-09-07 08:53:58,898 [main] INFO  server.session (DefaultSessionIdManager.java:doStart(334)) - DefaultSessionIdManager workerName=node0
2023-09-07 08:53:58,898 [main] INFO  server.session (DefaultSessionIdManager.java:doStart(339)) - No SessionScavenger set, using defaults
2023-09-07 08:53:58,898 [main] INFO  server.session (HouseKeeper.java:startScavenging(132)) - node0 Scavenging every 660000ms
2023-09-07 08:53:58,899 [main] INFO  handler.ContextHandler (ContextHandler.java:doStart(921)) - Started o.e.j.s.ServletContextHandler@7bac7cfd{logs,/logs,file:///home/runner/work/ozone/ozone/hadoop-ozone/integration-test/target/log,AVAILABLE}
2023-09-07 08:53:58,900 [main] INFO  handler.ContextHandler (ContextHandler.java:doStart(921)) - Started o.e.j.s.ServletContextHandler@2c740de7{static,/static,jar:file:/home/runner/.m2/repository/org/apache/ozone/hdds-container-service/1.4.0-SNAPSHOT/hdds-container-service-1.4.0-SNAPSHOT.jar!/webapps/static,AVAILABLE}
2023-09-07 08:53:59,165 [main] INFO  handler.ContextHandler (ContextHandler.java:doStart(921)) - Started o.e.j.w.WebAppContext@3104aa87{hddsDatanode,/,file:///home/runner/work/ozone/ozone/hadoop-ozone/integration-test/target/test-dir/MiniOzoneClusterImpl-ca08a916-3927-468c-b731-1edf5636b3eb/datanode-2/meta/webserver/jetty-0_0_0_0-15080-hdds-container-service-1_4_0-SNAPSHOT_jar-_-any-4529837700309928912/webapp/,AVAILABLE}{jar:file:/home/runner/.m2/repository/org/apache/ozone/hdds-container-service/1.4.0-SNAPSHOT/hdds-container-service-1.4.0-SNAPSHOT.jar!/webapps/hddsDatanode}
2023-09-07 08:53:59,169 [main] INFO  server.AbstractConnector (AbstractConnector.java:doStart(333)) - Started ServerConnector@2bbb1040{HTTP/1.1, (http/1.1)}{0.0.0.0:15080}
2023-09-07 08:53:59,170 [main] INFO  server.Server (Server.java:doStart(415)) - Started @129509ms
2023-09-07 08:53:59,170 [main] WARN  impl.MetricsSystemImpl (MetricsSystemImpl.java:register(279)) - Sink prometheus already exists!
2023-09-07 08:53:59,172 [main] INFO  http.BaseHttpServer (BaseHttpServer.java:updateConnectorAddress(354)) - HTTP server of hddsDatanode listening at http://0.0.0.0:15080
2023-09-07 08:53:59,175 [main] INFO  ipc.CallQueueManager (CallQueueManager.java:<init>(90)) - Using callQueue: class java.util.concurrent.LinkedBlockingQueue, queueCapacity: 100, scheduler: class org.apache.hadoop.ipc.DefaultRpcScheduler, ipcBackoff: false.
2023-09-07 08:53:59,175 [main] INFO  ipc.Server (Server.java:<init>(1287)) - Listener at 0.0.0.0:15081
2023-09-07 08:53:59,176 [Socket Reader #1 for port 15081] INFO  ipc.Server (Server.java:run(1323)) - Starting Socket Reader #1 for port 15081
2023-09-07 08:53:59,179 [main] INFO  ozone.HddsDatanodeService (HddsDatanodeService.java:start(315)) - Datanode start with admins: [runner]
2023-09-07 08:53:59,180 [main] INFO  ozone.HddsDatanodeClientProtocolServer (HddsDatanodeClientProtocolServer.java:start(72)) - RPC server for Client /0.0.0.0:15081
2023-09-07 08:53:59,181 [IPC Server Responder] INFO  ipc.Server (Server.java:run(1562)) - IPC Server Responder: starting
2023-09-07 08:53:59,182 [Datanode State Machine Daemon Thread] INFO  statemachine.DatanodeStateMachine (DatanodeStateMachine.java:lambda$startDaemon$0(538)) - Ozone container server started.
2023-09-07 08:53:59,182 [main] WARN  impl.MetricRegistriesImpl (MetricRegistriesImpl.java:addReporterRegistration(111)) - New reporters are added after registries were created. Some metrics will be missing from the reporter. Please add reporter before adding any new registry.
2023-09-07 08:53:59,182 [main] WARN  impl.MetricRegistriesImpl (MetricRegistriesImpl.java:addReporterRegistration(111)) - New reporters are added after registries were created. Some metrics will be missing from the reporter. Please add reporter before adding any new registry.
2023-09-07 08:53:59,182 [main] INFO  impl.MetricsSystemImpl (MetricsSystemImpl.java:init(158)) - HddsDatanode metrics system started (again)
2023-09-07 08:53:59,185 [IPC Server listener on 15081] INFO  ipc.Server (Server.java:run(1402)) - IPC Server listener on 15081: starting
2023-09-07 08:53:59,208 [Datanode State Machine Task Thread - 0] INFO  datanode.InitDatanodeState (InitDatanodeState.java:persistContainerDatanodeDetails(138)) - DatanodeDetails is persisted to /home/runner/work/ozone/ozone/hadoop-ozone/integration-test/target/test-dir/MiniOzoneClusterImpl-ca08a916-3927-468c-b731-1edf5636b3eb/datanode-2/meta/datanode.id
2023-09-07 08:53:59,211 [main] INFO  ozone.HddsDatanodeService (HddsDatanodeService.java:start(237)) - HddsDatanodeService host:fv-az793-921.vth4h2cvs0culokhaokvhxz15b.jx.internal.cloudapp.net ip:10.1.0.48
2023-09-07 08:53:59,241 [main] INFO  upgrade.AbstractLayoutVersionManager (AbstractLayoutVersionManager.java:init(83)) - Initializing Layout version manager with metadata layout = HADOOP_PRC_PORTS_IN_DATANODEDETAILS (version = 7), software layout = HADOOP_PRC_PORTS_IN_DATANODEDETAILS (version = 7)
2023-09-07 08:53:59,242 [main] INFO  statemachine.DatanodeStateMachine (DatanodeStateMachine.java:getEndPointTaskThreadPoolSize(282)) - Datanode State Machine Task Thread Pool size 2
2023-09-07 08:53:59,246 [main] INFO  volume.HddsVolume (HddsVolume.java:<init>(126)) - Creating HddsVolume: /home/runner/work/ozone/ozone/hadoop-ozone/integration-test/target/test-dir/MiniOzoneClusterImpl-ca08a916-3927-468c-b731-1edf5636b3eb/datanode-3/data-0/containers/hdds of storage type : DISK capacity : 9223372036854775807
2023-09-07 08:53:59,246 [main] INFO  volume.MutableVolumeSet (MutableVolumeSet.java:initializeVolumeSet(173)) - Added Volume : /home/runner/work/ozone/ozone/hadoop-ozone/integration-test/target/test-dir/MiniOzoneClusterImpl-ca08a916-3927-468c-b731-1edf5636b3eb/datanode-3/data-0/containers/hdds to VolumeSet
2023-09-07 08:53:59,247 [main] INFO  volume.MutableVolumeSet (MutableVolumeSet.java:initializeVolumeSet(173)) - Added Volume : /home/runner/work/ozone/ozone/hadoop-ozone/integration-test/target/test-dir/MiniOzoneClusterImpl-ca08a916-3927-468c-b731-1edf5636b3eb/datanode-3/data/ratis to VolumeSet
2023-09-07 08:53:59,256 [Thread-845] INFO  ozoneimpl.ContainerReader (ContainerReader.java:readVolume(177)) - Finish verifying containers on volume /home/runner/work/ozone/ozone/hadoop-ozone/integration-test/target/test-dir/MiniOzoneClusterImpl-ca08a916-3927-468c-b731-1edf5636b3eb/datanode-3/data-0/containers/hdds
2023-09-07 08:53:59,256 [main] INFO  ozoneimpl.OzoneContainer (OzoneContainer.java:buildContainerSet(314)) - Build ContainerSet costs 0s
2023-09-07 08:53:59,261 [main] INFO  server.RaftServer (ConfUtils.java:logGet(46)) - raft.rpc.type = GRPC (default)
2023-09-07 08:53:59,261 [main] INFO  grpc.GrpcConfigKeys (ConfUtils.java:logFallback(53)) - raft.grpc.admin.host = null (fallback to raft.grpc.server.host)
2023-09-07 08:53:59,262 [main] INFO  grpc.GrpcConfigKeys (ConfUtils.java:logGet(46)) - raft.grpc.admin.port = 15093 (custom)
2023-09-07 08:53:59,262 [main] INFO  grpc.GrpcConfigKeys (ConfUtils.java:logFallback(53)) - raft.grpc.client.host = null (fallback to raft.grpc.server.host)
2023-09-07 08:53:59,262 [main] INFO  grpc.GrpcConfigKeys (ConfUtils.java:logGet(46)) - raft.grpc.client.port = 15092 (custom)
2023-09-07 08:53:59,262 [main] INFO  grpc.GrpcConfigKeys (ConfUtils.java:logGet(46)) - raft.grpc.server.host = null (default)
2023-09-07 08:53:59,262 [main] INFO  grpc.GrpcConfigKeys (ConfUtils.java:logGet(46)) - raft.grpc.server.port = 15094 (custom)
2023-09-07 08:53:59,262 [main] INFO  server.GrpcService (ConfUtils.java:logGet(46)) - raft.grpc.message.size.max = 32MB (=33554432) (custom)
2023-09-07 08:53:59,263 [main] INFO  server.RaftServerConfigKeys (ConfUtils.java:logGet(46)) - raft.server.log.appender.buffer.byte-limit = 33554432 (custom)
2023-09-07 08:53:59,263 [main] INFO  server.GrpcService (ConfUtils.java:logGet(46)) - raft.grpc.flow.control.window = 5MB (=5242880) (custom)
2023-09-07 08:53:59,263 [main] INFO  server.RaftServerConfigKeys (ConfUtils.java:logGet(46)) - raft.server.rpc.request.timeout = 60s (custom)
2023-09-07 08:53:59,263 [main] INFO  grpc.GrpcConfigKeys (ConfUtils.java:logGet(46)) - raft.grpc.server.heartbeat.channel = true (default)
2023-09-07 08:53:59,263 [main] INFO  grpc.GrpcConfigKeys (ConfUtils.java:logGet(46)) - raft.grpc.server.async.request.thread.pool.cached = true (default)
2023-09-07 08:53:59,264 [main] INFO  grpc.GrpcConfigKeys (ConfUtils.java:logGet(46)) - raft.grpc.server.async.request.thread.pool.size = 32 (default)
2023-09-07 08:53:59,267 [main] INFO  impl.DataStreamServerImpl (ConfUtils.java:logGet(46)) - raft.datastream.type = NETTY (custom)
2023-09-07 08:53:59,267 [main] INFO  server.RaftServerConfigKeys (ConfUtils.java:logGet(46)) - raft.server.data-stream.async.request.thread.pool.cached = false (default)
2023-09-07 08:53:59,268 [main] INFO  server.RaftServerConfigKeys (ConfUtils.java:logGet(46)) - raft.server.data-stream.async.request.thread.pool.size = 20 (custom)
2023-09-07 08:53:59,268 [main] INFO  server.RaftServerConfigKeys (ConfUtils.java:logGet(46)) - raft.server.data-stream.async.write.thread.pool.size = 16 (default)
2023-09-07 08:53:59,268 [main] INFO  server.RaftServerConfigKeys (ConfUtils.java:logGet(46)) - raft.server.data-stream.client.pool.size = 10 (default)
2023-09-07 08:53:59,268 [main] INFO  netty.NettyConfigKeys$DataStream (ConfUtils.java:logGet(46)) - raft.netty.dataStream.server.use-epoll = false (default)
2023-09-07 08:53:59,268 [main] INFO  netty.NettyConfigKeys$DataStream (ConfUtils.java:logGet(46)) - raft.netty.dataStream.server.boss-group.size = 0 (default)
2023-09-07 08:53:59,269 [main] INFO  netty.NettyConfigKeys$DataStream (ConfUtils.java:logGet(46)) - raft.netty.dataStream.server.worker-group.size = 0 (default)
2023-09-07 08:53:59,269 [main] INFO  netty.NettyConfigKeys$DataStream (ConfUtils.java:logGet(46)) - raft.netty.dataStream.server.tls.conf = null (default)
2023-09-07 08:53:59,269 [main] INFO  netty.NettyConfigKeys$DataStream (ConfUtils.java:logGet(46)) - raft.netty.dataStream.host = null (default)
2023-09-07 08:53:59,270 [main] INFO  netty.NettyConfigKeys$DataStream (ConfUtils.java:logGet(46)) - raft.netty.dataStream.port = 15095 (custom)
2023-09-07 08:53:59,270 [main] INFO  server.RaftServerConfigKeys (ConfUtils.java:logGet(46)) - raft.server.threadpool.proxy.cached = true (default)
2023-09-07 08:53:59,270 [main] INFO  server.RaftServerConfigKeys (ConfUtils.java:logGet(46)) - raft.server.threadpool.proxy.size = 0 (default)
2023-09-07 08:53:59,271 [main] INFO  server.RaftServerConfigKeys (ConfUtils.java:logGet(46)) - raft.server.rpc.slowness.timeout = 300s (custom)
2023-09-07 08:53:59,271 [main] INFO  server.RaftServerConfigKeys (ConfUtils.java:logGet(46)) - raft.server.leaderelection.leader.step-down.wait-time = 10s (default)
2023-09-07 08:53:59,271 [main] INFO  server.RaftServerConfigKeys (ConfUtils.java:logGet(46)) - raft.server.storage.dir = [/home/runner/work/ozone/ozone/hadoop-ozone/integration-test/target/test-dir/MiniOzoneClusterImpl-ca08a916-3927-468c-b731-1edf5636b3eb/datanode-3/data/ratis] (custom)
2023-09-07 08:53:59,272 [92b1db46-ede6-4b54-a196-785743adb798-NettyServerStreamRpc-bossGroup--thread1] INFO  logging.LoggingHandler (AbstractInternalLogger.java:log(148)) - [id: 0xdbfb3a47] REGISTERED
2023-09-07 08:53:59,272 [92b1db46-ede6-4b54-a196-785743adb798-NettyServerStreamRpc-bossGroup--thread1] INFO  logging.LoggingHandler (AbstractInternalLogger.java:log(148)) - [id: 0xdbfb3a47] BIND: 0.0.0.0/0.0.0.0:15095
2023-09-07 08:53:59,272 [92b1db46-ede6-4b54-a196-785743adb798-NettyServerStreamRpc-bossGroup--thread1] INFO  logging.LoggingHandler (AbstractInternalLogger.java:log(148)) - [id: 0xdbfb3a47, L:/0:0:0:0:0:0:0:0:15095] ACTIVE
2023-09-07 08:53:59,274 [92b1db46-ede6-4b54-a196-785743adb798-impl-thread1] INFO  server.RaftServer (RaftServerProxy.java:initGroupDir(258)) - 92b1db46-ede6-4b54-a196-785743adb798: found a subdirectory /home/runner/work/ozone/ozone/hadoop-ozone/integration-test/target/test-dir/MiniOzoneClusterImpl-ca08a916-3927-468c-b731-1edf5636b3eb/datanode-3/data/ratis/tmp
2023-09-07 08:53:59,274 [92b1db46-ede6-4b54-a196-785743adb798-impl-thread1] INFO  server.RaftServer (RaftServerProxy.java:initGroupDir(263)) - 92b1db46-ede6-4b54-a196-785743adb798: The directory /home/runner/work/ozone/ozone/hadoop-ozone/integration-test/target/test-dir/MiniOzoneClusterImpl-ca08a916-3927-468c-b731-1edf5636b3eb/datanode-3/data/ratis/tmp is not a group directory; ignoring it. 
2023-09-07 08:53:59,275 [main] INFO  replication.ReplicationServer (ReplicationServer.java:<init>(81)) - Initializing replication server with thread count = 10
2023-09-07 08:53:59,276 [main] INFO  server.XceiverServerGrpc (XceiverServerGrpc.java:<init>(132)) - GrpcServer channel type EpollServerSocketChannel
2023-09-07 08:53:59,278 [main] INFO  replication.ReplicationSupervisor (ReplicationSupervisor.java:build(155)) - Initializing replication supervisor with thread count = 10
2023-09-07 08:53:59,278 [main] INFO  replication.ReplicationSupervisor (ReplicationSupervisor.java:nodeStateUpdated(307)) - Node state updated to IN_SERVICE, scaling executor pool size to 10
2023-09-07 08:53:59,281 [main] INFO  http.BaseHttpServer (BaseHttpServer.java:newHttpServer2BuilderForOzone(223)) - Starting Web-server for hddsDatanode at: http://0.0.0.0:15089
2023-09-07 08:53:59,281 [main] INFO  http.BaseHttpServer (BaseHttpServer.java:<init>(110)) - Hadoop Security Enabled: false Ozone Security Enabled: false Ozone HTTP Security Enabled: false 
2023-09-07 08:53:59,283 [main] WARN  server.AuthenticationFilter (AuthenticationFilter.java:constructSecretProvider(240)) - Unable to initialize FileSignerSecretProvider, falling back to use random secrets. Reason: Could not read signature secret file: /home/runner/hadoop-http-auth-signature-secret
2023-09-07 08:53:59,286 [main] INFO  http.HttpRequestLog (HttpRequestLog.java:getRequestLog(86)) - Http request log for http.requests.hddsDatanode is not defined
2023-09-07 08:53:59,288 [main] INFO  http.HttpServer2 (HttpServer2.java:addGlobalFilter(1031)) - Added global filter 'safety' (class=org.apache.hadoop.hdds.server.http.HttpServer2$QuotingInputFilter)
2023-09-07 08:53:59,289 [main] INFO  http.HttpServer2 (HttpServer2.java:addFilter(1007)) - Added filter static_user_filter (class=org.apache.hadoop.http.lib.StaticUserWebFilter$StaticUserFilter) to context hddsDatanode
2023-09-07 08:53:59,289 [main] INFO  http.HttpServer2 (HttpServer2.java:addFilter(1015)) - Added filter static_user_filter (class=org.apache.hadoop.http.lib.StaticUserWebFilter$StaticUserFilter) to context static
2023-09-07 08:53:59,289 [main] INFO  http.HttpServer2 (HttpServer2.java:addFilter(1015)) - Added filter static_user_filter (class=org.apache.hadoop.http.lib.StaticUserWebFilter$StaticUserFilter) to context logs
2023-09-07 08:53:59,290 [main] INFO  http.BaseHttpServer (BaseHttpServer.java:<init>(189)) - HTTP server of hddsDatanode uses base directory /home/runner/work/ozone/ozone/hadoop-ozone/integration-test/target/test-dir/MiniOzoneClusterImpl-ca08a916-3927-468c-b731-1edf5636b3eb/datanode-3/meta/webserver
2023-09-07 08:53:59,290 [main] INFO  http.HttpServer2 (HttpServer2.java:bindListener(1231)) - Jetty bound to port 15089
2023-09-07 08:53:59,290 [main] INFO  server.Server (Server.java:doStart(375)) - jetty-9.4.51.v20230217; built: 2023-02-17T08:19:37.309Z; git: b45c405e4544384de066f814ed42ae3dceacdd49; jvm 1.8.0_382-b05
2023-09-07 08:53:59,294 [main] INFO  server.session (DefaultSessionIdManager.java:doStart(334)) - DefaultSessionIdManager workerName=node0
2023-09-07 08:53:59,294 [main] INFO  server.session (DefaultSessionIdManager.java:doStart(339)) - No SessionScavenger set, using defaults
2023-09-07 08:53:59,294 [main] INFO  server.session (HouseKeeper.java:startScavenging(132)) - node0 Scavenging every 660000ms
2023-09-07 08:53:59,295 [main] INFO  handler.ContextHandler (ContextHandler.java:doStart(921)) - Started o.e.j.s.ServletContextHandler@5ca5dea1{logs,/logs,file:///home/runner/work/ozone/ozone/hadoop-ozone/integration-test/target/log,AVAILABLE}
2023-09-07 08:53:59,296 [main] INFO  handler.ContextHandler (ContextHandler.java:doStart(921)) - Started o.e.j.s.ServletContextHandler@3becd5bf{static,/static,jar:file:/home/runner/.m2/repository/org/apache/ozone/hdds-container-service/1.4.0-SNAPSHOT/hdds-container-service-1.4.0-SNAPSHOT.jar!/webapps/static,AVAILABLE}
2023-09-07 08:53:59,556 [main] INFO  handler.ContextHandler (ContextHandler.java:doStart(921)) - Started o.e.j.w.WebAppContext@469c42d6{hddsDatanode,/,file:///home/runner/work/ozone/ozone/hadoop-ozone/integration-test/target/test-dir/MiniOzoneClusterImpl-ca08a916-3927-468c-b731-1edf5636b3eb/datanode-3/meta/webserver/jetty-0_0_0_0-15089-hdds-container-service-1_4_0-SNAPSHOT_jar-_-any-674893849243786156/webapp/,AVAILABLE}{jar:file:/home/runner/.m2/repository/org/apache/ozone/hdds-container-service/1.4.0-SNAPSHOT/hdds-container-service-1.4.0-SNAPSHOT.jar!/webapps/hddsDatanode}
2023-09-07 08:53:59,558 [main] INFO  server.AbstractConnector (AbstractConnector.java:doStart(333)) - Started ServerConnector@d59a45d{HTTP/1.1, (http/1.1)}{0.0.0.0:15089}
2023-09-07 08:53:59,558 [main] INFO  server.Server (Server.java:doStart(415)) - Started @129897ms
2023-09-07 08:53:59,558 [main] WARN  impl.MetricsSystemImpl (MetricsSystemImpl.java:register(279)) - Sink prometheus already exists!
2023-09-07 08:53:59,559 [main] INFO  http.BaseHttpServer (BaseHttpServer.java:updateConnectorAddress(354)) - HTTP server of hddsDatanode listening at http://0.0.0.0:15089
2023-09-07 08:53:59,559 [main] INFO  ipc.CallQueueManager (CallQueueManager.java:<init>(90)) - Using callQueue: class java.util.concurrent.LinkedBlockingQueue, queueCapacity: 100, scheduler: class org.apache.hadoop.ipc.DefaultRpcScheduler, ipcBackoff: false.
2023-09-07 08:53:59,560 [main] INFO  ipc.Server (Server.java:<init>(1287)) - Listener at 0.0.0.0:15090
2023-09-07 08:53:59,562 [Socket Reader #1 for port 15090] INFO  ipc.Server (Server.java:run(1323)) - Starting Socket Reader #1 for port 15090
2023-09-07 08:53:59,569 [main] INFO  ozone.HddsDatanodeService (HddsDatanodeService.java:start(315)) - Datanode start with admins: [runner]
2023-09-07 08:53:59,569 [main] INFO  ozone.HddsDatanodeClientProtocolServer (HddsDatanodeClientProtocolServer.java:start(72)) - RPC server for Client /0.0.0.0:15090
2023-09-07 08:53:59,570 [IPC Server Responder] INFO  ipc.Server (Server.java:run(1562)) - IPC Server Responder: starting
2023-09-07 08:53:59,570 [IPC Server listener on 15090] INFO  ipc.Server (Server.java:run(1402)) - IPC Server listener on 15090: starting
2023-09-07 08:53:59,571 [main] WARN  impl.MetricRegistriesImpl (MetricRegistriesImpl.java:addReporterRegistration(111)) - New reporters are added after registries were created. Some metrics will be missing from the reporter. Please add reporter before adding any new registry.
2023-09-07 08:53:59,571 [main] WARN  impl.MetricRegistriesImpl (MetricRegistriesImpl.java:addReporterRegistration(111)) - New reporters are added after registries were created. Some metrics will be missing from the reporter. Please add reporter before adding any new registry.
2023-09-07 08:53:59,572 [main] INFO  impl.MetricsSystemImpl (MetricsSystemImpl.java:init(158)) - HddsDatanode metrics system started (again)
2023-09-07 08:53:59,579 [Datanode State Machine Daemon Thread] INFO  statemachine.DatanodeStateMachine (DatanodeStateMachine.java:lambda$startDaemon$0(538)) - Ozone container server started.
2023-09-07 08:53:59,594 [Datanode State Machine Task Thread - 0] INFO  datanode.InitDatanodeState (InitDatanodeState.java:persistContainerDatanodeDetails(138)) - DatanodeDetails is persisted to /home/runner/work/ozone/ozone/hadoop-ozone/integration-test/target/test-dir/MiniOzoneClusterImpl-ca08a916-3927-468c-b731-1edf5636b3eb/datanode-3/meta/datanode.id
2023-09-07 08:53:59,602 [main] INFO  ozone.HddsDatanodeService (HddsDatanodeService.java:start(237)) - HddsDatanodeService host:fv-az793-921.vth4h2cvs0culokhaokvhxz15b.jx.internal.cloudapp.net ip:10.1.0.48
2023-09-07 08:53:59,632 [main] INFO  upgrade.AbstractLayoutVersionManager (AbstractLayoutVersionManager.java:init(83)) - Initializing Layout version manager with metadata layout = HADOOP_PRC_PORTS_IN_DATANODEDETAILS (version = 7), software layout = HADOOP_PRC_PORTS_IN_DATANODEDETAILS (version = 7)
2023-09-07 08:53:59,634 [main] INFO  statemachine.DatanodeStateMachine (DatanodeStateMachine.java:getEndPointTaskThreadPoolSize(282)) - Datanode State Machine Task Thread Pool size 2
2023-09-07 08:53:59,636 [main] INFO  volume.HddsVolume (HddsVolume.java:<init>(126)) - Creating HddsVolume: /home/runner/work/ozone/ozone/hadoop-ozone/integration-test/target/test-dir/MiniOzoneClusterImpl-ca08a916-3927-468c-b731-1edf5636b3eb/datanode-4/data-0/containers/hdds of storage type : DISK capacity : 9223372036854775807
2023-09-07 08:53:59,636 [main] INFO  volume.MutableVolumeSet (MutableVolumeSet.java:initializeVolumeSet(173)) - Added Volume : /home/runner/work/ozone/ozone/hadoop-ozone/integration-test/target/test-dir/MiniOzoneClusterImpl-ca08a916-3927-468c-b731-1edf5636b3eb/datanode-4/data-0/containers/hdds to VolumeSet
2023-09-07 08:53:59,637 [main] INFO  volume.MutableVolumeSet (MutableVolumeSet.java:initializeVolumeSet(173)) - Added Volume : /home/runner/work/ozone/ozone/hadoop-ozone/integration-test/target/test-dir/MiniOzoneClusterImpl-ca08a916-3927-468c-b731-1edf5636b3eb/datanode-4/data/ratis to VolumeSet
2023-09-07 08:53:59,638 [Thread-862] INFO  ozoneimpl.ContainerReader (ContainerReader.java:readVolume(177)) - Finish verifying containers on volume /home/runner/work/ozone/ozone/hadoop-ozone/integration-test/target/test-dir/MiniOzoneClusterImpl-ca08a916-3927-468c-b731-1edf5636b3eb/datanode-4/data-0/containers/hdds
2023-09-07 08:53:59,638 [main] INFO  ozoneimpl.OzoneContainer (OzoneContainer.java:buildContainerSet(314)) - Build ContainerSet costs 0s
2023-09-07 08:53:59,641 [main] INFO  server.RaftServer (ConfUtils.java:logGet(46)) - raft.rpc.type = GRPC (default)
2023-09-07 08:53:59,641 [main] INFO  grpc.GrpcConfigKeys (ConfUtils.java:logFallback(53)) - raft.grpc.admin.host = null (fallback to raft.grpc.server.host)
2023-09-07 08:53:59,641 [main] INFO  grpc.GrpcConfigKeys (ConfUtils.java:logGet(46)) - raft.grpc.admin.port = 15102 (custom)
2023-09-07 08:53:59,641 [main] INFO  grpc.GrpcConfigKeys (ConfUtils.java:logFallback(53)) - raft.grpc.client.host = null (fallback to raft.grpc.server.host)
2023-09-07 08:53:59,641 [main] INFO  grpc.GrpcConfigKeys (ConfUtils.java:logGet(46)) - raft.grpc.client.port = 15101 (custom)
2023-09-07 08:53:59,642 [main] INFO  grpc.GrpcConfigKeys (ConfUtils.java:logGet(46)) - raft.grpc.server.host = null (default)
2023-09-07 08:53:59,642 [main] INFO  grpc.GrpcConfigKeys (ConfUtils.java:logGet(46)) - raft.grpc.server.port = 15103 (custom)
2023-09-07 08:53:59,642 [main] INFO  server.GrpcService (ConfUtils.java:logGet(46)) - raft.grpc.message.size.max = 32MB (=33554432) (custom)
2023-09-07 08:53:59,642 [main] INFO  server.RaftServerConfigKeys (ConfUtils.java:logGet(46)) - raft.server.log.appender.buffer.byte-limit = 33554432 (custom)
2023-09-07 08:53:59,642 [main] INFO  server.GrpcService (ConfUtils.java:logGet(46)) - raft.grpc.flow.control.window = 5MB (=5242880) (custom)
2023-09-07 08:53:59,642 [main] INFO  server.RaftServerConfigKeys (ConfUtils.java:logGet(46)) - raft.server.rpc.request.timeout = 60s (custom)
2023-09-07 08:53:59,642 [main] INFO  grpc.GrpcConfigKeys (ConfUtils.java:logGet(46)) - raft.grpc.server.heartbeat.channel = true (default)
2023-09-07 08:53:59,643 [main] INFO  grpc.GrpcConfigKeys (ConfUtils.java:logGet(46)) - raft.grpc.server.async.request.thread.pool.cached = true (default)
2023-09-07 08:53:59,643 [main] INFO  grpc.GrpcConfigKeys (ConfUtils.java:logGet(46)) - raft.grpc.server.async.request.thread.pool.size = 32 (default)
2023-09-07 08:53:59,646 [main] INFO  impl.DataStreamServerImpl (ConfUtils.java:logGet(46)) - raft.datastream.type = NETTY (custom)
2023-09-07 08:53:59,646 [main] INFO  server.RaftServerConfigKeys (ConfUtils.java:logGet(46)) - raft.server.data-stream.async.request.thread.pool.cached = false (default)
2023-09-07 08:53:59,646 [main] INFO  server.RaftServerConfigKeys (ConfUtils.java:logGet(46)) - raft.server.data-stream.async.request.thread.pool.size = 20 (custom)
2023-09-07 08:53:59,646 [main] INFO  server.RaftServerConfigKeys (ConfUtils.java:logGet(46)) - raft.server.data-stream.async.write.thread.pool.size = 16 (default)
2023-09-07 08:53:59,647 [main] INFO  server.RaftServerConfigKeys (ConfUtils.java:logGet(46)) - raft.server.data-stream.client.pool.size = 10 (default)
2023-09-07 08:53:59,647 [main] INFO  netty.NettyConfigKeys$DataStream (ConfUtils.java:logGet(46)) - raft.netty.dataStream.server.use-epoll = false (default)
2023-09-07 08:53:59,647 [main] INFO  netty.NettyConfigKeys$DataStream (ConfUtils.java:logGet(46)) - raft.netty.dataStream.server.boss-group.size = 0 (default)
2023-09-07 08:53:59,648 [main] INFO  netty.NettyConfigKeys$DataStream (ConfUtils.java:logGet(46)) - raft.netty.dataStream.server.worker-group.size = 0 (default)
2023-09-07 08:53:59,648 [main] INFO  netty.NettyConfigKeys$DataStream (ConfUtils.java:logGet(46)) - raft.netty.dataStream.server.tls.conf = null (default)
2023-09-07 08:53:59,648 [main] INFO  netty.NettyConfigKeys$DataStream (ConfUtils.java:logGet(46)) - raft.netty.dataStream.host = null (default)
2023-09-07 08:53:59,648 [main] INFO  netty.NettyConfigKeys$DataStream (ConfUtils.java:logGet(46)) - raft.netty.dataStream.port = 15104 (custom)
2023-09-07 08:53:59,649 [main] INFO  server.RaftServerConfigKeys (ConfUtils.java:logGet(46)) - raft.server.threadpool.proxy.cached = true (default)
2023-09-07 08:53:59,649 [main] INFO  server.RaftServerConfigKeys (ConfUtils.java:logGet(46)) - raft.server.threadpool.proxy.size = 0 (default)
2023-09-07 08:53:59,649 [main] INFO  server.RaftServerConfigKeys (ConfUtils.java:logGet(46)) - raft.server.rpc.slowness.timeout = 300s (custom)
2023-09-07 08:53:59,650 [main] INFO  server.RaftServerConfigKeys (ConfUtils.java:logGet(46)) - raft.server.leaderelection.leader.step-down.wait-time = 10s (default)
2023-09-07 08:53:59,650 [main] INFO  server.RaftServerConfigKeys (ConfUtils.java:logGet(46)) - raft.server.storage.dir = [/home/runner/work/ozone/ozone/hadoop-ozone/integration-test/target/test-dir/MiniOzoneClusterImpl-ca08a916-3927-468c-b731-1edf5636b3eb/datanode-4/data/ratis] (custom)
2023-09-07 08:53:59,650 [f4e4783d-3001-46db-b6c9-216b79feec14-NettyServerStreamRpc-bossGroup--thread1] INFO  logging.LoggingHandler (AbstractInternalLogger.java:log(148)) - [id: 0x4172c998] REGISTERED
2023-09-07 08:53:59,650 [f4e4783d-3001-46db-b6c9-216b79feec14-NettyServerStreamRpc-bossGroup--thread1] INFO  logging.LoggingHandler (AbstractInternalLogger.java:log(148)) - [id: 0x4172c998] BIND: 0.0.0.0/0.0.0.0:15104
2023-09-07 08:53:59,650 [f4e4783d-3001-46db-b6c9-216b79feec14-impl-thread1] INFO  server.RaftServer (RaftServerProxy.java:initGroupDir(258)) - f4e4783d-3001-46db-b6c9-216b79feec14: found a subdirectory /home/runner/work/ozone/ozone/hadoop-ozone/integration-test/target/test-dir/MiniOzoneClusterImpl-ca08a916-3927-468c-b731-1edf5636b3eb/datanode-4/data/ratis/tmp
2023-09-07 08:53:59,650 [f4e4783d-3001-46db-b6c9-216b79feec14-impl-thread1] INFO  server.RaftServer (RaftServerProxy.java:initGroupDir(263)) - f4e4783d-3001-46db-b6c9-216b79feec14: The directory /home/runner/work/ozone/ozone/hadoop-ozone/integration-test/target/test-dir/MiniOzoneClusterImpl-ca08a916-3927-468c-b731-1edf5636b3eb/datanode-4/data/ratis/tmp is not a group directory; ignoring it. 
2023-09-07 08:53:59,651 [main] INFO  replication.ReplicationServer (ReplicationServer.java:<init>(81)) - Initializing replication server with thread count = 10
2023-09-07 08:53:59,651 [f4e4783d-3001-46db-b6c9-216b79feec14-NettyServerStreamRpc-bossGroup--thread1] INFO  logging.LoggingHandler (AbstractInternalLogger.java:log(148)) - [id: 0x4172c998, L:/0:0:0:0:0:0:0:0:15104] ACTIVE
2023-09-07 08:53:59,652 [main] INFO  server.XceiverServerGrpc (XceiverServerGrpc.java:<init>(132)) - GrpcServer channel type EpollServerSocketChannel
2023-09-07 08:53:59,654 [main] INFO  replication.ReplicationSupervisor (ReplicationSupervisor.java:build(155)) - Initializing replication supervisor with thread count = 10
2023-09-07 08:53:59,654 [main] INFO  replication.ReplicationSupervisor (ReplicationSupervisor.java:nodeStateUpdated(307)) - Node state updated to IN_SERVICE, scaling executor pool size to 10
2023-09-07 08:53:59,656 [main] INFO  http.BaseHttpServer (BaseHttpServer.java:newHttpServer2BuilderForOzone(223)) - Starting Web-server for hddsDatanode at: http://0.0.0.0:15098
2023-09-07 08:53:59,656 [main] INFO  http.BaseHttpServer (BaseHttpServer.java:<init>(110)) - Hadoop Security Enabled: false Ozone Security Enabled: false Ozone HTTP Security Enabled: false 
2023-09-07 08:53:59,657 [main] WARN  server.AuthenticationFilter (AuthenticationFilter.java:constructSecretProvider(240)) - Unable to initialize FileSignerSecretProvider, falling back to use random secrets. Reason: Could not read signature secret file: /home/runner/hadoop-http-auth-signature-secret
2023-09-07 08:53:59,658 [main] INFO  http.HttpRequestLog (HttpRequestLog.java:getRequestLog(86)) - Http request log for http.requests.hddsDatanode is not defined
2023-09-07 08:53:59,659 [main] INFO  http.HttpServer2 (HttpServer2.java:addGlobalFilter(1031)) - Added global filter 'safety' (class=org.apache.hadoop.hdds.server.http.HttpServer2$QuotingInputFilter)
2023-09-07 08:53:59,660 [main] INFO  http.HttpServer2 (HttpServer2.java:addFilter(1007)) - Added filter static_user_filter (class=org.apache.hadoop.http.lib.StaticUserWebFilter$StaticUserFilter) to context hddsDatanode
2023-09-07 08:53:59,660 [main] INFO  http.HttpServer2 (HttpServer2.java:addFilter(1015)) - Added filter static_user_filter (class=org.apache.hadoop.http.lib.StaticUserWebFilter$StaticUserFilter) to context logs
2023-09-07 08:53:59,660 [main] INFO  http.HttpServer2 (HttpServer2.java:addFilter(1015)) - Added filter static_user_filter (class=org.apache.hadoop.http.lib.StaticUserWebFilter$StaticUserFilter) to context static
2023-09-07 08:53:59,661 [main] INFO  http.BaseHttpServer (BaseHttpServer.java:<init>(189)) - HTTP server of hddsDatanode uses base directory /home/runner/work/ozone/ozone/hadoop-ozone/integration-test/target/test-dir/MiniOzoneClusterImpl-ca08a916-3927-468c-b731-1edf5636b3eb/datanode-4/meta/webserver
2023-09-07 08:53:59,664 [main] INFO  http.HttpServer2 (HttpServer2.java:bindListener(1231)) - Jetty bound to port 15098
2023-09-07 08:53:59,664 [main] INFO  server.Server (Server.java:doStart(375)) - jetty-9.4.51.v20230217; built: 2023-02-17T08:19:37.309Z; git: b45c405e4544384de066f814ed42ae3dceacdd49; jvm 1.8.0_382-b05
2023-09-07 08:53:59,670 [main] INFO  server.session (DefaultSessionIdManager.java:doStart(334)) - DefaultSessionIdManager workerName=node0
2023-09-07 08:53:59,670 [main] INFO  server.session (DefaultSessionIdManager.java:doStart(339)) - No SessionScavenger set, using defaults
2023-09-07 08:53:59,671 [main] INFO  server.session (HouseKeeper.java:startScavenging(132)) - node0 Scavenging every 660000ms
2023-09-07 08:53:59,672 [main] INFO  handler.ContextHandler (ContextHandler.java:doStart(921)) - Started o.e.j.s.ServletContextHandler@14be1a1b{logs,/logs,file:///home/runner/work/ozone/ozone/hadoop-ozone/integration-test/target/log,AVAILABLE}
2023-09-07 08:53:59,672 [main] INFO  handler.ContextHandler (ContextHandler.java:doStart(921)) - Started o.e.j.s.ServletContextHandler@426bf9f5{static,/static,jar:file:/home/runner/.m2/repository/org/apache/ozone/hdds-container-service/1.4.0-SNAPSHOT/hdds-container-service-1.4.0-SNAPSHOT.jar!/webapps/static,AVAILABLE}
2023-09-07 08:53:59,922 [main] INFO  handler.ContextHandler (ContextHandler.java:doStart(921)) - Started o.e.j.w.WebAppContext@2f057b05{hddsDatanode,/,file:///home/runner/work/ozone/ozone/hadoop-ozone/integration-test/target/test-dir/MiniOzoneClusterImpl-ca08a916-3927-468c-b731-1edf5636b3eb/datanode-4/meta/webserver/jetty-0_0_0_0-15098-hdds-container-service-1_4_0-SNAPSHOT_jar-_-any-595133707535505490/webapp/,AVAILABLE}{jar:file:/home/runner/.m2/repository/org/apache/ozone/hdds-container-service/1.4.0-SNAPSHOT/hdds-container-service-1.4.0-SNAPSHOT.jar!/webapps/hddsDatanode}
2023-09-07 08:53:59,925 [main] INFO  server.AbstractConnector (AbstractConnector.java:doStart(333)) - Started ServerConnector@2eddea1d{HTTP/1.1, (http/1.1)}{0.0.0.0:15098}
2023-09-07 08:53:59,925 [main] INFO  server.Server (Server.java:doStart(415)) - Started @130264ms
2023-09-07 08:53:59,925 [main] WARN  impl.MetricsSystemImpl (MetricsSystemImpl.java:register(279)) - Sink prometheus already exists!
2023-09-07 08:53:59,926 [main] INFO  http.BaseHttpServer (BaseHttpServer.java:updateConnectorAddress(354)) - HTTP server of hddsDatanode listening at http://0.0.0.0:15098
2023-09-07 08:53:59,926 [main] INFO  ipc.CallQueueManager (CallQueueManager.java:<init>(90)) - Using callQueue: class java.util.concurrent.LinkedBlockingQueue, queueCapacity: 100, scheduler: class org.apache.hadoop.ipc.DefaultRpcScheduler, ipcBackoff: false.
2023-09-07 08:53:59,927 [main] INFO  ipc.Server (Server.java:<init>(1287)) - Listener at 0.0.0.0:15099
2023-09-07 08:53:59,927 [Socket Reader #1 for port 15099] INFO  ipc.Server (Server.java:run(1323)) - Starting Socket Reader #1 for port 15099
2023-09-07 08:53:59,930 [main] INFO  ozone.HddsDatanodeService (HddsDatanodeService.java:start(315)) - Datanode start with admins: [runner]
2023-09-07 08:53:59,930 [main] INFO  ozone.HddsDatanodeClientProtocolServer (HddsDatanodeClientProtocolServer.java:start(72)) - RPC server for Client /0.0.0.0:15099
2023-09-07 08:53:59,931 [IPC Server Responder] INFO  ipc.Server (Server.java:run(1562)) - IPC Server Responder: starting
2023-09-07 08:53:59,931 [IPC Server listener on 15099] INFO  ipc.Server (Server.java:run(1402)) - IPC Server listener on 15099: starting
2023-09-07 08:53:59,931 [main] INFO  ozone.MiniOzoneClusterImpl (MiniOzoneClusterImpl.java:lambda$waitForClusterToBeReady$0(224)) - Waiting for nodes to be ready. Got 0 of 5 DN Heartbeats.
2023-09-07 08:53:59,932 [main] INFO  ozone.MiniOzoneClusterImpl (MiniOzoneClusterImpl.java:lambda$waitForClusterToBeReady$0(227)) - Waiting for cluster to exit safe mode
2023-09-07 08:53:59,932 [main] INFO  ozone.MiniOzoneClusterImpl (MiniOzoneClusterImpl.java:lambda$waitForClusterToBeReady$0(229)) - SCM became leader
2023-09-07 08:53:59,938 [Datanode State Machine Daemon Thread] INFO  statemachine.DatanodeStateMachine (DatanodeStateMachine.java:lambda$startDaemon$0(538)) - Ozone container server started.
2023-09-07 08:53:59,949 [Datanode State Machine Task Thread - 0] INFO  datanode.InitDatanodeState (InitDatanodeState.java:persistContainerDatanodeDetails(138)) - DatanodeDetails is persisted to /home/runner/work/ozone/ozone/hadoop-ozone/integration-test/target/test-dir/MiniOzoneClusterImpl-ca08a916-3927-468c-b731-1edf5636b3eb/datanode-4/meta/datanode.id
2023-09-07 08:54:00,477 [EndpointStateMachine task thread for /0.0.0.0:15055 - 0 ] INFO  utils.DatanodeStoreCache (DatanodeStoreCache.java:addDB(66)) - Added db /home/runner/work/ozone/ozone/hadoop-ozone/integration-test/target/test-dir/MiniOzoneClusterImpl-ca08a916-3927-468c-b731-1edf5636b3eb/datanode-0/data-0/containers/hdds/ca08a916-3927-468c-b731-1edf5636b3eb/DS-d889fae9-f952-4f19-a0c3-6f8bfb43f82e/container.db to cache
2023-09-07 08:54:00,477 [EndpointStateMachine task thread for /0.0.0.0:15055 - 0 ] INFO  volume.HddsVolume (HddsVolume.java:createDbStore(422)) - SchemaV3 db is created and loaded at /home/runner/work/ozone/ozone/hadoop-ozone/integration-test/target/test-dir/MiniOzoneClusterImpl-ca08a916-3927-468c-b731-1edf5636b3eb/datanode-0/data-0/containers/hdds/ca08a916-3927-468c-b731-1edf5636b3eb/DS-d889fae9-f952-4f19-a0c3-6f8bfb43f82e/container.db for volume DS-d889fae9-f952-4f19-a0c3-6f8bfb43f82e
2023-09-07 08:54:00,478 [EndpointStateMachine task thread for /0.0.0.0:15055 - 0 ] INFO  volume.ThrottledAsyncChecker (ThrottledAsyncChecker.java:schedule(141)) - Scheduling a check for /home/runner/work/ozone/ozone/hadoop-ozone/integration-test/target/test-dir/MiniOzoneClusterImpl-ca08a916-3927-468c-b731-1edf5636b3eb/datanode-0/data-0/containers/hdds
2023-09-07 08:54:00,479 [EndpointStateMachine task thread for /0.0.0.0:15055 - 0 ] INFO  volume.StorageVolumeChecker (StorageVolumeChecker.java:checkAllVolumes(213)) - Scheduled health check for volume /home/runner/work/ozone/ozone/hadoop-ozone/integration-test/target/test-dir/MiniOzoneClusterImpl-ca08a916-3927-468c-b731-1edf5636b3eb/datanode-0/data-0/containers/hdds
2023-09-07 08:54:00,482 [EndpointStateMachine task thread for /0.0.0.0:15055 - 0 ] INFO  volume.ThrottledAsyncChecker (ThrottledAsyncChecker.java:schedule(141)) - Scheduling a check for /home/runner/work/ozone/ozone/hadoop-ozone/integration-test/target/test-dir/MiniOzoneClusterImpl-ca08a916-3927-468c-b731-1edf5636b3eb/datanode-0/data/ratis
2023-09-07 08:54:00,483 [EndpointStateMachine task thread for /0.0.0.0:15055 - 0 ] INFO  volume.StorageVolumeChecker (StorageVolumeChecker.java:checkAllVolumes(213)) - Scheduled health check for volume /home/runner/work/ozone/ozone/hadoop-ozone/integration-test/target/test-dir/MiniOzoneClusterImpl-ca08a916-3927-468c-b731-1edf5636b3eb/datanode-0/data/ratis
2023-09-07 08:54:00,486 [EndpointStateMachine task thread for /0.0.0.0:15055 - 0 ] INFO  ozoneimpl.OzoneContainer (OzoneContainer.java:start(429)) - Attempting to start container services.
2023-09-07 08:54:00,486 [EndpointStateMachine task thread for /0.0.0.0:15055 - 0 ] INFO  ozoneimpl.OzoneContainer (OzoneContainer.java:startContainerScrub(325)) - Scheduled background container scanners and the on-demand container scanner have been disabled.
2023-09-07 08:54:00,490 [EndpointStateMachine task thread for /0.0.0.0:15055 - 0 ] INFO  replication.ReplicationServer (ReplicationServer.java:start(130)) - ReplicationServer is started using port 15069
2023-09-07 08:54:00,490 [EndpointStateMachine task thread for /0.0.0.0:15055 - 0 ] INFO  ratis.XceiverServerRatis (XceiverServerRatis.java:start(517)) - Starting XceiverServerRatis 631d0543-e884-417b-8085-5eab660cf7c0
2023-09-07 08:54:00,491 [EndpointStateMachine task thread for /0.0.0.0:15055 - 0 ] INFO  server.RaftServer (RaftServerProxy.java:startImpl(400)) - 631d0543-e884-417b-8085-5eab660cf7c0: start RPC server
2023-09-07 08:54:00,493 [EndpointStateMachine task thread for /0.0.0.0:15055 - 0 ] INFO  server.GrpcService (GrpcService.java:startImpl(302)) - 631d0543-e884-417b-8085-5eab660cf7c0: GrpcService started, listening on 15065
2023-09-07 08:54:00,495 [EndpointStateMachine task thread for /0.0.0.0:15055 - 0 ] INFO  server.GrpcService (GrpcService.java:startImpl(302)) - 631d0543-e884-417b-8085-5eab660cf7c0: GrpcService started, listening on 15067
2023-09-07 08:54:00,497 [EndpointStateMachine task thread for /0.0.0.0:15055 - 0 ] INFO  server.GrpcService (GrpcService.java:startImpl(302)) - 631d0543-e884-417b-8085-5eab660cf7c0: GrpcService started, listening on 15066
2023-09-07 08:54:00,498 [EndpointStateMachine task thread for /0.0.0.0:15055 - 0 ] INFO  ratis.XceiverServerRatis (XceiverServerRatis.java:getRealPort(543)) - XceiverServerRatis 631d0543-e884-417b-8085-5eab660cf7c0 is started using port 15065 for RATIS
2023-09-07 08:54:00,498 [JvmPauseMonitor9] INFO  util.JvmPauseMonitor (JvmPauseMonitor.java:run(103)) - JvmPauseMonitor-631d0543-e884-417b-8085-5eab660cf7c0: Started
2023-09-07 08:54:00,498 [EndpointStateMachine task thread for /0.0.0.0:15055 - 0 ] INFO  ratis.XceiverServerRatis (XceiverServerRatis.java:getRealPort(543)) - XceiverServerRatis 631d0543-e884-417b-8085-5eab660cf7c0 is started using port 15066 for RATIS_ADMIN
2023-09-07 08:54:00,498 [EndpointStateMachine task thread for /0.0.0.0:15055 - 0 ] INFO  ratis.XceiverServerRatis (XceiverServerRatis.java:getRealPort(543)) - XceiverServerRatis 631d0543-e884-417b-8085-5eab660cf7c0 is started using port 15067 for RATIS_SERVER
2023-09-07 08:54:00,498 [EndpointStateMachine task thread for /0.0.0.0:15055 - 0 ] INFO  ratis.XceiverServerRatis (XceiverServerRatis.java:getRealPort(543)) - XceiverServerRatis 631d0543-e884-417b-8085-5eab660cf7c0 is started using port 15068 for RATIS_DATASTREAM
2023-09-07 08:54:00,500 [BlockDeletingService#0] INFO  interfaces.ContainerDeletionChoosingPolicyTemplate (ContainerDeletionChoosingPolicyTemplate.java:chooseContainerForBlockDeletion(85)) - Chosen 0/5000 blocks from 0 candidate containers.
2023-09-07 08:54:00,849 [EndpointStateMachine task thread for /0.0.0.0:15055 - 0 ] INFO  utils.DatanodeStoreCache (DatanodeStoreCache.java:addDB(66)) - Added db /home/runner/work/ozone/ozone/hadoop-ozone/integration-test/target/test-dir/MiniOzoneClusterImpl-ca08a916-3927-468c-b731-1edf5636b3eb/datanode-1/data-0/containers/hdds/ca08a916-3927-468c-b731-1edf5636b3eb/DS-21b580bc-4d8c-433a-a927-36e286222baf/container.db to cache
2023-09-07 08:54:00,849 [EndpointStateMachine task thread for /0.0.0.0:15055 - 0 ] INFO  volume.HddsVolume (HddsVolume.java:createDbStore(422)) - SchemaV3 db is created and loaded at /home/runner/work/ozone/ozone/hadoop-ozone/integration-test/target/test-dir/MiniOzoneClusterImpl-ca08a916-3927-468c-b731-1edf5636b3eb/datanode-1/data-0/containers/hdds/ca08a916-3927-468c-b731-1edf5636b3eb/DS-21b580bc-4d8c-433a-a927-36e286222baf/container.db for volume DS-21b580bc-4d8c-433a-a927-36e286222baf
2023-09-07 08:54:00,852 [EndpointStateMachine task thread for /0.0.0.0:15055 - 0 ] INFO  volume.ThrottledAsyncChecker (ThrottledAsyncChecker.java:schedule(141)) - Scheduling a check for /home/runner/work/ozone/ozone/hadoop-ozone/integration-test/target/test-dir/MiniOzoneClusterImpl-ca08a916-3927-468c-b731-1edf5636b3eb/datanode-1/data-0/containers/hdds
2023-09-07 08:54:00,852 [EndpointStateMachine task thread for /0.0.0.0:15055 - 0 ] INFO  volume.StorageVolumeChecker (StorageVolumeChecker.java:checkAllVolumes(213)) - Scheduled health check for volume /home/runner/work/ozone/ozone/hadoop-ozone/integration-test/target/test-dir/MiniOzoneClusterImpl-ca08a916-3927-468c-b731-1edf5636b3eb/datanode-1/data-0/containers/hdds
2023-09-07 08:54:00,857 [EndpointStateMachine task thread for /0.0.0.0:15055 - 0 ] INFO  volume.ThrottledAsyncChecker (ThrottledAsyncChecker.java:schedule(141)) - Scheduling a check for /home/runner/work/ozone/ozone/hadoop-ozone/integration-test/target/test-dir/MiniOzoneClusterImpl-ca08a916-3927-468c-b731-1edf5636b3eb/datanode-1/data/ratis
2023-09-07 08:54:00,857 [EndpointStateMachine task thread for /0.0.0.0:15055 - 0 ] INFO  volume.StorageVolumeChecker (StorageVolumeChecker.java:checkAllVolumes(213)) - Scheduled health check for volume /home/runner/work/ozone/ozone/hadoop-ozone/integration-test/target/test-dir/MiniOzoneClusterImpl-ca08a916-3927-468c-b731-1edf5636b3eb/datanode-1/data/ratis
2023-09-07 08:54:00,859 [EndpointStateMachine task thread for /0.0.0.0:15055 - 0 ] INFO  ozoneimpl.OzoneContainer (OzoneContainer.java:start(429)) - Attempting to start container services.
2023-09-07 08:54:00,859 [EndpointStateMachine task thread for /0.0.0.0:15055 - 0 ] INFO  ozoneimpl.OzoneContainer (OzoneContainer.java:startContainerScrub(325)) - Scheduled background container scanners and the on-demand container scanner have been disabled.
2023-09-07 08:54:00,860 [EndpointStateMachine task thread for /0.0.0.0:15055 - 0 ] INFO  replication.ReplicationServer (ReplicationServer.java:start(130)) - ReplicationServer is started using port 15078
2023-09-07 08:54:00,860 [EndpointStateMachine task thread for /0.0.0.0:15055 - 0 ] INFO  ratis.XceiverServerRatis (XceiverServerRatis.java:start(517)) - Starting XceiverServerRatis bb55b568-9515-4c72-9e9b-b757ab502a4b
2023-09-07 08:54:00,861 [EndpointStateMachine task thread for /0.0.0.0:15055 - 0 ] INFO  server.RaftServer (RaftServerProxy.java:startImpl(400)) - bb55b568-9515-4c72-9e9b-b757ab502a4b: start RPC server
2023-09-07 08:54:00,865 [EndpointStateMachine task thread for /0.0.0.0:15055 - 0 ] INFO  server.GrpcService (GrpcService.java:startImpl(302)) - bb55b568-9515-4c72-9e9b-b757ab502a4b: GrpcService started, listening on 15074
2023-09-07 08:54:00,867 [EndpointStateMachine task thread for /0.0.0.0:15055 - 0 ] INFO  server.GrpcService (GrpcService.java:startImpl(302)) - bb55b568-9515-4c72-9e9b-b757ab502a4b: GrpcService started, listening on 15076
2023-09-07 08:54:00,868 [EndpointStateMachine task thread for /0.0.0.0:15055 - 0 ] INFO  server.GrpcService (GrpcService.java:startImpl(302)) - bb55b568-9515-4c72-9e9b-b757ab502a4b: GrpcService started, listening on 15075
2023-09-07 08:54:00,869 [EndpointStateMachine task thread for /0.0.0.0:15055 - 0 ] INFO  ratis.XceiverServerRatis (XceiverServerRatis.java:getRealPort(543)) - XceiverServerRatis bb55b568-9515-4c72-9e9b-b757ab502a4b is started using port 15074 for RATIS
2023-09-07 08:54:00,869 [JvmPauseMonitor10] INFO  util.JvmPauseMonitor (JvmPauseMonitor.java:run(103)) - JvmPauseMonitor-bb55b568-9515-4c72-9e9b-b757ab502a4b: Started
2023-09-07 08:54:00,869 [EndpointStateMachine task thread for /0.0.0.0:15055 - 0 ] INFO  ratis.XceiverServerRatis (XceiverServerRatis.java:getRealPort(543)) - XceiverServerRatis bb55b568-9515-4c72-9e9b-b757ab502a4b is started using port 15075 for RATIS_ADMIN
2023-09-07 08:54:00,869 [EndpointStateMachine task thread for /0.0.0.0:15055 - 0 ] INFO  ratis.XceiverServerRatis (XceiverServerRatis.java:getRealPort(543)) - XceiverServerRatis bb55b568-9515-4c72-9e9b-b757ab502a4b is started using port 15076 for RATIS_SERVER
2023-09-07 08:54:00,869 [EndpointStateMachine task thread for /0.0.0.0:15055 - 0 ] INFO  ratis.XceiverServerRatis (XceiverServerRatis.java:getRealPort(543)) - XceiverServerRatis bb55b568-9515-4c72-9e9b-b757ab502a4b is started using port 15077 for RATIS_DATASTREAM
2023-09-07 08:54:00,871 [BlockDeletingService#0] INFO  interfaces.ContainerDeletionChoosingPolicyTemplate (ContainerDeletionChoosingPolicyTemplate.java:chooseContainerForBlockDeletion(85)) - Chosen 0/5000 blocks from 0 candidate containers.
2023-09-07 08:54:00,932 [main] INFO  ozone.MiniOzoneClusterImpl (MiniOzoneClusterImpl.java:lambda$waitForClusterToBeReady$0(224)) - Waiting for nodes to be ready. Got 0 of 5 DN Heartbeats.
2023-09-07 08:54:00,932 [main] INFO  ozone.MiniOzoneClusterImpl (MiniOzoneClusterImpl.java:lambda$waitForClusterToBeReady$0(227)) - Waiting for cluster to exit safe mode
2023-09-07 08:54:00,932 [main] INFO  ozone.MiniOzoneClusterImpl (MiniOzoneClusterImpl.java:lambda$waitForClusterToBeReady$0(229)) - SCM became leader
2023-09-07 08:54:01,250 [EndpointStateMachine task thread for /0.0.0.0:15055 - 0 ] INFO  utils.DatanodeStoreCache (DatanodeStoreCache.java:addDB(66)) - Added db /home/runner/work/ozone/ozone/hadoop-ozone/integration-test/target/test-dir/MiniOzoneClusterImpl-ca08a916-3927-468c-b731-1edf5636b3eb/datanode-2/data-0/containers/hdds/ca08a916-3927-468c-b731-1edf5636b3eb/DS-ee23e3f5-d71e-47b8-88f3-d1cf1f8b24c8/container.db to cache
2023-09-07 08:54:01,251 [EndpointStateMachine task thread for /0.0.0.0:15055 - 0 ] INFO  volume.HddsVolume (HddsVolume.java:createDbStore(422)) - SchemaV3 db is created and loaded at /home/runner/work/ozone/ozone/hadoop-ozone/integration-test/target/test-dir/MiniOzoneClusterImpl-ca08a916-3927-468c-b731-1edf5636b3eb/datanode-2/data-0/containers/hdds/ca08a916-3927-468c-b731-1edf5636b3eb/DS-ee23e3f5-d71e-47b8-88f3-d1cf1f8b24c8/container.db for volume DS-ee23e3f5-d71e-47b8-88f3-d1cf1f8b24c8
2023-09-07 08:54:01,252 [EndpointStateMachine task thread for /0.0.0.0:15055 - 0 ] INFO  volume.ThrottledAsyncChecker (ThrottledAsyncChecker.java:schedule(141)) - Scheduling a check for /home/runner/work/ozone/ozone/hadoop-ozone/integration-test/target/test-dir/MiniOzoneClusterImpl-ca08a916-3927-468c-b731-1edf5636b3eb/datanode-2/data-0/containers/hdds
2023-09-07 08:54:01,253 [EndpointStateMachine task thread for /0.0.0.0:15055 - 0 ] INFO  volume.StorageVolumeChecker (StorageVolumeChecker.java:checkAllVolumes(213)) - Scheduled health check for volume /home/runner/work/ozone/ozone/hadoop-ozone/integration-test/target/test-dir/MiniOzoneClusterImpl-ca08a916-3927-468c-b731-1edf5636b3eb/datanode-2/data-0/containers/hdds
2023-09-07 08:54:01,255 [EndpointStateMachine task thread for /0.0.0.0:15055 - 0 ] INFO  volume.ThrottledAsyncChecker (ThrottledAsyncChecker.java:schedule(141)) - Scheduling a check for /home/runner/work/ozone/ozone/hadoop-ozone/integration-test/target/test-dir/MiniOzoneClusterImpl-ca08a916-3927-468c-b731-1edf5636b3eb/datanode-2/data/ratis
2023-09-07 08:54:01,255 [EndpointStateMachine task thread for /0.0.0.0:15055 - 0 ] INFO  volume.StorageVolumeChecker (StorageVolumeChecker.java:checkAllVolumes(213)) - Scheduled health check for volume /home/runner/work/ozone/ozone/hadoop-ozone/integration-test/target/test-dir/MiniOzoneClusterImpl-ca08a916-3927-468c-b731-1edf5636b3eb/datanode-2/data/ratis
2023-09-07 08:54:01,259 [EndpointStateMachine task thread for /0.0.0.0:15055 - 0 ] INFO  ozoneimpl.OzoneContainer (OzoneContainer.java:start(429)) - Attempting to start container services.
2023-09-07 08:54:01,261 [EndpointStateMachine task thread for /0.0.0.0:15055 - 0 ] INFO  ozoneimpl.OzoneContainer (OzoneContainer.java:startContainerScrub(325)) - Scheduled background container scanners and the on-demand container scanner have been disabled.
2023-09-07 08:54:01,263 [EndpointStateMachine task thread for /0.0.0.0:15055 - 0 ] INFO  replication.ReplicationServer (ReplicationServer.java:start(130)) - ReplicationServer is started using port 15087
2023-09-07 08:54:01,263 [EndpointStateMachine task thread for /0.0.0.0:15055 - 0 ] INFO  ratis.XceiverServerRatis (XceiverServerRatis.java:start(517)) - Starting XceiverServerRatis d53ff278-24a5-4154-8938-e562e33f1fe4
2023-09-07 08:54:01,266 [EndpointStateMachine task thread for /0.0.0.0:15055 - 0 ] INFO  server.RaftServer (RaftServerProxy.java:startImpl(400)) - d53ff278-24a5-4154-8938-e562e33f1fe4: start RPC server
2023-09-07 08:54:01,270 [EndpointStateMachine task thread for /0.0.0.0:15055 - 0 ] INFO  server.GrpcService (GrpcService.java:startImpl(302)) - d53ff278-24a5-4154-8938-e562e33f1fe4: GrpcService started, listening on 15083
2023-09-07 08:54:01,271 [EndpointStateMachine task thread for /0.0.0.0:15055 - 0 ] INFO  server.GrpcService (GrpcService.java:startImpl(302)) - d53ff278-24a5-4154-8938-e562e33f1fe4: GrpcService started, listening on 15085
2023-09-07 08:54:01,272 [EndpointStateMachine task thread for /0.0.0.0:15055 - 0 ] INFO  server.GrpcService (GrpcService.java:startImpl(302)) - d53ff278-24a5-4154-8938-e562e33f1fe4: GrpcService started, listening on 15084
2023-09-07 08:54:01,272 [EndpointStateMachine task thread for /0.0.0.0:15055 - 0 ] INFO  ratis.XceiverServerRatis (XceiverServerRatis.java:getRealPort(543)) - XceiverServerRatis d53ff278-24a5-4154-8938-e562e33f1fe4 is started using port 15083 for RATIS
2023-09-07 08:54:01,272 [JvmPauseMonitor11] INFO  util.JvmPauseMonitor (JvmPauseMonitor.java:run(103)) - JvmPauseMonitor-d53ff278-24a5-4154-8938-e562e33f1fe4: Started
2023-09-07 08:54:01,272 [EndpointStateMachine task thread for /0.0.0.0:15055 - 0 ] INFO  ratis.XceiverServerRatis (XceiverServerRatis.java:getRealPort(543)) - XceiverServerRatis d53ff278-24a5-4154-8938-e562e33f1fe4 is started using port 15084 for RATIS_ADMIN
2023-09-07 08:54:01,272 [EndpointStateMachine task thread for /0.0.0.0:15055 - 0 ] INFO  ratis.XceiverServerRatis (XceiverServerRatis.java:getRealPort(543)) - XceiverServerRatis d53ff278-24a5-4154-8938-e562e33f1fe4 is started using port 15085 for RATIS_SERVER
2023-09-07 08:54:01,273 [EndpointStateMachine task thread for /0.0.0.0:15055 - 0 ] INFO  ratis.XceiverServerRatis (XceiverServerRatis.java:getRealPort(543)) - XceiverServerRatis d53ff278-24a5-4154-8938-e562e33f1fe4 is started using port 15086 for RATIS_DATASTREAM
2023-09-07 08:54:01,278 [BlockDeletingService#0] INFO  interfaces.ContainerDeletionChoosingPolicyTemplate (ContainerDeletionChoosingPolicyTemplate.java:chooseContainerForBlockDeletion(85)) - Chosen 0/5000 blocks from 0 candidate containers.
2023-09-07 08:54:01,629 [EndpointStateMachine task thread for /0.0.0.0:15055 - 0 ] INFO  utils.DatanodeStoreCache (DatanodeStoreCache.java:addDB(66)) - Added db /home/runner/work/ozone/ozone/hadoop-ozone/integration-test/target/test-dir/MiniOzoneClusterImpl-ca08a916-3927-468c-b731-1edf5636b3eb/datanode-3/data-0/containers/hdds/ca08a916-3927-468c-b731-1edf5636b3eb/DS-8aceb295-938e-44f5-99d9-f3db17e957a7/container.db to cache
2023-09-07 08:54:01,629 [EndpointStateMachine task thread for /0.0.0.0:15055 - 0 ] INFO  volume.HddsVolume (HddsVolume.java:createDbStore(422)) - SchemaV3 db is created and loaded at /home/runner/work/ozone/ozone/hadoop-ozone/integration-test/target/test-dir/MiniOzoneClusterImpl-ca08a916-3927-468c-b731-1edf5636b3eb/datanode-3/data-0/containers/hdds/ca08a916-3927-468c-b731-1edf5636b3eb/DS-8aceb295-938e-44f5-99d9-f3db17e957a7/container.db for volume DS-8aceb295-938e-44f5-99d9-f3db17e957a7
2023-09-07 08:54:01,633 [EndpointStateMachine task thread for /0.0.0.0:15055 - 0 ] INFO  volume.ThrottledAsyncChecker (ThrottledAsyncChecker.java:schedule(141)) - Scheduling a check for /home/runner/work/ozone/ozone/hadoop-ozone/integration-test/target/test-dir/MiniOzoneClusterImpl-ca08a916-3927-468c-b731-1edf5636b3eb/datanode-3/data-0/containers/hdds
2023-09-07 08:54:01,637 [EndpointStateMachine task thread for /0.0.0.0:15055 - 0 ] INFO  volume.StorageVolumeChecker (StorageVolumeChecker.java:checkAllVolumes(213)) - Scheduled health check for volume /home/runner/work/ozone/ozone/hadoop-ozone/integration-test/target/test-dir/MiniOzoneClusterImpl-ca08a916-3927-468c-b731-1edf5636b3eb/datanode-3/data-0/containers/hdds
2023-09-07 08:54:01,641 [EndpointStateMachine task thread for /0.0.0.0:15055 - 0 ] INFO  volume.ThrottledAsyncChecker (ThrottledAsyncChecker.java:schedule(141)) - Scheduling a check for /home/runner/work/ozone/ozone/hadoop-ozone/integration-test/target/test-dir/MiniOzoneClusterImpl-ca08a916-3927-468c-b731-1edf5636b3eb/datanode-3/data/ratis
2023-09-07 08:54:01,641 [EndpointStateMachine task thread for /0.0.0.0:15055 - 0 ] INFO  volume.StorageVolumeChecker (StorageVolumeChecker.java:checkAllVolumes(213)) - Scheduled health check for volume /home/runner/work/ozone/ozone/hadoop-ozone/integration-test/target/test-dir/MiniOzoneClusterImpl-ca08a916-3927-468c-b731-1edf5636b3eb/datanode-3/data/ratis
2023-09-07 08:54:01,642 [EndpointStateMachine task thread for /0.0.0.0:15055 - 0 ] INFO  ozoneimpl.OzoneContainer (OzoneContainer.java:start(429)) - Attempting to start container services.
2023-09-07 08:54:01,643 [EndpointStateMachine task thread for /0.0.0.0:15055 - 0 ] INFO  ozoneimpl.OzoneContainer (OzoneContainer.java:startContainerScrub(325)) - Scheduled background container scanners and the on-demand container scanner have been disabled.
2023-09-07 08:54:01,644 [EndpointStateMachine task thread for /0.0.0.0:15055 - 0 ] INFO  replication.ReplicationServer (ReplicationServer.java:start(130)) - ReplicationServer is started using port 15096
2023-09-07 08:54:01,644 [EndpointStateMachine task thread for /0.0.0.0:15055 - 0 ] INFO  ratis.XceiverServerRatis (XceiverServerRatis.java:start(517)) - Starting XceiverServerRatis 92b1db46-ede6-4b54-a196-785743adb798
2023-09-07 08:54:01,645 [EndpointStateMachine task thread for /0.0.0.0:15055 - 0 ] INFO  server.RaftServer (RaftServerProxy.java:startImpl(400)) - 92b1db46-ede6-4b54-a196-785743adb798: start RPC server
2023-09-07 08:54:01,646 [EndpointStateMachine task thread for /0.0.0.0:15055 - 0 ] INFO  server.GrpcService (GrpcService.java:startImpl(302)) - 92b1db46-ede6-4b54-a196-785743adb798: GrpcService started, listening on 15092
2023-09-07 08:54:01,647 [EndpointStateMachine task thread for /0.0.0.0:15055 - 0 ] INFO  server.GrpcService (GrpcService.java:startImpl(302)) - 92b1db46-ede6-4b54-a196-785743adb798: GrpcService started, listening on 15094
2023-09-07 08:54:01,650 [EndpointStateMachine task thread for /0.0.0.0:15055 - 0 ] INFO  server.GrpcService (GrpcService.java:startImpl(302)) - 92b1db46-ede6-4b54-a196-785743adb798: GrpcService started, listening on 15093
2023-09-07 08:54:01,651 [EndpointStateMachine task thread for /0.0.0.0:15055 - 0 ] INFO  ratis.XceiverServerRatis (XceiverServerRatis.java:getRealPort(543)) - XceiverServerRatis 92b1db46-ede6-4b54-a196-785743adb798 is started using port 15092 for RATIS
2023-09-07 08:54:01,651 [JvmPauseMonitor12] INFO  util.JvmPauseMonitor (JvmPauseMonitor.java:run(103)) - JvmPauseMonitor-92b1db46-ede6-4b54-a196-785743adb798: Started
2023-09-07 08:54:01,651 [EndpointStateMachine task thread for /0.0.0.0:15055 - 0 ] INFO  ratis.XceiverServerRatis (XceiverServerRatis.java:getRealPort(543)) - XceiverServerRatis 92b1db46-ede6-4b54-a196-785743adb798 is started using port 15093 for RATIS_ADMIN
2023-09-07 08:54:01,651 [EndpointStateMachine task thread for /0.0.0.0:15055 - 0 ] INFO  ratis.XceiverServerRatis (XceiverServerRatis.java:getRealPort(543)) - XceiverServerRatis 92b1db46-ede6-4b54-a196-785743adb798 is started using port 15094 for RATIS_SERVER
2023-09-07 08:54:01,651 [EndpointStateMachine task thread for /0.0.0.0:15055 - 0 ] INFO  ratis.XceiverServerRatis (XceiverServerRatis.java:getRealPort(543)) - XceiverServerRatis 92b1db46-ede6-4b54-a196-785743adb798 is started using port 15095 for RATIS_DATASTREAM
2023-09-07 08:54:01,653 [BlockDeletingService#0] INFO  interfaces.ContainerDeletionChoosingPolicyTemplate (ContainerDeletionChoosingPolicyTemplate.java:chooseContainerForBlockDeletion(85)) - Chosen 0/5000 blocks from 0 candidate containers.
2023-09-07 08:54:01,933 [main] INFO  ozone.MiniOzoneClusterImpl (MiniOzoneClusterImpl.java:lambda$waitForClusterToBeReady$0(224)) - Waiting for nodes to be ready. Got 0 of 5 DN Heartbeats.
2023-09-07 08:54:01,933 [main] INFO  ozone.MiniOzoneClusterImpl (MiniOzoneClusterImpl.java:lambda$waitForClusterToBeReady$0(227)) - Waiting for cluster to exit safe mode
2023-09-07 08:54:01,933 [main] INFO  ozone.MiniOzoneClusterImpl (MiniOzoneClusterImpl.java:lambda$waitForClusterToBeReady$0(229)) - SCM became leader
2023-09-07 08:54:01,991 [EndpointStateMachine task thread for /0.0.0.0:15055 - 0 ] INFO  utils.DatanodeStoreCache (DatanodeStoreCache.java:addDB(66)) - Added db /home/runner/work/ozone/ozone/hadoop-ozone/integration-test/target/test-dir/MiniOzoneClusterImpl-ca08a916-3927-468c-b731-1edf5636b3eb/datanode-4/data-0/containers/hdds/ca08a916-3927-468c-b731-1edf5636b3eb/DS-8c6509ff-3c5d-4a67-909e-77d0808f7865/container.db to cache
2023-09-07 08:54:01,991 [EndpointStateMachine task thread for /0.0.0.0:15055 - 0 ] INFO  volume.HddsVolume (HddsVolume.java:createDbStore(422)) - SchemaV3 db is created and loaded at /home/runner/work/ozone/ozone/hadoop-ozone/integration-test/target/test-dir/MiniOzoneClusterImpl-ca08a916-3927-468c-b731-1edf5636b3eb/datanode-4/data-0/containers/hdds/ca08a916-3927-468c-b731-1edf5636b3eb/DS-8c6509ff-3c5d-4a67-909e-77d0808f7865/container.db for volume DS-8c6509ff-3c5d-4a67-909e-77d0808f7865
2023-09-07 08:54:01,992 [EndpointStateMachine task thread for /0.0.0.0:15055 - 0 ] INFO  volume.ThrottledAsyncChecker (ThrottledAsyncChecker.java:schedule(141)) - Scheduling a check for /home/runner/work/ozone/ozone/hadoop-ozone/integration-test/target/test-dir/MiniOzoneClusterImpl-ca08a916-3927-468c-b731-1edf5636b3eb/datanode-4/data-0/containers/hdds
2023-09-07 08:54:01,992 [EndpointStateMachine task thread for /0.0.0.0:15055 - 0 ] INFO  volume.StorageVolumeChecker (StorageVolumeChecker.java:checkAllVolumes(213)) - Scheduled health check for volume /home/runner/work/ozone/ozone/hadoop-ozone/integration-test/target/test-dir/MiniOzoneClusterImpl-ca08a916-3927-468c-b731-1edf5636b3eb/datanode-4/data-0/containers/hdds
2023-09-07 08:54:01,995 [EndpointStateMachine task thread for /0.0.0.0:15055 - 0 ] INFO  volume.ThrottledAsyncChecker (ThrottledAsyncChecker.java:schedule(141)) - Scheduling a check for /home/runner/work/ozone/ozone/hadoop-ozone/integration-test/target/test-dir/MiniOzoneClusterImpl-ca08a916-3927-468c-b731-1edf5636b3eb/datanode-4/data/ratis
2023-09-07 08:54:01,995 [EndpointStateMachine task thread for /0.0.0.0:15055 - 0 ] INFO  volume.StorageVolumeChecker (StorageVolumeChecker.java:checkAllVolumes(213)) - Scheduled health check for volume /home/runner/work/ozone/ozone/hadoop-ozone/integration-test/target/test-dir/MiniOzoneClusterImpl-ca08a916-3927-468c-b731-1edf5636b3eb/datanode-4/data/ratis
2023-09-07 08:54:01,996 [EndpointStateMachine task thread for /0.0.0.0:15055 - 0 ] INFO  ozoneimpl.OzoneContainer (OzoneContainer.java:start(429)) - Attempting to start container services.
2023-09-07 08:54:01,997 [EndpointStateMachine task thread for /0.0.0.0:15055 - 0 ] INFO  ozoneimpl.OzoneContainer (OzoneContainer.java:startContainerScrub(325)) - Scheduled background container scanners and the on-demand container scanner have been disabled.
2023-09-07 08:54:02,000 [EndpointStateMachine task thread for /0.0.0.0:15055 - 0 ] INFO  replication.ReplicationServer (ReplicationServer.java:start(130)) - ReplicationServer is started using port 15105
2023-09-07 08:54:02,000 [EndpointStateMachine task thread for /0.0.0.0:15055 - 0 ] INFO  ratis.XceiverServerRatis (XceiverServerRatis.java:start(517)) - Starting XceiverServerRatis f4e4783d-3001-46db-b6c9-216b79feec14
2023-09-07 08:54:02,001 [EndpointStateMachine task thread for /0.0.0.0:15055 - 0 ] INFO  server.RaftServer (RaftServerProxy.java:startImpl(400)) - f4e4783d-3001-46db-b6c9-216b79feec14: start RPC server
2023-09-07 08:54:02,002 [EndpointStateMachine task thread for /0.0.0.0:15055 - 0 ] INFO  server.GrpcService (GrpcService.java:startImpl(302)) - f4e4783d-3001-46db-b6c9-216b79feec14: GrpcService started, listening on 15101
2023-09-07 08:54:02,003 [EndpointStateMachine task thread for /0.0.0.0:15055 - 0 ] INFO  server.GrpcService (GrpcService.java:startImpl(302)) - f4e4783d-3001-46db-b6c9-216b79feec14: GrpcService started, listening on 15103
2023-09-07 08:54:02,005 [EndpointStateMachine task thread for /0.0.0.0:15055 - 0 ] INFO  server.GrpcService (GrpcService.java:startImpl(302)) - f4e4783d-3001-46db-b6c9-216b79feec14: GrpcService started, listening on 15102
2023-09-07 08:54:02,006 [EndpointStateMachine task thread for /0.0.0.0:15055 - 0 ] INFO  ratis.XceiverServerRatis (XceiverServerRatis.java:getRealPort(543)) - XceiverServerRatis f4e4783d-3001-46db-b6c9-216b79feec14 is started using port 15101 for RATIS
2023-09-07 08:54:02,006 [EndpointStateMachine task thread for /0.0.0.0:15055 - 0 ] INFO  ratis.XceiverServerRatis (XceiverServerRatis.java:getRealPort(543)) - XceiverServerRatis f4e4783d-3001-46db-b6c9-216b79feec14 is started using port 15102 for RATIS_ADMIN
2023-09-07 08:54:02,006 [EndpointStateMachine task thread for /0.0.0.0:15055 - 0 ] INFO  ratis.XceiverServerRatis (XceiverServerRatis.java:getRealPort(543)) - XceiverServerRatis f4e4783d-3001-46db-b6c9-216b79feec14 is started using port 15103 for RATIS_SERVER
2023-09-07 08:54:02,006 [EndpointStateMachine task thread for /0.0.0.0:15055 - 0 ] INFO  ratis.XceiverServerRatis (XceiverServerRatis.java:getRealPort(543)) - XceiverServerRatis f4e4783d-3001-46db-b6c9-216b79feec14 is started using port 15104 for RATIS_DATASTREAM
2023-09-07 08:54:02,006 [JvmPauseMonitor13] INFO  util.JvmPauseMonitor (JvmPauseMonitor.java:run(103)) - JvmPauseMonitor-f4e4783d-3001-46db-b6c9-216b79feec14: Started
2023-09-07 08:54:02,009 [BlockDeletingService#0] INFO  interfaces.ContainerDeletionChoosingPolicyTemplate (ContainerDeletionChoosingPolicyTemplate.java:chooseContainerForBlockDeletion(85)) - Chosen 0/5000 blocks from 0 candidate containers.
2023-09-07 08:54:02,419 [IPC Server handler 2 on default port 15055] INFO  net.NetworkTopologyImpl (NetworkTopologyImpl.java:add(112)) - Added a new node: /default-rack/631d0543-e884-417b-8085-5eab660cf7c0
2023-09-07 08:54:02,419 [IPC Server handler 2 on default port 15055] INFO  node.SCMNodeManager (SCMNodeManager.java:register(405)) - Registered Data node : 631d0543-e884-417b-8085-5eab660cf7c0{ip: 10.1.0.48, host: fv-az793-921.vth4h2cvs0culokhaokvhxz15b.jx.internal.cloudapp.net, ports: [HTTP=15062, CLIENT_RPC=15063, REPLICATION=15069, RATIS=15065, RATIS_ADMIN=15066, RATIS_SERVER=15067, RATIS_DATASTREAM=15068, STANDALONE=15064], networkLocation: /default-rack, certSerialId: null, persistedOpState: null, persistedOpStateExpiryEpochSec: 0}
2023-09-07 08:54:02,422 [EventQueue-NodeRegistrationContainerReportForContainerSafeModeRule] INFO  safemode.SCMSafeModeManager (SCMSafeModeManager.java:validateSafeModeExitRules(200)) - ContainerSafeModeRule rule is successfully validated
2023-09-07 08:54:02,423 [EventQueue-NodeRegistrationContainerReportForDataNodeSafeModeRule] INFO  safemode.SCMSafeModeManager (DataNodeSafeModeRule.java:process(71)) - SCM in safe mode. 1 DataNodes registered, 3 required.
2023-09-07 08:54:02,427 [EventQueue-NewNodeForNewNodeHandler] INFO  pipeline.BackgroundPipelineCreator (BackgroundPipelineCreator.java:notifyEventTriggered(277)) - trigger a one-shot run on RatisPipelineUtilsThread.
2023-09-07 08:54:02,427 [RatisPipelineUtilsThread - 0] INFO  pipeline.RatisPipelineProvider (RatisPipelineProvider.java:lambda$create$0(206)) - Sending CreatePipelineCommand for pipeline:PipelineID=032aeb7f-7c2d-4e30-969f-0a10452db37d to datanode:631d0543-e884-417b-8085-5eab660cf7c0
2023-09-07 08:54:02,428 [RatisPipelineUtilsThread - 0] INFO  pipeline.BackgroundPipelineCreator (BackgroundPipelineCreator.java:createPipelines(233)) - Created new pipeline Pipeline[ Id: 032aeb7f-7c2d-4e30-969f-0a10452db37d, Nodes: 631d0543-e884-417b-8085-5eab660cf7c0(fv-az793-921.vth4h2cvs0culokhaokvhxz15b.jx.internal.cloudapp.net/10.1.0.48), ReplicationConfig: RATIS/ONE, State:ALLOCATED, leaderId:, CreationTimestamp2023-09-07T08:54:02.427Z[Etc/UTC]]
2023-09-07 08:54:02,429 [EventQueue-PipelineReportForOneReplicaPipelineSafeModeRule] INFO  safemode.SCMSafeModeManager (SCMSafeModeManager.java:validateSafeModeExitRules(200)) - AtleastOneDatanodeReportedRule rule is successfully validated
2023-09-07 08:54:02,807 [IPC Server handler 0 on default port 15055] INFO  net.NetworkTopologyImpl (NetworkTopologyImpl.java:add(112)) - Added a new node: /default-rack/bb55b568-9515-4c72-9e9b-b757ab502a4b
2023-09-07 08:54:02,807 [IPC Server handler 0 on default port 15055] INFO  node.SCMNodeManager (SCMNodeManager.java:register(405)) - Registered Data node : bb55b568-9515-4c72-9e9b-b757ab502a4b{ip: 10.1.0.48, host: fv-az793-921.vth4h2cvs0culokhaokvhxz15b.jx.internal.cloudapp.net, ports: [HTTP=15071, CLIENT_RPC=15072, REPLICATION=15078, RATIS=15074, RATIS_ADMIN=15075, RATIS_SERVER=15076, RATIS_DATASTREAM=15077, STANDALONE=15073], networkLocation: /default-rack, certSerialId: null, persistedOpState: null, persistedOpStateExpiryEpochSec: 0}
2023-09-07 08:54:02,807 [EventQueue-NewNodeForNewNodeHandler] INFO  pipeline.BackgroundPipelineCreator (BackgroundPipelineCreator.java:notifyEventTriggered(277)) - trigger a one-shot run on RatisPipelineUtilsThread.
2023-09-07 08:54:02,809 [EventQueue-NodeRegistrationContainerReportForDataNodeSafeModeRule] INFO  safemode.SCMSafeModeManager (DataNodeSafeModeRule.java:process(71)) - SCM in safe mode. 2 DataNodes registered, 3 required.
2023-09-07 08:54:02,809 [RatisPipelineUtilsThread - 0] INFO  pipeline.RatisPipelineProvider (RatisPipelineProvider.java:lambda$create$0(206)) - Sending CreatePipelineCommand for pipeline:PipelineID=eb61e8aa-d755-41e7-a231-af4568ce714f to datanode:bb55b568-9515-4c72-9e9b-b757ab502a4b
2023-09-07 08:54:02,810 [RatisPipelineUtilsThread - 0] INFO  pipeline.BackgroundPipelineCreator (BackgroundPipelineCreator.java:createPipelines(233)) - Created new pipeline Pipeline[ Id: eb61e8aa-d755-41e7-a231-af4568ce714f, Nodes: bb55b568-9515-4c72-9e9b-b757ab502a4b(fv-az793-921.vth4h2cvs0culokhaokvhxz15b.jx.internal.cloudapp.net/10.1.0.48), ReplicationConfig: RATIS/ONE, State:ALLOCATED, leaderId:, CreationTimestamp2023-09-07T08:54:02.809Z[Etc/UTC]]
2023-09-07 08:54:02,933 [main] INFO  ozone.MiniOzoneClusterImpl (MiniOzoneClusterImpl.java:lambda$waitForClusterToBeReady$0(224)) - Waiting for nodes to be ready. Got 2 of 5 DN Heartbeats.
2023-09-07 08:54:02,934 [main] INFO  ozone.MiniOzoneClusterImpl (MiniOzoneClusterImpl.java:lambda$waitForClusterToBeReady$0(227)) - Waiting for cluster to exit safe mode
2023-09-07 08:54:02,934 [main] INFO  ozone.MiniOzoneClusterImpl (MiniOzoneClusterImpl.java:lambda$waitForClusterToBeReady$0(229)) - SCM became leader
2023-09-07 08:54:03,200 [IPC Server handler 2 on default port 15055] INFO  net.NetworkTopologyImpl (NetworkTopologyImpl.java:add(112)) - Added a new node: /default-rack/d53ff278-24a5-4154-8938-e562e33f1fe4
2023-09-07 08:54:03,200 [IPC Server handler 2 on default port 15055] INFO  node.SCMNodeManager (SCMNodeManager.java:register(405)) - Registered Data node : d53ff278-24a5-4154-8938-e562e33f1fe4{ip: 10.1.0.48, host: fv-az793-921.vth4h2cvs0culokhaokvhxz15b.jx.internal.cloudapp.net, ports: [HTTP=15080, CLIENT_RPC=15081, REPLICATION=15087, RATIS=15083, RATIS_ADMIN=15084, RATIS_SERVER=15085, RATIS_DATASTREAM=15086, STANDALONE=15082], networkLocation: /default-rack, certSerialId: null, persistedOpState: null, persistedOpStateExpiryEpochSec: 0}
2023-09-07 08:54:03,202 [EventQueue-NodeRegistrationContainerReportForDataNodeSafeModeRule] INFO  safemode.SCMSafeModeManager (DataNodeSafeModeRule.java:process(71)) - SCM in safe mode. 3 DataNodes registered, 3 required.
2023-09-07 08:54:03,202 [EventQueue-NodeRegistrationContainerReportForDataNodeSafeModeRule] INFO  safemode.SCMSafeModeManager (SCMSafeModeManager.java:validateSafeModeExitRules(200)) - DataNodeSafeModeRule rule is successfully validated
2023-09-07 08:54:03,202 [EventQueue-NodeRegistrationContainerReportForDataNodeSafeModeRule] INFO  safemode.SCMSafeModeManager (SCMSafeModeManager.java:completePreCheck(229)) - All SCM safe mode pre check rules have passed
2023-09-07 08:54:03,202 [EventQueue-NodeRegistrationContainerReportForDataNodeSafeModeRule] INFO  ha.SCMContext (SCMContext.java:updateSafeModeStatus(228)) - Update SafeModeStatus from SafeModeStatus{safeModeStatus=true, preCheckPassed=false} to SafeModeStatus{safeModeStatus=true, preCheckPassed=true}.
2023-09-07 08:54:03,202 [EventQueue-NewNodeForNewNodeHandler] INFO  pipeline.BackgroundPipelineCreator (BackgroundPipelineCreator.java:notifyEventTriggered(277)) - trigger a one-shot run on RatisPipelineUtilsThread.
2023-09-07 08:54:03,202 [EventQueue-NodeRegistrationContainerReportForDataNodeSafeModeRule] INFO  pipeline.BackgroundPipelineCreator (BackgroundPipelineCreator.java:notifyEventTriggered(277)) - trigger a one-shot run on RatisPipelineUtilsThread.
2023-09-07 08:54:03,203 [RatisPipelineUtilsThread - 0] INFO  pipeline.RatisPipelineProvider (RatisPipelineProvider.java:lambda$create$0(206)) - Sending CreatePipelineCommand for pipeline:PipelineID=7d1fdec5-1c89-4c87-965e-629976f10c3c to datanode:d53ff278-24a5-4154-8938-e562e33f1fe4
2023-09-07 08:54:03,204 [RatisPipelineUtilsThread - 0] INFO  pipeline.BackgroundPipelineCreator (BackgroundPipelineCreator.java:createPipelines(233)) - Created new pipeline Pipeline[ Id: 7d1fdec5-1c89-4c87-965e-629976f10c3c, Nodes: d53ff278-24a5-4154-8938-e562e33f1fe4(fv-az793-921.vth4h2cvs0culokhaokvhxz15b.jx.internal.cloudapp.net/10.1.0.48), ReplicationConfig: RATIS/ONE, State:ALLOCATED, leaderId:, CreationTimestamp2023-09-07T08:54:03.203Z[Etc/UTC]]
2023-09-07 08:54:03,205 [RatisPipelineUtilsThread - 0] INFO  pipeline.RatisPipelineProvider (RatisPipelineProvider.java:lambda$create$0(206)) - Sending CreatePipelineCommand for pipeline:PipelineID=5ba4d63c-8cdd-4639-bc3a-d902ebffd29f to datanode:d53ff278-24a5-4154-8938-e562e33f1fe4
2023-09-07 08:54:03,208 [RatisPipelineUtilsThread - 0] INFO  pipeline.RatisPipelineProvider (RatisPipelineProvider.java:lambda$create$0(206)) - Sending CreatePipelineCommand for pipeline:PipelineID=5ba4d63c-8cdd-4639-bc3a-d902ebffd29f to datanode:631d0543-e884-417b-8085-5eab660cf7c0
2023-09-07 08:54:03,208 [RatisPipelineUtilsThread - 0] INFO  pipeline.RatisPipelineProvider (RatisPipelineProvider.java:lambda$create$0(206)) - Sending CreatePipelineCommand for pipeline:PipelineID=5ba4d63c-8cdd-4639-bc3a-d902ebffd29f to datanode:bb55b568-9515-4c72-9e9b-b757ab502a4b
2023-09-07 08:54:03,209 [RatisPipelineUtilsThread - 0] INFO  pipeline.BackgroundPipelineCreator (BackgroundPipelineCreator.java:createPipelines(233)) - Created new pipeline Pipeline[ Id: 5ba4d63c-8cdd-4639-bc3a-d902ebffd29f, Nodes: d53ff278-24a5-4154-8938-e562e33f1fe4(fv-az793-921.vth4h2cvs0culokhaokvhxz15b.jx.internal.cloudapp.net/10.1.0.48)631d0543-e884-417b-8085-5eab660cf7c0(fv-az793-921.vth4h2cvs0culokhaokvhxz15b.jx.internal.cloudapp.net/10.1.0.48)bb55b568-9515-4c72-9e9b-b757ab502a4b(fv-az793-921.vth4h2cvs0culokhaokvhxz15b.jx.internal.cloudapp.net/10.1.0.48), ReplicationConfig: RATIS/THREE, State:ALLOCATED, leaderId:, CreationTimestamp2023-09-07T08:54:03.205Z[Etc/UTC]]
2023-09-07 08:54:03,213 [RatisPipelineUtilsThread - 0] INFO  pipeline.RatisPipelineProvider (RatisPipelineProvider.java:lambda$create$0(206)) - Sending CreatePipelineCommand for pipeline:PipelineID=68df4c7c-a2cf-46aa-a303-76c51690f0f5 to datanode:d53ff278-24a5-4154-8938-e562e33f1fe4
2023-09-07 08:54:03,214 [RatisPipelineUtilsThread - 0] INFO  pipeline.RatisPipelineProvider (RatisPipelineProvider.java:lambda$create$0(206)) - Sending CreatePipelineCommand for pipeline:PipelineID=68df4c7c-a2cf-46aa-a303-76c51690f0f5 to datanode:631d0543-e884-417b-8085-5eab660cf7c0
2023-09-07 08:54:03,214 [RatisPipelineUtilsThread - 0] INFO  pipeline.RatisPipelineProvider (RatisPipelineProvider.java:lambda$create$0(206)) - Sending CreatePipelineCommand for pipeline:PipelineID=68df4c7c-a2cf-46aa-a303-76c51690f0f5 to datanode:bb55b568-9515-4c72-9e9b-b757ab502a4b
2023-09-07 08:54:03,218 [RatisPipelineUtilsThread - 0] INFO  pipeline.PipelineManagerImpl (PipelineManagerImpl.java:recordMetricsForPipeline(914)) - Pipeline: PipelineID=68df4c7c-a2cf-46aa-a303-76c51690f0f5 contains same datanodes as previous pipelines: PipelineID=5ba4d63c-8cdd-4639-bc3a-d902ebffd29f nodeIds: d53ff278-24a5-4154-8938-e562e33f1fe4, 631d0543-e884-417b-8085-5eab660cf7c0, bb55b568-9515-4c72-9e9b-b757ab502a4b
2023-09-07 08:54:03,218 [RatisPipelineUtilsThread - 0] INFO  pipeline.BackgroundPipelineCreator (BackgroundPipelineCreator.java:createPipelines(233)) - Created new pipeline Pipeline[ Id: 68df4c7c-a2cf-46aa-a303-76c51690f0f5, Nodes: d53ff278-24a5-4154-8938-e562e33f1fe4(fv-az793-921.vth4h2cvs0culokhaokvhxz15b.jx.internal.cloudapp.net/10.1.0.48)631d0543-e884-417b-8085-5eab660cf7c0(fv-az793-921.vth4h2cvs0culokhaokvhxz15b.jx.internal.cloudapp.net/10.1.0.48)bb55b568-9515-4c72-9e9b-b757ab502a4b(fv-az793-921.vth4h2cvs0culokhaokvhxz15b.jx.internal.cloudapp.net/10.1.0.48), ReplicationConfig: RATIS/THREE, State:ALLOCATED, leaderId:, CreationTimestamp2023-09-07T08:54:03.213Z[Etc/UTC]]
2023-09-07 08:54:03,585 [IPC Server handler 3 on default port 15055] INFO  net.NetworkTopologyImpl (NetworkTopologyImpl.java:add(112)) - Added a new node: /default-rack/92b1db46-ede6-4b54-a196-785743adb798
2023-09-07 08:54:03,585 [IPC Server handler 3 on default port 15055] INFO  node.SCMNodeManager (SCMNodeManager.java:register(405)) - Registered Data node : 92b1db46-ede6-4b54-a196-785743adb798{ip: 10.1.0.48, host: fv-az793-921.vth4h2cvs0culokhaokvhxz15b.jx.internal.cloudapp.net, ports: [HTTP=15089, CLIENT_RPC=15090, REPLICATION=15096, RATIS=15092, RATIS_ADMIN=15093, RATIS_SERVER=15094, RATIS_DATASTREAM=15095, STANDALONE=15091], networkLocation: /default-rack, certSerialId: null, persistedOpState: null, persistedOpStateExpiryEpochSec: 0}
2023-09-07 08:54:03,585 [EventQueue-NewNodeForNewNodeHandler] INFO  pipeline.BackgroundPipelineCreator (BackgroundPipelineCreator.java:notifyEventTriggered(277)) - trigger a one-shot run on RatisPipelineUtilsThread.
2023-09-07 08:54:03,588 [RatisPipelineUtilsThread - 0] INFO  pipeline.RatisPipelineProvider (RatisPipelineProvider.java:lambda$create$0(206)) - Sending CreatePipelineCommand for pipeline:PipelineID=9a33256d-0f18-4459-abf5-4ba21314729c to datanode:92b1db46-ede6-4b54-a196-785743adb798
2023-09-07 08:54:03,590 [RatisPipelineUtilsThread - 0] INFO  pipeline.BackgroundPipelineCreator (BackgroundPipelineCreator.java:createPipelines(233)) - Created new pipeline Pipeline[ Id: 9a33256d-0f18-4459-abf5-4ba21314729c, Nodes: 92b1db46-ede6-4b54-a196-785743adb798(fv-az793-921.vth4h2cvs0culokhaokvhxz15b.jx.internal.cloudapp.net/10.1.0.48), ReplicationConfig: RATIS/ONE, State:ALLOCATED, leaderId:, CreationTimestamp2023-09-07T08:54:03.588Z[Etc/UTC]]
2023-09-07 08:54:03,934 [main] INFO  ozone.MiniOzoneClusterImpl (MiniOzoneClusterImpl.java:lambda$waitForClusterToBeReady$0(224)) - Waiting for nodes to be ready. Got 4 of 5 DN Heartbeats.
2023-09-07 08:54:03,934 [main] INFO  ozone.MiniOzoneClusterImpl (MiniOzoneClusterImpl.java:lambda$waitForClusterToBeReady$0(227)) - Waiting for cluster to exit safe mode
2023-09-07 08:54:03,935 [main] INFO  ozone.MiniOzoneClusterImpl (MiniOzoneClusterImpl.java:lambda$waitForClusterToBeReady$0(229)) - SCM became leader
2023-09-07 08:54:03,943 [IPC Server handler 1 on default port 15055] INFO  net.NetworkTopologyImpl (NetworkTopologyImpl.java:add(112)) - Added a new node: /default-rack/f4e4783d-3001-46db-b6c9-216b79feec14
2023-09-07 08:54:03,943 [IPC Server handler 1 on default port 15055] INFO  node.SCMNodeManager (SCMNodeManager.java:register(405)) - Registered Data node : f4e4783d-3001-46db-b6c9-216b79feec14{ip: 10.1.0.48, host: fv-az793-921.vth4h2cvs0culokhaokvhxz15b.jx.internal.cloudapp.net, ports: [HTTP=15098, CLIENT_RPC=15099, REPLICATION=15105, RATIS=15101, RATIS_ADMIN=15102, RATIS_SERVER=15103, RATIS_DATASTREAM=15104, STANDALONE=15100], networkLocation: /default-rack, certSerialId: null, persistedOpState: null, persistedOpStateExpiryEpochSec: 0}
2023-09-07 08:54:03,943 [EventQueue-NewNodeForNewNodeHandler] INFO  pipeline.BackgroundPipelineCreator (BackgroundPipelineCreator.java:notifyEventTriggered(277)) - trigger a one-shot run on RatisPipelineUtilsThread.
2023-09-07 08:54:03,944 [RatisPipelineUtilsThread - 0] INFO  pipeline.RatisPipelineProvider (RatisPipelineProvider.java:lambda$create$0(206)) - Sending CreatePipelineCommand for pipeline:PipelineID=4295f76a-f4e3-4a41-9b29-973b30f96ff3 to datanode:f4e4783d-3001-46db-b6c9-216b79feec14
2023-09-07 08:54:03,944 [RatisPipelineUtilsThread - 0] INFO  pipeline.BackgroundPipelineCreator (BackgroundPipelineCreator.java:createPipelines(233)) - Created new pipeline Pipeline[ Id: 4295f76a-f4e3-4a41-9b29-973b30f96ff3, Nodes: f4e4783d-3001-46db-b6c9-216b79feec14(fv-az793-921.vth4h2cvs0culokhaokvhxz15b.jx.internal.cloudapp.net/10.1.0.48), ReplicationConfig: RATIS/ONE, State:ALLOCATED, leaderId:, CreationTimestamp2023-09-07T08:54:03.944Z[Etc/UTC]]
2023-09-07 08:54:04,935 [main] INFO  ozone.MiniOzoneClusterImpl (MiniOzoneClusterImpl.java:lambda$waitForClusterToBeReady$0(224)) - Nodes are ready. Got 5 of 5 DN Heartbeats.
2023-09-07 08:54:04,935 [main] INFO  ozone.MiniOzoneClusterImpl (MiniOzoneClusterImpl.java:lambda$waitForClusterToBeReady$0(227)) - Waiting for cluster to exit safe mode
2023-09-07 08:54:04,935 [main] INFO  ozone.MiniOzoneClusterImpl (MiniOzoneClusterImpl.java:lambda$waitForClusterToBeReady$0(229)) - SCM became leader
2023-09-07 08:54:05,420 [PipelineCommandHandlerThread-0] INFO  server.RaftServer (RaftServerProxy.java:addNew(98)) - 631d0543-e884-417b-8085-5eab660cf7c0: addNew group-0A10452DB37D:[631d0543-e884-417b-8085-5eab660cf7c0|rpc:10.1.0.48:15067|admin:10.1.0.48:15066|client:10.1.0.48:15065|dataStream:10.1.0.48:15068|priority:1|startupRole:FOLLOWER] returns group-0A10452DB37D:java.util.concurrent.CompletableFuture@78c54d9d[Not completed]
2023-09-07 08:54:05,422 [631d0543-e884-417b-8085-5eab660cf7c0-groupManagement] INFO  server.RaftServer$Division (RaftServerImpl.java:<init>(198)) - 631d0543-e884-417b-8085-5eab660cf7c0: new RaftServerImpl for group-0A10452DB37D:[631d0543-e884-417b-8085-5eab660cf7c0|rpc:10.1.0.48:15067|admin:10.1.0.48:15066|client:10.1.0.48:15065|dataStream:10.1.0.48:15068|priority:1|startupRole:FOLLOWER] with ContainerStateMachine:uninitialized
2023-09-07 08:54:05,422 [631d0543-e884-417b-8085-5eab660cf7c0-groupManagement] INFO  server.RaftServerConfigKeys (ConfUtils.java:logGet(46)) - raft.server.rpc.timeout.min = 5s (custom)
2023-09-07 08:54:05,422 [631d0543-e884-417b-8085-5eab660cf7c0-groupManagement] INFO  server.RaftServerConfigKeys (ConfUtils.java:logGet(46)) - raft.server.rpc.timeout.max = 5200ms (custom)
2023-09-07 08:54:05,422 [631d0543-e884-417b-8085-5eab660cf7c0-groupManagement] INFO  server.RaftServerConfigKeys (ConfUtils.java:logGet(46)) - raft.server.rpc.sleep.time = 25ms (default)
2023-09-07 08:54:05,422 [631d0543-e884-417b-8085-5eab660cf7c0-groupManagement] INFO  server.RaftServerConfigKeys (ConfUtils.java:logGet(46)) - raft.server.rpc.slowness.timeout = 300s (custom)
2023-09-07 08:54:05,422 [631d0543-e884-417b-8085-5eab660cf7c0-groupManagement] INFO  server.RaftServerConfigKeys (ConfUtils.java:logGet(46)) - raft.server.leaderelection.leader.step-down.wait-time = 10s (default)
2023-09-07 08:54:05,423 [631d0543-e884-417b-8085-5eab660cf7c0-groupManagement] INFO  server.RaftServerConfigKeys (ConfUtils.java:logGet(46)) - raft.server.sleep.deviation.threshold = 300ms (default)
2023-09-07 08:54:05,423 [631d0543-e884-417b-8085-5eab660cf7c0-groupManagement] INFO  server.RaftServer$Division (ServerState.java:<init>(120)) - 631d0543-e884-417b-8085-5eab660cf7c0@group-0A10452DB37D: ConfigurationManager, init=-1: peers:[631d0543-e884-417b-8085-5eab660cf7c0|rpc:10.1.0.48:15067|admin:10.1.0.48:15066|client:10.1.0.48:15065|dataStream:10.1.0.48:15068|priority:1|startupRole:FOLLOWER]|listeners:[], old=null, confs=<EMPTY_MAP>
2023-09-07 08:54:05,423 [631d0543-e884-417b-8085-5eab660cf7c0-groupManagement] INFO  server.RaftServerConfigKeys (ConfUtils.java:logGet(46)) - raft.server.storage.dir = [/home/runner/work/ozone/ozone/hadoop-ozone/integration-test/target/test-dir/MiniOzoneClusterImpl-ca08a916-3927-468c-b731-1edf5636b3eb/datanode-0/data/ratis] (custom)
2023-09-07 08:54:05,423 [631d0543-e884-417b-8085-5eab660cf7c0-groupManagement] INFO  server.RaftServerConfigKeys (ConfUtils.java:logGet(46)) - raft.server.log.corruption.policy = EXCEPTION (default)
2023-09-07 08:54:05,423 [631d0543-e884-417b-8085-5eab660cf7c0-groupManagement] INFO  server.RaftServerConfigKeys (ConfUtils.java:logGet(46)) - raft.server.storage.free-space.min = 0MB (=0) (default)
2023-09-07 08:54:05,423 [631d0543-e884-417b-8085-5eab660cf7c0-groupManagement] INFO  server.RaftServerConfigKeys (ConfUtils.java:logGet(46)) - raft.server.notification.no-leader.timeout = 300s (custom)
2023-09-07 08:54:05,423 [631d0543-e884-417b-8085-5eab660cf7c0-groupManagement] INFO  server.RaftServerConfigKeys (ConfUtils.java:logGet(46)) - raft.server.read.timeout = 10s (default)
2023-09-07 08:54:05,423 [631d0543-e884-417b-8085-5eab660cf7c0-groupManagement] INFO  server.RaftServerConfigKeys (ConfUtils.java:logGet(46)) - raft.server.retrycache.expirytime = 600000ms (custom)
2023-09-07 08:54:05,423 [631d0543-e884-417b-8085-5eab660cf7c0-groupManagement] INFO  server.RaftServerConfigKeys (ConfUtils.java:logGet(46)) - raft.server.retrycache.statistics.expirytime = 100μs (default)
2023-09-07 08:54:05,424 [631d0543-e884-417b-8085-5eab660cf7c0-groupManagement] INFO  server.RaftServerConfigKeys (ConfUtils.java:logGet(46)) - raft.server.read.option = DEFAULT (default)
2023-09-07 08:54:05,425 [631d0543-e884-417b-8085-5eab660cf7c0-groupManagement] INFO  server.RaftServerConfigKeys (ConfUtils.java:logGet(46)) - raft.server.rpc.request.timeout = 60s (custom)
2023-09-07 08:54:05,425 [631d0543-e884-417b-8085-5eab660cf7c0-groupManagement] INFO  server.RaftServerConfigKeys (ConfUtils.java:logGet(46)) - raft.server.log.appender.install.snapshot.enabled = false (custom)
2023-09-07 08:54:05,425 [631d0543-e884-417b-8085-5eab660cf7c0-groupManagement] INFO  server.RaftServerConfigKeys (ConfUtils.java:logGet(46)) - raft.server.threadpool.server.cached = true (default)
2023-09-07 08:54:05,426 [631d0543-e884-417b-8085-5eab660cf7c0-groupManagement] INFO  server.RaftServerConfigKeys (ConfUtils.java:logGet(46)) - raft.server.threadpool.server.size = 0 (default)
2023-09-07 08:54:05,426 [631d0543-e884-417b-8085-5eab660cf7c0-groupManagement] INFO  server.RaftServerConfigKeys (ConfUtils.java:logGet(46)) - raft.server.threadpool.client.cached = true (default)
2023-09-07 08:54:05,426 [631d0543-e884-417b-8085-5eab660cf7c0-groupManagement] INFO  server.RaftServerConfigKeys (ConfUtils.java:logGet(46)) - raft.server.threadpool.client.size = 0 (default)
2023-09-07 08:54:05,426 [631d0543-e884-417b-8085-5eab660cf7c0-groupManagement] INFO  storage.RaftStorageDirectory (RaftStorageDirectoryImpl.java:analyzeStorage(137)) - The storage directory /home/runner/work/ozone/ozone/hadoop-ozone/integration-test/target/test-dir/MiniOzoneClusterImpl-ca08a916-3927-468c-b731-1edf5636b3eb/datanode-0/data/ratis/032aeb7f-7c2d-4e30-969f-0a10452db37d does not exist. Creating ...
2023-09-07 08:54:05,427 [631d0543-e884-417b-8085-5eab660cf7c0-groupManagement] INFO  storage.RaftStorageDirectory (RaftStorageDirectoryImpl.java:tryLock(231)) - Lock on /home/runner/work/ozone/ozone/hadoop-ozone/integration-test/target/test-dir/MiniOzoneClusterImpl-ca08a916-3927-468c-b731-1edf5636b3eb/datanode-0/data/ratis/032aeb7f-7c2d-4e30-969f-0a10452db37d/in_use.lock acquired by nodename 7589@fv-az793-921
2023-09-07 08:54:05,429 [631d0543-e884-417b-8085-5eab660cf7c0-groupManagement] INFO  storage.RaftStorage (RaftStorageImpl.java:format(96)) - Storage directory /home/runner/work/ozone/ozone/hadoop-ozone/integration-test/target/test-dir/MiniOzoneClusterImpl-ca08a916-3927-468c-b731-1edf5636b3eb/datanode-0/data/ratis/032aeb7f-7c2d-4e30-969f-0a10452db37d has been successfully formatted.
2023-09-07 08:54:05,430 [631d0543-e884-417b-8085-5eab660cf7c0-groupManagement] INFO  ratis.ContainerStateMachine (ContainerStateMachine.java:loadSnapshot(262)) - group-0A10452DB37D: The snapshot info is null. Setting the last applied indexto:(t:0, i:~)
2023-09-07 08:54:05,430 [631d0543-e884-417b-8085-5eab660cf7c0-groupManagement] INFO  server.RaftServerConfigKeys (ConfUtils.java:logGet(46)) - raft.server.log.use.memory = false (default)
2023-09-07 08:54:05,431 [631d0543-e884-417b-8085-5eab660cf7c0-groupManagement] INFO  server.RaftServerConfigKeys (ConfUtils.java:logGet(46)) - raft.server.log.purge.gap = 1000000 (custom)
2023-09-07 08:54:05,431 [631d0543-e884-417b-8085-5eab660cf7c0-groupManagement] INFO  server.RaftServerConfigKeys (ConfUtils.java:logGet(46)) - raft.server.log.appender.buffer.byte-limit = 33554432 (custom)
2023-09-07 08:54:05,431 [631d0543-e884-417b-8085-5eab660cf7c0-groupManagement] INFO  server.RaftServerConfigKeys (ConfUtils.java:logGet(46)) - raft.server.log.statemachine.data.read.timeout = 1000ms (default)
2023-09-07 08:54:05,431 [631d0543-e884-417b-8085-5eab660cf7c0-groupManagement] INFO  server.RaftServerConfigKeys (ConfUtils.java:logGet(46)) - raft.server.log.purge.preservation.log.num = 0 (default)
2023-09-07 08:54:05,431 [631d0543-e884-417b-8085-5eab660cf7c0-groupManagement] INFO  server.RaftServerConfigKeys (ConfUtils.java:logGet(46)) - raft.server.log.segment.size.max = 1048576 (custom)
2023-09-07 08:54:05,432 [631d0543-e884-417b-8085-5eab660cf7c0-groupManagement] INFO  server.RaftServerConfigKeys (ConfUtils.java:logGet(46)) - raft.server.log.segment.cache.num.max = 2 (custom)
2023-09-07 08:54:05,432 [631d0543-e884-417b-8085-5eab660cf7c0-groupManagement] INFO  server.RaftServerConfigKeys (ConfUtils.java:logGet(46)) - raft.server.log.segment.cache.size.max = 200MB (=209715200) (default)
2023-09-07 08:54:05,432 [631d0543-e884-417b-8085-5eab660cf7c0-groupManagement] INFO  server.RaftServerConfigKeys (ConfUtils.java:logGet(46)) - raft.server.log.appender.buffer.byte-limit = 33554432 (custom)
2023-09-07 08:54:05,432 [631d0543-e884-417b-8085-5eab660cf7c0-groupManagement] INFO  segmented.SegmentedRaftLogWorker (SegmentedRaftLogWorker.java:<init>(188)) - new 631d0543-e884-417b-8085-5eab660cf7c0@group-0A10452DB37D-SegmentedRaftLogWorker for RaftStorageImpl:Storage Directory /home/runner/work/ozone/ozone/hadoop-ozone/integration-test/target/test-dir/MiniOzoneClusterImpl-ca08a916-3927-468c-b731-1edf5636b3eb/datanode-0/data/ratis/032aeb7f-7c2d-4e30-969f-0a10452db37d
2023-09-07 08:54:05,432 [631d0543-e884-417b-8085-5eab660cf7c0-groupManagement] INFO  server.RaftServerConfigKeys (ConfUtils.java:logGet(46)) - raft.server.log.queue.byte-limit = 4294967296 (custom)
2023-09-07 08:54:05,432 [631d0543-e884-417b-8085-5eab660cf7c0-groupManagement] INFO  server.RaftServerConfigKeys (ConfUtils.java:logGet(46)) - raft.server.log.queue.element-limit = 1024 (custom)
2023-09-07 08:54:05,432 [EventQueue-PipelineReportForPipelineReportHandler] INFO  pipeline.PipelineReportHandler (PipelineReportHandler.java:processPipelineReport(136)) - Opened pipeline PipelineID=032aeb7f-7c2d-4e30-969f-0a10452db37d
2023-09-07 08:54:05,432 [631d0543-e884-417b-8085-5eab660cf7c0-groupManagement] INFO  server.RaftServerConfigKeys (ConfUtils.java:logGet(46)) - raft.server.log.segment.size.max = 1048576 (custom)
2023-09-07 08:54:05,440 [631d0543-e884-417b-8085-5eab660cf7c0-groupManagement] INFO  server.RaftServerConfigKeys (ConfUtils.java:logGet(46)) - raft.server.log.preallocated.size = 16384 (custom)
2023-09-07 08:54:05,440 [631d0543-e884-417b-8085-5eab660cf7c0-groupManagement] INFO  server.RaftServerConfigKeys (ConfUtils.java:logGet(46)) - raft.server.log.force.sync.num = 128 (default)
2023-09-07 08:54:05,440 [631d0543-e884-417b-8085-5eab660cf7c0-groupManagement] INFO  server.RaftServerConfigKeys (ConfUtils.java:logGet(46)) - raft.server.log.statemachine.data.sync = true (default)
2023-09-07 08:54:05,440 [631d0543-e884-417b-8085-5eab660cf7c0-groupManagement] INFO  server.RaftServerConfigKeys (ConfUtils.java:logGet(46)) - raft.server.log.statemachine.data.sync.timeout = 10s (default)
2023-09-07 08:54:05,440 [631d0543-e884-417b-8085-5eab660cf7c0-groupManagement] INFO  server.RaftServerConfigKeys (ConfUtils.java:logGet(46)) - raft.server.log.statemachine.data.sync.timeout.retry = -1 (default)
2023-09-07 08:54:05,435 [EventQueue-OpenPipelineForHealthyPipelineSafeModeRule] INFO  safemode.SCMSafeModeManager (HealthyPipelineSafeModeRule.java:process(137)) - SCM in safe mode. Healthy pipelines reported count is 0, required healthy pipeline reported count is 1
2023-09-07 08:54:05,441 [631d0543-e884-417b-8085-5eab660cf7c0-groupManagement] INFO  server.RaftServerConfigKeys (ConfUtils.java:logGet(46)) - raft.server.log.write.buffer.size = 1048576 (custom)
2023-09-07 08:54:05,442 [631d0543-e884-417b-8085-5eab660cf7c0-groupManagement] INFO  server.RaftServerConfigKeys (ConfUtils.java:logGet(46)) - raft.server.log.appender.buffer.byte-limit = 33554432 (custom)
2023-09-07 08:54:05,448 [631d0543-e884-417b-8085-5eab660cf7c0-groupManagement] INFO  server.RaftServerConfigKeys (ConfUtils.java:logGet(46)) - raft.server.log.unsafe-flush.enabled = false (default)
2023-09-07 08:54:05,448 [631d0543-e884-417b-8085-5eab660cf7c0-groupManagement] INFO  server.RaftServerConfigKeys (ConfUtils.java:logGet(46)) - raft.server.log.async-flush.enabled = false (default)
2023-09-07 08:54:05,448 [631d0543-e884-417b-8085-5eab660cf7c0-groupManagement] INFO  server.RaftServerConfigKeys (ConfUtils.java:logGet(46)) - raft.server.log.statemachine.data.caching.enabled = true (custom)
2023-09-07 08:54:05,448 [631d0543-e884-417b-8085-5eab660cf7c0-groupManagement] INFO  segmented.SegmentedRaftLogWorker (SegmentedRaftLogWorker.java:lambda$new$0(135)) - 631d0543-e884-417b-8085-5eab660cf7c0@group-0A10452DB37D-SegmentedRaftLogWorker: flushIndex: setUnconditionally 0 -> -1
2023-09-07 08:54:05,449 [631d0543-e884-417b-8085-5eab660cf7c0-groupManagement] INFO  segmented.SegmentedRaftLogWorker (SegmentedRaftLogWorker.java:lambda$new$0(135)) - 631d0543-e884-417b-8085-5eab660cf7c0@group-0A10452DB37D-SegmentedRaftLogWorker: safeCacheEvictIndex: setUnconditionally 0 -> -1
2023-09-07 08:54:05,449 [631d0543-e884-417b-8085-5eab660cf7c0-groupManagement] INFO  server.RaftServer$Division (RaftServerImpl.java:start(342)) - 631d0543-e884-417b-8085-5eab660cf7c0@group-0A10452DB37D: start as a follower, conf=-1: peers:[631d0543-e884-417b-8085-5eab660cf7c0|rpc:10.1.0.48:15067|admin:10.1.0.48:15066|client:10.1.0.48:15065|dataStream:10.1.0.48:15068|priority:1|startupRole:FOLLOWER]|listeners:[], old=null
2023-09-07 08:54:05,449 [631d0543-e884-417b-8085-5eab660cf7c0-groupManagement] INFO  server.RaftServer$Division (RaftServerImpl.java:setRole(329)) - 631d0543-e884-417b-8085-5eab660cf7c0@group-0A10452DB37D: changes role from      null to FOLLOWER at term 0 for startAsFollower
2023-09-07 08:54:05,449 [631d0543-e884-417b-8085-5eab660cf7c0-groupManagement] INFO  impl.RoleInfo (RoleInfo.java:updateAndGet(139)) - 631d0543-e884-417b-8085-5eab660cf7c0: start 631d0543-e884-417b-8085-5eab660cf7c0@group-0A10452DB37D-FollowerState
2023-09-07 08:54:05,450 [631d0543-e884-417b-8085-5eab660cf7c0-groupManagement] INFO  util.JmxRegister (JmxRegister.java:tryRegister(44)) - Successfully registered JMX Bean with object name Ratis:service=RaftServer,group=group-0A10452DB37D,id=631d0543-e884-417b-8085-5eab660cf7c0
2023-09-07 08:54:05,450 [631d0543-e884-417b-8085-5eab660cf7c0-groupManagement] INFO  server.RaftServerConfigKeys (ConfUtils.java:logGet(46)) - raft.server.snapshot.auto.trigger.enabled = true (custom)
2023-09-07 08:54:05,450 [631d0543-e884-417b-8085-5eab660cf7c0-groupManagement] INFO  server.RaftServerConfigKeys (ConfUtils.java:logGet(46)) - raft.server.snapshot.auto.trigger.threshold = 10000 (custom)
2023-09-07 08:54:05,450 [631d0543-e884-417b-8085-5eab660cf7c0-groupManagement] INFO  server.RaftServerConfigKeys (ConfUtils.java:logGet(46)) - raft.server.snapshot.retention.file.num = 5 (custom)
2023-09-07 08:54:05,450 [631d0543-e884-417b-8085-5eab660cf7c0-groupManagement] INFO  server.RaftServerConfigKeys (ConfUtils.java:logGet(46)) - raft.server.log.purge.upto.snapshot.index = false (default)
2023-09-07 08:54:05,451 [631d0543-e884-417b-8085-5eab660cf7c0@group-0A10452DB37D-FollowerState] INFO  server.RaftServerConfigKeys (ConfUtils.java:logFallback(53)) - raft.server.rpc.first-election.timeout.min = 5s (fallback to raft.server.rpc.timeout.min)
2023-09-07 08:54:05,451 [631d0543-e884-417b-8085-5eab660cf7c0@group-0A10452DB37D-FollowerState] INFO  server.RaftServerConfigKeys (ConfUtils.java:logFallback(53)) - raft.server.rpc.first-election.timeout.max = 5200ms (fallback to raft.server.rpc.timeout.max)
2023-09-07 08:54:05,451 [PipelineCommandHandlerThread-0] INFO  ratis.XceiverServerRatis (XceiverServerRatis.java:addGroup(804)) - Created group PipelineID=032aeb7f-7c2d-4e30-969f-0a10452db37d
2023-09-07 08:54:05,451 [PipelineCommandHandlerThread-0] INFO  commandhandler.CreatePipelineCommandHandler (CreatePipelineCommandHandler.java:lambda$handle$2(124)) - Created Pipeline RATIS ONE PipelineID=032aeb7f-7c2d-4e30-969f-0a10452db37d.
2023-09-07 08:54:05,452 [PipelineCommandHandlerThread-0] INFO  server.RaftServer (RaftServerProxy.java:addNew(98)) - 631d0543-e884-417b-8085-5eab660cf7c0: addNew group-D902EBFFD29F:[d53ff278-24a5-4154-8938-e562e33f1fe4|rpc:10.1.0.48:15085|admin:10.1.0.48:15084|client:10.1.0.48:15083|dataStream:10.1.0.48:15086|priority:0|startupRole:FOLLOWER, 631d0543-e884-417b-8085-5eab660cf7c0|rpc:10.1.0.48:15067|admin:10.1.0.48:15066|client:10.1.0.48:15065|dataStream:10.1.0.48:15068|priority:1|startupRole:FOLLOWER, bb55b568-9515-4c72-9e9b-b757ab502a4b|rpc:10.1.0.48:15076|admin:10.1.0.48:15075|client:10.1.0.48:15074|dataStream:10.1.0.48:15077|priority:0|startupRole:FOLLOWER] returns group-D902EBFFD29F:java.util.concurrent.CompletableFuture@7cfad65d[Not completed]
2023-09-07 08:54:05,453 [631d0543-e884-417b-8085-5eab660cf7c0-groupManagement] INFO  server.RaftServer$Division (RaftServerImpl.java:<init>(198)) - 631d0543-e884-417b-8085-5eab660cf7c0: new RaftServerImpl for group-D902EBFFD29F:[d53ff278-24a5-4154-8938-e562e33f1fe4|rpc:10.1.0.48:15085|admin:10.1.0.48:15084|client:10.1.0.48:15083|dataStream:10.1.0.48:15086|priority:0|startupRole:FOLLOWER, 631d0543-e884-417b-8085-5eab660cf7c0|rpc:10.1.0.48:15067|admin:10.1.0.48:15066|client:10.1.0.48:15065|dataStream:10.1.0.48:15068|priority:1|startupRole:FOLLOWER, bb55b568-9515-4c72-9e9b-b757ab502a4b|rpc:10.1.0.48:15076|admin:10.1.0.48:15075|client:10.1.0.48:15074|dataStream:10.1.0.48:15077|priority:0|startupRole:FOLLOWER] with ContainerStateMachine:uninitialized
2023-09-07 08:54:05,453 [631d0543-e884-417b-8085-5eab660cf7c0-groupManagement] INFO  server.RaftServerConfigKeys (ConfUtils.java:logGet(46)) - raft.server.rpc.timeout.min = 5s (custom)
2023-09-07 08:54:05,453 [631d0543-e884-417b-8085-5eab660cf7c0-groupManagement] INFO  server.RaftServerConfigKeys (ConfUtils.java:logGet(46)) - raft.server.rpc.timeout.max = 5200ms (custom)
2023-09-07 08:54:05,454 [631d0543-e884-417b-8085-5eab660cf7c0-groupManagement] INFO  server.RaftServerConfigKeys (ConfUtils.java:logGet(46)) - raft.server.rpc.sleep.time = 25ms (default)
2023-09-07 08:54:05,454 [631d0543-e884-417b-8085-5eab660cf7c0-groupManagement] INFO  server.RaftServerConfigKeys (ConfUtils.java:logGet(46)) - raft.server.rpc.slowness.timeout = 300s (custom)
2023-09-07 08:54:05,454 [631d0543-e884-417b-8085-5eab660cf7c0-groupManagement] INFO  server.RaftServerConfigKeys (ConfUtils.java:logGet(46)) - raft.server.leaderelection.leader.step-down.wait-time = 10s (default)
2023-09-07 08:54:05,454 [631d0543-e884-417b-8085-5eab660cf7c0-groupManagement] INFO  server.RaftServerConfigKeys (ConfUtils.java:logGet(46)) - raft.server.sleep.deviation.threshold = 300ms (default)
2023-09-07 08:54:05,454 [631d0543-e884-417b-8085-5eab660cf7c0-groupManagement] INFO  server.RaftServer$Division (ServerState.java:<init>(120)) - 631d0543-e884-417b-8085-5eab660cf7c0@group-D902EBFFD29F: ConfigurationManager, init=-1: peers:[d53ff278-24a5-4154-8938-e562e33f1fe4|rpc:10.1.0.48:15085|admin:10.1.0.48:15084|client:10.1.0.48:15083|dataStream:10.1.0.48:15086|priority:0|startupRole:FOLLOWER, 631d0543-e884-417b-8085-5eab660cf7c0|rpc:10.1.0.48:15067|admin:10.1.0.48:15066|client:10.1.0.48:15065|dataStream:10.1.0.48:15068|priority:1|startupRole:FOLLOWER, bb55b568-9515-4c72-9e9b-b757ab502a4b|rpc:10.1.0.48:15076|admin:10.1.0.48:15075|client:10.1.0.48:15074|dataStream:10.1.0.48:15077|priority:0|startupRole:FOLLOWER]|listeners:[], old=null, confs=<EMPTY_MAP>
2023-09-07 08:54:05,454 [631d0543-e884-417b-8085-5eab660cf7c0-groupManagement] INFO  server.RaftServerConfigKeys (ConfUtils.java:logGet(46)) - raft.server.storage.dir = [/home/runner/work/ozone/ozone/hadoop-ozone/integration-test/target/test-dir/MiniOzoneClusterImpl-ca08a916-3927-468c-b731-1edf5636b3eb/datanode-0/data/ratis] (custom)
2023-09-07 08:54:05,454 [631d0543-e884-417b-8085-5eab660cf7c0-groupManagement] INFO  server.RaftServerConfigKeys (ConfUtils.java:logGet(46)) - raft.server.log.corruption.policy = EXCEPTION (default)
2023-09-07 08:54:05,454 [631d0543-e884-417b-8085-5eab660cf7c0-groupManagement] INFO  server.RaftServerConfigKeys (ConfUtils.java:logGet(46)) - raft.server.storage.free-space.min = 0MB (=0) (default)
2023-09-07 08:54:05,454 [631d0543-e884-417b-8085-5eab660cf7c0-groupManagement] INFO  server.RaftServerConfigKeys (ConfUtils.java:logGet(46)) - raft.server.notification.no-leader.timeout = 300s (custom)
2023-09-07 08:54:05,454 [631d0543-e884-417b-8085-5eab660cf7c0-groupManagement] INFO  server.RaftServerConfigKeys (ConfUtils.java:logGet(46)) - raft.server.read.timeout = 10s (default)
2023-09-07 08:54:05,455 [631d0543-e884-417b-8085-5eab660cf7c0-groupManagement] INFO  server.RaftServerConfigKeys (ConfUtils.java:logGet(46)) - raft.server.retrycache.expirytime = 600000ms (custom)
2023-09-07 08:54:05,455 [631d0543-e884-417b-8085-5eab660cf7c0-groupManagement] INFO  server.RaftServerConfigKeys (ConfUtils.java:logGet(46)) - raft.server.retrycache.statistics.expirytime = 100μs (default)
2023-09-07 08:54:05,455 [631d0543-e884-417b-8085-5eab660cf7c0-groupManagement] INFO  server.RaftServerConfigKeys (ConfUtils.java:logGet(46)) - raft.server.read.option = DEFAULT (default)
2023-09-07 08:54:05,456 [631d0543-e884-417b-8085-5eab660cf7c0-groupManagement] INFO  server.RaftServerConfigKeys (ConfUtils.java:logGet(46)) - raft.server.rpc.request.timeout = 60s (custom)
2023-09-07 08:54:05,456 [631d0543-e884-417b-8085-5eab660cf7c0-groupManagement] INFO  server.RaftServerConfigKeys (ConfUtils.java:logGet(46)) - raft.server.log.appender.install.snapshot.enabled = false (custom)
2023-09-07 08:54:05,456 [631d0543-e884-417b-8085-5eab660cf7c0-groupManagement] INFO  server.RaftServerConfigKeys (ConfUtils.java:logGet(46)) - raft.server.threadpool.server.cached = true (default)
2023-09-07 08:54:05,456 [631d0543-e884-417b-8085-5eab660cf7c0-groupManagement] INFO  server.RaftServerConfigKeys (ConfUtils.java:logGet(46)) - raft.server.threadpool.server.size = 0 (default)
2023-09-07 08:54:05,456 [631d0543-e884-417b-8085-5eab660cf7c0-groupManagement] INFO  server.RaftServerConfigKeys (ConfUtils.java:logGet(46)) - raft.server.threadpool.client.cached = true (default)
2023-09-07 08:54:05,456 [631d0543-e884-417b-8085-5eab660cf7c0-groupManagement] INFO  server.RaftServerConfigKeys (ConfUtils.java:logGet(46)) - raft.server.threadpool.client.size = 0 (default)
2023-09-07 08:54:05,456 [631d0543-e884-417b-8085-5eab660cf7c0-groupManagement] INFO  storage.RaftStorageDirectory (RaftStorageDirectoryImpl.java:analyzeStorage(137)) - The storage directory /home/runner/work/ozone/ozone/hadoop-ozone/integration-test/target/test-dir/MiniOzoneClusterImpl-ca08a916-3927-468c-b731-1edf5636b3eb/datanode-0/data/ratis/5ba4d63c-8cdd-4639-bc3a-d902ebffd29f does not exist. Creating ...
2023-09-07 08:54:05,460 [631d0543-e884-417b-8085-5eab660cf7c0-groupManagement] INFO  storage.RaftStorageDirectory (RaftStorageDirectoryImpl.java:tryLock(231)) - Lock on /home/runner/work/ozone/ozone/hadoop-ozone/integration-test/target/test-dir/MiniOzoneClusterImpl-ca08a916-3927-468c-b731-1edf5636b3eb/datanode-0/data/ratis/5ba4d63c-8cdd-4639-bc3a-d902ebffd29f/in_use.lock acquired by nodename 7589@fv-az793-921
2023-09-07 08:54:05,462 [631d0543-e884-417b-8085-5eab660cf7c0-groupManagement] INFO  storage.RaftStorage (RaftStorageImpl.java:format(96)) - Storage directory /home/runner/work/ozone/ozone/hadoop-ozone/integration-test/target/test-dir/MiniOzoneClusterImpl-ca08a916-3927-468c-b731-1edf5636b3eb/datanode-0/data/ratis/5ba4d63c-8cdd-4639-bc3a-d902ebffd29f has been successfully formatted.
2023-09-07 08:54:05,462 [631d0543-e884-417b-8085-5eab660cf7c0-groupManagement] INFO  ratis.ContainerStateMachine (ContainerStateMachine.java:loadSnapshot(262)) - group-D902EBFFD29F: The snapshot info is null. Setting the last applied indexto:(t:0, i:~)
2023-09-07 08:54:05,462 [631d0543-e884-417b-8085-5eab660cf7c0-groupManagement] INFO  server.RaftServerConfigKeys (ConfUtils.java:logGet(46)) - raft.server.log.use.memory = false (default)
2023-09-07 08:54:05,462 [631d0543-e884-417b-8085-5eab660cf7c0-groupManagement] INFO  server.RaftServerConfigKeys (ConfUtils.java:logGet(46)) - raft.server.log.purge.gap = 1000000 (custom)
2023-09-07 08:54:05,463 [631d0543-e884-417b-8085-5eab660cf7c0-groupManagement] INFO  server.RaftServerConfigKeys (ConfUtils.java:logGet(46)) - raft.server.log.appender.buffer.byte-limit = 33554432 (custom)
2023-09-07 08:54:05,463 [631d0543-e884-417b-8085-5eab660cf7c0-groupManagement] INFO  server.RaftServerConfigKeys (ConfUtils.java:logGet(46)) - raft.server.log.statemachine.data.read.timeout = 1000ms (default)
2023-09-07 08:54:05,463 [631d0543-e884-417b-8085-5eab660cf7c0-groupManagement] INFO  server.RaftServerConfigKeys (ConfUtils.java:logGet(46)) - raft.server.log.purge.preservation.log.num = 0 (default)
2023-09-07 08:54:05,463 [631d0543-e884-417b-8085-5eab660cf7c0-groupManagement] INFO  server.RaftServerConfigKeys (ConfUtils.java:logGet(46)) - raft.server.log.segment.size.max = 1048576 (custom)
2023-09-07 08:54:05,463 [EventQueue-OpenPipelineForHealthyPipelineSafeModeRule] INFO  safemode.SCMSafeModeManager (HealthyPipelineSafeModeRule.java:process(137)) - SCM in safe mode. Healthy pipelines reported count is 0, required healthy pipeline reported count is 1
2023-09-07 08:54:05,463 [631d0543-e884-417b-8085-5eab660cf7c0-groupManagement] INFO  server.RaftServerConfigKeys (ConfUtils.java:logGet(46)) - raft.server.log.segment.cache.num.max = 2 (custom)
2023-09-07 08:54:05,464 [631d0543-e884-417b-8085-5eab660cf7c0-groupManagement] INFO  server.RaftServerConfigKeys (ConfUtils.java:logGet(46)) - raft.server.log.segment.cache.size.max = 200MB (=209715200) (default)
2023-09-07 08:54:05,464 [631d0543-e884-417b-8085-5eab660cf7c0-groupManagement] INFO  server.RaftServerConfigKeys (ConfUtils.java:logGet(46)) - raft.server.log.appender.buffer.byte-limit = 33554432 (custom)
2023-09-07 08:54:05,464 [631d0543-e884-417b-8085-5eab660cf7c0-groupManagement] INFO  segmented.SegmentedRaftLogWorker (SegmentedRaftLogWorker.java:<init>(188)) - new 631d0543-e884-417b-8085-5eab660cf7c0@group-D902EBFFD29F-SegmentedRaftLogWorker for RaftStorageImpl:Storage Directory /home/runner/work/ozone/ozone/hadoop-ozone/integration-test/target/test-dir/MiniOzoneClusterImpl-ca08a916-3927-468c-b731-1edf5636b3eb/datanode-0/data/ratis/5ba4d63c-8cdd-4639-bc3a-d902ebffd29f
2023-09-07 08:54:05,464 [631d0543-e884-417b-8085-5eab660cf7c0-groupManagement] INFO  server.RaftServerConfigKeys (ConfUtils.java:logGet(46)) - raft.server.log.queue.byte-limit = 4294967296 (custom)
2023-09-07 08:54:05,464 [631d0543-e884-417b-8085-5eab660cf7c0-groupManagement] INFO  server.RaftServerConfigKeys (ConfUtils.java:logGet(46)) - raft.server.log.queue.element-limit = 1024 (custom)
2023-09-07 08:54:05,464 [631d0543-e884-417b-8085-5eab660cf7c0-groupManagement] INFO  server.RaftServerConfigKeys (ConfUtils.java:logGet(46)) - raft.server.log.segment.size.max = 1048576 (custom)
2023-09-07 08:54:05,464 [631d0543-e884-417b-8085-5eab660cf7c0-groupManagement] INFO  server.RaftServerConfigKeys (ConfUtils.java:logGet(46)) - raft.server.log.preallocated.size = 16384 (custom)
2023-09-07 08:54:05,464 [631d0543-e884-417b-8085-5eab660cf7c0-groupManagement] INFO  server.RaftServerConfigKeys (ConfUtils.java:logGet(46)) - raft.server.log.force.sync.num = 128 (default)
2023-09-07 08:54:05,464 [631d0543-e884-417b-8085-5eab660cf7c0-groupManagement] INFO  server.RaftServerConfigKeys (ConfUtils.java:logGet(46)) - raft.server.log.statemachine.data.sync = true (default)
2023-09-07 08:54:05,464 [631d0543-e884-417b-8085-5eab660cf7c0-groupManagement] INFO  server.RaftServerConfigKeys (ConfUtils.java:logGet(46)) - raft.server.log.statemachine.data.sync.timeout = 10s (default)
2023-09-07 08:54:05,464 [631d0543-e884-417b-8085-5eab660cf7c0-groupManagement] INFO  server.RaftServerConfigKeys (ConfUtils.java:logGet(46)) - raft.server.log.statemachine.data.sync.timeout.retry = -1 (default)
2023-09-07 08:54:05,465 [631d0543-e884-417b-8085-5eab660cf7c0-groupManagement] INFO  server.RaftServerConfigKeys (ConfUtils.java:logGet(46)) - raft.server.log.write.buffer.size = 1048576 (custom)
2023-09-07 08:54:05,466 [631d0543-e884-417b-8085-5eab660cf7c0-groupManagement] INFO  server.RaftServerConfigKeys (ConfUtils.java:logGet(46)) - raft.server.log.appender.buffer.byte-limit = 33554432 (custom)
2023-09-07 08:54:05,564 [631d0543-e884-417b-8085-5eab660cf7c0-groupManagement] INFO  server.RaftServerConfigKeys (ConfUtils.java:logGet(46)) - raft.server.log.unsafe-flush.enabled = false (default)
2023-09-07 08:54:05,565 [631d0543-e884-417b-8085-5eab660cf7c0-groupManagement] INFO  server.RaftServerConfigKeys (ConfUtils.java:logGet(46)) - raft.server.log.async-flush.enabled = false (default)
2023-09-07 08:54:05,565 [631d0543-e884-417b-8085-5eab660cf7c0-groupManagement] INFO  server.RaftServerConfigKeys (ConfUtils.java:logGet(46)) - raft.server.log.statemachine.data.caching.enabled = true (custom)
2023-09-07 08:54:05,566 [631d0543-e884-417b-8085-5eab660cf7c0-groupManagement] INFO  segmented.SegmentedRaftLogWorker (SegmentedRaftLogWorker.java:lambda$new$0(135)) - 631d0543-e884-417b-8085-5eab660cf7c0@group-D902EBFFD29F-SegmentedRaftLogWorker: flushIndex: setUnconditionally 0 -> -1
2023-09-07 08:54:05,566 [631d0543-e884-417b-8085-5eab660cf7c0-groupManagement] INFO  segmented.SegmentedRaftLogWorker (SegmentedRaftLogWorker.java:lambda$new$0(135)) - 631d0543-e884-417b-8085-5eab660cf7c0@group-D902EBFFD29F-SegmentedRaftLogWorker: safeCacheEvictIndex: setUnconditionally 0 -> -1
2023-09-07 08:54:05,567 [631d0543-e884-417b-8085-5eab660cf7c0-groupManagement] INFO  server.RaftServer$Division (RaftServerImpl.java:start(342)) - 631d0543-e884-417b-8085-5eab660cf7c0@group-D902EBFFD29F: start as a follower, conf=-1: peers:[d53ff278-24a5-4154-8938-e562e33f1fe4|rpc:10.1.0.48:15085|admin:10.1.0.48:15084|client:10.1.0.48:15083|dataStream:10.1.0.48:15086|priority:0|startupRole:FOLLOWER, 631d0543-e884-417b-8085-5eab660cf7c0|rpc:10.1.0.48:15067|admin:10.1.0.48:15066|client:10.1.0.48:15065|dataStream:10.1.0.48:15068|priority:1|startupRole:FOLLOWER, bb55b568-9515-4c72-9e9b-b757ab502a4b|rpc:10.1.0.48:15076|admin:10.1.0.48:15075|client:10.1.0.48:15074|dataStream:10.1.0.48:15077|priority:0|startupRole:FOLLOWER]|listeners:[], old=null
2023-09-07 08:54:05,567 [631d0543-e884-417b-8085-5eab660cf7c0-groupManagement] INFO  server.RaftServer$Division (RaftServerImpl.java:setRole(329)) - 631d0543-e884-417b-8085-5eab660cf7c0@group-D902EBFFD29F: changes role from      null to FOLLOWER at term 0 for startAsFollower
2023-09-07 08:54:05,567 [631d0543-e884-417b-8085-5eab660cf7c0-groupManagement] INFO  impl.RoleInfo (RoleInfo.java:updateAndGet(139)) - 631d0543-e884-417b-8085-5eab660cf7c0: start 631d0543-e884-417b-8085-5eab660cf7c0@group-D902EBFFD29F-FollowerState
2023-09-07 08:54:05,567 [631d0543-e884-417b-8085-5eab660cf7c0-groupManagement] INFO  util.JmxRegister (JmxRegister.java:tryRegister(44)) - Successfully registered JMX Bean with object name Ratis:service=RaftServer,group=group-D902EBFFD29F,id=631d0543-e884-417b-8085-5eab660cf7c0
2023-09-07 08:54:05,567 [631d0543-e884-417b-8085-5eab660cf7c0-groupManagement] INFO  server.RaftServerConfigKeys (ConfUtils.java:logGet(46)) - raft.server.snapshot.auto.trigger.enabled = true (custom)
2023-09-07 08:54:05,568 [631d0543-e884-417b-8085-5eab660cf7c0-groupManagement] INFO  server.RaftServerConfigKeys (ConfUtils.java:logGet(46)) - raft.server.snapshot.auto.trigger.threshold = 10000 (custom)
2023-09-07 08:54:05,568 [631d0543-e884-417b-8085-5eab660cf7c0-groupManagement] INFO  server.RaftServerConfigKeys (ConfUtils.java:logGet(46)) - raft.server.snapshot.retention.file.num = 5 (custom)
2023-09-07 08:54:05,568 [631d0543-e884-417b-8085-5eab660cf7c0-groupManagement] INFO  server.RaftServerConfigKeys (ConfUtils.java:logGet(46)) - raft.server.log.purge.upto.snapshot.index = false (default)
2023-09-07 08:54:05,569 [631d0543-e884-417b-8085-5eab660cf7c0@group-D902EBFFD29F-FollowerState] INFO  server.RaftServerConfigKeys (ConfUtils.java:logFallback(53)) - raft.server.rpc.first-election.timeout.min = 5s (fallback to raft.server.rpc.timeout.min)
2023-09-07 08:54:05,569 [631d0543-e884-417b-8085-5eab660cf7c0@group-D902EBFFD29F-FollowerState] INFO  server.RaftServerConfigKeys (ConfUtils.java:logFallback(53)) - raft.server.rpc.first-election.timeout.max = 5200ms (fallback to raft.server.rpc.timeout.max)
2023-09-07 08:54:05,569 [PipelineCommandHandlerThread-0] INFO  ratis.XceiverServerRatis (XceiverServerRatis.java:addGroup(804)) - Created group PipelineID=5ba4d63c-8cdd-4639-bc3a-d902ebffd29f
2023-09-07 08:54:05,597 [grpc-default-executor-0] INFO  server.RaftServer (RaftServerProxy.java:addNew(98)) - d53ff278-24a5-4154-8938-e562e33f1fe4: addNew group-D902EBFFD29F:[d53ff278-24a5-4154-8938-e562e33f1fe4|rpc:10.1.0.48:15085|admin:10.1.0.48:15084|client:10.1.0.48:15083|dataStream:10.1.0.48:15086|priority:0|startupRole:FOLLOWER, 631d0543-e884-417b-8085-5eab660cf7c0|rpc:10.1.0.48:15067|admin:10.1.0.48:15066|client:10.1.0.48:15065|dataStream:10.1.0.48:15068|priority:1|startupRole:FOLLOWER, bb55b568-9515-4c72-9e9b-b757ab502a4b|rpc:10.1.0.48:15076|admin:10.1.0.48:15075|client:10.1.0.48:15074|dataStream:10.1.0.48:15077|priority:0|startupRole:FOLLOWER] returns group-D902EBFFD29F:java.util.concurrent.CompletableFuture@46264eae[Not completed]
2023-09-07 08:54:05,604 [d53ff278-24a5-4154-8938-e562e33f1fe4-groupManagement] INFO  server.RaftServer$Division (RaftServerImpl.java:<init>(198)) - d53ff278-24a5-4154-8938-e562e33f1fe4: new RaftServerImpl for group-D902EBFFD29F:[d53ff278-24a5-4154-8938-e562e33f1fe4|rpc:10.1.0.48:15085|admin:10.1.0.48:15084|client:10.1.0.48:15083|dataStream:10.1.0.48:15086|priority:0|startupRole:FOLLOWER, 631d0543-e884-417b-8085-5eab660cf7c0|rpc:10.1.0.48:15067|admin:10.1.0.48:15066|client:10.1.0.48:15065|dataStream:10.1.0.48:15068|priority:1|startupRole:FOLLOWER, bb55b568-9515-4c72-9e9b-b757ab502a4b|rpc:10.1.0.48:15076|admin:10.1.0.48:15075|client:10.1.0.48:15074|dataStream:10.1.0.48:15077|priority:0|startupRole:FOLLOWER] with ContainerStateMachine:uninitialized
2023-09-07 08:54:05,604 [d53ff278-24a5-4154-8938-e562e33f1fe4-groupManagement] INFO  server.RaftServerConfigKeys (ConfUtils.java:logGet(46)) - raft.server.rpc.timeout.min = 5s (custom)
2023-09-07 08:54:05,607 [d53ff278-24a5-4154-8938-e562e33f1fe4-groupManagement] INFO  server.RaftServerConfigKeys (ConfUtils.java:logGet(46)) - raft.server.rpc.timeout.max = 5200ms (custom)
2023-09-07 08:54:05,608 [d53ff278-24a5-4154-8938-e562e33f1fe4-groupManagement] INFO  server.RaftServerConfigKeys (ConfUtils.java:logGet(46)) - raft.server.rpc.sleep.time = 25ms (default)
2023-09-07 08:54:05,608 [d53ff278-24a5-4154-8938-e562e33f1fe4-groupManagement] INFO  server.RaftServerConfigKeys (ConfUtils.java:logGet(46)) - raft.server.rpc.slowness.timeout = 300s (custom)
2023-09-07 08:54:05,608 [d53ff278-24a5-4154-8938-e562e33f1fe4-groupManagement] INFO  server.RaftServerConfigKeys (ConfUtils.java:logGet(46)) - raft.server.leaderelection.leader.step-down.wait-time = 10s (default)
2023-09-07 08:54:05,608 [d53ff278-24a5-4154-8938-e562e33f1fe4-groupManagement] INFO  server.RaftServerConfigKeys (ConfUtils.java:logGet(46)) - raft.server.sleep.deviation.threshold = 300ms (default)
2023-09-07 08:54:05,608 [d53ff278-24a5-4154-8938-e562e33f1fe4-groupManagement] INFO  server.RaftServer$Division (ServerState.java:<init>(120)) - d53ff278-24a5-4154-8938-e562e33f1fe4@group-D902EBFFD29F: ConfigurationManager, init=-1: peers:[d53ff278-24a5-4154-8938-e562e33f1fe4|rpc:10.1.0.48:15085|admin:10.1.0.48:15084|client:10.1.0.48:15083|dataStream:10.1.0.48:15086|priority:0|startupRole:FOLLOWER, 631d0543-e884-417b-8085-5eab660cf7c0|rpc:10.1.0.48:15067|admin:10.1.0.48:15066|client:10.1.0.48:15065|dataStream:10.1.0.48:15068|priority:1|startupRole:FOLLOWER, bb55b568-9515-4c72-9e9b-b757ab502a4b|rpc:10.1.0.48:15076|admin:10.1.0.48:15075|client:10.1.0.48:15074|dataStream:10.1.0.48:15077|priority:0|startupRole:FOLLOWER]|listeners:[], old=null, confs=<EMPTY_MAP>
2023-09-07 08:54:05,608 [d53ff278-24a5-4154-8938-e562e33f1fe4-groupManagement] INFO  server.RaftServerConfigKeys (ConfUtils.java:logGet(46)) - raft.server.storage.dir = [/home/runner/work/ozone/ozone/hadoop-ozone/integration-test/target/test-dir/MiniOzoneClusterImpl-ca08a916-3927-468c-b731-1edf5636b3eb/datanode-2/data/ratis] (custom)
2023-09-07 08:54:05,608 [d53ff278-24a5-4154-8938-e562e33f1fe4-groupManagement] INFO  server.RaftServerConfigKeys (ConfUtils.java:logGet(46)) - raft.server.log.corruption.policy = EXCEPTION (default)
2023-09-07 08:54:05,608 [d53ff278-24a5-4154-8938-e562e33f1fe4-groupManagement] INFO  server.RaftServerConfigKeys (ConfUtils.java:logGet(46)) - raft.server.storage.free-space.min = 0MB (=0) (default)
2023-09-07 08:54:05,608 [d53ff278-24a5-4154-8938-e562e33f1fe4-groupManagement] INFO  server.RaftServerConfigKeys (ConfUtils.java:logGet(46)) - raft.server.notification.no-leader.timeout = 300s (custom)
2023-09-07 08:54:05,608 [d53ff278-24a5-4154-8938-e562e33f1fe4-groupManagement] INFO  server.RaftServerConfigKeys (ConfUtils.java:logGet(46)) - raft.server.read.timeout = 10s (default)
2023-09-07 08:54:05,609 [d53ff278-24a5-4154-8938-e562e33f1fe4-groupManagement] INFO  server.RaftServerConfigKeys (ConfUtils.java:logGet(46)) - raft.server.retrycache.expirytime = 600000ms (custom)
2023-09-07 08:54:05,609 [d53ff278-24a5-4154-8938-e562e33f1fe4-groupManagement] INFO  server.RaftServerConfigKeys (ConfUtils.java:logGet(46)) - raft.server.retrycache.statistics.expirytime = 100μs (default)
2023-09-07 08:54:05,609 [d53ff278-24a5-4154-8938-e562e33f1fe4-groupManagement] INFO  server.RaftServerConfigKeys (ConfUtils.java:logGet(46)) - raft.server.read.option = DEFAULT (default)
2023-09-07 08:54:05,610 [d53ff278-24a5-4154-8938-e562e33f1fe4-groupManagement] INFO  server.RaftServerConfigKeys (ConfUtils.java:logGet(46)) - raft.server.rpc.request.timeout = 60s (custom)
2023-09-07 08:54:05,610 [d53ff278-24a5-4154-8938-e562e33f1fe4-groupManagement] INFO  server.RaftServerConfigKeys (ConfUtils.java:logGet(46)) - raft.server.log.appender.install.snapshot.enabled = false (custom)
2023-09-07 08:54:05,610 [d53ff278-24a5-4154-8938-e562e33f1fe4-groupManagement] INFO  server.RaftServerConfigKeys (ConfUtils.java:logGet(46)) - raft.server.threadpool.server.cached = true (default)
2023-09-07 08:54:05,611 [d53ff278-24a5-4154-8938-e562e33f1fe4-groupManagement] INFO  server.RaftServerConfigKeys (ConfUtils.java:logGet(46)) - raft.server.threadpool.server.size = 0 (default)
2023-09-07 08:54:05,614 [d53ff278-24a5-4154-8938-e562e33f1fe4-groupManagement] INFO  server.RaftServerConfigKeys (ConfUtils.java:logGet(46)) - raft.server.threadpool.client.cached = true (default)
2023-09-07 08:54:05,614 [d53ff278-24a5-4154-8938-e562e33f1fe4-groupManagement] INFO  server.RaftServerConfigKeys (ConfUtils.java:logGet(46)) - raft.server.threadpool.client.size = 0 (default)
2023-09-07 08:54:05,614 [d53ff278-24a5-4154-8938-e562e33f1fe4-groupManagement] INFO  storage.RaftStorageDirectory (RaftStorageDirectoryImpl.java:analyzeStorage(137)) - The storage directory /home/runner/work/ozone/ozone/hadoop-ozone/integration-test/target/test-dir/MiniOzoneClusterImpl-ca08a916-3927-468c-b731-1edf5636b3eb/datanode-2/data/ratis/5ba4d63c-8cdd-4639-bc3a-d902ebffd29f does not exist. Creating ...
2023-09-07 08:54:05,616 [d53ff278-24a5-4154-8938-e562e33f1fe4-groupManagement] INFO  storage.RaftStorageDirectory (RaftStorageDirectoryImpl.java:tryLock(231)) - Lock on /home/runner/work/ozone/ozone/hadoop-ozone/integration-test/target/test-dir/MiniOzoneClusterImpl-ca08a916-3927-468c-b731-1edf5636b3eb/datanode-2/data/ratis/5ba4d63c-8cdd-4639-bc3a-d902ebffd29f/in_use.lock acquired by nodename 7589@fv-az793-921
2023-09-07 08:54:05,618 [d53ff278-24a5-4154-8938-e562e33f1fe4-groupManagement] INFO  storage.RaftStorage (RaftStorageImpl.java:format(96)) - Storage directory /home/runner/work/ozone/ozone/hadoop-ozone/integration-test/target/test-dir/MiniOzoneClusterImpl-ca08a916-3927-468c-b731-1edf5636b3eb/datanode-2/data/ratis/5ba4d63c-8cdd-4639-bc3a-d902ebffd29f has been successfully formatted.
2023-09-07 08:54:05,620 [d53ff278-24a5-4154-8938-e562e33f1fe4-groupManagement] INFO  ratis.ContainerStateMachine (ContainerStateMachine.java:loadSnapshot(262)) - group-D902EBFFD29F: The snapshot info is null. Setting the last applied indexto:(t:0, i:~)
2023-09-07 08:54:05,620 [d53ff278-24a5-4154-8938-e562e33f1fe4-groupManagement] INFO  server.RaftServerConfigKeys (ConfUtils.java:logGet(46)) - raft.server.log.use.memory = false (default)
2023-09-07 08:54:05,620 [d53ff278-24a5-4154-8938-e562e33f1fe4-groupManagement] INFO  server.RaftServerConfigKeys (ConfUtils.java:logGet(46)) - raft.server.log.purge.gap = 1000000 (custom)
2023-09-07 08:54:05,620 [d53ff278-24a5-4154-8938-e562e33f1fe4-groupManagement] INFO  server.RaftServerConfigKeys (ConfUtils.java:logGet(46)) - raft.server.log.appender.buffer.byte-limit = 33554432 (custom)
2023-09-07 08:54:05,621 [d53ff278-24a5-4154-8938-e562e33f1fe4-groupManagement] INFO  server.RaftServerConfigKeys (ConfUtils.java:logGet(46)) - raft.server.log.statemachine.data.read.timeout = 1000ms (default)
2023-09-07 08:54:05,621 [d53ff278-24a5-4154-8938-e562e33f1fe4-groupManagement] INFO  server.RaftServerConfigKeys (ConfUtils.java:logGet(46)) - raft.server.log.purge.preservation.log.num = 0 (default)
2023-09-07 08:54:05,622 [d53ff278-24a5-4154-8938-e562e33f1fe4-groupManagement] INFO  server.RaftServerConfigKeys (ConfUtils.java:logGet(46)) - raft.server.log.segment.size.max = 1048576 (custom)
2023-09-07 08:54:05,623 [d53ff278-24a5-4154-8938-e562e33f1fe4-groupManagement] INFO  server.RaftServerConfigKeys (ConfUtils.java:logGet(46)) - raft.server.log.segment.cache.num.max = 2 (custom)
2023-09-07 08:54:05,623 [d53ff278-24a5-4154-8938-e562e33f1fe4-groupManagement] INFO  server.RaftServerConfigKeys (ConfUtils.java:logGet(46)) - raft.server.log.segment.cache.size.max = 200MB (=209715200) (default)
2023-09-07 08:54:05,623 [d53ff278-24a5-4154-8938-e562e33f1fe4-groupManagement] INFO  server.RaftServerConfigKeys (ConfUtils.java:logGet(46)) - raft.server.log.appender.buffer.byte-limit = 33554432 (custom)
2023-09-07 08:54:05,623 [d53ff278-24a5-4154-8938-e562e33f1fe4-groupManagement] INFO  segmented.SegmentedRaftLogWorker (SegmentedRaftLogWorker.java:<init>(188)) - new d53ff278-24a5-4154-8938-e562e33f1fe4@group-D902EBFFD29F-SegmentedRaftLogWorker for RaftStorageImpl:Storage Directory /home/runner/work/ozone/ozone/hadoop-ozone/integration-test/target/test-dir/MiniOzoneClusterImpl-ca08a916-3927-468c-b731-1edf5636b3eb/datanode-2/data/ratis/5ba4d63c-8cdd-4639-bc3a-d902ebffd29f
2023-09-07 08:54:05,623 [d53ff278-24a5-4154-8938-e562e33f1fe4-groupManagement] INFO  server.RaftServerConfigKeys (ConfUtils.java:logGet(46)) - raft.server.log.queue.byte-limit = 4294967296 (custom)
2023-09-07 08:54:05,623 [d53ff278-24a5-4154-8938-e562e33f1fe4-groupManagement] INFO  server.RaftServerConfigKeys (ConfUtils.java:logGet(46)) - raft.server.log.queue.element-limit = 1024 (custom)
2023-09-07 08:54:05,623 [d53ff278-24a5-4154-8938-e562e33f1fe4-groupManagement] INFO  server.RaftServerConfigKeys (ConfUtils.java:logGet(46)) - raft.server.log.segment.size.max = 1048576 (custom)
2023-09-07 08:54:05,623 [d53ff278-24a5-4154-8938-e562e33f1fe4-groupManagement] INFO  server.RaftServerConfigKeys (ConfUtils.java:logGet(46)) - raft.server.log.preallocated.size = 16384 (custom)
2023-09-07 08:54:05,623 [d53ff278-24a5-4154-8938-e562e33f1fe4-groupManagement] INFO  server.RaftServerConfigKeys (ConfUtils.java:logGet(46)) - raft.server.log.force.sync.num = 128 (default)
2023-09-07 08:54:05,624 [d53ff278-24a5-4154-8938-e562e33f1fe4-groupManagement] INFO  server.RaftServerConfigKeys (ConfUtils.java:logGet(46)) - raft.server.log.statemachine.data.sync = true (default)
2023-09-07 08:54:05,624 [d53ff278-24a5-4154-8938-e562e33f1fe4-groupManagement] INFO  server.RaftServerConfigKeys (ConfUtils.java:logGet(46)) - raft.server.log.statemachine.data.sync.timeout = 10s (default)
2023-09-07 08:54:05,624 [d53ff278-24a5-4154-8938-e562e33f1fe4-groupManagement] INFO  server.RaftServerConfigKeys (ConfUtils.java:logGet(46)) - raft.server.log.statemachine.data.sync.timeout.retry = -1 (default)
2023-09-07 08:54:05,624 [d53ff278-24a5-4154-8938-e562e33f1fe4-groupManagement] INFO  server.RaftServerConfigKeys (ConfUtils.java:logGet(46)) - raft.server.log.write.buffer.size = 1048576 (custom)
2023-09-07 08:54:05,625 [d53ff278-24a5-4154-8938-e562e33f1fe4-groupManagement] INFO  server.RaftServerConfigKeys (ConfUtils.java:logGet(46)) - raft.server.log.appender.buffer.byte-limit = 33554432 (custom)
2023-09-07 08:54:05,632 [d53ff278-24a5-4154-8938-e562e33f1fe4-groupManagement] INFO  server.RaftServerConfigKeys (ConfUtils.java:logGet(46)) - raft.server.log.unsafe-flush.enabled = false (default)
2023-09-07 08:54:05,632 [d53ff278-24a5-4154-8938-e562e33f1fe4-groupManagement] INFO  server.RaftServerConfigKeys (ConfUtils.java:logGet(46)) - raft.server.log.async-flush.enabled = false (default)
2023-09-07 08:54:05,632 [d53ff278-24a5-4154-8938-e562e33f1fe4-groupManagement] INFO  server.RaftServerConfigKeys (ConfUtils.java:logGet(46)) - raft.server.log.statemachine.data.caching.enabled = true (custom)
2023-09-07 08:54:05,632 [d53ff278-24a5-4154-8938-e562e33f1fe4-groupManagement] INFO  segmented.SegmentedRaftLogWorker (SegmentedRaftLogWorker.java:lambda$new$0(135)) - d53ff278-24a5-4154-8938-e562e33f1fe4@group-D902EBFFD29F-SegmentedRaftLogWorker: flushIndex: setUnconditionally 0 -> -1
2023-09-07 08:54:05,632 [d53ff278-24a5-4154-8938-e562e33f1fe4-groupManagement] INFO  segmented.SegmentedRaftLogWorker (SegmentedRaftLogWorker.java:lambda$new$0(135)) - d53ff278-24a5-4154-8938-e562e33f1fe4@group-D902EBFFD29F-SegmentedRaftLogWorker: safeCacheEvictIndex: setUnconditionally 0 -> -1
2023-09-07 08:54:05,633 [d53ff278-24a5-4154-8938-e562e33f1fe4-groupManagement] INFO  server.RaftServer$Division (RaftServerImpl.java:start(342)) - d53ff278-24a5-4154-8938-e562e33f1fe4@group-D902EBFFD29F: start as a follower, conf=-1: peers:[d53ff278-24a5-4154-8938-e562e33f1fe4|rpc:10.1.0.48:15085|admin:10.1.0.48:15084|client:10.1.0.48:15083|dataStream:10.1.0.48:15086|priority:0|startupRole:FOLLOWER, 631d0543-e884-417b-8085-5eab660cf7c0|rpc:10.1.0.48:15067|admin:10.1.0.48:15066|client:10.1.0.48:15065|dataStream:10.1.0.48:15068|priority:1|startupRole:FOLLOWER, bb55b568-9515-4c72-9e9b-b757ab502a4b|rpc:10.1.0.48:15076|admin:10.1.0.48:15075|client:10.1.0.48:15074|dataStream:10.1.0.48:15077|priority:0|startupRole:FOLLOWER]|listeners:[], old=null
2023-09-07 08:54:05,633 [d53ff278-24a5-4154-8938-e562e33f1fe4-groupManagement] INFO  server.RaftServer$Division (RaftServerImpl.java:setRole(329)) - d53ff278-24a5-4154-8938-e562e33f1fe4@group-D902EBFFD29F: changes role from      null to FOLLOWER at term 0 for startAsFollower
2023-09-07 08:54:05,633 [d53ff278-24a5-4154-8938-e562e33f1fe4-groupManagement] INFO  impl.RoleInfo (RoleInfo.java:updateAndGet(139)) - d53ff278-24a5-4154-8938-e562e33f1fe4: start d53ff278-24a5-4154-8938-e562e33f1fe4@group-D902EBFFD29F-FollowerState
2023-09-07 08:54:05,639 [d53ff278-24a5-4154-8938-e562e33f1fe4-groupManagement] INFO  util.JmxRegister (JmxRegister.java:tryRegister(44)) - Successfully registered JMX Bean with object name Ratis:service=RaftServer,group=group-D902EBFFD29F,id=d53ff278-24a5-4154-8938-e562e33f1fe4
2023-09-07 08:54:05,639 [d53ff278-24a5-4154-8938-e562e33f1fe4-groupManagement] INFO  server.RaftServerConfigKeys (ConfUtils.java:logGet(46)) - raft.server.snapshot.auto.trigger.enabled = true (custom)
2023-09-07 08:54:05,639 [d53ff278-24a5-4154-8938-e562e33f1fe4-groupManagement] INFO  server.RaftServerConfigKeys (ConfUtils.java:logGet(46)) - raft.server.snapshot.auto.trigger.threshold = 10000 (custom)
2023-09-07 08:54:05,639 [d53ff278-24a5-4154-8938-e562e33f1fe4-groupManagement] INFO  server.RaftServerConfigKeys (ConfUtils.java:logGet(46)) - raft.server.snapshot.retention.file.num = 5 (custom)
2023-09-07 08:54:05,639 [d53ff278-24a5-4154-8938-e562e33f1fe4-groupManagement] INFO  server.RaftServerConfigKeys (ConfUtils.java:logGet(46)) - raft.server.log.purge.upto.snapshot.index = false (default)
2023-09-07 08:54:05,640 [d53ff278-24a5-4154-8938-e562e33f1fe4@group-D902EBFFD29F-FollowerState] INFO  server.RaftServerConfigKeys (ConfUtils.java:logFallback(53)) - raft.server.rpc.first-election.timeout.min = 5s (fallback to raft.server.rpc.timeout.min)
2023-09-07 08:54:05,640 [d53ff278-24a5-4154-8938-e562e33f1fe4@group-D902EBFFD29F-FollowerState] INFO  server.RaftServerConfigKeys (ConfUtils.java:logFallback(53)) - raft.server.rpc.first-election.timeout.max = 5200ms (fallback to raft.server.rpc.timeout.max)
2023-09-07 08:54:05,677 [grpc-default-executor-0] INFO  server.RaftServer (RaftServerProxy.java:addNew(98)) - bb55b568-9515-4c72-9e9b-b757ab502a4b: addNew group-D902EBFFD29F:[d53ff278-24a5-4154-8938-e562e33f1fe4|rpc:10.1.0.48:15085|admin:10.1.0.48:15084|client:10.1.0.48:15083|dataStream:10.1.0.48:15086|priority:0|startupRole:FOLLOWER, 631d0543-e884-417b-8085-5eab660cf7c0|rpc:10.1.0.48:15067|admin:10.1.0.48:15066|client:10.1.0.48:15065|dataStream:10.1.0.48:15068|priority:1|startupRole:FOLLOWER, bb55b568-9515-4c72-9e9b-b757ab502a4b|rpc:10.1.0.48:15076|admin:10.1.0.48:15075|client:10.1.0.48:15074|dataStream:10.1.0.48:15077|priority:0|startupRole:FOLLOWER] returns group-D902EBFFD29F:java.util.concurrent.CompletableFuture@79b76ac0[Not completed]
2023-09-07 08:54:05,680 [bb55b568-9515-4c72-9e9b-b757ab502a4b-groupManagement] INFO  server.RaftServer$Division (RaftServerImpl.java:<init>(198)) - bb55b568-9515-4c72-9e9b-b757ab502a4b: new RaftServerImpl for group-D902EBFFD29F:[d53ff278-24a5-4154-8938-e562e33f1fe4|rpc:10.1.0.48:15085|admin:10.1.0.48:15084|client:10.1.0.48:15083|dataStream:10.1.0.48:15086|priority:0|startupRole:FOLLOWER, 631d0543-e884-417b-8085-5eab660cf7c0|rpc:10.1.0.48:15067|admin:10.1.0.48:15066|client:10.1.0.48:15065|dataStream:10.1.0.48:15068|priority:1|startupRole:FOLLOWER, bb55b568-9515-4c72-9e9b-b757ab502a4b|rpc:10.1.0.48:15076|admin:10.1.0.48:15075|client:10.1.0.48:15074|dataStream:10.1.0.48:15077|priority:0|startupRole:FOLLOWER] with ContainerStateMachine:uninitialized
2023-09-07 08:54:05,680 [bb55b568-9515-4c72-9e9b-b757ab502a4b-groupManagement] INFO  server.RaftServerConfigKeys (ConfUtils.java:logGet(46)) - raft.server.rpc.timeout.min = 5s (custom)
2023-09-07 08:54:05,680 [bb55b568-9515-4c72-9e9b-b757ab502a4b-groupManagement] INFO  server.RaftServerConfigKeys (ConfUtils.java:logGet(46)) - raft.server.rpc.timeout.max = 5200ms (custom)
2023-09-07 08:54:05,680 [bb55b568-9515-4c72-9e9b-b757ab502a4b-groupManagement] INFO  server.RaftServerConfigKeys (ConfUtils.java:logGet(46)) - raft.server.rpc.sleep.time = 25ms (default)
2023-09-07 08:54:05,680 [bb55b568-9515-4c72-9e9b-b757ab502a4b-groupManagement] INFO  server.RaftServerConfigKeys (ConfUtils.java:logGet(46)) - raft.server.rpc.slowness.timeout = 300s (custom)
2023-09-07 08:54:05,680 [bb55b568-9515-4c72-9e9b-b757ab502a4b-groupManagement] INFO  server.RaftServerConfigKeys (ConfUtils.java:logGet(46)) - raft.server.leaderelection.leader.step-down.wait-time = 10s (default)
2023-09-07 08:54:05,681 [bb55b568-9515-4c72-9e9b-b757ab502a4b-groupManagement] INFO  server.RaftServerConfigKeys (ConfUtils.java:logGet(46)) - raft.server.sleep.deviation.threshold = 300ms (default)
2023-09-07 08:54:05,682 [bb55b568-9515-4c72-9e9b-b757ab502a4b-groupManagement] INFO  server.RaftServer$Division (ServerState.java:<init>(120)) - bb55b568-9515-4c72-9e9b-b757ab502a4b@group-D902EBFFD29F: ConfigurationManager, init=-1: peers:[d53ff278-24a5-4154-8938-e562e33f1fe4|rpc:10.1.0.48:15085|admin:10.1.0.48:15084|client:10.1.0.48:15083|dataStream:10.1.0.48:15086|priority:0|startupRole:FOLLOWER, 631d0543-e884-417b-8085-5eab660cf7c0|rpc:10.1.0.48:15067|admin:10.1.0.48:15066|client:10.1.0.48:15065|dataStream:10.1.0.48:15068|priority:1|startupRole:FOLLOWER, bb55b568-9515-4c72-9e9b-b757ab502a4b|rpc:10.1.0.48:15076|admin:10.1.0.48:15075|client:10.1.0.48:15074|dataStream:10.1.0.48:15077|priority:0|startupRole:FOLLOWER]|listeners:[], old=null, confs=<EMPTY_MAP>
2023-09-07 08:54:05,682 [bb55b568-9515-4c72-9e9b-b757ab502a4b-groupManagement] INFO  server.RaftServerConfigKeys (ConfUtils.java:logGet(46)) - raft.server.storage.dir = [/home/runner/work/ozone/ozone/hadoop-ozone/integration-test/target/test-dir/MiniOzoneClusterImpl-ca08a916-3927-468c-b731-1edf5636b3eb/datanode-1/data/ratis] (custom)
2023-09-07 08:54:05,682 [bb55b568-9515-4c72-9e9b-b757ab502a4b-groupManagement] INFO  server.RaftServerConfigKeys (ConfUtils.java:logGet(46)) - raft.server.log.corruption.policy = EXCEPTION (default)
2023-09-07 08:54:05,682 [bb55b568-9515-4c72-9e9b-b757ab502a4b-groupManagement] INFO  server.RaftServerConfigKeys (ConfUtils.java:logGet(46)) - raft.server.storage.free-space.min = 0MB (=0) (default)
2023-09-07 08:54:05,683 [bb55b568-9515-4c72-9e9b-b757ab502a4b-groupManagement] INFO  server.RaftServerConfigKeys (ConfUtils.java:logGet(46)) - raft.server.notification.no-leader.timeout = 300s (custom)
2023-09-07 08:54:05,683 [bb55b568-9515-4c72-9e9b-b757ab502a4b-groupManagement] INFO  server.RaftServerConfigKeys (ConfUtils.java:logGet(46)) - raft.server.read.timeout = 10s (default)
2023-09-07 08:54:05,683 [bb55b568-9515-4c72-9e9b-b757ab502a4b-groupManagement] INFO  server.RaftServerConfigKeys (ConfUtils.java:logGet(46)) - raft.server.retrycache.expirytime = 600000ms (custom)
2023-09-07 08:54:05,683 [bb55b568-9515-4c72-9e9b-b757ab502a4b-groupManagement] INFO  server.RaftServerConfigKeys (ConfUtils.java:logGet(46)) - raft.server.retrycache.statistics.expirytime = 100μs (default)
2023-09-07 08:54:05,684 [bb55b568-9515-4c72-9e9b-b757ab502a4b-groupManagement] INFO  server.RaftServerConfigKeys (ConfUtils.java:logGet(46)) - raft.server.read.option = DEFAULT (default)
2023-09-07 08:54:05,689 [bb55b568-9515-4c72-9e9b-b757ab502a4b-groupManagement] INFO  server.RaftServerConfigKeys (ConfUtils.java:logGet(46)) - raft.server.rpc.request.timeout = 60s (custom)
2023-09-07 08:54:05,689 [bb55b568-9515-4c72-9e9b-b757ab502a4b-groupManagement] INFO  server.RaftServerConfigKeys (ConfUtils.java:logGet(46)) - raft.server.log.appender.install.snapshot.enabled = false (custom)
2023-09-07 08:54:05,689 [bb55b568-9515-4c72-9e9b-b757ab502a4b-groupManagement] INFO  server.RaftServerConfigKeys (ConfUtils.java:logGet(46)) - raft.server.threadpool.server.cached = true (default)
2023-09-07 08:54:05,689 [bb55b568-9515-4c72-9e9b-b757ab502a4b-groupManagement] INFO  server.RaftServerConfigKeys (ConfUtils.java:logGet(46)) - raft.server.threadpool.server.size = 0 (default)
2023-09-07 08:54:05,689 [bb55b568-9515-4c72-9e9b-b757ab502a4b-groupManagement] INFO  server.RaftServerConfigKeys (ConfUtils.java:logGet(46)) - raft.server.threadpool.client.cached = true (default)
2023-09-07 08:54:05,689 [bb55b568-9515-4c72-9e9b-b757ab502a4b-groupManagement] INFO  server.RaftServerConfigKeys (ConfUtils.java:logGet(46)) - raft.server.threadpool.client.size = 0 (default)
2023-09-07 08:54:05,690 [bb55b568-9515-4c72-9e9b-b757ab502a4b-groupManagement] INFO  storage.RaftStorageDirectory (RaftStorageDirectoryImpl.java:analyzeStorage(137)) - The storage directory /home/runner/work/ozone/ozone/hadoop-ozone/integration-test/target/test-dir/MiniOzoneClusterImpl-ca08a916-3927-468c-b731-1edf5636b3eb/datanode-1/data/ratis/5ba4d63c-8cdd-4639-bc3a-d902ebffd29f does not exist. Creating ...
2023-09-07 08:54:05,691 [bb55b568-9515-4c72-9e9b-b757ab502a4b-groupManagement] INFO  storage.RaftStorageDirectory (RaftStorageDirectoryImpl.java:tryLock(231)) - Lock on /home/runner/work/ozone/ozone/hadoop-ozone/integration-test/target/test-dir/MiniOzoneClusterImpl-ca08a916-3927-468c-b731-1edf5636b3eb/datanode-1/data/ratis/5ba4d63c-8cdd-4639-bc3a-d902ebffd29f/in_use.lock acquired by nodename 7589@fv-az793-921
2023-09-07 08:54:05,693 [bb55b568-9515-4c72-9e9b-b757ab502a4b-groupManagement] INFO  storage.RaftStorage (RaftStorageImpl.java:format(96)) - Storage directory /home/runner/work/ozone/ozone/hadoop-ozone/integration-test/target/test-dir/MiniOzoneClusterImpl-ca08a916-3927-468c-b731-1edf5636b3eb/datanode-1/data/ratis/5ba4d63c-8cdd-4639-bc3a-d902ebffd29f has been successfully formatted.
2023-09-07 08:54:05,694 [bb55b568-9515-4c72-9e9b-b757ab502a4b-groupManagement] INFO  ratis.ContainerStateMachine (ContainerStateMachine.java:loadSnapshot(262)) - group-D902EBFFD29F: The snapshot info is null. Setting the last applied indexto:(t:0, i:~)
2023-09-07 08:54:05,695 [bb55b568-9515-4c72-9e9b-b757ab502a4b-groupManagement] INFO  server.RaftServerConfigKeys (ConfUtils.java:logGet(46)) - raft.server.log.use.memory = false (default)
2023-09-07 08:54:05,695 [bb55b568-9515-4c72-9e9b-b757ab502a4b-groupManagement] INFO  server.RaftServerConfigKeys (ConfUtils.java:logGet(46)) - raft.server.log.purge.gap = 1000000 (custom)
2023-09-07 08:54:05,695 [bb55b568-9515-4c72-9e9b-b757ab502a4b-groupManagement] INFO  server.RaftServerConfigKeys (ConfUtils.java:logGet(46)) - raft.server.log.appender.buffer.byte-limit = 33554432 (custom)
2023-09-07 08:54:05,695 [bb55b568-9515-4c72-9e9b-b757ab502a4b-groupManagement] INFO  server.RaftServerConfigKeys (ConfUtils.java:logGet(46)) - raft.server.log.statemachine.data.read.timeout = 1000ms (default)
2023-09-07 08:54:05,695 [bb55b568-9515-4c72-9e9b-b757ab502a4b-groupManagement] INFO  server.RaftServerConfigKeys (ConfUtils.java:logGet(46)) - raft.server.log.purge.preservation.log.num = 0 (default)
2023-09-07 08:54:05,696 [bb55b568-9515-4c72-9e9b-b757ab502a4b-groupManagement] INFO  server.RaftServerConfigKeys (ConfUtils.java:logGet(46)) - raft.server.log.segment.size.max = 1048576 (custom)
2023-09-07 08:54:05,696 [bb55b568-9515-4c72-9e9b-b757ab502a4b-groupManagement] INFO  server.RaftServerConfigKeys (ConfUtils.java:logGet(46)) - raft.server.log.segment.cache.num.max = 2 (custom)
2023-09-07 08:54:05,696 [bb55b568-9515-4c72-9e9b-b757ab502a4b-groupManagement] INFO  server.RaftServerConfigKeys (ConfUtils.java:logGet(46)) - raft.server.log.segment.cache.size.max = 200MB (=209715200) (default)
2023-09-07 08:54:05,696 [bb55b568-9515-4c72-9e9b-b757ab502a4b-groupManagement] INFO  server.RaftServerConfigKeys (ConfUtils.java:logGet(46)) - raft.server.log.appender.buffer.byte-limit = 33554432 (custom)
2023-09-07 08:54:05,696 [bb55b568-9515-4c72-9e9b-b757ab502a4b-groupManagement] INFO  segmented.SegmentedRaftLogWorker (SegmentedRaftLogWorker.java:<init>(188)) - new bb55b568-9515-4c72-9e9b-b757ab502a4b@group-D902EBFFD29F-SegmentedRaftLogWorker for RaftStorageImpl:Storage Directory /home/runner/work/ozone/ozone/hadoop-ozone/integration-test/target/test-dir/MiniOzoneClusterImpl-ca08a916-3927-468c-b731-1edf5636b3eb/datanode-1/data/ratis/5ba4d63c-8cdd-4639-bc3a-d902ebffd29f
2023-09-07 08:54:05,696 [bb55b568-9515-4c72-9e9b-b757ab502a4b-groupManagement] INFO  server.RaftServerConfigKeys (ConfUtils.java:logGet(46)) - raft.server.log.queue.byte-limit = 4294967296 (custom)
2023-09-07 08:54:05,697 [bb55b568-9515-4c72-9e9b-b757ab502a4b-groupManagement] INFO  server.RaftServerConfigKeys (ConfUtils.java:logGet(46)) - raft.server.log.queue.element-limit = 1024 (custom)
2023-09-07 08:54:05,697 [bb55b568-9515-4c72-9e9b-b757ab502a4b-groupManagement] INFO  server.RaftServerConfigKeys (ConfUtils.java:logGet(46)) - raft.server.log.segment.size.max = 1048576 (custom)
2023-09-07 08:54:05,697 [bb55b568-9515-4c72-9e9b-b757ab502a4b-groupManagement] INFO  server.RaftServerConfigKeys (ConfUtils.java:logGet(46)) - raft.server.log.preallocated.size = 16384 (custom)
2023-09-07 08:54:05,697 [bb55b568-9515-4c72-9e9b-b757ab502a4b-groupManagement] INFO  server.RaftServerConfigKeys (ConfUtils.java:logGet(46)) - raft.server.log.force.sync.num = 128 (default)
2023-09-07 08:54:05,697 [bb55b568-9515-4c72-9e9b-b757ab502a4b-groupManagement] INFO  server.RaftServerConfigKeys (ConfUtils.java:logGet(46)) - raft.server.log.statemachine.data.sync = true (default)
2023-09-07 08:54:05,697 [bb55b568-9515-4c72-9e9b-b757ab502a4b-groupManagement] INFO  server.RaftServerConfigKeys (ConfUtils.java:logGet(46)) - raft.server.log.statemachine.data.sync.timeout = 10s (default)
2023-09-07 08:54:05,697 [bb55b568-9515-4c72-9e9b-b757ab502a4b-groupManagement] INFO  server.RaftServerConfigKeys (ConfUtils.java:logGet(46)) - raft.server.log.statemachine.data.sync.timeout.retry = -1 (default)
2023-09-07 08:54:05,698 [bb55b568-9515-4c72-9e9b-b757ab502a4b-groupManagement] INFO  server.RaftServerConfigKeys (ConfUtils.java:logGet(46)) - raft.server.log.write.buffer.size = 1048576 (custom)
2023-09-07 08:54:05,698 [bb55b568-9515-4c72-9e9b-b757ab502a4b-groupManagement] INFO  server.RaftServerConfigKeys (ConfUtils.java:logGet(46)) - raft.server.log.appender.buffer.byte-limit = 33554432 (custom)
2023-09-07 08:54:05,705 [bb55b568-9515-4c72-9e9b-b757ab502a4b-groupManagement] INFO  server.RaftServerConfigKeys (ConfUtils.java:logGet(46)) - raft.server.log.unsafe-flush.enabled = false (default)
2023-09-07 08:54:05,705 [bb55b568-9515-4c72-9e9b-b757ab502a4b-groupManagement] INFO  server.RaftServerConfigKeys (ConfUtils.java:logGet(46)) - raft.server.log.async-flush.enabled = false (default)
2023-09-07 08:54:05,705 [bb55b568-9515-4c72-9e9b-b757ab502a4b-groupManagement] INFO  server.RaftServerConfigKeys (ConfUtils.java:logGet(46)) - raft.server.log.statemachine.data.caching.enabled = true (custom)
2023-09-07 08:54:05,705 [bb55b568-9515-4c72-9e9b-b757ab502a4b-groupManagement] INFO  segmented.SegmentedRaftLogWorker (SegmentedRaftLogWorker.java:lambda$new$0(135)) - bb55b568-9515-4c72-9e9b-b757ab502a4b@group-D902EBFFD29F-SegmentedRaftLogWorker: flushIndex: setUnconditionally 0 -> -1
2023-09-07 08:54:05,705 [bb55b568-9515-4c72-9e9b-b757ab502a4b-groupManagement] INFO  segmented.SegmentedRaftLogWorker (SegmentedRaftLogWorker.java:lambda$new$0(135)) - bb55b568-9515-4c72-9e9b-b757ab502a4b@group-D902EBFFD29F-SegmentedRaftLogWorker: safeCacheEvictIndex: setUnconditionally 0 -> -1
2023-09-07 08:54:05,706 [bb55b568-9515-4c72-9e9b-b757ab502a4b-groupManagement] INFO  server.RaftServer$Division (RaftServerImpl.java:start(342)) - bb55b568-9515-4c72-9e9b-b757ab502a4b@group-D902EBFFD29F: start as a follower, conf=-1: peers:[d53ff278-24a5-4154-8938-e562e33f1fe4|rpc:10.1.0.48:15085|admin:10.1.0.48:15084|client:10.1.0.48:15083|dataStream:10.1.0.48:15086|priority:0|startupRole:FOLLOWER, 631d0543-e884-417b-8085-5eab660cf7c0|rpc:10.1.0.48:15067|admin:10.1.0.48:15066|client:10.1.0.48:15065|dataStream:10.1.0.48:15068|priority:1|startupRole:FOLLOWER, bb55b568-9515-4c72-9e9b-b757ab502a4b|rpc:10.1.0.48:15076|admin:10.1.0.48:15075|client:10.1.0.48:15074|dataStream:10.1.0.48:15077|priority:0|startupRole:FOLLOWER]|listeners:[], old=null
2023-09-07 08:54:05,706 [bb55b568-9515-4c72-9e9b-b757ab502a4b-groupManagement] INFO  server.RaftServer$Division (RaftServerImpl.java:setRole(329)) - bb55b568-9515-4c72-9e9b-b757ab502a4b@group-D902EBFFD29F: changes role from      null to FOLLOWER at term 0 for startAsFollower
2023-09-07 08:54:05,706 [bb55b568-9515-4c72-9e9b-b757ab502a4b-groupManagement] INFO  impl.RoleInfo (RoleInfo.java:updateAndGet(139)) - bb55b568-9515-4c72-9e9b-b757ab502a4b: start bb55b568-9515-4c72-9e9b-b757ab502a4b@group-D902EBFFD29F-FollowerState
2023-09-07 08:54:05,706 [bb55b568-9515-4c72-9e9b-b757ab502a4b@group-D902EBFFD29F-FollowerState] INFO  server.RaftServerConfigKeys (ConfUtils.java:logFallback(53)) - raft.server.rpc.first-election.timeout.min = 5s (fallback to raft.server.rpc.timeout.min)
2023-09-07 08:54:05,706 [bb55b568-9515-4c72-9e9b-b757ab502a4b-groupManagement] INFO  util.JmxRegister (JmxRegister.java:tryRegister(44)) - Successfully registered JMX Bean with object name Ratis:service=RaftServer,group=group-D902EBFFD29F,id=bb55b568-9515-4c72-9e9b-b757ab502a4b
2023-09-07 08:54:05,706 [bb55b568-9515-4c72-9e9b-b757ab502a4b@group-D902EBFFD29F-FollowerState] INFO  server.RaftServerConfigKeys (ConfUtils.java:logFallback(53)) - raft.server.rpc.first-election.timeout.max = 5200ms (fallback to raft.server.rpc.timeout.max)
2023-09-07 08:54:05,706 [bb55b568-9515-4c72-9e9b-b757ab502a4b-groupManagement] INFO  server.RaftServerConfigKeys (ConfUtils.java:logGet(46)) - raft.server.snapshot.auto.trigger.enabled = true (custom)
2023-09-07 08:54:05,707 [bb55b568-9515-4c72-9e9b-b757ab502a4b-groupManagement] INFO  server.RaftServerConfigKeys (ConfUtils.java:logGet(46)) - raft.server.snapshot.auto.trigger.threshold = 10000 (custom)
2023-09-07 08:54:05,707 [bb55b568-9515-4c72-9e9b-b757ab502a4b-groupManagement] INFO  server.RaftServerConfigKeys (ConfUtils.java:logGet(46)) - raft.server.snapshot.retention.file.num = 5 (custom)
2023-09-07 08:54:05,707 [bb55b568-9515-4c72-9e9b-b757ab502a4b-groupManagement] INFO  server.RaftServerConfigKeys (ConfUtils.java:logGet(46)) - raft.server.log.purge.upto.snapshot.index = false (default)
2023-09-07 08:54:05,713 [PipelineCommandHandlerThread-0] INFO  commandhandler.CreatePipelineCommandHandler (CreatePipelineCommandHandler.java:lambda$handle$2(124)) - Created Pipeline RATIS THREE PipelineID=5ba4d63c-8cdd-4639-bc3a-d902ebffd29f.
2023-09-07 08:54:05,714 [PipelineCommandHandlerThread-0] INFO  server.RaftServer (RaftServerProxy.java:addNew(98)) - 631d0543-e884-417b-8085-5eab660cf7c0: addNew group-76C51690F0F5:[d53ff278-24a5-4154-8938-e562e33f1fe4|rpc:10.1.0.48:15085|admin:10.1.0.48:15084|client:10.1.0.48:15083|dataStream:10.1.0.48:15086|priority:1|startupRole:FOLLOWER, 631d0543-e884-417b-8085-5eab660cf7c0|rpc:10.1.0.48:15067|admin:10.1.0.48:15066|client:10.1.0.48:15065|dataStream:10.1.0.48:15068|priority:0|startupRole:FOLLOWER, bb55b568-9515-4c72-9e9b-b757ab502a4b|rpc:10.1.0.48:15076|admin:10.1.0.48:15075|client:10.1.0.48:15074|dataStream:10.1.0.48:15077|priority:0|startupRole:FOLLOWER] returns group-76C51690F0F5:java.util.concurrent.CompletableFuture@61e3c8c4[Not completed]
2023-09-07 08:54:05,715 [631d0543-e884-417b-8085-5eab660cf7c0-groupManagement] INFO  server.RaftServer$Division (RaftServerImpl.java:<init>(198)) - 631d0543-e884-417b-8085-5eab660cf7c0: new RaftServerImpl for group-76C51690F0F5:[d53ff278-24a5-4154-8938-e562e33f1fe4|rpc:10.1.0.48:15085|admin:10.1.0.48:15084|client:10.1.0.48:15083|dataStream:10.1.0.48:15086|priority:1|startupRole:FOLLOWER, 631d0543-e884-417b-8085-5eab660cf7c0|rpc:10.1.0.48:15067|admin:10.1.0.48:15066|client:10.1.0.48:15065|dataStream:10.1.0.48:15068|priority:0|startupRole:FOLLOWER, bb55b568-9515-4c72-9e9b-b757ab502a4b|rpc:10.1.0.48:15076|admin:10.1.0.48:15075|client:10.1.0.48:15074|dataStream:10.1.0.48:15077|priority:0|startupRole:FOLLOWER] with ContainerStateMachine:uninitialized
2023-09-07 08:54:05,715 [631d0543-e884-417b-8085-5eab660cf7c0-groupManagement] INFO  server.RaftServerConfigKeys (ConfUtils.java:logGet(46)) - raft.server.rpc.timeout.min = 5s (custom)
2023-09-07 08:54:05,715 [631d0543-e884-417b-8085-5eab660cf7c0-groupManagement] INFO  server.RaftServerConfigKeys (ConfUtils.java:logGet(46)) - raft.server.rpc.timeout.max = 5200ms (custom)
2023-09-07 08:54:05,715 [631d0543-e884-417b-8085-5eab660cf7c0-groupManagement] INFO  server.RaftServerConfigKeys (ConfUtils.java:logGet(46)) - raft.server.rpc.sleep.time = 25ms (default)
2023-09-07 08:54:05,715 [631d0543-e884-417b-8085-5eab660cf7c0-groupManagement] INFO  server.RaftServerConfigKeys (ConfUtils.java:logGet(46)) - raft.server.rpc.slowness.timeout = 300s (custom)
2023-09-07 08:54:05,715 [631d0543-e884-417b-8085-5eab660cf7c0-groupManagement] INFO  server.RaftServerConfigKeys (ConfUtils.java:logGet(46)) - raft.server.leaderelection.leader.step-down.wait-time = 10s (default)
2023-09-07 08:54:05,715 [631d0543-e884-417b-8085-5eab660cf7c0-groupManagement] INFO  server.RaftServerConfigKeys (ConfUtils.java:logGet(46)) - raft.server.sleep.deviation.threshold = 300ms (default)
2023-09-07 08:54:05,715 [631d0543-e884-417b-8085-5eab660cf7c0-groupManagement] INFO  server.RaftServer$Division (ServerState.java:<init>(120)) - 631d0543-e884-417b-8085-5eab660cf7c0@group-76C51690F0F5: ConfigurationManager, init=-1: peers:[d53ff278-24a5-4154-8938-e562e33f1fe4|rpc:10.1.0.48:15085|admin:10.1.0.48:15084|client:10.1.0.48:15083|dataStream:10.1.0.48:15086|priority:1|startupRole:FOLLOWER, 631d0543-e884-417b-8085-5eab660cf7c0|rpc:10.1.0.48:15067|admin:10.1.0.48:15066|client:10.1.0.48:15065|dataStream:10.1.0.48:15068|priority:0|startupRole:FOLLOWER, bb55b568-9515-4c72-9e9b-b757ab502a4b|rpc:10.1.0.48:15076|admin:10.1.0.48:15075|client:10.1.0.48:15074|dataStream:10.1.0.48:15077|priority:0|startupRole:FOLLOWER]|listeners:[], old=null, confs=<EMPTY_MAP>
2023-09-07 08:54:05,715 [631d0543-e884-417b-8085-5eab660cf7c0-groupManagement] INFO  server.RaftServerConfigKeys (ConfUtils.java:logGet(46)) - raft.server.storage.dir = [/home/runner/work/ozone/ozone/hadoop-ozone/integration-test/target/test-dir/MiniOzoneClusterImpl-ca08a916-3927-468c-b731-1edf5636b3eb/datanode-0/data/ratis] (custom)
2023-09-07 08:54:05,716 [631d0543-e884-417b-8085-5eab660cf7c0-groupManagement] INFO  server.RaftServerConfigKeys (ConfUtils.java:logGet(46)) - raft.server.log.corruption.policy = EXCEPTION (default)
2023-09-07 08:54:05,716 [631d0543-e884-417b-8085-5eab660cf7c0-groupManagement] INFO  server.RaftServerConfigKeys (ConfUtils.java:logGet(46)) - raft.server.storage.free-space.min = 0MB (=0) (default)
2023-09-07 08:54:05,716 [631d0543-e884-417b-8085-5eab660cf7c0-groupManagement] INFO  server.RaftServerConfigKeys (ConfUtils.java:logGet(46)) - raft.server.notification.no-leader.timeout = 300s (custom)
2023-09-07 08:54:05,716 [631d0543-e884-417b-8085-5eab660cf7c0-groupManagement] INFO  server.RaftServerConfigKeys (ConfUtils.java:logGet(46)) - raft.server.read.timeout = 10s (default)
2023-09-07 08:54:05,716 [631d0543-e884-417b-8085-5eab660cf7c0-groupManagement] INFO  server.RaftServerConfigKeys (ConfUtils.java:logGet(46)) - raft.server.retrycache.expirytime = 600000ms (custom)
2023-09-07 08:54:05,716 [631d0543-e884-417b-8085-5eab660cf7c0-groupManagement] INFO  server.RaftServerConfigKeys (ConfUtils.java:logGet(46)) - raft.server.retrycache.statistics.expirytime = 100μs (default)
2023-09-07 08:54:05,716 [631d0543-e884-417b-8085-5eab660cf7c0-groupManagement] INFO  server.RaftServerConfigKeys (ConfUtils.java:logGet(46)) - raft.server.read.option = DEFAULT (default)
2023-09-07 08:54:05,717 [631d0543-e884-417b-8085-5eab660cf7c0-groupManagement] INFO  server.RaftServerConfigKeys (ConfUtils.java:logGet(46)) - raft.server.rpc.request.timeout = 60s (custom)
2023-09-07 08:54:05,717 [631d0543-e884-417b-8085-5eab660cf7c0-groupManagement] INFO  server.RaftServerConfigKeys (ConfUtils.java:logGet(46)) - raft.server.log.appender.install.snapshot.enabled = false (custom)
2023-09-07 08:54:05,717 [631d0543-e884-417b-8085-5eab660cf7c0-groupManagement] INFO  server.RaftServerConfigKeys (ConfUtils.java:logGet(46)) - raft.server.threadpool.server.cached = true (default)
2023-09-07 08:54:05,717 [631d0543-e884-417b-8085-5eab660cf7c0-groupManagement] INFO  server.RaftServerConfigKeys (ConfUtils.java:logGet(46)) - raft.server.threadpool.server.size = 0 (default)
2023-09-07 08:54:05,717 [631d0543-e884-417b-8085-5eab660cf7c0-groupManagement] INFO  server.RaftServerConfigKeys (ConfUtils.java:logGet(46)) - raft.server.threadpool.client.cached = true (default)
2023-09-07 08:54:05,718 [631d0543-e884-417b-8085-5eab660cf7c0-groupManagement] INFO  server.RaftServerConfigKeys (ConfUtils.java:logGet(46)) - raft.server.threadpool.client.size = 0 (default)
2023-09-07 08:54:05,718 [631d0543-e884-417b-8085-5eab660cf7c0-groupManagement] INFO  storage.RaftStorageDirectory (RaftStorageDirectoryImpl.java:analyzeStorage(137)) - The storage directory /home/runner/work/ozone/ozone/hadoop-ozone/integration-test/target/test-dir/MiniOzoneClusterImpl-ca08a916-3927-468c-b731-1edf5636b3eb/datanode-0/data/ratis/68df4c7c-a2cf-46aa-a303-76c51690f0f5 does not exist. Creating ...
2023-09-07 08:54:05,719 [631d0543-e884-417b-8085-5eab660cf7c0-groupManagement] INFO  storage.RaftStorageDirectory (RaftStorageDirectoryImpl.java:tryLock(231)) - Lock on /home/runner/work/ozone/ozone/hadoop-ozone/integration-test/target/test-dir/MiniOzoneClusterImpl-ca08a916-3927-468c-b731-1edf5636b3eb/datanode-0/data/ratis/68df4c7c-a2cf-46aa-a303-76c51690f0f5/in_use.lock acquired by nodename 7589@fv-az793-921
2023-09-07 08:54:05,721 [631d0543-e884-417b-8085-5eab660cf7c0-groupManagement] INFO  storage.RaftStorage (RaftStorageImpl.java:format(96)) - Storage directory /home/runner/work/ozone/ozone/hadoop-ozone/integration-test/target/test-dir/MiniOzoneClusterImpl-ca08a916-3927-468c-b731-1edf5636b3eb/datanode-0/data/ratis/68df4c7c-a2cf-46aa-a303-76c51690f0f5 has been successfully formatted.
2023-09-07 08:54:05,722 [631d0543-e884-417b-8085-5eab660cf7c0-groupManagement] INFO  ratis.ContainerStateMachine (ContainerStateMachine.java:loadSnapshot(262)) - group-76C51690F0F5: The snapshot info is null. Setting the last applied indexto:(t:0, i:~)
2023-09-07 08:54:05,722 [631d0543-e884-417b-8085-5eab660cf7c0-groupManagement] INFO  server.RaftServerConfigKeys (ConfUtils.java:logGet(46)) - raft.server.log.use.memory = false (default)
2023-09-07 08:54:05,722 [631d0543-e884-417b-8085-5eab660cf7c0-groupManagement] INFO  server.RaftServerConfigKeys (ConfUtils.java:logGet(46)) - raft.server.log.purge.gap = 1000000 (custom)
2023-09-07 08:54:05,722 [631d0543-e884-417b-8085-5eab660cf7c0-groupManagement] INFO  server.RaftServerConfigKeys (ConfUtils.java:logGet(46)) - raft.server.log.appender.buffer.byte-limit = 33554432 (custom)
2023-09-07 08:54:05,723 [631d0543-e884-417b-8085-5eab660cf7c0-groupManagement] INFO  server.RaftServerConfigKeys (ConfUtils.java:logGet(46)) - raft.server.log.statemachine.data.read.timeout = 1000ms (default)
2023-09-07 08:54:05,723 [631d0543-e884-417b-8085-5eab660cf7c0-groupManagement] INFO  server.RaftServerConfigKeys (ConfUtils.java:logGet(46)) - raft.server.log.purge.preservation.log.num = 0 (default)
2023-09-07 08:54:05,723 [631d0543-e884-417b-8085-5eab660cf7c0-groupManagement] INFO  server.RaftServerConfigKeys (ConfUtils.java:logGet(46)) - raft.server.log.segment.size.max = 1048576 (custom)
2023-09-07 08:54:05,723 [631d0543-e884-417b-8085-5eab660cf7c0-groupManagement] INFO  server.RaftServerConfigKeys (ConfUtils.java:logGet(46)) - raft.server.log.segment.cache.num.max = 2 (custom)
2023-09-07 08:54:05,723 [631d0543-e884-417b-8085-5eab660cf7c0-groupManagement] INFO  server.RaftServerConfigKeys (ConfUtils.java:logGet(46)) - raft.server.log.segment.cache.size.max = 200MB (=209715200) (default)
2023-09-07 08:54:05,724 [631d0543-e884-417b-8085-5eab660cf7c0-groupManagement] INFO  server.RaftServerConfigKeys (ConfUtils.java:logGet(46)) - raft.server.log.appender.buffer.byte-limit = 33554432 (custom)
2023-09-07 08:54:05,724 [631d0543-e884-417b-8085-5eab660cf7c0-groupManagement] INFO  segmented.SegmentedRaftLogWorker (SegmentedRaftLogWorker.java:<init>(188)) - new 631d0543-e884-417b-8085-5eab660cf7c0@group-76C51690F0F5-SegmentedRaftLogWorker for RaftStorageImpl:Storage Directory /home/runner/work/ozone/ozone/hadoop-ozone/integration-test/target/test-dir/MiniOzoneClusterImpl-ca08a916-3927-468c-b731-1edf5636b3eb/datanode-0/data/ratis/68df4c7c-a2cf-46aa-a303-76c51690f0f5
2023-09-07 08:54:05,724 [EventQueue-OpenPipelineForHealthyPipelineSafeModeRule] INFO  safemode.SCMSafeModeManager (HealthyPipelineSafeModeRule.java:process(137)) - SCM in safe mode. Healthy pipelines reported count is 0, required healthy pipeline reported count is 1
2023-09-07 08:54:05,724 [631d0543-e884-417b-8085-5eab660cf7c0-groupManagement] INFO  server.RaftServerConfigKeys (ConfUtils.java:logGet(46)) - raft.server.log.queue.byte-limit = 4294967296 (custom)
2023-09-07 08:54:05,724 [631d0543-e884-417b-8085-5eab660cf7c0-groupManagement] INFO  server.RaftServerConfigKeys (ConfUtils.java:logGet(46)) - raft.server.log.queue.element-limit = 1024 (custom)
2023-09-07 08:54:05,724 [631d0543-e884-417b-8085-5eab660cf7c0-groupManagement] INFO  server.RaftServerConfigKeys (ConfUtils.java:logGet(46)) - raft.server.log.segment.size.max = 1048576 (custom)
2023-09-07 08:54:05,724 [631d0543-e884-417b-8085-5eab660cf7c0-groupManagement] INFO  server.RaftServerConfigKeys (ConfUtils.java:logGet(46)) - raft.server.log.preallocated.size = 16384 (custom)
2023-09-07 08:54:05,724 [631d0543-e884-417b-8085-5eab660cf7c0-groupManagement] INFO  server.RaftServerConfigKeys (ConfUtils.java:logGet(46)) - raft.server.log.force.sync.num = 128 (default)
2023-09-07 08:54:05,724 [631d0543-e884-417b-8085-5eab660cf7c0-groupManagement] INFO  server.RaftServerConfigKeys (ConfUtils.java:logGet(46)) - raft.server.log.statemachine.data.sync = true (default)
2023-09-07 08:54:05,724 [631d0543-e884-417b-8085-5eab660cf7c0-groupManagement] INFO  server.RaftServerConfigKeys (ConfUtils.java:logGet(46)) - raft.server.log.statemachine.data.sync.timeout = 10s (default)
2023-09-07 08:54:05,724 [631d0543-e884-417b-8085-5eab660cf7c0-groupManagement] INFO  server.RaftServerConfigKeys (ConfUtils.java:logGet(46)) - raft.server.log.statemachine.data.sync.timeout.retry = -1 (default)
2023-09-07 08:54:05,725 [631d0543-e884-417b-8085-5eab660cf7c0-groupManagement] INFO  server.RaftServerConfigKeys (ConfUtils.java:logGet(46)) - raft.server.log.write.buffer.size = 1048576 (custom)
2023-09-07 08:54:05,726 [631d0543-e884-417b-8085-5eab660cf7c0-groupManagement] INFO  server.RaftServerConfigKeys (ConfUtils.java:logGet(46)) - raft.server.log.appender.buffer.byte-limit = 33554432 (custom)
2023-09-07 08:54:05,733 [631d0543-e884-417b-8085-5eab660cf7c0-groupManagement] INFO  server.RaftServerConfigKeys (ConfUtils.java:logGet(46)) - raft.server.log.unsafe-flush.enabled = false (default)
2023-09-07 08:54:05,733 [631d0543-e884-417b-8085-5eab660cf7c0-groupManagement] INFO  server.RaftServerConfigKeys (ConfUtils.java:logGet(46)) - raft.server.log.async-flush.enabled = false (default)
2023-09-07 08:54:05,733 [631d0543-e884-417b-8085-5eab660cf7c0-groupManagement] INFO  server.RaftServerConfigKeys (ConfUtils.java:logGet(46)) - raft.server.log.statemachine.data.caching.enabled = true (custom)
2023-09-07 08:54:05,733 [631d0543-e884-417b-8085-5eab660cf7c0-groupManagement] INFO  segmented.SegmentedRaftLogWorker (SegmentedRaftLogWorker.java:lambda$new$0(135)) - 631d0543-e884-417b-8085-5eab660cf7c0@group-76C51690F0F5-SegmentedRaftLogWorker: flushIndex: setUnconditionally 0 -> -1
2023-09-07 08:54:05,733 [631d0543-e884-417b-8085-5eab660cf7c0-groupManagement] INFO  segmented.SegmentedRaftLogWorker (SegmentedRaftLogWorker.java:lambda$new$0(135)) - 631d0543-e884-417b-8085-5eab660cf7c0@group-76C51690F0F5-SegmentedRaftLogWorker: safeCacheEvictIndex: setUnconditionally 0 -> -1
2023-09-07 08:54:05,734 [631d0543-e884-417b-8085-5eab660cf7c0-groupManagement] INFO  server.RaftServer$Division (RaftServerImpl.java:start(342)) - 631d0543-e884-417b-8085-5eab660cf7c0@group-76C51690F0F5: start as a follower, conf=-1: peers:[d53ff278-24a5-4154-8938-e562e33f1fe4|rpc:10.1.0.48:15085|admin:10.1.0.48:15084|client:10.1.0.48:15083|dataStream:10.1.0.48:15086|priority:1|startupRole:FOLLOWER, 631d0543-e884-417b-8085-5eab660cf7c0|rpc:10.1.0.48:15067|admin:10.1.0.48:15066|client:10.1.0.48:15065|dataStream:10.1.0.48:15068|priority:0|startupRole:FOLLOWER, bb55b568-9515-4c72-9e9b-b757ab502a4b|rpc:10.1.0.48:15076|admin:10.1.0.48:15075|client:10.1.0.48:15074|dataStream:10.1.0.48:15077|priority:0|startupRole:FOLLOWER]|listeners:[], old=null
2023-09-07 08:54:05,734 [631d0543-e884-417b-8085-5eab660cf7c0-groupManagement] INFO  server.RaftServer$Division (RaftServerImpl.java:setRole(329)) - 631d0543-e884-417b-8085-5eab660cf7c0@group-76C51690F0F5: changes role from      null to FOLLOWER at term 0 for startAsFollower
2023-09-07 08:54:05,734 [631d0543-e884-417b-8085-5eab660cf7c0-groupManagement] INFO  impl.RoleInfo (RoleInfo.java:updateAndGet(139)) - 631d0543-e884-417b-8085-5eab660cf7c0: start 631d0543-e884-417b-8085-5eab660cf7c0@group-76C51690F0F5-FollowerState
2023-09-07 08:54:05,737 [631d0543-e884-417b-8085-5eab660cf7c0-groupManagement] INFO  util.JmxRegister (JmxRegister.java:tryRegister(44)) - Successfully registered JMX Bean with object name Ratis:service=RaftServer,group=group-76C51690F0F5,id=631d0543-e884-417b-8085-5eab660cf7c0
2023-09-07 08:54:05,737 [631d0543-e884-417b-8085-5eab660cf7c0-groupManagement] INFO  server.RaftServerConfigKeys (ConfUtils.java:logGet(46)) - raft.server.snapshot.auto.trigger.enabled = true (custom)
2023-09-07 08:54:05,737 [631d0543-e884-417b-8085-5eab660cf7c0-groupManagement] INFO  server.RaftServerConfigKeys (ConfUtils.java:logGet(46)) - raft.server.snapshot.auto.trigger.threshold = 10000 (custom)
2023-09-07 08:54:05,738 [631d0543-e884-417b-8085-5eab660cf7c0-groupManagement] INFO  server.RaftServerConfigKeys (ConfUtils.java:logGet(46)) - raft.server.snapshot.retention.file.num = 5 (custom)
2023-09-07 08:54:05,738 [631d0543-e884-417b-8085-5eab660cf7c0-groupManagement] INFO  server.RaftServerConfigKeys (ConfUtils.java:logGet(46)) - raft.server.log.purge.upto.snapshot.index = false (default)
2023-09-07 08:54:05,738 [631d0543-e884-417b-8085-5eab660cf7c0@group-76C51690F0F5-FollowerState] INFO  server.RaftServerConfigKeys (ConfUtils.java:logFallback(53)) - raft.server.rpc.first-election.timeout.min = 5s (fallback to raft.server.rpc.timeout.min)
2023-09-07 08:54:05,738 [631d0543-e884-417b-8085-5eab660cf7c0@group-76C51690F0F5-FollowerState] INFO  server.RaftServerConfigKeys (ConfUtils.java:logFallback(53)) - raft.server.rpc.first-election.timeout.max = 5200ms (fallback to raft.server.rpc.timeout.max)
2023-09-07 08:54:05,741 [PipelineCommandHandlerThread-0] INFO  ratis.XceiverServerRatis (XceiverServerRatis.java:addGroup(804)) - Created group PipelineID=68df4c7c-a2cf-46aa-a303-76c51690f0f5
2023-09-07 08:54:05,755 [grpc-default-executor-0] INFO  server.RaftServer (RaftServerProxy.java:addNew(98)) - d53ff278-24a5-4154-8938-e562e33f1fe4: addNew group-76C51690F0F5:[d53ff278-24a5-4154-8938-e562e33f1fe4|rpc:10.1.0.48:15085|admin:10.1.0.48:15084|client:10.1.0.48:15083|dataStream:10.1.0.48:15086|priority:1|startupRole:FOLLOWER, 631d0543-e884-417b-8085-5eab660cf7c0|rpc:10.1.0.48:15067|admin:10.1.0.48:15066|client:10.1.0.48:15065|dataStream:10.1.0.48:15068|priority:0|startupRole:FOLLOWER, bb55b568-9515-4c72-9e9b-b757ab502a4b|rpc:10.1.0.48:15076|admin:10.1.0.48:15075|client:10.1.0.48:15074|dataStream:10.1.0.48:15077|priority:0|startupRole:FOLLOWER] returns group-76C51690F0F5:java.util.concurrent.CompletableFuture@3a80cda7[Not completed]
2023-09-07 08:54:05,756 [d53ff278-24a5-4154-8938-e562e33f1fe4-groupManagement] INFO  server.RaftServer$Division (RaftServerImpl.java:<init>(198)) - d53ff278-24a5-4154-8938-e562e33f1fe4: new RaftServerImpl for group-76C51690F0F5:[d53ff278-24a5-4154-8938-e562e33f1fe4|rpc:10.1.0.48:15085|admin:10.1.0.48:15084|client:10.1.0.48:15083|dataStream:10.1.0.48:15086|priority:1|startupRole:FOLLOWER, 631d0543-e884-417b-8085-5eab660cf7c0|rpc:10.1.0.48:15067|admin:10.1.0.48:15066|client:10.1.0.48:15065|dataStream:10.1.0.48:15068|priority:0|startupRole:FOLLOWER, bb55b568-9515-4c72-9e9b-b757ab502a4b|rpc:10.1.0.48:15076|admin:10.1.0.48:15075|client:10.1.0.48:15074|dataStream:10.1.0.48:15077|priority:0|startupRole:FOLLOWER] with ContainerStateMachine:uninitialized
2023-09-07 08:54:05,756 [d53ff278-24a5-4154-8938-e562e33f1fe4-groupManagement] INFO  server.RaftServerConfigKeys (ConfUtils.java:logGet(46)) - raft.server.rpc.timeout.min = 5s (custom)
2023-09-07 08:54:05,756 [d53ff278-24a5-4154-8938-e562e33f1fe4-groupManagement] INFO  server.RaftServerConfigKeys (ConfUtils.java:logGet(46)) - raft.server.rpc.timeout.max = 5200ms (custom)
2023-09-07 08:54:05,756 [d53ff278-24a5-4154-8938-e562e33f1fe4-groupManagement] INFO  server.RaftServerConfigKeys (ConfUtils.java:logGet(46)) - raft.server.rpc.sleep.time = 25ms (default)
2023-09-07 08:54:05,756 [d53ff278-24a5-4154-8938-e562e33f1fe4-groupManagement] INFO  server.RaftServerConfigKeys (ConfUtils.java:logGet(46)) - raft.server.rpc.slowness.timeout = 300s (custom)
2023-09-07 08:54:05,757 [d53ff278-24a5-4154-8938-e562e33f1fe4-groupManagement] INFO  server.RaftServerConfigKeys (ConfUtils.java:logGet(46)) - raft.server.leaderelection.leader.step-down.wait-time = 10s (default)
2023-09-07 08:54:05,757 [d53ff278-24a5-4154-8938-e562e33f1fe4-groupManagement] INFO  server.RaftServerConfigKeys (ConfUtils.java:logGet(46)) - raft.server.sleep.deviation.threshold = 300ms (default)
2023-09-07 08:54:05,757 [d53ff278-24a5-4154-8938-e562e33f1fe4-groupManagement] INFO  server.RaftServer$Division (ServerState.java:<init>(120)) - d53ff278-24a5-4154-8938-e562e33f1fe4@group-76C51690F0F5: ConfigurationManager, init=-1: peers:[d53ff278-24a5-4154-8938-e562e33f1fe4|rpc:10.1.0.48:15085|admin:10.1.0.48:15084|client:10.1.0.48:15083|dataStream:10.1.0.48:15086|priority:1|startupRole:FOLLOWER, 631d0543-e884-417b-8085-5eab660cf7c0|rpc:10.1.0.48:15067|admin:10.1.0.48:15066|client:10.1.0.48:15065|dataStream:10.1.0.48:15068|priority:0|startupRole:FOLLOWER, bb55b568-9515-4c72-9e9b-b757ab502a4b|rpc:10.1.0.48:15076|admin:10.1.0.48:15075|client:10.1.0.48:15074|dataStream:10.1.0.48:15077|priority:0|startupRole:FOLLOWER]|listeners:[], old=null, confs=<EMPTY_MAP>
2023-09-07 08:54:05,757 [d53ff278-24a5-4154-8938-e562e33f1fe4-groupManagement] INFO  server.RaftServerConfigKeys (ConfUtils.java:logGet(46)) - raft.server.storage.dir = [/home/runner/work/ozone/ozone/hadoop-ozone/integration-test/target/test-dir/MiniOzoneClusterImpl-ca08a916-3927-468c-b731-1edf5636b3eb/datanode-2/data/ratis] (custom)
2023-09-07 08:54:05,757 [d53ff278-24a5-4154-8938-e562e33f1fe4-groupManagement] INFO  server.RaftServerConfigKeys (ConfUtils.java:logGet(46)) - raft.server.log.corruption.policy = EXCEPTION (default)
2023-09-07 08:54:05,757 [d53ff278-24a5-4154-8938-e562e33f1fe4-groupManagement] INFO  server.RaftServerConfigKeys (ConfUtils.java:logGet(46)) - raft.server.storage.free-space.min = 0MB (=0) (default)
2023-09-07 08:54:05,757 [d53ff278-24a5-4154-8938-e562e33f1fe4-groupManagement] INFO  server.RaftServerConfigKeys (ConfUtils.java:logGet(46)) - raft.server.notification.no-leader.timeout = 300s (custom)
2023-09-07 08:54:05,757 [d53ff278-24a5-4154-8938-e562e33f1fe4-groupManagement] INFO  server.RaftServerConfigKeys (ConfUtils.java:logGet(46)) - raft.server.read.timeout = 10s (default)
2023-09-07 08:54:05,757 [d53ff278-24a5-4154-8938-e562e33f1fe4-groupManagement] INFO  server.RaftServerConfigKeys (ConfUtils.java:logGet(46)) - raft.server.retrycache.expirytime = 600000ms (custom)
2023-09-07 08:54:05,757 [d53ff278-24a5-4154-8938-e562e33f1fe4-groupManagement] INFO  server.RaftServerConfigKeys (ConfUtils.java:logGet(46)) - raft.server.retrycache.statistics.expirytime = 100μs (default)
2023-09-07 08:54:05,758 [d53ff278-24a5-4154-8938-e562e33f1fe4-groupManagement] INFO  server.RaftServerConfigKeys (ConfUtils.java:logGet(46)) - raft.server.read.option = DEFAULT (default)
2023-09-07 08:54:05,758 [d53ff278-24a5-4154-8938-e562e33f1fe4-groupManagement] INFO  server.RaftServerConfigKeys (ConfUtils.java:logGet(46)) - raft.server.rpc.request.timeout = 60s (custom)
2023-09-07 08:54:05,758 [d53ff278-24a5-4154-8938-e562e33f1fe4-groupManagement] INFO  server.RaftServerConfigKeys (ConfUtils.java:logGet(46)) - raft.server.log.appender.install.snapshot.enabled = false (custom)
2023-09-07 08:54:05,759 [d53ff278-24a5-4154-8938-e562e33f1fe4-groupManagement] INFO  server.RaftServerConfigKeys (ConfUtils.java:logGet(46)) - raft.server.threadpool.server.cached = true (default)
2023-09-07 08:54:05,759 [d53ff278-24a5-4154-8938-e562e33f1fe4-groupManagement] INFO  server.RaftServerConfigKeys (ConfUtils.java:logGet(46)) - raft.server.threadpool.server.size = 0 (default)
2023-09-07 08:54:05,759 [d53ff278-24a5-4154-8938-e562e33f1fe4-groupManagement] INFO  server.RaftServerConfigKeys (ConfUtils.java:logGet(46)) - raft.server.threadpool.client.cached = true (default)
2023-09-07 08:54:05,759 [d53ff278-24a5-4154-8938-e562e33f1fe4-groupManagement] INFO  server.RaftServerConfigKeys (ConfUtils.java:logGet(46)) - raft.server.threadpool.client.size = 0 (default)
2023-09-07 08:54:05,759 [d53ff278-24a5-4154-8938-e562e33f1fe4-groupManagement] INFO  storage.RaftStorageDirectory (RaftStorageDirectoryImpl.java:analyzeStorage(137)) - The storage directory /home/runner/work/ozone/ozone/hadoop-ozone/integration-test/target/test-dir/MiniOzoneClusterImpl-ca08a916-3927-468c-b731-1edf5636b3eb/datanode-2/data/ratis/68df4c7c-a2cf-46aa-a303-76c51690f0f5 does not exist. Creating ...
2023-09-07 08:54:05,761 [d53ff278-24a5-4154-8938-e562e33f1fe4-groupManagement] INFO  storage.RaftStorageDirectory (RaftStorageDirectoryImpl.java:tryLock(231)) - Lock on /home/runner/work/ozone/ozone/hadoop-ozone/integration-test/target/test-dir/MiniOzoneClusterImpl-ca08a916-3927-468c-b731-1edf5636b3eb/datanode-2/data/ratis/68df4c7c-a2cf-46aa-a303-76c51690f0f5/in_use.lock acquired by nodename 7589@fv-az793-921
2023-09-07 08:54:05,763 [d53ff278-24a5-4154-8938-e562e33f1fe4-groupManagement] INFO  storage.RaftStorage (RaftStorageImpl.java:format(96)) - Storage directory /home/runner/work/ozone/ozone/hadoop-ozone/integration-test/target/test-dir/MiniOzoneClusterImpl-ca08a916-3927-468c-b731-1edf5636b3eb/datanode-2/data/ratis/68df4c7c-a2cf-46aa-a303-76c51690f0f5 has been successfully formatted.
2023-09-07 08:54:05,764 [d53ff278-24a5-4154-8938-e562e33f1fe4-groupManagement] INFO  ratis.ContainerStateMachine (ContainerStateMachine.java:loadSnapshot(262)) - group-76C51690F0F5: The snapshot info is null. Setting the last applied indexto:(t:0, i:~)
2023-09-07 08:54:05,764 [d53ff278-24a5-4154-8938-e562e33f1fe4-groupManagement] INFO  server.RaftServerConfigKeys (ConfUtils.java:logGet(46)) - raft.server.log.use.memory = false (default)
2023-09-07 08:54:05,764 [d53ff278-24a5-4154-8938-e562e33f1fe4-groupManagement] INFO  server.RaftServerConfigKeys (ConfUtils.java:logGet(46)) - raft.server.log.purge.gap = 1000000 (custom)
2023-09-07 08:54:05,764 [d53ff278-24a5-4154-8938-e562e33f1fe4-groupManagement] INFO  server.RaftServerConfigKeys (ConfUtils.java:logGet(46)) - raft.server.log.appender.buffer.byte-limit = 33554432 (custom)
2023-09-07 08:54:05,764 [d53ff278-24a5-4154-8938-e562e33f1fe4-groupManagement] INFO  server.RaftServerConfigKeys (ConfUtils.java:logGet(46)) - raft.server.log.statemachine.data.read.timeout = 1000ms (default)
2023-09-07 08:54:05,764 [d53ff278-24a5-4154-8938-e562e33f1fe4-groupManagement] INFO  server.RaftServerConfigKeys (ConfUtils.java:logGet(46)) - raft.server.log.purge.preservation.log.num = 0 (default)
2023-09-07 08:54:05,766 [d53ff278-24a5-4154-8938-e562e33f1fe4-groupManagement] INFO  server.RaftServerConfigKeys (ConfUtils.java:logGet(46)) - raft.server.log.segment.size.max = 1048576 (custom)
2023-09-07 08:54:05,766 [d53ff278-24a5-4154-8938-e562e33f1fe4-groupManagement] INFO  server.RaftServerConfigKeys (ConfUtils.java:logGet(46)) - raft.server.log.segment.cache.num.max = 2 (custom)
2023-09-07 08:54:05,766 [d53ff278-24a5-4154-8938-e562e33f1fe4-groupManagement] INFO  server.RaftServerConfigKeys (ConfUtils.java:logGet(46)) - raft.server.log.segment.cache.size.max = 200MB (=209715200) (default)
2023-09-07 08:54:05,766 [d53ff278-24a5-4154-8938-e562e33f1fe4-groupManagement] INFO  server.RaftServerConfigKeys (ConfUtils.java:logGet(46)) - raft.server.log.appender.buffer.byte-limit = 33554432 (custom)
2023-09-07 08:54:05,766 [d53ff278-24a5-4154-8938-e562e33f1fe4-groupManagement] INFO  segmented.SegmentedRaftLogWorker (SegmentedRaftLogWorker.java:<init>(188)) - new d53ff278-24a5-4154-8938-e562e33f1fe4@group-76C51690F0F5-SegmentedRaftLogWorker for RaftStorageImpl:Storage Directory /home/runner/work/ozone/ozone/hadoop-ozone/integration-test/target/test-dir/MiniOzoneClusterImpl-ca08a916-3927-468c-b731-1edf5636b3eb/datanode-2/data/ratis/68df4c7c-a2cf-46aa-a303-76c51690f0f5
2023-09-07 08:54:05,766 [d53ff278-24a5-4154-8938-e562e33f1fe4-groupManagement] INFO  server.RaftServerConfigKeys (ConfUtils.java:logGet(46)) - raft.server.log.queue.byte-limit = 4294967296 (custom)
2023-09-07 08:54:05,767 [d53ff278-24a5-4154-8938-e562e33f1fe4-groupManagement] INFO  server.RaftServerConfigKeys (ConfUtils.java:logGet(46)) - raft.server.log.queue.element-limit = 1024 (custom)
2023-09-07 08:54:05,767 [d53ff278-24a5-4154-8938-e562e33f1fe4-groupManagement] INFO  server.RaftServerConfigKeys (ConfUtils.java:logGet(46)) - raft.server.log.segment.size.max = 1048576 (custom)
2023-09-07 08:54:05,767 [d53ff278-24a5-4154-8938-e562e33f1fe4-groupManagement] INFO  server.RaftServerConfigKeys (ConfUtils.java:logGet(46)) - raft.server.log.preallocated.size = 16384 (custom)
2023-09-07 08:54:05,767 [d53ff278-24a5-4154-8938-e562e33f1fe4-groupManagement] INFO  server.RaftServerConfigKeys (ConfUtils.java:logGet(46)) - raft.server.log.force.sync.num = 128 (default)
2023-09-07 08:54:05,767 [d53ff278-24a5-4154-8938-e562e33f1fe4-groupManagement] INFO  server.RaftServerConfigKeys (ConfUtils.java:logGet(46)) - raft.server.log.statemachine.data.sync = true (default)
2023-09-07 08:54:05,767 [d53ff278-24a5-4154-8938-e562e33f1fe4-groupManagement] INFO  server.RaftServerConfigKeys (ConfUtils.java:logGet(46)) - raft.server.log.statemachine.data.sync.timeout = 10s (default)
2023-09-07 08:54:05,767 [d53ff278-24a5-4154-8938-e562e33f1fe4-groupManagement] INFO  server.RaftServerConfigKeys (ConfUtils.java:logGet(46)) - raft.server.log.statemachine.data.sync.timeout.retry = -1 (default)
2023-09-07 08:54:05,768 [d53ff278-24a5-4154-8938-e562e33f1fe4-groupManagement] INFO  server.RaftServerConfigKeys (ConfUtils.java:logGet(46)) - raft.server.log.write.buffer.size = 1048576 (custom)
2023-09-07 08:54:05,768 [d53ff278-24a5-4154-8938-e562e33f1fe4-groupManagement] INFO  server.RaftServerConfigKeys (ConfUtils.java:logGet(46)) - raft.server.log.appender.buffer.byte-limit = 33554432 (custom)
2023-09-07 08:54:05,775 [d53ff278-24a5-4154-8938-e562e33f1fe4-groupManagement] INFO  server.RaftServerConfigKeys (ConfUtils.java:logGet(46)) - raft.server.log.unsafe-flush.enabled = false (default)
2023-09-07 08:54:05,775 [d53ff278-24a5-4154-8938-e562e33f1fe4-groupManagement] INFO  server.RaftServerConfigKeys (ConfUtils.java:logGet(46)) - raft.server.log.async-flush.enabled = false (default)
2023-09-07 08:54:05,775 [d53ff278-24a5-4154-8938-e562e33f1fe4-groupManagement] INFO  server.RaftServerConfigKeys (ConfUtils.java:logGet(46)) - raft.server.log.statemachine.data.caching.enabled = true (custom)
2023-09-07 08:54:05,775 [d53ff278-24a5-4154-8938-e562e33f1fe4-groupManagement] INFO  segmented.SegmentedRaftLogWorker (SegmentedRaftLogWorker.java:lambda$new$0(135)) - d53ff278-24a5-4154-8938-e562e33f1fe4@group-76C51690F0F5-SegmentedRaftLogWorker: flushIndex: setUnconditionally 0 -> -1
2023-09-07 08:54:05,775 [d53ff278-24a5-4154-8938-e562e33f1fe4-groupManagement] INFO  segmented.SegmentedRaftLogWorker (SegmentedRaftLogWorker.java:lambda$new$0(135)) - d53ff278-24a5-4154-8938-e562e33f1fe4@group-76C51690F0F5-SegmentedRaftLogWorker: safeCacheEvictIndex: setUnconditionally 0 -> -1
2023-09-07 08:54:05,776 [d53ff278-24a5-4154-8938-e562e33f1fe4-groupManagement] INFO  server.RaftServer$Division (RaftServerImpl.java:start(342)) - d53ff278-24a5-4154-8938-e562e33f1fe4@group-76C51690F0F5: start as a follower, conf=-1: peers:[d53ff278-24a5-4154-8938-e562e33f1fe4|rpc:10.1.0.48:15085|admin:10.1.0.48:15084|client:10.1.0.48:15083|dataStream:10.1.0.48:15086|priority:1|startupRole:FOLLOWER, 631d0543-e884-417b-8085-5eab660cf7c0|rpc:10.1.0.48:15067|admin:10.1.0.48:15066|client:10.1.0.48:15065|dataStream:10.1.0.48:15068|priority:0|startupRole:FOLLOWER, bb55b568-9515-4c72-9e9b-b757ab502a4b|rpc:10.1.0.48:15076|admin:10.1.0.48:15075|client:10.1.0.48:15074|dataStream:10.1.0.48:15077|priority:0|startupRole:FOLLOWER]|listeners:[], old=null
2023-09-07 08:54:05,776 [d53ff278-24a5-4154-8938-e562e33f1fe4-groupManagement] INFO  server.RaftServer$Division (RaftServerImpl.java:setRole(329)) - d53ff278-24a5-4154-8938-e562e33f1fe4@group-76C51690F0F5: changes role from      null to FOLLOWER at term 0 for startAsFollower
2023-09-07 08:54:05,776 [d53ff278-24a5-4154-8938-e562e33f1fe4-groupManagement] INFO  impl.RoleInfo (RoleInfo.java:updateAndGet(139)) - d53ff278-24a5-4154-8938-e562e33f1fe4: start d53ff278-24a5-4154-8938-e562e33f1fe4@group-76C51690F0F5-FollowerState
2023-09-07 08:54:05,779 [d53ff278-24a5-4154-8938-e562e33f1fe4-groupManagement] INFO  util.JmxRegister (JmxRegister.java:tryRegister(44)) - Successfully registered JMX Bean with object name Ratis:service=RaftServer,group=group-76C51690F0F5,id=d53ff278-24a5-4154-8938-e562e33f1fe4
2023-09-07 08:54:05,779 [d53ff278-24a5-4154-8938-e562e33f1fe4-groupManagement] INFO  server.RaftServerConfigKeys (ConfUtils.java:logGet(46)) - raft.server.snapshot.auto.trigger.enabled = true (custom)
2023-09-07 08:54:05,779 [d53ff278-24a5-4154-8938-e562e33f1fe4-groupManagement] INFO  server.RaftServerConfigKeys (ConfUtils.java:logGet(46)) - raft.server.snapshot.auto.trigger.threshold = 10000 (custom)
2023-09-07 08:54:05,779 [d53ff278-24a5-4154-8938-e562e33f1fe4-groupManagement] INFO  server.RaftServerConfigKeys (ConfUtils.java:logGet(46)) - raft.server.snapshot.retention.file.num = 5 (custom)
2023-09-07 08:54:05,779 [d53ff278-24a5-4154-8938-e562e33f1fe4-groupManagement] INFO  server.RaftServerConfigKeys (ConfUtils.java:logGet(46)) - raft.server.log.purge.upto.snapshot.index = false (default)
2023-09-07 08:54:05,780 [d53ff278-24a5-4154-8938-e562e33f1fe4@group-76C51690F0F5-FollowerState] INFO  server.RaftServerConfigKeys (ConfUtils.java:logFallback(53)) - raft.server.rpc.first-election.timeout.min = 5s (fallback to raft.server.rpc.timeout.min)
2023-09-07 08:54:05,780 [d53ff278-24a5-4154-8938-e562e33f1fe4@group-76C51690F0F5-FollowerState] INFO  server.RaftServerConfigKeys (ConfUtils.java:logFallback(53)) - raft.server.rpc.first-election.timeout.max = 5200ms (fallback to raft.server.rpc.timeout.max)
2023-09-07 08:54:05,798 [grpc-default-executor-0] INFO  server.RaftServer (RaftServerProxy.java:addNew(98)) - bb55b568-9515-4c72-9e9b-b757ab502a4b: addNew group-76C51690F0F5:[d53ff278-24a5-4154-8938-e562e33f1fe4|rpc:10.1.0.48:15085|admin:10.1.0.48:15084|client:10.1.0.48:15083|dataStream:10.1.0.48:15086|priority:1|startupRole:FOLLOWER, 631d0543-e884-417b-8085-5eab660cf7c0|rpc:10.1.0.48:15067|admin:10.1.0.48:15066|client:10.1.0.48:15065|dataStream:10.1.0.48:15068|priority:0|startupRole:FOLLOWER, bb55b568-9515-4c72-9e9b-b757ab502a4b|rpc:10.1.0.48:15076|admin:10.1.0.48:15075|client:10.1.0.48:15074|dataStream:10.1.0.48:15077|priority:0|startupRole:FOLLOWER] returns group-76C51690F0F5:java.util.concurrent.CompletableFuture@366d9381[Not completed]
2023-09-07 08:54:05,799 [bb55b568-9515-4c72-9e9b-b757ab502a4b-groupManagement] INFO  server.RaftServer$Division (RaftServerImpl.java:<init>(198)) - bb55b568-9515-4c72-9e9b-b757ab502a4b: new RaftServerImpl for group-76C51690F0F5:[d53ff278-24a5-4154-8938-e562e33f1fe4|rpc:10.1.0.48:15085|admin:10.1.0.48:15084|client:10.1.0.48:15083|dataStream:10.1.0.48:15086|priority:1|startupRole:FOLLOWER, 631d0543-e884-417b-8085-5eab660cf7c0|rpc:10.1.0.48:15067|admin:10.1.0.48:15066|client:10.1.0.48:15065|dataStream:10.1.0.48:15068|priority:0|startupRole:FOLLOWER, bb55b568-9515-4c72-9e9b-b757ab502a4b|rpc:10.1.0.48:15076|admin:10.1.0.48:15075|client:10.1.0.48:15074|dataStream:10.1.0.48:15077|priority:0|startupRole:FOLLOWER] with ContainerStateMachine:uninitialized
2023-09-07 08:54:05,799 [bb55b568-9515-4c72-9e9b-b757ab502a4b-groupManagement] INFO  server.RaftServerConfigKeys (ConfUtils.java:logGet(46)) - raft.server.rpc.timeout.min = 5s (custom)
2023-09-07 08:54:05,800 [bb55b568-9515-4c72-9e9b-b757ab502a4b-groupManagement] INFO  server.RaftServerConfigKeys (ConfUtils.java:logGet(46)) - raft.server.rpc.timeout.max = 5200ms (custom)
2023-09-07 08:54:05,800 [bb55b568-9515-4c72-9e9b-b757ab502a4b-groupManagement] INFO  server.RaftServerConfigKeys (ConfUtils.java:logGet(46)) - raft.server.rpc.sleep.time = 25ms (default)
2023-09-07 08:54:05,800 [bb55b568-9515-4c72-9e9b-b757ab502a4b-groupManagement] INFO  server.RaftServerConfigKeys (ConfUtils.java:logGet(46)) - raft.server.rpc.slowness.timeout = 300s (custom)
2023-09-07 08:54:05,800 [bb55b568-9515-4c72-9e9b-b757ab502a4b-groupManagement] INFO  server.RaftServerConfigKeys (ConfUtils.java:logGet(46)) - raft.server.leaderelection.leader.step-down.wait-time = 10s (default)
2023-09-07 08:54:05,800 [bb55b568-9515-4c72-9e9b-b757ab502a4b-groupManagement] INFO  server.RaftServerConfigKeys (ConfUtils.java:logGet(46)) - raft.server.sleep.deviation.threshold = 300ms (default)
2023-09-07 08:54:05,800 [bb55b568-9515-4c72-9e9b-b757ab502a4b-groupManagement] INFO  server.RaftServer$Division (ServerState.java:<init>(120)) - bb55b568-9515-4c72-9e9b-b757ab502a4b@group-76C51690F0F5: ConfigurationManager, init=-1: peers:[d53ff278-24a5-4154-8938-e562e33f1fe4|rpc:10.1.0.48:15085|admin:10.1.0.48:15084|client:10.1.0.48:15083|dataStream:10.1.0.48:15086|priority:1|startupRole:FOLLOWER, 631d0543-e884-417b-8085-5eab660cf7c0|rpc:10.1.0.48:15067|admin:10.1.0.48:15066|client:10.1.0.48:15065|dataStream:10.1.0.48:15068|priority:0|startupRole:FOLLOWER, bb55b568-9515-4c72-9e9b-b757ab502a4b|rpc:10.1.0.48:15076|admin:10.1.0.48:15075|client:10.1.0.48:15074|dataStream:10.1.0.48:15077|priority:0|startupRole:FOLLOWER]|listeners:[], old=null, confs=<EMPTY_MAP>
2023-09-07 08:54:05,800 [bb55b568-9515-4c72-9e9b-b757ab502a4b-groupManagement] INFO  server.RaftServerConfigKeys (ConfUtils.java:logGet(46)) - raft.server.storage.dir = [/home/runner/work/ozone/ozone/hadoop-ozone/integration-test/target/test-dir/MiniOzoneClusterImpl-ca08a916-3927-468c-b731-1edf5636b3eb/datanode-1/data/ratis] (custom)
2023-09-07 08:54:05,800 [bb55b568-9515-4c72-9e9b-b757ab502a4b-groupManagement] INFO  server.RaftServerConfigKeys (ConfUtils.java:logGet(46)) - raft.server.log.corruption.policy = EXCEPTION (default)
2023-09-07 08:54:05,800 [bb55b568-9515-4c72-9e9b-b757ab502a4b-groupManagement] INFO  server.RaftServerConfigKeys (ConfUtils.java:logGet(46)) - raft.server.storage.free-space.min = 0MB (=0) (default)
2023-09-07 08:54:05,800 [bb55b568-9515-4c72-9e9b-b757ab502a4b-groupManagement] INFO  server.RaftServerConfigKeys (ConfUtils.java:logGet(46)) - raft.server.notification.no-leader.timeout = 300s (custom)
2023-09-07 08:54:05,800 [bb55b568-9515-4c72-9e9b-b757ab502a4b-groupManagement] INFO  server.RaftServerConfigKeys (ConfUtils.java:logGet(46)) - raft.server.read.timeout = 10s (default)
2023-09-07 08:54:05,801 [bb55b568-9515-4c72-9e9b-b757ab502a4b-groupManagement] INFO  server.RaftServerConfigKeys (ConfUtils.java:logGet(46)) - raft.server.retrycache.expirytime = 600000ms (custom)
2023-09-07 08:54:05,801 [bb55b568-9515-4c72-9e9b-b757ab502a4b-groupManagement] INFO  server.RaftServerConfigKeys (ConfUtils.java:logGet(46)) - raft.server.retrycache.statistics.expirytime = 100μs (default)
2023-09-07 08:54:05,801 [bb55b568-9515-4c72-9e9b-b757ab502a4b-groupManagement] INFO  server.RaftServerConfigKeys (ConfUtils.java:logGet(46)) - raft.server.read.option = DEFAULT (default)
2023-09-07 08:54:05,802 [bb55b568-9515-4c72-9e9b-b757ab502a4b-groupManagement] INFO  server.RaftServerConfigKeys (ConfUtils.java:logGet(46)) - raft.server.rpc.request.timeout = 60s (custom)
2023-09-07 08:54:05,802 [bb55b568-9515-4c72-9e9b-b757ab502a4b-groupManagement] INFO  server.RaftServerConfigKeys (ConfUtils.java:logGet(46)) - raft.server.log.appender.install.snapshot.enabled = false (custom)
2023-09-07 08:54:05,802 [bb55b568-9515-4c72-9e9b-b757ab502a4b-groupManagement] INFO  server.RaftServerConfigKeys (ConfUtils.java:logGet(46)) - raft.server.threadpool.server.cached = true (default)
2023-09-07 08:54:05,802 [bb55b568-9515-4c72-9e9b-b757ab502a4b-groupManagement] INFO  server.RaftServerConfigKeys (ConfUtils.java:logGet(46)) - raft.server.threadpool.server.size = 0 (default)
2023-09-07 08:54:05,802 [bb55b568-9515-4c72-9e9b-b757ab502a4b-groupManagement] INFO  server.RaftServerConfigKeys (ConfUtils.java:logGet(46)) - raft.server.threadpool.client.cached = true (default)
2023-09-07 08:54:05,802 [bb55b568-9515-4c72-9e9b-b757ab502a4b-groupManagement] INFO  server.RaftServerConfigKeys (ConfUtils.java:logGet(46)) - raft.server.threadpool.client.size = 0 (default)
2023-09-07 08:54:05,802 [bb55b568-9515-4c72-9e9b-b757ab502a4b-groupManagement] INFO  storage.RaftStorageDirectory (RaftStorageDirectoryImpl.java:analyzeStorage(137)) - The storage directory /home/runner/work/ozone/ozone/hadoop-ozone/integration-test/target/test-dir/MiniOzoneClusterImpl-ca08a916-3927-468c-b731-1edf5636b3eb/datanode-1/data/ratis/68df4c7c-a2cf-46aa-a303-76c51690f0f5 does not exist. Creating ...
2023-09-07 08:54:05,805 [bb55b568-9515-4c72-9e9b-b757ab502a4b-groupManagement] INFO  storage.RaftStorageDirectory (RaftStorageDirectoryImpl.java:tryLock(231)) - Lock on /home/runner/work/ozone/ozone/hadoop-ozone/integration-test/target/test-dir/MiniOzoneClusterImpl-ca08a916-3927-468c-b731-1edf5636b3eb/datanode-1/data/ratis/68df4c7c-a2cf-46aa-a303-76c51690f0f5/in_use.lock acquired by nodename 7589@fv-az793-921
2023-09-07 08:54:05,807 [PipelineCommandHandlerThread-0] INFO  server.RaftServer (RaftServerProxy.java:addNew(98)) - bb55b568-9515-4c72-9e9b-b757ab502a4b: addNew group-AF4568CE714F:[bb55b568-9515-4c72-9e9b-b757ab502a4b|rpc:10.1.0.48:15076|admin:10.1.0.48:15075|client:10.1.0.48:15074|dataStream:10.1.0.48:15077|priority:1|startupRole:FOLLOWER] returns group-AF4568CE714F:java.util.concurrent.CompletableFuture@21f4a451[Not completed]
2023-09-07 08:54:05,807 [bb55b568-9515-4c72-9e9b-b757ab502a4b-groupManagement] INFO  storage.RaftStorage (RaftStorageImpl.java:format(96)) - Storage directory /home/runner/work/ozone/ozone/hadoop-ozone/integration-test/target/test-dir/MiniOzoneClusterImpl-ca08a916-3927-468c-b731-1edf5636b3eb/datanode-1/data/ratis/68df4c7c-a2cf-46aa-a303-76c51690f0f5 has been successfully formatted.
2023-09-07 08:54:05,810 [bb55b568-9515-4c72-9e9b-b757ab502a4b-groupManagement] INFO  ratis.ContainerStateMachine (ContainerStateMachine.java:loadSnapshot(262)) - group-76C51690F0F5: The snapshot info is null. Setting the last applied indexto:(t:0, i:~)
2023-09-07 08:54:05,810 [bb55b568-9515-4c72-9e9b-b757ab502a4b-groupManagement] INFO  server.RaftServerConfigKeys (ConfUtils.java:logGet(46)) - raft.server.log.use.memory = false (default)
2023-09-07 08:54:05,810 [bb55b568-9515-4c72-9e9b-b757ab502a4b-groupManagement] INFO  server.RaftServerConfigKeys (ConfUtils.java:logGet(46)) - raft.server.log.purge.gap = 1000000 (custom)
2023-09-07 08:54:05,810 [bb55b568-9515-4c72-9e9b-b757ab502a4b-groupManagement] INFO  server.RaftServerConfigKeys (ConfUtils.java:logGet(46)) - raft.server.log.appender.buffer.byte-limit = 33554432 (custom)
2023-09-07 08:54:05,810 [bb55b568-9515-4c72-9e9b-b757ab502a4b-groupManagement] INFO  server.RaftServerConfigKeys (ConfUtils.java:logGet(46)) - raft.server.log.statemachine.data.read.timeout = 1000ms (default)
2023-09-07 08:54:05,810 [bb55b568-9515-4c72-9e9b-b757ab502a4b-groupManagement] INFO  server.RaftServerConfigKeys (ConfUtils.java:logGet(46)) - raft.server.log.purge.preservation.log.num = 0 (default)
2023-09-07 08:54:05,810 [bb55b568-9515-4c72-9e9b-b757ab502a4b-groupManagement] INFO  server.RaftServerConfigKeys (ConfUtils.java:logGet(46)) - raft.server.log.segment.size.max = 1048576 (custom)
2023-09-07 08:54:05,811 [bb55b568-9515-4c72-9e9b-b757ab502a4b-groupManagement] INFO  server.RaftServerConfigKeys (ConfUtils.java:logGet(46)) - raft.server.log.segment.cache.num.max = 2 (custom)
2023-09-07 08:54:05,811 [bb55b568-9515-4c72-9e9b-b757ab502a4b-groupManagement] INFO  server.RaftServerConfigKeys (ConfUtils.java:logGet(46)) - raft.server.log.segment.cache.size.max = 200MB (=209715200) (default)
2023-09-07 08:54:05,811 [bb55b568-9515-4c72-9e9b-b757ab502a4b-groupManagement] INFO  server.RaftServerConfigKeys (ConfUtils.java:logGet(46)) - raft.server.log.appender.buffer.byte-limit = 33554432 (custom)
2023-09-07 08:54:05,811 [bb55b568-9515-4c72-9e9b-b757ab502a4b-groupManagement] INFO  segmented.SegmentedRaftLogWorker (SegmentedRaftLogWorker.java:<init>(188)) - new bb55b568-9515-4c72-9e9b-b757ab502a4b@group-76C51690F0F5-SegmentedRaftLogWorker for RaftStorageImpl:Storage Directory /home/runner/work/ozone/ozone/hadoop-ozone/integration-test/target/test-dir/MiniOzoneClusterImpl-ca08a916-3927-468c-b731-1edf5636b3eb/datanode-1/data/ratis/68df4c7c-a2cf-46aa-a303-76c51690f0f5
2023-09-07 08:54:05,811 [bb55b568-9515-4c72-9e9b-b757ab502a4b-groupManagement] INFO  server.RaftServerConfigKeys (ConfUtils.java:logGet(46)) - raft.server.log.queue.byte-limit = 4294967296 (custom)
2023-09-07 08:54:05,811 [bb55b568-9515-4c72-9e9b-b757ab502a4b-groupManagement] INFO  server.RaftServerConfigKeys (ConfUtils.java:logGet(46)) - raft.server.log.queue.element-limit = 1024 (custom)
2023-09-07 08:54:05,812 [bb55b568-9515-4c72-9e9b-b757ab502a4b-groupManagement] INFO  server.RaftServerConfigKeys (ConfUtils.java:logGet(46)) - raft.server.log.segment.size.max = 1048576 (custom)
2023-09-07 08:54:05,812 [bb55b568-9515-4c72-9e9b-b757ab502a4b-groupManagement] INFO  server.RaftServerConfigKeys (ConfUtils.java:logGet(46)) - raft.server.log.preallocated.size = 16384 (custom)
2023-09-07 08:54:05,812 [bb55b568-9515-4c72-9e9b-b757ab502a4b-groupManagement] INFO  server.RaftServerConfigKeys (ConfUtils.java:logGet(46)) - raft.server.log.force.sync.num = 128 (default)
2023-09-07 08:54:05,812 [bb55b568-9515-4c72-9e9b-b757ab502a4b-groupManagement] INFO  server.RaftServerConfigKeys (ConfUtils.java:logGet(46)) - raft.server.log.statemachine.data.sync = true (default)
2023-09-07 08:54:05,812 [bb55b568-9515-4c72-9e9b-b757ab502a4b-groupManagement] INFO  server.RaftServerConfigKeys (ConfUtils.java:logGet(46)) - raft.server.log.statemachine.data.sync.timeout = 10s (default)
2023-09-07 08:54:05,812 [EventQueue-PipelineReportForPipelineReportHandler] INFO  pipeline.PipelineReportHandler (PipelineReportHandler.java:processPipelineReport(136)) - Opened pipeline PipelineID=eb61e8aa-d755-41e7-a231-af4568ce714f
2023-09-07 08:54:05,812 [bb55b568-9515-4c72-9e9b-b757ab502a4b-groupManagement] INFO  server.RaftServerConfigKeys (ConfUtils.java:logGet(46)) - raft.server.log.statemachine.data.sync.timeout.retry = -1 (default)
2023-09-07 08:54:05,812 [EventQueue-OpenPipelineForHealthyPipelineSafeModeRule] INFO  safemode.SCMSafeModeManager (HealthyPipelineSafeModeRule.java:process(137)) - SCM in safe mode. Healthy pipelines reported count is 0, required healthy pipeline reported count is 1
2023-09-07 08:54:05,814 [bb55b568-9515-4c72-9e9b-b757ab502a4b-groupManagement] INFO  server.RaftServerConfigKeys (ConfUtils.java:logGet(46)) - raft.server.log.write.buffer.size = 1048576 (custom)
2023-09-07 08:54:05,814 [bb55b568-9515-4c72-9e9b-b757ab502a4b-groupManagement] INFO  server.RaftServerConfigKeys (ConfUtils.java:logGet(46)) - raft.server.log.appender.buffer.byte-limit = 33554432 (custom)
2023-09-07 08:54:05,822 [bb55b568-9515-4c72-9e9b-b757ab502a4b-groupManagement] INFO  server.RaftServerConfigKeys (ConfUtils.java:logGet(46)) - raft.server.log.unsafe-flush.enabled = false (default)
2023-09-07 08:54:05,823 [bb55b568-9515-4c72-9e9b-b757ab502a4b-groupManagement] INFO  server.RaftServerConfigKeys (ConfUtils.java:logGet(46)) - raft.server.log.async-flush.enabled = false (default)
2023-09-07 08:54:05,823 [bb55b568-9515-4c72-9e9b-b757ab502a4b-groupManagement] INFO  server.RaftServerConfigKeys (ConfUtils.java:logGet(46)) - raft.server.log.statemachine.data.caching.enabled = true (custom)
2023-09-07 08:54:05,823 [bb55b568-9515-4c72-9e9b-b757ab502a4b-groupManagement] INFO  segmented.SegmentedRaftLogWorker (SegmentedRaftLogWorker.java:lambda$new$0(135)) - bb55b568-9515-4c72-9e9b-b757ab502a4b@group-76C51690F0F5-SegmentedRaftLogWorker: flushIndex: setUnconditionally 0 -> -1
2023-09-07 08:54:05,823 [bb55b568-9515-4c72-9e9b-b757ab502a4b-groupManagement] INFO  segmented.SegmentedRaftLogWorker (SegmentedRaftLogWorker.java:lambda$new$0(135)) - bb55b568-9515-4c72-9e9b-b757ab502a4b@group-76C51690F0F5-SegmentedRaftLogWorker: safeCacheEvictIndex: setUnconditionally 0 -> -1
2023-09-07 08:54:05,826 [bb55b568-9515-4c72-9e9b-b757ab502a4b-groupManagement] INFO  server.RaftServer$Division (RaftServerImpl.java:start(342)) - bb55b568-9515-4c72-9e9b-b757ab502a4b@group-76C51690F0F5: start as a follower, conf=-1: peers:[d53ff278-24a5-4154-8938-e562e33f1fe4|rpc:10.1.0.48:15085|admin:10.1.0.48:15084|client:10.1.0.48:15083|dataStream:10.1.0.48:15086|priority:1|startupRole:FOLLOWER, 631d0543-e884-417b-8085-5eab660cf7c0|rpc:10.1.0.48:15067|admin:10.1.0.48:15066|client:10.1.0.48:15065|dataStream:10.1.0.48:15068|priority:0|startupRole:FOLLOWER, bb55b568-9515-4c72-9e9b-b757ab502a4b|rpc:10.1.0.48:15076|admin:10.1.0.48:15075|client:10.1.0.48:15074|dataStream:10.1.0.48:15077|priority:0|startupRole:FOLLOWER]|listeners:[], old=null
2023-09-07 08:54:05,826 [bb55b568-9515-4c72-9e9b-b757ab502a4b-groupManagement] INFO  server.RaftServer$Division (RaftServerImpl.java:setRole(329)) - bb55b568-9515-4c72-9e9b-b757ab502a4b@group-76C51690F0F5: changes role from      null to FOLLOWER at term 0 for startAsFollower
2023-09-07 08:54:05,826 [bb55b568-9515-4c72-9e9b-b757ab502a4b-groupManagement] INFO  impl.RoleInfo (RoleInfo.java:updateAndGet(139)) - bb55b568-9515-4c72-9e9b-b757ab502a4b: start bb55b568-9515-4c72-9e9b-b757ab502a4b@group-76C51690F0F5-FollowerState
2023-09-07 08:54:05,827 [bb55b568-9515-4c72-9e9b-b757ab502a4b-groupManagement] INFO  util.JmxRegister (JmxRegister.java:tryRegister(44)) - Successfully registered JMX Bean with object name Ratis:service=RaftServer,group=group-76C51690F0F5,id=bb55b568-9515-4c72-9e9b-b757ab502a4b
2023-09-07 08:54:05,827 [bb55b568-9515-4c72-9e9b-b757ab502a4b-groupManagement] INFO  server.RaftServerConfigKeys (ConfUtils.java:logGet(46)) - raft.server.snapshot.auto.trigger.enabled = true (custom)
2023-09-07 08:54:05,827 [bb55b568-9515-4c72-9e9b-b757ab502a4b-groupManagement] INFO  server.RaftServerConfigKeys (ConfUtils.java:logGet(46)) - raft.server.snapshot.auto.trigger.threshold = 10000 (custom)
2023-09-07 08:54:05,827 [bb55b568-9515-4c72-9e9b-b757ab502a4b-groupManagement] INFO  server.RaftServerConfigKeys (ConfUtils.java:logGet(46)) - raft.server.snapshot.retention.file.num = 5 (custom)
2023-09-07 08:54:05,827 [bb55b568-9515-4c72-9e9b-b757ab502a4b-groupManagement] INFO  server.RaftServerConfigKeys (ConfUtils.java:logGet(46)) - raft.server.log.purge.upto.snapshot.index = false (default)
2023-09-07 08:54:05,828 [bb55b568-9515-4c72-9e9b-b757ab502a4b@group-76C51690F0F5-FollowerState] INFO  server.RaftServerConfigKeys (ConfUtils.java:logFallback(53)) - raft.server.rpc.first-election.timeout.min = 5s (fallback to raft.server.rpc.timeout.min)
2023-09-07 08:54:05,828 [bb55b568-9515-4c72-9e9b-b757ab502a4b@group-76C51690F0F5-FollowerState] INFO  server.RaftServerConfigKeys (ConfUtils.java:logFallback(53)) - raft.server.rpc.first-election.timeout.max = 5200ms (fallback to raft.server.rpc.timeout.max)
2023-09-07 08:54:05,829 [bb55b568-9515-4c72-9e9b-b757ab502a4b-groupManagement] INFO  server.RaftServer$Division (RaftServerImpl.java:<init>(198)) - bb55b568-9515-4c72-9e9b-b757ab502a4b: new RaftServerImpl for group-AF4568CE714F:[bb55b568-9515-4c72-9e9b-b757ab502a4b|rpc:10.1.0.48:15076|admin:10.1.0.48:15075|client:10.1.0.48:15074|dataStream:10.1.0.48:15077|priority:1|startupRole:FOLLOWER] with ContainerStateMachine:uninitialized
2023-09-07 08:54:05,829 [bb55b568-9515-4c72-9e9b-b757ab502a4b-groupManagement] INFO  server.RaftServerConfigKeys (ConfUtils.java:logGet(46)) - raft.server.rpc.timeout.min = 5s (custom)
2023-09-07 08:54:05,829 [bb55b568-9515-4c72-9e9b-b757ab502a4b-groupManagement] INFO  server.RaftServerConfigKeys (ConfUtils.java:logGet(46)) - raft.server.rpc.timeout.max = 5200ms (custom)
2023-09-07 08:54:05,829 [bb55b568-9515-4c72-9e9b-b757ab502a4b-groupManagement] INFO  server.RaftServerConfigKeys (ConfUtils.java:logGet(46)) - raft.server.rpc.sleep.time = 25ms (default)
2023-09-07 08:54:05,829 [bb55b568-9515-4c72-9e9b-b757ab502a4b-groupManagement] INFO  server.RaftServerConfigKeys (ConfUtils.java:logGet(46)) - raft.server.rpc.slowness.timeout = 300s (custom)
2023-09-07 08:54:05,830 [bb55b568-9515-4c72-9e9b-b757ab502a4b-groupManagement] INFO  server.RaftServerConfigKeys (ConfUtils.java:logGet(46)) - raft.server.leaderelection.leader.step-down.wait-time = 10s (default)
2023-09-07 08:54:05,830 [bb55b568-9515-4c72-9e9b-b757ab502a4b-groupManagement] INFO  server.RaftServerConfigKeys (ConfUtils.java:logGet(46)) - raft.server.sleep.deviation.threshold = 300ms (default)
2023-09-07 08:54:05,830 [bb55b568-9515-4c72-9e9b-b757ab502a4b-groupManagement] INFO  server.RaftServer$Division (ServerState.java:<init>(120)) - bb55b568-9515-4c72-9e9b-b757ab502a4b@group-AF4568CE714F: ConfigurationManager, init=-1: peers:[bb55b568-9515-4c72-9e9b-b757ab502a4b|rpc:10.1.0.48:15076|admin:10.1.0.48:15075|client:10.1.0.48:15074|dataStream:10.1.0.48:15077|priority:1|startupRole:FOLLOWER]|listeners:[], old=null, confs=<EMPTY_MAP>
2023-09-07 08:54:05,830 [bb55b568-9515-4c72-9e9b-b757ab502a4b-groupManagement] INFO  server.RaftServerConfigKeys (ConfUtils.java:logGet(46)) - raft.server.storage.dir = [/home/runner/work/ozone/ozone/hadoop-ozone/integration-test/target/test-dir/MiniOzoneClusterImpl-ca08a916-3927-468c-b731-1edf5636b3eb/datanode-1/data/ratis] (custom)
2023-09-07 08:54:05,830 [bb55b568-9515-4c72-9e9b-b757ab502a4b-groupManagement] INFO  server.RaftServerConfigKeys (ConfUtils.java:logGet(46)) - raft.server.log.corruption.policy = EXCEPTION (default)
2023-09-07 08:54:05,830 [bb55b568-9515-4c72-9e9b-b757ab502a4b-groupManagement] INFO  server.RaftServerConfigKeys (ConfUtils.java:logGet(46)) - raft.server.storage.free-space.min = 0MB (=0) (default)
2023-09-07 08:54:05,830 [bb55b568-9515-4c72-9e9b-b757ab502a4b-groupManagement] INFO  server.RaftServerConfigKeys (ConfUtils.java:logGet(46)) - raft.server.notification.no-leader.timeout = 300s (custom)
2023-09-07 08:54:05,830 [bb55b568-9515-4c72-9e9b-b757ab502a4b-groupManagement] INFO  server.RaftServerConfigKeys (ConfUtils.java:logGet(46)) - raft.server.read.timeout = 10s (default)
2023-09-07 08:54:05,830 [bb55b568-9515-4c72-9e9b-b757ab502a4b-groupManagement] INFO  server.RaftServerConfigKeys (ConfUtils.java:logGet(46)) - raft.server.retrycache.expirytime = 600000ms (custom)
2023-09-07 08:54:05,833 [bb55b568-9515-4c72-9e9b-b757ab502a4b-groupManagement] INFO  server.RaftServerConfigKeys (ConfUtils.java:logGet(46)) - raft.server.retrycache.statistics.expirytime = 100μs (default)
2023-09-07 08:54:05,833 [bb55b568-9515-4c72-9e9b-b757ab502a4b-groupManagement] INFO  server.RaftServerConfigKeys (ConfUtils.java:logGet(46)) - raft.server.read.option = DEFAULT (default)
2023-09-07 08:54:05,834 [bb55b568-9515-4c72-9e9b-b757ab502a4b-groupManagement] INFO  server.RaftServerConfigKeys (ConfUtils.java:logGet(46)) - raft.server.rpc.request.timeout = 60s (custom)
2023-09-07 08:54:05,834 [bb55b568-9515-4c72-9e9b-b757ab502a4b-groupManagement] INFO  server.RaftServerConfigKeys (ConfUtils.java:logGet(46)) - raft.server.log.appender.install.snapshot.enabled = false (custom)
2023-09-07 08:54:05,834 [bb55b568-9515-4c72-9e9b-b757ab502a4b-groupManagement] INFO  server.RaftServerConfigKeys (ConfUtils.java:logGet(46)) - raft.server.threadpool.server.cached = true (default)
2023-09-07 08:54:05,834 [bb55b568-9515-4c72-9e9b-b757ab502a4b-groupManagement] INFO  server.RaftServerConfigKeys (ConfUtils.java:logGet(46)) - raft.server.threadpool.server.size = 0 (default)
2023-09-07 08:54:05,834 [bb55b568-9515-4c72-9e9b-b757ab502a4b-groupManagement] INFO  server.RaftServerConfigKeys (ConfUtils.java:logGet(46)) - raft.server.threadpool.client.cached = true (default)
2023-09-07 08:54:05,834 [bb55b568-9515-4c72-9e9b-b757ab502a4b-groupManagement] INFO  server.RaftServerConfigKeys (ConfUtils.java:logGet(46)) - raft.server.threadpool.client.size = 0 (default)
2023-09-07 08:54:05,834 [bb55b568-9515-4c72-9e9b-b757ab502a4b-groupManagement] INFO  storage.RaftStorageDirectory (RaftStorageDirectoryImpl.java:analyzeStorage(137)) - The storage directory /home/runner/work/ozone/ozone/hadoop-ozone/integration-test/target/test-dir/MiniOzoneClusterImpl-ca08a916-3927-468c-b731-1edf5636b3eb/datanode-1/data/ratis/eb61e8aa-d755-41e7-a231-af4568ce714f does not exist. Creating ...
2023-09-07 08:54:05,840 [bb55b568-9515-4c72-9e9b-b757ab502a4b-groupManagement] INFO  storage.RaftStorageDirectory (RaftStorageDirectoryImpl.java:tryLock(231)) - Lock on /home/runner/work/ozone/ozone/hadoop-ozone/integration-test/target/test-dir/MiniOzoneClusterImpl-ca08a916-3927-468c-b731-1edf5636b3eb/datanode-1/data/ratis/eb61e8aa-d755-41e7-a231-af4568ce714f/in_use.lock acquired by nodename 7589@fv-az793-921
2023-09-07 08:54:05,842 [bb55b568-9515-4c72-9e9b-b757ab502a4b-groupManagement] INFO  storage.RaftStorage (RaftStorageImpl.java:format(96)) - Storage directory /home/runner/work/ozone/ozone/hadoop-ozone/integration-test/target/test-dir/MiniOzoneClusterImpl-ca08a916-3927-468c-b731-1edf5636b3eb/datanode-1/data/ratis/eb61e8aa-d755-41e7-a231-af4568ce714f has been successfully formatted.
2023-09-07 08:54:05,842 [PipelineCommandHandlerThread-0] INFO  commandhandler.CreatePipelineCommandHandler (CreatePipelineCommandHandler.java:lambda$handle$2(124)) - Created Pipeline RATIS THREE PipelineID=68df4c7c-a2cf-46aa-a303-76c51690f0f5.
2023-09-07 08:54:05,844 [bb55b568-9515-4c72-9e9b-b757ab502a4b-groupManagement] INFO  ratis.ContainerStateMachine (ContainerStateMachine.java:loadSnapshot(262)) - group-AF4568CE714F: The snapshot info is null. Setting the last applied indexto:(t:0, i:~)
2023-09-07 08:54:05,844 [bb55b568-9515-4c72-9e9b-b757ab502a4b-groupManagement] INFO  server.RaftServerConfigKeys (ConfUtils.java:logGet(46)) - raft.server.log.use.memory = false (default)
2023-09-07 08:54:05,844 [bb55b568-9515-4c72-9e9b-b757ab502a4b-groupManagement] INFO  server.RaftServerConfigKeys (ConfUtils.java:logGet(46)) - raft.server.log.purge.gap = 1000000 (custom)
2023-09-07 08:54:05,844 [bb55b568-9515-4c72-9e9b-b757ab502a4b-groupManagement] INFO  server.RaftServerConfigKeys (ConfUtils.java:logGet(46)) - raft.server.log.appender.buffer.byte-limit = 33554432 (custom)
2023-09-07 08:54:05,844 [bb55b568-9515-4c72-9e9b-b757ab502a4b-groupManagement] INFO  server.RaftServerConfigKeys (ConfUtils.java:logGet(46)) - raft.server.log.statemachine.data.read.timeout = 1000ms (default)
2023-09-07 08:54:05,844 [bb55b568-9515-4c72-9e9b-b757ab502a4b-groupManagement] INFO  server.RaftServerConfigKeys (ConfUtils.java:logGet(46)) - raft.server.log.purge.preservation.log.num = 0 (default)
2023-09-07 08:54:05,844 [EventQueue-OpenPipelineForHealthyPipelineSafeModeRule] INFO  safemode.SCMSafeModeManager (HealthyPipelineSafeModeRule.java:process(137)) - SCM in safe mode. Healthy pipelines reported count is 0, required healthy pipeline reported count is 1
2023-09-07 08:54:05,845 [bb55b568-9515-4c72-9e9b-b757ab502a4b-groupManagement] INFO  server.RaftServerConfigKeys (ConfUtils.java:logGet(46)) - raft.server.log.segment.size.max = 1048576 (custom)
2023-09-07 08:54:05,845 [bb55b568-9515-4c72-9e9b-b757ab502a4b-groupManagement] INFO  server.RaftServerConfigKeys (ConfUtils.java:logGet(46)) - raft.server.log.segment.cache.num.max = 2 (custom)
2023-09-07 08:54:05,845 [bb55b568-9515-4c72-9e9b-b757ab502a4b-groupManagement] INFO  server.RaftServerConfigKeys (ConfUtils.java:logGet(46)) - raft.server.log.segment.cache.size.max = 200MB (=209715200) (default)
2023-09-07 08:54:05,845 [bb55b568-9515-4c72-9e9b-b757ab502a4b-groupManagement] INFO  server.RaftServerConfigKeys (ConfUtils.java:logGet(46)) - raft.server.log.appender.buffer.byte-limit = 33554432 (custom)
2023-09-07 08:54:05,845 [bb55b568-9515-4c72-9e9b-b757ab502a4b-groupManagement] INFO  segmented.SegmentedRaftLogWorker (SegmentedRaftLogWorker.java:<init>(188)) - new bb55b568-9515-4c72-9e9b-b757ab502a4b@group-AF4568CE714F-SegmentedRaftLogWorker for RaftStorageImpl:Storage Directory /home/runner/work/ozone/ozone/hadoop-ozone/integration-test/target/test-dir/MiniOzoneClusterImpl-ca08a916-3927-468c-b731-1edf5636b3eb/datanode-1/data/ratis/eb61e8aa-d755-41e7-a231-af4568ce714f
2023-09-07 08:54:05,845 [bb55b568-9515-4c72-9e9b-b757ab502a4b-groupManagement] INFO  server.RaftServerConfigKeys (ConfUtils.java:logGet(46)) - raft.server.log.queue.byte-limit = 4294967296 (custom)
2023-09-07 08:54:05,845 [bb55b568-9515-4c72-9e9b-b757ab502a4b-groupManagement] INFO  server.RaftServerConfigKeys (ConfUtils.java:logGet(46)) - raft.server.log.queue.element-limit = 1024 (custom)
2023-09-07 08:54:05,846 [bb55b568-9515-4c72-9e9b-b757ab502a4b-groupManagement] INFO  server.RaftServerConfigKeys (ConfUtils.java:logGet(46)) - raft.server.log.segment.size.max = 1048576 (custom)
2023-09-07 08:54:05,846 [bb55b568-9515-4c72-9e9b-b757ab502a4b-groupManagement] INFO  server.RaftServerConfigKeys (ConfUtils.java:logGet(46)) - raft.server.log.preallocated.size = 16384 (custom)
2023-09-07 08:54:05,846 [bb55b568-9515-4c72-9e9b-b757ab502a4b-groupManagement] INFO  server.RaftServerConfigKeys (ConfUtils.java:logGet(46)) - raft.server.log.force.sync.num = 128 (default)
2023-09-07 08:54:05,846 [bb55b568-9515-4c72-9e9b-b757ab502a4b-groupManagement] INFO  server.RaftServerConfigKeys (ConfUtils.java:logGet(46)) - raft.server.log.statemachine.data.sync = true (default)
2023-09-07 08:54:05,846 [bb55b568-9515-4c72-9e9b-b757ab502a4b-groupManagement] INFO  server.RaftServerConfigKeys (ConfUtils.java:logGet(46)) - raft.server.log.statemachine.data.sync.timeout = 10s (default)
2023-09-07 08:54:05,846 [bb55b568-9515-4c72-9e9b-b757ab502a4b-groupManagement] INFO  server.RaftServerConfigKeys (ConfUtils.java:logGet(46)) - raft.server.log.statemachine.data.sync.timeout.retry = -1 (default)
2023-09-07 08:54:05,847 [bb55b568-9515-4c72-9e9b-b757ab502a4b-groupManagement] INFO  server.RaftServerConfigKeys (ConfUtils.java:logGet(46)) - raft.server.log.write.buffer.size = 1048576 (custom)
2023-09-07 08:54:05,847 [bb55b568-9515-4c72-9e9b-b757ab502a4b-groupManagement] INFO  server.RaftServerConfigKeys (ConfUtils.java:logGet(46)) - raft.server.log.appender.buffer.byte-limit = 33554432 (custom)
2023-09-07 08:54:05,854 [bb55b568-9515-4c72-9e9b-b757ab502a4b-groupManagement] INFO  server.RaftServerConfigKeys (ConfUtils.java:logGet(46)) - raft.server.log.unsafe-flush.enabled = false (default)
2023-09-07 08:54:05,854 [bb55b568-9515-4c72-9e9b-b757ab502a4b-groupManagement] INFO  server.RaftServerConfigKeys (ConfUtils.java:logGet(46)) - raft.server.log.async-flush.enabled = false (default)
2023-09-07 08:54:05,854 [bb55b568-9515-4c72-9e9b-b757ab502a4b-groupManagement] INFO  server.RaftServerConfigKeys (ConfUtils.java:logGet(46)) - raft.server.log.statemachine.data.caching.enabled = true (custom)
2023-09-07 08:54:05,855 [bb55b568-9515-4c72-9e9b-b757ab502a4b-groupManagement] INFO  segmented.SegmentedRaftLogWorker (SegmentedRaftLogWorker.java:lambda$new$0(135)) - bb55b568-9515-4c72-9e9b-b757ab502a4b@group-AF4568CE714F-SegmentedRaftLogWorker: flushIndex: setUnconditionally 0 -> -1
2023-09-07 08:54:05,855 [bb55b568-9515-4c72-9e9b-b757ab502a4b-groupManagement] INFO  segmented.SegmentedRaftLogWorker (SegmentedRaftLogWorker.java:lambda$new$0(135)) - bb55b568-9515-4c72-9e9b-b757ab502a4b@group-AF4568CE714F-SegmentedRaftLogWorker: safeCacheEvictIndex: setUnconditionally 0 -> -1
2023-09-07 08:54:05,855 [bb55b568-9515-4c72-9e9b-b757ab502a4b-groupManagement] INFO  server.RaftServer$Division (RaftServerImpl.java:start(342)) - bb55b568-9515-4c72-9e9b-b757ab502a4b@group-AF4568CE714F: start as a follower, conf=-1: peers:[bb55b568-9515-4c72-9e9b-b757ab502a4b|rpc:10.1.0.48:15076|admin:10.1.0.48:15075|client:10.1.0.48:15074|dataStream:10.1.0.48:15077|priority:1|startupRole:FOLLOWER]|listeners:[], old=null
2023-09-07 08:54:05,855 [bb55b568-9515-4c72-9e9b-b757ab502a4b-groupManagement] INFO  server.RaftServer$Division (RaftServerImpl.java:setRole(329)) - bb55b568-9515-4c72-9e9b-b757ab502a4b@group-AF4568CE714F: changes role from      null to FOLLOWER at term 0 for startAsFollower
2023-09-07 08:54:05,855 [bb55b568-9515-4c72-9e9b-b757ab502a4b-groupManagement] INFO  impl.RoleInfo (RoleInfo.java:updateAndGet(139)) - bb55b568-9515-4c72-9e9b-b757ab502a4b: start bb55b568-9515-4c72-9e9b-b757ab502a4b@group-AF4568CE714F-FollowerState
2023-09-07 08:54:05,869 [bb55b568-9515-4c72-9e9b-b757ab502a4b@group-AF4568CE714F-FollowerState] INFO  server.RaftServerConfigKeys (ConfUtils.java:logFallback(53)) - raft.server.rpc.first-election.timeout.min = 5s (fallback to raft.server.rpc.timeout.min)
2023-09-07 08:54:05,869 [bb55b568-9515-4c72-9e9b-b757ab502a4b@group-AF4568CE714F-FollowerState] INFO  server.RaftServerConfigKeys (ConfUtils.java:logFallback(53)) - raft.server.rpc.first-election.timeout.max = 5200ms (fallback to raft.server.rpc.timeout.max)
2023-09-07 08:54:05,869 [bb55b568-9515-4c72-9e9b-b757ab502a4b-groupManagement] INFO  util.JmxRegister (JmxRegister.java:tryRegister(44)) - Successfully registered JMX Bean with object name Ratis:service=RaftServer,group=group-AF4568CE714F,id=bb55b568-9515-4c72-9e9b-b757ab502a4b
2023-09-07 08:54:05,869 [bb55b568-9515-4c72-9e9b-b757ab502a4b-groupManagement] INFO  server.RaftServerConfigKeys (ConfUtils.java:logGet(46)) - raft.server.snapshot.auto.trigger.enabled = true (custom)
2023-09-07 08:54:05,869 [bb55b568-9515-4c72-9e9b-b757ab502a4b-groupManagement] INFO  server.RaftServerConfigKeys (ConfUtils.java:logGet(46)) - raft.server.snapshot.auto.trigger.threshold = 10000 (custom)
2023-09-07 08:54:05,869 [bb55b568-9515-4c72-9e9b-b757ab502a4b-groupManagement] INFO  server.RaftServerConfigKeys (ConfUtils.java:logGet(46)) - raft.server.snapshot.retention.file.num = 5 (custom)
2023-09-07 08:54:05,870 [bb55b568-9515-4c72-9e9b-b757ab502a4b-groupManagement] INFO  server.RaftServerConfigKeys (ConfUtils.java:logGet(46)) - raft.server.log.purge.upto.snapshot.index = false (default)
2023-09-07 08:54:05,873 [PipelineCommandHandlerThread-0] INFO  ratis.XceiverServerRatis (XceiverServerRatis.java:addGroup(804)) - Created group PipelineID=eb61e8aa-d755-41e7-a231-af4568ce714f
2023-09-07 08:54:05,873 [PipelineCommandHandlerThread-0] INFO  commandhandler.CreatePipelineCommandHandler (CreatePipelineCommandHandler.java:lambda$handle$2(124)) - Created Pipeline RATIS ONE PipelineID=eb61e8aa-d755-41e7-a231-af4568ce714f.
2023-09-07 08:54:05,936 [main] INFO  ozone.MiniOzoneClusterImpl (MiniOzoneClusterImpl.java:lambda$waitForClusterToBeReady$0(224)) - Nodes are ready. Got 5 of 5 DN Heartbeats.
2023-09-07 08:54:05,936 [main] INFO  ozone.MiniOzoneClusterImpl (MiniOzoneClusterImpl.java:lambda$waitForClusterToBeReady$0(227)) - Waiting for cluster to exit safe mode
2023-09-07 08:54:05,936 [main] INFO  ozone.MiniOzoneClusterImpl (MiniOzoneClusterImpl.java:lambda$waitForClusterToBeReady$0(229)) - SCM became leader
2023-09-07 08:54:06,201 [PipelineCommandHandlerThread-0] INFO  server.RaftServer (RaftServerProxy.java:addNew(98)) - d53ff278-24a5-4154-8938-e562e33f1fe4: addNew group-629976F10C3C:[d53ff278-24a5-4154-8938-e562e33f1fe4|rpc:10.1.0.48:15085|admin:10.1.0.48:15084|client:10.1.0.48:15083|dataStream:10.1.0.48:15086|priority:1|startupRole:FOLLOWER] returns group-629976F10C3C:java.util.concurrent.CompletableFuture@7e3fb321[Not completed]
2023-09-07 08:54:06,204 [d53ff278-24a5-4154-8938-e562e33f1fe4-groupManagement] INFO  server.RaftServer$Division (RaftServerImpl.java:<init>(198)) - d53ff278-24a5-4154-8938-e562e33f1fe4: new RaftServerImpl for group-629976F10C3C:[d53ff278-24a5-4154-8938-e562e33f1fe4|rpc:10.1.0.48:15085|admin:10.1.0.48:15084|client:10.1.0.48:15083|dataStream:10.1.0.48:15086|priority:1|startupRole:FOLLOWER] with ContainerStateMachine:uninitialized
2023-09-07 08:54:06,204 [d53ff278-24a5-4154-8938-e562e33f1fe4-groupManagement] INFO  server.RaftServerConfigKeys (ConfUtils.java:logGet(46)) - raft.server.rpc.timeout.min = 5s (custom)
2023-09-07 08:54:06,204 [d53ff278-24a5-4154-8938-e562e33f1fe4-groupManagement] INFO  server.RaftServerConfigKeys (ConfUtils.java:logGet(46)) - raft.server.rpc.timeout.max = 5200ms (custom)
2023-09-07 08:54:06,204 [d53ff278-24a5-4154-8938-e562e33f1fe4-groupManagement] INFO  server.RaftServerConfigKeys (ConfUtils.java:logGet(46)) - raft.server.rpc.sleep.time = 25ms (default)
2023-09-07 08:54:06,204 [d53ff278-24a5-4154-8938-e562e33f1fe4-groupManagement] INFO  server.RaftServerConfigKeys (ConfUtils.java:logGet(46)) - raft.server.rpc.slowness.timeout = 300s (custom)
2023-09-07 08:54:06,204 [d53ff278-24a5-4154-8938-e562e33f1fe4-groupManagement] INFO  server.RaftServerConfigKeys (ConfUtils.java:logGet(46)) - raft.server.leaderelection.leader.step-down.wait-time = 10s (default)
2023-09-07 08:54:06,204 [d53ff278-24a5-4154-8938-e562e33f1fe4-groupManagement] INFO  server.RaftServerConfigKeys (ConfUtils.java:logGet(46)) - raft.server.sleep.deviation.threshold = 300ms (default)
2023-09-07 08:54:06,204 [d53ff278-24a5-4154-8938-e562e33f1fe4-groupManagement] INFO  server.RaftServer$Division (ServerState.java:<init>(120)) - d53ff278-24a5-4154-8938-e562e33f1fe4@group-629976F10C3C: ConfigurationManager, init=-1: peers:[d53ff278-24a5-4154-8938-e562e33f1fe4|rpc:10.1.0.48:15085|admin:10.1.0.48:15084|client:10.1.0.48:15083|dataStream:10.1.0.48:15086|priority:1|startupRole:FOLLOWER]|listeners:[], old=null, confs=<EMPTY_MAP>
2023-09-07 08:54:06,204 [d53ff278-24a5-4154-8938-e562e33f1fe4-groupManagement] INFO  server.RaftServerConfigKeys (ConfUtils.java:logGet(46)) - raft.server.storage.dir = [/home/runner/work/ozone/ozone/hadoop-ozone/integration-test/target/test-dir/MiniOzoneClusterImpl-ca08a916-3927-468c-b731-1edf5636b3eb/datanode-2/data/ratis] (custom)
2023-09-07 08:54:06,204 [d53ff278-24a5-4154-8938-e562e33f1fe4-groupManagement] INFO  server.RaftServerConfigKeys (ConfUtils.java:logGet(46)) - raft.server.log.corruption.policy = EXCEPTION (default)
2023-09-07 08:54:06,205 [d53ff278-24a5-4154-8938-e562e33f1fe4-groupManagement] INFO  server.RaftServerConfigKeys (ConfUtils.java:logGet(46)) - raft.server.storage.free-space.min = 0MB (=0) (default)
2023-09-07 08:54:06,205 [d53ff278-24a5-4154-8938-e562e33f1fe4-groupManagement] INFO  server.RaftServerConfigKeys (ConfUtils.java:logGet(46)) - raft.server.notification.no-leader.timeout = 300s (custom)
2023-09-07 08:54:06,205 [d53ff278-24a5-4154-8938-e562e33f1fe4-groupManagement] INFO  server.RaftServerConfigKeys (ConfUtils.java:logGet(46)) - raft.server.read.timeout = 10s (default)
2023-09-07 08:54:06,205 [d53ff278-24a5-4154-8938-e562e33f1fe4-groupManagement] INFO  server.RaftServerConfigKeys (ConfUtils.java:logGet(46)) - raft.server.retrycache.expirytime = 600000ms (custom)
2023-09-07 08:54:06,205 [d53ff278-24a5-4154-8938-e562e33f1fe4-groupManagement] INFO  server.RaftServerConfigKeys (ConfUtils.java:logGet(46)) - raft.server.retrycache.statistics.expirytime = 100μs (default)
2023-09-07 08:54:06,205 [d53ff278-24a5-4154-8938-e562e33f1fe4-groupManagement] INFO  server.RaftServerConfigKeys (ConfUtils.java:logGet(46)) - raft.server.read.option = DEFAULT (default)
2023-09-07 08:54:06,206 [d53ff278-24a5-4154-8938-e562e33f1fe4-groupManagement] INFO  server.RaftServerConfigKeys (ConfUtils.java:logGet(46)) - raft.server.rpc.request.timeout = 60s (custom)
2023-09-07 08:54:06,206 [d53ff278-24a5-4154-8938-e562e33f1fe4-groupManagement] INFO  server.RaftServerConfigKeys (ConfUtils.java:logGet(46)) - raft.server.log.appender.install.snapshot.enabled = false (custom)
2023-09-07 08:54:06,206 [d53ff278-24a5-4154-8938-e562e33f1fe4-groupManagement] INFO  server.RaftServerConfigKeys (ConfUtils.java:logGet(46)) - raft.server.threadpool.server.cached = true (default)
2023-09-07 08:54:06,206 [d53ff278-24a5-4154-8938-e562e33f1fe4-groupManagement] INFO  server.RaftServerConfigKeys (ConfUtils.java:logGet(46)) - raft.server.threadpool.server.size = 0 (default)
2023-09-07 08:54:06,206 [d53ff278-24a5-4154-8938-e562e33f1fe4-groupManagement] INFO  server.RaftServerConfigKeys (ConfUtils.java:logGet(46)) - raft.server.threadpool.client.cached = true (default)
2023-09-07 08:54:06,206 [d53ff278-24a5-4154-8938-e562e33f1fe4-groupManagement] INFO  server.RaftServerConfigKeys (ConfUtils.java:logGet(46)) - raft.server.threadpool.client.size = 0 (default)
2023-09-07 08:54:06,207 [d53ff278-24a5-4154-8938-e562e33f1fe4-groupManagement] INFO  storage.RaftStorageDirectory (RaftStorageDirectoryImpl.java:analyzeStorage(137)) - The storage directory /home/runner/work/ozone/ozone/hadoop-ozone/integration-test/target/test-dir/MiniOzoneClusterImpl-ca08a916-3927-468c-b731-1edf5636b3eb/datanode-2/data/ratis/7d1fdec5-1c89-4c87-965e-629976f10c3c does not exist. Creating ...
2023-09-07 08:54:06,208 [d53ff278-24a5-4154-8938-e562e33f1fe4-groupManagement] INFO  storage.RaftStorageDirectory (RaftStorageDirectoryImpl.java:tryLock(231)) - Lock on /home/runner/work/ozone/ozone/hadoop-ozone/integration-test/target/test-dir/MiniOzoneClusterImpl-ca08a916-3927-468c-b731-1edf5636b3eb/datanode-2/data/ratis/7d1fdec5-1c89-4c87-965e-629976f10c3c/in_use.lock acquired by nodename 7589@fv-az793-921
2023-09-07 08:54:06,210 [d53ff278-24a5-4154-8938-e562e33f1fe4-groupManagement] INFO  storage.RaftStorage (RaftStorageImpl.java:format(96)) - Storage directory /home/runner/work/ozone/ozone/hadoop-ozone/integration-test/target/test-dir/MiniOzoneClusterImpl-ca08a916-3927-468c-b731-1edf5636b3eb/datanode-2/data/ratis/7d1fdec5-1c89-4c87-965e-629976f10c3c has been successfully formatted.
2023-09-07 08:54:06,212 [EventQueue-PipelineReportForPipelineReportHandler] INFO  pipeline.PipelineReportHandler (PipelineReportHandler.java:processPipelineReport(136)) - Opened pipeline PipelineID=7d1fdec5-1c89-4c87-965e-629976f10c3c
2023-09-07 08:54:06,212 [EventQueue-OpenPipelineForHealthyPipelineSafeModeRule] INFO  safemode.SCMSafeModeManager (HealthyPipelineSafeModeRule.java:process(137)) - SCM in safe mode. Healthy pipelines reported count is 0, required healthy pipeline reported count is 1
2023-09-07 08:54:06,212 [d53ff278-24a5-4154-8938-e562e33f1fe4-groupManagement] INFO  ratis.ContainerStateMachine (ContainerStateMachine.java:loadSnapshot(262)) - group-629976F10C3C: The snapshot info is null. Setting the last applied indexto:(t:0, i:~)
2023-09-07 08:54:06,212 [d53ff278-24a5-4154-8938-e562e33f1fe4-groupManagement] INFO  server.RaftServerConfigKeys (ConfUtils.java:logGet(46)) - raft.server.log.use.memory = false (default)
2023-09-07 08:54:06,212 [d53ff278-24a5-4154-8938-e562e33f1fe4-groupManagement] INFO  server.RaftServerConfigKeys (ConfUtils.java:logGet(46)) - raft.server.log.purge.gap = 1000000 (custom)
2023-09-07 08:54:06,213 [d53ff278-24a5-4154-8938-e562e33f1fe4-groupManagement] INFO  server.RaftServerConfigKeys (ConfUtils.java:logGet(46)) - raft.server.log.appender.buffer.byte-limit = 33554432 (custom)
2023-09-07 08:54:06,213 [d53ff278-24a5-4154-8938-e562e33f1fe4-groupManagement] INFO  server.RaftServerConfigKeys (ConfUtils.java:logGet(46)) - raft.server.log.statemachine.data.read.timeout = 1000ms (default)
2023-09-07 08:54:06,213 [d53ff278-24a5-4154-8938-e562e33f1fe4-groupManagement] INFO  server.RaftServerConfigKeys (ConfUtils.java:logGet(46)) - raft.server.log.purge.preservation.log.num = 0 (default)
2023-09-07 08:54:06,213 [d53ff278-24a5-4154-8938-e562e33f1fe4-groupManagement] INFO  server.RaftServerConfigKeys (ConfUtils.java:logGet(46)) - raft.server.log.segment.size.max = 1048576 (custom)
2023-09-07 08:54:06,213 [d53ff278-24a5-4154-8938-e562e33f1fe4-groupManagement] INFO  server.RaftServerConfigKeys (ConfUtils.java:logGet(46)) - raft.server.log.segment.cache.num.max = 2 (custom)
2023-09-07 08:54:06,213 [d53ff278-24a5-4154-8938-e562e33f1fe4-groupManagement] INFO  server.RaftServerConfigKeys (ConfUtils.java:logGet(46)) - raft.server.log.segment.cache.size.max = 200MB (=209715200) (default)
2023-09-07 08:54:06,213 [d53ff278-24a5-4154-8938-e562e33f1fe4-groupManagement] INFO  server.RaftServerConfigKeys (ConfUtils.java:logGet(46)) - raft.server.log.appender.buffer.byte-limit = 33554432 (custom)
2023-09-07 08:54:06,213 [d53ff278-24a5-4154-8938-e562e33f1fe4-groupManagement] INFO  segmented.SegmentedRaftLogWorker (SegmentedRaftLogWorker.java:<init>(188)) - new d53ff278-24a5-4154-8938-e562e33f1fe4@group-629976F10C3C-SegmentedRaftLogWorker for RaftStorageImpl:Storage Directory /home/runner/work/ozone/ozone/hadoop-ozone/integration-test/target/test-dir/MiniOzoneClusterImpl-ca08a916-3927-468c-b731-1edf5636b3eb/datanode-2/data/ratis/7d1fdec5-1c89-4c87-965e-629976f10c3c
2023-09-07 08:54:06,214 [d53ff278-24a5-4154-8938-e562e33f1fe4-groupManagement] INFO  server.RaftServerConfigKeys (ConfUtils.java:logGet(46)) - raft.server.log.queue.byte-limit = 4294967296 (custom)
2023-09-07 08:54:06,214 [d53ff278-24a5-4154-8938-e562e33f1fe4-groupManagement] INFO  server.RaftServerConfigKeys (ConfUtils.java:logGet(46)) - raft.server.log.queue.element-limit = 1024 (custom)
2023-09-07 08:54:06,214 [d53ff278-24a5-4154-8938-e562e33f1fe4-groupManagement] INFO  server.RaftServerConfigKeys (ConfUtils.java:logGet(46)) - raft.server.log.segment.size.max = 1048576 (custom)
2023-09-07 08:54:06,214 [d53ff278-24a5-4154-8938-e562e33f1fe4-groupManagement] INFO  server.RaftServerConfigKeys (ConfUtils.java:logGet(46)) - raft.server.log.preallocated.size = 16384 (custom)
2023-09-07 08:54:06,214 [d53ff278-24a5-4154-8938-e562e33f1fe4-groupManagement] INFO  server.RaftServerConfigKeys (ConfUtils.java:logGet(46)) - raft.server.log.force.sync.num = 128 (default)
2023-09-07 08:54:06,214 [d53ff278-24a5-4154-8938-e562e33f1fe4-groupManagement] INFO  server.RaftServerConfigKeys (ConfUtils.java:logGet(46)) - raft.server.log.statemachine.data.sync = true (default)
2023-09-07 08:54:06,214 [d53ff278-24a5-4154-8938-e562e33f1fe4-groupManagement] INFO  server.RaftServerConfigKeys (ConfUtils.java:logGet(46)) - raft.server.log.statemachine.data.sync.timeout = 10s (default)
2023-09-07 08:54:06,214 [d53ff278-24a5-4154-8938-e562e33f1fe4-groupManagement] INFO  server.RaftServerConfigKeys (ConfUtils.java:logGet(46)) - raft.server.log.statemachine.data.sync.timeout.retry = -1 (default)
2023-09-07 08:54:06,215 [d53ff278-24a5-4154-8938-e562e33f1fe4-groupManagement] INFO  server.RaftServerConfigKeys (ConfUtils.java:logGet(46)) - raft.server.log.write.buffer.size = 1048576 (custom)
2023-09-07 08:54:06,216 [d53ff278-24a5-4154-8938-e562e33f1fe4-groupManagement] INFO  server.RaftServerConfigKeys (ConfUtils.java:logGet(46)) - raft.server.log.appender.buffer.byte-limit = 33554432 (custom)
2023-09-07 08:54:06,222 [d53ff278-24a5-4154-8938-e562e33f1fe4-groupManagement] INFO  server.RaftServerConfigKeys (ConfUtils.java:logGet(46)) - raft.server.log.unsafe-flush.enabled = false (default)
2023-09-07 08:54:06,222 [d53ff278-24a5-4154-8938-e562e33f1fe4-groupManagement] INFO  server.RaftServerConfigKeys (ConfUtils.java:logGet(46)) - raft.server.log.async-flush.enabled = false (default)
2023-09-07 08:54:06,222 [d53ff278-24a5-4154-8938-e562e33f1fe4-groupManagement] INFO  server.RaftServerConfigKeys (ConfUtils.java:logGet(46)) - raft.server.log.statemachine.data.caching.enabled = true (custom)
2023-09-07 08:54:06,223 [d53ff278-24a5-4154-8938-e562e33f1fe4-groupManagement] INFO  segmented.SegmentedRaftLogWorker (SegmentedRaftLogWorker.java:lambda$new$0(135)) - d53ff278-24a5-4154-8938-e562e33f1fe4@group-629976F10C3C-SegmentedRaftLogWorker: flushIndex: setUnconditionally 0 -> -1
2023-09-07 08:54:06,223 [d53ff278-24a5-4154-8938-e562e33f1fe4-groupManagement] INFO  segmented.SegmentedRaftLogWorker (SegmentedRaftLogWorker.java:lambda$new$0(135)) - d53ff278-24a5-4154-8938-e562e33f1fe4@group-629976F10C3C-SegmentedRaftLogWorker: safeCacheEvictIndex: setUnconditionally 0 -> -1
2023-09-07 08:54:06,223 [d53ff278-24a5-4154-8938-e562e33f1fe4-groupManagement] INFO  server.RaftServer$Division (RaftServerImpl.java:start(342)) - d53ff278-24a5-4154-8938-e562e33f1fe4@group-629976F10C3C: start as a follower, conf=-1: peers:[d53ff278-24a5-4154-8938-e562e33f1fe4|rpc:10.1.0.48:15085|admin:10.1.0.48:15084|client:10.1.0.48:15083|dataStream:10.1.0.48:15086|priority:1|startupRole:FOLLOWER]|listeners:[], old=null
2023-09-07 08:54:06,223 [d53ff278-24a5-4154-8938-e562e33f1fe4-groupManagement] INFO  server.RaftServer$Division (RaftServerImpl.java:setRole(329)) - d53ff278-24a5-4154-8938-e562e33f1fe4@group-629976F10C3C: changes role from      null to FOLLOWER at term 0 for startAsFollower
2023-09-07 08:54:06,223 [d53ff278-24a5-4154-8938-e562e33f1fe4-groupManagement] INFO  impl.RoleInfo (RoleInfo.java:updateAndGet(139)) - d53ff278-24a5-4154-8938-e562e33f1fe4: start d53ff278-24a5-4154-8938-e562e33f1fe4@group-629976F10C3C-FollowerState
2023-09-07 08:54:06,224 [d53ff278-24a5-4154-8938-e562e33f1fe4@group-629976F10C3C-FollowerState] INFO  server.RaftServerConfigKeys (ConfUtils.java:logFallback(53)) - raft.server.rpc.first-election.timeout.min = 5s (fallback to raft.server.rpc.timeout.min)
2023-09-07 08:54:06,224 [d53ff278-24a5-4154-8938-e562e33f1fe4-groupManagement] INFO  util.JmxRegister (JmxRegister.java:tryRegister(44)) - Successfully registered JMX Bean with object name Ratis:service=RaftServer,group=group-629976F10C3C,id=d53ff278-24a5-4154-8938-e562e33f1fe4
2023-09-07 08:54:06,224 [d53ff278-24a5-4154-8938-e562e33f1fe4@group-629976F10C3C-FollowerState] INFO  server.RaftServerConfigKeys (ConfUtils.java:logFallback(53)) - raft.server.rpc.first-election.timeout.max = 5200ms (fallback to raft.server.rpc.timeout.max)
2023-09-07 08:54:06,224 [d53ff278-24a5-4154-8938-e562e33f1fe4-groupManagement] INFO  server.RaftServerConfigKeys (ConfUtils.java:logGet(46)) - raft.server.snapshot.auto.trigger.enabled = true (custom)
2023-09-07 08:54:06,224 [d53ff278-24a5-4154-8938-e562e33f1fe4-groupManagement] INFO  server.RaftServerConfigKeys (ConfUtils.java:logGet(46)) - raft.server.snapshot.auto.trigger.threshold = 10000 (custom)
2023-09-07 08:54:06,224 [d53ff278-24a5-4154-8938-e562e33f1fe4-groupManagement] INFO  server.RaftServerConfigKeys (ConfUtils.java:logGet(46)) - raft.server.snapshot.retention.file.num = 5 (custom)
2023-09-07 08:54:06,224 [d53ff278-24a5-4154-8938-e562e33f1fe4-groupManagement] INFO  server.RaftServerConfigKeys (ConfUtils.java:logGet(46)) - raft.server.log.purge.upto.snapshot.index = false (default)
2023-09-07 08:54:06,225 [PipelineCommandHandlerThread-0] INFO  ratis.XceiverServerRatis (XceiverServerRatis.java:addGroup(804)) - Created group PipelineID=7d1fdec5-1c89-4c87-965e-629976f10c3c
2023-09-07 08:54:06,225 [PipelineCommandHandlerThread-0] INFO  commandhandler.CreatePipelineCommandHandler (CreatePipelineCommandHandler.java:lambda$handle$2(124)) - Created Pipeline RATIS ONE PipelineID=7d1fdec5-1c89-4c87-965e-629976f10c3c.
2023-09-07 08:54:06,589 [PipelineCommandHandlerThread-0] INFO  server.RaftServer (RaftServerProxy.java:addNew(98)) - 92b1db46-ede6-4b54-a196-785743adb798: addNew group-4BA21314729C:[92b1db46-ede6-4b54-a196-785743adb798|rpc:10.1.0.48:15094|admin:10.1.0.48:15093|client:10.1.0.48:15092|dataStream:10.1.0.48:15095|priority:1|startupRole:FOLLOWER] returns group-4BA21314729C:java.util.concurrent.CompletableFuture@10edb510[Not completed]
2023-09-07 08:54:06,594 [92b1db46-ede6-4b54-a196-785743adb798-groupManagement] INFO  server.RaftServer$Division (RaftServerImpl.java:<init>(198)) - 92b1db46-ede6-4b54-a196-785743adb798: new RaftServerImpl for group-4BA21314729C:[92b1db46-ede6-4b54-a196-785743adb798|rpc:10.1.0.48:15094|admin:10.1.0.48:15093|client:10.1.0.48:15092|dataStream:10.1.0.48:15095|priority:1|startupRole:FOLLOWER] with ContainerStateMachine:uninitialized
2023-09-07 08:54:06,595 [92b1db46-ede6-4b54-a196-785743adb798-groupManagement] INFO  server.RaftServerConfigKeys (ConfUtils.java:logGet(46)) - raft.server.rpc.timeout.min = 5s (custom)
2023-09-07 08:54:06,595 [92b1db46-ede6-4b54-a196-785743adb798-groupManagement] INFO  server.RaftServerConfigKeys (ConfUtils.java:logGet(46)) - raft.server.rpc.timeout.max = 5200ms (custom)
2023-09-07 08:54:06,595 [92b1db46-ede6-4b54-a196-785743adb798-groupManagement] INFO  server.RaftServerConfigKeys (ConfUtils.java:logGet(46)) - raft.server.rpc.sleep.time = 25ms (default)
2023-09-07 08:54:06,595 [92b1db46-ede6-4b54-a196-785743adb798-groupManagement] INFO  server.RaftServerConfigKeys (ConfUtils.java:logGet(46)) - raft.server.rpc.slowness.timeout = 300s (custom)
2023-09-07 08:54:06,595 [92b1db46-ede6-4b54-a196-785743adb798-groupManagement] INFO  server.RaftServerConfigKeys (ConfUtils.java:logGet(46)) - raft.server.leaderelection.leader.step-down.wait-time = 10s (default)
2023-09-07 08:54:06,595 [92b1db46-ede6-4b54-a196-785743adb798-groupManagement] INFO  server.RaftServerConfigKeys (ConfUtils.java:logGet(46)) - raft.server.sleep.deviation.threshold = 300ms (default)
2023-09-07 08:54:06,595 [92b1db46-ede6-4b54-a196-785743adb798-groupManagement] INFO  server.RaftServer$Division (ServerState.java:<init>(120)) - 92b1db46-ede6-4b54-a196-785743adb798@group-4BA21314729C: ConfigurationManager, init=-1: peers:[92b1db46-ede6-4b54-a196-785743adb798|rpc:10.1.0.48:15094|admin:10.1.0.48:15093|client:10.1.0.48:15092|dataStream:10.1.0.48:15095|priority:1|startupRole:FOLLOWER]|listeners:[], old=null, confs=<EMPTY_MAP>
2023-09-07 08:54:06,595 [92b1db46-ede6-4b54-a196-785743adb798-groupManagement] INFO  server.RaftServerConfigKeys (ConfUtils.java:logGet(46)) - raft.server.storage.dir = [/home/runner/work/ozone/ozone/hadoop-ozone/integration-test/target/test-dir/MiniOzoneClusterImpl-ca08a916-3927-468c-b731-1edf5636b3eb/datanode-3/data/ratis] (custom)
2023-09-07 08:54:06,595 [92b1db46-ede6-4b54-a196-785743adb798-groupManagement] INFO  server.RaftServerConfigKeys (ConfUtils.java:logGet(46)) - raft.server.log.corruption.policy = EXCEPTION (default)
2023-09-07 08:54:06,595 [92b1db46-ede6-4b54-a196-785743adb798-groupManagement] INFO  server.RaftServerConfigKeys (ConfUtils.java:logGet(46)) - raft.server.storage.free-space.min = 0MB (=0) (default)
2023-09-07 08:54:06,596 [92b1db46-ede6-4b54-a196-785743adb798-groupManagement] INFO  server.RaftServerConfigKeys (ConfUtils.java:logGet(46)) - raft.server.notification.no-leader.timeout = 300s (custom)
2023-09-07 08:54:06,596 [92b1db46-ede6-4b54-a196-785743adb798-groupManagement] INFO  server.RaftServerConfigKeys (ConfUtils.java:logGet(46)) - raft.server.read.timeout = 10s (default)
2023-09-07 08:54:06,596 [92b1db46-ede6-4b54-a196-785743adb798-groupManagement] INFO  server.RaftServerConfigKeys (ConfUtils.java:logGet(46)) - raft.server.retrycache.expirytime = 600000ms (custom)
2023-09-07 08:54:06,596 [92b1db46-ede6-4b54-a196-785743adb798-groupManagement] INFO  server.RaftServerConfigKeys (ConfUtils.java:logGet(46)) - raft.server.retrycache.statistics.expirytime = 100μs (default)
2023-09-07 08:54:06,596 [92b1db46-ede6-4b54-a196-785743adb798-groupManagement] INFO  server.RaftServerConfigKeys (ConfUtils.java:logGet(46)) - raft.server.read.option = DEFAULT (default)
2023-09-07 08:54:06,600 [92b1db46-ede6-4b54-a196-785743adb798-groupManagement] INFO  server.RaftServerConfigKeys (ConfUtils.java:logGet(46)) - raft.server.rpc.request.timeout = 60s (custom)
2023-09-07 08:54:06,600 [92b1db46-ede6-4b54-a196-785743adb798-groupManagement] INFO  server.RaftServerConfigKeys (ConfUtils.java:logGet(46)) - raft.server.log.appender.install.snapshot.enabled = false (custom)
2023-09-07 08:54:06,600 [92b1db46-ede6-4b54-a196-785743adb798-groupManagement] INFO  server.RaftServerConfigKeys (ConfUtils.java:logGet(46)) - raft.server.threadpool.server.cached = true (default)
2023-09-07 08:54:06,600 [92b1db46-ede6-4b54-a196-785743adb798-groupManagement] INFO  server.RaftServerConfigKeys (ConfUtils.java:logGet(46)) - raft.server.threadpool.server.size = 0 (default)
2023-09-07 08:54:06,600 [92b1db46-ede6-4b54-a196-785743adb798-groupManagement] INFO  server.RaftServerConfigKeys (ConfUtils.java:logGet(46)) - raft.server.threadpool.client.cached = true (default)
2023-09-07 08:54:06,601 [92b1db46-ede6-4b54-a196-785743adb798-groupManagement] INFO  server.RaftServerConfigKeys (ConfUtils.java:logGet(46)) - raft.server.threadpool.client.size = 0 (default)
2023-09-07 08:54:06,601 [92b1db46-ede6-4b54-a196-785743adb798-groupManagement] INFO  storage.RaftStorageDirectory (RaftStorageDirectoryImpl.java:analyzeStorage(137)) - The storage directory /home/runner/work/ozone/ozone/hadoop-ozone/integration-test/target/test-dir/MiniOzoneClusterImpl-ca08a916-3927-468c-b731-1edf5636b3eb/datanode-3/data/ratis/9a33256d-0f18-4459-abf5-4ba21314729c does not exist. Creating ...
2023-09-07 08:54:06,602 [92b1db46-ede6-4b54-a196-785743adb798-groupManagement] INFO  storage.RaftStorageDirectory (RaftStorageDirectoryImpl.java:tryLock(231)) - Lock on /home/runner/work/ozone/ozone/hadoop-ozone/integration-test/target/test-dir/MiniOzoneClusterImpl-ca08a916-3927-468c-b731-1edf5636b3eb/datanode-3/data/ratis/9a33256d-0f18-4459-abf5-4ba21314729c/in_use.lock acquired by nodename 7589@fv-az793-921
2023-09-07 08:54:06,604 [92b1db46-ede6-4b54-a196-785743adb798-groupManagement] INFO  storage.RaftStorage (RaftStorageImpl.java:format(96)) - Storage directory /home/runner/work/ozone/ozone/hadoop-ozone/integration-test/target/test-dir/MiniOzoneClusterImpl-ca08a916-3927-468c-b731-1edf5636b3eb/datanode-3/data/ratis/9a33256d-0f18-4459-abf5-4ba21314729c has been successfully formatted.
2023-09-07 08:54:06,611 [92b1db46-ede6-4b54-a196-785743adb798-groupManagement] INFO  ratis.ContainerStateMachine (ContainerStateMachine.java:loadSnapshot(262)) - group-4BA21314729C: The snapshot info is null. Setting the last applied indexto:(t:0, i:~)
2023-09-07 08:54:06,611 [92b1db46-ede6-4b54-a196-785743adb798-groupManagement] INFO  server.RaftServerConfigKeys (ConfUtils.java:logGet(46)) - raft.server.log.use.memory = false (default)
2023-09-07 08:54:06,621 [EventQueue-PipelineReportForPipelineReportHandler] INFO  pipeline.PipelineReportHandler (PipelineReportHandler.java:processPipelineReport(136)) - Opened pipeline PipelineID=9a33256d-0f18-4459-abf5-4ba21314729c
2023-09-07 08:54:06,624 [EventQueue-OpenPipelineForHealthyPipelineSafeModeRule] INFO  safemode.SCMSafeModeManager (HealthyPipelineSafeModeRule.java:process(137)) - SCM in safe mode. Healthy pipelines reported count is 0, required healthy pipeline reported count is 1
2023-09-07 08:54:06,624 [92b1db46-ede6-4b54-a196-785743adb798-groupManagement] INFO  server.RaftServerConfigKeys (ConfUtils.java:logGet(46)) - raft.server.log.purge.gap = 1000000 (custom)
2023-09-07 08:54:06,624 [92b1db46-ede6-4b54-a196-785743adb798-groupManagement] INFO  server.RaftServerConfigKeys (ConfUtils.java:logGet(46)) - raft.server.log.appender.buffer.byte-limit = 33554432 (custom)
2023-09-07 08:54:06,624 [92b1db46-ede6-4b54-a196-785743adb798-groupManagement] INFO  server.RaftServerConfigKeys (ConfUtils.java:logGet(46)) - raft.server.log.statemachine.data.read.timeout = 1000ms (default)
2023-09-07 08:54:06,625 [92b1db46-ede6-4b54-a196-785743adb798-groupManagement] INFO  server.RaftServerConfigKeys (ConfUtils.java:logGet(46)) - raft.server.log.purge.preservation.log.num = 0 (default)
2023-09-07 08:54:06,625 [92b1db46-ede6-4b54-a196-785743adb798-groupManagement] INFO  server.RaftServerConfigKeys (ConfUtils.java:logGet(46)) - raft.server.log.segment.size.max = 1048576 (custom)
2023-09-07 08:54:06,625 [92b1db46-ede6-4b54-a196-785743adb798-groupManagement] INFO  server.RaftServerConfigKeys (ConfUtils.java:logGet(46)) - raft.server.log.segment.cache.num.max = 2 (custom)
2023-09-07 08:54:06,625 [92b1db46-ede6-4b54-a196-785743adb798-groupManagement] INFO  server.RaftServerConfigKeys (ConfUtils.java:logGet(46)) - raft.server.log.segment.cache.size.max = 200MB (=209715200) (default)
2023-09-07 08:54:06,625 [92b1db46-ede6-4b54-a196-785743adb798-groupManagement] INFO  server.RaftServerConfigKeys (ConfUtils.java:logGet(46)) - raft.server.log.appender.buffer.byte-limit = 33554432 (custom)
2023-09-07 08:54:06,625 [92b1db46-ede6-4b54-a196-785743adb798-groupManagement] INFO  segmented.SegmentedRaftLogWorker (SegmentedRaftLogWorker.java:<init>(188)) - new 92b1db46-ede6-4b54-a196-785743adb798@group-4BA21314729C-SegmentedRaftLogWorker for RaftStorageImpl:Storage Directory /home/runner/work/ozone/ozone/hadoop-ozone/integration-test/target/test-dir/MiniOzoneClusterImpl-ca08a916-3927-468c-b731-1edf5636b3eb/datanode-3/data/ratis/9a33256d-0f18-4459-abf5-4ba21314729c
2023-09-07 08:54:06,626 [92b1db46-ede6-4b54-a196-785743adb798-groupManagement] INFO  server.RaftServerConfigKeys (ConfUtils.java:logGet(46)) - raft.server.log.queue.byte-limit = 4294967296 (custom)
2023-09-07 08:54:06,626 [92b1db46-ede6-4b54-a196-785743adb798-groupManagement] INFO  server.RaftServerConfigKeys (ConfUtils.java:logGet(46)) - raft.server.log.queue.element-limit = 1024 (custom)
2023-09-07 08:54:06,627 [92b1db46-ede6-4b54-a196-785743adb798-groupManagement] INFO  server.RaftServerConfigKeys (ConfUtils.java:logGet(46)) - raft.server.log.segment.size.max = 1048576 (custom)
2023-09-07 08:54:06,628 [92b1db46-ede6-4b54-a196-785743adb798-groupManagement] INFO  server.RaftServerConfigKeys (ConfUtils.java:logGet(46)) - raft.server.log.preallocated.size = 16384 (custom)
2023-09-07 08:54:06,628 [92b1db46-ede6-4b54-a196-785743adb798-groupManagement] INFO  server.RaftServerConfigKeys (ConfUtils.java:logGet(46)) - raft.server.log.force.sync.num = 128 (default)
2023-09-07 08:54:06,628 [92b1db46-ede6-4b54-a196-785743adb798-groupManagement] INFO  server.RaftServerConfigKeys (ConfUtils.java:logGet(46)) - raft.server.log.statemachine.data.sync = true (default)
2023-09-07 08:54:06,628 [92b1db46-ede6-4b54-a196-785743adb798-groupManagement] INFO  server.RaftServerConfigKeys (ConfUtils.java:logGet(46)) - raft.server.log.statemachine.data.sync.timeout = 10s (default)
2023-09-07 08:54:06,628 [92b1db46-ede6-4b54-a196-785743adb798-groupManagement] INFO  server.RaftServerConfigKeys (ConfUtils.java:logGet(46)) - raft.server.log.statemachine.data.sync.timeout.retry = -1 (default)
2023-09-07 08:54:06,629 [92b1db46-ede6-4b54-a196-785743adb798-groupManagement] INFO  server.RaftServerConfigKeys (ConfUtils.java:logGet(46)) - raft.server.log.write.buffer.size = 1048576 (custom)
2023-09-07 08:54:06,629 [92b1db46-ede6-4b54-a196-785743adb798-groupManagement] INFO  server.RaftServerConfigKeys (ConfUtils.java:logGet(46)) - raft.server.log.appender.buffer.byte-limit = 33554432 (custom)
2023-09-07 08:54:06,641 [92b1db46-ede6-4b54-a196-785743adb798-groupManagement] INFO  server.RaftServerConfigKeys (ConfUtils.java:logGet(46)) - raft.server.log.unsafe-flush.enabled = false (default)
2023-09-07 08:54:06,641 [92b1db46-ede6-4b54-a196-785743adb798-groupManagement] INFO  server.RaftServerConfigKeys (ConfUtils.java:logGet(46)) - raft.server.log.async-flush.enabled = false (default)
2023-09-07 08:54:06,641 [92b1db46-ede6-4b54-a196-785743adb798-groupManagement] INFO  server.RaftServerConfigKeys (ConfUtils.java:logGet(46)) - raft.server.log.statemachine.data.caching.enabled = true (custom)
2023-09-07 08:54:06,642 [92b1db46-ede6-4b54-a196-785743adb798-groupManagement] INFO  segmented.SegmentedRaftLogWorker (SegmentedRaftLogWorker.java:lambda$new$0(135)) - 92b1db46-ede6-4b54-a196-785743adb798@group-4BA21314729C-SegmentedRaftLogWorker: flushIndex: setUnconditionally 0 -> -1
2023-09-07 08:54:06,642 [92b1db46-ede6-4b54-a196-785743adb798-groupManagement] INFO  segmented.SegmentedRaftLogWorker (SegmentedRaftLogWorker.java:lambda$new$0(135)) - 92b1db46-ede6-4b54-a196-785743adb798@group-4BA21314729C-SegmentedRaftLogWorker: safeCacheEvictIndex: setUnconditionally 0 -> -1
2023-09-07 08:54:06,661 [92b1db46-ede6-4b54-a196-785743adb798-groupManagement] INFO  server.RaftServer$Division (RaftServerImpl.java:start(342)) - 92b1db46-ede6-4b54-a196-785743adb798@group-4BA21314729C: start as a follower, conf=-1: peers:[92b1db46-ede6-4b54-a196-785743adb798|rpc:10.1.0.48:15094|admin:10.1.0.48:15093|client:10.1.0.48:15092|dataStream:10.1.0.48:15095|priority:1|startupRole:FOLLOWER]|listeners:[], old=null
2023-09-07 08:54:06,663 [92b1db46-ede6-4b54-a196-785743adb798-groupManagement] INFO  server.RaftServer$Division (RaftServerImpl.java:setRole(329)) - 92b1db46-ede6-4b54-a196-785743adb798@group-4BA21314729C: changes role from      null to FOLLOWER at term 0 for startAsFollower
2023-09-07 08:54:06,664 [92b1db46-ede6-4b54-a196-785743adb798-groupManagement] INFO  impl.RoleInfo (RoleInfo.java:updateAndGet(139)) - 92b1db46-ede6-4b54-a196-785743adb798: start 92b1db46-ede6-4b54-a196-785743adb798@group-4BA21314729C-FollowerState
2023-09-07 08:54:06,667 [92b1db46-ede6-4b54-a196-785743adb798-groupManagement] INFO  util.JmxRegister (JmxRegister.java:tryRegister(44)) - Successfully registered JMX Bean with object name Ratis:service=RaftServer,group=group-4BA21314729C,id=92b1db46-ede6-4b54-a196-785743adb798
2023-09-07 08:54:06,667 [92b1db46-ede6-4b54-a196-785743adb798-groupManagement] INFO  server.RaftServerConfigKeys (ConfUtils.java:logGet(46)) - raft.server.snapshot.auto.trigger.enabled = true (custom)
2023-09-07 08:54:06,668 [92b1db46-ede6-4b54-a196-785743adb798-groupManagement] INFO  server.RaftServerConfigKeys (ConfUtils.java:logGet(46)) - raft.server.snapshot.auto.trigger.threshold = 10000 (custom)
2023-09-07 08:54:06,668 [92b1db46-ede6-4b54-a196-785743adb798-groupManagement] INFO  server.RaftServerConfigKeys (ConfUtils.java:logGet(46)) - raft.server.snapshot.retention.file.num = 5 (custom)
2023-09-07 08:54:06,668 [92b1db46-ede6-4b54-a196-785743adb798-groupManagement] INFO  server.RaftServerConfigKeys (ConfUtils.java:logGet(46)) - raft.server.log.purge.upto.snapshot.index = false (default)
2023-09-07 08:54:06,669 [92b1db46-ede6-4b54-a196-785743adb798@group-4BA21314729C-FollowerState] INFO  server.RaftServerConfigKeys (ConfUtils.java:logFallback(53)) - raft.server.rpc.first-election.timeout.min = 5s (fallback to raft.server.rpc.timeout.min)
2023-09-07 08:54:06,669 [92b1db46-ede6-4b54-a196-785743adb798@group-4BA21314729C-FollowerState] INFO  server.RaftServerConfigKeys (ConfUtils.java:logFallback(53)) - raft.server.rpc.first-election.timeout.max = 5200ms (fallback to raft.server.rpc.timeout.max)
2023-09-07 08:54:06,683 [PipelineCommandHandlerThread-0] INFO  ratis.XceiverServerRatis (XceiverServerRatis.java:addGroup(804)) - Created group PipelineID=9a33256d-0f18-4459-abf5-4ba21314729c
2023-09-07 08:54:06,683 [PipelineCommandHandlerThread-0] INFO  commandhandler.CreatePipelineCommandHandler (CreatePipelineCommandHandler.java:lambda$handle$2(124)) - Created Pipeline RATIS ONE PipelineID=9a33256d-0f18-4459-abf5-4ba21314729c.
2023-09-07 08:54:06,936 [main] INFO  ozone.MiniOzoneClusterImpl (MiniOzoneClusterImpl.java:lambda$waitForClusterToBeReady$0(224)) - Nodes are ready. Got 5 of 5 DN Heartbeats.
2023-09-07 08:54:06,937 [main] INFO  ozone.MiniOzoneClusterImpl (MiniOzoneClusterImpl.java:lambda$waitForClusterToBeReady$0(227)) - Waiting for cluster to exit safe mode
2023-09-07 08:54:06,937 [main] INFO  ozone.MiniOzoneClusterImpl (MiniOzoneClusterImpl.java:lambda$waitForClusterToBeReady$0(229)) - SCM became leader
2023-09-07 08:54:06,944 [PipelineCommandHandlerThread-0] INFO  server.RaftServer (RaftServerProxy.java:addNew(98)) - f4e4783d-3001-46db-b6c9-216b79feec14: addNew group-973B30F96FF3:[f4e4783d-3001-46db-b6c9-216b79feec14|rpc:10.1.0.48:15103|admin:10.1.0.48:15102|client:10.1.0.48:15101|dataStream:10.1.0.48:15104|priority:1|startupRole:FOLLOWER] returns group-973B30F96FF3:java.util.concurrent.CompletableFuture@6ea40265[Not completed]
2023-09-07 08:54:06,945 [f4e4783d-3001-46db-b6c9-216b79feec14-groupManagement] INFO  server.RaftServer$Division (RaftServerImpl.java:<init>(198)) - f4e4783d-3001-46db-b6c9-216b79feec14: new RaftServerImpl for group-973B30F96FF3:[f4e4783d-3001-46db-b6c9-216b79feec14|rpc:10.1.0.48:15103|admin:10.1.0.48:15102|client:10.1.0.48:15101|dataStream:10.1.0.48:15104|priority:1|startupRole:FOLLOWER] with ContainerStateMachine:uninitialized
2023-09-07 08:54:06,946 [f4e4783d-3001-46db-b6c9-216b79feec14-groupManagement] INFO  server.RaftServerConfigKeys (ConfUtils.java:logGet(46)) - raft.server.rpc.timeout.min = 5s (custom)
2023-09-07 08:54:06,946 [f4e4783d-3001-46db-b6c9-216b79feec14-groupManagement] INFO  server.RaftServerConfigKeys (ConfUtils.java:logGet(46)) - raft.server.rpc.timeout.max = 5200ms (custom)
2023-09-07 08:54:06,946 [f4e4783d-3001-46db-b6c9-216b79feec14-groupManagement] INFO  server.RaftServerConfigKeys (ConfUtils.java:logGet(46)) - raft.server.rpc.sleep.time = 25ms (default)
2023-09-07 08:54:06,946 [f4e4783d-3001-46db-b6c9-216b79feec14-groupManagement] INFO  server.RaftServerConfigKeys (ConfUtils.java:logGet(46)) - raft.server.rpc.slowness.timeout = 300s (custom)
2023-09-07 08:54:06,946 [f4e4783d-3001-46db-b6c9-216b79feec14-groupManagement] INFO  server.RaftServerConfigKeys (ConfUtils.java:logGet(46)) - raft.server.leaderelection.leader.step-down.wait-time = 10s (default)
2023-09-07 08:54:06,946 [f4e4783d-3001-46db-b6c9-216b79feec14-groupManagement] INFO  server.RaftServerConfigKeys (ConfUtils.java:logGet(46)) - raft.server.sleep.deviation.threshold = 300ms (default)
2023-09-07 08:54:06,946 [f4e4783d-3001-46db-b6c9-216b79feec14-groupManagement] INFO  server.RaftServer$Division (ServerState.java:<init>(120)) - f4e4783d-3001-46db-b6c9-216b79feec14@group-973B30F96FF3: ConfigurationManager, init=-1: peers:[f4e4783d-3001-46db-b6c9-216b79feec14|rpc:10.1.0.48:15103|admin:10.1.0.48:15102|client:10.1.0.48:15101|dataStream:10.1.0.48:15104|priority:1|startupRole:FOLLOWER]|listeners:[], old=null, confs=<EMPTY_MAP>
2023-09-07 08:54:06,946 [f4e4783d-3001-46db-b6c9-216b79feec14-groupManagement] INFO  server.RaftServerConfigKeys (ConfUtils.java:logGet(46)) - raft.server.storage.dir = [/home/runner/work/ozone/ozone/hadoop-ozone/integration-test/target/test-dir/MiniOzoneClusterImpl-ca08a916-3927-468c-b731-1edf5636b3eb/datanode-4/data/ratis] (custom)
2023-09-07 08:54:06,946 [f4e4783d-3001-46db-b6c9-216b79feec14-groupManagement] INFO  server.RaftServerConfigKeys (ConfUtils.java:logGet(46)) - raft.server.log.corruption.policy = EXCEPTION (default)
2023-09-07 08:54:06,946 [f4e4783d-3001-46db-b6c9-216b79feec14-groupManagement] INFO  server.RaftServerConfigKeys (ConfUtils.java:logGet(46)) - raft.server.storage.free-space.min = 0MB (=0) (default)
2023-09-07 08:54:06,946 [f4e4783d-3001-46db-b6c9-216b79feec14-groupManagement] INFO  server.RaftServerConfigKeys (ConfUtils.java:logGet(46)) - raft.server.notification.no-leader.timeout = 300s (custom)
2023-09-07 08:54:06,947 [f4e4783d-3001-46db-b6c9-216b79feec14-groupManagement] INFO  server.RaftServerConfigKeys (ConfUtils.java:logGet(46)) - raft.server.read.timeout = 10s (default)
2023-09-07 08:54:06,947 [f4e4783d-3001-46db-b6c9-216b79feec14-groupManagement] INFO  server.RaftServerConfigKeys (ConfUtils.java:logGet(46)) - raft.server.retrycache.expirytime = 600000ms (custom)
2023-09-07 08:54:06,947 [f4e4783d-3001-46db-b6c9-216b79feec14-groupManagement] INFO  server.RaftServerConfigKeys (ConfUtils.java:logGet(46)) - raft.server.retrycache.statistics.expirytime = 100μs (default)
2023-09-07 08:54:06,947 [f4e4783d-3001-46db-b6c9-216b79feec14-groupManagement] INFO  server.RaftServerConfigKeys (ConfUtils.java:logGet(46)) - raft.server.read.option = DEFAULT (default)
2023-09-07 08:54:06,948 [f4e4783d-3001-46db-b6c9-216b79feec14-groupManagement] INFO  server.RaftServerConfigKeys (ConfUtils.java:logGet(46)) - raft.server.rpc.request.timeout = 60s (custom)
2023-09-07 08:54:06,948 [f4e4783d-3001-46db-b6c9-216b79feec14-groupManagement] INFO  server.RaftServerConfigKeys (ConfUtils.java:logGet(46)) - raft.server.log.appender.install.snapshot.enabled = false (custom)
2023-09-07 08:54:06,948 [f4e4783d-3001-46db-b6c9-216b79feec14-groupManagement] INFO  server.RaftServerConfigKeys (ConfUtils.java:logGet(46)) - raft.server.threadpool.server.cached = true (default)
2023-09-07 08:54:06,948 [f4e4783d-3001-46db-b6c9-216b79feec14-groupManagement] INFO  server.RaftServerConfigKeys (ConfUtils.java:logGet(46)) - raft.server.threadpool.server.size = 0 (default)
2023-09-07 08:54:06,948 [f4e4783d-3001-46db-b6c9-216b79feec14-groupManagement] INFO  server.RaftServerConfigKeys (ConfUtils.java:logGet(46)) - raft.server.threadpool.client.cached = true (default)
2023-09-07 08:54:06,948 [f4e4783d-3001-46db-b6c9-216b79feec14-groupManagement] INFO  server.RaftServerConfigKeys (ConfUtils.java:logGet(46)) - raft.server.threadpool.client.size = 0 (default)
2023-09-07 08:54:06,948 [f4e4783d-3001-46db-b6c9-216b79feec14-groupManagement] INFO  storage.RaftStorageDirectory (RaftStorageDirectoryImpl.java:analyzeStorage(137)) - The storage directory /home/runner/work/ozone/ozone/hadoop-ozone/integration-test/target/test-dir/MiniOzoneClusterImpl-ca08a916-3927-468c-b731-1edf5636b3eb/datanode-4/data/ratis/4295f76a-f4e3-4a41-9b29-973b30f96ff3 does not exist. Creating ...
2023-09-07 08:54:06,950 [f4e4783d-3001-46db-b6c9-216b79feec14-groupManagement] INFO  storage.RaftStorageDirectory (RaftStorageDirectoryImpl.java:tryLock(231)) - Lock on /home/runner/work/ozone/ozone/hadoop-ozone/integration-test/target/test-dir/MiniOzoneClusterImpl-ca08a916-3927-468c-b731-1edf5636b3eb/datanode-4/data/ratis/4295f76a-f4e3-4a41-9b29-973b30f96ff3/in_use.lock acquired by nodename 7589@fv-az793-921
2023-09-07 08:54:06,954 [f4e4783d-3001-46db-b6c9-216b79feec14-groupManagement] INFO  storage.RaftStorage (RaftStorageImpl.java:format(96)) - Storage directory /home/runner/work/ozone/ozone/hadoop-ozone/integration-test/target/test-dir/MiniOzoneClusterImpl-ca08a916-3927-468c-b731-1edf5636b3eb/datanode-4/data/ratis/4295f76a-f4e3-4a41-9b29-973b30f96ff3 has been successfully formatted.
2023-09-07 08:54:06,955 [f4e4783d-3001-46db-b6c9-216b79feec14-groupManagement] INFO  ratis.ContainerStateMachine (ContainerStateMachine.java:loadSnapshot(262)) - group-973B30F96FF3: The snapshot info is null. Setting the last applied indexto:(t:0, i:~)
2023-09-07 08:54:06,956 [f4e4783d-3001-46db-b6c9-216b79feec14-groupManagement] INFO  server.RaftServerConfigKeys (ConfUtils.java:logGet(46)) - raft.server.log.use.memory = false (default)
2023-09-07 08:54:06,956 [f4e4783d-3001-46db-b6c9-216b79feec14-groupManagement] INFO  server.RaftServerConfigKeys (ConfUtils.java:logGet(46)) - raft.server.log.purge.gap = 1000000 (custom)
2023-09-07 08:54:06,956 [f4e4783d-3001-46db-b6c9-216b79feec14-groupManagement] INFO  server.RaftServerConfigKeys (ConfUtils.java:logGet(46)) - raft.server.log.appender.buffer.byte-limit = 33554432 (custom)
2023-09-07 08:54:06,956 [f4e4783d-3001-46db-b6c9-216b79feec14-groupManagement] INFO  server.RaftServerConfigKeys (ConfUtils.java:logGet(46)) - raft.server.log.statemachine.data.read.timeout = 1000ms (default)
2023-09-07 08:54:06,956 [f4e4783d-3001-46db-b6c9-216b79feec14-groupManagement] INFO  server.RaftServerConfigKeys (ConfUtils.java:logGet(46)) - raft.server.log.purge.preservation.log.num = 0 (default)
2023-09-07 08:54:06,956 [f4e4783d-3001-46db-b6c9-216b79feec14-groupManagement] INFO  server.RaftServerConfigKeys (ConfUtils.java:logGet(46)) - raft.server.log.segment.size.max = 1048576 (custom)
2023-09-07 08:54:06,957 [f4e4783d-3001-46db-b6c9-216b79feec14-groupManagement] INFO  server.RaftServerConfigKeys (ConfUtils.java:logGet(46)) - raft.server.log.segment.cache.num.max = 2 (custom)
2023-09-07 08:54:06,957 [f4e4783d-3001-46db-b6c9-216b79feec14-groupManagement] INFO  server.RaftServerConfigKeys (ConfUtils.java:logGet(46)) - raft.server.log.segment.cache.size.max = 200MB (=209715200) (default)
2023-09-07 08:54:06,957 [f4e4783d-3001-46db-b6c9-216b79feec14-groupManagement] INFO  server.RaftServerConfigKeys (ConfUtils.java:logGet(46)) - raft.server.log.appender.buffer.byte-limit = 33554432 (custom)
2023-09-07 08:54:06,957 [f4e4783d-3001-46db-b6c9-216b79feec14-groupManagement] INFO  segmented.SegmentedRaftLogWorker (SegmentedRaftLogWorker.java:<init>(188)) - new f4e4783d-3001-46db-b6c9-216b79feec14@group-973B30F96FF3-SegmentedRaftLogWorker for RaftStorageImpl:Storage Directory /home/runner/work/ozone/ozone/hadoop-ozone/integration-test/target/test-dir/MiniOzoneClusterImpl-ca08a916-3927-468c-b731-1edf5636b3eb/datanode-4/data/ratis/4295f76a-f4e3-4a41-9b29-973b30f96ff3
2023-09-07 08:54:06,957 [f4e4783d-3001-46db-b6c9-216b79feec14-groupManagement] INFO  server.RaftServerConfigKeys (ConfUtils.java:logGet(46)) - raft.server.log.queue.byte-limit = 4294967296 (custom)
2023-09-07 08:54:06,957 [EventQueue-PipelineReportForPipelineReportHandler] INFO  pipeline.PipelineReportHandler (PipelineReportHandler.java:processPipelineReport(136)) - Opened pipeline PipelineID=4295f76a-f4e3-4a41-9b29-973b30f96ff3
2023-09-07 08:54:06,957 [f4e4783d-3001-46db-b6c9-216b79feec14-groupManagement] INFO  server.RaftServerConfigKeys (ConfUtils.java:logGet(46)) - raft.server.log.queue.element-limit = 1024 (custom)
2023-09-07 08:54:06,957 [EventQueue-OpenPipelineForHealthyPipelineSafeModeRule] INFO  safemode.SCMSafeModeManager (HealthyPipelineSafeModeRule.java:process(137)) - SCM in safe mode. Healthy pipelines reported count is 0, required healthy pipeline reported count is 1
2023-09-07 08:54:06,957 [f4e4783d-3001-46db-b6c9-216b79feec14-groupManagement] INFO  server.RaftServerConfigKeys (ConfUtils.java:logGet(46)) - raft.server.log.segment.size.max = 1048576 (custom)
2023-09-07 08:54:06,957 [f4e4783d-3001-46db-b6c9-216b79feec14-groupManagement] INFO  server.RaftServerConfigKeys (ConfUtils.java:logGet(46)) - raft.server.log.preallocated.size = 16384 (custom)
2023-09-07 08:54:06,958 [f4e4783d-3001-46db-b6c9-216b79feec14-groupManagement] INFO  server.RaftServerConfigKeys (ConfUtils.java:logGet(46)) - raft.server.log.force.sync.num = 128 (default)
2023-09-07 08:54:06,958 [f4e4783d-3001-46db-b6c9-216b79feec14-groupManagement] INFO  server.RaftServerConfigKeys (ConfUtils.java:logGet(46)) - raft.server.log.statemachine.data.sync = true (default)
2023-09-07 08:54:06,958 [f4e4783d-3001-46db-b6c9-216b79feec14-groupManagement] INFO  server.RaftServerConfigKeys (ConfUtils.java:logGet(46)) - raft.server.log.statemachine.data.sync.timeout = 10s (default)
2023-09-07 08:54:06,958 [f4e4783d-3001-46db-b6c9-216b79feec14-groupManagement] INFO  server.RaftServerConfigKeys (ConfUtils.java:logGet(46)) - raft.server.log.statemachine.data.sync.timeout.retry = -1 (default)
2023-09-07 08:54:06,959 [f4e4783d-3001-46db-b6c9-216b79feec14-groupManagement] INFO  server.RaftServerConfigKeys (ConfUtils.java:logGet(46)) - raft.server.log.write.buffer.size = 1048576 (custom)
2023-09-07 08:54:06,959 [f4e4783d-3001-46db-b6c9-216b79feec14-groupManagement] INFO  server.RaftServerConfigKeys (ConfUtils.java:logGet(46)) - raft.server.log.appender.buffer.byte-limit = 33554432 (custom)
2023-09-07 08:54:06,966 [f4e4783d-3001-46db-b6c9-216b79feec14-groupManagement] INFO  server.RaftServerConfigKeys (ConfUtils.java:logGet(46)) - raft.server.log.unsafe-flush.enabled = false (default)
2023-09-07 08:54:06,966 [f4e4783d-3001-46db-b6c9-216b79feec14-groupManagement] INFO  server.RaftServerConfigKeys (ConfUtils.java:logGet(46)) - raft.server.log.async-flush.enabled = false (default)
2023-09-07 08:54:06,966 [f4e4783d-3001-46db-b6c9-216b79feec14-groupManagement] INFO  server.RaftServerConfigKeys (ConfUtils.java:logGet(46)) - raft.server.log.statemachine.data.caching.enabled = true (custom)
2023-09-07 08:54:06,969 [f4e4783d-3001-46db-b6c9-216b79feec14-groupManagement] INFO  segmented.SegmentedRaftLogWorker (SegmentedRaftLogWorker.java:lambda$new$0(135)) - f4e4783d-3001-46db-b6c9-216b79feec14@group-973B30F96FF3-SegmentedRaftLogWorker: flushIndex: setUnconditionally 0 -> -1
2023-09-07 08:54:06,969 [f4e4783d-3001-46db-b6c9-216b79feec14-groupManagement] INFO  segmented.SegmentedRaftLogWorker (SegmentedRaftLogWorker.java:lambda$new$0(135)) - f4e4783d-3001-46db-b6c9-216b79feec14@group-973B30F96FF3-SegmentedRaftLogWorker: safeCacheEvictIndex: setUnconditionally 0 -> -1
2023-09-07 08:54:06,974 [f4e4783d-3001-46db-b6c9-216b79feec14-groupManagement] INFO  server.RaftServer$Division (RaftServerImpl.java:start(342)) - f4e4783d-3001-46db-b6c9-216b79feec14@group-973B30F96FF3: start as a follower, conf=-1: peers:[f4e4783d-3001-46db-b6c9-216b79feec14|rpc:10.1.0.48:15103|admin:10.1.0.48:15102|client:10.1.0.48:15101|dataStream:10.1.0.48:15104|priority:1|startupRole:FOLLOWER]|listeners:[], old=null
2023-09-07 08:54:06,974 [f4e4783d-3001-46db-b6c9-216b79feec14-groupManagement] INFO  server.RaftServer$Division (RaftServerImpl.java:setRole(329)) - f4e4783d-3001-46db-b6c9-216b79feec14@group-973B30F96FF3: changes role from      null to FOLLOWER at term 0 for startAsFollower
2023-09-07 08:54:06,974 [f4e4783d-3001-46db-b6c9-216b79feec14-groupManagement] INFO  impl.RoleInfo (RoleInfo.java:updateAndGet(139)) - f4e4783d-3001-46db-b6c9-216b79feec14: start f4e4783d-3001-46db-b6c9-216b79feec14@group-973B30F96FF3-FollowerState
2023-09-07 08:54:06,975 [f4e4783d-3001-46db-b6c9-216b79feec14-groupManagement] INFO  util.JmxRegister (JmxRegister.java:tryRegister(44)) - Successfully registered JMX Bean with object name Ratis:service=RaftServer,group=group-973B30F96FF3,id=f4e4783d-3001-46db-b6c9-216b79feec14
2023-09-07 08:54:06,975 [f4e4783d-3001-46db-b6c9-216b79feec14-groupManagement] INFO  server.RaftServerConfigKeys (ConfUtils.java:logGet(46)) - raft.server.snapshot.auto.trigger.enabled = true (custom)
2023-09-07 08:54:06,975 [f4e4783d-3001-46db-b6c9-216b79feec14-groupManagement] INFO  server.RaftServerConfigKeys (ConfUtils.java:logGet(46)) - raft.server.snapshot.auto.trigger.threshold = 10000 (custom)
2023-09-07 08:54:06,975 [f4e4783d-3001-46db-b6c9-216b79feec14-groupManagement] INFO  server.RaftServerConfigKeys (ConfUtils.java:logGet(46)) - raft.server.snapshot.retention.file.num = 5 (custom)
2023-09-07 08:54:06,975 [f4e4783d-3001-46db-b6c9-216b79feec14-groupManagement] INFO  server.RaftServerConfigKeys (ConfUtils.java:logGet(46)) - raft.server.log.purge.upto.snapshot.index = false (default)
2023-09-07 08:54:06,976 [f4e4783d-3001-46db-b6c9-216b79feec14@group-973B30F96FF3-FollowerState] INFO  server.RaftServerConfigKeys (ConfUtils.java:logFallback(53)) - raft.server.rpc.first-election.timeout.min = 5s (fallback to raft.server.rpc.timeout.min)
2023-09-07 08:54:06,976 [f4e4783d-3001-46db-b6c9-216b79feec14@group-973B30F96FF3-FollowerState] INFO  server.RaftServerConfigKeys (ConfUtils.java:logFallback(53)) - raft.server.rpc.first-election.timeout.max = 5200ms (fallback to raft.server.rpc.timeout.max)
2023-09-07 08:54:06,977 [PipelineCommandHandlerThread-0] INFO  ratis.XceiverServerRatis (XceiverServerRatis.java:addGroup(804)) - Created group PipelineID=4295f76a-f4e3-4a41-9b29-973b30f96ff3
2023-09-07 08:54:06,977 [PipelineCommandHandlerThread-0] INFO  commandhandler.CreatePipelineCommandHandler (CreatePipelineCommandHandler.java:lambda$handle$2(124)) - Created Pipeline RATIS ONE PipelineID=4295f76a-f4e3-4a41-9b29-973b30f96ff3.
2023-09-07 08:54:07,937 [main] INFO  ozone.MiniOzoneClusterImpl (MiniOzoneClusterImpl.java:lambda$waitForClusterToBeReady$0(224)) - Nodes are ready. Got 5 of 5 DN Heartbeats.
2023-09-07 08:54:07,937 [main] INFO  ozone.MiniOzoneClusterImpl (MiniOzoneClusterImpl.java:lambda$waitForClusterToBeReady$0(227)) - Waiting for cluster to exit safe mode
2023-09-07 08:54:07,938 [main] INFO  ozone.MiniOzoneClusterImpl (MiniOzoneClusterImpl.java:lambda$waitForClusterToBeReady$0(229)) - SCM became leader
2023-09-07 08:54:08,938 [main] INFO  ozone.MiniOzoneClusterImpl (MiniOzoneClusterImpl.java:lambda$waitForClusterToBeReady$0(224)) - Nodes are ready. Got 5 of 5 DN Heartbeats.
2023-09-07 08:54:08,938 [main] INFO  ozone.MiniOzoneClusterImpl (MiniOzoneClusterImpl.java:lambda$waitForClusterToBeReady$0(227)) - Waiting for cluster to exit safe mode
2023-09-07 08:54:08,938 [main] INFO  ozone.MiniOzoneClusterImpl (MiniOzoneClusterImpl.java:lambda$waitForClusterToBeReady$0(229)) - SCM became leader
2023-09-07 08:54:09,939 [main] INFO  ozone.MiniOzoneClusterImpl (MiniOzoneClusterImpl.java:lambda$waitForClusterToBeReady$0(224)) - Nodes are ready. Got 5 of 5 DN Heartbeats.
2023-09-07 08:54:09,939 [main] INFO  ozone.MiniOzoneClusterImpl (MiniOzoneClusterImpl.java:lambda$waitForClusterToBeReady$0(227)) - Waiting for cluster to exit safe mode
2023-09-07 08:54:09,939 [main] INFO  ozone.MiniOzoneClusterImpl (MiniOzoneClusterImpl.java:lambda$waitForClusterToBeReady$0(229)) - SCM became leader
2023-09-07 08:54:10,647 [631d0543-e884-417b-8085-5eab660cf7c0@group-0A10452DB37D-FollowerState] INFO  impl.FollowerState (FollowerState.java:run(143)) - 631d0543-e884-417b-8085-5eab660cf7c0@group-0A10452DB37D-FollowerState: change to CANDIDATE, lastRpcElapsedTime:5197954331ns, electionTimeout:5196ms
2023-09-07 08:54:10,648 [631d0543-e884-417b-8085-5eab660cf7c0@group-0A10452DB37D-FollowerState] INFO  impl.RoleInfo (RoleInfo.java:shutdownFollowerState(110)) - 631d0543-e884-417b-8085-5eab660cf7c0: shutdown 631d0543-e884-417b-8085-5eab660cf7c0@group-0A10452DB37D-FollowerState
2023-09-07 08:54:10,648 [631d0543-e884-417b-8085-5eab660cf7c0@group-0A10452DB37D-FollowerState] INFO  server.RaftServer$Division (RaftServerImpl.java:setRole(329)) - 631d0543-e884-417b-8085-5eab660cf7c0@group-0A10452DB37D: changes role from  FOLLOWER to CANDIDATE at term 0 for changeToCandidate
2023-09-07 08:54:10,648 [631d0543-e884-417b-8085-5eab660cf7c0@group-0A10452DB37D-FollowerState] INFO  server.RaftServerConfigKeys (ConfUtils.java:logGet(46)) - raft.server.leaderelection.pre-vote = true (default)
2023-09-07 08:54:10,648 [631d0543-e884-417b-8085-5eab660cf7c0@group-0A10452DB37D-FollowerState] INFO  impl.RoleInfo (RoleInfo.java:updateAndGet(139)) - 631d0543-e884-417b-8085-5eab660cf7c0: start 631d0543-e884-417b-8085-5eab660cf7c0@group-0A10452DB37D-LeaderElection11
2023-09-07 08:54:10,655 [631d0543-e884-417b-8085-5eab660cf7c0@group-0A10452DB37D-LeaderElection11] INFO  impl.LeaderElection (LeaderElection.java:askForVotes(321)) - 631d0543-e884-417b-8085-5eab660cf7c0@group-0A10452DB37D-LeaderElection11 PRE_VOTE round 0: submit vote requests at term 0 for -1: peers:[631d0543-e884-417b-8085-5eab660cf7c0|rpc:10.1.0.48:15067|admin:10.1.0.48:15066|client:10.1.0.48:15065|dataStream:10.1.0.48:15068|priority:1|startupRole:FOLLOWER]|listeners:[], old=null
2023-09-07 08:54:10,655 [631d0543-e884-417b-8085-5eab660cf7c0@group-0A10452DB37D-LeaderElection11] INFO  impl.LeaderElection (LeaderElection.java:askForVotes(323)) - 631d0543-e884-417b-8085-5eab660cf7c0@group-0A10452DB37D-LeaderElection11 PRE_VOTE round 0: result PASSED (term=0)
2023-09-07 08:54:10,656 [631d0543-e884-417b-8085-5eab660cf7c0@group-0A10452DB37D-LeaderElection11] INFO  impl.LeaderElection (LeaderElection.java:askForVotes(321)) - 631d0543-e884-417b-8085-5eab660cf7c0@group-0A10452DB37D-LeaderElection11 ELECTION round 0: submit vote requests at term 1 for -1: peers:[631d0543-e884-417b-8085-5eab660cf7c0|rpc:10.1.0.48:15067|admin:10.1.0.48:15066|client:10.1.0.48:15065|dataStream:10.1.0.48:15068|priority:1|startupRole:FOLLOWER]|listeners:[], old=null
2023-09-07 08:54:10,657 [631d0543-e884-417b-8085-5eab660cf7c0@group-0A10452DB37D-LeaderElection11] INFO  impl.LeaderElection (LeaderElection.java:askForVotes(323)) - 631d0543-e884-417b-8085-5eab660cf7c0@group-0A10452DB37D-LeaderElection11 ELECTION round 0: result PASSED (term=1)
2023-09-07 08:54:10,657 [631d0543-e884-417b-8085-5eab660cf7c0@group-0A10452DB37D-LeaderElection11] INFO  impl.RoleInfo (RoleInfo.java:shutdownLeaderElection(130)) - 631d0543-e884-417b-8085-5eab660cf7c0: shutdown 631d0543-e884-417b-8085-5eab660cf7c0@group-0A10452DB37D-LeaderElection11
2023-09-07 08:54:10,657 [631d0543-e884-417b-8085-5eab660cf7c0@group-0A10452DB37D-LeaderElection11] INFO  server.RaftServer$Division (RaftServerImpl.java:setRole(329)) - 631d0543-e884-417b-8085-5eab660cf7c0@group-0A10452DB37D: changes role from CANDIDATE to LEADER at term 1 for changeToLeader
2023-09-07 08:54:10,657 [631d0543-e884-417b-8085-5eab660cf7c0@group-0A10452DB37D-LeaderElection11] INFO  ratis.XceiverServerRatis (XceiverServerRatis.java:handleLeaderChangedNotification(902)) - Leader change notification received for group: group-0A10452DB37D with new leaderId: 631d0543-e884-417b-8085-5eab660cf7c0
2023-09-07 08:54:10,657 [631d0543-e884-417b-8085-5eab660cf7c0@group-0A10452DB37D-LeaderElection11] INFO  server.RaftServer$Division (ServerState.java:setLeader(317)) - 631d0543-e884-417b-8085-5eab660cf7c0@group-0A10452DB37D: change Leader from null to 631d0543-e884-417b-8085-5eab660cf7c0 at term 1 for becomeLeader, leader elected after 5233ms
2023-09-07 08:54:10,657 [631d0543-e884-417b-8085-5eab660cf7c0@group-0A10452DB37D-LeaderElection11] INFO  server.RaftServerConfigKeys (ConfUtils.java:logGet(46)) - raft.server.staging.catchup.gap = 1000 (default)
2023-09-07 08:54:10,657 [631d0543-e884-417b-8085-5eab660cf7c0@group-0A10452DB37D-LeaderElection11] INFO  server.RaftServerConfigKeys (ConfUtils.java:logGet(46)) - raft.server.write.element-limit = 1024 (custom)
2023-09-07 08:54:10,657 [631d0543-e884-417b-8085-5eab660cf7c0@group-0A10452DB37D-LeaderElection11] INFO  server.RaftServerConfigKeys (ConfUtils.java:logGet(46)) - raft.server.write.byte-limit = 1024 M (=1073741824) (custom)
2023-09-07 08:54:10,658 [EventQueue-OpenPipelineForHealthyPipelineSafeModeRule] INFO  safemode.SCMSafeModeManager (HealthyPipelineSafeModeRule.java:process(137)) - SCM in safe mode. Healthy pipelines reported count is 0, required healthy pipeline reported count is 1
2023-09-07 08:54:10,658 [631d0543-e884-417b-8085-5eab660cf7c0@group-0A10452DB37D-LeaderElection11] INFO  server.RaftServerConfigKeys (ConfUtils.java:logGet(46)) - raft.server.watch.timeout = 180s (custom)
2023-09-07 08:54:10,658 [631d0543-e884-417b-8085-5eab660cf7c0@group-0A10452DB37D-LeaderElection11] INFO  server.RaftServerConfigKeys (ConfUtils.java:logGet(46)) - raft.server.watch.timeout.denomination = 1s (default)
2023-09-07 08:54:10,659 [631d0543-e884-417b-8085-5eab660cf7c0@group-0A10452DB37D-LeaderElection11] INFO  server.RaftServerConfigKeys (ConfUtils.java:logGet(46)) - raft.server.watch.element-limit = 65536 (default)
2023-09-07 08:54:10,659 [631d0543-e884-417b-8085-5eab660cf7c0@group-0A10452DB37D-LeaderElection11] INFO  server.RaftServerConfigKeys (ConfUtils.java:logGet(46)) - raft.server.write.element-limit = 1024 (custom)
2023-09-07 08:54:10,659 [631d0543-e884-417b-8085-5eab660cf7c0@group-0A10452DB37D-LeaderElection11] INFO  server.RaftServerConfigKeys (ConfUtils.java:logGet(46)) - raft.server.write.follower.gap.ratio.max = -1.0 (default)
2023-09-07 08:54:10,659 [631d0543-e884-417b-8085-5eab660cf7c0@group-0A10452DB37D-LeaderElection11] INFO  impl.RoleInfo (RoleInfo.java:updateAndGet(139)) - 631d0543-e884-417b-8085-5eab660cf7c0: start 631d0543-e884-417b-8085-5eab660cf7c0@group-0A10452DB37D-LeaderStateImpl
2023-09-07 08:54:10,659 [631d0543-e884-417b-8085-5eab660cf7c0@group-0A10452DB37D-LeaderElection11] INFO  segmented.SegmentedRaftLogWorker (SegmentedRaftLogWorker.java:startLogSegment(447)) - 631d0543-e884-417b-8085-5eab660cf7c0@group-0A10452DB37D-SegmentedRaftLogWorker: Starting segment from index:0
2023-09-07 08:54:10,664 [631d0543-e884-417b-8085-5eab660cf7c0@group-0A10452DB37D-LeaderElection11] INFO  server.RaftServer$Division (ServerState.java:setRaftConf(434)) - 631d0543-e884-417b-8085-5eab660cf7c0@group-0A10452DB37D: set configuration 0: peers:[631d0543-e884-417b-8085-5eab660cf7c0|rpc:10.1.0.48:15067|admin:10.1.0.48:15066|client:10.1.0.48:15065|dataStream:10.1.0.48:15068|priority:1|startupRole:FOLLOWER]|listeners:[], old=null
2023-09-07 08:54:10,664 [631d0543-e884-417b-8085-5eab660cf7c0@group-0A10452DB37D-SegmentedRaftLogWorker] INFO  segmented.SegmentedRaftLogWorker (SegmentedRaftLogWorker.java:execute(651)) - 631d0543-e884-417b-8085-5eab660cf7c0@group-0A10452DB37D-SegmentedRaftLogWorker: created new log segment /home/runner/work/ozone/ozone/hadoop-ozone/integration-test/target/test-dir/MiniOzoneClusterImpl-ca08a916-3927-468c-b731-1edf5636b3eb/datanode-0/data/ratis/032aeb7f-7c2d-4e30-969f-0a10452db37d/current/log_inprogress_0
2023-09-07 08:54:10,760 [631d0543-e884-417b-8085-5eab660cf7c0@group-D902EBFFD29F-FollowerState] INFO  impl.FollowerState (FollowerState.java:run(143)) - 631d0543-e884-417b-8085-5eab660cf7c0@group-D902EBFFD29F-FollowerState: change to CANDIDATE, lastRpcElapsedTime:5192930381ns, electionTimeout:5191ms
2023-09-07 08:54:10,760 [631d0543-e884-417b-8085-5eab660cf7c0@group-D902EBFFD29F-FollowerState] INFO  impl.RoleInfo (RoleInfo.java:shutdownFollowerState(110)) - 631d0543-e884-417b-8085-5eab660cf7c0: shutdown 631d0543-e884-417b-8085-5eab660cf7c0@group-D902EBFFD29F-FollowerState
2023-09-07 08:54:10,760 [631d0543-e884-417b-8085-5eab660cf7c0@group-D902EBFFD29F-FollowerState] INFO  server.RaftServer$Division (RaftServerImpl.java:setRole(329)) - 631d0543-e884-417b-8085-5eab660cf7c0@group-D902EBFFD29F: changes role from  FOLLOWER to CANDIDATE at term 0 for changeToCandidate
2023-09-07 08:54:10,760 [631d0543-e884-417b-8085-5eab660cf7c0@group-D902EBFFD29F-FollowerState] INFO  server.RaftServerConfigKeys (ConfUtils.java:logGet(46)) - raft.server.leaderelection.pre-vote = true (default)
2023-09-07 08:54:10,760 [631d0543-e884-417b-8085-5eab660cf7c0@group-D902EBFFD29F-FollowerState] INFO  impl.RoleInfo (RoleInfo.java:updateAndGet(139)) - 631d0543-e884-417b-8085-5eab660cf7c0: start 631d0543-e884-417b-8085-5eab660cf7c0@group-D902EBFFD29F-LeaderElection12
2023-09-07 08:54:10,765 [631d0543-e884-417b-8085-5eab660cf7c0@group-D902EBFFD29F-LeaderElection12] INFO  impl.LeaderElection (LeaderElection.java:askForVotes(321)) - 631d0543-e884-417b-8085-5eab660cf7c0@group-D902EBFFD29F-LeaderElection12 PRE_VOTE round 0: submit vote requests at term 0 for -1: peers:[d53ff278-24a5-4154-8938-e562e33f1fe4|rpc:10.1.0.48:15085|admin:10.1.0.48:15084|client:10.1.0.48:15083|dataStream:10.1.0.48:15086|priority:0|startupRole:FOLLOWER, 631d0543-e884-417b-8085-5eab660cf7c0|rpc:10.1.0.48:15067|admin:10.1.0.48:15066|client:10.1.0.48:15065|dataStream:10.1.0.48:15068|priority:1|startupRole:FOLLOWER, bb55b568-9515-4c72-9e9b-b757ab502a4b|rpc:10.1.0.48:15076|admin:10.1.0.48:15075|client:10.1.0.48:15074|dataStream:10.1.0.48:15077|priority:0|startupRole:FOLLOWER]|listeners:[], old=null
2023-09-07 08:54:10,766 [631d0543-e884-417b-8085-5eab660cf7c0@group-D902EBFFD29F-LeaderElection12-1] INFO  server.GrpcServerProtocolClient (GrpcServerProtocolClient.java:<init>(65)) - Build channel for d53ff278-24a5-4154-8938-e562e33f1fe4
2023-09-07 08:54:10,766 [631d0543-e884-417b-8085-5eab660cf7c0@group-D902EBFFD29F-LeaderElection12] INFO  server.RaftServerConfigKeys (ConfUtils.java:logFallback(53)) - raft.server.rpc.first-election.timeout.min = 5s (fallback to raft.server.rpc.timeout.min)
2023-09-07 08:54:10,766 [631d0543-e884-417b-8085-5eab660cf7c0@group-D902EBFFD29F-LeaderElection12] INFO  server.RaftServerConfigKeys (ConfUtils.java:logFallback(53)) - raft.server.rpc.first-election.timeout.max = 5200ms (fallback to raft.server.rpc.timeout.max)
2023-09-07 08:54:10,766 [631d0543-e884-417b-8085-5eab660cf7c0@group-D902EBFFD29F-LeaderElection12-2] INFO  server.GrpcServerProtocolClient (GrpcServerProtocolClient.java:<init>(65)) - Build channel for bb55b568-9515-4c72-9e9b-b757ab502a4b
2023-09-07 08:54:10,778 [grpc-default-executor-0] INFO  server.RaftServer$Division (RaftServerImpl.java:requestVote(1302)) - bb55b568-9515-4c72-9e9b-b757ab502a4b@group-D902EBFFD29F: receive requestVote(PRE_VOTE, 631d0543-e884-417b-8085-5eab660cf7c0, group-D902EBFFD29F, 0, (t:0, i:0))
2023-09-07 08:54:10,778 [grpc-default-executor-0] INFO  impl.VoteContext (VoteContext.java:log(49)) - bb55b568-9515-4c72-9e9b-b757ab502a4b@group-D902EBFFD29F-FOLLOWER: accept PRE_VOTE from 631d0543-e884-417b-8085-5eab660cf7c0: our priority 0 <= candidate's priority 1
2023-09-07 08:54:10,779 [grpc-default-executor-0] INFO  server.RaftServer$Division (RaftServerImpl.java:requestVote(1335)) - bb55b568-9515-4c72-9e9b-b757ab502a4b@group-D902EBFFD29F replies to PRE_VOTE vote request: 631d0543-e884-417b-8085-5eab660cf7c0<-bb55b568-9515-4c72-9e9b-b757ab502a4b#0:OK-t0. Peer's state: bb55b568-9515-4c72-9e9b-b757ab502a4b@group-D902EBFFD29F:t0, leader=null, voted=, raftlog=Memoized:bb55b568-9515-4c72-9e9b-b757ab502a4b@group-D902EBFFD29F-SegmentedRaftLog:OPENED:c-1, conf=-1: peers:[d53ff278-24a5-4154-8938-e562e33f1fe4|rpc:10.1.0.48:15085|admin:10.1.0.48:15084|client:10.1.0.48:15083|dataStream:10.1.0.48:15086|priority:0|startupRole:FOLLOWER, 631d0543-e884-417b-8085-5eab660cf7c0|rpc:10.1.0.48:15067|admin:10.1.0.48:15066|client:10.1.0.48:15065|dataStream:10.1.0.48:15068|priority:1|startupRole:FOLLOWER, bb55b568-9515-4c72-9e9b-b757ab502a4b|rpc:10.1.0.48:15076|admin:10.1.0.48:15075|client:10.1.0.48:15074|dataStream:10.1.0.48:15077|priority:0|startupRole:FOLLOWER]|listeners:[], old=null
2023-09-07 08:54:10,780 [631d0543-e884-417b-8085-5eab660cf7c0@group-D902EBFFD29F-LeaderElection12] INFO  impl.LeaderElection (LeaderElection.java:logAndReturn(90)) - 631d0543-e884-417b-8085-5eab660cf7c0@group-D902EBFFD29F-LeaderElection12: PRE_VOTE PASSED received 1 response(s) and 0 exception(s):
2023-09-07 08:54:10,780 [631d0543-e884-417b-8085-5eab660cf7c0@group-D902EBFFD29F-LeaderElection12] INFO  impl.LeaderElection (LeaderElection.java:logAndReturn(94)) -   Response 0: 631d0543-e884-417b-8085-5eab660cf7c0<-bb55b568-9515-4c72-9e9b-b757ab502a4b#0:OK-t0
2023-09-07 08:54:10,780 [631d0543-e884-417b-8085-5eab660cf7c0@group-D902EBFFD29F-LeaderElection12] INFO  impl.LeaderElection (LeaderElection.java:askForVotes(323)) - 631d0543-e884-417b-8085-5eab660cf7c0@group-D902EBFFD29F-LeaderElection12 PRE_VOTE round 0: result PASSED
2023-09-07 08:54:10,782 [631d0543-e884-417b-8085-5eab660cf7c0@group-D902EBFFD29F-LeaderElection12] INFO  impl.LeaderElection (LeaderElection.java:askForVotes(321)) - 631d0543-e884-417b-8085-5eab660cf7c0@group-D902EBFFD29F-LeaderElection12 ELECTION round 0: submit vote requests at term 1 for -1: peers:[d53ff278-24a5-4154-8938-e562e33f1fe4|rpc:10.1.0.48:15085|admin:10.1.0.48:15084|client:10.1.0.48:15083|dataStream:10.1.0.48:15086|priority:0|startupRole:FOLLOWER, 631d0543-e884-417b-8085-5eab660cf7c0|rpc:10.1.0.48:15067|admin:10.1.0.48:15066|client:10.1.0.48:15065|dataStream:10.1.0.48:15068|priority:1|startupRole:FOLLOWER, bb55b568-9515-4c72-9e9b-b757ab502a4b|rpc:10.1.0.48:15076|admin:10.1.0.48:15075|client:10.1.0.48:15074|dataStream:10.1.0.48:15077|priority:0|startupRole:FOLLOWER]|listeners:[], old=null
2023-09-07 08:54:10,783 [grpc-default-executor-0] INFO  server.RaftServer$Division (RaftServerImpl.java:requestVote(1302)) - d53ff278-24a5-4154-8938-e562e33f1fe4@group-D902EBFFD29F: receive requestVote(PRE_VOTE, 631d0543-e884-417b-8085-5eab660cf7c0, group-D902EBFFD29F, 0, (t:0, i:0))
2023-09-07 08:54:10,783 [grpc-default-executor-0] INFO  impl.VoteContext (VoteContext.java:log(49)) - d53ff278-24a5-4154-8938-e562e33f1fe4@group-D902EBFFD29F-FOLLOWER: accept PRE_VOTE from 631d0543-e884-417b-8085-5eab660cf7c0: our priority 0 <= candidate's priority 1
2023-09-07 08:54:10,783 [grpc-default-executor-0] INFO  server.RaftServer$Division (RaftServerImpl.java:requestVote(1335)) - d53ff278-24a5-4154-8938-e562e33f1fe4@group-D902EBFFD29F replies to PRE_VOTE vote request: 631d0543-e884-417b-8085-5eab660cf7c0<-d53ff278-24a5-4154-8938-e562e33f1fe4#0:OK-t0. Peer's state: d53ff278-24a5-4154-8938-e562e33f1fe4@group-D902EBFFD29F:t0, leader=null, voted=, raftlog=Memoized:d53ff278-24a5-4154-8938-e562e33f1fe4@group-D902EBFFD29F-SegmentedRaftLog:OPENED:c-1, conf=-1: peers:[d53ff278-24a5-4154-8938-e562e33f1fe4|rpc:10.1.0.48:15085|admin:10.1.0.48:15084|client:10.1.0.48:15083|dataStream:10.1.0.48:15086|priority:0|startupRole:FOLLOWER, 631d0543-e884-417b-8085-5eab660cf7c0|rpc:10.1.0.48:15067|admin:10.1.0.48:15066|client:10.1.0.48:15065|dataStream:10.1.0.48:15068|priority:1|startupRole:FOLLOWER, bb55b568-9515-4c72-9e9b-b757ab502a4b|rpc:10.1.0.48:15076|admin:10.1.0.48:15075|client:10.1.0.48:15074|dataStream:10.1.0.48:15077|priority:0|startupRole:FOLLOWER]|listeners:[], old=null
2023-09-07 08:54:10,786 [631d0543-e884-417b-8085-5eab660cf7c0@group-D902EBFFD29F-LeaderElection12] INFO  server.RaftServerConfigKeys (ConfUtils.java:logFallback(53)) - raft.server.rpc.first-election.timeout.min = 5s (fallback to raft.server.rpc.timeout.min)
2023-09-07 08:54:10,786 [631d0543-e884-417b-8085-5eab660cf7c0@group-D902EBFFD29F-LeaderElection12] INFO  server.RaftServerConfigKeys (ConfUtils.java:logFallback(53)) - raft.server.rpc.first-election.timeout.max = 5200ms (fallback to raft.server.rpc.timeout.max)
2023-09-07 08:54:10,793 [grpc-default-executor-0] INFO  server.RaftServer$Division (RaftServerImpl.java:requestVote(1302)) - d53ff278-24a5-4154-8938-e562e33f1fe4@group-D902EBFFD29F: receive requestVote(ELECTION, 631d0543-e884-417b-8085-5eab660cf7c0, group-D902EBFFD29F, 1, (t:0, i:0))
2023-09-07 08:54:10,793 [grpc-default-executor-0] INFO  impl.VoteContext (VoteContext.java:log(49)) - d53ff278-24a5-4154-8938-e562e33f1fe4@group-D902EBFFD29F-FOLLOWER: accept ELECTION from 631d0543-e884-417b-8085-5eab660cf7c0: our priority 0 <= candidate's priority 1
2023-09-07 08:54:10,793 [grpc-default-executor-0] INFO  server.RaftServer$Division (RaftServerImpl.java:setRole(329)) - d53ff278-24a5-4154-8938-e562e33f1fe4@group-D902EBFFD29F: changes role from  FOLLOWER to FOLLOWER at term 1 for candidate:631d0543-e884-417b-8085-5eab660cf7c0
2023-09-07 08:54:10,793 [grpc-default-executor-0] INFO  impl.RoleInfo (RoleInfo.java:shutdownFollowerState(110)) - d53ff278-24a5-4154-8938-e562e33f1fe4: shutdown d53ff278-24a5-4154-8938-e562e33f1fe4@group-D902EBFFD29F-FollowerState
2023-09-07 08:54:10,793 [grpc-default-executor-0] INFO  impl.RoleInfo (RoleInfo.java:updateAndGet(139)) - d53ff278-24a5-4154-8938-e562e33f1fe4: start d53ff278-24a5-4154-8938-e562e33f1fe4@group-D902EBFFD29F-FollowerState
2023-09-07 08:54:10,794 [d53ff278-24a5-4154-8938-e562e33f1fe4@group-D902EBFFD29F-FollowerState] INFO  impl.FollowerState (FollowerState.java:run(152)) - d53ff278-24a5-4154-8938-e562e33f1fe4@group-D902EBFFD29F-FollowerState was interrupted
2023-09-07 08:54:10,798 [grpc-default-executor-1] INFO  server.RaftServer$Division (RaftServerImpl.java:requestVote(1302)) - bb55b568-9515-4c72-9e9b-b757ab502a4b@group-D902EBFFD29F: receive requestVote(ELECTION, 631d0543-e884-417b-8085-5eab660cf7c0, group-D902EBFFD29F, 1, (t:0, i:0))
2023-09-07 08:54:10,799 [grpc-default-executor-1] INFO  impl.VoteContext (VoteContext.java:log(49)) - bb55b568-9515-4c72-9e9b-b757ab502a4b@group-D902EBFFD29F-FOLLOWER: accept ELECTION from 631d0543-e884-417b-8085-5eab660cf7c0: our priority 0 <= candidate's priority 1
2023-09-07 08:54:10,799 [grpc-default-executor-1] INFO  server.RaftServer$Division (RaftServerImpl.java:setRole(329)) - bb55b568-9515-4c72-9e9b-b757ab502a4b@group-D902EBFFD29F: changes role from  FOLLOWER to FOLLOWER at term 1 for candidate:631d0543-e884-417b-8085-5eab660cf7c0
2023-09-07 08:54:10,799 [grpc-default-executor-1] INFO  impl.RoleInfo (RoleInfo.java:shutdownFollowerState(110)) - bb55b568-9515-4c72-9e9b-b757ab502a4b: shutdown bb55b568-9515-4c72-9e9b-b757ab502a4b@group-D902EBFFD29F-FollowerState
2023-09-07 08:54:10,799 [grpc-default-executor-1] INFO  impl.RoleInfo (RoleInfo.java:updateAndGet(139)) - bb55b568-9515-4c72-9e9b-b757ab502a4b: start bb55b568-9515-4c72-9e9b-b757ab502a4b@group-D902EBFFD29F-FollowerState
2023-09-07 08:54:10,799 [bb55b568-9515-4c72-9e9b-b757ab502a4b@group-D902EBFFD29F-FollowerState] INFO  impl.FollowerState (FollowerState.java:run(152)) - bb55b568-9515-4c72-9e9b-b757ab502a4b@group-D902EBFFD29F-FollowerState was interrupted
2023-09-07 08:54:10,800 [grpc-default-executor-0] INFO  server.RaftServer$Division (RaftServerImpl.java:requestVote(1335)) - d53ff278-24a5-4154-8938-e562e33f1fe4@group-D902EBFFD29F replies to ELECTION vote request: 631d0543-e884-417b-8085-5eab660cf7c0<-d53ff278-24a5-4154-8938-e562e33f1fe4#0:OK-t1. Peer's state: d53ff278-24a5-4154-8938-e562e33f1fe4@group-D902EBFFD29F:t1, leader=null, voted=631d0543-e884-417b-8085-5eab660cf7c0, raftlog=Memoized:d53ff278-24a5-4154-8938-e562e33f1fe4@group-D902EBFFD29F-SegmentedRaftLog:OPENED:c-1, conf=-1: peers:[d53ff278-24a5-4154-8938-e562e33f1fe4|rpc:10.1.0.48:15085|admin:10.1.0.48:15084|client:10.1.0.48:15083|dataStream:10.1.0.48:15086|priority:0|startupRole:FOLLOWER, 631d0543-e884-417b-8085-5eab660cf7c0|rpc:10.1.0.48:15067|admin:10.1.0.48:15066|client:10.1.0.48:15065|dataStream:10.1.0.48:15068|priority:1|startupRole:FOLLOWER, bb55b568-9515-4c72-9e9b-b757ab502a4b|rpc:10.1.0.48:15076|admin:10.1.0.48:15075|client:10.1.0.48:15074|dataStream:10.1.0.48:15077|priority:0|startupRole:FOLLOWER]|listeners:[], old=null
2023-09-07 08:54:10,801 [grpc-default-executor-1] INFO  server.RaftServer$Division (RaftServerImpl.java:requestVote(1335)) - bb55b568-9515-4c72-9e9b-b757ab502a4b@group-D902EBFFD29F replies to ELECTION vote request: 631d0543-e884-417b-8085-5eab660cf7c0<-bb55b568-9515-4c72-9e9b-b757ab502a4b#0:OK-t1. Peer's state: bb55b568-9515-4c72-9e9b-b757ab502a4b@group-D902EBFFD29F:t1, leader=null, voted=631d0543-e884-417b-8085-5eab660cf7c0, raftlog=Memoized:bb55b568-9515-4c72-9e9b-b757ab502a4b@group-D902EBFFD29F-SegmentedRaftLog:OPENED:c-1, conf=-1: peers:[d53ff278-24a5-4154-8938-e562e33f1fe4|rpc:10.1.0.48:15085|admin:10.1.0.48:15084|client:10.1.0.48:15083|dataStream:10.1.0.48:15086|priority:0|startupRole:FOLLOWER, 631d0543-e884-417b-8085-5eab660cf7c0|rpc:10.1.0.48:15067|admin:10.1.0.48:15066|client:10.1.0.48:15065|dataStream:10.1.0.48:15068|priority:1|startupRole:FOLLOWER, bb55b568-9515-4c72-9e9b-b757ab502a4b|rpc:10.1.0.48:15076|admin:10.1.0.48:15075|client:10.1.0.48:15074|dataStream:10.1.0.48:15077|priority:0|startupRole:FOLLOWER]|listeners:[], old=null
2023-09-07 08:54:10,802 [631d0543-e884-417b-8085-5eab660cf7c0@group-D902EBFFD29F-LeaderElection12] INFO  impl.LeaderElection (LeaderElection.java:logAndReturn(90)) - 631d0543-e884-417b-8085-5eab660cf7c0@group-D902EBFFD29F-LeaderElection12: ELECTION PASSED received 1 response(s) and 0 exception(s):
2023-09-07 08:54:10,802 [631d0543-e884-417b-8085-5eab660cf7c0@group-D902EBFFD29F-LeaderElection12] INFO  impl.LeaderElection (LeaderElection.java:logAndReturn(94)) -   Response 0: 631d0543-e884-417b-8085-5eab660cf7c0<-d53ff278-24a5-4154-8938-e562e33f1fe4#0:OK-t1
2023-09-07 08:54:10,802 [631d0543-e884-417b-8085-5eab660cf7c0@group-D902EBFFD29F-LeaderElection12] INFO  impl.LeaderElection (LeaderElection.java:askForVotes(323)) - 631d0543-e884-417b-8085-5eab660cf7c0@group-D902EBFFD29F-LeaderElection12 ELECTION round 0: result PASSED
2023-09-07 08:54:10,802 [631d0543-e884-417b-8085-5eab660cf7c0@group-D902EBFFD29F-LeaderElection12] INFO  impl.RoleInfo (RoleInfo.java:shutdownLeaderElection(130)) - 631d0543-e884-417b-8085-5eab660cf7c0: shutdown 631d0543-e884-417b-8085-5eab660cf7c0@group-D902EBFFD29F-LeaderElection12
2023-09-07 08:54:10,802 [631d0543-e884-417b-8085-5eab660cf7c0@group-D902EBFFD29F-LeaderElection12] INFO  server.RaftServer$Division (RaftServerImpl.java:setRole(329)) - 631d0543-e884-417b-8085-5eab660cf7c0@group-D902EBFFD29F: changes role from CANDIDATE to LEADER at term 1 for changeToLeader
2023-09-07 08:54:10,802 [631d0543-e884-417b-8085-5eab660cf7c0@group-D902EBFFD29F-LeaderElection12] INFO  ratis.XceiverServerRatis (XceiverServerRatis.java:handleLeaderChangedNotification(902)) - Leader change notification received for group: group-D902EBFFD29F with new leaderId: 631d0543-e884-417b-8085-5eab660cf7c0
2023-09-07 08:54:10,802 [631d0543-e884-417b-8085-5eab660cf7c0@group-D902EBFFD29F-LeaderElection12] INFO  server.RaftServer$Division (ServerState.java:setLeader(317)) - 631d0543-e884-417b-8085-5eab660cf7c0@group-D902EBFFD29F: change Leader from null to 631d0543-e884-417b-8085-5eab660cf7c0 at term 1 for becomeLeader, leader elected after 5347ms
2023-09-07 08:54:10,802 [631d0543-e884-417b-8085-5eab660cf7c0@group-D902EBFFD29F-LeaderElection12] INFO  server.RaftServerConfigKeys (ConfUtils.java:logGet(46)) - raft.server.staging.catchup.gap = 1000 (default)
2023-09-07 08:54:10,803 [631d0543-e884-417b-8085-5eab660cf7c0@group-D902EBFFD29F-LeaderElection12] INFO  server.RaftServerConfigKeys (ConfUtils.java:logGet(46)) - raft.server.write.element-limit = 1024 (custom)
2023-09-07 08:54:10,803 [631d0543-e884-417b-8085-5eab660cf7c0@group-D902EBFFD29F-LeaderElection12] INFO  server.RaftServerConfigKeys (ConfUtils.java:logGet(46)) - raft.server.write.byte-limit = 1024 M (=1073741824) (custom)
2023-09-07 08:54:10,803 [631d0543-e884-417b-8085-5eab660cf7c0@group-D902EBFFD29F-LeaderElection12] INFO  server.RaftServerConfigKeys (ConfUtils.java:logGet(46)) - raft.server.watch.timeout = 180s (custom)
2023-09-07 08:54:10,803 [631d0543-e884-417b-8085-5eab660cf7c0@group-D902EBFFD29F-LeaderElection12] INFO  server.RaftServerConfigKeys (ConfUtils.java:logGet(46)) - raft.server.watch.timeout.denomination = 1s (default)
2023-09-07 08:54:10,803 [631d0543-e884-417b-8085-5eab660cf7c0@group-D902EBFFD29F-LeaderElection12] INFO  server.RaftServerConfigKeys (ConfUtils.java:logGet(46)) - raft.server.watch.element-limit = 65536 (default)
2023-09-07 08:54:10,803 [631d0543-e884-417b-8085-5eab660cf7c0@group-D902EBFFD29F-LeaderElection12] INFO  server.RaftServerConfigKeys (ConfUtils.java:logGet(46)) - raft.server.write.element-limit = 1024 (custom)
2023-09-07 08:54:10,803 [631d0543-e884-417b-8085-5eab660cf7c0@group-D902EBFFD29F-LeaderElection12] INFO  server.RaftServerConfigKeys (ConfUtils.java:logGet(46)) - raft.server.write.follower.gap.ratio.max = -1.0 (default)
2023-09-07 08:54:10,804 [631d0543-e884-417b-8085-5eab660cf7c0@group-D902EBFFD29F-LeaderElection12] INFO  server.RaftServerConfigKeys (ConfUtils.java:logGet(46)) - raft.server.log.appender.snapshot.chunk.size.max = 16MB (=16777216) (default)
2023-09-07 08:54:10,804 [631d0543-e884-417b-8085-5eab660cf7c0@group-D902EBFFD29F-LeaderElection12] INFO  server.RaftServerConfigKeys (ConfUtils.java:logGet(46)) - raft.server.log.appender.buffer.byte-limit = 33554432 (custom)
2023-09-07 08:54:10,804 [631d0543-e884-417b-8085-5eab660cf7c0@group-D902EBFFD29F-LeaderElection12] INFO  server.RaftServerConfigKeys (ConfUtils.java:logGet(46)) - raft.server.log.appender.buffer.element-limit = 1 (custom)
2023-09-07 08:54:10,804 [631d0543-e884-417b-8085-5eab660cf7c0@group-D902EBFFD29F-LeaderElection12] INFO  server.RaftServerConfigKeys (ConfUtils.java:logGet(46)) - raft.server.log.appender.wait-time.min = 10ms (default)
2023-09-07 08:54:10,804 [631d0543-e884-417b-8085-5eab660cf7c0@group-D902EBFFD29F-LeaderElection12] INFO  grpc.GrpcConfigKeys (ConfUtils.java:logGet(46)) - raft.grpc.server.leader.outstanding.appends.max = 128 (default)
2023-09-07 08:54:10,804 [631d0543-e884-417b-8085-5eab660cf7c0@group-D902EBFFD29F-LeaderElection12] INFO  server.RaftServerConfigKeys (ConfUtils.java:logGet(46)) - raft.server.rpc.request.timeout = 60s (custom)
2023-09-07 08:54:10,804 [631d0543-e884-417b-8085-5eab660cf7c0@group-D902EBFFD29F-LeaderElection12] INFO  grpc.GrpcConfigKeys (ConfUtils.java:logGet(46)) - raft.grpc.server.install_snapshot.request.element-limit = 8 (default)
2023-09-07 08:54:10,804 [631d0543-e884-417b-8085-5eab660cf7c0@group-D902EBFFD29F-LeaderElection12] INFO  grpc.GrpcConfigKeys (ConfUtils.java:logGet(46)) - raft.grpc.server.install_snapshot.request.timeout = 3000ms (default)
2023-09-07 08:54:10,805 [631d0543-e884-417b-8085-5eab660cf7c0@group-D902EBFFD29F-LeaderElection12] INFO  server.RaftServerConfigKeys (ConfUtils.java:logGet(46)) - raft.server.log.appender.install.snapshot.enabled = false (custom)
2023-09-07 08:54:10,805 [631d0543-e884-417b-8085-5eab660cf7c0@group-D902EBFFD29F-LeaderElection12] INFO  grpc.GrpcConfigKeys (ConfUtils.java:logGet(46)) - raft.grpc.server.heartbeat.channel = true (default)
2023-09-07 08:54:10,813 [631d0543-e884-417b-8085-5eab660cf7c0@group-D902EBFFD29F-LeaderElection12] INFO  server.RaftServerConfigKeys (ConfUtils.java:logGet(46)) - raft.server.log.appender.snapshot.chunk.size.max = 16MB (=16777216) (default)
2023-09-07 08:54:10,813 [631d0543-e884-417b-8085-5eab660cf7c0@group-D902EBFFD29F-LeaderElection12] INFO  server.RaftServerConfigKeys (ConfUtils.java:logGet(46)) - raft.server.log.appender.buffer.byte-limit = 33554432 (custom)
2023-09-07 08:54:10,813 [631d0543-e884-417b-8085-5eab660cf7c0@group-D902EBFFD29F-LeaderElection12] INFO  server.RaftServerConfigKeys (ConfUtils.java:logGet(46)) - raft.server.log.appender.buffer.element-limit = 1 (custom)
2023-09-07 08:54:10,814 [631d0543-e884-417b-8085-5eab660cf7c0@group-D902EBFFD29F-LeaderElection12] INFO  server.RaftServerConfigKeys (ConfUtils.java:logGet(46)) - raft.server.log.appender.wait-time.min = 10ms (default)
2023-09-07 08:54:10,814 [631d0543-e884-417b-8085-5eab660cf7c0@group-D902EBFFD29F-LeaderElection12] INFO  grpc.GrpcConfigKeys (ConfUtils.java:logGet(46)) - raft.grpc.server.leader.outstanding.appends.max = 128 (default)
2023-09-07 08:54:10,814 [631d0543-e884-417b-8085-5eab660cf7c0@group-D902EBFFD29F-LeaderElection12] INFO  server.RaftServerConfigKeys (ConfUtils.java:logGet(46)) - raft.server.rpc.request.timeout = 60s (custom)
2023-09-07 08:54:10,814 [631d0543-e884-417b-8085-5eab660cf7c0@group-D902EBFFD29F-LeaderElection12] INFO  grpc.GrpcConfigKeys (ConfUtils.java:logGet(46)) - raft.grpc.server.install_snapshot.request.element-limit = 8 (default)
2023-09-07 08:54:10,814 [631d0543-e884-417b-8085-5eab660cf7c0@group-D902EBFFD29F-LeaderElection12] INFO  grpc.GrpcConfigKeys (ConfUtils.java:logGet(46)) - raft.grpc.server.install_snapshot.request.timeout = 3000ms (default)
2023-09-07 08:54:10,814 [631d0543-e884-417b-8085-5eab660cf7c0@group-D902EBFFD29F-LeaderElection12] INFO  server.RaftServerConfigKeys (ConfUtils.java:logGet(46)) - raft.server.log.appender.install.snapshot.enabled = false (custom)
2023-09-07 08:54:10,814 [631d0543-e884-417b-8085-5eab660cf7c0@group-D902EBFFD29F-LeaderElection12] INFO  grpc.GrpcConfigKeys (ConfUtils.java:logGet(46)) - raft.grpc.server.heartbeat.channel = true (default)
2023-09-07 08:54:10,814 [631d0543-e884-417b-8085-5eab660cf7c0@group-D902EBFFD29F-LeaderElection12] INFO  impl.RoleInfo (RoleInfo.java:updateAndGet(139)) - 631d0543-e884-417b-8085-5eab660cf7c0: start 631d0543-e884-417b-8085-5eab660cf7c0@group-D902EBFFD29F-LeaderStateImpl
2023-09-07 08:54:10,815 [631d0543-e884-417b-8085-5eab660cf7c0@group-D902EBFFD29F-LeaderElection12] INFO  segmented.SegmentedRaftLogWorker (SegmentedRaftLogWorker.java:startLogSegment(447)) - 631d0543-e884-417b-8085-5eab660cf7c0@group-D902EBFFD29F-SegmentedRaftLogWorker: Starting segment from index:0
2023-09-07 08:54:10,815 [EventQueue-PipelineReportForPipelineReportHandler] INFO  pipeline.PipelineReportHandler (PipelineReportHandler.java:processPipelineReport(136)) - Opened pipeline PipelineID=5ba4d63c-8cdd-4639-bc3a-d902ebffd29f
2023-09-07 08:54:10,815 [EventQueue-OpenPipelineForHealthyPipelineSafeModeRule] INFO  safemode.SCMSafeModeManager (HealthyPipelineSafeModeRule.java:process(137)) - SCM in safe mode. Healthy pipelines reported count is 1, required healthy pipeline reported count is 1
2023-09-07 08:54:10,815 [EventQueue-OpenPipelineForHealthyPipelineSafeModeRule] INFO  safemode.SCMSafeModeManager (SCMSafeModeManager.java:validateSafeModeExitRules(200)) - HealthyPipelineSafeModeRule rule is successfully validated
2023-09-07 08:54:10,815 [EventQueue-OpenPipelineForHealthyPipelineSafeModeRule] INFO  safemode.SCMSafeModeManager (SCMSafeModeManager.java:validateSafeModeExitRules(215)) - ScmSafeModeManager, all rules are successfully validated
2023-09-07 08:54:10,816 [EventQueue-OpenPipelineForHealthyPipelineSafeModeRule] INFO  safemode.SCMSafeModeManager (SCMSafeModeManager.java:exitSafeMode(244)) - SCM exiting safe mode.
2023-09-07 08:54:10,816 [EventQueue-OpenPipelineForHealthyPipelineSafeModeRule] INFO  ha.SCMContext (SCMContext.java:updateSafeModeStatus(228)) - Update SafeModeStatus from SafeModeStatus{safeModeStatus=true, preCheckPassed=true} to SafeModeStatus{safeModeStatus=false, preCheckPassed=true}.
2023-09-07 08:54:10,816 [EventQueue-OpenPipelineForHealthyPipelineSafeModeRule] INFO  pipeline.BackgroundPipelineCreator (BackgroundPipelineCreator.java:notifyStatusChanged(255)) - Service BackgroundPipelineCreator transitions to RUNNING.
2023-09-07 08:54:10,816 [EventQueue-OpenPipelineForHealthyPipelineSafeModeRule] INFO  BackgroundPipelineScrubber (BackgroundSCMService.java:notifyStatusChanged(82)) - Service BackgroundPipelineScrubber transitions to RUNNING.
2023-09-07 08:54:10,816 [EventQueue-OpenPipelineForHealthyPipelineSafeModeRule] INFO  ExpiredContainerReplicaOpScrubber (BackgroundSCMService.java:notifyStatusChanged(82)) - Service ExpiredContainerReplicaOpScrubber transitions to RUNNING.
2023-09-07 08:54:10,816 [EventQueue-OpenPipelineForHealthyPipelineSafeModeRule] INFO  replication.ReplicationManager (ReplicationManager.java:notifyStatusChanged(1370)) - Service ReplicationManager transitions to RUNNING.
2023-09-07 08:54:10,817 [631d0543-e884-417b-8085-5eab660cf7c0@group-D902EBFFD29F-SegmentedRaftLogWorker] INFO  segmented.SegmentedRaftLogWorker (SegmentedRaftLogWorker.java:execute(651)) - 631d0543-e884-417b-8085-5eab660cf7c0@group-D902EBFFD29F-SegmentedRaftLogWorker: created new log segment /home/runner/work/ozone/ozone/hadoop-ozone/integration-test/target/test-dir/MiniOzoneClusterImpl-ca08a916-3927-468c-b731-1edf5636b3eb/datanode-0/data/ratis/5ba4d63c-8cdd-4639-bc3a-d902ebffd29f/current/log_inprogress_0
2023-09-07 08:54:10,816 [EventQueue-OpenPipelineForHealthyPipelineSafeModeRule] WARN  balancer.ContainerBalancer (ContainerBalancer.java:shouldRun(134)) - Could not find persisted configuration for ContainerBalancer when checking if ContainerBalancer should run. ContainerBalancer should not run now.
2023-09-07 08:54:10,832 [631d0543-e884-417b-8085-5eab660cf7c0@group-D902EBFFD29F-LeaderElection12] INFO  server.RaftServer$Division (ServerState.java:setRaftConf(434)) - 631d0543-e884-417b-8085-5eab660cf7c0@group-D902EBFFD29F: set configuration 0: peers:[d53ff278-24a5-4154-8938-e562e33f1fe4|rpc:10.1.0.48:15085|admin:10.1.0.48:15084|client:10.1.0.48:15083|dataStream:10.1.0.48:15086|priority:0|startupRole:FOLLOWER, 631d0543-e884-417b-8085-5eab660cf7c0|rpc:10.1.0.48:15067|admin:10.1.0.48:15066|client:10.1.0.48:15065|dataStream:10.1.0.48:15068|priority:1|startupRole:FOLLOWER, bb55b568-9515-4c72-9e9b-b757ab502a4b|rpc:10.1.0.48:15076|admin:10.1.0.48:15075|client:10.1.0.48:15074|dataStream:10.1.0.48:15077|priority:0|startupRole:FOLLOWER]|listeners:[], old=null
2023-09-07 08:54:10,856 [bb55b568-9515-4c72-9e9b-b757ab502a4b-server-thread1] INFO  ratis.XceiverServerRatis (XceiverServerRatis.java:handleLeaderChangedNotification(902)) - Leader change notification received for group: group-D902EBFFD29F with new leaderId: 631d0543-e884-417b-8085-5eab660cf7c0
2023-09-07 08:54:10,856 [bb55b568-9515-4c72-9e9b-b757ab502a4b-server-thread1] INFO  server.RaftServer$Division (ServerState.java:setLeader(317)) - bb55b568-9515-4c72-9e9b-b757ab502a4b@group-D902EBFFD29F: change Leader from null to 631d0543-e884-417b-8085-5eab660cf7c0 at term 1 for appendEntries, leader elected after 5172ms
2023-09-07 08:54:10,867 [d53ff278-24a5-4154-8938-e562e33f1fe4-server-thread1] INFO  ratis.XceiverServerRatis (XceiverServerRatis.java:handleLeaderChangedNotification(902)) - Leader change notification received for group: group-D902EBFFD29F with new leaderId: 631d0543-e884-417b-8085-5eab660cf7c0
2023-09-07 08:54:10,867 [d53ff278-24a5-4154-8938-e562e33f1fe4-server-thread1] INFO  server.RaftServer$Division (ServerState.java:setLeader(317)) - d53ff278-24a5-4154-8938-e562e33f1fe4@group-D902EBFFD29F: change Leader from null to 631d0543-e884-417b-8085-5eab660cf7c0 at term 1 for appendEntries, leader elected after 5258ms
2023-09-07 08:54:10,868 [bb55b568-9515-4c72-9e9b-b757ab502a4b@group-76C51690F0F5-FollowerState] INFO  impl.FollowerState (FollowerState.java:run(143)) - bb55b568-9515-4c72-9e9b-b757ab502a4b@group-76C51690F0F5-FollowerState: change to CANDIDATE, lastRpcElapsedTime:5041872089ns, electionTimeout:5040ms
2023-09-07 08:54:10,868 [bb55b568-9515-4c72-9e9b-b757ab502a4b@group-76C51690F0F5-FollowerState] INFO  impl.RoleInfo (RoleInfo.java:shutdownFollowerState(110)) - bb55b568-9515-4c72-9e9b-b757ab502a4b: shutdown bb55b568-9515-4c72-9e9b-b757ab502a4b@group-76C51690F0F5-FollowerState
2023-09-07 08:54:10,868 [bb55b568-9515-4c72-9e9b-b757ab502a4b@group-76C51690F0F5-FollowerState] INFO  server.RaftServer$Division (RaftServerImpl.java:setRole(329)) - bb55b568-9515-4c72-9e9b-b757ab502a4b@group-76C51690F0F5: changes role from  FOLLOWER to CANDIDATE at term 0 for changeToCandidate
2023-09-07 08:54:10,872 [bb55b568-9515-4c72-9e9b-b757ab502a4b@group-76C51690F0F5-FollowerState] INFO  server.RaftServerConfigKeys (ConfUtils.java:logGet(46)) - raft.server.leaderelection.pre-vote = true (default)
2023-09-07 08:54:10,872 [bb55b568-9515-4c72-9e9b-b757ab502a4b@group-76C51690F0F5-FollowerState] INFO  impl.RoleInfo (RoleInfo.java:updateAndGet(139)) - bb55b568-9515-4c72-9e9b-b757ab502a4b: start bb55b568-9515-4c72-9e9b-b757ab502a4b@group-76C51690F0F5-LeaderElection13
2023-09-07 08:54:10,874 [bb55b568-9515-4c72-9e9b-b757ab502a4b-server-thread2] INFO  server.RaftServer$Division (ServerState.java:setRaftConf(434)) - bb55b568-9515-4c72-9e9b-b757ab502a4b@group-D902EBFFD29F: set configuration 0: peers:[d53ff278-24a5-4154-8938-e562e33f1fe4|rpc:10.1.0.48:15085|admin:10.1.0.48:15084|client:10.1.0.48:15083|dataStream:10.1.0.48:15086|priority:0|startupRole:FOLLOWER, 631d0543-e884-417b-8085-5eab660cf7c0|rpc:10.1.0.48:15067|admin:10.1.0.48:15066|client:10.1.0.48:15065|dataStream:10.1.0.48:15068|priority:1|startupRole:FOLLOWER, bb55b568-9515-4c72-9e9b-b757ab502a4b|rpc:10.1.0.48:15076|admin:10.1.0.48:15075|client:10.1.0.48:15074|dataStream:10.1.0.48:15077|priority:0|startupRole:FOLLOWER]|listeners:[], old=null
2023-09-07 08:54:10,875 [bb55b568-9515-4c72-9e9b-b757ab502a4b-server-thread2] INFO  segmented.SegmentedRaftLogWorker (SegmentedRaftLogWorker.java:startLogSegment(447)) - bb55b568-9515-4c72-9e9b-b757ab502a4b@group-D902EBFFD29F-SegmentedRaftLogWorker: Starting segment from index:0
2023-09-07 08:54:10,876 [d53ff278-24a5-4154-8938-e562e33f1fe4-server-thread2] INFO  server.RaftServer$Division (ServerState.java:setRaftConf(434)) - d53ff278-24a5-4154-8938-e562e33f1fe4@group-D902EBFFD29F: set configuration 0: peers:[d53ff278-24a5-4154-8938-e562e33f1fe4|rpc:10.1.0.48:15085|admin:10.1.0.48:15084|client:10.1.0.48:15083|dataStream:10.1.0.48:15086|priority:0|startupRole:FOLLOWER, 631d0543-e884-417b-8085-5eab660cf7c0|rpc:10.1.0.48:15067|admin:10.1.0.48:15066|client:10.1.0.48:15065|dataStream:10.1.0.48:15068|priority:1|startupRole:FOLLOWER, bb55b568-9515-4c72-9e9b-b757ab502a4b|rpc:10.1.0.48:15076|admin:10.1.0.48:15075|client:10.1.0.48:15074|dataStream:10.1.0.48:15077|priority:0|startupRole:FOLLOWER]|listeners:[], old=null
2023-09-07 08:54:10,876 [bb55b568-9515-4c72-9e9b-b757ab502a4b@group-D902EBFFD29F-SegmentedRaftLogWorker] INFO  segmented.SegmentedRaftLogWorker (SegmentedRaftLogWorker.java:execute(651)) - bb55b568-9515-4c72-9e9b-b757ab502a4b@group-D902EBFFD29F-SegmentedRaftLogWorker: created new log segment /home/runner/work/ozone/ozone/hadoop-ozone/integration-test/target/test-dir/MiniOzoneClusterImpl-ca08a916-3927-468c-b731-1edf5636b3eb/datanode-1/data/ratis/5ba4d63c-8cdd-4639-bc3a-d902ebffd29f/current/log_inprogress_0
2023-09-07 08:54:10,877 [d53ff278-24a5-4154-8938-e562e33f1fe4-server-thread2] INFO  segmented.SegmentedRaftLogWorker (SegmentedRaftLogWorker.java:startLogSegment(447)) - d53ff278-24a5-4154-8938-e562e33f1fe4@group-D902EBFFD29F-SegmentedRaftLogWorker: Starting segment from index:0
2023-09-07 08:54:10,882 [d53ff278-24a5-4154-8938-e562e33f1fe4@group-D902EBFFD29F-SegmentedRaftLogWorker] INFO  segmented.SegmentedRaftLogWorker (SegmentedRaftLogWorker.java:execute(651)) - d53ff278-24a5-4154-8938-e562e33f1fe4@group-D902EBFFD29F-SegmentedRaftLogWorker: created new log segment /home/runner/work/ozone/ozone/hadoop-ozone/integration-test/target/test-dir/MiniOzoneClusterImpl-ca08a916-3927-468c-b731-1edf5636b3eb/datanode-2/data/ratis/5ba4d63c-8cdd-4639-bc3a-d902ebffd29f/current/log_inprogress_0
2023-09-07 08:54:10,888 [bb55b568-9515-4c72-9e9b-b757ab502a4b@group-76C51690F0F5-LeaderElection13] INFO  impl.LeaderElection (LeaderElection.java:askForVotes(321)) - bb55b568-9515-4c72-9e9b-b757ab502a4b@group-76C51690F0F5-LeaderElection13 PRE_VOTE round 0: submit vote requests at term 0 for -1: peers:[d53ff278-24a5-4154-8938-e562e33f1fe4|rpc:10.1.0.48:15085|admin:10.1.0.48:15084|client:10.1.0.48:15083|dataStream:10.1.0.48:15086|priority:1|startupRole:FOLLOWER, 631d0543-e884-417b-8085-5eab660cf7c0|rpc:10.1.0.48:15067|admin:10.1.0.48:15066|client:10.1.0.48:15065|dataStream:10.1.0.48:15068|priority:0|startupRole:FOLLOWER, bb55b568-9515-4c72-9e9b-b757ab502a4b|rpc:10.1.0.48:15076|admin:10.1.0.48:15075|client:10.1.0.48:15074|dataStream:10.1.0.48:15077|priority:0|startupRole:FOLLOWER]|listeners:[], old=null
2023-09-07 08:54:10,889 [bb55b568-9515-4c72-9e9b-b757ab502a4b@group-76C51690F0F5-LeaderElection13-1] INFO  server.GrpcServerProtocolClient (GrpcServerProtocolClient.java:<init>(65)) - Build channel for d53ff278-24a5-4154-8938-e562e33f1fe4
2023-09-07 08:54:10,894 [bb55b568-9515-4c72-9e9b-b757ab502a4b@group-76C51690F0F5-LeaderElection13] INFO  server.RaftServerConfigKeys (ConfUtils.java:logFallback(53)) - raft.server.rpc.first-election.timeout.min = 5s (fallback to raft.server.rpc.timeout.min)
2023-09-07 08:54:10,894 [bb55b568-9515-4c72-9e9b-b757ab502a4b@group-76C51690F0F5-LeaderElection13] INFO  server.RaftServerConfigKeys (ConfUtils.java:logFallback(53)) - raft.server.rpc.first-election.timeout.max = 5200ms (fallback to raft.server.rpc.timeout.max)
2023-09-07 08:54:10,895 [bb55b568-9515-4c72-9e9b-b757ab502a4b@group-76C51690F0F5-LeaderElection13-2] INFO  server.GrpcServerProtocolClient (GrpcServerProtocolClient.java:<init>(65)) - Build channel for 631d0543-e884-417b-8085-5eab660cf7c0
2023-09-07 08:54:10,900 [grpc-default-executor-2] INFO  server.RaftServer$Division (RaftServerImpl.java:requestVote(1302)) - d53ff278-24a5-4154-8938-e562e33f1fe4@group-76C51690F0F5: receive requestVote(PRE_VOTE, bb55b568-9515-4c72-9e9b-b757ab502a4b, group-76C51690F0F5, 0, (t:0, i:0))
2023-09-07 08:54:10,900 [grpc-default-executor-2] INFO  impl.VoteContext (VoteContext.java:log(49)) - d53ff278-24a5-4154-8938-e562e33f1fe4@group-76C51690F0F5-FOLLOWER: reject PRE_VOTE from bb55b568-9515-4c72-9e9b-b757ab502a4b: our priority 1 > candidate's priority 0
2023-09-07 08:54:10,901 [grpc-default-executor-2] INFO  server.RaftServer$Division (RaftServerImpl.java:requestVote(1335)) - d53ff278-24a5-4154-8938-e562e33f1fe4@group-76C51690F0F5 replies to PRE_VOTE vote request: bb55b568-9515-4c72-9e9b-b757ab502a4b<-d53ff278-24a5-4154-8938-e562e33f1fe4#0:FAIL-t0. Peer's state: d53ff278-24a5-4154-8938-e562e33f1fe4@group-76C51690F0F5:t0, leader=null, voted=, raftlog=Memoized:d53ff278-24a5-4154-8938-e562e33f1fe4@group-76C51690F0F5-SegmentedRaftLog:OPENED:c-1, conf=-1: peers:[d53ff278-24a5-4154-8938-e562e33f1fe4|rpc:10.1.0.48:15085|admin:10.1.0.48:15084|client:10.1.0.48:15083|dataStream:10.1.0.48:15086|priority:1|startupRole:FOLLOWER, 631d0543-e884-417b-8085-5eab660cf7c0|rpc:10.1.0.48:15067|admin:10.1.0.48:15066|client:10.1.0.48:15065|dataStream:10.1.0.48:15068|priority:0|startupRole:FOLLOWER, bb55b568-9515-4c72-9e9b-b757ab502a4b|rpc:10.1.0.48:15076|admin:10.1.0.48:15075|client:10.1.0.48:15074|dataStream:10.1.0.48:15077|priority:0|startupRole:FOLLOWER]|listeners:[], old=null
2023-09-07 08:54:10,901 [bb55b568-9515-4c72-9e9b-b757ab502a4b@group-76C51690F0F5-LeaderElection13] INFO  impl.LeaderElection (LeaderElection.java:logAndReturn(90)) - bb55b568-9515-4c72-9e9b-b757ab502a4b@group-76C51690F0F5-LeaderElection13: PRE_VOTE REJECTED received 1 response(s) and 0 exception(s):
2023-09-07 08:54:10,902 [bb55b568-9515-4c72-9e9b-b757ab502a4b@group-76C51690F0F5-LeaderElection13] INFO  impl.LeaderElection (LeaderElection.java:logAndReturn(94)) -   Response 0: bb55b568-9515-4c72-9e9b-b757ab502a4b<-d53ff278-24a5-4154-8938-e562e33f1fe4#0:FAIL-t0
2023-09-07 08:54:10,902 [bb55b568-9515-4c72-9e9b-b757ab502a4b@group-76C51690F0F5-LeaderElection13] INFO  impl.LeaderElection (LeaderElection.java:askForVotes(323)) - bb55b568-9515-4c72-9e9b-b757ab502a4b@group-76C51690F0F5-LeaderElection13 PRE_VOTE round 0: result REJECTED
2023-09-07 08:54:10,902 [bb55b568-9515-4c72-9e9b-b757ab502a4b@group-76C51690F0F5-LeaderElection13] INFO  server.RaftServer$Division (RaftServerImpl.java:setRole(329)) - bb55b568-9515-4c72-9e9b-b757ab502a4b@group-76C51690F0F5: changes role from CANDIDATE to FOLLOWER at term 0 for REJECTED
2023-09-07 08:54:10,902 [bb55b568-9515-4c72-9e9b-b757ab502a4b@group-76C51690F0F5-LeaderElection13] INFO  impl.RoleInfo (RoleInfo.java:shutdownLeaderElection(130)) - bb55b568-9515-4c72-9e9b-b757ab502a4b: shutdown bb55b568-9515-4c72-9e9b-b757ab502a4b@group-76C51690F0F5-LeaderElection13
2023-09-07 08:54:10,902 [bb55b568-9515-4c72-9e9b-b757ab502a4b@group-76C51690F0F5-LeaderElection13] INFO  impl.RoleInfo (RoleInfo.java:updateAndGet(139)) - bb55b568-9515-4c72-9e9b-b757ab502a4b: start bb55b568-9515-4c72-9e9b-b757ab502a4b@group-76C51690F0F5-FollowerState
2023-09-07 08:54:10,911 [grpc-default-executor-5] INFO  server.RaftServer$Division (RaftServerImpl.java:requestVote(1302)) - 631d0543-e884-417b-8085-5eab660cf7c0@group-76C51690F0F5: receive requestVote(PRE_VOTE, bb55b568-9515-4c72-9e9b-b757ab502a4b, group-76C51690F0F5, 0, (t:0, i:0))
2023-09-07 08:54:10,911 [grpc-default-executor-5] INFO  impl.VoteContext (VoteContext.java:log(49)) - 631d0543-e884-417b-8085-5eab660cf7c0@group-76C51690F0F5-FOLLOWER: accept PRE_VOTE from bb55b568-9515-4c72-9e9b-b757ab502a4b: our priority 0 <= candidate's priority 0
2023-09-07 08:54:10,911 [grpc-default-executor-5] INFO  server.RaftServer$Division (RaftServerImpl.java:requestVote(1335)) - 631d0543-e884-417b-8085-5eab660cf7c0@group-76C51690F0F5 replies to PRE_VOTE vote request: bb55b568-9515-4c72-9e9b-b757ab502a4b<-631d0543-e884-417b-8085-5eab660cf7c0#0:OK-t0. Peer's state: 631d0543-e884-417b-8085-5eab660cf7c0@group-76C51690F0F5:t0, leader=null, voted=, raftlog=Memoized:631d0543-e884-417b-8085-5eab660cf7c0@group-76C51690F0F5-SegmentedRaftLog:OPENED:c-1, conf=-1: peers:[d53ff278-24a5-4154-8938-e562e33f1fe4|rpc:10.1.0.48:15085|admin:10.1.0.48:15084|client:10.1.0.48:15083|dataStream:10.1.0.48:15086|priority:1|startupRole:FOLLOWER, 631d0543-e884-417b-8085-5eab660cf7c0|rpc:10.1.0.48:15067|admin:10.1.0.48:15066|client:10.1.0.48:15065|dataStream:10.1.0.48:15068|priority:0|startupRole:FOLLOWER, bb55b568-9515-4c72-9e9b-b757ab502a4b|rpc:10.1.0.48:15076|admin:10.1.0.48:15075|client:10.1.0.48:15074|dataStream:10.1.0.48:15077|priority:0|startupRole:FOLLOWER]|listeners:[], old=null
2023-09-07 08:54:10,930 [631d0543-e884-417b-8085-5eab660cf7c0@group-76C51690F0F5-FollowerState] INFO  server.RaftServerConfigKeys (ConfUtils.java:logFallback(53)) - raft.server.rpc.first-election.timeout.min = 5s (fallback to raft.server.rpc.timeout.min)
2023-09-07 08:54:10,931 [631d0543-e884-417b-8085-5eab660cf7c0@group-76C51690F0F5-FollowerState] INFO  server.RaftServerConfigKeys (ConfUtils.java:logFallback(53)) - raft.server.rpc.first-election.timeout.max = 5200ms (fallback to raft.server.rpc.timeout.max)
2023-09-07 08:54:10,939 [main] INFO  ozone.MiniOzoneClusterImpl (MiniOzoneClusterImpl.java:lambda$waitForClusterToBeReady$0(224)) - Nodes are ready. Got 5 of 5 DN Heartbeats.
2023-09-07 08:54:10,939 [main] INFO  ozone.MiniOzoneClusterImpl (MiniOzoneClusterImpl.java:lambda$waitForClusterToBeReady$0(227)) - Cluster exits safe mode
2023-09-07 08:54:10,940 [main] INFO  ozone.MiniOzoneClusterImpl (MiniOzoneClusterImpl.java:lambda$waitForClusterToBeReady$0(229)) - SCM became leader
2023-09-07 08:54:10,948 [d53ff278-24a5-4154-8938-e562e33f1fe4@group-76C51690F0F5-FollowerState] INFO  impl.FollowerState (FollowerState.java:run(143)) - d53ff278-24a5-4154-8938-e562e33f1fe4@group-76C51690F0F5-FollowerState: change to CANDIDATE, lastRpcElapsedTime:5172480080ns, electionTimeout:5167ms
2023-09-07 08:54:10,949 [d53ff278-24a5-4154-8938-e562e33f1fe4@group-76C51690F0F5-FollowerState] INFO  impl.RoleInfo (RoleInfo.java:shutdownFollowerState(110)) - d53ff278-24a5-4154-8938-e562e33f1fe4: shutdown d53ff278-24a5-4154-8938-e562e33f1fe4@group-76C51690F0F5-FollowerState
2023-09-07 08:54:10,949 [d53ff278-24a5-4154-8938-e562e33f1fe4@group-76C51690F0F5-FollowerState] INFO  server.RaftServer$Division (RaftServerImpl.java:setRole(329)) - d53ff278-24a5-4154-8938-e562e33f1fe4@group-76C51690F0F5: changes role from  FOLLOWER to CANDIDATE at term 0 for changeToCandidate
2023-09-07 08:54:10,949 [d53ff278-24a5-4154-8938-e562e33f1fe4@group-76C51690F0F5-FollowerState] INFO  server.RaftServerConfigKeys (ConfUtils.java:logGet(46)) - raft.server.leaderelection.pre-vote = true (default)
2023-09-07 08:54:10,949 [d53ff278-24a5-4154-8938-e562e33f1fe4@group-76C51690F0F5-FollowerState] INFO  impl.RoleInfo (RoleInfo.java:updateAndGet(139)) - d53ff278-24a5-4154-8938-e562e33f1fe4: start d53ff278-24a5-4154-8938-e562e33f1fe4@group-76C51690F0F5-LeaderElection14
2023-09-07 08:54:10,967 [d53ff278-24a5-4154-8938-e562e33f1fe4@group-76C51690F0F5-LeaderElection14] INFO  impl.LeaderElection (LeaderElection.java:askForVotes(321)) - d53ff278-24a5-4154-8938-e562e33f1fe4@group-76C51690F0F5-LeaderElection14 PRE_VOTE round 0: submit vote requests at term 0 for -1: peers:[d53ff278-24a5-4154-8938-e562e33f1fe4|rpc:10.1.0.48:15085|admin:10.1.0.48:15084|client:10.1.0.48:15083|dataStream:10.1.0.48:15086|priority:1|startupRole:FOLLOWER, 631d0543-e884-417b-8085-5eab660cf7c0|rpc:10.1.0.48:15067|admin:10.1.0.48:15066|client:10.1.0.48:15065|dataStream:10.1.0.48:15068|priority:0|startupRole:FOLLOWER, bb55b568-9515-4c72-9e9b-b757ab502a4b|rpc:10.1.0.48:15076|admin:10.1.0.48:15075|client:10.1.0.48:15074|dataStream:10.1.0.48:15077|priority:0|startupRole:FOLLOWER]|listeners:[], old=null
2023-09-07 08:54:10,968 [bb55b568-9515-4c72-9e9b-b757ab502a4b@group-AF4568CE714F-FollowerState] INFO  impl.FollowerState (FollowerState.java:run(143)) - bb55b568-9515-4c72-9e9b-b757ab502a4b@group-AF4568CE714F-FollowerState: change to CANDIDATE, lastRpcElapsedTime:5112837391ns, electionTimeout:5099ms
2023-09-07 08:54:10,968 [bb55b568-9515-4c72-9e9b-b757ab502a4b@group-AF4568CE714F-FollowerState] INFO  impl.RoleInfo (RoleInfo.java:shutdownFollowerState(110)) - bb55b568-9515-4c72-9e9b-b757ab502a4b: shutdown bb55b568-9515-4c72-9e9b-b757ab502a4b@group-AF4568CE714F-FollowerState
2023-09-07 08:54:10,968 [bb55b568-9515-4c72-9e9b-b757ab502a4b@group-AF4568CE714F-FollowerState] INFO  server.RaftServer$Division (RaftServerImpl.java:setRole(329)) - bb55b568-9515-4c72-9e9b-b757ab502a4b@group-AF4568CE714F: changes role from  FOLLOWER to CANDIDATE at term 0 for changeToCandidate
2023-09-07 08:54:10,968 [bb55b568-9515-4c72-9e9b-b757ab502a4b@group-AF4568CE714F-FollowerState] INFO  server.RaftServerConfigKeys (ConfUtils.java:logGet(46)) - raft.server.leaderelection.pre-vote = true (default)
2023-09-07 08:54:10,968 [bb55b568-9515-4c72-9e9b-b757ab502a4b@group-AF4568CE714F-FollowerState] INFO  impl.RoleInfo (RoleInfo.java:updateAndGet(139)) - bb55b568-9515-4c72-9e9b-b757ab502a4b: start bb55b568-9515-4c72-9e9b-b757ab502a4b@group-AF4568CE714F-LeaderElection15
2023-09-07 08:54:10,985 [bb55b568-9515-4c72-9e9b-b757ab502a4b@group-AF4568CE714F-LeaderElection15] INFO  impl.LeaderElection (LeaderElection.java:askForVotes(321)) - bb55b568-9515-4c72-9e9b-b757ab502a4b@group-AF4568CE714F-LeaderElection15 PRE_VOTE round 0: submit vote requests at term 0 for -1: peers:[bb55b568-9515-4c72-9e9b-b757ab502a4b|rpc:10.1.0.48:15076|admin:10.1.0.48:15075|client:10.1.0.48:15074|dataStream:10.1.0.48:15077|priority:1|startupRole:FOLLOWER]|listeners:[], old=null
2023-09-07 08:54:10,985 [bb55b568-9515-4c72-9e9b-b757ab502a4b@group-AF4568CE714F-LeaderElection15] INFO  impl.LeaderElection (LeaderElection.java:askForVotes(323)) - bb55b568-9515-4c72-9e9b-b757ab502a4b@group-AF4568CE714F-LeaderElection15 PRE_VOTE round 0: result PASSED (term=0)
2023-09-07 08:54:10,986 [d53ff278-24a5-4154-8938-e562e33f1fe4@group-76C51690F0F5-LeaderElection14-1] INFO  server.GrpcServerProtocolClient (GrpcServerProtocolClient.java:<init>(65)) - Build channel for 631d0543-e884-417b-8085-5eab660cf7c0
2023-09-07 08:54:10,989 [bb55b568-9515-4c72-9e9b-b757ab502a4b@group-AF4568CE714F-LeaderElection15] INFO  impl.LeaderElection (LeaderElection.java:askForVotes(321)) - bb55b568-9515-4c72-9e9b-b757ab502a4b@group-AF4568CE714F-LeaderElection15 ELECTION round 0: submit vote requests at term 1 for -1: peers:[bb55b568-9515-4c72-9e9b-b757ab502a4b|rpc:10.1.0.48:15076|admin:10.1.0.48:15075|client:10.1.0.48:15074|dataStream:10.1.0.48:15077|priority:1|startupRole:FOLLOWER]|listeners:[], old=null
2023-09-07 08:54:10,989 [bb55b568-9515-4c72-9e9b-b757ab502a4b@group-AF4568CE714F-LeaderElection15] INFO  impl.LeaderElection (LeaderElection.java:askForVotes(323)) - bb55b568-9515-4c72-9e9b-b757ab502a4b@group-AF4568CE714F-LeaderElection15 ELECTION round 0: result PASSED (term=1)
2023-09-07 08:54:10,989 [bb55b568-9515-4c72-9e9b-b757ab502a4b@group-AF4568CE714F-LeaderElection15] INFO  impl.RoleInfo (RoleInfo.java:shutdownLeaderElection(130)) - bb55b568-9515-4c72-9e9b-b757ab502a4b: shutdown bb55b568-9515-4c72-9e9b-b757ab502a4b@group-AF4568CE714F-LeaderElection15
2023-09-07 08:54:10,989 [bb55b568-9515-4c72-9e9b-b757ab502a4b@group-AF4568CE714F-LeaderElection15] INFO  server.RaftServer$Division (RaftServerImpl.java:setRole(329)) - bb55b568-9515-4c72-9e9b-b757ab502a4b@group-AF4568CE714F: changes role from CANDIDATE to LEADER at term 1 for changeToLeader
2023-09-07 08:54:10,989 [bb55b568-9515-4c72-9e9b-b757ab502a4b@group-AF4568CE714F-LeaderElection15] INFO  ratis.XceiverServerRatis (XceiverServerRatis.java:handleLeaderChangedNotification(902)) - Leader change notification received for group: group-AF4568CE714F with new leaderId: bb55b568-9515-4c72-9e9b-b757ab502a4b
2023-09-07 08:54:10,991 [d53ff278-24a5-4154-8938-e562e33f1fe4@group-76C51690F0F5-LeaderElection14] INFO  server.RaftServerConfigKeys (ConfUtils.java:logFallback(53)) - raft.server.rpc.first-election.timeout.min = 5s (fallback to raft.server.rpc.timeout.min)
2023-09-07 08:54:10,991 [d53ff278-24a5-4154-8938-e562e33f1fe4@group-76C51690F0F5-LeaderElection14] INFO  server.RaftServerConfigKeys (ConfUtils.java:logFallback(53)) - raft.server.rpc.first-election.timeout.max = 5200ms (fallback to raft.server.rpc.timeout.max)
2023-09-07 08:54:10,997 [bb55b568-9515-4c72-9e9b-b757ab502a4b@group-AF4568CE714F-LeaderElection15] INFO  server.RaftServer$Division (ServerState.java:setLeader(317)) - bb55b568-9515-4c72-9e9b-b757ab502a4b@group-AF4568CE714F: change Leader from null to bb55b568-9515-4c72-9e9b-b757ab502a4b at term 1 for becomeLeader, leader elected after 5159ms
2023-09-07 08:54:10,998 [d53ff278-24a5-4154-8938-e562e33f1fe4@group-76C51690F0F5-LeaderElection14-2] INFO  server.GrpcServerProtocolClient (GrpcServerProtocolClient.java:<init>(65)) - Build channel for bb55b568-9515-4c72-9e9b-b757ab502a4b
2023-09-07 08:54:10,998 [bb55b568-9515-4c72-9e9b-b757ab502a4b@group-AF4568CE714F-LeaderElection15] INFO  server.RaftServerConfigKeys (ConfUtils.java:logGet(46)) - raft.server.staging.catchup.gap = 1000 (default)
2023-09-07 08:54:10,998 [bb55b568-9515-4c72-9e9b-b757ab502a4b@group-AF4568CE714F-LeaderElection15] INFO  server.RaftServerConfigKeys (ConfUtils.java:logGet(46)) - raft.server.write.element-limit = 1024 (custom)
2023-09-07 08:54:10,998 [bb55b568-9515-4c72-9e9b-b757ab502a4b@group-AF4568CE714F-LeaderElection15] INFO  server.RaftServerConfigKeys (ConfUtils.java:logGet(46)) - raft.server.write.byte-limit = 1024 M (=1073741824) (custom)
2023-09-07 08:54:10,999 [bb55b568-9515-4c72-9e9b-b757ab502a4b@group-AF4568CE714F-LeaderElection15] INFO  server.RaftServerConfigKeys (ConfUtils.java:logGet(46)) - raft.server.watch.timeout = 180s (custom)
2023-09-07 08:54:10,999 [bb55b568-9515-4c72-9e9b-b757ab502a4b@group-AF4568CE714F-LeaderElection15] INFO  server.RaftServerConfigKeys (ConfUtils.java:logGet(46)) - raft.server.watch.timeout.denomination = 1s (default)
2023-09-07 08:54:10,999 [bb55b568-9515-4c72-9e9b-b757ab502a4b@group-AF4568CE714F-LeaderElection15] INFO  server.RaftServerConfigKeys (ConfUtils.java:logGet(46)) - raft.server.watch.element-limit = 65536 (default)
2023-09-07 08:54:10,999 [bb55b568-9515-4c72-9e9b-b757ab502a4b@group-AF4568CE714F-LeaderElection15] INFO  server.RaftServerConfigKeys (ConfUtils.java:logGet(46)) - raft.server.write.element-limit = 1024 (custom)
2023-09-07 08:54:10,999 [bb55b568-9515-4c72-9e9b-b757ab502a4b@group-AF4568CE714F-LeaderElection15] INFO  server.RaftServerConfigKeys (ConfUtils.java:logGet(46)) - raft.server.write.follower.gap.ratio.max = -1.0 (default)
2023-09-07 08:54:10,999 [bb55b568-9515-4c72-9e9b-b757ab502a4b@group-AF4568CE714F-LeaderElection15] INFO  impl.RoleInfo (RoleInfo.java:updateAndGet(139)) - bb55b568-9515-4c72-9e9b-b757ab502a4b: start bb55b568-9515-4c72-9e9b-b757ab502a4b@group-AF4568CE714F-LeaderStateImpl
2023-09-07 08:54:10,999 [bb55b568-9515-4c72-9e9b-b757ab502a4b@group-AF4568CE714F-LeaderElection15] INFO  segmented.SegmentedRaftLogWorker (SegmentedRaftLogWorker.java:startLogSegment(447)) - bb55b568-9515-4c72-9e9b-b757ab502a4b@group-AF4568CE714F-SegmentedRaftLogWorker: Starting segment from index:0
2023-09-07 08:54:11,001 [main] INFO  rpc.RpcClient (RpcClient.java:createVolume(461)) - Creating Volume: volume93671, with user45806 as owner and space quota set to -1 bytes, counts quota set to -1
2023-09-07 08:54:11,006 [bb55b568-9515-4c72-9e9b-b757ab502a4b@group-AF4568CE714F-LeaderElection15] INFO  server.RaftServer$Division (ServerState.java:setRaftConf(434)) - bb55b568-9515-4c72-9e9b-b757ab502a4b@group-AF4568CE714F: set configuration 0: peers:[bb55b568-9515-4c72-9e9b-b757ab502a4b|rpc:10.1.0.48:15076|admin:10.1.0.48:15075|client:10.1.0.48:15074|dataStream:10.1.0.48:15077|priority:1|startupRole:FOLLOWER]|listeners:[], old=null
2023-09-07 08:54:11,009 [bb55b568-9515-4c72-9e9b-b757ab502a4b@group-AF4568CE714F-SegmentedRaftLogWorker] INFO  segmented.SegmentedRaftLogWorker (SegmentedRaftLogWorker.java:execute(651)) - bb55b568-9515-4c72-9e9b-b757ab502a4b@group-AF4568CE714F-SegmentedRaftLogWorker: created new log segment /home/runner/work/ozone/ozone/hadoop-ozone/integration-test/target/test-dir/MiniOzoneClusterImpl-ca08a916-3927-468c-b731-1edf5636b3eb/datanode-1/data/ratis/eb61e8aa-d755-41e7-a231-af4568ce714f/current/log_inprogress_0
2023-09-07 08:54:11,014 [IPC Server handler 2 on default port 15057] INFO  volume.OMVolumeCreateRequest (OMVolumeCreateRequest.java:validateAndUpdateCache(196)) - created volume:volume93671 for user:user45806
2023-09-07 08:54:11,019 [grpc-default-executor-5] INFO  server.RaftServer$Division (RaftServerImpl.java:requestVote(1302)) - 631d0543-e884-417b-8085-5eab660cf7c0@group-76C51690F0F5: receive requestVote(PRE_VOTE, d53ff278-24a5-4154-8938-e562e33f1fe4, group-76C51690F0F5, 0, (t:0, i:0))
2023-09-07 08:54:11,019 [grpc-default-executor-5] INFO  impl.VoteContext (VoteContext.java:log(49)) - 631d0543-e884-417b-8085-5eab660cf7c0@group-76C51690F0F5-FOLLOWER: accept PRE_VOTE from d53ff278-24a5-4154-8938-e562e33f1fe4: our priority 0 <= candidate's priority 1
2023-09-07 08:54:11,019 [grpc-default-executor-5] INFO  server.RaftServer$Division (RaftServerImpl.java:requestVote(1335)) - 631d0543-e884-417b-8085-5eab660cf7c0@group-76C51690F0F5 replies to PRE_VOTE vote request: d53ff278-24a5-4154-8938-e562e33f1fe4<-631d0543-e884-417b-8085-5eab660cf7c0#0:OK-t0. Peer's state: 631d0543-e884-417b-8085-5eab660cf7c0@group-76C51690F0F5:t0, leader=null, voted=, raftlog=Memoized:631d0543-e884-417b-8085-5eab660cf7c0@group-76C51690F0F5-SegmentedRaftLog:OPENED:c-1, conf=-1: peers:[d53ff278-24a5-4154-8938-e562e33f1fe4|rpc:10.1.0.48:15085|admin:10.1.0.48:15084|client:10.1.0.48:15083|dataStream:10.1.0.48:15086|priority:1|startupRole:FOLLOWER, 631d0543-e884-417b-8085-5eab660cf7c0|rpc:10.1.0.48:15067|admin:10.1.0.48:15066|client:10.1.0.48:15065|dataStream:10.1.0.48:15068|priority:0|startupRole:FOLLOWER, bb55b568-9515-4c72-9e9b-b757ab502a4b|rpc:10.1.0.48:15076|admin:10.1.0.48:15075|client:10.1.0.48:15074|dataStream:10.1.0.48:15077|priority:0|startupRole:FOLLOWER]|listeners:[], old=null
2023-09-07 08:54:11,028 [grpc-default-executor-5] INFO  server.RaftServer$Division (RaftServerImpl.java:requestVote(1302)) - bb55b568-9515-4c72-9e9b-b757ab502a4b@group-76C51690F0F5: receive requestVote(PRE_VOTE, d53ff278-24a5-4154-8938-e562e33f1fe4, group-76C51690F0F5, 0, (t:0, i:0))
2023-09-07 08:54:11,028 [grpc-default-executor-5] INFO  impl.VoteContext (VoteContext.java:log(49)) - bb55b568-9515-4c72-9e9b-b757ab502a4b@group-76C51690F0F5-FOLLOWER: accept PRE_VOTE from d53ff278-24a5-4154-8938-e562e33f1fe4: our priority 0 <= candidate's priority 1
2023-09-07 08:54:11,028 [grpc-default-executor-5] INFO  server.RaftServer$Division (RaftServerImpl.java:requestVote(1335)) - bb55b568-9515-4c72-9e9b-b757ab502a4b@group-76C51690F0F5 replies to PRE_VOTE vote request: d53ff278-24a5-4154-8938-e562e33f1fe4<-bb55b568-9515-4c72-9e9b-b757ab502a4b#0:OK-t0. Peer's state: bb55b568-9515-4c72-9e9b-b757ab502a4b@group-76C51690F0F5:t0, leader=null, voted=, raftlog=Memoized:bb55b568-9515-4c72-9e9b-b757ab502a4b@group-76C51690F0F5-SegmentedRaftLog:OPENED:c-1, conf=-1: peers:[d53ff278-24a5-4154-8938-e562e33f1fe4|rpc:10.1.0.48:15085|admin:10.1.0.48:15084|client:10.1.0.48:15083|dataStream:10.1.0.48:15086|priority:1|startupRole:FOLLOWER, 631d0543-e884-417b-8085-5eab660cf7c0|rpc:10.1.0.48:15067|admin:10.1.0.48:15066|client:10.1.0.48:15065|dataStream:10.1.0.48:15068|priority:0|startupRole:FOLLOWER, bb55b568-9515-4c72-9e9b-b757ab502a4b|rpc:10.1.0.48:15076|admin:10.1.0.48:15075|client:10.1.0.48:15074|dataStream:10.1.0.48:15077|priority:0|startupRole:FOLLOWER]|listeners:[], old=null
2023-09-07 08:54:11,028 [d53ff278-24a5-4154-8938-e562e33f1fe4@group-76C51690F0F5-LeaderElection14] INFO  impl.LeaderElection (LeaderElection.java:logAndReturn(90)) - d53ff278-24a5-4154-8938-e562e33f1fe4@group-76C51690F0F5-LeaderElection14: PRE_VOTE PASSED received 1 response(s) and 0 exception(s):
2023-09-07 08:54:11,028 [d53ff278-24a5-4154-8938-e562e33f1fe4@group-76C51690F0F5-LeaderElection14] INFO  impl.LeaderElection (LeaderElection.java:logAndReturn(94)) -   Response 0: d53ff278-24a5-4154-8938-e562e33f1fe4<-631d0543-e884-417b-8085-5eab660cf7c0#0:OK-t0
2023-09-07 08:54:11,028 [d53ff278-24a5-4154-8938-e562e33f1fe4@group-76C51690F0F5-LeaderElection14] INFO  impl.LeaderElection (LeaderElection.java:askForVotes(323)) - d53ff278-24a5-4154-8938-e562e33f1fe4@group-76C51690F0F5-LeaderElection14 PRE_VOTE round 0: result PASSED
2023-09-07 08:54:11,031 [d53ff278-24a5-4154-8938-e562e33f1fe4@group-76C51690F0F5-LeaderElection14] INFO  impl.LeaderElection (LeaderElection.java:askForVotes(321)) - d53ff278-24a5-4154-8938-e562e33f1fe4@group-76C51690F0F5-LeaderElection14 ELECTION round 0: submit vote requests at term 1 for -1: peers:[d53ff278-24a5-4154-8938-e562e33f1fe4|rpc:10.1.0.48:15085|admin:10.1.0.48:15084|client:10.1.0.48:15083|dataStream:10.1.0.48:15086|priority:1|startupRole:FOLLOWER, 631d0543-e884-417b-8085-5eab660cf7c0|rpc:10.1.0.48:15067|admin:10.1.0.48:15066|client:10.1.0.48:15065|dataStream:10.1.0.48:15068|priority:0|startupRole:FOLLOWER, bb55b568-9515-4c72-9e9b-b757ab502a4b|rpc:10.1.0.48:15076|admin:10.1.0.48:15075|client:10.1.0.48:15074|dataStream:10.1.0.48:15077|priority:0|startupRole:FOLLOWER]|listeners:[], old=null
2023-09-07 08:54:11,033 [d53ff278-24a5-4154-8938-e562e33f1fe4@group-76C51690F0F5-LeaderElection14] INFO  server.RaftServerConfigKeys (ConfUtils.java:logFallback(53)) - raft.server.rpc.first-election.timeout.min = 5s (fallback to raft.server.rpc.timeout.min)
2023-09-07 08:54:11,033 [d53ff278-24a5-4154-8938-e562e33f1fe4@group-76C51690F0F5-LeaderElection14] INFO  server.RaftServerConfigKeys (ConfUtils.java:logFallback(53)) - raft.server.rpc.first-election.timeout.max = 5200ms (fallback to raft.server.rpc.timeout.max)
2023-09-07 08:54:11,046 [grpc-default-executor-5] INFO  server.RaftServer$Division (RaftServerImpl.java:requestVote(1302)) - 631d0543-e884-417b-8085-5eab660cf7c0@group-76C51690F0F5: receive requestVote(ELECTION, d53ff278-24a5-4154-8938-e562e33f1fe4, group-76C51690F0F5, 1, (t:0, i:0))
2023-09-07 08:54:11,047 [grpc-default-executor-5] INFO  impl.VoteContext (VoteContext.java:log(49)) - 631d0543-e884-417b-8085-5eab660cf7c0@group-76C51690F0F5-FOLLOWER: accept ELECTION from d53ff278-24a5-4154-8938-e562e33f1fe4: our priority 0 <= candidate's priority 1
2023-09-07 08:54:11,047 [grpc-default-executor-5] INFO  server.RaftServer$Division (RaftServerImpl.java:setRole(329)) - 631d0543-e884-417b-8085-5eab660cf7c0@group-76C51690F0F5: changes role from  FOLLOWER to FOLLOWER at term 1 for candidate:d53ff278-24a5-4154-8938-e562e33f1fe4
2023-09-07 08:54:11,047 [grpc-default-executor-5] INFO  impl.RoleInfo (RoleInfo.java:shutdownFollowerState(110)) - 631d0543-e884-417b-8085-5eab660cf7c0: shutdown 631d0543-e884-417b-8085-5eab660cf7c0@group-76C51690F0F5-FollowerState
2023-09-07 08:54:11,047 [grpc-default-executor-5] INFO  impl.RoleInfo (RoleInfo.java:updateAndGet(139)) - 631d0543-e884-417b-8085-5eab660cf7c0: start 631d0543-e884-417b-8085-5eab660cf7c0@group-76C51690F0F5-FollowerState
2023-09-07 08:54:11,047 [631d0543-e884-417b-8085-5eab660cf7c0@group-76C51690F0F5-FollowerState] INFO  impl.FollowerState (FollowerState.java:run(152)) - 631d0543-e884-417b-8085-5eab660cf7c0@group-76C51690F0F5-FollowerState was interrupted
2023-09-07 08:54:11,050 [grpc-default-executor-2] INFO  server.RaftServer$Division (RaftServerImpl.java:requestVote(1302)) - bb55b568-9515-4c72-9e9b-b757ab502a4b@group-76C51690F0F5: receive requestVote(ELECTION, d53ff278-24a5-4154-8938-e562e33f1fe4, group-76C51690F0F5, 1, (t:0, i:0))
2023-09-07 08:54:11,050 [grpc-default-executor-2] INFO  impl.VoteContext (VoteContext.java:log(49)) - bb55b568-9515-4c72-9e9b-b757ab502a4b@group-76C51690F0F5-FOLLOWER: accept ELECTION from d53ff278-24a5-4154-8938-e562e33f1fe4: our priority 0 <= candidate's priority 1
2023-09-07 08:54:11,050 [grpc-default-executor-2] INFO  server.RaftServer$Division (RaftServerImpl.java:setRole(329)) - bb55b568-9515-4c72-9e9b-b757ab502a4b@group-76C51690F0F5: changes role from  FOLLOWER to FOLLOWER at term 1 for candidate:d53ff278-24a5-4154-8938-e562e33f1fe4
2023-09-07 08:54:11,050 [grpc-default-executor-2] INFO  impl.RoleInfo (RoleInfo.java:shutdownFollowerState(110)) - bb55b568-9515-4c72-9e9b-b757ab502a4b: shutdown bb55b568-9515-4c72-9e9b-b757ab502a4b@group-76C51690F0F5-FollowerState
2023-09-07 08:54:11,050 [grpc-default-executor-2] INFO  impl.RoleInfo (RoleInfo.java:updateAndGet(139)) - bb55b568-9515-4c72-9e9b-b757ab502a4b: start bb55b568-9515-4c72-9e9b-b757ab502a4b@group-76C51690F0F5-FollowerState
2023-09-07 08:54:11,050 [bb55b568-9515-4c72-9e9b-b757ab502a4b@group-76C51690F0F5-FollowerState] INFO  impl.FollowerState (FollowerState.java:run(152)) - bb55b568-9515-4c72-9e9b-b757ab502a4b@group-76C51690F0F5-FollowerState was interrupted
2023-09-07 08:54:11,060 [main] INFO  rpc.RpcClient (RpcClient.java:createBucket(688)) - Creating Bucket: volume93671/bucket89282, with bucket layout LEGACY, runner as owner, Versioning false, Storage Type set to DISK and Encryption set to false, Replication Type set to server-side default replication type, Namespace Quota set to -1, Space Quota set to -1 
2023-09-07 08:54:11,061 [grpc-default-executor-5] INFO  server.RaftServer$Division (RaftServerImpl.java:requestVote(1335)) - 631d0543-e884-417b-8085-5eab660cf7c0@group-76C51690F0F5 replies to ELECTION vote request: d53ff278-24a5-4154-8938-e562e33f1fe4<-631d0543-e884-417b-8085-5eab660cf7c0#0:OK-t1. Peer's state: 631d0543-e884-417b-8085-5eab660cf7c0@group-76C51690F0F5:t1, leader=null, voted=d53ff278-24a5-4154-8938-e562e33f1fe4, raftlog=Memoized:631d0543-e884-417b-8085-5eab660cf7c0@group-76C51690F0F5-SegmentedRaftLog:OPENED:c-1, conf=-1: peers:[d53ff278-24a5-4154-8938-e562e33f1fe4|rpc:10.1.0.48:15085|admin:10.1.0.48:15084|client:10.1.0.48:15083|dataStream:10.1.0.48:15086|priority:1|startupRole:FOLLOWER, 631d0543-e884-417b-8085-5eab660cf7c0|rpc:10.1.0.48:15067|admin:10.1.0.48:15066|client:10.1.0.48:15065|dataStream:10.1.0.48:15068|priority:0|startupRole:FOLLOWER, bb55b568-9515-4c72-9e9b-b757ab502a4b|rpc:10.1.0.48:15076|admin:10.1.0.48:15075|client:10.1.0.48:15074|dataStream:10.1.0.48:15077|priority:0|startupRole:FOLLOWER]|listeners:[], old=null
2023-09-07 08:54:11,063 [d53ff278-24a5-4154-8938-e562e33f1fe4@group-76C51690F0F5-LeaderElection14] INFO  impl.LeaderElection (LeaderElection.java:logAndReturn(90)) - d53ff278-24a5-4154-8938-e562e33f1fe4@group-76C51690F0F5-LeaderElection14: ELECTION PASSED received 1 response(s) and 0 exception(s):
2023-09-07 08:54:11,063 [d53ff278-24a5-4154-8938-e562e33f1fe4@group-76C51690F0F5-LeaderElection14] INFO  impl.LeaderElection (LeaderElection.java:logAndReturn(94)) -   Response 0: d53ff278-24a5-4154-8938-e562e33f1fe4<-631d0543-e884-417b-8085-5eab660cf7c0#0:OK-t1
2023-09-07 08:54:11,063 [d53ff278-24a5-4154-8938-e562e33f1fe4@group-76C51690F0F5-LeaderElection14] INFO  impl.LeaderElection (LeaderElection.java:askForVotes(323)) - d53ff278-24a5-4154-8938-e562e33f1fe4@group-76C51690F0F5-LeaderElection14 ELECTION round 0: result PASSED
2023-09-07 08:54:11,063 [d53ff278-24a5-4154-8938-e562e33f1fe4@group-76C51690F0F5-LeaderElection14] INFO  impl.RoleInfo (RoleInfo.java:shutdownLeaderElection(130)) - d53ff278-24a5-4154-8938-e562e33f1fe4: shutdown d53ff278-24a5-4154-8938-e562e33f1fe4@group-76C51690F0F5-LeaderElection14
2023-09-07 08:54:11,063 [d53ff278-24a5-4154-8938-e562e33f1fe4@group-76C51690F0F5-LeaderElection14] INFO  server.RaftServer$Division (RaftServerImpl.java:setRole(329)) - d53ff278-24a5-4154-8938-e562e33f1fe4@group-76C51690F0F5: changes role from CANDIDATE to LEADER at term 1 for changeToLeader
2023-09-07 08:54:11,063 [d53ff278-24a5-4154-8938-e562e33f1fe4@group-76C51690F0F5-LeaderElection14] INFO  ratis.XceiverServerRatis (XceiverServerRatis.java:handleLeaderChangedNotification(902)) - Leader change notification received for group: group-76C51690F0F5 with new leaderId: d53ff278-24a5-4154-8938-e562e33f1fe4
2023-09-07 08:54:11,063 [d53ff278-24a5-4154-8938-e562e33f1fe4@group-76C51690F0F5-LeaderElection14] INFO  server.RaftServer$Division (ServerState.java:setLeader(317)) - d53ff278-24a5-4154-8938-e562e33f1fe4@group-76C51690F0F5: change Leader from null to d53ff278-24a5-4154-8938-e562e33f1fe4 at term 1 for becomeLeader, leader elected after 5305ms
2023-09-07 08:54:11,063 [d53ff278-24a5-4154-8938-e562e33f1fe4@group-76C51690F0F5-LeaderElection14] INFO  server.RaftServerConfigKeys (ConfUtils.java:logGet(46)) - raft.server.staging.catchup.gap = 1000 (default)
2023-09-07 08:54:11,063 [d53ff278-24a5-4154-8938-e562e33f1fe4@group-76C51690F0F5-LeaderElection14] INFO  server.RaftServerConfigKeys (ConfUtils.java:logGet(46)) - raft.server.write.element-limit = 1024 (custom)
2023-09-07 08:54:11,064 [d53ff278-24a5-4154-8938-e562e33f1fe4@group-76C51690F0F5-LeaderElection14] INFO  server.RaftServerConfigKeys (ConfUtils.java:logGet(46)) - raft.server.write.byte-limit = 1024 M (=1073741824) (custom)
2023-09-07 08:54:11,064 [d53ff278-24a5-4154-8938-e562e33f1fe4@group-76C51690F0F5-LeaderElection14] INFO  server.RaftServerConfigKeys (ConfUtils.java:logGet(46)) - raft.server.watch.timeout = 180s (custom)
2023-09-07 08:54:11,064 [d53ff278-24a5-4154-8938-e562e33f1fe4@group-76C51690F0F5-LeaderElection14] INFO  server.RaftServerConfigKeys (ConfUtils.java:logGet(46)) - raft.server.watch.timeout.denomination = 1s (default)
2023-09-07 08:54:11,064 [d53ff278-24a5-4154-8938-e562e33f1fe4@group-76C51690F0F5-LeaderElection14] INFO  server.RaftServerConfigKeys (ConfUtils.java:logGet(46)) - raft.server.watch.element-limit = 65536 (default)
2023-09-07 08:54:11,064 [d53ff278-24a5-4154-8938-e562e33f1fe4@group-76C51690F0F5-LeaderElection14] INFO  server.RaftServerConfigKeys (ConfUtils.java:logGet(46)) - raft.server.write.element-limit = 1024 (custom)
2023-09-07 08:54:11,064 [d53ff278-24a5-4154-8938-e562e33f1fe4@group-76C51690F0F5-LeaderElection14] INFO  server.RaftServerConfigKeys (ConfUtils.java:logGet(46)) - raft.server.write.follower.gap.ratio.max = -1.0 (default)
2023-09-07 08:54:11,065 [d53ff278-24a5-4154-8938-e562e33f1fe4@group-76C51690F0F5-LeaderElection14] INFO  server.RaftServerConfigKeys (ConfUtils.java:logGet(46)) - raft.server.log.appender.snapshot.chunk.size.max = 16MB (=16777216) (default)
2023-09-07 08:54:11,065 [d53ff278-24a5-4154-8938-e562e33f1fe4@group-76C51690F0F5-LeaderElection14] INFO  server.RaftServerConfigKeys (ConfUtils.java:logGet(46)) - raft.server.log.appender.buffer.byte-limit = 33554432 (custom)
2023-09-07 08:54:11,065 [d53ff278-24a5-4154-8938-e562e33f1fe4@group-76C51690F0F5-LeaderElection14] INFO  server.RaftServerConfigKeys (ConfUtils.java:logGet(46)) - raft.server.log.appender.buffer.element-limit = 1 (custom)
2023-09-07 08:54:11,065 [d53ff278-24a5-4154-8938-e562e33f1fe4@group-76C51690F0F5-LeaderElection14] INFO  server.RaftServerConfigKeys (ConfUtils.java:logGet(46)) - raft.server.log.appender.wait-time.min = 10ms (default)
2023-09-07 08:54:11,065 [d53ff278-24a5-4154-8938-e562e33f1fe4@group-76C51690F0F5-LeaderElection14] INFO  grpc.GrpcConfigKeys (ConfUtils.java:logGet(46)) - raft.grpc.server.leader.outstanding.appends.max = 128 (default)
2023-09-07 08:54:11,066 [grpc-default-executor-2] INFO  server.RaftServer$Division (RaftServerImpl.java:requestVote(1335)) - bb55b568-9515-4c72-9e9b-b757ab502a4b@group-76C51690F0F5 replies to ELECTION vote request: d53ff278-24a5-4154-8938-e562e33f1fe4<-bb55b568-9515-4c72-9e9b-b757ab502a4b#0:OK-t1. Peer's state: bb55b568-9515-4c72-9e9b-b757ab502a4b@group-76C51690F0F5:t1, leader=null, voted=d53ff278-24a5-4154-8938-e562e33f1fe4, raftlog=Memoized:bb55b568-9515-4c72-9e9b-b757ab502a4b@group-76C51690F0F5-SegmentedRaftLog:OPENED:c-1, conf=-1: peers:[d53ff278-24a5-4154-8938-e562e33f1fe4|rpc:10.1.0.48:15085|admin:10.1.0.48:15084|client:10.1.0.48:15083|dataStream:10.1.0.48:15086|priority:1|startupRole:FOLLOWER, 631d0543-e884-417b-8085-5eab660cf7c0|rpc:10.1.0.48:15067|admin:10.1.0.48:15066|client:10.1.0.48:15065|dataStream:10.1.0.48:15068|priority:0|startupRole:FOLLOWER, bb55b568-9515-4c72-9e9b-b757ab502a4b|rpc:10.1.0.48:15076|admin:10.1.0.48:15075|client:10.1.0.48:15074|dataStream:10.1.0.48:15077|priority:0|startupRole:FOLLOWER]|listeners:[], old=null
2023-09-07 08:54:11,066 [EventQueue-PipelineReportForPipelineReportHandler] INFO  pipeline.PipelineReportHandler (PipelineReportHandler.java:processPipelineReport(136)) - Opened pipeline PipelineID=68df4c7c-a2cf-46aa-a303-76c51690f0f5
2023-09-07 08:54:11,069 [d53ff278-24a5-4154-8938-e562e33f1fe4@group-76C51690F0F5-LeaderElection14] INFO  server.RaftServerConfigKeys (ConfUtils.java:logGet(46)) - raft.server.rpc.request.timeout = 60s (custom)
2023-09-07 08:54:11,069 [d53ff278-24a5-4154-8938-e562e33f1fe4@group-76C51690F0F5-LeaderElection14] INFO  grpc.GrpcConfigKeys (ConfUtils.java:logGet(46)) - raft.grpc.server.install_snapshot.request.element-limit = 8 (default)
2023-09-07 08:54:11,069 [d53ff278-24a5-4154-8938-e562e33f1fe4@group-76C51690F0F5-LeaderElection14] INFO  grpc.GrpcConfigKeys (ConfUtils.java:logGet(46)) - raft.grpc.server.install_snapshot.request.timeout = 3000ms (default)
2023-09-07 08:54:11,069 [d53ff278-24a5-4154-8938-e562e33f1fe4@group-76C51690F0F5-LeaderElection14] INFO  server.RaftServerConfigKeys (ConfUtils.java:logGet(46)) - raft.server.log.appender.install.snapshot.enabled = false (custom)
2023-09-07 08:54:11,069 [d53ff278-24a5-4154-8938-e562e33f1fe4@group-76C51690F0F5-LeaderElection14] INFO  grpc.GrpcConfigKeys (ConfUtils.java:logGet(46)) - raft.grpc.server.heartbeat.channel = true (default)
2023-09-07 08:54:11,070 [d53ff278-24a5-4154-8938-e562e33f1fe4@group-76C51690F0F5-LeaderElection14] INFO  server.RaftServerConfigKeys (ConfUtils.java:logGet(46)) - raft.server.log.appender.snapshot.chunk.size.max = 16MB (=16777216) (default)
2023-09-07 08:54:11,070 [d53ff278-24a5-4154-8938-e562e33f1fe4@group-76C51690F0F5-LeaderElection14] INFO  server.RaftServerConfigKeys (ConfUtils.java:logGet(46)) - raft.server.log.appender.buffer.byte-limit = 33554432 (custom)
2023-09-07 08:54:11,070 [d53ff278-24a5-4154-8938-e562e33f1fe4@group-76C51690F0F5-LeaderElection14] INFO  server.RaftServerConfigKeys (ConfUtils.java:logGet(46)) - raft.server.log.appender.buffer.element-limit = 1 (custom)
2023-09-07 08:54:11,070 [d53ff278-24a5-4154-8938-e562e33f1fe4@group-76C51690F0F5-LeaderElection14] INFO  server.RaftServerConfigKeys (ConfUtils.java:logGet(46)) - raft.server.log.appender.wait-time.min = 10ms (default)
2023-09-07 08:54:11,070 [d53ff278-24a5-4154-8938-e562e33f1fe4@group-76C51690F0F5-LeaderElection14] INFO  grpc.GrpcConfigKeys (ConfUtils.java:logGet(46)) - raft.grpc.server.leader.outstanding.appends.max = 128 (default)
2023-09-07 08:54:11,070 [d53ff278-24a5-4154-8938-e562e33f1fe4@group-76C51690F0F5-LeaderElection14] INFO  server.RaftServerConfigKeys (ConfUtils.java:logGet(46)) - raft.server.rpc.request.timeout = 60s (custom)
2023-09-07 08:54:11,071 [d53ff278-24a5-4154-8938-e562e33f1fe4@group-76C51690F0F5-LeaderElection14] INFO  grpc.GrpcConfigKeys (ConfUtils.java:logGet(46)) - raft.grpc.server.install_snapshot.request.element-limit = 8 (default)
2023-09-07 08:54:11,071 [d53ff278-24a5-4154-8938-e562e33f1fe4@group-76C51690F0F5-LeaderElection14] INFO  grpc.GrpcConfigKeys (ConfUtils.java:logGet(46)) - raft.grpc.server.install_snapshot.request.timeout = 3000ms (default)
2023-09-07 08:54:11,071 [d53ff278-24a5-4154-8938-e562e33f1fe4@group-76C51690F0F5-LeaderElection14] INFO  server.RaftServerConfigKeys (ConfUtils.java:logGet(46)) - raft.server.log.appender.install.snapshot.enabled = false (custom)
2023-09-07 08:54:11,071 [d53ff278-24a5-4154-8938-e562e33f1fe4@group-76C51690F0F5-LeaderElection14] INFO  grpc.GrpcConfigKeys (ConfUtils.java:logGet(46)) - raft.grpc.server.heartbeat.channel = true (default)
2023-09-07 08:54:11,071 [d53ff278-24a5-4154-8938-e562e33f1fe4@group-76C51690F0F5-LeaderElection14] INFO  impl.RoleInfo (RoleInfo.java:updateAndGet(139)) - d53ff278-24a5-4154-8938-e562e33f1fe4: start d53ff278-24a5-4154-8938-e562e33f1fe4@group-76C51690F0F5-LeaderStateImpl
2023-09-07 08:54:11,071 [d53ff278-24a5-4154-8938-e562e33f1fe4@group-76C51690F0F5-LeaderElection14] INFO  segmented.SegmentedRaftLogWorker (SegmentedRaftLogWorker.java:startLogSegment(447)) - d53ff278-24a5-4154-8938-e562e33f1fe4@group-76C51690F0F5-SegmentedRaftLogWorker: Starting segment from index:0
2023-09-07 08:54:11,074 [IPC Server handler 1 on default port 15057] INFO  bucket.OMBucketCreateRequest (OMBucketCreateRequest.java:validateAndUpdateCache(270)) - created bucket: bucket89282 of layout LEGACY in volume: volume93671
2023-09-07 08:54:11,077 [d53ff278-24a5-4154-8938-e562e33f1fe4@group-76C51690F0F5-SegmentedRaftLogWorker] INFO  segmented.SegmentedRaftLogWorker (SegmentedRaftLogWorker.java:execute(651)) - d53ff278-24a5-4154-8938-e562e33f1fe4@group-76C51690F0F5-SegmentedRaftLogWorker: created new log segment /home/runner/work/ozone/ozone/hadoop-ozone/integration-test/target/test-dir/MiniOzoneClusterImpl-ca08a916-3927-468c-b731-1edf5636b3eb/datanode-2/data/ratis/68df4c7c-a2cf-46aa-a303-76c51690f0f5/current/log_inprogress_0
2023-09-07 08:54:11,113 [d53ff278-24a5-4154-8938-e562e33f1fe4@group-76C51690F0F5-LeaderElection14] INFO  server.RaftServer$Division (ServerState.java:setRaftConf(434)) - d53ff278-24a5-4154-8938-e562e33f1fe4@group-76C51690F0F5: set configuration 0: peers:[d53ff278-24a5-4154-8938-e562e33f1fe4|rpc:10.1.0.48:15085|admin:10.1.0.48:15084|client:10.1.0.48:15083|dataStream:10.1.0.48:15086|priority:1|startupRole:FOLLOWER, 631d0543-e884-417b-8085-5eab660cf7c0|rpc:10.1.0.48:15067|admin:10.1.0.48:15066|client:10.1.0.48:15065|dataStream:10.1.0.48:15068|priority:0|startupRole:FOLLOWER, bb55b568-9515-4c72-9e9b-b757ab502a4b|rpc:10.1.0.48:15076|admin:10.1.0.48:15075|client:10.1.0.48:15074|dataStream:10.1.0.48:15077|priority:0|startupRole:FOLLOWER]|listeners:[], old=null
2023-09-07 08:54:11,150 [631d0543-e884-417b-8085-5eab660cf7c0-server-thread1] INFO  ratis.XceiverServerRatis (XceiverServerRatis.java:handleLeaderChangedNotification(902)) - Leader change notification received for group: group-76C51690F0F5 with new leaderId: d53ff278-24a5-4154-8938-e562e33f1fe4
2023-09-07 08:54:11,150 [631d0543-e884-417b-8085-5eab660cf7c0-server-thread1] INFO  server.RaftServer$Division (ServerState.java:setLeader(317)) - 631d0543-e884-417b-8085-5eab660cf7c0@group-76C51690F0F5: change Leader from null to d53ff278-24a5-4154-8938-e562e33f1fe4 at term 1 for appendEntries, leader elected after 5433ms
2023-09-07 08:54:11,154 [bb55b568-9515-4c72-9e9b-b757ab502a4b-server-thread2] INFO  ratis.XceiverServerRatis (XceiverServerRatis.java:handleLeaderChangedNotification(902)) - Leader change notification received for group: group-76C51690F0F5 with new leaderId: d53ff278-24a5-4154-8938-e562e33f1fe4
2023-09-07 08:54:11,154 [bb55b568-9515-4c72-9e9b-b757ab502a4b-server-thread2] INFO  server.RaftServer$Division (ServerState.java:setLeader(317)) - bb55b568-9515-4c72-9e9b-b757ab502a4b@group-76C51690F0F5: change Leader from null to d53ff278-24a5-4154-8938-e562e33f1fe4 at term 1 for appendEntries, leader elected after 5353ms
2023-09-07 08:54:11,170 [631d0543-e884-417b-8085-5eab660cf7c0-server-thread2] INFO  server.RaftServer$Division (ServerState.java:setRaftConf(434)) - 631d0543-e884-417b-8085-5eab660cf7c0@group-76C51690F0F5: set configuration 0: peers:[d53ff278-24a5-4154-8938-e562e33f1fe4|rpc:10.1.0.48:15085|admin:10.1.0.48:15084|client:10.1.0.48:15083|dataStream:10.1.0.48:15086|priority:1|startupRole:FOLLOWER, 631d0543-e884-417b-8085-5eab660cf7c0|rpc:10.1.0.48:15067|admin:10.1.0.48:15066|client:10.1.0.48:15065|dataStream:10.1.0.48:15068|priority:0|startupRole:FOLLOWER, bb55b568-9515-4c72-9e9b-b757ab502a4b|rpc:10.1.0.48:15076|admin:10.1.0.48:15075|client:10.1.0.48:15074|dataStream:10.1.0.48:15077|priority:0|startupRole:FOLLOWER]|listeners:[], old=null
2023-09-07 08:54:11,171 [631d0543-e884-417b-8085-5eab660cf7c0-server-thread2] INFO  segmented.SegmentedRaftLogWorker (SegmentedRaftLogWorker.java:startLogSegment(447)) - 631d0543-e884-417b-8085-5eab660cf7c0@group-76C51690F0F5-SegmentedRaftLogWorker: Starting segment from index:0
2023-09-07 08:54:11,171 [bb55b568-9515-4c72-9e9b-b757ab502a4b-server-thread1] INFO  server.RaftServer$Division (ServerState.java:setRaftConf(434)) - bb55b568-9515-4c72-9e9b-b757ab502a4b@group-76C51690F0F5: set configuration 0: peers:[d53ff278-24a5-4154-8938-e562e33f1fe4|rpc:10.1.0.48:15085|admin:10.1.0.48:15084|client:10.1.0.48:15083|dataStream:10.1.0.48:15086|priority:1|startupRole:FOLLOWER, 631d0543-e884-417b-8085-5eab660cf7c0|rpc:10.1.0.48:15067|admin:10.1.0.48:15066|client:10.1.0.48:15065|dataStream:10.1.0.48:15068|priority:0|startupRole:FOLLOWER, bb55b568-9515-4c72-9e9b-b757ab502a4b|rpc:10.1.0.48:15076|admin:10.1.0.48:15075|client:10.1.0.48:15074|dataStream:10.1.0.48:15077|priority:0|startupRole:FOLLOWER]|listeners:[], old=null
2023-09-07 08:54:11,171 [bb55b568-9515-4c72-9e9b-b757ab502a4b-server-thread1] INFO  segmented.SegmentedRaftLogWorker (SegmentedRaftLogWorker.java:startLogSegment(447)) - bb55b568-9515-4c72-9e9b-b757ab502a4b@group-76C51690F0F5-SegmentedRaftLogWorker: Starting segment from index:0
2023-09-07 08:54:11,184 [bb55b568-9515-4c72-9e9b-b757ab502a4b@group-76C51690F0F5-SegmentedRaftLogWorker] INFO  segmented.SegmentedRaftLogWorker (SegmentedRaftLogWorker.java:execute(651)) - bb55b568-9515-4c72-9e9b-b757ab502a4b@group-76C51690F0F5-SegmentedRaftLogWorker: created new log segment /home/runner/work/ozone/ozone/hadoop-ozone/integration-test/target/test-dir/MiniOzoneClusterImpl-ca08a916-3927-468c-b731-1edf5636b3eb/datanode-1/data/ratis/68df4c7c-a2cf-46aa-a303-76c51690f0f5/current/log_inprogress_0
2023-09-07 08:54:11,185 [631d0543-e884-417b-8085-5eab660cf7c0@group-76C51690F0F5-SegmentedRaftLogWorker] INFO  segmented.SegmentedRaftLogWorker (SegmentedRaftLogWorker.java:execute(651)) - 631d0543-e884-417b-8085-5eab660cf7c0@group-76C51690F0F5-SegmentedRaftLogWorker: created new log segment /home/runner/work/ozone/ozone/hadoop-ozone/integration-test/target/test-dir/MiniOzoneClusterImpl-ca08a916-3927-468c-b731-1edf5636b3eb/datanode-0/data/ratis/68df4c7c-a2cf-46aa-a303-76c51690f0f5/current/log_inprogress_0
]]></system-out>
  </testcase>
  <testcase name="testGetTrashRoot" classname="TestOzoneFileSystem" time="17.765">
    <system-out><![CDATA[2023-09-07 08:55:18,327 [main] INFO  ozone.MiniOzoneClusterImpl (MiniOzoneClusterImpl.java:shutdown(443)) - Shutting down the Mini Ozone Cluster
2023-09-07 08:55:18,327 [main] INFO  ozone.MiniOzoneClusterImpl (MiniOzoneClusterImpl.java:stop(460)) - Stopping the Mini Ozone Cluster
2023-09-07 08:55:18,327 [main] INFO  ozone.MiniOzoneClusterImpl (MiniOzoneClusterImpl.java:stopOM(551)) - Stopping the OzoneManager
2023-09-07 08:55:18,327 [main] INFO  om.OzoneManager (OzoneManager.java:stop(2204)) - om1[localhost:15057]: Stopping Ozone Manager
2023-09-07 08:55:18,327 [main] INFO  ipc.Server (Server.java:stop(3523)) - Stopping server on 15057
2023-09-07 08:55:18,336 [IPC Server listener on 15057] INFO  ipc.Server (Server.java:run(1434)) - Stopping IPC Server listener on 15057
2023-09-07 08:55:18,337 [IPC Server Responder] INFO  ipc.Server (Server.java:run(1567)) - Stopping IPC Server Responder
2023-09-07 08:55:18,337 [main] INFO  ratis.OzoneManagerDoubleBuffer (OzoneManagerDoubleBuffer.java:stopDaemon(551)) - Stopping OMDoubleBuffer flush thread
2023-09-07 08:55:18,338 [OMDoubleBufferFlushThread] INFO  ratis.OzoneManagerDoubleBuffer (OzoneManagerDoubleBuffer.java:canFlush(638)) - OMDoubleBuffer flush thread OMDoubleBufferFlushThread is interrupted and will exit.
2023-09-07 08:55:18,338 [main] INFO  utils.BackgroundService (BackgroundService.java:shutdown(141)) - Shutting down service KeyDeletingService
2023-09-07 08:55:18,338 [main] INFO  utils.BackgroundService (BackgroundService.java:shutdown(141)) - Shutting down service KeyDeletingService
2023-09-07 08:55:18,339 [main] INFO  utils.BackgroundService (BackgroundService.java:shutdown(141)) - Shutting down service OpenKeyCleanupService
2023-09-07 08:55:18,340 [main] INFO  utils.BackgroundService (BackgroundService.java:shutdown(141)) - Shutting down service SstFilteringService
2023-09-07 08:55:18,340 [main] INFO  utils.BackgroundService (BackgroundService.java:shutdown(141)) - Shutting down service SnapshotDeletingService
2023-09-07 08:55:18,341 [main] INFO  handler.ContextHandler (ContextHandler.java:doStop(1159)) - Stopped o.e.j.w.WebAppContext@d053e0f{ozoneManager,/,null,STOPPED}{file:/home/runner/work/ozone/ozone/hadoop-ozone/integration-test/target/test-classes/webapps/ozoneManager}
2023-09-07 08:55:18,342 [main] INFO  server.AbstractConnector (AbstractConnector.java:doStop(383)) - Stopped ServerConnector@7b7e2ddc{HTTP/1.1, (http/1.1)}{0.0.0.0:15058}
2023-09-07 08:55:18,342 [main] INFO  server.session (HouseKeeper.java:stopScavenging(149)) - node0 Stopped scavenging
2023-09-07 08:55:18,343 [main] INFO  handler.ContextHandler (ContextHandler.java:doStop(1159)) - Stopped o.e.j.s.ServletContextHandler@655f1104{static,/static,file:///home/runner/work/ozone/ozone/hadoop-ozone/integration-test/target/test-classes/webapps/static,STOPPED}
2023-09-07 08:55:18,343 [main] INFO  handler.ContextHandler (ContextHandler.java:doStop(1159)) - Stopped o.e.j.s.ServletContextHandler@458037d9{logs,/logs,file:///home/runner/work/ozone/ozone/hadoop-ozone/integration-test/target/log,STOPPED}
2023-09-07 08:55:18,345 [Trash Emptier] ERROR om.TrashPolicyOzone (TrashPolicyOzone.java:run(350)) - Error attempting to shutdown
java.lang.InterruptedException
	at java.util.concurrent.locks.AbstractQueuedSynchronizer$ConditionObject.awaitNanos(AbstractQueuedSynchronizer.java:2067)
	at java.util.concurrent.ThreadPoolExecutor.awaitTermination(ThreadPoolExecutor.java:1475)
	at org.apache.hadoop.ozone.om.TrashPolicyOzone$Emptier.run(TrashPolicyOzone.java:348)
	at java.lang.Thread.run(Thread.java:750)
2023-09-07 08:55:18,345 [main] INFO  rocksdiff.RocksDBCheckpointDiffer (RocksDBCheckpointDiffer.java:close(343)) - Shutting down CompactionDagPruningService.
2023-09-07 08:55:18,348 [main] INFO  snapshot.SnapshotDiffManager (SnapshotDiffManager.java:closeExecutorService(1697)) - Shutting down executorService: 'SnapDiffExecutor'
2023-09-07 08:55:18,348 [main] INFO  snapshot.SnapshotDiffManager (SnapshotDiffManager.java:closeExecutorService(1697)) - Shutting down executorService: 'SstDumpToolExecutor'
2023-09-07 08:55:18,348 [main] INFO  utils.BackgroundService (BackgroundService.java:shutdown(141)) - Shutting down service SnapshotDiffCleanupService
2023-09-07 08:55:18,350 [JvmPauseMonitor8] INFO  util.JvmPauseMonitor (JvmPauseMonitor.java:run(109)) - JvmPauseMonitor-028137b3-e053-4091-ad4d-0385fb8d34df: Stopped
2023-09-07 08:55:18,350 [main] INFO  ozone.MiniOzoneClusterImpl (MiniOzoneClusterImpl.java:stopDatanodes(528)) - Stopping the HddsDatanodes
2023-09-07 08:55:18,363 [ForkJoinPool.commonPool-worker-3] INFO  ozoneimpl.OzoneContainer (OzoneContainer.java:stop(451)) - Attempting to stop container services.
2023-09-07 08:55:18,364 [ForkJoinPool.commonPool-worker-3] INFO  server.RaftServer (RaftServerProxy.java:lambda$close$6(416)) - bb55b568-9515-4c72-9e9b-b757ab502a4b: close
2023-09-07 08:55:18,368 [bb55b568-9515-4c72-9e9b-b757ab502a4b-impl-thread2] INFO  server.RaftServer$Division (RaftServerImpl.java:lambda$close$4(466)) - bb55b568-9515-4c72-9e9b-b757ab502a4b@group-D902EBFFD29F: shutdown
2023-09-07 08:55:18,368 [bb55b568-9515-4c72-9e9b-b757ab502a4b-impl-thread2] INFO  util.JmxRegister (JmxRegister.java:unregister(73)) - Successfully un-registered JMX Bean with object name Ratis:service=RaftServer,group=group-D902EBFFD29F,id=bb55b568-9515-4c72-9e9b-b757ab502a4b
2023-09-07 08:55:18,368 [bb55b568-9515-4c72-9e9b-b757ab502a4b-impl-thread2] INFO  impl.RoleInfo (RoleInfo.java:shutdownFollowerState(110)) - bb55b568-9515-4c72-9e9b-b757ab502a4b: shutdown bb55b568-9515-4c72-9e9b-b757ab502a4b@group-D902EBFFD29F-FollowerState
2023-09-07 08:55:18,371 [bb55b568-9515-4c72-9e9b-b757ab502a4b-impl-thread3] INFO  server.RaftServer$Division (RaftServerImpl.java:lambda$close$4(466)) - bb55b568-9515-4c72-9e9b-b757ab502a4b@group-76C51690F0F5: shutdown
2023-09-07 08:55:18,371 [bb55b568-9515-4c72-9e9b-b757ab502a4b-impl-thread3] INFO  util.JmxRegister (JmxRegister.java:unregister(73)) - Successfully un-registered JMX Bean with object name Ratis:service=RaftServer,group=group-76C51690F0F5,id=bb55b568-9515-4c72-9e9b-b757ab502a4b
2023-09-07 08:55:18,371 [bb55b568-9515-4c72-9e9b-b757ab502a4b-impl-thread3] INFO  impl.RoleInfo (RoleInfo.java:shutdownFollowerState(110)) - bb55b568-9515-4c72-9e9b-b757ab502a4b: shutdown bb55b568-9515-4c72-9e9b-b757ab502a4b@group-76C51690F0F5-FollowerState
2023-09-07 08:55:18,373 [ForkJoinPool.commonPool-worker-3] INFO  server.GrpcService (GrpcService.java:closeImpl(311)) - bb55b568-9515-4c72-9e9b-b757ab502a4b: shutdown server org.apache.ratis.grpc.server.GrpcClientProtocolService now
2023-09-07 08:55:18,374 [bb55b568-9515-4c72-9e9b-b757ab502a4b-impl-thread4] INFO  server.RaftServer$Division (RaftServerImpl.java:lambda$close$4(466)) - bb55b568-9515-4c72-9e9b-b757ab502a4b@group-AF4568CE714F: shutdown
2023-09-07 08:55:18,374 [bb55b568-9515-4c72-9e9b-b757ab502a4b-impl-thread4] INFO  util.JmxRegister (JmxRegister.java:unregister(73)) - Successfully un-registered JMX Bean with object name Ratis:service=RaftServer,group=group-AF4568CE714F,id=bb55b568-9515-4c72-9e9b-b757ab502a4b
2023-09-07 08:55:18,375 [bb55b568-9515-4c72-9e9b-b757ab502a4b-impl-thread4] INFO  impl.RoleInfo (RoleInfo.java:shutdownLeaderState(93)) - bb55b568-9515-4c72-9e9b-b757ab502a4b: shutdown bb55b568-9515-4c72-9e9b-b757ab502a4b@group-AF4568CE714F-LeaderStateImpl
2023-09-07 08:55:18,375 [bb55b568-9515-4c72-9e9b-b757ab502a4b-impl-thread4] INFO  impl.PendingRequests (PendingRequests.java:sendNotLeaderResponses(289)) - bb55b568-9515-4c72-9e9b-b757ab502a4b@group-AF4568CE714F-PendingRequests: sendNotLeaderResponses
2023-09-07 08:55:18,377 [bb55b568-9515-4c72-9e9b-b757ab502a4b@group-AF4568CE714F-StateMachineUpdater] INFO  ratis.ContainerStateMachine (ContainerStateMachine.java:takeSnapshot(330)) - group-AF4568CE714F: Taking a snapshot at:(t:1, i:0) file /home/runner/work/ozone/ozone/hadoop-ozone/integration-test/target/test-dir/MiniOzoneClusterImpl-ca08a916-3927-468c-b731-1edf5636b3eb/datanode-1/data/ratis/eb61e8aa-d755-41e7-a231-af4568ce714f/sm/snapshot.1_0
2023-09-07 08:55:18,378 [bb55b568-9515-4c72-9e9b-b757ab502a4b-impl-thread4] INFO  impl.StateMachineUpdater (StateMachineUpdater.java:stopAndJoin(155)) - bb55b568-9515-4c72-9e9b-b757ab502a4b@group-AF4568CE714F-StateMachineUpdater: set stopIndex = 0
2023-09-07 08:55:18,378 [bb55b568-9515-4c72-9e9b-b757ab502a4b@group-AF4568CE714F-StateMachineUpdater] INFO  ratis.ContainerStateMachine (ContainerStateMachine.java:takeSnapshot(341)) - group-AF4568CE714F: Finished taking a snapshot at:(t:1, i:0) file:/home/runner/work/ozone/ozone/hadoop-ozone/integration-test/target/test-dir/MiniOzoneClusterImpl-ca08a916-3927-468c-b731-1edf5636b3eb/datanode-1/data/ratis/eb61e8aa-d755-41e7-a231-af4568ce714f/sm/snapshot.1_0 took: 2 ms
2023-09-07 08:55:18,379 [bb55b568-9515-4c72-9e9b-b757ab502a4b@group-AF4568CE714F-StateMachineUpdater] INFO  impl.StateMachineUpdater (StateMachineUpdater.java:takeSnapshot(291)) - bb55b568-9515-4c72-9e9b-b757ab502a4b@group-AF4568CE714F-StateMachineUpdater: Took a snapshot at index 0
2023-09-07 08:55:18,379 [bb55b568-9515-4c72-9e9b-b757ab502a4b@group-AF4568CE714F-StateMachineUpdater] INFO  impl.StateMachineUpdater (StateMachineUpdater.java:lambda$new$0(97)) - bb55b568-9515-4c72-9e9b-b757ab502a4b@group-AF4568CE714F-StateMachineUpdater: snapshotIndex: updateIncreasingly -1 -> 0
2023-09-07 08:55:18,379 [bb55b568-9515-4c72-9e9b-b757ab502a4b-impl-thread4] INFO  server.RaftServer$Division (ServerState.java:close(472)) - bb55b568-9515-4c72-9e9b-b757ab502a4b@group-AF4568CE714F: closes. applyIndex: 0
2023-09-07 08:55:18,381 [bb55b568-9515-4c72-9e9b-b757ab502a4b@group-76C51690F0F5-FollowerState] INFO  impl.FollowerState (FollowerState.java:run(152)) - bb55b568-9515-4c72-9e9b-b757ab502a4b@group-76C51690F0F5-FollowerState was interrupted
2023-09-07 08:55:18,381 [bb55b568-9515-4c72-9e9b-b757ab502a4b-impl-thread2] INFO  impl.StateMachineUpdater (StateMachineUpdater.java:stopAndJoin(155)) - bb55b568-9515-4c72-9e9b-b757ab502a4b@group-D902EBFFD29F-StateMachineUpdater: set stopIndex = 26
2023-09-07 08:55:18,381 [bb55b568-9515-4c72-9e9b-b757ab502a4b@group-76C51690F0F5-StateMachineUpdater] INFO  ratis.ContainerStateMachine (ContainerStateMachine.java:takeSnapshot(330)) - group-76C51690F0F5: Taking a snapshot at:(t:1, i:2) file /home/runner/work/ozone/ozone/hadoop-ozone/integration-test/target/test-dir/MiniOzoneClusterImpl-ca08a916-3927-468c-b731-1edf5636b3eb/datanode-1/data/ratis/68df4c7c-a2cf-46aa-a303-76c51690f0f5/sm/snapshot.1_2
2023-09-07 08:55:18,381 [bb55b568-9515-4c72-9e9b-b757ab502a4b@group-D902EBFFD29F-FollowerState] INFO  impl.FollowerState (FollowerState.java:run(152)) - bb55b568-9515-4c72-9e9b-b757ab502a4b@group-D902EBFFD29F-FollowerState was interrupted
2023-09-07 08:55:18,382 [bb55b568-9515-4c72-9e9b-b757ab502a4b@group-D902EBFFD29F-StateMachineUpdater] INFO  ratis.ContainerStateMachine (ContainerStateMachine.java:takeSnapshot(330)) - group-D902EBFFD29F: Taking a snapshot at:(t:1, i:26) file /home/runner/work/ozone/ozone/hadoop-ozone/integration-test/target/test-dir/MiniOzoneClusterImpl-ca08a916-3927-468c-b731-1edf5636b3eb/datanode-1/data/ratis/5ba4d63c-8cdd-4639-bc3a-d902ebffd29f/sm/snapshot.1_26
2023-09-07 08:55:18,382 [bb55b568-9515-4c72-9e9b-b757ab502a4b-impl-thread3] INFO  impl.StateMachineUpdater (StateMachineUpdater.java:stopAndJoin(155)) - bb55b568-9515-4c72-9e9b-b757ab502a4b@group-76C51690F0F5-StateMachineUpdater: set stopIndex = 2
2023-09-07 08:55:18,382 [bb55b568-9515-4c72-9e9b-b757ab502a4b@group-76C51690F0F5-StateMachineUpdater] INFO  ratis.ContainerStateMachine (ContainerStateMachine.java:takeSnapshot(341)) - group-76C51690F0F5: Finished taking a snapshot at:(t:1, i:2) file:/home/runner/work/ozone/ozone/hadoop-ozone/integration-test/target/test-dir/MiniOzoneClusterImpl-ca08a916-3927-468c-b731-1edf5636b3eb/datanode-1/data/ratis/68df4c7c-a2cf-46aa-a303-76c51690f0f5/sm/snapshot.1_2 took: 1 ms
2023-09-07 08:55:18,383 [bb55b568-9515-4c72-9e9b-b757ab502a4b@group-76C51690F0F5-StateMachineUpdater] INFO  impl.StateMachineUpdater (StateMachineUpdater.java:takeSnapshot(291)) - bb55b568-9515-4c72-9e9b-b757ab502a4b@group-76C51690F0F5-StateMachineUpdater: Took a snapshot at index 2
2023-09-07 08:55:18,383 [bb55b568-9515-4c72-9e9b-b757ab502a4b@group-76C51690F0F5-StateMachineUpdater] INFO  impl.StateMachineUpdater (StateMachineUpdater.java:lambda$new$0(97)) - bb55b568-9515-4c72-9e9b-b757ab502a4b@group-76C51690F0F5-StateMachineUpdater: snapshotIndex: updateIncreasingly -1 -> 2
2023-09-07 08:55:18,383 [bb55b568-9515-4c72-9e9b-b757ab502a4b@group-D902EBFFD29F-StateMachineUpdater] INFO  ratis.ContainerStateMachine (ContainerStateMachine.java:takeSnapshot(341)) - group-D902EBFFD29F: Finished taking a snapshot at:(t:1, i:26) file:/home/runner/work/ozone/ozone/hadoop-ozone/integration-test/target/test-dir/MiniOzoneClusterImpl-ca08a916-3927-468c-b731-1edf5636b3eb/datanode-1/data/ratis/5ba4d63c-8cdd-4639-bc3a-d902ebffd29f/sm/snapshot.1_26 took: 1 ms
2023-09-07 08:55:18,383 [bb55b568-9515-4c72-9e9b-b757ab502a4b@group-D902EBFFD29F-StateMachineUpdater] INFO  impl.StateMachineUpdater (StateMachineUpdater.java:takeSnapshot(291)) - bb55b568-9515-4c72-9e9b-b757ab502a4b@group-D902EBFFD29F-StateMachineUpdater: Took a snapshot at index 26
2023-09-07 08:55:18,383 [bb55b568-9515-4c72-9e9b-b757ab502a4b@group-D902EBFFD29F-StateMachineUpdater] INFO  impl.StateMachineUpdater (StateMachineUpdater.java:lambda$new$0(97)) - bb55b568-9515-4c72-9e9b-b757ab502a4b@group-D902EBFFD29F-StateMachineUpdater: snapshotIndex: updateIncreasingly -1 -> 26
2023-09-07 08:55:18,386 [Thread-1043] INFO  server.GrpcServerProtocolClient (GrpcServerProtocolClient.java:close(103)) - d53ff278-24a5-4154-8938-e562e33f1fe4 Close channels
2023-09-07 08:55:18,387 [Thread-1044] INFO  server.GrpcServerProtocolClient (GrpcServerProtocolClient.java:close(103)) - 631d0543-e884-417b-8085-5eab660cf7c0 Close channels
2023-09-07 08:55:18,388 [main] INFO  ozoneimpl.OzoneContainer (OzoneContainer.java:stop(451)) - Attempting to stop container services.
2023-09-07 08:55:18,390 [bb55b568-9515-4c72-9e9b-b757ab502a4b-impl-thread2] INFO  server.RaftServer$Division (ServerState.java:close(472)) - bb55b568-9515-4c72-9e9b-b757ab502a4b@group-D902EBFFD29F: closes. applyIndex: 26
2023-09-07 08:55:18,394 [main] INFO  server.RaftServer (RaftServerProxy.java:lambda$close$6(416)) - d53ff278-24a5-4154-8938-e562e33f1fe4: close
2023-09-07 08:55:18,394 [d53ff278-24a5-4154-8938-e562e33f1fe4-impl-thread2] INFO  server.RaftServer$Division (RaftServerImpl.java:lambda$close$4(466)) - d53ff278-24a5-4154-8938-e562e33f1fe4@group-D902EBFFD29F: shutdown
2023-09-07 08:55:18,395 [d53ff278-24a5-4154-8938-e562e33f1fe4-impl-thread2] INFO  util.JmxRegister (JmxRegister.java:unregister(73)) - Successfully un-registered JMX Bean with object name Ratis:service=RaftServer,group=group-D902EBFFD29F,id=d53ff278-24a5-4154-8938-e562e33f1fe4
2023-09-07 08:55:18,395 [d53ff278-24a5-4154-8938-e562e33f1fe4-impl-thread2] INFO  impl.RoleInfo (RoleInfo.java:shutdownFollowerState(110)) - d53ff278-24a5-4154-8938-e562e33f1fe4: shutdown d53ff278-24a5-4154-8938-e562e33f1fe4@group-D902EBFFD29F-FollowerState
2023-09-07 08:55:18,395 [d53ff278-24a5-4154-8938-e562e33f1fe4-impl-thread3] INFO  server.RaftServer$Division (RaftServerImpl.java:lambda$close$4(466)) - d53ff278-24a5-4154-8938-e562e33f1fe4@group-76C51690F0F5: shutdown
2023-09-07 08:55:18,395 [d53ff278-24a5-4154-8938-e562e33f1fe4-impl-thread3] INFO  util.JmxRegister (JmxRegister.java:unregister(73)) - Successfully un-registered JMX Bean with object name Ratis:service=RaftServer,group=group-76C51690F0F5,id=d53ff278-24a5-4154-8938-e562e33f1fe4
2023-09-07 08:55:18,395 [d53ff278-24a5-4154-8938-e562e33f1fe4-impl-thread3] INFO  impl.RoleInfo (RoleInfo.java:shutdownLeaderState(93)) - d53ff278-24a5-4154-8938-e562e33f1fe4: shutdown d53ff278-24a5-4154-8938-e562e33f1fe4@group-76C51690F0F5-LeaderStateImpl
2023-09-07 08:55:18,395 [main] INFO  server.GrpcService (GrpcService.java:closeImpl(311)) - d53ff278-24a5-4154-8938-e562e33f1fe4: shutdown server org.apache.ratis.grpc.server.GrpcClientProtocolService now
2023-09-07 08:55:18,398 [bb55b568-9515-4c72-9e9b-b757ab502a4b-impl-thread3] INFO  server.RaftServer$Division (ServerState.java:close(472)) - bb55b568-9515-4c72-9e9b-b757ab502a4b@group-76C51690F0F5: closes. applyIndex: 2
2023-09-07 08:55:18,403 [d53ff278-24a5-4154-8938-e562e33f1fe4-impl-thread4] INFO  server.RaftServer$Division (RaftServerImpl.java:lambda$close$4(466)) - d53ff278-24a5-4154-8938-e562e33f1fe4@group-629976F10C3C: shutdown
2023-09-07 08:55:18,403 [d53ff278-24a5-4154-8938-e562e33f1fe4-impl-thread4] INFO  util.JmxRegister (JmxRegister.java:unregister(73)) - Successfully un-registered JMX Bean with object name Ratis:service=RaftServer,group=group-629976F10C3C,id=d53ff278-24a5-4154-8938-e562e33f1fe4
2023-09-07 08:55:18,403 [d53ff278-24a5-4154-8938-e562e33f1fe4-impl-thread4] INFO  impl.RoleInfo (RoleInfo.java:shutdownLeaderState(93)) - d53ff278-24a5-4154-8938-e562e33f1fe4: shutdown d53ff278-24a5-4154-8938-e562e33f1fe4@group-629976F10C3C-LeaderStateImpl
2023-09-07 08:55:18,403 [d53ff278-24a5-4154-8938-e562e33f1fe4-impl-thread4] INFO  impl.PendingRequests (PendingRequests.java:sendNotLeaderResponses(289)) - d53ff278-24a5-4154-8938-e562e33f1fe4@group-629976F10C3C-PendingRequests: sendNotLeaderResponses
2023-09-07 08:55:18,403 [d53ff278-24a5-4154-8938-e562e33f1fe4-impl-thread3] INFO  impl.PendingRequests (PendingRequests.java:sendNotLeaderResponses(289)) - d53ff278-24a5-4154-8938-e562e33f1fe4@group-76C51690F0F5-PendingRequests: sendNotLeaderResponses
2023-09-07 08:55:18,403 [d53ff278-24a5-4154-8938-e562e33f1fe4-impl-thread4] INFO  impl.StateMachineUpdater (StateMachineUpdater.java:stopAndJoin(155)) - d53ff278-24a5-4154-8938-e562e33f1fe4@group-629976F10C3C-StateMachineUpdater: set stopIndex = 0
2023-09-07 08:55:18,404 [d53ff278-24a5-4154-8938-e562e33f1fe4@group-D902EBFFD29F-FollowerState] INFO  impl.FollowerState (FollowerState.java:run(152)) - d53ff278-24a5-4154-8938-e562e33f1fe4@group-D902EBFFD29F-FollowerState was interrupted
2023-09-07 08:55:18,403 [d53ff278-24a5-4154-8938-e562e33f1fe4-impl-thread2] INFO  impl.StateMachineUpdater (StateMachineUpdater.java:stopAndJoin(155)) - d53ff278-24a5-4154-8938-e562e33f1fe4@group-D902EBFFD29F-StateMachineUpdater: set stopIndex = 26
2023-09-07 08:55:18,404 [d53ff278-24a5-4154-8938-e562e33f1fe4@group-D902EBFFD29F-StateMachineUpdater] INFO  ratis.ContainerStateMachine (ContainerStateMachine.java:takeSnapshot(330)) - group-D902EBFFD29F: Taking a snapshot at:(t:1, i:26) file /home/runner/work/ozone/ozone/hadoop-ozone/integration-test/target/test-dir/MiniOzoneClusterImpl-ca08a916-3927-468c-b731-1edf5636b3eb/datanode-2/data/ratis/5ba4d63c-8cdd-4639-bc3a-d902ebffd29f/sm/snapshot.1_26
2023-09-07 08:55:18,405 [d53ff278-24a5-4154-8938-e562e33f1fe4@group-629976F10C3C-StateMachineUpdater] INFO  ratis.ContainerStateMachine (ContainerStateMachine.java:takeSnapshot(330)) - group-629976F10C3C: Taking a snapshot at:(t:1, i:0) file /home/runner/work/ozone/ozone/hadoop-ozone/integration-test/target/test-dir/MiniOzoneClusterImpl-ca08a916-3927-468c-b731-1edf5636b3eb/datanode-2/data/ratis/7d1fdec5-1c89-4c87-965e-629976f10c3c/sm/snapshot.1_0
2023-09-07 08:55:18,405 [d53ff278-24a5-4154-8938-e562e33f1fe4@group-76C51690F0F5->bb55b568-9515-4c72-9e9b-b757ab502a4b-GrpcLogAppender-LogAppenderDaemon] WARN  server.GrpcLogAppender (GrpcLogAppender.java:mayWait(199)) - d53ff278-24a5-4154-8938-e562e33f1fe4@group-76C51690F0F5->bb55b568-9515-4c72-9e9b-b757ab502a4b-GrpcLogAppender: Wait interrupted by java.lang.InterruptedException
2023-09-07 08:55:18,405 [d53ff278-24a5-4154-8938-e562e33f1fe4@group-76C51690F0F5->631d0543-e884-417b-8085-5eab660cf7c0-GrpcLogAppender-LogAppenderDaemon] WARN  server.GrpcLogAppender (GrpcLogAppender.java:mayWait(199)) - d53ff278-24a5-4154-8938-e562e33f1fe4@group-76C51690F0F5->631d0543-e884-417b-8085-5eab660cf7c0-GrpcLogAppender: Wait interrupted by java.lang.InterruptedException
2023-09-07 08:55:18,406 [grpc-default-executor-1] WARN  server.GrpcClientProtocolService (LogUtils.java:warn(122)) - 0-OrderedRequestStreamObserver0: onError: org.apache.ratis.thirdparty.io.grpc.StatusRuntimeException: CANCELLED: client cancelled
2023-09-07 08:55:18,406 [d53ff278-24a5-4154-8938-e562e33f1fe4@group-629976F10C3C-StateMachineUpdater] INFO  ratis.ContainerStateMachine (ContainerStateMachine.java:takeSnapshot(341)) - group-629976F10C3C: Finished taking a snapshot at:(t:1, i:0) file:/home/runner/work/ozone/ozone/hadoop-ozone/integration-test/target/test-dir/MiniOzoneClusterImpl-ca08a916-3927-468c-b731-1edf5636b3eb/datanode-2/data/ratis/7d1fdec5-1c89-4c87-965e-629976f10c3c/sm/snapshot.1_0 took: 2 ms
2023-09-07 08:55:18,407 [d53ff278-24a5-4154-8938-e562e33f1fe4@group-629976F10C3C-StateMachineUpdater] INFO  impl.StateMachineUpdater (StateMachineUpdater.java:takeSnapshot(291)) - d53ff278-24a5-4154-8938-e562e33f1fe4@group-629976F10C3C-StateMachineUpdater: Took a snapshot at index 0
2023-09-07 08:55:18,407 [d53ff278-24a5-4154-8938-e562e33f1fe4@group-629976F10C3C-StateMachineUpdater] INFO  impl.StateMachineUpdater (StateMachineUpdater.java:lambda$new$0(97)) - d53ff278-24a5-4154-8938-e562e33f1fe4@group-629976F10C3C-StateMachineUpdater: snapshotIndex: updateIncreasingly -1 -> 0
2023-09-07 08:55:18,410 [d53ff278-24a5-4154-8938-e562e33f1fe4@group-D902EBFFD29F-StateMachineUpdater] INFO  ratis.ContainerStateMachine (ContainerStateMachine.java:takeSnapshot(341)) - group-D902EBFFD29F: Finished taking a snapshot at:(t:1, i:26) file:/home/runner/work/ozone/ozone/hadoop-ozone/integration-test/target/test-dir/MiniOzoneClusterImpl-ca08a916-3927-468c-b731-1edf5636b3eb/datanode-2/data/ratis/5ba4d63c-8cdd-4639-bc3a-d902ebffd29f/sm/snapshot.1_26 took: 5 ms
2023-09-07 08:55:18,410 [d53ff278-24a5-4154-8938-e562e33f1fe4@group-D902EBFFD29F-StateMachineUpdater] INFO  impl.StateMachineUpdater (StateMachineUpdater.java:takeSnapshot(291)) - d53ff278-24a5-4154-8938-e562e33f1fe4@group-D902EBFFD29F-StateMachineUpdater: Took a snapshot at index 26
2023-09-07 08:55:18,410 [d53ff278-24a5-4154-8938-e562e33f1fe4@group-D902EBFFD29F-StateMachineUpdater] INFO  impl.StateMachineUpdater (StateMachineUpdater.java:lambda$new$0(97)) - d53ff278-24a5-4154-8938-e562e33f1fe4@group-D902EBFFD29F-StateMachineUpdater: snapshotIndex: updateIncreasingly -1 -> 26
2023-09-07 08:55:18,412 [ForkJoinPool.commonPool-worker-0] INFO  ozoneimpl.OzoneContainer (OzoneContainer.java:stop(451)) - Attempting to stop container services.
2023-09-07 08:55:18,413 [ForkJoinPool.commonPool-worker-0] INFO  server.RaftServer (RaftServerProxy.java:lambda$close$6(416)) - 631d0543-e884-417b-8085-5eab660cf7c0: close
2023-09-07 08:55:18,413 [d53ff278-24a5-4154-8938-e562e33f1fe4-impl-thread2] INFO  server.RaftServer$Division (ServerState.java:close(472)) - d53ff278-24a5-4154-8938-e562e33f1fe4@group-D902EBFFD29F: closes. applyIndex: 26
2023-09-07 08:55:18,414 [Thread-1050] INFO  server.GrpcServerProtocolClient (GrpcServerProtocolClient.java:close(103)) - 631d0543-e884-417b-8085-5eab660cf7c0 Close channels
2023-09-07 08:55:18,414 [d53ff278-24a5-4154-8938-e562e33f1fe4-impl-thread4] INFO  server.RaftServer$Division (ServerState.java:close(472)) - d53ff278-24a5-4154-8938-e562e33f1fe4@group-629976F10C3C: closes. applyIndex: 0
2023-09-07 08:55:18,414 [631d0543-e884-417b-8085-5eab660cf7c0-impl-thread2] INFO  server.RaftServer$Division (RaftServerImpl.java:lambda$close$4(466)) - 631d0543-e884-417b-8085-5eab660cf7c0@group-D902EBFFD29F: shutdown
2023-09-07 08:55:18,414 [631d0543-e884-417b-8085-5eab660cf7c0-impl-thread2] INFO  util.JmxRegister (JmxRegister.java:unregister(73)) - Successfully un-registered JMX Bean with object name Ratis:service=RaftServer,group=group-D902EBFFD29F,id=631d0543-e884-417b-8085-5eab660cf7c0
2023-09-07 08:55:18,414 [631d0543-e884-417b-8085-5eab660cf7c0-impl-thread2] INFO  impl.RoleInfo (RoleInfo.java:shutdownLeaderState(93)) - 631d0543-e884-417b-8085-5eab660cf7c0: shutdown 631d0543-e884-417b-8085-5eab660cf7c0@group-D902EBFFD29F-LeaderStateImpl
2023-09-07 08:55:18,415 [631d0543-e884-417b-8085-5eab660cf7c0-impl-thread3] INFO  server.RaftServer$Division (RaftServerImpl.java:lambda$close$4(466)) - 631d0543-e884-417b-8085-5eab660cf7c0@group-76C51690F0F5: shutdown
2023-09-07 08:55:18,415 [631d0543-e884-417b-8085-5eab660cf7c0-impl-thread3] INFO  util.JmxRegister (JmxRegister.java:unregister(73)) - Successfully un-registered JMX Bean with object name Ratis:service=RaftServer,group=group-76C51690F0F5,id=631d0543-e884-417b-8085-5eab660cf7c0
2023-09-07 08:55:18,415 [631d0543-e884-417b-8085-5eab660cf7c0-impl-thread3] INFO  impl.RoleInfo (RoleInfo.java:shutdownFollowerState(110)) - 631d0543-e884-417b-8085-5eab660cf7c0: shutdown 631d0543-e884-417b-8085-5eab660cf7c0@group-76C51690F0F5-FollowerState
2023-09-07 08:55:18,415 [ForkJoinPool.commonPool-worker-0] INFO  server.GrpcService (GrpcService.java:closeImpl(311)) - 631d0543-e884-417b-8085-5eab660cf7c0: shutdown server org.apache.ratis.grpc.server.GrpcClientProtocolService now
2023-09-07 08:55:18,418 [ForkJoinPool.commonPool-worker-3] INFO  server.GrpcService (GrpcService.java:closeImpl(320)) - bb55b568-9515-4c72-9e9b-b757ab502a4b: shutdown server org.apache.ratis.grpc.server.GrpcClientProtocolService successfully
2023-09-07 08:55:18,418 [ForkJoinPool.commonPool-worker-3] INFO  server.GrpcService (GrpcService.java:closeImpl(311)) - bb55b568-9515-4c72-9e9b-b757ab502a4b: shutdown server GrpcServerProtocolService now
2023-09-07 08:55:18,419 [grpc-default-executor-6] INFO  server.GrpcServerProtocolService (GrpcServerProtocolService.java:onCompleted(155)) - 631d0543-e884-417b-8085-5eab660cf7c0: Completed APPEND_ENTRIES, lastRequest: d53ff278-24a5-4154-8938-e562e33f1fe4->631d0543-e884-417b-8085-5eab660cf7c0#33-t1,previous=(t:1, i:3),leaderCommit=2,initializing? true,entries: size=1, first=(t:1, i:4), METADATAENTRY(c:2)
2023-09-07 08:55:18,419 [grpc-default-executor-6] INFO  server.GrpcServerProtocolService (GrpcServerProtocolService.java:lambda$onCompleted$5(157)) - 631d0543-e884-417b-8085-5eab660cf7c0: Completed APPEND_ENTRIES, lastReply: null
2023-09-07 08:55:18,419 [grpc-default-executor-4] INFO  server.GrpcServerProtocolService (GrpcServerProtocolService.java:onCompleted(155)) - 631d0543-e884-417b-8085-5eab660cf7c0: Completed APPEND_ENTRIES, lastRequest: null
2023-09-07 08:55:18,419 [grpc-default-executor-1] INFO  server.GrpcServerProtocolService (GrpcServerProtocolService.java:onCompleted(155)) - bb55b568-9515-4c72-9e9b-b757ab502a4b: Completed APPEND_ENTRIES, lastRequest: d53ff278-24a5-4154-8938-e562e33f1fe4->bb55b568-9515-4c72-9e9b-b757ab502a4b#32-t1,previous=(t:1, i:3),leaderCommit=2,initializing? true,entries: size=1, first=(t:1, i:4), METADATAENTRY(c:2)
2023-09-07 08:55:18,420 [grpc-default-executor-1] INFO  server.GrpcServerProtocolService (GrpcServerProtocolService.java:lambda$onCompleted$5(157)) - bb55b568-9515-4c72-9e9b-b757ab502a4b: Completed APPEND_ENTRIES, lastReply: null
2023-09-07 08:55:18,420 [grpc-default-executor-4] INFO  server.GrpcServerProtocolService (GrpcServerProtocolService.java:lambda$onCompleted$5(157)) - 631d0543-e884-417b-8085-5eab660cf7c0: Completed APPEND_ENTRIES, lastReply: serverReply {
  requestorId: "d53ff278-24a5-4154-8938-e562e33f1fe4"
  replyId: "631d0543-e884-417b-8085-5eab660cf7c0"
  raftGroupId {
    id: "h\337L|\242\317F\252\243\003v\305\026\220\360\365"
  }
  callId: 29
  success: true
}
term: 1
nextIndex: 1
matchIndex: 18446744073709551615
isHearbeat: true

2023-09-07 08:55:18,420 [Thread-1051] INFO  server.GrpcServerProtocolClient (GrpcServerProtocolClient.java:close(103)) - bb55b568-9515-4c72-9e9b-b757ab502a4b Close channels
2023-09-07 08:55:18,421 [grpc-default-executor-8] INFO  server.GrpcLogAppender (GrpcLogAppender.java:onCompleted(428)) - d53ff278-24a5-4154-8938-e562e33f1fe4@group-76C51690F0F5->631d0543-e884-417b-8085-5eab660cf7c0-AppendLogResponseHandler: follower responses appendEntries COMPLETED
2023-09-07 08:55:18,421 [grpc-default-executor-7] INFO  server.GrpcServerProtocolService (GrpcServerProtocolService.java:onCompleted(155)) - bb55b568-9515-4c72-9e9b-b757ab502a4b: Completed APPEND_ENTRIES, lastRequest: null
2023-09-07 08:55:18,421 [grpc-default-executor-8] WARN  server.GrpcLogAppender (GrpcLogAppender.java:resetClient(137)) - d53ff278-24a5-4154-8938-e562e33f1fe4@group-76C51690F0F5->631d0543-e884-417b-8085-5eab660cf7c0-GrpcLogAppender: Failed to getClient for 631d0543-e884-417b-8085-5eab660cf7c0
org.apache.ratis.protocol.exceptions.AlreadyClosedException: d53ff278-24a5-4154-8938-e562e33f1fe4 is already CLOSED
	at org.apache.ratis.util.PeerProxyMap$PeerAndProxy.getProxy(PeerProxyMap.java:61)
	at org.apache.ratis.util.PeerProxyMap.getProxy(PeerProxyMap.java:115)
	at org.apache.ratis.grpc.server.GrpcLogAppender.getClient(GrpcLogAppender.java:112)
	at org.apache.ratis.grpc.server.GrpcLogAppender.resetClient(GrpcLogAppender.java:117)
	at org.apache.ratis.grpc.server.GrpcLogAppender.access$500(GrpcLogAppender.java:56)
	at org.apache.ratis.grpc.server.GrpcLogAppender$AppendLogResponseHandler.onCompleted(GrpcLogAppender.java:429)
	at org.apache.ratis.thirdparty.io.grpc.stub.ClientCalls$StreamObserverToCallListenerAdapter.onClose(ClientCalls.java:485)
	at org.apache.ratis.thirdparty.io.grpc.internal.ClientCallImpl.closeObserver(ClientCallImpl.java:563)
	at org.apache.ratis.thirdparty.io.grpc.internal.ClientCallImpl.access$300(ClientCallImpl.java:70)
	at org.apache.ratis.thirdparty.io.grpc.internal.ClientCallImpl$ClientStreamListenerImpl$1StreamClosed.runInternal(ClientCallImpl.java:744)
	at org.apache.ratis.thirdparty.io.grpc.internal.ClientCallImpl$ClientStreamListenerImpl$1StreamClosed.runInContext(ClientCallImpl.java:723)
	at org.apache.ratis.thirdparty.io.grpc.internal.ContextRunnable.run(ContextRunnable.java:37)
	at org.apache.ratis.thirdparty.io.grpc.internal.SerializingExecutor.run(SerializingExecutor.java:133)
	at java.util.concurrent.ThreadPoolExecutor.runWorker(ThreadPoolExecutor.java:1149)
	at java.util.concurrent.ThreadPoolExecutor$Worker.run(ThreadPoolExecutor.java:624)
	at java.lang.Thread.run(Thread.java:750)
2023-09-07 08:55:18,421 [grpc-default-executor-7] INFO  server.GrpcServerProtocolService (GrpcServerProtocolService.java:lambda$onCompleted$5(157)) - bb55b568-9515-4c72-9e9b-b757ab502a4b: Completed APPEND_ENTRIES, lastReply: serverReply {
  requestorId: "d53ff278-24a5-4154-8938-e562e33f1fe4"
  replyId: "bb55b568-9515-4c72-9e9b-b757ab502a4b"
  raftGroupId {
    id: "h\337L|\242\317F\252\243\003v\305\026\220\360\365"
  }
  callId: 28
  success: true
}
term: 1
nextIndex: 1
matchIndex: 18446744073709551615
isHearbeat: true

2023-09-07 08:55:18,430 [631d0543-e884-417b-8085-5eab660cf7c0@group-D902EBFFD29F->bb55b568-9515-4c72-9e9b-b757ab502a4b-GrpcLogAppender-LogAppenderDaemon] WARN  server.GrpcLogAppender (GrpcLogAppender.java:mayWait(199)) - 631d0543-e884-417b-8085-5eab660cf7c0@group-D902EBFFD29F->bb55b568-9515-4c72-9e9b-b757ab502a4b-GrpcLogAppender: Wait interrupted by java.lang.InterruptedException
2023-09-07 08:55:18,428 [631d0543-e884-417b-8085-5eab660cf7c0@group-D902EBFFD29F->d53ff278-24a5-4154-8938-e562e33f1fe4-GrpcLogAppender-LogAppenderDaemon] WARN  server.GrpcLogAppender (GrpcLogAppender.java:mayWait(199)) - 631d0543-e884-417b-8085-5eab660cf7c0@group-D902EBFFD29F->d53ff278-24a5-4154-8938-e562e33f1fe4-GrpcLogAppender: Wait interrupted by java.lang.InterruptedException
2023-09-07 08:55:18,422 [grpc-default-executor-9] INFO  server.GrpcLogAppender (GrpcLogAppender.java:onCompleted(428)) - d53ff278-24a5-4154-8938-e562e33f1fe4@group-76C51690F0F5->631d0543-e884-417b-8085-5eab660cf7c0-AppendLogResponseHandler: follower responses appendEntries COMPLETED
2023-09-07 08:55:18,431 [grpc-default-executor-9] WARN  server.GrpcLogAppender (GrpcLogAppender.java:resetClient(137)) - d53ff278-24a5-4154-8938-e562e33f1fe4@group-76C51690F0F5->631d0543-e884-417b-8085-5eab660cf7c0-GrpcLogAppender: Failed to getClient for 631d0543-e884-417b-8085-5eab660cf7c0
org.apache.ratis.protocol.exceptions.AlreadyClosedException: d53ff278-24a5-4154-8938-e562e33f1fe4 is already CLOSED
	at org.apache.ratis.util.PeerProxyMap$PeerAndProxy.getProxy(PeerProxyMap.java:61)
	at org.apache.ratis.util.PeerProxyMap.getProxy(PeerProxyMap.java:115)
	at org.apache.ratis.grpc.server.GrpcLogAppender.getClient(GrpcLogAppender.java:112)
	at org.apache.ratis.grpc.server.GrpcLogAppender.resetClient(GrpcLogAppender.java:117)
	at org.apache.ratis.grpc.server.GrpcLogAppender.access$500(GrpcLogAppender.java:56)
	at org.apache.ratis.grpc.server.GrpcLogAppender$AppendLogResponseHandler.onCompleted(GrpcLogAppender.java:429)
	at org.apache.ratis.thirdparty.io.grpc.stub.ClientCalls$StreamObserverToCallListenerAdapter.onClose(ClientCalls.java:485)
	at org.apache.ratis.thirdparty.io.grpc.internal.ClientCallImpl.closeObserver(ClientCallImpl.java:563)
	at org.apache.ratis.thirdparty.io.grpc.internal.ClientCallImpl.access$300(ClientCallImpl.java:70)
	at org.apache.ratis.thirdparty.io.grpc.internal.ClientCallImpl$ClientStreamListenerImpl$1StreamClosed.runInternal(ClientCallImpl.java:744)
	at org.apache.ratis.thirdparty.io.grpc.internal.ClientCallImpl$ClientStreamListenerImpl$1StreamClosed.runInContext(ClientCallImpl.java:723)
	at org.apache.ratis.thirdparty.io.grpc.internal.ContextRunnable.run(ContextRunnable.java:37)
	at org.apache.ratis.thirdparty.io.grpc.internal.SerializingExecutor.run(SerializingExecutor.java:133)
	at java.util.concurrent.ThreadPoolExecutor.runWorker(ThreadPoolExecutor.java:1149)
	at java.util.concurrent.ThreadPoolExecutor$Worker.run(ThreadPoolExecutor.java:624)
	at java.lang.Thread.run(Thread.java:750)
2023-09-07 08:55:18,431 [d53ff278-24a5-4154-8938-e562e33f1fe4@group-76C51690F0F5-StateMachineUpdater] INFO  ratis.ContainerStateMachine (ContainerStateMachine.java:takeSnapshot(330)) - group-76C51690F0F5: Taking a snapshot at:(t:1, i:4) file /home/runner/work/ozone/ozone/hadoop-ozone/integration-test/target/test-dir/MiniOzoneClusterImpl-ca08a916-3927-468c-b731-1edf5636b3eb/datanode-2/data/ratis/68df4c7c-a2cf-46aa-a303-76c51690f0f5/sm/snapshot.1_4
2023-09-07 08:55:18,428 [631d0543-e884-417b-8085-5eab660cf7c0@group-76C51690F0F5-StateMachineUpdater] INFO  ratis.ContainerStateMachine (ContainerStateMachine.java:takeSnapshot(330)) - group-76C51690F0F5: Taking a snapshot at:(t:1, i:2) file /home/runner/work/ozone/ozone/hadoop-ozone/integration-test/target/test-dir/MiniOzoneClusterImpl-ca08a916-3927-468c-b731-1edf5636b3eb/datanode-0/data/ratis/68df4c7c-a2cf-46aa-a303-76c51690f0f5/sm/snapshot.1_2
2023-09-07 08:55:18,427 [631d0543-e884-417b-8085-5eab660cf7c0-impl-thread2] INFO  impl.PendingRequests (PendingRequests.java:sendNotLeaderResponses(289)) - 631d0543-e884-417b-8085-5eab660cf7c0@group-D902EBFFD29F-PendingRequests: sendNotLeaderResponses
2023-09-07 08:55:18,427 [631d0543-e884-417b-8085-5eab660cf7c0@group-76C51690F0F5-FollowerState] INFO  impl.FollowerState (FollowerState.java:run(152)) - 631d0543-e884-417b-8085-5eab660cf7c0@group-76C51690F0F5-FollowerState was interrupted
2023-09-07 08:55:18,427 [631d0543-e884-417b-8085-5eab660cf7c0-impl-thread3] INFO  impl.StateMachineUpdater (StateMachineUpdater.java:stopAndJoin(155)) - 631d0543-e884-417b-8085-5eab660cf7c0@group-76C51690F0F5-StateMachineUpdater: set stopIndex = 2
2023-09-07 08:55:18,427 [631d0543-e884-417b-8085-5eab660cf7c0-impl-thread4] INFO  server.RaftServer$Division (RaftServerImpl.java:lambda$close$4(466)) - 631d0543-e884-417b-8085-5eab660cf7c0@group-0A10452DB37D: shutdown
2023-09-07 08:55:18,434 [631d0543-e884-417b-8085-5eab660cf7c0-impl-thread4] INFO  util.JmxRegister (JmxRegister.java:unregister(73)) - Successfully un-registered JMX Bean with object name Ratis:service=RaftServer,group=group-0A10452DB37D,id=631d0543-e884-417b-8085-5eab660cf7c0
2023-09-07 08:55:18,434 [631d0543-e884-417b-8085-5eab660cf7c0-impl-thread4] INFO  impl.RoleInfo (RoleInfo.java:shutdownLeaderState(93)) - 631d0543-e884-417b-8085-5eab660cf7c0: shutdown 631d0543-e884-417b-8085-5eab660cf7c0@group-0A10452DB37D-LeaderStateImpl
2023-09-07 08:55:18,435 [631d0543-e884-417b-8085-5eab660cf7c0-impl-thread4] INFO  impl.PendingRequests (PendingRequests.java:sendNotLeaderResponses(289)) - 631d0543-e884-417b-8085-5eab660cf7c0@group-0A10452DB37D-PendingRequests: sendNotLeaderResponses
2023-09-07 08:55:18,435 [631d0543-e884-417b-8085-5eab660cf7c0-impl-thread4] INFO  impl.StateMachineUpdater (StateMachineUpdater.java:stopAndJoin(155)) - 631d0543-e884-417b-8085-5eab660cf7c0@group-0A10452DB37D-StateMachineUpdater: set stopIndex = 0
2023-09-07 08:55:18,433 [Thread-1057] INFO  server.GrpcServerProtocolClient (GrpcServerProtocolClient.java:close(103)) - bb55b568-9515-4c72-9e9b-b757ab502a4b Close channels
2023-09-07 08:55:18,433 [Thread-1055] INFO  server.GrpcServerProtocolClient (GrpcServerProtocolClient.java:close(103)) - d53ff278-24a5-4154-8938-e562e33f1fe4 Close channels
2023-09-07 08:55:18,431 [d53ff278-24a5-4154-8938-e562e33f1fe4-impl-thread3] INFO  impl.StateMachineUpdater (StateMachineUpdater.java:stopAndJoin(155)) - d53ff278-24a5-4154-8938-e562e33f1fe4@group-76C51690F0F5-StateMachineUpdater: set stopIndex = 4
2023-09-07 08:55:18,435 [631d0543-e884-417b-8085-5eab660cf7c0@group-0A10452DB37D-StateMachineUpdater] INFO  ratis.ContainerStateMachine (ContainerStateMachine.java:takeSnapshot(330)) - group-0A10452DB37D: Taking a snapshot at:(t:1, i:0) file /home/runner/work/ozone/ozone/hadoop-ozone/integration-test/target/test-dir/MiniOzoneClusterImpl-ca08a916-3927-468c-b731-1edf5636b3eb/datanode-0/data/ratis/032aeb7f-7c2d-4e30-969f-0a10452db37d/sm/snapshot.1_0
2023-09-07 08:55:18,435 [grpc-default-executor-10] INFO  server.GrpcLogAppender (GrpcLogAppender.java:onCompleted(428)) - d53ff278-24a5-4154-8938-e562e33f1fe4@group-76C51690F0F5->bb55b568-9515-4c72-9e9b-b757ab502a4b-AppendLogResponseHandler: follower responses appendEntries COMPLETED
2023-09-07 08:55:18,438 [grpc-default-executor-10] WARN  server.GrpcLogAppender (GrpcLogAppender.java:resetClient(137)) - d53ff278-24a5-4154-8938-e562e33f1fe4@group-76C51690F0F5->bb55b568-9515-4c72-9e9b-b757ab502a4b-GrpcLogAppender: Failed to getClient for bb55b568-9515-4c72-9e9b-b757ab502a4b
org.apache.ratis.protocol.exceptions.AlreadyClosedException: d53ff278-24a5-4154-8938-e562e33f1fe4 is already CLOSED
	at org.apache.ratis.util.PeerProxyMap$PeerAndProxy.getProxy(PeerProxyMap.java:61)
	at org.apache.ratis.util.PeerProxyMap.getProxy(PeerProxyMap.java:115)
	at org.apache.ratis.grpc.server.GrpcLogAppender.getClient(GrpcLogAppender.java:112)
	at org.apache.ratis.grpc.server.GrpcLogAppender.resetClient(GrpcLogAppender.java:117)
	at org.apache.ratis.grpc.server.GrpcLogAppender.access$500(GrpcLogAppender.java:56)
	at org.apache.ratis.grpc.server.GrpcLogAppender$AppendLogResponseHandler.onCompleted(GrpcLogAppender.java:429)
	at org.apache.ratis.thirdparty.io.grpc.stub.ClientCalls$StreamObserverToCallListenerAdapter.onClose(ClientCalls.java:485)
	at org.apache.ratis.thirdparty.io.grpc.internal.ClientCallImpl.closeObserver(ClientCallImpl.java:563)
	at org.apache.ratis.thirdparty.io.grpc.internal.ClientCallImpl.access$300(ClientCallImpl.java:70)
	at org.apache.ratis.thirdparty.io.grpc.internal.ClientCallImpl$ClientStreamListenerImpl$1StreamClosed.runInternal(ClientCallImpl.java:744)
	at org.apache.ratis.thirdparty.io.grpc.internal.ClientCallImpl$ClientStreamListenerImpl$1StreamClosed.runInContext(ClientCallImpl.java:723)
	at org.apache.ratis.thirdparty.io.grpc.internal.ContextRunnable.run(ContextRunnable.java:37)
	at org.apache.ratis.thirdparty.io.grpc.internal.SerializingExecutor.run(SerializingExecutor.java:133)
	at java.util.concurrent.ThreadPoolExecutor.runWorker(ThreadPoolExecutor.java:1149)
	at java.util.concurrent.ThreadPoolExecutor$Worker.run(ThreadPoolExecutor.java:624)
	at java.lang.Thread.run(Thread.java:750)
2023-09-07 08:55:18,439 [631d0543-e884-417b-8085-5eab660cf7c0-impl-thread2] INFO  impl.StateMachineUpdater (StateMachineUpdater.java:stopAndJoin(155)) - 631d0543-e884-417b-8085-5eab660cf7c0@group-D902EBFFD29F-StateMachineUpdater: set stopIndex = 26
2023-09-07 08:55:18,439 [631d0543-e884-417b-8085-5eab660cf7c0@group-D902EBFFD29F-StateMachineUpdater] INFO  ratis.ContainerStateMachine (ContainerStateMachine.java:takeSnapshot(330)) - group-D902EBFFD29F: Taking a snapshot at:(t:1, i:26) file /home/runner/work/ozone/ozone/hadoop-ozone/integration-test/target/test-dir/MiniOzoneClusterImpl-ca08a916-3927-468c-b731-1edf5636b3eb/datanode-0/data/ratis/5ba4d63c-8cdd-4639-bc3a-d902ebffd29f/sm/snapshot.1_26
2023-09-07 08:55:18,439 [grpc-default-executor-9] WARN  server.GrpcClientProtocolService (LogUtils.java:warn(122)) - 0-OrderedRequestStreamObserver0: onError: org.apache.ratis.thirdparty.io.grpc.StatusRuntimeException: CANCELLED: client cancelled
2023-09-07 08:55:18,441 [grpc-default-executor-1] WARN  server.GrpcClientProtocolService (LogUtils.java:warn(122)) - 1-UnorderedRequestStreamObserver1: onError: org.apache.ratis.thirdparty.io.grpc.StatusRuntimeException: CANCELLED: client cancelled
2023-09-07 08:55:18,441 [grpc-default-executor-6] WARN  server.GrpcServerProtocolService (LogUtils.java:warn(122)) - bb55b568-9515-4c72-9e9b-b757ab502a4b: APPEND_ENTRIES onError, lastRequest: 631d0543-e884-417b-8085-5eab660cf7c0->bb55b568-9515-4c72-9e9b-b757ab502a4b#53-t1,previous=(t:1, i:25),leaderCommit=25,initializing? true,entries: size=1, first=(t:1, i:26), METADATAENTRY(c:24): org.apache.ratis.thirdparty.io.grpc.StatusRuntimeException: CANCELLED: client cancelled
2023-09-07 08:55:18,444 [d53ff278-24a5-4154-8938-e562e33f1fe4@group-76C51690F0F5-StateMachineUpdater] INFO  ratis.ContainerStateMachine (ContainerStateMachine.java:takeSnapshot(341)) - group-76C51690F0F5: Finished taking a snapshot at:(t:1, i:4) file:/home/runner/work/ozone/ozone/hadoop-ozone/integration-test/target/test-dir/MiniOzoneClusterImpl-ca08a916-3927-468c-b731-1edf5636b3eb/datanode-2/data/ratis/68df4c7c-a2cf-46aa-a303-76c51690f0f5/sm/snapshot.1_4 took: 12 ms
2023-09-07 08:55:18,444 [d53ff278-24a5-4154-8938-e562e33f1fe4@group-76C51690F0F5-StateMachineUpdater] INFO  impl.StateMachineUpdater (StateMachineUpdater.java:takeSnapshot(291)) - d53ff278-24a5-4154-8938-e562e33f1fe4@group-76C51690F0F5-StateMachineUpdater: Took a snapshot at index 4
2023-09-07 08:55:18,444 [631d0543-e884-417b-8085-5eab660cf7c0@group-0A10452DB37D-StateMachineUpdater] INFO  ratis.ContainerStateMachine (ContainerStateMachine.java:takeSnapshot(341)) - group-0A10452DB37D: Finished taking a snapshot at:(t:1, i:0) file:/home/runner/work/ozone/ozone/hadoop-ozone/integration-test/target/test-dir/MiniOzoneClusterImpl-ca08a916-3927-468c-b731-1edf5636b3eb/datanode-0/data/ratis/032aeb7f-7c2d-4e30-969f-0a10452db37d/sm/snapshot.1_0 took: 9 ms
2023-09-07 08:55:18,444 [d53ff278-24a5-4154-8938-e562e33f1fe4@group-76C51690F0F5-StateMachineUpdater] INFO  impl.StateMachineUpdater (StateMachineUpdater.java:lambda$new$0(97)) - d53ff278-24a5-4154-8938-e562e33f1fe4@group-76C51690F0F5-StateMachineUpdater: snapshotIndex: updateIncreasingly -1 -> 4
2023-09-07 08:55:18,444 [631d0543-e884-417b-8085-5eab660cf7c0@group-0A10452DB37D-StateMachineUpdater] INFO  impl.StateMachineUpdater (StateMachineUpdater.java:takeSnapshot(291)) - 631d0543-e884-417b-8085-5eab660cf7c0@group-0A10452DB37D-StateMachineUpdater: Took a snapshot at index 0
2023-09-07 08:55:18,445 [631d0543-e884-417b-8085-5eab660cf7c0@group-0A10452DB37D-StateMachineUpdater] INFO  impl.StateMachineUpdater (StateMachineUpdater.java:lambda$new$0(97)) - 631d0543-e884-417b-8085-5eab660cf7c0@group-0A10452DB37D-StateMachineUpdater: snapshotIndex: updateIncreasingly -1 -> 0
2023-09-07 08:55:18,447 [631d0543-e884-417b-8085-5eab660cf7c0@group-76C51690F0F5-StateMachineUpdater] INFO  ratis.ContainerStateMachine (ContainerStateMachine.java:takeSnapshot(341)) - group-76C51690F0F5: Finished taking a snapshot at:(t:1, i:2) file:/home/runner/work/ozone/ozone/hadoop-ozone/integration-test/target/test-dir/MiniOzoneClusterImpl-ca08a916-3927-468c-b731-1edf5636b3eb/datanode-0/data/ratis/68df4c7c-a2cf-46aa-a303-76c51690f0f5/sm/snapshot.1_2 took: 19 ms
2023-09-07 08:55:18,447 [631d0543-e884-417b-8085-5eab660cf7c0@group-76C51690F0F5-StateMachineUpdater] INFO  impl.StateMachineUpdater (StateMachineUpdater.java:takeSnapshot(291)) - 631d0543-e884-417b-8085-5eab660cf7c0@group-76C51690F0F5-StateMachineUpdater: Took a snapshot at index 2
2023-09-07 08:55:18,447 [631d0543-e884-417b-8085-5eab660cf7c0@group-76C51690F0F5-StateMachineUpdater] INFO  impl.StateMachineUpdater (StateMachineUpdater.java:lambda$new$0(97)) - 631d0543-e884-417b-8085-5eab660cf7c0@group-76C51690F0F5-StateMachineUpdater: snapshotIndex: updateIncreasingly -1 -> 2
2023-09-07 08:55:18,447 [631d0543-e884-417b-8085-5eab660cf7c0-impl-thread4] INFO  server.RaftServer$Division (ServerState.java:close(472)) - 631d0543-e884-417b-8085-5eab660cf7c0@group-0A10452DB37D: closes. applyIndex: 0
2023-09-07 08:55:18,448 [631d0543-e884-417b-8085-5eab660cf7c0@group-D902EBFFD29F-StateMachineUpdater] INFO  ratis.ContainerStateMachine (ContainerStateMachine.java:takeSnapshot(341)) - group-D902EBFFD29F: Finished taking a snapshot at:(t:1, i:26) file:/home/runner/work/ozone/ozone/hadoop-ozone/integration-test/target/test-dir/MiniOzoneClusterImpl-ca08a916-3927-468c-b731-1edf5636b3eb/datanode-0/data/ratis/5ba4d63c-8cdd-4639-bc3a-d902ebffd29f/sm/snapshot.1_26 took: 10 ms
2023-09-07 08:55:18,448 [631d0543-e884-417b-8085-5eab660cf7c0@group-D902EBFFD29F-StateMachineUpdater] INFO  impl.StateMachineUpdater (StateMachineUpdater.java:takeSnapshot(291)) - 631d0543-e884-417b-8085-5eab660cf7c0@group-D902EBFFD29F-StateMachineUpdater: Took a snapshot at index 26
2023-09-07 08:55:18,448 [631d0543-e884-417b-8085-5eab660cf7c0@group-D902EBFFD29F-StateMachineUpdater] INFO  impl.StateMachineUpdater (StateMachineUpdater.java:lambda$new$0(97)) - 631d0543-e884-417b-8085-5eab660cf7c0@group-D902EBFFD29F-StateMachineUpdater: snapshotIndex: updateIncreasingly -1 -> 26
2023-09-07 08:55:18,454 [ForkJoinPool.commonPool-worker-3] INFO  server.GrpcService (GrpcService.java:closeImpl(320)) - bb55b568-9515-4c72-9e9b-b757ab502a4b: shutdown server GrpcServerProtocolService successfully
2023-09-07 08:55:18,454 [ForkJoinPool.commonPool-worker-3] INFO  server.GrpcService (GrpcService.java:closeImpl(311)) - bb55b568-9515-4c72-9e9b-b757ab502a4b: shutdown server org.apache.ratis.grpc.server.GrpcAdminProtocolService now
2023-09-07 08:55:18,455 [631d0543-e884-417b-8085-5eab660cf7c0-impl-thread3] INFO  server.RaftServer$Division (ServerState.java:close(472)) - 631d0543-e884-417b-8085-5eab660cf7c0@group-76C51690F0F5: closes. applyIndex: 2
2023-09-07 08:55:18,455 [631d0543-e884-417b-8085-5eab660cf7c0-impl-thread2] INFO  server.RaftServer$Division (ServerState.java:close(472)) - 631d0543-e884-417b-8085-5eab660cf7c0@group-D902EBFFD29F: closes. applyIndex: 26
2023-09-07 08:55:18,456 [grpc-default-executor-11] WARN  server.GrpcServerProtocolService (LogUtils.java:warn(122)) - bb55b568-9515-4c72-9e9b-b757ab502a4b: APPEND_ENTRIES onError, lastRequest: null: org.apache.ratis.thirdparty.io.grpc.StatusRuntimeException: CANCELLED: client cancelled
2023-09-07 08:55:18,464 [grpc-default-executor-6] INFO  server.GrpcServerProtocolService (GrpcServerProtocolService.java:onCompleted(155)) - d53ff278-24a5-4154-8938-e562e33f1fe4: Completed APPEND_ENTRIES, lastRequest: 631d0543-e884-417b-8085-5eab660cf7c0->d53ff278-24a5-4154-8938-e562e33f1fe4#52-t1,previous=(t:1, i:25),leaderCommit=25,initializing? true,entries: size=1, first=(t:1, i:26), METADATAENTRY(c:24)
2023-09-07 08:55:18,464 [grpc-default-executor-6] INFO  server.GrpcServerProtocolService (GrpcServerProtocolService.java:lambda$onCompleted$5(157)) - d53ff278-24a5-4154-8938-e562e33f1fe4: Completed APPEND_ENTRIES, lastReply: null
2023-09-07 08:55:18,465 [grpc-default-executor-12] INFO  server.GrpcServerProtocolService (GrpcServerProtocolService.java:onCompleted(155)) - d53ff278-24a5-4154-8938-e562e33f1fe4: Completed APPEND_ENTRIES, lastRequest: null
2023-09-07 08:55:18,467 [grpc-default-executor-12] INFO  server.GrpcServerProtocolService (GrpcServerProtocolService.java:lambda$onCompleted$5(157)) - d53ff278-24a5-4154-8938-e562e33f1fe4: Completed APPEND_ENTRIES, lastReply: serverReply {
  requestorId: "631d0543-e884-417b-8085-5eab660cf7c0"
  replyId: "d53ff278-24a5-4154-8938-e562e33f1fe4"
  raftGroupId {
    id: "[\244\326<\214\335F9\274:\331\002\353\377\322\237"
  }
  callId: 80
  success: true
}
term: 1
nextIndex: 27
followerCommit: 26
matchIndex: 18446744073709551615
isHearbeat: true

2023-09-07 08:55:18,469 [ForkJoinPool.commonPool-worker-3] INFO  server.GrpcService (GrpcService.java:closeImpl(320)) - bb55b568-9515-4c72-9e9b-b757ab502a4b: shutdown server org.apache.ratis.grpc.server.GrpcAdminProtocolService successfully
2023-09-07 08:55:18,470 [d53ff278-24a5-4154-8938-e562e33f1fe4-impl-thread3] INFO  server.RaftServer$Division (ServerState.java:close(472)) - d53ff278-24a5-4154-8938-e562e33f1fe4@group-76C51690F0F5: closes. applyIndex: 4
2023-09-07 08:55:18,472 [bb55b568-9515-4c72-9e9b-b757ab502a4b-NettyServerStreamRpc-bossGroup--thread1] INFO  logging.LoggingHandler (AbstractInternalLogger.java:log(148)) - [id: 0x44ef79f6, L:/0:0:0:0:0:0:0:0:15077] CLOSE
2023-09-07 08:55:18,473 [bb55b568-9515-4c72-9e9b-b757ab502a4b-NettyServerStreamRpc-bossGroup--thread1] INFO  logging.LoggingHandler (AbstractInternalLogger.java:log(148)) - [id: 0x44ef79f6, L:/0:0:0:0:0:0:0:0:15077] INACTIVE
2023-09-07 08:55:18,473 [bb55b568-9515-4c72-9e9b-b757ab502a4b-NettyServerStreamRpc-bossGroup--thread1] INFO  logging.LoggingHandler (AbstractInternalLogger.java:log(148)) - [id: 0x44ef79f6, L:/0:0:0:0:0:0:0:0:15077] UNREGISTERED
2023-09-07 08:55:18,478 [grpc-default-executor-7] INFO  server.GrpcLogAppender (GrpcLogAppender.java:onError(417)) - 631d0543-e884-417b-8085-5eab660cf7c0@group-D902EBFFD29F->bb55b568-9515-4c72-9e9b-b757ab502a4b-GrpcLogAppender is already stopped
2023-09-07 08:55:18,479 [grpc-default-executor-7] INFO  server.GrpcLogAppender (GrpcLogAppender.java:onError(417)) - 631d0543-e884-417b-8085-5eab660cf7c0@group-D902EBFFD29F->bb55b568-9515-4c72-9e9b-b757ab502a4b-GrpcLogAppender is already stopped
2023-09-07 08:55:18,481 [grpc-default-executor-10] INFO  server.GrpcLogAppender (GrpcLogAppender.java:onCompleted(428)) - d53ff278-24a5-4154-8938-e562e33f1fe4@group-76C51690F0F5->bb55b568-9515-4c72-9e9b-b757ab502a4b-AppendLogResponseHandler: follower responses appendEntries COMPLETED
2023-09-07 08:55:18,481 [grpc-default-executor-10] WARN  server.GrpcLogAppender (GrpcLogAppender.java:resetClient(137)) - d53ff278-24a5-4154-8938-e562e33f1fe4@group-76C51690F0F5->bb55b568-9515-4c72-9e9b-b757ab502a4b-GrpcLogAppender: Failed to getClient for bb55b568-9515-4c72-9e9b-b757ab502a4b
org.apache.ratis.protocol.exceptions.AlreadyClosedException: d53ff278-24a5-4154-8938-e562e33f1fe4 is already CLOSED
	at org.apache.ratis.util.PeerProxyMap$PeerAndProxy.getProxy(PeerProxyMap.java:61)
	at org.apache.ratis.util.PeerProxyMap.getProxy(PeerProxyMap.java:115)
	at org.apache.ratis.grpc.server.GrpcLogAppender.getClient(GrpcLogAppender.java:112)
	at org.apache.ratis.grpc.server.GrpcLogAppender.resetClient(GrpcLogAppender.java:117)
	at org.apache.ratis.grpc.server.GrpcLogAppender.access$500(GrpcLogAppender.java:56)
	at org.apache.ratis.grpc.server.GrpcLogAppender$AppendLogResponseHandler.onCompleted(GrpcLogAppender.java:429)
	at org.apache.ratis.thirdparty.io.grpc.stub.ClientCalls$StreamObserverToCallListenerAdapter.onClose(ClientCalls.java:485)
	at org.apache.ratis.thirdparty.io.grpc.internal.DelayedClientCall$DelayedListener$3.run(DelayedClientCall.java:471)
	at org.apache.ratis.thirdparty.io.grpc.internal.DelayedClientCall$DelayedListener.delayOrExecute(DelayedClientCall.java:435)
	at org.apache.ratis.thirdparty.io.grpc.internal.DelayedClientCall$DelayedListener.onClose(DelayedClientCall.java:468)
	at org.apache.ratis.thirdparty.io.grpc.internal.ClientCallImpl.closeObserver(ClientCallImpl.java:563)
	at org.apache.ratis.thirdparty.io.grpc.internal.ClientCallImpl.access$300(ClientCallImpl.java:70)
	at org.apache.ratis.thirdparty.io.grpc.internal.ClientCallImpl$ClientStreamListenerImpl$1StreamClosed.runInternal(ClientCallImpl.java:744)
	at org.apache.ratis.thirdparty.io.grpc.internal.ClientCallImpl$ClientStreamListenerImpl$1StreamClosed.runInContext(ClientCallImpl.java:723)
	at org.apache.ratis.thirdparty.io.grpc.internal.ContextRunnable.run(ContextRunnable.java:37)
	at org.apache.ratis.thirdparty.io.grpc.internal.SerializingExecutor.run(SerializingExecutor.java:133)
	at java.util.concurrent.ThreadPoolExecutor.runWorker(ThreadPoolExecutor.java:1149)
	at java.util.concurrent.ThreadPoolExecutor$Worker.run(ThreadPoolExecutor.java:624)
	at java.lang.Thread.run(Thread.java:750)
2023-09-07 08:55:18,483 [main] INFO  server.GrpcService (GrpcService.java:closeImpl(320)) - d53ff278-24a5-4154-8938-e562e33f1fe4: shutdown server org.apache.ratis.grpc.server.GrpcClientProtocolService successfully
2023-09-07 08:55:18,487 [main] INFO  server.GrpcService (GrpcService.java:closeImpl(311)) - d53ff278-24a5-4154-8938-e562e33f1fe4: shutdown server GrpcServerProtocolService now
2023-09-07 08:55:18,488 [grpc-default-executor-10] INFO  server.GrpcLogAppender (GrpcLogAppender.java:onCompleted(428)) - 631d0543-e884-417b-8085-5eab660cf7c0@group-D902EBFFD29F->d53ff278-24a5-4154-8938-e562e33f1fe4-AppendLogResponseHandler: follower responses appendEntries COMPLETED
2023-09-07 08:55:18,488 [grpc-default-executor-10] WARN  server.GrpcLogAppender (GrpcLogAppender.java:resetClient(137)) - 631d0543-e884-417b-8085-5eab660cf7c0@group-D902EBFFD29F->d53ff278-24a5-4154-8938-e562e33f1fe4-GrpcLogAppender: Failed to getClient for d53ff278-24a5-4154-8938-e562e33f1fe4
org.apache.ratis.protocol.exceptions.AlreadyClosedException: 631d0543-e884-417b-8085-5eab660cf7c0 is already CLOSED
	at org.apache.ratis.util.PeerProxyMap$PeerAndProxy.getProxy(PeerProxyMap.java:61)
	at org.apache.ratis.util.PeerProxyMap.getProxy(PeerProxyMap.java:115)
	at org.apache.ratis.grpc.server.GrpcLogAppender.getClient(GrpcLogAppender.java:112)
	at org.apache.ratis.grpc.server.GrpcLogAppender.resetClient(GrpcLogAppender.java:117)
	at org.apache.ratis.grpc.server.GrpcLogAppender.access$500(GrpcLogAppender.java:56)
	at org.apache.ratis.grpc.server.GrpcLogAppender$AppendLogResponseHandler.onCompleted(GrpcLogAppender.java:429)
	at org.apache.ratis.thirdparty.io.grpc.stub.ClientCalls$StreamObserverToCallListenerAdapter.onClose(ClientCalls.java:485)
	at org.apache.ratis.thirdparty.io.grpc.internal.ClientCallImpl.closeObserver(ClientCallImpl.java:563)
	at org.apache.ratis.thirdparty.io.grpc.internal.ClientCallImpl.access$300(ClientCallImpl.java:70)
	at org.apache.ratis.thirdparty.io.grpc.internal.ClientCallImpl$ClientStreamListenerImpl$1StreamClosed.runInternal(ClientCallImpl.java:744)
	at org.apache.ratis.thirdparty.io.grpc.internal.ClientCallImpl$ClientStreamListenerImpl$1StreamClosed.runInContext(ClientCallImpl.java:723)
	at org.apache.ratis.thirdparty.io.grpc.internal.ContextRunnable.run(ContextRunnable.java:37)
	at org.apache.ratis.thirdparty.io.grpc.internal.SerializingExecutor.run(SerializingExecutor.java:133)
	at java.util.concurrent.ThreadPoolExecutor.runWorker(ThreadPoolExecutor.java:1149)
	at java.util.concurrent.ThreadPoolExecutor$Worker.run(ThreadPoolExecutor.java:624)
	at java.lang.Thread.run(Thread.java:750)
2023-09-07 08:55:18,489 [grpc-default-executor-1] INFO  server.GrpcLogAppender (GrpcLogAppender.java:onCompleted(428)) - 631d0543-e884-417b-8085-5eab660cf7c0@group-D902EBFFD29F->d53ff278-24a5-4154-8938-e562e33f1fe4-AppendLogResponseHandler: follower responses appendEntries COMPLETED
2023-09-07 08:55:18,489 [grpc-default-executor-1] WARN  server.GrpcLogAppender (GrpcLogAppender.java:resetClient(137)) - 631d0543-e884-417b-8085-5eab660cf7c0@group-D902EBFFD29F->d53ff278-24a5-4154-8938-e562e33f1fe4-GrpcLogAppender: Failed to getClient for d53ff278-24a5-4154-8938-e562e33f1fe4
org.apache.ratis.protocol.exceptions.AlreadyClosedException: 631d0543-e884-417b-8085-5eab660cf7c0 is already CLOSED
	at org.apache.ratis.util.PeerProxyMap$PeerAndProxy.getProxy(PeerProxyMap.java:61)
	at org.apache.ratis.util.PeerProxyMap.getProxy(PeerProxyMap.java:115)
	at org.apache.ratis.grpc.server.GrpcLogAppender.getClient(GrpcLogAppender.java:112)
	at org.apache.ratis.grpc.server.GrpcLogAppender.resetClient(GrpcLogAppender.java:117)
	at org.apache.ratis.grpc.server.GrpcLogAppender.access$500(GrpcLogAppender.java:56)
	at org.apache.ratis.grpc.server.GrpcLogAppender$AppendLogResponseHandler.onCompleted(GrpcLogAppender.java:429)
	at org.apache.ratis.thirdparty.io.grpc.stub.ClientCalls$StreamObserverToCallListenerAdapter.onClose(ClientCalls.java:485)
	at org.apache.ratis.thirdparty.io.grpc.internal.ClientCallImpl.closeObserver(ClientCallImpl.java:563)
	at org.apache.ratis.thirdparty.io.grpc.internal.ClientCallImpl.access$300(ClientCallImpl.java:70)
	at org.apache.ratis.thirdparty.io.grpc.internal.ClientCallImpl$ClientStreamListenerImpl$1StreamClosed.runInternal(ClientCallImpl.java:744)
	at org.apache.ratis.thirdparty.io.grpc.internal.ClientCallImpl$ClientStreamListenerImpl$1StreamClosed.runInContext(ClientCallImpl.java:723)
	at org.apache.ratis.thirdparty.io.grpc.internal.ContextRunnable.run(ContextRunnable.java:37)
	at org.apache.ratis.thirdparty.io.grpc.internal.SerializingExecutor.run(SerializingExecutor.java:133)
	at java.util.concurrent.ThreadPoolExecutor.runWorker(ThreadPoolExecutor.java:1149)
	at java.util.concurrent.ThreadPoolExecutor$Worker.run(ThreadPoolExecutor.java:624)
	at java.lang.Thread.run(Thread.java:750)
2023-09-07 08:55:18,497 [ForkJoinPool.commonPool-worker-1] INFO  ozoneimpl.OzoneContainer (OzoneContainer.java:stop(451)) - Attempting to stop container services.
2023-09-07 08:55:18,499 [main] INFO  server.GrpcService (GrpcService.java:closeImpl(320)) - d53ff278-24a5-4154-8938-e562e33f1fe4: shutdown server GrpcServerProtocolService successfully
2023-09-07 08:55:18,499 [main] INFO  server.GrpcService (GrpcService.java:closeImpl(311)) - d53ff278-24a5-4154-8938-e562e33f1fe4: shutdown server org.apache.ratis.grpc.server.GrpcAdminProtocolService now
2023-09-07 08:55:18,505 [ForkJoinPool.commonPool-worker-1] INFO  server.RaftServer (RaftServerProxy.java:lambda$close$6(416)) - f4e4783d-3001-46db-b6c9-216b79feec14: close
2023-09-07 08:55:18,506 [ForkJoinPool.commonPool-worker-1] INFO  server.GrpcService (GrpcService.java:closeImpl(311)) - f4e4783d-3001-46db-b6c9-216b79feec14: shutdown server org.apache.ratis.grpc.server.GrpcClientProtocolService now
2023-09-07 08:55:18,507 [main] INFO  server.GrpcService (GrpcService.java:closeImpl(320)) - d53ff278-24a5-4154-8938-e562e33f1fe4: shutdown server org.apache.ratis.grpc.server.GrpcAdminProtocolService successfully
2023-09-07 08:55:18,507 [ForkJoinPool.commonPool-worker-0] INFO  server.GrpcService (GrpcService.java:closeImpl(320)) - 631d0543-e884-417b-8085-5eab660cf7c0: shutdown server org.apache.ratis.grpc.server.GrpcClientProtocolService successfully
2023-09-07 08:55:18,507 [ForkJoinPool.commonPool-worker-0] INFO  server.GrpcService (GrpcService.java:closeImpl(311)) - 631d0543-e884-417b-8085-5eab660cf7c0: shutdown server GrpcServerProtocolService now
2023-09-07 08:55:18,508 [d53ff278-24a5-4154-8938-e562e33f1fe4-NettyServerStreamRpc-bossGroup--thread1] INFO  logging.LoggingHandler (AbstractInternalLogger.java:log(148)) - [id: 0x6d8f33c4, L:/0:0:0:0:0:0:0:0:15086] CLOSE
2023-09-07 08:55:18,508 [d53ff278-24a5-4154-8938-e562e33f1fe4-NettyServerStreamRpc-bossGroup--thread1] INFO  logging.LoggingHandler (AbstractInternalLogger.java:log(148)) - [id: 0x6d8f33c4, L:/0:0:0:0:0:0:0:0:15086] INACTIVE
2023-09-07 08:55:18,508 [d53ff278-24a5-4154-8938-e562e33f1fe4-NettyServerStreamRpc-bossGroup--thread1] INFO  logging.LoggingHandler (AbstractInternalLogger.java:log(148)) - [id: 0x6d8f33c4, L:/0:0:0:0:0:0:0:0:15086] UNREGISTERED
2023-09-07 08:55:18,512 [ForkJoinPool.commonPool-worker-1] INFO  server.GrpcService (GrpcService.java:closeImpl(320)) - f4e4783d-3001-46db-b6c9-216b79feec14: shutdown server org.apache.ratis.grpc.server.GrpcClientProtocolService successfully
2023-09-07 08:55:18,512 [ForkJoinPool.commonPool-worker-1] INFO  server.GrpcService (GrpcService.java:closeImpl(311)) - f4e4783d-3001-46db-b6c9-216b79feec14: shutdown server GrpcServerProtocolService now
2023-09-07 08:55:18,515 [f4e4783d-3001-46db-b6c9-216b79feec14-impl-thread2] INFO  server.RaftServer$Division (RaftServerImpl.java:lambda$close$4(466)) - f4e4783d-3001-46db-b6c9-216b79feec14@group-973B30F96FF3: shutdown
2023-09-07 08:55:18,515 [f4e4783d-3001-46db-b6c9-216b79feec14-impl-thread2] INFO  util.JmxRegister (JmxRegister.java:unregister(73)) - Successfully un-registered JMX Bean with object name Ratis:service=RaftServer,group=group-973B30F96FF3,id=f4e4783d-3001-46db-b6c9-216b79feec14
2023-09-07 08:55:18,515 [f4e4783d-3001-46db-b6c9-216b79feec14-impl-thread2] INFO  impl.RoleInfo (RoleInfo.java:shutdownLeaderState(93)) - f4e4783d-3001-46db-b6c9-216b79feec14: shutdown f4e4783d-3001-46db-b6c9-216b79feec14@group-973B30F96FF3-LeaderStateImpl
2023-09-07 08:55:18,515 [f4e4783d-3001-46db-b6c9-216b79feec14-impl-thread2] INFO  impl.PendingRequests (PendingRequests.java:sendNotLeaderResponses(289)) - f4e4783d-3001-46db-b6c9-216b79feec14@group-973B30F96FF3-PendingRequests: sendNotLeaderResponses
2023-09-07 08:55:18,516 [f4e4783d-3001-46db-b6c9-216b79feec14-impl-thread2] INFO  impl.StateMachineUpdater (StateMachineUpdater.java:stopAndJoin(155)) - f4e4783d-3001-46db-b6c9-216b79feec14@group-973B30F96FF3-StateMachineUpdater: set stopIndex = 0
2023-09-07 08:55:18,516 [f4e4783d-3001-46db-b6c9-216b79feec14@group-973B30F96FF3-StateMachineUpdater] INFO  ratis.ContainerStateMachine (ContainerStateMachine.java:takeSnapshot(330)) - group-973B30F96FF3: Taking a snapshot at:(t:1, i:0) file /home/runner/work/ozone/ozone/hadoop-ozone/integration-test/target/test-dir/MiniOzoneClusterImpl-ca08a916-3927-468c-b731-1edf5636b3eb/datanode-4/data/ratis/4295f76a-f4e3-4a41-9b29-973b30f96ff3/sm/snapshot.1_0
2023-09-07 08:55:18,517 [f4e4783d-3001-46db-b6c9-216b79feec14@group-973B30F96FF3-StateMachineUpdater] INFO  ratis.ContainerStateMachine (ContainerStateMachine.java:takeSnapshot(341)) - group-973B30F96FF3: Finished taking a snapshot at:(t:1, i:0) file:/home/runner/work/ozone/ozone/hadoop-ozone/integration-test/target/test-dir/MiniOzoneClusterImpl-ca08a916-3927-468c-b731-1edf5636b3eb/datanode-4/data/ratis/4295f76a-f4e3-4a41-9b29-973b30f96ff3/sm/snapshot.1_0 took: 1 ms
2023-09-07 08:55:18,517 [f4e4783d-3001-46db-b6c9-216b79feec14@group-973B30F96FF3-StateMachineUpdater] INFO  impl.StateMachineUpdater (StateMachineUpdater.java:takeSnapshot(291)) - f4e4783d-3001-46db-b6c9-216b79feec14@group-973B30F96FF3-StateMachineUpdater: Took a snapshot at index 0
2023-09-07 08:55:18,517 [f4e4783d-3001-46db-b6c9-216b79feec14@group-973B30F96FF3-StateMachineUpdater] INFO  impl.StateMachineUpdater (StateMachineUpdater.java:lambda$new$0(97)) - f4e4783d-3001-46db-b6c9-216b79feec14@group-973B30F96FF3-StateMachineUpdater: snapshotIndex: updateIncreasingly -1 -> 0
2023-09-07 08:55:18,517 [f4e4783d-3001-46db-b6c9-216b79feec14-impl-thread2] INFO  server.RaftServer$Division (ServerState.java:close(472)) - f4e4783d-3001-46db-b6c9-216b79feec14@group-973B30F96FF3: closes. applyIndex: 0
2023-09-07 08:55:18,529 [ForkJoinPool.commonPool-worker-1] INFO  server.GrpcService (GrpcService.java:closeImpl(320)) - f4e4783d-3001-46db-b6c9-216b79feec14: shutdown server GrpcServerProtocolService successfully
2023-09-07 08:55:18,529 [ForkJoinPool.commonPool-worker-1] INFO  server.GrpcService (GrpcService.java:closeImpl(311)) - f4e4783d-3001-46db-b6c9-216b79feec14: shutdown server org.apache.ratis.grpc.server.GrpcAdminProtocolService now
2023-09-07 08:55:18,533 [ForkJoinPool.commonPool-worker-1] INFO  server.GrpcService (GrpcService.java:closeImpl(320)) - f4e4783d-3001-46db-b6c9-216b79feec14: shutdown server org.apache.ratis.grpc.server.GrpcAdminProtocolService successfully
2023-09-07 08:55:18,533 [f4e4783d-3001-46db-b6c9-216b79feec14-NettyServerStreamRpc-bossGroup--thread1] INFO  logging.LoggingHandler (AbstractInternalLogger.java:log(148)) - [id: 0x4172c998, L:/0:0:0:0:0:0:0:0:15104] CLOSE
2023-09-07 08:55:18,534 [f4e4783d-3001-46db-b6c9-216b79feec14-NettyServerStreamRpc-bossGroup--thread1] INFO  logging.LoggingHandler (AbstractInternalLogger.java:log(148)) - [id: 0x4172c998, L:/0:0:0:0:0:0:0:0:15104] INACTIVE
2023-09-07 08:55:18,534 [f4e4783d-3001-46db-b6c9-216b79feec14-NettyServerStreamRpc-bossGroup--thread1] INFO  logging.LoggingHandler (AbstractInternalLogger.java:log(148)) - [id: 0x4172c998, L:/0:0:0:0:0:0:0:0:15104] UNREGISTERED
2023-09-07 08:55:18,541 [ForkJoinPool.commonPool-worker-0] INFO  server.GrpcService (GrpcService.java:closeImpl(320)) - 631d0543-e884-417b-8085-5eab660cf7c0: shutdown server GrpcServerProtocolService successfully
2023-09-07 08:55:18,541 [ForkJoinPool.commonPool-worker-0] INFO  server.GrpcService (GrpcService.java:closeImpl(311)) - 631d0543-e884-417b-8085-5eab660cf7c0: shutdown server org.apache.ratis.grpc.server.GrpcAdminProtocolService now
2023-09-07 08:55:18,547 [ForkJoinPool.commonPool-worker-2] INFO  ozoneimpl.OzoneContainer (OzoneContainer.java:stop(451)) - Attempting to stop container services.
2023-09-07 08:55:18,548 [ForkJoinPool.commonPool-worker-2] INFO  server.RaftServer (RaftServerProxy.java:lambda$close$6(416)) - 92b1db46-ede6-4b54-a196-785743adb798: close
2023-09-07 08:55:18,549 [ForkJoinPool.commonPool-worker-0] INFO  server.GrpcService (GrpcService.java:closeImpl(320)) - 631d0543-e884-417b-8085-5eab660cf7c0: shutdown server org.apache.ratis.grpc.server.GrpcAdminProtocolService successfully
2023-09-07 08:55:18,549 [631d0543-e884-417b-8085-5eab660cf7c0-NettyServerStreamRpc-bossGroup--thread1] INFO  logging.LoggingHandler (AbstractInternalLogger.java:log(148)) - [id: 0x02709ab4, L:/0:0:0:0:0:0:0:0:15068] CLOSE
2023-09-07 08:55:18,549 [631d0543-e884-417b-8085-5eab660cf7c0-NettyServerStreamRpc-bossGroup--thread1] INFO  logging.LoggingHandler (AbstractInternalLogger.java:log(148)) - [id: 0x02709ab4, L:/0:0:0:0:0:0:0:0:15068] INACTIVE
2023-09-07 08:55:18,549 [631d0543-e884-417b-8085-5eab660cf7c0-NettyServerStreamRpc-bossGroup--thread1] INFO  logging.LoggingHandler (AbstractInternalLogger.java:log(148)) - [id: 0x02709ab4, L:/0:0:0:0:0:0:0:0:15068] UNREGISTERED
2023-09-07 08:55:18,550 [ForkJoinPool.commonPool-worker-2] INFO  server.GrpcService (GrpcService.java:closeImpl(311)) - 92b1db46-ede6-4b54-a196-785743adb798: shutdown server org.apache.ratis.grpc.server.GrpcClientProtocolService now
2023-09-07 08:55:18,550 [92b1db46-ede6-4b54-a196-785743adb798-impl-thread2] INFO  server.RaftServer$Division (RaftServerImpl.java:lambda$close$4(466)) - 92b1db46-ede6-4b54-a196-785743adb798@group-4BA21314729C: shutdown
2023-09-07 08:55:18,550 [92b1db46-ede6-4b54-a196-785743adb798-impl-thread2] INFO  util.JmxRegister (JmxRegister.java:unregister(73)) - Successfully un-registered JMX Bean with object name Ratis:service=RaftServer,group=group-4BA21314729C,id=92b1db46-ede6-4b54-a196-785743adb798
2023-09-07 08:55:18,550 [92b1db46-ede6-4b54-a196-785743adb798-impl-thread2] INFO  impl.RoleInfo (RoleInfo.java:shutdownLeaderState(93)) - 92b1db46-ede6-4b54-a196-785743adb798: shutdown 92b1db46-ede6-4b54-a196-785743adb798@group-4BA21314729C-LeaderStateImpl
2023-09-07 08:55:18,550 [92b1db46-ede6-4b54-a196-785743adb798-impl-thread2] INFO  impl.PendingRequests (PendingRequests.java:sendNotLeaderResponses(289)) - 92b1db46-ede6-4b54-a196-785743adb798@group-4BA21314729C-PendingRequests: sendNotLeaderResponses
2023-09-07 08:55:18,551 [92b1db46-ede6-4b54-a196-785743adb798@group-4BA21314729C-StateMachineUpdater] INFO  ratis.ContainerStateMachine (ContainerStateMachine.java:takeSnapshot(330)) - group-4BA21314729C: Taking a snapshot at:(t:1, i:0) file /home/runner/work/ozone/ozone/hadoop-ozone/integration-test/target/test-dir/MiniOzoneClusterImpl-ca08a916-3927-468c-b731-1edf5636b3eb/datanode-3/data/ratis/9a33256d-0f18-4459-abf5-4ba21314729c/sm/snapshot.1_0
2023-09-07 08:55:18,551 [92b1db46-ede6-4b54-a196-785743adb798-impl-thread2] INFO  impl.StateMachineUpdater (StateMachineUpdater.java:stopAndJoin(155)) - 92b1db46-ede6-4b54-a196-785743adb798@group-4BA21314729C-StateMachineUpdater: set stopIndex = 0
2023-09-07 08:55:18,552 [92b1db46-ede6-4b54-a196-785743adb798@group-4BA21314729C-StateMachineUpdater] INFO  ratis.ContainerStateMachine (ContainerStateMachine.java:takeSnapshot(341)) - group-4BA21314729C: Finished taking a snapshot at:(t:1, i:0) file:/home/runner/work/ozone/ozone/hadoop-ozone/integration-test/target/test-dir/MiniOzoneClusterImpl-ca08a916-3927-468c-b731-1edf5636b3eb/datanode-3/data/ratis/9a33256d-0f18-4459-abf5-4ba21314729c/sm/snapshot.1_0 took: 1 ms
2023-09-07 08:55:18,552 [92b1db46-ede6-4b54-a196-785743adb798@group-4BA21314729C-StateMachineUpdater] INFO  impl.StateMachineUpdater (StateMachineUpdater.java:takeSnapshot(291)) - 92b1db46-ede6-4b54-a196-785743adb798@group-4BA21314729C-StateMachineUpdater: Took a snapshot at index 0
2023-09-07 08:55:18,552 [92b1db46-ede6-4b54-a196-785743adb798@group-4BA21314729C-StateMachineUpdater] INFO  impl.StateMachineUpdater (StateMachineUpdater.java:lambda$new$0(97)) - 92b1db46-ede6-4b54-a196-785743adb798@group-4BA21314729C-StateMachineUpdater: snapshotIndex: updateIncreasingly -1 -> 0
2023-09-07 08:55:18,552 [92b1db46-ede6-4b54-a196-785743adb798-impl-thread2] INFO  server.RaftServer$Division (ServerState.java:close(472)) - 92b1db46-ede6-4b54-a196-785743adb798@group-4BA21314729C: closes. applyIndex: 0
2023-09-07 08:55:18,557 [ForkJoinPool.commonPool-worker-2] INFO  server.GrpcService (GrpcService.java:closeImpl(320)) - 92b1db46-ede6-4b54-a196-785743adb798: shutdown server org.apache.ratis.grpc.server.GrpcClientProtocolService successfully
2023-09-07 08:55:18,557 [ForkJoinPool.commonPool-worker-2] INFO  server.GrpcService (GrpcService.java:closeImpl(311)) - 92b1db46-ede6-4b54-a196-785743adb798: shutdown server GrpcServerProtocolService now
2023-09-07 08:55:18,566 [ForkJoinPool.commonPool-worker-2] INFO  server.GrpcService (GrpcService.java:closeImpl(320)) - 92b1db46-ede6-4b54-a196-785743adb798: shutdown server GrpcServerProtocolService successfully
2023-09-07 08:55:18,566 [ForkJoinPool.commonPool-worker-2] INFO  server.GrpcService (GrpcService.java:closeImpl(311)) - 92b1db46-ede6-4b54-a196-785743adb798: shutdown server org.apache.ratis.grpc.server.GrpcAdminProtocolService now
2023-09-07 08:55:18,571 [ForkJoinPool.commonPool-worker-2] INFO  server.GrpcService (GrpcService.java:closeImpl(320)) - 92b1db46-ede6-4b54-a196-785743adb798: shutdown server org.apache.ratis.grpc.server.GrpcAdminProtocolService successfully
2023-09-07 08:55:18,572 [92b1db46-ede6-4b54-a196-785743adb798-NettyServerStreamRpc-bossGroup--thread1] INFO  logging.LoggingHandler (AbstractInternalLogger.java:log(148)) - [id: 0xdbfb3a47, L:/0:0:0:0:0:0:0:0:15095] CLOSE
2023-09-07 08:55:18,572 [92b1db46-ede6-4b54-a196-785743adb798-NettyServerStreamRpc-bossGroup--thread1] INFO  logging.LoggingHandler (AbstractInternalLogger.java:log(148)) - [id: 0xdbfb3a47, L:/0:0:0:0:0:0:0:0:15095] INACTIVE
2023-09-07 08:55:18,572 [92b1db46-ede6-4b54-a196-785743adb798-NettyServerStreamRpc-bossGroup--thread1] INFO  logging.LoggingHandler (AbstractInternalLogger.java:log(148)) - [id: 0xdbfb3a47, L:/0:0:0:0:0:0:0:0:15095] UNREGISTERED
2023-09-07 08:55:18,895 [631d0543-e884-417b-8085-5eab660cf7c0-impl-thread2] INFO  segmented.SegmentedRaftLogWorker (SegmentedRaftLogWorker.java:close(252)) - 631d0543-e884-417b-8085-5eab660cf7c0@group-D902EBFFD29F-SegmentedRaftLogWorker close()
2023-09-07 08:55:18,897 [92b1db46-ede6-4b54-a196-785743adb798-impl-thread2] INFO  segmented.SegmentedRaftLogWorker (SegmentedRaftLogWorker.java:close(252)) - 92b1db46-ede6-4b54-a196-785743adb798@group-4BA21314729C-SegmentedRaftLogWorker close()
2023-09-07 08:55:18,897 [bb55b568-9515-4c72-9e9b-b757ab502a4b-impl-thread4] INFO  segmented.SegmentedRaftLogWorker (SegmentedRaftLogWorker.java:close(252)) - bb55b568-9515-4c72-9e9b-b757ab502a4b@group-AF4568CE714F-SegmentedRaftLogWorker close()
2023-09-07 08:55:18,898 [d53ff278-24a5-4154-8938-e562e33f1fe4-impl-thread2] INFO  segmented.SegmentedRaftLogWorker (SegmentedRaftLogWorker.java:close(252)) - d53ff278-24a5-4154-8938-e562e33f1fe4@group-D902EBFFD29F-SegmentedRaftLogWorker close()
2023-09-07 08:55:18,898 [f4e4783d-3001-46db-b6c9-216b79feec14-impl-thread2] INFO  segmented.SegmentedRaftLogWorker (SegmentedRaftLogWorker.java:close(252)) - f4e4783d-3001-46db-b6c9-216b79feec14@group-973B30F96FF3-SegmentedRaftLogWorker close()
2023-09-07 08:55:18,899 [JvmPauseMonitor12] INFO  util.JvmPauseMonitor (JvmPauseMonitor.java:run(109)) - JvmPauseMonitor-92b1db46-ede6-4b54-a196-785743adb798: Stopped
2023-09-07 08:55:18,901 [JvmPauseMonitor13] INFO  util.JvmPauseMonitor (JvmPauseMonitor.java:run(109)) - JvmPauseMonitor-f4e4783d-3001-46db-b6c9-216b79feec14: Stopped
2023-09-07 08:55:18,905 [bb55b568-9515-4c72-9e9b-b757ab502a4b-impl-thread2] INFO  segmented.SegmentedRaftLogWorker (SegmentedRaftLogWorker.java:close(252)) - bb55b568-9515-4c72-9e9b-b757ab502a4b@group-D902EBFFD29F-SegmentedRaftLogWorker close()
2023-09-07 08:55:18,911 [d53ff278-24a5-4154-8938-e562e33f1fe4-impl-thread4] INFO  segmented.SegmentedRaftLogWorker (SegmentedRaftLogWorker.java:close(252)) - d53ff278-24a5-4154-8938-e562e33f1fe4@group-629976F10C3C-SegmentedRaftLogWorker close()
2023-09-07 08:55:18,911 [631d0543-e884-417b-8085-5eab660cf7c0-impl-thread4] INFO  segmented.SegmentedRaftLogWorker (SegmentedRaftLogWorker.java:close(252)) - 631d0543-e884-417b-8085-5eab660cf7c0@group-0A10452DB37D-SegmentedRaftLogWorker close()
2023-09-07 08:55:19,224 [d53ff278-24a5-4154-8938-e562e33f1fe4-impl-thread3] INFO  segmented.SegmentedRaftLogWorker (SegmentedRaftLogWorker.java:close(252)) - d53ff278-24a5-4154-8938-e562e33f1fe4@group-76C51690F0F5-SegmentedRaftLogWorker close()
2023-09-07 08:55:19,225 [JvmPauseMonitor11] INFO  util.JvmPauseMonitor (JvmPauseMonitor.java:run(109)) - JvmPauseMonitor-d53ff278-24a5-4154-8938-e562e33f1fe4: Stopped
2023-09-07 08:55:19,244 [631d0543-e884-417b-8085-5eab660cf7c0-impl-thread3] INFO  segmented.SegmentedRaftLogWorker (SegmentedRaftLogWorker.java:close(252)) - 631d0543-e884-417b-8085-5eab660cf7c0@group-76C51690F0F5-SegmentedRaftLogWorker close()
2023-09-07 08:55:19,244 [JvmPauseMonitor9] INFO  util.JvmPauseMonitor (JvmPauseMonitor.java:run(109)) - JvmPauseMonitor-631d0543-e884-417b-8085-5eab660cf7c0: Stopped
2023-09-07 08:55:19,247 [bb55b568-9515-4c72-9e9b-b757ab502a4b-impl-thread3] INFO  segmented.SegmentedRaftLogWorker (SegmentedRaftLogWorker.java:close(252)) - bb55b568-9515-4c72-9e9b-b757ab502a4b@group-76C51690F0F5-SegmentedRaftLogWorker close()
2023-09-07 08:55:19,247 [JvmPauseMonitor10] INFO  util.JvmPauseMonitor (JvmPauseMonitor.java:run(109)) - JvmPauseMonitor-bb55b568-9515-4c72-9e9b-b757ab502a4b: Stopped
2023-09-07 08:55:20,905 [ForkJoinPool.commonPool-worker-1] INFO  utils.DatanodeStoreCache (DatanodeStoreCache.java:shutdownCache(110)) - Skip clearing cache in mini cluster mode. Entries left: [/home/runner/work/ozone/ozone/hadoop-ozone/integration-test/target/test-dir/MiniOzoneClusterImpl-ca08a916-3927-468c-b731-1edf5636b3eb/datanode-0/data-0/containers/hdds/ca08a916-3927-468c-b731-1edf5636b3eb/DS-d889fae9-f952-4f19-a0c3-6f8bfb43f82e/container.db, /home/runner/work/ozone/ozone/hadoop-ozone/integration-test/target/test-dir/MiniOzoneClusterImpl-ca08a916-3927-468c-b731-1edf5636b3eb/datanode-1/data-0/containers/hdds/ca08a916-3927-468c-b731-1edf5636b3eb/DS-21b580bc-4d8c-433a-a927-36e286222baf/container.db, /home/runner/work/ozone/ozone/hadoop-ozone/integration-test/target/test-dir/MiniOzoneClusterImpl-ca08a916-3927-468c-b731-1edf5636b3eb/datanode-2/data-0/containers/hdds/ca08a916-3927-468c-b731-1edf5636b3eb/DS-ee23e3f5-d71e-47b8-88f3-d1cf1f8b24c8/container.db, /home/runner/work/ozone/ozone/hadoop-ozone/integration-test/target/test-dir/MiniOzoneClusterImpl-ca08a916-3927-468c-b731-1edf5636b3eb/datanode-3/data-0/containers/hdds/ca08a916-3927-468c-b731-1edf5636b3eb/DS-8aceb295-938e-44f5-99d9-f3db17e957a7/container.db, /home/runner/work/ozone/ozone/hadoop-ozone/integration-test/target/test-dir/MiniOzoneClusterImpl-ca08a916-3927-468c-b731-1edf5636b3eb/datanode-4/data-0/containers/hdds/ca08a916-3927-468c-b731-1edf5636b3eb/DS-8c6509ff-3c5d-4a67-909e-77d0808f7865/container.db]
2023-09-07 08:55:20,905 [ForkJoinPool.commonPool-worker-2] INFO  utils.DatanodeStoreCache (DatanodeStoreCache.java:shutdownCache(110)) - Skip clearing cache in mini cluster mode. Entries left: [/home/runner/work/ozone/ozone/hadoop-ozone/integration-test/target/test-dir/MiniOzoneClusterImpl-ca08a916-3927-468c-b731-1edf5636b3eb/datanode-0/data-0/containers/hdds/ca08a916-3927-468c-b731-1edf5636b3eb/DS-d889fae9-f952-4f19-a0c3-6f8bfb43f82e/container.db, /home/runner/work/ozone/ozone/hadoop-ozone/integration-test/target/test-dir/MiniOzoneClusterImpl-ca08a916-3927-468c-b731-1edf5636b3eb/datanode-1/data-0/containers/hdds/ca08a916-3927-468c-b731-1edf5636b3eb/DS-21b580bc-4d8c-433a-a927-36e286222baf/container.db, /home/runner/work/ozone/ozone/hadoop-ozone/integration-test/target/test-dir/MiniOzoneClusterImpl-ca08a916-3927-468c-b731-1edf5636b3eb/datanode-2/data-0/containers/hdds/ca08a916-3927-468c-b731-1edf5636b3eb/DS-ee23e3f5-d71e-47b8-88f3-d1cf1f8b24c8/container.db, /home/runner/work/ozone/ozone/hadoop-ozone/integration-test/target/test-dir/MiniOzoneClusterImpl-ca08a916-3927-468c-b731-1edf5636b3eb/datanode-3/data-0/containers/hdds/ca08a916-3927-468c-b731-1edf5636b3eb/DS-8aceb295-938e-44f5-99d9-f3db17e957a7/container.db, /home/runner/work/ozone/ozone/hadoop-ozone/integration-test/target/test-dir/MiniOzoneClusterImpl-ca08a916-3927-468c-b731-1edf5636b3eb/datanode-4/data-0/containers/hdds/ca08a916-3927-468c-b731-1edf5636b3eb/DS-8c6509ff-3c5d-4a67-909e-77d0808f7865/container.db]
2023-09-07 08:55:20,911 [ForkJoinPool.commonPool-worker-1] INFO  utils.DatanodeStoreCache (DatanodeStoreCache.java:removeDB(104)) - Removed db /home/runner/work/ozone/ozone/hadoop-ozone/integration-test/target/test-dir/MiniOzoneClusterImpl-ca08a916-3927-468c-b731-1edf5636b3eb/datanode-4/data-0/containers/hdds/ca08a916-3927-468c-b731-1edf5636b3eb/DS-8c6509ff-3c5d-4a67-909e-77d0808f7865/container.db from cache
2023-09-07 08:55:20,912 [ForkJoinPool.commonPool-worker-1] INFO  volume.HddsVolume (HddsVolume.java:closeDbStore(453)) - SchemaV3 db is stopped at /home/runner/work/ozone/ozone/hadoop-ozone/integration-test/target/test-dir/MiniOzoneClusterImpl-ca08a916-3927-468c-b731-1edf5636b3eb/datanode-4/data-0/containers/hdds/ca08a916-3927-468c-b731-1edf5636b3eb/DS-8c6509ff-3c5d-4a67-909e-77d0808f7865/container.db for volume DS-8c6509ff-3c5d-4a67-909e-77d0808f7865
2023-09-07 08:55:20,915 [ForkJoinPool.commonPool-worker-2] INFO  utils.DatanodeStoreCache (DatanodeStoreCache.java:removeDB(104)) - Removed db /home/runner/work/ozone/ozone/hadoop-ozone/integration-test/target/test-dir/MiniOzoneClusterImpl-ca08a916-3927-468c-b731-1edf5636b3eb/datanode-3/data-0/containers/hdds/ca08a916-3927-468c-b731-1edf5636b3eb/DS-8aceb295-938e-44f5-99d9-f3db17e957a7/container.db from cache
2023-09-07 08:55:20,915 [ForkJoinPool.commonPool-worker-2] INFO  volume.HddsVolume (HddsVolume.java:closeDbStore(453)) - SchemaV3 db is stopped at /home/runner/work/ozone/ozone/hadoop-ozone/integration-test/target/test-dir/MiniOzoneClusterImpl-ca08a916-3927-468c-b731-1edf5636b3eb/datanode-3/data-0/containers/hdds/ca08a916-3927-468c-b731-1edf5636b3eb/DS-8aceb295-938e-44f5-99d9-f3db17e957a7/container.db for volume DS-8aceb295-938e-44f5-99d9-f3db17e957a7
2023-09-07 08:55:20,918 [ForkJoinPool.commonPool-worker-2] INFO  utils.BackgroundService (BackgroundService.java:shutdown(141)) - Shutting down service BlockDeletingService
2023-09-07 08:55:20,918 [ForkJoinPool.commonPool-worker-1] INFO  utils.BackgroundService (BackgroundService.java:shutdown(141)) - Shutting down service BlockDeletingService
2023-09-07 08:55:20,919 [ForkJoinPool.commonPool-worker-2] INFO  utils.BackgroundService (BackgroundService.java:shutdown(141)) - Shutting down service StaleRecoveringContainerScrubbingService
2023-09-07 08:55:20,920 [ForkJoinPool.commonPool-worker-1] INFO  utils.BackgroundService (BackgroundService.java:shutdown(141)) - Shutting down service StaleRecoveringContainerScrubbingService
2023-09-07 08:55:20,923 [ForkJoinPool.commonPool-worker-2] INFO  statemachine.DatanodeStateMachine (DatanodeStateMachine.java:stopDaemon(620)) - Ozone container server stopped.
2023-09-07 08:55:20,923 [ForkJoinPool.commonPool-worker-1] INFO  statemachine.DatanodeStateMachine (DatanodeStateMachine.java:stopDaemon(620)) - Ozone container server stopped.
2023-09-07 08:55:20,942 [ForkJoinPool.commonPool-worker-1] INFO  handler.ContextHandler (ContextHandler.java:doStop(1159)) - Stopped o.e.j.w.WebAppContext@2f057b05{hddsDatanode,/,null,STOPPED}{jar:file:/home/runner/.m2/repository/org/apache/ozone/hdds-container-service/1.4.0-SNAPSHOT/hdds-container-service-1.4.0-SNAPSHOT.jar!/webapps/hddsDatanode}
2023-09-07 08:55:20,944 [ForkJoinPool.commonPool-worker-1] INFO  server.AbstractConnector (AbstractConnector.java:doStop(383)) - Stopped ServerConnector@2eddea1d{HTTP/1.1, (http/1.1)}{0.0.0.0:15098}
2023-09-07 08:55:20,944 [ForkJoinPool.commonPool-worker-1] INFO  server.session (HouseKeeper.java:stopScavenging(149)) - node0 Stopped scavenging
2023-09-07 08:55:20,948 [ForkJoinPool.commonPool-worker-1] INFO  handler.ContextHandler (ContextHandler.java:doStop(1159)) - Stopped o.e.j.s.ServletContextHandler@426bf9f5{static,/static,jar:file:/home/runner/.m2/repository/org/apache/ozone/hdds-container-service/1.4.0-SNAPSHOT/hdds-container-service-1.4.0-SNAPSHOT.jar!/webapps/static,STOPPED}
2023-09-07 08:55:20,948 [ForkJoinPool.commonPool-worker-2] INFO  handler.ContextHandler (ContextHandler.java:doStop(1159)) - Stopped o.e.j.w.WebAppContext@469c42d6{hddsDatanode,/,null,STOPPED}{jar:file:/home/runner/.m2/repository/org/apache/ozone/hdds-container-service/1.4.0-SNAPSHOT/hdds-container-service-1.4.0-SNAPSHOT.jar!/webapps/hddsDatanode}
2023-09-07 08:55:20,949 [ForkJoinPool.commonPool-worker-1] INFO  handler.ContextHandler (ContextHandler.java:doStop(1159)) - Stopped o.e.j.s.ServletContextHandler@14be1a1b{logs,/logs,file:///home/runner/work/ozone/ozone/hadoop-ozone/integration-test/target/log,STOPPED}
2023-09-07 08:55:20,950 [ForkJoinPool.commonPool-worker-2] INFO  server.AbstractConnector (AbstractConnector.java:doStop(383)) - Stopped ServerConnector@d59a45d{HTTP/1.1, (http/1.1)}{0.0.0.0:15089}
2023-09-07 08:55:20,950 [ForkJoinPool.commonPool-worker-2] INFO  server.session (HouseKeeper.java:stopScavenging(149)) - node0 Stopped scavenging
2023-09-07 08:55:20,952 [ForkJoinPool.commonPool-worker-1] INFO  ozone.HddsDatanodeClientProtocolServer (HddsDatanodeClientProtocolServer.java:stop(78)) - Stopping the RPC server for Client Protocol
2023-09-07 08:55:20,953 [ForkJoinPool.commonPool-worker-2] INFO  handler.ContextHandler (ContextHandler.java:doStop(1159)) - Stopped o.e.j.s.ServletContextHandler@3becd5bf{static,/static,jar:file:/home/runner/.m2/repository/org/apache/ozone/hdds-container-service/1.4.0-SNAPSHOT/hdds-container-service-1.4.0-SNAPSHOT.jar!/webapps/static,STOPPED}
2023-09-07 08:55:20,954 [ForkJoinPool.commonPool-worker-1] INFO  ipc.Server (Server.java:stop(3523)) - Stopping server on 15099
2023-09-07 08:55:20,955 [IPC Server listener on 15099] INFO  ipc.Server (Server.java:run(1434)) - Stopping IPC Server listener on 15099
2023-09-07 08:55:20,955 [IPC Server Responder] INFO  ipc.Server (Server.java:run(1567)) - Stopping IPC Server Responder
2023-09-07 08:55:20,959 [ForkJoinPool.commonPool-worker-2] INFO  handler.ContextHandler (ContextHandler.java:doStop(1159)) - Stopped o.e.j.s.ServletContextHandler@5ca5dea1{logs,/logs,file:///home/runner/work/ozone/ozone/hadoop-ozone/integration-test/target/log,STOPPED}
2023-09-07 08:55:20,962 [ForkJoinPool.commonPool-worker-2] INFO  ozone.HddsDatanodeClientProtocolServer (HddsDatanodeClientProtocolServer.java:stop(78)) - Stopping the RPC server for Client Protocol
2023-09-07 08:55:20,962 [ForkJoinPool.commonPool-worker-2] INFO  ipc.Server (Server.java:stop(3523)) - Stopping server on 15090
2023-09-07 08:55:20,963 [IPC Server listener on 15090] INFO  ipc.Server (Server.java:run(1434)) - Stopping IPC Server listener on 15090
2023-09-07 08:55:20,964 [IPC Server Responder] INFO  ipc.Server (Server.java:run(1567)) - Stopping IPC Server Responder
2023-09-07 08:55:21,234 [main] INFO  utils.DatanodeStoreCache (DatanodeStoreCache.java:shutdownCache(110)) - Skip clearing cache in mini cluster mode. Entries left: [/home/runner/work/ozone/ozone/hadoop-ozone/integration-test/target/test-dir/MiniOzoneClusterImpl-ca08a916-3927-468c-b731-1edf5636b3eb/datanode-0/data-0/containers/hdds/ca08a916-3927-468c-b731-1edf5636b3eb/DS-d889fae9-f952-4f19-a0c3-6f8bfb43f82e/container.db, /home/runner/work/ozone/ozone/hadoop-ozone/integration-test/target/test-dir/MiniOzoneClusterImpl-ca08a916-3927-468c-b731-1edf5636b3eb/datanode-1/data-0/containers/hdds/ca08a916-3927-468c-b731-1edf5636b3eb/DS-21b580bc-4d8c-433a-a927-36e286222baf/container.db, /home/runner/work/ozone/ozone/hadoop-ozone/integration-test/target/test-dir/MiniOzoneClusterImpl-ca08a916-3927-468c-b731-1edf5636b3eb/datanode-2/data-0/containers/hdds/ca08a916-3927-468c-b731-1edf5636b3eb/DS-ee23e3f5-d71e-47b8-88f3-d1cf1f8b24c8/container.db]
2023-09-07 08:55:21,236 [main] INFO  utils.DatanodeStoreCache (DatanodeStoreCache.java:removeDB(104)) - Removed db /home/runner/work/ozone/ozone/hadoop-ozone/integration-test/target/test-dir/MiniOzoneClusterImpl-ca08a916-3927-468c-b731-1edf5636b3eb/datanode-2/data-0/containers/hdds/ca08a916-3927-468c-b731-1edf5636b3eb/DS-ee23e3f5-d71e-47b8-88f3-d1cf1f8b24c8/container.db from cache
2023-09-07 08:55:21,237 [main] INFO  volume.HddsVolume (HddsVolume.java:closeDbStore(453)) - SchemaV3 db is stopped at /home/runner/work/ozone/ozone/hadoop-ozone/integration-test/target/test-dir/MiniOzoneClusterImpl-ca08a916-3927-468c-b731-1edf5636b3eb/datanode-2/data-0/containers/hdds/ca08a916-3927-468c-b731-1edf5636b3eb/DS-ee23e3f5-d71e-47b8-88f3-d1cf1f8b24c8/container.db for volume DS-ee23e3f5-d71e-47b8-88f3-d1cf1f8b24c8
2023-09-07 08:55:21,237 [main] INFO  utils.BackgroundService (BackgroundService.java:shutdown(141)) - Shutting down service BlockDeletingService
2023-09-07 08:55:21,239 [main] INFO  utils.BackgroundService (BackgroundService.java:shutdown(141)) - Shutting down service StaleRecoveringContainerScrubbingService
2023-09-07 08:55:21,240 [main] INFO  statemachine.DatanodeStateMachine (DatanodeStateMachine.java:stopDaemon(620)) - Ozone container server stopped.
2023-09-07 08:55:21,248 [ForkJoinPool.commonPool-worker-0] INFO  utils.DatanodeStoreCache (DatanodeStoreCache.java:shutdownCache(110)) - Skip clearing cache in mini cluster mode. Entries left: [/home/runner/work/ozone/ozone/hadoop-ozone/integration-test/target/test-dir/MiniOzoneClusterImpl-ca08a916-3927-468c-b731-1edf5636b3eb/datanode-0/data-0/containers/hdds/ca08a916-3927-468c-b731-1edf5636b3eb/DS-d889fae9-f952-4f19-a0c3-6f8bfb43f82e/container.db, /home/runner/work/ozone/ozone/hadoop-ozone/integration-test/target/test-dir/MiniOzoneClusterImpl-ca08a916-3927-468c-b731-1edf5636b3eb/datanode-1/data-0/containers/hdds/ca08a916-3927-468c-b731-1edf5636b3eb/DS-21b580bc-4d8c-433a-a927-36e286222baf/container.db]
2023-09-07 08:55:21,251 [ForkJoinPool.commonPool-worker-0] INFO  utils.DatanodeStoreCache (DatanodeStoreCache.java:removeDB(104)) - Removed db /home/runner/work/ozone/ozone/hadoop-ozone/integration-test/target/test-dir/MiniOzoneClusterImpl-ca08a916-3927-468c-b731-1edf5636b3eb/datanode-0/data-0/containers/hdds/ca08a916-3927-468c-b731-1edf5636b3eb/DS-d889fae9-f952-4f19-a0c3-6f8bfb43f82e/container.db from cache
2023-09-07 08:55:21,251 [ForkJoinPool.commonPool-worker-0] INFO  volume.HddsVolume (HddsVolume.java:closeDbStore(453)) - SchemaV3 db is stopped at /home/runner/work/ozone/ozone/hadoop-ozone/integration-test/target/test-dir/MiniOzoneClusterImpl-ca08a916-3927-468c-b731-1edf5636b3eb/datanode-0/data-0/containers/hdds/ca08a916-3927-468c-b731-1edf5636b3eb/DS-d889fae9-f952-4f19-a0c3-6f8bfb43f82e/container.db for volume DS-d889fae9-f952-4f19-a0c3-6f8bfb43f82e
2023-09-07 08:55:21,252 [ForkJoinPool.commonPool-worker-0] INFO  utils.BackgroundService (BackgroundService.java:shutdown(141)) - Shutting down service BlockDeletingService
2023-09-07 08:55:21,252 [ForkJoinPool.commonPool-worker-0] INFO  utils.BackgroundService (BackgroundService.java:shutdown(141)) - Shutting down service StaleRecoveringContainerScrubbingService
2023-09-07 08:55:21,253 [ForkJoinPool.commonPool-worker-3] INFO  utils.DatanodeStoreCache (DatanodeStoreCache.java:shutdownCache(110)) - Skip clearing cache in mini cluster mode. Entries left: [/home/runner/work/ozone/ozone/hadoop-ozone/integration-test/target/test-dir/MiniOzoneClusterImpl-ca08a916-3927-468c-b731-1edf5636b3eb/datanode-1/data-0/containers/hdds/ca08a916-3927-468c-b731-1edf5636b3eb/DS-21b580bc-4d8c-433a-a927-36e286222baf/container.db]
2023-09-07 08:55:21,255 [ForkJoinPool.commonPool-worker-3] INFO  utils.DatanodeStoreCache (DatanodeStoreCache.java:removeDB(104)) - Removed db /home/runner/work/ozone/ozone/hadoop-ozone/integration-test/target/test-dir/MiniOzoneClusterImpl-ca08a916-3927-468c-b731-1edf5636b3eb/datanode-1/data-0/containers/hdds/ca08a916-3927-468c-b731-1edf5636b3eb/DS-21b580bc-4d8c-433a-a927-36e286222baf/container.db from cache
2023-09-07 08:55:21,255 [ForkJoinPool.commonPool-worker-3] INFO  volume.HddsVolume (HddsVolume.java:closeDbStore(453)) - SchemaV3 db is stopped at /home/runner/work/ozone/ozone/hadoop-ozone/integration-test/target/test-dir/MiniOzoneClusterImpl-ca08a916-3927-468c-b731-1edf5636b3eb/datanode-1/data-0/containers/hdds/ca08a916-3927-468c-b731-1edf5636b3eb/DS-21b580bc-4d8c-433a-a927-36e286222baf/container.db for volume DS-21b580bc-4d8c-433a-a927-36e286222baf
2023-09-07 08:55:21,258 [ForkJoinPool.commonPool-worker-3] INFO  utils.BackgroundService (BackgroundService.java:shutdown(141)) - Shutting down service BlockDeletingService
2023-09-07 08:55:21,259 [ForkJoinPool.commonPool-worker-3] INFO  utils.BackgroundService (BackgroundService.java:shutdown(141)) - Shutting down service StaleRecoveringContainerScrubbingService
2023-09-07 08:55:21,259 [ForkJoinPool.commonPool-worker-0] INFO  statemachine.DatanodeStateMachine (DatanodeStateMachine.java:stopDaemon(620)) - Ozone container server stopped.
2023-09-07 08:55:21,259 [main] INFO  handler.ContextHandler (ContextHandler.java:doStop(1159)) - Stopped o.e.j.w.WebAppContext@3104aa87{hddsDatanode,/,null,STOPPED}{jar:file:/home/runner/.m2/repository/org/apache/ozone/hdds-container-service/1.4.0-SNAPSHOT/hdds-container-service-1.4.0-SNAPSHOT.jar!/webapps/hddsDatanode}
2023-09-07 08:55:21,269 [ForkJoinPool.commonPool-worker-3] INFO  statemachine.DatanodeStateMachine (DatanodeStateMachine.java:stopDaemon(620)) - Ozone container server stopped.
2023-09-07 08:55:21,272 [main] INFO  server.AbstractConnector (AbstractConnector.java:doStop(383)) - Stopped ServerConnector@2bbb1040{HTTP/1.1, (http/1.1)}{0.0.0.0:15080}
2023-09-07 08:55:21,281 [main] INFO  server.session (HouseKeeper.java:stopScavenging(149)) - node0 Stopped scavenging
2023-09-07 08:55:21,282 [main] INFO  handler.ContextHandler (ContextHandler.java:doStop(1159)) - Stopped o.e.j.s.ServletContextHandler@2c740de7{static,/static,jar:file:/home/runner/.m2/repository/org/apache/ozone/hdds-container-service/1.4.0-SNAPSHOT/hdds-container-service-1.4.0-SNAPSHOT.jar!/webapps/static,STOPPED}
2023-09-07 08:55:21,282 [main] INFO  handler.ContextHandler (ContextHandler.java:doStop(1159)) - Stopped o.e.j.s.ServletContextHandler@7bac7cfd{logs,/logs,file:///home/runner/work/ozone/ozone/hadoop-ozone/integration-test/target/log,STOPPED}
2023-09-07 08:55:21,285 [main] INFO  ozone.HddsDatanodeClientProtocolServer (HddsDatanodeClientProtocolServer.java:stop(78)) - Stopping the RPC server for Client Protocol
2023-09-07 08:55:21,285 [main] INFO  ipc.Server (Server.java:stop(3523)) - Stopping server on 15081
2023-09-07 08:55:21,288 [IPC Server listener on 15081] INFO  ipc.Server (Server.java:run(1434)) - Stopping IPC Server listener on 15081
2023-09-07 08:55:21,289 [IPC Server Responder] INFO  ipc.Server (Server.java:run(1567)) - Stopping IPC Server Responder
2023-09-07 08:55:21,295 [ForkJoinPool.commonPool-worker-0] INFO  handler.ContextHandler (ContextHandler.java:doStop(1159)) - Stopped o.e.j.w.WebAppContext@f6b6616{hddsDatanode,/,null,STOPPED}{jar:file:/home/runner/.m2/repository/org/apache/ozone/hdds-container-service/1.4.0-SNAPSHOT/hdds-container-service-1.4.0-SNAPSHOT.jar!/webapps/hddsDatanode}
2023-09-07 08:55:21,297 [ForkJoinPool.commonPool-worker-0] INFO  server.AbstractConnector (AbstractConnector.java:doStop(383)) - Stopped ServerConnector@c335f37{HTTP/1.1, (http/1.1)}{0.0.0.0:15062}
2023-09-07 08:55:21,297 [ForkJoinPool.commonPool-worker-0] INFO  server.session (HouseKeeper.java:stopScavenging(149)) - node0 Stopped scavenging
2023-09-07 08:55:21,298 [ForkJoinPool.commonPool-worker-0] INFO  handler.ContextHandler (ContextHandler.java:doStop(1159)) - Stopped o.e.j.s.ServletContextHandler@75c84f34{static,/static,jar:file:/home/runner/.m2/repository/org/apache/ozone/hdds-container-service/1.4.0-SNAPSHOT/hdds-container-service-1.4.0-SNAPSHOT.jar!/webapps/static,STOPPED}
2023-09-07 08:55:21,298 [ForkJoinPool.commonPool-worker-0] INFO  handler.ContextHandler (ContextHandler.java:doStop(1159)) - Stopped o.e.j.s.ServletContextHandler@6ff43a85{logs,/logs,file:///home/runner/work/ozone/ozone/hadoop-ozone/integration-test/target/log,STOPPED}
2023-09-07 08:55:21,299 [ForkJoinPool.commonPool-worker-0] INFO  ozone.HddsDatanodeClientProtocolServer (HddsDatanodeClientProtocolServer.java:stop(78)) - Stopping the RPC server for Client Protocol
2023-09-07 08:55:21,299 [ForkJoinPool.commonPool-worker-0] INFO  ipc.Server (Server.java:stop(3523)) - Stopping server on 15063
2023-09-07 08:55:21,300 [IPC Server listener on 15063] INFO  ipc.Server (Server.java:run(1434)) - Stopping IPC Server listener on 15063
2023-09-07 08:55:21,302 [IPC Server Responder] INFO  ipc.Server (Server.java:run(1567)) - Stopping IPC Server Responder
2023-09-07 08:55:21,305 [ForkJoinPool.commonPool-worker-3] INFO  handler.ContextHandler (ContextHandler.java:doStop(1159)) - Stopped o.e.j.w.WebAppContext@7ce3021{hddsDatanode,/,null,STOPPED}{jar:file:/home/runner/.m2/repository/org/apache/ozone/hdds-container-service/1.4.0-SNAPSHOT/hdds-container-service-1.4.0-SNAPSHOT.jar!/webapps/hddsDatanode}
2023-09-07 08:55:21,307 [ForkJoinPool.commonPool-worker-3] INFO  server.AbstractConnector (AbstractConnector.java:doStop(383)) - Stopped ServerConnector@3fbc770d{HTTP/1.1, (http/1.1)}{0.0.0.0:15071}
2023-09-07 08:55:21,307 [ForkJoinPool.commonPool-worker-3] INFO  server.session (HouseKeeper.java:stopScavenging(149)) - node0 Stopped scavenging
2023-09-07 08:55:21,307 [ForkJoinPool.commonPool-worker-3] INFO  handler.ContextHandler (ContextHandler.java:doStop(1159)) - Stopped o.e.j.s.ServletContextHandler@3db36e64{static,/static,jar:file:/home/runner/.m2/repository/org/apache/ozone/hdds-container-service/1.4.0-SNAPSHOT/hdds-container-service-1.4.0-SNAPSHOT.jar!/webapps/static,STOPPED}
2023-09-07 08:55:21,307 [ForkJoinPool.commonPool-worker-3] INFO  handler.ContextHandler (ContextHandler.java:doStop(1159)) - Stopped o.e.j.s.ServletContextHandler@1f7b4f75{logs,/logs,file:///home/runner/work/ozone/ozone/hadoop-ozone/integration-test/target/log,STOPPED}
2023-09-07 08:55:21,308 [ForkJoinPool.commonPool-worker-3] INFO  ozone.HddsDatanodeClientProtocolServer (HddsDatanodeClientProtocolServer.java:stop(78)) - Stopping the RPC server for Client Protocol
2023-09-07 08:55:21,308 [ForkJoinPool.commonPool-worker-3] INFO  ipc.Server (Server.java:stop(3523)) - Stopping server on 15072
2023-09-07 08:55:21,309 [IPC Server listener on 15072] INFO  ipc.Server (Server.java:run(1434)) - Stopping IPC Server listener on 15072
2023-09-07 08:55:21,310 [IPC Server Responder] INFO  ipc.Server (Server.java:run(1567)) - Stopping IPC Server Responder
2023-09-07 08:55:21,311 [main] INFO  ozone.MiniOzoneClusterImpl (MiniOzoneClusterImpl.java:stopSCM(543)) - Stopping the StorageContainerManager
2023-09-07 08:55:21,311 [main] INFO  server.StorageContainerManager (StorageContainerManager.java:stop(1591)) - Container Balancer is not running.
2023-09-07 08:55:21,311 [main] INFO  server.StorageContainerManager (StorageContainerManager.java:stopReplicationManager(1724)) - Stopping Replication Manager Service.
2023-09-07 08:55:21,311 [main] INFO  replication.ReplicationManager (ReplicationManager.java:stop(323)) - Stopping Replication Monitor Thread.
2023-09-07 08:55:21,311 [main] INFO  server.StorageContainerManager (StorageContainerManager.java:stop(1600)) - Stopping the Datanode Admin Monitor.
2023-09-07 08:55:21,311 [main] INFO  server.StorageContainerManager (StorageContainerManager.java:stop(1607)) - Stopping datanode service RPC server
2023-09-07 08:55:21,312 [main] INFO  server.SCMDatanodeProtocolServer (SCMDatanodeProtocolServer.java:stop(424)) - Stopping the RPC server for DataNodes
2023-09-07 08:55:21,312 [main] INFO  ipc.Server (Server.java:stop(3523)) - Stopping server on 15055
2023-09-07 08:55:21,312 [Over Replicated Processor] WARN  replication.UnhealthyReplicationProcessor (UnhealthyReplicationProcessor.java:run(180)) - Over Replicated Processor interrupted. Exiting...
2023-09-07 08:55:21,312 [Under Replicated Processor] WARN  replication.UnhealthyReplicationProcessor (UnhealthyReplicationProcessor.java:run(180)) - Under Replicated Processor interrupted. Exiting...
2023-09-07 08:55:21,313 [ReplicationMonitor] INFO  replication.ReplicationManager (ReplicationManager.java:run(921)) - Replication Monitor Thread is stopped
2023-09-07 08:55:21,314 [IPC Server Responder] INFO  ipc.Server (Server.java:run(1567)) - Stopping IPC Server Responder
2023-09-07 08:55:21,314 [IPC Server listener on 15055] INFO  ipc.Server (Server.java:run(1434)) - Stopping IPC Server listener on 15055
2023-09-07 08:55:21,336 [SCM Heartbeat Processing Thread - 0] WARN  node.NodeStateManager (NodeStateManager.java:scheduleNextHealthCheck(874)) - Current Thread is interrupted, shutting down HB processing thread for Node Manager.
2023-09-07 08:55:21,336 [main] INFO  server.StorageContainerManager (StorageContainerManager.java:stop(1615)) - Stopping block service RPC server
2023-09-07 08:55:21,337 [main] INFO  server.SCMBlockProtocolServer (SCMBlockProtocolServer.java:stop(161)) - Stopping the RPC server for Block Protocol
2023-09-07 08:55:21,337 [main] INFO  ipc.Server (Server.java:stop(3523)) - Stopping server on 15054
2023-09-07 08:55:21,340 [IPC Server listener on 15054] INFO  ipc.Server (Server.java:run(1434)) - Stopping IPC Server listener on 15054
2023-09-07 08:55:21,342 [IPC Server Responder] INFO  ipc.Server (Server.java:run(1567)) - Stopping IPC Server Responder
2023-09-07 08:55:21,342 [main] INFO  server.StorageContainerManager (StorageContainerManager.java:stop(1622)) - Stopping the StorageContainerLocationProtocol RPC server
2023-09-07 08:55:21,342 [main] INFO  server.SCMClientProtocolServer (SCMClientProtocolServer.java:stop(210)) - Stopping the RPC server for Client Protocol
2023-09-07 08:55:21,342 [main] INFO  ipc.Server (Server.java:stop(3523)) - Stopping server on 15053
2023-09-07 08:55:21,344 [IPC Server Responder] INFO  ipc.Server (Server.java:run(1567)) - Stopping IPC Server Responder
2023-09-07 08:55:21,345 [main] INFO  server.StorageContainerManager (StorageContainerManager.java:stop(1629)) - Stopping Storage Container Manager HTTP server.
2023-09-07 08:55:21,345 [IPC Server listener on 15053] INFO  ipc.Server (Server.java:run(1434)) - Stopping IPC Server listener on 15053
2023-09-07 08:55:21,346 [main] INFO  handler.ContextHandler (ContextHandler.java:doStop(1159)) - Stopped o.e.j.w.WebAppContext@8d91042{scm,/,null,STOPPED}{file:/home/runner/work/ozone/ozone/hadoop-ozone/integration-test/target/test-classes/webapps/scm}
2023-09-07 08:55:21,347 [main] INFO  server.AbstractConnector (AbstractConnector.java:doStop(383)) - Stopped ServerConnector@4a05adf4{HTTP/1.1, (http/1.1)}{0.0.0.0:15056}
2023-09-07 08:55:21,347 [main] INFO  server.session (HouseKeeper.java:stopScavenging(149)) - node0 Stopped scavenging
2023-09-07 08:55:21,348 [main] INFO  handler.ContextHandler (ContextHandler.java:doStop(1159)) - Stopped o.e.j.s.ServletContextHandler@168d1004{static,/static,file:///home/runner/work/ozone/ozone/hadoop-ozone/integration-test/target/test-classes/webapps/static,STOPPED}
2023-09-07 08:55:21,348 [main] INFO  handler.ContextHandler (ContextHandler.java:doStop(1159)) - Stopped o.e.j.s.ServletContextHandler@97acc9c{logs,/logs,file:///home/runner/work/ozone/ozone/hadoop-ozone/integration-test/target/log,STOPPED}
2023-09-07 08:55:21,349 [main] INFO  server.StorageContainerManager (StorageContainerManager.java:stop(1637)) - Stopping SCM LayoutVersionManager Service.
2023-09-07 08:55:21,349 [main] INFO  server.StorageContainerManager (StorageContainerManager.java:stop(1649)) - Stopping Block Manager Service.
2023-09-07 08:55:21,349 [main] INFO  utils.BackgroundService (BackgroundService.java:shutdown(141)) - Shutting down service SCMBlockDeletingService
2023-09-07 08:55:21,358 [main] INFO  utils.BackgroundService (BackgroundService.java:shutdown(141)) - Shutting down service SCMBlockDeletingService
2023-09-07 08:55:21,358 [main] INFO  server.StorageContainerManager (StorageContainerManager.java:stop(1669)) - Stopping SCM Event Queue.
2023-09-07 08:55:21,364 [JvmPauseMonitor7] INFO  util.JvmPauseMonitor (JvmPauseMonitor.java:run(109)) - JvmPauseMonitor-11e7d334-8346-4215-aae1-33957314840b: Stopped
2023-09-07 08:55:21,364 [main] INFO  server.StorageContainerManager (StorageContainerManager.java:stop(1680)) - Stopping SCM HA services.
2023-09-07 08:55:21,364 [main] INFO  pipeline.BackgroundPipelineCreator (BackgroundPipelineCreator.java:stop(149)) - Stopping RatisPipelineUtilsThread.
2023-09-07 08:55:21,364 [RatisPipelineUtilsThread - 0] WARN  pipeline.BackgroundPipelineCreator (BackgroundPipelineCreator.java:run(180)) - RatisPipelineUtilsThread is interrupted.
2023-09-07 08:55:21,364 [main] INFO  BackgroundPipelineScrubber (BackgroundSCMService.java:stop(131)) - Stopping BackgroundPipelineScrubber Service.
2023-09-07 08:55:21,364 [main] INFO  impl.MetricsSystemImpl (MetricsSystemImpl.java:stop(210)) - Stopping HddsDatanode metrics system...
2023-09-07 08:55:21,369 [BackgroundPipelineScrubberThread] WARN  BackgroundPipelineScrubber (BackgroundSCMService.java:run(115)) - BackgroundPipelineScrubber is interrupted, exit
2023-09-07 08:55:21,375 [prometheus] INFO  impl.MetricsSinkAdapter (MetricsSinkAdapter.java:publishMetricsFromQueue(141)) - prometheus thread interrupted.
2023-09-07 08:55:21,376 [main] INFO  impl.MetricsSystemImpl (MetricsSystemImpl.java:stop(216)) - HddsDatanode metrics system stopped.
2023-09-07 08:55:21,376 [main] WARN  pipeline.BackgroundPipelineCreator (BackgroundPipelineCreator.java:stop(145)) - RatisPipelineUtilsThread is not running, just ignore.
2023-09-07 08:55:21,376 [main] INFO  BackgroundPipelineScrubber (BackgroundSCMService.java:stop(126)) - BackgroundPipelineScrubber Service is not running, skip stop.
2023-09-07 08:55:21,376 [ExpiredContainerReplicaOpScrubberThread] WARN  ExpiredContainerReplicaOpScrubber (BackgroundSCMService.java:run(115)) - ExpiredContainerReplicaOpScrubber is interrupted, exit
2023-09-07 08:55:21,377 [main] INFO  ExpiredContainerReplicaOpScrubber (BackgroundSCMService.java:stop(131)) - Stopping ExpiredContainerReplicaOpScrubber Service.
2023-09-07 08:55:21,377 [main] INFO  utils.BackgroundService (BackgroundService.java:shutdown(141)) - Shutting down service SCMBlockDeletingService
2023-09-07 08:55:21,377 [main] INFO  replication.ReplicationManager (ReplicationManager.java:stop(333)) - Replication Monitor Thread is not running.
2023-09-07 08:55:21,377 [main] WARN  balancer.ContainerBalancer (ContainerBalancer.java:stop(326)) - Cannot stop Container Balancer because it's not running or stopping
2023-09-07 08:55:21,379 [main] INFO  server.StorageContainerManager (StorageContainerManager.java:stop(1715)) - Stopping SCM MetadataStore.
2023-09-07 08:55:21,473 [main] WARN  server.ServerUtils (ServerUtils.java:getScmDbDir(155)) - ozone.scm.db.dirs is not configured. We recommend adding this setting. Falling back to ozone.metadata.dirs instead.
2023-09-07 08:55:21,479 [main] WARN  server.ServerUtils (ServerUtils.java:getScmDbDir(155)) - ozone.scm.db.dirs is not configured. We recommend adding this setting. Falling back to ozone.metadata.dirs instead.
2023-09-07 08:55:21,480 [main] INFO  ha.SCMHANodeDetails (SCMHANodeDetails.java:loadSCMHAConfig(210)) - ServiceID for StorageContainerManager is null
2023-09-07 08:55:21,481 [main] INFO  ha.SCMHANodeDetails (SCMHANodeDetails.java:loadSCMHAConfig(215)) - ozone.scm.default.service.id is not defined, falling back to ozone.scm.service.ids to find serviceID for StorageContainerManager if it is HA enabled cluster
2023-09-07 08:55:21,481 [main] WARN  utils.HAUtils (HAUtils.java:getMetaDir(339)) - ozone.scm.db.dirs is not configured. We recommend adding this setting. Falling back to ozone.metadata.dirs instead.
2023-09-07 08:55:21,482 [main] WARN  db.DBStoreBuilder (DBStoreBuilder.java:applyDBDefinition(166)) - ozone.scm.db.dirs is not configured. We recommend adding this setting. Falling back to ozone.metadata.dirs instead.
2023-09-07 08:55:21,640 [main] INFO  net.NodeSchemaLoader (NodeSchemaLoader.java:loadSchemaFromFile(129)) - Loading schema from [jar:file:/home/runner/.m2/repository/org/apache/ozone/hdds-common/1.4.0-SNAPSHOT/hdds-common-1.4.0-SNAPSHOT.jar!/network-topology-default.xml]
2023-09-07 08:55:21,640 [main] INFO  net.NodeSchemaLoader (NodeSchemaLoader.java:loadSchema(176)) - Loading network topology layer schema file
2023-09-07 08:55:21,643 [main] INFO  upgrade.AbstractLayoutVersionManager (AbstractLayoutVersionManager.java:init(83)) - Initializing Layout version manager with metadata layout = HADOOP_PRC_PORTS_IN_DATANODEDETAILS (version = 7), software layout = HADOOP_PRC_PORTS_IN_DATANODEDETAILS (version = 7)
2023-09-07 08:55:21,645 [main] INFO  ha.SequenceIdGenerator (SequenceIdGenerator.java:upgradeToSequenceId(365)) - upgrade localId to 111677748019200000
2023-09-07 08:55:21,646 [main] INFO  ha.SequenceIdGenerator (SequenceIdGenerator.java:upgradeToSequenceId(375)) - upgrade delTxnId to 0
2023-09-07 08:55:21,647 [main] INFO  ha.SequenceIdGenerator (SequenceIdGenerator.java:upgradeToSequenceId(392)) - upgrade containerId to 0
2023-09-07 08:55:21,648 [main] INFO  ha.SequenceIdGenerator (SequenceIdGenerator.java:upgradeToSequenceId(428)) - upgrade rootCertificateId to 1
2023-09-07 08:55:21,648 [main] INFO  ha.SequenceIdGenerator (SequenceIdGenerator.java:<init>(236)) - Init the HA SequenceIdGenerator.
2023-09-07 08:55:21,649 [main] WARN  server.ServerUtils (ServerUtils.java:sanitizeUserArgs(80)) - ozone.scm.stale.node.interval value = 300000 is larger than max = 100000 based on the key value of ozone.scm.heartbeat.thread.interval, reset to the max value 100000.
2023-09-07 08:55:21,649 [main] WARN  server.ServerUtils (ServerUtils.java:sanitizeUserArgs(80)) - ozone.scm.stale.node.interval value = 300000 is larger than max = 100000 based on the key value of ozone.scm.heartbeat.thread.interval, reset to the max value 100000.
2023-09-07 08:55:21,649 [main] INFO  node.SCMNodeManager (SCMNodeManager.java:<init>(157)) - Entering startup safe mode.
2023-09-07 08:55:21,650 [main] INFO  algorithms.ContainerPlacementPolicyFactory (ContainerPlacementPolicyFactory.java:getPolicyInternal(86)) - Create container placement policy of type org.apache.hadoop.hdds.scm.container.placement.algorithms.SCMContainerPlacementRackAware
2023-09-07 08:55:21,650 [main] INFO  algorithms.ContainerPlacementPolicyFactory (ContainerPlacementPolicyFactory.java:getPolicyInternal(86)) - Create container placement policy of type org.apache.hadoop.hdds.scm.container.placement.algorithms.SCMContainerPlacementRackScatter
2023-09-07 08:55:21,650 [main] INFO  pipeline.PipelineStateManagerImpl (PipelineStateManagerImpl.java:initialize(78)) - No pipeline exists in current db
2023-09-07 08:55:21,650 [main] INFO  algorithms.LeaderChoosePolicyFactory (LeaderChoosePolicyFactory.java:getPolicy(57)) - Create leader choose policy of type org.apache.hadoop.hdds.scm.pipeline.leader.choose.algorithms.MinLeaderCountChoosePolicy
2023-09-07 08:55:21,650 [main] INFO  algorithms.ContainerPlacementPolicyFactory (ContainerPlacementPolicyFactory.java:getPolicyInternal(86)) - Create container placement policy of type org.apache.hadoop.hdds.scm.container.placement.algorithms.SCMContainerPlacementRackScatter
2023-09-07 08:55:21,651 [main] INFO  ha.SCMServiceManager (SCMServiceManager.java:register(42)) - Registering service BackgroundPipelineCreator.
2023-09-07 08:55:21,651 [main] INFO  pipeline.BackgroundPipelineCreator (BackgroundPipelineCreator.java:start(124)) - Starting RatisPipelineUtilsThread.
2023-09-07 08:55:21,652 [main] INFO  BackgroundPipelineScrubber (BackgroundSCMService.java:start(68)) - Starting BackgroundPipelineScrubber Service.
2023-09-07 08:55:21,652 [main] INFO  ha.SCMServiceManager (SCMServiceManager.java:register(42)) - Registering service BackgroundPipelineScrubber.
2023-09-07 08:55:21,652 [main] INFO  ExpiredContainerReplicaOpScrubber (BackgroundSCMService.java:start(68)) - Starting ExpiredContainerReplicaOpScrubber Service.
2023-09-07 08:55:21,653 [main] INFO  ha.SCMServiceManager (SCMServiceManager.java:register(42)) - Registering service ExpiredContainerReplicaOpScrubber.
2023-09-07 08:55:21,653 [main] INFO  algorithms.PipelineChoosePolicyFactory (PipelineChoosePolicyFactory.java:createPipelineChoosePolicyFromClass(78)) - Create pipeline choose policy of type org.apache.hadoop.hdds.scm.pipeline.choose.algorithms.RandomPipelineChoosePolicy
2023-09-07 08:55:21,654 [main] INFO  algorithms.PipelineChoosePolicyFactory (PipelineChoosePolicyFactory.java:createPipelineChoosePolicyFromClass(78)) - Create pipeline choose policy of type org.apache.hadoop.hdds.scm.pipeline.choose.algorithms.RandomPipelineChoosePolicy
2023-09-07 08:55:21,654 [main] INFO  ha.SCMServiceManager (SCMServiceManager.java:register(42)) - Registering service SCMBlockDeletingService.
2023-09-07 08:55:21,657 [main] INFO  replication.ReplicationManager (ReplicationManager.java:start(291)) - Starting Replication Monitor Thread.
2023-09-07 08:55:21,657 [main] INFO  ha.SCMServiceManager (SCMServiceManager.java:register(42)) - Registering service ReplicationManager.
2023-09-07 08:55:21,659 [ReplicationMonitor] INFO  replication.ReplicationManager (ReplicationManager.java:processAll(365)) - Replication Manager is not ready to run until 3000ms after safemode exit
2023-09-07 08:55:21,659 [main] INFO  safemode.ContainerSafeModeRule (ContainerSafeModeRule.java:<init>(90)) - containers with one replica threshold count 0
2023-09-07 08:55:21,660 [main] INFO  safemode.HealthyPipelineSafeModeRule (HealthyPipelineSafeModeRule.java:initializeRule(169)) - Total pipeline count is 0, healthy pipeline threshold count is 1
2023-09-07 08:55:21,660 [main] INFO  safemode.OneReplicaPipelineSafeModeRule (OneReplicaPipelineSafeModeRule.java:initializeRule(180)) - Total pipeline count is 0, pipeline's with at least one datanode reported threshold count is 0
2023-09-07 08:55:21,661 [main] INFO  server.StorageContainerManager (StorageContainerManager.java:<init>(425)) - SCM start with adminUsers: [runner]
2023-09-07 08:55:21,661 [main] INFO  ipc.CallQueueManager (CallQueueManager.java:<init>(90)) - Using callQueue: class java.util.concurrent.LinkedBlockingQueue, queueCapacity: 2000, scheduler: class org.apache.hadoop.ipc.DefaultRpcScheduler, ipcBackoff: false.
2023-09-07 08:55:21,662 [main] INFO  ipc.Server (Server.java:<init>(1287)) - Listener at 0.0.0.0:15108
2023-09-07 08:55:21,663 [Socket Reader #1 for port 15108] INFO  ipc.Server (Server.java:run(1323)) - Starting Socket Reader #1 for port 15108
2023-09-07 08:55:21,665 [main] INFO  ipc.CallQueueManager (CallQueueManager.java:<init>(90)) - Using callQueue: class java.util.concurrent.LinkedBlockingQueue, queueCapacity: 2000, scheduler: class org.apache.hadoop.ipc.DefaultRpcScheduler, ipcBackoff: false.
2023-09-07 08:55:21,666 [main] INFO  ipc.Server (Server.java:<init>(1287)) - Listener at 0.0.0.0:15107
2023-09-07 08:55:21,666 [Socket Reader #1 for port 15107] INFO  ipc.Server (Server.java:run(1323)) - Starting Socket Reader #1 for port 15107
2023-09-07 08:55:21,673 [main] INFO  ipc.CallQueueManager (CallQueueManager.java:<init>(90)) - Using callQueue: class java.util.concurrent.LinkedBlockingQueue, queueCapacity: 2000, scheduler: class org.apache.hadoop.ipc.DefaultRpcScheduler, ipcBackoff: false.
2023-09-07 08:55:21,673 [main] INFO  ipc.Server (Server.java:<init>(1287)) - Listener at 0.0.0.0:15106
2023-09-07 08:55:21,674 [Socket Reader #1 for port 15106] INFO  ipc.Server (Server.java:run(1323)) - Starting Socket Reader #1 for port 15106
2023-09-07 08:55:21,678 [main] INFO  ha.SCMServiceManager (SCMServiceManager.java:register(42)) - Registering service ContainerBalancer.
2023-09-07 08:55:21,679 [main] INFO  server.StorageContainerManager (StorageContainerManager.java:<init>(438)) - 
Container Balancer status:
Key                            Value
Running                        false
Container Balancer Configuration values:
Key                                                Value
Threshold                                          10
Max Datanodes to Involve per Iteration(percent)    20
Max Size to Move per Iteration                     500GB
Max Size Entering Target per Iteration             26GB
Max Size Leaving Source per Iteration              26GB

2023-09-07 08:55:21,679 [main] INFO  ha.SCMContext (SCMContext.java:updateSafeModeStatus(228)) - Update SafeModeStatus from SafeModeStatus{safeModeStatus=true, preCheckPassed=false} to SafeModeStatus{safeModeStatus=true, preCheckPassed=false}.
2023-09-07 08:55:21,679 [main] INFO  server.StorageContainerManager (StorageContainerManager.java:start(1483)) - StorageContainerLocationProtocol RPC server is listening at /0.0.0.0:15106
2023-09-07 08:55:21,682 [main] WARN  impl.MetricsConfig (MetricsConfig.java:loadFirst(136)) - Cannot locate configuration: tried hadoop-metrics2-storagecontainermanager.properties,hadoop-metrics2.properties
2023-09-07 08:55:21,682 [main] INFO  impl.MetricsSystemImpl (MetricsSystemImpl.java:startTimer(378)) - Scheduled Metric snapshot period at 10 second(s).
2023-09-07 08:55:21,683 [main] INFO  impl.MetricsSystemImpl (MetricsSystemImpl.java:start(191)) - StorageContainerManager metrics system started
2023-09-07 08:55:21,688 [main] INFO  impl.MetricsSinkAdapter (MetricsSinkAdapter.java:start(204)) - Sink prometheus started
2023-09-07 08:55:21,688 [main] INFO  impl.MetricsSystemImpl (MetricsSystemImpl.java:registerSink(305)) - Registered sink prometheus
2023-09-07 08:55:21,749 [main] INFO  server.SCMClientProtocolServer (SCMClientProtocolServer.java:start(201)) - RPC server for Client  is listening at /0.0.0.0:15106
2023-09-07 08:55:21,765 [IPC Server Responder] INFO  ipc.Server (Server.java:run(1562)) - IPC Server Responder: starting
2023-09-07 08:55:21,770 [IPC Server listener on 15106] INFO  ipc.Server (Server.java:run(1402)) - IPC Server listener on 15106: starting
2023-09-07 08:55:21,778 [main] INFO  server.StorageContainerManager (StorageContainerManager.java:start(1496)) - ScmBlockLocationProtocol RPC server is listening at /0.0.0.0:15107
2023-09-07 08:55:21,778 [main] INFO  server.SCMBlockProtocolServer (SCMBlockProtocolServer.java:start(152)) - RPC server for Block Protocol is listening at /0.0.0.0:15107
2023-09-07 08:55:21,779 [IPC Server Responder] INFO  ipc.Server (Server.java:run(1562)) - IPC Server Responder: starting
2023-09-07 08:55:21,779 [IPC Server listener on 15107] INFO  ipc.Server (Server.java:run(1402)) - IPC Server listener on 15107: starting
2023-09-07 08:55:21,781 [main] INFO  server.SCMDatanodeProtocolServer (SCMDatanodeProtocolServer.java:start(193)) - ScmDatanodeProtocol RPC server for DataNodes is listening at /0.0.0.0:15108
2023-09-07 08:55:21,782 [IPC Server Responder] INFO  ipc.Server (Server.java:run(1562)) - IPC Server Responder: starting
2023-09-07 08:55:21,782 [IPC Server listener on 15108] INFO  ipc.Server (Server.java:run(1402)) - IPC Server listener on 15108: starting
2023-09-07 08:55:21,792 [main] INFO  http.BaseHttpServer (BaseHttpServer.java:newHttpServer2BuilderForOzone(223)) - Starting Web-server for scm at: http://0.0.0.0:15109
2023-09-07 08:55:21,792 [main] INFO  http.BaseHttpServer (BaseHttpServer.java:<init>(110)) - Hadoop Security Enabled: false Ozone Security Enabled: false Ozone HTTP Security Enabled: false 
2023-09-07 08:55:21,794 [main] WARN  server.AuthenticationFilter (AuthenticationFilter.java:constructSecretProvider(240)) - Unable to initialize FileSignerSecretProvider, falling back to use random secrets. Reason: Could not read signature secret file: /home/runner/hadoop-http-auth-signature-secret
2023-09-07 08:55:21,795 [main] INFO  http.HttpRequestLog (HttpRequestLog.java:getRequestLog(86)) - Http request log for http.requests.scm is not defined
2023-09-07 08:55:21,797 [main] INFO  http.HttpServer2 (HttpServer2.java:addGlobalFilter(1031)) - Added global filter 'safety' (class=org.apache.hadoop.hdds.server.http.HttpServer2$QuotingInputFilter)
2023-09-07 08:55:21,797 [main] INFO  http.HttpServer2 (HttpServer2.java:addFilter(1007)) - Added filter static_user_filter (class=org.apache.hadoop.http.lib.StaticUserWebFilter$StaticUserFilter) to context scm
2023-09-07 08:55:21,798 [main] INFO  http.HttpServer2 (HttpServer2.java:addFilter(1015)) - Added filter static_user_filter (class=org.apache.hadoop.http.lib.StaticUserWebFilter$StaticUserFilter) to context logs
2023-09-07 08:55:21,798 [main] INFO  http.HttpServer2 (HttpServer2.java:addFilter(1015)) - Added filter static_user_filter (class=org.apache.hadoop.http.lib.StaticUserWebFilter$StaticUserFilter) to context static
2023-09-07 08:55:21,798 [main] INFO  http.BaseHttpServer (BaseHttpServer.java:<init>(189)) - HTTP server of scm uses base directory /home/runner/work/ozone/ozone/hadoop-ozone/integration-test/target/test-dir/MiniOzoneClusterImpl-06b57250-6369-4c93-9764-bbc94174df1e/ozone-meta/webserver
2023-09-07 08:55:21,799 [main] INFO  http.HttpServer2 (HttpServer2.java:bindListener(1231)) - Jetty bound to port 15109
2023-09-07 08:55:21,799 [main] INFO  server.Server (Server.java:doStart(375)) - jetty-9.4.51.v20230217; built: 2023-02-17T08:19:37.309Z; git: b45c405e4544384de066f814ed42ae3dceacdd49; jvm 1.8.0_382-b05
2023-09-07 08:55:21,803 [JvmPauseMonitor14] INFO  util.JvmPauseMonitor (JvmPauseMonitor.java:run(103)) - JvmPauseMonitor-b91528af-52b9-4687-ab0a-a246129d484b: Started
2023-09-07 08:55:21,805 [main] INFO  server.session (DefaultSessionIdManager.java:doStart(334)) - DefaultSessionIdManager workerName=node0
2023-09-07 08:55:21,805 [main] INFO  server.session (DefaultSessionIdManager.java:doStart(339)) - No SessionScavenger set, using defaults
2023-09-07 08:55:21,805 [main] INFO  server.session (HouseKeeper.java:startScavenging(132)) - node0 Scavenging every 600000ms
2023-09-07 08:55:21,807 [main] INFO  handler.ContextHandler (ContextHandler.java:doStart(921)) - Started o.e.j.s.ServletContextHandler@3e3d36d0{logs,/logs,file:///home/runner/work/ozone/ozone/hadoop-ozone/integration-test/target/log,AVAILABLE}
2023-09-07 08:55:21,807 [main] INFO  handler.ContextHandler (ContextHandler.java:doStart(921)) - Started o.e.j.s.ServletContextHandler@f967479{static,/static,file:///home/runner/work/ozone/ozone/hadoop-ozone/integration-test/target/test-classes/webapps/static,AVAILABLE}
2023-09-07 08:55:21,818 [main] INFO  handler.ContextHandler (ContextHandler.java:doStart(921)) - Started o.e.j.w.WebAppContext@7b0453f4{scm,/,file:///home/runner/work/ozone/ozone/hadoop-ozone/integration-test/target/test-classes/webapps/scm/,AVAILABLE}{file:/home/runner/work/ozone/ozone/hadoop-ozone/integration-test/target/test-classes/webapps/scm}
2023-09-07 08:55:21,820 [main] INFO  server.AbstractConnector (AbstractConnector.java:doStart(333)) - Started ServerConnector@7d92b9a9{HTTP/1.1, (http/1.1)}{0.0.0.0:15109}
2023-09-07 08:55:21,821 [main] INFO  server.Server (Server.java:doStart(415)) - Started @212160ms
2023-09-07 08:55:21,821 [main] WARN  impl.MetricsSystemImpl (MetricsSystemImpl.java:register(279)) - Sink prometheus already exists!
2023-09-07 08:55:21,822 [main] INFO  http.BaseHttpServer (BaseHttpServer.java:updateConnectorAddress(354)) - HTTP server of scm listening at http://0.0.0.0:15109
2023-09-07 08:55:21,822 [main] WARN  server.ServerUtils (ServerUtils.java:getDBPath(311)) - ozone.om.db.dirs is not configured. We recommend adding this setting. Falling back to ozone.metadata.dirs instead.
2023-09-07 08:55:21,826 [main] INFO  ha.OMHANodeDetails (OMHANodeDetails.java:loadOMHAConfig(115)) - ozone.om.internal.service.id is not defined, falling back to ozone.om.service.ids to find serviceID for OzoneManager if it is HA enabled cluster
2023-09-07 08:55:21,826 [main] INFO  ha.OMHANodeDetails (OMHANodeDetails.java:loadOMHAConfig(226)) - Configuration does not have ozone.om.address set. Falling back to the default OM address /127.0.0.1:15110
2023-09-07 08:55:21,826 [main] INFO  ha.OMHANodeDetails (OMHANodeDetails.java:getOMNodeDetailsForNonHA(254)) - OM Service ID is not set. Setting it to the default ID: omServiceIdDefault
2023-09-07 08:55:21,826 [main] INFO  ha.OMHANodeDetails (OMHANodeDetails.java:getOMNodeDetailsForNonHA(261)) - OM Node ID is not set. Setting it to the default ID: om1
2023-09-07 08:55:21,827 [main] WARN  server.ServerUtils (ServerUtils.java:getDBPath(311)) - ozone.om.db.dirs is not configured. We recommend adding this setting. Falling back to ozone.metadata.dirs instead.
2023-09-07 08:55:21,829 [main] INFO  upgrade.AbstractLayoutVersionManager (AbstractLayoutVersionManager.java:init(83)) - Initializing Layout version manager with metadata layout = QUOTA (version = 6), software layout = QUOTA (version = 6)
2023-09-07 08:55:21,945 [main] INFO  reflections.Reflections (Reflections.java:scan(232)) - Reflections took 114 ms to scan 2 urls, producing 187 keys and 514 values [using 2 cores]
2023-09-07 08:55:21,946 [main] INFO  upgrade.OMLayoutVersionManager (OMLayoutVersionManager.java:lambda$0(115)) - Skipping Upgrade Action QuotaRepairUpgradeAction since it has been finalized.
2023-09-07 08:55:21,946 [main] INFO  upgrade.OMLayoutVersionManager (OMLayoutVersionManager.java:lambda$0(115)) - Skipping Upgrade Action MockOmUpgradeAction since it has been finalized.
2023-09-07 08:55:21,946 [main] WARN  server.ServerUtils (ServerUtils.java:getDBPath(311)) - ozone.om.db.dirs is not configured. We recommend adding this setting. Falling back to ozone.metadata.dirs instead.
2023-09-07 08:55:21,948 [main] INFO  proxy.SCMBlockLocationFailoverProxyProvider (SCMBlockLocationFailoverProxyProvider.java:<init>(114)) - Created block location fail-over proxy with 1 nodes: [nodeId=scmNodeId,nodeAddress=/0.0.0.0:15107]
2023-09-07 08:55:21,949 [main] INFO  proxy.SCMBlockLocationFailoverProxyProvider (SCMBlockLocationFailoverProxyProvider.java:<init>(114)) - Created block location fail-over proxy with 1 nodes: [nodeId=scmNodeId,nodeAddress=/0.0.0.0:15107]
2023-09-07 08:55:21,959 [main] INFO  om.OzoneManager (OzoneManager.java:<init>(665)) - OM start with adminUsers: [runner]
2023-09-07 08:55:21,960 [main] WARN  server.ServerUtils (ServerUtils.java:getDBPath(311)) - ozone.om.db.dirs is not configured. We recommend adding this setting. Falling back to ozone.metadata.dirs instead.
2023-09-07 08:55:21,961 [main] INFO  helpers.OmKeyInfo (OmKeyInfo.java:getCodec(71)) - OmKeyInfo.getCodec ignorePipeline = true
2023-09-07 08:55:22,249 [main] INFO  om.OzoneManager (OzoneManager.java:instantiateServices(794)) - S3 Multi-Tenancy is disabled
2023-09-07 08:55:22,249 [main] INFO  om.OmSnapshotManager (OmSnapshotManager.java:<init>(174)) - Ozone filesystem snapshot feature is enabled.
2023-09-07 08:55:22,249 [main] WARN  server.ServerUtils (ServerUtils.java:getDBPath(311)) - ozone.om.snapshot.diff.db.dir is not configured. We recommend adding this setting. Falling back to ozone.metadata.dirs instead.
2023-09-07 08:55:22,280 [main] INFO  snapshot.SnapshotDiffManager (SnapshotDiffManager.java:closeExecutorService(1697)) - Shutting down executorService: 'SstDumpToolExecutor'
2023-09-07 08:55:22,281 [main] INFO  om.OzoneManager (OzoneManager.java:addS3GVolumeToDB(4301)) - Created Volume s3v With Owner runner required for S3Gateway operations.
2023-09-07 08:55:22,282 [main] WARN  server.ServerUtils (ServerUtils.java:getDefaultRatisDirectory(323)) - Storage directory for Ratis is not configured. It is a good idea to map this to an SSD disk. Falling back to ozone.metadata.dirs
2023-09-07 08:55:22,282 [main] WARN  utils.OzoneManagerRatisUtils (OzoneManagerRatisUtils.java:getOMRatisSnapshotDirectory(464)) - ozone.om.ratis.snapshot.dir is not configured. Falling back to ozone.metadata.dirs config
2023-09-07 08:55:22,282 [main] WARN  server.ServerUtils (ServerUtils.java:getDefaultRatisDirectory(323)) - Storage directory for Ratis is not configured. It is a good idea to map this to an SSD disk. Falling back to ozone.metadata.dirs
2023-09-07 08:55:22,284 [main] INFO  ratis.OzoneManagerRatisServer (OzoneManagerRatisServer.java:<init>(163)) - Instantiating OM Ratis server with groupID: omServiceIdDefault and peers: localhost:15113
2023-09-07 08:55:22,284 [main] INFO  ratis.OzoneManagerStateMachine (OzoneManagerStateMachine.java:loadSnapshotInfoFromDB(687)) - LastAppliedIndex is set from TransactionInfo from OM DB as (t:0, i:~)
2023-09-07 08:55:22,285 [main] INFO  server.RaftServer (ConfUtils.java:logGet(46)) - raft.rpc.type = GRPC (default)
2023-09-07 08:55:22,285 [main] INFO  grpc.GrpcConfigKeys (ConfUtils.java:logFallback(53)) - raft.grpc.admin.host = null (fallback to raft.grpc.server.host)
2023-09-07 08:55:22,287 [main] INFO  grpc.GrpcConfigKeys (ConfUtils.java:logFallback(53)) - raft.grpc.admin.port = 15113 (fallback to raft.grpc.server.port)
2023-09-07 08:55:22,287 [main] INFO  grpc.GrpcConfigKeys (ConfUtils.java:logFallback(53)) - raft.grpc.client.host = null (fallback to raft.grpc.server.host)
2023-09-07 08:55:22,287 [main] INFO  grpc.GrpcConfigKeys (ConfUtils.java:logFallback(53)) - raft.grpc.client.port = 15113 (fallback to raft.grpc.server.port)
2023-09-07 08:55:22,288 [main] INFO  grpc.GrpcConfigKeys (ConfUtils.java:logGet(46)) - raft.grpc.server.host = null (default)
2023-09-07 08:55:22,288 [main] INFO  grpc.GrpcConfigKeys (ConfUtils.java:logGet(46)) - raft.grpc.server.port = 15113 (custom)
2023-09-07 08:55:22,288 [main] INFO  server.GrpcService (ConfUtils.java:logGet(46)) - raft.grpc.message.size.max = 33554432 (custom)
2023-09-07 08:55:22,288 [main] INFO  server.RaftServerConfigKeys (ConfUtils.java:logGet(46)) - raft.server.log.appender.buffer.byte-limit = 33554432 (custom)
2023-09-07 08:55:22,288 [main] INFO  server.GrpcService (ConfUtils.java:logGet(46)) - raft.grpc.flow.control.window = 1MB (=1048576) (default)
2023-09-07 08:55:22,288 [main] INFO  server.RaftServerConfigKeys (ConfUtils.java:logGet(46)) - raft.server.rpc.request.timeout = 3000ms (default)
2023-09-07 08:55:22,288 [main] INFO  grpc.GrpcConfigKeys (ConfUtils.java:logGet(46)) - raft.grpc.server.heartbeat.channel = true (default)
2023-09-07 08:55:22,289 [main] INFO  grpc.GrpcConfigKeys (ConfUtils.java:logGet(46)) - raft.grpc.server.async.request.thread.pool.cached = true (default)
2023-09-07 08:55:22,289 [main] INFO  grpc.GrpcConfigKeys (ConfUtils.java:logGet(46)) - raft.grpc.server.async.request.thread.pool.size = 32 (default)
2023-09-07 08:55:22,291 [main] INFO  impl.DataStreamServerImpl (ConfUtils.java:logGet(46)) - raft.datastream.type = DISABLED (default)
2023-09-07 08:55:22,291 [main] INFO  server.RaftServerConfigKeys (ConfUtils.java:logGet(46)) - raft.server.threadpool.proxy.cached = true (default)
2023-09-07 08:55:22,291 [main] INFO  server.RaftServerConfigKeys (ConfUtils.java:logGet(46)) - raft.server.threadpool.proxy.size = 0 (default)
2023-09-07 08:55:22,292 [main] INFO  server.RaftServerConfigKeys (ConfUtils.java:logGet(46)) - raft.server.rpc.slowness.timeout = 120s (custom)
2023-09-07 08:55:22,292 [main] INFO  server.RaftServerConfigKeys (ConfUtils.java:logGet(46)) - raft.server.leaderelection.leader.step-down.wait-time = 10s (default)
2023-09-07 08:55:22,292 [main] INFO  server.RaftServerConfigKeys (ConfUtils.java:logGet(46)) - raft.server.storage.dir = [/home/runner/work/ozone/ozone/hadoop-ozone/integration-test/target/test-dir/MiniOzoneClusterImpl-06b57250-6369-4c93-9764-bbc94174df1e/ozone-meta/ratis] (custom)
2023-09-07 08:55:22,293 [main] INFO  server.RaftServer (RaftServerProxy.java:addNew(98)) - om1: addNew group-C5BA1605619E:[om1|rpc:localhost:15113|priority:0|startupRole:FOLLOWER] returns group-C5BA1605619E:java.util.concurrent.CompletableFuture@6a05679a[Not completed]
2023-09-07 08:55:22,293 [main] INFO  om.OzoneManager (OzoneManager.java:initializeRatisServer(2145)) - OzoneManager Ratis server initialized at port 15113
2023-09-07 08:55:22,293 [main] INFO  om.OzoneManager (OzoneManager.java:getRpcServer(1196)) - Creating RPC Server
2023-09-07 08:55:22,295 [om1-groupManagement] INFO  server.RaftServer$Division (RaftServerImpl.java:<init>(198)) - om1: new RaftServerImpl for group-C5BA1605619E:[om1|rpc:localhost:15113|priority:0|startupRole:FOLLOWER] with OzoneManagerStateMachine:uninitialized
2023-09-07 08:55:22,296 [om1-groupManagement] INFO  server.RaftServerConfigKeys (ConfUtils.java:logGet(46)) - raft.server.rpc.timeout.min = 1s (custom)
2023-09-07 08:55:22,296 [om1-groupManagement] INFO  server.RaftServerConfigKeys (ConfUtils.java:logGet(46)) - raft.server.rpc.timeout.max = 1200ms (custom)
2023-09-07 08:55:22,296 [om1-groupManagement] INFO  server.RaftServerConfigKeys (ConfUtils.java:logGet(46)) - raft.server.rpc.sleep.time = 25ms (default)
2023-09-07 08:55:22,296 [om1-groupManagement] INFO  server.RaftServerConfigKeys (ConfUtils.java:logGet(46)) - raft.server.rpc.slowness.timeout = 120s (custom)
2023-09-07 08:55:22,296 [om1-groupManagement] INFO  server.RaftServerConfigKeys (ConfUtils.java:logGet(46)) - raft.server.leaderelection.leader.step-down.wait-time = 10s (default)
2023-09-07 08:55:22,296 [om1-groupManagement] INFO  server.RaftServerConfigKeys (ConfUtils.java:logGet(46)) - raft.server.sleep.deviation.threshold = 300ms (default)
2023-09-07 08:55:22,296 [om1-groupManagement] INFO  server.RaftServer$Division (ServerState.java:<init>(120)) - om1@group-C5BA1605619E: ConfigurationManager, init=-1: peers:[om1|rpc:localhost:15113|priority:0|startupRole:FOLLOWER]|listeners:[], old=null, confs=<EMPTY_MAP>
2023-09-07 08:55:22,296 [om1-groupManagement] INFO  server.RaftServerConfigKeys (ConfUtils.java:logGet(46)) - raft.server.storage.dir = [/home/runner/work/ozone/ozone/hadoop-ozone/integration-test/target/test-dir/MiniOzoneClusterImpl-06b57250-6369-4c93-9764-bbc94174df1e/ozone-meta/ratis] (custom)
2023-09-07 08:55:22,303 [om1-groupManagement] INFO  server.RaftServerConfigKeys (ConfUtils.java:logGet(46)) - raft.server.log.corruption.policy = EXCEPTION (default)
2023-09-07 08:55:22,303 [om1-groupManagement] INFO  server.RaftServerConfigKeys (ConfUtils.java:logGet(46)) - raft.server.storage.free-space.min = 0MB (=0) (default)
2023-09-07 08:55:22,303 [om1-groupManagement] INFO  server.RaftServerConfigKeys (ConfUtils.java:logGet(46)) - raft.server.notification.no-leader.timeout = 120s (custom)
2023-09-07 08:55:22,303 [om1-groupManagement] INFO  server.RaftServerConfigKeys (ConfUtils.java:logGet(46)) - raft.server.read.timeout = 10s (default)
2023-09-07 08:55:22,303 [om1-groupManagement] INFO  server.RaftServerConfigKeys (ConfUtils.java:logGet(46)) - raft.server.retrycache.expirytime = 300s (custom)
2023-09-07 08:55:22,303 [om1-groupManagement] INFO  server.RaftServerConfigKeys (ConfUtils.java:logGet(46)) - raft.server.retrycache.statistics.expirytime = 100μs (default)
2023-09-07 08:55:22,303 [om1-groupManagement] INFO  server.RaftServerConfigKeys (ConfUtils.java:logGet(46)) - raft.server.read.option = DEFAULT (default)
2023-09-07 08:55:22,306 [om1-groupManagement] INFO  server.RaftServerConfigKeys (ConfUtils.java:logGet(46)) - raft.server.rpc.request.timeout = 3000ms (default)
2023-09-07 08:55:22,306 [om1-groupManagement] INFO  server.RaftServerConfigKeys (ConfUtils.java:logGet(46)) - raft.server.log.appender.install.snapshot.enabled = false (custom)
2023-09-07 08:55:22,306 [om1-groupManagement] INFO  server.RaftServerConfigKeys (ConfUtils.java:logGet(46)) - raft.server.threadpool.server.cached = true (default)
2023-09-07 08:55:22,306 [om1-groupManagement] INFO  server.RaftServerConfigKeys (ConfUtils.java:logGet(46)) - raft.server.threadpool.server.size = 0 (default)
2023-09-07 08:55:22,307 [om1-groupManagement] INFO  server.RaftServerConfigKeys (ConfUtils.java:logGet(46)) - raft.server.threadpool.client.cached = true (default)
2023-09-07 08:55:22,307 [om1-groupManagement] INFO  server.RaftServerConfigKeys (ConfUtils.java:logGet(46)) - raft.server.threadpool.client.size = 0 (default)
2023-09-07 08:55:22,922 [main] INFO  reflections.Reflections (Reflections.java:scan(232)) - Reflections took 627 ms to scan 19 urls, producing 70 keys and 5688 values [using 2 cores]
2023-09-07 08:55:22,923 [main] INFO  ipc.CallQueueManager (CallQueueManager.java:<init>(90)) - Using callQueue: class java.util.concurrent.LinkedBlockingQueue, queueCapacity: 2000, scheduler: class org.apache.hadoop.ipc.DefaultRpcScheduler, ipcBackoff: false.
2023-09-07 08:55:22,924 [main] INFO  ipc.Server (Server.java:<init>(1287)) - Listener at 127.0.0.1:15110
2023-09-07 08:55:22,929 [Socket Reader #1 for port 15110] INFO  ipc.Server (Server.java:run(1323)) - Starting Socket Reader #1 for port 15110
2023-09-07 08:55:22,957 [main] INFO  impl.MetricsSystemImpl (MetricsSystemImpl.java:init(158)) - OzoneManager metrics system started (again)
2023-09-07 08:55:22,970 [main] INFO  om.OzoneManager (OzoneManager.java:start(1630)) - OzoneManager RPC server is listening at localhost/127.0.0.1:15110
2023-09-07 08:55:22,970 [main] INFO  ratis.OzoneManagerRatisServer (OzoneManagerRatisServer.java:start(558)) - Starting OzoneManagerRatisServer om1 at port 15113
2023-09-07 08:55:22,971 [om1-impl-thread1] INFO  storage.RaftStorageDirectory (RaftStorageDirectoryImpl.java:analyzeStorage(137)) - The storage directory /home/runner/work/ozone/ozone/hadoop-ozone/integration-test/target/test-dir/MiniOzoneClusterImpl-06b57250-6369-4c93-9764-bbc94174df1e/ozone-meta/ratis/bf265839-605b-3f16-9796-c5ba1605619e does not exist. Creating ...
2023-09-07 08:55:22,972 [om1-impl-thread1] INFO  storage.RaftStorageDirectory (RaftStorageDirectoryImpl.java:tryLock(231)) - Lock on /home/runner/work/ozone/ozone/hadoop-ozone/integration-test/target/test-dir/MiniOzoneClusterImpl-06b57250-6369-4c93-9764-bbc94174df1e/ozone-meta/ratis/bf265839-605b-3f16-9796-c5ba1605619e/in_use.lock acquired by nodename 7589@fv-az793-921
2023-09-07 08:55:22,974 [om1-impl-thread1] INFO  storage.RaftStorage (RaftStorageImpl.java:format(96)) - Storage directory /home/runner/work/ozone/ozone/hadoop-ozone/integration-test/target/test-dir/MiniOzoneClusterImpl-06b57250-6369-4c93-9764-bbc94174df1e/ozone-meta/ratis/bf265839-605b-3f16-9796-c5ba1605619e has been successfully formatted.
2023-09-07 08:55:22,974 [om1-impl-thread1] INFO  server.RaftServerConfigKeys (ConfUtils.java:logGet(46)) - raft.server.log.use.memory = false (default)
2023-09-07 08:55:22,974 [om1-impl-thread1] INFO  server.RaftServerConfigKeys (ConfUtils.java:logGet(46)) - raft.server.log.purge.gap = 1000000 (custom)
2023-09-07 08:55:22,974 [om1-impl-thread1] INFO  server.RaftServerConfigKeys (ConfUtils.java:logGet(46)) - raft.server.log.appender.buffer.byte-limit = 33554432 (custom)
2023-09-07 08:55:22,974 [om1-impl-thread1] INFO  server.RaftServerConfigKeys (ConfUtils.java:logGet(46)) - raft.server.log.statemachine.data.read.timeout = 1000ms (default)
2023-09-07 08:55:22,975 [om1-impl-thread1] INFO  server.RaftServerConfigKeys (ConfUtils.java:logGet(46)) - raft.server.log.purge.preservation.log.num = 0 (default)
2023-09-07 08:55:22,975 [om1-impl-thread1] INFO  server.RaftServerConfigKeys (ConfUtils.java:logGet(46)) - raft.server.log.segment.size.max = 4194304 (custom)
2023-09-07 08:55:22,975 [om1-impl-thread1] INFO  server.RaftServerConfigKeys (ConfUtils.java:logGet(46)) - raft.server.log.segment.cache.num.max = 2 (custom)
2023-09-07 08:55:22,975 [om1-impl-thread1] INFO  server.RaftServerConfigKeys (ConfUtils.java:logGet(46)) - raft.server.log.segment.cache.size.max = 200MB (=209715200) (default)
2023-09-07 08:55:22,975 [om1-impl-thread1] INFO  server.RaftServerConfigKeys (ConfUtils.java:logGet(46)) - raft.server.log.appender.buffer.byte-limit = 33554432 (custom)
2023-09-07 08:55:22,975 [om1-impl-thread1] INFO  segmented.SegmentedRaftLogWorker (SegmentedRaftLogWorker.java:<init>(188)) - new om1@group-C5BA1605619E-SegmentedRaftLogWorker for RaftStorageImpl:Storage Directory /home/runner/work/ozone/ozone/hadoop-ozone/integration-test/target/test-dir/MiniOzoneClusterImpl-06b57250-6369-4c93-9764-bbc94174df1e/ozone-meta/ratis/bf265839-605b-3f16-9796-c5ba1605619e
2023-09-07 08:55:22,975 [om1-impl-thread1] INFO  server.RaftServerConfigKeys (ConfUtils.java:logGet(46)) - raft.server.log.queue.byte-limit = 64MB (=67108864) (default)
2023-09-07 08:55:22,975 [om1-impl-thread1] INFO  server.RaftServerConfigKeys (ConfUtils.java:logGet(46)) - raft.server.log.queue.element-limit = 4096 (default)
2023-09-07 08:55:22,975 [om1-impl-thread1] INFO  server.RaftServerConfigKeys (ConfUtils.java:logGet(46)) - raft.server.log.segment.size.max = 4194304 (custom)
2023-09-07 08:55:22,975 [om1-impl-thread1] INFO  server.RaftServerConfigKeys (ConfUtils.java:logGet(46)) - raft.server.log.preallocated.size = 4194304 (custom)
2023-09-07 08:55:22,976 [om1-impl-thread1] INFO  server.RaftServerConfigKeys (ConfUtils.java:logGet(46)) - raft.server.log.force.sync.num = 128 (default)
2023-09-07 08:55:22,976 [om1-impl-thread1] INFO  server.RaftServerConfigKeys (ConfUtils.java:logGet(46)) - raft.server.log.statemachine.data.sync = true (default)
2023-09-07 08:55:22,976 [om1-impl-thread1] INFO  server.RaftServerConfigKeys (ConfUtils.java:logGet(46)) - raft.server.log.statemachine.data.sync.timeout = 10s (default)
2023-09-07 08:55:22,976 [om1-impl-thread1] INFO  server.RaftServerConfigKeys (ConfUtils.java:logGet(46)) - raft.server.log.statemachine.data.sync.timeout.retry = -1 (default)
2023-09-07 08:55:22,976 [om1-impl-thread1] INFO  server.RaftServerConfigKeys (ConfUtils.java:logGet(46)) - raft.server.log.write.buffer.size = 64KB (=65536) (default)
2023-09-07 08:55:22,976 [om1-impl-thread1] INFO  server.RaftServerConfigKeys (ConfUtils.java:logGet(46)) - raft.server.log.appender.buffer.byte-limit = 33554432 (custom)
2023-09-07 08:55:22,982 [om1-impl-thread1] INFO  server.RaftServerConfigKeys (ConfUtils.java:logGet(46)) - raft.server.log.unsafe-flush.enabled = false (default)
2023-09-07 08:55:22,983 [om1-impl-thread1] INFO  server.RaftServerConfigKeys (ConfUtils.java:logGet(46)) - raft.server.log.async-flush.enabled = false (default)
2023-09-07 08:55:22,983 [om1-impl-thread1] INFO  server.RaftServerConfigKeys (ConfUtils.java:logGet(46)) - raft.server.log.statemachine.data.caching.enabled = false (default)
2023-09-07 08:55:22,983 [om1-impl-thread1] INFO  segmented.SegmentedRaftLogWorker (SegmentedRaftLogWorker.java:lambda$new$0(135)) - om1@group-C5BA1605619E-SegmentedRaftLogWorker: flushIndex: setUnconditionally 0 -> -1
2023-09-07 08:55:22,983 [om1-impl-thread1] INFO  segmented.SegmentedRaftLogWorker (SegmentedRaftLogWorker.java:lambda$new$0(135)) - om1@group-C5BA1605619E-SegmentedRaftLogWorker: safeCacheEvictIndex: setUnconditionally 0 -> -1
2023-09-07 08:55:22,983 [om1-impl-thread1] INFO  server.RaftServer$Division (RaftServerImpl.java:start(342)) - om1@group-C5BA1605619E: start as a follower, conf=-1: peers:[om1|rpc:localhost:15113|priority:0|startupRole:FOLLOWER]|listeners:[], old=null
2023-09-07 08:55:22,983 [om1-impl-thread1] INFO  server.RaftServer$Division (RaftServerImpl.java:setRole(329)) - om1@group-C5BA1605619E: changes role from      null to FOLLOWER at term 0 for startAsFollower
2023-09-07 08:55:22,984 [om1-impl-thread1] INFO  impl.RoleInfo (RoleInfo.java:updateAndGet(139)) - om1: start om1@group-C5BA1605619E-FollowerState
2023-09-07 08:55:22,984 [om1-impl-thread1] INFO  util.JmxRegister (JmxRegister.java:tryRegister(44)) - Successfully registered JMX Bean with object name Ratis:service=RaftServer,group=group-C5BA1605619E,id=om1
2023-09-07 08:55:22,984 [om1-impl-thread1] INFO  server.RaftServerConfigKeys (ConfUtils.java:logGet(46)) - raft.server.snapshot.auto.trigger.enabled = true (custom)
2023-09-07 08:55:22,984 [om1-impl-thread1] INFO  server.RaftServerConfigKeys (ConfUtils.java:logGet(46)) - raft.server.snapshot.auto.trigger.threshold = 400000 (default)
2023-09-07 08:55:22,984 [om1-impl-thread1] INFO  server.RaftServerConfigKeys (ConfUtils.java:logGet(46)) - raft.server.snapshot.retention.file.num = -1 (default)
2023-09-07 08:55:22,984 [om1-impl-thread1] INFO  server.RaftServerConfigKeys (ConfUtils.java:logGet(46)) - raft.server.log.purge.upto.snapshot.index = true (custom)
2023-09-07 08:55:22,985 [om1@group-C5BA1605619E-FollowerState] INFO  server.RaftServerConfigKeys (ConfUtils.java:logFallback(53)) - raft.server.rpc.first-election.timeout.min = 1s (fallback to raft.server.rpc.timeout.min)
2023-09-07 08:55:22,985 [om1@group-C5BA1605619E-FollowerState] INFO  server.RaftServerConfigKeys (ConfUtils.java:logFallback(53)) - raft.server.rpc.first-election.timeout.max = 1200ms (fallback to raft.server.rpc.timeout.max)
2023-09-07 08:55:22,985 [main] INFO  server.RaftServer (RaftServerProxy.java:startImpl(400)) - om1: start RPC server
2023-09-07 08:55:22,989 [main] INFO  server.GrpcService (GrpcService.java:startImpl(302)) - om1: GrpcService started, listening on 15113
2023-09-07 08:55:22,989 [JvmPauseMonitor15] INFO  util.JvmPauseMonitor (JvmPauseMonitor.java:run(103)) - JvmPauseMonitor-om1: Started
2023-09-07 08:55:22,989 [main] INFO  om.OzoneManager (OzoneManager.java:start(1646)) - Version File has different layout version (6) than OM DB (null). That is expected if this OM has never been finalized to a newer layout version.
2023-09-07 08:55:22,994 [main] INFO  http.BaseHttpServer (BaseHttpServer.java:newHttpServer2BuilderForOzone(223)) - Starting Web-server for ozoneManager at: http://0.0.0.0:15111
2023-09-07 08:55:22,994 [main] INFO  http.BaseHttpServer (BaseHttpServer.java:<init>(110)) - Hadoop Security Enabled: false Ozone Security Enabled: false Ozone HTTP Security Enabled: false 
2023-09-07 08:55:22,996 [main] WARN  server.AuthenticationFilter (AuthenticationFilter.java:constructSecretProvider(240)) - Unable to initialize FileSignerSecretProvider, falling back to use random secrets. Reason: Could not read signature secret file: /home/runner/hadoop-http-auth-signature-secret
2023-09-07 08:55:22,996 [main] INFO  http.HttpRequestLog (HttpRequestLog.java:getRequestLog(86)) - Http request log for http.requests.ozoneManager is not defined
2023-09-07 08:55:22,998 [main] INFO  http.HttpServer2 (HttpServer2.java:addGlobalFilter(1031)) - Added global filter 'safety' (class=org.apache.hadoop.hdds.server.http.HttpServer2$QuotingInputFilter)
2023-09-07 08:55:22,999 [main] INFO  http.HttpServer2 (HttpServer2.java:addFilter(1007)) - Added filter static_user_filter (class=org.apache.hadoop.http.lib.StaticUserWebFilter$StaticUserFilter) to context ozoneManager
2023-09-07 08:55:22,999 [main] INFO  http.HttpServer2 (HttpServer2.java:addFilter(1015)) - Added filter static_user_filter (class=org.apache.hadoop.http.lib.StaticUserWebFilter$StaticUserFilter) to context static
2023-09-07 08:55:22,999 [main] INFO  http.HttpServer2 (HttpServer2.java:addFilter(1015)) - Added filter static_user_filter (class=org.apache.hadoop.http.lib.StaticUserWebFilter$StaticUserFilter) to context logs
2023-09-07 08:55:23,000 [main] INFO  http.BaseHttpServer (BaseHttpServer.java:<init>(189)) - HTTP server of ozoneManager uses base directory /home/runner/work/ozone/ozone/hadoop-ozone/integration-test/target/test-dir/MiniOzoneClusterImpl-06b57250-6369-4c93-9764-bbc94174df1e/ozone-meta/webserver
2023-09-07 08:55:23,000 [main] INFO  http.HttpServer2 (HttpServer2.java:bindListener(1231)) - Jetty bound to port 15111
2023-09-07 08:55:23,000 [main] INFO  server.Server (Server.java:doStart(375)) - jetty-9.4.51.v20230217; built: 2023-02-17T08:19:37.309Z; git: b45c405e4544384de066f814ed42ae3dceacdd49; jvm 1.8.0_382-b05
2023-09-07 08:55:23,002 [main] INFO  server.session (DefaultSessionIdManager.java:doStart(334)) - DefaultSessionIdManager workerName=node0
2023-09-07 08:55:23,002 [main] INFO  server.session (DefaultSessionIdManager.java:doStart(339)) - No SessionScavenger set, using defaults
2023-09-07 08:55:23,003 [main] INFO  server.session (HouseKeeper.java:startScavenging(132)) - node0 Scavenging every 660000ms
2023-09-07 08:55:23,004 [main] INFO  handler.ContextHandler (ContextHandler.java:doStart(921)) - Started o.e.j.s.ServletContextHandler@583064ea{logs,/logs,file:///home/runner/work/ozone/ozone/hadoop-ozone/integration-test/target/log,AVAILABLE}
2023-09-07 08:55:23,004 [main] INFO  handler.ContextHandler (ContextHandler.java:doStart(921)) - Started o.e.j.s.ServletContextHandler@2d703e51{static,/static,file:///home/runner/work/ozone/ozone/hadoop-ozone/integration-test/target/test-classes/webapps/static,AVAILABLE}
2023-09-07 08:55:23,009 [main] INFO  handler.ContextHandler (ContextHandler.java:doStart(921)) - Started o.e.j.w.WebAppContext@5ca6660a{ozoneManager,/,file:///home/runner/work/ozone/ozone/hadoop-ozone/integration-test/target/test-classes/webapps/ozoneManager/,AVAILABLE}{file:/home/runner/work/ozone/ozone/hadoop-ozone/integration-test/target/test-classes/webapps/ozoneManager}
2023-09-07 08:55:23,012 [main] INFO  server.AbstractConnector (AbstractConnector.java:doStart(333)) - Started ServerConnector@538a106e{HTTP/1.1, (http/1.1)}{0.0.0.0:15111}
2023-09-07 08:55:23,012 [main] INFO  server.Server (Server.java:doStart(415)) - Started @213352ms
2023-09-07 08:55:23,012 [main] WARN  impl.MetricsSystemImpl (MetricsSystemImpl.java:register(279)) - Sink prometheus already exists!
2023-09-07 08:55:23,015 [main] INFO  http.BaseHttpServer (BaseHttpServer.java:updateConnectorAddress(354)) - HTTP server of ozoneManager listening at http://0.0.0.0:15111
2023-09-07 08:55:23,015 [IPC Server Responder] INFO  ipc.Server (Server.java:run(1562)) - IPC Server Responder: starting
2023-09-07 08:55:23,017 [IPC Server listener on 15110] INFO  ipc.Server (Server.java:run(1402)) - IPC Server listener on 15110: starting
2023-09-07 08:55:23,019 [main] INFO  om.TrashPolicyOzone (TrashPolicyOzone.java:<init>(277)) - Ozone Manager trash configuration: Deletion interval = 0 minutes, Emptier interval = 0 minutes.
2023-09-07 08:55:23,049 [main] WARN  impl.MetricRegistriesImpl (MetricRegistriesImpl.java:addReporterRegistration(111)) - New reporters are added after registries were created. Some metrics will be missing from the reporter. Please add reporter before adding any new registry.
2023-09-07 08:55:23,050 [main] WARN  impl.MetricRegistriesImpl (MetricRegistriesImpl.java:addReporterRegistration(111)) - New reporters are added after registries were created. Some metrics will be missing from the reporter. Please add reporter before adding any new registry.
2023-09-07 08:55:23,050 [main] INFO  impl.MetricsSystemImpl (MetricsSystemImpl.java:init(158)) - HddsDatanode metrics system started (again)
2023-09-07 08:55:23,067 [main] INFO  ozone.HddsDatanodeService (HddsDatanodeService.java:start(237)) - HddsDatanodeService host:fv-az793-921.vth4h2cvs0culokhaokvhxz15b.jx.internal.cloudapp.net ip:10.1.0.48
2023-09-07 08:55:23,116 [main] INFO  upgrade.AbstractLayoutVersionManager (AbstractLayoutVersionManager.java:init(83)) - Initializing Layout version manager with metadata layout = HADOOP_PRC_PORTS_IN_DATANODEDETAILS (version = 7), software layout = HADOOP_PRC_PORTS_IN_DATANODEDETAILS (version = 7)
2023-09-07 08:55:23,118 [main] INFO  statemachine.DatanodeStateMachine (DatanodeStateMachine.java:getEndPointTaskThreadPoolSize(282)) - Datanode State Machine Task Thread Pool size 2
2023-09-07 08:55:23,123 [main] INFO  volume.HddsVolume (HddsVolume.java:<init>(126)) - Creating HddsVolume: /home/runner/work/ozone/ozone/hadoop-ozone/integration-test/target/test-dir/MiniOzoneClusterImpl-06b57250-6369-4c93-9764-bbc94174df1e/datanode-0/data-0/containers/hdds of storage type : DISK capacity : 9223372036854775807
2023-09-07 08:55:23,123 [main] INFO  volume.MutableVolumeSet (MutableVolumeSet.java:initializeVolumeSet(173)) - Added Volume : /home/runner/work/ozone/ozone/hadoop-ozone/integration-test/target/test-dir/MiniOzoneClusterImpl-06b57250-6369-4c93-9764-bbc94174df1e/datanode-0/data-0/containers/hdds to VolumeSet
2023-09-07 08:55:23,124 [main] INFO  volume.MutableVolumeSet (MutableVolumeSet.java:initializeVolumeSet(173)) - Added Volume : /home/runner/work/ozone/ozone/hadoop-ozone/integration-test/target/test-dir/MiniOzoneClusterImpl-06b57250-6369-4c93-9764-bbc94174df1e/datanode-0/data/ratis to VolumeSet
2023-09-07 08:55:23,125 [Thread-1319] INFO  ozoneimpl.ContainerReader (ContainerReader.java:readVolume(177)) - Finish verifying containers on volume /home/runner/work/ozone/ozone/hadoop-ozone/integration-test/target/test-dir/MiniOzoneClusterImpl-06b57250-6369-4c93-9764-bbc94174df1e/datanode-0/data-0/containers/hdds
2023-09-07 08:55:23,125 [main] INFO  ozoneimpl.OzoneContainer (OzoneContainer.java:buildContainerSet(314)) - Build ContainerSet costs 0s
2023-09-07 08:55:23,128 [main] INFO  server.RaftServer (ConfUtils.java:logGet(46)) - raft.rpc.type = GRPC (default)
2023-09-07 08:55:23,128 [main] INFO  grpc.GrpcConfigKeys (ConfUtils.java:logFallback(53)) - raft.grpc.admin.host = null (fallback to raft.grpc.server.host)
2023-09-07 08:55:23,128 [main] INFO  grpc.GrpcConfigKeys (ConfUtils.java:logGet(46)) - raft.grpc.admin.port = 15119 (custom)
2023-09-07 08:55:23,128 [main] INFO  grpc.GrpcConfigKeys (ConfUtils.java:logFallback(53)) - raft.grpc.client.host = null (fallback to raft.grpc.server.host)
2023-09-07 08:55:23,128 [main] INFO  grpc.GrpcConfigKeys (ConfUtils.java:logGet(46)) - raft.grpc.client.port = 15118 (custom)
2023-09-07 08:55:23,129 [main] INFO  grpc.GrpcConfigKeys (ConfUtils.java:logGet(46)) - raft.grpc.server.host = null (default)
2023-09-07 08:55:23,129 [main] INFO  grpc.GrpcConfigKeys (ConfUtils.java:logGet(46)) - raft.grpc.server.port = 15120 (custom)
2023-09-07 08:55:23,129 [main] INFO  server.GrpcService (ConfUtils.java:logGet(46)) - raft.grpc.message.size.max = 32MB (=33554432) (custom)
2023-09-07 08:55:23,129 [main] INFO  server.RaftServerConfigKeys (ConfUtils.java:logGet(46)) - raft.server.log.appender.buffer.byte-limit = 33554432 (custom)
2023-09-07 08:55:23,129 [main] INFO  server.GrpcService (ConfUtils.java:logGet(46)) - raft.grpc.flow.control.window = 5MB (=5242880) (custom)
2023-09-07 08:55:23,129 [main] INFO  server.RaftServerConfigKeys (ConfUtils.java:logGet(46)) - raft.server.rpc.request.timeout = 60s (custom)
2023-09-07 08:55:23,130 [main] INFO  grpc.GrpcConfigKeys (ConfUtils.java:logGet(46)) - raft.grpc.server.heartbeat.channel = true (default)
2023-09-07 08:55:23,130 [main] INFO  grpc.GrpcConfigKeys (ConfUtils.java:logGet(46)) - raft.grpc.server.async.request.thread.pool.cached = true (default)
2023-09-07 08:55:23,130 [main] INFO  grpc.GrpcConfigKeys (ConfUtils.java:logGet(46)) - raft.grpc.server.async.request.thread.pool.size = 32 (default)
2023-09-07 08:55:23,133 [main] INFO  impl.DataStreamServerImpl (ConfUtils.java:logGet(46)) - raft.datastream.type = NETTY (custom)
2023-09-07 08:55:23,133 [main] INFO  server.RaftServerConfigKeys (ConfUtils.java:logGet(46)) - raft.server.data-stream.async.request.thread.pool.cached = false (default)
2023-09-07 08:55:23,134 [main] INFO  server.RaftServerConfigKeys (ConfUtils.java:logGet(46)) - raft.server.data-stream.async.request.thread.pool.size = 20 (custom)
2023-09-07 08:55:23,134 [main] INFO  server.RaftServerConfigKeys (ConfUtils.java:logGet(46)) - raft.server.data-stream.async.write.thread.pool.size = 16 (default)
2023-09-07 08:55:23,134 [main] INFO  server.RaftServerConfigKeys (ConfUtils.java:logGet(46)) - raft.server.data-stream.client.pool.size = 10 (default)
2023-09-07 08:55:23,134 [main] INFO  netty.NettyConfigKeys$DataStream (ConfUtils.java:logGet(46)) - raft.netty.dataStream.server.use-epoll = false (default)
2023-09-07 08:55:23,134 [main] INFO  netty.NettyConfigKeys$DataStream (ConfUtils.java:logGet(46)) - raft.netty.dataStream.server.boss-group.size = 0 (default)
2023-09-07 08:55:23,135 [main] INFO  netty.NettyConfigKeys$DataStream (ConfUtils.java:logGet(46)) - raft.netty.dataStream.server.worker-group.size = 0 (default)
2023-09-07 08:55:23,135 [main] INFO  netty.NettyConfigKeys$DataStream (ConfUtils.java:logGet(46)) - raft.netty.dataStream.server.tls.conf = null (default)
2023-09-07 08:55:23,135 [main] INFO  netty.NettyConfigKeys$DataStream (ConfUtils.java:logGet(46)) - raft.netty.dataStream.host = null (default)
2023-09-07 08:55:23,135 [main] INFO  netty.NettyConfigKeys$DataStream (ConfUtils.java:logGet(46)) - raft.netty.dataStream.port = 15121 (custom)
2023-09-07 08:55:23,141 [main] INFO  server.RaftServerConfigKeys (ConfUtils.java:logGet(46)) - raft.server.threadpool.proxy.cached = true (default)
2023-09-07 08:55:23,141 [main] INFO  server.RaftServerConfigKeys (ConfUtils.java:logGet(46)) - raft.server.threadpool.proxy.size = 0 (default)
2023-09-07 08:55:23,141 [main] INFO  server.RaftServerConfigKeys (ConfUtils.java:logGet(46)) - raft.server.rpc.slowness.timeout = 300s (custom)
2023-09-07 08:55:23,142 [main] INFO  server.RaftServerConfigKeys (ConfUtils.java:logGet(46)) - raft.server.leaderelection.leader.step-down.wait-time = 10s (default)
2023-09-07 08:55:23,142 [main] INFO  server.RaftServerConfigKeys (ConfUtils.java:logGet(46)) - raft.server.storage.dir = [/home/runner/work/ozone/ozone/hadoop-ozone/integration-test/target/test-dir/MiniOzoneClusterImpl-06b57250-6369-4c93-9764-bbc94174df1e/datanode-0/data/ratis] (custom)
2023-09-07 08:55:23,143 [5b4afb20-df00-40b2-9151-744536d77108-NettyServerStreamRpc-bossGroup--thread1] INFO  logging.LoggingHandler (AbstractInternalLogger.java:log(148)) - [id: 0xe725473b] REGISTERED
2023-09-07 08:55:23,143 [5b4afb20-df00-40b2-9151-744536d77108-NettyServerStreamRpc-bossGroup--thread1] INFO  logging.LoggingHandler (AbstractInternalLogger.java:log(148)) - [id: 0xe725473b] BIND: 0.0.0.0/0.0.0.0:15121
2023-09-07 08:55:23,143 [5b4afb20-df00-40b2-9151-744536d77108-NettyServerStreamRpc-bossGroup--thread1] INFO  logging.LoggingHandler (AbstractInternalLogger.java:log(148)) - [id: 0xe725473b, L:/0:0:0:0:0:0:0:0:15121] ACTIVE
2023-09-07 08:55:23,144 [5b4afb20-df00-40b2-9151-744536d77108-impl-thread1] INFO  server.RaftServer (RaftServerProxy.java:initGroupDir(258)) - 5b4afb20-df00-40b2-9151-744536d77108: found a subdirectory /home/runner/work/ozone/ozone/hadoop-ozone/integration-test/target/test-dir/MiniOzoneClusterImpl-06b57250-6369-4c93-9764-bbc94174df1e/datanode-0/data/ratis/tmp
2023-09-07 08:55:23,144 [5b4afb20-df00-40b2-9151-744536d77108-impl-thread1] INFO  server.RaftServer (RaftServerProxy.java:initGroupDir(263)) - 5b4afb20-df00-40b2-9151-744536d77108: The directory /home/runner/work/ozone/ozone/hadoop-ozone/integration-test/target/test-dir/MiniOzoneClusterImpl-06b57250-6369-4c93-9764-bbc94174df1e/datanode-0/data/ratis/tmp is not a group directory; ignoring it. 
2023-09-07 08:55:23,144 [main] INFO  replication.ReplicationServer (ReplicationServer.java:<init>(81)) - Initializing replication server with thread count = 10
2023-09-07 08:55:23,146 [main] INFO  server.XceiverServerGrpc (XceiverServerGrpc.java:<init>(132)) - GrpcServer channel type EpollServerSocketChannel
2023-09-07 08:55:23,148 [main] INFO  replication.ReplicationSupervisor (ReplicationSupervisor.java:build(155)) - Initializing replication supervisor with thread count = 10
2023-09-07 08:55:23,148 [main] INFO  replication.ReplicationSupervisor (ReplicationSupervisor.java:nodeStateUpdated(307)) - Node state updated to IN_SERVICE, scaling executor pool size to 10
2023-09-07 08:55:23,151 [main] INFO  http.BaseHttpServer (BaseHttpServer.java:newHttpServer2BuilderForOzone(223)) - Starting Web-server for hddsDatanode at: http://0.0.0.0:15115
2023-09-07 08:55:23,151 [main] INFO  http.BaseHttpServer (BaseHttpServer.java:<init>(110)) - Hadoop Security Enabled: false Ozone Security Enabled: false Ozone HTTP Security Enabled: false 
2023-09-07 08:55:23,152 [main] WARN  server.AuthenticationFilter (AuthenticationFilter.java:constructSecretProvider(240)) - Unable to initialize FileSignerSecretProvider, falling back to use random secrets. Reason: Could not read signature secret file: /home/runner/hadoop-http-auth-signature-secret
2023-09-07 08:55:23,155 [main] INFO  http.HttpRequestLog (HttpRequestLog.java:getRequestLog(86)) - Http request log for http.requests.hddsDatanode is not defined
2023-09-07 08:55:23,157 [main] INFO  http.HttpServer2 (HttpServer2.java:addGlobalFilter(1031)) - Added global filter 'safety' (class=org.apache.hadoop.hdds.server.http.HttpServer2$QuotingInputFilter)
2023-09-07 08:55:23,157 [main] INFO  http.HttpServer2 (HttpServer2.java:addFilter(1007)) - Added filter static_user_filter (class=org.apache.hadoop.http.lib.StaticUserWebFilter$StaticUserFilter) to context hddsDatanode
2023-09-07 08:55:23,158 [main] INFO  http.HttpServer2 (HttpServer2.java:addFilter(1015)) - Added filter static_user_filter (class=org.apache.hadoop.http.lib.StaticUserWebFilter$StaticUserFilter) to context static
2023-09-07 08:55:23,158 [main] INFO  http.HttpServer2 (HttpServer2.java:addFilter(1015)) - Added filter static_user_filter (class=org.apache.hadoop.http.lib.StaticUserWebFilter$StaticUserFilter) to context logs
2023-09-07 08:55:23,159 [main] INFO  http.BaseHttpServer (BaseHttpServer.java:<init>(189)) - HTTP server of hddsDatanode uses base directory /home/runner/work/ozone/ozone/hadoop-ozone/integration-test/target/test-dir/MiniOzoneClusterImpl-06b57250-6369-4c93-9764-bbc94174df1e/datanode-0/meta/webserver
2023-09-07 08:55:23,159 [main] INFO  http.HttpServer2 (HttpServer2.java:bindListener(1231)) - Jetty bound to port 15115
2023-09-07 08:55:23,159 [main] INFO  server.Server (Server.java:doStart(375)) - jetty-9.4.51.v20230217; built: 2023-02-17T08:19:37.309Z; git: b45c405e4544384de066f814ed42ae3dceacdd49; jvm 1.8.0_382-b05
2023-09-07 08:55:23,167 [main] INFO  server.session (DefaultSessionIdManager.java:doStart(334)) - DefaultSessionIdManager workerName=node0
2023-09-07 08:55:23,167 [main] INFO  server.session (DefaultSessionIdManager.java:doStart(339)) - No SessionScavenger set, using defaults
2023-09-07 08:55:23,168 [main] INFO  server.session (HouseKeeper.java:startScavenging(132)) - node0 Scavenging every 660000ms
2023-09-07 08:55:23,172 [main] INFO  handler.ContextHandler (ContextHandler.java:doStart(921)) - Started o.e.j.s.ServletContextHandler@59dd3e73{logs,/logs,file:///home/runner/work/ozone/ozone/hadoop-ozone/integration-test/target/log,AVAILABLE}
2023-09-07 08:55:23,173 [main] INFO  handler.ContextHandler (ContextHandler.java:doStart(921)) - Started o.e.j.s.ServletContextHandler@225d6b97{static,/static,jar:file:/home/runner/.m2/repository/org/apache/ozone/hdds-container-service/1.4.0-SNAPSHOT/hdds-container-service-1.4.0-SNAPSHOT.jar!/webapps/static,AVAILABLE}
2023-09-07 08:55:23,438 [main] INFO  handler.ContextHandler (ContextHandler.java:doStart(921)) - Started o.e.j.w.WebAppContext@2f6d5cff{hddsDatanode,/,file:///home/runner/work/ozone/ozone/hadoop-ozone/integration-test/target/test-dir/MiniOzoneClusterImpl-06b57250-6369-4c93-9764-bbc94174df1e/datanode-0/meta/webserver/jetty-0_0_0_0-15115-hdds-container-service-1_4_0-SNAPSHOT_jar-_-any-7334917428756154913/webapp/,AVAILABLE}{jar:file:/home/runner/.m2/repository/org/apache/ozone/hdds-container-service/1.4.0-SNAPSHOT/hdds-container-service-1.4.0-SNAPSHOT.jar!/webapps/hddsDatanode}
2023-09-07 08:55:23,440 [main] INFO  server.AbstractConnector (AbstractConnector.java:doStart(333)) - Started ServerConnector@2a34a26a{HTTP/1.1, (http/1.1)}{0.0.0.0:15115}
2023-09-07 08:55:23,440 [main] INFO  server.Server (Server.java:doStart(415)) - Started @213779ms
2023-09-07 08:55:23,440 [main] WARN  impl.MetricsSystemImpl (MetricsSystemImpl.java:register(279)) - Sink prometheus already exists!
2023-09-07 08:55:23,441 [main] INFO  http.BaseHttpServer (BaseHttpServer.java:updateConnectorAddress(354)) - HTTP server of hddsDatanode listening at http://0.0.0.0:15115
2023-09-07 08:55:23,441 [main] INFO  ipc.CallQueueManager (CallQueueManager.java:<init>(90)) - Using callQueue: class java.util.concurrent.LinkedBlockingQueue, queueCapacity: 100, scheduler: class org.apache.hadoop.ipc.DefaultRpcScheduler, ipcBackoff: false.
2023-09-07 08:55:23,442 [main] INFO  ipc.Server (Server.java:<init>(1287)) - Listener at 0.0.0.0:15116
2023-09-07 08:55:23,442 [Socket Reader #1 for port 15116] INFO  ipc.Server (Server.java:run(1323)) - Starting Socket Reader #1 for port 15116
2023-09-07 08:55:23,447 [main] INFO  ozone.HddsDatanodeService (HddsDatanodeService.java:start(315)) - Datanode start with admins: [runner]
2023-09-07 08:55:23,447 [main] INFO  ozone.HddsDatanodeClientProtocolServer (HddsDatanodeClientProtocolServer.java:start(72)) - RPC server for Client /0.0.0.0:15116
2023-09-07 08:55:23,448 [IPC Server Responder] INFO  ipc.Server (Server.java:run(1562)) - IPC Server Responder: starting
2023-09-07 08:55:23,450 [main] WARN  impl.MetricRegistriesImpl (MetricRegistriesImpl.java:addReporterRegistration(111)) - New reporters are added after registries were created. Some metrics will be missing from the reporter. Please add reporter before adding any new registry.
2023-09-07 08:55:23,450 [main] WARN  impl.MetricRegistriesImpl (MetricRegistriesImpl.java:addReporterRegistration(111)) - New reporters are added after registries were created. Some metrics will be missing from the reporter. Please add reporter before adding any new registry.
2023-09-07 08:55:23,450 [IPC Server listener on 15116] INFO  ipc.Server (Server.java:run(1402)) - IPC Server listener on 15116: starting
2023-09-07 08:55:23,450 [main] INFO  impl.MetricsSystemImpl (MetricsSystemImpl.java:init(158)) - HddsDatanode metrics system started (again)
2023-09-07 08:55:23,462 [Datanode State Machine Daemon Thread] INFO  statemachine.DatanodeStateMachine (DatanodeStateMachine.java:lambda$startDaemon$0(538)) - Ozone container server started.
2023-09-07 08:55:23,467 [Datanode State Machine Task Thread - 0] INFO  datanode.InitDatanodeState (InitDatanodeState.java:persistContainerDatanodeDetails(138)) - DatanodeDetails is persisted to /home/runner/work/ozone/ozone/hadoop-ozone/integration-test/target/test-dir/MiniOzoneClusterImpl-06b57250-6369-4c93-9764-bbc94174df1e/datanode-0/meta/datanode.id
2023-09-07 08:55:23,474 [main] INFO  ozone.HddsDatanodeService (HddsDatanodeService.java:start(237)) - HddsDatanodeService host:fv-az793-921.vth4h2cvs0culokhaokvhxz15b.jx.internal.cloudapp.net ip:10.1.0.48
2023-09-07 08:55:23,502 [main] INFO  upgrade.AbstractLayoutVersionManager (AbstractLayoutVersionManager.java:init(83)) - Initializing Layout version manager with metadata layout = HADOOP_PRC_PORTS_IN_DATANODEDETAILS (version = 7), software layout = HADOOP_PRC_PORTS_IN_DATANODEDETAILS (version = 7)
2023-09-07 08:55:23,503 [main] INFO  statemachine.DatanodeStateMachine (DatanodeStateMachine.java:getEndPointTaskThreadPoolSize(282)) - Datanode State Machine Task Thread Pool size 2
2023-09-07 08:55:23,505 [main] INFO  volume.HddsVolume (HddsVolume.java:<init>(126)) - Creating HddsVolume: /home/runner/work/ozone/ozone/hadoop-ozone/integration-test/target/test-dir/MiniOzoneClusterImpl-06b57250-6369-4c93-9764-bbc94174df1e/datanode-1/data-0/containers/hdds of storage type : DISK capacity : 9223372036854775807
2023-09-07 08:55:23,506 [main] INFO  volume.MutableVolumeSet (MutableVolumeSet.java:initializeVolumeSet(173)) - Added Volume : /home/runner/work/ozone/ozone/hadoop-ozone/integration-test/target/test-dir/MiniOzoneClusterImpl-06b57250-6369-4c93-9764-bbc94174df1e/datanode-1/data-0/containers/hdds to VolumeSet
2023-09-07 08:55:23,507 [main] INFO  volume.MutableVolumeSet (MutableVolumeSet.java:initializeVolumeSet(173)) - Added Volume : /home/runner/work/ozone/ozone/hadoop-ozone/integration-test/target/test-dir/MiniOzoneClusterImpl-06b57250-6369-4c93-9764-bbc94174df1e/datanode-1/data/ratis to VolumeSet
2023-09-07 08:55:23,508 [Thread-1336] INFO  ozoneimpl.ContainerReader (ContainerReader.java:readVolume(177)) - Finish verifying containers on volume /home/runner/work/ozone/ozone/hadoop-ozone/integration-test/target/test-dir/MiniOzoneClusterImpl-06b57250-6369-4c93-9764-bbc94174df1e/datanode-1/data-0/containers/hdds
2023-09-07 08:55:23,508 [main] INFO  ozoneimpl.OzoneContainer (OzoneContainer.java:buildContainerSet(314)) - Build ContainerSet costs 0s
2023-09-07 08:55:23,511 [main] INFO  server.RaftServer (ConfUtils.java:logGet(46)) - raft.rpc.type = GRPC (default)
2023-09-07 08:55:23,511 [main] INFO  grpc.GrpcConfigKeys (ConfUtils.java:logFallback(53)) - raft.grpc.admin.host = null (fallback to raft.grpc.server.host)
2023-09-07 08:55:23,512 [main] INFO  grpc.GrpcConfigKeys (ConfUtils.java:logGet(46)) - raft.grpc.admin.port = 15128 (custom)
2023-09-07 08:55:23,512 [main] INFO  grpc.GrpcConfigKeys (ConfUtils.java:logFallback(53)) - raft.grpc.client.host = null (fallback to raft.grpc.server.host)
2023-09-07 08:55:23,514 [main] INFO  grpc.GrpcConfigKeys (ConfUtils.java:logGet(46)) - raft.grpc.client.port = 15127 (custom)
2023-09-07 08:55:23,514 [main] INFO  grpc.GrpcConfigKeys (ConfUtils.java:logGet(46)) - raft.grpc.server.host = null (default)
2023-09-07 08:55:23,515 [main] INFO  grpc.GrpcConfigKeys (ConfUtils.java:logGet(46)) - raft.grpc.server.port = 15129 (custom)
2023-09-07 08:55:23,515 [main] INFO  server.GrpcService (ConfUtils.java:logGet(46)) - raft.grpc.message.size.max = 32MB (=33554432) (custom)
2023-09-07 08:55:23,515 [main] INFO  server.RaftServerConfigKeys (ConfUtils.java:logGet(46)) - raft.server.log.appender.buffer.byte-limit = 33554432 (custom)
2023-09-07 08:55:23,516 [main] INFO  server.GrpcService (ConfUtils.java:logGet(46)) - raft.grpc.flow.control.window = 5MB (=5242880) (custom)
2023-09-07 08:55:23,516 [main] INFO  server.RaftServerConfigKeys (ConfUtils.java:logGet(46)) - raft.server.rpc.request.timeout = 60s (custom)
2023-09-07 08:55:23,517 [main] INFO  grpc.GrpcConfigKeys (ConfUtils.java:logGet(46)) - raft.grpc.server.heartbeat.channel = true (default)
2023-09-07 08:55:23,517 [main] INFO  grpc.GrpcConfigKeys (ConfUtils.java:logGet(46)) - raft.grpc.server.async.request.thread.pool.cached = true (default)
2023-09-07 08:55:23,517 [main] INFO  grpc.GrpcConfigKeys (ConfUtils.java:logGet(46)) - raft.grpc.server.async.request.thread.pool.size = 32 (default)
2023-09-07 08:55:23,522 [main] INFO  impl.DataStreamServerImpl (ConfUtils.java:logGet(46)) - raft.datastream.type = NETTY (custom)
2023-09-07 08:55:23,522 [main] INFO  server.RaftServerConfigKeys (ConfUtils.java:logGet(46)) - raft.server.data-stream.async.request.thread.pool.cached = false (default)
2023-09-07 08:55:23,523 [main] INFO  server.RaftServerConfigKeys (ConfUtils.java:logGet(46)) - raft.server.data-stream.async.request.thread.pool.size = 20 (custom)
2023-09-07 08:55:23,523 [main] INFO  server.RaftServerConfigKeys (ConfUtils.java:logGet(46)) - raft.server.data-stream.async.write.thread.pool.size = 16 (default)
2023-09-07 08:55:23,523 [main] INFO  server.RaftServerConfigKeys (ConfUtils.java:logGet(46)) - raft.server.data-stream.client.pool.size = 10 (default)
2023-09-07 08:55:23,523 [main] INFO  netty.NettyConfigKeys$DataStream (ConfUtils.java:logGet(46)) - raft.netty.dataStream.server.use-epoll = false (default)
2023-09-07 08:55:23,524 [main] INFO  netty.NettyConfigKeys$DataStream (ConfUtils.java:logGet(46)) - raft.netty.dataStream.server.boss-group.size = 0 (default)
2023-09-07 08:55:23,524 [main] INFO  netty.NettyConfigKeys$DataStream (ConfUtils.java:logGet(46)) - raft.netty.dataStream.server.worker-group.size = 0 (default)
2023-09-07 08:55:23,525 [main] INFO  netty.NettyConfigKeys$DataStream (ConfUtils.java:logGet(46)) - raft.netty.dataStream.server.tls.conf = null (default)
2023-09-07 08:55:23,525 [main] INFO  netty.NettyConfigKeys$DataStream (ConfUtils.java:logGet(46)) - raft.netty.dataStream.host = null (default)
2023-09-07 08:55:23,525 [main] INFO  netty.NettyConfigKeys$DataStream (ConfUtils.java:logGet(46)) - raft.netty.dataStream.port = 15130 (custom)
2023-09-07 08:55:23,526 [main] INFO  server.RaftServerConfigKeys (ConfUtils.java:logGet(46)) - raft.server.threadpool.proxy.cached = true (default)
2023-09-07 08:55:23,526 [main] INFO  server.RaftServerConfigKeys (ConfUtils.java:logGet(46)) - raft.server.threadpool.proxy.size = 0 (default)
2023-09-07 08:55:23,526 [a9310303-e7f9-4a41-8a27-a7a2ce3a6d76-NettyServerStreamRpc-bossGroup--thread1] INFO  logging.LoggingHandler (AbstractInternalLogger.java:log(148)) - [id: 0x73ef6e67] REGISTERED
2023-09-07 08:55:23,527 [main] INFO  server.RaftServerConfigKeys (ConfUtils.java:logGet(46)) - raft.server.rpc.slowness.timeout = 300s (custom)
2023-09-07 08:55:23,528 [main] INFO  server.RaftServerConfigKeys (ConfUtils.java:logGet(46)) - raft.server.leaderelection.leader.step-down.wait-time = 10s (default)
2023-09-07 08:55:23,528 [a9310303-e7f9-4a41-8a27-a7a2ce3a6d76-NettyServerStreamRpc-bossGroup--thread1] INFO  logging.LoggingHandler (AbstractInternalLogger.java:log(148)) - [id: 0x73ef6e67] BIND: 0.0.0.0/0.0.0.0:15130
2023-09-07 08:55:23,528 [main] INFO  server.RaftServerConfigKeys (ConfUtils.java:logGet(46)) - raft.server.storage.dir = [/home/runner/work/ozone/ozone/hadoop-ozone/integration-test/target/test-dir/MiniOzoneClusterImpl-06b57250-6369-4c93-9764-bbc94174df1e/datanode-1/data/ratis] (custom)
2023-09-07 08:55:23,528 [a9310303-e7f9-4a41-8a27-a7a2ce3a6d76-NettyServerStreamRpc-bossGroup--thread1] INFO  logging.LoggingHandler (AbstractInternalLogger.java:log(148)) - [id: 0x73ef6e67, L:/0:0:0:0:0:0:0:0:15130] ACTIVE
2023-09-07 08:55:23,528 [a9310303-e7f9-4a41-8a27-a7a2ce3a6d76-impl-thread1] INFO  server.RaftServer (RaftServerProxy.java:initGroupDir(258)) - a9310303-e7f9-4a41-8a27-a7a2ce3a6d76: found a subdirectory /home/runner/work/ozone/ozone/hadoop-ozone/integration-test/target/test-dir/MiniOzoneClusterImpl-06b57250-6369-4c93-9764-bbc94174df1e/datanode-1/data/ratis/tmp
2023-09-07 08:55:23,528 [a9310303-e7f9-4a41-8a27-a7a2ce3a6d76-impl-thread1] INFO  server.RaftServer (RaftServerProxy.java:initGroupDir(263)) - a9310303-e7f9-4a41-8a27-a7a2ce3a6d76: The directory /home/runner/work/ozone/ozone/hadoop-ozone/integration-test/target/test-dir/MiniOzoneClusterImpl-06b57250-6369-4c93-9764-bbc94174df1e/datanode-1/data/ratis/tmp is not a group directory; ignoring it. 
2023-09-07 08:55:23,529 [main] INFO  replication.ReplicationServer (ReplicationServer.java:<init>(81)) - Initializing replication server with thread count = 10
2023-09-07 08:55:23,530 [main] INFO  server.XceiverServerGrpc (XceiverServerGrpc.java:<init>(132)) - GrpcServer channel type EpollServerSocketChannel
2023-09-07 08:55:23,533 [main] INFO  replication.ReplicationSupervisor (ReplicationSupervisor.java:build(155)) - Initializing replication supervisor with thread count = 10
2023-09-07 08:55:23,534 [main] INFO  replication.ReplicationSupervisor (ReplicationSupervisor.java:nodeStateUpdated(307)) - Node state updated to IN_SERVICE, scaling executor pool size to 10
2023-09-07 08:55:23,536 [main] INFO  http.BaseHttpServer (BaseHttpServer.java:newHttpServer2BuilderForOzone(223)) - Starting Web-server for hddsDatanode at: http://0.0.0.0:15124
2023-09-07 08:55:23,536 [main] INFO  http.BaseHttpServer (BaseHttpServer.java:<init>(110)) - Hadoop Security Enabled: false Ozone Security Enabled: false Ozone HTTP Security Enabled: false 
2023-09-07 08:55:23,537 [main] WARN  server.AuthenticationFilter (AuthenticationFilter.java:constructSecretProvider(240)) - Unable to initialize FileSignerSecretProvider, falling back to use random secrets. Reason: Could not read signature secret file: /home/runner/hadoop-http-auth-signature-secret
2023-09-07 08:55:23,538 [main] INFO  http.HttpRequestLog (HttpRequestLog.java:getRequestLog(86)) - Http request log for http.requests.hddsDatanode is not defined
2023-09-07 08:55:23,539 [main] INFO  http.HttpServer2 (HttpServer2.java:addGlobalFilter(1031)) - Added global filter 'safety' (class=org.apache.hadoop.hdds.server.http.HttpServer2$QuotingInputFilter)
2023-09-07 08:55:23,540 [main] INFO  http.HttpServer2 (HttpServer2.java:addFilter(1007)) - Added filter static_user_filter (class=org.apache.hadoop.http.lib.StaticUserWebFilter$StaticUserFilter) to context hddsDatanode
2023-09-07 08:55:23,540 [main] INFO  http.HttpServer2 (HttpServer2.java:addFilter(1015)) - Added filter static_user_filter (class=org.apache.hadoop.http.lib.StaticUserWebFilter$StaticUserFilter) to context static
2023-09-07 08:55:23,540 [main] INFO  http.HttpServer2 (HttpServer2.java:addFilter(1015)) - Added filter static_user_filter (class=org.apache.hadoop.http.lib.StaticUserWebFilter$StaticUserFilter) to context logs
2023-09-07 08:55:23,541 [main] INFO  http.BaseHttpServer (BaseHttpServer.java:<init>(189)) - HTTP server of hddsDatanode uses base directory /home/runner/work/ozone/ozone/hadoop-ozone/integration-test/target/test-dir/MiniOzoneClusterImpl-06b57250-6369-4c93-9764-bbc94174df1e/datanode-1/meta/webserver
2023-09-07 08:55:23,541 [main] INFO  http.HttpServer2 (HttpServer2.java:bindListener(1231)) - Jetty bound to port 15124
2023-09-07 08:55:23,541 [main] INFO  server.Server (Server.java:doStart(375)) - jetty-9.4.51.v20230217; built: 2023-02-17T08:19:37.309Z; git: b45c405e4544384de066f814ed42ae3dceacdd49; jvm 1.8.0_382-b05
2023-09-07 08:55:23,544 [main] INFO  server.session (DefaultSessionIdManager.java:doStart(334)) - DefaultSessionIdManager workerName=node0
2023-09-07 08:55:23,544 [main] INFO  server.session (DefaultSessionIdManager.java:doStart(339)) - No SessionScavenger set, using defaults
2023-09-07 08:55:23,544 [main] INFO  server.session (HouseKeeper.java:startScavenging(132)) - node0 Scavenging every 660000ms
2023-09-07 08:55:23,545 [main] INFO  handler.ContextHandler (ContextHandler.java:doStart(921)) - Started o.e.j.s.ServletContextHandler@65e65448{logs,/logs,file:///home/runner/work/ozone/ozone/hadoop-ozone/integration-test/target/log,AVAILABLE}
2023-09-07 08:55:23,545 [main] INFO  handler.ContextHandler (ContextHandler.java:doStart(921)) - Started o.e.j.s.ServletContextHandler@466373a9{static,/static,jar:file:/home/runner/.m2/repository/org/apache/ozone/hdds-container-service/1.4.0-SNAPSHOT/hdds-container-service-1.4.0-SNAPSHOT.jar!/webapps/static,AVAILABLE}
2023-09-07 08:55:23,793 [main] INFO  handler.ContextHandler (ContextHandler.java:doStart(921)) - Started o.e.j.w.WebAppContext@38166a4e{hddsDatanode,/,file:///home/runner/work/ozone/ozone/hadoop-ozone/integration-test/target/test-dir/MiniOzoneClusterImpl-06b57250-6369-4c93-9764-bbc94174df1e/datanode-1/meta/webserver/jetty-0_0_0_0-15124-hdds-container-service-1_4_0-SNAPSHOT_jar-_-any-3335284900277025969/webapp/,AVAILABLE}{jar:file:/home/runner/.m2/repository/org/apache/ozone/hdds-container-service/1.4.0-SNAPSHOT/hdds-container-service-1.4.0-SNAPSHOT.jar!/webapps/hddsDatanode}
2023-09-07 08:55:23,795 [main] INFO  server.AbstractConnector (AbstractConnector.java:doStart(333)) - Started ServerConnector@1634c79c{HTTP/1.1, (http/1.1)}{0.0.0.0:15124}
2023-09-07 08:55:23,795 [main] INFO  server.Server (Server.java:doStart(415)) - Started @214134ms
2023-09-07 08:55:23,795 [main] WARN  impl.MetricsSystemImpl (MetricsSystemImpl.java:register(279)) - Sink prometheus already exists!
2023-09-07 08:55:23,796 [main] INFO  http.BaseHttpServer (BaseHttpServer.java:updateConnectorAddress(354)) - HTTP server of hddsDatanode listening at http://0.0.0.0:15124
2023-09-07 08:55:23,796 [main] INFO  ipc.CallQueueManager (CallQueueManager.java:<init>(90)) - Using callQueue: class java.util.concurrent.LinkedBlockingQueue, queueCapacity: 100, scheduler: class org.apache.hadoop.ipc.DefaultRpcScheduler, ipcBackoff: false.
2023-09-07 08:55:23,797 [main] INFO  ipc.Server (Server.java:<init>(1287)) - Listener at 0.0.0.0:15125
2023-09-07 08:55:23,797 [Socket Reader #1 for port 15125] INFO  ipc.Server (Server.java:run(1323)) - Starting Socket Reader #1 for port 15125
2023-09-07 08:55:23,810 [main] INFO  ozone.HddsDatanodeService (HddsDatanodeService.java:start(315)) - Datanode start with admins: [runner]
2023-09-07 08:55:23,810 [main] INFO  ozone.HddsDatanodeClientProtocolServer (HddsDatanodeClientProtocolServer.java:start(72)) - RPC server for Client /0.0.0.0:15125
2023-09-07 08:55:23,811 [IPC Server Responder] INFO  ipc.Server (Server.java:run(1562)) - IPC Server Responder: starting
2023-09-07 08:55:23,811 [IPC Server listener on 15125] INFO  ipc.Server (Server.java:run(1402)) - IPC Server listener on 15125: starting
2023-09-07 08:55:23,811 [Datanode State Machine Daemon Thread] INFO  statemachine.DatanodeStateMachine (DatanodeStateMachine.java:lambda$startDaemon$0(538)) - Ozone container server started.
2023-09-07 08:55:23,811 [main] WARN  impl.MetricRegistriesImpl (MetricRegistriesImpl.java:addReporterRegistration(111)) - New reporters are added after registries were created. Some metrics will be missing from the reporter. Please add reporter before adding any new registry.
2023-09-07 08:55:23,811 [main] WARN  impl.MetricRegistriesImpl (MetricRegistriesImpl.java:addReporterRegistration(111)) - New reporters are added after registries were created. Some metrics will be missing from the reporter. Please add reporter before adding any new registry.
2023-09-07 08:55:23,812 [main] INFO  impl.MetricsSystemImpl (MetricsSystemImpl.java:init(158)) - HddsDatanode metrics system started (again)
2023-09-07 08:55:23,829 [main] INFO  ozone.HddsDatanodeService (HddsDatanodeService.java:start(237)) - HddsDatanodeService host:fv-az793-921.vth4h2cvs0culokhaokvhxz15b.jx.internal.cloudapp.net ip:10.1.0.48
2023-09-07 08:55:23,854 [Datanode State Machine Task Thread - 0] INFO  datanode.InitDatanodeState (InitDatanodeState.java:persistContainerDatanodeDetails(138)) - DatanodeDetails is persisted to /home/runner/work/ozone/ozone/hadoop-ozone/integration-test/target/test-dir/MiniOzoneClusterImpl-06b57250-6369-4c93-9764-bbc94174df1e/datanode-1/meta/datanode.id
2023-09-07 08:55:23,866 [main] INFO  upgrade.AbstractLayoutVersionManager (AbstractLayoutVersionManager.java:init(83)) - Initializing Layout version manager with metadata layout = HADOOP_PRC_PORTS_IN_DATANODEDETAILS (version = 7), software layout = HADOOP_PRC_PORTS_IN_DATANODEDETAILS (version = 7)
2023-09-07 08:55:23,875 [main] INFO  statemachine.DatanodeStateMachine (DatanodeStateMachine.java:getEndPointTaskThreadPoolSize(282)) - Datanode State Machine Task Thread Pool size 2
2023-09-07 08:55:23,877 [main] INFO  volume.HddsVolume (HddsVolume.java:<init>(126)) - Creating HddsVolume: /home/runner/work/ozone/ozone/hadoop-ozone/integration-test/target/test-dir/MiniOzoneClusterImpl-06b57250-6369-4c93-9764-bbc94174df1e/datanode-2/data-0/containers/hdds of storage type : DISK capacity : 9223372036854775807
2023-09-07 08:55:23,877 [main] INFO  volume.MutableVolumeSet (MutableVolumeSet.java:initializeVolumeSet(173)) - Added Volume : /home/runner/work/ozone/ozone/hadoop-ozone/integration-test/target/test-dir/MiniOzoneClusterImpl-06b57250-6369-4c93-9764-bbc94174df1e/datanode-2/data-0/containers/hdds to VolumeSet
2023-09-07 08:55:23,878 [main] INFO  volume.MutableVolumeSet (MutableVolumeSet.java:initializeVolumeSet(173)) - Added Volume : /home/runner/work/ozone/ozone/hadoop-ozone/integration-test/target/test-dir/MiniOzoneClusterImpl-06b57250-6369-4c93-9764-bbc94174df1e/datanode-2/data/ratis to VolumeSet
2023-09-07 08:55:23,879 [Thread-1353] INFO  ozoneimpl.ContainerReader (ContainerReader.java:readVolume(177)) - Finish verifying containers on volume /home/runner/work/ozone/ozone/hadoop-ozone/integration-test/target/test-dir/MiniOzoneClusterImpl-06b57250-6369-4c93-9764-bbc94174df1e/datanode-2/data-0/containers/hdds
2023-09-07 08:55:23,879 [main] INFO  ozoneimpl.OzoneContainer (OzoneContainer.java:buildContainerSet(314)) - Build ContainerSet costs 0s
2023-09-07 08:55:23,881 [main] INFO  server.RaftServer (ConfUtils.java:logGet(46)) - raft.rpc.type = GRPC (default)
2023-09-07 08:55:23,881 [main] INFO  grpc.GrpcConfigKeys (ConfUtils.java:logFallback(53)) - raft.grpc.admin.host = null (fallback to raft.grpc.server.host)
2023-09-07 08:55:23,882 [main] INFO  grpc.GrpcConfigKeys (ConfUtils.java:logGet(46)) - raft.grpc.admin.port = 15137 (custom)
2023-09-07 08:55:23,882 [main] INFO  grpc.GrpcConfigKeys (ConfUtils.java:logFallback(53)) - raft.grpc.client.host = null (fallback to raft.grpc.server.host)
2023-09-07 08:55:23,882 [main] INFO  grpc.GrpcConfigKeys (ConfUtils.java:logGet(46)) - raft.grpc.client.port = 15136 (custom)
2023-09-07 08:55:23,882 [main] INFO  grpc.GrpcConfigKeys (ConfUtils.java:logGet(46)) - raft.grpc.server.host = null (default)
2023-09-07 08:55:23,882 [main] INFO  grpc.GrpcConfigKeys (ConfUtils.java:logGet(46)) - raft.grpc.server.port = 15138 (custom)
2023-09-07 08:55:23,882 [main] INFO  server.GrpcService (ConfUtils.java:logGet(46)) - raft.grpc.message.size.max = 32MB (=33554432) (custom)
2023-09-07 08:55:23,882 [main] INFO  server.RaftServerConfigKeys (ConfUtils.java:logGet(46)) - raft.server.log.appender.buffer.byte-limit = 33554432 (custom)
2023-09-07 08:55:23,883 [main] INFO  server.GrpcService (ConfUtils.java:logGet(46)) - raft.grpc.flow.control.window = 5MB (=5242880) (custom)
2023-09-07 08:55:23,883 [main] INFO  server.RaftServerConfigKeys (ConfUtils.java:logGet(46)) - raft.server.rpc.request.timeout = 60s (custom)
2023-09-07 08:55:23,883 [main] INFO  grpc.GrpcConfigKeys (ConfUtils.java:logGet(46)) - raft.grpc.server.heartbeat.channel = true (default)
2023-09-07 08:55:23,883 [main] INFO  grpc.GrpcConfigKeys (ConfUtils.java:logGet(46)) - raft.grpc.server.async.request.thread.pool.cached = true (default)
2023-09-07 08:55:23,883 [main] INFO  grpc.GrpcConfigKeys (ConfUtils.java:logGet(46)) - raft.grpc.server.async.request.thread.pool.size = 32 (default)
2023-09-07 08:55:23,886 [main] INFO  impl.DataStreamServerImpl (ConfUtils.java:logGet(46)) - raft.datastream.type = NETTY (custom)
2023-09-07 08:55:23,886 [main] INFO  server.RaftServerConfigKeys (ConfUtils.java:logGet(46)) - raft.server.data-stream.async.request.thread.pool.cached = false (default)
2023-09-07 08:55:23,887 [main] INFO  server.RaftServerConfigKeys (ConfUtils.java:logGet(46)) - raft.server.data-stream.async.request.thread.pool.size = 20 (custom)
2023-09-07 08:55:23,887 [main] INFO  server.RaftServerConfigKeys (ConfUtils.java:logGet(46)) - raft.server.data-stream.async.write.thread.pool.size = 16 (default)
2023-09-07 08:55:23,887 [main] INFO  server.RaftServerConfigKeys (ConfUtils.java:logGet(46)) - raft.server.data-stream.client.pool.size = 10 (default)
2023-09-07 08:55:23,887 [main] INFO  netty.NettyConfigKeys$DataStream (ConfUtils.java:logGet(46)) - raft.netty.dataStream.server.use-epoll = false (default)
2023-09-07 08:55:23,887 [main] INFO  netty.NettyConfigKeys$DataStream (ConfUtils.java:logGet(46)) - raft.netty.dataStream.server.boss-group.size = 0 (default)
2023-09-07 08:55:23,888 [main] INFO  netty.NettyConfigKeys$DataStream (ConfUtils.java:logGet(46)) - raft.netty.dataStream.server.worker-group.size = 0 (default)
2023-09-07 08:55:23,888 [main] INFO  netty.NettyConfigKeys$DataStream (ConfUtils.java:logGet(46)) - raft.netty.dataStream.server.tls.conf = null (default)
2023-09-07 08:55:23,888 [main] INFO  netty.NettyConfigKeys$DataStream (ConfUtils.java:logGet(46)) - raft.netty.dataStream.host = null (default)
2023-09-07 08:55:23,889 [main] INFO  netty.NettyConfigKeys$DataStream (ConfUtils.java:logGet(46)) - raft.netty.dataStream.port = 15139 (custom)
2023-09-07 08:55:23,889 [main] INFO  server.RaftServerConfigKeys (ConfUtils.java:logGet(46)) - raft.server.threadpool.proxy.cached = true (default)
2023-09-07 08:55:23,889 [main] INFO  server.RaftServerConfigKeys (ConfUtils.java:logGet(46)) - raft.server.threadpool.proxy.size = 0 (default)
2023-09-07 08:55:23,889 [main] INFO  server.RaftServerConfigKeys (ConfUtils.java:logGet(46)) - raft.server.rpc.slowness.timeout = 300s (custom)
2023-09-07 08:55:23,890 [main] INFO  server.RaftServerConfigKeys (ConfUtils.java:logGet(46)) - raft.server.leaderelection.leader.step-down.wait-time = 10s (default)
2023-09-07 08:55:23,890 [main] INFO  server.RaftServerConfigKeys (ConfUtils.java:logGet(46)) - raft.server.storage.dir = [/home/runner/work/ozone/ozone/hadoop-ozone/integration-test/target/test-dir/MiniOzoneClusterImpl-06b57250-6369-4c93-9764-bbc94174df1e/datanode-2/data/ratis] (custom)
2023-09-07 08:55:23,890 [a16823de-594d-4810-9c20-2473ba2acfd2-impl-thread1] INFO  server.RaftServer (RaftServerProxy.java:initGroupDir(258)) - a16823de-594d-4810-9c20-2473ba2acfd2: found a subdirectory /home/runner/work/ozone/ozone/hadoop-ozone/integration-test/target/test-dir/MiniOzoneClusterImpl-06b57250-6369-4c93-9764-bbc94174df1e/datanode-2/data/ratis/tmp
2023-09-07 08:55:23,891 [a16823de-594d-4810-9c20-2473ba2acfd2-impl-thread1] INFO  server.RaftServer (RaftServerProxy.java:initGroupDir(263)) - a16823de-594d-4810-9c20-2473ba2acfd2: The directory /home/runner/work/ozone/ozone/hadoop-ozone/integration-test/target/test-dir/MiniOzoneClusterImpl-06b57250-6369-4c93-9764-bbc94174df1e/datanode-2/data/ratis/tmp is not a group directory; ignoring it. 
2023-09-07 08:55:23,891 [main] INFO  replication.ReplicationServer (ReplicationServer.java:<init>(81)) - Initializing replication server with thread count = 10
2023-09-07 08:55:23,892 [main] INFO  server.XceiverServerGrpc (XceiverServerGrpc.java:<init>(132)) - GrpcServer channel type EpollServerSocketChannel
2023-09-07 08:55:23,894 [a16823de-594d-4810-9c20-2473ba2acfd2-NettyServerStreamRpc-bossGroup--thread1] INFO  logging.LoggingHandler (AbstractInternalLogger.java:log(148)) - [id: 0xe65eaded] REGISTERED
2023-09-07 08:55:23,894 [a16823de-594d-4810-9c20-2473ba2acfd2-NettyServerStreamRpc-bossGroup--thread1] INFO  logging.LoggingHandler (AbstractInternalLogger.java:log(148)) - [id: 0xe65eaded] BIND: 0.0.0.0/0.0.0.0:15139
2023-09-07 08:55:23,894 [a16823de-594d-4810-9c20-2473ba2acfd2-NettyServerStreamRpc-bossGroup--thread1] INFO  logging.LoggingHandler (AbstractInternalLogger.java:log(148)) - [id: 0xe65eaded, L:/0:0:0:0:0:0:0:0:15139] ACTIVE
2023-09-07 08:55:23,897 [main] INFO  replication.ReplicationSupervisor (ReplicationSupervisor.java:build(155)) - Initializing replication supervisor with thread count = 10
2023-09-07 08:55:23,897 [main] INFO  replication.ReplicationSupervisor (ReplicationSupervisor.java:nodeStateUpdated(307)) - Node state updated to IN_SERVICE, scaling executor pool size to 10
2023-09-07 08:55:23,900 [main] INFO  http.BaseHttpServer (BaseHttpServer.java:newHttpServer2BuilderForOzone(223)) - Starting Web-server for hddsDatanode at: http://0.0.0.0:15133
2023-09-07 08:55:23,900 [main] INFO  http.BaseHttpServer (BaseHttpServer.java:<init>(110)) - Hadoop Security Enabled: false Ozone Security Enabled: false Ozone HTTP Security Enabled: false 
2023-09-07 08:55:23,901 [main] WARN  server.AuthenticationFilter (AuthenticationFilter.java:constructSecretProvider(240)) - Unable to initialize FileSignerSecretProvider, falling back to use random secrets. Reason: Could not read signature secret file: /home/runner/hadoop-http-auth-signature-secret
2023-09-07 08:55:23,902 [main] INFO  http.HttpRequestLog (HttpRequestLog.java:getRequestLog(86)) - Http request log for http.requests.hddsDatanode is not defined
2023-09-07 08:55:23,903 [main] INFO  http.HttpServer2 (HttpServer2.java:addGlobalFilter(1031)) - Added global filter 'safety' (class=org.apache.hadoop.hdds.server.http.HttpServer2$QuotingInputFilter)
2023-09-07 08:55:23,904 [main] INFO  http.HttpServer2 (HttpServer2.java:addFilter(1007)) - Added filter static_user_filter (class=org.apache.hadoop.http.lib.StaticUserWebFilter$StaticUserFilter) to context hddsDatanode
2023-09-07 08:55:23,904 [main] INFO  http.HttpServer2 (HttpServer2.java:addFilter(1015)) - Added filter static_user_filter (class=org.apache.hadoop.http.lib.StaticUserWebFilter$StaticUserFilter) to context logs
2023-09-07 08:55:23,904 [main] INFO  http.HttpServer2 (HttpServer2.java:addFilter(1015)) - Added filter static_user_filter (class=org.apache.hadoop.http.lib.StaticUserWebFilter$StaticUserFilter) to context static
2023-09-07 08:55:23,905 [main] INFO  http.BaseHttpServer (BaseHttpServer.java:<init>(189)) - HTTP server of hddsDatanode uses base directory /home/runner/work/ozone/ozone/hadoop-ozone/integration-test/target/test-dir/MiniOzoneClusterImpl-06b57250-6369-4c93-9764-bbc94174df1e/datanode-2/meta/webserver
2023-09-07 08:55:23,905 [main] INFO  http.HttpServer2 (HttpServer2.java:bindListener(1231)) - Jetty bound to port 15133
2023-09-07 08:55:23,905 [main] INFO  server.Server (Server.java:doStart(375)) - jetty-9.4.51.v20230217; built: 2023-02-17T08:19:37.309Z; git: b45c405e4544384de066f814ed42ae3dceacdd49; jvm 1.8.0_382-b05
2023-09-07 08:55:23,907 [main] INFO  server.session (DefaultSessionIdManager.java:doStart(334)) - DefaultSessionIdManager workerName=node0
2023-09-07 08:55:23,907 [main] INFO  server.session (DefaultSessionIdManager.java:doStart(339)) - No SessionScavenger set, using defaults
2023-09-07 08:55:23,907 [main] INFO  server.session (HouseKeeper.java:startScavenging(132)) - node0 Scavenging every 600000ms
2023-09-07 08:55:23,908 [main] INFO  handler.ContextHandler (ContextHandler.java:doStart(921)) - Started o.e.j.s.ServletContextHandler@5dddd61f{logs,/logs,file:///home/runner/work/ozone/ozone/hadoop-ozone/integration-test/target/log,AVAILABLE}
2023-09-07 08:55:23,909 [main] INFO  handler.ContextHandler (ContextHandler.java:doStart(921)) - Started o.e.j.s.ServletContextHandler@47d91a2d{static,/static,jar:file:/home/runner/.m2/repository/org/apache/ozone/hdds-container-service/1.4.0-SNAPSHOT/hdds-container-service-1.4.0-SNAPSHOT.jar!/webapps/static,AVAILABLE}
2023-09-07 08:55:24,015 [om1@group-C5BA1605619E-FollowerState] INFO  impl.FollowerState (FollowerState.java:run(143)) - om1@group-C5BA1605619E-FollowerState: change to CANDIDATE, lastRpcElapsedTime:1031749267ns, electionTimeout:1030ms
2023-09-07 08:55:24,016 [om1@group-C5BA1605619E-FollowerState] INFO  impl.RoleInfo (RoleInfo.java:shutdownFollowerState(110)) - om1: shutdown om1@group-C5BA1605619E-FollowerState
2023-09-07 08:55:24,016 [om1@group-C5BA1605619E-FollowerState] INFO  server.RaftServer$Division (RaftServerImpl.java:setRole(329)) - om1@group-C5BA1605619E: changes role from  FOLLOWER to CANDIDATE at term 0 for changeToCandidate
2023-09-07 08:55:24,016 [om1@group-C5BA1605619E-FollowerState] INFO  server.RaftServerConfigKeys (ConfUtils.java:logGet(46)) - raft.server.leaderelection.pre-vote = true (default)
2023-09-07 08:55:24,016 [om1@group-C5BA1605619E-FollowerState] INFO  impl.RoleInfo (RoleInfo.java:updateAndGet(139)) - om1: start om1@group-C5BA1605619E-LeaderElection19
2023-09-07 08:55:24,023 [om1@group-C5BA1605619E-LeaderElection19] INFO  impl.LeaderElection (LeaderElection.java:askForVotes(321)) - om1@group-C5BA1605619E-LeaderElection19 PRE_VOTE round 0: submit vote requests at term 0 for -1: peers:[om1|rpc:localhost:15113|priority:0|startupRole:FOLLOWER]|listeners:[], old=null
2023-09-07 08:55:24,023 [om1@group-C5BA1605619E-LeaderElection19] INFO  impl.LeaderElection (LeaderElection.java:askForVotes(323)) - om1@group-C5BA1605619E-LeaderElection19 PRE_VOTE round 0: result PASSED (term=0)
2023-09-07 08:55:24,025 [om1@group-C5BA1605619E-LeaderElection19] INFO  impl.LeaderElection (LeaderElection.java:askForVotes(321)) - om1@group-C5BA1605619E-LeaderElection19 ELECTION round 0: submit vote requests at term 1 for -1: peers:[om1|rpc:localhost:15113|priority:0|startupRole:FOLLOWER]|listeners:[], old=null
2023-09-07 08:55:24,025 [om1@group-C5BA1605619E-LeaderElection19] INFO  impl.LeaderElection (LeaderElection.java:askForVotes(323)) - om1@group-C5BA1605619E-LeaderElection19 ELECTION round 0: result PASSED (term=1)
2023-09-07 08:55:24,025 [om1@group-C5BA1605619E-LeaderElection19] INFO  impl.RoleInfo (RoleInfo.java:shutdownLeaderElection(130)) - om1: shutdown om1@group-C5BA1605619E-LeaderElection19
2023-09-07 08:55:24,025 [om1@group-C5BA1605619E-LeaderElection19] INFO  server.RaftServer$Division (RaftServerImpl.java:setRole(329)) - om1@group-C5BA1605619E: changes role from CANDIDATE to LEADER at term 1 for changeToLeader
2023-09-07 08:55:24,026 [om1@group-C5BA1605619E-LeaderElection19] INFO  server.RaftServer$Division (ServerState.java:setLeader(317)) - om1@group-C5BA1605619E: change Leader from null to om1 at term 1 for becomeLeader, leader elected after 1722ms
2023-09-07 08:55:24,026 [om1@group-C5BA1605619E-LeaderElection19] INFO  server.RaftServerConfigKeys (ConfUtils.java:logGet(46)) - raft.server.staging.catchup.gap = 1000 (default)
2023-09-07 08:55:24,026 [om1@group-C5BA1605619E-LeaderElection19] INFO  server.RaftServerConfigKeys (ConfUtils.java:logGet(46)) - raft.server.write.element-limit = 4096 (default)
2023-09-07 08:55:24,026 [om1@group-C5BA1605619E-LeaderElection19] INFO  server.RaftServerConfigKeys (ConfUtils.java:logGet(46)) - raft.server.write.byte-limit = 64MB (=67108864) (default)
2023-09-07 08:55:24,026 [om1@group-C5BA1605619E-LeaderElection19] INFO  server.RaftServerConfigKeys (ConfUtils.java:logGet(46)) - raft.server.watch.timeout = 10s (default)
2023-09-07 08:55:24,026 [om1@group-C5BA1605619E-LeaderElection19] INFO  server.RaftServerConfigKeys (ConfUtils.java:logGet(46)) - raft.server.watch.timeout.denomination = 1s (default)
2023-09-07 08:55:24,026 [om1@group-C5BA1605619E-LeaderElection19] INFO  server.RaftServerConfigKeys (ConfUtils.java:logGet(46)) - raft.server.watch.element-limit = 65536 (default)
2023-09-07 08:55:24,026 [om1@group-C5BA1605619E-LeaderElection19] INFO  server.RaftServerConfigKeys (ConfUtils.java:logGet(46)) - raft.server.write.element-limit = 4096 (default)
2023-09-07 08:55:24,027 [om1@group-C5BA1605619E-LeaderElection19] INFO  server.RaftServerConfigKeys (ConfUtils.java:logGet(46)) - raft.server.write.follower.gap.ratio.max = -1.0 (default)
2023-09-07 08:55:24,027 [om1@group-C5BA1605619E-LeaderElection19] INFO  impl.RoleInfo (RoleInfo.java:updateAndGet(139)) - om1: start om1@group-C5BA1605619E-LeaderStateImpl
2023-09-07 08:55:24,027 [om1@group-C5BA1605619E-LeaderElection19] INFO  segmented.SegmentedRaftLogWorker (SegmentedRaftLogWorker.java:startLogSegment(447)) - om1@group-C5BA1605619E-SegmentedRaftLogWorker: Starting segment from index:0
2023-09-07 08:55:24,034 [om1@group-C5BA1605619E-LeaderElection19] INFO  server.RaftServer$Division (ServerState.java:setRaftConf(434)) - om1@group-C5BA1605619E: set configuration 0: peers:[om1|rpc:localhost:15113|admin:|client:|dataStream:|priority:0|startupRole:FOLLOWER]|listeners:[], old=null
2023-09-07 08:55:24,040 [om1@group-C5BA1605619E-SegmentedRaftLogWorker] INFO  segmented.SegmentedRaftLogWorker (SegmentedRaftLogWorker.java:execute(651)) - om1@group-C5BA1605619E-SegmentedRaftLogWorker: created new log segment /home/runner/work/ozone/ozone/hadoop-ozone/integration-test/target/test-dir/MiniOzoneClusterImpl-06b57250-6369-4c93-9764-bbc94174df1e/ozone-meta/ratis/bf265839-605b-3f16-9796-c5ba1605619e/current/log_inprogress_0
2023-09-07 08:55:24,043 [om1@group-C5BA1605619E-StateMachineUpdater] INFO  ratis.OzoneManagerStateMachine (OzoneManagerStateMachine.java:notifyConfigurationChanged(202)) - Received Configuration change notification from Ratis. New Peer list:
[id: "om1"
address: "localhost:15113"
startupRole: FOLLOWER
]
2023-09-07 08:55:24,177 [main] INFO  handler.ContextHandler (ContextHandler.java:doStart(921)) - Started o.e.j.w.WebAppContext@757b4a19{hddsDatanode,/,file:///home/runner/work/ozone/ozone/hadoop-ozone/integration-test/target/test-dir/MiniOzoneClusterImpl-06b57250-6369-4c93-9764-bbc94174df1e/datanode-2/meta/webserver/jetty-0_0_0_0-15133-hdds-container-service-1_4_0-SNAPSHOT_jar-_-any-3393563264812991252/webapp/,AVAILABLE}{jar:file:/home/runner/.m2/repository/org/apache/ozone/hdds-container-service/1.4.0-SNAPSHOT/hdds-container-service-1.4.0-SNAPSHOT.jar!/webapps/hddsDatanode}
2023-09-07 08:55:24,178 [main] INFO  server.AbstractConnector (AbstractConnector.java:doStart(333)) - Started ServerConnector@5addd523{HTTP/1.1, (http/1.1)}{0.0.0.0:15133}
2023-09-07 08:55:24,179 [main] INFO  server.Server (Server.java:doStart(415)) - Started @214518ms
2023-09-07 08:55:24,179 [main] WARN  impl.MetricsSystemImpl (MetricsSystemImpl.java:register(279)) - Sink prometheus already exists!
2023-09-07 08:55:24,180 [main] INFO  http.BaseHttpServer (BaseHttpServer.java:updateConnectorAddress(354)) - HTTP server of hddsDatanode listening at http://0.0.0.0:15133
2023-09-07 08:55:24,180 [main] INFO  ipc.CallQueueManager (CallQueueManager.java:<init>(90)) - Using callQueue: class java.util.concurrent.LinkedBlockingQueue, queueCapacity: 100, scheduler: class org.apache.hadoop.ipc.DefaultRpcScheduler, ipcBackoff: false.
2023-09-07 08:55:24,180 [main] INFO  ipc.Server (Server.java:<init>(1287)) - Listener at 0.0.0.0:15134
2023-09-07 08:55:24,181 [Socket Reader #1 for port 15134] INFO  ipc.Server (Server.java:run(1323)) - Starting Socket Reader #1 for port 15134
2023-09-07 08:55:24,196 [main] INFO  ozone.HddsDatanodeService (HddsDatanodeService.java:start(315)) - Datanode start with admins: [runner]
2023-09-07 08:55:24,196 [main] INFO  ozone.HddsDatanodeClientProtocolServer (HddsDatanodeClientProtocolServer.java:start(72)) - RPC server for Client /0.0.0.0:15134
2023-09-07 08:55:24,197 [IPC Server Responder] INFO  ipc.Server (Server.java:run(1562)) - IPC Server Responder: starting
2023-09-07 08:55:24,197 [IPC Server listener on 15134] INFO  ipc.Server (Server.java:run(1402)) - IPC Server listener on 15134: starting
2023-09-07 08:55:24,198 [main] WARN  impl.MetricRegistriesImpl (MetricRegistriesImpl.java:addReporterRegistration(111)) - New reporters are added after registries were created. Some metrics will be missing from the reporter. Please add reporter before adding any new registry.
2023-09-07 08:55:24,198 [main] WARN  impl.MetricRegistriesImpl (MetricRegistriesImpl.java:addReporterRegistration(111)) - New reporters are added after registries were created. Some metrics will be missing from the reporter. Please add reporter before adding any new registry.
2023-09-07 08:55:24,198 [main] INFO  impl.MetricsSystemImpl (MetricsSystemImpl.java:init(158)) - HddsDatanode metrics system started (again)
2023-09-07 08:55:24,202 [Datanode State Machine Daemon Thread] INFO  statemachine.DatanodeStateMachine (DatanodeStateMachine.java:lambda$startDaemon$0(538)) - Ozone container server started.
2023-09-07 08:55:24,210 [Datanode State Machine Task Thread - 0] INFO  datanode.InitDatanodeState (InitDatanodeState.java:persistContainerDatanodeDetails(138)) - DatanodeDetails is persisted to /home/runner/work/ozone/ozone/hadoop-ozone/integration-test/target/test-dir/MiniOzoneClusterImpl-06b57250-6369-4c93-9764-bbc94174df1e/datanode-2/meta/datanode.id
2023-09-07 08:55:24,219 [main] INFO  ozone.HddsDatanodeService (HddsDatanodeService.java:start(237)) - HddsDatanodeService host:fv-az793-921.vth4h2cvs0culokhaokvhxz15b.jx.internal.cloudapp.net ip:10.1.0.48
2023-09-07 08:55:24,246 [main] INFO  upgrade.AbstractLayoutVersionManager (AbstractLayoutVersionManager.java:init(83)) - Initializing Layout version manager with metadata layout = HADOOP_PRC_PORTS_IN_DATANODEDETAILS (version = 7), software layout = HADOOP_PRC_PORTS_IN_DATANODEDETAILS (version = 7)
2023-09-07 08:55:24,246 [main] INFO  statemachine.DatanodeStateMachine (DatanodeStateMachine.java:getEndPointTaskThreadPoolSize(282)) - Datanode State Machine Task Thread Pool size 2
2023-09-07 08:55:24,248 [main] INFO  volume.HddsVolume (HddsVolume.java:<init>(126)) - Creating HddsVolume: /home/runner/work/ozone/ozone/hadoop-ozone/integration-test/target/test-dir/MiniOzoneClusterImpl-06b57250-6369-4c93-9764-bbc94174df1e/datanode-3/data-0/containers/hdds of storage type : DISK capacity : 9223372036854775807
2023-09-07 08:55:24,248 [main] INFO  volume.MutableVolumeSet (MutableVolumeSet.java:initializeVolumeSet(173)) - Added Volume : /home/runner/work/ozone/ozone/hadoop-ozone/integration-test/target/test-dir/MiniOzoneClusterImpl-06b57250-6369-4c93-9764-bbc94174df1e/datanode-3/data-0/containers/hdds to VolumeSet
2023-09-07 08:55:24,249 [main] INFO  volume.MutableVolumeSet (MutableVolumeSet.java:initializeVolumeSet(173)) - Added Volume : /home/runner/work/ozone/ozone/hadoop-ozone/integration-test/target/test-dir/MiniOzoneClusterImpl-06b57250-6369-4c93-9764-bbc94174df1e/datanode-3/data/ratis to VolumeSet
2023-09-07 08:55:24,251 [Thread-1372] INFO  ozoneimpl.ContainerReader (ContainerReader.java:readVolume(177)) - Finish verifying containers on volume /home/runner/work/ozone/ozone/hadoop-ozone/integration-test/target/test-dir/MiniOzoneClusterImpl-06b57250-6369-4c93-9764-bbc94174df1e/datanode-3/data-0/containers/hdds
2023-09-07 08:55:24,251 [main] INFO  ozoneimpl.OzoneContainer (OzoneContainer.java:buildContainerSet(314)) - Build ContainerSet costs 0s
2023-09-07 08:55:24,255 [main] INFO  server.RaftServer (ConfUtils.java:logGet(46)) - raft.rpc.type = GRPC (default)
2023-09-07 08:55:24,256 [main] INFO  grpc.GrpcConfigKeys (ConfUtils.java:logFallback(53)) - raft.grpc.admin.host = null (fallback to raft.grpc.server.host)
2023-09-07 08:55:24,256 [main] INFO  grpc.GrpcConfigKeys (ConfUtils.java:logGet(46)) - raft.grpc.admin.port = 15146 (custom)
2023-09-07 08:55:24,257 [main] INFO  grpc.GrpcConfigKeys (ConfUtils.java:logFallback(53)) - raft.grpc.client.host = null (fallback to raft.grpc.server.host)
2023-09-07 08:55:24,257 [main] INFO  grpc.GrpcConfigKeys (ConfUtils.java:logGet(46)) - raft.grpc.client.port = 15145 (custom)
2023-09-07 08:55:24,257 [main] INFO  grpc.GrpcConfigKeys (ConfUtils.java:logGet(46)) - raft.grpc.server.host = null (default)
2023-09-07 08:55:24,257 [main] INFO  grpc.GrpcConfigKeys (ConfUtils.java:logGet(46)) - raft.grpc.server.port = 15147 (custom)
2023-09-07 08:55:24,257 [main] INFO  server.GrpcService (ConfUtils.java:logGet(46)) - raft.grpc.message.size.max = 32MB (=33554432) (custom)
2023-09-07 08:55:24,257 [main] INFO  server.RaftServerConfigKeys (ConfUtils.java:logGet(46)) - raft.server.log.appender.buffer.byte-limit = 33554432 (custom)
2023-09-07 08:55:24,258 [main] INFO  server.GrpcService (ConfUtils.java:logGet(46)) - raft.grpc.flow.control.window = 5MB (=5242880) (custom)
2023-09-07 08:55:24,258 [main] INFO  server.RaftServerConfigKeys (ConfUtils.java:logGet(46)) - raft.server.rpc.request.timeout = 60s (custom)
2023-09-07 08:55:24,258 [main] INFO  grpc.GrpcConfigKeys (ConfUtils.java:logGet(46)) - raft.grpc.server.heartbeat.channel = true (default)
2023-09-07 08:55:24,258 [main] INFO  grpc.GrpcConfigKeys (ConfUtils.java:logGet(46)) - raft.grpc.server.async.request.thread.pool.cached = true (default)
2023-09-07 08:55:24,258 [main] INFO  grpc.GrpcConfigKeys (ConfUtils.java:logGet(46)) - raft.grpc.server.async.request.thread.pool.size = 32 (default)
2023-09-07 08:55:24,261 [main] INFO  impl.DataStreamServerImpl (ConfUtils.java:logGet(46)) - raft.datastream.type = NETTY (custom)
2023-09-07 08:55:24,262 [main] INFO  server.RaftServerConfigKeys (ConfUtils.java:logGet(46)) - raft.server.data-stream.async.request.thread.pool.cached = false (default)
2023-09-07 08:55:24,262 [main] INFO  server.RaftServerConfigKeys (ConfUtils.java:logGet(46)) - raft.server.data-stream.async.request.thread.pool.size = 20 (custom)
2023-09-07 08:55:24,262 [main] INFO  server.RaftServerConfigKeys (ConfUtils.java:logGet(46)) - raft.server.data-stream.async.write.thread.pool.size = 16 (default)
2023-09-07 08:55:24,262 [main] INFO  server.RaftServerConfigKeys (ConfUtils.java:logGet(46)) - raft.server.data-stream.client.pool.size = 10 (default)
2023-09-07 08:55:24,263 [main] INFO  netty.NettyConfigKeys$DataStream (ConfUtils.java:logGet(46)) - raft.netty.dataStream.server.use-epoll = false (default)
2023-09-07 08:55:24,263 [main] INFO  netty.NettyConfigKeys$DataStream (ConfUtils.java:logGet(46)) - raft.netty.dataStream.server.boss-group.size = 0 (default)
2023-09-07 08:55:24,263 [main] INFO  netty.NettyConfigKeys$DataStream (ConfUtils.java:logGet(46)) - raft.netty.dataStream.server.worker-group.size = 0 (default)
2023-09-07 08:55:24,264 [main] INFO  netty.NettyConfigKeys$DataStream (ConfUtils.java:logGet(46)) - raft.netty.dataStream.server.tls.conf = null (default)
2023-09-07 08:55:24,264 [main] INFO  netty.NettyConfigKeys$DataStream (ConfUtils.java:logGet(46)) - raft.netty.dataStream.host = null (default)
2023-09-07 08:55:24,264 [main] INFO  netty.NettyConfigKeys$DataStream (ConfUtils.java:logGet(46)) - raft.netty.dataStream.port = 15148 (custom)
2023-09-07 08:55:24,265 [main] INFO  server.RaftServerConfigKeys (ConfUtils.java:logGet(46)) - raft.server.threadpool.proxy.cached = true (default)
2023-09-07 08:55:24,265 [main] INFO  server.RaftServerConfigKeys (ConfUtils.java:logGet(46)) - raft.server.threadpool.proxy.size = 0 (default)
2023-09-07 08:55:24,265 [59e7d543-5a74-4c1b-8513-ed64d8264a1e-NettyServerStreamRpc-bossGroup--thread1] INFO  logging.LoggingHandler (AbstractInternalLogger.java:log(148)) - [id: 0x188328e7] REGISTERED
2023-09-07 08:55:24,265 [main] INFO  server.RaftServerConfigKeys (ConfUtils.java:logGet(46)) - raft.server.rpc.slowness.timeout = 300s (custom)
2023-09-07 08:55:24,268 [59e7d543-5a74-4c1b-8513-ed64d8264a1e-NettyServerStreamRpc-bossGroup--thread1] INFO  logging.LoggingHandler (AbstractInternalLogger.java:log(148)) - [id: 0x188328e7] BIND: 0.0.0.0/0.0.0.0:15148
2023-09-07 08:55:24,268 [main] INFO  server.RaftServerConfigKeys (ConfUtils.java:logGet(46)) - raft.server.leaderelection.leader.step-down.wait-time = 10s (default)
2023-09-07 08:55:24,268 [59e7d543-5a74-4c1b-8513-ed64d8264a1e-NettyServerStreamRpc-bossGroup--thread1] INFO  logging.LoggingHandler (AbstractInternalLogger.java:log(148)) - [id: 0x188328e7, L:/0:0:0:0:0:0:0:0:15148] ACTIVE
2023-09-07 08:55:24,268 [main] INFO  server.RaftServerConfigKeys (ConfUtils.java:logGet(46)) - raft.server.storage.dir = [/home/runner/work/ozone/ozone/hadoop-ozone/integration-test/target/test-dir/MiniOzoneClusterImpl-06b57250-6369-4c93-9764-bbc94174df1e/datanode-3/data/ratis] (custom)
2023-09-07 08:55:24,269 [59e7d543-5a74-4c1b-8513-ed64d8264a1e-impl-thread1] INFO  server.RaftServer (RaftServerProxy.java:initGroupDir(258)) - 59e7d543-5a74-4c1b-8513-ed64d8264a1e: found a subdirectory /home/runner/work/ozone/ozone/hadoop-ozone/integration-test/target/test-dir/MiniOzoneClusterImpl-06b57250-6369-4c93-9764-bbc94174df1e/datanode-3/data/ratis/tmp
2023-09-07 08:55:24,269 [59e7d543-5a74-4c1b-8513-ed64d8264a1e-impl-thread1] INFO  server.RaftServer (RaftServerProxy.java:initGroupDir(263)) - 59e7d543-5a74-4c1b-8513-ed64d8264a1e: The directory /home/runner/work/ozone/ozone/hadoop-ozone/integration-test/target/test-dir/MiniOzoneClusterImpl-06b57250-6369-4c93-9764-bbc94174df1e/datanode-3/data/ratis/tmp is not a group directory; ignoring it. 
2023-09-07 08:55:24,269 [main] INFO  replication.ReplicationServer (ReplicationServer.java:<init>(81)) - Initializing replication server with thread count = 10
2023-09-07 08:55:24,271 [main] INFO  server.XceiverServerGrpc (XceiverServerGrpc.java:<init>(132)) - GrpcServer channel type EpollServerSocketChannel
2023-09-07 08:55:24,273 [main] INFO  replication.ReplicationSupervisor (ReplicationSupervisor.java:build(155)) - Initializing replication supervisor with thread count = 10
2023-09-07 08:55:24,273 [main] INFO  replication.ReplicationSupervisor (ReplicationSupervisor.java:nodeStateUpdated(307)) - Node state updated to IN_SERVICE, scaling executor pool size to 10
2023-09-07 08:55:24,276 [main] INFO  http.BaseHttpServer (BaseHttpServer.java:newHttpServer2BuilderForOzone(223)) - Starting Web-server for hddsDatanode at: http://0.0.0.0:15142
2023-09-07 08:55:24,277 [main] INFO  http.BaseHttpServer (BaseHttpServer.java:<init>(110)) - Hadoop Security Enabled: false Ozone Security Enabled: false Ozone HTTP Security Enabled: false 
2023-09-07 08:55:24,280 [main] WARN  server.AuthenticationFilter (AuthenticationFilter.java:constructSecretProvider(240)) - Unable to initialize FileSignerSecretProvider, falling back to use random secrets. Reason: Could not read signature secret file: /home/runner/hadoop-http-auth-signature-secret
2023-09-07 08:55:24,281 [main] INFO  http.HttpRequestLog (HttpRequestLog.java:getRequestLog(86)) - Http request log for http.requests.hddsDatanode is not defined
2023-09-07 08:55:24,282 [main] INFO  http.HttpServer2 (HttpServer2.java:addGlobalFilter(1031)) - Added global filter 'safety' (class=org.apache.hadoop.hdds.server.http.HttpServer2$QuotingInputFilter)
2023-09-07 08:55:24,283 [main] INFO  http.HttpServer2 (HttpServer2.java:addFilter(1007)) - Added filter static_user_filter (class=org.apache.hadoop.http.lib.StaticUserWebFilter$StaticUserFilter) to context hddsDatanode
2023-09-07 08:55:24,283 [main] INFO  http.HttpServer2 (HttpServer2.java:addFilter(1015)) - Added filter static_user_filter (class=org.apache.hadoop.http.lib.StaticUserWebFilter$StaticUserFilter) to context logs
2023-09-07 08:55:24,283 [main] INFO  http.HttpServer2 (HttpServer2.java:addFilter(1015)) - Added filter static_user_filter (class=org.apache.hadoop.http.lib.StaticUserWebFilter$StaticUserFilter) to context static
2023-09-07 08:55:24,284 [main] INFO  http.BaseHttpServer (BaseHttpServer.java:<init>(189)) - HTTP server of hddsDatanode uses base directory /home/runner/work/ozone/ozone/hadoop-ozone/integration-test/target/test-dir/MiniOzoneClusterImpl-06b57250-6369-4c93-9764-bbc94174df1e/datanode-3/meta/webserver
2023-09-07 08:55:24,284 [main] INFO  http.HttpServer2 (HttpServer2.java:bindListener(1231)) - Jetty bound to port 15142
2023-09-07 08:55:24,284 [main] INFO  server.Server (Server.java:doStart(375)) - jetty-9.4.51.v20230217; built: 2023-02-17T08:19:37.309Z; git: b45c405e4544384de066f814ed42ae3dceacdd49; jvm 1.8.0_382-b05
2023-09-07 08:55:24,285 [main] INFO  server.session (DefaultSessionIdManager.java:doStart(334)) - DefaultSessionIdManager workerName=node0
2023-09-07 08:55:24,286 [main] INFO  server.session (DefaultSessionIdManager.java:doStart(339)) - No SessionScavenger set, using defaults
2023-09-07 08:55:24,295 [main] INFO  server.session (HouseKeeper.java:startScavenging(132)) - node0 Scavenging every 660000ms
2023-09-07 08:55:24,296 [main] INFO  handler.ContextHandler (ContextHandler.java:doStart(921)) - Started o.e.j.s.ServletContextHandler@5c735f10{logs,/logs,file:///home/runner/work/ozone/ozone/hadoop-ozone/integration-test/target/log,AVAILABLE}
2023-09-07 08:55:24,297 [main] INFO  handler.ContextHandler (ContextHandler.java:doStart(921)) - Started o.e.j.s.ServletContextHandler@649c4034{static,/static,jar:file:/home/runner/.m2/repository/org/apache/ozone/hdds-container-service/1.4.0-SNAPSHOT/hdds-container-service-1.4.0-SNAPSHOT.jar!/webapps/static,AVAILABLE}
2023-09-07 08:55:24,538 [main] INFO  handler.ContextHandler (ContextHandler.java:doStart(921)) - Started o.e.j.w.WebAppContext@51c60fe2{hddsDatanode,/,file:///home/runner/work/ozone/ozone/hadoop-ozone/integration-test/target/test-dir/MiniOzoneClusterImpl-06b57250-6369-4c93-9764-bbc94174df1e/datanode-3/meta/webserver/jetty-0_0_0_0-15142-hdds-container-service-1_4_0-SNAPSHOT_jar-_-any-1652685886898343681/webapp/,AVAILABLE}{jar:file:/home/runner/.m2/repository/org/apache/ozone/hdds-container-service/1.4.0-SNAPSHOT/hdds-container-service-1.4.0-SNAPSHOT.jar!/webapps/hddsDatanode}
2023-09-07 08:55:24,541 [main] INFO  server.AbstractConnector (AbstractConnector.java:doStart(333)) - Started ServerConnector@1e9cb0b6{HTTP/1.1, (http/1.1)}{0.0.0.0:15142}
2023-09-07 08:55:24,541 [main] INFO  server.Server (Server.java:doStart(415)) - Started @214880ms
2023-09-07 08:55:24,541 [main] WARN  impl.MetricsSystemImpl (MetricsSystemImpl.java:register(279)) - Sink prometheus already exists!
2023-09-07 08:55:24,542 [main] INFO  http.BaseHttpServer (BaseHttpServer.java:updateConnectorAddress(354)) - HTTP server of hddsDatanode listening at http://0.0.0.0:15142
2023-09-07 08:55:24,543 [main] INFO  ipc.CallQueueManager (CallQueueManager.java:<init>(90)) - Using callQueue: class java.util.concurrent.LinkedBlockingQueue, queueCapacity: 100, scheduler: class org.apache.hadoop.ipc.DefaultRpcScheduler, ipcBackoff: false.
2023-09-07 08:55:24,543 [main] INFO  ipc.Server (Server.java:<init>(1287)) - Listener at 0.0.0.0:15143
2023-09-07 08:55:24,545 [Socket Reader #1 for port 15143] INFO  ipc.Server (Server.java:run(1323)) - Starting Socket Reader #1 for port 15143
2023-09-07 08:55:24,549 [main] INFO  ozone.HddsDatanodeService (HddsDatanodeService.java:start(315)) - Datanode start with admins: [runner]
2023-09-07 08:55:24,549 [main] INFO  ozone.HddsDatanodeClientProtocolServer (HddsDatanodeClientProtocolServer.java:start(72)) - RPC server for Client /0.0.0.0:15143
2023-09-07 08:55:24,553 [IPC Server Responder] INFO  ipc.Server (Server.java:run(1562)) - IPC Server Responder: starting
2023-09-07 08:55:24,554 [IPC Server listener on 15143] INFO  ipc.Server (Server.java:run(1402)) - IPC Server listener on 15143: starting
2023-09-07 08:55:24,554 [main] WARN  impl.MetricRegistriesImpl (MetricRegistriesImpl.java:addReporterRegistration(111)) - New reporters are added after registries were created. Some metrics will be missing from the reporter. Please add reporter before adding any new registry.
2023-09-07 08:55:24,554 [main] WARN  impl.MetricRegistriesImpl (MetricRegistriesImpl.java:addReporterRegistration(111)) - New reporters are added after registries were created. Some metrics will be missing from the reporter. Please add reporter before adding any new registry.
2023-09-07 08:55:24,554 [main] INFO  impl.MetricsSystemImpl (MetricsSystemImpl.java:init(158)) - HddsDatanode metrics system started (again)
2023-09-07 08:55:24,557 [Datanode State Machine Daemon Thread] INFO  statemachine.DatanodeStateMachine (DatanodeStateMachine.java:lambda$startDaemon$0(538)) - Ozone container server started.
2023-09-07 08:55:24,567 [Datanode State Machine Task Thread - 0] INFO  datanode.InitDatanodeState (InitDatanodeState.java:persistContainerDatanodeDetails(138)) - DatanodeDetails is persisted to /home/runner/work/ozone/ozone/hadoop-ozone/integration-test/target/test-dir/MiniOzoneClusterImpl-06b57250-6369-4c93-9764-bbc94174df1e/datanode-3/meta/datanode.id
2023-09-07 08:55:24,571 [main] INFO  ozone.HddsDatanodeService (HddsDatanodeService.java:start(237)) - HddsDatanodeService host:fv-az793-921.vth4h2cvs0culokhaokvhxz15b.jx.internal.cloudapp.net ip:10.1.0.48
2023-09-07 08:55:24,597 [main] INFO  upgrade.AbstractLayoutVersionManager (AbstractLayoutVersionManager.java:init(83)) - Initializing Layout version manager with metadata layout = HADOOP_PRC_PORTS_IN_DATANODEDETAILS (version = 7), software layout = HADOOP_PRC_PORTS_IN_DATANODEDETAILS (version = 7)
2023-09-07 08:55:24,598 [main] INFO  statemachine.DatanodeStateMachine (DatanodeStateMachine.java:getEndPointTaskThreadPoolSize(282)) - Datanode State Machine Task Thread Pool size 2
2023-09-07 08:55:24,601 [main] INFO  volume.HddsVolume (HddsVolume.java:<init>(126)) - Creating HddsVolume: /home/runner/work/ozone/ozone/hadoop-ozone/integration-test/target/test-dir/MiniOzoneClusterImpl-06b57250-6369-4c93-9764-bbc94174df1e/datanode-4/data-0/containers/hdds of storage type : DISK capacity : 9223372036854775807
2023-09-07 08:55:24,601 [main] INFO  volume.MutableVolumeSet (MutableVolumeSet.java:initializeVolumeSet(173)) - Added Volume : /home/runner/work/ozone/ozone/hadoop-ozone/integration-test/target/test-dir/MiniOzoneClusterImpl-06b57250-6369-4c93-9764-bbc94174df1e/datanode-4/data-0/containers/hdds to VolumeSet
2023-09-07 08:55:24,602 [main] INFO  volume.MutableVolumeSet (MutableVolumeSet.java:initializeVolumeSet(173)) - Added Volume : /home/runner/work/ozone/ozone/hadoop-ozone/integration-test/target/test-dir/MiniOzoneClusterImpl-06b57250-6369-4c93-9764-bbc94174df1e/datanode-4/data/ratis to VolumeSet
2023-09-07 08:55:24,607 [Thread-1389] INFO  ozoneimpl.ContainerReader (ContainerReader.java:readVolume(177)) - Finish verifying containers on volume /home/runner/work/ozone/ozone/hadoop-ozone/integration-test/target/test-dir/MiniOzoneClusterImpl-06b57250-6369-4c93-9764-bbc94174df1e/datanode-4/data-0/containers/hdds
2023-09-07 08:55:24,608 [main] INFO  ozoneimpl.OzoneContainer (OzoneContainer.java:buildContainerSet(314)) - Build ContainerSet costs 0s
2023-09-07 08:55:24,613 [main] INFO  server.RaftServer (ConfUtils.java:logGet(46)) - raft.rpc.type = GRPC (default)
2023-09-07 08:55:24,614 [main] INFO  grpc.GrpcConfigKeys (ConfUtils.java:logFallback(53)) - raft.grpc.admin.host = null (fallback to raft.grpc.server.host)
2023-09-07 08:55:24,614 [main] INFO  grpc.GrpcConfigKeys (ConfUtils.java:logGet(46)) - raft.grpc.admin.port = 15155 (custom)
2023-09-07 08:55:24,614 [main] INFO  grpc.GrpcConfigKeys (ConfUtils.java:logFallback(53)) - raft.grpc.client.host = null (fallback to raft.grpc.server.host)
2023-09-07 08:55:24,614 [main] INFO  grpc.GrpcConfigKeys (ConfUtils.java:logGet(46)) - raft.grpc.client.port = 15154 (custom)
2023-09-07 08:55:24,614 [main] INFO  grpc.GrpcConfigKeys (ConfUtils.java:logGet(46)) - raft.grpc.server.host = null (default)
2023-09-07 08:55:24,614 [main] INFO  grpc.GrpcConfigKeys (ConfUtils.java:logGet(46)) - raft.grpc.server.port = 15156 (custom)
2023-09-07 08:55:24,615 [main] INFO  server.GrpcService (ConfUtils.java:logGet(46)) - raft.grpc.message.size.max = 32MB (=33554432) (custom)
2023-09-07 08:55:24,615 [main] INFO  server.RaftServerConfigKeys (ConfUtils.java:logGet(46)) - raft.server.log.appender.buffer.byte-limit = 33554432 (custom)
2023-09-07 08:55:24,615 [main] INFO  server.GrpcService (ConfUtils.java:logGet(46)) - raft.grpc.flow.control.window = 5MB (=5242880) (custom)
2023-09-07 08:55:24,615 [main] INFO  server.RaftServerConfigKeys (ConfUtils.java:logGet(46)) - raft.server.rpc.request.timeout = 60s (custom)
2023-09-07 08:55:24,615 [main] INFO  grpc.GrpcConfigKeys (ConfUtils.java:logGet(46)) - raft.grpc.server.heartbeat.channel = true (default)
2023-09-07 08:55:24,615 [main] INFO  grpc.GrpcConfigKeys (ConfUtils.java:logGet(46)) - raft.grpc.server.async.request.thread.pool.cached = true (default)
2023-09-07 08:55:24,616 [main] INFO  grpc.GrpcConfigKeys (ConfUtils.java:logGet(46)) - raft.grpc.server.async.request.thread.pool.size = 32 (default)
2023-09-07 08:55:24,619 [main] INFO  impl.DataStreamServerImpl (ConfUtils.java:logGet(46)) - raft.datastream.type = NETTY (custom)
2023-09-07 08:55:24,619 [main] INFO  server.RaftServerConfigKeys (ConfUtils.java:logGet(46)) - raft.server.data-stream.async.request.thread.pool.cached = false (default)
2023-09-07 08:55:24,619 [main] INFO  server.RaftServerConfigKeys (ConfUtils.java:logGet(46)) - raft.server.data-stream.async.request.thread.pool.size = 20 (custom)
2023-09-07 08:55:24,619 [main] INFO  server.RaftServerConfigKeys (ConfUtils.java:logGet(46)) - raft.server.data-stream.async.write.thread.pool.size = 16 (default)
2023-09-07 08:55:24,619 [main] INFO  server.RaftServerConfigKeys (ConfUtils.java:logGet(46)) - raft.server.data-stream.client.pool.size = 10 (default)
2023-09-07 08:55:24,620 [main] INFO  netty.NettyConfigKeys$DataStream (ConfUtils.java:logGet(46)) - raft.netty.dataStream.server.use-epoll = false (default)
2023-09-07 08:55:24,620 [main] INFO  netty.NettyConfigKeys$DataStream (ConfUtils.java:logGet(46)) - raft.netty.dataStream.server.boss-group.size = 0 (default)
2023-09-07 08:55:24,620 [main] INFO  netty.NettyConfigKeys$DataStream (ConfUtils.java:logGet(46)) - raft.netty.dataStream.server.worker-group.size = 0 (default)
2023-09-07 08:55:24,621 [main] INFO  netty.NettyConfigKeys$DataStream (ConfUtils.java:logGet(46)) - raft.netty.dataStream.server.tls.conf = null (default)
2023-09-07 08:55:24,621 [main] INFO  netty.NettyConfigKeys$DataStream (ConfUtils.java:logGet(46)) - raft.netty.dataStream.host = null (default)
2023-09-07 08:55:24,622 [main] INFO  netty.NettyConfigKeys$DataStream (ConfUtils.java:logGet(46)) - raft.netty.dataStream.port = 15157 (custom)
2023-09-07 08:55:24,623 [main] INFO  server.RaftServerConfigKeys (ConfUtils.java:logGet(46)) - raft.server.threadpool.proxy.cached = true (default)
2023-09-07 08:55:24,624 [main] INFO  server.RaftServerConfigKeys (ConfUtils.java:logGet(46)) - raft.server.threadpool.proxy.size = 0 (default)
2023-09-07 08:55:24,624 [ce3bbe74-48b8-4e84-ab92-3c2bb9d4f215-NettyServerStreamRpc-bossGroup--thread1] INFO  logging.LoggingHandler (AbstractInternalLogger.java:log(148)) - [id: 0x108faec9] REGISTERED
2023-09-07 08:55:24,624 [main] INFO  server.RaftServerConfigKeys (ConfUtils.java:logGet(46)) - raft.server.rpc.slowness.timeout = 300s (custom)
2023-09-07 08:55:24,624 [ce3bbe74-48b8-4e84-ab92-3c2bb9d4f215-NettyServerStreamRpc-bossGroup--thread1] INFO  logging.LoggingHandler (AbstractInternalLogger.java:log(148)) - [id: 0x108faec9] BIND: 0.0.0.0/0.0.0.0:15157
2023-09-07 08:55:24,624 [main] INFO  server.RaftServerConfigKeys (ConfUtils.java:logGet(46)) - raft.server.leaderelection.leader.step-down.wait-time = 10s (default)
2023-09-07 08:55:24,624 [ce3bbe74-48b8-4e84-ab92-3c2bb9d4f215-NettyServerStreamRpc-bossGroup--thread1] INFO  logging.LoggingHandler (AbstractInternalLogger.java:log(148)) - [id: 0x108faec9, L:/0:0:0:0:0:0:0:0:15157] ACTIVE
2023-09-07 08:55:24,624 [main] INFO  server.RaftServerConfigKeys (ConfUtils.java:logGet(46)) - raft.server.storage.dir = [/home/runner/work/ozone/ozone/hadoop-ozone/integration-test/target/test-dir/MiniOzoneClusterImpl-06b57250-6369-4c93-9764-bbc94174df1e/datanode-4/data/ratis] (custom)
2023-09-07 08:55:24,625 [ce3bbe74-48b8-4e84-ab92-3c2bb9d4f215-impl-thread1] INFO  server.RaftServer (RaftServerProxy.java:initGroupDir(258)) - ce3bbe74-48b8-4e84-ab92-3c2bb9d4f215: found a subdirectory /home/runner/work/ozone/ozone/hadoop-ozone/integration-test/target/test-dir/MiniOzoneClusterImpl-06b57250-6369-4c93-9764-bbc94174df1e/datanode-4/data/ratis/tmp
2023-09-07 08:55:24,625 [ce3bbe74-48b8-4e84-ab92-3c2bb9d4f215-impl-thread1] INFO  server.RaftServer (RaftServerProxy.java:initGroupDir(263)) - ce3bbe74-48b8-4e84-ab92-3c2bb9d4f215: The directory /home/runner/work/ozone/ozone/hadoop-ozone/integration-test/target/test-dir/MiniOzoneClusterImpl-06b57250-6369-4c93-9764-bbc94174df1e/datanode-4/data/ratis/tmp is not a group directory; ignoring it. 
2023-09-07 08:55:24,629 [main] INFO  replication.ReplicationServer (ReplicationServer.java:<init>(81)) - Initializing replication server with thread count = 10
2023-09-07 08:55:24,634 [main] INFO  server.XceiverServerGrpc (XceiverServerGrpc.java:<init>(132)) - GrpcServer channel type EpollServerSocketChannel
2023-09-07 08:55:24,638 [main] INFO  replication.ReplicationSupervisor (ReplicationSupervisor.java:build(155)) - Initializing replication supervisor with thread count = 10
2023-09-07 08:55:24,638 [main] INFO  replication.ReplicationSupervisor (ReplicationSupervisor.java:nodeStateUpdated(307)) - Node state updated to IN_SERVICE, scaling executor pool size to 10
2023-09-07 08:55:24,642 [main] INFO  http.BaseHttpServer (BaseHttpServer.java:newHttpServer2BuilderForOzone(223)) - Starting Web-server for hddsDatanode at: http://0.0.0.0:15151
2023-09-07 08:55:24,642 [main] INFO  http.BaseHttpServer (BaseHttpServer.java:<init>(110)) - Hadoop Security Enabled: false Ozone Security Enabled: false Ozone HTTP Security Enabled: false 
2023-09-07 08:55:24,643 [main] WARN  server.AuthenticationFilter (AuthenticationFilter.java:constructSecretProvider(240)) - Unable to initialize FileSignerSecretProvider, falling back to use random secrets. Reason: Could not read signature secret file: /home/runner/hadoop-http-auth-signature-secret
2023-09-07 08:55:24,644 [main] INFO  http.HttpRequestLog (HttpRequestLog.java:getRequestLog(86)) - Http request log for http.requests.hddsDatanode is not defined
2023-09-07 08:55:24,645 [main] INFO  http.HttpServer2 (HttpServer2.java:addGlobalFilter(1031)) - Added global filter 'safety' (class=org.apache.hadoop.hdds.server.http.HttpServer2$QuotingInputFilter)
2023-09-07 08:55:24,646 [main] INFO  http.HttpServer2 (HttpServer2.java:addFilter(1007)) - Added filter static_user_filter (class=org.apache.hadoop.http.lib.StaticUserWebFilter$StaticUserFilter) to context hddsDatanode
2023-09-07 08:55:24,646 [main] INFO  http.HttpServer2 (HttpServer2.java:addFilter(1015)) - Added filter static_user_filter (class=org.apache.hadoop.http.lib.StaticUserWebFilter$StaticUserFilter) to context logs
2023-09-07 08:55:24,646 [main] INFO  http.HttpServer2 (HttpServer2.java:addFilter(1015)) - Added filter static_user_filter (class=org.apache.hadoop.http.lib.StaticUserWebFilter$StaticUserFilter) to context static
2023-09-07 08:55:24,649 [main] INFO  http.BaseHttpServer (BaseHttpServer.java:<init>(189)) - HTTP server of hddsDatanode uses base directory /home/runner/work/ozone/ozone/hadoop-ozone/integration-test/target/test-dir/MiniOzoneClusterImpl-06b57250-6369-4c93-9764-bbc94174df1e/datanode-4/meta/webserver
2023-09-07 08:55:24,649 [main] INFO  http.HttpServer2 (HttpServer2.java:bindListener(1231)) - Jetty bound to port 15151
2023-09-07 08:55:24,651 [main] INFO  server.Server (Server.java:doStart(375)) - jetty-9.4.51.v20230217; built: 2023-02-17T08:19:37.309Z; git: b45c405e4544384de066f814ed42ae3dceacdd49; jvm 1.8.0_382-b05
2023-09-07 08:55:24,653 [main] INFO  server.session (DefaultSessionIdManager.java:doStart(334)) - DefaultSessionIdManager workerName=node0
2023-09-07 08:55:24,653 [main] INFO  server.session (DefaultSessionIdManager.java:doStart(339)) - No SessionScavenger set, using defaults
2023-09-07 08:55:24,653 [main] INFO  server.session (HouseKeeper.java:startScavenging(132)) - node0 Scavenging every 600000ms
2023-09-07 08:55:24,655 [main] INFO  handler.ContextHandler (ContextHandler.java:doStart(921)) - Started o.e.j.s.ServletContextHandler@11868664{logs,/logs,file:///home/runner/work/ozone/ozone/hadoop-ozone/integration-test/target/log,AVAILABLE}
2023-09-07 08:55:24,655 [main] INFO  handler.ContextHandler (ContextHandler.java:doStart(921)) - Started o.e.j.s.ServletContextHandler@632c57c0{static,/static,jar:file:/home/runner/.m2/repository/org/apache/ozone/hdds-container-service/1.4.0-SNAPSHOT/hdds-container-service-1.4.0-SNAPSHOT.jar!/webapps/static,AVAILABLE}
2023-09-07 08:55:24,906 [main] INFO  handler.ContextHandler (ContextHandler.java:doStart(921)) - Started o.e.j.w.WebAppContext@5b04452{hddsDatanode,/,file:///home/runner/work/ozone/ozone/hadoop-ozone/integration-test/target/test-dir/MiniOzoneClusterImpl-06b57250-6369-4c93-9764-bbc94174df1e/datanode-4/meta/webserver/jetty-0_0_0_0-15151-hdds-container-service-1_4_0-SNAPSHOT_jar-_-any-8464539299067727222/webapp/,AVAILABLE}{jar:file:/home/runner/.m2/repository/org/apache/ozone/hdds-container-service/1.4.0-SNAPSHOT/hdds-container-service-1.4.0-SNAPSHOT.jar!/webapps/hddsDatanode}
2023-09-07 08:55:24,908 [main] INFO  server.AbstractConnector (AbstractConnector.java:doStart(333)) - Started ServerConnector@1b327a8f{HTTP/1.1, (http/1.1)}{0.0.0.0:15151}
2023-09-07 08:55:24,908 [main] INFO  server.Server (Server.java:doStart(415)) - Started @215247ms
2023-09-07 08:55:24,908 [main] WARN  impl.MetricsSystemImpl (MetricsSystemImpl.java:register(279)) - Sink prometheus already exists!
2023-09-07 08:55:24,910 [main] INFO  http.BaseHttpServer (BaseHttpServer.java:updateConnectorAddress(354)) - HTTP server of hddsDatanode listening at http://0.0.0.0:15151
2023-09-07 08:55:24,910 [main] INFO  ipc.CallQueueManager (CallQueueManager.java:<init>(90)) - Using callQueue: class java.util.concurrent.LinkedBlockingQueue, queueCapacity: 100, scheduler: class org.apache.hadoop.ipc.DefaultRpcScheduler, ipcBackoff: false.
2023-09-07 08:55:24,911 [main] INFO  ipc.Server (Server.java:<init>(1287)) - Listener at 0.0.0.0:15152
2023-09-07 08:55:24,911 [Socket Reader #1 for port 15152] INFO  ipc.Server (Server.java:run(1323)) - Starting Socket Reader #1 for port 15152
2023-09-07 08:55:24,913 [main] INFO  ozone.HddsDatanodeService (HddsDatanodeService.java:start(315)) - Datanode start with admins: [runner]
2023-09-07 08:55:24,913 [main] INFO  ozone.HddsDatanodeClientProtocolServer (HddsDatanodeClientProtocolServer.java:start(72)) - RPC server for Client /0.0.0.0:15152
2023-09-07 08:55:24,914 [IPC Server Responder] INFO  ipc.Server (Server.java:run(1562)) - IPC Server Responder: starting
2023-09-07 08:55:24,915 [IPC Server listener on 15152] INFO  ipc.Server (Server.java:run(1402)) - IPC Server listener on 15152: starting
2023-09-07 08:55:24,915 [main] INFO  ozone.MiniOzoneClusterImpl (MiniOzoneClusterImpl.java:lambda$waitForClusterToBeReady$0(224)) - Waiting for nodes to be ready. Got 0 of 5 DN Heartbeats.
2023-09-07 08:55:24,915 [main] INFO  ozone.MiniOzoneClusterImpl (MiniOzoneClusterImpl.java:lambda$waitForClusterToBeReady$0(227)) - Waiting for cluster to exit safe mode
2023-09-07 08:55:24,915 [main] INFO  ozone.MiniOzoneClusterImpl (MiniOzoneClusterImpl.java:lambda$waitForClusterToBeReady$0(229)) - SCM became leader
2023-09-07 08:55:24,918 [Datanode State Machine Daemon Thread] INFO  statemachine.DatanodeStateMachine (DatanodeStateMachine.java:lambda$startDaemon$0(538)) - Ozone container server started.
2023-09-07 08:55:24,925 [Datanode State Machine Task Thread - 0] INFO  datanode.InitDatanodeState (InitDatanodeState.java:persistContainerDatanodeDetails(138)) - DatanodeDetails is persisted to /home/runner/work/ozone/ozone/hadoop-ozone/integration-test/target/test-dir/MiniOzoneClusterImpl-06b57250-6369-4c93-9764-bbc94174df1e/datanode-4/meta/datanode.id
2023-09-07 08:55:25,515 [EndpointStateMachine task thread for /0.0.0.0:15108 - 0 ] INFO  utils.DatanodeStoreCache (DatanodeStoreCache.java:addDB(66)) - Added db /home/runner/work/ozone/ozone/hadoop-ozone/integration-test/target/test-dir/MiniOzoneClusterImpl-06b57250-6369-4c93-9764-bbc94174df1e/datanode-0/data-0/containers/hdds/06b57250-6369-4c93-9764-bbc94174df1e/DS-b08655ad-2368-4d7b-ac47-ce7d1bd2b179/container.db to cache
2023-09-07 08:55:25,516 [EndpointStateMachine task thread for /0.0.0.0:15108 - 0 ] INFO  volume.HddsVolume (HddsVolume.java:createDbStore(422)) - SchemaV3 db is created and loaded at /home/runner/work/ozone/ozone/hadoop-ozone/integration-test/target/test-dir/MiniOzoneClusterImpl-06b57250-6369-4c93-9764-bbc94174df1e/datanode-0/data-0/containers/hdds/06b57250-6369-4c93-9764-bbc94174df1e/DS-b08655ad-2368-4d7b-ac47-ce7d1bd2b179/container.db for volume DS-b08655ad-2368-4d7b-ac47-ce7d1bd2b179
2023-09-07 08:55:25,516 [EndpointStateMachine task thread for /0.0.0.0:15108 - 0 ] INFO  volume.ThrottledAsyncChecker (ThrottledAsyncChecker.java:schedule(141)) - Scheduling a check for /home/runner/work/ozone/ozone/hadoop-ozone/integration-test/target/test-dir/MiniOzoneClusterImpl-06b57250-6369-4c93-9764-bbc94174df1e/datanode-0/data-0/containers/hdds
2023-09-07 08:55:25,517 [EndpointStateMachine task thread for /0.0.0.0:15108 - 0 ] INFO  volume.StorageVolumeChecker (StorageVolumeChecker.java:checkAllVolumes(213)) - Scheduled health check for volume /home/runner/work/ozone/ozone/hadoop-ozone/integration-test/target/test-dir/MiniOzoneClusterImpl-06b57250-6369-4c93-9764-bbc94174df1e/datanode-0/data-0/containers/hdds
2023-09-07 08:55:25,521 [EndpointStateMachine task thread for /0.0.0.0:15108 - 0 ] INFO  volume.ThrottledAsyncChecker (ThrottledAsyncChecker.java:schedule(141)) - Scheduling a check for /home/runner/work/ozone/ozone/hadoop-ozone/integration-test/target/test-dir/MiniOzoneClusterImpl-06b57250-6369-4c93-9764-bbc94174df1e/datanode-0/data/ratis
2023-09-07 08:55:25,521 [EndpointStateMachine task thread for /0.0.0.0:15108 - 0 ] INFO  volume.StorageVolumeChecker (StorageVolumeChecker.java:checkAllVolumes(213)) - Scheduled health check for volume /home/runner/work/ozone/ozone/hadoop-ozone/integration-test/target/test-dir/MiniOzoneClusterImpl-06b57250-6369-4c93-9764-bbc94174df1e/datanode-0/data/ratis
2023-09-07 08:55:25,539 [EndpointStateMachine task thread for /0.0.0.0:15108 - 0 ] INFO  ozoneimpl.OzoneContainer (OzoneContainer.java:start(429)) - Attempting to start container services.
2023-09-07 08:55:25,540 [EndpointStateMachine task thread for /0.0.0.0:15108 - 0 ] INFO  ozoneimpl.OzoneContainer (OzoneContainer.java:startContainerScrub(325)) - Scheduled background container scanners and the on-demand container scanner have been disabled.
2023-09-07 08:55:25,541 [EndpointStateMachine task thread for /0.0.0.0:15108 - 0 ] INFO  replication.ReplicationServer (ReplicationServer.java:start(130)) - ReplicationServer is started using port 15122
2023-09-07 08:55:25,541 [EndpointStateMachine task thread for /0.0.0.0:15108 - 0 ] INFO  ratis.XceiverServerRatis (XceiverServerRatis.java:start(517)) - Starting XceiverServerRatis 5b4afb20-df00-40b2-9151-744536d77108
2023-09-07 08:55:25,542 [EndpointStateMachine task thread for /0.0.0.0:15108 - 0 ] INFO  server.RaftServer (RaftServerProxy.java:startImpl(400)) - 5b4afb20-df00-40b2-9151-744536d77108: start RPC server
2023-09-07 08:55:25,544 [EndpointStateMachine task thread for /0.0.0.0:15108 - 0 ] INFO  server.GrpcService (GrpcService.java:startImpl(302)) - 5b4afb20-df00-40b2-9151-744536d77108: GrpcService started, listening on 15118
2023-09-07 08:55:25,546 [EndpointStateMachine task thread for /0.0.0.0:15108 - 0 ] INFO  server.GrpcService (GrpcService.java:startImpl(302)) - 5b4afb20-df00-40b2-9151-744536d77108: GrpcService started, listening on 15120
2023-09-07 08:55:25,547 [EndpointStateMachine task thread for /0.0.0.0:15108 - 0 ] INFO  server.GrpcService (GrpcService.java:startImpl(302)) - 5b4afb20-df00-40b2-9151-744536d77108: GrpcService started, listening on 15119
2023-09-07 08:55:25,548 [EndpointStateMachine task thread for /0.0.0.0:15108 - 0 ] INFO  ratis.XceiverServerRatis (XceiverServerRatis.java:getRealPort(543)) - XceiverServerRatis 5b4afb20-df00-40b2-9151-744536d77108 is started using port 15118 for RATIS
2023-09-07 08:55:25,548 [JvmPauseMonitor16] INFO  util.JvmPauseMonitor (JvmPauseMonitor.java:run(103)) - JvmPauseMonitor-5b4afb20-df00-40b2-9151-744536d77108: Started
2023-09-07 08:55:25,548 [EndpointStateMachine task thread for /0.0.0.0:15108 - 0 ] INFO  ratis.XceiverServerRatis (XceiverServerRatis.java:getRealPort(543)) - XceiverServerRatis 5b4afb20-df00-40b2-9151-744536d77108 is started using port 15119 for RATIS_ADMIN
2023-09-07 08:55:25,548 [EndpointStateMachine task thread for /0.0.0.0:15108 - 0 ] INFO  ratis.XceiverServerRatis (XceiverServerRatis.java:getRealPort(543)) - XceiverServerRatis 5b4afb20-df00-40b2-9151-744536d77108 is started using port 15120 for RATIS_SERVER
2023-09-07 08:55:25,548 [EndpointStateMachine task thread for /0.0.0.0:15108 - 0 ] INFO  ratis.XceiverServerRatis (XceiverServerRatis.java:getRealPort(543)) - XceiverServerRatis 5b4afb20-df00-40b2-9151-744536d77108 is started using port 15121 for RATIS_DATASTREAM
2023-09-07 08:55:25,561 [BlockDeletingService#0] INFO  interfaces.ContainerDeletionChoosingPolicyTemplate (ContainerDeletionChoosingPolicyTemplate.java:chooseContainerForBlockDeletion(85)) - Chosen 0/5000 blocks from 0 candidate containers.
2023-09-07 08:55:25,893 [EndpointStateMachine task thread for /0.0.0.0:15108 - 0 ] INFO  utils.DatanodeStoreCache (DatanodeStoreCache.java:addDB(66)) - Added db /home/runner/work/ozone/ozone/hadoop-ozone/integration-test/target/test-dir/MiniOzoneClusterImpl-06b57250-6369-4c93-9764-bbc94174df1e/datanode-1/data-0/containers/hdds/06b57250-6369-4c93-9764-bbc94174df1e/DS-81bebe36-5531-4286-a243-1c9942889c33/container.db to cache
2023-09-07 08:55:25,893 [EndpointStateMachine task thread for /0.0.0.0:15108 - 0 ] INFO  volume.HddsVolume (HddsVolume.java:createDbStore(422)) - SchemaV3 db is created and loaded at /home/runner/work/ozone/ozone/hadoop-ozone/integration-test/target/test-dir/MiniOzoneClusterImpl-06b57250-6369-4c93-9764-bbc94174df1e/datanode-1/data-0/containers/hdds/06b57250-6369-4c93-9764-bbc94174df1e/DS-81bebe36-5531-4286-a243-1c9942889c33/container.db for volume DS-81bebe36-5531-4286-a243-1c9942889c33
2023-09-07 08:55:25,894 [EndpointStateMachine task thread for /0.0.0.0:15108 - 0 ] INFO  volume.ThrottledAsyncChecker (ThrottledAsyncChecker.java:schedule(141)) - Scheduling a check for /home/runner/work/ozone/ozone/hadoop-ozone/integration-test/target/test-dir/MiniOzoneClusterImpl-06b57250-6369-4c93-9764-bbc94174df1e/datanode-1/data-0/containers/hdds
2023-09-07 08:55:25,896 [EndpointStateMachine task thread for /0.0.0.0:15108 - 0 ] INFO  volume.StorageVolumeChecker (StorageVolumeChecker.java:checkAllVolumes(213)) - Scheduled health check for volume /home/runner/work/ozone/ozone/hadoop-ozone/integration-test/target/test-dir/MiniOzoneClusterImpl-06b57250-6369-4c93-9764-bbc94174df1e/datanode-1/data-0/containers/hdds
2023-09-07 08:55:25,905 [EndpointStateMachine task thread for /0.0.0.0:15108 - 0 ] INFO  volume.ThrottledAsyncChecker (ThrottledAsyncChecker.java:schedule(141)) - Scheduling a check for /home/runner/work/ozone/ozone/hadoop-ozone/integration-test/target/test-dir/MiniOzoneClusterImpl-06b57250-6369-4c93-9764-bbc94174df1e/datanode-1/data/ratis
2023-09-07 08:55:25,905 [EndpointStateMachine task thread for /0.0.0.0:15108 - 0 ] INFO  volume.StorageVolumeChecker (StorageVolumeChecker.java:checkAllVolumes(213)) - Scheduled health check for volume /home/runner/work/ozone/ozone/hadoop-ozone/integration-test/target/test-dir/MiniOzoneClusterImpl-06b57250-6369-4c93-9764-bbc94174df1e/datanode-1/data/ratis
2023-09-07 08:55:25,908 [EndpointStateMachine task thread for /0.0.0.0:15108 - 0 ] INFO  ozoneimpl.OzoneContainer (OzoneContainer.java:start(429)) - Attempting to start container services.
2023-09-07 08:55:25,908 [EndpointStateMachine task thread for /0.0.0.0:15108 - 0 ] INFO  ozoneimpl.OzoneContainer (OzoneContainer.java:startContainerScrub(325)) - Scheduled background container scanners and the on-demand container scanner have been disabled.
2023-09-07 08:55:25,909 [EndpointStateMachine task thread for /0.0.0.0:15108 - 0 ] INFO  replication.ReplicationServer (ReplicationServer.java:start(130)) - ReplicationServer is started using port 15131
2023-09-07 08:55:25,909 [EndpointStateMachine task thread for /0.0.0.0:15108 - 0 ] INFO  ratis.XceiverServerRatis (XceiverServerRatis.java:start(517)) - Starting XceiverServerRatis a9310303-e7f9-4a41-8a27-a7a2ce3a6d76
2023-09-07 08:55:25,913 [EndpointStateMachine task thread for /0.0.0.0:15108 - 0 ] INFO  server.RaftServer (RaftServerProxy.java:startImpl(400)) - a9310303-e7f9-4a41-8a27-a7a2ce3a6d76: start RPC server
2023-09-07 08:55:25,915 [EndpointStateMachine task thread for /0.0.0.0:15108 - 0 ] INFO  server.GrpcService (GrpcService.java:startImpl(302)) - a9310303-e7f9-4a41-8a27-a7a2ce3a6d76: GrpcService started, listening on 15127
2023-09-07 08:55:25,916 [main] INFO  ozone.MiniOzoneClusterImpl (MiniOzoneClusterImpl.java:lambda$waitForClusterToBeReady$0(224)) - Waiting for nodes to be ready. Got 0 of 5 DN Heartbeats.
2023-09-07 08:55:25,916 [main] INFO  ozone.MiniOzoneClusterImpl (MiniOzoneClusterImpl.java:lambda$waitForClusterToBeReady$0(227)) - Waiting for cluster to exit safe mode
2023-09-07 08:55:25,916 [main] INFO  ozone.MiniOzoneClusterImpl (MiniOzoneClusterImpl.java:lambda$waitForClusterToBeReady$0(229)) - SCM became leader
2023-09-07 08:55:25,916 [EndpointStateMachine task thread for /0.0.0.0:15108 - 0 ] INFO  server.GrpcService (GrpcService.java:startImpl(302)) - a9310303-e7f9-4a41-8a27-a7a2ce3a6d76: GrpcService started, listening on 15129
2023-09-07 08:55:25,917 [EndpointStateMachine task thread for /0.0.0.0:15108 - 0 ] INFO  server.GrpcService (GrpcService.java:startImpl(302)) - a9310303-e7f9-4a41-8a27-a7a2ce3a6d76: GrpcService started, listening on 15128
2023-09-07 08:55:25,917 [EndpointStateMachine task thread for /0.0.0.0:15108 - 0 ] INFO  ratis.XceiverServerRatis (XceiverServerRatis.java:getRealPort(543)) - XceiverServerRatis a9310303-e7f9-4a41-8a27-a7a2ce3a6d76 is started using port 15127 for RATIS
2023-09-07 08:55:25,917 [JvmPauseMonitor17] INFO  util.JvmPauseMonitor (JvmPauseMonitor.java:run(103)) - JvmPauseMonitor-a9310303-e7f9-4a41-8a27-a7a2ce3a6d76: Started
2023-09-07 08:55:25,917 [EndpointStateMachine task thread for /0.0.0.0:15108 - 0 ] INFO  ratis.XceiverServerRatis (XceiverServerRatis.java:getRealPort(543)) - XceiverServerRatis a9310303-e7f9-4a41-8a27-a7a2ce3a6d76 is started using port 15128 for RATIS_ADMIN
2023-09-07 08:55:25,918 [EndpointStateMachine task thread for /0.0.0.0:15108 - 0 ] INFO  ratis.XceiverServerRatis (XceiverServerRatis.java:getRealPort(543)) - XceiverServerRatis a9310303-e7f9-4a41-8a27-a7a2ce3a6d76 is started using port 15129 for RATIS_SERVER
2023-09-07 08:55:25,918 [EndpointStateMachine task thread for /0.0.0.0:15108 - 0 ] INFO  ratis.XceiverServerRatis (XceiverServerRatis.java:getRealPort(543)) - XceiverServerRatis a9310303-e7f9-4a41-8a27-a7a2ce3a6d76 is started using port 15130 for RATIS_DATASTREAM
2023-09-07 08:55:25,921 [BlockDeletingService#0] INFO  interfaces.ContainerDeletionChoosingPolicyTemplate (ContainerDeletionChoosingPolicyTemplate.java:chooseContainerForBlockDeletion(85)) - Chosen 0/5000 blocks from 0 candidate containers.
2023-09-07 08:55:26,264 [EndpointStateMachine task thread for /0.0.0.0:15108 - 0 ] INFO  utils.DatanodeStoreCache (DatanodeStoreCache.java:addDB(66)) - Added db /home/runner/work/ozone/ozone/hadoop-ozone/integration-test/target/test-dir/MiniOzoneClusterImpl-06b57250-6369-4c93-9764-bbc94174df1e/datanode-2/data-0/containers/hdds/06b57250-6369-4c93-9764-bbc94174df1e/DS-6d33a3ec-d014-4e2b-89a4-32aad1b70bd6/container.db to cache
2023-09-07 08:55:26,264 [EndpointStateMachine task thread for /0.0.0.0:15108 - 0 ] INFO  volume.HddsVolume (HddsVolume.java:createDbStore(422)) - SchemaV3 db is created and loaded at /home/runner/work/ozone/ozone/hadoop-ozone/integration-test/target/test-dir/MiniOzoneClusterImpl-06b57250-6369-4c93-9764-bbc94174df1e/datanode-2/data-0/containers/hdds/06b57250-6369-4c93-9764-bbc94174df1e/DS-6d33a3ec-d014-4e2b-89a4-32aad1b70bd6/container.db for volume DS-6d33a3ec-d014-4e2b-89a4-32aad1b70bd6
2023-09-07 08:55:26,265 [EndpointStateMachine task thread for /0.0.0.0:15108 - 0 ] INFO  volume.ThrottledAsyncChecker (ThrottledAsyncChecker.java:schedule(141)) - Scheduling a check for /home/runner/work/ozone/ozone/hadoop-ozone/integration-test/target/test-dir/MiniOzoneClusterImpl-06b57250-6369-4c93-9764-bbc94174df1e/datanode-2/data-0/containers/hdds
2023-09-07 08:55:26,265 [EndpointStateMachine task thread for /0.0.0.0:15108 - 0 ] INFO  volume.StorageVolumeChecker (StorageVolumeChecker.java:checkAllVolumes(213)) - Scheduled health check for volume /home/runner/work/ozone/ozone/hadoop-ozone/integration-test/target/test-dir/MiniOzoneClusterImpl-06b57250-6369-4c93-9764-bbc94174df1e/datanode-2/data-0/containers/hdds
2023-09-07 08:55:26,268 [EndpointStateMachine task thread for /0.0.0.0:15108 - 0 ] INFO  volume.ThrottledAsyncChecker (ThrottledAsyncChecker.java:schedule(141)) - Scheduling a check for /home/runner/work/ozone/ozone/hadoop-ozone/integration-test/target/test-dir/MiniOzoneClusterImpl-06b57250-6369-4c93-9764-bbc94174df1e/datanode-2/data/ratis
2023-09-07 08:55:26,269 [EndpointStateMachine task thread for /0.0.0.0:15108 - 0 ] INFO  volume.StorageVolumeChecker (StorageVolumeChecker.java:checkAllVolumes(213)) - Scheduled health check for volume /home/runner/work/ozone/ozone/hadoop-ozone/integration-test/target/test-dir/MiniOzoneClusterImpl-06b57250-6369-4c93-9764-bbc94174df1e/datanode-2/data/ratis
2023-09-07 08:55:26,277 [EndpointStateMachine task thread for /0.0.0.0:15108 - 0 ] INFO  ozoneimpl.OzoneContainer (OzoneContainer.java:start(429)) - Attempting to start container services.
2023-09-07 08:55:26,277 [EndpointStateMachine task thread for /0.0.0.0:15108 - 0 ] INFO  ozoneimpl.OzoneContainer (OzoneContainer.java:startContainerScrub(325)) - Scheduled background container scanners and the on-demand container scanner have been disabled.
2023-09-07 08:55:26,279 [EndpointStateMachine task thread for /0.0.0.0:15108 - 0 ] INFO  replication.ReplicationServer (ReplicationServer.java:start(130)) - ReplicationServer is started using port 15140
2023-09-07 08:55:26,279 [EndpointStateMachine task thread for /0.0.0.0:15108 - 0 ] INFO  ratis.XceiverServerRatis (XceiverServerRatis.java:start(517)) - Starting XceiverServerRatis a16823de-594d-4810-9c20-2473ba2acfd2
2023-09-07 08:55:26,282 [EndpointStateMachine task thread for /0.0.0.0:15108 - 0 ] INFO  server.RaftServer (RaftServerProxy.java:startImpl(400)) - a16823de-594d-4810-9c20-2473ba2acfd2: start RPC server
2023-09-07 08:55:26,283 [EndpointStateMachine task thread for /0.0.0.0:15108 - 0 ] INFO  server.GrpcService (GrpcService.java:startImpl(302)) - a16823de-594d-4810-9c20-2473ba2acfd2: GrpcService started, listening on 15136
2023-09-07 08:55:26,284 [EndpointStateMachine task thread for /0.0.0.0:15108 - 0 ] INFO  server.GrpcService (GrpcService.java:startImpl(302)) - a16823de-594d-4810-9c20-2473ba2acfd2: GrpcService started, listening on 15138
2023-09-07 08:55:26,285 [EndpointStateMachine task thread for /0.0.0.0:15108 - 0 ] INFO  server.GrpcService (GrpcService.java:startImpl(302)) - a16823de-594d-4810-9c20-2473ba2acfd2: GrpcService started, listening on 15137
2023-09-07 08:55:26,286 [EndpointStateMachine task thread for /0.0.0.0:15108 - 0 ] INFO  ratis.XceiverServerRatis (XceiverServerRatis.java:getRealPort(543)) - XceiverServerRatis a16823de-594d-4810-9c20-2473ba2acfd2 is started using port 15136 for RATIS
2023-09-07 08:55:26,286 [JvmPauseMonitor18] INFO  util.JvmPauseMonitor (JvmPauseMonitor.java:run(103)) - JvmPauseMonitor-a16823de-594d-4810-9c20-2473ba2acfd2: Started
2023-09-07 08:55:26,287 [EndpointStateMachine task thread for /0.0.0.0:15108 - 0 ] INFO  ratis.XceiverServerRatis (XceiverServerRatis.java:getRealPort(543)) - XceiverServerRatis a16823de-594d-4810-9c20-2473ba2acfd2 is started using port 15137 for RATIS_ADMIN
2023-09-07 08:55:26,287 [EndpointStateMachine task thread for /0.0.0.0:15108 - 0 ] INFO  ratis.XceiverServerRatis (XceiverServerRatis.java:getRealPort(543)) - XceiverServerRatis a16823de-594d-4810-9c20-2473ba2acfd2 is started using port 15138 for RATIS_SERVER
2023-09-07 08:55:26,287 [EndpointStateMachine task thread for /0.0.0.0:15108 - 0 ] INFO  ratis.XceiverServerRatis (XceiverServerRatis.java:getRealPort(543)) - XceiverServerRatis a16823de-594d-4810-9c20-2473ba2acfd2 is started using port 15139 for RATIS_DATASTREAM
2023-09-07 08:55:26,291 [BlockDeletingService#0] INFO  interfaces.ContainerDeletionChoosingPolicyTemplate (ContainerDeletionChoosingPolicyTemplate.java:chooseContainerForBlockDeletion(85)) - Chosen 0/5000 blocks from 0 candidate containers.
2023-09-07 08:55:26,604 [EndpointStateMachine task thread for /0.0.0.0:15108 - 0 ] INFO  utils.DatanodeStoreCache (DatanodeStoreCache.java:addDB(66)) - Added db /home/runner/work/ozone/ozone/hadoop-ozone/integration-test/target/test-dir/MiniOzoneClusterImpl-06b57250-6369-4c93-9764-bbc94174df1e/datanode-3/data-0/containers/hdds/06b57250-6369-4c93-9764-bbc94174df1e/DS-f5822e31-18c9-49c1-8bc0-81b091c79eed/container.db to cache
2023-09-07 08:55:26,604 [EndpointStateMachine task thread for /0.0.0.0:15108 - 0 ] INFO  volume.HddsVolume (HddsVolume.java:createDbStore(422)) - SchemaV3 db is created and loaded at /home/runner/work/ozone/ozone/hadoop-ozone/integration-test/target/test-dir/MiniOzoneClusterImpl-06b57250-6369-4c93-9764-bbc94174df1e/datanode-3/data-0/containers/hdds/06b57250-6369-4c93-9764-bbc94174df1e/DS-f5822e31-18c9-49c1-8bc0-81b091c79eed/container.db for volume DS-f5822e31-18c9-49c1-8bc0-81b091c79eed
2023-09-07 08:55:26,605 [EndpointStateMachine task thread for /0.0.0.0:15108 - 0 ] INFO  volume.ThrottledAsyncChecker (ThrottledAsyncChecker.java:schedule(141)) - Scheduling a check for /home/runner/work/ozone/ozone/hadoop-ozone/integration-test/target/test-dir/MiniOzoneClusterImpl-06b57250-6369-4c93-9764-bbc94174df1e/datanode-3/data-0/containers/hdds
2023-09-07 08:55:26,608 [EndpointStateMachine task thread for /0.0.0.0:15108 - 0 ] INFO  volume.StorageVolumeChecker (StorageVolumeChecker.java:checkAllVolumes(213)) - Scheduled health check for volume /home/runner/work/ozone/ozone/hadoop-ozone/integration-test/target/test-dir/MiniOzoneClusterImpl-06b57250-6369-4c93-9764-bbc94174df1e/datanode-3/data-0/containers/hdds
2023-09-07 08:55:26,611 [EndpointStateMachine task thread for /0.0.0.0:15108 - 0 ] INFO  volume.ThrottledAsyncChecker (ThrottledAsyncChecker.java:schedule(141)) - Scheduling a check for /home/runner/work/ozone/ozone/hadoop-ozone/integration-test/target/test-dir/MiniOzoneClusterImpl-06b57250-6369-4c93-9764-bbc94174df1e/datanode-3/data/ratis
2023-09-07 08:55:26,611 [EndpointStateMachine task thread for /0.0.0.0:15108 - 0 ] INFO  volume.StorageVolumeChecker (StorageVolumeChecker.java:checkAllVolumes(213)) - Scheduled health check for volume /home/runner/work/ozone/ozone/hadoop-ozone/integration-test/target/test-dir/MiniOzoneClusterImpl-06b57250-6369-4c93-9764-bbc94174df1e/datanode-3/data/ratis
2023-09-07 08:55:26,612 [EndpointStateMachine task thread for /0.0.0.0:15108 - 0 ] INFO  ozoneimpl.OzoneContainer (OzoneContainer.java:start(429)) - Attempting to start container services.
2023-09-07 08:55:26,612 [EndpointStateMachine task thread for /0.0.0.0:15108 - 0 ] INFO  ozoneimpl.OzoneContainer (OzoneContainer.java:startContainerScrub(325)) - Scheduled background container scanners and the on-demand container scanner have been disabled.
2023-09-07 08:55:26,614 [EndpointStateMachine task thread for /0.0.0.0:15108 - 0 ] INFO  replication.ReplicationServer (ReplicationServer.java:start(130)) - ReplicationServer is started using port 15149
2023-09-07 08:55:26,614 [EndpointStateMachine task thread for /0.0.0.0:15108 - 0 ] INFO  ratis.XceiverServerRatis (XceiverServerRatis.java:start(517)) - Starting XceiverServerRatis 59e7d543-5a74-4c1b-8513-ed64d8264a1e
2023-09-07 08:55:26,618 [EndpointStateMachine task thread for /0.0.0.0:15108 - 0 ] INFO  server.RaftServer (RaftServerProxy.java:startImpl(400)) - 59e7d543-5a74-4c1b-8513-ed64d8264a1e: start RPC server
2023-09-07 08:55:26,619 [EndpointStateMachine task thread for /0.0.0.0:15108 - 0 ] INFO  server.GrpcService (GrpcService.java:startImpl(302)) - 59e7d543-5a74-4c1b-8513-ed64d8264a1e: GrpcService started, listening on 15145
2023-09-07 08:55:26,622 [EndpointStateMachine task thread for /0.0.0.0:15108 - 0 ] INFO  server.GrpcService (GrpcService.java:startImpl(302)) - 59e7d543-5a74-4c1b-8513-ed64d8264a1e: GrpcService started, listening on 15147
2023-09-07 08:55:26,625 [EndpointStateMachine task thread for /0.0.0.0:15108 - 0 ] INFO  server.GrpcService (GrpcService.java:startImpl(302)) - 59e7d543-5a74-4c1b-8513-ed64d8264a1e: GrpcService started, listening on 15146
2023-09-07 08:55:26,627 [EndpointStateMachine task thread for /0.0.0.0:15108 - 0 ] INFO  ratis.XceiverServerRatis (XceiverServerRatis.java:getRealPort(543)) - XceiverServerRatis 59e7d543-5a74-4c1b-8513-ed64d8264a1e is started using port 15145 for RATIS
2023-09-07 08:55:26,628 [EndpointStateMachine task thread for /0.0.0.0:15108 - 0 ] INFO  ratis.XceiverServerRatis (XceiverServerRatis.java:getRealPort(543)) - XceiverServerRatis 59e7d543-5a74-4c1b-8513-ed64d8264a1e is started using port 15146 for RATIS_ADMIN
2023-09-07 08:55:26,628 [JvmPauseMonitor19] INFO  util.JvmPauseMonitor (JvmPauseMonitor.java:run(103)) - JvmPauseMonitor-59e7d543-5a74-4c1b-8513-ed64d8264a1e: Started
2023-09-07 08:55:26,628 [EndpointStateMachine task thread for /0.0.0.0:15108 - 0 ] INFO  ratis.XceiverServerRatis (XceiverServerRatis.java:getRealPort(543)) - XceiverServerRatis 59e7d543-5a74-4c1b-8513-ed64d8264a1e is started using port 15147 for RATIS_SERVER
2023-09-07 08:55:26,628 [EndpointStateMachine task thread for /0.0.0.0:15108 - 0 ] INFO  ratis.XceiverServerRatis (XceiverServerRatis.java:getRealPort(543)) - XceiverServerRatis 59e7d543-5a74-4c1b-8513-ed64d8264a1e is started using port 15148 for RATIS_DATASTREAM
2023-09-07 08:55:26,630 [BlockDeletingService#0] INFO  interfaces.ContainerDeletionChoosingPolicyTemplate (ContainerDeletionChoosingPolicyTemplate.java:chooseContainerForBlockDeletion(85)) - Chosen 0/5000 blocks from 0 candidate containers.
2023-09-07 08:55:26,916 [main] INFO  ozone.MiniOzoneClusterImpl (MiniOzoneClusterImpl.java:lambda$waitForClusterToBeReady$0(224)) - Waiting for nodes to be ready. Got 0 of 5 DN Heartbeats.
2023-09-07 08:55:26,917 [main] INFO  ozone.MiniOzoneClusterImpl (MiniOzoneClusterImpl.java:lambda$waitForClusterToBeReady$0(227)) - Waiting for cluster to exit safe mode
2023-09-07 08:55:26,917 [main] INFO  ozone.MiniOzoneClusterImpl (MiniOzoneClusterImpl.java:lambda$waitForClusterToBeReady$0(229)) - SCM became leader
2023-09-07 08:55:26,961 [EndpointStateMachine task thread for /0.0.0.0:15108 - 0 ] INFO  utils.DatanodeStoreCache (DatanodeStoreCache.java:addDB(66)) - Added db /home/runner/work/ozone/ozone/hadoop-ozone/integration-test/target/test-dir/MiniOzoneClusterImpl-06b57250-6369-4c93-9764-bbc94174df1e/datanode-4/data-0/containers/hdds/06b57250-6369-4c93-9764-bbc94174df1e/DS-5bcf51e8-a694-4f68-b7ab-bc05f3830439/container.db to cache
2023-09-07 08:55:26,961 [EndpointStateMachine task thread for /0.0.0.0:15108 - 0 ] INFO  volume.HddsVolume (HddsVolume.java:createDbStore(422)) - SchemaV3 db is created and loaded at /home/runner/work/ozone/ozone/hadoop-ozone/integration-test/target/test-dir/MiniOzoneClusterImpl-06b57250-6369-4c93-9764-bbc94174df1e/datanode-4/data-0/containers/hdds/06b57250-6369-4c93-9764-bbc94174df1e/DS-5bcf51e8-a694-4f68-b7ab-bc05f3830439/container.db for volume DS-5bcf51e8-a694-4f68-b7ab-bc05f3830439
2023-09-07 08:55:26,962 [EndpointStateMachine task thread for /0.0.0.0:15108 - 0 ] INFO  volume.ThrottledAsyncChecker (ThrottledAsyncChecker.java:schedule(141)) - Scheduling a check for /home/runner/work/ozone/ozone/hadoop-ozone/integration-test/target/test-dir/MiniOzoneClusterImpl-06b57250-6369-4c93-9764-bbc94174df1e/datanode-4/data-0/containers/hdds
2023-09-07 08:55:26,965 [EndpointStateMachine task thread for /0.0.0.0:15108 - 0 ] INFO  volume.StorageVolumeChecker (StorageVolumeChecker.java:checkAllVolumes(213)) - Scheduled health check for volume /home/runner/work/ozone/ozone/hadoop-ozone/integration-test/target/test-dir/MiniOzoneClusterImpl-06b57250-6369-4c93-9764-bbc94174df1e/datanode-4/data-0/containers/hdds
2023-09-07 08:55:26,967 [EndpointStateMachine task thread for /0.0.0.0:15108 - 0 ] INFO  volume.ThrottledAsyncChecker (ThrottledAsyncChecker.java:schedule(141)) - Scheduling a check for /home/runner/work/ozone/ozone/hadoop-ozone/integration-test/target/test-dir/MiniOzoneClusterImpl-06b57250-6369-4c93-9764-bbc94174df1e/datanode-4/data/ratis
2023-09-07 08:55:26,967 [EndpointStateMachine task thread for /0.0.0.0:15108 - 0 ] INFO  volume.StorageVolumeChecker (StorageVolumeChecker.java:checkAllVolumes(213)) - Scheduled health check for volume /home/runner/work/ozone/ozone/hadoop-ozone/integration-test/target/test-dir/MiniOzoneClusterImpl-06b57250-6369-4c93-9764-bbc94174df1e/datanode-4/data/ratis
2023-09-07 08:55:26,969 [EndpointStateMachine task thread for /0.0.0.0:15108 - 0 ] INFO  ozoneimpl.OzoneContainer (OzoneContainer.java:start(429)) - Attempting to start container services.
2023-09-07 08:55:26,970 [EndpointStateMachine task thread for /0.0.0.0:15108 - 0 ] INFO  ozoneimpl.OzoneContainer (OzoneContainer.java:startContainerScrub(325)) - Scheduled background container scanners and the on-demand container scanner have been disabled.
2023-09-07 08:55:26,971 [EndpointStateMachine task thread for /0.0.0.0:15108 - 0 ] INFO  replication.ReplicationServer (ReplicationServer.java:start(130)) - ReplicationServer is started using port 15158
2023-09-07 08:55:26,971 [EndpointStateMachine task thread for /0.0.0.0:15108 - 0 ] INFO  ratis.XceiverServerRatis (XceiverServerRatis.java:start(517)) - Starting XceiverServerRatis ce3bbe74-48b8-4e84-ab92-3c2bb9d4f215
2023-09-07 08:55:26,976 [EndpointStateMachine task thread for /0.0.0.0:15108 - 0 ] INFO  server.RaftServer (RaftServerProxy.java:startImpl(400)) - ce3bbe74-48b8-4e84-ab92-3c2bb9d4f215: start RPC server
2023-09-07 08:55:26,978 [EndpointStateMachine task thread for /0.0.0.0:15108 - 0 ] INFO  server.GrpcService (GrpcService.java:startImpl(302)) - ce3bbe74-48b8-4e84-ab92-3c2bb9d4f215: GrpcService started, listening on 15154
2023-09-07 08:55:26,981 [EndpointStateMachine task thread for /0.0.0.0:15108 - 0 ] INFO  server.GrpcService (GrpcService.java:startImpl(302)) - ce3bbe74-48b8-4e84-ab92-3c2bb9d4f215: GrpcService started, listening on 15156
2023-09-07 08:55:26,982 [EndpointStateMachine task thread for /0.0.0.0:15108 - 0 ] INFO  server.GrpcService (GrpcService.java:startImpl(302)) - ce3bbe74-48b8-4e84-ab92-3c2bb9d4f215: GrpcService started, listening on 15155
2023-09-07 08:55:26,984 [EndpointStateMachine task thread for /0.0.0.0:15108 - 0 ] INFO  ratis.XceiverServerRatis (XceiverServerRatis.java:getRealPort(543)) - XceiverServerRatis ce3bbe74-48b8-4e84-ab92-3c2bb9d4f215 is started using port 15154 for RATIS
2023-09-07 08:55:26,984 [EndpointStateMachine task thread for /0.0.0.0:15108 - 0 ] INFO  ratis.XceiverServerRatis (XceiverServerRatis.java:getRealPort(543)) - XceiverServerRatis ce3bbe74-48b8-4e84-ab92-3c2bb9d4f215 is started using port 15155 for RATIS_ADMIN
2023-09-07 08:55:26,984 [EndpointStateMachine task thread for /0.0.0.0:15108 - 0 ] INFO  ratis.XceiverServerRatis (XceiverServerRatis.java:getRealPort(543)) - XceiverServerRatis ce3bbe74-48b8-4e84-ab92-3c2bb9d4f215 is started using port 15156 for RATIS_SERVER
2023-09-07 08:55:26,984 [EndpointStateMachine task thread for /0.0.0.0:15108 - 0 ] INFO  ratis.XceiverServerRatis (XceiverServerRatis.java:getRealPort(543)) - XceiverServerRatis ce3bbe74-48b8-4e84-ab92-3c2bb9d4f215 is started using port 15157 for RATIS_DATASTREAM
2023-09-07 08:55:26,984 [JvmPauseMonitor20] INFO  util.JvmPauseMonitor (JvmPauseMonitor.java:run(103)) - JvmPauseMonitor-ce3bbe74-48b8-4e84-ab92-3c2bb9d4f215: Started
2023-09-07 08:55:26,990 [BlockDeletingService#0] INFO  interfaces.ContainerDeletionChoosingPolicyTemplate (ContainerDeletionChoosingPolicyTemplate.java:chooseContainerForBlockDeletion(85)) - Chosen 0/5000 blocks from 0 candidate containers.
2023-09-07 08:55:27,466 [IPC Server handler 2 on default port 15108] INFO  net.NetworkTopologyImpl (NetworkTopologyImpl.java:add(112)) - Added a new node: /default-rack/5b4afb20-df00-40b2-9151-744536d77108
2023-09-07 08:55:27,467 [IPC Server handler 2 on default port 15108] INFO  node.SCMNodeManager (SCMNodeManager.java:register(405)) - Registered Data node : 5b4afb20-df00-40b2-9151-744536d77108{ip: 10.1.0.48, host: fv-az793-921.vth4h2cvs0culokhaokvhxz15b.jx.internal.cloudapp.net, ports: [HTTP=15115, CLIENT_RPC=15116, REPLICATION=15122, RATIS=15118, RATIS_ADMIN=15119, RATIS_SERVER=15120, RATIS_DATASTREAM=15121, STANDALONE=15117], networkLocation: /default-rack, certSerialId: null, persistedOpState: null, persistedOpStateExpiryEpochSec: 0}
2023-09-07 08:55:27,474 [EventQueue-NodeRegistrationContainerReportForContainerSafeModeRule] INFO  safemode.SCMSafeModeManager (SCMSafeModeManager.java:validateSafeModeExitRules(200)) - ContainerSafeModeRule rule is successfully validated
2023-09-07 08:55:27,474 [EventQueue-NodeRegistrationContainerReportForDataNodeSafeModeRule] INFO  safemode.SCMSafeModeManager (DataNodeSafeModeRule.java:process(71)) - SCM in safe mode. 1 DataNodes registered, 3 required.
2023-09-07 08:55:27,477 [EventQueue-NewNodeForNewNodeHandler] INFO  pipeline.BackgroundPipelineCreator (BackgroundPipelineCreator.java:notifyEventTriggered(277)) - trigger a one-shot run on RatisPipelineUtilsThread.
2023-09-07 08:55:27,477 [RatisPipelineUtilsThread - 0] INFO  pipeline.RatisPipelineProvider (RatisPipelineProvider.java:lambda$create$0(206)) - Sending CreatePipelineCommand for pipeline:PipelineID=b3cffe63-e023-43e0-a41f-8a94105d6fcf to datanode:5b4afb20-df00-40b2-9151-744536d77108
2023-09-07 08:55:27,481 [RatisPipelineUtilsThread - 0] INFO  pipeline.BackgroundPipelineCreator (BackgroundPipelineCreator.java:createPipelines(233)) - Created new pipeline Pipeline[ Id: b3cffe63-e023-43e0-a41f-8a94105d6fcf, Nodes: 5b4afb20-df00-40b2-9151-744536d77108(fv-az793-921.vth4h2cvs0culokhaokvhxz15b.jx.internal.cloudapp.net/10.1.0.48), ReplicationConfig: RATIS/ONE, State:ALLOCATED, leaderId:, CreationTimestamp2023-09-07T08:55:27.477Z[Etc/UTC]]
2023-09-07 08:55:27,495 [EventQueue-PipelineReportForOneReplicaPipelineSafeModeRule] INFO  safemode.SCMSafeModeManager (SCMSafeModeManager.java:validateSafeModeExitRules(200)) - AtleastOneDatanodeReportedRule rule is successfully validated
2023-09-07 08:55:27,842 [IPC Server handler 0 on default port 15108] INFO  net.NetworkTopologyImpl (NetworkTopologyImpl.java:add(112)) - Added a new node: /default-rack/a9310303-e7f9-4a41-8a27-a7a2ce3a6d76
2023-09-07 08:55:27,843 [IPC Server handler 0 on default port 15108] INFO  node.SCMNodeManager (SCMNodeManager.java:register(405)) - Registered Data node : a9310303-e7f9-4a41-8a27-a7a2ce3a6d76{ip: 10.1.0.48, host: fv-az793-921.vth4h2cvs0culokhaokvhxz15b.jx.internal.cloudapp.net, ports: [HTTP=15124, CLIENT_RPC=15125, REPLICATION=15131, RATIS=15127, RATIS_ADMIN=15128, RATIS_SERVER=15129, RATIS_DATASTREAM=15130, STANDALONE=15126], networkLocation: /default-rack, certSerialId: null, persistedOpState: null, persistedOpStateExpiryEpochSec: 0}
2023-09-07 08:55:27,844 [EventQueue-NewNodeForNewNodeHandler] INFO  pipeline.BackgroundPipelineCreator (BackgroundPipelineCreator.java:notifyEventTriggered(277)) - trigger a one-shot run on RatisPipelineUtilsThread.
2023-09-07 08:55:27,845 [RatisPipelineUtilsThread - 0] INFO  pipeline.RatisPipelineProvider (RatisPipelineProvider.java:lambda$create$0(206)) - Sending CreatePipelineCommand for pipeline:PipelineID=9e38776a-dcc6-4a52-b76f-896d5aa9b730 to datanode:a9310303-e7f9-4a41-8a27-a7a2ce3a6d76
2023-09-07 08:55:27,845 [EventQueue-NodeRegistrationContainerReportForDataNodeSafeModeRule] INFO  safemode.SCMSafeModeManager (DataNodeSafeModeRule.java:process(71)) - SCM in safe mode. 2 DataNodes registered, 3 required.
2023-09-07 08:55:27,846 [RatisPipelineUtilsThread - 0] INFO  pipeline.BackgroundPipelineCreator (BackgroundPipelineCreator.java:createPipelines(233)) - Created new pipeline Pipeline[ Id: 9e38776a-dcc6-4a52-b76f-896d5aa9b730, Nodes: a9310303-e7f9-4a41-8a27-a7a2ce3a6d76(fv-az793-921.vth4h2cvs0culokhaokvhxz15b.jx.internal.cloudapp.net/10.1.0.48), ReplicationConfig: RATIS/ONE, State:ALLOCATED, leaderId:, CreationTimestamp2023-09-07T08:55:27.845Z[Etc/UTC]]
2023-09-07 08:55:27,917 [main] INFO  ozone.MiniOzoneClusterImpl (MiniOzoneClusterImpl.java:lambda$waitForClusterToBeReady$0(224)) - Waiting for nodes to be ready. Got 2 of 5 DN Heartbeats.
2023-09-07 08:55:27,917 [main] INFO  ozone.MiniOzoneClusterImpl (MiniOzoneClusterImpl.java:lambda$waitForClusterToBeReady$0(227)) - Waiting for cluster to exit safe mode
2023-09-07 08:55:27,917 [main] INFO  ozone.MiniOzoneClusterImpl (MiniOzoneClusterImpl.java:lambda$waitForClusterToBeReady$0(229)) - SCM became leader
2023-09-07 08:55:28,209 [IPC Server handler 2 on default port 15108] INFO  net.NetworkTopologyImpl (NetworkTopologyImpl.java:add(112)) - Added a new node: /default-rack/a16823de-594d-4810-9c20-2473ba2acfd2
2023-09-07 08:55:28,209 [IPC Server handler 2 on default port 15108] INFO  node.SCMNodeManager (SCMNodeManager.java:register(405)) - Registered Data node : a16823de-594d-4810-9c20-2473ba2acfd2{ip: 10.1.0.48, host: fv-az793-921.vth4h2cvs0culokhaokvhxz15b.jx.internal.cloudapp.net, ports: [HTTP=15133, CLIENT_RPC=15134, REPLICATION=15140, RATIS=15136, RATIS_ADMIN=15137, RATIS_SERVER=15138, RATIS_DATASTREAM=15139, STANDALONE=15135], networkLocation: /default-rack, certSerialId: null, persistedOpState: null, persistedOpStateExpiryEpochSec: 0}
2023-09-07 08:55:28,209 [EventQueue-NewNodeForNewNodeHandler] INFO  pipeline.BackgroundPipelineCreator (BackgroundPipelineCreator.java:notifyEventTriggered(277)) - trigger a one-shot run on RatisPipelineUtilsThread.
2023-09-07 08:55:28,210 [EventQueue-NodeRegistrationContainerReportForDataNodeSafeModeRule] INFO  safemode.SCMSafeModeManager (DataNodeSafeModeRule.java:process(71)) - SCM in safe mode. 3 DataNodes registered, 3 required.
2023-09-07 08:55:28,210 [EventQueue-NodeRegistrationContainerReportForDataNodeSafeModeRule] INFO  safemode.SCMSafeModeManager (SCMSafeModeManager.java:validateSafeModeExitRules(200)) - DataNodeSafeModeRule rule is successfully validated
2023-09-07 08:55:28,210 [EventQueue-NodeRegistrationContainerReportForDataNodeSafeModeRule] INFO  safemode.SCMSafeModeManager (SCMSafeModeManager.java:completePreCheck(229)) - All SCM safe mode pre check rules have passed
2023-09-07 08:55:28,210 [RatisPipelineUtilsThread - 0] INFO  pipeline.RatisPipelineProvider (RatisPipelineProvider.java:lambda$create$0(206)) - Sending CreatePipelineCommand for pipeline:PipelineID=398a91cf-0f1f-4502-8d74-86c75a0e7303 to datanode:a16823de-594d-4810-9c20-2473ba2acfd2
2023-09-07 08:55:28,211 [RatisPipelineUtilsThread - 0] INFO  pipeline.BackgroundPipelineCreator (BackgroundPipelineCreator.java:createPipelines(233)) - Created new pipeline Pipeline[ Id: 398a91cf-0f1f-4502-8d74-86c75a0e7303, Nodes: a16823de-594d-4810-9c20-2473ba2acfd2(fv-az793-921.vth4h2cvs0culokhaokvhxz15b.jx.internal.cloudapp.net/10.1.0.48), ReplicationConfig: RATIS/ONE, State:ALLOCATED, leaderId:, CreationTimestamp2023-09-07T08:55:28.210Z[Etc/UTC]]
2023-09-07 08:55:28,210 [EventQueue-NodeRegistrationContainerReportForDataNodeSafeModeRule] INFO  ha.SCMContext (SCMContext.java:updateSafeModeStatus(228)) - Update SafeModeStatus from SafeModeStatus{safeModeStatus=true, preCheckPassed=false} to SafeModeStatus{safeModeStatus=true, preCheckPassed=true}.
2023-09-07 08:55:28,211 [EventQueue-NodeRegistrationContainerReportForDataNodeSafeModeRule] INFO  pipeline.BackgroundPipelineCreator (BackgroundPipelineCreator.java:notifyEventTriggered(277)) - trigger a one-shot run on RatisPipelineUtilsThread.
2023-09-07 08:55:28,212 [RatisPipelineUtilsThread - 0] INFO  pipeline.RatisPipelineProvider (RatisPipelineProvider.java:lambda$create$0(206)) - Sending CreatePipelineCommand for pipeline:PipelineID=cf4e3318-2c5c-4351-a670-9a9d866393fd to datanode:a9310303-e7f9-4a41-8a27-a7a2ce3a6d76
2023-09-07 08:55:28,212 [RatisPipelineUtilsThread - 0] INFO  pipeline.RatisPipelineProvider (RatisPipelineProvider.java:lambda$create$0(206)) - Sending CreatePipelineCommand for pipeline:PipelineID=cf4e3318-2c5c-4351-a670-9a9d866393fd to datanode:a16823de-594d-4810-9c20-2473ba2acfd2
2023-09-07 08:55:28,212 [RatisPipelineUtilsThread - 0] INFO  pipeline.RatisPipelineProvider (RatisPipelineProvider.java:lambda$create$0(206)) - Sending CreatePipelineCommand for pipeline:PipelineID=cf4e3318-2c5c-4351-a670-9a9d866393fd to datanode:5b4afb20-df00-40b2-9151-744536d77108
2023-09-07 08:55:28,213 [RatisPipelineUtilsThread - 0] INFO  pipeline.BackgroundPipelineCreator (BackgroundPipelineCreator.java:createPipelines(233)) - Created new pipeline Pipeline[ Id: cf4e3318-2c5c-4351-a670-9a9d866393fd, Nodes: a9310303-e7f9-4a41-8a27-a7a2ce3a6d76(fv-az793-921.vth4h2cvs0culokhaokvhxz15b.jx.internal.cloudapp.net/10.1.0.48)a16823de-594d-4810-9c20-2473ba2acfd2(fv-az793-921.vth4h2cvs0culokhaokvhxz15b.jx.internal.cloudapp.net/10.1.0.48)5b4afb20-df00-40b2-9151-744536d77108(fv-az793-921.vth4h2cvs0culokhaokvhxz15b.jx.internal.cloudapp.net/10.1.0.48), ReplicationConfig: RATIS/THREE, State:ALLOCATED, leaderId:, CreationTimestamp2023-09-07T08:55:28.212Z[Etc/UTC]]
2023-09-07 08:55:28,215 [RatisPipelineUtilsThread - 0] INFO  pipeline.RatisPipelineProvider (RatisPipelineProvider.java:lambda$create$0(206)) - Sending CreatePipelineCommand for pipeline:PipelineID=6d36c441-867e-42ca-89ba-778471a2fc67 to datanode:a16823de-594d-4810-9c20-2473ba2acfd2
2023-09-07 08:55:28,215 [RatisPipelineUtilsThread - 0] INFO  pipeline.RatisPipelineProvider (RatisPipelineProvider.java:lambda$create$0(206)) - Sending CreatePipelineCommand for pipeline:PipelineID=6d36c441-867e-42ca-89ba-778471a2fc67 to datanode:5b4afb20-df00-40b2-9151-744536d77108
2023-09-07 08:55:28,215 [RatisPipelineUtilsThread - 0] INFO  pipeline.RatisPipelineProvider (RatisPipelineProvider.java:lambda$create$0(206)) - Sending CreatePipelineCommand for pipeline:PipelineID=6d36c441-867e-42ca-89ba-778471a2fc67 to datanode:a9310303-e7f9-4a41-8a27-a7a2ce3a6d76
2023-09-07 08:55:28,215 [RatisPipelineUtilsThread - 0] INFO  pipeline.PipelineManagerImpl (PipelineManagerImpl.java:recordMetricsForPipeline(914)) - Pipeline: PipelineID=6d36c441-867e-42ca-89ba-778471a2fc67 contains same datanodes as previous pipelines: PipelineID=cf4e3318-2c5c-4351-a670-9a9d866393fd nodeIds: a16823de-594d-4810-9c20-2473ba2acfd2, 5b4afb20-df00-40b2-9151-744536d77108, a9310303-e7f9-4a41-8a27-a7a2ce3a6d76
2023-09-07 08:55:28,216 [RatisPipelineUtilsThread - 0] INFO  pipeline.BackgroundPipelineCreator (BackgroundPipelineCreator.java:createPipelines(233)) - Created new pipeline Pipeline[ Id: 6d36c441-867e-42ca-89ba-778471a2fc67, Nodes: a16823de-594d-4810-9c20-2473ba2acfd2(fv-az793-921.vth4h2cvs0culokhaokvhxz15b.jx.internal.cloudapp.net/10.1.0.48)5b4afb20-df00-40b2-9151-744536d77108(fv-az793-921.vth4h2cvs0culokhaokvhxz15b.jx.internal.cloudapp.net/10.1.0.48)a9310303-e7f9-4a41-8a27-a7a2ce3a6d76(fv-az793-921.vth4h2cvs0culokhaokvhxz15b.jx.internal.cloudapp.net/10.1.0.48), ReplicationConfig: RATIS/THREE, State:ALLOCATED, leaderId:, CreationTimestamp2023-09-07T08:55:28.215Z[Etc/UTC]]
2023-09-07 08:55:28,561 [IPC Server handler 3 on default port 15108] INFO  net.NetworkTopologyImpl (NetworkTopologyImpl.java:add(112)) - Added a new node: /default-rack/59e7d543-5a74-4c1b-8513-ed64d8264a1e
2023-09-07 08:55:28,561 [IPC Server handler 3 on default port 15108] INFO  node.SCMNodeManager (SCMNodeManager.java:register(405)) - Registered Data node : 59e7d543-5a74-4c1b-8513-ed64d8264a1e{ip: 10.1.0.48, host: fv-az793-921.vth4h2cvs0culokhaokvhxz15b.jx.internal.cloudapp.net, ports: [HTTP=15142, CLIENT_RPC=15143, REPLICATION=15149, RATIS=15145, RATIS_ADMIN=15146, RATIS_SERVER=15147, RATIS_DATASTREAM=15148, STANDALONE=15144], networkLocation: /default-rack, certSerialId: null, persistedOpState: null, persistedOpStateExpiryEpochSec: 0}
2023-09-07 08:55:28,562 [EventQueue-NewNodeForNewNodeHandler] INFO  pipeline.BackgroundPipelineCreator (BackgroundPipelineCreator.java:notifyEventTriggered(277)) - trigger a one-shot run on RatisPipelineUtilsThread.
2023-09-07 08:55:28,564 [RatisPipelineUtilsThread - 0] INFO  pipeline.RatisPipelineProvider (RatisPipelineProvider.java:lambda$create$0(206)) - Sending CreatePipelineCommand for pipeline:PipelineID=49ec77ea-b816-48a6-a8a8-01c253aa59cc to datanode:59e7d543-5a74-4c1b-8513-ed64d8264a1e
2023-09-07 08:55:28,564 [RatisPipelineUtilsThread - 0] INFO  pipeline.BackgroundPipelineCreator (BackgroundPipelineCreator.java:createPipelines(233)) - Created new pipeline Pipeline[ Id: 49ec77ea-b816-48a6-a8a8-01c253aa59cc, Nodes: 59e7d543-5a74-4c1b-8513-ed64d8264a1e(fv-az793-921.vth4h2cvs0culokhaokvhxz15b.jx.internal.cloudapp.net/10.1.0.48), ReplicationConfig: RATIS/ONE, State:ALLOCATED, leaderId:, CreationTimestamp2023-09-07T08:55:28.563Z[Etc/UTC]]
2023-09-07 08:55:28,918 [main] INFO  ozone.MiniOzoneClusterImpl (MiniOzoneClusterImpl.java:lambda$waitForClusterToBeReady$0(224)) - Waiting for nodes to be ready. Got 4 of 5 DN Heartbeats.
2023-09-07 08:55:28,918 [main] INFO  ozone.MiniOzoneClusterImpl (MiniOzoneClusterImpl.java:lambda$waitForClusterToBeReady$0(227)) - Waiting for cluster to exit safe mode
2023-09-07 08:55:28,918 [main] INFO  ozone.MiniOzoneClusterImpl (MiniOzoneClusterImpl.java:lambda$waitForClusterToBeReady$0(229)) - SCM became leader
2023-09-07 08:55:28,922 [IPC Server handler 1 on default port 15108] INFO  net.NetworkTopologyImpl (NetworkTopologyImpl.java:add(112)) - Added a new node: /default-rack/ce3bbe74-48b8-4e84-ab92-3c2bb9d4f215
2023-09-07 08:55:28,922 [IPC Server handler 1 on default port 15108] INFO  node.SCMNodeManager (SCMNodeManager.java:register(405)) - Registered Data node : ce3bbe74-48b8-4e84-ab92-3c2bb9d4f215{ip: 10.1.0.48, host: fv-az793-921.vth4h2cvs0culokhaokvhxz15b.jx.internal.cloudapp.net, ports: [HTTP=15151, CLIENT_RPC=15152, REPLICATION=15158, RATIS=15154, RATIS_ADMIN=15155, RATIS_SERVER=15156, RATIS_DATASTREAM=15157, STANDALONE=15153], networkLocation: /default-rack, certSerialId: null, persistedOpState: null, persistedOpStateExpiryEpochSec: 0}
2023-09-07 08:55:28,922 [EventQueue-NewNodeForNewNodeHandler] INFO  pipeline.BackgroundPipelineCreator (BackgroundPipelineCreator.java:notifyEventTriggered(277)) - trigger a one-shot run on RatisPipelineUtilsThread.
2023-09-07 08:55:28,925 [RatisPipelineUtilsThread - 0] INFO  pipeline.RatisPipelineProvider (RatisPipelineProvider.java:lambda$create$0(206)) - Sending CreatePipelineCommand for pipeline:PipelineID=d2d516a1-2eed-42ef-b27d-e7c8de832ea6 to datanode:ce3bbe74-48b8-4e84-ab92-3c2bb9d4f215
2023-09-07 08:55:28,925 [RatisPipelineUtilsThread - 0] INFO  pipeline.BackgroundPipelineCreator (BackgroundPipelineCreator.java:createPipelines(233)) - Created new pipeline Pipeline[ Id: d2d516a1-2eed-42ef-b27d-e7c8de832ea6, Nodes: ce3bbe74-48b8-4e84-ab92-3c2bb9d4f215(fv-az793-921.vth4h2cvs0culokhaokvhxz15b.jx.internal.cloudapp.net/10.1.0.48), ReplicationConfig: RATIS/ONE, State:ALLOCATED, leaderId:, CreationTimestamp2023-09-07T08:55:28.925Z[Etc/UTC]]
2023-09-07 08:55:29,918 [main] INFO  ozone.MiniOzoneClusterImpl (MiniOzoneClusterImpl.java:lambda$waitForClusterToBeReady$0(224)) - Nodes are ready. Got 5 of 5 DN Heartbeats.
2023-09-07 08:55:29,919 [main] INFO  ozone.MiniOzoneClusterImpl (MiniOzoneClusterImpl.java:lambda$waitForClusterToBeReady$0(227)) - Waiting for cluster to exit safe mode
2023-09-07 08:55:29,919 [main] INFO  ozone.MiniOzoneClusterImpl (MiniOzoneClusterImpl.java:lambda$waitForClusterToBeReady$0(229)) - SCM became leader
2023-09-07 08:55:30,467 [PipelineCommandHandlerThread-0] INFO  server.RaftServer (RaftServerProxy.java:addNew(98)) - 5b4afb20-df00-40b2-9151-744536d77108: addNew group-8A94105D6FCF:[5b4afb20-df00-40b2-9151-744536d77108|rpc:10.1.0.48:15120|admin:10.1.0.48:15119|client:10.1.0.48:15118|dataStream:10.1.0.48:15121|priority:1|startupRole:FOLLOWER] returns group-8A94105D6FCF:java.util.concurrent.CompletableFuture@48aecc98[Not completed]
2023-09-07 08:55:30,468 [5b4afb20-df00-40b2-9151-744536d77108-groupManagement] INFO  server.RaftServer$Division (RaftServerImpl.java:<init>(198)) - 5b4afb20-df00-40b2-9151-744536d77108: new RaftServerImpl for group-8A94105D6FCF:[5b4afb20-df00-40b2-9151-744536d77108|rpc:10.1.0.48:15120|admin:10.1.0.48:15119|client:10.1.0.48:15118|dataStream:10.1.0.48:15121|priority:1|startupRole:FOLLOWER] with ContainerStateMachine:uninitialized
2023-09-07 08:55:30,468 [5b4afb20-df00-40b2-9151-744536d77108-groupManagement] INFO  server.RaftServerConfigKeys (ConfUtils.java:logGet(46)) - raft.server.rpc.timeout.min = 5s (custom)
2023-09-07 08:55:30,468 [5b4afb20-df00-40b2-9151-744536d77108-groupManagement] INFO  server.RaftServerConfigKeys (ConfUtils.java:logGet(46)) - raft.server.rpc.timeout.max = 5200ms (custom)
2023-09-07 08:55:30,469 [5b4afb20-df00-40b2-9151-744536d77108-groupManagement] INFO  server.RaftServerConfigKeys (ConfUtils.java:logGet(46)) - raft.server.rpc.sleep.time = 25ms (default)
2023-09-07 08:55:30,469 [5b4afb20-df00-40b2-9151-744536d77108-groupManagement] INFO  server.RaftServerConfigKeys (ConfUtils.java:logGet(46)) - raft.server.rpc.slowness.timeout = 300s (custom)
2023-09-07 08:55:30,469 [5b4afb20-df00-40b2-9151-744536d77108-groupManagement] INFO  server.RaftServerConfigKeys (ConfUtils.java:logGet(46)) - raft.server.leaderelection.leader.step-down.wait-time = 10s (default)
2023-09-07 08:55:30,469 [5b4afb20-df00-40b2-9151-744536d77108-groupManagement] INFO  server.RaftServerConfigKeys (ConfUtils.java:logGet(46)) - raft.server.sleep.deviation.threshold = 300ms (default)
2023-09-07 08:55:30,469 [5b4afb20-df00-40b2-9151-744536d77108-groupManagement] INFO  server.RaftServer$Division (ServerState.java:<init>(120)) - 5b4afb20-df00-40b2-9151-744536d77108@group-8A94105D6FCF: ConfigurationManager, init=-1: peers:[5b4afb20-df00-40b2-9151-744536d77108|rpc:10.1.0.48:15120|admin:10.1.0.48:15119|client:10.1.0.48:15118|dataStream:10.1.0.48:15121|priority:1|startupRole:FOLLOWER]|listeners:[], old=null, confs=<EMPTY_MAP>
2023-09-07 08:55:30,469 [5b4afb20-df00-40b2-9151-744536d77108-groupManagement] INFO  server.RaftServerConfigKeys (ConfUtils.java:logGet(46)) - raft.server.storage.dir = [/home/runner/work/ozone/ozone/hadoop-ozone/integration-test/target/test-dir/MiniOzoneClusterImpl-06b57250-6369-4c93-9764-bbc94174df1e/datanode-0/data/ratis] (custom)
2023-09-07 08:55:30,469 [5b4afb20-df00-40b2-9151-744536d77108-groupManagement] INFO  server.RaftServerConfigKeys (ConfUtils.java:logGet(46)) - raft.server.log.corruption.policy = EXCEPTION (default)
2023-09-07 08:55:30,469 [5b4afb20-df00-40b2-9151-744536d77108-groupManagement] INFO  server.RaftServerConfigKeys (ConfUtils.java:logGet(46)) - raft.server.storage.free-space.min = 0MB (=0) (default)
2023-09-07 08:55:30,469 [5b4afb20-df00-40b2-9151-744536d77108-groupManagement] INFO  server.RaftServerConfigKeys (ConfUtils.java:logGet(46)) - raft.server.notification.no-leader.timeout = 300s (custom)
2023-09-07 08:55:30,469 [5b4afb20-df00-40b2-9151-744536d77108-groupManagement] INFO  server.RaftServerConfigKeys (ConfUtils.java:logGet(46)) - raft.server.read.timeout = 10s (default)
2023-09-07 08:55:30,469 [5b4afb20-df00-40b2-9151-744536d77108-groupManagement] INFO  server.RaftServerConfigKeys (ConfUtils.java:logGet(46)) - raft.server.retrycache.expirytime = 600000ms (custom)
2023-09-07 08:55:30,470 [5b4afb20-df00-40b2-9151-744536d77108-groupManagement] INFO  server.RaftServerConfigKeys (ConfUtils.java:logGet(46)) - raft.server.retrycache.statistics.expirytime = 100μs (default)
2023-09-07 08:55:30,470 [5b4afb20-df00-40b2-9151-744536d77108-groupManagement] INFO  server.RaftServerConfigKeys (ConfUtils.java:logGet(46)) - raft.server.read.option = DEFAULT (default)
2023-09-07 08:55:30,471 [5b4afb20-df00-40b2-9151-744536d77108-groupManagement] INFO  server.RaftServerConfigKeys (ConfUtils.java:logGet(46)) - raft.server.rpc.request.timeout = 60s (custom)
2023-09-07 08:55:30,471 [5b4afb20-df00-40b2-9151-744536d77108-groupManagement] INFO  server.RaftServerConfigKeys (ConfUtils.java:logGet(46)) - raft.server.log.appender.install.snapshot.enabled = false (custom)
2023-09-07 08:55:30,471 [5b4afb20-df00-40b2-9151-744536d77108-groupManagement] INFO  server.RaftServerConfigKeys (ConfUtils.java:logGet(46)) - raft.server.threadpool.server.cached = true (default)
2023-09-07 08:55:30,471 [5b4afb20-df00-40b2-9151-744536d77108-groupManagement] INFO  server.RaftServerConfigKeys (ConfUtils.java:logGet(46)) - raft.server.threadpool.server.size = 0 (default)
2023-09-07 08:55:30,471 [5b4afb20-df00-40b2-9151-744536d77108-groupManagement] INFO  server.RaftServerConfigKeys (ConfUtils.java:logGet(46)) - raft.server.threadpool.client.cached = true (default)
2023-09-07 08:55:30,471 [5b4afb20-df00-40b2-9151-744536d77108-groupManagement] INFO  server.RaftServerConfigKeys (ConfUtils.java:logGet(46)) - raft.server.threadpool.client.size = 0 (default)
2023-09-07 08:55:30,471 [5b4afb20-df00-40b2-9151-744536d77108-groupManagement] INFO  storage.RaftStorageDirectory (RaftStorageDirectoryImpl.java:analyzeStorage(137)) - The storage directory /home/runner/work/ozone/ozone/hadoop-ozone/integration-test/target/test-dir/MiniOzoneClusterImpl-06b57250-6369-4c93-9764-bbc94174df1e/datanode-0/data/ratis/b3cffe63-e023-43e0-a41f-8a94105d6fcf does not exist. Creating ...
2023-09-07 08:55:30,473 [5b4afb20-df00-40b2-9151-744536d77108-groupManagement] INFO  storage.RaftStorageDirectory (RaftStorageDirectoryImpl.java:tryLock(231)) - Lock on /home/runner/work/ozone/ozone/hadoop-ozone/integration-test/target/test-dir/MiniOzoneClusterImpl-06b57250-6369-4c93-9764-bbc94174df1e/datanode-0/data/ratis/b3cffe63-e023-43e0-a41f-8a94105d6fcf/in_use.lock acquired by nodename 7589@fv-az793-921
2023-09-07 08:55:30,475 [5b4afb20-df00-40b2-9151-744536d77108-groupManagement] INFO  storage.RaftStorage (RaftStorageImpl.java:format(96)) - Storage directory /home/runner/work/ozone/ozone/hadoop-ozone/integration-test/target/test-dir/MiniOzoneClusterImpl-06b57250-6369-4c93-9764-bbc94174df1e/datanode-0/data/ratis/b3cffe63-e023-43e0-a41f-8a94105d6fcf has been successfully formatted.
2023-09-07 08:55:30,478 [5b4afb20-df00-40b2-9151-744536d77108-groupManagement] INFO  ratis.ContainerStateMachine (ContainerStateMachine.java:loadSnapshot(262)) - group-8A94105D6FCF: The snapshot info is null. Setting the last applied indexto:(t:0, i:~)
2023-09-07 08:55:30,478 [5b4afb20-df00-40b2-9151-744536d77108-groupManagement] INFO  server.RaftServerConfigKeys (ConfUtils.java:logGet(46)) - raft.server.log.use.memory = false (default)
2023-09-07 08:55:30,478 [5b4afb20-df00-40b2-9151-744536d77108-groupManagement] INFO  server.RaftServerConfigKeys (ConfUtils.java:logGet(46)) - raft.server.log.purge.gap = 1000000 (custom)
2023-09-07 08:55:30,478 [5b4afb20-df00-40b2-9151-744536d77108-groupManagement] INFO  server.RaftServerConfigKeys (ConfUtils.java:logGet(46)) - raft.server.log.appender.buffer.byte-limit = 33554432 (custom)
2023-09-07 08:55:30,479 [5b4afb20-df00-40b2-9151-744536d77108-groupManagement] INFO  server.RaftServerConfigKeys (ConfUtils.java:logGet(46)) - raft.server.log.statemachine.data.read.timeout = 1000ms (default)
2023-09-07 08:55:30,479 [5b4afb20-df00-40b2-9151-744536d77108-groupManagement] INFO  server.RaftServerConfigKeys (ConfUtils.java:logGet(46)) - raft.server.log.purge.preservation.log.num = 0 (default)
2023-09-07 08:55:30,479 [5b4afb20-df00-40b2-9151-744536d77108-groupManagement] INFO  server.RaftServerConfigKeys (ConfUtils.java:logGet(46)) - raft.server.log.segment.size.max = 1048576 (custom)
2023-09-07 08:55:30,479 [EventQueue-PipelineReportForPipelineReportHandler] INFO  pipeline.PipelineReportHandler (PipelineReportHandler.java:processPipelineReport(136)) - Opened pipeline PipelineID=b3cffe63-e023-43e0-a41f-8a94105d6fcf
2023-09-07 08:55:30,481 [5b4afb20-df00-40b2-9151-744536d77108-groupManagement] INFO  server.RaftServerConfigKeys (ConfUtils.java:logGet(46)) - raft.server.log.segment.cache.num.max = 2 (custom)
2023-09-07 08:55:30,481 [5b4afb20-df00-40b2-9151-744536d77108-groupManagement] INFO  server.RaftServerConfigKeys (ConfUtils.java:logGet(46)) - raft.server.log.segment.cache.size.max = 200MB (=209715200) (default)
2023-09-07 08:55:30,481 [5b4afb20-df00-40b2-9151-744536d77108-groupManagement] INFO  server.RaftServerConfigKeys (ConfUtils.java:logGet(46)) - raft.server.log.appender.buffer.byte-limit = 33554432 (custom)
2023-09-07 08:55:30,481 [5b4afb20-df00-40b2-9151-744536d77108-groupManagement] INFO  segmented.SegmentedRaftLogWorker (SegmentedRaftLogWorker.java:<init>(188)) - new 5b4afb20-df00-40b2-9151-744536d77108@group-8A94105D6FCF-SegmentedRaftLogWorker for RaftStorageImpl:Storage Directory /home/runner/work/ozone/ozone/hadoop-ozone/integration-test/target/test-dir/MiniOzoneClusterImpl-06b57250-6369-4c93-9764-bbc94174df1e/datanode-0/data/ratis/b3cffe63-e023-43e0-a41f-8a94105d6fcf
2023-09-07 08:55:30,481 [5b4afb20-df00-40b2-9151-744536d77108-groupManagement] INFO  server.RaftServerConfigKeys (ConfUtils.java:logGet(46)) - raft.server.log.queue.byte-limit = 4294967296 (custom)
2023-09-07 08:55:30,481 [5b4afb20-df00-40b2-9151-744536d77108-groupManagement] INFO  server.RaftServerConfigKeys (ConfUtils.java:logGet(46)) - raft.server.log.queue.element-limit = 1024 (custom)
2023-09-07 08:55:30,482 [5b4afb20-df00-40b2-9151-744536d77108-groupManagement] INFO  server.RaftServerConfigKeys (ConfUtils.java:logGet(46)) - raft.server.log.segment.size.max = 1048576 (custom)
2023-09-07 08:55:30,482 [5b4afb20-df00-40b2-9151-744536d77108-groupManagement] INFO  server.RaftServerConfigKeys (ConfUtils.java:logGet(46)) - raft.server.log.preallocated.size = 16384 (custom)
2023-09-07 08:55:30,482 [5b4afb20-df00-40b2-9151-744536d77108-groupManagement] INFO  server.RaftServerConfigKeys (ConfUtils.java:logGet(46)) - raft.server.log.force.sync.num = 128 (default)
2023-09-07 08:55:30,482 [5b4afb20-df00-40b2-9151-744536d77108-groupManagement] INFO  server.RaftServerConfigKeys (ConfUtils.java:logGet(46)) - raft.server.log.statemachine.data.sync = true (default)
2023-09-07 08:55:30,482 [5b4afb20-df00-40b2-9151-744536d77108-groupManagement] INFO  server.RaftServerConfigKeys (ConfUtils.java:logGet(46)) - raft.server.log.statemachine.data.sync.timeout = 10s (default)
2023-09-07 08:55:30,482 [5b4afb20-df00-40b2-9151-744536d77108-groupManagement] INFO  server.RaftServerConfigKeys (ConfUtils.java:logGet(46)) - raft.server.log.statemachine.data.sync.timeout.retry = -1 (default)
2023-09-07 08:55:30,483 [5b4afb20-df00-40b2-9151-744536d77108-groupManagement] INFO  server.RaftServerConfigKeys (ConfUtils.java:logGet(46)) - raft.server.log.write.buffer.size = 1048576 (custom)
2023-09-07 08:55:30,484 [5b4afb20-df00-40b2-9151-744536d77108-groupManagement] INFO  server.RaftServerConfigKeys (ConfUtils.java:logGet(46)) - raft.server.log.appender.buffer.byte-limit = 33554432 (custom)
2023-09-07 08:55:30,492 [EventQueue-OpenPipelineForHealthyPipelineSafeModeRule] INFO  safemode.SCMSafeModeManager (HealthyPipelineSafeModeRule.java:process(137)) - SCM in safe mode. Healthy pipelines reported count is 0, required healthy pipeline reported count is 1
2023-09-07 08:55:30,492 [5b4afb20-df00-40b2-9151-744536d77108-groupManagement] INFO  server.RaftServerConfigKeys (ConfUtils.java:logGet(46)) - raft.server.log.unsafe-flush.enabled = false (default)
2023-09-07 08:55:30,493 [5b4afb20-df00-40b2-9151-744536d77108-groupManagement] INFO  server.RaftServerConfigKeys (ConfUtils.java:logGet(46)) - raft.server.log.async-flush.enabled = false (default)
2023-09-07 08:55:30,493 [5b4afb20-df00-40b2-9151-744536d77108-groupManagement] INFO  server.RaftServerConfigKeys (ConfUtils.java:logGet(46)) - raft.server.log.statemachine.data.caching.enabled = true (custom)
2023-09-07 08:55:30,493 [5b4afb20-df00-40b2-9151-744536d77108-groupManagement] INFO  segmented.SegmentedRaftLogWorker (SegmentedRaftLogWorker.java:lambda$new$0(135)) - 5b4afb20-df00-40b2-9151-744536d77108@group-8A94105D6FCF-SegmentedRaftLogWorker: flushIndex: setUnconditionally 0 -> -1
2023-09-07 08:55:30,493 [5b4afb20-df00-40b2-9151-744536d77108-groupManagement] INFO  segmented.SegmentedRaftLogWorker (SegmentedRaftLogWorker.java:lambda$new$0(135)) - 5b4afb20-df00-40b2-9151-744536d77108@group-8A94105D6FCF-SegmentedRaftLogWorker: safeCacheEvictIndex: setUnconditionally 0 -> -1
2023-09-07 08:55:30,494 [5b4afb20-df00-40b2-9151-744536d77108-groupManagement] INFO  server.RaftServer$Division (RaftServerImpl.java:start(342)) - 5b4afb20-df00-40b2-9151-744536d77108@group-8A94105D6FCF: start as a follower, conf=-1: peers:[5b4afb20-df00-40b2-9151-744536d77108|rpc:10.1.0.48:15120|admin:10.1.0.48:15119|client:10.1.0.48:15118|dataStream:10.1.0.48:15121|priority:1|startupRole:FOLLOWER]|listeners:[], old=null
2023-09-07 08:55:30,494 [5b4afb20-df00-40b2-9151-744536d77108-groupManagement] INFO  server.RaftServer$Division (RaftServerImpl.java:setRole(329)) - 5b4afb20-df00-40b2-9151-744536d77108@group-8A94105D6FCF: changes role from      null to FOLLOWER at term 0 for startAsFollower
2023-09-07 08:55:30,494 [5b4afb20-df00-40b2-9151-744536d77108-groupManagement] INFO  impl.RoleInfo (RoleInfo.java:updateAndGet(139)) - 5b4afb20-df00-40b2-9151-744536d77108: start 5b4afb20-df00-40b2-9151-744536d77108@group-8A94105D6FCF-FollowerState
2023-09-07 08:55:30,494 [5b4afb20-df00-40b2-9151-744536d77108@group-8A94105D6FCF-FollowerState] INFO  server.RaftServerConfigKeys (ConfUtils.java:logFallback(53)) - raft.server.rpc.first-election.timeout.min = 5s (fallback to raft.server.rpc.timeout.min)
2023-09-07 08:55:30,494 [5b4afb20-df00-40b2-9151-744536d77108-groupManagement] INFO  util.JmxRegister (JmxRegister.java:tryRegister(44)) - Successfully registered JMX Bean with object name Ratis:service=RaftServer,group=group-8A94105D6FCF,id=5b4afb20-df00-40b2-9151-744536d77108
2023-09-07 08:55:30,494 [5b4afb20-df00-40b2-9151-744536d77108@group-8A94105D6FCF-FollowerState] INFO  server.RaftServerConfigKeys (ConfUtils.java:logFallback(53)) - raft.server.rpc.first-election.timeout.max = 5200ms (fallback to raft.server.rpc.timeout.max)
2023-09-07 08:55:30,494 [5b4afb20-df00-40b2-9151-744536d77108-groupManagement] INFO  server.RaftServerConfigKeys (ConfUtils.java:logGet(46)) - raft.server.snapshot.auto.trigger.enabled = true (custom)
2023-09-07 08:55:30,499 [5b4afb20-df00-40b2-9151-744536d77108-groupManagement] INFO  server.RaftServerConfigKeys (ConfUtils.java:logGet(46)) - raft.server.snapshot.auto.trigger.threshold = 10000 (custom)
2023-09-07 08:55:30,499 [5b4afb20-df00-40b2-9151-744536d77108-groupManagement] INFO  server.RaftServerConfigKeys (ConfUtils.java:logGet(46)) - raft.server.snapshot.retention.file.num = 5 (custom)
2023-09-07 08:55:30,499 [5b4afb20-df00-40b2-9151-744536d77108-groupManagement] INFO  server.RaftServerConfigKeys (ConfUtils.java:logGet(46)) - raft.server.log.purge.upto.snapshot.index = false (default)
2023-09-07 08:55:30,500 [PipelineCommandHandlerThread-0] INFO  ratis.XceiverServerRatis (XceiverServerRatis.java:addGroup(804)) - Created group PipelineID=b3cffe63-e023-43e0-a41f-8a94105d6fcf
2023-09-07 08:55:30,500 [PipelineCommandHandlerThread-0] INFO  commandhandler.CreatePipelineCommandHandler (CreatePipelineCommandHandler.java:lambda$handle$2(124)) - Created Pipeline RATIS ONE PipelineID=b3cffe63-e023-43e0-a41f-8a94105d6fcf.
2023-09-07 08:55:30,500 [PipelineCommandHandlerThread-0] INFO  server.RaftServer (RaftServerProxy.java:addNew(98)) - 5b4afb20-df00-40b2-9151-744536d77108: addNew group-9A9D866393FD:[5b4afb20-df00-40b2-9151-744536d77108|rpc:10.1.0.48:15120|admin:10.1.0.48:15119|client:10.1.0.48:15118|dataStream:10.1.0.48:15121|priority:0|startupRole:FOLLOWER, a9310303-e7f9-4a41-8a27-a7a2ce3a6d76|rpc:10.1.0.48:15129|admin:10.1.0.48:15128|client:10.1.0.48:15127|dataStream:10.1.0.48:15130|priority:0|startupRole:FOLLOWER, a16823de-594d-4810-9c20-2473ba2acfd2|rpc:10.1.0.48:15138|admin:10.1.0.48:15137|client:10.1.0.48:15136|dataStream:10.1.0.48:15139|priority:1|startupRole:FOLLOWER] returns group-9A9D866393FD:java.util.concurrent.CompletableFuture@4c914155[Not completed]
2023-09-07 08:55:30,501 [5b4afb20-df00-40b2-9151-744536d77108-groupManagement] INFO  server.RaftServer$Division (RaftServerImpl.java:<init>(198)) - 5b4afb20-df00-40b2-9151-744536d77108: new RaftServerImpl for group-9A9D866393FD:[5b4afb20-df00-40b2-9151-744536d77108|rpc:10.1.0.48:15120|admin:10.1.0.48:15119|client:10.1.0.48:15118|dataStream:10.1.0.48:15121|priority:0|startupRole:FOLLOWER, a9310303-e7f9-4a41-8a27-a7a2ce3a6d76|rpc:10.1.0.48:15129|admin:10.1.0.48:15128|client:10.1.0.48:15127|dataStream:10.1.0.48:15130|priority:0|startupRole:FOLLOWER, a16823de-594d-4810-9c20-2473ba2acfd2|rpc:10.1.0.48:15138|admin:10.1.0.48:15137|client:10.1.0.48:15136|dataStream:10.1.0.48:15139|priority:1|startupRole:FOLLOWER] with ContainerStateMachine:uninitialized
2023-09-07 08:55:30,502 [5b4afb20-df00-40b2-9151-744536d77108-groupManagement] INFO  server.RaftServerConfigKeys (ConfUtils.java:logGet(46)) - raft.server.rpc.timeout.min = 5s (custom)
2023-09-07 08:55:30,502 [5b4afb20-df00-40b2-9151-744536d77108-groupManagement] INFO  server.RaftServerConfigKeys (ConfUtils.java:logGet(46)) - raft.server.rpc.timeout.max = 5200ms (custom)
2023-09-07 08:55:30,502 [5b4afb20-df00-40b2-9151-744536d77108-groupManagement] INFO  server.RaftServerConfigKeys (ConfUtils.java:logGet(46)) - raft.server.rpc.sleep.time = 25ms (default)
2023-09-07 08:55:30,502 [5b4afb20-df00-40b2-9151-744536d77108-groupManagement] INFO  server.RaftServerConfigKeys (ConfUtils.java:logGet(46)) - raft.server.rpc.slowness.timeout = 300s (custom)
2023-09-07 08:55:30,502 [5b4afb20-df00-40b2-9151-744536d77108-groupManagement] INFO  server.RaftServerConfigKeys (ConfUtils.java:logGet(46)) - raft.server.leaderelection.leader.step-down.wait-time = 10s (default)
2023-09-07 08:55:30,502 [5b4afb20-df00-40b2-9151-744536d77108-groupManagement] INFO  server.RaftServerConfigKeys (ConfUtils.java:logGet(46)) - raft.server.sleep.deviation.threshold = 300ms (default)
2023-09-07 08:55:30,503 [5b4afb20-df00-40b2-9151-744536d77108-groupManagement] INFO  server.RaftServer$Division (ServerState.java:<init>(120)) - 5b4afb20-df00-40b2-9151-744536d77108@group-9A9D866393FD: ConfigurationManager, init=-1: peers:[5b4afb20-df00-40b2-9151-744536d77108|rpc:10.1.0.48:15120|admin:10.1.0.48:15119|client:10.1.0.48:15118|dataStream:10.1.0.48:15121|priority:0|startupRole:FOLLOWER, a9310303-e7f9-4a41-8a27-a7a2ce3a6d76|rpc:10.1.0.48:15129|admin:10.1.0.48:15128|client:10.1.0.48:15127|dataStream:10.1.0.48:15130|priority:0|startupRole:FOLLOWER, a16823de-594d-4810-9c20-2473ba2acfd2|rpc:10.1.0.48:15138|admin:10.1.0.48:15137|client:10.1.0.48:15136|dataStream:10.1.0.48:15139|priority:1|startupRole:FOLLOWER]|listeners:[], old=null, confs=<EMPTY_MAP>
2023-09-07 08:55:30,503 [5b4afb20-df00-40b2-9151-744536d77108-groupManagement] INFO  server.RaftServerConfigKeys (ConfUtils.java:logGet(46)) - raft.server.storage.dir = [/home/runner/work/ozone/ozone/hadoop-ozone/integration-test/target/test-dir/MiniOzoneClusterImpl-06b57250-6369-4c93-9764-bbc94174df1e/datanode-0/data/ratis] (custom)
2023-09-07 08:55:30,503 [5b4afb20-df00-40b2-9151-744536d77108-groupManagement] INFO  server.RaftServerConfigKeys (ConfUtils.java:logGet(46)) - raft.server.log.corruption.policy = EXCEPTION (default)
2023-09-07 08:55:30,503 [5b4afb20-df00-40b2-9151-744536d77108-groupManagement] INFO  server.RaftServerConfigKeys (ConfUtils.java:logGet(46)) - raft.server.storage.free-space.min = 0MB (=0) (default)
2023-09-07 08:55:30,503 [5b4afb20-df00-40b2-9151-744536d77108-groupManagement] INFO  server.RaftServerConfigKeys (ConfUtils.java:logGet(46)) - raft.server.notification.no-leader.timeout = 300s (custom)
2023-09-07 08:55:30,503 [5b4afb20-df00-40b2-9151-744536d77108-groupManagement] INFO  server.RaftServerConfigKeys (ConfUtils.java:logGet(46)) - raft.server.read.timeout = 10s (default)
2023-09-07 08:55:30,503 [5b4afb20-df00-40b2-9151-744536d77108-groupManagement] INFO  server.RaftServerConfigKeys (ConfUtils.java:logGet(46)) - raft.server.retrycache.expirytime = 600000ms (custom)
2023-09-07 08:55:30,503 [5b4afb20-df00-40b2-9151-744536d77108-groupManagement] INFO  server.RaftServerConfigKeys (ConfUtils.java:logGet(46)) - raft.server.retrycache.statistics.expirytime = 100μs (default)
2023-09-07 08:55:30,503 [5b4afb20-df00-40b2-9151-744536d77108-groupManagement] INFO  server.RaftServerConfigKeys (ConfUtils.java:logGet(46)) - raft.server.read.option = DEFAULT (default)
2023-09-07 08:55:30,504 [5b4afb20-df00-40b2-9151-744536d77108-groupManagement] INFO  server.RaftServerConfigKeys (ConfUtils.java:logGet(46)) - raft.server.rpc.request.timeout = 60s (custom)
2023-09-07 08:55:30,504 [5b4afb20-df00-40b2-9151-744536d77108-groupManagement] INFO  server.RaftServerConfigKeys (ConfUtils.java:logGet(46)) - raft.server.log.appender.install.snapshot.enabled = false (custom)
2023-09-07 08:55:30,504 [5b4afb20-df00-40b2-9151-744536d77108-groupManagement] INFO  server.RaftServerConfigKeys (ConfUtils.java:logGet(46)) - raft.server.threadpool.server.cached = true (default)
2023-09-07 08:55:30,504 [5b4afb20-df00-40b2-9151-744536d77108-groupManagement] INFO  server.RaftServerConfigKeys (ConfUtils.java:logGet(46)) - raft.server.threadpool.server.size = 0 (default)
2023-09-07 08:55:30,504 [5b4afb20-df00-40b2-9151-744536d77108-groupManagement] INFO  server.RaftServerConfigKeys (ConfUtils.java:logGet(46)) - raft.server.threadpool.client.cached = true (default)
2023-09-07 08:55:30,504 [5b4afb20-df00-40b2-9151-744536d77108-groupManagement] INFO  server.RaftServerConfigKeys (ConfUtils.java:logGet(46)) - raft.server.threadpool.client.size = 0 (default)
2023-09-07 08:55:30,505 [5b4afb20-df00-40b2-9151-744536d77108-groupManagement] INFO  storage.RaftStorageDirectory (RaftStorageDirectoryImpl.java:analyzeStorage(137)) - The storage directory /home/runner/work/ozone/ozone/hadoop-ozone/integration-test/target/test-dir/MiniOzoneClusterImpl-06b57250-6369-4c93-9764-bbc94174df1e/datanode-0/data/ratis/cf4e3318-2c5c-4351-a670-9a9d866393fd does not exist. Creating ...
2023-09-07 08:55:30,506 [5b4afb20-df00-40b2-9151-744536d77108-groupManagement] INFO  storage.RaftStorageDirectory (RaftStorageDirectoryImpl.java:tryLock(231)) - Lock on /home/runner/work/ozone/ozone/hadoop-ozone/integration-test/target/test-dir/MiniOzoneClusterImpl-06b57250-6369-4c93-9764-bbc94174df1e/datanode-0/data/ratis/cf4e3318-2c5c-4351-a670-9a9d866393fd/in_use.lock acquired by nodename 7589@fv-az793-921
2023-09-07 08:55:30,508 [5b4afb20-df00-40b2-9151-744536d77108-groupManagement] INFO  storage.RaftStorage (RaftStorageImpl.java:format(96)) - Storage directory /home/runner/work/ozone/ozone/hadoop-ozone/integration-test/target/test-dir/MiniOzoneClusterImpl-06b57250-6369-4c93-9764-bbc94174df1e/datanode-0/data/ratis/cf4e3318-2c5c-4351-a670-9a9d866393fd has been successfully formatted.
2023-09-07 08:55:30,509 [5b4afb20-df00-40b2-9151-744536d77108-groupManagement] INFO  ratis.ContainerStateMachine (ContainerStateMachine.java:loadSnapshot(262)) - group-9A9D866393FD: The snapshot info is null. Setting the last applied indexto:(t:0, i:~)
2023-09-07 08:55:30,509 [5b4afb20-df00-40b2-9151-744536d77108-groupManagement] INFO  server.RaftServerConfigKeys (ConfUtils.java:logGet(46)) - raft.server.log.use.memory = false (default)
2023-09-07 08:55:30,510 [EventQueue-OpenPipelineForHealthyPipelineSafeModeRule] INFO  safemode.SCMSafeModeManager (HealthyPipelineSafeModeRule.java:process(137)) - SCM in safe mode. Healthy pipelines reported count is 0, required healthy pipeline reported count is 1
2023-09-07 08:55:30,510 [5b4afb20-df00-40b2-9151-744536d77108-groupManagement] INFO  server.RaftServerConfigKeys (ConfUtils.java:logGet(46)) - raft.server.log.purge.gap = 1000000 (custom)
2023-09-07 08:55:30,510 [5b4afb20-df00-40b2-9151-744536d77108-groupManagement] INFO  server.RaftServerConfigKeys (ConfUtils.java:logGet(46)) - raft.server.log.appender.buffer.byte-limit = 33554432 (custom)
2023-09-07 08:55:30,510 [5b4afb20-df00-40b2-9151-744536d77108-groupManagement] INFO  server.RaftServerConfigKeys (ConfUtils.java:logGet(46)) - raft.server.log.statemachine.data.read.timeout = 1000ms (default)
2023-09-07 08:55:30,510 [5b4afb20-df00-40b2-9151-744536d77108-groupManagement] INFO  server.RaftServerConfigKeys (ConfUtils.java:logGet(46)) - raft.server.log.purge.preservation.log.num = 0 (default)
2023-09-07 08:55:30,511 [5b4afb20-df00-40b2-9151-744536d77108-groupManagement] INFO  server.RaftServerConfigKeys (ConfUtils.java:logGet(46)) - raft.server.log.segment.size.max = 1048576 (custom)
2023-09-07 08:55:30,514 [5b4afb20-df00-40b2-9151-744536d77108-groupManagement] INFO  server.RaftServerConfigKeys (ConfUtils.java:logGet(46)) - raft.server.log.segment.cache.num.max = 2 (custom)
2023-09-07 08:55:30,514 [5b4afb20-df00-40b2-9151-744536d77108-groupManagement] INFO  server.RaftServerConfigKeys (ConfUtils.java:logGet(46)) - raft.server.log.segment.cache.size.max = 200MB (=209715200) (default)
2023-09-07 08:55:30,514 [5b4afb20-df00-40b2-9151-744536d77108-groupManagement] INFO  server.RaftServerConfigKeys (ConfUtils.java:logGet(46)) - raft.server.log.appender.buffer.byte-limit = 33554432 (custom)
2023-09-07 08:55:30,514 [5b4afb20-df00-40b2-9151-744536d77108-groupManagement] INFO  segmented.SegmentedRaftLogWorker (SegmentedRaftLogWorker.java:<init>(188)) - new 5b4afb20-df00-40b2-9151-744536d77108@group-9A9D866393FD-SegmentedRaftLogWorker for RaftStorageImpl:Storage Directory /home/runner/work/ozone/ozone/hadoop-ozone/integration-test/target/test-dir/MiniOzoneClusterImpl-06b57250-6369-4c93-9764-bbc94174df1e/datanode-0/data/ratis/cf4e3318-2c5c-4351-a670-9a9d866393fd
2023-09-07 08:55:30,514 [5b4afb20-df00-40b2-9151-744536d77108-groupManagement] INFO  server.RaftServerConfigKeys (ConfUtils.java:logGet(46)) - raft.server.log.queue.byte-limit = 4294967296 (custom)
2023-09-07 08:55:30,514 [5b4afb20-df00-40b2-9151-744536d77108-groupManagement] INFO  server.RaftServerConfigKeys (ConfUtils.java:logGet(46)) - raft.server.log.queue.element-limit = 1024 (custom)
2023-09-07 08:55:30,514 [5b4afb20-df00-40b2-9151-744536d77108-groupManagement] INFO  server.RaftServerConfigKeys (ConfUtils.java:logGet(46)) - raft.server.log.segment.size.max = 1048576 (custom)
2023-09-07 08:55:30,515 [5b4afb20-df00-40b2-9151-744536d77108-groupManagement] INFO  server.RaftServerConfigKeys (ConfUtils.java:logGet(46)) - raft.server.log.preallocated.size = 16384 (custom)
2023-09-07 08:55:30,515 [5b4afb20-df00-40b2-9151-744536d77108-groupManagement] INFO  server.RaftServerConfigKeys (ConfUtils.java:logGet(46)) - raft.server.log.force.sync.num = 128 (default)
2023-09-07 08:55:30,515 [5b4afb20-df00-40b2-9151-744536d77108-groupManagement] INFO  server.RaftServerConfigKeys (ConfUtils.java:logGet(46)) - raft.server.log.statemachine.data.sync = true (default)
2023-09-07 08:55:30,515 [5b4afb20-df00-40b2-9151-744536d77108-groupManagement] INFO  server.RaftServerConfigKeys (ConfUtils.java:logGet(46)) - raft.server.log.statemachine.data.sync.timeout = 10s (default)
2023-09-07 08:55:30,515 [5b4afb20-df00-40b2-9151-744536d77108-groupManagement] INFO  server.RaftServerConfigKeys (ConfUtils.java:logGet(46)) - raft.server.log.statemachine.data.sync.timeout.retry = -1 (default)
2023-09-07 08:55:30,516 [5b4afb20-df00-40b2-9151-744536d77108-groupManagement] INFO  server.RaftServerConfigKeys (ConfUtils.java:logGet(46)) - raft.server.log.write.buffer.size = 1048576 (custom)
2023-09-07 08:55:30,516 [5b4afb20-df00-40b2-9151-744536d77108-groupManagement] INFO  server.RaftServerConfigKeys (ConfUtils.java:logGet(46)) - raft.server.log.appender.buffer.byte-limit = 33554432 (custom)
2023-09-07 08:55:30,524 [5b4afb20-df00-40b2-9151-744536d77108-groupManagement] INFO  server.RaftServerConfigKeys (ConfUtils.java:logGet(46)) - raft.server.log.unsafe-flush.enabled = false (default)
2023-09-07 08:55:30,524 [5b4afb20-df00-40b2-9151-744536d77108-groupManagement] INFO  server.RaftServerConfigKeys (ConfUtils.java:logGet(46)) - raft.server.log.async-flush.enabled = false (default)
2023-09-07 08:55:30,524 [5b4afb20-df00-40b2-9151-744536d77108-groupManagement] INFO  server.RaftServerConfigKeys (ConfUtils.java:logGet(46)) - raft.server.log.statemachine.data.caching.enabled = true (custom)
2023-09-07 08:55:30,525 [5b4afb20-df00-40b2-9151-744536d77108-groupManagement] INFO  segmented.SegmentedRaftLogWorker (SegmentedRaftLogWorker.java:lambda$new$0(135)) - 5b4afb20-df00-40b2-9151-744536d77108@group-9A9D866393FD-SegmentedRaftLogWorker: flushIndex: setUnconditionally 0 -> -1
2023-09-07 08:55:30,525 [5b4afb20-df00-40b2-9151-744536d77108-groupManagement] INFO  segmented.SegmentedRaftLogWorker (SegmentedRaftLogWorker.java:lambda$new$0(135)) - 5b4afb20-df00-40b2-9151-744536d77108@group-9A9D866393FD-SegmentedRaftLogWorker: safeCacheEvictIndex: setUnconditionally 0 -> -1
2023-09-07 08:55:30,525 [5b4afb20-df00-40b2-9151-744536d77108-groupManagement] INFO  server.RaftServer$Division (RaftServerImpl.java:start(342)) - 5b4afb20-df00-40b2-9151-744536d77108@group-9A9D866393FD: start as a follower, conf=-1: peers:[5b4afb20-df00-40b2-9151-744536d77108|rpc:10.1.0.48:15120|admin:10.1.0.48:15119|client:10.1.0.48:15118|dataStream:10.1.0.48:15121|priority:0|startupRole:FOLLOWER, a9310303-e7f9-4a41-8a27-a7a2ce3a6d76|rpc:10.1.0.48:15129|admin:10.1.0.48:15128|client:10.1.0.48:15127|dataStream:10.1.0.48:15130|priority:0|startupRole:FOLLOWER, a16823de-594d-4810-9c20-2473ba2acfd2|rpc:10.1.0.48:15138|admin:10.1.0.48:15137|client:10.1.0.48:15136|dataStream:10.1.0.48:15139|priority:1|startupRole:FOLLOWER]|listeners:[], old=null
2023-09-07 08:55:30,525 [5b4afb20-df00-40b2-9151-744536d77108-groupManagement] INFO  server.RaftServer$Division (RaftServerImpl.java:setRole(329)) - 5b4afb20-df00-40b2-9151-744536d77108@group-9A9D866393FD: changes role from      null to FOLLOWER at term 0 for startAsFollower
2023-09-07 08:55:30,525 [5b4afb20-df00-40b2-9151-744536d77108-groupManagement] INFO  impl.RoleInfo (RoleInfo.java:updateAndGet(139)) - 5b4afb20-df00-40b2-9151-744536d77108: start 5b4afb20-df00-40b2-9151-744536d77108@group-9A9D866393FD-FollowerState
2023-09-07 08:55:30,526 [5b4afb20-df00-40b2-9151-744536d77108-groupManagement] INFO  util.JmxRegister (JmxRegister.java:tryRegister(44)) - Successfully registered JMX Bean with object name Ratis:service=RaftServer,group=group-9A9D866393FD,id=5b4afb20-df00-40b2-9151-744536d77108
2023-09-07 08:55:30,526 [5b4afb20-df00-40b2-9151-744536d77108-groupManagement] INFO  server.RaftServerConfigKeys (ConfUtils.java:logGet(46)) - raft.server.snapshot.auto.trigger.enabled = true (custom)
2023-09-07 08:55:30,526 [5b4afb20-df00-40b2-9151-744536d77108-groupManagement] INFO  server.RaftServerConfigKeys (ConfUtils.java:logGet(46)) - raft.server.snapshot.auto.trigger.threshold = 10000 (custom)
2023-09-07 08:55:30,526 [5b4afb20-df00-40b2-9151-744536d77108-groupManagement] INFO  server.RaftServerConfigKeys (ConfUtils.java:logGet(46)) - raft.server.snapshot.retention.file.num = 5 (custom)
2023-09-07 08:55:30,526 [5b4afb20-df00-40b2-9151-744536d77108-groupManagement] INFO  server.RaftServerConfigKeys (ConfUtils.java:logGet(46)) - raft.server.log.purge.upto.snapshot.index = false (default)
2023-09-07 08:55:30,527 [PipelineCommandHandlerThread-0] INFO  ratis.XceiverServerRatis (XceiverServerRatis.java:addGroup(804)) - Created group PipelineID=cf4e3318-2c5c-4351-a670-9a9d866393fd
2023-09-07 08:55:30,531 [5b4afb20-df00-40b2-9151-744536d77108@group-9A9D866393FD-FollowerState] INFO  server.RaftServerConfigKeys (ConfUtils.java:logFallback(53)) - raft.server.rpc.first-election.timeout.min = 5s (fallback to raft.server.rpc.timeout.min)
2023-09-07 08:55:30,531 [5b4afb20-df00-40b2-9151-744536d77108@group-9A9D866393FD-FollowerState] INFO  server.RaftServerConfigKeys (ConfUtils.java:logFallback(53)) - raft.server.rpc.first-election.timeout.max = 5200ms (fallback to raft.server.rpc.timeout.max)
2023-09-07 08:55:30,543 [grpc-default-executor-0] INFO  server.RaftServer (RaftServerProxy.java:addNew(98)) - a9310303-e7f9-4a41-8a27-a7a2ce3a6d76: addNew group-9A9D866393FD:[5b4afb20-df00-40b2-9151-744536d77108|rpc:10.1.0.48:15120|admin:10.1.0.48:15119|client:10.1.0.48:15118|dataStream:10.1.0.48:15121|priority:0|startupRole:FOLLOWER, a9310303-e7f9-4a41-8a27-a7a2ce3a6d76|rpc:10.1.0.48:15129|admin:10.1.0.48:15128|client:10.1.0.48:15127|dataStream:10.1.0.48:15130|priority:0|startupRole:FOLLOWER, a16823de-594d-4810-9c20-2473ba2acfd2|rpc:10.1.0.48:15138|admin:10.1.0.48:15137|client:10.1.0.48:15136|dataStream:10.1.0.48:15139|priority:1|startupRole:FOLLOWER] returns group-9A9D866393FD:java.util.concurrent.CompletableFuture@27a00a1f[Not completed]
2023-09-07 08:55:30,545 [a9310303-e7f9-4a41-8a27-a7a2ce3a6d76-groupManagement] INFO  server.RaftServer$Division (RaftServerImpl.java:<init>(198)) - a9310303-e7f9-4a41-8a27-a7a2ce3a6d76: new RaftServerImpl for group-9A9D866393FD:[5b4afb20-df00-40b2-9151-744536d77108|rpc:10.1.0.48:15120|admin:10.1.0.48:15119|client:10.1.0.48:15118|dataStream:10.1.0.48:15121|priority:0|startupRole:FOLLOWER, a9310303-e7f9-4a41-8a27-a7a2ce3a6d76|rpc:10.1.0.48:15129|admin:10.1.0.48:15128|client:10.1.0.48:15127|dataStream:10.1.0.48:15130|priority:0|startupRole:FOLLOWER, a16823de-594d-4810-9c20-2473ba2acfd2|rpc:10.1.0.48:15138|admin:10.1.0.48:15137|client:10.1.0.48:15136|dataStream:10.1.0.48:15139|priority:1|startupRole:FOLLOWER] with ContainerStateMachine:uninitialized
2023-09-07 08:55:30,545 [a9310303-e7f9-4a41-8a27-a7a2ce3a6d76-groupManagement] INFO  server.RaftServerConfigKeys (ConfUtils.java:logGet(46)) - raft.server.rpc.timeout.min = 5s (custom)
2023-09-07 08:55:30,545 [a9310303-e7f9-4a41-8a27-a7a2ce3a6d76-groupManagement] INFO  server.RaftServerConfigKeys (ConfUtils.java:logGet(46)) - raft.server.rpc.timeout.max = 5200ms (custom)
2023-09-07 08:55:30,545 [a9310303-e7f9-4a41-8a27-a7a2ce3a6d76-groupManagement] INFO  server.RaftServerConfigKeys (ConfUtils.java:logGet(46)) - raft.server.rpc.sleep.time = 25ms (default)
2023-09-07 08:55:30,545 [a9310303-e7f9-4a41-8a27-a7a2ce3a6d76-groupManagement] INFO  server.RaftServerConfigKeys (ConfUtils.java:logGet(46)) - raft.server.rpc.slowness.timeout = 300s (custom)
2023-09-07 08:55:30,545 [a9310303-e7f9-4a41-8a27-a7a2ce3a6d76-groupManagement] INFO  server.RaftServerConfigKeys (ConfUtils.java:logGet(46)) - raft.server.leaderelection.leader.step-down.wait-time = 10s (default)
2023-09-07 08:55:30,545 [a9310303-e7f9-4a41-8a27-a7a2ce3a6d76-groupManagement] INFO  server.RaftServerConfigKeys (ConfUtils.java:logGet(46)) - raft.server.sleep.deviation.threshold = 300ms (default)
2023-09-07 08:55:30,545 [a9310303-e7f9-4a41-8a27-a7a2ce3a6d76-groupManagement] INFO  server.RaftServer$Division (ServerState.java:<init>(120)) - a9310303-e7f9-4a41-8a27-a7a2ce3a6d76@group-9A9D866393FD: ConfigurationManager, init=-1: peers:[5b4afb20-df00-40b2-9151-744536d77108|rpc:10.1.0.48:15120|admin:10.1.0.48:15119|client:10.1.0.48:15118|dataStream:10.1.0.48:15121|priority:0|startupRole:FOLLOWER, a9310303-e7f9-4a41-8a27-a7a2ce3a6d76|rpc:10.1.0.48:15129|admin:10.1.0.48:15128|client:10.1.0.48:15127|dataStream:10.1.0.48:15130|priority:0|startupRole:FOLLOWER, a16823de-594d-4810-9c20-2473ba2acfd2|rpc:10.1.0.48:15138|admin:10.1.0.48:15137|client:10.1.0.48:15136|dataStream:10.1.0.48:15139|priority:1|startupRole:FOLLOWER]|listeners:[], old=null, confs=<EMPTY_MAP>
2023-09-07 08:55:30,545 [a9310303-e7f9-4a41-8a27-a7a2ce3a6d76-groupManagement] INFO  server.RaftServerConfigKeys (ConfUtils.java:logGet(46)) - raft.server.storage.dir = [/home/runner/work/ozone/ozone/hadoop-ozone/integration-test/target/test-dir/MiniOzoneClusterImpl-06b57250-6369-4c93-9764-bbc94174df1e/datanode-1/data/ratis] (custom)
2023-09-07 08:55:30,545 [a9310303-e7f9-4a41-8a27-a7a2ce3a6d76-groupManagement] INFO  server.RaftServerConfigKeys (ConfUtils.java:logGet(46)) - raft.server.log.corruption.policy = EXCEPTION (default)
2023-09-07 08:55:30,546 [a9310303-e7f9-4a41-8a27-a7a2ce3a6d76-groupManagement] INFO  server.RaftServerConfigKeys (ConfUtils.java:logGet(46)) - raft.server.storage.free-space.min = 0MB (=0) (default)
2023-09-07 08:55:30,546 [a9310303-e7f9-4a41-8a27-a7a2ce3a6d76-groupManagement] INFO  server.RaftServerConfigKeys (ConfUtils.java:logGet(46)) - raft.server.notification.no-leader.timeout = 300s (custom)
2023-09-07 08:55:30,546 [a9310303-e7f9-4a41-8a27-a7a2ce3a6d76-groupManagement] INFO  server.RaftServerConfigKeys (ConfUtils.java:logGet(46)) - raft.server.read.timeout = 10s (default)
2023-09-07 08:55:30,546 [a9310303-e7f9-4a41-8a27-a7a2ce3a6d76-groupManagement] INFO  server.RaftServerConfigKeys (ConfUtils.java:logGet(46)) - raft.server.retrycache.expirytime = 600000ms (custom)
2023-09-07 08:55:30,546 [a9310303-e7f9-4a41-8a27-a7a2ce3a6d76-groupManagement] INFO  server.RaftServerConfigKeys (ConfUtils.java:logGet(46)) - raft.server.retrycache.statistics.expirytime = 100μs (default)
2023-09-07 08:55:30,546 [a9310303-e7f9-4a41-8a27-a7a2ce3a6d76-groupManagement] INFO  server.RaftServerConfigKeys (ConfUtils.java:logGet(46)) - raft.server.read.option = DEFAULT (default)
2023-09-07 08:55:30,547 [a9310303-e7f9-4a41-8a27-a7a2ce3a6d76-groupManagement] INFO  server.RaftServerConfigKeys (ConfUtils.java:logGet(46)) - raft.server.rpc.request.timeout = 60s (custom)
2023-09-07 08:55:30,547 [a9310303-e7f9-4a41-8a27-a7a2ce3a6d76-groupManagement] INFO  server.RaftServerConfigKeys (ConfUtils.java:logGet(46)) - raft.server.log.appender.install.snapshot.enabled = false (custom)
2023-09-07 08:55:30,547 [a9310303-e7f9-4a41-8a27-a7a2ce3a6d76-groupManagement] INFO  server.RaftServerConfigKeys (ConfUtils.java:logGet(46)) - raft.server.threadpool.server.cached = true (default)
2023-09-07 08:55:30,547 [a9310303-e7f9-4a41-8a27-a7a2ce3a6d76-groupManagement] INFO  server.RaftServerConfigKeys (ConfUtils.java:logGet(46)) - raft.server.threadpool.server.size = 0 (default)
2023-09-07 08:55:30,547 [a9310303-e7f9-4a41-8a27-a7a2ce3a6d76-groupManagement] INFO  server.RaftServerConfigKeys (ConfUtils.java:logGet(46)) - raft.server.threadpool.client.cached = true (default)
2023-09-07 08:55:30,547 [a9310303-e7f9-4a41-8a27-a7a2ce3a6d76-groupManagement] INFO  server.RaftServerConfigKeys (ConfUtils.java:logGet(46)) - raft.server.threadpool.client.size = 0 (default)
2023-09-07 08:55:30,547 [a9310303-e7f9-4a41-8a27-a7a2ce3a6d76-groupManagement] INFO  storage.RaftStorageDirectory (RaftStorageDirectoryImpl.java:analyzeStorage(137)) - The storage directory /home/runner/work/ozone/ozone/hadoop-ozone/integration-test/target/test-dir/MiniOzoneClusterImpl-06b57250-6369-4c93-9764-bbc94174df1e/datanode-1/data/ratis/cf4e3318-2c5c-4351-a670-9a9d866393fd does not exist. Creating ...
2023-09-07 08:55:30,549 [a9310303-e7f9-4a41-8a27-a7a2ce3a6d76-groupManagement] INFO  storage.RaftStorageDirectory (RaftStorageDirectoryImpl.java:tryLock(231)) - Lock on /home/runner/work/ozone/ozone/hadoop-ozone/integration-test/target/test-dir/MiniOzoneClusterImpl-06b57250-6369-4c93-9764-bbc94174df1e/datanode-1/data/ratis/cf4e3318-2c5c-4351-a670-9a9d866393fd/in_use.lock acquired by nodename 7589@fv-az793-921
2023-09-07 08:55:30,551 [a9310303-e7f9-4a41-8a27-a7a2ce3a6d76-groupManagement] INFO  storage.RaftStorage (RaftStorageImpl.java:format(96)) - Storage directory /home/runner/work/ozone/ozone/hadoop-ozone/integration-test/target/test-dir/MiniOzoneClusterImpl-06b57250-6369-4c93-9764-bbc94174df1e/datanode-1/data/ratis/cf4e3318-2c5c-4351-a670-9a9d866393fd has been successfully formatted.
2023-09-07 08:55:30,552 [a9310303-e7f9-4a41-8a27-a7a2ce3a6d76-groupManagement] INFO  ratis.ContainerStateMachine (ContainerStateMachine.java:loadSnapshot(262)) - group-9A9D866393FD: The snapshot info is null. Setting the last applied indexto:(t:0, i:~)
2023-09-07 08:55:30,555 [a9310303-e7f9-4a41-8a27-a7a2ce3a6d76-groupManagement] INFO  server.RaftServerConfigKeys (ConfUtils.java:logGet(46)) - raft.server.log.use.memory = false (default)
2023-09-07 08:55:30,555 [a9310303-e7f9-4a41-8a27-a7a2ce3a6d76-groupManagement] INFO  server.RaftServerConfigKeys (ConfUtils.java:logGet(46)) - raft.server.log.purge.gap = 1000000 (custom)
2023-09-07 08:55:30,555 [a9310303-e7f9-4a41-8a27-a7a2ce3a6d76-groupManagement] INFO  server.RaftServerConfigKeys (ConfUtils.java:logGet(46)) - raft.server.log.appender.buffer.byte-limit = 33554432 (custom)
2023-09-07 08:55:30,555 [a9310303-e7f9-4a41-8a27-a7a2ce3a6d76-groupManagement] INFO  server.RaftServerConfigKeys (ConfUtils.java:logGet(46)) - raft.server.log.statemachine.data.read.timeout = 1000ms (default)
2023-09-07 08:55:30,555 [a9310303-e7f9-4a41-8a27-a7a2ce3a6d76-groupManagement] INFO  server.RaftServerConfigKeys (ConfUtils.java:logGet(46)) - raft.server.log.purge.preservation.log.num = 0 (default)
2023-09-07 08:55:30,555 [a9310303-e7f9-4a41-8a27-a7a2ce3a6d76-groupManagement] INFO  server.RaftServerConfigKeys (ConfUtils.java:logGet(46)) - raft.server.log.segment.size.max = 1048576 (custom)
2023-09-07 08:55:30,556 [a9310303-e7f9-4a41-8a27-a7a2ce3a6d76-groupManagement] INFO  server.RaftServerConfigKeys (ConfUtils.java:logGet(46)) - raft.server.log.segment.cache.num.max = 2 (custom)
2023-09-07 08:55:30,557 [a9310303-e7f9-4a41-8a27-a7a2ce3a6d76-groupManagement] INFO  server.RaftServerConfigKeys (ConfUtils.java:logGet(46)) - raft.server.log.segment.cache.size.max = 200MB (=209715200) (default)
2023-09-07 08:55:30,557 [a9310303-e7f9-4a41-8a27-a7a2ce3a6d76-groupManagement] INFO  server.RaftServerConfigKeys (ConfUtils.java:logGet(46)) - raft.server.log.appender.buffer.byte-limit = 33554432 (custom)
2023-09-07 08:55:30,557 [a9310303-e7f9-4a41-8a27-a7a2ce3a6d76-groupManagement] INFO  segmented.SegmentedRaftLogWorker (SegmentedRaftLogWorker.java:<init>(188)) - new a9310303-e7f9-4a41-8a27-a7a2ce3a6d76@group-9A9D866393FD-SegmentedRaftLogWorker for RaftStorageImpl:Storage Directory /home/runner/work/ozone/ozone/hadoop-ozone/integration-test/target/test-dir/MiniOzoneClusterImpl-06b57250-6369-4c93-9764-bbc94174df1e/datanode-1/data/ratis/cf4e3318-2c5c-4351-a670-9a9d866393fd
2023-09-07 08:55:30,557 [a9310303-e7f9-4a41-8a27-a7a2ce3a6d76-groupManagement] INFO  server.RaftServerConfigKeys (ConfUtils.java:logGet(46)) - raft.server.log.queue.byte-limit = 4294967296 (custom)
2023-09-07 08:55:30,557 [a9310303-e7f9-4a41-8a27-a7a2ce3a6d76-groupManagement] INFO  server.RaftServerConfigKeys (ConfUtils.java:logGet(46)) - raft.server.log.queue.element-limit = 1024 (custom)
2023-09-07 08:55:30,557 [a9310303-e7f9-4a41-8a27-a7a2ce3a6d76-groupManagement] INFO  server.RaftServerConfigKeys (ConfUtils.java:logGet(46)) - raft.server.log.segment.size.max = 1048576 (custom)
2023-09-07 08:55:30,557 [a9310303-e7f9-4a41-8a27-a7a2ce3a6d76-groupManagement] INFO  server.RaftServerConfigKeys (ConfUtils.java:logGet(46)) - raft.server.log.preallocated.size = 16384 (custom)
2023-09-07 08:55:30,557 [a9310303-e7f9-4a41-8a27-a7a2ce3a6d76-groupManagement] INFO  server.RaftServerConfigKeys (ConfUtils.java:logGet(46)) - raft.server.log.force.sync.num = 128 (default)
2023-09-07 08:55:30,557 [a9310303-e7f9-4a41-8a27-a7a2ce3a6d76-groupManagement] INFO  server.RaftServerConfigKeys (ConfUtils.java:logGet(46)) - raft.server.log.statemachine.data.sync = true (default)
2023-09-07 08:55:30,557 [a9310303-e7f9-4a41-8a27-a7a2ce3a6d76-groupManagement] INFO  server.RaftServerConfigKeys (ConfUtils.java:logGet(46)) - raft.server.log.statemachine.data.sync.timeout = 10s (default)
2023-09-07 08:55:30,557 [a9310303-e7f9-4a41-8a27-a7a2ce3a6d76-groupManagement] INFO  server.RaftServerConfigKeys (ConfUtils.java:logGet(46)) - raft.server.log.statemachine.data.sync.timeout.retry = -1 (default)
2023-09-07 08:55:30,558 [a9310303-e7f9-4a41-8a27-a7a2ce3a6d76-groupManagement] INFO  server.RaftServerConfigKeys (ConfUtils.java:logGet(46)) - raft.server.log.write.buffer.size = 1048576 (custom)
2023-09-07 08:55:30,559 [a9310303-e7f9-4a41-8a27-a7a2ce3a6d76-groupManagement] INFO  server.RaftServerConfigKeys (ConfUtils.java:logGet(46)) - raft.server.log.appender.buffer.byte-limit = 33554432 (custom)
2023-09-07 08:55:30,567 [a9310303-e7f9-4a41-8a27-a7a2ce3a6d76-groupManagement] INFO  server.RaftServerConfigKeys (ConfUtils.java:logGet(46)) - raft.server.log.unsafe-flush.enabled = false (default)
2023-09-07 08:55:30,568 [a9310303-e7f9-4a41-8a27-a7a2ce3a6d76-groupManagement] INFO  server.RaftServerConfigKeys (ConfUtils.java:logGet(46)) - raft.server.log.async-flush.enabled = false (default)
2023-09-07 08:55:30,568 [a9310303-e7f9-4a41-8a27-a7a2ce3a6d76-groupManagement] INFO  server.RaftServerConfigKeys (ConfUtils.java:logGet(46)) - raft.server.log.statemachine.data.caching.enabled = true (custom)
2023-09-07 08:55:30,568 [a9310303-e7f9-4a41-8a27-a7a2ce3a6d76-groupManagement] INFO  segmented.SegmentedRaftLogWorker (SegmentedRaftLogWorker.java:lambda$new$0(135)) - a9310303-e7f9-4a41-8a27-a7a2ce3a6d76@group-9A9D866393FD-SegmentedRaftLogWorker: flushIndex: setUnconditionally 0 -> -1
2023-09-07 08:55:30,568 [a9310303-e7f9-4a41-8a27-a7a2ce3a6d76-groupManagement] INFO  segmented.SegmentedRaftLogWorker (SegmentedRaftLogWorker.java:lambda$new$0(135)) - a9310303-e7f9-4a41-8a27-a7a2ce3a6d76@group-9A9D866393FD-SegmentedRaftLogWorker: safeCacheEvictIndex: setUnconditionally 0 -> -1
2023-09-07 08:55:30,569 [a9310303-e7f9-4a41-8a27-a7a2ce3a6d76-groupManagement] INFO  server.RaftServer$Division (RaftServerImpl.java:start(342)) - a9310303-e7f9-4a41-8a27-a7a2ce3a6d76@group-9A9D866393FD: start as a follower, conf=-1: peers:[5b4afb20-df00-40b2-9151-744536d77108|rpc:10.1.0.48:15120|admin:10.1.0.48:15119|client:10.1.0.48:15118|dataStream:10.1.0.48:15121|priority:0|startupRole:FOLLOWER, a9310303-e7f9-4a41-8a27-a7a2ce3a6d76|rpc:10.1.0.48:15129|admin:10.1.0.48:15128|client:10.1.0.48:15127|dataStream:10.1.0.48:15130|priority:0|startupRole:FOLLOWER, a16823de-594d-4810-9c20-2473ba2acfd2|rpc:10.1.0.48:15138|admin:10.1.0.48:15137|client:10.1.0.48:15136|dataStream:10.1.0.48:15139|priority:1|startupRole:FOLLOWER]|listeners:[], old=null
2023-09-07 08:55:30,569 [a9310303-e7f9-4a41-8a27-a7a2ce3a6d76-groupManagement] INFO  server.RaftServer$Division (RaftServerImpl.java:setRole(329)) - a9310303-e7f9-4a41-8a27-a7a2ce3a6d76@group-9A9D866393FD: changes role from      null to FOLLOWER at term 0 for startAsFollower
2023-09-07 08:55:30,569 [a9310303-e7f9-4a41-8a27-a7a2ce3a6d76-groupManagement] INFO  impl.RoleInfo (RoleInfo.java:updateAndGet(139)) - a9310303-e7f9-4a41-8a27-a7a2ce3a6d76: start a9310303-e7f9-4a41-8a27-a7a2ce3a6d76@group-9A9D866393FD-FollowerState
2023-09-07 08:55:30,569 [a9310303-e7f9-4a41-8a27-a7a2ce3a6d76-groupManagement] INFO  util.JmxRegister (JmxRegister.java:tryRegister(44)) - Successfully registered JMX Bean with object name Ratis:service=RaftServer,group=group-9A9D866393FD,id=a9310303-e7f9-4a41-8a27-a7a2ce3a6d76
2023-09-07 08:55:30,569 [a9310303-e7f9-4a41-8a27-a7a2ce3a6d76-groupManagement] INFO  server.RaftServerConfigKeys (ConfUtils.java:logGet(46)) - raft.server.snapshot.auto.trigger.enabled = true (custom)
2023-09-07 08:55:30,569 [a9310303-e7f9-4a41-8a27-a7a2ce3a6d76-groupManagement] INFO  server.RaftServerConfigKeys (ConfUtils.java:logGet(46)) - raft.server.snapshot.auto.trigger.threshold = 10000 (custom)
2023-09-07 08:55:30,569 [a9310303-e7f9-4a41-8a27-a7a2ce3a6d76-groupManagement] INFO  server.RaftServerConfigKeys (ConfUtils.java:logGet(46)) - raft.server.snapshot.retention.file.num = 5 (custom)
2023-09-07 08:55:30,569 [a9310303-e7f9-4a41-8a27-a7a2ce3a6d76-groupManagement] INFO  server.RaftServerConfigKeys (ConfUtils.java:logGet(46)) - raft.server.log.purge.upto.snapshot.index = false (default)
2023-09-07 08:55:30,571 [a9310303-e7f9-4a41-8a27-a7a2ce3a6d76@group-9A9D866393FD-FollowerState] INFO  server.RaftServerConfigKeys (ConfUtils.java:logFallback(53)) - raft.server.rpc.first-election.timeout.min = 5s (fallback to raft.server.rpc.timeout.min)
2023-09-07 08:55:30,589 [a9310303-e7f9-4a41-8a27-a7a2ce3a6d76@group-9A9D866393FD-FollowerState] INFO  server.RaftServerConfigKeys (ConfUtils.java:logFallback(53)) - raft.server.rpc.first-election.timeout.max = 5200ms (fallback to raft.server.rpc.timeout.max)
2023-09-07 08:55:30,598 [grpc-default-executor-0] INFO  server.RaftServer (RaftServerProxy.java:addNew(98)) - a16823de-594d-4810-9c20-2473ba2acfd2: addNew group-9A9D866393FD:[5b4afb20-df00-40b2-9151-744536d77108|rpc:10.1.0.48:15120|admin:10.1.0.48:15119|client:10.1.0.48:15118|dataStream:10.1.0.48:15121|priority:0|startupRole:FOLLOWER, a9310303-e7f9-4a41-8a27-a7a2ce3a6d76|rpc:10.1.0.48:15129|admin:10.1.0.48:15128|client:10.1.0.48:15127|dataStream:10.1.0.48:15130|priority:0|startupRole:FOLLOWER, a16823de-594d-4810-9c20-2473ba2acfd2|rpc:10.1.0.48:15138|admin:10.1.0.48:15137|client:10.1.0.48:15136|dataStream:10.1.0.48:15139|priority:1|startupRole:FOLLOWER] returns group-9A9D866393FD:java.util.concurrent.CompletableFuture@4328cf9b[Not completed]
2023-09-07 08:55:30,600 [a16823de-594d-4810-9c20-2473ba2acfd2-groupManagement] INFO  server.RaftServer$Division (RaftServerImpl.java:<init>(198)) - a16823de-594d-4810-9c20-2473ba2acfd2: new RaftServerImpl for group-9A9D866393FD:[5b4afb20-df00-40b2-9151-744536d77108|rpc:10.1.0.48:15120|admin:10.1.0.48:15119|client:10.1.0.48:15118|dataStream:10.1.0.48:15121|priority:0|startupRole:FOLLOWER, a9310303-e7f9-4a41-8a27-a7a2ce3a6d76|rpc:10.1.0.48:15129|admin:10.1.0.48:15128|client:10.1.0.48:15127|dataStream:10.1.0.48:15130|priority:0|startupRole:FOLLOWER, a16823de-594d-4810-9c20-2473ba2acfd2|rpc:10.1.0.48:15138|admin:10.1.0.48:15137|client:10.1.0.48:15136|dataStream:10.1.0.48:15139|priority:1|startupRole:FOLLOWER] with ContainerStateMachine:uninitialized
2023-09-07 08:55:30,600 [a16823de-594d-4810-9c20-2473ba2acfd2-groupManagement] INFO  server.RaftServerConfigKeys (ConfUtils.java:logGet(46)) - raft.server.rpc.timeout.min = 5s (custom)
2023-09-07 08:55:30,600 [a16823de-594d-4810-9c20-2473ba2acfd2-groupManagement] INFO  server.RaftServerConfigKeys (ConfUtils.java:logGet(46)) - raft.server.rpc.timeout.max = 5200ms (custom)
2023-09-07 08:55:30,600 [a16823de-594d-4810-9c20-2473ba2acfd2-groupManagement] INFO  server.RaftServerConfigKeys (ConfUtils.java:logGet(46)) - raft.server.rpc.sleep.time = 25ms (default)
2023-09-07 08:55:30,600 [a16823de-594d-4810-9c20-2473ba2acfd2-groupManagement] INFO  server.RaftServerConfigKeys (ConfUtils.java:logGet(46)) - raft.server.rpc.slowness.timeout = 300s (custom)
2023-09-07 08:55:30,600 [a16823de-594d-4810-9c20-2473ba2acfd2-groupManagement] INFO  server.RaftServerConfigKeys (ConfUtils.java:logGet(46)) - raft.server.leaderelection.leader.step-down.wait-time = 10s (default)
2023-09-07 08:55:30,600 [a16823de-594d-4810-9c20-2473ba2acfd2-groupManagement] INFO  server.RaftServerConfigKeys (ConfUtils.java:logGet(46)) - raft.server.sleep.deviation.threshold = 300ms (default)
2023-09-07 08:55:30,600 [a16823de-594d-4810-9c20-2473ba2acfd2-groupManagement] INFO  server.RaftServer$Division (ServerState.java:<init>(120)) - a16823de-594d-4810-9c20-2473ba2acfd2@group-9A9D866393FD: ConfigurationManager, init=-1: peers:[5b4afb20-df00-40b2-9151-744536d77108|rpc:10.1.0.48:15120|admin:10.1.0.48:15119|client:10.1.0.48:15118|dataStream:10.1.0.48:15121|priority:0|startupRole:FOLLOWER, a9310303-e7f9-4a41-8a27-a7a2ce3a6d76|rpc:10.1.0.48:15129|admin:10.1.0.48:15128|client:10.1.0.48:15127|dataStream:10.1.0.48:15130|priority:0|startupRole:FOLLOWER, a16823de-594d-4810-9c20-2473ba2acfd2|rpc:10.1.0.48:15138|admin:10.1.0.48:15137|client:10.1.0.48:15136|dataStream:10.1.0.48:15139|priority:1|startupRole:FOLLOWER]|listeners:[], old=null, confs=<EMPTY_MAP>
2023-09-07 08:55:30,600 [a16823de-594d-4810-9c20-2473ba2acfd2-groupManagement] INFO  server.RaftServerConfigKeys (ConfUtils.java:logGet(46)) - raft.server.storage.dir = [/home/runner/work/ozone/ozone/hadoop-ozone/integration-test/target/test-dir/MiniOzoneClusterImpl-06b57250-6369-4c93-9764-bbc94174df1e/datanode-2/data/ratis] (custom)
2023-09-07 08:55:30,601 [a16823de-594d-4810-9c20-2473ba2acfd2-groupManagement] INFO  server.RaftServerConfigKeys (ConfUtils.java:logGet(46)) - raft.server.log.corruption.policy = EXCEPTION (default)
2023-09-07 08:55:30,601 [a16823de-594d-4810-9c20-2473ba2acfd2-groupManagement] INFO  server.RaftServerConfigKeys (ConfUtils.java:logGet(46)) - raft.server.storage.free-space.min = 0MB (=0) (default)
2023-09-07 08:55:30,601 [a16823de-594d-4810-9c20-2473ba2acfd2-groupManagement] INFO  server.RaftServerConfigKeys (ConfUtils.java:logGet(46)) - raft.server.notification.no-leader.timeout = 300s (custom)
2023-09-07 08:55:30,601 [a16823de-594d-4810-9c20-2473ba2acfd2-groupManagement] INFO  server.RaftServerConfigKeys (ConfUtils.java:logGet(46)) - raft.server.read.timeout = 10s (default)
2023-09-07 08:55:30,601 [a16823de-594d-4810-9c20-2473ba2acfd2-groupManagement] INFO  server.RaftServerConfigKeys (ConfUtils.java:logGet(46)) - raft.server.retrycache.expirytime = 600000ms (custom)
2023-09-07 08:55:30,601 [a16823de-594d-4810-9c20-2473ba2acfd2-groupManagement] INFO  server.RaftServerConfigKeys (ConfUtils.java:logGet(46)) - raft.server.retrycache.statistics.expirytime = 100μs (default)
2023-09-07 08:55:30,601 [a16823de-594d-4810-9c20-2473ba2acfd2-groupManagement] INFO  server.RaftServerConfigKeys (ConfUtils.java:logGet(46)) - raft.server.read.option = DEFAULT (default)
2023-09-07 08:55:30,602 [a16823de-594d-4810-9c20-2473ba2acfd2-groupManagement] INFO  server.RaftServerConfigKeys (ConfUtils.java:logGet(46)) - raft.server.rpc.request.timeout = 60s (custom)
2023-09-07 08:55:30,603 [a16823de-594d-4810-9c20-2473ba2acfd2-groupManagement] INFO  server.RaftServerConfigKeys (ConfUtils.java:logGet(46)) - raft.server.log.appender.install.snapshot.enabled = false (custom)
2023-09-07 08:55:30,603 [a16823de-594d-4810-9c20-2473ba2acfd2-groupManagement] INFO  server.RaftServerConfigKeys (ConfUtils.java:logGet(46)) - raft.server.threadpool.server.cached = true (default)
2023-09-07 08:55:30,603 [a16823de-594d-4810-9c20-2473ba2acfd2-groupManagement] INFO  server.RaftServerConfigKeys (ConfUtils.java:logGet(46)) - raft.server.threadpool.server.size = 0 (default)
2023-09-07 08:55:30,603 [a16823de-594d-4810-9c20-2473ba2acfd2-groupManagement] INFO  server.RaftServerConfigKeys (ConfUtils.java:logGet(46)) - raft.server.threadpool.client.cached = true (default)
2023-09-07 08:55:30,603 [a16823de-594d-4810-9c20-2473ba2acfd2-groupManagement] INFO  server.RaftServerConfigKeys (ConfUtils.java:logGet(46)) - raft.server.threadpool.client.size = 0 (default)
2023-09-07 08:55:30,603 [a16823de-594d-4810-9c20-2473ba2acfd2-groupManagement] INFO  storage.RaftStorageDirectory (RaftStorageDirectoryImpl.java:analyzeStorage(137)) - The storage directory /home/runner/work/ozone/ozone/hadoop-ozone/integration-test/target/test-dir/MiniOzoneClusterImpl-06b57250-6369-4c93-9764-bbc94174df1e/datanode-2/data/ratis/cf4e3318-2c5c-4351-a670-9a9d866393fd does not exist. Creating ...
2023-09-07 08:55:30,605 [a16823de-594d-4810-9c20-2473ba2acfd2-groupManagement] INFO  storage.RaftStorageDirectory (RaftStorageDirectoryImpl.java:tryLock(231)) - Lock on /home/runner/work/ozone/ozone/hadoop-ozone/integration-test/target/test-dir/MiniOzoneClusterImpl-06b57250-6369-4c93-9764-bbc94174df1e/datanode-2/data/ratis/cf4e3318-2c5c-4351-a670-9a9d866393fd/in_use.lock acquired by nodename 7589@fv-az793-921
2023-09-07 08:55:30,606 [a16823de-594d-4810-9c20-2473ba2acfd2-groupManagement] INFO  storage.RaftStorage (RaftStorageImpl.java:format(96)) - Storage directory /home/runner/work/ozone/ozone/hadoop-ozone/integration-test/target/test-dir/MiniOzoneClusterImpl-06b57250-6369-4c93-9764-bbc94174df1e/datanode-2/data/ratis/cf4e3318-2c5c-4351-a670-9a9d866393fd has been successfully formatted.
2023-09-07 08:55:30,609 [a16823de-594d-4810-9c20-2473ba2acfd2-groupManagement] INFO  ratis.ContainerStateMachine (ContainerStateMachine.java:loadSnapshot(262)) - group-9A9D866393FD: The snapshot info is null. Setting the last applied indexto:(t:0, i:~)
2023-09-07 08:55:30,609 [a16823de-594d-4810-9c20-2473ba2acfd2-groupManagement] INFO  server.RaftServerConfigKeys (ConfUtils.java:logGet(46)) - raft.server.log.use.memory = false (default)
2023-09-07 08:55:30,609 [a16823de-594d-4810-9c20-2473ba2acfd2-groupManagement] INFO  server.RaftServerConfigKeys (ConfUtils.java:logGet(46)) - raft.server.log.purge.gap = 1000000 (custom)
2023-09-07 08:55:30,609 [a16823de-594d-4810-9c20-2473ba2acfd2-groupManagement] INFO  server.RaftServerConfigKeys (ConfUtils.java:logGet(46)) - raft.server.log.appender.buffer.byte-limit = 33554432 (custom)
2023-09-07 08:55:30,609 [a16823de-594d-4810-9c20-2473ba2acfd2-groupManagement] INFO  server.RaftServerConfigKeys (ConfUtils.java:logGet(46)) - raft.server.log.statemachine.data.read.timeout = 1000ms (default)
2023-09-07 08:55:30,610 [a16823de-594d-4810-9c20-2473ba2acfd2-groupManagement] INFO  server.RaftServerConfigKeys (ConfUtils.java:logGet(46)) - raft.server.log.purge.preservation.log.num = 0 (default)
2023-09-07 08:55:30,610 [a16823de-594d-4810-9c20-2473ba2acfd2-groupManagement] INFO  server.RaftServerConfigKeys (ConfUtils.java:logGet(46)) - raft.server.log.segment.size.max = 1048576 (custom)
2023-09-07 08:55:30,610 [a16823de-594d-4810-9c20-2473ba2acfd2-groupManagement] INFO  server.RaftServerConfigKeys (ConfUtils.java:logGet(46)) - raft.server.log.segment.cache.num.max = 2 (custom)
2023-09-07 08:55:30,610 [a16823de-594d-4810-9c20-2473ba2acfd2-groupManagement] INFO  server.RaftServerConfigKeys (ConfUtils.java:logGet(46)) - raft.server.log.segment.cache.size.max = 200MB (=209715200) (default)
2023-09-07 08:55:30,610 [a16823de-594d-4810-9c20-2473ba2acfd2-groupManagement] INFO  server.RaftServerConfigKeys (ConfUtils.java:logGet(46)) - raft.server.log.appender.buffer.byte-limit = 33554432 (custom)
2023-09-07 08:55:30,610 [a16823de-594d-4810-9c20-2473ba2acfd2-groupManagement] INFO  segmented.SegmentedRaftLogWorker (SegmentedRaftLogWorker.java:<init>(188)) - new a16823de-594d-4810-9c20-2473ba2acfd2@group-9A9D866393FD-SegmentedRaftLogWorker for RaftStorageImpl:Storage Directory /home/runner/work/ozone/ozone/hadoop-ozone/integration-test/target/test-dir/MiniOzoneClusterImpl-06b57250-6369-4c93-9764-bbc94174df1e/datanode-2/data/ratis/cf4e3318-2c5c-4351-a670-9a9d866393fd
2023-09-07 08:55:30,610 [a16823de-594d-4810-9c20-2473ba2acfd2-groupManagement] INFO  server.RaftServerConfigKeys (ConfUtils.java:logGet(46)) - raft.server.log.queue.byte-limit = 4294967296 (custom)
2023-09-07 08:55:30,610 [a16823de-594d-4810-9c20-2473ba2acfd2-groupManagement] INFO  server.RaftServerConfigKeys (ConfUtils.java:logGet(46)) - raft.server.log.queue.element-limit = 1024 (custom)
2023-09-07 08:55:30,611 [a16823de-594d-4810-9c20-2473ba2acfd2-groupManagement] INFO  server.RaftServerConfigKeys (ConfUtils.java:logGet(46)) - raft.server.log.segment.size.max = 1048576 (custom)
2023-09-07 08:55:30,611 [a16823de-594d-4810-9c20-2473ba2acfd2-groupManagement] INFO  server.RaftServerConfigKeys (ConfUtils.java:logGet(46)) - raft.server.log.preallocated.size = 16384 (custom)
2023-09-07 08:55:30,611 [a16823de-594d-4810-9c20-2473ba2acfd2-groupManagement] INFO  server.RaftServerConfigKeys (ConfUtils.java:logGet(46)) - raft.server.log.force.sync.num = 128 (default)
2023-09-07 08:55:30,611 [a16823de-594d-4810-9c20-2473ba2acfd2-groupManagement] INFO  server.RaftServerConfigKeys (ConfUtils.java:logGet(46)) - raft.server.log.statemachine.data.sync = true (default)
2023-09-07 08:55:30,611 [a16823de-594d-4810-9c20-2473ba2acfd2-groupManagement] INFO  server.RaftServerConfigKeys (ConfUtils.java:logGet(46)) - raft.server.log.statemachine.data.sync.timeout = 10s (default)
2023-09-07 08:55:30,611 [a16823de-594d-4810-9c20-2473ba2acfd2-groupManagement] INFO  server.RaftServerConfigKeys (ConfUtils.java:logGet(46)) - raft.server.log.statemachine.data.sync.timeout.retry = -1 (default)
2023-09-07 08:55:30,611 [a16823de-594d-4810-9c20-2473ba2acfd2-groupManagement] INFO  server.RaftServerConfigKeys (ConfUtils.java:logGet(46)) - raft.server.log.write.buffer.size = 1048576 (custom)
2023-09-07 08:55:30,612 [a16823de-594d-4810-9c20-2473ba2acfd2-groupManagement] INFO  server.RaftServerConfigKeys (ConfUtils.java:logGet(46)) - raft.server.log.appender.buffer.byte-limit = 33554432 (custom)
2023-09-07 08:55:30,619 [a16823de-594d-4810-9c20-2473ba2acfd2-groupManagement] INFO  server.RaftServerConfigKeys (ConfUtils.java:logGet(46)) - raft.server.log.unsafe-flush.enabled = false (default)
2023-09-07 08:55:30,619 [a16823de-594d-4810-9c20-2473ba2acfd2-groupManagement] INFO  server.RaftServerConfigKeys (ConfUtils.java:logGet(46)) - raft.server.log.async-flush.enabled = false (default)
2023-09-07 08:55:30,620 [a16823de-594d-4810-9c20-2473ba2acfd2-groupManagement] INFO  server.RaftServerConfigKeys (ConfUtils.java:logGet(46)) - raft.server.log.statemachine.data.caching.enabled = true (custom)
2023-09-07 08:55:30,620 [a16823de-594d-4810-9c20-2473ba2acfd2-groupManagement] INFO  segmented.SegmentedRaftLogWorker (SegmentedRaftLogWorker.java:lambda$new$0(135)) - a16823de-594d-4810-9c20-2473ba2acfd2@group-9A9D866393FD-SegmentedRaftLogWorker: flushIndex: setUnconditionally 0 -> -1
2023-09-07 08:55:30,620 [a16823de-594d-4810-9c20-2473ba2acfd2-groupManagement] INFO  segmented.SegmentedRaftLogWorker (SegmentedRaftLogWorker.java:lambda$new$0(135)) - a16823de-594d-4810-9c20-2473ba2acfd2@group-9A9D866393FD-SegmentedRaftLogWorker: safeCacheEvictIndex: setUnconditionally 0 -> -1
2023-09-07 08:55:30,621 [a16823de-594d-4810-9c20-2473ba2acfd2-groupManagement] INFO  server.RaftServer$Division (RaftServerImpl.java:start(342)) - a16823de-594d-4810-9c20-2473ba2acfd2@group-9A9D866393FD: start as a follower, conf=-1: peers:[5b4afb20-df00-40b2-9151-744536d77108|rpc:10.1.0.48:15120|admin:10.1.0.48:15119|client:10.1.0.48:15118|dataStream:10.1.0.48:15121|priority:0|startupRole:FOLLOWER, a9310303-e7f9-4a41-8a27-a7a2ce3a6d76|rpc:10.1.0.48:15129|admin:10.1.0.48:15128|client:10.1.0.48:15127|dataStream:10.1.0.48:15130|priority:0|startupRole:FOLLOWER, a16823de-594d-4810-9c20-2473ba2acfd2|rpc:10.1.0.48:15138|admin:10.1.0.48:15137|client:10.1.0.48:15136|dataStream:10.1.0.48:15139|priority:1|startupRole:FOLLOWER]|listeners:[], old=null
2023-09-07 08:55:30,621 [a16823de-594d-4810-9c20-2473ba2acfd2-groupManagement] INFO  server.RaftServer$Division (RaftServerImpl.java:setRole(329)) - a16823de-594d-4810-9c20-2473ba2acfd2@group-9A9D866393FD: changes role from      null to FOLLOWER at term 0 for startAsFollower
2023-09-07 08:55:30,621 [a16823de-594d-4810-9c20-2473ba2acfd2-groupManagement] INFO  impl.RoleInfo (RoleInfo.java:updateAndGet(139)) - a16823de-594d-4810-9c20-2473ba2acfd2: start a16823de-594d-4810-9c20-2473ba2acfd2@group-9A9D866393FD-FollowerState
2023-09-07 08:55:30,624 [a16823de-594d-4810-9c20-2473ba2acfd2-groupManagement] INFO  util.JmxRegister (JmxRegister.java:tryRegister(44)) - Successfully registered JMX Bean with object name Ratis:service=RaftServer,group=group-9A9D866393FD,id=a16823de-594d-4810-9c20-2473ba2acfd2
2023-09-07 08:55:30,624 [a16823de-594d-4810-9c20-2473ba2acfd2-groupManagement] INFO  server.RaftServerConfigKeys (ConfUtils.java:logGet(46)) - raft.server.snapshot.auto.trigger.enabled = true (custom)
2023-09-07 08:55:30,624 [a16823de-594d-4810-9c20-2473ba2acfd2-groupManagement] INFO  server.RaftServerConfigKeys (ConfUtils.java:logGet(46)) - raft.server.snapshot.auto.trigger.threshold = 10000 (custom)
2023-09-07 08:55:30,624 [a16823de-594d-4810-9c20-2473ba2acfd2-groupManagement] INFO  server.RaftServerConfigKeys (ConfUtils.java:logGet(46)) - raft.server.snapshot.retention.file.num = 5 (custom)
2023-09-07 08:55:30,624 [a16823de-594d-4810-9c20-2473ba2acfd2-groupManagement] INFO  server.RaftServerConfigKeys (ConfUtils.java:logGet(46)) - raft.server.log.purge.upto.snapshot.index = false (default)
2023-09-07 08:55:30,625 [a16823de-594d-4810-9c20-2473ba2acfd2@group-9A9D866393FD-FollowerState] INFO  server.RaftServerConfigKeys (ConfUtils.java:logFallback(53)) - raft.server.rpc.first-election.timeout.min = 5s (fallback to raft.server.rpc.timeout.min)
2023-09-07 08:55:30,625 [a16823de-594d-4810-9c20-2473ba2acfd2@group-9A9D866393FD-FollowerState] INFO  server.RaftServerConfigKeys (ConfUtils.java:logFallback(53)) - raft.server.rpc.first-election.timeout.max = 5200ms (fallback to raft.server.rpc.timeout.max)
2023-09-07 08:55:30,632 [PipelineCommandHandlerThread-0] INFO  commandhandler.CreatePipelineCommandHandler (CreatePipelineCommandHandler.java:lambda$handle$2(124)) - Created Pipeline RATIS THREE PipelineID=cf4e3318-2c5c-4351-a670-9a9d866393fd.
2023-09-07 08:55:30,632 [PipelineCommandHandlerThread-0] INFO  server.RaftServer (RaftServerProxy.java:addNew(98)) - 5b4afb20-df00-40b2-9151-744536d77108: addNew group-778471A2FC67:[5b4afb20-df00-40b2-9151-744536d77108|rpc:10.1.0.48:15120|admin:10.1.0.48:15119|client:10.1.0.48:15118|dataStream:10.1.0.48:15121|priority:1|startupRole:FOLLOWER, a9310303-e7f9-4a41-8a27-a7a2ce3a6d76|rpc:10.1.0.48:15129|admin:10.1.0.48:15128|client:10.1.0.48:15127|dataStream:10.1.0.48:15130|priority:0|startupRole:FOLLOWER, a16823de-594d-4810-9c20-2473ba2acfd2|rpc:10.1.0.48:15138|admin:10.1.0.48:15137|client:10.1.0.48:15136|dataStream:10.1.0.48:15139|priority:0|startupRole:FOLLOWER] returns group-778471A2FC67:java.util.concurrent.CompletableFuture@4641e2c2[Not completed]
2023-09-07 08:55:30,633 [5b4afb20-df00-40b2-9151-744536d77108-groupManagement] INFO  server.RaftServer$Division (RaftServerImpl.java:<init>(198)) - 5b4afb20-df00-40b2-9151-744536d77108: new RaftServerImpl for group-778471A2FC67:[5b4afb20-df00-40b2-9151-744536d77108|rpc:10.1.0.48:15120|admin:10.1.0.48:15119|client:10.1.0.48:15118|dataStream:10.1.0.48:15121|priority:1|startupRole:FOLLOWER, a9310303-e7f9-4a41-8a27-a7a2ce3a6d76|rpc:10.1.0.48:15129|admin:10.1.0.48:15128|client:10.1.0.48:15127|dataStream:10.1.0.48:15130|priority:0|startupRole:FOLLOWER, a16823de-594d-4810-9c20-2473ba2acfd2|rpc:10.1.0.48:15138|admin:10.1.0.48:15137|client:10.1.0.48:15136|dataStream:10.1.0.48:15139|priority:0|startupRole:FOLLOWER] with ContainerStateMachine:uninitialized
2023-09-07 08:55:30,633 [5b4afb20-df00-40b2-9151-744536d77108-groupManagement] INFO  server.RaftServerConfigKeys (ConfUtils.java:logGet(46)) - raft.server.rpc.timeout.min = 5s (custom)
2023-09-07 08:55:30,633 [5b4afb20-df00-40b2-9151-744536d77108-groupManagement] INFO  server.RaftServerConfigKeys (ConfUtils.java:logGet(46)) - raft.server.rpc.timeout.max = 5200ms (custom)
2023-09-07 08:55:30,633 [5b4afb20-df00-40b2-9151-744536d77108-groupManagement] INFO  server.RaftServerConfigKeys (ConfUtils.java:logGet(46)) - raft.server.rpc.sleep.time = 25ms (default)
2023-09-07 08:55:30,633 [5b4afb20-df00-40b2-9151-744536d77108-groupManagement] INFO  server.RaftServerConfigKeys (ConfUtils.java:logGet(46)) - raft.server.rpc.slowness.timeout = 300s (custom)
2023-09-07 08:55:30,633 [5b4afb20-df00-40b2-9151-744536d77108-groupManagement] INFO  server.RaftServerConfigKeys (ConfUtils.java:logGet(46)) - raft.server.leaderelection.leader.step-down.wait-time = 10s (default)
2023-09-07 08:55:30,633 [5b4afb20-df00-40b2-9151-744536d77108-groupManagement] INFO  server.RaftServerConfigKeys (ConfUtils.java:logGet(46)) - raft.server.sleep.deviation.threshold = 300ms (default)
2023-09-07 08:55:30,634 [5b4afb20-df00-40b2-9151-744536d77108-groupManagement] INFO  server.RaftServer$Division (ServerState.java:<init>(120)) - 5b4afb20-df00-40b2-9151-744536d77108@group-778471A2FC67: ConfigurationManager, init=-1: peers:[5b4afb20-df00-40b2-9151-744536d77108|rpc:10.1.0.48:15120|admin:10.1.0.48:15119|client:10.1.0.48:15118|dataStream:10.1.0.48:15121|priority:1|startupRole:FOLLOWER, a9310303-e7f9-4a41-8a27-a7a2ce3a6d76|rpc:10.1.0.48:15129|admin:10.1.0.48:15128|client:10.1.0.48:15127|dataStream:10.1.0.48:15130|priority:0|startupRole:FOLLOWER, a16823de-594d-4810-9c20-2473ba2acfd2|rpc:10.1.0.48:15138|admin:10.1.0.48:15137|client:10.1.0.48:15136|dataStream:10.1.0.48:15139|priority:0|startupRole:FOLLOWER]|listeners:[], old=null, confs=<EMPTY_MAP>
2023-09-07 08:55:30,634 [5b4afb20-df00-40b2-9151-744536d77108-groupManagement] INFO  server.RaftServerConfigKeys (ConfUtils.java:logGet(46)) - raft.server.storage.dir = [/home/runner/work/ozone/ozone/hadoop-ozone/integration-test/target/test-dir/MiniOzoneClusterImpl-06b57250-6369-4c93-9764-bbc94174df1e/datanode-0/data/ratis] (custom)
2023-09-07 08:55:30,634 [5b4afb20-df00-40b2-9151-744536d77108-groupManagement] INFO  server.RaftServerConfigKeys (ConfUtils.java:logGet(46)) - raft.server.log.corruption.policy = EXCEPTION (default)
2023-09-07 08:55:30,634 [5b4afb20-df00-40b2-9151-744536d77108-groupManagement] INFO  server.RaftServerConfigKeys (ConfUtils.java:logGet(46)) - raft.server.storage.free-space.min = 0MB (=0) (default)
2023-09-07 08:55:30,634 [5b4afb20-df00-40b2-9151-744536d77108-groupManagement] INFO  server.RaftServerConfigKeys (ConfUtils.java:logGet(46)) - raft.server.notification.no-leader.timeout = 300s (custom)
2023-09-07 08:55:30,634 [5b4afb20-df00-40b2-9151-744536d77108-groupManagement] INFO  server.RaftServerConfigKeys (ConfUtils.java:logGet(46)) - raft.server.read.timeout = 10s (default)
2023-09-07 08:55:30,634 [5b4afb20-df00-40b2-9151-744536d77108-groupManagement] INFO  server.RaftServerConfigKeys (ConfUtils.java:logGet(46)) - raft.server.retrycache.expirytime = 600000ms (custom)
2023-09-07 08:55:30,634 [5b4afb20-df00-40b2-9151-744536d77108-groupManagement] INFO  server.RaftServerConfigKeys (ConfUtils.java:logGet(46)) - raft.server.retrycache.statistics.expirytime = 100μs (default)
2023-09-07 08:55:30,634 [5b4afb20-df00-40b2-9151-744536d77108-groupManagement] INFO  server.RaftServerConfigKeys (ConfUtils.java:logGet(46)) - raft.server.read.option = DEFAULT (default)
2023-09-07 08:55:30,635 [5b4afb20-df00-40b2-9151-744536d77108-groupManagement] INFO  server.RaftServerConfigKeys (ConfUtils.java:logGet(46)) - raft.server.rpc.request.timeout = 60s (custom)
2023-09-07 08:55:30,635 [5b4afb20-df00-40b2-9151-744536d77108-groupManagement] INFO  server.RaftServerConfigKeys (ConfUtils.java:logGet(46)) - raft.server.log.appender.install.snapshot.enabled = false (custom)
2023-09-07 08:55:30,635 [5b4afb20-df00-40b2-9151-744536d77108-groupManagement] INFO  server.RaftServerConfigKeys (ConfUtils.java:logGet(46)) - raft.server.threadpool.server.cached = true (default)
2023-09-07 08:55:30,635 [5b4afb20-df00-40b2-9151-744536d77108-groupManagement] INFO  server.RaftServerConfigKeys (ConfUtils.java:logGet(46)) - raft.server.threadpool.server.size = 0 (default)
2023-09-07 08:55:30,635 [5b4afb20-df00-40b2-9151-744536d77108-groupManagement] INFO  server.RaftServerConfigKeys (ConfUtils.java:logGet(46)) - raft.server.threadpool.client.cached = true (default)
2023-09-07 08:55:30,635 [5b4afb20-df00-40b2-9151-744536d77108-groupManagement] INFO  server.RaftServerConfigKeys (ConfUtils.java:logGet(46)) - raft.server.threadpool.client.size = 0 (default)
2023-09-07 08:55:30,635 [5b4afb20-df00-40b2-9151-744536d77108-groupManagement] INFO  storage.RaftStorageDirectory (RaftStorageDirectoryImpl.java:analyzeStorage(137)) - The storage directory /home/runner/work/ozone/ozone/hadoop-ozone/integration-test/target/test-dir/MiniOzoneClusterImpl-06b57250-6369-4c93-9764-bbc94174df1e/datanode-0/data/ratis/6d36c441-867e-42ca-89ba-778471a2fc67 does not exist. Creating ...
2023-09-07 08:55:30,637 [5b4afb20-df00-40b2-9151-744536d77108-groupManagement] INFO  storage.RaftStorageDirectory (RaftStorageDirectoryImpl.java:tryLock(231)) - Lock on /home/runner/work/ozone/ozone/hadoop-ozone/integration-test/target/test-dir/MiniOzoneClusterImpl-06b57250-6369-4c93-9764-bbc94174df1e/datanode-0/data/ratis/6d36c441-867e-42ca-89ba-778471a2fc67/in_use.lock acquired by nodename 7589@fv-az793-921
2023-09-07 08:55:30,638 [5b4afb20-df00-40b2-9151-744536d77108-groupManagement] INFO  storage.RaftStorage (RaftStorageImpl.java:format(96)) - Storage directory /home/runner/work/ozone/ozone/hadoop-ozone/integration-test/target/test-dir/MiniOzoneClusterImpl-06b57250-6369-4c93-9764-bbc94174df1e/datanode-0/data/ratis/6d36c441-867e-42ca-89ba-778471a2fc67 has been successfully formatted.
2023-09-07 08:55:30,639 [5b4afb20-df00-40b2-9151-744536d77108-groupManagement] INFO  ratis.ContainerStateMachine (ContainerStateMachine.java:loadSnapshot(262)) - group-778471A2FC67: The snapshot info is null. Setting the last applied indexto:(t:0, i:~)
2023-09-07 08:55:30,639 [5b4afb20-df00-40b2-9151-744536d77108-groupManagement] INFO  server.RaftServerConfigKeys (ConfUtils.java:logGet(46)) - raft.server.log.use.memory = false (default)
2023-09-07 08:55:30,639 [5b4afb20-df00-40b2-9151-744536d77108-groupManagement] INFO  server.RaftServerConfigKeys (ConfUtils.java:logGet(46)) - raft.server.log.purge.gap = 1000000 (custom)
2023-09-07 08:55:30,639 [5b4afb20-df00-40b2-9151-744536d77108-groupManagement] INFO  server.RaftServerConfigKeys (ConfUtils.java:logGet(46)) - raft.server.log.appender.buffer.byte-limit = 33554432 (custom)
2023-09-07 08:55:30,639 [5b4afb20-df00-40b2-9151-744536d77108-groupManagement] INFO  server.RaftServerConfigKeys (ConfUtils.java:logGet(46)) - raft.server.log.statemachine.data.read.timeout = 1000ms (default)
2023-09-07 08:55:30,639 [5b4afb20-df00-40b2-9151-744536d77108-groupManagement] INFO  server.RaftServerConfigKeys (ConfUtils.java:logGet(46)) - raft.server.log.purge.preservation.log.num = 0 (default)
2023-09-07 08:55:30,640 [5b4afb20-df00-40b2-9151-744536d77108-groupManagement] INFO  server.RaftServerConfigKeys (ConfUtils.java:logGet(46)) - raft.server.log.segment.size.max = 1048576 (custom)
2023-09-07 08:55:30,640 [EventQueue-OpenPipelineForHealthyPipelineSafeModeRule] INFO  safemode.SCMSafeModeManager (HealthyPipelineSafeModeRule.java:process(137)) - SCM in safe mode. Healthy pipelines reported count is 0, required healthy pipeline reported count is 1
2023-09-07 08:55:30,640 [5b4afb20-df00-40b2-9151-744536d77108-groupManagement] INFO  server.RaftServerConfigKeys (ConfUtils.java:logGet(46)) - raft.server.log.segment.cache.num.max = 2 (custom)
2023-09-07 08:55:30,640 [5b4afb20-df00-40b2-9151-744536d77108-groupManagement] INFO  server.RaftServerConfigKeys (ConfUtils.java:logGet(46)) - raft.server.log.segment.cache.size.max = 200MB (=209715200) (default)
2023-09-07 08:55:30,640 [5b4afb20-df00-40b2-9151-744536d77108-groupManagement] INFO  server.RaftServerConfigKeys (ConfUtils.java:logGet(46)) - raft.server.log.appender.buffer.byte-limit = 33554432 (custom)
2023-09-07 08:55:30,640 [5b4afb20-df00-40b2-9151-744536d77108-groupManagement] INFO  segmented.SegmentedRaftLogWorker (SegmentedRaftLogWorker.java:<init>(188)) - new 5b4afb20-df00-40b2-9151-744536d77108@group-778471A2FC67-SegmentedRaftLogWorker for RaftStorageImpl:Storage Directory /home/runner/work/ozone/ozone/hadoop-ozone/integration-test/target/test-dir/MiniOzoneClusterImpl-06b57250-6369-4c93-9764-bbc94174df1e/datanode-0/data/ratis/6d36c441-867e-42ca-89ba-778471a2fc67
2023-09-07 08:55:30,640 [5b4afb20-df00-40b2-9151-744536d77108-groupManagement] INFO  server.RaftServerConfigKeys (ConfUtils.java:logGet(46)) - raft.server.log.queue.byte-limit = 4294967296 (custom)
2023-09-07 08:55:30,640 [5b4afb20-df00-40b2-9151-744536d77108-groupManagement] INFO  server.RaftServerConfigKeys (ConfUtils.java:logGet(46)) - raft.server.log.queue.element-limit = 1024 (custom)
2023-09-07 08:55:30,641 [5b4afb20-df00-40b2-9151-744536d77108-groupManagement] INFO  server.RaftServerConfigKeys (ConfUtils.java:logGet(46)) - raft.server.log.segment.size.max = 1048576 (custom)
2023-09-07 08:55:30,641 [5b4afb20-df00-40b2-9151-744536d77108-groupManagement] INFO  server.RaftServerConfigKeys (ConfUtils.java:logGet(46)) - raft.server.log.preallocated.size = 16384 (custom)
2023-09-07 08:55:30,641 [5b4afb20-df00-40b2-9151-744536d77108-groupManagement] INFO  server.RaftServerConfigKeys (ConfUtils.java:logGet(46)) - raft.server.log.force.sync.num = 128 (default)
2023-09-07 08:55:30,641 [5b4afb20-df00-40b2-9151-744536d77108-groupManagement] INFO  server.RaftServerConfigKeys (ConfUtils.java:logGet(46)) - raft.server.log.statemachine.data.sync = true (default)
2023-09-07 08:55:30,641 [5b4afb20-df00-40b2-9151-744536d77108-groupManagement] INFO  server.RaftServerConfigKeys (ConfUtils.java:logGet(46)) - raft.server.log.statemachine.data.sync.timeout = 10s (default)
2023-09-07 08:55:30,641 [5b4afb20-df00-40b2-9151-744536d77108-groupManagement] INFO  server.RaftServerConfigKeys (ConfUtils.java:logGet(46)) - raft.server.log.statemachine.data.sync.timeout.retry = -1 (default)
2023-09-07 08:55:30,642 [5b4afb20-df00-40b2-9151-744536d77108-groupManagement] INFO  server.RaftServerConfigKeys (ConfUtils.java:logGet(46)) - raft.server.log.write.buffer.size = 1048576 (custom)
2023-09-07 08:55:30,642 [5b4afb20-df00-40b2-9151-744536d77108-groupManagement] INFO  server.RaftServerConfigKeys (ConfUtils.java:logGet(46)) - raft.server.log.appender.buffer.byte-limit = 33554432 (custom)
2023-09-07 08:55:30,652 [5b4afb20-df00-40b2-9151-744536d77108-groupManagement] INFO  server.RaftServerConfigKeys (ConfUtils.java:logGet(46)) - raft.server.log.unsafe-flush.enabled = false (default)
2023-09-07 08:55:30,652 [5b4afb20-df00-40b2-9151-744536d77108-groupManagement] INFO  server.RaftServerConfigKeys (ConfUtils.java:logGet(46)) - raft.server.log.async-flush.enabled = false (default)
2023-09-07 08:55:30,652 [5b4afb20-df00-40b2-9151-744536d77108-groupManagement] INFO  server.RaftServerConfigKeys (ConfUtils.java:logGet(46)) - raft.server.log.statemachine.data.caching.enabled = true (custom)
2023-09-07 08:55:30,653 [5b4afb20-df00-40b2-9151-744536d77108-groupManagement] INFO  segmented.SegmentedRaftLogWorker (SegmentedRaftLogWorker.java:lambda$new$0(135)) - 5b4afb20-df00-40b2-9151-744536d77108@group-778471A2FC67-SegmentedRaftLogWorker: flushIndex: setUnconditionally 0 -> -1
2023-09-07 08:55:30,653 [5b4afb20-df00-40b2-9151-744536d77108-groupManagement] INFO  segmented.SegmentedRaftLogWorker (SegmentedRaftLogWorker.java:lambda$new$0(135)) - 5b4afb20-df00-40b2-9151-744536d77108@group-778471A2FC67-SegmentedRaftLogWorker: safeCacheEvictIndex: setUnconditionally 0 -> -1
2023-09-07 08:55:30,653 [5b4afb20-df00-40b2-9151-744536d77108-groupManagement] INFO  server.RaftServer$Division (RaftServerImpl.java:start(342)) - 5b4afb20-df00-40b2-9151-744536d77108@group-778471A2FC67: start as a follower, conf=-1: peers:[5b4afb20-df00-40b2-9151-744536d77108|rpc:10.1.0.48:15120|admin:10.1.0.48:15119|client:10.1.0.48:15118|dataStream:10.1.0.48:15121|priority:1|startupRole:FOLLOWER, a9310303-e7f9-4a41-8a27-a7a2ce3a6d76|rpc:10.1.0.48:15129|admin:10.1.0.48:15128|client:10.1.0.48:15127|dataStream:10.1.0.48:15130|priority:0|startupRole:FOLLOWER, a16823de-594d-4810-9c20-2473ba2acfd2|rpc:10.1.0.48:15138|admin:10.1.0.48:15137|client:10.1.0.48:15136|dataStream:10.1.0.48:15139|priority:0|startupRole:FOLLOWER]|listeners:[], old=null
2023-09-07 08:55:30,653 [5b4afb20-df00-40b2-9151-744536d77108-groupManagement] INFO  server.RaftServer$Division (RaftServerImpl.java:setRole(329)) - 5b4afb20-df00-40b2-9151-744536d77108@group-778471A2FC67: changes role from      null to FOLLOWER at term 0 for startAsFollower
2023-09-07 08:55:30,653 [5b4afb20-df00-40b2-9151-744536d77108-groupManagement] INFO  impl.RoleInfo (RoleInfo.java:updateAndGet(139)) - 5b4afb20-df00-40b2-9151-744536d77108: start 5b4afb20-df00-40b2-9151-744536d77108@group-778471A2FC67-FollowerState
2023-09-07 08:55:30,653 [5b4afb20-df00-40b2-9151-744536d77108@group-778471A2FC67-FollowerState] INFO  server.RaftServerConfigKeys (ConfUtils.java:logFallback(53)) - raft.server.rpc.first-election.timeout.min = 5s (fallback to raft.server.rpc.timeout.min)
2023-09-07 08:55:30,654 [5b4afb20-df00-40b2-9151-744536d77108@group-778471A2FC67-FollowerState] INFO  server.RaftServerConfigKeys (ConfUtils.java:logFallback(53)) - raft.server.rpc.first-election.timeout.max = 5200ms (fallback to raft.server.rpc.timeout.max)
2023-09-07 08:55:30,654 [5b4afb20-df00-40b2-9151-744536d77108-groupManagement] INFO  util.JmxRegister (JmxRegister.java:tryRegister(44)) - Successfully registered JMX Bean with object name Ratis:service=RaftServer,group=group-778471A2FC67,id=5b4afb20-df00-40b2-9151-744536d77108
2023-09-07 08:55:30,654 [5b4afb20-df00-40b2-9151-744536d77108-groupManagement] INFO  server.RaftServerConfigKeys (ConfUtils.java:logGet(46)) - raft.server.snapshot.auto.trigger.enabled = true (custom)
2023-09-07 08:55:30,654 [5b4afb20-df00-40b2-9151-744536d77108-groupManagement] INFO  server.RaftServerConfigKeys (ConfUtils.java:logGet(46)) - raft.server.snapshot.auto.trigger.threshold = 10000 (custom)
2023-09-07 08:55:30,654 [5b4afb20-df00-40b2-9151-744536d77108-groupManagement] INFO  server.RaftServerConfigKeys (ConfUtils.java:logGet(46)) - raft.server.snapshot.retention.file.num = 5 (custom)
2023-09-07 08:55:30,654 [5b4afb20-df00-40b2-9151-744536d77108-groupManagement] INFO  server.RaftServerConfigKeys (ConfUtils.java:logGet(46)) - raft.server.log.purge.upto.snapshot.index = false (default)
2023-09-07 08:55:30,655 [PipelineCommandHandlerThread-0] INFO  ratis.XceiverServerRatis (XceiverServerRatis.java:addGroup(804)) - Created group PipelineID=6d36c441-867e-42ca-89ba-778471a2fc67
2023-09-07 08:55:30,668 [grpc-default-executor-0] INFO  server.RaftServer (RaftServerProxy.java:addNew(98)) - a16823de-594d-4810-9c20-2473ba2acfd2: addNew group-778471A2FC67:[5b4afb20-df00-40b2-9151-744536d77108|rpc:10.1.0.48:15120|admin:10.1.0.48:15119|client:10.1.0.48:15118|dataStream:10.1.0.48:15121|priority:1|startupRole:FOLLOWER, a9310303-e7f9-4a41-8a27-a7a2ce3a6d76|rpc:10.1.0.48:15129|admin:10.1.0.48:15128|client:10.1.0.48:15127|dataStream:10.1.0.48:15130|priority:0|startupRole:FOLLOWER, a16823de-594d-4810-9c20-2473ba2acfd2|rpc:10.1.0.48:15138|admin:10.1.0.48:15137|client:10.1.0.48:15136|dataStream:10.1.0.48:15139|priority:0|startupRole:FOLLOWER] returns group-778471A2FC67:java.util.concurrent.CompletableFuture@52f1e99b[Not completed]
2023-09-07 08:55:30,670 [a16823de-594d-4810-9c20-2473ba2acfd2-groupManagement] INFO  server.RaftServer$Division (RaftServerImpl.java:<init>(198)) - a16823de-594d-4810-9c20-2473ba2acfd2: new RaftServerImpl for group-778471A2FC67:[5b4afb20-df00-40b2-9151-744536d77108|rpc:10.1.0.48:15120|admin:10.1.0.48:15119|client:10.1.0.48:15118|dataStream:10.1.0.48:15121|priority:1|startupRole:FOLLOWER, a9310303-e7f9-4a41-8a27-a7a2ce3a6d76|rpc:10.1.0.48:15129|admin:10.1.0.48:15128|client:10.1.0.48:15127|dataStream:10.1.0.48:15130|priority:0|startupRole:FOLLOWER, a16823de-594d-4810-9c20-2473ba2acfd2|rpc:10.1.0.48:15138|admin:10.1.0.48:15137|client:10.1.0.48:15136|dataStream:10.1.0.48:15139|priority:0|startupRole:FOLLOWER] with ContainerStateMachine:uninitialized
2023-09-07 08:55:30,670 [a16823de-594d-4810-9c20-2473ba2acfd2-groupManagement] INFO  server.RaftServerConfigKeys (ConfUtils.java:logGet(46)) - raft.server.rpc.timeout.min = 5s (custom)
2023-09-07 08:55:30,670 [a16823de-594d-4810-9c20-2473ba2acfd2-groupManagement] INFO  server.RaftServerConfigKeys (ConfUtils.java:logGet(46)) - raft.server.rpc.timeout.max = 5200ms (custom)
2023-09-07 08:55:30,670 [a16823de-594d-4810-9c20-2473ba2acfd2-groupManagement] INFO  server.RaftServerConfigKeys (ConfUtils.java:logGet(46)) - raft.server.rpc.sleep.time = 25ms (default)
2023-09-07 08:55:30,670 [a16823de-594d-4810-9c20-2473ba2acfd2-groupManagement] INFO  server.RaftServerConfigKeys (ConfUtils.java:logGet(46)) - raft.server.rpc.slowness.timeout = 300s (custom)
2023-09-07 08:55:30,670 [a16823de-594d-4810-9c20-2473ba2acfd2-groupManagement] INFO  server.RaftServerConfigKeys (ConfUtils.java:logGet(46)) - raft.server.leaderelection.leader.step-down.wait-time = 10s (default)
2023-09-07 08:55:30,670 [a16823de-594d-4810-9c20-2473ba2acfd2-groupManagement] INFO  server.RaftServerConfigKeys (ConfUtils.java:logGet(46)) - raft.server.sleep.deviation.threshold = 300ms (default)
2023-09-07 08:55:30,670 [a16823de-594d-4810-9c20-2473ba2acfd2-groupManagement] INFO  server.RaftServer$Division (ServerState.java:<init>(120)) - a16823de-594d-4810-9c20-2473ba2acfd2@group-778471A2FC67: ConfigurationManager, init=-1: peers:[5b4afb20-df00-40b2-9151-744536d77108|rpc:10.1.0.48:15120|admin:10.1.0.48:15119|client:10.1.0.48:15118|dataStream:10.1.0.48:15121|priority:1|startupRole:FOLLOWER, a9310303-e7f9-4a41-8a27-a7a2ce3a6d76|rpc:10.1.0.48:15129|admin:10.1.0.48:15128|client:10.1.0.48:15127|dataStream:10.1.0.48:15130|priority:0|startupRole:FOLLOWER, a16823de-594d-4810-9c20-2473ba2acfd2|rpc:10.1.0.48:15138|admin:10.1.0.48:15137|client:10.1.0.48:15136|dataStream:10.1.0.48:15139|priority:0|startupRole:FOLLOWER]|listeners:[], old=null, confs=<EMPTY_MAP>
2023-09-07 08:55:30,670 [a16823de-594d-4810-9c20-2473ba2acfd2-groupManagement] INFO  server.RaftServerConfigKeys (ConfUtils.java:logGet(46)) - raft.server.storage.dir = [/home/runner/work/ozone/ozone/hadoop-ozone/integration-test/target/test-dir/MiniOzoneClusterImpl-06b57250-6369-4c93-9764-bbc94174df1e/datanode-2/data/ratis] (custom)
2023-09-07 08:55:30,671 [a16823de-594d-4810-9c20-2473ba2acfd2-groupManagement] INFO  server.RaftServerConfigKeys (ConfUtils.java:logGet(46)) - raft.server.log.corruption.policy = EXCEPTION (default)
2023-09-07 08:55:30,671 [a16823de-594d-4810-9c20-2473ba2acfd2-groupManagement] INFO  server.RaftServerConfigKeys (ConfUtils.java:logGet(46)) - raft.server.storage.free-space.min = 0MB (=0) (default)
2023-09-07 08:55:30,671 [a16823de-594d-4810-9c20-2473ba2acfd2-groupManagement] INFO  server.RaftServerConfigKeys (ConfUtils.java:logGet(46)) - raft.server.notification.no-leader.timeout = 300s (custom)
2023-09-07 08:55:30,671 [a16823de-594d-4810-9c20-2473ba2acfd2-groupManagement] INFO  server.RaftServerConfigKeys (ConfUtils.java:logGet(46)) - raft.server.read.timeout = 10s (default)
2023-09-07 08:55:30,671 [a16823de-594d-4810-9c20-2473ba2acfd2-groupManagement] INFO  server.RaftServerConfigKeys (ConfUtils.java:logGet(46)) - raft.server.retrycache.expirytime = 600000ms (custom)
2023-09-07 08:55:30,671 [a16823de-594d-4810-9c20-2473ba2acfd2-groupManagement] INFO  server.RaftServerConfigKeys (ConfUtils.java:logGet(46)) - raft.server.retrycache.statistics.expirytime = 100μs (default)
2023-09-07 08:55:30,671 [a16823de-594d-4810-9c20-2473ba2acfd2-groupManagement] INFO  server.RaftServerConfigKeys (ConfUtils.java:logGet(46)) - raft.server.read.option = DEFAULT (default)
2023-09-07 08:55:30,672 [a16823de-594d-4810-9c20-2473ba2acfd2-groupManagement] INFO  server.RaftServerConfigKeys (ConfUtils.java:logGet(46)) - raft.server.rpc.request.timeout = 60s (custom)
2023-09-07 08:55:30,672 [a16823de-594d-4810-9c20-2473ba2acfd2-groupManagement] INFO  server.RaftServerConfigKeys (ConfUtils.java:logGet(46)) - raft.server.log.appender.install.snapshot.enabled = false (custom)
2023-09-07 08:55:30,672 [a16823de-594d-4810-9c20-2473ba2acfd2-groupManagement] INFO  server.RaftServerConfigKeys (ConfUtils.java:logGet(46)) - raft.server.threadpool.server.cached = true (default)
2023-09-07 08:55:30,672 [a16823de-594d-4810-9c20-2473ba2acfd2-groupManagement] INFO  server.RaftServerConfigKeys (ConfUtils.java:logGet(46)) - raft.server.threadpool.server.size = 0 (default)
2023-09-07 08:55:30,672 [a16823de-594d-4810-9c20-2473ba2acfd2-groupManagement] INFO  server.RaftServerConfigKeys (ConfUtils.java:logGet(46)) - raft.server.threadpool.client.cached = true (default)
2023-09-07 08:55:30,672 [a16823de-594d-4810-9c20-2473ba2acfd2-groupManagement] INFO  server.RaftServerConfigKeys (ConfUtils.java:logGet(46)) - raft.server.threadpool.client.size = 0 (default)
2023-09-07 08:55:30,672 [a16823de-594d-4810-9c20-2473ba2acfd2-groupManagement] INFO  storage.RaftStorageDirectory (RaftStorageDirectoryImpl.java:analyzeStorage(137)) - The storage directory /home/runner/work/ozone/ozone/hadoop-ozone/integration-test/target/test-dir/MiniOzoneClusterImpl-06b57250-6369-4c93-9764-bbc94174df1e/datanode-2/data/ratis/6d36c441-867e-42ca-89ba-778471a2fc67 does not exist. Creating ...
2023-09-07 08:55:30,674 [a16823de-594d-4810-9c20-2473ba2acfd2-groupManagement] INFO  storage.RaftStorageDirectory (RaftStorageDirectoryImpl.java:tryLock(231)) - Lock on /home/runner/work/ozone/ozone/hadoop-ozone/integration-test/target/test-dir/MiniOzoneClusterImpl-06b57250-6369-4c93-9764-bbc94174df1e/datanode-2/data/ratis/6d36c441-867e-42ca-89ba-778471a2fc67/in_use.lock acquired by nodename 7589@fv-az793-921
2023-09-07 08:55:30,675 [a16823de-594d-4810-9c20-2473ba2acfd2-groupManagement] INFO  storage.RaftStorage (RaftStorageImpl.java:format(96)) - Storage directory /home/runner/work/ozone/ozone/hadoop-ozone/integration-test/target/test-dir/MiniOzoneClusterImpl-06b57250-6369-4c93-9764-bbc94174df1e/datanode-2/data/ratis/6d36c441-867e-42ca-89ba-778471a2fc67 has been successfully formatted.
2023-09-07 08:55:30,676 [a16823de-594d-4810-9c20-2473ba2acfd2-groupManagement] INFO  ratis.ContainerStateMachine (ContainerStateMachine.java:loadSnapshot(262)) - group-778471A2FC67: The snapshot info is null. Setting the last applied indexto:(t:0, i:~)
2023-09-07 08:55:30,676 [a16823de-594d-4810-9c20-2473ba2acfd2-groupManagement] INFO  server.RaftServerConfigKeys (ConfUtils.java:logGet(46)) - raft.server.log.use.memory = false (default)
2023-09-07 08:55:30,676 [a16823de-594d-4810-9c20-2473ba2acfd2-groupManagement] INFO  server.RaftServerConfigKeys (ConfUtils.java:logGet(46)) - raft.server.log.purge.gap = 1000000 (custom)
2023-09-07 08:55:30,677 [a16823de-594d-4810-9c20-2473ba2acfd2-groupManagement] INFO  server.RaftServerConfigKeys (ConfUtils.java:logGet(46)) - raft.server.log.appender.buffer.byte-limit = 33554432 (custom)
2023-09-07 08:55:30,677 [a16823de-594d-4810-9c20-2473ba2acfd2-groupManagement] INFO  server.RaftServerConfigKeys (ConfUtils.java:logGet(46)) - raft.server.log.statemachine.data.read.timeout = 1000ms (default)
2023-09-07 08:55:30,677 [a16823de-594d-4810-9c20-2473ba2acfd2-groupManagement] INFO  server.RaftServerConfigKeys (ConfUtils.java:logGet(46)) - raft.server.log.purge.preservation.log.num = 0 (default)
2023-09-07 08:55:30,677 [a16823de-594d-4810-9c20-2473ba2acfd2-groupManagement] INFO  server.RaftServerConfigKeys (ConfUtils.java:logGet(46)) - raft.server.log.segment.size.max = 1048576 (custom)
2023-09-07 08:55:30,677 [a16823de-594d-4810-9c20-2473ba2acfd2-groupManagement] INFO  server.RaftServerConfigKeys (ConfUtils.java:logGet(46)) - raft.server.log.segment.cache.num.max = 2 (custom)
2023-09-07 08:55:30,677 [a16823de-594d-4810-9c20-2473ba2acfd2-groupManagement] INFO  server.RaftServerConfigKeys (ConfUtils.java:logGet(46)) - raft.server.log.segment.cache.size.max = 200MB (=209715200) (default)
2023-09-07 08:55:30,677 [a16823de-594d-4810-9c20-2473ba2acfd2-groupManagement] INFO  server.RaftServerConfigKeys (ConfUtils.java:logGet(46)) - raft.server.log.appender.buffer.byte-limit = 33554432 (custom)
2023-09-07 08:55:30,678 [a16823de-594d-4810-9c20-2473ba2acfd2-groupManagement] INFO  segmented.SegmentedRaftLogWorker (SegmentedRaftLogWorker.java:<init>(188)) - new a16823de-594d-4810-9c20-2473ba2acfd2@group-778471A2FC67-SegmentedRaftLogWorker for RaftStorageImpl:Storage Directory /home/runner/work/ozone/ozone/hadoop-ozone/integration-test/target/test-dir/MiniOzoneClusterImpl-06b57250-6369-4c93-9764-bbc94174df1e/datanode-2/data/ratis/6d36c441-867e-42ca-89ba-778471a2fc67
2023-09-07 08:55:30,678 [a16823de-594d-4810-9c20-2473ba2acfd2-groupManagement] INFO  server.RaftServerConfigKeys (ConfUtils.java:logGet(46)) - raft.server.log.queue.byte-limit = 4294967296 (custom)
2023-09-07 08:55:30,678 [a16823de-594d-4810-9c20-2473ba2acfd2-groupManagement] INFO  server.RaftServerConfigKeys (ConfUtils.java:logGet(46)) - raft.server.log.queue.element-limit = 1024 (custom)
2023-09-07 08:55:30,678 [a16823de-594d-4810-9c20-2473ba2acfd2-groupManagement] INFO  server.RaftServerConfigKeys (ConfUtils.java:logGet(46)) - raft.server.log.segment.size.max = 1048576 (custom)
2023-09-07 08:55:30,678 [a16823de-594d-4810-9c20-2473ba2acfd2-groupManagement] INFO  server.RaftServerConfigKeys (ConfUtils.java:logGet(46)) - raft.server.log.preallocated.size = 16384 (custom)
2023-09-07 08:55:30,678 [a16823de-594d-4810-9c20-2473ba2acfd2-groupManagement] INFO  server.RaftServerConfigKeys (ConfUtils.java:logGet(46)) - raft.server.log.force.sync.num = 128 (default)
2023-09-07 08:55:30,678 [a16823de-594d-4810-9c20-2473ba2acfd2-groupManagement] INFO  server.RaftServerConfigKeys (ConfUtils.java:logGet(46)) - raft.server.log.statemachine.data.sync = true (default)
2023-09-07 08:55:30,678 [a16823de-594d-4810-9c20-2473ba2acfd2-groupManagement] INFO  server.RaftServerConfigKeys (ConfUtils.java:logGet(46)) - raft.server.log.statemachine.data.sync.timeout = 10s (default)
2023-09-07 08:55:30,678 [a16823de-594d-4810-9c20-2473ba2acfd2-groupManagement] INFO  server.RaftServerConfigKeys (ConfUtils.java:logGet(46)) - raft.server.log.statemachine.data.sync.timeout.retry = -1 (default)
2023-09-07 08:55:30,679 [a16823de-594d-4810-9c20-2473ba2acfd2-groupManagement] INFO  server.RaftServerConfigKeys (ConfUtils.java:logGet(46)) - raft.server.log.write.buffer.size = 1048576 (custom)
2023-09-07 08:55:30,680 [a16823de-594d-4810-9c20-2473ba2acfd2-groupManagement] INFO  server.RaftServerConfigKeys (ConfUtils.java:logGet(46)) - raft.server.log.appender.buffer.byte-limit = 33554432 (custom)
2023-09-07 08:55:30,686 [a16823de-594d-4810-9c20-2473ba2acfd2-groupManagement] INFO  server.RaftServerConfigKeys (ConfUtils.java:logGet(46)) - raft.server.log.unsafe-flush.enabled = false (default)
2023-09-07 08:55:30,687 [a16823de-594d-4810-9c20-2473ba2acfd2-groupManagement] INFO  server.RaftServerConfigKeys (ConfUtils.java:logGet(46)) - raft.server.log.async-flush.enabled = false (default)
2023-09-07 08:55:30,687 [a16823de-594d-4810-9c20-2473ba2acfd2-groupManagement] INFO  server.RaftServerConfigKeys (ConfUtils.java:logGet(46)) - raft.server.log.statemachine.data.caching.enabled = true (custom)
2023-09-07 08:55:30,687 [a16823de-594d-4810-9c20-2473ba2acfd2-groupManagement] INFO  segmented.SegmentedRaftLogWorker (SegmentedRaftLogWorker.java:lambda$new$0(135)) - a16823de-594d-4810-9c20-2473ba2acfd2@group-778471A2FC67-SegmentedRaftLogWorker: flushIndex: setUnconditionally 0 -> -1
2023-09-07 08:55:30,687 [a16823de-594d-4810-9c20-2473ba2acfd2-groupManagement] INFO  segmented.SegmentedRaftLogWorker (SegmentedRaftLogWorker.java:lambda$new$0(135)) - a16823de-594d-4810-9c20-2473ba2acfd2@group-778471A2FC67-SegmentedRaftLogWorker: safeCacheEvictIndex: setUnconditionally 0 -> -1
2023-09-07 08:55:30,687 [a16823de-594d-4810-9c20-2473ba2acfd2-groupManagement] INFO  server.RaftServer$Division (RaftServerImpl.java:start(342)) - a16823de-594d-4810-9c20-2473ba2acfd2@group-778471A2FC67: start as a follower, conf=-1: peers:[5b4afb20-df00-40b2-9151-744536d77108|rpc:10.1.0.48:15120|admin:10.1.0.48:15119|client:10.1.0.48:15118|dataStream:10.1.0.48:15121|priority:1|startupRole:FOLLOWER, a9310303-e7f9-4a41-8a27-a7a2ce3a6d76|rpc:10.1.0.48:15129|admin:10.1.0.48:15128|client:10.1.0.48:15127|dataStream:10.1.0.48:15130|priority:0|startupRole:FOLLOWER, a16823de-594d-4810-9c20-2473ba2acfd2|rpc:10.1.0.48:15138|admin:10.1.0.48:15137|client:10.1.0.48:15136|dataStream:10.1.0.48:15139|priority:0|startupRole:FOLLOWER]|listeners:[], old=null
2023-09-07 08:55:30,687 [a16823de-594d-4810-9c20-2473ba2acfd2-groupManagement] INFO  server.RaftServer$Division (RaftServerImpl.java:setRole(329)) - a16823de-594d-4810-9c20-2473ba2acfd2@group-778471A2FC67: changes role from      null to FOLLOWER at term 0 for startAsFollower
2023-09-07 08:55:30,688 [a16823de-594d-4810-9c20-2473ba2acfd2-groupManagement] INFO  impl.RoleInfo (RoleInfo.java:updateAndGet(139)) - a16823de-594d-4810-9c20-2473ba2acfd2: start a16823de-594d-4810-9c20-2473ba2acfd2@group-778471A2FC67-FollowerState
2023-09-07 08:55:30,692 [a16823de-594d-4810-9c20-2473ba2acfd2-groupManagement] INFO  util.JmxRegister (JmxRegister.java:tryRegister(44)) - Successfully registered JMX Bean with object name Ratis:service=RaftServer,group=group-778471A2FC67,id=a16823de-594d-4810-9c20-2473ba2acfd2
2023-09-07 08:55:30,693 [a16823de-594d-4810-9c20-2473ba2acfd2-groupManagement] INFO  server.RaftServerConfigKeys (ConfUtils.java:logGet(46)) - raft.server.snapshot.auto.trigger.enabled = true (custom)
2023-09-07 08:55:30,693 [a16823de-594d-4810-9c20-2473ba2acfd2-groupManagement] INFO  server.RaftServerConfigKeys (ConfUtils.java:logGet(46)) - raft.server.snapshot.auto.trigger.threshold = 10000 (custom)
2023-09-07 08:55:30,693 [a16823de-594d-4810-9c20-2473ba2acfd2-groupManagement] INFO  server.RaftServerConfigKeys (ConfUtils.java:logGet(46)) - raft.server.snapshot.retention.file.num = 5 (custom)
2023-09-07 08:55:30,693 [a16823de-594d-4810-9c20-2473ba2acfd2-groupManagement] INFO  server.RaftServerConfigKeys (ConfUtils.java:logGet(46)) - raft.server.log.purge.upto.snapshot.index = false (default)
2023-09-07 08:55:30,693 [a16823de-594d-4810-9c20-2473ba2acfd2@group-778471A2FC67-FollowerState] INFO  server.RaftServerConfigKeys (ConfUtils.java:logFallback(53)) - raft.server.rpc.first-election.timeout.min = 5s (fallback to raft.server.rpc.timeout.min)
2023-09-07 08:55:30,693 [a16823de-594d-4810-9c20-2473ba2acfd2@group-778471A2FC67-FollowerState] INFO  server.RaftServerConfigKeys (ConfUtils.java:logFallback(53)) - raft.server.rpc.first-election.timeout.max = 5200ms (fallback to raft.server.rpc.timeout.max)
2023-09-07 08:55:30,717 [grpc-default-executor-0] INFO  server.RaftServer (RaftServerProxy.java:addNew(98)) - a9310303-e7f9-4a41-8a27-a7a2ce3a6d76: addNew group-778471A2FC67:[5b4afb20-df00-40b2-9151-744536d77108|rpc:10.1.0.48:15120|admin:10.1.0.48:15119|client:10.1.0.48:15118|dataStream:10.1.0.48:15121|priority:1|startupRole:FOLLOWER, a9310303-e7f9-4a41-8a27-a7a2ce3a6d76|rpc:10.1.0.48:15129|admin:10.1.0.48:15128|client:10.1.0.48:15127|dataStream:10.1.0.48:15130|priority:0|startupRole:FOLLOWER, a16823de-594d-4810-9c20-2473ba2acfd2|rpc:10.1.0.48:15138|admin:10.1.0.48:15137|client:10.1.0.48:15136|dataStream:10.1.0.48:15139|priority:0|startupRole:FOLLOWER] returns group-778471A2FC67:java.util.concurrent.CompletableFuture@6c7d787e[Not completed]
2023-09-07 08:55:30,718 [a9310303-e7f9-4a41-8a27-a7a2ce3a6d76-groupManagement] INFO  server.RaftServer$Division (RaftServerImpl.java:<init>(198)) - a9310303-e7f9-4a41-8a27-a7a2ce3a6d76: new RaftServerImpl for group-778471A2FC67:[5b4afb20-df00-40b2-9151-744536d77108|rpc:10.1.0.48:15120|admin:10.1.0.48:15119|client:10.1.0.48:15118|dataStream:10.1.0.48:15121|priority:1|startupRole:FOLLOWER, a9310303-e7f9-4a41-8a27-a7a2ce3a6d76|rpc:10.1.0.48:15129|admin:10.1.0.48:15128|client:10.1.0.48:15127|dataStream:10.1.0.48:15130|priority:0|startupRole:FOLLOWER, a16823de-594d-4810-9c20-2473ba2acfd2|rpc:10.1.0.48:15138|admin:10.1.0.48:15137|client:10.1.0.48:15136|dataStream:10.1.0.48:15139|priority:0|startupRole:FOLLOWER] with ContainerStateMachine:uninitialized
2023-09-07 08:55:30,718 [a9310303-e7f9-4a41-8a27-a7a2ce3a6d76-groupManagement] INFO  server.RaftServerConfigKeys (ConfUtils.java:logGet(46)) - raft.server.rpc.timeout.min = 5s (custom)
2023-09-07 08:55:30,718 [a9310303-e7f9-4a41-8a27-a7a2ce3a6d76-groupManagement] INFO  server.RaftServerConfigKeys (ConfUtils.java:logGet(46)) - raft.server.rpc.timeout.max = 5200ms (custom)
2023-09-07 08:55:30,718 [a9310303-e7f9-4a41-8a27-a7a2ce3a6d76-groupManagement] INFO  server.RaftServerConfigKeys (ConfUtils.java:logGet(46)) - raft.server.rpc.sleep.time = 25ms (default)
2023-09-07 08:55:30,718 [a9310303-e7f9-4a41-8a27-a7a2ce3a6d76-groupManagement] INFO  server.RaftServerConfigKeys (ConfUtils.java:logGet(46)) - raft.server.rpc.slowness.timeout = 300s (custom)
2023-09-07 08:55:30,718 [a9310303-e7f9-4a41-8a27-a7a2ce3a6d76-groupManagement] INFO  server.RaftServerConfigKeys (ConfUtils.java:logGet(46)) - raft.server.leaderelection.leader.step-down.wait-time = 10s (default)
2023-09-07 08:55:30,718 [a9310303-e7f9-4a41-8a27-a7a2ce3a6d76-groupManagement] INFO  server.RaftServerConfigKeys (ConfUtils.java:logGet(46)) - raft.server.sleep.deviation.threshold = 300ms (default)
2023-09-07 08:55:30,718 [a9310303-e7f9-4a41-8a27-a7a2ce3a6d76-groupManagement] INFO  server.RaftServer$Division (ServerState.java:<init>(120)) - a9310303-e7f9-4a41-8a27-a7a2ce3a6d76@group-778471A2FC67: ConfigurationManager, init=-1: peers:[5b4afb20-df00-40b2-9151-744536d77108|rpc:10.1.0.48:15120|admin:10.1.0.48:15119|client:10.1.0.48:15118|dataStream:10.1.0.48:15121|priority:1|startupRole:FOLLOWER, a9310303-e7f9-4a41-8a27-a7a2ce3a6d76|rpc:10.1.0.48:15129|admin:10.1.0.48:15128|client:10.1.0.48:15127|dataStream:10.1.0.48:15130|priority:0|startupRole:FOLLOWER, a16823de-594d-4810-9c20-2473ba2acfd2|rpc:10.1.0.48:15138|admin:10.1.0.48:15137|client:10.1.0.48:15136|dataStream:10.1.0.48:15139|priority:0|startupRole:FOLLOWER]|listeners:[], old=null, confs=<EMPTY_MAP>
2023-09-07 08:55:30,719 [a9310303-e7f9-4a41-8a27-a7a2ce3a6d76-groupManagement] INFO  server.RaftServerConfigKeys (ConfUtils.java:logGet(46)) - raft.server.storage.dir = [/home/runner/work/ozone/ozone/hadoop-ozone/integration-test/target/test-dir/MiniOzoneClusterImpl-06b57250-6369-4c93-9764-bbc94174df1e/datanode-1/data/ratis] (custom)
2023-09-07 08:55:30,719 [a9310303-e7f9-4a41-8a27-a7a2ce3a6d76-groupManagement] INFO  server.RaftServerConfigKeys (ConfUtils.java:logGet(46)) - raft.server.log.corruption.policy = EXCEPTION (default)
2023-09-07 08:55:30,719 [a9310303-e7f9-4a41-8a27-a7a2ce3a6d76-groupManagement] INFO  server.RaftServerConfigKeys (ConfUtils.java:logGet(46)) - raft.server.storage.free-space.min = 0MB (=0) (default)
2023-09-07 08:55:30,719 [a9310303-e7f9-4a41-8a27-a7a2ce3a6d76-groupManagement] INFO  server.RaftServerConfigKeys (ConfUtils.java:logGet(46)) - raft.server.notification.no-leader.timeout = 300s (custom)
2023-09-07 08:55:30,719 [a9310303-e7f9-4a41-8a27-a7a2ce3a6d76-groupManagement] INFO  server.RaftServerConfigKeys (ConfUtils.java:logGet(46)) - raft.server.read.timeout = 10s (default)
2023-09-07 08:55:30,719 [a9310303-e7f9-4a41-8a27-a7a2ce3a6d76-groupManagement] INFO  server.RaftServerConfigKeys (ConfUtils.java:logGet(46)) - raft.server.retrycache.expirytime = 600000ms (custom)
2023-09-07 08:55:30,719 [a9310303-e7f9-4a41-8a27-a7a2ce3a6d76-groupManagement] INFO  server.RaftServerConfigKeys (ConfUtils.java:logGet(46)) - raft.server.retrycache.statistics.expirytime = 100μs (default)
2023-09-07 08:55:30,719 [a9310303-e7f9-4a41-8a27-a7a2ce3a6d76-groupManagement] INFO  server.RaftServerConfigKeys (ConfUtils.java:logGet(46)) - raft.server.read.option = DEFAULT (default)
2023-09-07 08:55:30,720 [a9310303-e7f9-4a41-8a27-a7a2ce3a6d76-groupManagement] INFO  server.RaftServerConfigKeys (ConfUtils.java:logGet(46)) - raft.server.rpc.request.timeout = 60s (custom)
2023-09-07 08:55:30,720 [a9310303-e7f9-4a41-8a27-a7a2ce3a6d76-groupManagement] INFO  server.RaftServerConfigKeys (ConfUtils.java:logGet(46)) - raft.server.log.appender.install.snapshot.enabled = false (custom)
2023-09-07 08:55:30,720 [a9310303-e7f9-4a41-8a27-a7a2ce3a6d76-groupManagement] INFO  server.RaftServerConfigKeys (ConfUtils.java:logGet(46)) - raft.server.threadpool.server.cached = true (default)
2023-09-07 08:55:30,720 [a9310303-e7f9-4a41-8a27-a7a2ce3a6d76-groupManagement] INFO  server.RaftServerConfigKeys (ConfUtils.java:logGet(46)) - raft.server.threadpool.server.size = 0 (default)
2023-09-07 08:55:30,720 [a9310303-e7f9-4a41-8a27-a7a2ce3a6d76-groupManagement] INFO  server.RaftServerConfigKeys (ConfUtils.java:logGet(46)) - raft.server.threadpool.client.cached = true (default)
2023-09-07 08:55:30,720 [a9310303-e7f9-4a41-8a27-a7a2ce3a6d76-groupManagement] INFO  server.RaftServerConfigKeys (ConfUtils.java:logGet(46)) - raft.server.threadpool.client.size = 0 (default)
2023-09-07 08:55:30,720 [a9310303-e7f9-4a41-8a27-a7a2ce3a6d76-groupManagement] INFO  storage.RaftStorageDirectory (RaftStorageDirectoryImpl.java:analyzeStorage(137)) - The storage directory /home/runner/work/ozone/ozone/hadoop-ozone/integration-test/target/test-dir/MiniOzoneClusterImpl-06b57250-6369-4c93-9764-bbc94174df1e/datanode-1/data/ratis/6d36c441-867e-42ca-89ba-778471a2fc67 does not exist. Creating ...
2023-09-07 08:55:30,722 [a9310303-e7f9-4a41-8a27-a7a2ce3a6d76-groupManagement] INFO  storage.RaftStorageDirectory (RaftStorageDirectoryImpl.java:tryLock(231)) - Lock on /home/runner/work/ozone/ozone/hadoop-ozone/integration-test/target/test-dir/MiniOzoneClusterImpl-06b57250-6369-4c93-9764-bbc94174df1e/datanode-1/data/ratis/6d36c441-867e-42ca-89ba-778471a2fc67/in_use.lock acquired by nodename 7589@fv-az793-921
2023-09-07 08:55:30,724 [a9310303-e7f9-4a41-8a27-a7a2ce3a6d76-groupManagement] INFO  storage.RaftStorage (RaftStorageImpl.java:format(96)) - Storage directory /home/runner/work/ozone/ozone/hadoop-ozone/integration-test/target/test-dir/MiniOzoneClusterImpl-06b57250-6369-4c93-9764-bbc94174df1e/datanode-1/data/ratis/6d36c441-867e-42ca-89ba-778471a2fc67 has been successfully formatted.
2023-09-07 08:55:30,724 [a9310303-e7f9-4a41-8a27-a7a2ce3a6d76-groupManagement] INFO  ratis.ContainerStateMachine (ContainerStateMachine.java:loadSnapshot(262)) - group-778471A2FC67: The snapshot info is null. Setting the last applied indexto:(t:0, i:~)
2023-09-07 08:55:30,724 [a9310303-e7f9-4a41-8a27-a7a2ce3a6d76-groupManagement] INFO  server.RaftServerConfigKeys (ConfUtils.java:logGet(46)) - raft.server.log.use.memory = false (default)
2023-09-07 08:55:30,724 [a9310303-e7f9-4a41-8a27-a7a2ce3a6d76-groupManagement] INFO  server.RaftServerConfigKeys (ConfUtils.java:logGet(46)) - raft.server.log.purge.gap = 1000000 (custom)
2023-09-07 08:55:30,724 [a9310303-e7f9-4a41-8a27-a7a2ce3a6d76-groupManagement] INFO  server.RaftServerConfigKeys (ConfUtils.java:logGet(46)) - raft.server.log.appender.buffer.byte-limit = 33554432 (custom)
2023-09-07 08:55:30,725 [a9310303-e7f9-4a41-8a27-a7a2ce3a6d76-groupManagement] INFO  server.RaftServerConfigKeys (ConfUtils.java:logGet(46)) - raft.server.log.statemachine.data.read.timeout = 1000ms (default)
2023-09-07 08:55:30,725 [a9310303-e7f9-4a41-8a27-a7a2ce3a6d76-groupManagement] INFO  server.RaftServerConfigKeys (ConfUtils.java:logGet(46)) - raft.server.log.purge.preservation.log.num = 0 (default)
2023-09-07 08:55:30,725 [a9310303-e7f9-4a41-8a27-a7a2ce3a6d76-groupManagement] INFO  server.RaftServerConfigKeys (ConfUtils.java:logGet(46)) - raft.server.log.segment.size.max = 1048576 (custom)
2023-09-07 08:55:30,726 [a9310303-e7f9-4a41-8a27-a7a2ce3a6d76-groupManagement] INFO  server.RaftServerConfigKeys (ConfUtils.java:logGet(46)) - raft.server.log.segment.cache.num.max = 2 (custom)
2023-09-07 08:55:30,726 [a9310303-e7f9-4a41-8a27-a7a2ce3a6d76-groupManagement] INFO  server.RaftServerConfigKeys (ConfUtils.java:logGet(46)) - raft.server.log.segment.cache.size.max = 200MB (=209715200) (default)
2023-09-07 08:55:30,726 [a9310303-e7f9-4a41-8a27-a7a2ce3a6d76-groupManagement] INFO  server.RaftServerConfigKeys (ConfUtils.java:logGet(46)) - raft.server.log.appender.buffer.byte-limit = 33554432 (custom)
2023-09-07 08:55:30,726 [a9310303-e7f9-4a41-8a27-a7a2ce3a6d76-groupManagement] INFO  segmented.SegmentedRaftLogWorker (SegmentedRaftLogWorker.java:<init>(188)) - new a9310303-e7f9-4a41-8a27-a7a2ce3a6d76@group-778471A2FC67-SegmentedRaftLogWorker for RaftStorageImpl:Storage Directory /home/runner/work/ozone/ozone/hadoop-ozone/integration-test/target/test-dir/MiniOzoneClusterImpl-06b57250-6369-4c93-9764-bbc94174df1e/datanode-1/data/ratis/6d36c441-867e-42ca-89ba-778471a2fc67
2023-09-07 08:55:30,726 [a9310303-e7f9-4a41-8a27-a7a2ce3a6d76-groupManagement] INFO  server.RaftServerConfigKeys (ConfUtils.java:logGet(46)) - raft.server.log.queue.byte-limit = 4294967296 (custom)
2023-09-07 08:55:30,726 [a9310303-e7f9-4a41-8a27-a7a2ce3a6d76-groupManagement] INFO  server.RaftServerConfigKeys (ConfUtils.java:logGet(46)) - raft.server.log.queue.element-limit = 1024 (custom)
2023-09-07 08:55:30,726 [a9310303-e7f9-4a41-8a27-a7a2ce3a6d76-groupManagement] INFO  server.RaftServerConfigKeys (ConfUtils.java:logGet(46)) - raft.server.log.segment.size.max = 1048576 (custom)
2023-09-07 08:55:30,726 [a9310303-e7f9-4a41-8a27-a7a2ce3a6d76-groupManagement] INFO  server.RaftServerConfigKeys (ConfUtils.java:logGet(46)) - raft.server.log.preallocated.size = 16384 (custom)
2023-09-07 08:55:30,726 [a9310303-e7f9-4a41-8a27-a7a2ce3a6d76-groupManagement] INFO  server.RaftServerConfigKeys (ConfUtils.java:logGet(46)) - raft.server.log.force.sync.num = 128 (default)
2023-09-07 08:55:30,726 [a9310303-e7f9-4a41-8a27-a7a2ce3a6d76-groupManagement] INFO  server.RaftServerConfigKeys (ConfUtils.java:logGet(46)) - raft.server.log.statemachine.data.sync = true (default)
2023-09-07 08:55:30,726 [a9310303-e7f9-4a41-8a27-a7a2ce3a6d76-groupManagement] INFO  server.RaftServerConfigKeys (ConfUtils.java:logGet(46)) - raft.server.log.statemachine.data.sync.timeout = 10s (default)
2023-09-07 08:55:30,726 [a9310303-e7f9-4a41-8a27-a7a2ce3a6d76-groupManagement] INFO  server.RaftServerConfigKeys (ConfUtils.java:logGet(46)) - raft.server.log.statemachine.data.sync.timeout.retry = -1 (default)
2023-09-07 08:55:30,727 [a9310303-e7f9-4a41-8a27-a7a2ce3a6d76-groupManagement] INFO  server.RaftServerConfigKeys (ConfUtils.java:logGet(46)) - raft.server.log.write.buffer.size = 1048576 (custom)
2023-09-07 08:55:30,728 [a9310303-e7f9-4a41-8a27-a7a2ce3a6d76-groupManagement] INFO  server.RaftServerConfigKeys (ConfUtils.java:logGet(46)) - raft.server.log.appender.buffer.byte-limit = 33554432 (custom)
2023-09-07 08:55:30,735 [a9310303-e7f9-4a41-8a27-a7a2ce3a6d76-groupManagement] INFO  server.RaftServerConfigKeys (ConfUtils.java:logGet(46)) - raft.server.log.unsafe-flush.enabled = false (default)
2023-09-07 08:55:30,736 [a9310303-e7f9-4a41-8a27-a7a2ce3a6d76-groupManagement] INFO  server.RaftServerConfigKeys (ConfUtils.java:logGet(46)) - raft.server.log.async-flush.enabled = false (default)
2023-09-07 08:55:30,736 [a9310303-e7f9-4a41-8a27-a7a2ce3a6d76-groupManagement] INFO  server.RaftServerConfigKeys (ConfUtils.java:logGet(46)) - raft.server.log.statemachine.data.caching.enabled = true (custom)
2023-09-07 08:55:30,736 [a9310303-e7f9-4a41-8a27-a7a2ce3a6d76-groupManagement] INFO  segmented.SegmentedRaftLogWorker (SegmentedRaftLogWorker.java:lambda$new$0(135)) - a9310303-e7f9-4a41-8a27-a7a2ce3a6d76@group-778471A2FC67-SegmentedRaftLogWorker: flushIndex: setUnconditionally 0 -> -1
2023-09-07 08:55:30,736 [a9310303-e7f9-4a41-8a27-a7a2ce3a6d76-groupManagement] INFO  segmented.SegmentedRaftLogWorker (SegmentedRaftLogWorker.java:lambda$new$0(135)) - a9310303-e7f9-4a41-8a27-a7a2ce3a6d76@group-778471A2FC67-SegmentedRaftLogWorker: safeCacheEvictIndex: setUnconditionally 0 -> -1
2023-09-07 08:55:30,737 [a9310303-e7f9-4a41-8a27-a7a2ce3a6d76-groupManagement] INFO  server.RaftServer$Division (RaftServerImpl.java:start(342)) - a9310303-e7f9-4a41-8a27-a7a2ce3a6d76@group-778471A2FC67: start as a follower, conf=-1: peers:[5b4afb20-df00-40b2-9151-744536d77108|rpc:10.1.0.48:15120|admin:10.1.0.48:15119|client:10.1.0.48:15118|dataStream:10.1.0.48:15121|priority:1|startupRole:FOLLOWER, a9310303-e7f9-4a41-8a27-a7a2ce3a6d76|rpc:10.1.0.48:15129|admin:10.1.0.48:15128|client:10.1.0.48:15127|dataStream:10.1.0.48:15130|priority:0|startupRole:FOLLOWER, a16823de-594d-4810-9c20-2473ba2acfd2|rpc:10.1.0.48:15138|admin:10.1.0.48:15137|client:10.1.0.48:15136|dataStream:10.1.0.48:15139|priority:0|startupRole:FOLLOWER]|listeners:[], old=null
2023-09-07 08:55:30,737 [a9310303-e7f9-4a41-8a27-a7a2ce3a6d76-groupManagement] INFO  server.RaftServer$Division (RaftServerImpl.java:setRole(329)) - a9310303-e7f9-4a41-8a27-a7a2ce3a6d76@group-778471A2FC67: changes role from      null to FOLLOWER at term 0 for startAsFollower
2023-09-07 08:55:30,737 [a9310303-e7f9-4a41-8a27-a7a2ce3a6d76-groupManagement] INFO  impl.RoleInfo (RoleInfo.java:updateAndGet(139)) - a9310303-e7f9-4a41-8a27-a7a2ce3a6d76: start a9310303-e7f9-4a41-8a27-a7a2ce3a6d76@group-778471A2FC67-FollowerState
2023-09-07 08:55:30,737 [a9310303-e7f9-4a41-8a27-a7a2ce3a6d76@group-778471A2FC67-FollowerState] INFO  server.RaftServerConfigKeys (ConfUtils.java:logFallback(53)) - raft.server.rpc.first-election.timeout.min = 5s (fallback to raft.server.rpc.timeout.min)
2023-09-07 08:55:30,737 [a9310303-e7f9-4a41-8a27-a7a2ce3a6d76@group-778471A2FC67-FollowerState] INFO  server.RaftServerConfigKeys (ConfUtils.java:logFallback(53)) - raft.server.rpc.first-election.timeout.max = 5200ms (fallback to raft.server.rpc.timeout.max)
2023-09-07 08:55:30,738 [a9310303-e7f9-4a41-8a27-a7a2ce3a6d76-groupManagement] INFO  util.JmxRegister (JmxRegister.java:tryRegister(44)) - Successfully registered JMX Bean with object name Ratis:service=RaftServer,group=group-778471A2FC67,id=a9310303-e7f9-4a41-8a27-a7a2ce3a6d76
2023-09-07 08:55:30,738 [a9310303-e7f9-4a41-8a27-a7a2ce3a6d76-groupManagement] INFO  server.RaftServerConfigKeys (ConfUtils.java:logGet(46)) - raft.server.snapshot.auto.trigger.enabled = true (custom)
2023-09-07 08:55:30,738 [a9310303-e7f9-4a41-8a27-a7a2ce3a6d76-groupManagement] INFO  server.RaftServerConfigKeys (ConfUtils.java:logGet(46)) - raft.server.snapshot.auto.trigger.threshold = 10000 (custom)
2023-09-07 08:55:30,738 [a9310303-e7f9-4a41-8a27-a7a2ce3a6d76-groupManagement] INFO  server.RaftServerConfigKeys (ConfUtils.java:logGet(46)) - raft.server.snapshot.retention.file.num = 5 (custom)
2023-09-07 08:55:30,738 [a9310303-e7f9-4a41-8a27-a7a2ce3a6d76-groupManagement] INFO  server.RaftServerConfigKeys (ConfUtils.java:logGet(46)) - raft.server.log.purge.upto.snapshot.index = false (default)
2023-09-07 08:55:30,760 [PipelineCommandHandlerThread-0] INFO  commandhandler.CreatePipelineCommandHandler (CreatePipelineCommandHandler.java:lambda$handle$2(124)) - Created Pipeline RATIS THREE PipelineID=6d36c441-867e-42ca-89ba-778471a2fc67.
2023-09-07 08:55:30,843 [PipelineCommandHandlerThread-0] INFO  server.RaftServer (RaftServerProxy.java:addNew(98)) - a9310303-e7f9-4a41-8a27-a7a2ce3a6d76: addNew group-896D5AA9B730:[a9310303-e7f9-4a41-8a27-a7a2ce3a6d76|rpc:10.1.0.48:15129|admin:10.1.0.48:15128|client:10.1.0.48:15127|dataStream:10.1.0.48:15130|priority:1|startupRole:FOLLOWER] returns group-896D5AA9B730:java.util.concurrent.CompletableFuture@3881fffb[Not completed]
2023-09-07 08:55:30,844 [a9310303-e7f9-4a41-8a27-a7a2ce3a6d76-groupManagement] INFO  server.RaftServer$Division (RaftServerImpl.java:<init>(198)) - a9310303-e7f9-4a41-8a27-a7a2ce3a6d76: new RaftServerImpl for group-896D5AA9B730:[a9310303-e7f9-4a41-8a27-a7a2ce3a6d76|rpc:10.1.0.48:15129|admin:10.1.0.48:15128|client:10.1.0.48:15127|dataStream:10.1.0.48:15130|priority:1|startupRole:FOLLOWER] with ContainerStateMachine:uninitialized
2023-09-07 08:55:30,844 [a9310303-e7f9-4a41-8a27-a7a2ce3a6d76-groupManagement] INFO  server.RaftServerConfigKeys (ConfUtils.java:logGet(46)) - raft.server.rpc.timeout.min = 5s (custom)
2023-09-07 08:55:30,844 [a9310303-e7f9-4a41-8a27-a7a2ce3a6d76-groupManagement] INFO  server.RaftServerConfigKeys (ConfUtils.java:logGet(46)) - raft.server.rpc.timeout.max = 5200ms (custom)
2023-09-07 08:55:30,844 [a9310303-e7f9-4a41-8a27-a7a2ce3a6d76-groupManagement] INFO  server.RaftServerConfigKeys (ConfUtils.java:logGet(46)) - raft.server.rpc.sleep.time = 25ms (default)
2023-09-07 08:55:30,844 [a9310303-e7f9-4a41-8a27-a7a2ce3a6d76-groupManagement] INFO  server.RaftServerConfigKeys (ConfUtils.java:logGet(46)) - raft.server.rpc.slowness.timeout = 300s (custom)
2023-09-07 08:55:30,844 [a9310303-e7f9-4a41-8a27-a7a2ce3a6d76-groupManagement] INFO  server.RaftServerConfigKeys (ConfUtils.java:logGet(46)) - raft.server.leaderelection.leader.step-down.wait-time = 10s (default)
2023-09-07 08:55:30,844 [a9310303-e7f9-4a41-8a27-a7a2ce3a6d76-groupManagement] INFO  server.RaftServerConfigKeys (ConfUtils.java:logGet(46)) - raft.server.sleep.deviation.threshold = 300ms (default)
2023-09-07 08:55:30,844 [a9310303-e7f9-4a41-8a27-a7a2ce3a6d76-groupManagement] INFO  server.RaftServer$Division (ServerState.java:<init>(120)) - a9310303-e7f9-4a41-8a27-a7a2ce3a6d76@group-896D5AA9B730: ConfigurationManager, init=-1: peers:[a9310303-e7f9-4a41-8a27-a7a2ce3a6d76|rpc:10.1.0.48:15129|admin:10.1.0.48:15128|client:10.1.0.48:15127|dataStream:10.1.0.48:15130|priority:1|startupRole:FOLLOWER]|listeners:[], old=null, confs=<EMPTY_MAP>
2023-09-07 08:55:30,844 [a9310303-e7f9-4a41-8a27-a7a2ce3a6d76-groupManagement] INFO  server.RaftServerConfigKeys (ConfUtils.java:logGet(46)) - raft.server.storage.dir = [/home/runner/work/ozone/ozone/hadoop-ozone/integration-test/target/test-dir/MiniOzoneClusterImpl-06b57250-6369-4c93-9764-bbc94174df1e/datanode-1/data/ratis] (custom)
2023-09-07 08:55:30,845 [a9310303-e7f9-4a41-8a27-a7a2ce3a6d76-groupManagement] INFO  server.RaftServerConfigKeys (ConfUtils.java:logGet(46)) - raft.server.log.corruption.policy = EXCEPTION (default)
2023-09-07 08:55:30,845 [a9310303-e7f9-4a41-8a27-a7a2ce3a6d76-groupManagement] INFO  server.RaftServerConfigKeys (ConfUtils.java:logGet(46)) - raft.server.storage.free-space.min = 0MB (=0) (default)
2023-09-07 08:55:30,845 [a9310303-e7f9-4a41-8a27-a7a2ce3a6d76-groupManagement] INFO  server.RaftServerConfigKeys (ConfUtils.java:logGet(46)) - raft.server.notification.no-leader.timeout = 300s (custom)
2023-09-07 08:55:30,845 [a9310303-e7f9-4a41-8a27-a7a2ce3a6d76-groupManagement] INFO  server.RaftServerConfigKeys (ConfUtils.java:logGet(46)) - raft.server.read.timeout = 10s (default)
2023-09-07 08:55:30,845 [a9310303-e7f9-4a41-8a27-a7a2ce3a6d76-groupManagement] INFO  server.RaftServerConfigKeys (ConfUtils.java:logGet(46)) - raft.server.retrycache.expirytime = 600000ms (custom)
2023-09-07 08:55:30,845 [a9310303-e7f9-4a41-8a27-a7a2ce3a6d76-groupManagement] INFO  server.RaftServerConfigKeys (ConfUtils.java:logGet(46)) - raft.server.retrycache.statistics.expirytime = 100μs (default)
2023-09-07 08:55:30,845 [a9310303-e7f9-4a41-8a27-a7a2ce3a6d76-groupManagement] INFO  server.RaftServerConfigKeys (ConfUtils.java:logGet(46)) - raft.server.read.option = DEFAULT (default)
2023-09-07 08:55:30,846 [a9310303-e7f9-4a41-8a27-a7a2ce3a6d76-groupManagement] INFO  server.RaftServerConfigKeys (ConfUtils.java:logGet(46)) - raft.server.rpc.request.timeout = 60s (custom)
2023-09-07 08:55:30,846 [a9310303-e7f9-4a41-8a27-a7a2ce3a6d76-groupManagement] INFO  server.RaftServerConfigKeys (ConfUtils.java:logGet(46)) - raft.server.log.appender.install.snapshot.enabled = false (custom)
2023-09-07 08:55:30,846 [a9310303-e7f9-4a41-8a27-a7a2ce3a6d76-groupManagement] INFO  server.RaftServerConfigKeys (ConfUtils.java:logGet(46)) - raft.server.threadpool.server.cached = true (default)
2023-09-07 08:55:30,846 [a9310303-e7f9-4a41-8a27-a7a2ce3a6d76-groupManagement] INFO  server.RaftServerConfigKeys (ConfUtils.java:logGet(46)) - raft.server.threadpool.server.size = 0 (default)
2023-09-07 08:55:30,846 [a9310303-e7f9-4a41-8a27-a7a2ce3a6d76-groupManagement] INFO  server.RaftServerConfigKeys (ConfUtils.java:logGet(46)) - raft.server.threadpool.client.cached = true (default)
2023-09-07 08:55:30,846 [a9310303-e7f9-4a41-8a27-a7a2ce3a6d76-groupManagement] INFO  server.RaftServerConfigKeys (ConfUtils.java:logGet(46)) - raft.server.threadpool.client.size = 0 (default)
2023-09-07 08:55:30,846 [a9310303-e7f9-4a41-8a27-a7a2ce3a6d76-groupManagement] INFO  storage.RaftStorageDirectory (RaftStorageDirectoryImpl.java:analyzeStorage(137)) - The storage directory /home/runner/work/ozone/ozone/hadoop-ozone/integration-test/target/test-dir/MiniOzoneClusterImpl-06b57250-6369-4c93-9764-bbc94174df1e/datanode-1/data/ratis/9e38776a-dcc6-4a52-b76f-896d5aa9b730 does not exist. Creating ...
2023-09-07 08:55:30,848 [a9310303-e7f9-4a41-8a27-a7a2ce3a6d76-groupManagement] INFO  storage.RaftStorageDirectory (RaftStorageDirectoryImpl.java:tryLock(231)) - Lock on /home/runner/work/ozone/ozone/hadoop-ozone/integration-test/target/test-dir/MiniOzoneClusterImpl-06b57250-6369-4c93-9764-bbc94174df1e/datanode-1/data/ratis/9e38776a-dcc6-4a52-b76f-896d5aa9b730/in_use.lock acquired by nodename 7589@fv-az793-921
2023-09-07 08:55:30,849 [a9310303-e7f9-4a41-8a27-a7a2ce3a6d76-groupManagement] INFO  storage.RaftStorage (RaftStorageImpl.java:format(96)) - Storage directory /home/runner/work/ozone/ozone/hadoop-ozone/integration-test/target/test-dir/MiniOzoneClusterImpl-06b57250-6369-4c93-9764-bbc94174df1e/datanode-1/data/ratis/9e38776a-dcc6-4a52-b76f-896d5aa9b730 has been successfully formatted.
2023-09-07 08:55:30,850 [a9310303-e7f9-4a41-8a27-a7a2ce3a6d76-groupManagement] INFO  ratis.ContainerStateMachine (ContainerStateMachine.java:loadSnapshot(262)) - group-896D5AA9B730: The snapshot info is null. Setting the last applied indexto:(t:0, i:~)
2023-09-07 08:55:30,850 [a9310303-e7f9-4a41-8a27-a7a2ce3a6d76-groupManagement] INFO  server.RaftServerConfigKeys (ConfUtils.java:logGet(46)) - raft.server.log.use.memory = false (default)
2023-09-07 08:55:30,850 [a9310303-e7f9-4a41-8a27-a7a2ce3a6d76-groupManagement] INFO  server.RaftServerConfigKeys (ConfUtils.java:logGet(46)) - raft.server.log.purge.gap = 1000000 (custom)
2023-09-07 08:55:30,851 [a9310303-e7f9-4a41-8a27-a7a2ce3a6d76-groupManagement] INFO  server.RaftServerConfigKeys (ConfUtils.java:logGet(46)) - raft.server.log.appender.buffer.byte-limit = 33554432 (custom)
2023-09-07 08:55:30,851 [a9310303-e7f9-4a41-8a27-a7a2ce3a6d76-groupManagement] INFO  server.RaftServerConfigKeys (ConfUtils.java:logGet(46)) - raft.server.log.statemachine.data.read.timeout = 1000ms (default)
2023-09-07 08:55:30,851 [a9310303-e7f9-4a41-8a27-a7a2ce3a6d76-groupManagement] INFO  server.RaftServerConfigKeys (ConfUtils.java:logGet(46)) - raft.server.log.purge.preservation.log.num = 0 (default)
2023-09-07 08:55:30,851 [a9310303-e7f9-4a41-8a27-a7a2ce3a6d76-groupManagement] INFO  server.RaftServerConfigKeys (ConfUtils.java:logGet(46)) - raft.server.log.segment.size.max = 1048576 (custom)
2023-09-07 08:55:30,851 [EventQueue-PipelineReportForPipelineReportHandler] INFO  pipeline.PipelineReportHandler (PipelineReportHandler.java:processPipelineReport(136)) - Opened pipeline PipelineID=9e38776a-dcc6-4a52-b76f-896d5aa9b730
2023-09-07 08:55:30,852 [EventQueue-OpenPipelineForHealthyPipelineSafeModeRule] INFO  safemode.SCMSafeModeManager (HealthyPipelineSafeModeRule.java:process(137)) - SCM in safe mode. Healthy pipelines reported count is 0, required healthy pipeline reported count is 1
2023-09-07 08:55:30,852 [a9310303-e7f9-4a41-8a27-a7a2ce3a6d76-groupManagement] INFO  server.RaftServerConfigKeys (ConfUtils.java:logGet(46)) - raft.server.log.segment.cache.num.max = 2 (custom)
2023-09-07 08:55:30,852 [a9310303-e7f9-4a41-8a27-a7a2ce3a6d76-groupManagement] INFO  server.RaftServerConfigKeys (ConfUtils.java:logGet(46)) - raft.server.log.segment.cache.size.max = 200MB (=209715200) (default)
2023-09-07 08:55:30,852 [a9310303-e7f9-4a41-8a27-a7a2ce3a6d76-groupManagement] INFO  server.RaftServerConfigKeys (ConfUtils.java:logGet(46)) - raft.server.log.appender.buffer.byte-limit = 33554432 (custom)
2023-09-07 08:55:30,852 [a9310303-e7f9-4a41-8a27-a7a2ce3a6d76-groupManagement] INFO  segmented.SegmentedRaftLogWorker (SegmentedRaftLogWorker.java:<init>(188)) - new a9310303-e7f9-4a41-8a27-a7a2ce3a6d76@group-896D5AA9B730-SegmentedRaftLogWorker for RaftStorageImpl:Storage Directory /home/runner/work/ozone/ozone/hadoop-ozone/integration-test/target/test-dir/MiniOzoneClusterImpl-06b57250-6369-4c93-9764-bbc94174df1e/datanode-1/data/ratis/9e38776a-dcc6-4a52-b76f-896d5aa9b730
2023-09-07 08:55:30,852 [a9310303-e7f9-4a41-8a27-a7a2ce3a6d76-groupManagement] INFO  server.RaftServerConfigKeys (ConfUtils.java:logGet(46)) - raft.server.log.queue.byte-limit = 4294967296 (custom)
2023-09-07 08:55:30,852 [a9310303-e7f9-4a41-8a27-a7a2ce3a6d76-groupManagement] INFO  server.RaftServerConfigKeys (ConfUtils.java:logGet(46)) - raft.server.log.queue.element-limit = 1024 (custom)
2023-09-07 08:55:30,852 [a9310303-e7f9-4a41-8a27-a7a2ce3a6d76-groupManagement] INFO  server.RaftServerConfigKeys (ConfUtils.java:logGet(46)) - raft.server.log.segment.size.max = 1048576 (custom)
2023-09-07 08:55:30,852 [a9310303-e7f9-4a41-8a27-a7a2ce3a6d76-groupManagement] INFO  server.RaftServerConfigKeys (ConfUtils.java:logGet(46)) - raft.server.log.preallocated.size = 16384 (custom)
2023-09-07 08:55:30,852 [a9310303-e7f9-4a41-8a27-a7a2ce3a6d76-groupManagement] INFO  server.RaftServerConfigKeys (ConfUtils.java:logGet(46)) - raft.server.log.force.sync.num = 128 (default)
2023-09-07 08:55:30,852 [a9310303-e7f9-4a41-8a27-a7a2ce3a6d76-groupManagement] INFO  server.RaftServerConfigKeys (ConfUtils.java:logGet(46)) - raft.server.log.statemachine.data.sync = true (default)
2023-09-07 08:55:30,852 [a9310303-e7f9-4a41-8a27-a7a2ce3a6d76-groupManagement] INFO  server.RaftServerConfigKeys (ConfUtils.java:logGet(46)) - raft.server.log.statemachine.data.sync.timeout = 10s (default)
2023-09-07 08:55:30,852 [a9310303-e7f9-4a41-8a27-a7a2ce3a6d76-groupManagement] INFO  server.RaftServerConfigKeys (ConfUtils.java:logGet(46)) - raft.server.log.statemachine.data.sync.timeout.retry = -1 (default)
2023-09-07 08:55:30,853 [a9310303-e7f9-4a41-8a27-a7a2ce3a6d76-groupManagement] INFO  server.RaftServerConfigKeys (ConfUtils.java:logGet(46)) - raft.server.log.write.buffer.size = 1048576 (custom)
2023-09-07 08:55:30,854 [a9310303-e7f9-4a41-8a27-a7a2ce3a6d76-groupManagement] INFO  server.RaftServerConfigKeys (ConfUtils.java:logGet(46)) - raft.server.log.appender.buffer.byte-limit = 33554432 (custom)
2023-09-07 08:55:30,941 [main] INFO  ozone.MiniOzoneClusterImpl (MiniOzoneClusterImpl.java:lambda$waitForClusterToBeReady$0(224)) - Nodes are ready. Got 5 of 5 DN Heartbeats.
2023-09-07 08:55:30,952 [main] INFO  ozone.MiniOzoneClusterImpl (MiniOzoneClusterImpl.java:lambda$waitForClusterToBeReady$0(227)) - Waiting for cluster to exit safe mode
2023-09-07 08:55:30,952 [main] INFO  ozone.MiniOzoneClusterImpl (MiniOzoneClusterImpl.java:lambda$waitForClusterToBeReady$0(229)) - SCM became leader
2023-09-07 08:55:30,954 [a9310303-e7f9-4a41-8a27-a7a2ce3a6d76-groupManagement] INFO  server.RaftServerConfigKeys (ConfUtils.java:logGet(46)) - raft.server.log.unsafe-flush.enabled = false (default)
2023-09-07 08:55:30,954 [a9310303-e7f9-4a41-8a27-a7a2ce3a6d76-groupManagement] INFO  server.RaftServerConfigKeys (ConfUtils.java:logGet(46)) - raft.server.log.async-flush.enabled = false (default)
2023-09-07 08:55:30,954 [a9310303-e7f9-4a41-8a27-a7a2ce3a6d76-groupManagement] INFO  server.RaftServerConfigKeys (ConfUtils.java:logGet(46)) - raft.server.log.statemachine.data.caching.enabled = true (custom)
2023-09-07 08:55:30,954 [a9310303-e7f9-4a41-8a27-a7a2ce3a6d76-groupManagement] INFO  segmented.SegmentedRaftLogWorker (SegmentedRaftLogWorker.java:lambda$new$0(135)) - a9310303-e7f9-4a41-8a27-a7a2ce3a6d76@group-896D5AA9B730-SegmentedRaftLogWorker: flushIndex: setUnconditionally 0 -> -1
2023-09-07 08:55:30,954 [a9310303-e7f9-4a41-8a27-a7a2ce3a6d76-groupManagement] INFO  segmented.SegmentedRaftLogWorker (SegmentedRaftLogWorker.java:lambda$new$0(135)) - a9310303-e7f9-4a41-8a27-a7a2ce3a6d76@group-896D5AA9B730-SegmentedRaftLogWorker: safeCacheEvictIndex: setUnconditionally 0 -> -1
2023-09-07 08:55:30,955 [a9310303-e7f9-4a41-8a27-a7a2ce3a6d76-groupManagement] INFO  server.RaftServer$Division (RaftServerImpl.java:start(342)) - a9310303-e7f9-4a41-8a27-a7a2ce3a6d76@group-896D5AA9B730: start as a follower, conf=-1: peers:[a9310303-e7f9-4a41-8a27-a7a2ce3a6d76|rpc:10.1.0.48:15129|admin:10.1.0.48:15128|client:10.1.0.48:15127|dataStream:10.1.0.48:15130|priority:1|startupRole:FOLLOWER]|listeners:[], old=null
2023-09-07 08:55:30,955 [a9310303-e7f9-4a41-8a27-a7a2ce3a6d76-groupManagement] INFO  server.RaftServer$Division (RaftServerImpl.java:setRole(329)) - a9310303-e7f9-4a41-8a27-a7a2ce3a6d76@group-896D5AA9B730: changes role from      null to FOLLOWER at term 0 for startAsFollower
2023-09-07 08:55:30,955 [a9310303-e7f9-4a41-8a27-a7a2ce3a6d76-groupManagement] INFO  impl.RoleInfo (RoleInfo.java:updateAndGet(139)) - a9310303-e7f9-4a41-8a27-a7a2ce3a6d76: start a9310303-e7f9-4a41-8a27-a7a2ce3a6d76@group-896D5AA9B730-FollowerState
2023-09-07 08:55:30,955 [a9310303-e7f9-4a41-8a27-a7a2ce3a6d76-groupManagement] INFO  util.JmxRegister (JmxRegister.java:tryRegister(44)) - Successfully registered JMX Bean with object name Ratis:service=RaftServer,group=group-896D5AA9B730,id=a9310303-e7f9-4a41-8a27-a7a2ce3a6d76
2023-09-07 08:55:30,955 [a9310303-e7f9-4a41-8a27-a7a2ce3a6d76@group-896D5AA9B730-FollowerState] INFO  server.RaftServerConfigKeys (ConfUtils.java:logFallback(53)) - raft.server.rpc.first-election.timeout.min = 5s (fallback to raft.server.rpc.timeout.min)
2023-09-07 08:55:30,955 [a9310303-e7f9-4a41-8a27-a7a2ce3a6d76-groupManagement] INFO  server.RaftServerConfigKeys (ConfUtils.java:logGet(46)) - raft.server.snapshot.auto.trigger.enabled = true (custom)
2023-09-07 08:55:30,955 [a9310303-e7f9-4a41-8a27-a7a2ce3a6d76@group-896D5AA9B730-FollowerState] INFO  server.RaftServerConfigKeys (ConfUtils.java:logFallback(53)) - raft.server.rpc.first-election.timeout.max = 5200ms (fallback to raft.server.rpc.timeout.max)
2023-09-07 08:55:30,955 [a9310303-e7f9-4a41-8a27-a7a2ce3a6d76-groupManagement] INFO  server.RaftServerConfigKeys (ConfUtils.java:logGet(46)) - raft.server.snapshot.auto.trigger.threshold = 10000 (custom)
2023-09-07 08:55:30,955 [a9310303-e7f9-4a41-8a27-a7a2ce3a6d76-groupManagement] INFO  server.RaftServerConfigKeys (ConfUtils.java:logGet(46)) - raft.server.snapshot.retention.file.num = 5 (custom)
2023-09-07 08:55:30,955 [a9310303-e7f9-4a41-8a27-a7a2ce3a6d76-groupManagement] INFO  server.RaftServerConfigKeys (ConfUtils.java:logGet(46)) - raft.server.log.purge.upto.snapshot.index = false (default)
2023-09-07 08:55:30,961 [PipelineCommandHandlerThread-0] INFO  ratis.XceiverServerRatis (XceiverServerRatis.java:addGroup(804)) - Created group PipelineID=9e38776a-dcc6-4a52-b76f-896d5aa9b730
2023-09-07 08:55:30,961 [PipelineCommandHandlerThread-0] INFO  commandhandler.CreatePipelineCommandHandler (CreatePipelineCommandHandler.java:lambda$handle$2(124)) - Created Pipeline RATIS ONE PipelineID=9e38776a-dcc6-4a52-b76f-896d5aa9b730.
2023-09-07 08:55:31,209 [PipelineCommandHandlerThread-0] INFO  server.RaftServer (RaftServerProxy.java:addNew(98)) - a16823de-594d-4810-9c20-2473ba2acfd2: addNew group-86C75A0E7303:[a16823de-594d-4810-9c20-2473ba2acfd2|rpc:10.1.0.48:15138|admin:10.1.0.48:15137|client:10.1.0.48:15136|dataStream:10.1.0.48:15139|priority:1|startupRole:FOLLOWER] returns group-86C75A0E7303:java.util.concurrent.CompletableFuture@16caf1e3[Not completed]
2023-09-07 08:55:31,210 [a16823de-594d-4810-9c20-2473ba2acfd2-groupManagement] INFO  server.RaftServer$Division (RaftServerImpl.java:<init>(198)) - a16823de-594d-4810-9c20-2473ba2acfd2: new RaftServerImpl for group-86C75A0E7303:[a16823de-594d-4810-9c20-2473ba2acfd2|rpc:10.1.0.48:15138|admin:10.1.0.48:15137|client:10.1.0.48:15136|dataStream:10.1.0.48:15139|priority:1|startupRole:FOLLOWER] with ContainerStateMachine:uninitialized
2023-09-07 08:55:31,210 [a16823de-594d-4810-9c20-2473ba2acfd2-groupManagement] INFO  server.RaftServerConfigKeys (ConfUtils.java:logGet(46)) - raft.server.rpc.timeout.min = 5s (custom)
2023-09-07 08:55:31,210 [a16823de-594d-4810-9c20-2473ba2acfd2-groupManagement] INFO  server.RaftServerConfigKeys (ConfUtils.java:logGet(46)) - raft.server.rpc.timeout.max = 5200ms (custom)
2023-09-07 08:55:31,210 [a16823de-594d-4810-9c20-2473ba2acfd2-groupManagement] INFO  server.RaftServerConfigKeys (ConfUtils.java:logGet(46)) - raft.server.rpc.sleep.time = 25ms (default)
2023-09-07 08:55:31,210 [a16823de-594d-4810-9c20-2473ba2acfd2-groupManagement] INFO  server.RaftServerConfigKeys (ConfUtils.java:logGet(46)) - raft.server.rpc.slowness.timeout = 300s (custom)
2023-09-07 08:55:31,210 [a16823de-594d-4810-9c20-2473ba2acfd2-groupManagement] INFO  server.RaftServerConfigKeys (ConfUtils.java:logGet(46)) - raft.server.leaderelection.leader.step-down.wait-time = 10s (default)
2023-09-07 08:55:31,210 [a16823de-594d-4810-9c20-2473ba2acfd2-groupManagement] INFO  server.RaftServerConfigKeys (ConfUtils.java:logGet(46)) - raft.server.sleep.deviation.threshold = 300ms (default)
2023-09-07 08:55:31,210 [a16823de-594d-4810-9c20-2473ba2acfd2-groupManagement] INFO  server.RaftServer$Division (ServerState.java:<init>(120)) - a16823de-594d-4810-9c20-2473ba2acfd2@group-86C75A0E7303: ConfigurationManager, init=-1: peers:[a16823de-594d-4810-9c20-2473ba2acfd2|rpc:10.1.0.48:15138|admin:10.1.0.48:15137|client:10.1.0.48:15136|dataStream:10.1.0.48:15139|priority:1|startupRole:FOLLOWER]|listeners:[], old=null, confs=<EMPTY_MAP>
2023-09-07 08:55:31,210 [a16823de-594d-4810-9c20-2473ba2acfd2-groupManagement] INFO  server.RaftServerConfigKeys (ConfUtils.java:logGet(46)) - raft.server.storage.dir = [/home/runner/work/ozone/ozone/hadoop-ozone/integration-test/target/test-dir/MiniOzoneClusterImpl-06b57250-6369-4c93-9764-bbc94174df1e/datanode-2/data/ratis] (custom)
2023-09-07 08:55:31,211 [a16823de-594d-4810-9c20-2473ba2acfd2-groupManagement] INFO  server.RaftServerConfigKeys (ConfUtils.java:logGet(46)) - raft.server.log.corruption.policy = EXCEPTION (default)
2023-09-07 08:55:31,211 [a16823de-594d-4810-9c20-2473ba2acfd2-groupManagement] INFO  server.RaftServerConfigKeys (ConfUtils.java:logGet(46)) - raft.server.storage.free-space.min = 0MB (=0) (default)
2023-09-07 08:55:31,211 [a16823de-594d-4810-9c20-2473ba2acfd2-groupManagement] INFO  server.RaftServerConfigKeys (ConfUtils.java:logGet(46)) - raft.server.notification.no-leader.timeout = 300s (custom)
2023-09-07 08:55:31,211 [a16823de-594d-4810-9c20-2473ba2acfd2-groupManagement] INFO  server.RaftServerConfigKeys (ConfUtils.java:logGet(46)) - raft.server.read.timeout = 10s (default)
2023-09-07 08:55:31,211 [a16823de-594d-4810-9c20-2473ba2acfd2-groupManagement] INFO  server.RaftServerConfigKeys (ConfUtils.java:logGet(46)) - raft.server.retrycache.expirytime = 600000ms (custom)
2023-09-07 08:55:31,211 [a16823de-594d-4810-9c20-2473ba2acfd2-groupManagement] INFO  server.RaftServerConfigKeys (ConfUtils.java:logGet(46)) - raft.server.retrycache.statistics.expirytime = 100μs (default)
2023-09-07 08:55:31,211 [a16823de-594d-4810-9c20-2473ba2acfd2-groupManagement] INFO  server.RaftServerConfigKeys (ConfUtils.java:logGet(46)) - raft.server.read.option = DEFAULT (default)
2023-09-07 08:55:31,212 [a16823de-594d-4810-9c20-2473ba2acfd2-groupManagement] INFO  server.RaftServerConfigKeys (ConfUtils.java:logGet(46)) - raft.server.rpc.request.timeout = 60s (custom)
2023-09-07 08:55:31,212 [a16823de-594d-4810-9c20-2473ba2acfd2-groupManagement] INFO  server.RaftServerConfigKeys (ConfUtils.java:logGet(46)) - raft.server.log.appender.install.snapshot.enabled = false (custom)
2023-09-07 08:55:31,212 [a16823de-594d-4810-9c20-2473ba2acfd2-groupManagement] INFO  server.RaftServerConfigKeys (ConfUtils.java:logGet(46)) - raft.server.threadpool.server.cached = true (default)
2023-09-07 08:55:31,212 [a16823de-594d-4810-9c20-2473ba2acfd2-groupManagement] INFO  server.RaftServerConfigKeys (ConfUtils.java:logGet(46)) - raft.server.threadpool.server.size = 0 (default)
2023-09-07 08:55:31,212 [a16823de-594d-4810-9c20-2473ba2acfd2-groupManagement] INFO  server.RaftServerConfigKeys (ConfUtils.java:logGet(46)) - raft.server.threadpool.client.cached = true (default)
2023-09-07 08:55:31,212 [a16823de-594d-4810-9c20-2473ba2acfd2-groupManagement] INFO  server.RaftServerConfigKeys (ConfUtils.java:logGet(46)) - raft.server.threadpool.client.size = 0 (default)
2023-09-07 08:55:31,212 [a16823de-594d-4810-9c20-2473ba2acfd2-groupManagement] INFO  storage.RaftStorageDirectory (RaftStorageDirectoryImpl.java:analyzeStorage(137)) - The storage directory /home/runner/work/ozone/ozone/hadoop-ozone/integration-test/target/test-dir/MiniOzoneClusterImpl-06b57250-6369-4c93-9764-bbc94174df1e/datanode-2/data/ratis/398a91cf-0f1f-4502-8d74-86c75a0e7303 does not exist. Creating ...
2023-09-07 08:55:31,214 [a16823de-594d-4810-9c20-2473ba2acfd2-groupManagement] INFO  storage.RaftStorageDirectory (RaftStorageDirectoryImpl.java:tryLock(231)) - Lock on /home/runner/work/ozone/ozone/hadoop-ozone/integration-test/target/test-dir/MiniOzoneClusterImpl-06b57250-6369-4c93-9764-bbc94174df1e/datanode-2/data/ratis/398a91cf-0f1f-4502-8d74-86c75a0e7303/in_use.lock acquired by nodename 7589@fv-az793-921
2023-09-07 08:55:31,215 [a16823de-594d-4810-9c20-2473ba2acfd2-groupManagement] INFO  storage.RaftStorage (RaftStorageImpl.java:format(96)) - Storage directory /home/runner/work/ozone/ozone/hadoop-ozone/integration-test/target/test-dir/MiniOzoneClusterImpl-06b57250-6369-4c93-9764-bbc94174df1e/datanode-2/data/ratis/398a91cf-0f1f-4502-8d74-86c75a0e7303 has been successfully formatted.
2023-09-07 08:55:31,216 [a16823de-594d-4810-9c20-2473ba2acfd2-groupManagement] INFO  ratis.ContainerStateMachine (ContainerStateMachine.java:loadSnapshot(262)) - group-86C75A0E7303: The snapshot info is null. Setting the last applied indexto:(t:0, i:~)
2023-09-07 08:55:31,216 [a16823de-594d-4810-9c20-2473ba2acfd2-groupManagement] INFO  server.RaftServerConfigKeys (ConfUtils.java:logGet(46)) - raft.server.log.use.memory = false (default)
2023-09-07 08:55:31,216 [a16823de-594d-4810-9c20-2473ba2acfd2-groupManagement] INFO  server.RaftServerConfigKeys (ConfUtils.java:logGet(46)) - raft.server.log.purge.gap = 1000000 (custom)
2023-09-07 08:55:31,216 [a16823de-594d-4810-9c20-2473ba2acfd2-groupManagement] INFO  server.RaftServerConfigKeys (ConfUtils.java:logGet(46)) - raft.server.log.appender.buffer.byte-limit = 33554432 (custom)
2023-09-07 08:55:31,216 [a16823de-594d-4810-9c20-2473ba2acfd2-groupManagement] INFO  server.RaftServerConfigKeys (ConfUtils.java:logGet(46)) - raft.server.log.statemachine.data.read.timeout = 1000ms (default)
2023-09-07 08:55:31,216 [a16823de-594d-4810-9c20-2473ba2acfd2-groupManagement] INFO  server.RaftServerConfigKeys (ConfUtils.java:logGet(46)) - raft.server.log.purge.preservation.log.num = 0 (default)
2023-09-07 08:55:31,217 [a16823de-594d-4810-9c20-2473ba2acfd2-groupManagement] INFO  server.RaftServerConfigKeys (ConfUtils.java:logGet(46)) - raft.server.log.segment.size.max = 1048576 (custom)
2023-09-07 08:55:31,218 [EventQueue-PipelineReportForPipelineReportHandler] INFO  pipeline.PipelineReportHandler (PipelineReportHandler.java:processPipelineReport(136)) - Opened pipeline PipelineID=398a91cf-0f1f-4502-8d74-86c75a0e7303
2023-09-07 08:55:31,218 [EventQueue-OpenPipelineForHealthyPipelineSafeModeRule] INFO  safemode.SCMSafeModeManager (HealthyPipelineSafeModeRule.java:process(137)) - SCM in safe mode. Healthy pipelines reported count is 0, required healthy pipeline reported count is 1
2023-09-07 08:55:31,218 [a16823de-594d-4810-9c20-2473ba2acfd2-groupManagement] INFO  server.RaftServerConfigKeys (ConfUtils.java:logGet(46)) - raft.server.log.segment.cache.num.max = 2 (custom)
2023-09-07 08:55:31,218 [a16823de-594d-4810-9c20-2473ba2acfd2-groupManagement] INFO  server.RaftServerConfigKeys (ConfUtils.java:logGet(46)) - raft.server.log.segment.cache.size.max = 200MB (=209715200) (default)
2023-09-07 08:55:31,218 [a16823de-594d-4810-9c20-2473ba2acfd2-groupManagement] INFO  server.RaftServerConfigKeys (ConfUtils.java:logGet(46)) - raft.server.log.appender.buffer.byte-limit = 33554432 (custom)
2023-09-07 08:55:31,219 [a16823de-594d-4810-9c20-2473ba2acfd2-groupManagement] INFO  segmented.SegmentedRaftLogWorker (SegmentedRaftLogWorker.java:<init>(188)) - new a16823de-594d-4810-9c20-2473ba2acfd2@group-86C75A0E7303-SegmentedRaftLogWorker for RaftStorageImpl:Storage Directory /home/runner/work/ozone/ozone/hadoop-ozone/integration-test/target/test-dir/MiniOzoneClusterImpl-06b57250-6369-4c93-9764-bbc94174df1e/datanode-2/data/ratis/398a91cf-0f1f-4502-8d74-86c75a0e7303
2023-09-07 08:55:31,219 [a16823de-594d-4810-9c20-2473ba2acfd2-groupManagement] INFO  server.RaftServerConfigKeys (ConfUtils.java:logGet(46)) - raft.server.log.queue.byte-limit = 4294967296 (custom)
2023-09-07 08:55:31,219 [a16823de-594d-4810-9c20-2473ba2acfd2-groupManagement] INFO  server.RaftServerConfigKeys (ConfUtils.java:logGet(46)) - raft.server.log.queue.element-limit = 1024 (custom)
2023-09-07 08:55:31,219 [a16823de-594d-4810-9c20-2473ba2acfd2-groupManagement] INFO  server.RaftServerConfigKeys (ConfUtils.java:logGet(46)) - raft.server.log.segment.size.max = 1048576 (custom)
2023-09-07 08:55:31,219 [a16823de-594d-4810-9c20-2473ba2acfd2-groupManagement] INFO  server.RaftServerConfigKeys (ConfUtils.java:logGet(46)) - raft.server.log.preallocated.size = 16384 (custom)
2023-09-07 08:55:31,219 [a16823de-594d-4810-9c20-2473ba2acfd2-groupManagement] INFO  server.RaftServerConfigKeys (ConfUtils.java:logGet(46)) - raft.server.log.force.sync.num = 128 (default)
2023-09-07 08:55:31,219 [a16823de-594d-4810-9c20-2473ba2acfd2-groupManagement] INFO  server.RaftServerConfigKeys (ConfUtils.java:logGet(46)) - raft.server.log.statemachine.data.sync = true (default)
2023-09-07 08:55:31,219 [a16823de-594d-4810-9c20-2473ba2acfd2-groupManagement] INFO  server.RaftServerConfigKeys (ConfUtils.java:logGet(46)) - raft.server.log.statemachine.data.sync.timeout = 10s (default)
2023-09-07 08:55:31,219 [a16823de-594d-4810-9c20-2473ba2acfd2-groupManagement] INFO  server.RaftServerConfigKeys (ConfUtils.java:logGet(46)) - raft.server.log.statemachine.data.sync.timeout.retry = -1 (default)
2023-09-07 08:55:31,220 [a16823de-594d-4810-9c20-2473ba2acfd2-groupManagement] INFO  server.RaftServerConfigKeys (ConfUtils.java:logGet(46)) - raft.server.log.write.buffer.size = 1048576 (custom)
2023-09-07 08:55:31,221 [a16823de-594d-4810-9c20-2473ba2acfd2-groupManagement] INFO  server.RaftServerConfigKeys (ConfUtils.java:logGet(46)) - raft.server.log.appender.buffer.byte-limit = 33554432 (custom)
2023-09-07 08:55:31,227 [a16823de-594d-4810-9c20-2473ba2acfd2-groupManagement] INFO  server.RaftServerConfigKeys (ConfUtils.java:logGet(46)) - raft.server.log.unsafe-flush.enabled = false (default)
2023-09-07 08:55:31,227 [a16823de-594d-4810-9c20-2473ba2acfd2-groupManagement] INFO  server.RaftServerConfigKeys (ConfUtils.java:logGet(46)) - raft.server.log.async-flush.enabled = false (default)
2023-09-07 08:55:31,227 [a16823de-594d-4810-9c20-2473ba2acfd2-groupManagement] INFO  server.RaftServerConfigKeys (ConfUtils.java:logGet(46)) - raft.server.log.statemachine.data.caching.enabled = true (custom)
2023-09-07 08:55:31,228 [a16823de-594d-4810-9c20-2473ba2acfd2-groupManagement] INFO  segmented.SegmentedRaftLogWorker (SegmentedRaftLogWorker.java:lambda$new$0(135)) - a16823de-594d-4810-9c20-2473ba2acfd2@group-86C75A0E7303-SegmentedRaftLogWorker: flushIndex: setUnconditionally 0 -> -1
2023-09-07 08:55:31,228 [a16823de-594d-4810-9c20-2473ba2acfd2-groupManagement] INFO  segmented.SegmentedRaftLogWorker (SegmentedRaftLogWorker.java:lambda$new$0(135)) - a16823de-594d-4810-9c20-2473ba2acfd2@group-86C75A0E7303-SegmentedRaftLogWorker: safeCacheEvictIndex: setUnconditionally 0 -> -1
2023-09-07 08:55:31,228 [a16823de-594d-4810-9c20-2473ba2acfd2-groupManagement] INFO  server.RaftServer$Division (RaftServerImpl.java:start(342)) - a16823de-594d-4810-9c20-2473ba2acfd2@group-86C75A0E7303: start as a follower, conf=-1: peers:[a16823de-594d-4810-9c20-2473ba2acfd2|rpc:10.1.0.48:15138|admin:10.1.0.48:15137|client:10.1.0.48:15136|dataStream:10.1.0.48:15139|priority:1|startupRole:FOLLOWER]|listeners:[], old=null
2023-09-07 08:55:31,228 [a16823de-594d-4810-9c20-2473ba2acfd2-groupManagement] INFO  server.RaftServer$Division (RaftServerImpl.java:setRole(329)) - a16823de-594d-4810-9c20-2473ba2acfd2@group-86C75A0E7303: changes role from      null to FOLLOWER at term 0 for startAsFollower
2023-09-07 08:55:31,228 [a16823de-594d-4810-9c20-2473ba2acfd2-groupManagement] INFO  impl.RoleInfo (RoleInfo.java:updateAndGet(139)) - a16823de-594d-4810-9c20-2473ba2acfd2: start a16823de-594d-4810-9c20-2473ba2acfd2@group-86C75A0E7303-FollowerState
2023-09-07 08:55:31,229 [a16823de-594d-4810-9c20-2473ba2acfd2-groupManagement] INFO  util.JmxRegister (JmxRegister.java:tryRegister(44)) - Successfully registered JMX Bean with object name Ratis:service=RaftServer,group=group-86C75A0E7303,id=a16823de-594d-4810-9c20-2473ba2acfd2
2023-09-07 08:55:31,229 [a16823de-594d-4810-9c20-2473ba2acfd2@group-86C75A0E7303-FollowerState] INFO  server.RaftServerConfigKeys (ConfUtils.java:logFallback(53)) - raft.server.rpc.first-election.timeout.min = 5s (fallback to raft.server.rpc.timeout.min)
2023-09-07 08:55:31,229 [a16823de-594d-4810-9c20-2473ba2acfd2-groupManagement] INFO  server.RaftServerConfigKeys (ConfUtils.java:logGet(46)) - raft.server.snapshot.auto.trigger.enabled = true (custom)
2023-09-07 08:55:31,229 [a16823de-594d-4810-9c20-2473ba2acfd2-groupManagement] INFO  server.RaftServerConfigKeys (ConfUtils.java:logGet(46)) - raft.server.snapshot.auto.trigger.threshold = 10000 (custom)
2023-09-07 08:55:31,229 [a16823de-594d-4810-9c20-2473ba2acfd2-groupManagement] INFO  server.RaftServerConfigKeys (ConfUtils.java:logGet(46)) - raft.server.snapshot.retention.file.num = 5 (custom)
2023-09-07 08:55:31,229 [a16823de-594d-4810-9c20-2473ba2acfd2@group-86C75A0E7303-FollowerState] INFO  server.RaftServerConfigKeys (ConfUtils.java:logFallback(53)) - raft.server.rpc.first-election.timeout.max = 5200ms (fallback to raft.server.rpc.timeout.max)
2023-09-07 08:55:31,229 [a16823de-594d-4810-9c20-2473ba2acfd2-groupManagement] INFO  server.RaftServerConfigKeys (ConfUtils.java:logGet(46)) - raft.server.log.purge.upto.snapshot.index = false (default)
2023-09-07 08:55:31,230 [PipelineCommandHandlerThread-0] INFO  ratis.XceiverServerRatis (XceiverServerRatis.java:addGroup(804)) - Created group PipelineID=398a91cf-0f1f-4502-8d74-86c75a0e7303
2023-09-07 08:55:31,230 [PipelineCommandHandlerThread-0] INFO  commandhandler.CreatePipelineCommandHandler (CreatePipelineCommandHandler.java:lambda$handle$2(124)) - Created Pipeline RATIS ONE PipelineID=398a91cf-0f1f-4502-8d74-86c75a0e7303.
2023-09-07 08:55:31,564 [PipelineCommandHandlerThread-0] INFO  server.RaftServer (RaftServerProxy.java:addNew(98)) - 59e7d543-5a74-4c1b-8513-ed64d8264a1e: addNew group-01C253AA59CC:[59e7d543-5a74-4c1b-8513-ed64d8264a1e|rpc:10.1.0.48:15147|admin:10.1.0.48:15146|client:10.1.0.48:15145|dataStream:10.1.0.48:15148|priority:1|startupRole:FOLLOWER] returns group-01C253AA59CC:java.util.concurrent.CompletableFuture@4e21d9e5[Not completed]
2023-09-07 08:55:31,565 [59e7d543-5a74-4c1b-8513-ed64d8264a1e-groupManagement] INFO  server.RaftServer$Division (RaftServerImpl.java:<init>(198)) - 59e7d543-5a74-4c1b-8513-ed64d8264a1e: new RaftServerImpl for group-01C253AA59CC:[59e7d543-5a74-4c1b-8513-ed64d8264a1e|rpc:10.1.0.48:15147|admin:10.1.0.48:15146|client:10.1.0.48:15145|dataStream:10.1.0.48:15148|priority:1|startupRole:FOLLOWER] with ContainerStateMachine:uninitialized
2023-09-07 08:55:31,565 [59e7d543-5a74-4c1b-8513-ed64d8264a1e-groupManagement] INFO  server.RaftServerConfigKeys (ConfUtils.java:logGet(46)) - raft.server.rpc.timeout.min = 5s (custom)
2023-09-07 08:55:31,565 [59e7d543-5a74-4c1b-8513-ed64d8264a1e-groupManagement] INFO  server.RaftServerConfigKeys (ConfUtils.java:logGet(46)) - raft.server.rpc.timeout.max = 5200ms (custom)
2023-09-07 08:55:31,565 [59e7d543-5a74-4c1b-8513-ed64d8264a1e-groupManagement] INFO  server.RaftServerConfigKeys (ConfUtils.java:logGet(46)) - raft.server.rpc.sleep.time = 25ms (default)
2023-09-07 08:55:31,566 [59e7d543-5a74-4c1b-8513-ed64d8264a1e-groupManagement] INFO  server.RaftServerConfigKeys (ConfUtils.java:logGet(46)) - raft.server.rpc.slowness.timeout = 300s (custom)
2023-09-07 08:55:31,566 [59e7d543-5a74-4c1b-8513-ed64d8264a1e-groupManagement] INFO  server.RaftServerConfigKeys (ConfUtils.java:logGet(46)) - raft.server.leaderelection.leader.step-down.wait-time = 10s (default)
2023-09-07 08:55:31,566 [59e7d543-5a74-4c1b-8513-ed64d8264a1e-groupManagement] INFO  server.RaftServerConfigKeys (ConfUtils.java:logGet(46)) - raft.server.sleep.deviation.threshold = 300ms (default)
2023-09-07 08:55:31,566 [59e7d543-5a74-4c1b-8513-ed64d8264a1e-groupManagement] INFO  server.RaftServer$Division (ServerState.java:<init>(120)) - 59e7d543-5a74-4c1b-8513-ed64d8264a1e@group-01C253AA59CC: ConfigurationManager, init=-1: peers:[59e7d543-5a74-4c1b-8513-ed64d8264a1e|rpc:10.1.0.48:15147|admin:10.1.0.48:15146|client:10.1.0.48:15145|dataStream:10.1.0.48:15148|priority:1|startupRole:FOLLOWER]|listeners:[], old=null, confs=<EMPTY_MAP>
2023-09-07 08:55:31,566 [59e7d543-5a74-4c1b-8513-ed64d8264a1e-groupManagement] INFO  server.RaftServerConfigKeys (ConfUtils.java:logGet(46)) - raft.server.storage.dir = [/home/runner/work/ozone/ozone/hadoop-ozone/integration-test/target/test-dir/MiniOzoneClusterImpl-06b57250-6369-4c93-9764-bbc94174df1e/datanode-3/data/ratis] (custom)
2023-09-07 08:55:31,566 [59e7d543-5a74-4c1b-8513-ed64d8264a1e-groupManagement] INFO  server.RaftServerConfigKeys (ConfUtils.java:logGet(46)) - raft.server.log.corruption.policy = EXCEPTION (default)
2023-09-07 08:55:31,566 [59e7d543-5a74-4c1b-8513-ed64d8264a1e-groupManagement] INFO  server.RaftServerConfigKeys (ConfUtils.java:logGet(46)) - raft.server.storage.free-space.min = 0MB (=0) (default)
2023-09-07 08:55:31,566 [59e7d543-5a74-4c1b-8513-ed64d8264a1e-groupManagement] INFO  server.RaftServerConfigKeys (ConfUtils.java:logGet(46)) - raft.server.notification.no-leader.timeout = 300s (custom)
2023-09-07 08:55:31,566 [59e7d543-5a74-4c1b-8513-ed64d8264a1e-groupManagement] INFO  server.RaftServerConfigKeys (ConfUtils.java:logGet(46)) - raft.server.read.timeout = 10s (default)
2023-09-07 08:55:31,566 [59e7d543-5a74-4c1b-8513-ed64d8264a1e-groupManagement] INFO  server.RaftServerConfigKeys (ConfUtils.java:logGet(46)) - raft.server.retrycache.expirytime = 600000ms (custom)
2023-09-07 08:55:31,566 [59e7d543-5a74-4c1b-8513-ed64d8264a1e-groupManagement] INFO  server.RaftServerConfigKeys (ConfUtils.java:logGet(46)) - raft.server.retrycache.statistics.expirytime = 100μs (default)
2023-09-07 08:55:31,567 [59e7d543-5a74-4c1b-8513-ed64d8264a1e-groupManagement] INFO  server.RaftServerConfigKeys (ConfUtils.java:logGet(46)) - raft.server.read.option = DEFAULT (default)
2023-09-07 08:55:31,567 [59e7d543-5a74-4c1b-8513-ed64d8264a1e-groupManagement] INFO  server.RaftServerConfigKeys (ConfUtils.java:logGet(46)) - raft.server.rpc.request.timeout = 60s (custom)
2023-09-07 08:55:31,567 [59e7d543-5a74-4c1b-8513-ed64d8264a1e-groupManagement] INFO  server.RaftServerConfigKeys (ConfUtils.java:logGet(46)) - raft.server.log.appender.install.snapshot.enabled = false (custom)
2023-09-07 08:55:31,568 [59e7d543-5a74-4c1b-8513-ed64d8264a1e-groupManagement] INFO  server.RaftServerConfigKeys (ConfUtils.java:logGet(46)) - raft.server.threadpool.server.cached = true (default)
2023-09-07 08:55:31,568 [59e7d543-5a74-4c1b-8513-ed64d8264a1e-groupManagement] INFO  server.RaftServerConfigKeys (ConfUtils.java:logGet(46)) - raft.server.threadpool.server.size = 0 (default)
2023-09-07 08:55:31,568 [59e7d543-5a74-4c1b-8513-ed64d8264a1e-groupManagement] INFO  server.RaftServerConfigKeys (ConfUtils.java:logGet(46)) - raft.server.threadpool.client.cached = true (default)
2023-09-07 08:55:31,568 [59e7d543-5a74-4c1b-8513-ed64d8264a1e-groupManagement] INFO  server.RaftServerConfigKeys (ConfUtils.java:logGet(46)) - raft.server.threadpool.client.size = 0 (default)
2023-09-07 08:55:31,568 [59e7d543-5a74-4c1b-8513-ed64d8264a1e-groupManagement] INFO  storage.RaftStorageDirectory (RaftStorageDirectoryImpl.java:analyzeStorage(137)) - The storage directory /home/runner/work/ozone/ozone/hadoop-ozone/integration-test/target/test-dir/MiniOzoneClusterImpl-06b57250-6369-4c93-9764-bbc94174df1e/datanode-3/data/ratis/49ec77ea-b816-48a6-a8a8-01c253aa59cc does not exist. Creating ...
2023-09-07 08:55:31,569 [59e7d543-5a74-4c1b-8513-ed64d8264a1e-groupManagement] INFO  storage.RaftStorageDirectory (RaftStorageDirectoryImpl.java:tryLock(231)) - Lock on /home/runner/work/ozone/ozone/hadoop-ozone/integration-test/target/test-dir/MiniOzoneClusterImpl-06b57250-6369-4c93-9764-bbc94174df1e/datanode-3/data/ratis/49ec77ea-b816-48a6-a8a8-01c253aa59cc/in_use.lock acquired by nodename 7589@fv-az793-921
2023-09-07 08:55:31,571 [59e7d543-5a74-4c1b-8513-ed64d8264a1e-groupManagement] INFO  storage.RaftStorage (RaftStorageImpl.java:format(96)) - Storage directory /home/runner/work/ozone/ozone/hadoop-ozone/integration-test/target/test-dir/MiniOzoneClusterImpl-06b57250-6369-4c93-9764-bbc94174df1e/datanode-3/data/ratis/49ec77ea-b816-48a6-a8a8-01c253aa59cc has been successfully formatted.
2023-09-07 08:55:31,573 [59e7d543-5a74-4c1b-8513-ed64d8264a1e-groupManagement] INFO  ratis.ContainerStateMachine (ContainerStateMachine.java:loadSnapshot(262)) - group-01C253AA59CC: The snapshot info is null. Setting the last applied indexto:(t:0, i:~)
2023-09-07 08:55:31,574 [59e7d543-5a74-4c1b-8513-ed64d8264a1e-groupManagement] INFO  server.RaftServerConfigKeys (ConfUtils.java:logGet(46)) - raft.server.log.use.memory = false (default)
2023-09-07 08:55:31,574 [59e7d543-5a74-4c1b-8513-ed64d8264a1e-groupManagement] INFO  server.RaftServerConfigKeys (ConfUtils.java:logGet(46)) - raft.server.log.purge.gap = 1000000 (custom)
2023-09-07 08:55:31,574 [59e7d543-5a74-4c1b-8513-ed64d8264a1e-groupManagement] INFO  server.RaftServerConfigKeys (ConfUtils.java:logGet(46)) - raft.server.log.appender.buffer.byte-limit = 33554432 (custom)
2023-09-07 08:55:31,574 [59e7d543-5a74-4c1b-8513-ed64d8264a1e-groupManagement] INFO  server.RaftServerConfigKeys (ConfUtils.java:logGet(46)) - raft.server.log.statemachine.data.read.timeout = 1000ms (default)
2023-09-07 08:55:31,574 [59e7d543-5a74-4c1b-8513-ed64d8264a1e-groupManagement] INFO  server.RaftServerConfigKeys (ConfUtils.java:logGet(46)) - raft.server.log.purge.preservation.log.num = 0 (default)
2023-09-07 08:55:31,575 [59e7d543-5a74-4c1b-8513-ed64d8264a1e-groupManagement] INFO  server.RaftServerConfigKeys (ConfUtils.java:logGet(46)) - raft.server.log.segment.size.max = 1048576 (custom)
2023-09-07 08:55:31,575 [59e7d543-5a74-4c1b-8513-ed64d8264a1e-groupManagement] INFO  server.RaftServerConfigKeys (ConfUtils.java:logGet(46)) - raft.server.log.segment.cache.num.max = 2 (custom)
2023-09-07 08:55:31,575 [59e7d543-5a74-4c1b-8513-ed64d8264a1e-groupManagement] INFO  server.RaftServerConfigKeys (ConfUtils.java:logGet(46)) - raft.server.log.segment.cache.size.max = 200MB (=209715200) (default)
2023-09-07 08:55:31,575 [59e7d543-5a74-4c1b-8513-ed64d8264a1e-groupManagement] INFO  server.RaftServerConfigKeys (ConfUtils.java:logGet(46)) - raft.server.log.appender.buffer.byte-limit = 33554432 (custom)
2023-09-07 08:55:31,575 [59e7d543-5a74-4c1b-8513-ed64d8264a1e-groupManagement] INFO  segmented.SegmentedRaftLogWorker (SegmentedRaftLogWorker.java:<init>(188)) - new 59e7d543-5a74-4c1b-8513-ed64d8264a1e@group-01C253AA59CC-SegmentedRaftLogWorker for RaftStorageImpl:Storage Directory /home/runner/work/ozone/ozone/hadoop-ozone/integration-test/target/test-dir/MiniOzoneClusterImpl-06b57250-6369-4c93-9764-bbc94174df1e/datanode-3/data/ratis/49ec77ea-b816-48a6-a8a8-01c253aa59cc
2023-09-07 08:55:31,575 [59e7d543-5a74-4c1b-8513-ed64d8264a1e-groupManagement] INFO  server.RaftServerConfigKeys (ConfUtils.java:logGet(46)) - raft.server.log.queue.byte-limit = 4294967296 (custom)
2023-09-07 08:55:31,575 [59e7d543-5a74-4c1b-8513-ed64d8264a1e-groupManagement] INFO  server.RaftServerConfigKeys (ConfUtils.java:logGet(46)) - raft.server.log.queue.element-limit = 1024 (custom)
2023-09-07 08:55:31,575 [59e7d543-5a74-4c1b-8513-ed64d8264a1e-groupManagement] INFO  server.RaftServerConfigKeys (ConfUtils.java:logGet(46)) - raft.server.log.segment.size.max = 1048576 (custom)
2023-09-07 08:55:31,575 [59e7d543-5a74-4c1b-8513-ed64d8264a1e-groupManagement] INFO  server.RaftServerConfigKeys (ConfUtils.java:logGet(46)) - raft.server.log.preallocated.size = 16384 (custom)
2023-09-07 08:55:31,576 [59e7d543-5a74-4c1b-8513-ed64d8264a1e-groupManagement] INFO  server.RaftServerConfigKeys (ConfUtils.java:logGet(46)) - raft.server.log.force.sync.num = 128 (default)
2023-09-07 08:55:31,576 [59e7d543-5a74-4c1b-8513-ed64d8264a1e-groupManagement] INFO  server.RaftServerConfigKeys (ConfUtils.java:logGet(46)) - raft.server.log.statemachine.data.sync = true (default)
2023-09-07 08:55:31,576 [59e7d543-5a74-4c1b-8513-ed64d8264a1e-groupManagement] INFO  server.RaftServerConfigKeys (ConfUtils.java:logGet(46)) - raft.server.log.statemachine.data.sync.timeout = 10s (default)
2023-09-07 08:55:31,576 [59e7d543-5a74-4c1b-8513-ed64d8264a1e-groupManagement] INFO  server.RaftServerConfigKeys (ConfUtils.java:logGet(46)) - raft.server.log.statemachine.data.sync.timeout.retry = -1 (default)
2023-09-07 08:55:31,576 [59e7d543-5a74-4c1b-8513-ed64d8264a1e-groupManagement] INFO  server.RaftServerConfigKeys (ConfUtils.java:logGet(46)) - raft.server.log.write.buffer.size = 1048576 (custom)
2023-09-07 08:55:31,577 [59e7d543-5a74-4c1b-8513-ed64d8264a1e-groupManagement] INFO  server.RaftServerConfigKeys (ConfUtils.java:logGet(46)) - raft.server.log.appender.buffer.byte-limit = 33554432 (custom)
2023-09-07 08:55:31,578 [EventQueue-PipelineReportForPipelineReportHandler] INFO  pipeline.PipelineReportHandler (PipelineReportHandler.java:processPipelineReport(136)) - Opened pipeline PipelineID=49ec77ea-b816-48a6-a8a8-01c253aa59cc
2023-09-07 08:55:31,578 [EventQueue-OpenPipelineForHealthyPipelineSafeModeRule] INFO  safemode.SCMSafeModeManager (HealthyPipelineSafeModeRule.java:process(137)) - SCM in safe mode. Healthy pipelines reported count is 0, required healthy pipeline reported count is 1
2023-09-07 08:55:31,584 [59e7d543-5a74-4c1b-8513-ed64d8264a1e-groupManagement] INFO  server.RaftServerConfigKeys (ConfUtils.java:logGet(46)) - raft.server.log.unsafe-flush.enabled = false (default)
2023-09-07 08:55:31,584 [59e7d543-5a74-4c1b-8513-ed64d8264a1e-groupManagement] INFO  server.RaftServerConfigKeys (ConfUtils.java:logGet(46)) - raft.server.log.async-flush.enabled = false (default)
2023-09-07 08:55:31,584 [59e7d543-5a74-4c1b-8513-ed64d8264a1e-groupManagement] INFO  server.RaftServerConfigKeys (ConfUtils.java:logGet(46)) - raft.server.log.statemachine.data.caching.enabled = true (custom)
2023-09-07 08:55:31,584 [59e7d543-5a74-4c1b-8513-ed64d8264a1e-groupManagement] INFO  segmented.SegmentedRaftLogWorker (SegmentedRaftLogWorker.java:lambda$new$0(135)) - 59e7d543-5a74-4c1b-8513-ed64d8264a1e@group-01C253AA59CC-SegmentedRaftLogWorker: flushIndex: setUnconditionally 0 -> -1
2023-09-07 08:55:31,584 [59e7d543-5a74-4c1b-8513-ed64d8264a1e-groupManagement] INFO  segmented.SegmentedRaftLogWorker (SegmentedRaftLogWorker.java:lambda$new$0(135)) - 59e7d543-5a74-4c1b-8513-ed64d8264a1e@group-01C253AA59CC-SegmentedRaftLogWorker: safeCacheEvictIndex: setUnconditionally 0 -> -1
2023-09-07 08:55:31,585 [59e7d543-5a74-4c1b-8513-ed64d8264a1e-groupManagement] INFO  server.RaftServer$Division (RaftServerImpl.java:start(342)) - 59e7d543-5a74-4c1b-8513-ed64d8264a1e@group-01C253AA59CC: start as a follower, conf=-1: peers:[59e7d543-5a74-4c1b-8513-ed64d8264a1e|rpc:10.1.0.48:15147|admin:10.1.0.48:15146|client:10.1.0.48:15145|dataStream:10.1.0.48:15148|priority:1|startupRole:FOLLOWER]|listeners:[], old=null
2023-09-07 08:55:31,585 [59e7d543-5a74-4c1b-8513-ed64d8264a1e-groupManagement] INFO  server.RaftServer$Division (RaftServerImpl.java:setRole(329)) - 59e7d543-5a74-4c1b-8513-ed64d8264a1e@group-01C253AA59CC: changes role from      null to FOLLOWER at term 0 for startAsFollower
2023-09-07 08:55:31,585 [59e7d543-5a74-4c1b-8513-ed64d8264a1e-groupManagement] INFO  impl.RoleInfo (RoleInfo.java:updateAndGet(139)) - 59e7d543-5a74-4c1b-8513-ed64d8264a1e: start 59e7d543-5a74-4c1b-8513-ed64d8264a1e@group-01C253AA59CC-FollowerState
2023-09-07 08:55:31,589 [59e7d543-5a74-4c1b-8513-ed64d8264a1e-groupManagement] INFO  util.JmxRegister (JmxRegister.java:tryRegister(44)) - Successfully registered JMX Bean with object name Ratis:service=RaftServer,group=group-01C253AA59CC,id=59e7d543-5a74-4c1b-8513-ed64d8264a1e
2023-09-07 08:55:31,589 [59e7d543-5a74-4c1b-8513-ed64d8264a1e-groupManagement] INFO  server.RaftServerConfigKeys (ConfUtils.java:logGet(46)) - raft.server.snapshot.auto.trigger.enabled = true (custom)
2023-09-07 08:55:31,590 [59e7d543-5a74-4c1b-8513-ed64d8264a1e-groupManagement] INFO  server.RaftServerConfigKeys (ConfUtils.java:logGet(46)) - raft.server.snapshot.auto.trigger.threshold = 10000 (custom)
2023-09-07 08:55:31,590 [59e7d543-5a74-4c1b-8513-ed64d8264a1e-groupManagement] INFO  server.RaftServerConfigKeys (ConfUtils.java:logGet(46)) - raft.server.snapshot.retention.file.num = 5 (custom)
2023-09-07 08:55:31,590 [59e7d543-5a74-4c1b-8513-ed64d8264a1e-groupManagement] INFO  server.RaftServerConfigKeys (ConfUtils.java:logGet(46)) - raft.server.log.purge.upto.snapshot.index = false (default)
2023-09-07 08:55:31,590 [59e7d543-5a74-4c1b-8513-ed64d8264a1e@group-01C253AA59CC-FollowerState] INFO  server.RaftServerConfigKeys (ConfUtils.java:logFallback(53)) - raft.server.rpc.first-election.timeout.min = 5s (fallback to raft.server.rpc.timeout.min)
2023-09-07 08:55:31,590 [59e7d543-5a74-4c1b-8513-ed64d8264a1e@group-01C253AA59CC-FollowerState] INFO  server.RaftServerConfigKeys (ConfUtils.java:logFallback(53)) - raft.server.rpc.first-election.timeout.max = 5200ms (fallback to raft.server.rpc.timeout.max)
2023-09-07 08:55:31,594 [PipelineCommandHandlerThread-0] INFO  ratis.XceiverServerRatis (XceiverServerRatis.java:addGroup(804)) - Created group PipelineID=49ec77ea-b816-48a6-a8a8-01c253aa59cc
2023-09-07 08:55:31,594 [PipelineCommandHandlerThread-0] INFO  commandhandler.CreatePipelineCommandHandler (CreatePipelineCommandHandler.java:lambda$handle$2(124)) - Created Pipeline RATIS ONE PipelineID=49ec77ea-b816-48a6-a8a8-01c253aa59cc.
2023-09-07 08:55:31,923 [PipelineCommandHandlerThread-0] INFO  server.RaftServer (RaftServerProxy.java:addNew(98)) - ce3bbe74-48b8-4e84-ab92-3c2bb9d4f215: addNew group-E7C8DE832EA6:[ce3bbe74-48b8-4e84-ab92-3c2bb9d4f215|rpc:10.1.0.48:15156|admin:10.1.0.48:15155|client:10.1.0.48:15154|dataStream:10.1.0.48:15157|priority:1|startupRole:FOLLOWER] returns group-E7C8DE832EA6:java.util.concurrent.CompletableFuture@157146ab[Not completed]
2023-09-07 08:55:31,925 [ce3bbe74-48b8-4e84-ab92-3c2bb9d4f215-groupManagement] INFO  server.RaftServer$Division (RaftServerImpl.java:<init>(198)) - ce3bbe74-48b8-4e84-ab92-3c2bb9d4f215: new RaftServerImpl for group-E7C8DE832EA6:[ce3bbe74-48b8-4e84-ab92-3c2bb9d4f215|rpc:10.1.0.48:15156|admin:10.1.0.48:15155|client:10.1.0.48:15154|dataStream:10.1.0.48:15157|priority:1|startupRole:FOLLOWER] with ContainerStateMachine:uninitialized
2023-09-07 08:55:31,925 [ce3bbe74-48b8-4e84-ab92-3c2bb9d4f215-groupManagement] INFO  server.RaftServerConfigKeys (ConfUtils.java:logGet(46)) - raft.server.rpc.timeout.min = 5s (custom)
2023-09-07 08:55:31,925 [ce3bbe74-48b8-4e84-ab92-3c2bb9d4f215-groupManagement] INFO  server.RaftServerConfigKeys (ConfUtils.java:logGet(46)) - raft.server.rpc.timeout.max = 5200ms (custom)
2023-09-07 08:55:31,925 [ce3bbe74-48b8-4e84-ab92-3c2bb9d4f215-groupManagement] INFO  server.RaftServerConfigKeys (ConfUtils.java:logGet(46)) - raft.server.rpc.sleep.time = 25ms (default)
2023-09-07 08:55:31,925 [ce3bbe74-48b8-4e84-ab92-3c2bb9d4f215-groupManagement] INFO  server.RaftServerConfigKeys (ConfUtils.java:logGet(46)) - raft.server.rpc.slowness.timeout = 300s (custom)
2023-09-07 08:55:31,925 [ce3bbe74-48b8-4e84-ab92-3c2bb9d4f215-groupManagement] INFO  server.RaftServerConfigKeys (ConfUtils.java:logGet(46)) - raft.server.leaderelection.leader.step-down.wait-time = 10s (default)
2023-09-07 08:55:31,925 [ce3bbe74-48b8-4e84-ab92-3c2bb9d4f215-groupManagement] INFO  server.RaftServerConfigKeys (ConfUtils.java:logGet(46)) - raft.server.sleep.deviation.threshold = 300ms (default)
2023-09-07 08:55:31,925 [ce3bbe74-48b8-4e84-ab92-3c2bb9d4f215-groupManagement] INFO  server.RaftServer$Division (ServerState.java:<init>(120)) - ce3bbe74-48b8-4e84-ab92-3c2bb9d4f215@group-E7C8DE832EA6: ConfigurationManager, init=-1: peers:[ce3bbe74-48b8-4e84-ab92-3c2bb9d4f215|rpc:10.1.0.48:15156|admin:10.1.0.48:15155|client:10.1.0.48:15154|dataStream:10.1.0.48:15157|priority:1|startupRole:FOLLOWER]|listeners:[], old=null, confs=<EMPTY_MAP>
2023-09-07 08:55:31,925 [ce3bbe74-48b8-4e84-ab92-3c2bb9d4f215-groupManagement] INFO  server.RaftServerConfigKeys (ConfUtils.java:logGet(46)) - raft.server.storage.dir = [/home/runner/work/ozone/ozone/hadoop-ozone/integration-test/target/test-dir/MiniOzoneClusterImpl-06b57250-6369-4c93-9764-bbc94174df1e/datanode-4/data/ratis] (custom)
2023-09-07 08:55:31,925 [ce3bbe74-48b8-4e84-ab92-3c2bb9d4f215-groupManagement] INFO  server.RaftServerConfigKeys (ConfUtils.java:logGet(46)) - raft.server.log.corruption.policy = EXCEPTION (default)
2023-09-07 08:55:31,926 [ce3bbe74-48b8-4e84-ab92-3c2bb9d4f215-groupManagement] INFO  server.RaftServerConfigKeys (ConfUtils.java:logGet(46)) - raft.server.storage.free-space.min = 0MB (=0) (default)
2023-09-07 08:55:31,926 [ce3bbe74-48b8-4e84-ab92-3c2bb9d4f215-groupManagement] INFO  server.RaftServerConfigKeys (ConfUtils.java:logGet(46)) - raft.server.notification.no-leader.timeout = 300s (custom)
2023-09-07 08:55:31,926 [ce3bbe74-48b8-4e84-ab92-3c2bb9d4f215-groupManagement] INFO  server.RaftServerConfigKeys (ConfUtils.java:logGet(46)) - raft.server.read.timeout = 10s (default)
2023-09-07 08:55:31,926 [ce3bbe74-48b8-4e84-ab92-3c2bb9d4f215-groupManagement] INFO  server.RaftServerConfigKeys (ConfUtils.java:logGet(46)) - raft.server.retrycache.expirytime = 600000ms (custom)
2023-09-07 08:55:31,926 [ce3bbe74-48b8-4e84-ab92-3c2bb9d4f215-groupManagement] INFO  server.RaftServerConfigKeys (ConfUtils.java:logGet(46)) - raft.server.retrycache.statistics.expirytime = 100μs (default)
2023-09-07 08:55:31,926 [ce3bbe74-48b8-4e84-ab92-3c2bb9d4f215-groupManagement] INFO  server.RaftServerConfigKeys (ConfUtils.java:logGet(46)) - raft.server.read.option = DEFAULT (default)
2023-09-07 08:55:31,927 [ce3bbe74-48b8-4e84-ab92-3c2bb9d4f215-groupManagement] INFO  server.RaftServerConfigKeys (ConfUtils.java:logGet(46)) - raft.server.rpc.request.timeout = 60s (custom)
2023-09-07 08:55:31,927 [ce3bbe74-48b8-4e84-ab92-3c2bb9d4f215-groupManagement] INFO  server.RaftServerConfigKeys (ConfUtils.java:logGet(46)) - raft.server.log.appender.install.snapshot.enabled = false (custom)
2023-09-07 08:55:31,927 [ce3bbe74-48b8-4e84-ab92-3c2bb9d4f215-groupManagement] INFO  server.RaftServerConfigKeys (ConfUtils.java:logGet(46)) - raft.server.threadpool.server.cached = true (default)
2023-09-07 08:55:31,927 [ce3bbe74-48b8-4e84-ab92-3c2bb9d4f215-groupManagement] INFO  server.RaftServerConfigKeys (ConfUtils.java:logGet(46)) - raft.server.threadpool.server.size = 0 (default)
2023-09-07 08:55:31,927 [ce3bbe74-48b8-4e84-ab92-3c2bb9d4f215-groupManagement] INFO  server.RaftServerConfigKeys (ConfUtils.java:logGet(46)) - raft.server.threadpool.client.cached = true (default)
2023-09-07 08:55:31,927 [ce3bbe74-48b8-4e84-ab92-3c2bb9d4f215-groupManagement] INFO  server.RaftServerConfigKeys (ConfUtils.java:logGet(46)) - raft.server.threadpool.client.size = 0 (default)
2023-09-07 08:55:31,927 [ce3bbe74-48b8-4e84-ab92-3c2bb9d4f215-groupManagement] INFO  storage.RaftStorageDirectory (RaftStorageDirectoryImpl.java:analyzeStorage(137)) - The storage directory /home/runner/work/ozone/ozone/hadoop-ozone/integration-test/target/test-dir/MiniOzoneClusterImpl-06b57250-6369-4c93-9764-bbc94174df1e/datanode-4/data/ratis/d2d516a1-2eed-42ef-b27d-e7c8de832ea6 does not exist. Creating ...
2023-09-07 08:55:31,929 [ce3bbe74-48b8-4e84-ab92-3c2bb9d4f215-groupManagement] INFO  storage.RaftStorageDirectory (RaftStorageDirectoryImpl.java:tryLock(231)) - Lock on /home/runner/work/ozone/ozone/hadoop-ozone/integration-test/target/test-dir/MiniOzoneClusterImpl-06b57250-6369-4c93-9764-bbc94174df1e/datanode-4/data/ratis/d2d516a1-2eed-42ef-b27d-e7c8de832ea6/in_use.lock acquired by nodename 7589@fv-az793-921
2023-09-07 08:55:31,930 [ce3bbe74-48b8-4e84-ab92-3c2bb9d4f215-groupManagement] INFO  storage.RaftStorage (RaftStorageImpl.java:format(96)) - Storage directory /home/runner/work/ozone/ozone/hadoop-ozone/integration-test/target/test-dir/MiniOzoneClusterImpl-06b57250-6369-4c93-9764-bbc94174df1e/datanode-4/data/ratis/d2d516a1-2eed-42ef-b27d-e7c8de832ea6 has been successfully formatted.
2023-09-07 08:55:31,934 [EventQueue-PipelineReportForPipelineReportHandler] INFO  pipeline.PipelineReportHandler (PipelineReportHandler.java:processPipelineReport(136)) - Opened pipeline PipelineID=d2d516a1-2eed-42ef-b27d-e7c8de832ea6
2023-09-07 08:55:31,934 [EventQueue-OpenPipelineForHealthyPipelineSafeModeRule] INFO  safemode.SCMSafeModeManager (HealthyPipelineSafeModeRule.java:process(137)) - SCM in safe mode. Healthy pipelines reported count is 0, required healthy pipeline reported count is 1
2023-09-07 08:55:31,934 [ce3bbe74-48b8-4e84-ab92-3c2bb9d4f215-groupManagement] INFO  ratis.ContainerStateMachine (ContainerStateMachine.java:loadSnapshot(262)) - group-E7C8DE832EA6: The snapshot info is null. Setting the last applied indexto:(t:0, i:~)
2023-09-07 08:55:31,934 [ce3bbe74-48b8-4e84-ab92-3c2bb9d4f215-groupManagement] INFO  server.RaftServerConfigKeys (ConfUtils.java:logGet(46)) - raft.server.log.use.memory = false (default)
2023-09-07 08:55:31,934 [ce3bbe74-48b8-4e84-ab92-3c2bb9d4f215-groupManagement] INFO  server.RaftServerConfigKeys (ConfUtils.java:logGet(46)) - raft.server.log.purge.gap = 1000000 (custom)
2023-09-07 08:55:31,934 [ce3bbe74-48b8-4e84-ab92-3c2bb9d4f215-groupManagement] INFO  server.RaftServerConfigKeys (ConfUtils.java:logGet(46)) - raft.server.log.appender.buffer.byte-limit = 33554432 (custom)
2023-09-07 08:55:31,935 [ce3bbe74-48b8-4e84-ab92-3c2bb9d4f215-groupManagement] INFO  server.RaftServerConfigKeys (ConfUtils.java:logGet(46)) - raft.server.log.statemachine.data.read.timeout = 1000ms (default)
2023-09-07 08:55:31,935 [ce3bbe74-48b8-4e84-ab92-3c2bb9d4f215-groupManagement] INFO  server.RaftServerConfigKeys (ConfUtils.java:logGet(46)) - raft.server.log.purge.preservation.log.num = 0 (default)
2023-09-07 08:55:31,935 [ce3bbe74-48b8-4e84-ab92-3c2bb9d4f215-groupManagement] INFO  server.RaftServerConfigKeys (ConfUtils.java:logGet(46)) - raft.server.log.segment.size.max = 1048576 (custom)
2023-09-07 08:55:31,935 [ce3bbe74-48b8-4e84-ab92-3c2bb9d4f215-groupManagement] INFO  server.RaftServerConfigKeys (ConfUtils.java:logGet(46)) - raft.server.log.segment.cache.num.max = 2 (custom)
2023-09-07 08:55:31,935 [ce3bbe74-48b8-4e84-ab92-3c2bb9d4f215-groupManagement] INFO  server.RaftServerConfigKeys (ConfUtils.java:logGet(46)) - raft.server.log.segment.cache.size.max = 200MB (=209715200) (default)
2023-09-07 08:55:31,935 [ce3bbe74-48b8-4e84-ab92-3c2bb9d4f215-groupManagement] INFO  server.RaftServerConfigKeys (ConfUtils.java:logGet(46)) - raft.server.log.appender.buffer.byte-limit = 33554432 (custom)
2023-09-07 08:55:31,935 [ce3bbe74-48b8-4e84-ab92-3c2bb9d4f215-groupManagement] INFO  segmented.SegmentedRaftLogWorker (SegmentedRaftLogWorker.java:<init>(188)) - new ce3bbe74-48b8-4e84-ab92-3c2bb9d4f215@group-E7C8DE832EA6-SegmentedRaftLogWorker for RaftStorageImpl:Storage Directory /home/runner/work/ozone/ozone/hadoop-ozone/integration-test/target/test-dir/MiniOzoneClusterImpl-06b57250-6369-4c93-9764-bbc94174df1e/datanode-4/data/ratis/d2d516a1-2eed-42ef-b27d-e7c8de832ea6
2023-09-07 08:55:31,935 [ce3bbe74-48b8-4e84-ab92-3c2bb9d4f215-groupManagement] INFO  server.RaftServerConfigKeys (ConfUtils.java:logGet(46)) - raft.server.log.queue.byte-limit = 4294967296 (custom)
2023-09-07 08:55:31,935 [ce3bbe74-48b8-4e84-ab92-3c2bb9d4f215-groupManagement] INFO  server.RaftServerConfigKeys (ConfUtils.java:logGet(46)) - raft.server.log.queue.element-limit = 1024 (custom)
2023-09-07 08:55:31,935 [ce3bbe74-48b8-4e84-ab92-3c2bb9d4f215-groupManagement] INFO  server.RaftServerConfigKeys (ConfUtils.java:logGet(46)) - raft.server.log.segment.size.max = 1048576 (custom)
2023-09-07 08:55:31,936 [ce3bbe74-48b8-4e84-ab92-3c2bb9d4f215-groupManagement] INFO  server.RaftServerConfigKeys (ConfUtils.java:logGet(46)) - raft.server.log.preallocated.size = 16384 (custom)
2023-09-07 08:55:31,936 [ce3bbe74-48b8-4e84-ab92-3c2bb9d4f215-groupManagement] INFO  server.RaftServerConfigKeys (ConfUtils.java:logGet(46)) - raft.server.log.force.sync.num = 128 (default)
2023-09-07 08:55:31,936 [ce3bbe74-48b8-4e84-ab92-3c2bb9d4f215-groupManagement] INFO  server.RaftServerConfigKeys (ConfUtils.java:logGet(46)) - raft.server.log.statemachine.data.sync = true (default)
2023-09-07 08:55:31,936 [ce3bbe74-48b8-4e84-ab92-3c2bb9d4f215-groupManagement] INFO  server.RaftServerConfigKeys (ConfUtils.java:logGet(46)) - raft.server.log.statemachine.data.sync.timeout = 10s (default)
2023-09-07 08:55:31,936 [ce3bbe74-48b8-4e84-ab92-3c2bb9d4f215-groupManagement] INFO  server.RaftServerConfigKeys (ConfUtils.java:logGet(46)) - raft.server.log.statemachine.data.sync.timeout.retry = -1 (default)
2023-09-07 08:55:31,936 [ce3bbe74-48b8-4e84-ab92-3c2bb9d4f215-groupManagement] INFO  server.RaftServerConfigKeys (ConfUtils.java:logGet(46)) - raft.server.log.write.buffer.size = 1048576 (custom)
2023-09-07 08:55:31,937 [ce3bbe74-48b8-4e84-ab92-3c2bb9d4f215-groupManagement] INFO  server.RaftServerConfigKeys (ConfUtils.java:logGet(46)) - raft.server.log.appender.buffer.byte-limit = 33554432 (custom)
2023-09-07 08:55:31,944 [ce3bbe74-48b8-4e84-ab92-3c2bb9d4f215-groupManagement] INFO  server.RaftServerConfigKeys (ConfUtils.java:logGet(46)) - raft.server.log.unsafe-flush.enabled = false (default)
2023-09-07 08:55:31,944 [ce3bbe74-48b8-4e84-ab92-3c2bb9d4f215-groupManagement] INFO  server.RaftServerConfigKeys (ConfUtils.java:logGet(46)) - raft.server.log.async-flush.enabled = false (default)
2023-09-07 08:55:31,945 [ce3bbe74-48b8-4e84-ab92-3c2bb9d4f215-groupManagement] INFO  server.RaftServerConfigKeys (ConfUtils.java:logGet(46)) - raft.server.log.statemachine.data.caching.enabled = true (custom)
2023-09-07 08:55:31,945 [ce3bbe74-48b8-4e84-ab92-3c2bb9d4f215-groupManagement] INFO  segmented.SegmentedRaftLogWorker (SegmentedRaftLogWorker.java:lambda$new$0(135)) - ce3bbe74-48b8-4e84-ab92-3c2bb9d4f215@group-E7C8DE832EA6-SegmentedRaftLogWorker: flushIndex: setUnconditionally 0 -> -1
2023-09-07 08:55:31,945 [ce3bbe74-48b8-4e84-ab92-3c2bb9d4f215-groupManagement] INFO  segmented.SegmentedRaftLogWorker (SegmentedRaftLogWorker.java:lambda$new$0(135)) - ce3bbe74-48b8-4e84-ab92-3c2bb9d4f215@group-E7C8DE832EA6-SegmentedRaftLogWorker: safeCacheEvictIndex: setUnconditionally 0 -> -1
2023-09-07 08:55:31,949 [ce3bbe74-48b8-4e84-ab92-3c2bb9d4f215-groupManagement] INFO  server.RaftServer$Division (RaftServerImpl.java:start(342)) - ce3bbe74-48b8-4e84-ab92-3c2bb9d4f215@group-E7C8DE832EA6: start as a follower, conf=-1: peers:[ce3bbe74-48b8-4e84-ab92-3c2bb9d4f215|rpc:10.1.0.48:15156|admin:10.1.0.48:15155|client:10.1.0.48:15154|dataStream:10.1.0.48:15157|priority:1|startupRole:FOLLOWER]|listeners:[], old=null
2023-09-07 08:55:31,949 [ce3bbe74-48b8-4e84-ab92-3c2bb9d4f215-groupManagement] INFO  server.RaftServer$Division (RaftServerImpl.java:setRole(329)) - ce3bbe74-48b8-4e84-ab92-3c2bb9d4f215@group-E7C8DE832EA6: changes role from      null to FOLLOWER at term 0 for startAsFollower
2023-09-07 08:55:31,949 [ce3bbe74-48b8-4e84-ab92-3c2bb9d4f215-groupManagement] INFO  impl.RoleInfo (RoleInfo.java:updateAndGet(139)) - ce3bbe74-48b8-4e84-ab92-3c2bb9d4f215: start ce3bbe74-48b8-4e84-ab92-3c2bb9d4f215@group-E7C8DE832EA6-FollowerState
2023-09-07 08:55:31,953 [main] INFO  ozone.MiniOzoneClusterImpl (MiniOzoneClusterImpl.java:lambda$waitForClusterToBeReady$0(224)) - Nodes are ready. Got 5 of 5 DN Heartbeats.
2023-09-07 08:55:31,953 [main] INFO  ozone.MiniOzoneClusterImpl (MiniOzoneClusterImpl.java:lambda$waitForClusterToBeReady$0(227)) - Waiting for cluster to exit safe mode
2023-09-07 08:55:31,953 [main] INFO  ozone.MiniOzoneClusterImpl (MiniOzoneClusterImpl.java:lambda$waitForClusterToBeReady$0(229)) - SCM became leader
2023-09-07 08:55:31,955 [ce3bbe74-48b8-4e84-ab92-3c2bb9d4f215-groupManagement] INFO  util.JmxRegister (JmxRegister.java:tryRegister(44)) - Successfully registered JMX Bean with object name Ratis:service=RaftServer,group=group-E7C8DE832EA6,id=ce3bbe74-48b8-4e84-ab92-3c2bb9d4f215
2023-09-07 08:55:31,955 [ce3bbe74-48b8-4e84-ab92-3c2bb9d4f215@group-E7C8DE832EA6-FollowerState] INFO  server.RaftServerConfigKeys (ConfUtils.java:logFallback(53)) - raft.server.rpc.first-election.timeout.min = 5s (fallback to raft.server.rpc.timeout.min)
2023-09-07 08:55:31,955 [ce3bbe74-48b8-4e84-ab92-3c2bb9d4f215-groupManagement] INFO  server.RaftServerConfigKeys (ConfUtils.java:logGet(46)) - raft.server.snapshot.auto.trigger.enabled = true (custom)
2023-09-07 08:55:31,956 [ce3bbe74-48b8-4e84-ab92-3c2bb9d4f215-groupManagement] INFO  server.RaftServerConfigKeys (ConfUtils.java:logGet(46)) - raft.server.snapshot.auto.trigger.threshold = 10000 (custom)
2023-09-07 08:55:31,956 [ce3bbe74-48b8-4e84-ab92-3c2bb9d4f215-groupManagement] INFO  server.RaftServerConfigKeys (ConfUtils.java:logGet(46)) - raft.server.snapshot.retention.file.num = 5 (custom)
2023-09-07 08:55:31,956 [ce3bbe74-48b8-4e84-ab92-3c2bb9d4f215-groupManagement] INFO  server.RaftServerConfigKeys (ConfUtils.java:logGet(46)) - raft.server.log.purge.upto.snapshot.index = false (default)
2023-09-07 08:55:31,955 [ce3bbe74-48b8-4e84-ab92-3c2bb9d4f215@group-E7C8DE832EA6-FollowerState] INFO  server.RaftServerConfigKeys (ConfUtils.java:logFallback(53)) - raft.server.rpc.first-election.timeout.max = 5200ms (fallback to raft.server.rpc.timeout.max)
2023-09-07 08:55:31,957 [PipelineCommandHandlerThread-0] INFO  ratis.XceiverServerRatis (XceiverServerRatis.java:addGroup(804)) - Created group PipelineID=d2d516a1-2eed-42ef-b27d-e7c8de832ea6
2023-09-07 08:55:31,957 [PipelineCommandHandlerThread-0] INFO  commandhandler.CreatePipelineCommandHandler (CreatePipelineCommandHandler.java:lambda$handle$2(124)) - Created Pipeline RATIS ONE PipelineID=d2d516a1-2eed-42ef-b27d-e7c8de832ea6.
2023-09-07 08:55:32,953 [main] INFO  ozone.MiniOzoneClusterImpl (MiniOzoneClusterImpl.java:lambda$waitForClusterToBeReady$0(224)) - Nodes are ready. Got 5 of 5 DN Heartbeats.
2023-09-07 08:55:32,953 [main] INFO  ozone.MiniOzoneClusterImpl (MiniOzoneClusterImpl.java:lambda$waitForClusterToBeReady$0(227)) - Waiting for cluster to exit safe mode
2023-09-07 08:55:32,953 [main] INFO  ozone.MiniOzoneClusterImpl (MiniOzoneClusterImpl.java:lambda$waitForClusterToBeReady$0(229)) - SCM became leader
2023-09-07 08:55:33,954 [main] INFO  ozone.MiniOzoneClusterImpl (MiniOzoneClusterImpl.java:lambda$waitForClusterToBeReady$0(224)) - Nodes are ready. Got 5 of 5 DN Heartbeats.
2023-09-07 08:55:33,954 [main] INFO  ozone.MiniOzoneClusterImpl (MiniOzoneClusterImpl.java:lambda$waitForClusterToBeReady$0(227)) - Waiting for cluster to exit safe mode
2023-09-07 08:55:33,954 [main] INFO  ozone.MiniOzoneClusterImpl (MiniOzoneClusterImpl.java:lambda$waitForClusterToBeReady$0(229)) - SCM became leader
2023-09-07 08:55:34,955 [main] INFO  ozone.MiniOzoneClusterImpl (MiniOzoneClusterImpl.java:lambda$waitForClusterToBeReady$0(224)) - Nodes are ready. Got 5 of 5 DN Heartbeats.
2023-09-07 08:55:34,955 [main] INFO  ozone.MiniOzoneClusterImpl (MiniOzoneClusterImpl.java:lambda$waitForClusterToBeReady$0(227)) - Waiting for cluster to exit safe mode
2023-09-07 08:55:34,955 [main] INFO  ozone.MiniOzoneClusterImpl (MiniOzoneClusterImpl.java:lambda$waitForClusterToBeReady$0(229)) - SCM became leader
2023-09-07 08:55:35,618 [a9310303-e7f9-4a41-8a27-a7a2ce3a6d76@group-9A9D866393FD-FollowerState] INFO  impl.FollowerState (FollowerState.java:run(143)) - a9310303-e7f9-4a41-8a27-a7a2ce3a6d76@group-9A9D866393FD-FollowerState: change to CANDIDATE, lastRpcElapsedTime:5049702678ns, electionTimeout:5029ms
2023-09-07 08:55:35,619 [a9310303-e7f9-4a41-8a27-a7a2ce3a6d76@group-9A9D866393FD-FollowerState] INFO  impl.RoleInfo (RoleInfo.java:shutdownFollowerState(110)) - a9310303-e7f9-4a41-8a27-a7a2ce3a6d76: shutdown a9310303-e7f9-4a41-8a27-a7a2ce3a6d76@group-9A9D866393FD-FollowerState
2023-09-07 08:55:35,619 [a9310303-e7f9-4a41-8a27-a7a2ce3a6d76@group-9A9D866393FD-FollowerState] INFO  server.RaftServer$Division (RaftServerImpl.java:setRole(329)) - a9310303-e7f9-4a41-8a27-a7a2ce3a6d76@group-9A9D866393FD: changes role from  FOLLOWER to CANDIDATE at term 0 for changeToCandidate
2023-09-07 08:55:35,619 [a9310303-e7f9-4a41-8a27-a7a2ce3a6d76@group-9A9D866393FD-FollowerState] INFO  server.RaftServerConfigKeys (ConfUtils.java:logGet(46)) - raft.server.leaderelection.pre-vote = true (default)
2023-09-07 08:55:35,619 [a9310303-e7f9-4a41-8a27-a7a2ce3a6d76@group-9A9D866393FD-FollowerState] INFO  impl.RoleInfo (RoleInfo.java:updateAndGet(139)) - a9310303-e7f9-4a41-8a27-a7a2ce3a6d76: start a9310303-e7f9-4a41-8a27-a7a2ce3a6d76@group-9A9D866393FD-LeaderElection20
2023-09-07 08:55:35,622 [a9310303-e7f9-4a41-8a27-a7a2ce3a6d76@group-9A9D866393FD-LeaderElection20] INFO  impl.LeaderElection (LeaderElection.java:askForVotes(321)) - a9310303-e7f9-4a41-8a27-a7a2ce3a6d76@group-9A9D866393FD-LeaderElection20 PRE_VOTE round 0: submit vote requests at term 0 for -1: peers:[5b4afb20-df00-40b2-9151-744536d77108|rpc:10.1.0.48:15120|admin:10.1.0.48:15119|client:10.1.0.48:15118|dataStream:10.1.0.48:15121|priority:0|startupRole:FOLLOWER, a9310303-e7f9-4a41-8a27-a7a2ce3a6d76|rpc:10.1.0.48:15129|admin:10.1.0.48:15128|client:10.1.0.48:15127|dataStream:10.1.0.48:15130|priority:0|startupRole:FOLLOWER, a16823de-594d-4810-9c20-2473ba2acfd2|rpc:10.1.0.48:15138|admin:10.1.0.48:15137|client:10.1.0.48:15136|dataStream:10.1.0.48:15139|priority:1|startupRole:FOLLOWER]|listeners:[], old=null
2023-09-07 08:55:35,623 [a9310303-e7f9-4a41-8a27-a7a2ce3a6d76@group-9A9D866393FD-LeaderElection20-1] INFO  server.GrpcServerProtocolClient (GrpcServerProtocolClient.java:<init>(65)) - Build channel for 5b4afb20-df00-40b2-9151-744536d77108
2023-09-07 08:55:35,626 [a9310303-e7f9-4a41-8a27-a7a2ce3a6d76@group-9A9D866393FD-LeaderElection20] INFO  server.RaftServerConfigKeys (ConfUtils.java:logFallback(53)) - raft.server.rpc.first-election.timeout.min = 5s (fallback to raft.server.rpc.timeout.min)
2023-09-07 08:55:35,626 [a9310303-e7f9-4a41-8a27-a7a2ce3a6d76@group-9A9D866393FD-LeaderElection20] INFO  server.RaftServerConfigKeys (ConfUtils.java:logFallback(53)) - raft.server.rpc.first-election.timeout.max = 5200ms (fallback to raft.server.rpc.timeout.max)
2023-09-07 08:55:35,626 [a9310303-e7f9-4a41-8a27-a7a2ce3a6d76@group-9A9D866393FD-LeaderElection20-2] INFO  server.GrpcServerProtocolClient (GrpcServerProtocolClient.java:<init>(65)) - Build channel for a16823de-594d-4810-9c20-2473ba2acfd2
2023-09-07 08:55:35,632 [grpc-default-executor-0] INFO  server.RaftServer$Division (RaftServerImpl.java:requestVote(1302)) - 5b4afb20-df00-40b2-9151-744536d77108@group-9A9D866393FD: receive requestVote(PRE_VOTE, a9310303-e7f9-4a41-8a27-a7a2ce3a6d76, group-9A9D866393FD, 0, (t:0, i:0))
2023-09-07 08:55:35,632 [grpc-default-executor-0] INFO  impl.VoteContext (VoteContext.java:log(49)) - 5b4afb20-df00-40b2-9151-744536d77108@group-9A9D866393FD-FOLLOWER: accept PRE_VOTE from a9310303-e7f9-4a41-8a27-a7a2ce3a6d76: our priority 0 <= candidate's priority 0
2023-09-07 08:55:35,632 [grpc-default-executor-0] INFO  server.RaftServer$Division (RaftServerImpl.java:requestVote(1335)) - 5b4afb20-df00-40b2-9151-744536d77108@group-9A9D866393FD replies to PRE_VOTE vote request: a9310303-e7f9-4a41-8a27-a7a2ce3a6d76<-5b4afb20-df00-40b2-9151-744536d77108#0:OK-t0. Peer's state: 5b4afb20-df00-40b2-9151-744536d77108@group-9A9D866393FD:t0, leader=null, voted=, raftlog=Memoized:5b4afb20-df00-40b2-9151-744536d77108@group-9A9D866393FD-SegmentedRaftLog:OPENED:c-1, conf=-1: peers:[5b4afb20-df00-40b2-9151-744536d77108|rpc:10.1.0.48:15120|admin:10.1.0.48:15119|client:10.1.0.48:15118|dataStream:10.1.0.48:15121|priority:0|startupRole:FOLLOWER, a9310303-e7f9-4a41-8a27-a7a2ce3a6d76|rpc:10.1.0.48:15129|admin:10.1.0.48:15128|client:10.1.0.48:15127|dataStream:10.1.0.48:15130|priority:0|startupRole:FOLLOWER, a16823de-594d-4810-9c20-2473ba2acfd2|rpc:10.1.0.48:15138|admin:10.1.0.48:15137|client:10.1.0.48:15136|dataStream:10.1.0.48:15139|priority:1|startupRole:FOLLOWER]|listeners:[], old=null
2023-09-07 08:55:35,636 [a16823de-594d-4810-9c20-2473ba2acfd2@group-9A9D866393FD-FollowerState] INFO  impl.FollowerState (FollowerState.java:run(143)) - a16823de-594d-4810-9c20-2473ba2acfd2@group-9A9D866393FD-FollowerState: change to CANDIDATE, lastRpcElapsedTime:5014559636ns, electionTimeout:5011ms
2023-09-07 08:55:35,636 [a16823de-594d-4810-9c20-2473ba2acfd2@group-9A9D866393FD-FollowerState] INFO  impl.RoleInfo (RoleInfo.java:shutdownFollowerState(110)) - a16823de-594d-4810-9c20-2473ba2acfd2: shutdown a16823de-594d-4810-9c20-2473ba2acfd2@group-9A9D866393FD-FollowerState
2023-09-07 08:55:35,636 [a16823de-594d-4810-9c20-2473ba2acfd2@group-9A9D866393FD-FollowerState] INFO  server.RaftServer$Division (RaftServerImpl.java:setRole(329)) - a16823de-594d-4810-9c20-2473ba2acfd2@group-9A9D866393FD: changes role from  FOLLOWER to CANDIDATE at term 0 for changeToCandidate
2023-09-07 08:55:35,636 [a16823de-594d-4810-9c20-2473ba2acfd2@group-9A9D866393FD-FollowerState] INFO  server.RaftServerConfigKeys (ConfUtils.java:logGet(46)) - raft.server.leaderelection.pre-vote = true (default)
2023-09-07 08:55:35,636 [a16823de-594d-4810-9c20-2473ba2acfd2@group-9A9D866393FD-FollowerState] INFO  impl.RoleInfo (RoleInfo.java:updateAndGet(139)) - a16823de-594d-4810-9c20-2473ba2acfd2: start a16823de-594d-4810-9c20-2473ba2acfd2@group-9A9D866393FD-LeaderElection21
2023-09-07 08:55:35,649 [a16823de-594d-4810-9c20-2473ba2acfd2@group-9A9D866393FD-LeaderElection21] INFO  impl.LeaderElection (LeaderElection.java:askForVotes(321)) - a16823de-594d-4810-9c20-2473ba2acfd2@group-9A9D866393FD-LeaderElection21 PRE_VOTE round 0: submit vote requests at term 0 for -1: peers:[5b4afb20-df00-40b2-9151-744536d77108|rpc:10.1.0.48:15120|admin:10.1.0.48:15119|client:10.1.0.48:15118|dataStream:10.1.0.48:15121|priority:0|startupRole:FOLLOWER, a9310303-e7f9-4a41-8a27-a7a2ce3a6d76|rpc:10.1.0.48:15129|admin:10.1.0.48:15128|client:10.1.0.48:15127|dataStream:10.1.0.48:15130|priority:0|startupRole:FOLLOWER, a16823de-594d-4810-9c20-2473ba2acfd2|rpc:10.1.0.48:15138|admin:10.1.0.48:15137|client:10.1.0.48:15136|dataStream:10.1.0.48:15139|priority:1|startupRole:FOLLOWER]|listeners:[], old=null
2023-09-07 08:55:35,650 [grpc-default-executor-0] INFO  server.RaftServer$Division (RaftServerImpl.java:requestVote(1302)) - a16823de-594d-4810-9c20-2473ba2acfd2@group-9A9D866393FD: receive requestVote(PRE_VOTE, a9310303-e7f9-4a41-8a27-a7a2ce3a6d76, group-9A9D866393FD, 0, (t:0, i:0))
2023-09-07 08:55:35,650 [grpc-default-executor-0] INFO  impl.VoteContext (VoteContext.java:log(49)) - a16823de-594d-4810-9c20-2473ba2acfd2@group-9A9D866393FD-CANDIDATE: reject PRE_VOTE from a9310303-e7f9-4a41-8a27-a7a2ce3a6d76: our priority 1 > candidate's priority 0
2023-09-07 08:55:35,650 [grpc-default-executor-0] INFO  server.RaftServer$Division (RaftServerImpl.java:requestVote(1335)) - a16823de-594d-4810-9c20-2473ba2acfd2@group-9A9D866393FD replies to PRE_VOTE vote request: a9310303-e7f9-4a41-8a27-a7a2ce3a6d76<-a16823de-594d-4810-9c20-2473ba2acfd2#0:FAIL-t0. Peer's state: a16823de-594d-4810-9c20-2473ba2acfd2@group-9A9D866393FD:t0, leader=null, voted=, raftlog=Memoized:a16823de-594d-4810-9c20-2473ba2acfd2@group-9A9D866393FD-SegmentedRaftLog:OPENED:c-1, conf=-1: peers:[5b4afb20-df00-40b2-9151-744536d77108|rpc:10.1.0.48:15120|admin:10.1.0.48:15119|client:10.1.0.48:15118|dataStream:10.1.0.48:15121|priority:0|startupRole:FOLLOWER, a9310303-e7f9-4a41-8a27-a7a2ce3a6d76|rpc:10.1.0.48:15129|admin:10.1.0.48:15128|client:10.1.0.48:15127|dataStream:10.1.0.48:15130|priority:0|startupRole:FOLLOWER, a16823de-594d-4810-9c20-2473ba2acfd2|rpc:10.1.0.48:15138|admin:10.1.0.48:15137|client:10.1.0.48:15136|dataStream:10.1.0.48:15139|priority:1|startupRole:FOLLOWER]|listeners:[], old=null
2023-09-07 08:55:35,651 [a9310303-e7f9-4a41-8a27-a7a2ce3a6d76@group-9A9D866393FD-LeaderElection20] INFO  impl.LeaderElection (LeaderElection.java:logAndReturn(90)) - a9310303-e7f9-4a41-8a27-a7a2ce3a6d76@group-9A9D866393FD-LeaderElection20: PRE_VOTE REJECTED received 2 response(s) and 0 exception(s):
2023-09-07 08:55:35,652 [a9310303-e7f9-4a41-8a27-a7a2ce3a6d76@group-9A9D866393FD-LeaderElection20] INFO  impl.LeaderElection (LeaderElection.java:logAndReturn(94)) -   Response 0: a9310303-e7f9-4a41-8a27-a7a2ce3a6d76<-5b4afb20-df00-40b2-9151-744536d77108#0:OK-t0
2023-09-07 08:55:35,652 [a9310303-e7f9-4a41-8a27-a7a2ce3a6d76@group-9A9D866393FD-LeaderElection20] INFO  impl.LeaderElection (LeaderElection.java:logAndReturn(94)) -   Response 1: a9310303-e7f9-4a41-8a27-a7a2ce3a6d76<-a16823de-594d-4810-9c20-2473ba2acfd2#0:FAIL-t0
2023-09-07 08:55:35,652 [a9310303-e7f9-4a41-8a27-a7a2ce3a6d76@group-9A9D866393FD-LeaderElection20] INFO  impl.LeaderElection (LeaderElection.java:askForVotes(323)) - a9310303-e7f9-4a41-8a27-a7a2ce3a6d76@group-9A9D866393FD-LeaderElection20 PRE_VOTE round 0: result REJECTED
2023-09-07 08:55:35,652 [a9310303-e7f9-4a41-8a27-a7a2ce3a6d76@group-9A9D866393FD-LeaderElection20] INFO  server.RaftServer$Division (RaftServerImpl.java:setRole(329)) - a9310303-e7f9-4a41-8a27-a7a2ce3a6d76@group-9A9D866393FD: changes role from CANDIDATE to FOLLOWER at term 0 for REJECTED
2023-09-07 08:55:35,652 [a9310303-e7f9-4a41-8a27-a7a2ce3a6d76@group-9A9D866393FD-LeaderElection20] INFO  impl.RoleInfo (RoleInfo.java:shutdownLeaderElection(130)) - a9310303-e7f9-4a41-8a27-a7a2ce3a6d76: shutdown a9310303-e7f9-4a41-8a27-a7a2ce3a6d76@group-9A9D866393FD-LeaderElection20
2023-09-07 08:55:35,652 [a9310303-e7f9-4a41-8a27-a7a2ce3a6d76@group-9A9D866393FD-LeaderElection20] INFO  impl.RoleInfo (RoleInfo.java:updateAndGet(139)) - a9310303-e7f9-4a41-8a27-a7a2ce3a6d76: start a9310303-e7f9-4a41-8a27-a7a2ce3a6d76@group-9A9D866393FD-FollowerState
2023-09-07 08:55:35,652 [a16823de-594d-4810-9c20-2473ba2acfd2@group-9A9D866393FD-LeaderElection21-1] INFO  server.GrpcServerProtocolClient (GrpcServerProtocolClient.java:<init>(65)) - Build channel for 5b4afb20-df00-40b2-9151-744536d77108
2023-09-07 08:55:35,657 [a16823de-594d-4810-9c20-2473ba2acfd2@group-9A9D866393FD-LeaderElection21] INFO  server.RaftServerConfigKeys (ConfUtils.java:logFallback(53)) - raft.server.rpc.first-election.timeout.min = 5s (fallback to raft.server.rpc.timeout.min)
2023-09-07 08:55:35,657 [a16823de-594d-4810-9c20-2473ba2acfd2@group-9A9D866393FD-LeaderElection21] INFO  server.RaftServerConfigKeys (ConfUtils.java:logFallback(53)) - raft.server.rpc.first-election.timeout.max = 5200ms (fallback to raft.server.rpc.timeout.max)
2023-09-07 08:55:35,658 [a16823de-594d-4810-9c20-2473ba2acfd2@group-9A9D866393FD-LeaderElection21-2] INFO  server.GrpcServerProtocolClient (GrpcServerProtocolClient.java:<init>(65)) - Build channel for a9310303-e7f9-4a41-8a27-a7a2ce3a6d76
2023-09-07 08:55:35,667 [5b4afb20-df00-40b2-9151-744536d77108@group-9A9D866393FD-FollowerState] INFO  server.RaftServerConfigKeys (ConfUtils.java:logFallback(53)) - raft.server.rpc.first-election.timeout.min = 5s (fallback to raft.server.rpc.timeout.min)
2023-09-07 08:55:35,667 [5b4afb20-df00-40b2-9151-744536d77108@group-9A9D866393FD-FollowerState] INFO  server.RaftServerConfigKeys (ConfUtils.java:logFallback(53)) - raft.server.rpc.first-election.timeout.max = 5200ms (fallback to raft.server.rpc.timeout.max)
2023-09-07 08:55:35,684 [grpc-default-executor-0] INFO  server.RaftServer$Division (RaftServerImpl.java:requestVote(1302)) - a9310303-e7f9-4a41-8a27-a7a2ce3a6d76@group-9A9D866393FD: receive requestVote(PRE_VOTE, a16823de-594d-4810-9c20-2473ba2acfd2, group-9A9D866393FD, 0, (t:0, i:0))
2023-09-07 08:55:35,684 [grpc-default-executor-0] INFO  impl.VoteContext (VoteContext.java:log(49)) - a9310303-e7f9-4a41-8a27-a7a2ce3a6d76@group-9A9D866393FD-FOLLOWER: accept PRE_VOTE from a16823de-594d-4810-9c20-2473ba2acfd2: our priority 0 <= candidate's priority 1
2023-09-07 08:55:35,685 [grpc-default-executor-0] INFO  server.RaftServer$Division (RaftServerImpl.java:requestVote(1335)) - a9310303-e7f9-4a41-8a27-a7a2ce3a6d76@group-9A9D866393FD replies to PRE_VOTE vote request: a16823de-594d-4810-9c20-2473ba2acfd2<-a9310303-e7f9-4a41-8a27-a7a2ce3a6d76#0:OK-t0. Peer's state: a9310303-e7f9-4a41-8a27-a7a2ce3a6d76@group-9A9D866393FD:t0, leader=null, voted=, raftlog=Memoized:a9310303-e7f9-4a41-8a27-a7a2ce3a6d76@group-9A9D866393FD-SegmentedRaftLog:OPENED:c-1, conf=-1: peers:[5b4afb20-df00-40b2-9151-744536d77108|rpc:10.1.0.48:15120|admin:10.1.0.48:15119|client:10.1.0.48:15118|dataStream:10.1.0.48:15121|priority:0|startupRole:FOLLOWER, a9310303-e7f9-4a41-8a27-a7a2ce3a6d76|rpc:10.1.0.48:15129|admin:10.1.0.48:15128|client:10.1.0.48:15127|dataStream:10.1.0.48:15130|priority:0|startupRole:FOLLOWER, a16823de-594d-4810-9c20-2473ba2acfd2|rpc:10.1.0.48:15138|admin:10.1.0.48:15137|client:10.1.0.48:15136|dataStream:10.1.0.48:15139|priority:1|startupRole:FOLLOWER]|listeners:[], old=null
2023-09-07 08:55:35,685 [5b4afb20-df00-40b2-9151-744536d77108@group-8A94105D6FCF-FollowerState] INFO  impl.FollowerState (FollowerState.java:run(143)) - 5b4afb20-df00-40b2-9151-744536d77108@group-8A94105D6FCF-FollowerState: change to CANDIDATE, lastRpcElapsedTime:5191374555ns, electionTimeout:5188ms
2023-09-07 08:55:35,685 [5b4afb20-df00-40b2-9151-744536d77108@group-8A94105D6FCF-FollowerState] INFO  impl.RoleInfo (RoleInfo.java:shutdownFollowerState(110)) - 5b4afb20-df00-40b2-9151-744536d77108: shutdown 5b4afb20-df00-40b2-9151-744536d77108@group-8A94105D6FCF-FollowerState
2023-09-07 08:55:35,685 [5b4afb20-df00-40b2-9151-744536d77108@group-8A94105D6FCF-FollowerState] INFO  server.RaftServer$Division (RaftServerImpl.java:setRole(329)) - 5b4afb20-df00-40b2-9151-744536d77108@group-8A94105D6FCF: changes role from  FOLLOWER to CANDIDATE at term 0 for changeToCandidate
2023-09-07 08:55:35,685 [5b4afb20-df00-40b2-9151-744536d77108@group-8A94105D6FCF-FollowerState] INFO  server.RaftServerConfigKeys (ConfUtils.java:logGet(46)) - raft.server.leaderelection.pre-vote = true (default)
2023-09-07 08:55:35,685 [5b4afb20-df00-40b2-9151-744536d77108@group-8A94105D6FCF-FollowerState] INFO  impl.RoleInfo (RoleInfo.java:updateAndGet(139)) - 5b4afb20-df00-40b2-9151-744536d77108: start 5b4afb20-df00-40b2-9151-744536d77108@group-8A94105D6FCF-LeaderElection22
2023-09-07 08:55:35,696 [grpc-default-executor-1] INFO  server.RaftServer$Division (RaftServerImpl.java:requestVote(1302)) - 5b4afb20-df00-40b2-9151-744536d77108@group-9A9D866393FD: receive requestVote(PRE_VOTE, a16823de-594d-4810-9c20-2473ba2acfd2, group-9A9D866393FD, 0, (t:0, i:0))
2023-09-07 08:55:35,696 [grpc-default-executor-1] INFO  impl.VoteContext (VoteContext.java:log(49)) - 5b4afb20-df00-40b2-9151-744536d77108@group-9A9D866393FD-FOLLOWER: accept PRE_VOTE from a16823de-594d-4810-9c20-2473ba2acfd2: our priority 0 <= candidate's priority 1
2023-09-07 08:55:35,696 [grpc-default-executor-1] INFO  server.RaftServer$Division (RaftServerImpl.java:requestVote(1335)) - 5b4afb20-df00-40b2-9151-744536d77108@group-9A9D866393FD replies to PRE_VOTE vote request: a16823de-594d-4810-9c20-2473ba2acfd2<-5b4afb20-df00-40b2-9151-744536d77108#0:OK-t0. Peer's state: 5b4afb20-df00-40b2-9151-744536d77108@group-9A9D866393FD:t0, leader=null, voted=, raftlog=Memoized:5b4afb20-df00-40b2-9151-744536d77108@group-9A9D866393FD-SegmentedRaftLog:OPENED:c-1, conf=-1: peers:[5b4afb20-df00-40b2-9151-744536d77108|rpc:10.1.0.48:15120|admin:10.1.0.48:15119|client:10.1.0.48:15118|dataStream:10.1.0.48:15121|priority:0|startupRole:FOLLOWER, a9310303-e7f9-4a41-8a27-a7a2ce3a6d76|rpc:10.1.0.48:15129|admin:10.1.0.48:15128|client:10.1.0.48:15127|dataStream:10.1.0.48:15130|priority:0|startupRole:FOLLOWER, a16823de-594d-4810-9c20-2473ba2acfd2|rpc:10.1.0.48:15138|admin:10.1.0.48:15137|client:10.1.0.48:15136|dataStream:10.1.0.48:15139|priority:1|startupRole:FOLLOWER]|listeners:[], old=null
2023-09-07 08:55:35,698 [a16823de-594d-4810-9c20-2473ba2acfd2@group-9A9D866393FD-LeaderElection21] INFO  impl.LeaderElection (LeaderElection.java:logAndReturn(90)) - a16823de-594d-4810-9c20-2473ba2acfd2@group-9A9D866393FD-LeaderElection21: PRE_VOTE PASSED received 1 response(s) and 0 exception(s):
2023-09-07 08:55:35,698 [a16823de-594d-4810-9c20-2473ba2acfd2@group-9A9D866393FD-LeaderElection21] INFO  impl.LeaderElection (LeaderElection.java:logAndReturn(94)) -   Response 0: a16823de-594d-4810-9c20-2473ba2acfd2<-a9310303-e7f9-4a41-8a27-a7a2ce3a6d76#0:OK-t0
2023-09-07 08:55:35,698 [a16823de-594d-4810-9c20-2473ba2acfd2@group-9A9D866393FD-LeaderElection21] INFO  impl.LeaderElection (LeaderElection.java:askForVotes(323)) - a16823de-594d-4810-9c20-2473ba2acfd2@group-9A9D866393FD-LeaderElection21 PRE_VOTE round 0: result PASSED
2023-09-07 08:55:35,700 [5b4afb20-df00-40b2-9151-744536d77108@group-8A94105D6FCF-LeaderElection22] INFO  impl.LeaderElection (LeaderElection.java:askForVotes(321)) - 5b4afb20-df00-40b2-9151-744536d77108@group-8A94105D6FCF-LeaderElection22 PRE_VOTE round 0: submit vote requests at term 0 for -1: peers:[5b4afb20-df00-40b2-9151-744536d77108|rpc:10.1.0.48:15120|admin:10.1.0.48:15119|client:10.1.0.48:15118|dataStream:10.1.0.48:15121|priority:1|startupRole:FOLLOWER]|listeners:[], old=null
2023-09-07 08:55:35,700 [5b4afb20-df00-40b2-9151-744536d77108@group-8A94105D6FCF-LeaderElection22] INFO  impl.LeaderElection (LeaderElection.java:askForVotes(323)) - 5b4afb20-df00-40b2-9151-744536d77108@group-8A94105D6FCF-LeaderElection22 PRE_VOTE round 0: result PASSED (term=0)
2023-09-07 08:55:35,702 [a16823de-594d-4810-9c20-2473ba2acfd2@group-9A9D866393FD-LeaderElection21] INFO  impl.LeaderElection (LeaderElection.java:askForVotes(321)) - a16823de-594d-4810-9c20-2473ba2acfd2@group-9A9D866393FD-LeaderElection21 ELECTION round 0: submit vote requests at term 1 for -1: peers:[5b4afb20-df00-40b2-9151-744536d77108|rpc:10.1.0.48:15120|admin:10.1.0.48:15119|client:10.1.0.48:15118|dataStream:10.1.0.48:15121|priority:0|startupRole:FOLLOWER, a9310303-e7f9-4a41-8a27-a7a2ce3a6d76|rpc:10.1.0.48:15129|admin:10.1.0.48:15128|client:10.1.0.48:15127|dataStream:10.1.0.48:15130|priority:0|startupRole:FOLLOWER, a16823de-594d-4810-9c20-2473ba2acfd2|rpc:10.1.0.48:15138|admin:10.1.0.48:15137|client:10.1.0.48:15136|dataStream:10.1.0.48:15139|priority:1|startupRole:FOLLOWER]|listeners:[], old=null
2023-09-07 08:55:35,703 [a16823de-594d-4810-9c20-2473ba2acfd2@group-9A9D866393FD-LeaderElection21] INFO  server.RaftServerConfigKeys (ConfUtils.java:logFallback(53)) - raft.server.rpc.first-election.timeout.min = 5s (fallback to raft.server.rpc.timeout.min)
2023-09-07 08:55:35,703 [a16823de-594d-4810-9c20-2473ba2acfd2@group-9A9D866393FD-LeaderElection21] INFO  server.RaftServerConfigKeys (ConfUtils.java:logFallback(53)) - raft.server.rpc.first-election.timeout.max = 5200ms (fallback to raft.server.rpc.timeout.max)
2023-09-07 08:55:35,707 [5b4afb20-df00-40b2-9151-744536d77108@group-8A94105D6FCF-LeaderElection22] INFO  impl.LeaderElection (LeaderElection.java:askForVotes(321)) - 5b4afb20-df00-40b2-9151-744536d77108@group-8A94105D6FCF-LeaderElection22 ELECTION round 0: submit vote requests at term 1 for -1: peers:[5b4afb20-df00-40b2-9151-744536d77108|rpc:10.1.0.48:15120|admin:10.1.0.48:15119|client:10.1.0.48:15118|dataStream:10.1.0.48:15121|priority:1|startupRole:FOLLOWER]|listeners:[], old=null
2023-09-07 08:55:35,707 [5b4afb20-df00-40b2-9151-744536d77108@group-8A94105D6FCF-LeaderElection22] INFO  impl.LeaderElection (LeaderElection.java:askForVotes(323)) - 5b4afb20-df00-40b2-9151-744536d77108@group-8A94105D6FCF-LeaderElection22 ELECTION round 0: result PASSED (term=1)
2023-09-07 08:55:35,707 [5b4afb20-df00-40b2-9151-744536d77108@group-8A94105D6FCF-LeaderElection22] INFO  impl.RoleInfo (RoleInfo.java:shutdownLeaderElection(130)) - 5b4afb20-df00-40b2-9151-744536d77108: shutdown 5b4afb20-df00-40b2-9151-744536d77108@group-8A94105D6FCF-LeaderElection22
2023-09-07 08:55:35,707 [5b4afb20-df00-40b2-9151-744536d77108@group-8A94105D6FCF-LeaderElection22] INFO  server.RaftServer$Division (RaftServerImpl.java:setRole(329)) - 5b4afb20-df00-40b2-9151-744536d77108@group-8A94105D6FCF: changes role from CANDIDATE to LEADER at term 1 for changeToLeader
2023-09-07 08:55:35,707 [5b4afb20-df00-40b2-9151-744536d77108@group-8A94105D6FCF-LeaderElection22] INFO  ratis.XceiverServerRatis (XceiverServerRatis.java:handleLeaderChangedNotification(902)) - Leader change notification received for group: group-8A94105D6FCF with new leaderId: 5b4afb20-df00-40b2-9151-744536d77108
2023-09-07 08:55:35,707 [5b4afb20-df00-40b2-9151-744536d77108@group-8A94105D6FCF-LeaderElection22] INFO  server.RaftServer$Division (ServerState.java:setLeader(317)) - 5b4afb20-df00-40b2-9151-744536d77108@group-8A94105D6FCF: change Leader from null to 5b4afb20-df00-40b2-9151-744536d77108 at term 1 for becomeLeader, leader elected after 5237ms
2023-09-07 08:55:35,707 [5b4afb20-df00-40b2-9151-744536d77108@group-8A94105D6FCF-LeaderElection22] INFO  server.RaftServerConfigKeys (ConfUtils.java:logGet(46)) - raft.server.staging.catchup.gap = 1000 (default)
2023-09-07 08:55:35,707 [5b4afb20-df00-40b2-9151-744536d77108@group-8A94105D6FCF-LeaderElection22] INFO  server.RaftServerConfigKeys (ConfUtils.java:logGet(46)) - raft.server.write.element-limit = 1024 (custom)
2023-09-07 08:55:35,707 [5b4afb20-df00-40b2-9151-744536d77108@group-8A94105D6FCF-LeaderElection22] INFO  server.RaftServerConfigKeys (ConfUtils.java:logGet(46)) - raft.server.write.byte-limit = 1024 M (=1073741824) (custom)
2023-09-07 08:55:35,708 [5b4afb20-df00-40b2-9151-744536d77108@group-8A94105D6FCF-LeaderElection22] INFO  server.RaftServerConfigKeys (ConfUtils.java:logGet(46)) - raft.server.watch.timeout = 180s (custom)
2023-09-07 08:55:35,708 [5b4afb20-df00-40b2-9151-744536d77108@group-8A94105D6FCF-LeaderElection22] INFO  server.RaftServerConfigKeys (ConfUtils.java:logGet(46)) - raft.server.watch.timeout.denomination = 1s (default)
2023-09-07 08:55:35,708 [5b4afb20-df00-40b2-9151-744536d77108@group-8A94105D6FCF-LeaderElection22] INFO  server.RaftServerConfigKeys (ConfUtils.java:logGet(46)) - raft.server.watch.element-limit = 65536 (default)
2023-09-07 08:55:35,708 [5b4afb20-df00-40b2-9151-744536d77108@group-8A94105D6FCF-LeaderElection22] INFO  server.RaftServerConfigKeys (ConfUtils.java:logGet(46)) - raft.server.write.element-limit = 1024 (custom)
2023-09-07 08:55:35,708 [5b4afb20-df00-40b2-9151-744536d77108@group-8A94105D6FCF-LeaderElection22] INFO  server.RaftServerConfigKeys (ConfUtils.java:logGet(46)) - raft.server.write.follower.gap.ratio.max = -1.0 (default)
2023-09-07 08:55:35,708 [5b4afb20-df00-40b2-9151-744536d77108@group-8A94105D6FCF-LeaderElection22] INFO  impl.RoleInfo (RoleInfo.java:updateAndGet(139)) - 5b4afb20-df00-40b2-9151-744536d77108: start 5b4afb20-df00-40b2-9151-744536d77108@group-8A94105D6FCF-LeaderStateImpl
2023-09-07 08:55:35,708 [5b4afb20-df00-40b2-9151-744536d77108@group-8A94105D6FCF-LeaderElection22] INFO  segmented.SegmentedRaftLogWorker (SegmentedRaftLogWorker.java:startLogSegment(447)) - 5b4afb20-df00-40b2-9151-744536d77108@group-8A94105D6FCF-SegmentedRaftLogWorker: Starting segment from index:0
2023-09-07 08:55:35,710 [EventQueue-OpenPipelineForHealthyPipelineSafeModeRule] INFO  safemode.SCMSafeModeManager (HealthyPipelineSafeModeRule.java:process(137)) - SCM in safe mode. Healthy pipelines reported count is 0, required healthy pipeline reported count is 1
2023-09-07 08:55:35,713 [grpc-default-executor-1] INFO  server.RaftServer$Division (RaftServerImpl.java:requestVote(1302)) - 5b4afb20-df00-40b2-9151-744536d77108@group-9A9D866393FD: receive requestVote(ELECTION, a16823de-594d-4810-9c20-2473ba2acfd2, group-9A9D866393FD, 1, (t:0, i:0))
2023-09-07 08:55:35,713 [grpc-default-executor-1] INFO  impl.VoteContext (VoteContext.java:log(49)) - 5b4afb20-df00-40b2-9151-744536d77108@group-9A9D866393FD-FOLLOWER: accept ELECTION from a16823de-594d-4810-9c20-2473ba2acfd2: our priority 0 <= candidate's priority 1
2023-09-07 08:55:35,713 [grpc-default-executor-1] INFO  server.RaftServer$Division (RaftServerImpl.java:setRole(329)) - 5b4afb20-df00-40b2-9151-744536d77108@group-9A9D866393FD: changes role from  FOLLOWER to FOLLOWER at term 1 for candidate:a16823de-594d-4810-9c20-2473ba2acfd2
2023-09-07 08:55:35,713 [grpc-default-executor-1] INFO  impl.RoleInfo (RoleInfo.java:shutdownFollowerState(110)) - 5b4afb20-df00-40b2-9151-744536d77108: shutdown 5b4afb20-df00-40b2-9151-744536d77108@group-9A9D866393FD-FollowerState
2023-09-07 08:55:35,713 [grpc-default-executor-1] INFO  impl.RoleInfo (RoleInfo.java:updateAndGet(139)) - 5b4afb20-df00-40b2-9151-744536d77108: start 5b4afb20-df00-40b2-9151-744536d77108@group-9A9D866393FD-FollowerState
2023-09-07 08:55:35,713 [5b4afb20-df00-40b2-9151-744536d77108@group-9A9D866393FD-FollowerState] INFO  impl.FollowerState (FollowerState.java:run(152)) - 5b4afb20-df00-40b2-9151-744536d77108@group-9A9D866393FD-FollowerState was interrupted
2023-09-07 08:55:35,715 [5b4afb20-df00-40b2-9151-744536d77108@group-8A94105D6FCF-SegmentedRaftLogWorker] INFO  segmented.SegmentedRaftLogWorker (SegmentedRaftLogWorker.java:execute(651)) - 5b4afb20-df00-40b2-9151-744536d77108@group-8A94105D6FCF-SegmentedRaftLogWorker: created new log segment /home/runner/work/ozone/ozone/hadoop-ozone/integration-test/target/test-dir/MiniOzoneClusterImpl-06b57250-6369-4c93-9764-bbc94174df1e/datanode-0/data/ratis/b3cffe63-e023-43e0-a41f-8a94105d6fcf/current/log_inprogress_0
2023-09-07 08:55:35,726 [grpc-default-executor-0] INFO  server.RaftServer$Division (RaftServerImpl.java:requestVote(1302)) - a9310303-e7f9-4a41-8a27-a7a2ce3a6d76@group-9A9D866393FD: receive requestVote(ELECTION, a16823de-594d-4810-9c20-2473ba2acfd2, group-9A9D866393FD, 1, (t:0, i:0))
2023-09-07 08:55:35,727 [grpc-default-executor-0] INFO  impl.VoteContext (VoteContext.java:log(49)) - a9310303-e7f9-4a41-8a27-a7a2ce3a6d76@group-9A9D866393FD-FOLLOWER: accept ELECTION from a16823de-594d-4810-9c20-2473ba2acfd2: our priority 0 <= candidate's priority 1
2023-09-07 08:55:35,727 [grpc-default-executor-0] INFO  server.RaftServer$Division (RaftServerImpl.java:setRole(329)) - a9310303-e7f9-4a41-8a27-a7a2ce3a6d76@group-9A9D866393FD: changes role from  FOLLOWER to FOLLOWER at term 1 for candidate:a16823de-594d-4810-9c20-2473ba2acfd2
2023-09-07 08:55:35,727 [grpc-default-executor-0] INFO  impl.RoleInfo (RoleInfo.java:shutdownFollowerState(110)) - a9310303-e7f9-4a41-8a27-a7a2ce3a6d76: shutdown a9310303-e7f9-4a41-8a27-a7a2ce3a6d76@group-9A9D866393FD-FollowerState
2023-09-07 08:55:35,730 [5b4afb20-df00-40b2-9151-744536d77108@group-8A94105D6FCF-LeaderElection22] INFO  server.RaftServer$Division (ServerState.java:setRaftConf(434)) - 5b4afb20-df00-40b2-9151-744536d77108@group-8A94105D6FCF: set configuration 0: peers:[5b4afb20-df00-40b2-9151-744536d77108|rpc:10.1.0.48:15120|admin:10.1.0.48:15119|client:10.1.0.48:15118|dataStream:10.1.0.48:15121|priority:1|startupRole:FOLLOWER]|listeners:[], old=null
2023-09-07 08:55:35,730 [grpc-default-executor-1] INFO  server.RaftServer$Division (RaftServerImpl.java:requestVote(1335)) - 5b4afb20-df00-40b2-9151-744536d77108@group-9A9D866393FD replies to ELECTION vote request: a16823de-594d-4810-9c20-2473ba2acfd2<-5b4afb20-df00-40b2-9151-744536d77108#0:OK-t1. Peer's state: 5b4afb20-df00-40b2-9151-744536d77108@group-9A9D866393FD:t1, leader=null, voted=a16823de-594d-4810-9c20-2473ba2acfd2, raftlog=Memoized:5b4afb20-df00-40b2-9151-744536d77108@group-9A9D866393FD-SegmentedRaftLog:OPENED:c-1, conf=-1: peers:[5b4afb20-df00-40b2-9151-744536d77108|rpc:10.1.0.48:15120|admin:10.1.0.48:15119|client:10.1.0.48:15118|dataStream:10.1.0.48:15121|priority:0|startupRole:FOLLOWER, a9310303-e7f9-4a41-8a27-a7a2ce3a6d76|rpc:10.1.0.48:15129|admin:10.1.0.48:15128|client:10.1.0.48:15127|dataStream:10.1.0.48:15130|priority:0|startupRole:FOLLOWER, a16823de-594d-4810-9c20-2473ba2acfd2|rpc:10.1.0.48:15138|admin:10.1.0.48:15137|client:10.1.0.48:15136|dataStream:10.1.0.48:15139|priority:1|startupRole:FOLLOWER]|listeners:[], old=null
2023-09-07 08:55:35,732 [a16823de-594d-4810-9c20-2473ba2acfd2@group-9A9D866393FD-LeaderElection21] INFO  impl.LeaderElection (LeaderElection.java:logAndReturn(90)) - a16823de-594d-4810-9c20-2473ba2acfd2@group-9A9D866393FD-LeaderElection21: ELECTION PASSED received 1 response(s) and 0 exception(s):
2023-09-07 08:55:35,732 [a16823de-594d-4810-9c20-2473ba2acfd2@group-9A9D866393FD-LeaderElection21] INFO  impl.LeaderElection (LeaderElection.java:logAndReturn(94)) -   Response 0: a16823de-594d-4810-9c20-2473ba2acfd2<-5b4afb20-df00-40b2-9151-744536d77108#0:OK-t1
2023-09-07 08:55:35,732 [a16823de-594d-4810-9c20-2473ba2acfd2@group-9A9D866393FD-LeaderElection21] INFO  impl.LeaderElection (LeaderElection.java:askForVotes(323)) - a16823de-594d-4810-9c20-2473ba2acfd2@group-9A9D866393FD-LeaderElection21 ELECTION round 0: result PASSED
2023-09-07 08:55:35,732 [a16823de-594d-4810-9c20-2473ba2acfd2@group-9A9D866393FD-LeaderElection21] INFO  impl.RoleInfo (RoleInfo.java:shutdownLeaderElection(130)) - a16823de-594d-4810-9c20-2473ba2acfd2: shutdown a16823de-594d-4810-9c20-2473ba2acfd2@group-9A9D866393FD-LeaderElection21
2023-09-07 08:55:35,732 [a16823de-594d-4810-9c20-2473ba2acfd2@group-9A9D866393FD-LeaderElection21] INFO  server.RaftServer$Division (RaftServerImpl.java:setRole(329)) - a16823de-594d-4810-9c20-2473ba2acfd2@group-9A9D866393FD: changes role from CANDIDATE to LEADER at term 1 for changeToLeader
2023-09-07 08:55:35,732 [a16823de-594d-4810-9c20-2473ba2acfd2@group-9A9D866393FD-LeaderElection21] INFO  ratis.XceiverServerRatis (XceiverServerRatis.java:handleLeaderChangedNotification(902)) - Leader change notification received for group: group-9A9D866393FD with new leaderId: a16823de-594d-4810-9c20-2473ba2acfd2
2023-09-07 08:55:35,732 [a16823de-594d-4810-9c20-2473ba2acfd2@group-9A9D866393FD-LeaderElection21] INFO  server.RaftServer$Division (ServerState.java:setLeader(317)) - a16823de-594d-4810-9c20-2473ba2acfd2@group-9A9D866393FD: change Leader from null to a16823de-594d-4810-9c20-2473ba2acfd2 at term 1 for becomeLeader, leader elected after 5131ms
2023-09-07 08:55:35,732 [a16823de-594d-4810-9c20-2473ba2acfd2@group-9A9D866393FD-LeaderElection21] INFO  server.RaftServerConfigKeys (ConfUtils.java:logGet(46)) - raft.server.staging.catchup.gap = 1000 (default)
2023-09-07 08:55:35,733 [a16823de-594d-4810-9c20-2473ba2acfd2@group-9A9D866393FD-LeaderElection21] INFO  server.RaftServerConfigKeys (ConfUtils.java:logGet(46)) - raft.server.write.element-limit = 1024 (custom)
2023-09-07 08:55:35,733 [a16823de-594d-4810-9c20-2473ba2acfd2@group-9A9D866393FD-LeaderElection21] INFO  server.RaftServerConfigKeys (ConfUtils.java:logGet(46)) - raft.server.write.byte-limit = 1024 M (=1073741824) (custom)
2023-09-07 08:55:35,733 [a16823de-594d-4810-9c20-2473ba2acfd2@group-9A9D866393FD-LeaderElection21] INFO  server.RaftServerConfigKeys (ConfUtils.java:logGet(46)) - raft.server.watch.timeout = 180s (custom)
2023-09-07 08:55:35,733 [a16823de-594d-4810-9c20-2473ba2acfd2@group-9A9D866393FD-LeaderElection21] INFO  server.RaftServerConfigKeys (ConfUtils.java:logGet(46)) - raft.server.watch.timeout.denomination = 1s (default)
2023-09-07 08:55:35,733 [a16823de-594d-4810-9c20-2473ba2acfd2@group-9A9D866393FD-LeaderElection21] INFO  server.RaftServerConfigKeys (ConfUtils.java:logGet(46)) - raft.server.watch.element-limit = 65536 (default)
2023-09-07 08:55:35,733 [a16823de-594d-4810-9c20-2473ba2acfd2@group-9A9D866393FD-LeaderElection21] INFO  server.RaftServerConfigKeys (ConfUtils.java:logGet(46)) - raft.server.write.element-limit = 1024 (custom)
2023-09-07 08:55:35,733 [a16823de-594d-4810-9c20-2473ba2acfd2@group-9A9D866393FD-LeaderElection21] INFO  server.RaftServerConfigKeys (ConfUtils.java:logGet(46)) - raft.server.write.follower.gap.ratio.max = -1.0 (default)
2023-09-07 08:55:35,734 [grpc-default-executor-0] INFO  impl.RoleInfo (RoleInfo.java:updateAndGet(139)) - a9310303-e7f9-4a41-8a27-a7a2ce3a6d76: start a9310303-e7f9-4a41-8a27-a7a2ce3a6d76@group-9A9D866393FD-FollowerState
2023-09-07 08:55:35,735 [a9310303-e7f9-4a41-8a27-a7a2ce3a6d76@group-9A9D866393FD-FollowerState] INFO  impl.FollowerState (FollowerState.java:run(152)) - a9310303-e7f9-4a41-8a27-a7a2ce3a6d76@group-9A9D866393FD-FollowerState was interrupted
2023-09-07 08:55:35,735 [EventQueue-OpenPipelineForHealthyPipelineSafeModeRule] INFO  safemode.SCMSafeModeManager (HealthyPipelineSafeModeRule.java:process(137)) - SCM in safe mode. Healthy pipelines reported count is 0, required healthy pipeline reported count is 1
2023-09-07 08:55:35,735 [EventQueue-PipelineReportForPipelineReportHandler] INFO  pipeline.PipelineReportHandler (PipelineReportHandler.java:processPipelineReport(136)) - Opened pipeline PipelineID=cf4e3318-2c5c-4351-a670-9a9d866393fd
2023-09-07 08:55:35,735 [EventQueue-OpenPipelineForHealthyPipelineSafeModeRule] INFO  safemode.SCMSafeModeManager (HealthyPipelineSafeModeRule.java:process(137)) - SCM in safe mode. Healthy pipelines reported count is 1, required healthy pipeline reported count is 1
2023-09-07 08:55:35,735 [EventQueue-OpenPipelineForHealthyPipelineSafeModeRule] INFO  safemode.SCMSafeModeManager (SCMSafeModeManager.java:validateSafeModeExitRules(200)) - HealthyPipelineSafeModeRule rule is successfully validated
2023-09-07 08:55:35,736 [EventQueue-OpenPipelineForHealthyPipelineSafeModeRule] INFO  safemode.SCMSafeModeManager (SCMSafeModeManager.java:validateSafeModeExitRules(215)) - ScmSafeModeManager, all rules are successfully validated
2023-09-07 08:55:35,736 [EventQueue-OpenPipelineForHealthyPipelineSafeModeRule] INFO  safemode.SCMSafeModeManager (SCMSafeModeManager.java:exitSafeMode(244)) - SCM exiting safe mode.
2023-09-07 08:55:35,736 [EventQueue-OpenPipelineForHealthyPipelineSafeModeRule] INFO  ha.SCMContext (SCMContext.java:updateSafeModeStatus(228)) - Update SafeModeStatus from SafeModeStatus{safeModeStatus=true, preCheckPassed=true} to SafeModeStatus{safeModeStatus=false, preCheckPassed=true}.
2023-09-07 08:55:35,736 [EventQueue-OpenPipelineForHealthyPipelineSafeModeRule] INFO  pipeline.BackgroundPipelineCreator (BackgroundPipelineCreator.java:notifyStatusChanged(255)) - Service BackgroundPipelineCreator transitions to RUNNING.
2023-09-07 08:55:35,736 [EventQueue-OpenPipelineForHealthyPipelineSafeModeRule] INFO  BackgroundPipelineScrubber (BackgroundSCMService.java:notifyStatusChanged(82)) - Service BackgroundPipelineScrubber transitions to RUNNING.
2023-09-07 08:55:35,736 [EventQueue-OpenPipelineForHealthyPipelineSafeModeRule] INFO  ExpiredContainerReplicaOpScrubber (BackgroundSCMService.java:notifyStatusChanged(82)) - Service ExpiredContainerReplicaOpScrubber transitions to RUNNING.
2023-09-07 08:55:35,736 [EventQueue-OpenPipelineForHealthyPipelineSafeModeRule] INFO  replication.ReplicationManager (ReplicationManager.java:notifyStatusChanged(1370)) - Service ReplicationManager transitions to RUNNING.
2023-09-07 08:55:35,736 [a16823de-594d-4810-9c20-2473ba2acfd2@group-9A9D866393FD-LeaderElection21] INFO  server.RaftServerConfigKeys (ConfUtils.java:logGet(46)) - raft.server.log.appender.snapshot.chunk.size.max = 16MB (=16777216) (default)
2023-09-07 08:55:35,736 [EventQueue-OpenPipelineForHealthyPipelineSafeModeRule] WARN  balancer.ContainerBalancer (ContainerBalancer.java:shouldRun(134)) - Could not find persisted configuration for ContainerBalancer when checking if ContainerBalancer should run. ContainerBalancer should not run now.
2023-09-07 08:55:35,736 [a16823de-594d-4810-9c20-2473ba2acfd2@group-9A9D866393FD-LeaderElection21] INFO  server.RaftServerConfigKeys (ConfUtils.java:logGet(46)) - raft.server.log.appender.buffer.byte-limit = 33554432 (custom)
2023-09-07 08:55:35,737 [a16823de-594d-4810-9c20-2473ba2acfd2@group-9A9D866393FD-LeaderElection21] INFO  server.RaftServerConfigKeys (ConfUtils.java:logGet(46)) - raft.server.log.appender.buffer.element-limit = 1 (custom)
2023-09-07 08:55:35,742 [a16823de-594d-4810-9c20-2473ba2acfd2@group-9A9D866393FD-LeaderElection21] INFO  server.RaftServerConfigKeys (ConfUtils.java:logGet(46)) - raft.server.log.appender.wait-time.min = 10ms (default)
2023-09-07 08:55:35,742 [a16823de-594d-4810-9c20-2473ba2acfd2@group-9A9D866393FD-LeaderElection21] INFO  grpc.GrpcConfigKeys (ConfUtils.java:logGet(46)) - raft.grpc.server.leader.outstanding.appends.max = 128 (default)
2023-09-07 08:55:35,743 [a16823de-594d-4810-9c20-2473ba2acfd2@group-9A9D866393FD-LeaderElection21] INFO  server.RaftServerConfigKeys (ConfUtils.java:logGet(46)) - raft.server.rpc.request.timeout = 60s (custom)
2023-09-07 08:55:35,743 [a16823de-594d-4810-9c20-2473ba2acfd2@group-9A9D866393FD-LeaderElection21] INFO  grpc.GrpcConfigKeys (ConfUtils.java:logGet(46)) - raft.grpc.server.install_snapshot.request.element-limit = 8 (default)
2023-09-07 08:55:35,743 [a16823de-594d-4810-9c20-2473ba2acfd2@group-9A9D866393FD-LeaderElection21] INFO  grpc.GrpcConfigKeys (ConfUtils.java:logGet(46)) - raft.grpc.server.install_snapshot.request.timeout = 3000ms (default)
2023-09-07 08:55:35,743 [a16823de-594d-4810-9c20-2473ba2acfd2@group-9A9D866393FD-LeaderElection21] INFO  server.RaftServerConfigKeys (ConfUtils.java:logGet(46)) - raft.server.log.appender.install.snapshot.enabled = false (custom)
2023-09-07 08:55:35,743 [a16823de-594d-4810-9c20-2473ba2acfd2@group-9A9D866393FD-LeaderElection21] INFO  grpc.GrpcConfigKeys (ConfUtils.java:logGet(46)) - raft.grpc.server.heartbeat.channel = true (default)
2023-09-07 08:55:35,743 [a16823de-594d-4810-9c20-2473ba2acfd2@group-9A9D866393FD-LeaderElection21] INFO  server.RaftServerConfigKeys (ConfUtils.java:logGet(46)) - raft.server.log.appender.snapshot.chunk.size.max = 16MB (=16777216) (default)
2023-09-07 08:55:35,743 [a16823de-594d-4810-9c20-2473ba2acfd2@group-9A9D866393FD-LeaderElection21] INFO  server.RaftServerConfigKeys (ConfUtils.java:logGet(46)) - raft.server.log.appender.buffer.byte-limit = 33554432 (custom)
2023-09-07 08:55:35,744 [a16823de-594d-4810-9c20-2473ba2acfd2@group-9A9D866393FD-LeaderElection21] INFO  server.RaftServerConfigKeys (ConfUtils.java:logGet(46)) - raft.server.log.appender.buffer.element-limit = 1 (custom)
2023-09-07 08:55:35,744 [a16823de-594d-4810-9c20-2473ba2acfd2@group-9A9D866393FD-LeaderElection21] INFO  server.RaftServerConfigKeys (ConfUtils.java:logGet(46)) - raft.server.log.appender.wait-time.min = 10ms (default)
2023-09-07 08:55:35,744 [a16823de-594d-4810-9c20-2473ba2acfd2@group-9A9D866393FD-LeaderElection21] INFO  grpc.GrpcConfigKeys (ConfUtils.java:logGet(46)) - raft.grpc.server.leader.outstanding.appends.max = 128 (default)
2023-09-07 08:55:35,744 [a16823de-594d-4810-9c20-2473ba2acfd2@group-9A9D866393FD-LeaderElection21] INFO  server.RaftServerConfigKeys (ConfUtils.java:logGet(46)) - raft.server.rpc.request.timeout = 60s (custom)
2023-09-07 08:55:35,744 [a16823de-594d-4810-9c20-2473ba2acfd2@group-9A9D866393FD-LeaderElection21] INFO  grpc.GrpcConfigKeys (ConfUtils.java:logGet(46)) - raft.grpc.server.install_snapshot.request.element-limit = 8 (default)
2023-09-07 08:55:35,744 [a16823de-594d-4810-9c20-2473ba2acfd2@group-9A9D866393FD-LeaderElection21] INFO  grpc.GrpcConfigKeys (ConfUtils.java:logGet(46)) - raft.grpc.server.install_snapshot.request.timeout = 3000ms (default)
2023-09-07 08:55:35,744 [a16823de-594d-4810-9c20-2473ba2acfd2@group-9A9D866393FD-LeaderElection21] INFO  server.RaftServerConfigKeys (ConfUtils.java:logGet(46)) - raft.server.log.appender.install.snapshot.enabled = false (custom)
2023-09-07 08:55:35,744 [a16823de-594d-4810-9c20-2473ba2acfd2@group-9A9D866393FD-LeaderElection21] INFO  grpc.GrpcConfigKeys (ConfUtils.java:logGet(46)) - raft.grpc.server.heartbeat.channel = true (default)
2023-09-07 08:55:35,744 [a16823de-594d-4810-9c20-2473ba2acfd2@group-9A9D866393FD-LeaderElection21] INFO  impl.RoleInfo (RoleInfo.java:updateAndGet(139)) - a16823de-594d-4810-9c20-2473ba2acfd2: start a16823de-594d-4810-9c20-2473ba2acfd2@group-9A9D866393FD-LeaderStateImpl
2023-09-07 08:55:35,745 [a16823de-594d-4810-9c20-2473ba2acfd2@group-9A9D866393FD-LeaderElection21] INFO  segmented.SegmentedRaftLogWorker (SegmentedRaftLogWorker.java:startLogSegment(447)) - a16823de-594d-4810-9c20-2473ba2acfd2@group-9A9D866393FD-SegmentedRaftLogWorker: Starting segment from index:0
2023-09-07 08:55:35,746 [a16823de-594d-4810-9c20-2473ba2acfd2@group-9A9D866393FD-SegmentedRaftLogWorker] INFO  segmented.SegmentedRaftLogWorker (SegmentedRaftLogWorker.java:execute(651)) - a16823de-594d-4810-9c20-2473ba2acfd2@group-9A9D866393FD-SegmentedRaftLogWorker: created new log segment /home/runner/work/ozone/ozone/hadoop-ozone/integration-test/target/test-dir/MiniOzoneClusterImpl-06b57250-6369-4c93-9764-bbc94174df1e/datanode-2/data/ratis/cf4e3318-2c5c-4351-a670-9a9d866393fd/current/log_inprogress_0
2023-09-07 08:55:35,759 [grpc-default-executor-0] INFO  server.RaftServer$Division (RaftServerImpl.java:requestVote(1335)) - a9310303-e7f9-4a41-8a27-a7a2ce3a6d76@group-9A9D866393FD replies to ELECTION vote request: a16823de-594d-4810-9c20-2473ba2acfd2<-a9310303-e7f9-4a41-8a27-a7a2ce3a6d76#0:OK-t1. Peer's state: a9310303-e7f9-4a41-8a27-a7a2ce3a6d76@group-9A9D866393FD:t1, leader=null, voted=a16823de-594d-4810-9c20-2473ba2acfd2, raftlog=Memoized:a9310303-e7f9-4a41-8a27-a7a2ce3a6d76@group-9A9D866393FD-SegmentedRaftLog:OPENED:c-1, conf=-1: peers:[5b4afb20-df00-40b2-9151-744536d77108|rpc:10.1.0.48:15120|admin:10.1.0.48:15119|client:10.1.0.48:15118|dataStream:10.1.0.48:15121|priority:0|startupRole:FOLLOWER, a9310303-e7f9-4a41-8a27-a7a2ce3a6d76|rpc:10.1.0.48:15129|admin:10.1.0.48:15128|client:10.1.0.48:15127|dataStream:10.1.0.48:15130|priority:0|startupRole:FOLLOWER, a16823de-594d-4810-9c20-2473ba2acfd2|rpc:10.1.0.48:15138|admin:10.1.0.48:15137|client:10.1.0.48:15136|dataStream:10.1.0.48:15139|priority:1|startupRole:FOLLOWER]|listeners:[], old=null
2023-09-07 08:55:35,759 [a16823de-594d-4810-9c20-2473ba2acfd2@group-9A9D866393FD-LeaderElection21] INFO  server.RaftServer$Division (ServerState.java:setRaftConf(434)) - a16823de-594d-4810-9c20-2473ba2acfd2@group-9A9D866393FD: set configuration 0: peers:[5b4afb20-df00-40b2-9151-744536d77108|rpc:10.1.0.48:15120|admin:10.1.0.48:15119|client:10.1.0.48:15118|dataStream:10.1.0.48:15121|priority:0|startupRole:FOLLOWER, a9310303-e7f9-4a41-8a27-a7a2ce3a6d76|rpc:10.1.0.48:15129|admin:10.1.0.48:15128|client:10.1.0.48:15127|dataStream:10.1.0.48:15130|priority:0|startupRole:FOLLOWER, a16823de-594d-4810-9c20-2473ba2acfd2|rpc:10.1.0.48:15138|admin:10.1.0.48:15137|client:10.1.0.48:15136|dataStream:10.1.0.48:15139|priority:1|startupRole:FOLLOWER]|listeners:[], old=null
2023-09-07 08:55:35,783 [5b4afb20-df00-40b2-9151-744536d77108@group-778471A2FC67-FollowerState] INFO  impl.FollowerState (FollowerState.java:run(143)) - 5b4afb20-df00-40b2-9151-744536d77108@group-778471A2FC67-FollowerState: change to CANDIDATE, lastRpcElapsedTime:5129612354ns, electionTimeout:5129ms
2023-09-07 08:55:35,783 [5b4afb20-df00-40b2-9151-744536d77108@group-778471A2FC67-FollowerState] INFO  impl.RoleInfo (RoleInfo.java:shutdownFollowerState(110)) - 5b4afb20-df00-40b2-9151-744536d77108: shutdown 5b4afb20-df00-40b2-9151-744536d77108@group-778471A2FC67-FollowerState
2023-09-07 08:55:35,783 [5b4afb20-df00-40b2-9151-744536d77108@group-778471A2FC67-FollowerState] INFO  server.RaftServer$Division (RaftServerImpl.java:setRole(329)) - 5b4afb20-df00-40b2-9151-744536d77108@group-778471A2FC67: changes role from  FOLLOWER to CANDIDATE at term 0 for changeToCandidate
2023-09-07 08:55:35,784 [5b4afb20-df00-40b2-9151-744536d77108@group-778471A2FC67-FollowerState] INFO  server.RaftServerConfigKeys (ConfUtils.java:logGet(46)) - raft.server.leaderelection.pre-vote = true (default)
2023-09-07 08:55:35,784 [5b4afb20-df00-40b2-9151-744536d77108@group-778471A2FC67-FollowerState] INFO  impl.RoleInfo (RoleInfo.java:updateAndGet(139)) - 5b4afb20-df00-40b2-9151-744536d77108: start 5b4afb20-df00-40b2-9151-744536d77108@group-778471A2FC67-LeaderElection23
2023-09-07 08:55:35,803 [5b4afb20-df00-40b2-9151-744536d77108-server-thread2] INFO  ratis.XceiverServerRatis (XceiverServerRatis.java:handleLeaderChangedNotification(902)) - Leader change notification received for group: group-9A9D866393FD with new leaderId: a16823de-594d-4810-9c20-2473ba2acfd2
2023-09-07 08:55:35,803 [5b4afb20-df00-40b2-9151-744536d77108-server-thread2] INFO  server.RaftServer$Division (ServerState.java:setLeader(317)) - 5b4afb20-df00-40b2-9151-744536d77108@group-9A9D866393FD: change Leader from null to a16823de-594d-4810-9c20-2473ba2acfd2 at term 1 for appendEntries, leader elected after 5299ms
2023-09-07 08:55:35,806 [a9310303-e7f9-4a41-8a27-a7a2ce3a6d76-server-thread1] INFO  ratis.XceiverServerRatis (XceiverServerRatis.java:handleLeaderChangedNotification(902)) - Leader change notification received for group: group-9A9D866393FD with new leaderId: a16823de-594d-4810-9c20-2473ba2acfd2
2023-09-07 08:55:35,806 [a9310303-e7f9-4a41-8a27-a7a2ce3a6d76-server-thread1] INFO  server.RaftServer$Division (ServerState.java:setLeader(317)) - a9310303-e7f9-4a41-8a27-a7a2ce3a6d76@group-9A9D866393FD: change Leader from null to a16823de-594d-4810-9c20-2473ba2acfd2 at term 1 for appendEntries, leader elected after 5260ms
2023-09-07 08:55:35,807 [5b4afb20-df00-40b2-9151-744536d77108-server-thread1] INFO  server.RaftServer$Division (ServerState.java:setRaftConf(434)) - 5b4afb20-df00-40b2-9151-744536d77108@group-9A9D866393FD: set configuration 0: peers:[5b4afb20-df00-40b2-9151-744536d77108|rpc:10.1.0.48:15120|admin:10.1.0.48:15119|client:10.1.0.48:15118|dataStream:10.1.0.48:15121|priority:0|startupRole:FOLLOWER, a9310303-e7f9-4a41-8a27-a7a2ce3a6d76|rpc:10.1.0.48:15129|admin:10.1.0.48:15128|client:10.1.0.48:15127|dataStream:10.1.0.48:15130|priority:0|startupRole:FOLLOWER, a16823de-594d-4810-9c20-2473ba2acfd2|rpc:10.1.0.48:15138|admin:10.1.0.48:15137|client:10.1.0.48:15136|dataStream:10.1.0.48:15139|priority:1|startupRole:FOLLOWER]|listeners:[], old=null
2023-09-07 08:55:35,808 [5b4afb20-df00-40b2-9151-744536d77108-server-thread1] INFO  segmented.SegmentedRaftLogWorker (SegmentedRaftLogWorker.java:startLogSegment(447)) - 5b4afb20-df00-40b2-9151-744536d77108@group-9A9D866393FD-SegmentedRaftLogWorker: Starting segment from index:0
2023-09-07 08:55:35,809 [a16823de-594d-4810-9c20-2473ba2acfd2@group-778471A2FC67-FollowerState] INFO  impl.FollowerState (FollowerState.java:run(143)) - a16823de-594d-4810-9c20-2473ba2acfd2@group-778471A2FC67-FollowerState: change to CANDIDATE, lastRpcElapsedTime:5121402375ns, electionTimeout:5115ms
2023-09-07 08:55:35,809 [a16823de-594d-4810-9c20-2473ba2acfd2@group-778471A2FC67-FollowerState] INFO  impl.RoleInfo (RoleInfo.java:shutdownFollowerState(110)) - a16823de-594d-4810-9c20-2473ba2acfd2: shutdown a16823de-594d-4810-9c20-2473ba2acfd2@group-778471A2FC67-FollowerState
2023-09-07 08:55:35,809 [a16823de-594d-4810-9c20-2473ba2acfd2@group-778471A2FC67-FollowerState] INFO  server.RaftServer$Division (RaftServerImpl.java:setRole(329)) - a16823de-594d-4810-9c20-2473ba2acfd2@group-778471A2FC67: changes role from  FOLLOWER to CANDIDATE at term 0 for changeToCandidate
2023-09-07 08:55:35,809 [a16823de-594d-4810-9c20-2473ba2acfd2@group-778471A2FC67-FollowerState] INFO  server.RaftServerConfigKeys (ConfUtils.java:logGet(46)) - raft.server.leaderelection.pre-vote = true (default)
2023-09-07 08:55:35,810 [a16823de-594d-4810-9c20-2473ba2acfd2@group-778471A2FC67-FollowerState] INFO  impl.RoleInfo (RoleInfo.java:updateAndGet(139)) - a16823de-594d-4810-9c20-2473ba2acfd2: start a16823de-594d-4810-9c20-2473ba2acfd2@group-778471A2FC67-LeaderElection24
2023-09-07 08:55:35,823 [5b4afb20-df00-40b2-9151-744536d77108@group-778471A2FC67-LeaderElection23] INFO  impl.LeaderElection (LeaderElection.java:askForVotes(321)) - 5b4afb20-df00-40b2-9151-744536d77108@group-778471A2FC67-LeaderElection23 PRE_VOTE round 0: submit vote requests at term 0 for -1: peers:[5b4afb20-df00-40b2-9151-744536d77108|rpc:10.1.0.48:15120|admin:10.1.0.48:15119|client:10.1.0.48:15118|dataStream:10.1.0.48:15121|priority:1|startupRole:FOLLOWER, a9310303-e7f9-4a41-8a27-a7a2ce3a6d76|rpc:10.1.0.48:15129|admin:10.1.0.48:15128|client:10.1.0.48:15127|dataStream:10.1.0.48:15130|priority:0|startupRole:FOLLOWER, a16823de-594d-4810-9c20-2473ba2acfd2|rpc:10.1.0.48:15138|admin:10.1.0.48:15137|client:10.1.0.48:15136|dataStream:10.1.0.48:15139|priority:0|startupRole:FOLLOWER]|listeners:[], old=null
2023-09-07 08:55:35,823 [a9310303-e7f9-4a41-8a27-a7a2ce3a6d76-server-thread2] INFO  server.RaftServer$Division (ServerState.java:setRaftConf(434)) - a9310303-e7f9-4a41-8a27-a7a2ce3a6d76@group-9A9D866393FD: set configuration 0: peers:[5b4afb20-df00-40b2-9151-744536d77108|rpc:10.1.0.48:15120|admin:10.1.0.48:15119|client:10.1.0.48:15118|dataStream:10.1.0.48:15121|priority:0|startupRole:FOLLOWER, a9310303-e7f9-4a41-8a27-a7a2ce3a6d76|rpc:10.1.0.48:15129|admin:10.1.0.48:15128|client:10.1.0.48:15127|dataStream:10.1.0.48:15130|priority:0|startupRole:FOLLOWER, a16823de-594d-4810-9c20-2473ba2acfd2|rpc:10.1.0.48:15138|admin:10.1.0.48:15137|client:10.1.0.48:15136|dataStream:10.1.0.48:15139|priority:1|startupRole:FOLLOWER]|listeners:[], old=null
2023-09-07 08:55:35,823 [a9310303-e7f9-4a41-8a27-a7a2ce3a6d76-server-thread2] INFO  segmented.SegmentedRaftLogWorker (SegmentedRaftLogWorker.java:startLogSegment(447)) - a9310303-e7f9-4a41-8a27-a7a2ce3a6d76@group-9A9D866393FD-SegmentedRaftLogWorker: Starting segment from index:0
2023-09-07 08:55:35,824 [5b4afb20-df00-40b2-9151-744536d77108@group-778471A2FC67-LeaderElection23] INFO  server.RaftServerConfigKeys (ConfUtils.java:logFallback(53)) - raft.server.rpc.first-election.timeout.min = 5s (fallback to raft.server.rpc.timeout.min)
2023-09-07 08:55:35,824 [5b4afb20-df00-40b2-9151-744536d77108@group-778471A2FC67-LeaderElection23] INFO  server.RaftServerConfigKeys (ConfUtils.java:logFallback(53)) - raft.server.rpc.first-election.timeout.max = 5200ms (fallback to raft.server.rpc.timeout.max)
2023-09-07 08:55:35,826 [5b4afb20-df00-40b2-9151-744536d77108@group-9A9D866393FD-SegmentedRaftLogWorker] INFO  segmented.SegmentedRaftLogWorker (SegmentedRaftLogWorker.java:execute(651)) - 5b4afb20-df00-40b2-9151-744536d77108@group-9A9D866393FD-SegmentedRaftLogWorker: created new log segment /home/runner/work/ozone/ozone/hadoop-ozone/integration-test/target/test-dir/MiniOzoneClusterImpl-06b57250-6369-4c93-9764-bbc94174df1e/datanode-0/data/ratis/cf4e3318-2c5c-4351-a670-9a9d866393fd/current/log_inprogress_0
2023-09-07 08:55:35,826 [a16823de-594d-4810-9c20-2473ba2acfd2@group-778471A2FC67-LeaderElection24] INFO  impl.LeaderElection (LeaderElection.java:askForVotes(321)) - a16823de-594d-4810-9c20-2473ba2acfd2@group-778471A2FC67-LeaderElection24 PRE_VOTE round 0: submit vote requests at term 0 for -1: peers:[5b4afb20-df00-40b2-9151-744536d77108|rpc:10.1.0.48:15120|admin:10.1.0.48:15119|client:10.1.0.48:15118|dataStream:10.1.0.48:15121|priority:1|startupRole:FOLLOWER, a9310303-e7f9-4a41-8a27-a7a2ce3a6d76|rpc:10.1.0.48:15129|admin:10.1.0.48:15128|client:10.1.0.48:15127|dataStream:10.1.0.48:15130|priority:0|startupRole:FOLLOWER, a16823de-594d-4810-9c20-2473ba2acfd2|rpc:10.1.0.48:15138|admin:10.1.0.48:15137|client:10.1.0.48:15136|dataStream:10.1.0.48:15139|priority:0|startupRole:FOLLOWER]|listeners:[], old=null
2023-09-07 08:55:35,828 [a16823de-594d-4810-9c20-2473ba2acfd2@group-778471A2FC67-LeaderElection24] INFO  server.RaftServerConfigKeys (ConfUtils.java:logFallback(53)) - raft.server.rpc.first-election.timeout.min = 5s (fallback to raft.server.rpc.timeout.min)
2023-09-07 08:55:35,828 [a16823de-594d-4810-9c20-2473ba2acfd2@group-778471A2FC67-LeaderElection24] INFO  server.RaftServerConfigKeys (ConfUtils.java:logFallback(53)) - raft.server.rpc.first-election.timeout.max = 5200ms (fallback to raft.server.rpc.timeout.max)
2023-09-07 08:55:35,828 [5b4afb20-df00-40b2-9151-744536d77108@group-778471A2FC67-LeaderElection23-2] INFO  server.GrpcServerProtocolClient (GrpcServerProtocolClient.java:<init>(65)) - Build channel for a16823de-594d-4810-9c20-2473ba2acfd2
2023-09-07 08:55:35,828 [5b4afb20-df00-40b2-9151-744536d77108@group-778471A2FC67-LeaderElection23-1] INFO  server.GrpcServerProtocolClient (GrpcServerProtocolClient.java:<init>(65)) - Build channel for a9310303-e7f9-4a41-8a27-a7a2ce3a6d76
2023-09-07 08:55:35,845 [a9310303-e7f9-4a41-8a27-a7a2ce3a6d76@group-9A9D866393FD-SegmentedRaftLogWorker] INFO  segmented.SegmentedRaftLogWorker (SegmentedRaftLogWorker.java:execute(651)) - a9310303-e7f9-4a41-8a27-a7a2ce3a6d76@group-9A9D866393FD-SegmentedRaftLogWorker: created new log segment /home/runner/work/ozone/ozone/hadoop-ozone/integration-test/target/test-dir/MiniOzoneClusterImpl-06b57250-6369-4c93-9764-bbc94174df1e/datanode-1/data/ratis/cf4e3318-2c5c-4351-a670-9a9d866393fd/current/log_inprogress_0
2023-09-07 08:55:35,849 [grpc-default-executor-3] INFO  server.RaftServer$Division (RaftServerImpl.java:requestVote(1302)) - 5b4afb20-df00-40b2-9151-744536d77108@group-778471A2FC67: receive requestVote(PRE_VOTE, a16823de-594d-4810-9c20-2473ba2acfd2, group-778471A2FC67, 0, (t:0, i:0))
2023-09-07 08:55:35,849 [grpc-default-executor-3] INFO  impl.VoteContext (VoteContext.java:log(49)) - 5b4afb20-df00-40b2-9151-744536d77108@group-778471A2FC67-CANDIDATE: reject PRE_VOTE from a16823de-594d-4810-9c20-2473ba2acfd2: our priority 1 > candidate's priority 0
2023-09-07 08:55:35,849 [grpc-default-executor-3] INFO  server.RaftServer$Division (RaftServerImpl.java:requestVote(1335)) - 5b4afb20-df00-40b2-9151-744536d77108@group-778471A2FC67 replies to PRE_VOTE vote request: a16823de-594d-4810-9c20-2473ba2acfd2<-5b4afb20-df00-40b2-9151-744536d77108#0:FAIL-t0. Peer's state: 5b4afb20-df00-40b2-9151-744536d77108@group-778471A2FC67:t0, leader=null, voted=, raftlog=Memoized:5b4afb20-df00-40b2-9151-744536d77108@group-778471A2FC67-SegmentedRaftLog:OPENED:c-1, conf=-1: peers:[5b4afb20-df00-40b2-9151-744536d77108|rpc:10.1.0.48:15120|admin:10.1.0.48:15119|client:10.1.0.48:15118|dataStream:10.1.0.48:15121|priority:1|startupRole:FOLLOWER, a9310303-e7f9-4a41-8a27-a7a2ce3a6d76|rpc:10.1.0.48:15129|admin:10.1.0.48:15128|client:10.1.0.48:15127|dataStream:10.1.0.48:15130|priority:0|startupRole:FOLLOWER, a16823de-594d-4810-9c20-2473ba2acfd2|rpc:10.1.0.48:15138|admin:10.1.0.48:15137|client:10.1.0.48:15136|dataStream:10.1.0.48:15139|priority:0|startupRole:FOLLOWER]|listeners:[], old=null
2023-09-07 08:55:35,859 [grpc-default-executor-4] INFO  server.RaftServer$Division (RaftServerImpl.java:requestVote(1302)) - a9310303-e7f9-4a41-8a27-a7a2ce3a6d76@group-778471A2FC67: receive requestVote(PRE_VOTE, a16823de-594d-4810-9c20-2473ba2acfd2, group-778471A2FC67, 0, (t:0, i:0))
2023-09-07 08:55:35,859 [grpc-default-executor-4] INFO  impl.VoteContext (VoteContext.java:log(49)) - a9310303-e7f9-4a41-8a27-a7a2ce3a6d76@group-778471A2FC67-FOLLOWER: accept PRE_VOTE from a16823de-594d-4810-9c20-2473ba2acfd2: our priority 0 <= candidate's priority 0
2023-09-07 08:55:35,859 [grpc-default-executor-4] INFO  server.RaftServer$Division (RaftServerImpl.java:requestVote(1335)) - a9310303-e7f9-4a41-8a27-a7a2ce3a6d76@group-778471A2FC67 replies to PRE_VOTE vote request: a16823de-594d-4810-9c20-2473ba2acfd2<-a9310303-e7f9-4a41-8a27-a7a2ce3a6d76#0:OK-t0. Peer's state: a9310303-e7f9-4a41-8a27-a7a2ce3a6d76@group-778471A2FC67:t0, leader=null, voted=, raftlog=Memoized:a9310303-e7f9-4a41-8a27-a7a2ce3a6d76@group-778471A2FC67-SegmentedRaftLog:OPENED:c-1, conf=-1: peers:[5b4afb20-df00-40b2-9151-744536d77108|rpc:10.1.0.48:15120|admin:10.1.0.48:15119|client:10.1.0.48:15118|dataStream:10.1.0.48:15121|priority:1|startupRole:FOLLOWER, a9310303-e7f9-4a41-8a27-a7a2ce3a6d76|rpc:10.1.0.48:15129|admin:10.1.0.48:15128|client:10.1.0.48:15127|dataStream:10.1.0.48:15130|priority:0|startupRole:FOLLOWER, a16823de-594d-4810-9c20-2473ba2acfd2|rpc:10.1.0.48:15138|admin:10.1.0.48:15137|client:10.1.0.48:15136|dataStream:10.1.0.48:15139|priority:0|startupRole:FOLLOWER]|listeners:[], old=null
2023-09-07 08:55:35,860 [a16823de-594d-4810-9c20-2473ba2acfd2@group-778471A2FC67-LeaderElection24] INFO  impl.LeaderElection (LeaderElection.java:logAndReturn(90)) - a16823de-594d-4810-9c20-2473ba2acfd2@group-778471A2FC67-LeaderElection24: PRE_VOTE REJECTED received 1 response(s) and 0 exception(s):
2023-09-07 08:55:35,860 [a16823de-594d-4810-9c20-2473ba2acfd2@group-778471A2FC67-LeaderElection24] INFO  impl.LeaderElection (LeaderElection.java:logAndReturn(94)) -   Response 0: a16823de-594d-4810-9c20-2473ba2acfd2<-5b4afb20-df00-40b2-9151-744536d77108#0:FAIL-t0
2023-09-07 08:55:35,860 [a16823de-594d-4810-9c20-2473ba2acfd2@group-778471A2FC67-LeaderElection24] INFO  impl.LeaderElection (LeaderElection.java:askForVotes(323)) - a16823de-594d-4810-9c20-2473ba2acfd2@group-778471A2FC67-LeaderElection24 PRE_VOTE round 0: result REJECTED
2023-09-07 08:55:35,860 [a16823de-594d-4810-9c20-2473ba2acfd2@group-778471A2FC67-LeaderElection24] INFO  server.RaftServer$Division (RaftServerImpl.java:setRole(329)) - a16823de-594d-4810-9c20-2473ba2acfd2@group-778471A2FC67: changes role from CANDIDATE to FOLLOWER at term 0 for REJECTED
2023-09-07 08:55:35,860 [a16823de-594d-4810-9c20-2473ba2acfd2@group-778471A2FC67-LeaderElection24] INFO  impl.RoleInfo (RoleInfo.java:shutdownLeaderElection(130)) - a16823de-594d-4810-9c20-2473ba2acfd2: shutdown a16823de-594d-4810-9c20-2473ba2acfd2@group-778471A2FC67-LeaderElection24
2023-09-07 08:55:35,860 [a16823de-594d-4810-9c20-2473ba2acfd2@group-778471A2FC67-LeaderElection24] INFO  impl.RoleInfo (RoleInfo.java:updateAndGet(139)) - a16823de-594d-4810-9c20-2473ba2acfd2: start a16823de-594d-4810-9c20-2473ba2acfd2@group-778471A2FC67-FollowerState
2023-09-07 08:55:35,864 [a9310303-e7f9-4a41-8a27-a7a2ce3a6d76@group-778471A2FC67-FollowerState] INFO  server.RaftServerConfigKeys (ConfUtils.java:logFallback(53)) - raft.server.rpc.first-election.timeout.min = 5s (fallback to raft.server.rpc.timeout.min)
2023-09-07 08:55:35,864 [a9310303-e7f9-4a41-8a27-a7a2ce3a6d76@group-778471A2FC67-FollowerState] INFO  server.RaftServerConfigKeys (ConfUtils.java:logFallback(53)) - raft.server.rpc.first-election.timeout.max = 5200ms (fallback to raft.server.rpc.timeout.max)
2023-09-07 08:55:35,867 [grpc-default-executor-3] INFO  server.RaftServer$Division (RaftServerImpl.java:requestVote(1302)) - a9310303-e7f9-4a41-8a27-a7a2ce3a6d76@group-778471A2FC67: receive requestVote(PRE_VOTE, 5b4afb20-df00-40b2-9151-744536d77108, group-778471A2FC67, 0, (t:0, i:0))
2023-09-07 08:55:35,868 [grpc-default-executor-3] INFO  impl.VoteContext (VoteContext.java:log(49)) - a9310303-e7f9-4a41-8a27-a7a2ce3a6d76@group-778471A2FC67-FOLLOWER: accept PRE_VOTE from 5b4afb20-df00-40b2-9151-744536d77108: our priority 0 <= candidate's priority 1
2023-09-07 08:55:35,868 [grpc-default-executor-3] INFO  server.RaftServer$Division (RaftServerImpl.java:requestVote(1335)) - a9310303-e7f9-4a41-8a27-a7a2ce3a6d76@group-778471A2FC67 replies to PRE_VOTE vote request: 5b4afb20-df00-40b2-9151-744536d77108<-a9310303-e7f9-4a41-8a27-a7a2ce3a6d76#0:OK-t0. Peer's state: a9310303-e7f9-4a41-8a27-a7a2ce3a6d76@group-778471A2FC67:t0, leader=null, voted=, raftlog=Memoized:a9310303-e7f9-4a41-8a27-a7a2ce3a6d76@group-778471A2FC67-SegmentedRaftLog:OPENED:c-1, conf=-1: peers:[5b4afb20-df00-40b2-9151-744536d77108|rpc:10.1.0.48:15120|admin:10.1.0.48:15119|client:10.1.0.48:15118|dataStream:10.1.0.48:15121|priority:1|startupRole:FOLLOWER, a9310303-e7f9-4a41-8a27-a7a2ce3a6d76|rpc:10.1.0.48:15129|admin:10.1.0.48:15128|client:10.1.0.48:15127|dataStream:10.1.0.48:15130|priority:0|startupRole:FOLLOWER, a16823de-594d-4810-9c20-2473ba2acfd2|rpc:10.1.0.48:15138|admin:10.1.0.48:15137|client:10.1.0.48:15136|dataStream:10.1.0.48:15139|priority:0|startupRole:FOLLOWER]|listeners:[], old=null
2023-09-07 08:55:35,869 [5b4afb20-df00-40b2-9151-744536d77108@group-778471A2FC67-LeaderElection23] INFO  impl.LeaderElection (LeaderElection.java:logAndReturn(90)) - 5b4afb20-df00-40b2-9151-744536d77108@group-778471A2FC67-LeaderElection23: PRE_VOTE PASSED received 1 response(s) and 0 exception(s):
2023-09-07 08:55:35,869 [5b4afb20-df00-40b2-9151-744536d77108@group-778471A2FC67-LeaderElection23] INFO  impl.LeaderElection (LeaderElection.java:logAndReturn(94)) -   Response 0: 5b4afb20-df00-40b2-9151-744536d77108<-a9310303-e7f9-4a41-8a27-a7a2ce3a6d76#0:OK-t0
2023-09-07 08:55:35,869 [5b4afb20-df00-40b2-9151-744536d77108@group-778471A2FC67-LeaderElection23] INFO  impl.LeaderElection (LeaderElection.java:askForVotes(323)) - 5b4afb20-df00-40b2-9151-744536d77108@group-778471A2FC67-LeaderElection23 PRE_VOTE round 0: result PASSED
2023-09-07 08:55:35,870 [5b4afb20-df00-40b2-9151-744536d77108@group-778471A2FC67-LeaderElection23] INFO  impl.LeaderElection (LeaderElection.java:askForVotes(321)) - 5b4afb20-df00-40b2-9151-744536d77108@group-778471A2FC67-LeaderElection23 ELECTION round 0: submit vote requests at term 1 for -1: peers:[5b4afb20-df00-40b2-9151-744536d77108|rpc:10.1.0.48:15120|admin:10.1.0.48:15119|client:10.1.0.48:15118|dataStream:10.1.0.48:15121|priority:1|startupRole:FOLLOWER, a9310303-e7f9-4a41-8a27-a7a2ce3a6d76|rpc:10.1.0.48:15129|admin:10.1.0.48:15128|client:10.1.0.48:15127|dataStream:10.1.0.48:15130|priority:0|startupRole:FOLLOWER, a16823de-594d-4810-9c20-2473ba2acfd2|rpc:10.1.0.48:15138|admin:10.1.0.48:15137|client:10.1.0.48:15136|dataStream:10.1.0.48:15139|priority:0|startupRole:FOLLOWER]|listeners:[], old=null
2023-09-07 08:55:35,872 [5b4afb20-df00-40b2-9151-744536d77108@group-778471A2FC67-LeaderElection23] INFO  server.RaftServerConfigKeys (ConfUtils.java:logFallback(53)) - raft.server.rpc.first-election.timeout.min = 5s (fallback to raft.server.rpc.timeout.min)
2023-09-07 08:55:35,872 [5b4afb20-df00-40b2-9151-744536d77108@group-778471A2FC67-LeaderElection23] INFO  server.RaftServerConfigKeys (ConfUtils.java:logFallback(53)) - raft.server.rpc.first-election.timeout.max = 5200ms (fallback to raft.server.rpc.timeout.max)
2023-09-07 08:55:35,873 [grpc-default-executor-4] INFO  server.RaftServer$Division (RaftServerImpl.java:requestVote(1302)) - a16823de-594d-4810-9c20-2473ba2acfd2@group-778471A2FC67: receive requestVote(PRE_VOTE, 5b4afb20-df00-40b2-9151-744536d77108, group-778471A2FC67, 0, (t:0, i:0))
2023-09-07 08:55:35,873 [grpc-default-executor-4] INFO  impl.VoteContext (VoteContext.java:log(49)) - a16823de-594d-4810-9c20-2473ba2acfd2@group-778471A2FC67-FOLLOWER: accept PRE_VOTE from 5b4afb20-df00-40b2-9151-744536d77108: our priority 0 <= candidate's priority 1
2023-09-07 08:55:35,874 [grpc-default-executor-4] INFO  server.RaftServer$Division (RaftServerImpl.java:requestVote(1335)) - a16823de-594d-4810-9c20-2473ba2acfd2@group-778471A2FC67 replies to PRE_VOTE vote request: 5b4afb20-df00-40b2-9151-744536d77108<-a16823de-594d-4810-9c20-2473ba2acfd2#0:OK-t0. Peer's state: a16823de-594d-4810-9c20-2473ba2acfd2@group-778471A2FC67:t0, leader=null, voted=, raftlog=Memoized:a16823de-594d-4810-9c20-2473ba2acfd2@group-778471A2FC67-SegmentedRaftLog:OPENED:c-1, conf=-1: peers:[5b4afb20-df00-40b2-9151-744536d77108|rpc:10.1.0.48:15120|admin:10.1.0.48:15119|client:10.1.0.48:15118|dataStream:10.1.0.48:15121|priority:1|startupRole:FOLLOWER, a9310303-e7f9-4a41-8a27-a7a2ce3a6d76|rpc:10.1.0.48:15129|admin:10.1.0.48:15128|client:10.1.0.48:15127|dataStream:10.1.0.48:15130|priority:0|startupRole:FOLLOWER, a16823de-594d-4810-9c20-2473ba2acfd2|rpc:10.1.0.48:15138|admin:10.1.0.48:15137|client:10.1.0.48:15136|dataStream:10.1.0.48:15139|priority:0|startupRole:FOLLOWER]|listeners:[], old=null
2023-09-07 08:55:35,873 [grpc-default-executor-3] INFO  server.RaftServer$Division (RaftServerImpl.java:requestVote(1302)) - a9310303-e7f9-4a41-8a27-a7a2ce3a6d76@group-778471A2FC67: receive requestVote(ELECTION, 5b4afb20-df00-40b2-9151-744536d77108, group-778471A2FC67, 1, (t:0, i:0))
2023-09-07 08:55:35,874 [grpc-default-executor-3] INFO  impl.VoteContext (VoteContext.java:log(49)) - a9310303-e7f9-4a41-8a27-a7a2ce3a6d76@group-778471A2FC67-FOLLOWER: accept ELECTION from 5b4afb20-df00-40b2-9151-744536d77108: our priority 0 <= candidate's priority 1
2023-09-07 08:55:35,874 [grpc-default-executor-3] INFO  server.RaftServer$Division (RaftServerImpl.java:setRole(329)) - a9310303-e7f9-4a41-8a27-a7a2ce3a6d76@group-778471A2FC67: changes role from  FOLLOWER to FOLLOWER at term 1 for candidate:5b4afb20-df00-40b2-9151-744536d77108
2023-09-07 08:55:35,874 [grpc-default-executor-3] INFO  impl.RoleInfo (RoleInfo.java:shutdownFollowerState(110)) - a9310303-e7f9-4a41-8a27-a7a2ce3a6d76: shutdown a9310303-e7f9-4a41-8a27-a7a2ce3a6d76@group-778471A2FC67-FollowerState
2023-09-07 08:55:35,874 [grpc-default-executor-3] INFO  impl.RoleInfo (RoleInfo.java:updateAndGet(139)) - a9310303-e7f9-4a41-8a27-a7a2ce3a6d76: start a9310303-e7f9-4a41-8a27-a7a2ce3a6d76@group-778471A2FC67-FollowerState
2023-09-07 08:55:35,874 [a9310303-e7f9-4a41-8a27-a7a2ce3a6d76@group-778471A2FC67-FollowerState] INFO  impl.FollowerState (FollowerState.java:run(152)) - a9310303-e7f9-4a41-8a27-a7a2ce3a6d76@group-778471A2FC67-FollowerState was interrupted
2023-09-07 08:55:35,899 [grpc-default-executor-3] INFO  server.RaftServer$Division (RaftServerImpl.java:requestVote(1335)) - a9310303-e7f9-4a41-8a27-a7a2ce3a6d76@group-778471A2FC67 replies to ELECTION vote request: 5b4afb20-df00-40b2-9151-744536d77108<-a9310303-e7f9-4a41-8a27-a7a2ce3a6d76#0:OK-t1. Peer's state: a9310303-e7f9-4a41-8a27-a7a2ce3a6d76@group-778471A2FC67:t1, leader=null, voted=5b4afb20-df00-40b2-9151-744536d77108, raftlog=Memoized:a9310303-e7f9-4a41-8a27-a7a2ce3a6d76@group-778471A2FC67-SegmentedRaftLog:OPENED:c-1, conf=-1: peers:[5b4afb20-df00-40b2-9151-744536d77108|rpc:10.1.0.48:15120|admin:10.1.0.48:15119|client:10.1.0.48:15118|dataStream:10.1.0.48:15121|priority:1|startupRole:FOLLOWER, a9310303-e7f9-4a41-8a27-a7a2ce3a6d76|rpc:10.1.0.48:15129|admin:10.1.0.48:15128|client:10.1.0.48:15127|dataStream:10.1.0.48:15130|priority:0|startupRole:FOLLOWER, a16823de-594d-4810-9c20-2473ba2acfd2|rpc:10.1.0.48:15138|admin:10.1.0.48:15137|client:10.1.0.48:15136|dataStream:10.1.0.48:15139|priority:0|startupRole:FOLLOWER]|listeners:[], old=null
2023-09-07 08:55:35,901 [5b4afb20-df00-40b2-9151-744536d77108@group-778471A2FC67-LeaderElection23] INFO  impl.LeaderElection (LeaderElection.java:logAndReturn(90)) - 5b4afb20-df00-40b2-9151-744536d77108@group-778471A2FC67-LeaderElection23: ELECTION PASSED received 1 response(s) and 0 exception(s):
2023-09-07 08:55:35,901 [5b4afb20-df00-40b2-9151-744536d77108@group-778471A2FC67-LeaderElection23] INFO  impl.LeaderElection (LeaderElection.java:logAndReturn(94)) -   Response 0: 5b4afb20-df00-40b2-9151-744536d77108<-a9310303-e7f9-4a41-8a27-a7a2ce3a6d76#0:OK-t1
2023-09-07 08:55:35,901 [5b4afb20-df00-40b2-9151-744536d77108@group-778471A2FC67-LeaderElection23] INFO  impl.LeaderElection (LeaderElection.java:askForVotes(323)) - 5b4afb20-df00-40b2-9151-744536d77108@group-778471A2FC67-LeaderElection23 ELECTION round 0: result PASSED
2023-09-07 08:55:35,901 [5b4afb20-df00-40b2-9151-744536d77108@group-778471A2FC67-LeaderElection23] INFO  impl.RoleInfo (RoleInfo.java:shutdownLeaderElection(130)) - 5b4afb20-df00-40b2-9151-744536d77108: shutdown 5b4afb20-df00-40b2-9151-744536d77108@group-778471A2FC67-LeaderElection23
2023-09-07 08:55:35,901 [5b4afb20-df00-40b2-9151-744536d77108@group-778471A2FC67-LeaderElection23] INFO  server.RaftServer$Division (RaftServerImpl.java:setRole(329)) - 5b4afb20-df00-40b2-9151-744536d77108@group-778471A2FC67: changes role from CANDIDATE to LEADER at term 1 for changeToLeader
2023-09-07 08:55:35,901 [5b4afb20-df00-40b2-9151-744536d77108@group-778471A2FC67-LeaderElection23] INFO  ratis.XceiverServerRatis (XceiverServerRatis.java:handleLeaderChangedNotification(902)) - Leader change notification received for group: group-778471A2FC67 with new leaderId: 5b4afb20-df00-40b2-9151-744536d77108
2023-09-07 08:55:35,902 [5b4afb20-df00-40b2-9151-744536d77108@group-778471A2FC67-LeaderElection23] INFO  server.RaftServer$Division (ServerState.java:setLeader(317)) - 5b4afb20-df00-40b2-9151-744536d77108@group-778471A2FC67: change Leader from null to 5b4afb20-df00-40b2-9151-744536d77108 at term 1 for becomeLeader, leader elected after 5267ms
2023-09-07 08:55:35,902 [5b4afb20-df00-40b2-9151-744536d77108@group-778471A2FC67-LeaderElection23] INFO  server.RaftServerConfigKeys (ConfUtils.java:logGet(46)) - raft.server.staging.catchup.gap = 1000 (default)
2023-09-07 08:55:35,902 [5b4afb20-df00-40b2-9151-744536d77108@group-778471A2FC67-LeaderElection23] INFO  server.RaftServerConfigKeys (ConfUtils.java:logGet(46)) - raft.server.write.element-limit = 1024 (custom)
2023-09-07 08:55:35,902 [5b4afb20-df00-40b2-9151-744536d77108@group-778471A2FC67-LeaderElection23] INFO  server.RaftServerConfigKeys (ConfUtils.java:logGet(46)) - raft.server.write.byte-limit = 1024 M (=1073741824) (custom)
2023-09-07 08:55:35,902 [5b4afb20-df00-40b2-9151-744536d77108@group-778471A2FC67-LeaderElection23] INFO  server.RaftServerConfigKeys (ConfUtils.java:logGet(46)) - raft.server.watch.timeout = 180s (custom)
2023-09-07 08:55:35,902 [5b4afb20-df00-40b2-9151-744536d77108@group-778471A2FC67-LeaderElection23] INFO  server.RaftServerConfigKeys (ConfUtils.java:logGet(46)) - raft.server.watch.timeout.denomination = 1s (default)
2023-09-07 08:55:35,902 [5b4afb20-df00-40b2-9151-744536d77108@group-778471A2FC67-LeaderElection23] INFO  server.RaftServerConfigKeys (ConfUtils.java:logGet(46)) - raft.server.watch.element-limit = 65536 (default)
2023-09-07 08:55:35,903 [5b4afb20-df00-40b2-9151-744536d77108@group-778471A2FC67-LeaderElection23] INFO  server.RaftServerConfigKeys (ConfUtils.java:logGet(46)) - raft.server.write.element-limit = 1024 (custom)
2023-09-07 08:55:35,903 [5b4afb20-df00-40b2-9151-744536d77108@group-778471A2FC67-LeaderElection23] INFO  server.RaftServerConfigKeys (ConfUtils.java:logGet(46)) - raft.server.write.follower.gap.ratio.max = -1.0 (default)
2023-09-07 08:55:35,903 [5b4afb20-df00-40b2-9151-744536d77108@group-778471A2FC67-LeaderElection23] INFO  server.RaftServerConfigKeys (ConfUtils.java:logGet(46)) - raft.server.log.appender.snapshot.chunk.size.max = 16MB (=16777216) (default)
2023-09-07 08:55:35,903 [5b4afb20-df00-40b2-9151-744536d77108@group-778471A2FC67-LeaderElection23] INFO  server.RaftServerConfigKeys (ConfUtils.java:logGet(46)) - raft.server.log.appender.buffer.byte-limit = 33554432 (custom)
2023-09-07 08:55:35,903 [5b4afb20-df00-40b2-9151-744536d77108@group-778471A2FC67-LeaderElection23] INFO  server.RaftServerConfigKeys (ConfUtils.java:logGet(46)) - raft.server.log.appender.buffer.element-limit = 1 (custom)
2023-09-07 08:55:35,903 [5b4afb20-df00-40b2-9151-744536d77108@group-778471A2FC67-LeaderElection23] INFO  server.RaftServerConfigKeys (ConfUtils.java:logGet(46)) - raft.server.log.appender.wait-time.min = 10ms (default)
2023-09-07 08:55:35,903 [5b4afb20-df00-40b2-9151-744536d77108@group-778471A2FC67-LeaderElection23] INFO  grpc.GrpcConfigKeys (ConfUtils.java:logGet(46)) - raft.grpc.server.leader.outstanding.appends.max = 128 (default)
2023-09-07 08:55:35,903 [5b4afb20-df00-40b2-9151-744536d77108@group-778471A2FC67-LeaderElection23] INFO  server.RaftServerConfigKeys (ConfUtils.java:logGet(46)) - raft.server.rpc.request.timeout = 60s (custom)
2023-09-07 08:55:35,903 [5b4afb20-df00-40b2-9151-744536d77108@group-778471A2FC67-LeaderElection23] INFO  grpc.GrpcConfigKeys (ConfUtils.java:logGet(46)) - raft.grpc.server.install_snapshot.request.element-limit = 8 (default)
2023-09-07 08:55:35,903 [5b4afb20-df00-40b2-9151-744536d77108@group-778471A2FC67-LeaderElection23] INFO  grpc.GrpcConfigKeys (ConfUtils.java:logGet(46)) - raft.grpc.server.install_snapshot.request.timeout = 3000ms (default)
2023-09-07 08:55:35,904 [5b4afb20-df00-40b2-9151-744536d77108@group-778471A2FC67-LeaderElection23] INFO  server.RaftServerConfigKeys (ConfUtils.java:logGet(46)) - raft.server.log.appender.install.snapshot.enabled = false (custom)
2023-09-07 08:55:35,904 [5b4afb20-df00-40b2-9151-744536d77108@group-778471A2FC67-LeaderElection23] INFO  grpc.GrpcConfigKeys (ConfUtils.java:logGet(46)) - raft.grpc.server.heartbeat.channel = true (default)
2023-09-07 08:55:35,904 [5b4afb20-df00-40b2-9151-744536d77108@group-778471A2FC67-LeaderElection23] INFO  server.RaftServerConfigKeys (ConfUtils.java:logGet(46)) - raft.server.log.appender.snapshot.chunk.size.max = 16MB (=16777216) (default)
2023-09-07 08:55:35,904 [5b4afb20-df00-40b2-9151-744536d77108@group-778471A2FC67-LeaderElection23] INFO  server.RaftServerConfigKeys (ConfUtils.java:logGet(46)) - raft.server.log.appender.buffer.byte-limit = 33554432 (custom)
2023-09-07 08:55:35,904 [5b4afb20-df00-40b2-9151-744536d77108@group-778471A2FC67-LeaderElection23] INFO  server.RaftServerConfigKeys (ConfUtils.java:logGet(46)) - raft.server.log.appender.buffer.element-limit = 1 (custom)
2023-09-07 08:55:35,904 [5b4afb20-df00-40b2-9151-744536d77108@group-778471A2FC67-LeaderElection23] INFO  server.RaftServerConfigKeys (ConfUtils.java:logGet(46)) - raft.server.log.appender.wait-time.min = 10ms (default)
2023-09-07 08:55:35,904 [5b4afb20-df00-40b2-9151-744536d77108@group-778471A2FC67-LeaderElection23] INFO  grpc.GrpcConfigKeys (ConfUtils.java:logGet(46)) - raft.grpc.server.leader.outstanding.appends.max = 128 (default)
2023-09-07 08:55:35,905 [5b4afb20-df00-40b2-9151-744536d77108@group-778471A2FC67-LeaderElection23] INFO  server.RaftServerConfigKeys (ConfUtils.java:logGet(46)) - raft.server.rpc.request.timeout = 60s (custom)
2023-09-07 08:55:35,905 [5b4afb20-df00-40b2-9151-744536d77108@group-778471A2FC67-LeaderElection23] INFO  grpc.GrpcConfigKeys (ConfUtils.java:logGet(46)) - raft.grpc.server.install_snapshot.request.element-limit = 8 (default)
2023-09-07 08:55:35,905 [5b4afb20-df00-40b2-9151-744536d77108@group-778471A2FC67-LeaderElection23] INFO  grpc.GrpcConfigKeys (ConfUtils.java:logGet(46)) - raft.grpc.server.install_snapshot.request.timeout = 3000ms (default)
2023-09-07 08:55:35,905 [5b4afb20-df00-40b2-9151-744536d77108@group-778471A2FC67-LeaderElection23] INFO  server.RaftServerConfigKeys (ConfUtils.java:logGet(46)) - raft.server.log.appender.install.snapshot.enabled = false (custom)
2023-09-07 08:55:35,905 [5b4afb20-df00-40b2-9151-744536d77108@group-778471A2FC67-LeaderElection23] INFO  grpc.GrpcConfigKeys (ConfUtils.java:logGet(46)) - raft.grpc.server.heartbeat.channel = true (default)
2023-09-07 08:55:35,906 [EventQueue-PipelineReportForPipelineReportHandler] INFO  pipeline.PipelineReportHandler (PipelineReportHandler.java:processPipelineReport(136)) - Opened pipeline PipelineID=6d36c441-867e-42ca-89ba-778471a2fc67
2023-09-07 08:55:35,906 [5b4afb20-df00-40b2-9151-744536d77108@group-778471A2FC67-LeaderElection23] INFO  impl.RoleInfo (RoleInfo.java:updateAndGet(139)) - 5b4afb20-df00-40b2-9151-744536d77108: start 5b4afb20-df00-40b2-9151-744536d77108@group-778471A2FC67-LeaderStateImpl
2023-09-07 08:55:35,906 [5b4afb20-df00-40b2-9151-744536d77108@group-778471A2FC67-LeaderElection23] INFO  segmented.SegmentedRaftLogWorker (SegmentedRaftLogWorker.java:startLogSegment(447)) - 5b4afb20-df00-40b2-9151-744536d77108@group-778471A2FC67-SegmentedRaftLogWorker: Starting segment from index:0
2023-09-07 08:55:35,907 [5b4afb20-df00-40b2-9151-744536d77108@group-778471A2FC67-SegmentedRaftLogWorker] INFO  segmented.SegmentedRaftLogWorker (SegmentedRaftLogWorker.java:execute(651)) - 5b4afb20-df00-40b2-9151-744536d77108@group-778471A2FC67-SegmentedRaftLogWorker: created new log segment /home/runner/work/ozone/ozone/hadoop-ozone/integration-test/target/test-dir/MiniOzoneClusterImpl-06b57250-6369-4c93-9764-bbc94174df1e/datanode-0/data/ratis/6d36c441-867e-42ca-89ba-778471a2fc67/current/log_inprogress_0
2023-09-07 08:55:35,945 [grpc-default-executor-4] INFO  server.RaftServer$Division (RaftServerImpl.java:requestVote(1302)) - a16823de-594d-4810-9c20-2473ba2acfd2@group-778471A2FC67: receive requestVote(ELECTION, 5b4afb20-df00-40b2-9151-744536d77108, group-778471A2FC67, 1, (t:0, i:0))
2023-09-07 08:55:35,946 [grpc-default-executor-4] INFO  impl.VoteContext (VoteContext.java:log(49)) - a16823de-594d-4810-9c20-2473ba2acfd2@group-778471A2FC67-FOLLOWER: accept ELECTION from 5b4afb20-df00-40b2-9151-744536d77108: our priority 0 <= candidate's priority 1
2023-09-07 08:55:35,946 [grpc-default-executor-4] INFO  server.RaftServer$Division (RaftServerImpl.java:setRole(329)) - a16823de-594d-4810-9c20-2473ba2acfd2@group-778471A2FC67: changes role from  FOLLOWER to FOLLOWER at term 1 for candidate:5b4afb20-df00-40b2-9151-744536d77108
2023-09-07 08:55:35,946 [grpc-default-executor-4] INFO  impl.RoleInfo (RoleInfo.java:shutdownFollowerState(110)) - a16823de-594d-4810-9c20-2473ba2acfd2: shutdown a16823de-594d-4810-9c20-2473ba2acfd2@group-778471A2FC67-FollowerState
2023-09-07 08:55:35,946 [5b4afb20-df00-40b2-9151-744536d77108@group-778471A2FC67-LeaderElection23] INFO  server.RaftServer$Division (ServerState.java:setRaftConf(434)) - 5b4afb20-df00-40b2-9151-744536d77108@group-778471A2FC67: set configuration 0: peers:[5b4afb20-df00-40b2-9151-744536d77108|rpc:10.1.0.48:15120|admin:10.1.0.48:15119|client:10.1.0.48:15118|dataStream:10.1.0.48:15121|priority:1|startupRole:FOLLOWER, a9310303-e7f9-4a41-8a27-a7a2ce3a6d76|rpc:10.1.0.48:15129|admin:10.1.0.48:15128|client:10.1.0.48:15127|dataStream:10.1.0.48:15130|priority:0|startupRole:FOLLOWER, a16823de-594d-4810-9c20-2473ba2acfd2|rpc:10.1.0.48:15138|admin:10.1.0.48:15137|client:10.1.0.48:15136|dataStream:10.1.0.48:15139|priority:0|startupRole:FOLLOWER]|listeners:[], old=null
2023-09-07 08:55:35,952 [grpc-default-executor-4] INFO  impl.RoleInfo (RoleInfo.java:updateAndGet(139)) - a16823de-594d-4810-9c20-2473ba2acfd2: start a16823de-594d-4810-9c20-2473ba2acfd2@group-778471A2FC67-FollowerState
2023-09-07 08:55:35,952 [a16823de-594d-4810-9c20-2473ba2acfd2@group-778471A2FC67-FollowerState] INFO  impl.FollowerState (FollowerState.java:run(152)) - a16823de-594d-4810-9c20-2473ba2acfd2@group-778471A2FC67-FollowerState was interrupted
2023-09-07 08:55:35,965 [a9310303-e7f9-4a41-8a27-a7a2ce3a6d76-server-thread1] INFO  ratis.XceiverServerRatis (XceiverServerRatis.java:handleLeaderChangedNotification(902)) - Leader change notification received for group: group-778471A2FC67 with new leaderId: 5b4afb20-df00-40b2-9151-744536d77108
2023-09-07 08:55:35,965 [a9310303-e7f9-4a41-8a27-a7a2ce3a6d76-server-thread1] INFO  server.RaftServer$Division (ServerState.java:setLeader(317)) - a9310303-e7f9-4a41-8a27-a7a2ce3a6d76@group-778471A2FC67: change Leader from null to 5b4afb20-df00-40b2-9151-744536d77108 at term 1 for appendEntries, leader elected after 5245ms
2023-09-07 08:55:35,965 [main] INFO  ozone.MiniOzoneClusterImpl (MiniOzoneClusterImpl.java:lambda$waitForClusterToBeReady$0(224)) - Nodes are ready. Got 5 of 5 DN Heartbeats.
2023-09-07 08:55:35,965 [main] INFO  ozone.MiniOzoneClusterImpl (MiniOzoneClusterImpl.java:lambda$waitForClusterToBeReady$0(227)) - Cluster exits safe mode
2023-09-07 08:55:35,965 [main] INFO  ozone.MiniOzoneClusterImpl (MiniOzoneClusterImpl.java:lambda$waitForClusterToBeReady$0(229)) - SCM became leader
2023-09-07 08:55:35,965 [grpc-default-executor-4] INFO  server.RaftServer$Division (RaftServerImpl.java:requestVote(1335)) - a16823de-594d-4810-9c20-2473ba2acfd2@group-778471A2FC67 replies to ELECTION vote request: 5b4afb20-df00-40b2-9151-744536d77108<-a16823de-594d-4810-9c20-2473ba2acfd2#0:OK-t1. Peer's state: a16823de-594d-4810-9c20-2473ba2acfd2@group-778471A2FC67:t1, leader=null, voted=5b4afb20-df00-40b2-9151-744536d77108, raftlog=Memoized:a16823de-594d-4810-9c20-2473ba2acfd2@group-778471A2FC67-SegmentedRaftLog:OPENED:c-1, conf=-1: peers:[5b4afb20-df00-40b2-9151-744536d77108|rpc:10.1.0.48:15120|admin:10.1.0.48:15119|client:10.1.0.48:15118|dataStream:10.1.0.48:15121|priority:1|startupRole:FOLLOWER, a9310303-e7f9-4a41-8a27-a7a2ce3a6d76|rpc:10.1.0.48:15129|admin:10.1.0.48:15128|client:10.1.0.48:15127|dataStream:10.1.0.48:15130|priority:0|startupRole:FOLLOWER, a16823de-594d-4810-9c20-2473ba2acfd2|rpc:10.1.0.48:15138|admin:10.1.0.48:15137|client:10.1.0.48:15136|dataStream:10.1.0.48:15139|priority:0|startupRole:FOLLOWER]|listeners:[], old=null
2023-09-07 08:55:35,966 [a16823de-594d-4810-9c20-2473ba2acfd2-server-thread2] INFO  ratis.XceiverServerRatis (XceiverServerRatis.java:handleLeaderChangedNotification(902)) - Leader change notification received for group: group-778471A2FC67 with new leaderId: 5b4afb20-df00-40b2-9151-744536d77108
2023-09-07 08:55:35,966 [a16823de-594d-4810-9c20-2473ba2acfd2-server-thread2] INFO  server.RaftServer$Division (ServerState.java:setLeader(317)) - a16823de-594d-4810-9c20-2473ba2acfd2@group-778471A2FC67: change Leader from null to 5b4afb20-df00-40b2-9151-744536d77108 at term 1 for appendEntries, leader elected after 5295ms
2023-09-07 08:55:35,983 [a9310303-e7f9-4a41-8a27-a7a2ce3a6d76-server-thread1] INFO  server.RaftServer$Division (ServerState.java:setRaftConf(434)) - a9310303-e7f9-4a41-8a27-a7a2ce3a6d76@group-778471A2FC67: set configuration 0: peers:[5b4afb20-df00-40b2-9151-744536d77108|rpc:10.1.0.48:15120|admin:10.1.0.48:15119|client:10.1.0.48:15118|dataStream:10.1.0.48:15121|priority:1|startupRole:FOLLOWER, a9310303-e7f9-4a41-8a27-a7a2ce3a6d76|rpc:10.1.0.48:15129|admin:10.1.0.48:15128|client:10.1.0.48:15127|dataStream:10.1.0.48:15130|priority:0|startupRole:FOLLOWER, a16823de-594d-4810-9c20-2473ba2acfd2|rpc:10.1.0.48:15138|admin:10.1.0.48:15137|client:10.1.0.48:15136|dataStream:10.1.0.48:15139|priority:0|startupRole:FOLLOWER]|listeners:[], old=null
2023-09-07 08:55:35,983 [a9310303-e7f9-4a41-8a27-a7a2ce3a6d76-server-thread1] INFO  segmented.SegmentedRaftLogWorker (SegmentedRaftLogWorker.java:startLogSegment(447)) - a9310303-e7f9-4a41-8a27-a7a2ce3a6d76@group-778471A2FC67-SegmentedRaftLogWorker: Starting segment from index:0
2023-09-07 08:55:35,983 [a16823de-594d-4810-9c20-2473ba2acfd2-server-thread1] INFO  server.RaftServer$Division (ServerState.java:setRaftConf(434)) - a16823de-594d-4810-9c20-2473ba2acfd2@group-778471A2FC67: set configuration 0: peers:[5b4afb20-df00-40b2-9151-744536d77108|rpc:10.1.0.48:15120|admin:10.1.0.48:15119|client:10.1.0.48:15118|dataStream:10.1.0.48:15121|priority:1|startupRole:FOLLOWER, a9310303-e7f9-4a41-8a27-a7a2ce3a6d76|rpc:10.1.0.48:15129|admin:10.1.0.48:15128|client:10.1.0.48:15127|dataStream:10.1.0.48:15130|priority:0|startupRole:FOLLOWER, a16823de-594d-4810-9c20-2473ba2acfd2|rpc:10.1.0.48:15138|admin:10.1.0.48:15137|client:10.1.0.48:15136|dataStream:10.1.0.48:15139|priority:0|startupRole:FOLLOWER]|listeners:[], old=null
2023-09-07 08:55:35,984 [a16823de-594d-4810-9c20-2473ba2acfd2-server-thread1] INFO  segmented.SegmentedRaftLogWorker (SegmentedRaftLogWorker.java:startLogSegment(447)) - a16823de-594d-4810-9c20-2473ba2acfd2@group-778471A2FC67-SegmentedRaftLogWorker: Starting segment from index:0
2023-09-07 08:55:35,992 [a16823de-594d-4810-9c20-2473ba2acfd2@group-778471A2FC67-SegmentedRaftLogWorker] INFO  segmented.SegmentedRaftLogWorker (SegmentedRaftLogWorker.java:execute(651)) - a16823de-594d-4810-9c20-2473ba2acfd2@group-778471A2FC67-SegmentedRaftLogWorker: created new log segment /home/runner/work/ozone/ozone/hadoop-ozone/integration-test/target/test-dir/MiniOzoneClusterImpl-06b57250-6369-4c93-9764-bbc94174df1e/datanode-2/data/ratis/6d36c441-867e-42ca-89ba-778471a2fc67/current/log_inprogress_0
2023-09-07 08:55:35,992 [a9310303-e7f9-4a41-8a27-a7a2ce3a6d76@group-778471A2FC67-SegmentedRaftLogWorker] INFO  segmented.SegmentedRaftLogWorker (SegmentedRaftLogWorker.java:execute(651)) - a9310303-e7f9-4a41-8a27-a7a2ce3a6d76@group-778471A2FC67-SegmentedRaftLogWorker: created new log segment /home/runner/work/ozone/ozone/hadoop-ozone/integration-test/target/test-dir/MiniOzoneClusterImpl-06b57250-6369-4c93-9764-bbc94174df1e/datanode-1/data/ratis/6d36c441-867e-42ca-89ba-778471a2fc67/current/log_inprogress_0
2023-09-07 08:55:36,009 [a9310303-e7f9-4a41-8a27-a7a2ce3a6d76@group-896D5AA9B730-FollowerState] INFO  impl.FollowerState (FollowerState.java:run(143)) - a9310303-e7f9-4a41-8a27-a7a2ce3a6d76@group-896D5AA9B730-FollowerState: change to CANDIDATE, lastRpcElapsedTime:5053914418ns, electionTimeout:5053ms
2023-09-07 08:55:36,009 [a9310303-e7f9-4a41-8a27-a7a2ce3a6d76@group-896D5AA9B730-FollowerState] INFO  impl.RoleInfo (RoleInfo.java:shutdownFollowerState(110)) - a9310303-e7f9-4a41-8a27-a7a2ce3a6d76: shutdown a9310303-e7f9-4a41-8a27-a7a2ce3a6d76@group-896D5AA9B730-FollowerState
2023-09-07 08:55:36,009 [a9310303-e7f9-4a41-8a27-a7a2ce3a6d76@group-896D5AA9B730-FollowerState] INFO  server.RaftServer$Division (RaftServerImpl.java:setRole(329)) - a9310303-e7f9-4a41-8a27-a7a2ce3a6d76@group-896D5AA9B730: changes role from  FOLLOWER to CANDIDATE at term 0 for changeToCandidate
2023-09-07 08:55:36,012 [a9310303-e7f9-4a41-8a27-a7a2ce3a6d76@group-896D5AA9B730-FollowerState] INFO  server.RaftServerConfigKeys (ConfUtils.java:logGet(46)) - raft.server.leaderelection.pre-vote = true (default)
2023-09-07 08:55:36,013 [a9310303-e7f9-4a41-8a27-a7a2ce3a6d76@group-896D5AA9B730-FollowerState] INFO  impl.RoleInfo (RoleInfo.java:updateAndGet(139)) - a9310303-e7f9-4a41-8a27-a7a2ce3a6d76: start a9310303-e7f9-4a41-8a27-a7a2ce3a6d76@group-896D5AA9B730-LeaderElection25
2023-09-07 08:55:36,015 [a9310303-e7f9-4a41-8a27-a7a2ce3a6d76@group-896D5AA9B730-LeaderElection25] INFO  impl.LeaderElection (LeaderElection.java:askForVotes(321)) - a9310303-e7f9-4a41-8a27-a7a2ce3a6d76@group-896D5AA9B730-LeaderElection25 PRE_VOTE round 0: submit vote requests at term 0 for -1: peers:[a9310303-e7f9-4a41-8a27-a7a2ce3a6d76|rpc:10.1.0.48:15129|admin:10.1.0.48:15128|client:10.1.0.48:15127|dataStream:10.1.0.48:15130|priority:1|startupRole:FOLLOWER]|listeners:[], old=null
2023-09-07 08:55:36,015 [a9310303-e7f9-4a41-8a27-a7a2ce3a6d76@group-896D5AA9B730-LeaderElection25] INFO  impl.LeaderElection (LeaderElection.java:askForVotes(323)) - a9310303-e7f9-4a41-8a27-a7a2ce3a6d76@group-896D5AA9B730-LeaderElection25 PRE_VOTE round 0: result PASSED (term=0)
2023-09-07 08:55:36,017 [a9310303-e7f9-4a41-8a27-a7a2ce3a6d76@group-896D5AA9B730-LeaderElection25] INFO  impl.LeaderElection (LeaderElection.java:askForVotes(321)) - a9310303-e7f9-4a41-8a27-a7a2ce3a6d76@group-896D5AA9B730-LeaderElection25 ELECTION round 0: submit vote requests at term 1 for -1: peers:[a9310303-e7f9-4a41-8a27-a7a2ce3a6d76|rpc:10.1.0.48:15129|admin:10.1.0.48:15128|client:10.1.0.48:15127|dataStream:10.1.0.48:15130|priority:1|startupRole:FOLLOWER]|listeners:[], old=null
2023-09-07 08:55:36,017 [a9310303-e7f9-4a41-8a27-a7a2ce3a6d76@group-896D5AA9B730-LeaderElection25] INFO  impl.LeaderElection (LeaderElection.java:askForVotes(323)) - a9310303-e7f9-4a41-8a27-a7a2ce3a6d76@group-896D5AA9B730-LeaderElection25 ELECTION round 0: result PASSED (term=1)
2023-09-07 08:55:36,017 [a9310303-e7f9-4a41-8a27-a7a2ce3a6d76@group-896D5AA9B730-LeaderElection25] INFO  impl.RoleInfo (RoleInfo.java:shutdownLeaderElection(130)) - a9310303-e7f9-4a41-8a27-a7a2ce3a6d76: shutdown a9310303-e7f9-4a41-8a27-a7a2ce3a6d76@group-896D5AA9B730-LeaderElection25
2023-09-07 08:55:36,017 [a9310303-e7f9-4a41-8a27-a7a2ce3a6d76@group-896D5AA9B730-LeaderElection25] INFO  server.RaftServer$Division (RaftServerImpl.java:setRole(329)) - a9310303-e7f9-4a41-8a27-a7a2ce3a6d76@group-896D5AA9B730: changes role from CANDIDATE to LEADER at term 1 for changeToLeader
2023-09-07 08:55:36,017 [a9310303-e7f9-4a41-8a27-a7a2ce3a6d76@group-896D5AA9B730-LeaderElection25] INFO  ratis.XceiverServerRatis (XceiverServerRatis.java:handleLeaderChangedNotification(902)) - Leader change notification received for group: group-896D5AA9B730 with new leaderId: a9310303-e7f9-4a41-8a27-a7a2ce3a6d76
2023-09-07 08:55:36,017 [a9310303-e7f9-4a41-8a27-a7a2ce3a6d76@group-896D5AA9B730-LeaderElection25] INFO  server.RaftServer$Division (ServerState.java:setLeader(317)) - a9310303-e7f9-4a41-8a27-a7a2ce3a6d76@group-896D5AA9B730: change Leader from null to a9310303-e7f9-4a41-8a27-a7a2ce3a6d76 at term 1 for becomeLeader, leader elected after 5172ms
2023-09-07 08:55:36,018 [a9310303-e7f9-4a41-8a27-a7a2ce3a6d76@group-896D5AA9B730-LeaderElection25] INFO  server.RaftServerConfigKeys (ConfUtils.java:logGet(46)) - raft.server.staging.catchup.gap = 1000 (default)
2023-09-07 08:55:36,018 [a9310303-e7f9-4a41-8a27-a7a2ce3a6d76@group-896D5AA9B730-LeaderElection25] INFO  server.RaftServerConfigKeys (ConfUtils.java:logGet(46)) - raft.server.write.element-limit = 1024 (custom)
2023-09-07 08:55:36,018 [a9310303-e7f9-4a41-8a27-a7a2ce3a6d76@group-896D5AA9B730-LeaderElection25] INFO  server.RaftServerConfigKeys (ConfUtils.java:logGet(46)) - raft.server.write.byte-limit = 1024 M (=1073741824) (custom)
2023-09-07 08:55:36,018 [a9310303-e7f9-4a41-8a27-a7a2ce3a6d76@group-896D5AA9B730-LeaderElection25] INFO  server.RaftServerConfigKeys (ConfUtils.java:logGet(46)) - raft.server.watch.timeout = 180s (custom)
2023-09-07 08:55:36,018 [a9310303-e7f9-4a41-8a27-a7a2ce3a6d76@group-896D5AA9B730-LeaderElection25] INFO  server.RaftServerConfigKeys (ConfUtils.java:logGet(46)) - raft.server.watch.timeout.denomination = 1s (default)
2023-09-07 08:55:36,018 [a9310303-e7f9-4a41-8a27-a7a2ce3a6d76@group-896D5AA9B730-LeaderElection25] INFO  server.RaftServerConfigKeys (ConfUtils.java:logGet(46)) - raft.server.watch.element-limit = 65536 (default)
2023-09-07 08:55:36,019 [a9310303-e7f9-4a41-8a27-a7a2ce3a6d76@group-896D5AA9B730-LeaderElection25] INFO  server.RaftServerConfigKeys (ConfUtils.java:logGet(46)) - raft.server.write.element-limit = 1024 (custom)
2023-09-07 08:55:36,019 [a9310303-e7f9-4a41-8a27-a7a2ce3a6d76@group-896D5AA9B730-LeaderElection25] INFO  server.RaftServerConfigKeys (ConfUtils.java:logGet(46)) - raft.server.write.follower.gap.ratio.max = -1.0 (default)
2023-09-07 08:55:36,019 [a9310303-e7f9-4a41-8a27-a7a2ce3a6d76@group-896D5AA9B730-LeaderElection25] INFO  impl.RoleInfo (RoleInfo.java:updateAndGet(139)) - a9310303-e7f9-4a41-8a27-a7a2ce3a6d76: start a9310303-e7f9-4a41-8a27-a7a2ce3a6d76@group-896D5AA9B730-LeaderStateImpl
2023-09-07 08:55:36,020 [a9310303-e7f9-4a41-8a27-a7a2ce3a6d76@group-896D5AA9B730-LeaderElection25] INFO  segmented.SegmentedRaftLogWorker (SegmentedRaftLogWorker.java:startLogSegment(447)) - a9310303-e7f9-4a41-8a27-a7a2ce3a6d76@group-896D5AA9B730-SegmentedRaftLogWorker: Starting segment from index:0
2023-09-07 08:55:36,030 [a9310303-e7f9-4a41-8a27-a7a2ce3a6d76@group-896D5AA9B730-LeaderElection25] INFO  server.RaftServer$Division (ServerState.java:setRaftConf(434)) - a9310303-e7f9-4a41-8a27-a7a2ce3a6d76@group-896D5AA9B730: set configuration 0: peers:[a9310303-e7f9-4a41-8a27-a7a2ce3a6d76|rpc:10.1.0.48:15129|admin:10.1.0.48:15128|client:10.1.0.48:15127|dataStream:10.1.0.48:15130|priority:1|startupRole:FOLLOWER]|listeners:[], old=null
2023-09-07 08:55:36,031 [a9310303-e7f9-4a41-8a27-a7a2ce3a6d76@group-896D5AA9B730-SegmentedRaftLogWorker] INFO  segmented.SegmentedRaftLogWorker (SegmentedRaftLogWorker.java:execute(651)) - a9310303-e7f9-4a41-8a27-a7a2ce3a6d76@group-896D5AA9B730-SegmentedRaftLogWorker: created new log segment /home/runner/work/ozone/ozone/hadoop-ozone/integration-test/target/test-dir/MiniOzoneClusterImpl-06b57250-6369-4c93-9764-bbc94174df1e/datanode-1/data/ratis/9e38776a-dcc6-4a52-b76f-896d5aa9b730/current/log_inprogress_0
2023-09-07 08:55:36,042 [main] INFO  rpc.RpcClient (RpcClient.java:createVolume(461)) - Creating Volume: volume76246, with user41477 as owner and space quota set to -1 bytes, counts quota set to -1
2023-09-07 08:55:36,049 [OM StateMachine ApplyTransaction Thread - 0] INFO  volume.OMVolumeCreateRequest (OMVolumeCreateRequest.java:validateAndUpdateCache(196)) - created volume:volume76246 for user:user41477
2023-09-07 08:55:36,058 [main] INFO  rpc.RpcClient (RpcClient.java:createBucket(688)) - Creating Bucket: volume76246/bucket29151, with bucket layout LEGACY, runner as owner, Versioning false, Storage Type set to DISK and Encryption set to false, Replication Type set to server-side default replication type, Namespace Quota set to -1, Space Quota set to -1 
2023-09-07 08:55:36,060 [OM StateMachine ApplyTransaction Thread - 0] INFO  bucket.OMBucketCreateRequest (OMBucketCreateRequest.java:validateAndUpdateCache(270)) - created bucket: bucket29151 of layout LEGACY in volume: volume76246
]]></system-out>
  </testcase>
  <testcase name="testGetTrashRoot" classname="TestOzoneFileSystem" time="18.985">
    <system-out><![CDATA[2023-09-07 08:56:54,378 [main] INFO  ozone.MiniOzoneClusterImpl (MiniOzoneClusterImpl.java:shutdown(443)) - Shutting down the Mini Ozone Cluster
2023-09-07 08:56:54,378 [main] INFO  ozone.MiniOzoneClusterImpl (MiniOzoneClusterImpl.java:stop(460)) - Stopping the Mini Ozone Cluster
2023-09-07 08:56:54,378 [main] INFO  ozone.MiniOzoneClusterImpl (MiniOzoneClusterImpl.java:stopOM(551)) - Stopping the OzoneManager
2023-09-07 08:56:54,378 [main] INFO  om.OzoneManager (OzoneManager.java:stop(2204)) - om1[localhost:15110]: Stopping Ozone Manager
2023-09-07 08:56:54,378 [main] INFO  ipc.Server (Server.java:stop(3523)) - Stopping server on 15110
2023-09-07 08:56:54,384 [IPC Server listener on 15110] INFO  ipc.Server (Server.java:run(1434)) - Stopping IPC Server listener on 15110
2023-09-07 08:56:54,385 [IPC Server Responder] INFO  ipc.Server (Server.java:run(1567)) - Stopping IPC Server Responder
2023-09-07 08:56:54,386 [main] INFO  server.RaftServer (RaftServerProxy.java:lambda$close$6(416)) - om1: close
2023-09-07 08:56:54,386 [main] INFO  server.GrpcService (GrpcService.java:closeImpl(311)) - om1: shutdown server GrpcServerProtocolService now
2023-09-07 08:56:54,386 [om1-impl-thread2] INFO  server.RaftServer$Division (RaftServerImpl.java:lambda$close$4(466)) - om1@group-C5BA1605619E: shutdown
2023-09-07 08:56:54,386 [om1-impl-thread2] INFO  util.JmxRegister (JmxRegister.java:unregister(73)) - Successfully un-registered JMX Bean with object name Ratis:service=RaftServer,group=group-C5BA1605619E,id=om1
2023-09-07 08:56:54,387 [om1-impl-thread2] INFO  impl.RoleInfo (RoleInfo.java:shutdownLeaderState(93)) - om1: shutdown om1@group-C5BA1605619E-LeaderStateImpl
2023-09-07 08:56:54,387 [om1-impl-thread2] INFO  impl.PendingRequests (PendingRequests.java:sendNotLeaderResponses(289)) - om1@group-C5BA1605619E-PendingRequests: sendNotLeaderResponses
2023-09-07 08:56:54,391 [main] INFO  server.GrpcService (GrpcService.java:closeImpl(320)) - om1: shutdown server GrpcServerProtocolService successfully
2023-09-07 08:56:54,395 [om1-impl-thread2] INFO  impl.StateMachineUpdater (StateMachineUpdater.java:stopAndJoin(155)) - om1@group-C5BA1605619E-StateMachineUpdater: set stopIndex = 37008
2023-09-07 08:56:54,395 [om1@group-C5BA1605619E-StateMachineUpdater] INFO  ratis.OzoneManagerStateMachine (OzoneManagerStateMachine.java:takeSnapshot(480)) - Current Snapshot Index (t:1, i:37008)
2023-09-07 08:56:54,445 [om1@group-C5BA1605619E-StateMachineUpdater] INFO  impl.StateMachineUpdater (StateMachineUpdater.java:takeSnapshot(291)) - om1@group-C5BA1605619E-StateMachineUpdater: Took a snapshot at index 37008
2023-09-07 08:56:54,445 [om1@group-C5BA1605619E-StateMachineUpdater] INFO  impl.StateMachineUpdater (StateMachineUpdater.java:lambda$new$0(97)) - om1@group-C5BA1605619E-StateMachineUpdater: snapshotIndex: updateIncreasingly -1 -> 37008
2023-09-07 08:56:54,445 [om1@group-C5BA1605619E-StateMachineUpdater] INFO  ratis.OzoneManagerStateMachine (OzoneManagerStateMachine.java:close(534)) - StateMachine has shutdown. Shutdown OzoneManager if not already shutdown.
2023-09-07 08:56:54,445 [om1@group-C5BA1605619E-StateMachineUpdater] INFO  ratis.OzoneManagerDoubleBuffer (OzoneManagerDoubleBuffer.java:stopDaemon(551)) - Stopping OMDoubleBuffer flush thread
2023-09-07 08:56:54,447 [OMDoubleBufferFlushThread] INFO  ratis.OzoneManagerDoubleBuffer (OzoneManagerDoubleBuffer.java:canFlush(638)) - OMDoubleBuffer flush thread OMDoubleBufferFlushThread is interrupted and will exit.
2023-09-07 08:56:54,447 [om1-impl-thread2] INFO  server.RaftServer$Division (ServerState.java:close(472)) - om1@group-C5BA1605619E: closes. applyIndex: 37008
2023-09-07 08:56:55,374 [om1-impl-thread2] INFO  segmented.SegmentedRaftLogWorker (SegmentedRaftLogWorker.java:close(252)) - om1@group-C5BA1605619E-SegmentedRaftLogWorker close()
2023-09-07 08:56:55,377 [JvmPauseMonitor15] INFO  util.JvmPauseMonitor (JvmPauseMonitor.java:run(109)) - JvmPauseMonitor-om1: Stopped
2023-09-07 08:56:55,381 [main] INFO  ratis.OzoneManagerStateMachine (OzoneManagerStateMachine.java:close(534)) - StateMachine has shutdown. Shutdown OzoneManager if not already shutdown.
2023-09-07 08:56:55,381 [main] INFO  ratis.OzoneManagerDoubleBuffer (OzoneManagerDoubleBuffer.java:stopDaemon(560)) - OMDoubleBuffer flush thread is not running.
2023-09-07 08:56:55,383 [main] INFO  utils.BackgroundService (BackgroundService.java:shutdown(141)) - Shutting down service KeyDeletingService
2023-09-07 08:56:55,383 [main] INFO  utils.BackgroundService (BackgroundService.java:shutdown(141)) - Shutting down service KeyDeletingService
2023-09-07 08:56:55,383 [main] INFO  utils.BackgroundService (BackgroundService.java:shutdown(141)) - Shutting down service OpenKeyCleanupService
2023-09-07 08:56:55,383 [main] INFO  utils.BackgroundService (BackgroundService.java:shutdown(141)) - Shutting down service SstFilteringService
2023-09-07 08:56:55,383 [main] INFO  utils.BackgroundService (BackgroundService.java:shutdown(141)) - Shutting down service SnapshotDeletingService
2023-09-07 08:56:55,384 [main] INFO  handler.ContextHandler (ContextHandler.java:doStop(1159)) - Stopped o.e.j.w.WebAppContext@5ca6660a{ozoneManager,/,null,STOPPED}{file:/home/runner/work/ozone/ozone/hadoop-ozone/integration-test/target/test-classes/webapps/ozoneManager}
2023-09-07 08:56:55,385 [main] INFO  server.AbstractConnector (AbstractConnector.java:doStop(383)) - Stopped ServerConnector@538a106e{HTTP/1.1, (http/1.1)}{0.0.0.0:15111}
2023-09-07 08:56:55,385 [main] INFO  server.session (HouseKeeper.java:stopScavenging(149)) - node0 Stopped scavenging
2023-09-07 08:56:55,385 [main] INFO  handler.ContextHandler (ContextHandler.java:doStop(1159)) - Stopped o.e.j.s.ServletContextHandler@2d703e51{static,/static,file:///home/runner/work/ozone/ozone/hadoop-ozone/integration-test/target/test-classes/webapps/static,STOPPED}
2023-09-07 08:56:55,386 [main] INFO  handler.ContextHandler (ContextHandler.java:doStop(1159)) - Stopped o.e.j.s.ServletContextHandler@583064ea{logs,/logs,file:///home/runner/work/ozone/ozone/hadoop-ozone/integration-test/target/log,STOPPED}
2023-09-07 08:56:55,387 [Trash Emptier] ERROR om.TrashPolicyOzone (TrashPolicyOzone.java:run(350)) - Error attempting to shutdown
java.lang.InterruptedException
	at java.util.concurrent.locks.AbstractQueuedSynchronizer$ConditionObject.awaitNanos(AbstractQueuedSynchronizer.java:2067)
	at java.util.concurrent.ThreadPoolExecutor.awaitTermination(ThreadPoolExecutor.java:1475)
	at org.apache.hadoop.ozone.om.TrashPolicyOzone$Emptier.run(TrashPolicyOzone.java:348)
	at java.lang.Thread.run(Thread.java:750)
2023-09-07 08:56:55,387 [main] INFO  rocksdiff.RocksDBCheckpointDiffer (RocksDBCheckpointDiffer.java:close(343)) - Shutting down CompactionDagPruningService.
2023-09-07 08:56:55,390 [main] INFO  snapshot.SnapshotDiffManager (SnapshotDiffManager.java:closeExecutorService(1697)) - Shutting down executorService: 'SnapDiffExecutor'
2023-09-07 08:56:55,390 [main] INFO  snapshot.SnapshotDiffManager (SnapshotDiffManager.java:closeExecutorService(1697)) - Shutting down executorService: 'SstDumpToolExecutor'
2023-09-07 08:56:55,390 [main] INFO  utils.BackgroundService (BackgroundService.java:shutdown(141)) - Shutting down service SnapshotDiffCleanupService
2023-09-07 08:56:55,391 [main] INFO  ozone.MiniOzoneClusterImpl (MiniOzoneClusterImpl.java:stopDatanodes(528)) - Stopping the HddsDatanodes
2023-09-07 08:56:55,399 [main] INFO  ozoneimpl.OzoneContainer (OzoneContainer.java:stop(451)) - Attempting to stop container services.
2023-09-07 08:56:55,399 [ForkJoinPool.commonPool-worker-2] INFO  ozoneimpl.OzoneContainer (OzoneContainer.java:stop(451)) - Attempting to stop container services.
2023-09-07 08:56:55,400 [ForkJoinPool.commonPool-worker-2] INFO  server.RaftServer (RaftServerProxy.java:lambda$close$6(416)) - a9310303-e7f9-4a41-8a27-a7a2ce3a6d76: close
2023-09-07 08:56:55,400 [main] INFO  server.RaftServer (RaftServerProxy.java:lambda$close$6(416)) - a16823de-594d-4810-9c20-2473ba2acfd2: close
2023-09-07 08:56:55,400 [a9310303-e7f9-4a41-8a27-a7a2ce3a6d76-impl-thread2] INFO  server.RaftServer$Division (RaftServerImpl.java:lambda$close$4(466)) - a9310303-e7f9-4a41-8a27-a7a2ce3a6d76@group-9A9D866393FD: shutdown
2023-09-07 08:56:55,401 [a9310303-e7f9-4a41-8a27-a7a2ce3a6d76-impl-thread2] INFO  util.JmxRegister (JmxRegister.java:unregister(73)) - Successfully un-registered JMX Bean with object name Ratis:service=RaftServer,group=group-9A9D866393FD,id=a9310303-e7f9-4a41-8a27-a7a2ce3a6d76
2023-09-07 08:56:55,401 [a9310303-e7f9-4a41-8a27-a7a2ce3a6d76-impl-thread2] INFO  impl.RoleInfo (RoleInfo.java:shutdownFollowerState(110)) - a9310303-e7f9-4a41-8a27-a7a2ce3a6d76: shutdown a9310303-e7f9-4a41-8a27-a7a2ce3a6d76@group-9A9D866393FD-FollowerState
2023-09-07 08:56:55,401 [a9310303-e7f9-4a41-8a27-a7a2ce3a6d76-impl-thread3] INFO  server.RaftServer$Division (RaftServerImpl.java:lambda$close$4(466)) - a9310303-e7f9-4a41-8a27-a7a2ce3a6d76@group-778471A2FC67: shutdown
2023-09-07 08:56:55,401 [a9310303-e7f9-4a41-8a27-a7a2ce3a6d76-impl-thread3] INFO  util.JmxRegister (JmxRegister.java:unregister(73)) - Successfully un-registered JMX Bean with object name Ratis:service=RaftServer,group=group-778471A2FC67,id=a9310303-e7f9-4a41-8a27-a7a2ce3a6d76
2023-09-07 08:56:55,401 [a9310303-e7f9-4a41-8a27-a7a2ce3a6d76-impl-thread3] INFO  impl.RoleInfo (RoleInfo.java:shutdownFollowerState(110)) - a9310303-e7f9-4a41-8a27-a7a2ce3a6d76: shutdown a9310303-e7f9-4a41-8a27-a7a2ce3a6d76@group-778471A2FC67-FollowerState
2023-09-07 08:56:55,401 [ForkJoinPool.commonPool-worker-2] INFO  server.GrpcService (GrpcService.java:closeImpl(311)) - a9310303-e7f9-4a41-8a27-a7a2ce3a6d76: shutdown server org.apache.ratis.grpc.server.GrpcClientProtocolService now
2023-09-07 08:56:55,401 [a9310303-e7f9-4a41-8a27-a7a2ce3a6d76-impl-thread4] INFO  server.RaftServer$Division (RaftServerImpl.java:lambda$close$4(466)) - a9310303-e7f9-4a41-8a27-a7a2ce3a6d76@group-896D5AA9B730: shutdown
2023-09-07 08:56:55,401 [a9310303-e7f9-4a41-8a27-a7a2ce3a6d76-impl-thread4] INFO  util.JmxRegister (JmxRegister.java:unregister(73)) - Successfully un-registered JMX Bean with object name Ratis:service=RaftServer,group=group-896D5AA9B730,id=a9310303-e7f9-4a41-8a27-a7a2ce3a6d76
2023-09-07 08:56:55,401 [a9310303-e7f9-4a41-8a27-a7a2ce3a6d76-impl-thread4] INFO  impl.RoleInfo (RoleInfo.java:shutdownLeaderState(93)) - a9310303-e7f9-4a41-8a27-a7a2ce3a6d76: shutdown a9310303-e7f9-4a41-8a27-a7a2ce3a6d76@group-896D5AA9B730-LeaderStateImpl
2023-09-07 08:56:55,401 [a9310303-e7f9-4a41-8a27-a7a2ce3a6d76-impl-thread4] INFO  impl.PendingRequests (PendingRequests.java:sendNotLeaderResponses(289)) - a9310303-e7f9-4a41-8a27-a7a2ce3a6d76@group-896D5AA9B730-PendingRequests: sendNotLeaderResponses
2023-09-07 08:56:55,402 [a9310303-e7f9-4a41-8a27-a7a2ce3a6d76-impl-thread4] INFO  impl.StateMachineUpdater (StateMachineUpdater.java:stopAndJoin(155)) - a9310303-e7f9-4a41-8a27-a7a2ce3a6d76@group-896D5AA9B730-StateMachineUpdater: set stopIndex = 0
2023-09-07 08:56:55,402 [a9310303-e7f9-4a41-8a27-a7a2ce3a6d76@group-896D5AA9B730-StateMachineUpdater] INFO  ratis.ContainerStateMachine (ContainerStateMachine.java:takeSnapshot(330)) - group-896D5AA9B730: Taking a snapshot at:(t:1, i:0) file /home/runner/work/ozone/ozone/hadoop-ozone/integration-test/target/test-dir/MiniOzoneClusterImpl-06b57250-6369-4c93-9764-bbc94174df1e/datanode-1/data/ratis/9e38776a-dcc6-4a52-b76f-896d5aa9b730/sm/snapshot.1_0
2023-09-07 08:56:55,402 [a16823de-594d-4810-9c20-2473ba2acfd2-impl-thread2] INFO  server.RaftServer$Division (RaftServerImpl.java:lambda$close$4(466)) - a16823de-594d-4810-9c20-2473ba2acfd2@group-86C75A0E7303: shutdown
2023-09-07 08:56:55,402 [a16823de-594d-4810-9c20-2473ba2acfd2-impl-thread2] INFO  util.JmxRegister (JmxRegister.java:unregister(73)) - Successfully un-registered JMX Bean with object name Ratis:service=RaftServer,group=group-86C75A0E7303,id=a16823de-594d-4810-9c20-2473ba2acfd2
2023-09-07 08:56:55,402 [a16823de-594d-4810-9c20-2473ba2acfd2-impl-thread2] INFO  impl.RoleInfo (RoleInfo.java:shutdownLeaderState(93)) - a16823de-594d-4810-9c20-2473ba2acfd2: shutdown a16823de-594d-4810-9c20-2473ba2acfd2@group-86C75A0E7303-LeaderStateImpl
2023-09-07 08:56:55,402 [a16823de-594d-4810-9c20-2473ba2acfd2-impl-thread2] INFO  impl.PendingRequests (PendingRequests.java:sendNotLeaderResponses(289)) - a16823de-594d-4810-9c20-2473ba2acfd2@group-86C75A0E7303-PendingRequests: sendNotLeaderResponses
2023-09-07 08:56:55,402 [a16823de-594d-4810-9c20-2473ba2acfd2-impl-thread2] INFO  impl.StateMachineUpdater (StateMachineUpdater.java:stopAndJoin(155)) - a16823de-594d-4810-9c20-2473ba2acfd2@group-86C75A0E7303-StateMachineUpdater: set stopIndex = 0
2023-09-07 08:56:55,403 [a16823de-594d-4810-9c20-2473ba2acfd2@group-86C75A0E7303-StateMachineUpdater] INFO  ratis.ContainerStateMachine (ContainerStateMachine.java:takeSnapshot(330)) - group-86C75A0E7303: Taking a snapshot at:(t:1, i:0) file /home/runner/work/ozone/ozone/hadoop-ozone/integration-test/target/test-dir/MiniOzoneClusterImpl-06b57250-6369-4c93-9764-bbc94174df1e/datanode-2/data/ratis/398a91cf-0f1f-4502-8d74-86c75a0e7303/sm/snapshot.1_0
2023-09-07 08:56:55,403 [a9310303-e7f9-4a41-8a27-a7a2ce3a6d76@group-896D5AA9B730-StateMachineUpdater] INFO  ratis.ContainerStateMachine (ContainerStateMachine.java:takeSnapshot(341)) - group-896D5AA9B730: Finished taking a snapshot at:(t:1, i:0) file:/home/runner/work/ozone/ozone/hadoop-ozone/integration-test/target/test-dir/MiniOzoneClusterImpl-06b57250-6369-4c93-9764-bbc94174df1e/datanode-1/data/ratis/9e38776a-dcc6-4a52-b76f-896d5aa9b730/sm/snapshot.1_0 took: 1 ms
2023-09-07 08:56:55,403 [a9310303-e7f9-4a41-8a27-a7a2ce3a6d76@group-896D5AA9B730-StateMachineUpdater] INFO  impl.StateMachineUpdater (StateMachineUpdater.java:takeSnapshot(291)) - a9310303-e7f9-4a41-8a27-a7a2ce3a6d76@group-896D5AA9B730-StateMachineUpdater: Took a snapshot at index 0
2023-09-07 08:56:55,404 [a9310303-e7f9-4a41-8a27-a7a2ce3a6d76@group-778471A2FC67-FollowerState] INFO  impl.FollowerState (FollowerState.java:run(152)) - a9310303-e7f9-4a41-8a27-a7a2ce3a6d76@group-778471A2FC67-FollowerState was interrupted
2023-09-07 08:56:55,404 [a9310303-e7f9-4a41-8a27-a7a2ce3a6d76@group-778471A2FC67-StateMachineUpdater] INFO  ratis.ContainerStateMachine (ContainerStateMachine.java:takeSnapshot(330)) - group-778471A2FC67: Taking a snapshot at:(t:1, i:8) file /home/runner/work/ozone/ozone/hadoop-ozone/integration-test/target/test-dir/MiniOzoneClusterImpl-06b57250-6369-4c93-9764-bbc94174df1e/datanode-1/data/ratis/6d36c441-867e-42ca-89ba-778471a2fc67/sm/snapshot.1_8
2023-09-07 08:56:55,405 [a9310303-e7f9-4a41-8a27-a7a2ce3a6d76@group-9A9D866393FD-FollowerState] INFO  impl.FollowerState (FollowerState.java:run(152)) - a9310303-e7f9-4a41-8a27-a7a2ce3a6d76@group-9A9D866393FD-FollowerState was interrupted
2023-09-07 08:56:55,404 [a9310303-e7f9-4a41-8a27-a7a2ce3a6d76-impl-thread3] INFO  impl.StateMachineUpdater (StateMachineUpdater.java:stopAndJoin(155)) - a9310303-e7f9-4a41-8a27-a7a2ce3a6d76@group-778471A2FC67-StateMachineUpdater: set stopIndex = 8
2023-09-07 08:56:55,404 [a9310303-e7f9-4a41-8a27-a7a2ce3a6d76@group-896D5AA9B730-StateMachineUpdater] INFO  impl.StateMachineUpdater (StateMachineUpdater.java:lambda$new$0(97)) - a9310303-e7f9-4a41-8a27-a7a2ce3a6d76@group-896D5AA9B730-StateMachineUpdater: snapshotIndex: updateIncreasingly -1 -> 0
2023-09-07 08:56:55,404 [main] INFO  server.GrpcService (GrpcService.java:closeImpl(311)) - a16823de-594d-4810-9c20-2473ba2acfd2: shutdown server org.apache.ratis.grpc.server.GrpcClientProtocolService now
2023-09-07 08:56:55,403 [a16823de-594d-4810-9c20-2473ba2acfd2@group-86C75A0E7303-StateMachineUpdater] INFO  ratis.ContainerStateMachine (ContainerStateMachine.java:takeSnapshot(341)) - group-86C75A0E7303: Finished taking a snapshot at:(t:1, i:0) file:/home/runner/work/ozone/ozone/hadoop-ozone/integration-test/target/test-dir/MiniOzoneClusterImpl-06b57250-6369-4c93-9764-bbc94174df1e/datanode-2/data/ratis/398a91cf-0f1f-4502-8d74-86c75a0e7303/sm/snapshot.1_0 took: 1 ms
2023-09-07 08:56:55,410 [a9310303-e7f9-4a41-8a27-a7a2ce3a6d76@group-9A9D866393FD-StateMachineUpdater] INFO  ratis.ContainerStateMachine (ContainerStateMachine.java:takeSnapshot(330)) - group-9A9D866393FD: Taking a snapshot at:(t:1, i:17) file /home/runner/work/ozone/ozone/hadoop-ozone/integration-test/target/test-dir/MiniOzoneClusterImpl-06b57250-6369-4c93-9764-bbc94174df1e/datanode-1/data/ratis/cf4e3318-2c5c-4351-a670-9a9d866393fd/sm/snapshot.1_17
2023-09-07 08:56:55,410 [a16823de-594d-4810-9c20-2473ba2acfd2@group-86C75A0E7303-StateMachineUpdater] INFO  impl.StateMachineUpdater (StateMachineUpdater.java:takeSnapshot(291)) - a16823de-594d-4810-9c20-2473ba2acfd2@group-86C75A0E7303-StateMachineUpdater: Took a snapshot at index 0
2023-09-07 08:56:55,410 [a16823de-594d-4810-9c20-2473ba2acfd2@group-86C75A0E7303-StateMachineUpdater] INFO  impl.StateMachineUpdater (StateMachineUpdater.java:lambda$new$0(97)) - a16823de-594d-4810-9c20-2473ba2acfd2@group-86C75A0E7303-StateMachineUpdater: snapshotIndex: updateIncreasingly -1 -> 0
2023-09-07 08:56:55,409 [a9310303-e7f9-4a41-8a27-a7a2ce3a6d76-impl-thread2] INFO  impl.StateMachineUpdater (StateMachineUpdater.java:stopAndJoin(155)) - a9310303-e7f9-4a41-8a27-a7a2ce3a6d76@group-9A9D866393FD-StateMachineUpdater: set stopIndex = 17
2023-09-07 08:56:55,409 [a9310303-e7f9-4a41-8a27-a7a2ce3a6d76@group-778471A2FC67-StateMachineUpdater] INFO  ratis.ContainerStateMachine (ContainerStateMachine.java:takeSnapshot(341)) - group-778471A2FC67: Finished taking a snapshot at:(t:1, i:8) file:/home/runner/work/ozone/ozone/hadoop-ozone/integration-test/target/test-dir/MiniOzoneClusterImpl-06b57250-6369-4c93-9764-bbc94174df1e/datanode-1/data/ratis/6d36c441-867e-42ca-89ba-778471a2fc67/sm/snapshot.1_8 took: 6 ms
2023-09-07 08:56:55,414 [a9310303-e7f9-4a41-8a27-a7a2ce3a6d76@group-778471A2FC67-StateMachineUpdater] INFO  impl.StateMachineUpdater (StateMachineUpdater.java:takeSnapshot(291)) - a9310303-e7f9-4a41-8a27-a7a2ce3a6d76@group-778471A2FC67-StateMachineUpdater: Took a snapshot at index 8
2023-09-07 08:56:55,414 [a9310303-e7f9-4a41-8a27-a7a2ce3a6d76@group-778471A2FC67-StateMachineUpdater] INFO  impl.StateMachineUpdater (StateMachineUpdater.java:lambda$new$0(97)) - a9310303-e7f9-4a41-8a27-a7a2ce3a6d76@group-778471A2FC67-StateMachineUpdater: snapshotIndex: updateIncreasingly -1 -> 8
2023-09-07 08:56:55,409 [a16823de-594d-4810-9c20-2473ba2acfd2-impl-thread4] INFO  server.RaftServer$Division (RaftServerImpl.java:lambda$close$4(466)) - a16823de-594d-4810-9c20-2473ba2acfd2@group-778471A2FC67: shutdown
2023-09-07 08:56:55,414 [a16823de-594d-4810-9c20-2473ba2acfd2-impl-thread4] INFO  util.JmxRegister (JmxRegister.java:unregister(73)) - Successfully un-registered JMX Bean with object name Ratis:service=RaftServer,group=group-778471A2FC67,id=a16823de-594d-4810-9c20-2473ba2acfd2
2023-09-07 08:56:55,414 [a16823de-594d-4810-9c20-2473ba2acfd2-impl-thread4] INFO  impl.RoleInfo (RoleInfo.java:shutdownFollowerState(110)) - a16823de-594d-4810-9c20-2473ba2acfd2: shutdown a16823de-594d-4810-9c20-2473ba2acfd2@group-778471A2FC67-FollowerState
2023-09-07 08:56:55,416 [grpc-default-executor-5] WARN  server.GrpcClientProtocolService (LogUtils.java:warn(122)) - 1-OrderedRequestStreamObserver1: onError: org.apache.ratis.thirdparty.io.grpc.StatusRuntimeException: CANCELLED: client cancelled
2023-09-07 08:56:55,409 [a16823de-594d-4810-9c20-2473ba2acfd2-impl-thread3] INFO  server.RaftServer$Division (RaftServerImpl.java:lambda$close$4(466)) - a16823de-594d-4810-9c20-2473ba2acfd2@group-9A9D866393FD: shutdown
2023-09-07 08:56:55,416 [a16823de-594d-4810-9c20-2473ba2acfd2-impl-thread3] INFO  util.JmxRegister (JmxRegister.java:unregister(73)) - Successfully un-registered JMX Bean with object name Ratis:service=RaftServer,group=group-9A9D866393FD,id=a16823de-594d-4810-9c20-2473ba2acfd2
2023-09-07 08:56:55,416 [a16823de-594d-4810-9c20-2473ba2acfd2-impl-thread3] INFO  impl.RoleInfo (RoleInfo.java:shutdownLeaderState(93)) - a16823de-594d-4810-9c20-2473ba2acfd2: shutdown a16823de-594d-4810-9c20-2473ba2acfd2@group-9A9D866393FD-LeaderStateImpl
2023-09-07 08:56:55,413 [Thread-1675] INFO  server.GrpcServerProtocolClient (GrpcServerProtocolClient.java:close(103)) - a16823de-594d-4810-9c20-2473ba2acfd2 Close channels
2023-09-07 08:56:55,413 [Thread-1671] INFO  server.GrpcServerProtocolClient (GrpcServerProtocolClient.java:close(103)) - 5b4afb20-df00-40b2-9151-744536d77108 Close channels
2023-09-07 08:56:55,413 [a9310303-e7f9-4a41-8a27-a7a2ce3a6d76-impl-thread4] INFO  server.RaftServer$Division (ServerState.java:close(472)) - a9310303-e7f9-4a41-8a27-a7a2ce3a6d76@group-896D5AA9B730: closes. applyIndex: 0
2023-09-07 08:56:55,413 [a16823de-594d-4810-9c20-2473ba2acfd2-impl-thread2] INFO  server.RaftServer$Division (ServerState.java:close(472)) - a16823de-594d-4810-9c20-2473ba2acfd2@group-86C75A0E7303: closes. applyIndex: 0
2023-09-07 08:56:55,413 [a9310303-e7f9-4a41-8a27-a7a2ce3a6d76@group-9A9D866393FD-StateMachineUpdater] INFO  ratis.ContainerStateMachine (ContainerStateMachine.java:takeSnapshot(341)) - group-9A9D866393FD: Finished taking a snapshot at:(t:1, i:17) file:/home/runner/work/ozone/ozone/hadoop-ozone/integration-test/target/test-dir/MiniOzoneClusterImpl-06b57250-6369-4c93-9764-bbc94174df1e/datanode-1/data/ratis/cf4e3318-2c5c-4351-a670-9a9d866393fd/sm/snapshot.1_17 took: 4 ms
2023-09-07 08:56:55,418 [a9310303-e7f9-4a41-8a27-a7a2ce3a6d76@group-9A9D866393FD-StateMachineUpdater] INFO  impl.StateMachineUpdater (StateMachineUpdater.java:takeSnapshot(291)) - a9310303-e7f9-4a41-8a27-a7a2ce3a6d76@group-9A9D866393FD-StateMachineUpdater: Took a snapshot at index 17
2023-09-07 08:56:55,418 [a9310303-e7f9-4a41-8a27-a7a2ce3a6d76@group-9A9D866393FD-StateMachineUpdater] INFO  impl.StateMachineUpdater (StateMachineUpdater.java:lambda$new$0(97)) - a9310303-e7f9-4a41-8a27-a7a2ce3a6d76@group-9A9D866393FD-StateMachineUpdater: snapshotIndex: updateIncreasingly -1 -> 17
2023-09-07 08:56:55,419 [Thread-1677] INFO  server.GrpcServerProtocolClient (GrpcServerProtocolClient.java:close(103)) - a9310303-e7f9-4a41-8a27-a7a2ce3a6d76 Close channels
2023-09-07 08:56:55,422 [a16823de-594d-4810-9c20-2473ba2acfd2-impl-thread3] INFO  impl.PendingRequests (PendingRequests.java:sendNotLeaderResponses(289)) - a16823de-594d-4810-9c20-2473ba2acfd2@group-9A9D866393FD-PendingRequests: sendNotLeaderResponses
2023-09-07 08:56:55,422 [a16823de-594d-4810-9c20-2473ba2acfd2@group-9A9D866393FD->5b4afb20-df00-40b2-9151-744536d77108-GrpcLogAppender-LogAppenderDaemon] WARN  server.GrpcLogAppender (GrpcLogAppender.java:mayWait(199)) - a16823de-594d-4810-9c20-2473ba2acfd2@group-9A9D866393FD->5b4afb20-df00-40b2-9151-744536d77108-GrpcLogAppender: Wait interrupted by java.lang.InterruptedException
2023-09-07 08:56:55,422 [a16823de-594d-4810-9c20-2473ba2acfd2-impl-thread4] INFO  impl.StateMachineUpdater (StateMachineUpdater.java:stopAndJoin(155)) - a16823de-594d-4810-9c20-2473ba2acfd2@group-778471A2FC67-StateMachineUpdater: set stopIndex = 8
2023-09-07 08:56:55,423 [a16823de-594d-4810-9c20-2473ba2acfd2@group-9A9D866393FD->a9310303-e7f9-4a41-8a27-a7a2ce3a6d76-GrpcLogAppender-LogAppenderDaemon] WARN  server.GrpcLogAppender (GrpcLogAppender.java:mayWait(199)) - a16823de-594d-4810-9c20-2473ba2acfd2@group-9A9D866393FD->a9310303-e7f9-4a41-8a27-a7a2ce3a6d76-GrpcLogAppender: Wait interrupted by java.lang.InterruptedException
2023-09-07 08:56:55,423 [a9310303-e7f9-4a41-8a27-a7a2ce3a6d76-impl-thread3] INFO  server.RaftServer$Division (ServerState.java:close(472)) - a9310303-e7f9-4a41-8a27-a7a2ce3a6d76@group-778471A2FC67: closes. applyIndex: 8
2023-09-07 08:56:55,423 [a16823de-594d-4810-9c20-2473ba2acfd2@group-778471A2FC67-StateMachineUpdater] INFO  ratis.ContainerStateMachine (ContainerStateMachine.java:takeSnapshot(330)) - group-778471A2FC67: Taking a snapshot at:(t:1, i:8) file /home/runner/work/ozone/ozone/hadoop-ozone/integration-test/target/test-dir/MiniOzoneClusterImpl-06b57250-6369-4c93-9764-bbc94174df1e/datanode-2/data/ratis/6d36c441-867e-42ca-89ba-778471a2fc67/sm/snapshot.1_8
2023-09-07 08:56:55,424 [a16823de-594d-4810-9c20-2473ba2acfd2@group-778471A2FC67-FollowerState] INFO  impl.FollowerState (FollowerState.java:run(152)) - a16823de-594d-4810-9c20-2473ba2acfd2@group-778471A2FC67-FollowerState was interrupted
2023-09-07 08:56:55,425 [a9310303-e7f9-4a41-8a27-a7a2ce3a6d76-impl-thread2] INFO  server.RaftServer$Division (ServerState.java:close(472)) - a9310303-e7f9-4a41-8a27-a7a2ce3a6d76@group-9A9D866393FD: closes. applyIndex: 17
2023-09-07 08:56:55,430 [Thread-1676] INFO  server.GrpcServerProtocolClient (GrpcServerProtocolClient.java:close(103)) - 5b4afb20-df00-40b2-9151-744536d77108 Close channels
2023-09-07 08:56:55,431 [a16823de-594d-4810-9c20-2473ba2acfd2@group-778471A2FC67-StateMachineUpdater] INFO  ratis.ContainerStateMachine (ContainerStateMachine.java:takeSnapshot(341)) - group-778471A2FC67: Finished taking a snapshot at:(t:1, i:8) file:/home/runner/work/ozone/ozone/hadoop-ozone/integration-test/target/test-dir/MiniOzoneClusterImpl-06b57250-6369-4c93-9764-bbc94174df1e/datanode-2/data/ratis/6d36c441-867e-42ca-89ba-778471a2fc67/sm/snapshot.1_8 took: 7 ms
2023-09-07 08:56:55,431 [a16823de-594d-4810-9c20-2473ba2acfd2@group-778471A2FC67-StateMachineUpdater] INFO  impl.StateMachineUpdater (StateMachineUpdater.java:takeSnapshot(291)) - a16823de-594d-4810-9c20-2473ba2acfd2@group-778471A2FC67-StateMachineUpdater: Took a snapshot at index 8
2023-09-07 08:56:55,431 [a16823de-594d-4810-9c20-2473ba2acfd2@group-778471A2FC67-StateMachineUpdater] INFO  impl.StateMachineUpdater (StateMachineUpdater.java:lambda$new$0(97)) - a16823de-594d-4810-9c20-2473ba2acfd2@group-778471A2FC67-StateMachineUpdater: snapshotIndex: updateIncreasingly -1 -> 8
2023-09-07 08:56:55,432 [grpc-default-executor-5] INFO  server.GrpcServerProtocolService (GrpcServerProtocolService.java:onCompleted(155)) - a9310303-e7f9-4a41-8a27-a7a2ce3a6d76: Completed APPEND_ENTRIES, lastRequest: a16823de-594d-4810-9c20-2473ba2acfd2->a9310303-e7f9-4a41-8a27-a7a2ce3a6d76#62-t1,previous=(t:1, i:17),leaderCommit=17,initializing? true,entries: size=1, first=(t:1, i:18), METADATAENTRY(c:17)
2023-09-07 08:56:55,432 [grpc-default-executor-5] INFO  server.GrpcServerProtocolService (GrpcServerProtocolService.java:lambda$onCompleted$5(157)) - a9310303-e7f9-4a41-8a27-a7a2ce3a6d76: Completed APPEND_ENTRIES, lastReply: null
2023-09-07 08:56:55,433 [grpc-default-executor-8] INFO  server.GrpcServerProtocolService (GrpcServerProtocolService.java:onCompleted(155)) - 5b4afb20-df00-40b2-9151-744536d77108: Completed APPEND_ENTRIES, lastRequest: null
2023-09-07 08:56:55,433 [grpc-default-executor-3] INFO  server.GrpcServerProtocolService (GrpcServerProtocolService.java:onCompleted(155)) - 5b4afb20-df00-40b2-9151-744536d77108: Completed APPEND_ENTRIES, lastRequest: a16823de-594d-4810-9c20-2473ba2acfd2->5b4afb20-df00-40b2-9151-744536d77108#64-t1,previous=(t:1, i:17),leaderCommit=17,initializing? true,entries: size=1, first=(t:1, i:18), METADATAENTRY(c:17)
2023-09-07 08:56:55,433 [grpc-default-executor-3] INFO  server.GrpcServerProtocolService (GrpcServerProtocolService.java:lambda$onCompleted$5(157)) - 5b4afb20-df00-40b2-9151-744536d77108: Completed APPEND_ENTRIES, lastReply: null
2023-09-07 08:56:55,433 [grpc-default-executor-6] INFO  server.GrpcServerProtocolService (GrpcServerProtocolService.java:onCompleted(155)) - a9310303-e7f9-4a41-8a27-a7a2ce3a6d76: Completed APPEND_ENTRIES, lastRequest: null
2023-09-07 08:56:55,435 [ForkJoinPool.commonPool-worker-2] INFO  server.GrpcService (GrpcService.java:closeImpl(320)) - a9310303-e7f9-4a41-8a27-a7a2ce3a6d76: shutdown server org.apache.ratis.grpc.server.GrpcClientProtocolService successfully
2023-09-07 08:56:55,435 [ForkJoinPool.commonPool-worker-2] INFO  server.GrpcService (GrpcService.java:closeImpl(311)) - a9310303-e7f9-4a41-8a27-a7a2ce3a6d76: shutdown server GrpcServerProtocolService now
2023-09-07 08:56:55,435 [grpc-default-executor-8] INFO  server.GrpcServerProtocolService (GrpcServerProtocolService.java:lambda$onCompleted$5(157)) - 5b4afb20-df00-40b2-9151-744536d77108: Completed APPEND_ENTRIES, lastReply: serverReply {
  requestorId: "a16823de-594d-4810-9c20-2473ba2acfd2"
  replyId: "5b4afb20-df00-40b2-9151-744536d77108"
  raftGroupId {
    id: "\317N3\030,\\CQ\246p\232\235\206c\223\375"
  }
  callId: 61
  success: true
}
term: 1
nextIndex: 16
followerCommit: 15
matchIndex: 18446744073709551615
isHearbeat: true

2023-09-07 08:56:55,436 [grpc-default-executor-6] INFO  server.GrpcServerProtocolService (GrpcServerProtocolService.java:lambda$onCompleted$5(157)) - a9310303-e7f9-4a41-8a27-a7a2ce3a6d76: Completed APPEND_ENTRIES, lastReply: serverReply {
  requestorId: "a16823de-594d-4810-9c20-2473ba2acfd2"
  replyId: "a9310303-e7f9-4a41-8a27-a7a2ce3a6d76"
  raftGroupId {
    id: "\317N3\030,\\CQ\246p\232\235\206c\223\375"
  }
  callId: 59
  success: true
}
term: 1
nextIndex: 16
followerCommit: 15
matchIndex: 18446744073709551615
isHearbeat: true

2023-09-07 08:56:55,438 [a16823de-594d-4810-9c20-2473ba2acfd2-impl-thread4] INFO  server.RaftServer$Division (ServerState.java:close(472)) - a16823de-594d-4810-9c20-2473ba2acfd2@group-778471A2FC67: closes. applyIndex: 8
2023-09-07 08:56:55,438 [grpc-default-executor-8] INFO  server.GrpcLogAppender (GrpcLogAppender.java:onCompleted(428)) - a16823de-594d-4810-9c20-2473ba2acfd2@group-9A9D866393FD->5b4afb20-df00-40b2-9151-744536d77108-AppendLogResponseHandler: follower responses appendEntries COMPLETED
2023-09-07 08:56:55,451 [grpc-default-executor-9] INFO  server.GrpcLogAppender (GrpcLogAppender.java:onCompleted(428)) - a16823de-594d-4810-9c20-2473ba2acfd2@group-9A9D866393FD->5b4afb20-df00-40b2-9151-744536d77108-AppendLogResponseHandler: follower responses appendEntries COMPLETED
2023-09-07 08:56:55,452 [a16823de-594d-4810-9c20-2473ba2acfd2-impl-thread3] INFO  impl.StateMachineUpdater (StateMachineUpdater.java:stopAndJoin(155)) - a16823de-594d-4810-9c20-2473ba2acfd2@group-9A9D866393FD-StateMachineUpdater: set stopIndex = 18
2023-09-07 08:56:55,452 [a16823de-594d-4810-9c20-2473ba2acfd2@group-9A9D866393FD-StateMachineUpdater] INFO  ratis.ContainerStateMachine (ContainerStateMachine.java:takeSnapshot(330)) - group-9A9D866393FD: Taking a snapshot at:(t:1, i:18) file /home/runner/work/ozone/ozone/hadoop-ozone/integration-test/target/test-dir/MiniOzoneClusterImpl-06b57250-6369-4c93-9764-bbc94174df1e/datanode-2/data/ratis/cf4e3318-2c5c-4351-a670-9a9d866393fd/sm/snapshot.1_18
2023-09-07 08:56:55,452 [a16823de-594d-4810-9c20-2473ba2acfd2-impl-thread2] INFO  segmented.SegmentedRaftLogWorker (SegmentedRaftLogWorker.java:close(252)) - a16823de-594d-4810-9c20-2473ba2acfd2@group-86C75A0E7303-SegmentedRaftLogWorker close()
2023-09-07 08:56:55,453 [a16823de-594d-4810-9c20-2473ba2acfd2@group-9A9D866393FD-StateMachineUpdater] INFO  ratis.ContainerStateMachine (ContainerStateMachine.java:takeSnapshot(341)) - group-9A9D866393FD: Finished taking a snapshot at:(t:1, i:18) file:/home/runner/work/ozone/ozone/hadoop-ozone/integration-test/target/test-dir/MiniOzoneClusterImpl-06b57250-6369-4c93-9764-bbc94174df1e/datanode-2/data/ratis/cf4e3318-2c5c-4351-a670-9a9d866393fd/sm/snapshot.1_18 took: 2 ms
2023-09-07 08:56:55,454 [a16823de-594d-4810-9c20-2473ba2acfd2@group-9A9D866393FD-StateMachineUpdater] INFO  impl.StateMachineUpdater (StateMachineUpdater.java:takeSnapshot(291)) - a16823de-594d-4810-9c20-2473ba2acfd2@group-9A9D866393FD-StateMachineUpdater: Took a snapshot at index 18
2023-09-07 08:56:55,454 [a16823de-594d-4810-9c20-2473ba2acfd2@group-9A9D866393FD-StateMachineUpdater] INFO  impl.StateMachineUpdater (StateMachineUpdater.java:lambda$new$0(97)) - a16823de-594d-4810-9c20-2473ba2acfd2@group-9A9D866393FD-StateMachineUpdater: snapshotIndex: updateIncreasingly -1 -> 18
2023-09-07 08:56:55,455 [grpc-default-executor-6] WARN  server.GrpcServerProtocolService (LogUtils.java:warn(122)) - a9310303-e7f9-4a41-8a27-a7a2ce3a6d76: APPEND_ENTRIES onError, lastRequest: null: org.apache.ratis.thirdparty.io.grpc.StatusRuntimeException: CANCELLED: client cancelled
2023-09-07 08:56:55,455 [grpc-default-executor-5] WARN  server.GrpcServerProtocolService (LogUtils.java:warn(122)) - a9310303-e7f9-4a41-8a27-a7a2ce3a6d76: APPEND_ENTRIES onError, lastRequest: 5b4afb20-df00-40b2-9151-744536d77108->a9310303-e7f9-4a41-8a27-a7a2ce3a6d76#15-t1,previous=(t:1, i:7),leaderCommit=6,initializing? true,entries: size=1, first=(t:1, i:8), METADATAENTRY(c:6): org.apache.ratis.thirdparty.io.grpc.StatusRuntimeException: CANCELLED: client cancelled
2023-09-07 08:56:55,455 [grpc-default-executor-12] INFO  server.GrpcLogAppender (GrpcLogAppender.java:onCompleted(428)) - a16823de-594d-4810-9c20-2473ba2acfd2@group-9A9D866393FD->a9310303-e7f9-4a41-8a27-a7a2ce3a6d76-AppendLogResponseHandler: follower responses appendEntries COMPLETED
2023-09-07 08:56:55,455 [a16823de-594d-4810-9c20-2473ba2acfd2-impl-thread3] INFO  server.RaftServer$Division (ServerState.java:close(472)) - a16823de-594d-4810-9c20-2473ba2acfd2@group-9A9D866393FD: closes. applyIndex: 18
2023-09-07 08:56:55,456 [grpc-default-executor-15] INFO  server.GrpcLogAppender (GrpcLogAppender.java:onCompleted(428)) - a16823de-594d-4810-9c20-2473ba2acfd2@group-9A9D866393FD->a9310303-e7f9-4a41-8a27-a7a2ce3a6d76-AppendLogResponseHandler: follower responses appendEntries COMPLETED
2023-09-07 08:56:55,458 [grpc-default-executor-16] WARN  server.GrpcLogAppender (LogUtils.java:warn(122)) - 5b4afb20-df00-40b2-9151-744536d77108@group-778471A2FC67->a9310303-e7f9-4a41-8a27-a7a2ce3a6d76-AppendLogResponseHandler: Failed appendEntries: org.apache.ratis.thirdparty.io.grpc.StatusRuntimeException: CANCELLED: RST_STREAM closed stream. HTTP/2 error code: CANCEL
2023-09-07 08:56:55,458 [grpc-default-executor-16] INFO  leader.FollowerInfo (FollowerInfoImpl.java:lambda$new$0(52)) - 5b4afb20-df00-40b2-9151-744536d77108@group-778471A2FC67->a9310303-e7f9-4a41-8a27-a7a2ce3a6d76: decreaseNextIndex nextIndex: updateUnconditionally 9 -> 8
2023-09-07 08:56:55,461 [grpc-default-executor-8] WARN  server.GrpcLogAppender (GrpcLogAppender.java:resetClient(137)) - a16823de-594d-4810-9c20-2473ba2acfd2@group-9A9D866393FD->5b4afb20-df00-40b2-9151-744536d77108-GrpcLogAppender: Failed to getClient for 5b4afb20-df00-40b2-9151-744536d77108
org.apache.ratis.protocol.exceptions.AlreadyClosedException: a16823de-594d-4810-9c20-2473ba2acfd2 is already CLOSED
	at org.apache.ratis.util.PeerProxyMap$PeerAndProxy.getProxy(PeerProxyMap.java:61)
	at org.apache.ratis.util.PeerProxyMap.getProxy(PeerProxyMap.java:115)
	at org.apache.ratis.grpc.server.GrpcLogAppender.getClient(GrpcLogAppender.java:112)
	at org.apache.ratis.grpc.server.GrpcLogAppender.resetClient(GrpcLogAppender.java:117)
	at org.apache.ratis.grpc.server.GrpcLogAppender.access$500(GrpcLogAppender.java:56)
	at org.apache.ratis.grpc.server.GrpcLogAppender$AppendLogResponseHandler.onCompleted(GrpcLogAppender.java:429)
	at org.apache.ratis.thirdparty.io.grpc.stub.ClientCalls$StreamObserverToCallListenerAdapter.onClose(ClientCalls.java:485)
	at org.apache.ratis.thirdparty.io.grpc.internal.ClientCallImpl.closeObserver(ClientCallImpl.java:563)
	at org.apache.ratis.thirdparty.io.grpc.internal.ClientCallImpl.access$300(ClientCallImpl.java:70)
	at org.apache.ratis.thirdparty.io.grpc.internal.ClientCallImpl$ClientStreamListenerImpl$1StreamClosed.runInternal(ClientCallImpl.java:744)
	at org.apache.ratis.thirdparty.io.grpc.internal.ClientCallImpl$ClientStreamListenerImpl$1StreamClosed.runInContext(ClientCallImpl.java:723)
	at org.apache.ratis.thirdparty.io.grpc.internal.ContextRunnable.run(ContextRunnable.java:37)
	at org.apache.ratis.thirdparty.io.grpc.internal.SerializingExecutor.run(SerializingExecutor.java:133)
	at java.util.concurrent.ThreadPoolExecutor.runWorker(ThreadPoolExecutor.java:1149)
	at java.util.concurrent.ThreadPoolExecutor$Worker.run(ThreadPoolExecutor.java:624)
	at java.lang.Thread.run(Thread.java:750)
2023-09-07 08:56:55,461 [grpc-default-executor-9] WARN  server.GrpcLogAppender (GrpcLogAppender.java:resetClient(137)) - a16823de-594d-4810-9c20-2473ba2acfd2@group-9A9D866393FD->5b4afb20-df00-40b2-9151-744536d77108-GrpcLogAppender: Failed to getClient for 5b4afb20-df00-40b2-9151-744536d77108
org.apache.ratis.protocol.exceptions.AlreadyClosedException: a16823de-594d-4810-9c20-2473ba2acfd2 is already CLOSED
	at org.apache.ratis.util.PeerProxyMap$PeerAndProxy.getProxy(PeerProxyMap.java:61)
	at org.apache.ratis.util.PeerProxyMap.getProxy(PeerProxyMap.java:115)
	at org.apache.ratis.grpc.server.GrpcLogAppender.getClient(GrpcLogAppender.java:112)
	at org.apache.ratis.grpc.server.GrpcLogAppender.resetClient(GrpcLogAppender.java:117)
	at org.apache.ratis.grpc.server.GrpcLogAppender.access$500(GrpcLogAppender.java:56)
	at org.apache.ratis.grpc.server.GrpcLogAppender$AppendLogResponseHandler.onCompleted(GrpcLogAppender.java:429)
	at org.apache.ratis.thirdparty.io.grpc.stub.ClientCalls$StreamObserverToCallListenerAdapter.onClose(ClientCalls.java:485)
	at org.apache.ratis.thirdparty.io.grpc.internal.ClientCallImpl.closeObserver(ClientCallImpl.java:563)
	at org.apache.ratis.thirdparty.io.grpc.internal.ClientCallImpl.access$300(ClientCallImpl.java:70)
	at org.apache.ratis.thirdparty.io.grpc.internal.ClientCallImpl$ClientStreamListenerImpl$1StreamClosed.runInternal(ClientCallImpl.java:744)
	at org.apache.ratis.thirdparty.io.grpc.internal.ClientCallImpl$ClientStreamListenerImpl$1StreamClosed.runInContext(ClientCallImpl.java:723)
	at org.apache.ratis.thirdparty.io.grpc.internal.ContextRunnable.run(ContextRunnable.java:37)
	at org.apache.ratis.thirdparty.io.grpc.internal.SerializingExecutor.run(SerializingExecutor.java:133)
	at java.util.concurrent.ThreadPoolExecutor.runWorker(ThreadPoolExecutor.java:1149)
	at java.util.concurrent.ThreadPoolExecutor$Worker.run(ThreadPoolExecutor.java:624)
	at java.lang.Thread.run(Thread.java:750)
2023-09-07 08:56:55,470 [grpc-default-executor-15] WARN  server.GrpcLogAppender (GrpcLogAppender.java:resetClient(137)) - a16823de-594d-4810-9c20-2473ba2acfd2@group-9A9D866393FD->a9310303-e7f9-4a41-8a27-a7a2ce3a6d76-GrpcLogAppender: Failed to getClient for a9310303-e7f9-4a41-8a27-a7a2ce3a6d76
org.apache.ratis.protocol.exceptions.AlreadyClosedException: a16823de-594d-4810-9c20-2473ba2acfd2 is already CLOSED
	at org.apache.ratis.util.PeerProxyMap$PeerAndProxy.getProxy(PeerProxyMap.java:61)
	at org.apache.ratis.util.PeerProxyMap.getProxy(PeerProxyMap.java:115)
	at org.apache.ratis.grpc.server.GrpcLogAppender.getClient(GrpcLogAppender.java:112)
	at org.apache.ratis.grpc.server.GrpcLogAppender.resetClient(GrpcLogAppender.java:117)
	at org.apache.ratis.grpc.server.GrpcLogAppender.access$500(GrpcLogAppender.java:56)
	at org.apache.ratis.grpc.server.GrpcLogAppender$AppendLogResponseHandler.onCompleted(GrpcLogAppender.java:429)
	at org.apache.ratis.thirdparty.io.grpc.stub.ClientCalls$StreamObserverToCallListenerAdapter.onClose(ClientCalls.java:485)
	at org.apache.ratis.thirdparty.io.grpc.internal.ClientCallImpl.closeObserver(ClientCallImpl.java:563)
	at org.apache.ratis.thirdparty.io.grpc.internal.ClientCallImpl.access$300(ClientCallImpl.java:70)
	at org.apache.ratis.thirdparty.io.grpc.internal.ClientCallImpl$ClientStreamListenerImpl$1StreamClosed.runInternal(ClientCallImpl.java:744)
	at org.apache.ratis.thirdparty.io.grpc.internal.ClientCallImpl$ClientStreamListenerImpl$1StreamClosed.runInContext(ClientCallImpl.java:723)
	at org.apache.ratis.thirdparty.io.grpc.internal.ContextRunnable.run(ContextRunnable.java:37)
	at org.apache.ratis.thirdparty.io.grpc.internal.SerializingExecutor.run(SerializingExecutor.java:133)
	at java.util.concurrent.ThreadPoolExecutor.runWorker(ThreadPoolExecutor.java:1149)
	at java.util.concurrent.ThreadPoolExecutor$Worker.run(ThreadPoolExecutor.java:624)
	at java.lang.Thread.run(Thread.java:750)
2023-09-07 08:56:55,470 [a16823de-594d-4810-9c20-2473ba2acfd2-impl-thread4] INFO  segmented.SegmentedRaftLogWorker (SegmentedRaftLogWorker.java:close(252)) - a16823de-594d-4810-9c20-2473ba2acfd2@group-778471A2FC67-SegmentedRaftLogWorker close()
2023-09-07 08:56:55,470 [a9310303-e7f9-4a41-8a27-a7a2ce3a6d76-impl-thread3] INFO  segmented.SegmentedRaftLogWorker (SegmentedRaftLogWorker.java:close(252)) - a9310303-e7f9-4a41-8a27-a7a2ce3a6d76@group-778471A2FC67-SegmentedRaftLogWorker close()
2023-09-07 08:56:55,470 [grpc-default-executor-13] WARN  server.GrpcLogAppender (LogUtils.java:warn(122)) - 5b4afb20-df00-40b2-9151-744536d77108@group-778471A2FC67->a9310303-e7f9-4a41-8a27-a7a2ce3a6d76-AppendLogResponseHandler: Failed appendEntries: org.apache.ratis.thirdparty.io.grpc.StatusRuntimeException: CANCELLED: RST_STREAM closed stream. HTTP/2 error code: CANCEL
2023-09-07 08:56:55,468 [a9310303-e7f9-4a41-8a27-a7a2ce3a6d76-impl-thread4] INFO  segmented.SegmentedRaftLogWorker (SegmentedRaftLogWorker.java:close(252)) - a9310303-e7f9-4a41-8a27-a7a2ce3a6d76@group-896D5AA9B730-SegmentedRaftLogWorker close()
2023-09-07 08:56:55,467 [ForkJoinPool.commonPool-worker-3] INFO  ozoneimpl.OzoneContainer (OzoneContainer.java:stop(451)) - Attempting to stop container services.
2023-09-07 08:56:55,465 [main] INFO  server.GrpcService (GrpcService.java:closeImpl(320)) - a16823de-594d-4810-9c20-2473ba2acfd2: shutdown server org.apache.ratis.grpc.server.GrpcClientProtocolService successfully
2023-09-07 08:56:55,478 [main] INFO  server.GrpcService (GrpcService.java:closeImpl(311)) - a16823de-594d-4810-9c20-2473ba2acfd2: shutdown server GrpcServerProtocolService now
2023-09-07 08:56:55,465 [grpc-default-executor-12] WARN  server.GrpcLogAppender (GrpcLogAppender.java:resetClient(137)) - a16823de-594d-4810-9c20-2473ba2acfd2@group-9A9D866393FD->a9310303-e7f9-4a41-8a27-a7a2ce3a6d76-GrpcLogAppender: Failed to getClient for a9310303-e7f9-4a41-8a27-a7a2ce3a6d76
org.apache.ratis.protocol.exceptions.AlreadyClosedException: a16823de-594d-4810-9c20-2473ba2acfd2 is already CLOSED
	at org.apache.ratis.util.PeerProxyMap$PeerAndProxy.getProxy(PeerProxyMap.java:61)
	at org.apache.ratis.util.PeerProxyMap.getProxy(PeerProxyMap.java:115)
	at org.apache.ratis.grpc.server.GrpcLogAppender.getClient(GrpcLogAppender.java:112)
	at org.apache.ratis.grpc.server.GrpcLogAppender.resetClient(GrpcLogAppender.java:117)
	at org.apache.ratis.grpc.server.GrpcLogAppender.access$500(GrpcLogAppender.java:56)
	at org.apache.ratis.grpc.server.GrpcLogAppender$AppendLogResponseHandler.onCompleted(GrpcLogAppender.java:429)
	at org.apache.ratis.thirdparty.io.grpc.stub.ClientCalls$StreamObserverToCallListenerAdapter.onClose(ClientCalls.java:485)
	at org.apache.ratis.thirdparty.io.grpc.internal.ClientCallImpl.closeObserver(ClientCallImpl.java:563)
	at org.apache.ratis.thirdparty.io.grpc.internal.ClientCallImpl.access$300(ClientCallImpl.java:70)
	at org.apache.ratis.thirdparty.io.grpc.internal.ClientCallImpl$ClientStreamListenerImpl$1StreamClosed.runInternal(ClientCallImpl.java:744)
	at org.apache.ratis.thirdparty.io.grpc.internal.ClientCallImpl$ClientStreamListenerImpl$1StreamClosed.runInContext(ClientCallImpl.java:723)
	at org.apache.ratis.thirdparty.io.grpc.internal.ContextRunnable.run(ContextRunnable.java:37)
	at org.apache.ratis.thirdparty.io.grpc.internal.SerializingExecutor.run(SerializingExecutor.java:133)
	at java.util.concurrent.ThreadPoolExecutor.runWorker(ThreadPoolExecutor.java:1149)
	at java.util.concurrent.ThreadPoolExecutor$Worker.run(ThreadPoolExecutor.java:624)
	at java.lang.Thread.run(Thread.java:750)
2023-09-07 08:56:55,465 [ForkJoinPool.commonPool-worker-2] INFO  server.GrpcService (GrpcService.java:closeImpl(320)) - a9310303-e7f9-4a41-8a27-a7a2ce3a6d76: shutdown server GrpcServerProtocolService successfully
2023-09-07 08:56:55,478 [ForkJoinPool.commonPool-worker-2] INFO  server.GrpcService (GrpcService.java:closeImpl(311)) - a9310303-e7f9-4a41-8a27-a7a2ce3a6d76: shutdown server org.apache.ratis.grpc.server.GrpcAdminProtocolService now
2023-09-07 08:56:55,477 [grpc-default-executor-13] INFO  leader.FollowerInfo (FollowerInfoImpl.java:lambda$new$0(52)) - 5b4afb20-df00-40b2-9151-744536d77108@group-778471A2FC67->a9310303-e7f9-4a41-8a27-a7a2ce3a6d76: decreaseNextIndex nextIndex: updateUnconditionally 8 -> 7
2023-09-07 08:56:55,490 [ForkJoinPool.commonPool-worker-2] INFO  server.GrpcService (GrpcService.java:closeImpl(320)) - a9310303-e7f9-4a41-8a27-a7a2ce3a6d76: shutdown server org.apache.ratis.grpc.server.GrpcAdminProtocolService successfully
2023-09-07 08:56:55,500 [grpc-default-executor-5] WARN  server.GrpcLogAppender (LogUtils.java:warn(122)) - 5b4afb20-df00-40b2-9151-744536d77108@group-778471A2FC67->a16823de-594d-4810-9c20-2473ba2acfd2-AppendLogResponseHandler: Failed appendEntries: org.apache.ratis.thirdparty.io.grpc.StatusRuntimeException: CANCELLED: RST_STREAM closed stream. HTTP/2 error code: CANCEL
2023-09-07 08:56:55,489 [grpc-default-executor-3] WARN  server.GrpcLogAppender (LogUtils.java:warn(122)) - 5b4afb20-df00-40b2-9151-744536d77108@group-778471A2FC67->a16823de-594d-4810-9c20-2473ba2acfd2-AppendLogResponseHandler: Failed appendEntries: org.apache.ratis.thirdparty.io.grpc.StatusRuntimeException: CANCELLED: RST_STREAM closed stream. HTTP/2 error code: CANCEL
2023-09-07 08:56:55,500 [a9310303-e7f9-4a41-8a27-a7a2ce3a6d76-NettyServerStreamRpc-bossGroup--thread1] INFO  logging.LoggingHandler (AbstractInternalLogger.java:log(148)) - [id: 0x73ef6e67, L:/0:0:0:0:0:0:0:0:15130] CLOSE
2023-09-07 08:56:55,500 [main] INFO  server.GrpcService (GrpcService.java:closeImpl(320)) - a16823de-594d-4810-9c20-2473ba2acfd2: shutdown server GrpcServerProtocolService successfully
2023-09-07 08:56:55,500 [main] INFO  server.GrpcService (GrpcService.java:closeImpl(311)) - a16823de-594d-4810-9c20-2473ba2acfd2: shutdown server org.apache.ratis.grpc.server.GrpcAdminProtocolService now
2023-09-07 08:56:55,483 [ForkJoinPool.commonPool-worker-3] INFO  server.RaftServer (RaftServerProxy.java:lambda$close$6(416)) - 5b4afb20-df00-40b2-9151-744536d77108: close
2023-09-07 08:56:55,483 [grpc-default-executor-9] WARN  server.GrpcServerProtocolService (LogUtils.java:warn(122)) - a16823de-594d-4810-9c20-2473ba2acfd2: APPEND_ENTRIES onError, lastRequest: 5b4afb20-df00-40b2-9151-744536d77108->a16823de-594d-4810-9c20-2473ba2acfd2#13-t1,previous=(t:1, i:7),leaderCommit=6,initializing? true,entries: size=1, first=(t:1, i:8), METADATAENTRY(c:6): org.apache.ratis.thirdparty.io.grpc.StatusRuntimeException: CANCELLED: client cancelled
2023-09-07 08:56:55,500 [grpc-default-executor-5] INFO  leader.FollowerInfo (FollowerInfoImpl.java:lambda$new$0(52)) - 5b4afb20-df00-40b2-9151-744536d77108@group-778471A2FC67->a16823de-594d-4810-9c20-2473ba2acfd2: decreaseNextIndex nextIndex: updateUnconditionally 9 -> 8
2023-09-07 08:56:55,501 [grpc-default-executor-3] INFO  leader.FollowerInfo (FollowerInfoImpl.java:lambda$new$0(52)) - 5b4afb20-df00-40b2-9151-744536d77108@group-778471A2FC67->a16823de-594d-4810-9c20-2473ba2acfd2: decreaseNextIndex nextIndex: updateUnconditionally 8 -> 7
2023-09-07 08:56:55,499 [grpc-default-executor-15] WARN  server.GrpcServerProtocolService (LogUtils.java:warn(122)) - a16823de-594d-4810-9c20-2473ba2acfd2: APPEND_ENTRIES onError, lastRequest: null: org.apache.ratis.thirdparty.io.grpc.StatusRuntimeException: CANCELLED: client cancelled
2023-09-07 08:56:55,501 [a9310303-e7f9-4a41-8a27-a7a2ce3a6d76-NettyServerStreamRpc-bossGroup--thread1] INFO  logging.LoggingHandler (AbstractInternalLogger.java:log(148)) - [id: 0x73ef6e67, L:/0:0:0:0:0:0:0:0:15130] INACTIVE
2023-09-07 08:56:55,501 [a9310303-e7f9-4a41-8a27-a7a2ce3a6d76-NettyServerStreamRpc-bossGroup--thread1] INFO  logging.LoggingHandler (AbstractInternalLogger.java:log(148)) - [id: 0x73ef6e67, L:/0:0:0:0:0:0:0:0:15130] UNREGISTERED
2023-09-07 08:56:55,505 [5b4afb20-df00-40b2-9151-744536d77108-impl-thread2] INFO  server.RaftServer$Division (RaftServerImpl.java:lambda$close$4(466)) - 5b4afb20-df00-40b2-9151-744536d77108@group-8A94105D6FCF: shutdown
2023-09-07 08:56:55,506 [5b4afb20-df00-40b2-9151-744536d77108-impl-thread2] INFO  util.JmxRegister (JmxRegister.java:unregister(73)) - Successfully un-registered JMX Bean with object name Ratis:service=RaftServer,group=group-8A94105D6FCF,id=5b4afb20-df00-40b2-9151-744536d77108
2023-09-07 08:56:55,506 [5b4afb20-df00-40b2-9151-744536d77108-impl-thread2] INFO  impl.RoleInfo (RoleInfo.java:shutdownLeaderState(93)) - 5b4afb20-df00-40b2-9151-744536d77108: shutdown 5b4afb20-df00-40b2-9151-744536d77108@group-8A94105D6FCF-LeaderStateImpl
2023-09-07 08:56:55,506 [5b4afb20-df00-40b2-9151-744536d77108-impl-thread2] INFO  impl.PendingRequests (PendingRequests.java:sendNotLeaderResponses(289)) - 5b4afb20-df00-40b2-9151-744536d77108@group-8A94105D6FCF-PendingRequests: sendNotLeaderResponses
2023-09-07 08:56:55,506 [5b4afb20-df00-40b2-9151-744536d77108-impl-thread2] INFO  impl.StateMachineUpdater (StateMachineUpdater.java:stopAndJoin(155)) - 5b4afb20-df00-40b2-9151-744536d77108@group-8A94105D6FCF-StateMachineUpdater: set stopIndex = 0
2023-09-07 08:56:55,506 [5b4afb20-df00-40b2-9151-744536d77108@group-8A94105D6FCF-StateMachineUpdater] INFO  ratis.ContainerStateMachine (ContainerStateMachine.java:takeSnapshot(330)) - group-8A94105D6FCF: Taking a snapshot at:(t:1, i:0) file /home/runner/work/ozone/ozone/hadoop-ozone/integration-test/target/test-dir/MiniOzoneClusterImpl-06b57250-6369-4c93-9764-bbc94174df1e/datanode-0/data/ratis/b3cffe63-e023-43e0-a41f-8a94105d6fcf/sm/snapshot.1_0
2023-09-07 08:56:55,507 [5b4afb20-df00-40b2-9151-744536d77108@group-8A94105D6FCF-StateMachineUpdater] INFO  ratis.ContainerStateMachine (ContainerStateMachine.java:takeSnapshot(341)) - group-8A94105D6FCF: Finished taking a snapshot at:(t:1, i:0) file:/home/runner/work/ozone/ozone/hadoop-ozone/integration-test/target/test-dir/MiniOzoneClusterImpl-06b57250-6369-4c93-9764-bbc94174df1e/datanode-0/data/ratis/b3cffe63-e023-43e0-a41f-8a94105d6fcf/sm/snapshot.1_0 took: 1 ms
2023-09-07 08:56:55,507 [5b4afb20-df00-40b2-9151-744536d77108@group-8A94105D6FCF-StateMachineUpdater] INFO  impl.StateMachineUpdater (StateMachineUpdater.java:takeSnapshot(291)) - 5b4afb20-df00-40b2-9151-744536d77108@group-8A94105D6FCF-StateMachineUpdater: Took a snapshot at index 0
2023-09-07 08:56:55,507 [5b4afb20-df00-40b2-9151-744536d77108@group-8A94105D6FCF-StateMachineUpdater] INFO  impl.StateMachineUpdater (StateMachineUpdater.java:lambda$new$0(97)) - 5b4afb20-df00-40b2-9151-744536d77108@group-8A94105D6FCF-StateMachineUpdater: snapshotIndex: updateIncreasingly -1 -> 0
2023-09-07 08:56:55,508 [5b4afb20-df00-40b2-9151-744536d77108-impl-thread2] INFO  server.RaftServer$Division (ServerState.java:close(472)) - 5b4afb20-df00-40b2-9151-744536d77108@group-8A94105D6FCF: closes. applyIndex: 0
2023-09-07 08:56:55,509 [ForkJoinPool.commonPool-worker-3] INFO  server.GrpcService (GrpcService.java:closeImpl(311)) - 5b4afb20-df00-40b2-9151-744536d77108: shutdown server org.apache.ratis.grpc.server.GrpcClientProtocolService now
2023-09-07 08:56:55,510 [5b4afb20-df00-40b2-9151-744536d77108-impl-thread4] INFO  server.RaftServer$Division (RaftServerImpl.java:lambda$close$4(466)) - 5b4afb20-df00-40b2-9151-744536d77108@group-778471A2FC67: shutdown
2023-09-07 08:56:55,510 [5b4afb20-df00-40b2-9151-744536d77108-impl-thread4] INFO  util.JmxRegister (JmxRegister.java:unregister(73)) - Successfully un-registered JMX Bean with object name Ratis:service=RaftServer,group=group-778471A2FC67,id=5b4afb20-df00-40b2-9151-744536d77108
2023-09-07 08:56:55,510 [5b4afb20-df00-40b2-9151-744536d77108-impl-thread4] INFO  impl.RoleInfo (RoleInfo.java:shutdownLeaderState(93)) - 5b4afb20-df00-40b2-9151-744536d77108: shutdown 5b4afb20-df00-40b2-9151-744536d77108@group-778471A2FC67-LeaderStateImpl
2023-09-07 08:56:55,509 [5b4afb20-df00-40b2-9151-744536d77108-impl-thread3] INFO  server.RaftServer$Division (RaftServerImpl.java:lambda$close$4(466)) - 5b4afb20-df00-40b2-9151-744536d77108@group-9A9D866393FD: shutdown
2023-09-07 08:56:55,510 [5b4afb20-df00-40b2-9151-744536d77108-impl-thread3] INFO  util.JmxRegister (JmxRegister.java:unregister(73)) - Successfully un-registered JMX Bean with object name Ratis:service=RaftServer,group=group-9A9D866393FD,id=5b4afb20-df00-40b2-9151-744536d77108
2023-09-07 08:56:55,510 [5b4afb20-df00-40b2-9151-744536d77108-impl-thread3] INFO  impl.RoleInfo (RoleInfo.java:shutdownFollowerState(110)) - 5b4afb20-df00-40b2-9151-744536d77108: shutdown 5b4afb20-df00-40b2-9151-744536d77108@group-9A9D866393FD-FollowerState
2023-09-07 08:56:55,514 [5b4afb20-df00-40b2-9151-744536d77108-impl-thread3] INFO  impl.StateMachineUpdater (StateMachineUpdater.java:stopAndJoin(155)) - 5b4afb20-df00-40b2-9151-744536d77108@group-9A9D866393FD-StateMachineUpdater: set stopIndex = 17
2023-09-07 08:56:55,514 [5b4afb20-df00-40b2-9151-744536d77108@group-9A9D866393FD-FollowerState] INFO  impl.FollowerState (FollowerState.java:run(152)) - 5b4afb20-df00-40b2-9151-744536d77108@group-9A9D866393FD-FollowerState was interrupted
2023-09-07 08:56:55,514 [5b4afb20-df00-40b2-9151-744536d77108@group-9A9D866393FD-StateMachineUpdater] INFO  ratis.ContainerStateMachine (ContainerStateMachine.java:takeSnapshot(330)) - group-9A9D866393FD: Taking a snapshot at:(t:1, i:17) file /home/runner/work/ozone/ozone/hadoop-ozone/integration-test/target/test-dir/MiniOzoneClusterImpl-06b57250-6369-4c93-9764-bbc94174df1e/datanode-0/data/ratis/cf4e3318-2c5c-4351-a670-9a9d866393fd/sm/snapshot.1_17
2023-09-07 08:56:55,514 [5b4afb20-df00-40b2-9151-744536d77108@group-778471A2FC67->a9310303-e7f9-4a41-8a27-a7a2ce3a6d76-GrpcLogAppender-LogAppenderDaemon] WARN  server.GrpcLogAppender (GrpcLogAppender.java:mayWait(199)) - 5b4afb20-df00-40b2-9151-744536d77108@group-778471A2FC67->a9310303-e7f9-4a41-8a27-a7a2ce3a6d76-GrpcLogAppender: Wait interrupted by java.lang.InterruptedException
2023-09-07 08:56:55,514 [5b4afb20-df00-40b2-9151-744536d77108@group-778471A2FC67->a16823de-594d-4810-9c20-2473ba2acfd2-GrpcLogAppender-LogAppenderDaemon] WARN  server.GrpcLogAppender (GrpcLogAppender.java:mayWait(199)) - 5b4afb20-df00-40b2-9151-744536d77108@group-778471A2FC67->a16823de-594d-4810-9c20-2473ba2acfd2-GrpcLogAppender: Wait interrupted by java.lang.InterruptedException
2023-09-07 08:56:55,515 [5b4afb20-df00-40b2-9151-744536d77108-impl-thread4] INFO  impl.PendingRequests (PendingRequests.java:sendNotLeaderResponses(289)) - 5b4afb20-df00-40b2-9151-744536d77108@group-778471A2FC67-PendingRequests: sendNotLeaderResponses
2023-09-07 08:56:55,516 [Thread-1696] INFO  server.GrpcServerProtocolClient (GrpcServerProtocolClient.java:close(103)) - a9310303-e7f9-4a41-8a27-a7a2ce3a6d76 Close channels
2023-09-07 08:56:55,516 [5b4afb20-df00-40b2-9151-744536d77108@group-9A9D866393FD-StateMachineUpdater] INFO  ratis.ContainerStateMachine (ContainerStateMachine.java:takeSnapshot(341)) - group-9A9D866393FD: Finished taking a snapshot at:(t:1, i:17) file:/home/runner/work/ozone/ozone/hadoop-ozone/integration-test/target/test-dir/MiniOzoneClusterImpl-06b57250-6369-4c93-9764-bbc94174df1e/datanode-0/data/ratis/cf4e3318-2c5c-4351-a670-9a9d866393fd/sm/snapshot.1_17 took: 3 ms
2023-09-07 08:56:55,517 [5b4afb20-df00-40b2-9151-744536d77108@group-9A9D866393FD-StateMachineUpdater] INFO  impl.StateMachineUpdater (StateMachineUpdater.java:takeSnapshot(291)) - 5b4afb20-df00-40b2-9151-744536d77108@group-9A9D866393FD-StateMachineUpdater: Took a snapshot at index 17
2023-09-07 08:56:55,517 [5b4afb20-df00-40b2-9151-744536d77108@group-9A9D866393FD-StateMachineUpdater] INFO  impl.StateMachineUpdater (StateMachineUpdater.java:lambda$new$0(97)) - 5b4afb20-df00-40b2-9151-744536d77108@group-9A9D866393FD-StateMachineUpdater: snapshotIndex: updateIncreasingly -1 -> 17
2023-09-07 08:56:55,517 [Thread-1697] INFO  server.GrpcServerProtocolClient (GrpcServerProtocolClient.java:close(103)) - a16823de-594d-4810-9c20-2473ba2acfd2 Close channels
2023-09-07 08:56:55,519 [5b4afb20-df00-40b2-9151-744536d77108-impl-thread3] INFO  server.RaftServer$Division (ServerState.java:close(472)) - 5b4afb20-df00-40b2-9151-744536d77108@group-9A9D866393FD: closes. applyIndex: 17
2023-09-07 08:56:55,521 [5b4afb20-df00-40b2-9151-744536d77108-impl-thread4] INFO  impl.StateMachineUpdater (StateMachineUpdater.java:stopAndJoin(155)) - 5b4afb20-df00-40b2-9151-744536d77108@group-778471A2FC67-StateMachineUpdater: set stopIndex = 8
2023-09-07 08:56:55,521 [main] INFO  server.GrpcService (GrpcService.java:closeImpl(320)) - a16823de-594d-4810-9c20-2473ba2acfd2: shutdown server org.apache.ratis.grpc.server.GrpcAdminProtocolService successfully
2023-09-07 08:56:55,521 [5b4afb20-df00-40b2-9151-744536d77108@group-778471A2FC67-StateMachineUpdater] INFO  ratis.ContainerStateMachine (ContainerStateMachine.java:takeSnapshot(330)) - group-778471A2FC67: Taking a snapshot at:(t:1, i:8) file /home/runner/work/ozone/ozone/hadoop-ozone/integration-test/target/test-dir/MiniOzoneClusterImpl-06b57250-6369-4c93-9764-bbc94174df1e/datanode-0/data/ratis/6d36c441-867e-42ca-89ba-778471a2fc67/sm/snapshot.1_8
2023-09-07 08:56:55,524 [5b4afb20-df00-40b2-9151-744536d77108@group-778471A2FC67-StateMachineUpdater] INFO  ratis.ContainerStateMachine (ContainerStateMachine.java:takeSnapshot(341)) - group-778471A2FC67: Finished taking a snapshot at:(t:1, i:8) file:/home/runner/work/ozone/ozone/hadoop-ozone/integration-test/target/test-dir/MiniOzoneClusterImpl-06b57250-6369-4c93-9764-bbc94174df1e/datanode-0/data/ratis/6d36c441-867e-42ca-89ba-778471a2fc67/sm/snapshot.1_8 took: 2 ms
2023-09-07 08:56:55,524 [5b4afb20-df00-40b2-9151-744536d77108@group-778471A2FC67-StateMachineUpdater] INFO  impl.StateMachineUpdater (StateMachineUpdater.java:takeSnapshot(291)) - 5b4afb20-df00-40b2-9151-744536d77108@group-778471A2FC67-StateMachineUpdater: Took a snapshot at index 8
2023-09-07 08:56:55,524 [5b4afb20-df00-40b2-9151-744536d77108@group-778471A2FC67-StateMachineUpdater] INFO  impl.StateMachineUpdater (StateMachineUpdater.java:lambda$new$0(97)) - 5b4afb20-df00-40b2-9151-744536d77108@group-778471A2FC67-StateMachineUpdater: snapshotIndex: updateIncreasingly -1 -> 8
2023-09-07 08:56:55,530 [ForkJoinPool.commonPool-worker-3] INFO  server.GrpcService (GrpcService.java:closeImpl(320)) - 5b4afb20-df00-40b2-9151-744536d77108: shutdown server org.apache.ratis.grpc.server.GrpcClientProtocolService successfully
2023-09-07 08:56:55,531 [ForkJoinPool.commonPool-worker-3] INFO  server.GrpcService (GrpcService.java:closeImpl(311)) - 5b4afb20-df00-40b2-9151-744536d77108: shutdown server GrpcServerProtocolService now
2023-09-07 08:56:55,531 [a16823de-594d-4810-9c20-2473ba2acfd2-NettyServerStreamRpc-bossGroup--thread1] INFO  logging.LoggingHandler (AbstractInternalLogger.java:log(148)) - [id: 0xe65eaded, L:/0:0:0:0:0:0:0:0:15139] CLOSE
2023-09-07 08:56:55,531 [a16823de-594d-4810-9c20-2473ba2acfd2-NettyServerStreamRpc-bossGroup--thread1] INFO  logging.LoggingHandler (AbstractInternalLogger.java:log(148)) - [id: 0xe65eaded, L:/0:0:0:0:0:0:0:0:15139] INACTIVE
2023-09-07 08:56:55,531 [a16823de-594d-4810-9c20-2473ba2acfd2-NettyServerStreamRpc-bossGroup--thread1] INFO  logging.LoggingHandler (AbstractInternalLogger.java:log(148)) - [id: 0xe65eaded, L:/0:0:0:0:0:0:0:0:15139] UNREGISTERED
2023-09-07 08:56:55,538 [5b4afb20-df00-40b2-9151-744536d77108-impl-thread4] INFO  server.RaftServer$Division (ServerState.java:close(472)) - 5b4afb20-df00-40b2-9151-744536d77108@group-778471A2FC67: closes. applyIndex: 8
2023-09-07 08:56:55,542 [ForkJoinPool.commonPool-worker-3] INFO  server.GrpcService (GrpcService.java:closeImpl(320)) - 5b4afb20-df00-40b2-9151-744536d77108: shutdown server GrpcServerProtocolService successfully
2023-09-07 08:56:55,542 [ForkJoinPool.commonPool-worker-3] INFO  server.GrpcService (GrpcService.java:closeImpl(311)) - 5b4afb20-df00-40b2-9151-744536d77108: shutdown server org.apache.ratis.grpc.server.GrpcAdminProtocolService now
2023-09-07 08:56:55,555 [ForkJoinPool.commonPool-worker-3] INFO  server.GrpcService (GrpcService.java:closeImpl(320)) - 5b4afb20-df00-40b2-9151-744536d77108: shutdown server org.apache.ratis.grpc.server.GrpcAdminProtocolService successfully
2023-09-07 08:56:55,555 [5b4afb20-df00-40b2-9151-744536d77108-NettyServerStreamRpc-bossGroup--thread1] INFO  logging.LoggingHandler (AbstractInternalLogger.java:log(148)) - [id: 0xe725473b, L:/0:0:0:0:0:0:0:0:15121] CLOSE
2023-09-07 08:56:55,555 [5b4afb20-df00-40b2-9151-744536d77108-NettyServerStreamRpc-bossGroup--thread1] INFO  logging.LoggingHandler (AbstractInternalLogger.java:log(148)) - [id: 0xe725473b, L:/0:0:0:0:0:0:0:0:15121] INACTIVE
2023-09-07 08:56:55,555 [5b4afb20-df00-40b2-9151-744536d77108-NettyServerStreamRpc-bossGroup--thread1] INFO  logging.LoggingHandler (AbstractInternalLogger.java:log(148)) - [id: 0xe725473b, L:/0:0:0:0:0:0:0:0:15121] UNREGISTERED
2023-09-07 08:56:55,568 [ForkJoinPool.commonPool-worker-0] INFO  ozoneimpl.OzoneContainer (OzoneContainer.java:stop(451)) - Attempting to stop container services.
2023-09-07 08:56:55,568 [ForkJoinPool.commonPool-worker-0] INFO  server.RaftServer (RaftServerProxy.java:lambda$close$6(416)) - ce3bbe74-48b8-4e84-ab92-3c2bb9d4f215: close
2023-09-07 08:56:55,569 [ForkJoinPool.commonPool-worker-0] INFO  server.GrpcService (GrpcService.java:closeImpl(311)) - ce3bbe74-48b8-4e84-ab92-3c2bb9d4f215: shutdown server org.apache.ratis.grpc.server.GrpcClientProtocolService now
2023-09-07 08:56:55,569 [ce3bbe74-48b8-4e84-ab92-3c2bb9d4f215-impl-thread2] INFO  server.RaftServer$Division (RaftServerImpl.java:lambda$close$4(466)) - ce3bbe74-48b8-4e84-ab92-3c2bb9d4f215@group-E7C8DE832EA6: shutdown
2023-09-07 08:56:55,569 [ce3bbe74-48b8-4e84-ab92-3c2bb9d4f215-impl-thread2] INFO  util.JmxRegister (JmxRegister.java:unregister(73)) - Successfully un-registered JMX Bean with object name Ratis:service=RaftServer,group=group-E7C8DE832EA6,id=ce3bbe74-48b8-4e84-ab92-3c2bb9d4f215
2023-09-07 08:56:55,569 [ce3bbe74-48b8-4e84-ab92-3c2bb9d4f215-impl-thread2] INFO  impl.RoleInfo (RoleInfo.java:shutdownLeaderState(93)) - ce3bbe74-48b8-4e84-ab92-3c2bb9d4f215: shutdown ce3bbe74-48b8-4e84-ab92-3c2bb9d4f215@group-E7C8DE832EA6-LeaderStateImpl
2023-09-07 08:56:55,569 [ce3bbe74-48b8-4e84-ab92-3c2bb9d4f215-impl-thread2] INFO  impl.PendingRequests (PendingRequests.java:sendNotLeaderResponses(289)) - ce3bbe74-48b8-4e84-ab92-3c2bb9d4f215@group-E7C8DE832EA6-PendingRequests: sendNotLeaderResponses
2023-09-07 08:56:55,570 [ce3bbe74-48b8-4e84-ab92-3c2bb9d4f215@group-E7C8DE832EA6-StateMachineUpdater] INFO  ratis.ContainerStateMachine (ContainerStateMachine.java:takeSnapshot(330)) - group-E7C8DE832EA6: Taking a snapshot at:(t:1, i:0) file /home/runner/work/ozone/ozone/hadoop-ozone/integration-test/target/test-dir/MiniOzoneClusterImpl-06b57250-6369-4c93-9764-bbc94174df1e/datanode-4/data/ratis/d2d516a1-2eed-42ef-b27d-e7c8de832ea6/sm/snapshot.1_0
2023-09-07 08:56:55,570 [ce3bbe74-48b8-4e84-ab92-3c2bb9d4f215-impl-thread2] INFO  impl.StateMachineUpdater (StateMachineUpdater.java:stopAndJoin(155)) - ce3bbe74-48b8-4e84-ab92-3c2bb9d4f215@group-E7C8DE832EA6-StateMachineUpdater: set stopIndex = 0
2023-09-07 08:56:55,571 [ForkJoinPool.commonPool-worker-0] INFO  server.GrpcService (GrpcService.java:closeImpl(320)) - ce3bbe74-48b8-4e84-ab92-3c2bb9d4f215: shutdown server org.apache.ratis.grpc.server.GrpcClientProtocolService successfully
2023-09-07 08:56:55,571 [ce3bbe74-48b8-4e84-ab92-3c2bb9d4f215@group-E7C8DE832EA6-StateMachineUpdater] INFO  ratis.ContainerStateMachine (ContainerStateMachine.java:takeSnapshot(341)) - group-E7C8DE832EA6: Finished taking a snapshot at:(t:1, i:0) file:/home/runner/work/ozone/ozone/hadoop-ozone/integration-test/target/test-dir/MiniOzoneClusterImpl-06b57250-6369-4c93-9764-bbc94174df1e/datanode-4/data/ratis/d2d516a1-2eed-42ef-b27d-e7c8de832ea6/sm/snapshot.1_0 took: 1 ms
2023-09-07 08:56:55,571 [ForkJoinPool.commonPool-worker-0] INFO  server.GrpcService (GrpcService.java:closeImpl(311)) - ce3bbe74-48b8-4e84-ab92-3c2bb9d4f215: shutdown server GrpcServerProtocolService now
2023-09-07 08:56:55,571 [ce3bbe74-48b8-4e84-ab92-3c2bb9d4f215@group-E7C8DE832EA6-StateMachineUpdater] INFO  impl.StateMachineUpdater (StateMachineUpdater.java:takeSnapshot(291)) - ce3bbe74-48b8-4e84-ab92-3c2bb9d4f215@group-E7C8DE832EA6-StateMachineUpdater: Took a snapshot at index 0
2023-09-07 08:56:55,571 [ce3bbe74-48b8-4e84-ab92-3c2bb9d4f215@group-E7C8DE832EA6-StateMachineUpdater] INFO  impl.StateMachineUpdater (StateMachineUpdater.java:lambda$new$0(97)) - ce3bbe74-48b8-4e84-ab92-3c2bb9d4f215@group-E7C8DE832EA6-StateMachineUpdater: snapshotIndex: updateIncreasingly -1 -> 0
2023-09-07 08:56:55,572 [ce3bbe74-48b8-4e84-ab92-3c2bb9d4f215-impl-thread2] INFO  server.RaftServer$Division (ServerState.java:close(472)) - ce3bbe74-48b8-4e84-ab92-3c2bb9d4f215@group-E7C8DE832EA6: closes. applyIndex: 0
2023-09-07 08:56:55,592 [ForkJoinPool.commonPool-worker-1] INFO  ozoneimpl.OzoneContainer (OzoneContainer.java:stop(451)) - Attempting to stop container services.
2023-09-07 08:56:55,596 [ForkJoinPool.commonPool-worker-0] INFO  server.GrpcService (GrpcService.java:closeImpl(320)) - ce3bbe74-48b8-4e84-ab92-3c2bb9d4f215: shutdown server GrpcServerProtocolService successfully
2023-09-07 08:56:55,596 [ForkJoinPool.commonPool-worker-0] INFO  server.GrpcService (GrpcService.java:closeImpl(311)) - ce3bbe74-48b8-4e84-ab92-3c2bb9d4f215: shutdown server org.apache.ratis.grpc.server.GrpcAdminProtocolService now
2023-09-07 08:56:55,602 [ForkJoinPool.commonPool-worker-0] INFO  server.GrpcService (GrpcService.java:closeImpl(320)) - ce3bbe74-48b8-4e84-ab92-3c2bb9d4f215: shutdown server org.apache.ratis.grpc.server.GrpcAdminProtocolService successfully
2023-09-07 08:56:55,603 [ForkJoinPool.commonPool-worker-1] INFO  server.RaftServer (RaftServerProxy.java:lambda$close$6(416)) - 59e7d543-5a74-4c1b-8513-ed64d8264a1e: close
2023-09-07 08:56:55,603 [ce3bbe74-48b8-4e84-ab92-3c2bb9d4f215-NettyServerStreamRpc-bossGroup--thread1] INFO  logging.LoggingHandler (AbstractInternalLogger.java:log(148)) - [id: 0x108faec9, L:/0:0:0:0:0:0:0:0:15157] CLOSE
2023-09-07 08:56:55,603 [ce3bbe74-48b8-4e84-ab92-3c2bb9d4f215-NettyServerStreamRpc-bossGroup--thread1] INFO  logging.LoggingHandler (AbstractInternalLogger.java:log(148)) - [id: 0x108faec9, L:/0:0:0:0:0:0:0:0:15157] INACTIVE
2023-09-07 08:56:55,603 [ce3bbe74-48b8-4e84-ab92-3c2bb9d4f215-NettyServerStreamRpc-bossGroup--thread1] INFO  logging.LoggingHandler (AbstractInternalLogger.java:log(148)) - [id: 0x108faec9, L:/0:0:0:0:0:0:0:0:15157] UNREGISTERED
2023-09-07 08:56:55,603 [ForkJoinPool.commonPool-worker-1] INFO  server.GrpcService (GrpcService.java:closeImpl(311)) - 59e7d543-5a74-4c1b-8513-ed64d8264a1e: shutdown server org.apache.ratis.grpc.server.GrpcClientProtocolService now
2023-09-07 08:56:55,603 [59e7d543-5a74-4c1b-8513-ed64d8264a1e-impl-thread2] INFO  server.RaftServer$Division (RaftServerImpl.java:lambda$close$4(466)) - 59e7d543-5a74-4c1b-8513-ed64d8264a1e@group-01C253AA59CC: shutdown
2023-09-07 08:56:55,604 [59e7d543-5a74-4c1b-8513-ed64d8264a1e-impl-thread2] INFO  util.JmxRegister (JmxRegister.java:unregister(73)) - Successfully un-registered JMX Bean with object name Ratis:service=RaftServer,group=group-01C253AA59CC,id=59e7d543-5a74-4c1b-8513-ed64d8264a1e
2023-09-07 08:56:55,604 [59e7d543-5a74-4c1b-8513-ed64d8264a1e-impl-thread2] INFO  impl.RoleInfo (RoleInfo.java:shutdownLeaderState(93)) - 59e7d543-5a74-4c1b-8513-ed64d8264a1e: shutdown 59e7d543-5a74-4c1b-8513-ed64d8264a1e@group-01C253AA59CC-LeaderStateImpl
2023-09-07 08:56:55,604 [59e7d543-5a74-4c1b-8513-ed64d8264a1e-impl-thread2] INFO  impl.PendingRequests (PendingRequests.java:sendNotLeaderResponses(289)) - 59e7d543-5a74-4c1b-8513-ed64d8264a1e@group-01C253AA59CC-PendingRequests: sendNotLeaderResponses
2023-09-07 08:56:55,604 [ForkJoinPool.commonPool-worker-1] INFO  server.GrpcService (GrpcService.java:closeImpl(320)) - 59e7d543-5a74-4c1b-8513-ed64d8264a1e: shutdown server org.apache.ratis.grpc.server.GrpcClientProtocolService successfully
2023-09-07 08:56:55,604 [ForkJoinPool.commonPool-worker-1] INFO  server.GrpcService (GrpcService.java:closeImpl(311)) - 59e7d543-5a74-4c1b-8513-ed64d8264a1e: shutdown server GrpcServerProtocolService now
2023-09-07 08:56:55,604 [59e7d543-5a74-4c1b-8513-ed64d8264a1e-impl-thread2] INFO  impl.StateMachineUpdater (StateMachineUpdater.java:stopAndJoin(155)) - 59e7d543-5a74-4c1b-8513-ed64d8264a1e@group-01C253AA59CC-StateMachineUpdater: set stopIndex = 0
2023-09-07 08:56:55,627 [59e7d543-5a74-4c1b-8513-ed64d8264a1e@group-01C253AA59CC-StateMachineUpdater] INFO  ratis.ContainerStateMachine (ContainerStateMachine.java:takeSnapshot(330)) - group-01C253AA59CC: Taking a snapshot at:(t:1, i:0) file /home/runner/work/ozone/ozone/hadoop-ozone/integration-test/target/test-dir/MiniOzoneClusterImpl-06b57250-6369-4c93-9764-bbc94174df1e/datanode-3/data/ratis/49ec77ea-b816-48a6-a8a8-01c253aa59cc/sm/snapshot.1_0
2023-09-07 08:56:55,628 [59e7d543-5a74-4c1b-8513-ed64d8264a1e@group-01C253AA59CC-StateMachineUpdater] INFO  ratis.ContainerStateMachine (ContainerStateMachine.java:takeSnapshot(341)) - group-01C253AA59CC: Finished taking a snapshot at:(t:1, i:0) file:/home/runner/work/ozone/ozone/hadoop-ozone/integration-test/target/test-dir/MiniOzoneClusterImpl-06b57250-6369-4c93-9764-bbc94174df1e/datanode-3/data/ratis/49ec77ea-b816-48a6-a8a8-01c253aa59cc/sm/snapshot.1_0 took: 1 ms
2023-09-07 08:56:55,628 [59e7d543-5a74-4c1b-8513-ed64d8264a1e@group-01C253AA59CC-StateMachineUpdater] INFO  impl.StateMachineUpdater (StateMachineUpdater.java:takeSnapshot(291)) - 59e7d543-5a74-4c1b-8513-ed64d8264a1e@group-01C253AA59CC-StateMachineUpdater: Took a snapshot at index 0
2023-09-07 08:56:55,628 [59e7d543-5a74-4c1b-8513-ed64d8264a1e@group-01C253AA59CC-StateMachineUpdater] INFO  impl.StateMachineUpdater (StateMachineUpdater.java:lambda$new$0(97)) - 59e7d543-5a74-4c1b-8513-ed64d8264a1e@group-01C253AA59CC-StateMachineUpdater: snapshotIndex: updateIncreasingly -1 -> 0
2023-09-07 08:56:55,628 [59e7d543-5a74-4c1b-8513-ed64d8264a1e-impl-thread2] INFO  server.RaftServer$Division (ServerState.java:close(472)) - 59e7d543-5a74-4c1b-8513-ed64d8264a1e@group-01C253AA59CC: closes. applyIndex: 0
2023-09-07 08:56:55,635 [ForkJoinPool.commonPool-worker-1] INFO  server.GrpcService (GrpcService.java:closeImpl(320)) - 59e7d543-5a74-4c1b-8513-ed64d8264a1e: shutdown server GrpcServerProtocolService successfully
2023-09-07 08:56:55,635 [ForkJoinPool.commonPool-worker-1] INFO  server.GrpcService (GrpcService.java:closeImpl(311)) - 59e7d543-5a74-4c1b-8513-ed64d8264a1e: shutdown server org.apache.ratis.grpc.server.GrpcAdminProtocolService now
2023-09-07 08:56:55,637 [ForkJoinPool.commonPool-worker-1] INFO  server.GrpcService (GrpcService.java:closeImpl(320)) - 59e7d543-5a74-4c1b-8513-ed64d8264a1e: shutdown server org.apache.ratis.grpc.server.GrpcAdminProtocolService successfully
2023-09-07 08:56:55,637 [59e7d543-5a74-4c1b-8513-ed64d8264a1e-NettyServerStreamRpc-bossGroup--thread1] INFO  logging.LoggingHandler (AbstractInternalLogger.java:log(148)) - [id: 0x188328e7, L:/0:0:0:0:0:0:0:0:15148] CLOSE
2023-09-07 08:56:55,637 [59e7d543-5a74-4c1b-8513-ed64d8264a1e-NettyServerStreamRpc-bossGroup--thread1] INFO  logging.LoggingHandler (AbstractInternalLogger.java:log(148)) - [id: 0x188328e7, L:/0:0:0:0:0:0:0:0:15148] INACTIVE
2023-09-07 08:56:55,637 [59e7d543-5a74-4c1b-8513-ed64d8264a1e-NettyServerStreamRpc-bossGroup--thread1] INFO  logging.LoggingHandler (AbstractInternalLogger.java:log(148)) - [id: 0x188328e7, L:/0:0:0:0:0:0:0:0:15148] UNREGISTERED
2023-09-07 08:56:56,312 [a16823de-594d-4810-9c20-2473ba2acfd2-impl-thread3] INFO  segmented.SegmentedRaftLogWorker (SegmentedRaftLogWorker.java:close(252)) - a16823de-594d-4810-9c20-2473ba2acfd2@group-9A9D866393FD-SegmentedRaftLogWorker close()
2023-09-07 08:56:56,314 [JvmPauseMonitor18] INFO  util.JvmPauseMonitor (JvmPauseMonitor.java:run(109)) - JvmPauseMonitor-a16823de-594d-4810-9c20-2473ba2acfd2: Stopped
2023-09-07 08:56:56,318 [a9310303-e7f9-4a41-8a27-a7a2ce3a6d76-impl-thread2] INFO  segmented.SegmentedRaftLogWorker (SegmentedRaftLogWorker.java:close(252)) - a9310303-e7f9-4a41-8a27-a7a2ce3a6d76@group-9A9D866393FD-SegmentedRaftLogWorker close()
2023-09-07 08:56:56,319 [JvmPauseMonitor17] INFO  util.JvmPauseMonitor (JvmPauseMonitor.java:run(109)) - JvmPauseMonitor-a9310303-e7f9-4a41-8a27-a7a2ce3a6d76: Stopped
2023-09-07 08:56:56,320 [5b4afb20-df00-40b2-9151-744536d77108-impl-thread3] INFO  segmented.SegmentedRaftLogWorker (SegmentedRaftLogWorker.java:close(252)) - 5b4afb20-df00-40b2-9151-744536d77108@group-9A9D866393FD-SegmentedRaftLogWorker close()
2023-09-07 08:56:56,469 [5b4afb20-df00-40b2-9151-744536d77108-impl-thread2] INFO  segmented.SegmentedRaftLogWorker (SegmentedRaftLogWorker.java:close(252)) - 5b4afb20-df00-40b2-9151-744536d77108@group-8A94105D6FCF-SegmentedRaftLogWorker close()
2023-09-07 08:56:56,471 [ce3bbe74-48b8-4e84-ab92-3c2bb9d4f215-impl-thread2] INFO  segmented.SegmentedRaftLogWorker (SegmentedRaftLogWorker.java:close(252)) - ce3bbe74-48b8-4e84-ab92-3c2bb9d4f215@group-E7C8DE832EA6-SegmentedRaftLogWorker close()
2023-09-07 08:56:56,472 [59e7d543-5a74-4c1b-8513-ed64d8264a1e-impl-thread2] INFO  segmented.SegmentedRaftLogWorker (SegmentedRaftLogWorker.java:close(252)) - 59e7d543-5a74-4c1b-8513-ed64d8264a1e@group-01C253AA59CC-SegmentedRaftLogWorker close()
2023-09-07 08:56:56,472 [JvmPauseMonitor19] INFO  util.JvmPauseMonitor (JvmPauseMonitor.java:run(109)) - JvmPauseMonitor-59e7d543-5a74-4c1b-8513-ed64d8264a1e: Stopped
2023-09-07 08:56:56,475 [5b4afb20-df00-40b2-9151-744536d77108-impl-thread4] INFO  segmented.SegmentedRaftLogWorker (SegmentedRaftLogWorker.java:close(252)) - 5b4afb20-df00-40b2-9151-744536d77108@group-778471A2FC67-SegmentedRaftLogWorker close()
2023-09-07 08:56:56,476 [JvmPauseMonitor20] INFO  util.JvmPauseMonitor (JvmPauseMonitor.java:run(109)) - JvmPauseMonitor-ce3bbe74-48b8-4e84-ab92-3c2bb9d4f215: Stopped
2023-09-07 08:56:56,476 [JvmPauseMonitor16] INFO  util.JvmPauseMonitor (JvmPauseMonitor.java:run(109)) - JvmPauseMonitor-5b4afb20-df00-40b2-9151-744536d77108: Stopped
2023-09-07 08:56:58,319 [main] INFO  utils.DatanodeStoreCache (DatanodeStoreCache.java:shutdownCache(110)) - Skip clearing cache in mini cluster mode. Entries left: [/home/runner/work/ozone/ozone/hadoop-ozone/integration-test/target/test-dir/MiniOzoneClusterImpl-06b57250-6369-4c93-9764-bbc94174df1e/datanode-0/data-0/containers/hdds/06b57250-6369-4c93-9764-bbc94174df1e/DS-b08655ad-2368-4d7b-ac47-ce7d1bd2b179/container.db, /home/runner/work/ozone/ozone/hadoop-ozone/integration-test/target/test-dir/MiniOzoneClusterImpl-06b57250-6369-4c93-9764-bbc94174df1e/datanode-1/data-0/containers/hdds/06b57250-6369-4c93-9764-bbc94174df1e/DS-81bebe36-5531-4286-a243-1c9942889c33/container.db, /home/runner/work/ozone/ozone/hadoop-ozone/integration-test/target/test-dir/MiniOzoneClusterImpl-06b57250-6369-4c93-9764-bbc94174df1e/datanode-2/data-0/containers/hdds/06b57250-6369-4c93-9764-bbc94174df1e/DS-6d33a3ec-d014-4e2b-89a4-32aad1b70bd6/container.db, /home/runner/work/ozone/ozone/hadoop-ozone/integration-test/target/test-dir/MiniOzoneClusterImpl-06b57250-6369-4c93-9764-bbc94174df1e/datanode-3/data-0/containers/hdds/06b57250-6369-4c93-9764-bbc94174df1e/DS-f5822e31-18c9-49c1-8bc0-81b091c79eed/container.db, /home/runner/work/ozone/ozone/hadoop-ozone/integration-test/target/test-dir/MiniOzoneClusterImpl-06b57250-6369-4c93-9764-bbc94174df1e/datanode-4/data-0/containers/hdds/06b57250-6369-4c93-9764-bbc94174df1e/DS-5bcf51e8-a694-4f68-b7ab-bc05f3830439/container.db]
2023-09-07 08:56:58,323 [main] INFO  utils.DatanodeStoreCache (DatanodeStoreCache.java:removeDB(104)) - Removed db /home/runner/work/ozone/ozone/hadoop-ozone/integration-test/target/test-dir/MiniOzoneClusterImpl-06b57250-6369-4c93-9764-bbc94174df1e/datanode-2/data-0/containers/hdds/06b57250-6369-4c93-9764-bbc94174df1e/DS-6d33a3ec-d014-4e2b-89a4-32aad1b70bd6/container.db from cache
2023-09-07 08:56:58,323 [main] INFO  volume.HddsVolume (HddsVolume.java:closeDbStore(453)) - SchemaV3 db is stopped at /home/runner/work/ozone/ozone/hadoop-ozone/integration-test/target/test-dir/MiniOzoneClusterImpl-06b57250-6369-4c93-9764-bbc94174df1e/datanode-2/data-0/containers/hdds/06b57250-6369-4c93-9764-bbc94174df1e/DS-6d33a3ec-d014-4e2b-89a4-32aad1b70bd6/container.db for volume DS-6d33a3ec-d014-4e2b-89a4-32aad1b70bd6
2023-09-07 08:56:58,323 [main] INFO  utils.BackgroundService (BackgroundService.java:shutdown(141)) - Shutting down service BlockDeletingService
2023-09-07 08:56:58,325 [main] INFO  utils.BackgroundService (BackgroundService.java:shutdown(141)) - Shutting down service StaleRecoveringContainerScrubbingService
2023-09-07 08:56:58,327 [ForkJoinPool.commonPool-worker-2] INFO  utils.DatanodeStoreCache (DatanodeStoreCache.java:shutdownCache(110)) - Skip clearing cache in mini cluster mode. Entries left: [/home/runner/work/ozone/ozone/hadoop-ozone/integration-test/target/test-dir/MiniOzoneClusterImpl-06b57250-6369-4c93-9764-bbc94174df1e/datanode-0/data-0/containers/hdds/06b57250-6369-4c93-9764-bbc94174df1e/DS-b08655ad-2368-4d7b-ac47-ce7d1bd2b179/container.db, /home/runner/work/ozone/ozone/hadoop-ozone/integration-test/target/test-dir/MiniOzoneClusterImpl-06b57250-6369-4c93-9764-bbc94174df1e/datanode-1/data-0/containers/hdds/06b57250-6369-4c93-9764-bbc94174df1e/DS-81bebe36-5531-4286-a243-1c9942889c33/container.db, /home/runner/work/ozone/ozone/hadoop-ozone/integration-test/target/test-dir/MiniOzoneClusterImpl-06b57250-6369-4c93-9764-bbc94174df1e/datanode-3/data-0/containers/hdds/06b57250-6369-4c93-9764-bbc94174df1e/DS-f5822e31-18c9-49c1-8bc0-81b091c79eed/container.db, /home/runner/work/ozone/ozone/hadoop-ozone/integration-test/target/test-dir/MiniOzoneClusterImpl-06b57250-6369-4c93-9764-bbc94174df1e/datanode-4/data-0/containers/hdds/06b57250-6369-4c93-9764-bbc94174df1e/DS-5bcf51e8-a694-4f68-b7ab-bc05f3830439/container.db]
2023-09-07 08:56:58,333 [main] INFO  statemachine.DatanodeStateMachine (DatanodeStateMachine.java:stopDaemon(620)) - Ozone container server stopped.
2023-09-07 08:56:58,334 [ForkJoinPool.commonPool-worker-2] INFO  utils.DatanodeStoreCache (DatanodeStoreCache.java:removeDB(104)) - Removed db /home/runner/work/ozone/ozone/hadoop-ozone/integration-test/target/test-dir/MiniOzoneClusterImpl-06b57250-6369-4c93-9764-bbc94174df1e/datanode-1/data-0/containers/hdds/06b57250-6369-4c93-9764-bbc94174df1e/DS-81bebe36-5531-4286-a243-1c9942889c33/container.db from cache
2023-09-07 08:56:58,334 [ForkJoinPool.commonPool-worker-2] INFO  volume.HddsVolume (HddsVolume.java:closeDbStore(453)) - SchemaV3 db is stopped at /home/runner/work/ozone/ozone/hadoop-ozone/integration-test/target/test-dir/MiniOzoneClusterImpl-06b57250-6369-4c93-9764-bbc94174df1e/datanode-1/data-0/containers/hdds/06b57250-6369-4c93-9764-bbc94174df1e/DS-81bebe36-5531-4286-a243-1c9942889c33/container.db for volume DS-81bebe36-5531-4286-a243-1c9942889c33
2023-09-07 08:56:58,338 [ForkJoinPool.commonPool-worker-2] INFO  utils.BackgroundService (BackgroundService.java:shutdown(141)) - Shutting down service BlockDeletingService
2023-09-07 08:56:58,339 [ForkJoinPool.commonPool-worker-2] INFO  utils.BackgroundService (BackgroundService.java:shutdown(141)) - Shutting down service StaleRecoveringContainerScrubbingService
2023-09-07 08:56:58,340 [ForkJoinPool.commonPool-worker-2] INFO  statemachine.DatanodeStateMachine (DatanodeStateMachine.java:stopDaemon(620)) - Ozone container server stopped.
2023-09-07 08:56:58,353 [main] INFO  handler.ContextHandler (ContextHandler.java:doStop(1159)) - Stopped o.e.j.w.WebAppContext@757b4a19{hddsDatanode,/,null,STOPPED}{jar:file:/home/runner/.m2/repository/org/apache/ozone/hdds-container-service/1.4.0-SNAPSHOT/hdds-container-service-1.4.0-SNAPSHOT.jar!/webapps/hddsDatanode}
2023-09-07 08:56:58,353 [main] INFO  server.AbstractConnector (AbstractConnector.java:doStop(383)) - Stopped ServerConnector@5addd523{HTTP/1.1, (http/1.1)}{0.0.0.0:15133}
2023-09-07 08:56:58,354 [main] INFO  server.session (HouseKeeper.java:stopScavenging(149)) - node0 Stopped scavenging
2023-09-07 08:56:58,354 [main] INFO  handler.ContextHandler (ContextHandler.java:doStop(1159)) - Stopped o.e.j.s.ServletContextHandler@47d91a2d{static,/static,jar:file:/home/runner/.m2/repository/org/apache/ozone/hdds-container-service/1.4.0-SNAPSHOT/hdds-container-service-1.4.0-SNAPSHOT.jar!/webapps/static,STOPPED}
2023-09-07 08:56:58,354 [main] INFO  handler.ContextHandler (ContextHandler.java:doStop(1159)) - Stopped o.e.j.s.ServletContextHandler@5dddd61f{logs,/logs,file:///home/runner/work/ozone/ozone/hadoop-ozone/integration-test/target/log,STOPPED}
2023-09-07 08:56:58,355 [main] INFO  ozone.HddsDatanodeClientProtocolServer (HddsDatanodeClientProtocolServer.java:stop(78)) - Stopping the RPC server for Client Protocol
2023-09-07 08:56:58,355 [main] INFO  ipc.Server (Server.java:stop(3523)) - Stopping server on 15134
2023-09-07 08:56:58,357 [IPC Server listener on 15134] INFO  ipc.Server (Server.java:run(1434)) - Stopping IPC Server listener on 15134
2023-09-07 08:56:58,357 [IPC Server Responder] INFO  ipc.Server (Server.java:run(1567)) - Stopping IPC Server Responder
2023-09-07 08:56:58,361 [ForkJoinPool.commonPool-worker-2] INFO  handler.ContextHandler (ContextHandler.java:doStop(1159)) - Stopped o.e.j.w.WebAppContext@38166a4e{hddsDatanode,/,null,STOPPED}{jar:file:/home/runner/.m2/repository/org/apache/ozone/hdds-container-service/1.4.0-SNAPSHOT/hdds-container-service-1.4.0-SNAPSHOT.jar!/webapps/hddsDatanode}
2023-09-07 08:56:58,361 [ForkJoinPool.commonPool-worker-2] INFO  server.AbstractConnector (AbstractConnector.java:doStop(383)) - Stopped ServerConnector@1634c79c{HTTP/1.1, (http/1.1)}{0.0.0.0:15124}
2023-09-07 08:56:58,361 [ForkJoinPool.commonPool-worker-2] INFO  server.session (HouseKeeper.java:stopScavenging(149)) - node0 Stopped scavenging
2023-09-07 08:56:58,364 [ForkJoinPool.commonPool-worker-2] INFO  handler.ContextHandler (ContextHandler.java:doStop(1159)) - Stopped o.e.j.s.ServletContextHandler@466373a9{static,/static,jar:file:/home/runner/.m2/repository/org/apache/ozone/hdds-container-service/1.4.0-SNAPSHOT/hdds-container-service-1.4.0-SNAPSHOT.jar!/webapps/static,STOPPED}
2023-09-07 08:56:58,364 [ForkJoinPool.commonPool-worker-2] INFO  handler.ContextHandler (ContextHandler.java:doStop(1159)) - Stopped o.e.j.s.ServletContextHandler@65e65448{logs,/logs,file:///home/runner/work/ozone/ozone/hadoop-ozone/integration-test/target/log,STOPPED}
2023-09-07 08:56:58,365 [ForkJoinPool.commonPool-worker-2] INFO  ozone.HddsDatanodeClientProtocolServer (HddsDatanodeClientProtocolServer.java:stop(78)) - Stopping the RPC server for Client Protocol
2023-09-07 08:56:58,365 [ForkJoinPool.commonPool-worker-2] INFO  ipc.Server (Server.java:stop(3523)) - Stopping server on 15125
2023-09-07 08:56:58,368 [IPC Server listener on 15125] INFO  ipc.Server (Server.java:run(1434)) - Stopping IPC Server listener on 15125
2023-09-07 08:56:58,369 [IPC Server Responder] INFO  ipc.Server (Server.java:run(1567)) - Stopping IPC Server Responder
2023-09-07 08:56:58,477 [ForkJoinPool.commonPool-worker-1] INFO  utils.DatanodeStoreCache (DatanodeStoreCache.java:shutdownCache(110)) - Skip clearing cache in mini cluster mode. Entries left: [/home/runner/work/ozone/ozone/hadoop-ozone/integration-test/target/test-dir/MiniOzoneClusterImpl-06b57250-6369-4c93-9764-bbc94174df1e/datanode-0/data-0/containers/hdds/06b57250-6369-4c93-9764-bbc94174df1e/DS-b08655ad-2368-4d7b-ac47-ce7d1bd2b179/container.db, /home/runner/work/ozone/ozone/hadoop-ozone/integration-test/target/test-dir/MiniOzoneClusterImpl-06b57250-6369-4c93-9764-bbc94174df1e/datanode-3/data-0/containers/hdds/06b57250-6369-4c93-9764-bbc94174df1e/DS-f5822e31-18c9-49c1-8bc0-81b091c79eed/container.db, /home/runner/work/ozone/ozone/hadoop-ozone/integration-test/target/test-dir/MiniOzoneClusterImpl-06b57250-6369-4c93-9764-bbc94174df1e/datanode-4/data-0/containers/hdds/06b57250-6369-4c93-9764-bbc94174df1e/DS-5bcf51e8-a694-4f68-b7ab-bc05f3830439/container.db]
2023-09-07 08:56:58,481 [ForkJoinPool.commonPool-worker-1] INFO  utils.DatanodeStoreCache (DatanodeStoreCache.java:removeDB(104)) - Removed db /home/runner/work/ozone/ozone/hadoop-ozone/integration-test/target/test-dir/MiniOzoneClusterImpl-06b57250-6369-4c93-9764-bbc94174df1e/datanode-3/data-0/containers/hdds/06b57250-6369-4c93-9764-bbc94174df1e/DS-f5822e31-18c9-49c1-8bc0-81b091c79eed/container.db from cache
2023-09-07 08:56:58,481 [ForkJoinPool.commonPool-worker-1] INFO  volume.HddsVolume (HddsVolume.java:closeDbStore(453)) - SchemaV3 db is stopped at /home/runner/work/ozone/ozone/hadoop-ozone/integration-test/target/test-dir/MiniOzoneClusterImpl-06b57250-6369-4c93-9764-bbc94174df1e/datanode-3/data-0/containers/hdds/06b57250-6369-4c93-9764-bbc94174df1e/DS-f5822e31-18c9-49c1-8bc0-81b091c79eed/container.db for volume DS-f5822e31-18c9-49c1-8bc0-81b091c79eed
2023-09-07 08:56:58,482 [ForkJoinPool.commonPool-worker-0] INFO  utils.DatanodeStoreCache (DatanodeStoreCache.java:shutdownCache(110)) - Skip clearing cache in mini cluster mode. Entries left: [/home/runner/work/ozone/ozone/hadoop-ozone/integration-test/target/test-dir/MiniOzoneClusterImpl-06b57250-6369-4c93-9764-bbc94174df1e/datanode-0/data-0/containers/hdds/06b57250-6369-4c93-9764-bbc94174df1e/DS-b08655ad-2368-4d7b-ac47-ce7d1bd2b179/container.db, /home/runner/work/ozone/ozone/hadoop-ozone/integration-test/target/test-dir/MiniOzoneClusterImpl-06b57250-6369-4c93-9764-bbc94174df1e/datanode-4/data-0/containers/hdds/06b57250-6369-4c93-9764-bbc94174df1e/DS-5bcf51e8-a694-4f68-b7ab-bc05f3830439/container.db]
2023-09-07 08:56:58,487 [ForkJoinPool.commonPool-worker-3] INFO  utils.DatanodeStoreCache (DatanodeStoreCache.java:shutdownCache(110)) - Skip clearing cache in mini cluster mode. Entries left: [/home/runner/work/ozone/ozone/hadoop-ozone/integration-test/target/test-dir/MiniOzoneClusterImpl-06b57250-6369-4c93-9764-bbc94174df1e/datanode-0/data-0/containers/hdds/06b57250-6369-4c93-9764-bbc94174df1e/DS-b08655ad-2368-4d7b-ac47-ce7d1bd2b179/container.db, /home/runner/work/ozone/ozone/hadoop-ozone/integration-test/target/test-dir/MiniOzoneClusterImpl-06b57250-6369-4c93-9764-bbc94174df1e/datanode-4/data-0/containers/hdds/06b57250-6369-4c93-9764-bbc94174df1e/DS-5bcf51e8-a694-4f68-b7ab-bc05f3830439/container.db]
2023-09-07 08:56:58,489 [ForkJoinPool.commonPool-worker-0] INFO  utils.DatanodeStoreCache (DatanodeStoreCache.java:removeDB(104)) - Removed db /home/runner/work/ozone/ozone/hadoop-ozone/integration-test/target/test-dir/MiniOzoneClusterImpl-06b57250-6369-4c93-9764-bbc94174df1e/datanode-4/data-0/containers/hdds/06b57250-6369-4c93-9764-bbc94174df1e/DS-5bcf51e8-a694-4f68-b7ab-bc05f3830439/container.db from cache
2023-09-07 08:56:58,489 [ForkJoinPool.commonPool-worker-0] INFO  volume.HddsVolume (HddsVolume.java:closeDbStore(453)) - SchemaV3 db is stopped at /home/runner/work/ozone/ozone/hadoop-ozone/integration-test/target/test-dir/MiniOzoneClusterImpl-06b57250-6369-4c93-9764-bbc94174df1e/datanode-4/data-0/containers/hdds/06b57250-6369-4c93-9764-bbc94174df1e/DS-5bcf51e8-a694-4f68-b7ab-bc05f3830439/container.db for volume DS-5bcf51e8-a694-4f68-b7ab-bc05f3830439
2023-09-07 08:56:58,489 [ForkJoinPool.commonPool-worker-0] INFO  utils.BackgroundService (BackgroundService.java:shutdown(141)) - Shutting down service BlockDeletingService
2023-09-07 08:56:58,490 [ForkJoinPool.commonPool-worker-3] INFO  utils.DatanodeStoreCache (DatanodeStoreCache.java:removeDB(104)) - Removed db /home/runner/work/ozone/ozone/hadoop-ozone/integration-test/target/test-dir/MiniOzoneClusterImpl-06b57250-6369-4c93-9764-bbc94174df1e/datanode-0/data-0/containers/hdds/06b57250-6369-4c93-9764-bbc94174df1e/DS-b08655ad-2368-4d7b-ac47-ce7d1bd2b179/container.db from cache
2023-09-07 08:56:58,490 [ForkJoinPool.commonPool-worker-3] INFO  volume.HddsVolume (HddsVolume.java:closeDbStore(453)) - SchemaV3 db is stopped at /home/runner/work/ozone/ozone/hadoop-ozone/integration-test/target/test-dir/MiniOzoneClusterImpl-06b57250-6369-4c93-9764-bbc94174df1e/datanode-0/data-0/containers/hdds/06b57250-6369-4c93-9764-bbc94174df1e/DS-b08655ad-2368-4d7b-ac47-ce7d1bd2b179/container.db for volume DS-b08655ad-2368-4d7b-ac47-ce7d1bd2b179
2023-09-07 08:56:58,490 [ForkJoinPool.commonPool-worker-3] INFO  utils.BackgroundService (BackgroundService.java:shutdown(141)) - Shutting down service BlockDeletingService
2023-09-07 08:56:58,490 [ForkJoinPool.commonPool-worker-0] INFO  utils.BackgroundService (BackgroundService.java:shutdown(141)) - Shutting down service StaleRecoveringContainerScrubbingService
2023-09-07 08:56:58,490 [ForkJoinPool.commonPool-worker-3] INFO  utils.BackgroundService (BackgroundService.java:shutdown(141)) - Shutting down service StaleRecoveringContainerScrubbingService
2023-09-07 08:56:58,491 [ForkJoinPool.commonPool-worker-3] INFO  statemachine.DatanodeStateMachine (DatanodeStateMachine.java:stopDaemon(620)) - Ozone container server stopped.
2023-09-07 08:56:58,492 [ForkJoinPool.commonPool-worker-1] INFO  utils.BackgroundService (BackgroundService.java:shutdown(141)) - Shutting down service BlockDeletingService
2023-09-07 08:56:58,493 [ForkJoinPool.commonPool-worker-0] INFO  statemachine.DatanodeStateMachine (DatanodeStateMachine.java:stopDaemon(620)) - Ozone container server stopped.
2023-09-07 08:56:58,494 [ForkJoinPool.commonPool-worker-1] INFO  utils.BackgroundService (BackgroundService.java:shutdown(141)) - Shutting down service StaleRecoveringContainerScrubbingService
2023-09-07 08:56:58,498 [ForkJoinPool.commonPool-worker-1] INFO  statemachine.DatanodeStateMachine (DatanodeStateMachine.java:stopDaemon(620)) - Ozone container server stopped.
2023-09-07 08:56:58,517 [ForkJoinPool.commonPool-worker-1] INFO  handler.ContextHandler (ContextHandler.java:doStop(1159)) - Stopped o.e.j.w.WebAppContext@51c60fe2{hddsDatanode,/,null,STOPPED}{jar:file:/home/runner/.m2/repository/org/apache/ozone/hdds-container-service/1.4.0-SNAPSHOT/hdds-container-service-1.4.0-SNAPSHOT.jar!/webapps/hddsDatanode}
2023-09-07 08:56:58,518 [ForkJoinPool.commonPool-worker-1] INFO  server.AbstractConnector (AbstractConnector.java:doStop(383)) - Stopped ServerConnector@1e9cb0b6{HTTP/1.1, (http/1.1)}{0.0.0.0:15142}
2023-09-07 08:56:58,518 [ForkJoinPool.commonPool-worker-1] INFO  server.session (HouseKeeper.java:stopScavenging(149)) - node0 Stopped scavenging
2023-09-07 08:56:58,519 [ForkJoinPool.commonPool-worker-1] INFO  handler.ContextHandler (ContextHandler.java:doStop(1159)) - Stopped o.e.j.s.ServletContextHandler@649c4034{static,/static,jar:file:/home/runner/.m2/repository/org/apache/ozone/hdds-container-service/1.4.0-SNAPSHOT/hdds-container-service-1.4.0-SNAPSHOT.jar!/webapps/static,STOPPED}
2023-09-07 08:56:58,520 [ForkJoinPool.commonPool-worker-1] INFO  handler.ContextHandler (ContextHandler.java:doStop(1159)) - Stopped o.e.j.s.ServletContextHandler@5c735f10{logs,/logs,file:///home/runner/work/ozone/ozone/hadoop-ozone/integration-test/target/log,STOPPED}
2023-09-07 08:56:58,521 [ForkJoinPool.commonPool-worker-1] INFO  ozone.HddsDatanodeClientProtocolServer (HddsDatanodeClientProtocolServer.java:stop(78)) - Stopping the RPC server for Client Protocol
2023-09-07 08:56:58,521 [ForkJoinPool.commonPool-worker-1] INFO  ipc.Server (Server.java:stop(3523)) - Stopping server on 15143
2023-09-07 08:56:58,529 [IPC Server listener on 15143] INFO  ipc.Server (Server.java:run(1434)) - Stopping IPC Server listener on 15143
2023-09-07 08:56:58,532 [IPC Server Responder] INFO  ipc.Server (Server.java:run(1567)) - Stopping IPC Server Responder
2023-09-07 08:56:58,537 [ForkJoinPool.commonPool-worker-3] INFO  handler.ContextHandler (ContextHandler.java:doStop(1159)) - Stopped o.e.j.w.WebAppContext@2f6d5cff{hddsDatanode,/,null,STOPPED}{jar:file:/home/runner/.m2/repository/org/apache/ozone/hdds-container-service/1.4.0-SNAPSHOT/hdds-container-service-1.4.0-SNAPSHOT.jar!/webapps/hddsDatanode}
2023-09-07 08:56:58,538 [ForkJoinPool.commonPool-worker-3] INFO  server.AbstractConnector (AbstractConnector.java:doStop(383)) - Stopped ServerConnector@2a34a26a{HTTP/1.1, (http/1.1)}{0.0.0.0:15115}
2023-09-07 08:56:58,538 [ForkJoinPool.commonPool-worker-3] INFO  server.session (HouseKeeper.java:stopScavenging(149)) - node0 Stopped scavenging
2023-09-07 08:56:58,539 [ForkJoinPool.commonPool-worker-0] INFO  handler.ContextHandler (ContextHandler.java:doStop(1159)) - Stopped o.e.j.w.WebAppContext@5b04452{hddsDatanode,/,null,STOPPED}{jar:file:/home/runner/.m2/repository/org/apache/ozone/hdds-container-service/1.4.0-SNAPSHOT/hdds-container-service-1.4.0-SNAPSHOT.jar!/webapps/hddsDatanode}
2023-09-07 08:56:58,539 [ForkJoinPool.commonPool-worker-3] INFO  handler.ContextHandler (ContextHandler.java:doStop(1159)) - Stopped o.e.j.s.ServletContextHandler@225d6b97{static,/static,jar:file:/home/runner/.m2/repository/org/apache/ozone/hdds-container-service/1.4.0-SNAPSHOT/hdds-container-service-1.4.0-SNAPSHOT.jar!/webapps/static,STOPPED}
2023-09-07 08:56:58,540 [ForkJoinPool.commonPool-worker-3] INFO  handler.ContextHandler (ContextHandler.java:doStop(1159)) - Stopped o.e.j.s.ServletContextHandler@59dd3e73{logs,/logs,file:///home/runner/work/ozone/ozone/hadoop-ozone/integration-test/target/log,STOPPED}
2023-09-07 08:56:58,541 [ForkJoinPool.commonPool-worker-3] INFO  ozone.HddsDatanodeClientProtocolServer (HddsDatanodeClientProtocolServer.java:stop(78)) - Stopping the RPC server for Client Protocol
2023-09-07 08:56:58,541 [ForkJoinPool.commonPool-worker-3] INFO  ipc.Server (Server.java:stop(3523)) - Stopping server on 15116
2023-09-07 08:56:58,541 [IPC Server listener on 15116] INFO  ipc.Server (Server.java:run(1434)) - Stopping IPC Server listener on 15116
2023-09-07 08:56:58,542 [IPC Server Responder] INFO  ipc.Server (Server.java:run(1567)) - Stopping IPC Server Responder
2023-09-07 08:56:58,544 [ForkJoinPool.commonPool-worker-0] INFO  server.AbstractConnector (AbstractConnector.java:doStop(383)) - Stopped ServerConnector@1b327a8f{HTTP/1.1, (http/1.1)}{0.0.0.0:15151}
2023-09-07 08:56:58,544 [ForkJoinPool.commonPool-worker-0] INFO  server.session (HouseKeeper.java:stopScavenging(149)) - node0 Stopped scavenging
2023-09-07 08:56:58,545 [ForkJoinPool.commonPool-worker-0] INFO  handler.ContextHandler (ContextHandler.java:doStop(1159)) - Stopped o.e.j.s.ServletContextHandler@632c57c0{static,/static,jar:file:/home/runner/.m2/repository/org/apache/ozone/hdds-container-service/1.4.0-SNAPSHOT/hdds-container-service-1.4.0-SNAPSHOT.jar!/webapps/static,STOPPED}
2023-09-07 08:56:58,546 [ForkJoinPool.commonPool-worker-0] INFO  handler.ContextHandler (ContextHandler.java:doStop(1159)) - Stopped o.e.j.s.ServletContextHandler@11868664{logs,/logs,file:///home/runner/work/ozone/ozone/hadoop-ozone/integration-test/target/log,STOPPED}
2023-09-07 08:56:58,547 [ForkJoinPool.commonPool-worker-0] INFO  ozone.HddsDatanodeClientProtocolServer (HddsDatanodeClientProtocolServer.java:stop(78)) - Stopping the RPC server for Client Protocol
2023-09-07 08:56:58,547 [ForkJoinPool.commonPool-worker-0] INFO  ipc.Server (Server.java:stop(3523)) - Stopping server on 15152
2023-09-07 08:56:58,547 [IPC Server listener on 15152] INFO  ipc.Server (Server.java:run(1434)) - Stopping IPC Server listener on 15152
2023-09-07 08:56:58,549 [IPC Server Responder] INFO  ipc.Server (Server.java:run(1567)) - Stopping IPC Server Responder
2023-09-07 08:56:58,549 [main] INFO  ozone.MiniOzoneClusterImpl (MiniOzoneClusterImpl.java:stopSCM(543)) - Stopping the StorageContainerManager
2023-09-07 08:56:58,550 [main] INFO  server.StorageContainerManager (StorageContainerManager.java:stop(1591)) - Container Balancer is not running.
2023-09-07 08:56:58,550 [main] INFO  server.StorageContainerManager (StorageContainerManager.java:stopReplicationManager(1724)) - Stopping Replication Manager Service.
2023-09-07 08:56:58,550 [main] INFO  replication.ReplicationManager (ReplicationManager.java:stop(323)) - Stopping Replication Monitor Thread.
2023-09-07 08:56:58,550 [main] INFO  server.StorageContainerManager (StorageContainerManager.java:stop(1600)) - Stopping the Datanode Admin Monitor.
2023-09-07 08:56:58,551 [main] INFO  server.StorageContainerManager (StorageContainerManager.java:stop(1607)) - Stopping datanode service RPC server
2023-09-07 08:56:58,551 [main] INFO  server.SCMDatanodeProtocolServer (SCMDatanodeProtocolServer.java:stop(424)) - Stopping the RPC server for DataNodes
2023-09-07 08:56:58,551 [main] INFO  ipc.Server (Server.java:stop(3523)) - Stopping server on 15108
2023-09-07 08:56:58,551 [Under Replicated Processor] WARN  replication.UnhealthyReplicationProcessor (UnhealthyReplicationProcessor.java:run(180)) - Under Replicated Processor interrupted. Exiting...
2023-09-07 08:56:58,551 [Over Replicated Processor] WARN  replication.UnhealthyReplicationProcessor (UnhealthyReplicationProcessor.java:run(180)) - Over Replicated Processor interrupted. Exiting...
2023-09-07 08:56:58,551 [ReplicationMonitor] INFO  replication.ReplicationManager (ReplicationManager.java:run(921)) - Replication Monitor Thread is stopped
2023-09-07 08:56:58,556 [IPC Server listener on 15108] INFO  ipc.Server (Server.java:run(1434)) - Stopping IPC Server listener on 15108
2023-09-07 08:56:58,556 [IPC Server Responder] INFO  ipc.Server (Server.java:run(1567)) - Stopping IPC Server Responder
2023-09-07 08:56:58,634 [SCM Heartbeat Processing Thread - 0] WARN  node.NodeStateManager (NodeStateManager.java:scheduleNextHealthCheck(874)) - Current Thread is interrupted, shutting down HB processing thread for Node Manager.
2023-09-07 08:56:58,634 [main] INFO  server.StorageContainerManager (StorageContainerManager.java:stop(1615)) - Stopping block service RPC server
2023-09-07 08:56:58,634 [main] INFO  server.SCMBlockProtocolServer (SCMBlockProtocolServer.java:stop(161)) - Stopping the RPC server for Block Protocol
2023-09-07 08:56:58,634 [main] INFO  ipc.Server (Server.java:stop(3523)) - Stopping server on 15107
2023-09-07 08:56:58,635 [IPC Server listener on 15107] INFO  ipc.Server (Server.java:run(1434)) - Stopping IPC Server listener on 15107
2023-09-07 08:56:58,640 [IPC Server Responder] INFO  ipc.Server (Server.java:run(1567)) - Stopping IPC Server Responder
2023-09-07 08:56:58,640 [main] INFO  server.StorageContainerManager (StorageContainerManager.java:stop(1622)) - Stopping the StorageContainerLocationProtocol RPC server
2023-09-07 08:56:58,640 [main] INFO  server.SCMClientProtocolServer (SCMClientProtocolServer.java:stop(210)) - Stopping the RPC server for Client Protocol
2023-09-07 08:56:58,640 [main] INFO  ipc.Server (Server.java:stop(3523)) - Stopping server on 15106
2023-09-07 08:56:58,642 [IPC Server Responder] INFO  ipc.Server (Server.java:run(1567)) - Stopping IPC Server Responder
2023-09-07 08:56:58,642 [IPC Server listener on 15106] INFO  ipc.Server (Server.java:run(1434)) - Stopping IPC Server listener on 15106
2023-09-07 08:56:58,643 [main] INFO  server.StorageContainerManager (StorageContainerManager.java:stop(1629)) - Stopping Storage Container Manager HTTP server.
2023-09-07 08:56:58,644 [main] INFO  handler.ContextHandler (ContextHandler.java:doStop(1159)) - Stopped o.e.j.w.WebAppContext@7b0453f4{scm,/,null,STOPPED}{file:/home/runner/work/ozone/ozone/hadoop-ozone/integration-test/target/test-classes/webapps/scm}
2023-09-07 08:56:58,645 [main] INFO  server.AbstractConnector (AbstractConnector.java:doStop(383)) - Stopped ServerConnector@7d92b9a9{HTTP/1.1, (http/1.1)}{0.0.0.0:15109}
2023-09-07 08:56:58,645 [main] INFO  server.session (HouseKeeper.java:stopScavenging(149)) - node0 Stopped scavenging
2023-09-07 08:56:58,645 [main] INFO  handler.ContextHandler (ContextHandler.java:doStop(1159)) - Stopped o.e.j.s.ServletContextHandler@f967479{static,/static,file:///home/runner/work/ozone/ozone/hadoop-ozone/integration-test/target/test-classes/webapps/static,STOPPED}
2023-09-07 08:56:58,646 [main] INFO  handler.ContextHandler (ContextHandler.java:doStop(1159)) - Stopped o.e.j.s.ServletContextHandler@3e3d36d0{logs,/logs,file:///home/runner/work/ozone/ozone/hadoop-ozone/integration-test/target/log,STOPPED}
2023-09-07 08:56:58,647 [main] INFO  server.StorageContainerManager (StorageContainerManager.java:stop(1637)) - Stopping SCM LayoutVersionManager Service.
2023-09-07 08:56:58,647 [main] INFO  server.StorageContainerManager (StorageContainerManager.java:stop(1649)) - Stopping Block Manager Service.
2023-09-07 08:56:58,647 [main] INFO  utils.BackgroundService (BackgroundService.java:shutdown(141)) - Shutting down service SCMBlockDeletingService
2023-09-07 08:56:58,647 [main] INFO  utils.BackgroundService (BackgroundService.java:shutdown(141)) - Shutting down service SCMBlockDeletingService
2023-09-07 08:56:58,648 [main] INFO  server.StorageContainerManager (StorageContainerManager.java:stop(1669)) - Stopping SCM Event Queue.
2023-09-07 08:56:58,649 [JvmPauseMonitor14] INFO  util.JvmPauseMonitor (JvmPauseMonitor.java:run(109)) - JvmPauseMonitor-b91528af-52b9-4687-ab0a-a246129d484b: Stopped
2023-09-07 08:56:58,649 [main] INFO  server.StorageContainerManager (StorageContainerManager.java:stop(1680)) - Stopping SCM HA services.
2023-09-07 08:56:58,650 [main] INFO  pipeline.BackgroundPipelineCreator (BackgroundPipelineCreator.java:stop(149)) - Stopping RatisPipelineUtilsThread.
2023-09-07 08:56:58,650 [RatisPipelineUtilsThread - 0] WARN  pipeline.BackgroundPipelineCreator (BackgroundPipelineCreator.java:run(180)) - RatisPipelineUtilsThread is interrupted.
2023-09-07 08:56:58,650 [main] INFO  BackgroundPipelineScrubber (BackgroundSCMService.java:stop(131)) - Stopping BackgroundPipelineScrubber Service.
2023-09-07 08:56:58,650 [BackgroundPipelineScrubberThread] WARN  BackgroundPipelineScrubber (BackgroundSCMService.java:run(115)) - BackgroundPipelineScrubber is interrupted, exit
2023-09-07 08:56:58,651 [main] INFO  impl.MetricsSystemImpl (MetricsSystemImpl.java:stop(210)) - Stopping HddsDatanode metrics system...
2023-09-07 08:56:58,652 [prometheus] INFO  impl.MetricsSinkAdapter (MetricsSinkAdapter.java:publishMetricsFromQueue(141)) - prometheus thread interrupted.
2023-09-07 08:56:58,653 [main] INFO  impl.MetricsSystemImpl (MetricsSystemImpl.java:stop(216)) - HddsDatanode metrics system stopped.
2023-09-07 08:56:58,654 [main] WARN  pipeline.BackgroundPipelineCreator (BackgroundPipelineCreator.java:stop(145)) - RatisPipelineUtilsThread is not running, just ignore.
2023-09-07 08:56:58,654 [main] INFO  BackgroundPipelineScrubber (BackgroundSCMService.java:stop(126)) - BackgroundPipelineScrubber Service is not running, skip stop.
2023-09-07 08:56:58,654 [main] INFO  ExpiredContainerReplicaOpScrubber (BackgroundSCMService.java:stop(131)) - Stopping ExpiredContainerReplicaOpScrubber Service.
2023-09-07 08:56:58,654 [main] INFO  utils.BackgroundService (BackgroundService.java:shutdown(141)) - Shutting down service SCMBlockDeletingService
2023-09-07 08:56:58,654 [main] INFO  replication.ReplicationManager (ReplicationManager.java:stop(333)) - Replication Monitor Thread is not running.
2023-09-07 08:56:58,654 [main] WARN  balancer.ContainerBalancer (ContainerBalancer.java:stop(326)) - Cannot stop Container Balancer because it's not running or stopping
2023-09-07 08:56:58,654 [ExpiredContainerReplicaOpScrubberThread] WARN  ExpiredContainerReplicaOpScrubber (BackgroundSCMService.java:run(115)) - ExpiredContainerReplicaOpScrubber is interrupted, exit
2023-09-07 08:56:58,655 [main] INFO  server.StorageContainerManager (StorageContainerManager.java:stop(1715)) - Stopping SCM MetadataStore.
2023-09-07 08:56:58,731 [main] WARN  server.ServerUtils (ServerUtils.java:getScmDbDir(155)) - ozone.scm.db.dirs is not configured. We recommend adding this setting. Falling back to ozone.metadata.dirs instead.
2023-09-07 08:56:58,736 [main] WARN  server.ServerUtils (ServerUtils.java:getScmDbDir(155)) - ozone.scm.db.dirs is not configured. We recommend adding this setting. Falling back to ozone.metadata.dirs instead.
2023-09-07 08:56:58,736 [main] INFO  ha.SCMHANodeDetails (SCMHANodeDetails.java:loadSCMHAConfig(210)) - ServiceID for StorageContainerManager is null
2023-09-07 08:56:58,736 [main] INFO  ha.SCMHANodeDetails (SCMHANodeDetails.java:loadSCMHAConfig(215)) - ozone.scm.default.service.id is not defined, falling back to ozone.scm.service.ids to find serviceID for StorageContainerManager if it is HA enabled cluster
2023-09-07 08:56:58,737 [main] WARN  utils.HAUtils (HAUtils.java:getMetaDir(339)) - ozone.scm.db.dirs is not configured. We recommend adding this setting. Falling back to ozone.metadata.dirs instead.
2023-09-07 08:56:58,737 [main] WARN  db.DBStoreBuilder (DBStoreBuilder.java:applyDBDefinition(166)) - ozone.scm.db.dirs is not configured. We recommend adding this setting. Falling back to ozone.metadata.dirs instead.
2023-09-07 08:56:58,895 [main] INFO  net.NodeSchemaLoader (NodeSchemaLoader.java:loadSchemaFromFile(129)) - Loading schema from [jar:file:/home/runner/.m2/repository/org/apache/ozone/hdds-common/1.4.0-SNAPSHOT/hdds-common-1.4.0-SNAPSHOT.jar!/network-topology-default.xml]
2023-09-07 08:56:58,895 [main] INFO  net.NodeSchemaLoader (NodeSchemaLoader.java:loadSchema(176)) - Loading network topology layer schema file
2023-09-07 08:56:58,899 [main] INFO  upgrade.AbstractLayoutVersionManager (AbstractLayoutVersionManager.java:init(83)) - Initializing Layout version manager with metadata layout = HADOOP_PRC_PORTS_IN_DATANODEDETAILS (version = 7), software layout = HADOOP_PRC_PORTS_IN_DATANODEDETAILS (version = 7)
2023-09-07 08:56:58,900 [main] INFO  ha.SequenceIdGenerator (SequenceIdGenerator.java:upgradeToSequenceId(365)) - upgrade localId to 111677748019200000
2023-09-07 08:56:58,902 [main] INFO  ha.SequenceIdGenerator (SequenceIdGenerator.java:upgradeToSequenceId(375)) - upgrade delTxnId to 0
2023-09-07 08:56:58,903 [main] INFO  ha.SequenceIdGenerator (SequenceIdGenerator.java:upgradeToSequenceId(392)) - upgrade containerId to 0
2023-09-07 08:56:58,904 [main] INFO  ha.SequenceIdGenerator (SequenceIdGenerator.java:upgradeToSequenceId(428)) - upgrade rootCertificateId to 1
2023-09-07 08:56:58,904 [main] INFO  ha.SequenceIdGenerator (SequenceIdGenerator.java:<init>(236)) - Init the HA SequenceIdGenerator.
2023-09-07 08:56:58,905 [main] WARN  server.ServerUtils (ServerUtils.java:sanitizeUserArgs(80)) - ozone.scm.stale.node.interval value = 300000 is larger than max = 100000 based on the key value of ozone.scm.heartbeat.thread.interval, reset to the max value 100000.
2023-09-07 08:56:58,905 [main] WARN  server.ServerUtils (ServerUtils.java:sanitizeUserArgs(80)) - ozone.scm.stale.node.interval value = 300000 is larger than max = 100000 based on the key value of ozone.scm.heartbeat.thread.interval, reset to the max value 100000.
2023-09-07 08:56:58,905 [main] INFO  node.SCMNodeManager (SCMNodeManager.java:<init>(157)) - Entering startup safe mode.
2023-09-07 08:56:58,906 [main] INFO  algorithms.ContainerPlacementPolicyFactory (ContainerPlacementPolicyFactory.java:getPolicyInternal(86)) - Create container placement policy of type org.apache.hadoop.hdds.scm.container.placement.algorithms.SCMContainerPlacementRackAware
2023-09-07 08:56:58,906 [main] INFO  algorithms.ContainerPlacementPolicyFactory (ContainerPlacementPolicyFactory.java:getPolicyInternal(86)) - Create container placement policy of type org.apache.hadoop.hdds.scm.container.placement.algorithms.SCMContainerPlacementRackScatter
2023-09-07 08:56:58,906 [main] INFO  pipeline.PipelineStateManagerImpl (PipelineStateManagerImpl.java:initialize(78)) - No pipeline exists in current db
2023-09-07 08:56:58,906 [main] INFO  algorithms.LeaderChoosePolicyFactory (LeaderChoosePolicyFactory.java:getPolicy(57)) - Create leader choose policy of type org.apache.hadoop.hdds.scm.pipeline.leader.choose.algorithms.MinLeaderCountChoosePolicy
2023-09-07 08:56:58,906 [main] INFO  algorithms.ContainerPlacementPolicyFactory (ContainerPlacementPolicyFactory.java:getPolicyInternal(86)) - Create container placement policy of type org.apache.hadoop.hdds.scm.container.placement.algorithms.SCMContainerPlacementRackScatter
2023-09-07 08:56:58,907 [main] INFO  ha.SCMServiceManager (SCMServiceManager.java:register(42)) - Registering service BackgroundPipelineCreator.
2023-09-07 08:56:58,907 [main] INFO  pipeline.BackgroundPipelineCreator (BackgroundPipelineCreator.java:start(124)) - Starting RatisPipelineUtilsThread.
2023-09-07 08:56:58,907 [main] INFO  BackgroundPipelineScrubber (BackgroundSCMService.java:start(68)) - Starting BackgroundPipelineScrubber Service.
2023-09-07 08:56:58,907 [main] INFO  ha.SCMServiceManager (SCMServiceManager.java:register(42)) - Registering service BackgroundPipelineScrubber.
2023-09-07 08:56:58,908 [main] INFO  ExpiredContainerReplicaOpScrubber (BackgroundSCMService.java:start(68)) - Starting ExpiredContainerReplicaOpScrubber Service.
2023-09-07 08:56:58,908 [main] INFO  ha.SCMServiceManager (SCMServiceManager.java:register(42)) - Registering service ExpiredContainerReplicaOpScrubber.
2023-09-07 08:56:58,909 [main] INFO  algorithms.PipelineChoosePolicyFactory (PipelineChoosePolicyFactory.java:createPipelineChoosePolicyFromClass(78)) - Create pipeline choose policy of type org.apache.hadoop.hdds.scm.pipeline.choose.algorithms.RandomPipelineChoosePolicy
2023-09-07 08:56:58,909 [main] INFO  algorithms.PipelineChoosePolicyFactory (PipelineChoosePolicyFactory.java:createPipelineChoosePolicyFromClass(78)) - Create pipeline choose policy of type org.apache.hadoop.hdds.scm.pipeline.choose.algorithms.RandomPipelineChoosePolicy
2023-09-07 08:56:58,909 [main] INFO  ha.SCMServiceManager (SCMServiceManager.java:register(42)) - Registering service SCMBlockDeletingService.
2023-09-07 08:56:58,911 [main] INFO  replication.ReplicationManager (ReplicationManager.java:start(291)) - Starting Replication Monitor Thread.
2023-09-07 08:56:58,918 [ReplicationMonitor] INFO  replication.ReplicationManager (ReplicationManager.java:processAll(365)) - Replication Manager is not ready to run until 3000ms after safemode exit
2023-09-07 08:56:58,923 [main] INFO  ha.SCMServiceManager (SCMServiceManager.java:register(42)) - Registering service ReplicationManager.
2023-09-07 08:56:58,923 [main] INFO  safemode.ContainerSafeModeRule (ContainerSafeModeRule.java:<init>(90)) - containers with one replica threshold count 0
2023-09-07 08:56:58,924 [main] INFO  safemode.HealthyPipelineSafeModeRule (HealthyPipelineSafeModeRule.java:initializeRule(169)) - Total pipeline count is 0, healthy pipeline threshold count is 1
2023-09-07 08:56:58,924 [main] INFO  safemode.OneReplicaPipelineSafeModeRule (OneReplicaPipelineSafeModeRule.java:initializeRule(180)) - Total pipeline count is 0, pipeline's with at least one datanode reported threshold count is 0
2023-09-07 08:56:58,930 [main] INFO  server.StorageContainerManager (StorageContainerManager.java:<init>(425)) - SCM start with adminUsers: [runner]
2023-09-07 08:56:58,931 [main] INFO  ipc.CallQueueManager (CallQueueManager.java:<init>(90)) - Using callQueue: class java.util.concurrent.LinkedBlockingQueue, queueCapacity: 2000, scheduler: class org.apache.hadoop.ipc.DefaultRpcScheduler, ipcBackoff: false.
2023-09-07 08:56:58,931 [main] INFO  ipc.Server (Server.java:<init>(1287)) - Listener at 0.0.0.0:15161
2023-09-07 08:56:58,931 [Socket Reader #1 for port 15161] INFO  ipc.Server (Server.java:run(1323)) - Starting Socket Reader #1 for port 15161
2023-09-07 08:56:58,933 [main] INFO  ipc.CallQueueManager (CallQueueManager.java:<init>(90)) - Using callQueue: class java.util.concurrent.LinkedBlockingQueue, queueCapacity: 2000, scheduler: class org.apache.hadoop.ipc.DefaultRpcScheduler, ipcBackoff: false.
2023-09-07 08:56:58,933 [main] INFO  ipc.Server (Server.java:<init>(1287)) - Listener at 0.0.0.0:15160
2023-09-07 08:56:58,934 [Socket Reader #1 for port 15160] INFO  ipc.Server (Server.java:run(1323)) - Starting Socket Reader #1 for port 15160
2023-09-07 08:56:58,935 [main] INFO  ipc.CallQueueManager (CallQueueManager.java:<init>(90)) - Using callQueue: class java.util.concurrent.LinkedBlockingQueue, queueCapacity: 2000, scheduler: class org.apache.hadoop.ipc.DefaultRpcScheduler, ipcBackoff: false.
2023-09-07 08:56:58,935 [main] INFO  ipc.Server (Server.java:<init>(1287)) - Listener at 0.0.0.0:15159
2023-09-07 08:56:58,935 [Socket Reader #1 for port 15159] INFO  ipc.Server (Server.java:run(1323)) - Starting Socket Reader #1 for port 15159
2023-09-07 08:56:58,942 [main] INFO  ha.SCMServiceManager (SCMServiceManager.java:register(42)) - Registering service ContainerBalancer.
2023-09-07 08:56:58,942 [main] INFO  server.StorageContainerManager (StorageContainerManager.java:<init>(438)) - 
Container Balancer status:
Key                            Value
Running                        false
Container Balancer Configuration values:
Key                                                Value
Threshold                                          10
Max Datanodes to Involve per Iteration(percent)    20
Max Size to Move per Iteration                     500GB
Max Size Entering Target per Iteration             26GB
Max Size Leaving Source per Iteration              26GB

2023-09-07 08:56:58,942 [main] INFO  ha.SCMContext (SCMContext.java:updateSafeModeStatus(228)) - Update SafeModeStatus from SafeModeStatus{safeModeStatus=true, preCheckPassed=false} to SafeModeStatus{safeModeStatus=true, preCheckPassed=false}.
2023-09-07 08:56:58,942 [main] INFO  server.StorageContainerManager (StorageContainerManager.java:start(1483)) - StorageContainerLocationProtocol RPC server is listening at /0.0.0.0:15159
2023-09-07 08:56:58,944 [main] WARN  impl.MetricsConfig (MetricsConfig.java:loadFirst(136)) - Cannot locate configuration: tried hadoop-metrics2-storagecontainermanager.properties,hadoop-metrics2.properties
2023-09-07 08:56:58,946 [main] INFO  impl.MetricsSystemImpl (MetricsSystemImpl.java:startTimer(378)) - Scheduled Metric snapshot period at 10 second(s).
2023-09-07 08:56:58,946 [main] INFO  impl.MetricsSystemImpl (MetricsSystemImpl.java:start(191)) - StorageContainerManager metrics system started
2023-09-07 08:56:58,956 [main] INFO  impl.MetricsSinkAdapter (MetricsSinkAdapter.java:start(204)) - Sink prometheus started
2023-09-07 08:56:58,956 [main] INFO  impl.MetricsSystemImpl (MetricsSystemImpl.java:registerSink(305)) - Registered sink prometheus
2023-09-07 08:56:58,991 [main] INFO  server.SCMClientProtocolServer (SCMClientProtocolServer.java:start(201)) - RPC server for Client  is listening at /0.0.0.0:15159
2023-09-07 08:56:58,992 [IPC Server Responder] INFO  ipc.Server (Server.java:run(1562)) - IPC Server Responder: starting
2023-09-07 08:56:59,001 [main] INFO  server.StorageContainerManager (StorageContainerManager.java:start(1496)) - ScmBlockLocationProtocol RPC server is listening at /0.0.0.0:15160
2023-09-07 08:56:59,002 [main] INFO  server.SCMBlockProtocolServer (SCMBlockProtocolServer.java:start(152)) - RPC server for Block Protocol is listening at /0.0.0.0:15160
2023-09-07 08:56:59,002 [IPC Server Responder] INFO  ipc.Server (Server.java:run(1562)) - IPC Server Responder: starting
2023-09-07 08:56:59,002 [IPC Server listener on 15160] INFO  ipc.Server (Server.java:run(1402)) - IPC Server listener on 15160: starting
2023-09-07 08:56:59,006 [main] INFO  server.SCMDatanodeProtocolServer (SCMDatanodeProtocolServer.java:start(193)) - ScmDatanodeProtocol RPC server for DataNodes is listening at /0.0.0.0:15161
2023-09-07 08:56:59,006 [IPC Server Responder] INFO  ipc.Server (Server.java:run(1562)) - IPC Server Responder: starting
2023-09-07 08:56:59,006 [IPC Server listener on 15161] INFO  ipc.Server (Server.java:run(1402)) - IPC Server listener on 15161: starting
2023-09-07 08:56:59,011 [IPC Server listener on 15159] INFO  ipc.Server (Server.java:run(1402)) - IPC Server listener on 15159: starting
2023-09-07 08:56:59,013 [main] INFO  http.BaseHttpServer (BaseHttpServer.java:newHttpServer2BuilderForOzone(223)) - Starting Web-server for scm at: http://0.0.0.0:15162
2023-09-07 08:56:59,013 [main] INFO  http.BaseHttpServer (BaseHttpServer.java:<init>(110)) - Hadoop Security Enabled: false Ozone Security Enabled: false Ozone HTTP Security Enabled: false 
2023-09-07 08:56:59,014 [main] WARN  server.AuthenticationFilter (AuthenticationFilter.java:constructSecretProvider(240)) - Unable to initialize FileSignerSecretProvider, falling back to use random secrets. Reason: Could not read signature secret file: /home/runner/hadoop-http-auth-signature-secret
2023-09-07 08:56:59,015 [JvmPauseMonitor21] INFO  util.JvmPauseMonitor (JvmPauseMonitor.java:run(103)) - JvmPauseMonitor-34f080e7-005e-4d54-893a-456c4a218ccd: Started
2023-09-07 08:56:59,018 [main] INFO  http.HttpRequestLog (HttpRequestLog.java:getRequestLog(86)) - Http request log for http.requests.scm is not defined
2023-09-07 08:56:59,019 [main] INFO  http.HttpServer2 (HttpServer2.java:addGlobalFilter(1031)) - Added global filter 'safety' (class=org.apache.hadoop.hdds.server.http.HttpServer2$QuotingInputFilter)
2023-09-07 08:56:59,020 [main] INFO  http.HttpServer2 (HttpServer2.java:addFilter(1007)) - Added filter static_user_filter (class=org.apache.hadoop.http.lib.StaticUserWebFilter$StaticUserFilter) to context scm
2023-09-07 08:56:59,020 [main] INFO  http.HttpServer2 (HttpServer2.java:addFilter(1015)) - Added filter static_user_filter (class=org.apache.hadoop.http.lib.StaticUserWebFilter$StaticUserFilter) to context static
2023-09-07 08:56:59,020 [main] INFO  http.HttpServer2 (HttpServer2.java:addFilter(1015)) - Added filter static_user_filter (class=org.apache.hadoop.http.lib.StaticUserWebFilter$StaticUserFilter) to context logs
2023-09-07 08:56:59,021 [main] INFO  http.BaseHttpServer (BaseHttpServer.java:<init>(189)) - HTTP server of scm uses base directory /home/runner/work/ozone/ozone/hadoop-ozone/integration-test/target/test-dir/MiniOzoneClusterImpl-4f49b7df-1fbb-48bb-ad24-05a827c4b894/ozone-meta/webserver
2023-09-07 08:56:59,022 [main] INFO  http.HttpServer2 (HttpServer2.java:bindListener(1231)) - Jetty bound to port 15162
2023-09-07 08:56:59,022 [main] INFO  server.Server (Server.java:doStart(375)) - jetty-9.4.51.v20230217; built: 2023-02-17T08:19:37.309Z; git: b45c405e4544384de066f814ed42ae3dceacdd49; jvm 1.8.0_382-b05
2023-09-07 08:56:59,034 [main] INFO  server.session (DefaultSessionIdManager.java:doStart(334)) - DefaultSessionIdManager workerName=node0
2023-09-07 08:56:59,034 [main] INFO  server.session (DefaultSessionIdManager.java:doStart(339)) - No SessionScavenger set, using defaults
2023-09-07 08:56:59,034 [main] INFO  server.session (HouseKeeper.java:startScavenging(132)) - node0 Scavenging every 660000ms
2023-09-07 08:56:59,035 [main] INFO  handler.ContextHandler (ContextHandler.java:doStart(921)) - Started o.e.j.s.ServletContextHandler@1e8cb0a9{logs,/logs,file:///home/runner/work/ozone/ozone/hadoop-ozone/integration-test/target/log,AVAILABLE}
2023-09-07 08:56:59,035 [main] INFO  handler.ContextHandler (ContextHandler.java:doStart(921)) - Started o.e.j.s.ServletContextHandler@acce60e{static,/static,file:///home/runner/work/ozone/ozone/hadoop-ozone/integration-test/target/test-classes/webapps/static,AVAILABLE}
2023-09-07 08:56:59,039 [main] INFO  handler.ContextHandler (ContextHandler.java:doStart(921)) - Started o.e.j.w.WebAppContext@57682043{scm,/,file:///home/runner/work/ozone/ozone/hadoop-ozone/integration-test/target/test-classes/webapps/scm/,AVAILABLE}{file:/home/runner/work/ozone/ozone/hadoop-ozone/integration-test/target/test-classes/webapps/scm}
2023-09-07 08:56:59,042 [main] INFO  server.AbstractConnector (AbstractConnector.java:doStart(333)) - Started ServerConnector@1cb50ab1{HTTP/1.1, (http/1.1)}{0.0.0.0:15162}
2023-09-07 08:56:59,042 [main] INFO  server.Server (Server.java:doStart(415)) - Started @309381ms
2023-09-07 08:56:59,042 [main] WARN  impl.MetricsSystemImpl (MetricsSystemImpl.java:register(279)) - Sink prometheus already exists!
2023-09-07 08:56:59,043 [main] INFO  http.BaseHttpServer (BaseHttpServer.java:updateConnectorAddress(354)) - HTTP server of scm listening at http://0.0.0.0:15162
2023-09-07 08:56:59,043 [main] WARN  server.ServerUtils (ServerUtils.java:getDBPath(311)) - ozone.om.db.dirs is not configured. We recommend adding this setting. Falling back to ozone.metadata.dirs instead.
2023-09-07 08:56:59,045 [main] INFO  ha.OMHANodeDetails (OMHANodeDetails.java:loadOMHAConfig(115)) - ozone.om.internal.service.id is not defined, falling back to ozone.om.service.ids to find serviceID for OzoneManager if it is HA enabled cluster
2023-09-07 08:56:59,046 [main] INFO  ha.OMHANodeDetails (OMHANodeDetails.java:loadOMHAConfig(226)) - Configuration does not have ozone.om.address set. Falling back to the default OM address /127.0.0.1:15163
2023-09-07 08:56:59,046 [main] INFO  ha.OMHANodeDetails (OMHANodeDetails.java:getOMNodeDetailsForNonHA(254)) - OM Service ID is not set. Setting it to the default ID: omServiceIdDefault
2023-09-07 08:56:59,046 [main] INFO  ha.OMHANodeDetails (OMHANodeDetails.java:getOMNodeDetailsForNonHA(261)) - OM Node ID is not set. Setting it to the default ID: om1
2023-09-07 08:56:59,046 [main] WARN  server.ServerUtils (ServerUtils.java:getDBPath(311)) - ozone.om.db.dirs is not configured. We recommend adding this setting. Falling back to ozone.metadata.dirs instead.
2023-09-07 08:56:59,048 [main] INFO  upgrade.AbstractLayoutVersionManager (AbstractLayoutVersionManager.java:init(83)) - Initializing Layout version manager with metadata layout = QUOTA (version = 6), software layout = QUOTA (version = 6)
2023-09-07 08:56:59,271 [main] INFO  reflections.Reflections (Reflections.java:scan(232)) - Reflections took 222 ms to scan 2 urls, producing 187 keys and 514 values [using 2 cores]
2023-09-07 08:56:59,272 [main] INFO  upgrade.OMLayoutVersionManager (OMLayoutVersionManager.java:lambda$0(115)) - Skipping Upgrade Action QuotaRepairUpgradeAction since it has been finalized.
2023-09-07 08:56:59,272 [main] INFO  upgrade.OMLayoutVersionManager (OMLayoutVersionManager.java:lambda$0(115)) - Skipping Upgrade Action MockOmUpgradeAction since it has been finalized.
2023-09-07 08:56:59,272 [main] WARN  server.ServerUtils (ServerUtils.java:getDBPath(311)) - ozone.om.db.dirs is not configured. We recommend adding this setting. Falling back to ozone.metadata.dirs instead.
2023-09-07 08:56:59,273 [main] INFO  proxy.SCMBlockLocationFailoverProxyProvider (SCMBlockLocationFailoverProxyProvider.java:<init>(114)) - Created block location fail-over proxy with 1 nodes: [nodeId=scmNodeId,nodeAddress=/0.0.0.0:15160]
2023-09-07 08:56:59,275 [main] INFO  proxy.SCMBlockLocationFailoverProxyProvider (SCMBlockLocationFailoverProxyProvider.java:<init>(114)) - Created block location fail-over proxy with 1 nodes: [nodeId=scmNodeId,nodeAddress=/0.0.0.0:15160]
2023-09-07 08:56:59,292 [main] INFO  om.OzoneManager (OzoneManager.java:<init>(665)) - OM start with adminUsers: [runner]
2023-09-07 08:56:59,293 [main] WARN  server.ServerUtils (ServerUtils.java:getDBPath(311)) - ozone.om.db.dirs is not configured. We recommend adding this setting. Falling back to ozone.metadata.dirs instead.
2023-09-07 08:56:59,293 [main] INFO  helpers.OmKeyInfo (OmKeyInfo.java:getCodec(71)) - OmKeyInfo.getCodec ignorePipeline = true
2023-09-07 08:56:59,604 [main] INFO  om.OzoneManager (OzoneManager.java:instantiateServices(794)) - S3 Multi-Tenancy is disabled
2023-09-07 08:56:59,605 [main] INFO  om.OmSnapshotManager (OmSnapshotManager.java:<init>(174)) - Ozone filesystem snapshot feature is enabled.
2023-09-07 08:56:59,605 [main] WARN  server.ServerUtils (ServerUtils.java:getDBPath(311)) - ozone.om.snapshot.diff.db.dir is not configured. We recommend adding this setting. Falling back to ozone.metadata.dirs instead.
2023-09-07 08:56:59,636 [main] INFO  snapshot.SnapshotDiffManager (SnapshotDiffManager.java:closeExecutorService(1697)) - Shutting down executorService: 'SstDumpToolExecutor'
2023-09-07 08:56:59,673 [main] INFO  om.OzoneManager (OzoneManager.java:addS3GVolumeToDB(4301)) - Created Volume s3v With Owner runner required for S3Gateway operations.
2023-09-07 08:56:59,673 [main] INFO  om.OzoneManager (OzoneManager.java:getRpcServer(1196)) - Creating RPC Server
2023-09-07 08:57:00,290 [main] INFO  reflections.Reflections (Reflections.java:scan(232)) - Reflections took 615 ms to scan 19 urls, producing 70 keys and 5688 values [using 2 cores]
2023-09-07 08:57:00,292 [main] INFO  ipc.CallQueueManager (CallQueueManager.java:<init>(90)) - Using callQueue: class java.util.concurrent.LinkedBlockingQueue, queueCapacity: 2000, scheduler: class org.apache.hadoop.ipc.DefaultRpcScheduler, ipcBackoff: false.
2023-09-07 08:57:00,292 [main] INFO  ipc.Server (Server.java:<init>(1287)) - Listener at 127.0.0.1:15163
2023-09-07 08:57:00,293 [Socket Reader #1 for port 15163] INFO  ipc.Server (Server.java:run(1323)) - Starting Socket Reader #1 for port 15163
2023-09-07 08:57:00,318 [main] INFO  impl.MetricsSystemImpl (MetricsSystemImpl.java:init(158)) - OzoneManager metrics system started (again)
2023-09-07 08:57:00,332 [main] INFO  om.OzoneManager (OzoneManager.java:start(1630)) - OzoneManager RPC server is listening at localhost/127.0.0.1:15163
2023-09-07 08:57:00,333 [main] INFO  om.OzoneManager (OzoneManager.java:start(1646)) - Version File has different layout version (6) than OM DB (null). That is expected if this OM has never been finalized to a newer layout version.
2023-09-07 08:57:00,336 [main] INFO  http.BaseHttpServer (BaseHttpServer.java:newHttpServer2BuilderForOzone(223)) - Starting Web-server for ozoneManager at: http://0.0.0.0:15164
2023-09-07 08:57:00,337 [main] INFO  http.BaseHttpServer (BaseHttpServer.java:<init>(110)) - Hadoop Security Enabled: false Ozone Security Enabled: false Ozone HTTP Security Enabled: false 
2023-09-07 08:57:00,338 [main] WARN  server.AuthenticationFilter (AuthenticationFilter.java:constructSecretProvider(240)) - Unable to initialize FileSignerSecretProvider, falling back to use random secrets. Reason: Could not read signature secret file: /home/runner/hadoop-http-auth-signature-secret
2023-09-07 08:57:00,338 [main] INFO  http.HttpRequestLog (HttpRequestLog.java:getRequestLog(86)) - Http request log for http.requests.ozoneManager is not defined
2023-09-07 08:57:00,340 [main] INFO  http.HttpServer2 (HttpServer2.java:addGlobalFilter(1031)) - Added global filter 'safety' (class=org.apache.hadoop.hdds.server.http.HttpServer2$QuotingInputFilter)
2023-09-07 08:57:00,340 [main] INFO  http.HttpServer2 (HttpServer2.java:addFilter(1007)) - Added filter static_user_filter (class=org.apache.hadoop.http.lib.StaticUserWebFilter$StaticUserFilter) to context ozoneManager
2023-09-07 08:57:00,340 [main] INFO  http.HttpServer2 (HttpServer2.java:addFilter(1015)) - Added filter static_user_filter (class=org.apache.hadoop.http.lib.StaticUserWebFilter$StaticUserFilter) to context logs
2023-09-07 08:57:00,341 [main] INFO  http.HttpServer2 (HttpServer2.java:addFilter(1015)) - Added filter static_user_filter (class=org.apache.hadoop.http.lib.StaticUserWebFilter$StaticUserFilter) to context static
2023-09-07 08:57:00,341 [main] INFO  http.BaseHttpServer (BaseHttpServer.java:<init>(189)) - HTTP server of ozoneManager uses base directory /home/runner/work/ozone/ozone/hadoop-ozone/integration-test/target/test-dir/MiniOzoneClusterImpl-4f49b7df-1fbb-48bb-ad24-05a827c4b894/ozone-meta/webserver
2023-09-07 08:57:00,341 [main] INFO  http.HttpServer2 (HttpServer2.java:bindListener(1231)) - Jetty bound to port 15164
2023-09-07 08:57:00,342 [main] INFO  server.Server (Server.java:doStart(375)) - jetty-9.4.51.v20230217; built: 2023-02-17T08:19:37.309Z; git: b45c405e4544384de066f814ed42ae3dceacdd49; jvm 1.8.0_382-b05
2023-09-07 08:57:00,343 [main] INFO  server.session (DefaultSessionIdManager.java:doStart(334)) - DefaultSessionIdManager workerName=node0
2023-09-07 08:57:00,343 [main] INFO  server.session (DefaultSessionIdManager.java:doStart(339)) - No SessionScavenger set, using defaults
2023-09-07 08:57:00,343 [main] INFO  server.session (HouseKeeper.java:startScavenging(132)) - node0 Scavenging every 600000ms
2023-09-07 08:57:00,344 [main] INFO  handler.ContextHandler (ContextHandler.java:doStart(921)) - Started o.e.j.s.ServletContextHandler@6c7aff0d{logs,/logs,file:///home/runner/work/ozone/ozone/hadoop-ozone/integration-test/target/log,AVAILABLE}
2023-09-07 08:57:00,344 [main] INFO  handler.ContextHandler (ContextHandler.java:doStart(921)) - Started o.e.j.s.ServletContextHandler@1cac9b74{static,/static,file:///home/runner/work/ozone/ozone/hadoop-ozone/integration-test/target/test-classes/webapps/static,AVAILABLE}
2023-09-07 08:57:00,347 [main] INFO  handler.ContextHandler (ContextHandler.java:doStart(921)) - Started o.e.j.w.WebAppContext@7156a5b4{ozoneManager,/,file:///home/runner/work/ozone/ozone/hadoop-ozone/integration-test/target/test-classes/webapps/ozoneManager/,AVAILABLE}{file:/home/runner/work/ozone/ozone/hadoop-ozone/integration-test/target/test-classes/webapps/ozoneManager}
2023-09-07 08:57:00,357 [main] INFO  server.AbstractConnector (AbstractConnector.java:doStart(333)) - Started ServerConnector@5ffcb6aa{HTTP/1.1, (http/1.1)}{0.0.0.0:15164}
2023-09-07 08:57:00,358 [main] INFO  server.Server (Server.java:doStart(415)) - Started @310697ms
2023-09-07 08:57:00,358 [main] WARN  impl.MetricsSystemImpl (MetricsSystemImpl.java:register(279)) - Sink prometheus already exists!
2023-09-07 08:57:00,358 [main] INFO  http.BaseHttpServer (BaseHttpServer.java:updateConnectorAddress(354)) - HTTP server of ozoneManager listening at http://0.0.0.0:15164
2023-09-07 08:57:00,359 [IPC Server Responder] INFO  ipc.Server (Server.java:run(1562)) - IPC Server Responder: starting
2023-09-07 08:57:00,359 [IPC Server listener on 15163] INFO  ipc.Server (Server.java:run(1402)) - IPC Server listener on 15163: starting
2023-09-07 08:57:00,362 [main] INFO  om.TrashPolicyOzone (TrashPolicyOzone.java:<init>(277)) - Ozone Manager trash configuration: Deletion interval = 0 minutes, Emptier interval = 0 minutes.
2023-09-07 08:57:00,374 [JvmPauseMonitor22] INFO  util.JvmPauseMonitor (JvmPauseMonitor.java:run(103)) - JvmPauseMonitor-a3ff1732-de50-4a9f-b32f-8361350f6b2b: Started
2023-09-07 08:57:00,384 [main] INFO  impl.MetricsSystemImpl (MetricsSystemImpl.java:init(158)) - HddsDatanode metrics system started (again)
2023-09-07 08:57:00,402 [main] INFO  ozone.HddsDatanodeService (HddsDatanodeService.java:start(237)) - HddsDatanodeService host:fv-az793-921.vth4h2cvs0culokhaokvhxz15b.jx.internal.cloudapp.net ip:10.1.0.48
2023-09-07 08:57:00,449 [main] INFO  upgrade.AbstractLayoutVersionManager (AbstractLayoutVersionManager.java:init(83)) - Initializing Layout version manager with metadata layout = HADOOP_PRC_PORTS_IN_DATANODEDETAILS (version = 7), software layout = HADOOP_PRC_PORTS_IN_DATANODEDETAILS (version = 7)
2023-09-07 08:57:00,449 [main] INFO  statemachine.DatanodeStateMachine (DatanodeStateMachine.java:getEndPointTaskThreadPoolSize(282)) - Datanode State Machine Task Thread Pool size 2
2023-09-07 08:57:00,451 [main] INFO  volume.HddsVolume (HddsVolume.java:<init>(126)) - Creating HddsVolume: /home/runner/work/ozone/ozone/hadoop-ozone/integration-test/target/test-dir/MiniOzoneClusterImpl-4f49b7df-1fbb-48bb-ad24-05a827c4b894/datanode-0/data-0/containers/hdds of storage type : DISK capacity : 9223372036854775807
2023-09-07 08:57:00,451 [main] INFO  volume.MutableVolumeSet (MutableVolumeSet.java:initializeVolumeSet(173)) - Added Volume : /home/runner/work/ozone/ozone/hadoop-ozone/integration-test/target/test-dir/MiniOzoneClusterImpl-4f49b7df-1fbb-48bb-ad24-05a827c4b894/datanode-0/data-0/containers/hdds to VolumeSet
2023-09-07 08:57:00,452 [main] INFO  volume.MutableVolumeSet (MutableVolumeSet.java:initializeVolumeSet(173)) - Added Volume : /home/runner/work/ozone/ozone/hadoop-ozone/integration-test/target/test-dir/MiniOzoneClusterImpl-4f49b7df-1fbb-48bb-ad24-05a827c4b894/datanode-0/data/ratis to VolumeSet
2023-09-07 08:57:00,452 [Thread-1939] INFO  ozoneimpl.ContainerReader (ContainerReader.java:readVolume(177)) - Finish verifying containers on volume /home/runner/work/ozone/ozone/hadoop-ozone/integration-test/target/test-dir/MiniOzoneClusterImpl-4f49b7df-1fbb-48bb-ad24-05a827c4b894/datanode-0/data-0/containers/hdds
2023-09-07 08:57:00,452 [main] INFO  ozoneimpl.OzoneContainer (OzoneContainer.java:buildContainerSet(314)) - Build ContainerSet costs 0s
2023-09-07 08:57:00,455 [main] INFO  server.RaftServer (ConfUtils.java:logGet(46)) - raft.rpc.type = GRPC (default)
2023-09-07 08:57:00,455 [main] INFO  grpc.GrpcConfigKeys (ConfUtils.java:logFallback(53)) - raft.grpc.admin.host = null (fallback to raft.grpc.server.host)
2023-09-07 08:57:00,455 [main] INFO  grpc.GrpcConfigKeys (ConfUtils.java:logGet(46)) - raft.grpc.admin.port = 15172 (custom)
2023-09-07 08:57:00,456 [main] INFO  grpc.GrpcConfigKeys (ConfUtils.java:logFallback(53)) - raft.grpc.client.host = null (fallback to raft.grpc.server.host)
2023-09-07 08:57:00,456 [main] INFO  grpc.GrpcConfigKeys (ConfUtils.java:logGet(46)) - raft.grpc.client.port = 15171 (custom)
2023-09-07 08:57:00,456 [main] INFO  grpc.GrpcConfigKeys (ConfUtils.java:logGet(46)) - raft.grpc.server.host = null (default)
2023-09-07 08:57:00,456 [main] INFO  grpc.GrpcConfigKeys (ConfUtils.java:logGet(46)) - raft.grpc.server.port = 15173 (custom)
2023-09-07 08:57:00,456 [main] INFO  server.GrpcService (ConfUtils.java:logGet(46)) - raft.grpc.message.size.max = 32MB (=33554432) (custom)
2023-09-07 08:57:00,456 [main] INFO  server.RaftServerConfigKeys (ConfUtils.java:logGet(46)) - raft.server.log.appender.buffer.byte-limit = 33554432 (custom)
2023-09-07 08:57:00,456 [main] INFO  server.GrpcService (ConfUtils.java:logGet(46)) - raft.grpc.flow.control.window = 5MB (=5242880) (custom)
2023-09-07 08:57:00,456 [main] INFO  server.RaftServerConfigKeys (ConfUtils.java:logGet(46)) - raft.server.rpc.request.timeout = 60s (custom)
2023-09-07 08:57:00,457 [main] INFO  grpc.GrpcConfigKeys (ConfUtils.java:logGet(46)) - raft.grpc.server.heartbeat.channel = true (default)
2023-09-07 08:57:00,457 [main] INFO  grpc.GrpcConfigKeys (ConfUtils.java:logGet(46)) - raft.grpc.server.async.request.thread.pool.cached = true (default)
2023-09-07 08:57:00,457 [main] INFO  grpc.GrpcConfigKeys (ConfUtils.java:logGet(46)) - raft.grpc.server.async.request.thread.pool.size = 32 (default)
2023-09-07 08:57:00,460 [main] INFO  impl.DataStreamServerImpl (ConfUtils.java:logGet(46)) - raft.datastream.type = NETTY (custom)
2023-09-07 08:57:00,461 [main] INFO  server.RaftServerConfigKeys (ConfUtils.java:logGet(46)) - raft.server.data-stream.async.request.thread.pool.cached = false (default)
2023-09-07 08:57:00,461 [main] INFO  server.RaftServerConfigKeys (ConfUtils.java:logGet(46)) - raft.server.data-stream.async.request.thread.pool.size = 20 (custom)
2023-09-07 08:57:00,461 [main] INFO  server.RaftServerConfigKeys (ConfUtils.java:logGet(46)) - raft.server.data-stream.async.write.thread.pool.size = 16 (default)
2023-09-07 08:57:00,461 [main] INFO  server.RaftServerConfigKeys (ConfUtils.java:logGet(46)) - raft.server.data-stream.client.pool.size = 10 (default)
2023-09-07 08:57:00,461 [main] INFO  netty.NettyConfigKeys$DataStream (ConfUtils.java:logGet(46)) - raft.netty.dataStream.server.use-epoll = false (default)
2023-09-07 08:57:00,461 [main] INFO  netty.NettyConfigKeys$DataStream (ConfUtils.java:logGet(46)) - raft.netty.dataStream.server.boss-group.size = 0 (default)
2023-09-07 08:57:00,462 [main] INFO  netty.NettyConfigKeys$DataStream (ConfUtils.java:logGet(46)) - raft.netty.dataStream.server.worker-group.size = 0 (default)
2023-09-07 08:57:00,462 [main] INFO  netty.NettyConfigKeys$DataStream (ConfUtils.java:logGet(46)) - raft.netty.dataStream.server.tls.conf = null (default)
2023-09-07 08:57:00,462 [main] INFO  netty.NettyConfigKeys$DataStream (ConfUtils.java:logGet(46)) - raft.netty.dataStream.host = null (default)
2023-09-07 08:57:00,462 [main] INFO  netty.NettyConfigKeys$DataStream (ConfUtils.java:logGet(46)) - raft.netty.dataStream.port = 15174 (custom)
2023-09-07 08:57:00,463 [main] INFO  server.RaftServerConfigKeys (ConfUtils.java:logGet(46)) - raft.server.threadpool.proxy.cached = true (default)
2023-09-07 08:57:00,463 [main] INFO  server.RaftServerConfigKeys (ConfUtils.java:logGet(46)) - raft.server.threadpool.proxy.size = 0 (default)
2023-09-07 08:57:00,464 [main] INFO  server.RaftServerConfigKeys (ConfUtils.java:logGet(46)) - raft.server.rpc.slowness.timeout = 300s (custom)
2023-09-07 08:57:00,464 [main] INFO  server.RaftServerConfigKeys (ConfUtils.java:logGet(46)) - raft.server.leaderelection.leader.step-down.wait-time = 10s (default)
2023-09-07 08:57:00,464 [main] INFO  server.RaftServerConfigKeys (ConfUtils.java:logGet(46)) - raft.server.storage.dir = [/home/runner/work/ozone/ozone/hadoop-ozone/integration-test/target/test-dir/MiniOzoneClusterImpl-4f49b7df-1fbb-48bb-ad24-05a827c4b894/datanode-0/data/ratis] (custom)
2023-09-07 08:57:00,465 [c2dbcf2b-518f-41ea-bd88-da292e0ddc39-impl-thread1] INFO  server.RaftServer (RaftServerProxy.java:initGroupDir(258)) - c2dbcf2b-518f-41ea-bd88-da292e0ddc39: found a subdirectory /home/runner/work/ozone/ozone/hadoop-ozone/integration-test/target/test-dir/MiniOzoneClusterImpl-4f49b7df-1fbb-48bb-ad24-05a827c4b894/datanode-0/data/ratis/tmp
2023-09-07 08:57:00,465 [c2dbcf2b-518f-41ea-bd88-da292e0ddc39-NettyServerStreamRpc-bossGroup--thread1] INFO  logging.LoggingHandler (AbstractInternalLogger.java:log(148)) - [id: 0xd4446c64] REGISTERED
2023-09-07 08:57:00,465 [c2dbcf2b-518f-41ea-bd88-da292e0ddc39-impl-thread1] INFO  server.RaftServer (RaftServerProxy.java:initGroupDir(263)) - c2dbcf2b-518f-41ea-bd88-da292e0ddc39: The directory /home/runner/work/ozone/ozone/hadoop-ozone/integration-test/target/test-dir/MiniOzoneClusterImpl-4f49b7df-1fbb-48bb-ad24-05a827c4b894/datanode-0/data/ratis/tmp is not a group directory; ignoring it. 
2023-09-07 08:57:00,465 [c2dbcf2b-518f-41ea-bd88-da292e0ddc39-NettyServerStreamRpc-bossGroup--thread1] INFO  logging.LoggingHandler (AbstractInternalLogger.java:log(148)) - [id: 0xd4446c64] BIND: 0.0.0.0/0.0.0.0:15174
2023-09-07 08:57:00,469 [main] INFO  replication.ReplicationServer (ReplicationServer.java:<init>(81)) - Initializing replication server with thread count = 10
2023-09-07 08:57:00,469 [c2dbcf2b-518f-41ea-bd88-da292e0ddc39-NettyServerStreamRpc-bossGroup--thread1] INFO  logging.LoggingHandler (AbstractInternalLogger.java:log(148)) - [id: 0xd4446c64, L:/0:0:0:0:0:0:0:0:15174] ACTIVE
2023-09-07 08:57:00,471 [main] INFO  server.XceiverServerGrpc (XceiverServerGrpc.java:<init>(132)) - GrpcServer channel type EpollServerSocketChannel
2023-09-07 08:57:00,473 [main] INFO  replication.ReplicationSupervisor (ReplicationSupervisor.java:build(155)) - Initializing replication supervisor with thread count = 10
2023-09-07 08:57:00,473 [main] INFO  replication.ReplicationSupervisor (ReplicationSupervisor.java:nodeStateUpdated(307)) - Node state updated to IN_SERVICE, scaling executor pool size to 10
2023-09-07 08:57:00,476 [main] INFO  http.BaseHttpServer (BaseHttpServer.java:newHttpServer2BuilderForOzone(223)) - Starting Web-server for hddsDatanode at: http://0.0.0.0:15168
2023-09-07 08:57:00,477 [main] INFO  http.BaseHttpServer (BaseHttpServer.java:<init>(110)) - Hadoop Security Enabled: false Ozone Security Enabled: false Ozone HTTP Security Enabled: false 
2023-09-07 08:57:00,478 [main] WARN  server.AuthenticationFilter (AuthenticationFilter.java:constructSecretProvider(240)) - Unable to initialize FileSignerSecretProvider, falling back to use random secrets. Reason: Could not read signature secret file: /home/runner/hadoop-http-auth-signature-secret
2023-09-07 08:57:00,479 [main] INFO  http.HttpRequestLog (HttpRequestLog.java:getRequestLog(86)) - Http request log for http.requests.hddsDatanode is not defined
2023-09-07 08:57:00,480 [main] INFO  http.HttpServer2 (HttpServer2.java:addGlobalFilter(1031)) - Added global filter 'safety' (class=org.apache.hadoop.hdds.server.http.HttpServer2$QuotingInputFilter)
2023-09-07 08:57:00,481 [main] INFO  http.HttpServer2 (HttpServer2.java:addFilter(1007)) - Added filter static_user_filter (class=org.apache.hadoop.http.lib.StaticUserWebFilter$StaticUserFilter) to context hddsDatanode
2023-09-07 08:57:00,481 [main] INFO  http.HttpServer2 (HttpServer2.java:addFilter(1015)) - Added filter static_user_filter (class=org.apache.hadoop.http.lib.StaticUserWebFilter$StaticUserFilter) to context logs
2023-09-07 08:57:00,481 [main] INFO  http.HttpServer2 (HttpServer2.java:addFilter(1015)) - Added filter static_user_filter (class=org.apache.hadoop.http.lib.StaticUserWebFilter$StaticUserFilter) to context static
2023-09-07 08:57:00,482 [main] INFO  http.BaseHttpServer (BaseHttpServer.java:<init>(189)) - HTTP server of hddsDatanode uses base directory /home/runner/work/ozone/ozone/hadoop-ozone/integration-test/target/test-dir/MiniOzoneClusterImpl-4f49b7df-1fbb-48bb-ad24-05a827c4b894/datanode-0/meta/webserver
2023-09-07 08:57:00,482 [main] INFO  http.HttpServer2 (HttpServer2.java:bindListener(1231)) - Jetty bound to port 15168
2023-09-07 08:57:00,482 [main] INFO  server.Server (Server.java:doStart(375)) - jetty-9.4.51.v20230217; built: 2023-02-17T08:19:37.309Z; git: b45c405e4544384de066f814ed42ae3dceacdd49; jvm 1.8.0_382-b05
2023-09-07 08:57:00,484 [main] INFO  server.session (DefaultSessionIdManager.java:doStart(334)) - DefaultSessionIdManager workerName=node0
2023-09-07 08:57:00,484 [main] INFO  server.session (DefaultSessionIdManager.java:doStart(339)) - No SessionScavenger set, using defaults
2023-09-07 08:57:00,484 [main] INFO  server.session (HouseKeeper.java:startScavenging(132)) - node0 Scavenging every 660000ms
2023-09-07 08:57:00,485 [main] INFO  handler.ContextHandler (ContextHandler.java:doStart(921)) - Started o.e.j.s.ServletContextHandler@33c5b7f5{logs,/logs,file:///home/runner/work/ozone/ozone/hadoop-ozone/integration-test/target/log,AVAILABLE}
2023-09-07 08:57:00,485 [main] INFO  handler.ContextHandler (ContextHandler.java:doStart(921)) - Started o.e.j.s.ServletContextHandler@47bfda9e{static,/static,jar:file:/home/runner/.m2/repository/org/apache/ozone/hdds-container-service/1.4.0-SNAPSHOT/hdds-container-service-1.4.0-SNAPSHOT.jar!/webapps/static,AVAILABLE}
2023-09-07 08:57:00,781 [main] INFO  handler.ContextHandler (ContextHandler.java:doStart(921)) - Started o.e.j.w.WebAppContext@1e405c61{hddsDatanode,/,file:///home/runner/work/ozone/ozone/hadoop-ozone/integration-test/target/test-dir/MiniOzoneClusterImpl-4f49b7df-1fbb-48bb-ad24-05a827c4b894/datanode-0/meta/webserver/jetty-0_0_0_0-15168-hdds-container-service-1_4_0-SNAPSHOT_jar-_-any-4999891542453864569/webapp/,AVAILABLE}{jar:file:/home/runner/.m2/repository/org/apache/ozone/hdds-container-service/1.4.0-SNAPSHOT/hdds-container-service-1.4.0-SNAPSHOT.jar!/webapps/hddsDatanode}
2023-09-07 08:57:00,783 [main] INFO  server.AbstractConnector (AbstractConnector.java:doStart(333)) - Started ServerConnector@58c5b033{HTTP/1.1, (http/1.1)}{0.0.0.0:15168}
2023-09-07 08:57:00,783 [main] INFO  server.Server (Server.java:doStart(415)) - Started @311123ms
2023-09-07 08:57:00,784 [main] WARN  impl.MetricsSystemImpl (MetricsSystemImpl.java:register(279)) - Sink prometheus already exists!
2023-09-07 08:57:00,784 [main] INFO  http.BaseHttpServer (BaseHttpServer.java:updateConnectorAddress(354)) - HTTP server of hddsDatanode listening at http://0.0.0.0:15168
2023-09-07 08:57:00,785 [main] INFO  ipc.CallQueueManager (CallQueueManager.java:<init>(90)) - Using callQueue: class java.util.concurrent.LinkedBlockingQueue, queueCapacity: 100, scheduler: class org.apache.hadoop.ipc.DefaultRpcScheduler, ipcBackoff: false.
2023-09-07 08:57:00,785 [main] INFO  ipc.Server (Server.java:<init>(1287)) - Listener at 0.0.0.0:15169
2023-09-07 08:57:00,786 [Socket Reader #1 for port 15169] INFO  ipc.Server (Server.java:run(1323)) - Starting Socket Reader #1 for port 15169
2023-09-07 08:57:00,792 [main] INFO  ozone.HddsDatanodeService (HddsDatanodeService.java:start(315)) - Datanode start with admins: [runner]
2023-09-07 08:57:00,792 [main] INFO  ozone.HddsDatanodeClientProtocolServer (HddsDatanodeClientProtocolServer.java:start(72)) - RPC server for Client /0.0.0.0:15169
2023-09-07 08:57:00,792 [IPC Server Responder] INFO  ipc.Server (Server.java:run(1562)) - IPC Server Responder: starting
2023-09-07 08:57:00,798 [IPC Server listener on 15169] INFO  ipc.Server (Server.java:run(1402)) - IPC Server listener on 15169: starting
2023-09-07 08:57:00,802 [main] WARN  impl.MetricRegistriesImpl (MetricRegistriesImpl.java:addReporterRegistration(111)) - New reporters are added after registries were created. Some metrics will be missing from the reporter. Please add reporter before adding any new registry.
2023-09-07 08:57:00,802 [main] WARN  impl.MetricRegistriesImpl (MetricRegistriesImpl.java:addReporterRegistration(111)) - New reporters are added after registries were created. Some metrics will be missing from the reporter. Please add reporter before adding any new registry.
2023-09-07 08:57:00,802 [main] INFO  impl.MetricsSystemImpl (MetricsSystemImpl.java:init(158)) - HddsDatanode metrics system started (again)
2023-09-07 08:57:00,805 [Datanode State Machine Daemon Thread] INFO  statemachine.DatanodeStateMachine (DatanodeStateMachine.java:lambda$startDaemon$0(538)) - Ozone container server started.
2023-09-07 08:57:00,818 [main] INFO  ozone.HddsDatanodeService (HddsDatanodeService.java:start(237)) - HddsDatanodeService host:fv-az793-921.vth4h2cvs0culokhaokvhxz15b.jx.internal.cloudapp.net ip:10.1.0.48
2023-09-07 08:57:00,843 [Datanode State Machine Task Thread - 0] INFO  datanode.InitDatanodeState (InitDatanodeState.java:persistContainerDatanodeDetails(138)) - DatanodeDetails is persisted to /home/runner/work/ozone/ozone/hadoop-ozone/integration-test/target/test-dir/MiniOzoneClusterImpl-4f49b7df-1fbb-48bb-ad24-05a827c4b894/datanode-0/meta/datanode.id
2023-09-07 08:57:00,851 [main] INFO  upgrade.AbstractLayoutVersionManager (AbstractLayoutVersionManager.java:init(83)) - Initializing Layout version manager with metadata layout = HADOOP_PRC_PORTS_IN_DATANODEDETAILS (version = 7), software layout = HADOOP_PRC_PORTS_IN_DATANODEDETAILS (version = 7)
2023-09-07 08:57:00,852 [main] INFO  statemachine.DatanodeStateMachine (DatanodeStateMachine.java:getEndPointTaskThreadPoolSize(282)) - Datanode State Machine Task Thread Pool size 2
2023-09-07 08:57:00,854 [main] INFO  volume.HddsVolume (HddsVolume.java:<init>(126)) - Creating HddsVolume: /home/runner/work/ozone/ozone/hadoop-ozone/integration-test/target/test-dir/MiniOzoneClusterImpl-4f49b7df-1fbb-48bb-ad24-05a827c4b894/datanode-1/data-0/containers/hdds of storage type : DISK capacity : 9223372036854775807
2023-09-07 08:57:00,854 [main] INFO  volume.MutableVolumeSet (MutableVolumeSet.java:initializeVolumeSet(173)) - Added Volume : /home/runner/work/ozone/ozone/hadoop-ozone/integration-test/target/test-dir/MiniOzoneClusterImpl-4f49b7df-1fbb-48bb-ad24-05a827c4b894/datanode-1/data-0/containers/hdds to VolumeSet
2023-09-07 08:57:00,855 [main] INFO  volume.MutableVolumeSet (MutableVolumeSet.java:initializeVolumeSet(173)) - Added Volume : /home/runner/work/ozone/ozone/hadoop-ozone/integration-test/target/test-dir/MiniOzoneClusterImpl-4f49b7df-1fbb-48bb-ad24-05a827c4b894/datanode-1/data/ratis to VolumeSet
2023-09-07 08:57:00,855 [Thread-1956] INFO  ozoneimpl.ContainerReader (ContainerReader.java:readVolume(177)) - Finish verifying containers on volume /home/runner/work/ozone/ozone/hadoop-ozone/integration-test/target/test-dir/MiniOzoneClusterImpl-4f49b7df-1fbb-48bb-ad24-05a827c4b894/datanode-1/data-0/containers/hdds
2023-09-07 08:57:00,856 [main] INFO  ozoneimpl.OzoneContainer (OzoneContainer.java:buildContainerSet(314)) - Build ContainerSet costs 0s
2023-09-07 08:57:00,858 [main] INFO  server.RaftServer (ConfUtils.java:logGet(46)) - raft.rpc.type = GRPC (default)
2023-09-07 08:57:00,858 [main] INFO  grpc.GrpcConfigKeys (ConfUtils.java:logFallback(53)) - raft.grpc.admin.host = null (fallback to raft.grpc.server.host)
2023-09-07 08:57:00,858 [main] INFO  grpc.GrpcConfigKeys (ConfUtils.java:logGet(46)) - raft.grpc.admin.port = 15181 (custom)
2023-09-07 08:57:00,858 [main] INFO  grpc.GrpcConfigKeys (ConfUtils.java:logFallback(53)) - raft.grpc.client.host = null (fallback to raft.grpc.server.host)
2023-09-07 08:57:00,859 [main] INFO  grpc.GrpcConfigKeys (ConfUtils.java:logGet(46)) - raft.grpc.client.port = 15180 (custom)
2023-09-07 08:57:00,859 [main] INFO  grpc.GrpcConfigKeys (ConfUtils.java:logGet(46)) - raft.grpc.server.host = null (default)
2023-09-07 08:57:00,859 [main] INFO  grpc.GrpcConfigKeys (ConfUtils.java:logGet(46)) - raft.grpc.server.port = 15182 (custom)
2023-09-07 08:57:00,859 [main] INFO  server.GrpcService (ConfUtils.java:logGet(46)) - raft.grpc.message.size.max = 32MB (=33554432) (custom)
2023-09-07 08:57:00,859 [main] INFO  server.RaftServerConfigKeys (ConfUtils.java:logGet(46)) - raft.server.log.appender.buffer.byte-limit = 33554432 (custom)
2023-09-07 08:57:00,859 [main] INFO  server.GrpcService (ConfUtils.java:logGet(46)) - raft.grpc.flow.control.window = 5MB (=5242880) (custom)
2023-09-07 08:57:00,859 [main] INFO  server.RaftServerConfigKeys (ConfUtils.java:logGet(46)) - raft.server.rpc.request.timeout = 60s (custom)
2023-09-07 08:57:00,859 [main] INFO  grpc.GrpcConfigKeys (ConfUtils.java:logGet(46)) - raft.grpc.server.heartbeat.channel = true (default)
2023-09-07 08:57:00,860 [main] INFO  grpc.GrpcConfigKeys (ConfUtils.java:logGet(46)) - raft.grpc.server.async.request.thread.pool.cached = true (default)
2023-09-07 08:57:00,860 [main] INFO  grpc.GrpcConfigKeys (ConfUtils.java:logGet(46)) - raft.grpc.server.async.request.thread.pool.size = 32 (default)
2023-09-07 08:57:00,863 [main] INFO  impl.DataStreamServerImpl (ConfUtils.java:logGet(46)) - raft.datastream.type = NETTY (custom)
2023-09-07 08:57:00,863 [main] INFO  server.RaftServerConfigKeys (ConfUtils.java:logGet(46)) - raft.server.data-stream.async.request.thread.pool.cached = false (default)
2023-09-07 08:57:00,863 [main] INFO  server.RaftServerConfigKeys (ConfUtils.java:logGet(46)) - raft.server.data-stream.async.request.thread.pool.size = 20 (custom)
2023-09-07 08:57:00,863 [main] INFO  server.RaftServerConfigKeys (ConfUtils.java:logGet(46)) - raft.server.data-stream.async.write.thread.pool.size = 16 (default)
2023-09-07 08:57:00,864 [main] INFO  server.RaftServerConfigKeys (ConfUtils.java:logGet(46)) - raft.server.data-stream.client.pool.size = 10 (default)
2023-09-07 08:57:00,864 [main] INFO  netty.NettyConfigKeys$DataStream (ConfUtils.java:logGet(46)) - raft.netty.dataStream.server.use-epoll = false (default)
2023-09-07 08:57:00,864 [main] INFO  netty.NettyConfigKeys$DataStream (ConfUtils.java:logGet(46)) - raft.netty.dataStream.server.boss-group.size = 0 (default)
2023-09-07 08:57:00,864 [main] INFO  netty.NettyConfigKeys$DataStream (ConfUtils.java:logGet(46)) - raft.netty.dataStream.server.worker-group.size = 0 (default)
2023-09-07 08:57:00,865 [main] INFO  netty.NettyConfigKeys$DataStream (ConfUtils.java:logGet(46)) - raft.netty.dataStream.server.tls.conf = null (default)
2023-09-07 08:57:00,865 [main] INFO  netty.NettyConfigKeys$DataStream (ConfUtils.java:logGet(46)) - raft.netty.dataStream.host = null (default)
2023-09-07 08:57:00,865 [main] INFO  netty.NettyConfigKeys$DataStream (ConfUtils.java:logGet(46)) - raft.netty.dataStream.port = 15183 (custom)
2023-09-07 08:57:00,866 [main] INFO  server.RaftServerConfigKeys (ConfUtils.java:logGet(46)) - raft.server.threadpool.proxy.cached = true (default)
2023-09-07 08:57:00,866 [main] INFO  server.RaftServerConfigKeys (ConfUtils.java:logGet(46)) - raft.server.threadpool.proxy.size = 0 (default)
2023-09-07 08:57:00,866 [main] INFO  server.RaftServerConfigKeys (ConfUtils.java:logGet(46)) - raft.server.rpc.slowness.timeout = 300s (custom)
2023-09-07 08:57:00,866 [main] INFO  server.RaftServerConfigKeys (ConfUtils.java:logGet(46)) - raft.server.leaderelection.leader.step-down.wait-time = 10s (default)
2023-09-07 08:57:00,866 [main] INFO  server.RaftServerConfigKeys (ConfUtils.java:logGet(46)) - raft.server.storage.dir = [/home/runner/work/ozone/ozone/hadoop-ozone/integration-test/target/test-dir/MiniOzoneClusterImpl-4f49b7df-1fbb-48bb-ad24-05a827c4b894/datanode-1/data/ratis] (custom)
2023-09-07 08:57:00,867 [a34f2eca-ee32-4394-bb15-3b741437dcd0-NettyServerStreamRpc-bossGroup--thread1] INFO  logging.LoggingHandler (AbstractInternalLogger.java:log(148)) - [id: 0x0b7eddd1] REGISTERED
2023-09-07 08:57:00,867 [a34f2eca-ee32-4394-bb15-3b741437dcd0-NettyServerStreamRpc-bossGroup--thread1] INFO  logging.LoggingHandler (AbstractInternalLogger.java:log(148)) - [id: 0x0b7eddd1] BIND: 0.0.0.0/0.0.0.0:15183
2023-09-07 08:57:00,867 [a34f2eca-ee32-4394-bb15-3b741437dcd0-NettyServerStreamRpc-bossGroup--thread1] INFO  logging.LoggingHandler (AbstractInternalLogger.java:log(148)) - [id: 0x0b7eddd1, L:/0:0:0:0:0:0:0:0:15183] ACTIVE
2023-09-07 08:57:00,870 [a34f2eca-ee32-4394-bb15-3b741437dcd0-impl-thread1] INFO  server.RaftServer (RaftServerProxy.java:initGroupDir(258)) - a34f2eca-ee32-4394-bb15-3b741437dcd0: found a subdirectory /home/runner/work/ozone/ozone/hadoop-ozone/integration-test/target/test-dir/MiniOzoneClusterImpl-4f49b7df-1fbb-48bb-ad24-05a827c4b894/datanode-1/data/ratis/tmp
2023-09-07 08:57:00,870 [a34f2eca-ee32-4394-bb15-3b741437dcd0-impl-thread1] INFO  server.RaftServer (RaftServerProxy.java:initGroupDir(263)) - a34f2eca-ee32-4394-bb15-3b741437dcd0: The directory /home/runner/work/ozone/ozone/hadoop-ozone/integration-test/target/test-dir/MiniOzoneClusterImpl-4f49b7df-1fbb-48bb-ad24-05a827c4b894/datanode-1/data/ratis/tmp is not a group directory; ignoring it. 
2023-09-07 08:57:00,870 [main] INFO  replication.ReplicationServer (ReplicationServer.java:<init>(81)) - Initializing replication server with thread count = 10
2023-09-07 08:57:00,871 [main] INFO  server.XceiverServerGrpc (XceiverServerGrpc.java:<init>(132)) - GrpcServer channel type EpollServerSocketChannel
2023-09-07 08:57:00,873 [main] INFO  replication.ReplicationSupervisor (ReplicationSupervisor.java:build(155)) - Initializing replication supervisor with thread count = 10
2023-09-07 08:57:00,873 [main] INFO  replication.ReplicationSupervisor (ReplicationSupervisor.java:nodeStateUpdated(307)) - Node state updated to IN_SERVICE, scaling executor pool size to 10
2023-09-07 08:57:00,881 [main] INFO  http.BaseHttpServer (BaseHttpServer.java:newHttpServer2BuilderForOzone(223)) - Starting Web-server for hddsDatanode at: http://0.0.0.0:15177
2023-09-07 08:57:00,882 [main] INFO  http.BaseHttpServer (BaseHttpServer.java:<init>(110)) - Hadoop Security Enabled: false Ozone Security Enabled: false Ozone HTTP Security Enabled: false 
2023-09-07 08:57:00,883 [main] WARN  server.AuthenticationFilter (AuthenticationFilter.java:constructSecretProvider(240)) - Unable to initialize FileSignerSecretProvider, falling back to use random secrets. Reason: Could not read signature secret file: /home/runner/hadoop-http-auth-signature-secret
2023-09-07 08:57:00,885 [main] INFO  http.HttpRequestLog (HttpRequestLog.java:getRequestLog(86)) - Http request log for http.requests.hddsDatanode is not defined
2023-09-07 08:57:00,886 [main] INFO  http.HttpServer2 (HttpServer2.java:addGlobalFilter(1031)) - Added global filter 'safety' (class=org.apache.hadoop.hdds.server.http.HttpServer2$QuotingInputFilter)
2023-09-07 08:57:00,887 [main] INFO  http.HttpServer2 (HttpServer2.java:addFilter(1007)) - Added filter static_user_filter (class=org.apache.hadoop.http.lib.StaticUserWebFilter$StaticUserFilter) to context hddsDatanode
2023-09-07 08:57:00,887 [main] INFO  http.HttpServer2 (HttpServer2.java:addFilter(1015)) - Added filter static_user_filter (class=org.apache.hadoop.http.lib.StaticUserWebFilter$StaticUserFilter) to context static
2023-09-07 08:57:00,887 [main] INFO  http.HttpServer2 (HttpServer2.java:addFilter(1015)) - Added filter static_user_filter (class=org.apache.hadoop.http.lib.StaticUserWebFilter$StaticUserFilter) to context logs
2023-09-07 08:57:00,888 [main] INFO  http.BaseHttpServer (BaseHttpServer.java:<init>(189)) - HTTP server of hddsDatanode uses base directory /home/runner/work/ozone/ozone/hadoop-ozone/integration-test/target/test-dir/MiniOzoneClusterImpl-4f49b7df-1fbb-48bb-ad24-05a827c4b894/datanode-1/meta/webserver
2023-09-07 08:57:00,888 [main] INFO  http.HttpServer2 (HttpServer2.java:bindListener(1231)) - Jetty bound to port 15177
2023-09-07 08:57:00,888 [main] INFO  server.Server (Server.java:doStart(375)) - jetty-9.4.51.v20230217; built: 2023-02-17T08:19:37.309Z; git: b45c405e4544384de066f814ed42ae3dceacdd49; jvm 1.8.0_382-b05
2023-09-07 08:57:00,892 [main] INFO  server.session (DefaultSessionIdManager.java:doStart(334)) - DefaultSessionIdManager workerName=node0
2023-09-07 08:57:00,893 [main] INFO  server.session (DefaultSessionIdManager.java:doStart(339)) - No SessionScavenger set, using defaults
2023-09-07 08:57:00,893 [main] INFO  server.session (HouseKeeper.java:startScavenging(132)) - node0 Scavenging every 600000ms
2023-09-07 08:57:00,894 [main] INFO  handler.ContextHandler (ContextHandler.java:doStart(921)) - Started o.e.j.s.ServletContextHandler@f5e34c3{logs,/logs,file:///home/runner/work/ozone/ozone/hadoop-ozone/integration-test/target/log,AVAILABLE}
2023-09-07 08:57:00,894 [main] INFO  handler.ContextHandler (ContextHandler.java:doStart(921)) - Started o.e.j.s.ServletContextHandler@327ac426{static,/static,jar:file:/home/runner/.m2/repository/org/apache/ozone/hdds-container-service/1.4.0-SNAPSHOT/hdds-container-service-1.4.0-SNAPSHOT.jar!/webapps/static,AVAILABLE}
2023-09-07 08:57:01,148 [main] INFO  handler.ContextHandler (ContextHandler.java:doStart(921)) - Started o.e.j.w.WebAppContext@171301f{hddsDatanode,/,file:///home/runner/work/ozone/ozone/hadoop-ozone/integration-test/target/test-dir/MiniOzoneClusterImpl-4f49b7df-1fbb-48bb-ad24-05a827c4b894/datanode-1/meta/webserver/jetty-0_0_0_0-15177-hdds-container-service-1_4_0-SNAPSHOT_jar-_-any-7885283640969294090/webapp/,AVAILABLE}{jar:file:/home/runner/.m2/repository/org/apache/ozone/hdds-container-service/1.4.0-SNAPSHOT/hdds-container-service-1.4.0-SNAPSHOT.jar!/webapps/hddsDatanode}
2023-09-07 08:57:01,150 [main] INFO  server.AbstractConnector (AbstractConnector.java:doStart(333)) - Started ServerConnector@25c65e25{HTTP/1.1, (http/1.1)}{0.0.0.0:15177}
2023-09-07 08:57:01,150 [main] INFO  server.Server (Server.java:doStart(415)) - Started @311489ms
2023-09-07 08:57:01,150 [main] WARN  impl.MetricsSystemImpl (MetricsSystemImpl.java:register(279)) - Sink prometheus already exists!
2023-09-07 08:57:01,151 [main] INFO  http.BaseHttpServer (BaseHttpServer.java:updateConnectorAddress(354)) - HTTP server of hddsDatanode listening at http://0.0.0.0:15177
2023-09-07 08:57:01,151 [main] INFO  ipc.CallQueueManager (CallQueueManager.java:<init>(90)) - Using callQueue: class java.util.concurrent.LinkedBlockingQueue, queueCapacity: 100, scheduler: class org.apache.hadoop.ipc.DefaultRpcScheduler, ipcBackoff: false.
2023-09-07 08:57:01,152 [main] INFO  ipc.Server (Server.java:<init>(1287)) - Listener at 0.0.0.0:15178
2023-09-07 08:57:01,152 [Socket Reader #1 for port 15178] INFO  ipc.Server (Server.java:run(1323)) - Starting Socket Reader #1 for port 15178
2023-09-07 08:57:01,155 [main] INFO  ozone.HddsDatanodeService (HddsDatanodeService.java:start(315)) - Datanode start with admins: [runner]
2023-09-07 08:57:01,155 [main] INFO  ozone.HddsDatanodeClientProtocolServer (HddsDatanodeClientProtocolServer.java:start(72)) - RPC server for Client /0.0.0.0:15178
2023-09-07 08:57:01,155 [IPC Server Responder] INFO  ipc.Server (Server.java:run(1562)) - IPC Server Responder: starting
2023-09-07 08:57:01,155 [IPC Server listener on 15178] INFO  ipc.Server (Server.java:run(1402)) - IPC Server listener on 15178: starting
2023-09-07 08:57:01,156 [main] WARN  impl.MetricRegistriesImpl (MetricRegistriesImpl.java:addReporterRegistration(111)) - New reporters are added after registries were created. Some metrics will be missing from the reporter. Please add reporter before adding any new registry.
2023-09-07 08:57:01,157 [main] WARN  impl.MetricRegistriesImpl (MetricRegistriesImpl.java:addReporterRegistration(111)) - New reporters are added after registries were created. Some metrics will be missing from the reporter. Please add reporter before adding any new registry.
2023-09-07 08:57:01,156 [Datanode State Machine Daemon Thread] INFO  statemachine.DatanodeStateMachine (DatanodeStateMachine.java:lambda$startDaemon$0(538)) - Ozone container server started.
2023-09-07 08:57:01,157 [main] INFO  impl.MetricsSystemImpl (MetricsSystemImpl.java:init(158)) - HddsDatanode metrics system started (again)
2023-09-07 08:57:01,180 [main] INFO  ozone.HddsDatanodeService (HddsDatanodeService.java:start(237)) - HddsDatanodeService host:fv-az793-921.vth4h2cvs0culokhaokvhxz15b.jx.internal.cloudapp.net ip:10.1.0.48
2023-09-07 08:57:01,186 [Datanode State Machine Task Thread - 0] INFO  datanode.InitDatanodeState (InitDatanodeState.java:persistContainerDatanodeDetails(138)) - DatanodeDetails is persisted to /home/runner/work/ozone/ozone/hadoop-ozone/integration-test/target/test-dir/MiniOzoneClusterImpl-4f49b7df-1fbb-48bb-ad24-05a827c4b894/datanode-1/meta/datanode.id
2023-09-07 08:57:01,214 [main] INFO  upgrade.AbstractLayoutVersionManager (AbstractLayoutVersionManager.java:init(83)) - Initializing Layout version manager with metadata layout = HADOOP_PRC_PORTS_IN_DATANODEDETAILS (version = 7), software layout = HADOOP_PRC_PORTS_IN_DATANODEDETAILS (version = 7)
2023-09-07 08:57:01,214 [main] INFO  statemachine.DatanodeStateMachine (DatanodeStateMachine.java:getEndPointTaskThreadPoolSize(282)) - Datanode State Machine Task Thread Pool size 2
2023-09-07 08:57:01,216 [main] INFO  volume.HddsVolume (HddsVolume.java:<init>(126)) - Creating HddsVolume: /home/runner/work/ozone/ozone/hadoop-ozone/integration-test/target/test-dir/MiniOzoneClusterImpl-4f49b7df-1fbb-48bb-ad24-05a827c4b894/datanode-2/data-0/containers/hdds of storage type : DISK capacity : 9223372036854775807
2023-09-07 08:57:01,216 [main] INFO  volume.MutableVolumeSet (MutableVolumeSet.java:initializeVolumeSet(173)) - Added Volume : /home/runner/work/ozone/ozone/hadoop-ozone/integration-test/target/test-dir/MiniOzoneClusterImpl-4f49b7df-1fbb-48bb-ad24-05a827c4b894/datanode-2/data-0/containers/hdds to VolumeSet
2023-09-07 08:57:01,217 [main] INFO  volume.MutableVolumeSet (MutableVolumeSet.java:initializeVolumeSet(173)) - Added Volume : /home/runner/work/ozone/ozone/hadoop-ozone/integration-test/target/test-dir/MiniOzoneClusterImpl-4f49b7df-1fbb-48bb-ad24-05a827c4b894/datanode-2/data/ratis to VolumeSet
2023-09-07 08:57:01,218 [Thread-1973] INFO  ozoneimpl.ContainerReader (ContainerReader.java:readVolume(177)) - Finish verifying containers on volume /home/runner/work/ozone/ozone/hadoop-ozone/integration-test/target/test-dir/MiniOzoneClusterImpl-4f49b7df-1fbb-48bb-ad24-05a827c4b894/datanode-2/data-0/containers/hdds
2023-09-07 08:57:01,218 [main] INFO  ozoneimpl.OzoneContainer (OzoneContainer.java:buildContainerSet(314)) - Build ContainerSet costs 0s
2023-09-07 08:57:01,220 [main] INFO  server.RaftServer (ConfUtils.java:logGet(46)) - raft.rpc.type = GRPC (default)
2023-09-07 08:57:01,220 [main] INFO  grpc.GrpcConfigKeys (ConfUtils.java:logFallback(53)) - raft.grpc.admin.host = null (fallback to raft.grpc.server.host)
2023-09-07 08:57:01,220 [main] INFO  grpc.GrpcConfigKeys (ConfUtils.java:logGet(46)) - raft.grpc.admin.port = 15190 (custom)
2023-09-07 08:57:01,221 [main] INFO  grpc.GrpcConfigKeys (ConfUtils.java:logFallback(53)) - raft.grpc.client.host = null (fallback to raft.grpc.server.host)
2023-09-07 08:57:01,221 [main] INFO  grpc.GrpcConfigKeys (ConfUtils.java:logGet(46)) - raft.grpc.client.port = 15189 (custom)
2023-09-07 08:57:01,221 [main] INFO  grpc.GrpcConfigKeys (ConfUtils.java:logGet(46)) - raft.grpc.server.host = null (default)
2023-09-07 08:57:01,221 [main] INFO  grpc.GrpcConfigKeys (ConfUtils.java:logGet(46)) - raft.grpc.server.port = 15191 (custom)
2023-09-07 08:57:01,221 [main] INFO  server.GrpcService (ConfUtils.java:logGet(46)) - raft.grpc.message.size.max = 32MB (=33554432) (custom)
2023-09-07 08:57:01,221 [main] INFO  server.RaftServerConfigKeys (ConfUtils.java:logGet(46)) - raft.server.log.appender.buffer.byte-limit = 33554432 (custom)
2023-09-07 08:57:01,222 [main] INFO  server.GrpcService (ConfUtils.java:logGet(46)) - raft.grpc.flow.control.window = 5MB (=5242880) (custom)
2023-09-07 08:57:01,222 [main] INFO  server.RaftServerConfigKeys (ConfUtils.java:logGet(46)) - raft.server.rpc.request.timeout = 60s (custom)
2023-09-07 08:57:01,222 [main] INFO  grpc.GrpcConfigKeys (ConfUtils.java:logGet(46)) - raft.grpc.server.heartbeat.channel = true (default)
2023-09-07 08:57:01,222 [main] INFO  grpc.GrpcConfigKeys (ConfUtils.java:logGet(46)) - raft.grpc.server.async.request.thread.pool.cached = true (default)
2023-09-07 08:57:01,222 [main] INFO  grpc.GrpcConfigKeys (ConfUtils.java:logGet(46)) - raft.grpc.server.async.request.thread.pool.size = 32 (default)
2023-09-07 08:57:01,226 [main] INFO  impl.DataStreamServerImpl (ConfUtils.java:logGet(46)) - raft.datastream.type = NETTY (custom)
2023-09-07 08:57:01,227 [main] INFO  server.RaftServerConfigKeys (ConfUtils.java:logGet(46)) - raft.server.data-stream.async.request.thread.pool.cached = false (default)
2023-09-07 08:57:01,227 [main] INFO  server.RaftServerConfigKeys (ConfUtils.java:logGet(46)) - raft.server.data-stream.async.request.thread.pool.size = 20 (custom)
2023-09-07 08:57:01,227 [main] INFO  server.RaftServerConfigKeys (ConfUtils.java:logGet(46)) - raft.server.data-stream.async.write.thread.pool.size = 16 (default)
2023-09-07 08:57:01,227 [main] INFO  server.RaftServerConfigKeys (ConfUtils.java:logGet(46)) - raft.server.data-stream.client.pool.size = 10 (default)
2023-09-07 08:57:01,227 [main] INFO  netty.NettyConfigKeys$DataStream (ConfUtils.java:logGet(46)) - raft.netty.dataStream.server.use-epoll = false (default)
2023-09-07 08:57:01,228 [main] INFO  netty.NettyConfigKeys$DataStream (ConfUtils.java:logGet(46)) - raft.netty.dataStream.server.boss-group.size = 0 (default)
2023-09-07 08:57:01,228 [main] INFO  netty.NettyConfigKeys$DataStream (ConfUtils.java:logGet(46)) - raft.netty.dataStream.server.worker-group.size = 0 (default)
2023-09-07 08:57:01,229 [main] INFO  netty.NettyConfigKeys$DataStream (ConfUtils.java:logGet(46)) - raft.netty.dataStream.server.tls.conf = null (default)
2023-09-07 08:57:01,229 [main] INFO  netty.NettyConfigKeys$DataStream (ConfUtils.java:logGet(46)) - raft.netty.dataStream.host = null (default)
2023-09-07 08:57:01,229 [main] INFO  netty.NettyConfigKeys$DataStream (ConfUtils.java:logGet(46)) - raft.netty.dataStream.port = 15192 (custom)
2023-09-07 08:57:01,230 [main] INFO  server.RaftServerConfigKeys (ConfUtils.java:logGet(46)) - raft.server.threadpool.proxy.cached = true (default)
2023-09-07 08:57:01,230 [main] INFO  server.RaftServerConfigKeys (ConfUtils.java:logGet(46)) - raft.server.threadpool.proxy.size = 0 (default)
2023-09-07 08:57:01,230 [469bc52f-827e-4f59-b4d6-1102a4459bcd-NettyServerStreamRpc-bossGroup--thread1] INFO  logging.LoggingHandler (AbstractInternalLogger.java:log(148)) - [id: 0x4c22500b] REGISTERED
2023-09-07 08:57:01,230 [main] INFO  server.RaftServerConfigKeys (ConfUtils.java:logGet(46)) - raft.server.rpc.slowness.timeout = 300s (custom)
2023-09-07 08:57:01,230 [main] INFO  server.RaftServerConfigKeys (ConfUtils.java:logGet(46)) - raft.server.leaderelection.leader.step-down.wait-time = 10s (default)
2023-09-07 08:57:01,230 [469bc52f-827e-4f59-b4d6-1102a4459bcd-NettyServerStreamRpc-bossGroup--thread1] INFO  logging.LoggingHandler (AbstractInternalLogger.java:log(148)) - [id: 0x4c22500b] BIND: 0.0.0.0/0.0.0.0:15192
2023-09-07 08:57:01,231 [main] INFO  server.RaftServerConfigKeys (ConfUtils.java:logGet(46)) - raft.server.storage.dir = [/home/runner/work/ozone/ozone/hadoop-ozone/integration-test/target/test-dir/MiniOzoneClusterImpl-4f49b7df-1fbb-48bb-ad24-05a827c4b894/datanode-2/data/ratis] (custom)
2023-09-07 08:57:01,231 [469bc52f-827e-4f59-b4d6-1102a4459bcd-NettyServerStreamRpc-bossGroup--thread1] INFO  logging.LoggingHandler (AbstractInternalLogger.java:log(148)) - [id: 0x4c22500b, L:/0:0:0:0:0:0:0:0:15192] ACTIVE
2023-09-07 08:57:01,231 [469bc52f-827e-4f59-b4d6-1102a4459bcd-impl-thread1] INFO  server.RaftServer (RaftServerProxy.java:initGroupDir(258)) - 469bc52f-827e-4f59-b4d6-1102a4459bcd: found a subdirectory /home/runner/work/ozone/ozone/hadoop-ozone/integration-test/target/test-dir/MiniOzoneClusterImpl-4f49b7df-1fbb-48bb-ad24-05a827c4b894/datanode-2/data/ratis/tmp
2023-09-07 08:57:01,231 [469bc52f-827e-4f59-b4d6-1102a4459bcd-impl-thread1] INFO  server.RaftServer (RaftServerProxy.java:initGroupDir(263)) - 469bc52f-827e-4f59-b4d6-1102a4459bcd: The directory /home/runner/work/ozone/ozone/hadoop-ozone/integration-test/target/test-dir/MiniOzoneClusterImpl-4f49b7df-1fbb-48bb-ad24-05a827c4b894/datanode-2/data/ratis/tmp is not a group directory; ignoring it. 
2023-09-07 08:57:01,231 [main] INFO  replication.ReplicationServer (ReplicationServer.java:<init>(81)) - Initializing replication server with thread count = 10
2023-09-07 08:57:01,233 [main] INFO  server.XceiverServerGrpc (XceiverServerGrpc.java:<init>(132)) - GrpcServer channel type EpollServerSocketChannel
2023-09-07 08:57:01,235 [main] INFO  replication.ReplicationSupervisor (ReplicationSupervisor.java:build(155)) - Initializing replication supervisor with thread count = 10
2023-09-07 08:57:01,235 [main] INFO  replication.ReplicationSupervisor (ReplicationSupervisor.java:nodeStateUpdated(307)) - Node state updated to IN_SERVICE, scaling executor pool size to 10
2023-09-07 08:57:01,237 [main] INFO  http.BaseHttpServer (BaseHttpServer.java:newHttpServer2BuilderForOzone(223)) - Starting Web-server for hddsDatanode at: http://0.0.0.0:15186
2023-09-07 08:57:01,237 [main] INFO  http.BaseHttpServer (BaseHttpServer.java:<init>(110)) - Hadoop Security Enabled: false Ozone Security Enabled: false Ozone HTTP Security Enabled: false 
2023-09-07 08:57:01,239 [main] WARN  server.AuthenticationFilter (AuthenticationFilter.java:constructSecretProvider(240)) - Unable to initialize FileSignerSecretProvider, falling back to use random secrets. Reason: Could not read signature secret file: /home/runner/hadoop-http-auth-signature-secret
2023-09-07 08:57:01,239 [main] INFO  http.HttpRequestLog (HttpRequestLog.java:getRequestLog(86)) - Http request log for http.requests.hddsDatanode is not defined
2023-09-07 08:57:01,249 [main] INFO  http.HttpServer2 (HttpServer2.java:addGlobalFilter(1031)) - Added global filter 'safety' (class=org.apache.hadoop.hdds.server.http.HttpServer2$QuotingInputFilter)
2023-09-07 08:57:01,257 [main] INFO  http.HttpServer2 (HttpServer2.java:addFilter(1007)) - Added filter static_user_filter (class=org.apache.hadoop.http.lib.StaticUserWebFilter$StaticUserFilter) to context hddsDatanode
2023-09-07 08:57:01,257 [main] INFO  http.HttpServer2 (HttpServer2.java:addFilter(1015)) - Added filter static_user_filter (class=org.apache.hadoop.http.lib.StaticUserWebFilter$StaticUserFilter) to context logs
2023-09-07 08:57:01,257 [main] INFO  http.HttpServer2 (HttpServer2.java:addFilter(1015)) - Added filter static_user_filter (class=org.apache.hadoop.http.lib.StaticUserWebFilter$StaticUserFilter) to context static
2023-09-07 08:57:01,259 [main] INFO  http.BaseHttpServer (BaseHttpServer.java:<init>(189)) - HTTP server of hddsDatanode uses base directory /home/runner/work/ozone/ozone/hadoop-ozone/integration-test/target/test-dir/MiniOzoneClusterImpl-4f49b7df-1fbb-48bb-ad24-05a827c4b894/datanode-2/meta/webserver
2023-09-07 08:57:01,260 [main] INFO  http.HttpServer2 (HttpServer2.java:bindListener(1231)) - Jetty bound to port 15186
2023-09-07 08:57:01,260 [main] INFO  server.Server (Server.java:doStart(375)) - jetty-9.4.51.v20230217; built: 2023-02-17T08:19:37.309Z; git: b45c405e4544384de066f814ed42ae3dceacdd49; jvm 1.8.0_382-b05
2023-09-07 08:57:01,272 [main] INFO  server.session (DefaultSessionIdManager.java:doStart(334)) - DefaultSessionIdManager workerName=node0
2023-09-07 08:57:01,273 [main] INFO  server.session (DefaultSessionIdManager.java:doStart(339)) - No SessionScavenger set, using defaults
2023-09-07 08:57:01,273 [main] INFO  server.session (HouseKeeper.java:startScavenging(132)) - node0 Scavenging every 600000ms
2023-09-07 08:57:01,274 [main] INFO  handler.ContextHandler (ContextHandler.java:doStart(921)) - Started o.e.j.s.ServletContextHandler@37306f13{logs,/logs,file:///home/runner/work/ozone/ozone/hadoop-ozone/integration-test/target/log,AVAILABLE}
2023-09-07 08:57:01,274 [main] INFO  handler.ContextHandler (ContextHandler.java:doStart(921)) - Started o.e.j.s.ServletContextHandler@32be84f5{static,/static,jar:file:/home/runner/.m2/repository/org/apache/ozone/hdds-container-service/1.4.0-SNAPSHOT/hdds-container-service-1.4.0-SNAPSHOT.jar!/webapps/static,AVAILABLE}
2023-09-07 08:57:01,526 [main] INFO  handler.ContextHandler (ContextHandler.java:doStart(921)) - Started o.e.j.w.WebAppContext@66e38138{hddsDatanode,/,file:///home/runner/work/ozone/ozone/hadoop-ozone/integration-test/target/test-dir/MiniOzoneClusterImpl-4f49b7df-1fbb-48bb-ad24-05a827c4b894/datanode-2/meta/webserver/jetty-0_0_0_0-15186-hdds-container-service-1_4_0-SNAPSHOT_jar-_-any-3360505452677248693/webapp/,AVAILABLE}{jar:file:/home/runner/.m2/repository/org/apache/ozone/hdds-container-service/1.4.0-SNAPSHOT/hdds-container-service-1.4.0-SNAPSHOT.jar!/webapps/hddsDatanode}
2023-09-07 08:57:01,528 [main] INFO  server.AbstractConnector (AbstractConnector.java:doStart(333)) - Started ServerConnector@3bb8b4e5{HTTP/1.1, (http/1.1)}{0.0.0.0:15186}
2023-09-07 08:57:01,528 [main] INFO  server.Server (Server.java:doStart(415)) - Started @311867ms
2023-09-07 08:57:01,528 [main] WARN  impl.MetricsSystemImpl (MetricsSystemImpl.java:register(279)) - Sink prometheus already exists!
2023-09-07 08:57:01,529 [main] INFO  http.BaseHttpServer (BaseHttpServer.java:updateConnectorAddress(354)) - HTTP server of hddsDatanode listening at http://0.0.0.0:15186
2023-09-07 08:57:01,529 [main] INFO  ipc.CallQueueManager (CallQueueManager.java:<init>(90)) - Using callQueue: class java.util.concurrent.LinkedBlockingQueue, queueCapacity: 100, scheduler: class org.apache.hadoop.ipc.DefaultRpcScheduler, ipcBackoff: false.
2023-09-07 08:57:01,530 [main] INFO  ipc.Server (Server.java:<init>(1287)) - Listener at 0.0.0.0:15187
2023-09-07 08:57:01,530 [Socket Reader #1 for port 15187] INFO  ipc.Server (Server.java:run(1323)) - Starting Socket Reader #1 for port 15187
2023-09-07 08:57:01,539 [main] INFO  ozone.HddsDatanodeService (HddsDatanodeService.java:start(315)) - Datanode start with admins: [runner]
2023-09-07 08:57:01,539 [main] INFO  ozone.HddsDatanodeClientProtocolServer (HddsDatanodeClientProtocolServer.java:start(72)) - RPC server for Client /0.0.0.0:15187
2023-09-07 08:57:01,540 [IPC Server Responder] INFO  ipc.Server (Server.java:run(1562)) - IPC Server Responder: starting
2023-09-07 08:57:01,541 [Datanode State Machine Daemon Thread] INFO  statemachine.DatanodeStateMachine (DatanodeStateMachine.java:lambda$startDaemon$0(538)) - Ozone container server started.
2023-09-07 08:57:01,541 [main] WARN  impl.MetricRegistriesImpl (MetricRegistriesImpl.java:addReporterRegistration(111)) - New reporters are added after registries were created. Some metrics will be missing from the reporter. Please add reporter before adding any new registry.
2023-09-07 08:57:01,542 [main] WARN  impl.MetricRegistriesImpl (MetricRegistriesImpl.java:addReporterRegistration(111)) - New reporters are added after registries were created. Some metrics will be missing from the reporter. Please add reporter before adding any new registry.
2023-09-07 08:57:01,542 [main] INFO  impl.MetricsSystemImpl (MetricsSystemImpl.java:init(158)) - HddsDatanode metrics system started (again)
2023-09-07 08:57:01,545 [IPC Server listener on 15187] INFO  ipc.Server (Server.java:run(1402)) - IPC Server listener on 15187: starting
2023-09-07 08:57:01,556 [main] INFO  ozone.HddsDatanodeService (HddsDatanodeService.java:start(237)) - HddsDatanodeService host:fv-az793-921.vth4h2cvs0culokhaokvhxz15b.jx.internal.cloudapp.net ip:10.1.0.48
2023-09-07 08:57:01,565 [Datanode State Machine Task Thread - 0] INFO  datanode.InitDatanodeState (InitDatanodeState.java:persistContainerDatanodeDetails(138)) - DatanodeDetails is persisted to /home/runner/work/ozone/ozone/hadoop-ozone/integration-test/target/test-dir/MiniOzoneClusterImpl-4f49b7df-1fbb-48bb-ad24-05a827c4b894/datanode-2/meta/datanode.id
2023-09-07 08:57:01,587 [main] INFO  upgrade.AbstractLayoutVersionManager (AbstractLayoutVersionManager.java:init(83)) - Initializing Layout version manager with metadata layout = HADOOP_PRC_PORTS_IN_DATANODEDETAILS (version = 7), software layout = HADOOP_PRC_PORTS_IN_DATANODEDETAILS (version = 7)
2023-09-07 08:57:01,588 [main] INFO  statemachine.DatanodeStateMachine (DatanodeStateMachine.java:getEndPointTaskThreadPoolSize(282)) - Datanode State Machine Task Thread Pool size 2
2023-09-07 08:57:01,594 [main] INFO  volume.HddsVolume (HddsVolume.java:<init>(126)) - Creating HddsVolume: /home/runner/work/ozone/ozone/hadoop-ozone/integration-test/target/test-dir/MiniOzoneClusterImpl-4f49b7df-1fbb-48bb-ad24-05a827c4b894/datanode-3/data-0/containers/hdds of storage type : DISK capacity : 9223372036854775807
2023-09-07 08:57:01,595 [main] INFO  volume.MutableVolumeSet (MutableVolumeSet.java:initializeVolumeSet(173)) - Added Volume : /home/runner/work/ozone/ozone/hadoop-ozone/integration-test/target/test-dir/MiniOzoneClusterImpl-4f49b7df-1fbb-48bb-ad24-05a827c4b894/datanode-3/data-0/containers/hdds to VolumeSet
2023-09-07 08:57:01,595 [main] INFO  volume.MutableVolumeSet (MutableVolumeSet.java:initializeVolumeSet(173)) - Added Volume : /home/runner/work/ozone/ozone/hadoop-ozone/integration-test/target/test-dir/MiniOzoneClusterImpl-4f49b7df-1fbb-48bb-ad24-05a827c4b894/datanode-3/data/ratis to VolumeSet
2023-09-07 08:57:01,597 [Thread-1990] INFO  ozoneimpl.ContainerReader (ContainerReader.java:readVolume(177)) - Finish verifying containers on volume /home/runner/work/ozone/ozone/hadoop-ozone/integration-test/target/test-dir/MiniOzoneClusterImpl-4f49b7df-1fbb-48bb-ad24-05a827c4b894/datanode-3/data-0/containers/hdds
2023-09-07 08:57:01,597 [main] INFO  ozoneimpl.OzoneContainer (OzoneContainer.java:buildContainerSet(314)) - Build ContainerSet costs 0s
2023-09-07 08:57:01,599 [main] INFO  server.RaftServer (ConfUtils.java:logGet(46)) - raft.rpc.type = GRPC (default)
2023-09-07 08:57:01,600 [main] INFO  grpc.GrpcConfigKeys (ConfUtils.java:logFallback(53)) - raft.grpc.admin.host = null (fallback to raft.grpc.server.host)
2023-09-07 08:57:01,600 [main] INFO  grpc.GrpcConfigKeys (ConfUtils.java:logGet(46)) - raft.grpc.admin.port = 15199 (custom)
2023-09-07 08:57:01,600 [main] INFO  grpc.GrpcConfigKeys (ConfUtils.java:logFallback(53)) - raft.grpc.client.host = null (fallback to raft.grpc.server.host)
2023-09-07 08:57:01,600 [main] INFO  grpc.GrpcConfigKeys (ConfUtils.java:logGet(46)) - raft.grpc.client.port = 15198 (custom)
2023-09-07 08:57:01,600 [main] INFO  grpc.GrpcConfigKeys (ConfUtils.java:logGet(46)) - raft.grpc.server.host = null (default)
2023-09-07 08:57:01,600 [main] INFO  grpc.GrpcConfigKeys (ConfUtils.java:logGet(46)) - raft.grpc.server.port = 15200 (custom)
2023-09-07 08:57:01,601 [main] INFO  server.GrpcService (ConfUtils.java:logGet(46)) - raft.grpc.message.size.max = 32MB (=33554432) (custom)
2023-09-07 08:57:01,601 [main] INFO  server.RaftServerConfigKeys (ConfUtils.java:logGet(46)) - raft.server.log.appender.buffer.byte-limit = 33554432 (custom)
2023-09-07 08:57:01,601 [main] INFO  server.GrpcService (ConfUtils.java:logGet(46)) - raft.grpc.flow.control.window = 5MB (=5242880) (custom)
2023-09-07 08:57:01,601 [main] INFO  server.RaftServerConfigKeys (ConfUtils.java:logGet(46)) - raft.server.rpc.request.timeout = 60s (custom)
2023-09-07 08:57:01,601 [main] INFO  grpc.GrpcConfigKeys (ConfUtils.java:logGet(46)) - raft.grpc.server.heartbeat.channel = true (default)
2023-09-07 08:57:01,601 [main] INFO  grpc.GrpcConfigKeys (ConfUtils.java:logGet(46)) - raft.grpc.server.async.request.thread.pool.cached = true (default)
2023-09-07 08:57:01,602 [main] INFO  grpc.GrpcConfigKeys (ConfUtils.java:logGet(46)) - raft.grpc.server.async.request.thread.pool.size = 32 (default)
2023-09-07 08:57:01,605 [main] INFO  impl.DataStreamServerImpl (ConfUtils.java:logGet(46)) - raft.datastream.type = NETTY (custom)
2023-09-07 08:57:01,605 [main] INFO  server.RaftServerConfigKeys (ConfUtils.java:logGet(46)) - raft.server.data-stream.async.request.thread.pool.cached = false (default)
2023-09-07 08:57:01,606 [main] INFO  server.RaftServerConfigKeys (ConfUtils.java:logGet(46)) - raft.server.data-stream.async.request.thread.pool.size = 20 (custom)
2023-09-07 08:57:01,606 [main] INFO  server.RaftServerConfigKeys (ConfUtils.java:logGet(46)) - raft.server.data-stream.async.write.thread.pool.size = 16 (default)
2023-09-07 08:57:01,606 [main] INFO  server.RaftServerConfigKeys (ConfUtils.java:logGet(46)) - raft.server.data-stream.client.pool.size = 10 (default)
2023-09-07 08:57:01,606 [main] INFO  netty.NettyConfigKeys$DataStream (ConfUtils.java:logGet(46)) - raft.netty.dataStream.server.use-epoll = false (default)
2023-09-07 08:57:01,606 [main] INFO  netty.NettyConfigKeys$DataStream (ConfUtils.java:logGet(46)) - raft.netty.dataStream.server.boss-group.size = 0 (default)
2023-09-07 08:57:01,607 [main] INFO  netty.NettyConfigKeys$DataStream (ConfUtils.java:logGet(46)) - raft.netty.dataStream.server.worker-group.size = 0 (default)
2023-09-07 08:57:01,607 [main] INFO  netty.NettyConfigKeys$DataStream (ConfUtils.java:logGet(46)) - raft.netty.dataStream.server.tls.conf = null (default)
2023-09-07 08:57:01,607 [main] INFO  netty.NettyConfigKeys$DataStream (ConfUtils.java:logGet(46)) - raft.netty.dataStream.host = null (default)
2023-09-07 08:57:01,608 [main] INFO  netty.NettyConfigKeys$DataStream (ConfUtils.java:logGet(46)) - raft.netty.dataStream.port = 15201 (custom)
2023-09-07 08:57:01,608 [main] INFO  server.RaftServerConfigKeys (ConfUtils.java:logGet(46)) - raft.server.threadpool.proxy.cached = true (default)
2023-09-07 08:57:01,608 [main] INFO  server.RaftServerConfigKeys (ConfUtils.java:logGet(46)) - raft.server.threadpool.proxy.size = 0 (default)
2023-09-07 08:57:01,608 [c9797992-92b1-488c-b385-6ae238fab233-NettyServerStreamRpc-bossGroup--thread1] INFO  logging.LoggingHandler (AbstractInternalLogger.java:log(148)) - [id: 0xd2f32902] REGISTERED
2023-09-07 08:57:01,608 [main] INFO  server.RaftServerConfigKeys (ConfUtils.java:logGet(46)) - raft.server.rpc.slowness.timeout = 300s (custom)
2023-09-07 08:57:01,609 [main] INFO  server.RaftServerConfigKeys (ConfUtils.java:logGet(46)) - raft.server.leaderelection.leader.step-down.wait-time = 10s (default)
2023-09-07 08:57:01,609 [c9797992-92b1-488c-b385-6ae238fab233-NettyServerStreamRpc-bossGroup--thread1] INFO  logging.LoggingHandler (AbstractInternalLogger.java:log(148)) - [id: 0xd2f32902] BIND: 0.0.0.0/0.0.0.0:15201
2023-09-07 08:57:01,609 [main] INFO  server.RaftServerConfigKeys (ConfUtils.java:logGet(46)) - raft.server.storage.dir = [/home/runner/work/ozone/ozone/hadoop-ozone/integration-test/target/test-dir/MiniOzoneClusterImpl-4f49b7df-1fbb-48bb-ad24-05a827c4b894/datanode-3/data/ratis] (custom)
2023-09-07 08:57:01,611 [c9797992-92b1-488c-b385-6ae238fab233-impl-thread1] INFO  server.RaftServer (RaftServerProxy.java:initGroupDir(258)) - c9797992-92b1-488c-b385-6ae238fab233: found a subdirectory /home/runner/work/ozone/ozone/hadoop-ozone/integration-test/target/test-dir/MiniOzoneClusterImpl-4f49b7df-1fbb-48bb-ad24-05a827c4b894/datanode-3/data/ratis/tmp
2023-09-07 08:57:01,611 [c9797992-92b1-488c-b385-6ae238fab233-impl-thread1] INFO  server.RaftServer (RaftServerProxy.java:initGroupDir(263)) - c9797992-92b1-488c-b385-6ae238fab233: The directory /home/runner/work/ozone/ozone/hadoop-ozone/integration-test/target/test-dir/MiniOzoneClusterImpl-4f49b7df-1fbb-48bb-ad24-05a827c4b894/datanode-3/data/ratis/tmp is not a group directory; ignoring it. 
2023-09-07 08:57:01,612 [main] INFO  replication.ReplicationServer (ReplicationServer.java:<init>(81)) - Initializing replication server with thread count = 10
2023-09-07 08:57:01,614 [c9797992-92b1-488c-b385-6ae238fab233-NettyServerStreamRpc-bossGroup--thread1] INFO  logging.LoggingHandler (AbstractInternalLogger.java:log(148)) - [id: 0xd2f32902, L:/0:0:0:0:0:0:0:0:15201] ACTIVE
2023-09-07 08:57:01,615 [main] INFO  server.XceiverServerGrpc (XceiverServerGrpc.java:<init>(132)) - GrpcServer channel type EpollServerSocketChannel
2023-09-07 08:57:01,616 [main] INFO  replication.ReplicationSupervisor (ReplicationSupervisor.java:build(155)) - Initializing replication supervisor with thread count = 10
2023-09-07 08:57:01,617 [main] INFO  replication.ReplicationSupervisor (ReplicationSupervisor.java:nodeStateUpdated(307)) - Node state updated to IN_SERVICE, scaling executor pool size to 10
2023-09-07 08:57:01,623 [main] INFO  http.BaseHttpServer (BaseHttpServer.java:newHttpServer2BuilderForOzone(223)) - Starting Web-server for hddsDatanode at: http://0.0.0.0:15195
2023-09-07 08:57:01,623 [main] INFO  http.BaseHttpServer (BaseHttpServer.java:<init>(110)) - Hadoop Security Enabled: false Ozone Security Enabled: false Ozone HTTP Security Enabled: false 
2023-09-07 08:57:01,625 [main] WARN  server.AuthenticationFilter (AuthenticationFilter.java:constructSecretProvider(240)) - Unable to initialize FileSignerSecretProvider, falling back to use random secrets. Reason: Could not read signature secret file: /home/runner/hadoop-http-auth-signature-secret
2023-09-07 08:57:01,625 [main] INFO  http.HttpRequestLog (HttpRequestLog.java:getRequestLog(86)) - Http request log for http.requests.hddsDatanode is not defined
2023-09-07 08:57:01,627 [main] INFO  http.HttpServer2 (HttpServer2.java:addGlobalFilter(1031)) - Added global filter 'safety' (class=org.apache.hadoop.hdds.server.http.HttpServer2$QuotingInputFilter)
2023-09-07 08:57:01,627 [main] INFO  http.HttpServer2 (HttpServer2.java:addFilter(1007)) - Added filter static_user_filter (class=org.apache.hadoop.http.lib.StaticUserWebFilter$StaticUserFilter) to context hddsDatanode
2023-09-07 08:57:01,627 [main] INFO  http.HttpServer2 (HttpServer2.java:addFilter(1015)) - Added filter static_user_filter (class=org.apache.hadoop.http.lib.StaticUserWebFilter$StaticUserFilter) to context static
2023-09-07 08:57:01,627 [main] INFO  http.HttpServer2 (HttpServer2.java:addFilter(1015)) - Added filter static_user_filter (class=org.apache.hadoop.http.lib.StaticUserWebFilter$StaticUserFilter) to context logs
2023-09-07 08:57:01,628 [main] INFO  http.BaseHttpServer (BaseHttpServer.java:<init>(189)) - HTTP server of hddsDatanode uses base directory /home/runner/work/ozone/ozone/hadoop-ozone/integration-test/target/test-dir/MiniOzoneClusterImpl-4f49b7df-1fbb-48bb-ad24-05a827c4b894/datanode-3/meta/webserver
2023-09-07 08:57:01,628 [main] INFO  http.HttpServer2 (HttpServer2.java:bindListener(1231)) - Jetty bound to port 15195
2023-09-07 08:57:01,628 [main] INFO  server.Server (Server.java:doStart(375)) - jetty-9.4.51.v20230217; built: 2023-02-17T08:19:37.309Z; git: b45c405e4544384de066f814ed42ae3dceacdd49; jvm 1.8.0_382-b05
2023-09-07 08:57:01,636 [main] INFO  server.session (DefaultSessionIdManager.java:doStart(334)) - DefaultSessionIdManager workerName=node0
2023-09-07 08:57:01,636 [main] INFO  server.session (DefaultSessionIdManager.java:doStart(339)) - No SessionScavenger set, using defaults
2023-09-07 08:57:01,636 [main] INFO  server.session (HouseKeeper.java:startScavenging(132)) - node0 Scavenging every 660000ms
2023-09-07 08:57:01,637 [main] INFO  handler.ContextHandler (ContextHandler.java:doStart(921)) - Started o.e.j.s.ServletContextHandler@75478bf9{logs,/logs,file:///home/runner/work/ozone/ozone/hadoop-ozone/integration-test/target/log,AVAILABLE}
2023-09-07 08:57:01,637 [main] INFO  handler.ContextHandler (ContextHandler.java:doStart(921)) - Started o.e.j.s.ServletContextHandler@5701b17{static,/static,jar:file:/home/runner/.m2/repository/org/apache/ozone/hdds-container-service/1.4.0-SNAPSHOT/hdds-container-service-1.4.0-SNAPSHOT.jar!/webapps/static,AVAILABLE}
2023-09-07 08:57:01,880 [main] INFO  handler.ContextHandler (ContextHandler.java:doStart(921)) - Started o.e.j.w.WebAppContext@452710be{hddsDatanode,/,file:///home/runner/work/ozone/ozone/hadoop-ozone/integration-test/target/test-dir/MiniOzoneClusterImpl-4f49b7df-1fbb-48bb-ad24-05a827c4b894/datanode-3/meta/webserver/jetty-0_0_0_0-15195-hdds-container-service-1_4_0-SNAPSHOT_jar-_-any-5782799286427106788/webapp/,AVAILABLE}{jar:file:/home/runner/.m2/repository/org/apache/ozone/hdds-container-service/1.4.0-SNAPSHOT/hdds-container-service-1.4.0-SNAPSHOT.jar!/webapps/hddsDatanode}
2023-09-07 08:57:01,882 [main] INFO  server.AbstractConnector (AbstractConnector.java:doStart(333)) - Started ServerConnector@67b0bd92{HTTP/1.1, (http/1.1)}{0.0.0.0:15195}
2023-09-07 08:57:01,882 [main] INFO  server.Server (Server.java:doStart(415)) - Started @312221ms
2023-09-07 08:57:01,882 [main] WARN  impl.MetricsSystemImpl (MetricsSystemImpl.java:register(279)) - Sink prometheus already exists!
2023-09-07 08:57:01,883 [main] INFO  http.BaseHttpServer (BaseHttpServer.java:updateConnectorAddress(354)) - HTTP server of hddsDatanode listening at http://0.0.0.0:15195
2023-09-07 08:57:01,883 [main] INFO  ipc.CallQueueManager (CallQueueManager.java:<init>(90)) - Using callQueue: class java.util.concurrent.LinkedBlockingQueue, queueCapacity: 100, scheduler: class org.apache.hadoop.ipc.DefaultRpcScheduler, ipcBackoff: false.
2023-09-07 08:57:01,883 [main] INFO  ipc.Server (Server.java:<init>(1287)) - Listener at 0.0.0.0:15196
2023-09-07 08:57:01,885 [Socket Reader #1 for port 15196] INFO  ipc.Server (Server.java:run(1323)) - Starting Socket Reader #1 for port 15196
2023-09-07 08:57:01,893 [main] INFO  ozone.HddsDatanodeService (HddsDatanodeService.java:start(315)) - Datanode start with admins: [runner]
2023-09-07 08:57:01,893 [main] INFO  ozone.HddsDatanodeClientProtocolServer (HddsDatanodeClientProtocolServer.java:start(72)) - RPC server for Client /0.0.0.0:15196
2023-09-07 08:57:01,893 [IPC Server Responder] INFO  ipc.Server (Server.java:run(1562)) - IPC Server Responder: starting
2023-09-07 08:57:01,894 [Datanode State Machine Daemon Thread] INFO  statemachine.DatanodeStateMachine (DatanodeStateMachine.java:lambda$startDaemon$0(538)) - Ozone container server started.
2023-09-07 08:57:01,894 [main] WARN  impl.MetricRegistriesImpl (MetricRegistriesImpl.java:addReporterRegistration(111)) - New reporters are added after registries were created. Some metrics will be missing from the reporter. Please add reporter before adding any new registry.
2023-09-07 08:57:01,894 [main] WARN  impl.MetricRegistriesImpl (MetricRegistriesImpl.java:addReporterRegistration(111)) - New reporters are added after registries were created. Some metrics will be missing from the reporter. Please add reporter before adding any new registry.
2023-09-07 08:57:01,894 [main] INFO  impl.MetricsSystemImpl (MetricsSystemImpl.java:init(158)) - HddsDatanode metrics system started (again)
2023-09-07 08:57:01,897 [IPC Server listener on 15196] INFO  ipc.Server (Server.java:run(1402)) - IPC Server listener on 15196: starting
2023-09-07 08:57:01,910 [Datanode State Machine Task Thread - 0] INFO  datanode.InitDatanodeState (InitDatanodeState.java:persistContainerDatanodeDetails(138)) - DatanodeDetails is persisted to /home/runner/work/ozone/ozone/hadoop-ozone/integration-test/target/test-dir/MiniOzoneClusterImpl-4f49b7df-1fbb-48bb-ad24-05a827c4b894/datanode-3/meta/datanode.id
2023-09-07 08:57:01,914 [main] INFO  ozone.HddsDatanodeService (HddsDatanodeService.java:start(237)) - HddsDatanodeService host:fv-az793-921.vth4h2cvs0culokhaokvhxz15b.jx.internal.cloudapp.net ip:10.1.0.48
2023-09-07 08:57:01,943 [main] INFO  upgrade.AbstractLayoutVersionManager (AbstractLayoutVersionManager.java:init(83)) - Initializing Layout version manager with metadata layout = HADOOP_PRC_PORTS_IN_DATANODEDETAILS (version = 7), software layout = HADOOP_PRC_PORTS_IN_DATANODEDETAILS (version = 7)
2023-09-07 08:57:01,944 [main] INFO  statemachine.DatanodeStateMachine (DatanodeStateMachine.java:getEndPointTaskThreadPoolSize(282)) - Datanode State Machine Task Thread Pool size 2
2023-09-07 08:57:01,946 [main] INFO  volume.HddsVolume (HddsVolume.java:<init>(126)) - Creating HddsVolume: /home/runner/work/ozone/ozone/hadoop-ozone/integration-test/target/test-dir/MiniOzoneClusterImpl-4f49b7df-1fbb-48bb-ad24-05a827c4b894/datanode-4/data-0/containers/hdds of storage type : DISK capacity : 9223372036854775807
2023-09-07 08:57:01,946 [main] INFO  volume.MutableVolumeSet (MutableVolumeSet.java:initializeVolumeSet(173)) - Added Volume : /home/runner/work/ozone/ozone/hadoop-ozone/integration-test/target/test-dir/MiniOzoneClusterImpl-4f49b7df-1fbb-48bb-ad24-05a827c4b894/datanode-4/data-0/containers/hdds to VolumeSet
2023-09-07 08:57:01,947 [main] INFO  volume.MutableVolumeSet (MutableVolumeSet.java:initializeVolumeSet(173)) - Added Volume : /home/runner/work/ozone/ozone/hadoop-ozone/integration-test/target/test-dir/MiniOzoneClusterImpl-4f49b7df-1fbb-48bb-ad24-05a827c4b894/datanode-4/data/ratis to VolumeSet
2023-09-07 08:57:01,947 [Thread-2007] INFO  ozoneimpl.ContainerReader (ContainerReader.java:readVolume(177)) - Finish verifying containers on volume /home/runner/work/ozone/ozone/hadoop-ozone/integration-test/target/test-dir/MiniOzoneClusterImpl-4f49b7df-1fbb-48bb-ad24-05a827c4b894/datanode-4/data-0/containers/hdds
2023-09-07 08:57:01,947 [main] INFO  ozoneimpl.OzoneContainer (OzoneContainer.java:buildContainerSet(314)) - Build ContainerSet costs 0s
2023-09-07 08:57:01,950 [main] INFO  server.RaftServer (ConfUtils.java:logGet(46)) - raft.rpc.type = GRPC (default)
2023-09-07 08:57:01,950 [main] INFO  grpc.GrpcConfigKeys (ConfUtils.java:logFallback(53)) - raft.grpc.admin.host = null (fallback to raft.grpc.server.host)
2023-09-07 08:57:01,950 [main] INFO  grpc.GrpcConfigKeys (ConfUtils.java:logGet(46)) - raft.grpc.admin.port = 15208 (custom)
2023-09-07 08:57:01,950 [main] INFO  grpc.GrpcConfigKeys (ConfUtils.java:logFallback(53)) - raft.grpc.client.host = null (fallback to raft.grpc.server.host)
2023-09-07 08:57:01,950 [main] INFO  grpc.GrpcConfigKeys (ConfUtils.java:logGet(46)) - raft.grpc.client.port = 15207 (custom)
2023-09-07 08:57:01,950 [main] INFO  grpc.GrpcConfigKeys (ConfUtils.java:logGet(46)) - raft.grpc.server.host = null (default)
2023-09-07 08:57:01,950 [main] INFO  grpc.GrpcConfigKeys (ConfUtils.java:logGet(46)) - raft.grpc.server.port = 15209 (custom)
2023-09-07 08:57:01,951 [main] INFO  server.GrpcService (ConfUtils.java:logGet(46)) - raft.grpc.message.size.max = 32MB (=33554432) (custom)
2023-09-07 08:57:01,951 [main] INFO  server.RaftServerConfigKeys (ConfUtils.java:logGet(46)) - raft.server.log.appender.buffer.byte-limit = 33554432 (custom)
2023-09-07 08:57:01,951 [main] INFO  server.GrpcService (ConfUtils.java:logGet(46)) - raft.grpc.flow.control.window = 5MB (=5242880) (custom)
2023-09-07 08:57:01,951 [main] INFO  server.RaftServerConfigKeys (ConfUtils.java:logGet(46)) - raft.server.rpc.request.timeout = 60s (custom)
2023-09-07 08:57:01,951 [main] INFO  grpc.GrpcConfigKeys (ConfUtils.java:logGet(46)) - raft.grpc.server.heartbeat.channel = true (default)
2023-09-07 08:57:01,951 [main] INFO  grpc.GrpcConfigKeys (ConfUtils.java:logGet(46)) - raft.grpc.server.async.request.thread.pool.cached = true (default)
2023-09-07 08:57:01,951 [main] INFO  grpc.GrpcConfigKeys (ConfUtils.java:logGet(46)) - raft.grpc.server.async.request.thread.pool.size = 32 (default)
2023-09-07 08:57:01,955 [main] INFO  impl.DataStreamServerImpl (ConfUtils.java:logGet(46)) - raft.datastream.type = NETTY (custom)
2023-09-07 08:57:01,955 [main] INFO  server.RaftServerConfigKeys (ConfUtils.java:logGet(46)) - raft.server.data-stream.async.request.thread.pool.cached = false (default)
2023-09-07 08:57:01,955 [main] INFO  server.RaftServerConfigKeys (ConfUtils.java:logGet(46)) - raft.server.data-stream.async.request.thread.pool.size = 20 (custom)
2023-09-07 08:57:01,956 [main] INFO  server.RaftServerConfigKeys (ConfUtils.java:logGet(46)) - raft.server.data-stream.async.write.thread.pool.size = 16 (default)
2023-09-07 08:57:01,956 [main] INFO  server.RaftServerConfigKeys (ConfUtils.java:logGet(46)) - raft.server.data-stream.client.pool.size = 10 (default)
2023-09-07 08:57:01,956 [main] INFO  netty.NettyConfigKeys$DataStream (ConfUtils.java:logGet(46)) - raft.netty.dataStream.server.use-epoll = false (default)
2023-09-07 08:57:01,956 [main] INFO  netty.NettyConfigKeys$DataStream (ConfUtils.java:logGet(46)) - raft.netty.dataStream.server.boss-group.size = 0 (default)
2023-09-07 08:57:01,957 [main] INFO  netty.NettyConfigKeys$DataStream (ConfUtils.java:logGet(46)) - raft.netty.dataStream.server.worker-group.size = 0 (default)
2023-09-07 08:57:01,957 [main] INFO  netty.NettyConfigKeys$DataStream (ConfUtils.java:logGet(46)) - raft.netty.dataStream.server.tls.conf = null (default)
2023-09-07 08:57:01,957 [main] INFO  netty.NettyConfigKeys$DataStream (ConfUtils.java:logGet(46)) - raft.netty.dataStream.host = null (default)
2023-09-07 08:57:01,957 [main] INFO  netty.NettyConfigKeys$DataStream (ConfUtils.java:logGet(46)) - raft.netty.dataStream.port = 15210 (custom)
2023-09-07 08:57:01,958 [main] INFO  server.RaftServerConfigKeys (ConfUtils.java:logGet(46)) - raft.server.threadpool.proxy.cached = true (default)
2023-09-07 08:57:01,958 [main] INFO  server.RaftServerConfigKeys (ConfUtils.java:logGet(46)) - raft.server.threadpool.proxy.size = 0 (default)
2023-09-07 08:57:01,958 [main] INFO  server.RaftServerConfigKeys (ConfUtils.java:logGet(46)) - raft.server.rpc.slowness.timeout = 300s (custom)
2023-09-07 08:57:01,958 [main] INFO  server.RaftServerConfigKeys (ConfUtils.java:logGet(46)) - raft.server.leaderelection.leader.step-down.wait-time = 10s (default)
2023-09-07 08:57:01,959 [main] INFO  server.RaftServerConfigKeys (ConfUtils.java:logGet(46)) - raft.server.storage.dir = [/home/runner/work/ozone/ozone/hadoop-ozone/integration-test/target/test-dir/MiniOzoneClusterImpl-4f49b7df-1fbb-48bb-ad24-05a827c4b894/datanode-4/data/ratis] (custom)
2023-09-07 08:57:01,960 [bacf23c7-6e92-44d7-b9fe-c924128d47d1-NettyServerStreamRpc-bossGroup--thread1] INFO  logging.LoggingHandler (AbstractInternalLogger.java:log(148)) - [id: 0x2b356412] REGISTERED
2023-09-07 08:57:01,960 [bacf23c7-6e92-44d7-b9fe-c924128d47d1-NettyServerStreamRpc-bossGroup--thread1] INFO  logging.LoggingHandler (AbstractInternalLogger.java:log(148)) - [id: 0x2b356412] BIND: 0.0.0.0/0.0.0.0:15210
2023-09-07 08:57:01,960 [bacf23c7-6e92-44d7-b9fe-c924128d47d1-NettyServerStreamRpc-bossGroup--thread1] INFO  logging.LoggingHandler (AbstractInternalLogger.java:log(148)) - [id: 0x2b356412, L:/0:0:0:0:0:0:0:0:15210] ACTIVE
2023-09-07 08:57:01,961 [bacf23c7-6e92-44d7-b9fe-c924128d47d1-impl-thread1] INFO  server.RaftServer (RaftServerProxy.java:initGroupDir(258)) - bacf23c7-6e92-44d7-b9fe-c924128d47d1: found a subdirectory /home/runner/work/ozone/ozone/hadoop-ozone/integration-test/target/test-dir/MiniOzoneClusterImpl-4f49b7df-1fbb-48bb-ad24-05a827c4b894/datanode-4/data/ratis/tmp
2023-09-07 08:57:01,961 [bacf23c7-6e92-44d7-b9fe-c924128d47d1-impl-thread1] INFO  server.RaftServer (RaftServerProxy.java:initGroupDir(263)) - bacf23c7-6e92-44d7-b9fe-c924128d47d1: The directory /home/runner/work/ozone/ozone/hadoop-ozone/integration-test/target/test-dir/MiniOzoneClusterImpl-4f49b7df-1fbb-48bb-ad24-05a827c4b894/datanode-4/data/ratis/tmp is not a group directory; ignoring it. 
2023-09-07 08:57:01,961 [main] INFO  replication.ReplicationServer (ReplicationServer.java:<init>(81)) - Initializing replication server with thread count = 10
2023-09-07 08:57:01,962 [main] INFO  server.XceiverServerGrpc (XceiverServerGrpc.java:<init>(132)) - GrpcServer channel type EpollServerSocketChannel
2023-09-07 08:57:01,964 [main] INFO  replication.ReplicationSupervisor (ReplicationSupervisor.java:build(155)) - Initializing replication supervisor with thread count = 10
2023-09-07 08:57:01,964 [main] INFO  replication.ReplicationSupervisor (ReplicationSupervisor.java:nodeStateUpdated(307)) - Node state updated to IN_SERVICE, scaling executor pool size to 10
2023-09-07 08:57:01,966 [main] INFO  http.BaseHttpServer (BaseHttpServer.java:newHttpServer2BuilderForOzone(223)) - Starting Web-server for hddsDatanode at: http://0.0.0.0:15204
2023-09-07 08:57:01,966 [main] INFO  http.BaseHttpServer (BaseHttpServer.java:<init>(110)) - Hadoop Security Enabled: false Ozone Security Enabled: false Ozone HTTP Security Enabled: false 
2023-09-07 08:57:01,967 [main] WARN  server.AuthenticationFilter (AuthenticationFilter.java:constructSecretProvider(240)) - Unable to initialize FileSignerSecretProvider, falling back to use random secrets. Reason: Could not read signature secret file: /home/runner/hadoop-http-auth-signature-secret
2023-09-07 08:57:01,968 [main] INFO  http.HttpRequestLog (HttpRequestLog.java:getRequestLog(86)) - Http request log for http.requests.hddsDatanode is not defined
2023-09-07 08:57:01,969 [main] INFO  http.HttpServer2 (HttpServer2.java:addGlobalFilter(1031)) - Added global filter 'safety' (class=org.apache.hadoop.hdds.server.http.HttpServer2$QuotingInputFilter)
2023-09-07 08:57:01,970 [main] INFO  http.HttpServer2 (HttpServer2.java:addFilter(1007)) - Added filter static_user_filter (class=org.apache.hadoop.http.lib.StaticUserWebFilter$StaticUserFilter) to context hddsDatanode
2023-09-07 08:57:01,970 [main] INFO  http.HttpServer2 (HttpServer2.java:addFilter(1015)) - Added filter static_user_filter (class=org.apache.hadoop.http.lib.StaticUserWebFilter$StaticUserFilter) to context logs
2023-09-07 08:57:01,970 [main] INFO  http.HttpServer2 (HttpServer2.java:addFilter(1015)) - Added filter static_user_filter (class=org.apache.hadoop.http.lib.StaticUserWebFilter$StaticUserFilter) to context static
2023-09-07 08:57:01,971 [main] INFO  http.BaseHttpServer (BaseHttpServer.java:<init>(189)) - HTTP server of hddsDatanode uses base directory /home/runner/work/ozone/ozone/hadoop-ozone/integration-test/target/test-dir/MiniOzoneClusterImpl-4f49b7df-1fbb-48bb-ad24-05a827c4b894/datanode-4/meta/webserver
2023-09-07 08:57:01,971 [main] INFO  http.HttpServer2 (HttpServer2.java:bindListener(1231)) - Jetty bound to port 15204
2023-09-07 08:57:01,971 [main] INFO  server.Server (Server.java:doStart(375)) - jetty-9.4.51.v20230217; built: 2023-02-17T08:19:37.309Z; git: b45c405e4544384de066f814ed42ae3dceacdd49; jvm 1.8.0_382-b05
2023-09-07 08:57:01,980 [main] INFO  server.session (DefaultSessionIdManager.java:doStart(334)) - DefaultSessionIdManager workerName=node0
2023-09-07 08:57:01,980 [main] INFO  server.session (DefaultSessionIdManager.java:doStart(339)) - No SessionScavenger set, using defaults
2023-09-07 08:57:01,981 [main] INFO  server.session (HouseKeeper.java:startScavenging(132)) - node0 Scavenging every 600000ms
2023-09-07 08:57:01,981 [main] INFO  handler.ContextHandler (ContextHandler.java:doStart(921)) - Started o.e.j.s.ServletContextHandler@36747d6e{logs,/logs,file:///home/runner/work/ozone/ozone/hadoop-ozone/integration-test/target/log,AVAILABLE}
2023-09-07 08:57:01,982 [main] INFO  handler.ContextHandler (ContextHandler.java:doStart(921)) - Started o.e.j.s.ServletContextHandler@1b673bbc{static,/static,jar:file:/home/runner/.m2/repository/org/apache/ozone/hdds-container-service/1.4.0-SNAPSHOT/hdds-container-service-1.4.0-SNAPSHOT.jar!/webapps/static,AVAILABLE}
2023-09-07 08:57:02,247 [main] INFO  handler.ContextHandler (ContextHandler.java:doStart(921)) - Started o.e.j.w.WebAppContext@41f6e83e{hddsDatanode,/,file:///home/runner/work/ozone/ozone/hadoop-ozone/integration-test/target/test-dir/MiniOzoneClusterImpl-4f49b7df-1fbb-48bb-ad24-05a827c4b894/datanode-4/meta/webserver/jetty-0_0_0_0-15204-hdds-container-service-1_4_0-SNAPSHOT_jar-_-any-4721733942752830792/webapp/,AVAILABLE}{jar:file:/home/runner/.m2/repository/org/apache/ozone/hdds-container-service/1.4.0-SNAPSHOT/hdds-container-service-1.4.0-SNAPSHOT.jar!/webapps/hddsDatanode}
2023-09-07 08:57:02,251 [main] INFO  server.AbstractConnector (AbstractConnector.java:doStart(333)) - Started ServerConnector@6213104f{HTTP/1.1, (http/1.1)}{0.0.0.0:15204}
2023-09-07 08:57:02,251 [main] INFO  server.Server (Server.java:doStart(415)) - Started @312590ms
2023-09-07 08:57:02,251 [main] WARN  impl.MetricsSystemImpl (MetricsSystemImpl.java:register(279)) - Sink prometheus already exists!
2023-09-07 08:57:02,252 [main] INFO  http.BaseHttpServer (BaseHttpServer.java:updateConnectorAddress(354)) - HTTP server of hddsDatanode listening at http://0.0.0.0:15204
2023-09-07 08:57:02,252 [main] INFO  ipc.CallQueueManager (CallQueueManager.java:<init>(90)) - Using callQueue: class java.util.concurrent.LinkedBlockingQueue, queueCapacity: 100, scheduler: class org.apache.hadoop.ipc.DefaultRpcScheduler, ipcBackoff: false.
2023-09-07 08:57:02,253 [main] INFO  ipc.Server (Server.java:<init>(1287)) - Listener at 0.0.0.0:15205
2023-09-07 08:57:02,253 [Socket Reader #1 for port 15205] INFO  ipc.Server (Server.java:run(1323)) - Starting Socket Reader #1 for port 15205
2023-09-07 08:57:02,259 [main] INFO  ozone.HddsDatanodeService (HddsDatanodeService.java:start(315)) - Datanode start with admins: [runner]
2023-09-07 08:57:02,259 [main] INFO  ozone.HddsDatanodeClientProtocolServer (HddsDatanodeClientProtocolServer.java:start(72)) - RPC server for Client /0.0.0.0:15205
2023-09-07 08:57:02,260 [IPC Server Responder] INFO  ipc.Server (Server.java:run(1562)) - IPC Server Responder: starting
2023-09-07 08:57:02,262 [IPC Server listener on 15205] INFO  ipc.Server (Server.java:run(1402)) - IPC Server listener on 15205: starting
2023-09-07 08:57:02,262 [main] INFO  ozone.MiniOzoneClusterImpl (MiniOzoneClusterImpl.java:lambda$waitForClusterToBeReady$0(224)) - Waiting for nodes to be ready. Got 0 of 5 DN Heartbeats.
2023-09-07 08:57:02,262 [main] INFO  ozone.MiniOzoneClusterImpl (MiniOzoneClusterImpl.java:lambda$waitForClusterToBeReady$0(227)) - Waiting for cluster to exit safe mode
2023-09-07 08:57:02,263 [main] INFO  ozone.MiniOzoneClusterImpl (MiniOzoneClusterImpl.java:lambda$waitForClusterToBeReady$0(229)) - SCM became leader
2023-09-07 08:57:02,262 [Datanode State Machine Daemon Thread] INFO  statemachine.DatanodeStateMachine (DatanodeStateMachine.java:lambda$startDaemon$0(538)) - Ozone container server started.
2023-09-07 08:57:02,273 [Datanode State Machine Task Thread - 0] INFO  datanode.InitDatanodeState (InitDatanodeState.java:persistContainerDatanodeDetails(138)) - DatanodeDetails is persisted to /home/runner/work/ozone/ozone/hadoop-ozone/integration-test/target/test-dir/MiniOzoneClusterImpl-4f49b7df-1fbb-48bb-ad24-05a827c4b894/datanode-4/meta/datanode.id
2023-09-07 08:57:02,878 [EndpointStateMachine task thread for /0.0.0.0:15161 - 0 ] INFO  utils.DatanodeStoreCache (DatanodeStoreCache.java:addDB(66)) - Added db /home/runner/work/ozone/ozone/hadoop-ozone/integration-test/target/test-dir/MiniOzoneClusterImpl-4f49b7df-1fbb-48bb-ad24-05a827c4b894/datanode-0/data-0/containers/hdds/4f49b7df-1fbb-48bb-ad24-05a827c4b894/DS-39c1c5d3-9eff-4569-a548-842f70d58d25/container.db to cache
2023-09-07 08:57:02,878 [EndpointStateMachine task thread for /0.0.0.0:15161 - 0 ] INFO  volume.HddsVolume (HddsVolume.java:createDbStore(422)) - SchemaV3 db is created and loaded at /home/runner/work/ozone/ozone/hadoop-ozone/integration-test/target/test-dir/MiniOzoneClusterImpl-4f49b7df-1fbb-48bb-ad24-05a827c4b894/datanode-0/data-0/containers/hdds/4f49b7df-1fbb-48bb-ad24-05a827c4b894/DS-39c1c5d3-9eff-4569-a548-842f70d58d25/container.db for volume DS-39c1c5d3-9eff-4569-a548-842f70d58d25
2023-09-07 08:57:02,879 [EndpointStateMachine task thread for /0.0.0.0:15161 - 0 ] INFO  volume.ThrottledAsyncChecker (ThrottledAsyncChecker.java:schedule(141)) - Scheduling a check for /home/runner/work/ozone/ozone/hadoop-ozone/integration-test/target/test-dir/MiniOzoneClusterImpl-4f49b7df-1fbb-48bb-ad24-05a827c4b894/datanode-0/data-0/containers/hdds
2023-09-07 08:57:02,879 [EndpointStateMachine task thread for /0.0.0.0:15161 - 0 ] INFO  volume.StorageVolumeChecker (StorageVolumeChecker.java:checkAllVolumes(213)) - Scheduled health check for volume /home/runner/work/ozone/ozone/hadoop-ozone/integration-test/target/test-dir/MiniOzoneClusterImpl-4f49b7df-1fbb-48bb-ad24-05a827c4b894/datanode-0/data-0/containers/hdds
2023-09-07 08:57:02,882 [EndpointStateMachine task thread for /0.0.0.0:15161 - 0 ] INFO  volume.ThrottledAsyncChecker (ThrottledAsyncChecker.java:schedule(141)) - Scheduling a check for /home/runner/work/ozone/ozone/hadoop-ozone/integration-test/target/test-dir/MiniOzoneClusterImpl-4f49b7df-1fbb-48bb-ad24-05a827c4b894/datanode-0/data/ratis
2023-09-07 08:57:02,882 [EndpointStateMachine task thread for /0.0.0.0:15161 - 0 ] INFO  volume.StorageVolumeChecker (StorageVolumeChecker.java:checkAllVolumes(213)) - Scheduled health check for volume /home/runner/work/ozone/ozone/hadoop-ozone/integration-test/target/test-dir/MiniOzoneClusterImpl-4f49b7df-1fbb-48bb-ad24-05a827c4b894/datanode-0/data/ratis
2023-09-07 08:57:02,883 [EndpointStateMachine task thread for /0.0.0.0:15161 - 0 ] INFO  ozoneimpl.OzoneContainer (OzoneContainer.java:start(429)) - Attempting to start container services.
2023-09-07 08:57:02,884 [EndpointStateMachine task thread for /0.0.0.0:15161 - 0 ] INFO  ozoneimpl.OzoneContainer (OzoneContainer.java:startContainerScrub(325)) - Scheduled background container scanners and the on-demand container scanner have been disabled.
2023-09-07 08:57:02,887 [EndpointStateMachine task thread for /0.0.0.0:15161 - 0 ] INFO  replication.ReplicationServer (ReplicationServer.java:start(130)) - ReplicationServer is started using port 15175
2023-09-07 08:57:02,887 [EndpointStateMachine task thread for /0.0.0.0:15161 - 0 ] INFO  ratis.XceiverServerRatis (XceiverServerRatis.java:start(517)) - Starting XceiverServerRatis c2dbcf2b-518f-41ea-bd88-da292e0ddc39
2023-09-07 08:57:02,889 [EndpointStateMachine task thread for /0.0.0.0:15161 - 0 ] INFO  server.RaftServer (RaftServerProxy.java:startImpl(400)) - c2dbcf2b-518f-41ea-bd88-da292e0ddc39: start RPC server
2023-09-07 08:57:02,891 [EndpointStateMachine task thread for /0.0.0.0:15161 - 0 ] INFO  server.GrpcService (GrpcService.java:startImpl(302)) - c2dbcf2b-518f-41ea-bd88-da292e0ddc39: GrpcService started, listening on 15171
2023-09-07 08:57:02,892 [EndpointStateMachine task thread for /0.0.0.0:15161 - 0 ] INFO  server.GrpcService (GrpcService.java:startImpl(302)) - c2dbcf2b-518f-41ea-bd88-da292e0ddc39: GrpcService started, listening on 15173
2023-09-07 08:57:02,893 [EndpointStateMachine task thread for /0.0.0.0:15161 - 0 ] INFO  server.GrpcService (GrpcService.java:startImpl(302)) - c2dbcf2b-518f-41ea-bd88-da292e0ddc39: GrpcService started, listening on 15172
2023-09-07 08:57:02,893 [EndpointStateMachine task thread for /0.0.0.0:15161 - 0 ] INFO  ratis.XceiverServerRatis (XceiverServerRatis.java:getRealPort(543)) - XceiverServerRatis c2dbcf2b-518f-41ea-bd88-da292e0ddc39 is started using port 15171 for RATIS
2023-09-07 08:57:02,893 [EndpointStateMachine task thread for /0.0.0.0:15161 - 0 ] INFO  ratis.XceiverServerRatis (XceiverServerRatis.java:getRealPort(543)) - XceiverServerRatis c2dbcf2b-518f-41ea-bd88-da292e0ddc39 is started using port 15172 for RATIS_ADMIN
2023-09-07 08:57:02,893 [EndpointStateMachine task thread for /0.0.0.0:15161 - 0 ] INFO  ratis.XceiverServerRatis (XceiverServerRatis.java:getRealPort(543)) - XceiverServerRatis c2dbcf2b-518f-41ea-bd88-da292e0ddc39 is started using port 15173 for RATIS_SERVER
2023-09-07 08:57:02,893 [EndpointStateMachine task thread for /0.0.0.0:15161 - 0 ] INFO  ratis.XceiverServerRatis (XceiverServerRatis.java:getRealPort(543)) - XceiverServerRatis c2dbcf2b-518f-41ea-bd88-da292e0ddc39 is started using port 15174 for RATIS_DATASTREAM
2023-09-07 08:57:02,893 [JvmPauseMonitor23] INFO  util.JvmPauseMonitor (JvmPauseMonitor.java:run(103)) - JvmPauseMonitor-c2dbcf2b-518f-41ea-bd88-da292e0ddc39: Started
2023-09-07 08:57:02,902 [BlockDeletingService#0] INFO  interfaces.ContainerDeletionChoosingPolicyTemplate (ContainerDeletionChoosingPolicyTemplate.java:chooseContainerForBlockDeletion(85)) - Chosen 0/5000 blocks from 0 candidate containers.
2023-09-07 08:57:03,240 [EndpointStateMachine task thread for /0.0.0.0:15161 - 0 ] INFO  utils.DatanodeStoreCache (DatanodeStoreCache.java:addDB(66)) - Added db /home/runner/work/ozone/ozone/hadoop-ozone/integration-test/target/test-dir/MiniOzoneClusterImpl-4f49b7df-1fbb-48bb-ad24-05a827c4b894/datanode-1/data-0/containers/hdds/4f49b7df-1fbb-48bb-ad24-05a827c4b894/DS-a0563393-4295-48ff-ab9a-fdc16db98704/container.db to cache
2023-09-07 08:57:03,241 [EndpointStateMachine task thread for /0.0.0.0:15161 - 0 ] INFO  volume.HddsVolume (HddsVolume.java:createDbStore(422)) - SchemaV3 db is created and loaded at /home/runner/work/ozone/ozone/hadoop-ozone/integration-test/target/test-dir/MiniOzoneClusterImpl-4f49b7df-1fbb-48bb-ad24-05a827c4b894/datanode-1/data-0/containers/hdds/4f49b7df-1fbb-48bb-ad24-05a827c4b894/DS-a0563393-4295-48ff-ab9a-fdc16db98704/container.db for volume DS-a0563393-4295-48ff-ab9a-fdc16db98704
2023-09-07 08:57:03,244 [EndpointStateMachine task thread for /0.0.0.0:15161 - 0 ] INFO  volume.ThrottledAsyncChecker (ThrottledAsyncChecker.java:schedule(141)) - Scheduling a check for /home/runner/work/ozone/ozone/hadoop-ozone/integration-test/target/test-dir/MiniOzoneClusterImpl-4f49b7df-1fbb-48bb-ad24-05a827c4b894/datanode-1/data-0/containers/hdds
2023-09-07 08:57:03,245 [EndpointStateMachine task thread for /0.0.0.0:15161 - 0 ] INFO  volume.StorageVolumeChecker (StorageVolumeChecker.java:checkAllVolumes(213)) - Scheduled health check for volume /home/runner/work/ozone/ozone/hadoop-ozone/integration-test/target/test-dir/MiniOzoneClusterImpl-4f49b7df-1fbb-48bb-ad24-05a827c4b894/datanode-1/data-0/containers/hdds
2023-09-07 08:57:03,248 [EndpointStateMachine task thread for /0.0.0.0:15161 - 0 ] INFO  volume.ThrottledAsyncChecker (ThrottledAsyncChecker.java:schedule(141)) - Scheduling a check for /home/runner/work/ozone/ozone/hadoop-ozone/integration-test/target/test-dir/MiniOzoneClusterImpl-4f49b7df-1fbb-48bb-ad24-05a827c4b894/datanode-1/data/ratis
2023-09-07 08:57:03,248 [EndpointStateMachine task thread for /0.0.0.0:15161 - 0 ] INFO  volume.StorageVolumeChecker (StorageVolumeChecker.java:checkAllVolumes(213)) - Scheduled health check for volume /home/runner/work/ozone/ozone/hadoop-ozone/integration-test/target/test-dir/MiniOzoneClusterImpl-4f49b7df-1fbb-48bb-ad24-05a827c4b894/datanode-1/data/ratis
2023-09-07 08:57:03,250 [EndpointStateMachine task thread for /0.0.0.0:15161 - 0 ] INFO  ozoneimpl.OzoneContainer (OzoneContainer.java:start(429)) - Attempting to start container services.
2023-09-07 08:57:03,250 [EndpointStateMachine task thread for /0.0.0.0:15161 - 0 ] INFO  ozoneimpl.OzoneContainer (OzoneContainer.java:startContainerScrub(325)) - Scheduled background container scanners and the on-demand container scanner have been disabled.
2023-09-07 08:57:03,252 [EndpointStateMachine task thread for /0.0.0.0:15161 - 0 ] INFO  replication.ReplicationServer (ReplicationServer.java:start(130)) - ReplicationServer is started using port 15184
2023-09-07 08:57:03,252 [EndpointStateMachine task thread for /0.0.0.0:15161 - 0 ] INFO  ratis.XceiverServerRatis (XceiverServerRatis.java:start(517)) - Starting XceiverServerRatis a34f2eca-ee32-4394-bb15-3b741437dcd0
2023-09-07 08:57:03,254 [EndpointStateMachine task thread for /0.0.0.0:15161 - 0 ] INFO  server.RaftServer (RaftServerProxy.java:startImpl(400)) - a34f2eca-ee32-4394-bb15-3b741437dcd0: start RPC server
2023-09-07 08:57:03,255 [EndpointStateMachine task thread for /0.0.0.0:15161 - 0 ] INFO  server.GrpcService (GrpcService.java:startImpl(302)) - a34f2eca-ee32-4394-bb15-3b741437dcd0: GrpcService started, listening on 15180
2023-09-07 08:57:03,256 [EndpointStateMachine task thread for /0.0.0.0:15161 - 0 ] INFO  server.GrpcService (GrpcService.java:startImpl(302)) - a34f2eca-ee32-4394-bb15-3b741437dcd0: GrpcService started, listening on 15182
2023-09-07 08:57:03,257 [EndpointStateMachine task thread for /0.0.0.0:15161 - 0 ] INFO  server.GrpcService (GrpcService.java:startImpl(302)) - a34f2eca-ee32-4394-bb15-3b741437dcd0: GrpcService started, listening on 15181
2023-09-07 08:57:03,258 [EndpointStateMachine task thread for /0.0.0.0:15161 - 0 ] INFO  ratis.XceiverServerRatis (XceiverServerRatis.java:getRealPort(543)) - XceiverServerRatis a34f2eca-ee32-4394-bb15-3b741437dcd0 is started using port 15180 for RATIS
2023-09-07 08:57:03,258 [EndpointStateMachine task thread for /0.0.0.0:15161 - 0 ] INFO  ratis.XceiverServerRatis (XceiverServerRatis.java:getRealPort(543)) - XceiverServerRatis a34f2eca-ee32-4394-bb15-3b741437dcd0 is started using port 15181 for RATIS_ADMIN
2023-09-07 08:57:03,258 [EndpointStateMachine task thread for /0.0.0.0:15161 - 0 ] INFO  ratis.XceiverServerRatis (XceiverServerRatis.java:getRealPort(543)) - XceiverServerRatis a34f2eca-ee32-4394-bb15-3b741437dcd0 is started using port 15182 for RATIS_SERVER
2023-09-07 08:57:03,258 [EndpointStateMachine task thread for /0.0.0.0:15161 - 0 ] INFO  ratis.XceiverServerRatis (XceiverServerRatis.java:getRealPort(543)) - XceiverServerRatis a34f2eca-ee32-4394-bb15-3b741437dcd0 is started using port 15183 for RATIS_DATASTREAM
2023-09-07 08:57:03,258 [JvmPauseMonitor24] INFO  util.JvmPauseMonitor (JvmPauseMonitor.java:run(103)) - JvmPauseMonitor-a34f2eca-ee32-4394-bb15-3b741437dcd0: Started
2023-09-07 08:57:03,263 [main] INFO  ozone.MiniOzoneClusterImpl (MiniOzoneClusterImpl.java:lambda$waitForClusterToBeReady$0(224)) - Waiting for nodes to be ready. Got 0 of 5 DN Heartbeats.
2023-09-07 08:57:03,263 [main] INFO  ozone.MiniOzoneClusterImpl (MiniOzoneClusterImpl.java:lambda$waitForClusterToBeReady$0(227)) - Waiting for cluster to exit safe mode
2023-09-07 08:57:03,263 [main] INFO  ozone.MiniOzoneClusterImpl (MiniOzoneClusterImpl.java:lambda$waitForClusterToBeReady$0(229)) - SCM became leader
2023-09-07 08:57:03,266 [BlockDeletingService#0] INFO  interfaces.ContainerDeletionChoosingPolicyTemplate (ContainerDeletionChoosingPolicyTemplate.java:chooseContainerForBlockDeletion(85)) - Chosen 0/5000 blocks from 0 candidate containers.
2023-09-07 08:57:03,618 [EndpointStateMachine task thread for /0.0.0.0:15161 - 0 ] INFO  utils.DatanodeStoreCache (DatanodeStoreCache.java:addDB(66)) - Added db /home/runner/work/ozone/ozone/hadoop-ozone/integration-test/target/test-dir/MiniOzoneClusterImpl-4f49b7df-1fbb-48bb-ad24-05a827c4b894/datanode-2/data-0/containers/hdds/4f49b7df-1fbb-48bb-ad24-05a827c4b894/DS-26d8eadd-840b-4708-9086-850895c89d5f/container.db to cache
2023-09-07 08:57:03,618 [EndpointStateMachine task thread for /0.0.0.0:15161 - 0 ] INFO  volume.HddsVolume (HddsVolume.java:createDbStore(422)) - SchemaV3 db is created and loaded at /home/runner/work/ozone/ozone/hadoop-ozone/integration-test/target/test-dir/MiniOzoneClusterImpl-4f49b7df-1fbb-48bb-ad24-05a827c4b894/datanode-2/data-0/containers/hdds/4f49b7df-1fbb-48bb-ad24-05a827c4b894/DS-26d8eadd-840b-4708-9086-850895c89d5f/container.db for volume DS-26d8eadd-840b-4708-9086-850895c89d5f
2023-09-07 08:57:03,619 [EndpointStateMachine task thread for /0.0.0.0:15161 - 0 ] INFO  volume.ThrottledAsyncChecker (ThrottledAsyncChecker.java:schedule(141)) - Scheduling a check for /home/runner/work/ozone/ozone/hadoop-ozone/integration-test/target/test-dir/MiniOzoneClusterImpl-4f49b7df-1fbb-48bb-ad24-05a827c4b894/datanode-2/data-0/containers/hdds
2023-09-07 08:57:03,622 [EndpointStateMachine task thread for /0.0.0.0:15161 - 0 ] INFO  volume.StorageVolumeChecker (StorageVolumeChecker.java:checkAllVolumes(213)) - Scheduled health check for volume /home/runner/work/ozone/ozone/hadoop-ozone/integration-test/target/test-dir/MiniOzoneClusterImpl-4f49b7df-1fbb-48bb-ad24-05a827c4b894/datanode-2/data-0/containers/hdds
2023-09-07 08:57:03,625 [EndpointStateMachine task thread for /0.0.0.0:15161 - 0 ] INFO  volume.ThrottledAsyncChecker (ThrottledAsyncChecker.java:schedule(141)) - Scheduling a check for /home/runner/work/ozone/ozone/hadoop-ozone/integration-test/target/test-dir/MiniOzoneClusterImpl-4f49b7df-1fbb-48bb-ad24-05a827c4b894/datanode-2/data/ratis
2023-09-07 08:57:03,625 [EndpointStateMachine task thread for /0.0.0.0:15161 - 0 ] INFO  volume.StorageVolumeChecker (StorageVolumeChecker.java:checkAllVolumes(213)) - Scheduled health check for volume /home/runner/work/ozone/ozone/hadoop-ozone/integration-test/target/test-dir/MiniOzoneClusterImpl-4f49b7df-1fbb-48bb-ad24-05a827c4b894/datanode-2/data/ratis
2023-09-07 08:57:03,627 [EndpointStateMachine task thread for /0.0.0.0:15161 - 0 ] INFO  ozoneimpl.OzoneContainer (OzoneContainer.java:start(429)) - Attempting to start container services.
2023-09-07 08:57:03,627 [EndpointStateMachine task thread for /0.0.0.0:15161 - 0 ] INFO  ozoneimpl.OzoneContainer (OzoneContainer.java:startContainerScrub(325)) - Scheduled background container scanners and the on-demand container scanner have been disabled.
2023-09-07 08:57:03,628 [EndpointStateMachine task thread for /0.0.0.0:15161 - 0 ] INFO  replication.ReplicationServer (ReplicationServer.java:start(130)) - ReplicationServer is started using port 15193
2023-09-07 08:57:03,628 [EndpointStateMachine task thread for /0.0.0.0:15161 - 0 ] INFO  ratis.XceiverServerRatis (XceiverServerRatis.java:start(517)) - Starting XceiverServerRatis 469bc52f-827e-4f59-b4d6-1102a4459bcd
2023-09-07 08:57:03,629 [EndpointStateMachine task thread for /0.0.0.0:15161 - 0 ] INFO  server.RaftServer (RaftServerProxy.java:startImpl(400)) - 469bc52f-827e-4f59-b4d6-1102a4459bcd: start RPC server
2023-09-07 08:57:03,634 [EndpointStateMachine task thread for /0.0.0.0:15161 - 0 ] INFO  server.GrpcService (GrpcService.java:startImpl(302)) - 469bc52f-827e-4f59-b4d6-1102a4459bcd: GrpcService started, listening on 15189
2023-09-07 08:57:03,635 [EndpointStateMachine task thread for /0.0.0.0:15161 - 0 ] INFO  server.GrpcService (GrpcService.java:startImpl(302)) - 469bc52f-827e-4f59-b4d6-1102a4459bcd: GrpcService started, listening on 15191
2023-09-07 08:57:03,636 [EndpointStateMachine task thread for /0.0.0.0:15161 - 0 ] INFO  server.GrpcService (GrpcService.java:startImpl(302)) - 469bc52f-827e-4f59-b4d6-1102a4459bcd: GrpcService started, listening on 15190
2023-09-07 08:57:03,636 [EndpointStateMachine task thread for /0.0.0.0:15161 - 0 ] INFO  ratis.XceiverServerRatis (XceiverServerRatis.java:getRealPort(543)) - XceiverServerRatis 469bc52f-827e-4f59-b4d6-1102a4459bcd is started using port 15189 for RATIS
2023-09-07 08:57:03,636 [JvmPauseMonitor25] INFO  util.JvmPauseMonitor (JvmPauseMonitor.java:run(103)) - JvmPauseMonitor-469bc52f-827e-4f59-b4d6-1102a4459bcd: Started
2023-09-07 08:57:03,636 [EndpointStateMachine task thread for /0.0.0.0:15161 - 0 ] INFO  ratis.XceiverServerRatis (XceiverServerRatis.java:getRealPort(543)) - XceiverServerRatis 469bc52f-827e-4f59-b4d6-1102a4459bcd is started using port 15190 for RATIS_ADMIN
2023-09-07 08:57:03,636 [EndpointStateMachine task thread for /0.0.0.0:15161 - 0 ] INFO  ratis.XceiverServerRatis (XceiverServerRatis.java:getRealPort(543)) - XceiverServerRatis 469bc52f-827e-4f59-b4d6-1102a4459bcd is started using port 15191 for RATIS_SERVER
2023-09-07 08:57:03,636 [EndpointStateMachine task thread for /0.0.0.0:15161 - 0 ] INFO  ratis.XceiverServerRatis (XceiverServerRatis.java:getRealPort(543)) - XceiverServerRatis 469bc52f-827e-4f59-b4d6-1102a4459bcd is started using port 15192 for RATIS_DATASTREAM
2023-09-07 08:57:03,638 [BlockDeletingService#0] INFO  interfaces.ContainerDeletionChoosingPolicyTemplate (ContainerDeletionChoosingPolicyTemplate.java:chooseContainerForBlockDeletion(85)) - Chosen 0/5000 blocks from 0 candidate containers.
2023-09-07 08:57:03,951 [EndpointStateMachine task thread for /0.0.0.0:15161 - 0 ] INFO  utils.DatanodeStoreCache (DatanodeStoreCache.java:addDB(66)) - Added db /home/runner/work/ozone/ozone/hadoop-ozone/integration-test/target/test-dir/MiniOzoneClusterImpl-4f49b7df-1fbb-48bb-ad24-05a827c4b894/datanode-3/data-0/containers/hdds/4f49b7df-1fbb-48bb-ad24-05a827c4b894/DS-1d7101d5-b5eb-448f-af8f-13c11caa1e2f/container.db to cache
2023-09-07 08:57:03,951 [EndpointStateMachine task thread for /0.0.0.0:15161 - 0 ] INFO  volume.HddsVolume (HddsVolume.java:createDbStore(422)) - SchemaV3 db is created and loaded at /home/runner/work/ozone/ozone/hadoop-ozone/integration-test/target/test-dir/MiniOzoneClusterImpl-4f49b7df-1fbb-48bb-ad24-05a827c4b894/datanode-3/data-0/containers/hdds/4f49b7df-1fbb-48bb-ad24-05a827c4b894/DS-1d7101d5-b5eb-448f-af8f-13c11caa1e2f/container.db for volume DS-1d7101d5-b5eb-448f-af8f-13c11caa1e2f
2023-09-07 08:57:03,952 [EndpointStateMachine task thread for /0.0.0.0:15161 - 0 ] INFO  volume.ThrottledAsyncChecker (ThrottledAsyncChecker.java:schedule(141)) - Scheduling a check for /home/runner/work/ozone/ozone/hadoop-ozone/integration-test/target/test-dir/MiniOzoneClusterImpl-4f49b7df-1fbb-48bb-ad24-05a827c4b894/datanode-3/data-0/containers/hdds
2023-09-07 08:57:03,953 [EndpointStateMachine task thread for /0.0.0.0:15161 - 0 ] INFO  volume.StorageVolumeChecker (StorageVolumeChecker.java:checkAllVolumes(213)) - Scheduled health check for volume /home/runner/work/ozone/ozone/hadoop-ozone/integration-test/target/test-dir/MiniOzoneClusterImpl-4f49b7df-1fbb-48bb-ad24-05a827c4b894/datanode-3/data-0/containers/hdds
2023-09-07 08:57:03,958 [EndpointStateMachine task thread for /0.0.0.0:15161 - 0 ] INFO  volume.ThrottledAsyncChecker (ThrottledAsyncChecker.java:schedule(141)) - Scheduling a check for /home/runner/work/ozone/ozone/hadoop-ozone/integration-test/target/test-dir/MiniOzoneClusterImpl-4f49b7df-1fbb-48bb-ad24-05a827c4b894/datanode-3/data/ratis
2023-09-07 08:57:03,958 [EndpointStateMachine task thread for /0.0.0.0:15161 - 0 ] INFO  volume.StorageVolumeChecker (StorageVolumeChecker.java:checkAllVolumes(213)) - Scheduled health check for volume /home/runner/work/ozone/ozone/hadoop-ozone/integration-test/target/test-dir/MiniOzoneClusterImpl-4f49b7df-1fbb-48bb-ad24-05a827c4b894/datanode-3/data/ratis
2023-09-07 08:57:03,959 [EndpointStateMachine task thread for /0.0.0.0:15161 - 0 ] INFO  ozoneimpl.OzoneContainer (OzoneContainer.java:start(429)) - Attempting to start container services.
2023-09-07 08:57:03,959 [EndpointStateMachine task thread for /0.0.0.0:15161 - 0 ] INFO  ozoneimpl.OzoneContainer (OzoneContainer.java:startContainerScrub(325)) - Scheduled background container scanners and the on-demand container scanner have been disabled.
2023-09-07 08:57:03,961 [EndpointStateMachine task thread for /0.0.0.0:15161 - 0 ] INFO  replication.ReplicationServer (ReplicationServer.java:start(130)) - ReplicationServer is started using port 15202
2023-09-07 08:57:03,961 [EndpointStateMachine task thread for /0.0.0.0:15161 - 0 ] INFO  ratis.XceiverServerRatis (XceiverServerRatis.java:start(517)) - Starting XceiverServerRatis c9797992-92b1-488c-b385-6ae238fab233
2023-09-07 08:57:03,961 [EndpointStateMachine task thread for /0.0.0.0:15161 - 0 ] INFO  server.RaftServer (RaftServerProxy.java:startImpl(400)) - c9797992-92b1-488c-b385-6ae238fab233: start RPC server
2023-09-07 08:57:03,962 [EndpointStateMachine task thread for /0.0.0.0:15161 - 0 ] INFO  server.GrpcService (GrpcService.java:startImpl(302)) - c9797992-92b1-488c-b385-6ae238fab233: GrpcService started, listening on 15198
2023-09-07 08:57:03,963 [EndpointStateMachine task thread for /0.0.0.0:15161 - 0 ] INFO  server.GrpcService (GrpcService.java:startImpl(302)) - c9797992-92b1-488c-b385-6ae238fab233: GrpcService started, listening on 15200
2023-09-07 08:57:03,967 [EndpointStateMachine task thread for /0.0.0.0:15161 - 0 ] INFO  server.GrpcService (GrpcService.java:startImpl(302)) - c9797992-92b1-488c-b385-6ae238fab233: GrpcService started, listening on 15199
2023-09-07 08:57:03,967 [EndpointStateMachine task thread for /0.0.0.0:15161 - 0 ] INFO  ratis.XceiverServerRatis (XceiverServerRatis.java:getRealPort(543)) - XceiverServerRatis c9797992-92b1-488c-b385-6ae238fab233 is started using port 15198 for RATIS
2023-09-07 08:57:03,967 [JvmPauseMonitor26] INFO  util.JvmPauseMonitor (JvmPauseMonitor.java:run(103)) - JvmPauseMonitor-c9797992-92b1-488c-b385-6ae238fab233: Started
2023-09-07 08:57:03,967 [EndpointStateMachine task thread for /0.0.0.0:15161 - 0 ] INFO  ratis.XceiverServerRatis (XceiverServerRatis.java:getRealPort(543)) - XceiverServerRatis c9797992-92b1-488c-b385-6ae238fab233 is started using port 15199 for RATIS_ADMIN
2023-09-07 08:57:03,967 [EndpointStateMachine task thread for /0.0.0.0:15161 - 0 ] INFO  ratis.XceiverServerRatis (XceiverServerRatis.java:getRealPort(543)) - XceiverServerRatis c9797992-92b1-488c-b385-6ae238fab233 is started using port 15200 for RATIS_SERVER
2023-09-07 08:57:03,967 [EndpointStateMachine task thread for /0.0.0.0:15161 - 0 ] INFO  ratis.XceiverServerRatis (XceiverServerRatis.java:getRealPort(543)) - XceiverServerRatis c9797992-92b1-488c-b385-6ae238fab233 is started using port 15201 for RATIS_DATASTREAM
2023-09-07 08:57:03,973 [BlockDeletingService#0] INFO  interfaces.ContainerDeletionChoosingPolicyTemplate (ContainerDeletionChoosingPolicyTemplate.java:chooseContainerForBlockDeletion(85)) - Chosen 0/5000 blocks from 0 candidate containers.
2023-09-07 08:57:04,263 [main] INFO  ozone.MiniOzoneClusterImpl (MiniOzoneClusterImpl.java:lambda$waitForClusterToBeReady$0(224)) - Waiting for nodes to be ready. Got 0 of 5 DN Heartbeats.
2023-09-07 08:57:04,264 [main] INFO  ozone.MiniOzoneClusterImpl (MiniOzoneClusterImpl.java:lambda$waitForClusterToBeReady$0(227)) - Waiting for cluster to exit safe mode
2023-09-07 08:57:04,264 [main] INFO  ozone.MiniOzoneClusterImpl (MiniOzoneClusterImpl.java:lambda$waitForClusterToBeReady$0(229)) - SCM became leader
2023-09-07 08:57:04,317 [EndpointStateMachine task thread for /0.0.0.0:15161 - 0 ] INFO  utils.DatanodeStoreCache (DatanodeStoreCache.java:addDB(66)) - Added db /home/runner/work/ozone/ozone/hadoop-ozone/integration-test/target/test-dir/MiniOzoneClusterImpl-4f49b7df-1fbb-48bb-ad24-05a827c4b894/datanode-4/data-0/containers/hdds/4f49b7df-1fbb-48bb-ad24-05a827c4b894/DS-fd4ea59b-2fe1-4636-8116-f5a392c61438/container.db to cache
2023-09-07 08:57:04,317 [EndpointStateMachine task thread for /0.0.0.0:15161 - 0 ] INFO  volume.HddsVolume (HddsVolume.java:createDbStore(422)) - SchemaV3 db is created and loaded at /home/runner/work/ozone/ozone/hadoop-ozone/integration-test/target/test-dir/MiniOzoneClusterImpl-4f49b7df-1fbb-48bb-ad24-05a827c4b894/datanode-4/data-0/containers/hdds/4f49b7df-1fbb-48bb-ad24-05a827c4b894/DS-fd4ea59b-2fe1-4636-8116-f5a392c61438/container.db for volume DS-fd4ea59b-2fe1-4636-8116-f5a392c61438
2023-09-07 08:57:04,318 [EndpointStateMachine task thread for /0.0.0.0:15161 - 0 ] INFO  volume.ThrottledAsyncChecker (ThrottledAsyncChecker.java:schedule(141)) - Scheduling a check for /home/runner/work/ozone/ozone/hadoop-ozone/integration-test/target/test-dir/MiniOzoneClusterImpl-4f49b7df-1fbb-48bb-ad24-05a827c4b894/datanode-4/data-0/containers/hdds
2023-09-07 08:57:04,318 [EndpointStateMachine task thread for /0.0.0.0:15161 - 0 ] INFO  volume.StorageVolumeChecker (StorageVolumeChecker.java:checkAllVolumes(213)) - Scheduled health check for volume /home/runner/work/ozone/ozone/hadoop-ozone/integration-test/target/test-dir/MiniOzoneClusterImpl-4f49b7df-1fbb-48bb-ad24-05a827c4b894/datanode-4/data-0/containers/hdds
2023-09-07 08:57:04,323 [EndpointStateMachine task thread for /0.0.0.0:15161 - 0 ] INFO  volume.ThrottledAsyncChecker (ThrottledAsyncChecker.java:schedule(141)) - Scheduling a check for /home/runner/work/ozone/ozone/hadoop-ozone/integration-test/target/test-dir/MiniOzoneClusterImpl-4f49b7df-1fbb-48bb-ad24-05a827c4b894/datanode-4/data/ratis
2023-09-07 08:57:04,324 [EndpointStateMachine task thread for /0.0.0.0:15161 - 0 ] INFO  volume.StorageVolumeChecker (StorageVolumeChecker.java:checkAllVolumes(213)) - Scheduled health check for volume /home/runner/work/ozone/ozone/hadoop-ozone/integration-test/target/test-dir/MiniOzoneClusterImpl-4f49b7df-1fbb-48bb-ad24-05a827c4b894/datanode-4/data/ratis
2023-09-07 08:57:04,326 [EndpointStateMachine task thread for /0.0.0.0:15161 - 0 ] INFO  ozoneimpl.OzoneContainer (OzoneContainer.java:start(429)) - Attempting to start container services.
2023-09-07 08:57:04,327 [EndpointStateMachine task thread for /0.0.0.0:15161 - 0 ] INFO  ozoneimpl.OzoneContainer (OzoneContainer.java:startContainerScrub(325)) - Scheduled background container scanners and the on-demand container scanner have been disabled.
2023-09-07 08:57:04,329 [EndpointStateMachine task thread for /0.0.0.0:15161 - 0 ] INFO  replication.ReplicationServer (ReplicationServer.java:start(130)) - ReplicationServer is started using port 15211
2023-09-07 08:57:04,331 [EndpointStateMachine task thread for /0.0.0.0:15161 - 0 ] INFO  ratis.XceiverServerRatis (XceiverServerRatis.java:start(517)) - Starting XceiverServerRatis bacf23c7-6e92-44d7-b9fe-c924128d47d1
2023-09-07 08:57:04,339 [EndpointStateMachine task thread for /0.0.0.0:15161 - 0 ] INFO  server.RaftServer (RaftServerProxy.java:startImpl(400)) - bacf23c7-6e92-44d7-b9fe-c924128d47d1: start RPC server
2023-09-07 08:57:04,343 [EndpointStateMachine task thread for /0.0.0.0:15161 - 0 ] INFO  server.GrpcService (GrpcService.java:startImpl(302)) - bacf23c7-6e92-44d7-b9fe-c924128d47d1: GrpcService started, listening on 15207
2023-09-07 08:57:04,344 [EndpointStateMachine task thread for /0.0.0.0:15161 - 0 ] INFO  server.GrpcService (GrpcService.java:startImpl(302)) - bacf23c7-6e92-44d7-b9fe-c924128d47d1: GrpcService started, listening on 15209
2023-09-07 08:57:04,346 [EndpointStateMachine task thread for /0.0.0.0:15161 - 0 ] INFO  server.GrpcService (GrpcService.java:startImpl(302)) - bacf23c7-6e92-44d7-b9fe-c924128d47d1: GrpcService started, listening on 15208
2023-09-07 08:57:04,351 [EndpointStateMachine task thread for /0.0.0.0:15161 - 0 ] INFO  ratis.XceiverServerRatis (XceiverServerRatis.java:getRealPort(543)) - XceiverServerRatis bacf23c7-6e92-44d7-b9fe-c924128d47d1 is started using port 15207 for RATIS
2023-09-07 08:57:04,351 [JvmPauseMonitor27] INFO  util.JvmPauseMonitor (JvmPauseMonitor.java:run(103)) - JvmPauseMonitor-bacf23c7-6e92-44d7-b9fe-c924128d47d1: Started
2023-09-07 08:57:04,351 [EndpointStateMachine task thread for /0.0.0.0:15161 - 0 ] INFO  ratis.XceiverServerRatis (XceiverServerRatis.java:getRealPort(543)) - XceiverServerRatis bacf23c7-6e92-44d7-b9fe-c924128d47d1 is started using port 15208 for RATIS_ADMIN
2023-09-07 08:57:04,351 [EndpointStateMachine task thread for /0.0.0.0:15161 - 0 ] INFO  ratis.XceiverServerRatis (XceiverServerRatis.java:getRealPort(543)) - XceiverServerRatis bacf23c7-6e92-44d7-b9fe-c924128d47d1 is started using port 15209 for RATIS_SERVER
2023-09-07 08:57:04,352 [EndpointStateMachine task thread for /0.0.0.0:15161 - 0 ] INFO  ratis.XceiverServerRatis (XceiverServerRatis.java:getRealPort(543)) - XceiverServerRatis bacf23c7-6e92-44d7-b9fe-c924128d47d1 is started using port 15210 for RATIS_DATASTREAM
2023-09-07 08:57:04,354 [BlockDeletingService#0] INFO  interfaces.ContainerDeletionChoosingPolicyTemplate (ContainerDeletionChoosingPolicyTemplate.java:chooseContainerForBlockDeletion(85)) - Chosen 0/5000 blocks from 0 candidate containers.
2023-09-07 08:57:04,821 [IPC Server handler 2 on default port 15161] INFO  net.NetworkTopologyImpl (NetworkTopologyImpl.java:add(112)) - Added a new node: /default-rack/c2dbcf2b-518f-41ea-bd88-da292e0ddc39
2023-09-07 08:57:04,821 [IPC Server handler 2 on default port 15161] INFO  node.SCMNodeManager (SCMNodeManager.java:register(405)) - Registered Data node : c2dbcf2b-518f-41ea-bd88-da292e0ddc39{ip: 10.1.0.48, host: fv-az793-921.vth4h2cvs0culokhaokvhxz15b.jx.internal.cloudapp.net, ports: [HTTP=15168, CLIENT_RPC=15169, REPLICATION=15175, RATIS=15171, RATIS_ADMIN=15172, RATIS_SERVER=15173, RATIS_DATASTREAM=15174, STANDALONE=15170], networkLocation: /default-rack, certSerialId: null, persistedOpState: null, persistedOpStateExpiryEpochSec: 0}
2023-09-07 08:57:04,824 [EventQueue-NodeRegistrationContainerReportForDataNodeSafeModeRule] INFO  safemode.SCMSafeModeManager (DataNodeSafeModeRule.java:process(71)) - SCM in safe mode. 1 DataNodes registered, 3 required.
2023-09-07 08:57:04,827 [EventQueue-NodeRegistrationContainerReportForContainerSafeModeRule] INFO  safemode.SCMSafeModeManager (SCMSafeModeManager.java:validateSafeModeExitRules(200)) - ContainerSafeModeRule rule is successfully validated
2023-09-07 08:57:04,829 [EventQueue-NewNodeForNewNodeHandler] INFO  pipeline.BackgroundPipelineCreator (BackgroundPipelineCreator.java:notifyEventTriggered(277)) - trigger a one-shot run on RatisPipelineUtilsThread.
2023-09-07 08:57:04,833 [EventQueue-PipelineReportForOneReplicaPipelineSafeModeRule] INFO  safemode.SCMSafeModeManager (SCMSafeModeManager.java:validateSafeModeExitRules(200)) - AtleastOneDatanodeReportedRule rule is successfully validated
2023-09-07 08:57:04,830 [RatisPipelineUtilsThread - 0] INFO  pipeline.RatisPipelineProvider (RatisPipelineProvider.java:lambda$create$0(206)) - Sending CreatePipelineCommand for pipeline:PipelineID=c7887d04-a2e4-4f07-a3f4-7b668b371da7 to datanode:c2dbcf2b-518f-41ea-bd88-da292e0ddc39
2023-09-07 08:57:04,838 [RatisPipelineUtilsThread - 0] INFO  pipeline.BackgroundPipelineCreator (BackgroundPipelineCreator.java:createPipelines(233)) - Created new pipeline Pipeline[ Id: c7887d04-a2e4-4f07-a3f4-7b668b371da7, Nodes: c2dbcf2b-518f-41ea-bd88-da292e0ddc39(fv-az793-921.vth4h2cvs0culokhaokvhxz15b.jx.internal.cloudapp.net/10.1.0.48), ReplicationConfig: RATIS/ONE, State:ALLOCATED, leaderId:, CreationTimestamp2023-09-07T08:57:04.830Z[Etc/UTC]]
2023-09-07 08:57:05,183 [IPC Server handler 0 on default port 15161] INFO  net.NetworkTopologyImpl (NetworkTopologyImpl.java:add(112)) - Added a new node: /default-rack/a34f2eca-ee32-4394-bb15-3b741437dcd0
2023-09-07 08:57:05,184 [IPC Server handler 0 on default port 15161] INFO  node.SCMNodeManager (SCMNodeManager.java:register(405)) - Registered Data node : a34f2eca-ee32-4394-bb15-3b741437dcd0{ip: 10.1.0.48, host: fv-az793-921.vth4h2cvs0culokhaokvhxz15b.jx.internal.cloudapp.net, ports: [HTTP=15177, CLIENT_RPC=15178, REPLICATION=15184, RATIS=15180, RATIS_ADMIN=15181, RATIS_SERVER=15182, RATIS_DATASTREAM=15183, STANDALONE=15179], networkLocation: /default-rack, certSerialId: null, persistedOpState: null, persistedOpStateExpiryEpochSec: 0}
2023-09-07 08:57:05,185 [EventQueue-NodeRegistrationContainerReportForDataNodeSafeModeRule] INFO  safemode.SCMSafeModeManager (DataNodeSafeModeRule.java:process(71)) - SCM in safe mode. 2 DataNodes registered, 3 required.
2023-09-07 08:57:05,189 [EventQueue-NewNodeForNewNodeHandler] INFO  pipeline.BackgroundPipelineCreator (BackgroundPipelineCreator.java:notifyEventTriggered(277)) - trigger a one-shot run on RatisPipelineUtilsThread.
2023-09-07 08:57:05,190 [RatisPipelineUtilsThread - 0] INFO  pipeline.RatisPipelineProvider (RatisPipelineProvider.java:lambda$create$0(206)) - Sending CreatePipelineCommand for pipeline:PipelineID=fce04628-a42e-4670-9423-cd47f4ea6070 to datanode:a34f2eca-ee32-4394-bb15-3b741437dcd0
2023-09-07 08:57:05,190 [RatisPipelineUtilsThread - 0] INFO  pipeline.BackgroundPipelineCreator (BackgroundPipelineCreator.java:createPipelines(233)) - Created new pipeline Pipeline[ Id: fce04628-a42e-4670-9423-cd47f4ea6070, Nodes: a34f2eca-ee32-4394-bb15-3b741437dcd0(fv-az793-921.vth4h2cvs0culokhaokvhxz15b.jx.internal.cloudapp.net/10.1.0.48), ReplicationConfig: RATIS/ONE, State:ALLOCATED, leaderId:, CreationTimestamp2023-09-07T08:57:05.190Z[Etc/UTC]]
2023-09-07 08:57:05,264 [main] INFO  ozone.MiniOzoneClusterImpl (MiniOzoneClusterImpl.java:lambda$waitForClusterToBeReady$0(224)) - Waiting for nodes to be ready. Got 2 of 5 DN Heartbeats.
2023-09-07 08:57:05,264 [main] INFO  ozone.MiniOzoneClusterImpl (MiniOzoneClusterImpl.java:lambda$waitForClusterToBeReady$0(227)) - Waiting for cluster to exit safe mode
2023-09-07 08:57:05,264 [main] INFO  ozone.MiniOzoneClusterImpl (MiniOzoneClusterImpl.java:lambda$waitForClusterToBeReady$0(229)) - SCM became leader
2023-09-07 08:57:05,558 [IPC Server handler 2 on default port 15161] INFO  net.NetworkTopologyImpl (NetworkTopologyImpl.java:add(112)) - Added a new node: /default-rack/469bc52f-827e-4f59-b4d6-1102a4459bcd
2023-09-07 08:57:05,559 [IPC Server handler 2 on default port 15161] INFO  node.SCMNodeManager (SCMNodeManager.java:register(405)) - Registered Data node : 469bc52f-827e-4f59-b4d6-1102a4459bcd{ip: 10.1.0.48, host: fv-az793-921.vth4h2cvs0culokhaokvhxz15b.jx.internal.cloudapp.net, ports: [HTTP=15186, CLIENT_RPC=15187, REPLICATION=15193, RATIS=15189, RATIS_ADMIN=15190, RATIS_SERVER=15191, RATIS_DATASTREAM=15192, STANDALONE=15188], networkLocation: /default-rack, certSerialId: null, persistedOpState: null, persistedOpStateExpiryEpochSec: 0}
2023-09-07 08:57:05,559 [EventQueue-NewNodeForNewNodeHandler] INFO  pipeline.BackgroundPipelineCreator (BackgroundPipelineCreator.java:notifyEventTriggered(277)) - trigger a one-shot run on RatisPipelineUtilsThread.
2023-09-07 08:57:05,561 [RatisPipelineUtilsThread - 0] INFO  pipeline.RatisPipelineProvider (RatisPipelineProvider.java:lambda$create$0(206)) - Sending CreatePipelineCommand for pipeline:PipelineID=9eb3c39a-afdc-4412-9b21-8c8f34ef51c5 to datanode:469bc52f-827e-4f59-b4d6-1102a4459bcd
2023-09-07 08:57:05,562 [RatisPipelineUtilsThread - 0] INFO  pipeline.BackgroundPipelineCreator (BackgroundPipelineCreator.java:createPipelines(233)) - Created new pipeline Pipeline[ Id: 9eb3c39a-afdc-4412-9b21-8c8f34ef51c5, Nodes: 469bc52f-827e-4f59-b4d6-1102a4459bcd(fv-az793-921.vth4h2cvs0culokhaokvhxz15b.jx.internal.cloudapp.net/10.1.0.48), ReplicationConfig: RATIS/ONE, State:ALLOCATED, leaderId:, CreationTimestamp2023-09-07T08:57:05.561Z[Etc/UTC]]
2023-09-07 08:57:05,562 [EventQueue-NodeRegistrationContainerReportForDataNodeSafeModeRule] INFO  safemode.SCMSafeModeManager (DataNodeSafeModeRule.java:process(71)) - SCM in safe mode. 3 DataNodes registered, 3 required.
2023-09-07 08:57:05,562 [EventQueue-NodeRegistrationContainerReportForDataNodeSafeModeRule] INFO  safemode.SCMSafeModeManager (SCMSafeModeManager.java:validateSafeModeExitRules(200)) - DataNodeSafeModeRule rule is successfully validated
2023-09-07 08:57:05,562 [EventQueue-NodeRegistrationContainerReportForDataNodeSafeModeRule] INFO  safemode.SCMSafeModeManager (SCMSafeModeManager.java:completePreCheck(229)) - All SCM safe mode pre check rules have passed
2023-09-07 08:57:05,562 [EventQueue-NodeRegistrationContainerReportForDataNodeSafeModeRule] INFO  ha.SCMContext (SCMContext.java:updateSafeModeStatus(228)) - Update SafeModeStatus from SafeModeStatus{safeModeStatus=true, preCheckPassed=false} to SafeModeStatus{safeModeStatus=true, preCheckPassed=true}.
2023-09-07 08:57:05,562 [EventQueue-NodeRegistrationContainerReportForDataNodeSafeModeRule] INFO  pipeline.BackgroundPipelineCreator (BackgroundPipelineCreator.java:notifyEventTriggered(277)) - trigger a one-shot run on RatisPipelineUtilsThread.
2023-09-07 08:57:05,563 [RatisPipelineUtilsThread - 0] INFO  pipeline.RatisPipelineProvider (RatisPipelineProvider.java:lambda$create$0(206)) - Sending CreatePipelineCommand for pipeline:PipelineID=f55a9bfb-af7d-4ebf-a6e4-80adec46c998 to datanode:a34f2eca-ee32-4394-bb15-3b741437dcd0
2023-09-07 08:57:05,563 [RatisPipelineUtilsThread - 0] INFO  pipeline.RatisPipelineProvider (RatisPipelineProvider.java:lambda$create$0(206)) - Sending CreatePipelineCommand for pipeline:PipelineID=f55a9bfb-af7d-4ebf-a6e4-80adec46c998 to datanode:c2dbcf2b-518f-41ea-bd88-da292e0ddc39
2023-09-07 08:57:05,563 [RatisPipelineUtilsThread - 0] INFO  pipeline.RatisPipelineProvider (RatisPipelineProvider.java:lambda$create$0(206)) - Sending CreatePipelineCommand for pipeline:PipelineID=f55a9bfb-af7d-4ebf-a6e4-80adec46c998 to datanode:469bc52f-827e-4f59-b4d6-1102a4459bcd
2023-09-07 08:57:05,563 [RatisPipelineUtilsThread - 0] INFO  pipeline.BackgroundPipelineCreator (BackgroundPipelineCreator.java:createPipelines(233)) - Created new pipeline Pipeline[ Id: f55a9bfb-af7d-4ebf-a6e4-80adec46c998, Nodes: a34f2eca-ee32-4394-bb15-3b741437dcd0(fv-az793-921.vth4h2cvs0culokhaokvhxz15b.jx.internal.cloudapp.net/10.1.0.48)c2dbcf2b-518f-41ea-bd88-da292e0ddc39(fv-az793-921.vth4h2cvs0culokhaokvhxz15b.jx.internal.cloudapp.net/10.1.0.48)469bc52f-827e-4f59-b4d6-1102a4459bcd(fv-az793-921.vth4h2cvs0culokhaokvhxz15b.jx.internal.cloudapp.net/10.1.0.48), ReplicationConfig: RATIS/THREE, State:ALLOCATED, leaderId:, CreationTimestamp2023-09-07T08:57:05.563Z[Etc/UTC]]
2023-09-07 08:57:05,564 [RatisPipelineUtilsThread - 0] INFO  pipeline.RatisPipelineProvider (RatisPipelineProvider.java:lambda$create$0(206)) - Sending CreatePipelineCommand for pipeline:PipelineID=2a573bfb-df92-4764-886a-54d86ef807b4 to datanode:469bc52f-827e-4f59-b4d6-1102a4459bcd
2023-09-07 08:57:05,564 [RatisPipelineUtilsThread - 0] INFO  pipeline.RatisPipelineProvider (RatisPipelineProvider.java:lambda$create$0(206)) - Sending CreatePipelineCommand for pipeline:PipelineID=2a573bfb-df92-4764-886a-54d86ef807b4 to datanode:a34f2eca-ee32-4394-bb15-3b741437dcd0
2023-09-07 08:57:05,564 [RatisPipelineUtilsThread - 0] INFO  pipeline.RatisPipelineProvider (RatisPipelineProvider.java:lambda$create$0(206)) - Sending CreatePipelineCommand for pipeline:PipelineID=2a573bfb-df92-4764-886a-54d86ef807b4 to datanode:c2dbcf2b-518f-41ea-bd88-da292e0ddc39
2023-09-07 08:57:05,564 [RatisPipelineUtilsThread - 0] INFO  pipeline.PipelineManagerImpl (PipelineManagerImpl.java:recordMetricsForPipeline(914)) - Pipeline: PipelineID=2a573bfb-df92-4764-886a-54d86ef807b4 contains same datanodes as previous pipelines: PipelineID=f55a9bfb-af7d-4ebf-a6e4-80adec46c998 nodeIds: 469bc52f-827e-4f59-b4d6-1102a4459bcd, a34f2eca-ee32-4394-bb15-3b741437dcd0, c2dbcf2b-518f-41ea-bd88-da292e0ddc39
2023-09-07 08:57:05,565 [RatisPipelineUtilsThread - 0] INFO  pipeline.BackgroundPipelineCreator (BackgroundPipelineCreator.java:createPipelines(233)) - Created new pipeline Pipeline[ Id: 2a573bfb-df92-4764-886a-54d86ef807b4, Nodes: 469bc52f-827e-4f59-b4d6-1102a4459bcd(fv-az793-921.vth4h2cvs0culokhaokvhxz15b.jx.internal.cloudapp.net/10.1.0.48)a34f2eca-ee32-4394-bb15-3b741437dcd0(fv-az793-921.vth4h2cvs0culokhaokvhxz15b.jx.internal.cloudapp.net/10.1.0.48)c2dbcf2b-518f-41ea-bd88-da292e0ddc39(fv-az793-921.vth4h2cvs0culokhaokvhxz15b.jx.internal.cloudapp.net/10.1.0.48), ReplicationConfig: RATIS/THREE, State:ALLOCATED, leaderId:, CreationTimestamp2023-09-07T08:57:05.564Z[Etc/UTC]]
2023-09-07 08:57:05,908 [IPC Server handler 3 on default port 15161] INFO  net.NetworkTopologyImpl (NetworkTopologyImpl.java:add(112)) - Added a new node: /default-rack/c9797992-92b1-488c-b385-6ae238fab233
2023-09-07 08:57:05,908 [IPC Server handler 3 on default port 15161] INFO  node.SCMNodeManager (SCMNodeManager.java:register(405)) - Registered Data node : c9797992-92b1-488c-b385-6ae238fab233{ip: 10.1.0.48, host: fv-az793-921.vth4h2cvs0culokhaokvhxz15b.jx.internal.cloudapp.net, ports: [HTTP=15195, CLIENT_RPC=15196, REPLICATION=15202, RATIS=15198, RATIS_ADMIN=15199, RATIS_SERVER=15200, RATIS_DATASTREAM=15201, STANDALONE=15197], networkLocation: /default-rack, certSerialId: null, persistedOpState: null, persistedOpStateExpiryEpochSec: 0}
2023-09-07 08:57:05,909 [EventQueue-NewNodeForNewNodeHandler] INFO  pipeline.BackgroundPipelineCreator (BackgroundPipelineCreator.java:notifyEventTriggered(277)) - trigger a one-shot run on RatisPipelineUtilsThread.
2023-09-07 08:57:05,913 [RatisPipelineUtilsThread - 0] INFO  pipeline.RatisPipelineProvider (RatisPipelineProvider.java:lambda$create$0(206)) - Sending CreatePipelineCommand for pipeline:PipelineID=f6781e7c-44d6-4ec5-bde0-f69c95570503 to datanode:c9797992-92b1-488c-b385-6ae238fab233
2023-09-07 08:57:05,914 [RatisPipelineUtilsThread - 0] INFO  pipeline.BackgroundPipelineCreator (BackgroundPipelineCreator.java:createPipelines(233)) - Created new pipeline Pipeline[ Id: f6781e7c-44d6-4ec5-bde0-f69c95570503, Nodes: c9797992-92b1-488c-b385-6ae238fab233(fv-az793-921.vth4h2cvs0culokhaokvhxz15b.jx.internal.cloudapp.net/10.1.0.48), ReplicationConfig: RATIS/ONE, State:ALLOCATED, leaderId:, CreationTimestamp2023-09-07T08:57:05.913Z[Etc/UTC]]
2023-09-07 08:57:06,265 [main] INFO  ozone.MiniOzoneClusterImpl (MiniOzoneClusterImpl.java:lambda$waitForClusterToBeReady$0(224)) - Waiting for nodes to be ready. Got 4 of 5 DN Heartbeats.
2023-09-07 08:57:06,265 [main] INFO  ozone.MiniOzoneClusterImpl (MiniOzoneClusterImpl.java:lambda$waitForClusterToBeReady$0(227)) - Waiting for cluster to exit safe mode
2023-09-07 08:57:06,265 [main] INFO  ozone.MiniOzoneClusterImpl (MiniOzoneClusterImpl.java:lambda$waitForClusterToBeReady$0(229)) - SCM became leader
2023-09-07 08:57:06,270 [IPC Server handler 1 on default port 15161] INFO  net.NetworkTopologyImpl (NetworkTopologyImpl.java:add(112)) - Added a new node: /default-rack/bacf23c7-6e92-44d7-b9fe-c924128d47d1
2023-09-07 08:57:06,271 [IPC Server handler 1 on default port 15161] INFO  node.SCMNodeManager (SCMNodeManager.java:register(405)) - Registered Data node : bacf23c7-6e92-44d7-b9fe-c924128d47d1{ip: 10.1.0.48, host: fv-az793-921.vth4h2cvs0culokhaokvhxz15b.jx.internal.cloudapp.net, ports: [HTTP=15204, CLIENT_RPC=15205, REPLICATION=15211, RATIS=15207, RATIS_ADMIN=15208, RATIS_SERVER=15209, RATIS_DATASTREAM=15210, STANDALONE=15206], networkLocation: /default-rack, certSerialId: null, persistedOpState: null, persistedOpStateExpiryEpochSec: 0}
2023-09-07 08:57:06,271 [EventQueue-NewNodeForNewNodeHandler] INFO  pipeline.BackgroundPipelineCreator (BackgroundPipelineCreator.java:notifyEventTriggered(277)) - trigger a one-shot run on RatisPipelineUtilsThread.
2023-09-07 08:57:06,281 [RatisPipelineUtilsThread - 0] INFO  pipeline.RatisPipelineProvider (RatisPipelineProvider.java:lambda$create$0(206)) - Sending CreatePipelineCommand for pipeline:PipelineID=9feecf55-274f-47ad-adf3-6bae34699101 to datanode:bacf23c7-6e92-44d7-b9fe-c924128d47d1
2023-09-07 08:57:06,281 [RatisPipelineUtilsThread - 0] INFO  pipeline.BackgroundPipelineCreator (BackgroundPipelineCreator.java:createPipelines(233)) - Created new pipeline Pipeline[ Id: 9feecf55-274f-47ad-adf3-6bae34699101, Nodes: bacf23c7-6e92-44d7-b9fe-c924128d47d1(fv-az793-921.vth4h2cvs0culokhaokvhxz15b.jx.internal.cloudapp.net/10.1.0.48), ReplicationConfig: RATIS/ONE, State:ALLOCATED, leaderId:, CreationTimestamp2023-09-07T08:57:06.281Z[Etc/UTC]]
2023-09-07 08:57:07,265 [main] INFO  ozone.MiniOzoneClusterImpl (MiniOzoneClusterImpl.java:lambda$waitForClusterToBeReady$0(224)) - Nodes are ready. Got 5 of 5 DN Heartbeats.
2023-09-07 08:57:07,266 [main] INFO  ozone.MiniOzoneClusterImpl (MiniOzoneClusterImpl.java:lambda$waitForClusterToBeReady$0(227)) - Waiting for cluster to exit safe mode
2023-09-07 08:57:07,266 [main] INFO  ozone.MiniOzoneClusterImpl (MiniOzoneClusterImpl.java:lambda$waitForClusterToBeReady$0(229)) - SCM became leader
2023-09-07 08:57:07,823 [PipelineCommandHandlerThread-0] INFO  server.RaftServer (RaftServerProxy.java:addNew(98)) - c2dbcf2b-518f-41ea-bd88-da292e0ddc39: addNew group-7B668B371DA7:[c2dbcf2b-518f-41ea-bd88-da292e0ddc39|rpc:10.1.0.48:15173|admin:10.1.0.48:15172|client:10.1.0.48:15171|dataStream:10.1.0.48:15174|priority:1|startupRole:FOLLOWER] returns group-7B668B371DA7:java.util.concurrent.CompletableFuture@68e0902d[Not completed]
2023-09-07 08:57:07,824 [c2dbcf2b-518f-41ea-bd88-da292e0ddc39-groupManagement] INFO  server.RaftServer$Division (RaftServerImpl.java:<init>(198)) - c2dbcf2b-518f-41ea-bd88-da292e0ddc39: new RaftServerImpl for group-7B668B371DA7:[c2dbcf2b-518f-41ea-bd88-da292e0ddc39|rpc:10.1.0.48:15173|admin:10.1.0.48:15172|client:10.1.0.48:15171|dataStream:10.1.0.48:15174|priority:1|startupRole:FOLLOWER] with ContainerStateMachine:uninitialized
2023-09-07 08:57:07,824 [c2dbcf2b-518f-41ea-bd88-da292e0ddc39-groupManagement] INFO  server.RaftServerConfigKeys (ConfUtils.java:logGet(46)) - raft.server.rpc.timeout.min = 5s (custom)
2023-09-07 08:57:07,824 [c2dbcf2b-518f-41ea-bd88-da292e0ddc39-groupManagement] INFO  server.RaftServerConfigKeys (ConfUtils.java:logGet(46)) - raft.server.rpc.timeout.max = 5200ms (custom)
2023-09-07 08:57:07,824 [c2dbcf2b-518f-41ea-bd88-da292e0ddc39-groupManagement] INFO  server.RaftServerConfigKeys (ConfUtils.java:logGet(46)) - raft.server.rpc.sleep.time = 25ms (default)
2023-09-07 08:57:07,824 [c2dbcf2b-518f-41ea-bd88-da292e0ddc39-groupManagement] INFO  server.RaftServerConfigKeys (ConfUtils.java:logGet(46)) - raft.server.rpc.slowness.timeout = 300s (custom)
2023-09-07 08:57:07,824 [c2dbcf2b-518f-41ea-bd88-da292e0ddc39-groupManagement] INFO  server.RaftServerConfigKeys (ConfUtils.java:logGet(46)) - raft.server.leaderelection.leader.step-down.wait-time = 10s (default)
2023-09-07 08:57:07,824 [c2dbcf2b-518f-41ea-bd88-da292e0ddc39-groupManagement] INFO  server.RaftServerConfigKeys (ConfUtils.java:logGet(46)) - raft.server.sleep.deviation.threshold = 300ms (default)
2023-09-07 08:57:07,824 [c2dbcf2b-518f-41ea-bd88-da292e0ddc39-groupManagement] INFO  server.RaftServer$Division (ServerState.java:<init>(120)) - c2dbcf2b-518f-41ea-bd88-da292e0ddc39@group-7B668B371DA7: ConfigurationManager, init=-1: peers:[c2dbcf2b-518f-41ea-bd88-da292e0ddc39|rpc:10.1.0.48:15173|admin:10.1.0.48:15172|client:10.1.0.48:15171|dataStream:10.1.0.48:15174|priority:1|startupRole:FOLLOWER]|listeners:[], old=null, confs=<EMPTY_MAP>
2023-09-07 08:57:07,824 [c2dbcf2b-518f-41ea-bd88-da292e0ddc39-groupManagement] INFO  server.RaftServerConfigKeys (ConfUtils.java:logGet(46)) - raft.server.storage.dir = [/home/runner/work/ozone/ozone/hadoop-ozone/integration-test/target/test-dir/MiniOzoneClusterImpl-4f49b7df-1fbb-48bb-ad24-05a827c4b894/datanode-0/data/ratis] (custom)
2023-09-07 08:57:07,824 [c2dbcf2b-518f-41ea-bd88-da292e0ddc39-groupManagement] INFO  server.RaftServerConfigKeys (ConfUtils.java:logGet(46)) - raft.server.log.corruption.policy = EXCEPTION (default)
2023-09-07 08:57:07,824 [c2dbcf2b-518f-41ea-bd88-da292e0ddc39-groupManagement] INFO  server.RaftServerConfigKeys (ConfUtils.java:logGet(46)) - raft.server.storage.free-space.min = 0MB (=0) (default)
2023-09-07 08:57:07,825 [c2dbcf2b-518f-41ea-bd88-da292e0ddc39-groupManagement] INFO  server.RaftServerConfigKeys (ConfUtils.java:logGet(46)) - raft.server.notification.no-leader.timeout = 300s (custom)
2023-09-07 08:57:07,825 [c2dbcf2b-518f-41ea-bd88-da292e0ddc39-groupManagement] INFO  server.RaftServerConfigKeys (ConfUtils.java:logGet(46)) - raft.server.read.timeout = 10s (default)
2023-09-07 08:57:07,825 [c2dbcf2b-518f-41ea-bd88-da292e0ddc39-groupManagement] INFO  server.RaftServerConfigKeys (ConfUtils.java:logGet(46)) - raft.server.retrycache.expirytime = 600000ms (custom)
2023-09-07 08:57:07,825 [c2dbcf2b-518f-41ea-bd88-da292e0ddc39-groupManagement] INFO  server.RaftServerConfigKeys (ConfUtils.java:logGet(46)) - raft.server.retrycache.statistics.expirytime = 100μs (default)
2023-09-07 08:57:07,825 [c2dbcf2b-518f-41ea-bd88-da292e0ddc39-groupManagement] INFO  server.RaftServerConfigKeys (ConfUtils.java:logGet(46)) - raft.server.read.option = DEFAULT (default)
2023-09-07 08:57:07,825 [c2dbcf2b-518f-41ea-bd88-da292e0ddc39-groupManagement] INFO  server.RaftServerConfigKeys (ConfUtils.java:logGet(46)) - raft.server.rpc.request.timeout = 60s (custom)
2023-09-07 08:57:07,826 [c2dbcf2b-518f-41ea-bd88-da292e0ddc39-groupManagement] INFO  server.RaftServerConfigKeys (ConfUtils.java:logGet(46)) - raft.server.log.appender.install.snapshot.enabled = false (custom)
2023-09-07 08:57:07,826 [c2dbcf2b-518f-41ea-bd88-da292e0ddc39-groupManagement] INFO  server.RaftServerConfigKeys (ConfUtils.java:logGet(46)) - raft.server.threadpool.server.cached = true (default)
2023-09-07 08:57:07,826 [c2dbcf2b-518f-41ea-bd88-da292e0ddc39-groupManagement] INFO  server.RaftServerConfigKeys (ConfUtils.java:logGet(46)) - raft.server.threadpool.server.size = 0 (default)
2023-09-07 08:57:07,826 [c2dbcf2b-518f-41ea-bd88-da292e0ddc39-groupManagement] INFO  server.RaftServerConfigKeys (ConfUtils.java:logGet(46)) - raft.server.threadpool.client.cached = true (default)
2023-09-07 08:57:07,826 [c2dbcf2b-518f-41ea-bd88-da292e0ddc39-groupManagement] INFO  server.RaftServerConfigKeys (ConfUtils.java:logGet(46)) - raft.server.threadpool.client.size = 0 (default)
2023-09-07 08:57:07,826 [c2dbcf2b-518f-41ea-bd88-da292e0ddc39-groupManagement] INFO  storage.RaftStorageDirectory (RaftStorageDirectoryImpl.java:analyzeStorage(137)) - The storage directory /home/runner/work/ozone/ozone/hadoop-ozone/integration-test/target/test-dir/MiniOzoneClusterImpl-4f49b7df-1fbb-48bb-ad24-05a827c4b894/datanode-0/data/ratis/c7887d04-a2e4-4f07-a3f4-7b668b371da7 does not exist. Creating ...
2023-09-07 08:57:07,827 [c2dbcf2b-518f-41ea-bd88-da292e0ddc39-groupManagement] INFO  storage.RaftStorageDirectory (RaftStorageDirectoryImpl.java:tryLock(231)) - Lock on /home/runner/work/ozone/ozone/hadoop-ozone/integration-test/target/test-dir/MiniOzoneClusterImpl-4f49b7df-1fbb-48bb-ad24-05a827c4b894/datanode-0/data/ratis/c7887d04-a2e4-4f07-a3f4-7b668b371da7/in_use.lock acquired by nodename 7589@fv-az793-921
2023-09-07 08:57:07,829 [c2dbcf2b-518f-41ea-bd88-da292e0ddc39-groupManagement] INFO  storage.RaftStorage (RaftStorageImpl.java:format(96)) - Storage directory /home/runner/work/ozone/ozone/hadoop-ozone/integration-test/target/test-dir/MiniOzoneClusterImpl-4f49b7df-1fbb-48bb-ad24-05a827c4b894/datanode-0/data/ratis/c7887d04-a2e4-4f07-a3f4-7b668b371da7 has been successfully formatted.
2023-09-07 08:57:07,831 [c2dbcf2b-518f-41ea-bd88-da292e0ddc39-groupManagement] INFO  ratis.ContainerStateMachine (ContainerStateMachine.java:loadSnapshot(262)) - group-7B668B371DA7: The snapshot info is null. Setting the last applied indexto:(t:0, i:~)
2023-09-07 08:57:07,831 [c2dbcf2b-518f-41ea-bd88-da292e0ddc39-groupManagement] INFO  server.RaftServerConfigKeys (ConfUtils.java:logGet(46)) - raft.server.log.use.memory = false (default)
2023-09-07 08:57:07,831 [c2dbcf2b-518f-41ea-bd88-da292e0ddc39-groupManagement] INFO  server.RaftServerConfigKeys (ConfUtils.java:logGet(46)) - raft.server.log.purge.gap = 1000000 (custom)
2023-09-07 08:57:07,831 [c2dbcf2b-518f-41ea-bd88-da292e0ddc39-groupManagement] INFO  server.RaftServerConfigKeys (ConfUtils.java:logGet(46)) - raft.server.log.appender.buffer.byte-limit = 33554432 (custom)
2023-09-07 08:57:07,831 [c2dbcf2b-518f-41ea-bd88-da292e0ddc39-groupManagement] INFO  server.RaftServerConfigKeys (ConfUtils.java:logGet(46)) - raft.server.log.statemachine.data.read.timeout = 1000ms (default)
2023-09-07 08:57:07,831 [c2dbcf2b-518f-41ea-bd88-da292e0ddc39-groupManagement] INFO  server.RaftServerConfigKeys (ConfUtils.java:logGet(46)) - raft.server.log.purge.preservation.log.num = 0 (default)
2023-09-07 08:57:07,832 [c2dbcf2b-518f-41ea-bd88-da292e0ddc39-groupManagement] INFO  server.RaftServerConfigKeys (ConfUtils.java:logGet(46)) - raft.server.log.segment.size.max = 1048576 (custom)
2023-09-07 08:57:07,832 [c2dbcf2b-518f-41ea-bd88-da292e0ddc39-groupManagement] INFO  server.RaftServerConfigKeys (ConfUtils.java:logGet(46)) - raft.server.log.segment.cache.num.max = 2 (custom)
2023-09-07 08:57:07,832 [c2dbcf2b-518f-41ea-bd88-da292e0ddc39-groupManagement] INFO  server.RaftServerConfigKeys (ConfUtils.java:logGet(46)) - raft.server.log.segment.cache.size.max = 200MB (=209715200) (default)
2023-09-07 08:57:07,832 [c2dbcf2b-518f-41ea-bd88-da292e0ddc39-groupManagement] INFO  server.RaftServerConfigKeys (ConfUtils.java:logGet(46)) - raft.server.log.appender.buffer.byte-limit = 33554432 (custom)
2023-09-07 08:57:07,832 [EventQueue-PipelineReportForPipelineReportHandler] INFO  pipeline.PipelineReportHandler (PipelineReportHandler.java:processPipelineReport(136)) - Opened pipeline PipelineID=c7887d04-a2e4-4f07-a3f4-7b668b371da7
2023-09-07 08:57:07,832 [c2dbcf2b-518f-41ea-bd88-da292e0ddc39-groupManagement] INFO  segmented.SegmentedRaftLogWorker (SegmentedRaftLogWorker.java:<init>(188)) - new c2dbcf2b-518f-41ea-bd88-da292e0ddc39@group-7B668B371DA7-SegmentedRaftLogWorker for RaftStorageImpl:Storage Directory /home/runner/work/ozone/ozone/hadoop-ozone/integration-test/target/test-dir/MiniOzoneClusterImpl-4f49b7df-1fbb-48bb-ad24-05a827c4b894/datanode-0/data/ratis/c7887d04-a2e4-4f07-a3f4-7b668b371da7
2023-09-07 08:57:07,832 [c2dbcf2b-518f-41ea-bd88-da292e0ddc39-groupManagement] INFO  server.RaftServerConfigKeys (ConfUtils.java:logGet(46)) - raft.server.log.queue.byte-limit = 4294967296 (custom)
2023-09-07 08:57:07,832 [c2dbcf2b-518f-41ea-bd88-da292e0ddc39-groupManagement] INFO  server.RaftServerConfigKeys (ConfUtils.java:logGet(46)) - raft.server.log.queue.element-limit = 1024 (custom)
2023-09-07 08:57:07,833 [c2dbcf2b-518f-41ea-bd88-da292e0ddc39-groupManagement] INFO  server.RaftServerConfigKeys (ConfUtils.java:logGet(46)) - raft.server.log.segment.size.max = 1048576 (custom)
2023-09-07 08:57:07,833 [c2dbcf2b-518f-41ea-bd88-da292e0ddc39-groupManagement] INFO  server.RaftServerConfigKeys (ConfUtils.java:logGet(46)) - raft.server.log.preallocated.size = 16384 (custom)
2023-09-07 08:57:07,833 [c2dbcf2b-518f-41ea-bd88-da292e0ddc39-groupManagement] INFO  server.RaftServerConfigKeys (ConfUtils.java:logGet(46)) - raft.server.log.force.sync.num = 128 (default)
2023-09-07 08:57:07,841 [c2dbcf2b-518f-41ea-bd88-da292e0ddc39-groupManagement] INFO  server.RaftServerConfigKeys (ConfUtils.java:logGet(46)) - raft.server.log.statemachine.data.sync = true (default)
2023-09-07 08:57:07,841 [c2dbcf2b-518f-41ea-bd88-da292e0ddc39-groupManagement] INFO  server.RaftServerConfigKeys (ConfUtils.java:logGet(46)) - raft.server.log.statemachine.data.sync.timeout = 10s (default)
2023-09-07 08:57:07,834 [EventQueue-OpenPipelineForHealthyPipelineSafeModeRule] INFO  safemode.SCMSafeModeManager (HealthyPipelineSafeModeRule.java:process(137)) - SCM in safe mode. Healthy pipelines reported count is 0, required healthy pipeline reported count is 1
2023-09-07 08:57:07,842 [c2dbcf2b-518f-41ea-bd88-da292e0ddc39-groupManagement] INFO  server.RaftServerConfigKeys (ConfUtils.java:logGet(46)) - raft.server.log.statemachine.data.sync.timeout.retry = -1 (default)
2023-09-07 08:57:07,842 [c2dbcf2b-518f-41ea-bd88-da292e0ddc39-groupManagement] INFO  server.RaftServerConfigKeys (ConfUtils.java:logGet(46)) - raft.server.log.write.buffer.size = 1048576 (custom)
2023-09-07 08:57:07,842 [c2dbcf2b-518f-41ea-bd88-da292e0ddc39-groupManagement] INFO  server.RaftServerConfigKeys (ConfUtils.java:logGet(46)) - raft.server.log.appender.buffer.byte-limit = 33554432 (custom)
2023-09-07 08:57:07,849 [c2dbcf2b-518f-41ea-bd88-da292e0ddc39-groupManagement] INFO  server.RaftServerConfigKeys (ConfUtils.java:logGet(46)) - raft.server.log.unsafe-flush.enabled = false (default)
2023-09-07 08:57:07,849 [c2dbcf2b-518f-41ea-bd88-da292e0ddc39-groupManagement] INFO  server.RaftServerConfigKeys (ConfUtils.java:logGet(46)) - raft.server.log.async-flush.enabled = false (default)
2023-09-07 08:57:07,849 [c2dbcf2b-518f-41ea-bd88-da292e0ddc39-groupManagement] INFO  server.RaftServerConfigKeys (ConfUtils.java:logGet(46)) - raft.server.log.statemachine.data.caching.enabled = true (custom)
2023-09-07 08:57:07,850 [c2dbcf2b-518f-41ea-bd88-da292e0ddc39-groupManagement] INFO  segmented.SegmentedRaftLogWorker (SegmentedRaftLogWorker.java:lambda$new$0(135)) - c2dbcf2b-518f-41ea-bd88-da292e0ddc39@group-7B668B371DA7-SegmentedRaftLogWorker: flushIndex: setUnconditionally 0 -> -1
2023-09-07 08:57:07,850 [c2dbcf2b-518f-41ea-bd88-da292e0ddc39-groupManagement] INFO  segmented.SegmentedRaftLogWorker (SegmentedRaftLogWorker.java:lambda$new$0(135)) - c2dbcf2b-518f-41ea-bd88-da292e0ddc39@group-7B668B371DA7-SegmentedRaftLogWorker: safeCacheEvictIndex: setUnconditionally 0 -> -1
2023-09-07 08:57:07,857 [c2dbcf2b-518f-41ea-bd88-da292e0ddc39-groupManagement] INFO  server.RaftServer$Division (RaftServerImpl.java:start(342)) - c2dbcf2b-518f-41ea-bd88-da292e0ddc39@group-7B668B371DA7: start as a follower, conf=-1: peers:[c2dbcf2b-518f-41ea-bd88-da292e0ddc39|rpc:10.1.0.48:15173|admin:10.1.0.48:15172|client:10.1.0.48:15171|dataStream:10.1.0.48:15174|priority:1|startupRole:FOLLOWER]|listeners:[], old=null
2023-09-07 08:57:07,857 [c2dbcf2b-518f-41ea-bd88-da292e0ddc39-groupManagement] INFO  server.RaftServer$Division (RaftServerImpl.java:setRole(329)) - c2dbcf2b-518f-41ea-bd88-da292e0ddc39@group-7B668B371DA7: changes role from      null to FOLLOWER at term 0 for startAsFollower
2023-09-07 08:57:07,857 [c2dbcf2b-518f-41ea-bd88-da292e0ddc39-groupManagement] INFO  impl.RoleInfo (RoleInfo.java:updateAndGet(139)) - c2dbcf2b-518f-41ea-bd88-da292e0ddc39: start c2dbcf2b-518f-41ea-bd88-da292e0ddc39@group-7B668B371DA7-FollowerState
2023-09-07 08:57:07,866 [c2dbcf2b-518f-41ea-bd88-da292e0ddc39-groupManagement] INFO  util.JmxRegister (JmxRegister.java:tryRegister(44)) - Successfully registered JMX Bean with object name Ratis:service=RaftServer,group=group-7B668B371DA7,id=c2dbcf2b-518f-41ea-bd88-da292e0ddc39
2023-09-07 08:57:07,866 [c2dbcf2b-518f-41ea-bd88-da292e0ddc39-groupManagement] INFO  server.RaftServerConfigKeys (ConfUtils.java:logGet(46)) - raft.server.snapshot.auto.trigger.enabled = true (custom)
2023-09-07 08:57:07,866 [c2dbcf2b-518f-41ea-bd88-da292e0ddc39-groupManagement] INFO  server.RaftServerConfigKeys (ConfUtils.java:logGet(46)) - raft.server.snapshot.auto.trigger.threshold = 10000 (custom)
2023-09-07 08:57:07,866 [c2dbcf2b-518f-41ea-bd88-da292e0ddc39-groupManagement] INFO  server.RaftServerConfigKeys (ConfUtils.java:logGet(46)) - raft.server.snapshot.retention.file.num = 5 (custom)
2023-09-07 08:57:07,866 [c2dbcf2b-518f-41ea-bd88-da292e0ddc39-groupManagement] INFO  server.RaftServerConfigKeys (ConfUtils.java:logGet(46)) - raft.server.log.purge.upto.snapshot.index = false (default)
2023-09-07 08:57:07,867 [c2dbcf2b-518f-41ea-bd88-da292e0ddc39@group-7B668B371DA7-FollowerState] INFO  server.RaftServerConfigKeys (ConfUtils.java:logFallback(53)) - raft.server.rpc.first-election.timeout.min = 5s (fallback to raft.server.rpc.timeout.min)
2023-09-07 08:57:07,867 [c2dbcf2b-518f-41ea-bd88-da292e0ddc39@group-7B668B371DA7-FollowerState] INFO  server.RaftServerConfigKeys (ConfUtils.java:logFallback(53)) - raft.server.rpc.first-election.timeout.max = 5200ms (fallback to raft.server.rpc.timeout.max)
2023-09-07 08:57:07,869 [PipelineCommandHandlerThread-0] INFO  ratis.XceiverServerRatis (XceiverServerRatis.java:addGroup(804)) - Created group PipelineID=c7887d04-a2e4-4f07-a3f4-7b668b371da7
2023-09-07 08:57:07,869 [PipelineCommandHandlerThread-0] INFO  commandhandler.CreatePipelineCommandHandler (CreatePipelineCommandHandler.java:lambda$handle$2(124)) - Created Pipeline RATIS ONE PipelineID=c7887d04-a2e4-4f07-a3f4-7b668b371da7.
2023-09-07 08:57:07,870 [PipelineCommandHandlerThread-0] INFO  server.RaftServer (RaftServerProxy.java:addNew(98)) - c2dbcf2b-518f-41ea-bd88-da292e0ddc39: addNew group-80ADEC46C998:[a34f2eca-ee32-4394-bb15-3b741437dcd0|rpc:10.1.0.48:15182|admin:10.1.0.48:15181|client:10.1.0.48:15180|dataStream:10.1.0.48:15183|priority:0|startupRole:FOLLOWER, c2dbcf2b-518f-41ea-bd88-da292e0ddc39|rpc:10.1.0.48:15173|admin:10.1.0.48:15172|client:10.1.0.48:15171|dataStream:10.1.0.48:15174|priority:1|startupRole:FOLLOWER, 469bc52f-827e-4f59-b4d6-1102a4459bcd|rpc:10.1.0.48:15191|admin:10.1.0.48:15190|client:10.1.0.48:15189|dataStream:10.1.0.48:15192|priority:0|startupRole:FOLLOWER] returns group-80ADEC46C998:java.util.concurrent.CompletableFuture@6cdf09e9[Not completed]
2023-09-07 08:57:07,871 [c2dbcf2b-518f-41ea-bd88-da292e0ddc39-groupManagement] INFO  server.RaftServer$Division (RaftServerImpl.java:<init>(198)) - c2dbcf2b-518f-41ea-bd88-da292e0ddc39: new RaftServerImpl for group-80ADEC46C998:[a34f2eca-ee32-4394-bb15-3b741437dcd0|rpc:10.1.0.48:15182|admin:10.1.0.48:15181|client:10.1.0.48:15180|dataStream:10.1.0.48:15183|priority:0|startupRole:FOLLOWER, c2dbcf2b-518f-41ea-bd88-da292e0ddc39|rpc:10.1.0.48:15173|admin:10.1.0.48:15172|client:10.1.0.48:15171|dataStream:10.1.0.48:15174|priority:1|startupRole:FOLLOWER, 469bc52f-827e-4f59-b4d6-1102a4459bcd|rpc:10.1.0.48:15191|admin:10.1.0.48:15190|client:10.1.0.48:15189|dataStream:10.1.0.48:15192|priority:0|startupRole:FOLLOWER] with ContainerStateMachine:uninitialized
2023-09-07 08:57:07,871 [c2dbcf2b-518f-41ea-bd88-da292e0ddc39-groupManagement] INFO  server.RaftServerConfigKeys (ConfUtils.java:logGet(46)) - raft.server.rpc.timeout.min = 5s (custom)
2023-09-07 08:57:07,871 [c2dbcf2b-518f-41ea-bd88-da292e0ddc39-groupManagement] INFO  server.RaftServerConfigKeys (ConfUtils.java:logGet(46)) - raft.server.rpc.timeout.max = 5200ms (custom)
2023-09-07 08:57:07,871 [c2dbcf2b-518f-41ea-bd88-da292e0ddc39-groupManagement] INFO  server.RaftServerConfigKeys (ConfUtils.java:logGet(46)) - raft.server.rpc.sleep.time = 25ms (default)
2023-09-07 08:57:07,871 [c2dbcf2b-518f-41ea-bd88-da292e0ddc39-groupManagement] INFO  server.RaftServerConfigKeys (ConfUtils.java:logGet(46)) - raft.server.rpc.slowness.timeout = 300s (custom)
2023-09-07 08:57:07,871 [c2dbcf2b-518f-41ea-bd88-da292e0ddc39-groupManagement] INFO  server.RaftServerConfigKeys (ConfUtils.java:logGet(46)) - raft.server.leaderelection.leader.step-down.wait-time = 10s (default)
2023-09-07 08:57:07,871 [c2dbcf2b-518f-41ea-bd88-da292e0ddc39-groupManagement] INFO  server.RaftServerConfigKeys (ConfUtils.java:logGet(46)) - raft.server.sleep.deviation.threshold = 300ms (default)
2023-09-07 08:57:07,871 [c2dbcf2b-518f-41ea-bd88-da292e0ddc39-groupManagement] INFO  server.RaftServer$Division (ServerState.java:<init>(120)) - c2dbcf2b-518f-41ea-bd88-da292e0ddc39@group-80ADEC46C998: ConfigurationManager, init=-1: peers:[a34f2eca-ee32-4394-bb15-3b741437dcd0|rpc:10.1.0.48:15182|admin:10.1.0.48:15181|client:10.1.0.48:15180|dataStream:10.1.0.48:15183|priority:0|startupRole:FOLLOWER, c2dbcf2b-518f-41ea-bd88-da292e0ddc39|rpc:10.1.0.48:15173|admin:10.1.0.48:15172|client:10.1.0.48:15171|dataStream:10.1.0.48:15174|priority:1|startupRole:FOLLOWER, 469bc52f-827e-4f59-b4d6-1102a4459bcd|rpc:10.1.0.48:15191|admin:10.1.0.48:15190|client:10.1.0.48:15189|dataStream:10.1.0.48:15192|priority:0|startupRole:FOLLOWER]|listeners:[], old=null, confs=<EMPTY_MAP>
2023-09-07 08:57:07,871 [c2dbcf2b-518f-41ea-bd88-da292e0ddc39-groupManagement] INFO  server.RaftServerConfigKeys (ConfUtils.java:logGet(46)) - raft.server.storage.dir = [/home/runner/work/ozone/ozone/hadoop-ozone/integration-test/target/test-dir/MiniOzoneClusterImpl-4f49b7df-1fbb-48bb-ad24-05a827c4b894/datanode-0/data/ratis] (custom)
2023-09-07 08:57:07,872 [c2dbcf2b-518f-41ea-bd88-da292e0ddc39-groupManagement] INFO  server.RaftServerConfigKeys (ConfUtils.java:logGet(46)) - raft.server.log.corruption.policy = EXCEPTION (default)
2023-09-07 08:57:07,872 [c2dbcf2b-518f-41ea-bd88-da292e0ddc39-groupManagement] INFO  server.RaftServerConfigKeys (ConfUtils.java:logGet(46)) - raft.server.storage.free-space.min = 0MB (=0) (default)
2023-09-07 08:57:07,872 [c2dbcf2b-518f-41ea-bd88-da292e0ddc39-groupManagement] INFO  server.RaftServerConfigKeys (ConfUtils.java:logGet(46)) - raft.server.notification.no-leader.timeout = 300s (custom)
2023-09-07 08:57:07,872 [c2dbcf2b-518f-41ea-bd88-da292e0ddc39-groupManagement] INFO  server.RaftServerConfigKeys (ConfUtils.java:logGet(46)) - raft.server.read.timeout = 10s (default)
2023-09-07 08:57:07,873 [c2dbcf2b-518f-41ea-bd88-da292e0ddc39-groupManagement] INFO  server.RaftServerConfigKeys (ConfUtils.java:logGet(46)) - raft.server.retrycache.expirytime = 600000ms (custom)
2023-09-07 08:57:07,873 [c2dbcf2b-518f-41ea-bd88-da292e0ddc39-groupManagement] INFO  server.RaftServerConfigKeys (ConfUtils.java:logGet(46)) - raft.server.retrycache.statistics.expirytime = 100μs (default)
2023-09-07 08:57:07,873 [c2dbcf2b-518f-41ea-bd88-da292e0ddc39-groupManagement] INFO  server.RaftServerConfigKeys (ConfUtils.java:logGet(46)) - raft.server.read.option = DEFAULT (default)
2023-09-07 08:57:07,874 [c2dbcf2b-518f-41ea-bd88-da292e0ddc39-groupManagement] INFO  server.RaftServerConfigKeys (ConfUtils.java:logGet(46)) - raft.server.rpc.request.timeout = 60s (custom)
2023-09-07 08:57:07,874 [c2dbcf2b-518f-41ea-bd88-da292e0ddc39-groupManagement] INFO  server.RaftServerConfigKeys (ConfUtils.java:logGet(46)) - raft.server.log.appender.install.snapshot.enabled = false (custom)
2023-09-07 08:57:07,874 [c2dbcf2b-518f-41ea-bd88-da292e0ddc39-groupManagement] INFO  server.RaftServerConfigKeys (ConfUtils.java:logGet(46)) - raft.server.threadpool.server.cached = true (default)
2023-09-07 08:57:07,874 [c2dbcf2b-518f-41ea-bd88-da292e0ddc39-groupManagement] INFO  server.RaftServerConfigKeys (ConfUtils.java:logGet(46)) - raft.server.threadpool.server.size = 0 (default)
2023-09-07 08:57:07,874 [c2dbcf2b-518f-41ea-bd88-da292e0ddc39-groupManagement] INFO  server.RaftServerConfigKeys (ConfUtils.java:logGet(46)) - raft.server.threadpool.client.cached = true (default)
2023-09-07 08:57:07,874 [c2dbcf2b-518f-41ea-bd88-da292e0ddc39-groupManagement] INFO  server.RaftServerConfigKeys (ConfUtils.java:logGet(46)) - raft.server.threadpool.client.size = 0 (default)
2023-09-07 08:57:07,875 [c2dbcf2b-518f-41ea-bd88-da292e0ddc39-groupManagement] INFO  storage.RaftStorageDirectory (RaftStorageDirectoryImpl.java:analyzeStorage(137)) - The storage directory /home/runner/work/ozone/ozone/hadoop-ozone/integration-test/target/test-dir/MiniOzoneClusterImpl-4f49b7df-1fbb-48bb-ad24-05a827c4b894/datanode-0/data/ratis/f55a9bfb-af7d-4ebf-a6e4-80adec46c998 does not exist. Creating ...
2023-09-07 08:57:07,888 [c2dbcf2b-518f-41ea-bd88-da292e0ddc39-groupManagement] INFO  storage.RaftStorageDirectory (RaftStorageDirectoryImpl.java:tryLock(231)) - Lock on /home/runner/work/ozone/ozone/hadoop-ozone/integration-test/target/test-dir/MiniOzoneClusterImpl-4f49b7df-1fbb-48bb-ad24-05a827c4b894/datanode-0/data/ratis/f55a9bfb-af7d-4ebf-a6e4-80adec46c998/in_use.lock acquired by nodename 7589@fv-az793-921
2023-09-07 08:57:07,890 [c2dbcf2b-518f-41ea-bd88-da292e0ddc39-groupManagement] INFO  storage.RaftStorage (RaftStorageImpl.java:format(96)) - Storage directory /home/runner/work/ozone/ozone/hadoop-ozone/integration-test/target/test-dir/MiniOzoneClusterImpl-4f49b7df-1fbb-48bb-ad24-05a827c4b894/datanode-0/data/ratis/f55a9bfb-af7d-4ebf-a6e4-80adec46c998 has been successfully formatted.
2023-09-07 08:57:07,892 [EventQueue-OpenPipelineForHealthyPipelineSafeModeRule] INFO  safemode.SCMSafeModeManager (HealthyPipelineSafeModeRule.java:process(137)) - SCM in safe mode. Healthy pipelines reported count is 0, required healthy pipeline reported count is 1
2023-09-07 08:57:07,892 [c2dbcf2b-518f-41ea-bd88-da292e0ddc39-groupManagement] INFO  ratis.ContainerStateMachine (ContainerStateMachine.java:loadSnapshot(262)) - group-80ADEC46C998: The snapshot info is null. Setting the last applied indexto:(t:0, i:~)
2023-09-07 08:57:07,892 [c2dbcf2b-518f-41ea-bd88-da292e0ddc39-groupManagement] INFO  server.RaftServerConfigKeys (ConfUtils.java:logGet(46)) - raft.server.log.use.memory = false (default)
2023-09-07 08:57:07,893 [c2dbcf2b-518f-41ea-bd88-da292e0ddc39-groupManagement] INFO  server.RaftServerConfigKeys (ConfUtils.java:logGet(46)) - raft.server.log.purge.gap = 1000000 (custom)
2023-09-07 08:57:07,893 [c2dbcf2b-518f-41ea-bd88-da292e0ddc39-groupManagement] INFO  server.RaftServerConfigKeys (ConfUtils.java:logGet(46)) - raft.server.log.appender.buffer.byte-limit = 33554432 (custom)
2023-09-07 08:57:07,893 [c2dbcf2b-518f-41ea-bd88-da292e0ddc39-groupManagement] INFO  server.RaftServerConfigKeys (ConfUtils.java:logGet(46)) - raft.server.log.statemachine.data.read.timeout = 1000ms (default)
2023-09-07 08:57:07,893 [c2dbcf2b-518f-41ea-bd88-da292e0ddc39-groupManagement] INFO  server.RaftServerConfigKeys (ConfUtils.java:logGet(46)) - raft.server.log.purge.preservation.log.num = 0 (default)
2023-09-07 08:57:07,893 [c2dbcf2b-518f-41ea-bd88-da292e0ddc39-groupManagement] INFO  server.RaftServerConfigKeys (ConfUtils.java:logGet(46)) - raft.server.log.segment.size.max = 1048576 (custom)
2023-09-07 08:57:07,893 [c2dbcf2b-518f-41ea-bd88-da292e0ddc39-groupManagement] INFO  server.RaftServerConfigKeys (ConfUtils.java:logGet(46)) - raft.server.log.segment.cache.num.max = 2 (custom)
2023-09-07 08:57:07,893 [c2dbcf2b-518f-41ea-bd88-da292e0ddc39-groupManagement] INFO  server.RaftServerConfigKeys (ConfUtils.java:logGet(46)) - raft.server.log.segment.cache.size.max = 200MB (=209715200) (default)
2023-09-07 08:57:07,893 [c2dbcf2b-518f-41ea-bd88-da292e0ddc39-groupManagement] INFO  server.RaftServerConfigKeys (ConfUtils.java:logGet(46)) - raft.server.log.appender.buffer.byte-limit = 33554432 (custom)
2023-09-07 08:57:07,893 [c2dbcf2b-518f-41ea-bd88-da292e0ddc39-groupManagement] INFO  segmented.SegmentedRaftLogWorker (SegmentedRaftLogWorker.java:<init>(188)) - new c2dbcf2b-518f-41ea-bd88-da292e0ddc39@group-80ADEC46C998-SegmentedRaftLogWorker for RaftStorageImpl:Storage Directory /home/runner/work/ozone/ozone/hadoop-ozone/integration-test/target/test-dir/MiniOzoneClusterImpl-4f49b7df-1fbb-48bb-ad24-05a827c4b894/datanode-0/data/ratis/f55a9bfb-af7d-4ebf-a6e4-80adec46c998
2023-09-07 08:57:07,894 [c2dbcf2b-518f-41ea-bd88-da292e0ddc39-groupManagement] INFO  server.RaftServerConfigKeys (ConfUtils.java:logGet(46)) - raft.server.log.queue.byte-limit = 4294967296 (custom)
2023-09-07 08:57:07,894 [c2dbcf2b-518f-41ea-bd88-da292e0ddc39-groupManagement] INFO  server.RaftServerConfigKeys (ConfUtils.java:logGet(46)) - raft.server.log.queue.element-limit = 1024 (custom)
2023-09-07 08:57:07,894 [c2dbcf2b-518f-41ea-bd88-da292e0ddc39-groupManagement] INFO  server.RaftServerConfigKeys (ConfUtils.java:logGet(46)) - raft.server.log.segment.size.max = 1048576 (custom)
2023-09-07 08:57:07,894 [c2dbcf2b-518f-41ea-bd88-da292e0ddc39-groupManagement] INFO  server.RaftServerConfigKeys (ConfUtils.java:logGet(46)) - raft.server.log.preallocated.size = 16384 (custom)
2023-09-07 08:57:07,894 [c2dbcf2b-518f-41ea-bd88-da292e0ddc39-groupManagement] INFO  server.RaftServerConfigKeys (ConfUtils.java:logGet(46)) - raft.server.log.force.sync.num = 128 (default)
2023-09-07 08:57:07,894 [c2dbcf2b-518f-41ea-bd88-da292e0ddc39-groupManagement] INFO  server.RaftServerConfigKeys (ConfUtils.java:logGet(46)) - raft.server.log.statemachine.data.sync = true (default)
2023-09-07 08:57:07,894 [c2dbcf2b-518f-41ea-bd88-da292e0ddc39-groupManagement] INFO  server.RaftServerConfigKeys (ConfUtils.java:logGet(46)) - raft.server.log.statemachine.data.sync.timeout = 10s (default)
2023-09-07 08:57:07,894 [c2dbcf2b-518f-41ea-bd88-da292e0ddc39-groupManagement] INFO  server.RaftServerConfigKeys (ConfUtils.java:logGet(46)) - raft.server.log.statemachine.data.sync.timeout.retry = -1 (default)
2023-09-07 08:57:07,895 [c2dbcf2b-518f-41ea-bd88-da292e0ddc39-groupManagement] INFO  server.RaftServerConfigKeys (ConfUtils.java:logGet(46)) - raft.server.log.write.buffer.size = 1048576 (custom)
2023-09-07 08:57:07,895 [c2dbcf2b-518f-41ea-bd88-da292e0ddc39-groupManagement] INFO  server.RaftServerConfigKeys (ConfUtils.java:logGet(46)) - raft.server.log.appender.buffer.byte-limit = 33554432 (custom)
2023-09-07 08:57:07,905 [c2dbcf2b-518f-41ea-bd88-da292e0ddc39-groupManagement] INFO  server.RaftServerConfigKeys (ConfUtils.java:logGet(46)) - raft.server.log.unsafe-flush.enabled = false (default)
2023-09-07 08:57:07,905 [c2dbcf2b-518f-41ea-bd88-da292e0ddc39-groupManagement] INFO  server.RaftServerConfigKeys (ConfUtils.java:logGet(46)) - raft.server.log.async-flush.enabled = false (default)
2023-09-07 08:57:07,905 [c2dbcf2b-518f-41ea-bd88-da292e0ddc39-groupManagement] INFO  server.RaftServerConfigKeys (ConfUtils.java:logGet(46)) - raft.server.log.statemachine.data.caching.enabled = true (custom)
2023-09-07 08:57:07,906 [c2dbcf2b-518f-41ea-bd88-da292e0ddc39-groupManagement] INFO  segmented.SegmentedRaftLogWorker (SegmentedRaftLogWorker.java:lambda$new$0(135)) - c2dbcf2b-518f-41ea-bd88-da292e0ddc39@group-80ADEC46C998-SegmentedRaftLogWorker: flushIndex: setUnconditionally 0 -> -1
2023-09-07 08:57:07,906 [c2dbcf2b-518f-41ea-bd88-da292e0ddc39-groupManagement] INFO  segmented.SegmentedRaftLogWorker (SegmentedRaftLogWorker.java:lambda$new$0(135)) - c2dbcf2b-518f-41ea-bd88-da292e0ddc39@group-80ADEC46C998-SegmentedRaftLogWorker: safeCacheEvictIndex: setUnconditionally 0 -> -1
2023-09-07 08:57:07,909 [c2dbcf2b-518f-41ea-bd88-da292e0ddc39-groupManagement] INFO  server.RaftServer$Division (RaftServerImpl.java:start(342)) - c2dbcf2b-518f-41ea-bd88-da292e0ddc39@group-80ADEC46C998: start as a follower, conf=-1: peers:[a34f2eca-ee32-4394-bb15-3b741437dcd0|rpc:10.1.0.48:15182|admin:10.1.0.48:15181|client:10.1.0.48:15180|dataStream:10.1.0.48:15183|priority:0|startupRole:FOLLOWER, c2dbcf2b-518f-41ea-bd88-da292e0ddc39|rpc:10.1.0.48:15173|admin:10.1.0.48:15172|client:10.1.0.48:15171|dataStream:10.1.0.48:15174|priority:1|startupRole:FOLLOWER, 469bc52f-827e-4f59-b4d6-1102a4459bcd|rpc:10.1.0.48:15191|admin:10.1.0.48:15190|client:10.1.0.48:15189|dataStream:10.1.0.48:15192|priority:0|startupRole:FOLLOWER]|listeners:[], old=null
2023-09-07 08:57:07,909 [c2dbcf2b-518f-41ea-bd88-da292e0ddc39-groupManagement] INFO  server.RaftServer$Division (RaftServerImpl.java:setRole(329)) - c2dbcf2b-518f-41ea-bd88-da292e0ddc39@group-80ADEC46C998: changes role from      null to FOLLOWER at term 0 for startAsFollower
2023-09-07 08:57:07,910 [c2dbcf2b-518f-41ea-bd88-da292e0ddc39-groupManagement] INFO  impl.RoleInfo (RoleInfo.java:updateAndGet(139)) - c2dbcf2b-518f-41ea-bd88-da292e0ddc39: start c2dbcf2b-518f-41ea-bd88-da292e0ddc39@group-80ADEC46C998-FollowerState
2023-09-07 08:57:07,913 [c2dbcf2b-518f-41ea-bd88-da292e0ddc39-groupManagement] INFO  util.JmxRegister (JmxRegister.java:tryRegister(44)) - Successfully registered JMX Bean with object name Ratis:service=RaftServer,group=group-80ADEC46C998,id=c2dbcf2b-518f-41ea-bd88-da292e0ddc39
2023-09-07 08:57:07,913 [c2dbcf2b-518f-41ea-bd88-da292e0ddc39-groupManagement] INFO  server.RaftServerConfigKeys (ConfUtils.java:logGet(46)) - raft.server.snapshot.auto.trigger.enabled = true (custom)
2023-09-07 08:57:07,913 [c2dbcf2b-518f-41ea-bd88-da292e0ddc39-groupManagement] INFO  server.RaftServerConfigKeys (ConfUtils.java:logGet(46)) - raft.server.snapshot.auto.trigger.threshold = 10000 (custom)
2023-09-07 08:57:07,913 [c2dbcf2b-518f-41ea-bd88-da292e0ddc39-groupManagement] INFO  server.RaftServerConfigKeys (ConfUtils.java:logGet(46)) - raft.server.snapshot.retention.file.num = 5 (custom)
2023-09-07 08:57:07,914 [c2dbcf2b-518f-41ea-bd88-da292e0ddc39-groupManagement] INFO  server.RaftServerConfigKeys (ConfUtils.java:logGet(46)) - raft.server.log.purge.upto.snapshot.index = false (default)
2023-09-07 08:57:07,914 [c2dbcf2b-518f-41ea-bd88-da292e0ddc39@group-80ADEC46C998-FollowerState] INFO  server.RaftServerConfigKeys (ConfUtils.java:logFallback(53)) - raft.server.rpc.first-election.timeout.min = 5s (fallback to raft.server.rpc.timeout.min)
2023-09-07 08:57:07,914 [c2dbcf2b-518f-41ea-bd88-da292e0ddc39@group-80ADEC46C998-FollowerState] INFO  server.RaftServerConfigKeys (ConfUtils.java:logFallback(53)) - raft.server.rpc.first-election.timeout.max = 5200ms (fallback to raft.server.rpc.timeout.max)
2023-09-07 08:57:07,915 [PipelineCommandHandlerThread-0] INFO  ratis.XceiverServerRatis (XceiverServerRatis.java:addGroup(804)) - Created group PipelineID=f55a9bfb-af7d-4ebf-a6e4-80adec46c998
2023-09-07 08:57:07,931 [grpc-default-executor-0] INFO  server.RaftServer (RaftServerProxy.java:addNew(98)) - a34f2eca-ee32-4394-bb15-3b741437dcd0: addNew group-80ADEC46C998:[a34f2eca-ee32-4394-bb15-3b741437dcd0|rpc:10.1.0.48:15182|admin:10.1.0.48:15181|client:10.1.0.48:15180|dataStream:10.1.0.48:15183|priority:0|startupRole:FOLLOWER, c2dbcf2b-518f-41ea-bd88-da292e0ddc39|rpc:10.1.0.48:15173|admin:10.1.0.48:15172|client:10.1.0.48:15171|dataStream:10.1.0.48:15174|priority:1|startupRole:FOLLOWER, 469bc52f-827e-4f59-b4d6-1102a4459bcd|rpc:10.1.0.48:15191|admin:10.1.0.48:15190|client:10.1.0.48:15189|dataStream:10.1.0.48:15192|priority:0|startupRole:FOLLOWER] returns group-80ADEC46C998:java.util.concurrent.CompletableFuture@3d019aa4[Not completed]
2023-09-07 08:57:07,932 [a34f2eca-ee32-4394-bb15-3b741437dcd0-groupManagement] INFO  server.RaftServer$Division (RaftServerImpl.java:<init>(198)) - a34f2eca-ee32-4394-bb15-3b741437dcd0: new RaftServerImpl for group-80ADEC46C998:[a34f2eca-ee32-4394-bb15-3b741437dcd0|rpc:10.1.0.48:15182|admin:10.1.0.48:15181|client:10.1.0.48:15180|dataStream:10.1.0.48:15183|priority:0|startupRole:FOLLOWER, c2dbcf2b-518f-41ea-bd88-da292e0ddc39|rpc:10.1.0.48:15173|admin:10.1.0.48:15172|client:10.1.0.48:15171|dataStream:10.1.0.48:15174|priority:1|startupRole:FOLLOWER, 469bc52f-827e-4f59-b4d6-1102a4459bcd|rpc:10.1.0.48:15191|admin:10.1.0.48:15190|client:10.1.0.48:15189|dataStream:10.1.0.48:15192|priority:0|startupRole:FOLLOWER] with ContainerStateMachine:uninitialized
2023-09-07 08:57:07,932 [a34f2eca-ee32-4394-bb15-3b741437dcd0-groupManagement] INFO  server.RaftServerConfigKeys (ConfUtils.java:logGet(46)) - raft.server.rpc.timeout.min = 5s (custom)
2023-09-07 08:57:07,932 [a34f2eca-ee32-4394-bb15-3b741437dcd0-groupManagement] INFO  server.RaftServerConfigKeys (ConfUtils.java:logGet(46)) - raft.server.rpc.timeout.max = 5200ms (custom)
2023-09-07 08:57:07,932 [a34f2eca-ee32-4394-bb15-3b741437dcd0-groupManagement] INFO  server.RaftServerConfigKeys (ConfUtils.java:logGet(46)) - raft.server.rpc.sleep.time = 25ms (default)
2023-09-07 08:57:07,932 [a34f2eca-ee32-4394-bb15-3b741437dcd0-groupManagement] INFO  server.RaftServerConfigKeys (ConfUtils.java:logGet(46)) - raft.server.rpc.slowness.timeout = 300s (custom)
2023-09-07 08:57:07,932 [a34f2eca-ee32-4394-bb15-3b741437dcd0-groupManagement] INFO  server.RaftServerConfigKeys (ConfUtils.java:logGet(46)) - raft.server.leaderelection.leader.step-down.wait-time = 10s (default)
2023-09-07 08:57:07,932 [a34f2eca-ee32-4394-bb15-3b741437dcd0-groupManagement] INFO  server.RaftServerConfigKeys (ConfUtils.java:logGet(46)) - raft.server.sleep.deviation.threshold = 300ms (default)
2023-09-07 08:57:07,933 [a34f2eca-ee32-4394-bb15-3b741437dcd0-groupManagement] INFO  server.RaftServer$Division (ServerState.java:<init>(120)) - a34f2eca-ee32-4394-bb15-3b741437dcd0@group-80ADEC46C998: ConfigurationManager, init=-1: peers:[a34f2eca-ee32-4394-bb15-3b741437dcd0|rpc:10.1.0.48:15182|admin:10.1.0.48:15181|client:10.1.0.48:15180|dataStream:10.1.0.48:15183|priority:0|startupRole:FOLLOWER, c2dbcf2b-518f-41ea-bd88-da292e0ddc39|rpc:10.1.0.48:15173|admin:10.1.0.48:15172|client:10.1.0.48:15171|dataStream:10.1.0.48:15174|priority:1|startupRole:FOLLOWER, 469bc52f-827e-4f59-b4d6-1102a4459bcd|rpc:10.1.0.48:15191|admin:10.1.0.48:15190|client:10.1.0.48:15189|dataStream:10.1.0.48:15192|priority:0|startupRole:FOLLOWER]|listeners:[], old=null, confs=<EMPTY_MAP>
2023-09-07 08:57:07,933 [a34f2eca-ee32-4394-bb15-3b741437dcd0-groupManagement] INFO  server.RaftServerConfigKeys (ConfUtils.java:logGet(46)) - raft.server.storage.dir = [/home/runner/work/ozone/ozone/hadoop-ozone/integration-test/target/test-dir/MiniOzoneClusterImpl-4f49b7df-1fbb-48bb-ad24-05a827c4b894/datanode-1/data/ratis] (custom)
2023-09-07 08:57:07,933 [a34f2eca-ee32-4394-bb15-3b741437dcd0-groupManagement] INFO  server.RaftServerConfigKeys (ConfUtils.java:logGet(46)) - raft.server.log.corruption.policy = EXCEPTION (default)
2023-09-07 08:57:07,933 [a34f2eca-ee32-4394-bb15-3b741437dcd0-groupManagement] INFO  server.RaftServerConfigKeys (ConfUtils.java:logGet(46)) - raft.server.storage.free-space.min = 0MB (=0) (default)
2023-09-07 08:57:07,933 [a34f2eca-ee32-4394-bb15-3b741437dcd0-groupManagement] INFO  server.RaftServerConfigKeys (ConfUtils.java:logGet(46)) - raft.server.notification.no-leader.timeout = 300s (custom)
2023-09-07 08:57:07,933 [a34f2eca-ee32-4394-bb15-3b741437dcd0-groupManagement] INFO  server.RaftServerConfigKeys (ConfUtils.java:logGet(46)) - raft.server.read.timeout = 10s (default)
2023-09-07 08:57:07,933 [a34f2eca-ee32-4394-bb15-3b741437dcd0-groupManagement] INFO  server.RaftServerConfigKeys (ConfUtils.java:logGet(46)) - raft.server.retrycache.expirytime = 600000ms (custom)
2023-09-07 08:57:07,933 [a34f2eca-ee32-4394-bb15-3b741437dcd0-groupManagement] INFO  server.RaftServerConfigKeys (ConfUtils.java:logGet(46)) - raft.server.retrycache.statistics.expirytime = 100μs (default)
2023-09-07 08:57:07,934 [a34f2eca-ee32-4394-bb15-3b741437dcd0-groupManagement] INFO  server.RaftServerConfigKeys (ConfUtils.java:logGet(46)) - raft.server.read.option = DEFAULT (default)
2023-09-07 08:57:07,935 [a34f2eca-ee32-4394-bb15-3b741437dcd0-groupManagement] INFO  server.RaftServerConfigKeys (ConfUtils.java:logGet(46)) - raft.server.rpc.request.timeout = 60s (custom)
2023-09-07 08:57:07,935 [a34f2eca-ee32-4394-bb15-3b741437dcd0-groupManagement] INFO  server.RaftServerConfigKeys (ConfUtils.java:logGet(46)) - raft.server.log.appender.install.snapshot.enabled = false (custom)
2023-09-07 08:57:07,935 [a34f2eca-ee32-4394-bb15-3b741437dcd0-groupManagement] INFO  server.RaftServerConfigKeys (ConfUtils.java:logGet(46)) - raft.server.threadpool.server.cached = true (default)
2023-09-07 08:57:07,935 [a34f2eca-ee32-4394-bb15-3b741437dcd0-groupManagement] INFO  server.RaftServerConfigKeys (ConfUtils.java:logGet(46)) - raft.server.threadpool.server.size = 0 (default)
2023-09-07 08:57:07,935 [a34f2eca-ee32-4394-bb15-3b741437dcd0-groupManagement] INFO  server.RaftServerConfigKeys (ConfUtils.java:logGet(46)) - raft.server.threadpool.client.cached = true (default)
2023-09-07 08:57:07,935 [a34f2eca-ee32-4394-bb15-3b741437dcd0-groupManagement] INFO  server.RaftServerConfigKeys (ConfUtils.java:logGet(46)) - raft.server.threadpool.client.size = 0 (default)
2023-09-07 08:57:07,935 [a34f2eca-ee32-4394-bb15-3b741437dcd0-groupManagement] INFO  storage.RaftStorageDirectory (RaftStorageDirectoryImpl.java:analyzeStorage(137)) - The storage directory /home/runner/work/ozone/ozone/hadoop-ozone/integration-test/target/test-dir/MiniOzoneClusterImpl-4f49b7df-1fbb-48bb-ad24-05a827c4b894/datanode-1/data/ratis/f55a9bfb-af7d-4ebf-a6e4-80adec46c998 does not exist. Creating ...
2023-09-07 08:57:07,937 [a34f2eca-ee32-4394-bb15-3b741437dcd0-groupManagement] INFO  storage.RaftStorageDirectory (RaftStorageDirectoryImpl.java:tryLock(231)) - Lock on /home/runner/work/ozone/ozone/hadoop-ozone/integration-test/target/test-dir/MiniOzoneClusterImpl-4f49b7df-1fbb-48bb-ad24-05a827c4b894/datanode-1/data/ratis/f55a9bfb-af7d-4ebf-a6e4-80adec46c998/in_use.lock acquired by nodename 7589@fv-az793-921
2023-09-07 08:57:07,938 [a34f2eca-ee32-4394-bb15-3b741437dcd0-groupManagement] INFO  storage.RaftStorage (RaftStorageImpl.java:format(96)) - Storage directory /home/runner/work/ozone/ozone/hadoop-ozone/integration-test/target/test-dir/MiniOzoneClusterImpl-4f49b7df-1fbb-48bb-ad24-05a827c4b894/datanode-1/data/ratis/f55a9bfb-af7d-4ebf-a6e4-80adec46c998 has been successfully formatted.
2023-09-07 08:57:07,939 [a34f2eca-ee32-4394-bb15-3b741437dcd0-groupManagement] INFO  ratis.ContainerStateMachine (ContainerStateMachine.java:loadSnapshot(262)) - group-80ADEC46C998: The snapshot info is null. Setting the last applied indexto:(t:0, i:~)
2023-09-07 08:57:07,939 [a34f2eca-ee32-4394-bb15-3b741437dcd0-groupManagement] INFO  server.RaftServerConfigKeys (ConfUtils.java:logGet(46)) - raft.server.log.use.memory = false (default)
2023-09-07 08:57:07,939 [a34f2eca-ee32-4394-bb15-3b741437dcd0-groupManagement] INFO  server.RaftServerConfigKeys (ConfUtils.java:logGet(46)) - raft.server.log.purge.gap = 1000000 (custom)
2023-09-07 08:57:07,940 [a34f2eca-ee32-4394-bb15-3b741437dcd0-groupManagement] INFO  server.RaftServerConfigKeys (ConfUtils.java:logGet(46)) - raft.server.log.appender.buffer.byte-limit = 33554432 (custom)
2023-09-07 08:57:07,940 [a34f2eca-ee32-4394-bb15-3b741437dcd0-groupManagement] INFO  server.RaftServerConfigKeys (ConfUtils.java:logGet(46)) - raft.server.log.statemachine.data.read.timeout = 1000ms (default)
2023-09-07 08:57:07,940 [a34f2eca-ee32-4394-bb15-3b741437dcd0-groupManagement] INFO  server.RaftServerConfigKeys (ConfUtils.java:logGet(46)) - raft.server.log.purge.preservation.log.num = 0 (default)
2023-09-07 08:57:07,940 [a34f2eca-ee32-4394-bb15-3b741437dcd0-groupManagement] INFO  server.RaftServerConfigKeys (ConfUtils.java:logGet(46)) - raft.server.log.segment.size.max = 1048576 (custom)
2023-09-07 08:57:07,941 [a34f2eca-ee32-4394-bb15-3b741437dcd0-groupManagement] INFO  server.RaftServerConfigKeys (ConfUtils.java:logGet(46)) - raft.server.log.segment.cache.num.max = 2 (custom)
2023-09-07 08:57:07,941 [a34f2eca-ee32-4394-bb15-3b741437dcd0-groupManagement] INFO  server.RaftServerConfigKeys (ConfUtils.java:logGet(46)) - raft.server.log.segment.cache.size.max = 200MB (=209715200) (default)
2023-09-07 08:57:07,941 [a34f2eca-ee32-4394-bb15-3b741437dcd0-groupManagement] INFO  server.RaftServerConfigKeys (ConfUtils.java:logGet(46)) - raft.server.log.appender.buffer.byte-limit = 33554432 (custom)
2023-09-07 08:57:07,941 [a34f2eca-ee32-4394-bb15-3b741437dcd0-groupManagement] INFO  segmented.SegmentedRaftLogWorker (SegmentedRaftLogWorker.java:<init>(188)) - new a34f2eca-ee32-4394-bb15-3b741437dcd0@group-80ADEC46C998-SegmentedRaftLogWorker for RaftStorageImpl:Storage Directory /home/runner/work/ozone/ozone/hadoop-ozone/integration-test/target/test-dir/MiniOzoneClusterImpl-4f49b7df-1fbb-48bb-ad24-05a827c4b894/datanode-1/data/ratis/f55a9bfb-af7d-4ebf-a6e4-80adec46c998
2023-09-07 08:57:07,943 [a34f2eca-ee32-4394-bb15-3b741437dcd0-groupManagement] INFO  server.RaftServerConfigKeys (ConfUtils.java:logGet(46)) - raft.server.log.queue.byte-limit = 4294967296 (custom)
2023-09-07 08:57:07,943 [a34f2eca-ee32-4394-bb15-3b741437dcd0-groupManagement] INFO  server.RaftServerConfigKeys (ConfUtils.java:logGet(46)) - raft.server.log.queue.element-limit = 1024 (custom)
2023-09-07 08:57:07,943 [a34f2eca-ee32-4394-bb15-3b741437dcd0-groupManagement] INFO  server.RaftServerConfigKeys (ConfUtils.java:logGet(46)) - raft.server.log.segment.size.max = 1048576 (custom)
2023-09-07 08:57:07,943 [a34f2eca-ee32-4394-bb15-3b741437dcd0-groupManagement] INFO  server.RaftServerConfigKeys (ConfUtils.java:logGet(46)) - raft.server.log.preallocated.size = 16384 (custom)
2023-09-07 08:57:07,943 [a34f2eca-ee32-4394-bb15-3b741437dcd0-groupManagement] INFO  server.RaftServerConfigKeys (ConfUtils.java:logGet(46)) - raft.server.log.force.sync.num = 128 (default)
2023-09-07 08:57:07,943 [a34f2eca-ee32-4394-bb15-3b741437dcd0-groupManagement] INFO  server.RaftServerConfigKeys (ConfUtils.java:logGet(46)) - raft.server.log.statemachine.data.sync = true (default)
2023-09-07 08:57:07,943 [a34f2eca-ee32-4394-bb15-3b741437dcd0-groupManagement] INFO  server.RaftServerConfigKeys (ConfUtils.java:logGet(46)) - raft.server.log.statemachine.data.sync.timeout = 10s (default)
2023-09-07 08:57:07,943 [a34f2eca-ee32-4394-bb15-3b741437dcd0-groupManagement] INFO  server.RaftServerConfigKeys (ConfUtils.java:logGet(46)) - raft.server.log.statemachine.data.sync.timeout.retry = -1 (default)
2023-09-07 08:57:07,944 [a34f2eca-ee32-4394-bb15-3b741437dcd0-groupManagement] INFO  server.RaftServerConfigKeys (ConfUtils.java:logGet(46)) - raft.server.log.write.buffer.size = 1048576 (custom)
2023-09-07 08:57:07,944 [a34f2eca-ee32-4394-bb15-3b741437dcd0-groupManagement] INFO  server.RaftServerConfigKeys (ConfUtils.java:logGet(46)) - raft.server.log.appender.buffer.byte-limit = 33554432 (custom)
2023-09-07 08:57:07,950 [a34f2eca-ee32-4394-bb15-3b741437dcd0-groupManagement] INFO  server.RaftServerConfigKeys (ConfUtils.java:logGet(46)) - raft.server.log.unsafe-flush.enabled = false (default)
2023-09-07 08:57:07,950 [a34f2eca-ee32-4394-bb15-3b741437dcd0-groupManagement] INFO  server.RaftServerConfigKeys (ConfUtils.java:logGet(46)) - raft.server.log.async-flush.enabled = false (default)
2023-09-07 08:57:07,950 [a34f2eca-ee32-4394-bb15-3b741437dcd0-groupManagement] INFO  server.RaftServerConfigKeys (ConfUtils.java:logGet(46)) - raft.server.log.statemachine.data.caching.enabled = true (custom)
2023-09-07 08:57:07,951 [a34f2eca-ee32-4394-bb15-3b741437dcd0-groupManagement] INFO  segmented.SegmentedRaftLogWorker (SegmentedRaftLogWorker.java:lambda$new$0(135)) - a34f2eca-ee32-4394-bb15-3b741437dcd0@group-80ADEC46C998-SegmentedRaftLogWorker: flushIndex: setUnconditionally 0 -> -1
2023-09-07 08:57:07,951 [a34f2eca-ee32-4394-bb15-3b741437dcd0-groupManagement] INFO  segmented.SegmentedRaftLogWorker (SegmentedRaftLogWorker.java:lambda$new$0(135)) - a34f2eca-ee32-4394-bb15-3b741437dcd0@group-80ADEC46C998-SegmentedRaftLogWorker: safeCacheEvictIndex: setUnconditionally 0 -> -1
2023-09-07 08:57:07,951 [a34f2eca-ee32-4394-bb15-3b741437dcd0-groupManagement] INFO  server.RaftServer$Division (RaftServerImpl.java:start(342)) - a34f2eca-ee32-4394-bb15-3b741437dcd0@group-80ADEC46C998: start as a follower, conf=-1: peers:[a34f2eca-ee32-4394-bb15-3b741437dcd0|rpc:10.1.0.48:15182|admin:10.1.0.48:15181|client:10.1.0.48:15180|dataStream:10.1.0.48:15183|priority:0|startupRole:FOLLOWER, c2dbcf2b-518f-41ea-bd88-da292e0ddc39|rpc:10.1.0.48:15173|admin:10.1.0.48:15172|client:10.1.0.48:15171|dataStream:10.1.0.48:15174|priority:1|startupRole:FOLLOWER, 469bc52f-827e-4f59-b4d6-1102a4459bcd|rpc:10.1.0.48:15191|admin:10.1.0.48:15190|client:10.1.0.48:15189|dataStream:10.1.0.48:15192|priority:0|startupRole:FOLLOWER]|listeners:[], old=null
2023-09-07 08:57:07,951 [a34f2eca-ee32-4394-bb15-3b741437dcd0-groupManagement] INFO  server.RaftServer$Division (RaftServerImpl.java:setRole(329)) - a34f2eca-ee32-4394-bb15-3b741437dcd0@group-80ADEC46C998: changes role from      null to FOLLOWER at term 0 for startAsFollower
2023-09-07 08:57:07,951 [a34f2eca-ee32-4394-bb15-3b741437dcd0-groupManagement] INFO  impl.RoleInfo (RoleInfo.java:updateAndGet(139)) - a34f2eca-ee32-4394-bb15-3b741437dcd0: start a34f2eca-ee32-4394-bb15-3b741437dcd0@group-80ADEC46C998-FollowerState
2023-09-07 08:57:07,952 [a34f2eca-ee32-4394-bb15-3b741437dcd0-groupManagement] INFO  util.JmxRegister (JmxRegister.java:tryRegister(44)) - Successfully registered JMX Bean with object name Ratis:service=RaftServer,group=group-80ADEC46C998,id=a34f2eca-ee32-4394-bb15-3b741437dcd0
2023-09-07 08:57:07,952 [a34f2eca-ee32-4394-bb15-3b741437dcd0@group-80ADEC46C998-FollowerState] INFO  server.RaftServerConfigKeys (ConfUtils.java:logFallback(53)) - raft.server.rpc.first-election.timeout.min = 5s (fallback to raft.server.rpc.timeout.min)
2023-09-07 08:57:07,952 [a34f2eca-ee32-4394-bb15-3b741437dcd0-groupManagement] INFO  server.RaftServerConfigKeys (ConfUtils.java:logGet(46)) - raft.server.snapshot.auto.trigger.enabled = true (custom)
2023-09-07 08:57:07,952 [a34f2eca-ee32-4394-bb15-3b741437dcd0-groupManagement] INFO  server.RaftServerConfigKeys (ConfUtils.java:logGet(46)) - raft.server.snapshot.auto.trigger.threshold = 10000 (custom)
2023-09-07 08:57:07,952 [a34f2eca-ee32-4394-bb15-3b741437dcd0@group-80ADEC46C998-FollowerState] INFO  server.RaftServerConfigKeys (ConfUtils.java:logFallback(53)) - raft.server.rpc.first-election.timeout.max = 5200ms (fallback to raft.server.rpc.timeout.max)
2023-09-07 08:57:07,952 [a34f2eca-ee32-4394-bb15-3b741437dcd0-groupManagement] INFO  server.RaftServerConfigKeys (ConfUtils.java:logGet(46)) - raft.server.snapshot.retention.file.num = 5 (custom)
2023-09-07 08:57:07,952 [a34f2eca-ee32-4394-bb15-3b741437dcd0-groupManagement] INFO  server.RaftServerConfigKeys (ConfUtils.java:logGet(46)) - raft.server.log.purge.upto.snapshot.index = false (default)
2023-09-07 08:57:07,969 [grpc-default-executor-0] INFO  server.RaftServer (RaftServerProxy.java:addNew(98)) - 469bc52f-827e-4f59-b4d6-1102a4459bcd: addNew group-80ADEC46C998:[a34f2eca-ee32-4394-bb15-3b741437dcd0|rpc:10.1.0.48:15182|admin:10.1.0.48:15181|client:10.1.0.48:15180|dataStream:10.1.0.48:15183|priority:0|startupRole:FOLLOWER, c2dbcf2b-518f-41ea-bd88-da292e0ddc39|rpc:10.1.0.48:15173|admin:10.1.0.48:15172|client:10.1.0.48:15171|dataStream:10.1.0.48:15174|priority:1|startupRole:FOLLOWER, 469bc52f-827e-4f59-b4d6-1102a4459bcd|rpc:10.1.0.48:15191|admin:10.1.0.48:15190|client:10.1.0.48:15189|dataStream:10.1.0.48:15192|priority:0|startupRole:FOLLOWER] returns group-80ADEC46C998:java.util.concurrent.CompletableFuture@7464636f[Not completed]
2023-09-07 08:57:07,970 [469bc52f-827e-4f59-b4d6-1102a4459bcd-groupManagement] INFO  server.RaftServer$Division (RaftServerImpl.java:<init>(198)) - 469bc52f-827e-4f59-b4d6-1102a4459bcd: new RaftServerImpl for group-80ADEC46C998:[a34f2eca-ee32-4394-bb15-3b741437dcd0|rpc:10.1.0.48:15182|admin:10.1.0.48:15181|client:10.1.0.48:15180|dataStream:10.1.0.48:15183|priority:0|startupRole:FOLLOWER, c2dbcf2b-518f-41ea-bd88-da292e0ddc39|rpc:10.1.0.48:15173|admin:10.1.0.48:15172|client:10.1.0.48:15171|dataStream:10.1.0.48:15174|priority:1|startupRole:FOLLOWER, 469bc52f-827e-4f59-b4d6-1102a4459bcd|rpc:10.1.0.48:15191|admin:10.1.0.48:15190|client:10.1.0.48:15189|dataStream:10.1.0.48:15192|priority:0|startupRole:FOLLOWER] with ContainerStateMachine:uninitialized
2023-09-07 08:57:07,970 [469bc52f-827e-4f59-b4d6-1102a4459bcd-groupManagement] INFO  server.RaftServerConfigKeys (ConfUtils.java:logGet(46)) - raft.server.rpc.timeout.min = 5s (custom)
2023-09-07 08:57:07,970 [469bc52f-827e-4f59-b4d6-1102a4459bcd-groupManagement] INFO  server.RaftServerConfigKeys (ConfUtils.java:logGet(46)) - raft.server.rpc.timeout.max = 5200ms (custom)
2023-09-07 08:57:07,970 [469bc52f-827e-4f59-b4d6-1102a4459bcd-groupManagement] INFO  server.RaftServerConfigKeys (ConfUtils.java:logGet(46)) - raft.server.rpc.sleep.time = 25ms (default)
2023-09-07 08:57:07,971 [469bc52f-827e-4f59-b4d6-1102a4459bcd-groupManagement] INFO  server.RaftServerConfigKeys (ConfUtils.java:logGet(46)) - raft.server.rpc.slowness.timeout = 300s (custom)
2023-09-07 08:57:07,971 [469bc52f-827e-4f59-b4d6-1102a4459bcd-groupManagement] INFO  server.RaftServerConfigKeys (ConfUtils.java:logGet(46)) - raft.server.leaderelection.leader.step-down.wait-time = 10s (default)
2023-09-07 08:57:07,971 [469bc52f-827e-4f59-b4d6-1102a4459bcd-groupManagement] INFO  server.RaftServerConfigKeys (ConfUtils.java:logGet(46)) - raft.server.sleep.deviation.threshold = 300ms (default)
2023-09-07 08:57:07,971 [469bc52f-827e-4f59-b4d6-1102a4459bcd-groupManagement] INFO  server.RaftServer$Division (ServerState.java:<init>(120)) - 469bc52f-827e-4f59-b4d6-1102a4459bcd@group-80ADEC46C998: ConfigurationManager, init=-1: peers:[a34f2eca-ee32-4394-bb15-3b741437dcd0|rpc:10.1.0.48:15182|admin:10.1.0.48:15181|client:10.1.0.48:15180|dataStream:10.1.0.48:15183|priority:0|startupRole:FOLLOWER, c2dbcf2b-518f-41ea-bd88-da292e0ddc39|rpc:10.1.0.48:15173|admin:10.1.0.48:15172|client:10.1.0.48:15171|dataStream:10.1.0.48:15174|priority:1|startupRole:FOLLOWER, 469bc52f-827e-4f59-b4d6-1102a4459bcd|rpc:10.1.0.48:15191|admin:10.1.0.48:15190|client:10.1.0.48:15189|dataStream:10.1.0.48:15192|priority:0|startupRole:FOLLOWER]|listeners:[], old=null, confs=<EMPTY_MAP>
2023-09-07 08:57:07,971 [469bc52f-827e-4f59-b4d6-1102a4459bcd-groupManagement] INFO  server.RaftServerConfigKeys (ConfUtils.java:logGet(46)) - raft.server.storage.dir = [/home/runner/work/ozone/ozone/hadoop-ozone/integration-test/target/test-dir/MiniOzoneClusterImpl-4f49b7df-1fbb-48bb-ad24-05a827c4b894/datanode-2/data/ratis] (custom)
2023-09-07 08:57:07,971 [469bc52f-827e-4f59-b4d6-1102a4459bcd-groupManagement] INFO  server.RaftServerConfigKeys (ConfUtils.java:logGet(46)) - raft.server.log.corruption.policy = EXCEPTION (default)
2023-09-07 08:57:07,971 [469bc52f-827e-4f59-b4d6-1102a4459bcd-groupManagement] INFO  server.RaftServerConfigKeys (ConfUtils.java:logGet(46)) - raft.server.storage.free-space.min = 0MB (=0) (default)
2023-09-07 08:57:07,971 [469bc52f-827e-4f59-b4d6-1102a4459bcd-groupManagement] INFO  server.RaftServerConfigKeys (ConfUtils.java:logGet(46)) - raft.server.notification.no-leader.timeout = 300s (custom)
2023-09-07 08:57:07,971 [469bc52f-827e-4f59-b4d6-1102a4459bcd-groupManagement] INFO  server.RaftServerConfigKeys (ConfUtils.java:logGet(46)) - raft.server.read.timeout = 10s (default)
2023-09-07 08:57:07,971 [469bc52f-827e-4f59-b4d6-1102a4459bcd-groupManagement] INFO  server.RaftServerConfigKeys (ConfUtils.java:logGet(46)) - raft.server.retrycache.expirytime = 600000ms (custom)
2023-09-07 08:57:07,971 [469bc52f-827e-4f59-b4d6-1102a4459bcd-groupManagement] INFO  server.RaftServerConfigKeys (ConfUtils.java:logGet(46)) - raft.server.retrycache.statistics.expirytime = 100μs (default)
2023-09-07 08:57:07,972 [469bc52f-827e-4f59-b4d6-1102a4459bcd-groupManagement] INFO  server.RaftServerConfigKeys (ConfUtils.java:logGet(46)) - raft.server.read.option = DEFAULT (default)
2023-09-07 08:57:07,972 [469bc52f-827e-4f59-b4d6-1102a4459bcd-groupManagement] INFO  server.RaftServerConfigKeys (ConfUtils.java:logGet(46)) - raft.server.rpc.request.timeout = 60s (custom)
2023-09-07 08:57:07,972 [469bc52f-827e-4f59-b4d6-1102a4459bcd-groupManagement] INFO  server.RaftServerConfigKeys (ConfUtils.java:logGet(46)) - raft.server.log.appender.install.snapshot.enabled = false (custom)
2023-09-07 08:57:07,972 [469bc52f-827e-4f59-b4d6-1102a4459bcd-groupManagement] INFO  server.RaftServerConfigKeys (ConfUtils.java:logGet(46)) - raft.server.threadpool.server.cached = true (default)
2023-09-07 08:57:07,972 [469bc52f-827e-4f59-b4d6-1102a4459bcd-groupManagement] INFO  server.RaftServerConfigKeys (ConfUtils.java:logGet(46)) - raft.server.threadpool.server.size = 0 (default)
2023-09-07 08:57:07,972 [469bc52f-827e-4f59-b4d6-1102a4459bcd-groupManagement] INFO  server.RaftServerConfigKeys (ConfUtils.java:logGet(46)) - raft.server.threadpool.client.cached = true (default)
2023-09-07 08:57:07,972 [469bc52f-827e-4f59-b4d6-1102a4459bcd-groupManagement] INFO  server.RaftServerConfigKeys (ConfUtils.java:logGet(46)) - raft.server.threadpool.client.size = 0 (default)
2023-09-07 08:57:07,973 [469bc52f-827e-4f59-b4d6-1102a4459bcd-groupManagement] INFO  storage.RaftStorageDirectory (RaftStorageDirectoryImpl.java:analyzeStorage(137)) - The storage directory /home/runner/work/ozone/ozone/hadoop-ozone/integration-test/target/test-dir/MiniOzoneClusterImpl-4f49b7df-1fbb-48bb-ad24-05a827c4b894/datanode-2/data/ratis/f55a9bfb-af7d-4ebf-a6e4-80adec46c998 does not exist. Creating ...
2023-09-07 08:57:07,974 [469bc52f-827e-4f59-b4d6-1102a4459bcd-groupManagement] INFO  storage.RaftStorageDirectory (RaftStorageDirectoryImpl.java:tryLock(231)) - Lock on /home/runner/work/ozone/ozone/hadoop-ozone/integration-test/target/test-dir/MiniOzoneClusterImpl-4f49b7df-1fbb-48bb-ad24-05a827c4b894/datanode-2/data/ratis/f55a9bfb-af7d-4ebf-a6e4-80adec46c998/in_use.lock acquired by nodename 7589@fv-az793-921
2023-09-07 08:57:07,975 [469bc52f-827e-4f59-b4d6-1102a4459bcd-groupManagement] INFO  storage.RaftStorage (RaftStorageImpl.java:format(96)) - Storage directory /home/runner/work/ozone/ozone/hadoop-ozone/integration-test/target/test-dir/MiniOzoneClusterImpl-4f49b7df-1fbb-48bb-ad24-05a827c4b894/datanode-2/data/ratis/f55a9bfb-af7d-4ebf-a6e4-80adec46c998 has been successfully formatted.
2023-09-07 08:57:07,977 [469bc52f-827e-4f59-b4d6-1102a4459bcd-groupManagement] INFO  ratis.ContainerStateMachine (ContainerStateMachine.java:loadSnapshot(262)) - group-80ADEC46C998: The snapshot info is null. Setting the last applied indexto:(t:0, i:~)
2023-09-07 08:57:07,977 [469bc52f-827e-4f59-b4d6-1102a4459bcd-groupManagement] INFO  server.RaftServerConfigKeys (ConfUtils.java:logGet(46)) - raft.server.log.use.memory = false (default)
2023-09-07 08:57:07,977 [469bc52f-827e-4f59-b4d6-1102a4459bcd-groupManagement] INFO  server.RaftServerConfigKeys (ConfUtils.java:logGet(46)) - raft.server.log.purge.gap = 1000000 (custom)
2023-09-07 08:57:07,977 [469bc52f-827e-4f59-b4d6-1102a4459bcd-groupManagement] INFO  server.RaftServerConfigKeys (ConfUtils.java:logGet(46)) - raft.server.log.appender.buffer.byte-limit = 33554432 (custom)
2023-09-07 08:57:07,977 [469bc52f-827e-4f59-b4d6-1102a4459bcd-groupManagement] INFO  server.RaftServerConfigKeys (ConfUtils.java:logGet(46)) - raft.server.log.statemachine.data.read.timeout = 1000ms (default)
2023-09-07 08:57:07,978 [469bc52f-827e-4f59-b4d6-1102a4459bcd-groupManagement] INFO  server.RaftServerConfigKeys (ConfUtils.java:logGet(46)) - raft.server.log.purge.preservation.log.num = 0 (default)
2023-09-07 08:57:07,978 [469bc52f-827e-4f59-b4d6-1102a4459bcd-groupManagement] INFO  server.RaftServerConfigKeys (ConfUtils.java:logGet(46)) - raft.server.log.segment.size.max = 1048576 (custom)
2023-09-07 08:57:07,980 [469bc52f-827e-4f59-b4d6-1102a4459bcd-groupManagement] INFO  server.RaftServerConfigKeys (ConfUtils.java:logGet(46)) - raft.server.log.segment.cache.num.max = 2 (custom)
2023-09-07 08:57:07,980 [469bc52f-827e-4f59-b4d6-1102a4459bcd-groupManagement] INFO  server.RaftServerConfigKeys (ConfUtils.java:logGet(46)) - raft.server.log.segment.cache.size.max = 200MB (=209715200) (default)
2023-09-07 08:57:07,980 [469bc52f-827e-4f59-b4d6-1102a4459bcd-groupManagement] INFO  server.RaftServerConfigKeys (ConfUtils.java:logGet(46)) - raft.server.log.appender.buffer.byte-limit = 33554432 (custom)
2023-09-07 08:57:07,980 [469bc52f-827e-4f59-b4d6-1102a4459bcd-groupManagement] INFO  segmented.SegmentedRaftLogWorker (SegmentedRaftLogWorker.java:<init>(188)) - new 469bc52f-827e-4f59-b4d6-1102a4459bcd@group-80ADEC46C998-SegmentedRaftLogWorker for RaftStorageImpl:Storage Directory /home/runner/work/ozone/ozone/hadoop-ozone/integration-test/target/test-dir/MiniOzoneClusterImpl-4f49b7df-1fbb-48bb-ad24-05a827c4b894/datanode-2/data/ratis/f55a9bfb-af7d-4ebf-a6e4-80adec46c998
2023-09-07 08:57:07,980 [469bc52f-827e-4f59-b4d6-1102a4459bcd-groupManagement] INFO  server.RaftServerConfigKeys (ConfUtils.java:logGet(46)) - raft.server.log.queue.byte-limit = 4294967296 (custom)
2023-09-07 08:57:07,980 [469bc52f-827e-4f59-b4d6-1102a4459bcd-groupManagement] INFO  server.RaftServerConfigKeys (ConfUtils.java:logGet(46)) - raft.server.log.queue.element-limit = 1024 (custom)
2023-09-07 08:57:07,980 [469bc52f-827e-4f59-b4d6-1102a4459bcd-groupManagement] INFO  server.RaftServerConfigKeys (ConfUtils.java:logGet(46)) - raft.server.log.segment.size.max = 1048576 (custom)
2023-09-07 08:57:07,980 [469bc52f-827e-4f59-b4d6-1102a4459bcd-groupManagement] INFO  server.RaftServerConfigKeys (ConfUtils.java:logGet(46)) - raft.server.log.preallocated.size = 16384 (custom)
2023-09-07 08:57:07,980 [469bc52f-827e-4f59-b4d6-1102a4459bcd-groupManagement] INFO  server.RaftServerConfigKeys (ConfUtils.java:logGet(46)) - raft.server.log.force.sync.num = 128 (default)
2023-09-07 08:57:07,980 [469bc52f-827e-4f59-b4d6-1102a4459bcd-groupManagement] INFO  server.RaftServerConfigKeys (ConfUtils.java:logGet(46)) - raft.server.log.statemachine.data.sync = true (default)
2023-09-07 08:57:07,980 [469bc52f-827e-4f59-b4d6-1102a4459bcd-groupManagement] INFO  server.RaftServerConfigKeys (ConfUtils.java:logGet(46)) - raft.server.log.statemachine.data.sync.timeout = 10s (default)
2023-09-07 08:57:07,980 [469bc52f-827e-4f59-b4d6-1102a4459bcd-groupManagement] INFO  server.RaftServerConfigKeys (ConfUtils.java:logGet(46)) - raft.server.log.statemachine.data.sync.timeout.retry = -1 (default)
2023-09-07 08:57:07,981 [469bc52f-827e-4f59-b4d6-1102a4459bcd-groupManagement] INFO  server.RaftServerConfigKeys (ConfUtils.java:logGet(46)) - raft.server.log.write.buffer.size = 1048576 (custom)
2023-09-07 08:57:07,981 [469bc52f-827e-4f59-b4d6-1102a4459bcd-groupManagement] INFO  server.RaftServerConfigKeys (ConfUtils.java:logGet(46)) - raft.server.log.appender.buffer.byte-limit = 33554432 (custom)
2023-09-07 08:57:07,988 [469bc52f-827e-4f59-b4d6-1102a4459bcd-groupManagement] INFO  server.RaftServerConfigKeys (ConfUtils.java:logGet(46)) - raft.server.log.unsafe-flush.enabled = false (default)
2023-09-07 08:57:07,988 [469bc52f-827e-4f59-b4d6-1102a4459bcd-groupManagement] INFO  server.RaftServerConfigKeys (ConfUtils.java:logGet(46)) - raft.server.log.async-flush.enabled = false (default)
2023-09-07 08:57:07,988 [469bc52f-827e-4f59-b4d6-1102a4459bcd-groupManagement] INFO  server.RaftServerConfigKeys (ConfUtils.java:logGet(46)) - raft.server.log.statemachine.data.caching.enabled = true (custom)
2023-09-07 08:57:07,988 [469bc52f-827e-4f59-b4d6-1102a4459bcd-groupManagement] INFO  segmented.SegmentedRaftLogWorker (SegmentedRaftLogWorker.java:lambda$new$0(135)) - 469bc52f-827e-4f59-b4d6-1102a4459bcd@group-80ADEC46C998-SegmentedRaftLogWorker: flushIndex: setUnconditionally 0 -> -1
2023-09-07 08:57:07,988 [469bc52f-827e-4f59-b4d6-1102a4459bcd-groupManagement] INFO  segmented.SegmentedRaftLogWorker (SegmentedRaftLogWorker.java:lambda$new$0(135)) - 469bc52f-827e-4f59-b4d6-1102a4459bcd@group-80ADEC46C998-SegmentedRaftLogWorker: safeCacheEvictIndex: setUnconditionally 0 -> -1
2023-09-07 08:57:07,989 [469bc52f-827e-4f59-b4d6-1102a4459bcd-groupManagement] INFO  server.RaftServer$Division (RaftServerImpl.java:start(342)) - 469bc52f-827e-4f59-b4d6-1102a4459bcd@group-80ADEC46C998: start as a follower, conf=-1: peers:[a34f2eca-ee32-4394-bb15-3b741437dcd0|rpc:10.1.0.48:15182|admin:10.1.0.48:15181|client:10.1.0.48:15180|dataStream:10.1.0.48:15183|priority:0|startupRole:FOLLOWER, c2dbcf2b-518f-41ea-bd88-da292e0ddc39|rpc:10.1.0.48:15173|admin:10.1.0.48:15172|client:10.1.0.48:15171|dataStream:10.1.0.48:15174|priority:1|startupRole:FOLLOWER, 469bc52f-827e-4f59-b4d6-1102a4459bcd|rpc:10.1.0.48:15191|admin:10.1.0.48:15190|client:10.1.0.48:15189|dataStream:10.1.0.48:15192|priority:0|startupRole:FOLLOWER]|listeners:[], old=null
2023-09-07 08:57:07,989 [469bc52f-827e-4f59-b4d6-1102a4459bcd-groupManagement] INFO  server.RaftServer$Division (RaftServerImpl.java:setRole(329)) - 469bc52f-827e-4f59-b4d6-1102a4459bcd@group-80ADEC46C998: changes role from      null to FOLLOWER at term 0 for startAsFollower
2023-09-07 08:57:07,989 [469bc52f-827e-4f59-b4d6-1102a4459bcd-groupManagement] INFO  impl.RoleInfo (RoleInfo.java:updateAndGet(139)) - 469bc52f-827e-4f59-b4d6-1102a4459bcd: start 469bc52f-827e-4f59-b4d6-1102a4459bcd@group-80ADEC46C998-FollowerState
2023-09-07 08:57:07,989 [469bc52f-827e-4f59-b4d6-1102a4459bcd@group-80ADEC46C998-FollowerState] INFO  server.RaftServerConfigKeys (ConfUtils.java:logFallback(53)) - raft.server.rpc.first-election.timeout.min = 5s (fallback to raft.server.rpc.timeout.min)
2023-09-07 08:57:07,989 [469bc52f-827e-4f59-b4d6-1102a4459bcd-groupManagement] INFO  util.JmxRegister (JmxRegister.java:tryRegister(44)) - Successfully registered JMX Bean with object name Ratis:service=RaftServer,group=group-80ADEC46C998,id=469bc52f-827e-4f59-b4d6-1102a4459bcd
2023-09-07 08:57:07,989 [469bc52f-827e-4f59-b4d6-1102a4459bcd@group-80ADEC46C998-FollowerState] INFO  server.RaftServerConfigKeys (ConfUtils.java:logFallback(53)) - raft.server.rpc.first-election.timeout.max = 5200ms (fallback to raft.server.rpc.timeout.max)
2023-09-07 08:57:07,989 [469bc52f-827e-4f59-b4d6-1102a4459bcd-groupManagement] INFO  server.RaftServerConfigKeys (ConfUtils.java:logGet(46)) - raft.server.snapshot.auto.trigger.enabled = true (custom)
2023-09-07 08:57:07,989 [469bc52f-827e-4f59-b4d6-1102a4459bcd-groupManagement] INFO  server.RaftServerConfigKeys (ConfUtils.java:logGet(46)) - raft.server.snapshot.auto.trigger.threshold = 10000 (custom)
2023-09-07 08:57:07,989 [469bc52f-827e-4f59-b4d6-1102a4459bcd-groupManagement] INFO  server.RaftServerConfigKeys (ConfUtils.java:logGet(46)) - raft.server.snapshot.retention.file.num = 5 (custom)
2023-09-07 08:57:07,989 [469bc52f-827e-4f59-b4d6-1102a4459bcd-groupManagement] INFO  server.RaftServerConfigKeys (ConfUtils.java:logGet(46)) - raft.server.log.purge.upto.snapshot.index = false (default)
2023-09-07 08:57:08,022 [PipelineCommandHandlerThread-0] INFO  commandhandler.CreatePipelineCommandHandler (CreatePipelineCommandHandler.java:lambda$handle$2(124)) - Created Pipeline RATIS THREE PipelineID=f55a9bfb-af7d-4ebf-a6e4-80adec46c998.
2023-09-07 08:57:08,023 [PipelineCommandHandlerThread-0] INFO  server.RaftServer (RaftServerProxy.java:addNew(98)) - c2dbcf2b-518f-41ea-bd88-da292e0ddc39: addNew group-54D86EF807B4:[a34f2eca-ee32-4394-bb15-3b741437dcd0|rpc:10.1.0.48:15182|admin:10.1.0.48:15181|client:10.1.0.48:15180|dataStream:10.1.0.48:15183|priority:1|startupRole:FOLLOWER, c2dbcf2b-518f-41ea-bd88-da292e0ddc39|rpc:10.1.0.48:15173|admin:10.1.0.48:15172|client:10.1.0.48:15171|dataStream:10.1.0.48:15174|priority:0|startupRole:FOLLOWER, 469bc52f-827e-4f59-b4d6-1102a4459bcd|rpc:10.1.0.48:15191|admin:10.1.0.48:15190|client:10.1.0.48:15189|dataStream:10.1.0.48:15192|priority:0|startupRole:FOLLOWER] returns group-54D86EF807B4:java.util.concurrent.CompletableFuture@7f8cd04d[Not completed]
2023-09-07 08:57:08,024 [c2dbcf2b-518f-41ea-bd88-da292e0ddc39-groupManagement] INFO  server.RaftServer$Division (RaftServerImpl.java:<init>(198)) - c2dbcf2b-518f-41ea-bd88-da292e0ddc39: new RaftServerImpl for group-54D86EF807B4:[a34f2eca-ee32-4394-bb15-3b741437dcd0|rpc:10.1.0.48:15182|admin:10.1.0.48:15181|client:10.1.0.48:15180|dataStream:10.1.0.48:15183|priority:1|startupRole:FOLLOWER, c2dbcf2b-518f-41ea-bd88-da292e0ddc39|rpc:10.1.0.48:15173|admin:10.1.0.48:15172|client:10.1.0.48:15171|dataStream:10.1.0.48:15174|priority:0|startupRole:FOLLOWER, 469bc52f-827e-4f59-b4d6-1102a4459bcd|rpc:10.1.0.48:15191|admin:10.1.0.48:15190|client:10.1.0.48:15189|dataStream:10.1.0.48:15192|priority:0|startupRole:FOLLOWER] with ContainerStateMachine:uninitialized
2023-09-07 08:57:08,024 [c2dbcf2b-518f-41ea-bd88-da292e0ddc39-groupManagement] INFO  server.RaftServerConfigKeys (ConfUtils.java:logGet(46)) - raft.server.rpc.timeout.min = 5s (custom)
2023-09-07 08:57:08,024 [c2dbcf2b-518f-41ea-bd88-da292e0ddc39-groupManagement] INFO  server.RaftServerConfigKeys (ConfUtils.java:logGet(46)) - raft.server.rpc.timeout.max = 5200ms (custom)
2023-09-07 08:57:08,024 [c2dbcf2b-518f-41ea-bd88-da292e0ddc39-groupManagement] INFO  server.RaftServerConfigKeys (ConfUtils.java:logGet(46)) - raft.server.rpc.sleep.time = 25ms (default)
2023-09-07 08:57:08,024 [c2dbcf2b-518f-41ea-bd88-da292e0ddc39-groupManagement] INFO  server.RaftServerConfigKeys (ConfUtils.java:logGet(46)) - raft.server.rpc.slowness.timeout = 300s (custom)
2023-09-07 08:57:08,024 [c2dbcf2b-518f-41ea-bd88-da292e0ddc39-groupManagement] INFO  server.RaftServerConfigKeys (ConfUtils.java:logGet(46)) - raft.server.leaderelection.leader.step-down.wait-time = 10s (default)
2023-09-07 08:57:08,024 [c2dbcf2b-518f-41ea-bd88-da292e0ddc39-groupManagement] INFO  server.RaftServerConfigKeys (ConfUtils.java:logGet(46)) - raft.server.sleep.deviation.threshold = 300ms (default)
2023-09-07 08:57:08,024 [c2dbcf2b-518f-41ea-bd88-da292e0ddc39-groupManagement] INFO  server.RaftServer$Division (ServerState.java:<init>(120)) - c2dbcf2b-518f-41ea-bd88-da292e0ddc39@group-54D86EF807B4: ConfigurationManager, init=-1: peers:[a34f2eca-ee32-4394-bb15-3b741437dcd0|rpc:10.1.0.48:15182|admin:10.1.0.48:15181|client:10.1.0.48:15180|dataStream:10.1.0.48:15183|priority:1|startupRole:FOLLOWER, c2dbcf2b-518f-41ea-bd88-da292e0ddc39|rpc:10.1.0.48:15173|admin:10.1.0.48:15172|client:10.1.0.48:15171|dataStream:10.1.0.48:15174|priority:0|startupRole:FOLLOWER, 469bc52f-827e-4f59-b4d6-1102a4459bcd|rpc:10.1.0.48:15191|admin:10.1.0.48:15190|client:10.1.0.48:15189|dataStream:10.1.0.48:15192|priority:0|startupRole:FOLLOWER]|listeners:[], old=null, confs=<EMPTY_MAP>
2023-09-07 08:57:08,025 [c2dbcf2b-518f-41ea-bd88-da292e0ddc39-groupManagement] INFO  server.RaftServerConfigKeys (ConfUtils.java:logGet(46)) - raft.server.storage.dir = [/home/runner/work/ozone/ozone/hadoop-ozone/integration-test/target/test-dir/MiniOzoneClusterImpl-4f49b7df-1fbb-48bb-ad24-05a827c4b894/datanode-0/data/ratis] (custom)
2023-09-07 08:57:08,025 [c2dbcf2b-518f-41ea-bd88-da292e0ddc39-groupManagement] INFO  server.RaftServerConfigKeys (ConfUtils.java:logGet(46)) - raft.server.log.corruption.policy = EXCEPTION (default)
2023-09-07 08:57:08,025 [c2dbcf2b-518f-41ea-bd88-da292e0ddc39-groupManagement] INFO  server.RaftServerConfigKeys (ConfUtils.java:logGet(46)) - raft.server.storage.free-space.min = 0MB (=0) (default)
2023-09-07 08:57:08,025 [c2dbcf2b-518f-41ea-bd88-da292e0ddc39-groupManagement] INFO  server.RaftServerConfigKeys (ConfUtils.java:logGet(46)) - raft.server.notification.no-leader.timeout = 300s (custom)
2023-09-07 08:57:08,025 [c2dbcf2b-518f-41ea-bd88-da292e0ddc39-groupManagement] INFO  server.RaftServerConfigKeys (ConfUtils.java:logGet(46)) - raft.server.read.timeout = 10s (default)
2023-09-07 08:57:08,025 [c2dbcf2b-518f-41ea-bd88-da292e0ddc39-groupManagement] INFO  server.RaftServerConfigKeys (ConfUtils.java:logGet(46)) - raft.server.retrycache.expirytime = 600000ms (custom)
2023-09-07 08:57:08,025 [c2dbcf2b-518f-41ea-bd88-da292e0ddc39-groupManagement] INFO  server.RaftServerConfigKeys (ConfUtils.java:logGet(46)) - raft.server.retrycache.statistics.expirytime = 100μs (default)
2023-09-07 08:57:08,025 [c2dbcf2b-518f-41ea-bd88-da292e0ddc39-groupManagement] INFO  server.RaftServerConfigKeys (ConfUtils.java:logGet(46)) - raft.server.read.option = DEFAULT (default)
2023-09-07 08:57:08,026 [c2dbcf2b-518f-41ea-bd88-da292e0ddc39-groupManagement] INFO  server.RaftServerConfigKeys (ConfUtils.java:logGet(46)) - raft.server.rpc.request.timeout = 60s (custom)
2023-09-07 08:57:08,026 [c2dbcf2b-518f-41ea-bd88-da292e0ddc39-groupManagement] INFO  server.RaftServerConfigKeys (ConfUtils.java:logGet(46)) - raft.server.log.appender.install.snapshot.enabled = false (custom)
2023-09-07 08:57:08,026 [c2dbcf2b-518f-41ea-bd88-da292e0ddc39-groupManagement] INFO  server.RaftServerConfigKeys (ConfUtils.java:logGet(46)) - raft.server.threadpool.server.cached = true (default)
2023-09-07 08:57:08,026 [c2dbcf2b-518f-41ea-bd88-da292e0ddc39-groupManagement] INFO  server.RaftServerConfigKeys (ConfUtils.java:logGet(46)) - raft.server.threadpool.server.size = 0 (default)
2023-09-07 08:57:08,026 [c2dbcf2b-518f-41ea-bd88-da292e0ddc39-groupManagement] INFO  server.RaftServerConfigKeys (ConfUtils.java:logGet(46)) - raft.server.threadpool.client.cached = true (default)
2023-09-07 08:57:08,026 [c2dbcf2b-518f-41ea-bd88-da292e0ddc39-groupManagement] INFO  server.RaftServerConfigKeys (ConfUtils.java:logGet(46)) - raft.server.threadpool.client.size = 0 (default)
2023-09-07 08:57:08,026 [c2dbcf2b-518f-41ea-bd88-da292e0ddc39-groupManagement] INFO  storage.RaftStorageDirectory (RaftStorageDirectoryImpl.java:analyzeStorage(137)) - The storage directory /home/runner/work/ozone/ozone/hadoop-ozone/integration-test/target/test-dir/MiniOzoneClusterImpl-4f49b7df-1fbb-48bb-ad24-05a827c4b894/datanode-0/data/ratis/2a573bfb-df92-4764-886a-54d86ef807b4 does not exist. Creating ...
2023-09-07 08:57:08,028 [c2dbcf2b-518f-41ea-bd88-da292e0ddc39-groupManagement] INFO  storage.RaftStorageDirectory (RaftStorageDirectoryImpl.java:tryLock(231)) - Lock on /home/runner/work/ozone/ozone/hadoop-ozone/integration-test/target/test-dir/MiniOzoneClusterImpl-4f49b7df-1fbb-48bb-ad24-05a827c4b894/datanode-0/data/ratis/2a573bfb-df92-4764-886a-54d86ef807b4/in_use.lock acquired by nodename 7589@fv-az793-921
2023-09-07 08:57:08,030 [c2dbcf2b-518f-41ea-bd88-da292e0ddc39-groupManagement] INFO  storage.RaftStorage (RaftStorageImpl.java:format(96)) - Storage directory /home/runner/work/ozone/ozone/hadoop-ozone/integration-test/target/test-dir/MiniOzoneClusterImpl-4f49b7df-1fbb-48bb-ad24-05a827c4b894/datanode-0/data/ratis/2a573bfb-df92-4764-886a-54d86ef807b4 has been successfully formatted.
2023-09-07 08:57:08,030 [c2dbcf2b-518f-41ea-bd88-da292e0ddc39-groupManagement] INFO  ratis.ContainerStateMachine (ContainerStateMachine.java:loadSnapshot(262)) - group-54D86EF807B4: The snapshot info is null. Setting the last applied indexto:(t:0, i:~)
2023-09-07 08:57:08,030 [c2dbcf2b-518f-41ea-bd88-da292e0ddc39-groupManagement] INFO  server.RaftServerConfigKeys (ConfUtils.java:logGet(46)) - raft.server.log.use.memory = false (default)
2023-09-07 08:57:08,030 [c2dbcf2b-518f-41ea-bd88-da292e0ddc39-groupManagement] INFO  server.RaftServerConfigKeys (ConfUtils.java:logGet(46)) - raft.server.log.purge.gap = 1000000 (custom)
2023-09-07 08:57:08,030 [c2dbcf2b-518f-41ea-bd88-da292e0ddc39-groupManagement] INFO  server.RaftServerConfigKeys (ConfUtils.java:logGet(46)) - raft.server.log.appender.buffer.byte-limit = 33554432 (custom)
2023-09-07 08:57:08,030 [c2dbcf2b-518f-41ea-bd88-da292e0ddc39-groupManagement] INFO  server.RaftServerConfigKeys (ConfUtils.java:logGet(46)) - raft.server.log.statemachine.data.read.timeout = 1000ms (default)
2023-09-07 08:57:08,031 [c2dbcf2b-518f-41ea-bd88-da292e0ddc39-groupManagement] INFO  server.RaftServerConfigKeys (ConfUtils.java:logGet(46)) - raft.server.log.purge.preservation.log.num = 0 (default)
2023-09-07 08:57:08,031 [c2dbcf2b-518f-41ea-bd88-da292e0ddc39-groupManagement] INFO  server.RaftServerConfigKeys (ConfUtils.java:logGet(46)) - raft.server.log.segment.size.max = 1048576 (custom)
2023-09-07 08:57:08,031 [c2dbcf2b-518f-41ea-bd88-da292e0ddc39-groupManagement] INFO  server.RaftServerConfigKeys (ConfUtils.java:logGet(46)) - raft.server.log.segment.cache.num.max = 2 (custom)
2023-09-07 08:57:08,031 [c2dbcf2b-518f-41ea-bd88-da292e0ddc39-groupManagement] INFO  server.RaftServerConfigKeys (ConfUtils.java:logGet(46)) - raft.server.log.segment.cache.size.max = 200MB (=209715200) (default)
2023-09-07 08:57:08,031 [EventQueue-OpenPipelineForHealthyPipelineSafeModeRule] INFO  safemode.SCMSafeModeManager (HealthyPipelineSafeModeRule.java:process(137)) - SCM in safe mode. Healthy pipelines reported count is 0, required healthy pipeline reported count is 1
2023-09-07 08:57:08,031 [c2dbcf2b-518f-41ea-bd88-da292e0ddc39-groupManagement] INFO  server.RaftServerConfigKeys (ConfUtils.java:logGet(46)) - raft.server.log.appender.buffer.byte-limit = 33554432 (custom)
2023-09-07 08:57:08,031 [c2dbcf2b-518f-41ea-bd88-da292e0ddc39-groupManagement] INFO  segmented.SegmentedRaftLogWorker (SegmentedRaftLogWorker.java:<init>(188)) - new c2dbcf2b-518f-41ea-bd88-da292e0ddc39@group-54D86EF807B4-SegmentedRaftLogWorker for RaftStorageImpl:Storage Directory /home/runner/work/ozone/ozone/hadoop-ozone/integration-test/target/test-dir/MiniOzoneClusterImpl-4f49b7df-1fbb-48bb-ad24-05a827c4b894/datanode-0/data/ratis/2a573bfb-df92-4764-886a-54d86ef807b4
2023-09-07 08:57:08,031 [c2dbcf2b-518f-41ea-bd88-da292e0ddc39-groupManagement] INFO  server.RaftServerConfigKeys (ConfUtils.java:logGet(46)) - raft.server.log.queue.byte-limit = 4294967296 (custom)
2023-09-07 08:57:08,031 [c2dbcf2b-518f-41ea-bd88-da292e0ddc39-groupManagement] INFO  server.RaftServerConfigKeys (ConfUtils.java:logGet(46)) - raft.server.log.queue.element-limit = 1024 (custom)
2023-09-07 08:57:08,031 [c2dbcf2b-518f-41ea-bd88-da292e0ddc39-groupManagement] INFO  server.RaftServerConfigKeys (ConfUtils.java:logGet(46)) - raft.server.log.segment.size.max = 1048576 (custom)
2023-09-07 08:57:08,032 [c2dbcf2b-518f-41ea-bd88-da292e0ddc39-groupManagement] INFO  server.RaftServerConfigKeys (ConfUtils.java:logGet(46)) - raft.server.log.preallocated.size = 16384 (custom)
2023-09-07 08:57:08,032 [c2dbcf2b-518f-41ea-bd88-da292e0ddc39-groupManagement] INFO  server.RaftServerConfigKeys (ConfUtils.java:logGet(46)) - raft.server.log.force.sync.num = 128 (default)
2023-09-07 08:57:08,032 [c2dbcf2b-518f-41ea-bd88-da292e0ddc39-groupManagement] INFO  server.RaftServerConfigKeys (ConfUtils.java:logGet(46)) - raft.server.log.statemachine.data.sync = true (default)
2023-09-07 08:57:08,032 [c2dbcf2b-518f-41ea-bd88-da292e0ddc39-groupManagement] INFO  server.RaftServerConfigKeys (ConfUtils.java:logGet(46)) - raft.server.log.statemachine.data.sync.timeout = 10s (default)
2023-09-07 08:57:08,032 [c2dbcf2b-518f-41ea-bd88-da292e0ddc39-groupManagement] INFO  server.RaftServerConfigKeys (ConfUtils.java:logGet(46)) - raft.server.log.statemachine.data.sync.timeout.retry = -1 (default)
2023-09-07 08:57:08,032 [c2dbcf2b-518f-41ea-bd88-da292e0ddc39-groupManagement] INFO  server.RaftServerConfigKeys (ConfUtils.java:logGet(46)) - raft.server.log.write.buffer.size = 1048576 (custom)
2023-09-07 08:57:08,033 [c2dbcf2b-518f-41ea-bd88-da292e0ddc39-groupManagement] INFO  server.RaftServerConfigKeys (ConfUtils.java:logGet(46)) - raft.server.log.appender.buffer.byte-limit = 33554432 (custom)
2023-09-07 08:57:08,039 [c2dbcf2b-518f-41ea-bd88-da292e0ddc39-groupManagement] INFO  server.RaftServerConfigKeys (ConfUtils.java:logGet(46)) - raft.server.log.unsafe-flush.enabled = false (default)
2023-09-07 08:57:08,039 [c2dbcf2b-518f-41ea-bd88-da292e0ddc39-groupManagement] INFO  server.RaftServerConfigKeys (ConfUtils.java:logGet(46)) - raft.server.log.async-flush.enabled = false (default)
2023-09-07 08:57:08,039 [c2dbcf2b-518f-41ea-bd88-da292e0ddc39-groupManagement] INFO  server.RaftServerConfigKeys (ConfUtils.java:logGet(46)) - raft.server.log.statemachine.data.caching.enabled = true (custom)
2023-09-07 08:57:08,039 [c2dbcf2b-518f-41ea-bd88-da292e0ddc39-groupManagement] INFO  segmented.SegmentedRaftLogWorker (SegmentedRaftLogWorker.java:lambda$new$0(135)) - c2dbcf2b-518f-41ea-bd88-da292e0ddc39@group-54D86EF807B4-SegmentedRaftLogWorker: flushIndex: setUnconditionally 0 -> -1
2023-09-07 08:57:08,040 [c2dbcf2b-518f-41ea-bd88-da292e0ddc39-groupManagement] INFO  segmented.SegmentedRaftLogWorker (SegmentedRaftLogWorker.java:lambda$new$0(135)) - c2dbcf2b-518f-41ea-bd88-da292e0ddc39@group-54D86EF807B4-SegmentedRaftLogWorker: safeCacheEvictIndex: setUnconditionally 0 -> -1
2023-09-07 08:57:08,040 [c2dbcf2b-518f-41ea-bd88-da292e0ddc39-groupManagement] INFO  server.RaftServer$Division (RaftServerImpl.java:start(342)) - c2dbcf2b-518f-41ea-bd88-da292e0ddc39@group-54D86EF807B4: start as a follower, conf=-1: peers:[a34f2eca-ee32-4394-bb15-3b741437dcd0|rpc:10.1.0.48:15182|admin:10.1.0.48:15181|client:10.1.0.48:15180|dataStream:10.1.0.48:15183|priority:1|startupRole:FOLLOWER, c2dbcf2b-518f-41ea-bd88-da292e0ddc39|rpc:10.1.0.48:15173|admin:10.1.0.48:15172|client:10.1.0.48:15171|dataStream:10.1.0.48:15174|priority:0|startupRole:FOLLOWER, 469bc52f-827e-4f59-b4d6-1102a4459bcd|rpc:10.1.0.48:15191|admin:10.1.0.48:15190|client:10.1.0.48:15189|dataStream:10.1.0.48:15192|priority:0|startupRole:FOLLOWER]|listeners:[], old=null
2023-09-07 08:57:08,040 [c2dbcf2b-518f-41ea-bd88-da292e0ddc39-groupManagement] INFO  server.RaftServer$Division (RaftServerImpl.java:setRole(329)) - c2dbcf2b-518f-41ea-bd88-da292e0ddc39@group-54D86EF807B4: changes role from      null to FOLLOWER at term 0 for startAsFollower
2023-09-07 08:57:08,040 [c2dbcf2b-518f-41ea-bd88-da292e0ddc39-groupManagement] INFO  impl.RoleInfo (RoleInfo.java:updateAndGet(139)) - c2dbcf2b-518f-41ea-bd88-da292e0ddc39: start c2dbcf2b-518f-41ea-bd88-da292e0ddc39@group-54D86EF807B4-FollowerState
2023-09-07 08:57:08,040 [c2dbcf2b-518f-41ea-bd88-da292e0ddc39-groupManagement] INFO  util.JmxRegister (JmxRegister.java:tryRegister(44)) - Successfully registered JMX Bean with object name Ratis:service=RaftServer,group=group-54D86EF807B4,id=c2dbcf2b-518f-41ea-bd88-da292e0ddc39
2023-09-07 08:57:08,041 [c2dbcf2b-518f-41ea-bd88-da292e0ddc39-groupManagement] INFO  server.RaftServerConfigKeys (ConfUtils.java:logGet(46)) - raft.server.snapshot.auto.trigger.enabled = true (custom)
2023-09-07 08:57:08,041 [c2dbcf2b-518f-41ea-bd88-da292e0ddc39-groupManagement] INFO  server.RaftServerConfigKeys (ConfUtils.java:logGet(46)) - raft.server.snapshot.auto.trigger.threshold = 10000 (custom)
2023-09-07 08:57:08,041 [c2dbcf2b-518f-41ea-bd88-da292e0ddc39-groupManagement] INFO  server.RaftServerConfigKeys (ConfUtils.java:logGet(46)) - raft.server.snapshot.retention.file.num = 5 (custom)
2023-09-07 08:57:08,041 [c2dbcf2b-518f-41ea-bd88-da292e0ddc39-groupManagement] INFO  server.RaftServerConfigKeys (ConfUtils.java:logGet(46)) - raft.server.log.purge.upto.snapshot.index = false (default)
2023-09-07 08:57:08,041 [PipelineCommandHandlerThread-0] INFO  ratis.XceiverServerRatis (XceiverServerRatis.java:addGroup(804)) - Created group PipelineID=2a573bfb-df92-4764-886a-54d86ef807b4
2023-09-07 08:57:08,046 [c2dbcf2b-518f-41ea-bd88-da292e0ddc39@group-54D86EF807B4-FollowerState] INFO  server.RaftServerConfigKeys (ConfUtils.java:logFallback(53)) - raft.server.rpc.first-election.timeout.min = 5s (fallback to raft.server.rpc.timeout.min)
2023-09-07 08:57:08,046 [c2dbcf2b-518f-41ea-bd88-da292e0ddc39@group-54D86EF807B4-FollowerState] INFO  server.RaftServerConfigKeys (ConfUtils.java:logFallback(53)) - raft.server.rpc.first-election.timeout.max = 5200ms (fallback to raft.server.rpc.timeout.max)
2023-09-07 08:57:08,061 [grpc-default-executor-0] INFO  server.RaftServer (RaftServerProxy.java:addNew(98)) - 469bc52f-827e-4f59-b4d6-1102a4459bcd: addNew group-54D86EF807B4:[a34f2eca-ee32-4394-bb15-3b741437dcd0|rpc:10.1.0.48:15182|admin:10.1.0.48:15181|client:10.1.0.48:15180|dataStream:10.1.0.48:15183|priority:1|startupRole:FOLLOWER, c2dbcf2b-518f-41ea-bd88-da292e0ddc39|rpc:10.1.0.48:15173|admin:10.1.0.48:15172|client:10.1.0.48:15171|dataStream:10.1.0.48:15174|priority:0|startupRole:FOLLOWER, 469bc52f-827e-4f59-b4d6-1102a4459bcd|rpc:10.1.0.48:15191|admin:10.1.0.48:15190|client:10.1.0.48:15189|dataStream:10.1.0.48:15192|priority:0|startupRole:FOLLOWER] returns group-54D86EF807B4:java.util.concurrent.CompletableFuture@765fc0be[Not completed]
2023-09-07 08:57:08,062 [469bc52f-827e-4f59-b4d6-1102a4459bcd-groupManagement] INFO  server.RaftServer$Division (RaftServerImpl.java:<init>(198)) - 469bc52f-827e-4f59-b4d6-1102a4459bcd: new RaftServerImpl for group-54D86EF807B4:[a34f2eca-ee32-4394-bb15-3b741437dcd0|rpc:10.1.0.48:15182|admin:10.1.0.48:15181|client:10.1.0.48:15180|dataStream:10.1.0.48:15183|priority:1|startupRole:FOLLOWER, c2dbcf2b-518f-41ea-bd88-da292e0ddc39|rpc:10.1.0.48:15173|admin:10.1.0.48:15172|client:10.1.0.48:15171|dataStream:10.1.0.48:15174|priority:0|startupRole:FOLLOWER, 469bc52f-827e-4f59-b4d6-1102a4459bcd|rpc:10.1.0.48:15191|admin:10.1.0.48:15190|client:10.1.0.48:15189|dataStream:10.1.0.48:15192|priority:0|startupRole:FOLLOWER] with ContainerStateMachine:uninitialized
2023-09-07 08:57:08,063 [469bc52f-827e-4f59-b4d6-1102a4459bcd-groupManagement] INFO  server.RaftServerConfigKeys (ConfUtils.java:logGet(46)) - raft.server.rpc.timeout.min = 5s (custom)
2023-09-07 08:57:08,063 [469bc52f-827e-4f59-b4d6-1102a4459bcd-groupManagement] INFO  server.RaftServerConfigKeys (ConfUtils.java:logGet(46)) - raft.server.rpc.timeout.max = 5200ms (custom)
2023-09-07 08:57:08,063 [469bc52f-827e-4f59-b4d6-1102a4459bcd-groupManagement] INFO  server.RaftServerConfigKeys (ConfUtils.java:logGet(46)) - raft.server.rpc.sleep.time = 25ms (default)
2023-09-07 08:57:08,063 [469bc52f-827e-4f59-b4d6-1102a4459bcd-groupManagement] INFO  server.RaftServerConfigKeys (ConfUtils.java:logGet(46)) - raft.server.rpc.slowness.timeout = 300s (custom)
2023-09-07 08:57:08,063 [469bc52f-827e-4f59-b4d6-1102a4459bcd-groupManagement] INFO  server.RaftServerConfigKeys (ConfUtils.java:logGet(46)) - raft.server.leaderelection.leader.step-down.wait-time = 10s (default)
2023-09-07 08:57:08,063 [469bc52f-827e-4f59-b4d6-1102a4459bcd-groupManagement] INFO  server.RaftServerConfigKeys (ConfUtils.java:logGet(46)) - raft.server.sleep.deviation.threshold = 300ms (default)
2023-09-07 08:57:08,063 [469bc52f-827e-4f59-b4d6-1102a4459bcd-groupManagement] INFO  server.RaftServer$Division (ServerState.java:<init>(120)) - 469bc52f-827e-4f59-b4d6-1102a4459bcd@group-54D86EF807B4: ConfigurationManager, init=-1: peers:[a34f2eca-ee32-4394-bb15-3b741437dcd0|rpc:10.1.0.48:15182|admin:10.1.0.48:15181|client:10.1.0.48:15180|dataStream:10.1.0.48:15183|priority:1|startupRole:FOLLOWER, c2dbcf2b-518f-41ea-bd88-da292e0ddc39|rpc:10.1.0.48:15173|admin:10.1.0.48:15172|client:10.1.0.48:15171|dataStream:10.1.0.48:15174|priority:0|startupRole:FOLLOWER, 469bc52f-827e-4f59-b4d6-1102a4459bcd|rpc:10.1.0.48:15191|admin:10.1.0.48:15190|client:10.1.0.48:15189|dataStream:10.1.0.48:15192|priority:0|startupRole:FOLLOWER]|listeners:[], old=null, confs=<EMPTY_MAP>
2023-09-07 08:57:08,063 [469bc52f-827e-4f59-b4d6-1102a4459bcd-groupManagement] INFO  server.RaftServerConfigKeys (ConfUtils.java:logGet(46)) - raft.server.storage.dir = [/home/runner/work/ozone/ozone/hadoop-ozone/integration-test/target/test-dir/MiniOzoneClusterImpl-4f49b7df-1fbb-48bb-ad24-05a827c4b894/datanode-2/data/ratis] (custom)
2023-09-07 08:57:08,063 [469bc52f-827e-4f59-b4d6-1102a4459bcd-groupManagement] INFO  server.RaftServerConfigKeys (ConfUtils.java:logGet(46)) - raft.server.log.corruption.policy = EXCEPTION (default)
2023-09-07 08:57:08,063 [469bc52f-827e-4f59-b4d6-1102a4459bcd-groupManagement] INFO  server.RaftServerConfigKeys (ConfUtils.java:logGet(46)) - raft.server.storage.free-space.min = 0MB (=0) (default)
2023-09-07 08:57:08,063 [469bc52f-827e-4f59-b4d6-1102a4459bcd-groupManagement] INFO  server.RaftServerConfigKeys (ConfUtils.java:logGet(46)) - raft.server.notification.no-leader.timeout = 300s (custom)
2023-09-07 08:57:08,063 [469bc52f-827e-4f59-b4d6-1102a4459bcd-groupManagement] INFO  server.RaftServerConfigKeys (ConfUtils.java:logGet(46)) - raft.server.read.timeout = 10s (default)
2023-09-07 08:57:08,064 [469bc52f-827e-4f59-b4d6-1102a4459bcd-groupManagement] INFO  server.RaftServerConfigKeys (ConfUtils.java:logGet(46)) - raft.server.retrycache.expirytime = 600000ms (custom)
2023-09-07 08:57:08,064 [469bc52f-827e-4f59-b4d6-1102a4459bcd-groupManagement] INFO  server.RaftServerConfigKeys (ConfUtils.java:logGet(46)) - raft.server.retrycache.statistics.expirytime = 100μs (default)
2023-09-07 08:57:08,064 [469bc52f-827e-4f59-b4d6-1102a4459bcd-groupManagement] INFO  server.RaftServerConfigKeys (ConfUtils.java:logGet(46)) - raft.server.read.option = DEFAULT (default)
2023-09-07 08:57:08,064 [469bc52f-827e-4f59-b4d6-1102a4459bcd-groupManagement] INFO  server.RaftServerConfigKeys (ConfUtils.java:logGet(46)) - raft.server.rpc.request.timeout = 60s (custom)
2023-09-07 08:57:08,064 [469bc52f-827e-4f59-b4d6-1102a4459bcd-groupManagement] INFO  server.RaftServerConfigKeys (ConfUtils.java:logGet(46)) - raft.server.log.appender.install.snapshot.enabled = false (custom)
2023-09-07 08:57:08,064 [469bc52f-827e-4f59-b4d6-1102a4459bcd-groupManagement] INFO  server.RaftServerConfigKeys (ConfUtils.java:logGet(46)) - raft.server.threadpool.server.cached = true (default)
2023-09-07 08:57:08,065 [469bc52f-827e-4f59-b4d6-1102a4459bcd-groupManagement] INFO  server.RaftServerConfigKeys (ConfUtils.java:logGet(46)) - raft.server.threadpool.server.size = 0 (default)
2023-09-07 08:57:08,065 [469bc52f-827e-4f59-b4d6-1102a4459bcd-groupManagement] INFO  server.RaftServerConfigKeys (ConfUtils.java:logGet(46)) - raft.server.threadpool.client.cached = true (default)
2023-09-07 08:57:08,065 [469bc52f-827e-4f59-b4d6-1102a4459bcd-groupManagement] INFO  server.RaftServerConfigKeys (ConfUtils.java:logGet(46)) - raft.server.threadpool.client.size = 0 (default)
2023-09-07 08:57:08,065 [469bc52f-827e-4f59-b4d6-1102a4459bcd-groupManagement] INFO  storage.RaftStorageDirectory (RaftStorageDirectoryImpl.java:analyzeStorage(137)) - The storage directory /home/runner/work/ozone/ozone/hadoop-ozone/integration-test/target/test-dir/MiniOzoneClusterImpl-4f49b7df-1fbb-48bb-ad24-05a827c4b894/datanode-2/data/ratis/2a573bfb-df92-4764-886a-54d86ef807b4 does not exist. Creating ...
2023-09-07 08:57:08,067 [469bc52f-827e-4f59-b4d6-1102a4459bcd-groupManagement] INFO  storage.RaftStorageDirectory (RaftStorageDirectoryImpl.java:tryLock(231)) - Lock on /home/runner/work/ozone/ozone/hadoop-ozone/integration-test/target/test-dir/MiniOzoneClusterImpl-4f49b7df-1fbb-48bb-ad24-05a827c4b894/datanode-2/data/ratis/2a573bfb-df92-4764-886a-54d86ef807b4/in_use.lock acquired by nodename 7589@fv-az793-921
2023-09-07 08:57:08,068 [469bc52f-827e-4f59-b4d6-1102a4459bcd-groupManagement] INFO  storage.RaftStorage (RaftStorageImpl.java:format(96)) - Storage directory /home/runner/work/ozone/ozone/hadoop-ozone/integration-test/target/test-dir/MiniOzoneClusterImpl-4f49b7df-1fbb-48bb-ad24-05a827c4b894/datanode-2/data/ratis/2a573bfb-df92-4764-886a-54d86ef807b4 has been successfully formatted.
2023-09-07 08:57:08,069 [469bc52f-827e-4f59-b4d6-1102a4459bcd-groupManagement] INFO  ratis.ContainerStateMachine (ContainerStateMachine.java:loadSnapshot(262)) - group-54D86EF807B4: The snapshot info is null. Setting the last applied indexto:(t:0, i:~)
2023-09-07 08:57:08,069 [469bc52f-827e-4f59-b4d6-1102a4459bcd-groupManagement] INFO  server.RaftServerConfigKeys (ConfUtils.java:logGet(46)) - raft.server.log.use.memory = false (default)
2023-09-07 08:57:08,069 [469bc52f-827e-4f59-b4d6-1102a4459bcd-groupManagement] INFO  server.RaftServerConfigKeys (ConfUtils.java:logGet(46)) - raft.server.log.purge.gap = 1000000 (custom)
2023-09-07 08:57:08,069 [469bc52f-827e-4f59-b4d6-1102a4459bcd-groupManagement] INFO  server.RaftServerConfigKeys (ConfUtils.java:logGet(46)) - raft.server.log.appender.buffer.byte-limit = 33554432 (custom)
2023-09-07 08:57:08,069 [469bc52f-827e-4f59-b4d6-1102a4459bcd-groupManagement] INFO  server.RaftServerConfigKeys (ConfUtils.java:logGet(46)) - raft.server.log.statemachine.data.read.timeout = 1000ms (default)
2023-09-07 08:57:08,069 [469bc52f-827e-4f59-b4d6-1102a4459bcd-groupManagement] INFO  server.RaftServerConfigKeys (ConfUtils.java:logGet(46)) - raft.server.log.purge.preservation.log.num = 0 (default)
2023-09-07 08:57:08,069 [469bc52f-827e-4f59-b4d6-1102a4459bcd-groupManagement] INFO  server.RaftServerConfigKeys (ConfUtils.java:logGet(46)) - raft.server.log.segment.size.max = 1048576 (custom)
2023-09-07 08:57:08,070 [469bc52f-827e-4f59-b4d6-1102a4459bcd-groupManagement] INFO  server.RaftServerConfigKeys (ConfUtils.java:logGet(46)) - raft.server.log.segment.cache.num.max = 2 (custom)
2023-09-07 08:57:08,070 [469bc52f-827e-4f59-b4d6-1102a4459bcd-groupManagement] INFO  server.RaftServerConfigKeys (ConfUtils.java:logGet(46)) - raft.server.log.segment.cache.size.max = 200MB (=209715200) (default)
2023-09-07 08:57:08,070 [469bc52f-827e-4f59-b4d6-1102a4459bcd-groupManagement] INFO  server.RaftServerConfigKeys (ConfUtils.java:logGet(46)) - raft.server.log.appender.buffer.byte-limit = 33554432 (custom)
2023-09-07 08:57:08,070 [469bc52f-827e-4f59-b4d6-1102a4459bcd-groupManagement] INFO  segmented.SegmentedRaftLogWorker (SegmentedRaftLogWorker.java:<init>(188)) - new 469bc52f-827e-4f59-b4d6-1102a4459bcd@group-54D86EF807B4-SegmentedRaftLogWorker for RaftStorageImpl:Storage Directory /home/runner/work/ozone/ozone/hadoop-ozone/integration-test/target/test-dir/MiniOzoneClusterImpl-4f49b7df-1fbb-48bb-ad24-05a827c4b894/datanode-2/data/ratis/2a573bfb-df92-4764-886a-54d86ef807b4
2023-09-07 08:57:08,070 [469bc52f-827e-4f59-b4d6-1102a4459bcd-groupManagement] INFO  server.RaftServerConfigKeys (ConfUtils.java:logGet(46)) - raft.server.log.queue.byte-limit = 4294967296 (custom)
2023-09-07 08:57:08,070 [469bc52f-827e-4f59-b4d6-1102a4459bcd-groupManagement] INFO  server.RaftServerConfigKeys (ConfUtils.java:logGet(46)) - raft.server.log.queue.element-limit = 1024 (custom)
2023-09-07 08:57:08,070 [469bc52f-827e-4f59-b4d6-1102a4459bcd-groupManagement] INFO  server.RaftServerConfigKeys (ConfUtils.java:logGet(46)) - raft.server.log.segment.size.max = 1048576 (custom)
2023-09-07 08:57:08,070 [469bc52f-827e-4f59-b4d6-1102a4459bcd-groupManagement] INFO  server.RaftServerConfigKeys (ConfUtils.java:logGet(46)) - raft.server.log.preallocated.size = 16384 (custom)
2023-09-07 08:57:08,070 [469bc52f-827e-4f59-b4d6-1102a4459bcd-groupManagement] INFO  server.RaftServerConfigKeys (ConfUtils.java:logGet(46)) - raft.server.log.force.sync.num = 128 (default)
2023-09-07 08:57:08,070 [469bc52f-827e-4f59-b4d6-1102a4459bcd-groupManagement] INFO  server.RaftServerConfigKeys (ConfUtils.java:logGet(46)) - raft.server.log.statemachine.data.sync = true (default)
2023-09-07 08:57:08,070 [469bc52f-827e-4f59-b4d6-1102a4459bcd-groupManagement] INFO  server.RaftServerConfigKeys (ConfUtils.java:logGet(46)) - raft.server.log.statemachine.data.sync.timeout = 10s (default)
2023-09-07 08:57:08,070 [469bc52f-827e-4f59-b4d6-1102a4459bcd-groupManagement] INFO  server.RaftServerConfigKeys (ConfUtils.java:logGet(46)) - raft.server.log.statemachine.data.sync.timeout.retry = -1 (default)
2023-09-07 08:57:08,071 [469bc52f-827e-4f59-b4d6-1102a4459bcd-groupManagement] INFO  server.RaftServerConfigKeys (ConfUtils.java:logGet(46)) - raft.server.log.write.buffer.size = 1048576 (custom)
2023-09-07 08:57:08,071 [469bc52f-827e-4f59-b4d6-1102a4459bcd-groupManagement] INFO  server.RaftServerConfigKeys (ConfUtils.java:logGet(46)) - raft.server.log.appender.buffer.byte-limit = 33554432 (custom)
2023-09-07 08:57:08,082 [469bc52f-827e-4f59-b4d6-1102a4459bcd-groupManagement] INFO  server.RaftServerConfigKeys (ConfUtils.java:logGet(46)) - raft.server.log.unsafe-flush.enabled = false (default)
2023-09-07 08:57:08,082 [469bc52f-827e-4f59-b4d6-1102a4459bcd-groupManagement] INFO  server.RaftServerConfigKeys (ConfUtils.java:logGet(46)) - raft.server.log.async-flush.enabled = false (default)
2023-09-07 08:57:08,082 [469bc52f-827e-4f59-b4d6-1102a4459bcd-groupManagement] INFO  server.RaftServerConfigKeys (ConfUtils.java:logGet(46)) - raft.server.log.statemachine.data.caching.enabled = true (custom)
2023-09-07 08:57:08,083 [469bc52f-827e-4f59-b4d6-1102a4459bcd-groupManagement] INFO  segmented.SegmentedRaftLogWorker (SegmentedRaftLogWorker.java:lambda$new$0(135)) - 469bc52f-827e-4f59-b4d6-1102a4459bcd@group-54D86EF807B4-SegmentedRaftLogWorker: flushIndex: setUnconditionally 0 -> -1
2023-09-07 08:57:08,083 [469bc52f-827e-4f59-b4d6-1102a4459bcd-groupManagement] INFO  segmented.SegmentedRaftLogWorker (SegmentedRaftLogWorker.java:lambda$new$0(135)) - 469bc52f-827e-4f59-b4d6-1102a4459bcd@group-54D86EF807B4-SegmentedRaftLogWorker: safeCacheEvictIndex: setUnconditionally 0 -> -1
2023-09-07 08:57:08,083 [469bc52f-827e-4f59-b4d6-1102a4459bcd-groupManagement] INFO  server.RaftServer$Division (RaftServerImpl.java:start(342)) - 469bc52f-827e-4f59-b4d6-1102a4459bcd@group-54D86EF807B4: start as a follower, conf=-1: peers:[a34f2eca-ee32-4394-bb15-3b741437dcd0|rpc:10.1.0.48:15182|admin:10.1.0.48:15181|client:10.1.0.48:15180|dataStream:10.1.0.48:15183|priority:1|startupRole:FOLLOWER, c2dbcf2b-518f-41ea-bd88-da292e0ddc39|rpc:10.1.0.48:15173|admin:10.1.0.48:15172|client:10.1.0.48:15171|dataStream:10.1.0.48:15174|priority:0|startupRole:FOLLOWER, 469bc52f-827e-4f59-b4d6-1102a4459bcd|rpc:10.1.0.48:15191|admin:10.1.0.48:15190|client:10.1.0.48:15189|dataStream:10.1.0.48:15192|priority:0|startupRole:FOLLOWER]|listeners:[], old=null
2023-09-07 08:57:08,083 [469bc52f-827e-4f59-b4d6-1102a4459bcd-groupManagement] INFO  server.RaftServer$Division (RaftServerImpl.java:setRole(329)) - 469bc52f-827e-4f59-b4d6-1102a4459bcd@group-54D86EF807B4: changes role from      null to FOLLOWER at term 0 for startAsFollower
2023-09-07 08:57:08,083 [469bc52f-827e-4f59-b4d6-1102a4459bcd-groupManagement] INFO  impl.RoleInfo (RoleInfo.java:updateAndGet(139)) - 469bc52f-827e-4f59-b4d6-1102a4459bcd: start 469bc52f-827e-4f59-b4d6-1102a4459bcd@group-54D86EF807B4-FollowerState
2023-09-07 08:57:08,084 [469bc52f-827e-4f59-b4d6-1102a4459bcd-groupManagement] INFO  util.JmxRegister (JmxRegister.java:tryRegister(44)) - Successfully registered JMX Bean with object name Ratis:service=RaftServer,group=group-54D86EF807B4,id=469bc52f-827e-4f59-b4d6-1102a4459bcd
2023-09-07 08:57:08,084 [469bc52f-827e-4f59-b4d6-1102a4459bcd@group-54D86EF807B4-FollowerState] INFO  server.RaftServerConfigKeys (ConfUtils.java:logFallback(53)) - raft.server.rpc.first-election.timeout.min = 5s (fallback to raft.server.rpc.timeout.min)
2023-09-07 08:57:08,084 [469bc52f-827e-4f59-b4d6-1102a4459bcd-groupManagement] INFO  server.RaftServerConfigKeys (ConfUtils.java:logGet(46)) - raft.server.snapshot.auto.trigger.enabled = true (custom)
2023-09-07 08:57:08,084 [469bc52f-827e-4f59-b4d6-1102a4459bcd@group-54D86EF807B4-FollowerState] INFO  server.RaftServerConfigKeys (ConfUtils.java:logFallback(53)) - raft.server.rpc.first-election.timeout.max = 5200ms (fallback to raft.server.rpc.timeout.max)
2023-09-07 08:57:08,084 [469bc52f-827e-4f59-b4d6-1102a4459bcd-groupManagement] INFO  server.RaftServerConfigKeys (ConfUtils.java:logGet(46)) - raft.server.snapshot.auto.trigger.threshold = 10000 (custom)
2023-09-07 08:57:08,084 [469bc52f-827e-4f59-b4d6-1102a4459bcd-groupManagement] INFO  server.RaftServerConfigKeys (ConfUtils.java:logGet(46)) - raft.server.snapshot.retention.file.num = 5 (custom)
2023-09-07 08:57:08,084 [469bc52f-827e-4f59-b4d6-1102a4459bcd-groupManagement] INFO  server.RaftServerConfigKeys (ConfUtils.java:logGet(46)) - raft.server.log.purge.upto.snapshot.index = false (default)
2023-09-07 08:57:08,109 [grpc-default-executor-0] INFO  server.RaftServer (RaftServerProxy.java:addNew(98)) - a34f2eca-ee32-4394-bb15-3b741437dcd0: addNew group-54D86EF807B4:[a34f2eca-ee32-4394-bb15-3b741437dcd0|rpc:10.1.0.48:15182|admin:10.1.0.48:15181|client:10.1.0.48:15180|dataStream:10.1.0.48:15183|priority:1|startupRole:FOLLOWER, c2dbcf2b-518f-41ea-bd88-da292e0ddc39|rpc:10.1.0.48:15173|admin:10.1.0.48:15172|client:10.1.0.48:15171|dataStream:10.1.0.48:15174|priority:0|startupRole:FOLLOWER, 469bc52f-827e-4f59-b4d6-1102a4459bcd|rpc:10.1.0.48:15191|admin:10.1.0.48:15190|client:10.1.0.48:15189|dataStream:10.1.0.48:15192|priority:0|startupRole:FOLLOWER] returns group-54D86EF807B4:java.util.concurrent.CompletableFuture@47b48ac5[Not completed]
2023-09-07 08:57:08,110 [a34f2eca-ee32-4394-bb15-3b741437dcd0-groupManagement] INFO  server.RaftServer$Division (RaftServerImpl.java:<init>(198)) - a34f2eca-ee32-4394-bb15-3b741437dcd0: new RaftServerImpl for group-54D86EF807B4:[a34f2eca-ee32-4394-bb15-3b741437dcd0|rpc:10.1.0.48:15182|admin:10.1.0.48:15181|client:10.1.0.48:15180|dataStream:10.1.0.48:15183|priority:1|startupRole:FOLLOWER, c2dbcf2b-518f-41ea-bd88-da292e0ddc39|rpc:10.1.0.48:15173|admin:10.1.0.48:15172|client:10.1.0.48:15171|dataStream:10.1.0.48:15174|priority:0|startupRole:FOLLOWER, 469bc52f-827e-4f59-b4d6-1102a4459bcd|rpc:10.1.0.48:15191|admin:10.1.0.48:15190|client:10.1.0.48:15189|dataStream:10.1.0.48:15192|priority:0|startupRole:FOLLOWER] with ContainerStateMachine:uninitialized
2023-09-07 08:57:08,110 [a34f2eca-ee32-4394-bb15-3b741437dcd0-groupManagement] INFO  server.RaftServerConfigKeys (ConfUtils.java:logGet(46)) - raft.server.rpc.timeout.min = 5s (custom)
2023-09-07 08:57:08,110 [a34f2eca-ee32-4394-bb15-3b741437dcd0-groupManagement] INFO  server.RaftServerConfigKeys (ConfUtils.java:logGet(46)) - raft.server.rpc.timeout.max = 5200ms (custom)
2023-09-07 08:57:08,110 [a34f2eca-ee32-4394-bb15-3b741437dcd0-groupManagement] INFO  server.RaftServerConfigKeys (ConfUtils.java:logGet(46)) - raft.server.rpc.sleep.time = 25ms (default)
2023-09-07 08:57:08,110 [a34f2eca-ee32-4394-bb15-3b741437dcd0-groupManagement] INFO  server.RaftServerConfigKeys (ConfUtils.java:logGet(46)) - raft.server.rpc.slowness.timeout = 300s (custom)
2023-09-07 08:57:08,110 [a34f2eca-ee32-4394-bb15-3b741437dcd0-groupManagement] INFO  server.RaftServerConfigKeys (ConfUtils.java:logGet(46)) - raft.server.leaderelection.leader.step-down.wait-time = 10s (default)
2023-09-07 08:57:08,110 [a34f2eca-ee32-4394-bb15-3b741437dcd0-groupManagement] INFO  server.RaftServerConfigKeys (ConfUtils.java:logGet(46)) - raft.server.sleep.deviation.threshold = 300ms (default)
2023-09-07 08:57:08,111 [a34f2eca-ee32-4394-bb15-3b741437dcd0-groupManagement] INFO  server.RaftServer$Division (ServerState.java:<init>(120)) - a34f2eca-ee32-4394-bb15-3b741437dcd0@group-54D86EF807B4: ConfigurationManager, init=-1: peers:[a34f2eca-ee32-4394-bb15-3b741437dcd0|rpc:10.1.0.48:15182|admin:10.1.0.48:15181|client:10.1.0.48:15180|dataStream:10.1.0.48:15183|priority:1|startupRole:FOLLOWER, c2dbcf2b-518f-41ea-bd88-da292e0ddc39|rpc:10.1.0.48:15173|admin:10.1.0.48:15172|client:10.1.0.48:15171|dataStream:10.1.0.48:15174|priority:0|startupRole:FOLLOWER, 469bc52f-827e-4f59-b4d6-1102a4459bcd|rpc:10.1.0.48:15191|admin:10.1.0.48:15190|client:10.1.0.48:15189|dataStream:10.1.0.48:15192|priority:0|startupRole:FOLLOWER]|listeners:[], old=null, confs=<EMPTY_MAP>
2023-09-07 08:57:08,111 [a34f2eca-ee32-4394-bb15-3b741437dcd0-groupManagement] INFO  server.RaftServerConfigKeys (ConfUtils.java:logGet(46)) - raft.server.storage.dir = [/home/runner/work/ozone/ozone/hadoop-ozone/integration-test/target/test-dir/MiniOzoneClusterImpl-4f49b7df-1fbb-48bb-ad24-05a827c4b894/datanode-1/data/ratis] (custom)
2023-09-07 08:57:08,111 [a34f2eca-ee32-4394-bb15-3b741437dcd0-groupManagement] INFO  server.RaftServerConfigKeys (ConfUtils.java:logGet(46)) - raft.server.log.corruption.policy = EXCEPTION (default)
2023-09-07 08:57:08,111 [a34f2eca-ee32-4394-bb15-3b741437dcd0-groupManagement] INFO  server.RaftServerConfigKeys (ConfUtils.java:logGet(46)) - raft.server.storage.free-space.min = 0MB (=0) (default)
2023-09-07 08:57:08,111 [a34f2eca-ee32-4394-bb15-3b741437dcd0-groupManagement] INFO  server.RaftServerConfigKeys (ConfUtils.java:logGet(46)) - raft.server.notification.no-leader.timeout = 300s (custom)
2023-09-07 08:57:08,111 [a34f2eca-ee32-4394-bb15-3b741437dcd0-groupManagement] INFO  server.RaftServerConfigKeys (ConfUtils.java:logGet(46)) - raft.server.read.timeout = 10s (default)
2023-09-07 08:57:08,111 [a34f2eca-ee32-4394-bb15-3b741437dcd0-groupManagement] INFO  server.RaftServerConfigKeys (ConfUtils.java:logGet(46)) - raft.server.retrycache.expirytime = 600000ms (custom)
2023-09-07 08:57:08,111 [a34f2eca-ee32-4394-bb15-3b741437dcd0-groupManagement] INFO  server.RaftServerConfigKeys (ConfUtils.java:logGet(46)) - raft.server.retrycache.statistics.expirytime = 100μs (default)
2023-09-07 08:57:08,111 [a34f2eca-ee32-4394-bb15-3b741437dcd0-groupManagement] INFO  server.RaftServerConfigKeys (ConfUtils.java:logGet(46)) - raft.server.read.option = DEFAULT (default)
2023-09-07 08:57:08,112 [a34f2eca-ee32-4394-bb15-3b741437dcd0-groupManagement] INFO  server.RaftServerConfigKeys (ConfUtils.java:logGet(46)) - raft.server.rpc.request.timeout = 60s (custom)
2023-09-07 08:57:08,112 [a34f2eca-ee32-4394-bb15-3b741437dcd0-groupManagement] INFO  server.RaftServerConfigKeys (ConfUtils.java:logGet(46)) - raft.server.log.appender.install.snapshot.enabled = false (custom)
2023-09-07 08:57:08,112 [a34f2eca-ee32-4394-bb15-3b741437dcd0-groupManagement] INFO  server.RaftServerConfigKeys (ConfUtils.java:logGet(46)) - raft.server.threadpool.server.cached = true (default)
2023-09-07 08:57:08,112 [a34f2eca-ee32-4394-bb15-3b741437dcd0-groupManagement] INFO  server.RaftServerConfigKeys (ConfUtils.java:logGet(46)) - raft.server.threadpool.server.size = 0 (default)
2023-09-07 08:57:08,112 [a34f2eca-ee32-4394-bb15-3b741437dcd0-groupManagement] INFO  server.RaftServerConfigKeys (ConfUtils.java:logGet(46)) - raft.server.threadpool.client.cached = true (default)
2023-09-07 08:57:08,112 [a34f2eca-ee32-4394-bb15-3b741437dcd0-groupManagement] INFO  server.RaftServerConfigKeys (ConfUtils.java:logGet(46)) - raft.server.threadpool.client.size = 0 (default)
2023-09-07 08:57:08,112 [a34f2eca-ee32-4394-bb15-3b741437dcd0-groupManagement] INFO  storage.RaftStorageDirectory (RaftStorageDirectoryImpl.java:analyzeStorage(137)) - The storage directory /home/runner/work/ozone/ozone/hadoop-ozone/integration-test/target/test-dir/MiniOzoneClusterImpl-4f49b7df-1fbb-48bb-ad24-05a827c4b894/datanode-1/data/ratis/2a573bfb-df92-4764-886a-54d86ef807b4 does not exist. Creating ...
2023-09-07 08:57:08,115 [a34f2eca-ee32-4394-bb15-3b741437dcd0-groupManagement] INFO  storage.RaftStorageDirectory (RaftStorageDirectoryImpl.java:tryLock(231)) - Lock on /home/runner/work/ozone/ozone/hadoop-ozone/integration-test/target/test-dir/MiniOzoneClusterImpl-4f49b7df-1fbb-48bb-ad24-05a827c4b894/datanode-1/data/ratis/2a573bfb-df92-4764-886a-54d86ef807b4/in_use.lock acquired by nodename 7589@fv-az793-921
2023-09-07 08:57:08,117 [a34f2eca-ee32-4394-bb15-3b741437dcd0-groupManagement] INFO  storage.RaftStorage (RaftStorageImpl.java:format(96)) - Storage directory /home/runner/work/ozone/ozone/hadoop-ozone/integration-test/target/test-dir/MiniOzoneClusterImpl-4f49b7df-1fbb-48bb-ad24-05a827c4b894/datanode-1/data/ratis/2a573bfb-df92-4764-886a-54d86ef807b4 has been successfully formatted.
2023-09-07 08:57:08,117 [a34f2eca-ee32-4394-bb15-3b741437dcd0-groupManagement] INFO  ratis.ContainerStateMachine (ContainerStateMachine.java:loadSnapshot(262)) - group-54D86EF807B4: The snapshot info is null. Setting the last applied indexto:(t:0, i:~)
2023-09-07 08:57:08,117 [a34f2eca-ee32-4394-bb15-3b741437dcd0-groupManagement] INFO  server.RaftServerConfigKeys (ConfUtils.java:logGet(46)) - raft.server.log.use.memory = false (default)
2023-09-07 08:57:08,117 [a34f2eca-ee32-4394-bb15-3b741437dcd0-groupManagement] INFO  server.RaftServerConfigKeys (ConfUtils.java:logGet(46)) - raft.server.log.purge.gap = 1000000 (custom)
2023-09-07 08:57:08,117 [a34f2eca-ee32-4394-bb15-3b741437dcd0-groupManagement] INFO  server.RaftServerConfigKeys (ConfUtils.java:logGet(46)) - raft.server.log.appender.buffer.byte-limit = 33554432 (custom)
2023-09-07 08:57:08,117 [a34f2eca-ee32-4394-bb15-3b741437dcd0-groupManagement] INFO  server.RaftServerConfigKeys (ConfUtils.java:logGet(46)) - raft.server.log.statemachine.data.read.timeout = 1000ms (default)
2023-09-07 08:57:08,117 [a34f2eca-ee32-4394-bb15-3b741437dcd0-groupManagement] INFO  server.RaftServerConfigKeys (ConfUtils.java:logGet(46)) - raft.server.log.purge.preservation.log.num = 0 (default)
2023-09-07 08:57:08,118 [a34f2eca-ee32-4394-bb15-3b741437dcd0-groupManagement] INFO  server.RaftServerConfigKeys (ConfUtils.java:logGet(46)) - raft.server.log.segment.size.max = 1048576 (custom)
2023-09-07 08:57:08,118 [a34f2eca-ee32-4394-bb15-3b741437dcd0-groupManagement] INFO  server.RaftServerConfigKeys (ConfUtils.java:logGet(46)) - raft.server.log.segment.cache.num.max = 2 (custom)
2023-09-07 08:57:08,118 [a34f2eca-ee32-4394-bb15-3b741437dcd0-groupManagement] INFO  server.RaftServerConfigKeys (ConfUtils.java:logGet(46)) - raft.server.log.segment.cache.size.max = 200MB (=209715200) (default)
2023-09-07 08:57:08,118 [a34f2eca-ee32-4394-bb15-3b741437dcd0-groupManagement] INFO  server.RaftServerConfigKeys (ConfUtils.java:logGet(46)) - raft.server.log.appender.buffer.byte-limit = 33554432 (custom)
2023-09-07 08:57:08,118 [a34f2eca-ee32-4394-bb15-3b741437dcd0-groupManagement] INFO  segmented.SegmentedRaftLogWorker (SegmentedRaftLogWorker.java:<init>(188)) - new a34f2eca-ee32-4394-bb15-3b741437dcd0@group-54D86EF807B4-SegmentedRaftLogWorker for RaftStorageImpl:Storage Directory /home/runner/work/ozone/ozone/hadoop-ozone/integration-test/target/test-dir/MiniOzoneClusterImpl-4f49b7df-1fbb-48bb-ad24-05a827c4b894/datanode-1/data/ratis/2a573bfb-df92-4764-886a-54d86ef807b4
2023-09-07 08:57:08,118 [a34f2eca-ee32-4394-bb15-3b741437dcd0-groupManagement] INFO  server.RaftServerConfigKeys (ConfUtils.java:logGet(46)) - raft.server.log.queue.byte-limit = 4294967296 (custom)
2023-09-07 08:57:08,118 [a34f2eca-ee32-4394-bb15-3b741437dcd0-groupManagement] INFO  server.RaftServerConfigKeys (ConfUtils.java:logGet(46)) - raft.server.log.queue.element-limit = 1024 (custom)
2023-09-07 08:57:08,118 [a34f2eca-ee32-4394-bb15-3b741437dcd0-groupManagement] INFO  server.RaftServerConfigKeys (ConfUtils.java:logGet(46)) - raft.server.log.segment.size.max = 1048576 (custom)
2023-09-07 08:57:08,118 [a34f2eca-ee32-4394-bb15-3b741437dcd0-groupManagement] INFO  server.RaftServerConfigKeys (ConfUtils.java:logGet(46)) - raft.server.log.preallocated.size = 16384 (custom)
2023-09-07 08:57:08,118 [a34f2eca-ee32-4394-bb15-3b741437dcd0-groupManagement] INFO  server.RaftServerConfigKeys (ConfUtils.java:logGet(46)) - raft.server.log.force.sync.num = 128 (default)
2023-09-07 08:57:08,118 [a34f2eca-ee32-4394-bb15-3b741437dcd0-groupManagement] INFO  server.RaftServerConfigKeys (ConfUtils.java:logGet(46)) - raft.server.log.statemachine.data.sync = true (default)
2023-09-07 08:57:08,118 [a34f2eca-ee32-4394-bb15-3b741437dcd0-groupManagement] INFO  server.RaftServerConfigKeys (ConfUtils.java:logGet(46)) - raft.server.log.statemachine.data.sync.timeout = 10s (default)
2023-09-07 08:57:08,119 [a34f2eca-ee32-4394-bb15-3b741437dcd0-groupManagement] INFO  server.RaftServerConfigKeys (ConfUtils.java:logGet(46)) - raft.server.log.statemachine.data.sync.timeout.retry = -1 (default)
2023-09-07 08:57:08,119 [a34f2eca-ee32-4394-bb15-3b741437dcd0-groupManagement] INFO  server.RaftServerConfigKeys (ConfUtils.java:logGet(46)) - raft.server.log.write.buffer.size = 1048576 (custom)
2023-09-07 08:57:08,120 [a34f2eca-ee32-4394-bb15-3b741437dcd0-groupManagement] INFO  server.RaftServerConfigKeys (ConfUtils.java:logGet(46)) - raft.server.log.appender.buffer.byte-limit = 33554432 (custom)
2023-09-07 08:57:08,129 [a34f2eca-ee32-4394-bb15-3b741437dcd0-groupManagement] INFO  server.RaftServerConfigKeys (ConfUtils.java:logGet(46)) - raft.server.log.unsafe-flush.enabled = false (default)
2023-09-07 08:57:08,129 [a34f2eca-ee32-4394-bb15-3b741437dcd0-groupManagement] INFO  server.RaftServerConfigKeys (ConfUtils.java:logGet(46)) - raft.server.log.async-flush.enabled = false (default)
2023-09-07 08:57:08,129 [a34f2eca-ee32-4394-bb15-3b741437dcd0-groupManagement] INFO  server.RaftServerConfigKeys (ConfUtils.java:logGet(46)) - raft.server.log.statemachine.data.caching.enabled = true (custom)
2023-09-07 08:57:08,130 [a34f2eca-ee32-4394-bb15-3b741437dcd0-groupManagement] INFO  segmented.SegmentedRaftLogWorker (SegmentedRaftLogWorker.java:lambda$new$0(135)) - a34f2eca-ee32-4394-bb15-3b741437dcd0@group-54D86EF807B4-SegmentedRaftLogWorker: flushIndex: setUnconditionally 0 -> -1
2023-09-07 08:57:08,130 [a34f2eca-ee32-4394-bb15-3b741437dcd0-groupManagement] INFO  segmented.SegmentedRaftLogWorker (SegmentedRaftLogWorker.java:lambda$new$0(135)) - a34f2eca-ee32-4394-bb15-3b741437dcd0@group-54D86EF807B4-SegmentedRaftLogWorker: safeCacheEvictIndex: setUnconditionally 0 -> -1
2023-09-07 08:57:08,130 [a34f2eca-ee32-4394-bb15-3b741437dcd0-groupManagement] INFO  server.RaftServer$Division (RaftServerImpl.java:start(342)) - a34f2eca-ee32-4394-bb15-3b741437dcd0@group-54D86EF807B4: start as a follower, conf=-1: peers:[a34f2eca-ee32-4394-bb15-3b741437dcd0|rpc:10.1.0.48:15182|admin:10.1.0.48:15181|client:10.1.0.48:15180|dataStream:10.1.0.48:15183|priority:1|startupRole:FOLLOWER, c2dbcf2b-518f-41ea-bd88-da292e0ddc39|rpc:10.1.0.48:15173|admin:10.1.0.48:15172|client:10.1.0.48:15171|dataStream:10.1.0.48:15174|priority:0|startupRole:FOLLOWER, 469bc52f-827e-4f59-b4d6-1102a4459bcd|rpc:10.1.0.48:15191|admin:10.1.0.48:15190|client:10.1.0.48:15189|dataStream:10.1.0.48:15192|priority:0|startupRole:FOLLOWER]|listeners:[], old=null
2023-09-07 08:57:08,130 [a34f2eca-ee32-4394-bb15-3b741437dcd0-groupManagement] INFO  server.RaftServer$Division (RaftServerImpl.java:setRole(329)) - a34f2eca-ee32-4394-bb15-3b741437dcd0@group-54D86EF807B4: changes role from      null to FOLLOWER at term 0 for startAsFollower
2023-09-07 08:57:08,130 [a34f2eca-ee32-4394-bb15-3b741437dcd0-groupManagement] INFO  impl.RoleInfo (RoleInfo.java:updateAndGet(139)) - a34f2eca-ee32-4394-bb15-3b741437dcd0: start a34f2eca-ee32-4394-bb15-3b741437dcd0@group-54D86EF807B4-FollowerState
2023-09-07 08:57:08,130 [a34f2eca-ee32-4394-bb15-3b741437dcd0@group-54D86EF807B4-FollowerState] INFO  server.RaftServerConfigKeys (ConfUtils.java:logFallback(53)) - raft.server.rpc.first-election.timeout.min = 5s (fallback to raft.server.rpc.timeout.min)
2023-09-07 08:57:08,130 [a34f2eca-ee32-4394-bb15-3b741437dcd0-groupManagement] INFO  util.JmxRegister (JmxRegister.java:tryRegister(44)) - Successfully registered JMX Bean with object name Ratis:service=RaftServer,group=group-54D86EF807B4,id=a34f2eca-ee32-4394-bb15-3b741437dcd0
2023-09-07 08:57:08,131 [a34f2eca-ee32-4394-bb15-3b741437dcd0@group-54D86EF807B4-FollowerState] INFO  server.RaftServerConfigKeys (ConfUtils.java:logFallback(53)) - raft.server.rpc.first-election.timeout.max = 5200ms (fallback to raft.server.rpc.timeout.max)
2023-09-07 08:57:08,131 [a34f2eca-ee32-4394-bb15-3b741437dcd0-groupManagement] INFO  server.RaftServerConfigKeys (ConfUtils.java:logGet(46)) - raft.server.snapshot.auto.trigger.enabled = true (custom)
2023-09-07 08:57:08,131 [a34f2eca-ee32-4394-bb15-3b741437dcd0-groupManagement] INFO  server.RaftServerConfigKeys (ConfUtils.java:logGet(46)) - raft.server.snapshot.auto.trigger.threshold = 10000 (custom)
2023-09-07 08:57:08,131 [a34f2eca-ee32-4394-bb15-3b741437dcd0-groupManagement] INFO  server.RaftServerConfigKeys (ConfUtils.java:logGet(46)) - raft.server.snapshot.retention.file.num = 5 (custom)
2023-09-07 08:57:08,131 [a34f2eca-ee32-4394-bb15-3b741437dcd0-groupManagement] INFO  server.RaftServerConfigKeys (ConfUtils.java:logGet(46)) - raft.server.log.purge.upto.snapshot.index = false (default)
2023-09-07 08:57:08,138 [PipelineCommandHandlerThread-0] INFO  commandhandler.CreatePipelineCommandHandler (CreatePipelineCommandHandler.java:lambda$handle$2(124)) - Created Pipeline RATIS THREE PipelineID=2a573bfb-df92-4764-886a-54d86ef807b4.
2023-09-07 08:57:08,183 [PipelineCommandHandlerThread-0] INFO  server.RaftServer (RaftServerProxy.java:addNew(98)) - a34f2eca-ee32-4394-bb15-3b741437dcd0: addNew group-CD47F4EA6070:[a34f2eca-ee32-4394-bb15-3b741437dcd0|rpc:10.1.0.48:15182|admin:10.1.0.48:15181|client:10.1.0.48:15180|dataStream:10.1.0.48:15183|priority:1|startupRole:FOLLOWER] returns group-CD47F4EA6070:java.util.concurrent.CompletableFuture@5b06387a[Not completed]
2023-09-07 08:57:08,184 [a34f2eca-ee32-4394-bb15-3b741437dcd0-groupManagement] INFO  server.RaftServer$Division (RaftServerImpl.java:<init>(198)) - a34f2eca-ee32-4394-bb15-3b741437dcd0: new RaftServerImpl for group-CD47F4EA6070:[a34f2eca-ee32-4394-bb15-3b741437dcd0|rpc:10.1.0.48:15182|admin:10.1.0.48:15181|client:10.1.0.48:15180|dataStream:10.1.0.48:15183|priority:1|startupRole:FOLLOWER] with ContainerStateMachine:uninitialized
2023-09-07 08:57:08,185 [a34f2eca-ee32-4394-bb15-3b741437dcd0-groupManagement] INFO  server.RaftServerConfigKeys (ConfUtils.java:logGet(46)) - raft.server.rpc.timeout.min = 5s (custom)
2023-09-07 08:57:08,185 [a34f2eca-ee32-4394-bb15-3b741437dcd0-groupManagement] INFO  server.RaftServerConfigKeys (ConfUtils.java:logGet(46)) - raft.server.rpc.timeout.max = 5200ms (custom)
2023-09-07 08:57:08,185 [a34f2eca-ee32-4394-bb15-3b741437dcd0-groupManagement] INFO  server.RaftServerConfigKeys (ConfUtils.java:logGet(46)) - raft.server.rpc.sleep.time = 25ms (default)
2023-09-07 08:57:08,185 [a34f2eca-ee32-4394-bb15-3b741437dcd0-groupManagement] INFO  server.RaftServerConfigKeys (ConfUtils.java:logGet(46)) - raft.server.rpc.slowness.timeout = 300s (custom)
2023-09-07 08:57:08,185 [a34f2eca-ee32-4394-bb15-3b741437dcd0-groupManagement] INFO  server.RaftServerConfigKeys (ConfUtils.java:logGet(46)) - raft.server.leaderelection.leader.step-down.wait-time = 10s (default)
2023-09-07 08:57:08,186 [a34f2eca-ee32-4394-bb15-3b741437dcd0-groupManagement] INFO  server.RaftServerConfigKeys (ConfUtils.java:logGet(46)) - raft.server.sleep.deviation.threshold = 300ms (default)
2023-09-07 08:57:08,186 [a34f2eca-ee32-4394-bb15-3b741437dcd0-groupManagement] INFO  server.RaftServer$Division (ServerState.java:<init>(120)) - a34f2eca-ee32-4394-bb15-3b741437dcd0@group-CD47F4EA6070: ConfigurationManager, init=-1: peers:[a34f2eca-ee32-4394-bb15-3b741437dcd0|rpc:10.1.0.48:15182|admin:10.1.0.48:15181|client:10.1.0.48:15180|dataStream:10.1.0.48:15183|priority:1|startupRole:FOLLOWER]|listeners:[], old=null, confs=<EMPTY_MAP>
2023-09-07 08:57:08,186 [a34f2eca-ee32-4394-bb15-3b741437dcd0-groupManagement] INFO  server.RaftServerConfigKeys (ConfUtils.java:logGet(46)) - raft.server.storage.dir = [/home/runner/work/ozone/ozone/hadoop-ozone/integration-test/target/test-dir/MiniOzoneClusterImpl-4f49b7df-1fbb-48bb-ad24-05a827c4b894/datanode-1/data/ratis] (custom)
2023-09-07 08:57:08,187 [a34f2eca-ee32-4394-bb15-3b741437dcd0-groupManagement] INFO  server.RaftServerConfigKeys (ConfUtils.java:logGet(46)) - raft.server.log.corruption.policy = EXCEPTION (default)
2023-09-07 08:57:08,187 [a34f2eca-ee32-4394-bb15-3b741437dcd0-groupManagement] INFO  server.RaftServerConfigKeys (ConfUtils.java:logGet(46)) - raft.server.storage.free-space.min = 0MB (=0) (default)
2023-09-07 08:57:08,187 [a34f2eca-ee32-4394-bb15-3b741437dcd0-groupManagement] INFO  server.RaftServerConfigKeys (ConfUtils.java:logGet(46)) - raft.server.notification.no-leader.timeout = 300s (custom)
2023-09-07 08:57:08,187 [a34f2eca-ee32-4394-bb15-3b741437dcd0-groupManagement] INFO  server.RaftServerConfigKeys (ConfUtils.java:logGet(46)) - raft.server.read.timeout = 10s (default)
2023-09-07 08:57:08,187 [a34f2eca-ee32-4394-bb15-3b741437dcd0-groupManagement] INFO  server.RaftServerConfigKeys (ConfUtils.java:logGet(46)) - raft.server.retrycache.expirytime = 600000ms (custom)
2023-09-07 08:57:08,187 [a34f2eca-ee32-4394-bb15-3b741437dcd0-groupManagement] INFO  server.RaftServerConfigKeys (ConfUtils.java:logGet(46)) - raft.server.retrycache.statistics.expirytime = 100μs (default)
2023-09-07 08:57:08,187 [a34f2eca-ee32-4394-bb15-3b741437dcd0-groupManagement] INFO  server.RaftServerConfigKeys (ConfUtils.java:logGet(46)) - raft.server.read.option = DEFAULT (default)
2023-09-07 08:57:08,188 [a34f2eca-ee32-4394-bb15-3b741437dcd0-groupManagement] INFO  server.RaftServerConfigKeys (ConfUtils.java:logGet(46)) - raft.server.rpc.request.timeout = 60s (custom)
2023-09-07 08:57:08,188 [a34f2eca-ee32-4394-bb15-3b741437dcd0-groupManagement] INFO  server.RaftServerConfigKeys (ConfUtils.java:logGet(46)) - raft.server.log.appender.install.snapshot.enabled = false (custom)
2023-09-07 08:57:08,188 [a34f2eca-ee32-4394-bb15-3b741437dcd0-groupManagement] INFO  server.RaftServerConfigKeys (ConfUtils.java:logGet(46)) - raft.server.threadpool.server.cached = true (default)
2023-09-07 08:57:08,188 [a34f2eca-ee32-4394-bb15-3b741437dcd0-groupManagement] INFO  server.RaftServerConfigKeys (ConfUtils.java:logGet(46)) - raft.server.threadpool.server.size = 0 (default)
2023-09-07 08:57:08,188 [a34f2eca-ee32-4394-bb15-3b741437dcd0-groupManagement] INFO  server.RaftServerConfigKeys (ConfUtils.java:logGet(46)) - raft.server.threadpool.client.cached = true (default)
2023-09-07 08:57:08,188 [a34f2eca-ee32-4394-bb15-3b741437dcd0-groupManagement] INFO  server.RaftServerConfigKeys (ConfUtils.java:logGet(46)) - raft.server.threadpool.client.size = 0 (default)
2023-09-07 08:57:08,188 [a34f2eca-ee32-4394-bb15-3b741437dcd0-groupManagement] INFO  storage.RaftStorageDirectory (RaftStorageDirectoryImpl.java:analyzeStorage(137)) - The storage directory /home/runner/work/ozone/ozone/hadoop-ozone/integration-test/target/test-dir/MiniOzoneClusterImpl-4f49b7df-1fbb-48bb-ad24-05a827c4b894/datanode-1/data/ratis/fce04628-a42e-4670-9423-cd47f4ea6070 does not exist. Creating ...
2023-09-07 08:57:08,189 [a34f2eca-ee32-4394-bb15-3b741437dcd0-groupManagement] INFO  storage.RaftStorageDirectory (RaftStorageDirectoryImpl.java:tryLock(231)) - Lock on /home/runner/work/ozone/ozone/hadoop-ozone/integration-test/target/test-dir/MiniOzoneClusterImpl-4f49b7df-1fbb-48bb-ad24-05a827c4b894/datanode-1/data/ratis/fce04628-a42e-4670-9423-cd47f4ea6070/in_use.lock acquired by nodename 7589@fv-az793-921
2023-09-07 08:57:08,191 [a34f2eca-ee32-4394-bb15-3b741437dcd0-groupManagement] INFO  storage.RaftStorage (RaftStorageImpl.java:format(96)) - Storage directory /home/runner/work/ozone/ozone/hadoop-ozone/integration-test/target/test-dir/MiniOzoneClusterImpl-4f49b7df-1fbb-48bb-ad24-05a827c4b894/datanode-1/data/ratis/fce04628-a42e-4670-9423-cd47f4ea6070 has been successfully formatted.
2023-09-07 08:57:08,192 [a34f2eca-ee32-4394-bb15-3b741437dcd0-groupManagement] INFO  ratis.ContainerStateMachine (ContainerStateMachine.java:loadSnapshot(262)) - group-CD47F4EA6070: The snapshot info is null. Setting the last applied indexto:(t:0, i:~)
2023-09-07 08:57:08,201 [a34f2eca-ee32-4394-bb15-3b741437dcd0-groupManagement] INFO  server.RaftServerConfigKeys (ConfUtils.java:logGet(46)) - raft.server.log.use.memory = false (default)
2023-09-07 08:57:08,201 [a34f2eca-ee32-4394-bb15-3b741437dcd0-groupManagement] INFO  server.RaftServerConfigKeys (ConfUtils.java:logGet(46)) - raft.server.log.purge.gap = 1000000 (custom)
2023-09-07 08:57:08,201 [a34f2eca-ee32-4394-bb15-3b741437dcd0-groupManagement] INFO  server.RaftServerConfigKeys (ConfUtils.java:logGet(46)) - raft.server.log.appender.buffer.byte-limit = 33554432 (custom)
2023-09-07 08:57:08,201 [a34f2eca-ee32-4394-bb15-3b741437dcd0-groupManagement] INFO  server.RaftServerConfigKeys (ConfUtils.java:logGet(46)) - raft.server.log.statemachine.data.read.timeout = 1000ms (default)
2023-09-07 08:57:08,201 [a34f2eca-ee32-4394-bb15-3b741437dcd0-groupManagement] INFO  server.RaftServerConfigKeys (ConfUtils.java:logGet(46)) - raft.server.log.purge.preservation.log.num = 0 (default)
2023-09-07 08:57:08,201 [a34f2eca-ee32-4394-bb15-3b741437dcd0-groupManagement] INFO  server.RaftServerConfigKeys (ConfUtils.java:logGet(46)) - raft.server.log.segment.size.max = 1048576 (custom)
2023-09-07 08:57:08,202 [a34f2eca-ee32-4394-bb15-3b741437dcd0-groupManagement] INFO  server.RaftServerConfigKeys (ConfUtils.java:logGet(46)) - raft.server.log.segment.cache.num.max = 2 (custom)
2023-09-07 08:57:08,202 [a34f2eca-ee32-4394-bb15-3b741437dcd0-groupManagement] INFO  server.RaftServerConfigKeys (ConfUtils.java:logGet(46)) - raft.server.log.segment.cache.size.max = 200MB (=209715200) (default)
2023-09-07 08:57:08,202 [a34f2eca-ee32-4394-bb15-3b741437dcd0-groupManagement] INFO  server.RaftServerConfigKeys (ConfUtils.java:logGet(46)) - raft.server.log.appender.buffer.byte-limit = 33554432 (custom)
2023-09-07 08:57:08,202 [EventQueue-PipelineReportForPipelineReportHandler] INFO  pipeline.PipelineReportHandler (PipelineReportHandler.java:processPipelineReport(136)) - Opened pipeline PipelineID=fce04628-a42e-4670-9423-cd47f4ea6070
2023-09-07 08:57:08,202 [EventQueue-OpenPipelineForHealthyPipelineSafeModeRule] INFO  safemode.SCMSafeModeManager (HealthyPipelineSafeModeRule.java:process(137)) - SCM in safe mode. Healthy pipelines reported count is 0, required healthy pipeline reported count is 1
2023-09-07 08:57:08,202 [a34f2eca-ee32-4394-bb15-3b741437dcd0-groupManagement] INFO  segmented.SegmentedRaftLogWorker (SegmentedRaftLogWorker.java:<init>(188)) - new a34f2eca-ee32-4394-bb15-3b741437dcd0@group-CD47F4EA6070-SegmentedRaftLogWorker for RaftStorageImpl:Storage Directory /home/runner/work/ozone/ozone/hadoop-ozone/integration-test/target/test-dir/MiniOzoneClusterImpl-4f49b7df-1fbb-48bb-ad24-05a827c4b894/datanode-1/data/ratis/fce04628-a42e-4670-9423-cd47f4ea6070
2023-09-07 08:57:08,203 [a34f2eca-ee32-4394-bb15-3b741437dcd0-groupManagement] INFO  server.RaftServerConfigKeys (ConfUtils.java:logGet(46)) - raft.server.log.queue.byte-limit = 4294967296 (custom)
2023-09-07 08:57:08,203 [a34f2eca-ee32-4394-bb15-3b741437dcd0-groupManagement] INFO  server.RaftServerConfigKeys (ConfUtils.java:logGet(46)) - raft.server.log.queue.element-limit = 1024 (custom)
2023-09-07 08:57:08,203 [a34f2eca-ee32-4394-bb15-3b741437dcd0-groupManagement] INFO  server.RaftServerConfigKeys (ConfUtils.java:logGet(46)) - raft.server.log.segment.size.max = 1048576 (custom)
2023-09-07 08:57:08,203 [a34f2eca-ee32-4394-bb15-3b741437dcd0-groupManagement] INFO  server.RaftServerConfigKeys (ConfUtils.java:logGet(46)) - raft.server.log.preallocated.size = 16384 (custom)
2023-09-07 08:57:08,203 [a34f2eca-ee32-4394-bb15-3b741437dcd0-groupManagement] INFO  server.RaftServerConfigKeys (ConfUtils.java:logGet(46)) - raft.server.log.force.sync.num = 128 (default)
2023-09-07 08:57:08,203 [a34f2eca-ee32-4394-bb15-3b741437dcd0-groupManagement] INFO  server.RaftServerConfigKeys (ConfUtils.java:logGet(46)) - raft.server.log.statemachine.data.sync = true (default)
2023-09-07 08:57:08,203 [a34f2eca-ee32-4394-bb15-3b741437dcd0-groupManagement] INFO  server.RaftServerConfigKeys (ConfUtils.java:logGet(46)) - raft.server.log.statemachine.data.sync.timeout = 10s (default)
2023-09-07 08:57:08,203 [a34f2eca-ee32-4394-bb15-3b741437dcd0-groupManagement] INFO  server.RaftServerConfigKeys (ConfUtils.java:logGet(46)) - raft.server.log.statemachine.data.sync.timeout.retry = -1 (default)
2023-09-07 08:57:08,206 [a34f2eca-ee32-4394-bb15-3b741437dcd0-groupManagement] INFO  server.RaftServerConfigKeys (ConfUtils.java:logGet(46)) - raft.server.log.write.buffer.size = 1048576 (custom)
2023-09-07 08:57:08,207 [a34f2eca-ee32-4394-bb15-3b741437dcd0-groupManagement] INFO  server.RaftServerConfigKeys (ConfUtils.java:logGet(46)) - raft.server.log.appender.buffer.byte-limit = 33554432 (custom)
2023-09-07 08:57:08,213 [a34f2eca-ee32-4394-bb15-3b741437dcd0-groupManagement] INFO  server.RaftServerConfigKeys (ConfUtils.java:logGet(46)) - raft.server.log.unsafe-flush.enabled = false (default)
2023-09-07 08:57:08,213 [a34f2eca-ee32-4394-bb15-3b741437dcd0-groupManagement] INFO  server.RaftServerConfigKeys (ConfUtils.java:logGet(46)) - raft.server.log.async-flush.enabled = false (default)
2023-09-07 08:57:08,213 [a34f2eca-ee32-4394-bb15-3b741437dcd0-groupManagement] INFO  server.RaftServerConfigKeys (ConfUtils.java:logGet(46)) - raft.server.log.statemachine.data.caching.enabled = true (custom)
2023-09-07 08:57:08,214 [a34f2eca-ee32-4394-bb15-3b741437dcd0-groupManagement] INFO  segmented.SegmentedRaftLogWorker (SegmentedRaftLogWorker.java:lambda$new$0(135)) - a34f2eca-ee32-4394-bb15-3b741437dcd0@group-CD47F4EA6070-SegmentedRaftLogWorker: flushIndex: setUnconditionally 0 -> -1
2023-09-07 08:57:08,214 [a34f2eca-ee32-4394-bb15-3b741437dcd0-groupManagement] INFO  segmented.SegmentedRaftLogWorker (SegmentedRaftLogWorker.java:lambda$new$0(135)) - a34f2eca-ee32-4394-bb15-3b741437dcd0@group-CD47F4EA6070-SegmentedRaftLogWorker: safeCacheEvictIndex: setUnconditionally 0 -> -1
2023-09-07 08:57:08,214 [a34f2eca-ee32-4394-bb15-3b741437dcd0-groupManagement] INFO  server.RaftServer$Division (RaftServerImpl.java:start(342)) - a34f2eca-ee32-4394-bb15-3b741437dcd0@group-CD47F4EA6070: start as a follower, conf=-1: peers:[a34f2eca-ee32-4394-bb15-3b741437dcd0|rpc:10.1.0.48:15182|admin:10.1.0.48:15181|client:10.1.0.48:15180|dataStream:10.1.0.48:15183|priority:1|startupRole:FOLLOWER]|listeners:[], old=null
2023-09-07 08:57:08,214 [a34f2eca-ee32-4394-bb15-3b741437dcd0-groupManagement] INFO  server.RaftServer$Division (RaftServerImpl.java:setRole(329)) - a34f2eca-ee32-4394-bb15-3b741437dcd0@group-CD47F4EA6070: changes role from      null to FOLLOWER at term 0 for startAsFollower
2023-09-07 08:57:08,214 [a34f2eca-ee32-4394-bb15-3b741437dcd0-groupManagement] INFO  impl.RoleInfo (RoleInfo.java:updateAndGet(139)) - a34f2eca-ee32-4394-bb15-3b741437dcd0: start a34f2eca-ee32-4394-bb15-3b741437dcd0@group-CD47F4EA6070-FollowerState
2023-09-07 08:57:08,220 [a34f2eca-ee32-4394-bb15-3b741437dcd0-groupManagement] INFO  util.JmxRegister (JmxRegister.java:tryRegister(44)) - Successfully registered JMX Bean with object name Ratis:service=RaftServer,group=group-CD47F4EA6070,id=a34f2eca-ee32-4394-bb15-3b741437dcd0
2023-09-07 08:57:08,220 [a34f2eca-ee32-4394-bb15-3b741437dcd0-groupManagement] INFO  server.RaftServerConfigKeys (ConfUtils.java:logGet(46)) - raft.server.snapshot.auto.trigger.enabled = true (custom)
2023-09-07 08:57:08,220 [a34f2eca-ee32-4394-bb15-3b741437dcd0-groupManagement] INFO  server.RaftServerConfigKeys (ConfUtils.java:logGet(46)) - raft.server.snapshot.auto.trigger.threshold = 10000 (custom)
2023-09-07 08:57:08,220 [a34f2eca-ee32-4394-bb15-3b741437dcd0-groupManagement] INFO  server.RaftServerConfigKeys (ConfUtils.java:logGet(46)) - raft.server.snapshot.retention.file.num = 5 (custom)
2023-09-07 08:57:08,220 [a34f2eca-ee32-4394-bb15-3b741437dcd0-groupManagement] INFO  server.RaftServerConfigKeys (ConfUtils.java:logGet(46)) - raft.server.log.purge.upto.snapshot.index = false (default)
2023-09-07 08:57:08,221 [PipelineCommandHandlerThread-0] INFO  ratis.XceiverServerRatis (XceiverServerRatis.java:addGroup(804)) - Created group PipelineID=fce04628-a42e-4670-9423-cd47f4ea6070
2023-09-07 08:57:08,221 [PipelineCommandHandlerThread-0] INFO  commandhandler.CreatePipelineCommandHandler (CreatePipelineCommandHandler.java:lambda$handle$2(124)) - Created Pipeline RATIS ONE PipelineID=fce04628-a42e-4670-9423-cd47f4ea6070.
2023-09-07 08:57:08,221 [a34f2eca-ee32-4394-bb15-3b741437dcd0@group-CD47F4EA6070-FollowerState] INFO  server.RaftServerConfigKeys (ConfUtils.java:logFallback(53)) - raft.server.rpc.first-election.timeout.min = 5s (fallback to raft.server.rpc.timeout.min)
2023-09-07 08:57:08,221 [a34f2eca-ee32-4394-bb15-3b741437dcd0@group-CD47F4EA6070-FollowerState] INFO  server.RaftServerConfigKeys (ConfUtils.java:logFallback(53)) - raft.server.rpc.first-election.timeout.max = 5200ms (fallback to raft.server.rpc.timeout.max)
2023-09-07 08:57:08,266 [main] INFO  ozone.MiniOzoneClusterImpl (MiniOzoneClusterImpl.java:lambda$waitForClusterToBeReady$0(224)) - Nodes are ready. Got 5 of 5 DN Heartbeats.
2023-09-07 08:57:08,266 [main] INFO  ozone.MiniOzoneClusterImpl (MiniOzoneClusterImpl.java:lambda$waitForClusterToBeReady$0(227)) - Waiting for cluster to exit safe mode
2023-09-07 08:57:08,266 [main] INFO  ozone.MiniOzoneClusterImpl (MiniOzoneClusterImpl.java:lambda$waitForClusterToBeReady$0(229)) - SCM became leader
2023-09-07 08:57:08,558 [PipelineCommandHandlerThread-0] INFO  server.RaftServer (RaftServerProxy.java:addNew(98)) - 469bc52f-827e-4f59-b4d6-1102a4459bcd: addNew group-8C8F34EF51C5:[469bc52f-827e-4f59-b4d6-1102a4459bcd|rpc:10.1.0.48:15191|admin:10.1.0.48:15190|client:10.1.0.48:15189|dataStream:10.1.0.48:15192|priority:1|startupRole:FOLLOWER] returns group-8C8F34EF51C5:java.util.concurrent.CompletableFuture@5e3a46e2[Not completed]
2023-09-07 08:57:08,559 [469bc52f-827e-4f59-b4d6-1102a4459bcd-groupManagement] INFO  server.RaftServer$Division (RaftServerImpl.java:<init>(198)) - 469bc52f-827e-4f59-b4d6-1102a4459bcd: new RaftServerImpl for group-8C8F34EF51C5:[469bc52f-827e-4f59-b4d6-1102a4459bcd|rpc:10.1.0.48:15191|admin:10.1.0.48:15190|client:10.1.0.48:15189|dataStream:10.1.0.48:15192|priority:1|startupRole:FOLLOWER] with ContainerStateMachine:uninitialized
2023-09-07 08:57:08,559 [469bc52f-827e-4f59-b4d6-1102a4459bcd-groupManagement] INFO  server.RaftServerConfigKeys (ConfUtils.java:logGet(46)) - raft.server.rpc.timeout.min = 5s (custom)
2023-09-07 08:57:08,559 [469bc52f-827e-4f59-b4d6-1102a4459bcd-groupManagement] INFO  server.RaftServerConfigKeys (ConfUtils.java:logGet(46)) - raft.server.rpc.timeout.max = 5200ms (custom)
2023-09-07 08:57:08,559 [469bc52f-827e-4f59-b4d6-1102a4459bcd-groupManagement] INFO  server.RaftServerConfigKeys (ConfUtils.java:logGet(46)) - raft.server.rpc.sleep.time = 25ms (default)
2023-09-07 08:57:08,560 [469bc52f-827e-4f59-b4d6-1102a4459bcd-groupManagement] INFO  server.RaftServerConfigKeys (ConfUtils.java:logGet(46)) - raft.server.rpc.slowness.timeout = 300s (custom)
2023-09-07 08:57:08,560 [469bc52f-827e-4f59-b4d6-1102a4459bcd-groupManagement] INFO  server.RaftServerConfigKeys (ConfUtils.java:logGet(46)) - raft.server.leaderelection.leader.step-down.wait-time = 10s (default)
2023-09-07 08:57:08,560 [469bc52f-827e-4f59-b4d6-1102a4459bcd-groupManagement] INFO  server.RaftServerConfigKeys (ConfUtils.java:logGet(46)) - raft.server.sleep.deviation.threshold = 300ms (default)
2023-09-07 08:57:08,560 [469bc52f-827e-4f59-b4d6-1102a4459bcd-groupManagement] INFO  server.RaftServer$Division (ServerState.java:<init>(120)) - 469bc52f-827e-4f59-b4d6-1102a4459bcd@group-8C8F34EF51C5: ConfigurationManager, init=-1: peers:[469bc52f-827e-4f59-b4d6-1102a4459bcd|rpc:10.1.0.48:15191|admin:10.1.0.48:15190|client:10.1.0.48:15189|dataStream:10.1.0.48:15192|priority:1|startupRole:FOLLOWER]|listeners:[], old=null, confs=<EMPTY_MAP>
2023-09-07 08:57:08,560 [469bc52f-827e-4f59-b4d6-1102a4459bcd-groupManagement] INFO  server.RaftServerConfigKeys (ConfUtils.java:logGet(46)) - raft.server.storage.dir = [/home/runner/work/ozone/ozone/hadoop-ozone/integration-test/target/test-dir/MiniOzoneClusterImpl-4f49b7df-1fbb-48bb-ad24-05a827c4b894/datanode-2/data/ratis] (custom)
2023-09-07 08:57:08,560 [469bc52f-827e-4f59-b4d6-1102a4459bcd-groupManagement] INFO  server.RaftServerConfigKeys (ConfUtils.java:logGet(46)) - raft.server.log.corruption.policy = EXCEPTION (default)
2023-09-07 08:57:08,560 [469bc52f-827e-4f59-b4d6-1102a4459bcd-groupManagement] INFO  server.RaftServerConfigKeys (ConfUtils.java:logGet(46)) - raft.server.storage.free-space.min = 0MB (=0) (default)
2023-09-07 08:57:08,560 [469bc52f-827e-4f59-b4d6-1102a4459bcd-groupManagement] INFO  server.RaftServerConfigKeys (ConfUtils.java:logGet(46)) - raft.server.notification.no-leader.timeout = 300s (custom)
2023-09-07 08:57:08,560 [469bc52f-827e-4f59-b4d6-1102a4459bcd-groupManagement] INFO  server.RaftServerConfigKeys (ConfUtils.java:logGet(46)) - raft.server.read.timeout = 10s (default)
2023-09-07 08:57:08,560 [469bc52f-827e-4f59-b4d6-1102a4459bcd-groupManagement] INFO  server.RaftServerConfigKeys (ConfUtils.java:logGet(46)) - raft.server.retrycache.expirytime = 600000ms (custom)
2023-09-07 08:57:08,560 [469bc52f-827e-4f59-b4d6-1102a4459bcd-groupManagement] INFO  server.RaftServerConfigKeys (ConfUtils.java:logGet(46)) - raft.server.retrycache.statistics.expirytime = 100μs (default)
2023-09-07 08:57:08,561 [469bc52f-827e-4f59-b4d6-1102a4459bcd-groupManagement] INFO  server.RaftServerConfigKeys (ConfUtils.java:logGet(46)) - raft.server.read.option = DEFAULT (default)
2023-09-07 08:57:08,561 [469bc52f-827e-4f59-b4d6-1102a4459bcd-groupManagement] INFO  server.RaftServerConfigKeys (ConfUtils.java:logGet(46)) - raft.server.rpc.request.timeout = 60s (custom)
2023-09-07 08:57:08,561 [469bc52f-827e-4f59-b4d6-1102a4459bcd-groupManagement] INFO  server.RaftServerConfigKeys (ConfUtils.java:logGet(46)) - raft.server.log.appender.install.snapshot.enabled = false (custom)
2023-09-07 08:57:08,561 [469bc52f-827e-4f59-b4d6-1102a4459bcd-groupManagement] INFO  server.RaftServerConfigKeys (ConfUtils.java:logGet(46)) - raft.server.threadpool.server.cached = true (default)
2023-09-07 08:57:08,561 [469bc52f-827e-4f59-b4d6-1102a4459bcd-groupManagement] INFO  server.RaftServerConfigKeys (ConfUtils.java:logGet(46)) - raft.server.threadpool.server.size = 0 (default)
2023-09-07 08:57:08,561 [469bc52f-827e-4f59-b4d6-1102a4459bcd-groupManagement] INFO  server.RaftServerConfigKeys (ConfUtils.java:logGet(46)) - raft.server.threadpool.client.cached = true (default)
2023-09-07 08:57:08,561 [469bc52f-827e-4f59-b4d6-1102a4459bcd-groupManagement] INFO  server.RaftServerConfigKeys (ConfUtils.java:logGet(46)) - raft.server.threadpool.client.size = 0 (default)
2023-09-07 08:57:08,562 [469bc52f-827e-4f59-b4d6-1102a4459bcd-groupManagement] INFO  storage.RaftStorageDirectory (RaftStorageDirectoryImpl.java:analyzeStorage(137)) - The storage directory /home/runner/work/ozone/ozone/hadoop-ozone/integration-test/target/test-dir/MiniOzoneClusterImpl-4f49b7df-1fbb-48bb-ad24-05a827c4b894/datanode-2/data/ratis/9eb3c39a-afdc-4412-9b21-8c8f34ef51c5 does not exist. Creating ...
2023-09-07 08:57:08,563 [469bc52f-827e-4f59-b4d6-1102a4459bcd-groupManagement] INFO  storage.RaftStorageDirectory (RaftStorageDirectoryImpl.java:tryLock(231)) - Lock on /home/runner/work/ozone/ozone/hadoop-ozone/integration-test/target/test-dir/MiniOzoneClusterImpl-4f49b7df-1fbb-48bb-ad24-05a827c4b894/datanode-2/data/ratis/9eb3c39a-afdc-4412-9b21-8c8f34ef51c5/in_use.lock acquired by nodename 7589@fv-az793-921
2023-09-07 08:57:08,565 [469bc52f-827e-4f59-b4d6-1102a4459bcd-groupManagement] INFO  storage.RaftStorage (RaftStorageImpl.java:format(96)) - Storage directory /home/runner/work/ozone/ozone/hadoop-ozone/integration-test/target/test-dir/MiniOzoneClusterImpl-4f49b7df-1fbb-48bb-ad24-05a827c4b894/datanode-2/data/ratis/9eb3c39a-afdc-4412-9b21-8c8f34ef51c5 has been successfully formatted.
2023-09-07 08:57:08,566 [469bc52f-827e-4f59-b4d6-1102a4459bcd-groupManagement] INFO  ratis.ContainerStateMachine (ContainerStateMachine.java:loadSnapshot(262)) - group-8C8F34EF51C5: The snapshot info is null. Setting the last applied indexto:(t:0, i:~)
2023-09-07 08:57:08,566 [469bc52f-827e-4f59-b4d6-1102a4459bcd-groupManagement] INFO  server.RaftServerConfigKeys (ConfUtils.java:logGet(46)) - raft.server.log.use.memory = false (default)
2023-09-07 08:57:08,566 [469bc52f-827e-4f59-b4d6-1102a4459bcd-groupManagement] INFO  server.RaftServerConfigKeys (ConfUtils.java:logGet(46)) - raft.server.log.purge.gap = 1000000 (custom)
2023-09-07 08:57:08,566 [469bc52f-827e-4f59-b4d6-1102a4459bcd-groupManagement] INFO  server.RaftServerConfigKeys (ConfUtils.java:logGet(46)) - raft.server.log.appender.buffer.byte-limit = 33554432 (custom)
2023-09-07 08:57:08,567 [469bc52f-827e-4f59-b4d6-1102a4459bcd-groupManagement] INFO  server.RaftServerConfigKeys (ConfUtils.java:logGet(46)) - raft.server.log.statemachine.data.read.timeout = 1000ms (default)
2023-09-07 08:57:08,567 [469bc52f-827e-4f59-b4d6-1102a4459bcd-groupManagement] INFO  server.RaftServerConfigKeys (ConfUtils.java:logGet(46)) - raft.server.log.purge.preservation.log.num = 0 (default)
2023-09-07 08:57:08,567 [469bc52f-827e-4f59-b4d6-1102a4459bcd-groupManagement] INFO  server.RaftServerConfigKeys (ConfUtils.java:logGet(46)) - raft.server.log.segment.size.max = 1048576 (custom)
2023-09-07 08:57:08,567 [EventQueue-PipelineReportForPipelineReportHandler] INFO  pipeline.PipelineReportHandler (PipelineReportHandler.java:processPipelineReport(136)) - Opened pipeline PipelineID=9eb3c39a-afdc-4412-9b21-8c8f34ef51c5
2023-09-07 08:57:08,567 [469bc52f-827e-4f59-b4d6-1102a4459bcd-groupManagement] INFO  server.RaftServerConfigKeys (ConfUtils.java:logGet(46)) - raft.server.log.segment.cache.num.max = 2 (custom)
2023-09-07 08:57:08,567 [469bc52f-827e-4f59-b4d6-1102a4459bcd-groupManagement] INFO  server.RaftServerConfigKeys (ConfUtils.java:logGet(46)) - raft.server.log.segment.cache.size.max = 200MB (=209715200) (default)
2023-09-07 08:57:08,567 [EventQueue-OpenPipelineForHealthyPipelineSafeModeRule] INFO  safemode.SCMSafeModeManager (HealthyPipelineSafeModeRule.java:process(137)) - SCM in safe mode. Healthy pipelines reported count is 0, required healthy pipeline reported count is 1
2023-09-07 08:57:08,568 [469bc52f-827e-4f59-b4d6-1102a4459bcd-groupManagement] INFO  server.RaftServerConfigKeys (ConfUtils.java:logGet(46)) - raft.server.log.appender.buffer.byte-limit = 33554432 (custom)
2023-09-07 08:57:08,568 [469bc52f-827e-4f59-b4d6-1102a4459bcd-groupManagement] INFO  segmented.SegmentedRaftLogWorker (SegmentedRaftLogWorker.java:<init>(188)) - new 469bc52f-827e-4f59-b4d6-1102a4459bcd@group-8C8F34EF51C5-SegmentedRaftLogWorker for RaftStorageImpl:Storage Directory /home/runner/work/ozone/ozone/hadoop-ozone/integration-test/target/test-dir/MiniOzoneClusterImpl-4f49b7df-1fbb-48bb-ad24-05a827c4b894/datanode-2/data/ratis/9eb3c39a-afdc-4412-9b21-8c8f34ef51c5
2023-09-07 08:57:08,568 [469bc52f-827e-4f59-b4d6-1102a4459bcd-groupManagement] INFO  server.RaftServerConfigKeys (ConfUtils.java:logGet(46)) - raft.server.log.queue.byte-limit = 4294967296 (custom)
2023-09-07 08:57:08,568 [469bc52f-827e-4f59-b4d6-1102a4459bcd-groupManagement] INFO  server.RaftServerConfigKeys (ConfUtils.java:logGet(46)) - raft.server.log.queue.element-limit = 1024 (custom)
2023-09-07 08:57:08,568 [469bc52f-827e-4f59-b4d6-1102a4459bcd-groupManagement] INFO  server.RaftServerConfigKeys (ConfUtils.java:logGet(46)) - raft.server.log.segment.size.max = 1048576 (custom)
2023-09-07 08:57:08,568 [469bc52f-827e-4f59-b4d6-1102a4459bcd-groupManagement] INFO  server.RaftServerConfigKeys (ConfUtils.java:logGet(46)) - raft.server.log.preallocated.size = 16384 (custom)
2023-09-07 08:57:08,568 [469bc52f-827e-4f59-b4d6-1102a4459bcd-groupManagement] INFO  server.RaftServerConfigKeys (ConfUtils.java:logGet(46)) - raft.server.log.force.sync.num = 128 (default)
2023-09-07 08:57:08,568 [469bc52f-827e-4f59-b4d6-1102a4459bcd-groupManagement] INFO  server.RaftServerConfigKeys (ConfUtils.java:logGet(46)) - raft.server.log.statemachine.data.sync = true (default)
2023-09-07 08:57:08,568 [469bc52f-827e-4f59-b4d6-1102a4459bcd-groupManagement] INFO  server.RaftServerConfigKeys (ConfUtils.java:logGet(46)) - raft.server.log.statemachine.data.sync.timeout = 10s (default)
2023-09-07 08:57:08,568 [469bc52f-827e-4f59-b4d6-1102a4459bcd-groupManagement] INFO  server.RaftServerConfigKeys (ConfUtils.java:logGet(46)) - raft.server.log.statemachine.data.sync.timeout.retry = -1 (default)
2023-09-07 08:57:08,569 [469bc52f-827e-4f59-b4d6-1102a4459bcd-groupManagement] INFO  server.RaftServerConfigKeys (ConfUtils.java:logGet(46)) - raft.server.log.write.buffer.size = 1048576 (custom)
2023-09-07 08:57:08,570 [469bc52f-827e-4f59-b4d6-1102a4459bcd-groupManagement] INFO  server.RaftServerConfigKeys (ConfUtils.java:logGet(46)) - raft.server.log.appender.buffer.byte-limit = 33554432 (custom)
2023-09-07 08:57:08,625 [469bc52f-827e-4f59-b4d6-1102a4459bcd-groupManagement] INFO  server.RaftServerConfigKeys (ConfUtils.java:logGet(46)) - raft.server.log.unsafe-flush.enabled = false (default)
2023-09-07 08:57:08,625 [469bc52f-827e-4f59-b4d6-1102a4459bcd-groupManagement] INFO  server.RaftServerConfigKeys (ConfUtils.java:logGet(46)) - raft.server.log.async-flush.enabled = false (default)
2023-09-07 08:57:08,626 [469bc52f-827e-4f59-b4d6-1102a4459bcd-groupManagement] INFO  server.RaftServerConfigKeys (ConfUtils.java:logGet(46)) - raft.server.log.statemachine.data.caching.enabled = true (custom)
2023-09-07 08:57:08,626 [469bc52f-827e-4f59-b4d6-1102a4459bcd-groupManagement] INFO  segmented.SegmentedRaftLogWorker (SegmentedRaftLogWorker.java:lambda$new$0(135)) - 469bc52f-827e-4f59-b4d6-1102a4459bcd@group-8C8F34EF51C5-SegmentedRaftLogWorker: flushIndex: setUnconditionally 0 -> -1
2023-09-07 08:57:08,626 [469bc52f-827e-4f59-b4d6-1102a4459bcd-groupManagement] INFO  segmented.SegmentedRaftLogWorker (SegmentedRaftLogWorker.java:lambda$new$0(135)) - 469bc52f-827e-4f59-b4d6-1102a4459bcd@group-8C8F34EF51C5-SegmentedRaftLogWorker: safeCacheEvictIndex: setUnconditionally 0 -> -1
2023-09-07 08:57:08,626 [469bc52f-827e-4f59-b4d6-1102a4459bcd-groupManagement] INFO  server.RaftServer$Division (RaftServerImpl.java:start(342)) - 469bc52f-827e-4f59-b4d6-1102a4459bcd@group-8C8F34EF51C5: start as a follower, conf=-1: peers:[469bc52f-827e-4f59-b4d6-1102a4459bcd|rpc:10.1.0.48:15191|admin:10.1.0.48:15190|client:10.1.0.48:15189|dataStream:10.1.0.48:15192|priority:1|startupRole:FOLLOWER]|listeners:[], old=null
2023-09-07 08:57:08,626 [469bc52f-827e-4f59-b4d6-1102a4459bcd-groupManagement] INFO  server.RaftServer$Division (RaftServerImpl.java:setRole(329)) - 469bc52f-827e-4f59-b4d6-1102a4459bcd@group-8C8F34EF51C5: changes role from      null to FOLLOWER at term 0 for startAsFollower
2023-09-07 08:57:08,626 [469bc52f-827e-4f59-b4d6-1102a4459bcd-groupManagement] INFO  impl.RoleInfo (RoleInfo.java:updateAndGet(139)) - 469bc52f-827e-4f59-b4d6-1102a4459bcd: start 469bc52f-827e-4f59-b4d6-1102a4459bcd@group-8C8F34EF51C5-FollowerState
2023-09-07 08:57:08,627 [469bc52f-827e-4f59-b4d6-1102a4459bcd-groupManagement] INFO  util.JmxRegister (JmxRegister.java:tryRegister(44)) - Successfully registered JMX Bean with object name Ratis:service=RaftServer,group=group-8C8F34EF51C5,id=469bc52f-827e-4f59-b4d6-1102a4459bcd
2023-09-07 08:57:08,627 [469bc52f-827e-4f59-b4d6-1102a4459bcd@group-8C8F34EF51C5-FollowerState] INFO  server.RaftServerConfigKeys (ConfUtils.java:logFallback(53)) - raft.server.rpc.first-election.timeout.min = 5s (fallback to raft.server.rpc.timeout.min)
2023-09-07 08:57:08,627 [469bc52f-827e-4f59-b4d6-1102a4459bcd-groupManagement] INFO  server.RaftServerConfigKeys (ConfUtils.java:logGet(46)) - raft.server.snapshot.auto.trigger.enabled = true (custom)
2023-09-07 08:57:08,627 [469bc52f-827e-4f59-b4d6-1102a4459bcd@group-8C8F34EF51C5-FollowerState] INFO  server.RaftServerConfigKeys (ConfUtils.java:logFallback(53)) - raft.server.rpc.first-election.timeout.max = 5200ms (fallback to raft.server.rpc.timeout.max)
2023-09-07 08:57:08,627 [469bc52f-827e-4f59-b4d6-1102a4459bcd-groupManagement] INFO  server.RaftServerConfigKeys (ConfUtils.java:logGet(46)) - raft.server.snapshot.auto.trigger.threshold = 10000 (custom)
2023-09-07 08:57:08,627 [469bc52f-827e-4f59-b4d6-1102a4459bcd-groupManagement] INFO  server.RaftServerConfigKeys (ConfUtils.java:logGet(46)) - raft.server.snapshot.retention.file.num = 5 (custom)
2023-09-07 08:57:08,627 [469bc52f-827e-4f59-b4d6-1102a4459bcd-groupManagement] INFO  server.RaftServerConfigKeys (ConfUtils.java:logGet(46)) - raft.server.log.purge.upto.snapshot.index = false (default)
2023-09-07 08:57:08,628 [PipelineCommandHandlerThread-0] INFO  ratis.XceiverServerRatis (XceiverServerRatis.java:addGroup(804)) - Created group PipelineID=9eb3c39a-afdc-4412-9b21-8c8f34ef51c5
2023-09-07 08:57:08,628 [PipelineCommandHandlerThread-0] INFO  commandhandler.CreatePipelineCommandHandler (CreatePipelineCommandHandler.java:lambda$handle$2(124)) - Created Pipeline RATIS ONE PipelineID=9eb3c39a-afdc-4412-9b21-8c8f34ef51c5.
2023-09-07 08:57:08,912 [PipelineCommandHandlerThread-0] INFO  server.RaftServer (RaftServerProxy.java:addNew(98)) - c9797992-92b1-488c-b385-6ae238fab233: addNew group-F69C95570503:[c9797992-92b1-488c-b385-6ae238fab233|rpc:10.1.0.48:15200|admin:10.1.0.48:15199|client:10.1.0.48:15198|dataStream:10.1.0.48:15201|priority:1|startupRole:FOLLOWER] returns group-F69C95570503:java.util.concurrent.CompletableFuture@7df802f[Not completed]
2023-09-07 08:57:08,913 [c9797992-92b1-488c-b385-6ae238fab233-groupManagement] INFO  server.RaftServer$Division (RaftServerImpl.java:<init>(198)) - c9797992-92b1-488c-b385-6ae238fab233: new RaftServerImpl for group-F69C95570503:[c9797992-92b1-488c-b385-6ae238fab233|rpc:10.1.0.48:15200|admin:10.1.0.48:15199|client:10.1.0.48:15198|dataStream:10.1.0.48:15201|priority:1|startupRole:FOLLOWER] with ContainerStateMachine:uninitialized
2023-09-07 08:57:08,913 [c9797992-92b1-488c-b385-6ae238fab233-groupManagement] INFO  server.RaftServerConfigKeys (ConfUtils.java:logGet(46)) - raft.server.rpc.timeout.min = 5s (custom)
2023-09-07 08:57:08,913 [c9797992-92b1-488c-b385-6ae238fab233-groupManagement] INFO  server.RaftServerConfigKeys (ConfUtils.java:logGet(46)) - raft.server.rpc.timeout.max = 5200ms (custom)
2023-09-07 08:57:08,913 [c9797992-92b1-488c-b385-6ae238fab233-groupManagement] INFO  server.RaftServerConfigKeys (ConfUtils.java:logGet(46)) - raft.server.rpc.sleep.time = 25ms (default)
2023-09-07 08:57:08,913 [c9797992-92b1-488c-b385-6ae238fab233-groupManagement] INFO  server.RaftServerConfigKeys (ConfUtils.java:logGet(46)) - raft.server.rpc.slowness.timeout = 300s (custom)
2023-09-07 08:57:08,913 [c9797992-92b1-488c-b385-6ae238fab233-groupManagement] INFO  server.RaftServerConfigKeys (ConfUtils.java:logGet(46)) - raft.server.leaderelection.leader.step-down.wait-time = 10s (default)
2023-09-07 08:57:08,913 [c9797992-92b1-488c-b385-6ae238fab233-groupManagement] INFO  server.RaftServerConfigKeys (ConfUtils.java:logGet(46)) - raft.server.sleep.deviation.threshold = 300ms (default)
2023-09-07 08:57:08,913 [c9797992-92b1-488c-b385-6ae238fab233-groupManagement] INFO  server.RaftServer$Division (ServerState.java:<init>(120)) - c9797992-92b1-488c-b385-6ae238fab233@group-F69C95570503: ConfigurationManager, init=-1: peers:[c9797992-92b1-488c-b385-6ae238fab233|rpc:10.1.0.48:15200|admin:10.1.0.48:15199|client:10.1.0.48:15198|dataStream:10.1.0.48:15201|priority:1|startupRole:FOLLOWER]|listeners:[], old=null, confs=<EMPTY_MAP>
2023-09-07 08:57:08,913 [c9797992-92b1-488c-b385-6ae238fab233-groupManagement] INFO  server.RaftServerConfigKeys (ConfUtils.java:logGet(46)) - raft.server.storage.dir = [/home/runner/work/ozone/ozone/hadoop-ozone/integration-test/target/test-dir/MiniOzoneClusterImpl-4f49b7df-1fbb-48bb-ad24-05a827c4b894/datanode-3/data/ratis] (custom)
2023-09-07 08:57:08,914 [c9797992-92b1-488c-b385-6ae238fab233-groupManagement] INFO  server.RaftServerConfigKeys (ConfUtils.java:logGet(46)) - raft.server.log.corruption.policy = EXCEPTION (default)
2023-09-07 08:57:08,914 [c9797992-92b1-488c-b385-6ae238fab233-groupManagement] INFO  server.RaftServerConfigKeys (ConfUtils.java:logGet(46)) - raft.server.storage.free-space.min = 0MB (=0) (default)
2023-09-07 08:57:08,914 [c9797992-92b1-488c-b385-6ae238fab233-groupManagement] INFO  server.RaftServerConfigKeys (ConfUtils.java:logGet(46)) - raft.server.notification.no-leader.timeout = 300s (custom)
2023-09-07 08:57:08,914 [c9797992-92b1-488c-b385-6ae238fab233-groupManagement] INFO  server.RaftServerConfigKeys (ConfUtils.java:logGet(46)) - raft.server.read.timeout = 10s (default)
2023-09-07 08:57:08,914 [c9797992-92b1-488c-b385-6ae238fab233-groupManagement] INFO  server.RaftServerConfigKeys (ConfUtils.java:logGet(46)) - raft.server.retrycache.expirytime = 600000ms (custom)
2023-09-07 08:57:08,914 [c9797992-92b1-488c-b385-6ae238fab233-groupManagement] INFO  server.RaftServerConfigKeys (ConfUtils.java:logGet(46)) - raft.server.retrycache.statistics.expirytime = 100μs (default)
2023-09-07 08:57:08,914 [c9797992-92b1-488c-b385-6ae238fab233-groupManagement] INFO  server.RaftServerConfigKeys (ConfUtils.java:logGet(46)) - raft.server.read.option = DEFAULT (default)
2023-09-07 08:57:08,915 [c9797992-92b1-488c-b385-6ae238fab233-groupManagement] INFO  server.RaftServerConfigKeys (ConfUtils.java:logGet(46)) - raft.server.rpc.request.timeout = 60s (custom)
2023-09-07 08:57:08,915 [c9797992-92b1-488c-b385-6ae238fab233-groupManagement] INFO  server.RaftServerConfigKeys (ConfUtils.java:logGet(46)) - raft.server.log.appender.install.snapshot.enabled = false (custom)
2023-09-07 08:57:08,915 [c9797992-92b1-488c-b385-6ae238fab233-groupManagement] INFO  server.RaftServerConfigKeys (ConfUtils.java:logGet(46)) - raft.server.threadpool.server.cached = true (default)
2023-09-07 08:57:08,915 [c9797992-92b1-488c-b385-6ae238fab233-groupManagement] INFO  server.RaftServerConfigKeys (ConfUtils.java:logGet(46)) - raft.server.threadpool.server.size = 0 (default)
2023-09-07 08:57:08,915 [c9797992-92b1-488c-b385-6ae238fab233-groupManagement] INFO  server.RaftServerConfigKeys (ConfUtils.java:logGet(46)) - raft.server.threadpool.client.cached = true (default)
2023-09-07 08:57:08,915 [c9797992-92b1-488c-b385-6ae238fab233-groupManagement] INFO  server.RaftServerConfigKeys (ConfUtils.java:logGet(46)) - raft.server.threadpool.client.size = 0 (default)
2023-09-07 08:57:08,916 [c9797992-92b1-488c-b385-6ae238fab233-groupManagement] INFO  storage.RaftStorageDirectory (RaftStorageDirectoryImpl.java:analyzeStorage(137)) - The storage directory /home/runner/work/ozone/ozone/hadoop-ozone/integration-test/target/test-dir/MiniOzoneClusterImpl-4f49b7df-1fbb-48bb-ad24-05a827c4b894/datanode-3/data/ratis/f6781e7c-44d6-4ec5-bde0-f69c95570503 does not exist. Creating ...
2023-09-07 08:57:08,917 [c9797992-92b1-488c-b385-6ae238fab233-groupManagement] INFO  storage.RaftStorageDirectory (RaftStorageDirectoryImpl.java:tryLock(231)) - Lock on /home/runner/work/ozone/ozone/hadoop-ozone/integration-test/target/test-dir/MiniOzoneClusterImpl-4f49b7df-1fbb-48bb-ad24-05a827c4b894/datanode-3/data/ratis/f6781e7c-44d6-4ec5-bde0-f69c95570503/in_use.lock acquired by nodename 7589@fv-az793-921
2023-09-07 08:57:08,918 [c9797992-92b1-488c-b385-6ae238fab233-groupManagement] INFO  storage.RaftStorage (RaftStorageImpl.java:format(96)) - Storage directory /home/runner/work/ozone/ozone/hadoop-ozone/integration-test/target/test-dir/MiniOzoneClusterImpl-4f49b7df-1fbb-48bb-ad24-05a827c4b894/datanode-3/data/ratis/f6781e7c-44d6-4ec5-bde0-f69c95570503 has been successfully formatted.
2023-09-07 08:57:08,921 [c9797992-92b1-488c-b385-6ae238fab233-groupManagement] INFO  ratis.ContainerStateMachine (ContainerStateMachine.java:loadSnapshot(262)) - group-F69C95570503: The snapshot info is null. Setting the last applied indexto:(t:0, i:~)
2023-09-07 08:57:08,921 [c9797992-92b1-488c-b385-6ae238fab233-groupManagement] INFO  server.RaftServerConfigKeys (ConfUtils.java:logGet(46)) - raft.server.log.use.memory = false (default)
2023-09-07 08:57:08,921 [c9797992-92b1-488c-b385-6ae238fab233-groupManagement] INFO  server.RaftServerConfigKeys (ConfUtils.java:logGet(46)) - raft.server.log.purge.gap = 1000000 (custom)
2023-09-07 08:57:08,921 [c9797992-92b1-488c-b385-6ae238fab233-groupManagement] INFO  server.RaftServerConfigKeys (ConfUtils.java:logGet(46)) - raft.server.log.appender.buffer.byte-limit = 33554432 (custom)
2023-09-07 08:57:08,924 [c9797992-92b1-488c-b385-6ae238fab233-groupManagement] INFO  server.RaftServerConfigKeys (ConfUtils.java:logGet(46)) - raft.server.log.statemachine.data.read.timeout = 1000ms (default)
2023-09-07 08:57:08,922 [EventQueue-PipelineReportForPipelineReportHandler] INFO  pipeline.PipelineReportHandler (PipelineReportHandler.java:processPipelineReport(136)) - Opened pipeline PipelineID=f6781e7c-44d6-4ec5-bde0-f69c95570503
2023-09-07 08:57:08,924 [c9797992-92b1-488c-b385-6ae238fab233-groupManagement] INFO  server.RaftServerConfigKeys (ConfUtils.java:logGet(46)) - raft.server.log.purge.preservation.log.num = 0 (default)
2023-09-07 08:57:08,924 [EventQueue-OpenPipelineForHealthyPipelineSafeModeRule] INFO  safemode.SCMSafeModeManager (HealthyPipelineSafeModeRule.java:process(137)) - SCM in safe mode. Healthy pipelines reported count is 0, required healthy pipeline reported count is 1
2023-09-07 08:57:08,925 [c9797992-92b1-488c-b385-6ae238fab233-groupManagement] INFO  server.RaftServerConfigKeys (ConfUtils.java:logGet(46)) - raft.server.log.segment.size.max = 1048576 (custom)
2023-09-07 08:57:08,925 [c9797992-92b1-488c-b385-6ae238fab233-groupManagement] INFO  server.RaftServerConfigKeys (ConfUtils.java:logGet(46)) - raft.server.log.segment.cache.num.max = 2 (custom)
2023-09-07 08:57:08,925 [c9797992-92b1-488c-b385-6ae238fab233-groupManagement] INFO  server.RaftServerConfigKeys (ConfUtils.java:logGet(46)) - raft.server.log.segment.cache.size.max = 200MB (=209715200) (default)
2023-09-07 08:57:08,925 [c9797992-92b1-488c-b385-6ae238fab233-groupManagement] INFO  server.RaftServerConfigKeys (ConfUtils.java:logGet(46)) - raft.server.log.appender.buffer.byte-limit = 33554432 (custom)
2023-09-07 08:57:08,925 [c9797992-92b1-488c-b385-6ae238fab233-groupManagement] INFO  segmented.SegmentedRaftLogWorker (SegmentedRaftLogWorker.java:<init>(188)) - new c9797992-92b1-488c-b385-6ae238fab233@group-F69C95570503-SegmentedRaftLogWorker for RaftStorageImpl:Storage Directory /home/runner/work/ozone/ozone/hadoop-ozone/integration-test/target/test-dir/MiniOzoneClusterImpl-4f49b7df-1fbb-48bb-ad24-05a827c4b894/datanode-3/data/ratis/f6781e7c-44d6-4ec5-bde0-f69c95570503
2023-09-07 08:57:08,925 [c9797992-92b1-488c-b385-6ae238fab233-groupManagement] INFO  server.RaftServerConfigKeys (ConfUtils.java:logGet(46)) - raft.server.log.queue.byte-limit = 4294967296 (custom)
2023-09-07 08:57:08,925 [c9797992-92b1-488c-b385-6ae238fab233-groupManagement] INFO  server.RaftServerConfigKeys (ConfUtils.java:logGet(46)) - raft.server.log.queue.element-limit = 1024 (custom)
2023-09-07 08:57:08,925 [c9797992-92b1-488c-b385-6ae238fab233-groupManagement] INFO  server.RaftServerConfigKeys (ConfUtils.java:logGet(46)) - raft.server.log.segment.size.max = 1048576 (custom)
2023-09-07 08:57:08,925 [c9797992-92b1-488c-b385-6ae238fab233-groupManagement] INFO  server.RaftServerConfigKeys (ConfUtils.java:logGet(46)) - raft.server.log.preallocated.size = 16384 (custom)
2023-09-07 08:57:08,925 [c9797992-92b1-488c-b385-6ae238fab233-groupManagement] INFO  server.RaftServerConfigKeys (ConfUtils.java:logGet(46)) - raft.server.log.force.sync.num = 128 (default)
2023-09-07 08:57:08,925 [c9797992-92b1-488c-b385-6ae238fab233-groupManagement] INFO  server.RaftServerConfigKeys (ConfUtils.java:logGet(46)) - raft.server.log.statemachine.data.sync = true (default)
2023-09-07 08:57:08,926 [c9797992-92b1-488c-b385-6ae238fab233-groupManagement] INFO  server.RaftServerConfigKeys (ConfUtils.java:logGet(46)) - raft.server.log.statemachine.data.sync.timeout = 10s (default)
2023-09-07 08:57:08,926 [c9797992-92b1-488c-b385-6ae238fab233-groupManagement] INFO  server.RaftServerConfigKeys (ConfUtils.java:logGet(46)) - raft.server.log.statemachine.data.sync.timeout.retry = -1 (default)
2023-09-07 08:57:08,926 [c9797992-92b1-488c-b385-6ae238fab233-groupManagement] INFO  server.RaftServerConfigKeys (ConfUtils.java:logGet(46)) - raft.server.log.write.buffer.size = 1048576 (custom)
2023-09-07 08:57:08,927 [c9797992-92b1-488c-b385-6ae238fab233-groupManagement] INFO  server.RaftServerConfigKeys (ConfUtils.java:logGet(46)) - raft.server.log.appender.buffer.byte-limit = 33554432 (custom)
2023-09-07 08:57:08,933 [c9797992-92b1-488c-b385-6ae238fab233-groupManagement] INFO  server.RaftServerConfigKeys (ConfUtils.java:logGet(46)) - raft.server.log.unsafe-flush.enabled = false (default)
2023-09-07 08:57:08,933 [c9797992-92b1-488c-b385-6ae238fab233-groupManagement] INFO  server.RaftServerConfigKeys (ConfUtils.java:logGet(46)) - raft.server.log.async-flush.enabled = false (default)
2023-09-07 08:57:08,933 [c9797992-92b1-488c-b385-6ae238fab233-groupManagement] INFO  server.RaftServerConfigKeys (ConfUtils.java:logGet(46)) - raft.server.log.statemachine.data.caching.enabled = true (custom)
2023-09-07 08:57:08,933 [c9797992-92b1-488c-b385-6ae238fab233-groupManagement] INFO  segmented.SegmentedRaftLogWorker (SegmentedRaftLogWorker.java:lambda$new$0(135)) - c9797992-92b1-488c-b385-6ae238fab233@group-F69C95570503-SegmentedRaftLogWorker: flushIndex: setUnconditionally 0 -> -1
2023-09-07 08:57:08,933 [c9797992-92b1-488c-b385-6ae238fab233-groupManagement] INFO  segmented.SegmentedRaftLogWorker (SegmentedRaftLogWorker.java:lambda$new$0(135)) - c9797992-92b1-488c-b385-6ae238fab233@group-F69C95570503-SegmentedRaftLogWorker: safeCacheEvictIndex: setUnconditionally 0 -> -1
2023-09-07 08:57:08,934 [c9797992-92b1-488c-b385-6ae238fab233-groupManagement] INFO  server.RaftServer$Division (RaftServerImpl.java:start(342)) - c9797992-92b1-488c-b385-6ae238fab233@group-F69C95570503: start as a follower, conf=-1: peers:[c9797992-92b1-488c-b385-6ae238fab233|rpc:10.1.0.48:15200|admin:10.1.0.48:15199|client:10.1.0.48:15198|dataStream:10.1.0.48:15201|priority:1|startupRole:FOLLOWER]|listeners:[], old=null
2023-09-07 08:57:08,934 [c9797992-92b1-488c-b385-6ae238fab233-groupManagement] INFO  server.RaftServer$Division (RaftServerImpl.java:setRole(329)) - c9797992-92b1-488c-b385-6ae238fab233@group-F69C95570503: changes role from      null to FOLLOWER at term 0 for startAsFollower
2023-09-07 08:57:08,934 [c9797992-92b1-488c-b385-6ae238fab233-groupManagement] INFO  impl.RoleInfo (RoleInfo.java:updateAndGet(139)) - c9797992-92b1-488c-b385-6ae238fab233: start c9797992-92b1-488c-b385-6ae238fab233@group-F69C95570503-FollowerState
2023-09-07 08:57:08,934 [c9797992-92b1-488c-b385-6ae238fab233@group-F69C95570503-FollowerState] INFO  server.RaftServerConfigKeys (ConfUtils.java:logFallback(53)) - raft.server.rpc.first-election.timeout.min = 5s (fallback to raft.server.rpc.timeout.min)
2023-09-07 08:57:08,934 [c9797992-92b1-488c-b385-6ae238fab233-groupManagement] INFO  util.JmxRegister (JmxRegister.java:tryRegister(44)) - Successfully registered JMX Bean with object name Ratis:service=RaftServer,group=group-F69C95570503,id=c9797992-92b1-488c-b385-6ae238fab233
2023-09-07 08:57:08,934 [c9797992-92b1-488c-b385-6ae238fab233@group-F69C95570503-FollowerState] INFO  server.RaftServerConfigKeys (ConfUtils.java:logFallback(53)) - raft.server.rpc.first-election.timeout.max = 5200ms (fallback to raft.server.rpc.timeout.max)
2023-09-07 08:57:08,935 [c9797992-92b1-488c-b385-6ae238fab233-groupManagement] INFO  server.RaftServerConfigKeys (ConfUtils.java:logGet(46)) - raft.server.snapshot.auto.trigger.enabled = true (custom)
2023-09-07 08:57:08,935 [c9797992-92b1-488c-b385-6ae238fab233-groupManagement] INFO  server.RaftServerConfigKeys (ConfUtils.java:logGet(46)) - raft.server.snapshot.auto.trigger.threshold = 10000 (custom)
2023-09-07 08:57:08,935 [c9797992-92b1-488c-b385-6ae238fab233-groupManagement] INFO  server.RaftServerConfigKeys (ConfUtils.java:logGet(46)) - raft.server.snapshot.retention.file.num = 5 (custom)
2023-09-07 08:57:08,935 [c9797992-92b1-488c-b385-6ae238fab233-groupManagement] INFO  server.RaftServerConfigKeys (ConfUtils.java:logGet(46)) - raft.server.log.purge.upto.snapshot.index = false (default)
2023-09-07 08:57:08,935 [PipelineCommandHandlerThread-0] INFO  ratis.XceiverServerRatis (XceiverServerRatis.java:addGroup(804)) - Created group PipelineID=f6781e7c-44d6-4ec5-bde0-f69c95570503
2023-09-07 08:57:08,935 [PipelineCommandHandlerThread-0] INFO  commandhandler.CreatePipelineCommandHandler (CreatePipelineCommandHandler.java:lambda$handle$2(124)) - Created Pipeline RATIS ONE PipelineID=f6781e7c-44d6-4ec5-bde0-f69c95570503.
2023-09-07 08:57:09,267 [main] INFO  ozone.MiniOzoneClusterImpl (MiniOzoneClusterImpl.java:lambda$waitForClusterToBeReady$0(224)) - Nodes are ready. Got 5 of 5 DN Heartbeats.
2023-09-07 08:57:09,268 [main] INFO  ozone.MiniOzoneClusterImpl (MiniOzoneClusterImpl.java:lambda$waitForClusterToBeReady$0(227)) - Waiting for cluster to exit safe mode
2023-09-07 08:57:09,268 [main] INFO  ozone.MiniOzoneClusterImpl (MiniOzoneClusterImpl.java:lambda$waitForClusterToBeReady$0(229)) - SCM became leader
2023-09-07 08:57:09,271 [PipelineCommandHandlerThread-0] INFO  server.RaftServer (RaftServerProxy.java:addNew(98)) - bacf23c7-6e92-44d7-b9fe-c924128d47d1: addNew group-6BAE34699101:[bacf23c7-6e92-44d7-b9fe-c924128d47d1|rpc:10.1.0.48:15209|admin:10.1.0.48:15208|client:10.1.0.48:15207|dataStream:10.1.0.48:15210|priority:1|startupRole:FOLLOWER] returns group-6BAE34699101:java.util.concurrent.CompletableFuture@6ec0ade[Not completed]
2023-09-07 08:57:09,272 [bacf23c7-6e92-44d7-b9fe-c924128d47d1-groupManagement] INFO  server.RaftServer$Division (RaftServerImpl.java:<init>(198)) - bacf23c7-6e92-44d7-b9fe-c924128d47d1: new RaftServerImpl for group-6BAE34699101:[bacf23c7-6e92-44d7-b9fe-c924128d47d1|rpc:10.1.0.48:15209|admin:10.1.0.48:15208|client:10.1.0.48:15207|dataStream:10.1.0.48:15210|priority:1|startupRole:FOLLOWER] with ContainerStateMachine:uninitialized
2023-09-07 08:57:09,272 [bacf23c7-6e92-44d7-b9fe-c924128d47d1-groupManagement] INFO  server.RaftServerConfigKeys (ConfUtils.java:logGet(46)) - raft.server.rpc.timeout.min = 5s (custom)
2023-09-07 08:57:09,272 [bacf23c7-6e92-44d7-b9fe-c924128d47d1-groupManagement] INFO  server.RaftServerConfigKeys (ConfUtils.java:logGet(46)) - raft.server.rpc.timeout.max = 5200ms (custom)
2023-09-07 08:57:09,272 [bacf23c7-6e92-44d7-b9fe-c924128d47d1-groupManagement] INFO  server.RaftServerConfigKeys (ConfUtils.java:logGet(46)) - raft.server.rpc.sleep.time = 25ms (default)
2023-09-07 08:57:09,272 [bacf23c7-6e92-44d7-b9fe-c924128d47d1-groupManagement] INFO  server.RaftServerConfigKeys (ConfUtils.java:logGet(46)) - raft.server.rpc.slowness.timeout = 300s (custom)
2023-09-07 08:57:09,272 [bacf23c7-6e92-44d7-b9fe-c924128d47d1-groupManagement] INFO  server.RaftServerConfigKeys (ConfUtils.java:logGet(46)) - raft.server.leaderelection.leader.step-down.wait-time = 10s (default)
2023-09-07 08:57:09,272 [bacf23c7-6e92-44d7-b9fe-c924128d47d1-groupManagement] INFO  server.RaftServerConfigKeys (ConfUtils.java:logGet(46)) - raft.server.sleep.deviation.threshold = 300ms (default)
2023-09-07 08:57:09,272 [bacf23c7-6e92-44d7-b9fe-c924128d47d1-groupManagement] INFO  server.RaftServer$Division (ServerState.java:<init>(120)) - bacf23c7-6e92-44d7-b9fe-c924128d47d1@group-6BAE34699101: ConfigurationManager, init=-1: peers:[bacf23c7-6e92-44d7-b9fe-c924128d47d1|rpc:10.1.0.48:15209|admin:10.1.0.48:15208|client:10.1.0.48:15207|dataStream:10.1.0.48:15210|priority:1|startupRole:FOLLOWER]|listeners:[], old=null, confs=<EMPTY_MAP>
2023-09-07 08:57:09,272 [bacf23c7-6e92-44d7-b9fe-c924128d47d1-groupManagement] INFO  server.RaftServerConfigKeys (ConfUtils.java:logGet(46)) - raft.server.storage.dir = [/home/runner/work/ozone/ozone/hadoop-ozone/integration-test/target/test-dir/MiniOzoneClusterImpl-4f49b7df-1fbb-48bb-ad24-05a827c4b894/datanode-4/data/ratis] (custom)
2023-09-07 08:57:09,272 [bacf23c7-6e92-44d7-b9fe-c924128d47d1-groupManagement] INFO  server.RaftServerConfigKeys (ConfUtils.java:logGet(46)) - raft.server.log.corruption.policy = EXCEPTION (default)
2023-09-07 08:57:09,273 [bacf23c7-6e92-44d7-b9fe-c924128d47d1-groupManagement] INFO  server.RaftServerConfigKeys (ConfUtils.java:logGet(46)) - raft.server.storage.free-space.min = 0MB (=0) (default)
2023-09-07 08:57:09,273 [bacf23c7-6e92-44d7-b9fe-c924128d47d1-groupManagement] INFO  server.RaftServerConfigKeys (ConfUtils.java:logGet(46)) - raft.server.notification.no-leader.timeout = 300s (custom)
2023-09-07 08:57:09,273 [bacf23c7-6e92-44d7-b9fe-c924128d47d1-groupManagement] INFO  server.RaftServerConfigKeys (ConfUtils.java:logGet(46)) - raft.server.read.timeout = 10s (default)
2023-09-07 08:57:09,273 [bacf23c7-6e92-44d7-b9fe-c924128d47d1-groupManagement] INFO  server.RaftServerConfigKeys (ConfUtils.java:logGet(46)) - raft.server.retrycache.expirytime = 600000ms (custom)
2023-09-07 08:57:09,273 [bacf23c7-6e92-44d7-b9fe-c924128d47d1-groupManagement] INFO  server.RaftServerConfigKeys (ConfUtils.java:logGet(46)) - raft.server.retrycache.statistics.expirytime = 100μs (default)
2023-09-07 08:57:09,273 [bacf23c7-6e92-44d7-b9fe-c924128d47d1-groupManagement] INFO  server.RaftServerConfigKeys (ConfUtils.java:logGet(46)) - raft.server.read.option = DEFAULT (default)
2023-09-07 08:57:09,274 [bacf23c7-6e92-44d7-b9fe-c924128d47d1-groupManagement] INFO  server.RaftServerConfigKeys (ConfUtils.java:logGet(46)) - raft.server.rpc.request.timeout = 60s (custom)
2023-09-07 08:57:09,274 [bacf23c7-6e92-44d7-b9fe-c924128d47d1-groupManagement] INFO  server.RaftServerConfigKeys (ConfUtils.java:logGet(46)) - raft.server.log.appender.install.snapshot.enabled = false (custom)
2023-09-07 08:57:09,274 [bacf23c7-6e92-44d7-b9fe-c924128d47d1-groupManagement] INFO  server.RaftServerConfigKeys (ConfUtils.java:logGet(46)) - raft.server.threadpool.server.cached = true (default)
2023-09-07 08:57:09,274 [bacf23c7-6e92-44d7-b9fe-c924128d47d1-groupManagement] INFO  server.RaftServerConfigKeys (ConfUtils.java:logGet(46)) - raft.server.threadpool.server.size = 0 (default)
2023-09-07 08:57:09,274 [bacf23c7-6e92-44d7-b9fe-c924128d47d1-groupManagement] INFO  server.RaftServerConfigKeys (ConfUtils.java:logGet(46)) - raft.server.threadpool.client.cached = true (default)
2023-09-07 08:57:09,274 [bacf23c7-6e92-44d7-b9fe-c924128d47d1-groupManagement] INFO  server.RaftServerConfigKeys (ConfUtils.java:logGet(46)) - raft.server.threadpool.client.size = 0 (default)
2023-09-07 08:57:09,274 [bacf23c7-6e92-44d7-b9fe-c924128d47d1-groupManagement] INFO  storage.RaftStorageDirectory (RaftStorageDirectoryImpl.java:analyzeStorage(137)) - The storage directory /home/runner/work/ozone/ozone/hadoop-ozone/integration-test/target/test-dir/MiniOzoneClusterImpl-4f49b7df-1fbb-48bb-ad24-05a827c4b894/datanode-4/data/ratis/9feecf55-274f-47ad-adf3-6bae34699101 does not exist. Creating ...
2023-09-07 08:57:09,275 [bacf23c7-6e92-44d7-b9fe-c924128d47d1-groupManagement] INFO  storage.RaftStorageDirectory (RaftStorageDirectoryImpl.java:tryLock(231)) - Lock on /home/runner/work/ozone/ozone/hadoop-ozone/integration-test/target/test-dir/MiniOzoneClusterImpl-4f49b7df-1fbb-48bb-ad24-05a827c4b894/datanode-4/data/ratis/9feecf55-274f-47ad-adf3-6bae34699101/in_use.lock acquired by nodename 7589@fv-az793-921
2023-09-07 08:57:09,277 [bacf23c7-6e92-44d7-b9fe-c924128d47d1-groupManagement] INFO  storage.RaftStorage (RaftStorageImpl.java:format(96)) - Storage directory /home/runner/work/ozone/ozone/hadoop-ozone/integration-test/target/test-dir/MiniOzoneClusterImpl-4f49b7df-1fbb-48bb-ad24-05a827c4b894/datanode-4/data/ratis/9feecf55-274f-47ad-adf3-6bae34699101 has been successfully formatted.
2023-09-07 08:57:09,283 [bacf23c7-6e92-44d7-b9fe-c924128d47d1-groupManagement] INFO  ratis.ContainerStateMachine (ContainerStateMachine.java:loadSnapshot(262)) - group-6BAE34699101: The snapshot info is null. Setting the last applied indexto:(t:0, i:~)
2023-09-07 08:57:09,283 [bacf23c7-6e92-44d7-b9fe-c924128d47d1-groupManagement] INFO  server.RaftServerConfigKeys (ConfUtils.java:logGet(46)) - raft.server.log.use.memory = false (default)
2023-09-07 08:57:09,284 [bacf23c7-6e92-44d7-b9fe-c924128d47d1-groupManagement] INFO  server.RaftServerConfigKeys (ConfUtils.java:logGet(46)) - raft.server.log.purge.gap = 1000000 (custom)
2023-09-07 08:57:09,284 [bacf23c7-6e92-44d7-b9fe-c924128d47d1-groupManagement] INFO  server.RaftServerConfigKeys (ConfUtils.java:logGet(46)) - raft.server.log.appender.buffer.byte-limit = 33554432 (custom)
2023-09-07 08:57:09,284 [bacf23c7-6e92-44d7-b9fe-c924128d47d1-groupManagement] INFO  server.RaftServerConfigKeys (ConfUtils.java:logGet(46)) - raft.server.log.statemachine.data.read.timeout = 1000ms (default)
2023-09-07 08:57:09,285 [bacf23c7-6e92-44d7-b9fe-c924128d47d1-groupManagement] INFO  server.RaftServerConfigKeys (ConfUtils.java:logGet(46)) - raft.server.log.purge.preservation.log.num = 0 (default)
2023-09-07 08:57:09,285 [EventQueue-PipelineReportForPipelineReportHandler] INFO  pipeline.PipelineReportHandler (PipelineReportHandler.java:processPipelineReport(136)) - Opened pipeline PipelineID=9feecf55-274f-47ad-adf3-6bae34699101
2023-09-07 08:57:09,286 [bacf23c7-6e92-44d7-b9fe-c924128d47d1-groupManagement] INFO  server.RaftServerConfigKeys (ConfUtils.java:logGet(46)) - raft.server.log.segment.size.max = 1048576 (custom)
2023-09-07 08:57:09,286 [EventQueue-OpenPipelineForHealthyPipelineSafeModeRule] INFO  safemode.SCMSafeModeManager (HealthyPipelineSafeModeRule.java:process(137)) - SCM in safe mode. Healthy pipelines reported count is 0, required healthy pipeline reported count is 1
2023-09-07 08:57:09,286 [bacf23c7-6e92-44d7-b9fe-c924128d47d1-groupManagement] INFO  server.RaftServerConfigKeys (ConfUtils.java:logGet(46)) - raft.server.log.segment.cache.num.max = 2 (custom)
2023-09-07 08:57:09,286 [bacf23c7-6e92-44d7-b9fe-c924128d47d1-groupManagement] INFO  server.RaftServerConfigKeys (ConfUtils.java:logGet(46)) - raft.server.log.segment.cache.size.max = 200MB (=209715200) (default)
2023-09-07 08:57:09,286 [bacf23c7-6e92-44d7-b9fe-c924128d47d1-groupManagement] INFO  server.RaftServerConfigKeys (ConfUtils.java:logGet(46)) - raft.server.log.appender.buffer.byte-limit = 33554432 (custom)
2023-09-07 08:57:09,286 [bacf23c7-6e92-44d7-b9fe-c924128d47d1-groupManagement] INFO  segmented.SegmentedRaftLogWorker (SegmentedRaftLogWorker.java:<init>(188)) - new bacf23c7-6e92-44d7-b9fe-c924128d47d1@group-6BAE34699101-SegmentedRaftLogWorker for RaftStorageImpl:Storage Directory /home/runner/work/ozone/ozone/hadoop-ozone/integration-test/target/test-dir/MiniOzoneClusterImpl-4f49b7df-1fbb-48bb-ad24-05a827c4b894/datanode-4/data/ratis/9feecf55-274f-47ad-adf3-6bae34699101
2023-09-07 08:57:09,286 [bacf23c7-6e92-44d7-b9fe-c924128d47d1-groupManagement] INFO  server.RaftServerConfigKeys (ConfUtils.java:logGet(46)) - raft.server.log.queue.byte-limit = 4294967296 (custom)
2023-09-07 08:57:09,286 [bacf23c7-6e92-44d7-b9fe-c924128d47d1-groupManagement] INFO  server.RaftServerConfigKeys (ConfUtils.java:logGet(46)) - raft.server.log.queue.element-limit = 1024 (custom)
2023-09-07 08:57:09,286 [bacf23c7-6e92-44d7-b9fe-c924128d47d1-groupManagement] INFO  server.RaftServerConfigKeys (ConfUtils.java:logGet(46)) - raft.server.log.segment.size.max = 1048576 (custom)
2023-09-07 08:57:09,286 [bacf23c7-6e92-44d7-b9fe-c924128d47d1-groupManagement] INFO  server.RaftServerConfigKeys (ConfUtils.java:logGet(46)) - raft.server.log.preallocated.size = 16384 (custom)
2023-09-07 08:57:09,286 [bacf23c7-6e92-44d7-b9fe-c924128d47d1-groupManagement] INFO  server.RaftServerConfigKeys (ConfUtils.java:logGet(46)) - raft.server.log.force.sync.num = 128 (default)
2023-09-07 08:57:09,286 [bacf23c7-6e92-44d7-b9fe-c924128d47d1-groupManagement] INFO  server.RaftServerConfigKeys (ConfUtils.java:logGet(46)) - raft.server.log.statemachine.data.sync = true (default)
2023-09-07 08:57:09,287 [bacf23c7-6e92-44d7-b9fe-c924128d47d1-groupManagement] INFO  server.RaftServerConfigKeys (ConfUtils.java:logGet(46)) - raft.server.log.statemachine.data.sync.timeout = 10s (default)
2023-09-07 08:57:09,287 [bacf23c7-6e92-44d7-b9fe-c924128d47d1-groupManagement] INFO  server.RaftServerConfigKeys (ConfUtils.java:logGet(46)) - raft.server.log.statemachine.data.sync.timeout.retry = -1 (default)
2023-09-07 08:57:09,287 [bacf23c7-6e92-44d7-b9fe-c924128d47d1-groupManagement] INFO  server.RaftServerConfigKeys (ConfUtils.java:logGet(46)) - raft.server.log.write.buffer.size = 1048576 (custom)
2023-09-07 08:57:09,287 [bacf23c7-6e92-44d7-b9fe-c924128d47d1-groupManagement] INFO  server.RaftServerConfigKeys (ConfUtils.java:logGet(46)) - raft.server.log.appender.buffer.byte-limit = 33554432 (custom)
2023-09-07 08:57:09,293 [bacf23c7-6e92-44d7-b9fe-c924128d47d1-groupManagement] INFO  server.RaftServerConfigKeys (ConfUtils.java:logGet(46)) - raft.server.log.unsafe-flush.enabled = false (default)
2023-09-07 08:57:09,294 [bacf23c7-6e92-44d7-b9fe-c924128d47d1-groupManagement] INFO  server.RaftServerConfigKeys (ConfUtils.java:logGet(46)) - raft.server.log.async-flush.enabled = false (default)
2023-09-07 08:57:09,294 [bacf23c7-6e92-44d7-b9fe-c924128d47d1-groupManagement] INFO  server.RaftServerConfigKeys (ConfUtils.java:logGet(46)) - raft.server.log.statemachine.data.caching.enabled = true (custom)
2023-09-07 08:57:09,294 [bacf23c7-6e92-44d7-b9fe-c924128d47d1-groupManagement] INFO  segmented.SegmentedRaftLogWorker (SegmentedRaftLogWorker.java:lambda$new$0(135)) - bacf23c7-6e92-44d7-b9fe-c924128d47d1@group-6BAE34699101-SegmentedRaftLogWorker: flushIndex: setUnconditionally 0 -> -1
2023-09-07 08:57:09,294 [bacf23c7-6e92-44d7-b9fe-c924128d47d1-groupManagement] INFO  segmented.SegmentedRaftLogWorker (SegmentedRaftLogWorker.java:lambda$new$0(135)) - bacf23c7-6e92-44d7-b9fe-c924128d47d1@group-6BAE34699101-SegmentedRaftLogWorker: safeCacheEvictIndex: setUnconditionally 0 -> -1
2023-09-07 08:57:09,294 [bacf23c7-6e92-44d7-b9fe-c924128d47d1-groupManagement] INFO  server.RaftServer$Division (RaftServerImpl.java:start(342)) - bacf23c7-6e92-44d7-b9fe-c924128d47d1@group-6BAE34699101: start as a follower, conf=-1: peers:[bacf23c7-6e92-44d7-b9fe-c924128d47d1|rpc:10.1.0.48:15209|admin:10.1.0.48:15208|client:10.1.0.48:15207|dataStream:10.1.0.48:15210|priority:1|startupRole:FOLLOWER]|listeners:[], old=null
2023-09-07 08:57:09,294 [bacf23c7-6e92-44d7-b9fe-c924128d47d1-groupManagement] INFO  server.RaftServer$Division (RaftServerImpl.java:setRole(329)) - bacf23c7-6e92-44d7-b9fe-c924128d47d1@group-6BAE34699101: changes role from      null to FOLLOWER at term 0 for startAsFollower
2023-09-07 08:57:09,294 [bacf23c7-6e92-44d7-b9fe-c924128d47d1-groupManagement] INFO  impl.RoleInfo (RoleInfo.java:updateAndGet(139)) - bacf23c7-6e92-44d7-b9fe-c924128d47d1: start bacf23c7-6e92-44d7-b9fe-c924128d47d1@group-6BAE34699101-FollowerState
2023-09-07 08:57:09,295 [bacf23c7-6e92-44d7-b9fe-c924128d47d1-groupManagement] INFO  util.JmxRegister (JmxRegister.java:tryRegister(44)) - Successfully registered JMX Bean with object name Ratis:service=RaftServer,group=group-6BAE34699101,id=bacf23c7-6e92-44d7-b9fe-c924128d47d1
2023-09-07 08:57:09,295 [bacf23c7-6e92-44d7-b9fe-c924128d47d1@group-6BAE34699101-FollowerState] INFO  server.RaftServerConfigKeys (ConfUtils.java:logFallback(53)) - raft.server.rpc.first-election.timeout.min = 5s (fallback to raft.server.rpc.timeout.min)
2023-09-07 08:57:09,295 [bacf23c7-6e92-44d7-b9fe-c924128d47d1-groupManagement] INFO  server.RaftServerConfigKeys (ConfUtils.java:logGet(46)) - raft.server.snapshot.auto.trigger.enabled = true (custom)
2023-09-07 08:57:09,295 [bacf23c7-6e92-44d7-b9fe-c924128d47d1@group-6BAE34699101-FollowerState] INFO  server.RaftServerConfigKeys (ConfUtils.java:logFallback(53)) - raft.server.rpc.first-election.timeout.max = 5200ms (fallback to raft.server.rpc.timeout.max)
2023-09-07 08:57:09,295 [bacf23c7-6e92-44d7-b9fe-c924128d47d1-groupManagement] INFO  server.RaftServerConfigKeys (ConfUtils.java:logGet(46)) - raft.server.snapshot.auto.trigger.threshold = 10000 (custom)
2023-09-07 08:57:09,295 [bacf23c7-6e92-44d7-b9fe-c924128d47d1-groupManagement] INFO  server.RaftServerConfigKeys (ConfUtils.java:logGet(46)) - raft.server.snapshot.retention.file.num = 5 (custom)
2023-09-07 08:57:09,295 [bacf23c7-6e92-44d7-b9fe-c924128d47d1-groupManagement] INFO  server.RaftServerConfigKeys (ConfUtils.java:logGet(46)) - raft.server.log.purge.upto.snapshot.index = false (default)
2023-09-07 08:57:09,296 [PipelineCommandHandlerThread-0] INFO  ratis.XceiverServerRatis (XceiverServerRatis.java:addGroup(804)) - Created group PipelineID=9feecf55-274f-47ad-adf3-6bae34699101
2023-09-07 08:57:09,296 [PipelineCommandHandlerThread-0] INFO  commandhandler.CreatePipelineCommandHandler (CreatePipelineCommandHandler.java:lambda$handle$2(124)) - Created Pipeline RATIS ONE PipelineID=9feecf55-274f-47ad-adf3-6bae34699101.
2023-09-07 08:57:10,268 [main] INFO  ozone.MiniOzoneClusterImpl (MiniOzoneClusterImpl.java:lambda$waitForClusterToBeReady$0(224)) - Nodes are ready. Got 5 of 5 DN Heartbeats.
2023-09-07 08:57:10,269 [main] INFO  ozone.MiniOzoneClusterImpl (MiniOzoneClusterImpl.java:lambda$waitForClusterToBeReady$0(227)) - Waiting for cluster to exit safe mode
2023-09-07 08:57:10,269 [main] INFO  ozone.MiniOzoneClusterImpl (MiniOzoneClusterImpl.java:lambda$waitForClusterToBeReady$0(229)) - SCM became leader
2023-09-07 08:57:11,269 [main] INFO  ozone.MiniOzoneClusterImpl (MiniOzoneClusterImpl.java:lambda$waitForClusterToBeReady$0(224)) - Nodes are ready. Got 5 of 5 DN Heartbeats.
2023-09-07 08:57:11,269 [main] INFO  ozone.MiniOzoneClusterImpl (MiniOzoneClusterImpl.java:lambda$waitForClusterToBeReady$0(227)) - Waiting for cluster to exit safe mode
2023-09-07 08:57:11,269 [main] INFO  ozone.MiniOzoneClusterImpl (MiniOzoneClusterImpl.java:lambda$waitForClusterToBeReady$0(229)) - SCM became leader
2023-09-07 08:57:12,270 [main] INFO  ozone.MiniOzoneClusterImpl (MiniOzoneClusterImpl.java:lambda$waitForClusterToBeReady$0(224)) - Nodes are ready. Got 5 of 5 DN Heartbeats.
2023-09-07 08:57:12,270 [main] INFO  ozone.MiniOzoneClusterImpl (MiniOzoneClusterImpl.java:lambda$waitForClusterToBeReady$0(227)) - Waiting for cluster to exit safe mode
2023-09-07 08:57:12,270 [main] INFO  ozone.MiniOzoneClusterImpl (MiniOzoneClusterImpl.java:lambda$waitForClusterToBeReady$0(229)) - SCM became leader
2023-09-07 08:57:12,917 [c2dbcf2b-518f-41ea-bd88-da292e0ddc39@group-80ADEC46C998-FollowerState] INFO  impl.FollowerState (FollowerState.java:run(143)) - c2dbcf2b-518f-41ea-bd88-da292e0ddc39@group-80ADEC46C998-FollowerState: change to CANDIDATE, lastRpcElapsedTime:5007979308ns, electionTimeout:5003ms
2023-09-07 08:57:12,918 [c2dbcf2b-518f-41ea-bd88-da292e0ddc39@group-80ADEC46C998-FollowerState] INFO  impl.RoleInfo (RoleInfo.java:shutdownFollowerState(110)) - c2dbcf2b-518f-41ea-bd88-da292e0ddc39: shutdown c2dbcf2b-518f-41ea-bd88-da292e0ddc39@group-80ADEC46C998-FollowerState
2023-09-07 08:57:12,918 [c2dbcf2b-518f-41ea-bd88-da292e0ddc39@group-80ADEC46C998-FollowerState] INFO  server.RaftServer$Division (RaftServerImpl.java:setRole(329)) - c2dbcf2b-518f-41ea-bd88-da292e0ddc39@group-80ADEC46C998: changes role from  FOLLOWER to CANDIDATE at term 0 for changeToCandidate
2023-09-07 08:57:12,918 [c2dbcf2b-518f-41ea-bd88-da292e0ddc39@group-80ADEC46C998-FollowerState] INFO  server.RaftServerConfigKeys (ConfUtils.java:logGet(46)) - raft.server.leaderelection.pre-vote = true (default)
2023-09-07 08:57:12,918 [c2dbcf2b-518f-41ea-bd88-da292e0ddc39@group-80ADEC46C998-FollowerState] INFO  impl.RoleInfo (RoleInfo.java:updateAndGet(139)) - c2dbcf2b-518f-41ea-bd88-da292e0ddc39: start c2dbcf2b-518f-41ea-bd88-da292e0ddc39@group-80ADEC46C998-LeaderElection29
2023-09-07 08:57:12,924 [c2dbcf2b-518f-41ea-bd88-da292e0ddc39@group-80ADEC46C998-LeaderElection29] INFO  impl.LeaderElection (LeaderElection.java:askForVotes(321)) - c2dbcf2b-518f-41ea-bd88-da292e0ddc39@group-80ADEC46C998-LeaderElection29 PRE_VOTE round 0: submit vote requests at term 0 for -1: peers:[a34f2eca-ee32-4394-bb15-3b741437dcd0|rpc:10.1.0.48:15182|admin:10.1.0.48:15181|client:10.1.0.48:15180|dataStream:10.1.0.48:15183|priority:0|startupRole:FOLLOWER, c2dbcf2b-518f-41ea-bd88-da292e0ddc39|rpc:10.1.0.48:15173|admin:10.1.0.48:15172|client:10.1.0.48:15171|dataStream:10.1.0.48:15174|priority:1|startupRole:FOLLOWER, 469bc52f-827e-4f59-b4d6-1102a4459bcd|rpc:10.1.0.48:15191|admin:10.1.0.48:15190|client:10.1.0.48:15189|dataStream:10.1.0.48:15192|priority:0|startupRole:FOLLOWER]|listeners:[], old=null
2023-09-07 08:57:12,925 [c2dbcf2b-518f-41ea-bd88-da292e0ddc39@group-80ADEC46C998-LeaderElection29-1] INFO  server.GrpcServerProtocolClient (GrpcServerProtocolClient.java:<init>(65)) - Build channel for a34f2eca-ee32-4394-bb15-3b741437dcd0
2023-09-07 08:57:12,925 [c2dbcf2b-518f-41ea-bd88-da292e0ddc39@group-80ADEC46C998-LeaderElection29] INFO  server.RaftServerConfigKeys (ConfUtils.java:logFallback(53)) - raft.server.rpc.first-election.timeout.min = 5s (fallback to raft.server.rpc.timeout.min)
2023-09-07 08:57:12,925 [c2dbcf2b-518f-41ea-bd88-da292e0ddc39@group-80ADEC46C998-LeaderElection29] INFO  server.RaftServerConfigKeys (ConfUtils.java:logFallback(53)) - raft.server.rpc.first-election.timeout.max = 5200ms (fallback to raft.server.rpc.timeout.max)
2023-09-07 08:57:12,925 [c2dbcf2b-518f-41ea-bd88-da292e0ddc39@group-80ADEC46C998-LeaderElection29-2] INFO  server.GrpcServerProtocolClient (GrpcServerProtocolClient.java:<init>(65)) - Build channel for 469bc52f-827e-4f59-b4d6-1102a4459bcd
2023-09-07 08:57:12,956 [grpc-default-executor-0] INFO  server.RaftServer$Division (RaftServerImpl.java:requestVote(1302)) - 469bc52f-827e-4f59-b4d6-1102a4459bcd@group-80ADEC46C998: receive requestVote(PRE_VOTE, c2dbcf2b-518f-41ea-bd88-da292e0ddc39, group-80ADEC46C998, 0, (t:0, i:0))
2023-09-07 08:57:12,956 [grpc-default-executor-0] INFO  impl.VoteContext (VoteContext.java:log(49)) - 469bc52f-827e-4f59-b4d6-1102a4459bcd@group-80ADEC46C998-FOLLOWER: accept PRE_VOTE from c2dbcf2b-518f-41ea-bd88-da292e0ddc39: our priority 0 <= candidate's priority 1
2023-09-07 08:57:12,956 [grpc-default-executor-0] INFO  server.RaftServer$Division (RaftServerImpl.java:requestVote(1335)) - 469bc52f-827e-4f59-b4d6-1102a4459bcd@group-80ADEC46C998 replies to PRE_VOTE vote request: c2dbcf2b-518f-41ea-bd88-da292e0ddc39<-469bc52f-827e-4f59-b4d6-1102a4459bcd#0:OK-t0. Peer's state: 469bc52f-827e-4f59-b4d6-1102a4459bcd@group-80ADEC46C998:t0, leader=null, voted=, raftlog=Memoized:469bc52f-827e-4f59-b4d6-1102a4459bcd@group-80ADEC46C998-SegmentedRaftLog:OPENED:c-1, conf=-1: peers:[a34f2eca-ee32-4394-bb15-3b741437dcd0|rpc:10.1.0.48:15182|admin:10.1.0.48:15181|client:10.1.0.48:15180|dataStream:10.1.0.48:15183|priority:0|startupRole:FOLLOWER, c2dbcf2b-518f-41ea-bd88-da292e0ddc39|rpc:10.1.0.48:15173|admin:10.1.0.48:15172|client:10.1.0.48:15171|dataStream:10.1.0.48:15174|priority:1|startupRole:FOLLOWER, 469bc52f-827e-4f59-b4d6-1102a4459bcd|rpc:10.1.0.48:15191|admin:10.1.0.48:15190|client:10.1.0.48:15189|dataStream:10.1.0.48:15192|priority:0|startupRole:FOLLOWER]|listeners:[], old=null
2023-09-07 08:57:12,958 [grpc-default-executor-1] INFO  server.RaftServer$Division (RaftServerImpl.java:requestVote(1302)) - a34f2eca-ee32-4394-bb15-3b741437dcd0@group-80ADEC46C998: receive requestVote(PRE_VOTE, c2dbcf2b-518f-41ea-bd88-da292e0ddc39, group-80ADEC46C998, 0, (t:0, i:0))
2023-09-07 08:57:12,958 [grpc-default-executor-1] INFO  impl.VoteContext (VoteContext.java:log(49)) - a34f2eca-ee32-4394-bb15-3b741437dcd0@group-80ADEC46C998-FOLLOWER: accept PRE_VOTE from c2dbcf2b-518f-41ea-bd88-da292e0ddc39: our priority 0 <= candidate's priority 1
2023-09-07 08:57:12,958 [grpc-default-executor-1] INFO  server.RaftServer$Division (RaftServerImpl.java:requestVote(1335)) - a34f2eca-ee32-4394-bb15-3b741437dcd0@group-80ADEC46C998 replies to PRE_VOTE vote request: c2dbcf2b-518f-41ea-bd88-da292e0ddc39<-a34f2eca-ee32-4394-bb15-3b741437dcd0#0:OK-t0. Peer's state: a34f2eca-ee32-4394-bb15-3b741437dcd0@group-80ADEC46C998:t0, leader=null, voted=, raftlog=Memoized:a34f2eca-ee32-4394-bb15-3b741437dcd0@group-80ADEC46C998-SegmentedRaftLog:OPENED:c-1, conf=-1: peers:[a34f2eca-ee32-4394-bb15-3b741437dcd0|rpc:10.1.0.48:15182|admin:10.1.0.48:15181|client:10.1.0.48:15180|dataStream:10.1.0.48:15183|priority:0|startupRole:FOLLOWER, c2dbcf2b-518f-41ea-bd88-da292e0ddc39|rpc:10.1.0.48:15173|admin:10.1.0.48:15172|client:10.1.0.48:15171|dataStream:10.1.0.48:15174|priority:1|startupRole:FOLLOWER, 469bc52f-827e-4f59-b4d6-1102a4459bcd|rpc:10.1.0.48:15191|admin:10.1.0.48:15190|client:10.1.0.48:15189|dataStream:10.1.0.48:15192|priority:0|startupRole:FOLLOWER]|listeners:[], old=null
2023-09-07 08:57:12,962 [c2dbcf2b-518f-41ea-bd88-da292e0ddc39@group-80ADEC46C998-LeaderElection29] INFO  impl.LeaderElection (LeaderElection.java:logAndReturn(90)) - c2dbcf2b-518f-41ea-bd88-da292e0ddc39@group-80ADEC46C998-LeaderElection29: PRE_VOTE PASSED received 1 response(s) and 0 exception(s):
2023-09-07 08:57:12,962 [c2dbcf2b-518f-41ea-bd88-da292e0ddc39@group-80ADEC46C998-LeaderElection29] INFO  impl.LeaderElection (LeaderElection.java:logAndReturn(94)) -   Response 0: c2dbcf2b-518f-41ea-bd88-da292e0ddc39<-469bc52f-827e-4f59-b4d6-1102a4459bcd#0:OK-t0
2023-09-07 08:57:12,962 [c2dbcf2b-518f-41ea-bd88-da292e0ddc39@group-80ADEC46C998-LeaderElection29] INFO  impl.LeaderElection (LeaderElection.java:askForVotes(323)) - c2dbcf2b-518f-41ea-bd88-da292e0ddc39@group-80ADEC46C998-LeaderElection29 PRE_VOTE round 0: result PASSED
2023-09-07 08:57:12,966 [a34f2eca-ee32-4394-bb15-3b741437dcd0@group-80ADEC46C998-FollowerState] INFO  server.RaftServerConfigKeys (ConfUtils.java:logFallback(53)) - raft.server.rpc.first-election.timeout.min = 5s (fallback to raft.server.rpc.timeout.min)
2023-09-07 08:57:12,966 [a34f2eca-ee32-4394-bb15-3b741437dcd0@group-80ADEC46C998-FollowerState] INFO  server.RaftServerConfigKeys (ConfUtils.java:logFallback(53)) - raft.server.rpc.first-election.timeout.max = 5200ms (fallback to raft.server.rpc.timeout.max)
2023-09-07 08:57:12,967 [c2dbcf2b-518f-41ea-bd88-da292e0ddc39@group-80ADEC46C998-LeaderElection29] INFO  impl.LeaderElection (LeaderElection.java:askForVotes(321)) - c2dbcf2b-518f-41ea-bd88-da292e0ddc39@group-80ADEC46C998-LeaderElection29 ELECTION round 0: submit vote requests at term 1 for -1: peers:[a34f2eca-ee32-4394-bb15-3b741437dcd0|rpc:10.1.0.48:15182|admin:10.1.0.48:15181|client:10.1.0.48:15180|dataStream:10.1.0.48:15183|priority:0|startupRole:FOLLOWER, c2dbcf2b-518f-41ea-bd88-da292e0ddc39|rpc:10.1.0.48:15173|admin:10.1.0.48:15172|client:10.1.0.48:15171|dataStream:10.1.0.48:15174|priority:1|startupRole:FOLLOWER, 469bc52f-827e-4f59-b4d6-1102a4459bcd|rpc:10.1.0.48:15191|admin:10.1.0.48:15190|client:10.1.0.48:15189|dataStream:10.1.0.48:15192|priority:0|startupRole:FOLLOWER]|listeners:[], old=null
2023-09-07 08:57:12,967 [c2dbcf2b-518f-41ea-bd88-da292e0ddc39@group-80ADEC46C998-LeaderElection29] INFO  server.RaftServerConfigKeys (ConfUtils.java:logFallback(53)) - raft.server.rpc.first-election.timeout.min = 5s (fallback to raft.server.rpc.timeout.min)
2023-09-07 08:57:12,967 [c2dbcf2b-518f-41ea-bd88-da292e0ddc39@group-80ADEC46C998-LeaderElection29] INFO  server.RaftServerConfigKeys (ConfUtils.java:logFallback(53)) - raft.server.rpc.first-election.timeout.max = 5200ms (fallback to raft.server.rpc.timeout.max)
2023-09-07 08:57:12,972 [grpc-default-executor-0] INFO  server.RaftServer$Division (RaftServerImpl.java:requestVote(1302)) - a34f2eca-ee32-4394-bb15-3b741437dcd0@group-80ADEC46C998: receive requestVote(ELECTION, c2dbcf2b-518f-41ea-bd88-da292e0ddc39, group-80ADEC46C998, 1, (t:0, i:0))
2023-09-07 08:57:12,972 [grpc-default-executor-0] INFO  impl.VoteContext (VoteContext.java:log(49)) - a34f2eca-ee32-4394-bb15-3b741437dcd0@group-80ADEC46C998-FOLLOWER: accept ELECTION from c2dbcf2b-518f-41ea-bd88-da292e0ddc39: our priority 0 <= candidate's priority 1
2023-09-07 08:57:12,972 [grpc-default-executor-0] INFO  server.RaftServer$Division (RaftServerImpl.java:setRole(329)) - a34f2eca-ee32-4394-bb15-3b741437dcd0@group-80ADEC46C998: changes role from  FOLLOWER to FOLLOWER at term 1 for candidate:c2dbcf2b-518f-41ea-bd88-da292e0ddc39
2023-09-07 08:57:12,972 [grpc-default-executor-0] INFO  impl.RoleInfo (RoleInfo.java:shutdownFollowerState(110)) - a34f2eca-ee32-4394-bb15-3b741437dcd0: shutdown a34f2eca-ee32-4394-bb15-3b741437dcd0@group-80ADEC46C998-FollowerState
2023-09-07 08:57:12,972 [grpc-default-executor-0] INFO  impl.RoleInfo (RoleInfo.java:updateAndGet(139)) - a34f2eca-ee32-4394-bb15-3b741437dcd0: start a34f2eca-ee32-4394-bb15-3b741437dcd0@group-80ADEC46C998-FollowerState
2023-09-07 08:57:12,972 [a34f2eca-ee32-4394-bb15-3b741437dcd0@group-80ADEC46C998-FollowerState] INFO  impl.FollowerState (FollowerState.java:run(152)) - a34f2eca-ee32-4394-bb15-3b741437dcd0@group-80ADEC46C998-FollowerState was interrupted
2023-09-07 08:57:12,976 [grpc-default-executor-1] INFO  server.RaftServer$Division (RaftServerImpl.java:requestVote(1302)) - 469bc52f-827e-4f59-b4d6-1102a4459bcd@group-80ADEC46C998: receive requestVote(ELECTION, c2dbcf2b-518f-41ea-bd88-da292e0ddc39, group-80ADEC46C998, 1, (t:0, i:0))
2023-09-07 08:57:12,976 [grpc-default-executor-0] INFO  server.RaftServer$Division (RaftServerImpl.java:requestVote(1335)) - a34f2eca-ee32-4394-bb15-3b741437dcd0@group-80ADEC46C998 replies to ELECTION vote request: c2dbcf2b-518f-41ea-bd88-da292e0ddc39<-a34f2eca-ee32-4394-bb15-3b741437dcd0#0:OK-t1. Peer's state: a34f2eca-ee32-4394-bb15-3b741437dcd0@group-80ADEC46C998:t1, leader=null, voted=c2dbcf2b-518f-41ea-bd88-da292e0ddc39, raftlog=Memoized:a34f2eca-ee32-4394-bb15-3b741437dcd0@group-80ADEC46C998-SegmentedRaftLog:OPENED:c-1, conf=-1: peers:[a34f2eca-ee32-4394-bb15-3b741437dcd0|rpc:10.1.0.48:15182|admin:10.1.0.48:15181|client:10.1.0.48:15180|dataStream:10.1.0.48:15183|priority:0|startupRole:FOLLOWER, c2dbcf2b-518f-41ea-bd88-da292e0ddc39|rpc:10.1.0.48:15173|admin:10.1.0.48:15172|client:10.1.0.48:15171|dataStream:10.1.0.48:15174|priority:1|startupRole:FOLLOWER, 469bc52f-827e-4f59-b4d6-1102a4459bcd|rpc:10.1.0.48:15191|admin:10.1.0.48:15190|client:10.1.0.48:15189|dataStream:10.1.0.48:15192|priority:0|startupRole:FOLLOWER]|listeners:[], old=null
2023-09-07 08:57:12,978 [grpc-default-executor-1] INFO  impl.VoteContext (VoteContext.java:log(49)) - 469bc52f-827e-4f59-b4d6-1102a4459bcd@group-80ADEC46C998-FOLLOWER: accept ELECTION from c2dbcf2b-518f-41ea-bd88-da292e0ddc39: our priority 0 <= candidate's priority 1
2023-09-07 08:57:12,978 [grpc-default-executor-1] INFO  server.RaftServer$Division (RaftServerImpl.java:setRole(329)) - 469bc52f-827e-4f59-b4d6-1102a4459bcd@group-80ADEC46C998: changes role from  FOLLOWER to FOLLOWER at term 1 for candidate:c2dbcf2b-518f-41ea-bd88-da292e0ddc39
2023-09-07 08:57:12,978 [grpc-default-executor-1] INFO  impl.RoleInfo (RoleInfo.java:shutdownFollowerState(110)) - 469bc52f-827e-4f59-b4d6-1102a4459bcd: shutdown 469bc52f-827e-4f59-b4d6-1102a4459bcd@group-80ADEC46C998-FollowerState
2023-09-07 08:57:12,978 [grpc-default-executor-1] INFO  impl.RoleInfo (RoleInfo.java:updateAndGet(139)) - 469bc52f-827e-4f59-b4d6-1102a4459bcd: start 469bc52f-827e-4f59-b4d6-1102a4459bcd@group-80ADEC46C998-FollowerState
2023-09-07 08:57:12,978 [469bc52f-827e-4f59-b4d6-1102a4459bcd@group-80ADEC46C998-FollowerState] INFO  impl.FollowerState (FollowerState.java:run(152)) - 469bc52f-827e-4f59-b4d6-1102a4459bcd@group-80ADEC46C998-FollowerState was interrupted
2023-09-07 08:57:12,986 [grpc-default-executor-1] INFO  server.RaftServer$Division (RaftServerImpl.java:requestVote(1335)) - 469bc52f-827e-4f59-b4d6-1102a4459bcd@group-80ADEC46C998 replies to ELECTION vote request: c2dbcf2b-518f-41ea-bd88-da292e0ddc39<-469bc52f-827e-4f59-b4d6-1102a4459bcd#0:OK-t1. Peer's state: 469bc52f-827e-4f59-b4d6-1102a4459bcd@group-80ADEC46C998:t1, leader=null, voted=c2dbcf2b-518f-41ea-bd88-da292e0ddc39, raftlog=Memoized:469bc52f-827e-4f59-b4d6-1102a4459bcd@group-80ADEC46C998-SegmentedRaftLog:OPENED:c-1, conf=-1: peers:[a34f2eca-ee32-4394-bb15-3b741437dcd0|rpc:10.1.0.48:15182|admin:10.1.0.48:15181|client:10.1.0.48:15180|dataStream:10.1.0.48:15183|priority:0|startupRole:FOLLOWER, c2dbcf2b-518f-41ea-bd88-da292e0ddc39|rpc:10.1.0.48:15173|admin:10.1.0.48:15172|client:10.1.0.48:15171|dataStream:10.1.0.48:15174|priority:1|startupRole:FOLLOWER, 469bc52f-827e-4f59-b4d6-1102a4459bcd|rpc:10.1.0.48:15191|admin:10.1.0.48:15190|client:10.1.0.48:15189|dataStream:10.1.0.48:15192|priority:0|startupRole:FOLLOWER]|listeners:[], old=null
2023-09-07 08:57:12,990 [c2dbcf2b-518f-41ea-bd88-da292e0ddc39@group-80ADEC46C998-LeaderElection29] INFO  impl.LeaderElection (LeaderElection.java:logAndReturn(90)) - c2dbcf2b-518f-41ea-bd88-da292e0ddc39@group-80ADEC46C998-LeaderElection29: ELECTION PASSED received 1 response(s) and 0 exception(s):
2023-09-07 08:57:12,991 [c2dbcf2b-518f-41ea-bd88-da292e0ddc39@group-80ADEC46C998-LeaderElection29] INFO  impl.LeaderElection (LeaderElection.java:logAndReturn(94)) -   Response 0: c2dbcf2b-518f-41ea-bd88-da292e0ddc39<-a34f2eca-ee32-4394-bb15-3b741437dcd0#0:OK-t1
2023-09-07 08:57:12,991 [c2dbcf2b-518f-41ea-bd88-da292e0ddc39@group-80ADEC46C998-LeaderElection29] INFO  impl.LeaderElection (LeaderElection.java:askForVotes(323)) - c2dbcf2b-518f-41ea-bd88-da292e0ddc39@group-80ADEC46C998-LeaderElection29 ELECTION round 0: result PASSED
2023-09-07 08:57:12,991 [c2dbcf2b-518f-41ea-bd88-da292e0ddc39@group-80ADEC46C998-LeaderElection29] INFO  impl.RoleInfo (RoleInfo.java:shutdownLeaderElection(130)) - c2dbcf2b-518f-41ea-bd88-da292e0ddc39: shutdown c2dbcf2b-518f-41ea-bd88-da292e0ddc39@group-80ADEC46C998-LeaderElection29
2023-09-07 08:57:12,992 [c2dbcf2b-518f-41ea-bd88-da292e0ddc39@group-80ADEC46C998-LeaderElection29] INFO  server.RaftServer$Division (RaftServerImpl.java:setRole(329)) - c2dbcf2b-518f-41ea-bd88-da292e0ddc39@group-80ADEC46C998: changes role from CANDIDATE to LEADER at term 1 for changeToLeader
2023-09-07 08:57:12,992 [c2dbcf2b-518f-41ea-bd88-da292e0ddc39@group-80ADEC46C998-LeaderElection29] INFO  ratis.XceiverServerRatis (XceiverServerRatis.java:handleLeaderChangedNotification(902)) - Leader change notification received for group: group-80ADEC46C998 with new leaderId: c2dbcf2b-518f-41ea-bd88-da292e0ddc39
2023-09-07 08:57:12,992 [c2dbcf2b-518f-41ea-bd88-da292e0ddc39@group-80ADEC46C998-LeaderElection29] INFO  server.RaftServer$Division (ServerState.java:setLeader(317)) - c2dbcf2b-518f-41ea-bd88-da292e0ddc39@group-80ADEC46C998: change Leader from null to c2dbcf2b-518f-41ea-bd88-da292e0ddc39 at term 1 for becomeLeader, leader elected after 5120ms
2023-09-07 08:57:12,992 [c2dbcf2b-518f-41ea-bd88-da292e0ddc39@group-80ADEC46C998-LeaderElection29] INFO  server.RaftServerConfigKeys (ConfUtils.java:logGet(46)) - raft.server.staging.catchup.gap = 1000 (default)
2023-09-07 08:57:12,993 [c2dbcf2b-518f-41ea-bd88-da292e0ddc39@group-80ADEC46C998-LeaderElection29] INFO  server.RaftServerConfigKeys (ConfUtils.java:logGet(46)) - raft.server.write.element-limit = 1024 (custom)
2023-09-07 08:57:12,993 [c2dbcf2b-518f-41ea-bd88-da292e0ddc39@group-80ADEC46C998-LeaderElection29] INFO  server.RaftServerConfigKeys (ConfUtils.java:logGet(46)) - raft.server.write.byte-limit = 1024 M (=1073741824) (custom)
2023-09-07 08:57:12,993 [c2dbcf2b-518f-41ea-bd88-da292e0ddc39@group-80ADEC46C998-LeaderElection29] INFO  server.RaftServerConfigKeys (ConfUtils.java:logGet(46)) - raft.server.watch.timeout = 180s (custom)
2023-09-07 08:57:12,993 [c2dbcf2b-518f-41ea-bd88-da292e0ddc39@group-80ADEC46C998-LeaderElection29] INFO  server.RaftServerConfigKeys (ConfUtils.java:logGet(46)) - raft.server.watch.timeout.denomination = 1s (default)
2023-09-07 08:57:12,993 [c2dbcf2b-518f-41ea-bd88-da292e0ddc39@group-80ADEC46C998-LeaderElection29] INFO  server.RaftServerConfigKeys (ConfUtils.java:logGet(46)) - raft.server.watch.element-limit = 65536 (default)
2023-09-07 08:57:12,993 [c2dbcf2b-518f-41ea-bd88-da292e0ddc39@group-80ADEC46C998-LeaderElection29] INFO  server.RaftServerConfigKeys (ConfUtils.java:logGet(46)) - raft.server.write.element-limit = 1024 (custom)
2023-09-07 08:57:12,993 [c2dbcf2b-518f-41ea-bd88-da292e0ddc39@group-80ADEC46C998-LeaderElection29] INFO  server.RaftServerConfigKeys (ConfUtils.java:logGet(46)) - raft.server.write.follower.gap.ratio.max = -1.0 (default)
2023-09-07 08:57:12,994 [c2dbcf2b-518f-41ea-bd88-da292e0ddc39@group-80ADEC46C998-LeaderElection29] INFO  server.RaftServerConfigKeys (ConfUtils.java:logGet(46)) - raft.server.log.appender.snapshot.chunk.size.max = 16MB (=16777216) (default)
2023-09-07 08:57:12,994 [c2dbcf2b-518f-41ea-bd88-da292e0ddc39@group-80ADEC46C998-LeaderElection29] INFO  server.RaftServerConfigKeys (ConfUtils.java:logGet(46)) - raft.server.log.appender.buffer.byte-limit = 33554432 (custom)
2023-09-07 08:57:12,994 [c2dbcf2b-518f-41ea-bd88-da292e0ddc39@group-80ADEC46C998-LeaderElection29] INFO  server.RaftServerConfigKeys (ConfUtils.java:logGet(46)) - raft.server.log.appender.buffer.element-limit = 1 (custom)
2023-09-07 08:57:12,994 [c2dbcf2b-518f-41ea-bd88-da292e0ddc39@group-80ADEC46C998-LeaderElection29] INFO  server.RaftServerConfigKeys (ConfUtils.java:logGet(46)) - raft.server.log.appender.wait-time.min = 10ms (default)
2023-09-07 08:57:12,994 [c2dbcf2b-518f-41ea-bd88-da292e0ddc39@group-80ADEC46C998-LeaderElection29] INFO  grpc.GrpcConfigKeys (ConfUtils.java:logGet(46)) - raft.grpc.server.leader.outstanding.appends.max = 128 (default)
2023-09-07 08:57:12,994 [c2dbcf2b-518f-41ea-bd88-da292e0ddc39@group-80ADEC46C998-LeaderElection29] INFO  server.RaftServerConfigKeys (ConfUtils.java:logGet(46)) - raft.server.rpc.request.timeout = 60s (custom)
2023-09-07 08:57:12,994 [c2dbcf2b-518f-41ea-bd88-da292e0ddc39@group-80ADEC46C998-LeaderElection29] INFO  grpc.GrpcConfigKeys (ConfUtils.java:logGet(46)) - raft.grpc.server.install_snapshot.request.element-limit = 8 (default)
2023-09-07 08:57:12,995 [c2dbcf2b-518f-41ea-bd88-da292e0ddc39@group-80ADEC46C998-LeaderElection29] INFO  grpc.GrpcConfigKeys (ConfUtils.java:logGet(46)) - raft.grpc.server.install_snapshot.request.timeout = 3000ms (default)
2023-09-07 08:57:12,995 [c2dbcf2b-518f-41ea-bd88-da292e0ddc39@group-80ADEC46C998-LeaderElection29] INFO  server.RaftServerConfigKeys (ConfUtils.java:logGet(46)) - raft.server.log.appender.install.snapshot.enabled = false (custom)
2023-09-07 08:57:12,995 [c2dbcf2b-518f-41ea-bd88-da292e0ddc39@group-80ADEC46C998-LeaderElection29] INFO  grpc.GrpcConfigKeys (ConfUtils.java:logGet(46)) - raft.grpc.server.heartbeat.channel = true (default)
2023-09-07 08:57:12,995 [c2dbcf2b-518f-41ea-bd88-da292e0ddc39@group-80ADEC46C998-LeaderElection29] INFO  server.RaftServerConfigKeys (ConfUtils.java:logGet(46)) - raft.server.log.appender.snapshot.chunk.size.max = 16MB (=16777216) (default)
2023-09-07 08:57:12,995 [c2dbcf2b-518f-41ea-bd88-da292e0ddc39@group-80ADEC46C998-LeaderElection29] INFO  server.RaftServerConfigKeys (ConfUtils.java:logGet(46)) - raft.server.log.appender.buffer.byte-limit = 33554432 (custom)
2023-09-07 08:57:12,995 [c2dbcf2b-518f-41ea-bd88-da292e0ddc39@group-80ADEC46C998-LeaderElection29] INFO  server.RaftServerConfigKeys (ConfUtils.java:logGet(46)) - raft.server.log.appender.buffer.element-limit = 1 (custom)
2023-09-07 08:57:12,995 [c2dbcf2b-518f-41ea-bd88-da292e0ddc39@group-80ADEC46C998-LeaderElection29] INFO  server.RaftServerConfigKeys (ConfUtils.java:logGet(46)) - raft.server.log.appender.wait-time.min = 10ms (default)
2023-09-07 08:57:12,995 [c2dbcf2b-518f-41ea-bd88-da292e0ddc39@group-80ADEC46C998-LeaderElection29] INFO  grpc.GrpcConfigKeys (ConfUtils.java:logGet(46)) - raft.grpc.server.leader.outstanding.appends.max = 128 (default)
2023-09-07 08:57:12,995 [c2dbcf2b-518f-41ea-bd88-da292e0ddc39@group-80ADEC46C998-LeaderElection29] INFO  server.RaftServerConfigKeys (ConfUtils.java:logGet(46)) - raft.server.rpc.request.timeout = 60s (custom)
2023-09-07 08:57:12,995 [c2dbcf2b-518f-41ea-bd88-da292e0ddc39@group-80ADEC46C998-LeaderElection29] INFO  grpc.GrpcConfigKeys (ConfUtils.java:logGet(46)) - raft.grpc.server.install_snapshot.request.element-limit = 8 (default)
2023-09-07 08:57:12,996 [c2dbcf2b-518f-41ea-bd88-da292e0ddc39@group-80ADEC46C998-LeaderElection29] INFO  grpc.GrpcConfigKeys (ConfUtils.java:logGet(46)) - raft.grpc.server.install_snapshot.request.timeout = 3000ms (default)
2023-09-07 08:57:12,996 [c2dbcf2b-518f-41ea-bd88-da292e0ddc39@group-80ADEC46C998-LeaderElection29] INFO  server.RaftServerConfigKeys (ConfUtils.java:logGet(46)) - raft.server.log.appender.install.snapshot.enabled = false (custom)
2023-09-07 08:57:12,996 [c2dbcf2b-518f-41ea-bd88-da292e0ddc39@group-80ADEC46C998-LeaderElection29] INFO  grpc.GrpcConfigKeys (ConfUtils.java:logGet(46)) - raft.grpc.server.heartbeat.channel = true (default)
2023-09-07 08:57:12,996 [c2dbcf2b-518f-41ea-bd88-da292e0ddc39@group-80ADEC46C998-LeaderElection29] INFO  impl.RoleInfo (RoleInfo.java:updateAndGet(139)) - c2dbcf2b-518f-41ea-bd88-da292e0ddc39: start c2dbcf2b-518f-41ea-bd88-da292e0ddc39@group-80ADEC46C998-LeaderStateImpl
2023-09-07 08:57:12,997 [EventQueue-PipelineReportForPipelineReportHandler] INFO  pipeline.PipelineReportHandler (PipelineReportHandler.java:processPipelineReport(136)) - Opened pipeline PipelineID=f55a9bfb-af7d-4ebf-a6e4-80adec46c998
2023-09-07 08:57:12,997 [EventQueue-OpenPipelineForHealthyPipelineSafeModeRule] INFO  safemode.SCMSafeModeManager (HealthyPipelineSafeModeRule.java:process(137)) - SCM in safe mode. Healthy pipelines reported count is 1, required healthy pipeline reported count is 1
2023-09-07 08:57:12,998 [EventQueue-OpenPipelineForHealthyPipelineSafeModeRule] INFO  safemode.SCMSafeModeManager (SCMSafeModeManager.java:validateSafeModeExitRules(200)) - HealthyPipelineSafeModeRule rule is successfully validated
2023-09-07 08:57:12,998 [EventQueue-OpenPipelineForHealthyPipelineSafeModeRule] INFO  safemode.SCMSafeModeManager (SCMSafeModeManager.java:validateSafeModeExitRules(215)) - ScmSafeModeManager, all rules are successfully validated
2023-09-07 08:57:12,998 [EventQueue-OpenPipelineForHealthyPipelineSafeModeRule] INFO  safemode.SCMSafeModeManager (SCMSafeModeManager.java:exitSafeMode(244)) - SCM exiting safe mode.
2023-09-07 08:57:12,998 [EventQueue-OpenPipelineForHealthyPipelineSafeModeRule] INFO  ha.SCMContext (SCMContext.java:updateSafeModeStatus(228)) - Update SafeModeStatus from SafeModeStatus{safeModeStatus=true, preCheckPassed=true} to SafeModeStatus{safeModeStatus=false, preCheckPassed=true}.
2023-09-07 08:57:12,998 [EventQueue-OpenPipelineForHealthyPipelineSafeModeRule] INFO  pipeline.BackgroundPipelineCreator (BackgroundPipelineCreator.java:notifyStatusChanged(255)) - Service BackgroundPipelineCreator transitions to RUNNING.
2023-09-07 08:57:12,998 [EventQueue-OpenPipelineForHealthyPipelineSafeModeRule] INFO  BackgroundPipelineScrubber (BackgroundSCMService.java:notifyStatusChanged(82)) - Service BackgroundPipelineScrubber transitions to RUNNING.
2023-09-07 08:57:12,998 [EventQueue-OpenPipelineForHealthyPipelineSafeModeRule] INFO  ExpiredContainerReplicaOpScrubber (BackgroundSCMService.java:notifyStatusChanged(82)) - Service ExpiredContainerReplicaOpScrubber transitions to RUNNING.
2023-09-07 08:57:12,998 [EventQueue-OpenPipelineForHealthyPipelineSafeModeRule] INFO  replication.ReplicationManager (ReplicationManager.java:notifyStatusChanged(1370)) - Service ReplicationManager transitions to RUNNING.
2023-09-07 08:57:12,998 [EventQueue-OpenPipelineForHealthyPipelineSafeModeRule] WARN  balancer.ContainerBalancer (ContainerBalancer.java:shouldRun(134)) - Could not find persisted configuration for ContainerBalancer when checking if ContainerBalancer should run. ContainerBalancer should not run now.
2023-09-07 08:57:12,999 [c2dbcf2b-518f-41ea-bd88-da292e0ddc39@group-80ADEC46C998-LeaderElection29] INFO  segmented.SegmentedRaftLogWorker (SegmentedRaftLogWorker.java:startLogSegment(447)) - c2dbcf2b-518f-41ea-bd88-da292e0ddc39@group-80ADEC46C998-SegmentedRaftLogWorker: Starting segment from index:0
2023-09-07 08:57:13,002 [c2dbcf2b-518f-41ea-bd88-da292e0ddc39@group-80ADEC46C998-SegmentedRaftLogWorker] INFO  segmented.SegmentedRaftLogWorker (SegmentedRaftLogWorker.java:execute(651)) - c2dbcf2b-518f-41ea-bd88-da292e0ddc39@group-80ADEC46C998-SegmentedRaftLogWorker: created new log segment /home/runner/work/ozone/ozone/hadoop-ozone/integration-test/target/test-dir/MiniOzoneClusterImpl-4f49b7df-1fbb-48bb-ad24-05a827c4b894/datanode-0/data/ratis/f55a9bfb-af7d-4ebf-a6e4-80adec46c998/current/log_inprogress_0
2023-09-07 08:57:13,004 [c2dbcf2b-518f-41ea-bd88-da292e0ddc39@group-7B668B371DA7-FollowerState] INFO  impl.FollowerState (FollowerState.java:run(143)) - c2dbcf2b-518f-41ea-bd88-da292e0ddc39@group-7B668B371DA7-FollowerState: change to CANDIDATE, lastRpcElapsedTime:5146723359ns, electionTimeout:5137ms
2023-09-07 08:57:13,004 [c2dbcf2b-518f-41ea-bd88-da292e0ddc39@group-7B668B371DA7-FollowerState] INFO  impl.RoleInfo (RoleInfo.java:shutdownFollowerState(110)) - c2dbcf2b-518f-41ea-bd88-da292e0ddc39: shutdown c2dbcf2b-518f-41ea-bd88-da292e0ddc39@group-7B668B371DA7-FollowerState
2023-09-07 08:57:13,004 [c2dbcf2b-518f-41ea-bd88-da292e0ddc39@group-7B668B371DA7-FollowerState] INFO  server.RaftServer$Division (RaftServerImpl.java:setRole(329)) - c2dbcf2b-518f-41ea-bd88-da292e0ddc39@group-7B668B371DA7: changes role from  FOLLOWER to CANDIDATE at term 0 for changeToCandidate
2023-09-07 08:57:13,006 [c2dbcf2b-518f-41ea-bd88-da292e0ddc39@group-80ADEC46C998-LeaderElection29] INFO  server.RaftServer$Division (ServerState.java:setRaftConf(434)) - c2dbcf2b-518f-41ea-bd88-da292e0ddc39@group-80ADEC46C998: set configuration 0: peers:[a34f2eca-ee32-4394-bb15-3b741437dcd0|rpc:10.1.0.48:15182|admin:10.1.0.48:15181|client:10.1.0.48:15180|dataStream:10.1.0.48:15183|priority:0|startupRole:FOLLOWER, c2dbcf2b-518f-41ea-bd88-da292e0ddc39|rpc:10.1.0.48:15173|admin:10.1.0.48:15172|client:10.1.0.48:15171|dataStream:10.1.0.48:15174|priority:1|startupRole:FOLLOWER, 469bc52f-827e-4f59-b4d6-1102a4459bcd|rpc:10.1.0.48:15191|admin:10.1.0.48:15190|client:10.1.0.48:15189|dataStream:10.1.0.48:15192|priority:0|startupRole:FOLLOWER]|listeners:[], old=null
2023-09-07 08:57:13,008 [c2dbcf2b-518f-41ea-bd88-da292e0ddc39@group-7B668B371DA7-FollowerState] INFO  server.RaftServerConfigKeys (ConfUtils.java:logGet(46)) - raft.server.leaderelection.pre-vote = true (default)
2023-09-07 08:57:13,008 [c2dbcf2b-518f-41ea-bd88-da292e0ddc39@group-7B668B371DA7-FollowerState] INFO  impl.RoleInfo (RoleInfo.java:updateAndGet(139)) - c2dbcf2b-518f-41ea-bd88-da292e0ddc39: start c2dbcf2b-518f-41ea-bd88-da292e0ddc39@group-7B668B371DA7-LeaderElection30
2023-09-07 08:57:13,035 [c2dbcf2b-518f-41ea-bd88-da292e0ddc39@group-7B668B371DA7-LeaderElection30] INFO  impl.LeaderElection (LeaderElection.java:askForVotes(321)) - c2dbcf2b-518f-41ea-bd88-da292e0ddc39@group-7B668B371DA7-LeaderElection30 PRE_VOTE round 0: submit vote requests at term 0 for -1: peers:[c2dbcf2b-518f-41ea-bd88-da292e0ddc39|rpc:10.1.0.48:15173|admin:10.1.0.48:15172|client:10.1.0.48:15171|dataStream:10.1.0.48:15174|priority:1|startupRole:FOLLOWER]|listeners:[], old=null
2023-09-07 08:57:13,035 [c2dbcf2b-518f-41ea-bd88-da292e0ddc39@group-7B668B371DA7-LeaderElection30] INFO  impl.LeaderElection (LeaderElection.java:askForVotes(323)) - c2dbcf2b-518f-41ea-bd88-da292e0ddc39@group-7B668B371DA7-LeaderElection30 PRE_VOTE round 0: result PASSED (term=0)
2023-09-07 08:57:13,037 [c2dbcf2b-518f-41ea-bd88-da292e0ddc39@group-7B668B371DA7-LeaderElection30] INFO  impl.LeaderElection (LeaderElection.java:askForVotes(321)) - c2dbcf2b-518f-41ea-bd88-da292e0ddc39@group-7B668B371DA7-LeaderElection30 ELECTION round 0: submit vote requests at term 1 for -1: peers:[c2dbcf2b-518f-41ea-bd88-da292e0ddc39|rpc:10.1.0.48:15173|admin:10.1.0.48:15172|client:10.1.0.48:15171|dataStream:10.1.0.48:15174|priority:1|startupRole:FOLLOWER]|listeners:[], old=null
2023-09-07 08:57:13,037 [c2dbcf2b-518f-41ea-bd88-da292e0ddc39@group-7B668B371DA7-LeaderElection30] INFO  impl.LeaderElection (LeaderElection.java:askForVotes(323)) - c2dbcf2b-518f-41ea-bd88-da292e0ddc39@group-7B668B371DA7-LeaderElection30 ELECTION round 0: result PASSED (term=1)
2023-09-07 08:57:13,037 [c2dbcf2b-518f-41ea-bd88-da292e0ddc39@group-7B668B371DA7-LeaderElection30] INFO  impl.RoleInfo (RoleInfo.java:shutdownLeaderElection(130)) - c2dbcf2b-518f-41ea-bd88-da292e0ddc39: shutdown c2dbcf2b-518f-41ea-bd88-da292e0ddc39@group-7B668B371DA7-LeaderElection30
2023-09-07 08:57:13,037 [c2dbcf2b-518f-41ea-bd88-da292e0ddc39@group-7B668B371DA7-LeaderElection30] INFO  server.RaftServer$Division (RaftServerImpl.java:setRole(329)) - c2dbcf2b-518f-41ea-bd88-da292e0ddc39@group-7B668B371DA7: changes role from CANDIDATE to LEADER at term 1 for changeToLeader
2023-09-07 08:57:13,037 [c2dbcf2b-518f-41ea-bd88-da292e0ddc39@group-7B668B371DA7-LeaderElection30] INFO  ratis.XceiverServerRatis (XceiverServerRatis.java:handleLeaderChangedNotification(902)) - Leader change notification received for group: group-7B668B371DA7 with new leaderId: c2dbcf2b-518f-41ea-bd88-da292e0ddc39
2023-09-07 08:57:13,037 [c2dbcf2b-518f-41ea-bd88-da292e0ddc39@group-7B668B371DA7-LeaderElection30] INFO  server.RaftServer$Division (ServerState.java:setLeader(317)) - c2dbcf2b-518f-41ea-bd88-da292e0ddc39@group-7B668B371DA7: change Leader from null to c2dbcf2b-518f-41ea-bd88-da292e0ddc39 at term 1 for becomeLeader, leader elected after 5212ms
2023-09-07 08:57:13,037 [c2dbcf2b-518f-41ea-bd88-da292e0ddc39@group-7B668B371DA7-LeaderElection30] INFO  server.RaftServerConfigKeys (ConfUtils.java:logGet(46)) - raft.server.staging.catchup.gap = 1000 (default)
2023-09-07 08:57:13,037 [c2dbcf2b-518f-41ea-bd88-da292e0ddc39@group-7B668B371DA7-LeaderElection30] INFO  server.RaftServerConfigKeys (ConfUtils.java:logGet(46)) - raft.server.write.element-limit = 1024 (custom)
2023-09-07 08:57:13,037 [c2dbcf2b-518f-41ea-bd88-da292e0ddc39@group-7B668B371DA7-LeaderElection30] INFO  server.RaftServerConfigKeys (ConfUtils.java:logGet(46)) - raft.server.write.byte-limit = 1024 M (=1073741824) (custom)
2023-09-07 08:57:13,038 [c2dbcf2b-518f-41ea-bd88-da292e0ddc39@group-7B668B371DA7-LeaderElection30] INFO  server.RaftServerConfigKeys (ConfUtils.java:logGet(46)) - raft.server.watch.timeout = 180s (custom)
2023-09-07 08:57:13,038 [c2dbcf2b-518f-41ea-bd88-da292e0ddc39@group-7B668B371DA7-LeaderElection30] INFO  server.RaftServerConfigKeys (ConfUtils.java:logGet(46)) - raft.server.watch.timeout.denomination = 1s (default)
2023-09-07 08:57:13,038 [c2dbcf2b-518f-41ea-bd88-da292e0ddc39@group-7B668B371DA7-LeaderElection30] INFO  server.RaftServerConfigKeys (ConfUtils.java:logGet(46)) - raft.server.watch.element-limit = 65536 (default)
2023-09-07 08:57:13,038 [c2dbcf2b-518f-41ea-bd88-da292e0ddc39@group-7B668B371DA7-LeaderElection30] INFO  server.RaftServerConfigKeys (ConfUtils.java:logGet(46)) - raft.server.write.element-limit = 1024 (custom)
2023-09-07 08:57:13,038 [c2dbcf2b-518f-41ea-bd88-da292e0ddc39@group-7B668B371DA7-LeaderElection30] INFO  server.RaftServerConfigKeys (ConfUtils.java:logGet(46)) - raft.server.write.follower.gap.ratio.max = -1.0 (default)
2023-09-07 08:57:13,038 [c2dbcf2b-518f-41ea-bd88-da292e0ddc39@group-7B668B371DA7-LeaderElection30] INFO  impl.RoleInfo (RoleInfo.java:updateAndGet(139)) - c2dbcf2b-518f-41ea-bd88-da292e0ddc39: start c2dbcf2b-518f-41ea-bd88-da292e0ddc39@group-7B668B371DA7-LeaderStateImpl
2023-09-07 08:57:13,038 [c2dbcf2b-518f-41ea-bd88-da292e0ddc39@group-7B668B371DA7-LeaderElection30] INFO  segmented.SegmentedRaftLogWorker (SegmentedRaftLogWorker.java:startLogSegment(447)) - c2dbcf2b-518f-41ea-bd88-da292e0ddc39@group-7B668B371DA7-SegmentedRaftLogWorker: Starting segment from index:0
2023-09-07 08:57:13,047 [c2dbcf2b-518f-41ea-bd88-da292e0ddc39@group-7B668B371DA7-LeaderElection30] INFO  server.RaftServer$Division (ServerState.java:setRaftConf(434)) - c2dbcf2b-518f-41ea-bd88-da292e0ddc39@group-7B668B371DA7: set configuration 0: peers:[c2dbcf2b-518f-41ea-bd88-da292e0ddc39|rpc:10.1.0.48:15173|admin:10.1.0.48:15172|client:10.1.0.48:15171|dataStream:10.1.0.48:15174|priority:1|startupRole:FOLLOWER]|listeners:[], old=null
2023-09-07 08:57:13,048 [c2dbcf2b-518f-41ea-bd88-da292e0ddc39@group-7B668B371DA7-SegmentedRaftLogWorker] INFO  segmented.SegmentedRaftLogWorker (SegmentedRaftLogWorker.java:execute(651)) - c2dbcf2b-518f-41ea-bd88-da292e0ddc39@group-7B668B371DA7-SegmentedRaftLogWorker: created new log segment /home/runner/work/ozone/ozone/hadoop-ozone/integration-test/target/test-dir/MiniOzoneClusterImpl-4f49b7df-1fbb-48bb-ad24-05a827c4b894/datanode-0/data/ratis/c7887d04-a2e4-4f07-a3f4-7b668b371da7/current/log_inprogress_0
2023-09-07 08:57:13,050 [a34f2eca-ee32-4394-bb15-3b741437dcd0-server-thread2] INFO  ratis.XceiverServerRatis (XceiverServerRatis.java:handleLeaderChangedNotification(902)) - Leader change notification received for group: group-80ADEC46C998 with new leaderId: c2dbcf2b-518f-41ea-bd88-da292e0ddc39
2023-09-07 08:57:13,050 [a34f2eca-ee32-4394-bb15-3b741437dcd0-server-thread2] INFO  server.RaftServer$Division (ServerState.java:setLeader(317)) - a34f2eca-ee32-4394-bb15-3b741437dcd0@group-80ADEC46C998: change Leader from null to c2dbcf2b-518f-41ea-bd88-da292e0ddc39 at term 1 for appendEntries, leader elected after 5117ms
2023-09-07 08:57:13,052 [469bc52f-827e-4f59-b4d6-1102a4459bcd-server-thread1] INFO  ratis.XceiverServerRatis (XceiverServerRatis.java:handleLeaderChangedNotification(902)) - Leader change notification received for group: group-80ADEC46C998 with new leaderId: c2dbcf2b-518f-41ea-bd88-da292e0ddc39
2023-09-07 08:57:13,052 [469bc52f-827e-4f59-b4d6-1102a4459bcd-server-thread1] INFO  server.RaftServer$Division (ServerState.java:setLeader(317)) - 469bc52f-827e-4f59-b4d6-1102a4459bcd@group-80ADEC46C998: change Leader from null to c2dbcf2b-518f-41ea-bd88-da292e0ddc39 at term 1 for appendEntries, leader elected after 5080ms
2023-09-07 08:57:13,059 [a34f2eca-ee32-4394-bb15-3b741437dcd0-server-thread1] INFO  server.RaftServer$Division (ServerState.java:setRaftConf(434)) - a34f2eca-ee32-4394-bb15-3b741437dcd0@group-80ADEC46C998: set configuration 0: peers:[a34f2eca-ee32-4394-bb15-3b741437dcd0|rpc:10.1.0.48:15182|admin:10.1.0.48:15181|client:10.1.0.48:15180|dataStream:10.1.0.48:15183|priority:0|startupRole:FOLLOWER, c2dbcf2b-518f-41ea-bd88-da292e0ddc39|rpc:10.1.0.48:15173|admin:10.1.0.48:15172|client:10.1.0.48:15171|dataStream:10.1.0.48:15174|priority:1|startupRole:FOLLOWER, 469bc52f-827e-4f59-b4d6-1102a4459bcd|rpc:10.1.0.48:15191|admin:10.1.0.48:15190|client:10.1.0.48:15189|dataStream:10.1.0.48:15192|priority:0|startupRole:FOLLOWER]|listeners:[], old=null
2023-09-07 08:57:13,059 [a34f2eca-ee32-4394-bb15-3b741437dcd0-server-thread1] INFO  segmented.SegmentedRaftLogWorker (SegmentedRaftLogWorker.java:startLogSegment(447)) - a34f2eca-ee32-4394-bb15-3b741437dcd0@group-80ADEC46C998-SegmentedRaftLogWorker: Starting segment from index:0
2023-09-07 08:57:13,060 [469bc52f-827e-4f59-b4d6-1102a4459bcd-server-thread1] INFO  server.RaftServer$Division (ServerState.java:setRaftConf(434)) - 469bc52f-827e-4f59-b4d6-1102a4459bcd@group-80ADEC46C998: set configuration 0: peers:[a34f2eca-ee32-4394-bb15-3b741437dcd0|rpc:10.1.0.48:15182|admin:10.1.0.48:15181|client:10.1.0.48:15180|dataStream:10.1.0.48:15183|priority:0|startupRole:FOLLOWER, c2dbcf2b-518f-41ea-bd88-da292e0ddc39|rpc:10.1.0.48:15173|admin:10.1.0.48:15172|client:10.1.0.48:15171|dataStream:10.1.0.48:15174|priority:1|startupRole:FOLLOWER, 469bc52f-827e-4f59-b4d6-1102a4459bcd|rpc:10.1.0.48:15191|admin:10.1.0.48:15190|client:10.1.0.48:15189|dataStream:10.1.0.48:15192|priority:0|startupRole:FOLLOWER]|listeners:[], old=null
2023-09-07 08:57:13,061 [a34f2eca-ee32-4394-bb15-3b741437dcd0@group-80ADEC46C998-SegmentedRaftLogWorker] INFO  segmented.SegmentedRaftLogWorker (SegmentedRaftLogWorker.java:execute(651)) - a34f2eca-ee32-4394-bb15-3b741437dcd0@group-80ADEC46C998-SegmentedRaftLogWorker: created new log segment /home/runner/work/ozone/ozone/hadoop-ozone/integration-test/target/test-dir/MiniOzoneClusterImpl-4f49b7df-1fbb-48bb-ad24-05a827c4b894/datanode-1/data/ratis/f55a9bfb-af7d-4ebf-a6e4-80adec46c998/current/log_inprogress_0
2023-09-07 08:57:13,061 [469bc52f-827e-4f59-b4d6-1102a4459bcd-server-thread1] INFO  segmented.SegmentedRaftLogWorker (SegmentedRaftLogWorker.java:startLogSegment(447)) - 469bc52f-827e-4f59-b4d6-1102a4459bcd@group-80ADEC46C998-SegmentedRaftLogWorker: Starting segment from index:0
2023-09-07 08:57:13,063 [469bc52f-827e-4f59-b4d6-1102a4459bcd@group-80ADEC46C998-SegmentedRaftLogWorker] INFO  segmented.SegmentedRaftLogWorker (SegmentedRaftLogWorker.java:execute(651)) - 469bc52f-827e-4f59-b4d6-1102a4459bcd@group-80ADEC46C998-SegmentedRaftLogWorker: created new log segment /home/runner/work/ozone/ozone/hadoop-ozone/integration-test/target/test-dir/MiniOzoneClusterImpl-4f49b7df-1fbb-48bb-ad24-05a827c4b894/datanode-2/data/ratis/f55a9bfb-af7d-4ebf-a6e4-80adec46c998/current/log_inprogress_0
2023-09-07 08:57:13,103 [c2dbcf2b-518f-41ea-bd88-da292e0ddc39@group-54D86EF807B4-FollowerState] INFO  impl.FollowerState (FollowerState.java:run(143)) - c2dbcf2b-518f-41ea-bd88-da292e0ddc39@group-54D86EF807B4-FollowerState: change to CANDIDATE, lastRpcElapsedTime:5063156812ns, electionTimeout:5057ms
2023-09-07 08:57:13,104 [c2dbcf2b-518f-41ea-bd88-da292e0ddc39@group-54D86EF807B4-FollowerState] INFO  impl.RoleInfo (RoleInfo.java:shutdownFollowerState(110)) - c2dbcf2b-518f-41ea-bd88-da292e0ddc39: shutdown c2dbcf2b-518f-41ea-bd88-da292e0ddc39@group-54D86EF807B4-FollowerState
2023-09-07 08:57:13,104 [c2dbcf2b-518f-41ea-bd88-da292e0ddc39@group-54D86EF807B4-FollowerState] INFO  server.RaftServer$Division (RaftServerImpl.java:setRole(329)) - c2dbcf2b-518f-41ea-bd88-da292e0ddc39@group-54D86EF807B4: changes role from  FOLLOWER to CANDIDATE at term 0 for changeToCandidate
2023-09-07 08:57:13,104 [c2dbcf2b-518f-41ea-bd88-da292e0ddc39@group-54D86EF807B4-FollowerState] INFO  server.RaftServerConfigKeys (ConfUtils.java:logGet(46)) - raft.server.leaderelection.pre-vote = true (default)
2023-09-07 08:57:13,104 [c2dbcf2b-518f-41ea-bd88-da292e0ddc39@group-54D86EF807B4-FollowerState] INFO  impl.RoleInfo (RoleInfo.java:updateAndGet(139)) - c2dbcf2b-518f-41ea-bd88-da292e0ddc39: start c2dbcf2b-518f-41ea-bd88-da292e0ddc39@group-54D86EF807B4-LeaderElection31
2023-09-07 08:57:13,107 [c2dbcf2b-518f-41ea-bd88-da292e0ddc39@group-54D86EF807B4-LeaderElection31] INFO  impl.LeaderElection (LeaderElection.java:askForVotes(321)) - c2dbcf2b-518f-41ea-bd88-da292e0ddc39@group-54D86EF807B4-LeaderElection31 PRE_VOTE round 0: submit vote requests at term 0 for -1: peers:[a34f2eca-ee32-4394-bb15-3b741437dcd0|rpc:10.1.0.48:15182|admin:10.1.0.48:15181|client:10.1.0.48:15180|dataStream:10.1.0.48:15183|priority:1|startupRole:FOLLOWER, c2dbcf2b-518f-41ea-bd88-da292e0ddc39|rpc:10.1.0.48:15173|admin:10.1.0.48:15172|client:10.1.0.48:15171|dataStream:10.1.0.48:15174|priority:0|startupRole:FOLLOWER, 469bc52f-827e-4f59-b4d6-1102a4459bcd|rpc:10.1.0.48:15191|admin:10.1.0.48:15190|client:10.1.0.48:15189|dataStream:10.1.0.48:15192|priority:0|startupRole:FOLLOWER]|listeners:[], old=null
2023-09-07 08:57:13,108 [c2dbcf2b-518f-41ea-bd88-da292e0ddc39@group-54D86EF807B4-LeaderElection31] INFO  server.RaftServerConfigKeys (ConfUtils.java:logFallback(53)) - raft.server.rpc.first-election.timeout.min = 5s (fallback to raft.server.rpc.timeout.min)
2023-09-07 08:57:13,108 [c2dbcf2b-518f-41ea-bd88-da292e0ddc39@group-54D86EF807B4-LeaderElection31] INFO  server.RaftServerConfigKeys (ConfUtils.java:logFallback(53)) - raft.server.rpc.first-election.timeout.max = 5200ms (fallback to raft.server.rpc.timeout.max)
2023-09-07 08:57:13,110 [grpc-default-executor-1] INFO  server.RaftServer$Division (RaftServerImpl.java:requestVote(1302)) - a34f2eca-ee32-4394-bb15-3b741437dcd0@group-54D86EF807B4: receive requestVote(PRE_VOTE, c2dbcf2b-518f-41ea-bd88-da292e0ddc39, group-54D86EF807B4, 0, (t:0, i:0))
2023-09-07 08:57:13,110 [grpc-default-executor-1] INFO  impl.VoteContext (VoteContext.java:log(49)) - a34f2eca-ee32-4394-bb15-3b741437dcd0@group-54D86EF807B4-FOLLOWER: reject PRE_VOTE from c2dbcf2b-518f-41ea-bd88-da292e0ddc39: our priority 1 > candidate's priority 0
2023-09-07 08:57:13,110 [grpc-default-executor-1] INFO  server.RaftServer$Division (RaftServerImpl.java:requestVote(1335)) - a34f2eca-ee32-4394-bb15-3b741437dcd0@group-54D86EF807B4 replies to PRE_VOTE vote request: c2dbcf2b-518f-41ea-bd88-da292e0ddc39<-a34f2eca-ee32-4394-bb15-3b741437dcd0#0:FAIL-t0. Peer's state: a34f2eca-ee32-4394-bb15-3b741437dcd0@group-54D86EF807B4:t0, leader=null, voted=, raftlog=Memoized:a34f2eca-ee32-4394-bb15-3b741437dcd0@group-54D86EF807B4-SegmentedRaftLog:OPENED:c-1, conf=-1: peers:[a34f2eca-ee32-4394-bb15-3b741437dcd0|rpc:10.1.0.48:15182|admin:10.1.0.48:15181|client:10.1.0.48:15180|dataStream:10.1.0.48:15183|priority:1|startupRole:FOLLOWER, c2dbcf2b-518f-41ea-bd88-da292e0ddc39|rpc:10.1.0.48:15173|admin:10.1.0.48:15172|client:10.1.0.48:15171|dataStream:10.1.0.48:15174|priority:0|startupRole:FOLLOWER, 469bc52f-827e-4f59-b4d6-1102a4459bcd|rpc:10.1.0.48:15191|admin:10.1.0.48:15190|client:10.1.0.48:15189|dataStream:10.1.0.48:15192|priority:0|startupRole:FOLLOWER]|listeners:[], old=null
2023-09-07 08:57:13,113 [grpc-default-executor-1] INFO  server.RaftServer$Division (RaftServerImpl.java:requestVote(1302)) - 469bc52f-827e-4f59-b4d6-1102a4459bcd@group-54D86EF807B4: receive requestVote(PRE_VOTE, c2dbcf2b-518f-41ea-bd88-da292e0ddc39, group-54D86EF807B4, 0, (t:0, i:0))
2023-09-07 08:57:13,113 [grpc-default-executor-1] INFO  impl.VoteContext (VoteContext.java:log(49)) - 469bc52f-827e-4f59-b4d6-1102a4459bcd@group-54D86EF807B4-FOLLOWER: accept PRE_VOTE from c2dbcf2b-518f-41ea-bd88-da292e0ddc39: our priority 0 <= candidate's priority 0
2023-09-07 08:57:13,113 [c2dbcf2b-518f-41ea-bd88-da292e0ddc39@group-54D86EF807B4-LeaderElection31] INFO  impl.LeaderElection (LeaderElection.java:logAndReturn(90)) - c2dbcf2b-518f-41ea-bd88-da292e0ddc39@group-54D86EF807B4-LeaderElection31: PRE_VOTE REJECTED received 1 response(s) and 0 exception(s):
2023-09-07 08:57:13,113 [c2dbcf2b-518f-41ea-bd88-da292e0ddc39@group-54D86EF807B4-LeaderElection31] INFO  impl.LeaderElection (LeaderElection.java:logAndReturn(94)) -   Response 0: c2dbcf2b-518f-41ea-bd88-da292e0ddc39<-a34f2eca-ee32-4394-bb15-3b741437dcd0#0:FAIL-t0
2023-09-07 08:57:13,113 [c2dbcf2b-518f-41ea-bd88-da292e0ddc39@group-54D86EF807B4-LeaderElection31] INFO  impl.LeaderElection (LeaderElection.java:askForVotes(323)) - c2dbcf2b-518f-41ea-bd88-da292e0ddc39@group-54D86EF807B4-LeaderElection31 PRE_VOTE round 0: result REJECTED
2023-09-07 08:57:13,113 [c2dbcf2b-518f-41ea-bd88-da292e0ddc39@group-54D86EF807B4-LeaderElection31] INFO  server.RaftServer$Division (RaftServerImpl.java:setRole(329)) - c2dbcf2b-518f-41ea-bd88-da292e0ddc39@group-54D86EF807B4: changes role from CANDIDATE to FOLLOWER at term 0 for REJECTED
2023-09-07 08:57:13,113 [c2dbcf2b-518f-41ea-bd88-da292e0ddc39@group-54D86EF807B4-LeaderElection31] INFO  impl.RoleInfo (RoleInfo.java:shutdownLeaderElection(130)) - c2dbcf2b-518f-41ea-bd88-da292e0ddc39: shutdown c2dbcf2b-518f-41ea-bd88-da292e0ddc39@group-54D86EF807B4-LeaderElection31
2023-09-07 08:57:13,113 [c2dbcf2b-518f-41ea-bd88-da292e0ddc39@group-54D86EF807B4-LeaderElection31] INFO  impl.RoleInfo (RoleInfo.java:updateAndGet(139)) - c2dbcf2b-518f-41ea-bd88-da292e0ddc39: start c2dbcf2b-518f-41ea-bd88-da292e0ddc39@group-54D86EF807B4-FollowerState
2023-09-07 08:57:13,113 [grpc-default-executor-1] INFO  server.RaftServer$Division (RaftServerImpl.java:requestVote(1335)) - 469bc52f-827e-4f59-b4d6-1102a4459bcd@group-54D86EF807B4 replies to PRE_VOTE vote request: c2dbcf2b-518f-41ea-bd88-da292e0ddc39<-469bc52f-827e-4f59-b4d6-1102a4459bcd#0:OK-t0. Peer's state: 469bc52f-827e-4f59-b4d6-1102a4459bcd@group-54D86EF807B4:t0, leader=null, voted=, raftlog=Memoized:469bc52f-827e-4f59-b4d6-1102a4459bcd@group-54D86EF807B4-SegmentedRaftLog:OPENED:c-1, conf=-1: peers:[a34f2eca-ee32-4394-bb15-3b741437dcd0|rpc:10.1.0.48:15182|admin:10.1.0.48:15181|client:10.1.0.48:15180|dataStream:10.1.0.48:15183|priority:1|startupRole:FOLLOWER, c2dbcf2b-518f-41ea-bd88-da292e0ddc39|rpc:10.1.0.48:15173|admin:10.1.0.48:15172|client:10.1.0.48:15171|dataStream:10.1.0.48:15174|priority:0|startupRole:FOLLOWER, 469bc52f-827e-4f59-b4d6-1102a4459bcd|rpc:10.1.0.48:15191|admin:10.1.0.48:15190|client:10.1.0.48:15189|dataStream:10.1.0.48:15192|priority:0|startupRole:FOLLOWER]|listeners:[], old=null
2023-09-07 08:57:13,125 [469bc52f-827e-4f59-b4d6-1102a4459bcd@group-54D86EF807B4-FollowerState] INFO  server.RaftServerConfigKeys (ConfUtils.java:logFallback(53)) - raft.server.rpc.first-election.timeout.min = 5s (fallback to raft.server.rpc.timeout.min)
2023-09-07 08:57:13,125 [469bc52f-827e-4f59-b4d6-1102a4459bcd@group-54D86EF807B4-FollowerState] INFO  server.RaftServerConfigKeys (ConfUtils.java:logFallback(53)) - raft.server.rpc.first-election.timeout.max = 5200ms (fallback to raft.server.rpc.timeout.max)
2023-09-07 08:57:13,191 [a34f2eca-ee32-4394-bb15-3b741437dcd0@group-54D86EF807B4-FollowerState] INFO  impl.FollowerState (FollowerState.java:run(143)) - a34f2eca-ee32-4394-bb15-3b741437dcd0@group-54D86EF807B4-FollowerState: change to CANDIDATE, lastRpcElapsedTime:5061127072ns, electionTimeout:5059ms
2023-09-07 08:57:13,191 [a34f2eca-ee32-4394-bb15-3b741437dcd0@group-54D86EF807B4-FollowerState] INFO  impl.RoleInfo (RoleInfo.java:shutdownFollowerState(110)) - a34f2eca-ee32-4394-bb15-3b741437dcd0: shutdown a34f2eca-ee32-4394-bb15-3b741437dcd0@group-54D86EF807B4-FollowerState
2023-09-07 08:57:13,192 [a34f2eca-ee32-4394-bb15-3b741437dcd0@group-54D86EF807B4-FollowerState] INFO  server.RaftServer$Division (RaftServerImpl.java:setRole(329)) - a34f2eca-ee32-4394-bb15-3b741437dcd0@group-54D86EF807B4: changes role from  FOLLOWER to CANDIDATE at term 0 for changeToCandidate
2023-09-07 08:57:13,192 [a34f2eca-ee32-4394-bb15-3b741437dcd0@group-54D86EF807B4-FollowerState] INFO  server.RaftServerConfigKeys (ConfUtils.java:logGet(46)) - raft.server.leaderelection.pre-vote = true (default)
2023-09-07 08:57:13,192 [a34f2eca-ee32-4394-bb15-3b741437dcd0@group-54D86EF807B4-FollowerState] INFO  impl.RoleInfo (RoleInfo.java:updateAndGet(139)) - a34f2eca-ee32-4394-bb15-3b741437dcd0: start a34f2eca-ee32-4394-bb15-3b741437dcd0@group-54D86EF807B4-LeaderElection32
2023-09-07 08:57:13,198 [a34f2eca-ee32-4394-bb15-3b741437dcd0@group-54D86EF807B4-LeaderElection32] INFO  impl.LeaderElection (LeaderElection.java:askForVotes(321)) - a34f2eca-ee32-4394-bb15-3b741437dcd0@group-54D86EF807B4-LeaderElection32 PRE_VOTE round 0: submit vote requests at term 0 for -1: peers:[a34f2eca-ee32-4394-bb15-3b741437dcd0|rpc:10.1.0.48:15182|admin:10.1.0.48:15181|client:10.1.0.48:15180|dataStream:10.1.0.48:15183|priority:1|startupRole:FOLLOWER, c2dbcf2b-518f-41ea-bd88-da292e0ddc39|rpc:10.1.0.48:15173|admin:10.1.0.48:15172|client:10.1.0.48:15171|dataStream:10.1.0.48:15174|priority:0|startupRole:FOLLOWER, 469bc52f-827e-4f59-b4d6-1102a4459bcd|rpc:10.1.0.48:15191|admin:10.1.0.48:15190|client:10.1.0.48:15189|dataStream:10.1.0.48:15192|priority:0|startupRole:FOLLOWER]|listeners:[], old=null
2023-09-07 08:57:13,199 [a34f2eca-ee32-4394-bb15-3b741437dcd0@group-54D86EF807B4-LeaderElection32-1] INFO  server.GrpcServerProtocolClient (GrpcServerProtocolClient.java:<init>(65)) - Build channel for c2dbcf2b-518f-41ea-bd88-da292e0ddc39
2023-09-07 08:57:13,199 [a34f2eca-ee32-4394-bb15-3b741437dcd0@group-54D86EF807B4-LeaderElection32] INFO  server.RaftServerConfigKeys (ConfUtils.java:logFallback(53)) - raft.server.rpc.first-election.timeout.min = 5s (fallback to raft.server.rpc.timeout.min)
2023-09-07 08:57:13,200 [a34f2eca-ee32-4394-bb15-3b741437dcd0@group-54D86EF807B4-LeaderElection32] INFO  server.RaftServerConfigKeys (ConfUtils.java:logFallback(53)) - raft.server.rpc.first-election.timeout.max = 5200ms (fallback to raft.server.rpc.timeout.max)
2023-09-07 08:57:13,200 [a34f2eca-ee32-4394-bb15-3b741437dcd0@group-54D86EF807B4-LeaderElection32-2] INFO  server.GrpcServerProtocolClient (GrpcServerProtocolClient.java:<init>(65)) - Build channel for 469bc52f-827e-4f59-b4d6-1102a4459bcd
2023-09-07 08:57:13,211 [grpc-default-executor-1] INFO  server.RaftServer$Division (RaftServerImpl.java:requestVote(1302)) - 469bc52f-827e-4f59-b4d6-1102a4459bcd@group-54D86EF807B4: receive requestVote(PRE_VOTE, a34f2eca-ee32-4394-bb15-3b741437dcd0, group-54D86EF807B4, 0, (t:0, i:0))
2023-09-07 08:57:13,212 [grpc-default-executor-1] INFO  impl.VoteContext (VoteContext.java:log(49)) - 469bc52f-827e-4f59-b4d6-1102a4459bcd@group-54D86EF807B4-FOLLOWER: accept PRE_VOTE from a34f2eca-ee32-4394-bb15-3b741437dcd0: our priority 0 <= candidate's priority 1
2023-09-07 08:57:13,212 [grpc-default-executor-1] INFO  server.RaftServer$Division (RaftServerImpl.java:requestVote(1335)) - 469bc52f-827e-4f59-b4d6-1102a4459bcd@group-54D86EF807B4 replies to PRE_VOTE vote request: a34f2eca-ee32-4394-bb15-3b741437dcd0<-469bc52f-827e-4f59-b4d6-1102a4459bcd#0:OK-t0. Peer's state: 469bc52f-827e-4f59-b4d6-1102a4459bcd@group-54D86EF807B4:t0, leader=null, voted=, raftlog=Memoized:469bc52f-827e-4f59-b4d6-1102a4459bcd@group-54D86EF807B4-SegmentedRaftLog:OPENED:c-1, conf=-1: peers:[a34f2eca-ee32-4394-bb15-3b741437dcd0|rpc:10.1.0.48:15182|admin:10.1.0.48:15181|client:10.1.0.48:15180|dataStream:10.1.0.48:15183|priority:1|startupRole:FOLLOWER, c2dbcf2b-518f-41ea-bd88-da292e0ddc39|rpc:10.1.0.48:15173|admin:10.1.0.48:15172|client:10.1.0.48:15171|dataStream:10.1.0.48:15174|priority:0|startupRole:FOLLOWER, 469bc52f-827e-4f59-b4d6-1102a4459bcd|rpc:10.1.0.48:15191|admin:10.1.0.48:15190|client:10.1.0.48:15189|dataStream:10.1.0.48:15192|priority:0|startupRole:FOLLOWER]|listeners:[], old=null
2023-09-07 08:57:13,213 [a34f2eca-ee32-4394-bb15-3b741437dcd0@group-54D86EF807B4-LeaderElection32] INFO  impl.LeaderElection (LeaderElection.java:logAndReturn(90)) - a34f2eca-ee32-4394-bb15-3b741437dcd0@group-54D86EF807B4-LeaderElection32: PRE_VOTE PASSED received 1 response(s) and 0 exception(s):
2023-09-07 08:57:13,214 [a34f2eca-ee32-4394-bb15-3b741437dcd0@group-54D86EF807B4-LeaderElection32] INFO  impl.LeaderElection (LeaderElection.java:logAndReturn(94)) -   Response 0: a34f2eca-ee32-4394-bb15-3b741437dcd0<-469bc52f-827e-4f59-b4d6-1102a4459bcd#0:OK-t0
2023-09-07 08:57:13,214 [a34f2eca-ee32-4394-bb15-3b741437dcd0@group-54D86EF807B4-LeaderElection32] INFO  impl.LeaderElection (LeaderElection.java:askForVotes(323)) - a34f2eca-ee32-4394-bb15-3b741437dcd0@group-54D86EF807B4-LeaderElection32 PRE_VOTE round 0: result PASSED
2023-09-07 08:57:13,221 [a34f2eca-ee32-4394-bb15-3b741437dcd0@group-54D86EF807B4-LeaderElection32] INFO  impl.LeaderElection (LeaderElection.java:askForVotes(321)) - a34f2eca-ee32-4394-bb15-3b741437dcd0@group-54D86EF807B4-LeaderElection32 ELECTION round 0: submit vote requests at term 1 for -1: peers:[a34f2eca-ee32-4394-bb15-3b741437dcd0|rpc:10.1.0.48:15182|admin:10.1.0.48:15181|client:10.1.0.48:15180|dataStream:10.1.0.48:15183|priority:1|startupRole:FOLLOWER, c2dbcf2b-518f-41ea-bd88-da292e0ddc39|rpc:10.1.0.48:15173|admin:10.1.0.48:15172|client:10.1.0.48:15171|dataStream:10.1.0.48:15174|priority:0|startupRole:FOLLOWER, 469bc52f-827e-4f59-b4d6-1102a4459bcd|rpc:10.1.0.48:15191|admin:10.1.0.48:15190|client:10.1.0.48:15189|dataStream:10.1.0.48:15192|priority:0|startupRole:FOLLOWER]|listeners:[], old=null
2023-09-07 08:57:13,224 [a34f2eca-ee32-4394-bb15-3b741437dcd0@group-54D86EF807B4-LeaderElection32] INFO  server.RaftServerConfigKeys (ConfUtils.java:logFallback(53)) - raft.server.rpc.first-election.timeout.min = 5s (fallback to raft.server.rpc.timeout.min)
2023-09-07 08:57:13,224 [a34f2eca-ee32-4394-bb15-3b741437dcd0@group-54D86EF807B4-LeaderElection32] INFO  server.RaftServerConfigKeys (ConfUtils.java:logFallback(53)) - raft.server.rpc.first-election.timeout.max = 5200ms (fallback to raft.server.rpc.timeout.max)
2023-09-07 08:57:13,230 [grpc-default-executor-1] INFO  server.RaftServer$Division (RaftServerImpl.java:requestVote(1302)) - c2dbcf2b-518f-41ea-bd88-da292e0ddc39@group-54D86EF807B4: receive requestVote(PRE_VOTE, a34f2eca-ee32-4394-bb15-3b741437dcd0, group-54D86EF807B4, 0, (t:0, i:0))
2023-09-07 08:57:13,230 [grpc-default-executor-0] INFO  server.RaftServer$Division (RaftServerImpl.java:requestVote(1302)) - c2dbcf2b-518f-41ea-bd88-da292e0ddc39@group-54D86EF807B4: receive requestVote(ELECTION, a34f2eca-ee32-4394-bb15-3b741437dcd0, group-54D86EF807B4, 1, (t:0, i:0))
2023-09-07 08:57:13,230 [grpc-default-executor-1] INFO  impl.VoteContext (VoteContext.java:log(49)) - c2dbcf2b-518f-41ea-bd88-da292e0ddc39@group-54D86EF807B4-FOLLOWER: accept PRE_VOTE from a34f2eca-ee32-4394-bb15-3b741437dcd0: our priority 0 <= candidate's priority 1
2023-09-07 08:57:13,230 [grpc-default-executor-1] INFO  server.RaftServer$Division (RaftServerImpl.java:requestVote(1335)) - c2dbcf2b-518f-41ea-bd88-da292e0ddc39@group-54D86EF807B4 replies to PRE_VOTE vote request: a34f2eca-ee32-4394-bb15-3b741437dcd0<-c2dbcf2b-518f-41ea-bd88-da292e0ddc39#0:OK-t0. Peer's state: c2dbcf2b-518f-41ea-bd88-da292e0ddc39@group-54D86EF807B4:t0, leader=null, voted=, raftlog=Memoized:c2dbcf2b-518f-41ea-bd88-da292e0ddc39@group-54D86EF807B4-SegmentedRaftLog:OPENED:c-1, conf=-1: peers:[a34f2eca-ee32-4394-bb15-3b741437dcd0|rpc:10.1.0.48:15182|admin:10.1.0.48:15181|client:10.1.0.48:15180|dataStream:10.1.0.48:15183|priority:1|startupRole:FOLLOWER, c2dbcf2b-518f-41ea-bd88-da292e0ddc39|rpc:10.1.0.48:15173|admin:10.1.0.48:15172|client:10.1.0.48:15171|dataStream:10.1.0.48:15174|priority:0|startupRole:FOLLOWER, 469bc52f-827e-4f59-b4d6-1102a4459bcd|rpc:10.1.0.48:15191|admin:10.1.0.48:15190|client:10.1.0.48:15189|dataStream:10.1.0.48:15192|priority:0|startupRole:FOLLOWER]|listeners:[], old=null
2023-09-07 08:57:13,231 [grpc-default-executor-0] INFO  impl.VoteContext (VoteContext.java:log(49)) - c2dbcf2b-518f-41ea-bd88-da292e0ddc39@group-54D86EF807B4-FOLLOWER: accept ELECTION from a34f2eca-ee32-4394-bb15-3b741437dcd0: our priority 0 <= candidate's priority 1
2023-09-07 08:57:13,231 [grpc-default-executor-0] INFO  server.RaftServer$Division (RaftServerImpl.java:setRole(329)) - c2dbcf2b-518f-41ea-bd88-da292e0ddc39@group-54D86EF807B4: changes role from  FOLLOWER to FOLLOWER at term 1 for candidate:a34f2eca-ee32-4394-bb15-3b741437dcd0
2023-09-07 08:57:13,231 [grpc-default-executor-0] INFO  impl.RoleInfo (RoleInfo.java:shutdownFollowerState(110)) - c2dbcf2b-518f-41ea-bd88-da292e0ddc39: shutdown c2dbcf2b-518f-41ea-bd88-da292e0ddc39@group-54D86EF807B4-FollowerState
2023-09-07 08:57:13,231 [c2dbcf2b-518f-41ea-bd88-da292e0ddc39@group-54D86EF807B4-FollowerState] INFO  impl.FollowerState (FollowerState.java:run(152)) - c2dbcf2b-518f-41ea-bd88-da292e0ddc39@group-54D86EF807B4-FollowerState was interrupted
2023-09-07 08:57:13,232 [grpc-default-executor-0] INFO  impl.RoleInfo (RoleInfo.java:updateAndGet(139)) - c2dbcf2b-518f-41ea-bd88-da292e0ddc39: start c2dbcf2b-518f-41ea-bd88-da292e0ddc39@group-54D86EF807B4-FollowerState
2023-09-07 08:57:13,238 [grpc-default-executor-1] INFO  server.RaftServer$Division (RaftServerImpl.java:requestVote(1302)) - 469bc52f-827e-4f59-b4d6-1102a4459bcd@group-54D86EF807B4: receive requestVote(ELECTION, a34f2eca-ee32-4394-bb15-3b741437dcd0, group-54D86EF807B4, 1, (t:0, i:0))
2023-09-07 08:57:13,238 [grpc-default-executor-1] INFO  impl.VoteContext (VoteContext.java:log(49)) - 469bc52f-827e-4f59-b4d6-1102a4459bcd@group-54D86EF807B4-FOLLOWER: accept ELECTION from a34f2eca-ee32-4394-bb15-3b741437dcd0: our priority 0 <= candidate's priority 1
2023-09-07 08:57:13,238 [grpc-default-executor-1] INFO  server.RaftServer$Division (RaftServerImpl.java:setRole(329)) - 469bc52f-827e-4f59-b4d6-1102a4459bcd@group-54D86EF807B4: changes role from  FOLLOWER to FOLLOWER at term 1 for candidate:a34f2eca-ee32-4394-bb15-3b741437dcd0
2023-09-07 08:57:13,238 [grpc-default-executor-1] INFO  impl.RoleInfo (RoleInfo.java:shutdownFollowerState(110)) - 469bc52f-827e-4f59-b4d6-1102a4459bcd: shutdown 469bc52f-827e-4f59-b4d6-1102a4459bcd@group-54D86EF807B4-FollowerState
2023-09-07 08:57:13,239 [grpc-default-executor-1] INFO  impl.RoleInfo (RoleInfo.java:updateAndGet(139)) - 469bc52f-827e-4f59-b4d6-1102a4459bcd: start 469bc52f-827e-4f59-b4d6-1102a4459bcd@group-54D86EF807B4-FollowerState
2023-09-07 08:57:13,239 [469bc52f-827e-4f59-b4d6-1102a4459bcd@group-54D86EF807B4-FollowerState] INFO  impl.FollowerState (FollowerState.java:run(152)) - 469bc52f-827e-4f59-b4d6-1102a4459bcd@group-54D86EF807B4-FollowerState was interrupted
2023-09-07 08:57:13,242 [grpc-default-executor-0] INFO  server.RaftServer$Division (RaftServerImpl.java:requestVote(1335)) - c2dbcf2b-518f-41ea-bd88-da292e0ddc39@group-54D86EF807B4 replies to ELECTION vote request: a34f2eca-ee32-4394-bb15-3b741437dcd0<-c2dbcf2b-518f-41ea-bd88-da292e0ddc39#0:OK-t1. Peer's state: c2dbcf2b-518f-41ea-bd88-da292e0ddc39@group-54D86EF807B4:t1, leader=null, voted=a34f2eca-ee32-4394-bb15-3b741437dcd0, raftlog=Memoized:c2dbcf2b-518f-41ea-bd88-da292e0ddc39@group-54D86EF807B4-SegmentedRaftLog:OPENED:c-1, conf=-1: peers:[a34f2eca-ee32-4394-bb15-3b741437dcd0|rpc:10.1.0.48:15182|admin:10.1.0.48:15181|client:10.1.0.48:15180|dataStream:10.1.0.48:15183|priority:1|startupRole:FOLLOWER, c2dbcf2b-518f-41ea-bd88-da292e0ddc39|rpc:10.1.0.48:15173|admin:10.1.0.48:15172|client:10.1.0.48:15171|dataStream:10.1.0.48:15174|priority:0|startupRole:FOLLOWER, 469bc52f-827e-4f59-b4d6-1102a4459bcd|rpc:10.1.0.48:15191|admin:10.1.0.48:15190|client:10.1.0.48:15189|dataStream:10.1.0.48:15192|priority:0|startupRole:FOLLOWER]|listeners:[], old=null
2023-09-07 08:57:13,243 [a34f2eca-ee32-4394-bb15-3b741437dcd0@group-54D86EF807B4-LeaderElection32] INFO  impl.LeaderElection (LeaderElection.java:logAndReturn(90)) - a34f2eca-ee32-4394-bb15-3b741437dcd0@group-54D86EF807B4-LeaderElection32: ELECTION PASSED received 1 response(s) and 0 exception(s):
2023-09-07 08:57:13,243 [a34f2eca-ee32-4394-bb15-3b741437dcd0@group-54D86EF807B4-LeaderElection32] INFO  impl.LeaderElection (LeaderElection.java:logAndReturn(94)) -   Response 0: a34f2eca-ee32-4394-bb15-3b741437dcd0<-c2dbcf2b-518f-41ea-bd88-da292e0ddc39#0:OK-t1
2023-09-07 08:57:13,243 [a34f2eca-ee32-4394-bb15-3b741437dcd0@group-54D86EF807B4-LeaderElection32] INFO  impl.LeaderElection (LeaderElection.java:askForVotes(323)) - a34f2eca-ee32-4394-bb15-3b741437dcd0@group-54D86EF807B4-LeaderElection32 ELECTION round 0: result PASSED
2023-09-07 08:57:13,243 [a34f2eca-ee32-4394-bb15-3b741437dcd0@group-54D86EF807B4-LeaderElection32] INFO  impl.RoleInfo (RoleInfo.java:shutdownLeaderElection(130)) - a34f2eca-ee32-4394-bb15-3b741437dcd0: shutdown a34f2eca-ee32-4394-bb15-3b741437dcd0@group-54D86EF807B4-LeaderElection32
2023-09-07 08:57:13,243 [a34f2eca-ee32-4394-bb15-3b741437dcd0@group-54D86EF807B4-LeaderElection32] INFO  server.RaftServer$Division (RaftServerImpl.java:setRole(329)) - a34f2eca-ee32-4394-bb15-3b741437dcd0@group-54D86EF807B4: changes role from CANDIDATE to LEADER at term 1 for changeToLeader
2023-09-07 08:57:13,243 [a34f2eca-ee32-4394-bb15-3b741437dcd0@group-54D86EF807B4-LeaderElection32] INFO  ratis.XceiverServerRatis (XceiverServerRatis.java:handleLeaderChangedNotification(902)) - Leader change notification received for group: group-54D86EF807B4 with new leaderId: a34f2eca-ee32-4394-bb15-3b741437dcd0
2023-09-07 08:57:13,243 [a34f2eca-ee32-4394-bb15-3b741437dcd0@group-54D86EF807B4-LeaderElection32] INFO  server.RaftServer$Division (ServerState.java:setLeader(317)) - a34f2eca-ee32-4394-bb15-3b741437dcd0@group-54D86EF807B4: change Leader from null to a34f2eca-ee32-4394-bb15-3b741437dcd0 at term 1 for becomeLeader, leader elected after 5131ms
2023-09-07 08:57:13,243 [a34f2eca-ee32-4394-bb15-3b741437dcd0@group-54D86EF807B4-LeaderElection32] INFO  server.RaftServerConfigKeys (ConfUtils.java:logGet(46)) - raft.server.staging.catchup.gap = 1000 (default)
2023-09-07 08:57:13,243 [a34f2eca-ee32-4394-bb15-3b741437dcd0@group-54D86EF807B4-LeaderElection32] INFO  server.RaftServerConfigKeys (ConfUtils.java:logGet(46)) - raft.server.write.element-limit = 1024 (custom)
2023-09-07 08:57:13,243 [a34f2eca-ee32-4394-bb15-3b741437dcd0@group-54D86EF807B4-LeaderElection32] INFO  server.RaftServerConfigKeys (ConfUtils.java:logGet(46)) - raft.server.write.byte-limit = 1024 M (=1073741824) (custom)
2023-09-07 08:57:13,244 [a34f2eca-ee32-4394-bb15-3b741437dcd0@group-54D86EF807B4-LeaderElection32] INFO  server.RaftServerConfigKeys (ConfUtils.java:logGet(46)) - raft.server.watch.timeout = 180s (custom)
2023-09-07 08:57:13,244 [a34f2eca-ee32-4394-bb15-3b741437dcd0@group-54D86EF807B4-LeaderElection32] INFO  server.RaftServerConfigKeys (ConfUtils.java:logGet(46)) - raft.server.watch.timeout.denomination = 1s (default)
2023-09-07 08:57:13,244 [a34f2eca-ee32-4394-bb15-3b741437dcd0@group-54D86EF807B4-LeaderElection32] INFO  server.RaftServerConfigKeys (ConfUtils.java:logGet(46)) - raft.server.watch.element-limit = 65536 (default)
2023-09-07 08:57:13,244 [a34f2eca-ee32-4394-bb15-3b741437dcd0@group-54D86EF807B4-LeaderElection32] INFO  server.RaftServerConfigKeys (ConfUtils.java:logGet(46)) - raft.server.write.element-limit = 1024 (custom)
2023-09-07 08:57:13,244 [a34f2eca-ee32-4394-bb15-3b741437dcd0@group-54D86EF807B4-LeaderElection32] INFO  server.RaftServerConfigKeys (ConfUtils.java:logGet(46)) - raft.server.write.follower.gap.ratio.max = -1.0 (default)
2023-09-07 08:57:13,244 [a34f2eca-ee32-4394-bb15-3b741437dcd0@group-54D86EF807B4-LeaderElection32] INFO  server.RaftServerConfigKeys (ConfUtils.java:logGet(46)) - raft.server.log.appender.snapshot.chunk.size.max = 16MB (=16777216) (default)
2023-09-07 08:57:13,244 [a34f2eca-ee32-4394-bb15-3b741437dcd0@group-54D86EF807B4-LeaderElection32] INFO  server.RaftServerConfigKeys (ConfUtils.java:logGet(46)) - raft.server.log.appender.buffer.byte-limit = 33554432 (custom)
2023-09-07 08:57:13,244 [a34f2eca-ee32-4394-bb15-3b741437dcd0@group-54D86EF807B4-LeaderElection32] INFO  server.RaftServerConfigKeys (ConfUtils.java:logGet(46)) - raft.server.log.appender.buffer.element-limit = 1 (custom)
2023-09-07 08:57:13,245 [a34f2eca-ee32-4394-bb15-3b741437dcd0@group-54D86EF807B4-LeaderElection32] INFO  server.RaftServerConfigKeys (ConfUtils.java:logGet(46)) - raft.server.log.appender.wait-time.min = 10ms (default)
2023-09-07 08:57:13,245 [a34f2eca-ee32-4394-bb15-3b741437dcd0@group-54D86EF807B4-LeaderElection32] INFO  grpc.GrpcConfigKeys (ConfUtils.java:logGet(46)) - raft.grpc.server.leader.outstanding.appends.max = 128 (default)
2023-09-07 08:57:13,245 [a34f2eca-ee32-4394-bb15-3b741437dcd0@group-54D86EF807B4-LeaderElection32] INFO  server.RaftServerConfigKeys (ConfUtils.java:logGet(46)) - raft.server.rpc.request.timeout = 60s (custom)
2023-09-07 08:57:13,245 [a34f2eca-ee32-4394-bb15-3b741437dcd0@group-54D86EF807B4-LeaderElection32] INFO  grpc.GrpcConfigKeys (ConfUtils.java:logGet(46)) - raft.grpc.server.install_snapshot.request.element-limit = 8 (default)
2023-09-07 08:57:13,245 [a34f2eca-ee32-4394-bb15-3b741437dcd0@group-54D86EF807B4-LeaderElection32] INFO  grpc.GrpcConfigKeys (ConfUtils.java:logGet(46)) - raft.grpc.server.install_snapshot.request.timeout = 3000ms (default)
2023-09-07 08:57:13,245 [a34f2eca-ee32-4394-bb15-3b741437dcd0@group-54D86EF807B4-LeaderElection32] INFO  server.RaftServerConfigKeys (ConfUtils.java:logGet(46)) - raft.server.log.appender.install.snapshot.enabled = false (custom)
2023-09-07 08:57:13,245 [a34f2eca-ee32-4394-bb15-3b741437dcd0@group-54D86EF807B4-LeaderElection32] INFO  grpc.GrpcConfigKeys (ConfUtils.java:logGet(46)) - raft.grpc.server.heartbeat.channel = true (default)
2023-09-07 08:57:13,246 [grpc-default-executor-1] INFO  server.RaftServer$Division (RaftServerImpl.java:requestVote(1335)) - 469bc52f-827e-4f59-b4d6-1102a4459bcd@group-54D86EF807B4 replies to ELECTION vote request: a34f2eca-ee32-4394-bb15-3b741437dcd0<-469bc52f-827e-4f59-b4d6-1102a4459bcd#0:OK-t1. Peer's state: 469bc52f-827e-4f59-b4d6-1102a4459bcd@group-54D86EF807B4:t1, leader=null, voted=a34f2eca-ee32-4394-bb15-3b741437dcd0, raftlog=Memoized:469bc52f-827e-4f59-b4d6-1102a4459bcd@group-54D86EF807B4-SegmentedRaftLog:OPENED:c-1, conf=-1: peers:[a34f2eca-ee32-4394-bb15-3b741437dcd0|rpc:10.1.0.48:15182|admin:10.1.0.48:15181|client:10.1.0.48:15180|dataStream:10.1.0.48:15183|priority:1|startupRole:FOLLOWER, c2dbcf2b-518f-41ea-bd88-da292e0ddc39|rpc:10.1.0.48:15173|admin:10.1.0.48:15172|client:10.1.0.48:15171|dataStream:10.1.0.48:15174|priority:0|startupRole:FOLLOWER, 469bc52f-827e-4f59-b4d6-1102a4459bcd|rpc:10.1.0.48:15191|admin:10.1.0.48:15190|client:10.1.0.48:15189|dataStream:10.1.0.48:15192|priority:0|startupRole:FOLLOWER]|listeners:[], old=null
2023-09-07 08:57:13,247 [EventQueue-PipelineReportForPipelineReportHandler] INFO  pipeline.PipelineReportHandler (PipelineReportHandler.java:processPipelineReport(136)) - Opened pipeline PipelineID=2a573bfb-df92-4764-886a-54d86ef807b4
2023-09-07 08:57:13,248 [a34f2eca-ee32-4394-bb15-3b741437dcd0@group-54D86EF807B4-LeaderElection32] INFO  server.RaftServerConfigKeys (ConfUtils.java:logGet(46)) - raft.server.log.appender.snapshot.chunk.size.max = 16MB (=16777216) (default)
2023-09-07 08:57:13,248 [a34f2eca-ee32-4394-bb15-3b741437dcd0@group-54D86EF807B4-LeaderElection32] INFO  server.RaftServerConfigKeys (ConfUtils.java:logGet(46)) - raft.server.log.appender.buffer.byte-limit = 33554432 (custom)
2023-09-07 08:57:13,248 [a34f2eca-ee32-4394-bb15-3b741437dcd0@group-54D86EF807B4-LeaderElection32] INFO  server.RaftServerConfigKeys (ConfUtils.java:logGet(46)) - raft.server.log.appender.buffer.element-limit = 1 (custom)
2023-09-07 08:57:13,248 [a34f2eca-ee32-4394-bb15-3b741437dcd0@group-54D86EF807B4-LeaderElection32] INFO  server.RaftServerConfigKeys (ConfUtils.java:logGet(46)) - raft.server.log.appender.wait-time.min = 10ms (default)
2023-09-07 08:57:13,248 [a34f2eca-ee32-4394-bb15-3b741437dcd0@group-54D86EF807B4-LeaderElection32] INFO  grpc.GrpcConfigKeys (ConfUtils.java:logGet(46)) - raft.grpc.server.leader.outstanding.appends.max = 128 (default)
2023-09-07 08:57:13,248 [a34f2eca-ee32-4394-bb15-3b741437dcd0@group-54D86EF807B4-LeaderElection32] INFO  server.RaftServerConfigKeys (ConfUtils.java:logGet(46)) - raft.server.rpc.request.timeout = 60s (custom)
2023-09-07 08:57:13,248 [a34f2eca-ee32-4394-bb15-3b741437dcd0@group-54D86EF807B4-LeaderElection32] INFO  grpc.GrpcConfigKeys (ConfUtils.java:logGet(46)) - raft.grpc.server.install_snapshot.request.element-limit = 8 (default)
2023-09-07 08:57:13,248 [a34f2eca-ee32-4394-bb15-3b741437dcd0@group-54D86EF807B4-LeaderElection32] INFO  grpc.GrpcConfigKeys (ConfUtils.java:logGet(46)) - raft.grpc.server.install_snapshot.request.timeout = 3000ms (default)
2023-09-07 08:57:13,250 [a34f2eca-ee32-4394-bb15-3b741437dcd0@group-54D86EF807B4-LeaderElection32] INFO  server.RaftServerConfigKeys (ConfUtils.java:logGet(46)) - raft.server.log.appender.install.snapshot.enabled = false (custom)
2023-09-07 08:57:13,250 [a34f2eca-ee32-4394-bb15-3b741437dcd0@group-54D86EF807B4-LeaderElection32] INFO  grpc.GrpcConfigKeys (ConfUtils.java:logGet(46)) - raft.grpc.server.heartbeat.channel = true (default)
2023-09-07 08:57:13,251 [a34f2eca-ee32-4394-bb15-3b741437dcd0@group-54D86EF807B4-LeaderElection32] INFO  impl.RoleInfo (RoleInfo.java:updateAndGet(139)) - a34f2eca-ee32-4394-bb15-3b741437dcd0: start a34f2eca-ee32-4394-bb15-3b741437dcd0@group-54D86EF807B4-LeaderStateImpl
2023-09-07 08:57:13,251 [a34f2eca-ee32-4394-bb15-3b741437dcd0@group-54D86EF807B4-LeaderElection32] INFO  segmented.SegmentedRaftLogWorker (SegmentedRaftLogWorker.java:startLogSegment(447)) - a34f2eca-ee32-4394-bb15-3b741437dcd0@group-54D86EF807B4-SegmentedRaftLogWorker: Starting segment from index:0
2023-09-07 08:57:13,252 [a34f2eca-ee32-4394-bb15-3b741437dcd0@group-54D86EF807B4-SegmentedRaftLogWorker] INFO  segmented.SegmentedRaftLogWorker (SegmentedRaftLogWorker.java:execute(651)) - a34f2eca-ee32-4394-bb15-3b741437dcd0@group-54D86EF807B4-SegmentedRaftLogWorker: created new log segment /home/runner/work/ozone/ozone/hadoop-ozone/integration-test/target/test-dir/MiniOzoneClusterImpl-4f49b7df-1fbb-48bb-ad24-05a827c4b894/datanode-1/data/ratis/2a573bfb-df92-4764-886a-54d86ef807b4/current/log_inprogress_0
2023-09-07 08:57:13,258 [a34f2eca-ee32-4394-bb15-3b741437dcd0@group-54D86EF807B4-LeaderElection32] INFO  server.RaftServer$Division (ServerState.java:setRaftConf(434)) - a34f2eca-ee32-4394-bb15-3b741437dcd0@group-54D86EF807B4: set configuration 0: peers:[a34f2eca-ee32-4394-bb15-3b741437dcd0|rpc:10.1.0.48:15182|admin:10.1.0.48:15181|client:10.1.0.48:15180|dataStream:10.1.0.48:15183|priority:1|startupRole:FOLLOWER, c2dbcf2b-518f-41ea-bd88-da292e0ddc39|rpc:10.1.0.48:15173|admin:10.1.0.48:15172|client:10.1.0.48:15171|dataStream:10.1.0.48:15174|priority:0|startupRole:FOLLOWER, 469bc52f-827e-4f59-b4d6-1102a4459bcd|rpc:10.1.0.48:15191|admin:10.1.0.48:15190|client:10.1.0.48:15189|dataStream:10.1.0.48:15192|priority:0|startupRole:FOLLOWER]|listeners:[], old=null
2023-09-07 08:57:13,268 [c2dbcf2b-518f-41ea-bd88-da292e0ddc39-server-thread1] INFO  ratis.XceiverServerRatis (XceiverServerRatis.java:handleLeaderChangedNotification(902)) - Leader change notification received for group: group-54D86EF807B4 with new leaderId: a34f2eca-ee32-4394-bb15-3b741437dcd0
2023-09-07 08:57:13,268 [c2dbcf2b-518f-41ea-bd88-da292e0ddc39-server-thread1] INFO  server.RaftServer$Division (ServerState.java:setLeader(317)) - c2dbcf2b-518f-41ea-bd88-da292e0ddc39@group-54D86EF807B4: change Leader from null to a34f2eca-ee32-4394-bb15-3b741437dcd0 at term 1 for appendEntries, leader elected after 5243ms
2023-09-07 08:57:13,270 [main] INFO  ozone.MiniOzoneClusterImpl (MiniOzoneClusterImpl.java:lambda$waitForClusterToBeReady$0(224)) - Nodes are ready. Got 5 of 5 DN Heartbeats.
2023-09-07 08:57:13,271 [main] INFO  ozone.MiniOzoneClusterImpl (MiniOzoneClusterImpl.java:lambda$waitForClusterToBeReady$0(227)) - Cluster exits safe mode
2023-09-07 08:57:13,271 [main] INFO  ozone.MiniOzoneClusterImpl (MiniOzoneClusterImpl.java:lambda$waitForClusterToBeReady$0(229)) - SCM became leader
2023-09-07 08:57:13,283 [c2dbcf2b-518f-41ea-bd88-da292e0ddc39-server-thread2] INFO  server.RaftServer$Division (ServerState.java:setRaftConf(434)) - c2dbcf2b-518f-41ea-bd88-da292e0ddc39@group-54D86EF807B4: set configuration 0: peers:[a34f2eca-ee32-4394-bb15-3b741437dcd0|rpc:10.1.0.48:15182|admin:10.1.0.48:15181|client:10.1.0.48:15180|dataStream:10.1.0.48:15183|priority:1|startupRole:FOLLOWER, c2dbcf2b-518f-41ea-bd88-da292e0ddc39|rpc:10.1.0.48:15173|admin:10.1.0.48:15172|client:10.1.0.48:15171|dataStream:10.1.0.48:15174|priority:0|startupRole:FOLLOWER, 469bc52f-827e-4f59-b4d6-1102a4459bcd|rpc:10.1.0.48:15191|admin:10.1.0.48:15190|client:10.1.0.48:15189|dataStream:10.1.0.48:15192|priority:0|startupRole:FOLLOWER]|listeners:[], old=null
2023-09-07 08:57:13,283 [c2dbcf2b-518f-41ea-bd88-da292e0ddc39-server-thread2] INFO  segmented.SegmentedRaftLogWorker (SegmentedRaftLogWorker.java:startLogSegment(447)) - c2dbcf2b-518f-41ea-bd88-da292e0ddc39@group-54D86EF807B4-SegmentedRaftLogWorker: Starting segment from index:0
2023-09-07 08:57:13,284 [469bc52f-827e-4f59-b4d6-1102a4459bcd-server-thread1] INFO  ratis.XceiverServerRatis (XceiverServerRatis.java:handleLeaderChangedNotification(902)) - Leader change notification received for group: group-54D86EF807B4 with new leaderId: a34f2eca-ee32-4394-bb15-3b741437dcd0
2023-09-07 08:57:13,284 [469bc52f-827e-4f59-b4d6-1102a4459bcd-server-thread1] INFO  server.RaftServer$Division (ServerState.java:setLeader(317)) - 469bc52f-827e-4f59-b4d6-1102a4459bcd@group-54D86EF807B4: change Leader from null to a34f2eca-ee32-4394-bb15-3b741437dcd0 at term 1 for appendEntries, leader elected after 5220ms
2023-09-07 08:57:13,285 [c2dbcf2b-518f-41ea-bd88-da292e0ddc39@group-54D86EF807B4-SegmentedRaftLogWorker] INFO  segmented.SegmentedRaftLogWorker (SegmentedRaftLogWorker.java:execute(651)) - c2dbcf2b-518f-41ea-bd88-da292e0ddc39@group-54D86EF807B4-SegmentedRaftLogWorker: created new log segment /home/runner/work/ozone/ozone/hadoop-ozone/integration-test/target/test-dir/MiniOzoneClusterImpl-4f49b7df-1fbb-48bb-ad24-05a827c4b894/datanode-0/data/ratis/2a573bfb-df92-4764-886a-54d86ef807b4/current/log_inprogress_0
2023-09-07 08:57:13,314 [469bc52f-827e-4f59-b4d6-1102a4459bcd-server-thread3] INFO  server.RaftServer$Division (ServerState.java:setRaftConf(434)) - 469bc52f-827e-4f59-b4d6-1102a4459bcd@group-54D86EF807B4: set configuration 0: peers:[a34f2eca-ee32-4394-bb15-3b741437dcd0|rpc:10.1.0.48:15182|admin:10.1.0.48:15181|client:10.1.0.48:15180|dataStream:10.1.0.48:15183|priority:1|startupRole:FOLLOWER, c2dbcf2b-518f-41ea-bd88-da292e0ddc39|rpc:10.1.0.48:15173|admin:10.1.0.48:15172|client:10.1.0.48:15171|dataStream:10.1.0.48:15174|priority:0|startupRole:FOLLOWER, 469bc52f-827e-4f59-b4d6-1102a4459bcd|rpc:10.1.0.48:15191|admin:10.1.0.48:15190|client:10.1.0.48:15189|dataStream:10.1.0.48:15192|priority:0|startupRole:FOLLOWER]|listeners:[], old=null
2023-09-07 08:57:13,314 [469bc52f-827e-4f59-b4d6-1102a4459bcd-server-thread3] INFO  segmented.SegmentedRaftLogWorker (SegmentedRaftLogWorker.java:startLogSegment(447)) - 469bc52f-827e-4f59-b4d6-1102a4459bcd@group-54D86EF807B4-SegmentedRaftLogWorker: Starting segment from index:0
2023-09-07 08:57:13,316 [469bc52f-827e-4f59-b4d6-1102a4459bcd@group-54D86EF807B4-SegmentedRaftLogWorker] INFO  segmented.SegmentedRaftLogWorker (SegmentedRaftLogWorker.java:execute(651)) - 469bc52f-827e-4f59-b4d6-1102a4459bcd@group-54D86EF807B4-SegmentedRaftLogWorker: created new log segment /home/runner/work/ozone/ozone/hadoop-ozone/integration-test/target/test-dir/MiniOzoneClusterImpl-4f49b7df-1fbb-48bb-ad24-05a827c4b894/datanode-2/data/ratis/2a573bfb-df92-4764-886a-54d86ef807b4/current/log_inprogress_0
2023-09-07 08:57:13,332 [main] INFO  rpc.RpcClient (RpcClient.java:createVolume(461)) - Creating Volume: volume04563, with user88906 as owner and space quota set to -1 bytes, counts quota set to -1
2023-09-07 08:57:13,335 [IPC Server handler 1 on default port 15163] INFO  volume.OMVolumeCreateRequest (OMVolumeCreateRequest.java:validateAndUpdateCache(196)) - created volume:volume04563 for user:user88906
2023-09-07 08:57:13,340 [main] INFO  rpc.RpcClient (RpcClient.java:createBucket(688)) - Creating Bucket: volume04563/bucket31706, with bucket layout LEGACY, runner as owner, Versioning false, Storage Type set to DISK and Encryption set to false, Replication Type set to server-side default replication type, Namespace Quota set to -1, Space Quota set to -1 
2023-09-07 08:57:13,341 [IPC Server handler 10 on default port 15163] INFO  bucket.OMBucketCreateRequest (OMBucketCreateRequest.java:validateAndUpdateCache(270)) - created bucket: bucket31706 of layout LEGACY in volume: volume04563
]]></system-out>
  </testcase>
  <testcase name="testSeekOnFileLength" classname="TestOzoneFileSystem" time="1.115">
    <system-out><![CDATA[2023-09-07 08:52:17,295 [IPC Server handler 0 on default port 15001] INFO  ha.SequenceIdGenerator (SequenceIdGenerator.java:getNextId(140)) - Allocate a batch for containerId, change lastId from 0 to 1000.
2023-09-07 08:52:17,308 [IPC Server handler 0 on default port 15001] WARN  ha.SequenceIdGenerator (SequenceIdGenerator.java:allocateBatch(253)) - Failed to allocate a batch for localId, expected lastId is 0, actual lastId is 111677748019200000.
2023-09-07 08:52:17,308 [IPC Server handler 0 on default port 15001] INFO  ha.SequenceIdGenerator (SequenceIdGenerator.java:getNextId(140)) - Allocate a batch for localId, change lastId from 111677748019200000 to 111677748019201000.
2023-09-07 08:52:17,407 [Time-limited test] INFO  impl.MetricsSystemImpl (MetricsSystemImpl.java:init(158)) - XceiverClientMetrics metrics system started (again)
2023-09-07 08:52:17,408 [Time-limited test] INFO  lib.Interns (Interns.java:removeEldestEntry(50)) - Metrics intern cache overflow at 2011 for MetricsSystem={MetricsSystem=MetricsInfoImpl{name=MetricsSystem, description=MetricsSystem}, MetricsSystem record=MetricsInfoImpl{name=MetricsSystem, description=MetricsSystem record}}
2023-09-07 08:52:18,232 [IPC Server handler 0 on default port 15001] WARN  node.SCMNodeManager (SCMNodeManager.java:getNodesByAddress(1373)) - Cannot find node for address 127.0.0.1
08:52:18.288 [IPC Server handler 16 on default port 15004] ERROR OMAudit - user=runner | ip=127.0.0.1 | op=READ_KEY {volume=volume72881, bucket=bucket22361, key=file_notexist, dataSize=0, replicationConfig=null} | ret=FAILURE
org.apache.hadoop.ozone.om.exceptions.OMException: Key:file_notexist not found
	at org.apache.hadoop.ozone.om.KeyManagerImpl.readKeyInfo(KeyManagerImpl.java:427) ~[ozone-manager-1.4.0-SNAPSHOT.jar:?]
	at org.apache.hadoop.ozone.om.KeyManagerImpl.lambda$9(KeyManagerImpl.java:1931) ~[ozone-manager-1.4.0-SNAPSHOT.jar:?]
	at org.apache.hadoop.util.MetricUtil.captureLatencyNs(MetricUtil.java:39) ~[hdds-common-1.4.0-SNAPSHOT.jar:?]
	at org.apache.hadoop.ozone.om.KeyManagerImpl.getKeyInfo(KeyManagerImpl.java:1929) ~[ozone-manager-1.4.0-SNAPSHOT.jar:?]
	at org.apache.hadoop.ozone.om.OmMetadataReader.getKeyInfo(OmMetadataReader.java:185) ~[ozone-manager-1.4.0-SNAPSHOT.jar:?]
	at org.apache.hadoop.ozone.om.OzoneManager.getKeyInfo(OzoneManager.java:2827) ~[ozone-manager-1.4.0-SNAPSHOT.jar:?]
	at org.apache.hadoop.ozone.protocolPB.OzoneManagerRequestHandler.getKeyInfo(OzoneManagerRequestHandler.java:585) ~[ozone-manager-1.4.0-SNAPSHOT.jar:?]
	at org.apache.hadoop.ozone.protocolPB.OzoneManagerRequestHandler.handleReadRequest(OzoneManagerRequestHandler.java:304) ~[ozone-manager-1.4.0-SNAPSHOT.jar:?]
	at org.apache.hadoop.ozone.protocolPB.OzoneManagerProtocolServerSideTranslatorPB.submitReadRequestToOM(OzoneManagerProtocolServerSideTranslatorPB.java:225) ~[ozone-manager-1.4.0-SNAPSHOT.jar:?]
	at org.apache.hadoop.ozone.protocolPB.OzoneManagerProtocolServerSideTranslatorPB.processRequest(OzoneManagerProtocolServerSideTranslatorPB.java:179) ~[ozone-manager-1.4.0-SNAPSHOT.jar:?]
	at org.apache.hadoop.hdds.server.OzoneProtocolMessageDispatcher.processRequest(OzoneProtocolMessageDispatcher.java:87) [hdds-server-framework-1.4.0-SNAPSHOT.jar:?]
	at org.apache.hadoop.ozone.protocolPB.OzoneManagerProtocolServerSideTranslatorPB.submitRequest(OzoneManagerProtocolServerSideTranslatorPB.java:148) [ozone-manager-1.4.0-SNAPSHOT.jar:?]
	at org.apache.hadoop.ozone.protocol.proto.OzoneManagerProtocolProtos$OzoneManagerService$2.callBlockingMethod(OzoneManagerProtocolProtos.java) [ozone-interface-client-1.4.0-SNAPSHOT.jar:?]
	at org.apache.hadoop.ipc.ProtobufRpcEngine$Server.processCall(ProtobufRpcEngine.java:484) [hadoop-common-3.3.6.jar:?]
	at org.apache.hadoop.ipc.ProtobufRpcEngine2$Server$ProtoBufRpcInvoker.call(ProtobufRpcEngine2.java:595) [hadoop-common-3.3.6.jar:?]
	at org.apache.hadoop.ipc.ProtobufRpcEngine2$Server$ProtoBufRpcInvoker.call(ProtobufRpcEngine2.java:573) [hadoop-common-3.3.6.jar:?]
	at org.apache.hadoop.ipc.RPC$Server.call(RPC.java:1227) [hadoop-common-3.3.6.jar:?]
	at org.apache.hadoop.ipc.Server$RpcCall.run(Server.java:1094) [hadoop-common-3.3.6.jar:?]
	at org.apache.hadoop.ipc.Server$RpcCall.run(Server.java:1017) [hadoop-common-3.3.6.jar:?]
	at java.security.AccessController.doPrivileged(Native Method) ~[?:1.8.0_382]
	at javax.security.auth.Subject.doAs(Subject.java:422) [?:1.8.0_382]
	at org.apache.hadoop.security.UserGroupInformation.doAs(UserGroupInformation.java:1899) [hadoop-common-3.3.6.jar:?]
	at org.apache.hadoop.ipc.Server$Handler.run(Server.java:3048) [hadoop-common-3.3.6.jar:?]
]]></system-out>
  </testcase>
  <testcase name="testSeekOnFileLength" classname="TestOzoneFileSystem" time="0.197">
    <system-out><![CDATA[2023-09-07 08:54:11,224 [IPC Server handler 14 on default port 15054] INFO  ha.SequenceIdGenerator (SequenceIdGenerator.java:getNextId(140)) - Allocate a batch for containerId, change lastId from 0 to 1000.
2023-09-07 08:54:11,225 [IPC Server handler 14 on default port 15054] WARN  ha.SequenceIdGenerator (SequenceIdGenerator.java:allocateBatch(253)) - Failed to allocate a batch for localId, expected lastId is 0, actual lastId is 111677748019200000.
2023-09-07 08:54:11,226 [IPC Server handler 14 on default port 15054] INFO  ha.SequenceIdGenerator (SequenceIdGenerator.java:getNextId(140)) - Allocate a batch for localId, change lastId from 111677748019200000 to 111677748019201000.
2023-09-07 08:54:11,311 [d53ff278-24a5-4154-8938-e562e33f1fe4@group-629976F10C3C-FollowerState] INFO  impl.FollowerState (FollowerState.java:run(143)) - d53ff278-24a5-4154-8938-e562e33f1fe4@group-629976F10C3C-FollowerState: change to CANDIDATE, lastRpcElapsedTime:5087312439ns, electionTimeout:5086ms
2023-09-07 08:54:11,311 [d53ff278-24a5-4154-8938-e562e33f1fe4@group-629976F10C3C-FollowerState] INFO  impl.RoleInfo (RoleInfo.java:shutdownFollowerState(110)) - d53ff278-24a5-4154-8938-e562e33f1fe4: shutdown d53ff278-24a5-4154-8938-e562e33f1fe4@group-629976F10C3C-FollowerState
2023-09-07 08:54:11,311 [d53ff278-24a5-4154-8938-e562e33f1fe4@group-629976F10C3C-FollowerState] INFO  server.RaftServer$Division (RaftServerImpl.java:setRole(329)) - d53ff278-24a5-4154-8938-e562e33f1fe4@group-629976F10C3C: changes role from  FOLLOWER to CANDIDATE at term 0 for changeToCandidate
2023-09-07 08:54:11,324 [d53ff278-24a5-4154-8938-e562e33f1fe4@group-629976F10C3C-FollowerState] INFO  server.RaftServerConfigKeys (ConfUtils.java:logGet(46)) - raft.server.leaderelection.pre-vote = true (default)
2023-09-07 08:54:11,324 [d53ff278-24a5-4154-8938-e562e33f1fe4@group-629976F10C3C-FollowerState] INFO  impl.RoleInfo (RoleInfo.java:updateAndGet(139)) - d53ff278-24a5-4154-8938-e562e33f1fe4: start d53ff278-24a5-4154-8938-e562e33f1fe4@group-629976F10C3C-LeaderElection16
2023-09-07 08:54:11,339 [d53ff278-24a5-4154-8938-e562e33f1fe4@group-629976F10C3C-LeaderElection16] INFO  impl.LeaderElection (LeaderElection.java:askForVotes(321)) - d53ff278-24a5-4154-8938-e562e33f1fe4@group-629976F10C3C-LeaderElection16 PRE_VOTE round 0: submit vote requests at term 0 for -1: peers:[d53ff278-24a5-4154-8938-e562e33f1fe4|rpc:10.1.0.48:15085|admin:10.1.0.48:15084|client:10.1.0.48:15083|dataStream:10.1.0.48:15086|priority:1|startupRole:FOLLOWER]|listeners:[], old=null
2023-09-07 08:54:11,339 [d53ff278-24a5-4154-8938-e562e33f1fe4@group-629976F10C3C-LeaderElection16] INFO  impl.LeaderElection (LeaderElection.java:askForVotes(323)) - d53ff278-24a5-4154-8938-e562e33f1fe4@group-629976F10C3C-LeaderElection16 PRE_VOTE round 0: result PASSED (term=0)
2023-09-07 08:54:11,341 [d53ff278-24a5-4154-8938-e562e33f1fe4@group-629976F10C3C-LeaderElection16] INFO  impl.LeaderElection (LeaderElection.java:askForVotes(321)) - d53ff278-24a5-4154-8938-e562e33f1fe4@group-629976F10C3C-LeaderElection16 ELECTION round 0: submit vote requests at term 1 for -1: peers:[d53ff278-24a5-4154-8938-e562e33f1fe4|rpc:10.1.0.48:15085|admin:10.1.0.48:15084|client:10.1.0.48:15083|dataStream:10.1.0.48:15086|priority:1|startupRole:FOLLOWER]|listeners:[], old=null
2023-09-07 08:54:11,341 [d53ff278-24a5-4154-8938-e562e33f1fe4@group-629976F10C3C-LeaderElection16] INFO  impl.LeaderElection (LeaderElection.java:askForVotes(323)) - d53ff278-24a5-4154-8938-e562e33f1fe4@group-629976F10C3C-LeaderElection16 ELECTION round 0: result PASSED (term=1)
2023-09-07 08:54:11,341 [d53ff278-24a5-4154-8938-e562e33f1fe4@group-629976F10C3C-LeaderElection16] INFO  impl.RoleInfo (RoleInfo.java:shutdownLeaderElection(130)) - d53ff278-24a5-4154-8938-e562e33f1fe4: shutdown d53ff278-24a5-4154-8938-e562e33f1fe4@group-629976F10C3C-LeaderElection16
2023-09-07 08:54:11,341 [d53ff278-24a5-4154-8938-e562e33f1fe4@group-629976F10C3C-LeaderElection16] INFO  server.RaftServer$Division (RaftServerImpl.java:setRole(329)) - d53ff278-24a5-4154-8938-e562e33f1fe4@group-629976F10C3C: changes role from CANDIDATE to LEADER at term 1 for changeToLeader
2023-09-07 08:54:11,342 [d53ff278-24a5-4154-8938-e562e33f1fe4@group-629976F10C3C-LeaderElection16] INFO  ratis.XceiverServerRatis (XceiverServerRatis.java:handleLeaderChangedNotification(902)) - Leader change notification received for group: group-629976F10C3C with new leaderId: d53ff278-24a5-4154-8938-e562e33f1fe4
2023-09-07 08:54:11,342 [d53ff278-24a5-4154-8938-e562e33f1fe4@group-629976F10C3C-LeaderElection16] INFO  server.RaftServer$Division (ServerState.java:setLeader(317)) - d53ff278-24a5-4154-8938-e562e33f1fe4@group-629976F10C3C: change Leader from null to d53ff278-24a5-4154-8938-e562e33f1fe4 at term 1 for becomeLeader, leader elected after 5137ms
2023-09-07 08:54:11,342 [d53ff278-24a5-4154-8938-e562e33f1fe4@group-629976F10C3C-LeaderElection16] INFO  server.RaftServerConfigKeys (ConfUtils.java:logGet(46)) - raft.server.staging.catchup.gap = 1000 (default)
2023-09-07 08:54:11,343 [d53ff278-24a5-4154-8938-e562e33f1fe4@group-629976F10C3C-LeaderElection16] INFO  server.RaftServerConfigKeys (ConfUtils.java:logGet(46)) - raft.server.write.element-limit = 1024 (custom)
2023-09-07 08:54:11,343 [d53ff278-24a5-4154-8938-e562e33f1fe4@group-629976F10C3C-LeaderElection16] INFO  server.RaftServerConfigKeys (ConfUtils.java:logGet(46)) - raft.server.write.byte-limit = 1024 M (=1073741824) (custom)
2023-09-07 08:54:11,343 [d53ff278-24a5-4154-8938-e562e33f1fe4@group-629976F10C3C-LeaderElection16] INFO  server.RaftServerConfigKeys (ConfUtils.java:logGet(46)) - raft.server.watch.timeout = 180s (custom)
2023-09-07 08:54:11,344 [d53ff278-24a5-4154-8938-e562e33f1fe4@group-629976F10C3C-LeaderElection16] INFO  server.RaftServerConfigKeys (ConfUtils.java:logGet(46)) - raft.server.watch.timeout.denomination = 1s (default)
2023-09-07 08:54:11,344 [d53ff278-24a5-4154-8938-e562e33f1fe4@group-629976F10C3C-LeaderElection16] INFO  server.RaftServerConfigKeys (ConfUtils.java:logGet(46)) - raft.server.watch.element-limit = 65536 (default)
2023-09-07 08:54:11,346 [d53ff278-24a5-4154-8938-e562e33f1fe4@group-629976F10C3C-LeaderElection16] INFO  server.RaftServerConfigKeys (ConfUtils.java:logGet(46)) - raft.server.write.element-limit = 1024 (custom)
2023-09-07 08:54:11,346 [d53ff278-24a5-4154-8938-e562e33f1fe4@group-629976F10C3C-LeaderElection16] INFO  server.RaftServerConfigKeys (ConfUtils.java:logGet(46)) - raft.server.write.follower.gap.ratio.max = -1.0 (default)
2023-09-07 08:54:11,346 [d53ff278-24a5-4154-8938-e562e33f1fe4@group-629976F10C3C-LeaderElection16] INFO  impl.RoleInfo (RoleInfo.java:updateAndGet(139)) - d53ff278-24a5-4154-8938-e562e33f1fe4: start d53ff278-24a5-4154-8938-e562e33f1fe4@group-629976F10C3C-LeaderStateImpl
2023-09-07 08:54:11,346 [d53ff278-24a5-4154-8938-e562e33f1fe4@group-629976F10C3C-LeaderElection16] INFO  segmented.SegmentedRaftLogWorker (SegmentedRaftLogWorker.java:startLogSegment(447)) - d53ff278-24a5-4154-8938-e562e33f1fe4@group-629976F10C3C-SegmentedRaftLogWorker: Starting segment from index:0
2023-09-07 08:54:11,357 [d53ff278-24a5-4154-8938-e562e33f1fe4@group-629976F10C3C-LeaderElection16] INFO  server.RaftServer$Division (ServerState.java:setRaftConf(434)) - d53ff278-24a5-4154-8938-e562e33f1fe4@group-629976F10C3C: set configuration 0: peers:[d53ff278-24a5-4154-8938-e562e33f1fe4|rpc:10.1.0.48:15085|admin:10.1.0.48:15084|client:10.1.0.48:15083|dataStream:10.1.0.48:15086|priority:1|startupRole:FOLLOWER]|listeners:[], old=null
2023-09-07 08:54:11,358 [d53ff278-24a5-4154-8938-e562e33f1fe4@group-629976F10C3C-SegmentedRaftLogWorker] INFO  segmented.SegmentedRaftLogWorker (SegmentedRaftLogWorker.java:execute(651)) - d53ff278-24a5-4154-8938-e562e33f1fe4@group-629976F10C3C-SegmentedRaftLogWorker: created new log segment /home/runner/work/ozone/ozone/hadoop-ozone/integration-test/target/test-dir/MiniOzoneClusterImpl-ca08a916-3927-468c-b731-1edf5636b3eb/datanode-2/data/ratis/7d1fdec5-1c89-4c87-965e-629976f10c3c/current/log_inprogress_0
2023-09-07 08:54:11,380 [IPC Server handler 12 on default port 15054] WARN  node.SCMNodeManager (SCMNodeManager.java:getNodesByAddress(1373)) - Cannot find node for address 127.0.0.1
08:54:11.392 [IPC Server handler 11 on default port 15057] ERROR OMAudit - user=runner | ip=127.0.0.1 | op=READ_KEY {volume=volume93671, bucket=bucket89282, key=file_notexist, dataSize=0, replicationConfig=null} | ret=FAILURE
org.apache.hadoop.ozone.om.exceptions.OMException: Key:file_notexist not found
	at org.apache.hadoop.ozone.om.KeyManagerImpl.readKeyInfo(KeyManagerImpl.java:427) ~[ozone-manager-1.4.0-SNAPSHOT.jar:?]
	at org.apache.hadoop.ozone.om.KeyManagerImpl.lambda$9(KeyManagerImpl.java:1931) ~[ozone-manager-1.4.0-SNAPSHOT.jar:?]
	at org.apache.hadoop.util.MetricUtil.captureLatencyNs(MetricUtil.java:39) ~[hdds-common-1.4.0-SNAPSHOT.jar:?]
	at org.apache.hadoop.ozone.om.KeyManagerImpl.getKeyInfo(KeyManagerImpl.java:1929) ~[ozone-manager-1.4.0-SNAPSHOT.jar:?]
	at org.apache.hadoop.ozone.om.OmMetadataReader.getKeyInfo(OmMetadataReader.java:185) ~[ozone-manager-1.4.0-SNAPSHOT.jar:?]
	at org.apache.hadoop.ozone.om.OzoneManager.getKeyInfo(OzoneManager.java:2827) ~[ozone-manager-1.4.0-SNAPSHOT.jar:?]
	at org.apache.hadoop.ozone.protocolPB.OzoneManagerRequestHandler.getKeyInfo(OzoneManagerRequestHandler.java:585) ~[ozone-manager-1.4.0-SNAPSHOT.jar:?]
	at org.apache.hadoop.ozone.protocolPB.OzoneManagerRequestHandler.handleReadRequest(OzoneManagerRequestHandler.java:304) ~[ozone-manager-1.4.0-SNAPSHOT.jar:?]
	at org.apache.hadoop.ozone.protocolPB.OzoneManagerProtocolServerSideTranslatorPB.submitRequestDirectlyToOM(OzoneManagerProtocolServerSideTranslatorPB.java:274) ~[ozone-manager-1.4.0-SNAPSHOT.jar:?]
	at org.apache.hadoop.ozone.protocolPB.OzoneManagerProtocolServerSideTranslatorPB.processRequest(OzoneManagerProtocolServerSideTranslatorPB.java:175) ~[ozone-manager-1.4.0-SNAPSHOT.jar:?]
	at org.apache.hadoop.hdds.server.OzoneProtocolMessageDispatcher.processRequest(OzoneProtocolMessageDispatcher.java:87) [hdds-server-framework-1.4.0-SNAPSHOT.jar:?]
	at org.apache.hadoop.ozone.protocolPB.OzoneManagerProtocolServerSideTranslatorPB.submitRequest(OzoneManagerProtocolServerSideTranslatorPB.java:148) [ozone-manager-1.4.0-SNAPSHOT.jar:?]
	at org.apache.hadoop.ozone.protocol.proto.OzoneManagerProtocolProtos$OzoneManagerService$2.callBlockingMethod(OzoneManagerProtocolProtos.java) [ozone-interface-client-1.4.0-SNAPSHOT.jar:?]
	at org.apache.hadoop.ipc.ProtobufRpcEngine$Server.processCall(ProtobufRpcEngine.java:484) [hadoop-common-3.3.6.jar:?]
	at org.apache.hadoop.ipc.ProtobufRpcEngine2$Server$ProtoBufRpcInvoker.call(ProtobufRpcEngine2.java:595) [hadoop-common-3.3.6.jar:?]
	at org.apache.hadoop.ipc.ProtobufRpcEngine2$Server$ProtoBufRpcInvoker.call(ProtobufRpcEngine2.java:573) [hadoop-common-3.3.6.jar:?]
	at org.apache.hadoop.ipc.RPC$Server.call(RPC.java:1227) [hadoop-common-3.3.6.jar:?]
	at org.apache.hadoop.ipc.Server$RpcCall.run(Server.java:1094) [hadoop-common-3.3.6.jar:?]
	at org.apache.hadoop.ipc.Server$RpcCall.run(Server.java:1017) [hadoop-common-3.3.6.jar:?]
	at java.security.AccessController.doPrivileged(Native Method) ~[?:1.8.0_382]
	at javax.security.auth.Subject.doAs(Subject.java:422) [?:1.8.0_382]
	at org.apache.hadoop.security.UserGroupInformation.doAs(UserGroupInformation.java:1899) [hadoop-common-3.3.6.jar:?]
	at org.apache.hadoop.ipc.Server$Handler.run(Server.java:3048) [hadoop-common-3.3.6.jar:?]
]]></system-out>
  </testcase>
  <testcase name="testSeekOnFileLength" classname="TestOzoneFileSystem" time="0.22">
    <system-out><![CDATA[2023-09-07 08:55:36,128 [IPC Server handler 13 on default port 15107] INFO  ha.SequenceIdGenerator (SequenceIdGenerator.java:getNextId(140)) - Allocate a batch for containerId, change lastId from 0 to 1000.
2023-09-07 08:55:36,129 [IPC Server handler 13 on default port 15107] WARN  ha.SequenceIdGenerator (SequenceIdGenerator.java:allocateBatch(253)) - Failed to allocate a batch for localId, expected lastId is 0, actual lastId is 111677748019200000.
2023-09-07 08:55:36,129 [IPC Server handler 13 on default port 15107] INFO  ha.SequenceIdGenerator (SequenceIdGenerator.java:getNextId(140)) - Allocate a batch for localId, change lastId from 111677748019200000 to 111677748019201000.
2023-09-07 08:55:36,258 [a16823de-594d-4810-9c20-2473ba2acfd2@group-86C75A0E7303-FollowerState] INFO  impl.FollowerState (FollowerState.java:run(143)) - a16823de-594d-4810-9c20-2473ba2acfd2@group-86C75A0E7303-FollowerState: change to CANDIDATE, lastRpcElapsedTime:5030185286ns, electionTimeout:5029ms
2023-09-07 08:55:36,258 [a16823de-594d-4810-9c20-2473ba2acfd2@group-86C75A0E7303-FollowerState] INFO  impl.RoleInfo (RoleInfo.java:shutdownFollowerState(110)) - a16823de-594d-4810-9c20-2473ba2acfd2: shutdown a16823de-594d-4810-9c20-2473ba2acfd2@group-86C75A0E7303-FollowerState
2023-09-07 08:55:36,259 [a16823de-594d-4810-9c20-2473ba2acfd2@group-86C75A0E7303-FollowerState] INFO  server.RaftServer$Division (RaftServerImpl.java:setRole(329)) - a16823de-594d-4810-9c20-2473ba2acfd2@group-86C75A0E7303: changes role from  FOLLOWER to CANDIDATE at term 0 for changeToCandidate
2023-09-07 08:55:36,265 [a16823de-594d-4810-9c20-2473ba2acfd2@group-86C75A0E7303-FollowerState] INFO  server.RaftServerConfigKeys (ConfUtils.java:logGet(46)) - raft.server.leaderelection.pre-vote = true (default)
2023-09-07 08:55:36,265 [a16823de-594d-4810-9c20-2473ba2acfd2@group-86C75A0E7303-FollowerState] INFO  impl.RoleInfo (RoleInfo.java:updateAndGet(139)) - a16823de-594d-4810-9c20-2473ba2acfd2: start a16823de-594d-4810-9c20-2473ba2acfd2@group-86C75A0E7303-LeaderElection26
2023-09-07 08:55:36,272 [a16823de-594d-4810-9c20-2473ba2acfd2@group-86C75A0E7303-LeaderElection26] INFO  impl.LeaderElection (LeaderElection.java:askForVotes(321)) - a16823de-594d-4810-9c20-2473ba2acfd2@group-86C75A0E7303-LeaderElection26 PRE_VOTE round 0: submit vote requests at term 0 for -1: peers:[a16823de-594d-4810-9c20-2473ba2acfd2|rpc:10.1.0.48:15138|admin:10.1.0.48:15137|client:10.1.0.48:15136|dataStream:10.1.0.48:15139|priority:1|startupRole:FOLLOWER]|listeners:[], old=null
2023-09-07 08:55:36,272 [a16823de-594d-4810-9c20-2473ba2acfd2@group-86C75A0E7303-LeaderElection26] INFO  impl.LeaderElection (LeaderElection.java:askForVotes(323)) - a16823de-594d-4810-9c20-2473ba2acfd2@group-86C75A0E7303-LeaderElection26 PRE_VOTE round 0: result PASSED (term=0)
2023-09-07 08:55:36,274 [a16823de-594d-4810-9c20-2473ba2acfd2@group-86C75A0E7303-LeaderElection26] INFO  impl.LeaderElection (LeaderElection.java:askForVotes(321)) - a16823de-594d-4810-9c20-2473ba2acfd2@group-86C75A0E7303-LeaderElection26 ELECTION round 0: submit vote requests at term 1 for -1: peers:[a16823de-594d-4810-9c20-2473ba2acfd2|rpc:10.1.0.48:15138|admin:10.1.0.48:15137|client:10.1.0.48:15136|dataStream:10.1.0.48:15139|priority:1|startupRole:FOLLOWER]|listeners:[], old=null
2023-09-07 08:55:36,274 [a16823de-594d-4810-9c20-2473ba2acfd2@group-86C75A0E7303-LeaderElection26] INFO  impl.LeaderElection (LeaderElection.java:askForVotes(323)) - a16823de-594d-4810-9c20-2473ba2acfd2@group-86C75A0E7303-LeaderElection26 ELECTION round 0: result PASSED (term=1)
2023-09-07 08:55:36,275 [a16823de-594d-4810-9c20-2473ba2acfd2@group-86C75A0E7303-LeaderElection26] INFO  impl.RoleInfo (RoleInfo.java:shutdownLeaderElection(130)) - a16823de-594d-4810-9c20-2473ba2acfd2: shutdown a16823de-594d-4810-9c20-2473ba2acfd2@group-86C75A0E7303-LeaderElection26
2023-09-07 08:55:36,275 [a16823de-594d-4810-9c20-2473ba2acfd2@group-86C75A0E7303-LeaderElection26] INFO  server.RaftServer$Division (RaftServerImpl.java:setRole(329)) - a16823de-594d-4810-9c20-2473ba2acfd2@group-86C75A0E7303: changes role from CANDIDATE to LEADER at term 1 for changeToLeader
2023-09-07 08:55:36,275 [a16823de-594d-4810-9c20-2473ba2acfd2@group-86C75A0E7303-LeaderElection26] INFO  ratis.XceiverServerRatis (XceiverServerRatis.java:handleLeaderChangedNotification(902)) - Leader change notification received for group: group-86C75A0E7303 with new leaderId: a16823de-594d-4810-9c20-2473ba2acfd2
2023-09-07 08:55:36,279 [a16823de-594d-4810-9c20-2473ba2acfd2@group-86C75A0E7303-LeaderElection26] INFO  server.RaftServer$Division (ServerState.java:setLeader(317)) - a16823de-594d-4810-9c20-2473ba2acfd2@group-86C75A0E7303: change Leader from null to a16823de-594d-4810-9c20-2473ba2acfd2 at term 1 for becomeLeader, leader elected after 5064ms
2023-09-07 08:55:36,279 [a16823de-594d-4810-9c20-2473ba2acfd2@group-86C75A0E7303-LeaderElection26] INFO  server.RaftServerConfigKeys (ConfUtils.java:logGet(46)) - raft.server.staging.catchup.gap = 1000 (default)
2023-09-07 08:55:36,280 [a16823de-594d-4810-9c20-2473ba2acfd2@group-86C75A0E7303-LeaderElection26] INFO  server.RaftServerConfigKeys (ConfUtils.java:logGet(46)) - raft.server.write.element-limit = 1024 (custom)
2023-09-07 08:55:36,280 [a16823de-594d-4810-9c20-2473ba2acfd2@group-86C75A0E7303-LeaderElection26] INFO  server.RaftServerConfigKeys (ConfUtils.java:logGet(46)) - raft.server.write.byte-limit = 1024 M (=1073741824) (custom)
2023-09-07 08:55:36,280 [a16823de-594d-4810-9c20-2473ba2acfd2@group-86C75A0E7303-LeaderElection26] INFO  server.RaftServerConfigKeys (ConfUtils.java:logGet(46)) - raft.server.watch.timeout = 180s (custom)
2023-09-07 08:55:36,280 [a16823de-594d-4810-9c20-2473ba2acfd2@group-86C75A0E7303-LeaderElection26] INFO  server.RaftServerConfigKeys (ConfUtils.java:logGet(46)) - raft.server.watch.timeout.denomination = 1s (default)
2023-09-07 08:55:36,280 [a16823de-594d-4810-9c20-2473ba2acfd2@group-86C75A0E7303-LeaderElection26] INFO  server.RaftServerConfigKeys (ConfUtils.java:logGet(46)) - raft.server.watch.element-limit = 65536 (default)
2023-09-07 08:55:36,281 [a16823de-594d-4810-9c20-2473ba2acfd2@group-86C75A0E7303-LeaderElection26] INFO  server.RaftServerConfigKeys (ConfUtils.java:logGet(46)) - raft.server.write.element-limit = 1024 (custom)
2023-09-07 08:55:36,281 [a16823de-594d-4810-9c20-2473ba2acfd2@group-86C75A0E7303-LeaderElection26] INFO  server.RaftServerConfigKeys (ConfUtils.java:logGet(46)) - raft.server.write.follower.gap.ratio.max = -1.0 (default)
2023-09-07 08:55:36,281 [a16823de-594d-4810-9c20-2473ba2acfd2@group-86C75A0E7303-LeaderElection26] INFO  impl.RoleInfo (RoleInfo.java:updateAndGet(139)) - a16823de-594d-4810-9c20-2473ba2acfd2: start a16823de-594d-4810-9c20-2473ba2acfd2@group-86C75A0E7303-LeaderStateImpl
2023-09-07 08:55:36,281 [a16823de-594d-4810-9c20-2473ba2acfd2@group-86C75A0E7303-LeaderElection26] INFO  segmented.SegmentedRaftLogWorker (SegmentedRaftLogWorker.java:startLogSegment(447)) - a16823de-594d-4810-9c20-2473ba2acfd2@group-86C75A0E7303-SegmentedRaftLogWorker: Starting segment from index:0
2023-09-07 08:55:36,282 [a16823de-594d-4810-9c20-2473ba2acfd2@group-86C75A0E7303-SegmentedRaftLogWorker] INFO  segmented.SegmentedRaftLogWorker (SegmentedRaftLogWorker.java:execute(651)) - a16823de-594d-4810-9c20-2473ba2acfd2@group-86C75A0E7303-SegmentedRaftLogWorker: created new log segment /home/runner/work/ozone/ozone/hadoop-ozone/integration-test/target/test-dir/MiniOzoneClusterImpl-06b57250-6369-4c93-9764-bbc94174df1e/datanode-2/data/ratis/398a91cf-0f1f-4502-8d74-86c75a0e7303/current/log_inprogress_0
2023-09-07 08:55:36,287 [a16823de-594d-4810-9c20-2473ba2acfd2@group-86C75A0E7303-LeaderElection26] INFO  server.RaftServer$Division (ServerState.java:setRaftConf(434)) - a16823de-594d-4810-9c20-2473ba2acfd2@group-86C75A0E7303: set configuration 0: peers:[a16823de-594d-4810-9c20-2473ba2acfd2|rpc:10.1.0.48:15138|admin:10.1.0.48:15137|client:10.1.0.48:15136|dataStream:10.1.0.48:15139|priority:1|startupRole:FOLLOWER]|listeners:[], old=null
2023-09-07 08:55:36,291 [IPC Server handler 15 on default port 15107] WARN  node.SCMNodeManager (SCMNodeManager.java:getNodesByAddress(1373)) - Cannot find node for address 127.0.0.1
08:55:36.302 [IPC Server handler 5 on default port 15110] ERROR OMAudit - user=runner | ip=127.0.0.1 | op=READ_KEY {volume=volume76246, bucket=bucket29151, key=file_notexist, dataSize=0, replicationConfig=null} | ret=FAILURE
org.apache.hadoop.ozone.om.exceptions.OMException: Key:file_notexist not found
	at org.apache.hadoop.ozone.om.KeyManagerImpl.readKeyInfo(KeyManagerImpl.java:427) ~[ozone-manager-1.4.0-SNAPSHOT.jar:?]
	at org.apache.hadoop.ozone.om.KeyManagerImpl.lambda$9(KeyManagerImpl.java:1931) ~[ozone-manager-1.4.0-SNAPSHOT.jar:?]
	at org.apache.hadoop.util.MetricUtil.captureLatencyNs(MetricUtil.java:39) ~[hdds-common-1.4.0-SNAPSHOT.jar:?]
	at org.apache.hadoop.ozone.om.KeyManagerImpl.getKeyInfo(KeyManagerImpl.java:1929) ~[ozone-manager-1.4.0-SNAPSHOT.jar:?]
	at org.apache.hadoop.ozone.om.OmMetadataReader.getKeyInfo(OmMetadataReader.java:185) ~[ozone-manager-1.4.0-SNAPSHOT.jar:?]
	at org.apache.hadoop.ozone.om.OzoneManager.getKeyInfo(OzoneManager.java:2827) ~[ozone-manager-1.4.0-SNAPSHOT.jar:?]
	at org.apache.hadoop.ozone.protocolPB.OzoneManagerRequestHandler.getKeyInfo(OzoneManagerRequestHandler.java:585) ~[ozone-manager-1.4.0-SNAPSHOT.jar:?]
	at org.apache.hadoop.ozone.protocolPB.OzoneManagerRequestHandler.handleReadRequest(OzoneManagerRequestHandler.java:304) ~[ozone-manager-1.4.0-SNAPSHOT.jar:?]
	at org.apache.hadoop.ozone.protocolPB.OzoneManagerProtocolServerSideTranslatorPB.submitReadRequestToOM(OzoneManagerProtocolServerSideTranslatorPB.java:225) ~[ozone-manager-1.4.0-SNAPSHOT.jar:?]
	at org.apache.hadoop.ozone.protocolPB.OzoneManagerProtocolServerSideTranslatorPB.processRequest(OzoneManagerProtocolServerSideTranslatorPB.java:179) ~[ozone-manager-1.4.0-SNAPSHOT.jar:?]
	at org.apache.hadoop.hdds.server.OzoneProtocolMessageDispatcher.processRequest(OzoneProtocolMessageDispatcher.java:87) [hdds-server-framework-1.4.0-SNAPSHOT.jar:?]
	at org.apache.hadoop.ozone.protocolPB.OzoneManagerProtocolServerSideTranslatorPB.submitRequest(OzoneManagerProtocolServerSideTranslatorPB.java:148) [ozone-manager-1.4.0-SNAPSHOT.jar:?]
	at org.apache.hadoop.ozone.protocol.proto.OzoneManagerProtocolProtos$OzoneManagerService$2.callBlockingMethod(OzoneManagerProtocolProtos.java) [ozone-interface-client-1.4.0-SNAPSHOT.jar:?]
	at org.apache.hadoop.ipc.ProtobufRpcEngine$Server.processCall(ProtobufRpcEngine.java:484) [hadoop-common-3.3.6.jar:?]
	at org.apache.hadoop.ipc.ProtobufRpcEngine2$Server$ProtoBufRpcInvoker.call(ProtobufRpcEngine2.java:595) [hadoop-common-3.3.6.jar:?]
	at org.apache.hadoop.ipc.ProtobufRpcEngine2$Server$ProtoBufRpcInvoker.call(ProtobufRpcEngine2.java:573) [hadoop-common-3.3.6.jar:?]
	at org.apache.hadoop.ipc.RPC$Server.call(RPC.java:1227) [hadoop-common-3.3.6.jar:?]
	at org.apache.hadoop.ipc.Server$RpcCall.run(Server.java:1094) [hadoop-common-3.3.6.jar:?]
	at org.apache.hadoop.ipc.Server$RpcCall.run(Server.java:1017) [hadoop-common-3.3.6.jar:?]
	at java.security.AccessController.doPrivileged(Native Method) ~[?:1.8.0_382]
	at javax.security.auth.Subject.doAs(Subject.java:422) [?:1.8.0_382]
	at org.apache.hadoop.security.UserGroupInformation.doAs(UserGroupInformation.java:1899) [hadoop-common-3.3.6.jar:?]
	at org.apache.hadoop.ipc.Server$Handler.run(Server.java:3048) [hadoop-common-3.3.6.jar:?]
]]></system-out>
  </testcase>
  <testcase name="testSeekOnFileLength" classname="TestOzoneFileSystem" time="0.213">
    <system-out><![CDATA[2023-09-07 08:57:13,375 [a34f2eca-ee32-4394-bb15-3b741437dcd0@group-CD47F4EA6070-FollowerState] INFO  impl.FollowerState (FollowerState.java:run(143)) - a34f2eca-ee32-4394-bb15-3b741437dcd0@group-CD47F4EA6070-FollowerState: change to CANDIDATE, lastRpcElapsedTime:5160248511ns, electionTimeout:5148ms
2023-09-07 08:57:13,375 [a34f2eca-ee32-4394-bb15-3b741437dcd0@group-CD47F4EA6070-FollowerState] INFO  impl.RoleInfo (RoleInfo.java:shutdownFollowerState(110)) - a34f2eca-ee32-4394-bb15-3b741437dcd0: shutdown a34f2eca-ee32-4394-bb15-3b741437dcd0@group-CD47F4EA6070-FollowerState
2023-09-07 08:57:13,375 [a34f2eca-ee32-4394-bb15-3b741437dcd0@group-CD47F4EA6070-FollowerState] INFO  server.RaftServer$Division (RaftServerImpl.java:setRole(329)) - a34f2eca-ee32-4394-bb15-3b741437dcd0@group-CD47F4EA6070: changes role from  FOLLOWER to CANDIDATE at term 0 for changeToCandidate
2023-09-07 08:57:13,375 [a34f2eca-ee32-4394-bb15-3b741437dcd0@group-CD47F4EA6070-FollowerState] INFO  server.RaftServerConfigKeys (ConfUtils.java:logGet(46)) - raft.server.leaderelection.pre-vote = true (default)
2023-09-07 08:57:13,375 [a34f2eca-ee32-4394-bb15-3b741437dcd0@group-CD47F4EA6070-FollowerState] INFO  impl.RoleInfo (RoleInfo.java:updateAndGet(139)) - a34f2eca-ee32-4394-bb15-3b741437dcd0: start a34f2eca-ee32-4394-bb15-3b741437dcd0@group-CD47F4EA6070-LeaderElection33
2023-09-07 08:57:13,382 [IPC Server handler 2 on default port 15160] INFO  ha.SequenceIdGenerator (SequenceIdGenerator.java:getNextId(140)) - Allocate a batch for containerId, change lastId from 0 to 1000.
2023-09-07 08:57:13,383 [IPC Server handler 2 on default port 15160] WARN  ha.SequenceIdGenerator (SequenceIdGenerator.java:allocateBatch(253)) - Failed to allocate a batch for localId, expected lastId is 0, actual lastId is 111677748019200000.
2023-09-07 08:57:13,383 [IPC Server handler 2 on default port 15160] INFO  ha.SequenceIdGenerator (SequenceIdGenerator.java:getNextId(140)) - Allocate a batch for localId, change lastId from 111677748019200000 to 111677748019201000.
2023-09-07 08:57:13,397 [a34f2eca-ee32-4394-bb15-3b741437dcd0@group-CD47F4EA6070-LeaderElection33] INFO  impl.LeaderElection (LeaderElection.java:askForVotes(321)) - a34f2eca-ee32-4394-bb15-3b741437dcd0@group-CD47F4EA6070-LeaderElection33 PRE_VOTE round 0: submit vote requests at term 0 for -1: peers:[a34f2eca-ee32-4394-bb15-3b741437dcd0|rpc:10.1.0.48:15182|admin:10.1.0.48:15181|client:10.1.0.48:15180|dataStream:10.1.0.48:15183|priority:1|startupRole:FOLLOWER]|listeners:[], old=null
2023-09-07 08:57:13,397 [a34f2eca-ee32-4394-bb15-3b741437dcd0@group-CD47F4EA6070-LeaderElection33] INFO  impl.LeaderElection (LeaderElection.java:askForVotes(323)) - a34f2eca-ee32-4394-bb15-3b741437dcd0@group-CD47F4EA6070-LeaderElection33 PRE_VOTE round 0: result PASSED (term=0)
2023-09-07 08:57:13,399 [a34f2eca-ee32-4394-bb15-3b741437dcd0@group-CD47F4EA6070-LeaderElection33] INFO  impl.LeaderElection (LeaderElection.java:askForVotes(321)) - a34f2eca-ee32-4394-bb15-3b741437dcd0@group-CD47F4EA6070-LeaderElection33 ELECTION round 0: submit vote requests at term 1 for -1: peers:[a34f2eca-ee32-4394-bb15-3b741437dcd0|rpc:10.1.0.48:15182|admin:10.1.0.48:15181|client:10.1.0.48:15180|dataStream:10.1.0.48:15183|priority:1|startupRole:FOLLOWER]|listeners:[], old=null
2023-09-07 08:57:13,399 [a34f2eca-ee32-4394-bb15-3b741437dcd0@group-CD47F4EA6070-LeaderElection33] INFO  impl.LeaderElection (LeaderElection.java:askForVotes(323)) - a34f2eca-ee32-4394-bb15-3b741437dcd0@group-CD47F4EA6070-LeaderElection33 ELECTION round 0: result PASSED (term=1)
2023-09-07 08:57:13,399 [a34f2eca-ee32-4394-bb15-3b741437dcd0@group-CD47F4EA6070-LeaderElection33] INFO  impl.RoleInfo (RoleInfo.java:shutdownLeaderElection(130)) - a34f2eca-ee32-4394-bb15-3b741437dcd0: shutdown a34f2eca-ee32-4394-bb15-3b741437dcd0@group-CD47F4EA6070-LeaderElection33
2023-09-07 08:57:13,399 [a34f2eca-ee32-4394-bb15-3b741437dcd0@group-CD47F4EA6070-LeaderElection33] INFO  server.RaftServer$Division (RaftServerImpl.java:setRole(329)) - a34f2eca-ee32-4394-bb15-3b741437dcd0@group-CD47F4EA6070: changes role from CANDIDATE to LEADER at term 1 for changeToLeader
2023-09-07 08:57:13,399 [a34f2eca-ee32-4394-bb15-3b741437dcd0@group-CD47F4EA6070-LeaderElection33] INFO  ratis.XceiverServerRatis (XceiverServerRatis.java:handleLeaderChangedNotification(902)) - Leader change notification received for group: group-CD47F4EA6070 with new leaderId: a34f2eca-ee32-4394-bb15-3b741437dcd0
2023-09-07 08:57:13,399 [a34f2eca-ee32-4394-bb15-3b741437dcd0@group-CD47F4EA6070-LeaderElection33] INFO  server.RaftServer$Division (ServerState.java:setLeader(317)) - a34f2eca-ee32-4394-bb15-3b741437dcd0@group-CD47F4EA6070: change Leader from null to a34f2eca-ee32-4394-bb15-3b741437dcd0 at term 1 for becomeLeader, leader elected after 5212ms
2023-09-07 08:57:13,399 [a34f2eca-ee32-4394-bb15-3b741437dcd0@group-CD47F4EA6070-LeaderElection33] INFO  server.RaftServerConfigKeys (ConfUtils.java:logGet(46)) - raft.server.staging.catchup.gap = 1000 (default)
2023-09-07 08:57:13,400 [a34f2eca-ee32-4394-bb15-3b741437dcd0@group-CD47F4EA6070-LeaderElection33] INFO  server.RaftServerConfigKeys (ConfUtils.java:logGet(46)) - raft.server.write.element-limit = 1024 (custom)
2023-09-07 08:57:13,400 [a34f2eca-ee32-4394-bb15-3b741437dcd0@group-CD47F4EA6070-LeaderElection33] INFO  server.RaftServerConfigKeys (ConfUtils.java:logGet(46)) - raft.server.write.byte-limit = 1024 M (=1073741824) (custom)
2023-09-07 08:57:13,400 [a34f2eca-ee32-4394-bb15-3b741437dcd0@group-CD47F4EA6070-LeaderElection33] INFO  server.RaftServerConfigKeys (ConfUtils.java:logGet(46)) - raft.server.watch.timeout = 180s (custom)
2023-09-07 08:57:13,401 [a34f2eca-ee32-4394-bb15-3b741437dcd0@group-CD47F4EA6070-LeaderElection33] INFO  server.RaftServerConfigKeys (ConfUtils.java:logGet(46)) - raft.server.watch.timeout.denomination = 1s (default)
2023-09-07 08:57:13,401 [a34f2eca-ee32-4394-bb15-3b741437dcd0@group-CD47F4EA6070-LeaderElection33] INFO  server.RaftServerConfigKeys (ConfUtils.java:logGet(46)) - raft.server.watch.element-limit = 65536 (default)
2023-09-07 08:57:13,401 [a34f2eca-ee32-4394-bb15-3b741437dcd0@group-CD47F4EA6070-LeaderElection33] INFO  server.RaftServerConfigKeys (ConfUtils.java:logGet(46)) - raft.server.write.element-limit = 1024 (custom)
2023-09-07 08:57:13,401 [a34f2eca-ee32-4394-bb15-3b741437dcd0@group-CD47F4EA6070-LeaderElection33] INFO  server.RaftServerConfigKeys (ConfUtils.java:logGet(46)) - raft.server.write.follower.gap.ratio.max = -1.0 (default)
2023-09-07 08:57:13,401 [a34f2eca-ee32-4394-bb15-3b741437dcd0@group-CD47F4EA6070-LeaderElection33] INFO  impl.RoleInfo (RoleInfo.java:updateAndGet(139)) - a34f2eca-ee32-4394-bb15-3b741437dcd0: start a34f2eca-ee32-4394-bb15-3b741437dcd0@group-CD47F4EA6070-LeaderStateImpl
2023-09-07 08:57:13,401 [a34f2eca-ee32-4394-bb15-3b741437dcd0@group-CD47F4EA6070-LeaderElection33] INFO  segmented.SegmentedRaftLogWorker (SegmentedRaftLogWorker.java:startLogSegment(447)) - a34f2eca-ee32-4394-bb15-3b741437dcd0@group-CD47F4EA6070-SegmentedRaftLogWorker: Starting segment from index:0
2023-09-07 08:57:13,402 [a34f2eca-ee32-4394-bb15-3b741437dcd0@group-CD47F4EA6070-LeaderElection33] INFO  server.RaftServer$Division (ServerState.java:setRaftConf(434)) - a34f2eca-ee32-4394-bb15-3b741437dcd0@group-CD47F4EA6070: set configuration 0: peers:[a34f2eca-ee32-4394-bb15-3b741437dcd0|rpc:10.1.0.48:15182|admin:10.1.0.48:15181|client:10.1.0.48:15180|dataStream:10.1.0.48:15183|priority:1|startupRole:FOLLOWER]|listeners:[], old=null
2023-09-07 08:57:13,403 [a34f2eca-ee32-4394-bb15-3b741437dcd0@group-CD47F4EA6070-SegmentedRaftLogWorker] INFO  segmented.SegmentedRaftLogWorker (SegmentedRaftLogWorker.java:execute(651)) - a34f2eca-ee32-4394-bb15-3b741437dcd0@group-CD47F4EA6070-SegmentedRaftLogWorker: created new log segment /home/runner/work/ozone/ozone/hadoop-ozone/integration-test/target/test-dir/MiniOzoneClusterImpl-4f49b7df-1fbb-48bb-ad24-05a827c4b894/datanode-1/data/ratis/fce04628-a42e-4670-9423-cd47f4ea6070/current/log_inprogress_0
2023-09-07 08:57:13,560 [IPC Server handler 6 on default port 15160] WARN  node.SCMNodeManager (SCMNodeManager.java:getNodesByAddress(1373)) - Cannot find node for address 127.0.0.1
08:57:13.568 [IPC Server handler 5 on default port 15163] ERROR OMAudit - user=runner | ip=127.0.0.1 | op=READ_KEY {volume=volume04563, bucket=bucket31706, key=file_notexist, dataSize=0, replicationConfig=null} | ret=FAILURE
org.apache.hadoop.ozone.om.exceptions.OMException: Key:file_notexist not found
	at org.apache.hadoop.ozone.om.KeyManagerImpl.readKeyInfo(KeyManagerImpl.java:427) ~[ozone-manager-1.4.0-SNAPSHOT.jar:?]
	at org.apache.hadoop.ozone.om.KeyManagerImpl.lambda$9(KeyManagerImpl.java:1931) ~[ozone-manager-1.4.0-SNAPSHOT.jar:?]
	at org.apache.hadoop.util.MetricUtil.captureLatencyNs(MetricUtil.java:39) ~[hdds-common-1.4.0-SNAPSHOT.jar:?]
	at org.apache.hadoop.ozone.om.KeyManagerImpl.getKeyInfo(KeyManagerImpl.java:1929) ~[ozone-manager-1.4.0-SNAPSHOT.jar:?]
	at org.apache.hadoop.ozone.om.OmMetadataReader.getKeyInfo(OmMetadataReader.java:185) ~[ozone-manager-1.4.0-SNAPSHOT.jar:?]
	at org.apache.hadoop.ozone.om.OzoneManager.getKeyInfo(OzoneManager.java:2827) ~[ozone-manager-1.4.0-SNAPSHOT.jar:?]
	at org.apache.hadoop.ozone.protocolPB.OzoneManagerRequestHandler.getKeyInfo(OzoneManagerRequestHandler.java:585) ~[ozone-manager-1.4.0-SNAPSHOT.jar:?]
	at org.apache.hadoop.ozone.protocolPB.OzoneManagerRequestHandler.handleReadRequest(OzoneManagerRequestHandler.java:304) ~[ozone-manager-1.4.0-SNAPSHOT.jar:?]
	at org.apache.hadoop.ozone.protocolPB.OzoneManagerProtocolServerSideTranslatorPB.submitRequestDirectlyToOM(OzoneManagerProtocolServerSideTranslatorPB.java:274) ~[ozone-manager-1.4.0-SNAPSHOT.jar:?]
	at org.apache.hadoop.ozone.protocolPB.OzoneManagerProtocolServerSideTranslatorPB.processRequest(OzoneManagerProtocolServerSideTranslatorPB.java:175) ~[ozone-manager-1.4.0-SNAPSHOT.jar:?]
	at org.apache.hadoop.hdds.server.OzoneProtocolMessageDispatcher.processRequest(OzoneProtocolMessageDispatcher.java:87) [hdds-server-framework-1.4.0-SNAPSHOT.jar:?]
	at org.apache.hadoop.ozone.protocolPB.OzoneManagerProtocolServerSideTranslatorPB.submitRequest(OzoneManagerProtocolServerSideTranslatorPB.java:148) [ozone-manager-1.4.0-SNAPSHOT.jar:?]
	at org.apache.hadoop.ozone.protocol.proto.OzoneManagerProtocolProtos$OzoneManagerService$2.callBlockingMethod(OzoneManagerProtocolProtos.java) [ozone-interface-client-1.4.0-SNAPSHOT.jar:?]
	at org.apache.hadoop.ipc.ProtobufRpcEngine$Server.processCall(ProtobufRpcEngine.java:484) [hadoop-common-3.3.6.jar:?]
	at org.apache.hadoop.ipc.ProtobufRpcEngine2$Server$ProtoBufRpcInvoker.call(ProtobufRpcEngine2.java:595) [hadoop-common-3.3.6.jar:?]
	at org.apache.hadoop.ipc.ProtobufRpcEngine2$Server$ProtoBufRpcInvoker.call(ProtobufRpcEngine2.java:573) [hadoop-common-3.3.6.jar:?]
	at org.apache.hadoop.ipc.RPC$Server.call(RPC.java:1227) [hadoop-common-3.3.6.jar:?]
	at org.apache.hadoop.ipc.Server$RpcCall.run(Server.java:1094) [hadoop-common-3.3.6.jar:?]
	at org.apache.hadoop.ipc.Server$RpcCall.run(Server.java:1017) [hadoop-common-3.3.6.jar:?]
	at java.security.AccessController.doPrivileged(Native Method) ~[?:1.8.0_382]
	at javax.security.auth.Subject.doAs(Subject.java:422) [?:1.8.0_382]
	at org.apache.hadoop.security.UserGroupInformation.doAs(UserGroupInformation.java:1899) [hadoop-common-3.3.6.jar:?]
	at org.apache.hadoop.ipc.Server$Handler.run(Server.java:3048) [hadoop-common-3.3.6.jar:?]
]]></system-out>
  </testcase>
  <testcase name="testRenameFile" classname="TestOzoneFileSystem" time="0.219">
    <system-out><![CDATA[08:52:18.414 [IPC Server handler 3 on default port 15004] ERROR OMAudit - user=runner | ip=127.0.0.1 | op=GET_FILE_STATUS {volume=volume72881, bucket=bucket22361, key=root/file1, dataSize=0, replicationConfig=null} | ret=FAILURE
org.apache.hadoop.ozone.om.exceptions.OMException: Unable to get file status: volume: volume72881 bucket: bucket22361 key: root/file1
	at org.apache.hadoop.ozone.om.KeyManagerImpl.getOzoneFileStatus(KeyManagerImpl.java:1195) ~[ozone-manager-1.4.0-SNAPSHOT.jar:?]
	at org.apache.hadoop.ozone.om.KeyManagerImpl.getFileStatus(KeyManagerImpl.java:1113) ~[ozone-manager-1.4.0-SNAPSHOT.jar:?]
	at org.apache.hadoop.ozone.om.OmMetadataReader.getFileStatus(OmMetadataReader.java:262) ~[ozone-manager-1.4.0-SNAPSHOT.jar:?]
	at org.apache.hadoop.ozone.om.OzoneManager.getFileStatus(OzoneManager.java:3530) ~[ozone-manager-1.4.0-SNAPSHOT.jar:?]
	at org.apache.hadoop.ozone.protocolPB.OzoneManagerRequestHandler.getOzoneFileStatus(OzoneManagerRequestHandler.java:971) ~[ozone-manager-1.4.0-SNAPSHOT.jar:?]
	at org.apache.hadoop.ozone.protocolPB.OzoneManagerRequestHandler.handleReadRequest(OzoneManagerRequestHandler.java:250) ~[ozone-manager-1.4.0-SNAPSHOT.jar:?]
	at org.apache.hadoop.ozone.protocolPB.OzoneManagerProtocolServerSideTranslatorPB.submitReadRequestToOM(OzoneManagerProtocolServerSideTranslatorPB.java:225) ~[ozone-manager-1.4.0-SNAPSHOT.jar:?]
	at org.apache.hadoop.ozone.protocolPB.OzoneManagerProtocolServerSideTranslatorPB.processRequest(OzoneManagerProtocolServerSideTranslatorPB.java:179) ~[ozone-manager-1.4.0-SNAPSHOT.jar:?]
	at org.apache.hadoop.hdds.server.OzoneProtocolMessageDispatcher.processRequest(OzoneProtocolMessageDispatcher.java:87) [hdds-server-framework-1.4.0-SNAPSHOT.jar:?]
	at org.apache.hadoop.ozone.protocolPB.OzoneManagerProtocolServerSideTranslatorPB.submitRequest(OzoneManagerProtocolServerSideTranslatorPB.java:148) [ozone-manager-1.4.0-SNAPSHOT.jar:?]
	at org.apache.hadoop.ozone.protocol.proto.OzoneManagerProtocolProtos$OzoneManagerService$2.callBlockingMethod(OzoneManagerProtocolProtos.java) [ozone-interface-client-1.4.0-SNAPSHOT.jar:?]
	at org.apache.hadoop.ipc.ProtobufRpcEngine$Server.processCall(ProtobufRpcEngine.java:484) [hadoop-common-3.3.6.jar:?]
	at org.apache.hadoop.ipc.ProtobufRpcEngine2$Server$ProtoBufRpcInvoker.call(ProtobufRpcEngine2.java:595) [hadoop-common-3.3.6.jar:?]
	at org.apache.hadoop.ipc.ProtobufRpcEngine2$Server$ProtoBufRpcInvoker.call(ProtobufRpcEngine2.java:573) [hadoop-common-3.3.6.jar:?]
	at org.apache.hadoop.ipc.RPC$Server.call(RPC.java:1227) [hadoop-common-3.3.6.jar:?]
	at org.apache.hadoop.ipc.Server$RpcCall.run(Server.java:1094) [hadoop-common-3.3.6.jar:?]
	at org.apache.hadoop.ipc.Server$RpcCall.run(Server.java:1017) [hadoop-common-3.3.6.jar:?]
	at java.security.AccessController.doPrivileged(Native Method) ~[?:1.8.0_382]
	at javax.security.auth.Subject.doAs(Subject.java:422) [?:1.8.0_382]
	at org.apache.hadoop.security.UserGroupInformation.doAs(UserGroupInformation.java:1899) [hadoop-common-3.3.6.jar:?]
	at org.apache.hadoop.ipc.Server$Handler.run(Server.java:3048) [hadoop-common-3.3.6.jar:?]
]]></system-out>
  </testcase>
  <testcase name="testRenameFile" classname="TestOzoneFileSystem" time="0.046">
    <system-out><![CDATA[08:54:11.416 [IPC Server handler 1 on default port 15057] ERROR OMAudit - user=runner | ip=127.0.0.1 | op=GET_FILE_STATUS {volume=volume93671, bucket=bucket89282, key=root/file1, dataSize=0, replicationConfig=null} | ret=FAILURE
org.apache.hadoop.ozone.om.exceptions.OMException: Unable to get file status: volume: volume93671 bucket: bucket89282 key: root/file1
	at org.apache.hadoop.ozone.om.KeyManagerImpl.getOzoneFileStatus(KeyManagerImpl.java:1195) ~[ozone-manager-1.4.0-SNAPSHOT.jar:?]
	at org.apache.hadoop.ozone.om.KeyManagerImpl.getFileStatus(KeyManagerImpl.java:1113) ~[ozone-manager-1.4.0-SNAPSHOT.jar:?]
	at org.apache.hadoop.ozone.om.OmMetadataReader.getFileStatus(OmMetadataReader.java:262) ~[ozone-manager-1.4.0-SNAPSHOT.jar:?]
	at org.apache.hadoop.ozone.om.OzoneManager.getFileStatus(OzoneManager.java:3530) ~[ozone-manager-1.4.0-SNAPSHOT.jar:?]
	at org.apache.hadoop.ozone.protocolPB.OzoneManagerRequestHandler.getOzoneFileStatus(OzoneManagerRequestHandler.java:971) ~[ozone-manager-1.4.0-SNAPSHOT.jar:?]
	at org.apache.hadoop.ozone.protocolPB.OzoneManagerRequestHandler.handleReadRequest(OzoneManagerRequestHandler.java:250) ~[ozone-manager-1.4.0-SNAPSHOT.jar:?]
	at org.apache.hadoop.ozone.protocolPB.OzoneManagerProtocolServerSideTranslatorPB.submitRequestDirectlyToOM(OzoneManagerProtocolServerSideTranslatorPB.java:274) ~[ozone-manager-1.4.0-SNAPSHOT.jar:?]
	at org.apache.hadoop.ozone.protocolPB.OzoneManagerProtocolServerSideTranslatorPB.processRequest(OzoneManagerProtocolServerSideTranslatorPB.java:175) ~[ozone-manager-1.4.0-SNAPSHOT.jar:?]
	at org.apache.hadoop.hdds.server.OzoneProtocolMessageDispatcher.processRequest(OzoneProtocolMessageDispatcher.java:87) [hdds-server-framework-1.4.0-SNAPSHOT.jar:?]
	at org.apache.hadoop.ozone.protocolPB.OzoneManagerProtocolServerSideTranslatorPB.submitRequest(OzoneManagerProtocolServerSideTranslatorPB.java:148) [ozone-manager-1.4.0-SNAPSHOT.jar:?]
	at org.apache.hadoop.ozone.protocol.proto.OzoneManagerProtocolProtos$OzoneManagerService$2.callBlockingMethod(OzoneManagerProtocolProtos.java) [ozone-interface-client-1.4.0-SNAPSHOT.jar:?]
	at org.apache.hadoop.ipc.ProtobufRpcEngine$Server.processCall(ProtobufRpcEngine.java:484) [hadoop-common-3.3.6.jar:?]
	at org.apache.hadoop.ipc.ProtobufRpcEngine2$Server$ProtoBufRpcInvoker.call(ProtobufRpcEngine2.java:595) [hadoop-common-3.3.6.jar:?]
	at org.apache.hadoop.ipc.ProtobufRpcEngine2$Server$ProtoBufRpcInvoker.call(ProtobufRpcEngine2.java:573) [hadoop-common-3.3.6.jar:?]
	at org.apache.hadoop.ipc.RPC$Server.call(RPC.java:1227) [hadoop-common-3.3.6.jar:?]
	at org.apache.hadoop.ipc.Server$RpcCall.run(Server.java:1094) [hadoop-common-3.3.6.jar:?]
	at org.apache.hadoop.ipc.Server$RpcCall.run(Server.java:1017) [hadoop-common-3.3.6.jar:?]
	at java.security.AccessController.doPrivileged(Native Method) ~[?:1.8.0_382]
	at javax.security.auth.Subject.doAs(Subject.java:422) [?:1.8.0_382]
	at org.apache.hadoop.security.UserGroupInformation.doAs(UserGroupInformation.java:1899) [hadoop-common-3.3.6.jar:?]
	at org.apache.hadoop.ipc.Server$Handler.run(Server.java:3048) [hadoop-common-3.3.6.jar:?]
]]></system-out>
  </testcase>
  <testcase name="testRenameFile" classname="TestOzoneFileSystem" time="0.049">
    <system-out><![CDATA[08:55:36.334 [IPC Server handler 1 on default port 15110] ERROR OMAudit - user=runner | ip=127.0.0.1 | op=GET_FILE_STATUS {volume=volume76246, bucket=bucket29151, key=root/file1, dataSize=0, replicationConfig=null} | ret=FAILURE
org.apache.hadoop.ozone.om.exceptions.OMException: Unable to get file status: volume: volume76246 bucket: bucket29151 key: root/file1
	at org.apache.hadoop.ozone.om.KeyManagerImpl.getOzoneFileStatus(KeyManagerImpl.java:1195) ~[ozone-manager-1.4.0-SNAPSHOT.jar:?]
	at org.apache.hadoop.ozone.om.KeyManagerImpl.getFileStatus(KeyManagerImpl.java:1113) ~[ozone-manager-1.4.0-SNAPSHOT.jar:?]
	at org.apache.hadoop.ozone.om.OmMetadataReader.getFileStatus(OmMetadataReader.java:262) ~[ozone-manager-1.4.0-SNAPSHOT.jar:?]
	at org.apache.hadoop.ozone.om.OzoneManager.getFileStatus(OzoneManager.java:3530) ~[ozone-manager-1.4.0-SNAPSHOT.jar:?]
	at org.apache.hadoop.ozone.protocolPB.OzoneManagerRequestHandler.getOzoneFileStatus(OzoneManagerRequestHandler.java:971) ~[ozone-manager-1.4.0-SNAPSHOT.jar:?]
	at org.apache.hadoop.ozone.protocolPB.OzoneManagerRequestHandler.handleReadRequest(OzoneManagerRequestHandler.java:250) ~[ozone-manager-1.4.0-SNAPSHOT.jar:?]
	at org.apache.hadoop.ozone.protocolPB.OzoneManagerProtocolServerSideTranslatorPB.submitReadRequestToOM(OzoneManagerProtocolServerSideTranslatorPB.java:225) ~[ozone-manager-1.4.0-SNAPSHOT.jar:?]
	at org.apache.hadoop.ozone.protocolPB.OzoneManagerProtocolServerSideTranslatorPB.processRequest(OzoneManagerProtocolServerSideTranslatorPB.java:179) ~[ozone-manager-1.4.0-SNAPSHOT.jar:?]
	at org.apache.hadoop.hdds.server.OzoneProtocolMessageDispatcher.processRequest(OzoneProtocolMessageDispatcher.java:87) [hdds-server-framework-1.4.0-SNAPSHOT.jar:?]
	at org.apache.hadoop.ozone.protocolPB.OzoneManagerProtocolServerSideTranslatorPB.submitRequest(OzoneManagerProtocolServerSideTranslatorPB.java:148) [ozone-manager-1.4.0-SNAPSHOT.jar:?]
	at org.apache.hadoop.ozone.protocol.proto.OzoneManagerProtocolProtos$OzoneManagerService$2.callBlockingMethod(OzoneManagerProtocolProtos.java) [ozone-interface-client-1.4.0-SNAPSHOT.jar:?]
	at org.apache.hadoop.ipc.ProtobufRpcEngine$Server.processCall(ProtobufRpcEngine.java:484) [hadoop-common-3.3.6.jar:?]
	at org.apache.hadoop.ipc.ProtobufRpcEngine2$Server$ProtoBufRpcInvoker.call(ProtobufRpcEngine2.java:595) [hadoop-common-3.3.6.jar:?]
	at org.apache.hadoop.ipc.ProtobufRpcEngine2$Server$ProtoBufRpcInvoker.call(ProtobufRpcEngine2.java:573) [hadoop-common-3.3.6.jar:?]
	at org.apache.hadoop.ipc.RPC$Server.call(RPC.java:1227) [hadoop-common-3.3.6.jar:?]
	at org.apache.hadoop.ipc.Server$RpcCall.run(Server.java:1094) [hadoop-common-3.3.6.jar:?]
	at org.apache.hadoop.ipc.Server$RpcCall.run(Server.java:1017) [hadoop-common-3.3.6.jar:?]
	at java.security.AccessController.doPrivileged(Native Method) ~[?:1.8.0_382]
	at javax.security.auth.Subject.doAs(Subject.java:422) [?:1.8.0_382]
	at org.apache.hadoop.security.UserGroupInformation.doAs(UserGroupInformation.java:1899) [hadoop-common-3.3.6.jar:?]
	at org.apache.hadoop.ipc.Server$Handler.run(Server.java:3048) [hadoop-common-3.3.6.jar:?]
]]></system-out>
  </testcase>
  <testcase name="testRenameFile" classname="TestOzoneFileSystem" time="0.041">
    <system-out><![CDATA[08:57:13.589 [IPC Server handler 15 on default port 15163] ERROR OMAudit - user=runner | ip=127.0.0.1 | op=GET_FILE_STATUS {volume=volume04563, bucket=bucket31706, key=root/file1, dataSize=0, replicationConfig=null} | ret=FAILURE
org.apache.hadoop.ozone.om.exceptions.OMException: Unable to get file status: volume: volume04563 bucket: bucket31706 key: root/file1
	at org.apache.hadoop.ozone.om.KeyManagerImpl.getOzoneFileStatus(KeyManagerImpl.java:1195) ~[ozone-manager-1.4.0-SNAPSHOT.jar:?]
	at org.apache.hadoop.ozone.om.KeyManagerImpl.getFileStatus(KeyManagerImpl.java:1113) ~[ozone-manager-1.4.0-SNAPSHOT.jar:?]
	at org.apache.hadoop.ozone.om.OmMetadataReader.getFileStatus(OmMetadataReader.java:262) ~[ozone-manager-1.4.0-SNAPSHOT.jar:?]
	at org.apache.hadoop.ozone.om.OzoneManager.getFileStatus(OzoneManager.java:3530) ~[ozone-manager-1.4.0-SNAPSHOT.jar:?]
	at org.apache.hadoop.ozone.protocolPB.OzoneManagerRequestHandler.getOzoneFileStatus(OzoneManagerRequestHandler.java:971) ~[ozone-manager-1.4.0-SNAPSHOT.jar:?]
	at org.apache.hadoop.ozone.protocolPB.OzoneManagerRequestHandler.handleReadRequest(OzoneManagerRequestHandler.java:250) ~[ozone-manager-1.4.0-SNAPSHOT.jar:?]
	at org.apache.hadoop.ozone.protocolPB.OzoneManagerProtocolServerSideTranslatorPB.submitRequestDirectlyToOM(OzoneManagerProtocolServerSideTranslatorPB.java:274) ~[ozone-manager-1.4.0-SNAPSHOT.jar:?]
	at org.apache.hadoop.ozone.protocolPB.OzoneManagerProtocolServerSideTranslatorPB.processRequest(OzoneManagerProtocolServerSideTranslatorPB.java:175) ~[ozone-manager-1.4.0-SNAPSHOT.jar:?]
	at org.apache.hadoop.hdds.server.OzoneProtocolMessageDispatcher.processRequest(OzoneProtocolMessageDispatcher.java:87) [hdds-server-framework-1.4.0-SNAPSHOT.jar:?]
	at org.apache.hadoop.ozone.protocolPB.OzoneManagerProtocolServerSideTranslatorPB.submitRequest(OzoneManagerProtocolServerSideTranslatorPB.java:148) [ozone-manager-1.4.0-SNAPSHOT.jar:?]
	at org.apache.hadoop.ozone.protocol.proto.OzoneManagerProtocolProtos$OzoneManagerService$2.callBlockingMethod(OzoneManagerProtocolProtos.java) [ozone-interface-client-1.4.0-SNAPSHOT.jar:?]
	at org.apache.hadoop.ipc.ProtobufRpcEngine$Server.processCall(ProtobufRpcEngine.java:484) [hadoop-common-3.3.6.jar:?]
	at org.apache.hadoop.ipc.ProtobufRpcEngine2$Server$ProtoBufRpcInvoker.call(ProtobufRpcEngine2.java:595) [hadoop-common-3.3.6.jar:?]
	at org.apache.hadoop.ipc.ProtobufRpcEngine2$Server$ProtoBufRpcInvoker.call(ProtobufRpcEngine2.java:573) [hadoop-common-3.3.6.jar:?]
	at org.apache.hadoop.ipc.RPC$Server.call(RPC.java:1227) [hadoop-common-3.3.6.jar:?]
	at org.apache.hadoop.ipc.Server$RpcCall.run(Server.java:1094) [hadoop-common-3.3.6.jar:?]
	at org.apache.hadoop.ipc.Server$RpcCall.run(Server.java:1017) [hadoop-common-3.3.6.jar:?]
	at java.security.AccessController.doPrivileged(Native Method) ~[?:1.8.0_382]
	at javax.security.auth.Subject.doAs(Subject.java:422) [?:1.8.0_382]
	at org.apache.hadoop.security.UserGroupInformation.doAs(UserGroupInformation.java:1899) [hadoop-common-3.3.6.jar:?]
	at org.apache.hadoop.ipc.Server$Handler.run(Server.java:3048) [hadoop-common-3.3.6.jar:?]
]]></system-out>
  </testcase>
  <testcase name="testRenameDir" classname="TestOzoneFileSystem" time="0.095">
    <system-out><![CDATA[2023-09-07 08:52:18,581 [Time-limited test] INFO  ozone.TestOzoneFileSystem (TestOzoneFileSystem.java:testRenameDir(1438)) - Created dir o3fs://bucket22361.volume72881/root_dir/dir1/sub_dir1
2023-09-07 08:52:18,581 [Time-limited test] INFO  ozone.TestOzoneFileSystem (TestOzoneFileSystem.java:testRenameDir(1439)) - Will move o3fs://bucket22361.volume72881/root_dir/dir1 to o3fs://bucket22361.volume72881/root_dir/dir1.renamed
08:52:18.588 [IPC Server handler 6 on default port 15004] ERROR OMAudit - user=runner | ip=127.0.0.1 | op=GET_FILE_STATUS {volume=volume72881, bucket=bucket22361, key=root_dir/dir1.renamed, dataSize=0, replicationConfig=null} | ret=FAILURE
org.apache.hadoop.ozone.om.exceptions.OMException: Unable to get file status: volume: volume72881 bucket: bucket22361 key: root_dir/dir1.renamed
	at org.apache.hadoop.ozone.om.KeyManagerImpl.getOzoneFileStatus(KeyManagerImpl.java:1195) ~[ozone-manager-1.4.0-SNAPSHOT.jar:?]
	at org.apache.hadoop.ozone.om.KeyManagerImpl.getFileStatus(KeyManagerImpl.java:1113) ~[ozone-manager-1.4.0-SNAPSHOT.jar:?]
	at org.apache.hadoop.ozone.om.OmMetadataReader.getFileStatus(OmMetadataReader.java:262) ~[ozone-manager-1.4.0-SNAPSHOT.jar:?]
	at org.apache.hadoop.ozone.om.OzoneManager.getFileStatus(OzoneManager.java:3530) ~[ozone-manager-1.4.0-SNAPSHOT.jar:?]
	at org.apache.hadoop.ozone.protocolPB.OzoneManagerRequestHandler.getOzoneFileStatus(OzoneManagerRequestHandler.java:971) ~[ozone-manager-1.4.0-SNAPSHOT.jar:?]
	at org.apache.hadoop.ozone.protocolPB.OzoneManagerRequestHandler.handleReadRequest(OzoneManagerRequestHandler.java:250) ~[ozone-manager-1.4.0-SNAPSHOT.jar:?]
	at org.apache.hadoop.ozone.protocolPB.OzoneManagerProtocolServerSideTranslatorPB.submitReadRequestToOM(OzoneManagerProtocolServerSideTranslatorPB.java:225) ~[ozone-manager-1.4.0-SNAPSHOT.jar:?]
	at org.apache.hadoop.ozone.protocolPB.OzoneManagerProtocolServerSideTranslatorPB.processRequest(OzoneManagerProtocolServerSideTranslatorPB.java:179) ~[ozone-manager-1.4.0-SNAPSHOT.jar:?]
	at org.apache.hadoop.hdds.server.OzoneProtocolMessageDispatcher.processRequest(OzoneProtocolMessageDispatcher.java:87) [hdds-server-framework-1.4.0-SNAPSHOT.jar:?]
	at org.apache.hadoop.ozone.protocolPB.OzoneManagerProtocolServerSideTranslatorPB.submitRequest(OzoneManagerProtocolServerSideTranslatorPB.java:148) [ozone-manager-1.4.0-SNAPSHOT.jar:?]
	at org.apache.hadoop.ozone.protocol.proto.OzoneManagerProtocolProtos$OzoneManagerService$2.callBlockingMethod(OzoneManagerProtocolProtos.java) [ozone-interface-client-1.4.0-SNAPSHOT.jar:?]
	at org.apache.hadoop.ipc.ProtobufRpcEngine$Server.processCall(ProtobufRpcEngine.java:484) [hadoop-common-3.3.6.jar:?]
	at org.apache.hadoop.ipc.ProtobufRpcEngine2$Server$ProtoBufRpcInvoker.call(ProtobufRpcEngine2.java:595) [hadoop-common-3.3.6.jar:?]
	at org.apache.hadoop.ipc.ProtobufRpcEngine2$Server$ProtoBufRpcInvoker.call(ProtobufRpcEngine2.java:573) [hadoop-common-3.3.6.jar:?]
	at org.apache.hadoop.ipc.RPC$Server.call(RPC.java:1227) [hadoop-common-3.3.6.jar:?]
	at org.apache.hadoop.ipc.Server$RpcCall.run(Server.java:1094) [hadoop-common-3.3.6.jar:?]
	at org.apache.hadoop.ipc.Server$RpcCall.run(Server.java:1017) [hadoop-common-3.3.6.jar:?]
	at java.security.AccessController.doPrivileged(Native Method) ~[?:1.8.0_382]
	at javax.security.auth.Subject.doAs(Subject.java:422) [?:1.8.0_382]
	at org.apache.hadoop.security.UserGroupInformation.doAs(UserGroupInformation.java:1899) [hadoop-common-3.3.6.jar:?]
	at org.apache.hadoop.ipc.Server$Handler.run(Server.java:3048) [hadoop-common-3.3.6.jar:?]
]]></system-out>
  </testcase>
  <testcase name="testRenameDir" classname="TestOzoneFileSystem" time="0.026">
    <system-out><![CDATA[2023-09-07 08:54:11,453 [Time-limited test] INFO  ozone.TestOzoneFileSystem (TestOzoneFileSystem.java:testRenameDir(1438)) - Created dir o3fs://bucket89282.volume93671/root_dir/dir1/sub_dir1
2023-09-07 08:54:11,453 [Time-limited test] INFO  ozone.TestOzoneFileSystem (TestOzoneFileSystem.java:testRenameDir(1439)) - Will move o3fs://bucket89282.volume93671/root_dir/dir1 to o3fs://bucket89282.volume93671/root_dir/dir1.renamed
08:54:11.455 [IPC Server handler 12 on default port 15057] ERROR OMAudit - user=runner | ip=127.0.0.1 | op=GET_FILE_STATUS {volume=volume93671, bucket=bucket89282, key=root_dir/dir1.renamed, dataSize=0, replicationConfig=null} | ret=FAILURE
org.apache.hadoop.ozone.om.exceptions.OMException: Unable to get file status: volume: volume93671 bucket: bucket89282 key: root_dir/dir1.renamed
	at org.apache.hadoop.ozone.om.KeyManagerImpl.getOzoneFileStatus(KeyManagerImpl.java:1195) ~[ozone-manager-1.4.0-SNAPSHOT.jar:?]
	at org.apache.hadoop.ozone.om.KeyManagerImpl.getFileStatus(KeyManagerImpl.java:1113) ~[ozone-manager-1.4.0-SNAPSHOT.jar:?]
	at org.apache.hadoop.ozone.om.OmMetadataReader.getFileStatus(OmMetadataReader.java:262) ~[ozone-manager-1.4.0-SNAPSHOT.jar:?]
	at org.apache.hadoop.ozone.om.OzoneManager.getFileStatus(OzoneManager.java:3530) ~[ozone-manager-1.4.0-SNAPSHOT.jar:?]
	at org.apache.hadoop.ozone.protocolPB.OzoneManagerRequestHandler.getOzoneFileStatus(OzoneManagerRequestHandler.java:971) ~[ozone-manager-1.4.0-SNAPSHOT.jar:?]
	at org.apache.hadoop.ozone.protocolPB.OzoneManagerRequestHandler.handleReadRequest(OzoneManagerRequestHandler.java:250) ~[ozone-manager-1.4.0-SNAPSHOT.jar:?]
	at org.apache.hadoop.ozone.protocolPB.OzoneManagerProtocolServerSideTranslatorPB.submitRequestDirectlyToOM(OzoneManagerProtocolServerSideTranslatorPB.java:274) ~[ozone-manager-1.4.0-SNAPSHOT.jar:?]
	at org.apache.hadoop.ozone.protocolPB.OzoneManagerProtocolServerSideTranslatorPB.processRequest(OzoneManagerProtocolServerSideTranslatorPB.java:175) ~[ozone-manager-1.4.0-SNAPSHOT.jar:?]
	at org.apache.hadoop.hdds.server.OzoneProtocolMessageDispatcher.processRequest(OzoneProtocolMessageDispatcher.java:87) [hdds-server-framework-1.4.0-SNAPSHOT.jar:?]
	at org.apache.hadoop.ozone.protocolPB.OzoneManagerProtocolServerSideTranslatorPB.submitRequest(OzoneManagerProtocolServerSideTranslatorPB.java:148) [ozone-manager-1.4.0-SNAPSHOT.jar:?]
	at org.apache.hadoop.ozone.protocol.proto.OzoneManagerProtocolProtos$OzoneManagerService$2.callBlockingMethod(OzoneManagerProtocolProtos.java) [ozone-interface-client-1.4.0-SNAPSHOT.jar:?]
	at org.apache.hadoop.ipc.ProtobufRpcEngine$Server.processCall(ProtobufRpcEngine.java:484) [hadoop-common-3.3.6.jar:?]
	at org.apache.hadoop.ipc.ProtobufRpcEngine2$Server$ProtoBufRpcInvoker.call(ProtobufRpcEngine2.java:595) [hadoop-common-3.3.6.jar:?]
	at org.apache.hadoop.ipc.ProtobufRpcEngine2$Server$ProtoBufRpcInvoker.call(ProtobufRpcEngine2.java:573) [hadoop-common-3.3.6.jar:?]
	at org.apache.hadoop.ipc.RPC$Server.call(RPC.java:1227) [hadoop-common-3.3.6.jar:?]
	at org.apache.hadoop.ipc.Server$RpcCall.run(Server.java:1094) [hadoop-common-3.3.6.jar:?]
	at org.apache.hadoop.ipc.Server$RpcCall.run(Server.java:1017) [hadoop-common-3.3.6.jar:?]
	at java.security.AccessController.doPrivileged(Native Method) ~[?:1.8.0_382]
	at javax.security.auth.Subject.doAs(Subject.java:422) [?:1.8.0_382]
	at org.apache.hadoop.security.UserGroupInformation.doAs(UserGroupInformation.java:1899) [hadoop-common-3.3.6.jar:?]
	at org.apache.hadoop.ipc.Server$Handler.run(Server.java:3048) [hadoop-common-3.3.6.jar:?]
]]></system-out>
  </testcase>
  <testcase name="testRenameDir" classname="TestOzoneFileSystem" time="0.029">
    <system-out><![CDATA[2023-09-07 08:55:36,367 [Time-limited test] INFO  ozone.TestOzoneFileSystem (TestOzoneFileSystem.java:testRenameDir(1438)) - Created dir o3fs://bucket29151.volume76246/root_dir/dir1/sub_dir1
2023-09-07 08:55:36,367 [Time-limited test] INFO  ozone.TestOzoneFileSystem (TestOzoneFileSystem.java:testRenameDir(1439)) - Will move o3fs://bucket29151.volume76246/root_dir/dir1 to o3fs://bucket29151.volume76246/root_dir/dir1.renamed
08:55:36.368 [IPC Server handler 9 on default port 15110] ERROR OMAudit - user=runner | ip=127.0.0.1 | op=GET_FILE_STATUS {volume=volume76246, bucket=bucket29151, key=root_dir/dir1.renamed, dataSize=0, replicationConfig=null} | ret=FAILURE
org.apache.hadoop.ozone.om.exceptions.OMException: Unable to get file status: volume: volume76246 bucket: bucket29151 key: root_dir/dir1.renamed
	at org.apache.hadoop.ozone.om.KeyManagerImpl.getOzoneFileStatus(KeyManagerImpl.java:1195) ~[ozone-manager-1.4.0-SNAPSHOT.jar:?]
	at org.apache.hadoop.ozone.om.KeyManagerImpl.getFileStatus(KeyManagerImpl.java:1113) ~[ozone-manager-1.4.0-SNAPSHOT.jar:?]
	at org.apache.hadoop.ozone.om.OmMetadataReader.getFileStatus(OmMetadataReader.java:262) ~[ozone-manager-1.4.0-SNAPSHOT.jar:?]
	at org.apache.hadoop.ozone.om.OzoneManager.getFileStatus(OzoneManager.java:3530) ~[ozone-manager-1.4.0-SNAPSHOT.jar:?]
	at org.apache.hadoop.ozone.protocolPB.OzoneManagerRequestHandler.getOzoneFileStatus(OzoneManagerRequestHandler.java:971) ~[ozone-manager-1.4.0-SNAPSHOT.jar:?]
	at org.apache.hadoop.ozone.protocolPB.OzoneManagerRequestHandler.handleReadRequest(OzoneManagerRequestHandler.java:250) ~[ozone-manager-1.4.0-SNAPSHOT.jar:?]
	at org.apache.hadoop.ozone.protocolPB.OzoneManagerProtocolServerSideTranslatorPB.submitReadRequestToOM(OzoneManagerProtocolServerSideTranslatorPB.java:225) ~[ozone-manager-1.4.0-SNAPSHOT.jar:?]
	at org.apache.hadoop.ozone.protocolPB.OzoneManagerProtocolServerSideTranslatorPB.processRequest(OzoneManagerProtocolServerSideTranslatorPB.java:179) ~[ozone-manager-1.4.0-SNAPSHOT.jar:?]
	at org.apache.hadoop.hdds.server.OzoneProtocolMessageDispatcher.processRequest(OzoneProtocolMessageDispatcher.java:87) [hdds-server-framework-1.4.0-SNAPSHOT.jar:?]
	at org.apache.hadoop.ozone.protocolPB.OzoneManagerProtocolServerSideTranslatorPB.submitRequest(OzoneManagerProtocolServerSideTranslatorPB.java:148) [ozone-manager-1.4.0-SNAPSHOT.jar:?]
	at org.apache.hadoop.ozone.protocol.proto.OzoneManagerProtocolProtos$OzoneManagerService$2.callBlockingMethod(OzoneManagerProtocolProtos.java) [ozone-interface-client-1.4.0-SNAPSHOT.jar:?]
	at org.apache.hadoop.ipc.ProtobufRpcEngine$Server.processCall(ProtobufRpcEngine.java:484) [hadoop-common-3.3.6.jar:?]
	at org.apache.hadoop.ipc.ProtobufRpcEngine2$Server$ProtoBufRpcInvoker.call(ProtobufRpcEngine2.java:595) [hadoop-common-3.3.6.jar:?]
	at org.apache.hadoop.ipc.ProtobufRpcEngine2$Server$ProtoBufRpcInvoker.call(ProtobufRpcEngine2.java:573) [hadoop-common-3.3.6.jar:?]
	at org.apache.hadoop.ipc.RPC$Server.call(RPC.java:1227) [hadoop-common-3.3.6.jar:?]
	at org.apache.hadoop.ipc.Server$RpcCall.run(Server.java:1094) [hadoop-common-3.3.6.jar:?]
	at org.apache.hadoop.ipc.Server$RpcCall.run(Server.java:1017) [hadoop-common-3.3.6.jar:?]
	at java.security.AccessController.doPrivileged(Native Method) ~[?:1.8.0_382]
	at javax.security.auth.Subject.doAs(Subject.java:422) [?:1.8.0_382]
	at org.apache.hadoop.security.UserGroupInformation.doAs(UserGroupInformation.java:1899) [hadoop-common-3.3.6.jar:?]
	at org.apache.hadoop.ipc.Server$Handler.run(Server.java:3048) [hadoop-common-3.3.6.jar:?]
]]></system-out>
  </testcase>
  <testcase name="testRenameDir" classname="TestOzoneFileSystem" time="0.021">
    <system-out><![CDATA[2023-09-07 08:57:13,619 [Time-limited test] INFO  ozone.TestOzoneFileSystem (TestOzoneFileSystem.java:testRenameDir(1438)) - Created dir o3fs://bucket31706.volume04563/root_dir/dir1/sub_dir1
2023-09-07 08:57:13,619 [Time-limited test] INFO  ozone.TestOzoneFileSystem (TestOzoneFileSystem.java:testRenameDir(1439)) - Will move o3fs://bucket31706.volume04563/root_dir/dir1 to o3fs://bucket31706.volume04563/root_dir/dir1.renamed
08:57:13.621 [IPC Server handler 18 on default port 15163] ERROR OMAudit - user=runner | ip=127.0.0.1 | op=GET_FILE_STATUS {volume=volume04563, bucket=bucket31706, key=root_dir/dir1.renamed, dataSize=0, replicationConfig=null} | ret=FAILURE
org.apache.hadoop.ozone.om.exceptions.OMException: Unable to get file status: volume: volume04563 bucket: bucket31706 key: root_dir/dir1.renamed
	at org.apache.hadoop.ozone.om.KeyManagerImpl.getOzoneFileStatus(KeyManagerImpl.java:1195) ~[ozone-manager-1.4.0-SNAPSHOT.jar:?]
	at org.apache.hadoop.ozone.om.KeyManagerImpl.getFileStatus(KeyManagerImpl.java:1113) ~[ozone-manager-1.4.0-SNAPSHOT.jar:?]
	at org.apache.hadoop.ozone.om.OmMetadataReader.getFileStatus(OmMetadataReader.java:262) ~[ozone-manager-1.4.0-SNAPSHOT.jar:?]
	at org.apache.hadoop.ozone.om.OzoneManager.getFileStatus(OzoneManager.java:3530) ~[ozone-manager-1.4.0-SNAPSHOT.jar:?]
	at org.apache.hadoop.ozone.protocolPB.OzoneManagerRequestHandler.getOzoneFileStatus(OzoneManagerRequestHandler.java:971) ~[ozone-manager-1.4.0-SNAPSHOT.jar:?]
	at org.apache.hadoop.ozone.protocolPB.OzoneManagerRequestHandler.handleReadRequest(OzoneManagerRequestHandler.java:250) ~[ozone-manager-1.4.0-SNAPSHOT.jar:?]
	at org.apache.hadoop.ozone.protocolPB.OzoneManagerProtocolServerSideTranslatorPB.submitRequestDirectlyToOM(OzoneManagerProtocolServerSideTranslatorPB.java:274) ~[ozone-manager-1.4.0-SNAPSHOT.jar:?]
	at org.apache.hadoop.ozone.protocolPB.OzoneManagerProtocolServerSideTranslatorPB.processRequest(OzoneManagerProtocolServerSideTranslatorPB.java:175) ~[ozone-manager-1.4.0-SNAPSHOT.jar:?]
	at org.apache.hadoop.hdds.server.OzoneProtocolMessageDispatcher.processRequest(OzoneProtocolMessageDispatcher.java:87) [hdds-server-framework-1.4.0-SNAPSHOT.jar:?]
	at org.apache.hadoop.ozone.protocolPB.OzoneManagerProtocolServerSideTranslatorPB.submitRequest(OzoneManagerProtocolServerSideTranslatorPB.java:148) [ozone-manager-1.4.0-SNAPSHOT.jar:?]
	at org.apache.hadoop.ozone.protocol.proto.OzoneManagerProtocolProtos$OzoneManagerService$2.callBlockingMethod(OzoneManagerProtocolProtos.java) [ozone-interface-client-1.4.0-SNAPSHOT.jar:?]
	at org.apache.hadoop.ipc.ProtobufRpcEngine$Server.processCall(ProtobufRpcEngine.java:484) [hadoop-common-3.3.6.jar:?]
	at org.apache.hadoop.ipc.ProtobufRpcEngine2$Server$ProtoBufRpcInvoker.call(ProtobufRpcEngine2.java:595) [hadoop-common-3.3.6.jar:?]
	at org.apache.hadoop.ipc.ProtobufRpcEngine2$Server$ProtoBufRpcInvoker.call(ProtobufRpcEngine2.java:573) [hadoop-common-3.3.6.jar:?]
	at org.apache.hadoop.ipc.RPC$Server.call(RPC.java:1227) [hadoop-common-3.3.6.jar:?]
	at org.apache.hadoop.ipc.Server$RpcCall.run(Server.java:1094) [hadoop-common-3.3.6.jar:?]
	at org.apache.hadoop.ipc.Server$RpcCall.run(Server.java:1017) [hadoop-common-3.3.6.jar:?]
	at java.security.AccessController.doPrivileged(Native Method) ~[?:1.8.0_382]
	at javax.security.auth.Subject.doAs(Subject.java:422) [?:1.8.0_382]
	at org.apache.hadoop.security.UserGroupInformation.doAs(UserGroupInformation.java:1899) [hadoop-common-3.3.6.jar:?]
	at org.apache.hadoop.ipc.Server$Handler.run(Server.java:3048) [hadoop-common-3.3.6.jar:?]
]]></system-out>
  </testcase>
  <testcase name="testListStatusIteratorOnSubDirs" classname="TestOzoneFileSystem" time="0.121"/>
  <testcase name="testListStatusIteratorOnSubDirs" classname="TestOzoneFileSystem" time="0.047"/>
  <testcase name="testListStatusIteratorOnSubDirs" classname="TestOzoneFileSystem" time="0.032"/>
  <testcase name="testListStatusIteratorOnSubDirs" classname="TestOzoneFileSystem" time="0.02"/>
  <testcase name="testAllocateMoreThanOneBlock" classname="TestOzoneFileSystem" time="0.65">
    <system-out><![CDATA[2023-09-07 08:52:19,403 [IPC Server handler 9 on default port 15001] WARN  node.SCMNodeManager (SCMNodeManager.java:getNodesByAddress(1373)) - Cannot find node for address 127.0.0.1
]]></system-out>
  </testcase>
  <testcase name="testAllocateMoreThanOneBlock" classname="TestOzoneFileSystem" time="0.519">
    <system-out><![CDATA[2023-09-07 08:54:11,870 [92b1db46-ede6-4b54-a196-785743adb798@group-4BA21314729C-FollowerState] INFO  impl.FollowerState (FollowerState.java:run(143)) - 92b1db46-ede6-4b54-a196-785743adb798@group-4BA21314729C-FollowerState: change to CANDIDATE, lastRpcElapsedTime:5206224412ns, electionTimeout:5200ms
2023-09-07 08:54:11,870 [92b1db46-ede6-4b54-a196-785743adb798@group-4BA21314729C-FollowerState] INFO  impl.RoleInfo (RoleInfo.java:shutdownFollowerState(110)) - 92b1db46-ede6-4b54-a196-785743adb798: shutdown 92b1db46-ede6-4b54-a196-785743adb798@group-4BA21314729C-FollowerState
2023-09-07 08:54:11,870 [92b1db46-ede6-4b54-a196-785743adb798@group-4BA21314729C-FollowerState] INFO  server.RaftServer$Division (RaftServerImpl.java:setRole(329)) - 92b1db46-ede6-4b54-a196-785743adb798@group-4BA21314729C: changes role from  FOLLOWER to CANDIDATE at term 0 for changeToCandidate
2023-09-07 08:54:11,876 [92b1db46-ede6-4b54-a196-785743adb798@group-4BA21314729C-FollowerState] INFO  server.RaftServerConfigKeys (ConfUtils.java:logGet(46)) - raft.server.leaderelection.pre-vote = true (default)
2023-09-07 08:54:11,876 [92b1db46-ede6-4b54-a196-785743adb798@group-4BA21314729C-FollowerState] INFO  impl.RoleInfo (RoleInfo.java:updateAndGet(139)) - 92b1db46-ede6-4b54-a196-785743adb798: start 92b1db46-ede6-4b54-a196-785743adb798@group-4BA21314729C-LeaderElection17
2023-09-07 08:54:11,907 [92b1db46-ede6-4b54-a196-785743adb798@group-4BA21314729C-LeaderElection17] INFO  impl.LeaderElection (LeaderElection.java:askForVotes(321)) - 92b1db46-ede6-4b54-a196-785743adb798@group-4BA21314729C-LeaderElection17 PRE_VOTE round 0: submit vote requests at term 0 for -1: peers:[92b1db46-ede6-4b54-a196-785743adb798|rpc:10.1.0.48:15094|admin:10.1.0.48:15093|client:10.1.0.48:15092|dataStream:10.1.0.48:15095|priority:1|startupRole:FOLLOWER]|listeners:[], old=null
2023-09-07 08:54:11,907 [92b1db46-ede6-4b54-a196-785743adb798@group-4BA21314729C-LeaderElection17] INFO  impl.LeaderElection (LeaderElection.java:askForVotes(323)) - 92b1db46-ede6-4b54-a196-785743adb798@group-4BA21314729C-LeaderElection17 PRE_VOTE round 0: result PASSED (term=0)
2023-09-07 08:54:11,908 [92b1db46-ede6-4b54-a196-785743adb798@group-4BA21314729C-LeaderElection17] INFO  impl.LeaderElection (LeaderElection.java:askForVotes(321)) - 92b1db46-ede6-4b54-a196-785743adb798@group-4BA21314729C-LeaderElection17 ELECTION round 0: submit vote requests at term 1 for -1: peers:[92b1db46-ede6-4b54-a196-785743adb798|rpc:10.1.0.48:15094|admin:10.1.0.48:15093|client:10.1.0.48:15092|dataStream:10.1.0.48:15095|priority:1|startupRole:FOLLOWER]|listeners:[], old=null
2023-09-07 08:54:11,909 [92b1db46-ede6-4b54-a196-785743adb798@group-4BA21314729C-LeaderElection17] INFO  impl.LeaderElection (LeaderElection.java:askForVotes(323)) - 92b1db46-ede6-4b54-a196-785743adb798@group-4BA21314729C-LeaderElection17 ELECTION round 0: result PASSED (term=1)
2023-09-07 08:54:11,909 [92b1db46-ede6-4b54-a196-785743adb798@group-4BA21314729C-LeaderElection17] INFO  impl.RoleInfo (RoleInfo.java:shutdownLeaderElection(130)) - 92b1db46-ede6-4b54-a196-785743adb798: shutdown 92b1db46-ede6-4b54-a196-785743adb798@group-4BA21314729C-LeaderElection17
2023-09-07 08:54:11,909 [92b1db46-ede6-4b54-a196-785743adb798@group-4BA21314729C-LeaderElection17] INFO  server.RaftServer$Division (RaftServerImpl.java:setRole(329)) - 92b1db46-ede6-4b54-a196-785743adb798@group-4BA21314729C: changes role from CANDIDATE to LEADER at term 1 for changeToLeader
2023-09-07 08:54:11,909 [92b1db46-ede6-4b54-a196-785743adb798@group-4BA21314729C-LeaderElection17] INFO  ratis.XceiverServerRatis (XceiverServerRatis.java:handleLeaderChangedNotification(902)) - Leader change notification received for group: group-4BA21314729C with new leaderId: 92b1db46-ede6-4b54-a196-785743adb798
2023-09-07 08:54:11,909 [92b1db46-ede6-4b54-a196-785743adb798@group-4BA21314729C-LeaderElection17] INFO  server.RaftServer$Division (ServerState.java:setLeader(317)) - 92b1db46-ede6-4b54-a196-785743adb798@group-4BA21314729C: change Leader from null to 92b1db46-ede6-4b54-a196-785743adb798 at term 1 for becomeLeader, leader elected after 5313ms
2023-09-07 08:54:11,909 [92b1db46-ede6-4b54-a196-785743adb798@group-4BA21314729C-LeaderElection17] INFO  server.RaftServerConfigKeys (ConfUtils.java:logGet(46)) - raft.server.staging.catchup.gap = 1000 (default)
2023-09-07 08:54:11,909 [92b1db46-ede6-4b54-a196-785743adb798@group-4BA21314729C-LeaderElection17] INFO  server.RaftServerConfigKeys (ConfUtils.java:logGet(46)) - raft.server.write.element-limit = 1024 (custom)
2023-09-07 08:54:11,910 [92b1db46-ede6-4b54-a196-785743adb798@group-4BA21314729C-LeaderElection17] INFO  server.RaftServerConfigKeys (ConfUtils.java:logGet(46)) - raft.server.write.byte-limit = 1024 M (=1073741824) (custom)
2023-09-07 08:54:11,910 [92b1db46-ede6-4b54-a196-785743adb798@group-4BA21314729C-LeaderElection17] INFO  server.RaftServerConfigKeys (ConfUtils.java:logGet(46)) - raft.server.watch.timeout = 180s (custom)
2023-09-07 08:54:11,910 [92b1db46-ede6-4b54-a196-785743adb798@group-4BA21314729C-LeaderElection17] INFO  server.RaftServerConfigKeys (ConfUtils.java:logGet(46)) - raft.server.watch.timeout.denomination = 1s (default)
2023-09-07 08:54:11,910 [92b1db46-ede6-4b54-a196-785743adb798@group-4BA21314729C-LeaderElection17] INFO  server.RaftServerConfigKeys (ConfUtils.java:logGet(46)) - raft.server.watch.element-limit = 65536 (default)
2023-09-07 08:54:11,912 [92b1db46-ede6-4b54-a196-785743adb798@group-4BA21314729C-LeaderElection17] INFO  server.RaftServerConfigKeys (ConfUtils.java:logGet(46)) - raft.server.write.element-limit = 1024 (custom)
2023-09-07 08:54:11,912 [92b1db46-ede6-4b54-a196-785743adb798@group-4BA21314729C-LeaderElection17] INFO  server.RaftServerConfigKeys (ConfUtils.java:logGet(46)) - raft.server.write.follower.gap.ratio.max = -1.0 (default)
2023-09-07 08:54:11,912 [92b1db46-ede6-4b54-a196-785743adb798@group-4BA21314729C-LeaderElection17] INFO  impl.RoleInfo (RoleInfo.java:updateAndGet(139)) - 92b1db46-ede6-4b54-a196-785743adb798: start 92b1db46-ede6-4b54-a196-785743adb798@group-4BA21314729C-LeaderStateImpl
2023-09-07 08:54:11,912 [92b1db46-ede6-4b54-a196-785743adb798@group-4BA21314729C-LeaderElection17] INFO  segmented.SegmentedRaftLogWorker (SegmentedRaftLogWorker.java:startLogSegment(447)) - 92b1db46-ede6-4b54-a196-785743adb798@group-4BA21314729C-SegmentedRaftLogWorker: Starting segment from index:0
2023-09-07 08:54:11,915 [92b1db46-ede6-4b54-a196-785743adb798@group-4BA21314729C-SegmentedRaftLogWorker] INFO  segmented.SegmentedRaftLogWorker (SegmentedRaftLogWorker.java:execute(651)) - 92b1db46-ede6-4b54-a196-785743adb798@group-4BA21314729C-SegmentedRaftLogWorker: created new log segment /home/runner/work/ozone/ozone/hadoop-ozone/integration-test/target/test-dir/MiniOzoneClusterImpl-ca08a916-3927-468c-b731-1edf5636b3eb/datanode-3/data/ratis/9a33256d-0f18-4459-abf5-4ba21314729c/current/log_inprogress_0
2023-09-07 08:54:11,916 [92b1db46-ede6-4b54-a196-785743adb798@group-4BA21314729C-LeaderElection17] INFO  server.RaftServer$Division (ServerState.java:setRaftConf(434)) - 92b1db46-ede6-4b54-a196-785743adb798@group-4BA21314729C: set configuration 0: peers:[92b1db46-ede6-4b54-a196-785743adb798|rpc:10.1.0.48:15094|admin:10.1.0.48:15093|client:10.1.0.48:15092|dataStream:10.1.0.48:15095|priority:1|startupRole:FOLLOWER]|listeners:[], old=null
2023-09-07 08:54:12,029 [IPC Server handler 12 on default port 15054] WARN  node.SCMNodeManager (SCMNodeManager.java:getNodesByAddress(1373)) - Cannot find node for address 127.0.0.1
]]></system-out>
  </testcase>
  <testcase name="testAllocateMoreThanOneBlock" classname="TestOzoneFileSystem" time="0.41">
    <system-out><![CDATA[2023-09-07 08:55:36,690 [59e7d543-5a74-4c1b-8513-ed64d8264a1e@group-01C253AA59CC-FollowerState] INFO  impl.FollowerState (FollowerState.java:run(143)) - 59e7d543-5a74-4c1b-8513-ed64d8264a1e@group-01C253AA59CC-FollowerState: change to CANDIDATE, lastRpcElapsedTime:5105572817ns, electionTimeout:5099ms
2023-09-07 08:55:36,691 [59e7d543-5a74-4c1b-8513-ed64d8264a1e@group-01C253AA59CC-FollowerState] INFO  impl.RoleInfo (RoleInfo.java:shutdownFollowerState(110)) - 59e7d543-5a74-4c1b-8513-ed64d8264a1e: shutdown 59e7d543-5a74-4c1b-8513-ed64d8264a1e@group-01C253AA59CC-FollowerState
2023-09-07 08:55:36,691 [59e7d543-5a74-4c1b-8513-ed64d8264a1e@group-01C253AA59CC-FollowerState] INFO  server.RaftServer$Division (RaftServerImpl.java:setRole(329)) - 59e7d543-5a74-4c1b-8513-ed64d8264a1e@group-01C253AA59CC: changes role from  FOLLOWER to CANDIDATE at term 0 for changeToCandidate
2023-09-07 08:55:36,692 [59e7d543-5a74-4c1b-8513-ed64d8264a1e@group-01C253AA59CC-FollowerState] INFO  server.RaftServerConfigKeys (ConfUtils.java:logGet(46)) - raft.server.leaderelection.pre-vote = true (default)
2023-09-07 08:55:36,692 [59e7d543-5a74-4c1b-8513-ed64d8264a1e@group-01C253AA59CC-FollowerState] INFO  impl.RoleInfo (RoleInfo.java:updateAndGet(139)) - 59e7d543-5a74-4c1b-8513-ed64d8264a1e: start 59e7d543-5a74-4c1b-8513-ed64d8264a1e@group-01C253AA59CC-LeaderElection27
2023-09-07 08:55:36,698 [59e7d543-5a74-4c1b-8513-ed64d8264a1e@group-01C253AA59CC-LeaderElection27] INFO  impl.LeaderElection (LeaderElection.java:askForVotes(321)) - 59e7d543-5a74-4c1b-8513-ed64d8264a1e@group-01C253AA59CC-LeaderElection27 PRE_VOTE round 0: submit vote requests at term 0 for -1: peers:[59e7d543-5a74-4c1b-8513-ed64d8264a1e|rpc:10.1.0.48:15147|admin:10.1.0.48:15146|client:10.1.0.48:15145|dataStream:10.1.0.48:15148|priority:1|startupRole:FOLLOWER]|listeners:[], old=null
2023-09-07 08:55:36,698 [59e7d543-5a74-4c1b-8513-ed64d8264a1e@group-01C253AA59CC-LeaderElection27] INFO  impl.LeaderElection (LeaderElection.java:askForVotes(323)) - 59e7d543-5a74-4c1b-8513-ed64d8264a1e@group-01C253AA59CC-LeaderElection27 PRE_VOTE round 0: result PASSED (term=0)
2023-09-07 08:55:36,700 [59e7d543-5a74-4c1b-8513-ed64d8264a1e@group-01C253AA59CC-LeaderElection27] INFO  impl.LeaderElection (LeaderElection.java:askForVotes(321)) - 59e7d543-5a74-4c1b-8513-ed64d8264a1e@group-01C253AA59CC-LeaderElection27 ELECTION round 0: submit vote requests at term 1 for -1: peers:[59e7d543-5a74-4c1b-8513-ed64d8264a1e|rpc:10.1.0.48:15147|admin:10.1.0.48:15146|client:10.1.0.48:15145|dataStream:10.1.0.48:15148|priority:1|startupRole:FOLLOWER]|listeners:[], old=null
2023-09-07 08:55:36,700 [59e7d543-5a74-4c1b-8513-ed64d8264a1e@group-01C253AA59CC-LeaderElection27] INFO  impl.LeaderElection (LeaderElection.java:askForVotes(323)) - 59e7d543-5a74-4c1b-8513-ed64d8264a1e@group-01C253AA59CC-LeaderElection27 ELECTION round 0: result PASSED (term=1)
2023-09-07 08:55:36,700 [59e7d543-5a74-4c1b-8513-ed64d8264a1e@group-01C253AA59CC-LeaderElection27] INFO  impl.RoleInfo (RoleInfo.java:shutdownLeaderElection(130)) - 59e7d543-5a74-4c1b-8513-ed64d8264a1e: shutdown 59e7d543-5a74-4c1b-8513-ed64d8264a1e@group-01C253AA59CC-LeaderElection27
2023-09-07 08:55:36,700 [59e7d543-5a74-4c1b-8513-ed64d8264a1e@group-01C253AA59CC-LeaderElection27] INFO  server.RaftServer$Division (RaftServerImpl.java:setRole(329)) - 59e7d543-5a74-4c1b-8513-ed64d8264a1e@group-01C253AA59CC: changes role from CANDIDATE to LEADER at term 1 for changeToLeader
2023-09-07 08:55:36,700 [59e7d543-5a74-4c1b-8513-ed64d8264a1e@group-01C253AA59CC-LeaderElection27] INFO  ratis.XceiverServerRatis (XceiverServerRatis.java:handleLeaderChangedNotification(902)) - Leader change notification received for group: group-01C253AA59CC with new leaderId: 59e7d543-5a74-4c1b-8513-ed64d8264a1e
2023-09-07 08:55:36,700 [59e7d543-5a74-4c1b-8513-ed64d8264a1e@group-01C253AA59CC-LeaderElection27] INFO  server.RaftServer$Division (ServerState.java:setLeader(317)) - 59e7d543-5a74-4c1b-8513-ed64d8264a1e@group-01C253AA59CC: change Leader from null to 59e7d543-5a74-4c1b-8513-ed64d8264a1e at term 1 for becomeLeader, leader elected after 5133ms
2023-09-07 08:55:36,700 [59e7d543-5a74-4c1b-8513-ed64d8264a1e@group-01C253AA59CC-LeaderElection27] INFO  server.RaftServerConfigKeys (ConfUtils.java:logGet(46)) - raft.server.staging.catchup.gap = 1000 (default)
2023-09-07 08:55:36,701 [59e7d543-5a74-4c1b-8513-ed64d8264a1e@group-01C253AA59CC-LeaderElection27] INFO  server.RaftServerConfigKeys (ConfUtils.java:logGet(46)) - raft.server.write.element-limit = 1024 (custom)
2023-09-07 08:55:36,701 [59e7d543-5a74-4c1b-8513-ed64d8264a1e@group-01C253AA59CC-LeaderElection27] INFO  server.RaftServerConfigKeys (ConfUtils.java:logGet(46)) - raft.server.write.byte-limit = 1024 M (=1073741824) (custom)
2023-09-07 08:55:36,702 [59e7d543-5a74-4c1b-8513-ed64d8264a1e@group-01C253AA59CC-LeaderElection27] INFO  server.RaftServerConfigKeys (ConfUtils.java:logGet(46)) - raft.server.watch.timeout = 180s (custom)
2023-09-07 08:55:36,702 [59e7d543-5a74-4c1b-8513-ed64d8264a1e@group-01C253AA59CC-LeaderElection27] INFO  server.RaftServerConfigKeys (ConfUtils.java:logGet(46)) - raft.server.watch.timeout.denomination = 1s (default)
2023-09-07 08:55:36,702 [59e7d543-5a74-4c1b-8513-ed64d8264a1e@group-01C253AA59CC-LeaderElection27] INFO  server.RaftServerConfigKeys (ConfUtils.java:logGet(46)) - raft.server.watch.element-limit = 65536 (default)
2023-09-07 08:55:36,702 [59e7d543-5a74-4c1b-8513-ed64d8264a1e@group-01C253AA59CC-LeaderElection27] INFO  server.RaftServerConfigKeys (ConfUtils.java:logGet(46)) - raft.server.write.element-limit = 1024 (custom)
2023-09-07 08:55:36,702 [59e7d543-5a74-4c1b-8513-ed64d8264a1e@group-01C253AA59CC-LeaderElection27] INFO  server.RaftServerConfigKeys (ConfUtils.java:logGet(46)) - raft.server.write.follower.gap.ratio.max = -1.0 (default)
2023-09-07 08:55:36,702 [59e7d543-5a74-4c1b-8513-ed64d8264a1e@group-01C253AA59CC-LeaderElection27] INFO  impl.RoleInfo (RoleInfo.java:updateAndGet(139)) - 59e7d543-5a74-4c1b-8513-ed64d8264a1e: start 59e7d543-5a74-4c1b-8513-ed64d8264a1e@group-01C253AA59CC-LeaderStateImpl
2023-09-07 08:55:36,702 [59e7d543-5a74-4c1b-8513-ed64d8264a1e@group-01C253AA59CC-LeaderElection27] INFO  segmented.SegmentedRaftLogWorker (SegmentedRaftLogWorker.java:startLogSegment(447)) - 59e7d543-5a74-4c1b-8513-ed64d8264a1e@group-01C253AA59CC-SegmentedRaftLogWorker: Starting segment from index:0
2023-09-07 08:55:36,731 [59e7d543-5a74-4c1b-8513-ed64d8264a1e@group-01C253AA59CC-SegmentedRaftLogWorker] INFO  segmented.SegmentedRaftLogWorker (SegmentedRaftLogWorker.java:execute(651)) - 59e7d543-5a74-4c1b-8513-ed64d8264a1e@group-01C253AA59CC-SegmentedRaftLogWorker: created new log segment /home/runner/work/ozone/ozone/hadoop-ozone/integration-test/target/test-dir/MiniOzoneClusterImpl-06b57250-6369-4c93-9764-bbc94174df1e/datanode-3/data/ratis/49ec77ea-b816-48a6-a8a8-01c253aa59cc/current/log_inprogress_0
2023-09-07 08:55:36,743 [59e7d543-5a74-4c1b-8513-ed64d8264a1e@group-01C253AA59CC-LeaderElection27] INFO  server.RaftServer$Division (ServerState.java:setRaftConf(434)) - 59e7d543-5a74-4c1b-8513-ed64d8264a1e@group-01C253AA59CC: set configuration 0: peers:[59e7d543-5a74-4c1b-8513-ed64d8264a1e|rpc:10.1.0.48:15147|admin:10.1.0.48:15146|client:10.1.0.48:15145|dataStream:10.1.0.48:15148|priority:1|startupRole:FOLLOWER]|listeners:[], old=null
2023-09-07 08:55:36,823 [IPC Server handler 0 on default port 15107] WARN  node.SCMNodeManager (SCMNodeManager.java:getNodesByAddress(1373)) - Cannot find node for address 127.0.0.1
]]></system-out>
  </testcase>
  <testcase name="testAllocateMoreThanOneBlock" classname="TestOzoneFileSystem" time="0.381">
    <system-out><![CDATA[2023-09-07 08:57:13,663 [469bc52f-827e-4f59-b4d6-1102a4459bcd@group-8C8F34EF51C5-FollowerState] INFO  impl.FollowerState (FollowerState.java:run(143)) - 469bc52f-827e-4f59-b4d6-1102a4459bcd@group-8C8F34EF51C5-FollowerState: change to CANDIDATE, lastRpcElapsedTime:5036763828ns, electionTimeout:5036ms
2023-09-07 08:57:13,663 [469bc52f-827e-4f59-b4d6-1102a4459bcd@group-8C8F34EF51C5-FollowerState] INFO  impl.RoleInfo (RoleInfo.java:shutdownFollowerState(110)) - 469bc52f-827e-4f59-b4d6-1102a4459bcd: shutdown 469bc52f-827e-4f59-b4d6-1102a4459bcd@group-8C8F34EF51C5-FollowerState
2023-09-07 08:57:13,664 [469bc52f-827e-4f59-b4d6-1102a4459bcd@group-8C8F34EF51C5-FollowerState] INFO  server.RaftServer$Division (RaftServerImpl.java:setRole(329)) - 469bc52f-827e-4f59-b4d6-1102a4459bcd@group-8C8F34EF51C5: changes role from  FOLLOWER to CANDIDATE at term 0 for changeToCandidate
2023-09-07 08:57:13,664 [469bc52f-827e-4f59-b4d6-1102a4459bcd@group-8C8F34EF51C5-FollowerState] INFO  server.RaftServerConfigKeys (ConfUtils.java:logGet(46)) - raft.server.leaderelection.pre-vote = true (default)
2023-09-07 08:57:13,664 [469bc52f-827e-4f59-b4d6-1102a4459bcd@group-8C8F34EF51C5-FollowerState] INFO  impl.RoleInfo (RoleInfo.java:updateAndGet(139)) - 469bc52f-827e-4f59-b4d6-1102a4459bcd: start 469bc52f-827e-4f59-b4d6-1102a4459bcd@group-8C8F34EF51C5-LeaderElection34
2023-09-07 08:57:13,670 [469bc52f-827e-4f59-b4d6-1102a4459bcd@group-8C8F34EF51C5-LeaderElection34] INFO  impl.LeaderElection (LeaderElection.java:askForVotes(321)) - 469bc52f-827e-4f59-b4d6-1102a4459bcd@group-8C8F34EF51C5-LeaderElection34 PRE_VOTE round 0: submit vote requests at term 0 for -1: peers:[469bc52f-827e-4f59-b4d6-1102a4459bcd|rpc:10.1.0.48:15191|admin:10.1.0.48:15190|client:10.1.0.48:15189|dataStream:10.1.0.48:15192|priority:1|startupRole:FOLLOWER]|listeners:[], old=null
2023-09-07 08:57:13,670 [469bc52f-827e-4f59-b4d6-1102a4459bcd@group-8C8F34EF51C5-LeaderElection34] INFO  impl.LeaderElection (LeaderElection.java:askForVotes(323)) - 469bc52f-827e-4f59-b4d6-1102a4459bcd@group-8C8F34EF51C5-LeaderElection34 PRE_VOTE round 0: result PASSED (term=0)
2023-09-07 08:57:13,673 [469bc52f-827e-4f59-b4d6-1102a4459bcd@group-8C8F34EF51C5-LeaderElection34] INFO  impl.LeaderElection (LeaderElection.java:askForVotes(321)) - 469bc52f-827e-4f59-b4d6-1102a4459bcd@group-8C8F34EF51C5-LeaderElection34 ELECTION round 0: submit vote requests at term 1 for -1: peers:[469bc52f-827e-4f59-b4d6-1102a4459bcd|rpc:10.1.0.48:15191|admin:10.1.0.48:15190|client:10.1.0.48:15189|dataStream:10.1.0.48:15192|priority:1|startupRole:FOLLOWER]|listeners:[], old=null
2023-09-07 08:57:13,673 [469bc52f-827e-4f59-b4d6-1102a4459bcd@group-8C8F34EF51C5-LeaderElection34] INFO  impl.LeaderElection (LeaderElection.java:askForVotes(323)) - 469bc52f-827e-4f59-b4d6-1102a4459bcd@group-8C8F34EF51C5-LeaderElection34 ELECTION round 0: result PASSED (term=1)
2023-09-07 08:57:13,673 [469bc52f-827e-4f59-b4d6-1102a4459bcd@group-8C8F34EF51C5-LeaderElection34] INFO  impl.RoleInfo (RoleInfo.java:shutdownLeaderElection(130)) - 469bc52f-827e-4f59-b4d6-1102a4459bcd: shutdown 469bc52f-827e-4f59-b4d6-1102a4459bcd@group-8C8F34EF51C5-LeaderElection34
2023-09-07 08:57:13,673 [469bc52f-827e-4f59-b4d6-1102a4459bcd@group-8C8F34EF51C5-LeaderElection34] INFO  server.RaftServer$Division (RaftServerImpl.java:setRole(329)) - 469bc52f-827e-4f59-b4d6-1102a4459bcd@group-8C8F34EF51C5: changes role from CANDIDATE to LEADER at term 1 for changeToLeader
2023-09-07 08:57:13,673 [469bc52f-827e-4f59-b4d6-1102a4459bcd@group-8C8F34EF51C5-LeaderElection34] INFO  ratis.XceiverServerRatis (XceiverServerRatis.java:handleLeaderChangedNotification(902)) - Leader change notification received for group: group-8C8F34EF51C5 with new leaderId: 469bc52f-827e-4f59-b4d6-1102a4459bcd
2023-09-07 08:57:13,674 [469bc52f-827e-4f59-b4d6-1102a4459bcd@group-8C8F34EF51C5-LeaderElection34] INFO  server.RaftServer$Division (ServerState.java:setLeader(317)) - 469bc52f-827e-4f59-b4d6-1102a4459bcd@group-8C8F34EF51C5: change Leader from null to 469bc52f-827e-4f59-b4d6-1102a4459bcd at term 1 for becomeLeader, leader elected after 5113ms
2023-09-07 08:57:13,674 [469bc52f-827e-4f59-b4d6-1102a4459bcd@group-8C8F34EF51C5-LeaderElection34] INFO  server.RaftServerConfigKeys (ConfUtils.java:logGet(46)) - raft.server.staging.catchup.gap = 1000 (default)
2023-09-07 08:57:13,674 [469bc52f-827e-4f59-b4d6-1102a4459bcd@group-8C8F34EF51C5-LeaderElection34] INFO  server.RaftServerConfigKeys (ConfUtils.java:logGet(46)) - raft.server.write.element-limit = 1024 (custom)
2023-09-07 08:57:13,674 [469bc52f-827e-4f59-b4d6-1102a4459bcd@group-8C8F34EF51C5-LeaderElection34] INFO  server.RaftServerConfigKeys (ConfUtils.java:logGet(46)) - raft.server.write.byte-limit = 1024 M (=1073741824) (custom)
2023-09-07 08:57:13,675 [469bc52f-827e-4f59-b4d6-1102a4459bcd@group-8C8F34EF51C5-LeaderElection34] INFO  server.RaftServerConfigKeys (ConfUtils.java:logGet(46)) - raft.server.watch.timeout = 180s (custom)
2023-09-07 08:57:13,675 [469bc52f-827e-4f59-b4d6-1102a4459bcd@group-8C8F34EF51C5-LeaderElection34] INFO  server.RaftServerConfigKeys (ConfUtils.java:logGet(46)) - raft.server.watch.timeout.denomination = 1s (default)
2023-09-07 08:57:13,675 [469bc52f-827e-4f59-b4d6-1102a4459bcd@group-8C8F34EF51C5-LeaderElection34] INFO  server.RaftServerConfigKeys (ConfUtils.java:logGet(46)) - raft.server.watch.element-limit = 65536 (default)
2023-09-07 08:57:13,675 [469bc52f-827e-4f59-b4d6-1102a4459bcd@group-8C8F34EF51C5-LeaderElection34] INFO  server.RaftServerConfigKeys (ConfUtils.java:logGet(46)) - raft.server.write.element-limit = 1024 (custom)
2023-09-07 08:57:13,675 [469bc52f-827e-4f59-b4d6-1102a4459bcd@group-8C8F34EF51C5-LeaderElection34] INFO  server.RaftServerConfigKeys (ConfUtils.java:logGet(46)) - raft.server.write.follower.gap.ratio.max = -1.0 (default)
2023-09-07 08:57:13,675 [469bc52f-827e-4f59-b4d6-1102a4459bcd@group-8C8F34EF51C5-LeaderElection34] INFO  impl.RoleInfo (RoleInfo.java:updateAndGet(139)) - 469bc52f-827e-4f59-b4d6-1102a4459bcd: start 469bc52f-827e-4f59-b4d6-1102a4459bcd@group-8C8F34EF51C5-LeaderStateImpl
2023-09-07 08:57:13,675 [469bc52f-827e-4f59-b4d6-1102a4459bcd@group-8C8F34EF51C5-LeaderElection34] INFO  segmented.SegmentedRaftLogWorker (SegmentedRaftLogWorker.java:startLogSegment(447)) - 469bc52f-827e-4f59-b4d6-1102a4459bcd@group-8C8F34EF51C5-SegmentedRaftLogWorker: Starting segment from index:0
2023-09-07 08:57:13,677 [469bc52f-827e-4f59-b4d6-1102a4459bcd@group-8C8F34EF51C5-SegmentedRaftLogWorker] INFO  segmented.SegmentedRaftLogWorker (SegmentedRaftLogWorker.java:execute(651)) - 469bc52f-827e-4f59-b4d6-1102a4459bcd@group-8C8F34EF51C5-SegmentedRaftLogWorker: created new log segment /home/runner/work/ozone/ozone/hadoop-ozone/integration-test/target/test-dir/MiniOzoneClusterImpl-4f49b7df-1fbb-48bb-ad24-05a827c4b894/datanode-2/data/ratis/9eb3c39a-afdc-4412-9b21-8c8f34ef51c5/current/log_inprogress_0
2023-09-07 08:57:13,679 [469bc52f-827e-4f59-b4d6-1102a4459bcd@group-8C8F34EF51C5-LeaderElection34] INFO  server.RaftServer$Division (ServerState.java:setRaftConf(434)) - 469bc52f-827e-4f59-b4d6-1102a4459bcd@group-8C8F34EF51C5: set configuration 0: peers:[469bc52f-827e-4f59-b4d6-1102a4459bcd|rpc:10.1.0.48:15191|admin:10.1.0.48:15190|client:10.1.0.48:15189|dataStream:10.1.0.48:15192|priority:1|startupRole:FOLLOWER]|listeners:[], old=null
2023-09-07 08:57:14,028 [IPC Server handler 0 on default port 15160] WARN  node.SCMNodeManager (SCMNodeManager.java:getNodesByAddress(1373)) - Cannot find node for address 127.0.0.1
]]></system-out>
  </testcase>
  <testcase name="testRenameToExistingDir" classname="TestOzoneFileSystem" time="0.093">
    <system-out><![CDATA[08:52:19.468 [IPC Server handler 18 on default port 15004] ERROR OMAudit - user=runner | ip=127.0.0.1 | op=LIST_STATUS {volume=volume72881, bucket=bucket22361, key=b/a, dataSize=0, replicationConfig=null} | ret=FAILURE
org.apache.hadoop.ozone.om.exceptions.OMException: Unable to get file status: volume: volume72881 bucket: bucket22361 key: b/a
	at org.apache.hadoop.ozone.om.KeyManagerImpl.getOzoneFileStatus(KeyManagerImpl.java:1195) ~[ozone-manager-1.4.0-SNAPSHOT.jar:?]
	at org.apache.hadoop.ozone.om.KeyManagerImpl.getFileStatus(KeyManagerImpl.java:1113) ~[ozone-manager-1.4.0-SNAPSHOT.jar:?]
	at org.apache.hadoop.ozone.om.KeyManagerImpl.listStatus(KeyManagerImpl.java:1505) ~[ozone-manager-1.4.0-SNAPSHOT.jar:?]
	at org.apache.hadoop.ozone.om.OmMetadataReader.listStatus(OmMetadataReader.java:235) ~[ozone-manager-1.4.0-SNAPSHOT.jar:?]
	at org.apache.hadoop.ozone.om.OzoneManager.listStatus(OzoneManager.java:3560) ~[ozone-manager-1.4.0-SNAPSHOT.jar:?]
	at org.apache.hadoop.ozone.protocolPB.OzoneManagerRequestHandler.listStatus(OzoneManagerRequestHandler.java:1143) ~[ozone-manager-1.4.0-SNAPSHOT.jar:?]
	at org.apache.hadoop.ozone.protocolPB.OzoneManagerRequestHandler.handleReadRequest(OzoneManagerRequestHandler.java:261) ~[ozone-manager-1.4.0-SNAPSHOT.jar:?]
	at org.apache.hadoop.ozone.protocolPB.OzoneManagerProtocolServerSideTranslatorPB.submitReadRequestToOM(OzoneManagerProtocolServerSideTranslatorPB.java:225) ~[ozone-manager-1.4.0-SNAPSHOT.jar:?]
	at org.apache.hadoop.ozone.protocolPB.OzoneManagerProtocolServerSideTranslatorPB.processRequest(OzoneManagerProtocolServerSideTranslatorPB.java:179) ~[ozone-manager-1.4.0-SNAPSHOT.jar:?]
	at org.apache.hadoop.hdds.server.OzoneProtocolMessageDispatcher.processRequest(OzoneProtocolMessageDispatcher.java:87) [hdds-server-framework-1.4.0-SNAPSHOT.jar:?]
	at org.apache.hadoop.ozone.protocolPB.OzoneManagerProtocolServerSideTranslatorPB.submitRequest(OzoneManagerProtocolServerSideTranslatorPB.java:148) [ozone-manager-1.4.0-SNAPSHOT.jar:?]
	at org.apache.hadoop.ozone.protocol.proto.OzoneManagerProtocolProtos$OzoneManagerService$2.callBlockingMethod(OzoneManagerProtocolProtos.java) [ozone-interface-client-1.4.0-SNAPSHOT.jar:?]
	at org.apache.hadoop.ipc.ProtobufRpcEngine$Server.processCall(ProtobufRpcEngine.java:484) [hadoop-common-3.3.6.jar:?]
	at org.apache.hadoop.ipc.ProtobufRpcEngine2$Server$ProtoBufRpcInvoker.call(ProtobufRpcEngine2.java:595) [hadoop-common-3.3.6.jar:?]
	at org.apache.hadoop.ipc.ProtobufRpcEngine2$Server$ProtoBufRpcInvoker.call(ProtobufRpcEngine2.java:573) [hadoop-common-3.3.6.jar:?]
	at org.apache.hadoop.ipc.RPC$Server.call(RPC.java:1227) [hadoop-common-3.3.6.jar:?]
	at org.apache.hadoop.ipc.Server$RpcCall.run(Server.java:1094) [hadoop-common-3.3.6.jar:?]
	at org.apache.hadoop.ipc.Server$RpcCall.run(Server.java:1017) [hadoop-common-3.3.6.jar:?]
	at java.security.AccessController.doPrivileged(Native Method) ~[?:1.8.0_382]
	at javax.security.auth.Subject.doAs(Subject.java:422) [?:1.8.0_382]
	at org.apache.hadoop.security.UserGroupInformation.doAs(UserGroupInformation.java:1899) [hadoop-common-3.3.6.jar:?]
	at org.apache.hadoop.ipc.Server$Handler.run(Server.java:3048) [hadoop-common-3.3.6.jar:?]
]]></system-out>
  </testcase>
  <testcase name="testRenameToExistingDir" classname="TestOzoneFileSystem" time="0.032">
    <system-out><![CDATA[08:54:12.052 [IPC Server handler 18 on default port 15057] ERROR OMAudit - user=runner | ip=127.0.0.1 | op=LIST_STATUS {volume=volume93671, bucket=bucket89282, key=b/a, dataSize=0, replicationConfig=null} | ret=FAILURE
org.apache.hadoop.ozone.om.exceptions.OMException: Unable to get file status: volume: volume93671 bucket: bucket89282 key: b/a
	at org.apache.hadoop.ozone.om.KeyManagerImpl.getOzoneFileStatus(KeyManagerImpl.java:1195) ~[ozone-manager-1.4.0-SNAPSHOT.jar:?]
	at org.apache.hadoop.ozone.om.KeyManagerImpl.getFileStatus(KeyManagerImpl.java:1113) ~[ozone-manager-1.4.0-SNAPSHOT.jar:?]
	at org.apache.hadoop.ozone.om.KeyManagerImpl.listStatus(KeyManagerImpl.java:1505) ~[ozone-manager-1.4.0-SNAPSHOT.jar:?]
	at org.apache.hadoop.ozone.om.OmMetadataReader.listStatus(OmMetadataReader.java:235) ~[ozone-manager-1.4.0-SNAPSHOT.jar:?]
	at org.apache.hadoop.ozone.om.OzoneManager.listStatus(OzoneManager.java:3560) ~[ozone-manager-1.4.0-SNAPSHOT.jar:?]
	at org.apache.hadoop.ozone.protocolPB.OzoneManagerRequestHandler.listStatus(OzoneManagerRequestHandler.java:1143) ~[ozone-manager-1.4.0-SNAPSHOT.jar:?]
	at org.apache.hadoop.ozone.protocolPB.OzoneManagerRequestHandler.handleReadRequest(OzoneManagerRequestHandler.java:261) ~[ozone-manager-1.4.0-SNAPSHOT.jar:?]
	at org.apache.hadoop.ozone.protocolPB.OzoneManagerProtocolServerSideTranslatorPB.submitRequestDirectlyToOM(OzoneManagerProtocolServerSideTranslatorPB.java:274) ~[ozone-manager-1.4.0-SNAPSHOT.jar:?]
	at org.apache.hadoop.ozone.protocolPB.OzoneManagerProtocolServerSideTranslatorPB.processRequest(OzoneManagerProtocolServerSideTranslatorPB.java:175) ~[ozone-manager-1.4.0-SNAPSHOT.jar:?]
	at org.apache.hadoop.hdds.server.OzoneProtocolMessageDispatcher.processRequest(OzoneProtocolMessageDispatcher.java:87) [hdds-server-framework-1.4.0-SNAPSHOT.jar:?]
	at org.apache.hadoop.ozone.protocolPB.OzoneManagerProtocolServerSideTranslatorPB.submitRequest(OzoneManagerProtocolServerSideTranslatorPB.java:148) [ozone-manager-1.4.0-SNAPSHOT.jar:?]
	at org.apache.hadoop.ozone.protocol.proto.OzoneManagerProtocolProtos$OzoneManagerService$2.callBlockingMethod(OzoneManagerProtocolProtos.java) [ozone-interface-client-1.4.0-SNAPSHOT.jar:?]
	at org.apache.hadoop.ipc.ProtobufRpcEngine$Server.processCall(ProtobufRpcEngine.java:484) [hadoop-common-3.3.6.jar:?]
	at org.apache.hadoop.ipc.ProtobufRpcEngine2$Server$ProtoBufRpcInvoker.call(ProtobufRpcEngine2.java:595) [hadoop-common-3.3.6.jar:?]
	at org.apache.hadoop.ipc.ProtobufRpcEngine2$Server$ProtoBufRpcInvoker.call(ProtobufRpcEngine2.java:573) [hadoop-common-3.3.6.jar:?]
	at org.apache.hadoop.ipc.RPC$Server.call(RPC.java:1227) [hadoop-common-3.3.6.jar:?]
	at org.apache.hadoop.ipc.Server$RpcCall.run(Server.java:1094) [hadoop-common-3.3.6.jar:?]
	at org.apache.hadoop.ipc.Server$RpcCall.run(Server.java:1017) [hadoop-common-3.3.6.jar:?]
	at java.security.AccessController.doPrivileged(Native Method) ~[?:1.8.0_382]
	at javax.security.auth.Subject.doAs(Subject.java:422) [?:1.8.0_382]
	at org.apache.hadoop.security.UserGroupInformation.doAs(UserGroupInformation.java:1899) [hadoop-common-3.3.6.jar:?]
	at org.apache.hadoop.ipc.Server$Handler.run(Server.java:3048) [hadoop-common-3.3.6.jar:?]
]]></system-out>
  </testcase>
  <testcase name="testRenameToExistingDir" classname="TestOzoneFileSystem" time="0.028">
    <system-out><![CDATA[08:55:36.846 [IPC Server handler 14 on default port 15110] ERROR OMAudit - user=runner | ip=127.0.0.1 | op=LIST_STATUS {volume=volume76246, bucket=bucket29151, key=b/a, dataSize=0, replicationConfig=null} | ret=FAILURE
org.apache.hadoop.ozone.om.exceptions.OMException: Unable to get file status: volume: volume76246 bucket: bucket29151 key: b/a
	at org.apache.hadoop.ozone.om.KeyManagerImpl.getOzoneFileStatus(KeyManagerImpl.java:1195) ~[ozone-manager-1.4.0-SNAPSHOT.jar:?]
	at org.apache.hadoop.ozone.om.KeyManagerImpl.getFileStatus(KeyManagerImpl.java:1113) ~[ozone-manager-1.4.0-SNAPSHOT.jar:?]
	at org.apache.hadoop.ozone.om.KeyManagerImpl.listStatus(KeyManagerImpl.java:1505) ~[ozone-manager-1.4.0-SNAPSHOT.jar:?]
	at org.apache.hadoop.ozone.om.OmMetadataReader.listStatus(OmMetadataReader.java:235) ~[ozone-manager-1.4.0-SNAPSHOT.jar:?]
	at org.apache.hadoop.ozone.om.OzoneManager.listStatus(OzoneManager.java:3560) ~[ozone-manager-1.4.0-SNAPSHOT.jar:?]
	at org.apache.hadoop.ozone.protocolPB.OzoneManagerRequestHandler.listStatus(OzoneManagerRequestHandler.java:1143) ~[ozone-manager-1.4.0-SNAPSHOT.jar:?]
	at org.apache.hadoop.ozone.protocolPB.OzoneManagerRequestHandler.handleReadRequest(OzoneManagerRequestHandler.java:261) ~[ozone-manager-1.4.0-SNAPSHOT.jar:?]
	at org.apache.hadoop.ozone.protocolPB.OzoneManagerProtocolServerSideTranslatorPB.submitReadRequestToOM(OzoneManagerProtocolServerSideTranslatorPB.java:225) ~[ozone-manager-1.4.0-SNAPSHOT.jar:?]
	at org.apache.hadoop.ozone.protocolPB.OzoneManagerProtocolServerSideTranslatorPB.processRequest(OzoneManagerProtocolServerSideTranslatorPB.java:179) ~[ozone-manager-1.4.0-SNAPSHOT.jar:?]
	at org.apache.hadoop.hdds.server.OzoneProtocolMessageDispatcher.processRequest(OzoneProtocolMessageDispatcher.java:87) [hdds-server-framework-1.4.0-SNAPSHOT.jar:?]
	at org.apache.hadoop.ozone.protocolPB.OzoneManagerProtocolServerSideTranslatorPB.submitRequest(OzoneManagerProtocolServerSideTranslatorPB.java:148) [ozone-manager-1.4.0-SNAPSHOT.jar:?]
	at org.apache.hadoop.ozone.protocol.proto.OzoneManagerProtocolProtos$OzoneManagerService$2.callBlockingMethod(OzoneManagerProtocolProtos.java) [ozone-interface-client-1.4.0-SNAPSHOT.jar:?]
	at org.apache.hadoop.ipc.ProtobufRpcEngine$Server.processCall(ProtobufRpcEngine.java:484) [hadoop-common-3.3.6.jar:?]
	at org.apache.hadoop.ipc.ProtobufRpcEngine2$Server$ProtoBufRpcInvoker.call(ProtobufRpcEngine2.java:595) [hadoop-common-3.3.6.jar:?]
	at org.apache.hadoop.ipc.ProtobufRpcEngine2$Server$ProtoBufRpcInvoker.call(ProtobufRpcEngine2.java:573) [hadoop-common-3.3.6.jar:?]
	at org.apache.hadoop.ipc.RPC$Server.call(RPC.java:1227) [hadoop-common-3.3.6.jar:?]
	at org.apache.hadoop.ipc.Server$RpcCall.run(Server.java:1094) [hadoop-common-3.3.6.jar:?]
	at org.apache.hadoop.ipc.Server$RpcCall.run(Server.java:1017) [hadoop-common-3.3.6.jar:?]
	at java.security.AccessController.doPrivileged(Native Method) ~[?:1.8.0_382]
	at javax.security.auth.Subject.doAs(Subject.java:422) [?:1.8.0_382]
	at org.apache.hadoop.security.UserGroupInformation.doAs(UserGroupInformation.java:1899) [hadoop-common-3.3.6.jar:?]
	at org.apache.hadoop.ipc.Server$Handler.run(Server.java:3048) [hadoop-common-3.3.6.jar:?]
]]></system-out>
  </testcase>
  <testcase name="testRenameToExistingDir" classname="TestOzoneFileSystem" time="0.025">
    <system-out><![CDATA[08:57:14.049 [IPC Server handler 13 on default port 15163] ERROR OMAudit - user=runner | ip=127.0.0.1 | op=LIST_STATUS {volume=volume04563, bucket=bucket31706, key=b/a, dataSize=0, replicationConfig=null} | ret=FAILURE
org.apache.hadoop.ozone.om.exceptions.OMException: Unable to get file status: volume: volume04563 bucket: bucket31706 key: b/a
	at org.apache.hadoop.ozone.om.KeyManagerImpl.getOzoneFileStatus(KeyManagerImpl.java:1195) ~[ozone-manager-1.4.0-SNAPSHOT.jar:?]
	at org.apache.hadoop.ozone.om.KeyManagerImpl.getFileStatus(KeyManagerImpl.java:1113) ~[ozone-manager-1.4.0-SNAPSHOT.jar:?]
	at org.apache.hadoop.ozone.om.KeyManagerImpl.listStatus(KeyManagerImpl.java:1505) ~[ozone-manager-1.4.0-SNAPSHOT.jar:?]
	at org.apache.hadoop.ozone.om.OmMetadataReader.listStatus(OmMetadataReader.java:235) ~[ozone-manager-1.4.0-SNAPSHOT.jar:?]
	at org.apache.hadoop.ozone.om.OzoneManager.listStatus(OzoneManager.java:3560) ~[ozone-manager-1.4.0-SNAPSHOT.jar:?]
	at org.apache.hadoop.ozone.protocolPB.OzoneManagerRequestHandler.listStatus(OzoneManagerRequestHandler.java:1143) ~[ozone-manager-1.4.0-SNAPSHOT.jar:?]
	at org.apache.hadoop.ozone.protocolPB.OzoneManagerRequestHandler.handleReadRequest(OzoneManagerRequestHandler.java:261) ~[ozone-manager-1.4.0-SNAPSHOT.jar:?]
	at org.apache.hadoop.ozone.protocolPB.OzoneManagerProtocolServerSideTranslatorPB.submitRequestDirectlyToOM(OzoneManagerProtocolServerSideTranslatorPB.java:274) ~[ozone-manager-1.4.0-SNAPSHOT.jar:?]
	at org.apache.hadoop.ozone.protocolPB.OzoneManagerProtocolServerSideTranslatorPB.processRequest(OzoneManagerProtocolServerSideTranslatorPB.java:175) ~[ozone-manager-1.4.0-SNAPSHOT.jar:?]
	at org.apache.hadoop.hdds.server.OzoneProtocolMessageDispatcher.processRequest(OzoneProtocolMessageDispatcher.java:87) [hdds-server-framework-1.4.0-SNAPSHOT.jar:?]
	at org.apache.hadoop.ozone.protocolPB.OzoneManagerProtocolServerSideTranslatorPB.submitRequest(OzoneManagerProtocolServerSideTranslatorPB.java:148) [ozone-manager-1.4.0-SNAPSHOT.jar:?]
	at org.apache.hadoop.ozone.protocol.proto.OzoneManagerProtocolProtos$OzoneManagerService$2.callBlockingMethod(OzoneManagerProtocolProtos.java) [ozone-interface-client-1.4.0-SNAPSHOT.jar:?]
	at org.apache.hadoop.ipc.ProtobufRpcEngine$Server.processCall(ProtobufRpcEngine.java:484) [hadoop-common-3.3.6.jar:?]
	at org.apache.hadoop.ipc.ProtobufRpcEngine2$Server$ProtoBufRpcInvoker.call(ProtobufRpcEngine2.java:595) [hadoop-common-3.3.6.jar:?]
	at org.apache.hadoop.ipc.ProtobufRpcEngine2$Server$ProtoBufRpcInvoker.call(ProtobufRpcEngine2.java:573) [hadoop-common-3.3.6.jar:?]
	at org.apache.hadoop.ipc.RPC$Server.call(RPC.java:1227) [hadoop-common-3.3.6.jar:?]
	at org.apache.hadoop.ipc.Server$RpcCall.run(Server.java:1094) [hadoop-common-3.3.6.jar:?]
	at org.apache.hadoop.ipc.Server$RpcCall.run(Server.java:1017) [hadoop-common-3.3.6.jar:?]
	at java.security.AccessController.doPrivileged(Native Method) ~[?:1.8.0_382]
	at javax.security.auth.Subject.doAs(Subject.java:422) [?:1.8.0_382]
	at org.apache.hadoop.security.UserGroupInformation.doAs(UserGroupInformation.java:1899) [hadoop-common-3.3.6.jar:?]
	at org.apache.hadoop.ipc.Server$Handler.run(Server.java:3048) [hadoop-common-3.3.6.jar:?]
]]></system-out>
  </testcase>
  <testcase name="testRenameDirToItsOwnSubDir" classname="TestOzoneFileSystem" time="0.041">
    <system-out><![CDATA[2023-09-07 08:52:19,539 [Time-limited test] INFO  ozone.TestOzoneFileSystem (TestOzoneFileSystem.java:testRenameDirToItsOwnSubDir(1177)) - Created dir1 o3fs://bucket22361.volume72881/root/dir1/sub_dir1
2023-09-07 08:52:19,539 [Time-limited test] INFO  ozone.TestOzoneFileSystem (TestOzoneFileSystem.java:testRenameDirToItsOwnSubDir(1180)) - Rename op-> source:o3fs://bucket22361.volume72881/root to destin:o3fs://bucket22361.volume72881/root/dir1/sub_dir1
]]></system-out>
  </testcase>
  <testcase name="testRenameDirToItsOwnSubDir" classname="TestOzoneFileSystem" time="0.019">
    <system-out><![CDATA[2023-09-07 08:54:12,076 [Time-limited test] INFO  ozone.TestOzoneFileSystem (TestOzoneFileSystem.java:testRenameDirToItsOwnSubDir(1177)) - Created dir1 o3fs://bucket89282.volume93671/root/dir1/sub_dir1
2023-09-07 08:54:12,076 [Time-limited test] INFO  ozone.TestOzoneFileSystem (TestOzoneFileSystem.java:testRenameDirToItsOwnSubDir(1180)) - Rename op-> source:o3fs://bucket89282.volume93671/root to destin:o3fs://bucket89282.volume93671/root/dir1/sub_dir1
]]></system-out>
  </testcase>
  <testcase name="testRenameDirToItsOwnSubDir" classname="TestOzoneFileSystem" time="0.014">
    <system-out><![CDATA[2023-09-07 08:55:36,864 [Time-limited test] INFO  ozone.TestOzoneFileSystem (TestOzoneFileSystem.java:testRenameDirToItsOwnSubDir(1177)) - Created dir1 o3fs://bucket29151.volume76246/root/dir1/sub_dir1
2023-09-07 08:55:36,865 [Time-limited test] INFO  ozone.TestOzoneFileSystem (TestOzoneFileSystem.java:testRenameDirToItsOwnSubDir(1180)) - Rename op-> source:o3fs://bucket29151.volume76246/root to destin:o3fs://bucket29151.volume76246/root/dir1/sub_dir1
]]></system-out>
  </testcase>
  <testcase name="testRenameDirToItsOwnSubDir" classname="TestOzoneFileSystem" time="0.01">
    <system-out><![CDATA[2023-09-07 08:57:14,066 [Time-limited test] INFO  ozone.TestOzoneFileSystem (TestOzoneFileSystem.java:testRenameDirToItsOwnSubDir(1177)) - Created dir1 o3fs://bucket31706.volume04563/root/dir1/sub_dir1
2023-09-07 08:57:14,066 [Time-limited test] INFO  ozone.TestOzoneFileSystem (TestOzoneFileSystem.java:testRenameDirToItsOwnSubDir(1180)) - Rename op-> source:o3fs://bucket31706.volume04563/root to destin:o3fs://bucket31706.volume04563/root/dir1/sub_dir1
]]></system-out>
  </testcase>
  <testcase name="testGetDirectoryModificationTime" classname="TestOzoneFileSystem" time="0.215"/>
  <testcase name="testGetDirectoryModificationTime" classname="TestOzoneFileSystem" time="0.139">
    <system-out><![CDATA[2023-09-07 08:54:12,101 [f4e4783d-3001-46db-b6c9-216b79feec14@group-973B30F96FF3-FollowerState] INFO  impl.FollowerState (FollowerState.java:run(143)) - f4e4783d-3001-46db-b6c9-216b79feec14@group-973B30F96FF3-FollowerState: change to CANDIDATE, lastRpcElapsedTime:5126994931ns, electionTimeout:5125ms
2023-09-07 08:54:12,102 [f4e4783d-3001-46db-b6c9-216b79feec14@group-973B30F96FF3-FollowerState] INFO  impl.RoleInfo (RoleInfo.java:shutdownFollowerState(110)) - f4e4783d-3001-46db-b6c9-216b79feec14: shutdown f4e4783d-3001-46db-b6c9-216b79feec14@group-973B30F96FF3-FollowerState
2023-09-07 08:54:12,102 [f4e4783d-3001-46db-b6c9-216b79feec14@group-973B30F96FF3-FollowerState] INFO  server.RaftServer$Division (RaftServerImpl.java:setRole(329)) - f4e4783d-3001-46db-b6c9-216b79feec14@group-973B30F96FF3: changes role from  FOLLOWER to CANDIDATE at term 0 for changeToCandidate
2023-09-07 08:54:12,102 [f4e4783d-3001-46db-b6c9-216b79feec14@group-973B30F96FF3-FollowerState] INFO  server.RaftServerConfigKeys (ConfUtils.java:logGet(46)) - raft.server.leaderelection.pre-vote = true (default)
2023-09-07 08:54:12,102 [f4e4783d-3001-46db-b6c9-216b79feec14@group-973B30F96FF3-FollowerState] INFO  impl.RoleInfo (RoleInfo.java:updateAndGet(139)) - f4e4783d-3001-46db-b6c9-216b79feec14: start f4e4783d-3001-46db-b6c9-216b79feec14@group-973B30F96FF3-LeaderElection18
2023-09-07 08:54:12,107 [f4e4783d-3001-46db-b6c9-216b79feec14@group-973B30F96FF3-LeaderElection18] INFO  impl.LeaderElection (LeaderElection.java:askForVotes(321)) - f4e4783d-3001-46db-b6c9-216b79feec14@group-973B30F96FF3-LeaderElection18 PRE_VOTE round 0: submit vote requests at term 0 for -1: peers:[f4e4783d-3001-46db-b6c9-216b79feec14|rpc:10.1.0.48:15103|admin:10.1.0.48:15102|client:10.1.0.48:15101|dataStream:10.1.0.48:15104|priority:1|startupRole:FOLLOWER]|listeners:[], old=null
2023-09-07 08:54:12,107 [f4e4783d-3001-46db-b6c9-216b79feec14@group-973B30F96FF3-LeaderElection18] INFO  impl.LeaderElection (LeaderElection.java:askForVotes(323)) - f4e4783d-3001-46db-b6c9-216b79feec14@group-973B30F96FF3-LeaderElection18 PRE_VOTE round 0: result PASSED (term=0)
2023-09-07 08:54:12,112 [f4e4783d-3001-46db-b6c9-216b79feec14@group-973B30F96FF3-LeaderElection18] INFO  impl.LeaderElection (LeaderElection.java:askForVotes(321)) - f4e4783d-3001-46db-b6c9-216b79feec14@group-973B30F96FF3-LeaderElection18 ELECTION round 0: submit vote requests at term 1 for -1: peers:[f4e4783d-3001-46db-b6c9-216b79feec14|rpc:10.1.0.48:15103|admin:10.1.0.48:15102|client:10.1.0.48:15101|dataStream:10.1.0.48:15104|priority:1|startupRole:FOLLOWER]|listeners:[], old=null
2023-09-07 08:54:12,112 [f4e4783d-3001-46db-b6c9-216b79feec14@group-973B30F96FF3-LeaderElection18] INFO  impl.LeaderElection (LeaderElection.java:askForVotes(323)) - f4e4783d-3001-46db-b6c9-216b79feec14@group-973B30F96FF3-LeaderElection18 ELECTION round 0: result PASSED (term=1)
2023-09-07 08:54:12,112 [f4e4783d-3001-46db-b6c9-216b79feec14@group-973B30F96FF3-LeaderElection18] INFO  impl.RoleInfo (RoleInfo.java:shutdownLeaderElection(130)) - f4e4783d-3001-46db-b6c9-216b79feec14: shutdown f4e4783d-3001-46db-b6c9-216b79feec14@group-973B30F96FF3-LeaderElection18
2023-09-07 08:54:12,112 [f4e4783d-3001-46db-b6c9-216b79feec14@group-973B30F96FF3-LeaderElection18] INFO  server.RaftServer$Division (RaftServerImpl.java:setRole(329)) - f4e4783d-3001-46db-b6c9-216b79feec14@group-973B30F96FF3: changes role from CANDIDATE to LEADER at term 1 for changeToLeader
2023-09-07 08:54:12,112 [f4e4783d-3001-46db-b6c9-216b79feec14@group-973B30F96FF3-LeaderElection18] INFO  ratis.XceiverServerRatis (XceiverServerRatis.java:handleLeaderChangedNotification(902)) - Leader change notification received for group: group-973B30F96FF3 with new leaderId: f4e4783d-3001-46db-b6c9-216b79feec14
2023-09-07 08:54:12,113 [f4e4783d-3001-46db-b6c9-216b79feec14@group-973B30F96FF3-LeaderElection18] INFO  server.RaftServer$Division (ServerState.java:setLeader(317)) - f4e4783d-3001-46db-b6c9-216b79feec14@group-973B30F96FF3: change Leader from null to f4e4783d-3001-46db-b6c9-216b79feec14 at term 1 for becomeLeader, leader elected after 5165ms
2023-09-07 08:54:12,114 [f4e4783d-3001-46db-b6c9-216b79feec14@group-973B30F96FF3-LeaderElection18] INFO  server.RaftServerConfigKeys (ConfUtils.java:logGet(46)) - raft.server.staging.catchup.gap = 1000 (default)
2023-09-07 08:54:12,114 [f4e4783d-3001-46db-b6c9-216b79feec14@group-973B30F96FF3-LeaderElection18] INFO  server.RaftServerConfigKeys (ConfUtils.java:logGet(46)) - raft.server.write.element-limit = 1024 (custom)
2023-09-07 08:54:12,114 [f4e4783d-3001-46db-b6c9-216b79feec14@group-973B30F96FF3-LeaderElection18] INFO  server.RaftServerConfigKeys (ConfUtils.java:logGet(46)) - raft.server.write.byte-limit = 1024 M (=1073741824) (custom)
2023-09-07 08:54:12,115 [f4e4783d-3001-46db-b6c9-216b79feec14@group-973B30F96FF3-LeaderElection18] INFO  server.RaftServerConfigKeys (ConfUtils.java:logGet(46)) - raft.server.watch.timeout = 180s (custom)
2023-09-07 08:54:12,115 [f4e4783d-3001-46db-b6c9-216b79feec14@group-973B30F96FF3-LeaderElection18] INFO  server.RaftServerConfigKeys (ConfUtils.java:logGet(46)) - raft.server.watch.timeout.denomination = 1s (default)
2023-09-07 08:54:12,115 [f4e4783d-3001-46db-b6c9-216b79feec14@group-973B30F96FF3-LeaderElection18] INFO  server.RaftServerConfigKeys (ConfUtils.java:logGet(46)) - raft.server.watch.element-limit = 65536 (default)
2023-09-07 08:54:12,115 [f4e4783d-3001-46db-b6c9-216b79feec14@group-973B30F96FF3-LeaderElection18] INFO  server.RaftServerConfigKeys (ConfUtils.java:logGet(46)) - raft.server.write.element-limit = 1024 (custom)
2023-09-07 08:54:12,115 [f4e4783d-3001-46db-b6c9-216b79feec14@group-973B30F96FF3-LeaderElection18] INFO  server.RaftServerConfigKeys (ConfUtils.java:logGet(46)) - raft.server.write.follower.gap.ratio.max = -1.0 (default)
2023-09-07 08:54:12,115 [f4e4783d-3001-46db-b6c9-216b79feec14@group-973B30F96FF3-LeaderElection18] INFO  impl.RoleInfo (RoleInfo.java:updateAndGet(139)) - f4e4783d-3001-46db-b6c9-216b79feec14: start f4e4783d-3001-46db-b6c9-216b79feec14@group-973B30F96FF3-LeaderStateImpl
2023-09-07 08:54:12,115 [f4e4783d-3001-46db-b6c9-216b79feec14@group-973B30F96FF3-LeaderElection18] INFO  segmented.SegmentedRaftLogWorker (SegmentedRaftLogWorker.java:startLogSegment(447)) - f4e4783d-3001-46db-b6c9-216b79feec14@group-973B30F96FF3-SegmentedRaftLogWorker: Starting segment from index:0
2023-09-07 08:54:12,116 [f4e4783d-3001-46db-b6c9-216b79feec14@group-973B30F96FF3-LeaderElection18] INFO  server.RaftServer$Division (ServerState.java:setRaftConf(434)) - f4e4783d-3001-46db-b6c9-216b79feec14@group-973B30F96FF3: set configuration 0: peers:[f4e4783d-3001-46db-b6c9-216b79feec14|rpc:10.1.0.48:15103|admin:10.1.0.48:15102|client:10.1.0.48:15101|dataStream:10.1.0.48:15104|priority:1|startupRole:FOLLOWER]|listeners:[], old=null
2023-09-07 08:54:12,116 [f4e4783d-3001-46db-b6c9-216b79feec14@group-973B30F96FF3-SegmentedRaftLogWorker] INFO  segmented.SegmentedRaftLogWorker (SegmentedRaftLogWorker.java:execute(651)) - f4e4783d-3001-46db-b6c9-216b79feec14@group-973B30F96FF3-SegmentedRaftLogWorker: created new log segment /home/runner/work/ozone/ozone/hadoop-ozone/integration-test/target/test-dir/MiniOzoneClusterImpl-ca08a916-3927-468c-b731-1edf5636b3eb/datanode-4/data/ratis/4295f76a-f4e3-4a41-9b29-973b30f96ff3/current/log_inprogress_0
]]></system-out>
  </testcase>
  <testcase name="testGetDirectoryModificationTime" classname="TestOzoneFileSystem" time="0.146">
    <system-out><![CDATA[2023-09-07 08:55:37,003 [ce3bbe74-48b8-4e84-ab92-3c2bb9d4f215@group-E7C8DE832EA6-FollowerState] INFO  impl.FollowerState (FollowerState.java:run(143)) - ce3bbe74-48b8-4e84-ab92-3c2bb9d4f215@group-E7C8DE832EA6-FollowerState: change to CANDIDATE, lastRpcElapsedTime:5053460810ns, electionTimeout:5046ms
2023-09-07 08:55:37,003 [ce3bbe74-48b8-4e84-ab92-3c2bb9d4f215@group-E7C8DE832EA6-FollowerState] INFO  impl.RoleInfo (RoleInfo.java:shutdownFollowerState(110)) - ce3bbe74-48b8-4e84-ab92-3c2bb9d4f215: shutdown ce3bbe74-48b8-4e84-ab92-3c2bb9d4f215@group-E7C8DE832EA6-FollowerState
2023-09-07 08:55:37,003 [ce3bbe74-48b8-4e84-ab92-3c2bb9d4f215@group-E7C8DE832EA6-FollowerState] INFO  server.RaftServer$Division (RaftServerImpl.java:setRole(329)) - ce3bbe74-48b8-4e84-ab92-3c2bb9d4f215@group-E7C8DE832EA6: changes role from  FOLLOWER to CANDIDATE at term 0 for changeToCandidate
2023-09-07 08:55:37,003 [ce3bbe74-48b8-4e84-ab92-3c2bb9d4f215@group-E7C8DE832EA6-FollowerState] INFO  server.RaftServerConfigKeys (ConfUtils.java:logGet(46)) - raft.server.leaderelection.pre-vote = true (default)
2023-09-07 08:55:37,003 [ce3bbe74-48b8-4e84-ab92-3c2bb9d4f215@group-E7C8DE832EA6-FollowerState] INFO  impl.RoleInfo (RoleInfo.java:updateAndGet(139)) - ce3bbe74-48b8-4e84-ab92-3c2bb9d4f215: start ce3bbe74-48b8-4e84-ab92-3c2bb9d4f215@group-E7C8DE832EA6-LeaderElection28
2023-09-07 08:55:37,014 [ce3bbe74-48b8-4e84-ab92-3c2bb9d4f215@group-E7C8DE832EA6-LeaderElection28] INFO  impl.LeaderElection (LeaderElection.java:askForVotes(321)) - ce3bbe74-48b8-4e84-ab92-3c2bb9d4f215@group-E7C8DE832EA6-LeaderElection28 PRE_VOTE round 0: submit vote requests at term 0 for -1: peers:[ce3bbe74-48b8-4e84-ab92-3c2bb9d4f215|rpc:10.1.0.48:15156|admin:10.1.0.48:15155|client:10.1.0.48:15154|dataStream:10.1.0.48:15157|priority:1|startupRole:FOLLOWER]|listeners:[], old=null
2023-09-07 08:55:37,014 [ce3bbe74-48b8-4e84-ab92-3c2bb9d4f215@group-E7C8DE832EA6-LeaderElection28] INFO  impl.LeaderElection (LeaderElection.java:askForVotes(323)) - ce3bbe74-48b8-4e84-ab92-3c2bb9d4f215@group-E7C8DE832EA6-LeaderElection28 PRE_VOTE round 0: result PASSED (term=0)
2023-09-07 08:55:37,017 [ce3bbe74-48b8-4e84-ab92-3c2bb9d4f215@group-E7C8DE832EA6-LeaderElection28] INFO  impl.LeaderElection (LeaderElection.java:askForVotes(321)) - ce3bbe74-48b8-4e84-ab92-3c2bb9d4f215@group-E7C8DE832EA6-LeaderElection28 ELECTION round 0: submit vote requests at term 1 for -1: peers:[ce3bbe74-48b8-4e84-ab92-3c2bb9d4f215|rpc:10.1.0.48:15156|admin:10.1.0.48:15155|client:10.1.0.48:15154|dataStream:10.1.0.48:15157|priority:1|startupRole:FOLLOWER]|listeners:[], old=null
2023-09-07 08:55:37,017 [ce3bbe74-48b8-4e84-ab92-3c2bb9d4f215@group-E7C8DE832EA6-LeaderElection28] INFO  impl.LeaderElection (LeaderElection.java:askForVotes(323)) - ce3bbe74-48b8-4e84-ab92-3c2bb9d4f215@group-E7C8DE832EA6-LeaderElection28 ELECTION round 0: result PASSED (term=1)
2023-09-07 08:55:37,017 [ce3bbe74-48b8-4e84-ab92-3c2bb9d4f215@group-E7C8DE832EA6-LeaderElection28] INFO  impl.RoleInfo (RoleInfo.java:shutdownLeaderElection(130)) - ce3bbe74-48b8-4e84-ab92-3c2bb9d4f215: shutdown ce3bbe74-48b8-4e84-ab92-3c2bb9d4f215@group-E7C8DE832EA6-LeaderElection28
2023-09-07 08:55:37,017 [ce3bbe74-48b8-4e84-ab92-3c2bb9d4f215@group-E7C8DE832EA6-LeaderElection28] INFO  server.RaftServer$Division (RaftServerImpl.java:setRole(329)) - ce3bbe74-48b8-4e84-ab92-3c2bb9d4f215@group-E7C8DE832EA6: changes role from CANDIDATE to LEADER at term 1 for changeToLeader
2023-09-07 08:55:37,017 [ce3bbe74-48b8-4e84-ab92-3c2bb9d4f215@group-E7C8DE832EA6-LeaderElection28] INFO  ratis.XceiverServerRatis (XceiverServerRatis.java:handleLeaderChangedNotification(902)) - Leader change notification received for group: group-E7C8DE832EA6 with new leaderId: ce3bbe74-48b8-4e84-ab92-3c2bb9d4f215
2023-09-07 08:55:37,017 [ce3bbe74-48b8-4e84-ab92-3c2bb9d4f215@group-E7C8DE832EA6-LeaderElection28] INFO  server.RaftServer$Division (ServerState.java:setLeader(317)) - ce3bbe74-48b8-4e84-ab92-3c2bb9d4f215@group-E7C8DE832EA6: change Leader from null to ce3bbe74-48b8-4e84-ab92-3c2bb9d4f215 at term 1 for becomeLeader, leader elected after 5091ms
2023-09-07 08:55:37,017 [ce3bbe74-48b8-4e84-ab92-3c2bb9d4f215@group-E7C8DE832EA6-LeaderElection28] INFO  server.RaftServerConfigKeys (ConfUtils.java:logGet(46)) - raft.server.staging.catchup.gap = 1000 (default)
2023-09-07 08:55:37,017 [ce3bbe74-48b8-4e84-ab92-3c2bb9d4f215@group-E7C8DE832EA6-LeaderElection28] INFO  server.RaftServerConfigKeys (ConfUtils.java:logGet(46)) - raft.server.write.element-limit = 1024 (custom)
2023-09-07 08:55:37,017 [ce3bbe74-48b8-4e84-ab92-3c2bb9d4f215@group-E7C8DE832EA6-LeaderElection28] INFO  server.RaftServerConfigKeys (ConfUtils.java:logGet(46)) - raft.server.write.byte-limit = 1024 M (=1073741824) (custom)
2023-09-07 08:55:37,018 [ce3bbe74-48b8-4e84-ab92-3c2bb9d4f215@group-E7C8DE832EA6-LeaderElection28] INFO  server.RaftServerConfigKeys (ConfUtils.java:logGet(46)) - raft.server.watch.timeout = 180s (custom)
2023-09-07 08:55:37,018 [ce3bbe74-48b8-4e84-ab92-3c2bb9d4f215@group-E7C8DE832EA6-LeaderElection28] INFO  server.RaftServerConfigKeys (ConfUtils.java:logGet(46)) - raft.server.watch.timeout.denomination = 1s (default)
2023-09-07 08:55:37,018 [ce3bbe74-48b8-4e84-ab92-3c2bb9d4f215@group-E7C8DE832EA6-LeaderElection28] INFO  server.RaftServerConfigKeys (ConfUtils.java:logGet(46)) - raft.server.watch.element-limit = 65536 (default)
2023-09-07 08:55:37,018 [ce3bbe74-48b8-4e84-ab92-3c2bb9d4f215@group-E7C8DE832EA6-LeaderElection28] INFO  server.RaftServerConfigKeys (ConfUtils.java:logGet(46)) - raft.server.write.element-limit = 1024 (custom)
2023-09-07 08:55:37,018 [ce3bbe74-48b8-4e84-ab92-3c2bb9d4f215@group-E7C8DE832EA6-LeaderElection28] INFO  server.RaftServerConfigKeys (ConfUtils.java:logGet(46)) - raft.server.write.follower.gap.ratio.max = -1.0 (default)
2023-09-07 08:55:37,018 [ce3bbe74-48b8-4e84-ab92-3c2bb9d4f215@group-E7C8DE832EA6-LeaderElection28] INFO  impl.RoleInfo (RoleInfo.java:updateAndGet(139)) - ce3bbe74-48b8-4e84-ab92-3c2bb9d4f215: start ce3bbe74-48b8-4e84-ab92-3c2bb9d4f215@group-E7C8DE832EA6-LeaderStateImpl
2023-09-07 08:55:37,018 [ce3bbe74-48b8-4e84-ab92-3c2bb9d4f215@group-E7C8DE832EA6-LeaderElection28] INFO  segmented.SegmentedRaftLogWorker (SegmentedRaftLogWorker.java:startLogSegment(447)) - ce3bbe74-48b8-4e84-ab92-3c2bb9d4f215@group-E7C8DE832EA6-SegmentedRaftLogWorker: Starting segment from index:0
2023-09-07 08:55:37,020 [ce3bbe74-48b8-4e84-ab92-3c2bb9d4f215@group-E7C8DE832EA6-SegmentedRaftLogWorker] INFO  segmented.SegmentedRaftLogWorker (SegmentedRaftLogWorker.java:execute(651)) - ce3bbe74-48b8-4e84-ab92-3c2bb9d4f215@group-E7C8DE832EA6-SegmentedRaftLogWorker: created new log segment /home/runner/work/ozone/ozone/hadoop-ozone/integration-test/target/test-dir/MiniOzoneClusterImpl-06b57250-6369-4c93-9764-bbc94174df1e/datanode-4/data/ratis/d2d516a1-2eed-42ef-b27d-e7c8de832ea6/current/log_inprogress_0
]]></system-out>
  </testcase>
  <testcase name="testGetDirectoryModificationTime" classname="TestOzoneFileSystem" time="0.135">
    <system-out><![CDATA[2023-09-07 08:57:14,088 [c9797992-92b1-488c-b385-6ae238fab233@group-F69C95570503-FollowerState] INFO  impl.FollowerState (FollowerState.java:run(143)) - c9797992-92b1-488c-b385-6ae238fab233@group-F69C95570503-FollowerState: change to CANDIDATE, lastRpcElapsedTime:5153731146ns, electionTimeout:5153ms
2023-09-07 08:57:14,088 [c9797992-92b1-488c-b385-6ae238fab233@group-F69C95570503-FollowerState] INFO  impl.RoleInfo (RoleInfo.java:shutdownFollowerState(110)) - c9797992-92b1-488c-b385-6ae238fab233: shutdown c9797992-92b1-488c-b385-6ae238fab233@group-F69C95570503-FollowerState
2023-09-07 08:57:14,088 [c9797992-92b1-488c-b385-6ae238fab233@group-F69C95570503-FollowerState] INFO  server.RaftServer$Division (RaftServerImpl.java:setRole(329)) - c9797992-92b1-488c-b385-6ae238fab233@group-F69C95570503: changes role from  FOLLOWER to CANDIDATE at term 0 for changeToCandidate
2023-09-07 08:57:14,088 [c9797992-92b1-488c-b385-6ae238fab233@group-F69C95570503-FollowerState] INFO  server.RaftServerConfigKeys (ConfUtils.java:logGet(46)) - raft.server.leaderelection.pre-vote = true (default)
2023-09-07 08:57:14,088 [c9797992-92b1-488c-b385-6ae238fab233@group-F69C95570503-FollowerState] INFO  impl.RoleInfo (RoleInfo.java:updateAndGet(139)) - c9797992-92b1-488c-b385-6ae238fab233: start c9797992-92b1-488c-b385-6ae238fab233@group-F69C95570503-LeaderElection35
2023-09-07 08:57:14,092 [c9797992-92b1-488c-b385-6ae238fab233@group-F69C95570503-LeaderElection35] INFO  impl.LeaderElection (LeaderElection.java:askForVotes(321)) - c9797992-92b1-488c-b385-6ae238fab233@group-F69C95570503-LeaderElection35 PRE_VOTE round 0: submit vote requests at term 0 for -1: peers:[c9797992-92b1-488c-b385-6ae238fab233|rpc:10.1.0.48:15200|admin:10.1.0.48:15199|client:10.1.0.48:15198|dataStream:10.1.0.48:15201|priority:1|startupRole:FOLLOWER]|listeners:[], old=null
2023-09-07 08:57:14,093 [c9797992-92b1-488c-b385-6ae238fab233@group-F69C95570503-LeaderElection35] INFO  impl.LeaderElection (LeaderElection.java:askForVotes(323)) - c9797992-92b1-488c-b385-6ae238fab233@group-F69C95570503-LeaderElection35 PRE_VOTE round 0: result PASSED (term=0)
2023-09-07 08:57:14,096 [c9797992-92b1-488c-b385-6ae238fab233@group-F69C95570503-LeaderElection35] INFO  impl.LeaderElection (LeaderElection.java:askForVotes(321)) - c9797992-92b1-488c-b385-6ae238fab233@group-F69C95570503-LeaderElection35 ELECTION round 0: submit vote requests at term 1 for -1: peers:[c9797992-92b1-488c-b385-6ae238fab233|rpc:10.1.0.48:15200|admin:10.1.0.48:15199|client:10.1.0.48:15198|dataStream:10.1.0.48:15201|priority:1|startupRole:FOLLOWER]|listeners:[], old=null
2023-09-07 08:57:14,096 [c9797992-92b1-488c-b385-6ae238fab233@group-F69C95570503-LeaderElection35] INFO  impl.LeaderElection (LeaderElection.java:askForVotes(323)) - c9797992-92b1-488c-b385-6ae238fab233@group-F69C95570503-LeaderElection35 ELECTION round 0: result PASSED (term=1)
2023-09-07 08:57:14,096 [c9797992-92b1-488c-b385-6ae238fab233@group-F69C95570503-LeaderElection35] INFO  impl.RoleInfo (RoleInfo.java:shutdownLeaderElection(130)) - c9797992-92b1-488c-b385-6ae238fab233: shutdown c9797992-92b1-488c-b385-6ae238fab233@group-F69C95570503-LeaderElection35
2023-09-07 08:57:14,096 [c9797992-92b1-488c-b385-6ae238fab233@group-F69C95570503-LeaderElection35] INFO  server.RaftServer$Division (RaftServerImpl.java:setRole(329)) - c9797992-92b1-488c-b385-6ae238fab233@group-F69C95570503: changes role from CANDIDATE to LEADER at term 1 for changeToLeader
2023-09-07 08:57:14,096 [c9797992-92b1-488c-b385-6ae238fab233@group-F69C95570503-LeaderElection35] INFO  ratis.XceiverServerRatis (XceiverServerRatis.java:handleLeaderChangedNotification(902)) - Leader change notification received for group: group-F69C95570503 with new leaderId: c9797992-92b1-488c-b385-6ae238fab233
2023-09-07 08:57:14,096 [c9797992-92b1-488c-b385-6ae238fab233@group-F69C95570503-LeaderElection35] INFO  server.RaftServer$Division (ServerState.java:setLeader(317)) - c9797992-92b1-488c-b385-6ae238fab233@group-F69C95570503: change Leader from null to c9797992-92b1-488c-b385-6ae238fab233 at term 1 for becomeLeader, leader elected after 5181ms
2023-09-07 08:57:14,096 [c9797992-92b1-488c-b385-6ae238fab233@group-F69C95570503-LeaderElection35] INFO  server.RaftServerConfigKeys (ConfUtils.java:logGet(46)) - raft.server.staging.catchup.gap = 1000 (default)
2023-09-07 08:57:14,097 [c9797992-92b1-488c-b385-6ae238fab233@group-F69C95570503-LeaderElection35] INFO  server.RaftServerConfigKeys (ConfUtils.java:logGet(46)) - raft.server.write.element-limit = 1024 (custom)
2023-09-07 08:57:14,097 [c9797992-92b1-488c-b385-6ae238fab233@group-F69C95570503-LeaderElection35] INFO  server.RaftServerConfigKeys (ConfUtils.java:logGet(46)) - raft.server.write.byte-limit = 1024 M (=1073741824) (custom)
2023-09-07 08:57:14,097 [c9797992-92b1-488c-b385-6ae238fab233@group-F69C95570503-LeaderElection35] INFO  server.RaftServerConfigKeys (ConfUtils.java:logGet(46)) - raft.server.watch.timeout = 180s (custom)
2023-09-07 08:57:14,097 [c9797992-92b1-488c-b385-6ae238fab233@group-F69C95570503-LeaderElection35] INFO  server.RaftServerConfigKeys (ConfUtils.java:logGet(46)) - raft.server.watch.timeout.denomination = 1s (default)
2023-09-07 08:57:14,097 [c9797992-92b1-488c-b385-6ae238fab233@group-F69C95570503-LeaderElection35] INFO  server.RaftServerConfigKeys (ConfUtils.java:logGet(46)) - raft.server.watch.element-limit = 65536 (default)
2023-09-07 08:57:14,097 [c9797992-92b1-488c-b385-6ae238fab233@group-F69C95570503-LeaderElection35] INFO  server.RaftServerConfigKeys (ConfUtils.java:logGet(46)) - raft.server.write.element-limit = 1024 (custom)
2023-09-07 08:57:14,097 [c9797992-92b1-488c-b385-6ae238fab233@group-F69C95570503-LeaderElection35] INFO  server.RaftServerConfigKeys (ConfUtils.java:logGet(46)) - raft.server.write.follower.gap.ratio.max = -1.0 (default)
2023-09-07 08:57:14,098 [c9797992-92b1-488c-b385-6ae238fab233@group-F69C95570503-LeaderElection35] INFO  impl.RoleInfo (RoleInfo.java:updateAndGet(139)) - c9797992-92b1-488c-b385-6ae238fab233: start c9797992-92b1-488c-b385-6ae238fab233@group-F69C95570503-LeaderStateImpl
2023-09-07 08:57:14,098 [c9797992-92b1-488c-b385-6ae238fab233@group-F69C95570503-LeaderElection35] INFO  segmented.SegmentedRaftLogWorker (SegmentedRaftLogWorker.java:startLogSegment(447)) - c9797992-92b1-488c-b385-6ae238fab233@group-F69C95570503-SegmentedRaftLogWorker: Starting segment from index:0
2023-09-07 08:57:14,099 [c9797992-92b1-488c-b385-6ae238fab233@group-F69C95570503-LeaderElection35] INFO  server.RaftServer$Division (ServerState.java:setRaftConf(434)) - c9797992-92b1-488c-b385-6ae238fab233@group-F69C95570503: set configuration 0: peers:[c9797992-92b1-488c-b385-6ae238fab233|rpc:10.1.0.48:15200|admin:10.1.0.48:15199|client:10.1.0.48:15198|dataStream:10.1.0.48:15201|priority:1|startupRole:FOLLOWER]|listeners:[], old=null
2023-09-07 08:57:14,100 [c9797992-92b1-488c-b385-6ae238fab233@group-F69C95570503-SegmentedRaftLogWorker] INFO  segmented.SegmentedRaftLogWorker (SegmentedRaftLogWorker.java:execute(651)) - c9797992-92b1-488c-b385-6ae238fab233@group-F69C95570503-SegmentedRaftLogWorker: created new log segment /home/runner/work/ozone/ozone/hadoop-ozone/integration-test/target/test-dir/MiniOzoneClusterImpl-4f49b7df-1fbb-48bb-ad24-05a827c4b894/datanode-3/data/ratis/f6781e7c-44d6-4ec5-bde0-f69c95570503/current/log_inprogress_0
]]></system-out>
  </testcase>
  <testcase name="testOzoneFsServiceLoader" classname="TestOzoneFileSystem" time="0.01"/>
  <testcase name="testOzoneFsServiceLoader" classname="TestOzoneFileSystem" time="0.002"/>
  <testcase name="testOzoneFsServiceLoader" classname="TestOzoneFileSystem" time="0.021">
    <system-out><![CDATA[2023-09-07 08:55:37,039 [ce3bbe74-48b8-4e84-ab92-3c2bb9d4f215@group-E7C8DE832EA6-LeaderElection28] INFO  server.RaftServer$Division (ServerState.java:setRaftConf(434)) - ce3bbe74-48b8-4e84-ab92-3c2bb9d4f215@group-E7C8DE832EA6: set configuration 0: peers:[ce3bbe74-48b8-4e84-ab92-3c2bb9d4f215|rpc:10.1.0.48:15156|admin:10.1.0.48:15155|client:10.1.0.48:15154|dataStream:10.1.0.48:15157|priority:1|startupRole:FOLLOWER]|listeners:[], old=null
]]></system-out>
  </testcase>
  <testcase name="testOzoneFsServiceLoader" classname="TestOzoneFileSystem" time="0.002"/>
  <testcase name="testTrash" classname="TestOzoneFileSystem" time="4.38">
    <system-out><![CDATA[08:52:19.823 [IPC Server handler 1 on default port 15004] ERROR OMAudit - user=runner | ip=127.0.0.1 | op=GET_FILE_STATUS {volume=volume72881, bucket=bucket22361, key=.Trash/runner, dataSize=0, replicationConfig=null} | ret=FAILURE
org.apache.hadoop.ozone.om.exceptions.OMException: Unable to get file status: volume: volume72881 bucket: bucket22361 key: .Trash/runner
	at org.apache.hadoop.ozone.om.KeyManagerImpl.getOzoneFileStatus(KeyManagerImpl.java:1195) ~[ozone-manager-1.4.0-SNAPSHOT.jar:?]
	at org.apache.hadoop.ozone.om.KeyManagerImpl.getFileStatus(KeyManagerImpl.java:1113) ~[ozone-manager-1.4.0-SNAPSHOT.jar:?]
	at org.apache.hadoop.ozone.om.OmMetadataReader.getFileStatus(OmMetadataReader.java:262) ~[ozone-manager-1.4.0-SNAPSHOT.jar:?]
	at org.apache.hadoop.ozone.om.OzoneManager.getFileStatus(OzoneManager.java:3530) ~[ozone-manager-1.4.0-SNAPSHOT.jar:?]
	at org.apache.hadoop.ozone.protocolPB.OzoneManagerRequestHandler.getOzoneFileStatus(OzoneManagerRequestHandler.java:971) ~[ozone-manager-1.4.0-SNAPSHOT.jar:?]
	at org.apache.hadoop.ozone.protocolPB.OzoneManagerRequestHandler.handleReadRequest(OzoneManagerRequestHandler.java:250) ~[ozone-manager-1.4.0-SNAPSHOT.jar:?]
	at org.apache.hadoop.ozone.protocolPB.OzoneManagerProtocolServerSideTranslatorPB.submitReadRequestToOM(OzoneManagerProtocolServerSideTranslatorPB.java:225) ~[ozone-manager-1.4.0-SNAPSHOT.jar:?]
	at org.apache.hadoop.ozone.protocolPB.OzoneManagerProtocolServerSideTranslatorPB.processRequest(OzoneManagerProtocolServerSideTranslatorPB.java:179) ~[ozone-manager-1.4.0-SNAPSHOT.jar:?]
	at org.apache.hadoop.hdds.server.OzoneProtocolMessageDispatcher.processRequest(OzoneProtocolMessageDispatcher.java:87) [hdds-server-framework-1.4.0-SNAPSHOT.jar:?]
	at org.apache.hadoop.ozone.protocolPB.OzoneManagerProtocolServerSideTranslatorPB.submitRequest(OzoneManagerProtocolServerSideTranslatorPB.java:148) [ozone-manager-1.4.0-SNAPSHOT.jar:?]
	at org.apache.hadoop.ozone.protocol.proto.OzoneManagerProtocolProtos$OzoneManagerService$2.callBlockingMethod(OzoneManagerProtocolProtos.java) [ozone-interface-client-1.4.0-SNAPSHOT.jar:?]
	at org.apache.hadoop.ipc.ProtobufRpcEngine$Server.processCall(ProtobufRpcEngine.java:484) [hadoop-common-3.3.6.jar:?]
	at org.apache.hadoop.ipc.ProtobufRpcEngine2$Server$ProtoBufRpcInvoker.call(ProtobufRpcEngine2.java:595) [hadoop-common-3.3.6.jar:?]
	at org.apache.hadoop.ipc.ProtobufRpcEngine2$Server$ProtoBufRpcInvoker.call(ProtobufRpcEngine2.java:573) [hadoop-common-3.3.6.jar:?]
	at org.apache.hadoop.ipc.RPC$Server.call(RPC.java:1227) [hadoop-common-3.3.6.jar:?]
	at org.apache.hadoop.ipc.Server$RpcCall.run(Server.java:1094) [hadoop-common-3.3.6.jar:?]
	at org.apache.hadoop.ipc.Server$RpcCall.run(Server.java:1017) [hadoop-common-3.3.6.jar:?]
	at java.security.AccessController.doPrivileged(Native Method) ~[?:1.8.0_382]
	at javax.security.auth.Subject.doAs(Subject.java:422) [?:1.8.0_382]
	at org.apache.hadoop.security.UserGroupInformation.doAs(UserGroupInformation.java:1899) [hadoop-common-3.3.6.jar:?]
	at org.apache.hadoop.ipc.Server$Handler.run(Server.java:3048) [hadoop-common-3.3.6.jar:?]
08:52:19.838 [IPC Server handler 6 on default port 15004] ERROR OMAudit - user=runner | ip=127.0.0.1 | op=GET_FILE_STATUS {volume=volume72881, bucket=bucket22361, key=.Trash/runner/Current/testKey2, dataSize=0, replicationConfig=null} | ret=FAILURE
org.apache.hadoop.ozone.om.exceptions.OMException: Unable to get file status: volume: volume72881 bucket: bucket22361 key: .Trash/runner/Current/testKey2
	at org.apache.hadoop.ozone.om.KeyManagerImpl.getOzoneFileStatus(KeyManagerImpl.java:1195) ~[ozone-manager-1.4.0-SNAPSHOT.jar:?]
	at org.apache.hadoop.ozone.om.KeyManagerImpl.getFileStatus(KeyManagerImpl.java:1113) ~[ozone-manager-1.4.0-SNAPSHOT.jar:?]
	at org.apache.hadoop.ozone.om.OmMetadataReader.getFileStatus(OmMetadataReader.java:262) ~[ozone-manager-1.4.0-SNAPSHOT.jar:?]
	at org.apache.hadoop.ozone.om.OzoneManager.getFileStatus(OzoneManager.java:3530) ~[ozone-manager-1.4.0-SNAPSHOT.jar:?]
	at org.apache.hadoop.ozone.protocolPB.OzoneManagerRequestHandler.getOzoneFileStatus(OzoneManagerRequestHandler.java:971) ~[ozone-manager-1.4.0-SNAPSHOT.jar:?]
	at org.apache.hadoop.ozone.protocolPB.OzoneManagerRequestHandler.handleReadRequest(OzoneManagerRequestHandler.java:250) ~[ozone-manager-1.4.0-SNAPSHOT.jar:?]
	at org.apache.hadoop.ozone.protocolPB.OzoneManagerProtocolServerSideTranslatorPB.submitReadRequestToOM(OzoneManagerProtocolServerSideTranslatorPB.java:225) ~[ozone-manager-1.4.0-SNAPSHOT.jar:?]
	at org.apache.hadoop.ozone.protocolPB.OzoneManagerProtocolServerSideTranslatorPB.processRequest(OzoneManagerProtocolServerSideTranslatorPB.java:179) ~[ozone-manager-1.4.0-SNAPSHOT.jar:?]
	at org.apache.hadoop.hdds.server.OzoneProtocolMessageDispatcher.processRequest(OzoneProtocolMessageDispatcher.java:87) [hdds-server-framework-1.4.0-SNAPSHOT.jar:?]
	at org.apache.hadoop.ozone.protocolPB.OzoneManagerProtocolServerSideTranslatorPB.submitRequest(OzoneManagerProtocolServerSideTranslatorPB.java:148) [ozone-manager-1.4.0-SNAPSHOT.jar:?]
	at org.apache.hadoop.ozone.protocol.proto.OzoneManagerProtocolProtos$OzoneManagerService$2.callBlockingMethod(OzoneManagerProtocolProtos.java) [ozone-interface-client-1.4.0-SNAPSHOT.jar:?]
	at org.apache.hadoop.ipc.ProtobufRpcEngine$Server.processCall(ProtobufRpcEngine.java:484) [hadoop-common-3.3.6.jar:?]
	at org.apache.hadoop.ipc.ProtobufRpcEngine2$Server$ProtoBufRpcInvoker.call(ProtobufRpcEngine2.java:595) [hadoop-common-3.3.6.jar:?]
	at org.apache.hadoop.ipc.ProtobufRpcEngine2$Server$ProtoBufRpcInvoker.call(ProtobufRpcEngine2.java:573) [hadoop-common-3.3.6.jar:?]
	at org.apache.hadoop.ipc.RPC$Server.call(RPC.java:1227) [hadoop-common-3.3.6.jar:?]
	at org.apache.hadoop.ipc.Server$RpcCall.run(Server.java:1094) [hadoop-common-3.3.6.jar:?]
	at org.apache.hadoop.ipc.Server$RpcCall.run(Server.java:1017) [hadoop-common-3.3.6.jar:?]
	at java.security.AccessController.doPrivileged(Native Method) ~[?:1.8.0_382]
	at javax.security.auth.Subject.doAs(Subject.java:422) [?:1.8.0_382]
	at org.apache.hadoop.security.UserGroupInformation.doAs(UserGroupInformation.java:1899) [hadoop-common-3.3.6.jar:?]
	at org.apache.hadoop.ipc.Server$Handler.run(Server.java:3048) [hadoop-common-3.3.6.jar:?]
08:52:19.843 [IPC Server handler 13 on default port 15004] ERROR OMAudit - user=runner | ip=127.0.0.1 | op=GET_FILE_STATUS {volume=volume72881, bucket=bucket22361, key=.Trash/runner/Current/testKey2, dataSize=0, replicationConfig=null} | ret=FAILURE
org.apache.hadoop.ozone.om.exceptions.OMException: Unable to get file status: volume: volume72881 bucket: bucket22361 key: .Trash/runner/Current/testKey2
	at org.apache.hadoop.ozone.om.KeyManagerImpl.getOzoneFileStatus(KeyManagerImpl.java:1195) ~[ozone-manager-1.4.0-SNAPSHOT.jar:?]
	at org.apache.hadoop.ozone.om.KeyManagerImpl.getFileStatus(KeyManagerImpl.java:1113) ~[ozone-manager-1.4.0-SNAPSHOT.jar:?]
	at org.apache.hadoop.ozone.om.OmMetadataReader.getFileStatus(OmMetadataReader.java:262) ~[ozone-manager-1.4.0-SNAPSHOT.jar:?]
	at org.apache.hadoop.ozone.om.OzoneManager.getFileStatus(OzoneManager.java:3530) ~[ozone-manager-1.4.0-SNAPSHOT.jar:?]
	at org.apache.hadoop.ozone.protocolPB.OzoneManagerRequestHandler.getOzoneFileStatus(OzoneManagerRequestHandler.java:971) ~[ozone-manager-1.4.0-SNAPSHOT.jar:?]
	at org.apache.hadoop.ozone.protocolPB.OzoneManagerRequestHandler.handleReadRequest(OzoneManagerRequestHandler.java:250) ~[ozone-manager-1.4.0-SNAPSHOT.jar:?]
	at org.apache.hadoop.ozone.protocolPB.OzoneManagerProtocolServerSideTranslatorPB.submitReadRequestToOM(OzoneManagerProtocolServerSideTranslatorPB.java:225) ~[ozone-manager-1.4.0-SNAPSHOT.jar:?]
	at org.apache.hadoop.ozone.protocolPB.OzoneManagerProtocolServerSideTranslatorPB.processRequest(OzoneManagerProtocolServerSideTranslatorPB.java:179) ~[ozone-manager-1.4.0-SNAPSHOT.jar:?]
	at org.apache.hadoop.hdds.server.OzoneProtocolMessageDispatcher.processRequest(OzoneProtocolMessageDispatcher.java:87) [hdds-server-framework-1.4.0-SNAPSHOT.jar:?]
	at org.apache.hadoop.ozone.protocolPB.OzoneManagerProtocolServerSideTranslatorPB.submitRequest(OzoneManagerProtocolServerSideTranslatorPB.java:148) [ozone-manager-1.4.0-SNAPSHOT.jar:?]
	at org.apache.hadoop.ozone.protocol.proto.OzoneManagerProtocolProtos$OzoneManagerService$2.callBlockingMethod(OzoneManagerProtocolProtos.java) [ozone-interface-client-1.4.0-SNAPSHOT.jar:?]
	at org.apache.hadoop.ipc.ProtobufRpcEngine$Server.processCall(ProtobufRpcEngine.java:484) [hadoop-common-3.3.6.jar:?]
	at org.apache.hadoop.ipc.ProtobufRpcEngine2$Server$ProtoBufRpcInvoker.call(ProtobufRpcEngine2.java:595) [hadoop-common-3.3.6.jar:?]
	at org.apache.hadoop.ipc.ProtobufRpcEngine2$Server$ProtoBufRpcInvoker.call(ProtobufRpcEngine2.java:573) [hadoop-common-3.3.6.jar:?]
	at org.apache.hadoop.ipc.RPC$Server.call(RPC.java:1227) [hadoop-common-3.3.6.jar:?]
	at org.apache.hadoop.ipc.Server$RpcCall.run(Server.java:1094) [hadoop-common-3.3.6.jar:?]
	at org.apache.hadoop.ipc.Server$RpcCall.run(Server.java:1017) [hadoop-common-3.3.6.jar:?]
	at java.security.AccessController.doPrivileged(Native Method) ~[?:1.8.0_382]
	at javax.security.auth.Subject.doAs(Subject.java:422) [?:1.8.0_382]
	at org.apache.hadoop.security.UserGroupInformation.doAs(UserGroupInformation.java:1899) [hadoop-common-3.3.6.jar:?]
	at org.apache.hadoop.ipc.Server$Handler.run(Server.java:3048) [hadoop-common-3.3.6.jar:?]
2023-09-07 08:52:19,859 [Time-limited test] INFO  om.TrashPolicyOzone (TrashPolicyOzone.java:moveToTrash(209)) - Moved: '/testKey2' to trash at: o3fs://bucket22361.volume72881/.Trash/runner/Current/testKey2
08:52:21.123 [IPC Server handler 19 on default port 15004] ERROR OMAudit - user=runner | ip=127.0.0.1 | op=GET_FILE_STATUS {volume=volume72881, bucket=bucket22361, key=.Trash/runner/Current/testKey2, dataSize=0, replicationConfig=null} | ret=FAILURE
org.apache.hadoop.ozone.om.exceptions.OMException: Unable to get file status: volume: volume72881 bucket: bucket22361 key: .Trash/runner/Current/testKey2
	at org.apache.hadoop.ozone.om.KeyManagerImpl.getOzoneFileStatus(KeyManagerImpl.java:1195) ~[ozone-manager-1.4.0-SNAPSHOT.jar:?]
	at org.apache.hadoop.ozone.om.KeyManagerImpl.getFileStatus(KeyManagerImpl.java:1113) ~[ozone-manager-1.4.0-SNAPSHOT.jar:?]
	at org.apache.hadoop.ozone.om.OmMetadataReader.getFileStatus(OmMetadataReader.java:262) ~[ozone-manager-1.4.0-SNAPSHOT.jar:?]
	at org.apache.hadoop.ozone.om.OzoneManager.getFileStatus(OzoneManager.java:3530) ~[ozone-manager-1.4.0-SNAPSHOT.jar:?]
	at org.apache.hadoop.ozone.protocolPB.OzoneManagerRequestHandler.getOzoneFileStatus(OzoneManagerRequestHandler.java:971) ~[ozone-manager-1.4.0-SNAPSHOT.jar:?]
	at org.apache.hadoop.ozone.protocolPB.OzoneManagerRequestHandler.handleReadRequest(OzoneManagerRequestHandler.java:250) ~[ozone-manager-1.4.0-SNAPSHOT.jar:?]
	at org.apache.hadoop.ozone.protocolPB.OzoneManagerProtocolServerSideTranslatorPB.submitReadRequestToOM(OzoneManagerProtocolServerSideTranslatorPB.java:225) ~[ozone-manager-1.4.0-SNAPSHOT.jar:?]
	at org.apache.hadoop.ozone.protocolPB.OzoneManagerProtocolServerSideTranslatorPB.processRequest(OzoneManagerProtocolServerSideTranslatorPB.java:179) ~[ozone-manager-1.4.0-SNAPSHOT.jar:?]
	at org.apache.hadoop.hdds.server.OzoneProtocolMessageDispatcher.processRequest(OzoneProtocolMessageDispatcher.java:87) [hdds-server-framework-1.4.0-SNAPSHOT.jar:?]
	at org.apache.hadoop.ozone.protocolPB.OzoneManagerProtocolServerSideTranslatorPB.submitRequest(OzoneManagerProtocolServerSideTranslatorPB.java:148) [ozone-manager-1.4.0-SNAPSHOT.jar:?]
	at org.apache.hadoop.ozone.protocol.proto.OzoneManagerProtocolProtos$OzoneManagerService$2.callBlockingMethod(OzoneManagerProtocolProtos.java) [ozone-interface-client-1.4.0-SNAPSHOT.jar:?]
	at org.apache.hadoop.ipc.ProtobufRpcEngine$Server.processCall(ProtobufRpcEngine.java:484) [hadoop-common-3.3.6.jar:?]
	at org.apache.hadoop.ipc.ProtobufRpcEngine2$Server$ProtoBufRpcInvoker.call(ProtobufRpcEngine2.java:595) [hadoop-common-3.3.6.jar:?]
	at org.apache.hadoop.ipc.ProtobufRpcEngine2$Server$ProtoBufRpcInvoker.call(ProtobufRpcEngine2.java:573) [hadoop-common-3.3.6.jar:?]
	at org.apache.hadoop.ipc.RPC$Server.call(RPC.java:1227) [hadoop-common-3.3.6.jar:?]
	at org.apache.hadoop.ipc.Server$RpcCall.run(Server.java:1094) [hadoop-common-3.3.6.jar:?]
	at org.apache.hadoop.ipc.Server$RpcCall.run(Server.java:1017) [hadoop-common-3.3.6.jar:?]
	at java.security.AccessController.doPrivileged(Native Method) ~[?:1.8.0_382]
	at javax.security.auth.Subject.doAs(Subject.java:422) [?:1.8.0_382]
	at org.apache.hadoop.security.UserGroupInformation.doAs(UserGroupInformation.java:1899) [hadoop-common-3.3.6.jar:?]
	at org.apache.hadoop.ipc.Server$Handler.run(Server.java:3048) [hadoop-common-3.3.6.jar:?]
]]></system-out>
  </testcase>
  <testcase name="testTrash" classname="TestOzoneFileSystem" time="4.389">
    <system-out><![CDATA[08:54:12.248 [IPC Server handler 6 on default port 15057] ERROR OMAudit - user=runner | ip=127.0.0.1 | op=GET_FILE_STATUS {volume=volume93671, bucket=bucket89282, key=.Trash/runner, dataSize=0, replicationConfig=null} | ret=FAILURE
org.apache.hadoop.ozone.om.exceptions.OMException: Unable to get file status: volume: volume93671 bucket: bucket89282 key: .Trash/runner
	at org.apache.hadoop.ozone.om.KeyManagerImpl.getOzoneFileStatus(KeyManagerImpl.java:1195) ~[ozone-manager-1.4.0-SNAPSHOT.jar:?]
	at org.apache.hadoop.ozone.om.KeyManagerImpl.getFileStatus(KeyManagerImpl.java:1113) ~[ozone-manager-1.4.0-SNAPSHOT.jar:?]
	at org.apache.hadoop.ozone.om.OmMetadataReader.getFileStatus(OmMetadataReader.java:262) ~[ozone-manager-1.4.0-SNAPSHOT.jar:?]
	at org.apache.hadoop.ozone.om.OzoneManager.getFileStatus(OzoneManager.java:3530) ~[ozone-manager-1.4.0-SNAPSHOT.jar:?]
	at org.apache.hadoop.ozone.protocolPB.OzoneManagerRequestHandler.getOzoneFileStatus(OzoneManagerRequestHandler.java:971) ~[ozone-manager-1.4.0-SNAPSHOT.jar:?]
	at org.apache.hadoop.ozone.protocolPB.OzoneManagerRequestHandler.handleReadRequest(OzoneManagerRequestHandler.java:250) ~[ozone-manager-1.4.0-SNAPSHOT.jar:?]
	at org.apache.hadoop.ozone.protocolPB.OzoneManagerProtocolServerSideTranslatorPB.submitRequestDirectlyToOM(OzoneManagerProtocolServerSideTranslatorPB.java:274) ~[ozone-manager-1.4.0-SNAPSHOT.jar:?]
	at org.apache.hadoop.ozone.protocolPB.OzoneManagerProtocolServerSideTranslatorPB.processRequest(OzoneManagerProtocolServerSideTranslatorPB.java:175) ~[ozone-manager-1.4.0-SNAPSHOT.jar:?]
	at org.apache.hadoop.hdds.server.OzoneProtocolMessageDispatcher.processRequest(OzoneProtocolMessageDispatcher.java:87) [hdds-server-framework-1.4.0-SNAPSHOT.jar:?]
	at org.apache.hadoop.ozone.protocolPB.OzoneManagerProtocolServerSideTranslatorPB.submitRequest(OzoneManagerProtocolServerSideTranslatorPB.java:148) [ozone-manager-1.4.0-SNAPSHOT.jar:?]
	at org.apache.hadoop.ozone.protocol.proto.OzoneManagerProtocolProtos$OzoneManagerService$2.callBlockingMethod(OzoneManagerProtocolProtos.java) [ozone-interface-client-1.4.0-SNAPSHOT.jar:?]
	at org.apache.hadoop.ipc.ProtobufRpcEngine$Server.processCall(ProtobufRpcEngine.java:484) [hadoop-common-3.3.6.jar:?]
	at org.apache.hadoop.ipc.ProtobufRpcEngine2$Server$ProtoBufRpcInvoker.call(ProtobufRpcEngine2.java:595) [hadoop-common-3.3.6.jar:?]
	at org.apache.hadoop.ipc.ProtobufRpcEngine2$Server$ProtoBufRpcInvoker.call(ProtobufRpcEngine2.java:573) [hadoop-common-3.3.6.jar:?]
	at org.apache.hadoop.ipc.RPC$Server.call(RPC.java:1227) [hadoop-common-3.3.6.jar:?]
	at org.apache.hadoop.ipc.Server$RpcCall.run(Server.java:1094) [hadoop-common-3.3.6.jar:?]
	at org.apache.hadoop.ipc.Server$RpcCall.run(Server.java:1017) [hadoop-common-3.3.6.jar:?]
	at java.security.AccessController.doPrivileged(Native Method) ~[?:1.8.0_382]
	at javax.security.auth.Subject.doAs(Subject.java:422) [?:1.8.0_382]
	at org.apache.hadoop.security.UserGroupInformation.doAs(UserGroupInformation.java:1899) [hadoop-common-3.3.6.jar:?]
	at org.apache.hadoop.ipc.Server$Handler.run(Server.java:3048) [hadoop-common-3.3.6.jar:?]
08:54:12.258 [IPC Server handler 12 on default port 15057] ERROR OMAudit - user=runner | ip=127.0.0.1 | op=GET_FILE_STATUS {volume=volume93671, bucket=bucket89282, key=.Trash/runner/Current/testKey2, dataSize=0, replicationConfig=null} | ret=FAILURE
org.apache.hadoop.ozone.om.exceptions.OMException: Unable to get file status: volume: volume93671 bucket: bucket89282 key: .Trash/runner/Current/testKey2
	at org.apache.hadoop.ozone.om.KeyManagerImpl.getOzoneFileStatus(KeyManagerImpl.java:1195) ~[ozone-manager-1.4.0-SNAPSHOT.jar:?]
	at org.apache.hadoop.ozone.om.KeyManagerImpl.getFileStatus(KeyManagerImpl.java:1113) ~[ozone-manager-1.4.0-SNAPSHOT.jar:?]
	at org.apache.hadoop.ozone.om.OmMetadataReader.getFileStatus(OmMetadataReader.java:262) ~[ozone-manager-1.4.0-SNAPSHOT.jar:?]
	at org.apache.hadoop.ozone.om.OzoneManager.getFileStatus(OzoneManager.java:3530) ~[ozone-manager-1.4.0-SNAPSHOT.jar:?]
	at org.apache.hadoop.ozone.protocolPB.OzoneManagerRequestHandler.getOzoneFileStatus(OzoneManagerRequestHandler.java:971) ~[ozone-manager-1.4.0-SNAPSHOT.jar:?]
	at org.apache.hadoop.ozone.protocolPB.OzoneManagerRequestHandler.handleReadRequest(OzoneManagerRequestHandler.java:250) ~[ozone-manager-1.4.0-SNAPSHOT.jar:?]
	at org.apache.hadoop.ozone.protocolPB.OzoneManagerProtocolServerSideTranslatorPB.submitRequestDirectlyToOM(OzoneManagerProtocolServerSideTranslatorPB.java:274) ~[ozone-manager-1.4.0-SNAPSHOT.jar:?]
	at org.apache.hadoop.ozone.protocolPB.OzoneManagerProtocolServerSideTranslatorPB.processRequest(OzoneManagerProtocolServerSideTranslatorPB.java:175) ~[ozone-manager-1.4.0-SNAPSHOT.jar:?]
	at org.apache.hadoop.hdds.server.OzoneProtocolMessageDispatcher.processRequest(OzoneProtocolMessageDispatcher.java:87) [hdds-server-framework-1.4.0-SNAPSHOT.jar:?]
	at org.apache.hadoop.ozone.protocolPB.OzoneManagerProtocolServerSideTranslatorPB.submitRequest(OzoneManagerProtocolServerSideTranslatorPB.java:148) [ozone-manager-1.4.0-SNAPSHOT.jar:?]
	at org.apache.hadoop.ozone.protocol.proto.OzoneManagerProtocolProtos$OzoneManagerService$2.callBlockingMethod(OzoneManagerProtocolProtos.java) [ozone-interface-client-1.4.0-SNAPSHOT.jar:?]
	at org.apache.hadoop.ipc.ProtobufRpcEngine$Server.processCall(ProtobufRpcEngine.java:484) [hadoop-common-3.3.6.jar:?]
	at org.apache.hadoop.ipc.ProtobufRpcEngine2$Server$ProtoBufRpcInvoker.call(ProtobufRpcEngine2.java:595) [hadoop-common-3.3.6.jar:?]
	at org.apache.hadoop.ipc.ProtobufRpcEngine2$Server$ProtoBufRpcInvoker.call(ProtobufRpcEngine2.java:573) [hadoop-common-3.3.6.jar:?]
	at org.apache.hadoop.ipc.RPC$Server.call(RPC.java:1227) [hadoop-common-3.3.6.jar:?]
	at org.apache.hadoop.ipc.Server$RpcCall.run(Server.java:1094) [hadoop-common-3.3.6.jar:?]
	at org.apache.hadoop.ipc.Server$RpcCall.run(Server.java:1017) [hadoop-common-3.3.6.jar:?]
	at java.security.AccessController.doPrivileged(Native Method) ~[?:1.8.0_382]
	at javax.security.auth.Subject.doAs(Subject.java:422) [?:1.8.0_382]
	at org.apache.hadoop.security.UserGroupInformation.doAs(UserGroupInformation.java:1899) [hadoop-common-3.3.6.jar:?]
	at org.apache.hadoop.ipc.Server$Handler.run(Server.java:3048) [hadoop-common-3.3.6.jar:?]
08:54:12.261 [IPC Server handler 14 on default port 15057] ERROR OMAudit - user=runner | ip=127.0.0.1 | op=GET_FILE_STATUS {volume=volume93671, bucket=bucket89282, key=.Trash/runner/Current/testKey2, dataSize=0, replicationConfig=null} | ret=FAILURE
org.apache.hadoop.ozone.om.exceptions.OMException: Unable to get file status: volume: volume93671 bucket: bucket89282 key: .Trash/runner/Current/testKey2
	at org.apache.hadoop.ozone.om.KeyManagerImpl.getOzoneFileStatus(KeyManagerImpl.java:1195) ~[ozone-manager-1.4.0-SNAPSHOT.jar:?]
	at org.apache.hadoop.ozone.om.KeyManagerImpl.getFileStatus(KeyManagerImpl.java:1113) ~[ozone-manager-1.4.0-SNAPSHOT.jar:?]
	at org.apache.hadoop.ozone.om.OmMetadataReader.getFileStatus(OmMetadataReader.java:262) ~[ozone-manager-1.4.0-SNAPSHOT.jar:?]
	at org.apache.hadoop.ozone.om.OzoneManager.getFileStatus(OzoneManager.java:3530) ~[ozone-manager-1.4.0-SNAPSHOT.jar:?]
	at org.apache.hadoop.ozone.protocolPB.OzoneManagerRequestHandler.getOzoneFileStatus(OzoneManagerRequestHandler.java:971) ~[ozone-manager-1.4.0-SNAPSHOT.jar:?]
	at org.apache.hadoop.ozone.protocolPB.OzoneManagerRequestHandler.handleReadRequest(OzoneManagerRequestHandler.java:250) ~[ozone-manager-1.4.0-SNAPSHOT.jar:?]
	at org.apache.hadoop.ozone.protocolPB.OzoneManagerProtocolServerSideTranslatorPB.submitRequestDirectlyToOM(OzoneManagerProtocolServerSideTranslatorPB.java:274) ~[ozone-manager-1.4.0-SNAPSHOT.jar:?]
	at org.apache.hadoop.ozone.protocolPB.OzoneManagerProtocolServerSideTranslatorPB.processRequest(OzoneManagerProtocolServerSideTranslatorPB.java:175) ~[ozone-manager-1.4.0-SNAPSHOT.jar:?]
	at org.apache.hadoop.hdds.server.OzoneProtocolMessageDispatcher.processRequest(OzoneProtocolMessageDispatcher.java:87) [hdds-server-framework-1.4.0-SNAPSHOT.jar:?]
	at org.apache.hadoop.ozone.protocolPB.OzoneManagerProtocolServerSideTranslatorPB.submitRequest(OzoneManagerProtocolServerSideTranslatorPB.java:148) [ozone-manager-1.4.0-SNAPSHOT.jar:?]
	at org.apache.hadoop.ozone.protocol.proto.OzoneManagerProtocolProtos$OzoneManagerService$2.callBlockingMethod(OzoneManagerProtocolProtos.java) [ozone-interface-client-1.4.0-SNAPSHOT.jar:?]
	at org.apache.hadoop.ipc.ProtobufRpcEngine$Server.processCall(ProtobufRpcEngine.java:484) [hadoop-common-3.3.6.jar:?]
	at org.apache.hadoop.ipc.ProtobufRpcEngine2$Server$ProtoBufRpcInvoker.call(ProtobufRpcEngine2.java:595) [hadoop-common-3.3.6.jar:?]
	at org.apache.hadoop.ipc.ProtobufRpcEngine2$Server$ProtoBufRpcInvoker.call(ProtobufRpcEngine2.java:573) [hadoop-common-3.3.6.jar:?]
	at org.apache.hadoop.ipc.RPC$Server.call(RPC.java:1227) [hadoop-common-3.3.6.jar:?]
	at org.apache.hadoop.ipc.Server$RpcCall.run(Server.java:1094) [hadoop-common-3.3.6.jar:?]
	at org.apache.hadoop.ipc.Server$RpcCall.run(Server.java:1017) [hadoop-common-3.3.6.jar:?]
	at java.security.AccessController.doPrivileged(Native Method) ~[?:1.8.0_382]
	at javax.security.auth.Subject.doAs(Subject.java:422) [?:1.8.0_382]
	at org.apache.hadoop.security.UserGroupInformation.doAs(UserGroupInformation.java:1899) [hadoop-common-3.3.6.jar:?]
	at org.apache.hadoop.ipc.Server$Handler.run(Server.java:3048) [hadoop-common-3.3.6.jar:?]
2023-09-07 08:54:12,267 [Time-limited test] INFO  om.TrashPolicyOzone (TrashPolicyOzone.java:moveToTrash(209)) - Moved: '/testKey2' to trash at: o3fs://bucket89282.volume93671/.Trash/runner/Current/testKey2
08:54:13.598 [IPC Server handler 7 on default port 15057] ERROR OMAudit - user=runner | ip=127.0.0.1 | op=GET_FILE_STATUS {volume=volume93671, bucket=bucket89282, key=.Trash/runner/Current/testKey2, dataSize=0, replicationConfig=null} | ret=FAILURE
org.apache.hadoop.ozone.om.exceptions.OMException: Unable to get file status: volume: volume93671 bucket: bucket89282 key: .Trash/runner/Current/testKey2
	at org.apache.hadoop.ozone.om.KeyManagerImpl.getOzoneFileStatus(KeyManagerImpl.java:1195) ~[ozone-manager-1.4.0-SNAPSHOT.jar:?]
	at org.apache.hadoop.ozone.om.KeyManagerImpl.getFileStatus(KeyManagerImpl.java:1113) ~[ozone-manager-1.4.0-SNAPSHOT.jar:?]
	at org.apache.hadoop.ozone.om.OmMetadataReader.getFileStatus(OmMetadataReader.java:262) ~[ozone-manager-1.4.0-SNAPSHOT.jar:?]
	at org.apache.hadoop.ozone.om.OzoneManager.getFileStatus(OzoneManager.java:3530) ~[ozone-manager-1.4.0-SNAPSHOT.jar:?]
	at org.apache.hadoop.ozone.protocolPB.OzoneManagerRequestHandler.getOzoneFileStatus(OzoneManagerRequestHandler.java:971) ~[ozone-manager-1.4.0-SNAPSHOT.jar:?]
	at org.apache.hadoop.ozone.protocolPB.OzoneManagerRequestHandler.handleReadRequest(OzoneManagerRequestHandler.java:250) ~[ozone-manager-1.4.0-SNAPSHOT.jar:?]
	at org.apache.hadoop.ozone.protocolPB.OzoneManagerProtocolServerSideTranslatorPB.submitRequestDirectlyToOM(OzoneManagerProtocolServerSideTranslatorPB.java:274) ~[ozone-manager-1.4.0-SNAPSHOT.jar:?]
	at org.apache.hadoop.ozone.protocolPB.OzoneManagerProtocolServerSideTranslatorPB.processRequest(OzoneManagerProtocolServerSideTranslatorPB.java:175) ~[ozone-manager-1.4.0-SNAPSHOT.jar:?]
	at org.apache.hadoop.hdds.server.OzoneProtocolMessageDispatcher.processRequest(OzoneProtocolMessageDispatcher.java:87) [hdds-server-framework-1.4.0-SNAPSHOT.jar:?]
	at org.apache.hadoop.ozone.protocolPB.OzoneManagerProtocolServerSideTranslatorPB.submitRequest(OzoneManagerProtocolServerSideTranslatorPB.java:148) [ozone-manager-1.4.0-SNAPSHOT.jar:?]
	at org.apache.hadoop.ozone.protocol.proto.OzoneManagerProtocolProtos$OzoneManagerService$2.callBlockingMethod(OzoneManagerProtocolProtos.java) [ozone-interface-client-1.4.0-SNAPSHOT.jar:?]
	at org.apache.hadoop.ipc.ProtobufRpcEngine$Server.processCall(ProtobufRpcEngine.java:484) [hadoop-common-3.3.6.jar:?]
	at org.apache.hadoop.ipc.ProtobufRpcEngine2$Server$ProtoBufRpcInvoker.call(ProtobufRpcEngine2.java:595) [hadoop-common-3.3.6.jar:?]
	at org.apache.hadoop.ipc.ProtobufRpcEngine2$Server$ProtoBufRpcInvoker.call(ProtobufRpcEngine2.java:573) [hadoop-common-3.3.6.jar:?]
	at org.apache.hadoop.ipc.RPC$Server.call(RPC.java:1227) [hadoop-common-3.3.6.jar:?]
	at org.apache.hadoop.ipc.Server$RpcCall.run(Server.java:1094) [hadoop-common-3.3.6.jar:?]
	at org.apache.hadoop.ipc.Server$RpcCall.run(Server.java:1017) [hadoop-common-3.3.6.jar:?]
	at java.security.AccessController.doPrivileged(Native Method) ~[?:1.8.0_382]
	at javax.security.auth.Subject.doAs(Subject.java:422) [?:1.8.0_382]
	at org.apache.hadoop.security.UserGroupInformation.doAs(UserGroupInformation.java:1899) [hadoop-common-3.3.6.jar:?]
	at org.apache.hadoop.ipc.Server$Handler.run(Server.java:3048) [hadoop-common-3.3.6.jar:?]
]]></system-out>
  </testcase>
  <testcase name="testTrash" classname="TestOzoneFileSystem" time="3.557">
    <system-out><![CDATA[08:55:37.057 [IPC Server handler 11 on default port 15110] ERROR OMAudit - user=runner | ip=127.0.0.1 | op=GET_FILE_STATUS {volume=volume76246, bucket=bucket29151, key=.Trash/runner, dataSize=0, replicationConfig=null} | ret=FAILURE
org.apache.hadoop.ozone.om.exceptions.OMException: Unable to get file status: volume: volume76246 bucket: bucket29151 key: .Trash/runner
	at org.apache.hadoop.ozone.om.KeyManagerImpl.getOzoneFileStatus(KeyManagerImpl.java:1195) ~[ozone-manager-1.4.0-SNAPSHOT.jar:?]
	at org.apache.hadoop.ozone.om.KeyManagerImpl.getFileStatus(KeyManagerImpl.java:1113) ~[ozone-manager-1.4.0-SNAPSHOT.jar:?]
	at org.apache.hadoop.ozone.om.OmMetadataReader.getFileStatus(OmMetadataReader.java:262) ~[ozone-manager-1.4.0-SNAPSHOT.jar:?]
	at org.apache.hadoop.ozone.om.OzoneManager.getFileStatus(OzoneManager.java:3530) ~[ozone-manager-1.4.0-SNAPSHOT.jar:?]
	at org.apache.hadoop.ozone.protocolPB.OzoneManagerRequestHandler.getOzoneFileStatus(OzoneManagerRequestHandler.java:971) ~[ozone-manager-1.4.0-SNAPSHOT.jar:?]
	at org.apache.hadoop.ozone.protocolPB.OzoneManagerRequestHandler.handleReadRequest(OzoneManagerRequestHandler.java:250) ~[ozone-manager-1.4.0-SNAPSHOT.jar:?]
	at org.apache.hadoop.ozone.protocolPB.OzoneManagerProtocolServerSideTranslatorPB.submitReadRequestToOM(OzoneManagerProtocolServerSideTranslatorPB.java:225) ~[ozone-manager-1.4.0-SNAPSHOT.jar:?]
	at org.apache.hadoop.ozone.protocolPB.OzoneManagerProtocolServerSideTranslatorPB.processRequest(OzoneManagerProtocolServerSideTranslatorPB.java:179) ~[ozone-manager-1.4.0-SNAPSHOT.jar:?]
	at org.apache.hadoop.hdds.server.OzoneProtocolMessageDispatcher.processRequest(OzoneProtocolMessageDispatcher.java:87) [hdds-server-framework-1.4.0-SNAPSHOT.jar:?]
	at org.apache.hadoop.ozone.protocolPB.OzoneManagerProtocolServerSideTranslatorPB.submitRequest(OzoneManagerProtocolServerSideTranslatorPB.java:148) [ozone-manager-1.4.0-SNAPSHOT.jar:?]
	at org.apache.hadoop.ozone.protocol.proto.OzoneManagerProtocolProtos$OzoneManagerService$2.callBlockingMethod(OzoneManagerProtocolProtos.java) [ozone-interface-client-1.4.0-SNAPSHOT.jar:?]
	at org.apache.hadoop.ipc.ProtobufRpcEngine$Server.processCall(ProtobufRpcEngine.java:484) [hadoop-common-3.3.6.jar:?]
	at org.apache.hadoop.ipc.ProtobufRpcEngine2$Server$ProtoBufRpcInvoker.call(ProtobufRpcEngine2.java:595) [hadoop-common-3.3.6.jar:?]
	at org.apache.hadoop.ipc.ProtobufRpcEngine2$Server$ProtoBufRpcInvoker.call(ProtobufRpcEngine2.java:573) [hadoop-common-3.3.6.jar:?]
	at org.apache.hadoop.ipc.RPC$Server.call(RPC.java:1227) [hadoop-common-3.3.6.jar:?]
	at org.apache.hadoop.ipc.Server$RpcCall.run(Server.java:1094) [hadoop-common-3.3.6.jar:?]
	at org.apache.hadoop.ipc.Server$RpcCall.run(Server.java:1017) [hadoop-common-3.3.6.jar:?]
	at java.security.AccessController.doPrivileged(Native Method) ~[?:1.8.0_382]
	at javax.security.auth.Subject.doAs(Subject.java:422) [?:1.8.0_382]
	at org.apache.hadoop.security.UserGroupInformation.doAs(UserGroupInformation.java:1899) [hadoop-common-3.3.6.jar:?]
	at org.apache.hadoop.ipc.Server$Handler.run(Server.java:3048) [hadoop-common-3.3.6.jar:?]
08:55:37.063 [IPC Server handler 9 on default port 15110] ERROR OMAudit - user=runner | ip=127.0.0.1 | op=GET_FILE_STATUS {volume=volume76246, bucket=bucket29151, key=.Trash/runner/Current/testKey2, dataSize=0, replicationConfig=null} | ret=FAILURE
org.apache.hadoop.ozone.om.exceptions.OMException: Unable to get file status: volume: volume76246 bucket: bucket29151 key: .Trash/runner/Current/testKey2
	at org.apache.hadoop.ozone.om.KeyManagerImpl.getOzoneFileStatus(KeyManagerImpl.java:1195) ~[ozone-manager-1.4.0-SNAPSHOT.jar:?]
	at org.apache.hadoop.ozone.om.KeyManagerImpl.getFileStatus(KeyManagerImpl.java:1113) ~[ozone-manager-1.4.0-SNAPSHOT.jar:?]
	at org.apache.hadoop.ozone.om.OmMetadataReader.getFileStatus(OmMetadataReader.java:262) ~[ozone-manager-1.4.0-SNAPSHOT.jar:?]
	at org.apache.hadoop.ozone.om.OzoneManager.getFileStatus(OzoneManager.java:3530) ~[ozone-manager-1.4.0-SNAPSHOT.jar:?]
	at org.apache.hadoop.ozone.protocolPB.OzoneManagerRequestHandler.getOzoneFileStatus(OzoneManagerRequestHandler.java:971) ~[ozone-manager-1.4.0-SNAPSHOT.jar:?]
	at org.apache.hadoop.ozone.protocolPB.OzoneManagerRequestHandler.handleReadRequest(OzoneManagerRequestHandler.java:250) ~[ozone-manager-1.4.0-SNAPSHOT.jar:?]
	at org.apache.hadoop.ozone.protocolPB.OzoneManagerProtocolServerSideTranslatorPB.submitReadRequestToOM(OzoneManagerProtocolServerSideTranslatorPB.java:225) ~[ozone-manager-1.4.0-SNAPSHOT.jar:?]
	at org.apache.hadoop.ozone.protocolPB.OzoneManagerProtocolServerSideTranslatorPB.processRequest(OzoneManagerProtocolServerSideTranslatorPB.java:179) ~[ozone-manager-1.4.0-SNAPSHOT.jar:?]
	at org.apache.hadoop.hdds.server.OzoneProtocolMessageDispatcher.processRequest(OzoneProtocolMessageDispatcher.java:87) [hdds-server-framework-1.4.0-SNAPSHOT.jar:?]
	at org.apache.hadoop.ozone.protocolPB.OzoneManagerProtocolServerSideTranslatorPB.submitRequest(OzoneManagerProtocolServerSideTranslatorPB.java:148) [ozone-manager-1.4.0-SNAPSHOT.jar:?]
	at org.apache.hadoop.ozone.protocol.proto.OzoneManagerProtocolProtos$OzoneManagerService$2.callBlockingMethod(OzoneManagerProtocolProtos.java) [ozone-interface-client-1.4.0-SNAPSHOT.jar:?]
	at org.apache.hadoop.ipc.ProtobufRpcEngine$Server.processCall(ProtobufRpcEngine.java:484) [hadoop-common-3.3.6.jar:?]
	at org.apache.hadoop.ipc.ProtobufRpcEngine2$Server$ProtoBufRpcInvoker.call(ProtobufRpcEngine2.java:595) [hadoop-common-3.3.6.jar:?]
	at org.apache.hadoop.ipc.ProtobufRpcEngine2$Server$ProtoBufRpcInvoker.call(ProtobufRpcEngine2.java:573) [hadoop-common-3.3.6.jar:?]
	at org.apache.hadoop.ipc.RPC$Server.call(RPC.java:1227) [hadoop-common-3.3.6.jar:?]
	at org.apache.hadoop.ipc.Server$RpcCall.run(Server.java:1094) [hadoop-common-3.3.6.jar:?]
	at org.apache.hadoop.ipc.Server$RpcCall.run(Server.java:1017) [hadoop-common-3.3.6.jar:?]
	at java.security.AccessController.doPrivileged(Native Method) ~[?:1.8.0_382]
	at javax.security.auth.Subject.doAs(Subject.java:422) [?:1.8.0_382]
	at org.apache.hadoop.security.UserGroupInformation.doAs(UserGroupInformation.java:1899) [hadoop-common-3.3.6.jar:?]
	at org.apache.hadoop.ipc.Server$Handler.run(Server.java:3048) [hadoop-common-3.3.6.jar:?]
08:55:37.065 [IPC Server handler 16 on default port 15110] ERROR OMAudit - user=runner | ip=127.0.0.1 | op=GET_FILE_STATUS {volume=volume76246, bucket=bucket29151, key=.Trash/runner/Current/testKey2, dataSize=0, replicationConfig=null} | ret=FAILURE
org.apache.hadoop.ozone.om.exceptions.OMException: Unable to get file status: volume: volume76246 bucket: bucket29151 key: .Trash/runner/Current/testKey2
	at org.apache.hadoop.ozone.om.KeyManagerImpl.getOzoneFileStatus(KeyManagerImpl.java:1195) ~[ozone-manager-1.4.0-SNAPSHOT.jar:?]
	at org.apache.hadoop.ozone.om.KeyManagerImpl.getFileStatus(KeyManagerImpl.java:1113) ~[ozone-manager-1.4.0-SNAPSHOT.jar:?]
	at org.apache.hadoop.ozone.om.OmMetadataReader.getFileStatus(OmMetadataReader.java:262) ~[ozone-manager-1.4.0-SNAPSHOT.jar:?]
	at org.apache.hadoop.ozone.om.OzoneManager.getFileStatus(OzoneManager.java:3530) ~[ozone-manager-1.4.0-SNAPSHOT.jar:?]
	at org.apache.hadoop.ozone.protocolPB.OzoneManagerRequestHandler.getOzoneFileStatus(OzoneManagerRequestHandler.java:971) ~[ozone-manager-1.4.0-SNAPSHOT.jar:?]
	at org.apache.hadoop.ozone.protocolPB.OzoneManagerRequestHandler.handleReadRequest(OzoneManagerRequestHandler.java:250) ~[ozone-manager-1.4.0-SNAPSHOT.jar:?]
	at org.apache.hadoop.ozone.protocolPB.OzoneManagerProtocolServerSideTranslatorPB.submitReadRequestToOM(OzoneManagerProtocolServerSideTranslatorPB.java:225) ~[ozone-manager-1.4.0-SNAPSHOT.jar:?]
	at org.apache.hadoop.ozone.protocolPB.OzoneManagerProtocolServerSideTranslatorPB.processRequest(OzoneManagerProtocolServerSideTranslatorPB.java:179) ~[ozone-manager-1.4.0-SNAPSHOT.jar:?]
	at org.apache.hadoop.hdds.server.OzoneProtocolMessageDispatcher.processRequest(OzoneProtocolMessageDispatcher.java:87) [hdds-server-framework-1.4.0-SNAPSHOT.jar:?]
	at org.apache.hadoop.ozone.protocolPB.OzoneManagerProtocolServerSideTranslatorPB.submitRequest(OzoneManagerProtocolServerSideTranslatorPB.java:148) [ozone-manager-1.4.0-SNAPSHOT.jar:?]
	at org.apache.hadoop.ozone.protocol.proto.OzoneManagerProtocolProtos$OzoneManagerService$2.callBlockingMethod(OzoneManagerProtocolProtos.java) [ozone-interface-client-1.4.0-SNAPSHOT.jar:?]
	at org.apache.hadoop.ipc.ProtobufRpcEngine$Server.processCall(ProtobufRpcEngine.java:484) [hadoop-common-3.3.6.jar:?]
	at org.apache.hadoop.ipc.ProtobufRpcEngine2$Server$ProtoBufRpcInvoker.call(ProtobufRpcEngine2.java:595) [hadoop-common-3.3.6.jar:?]
	at org.apache.hadoop.ipc.ProtobufRpcEngine2$Server$ProtoBufRpcInvoker.call(ProtobufRpcEngine2.java:573) [hadoop-common-3.3.6.jar:?]
	at org.apache.hadoop.ipc.RPC$Server.call(RPC.java:1227) [hadoop-common-3.3.6.jar:?]
	at org.apache.hadoop.ipc.Server$RpcCall.run(Server.java:1094) [hadoop-common-3.3.6.jar:?]
	at org.apache.hadoop.ipc.Server$RpcCall.run(Server.java:1017) [hadoop-common-3.3.6.jar:?]
	at java.security.AccessController.doPrivileged(Native Method) ~[?:1.8.0_382]
	at javax.security.auth.Subject.doAs(Subject.java:422) [?:1.8.0_382]
	at org.apache.hadoop.security.UserGroupInformation.doAs(UserGroupInformation.java:1899) [hadoop-common-3.3.6.jar:?]
	at org.apache.hadoop.ipc.Server$Handler.run(Server.java:3048) [hadoop-common-3.3.6.jar:?]
2023-09-07 08:55:37,070 [Time-limited test] INFO  om.TrashPolicyOzone (TrashPolicyOzone.java:moveToTrash(209)) - Moved: '/testKey2' to trash at: o3fs://bucket29151.volume76246/.Trash/runner/Current/testKey2
08:55:37.582 [IPC Server handler 1 on default port 15110] ERROR OMAudit - user=runner | ip=127.0.0.1 | op=GET_FILE_STATUS {volume=volume76246, bucket=bucket29151, key=.Trash/runner/Current/testKey2, dataSize=0, replicationConfig=null} | ret=FAILURE
org.apache.hadoop.ozone.om.exceptions.OMException: Unable to get file status: volume: volume76246 bucket: bucket29151 key: .Trash/runner/Current/testKey2
	at org.apache.hadoop.ozone.om.KeyManagerImpl.getOzoneFileStatus(KeyManagerImpl.java:1195) ~[ozone-manager-1.4.0-SNAPSHOT.jar:?]
	at org.apache.hadoop.ozone.om.KeyManagerImpl.getFileStatus(KeyManagerImpl.java:1113) ~[ozone-manager-1.4.0-SNAPSHOT.jar:?]
	at org.apache.hadoop.ozone.om.OmMetadataReader.getFileStatus(OmMetadataReader.java:262) ~[ozone-manager-1.4.0-SNAPSHOT.jar:?]
	at org.apache.hadoop.ozone.om.OzoneManager.getFileStatus(OzoneManager.java:3530) ~[ozone-manager-1.4.0-SNAPSHOT.jar:?]
	at org.apache.hadoop.ozone.protocolPB.OzoneManagerRequestHandler.getOzoneFileStatus(OzoneManagerRequestHandler.java:971) ~[ozone-manager-1.4.0-SNAPSHOT.jar:?]
	at org.apache.hadoop.ozone.protocolPB.OzoneManagerRequestHandler.handleReadRequest(OzoneManagerRequestHandler.java:250) ~[ozone-manager-1.4.0-SNAPSHOT.jar:?]
	at org.apache.hadoop.ozone.protocolPB.OzoneManagerProtocolServerSideTranslatorPB.submitReadRequestToOM(OzoneManagerProtocolServerSideTranslatorPB.java:225) ~[ozone-manager-1.4.0-SNAPSHOT.jar:?]
	at org.apache.hadoop.ozone.protocolPB.OzoneManagerProtocolServerSideTranslatorPB.processRequest(OzoneManagerProtocolServerSideTranslatorPB.java:179) ~[ozone-manager-1.4.0-SNAPSHOT.jar:?]
	at org.apache.hadoop.hdds.server.OzoneProtocolMessageDispatcher.processRequest(OzoneProtocolMessageDispatcher.java:87) [hdds-server-framework-1.4.0-SNAPSHOT.jar:?]
	at org.apache.hadoop.ozone.protocolPB.OzoneManagerProtocolServerSideTranslatorPB.submitRequest(OzoneManagerProtocolServerSideTranslatorPB.java:148) [ozone-manager-1.4.0-SNAPSHOT.jar:?]
	at org.apache.hadoop.ozone.protocol.proto.OzoneManagerProtocolProtos$OzoneManagerService$2.callBlockingMethod(OzoneManagerProtocolProtos.java) [ozone-interface-client-1.4.0-SNAPSHOT.jar:?]
	at org.apache.hadoop.ipc.ProtobufRpcEngine$Server.processCall(ProtobufRpcEngine.java:484) [hadoop-common-3.3.6.jar:?]
	at org.apache.hadoop.ipc.ProtobufRpcEngine2$Server$ProtoBufRpcInvoker.call(ProtobufRpcEngine2.java:595) [hadoop-common-3.3.6.jar:?]
	at org.apache.hadoop.ipc.ProtobufRpcEngine2$Server$ProtoBufRpcInvoker.call(ProtobufRpcEngine2.java:573) [hadoop-common-3.3.6.jar:?]
	at org.apache.hadoop.ipc.RPC$Server.call(RPC.java:1227) [hadoop-common-3.3.6.jar:?]
	at org.apache.hadoop.ipc.Server$RpcCall.run(Server.java:1094) [hadoop-common-3.3.6.jar:?]
	at org.apache.hadoop.ipc.Server$RpcCall.run(Server.java:1017) [hadoop-common-3.3.6.jar:?]
	at java.security.AccessController.doPrivileged(Native Method) ~[?:1.8.0_382]
	at javax.security.auth.Subject.doAs(Subject.java:422) [?:1.8.0_382]
	at org.apache.hadoop.security.UserGroupInformation.doAs(UserGroupInformation.java:1899) [hadoop-common-3.3.6.jar:?]
	at org.apache.hadoop.ipc.Server$Handler.run(Server.java:3048) [hadoop-common-3.3.6.jar:?]
]]></system-out>
  </testcase>
  <testcase name="testTrash" classname="TestOzoneFileSystem" time="3.859">
    <system-out><![CDATA[08:57:14.216 [IPC Server handler 17 on default port 15163] ERROR OMAudit - user=runner | ip=127.0.0.1 | op=GET_FILE_STATUS {volume=volume04563, bucket=bucket31706, key=.Trash/runner, dataSize=0, replicationConfig=null} | ret=FAILURE
org.apache.hadoop.ozone.om.exceptions.OMException: Unable to get file status: volume: volume04563 bucket: bucket31706 key: .Trash/runner
	at org.apache.hadoop.ozone.om.KeyManagerImpl.getOzoneFileStatus(KeyManagerImpl.java:1195) ~[ozone-manager-1.4.0-SNAPSHOT.jar:?]
	at org.apache.hadoop.ozone.om.KeyManagerImpl.getFileStatus(KeyManagerImpl.java:1113) ~[ozone-manager-1.4.0-SNAPSHOT.jar:?]
	at org.apache.hadoop.ozone.om.OmMetadataReader.getFileStatus(OmMetadataReader.java:262) ~[ozone-manager-1.4.0-SNAPSHOT.jar:?]
	at org.apache.hadoop.ozone.om.OzoneManager.getFileStatus(OzoneManager.java:3530) ~[ozone-manager-1.4.0-SNAPSHOT.jar:?]
	at org.apache.hadoop.ozone.protocolPB.OzoneManagerRequestHandler.getOzoneFileStatus(OzoneManagerRequestHandler.java:971) ~[ozone-manager-1.4.0-SNAPSHOT.jar:?]
	at org.apache.hadoop.ozone.protocolPB.OzoneManagerRequestHandler.handleReadRequest(OzoneManagerRequestHandler.java:250) ~[ozone-manager-1.4.0-SNAPSHOT.jar:?]
	at org.apache.hadoop.ozone.protocolPB.OzoneManagerProtocolServerSideTranslatorPB.submitRequestDirectlyToOM(OzoneManagerProtocolServerSideTranslatorPB.java:274) ~[ozone-manager-1.4.0-SNAPSHOT.jar:?]
	at org.apache.hadoop.ozone.protocolPB.OzoneManagerProtocolServerSideTranslatorPB.processRequest(OzoneManagerProtocolServerSideTranslatorPB.java:175) ~[ozone-manager-1.4.0-SNAPSHOT.jar:?]
	at org.apache.hadoop.hdds.server.OzoneProtocolMessageDispatcher.processRequest(OzoneProtocolMessageDispatcher.java:87) [hdds-server-framework-1.4.0-SNAPSHOT.jar:?]
	at org.apache.hadoop.ozone.protocolPB.OzoneManagerProtocolServerSideTranslatorPB.submitRequest(OzoneManagerProtocolServerSideTranslatorPB.java:148) [ozone-manager-1.4.0-SNAPSHOT.jar:?]
	at org.apache.hadoop.ozone.protocol.proto.OzoneManagerProtocolProtos$OzoneManagerService$2.callBlockingMethod(OzoneManagerProtocolProtos.java) [ozone-interface-client-1.4.0-SNAPSHOT.jar:?]
	at org.apache.hadoop.ipc.ProtobufRpcEngine$Server.processCall(ProtobufRpcEngine.java:484) [hadoop-common-3.3.6.jar:?]
	at org.apache.hadoop.ipc.ProtobufRpcEngine2$Server$ProtoBufRpcInvoker.call(ProtobufRpcEngine2.java:595) [hadoop-common-3.3.6.jar:?]
	at org.apache.hadoop.ipc.ProtobufRpcEngine2$Server$ProtoBufRpcInvoker.call(ProtobufRpcEngine2.java:573) [hadoop-common-3.3.6.jar:?]
	at org.apache.hadoop.ipc.RPC$Server.call(RPC.java:1227) [hadoop-common-3.3.6.jar:?]
	at org.apache.hadoop.ipc.Server$RpcCall.run(Server.java:1094) [hadoop-common-3.3.6.jar:?]
	at org.apache.hadoop.ipc.Server$RpcCall.run(Server.java:1017) [hadoop-common-3.3.6.jar:?]
	at java.security.AccessController.doPrivileged(Native Method) ~[?:1.8.0_382]
	at javax.security.auth.Subject.doAs(Subject.java:422) [?:1.8.0_382]
	at org.apache.hadoop.security.UserGroupInformation.doAs(UserGroupInformation.java:1899) [hadoop-common-3.3.6.jar:?]
	at org.apache.hadoop.ipc.Server$Handler.run(Server.java:3048) [hadoop-common-3.3.6.jar:?]
08:57:14.220 [IPC Server handler 18 on default port 15163] ERROR OMAudit - user=runner | ip=127.0.0.1 | op=GET_FILE_STATUS {volume=volume04563, bucket=bucket31706, key=.Trash/runner/Current/testKey2, dataSize=0, replicationConfig=null} | ret=FAILURE
org.apache.hadoop.ozone.om.exceptions.OMException: Unable to get file status: volume: volume04563 bucket: bucket31706 key: .Trash/runner/Current/testKey2
	at org.apache.hadoop.ozone.om.KeyManagerImpl.getOzoneFileStatus(KeyManagerImpl.java:1195) ~[ozone-manager-1.4.0-SNAPSHOT.jar:?]
	at org.apache.hadoop.ozone.om.KeyManagerImpl.getFileStatus(KeyManagerImpl.java:1113) ~[ozone-manager-1.4.0-SNAPSHOT.jar:?]
	at org.apache.hadoop.ozone.om.OmMetadataReader.getFileStatus(OmMetadataReader.java:262) ~[ozone-manager-1.4.0-SNAPSHOT.jar:?]
	at org.apache.hadoop.ozone.om.OzoneManager.getFileStatus(OzoneManager.java:3530) ~[ozone-manager-1.4.0-SNAPSHOT.jar:?]
	at org.apache.hadoop.ozone.protocolPB.OzoneManagerRequestHandler.getOzoneFileStatus(OzoneManagerRequestHandler.java:971) ~[ozone-manager-1.4.0-SNAPSHOT.jar:?]
	at org.apache.hadoop.ozone.protocolPB.OzoneManagerRequestHandler.handleReadRequest(OzoneManagerRequestHandler.java:250) ~[ozone-manager-1.4.0-SNAPSHOT.jar:?]
	at org.apache.hadoop.ozone.protocolPB.OzoneManagerProtocolServerSideTranslatorPB.submitRequestDirectlyToOM(OzoneManagerProtocolServerSideTranslatorPB.java:274) ~[ozone-manager-1.4.0-SNAPSHOT.jar:?]
	at org.apache.hadoop.ozone.protocolPB.OzoneManagerProtocolServerSideTranslatorPB.processRequest(OzoneManagerProtocolServerSideTranslatorPB.java:175) ~[ozone-manager-1.4.0-SNAPSHOT.jar:?]
	at org.apache.hadoop.hdds.server.OzoneProtocolMessageDispatcher.processRequest(OzoneProtocolMessageDispatcher.java:87) [hdds-server-framework-1.4.0-SNAPSHOT.jar:?]
	at org.apache.hadoop.ozone.protocolPB.OzoneManagerProtocolServerSideTranslatorPB.submitRequest(OzoneManagerProtocolServerSideTranslatorPB.java:148) [ozone-manager-1.4.0-SNAPSHOT.jar:?]
	at org.apache.hadoop.ozone.protocol.proto.OzoneManagerProtocolProtos$OzoneManagerService$2.callBlockingMethod(OzoneManagerProtocolProtos.java) [ozone-interface-client-1.4.0-SNAPSHOT.jar:?]
	at org.apache.hadoop.ipc.ProtobufRpcEngine$Server.processCall(ProtobufRpcEngine.java:484) [hadoop-common-3.3.6.jar:?]
	at org.apache.hadoop.ipc.ProtobufRpcEngine2$Server$ProtoBufRpcInvoker.call(ProtobufRpcEngine2.java:595) [hadoop-common-3.3.6.jar:?]
	at org.apache.hadoop.ipc.ProtobufRpcEngine2$Server$ProtoBufRpcInvoker.call(ProtobufRpcEngine2.java:573) [hadoop-common-3.3.6.jar:?]
	at org.apache.hadoop.ipc.RPC$Server.call(RPC.java:1227) [hadoop-common-3.3.6.jar:?]
	at org.apache.hadoop.ipc.Server$RpcCall.run(Server.java:1094) [hadoop-common-3.3.6.jar:?]
	at org.apache.hadoop.ipc.Server$RpcCall.run(Server.java:1017) [hadoop-common-3.3.6.jar:?]
	at java.security.AccessController.doPrivileged(Native Method) ~[?:1.8.0_382]
	at javax.security.auth.Subject.doAs(Subject.java:422) [?:1.8.0_382]
	at org.apache.hadoop.security.UserGroupInformation.doAs(UserGroupInformation.java:1899) [hadoop-common-3.3.6.jar:?]
	at org.apache.hadoop.ipc.Server$Handler.run(Server.java:3048) [hadoop-common-3.3.6.jar:?]
08:57:14.222 [IPC Server handler 1 on default port 15163] ERROR OMAudit - user=runner | ip=127.0.0.1 | op=GET_FILE_STATUS {volume=volume04563, bucket=bucket31706, key=.Trash/runner/Current/testKey2, dataSize=0, replicationConfig=null} | ret=FAILURE
org.apache.hadoop.ozone.om.exceptions.OMException: Unable to get file status: volume: volume04563 bucket: bucket31706 key: .Trash/runner/Current/testKey2
	at org.apache.hadoop.ozone.om.KeyManagerImpl.getOzoneFileStatus(KeyManagerImpl.java:1195) ~[ozone-manager-1.4.0-SNAPSHOT.jar:?]
	at org.apache.hadoop.ozone.om.KeyManagerImpl.getFileStatus(KeyManagerImpl.java:1113) ~[ozone-manager-1.4.0-SNAPSHOT.jar:?]
	at org.apache.hadoop.ozone.om.OmMetadataReader.getFileStatus(OmMetadataReader.java:262) ~[ozone-manager-1.4.0-SNAPSHOT.jar:?]
	at org.apache.hadoop.ozone.om.OzoneManager.getFileStatus(OzoneManager.java:3530) ~[ozone-manager-1.4.0-SNAPSHOT.jar:?]
	at org.apache.hadoop.ozone.protocolPB.OzoneManagerRequestHandler.getOzoneFileStatus(OzoneManagerRequestHandler.java:971) ~[ozone-manager-1.4.0-SNAPSHOT.jar:?]
	at org.apache.hadoop.ozone.protocolPB.OzoneManagerRequestHandler.handleReadRequest(OzoneManagerRequestHandler.java:250) ~[ozone-manager-1.4.0-SNAPSHOT.jar:?]
	at org.apache.hadoop.ozone.protocolPB.OzoneManagerProtocolServerSideTranslatorPB.submitRequestDirectlyToOM(OzoneManagerProtocolServerSideTranslatorPB.java:274) ~[ozone-manager-1.4.0-SNAPSHOT.jar:?]
	at org.apache.hadoop.ozone.protocolPB.OzoneManagerProtocolServerSideTranslatorPB.processRequest(OzoneManagerProtocolServerSideTranslatorPB.java:175) ~[ozone-manager-1.4.0-SNAPSHOT.jar:?]
	at org.apache.hadoop.hdds.server.OzoneProtocolMessageDispatcher.processRequest(OzoneProtocolMessageDispatcher.java:87) [hdds-server-framework-1.4.0-SNAPSHOT.jar:?]
	at org.apache.hadoop.ozone.protocolPB.OzoneManagerProtocolServerSideTranslatorPB.submitRequest(OzoneManagerProtocolServerSideTranslatorPB.java:148) [ozone-manager-1.4.0-SNAPSHOT.jar:?]
	at org.apache.hadoop.ozone.protocol.proto.OzoneManagerProtocolProtos$OzoneManagerService$2.callBlockingMethod(OzoneManagerProtocolProtos.java) [ozone-interface-client-1.4.0-SNAPSHOT.jar:?]
	at org.apache.hadoop.ipc.ProtobufRpcEngine$Server.processCall(ProtobufRpcEngine.java:484) [hadoop-common-3.3.6.jar:?]
	at org.apache.hadoop.ipc.ProtobufRpcEngine2$Server$ProtoBufRpcInvoker.call(ProtobufRpcEngine2.java:595) [hadoop-common-3.3.6.jar:?]
	at org.apache.hadoop.ipc.ProtobufRpcEngine2$Server$ProtoBufRpcInvoker.call(ProtobufRpcEngine2.java:573) [hadoop-common-3.3.6.jar:?]
	at org.apache.hadoop.ipc.RPC$Server.call(RPC.java:1227) [hadoop-common-3.3.6.jar:?]
	at org.apache.hadoop.ipc.Server$RpcCall.run(Server.java:1094) [hadoop-common-3.3.6.jar:?]
	at org.apache.hadoop.ipc.Server$RpcCall.run(Server.java:1017) [hadoop-common-3.3.6.jar:?]
	at java.security.AccessController.doPrivileged(Native Method) ~[?:1.8.0_382]
	at javax.security.auth.Subject.doAs(Subject.java:422) [?:1.8.0_382]
	at org.apache.hadoop.security.UserGroupInformation.doAs(UserGroupInformation.java:1899) [hadoop-common-3.3.6.jar:?]
	at org.apache.hadoop.ipc.Server$Handler.run(Server.java:3048) [hadoop-common-3.3.6.jar:?]
2023-09-07 08:57:14,225 [Time-limited test] INFO  om.TrashPolicyOzone (TrashPolicyOzone.java:moveToTrash(209)) - Moved: '/testKey2' to trash at: o3fs://bucket31706.volume04563/.Trash/runner/Current/testKey2
2023-09-07 08:57:14,331 [bacf23c7-6e92-44d7-b9fe-c924128d47d1@group-6BAE34699101-FollowerState] INFO  impl.FollowerState (FollowerState.java:run(143)) - bacf23c7-6e92-44d7-b9fe-c924128d47d1@group-6BAE34699101-FollowerState: change to CANDIDATE, lastRpcElapsedTime:5036788718ns, electionTimeout:5036ms
2023-09-07 08:57:14,331 [bacf23c7-6e92-44d7-b9fe-c924128d47d1@group-6BAE34699101-FollowerState] INFO  impl.RoleInfo (RoleInfo.java:shutdownFollowerState(110)) - bacf23c7-6e92-44d7-b9fe-c924128d47d1: shutdown bacf23c7-6e92-44d7-b9fe-c924128d47d1@group-6BAE34699101-FollowerState
2023-09-07 08:57:14,331 [bacf23c7-6e92-44d7-b9fe-c924128d47d1@group-6BAE34699101-FollowerState] INFO  server.RaftServer$Division (RaftServerImpl.java:setRole(329)) - bacf23c7-6e92-44d7-b9fe-c924128d47d1@group-6BAE34699101: changes role from  FOLLOWER to CANDIDATE at term 0 for changeToCandidate
2023-09-07 08:57:14,332 [bacf23c7-6e92-44d7-b9fe-c924128d47d1@group-6BAE34699101-FollowerState] INFO  server.RaftServerConfigKeys (ConfUtils.java:logGet(46)) - raft.server.leaderelection.pre-vote = true (default)
2023-09-07 08:57:14,332 [bacf23c7-6e92-44d7-b9fe-c924128d47d1@group-6BAE34699101-FollowerState] INFO  impl.RoleInfo (RoleInfo.java:updateAndGet(139)) - bacf23c7-6e92-44d7-b9fe-c924128d47d1: start bacf23c7-6e92-44d7-b9fe-c924128d47d1@group-6BAE34699101-LeaderElection36
2023-09-07 08:57:14,334 [bacf23c7-6e92-44d7-b9fe-c924128d47d1@group-6BAE34699101-LeaderElection36] INFO  impl.LeaderElection (LeaderElection.java:askForVotes(321)) - bacf23c7-6e92-44d7-b9fe-c924128d47d1@group-6BAE34699101-LeaderElection36 PRE_VOTE round 0: submit vote requests at term 0 for -1: peers:[bacf23c7-6e92-44d7-b9fe-c924128d47d1|rpc:10.1.0.48:15209|admin:10.1.0.48:15208|client:10.1.0.48:15207|dataStream:10.1.0.48:15210|priority:1|startupRole:FOLLOWER]|listeners:[], old=null
2023-09-07 08:57:14,335 [bacf23c7-6e92-44d7-b9fe-c924128d47d1@group-6BAE34699101-LeaderElection36] INFO  impl.LeaderElection (LeaderElection.java:askForVotes(323)) - bacf23c7-6e92-44d7-b9fe-c924128d47d1@group-6BAE34699101-LeaderElection36 PRE_VOTE round 0: result PASSED (term=0)
2023-09-07 08:57:14,336 [bacf23c7-6e92-44d7-b9fe-c924128d47d1@group-6BAE34699101-LeaderElection36] INFO  impl.LeaderElection (LeaderElection.java:askForVotes(321)) - bacf23c7-6e92-44d7-b9fe-c924128d47d1@group-6BAE34699101-LeaderElection36 ELECTION round 0: submit vote requests at term 1 for -1: peers:[bacf23c7-6e92-44d7-b9fe-c924128d47d1|rpc:10.1.0.48:15209|admin:10.1.0.48:15208|client:10.1.0.48:15207|dataStream:10.1.0.48:15210|priority:1|startupRole:FOLLOWER]|listeners:[], old=null
2023-09-07 08:57:14,336 [bacf23c7-6e92-44d7-b9fe-c924128d47d1@group-6BAE34699101-LeaderElection36] INFO  impl.LeaderElection (LeaderElection.java:askForVotes(323)) - bacf23c7-6e92-44d7-b9fe-c924128d47d1@group-6BAE34699101-LeaderElection36 ELECTION round 0: result PASSED (term=1)
2023-09-07 08:57:14,336 [bacf23c7-6e92-44d7-b9fe-c924128d47d1@group-6BAE34699101-LeaderElection36] INFO  impl.RoleInfo (RoleInfo.java:shutdownLeaderElection(130)) - bacf23c7-6e92-44d7-b9fe-c924128d47d1: shutdown bacf23c7-6e92-44d7-b9fe-c924128d47d1@group-6BAE34699101-LeaderElection36
2023-09-07 08:57:14,336 [bacf23c7-6e92-44d7-b9fe-c924128d47d1@group-6BAE34699101-LeaderElection36] INFO  server.RaftServer$Division (RaftServerImpl.java:setRole(329)) - bacf23c7-6e92-44d7-b9fe-c924128d47d1@group-6BAE34699101: changes role from CANDIDATE to LEADER at term 1 for changeToLeader
2023-09-07 08:57:14,337 [bacf23c7-6e92-44d7-b9fe-c924128d47d1@group-6BAE34699101-LeaderElection36] INFO  ratis.XceiverServerRatis (XceiverServerRatis.java:handleLeaderChangedNotification(902)) - Leader change notification received for group: group-6BAE34699101 with new leaderId: bacf23c7-6e92-44d7-b9fe-c924128d47d1
2023-09-07 08:57:14,337 [bacf23c7-6e92-44d7-b9fe-c924128d47d1@group-6BAE34699101-LeaderElection36] INFO  server.RaftServer$Division (ServerState.java:setLeader(317)) - bacf23c7-6e92-44d7-b9fe-c924128d47d1@group-6BAE34699101: change Leader from null to bacf23c7-6e92-44d7-b9fe-c924128d47d1 at term 1 for becomeLeader, leader elected after 5063ms
2023-09-07 08:57:14,337 [bacf23c7-6e92-44d7-b9fe-c924128d47d1@group-6BAE34699101-LeaderElection36] INFO  server.RaftServerConfigKeys (ConfUtils.java:logGet(46)) - raft.server.staging.catchup.gap = 1000 (default)
2023-09-07 08:57:14,337 [bacf23c7-6e92-44d7-b9fe-c924128d47d1@group-6BAE34699101-LeaderElection36] INFO  server.RaftServerConfigKeys (ConfUtils.java:logGet(46)) - raft.server.write.element-limit = 1024 (custom)
2023-09-07 08:57:14,337 [bacf23c7-6e92-44d7-b9fe-c924128d47d1@group-6BAE34699101-LeaderElection36] INFO  server.RaftServerConfigKeys (ConfUtils.java:logGet(46)) - raft.server.write.byte-limit = 1024 M (=1073741824) (custom)
2023-09-07 08:57:14,338 [bacf23c7-6e92-44d7-b9fe-c924128d47d1@group-6BAE34699101-LeaderElection36] INFO  server.RaftServerConfigKeys (ConfUtils.java:logGet(46)) - raft.server.watch.timeout = 180s (custom)
2023-09-07 08:57:14,338 [bacf23c7-6e92-44d7-b9fe-c924128d47d1@group-6BAE34699101-LeaderElection36] INFO  server.RaftServerConfigKeys (ConfUtils.java:logGet(46)) - raft.server.watch.timeout.denomination = 1s (default)
2023-09-07 08:57:14,338 [bacf23c7-6e92-44d7-b9fe-c924128d47d1@group-6BAE34699101-LeaderElection36] INFO  server.RaftServerConfigKeys (ConfUtils.java:logGet(46)) - raft.server.watch.element-limit = 65536 (default)
2023-09-07 08:57:14,338 [bacf23c7-6e92-44d7-b9fe-c924128d47d1@group-6BAE34699101-LeaderElection36] INFO  server.RaftServerConfigKeys (ConfUtils.java:logGet(46)) - raft.server.write.element-limit = 1024 (custom)
2023-09-07 08:57:14,338 [bacf23c7-6e92-44d7-b9fe-c924128d47d1@group-6BAE34699101-LeaderElection36] INFO  server.RaftServerConfigKeys (ConfUtils.java:logGet(46)) - raft.server.write.follower.gap.ratio.max = -1.0 (default)
2023-09-07 08:57:14,338 [bacf23c7-6e92-44d7-b9fe-c924128d47d1@group-6BAE34699101-LeaderElection36] INFO  impl.RoleInfo (RoleInfo.java:updateAndGet(139)) - bacf23c7-6e92-44d7-b9fe-c924128d47d1: start bacf23c7-6e92-44d7-b9fe-c924128d47d1@group-6BAE34699101-LeaderStateImpl
2023-09-07 08:57:14,339 [bacf23c7-6e92-44d7-b9fe-c924128d47d1@group-6BAE34699101-LeaderElection36] INFO  segmented.SegmentedRaftLogWorker (SegmentedRaftLogWorker.java:startLogSegment(447)) - bacf23c7-6e92-44d7-b9fe-c924128d47d1@group-6BAE34699101-SegmentedRaftLogWorker: Starting segment from index:0
2023-09-07 08:57:14,339 [bacf23c7-6e92-44d7-b9fe-c924128d47d1@group-6BAE34699101-LeaderElection36] INFO  server.RaftServer$Division (ServerState.java:setRaftConf(434)) - bacf23c7-6e92-44d7-b9fe-c924128d47d1@group-6BAE34699101: set configuration 0: peers:[bacf23c7-6e92-44d7-b9fe-c924128d47d1|rpc:10.1.0.48:15209|admin:10.1.0.48:15208|client:10.1.0.48:15207|dataStream:10.1.0.48:15210|priority:1|startupRole:FOLLOWER]|listeners:[], old=null
2023-09-07 08:57:14,340 [bacf23c7-6e92-44d7-b9fe-c924128d47d1@group-6BAE34699101-SegmentedRaftLogWorker] INFO  segmented.SegmentedRaftLogWorker (SegmentedRaftLogWorker.java:execute(651)) - bacf23c7-6e92-44d7-b9fe-c924128d47d1@group-6BAE34699101-SegmentedRaftLogWorker: created new log segment /home/runner/work/ozone/ozone/hadoop-ozone/integration-test/target/test-dir/MiniOzoneClusterImpl-4f49b7df-1fbb-48bb-ad24-05a827c4b894/datanode-4/data/ratis/9feecf55-274f-47ad-adf3-6bae34699101/current/log_inprogress_0
08:57:15.043 [IPC Server handler 17 on default port 15163] ERROR OMAudit - user=runner | ip=127.0.0.1 | op=GET_FILE_STATUS {volume=volume04563, bucket=bucket31706, key=.Trash/runner/Current/testKey2, dataSize=0, replicationConfig=null} | ret=FAILURE
org.apache.hadoop.ozone.om.exceptions.OMException: Unable to get file status: volume: volume04563 bucket: bucket31706 key: .Trash/runner/Current/testKey2
	at org.apache.hadoop.ozone.om.KeyManagerImpl.getOzoneFileStatus(KeyManagerImpl.java:1195) ~[ozone-manager-1.4.0-SNAPSHOT.jar:?]
	at org.apache.hadoop.ozone.om.KeyManagerImpl.getFileStatus(KeyManagerImpl.java:1113) ~[ozone-manager-1.4.0-SNAPSHOT.jar:?]
	at org.apache.hadoop.ozone.om.OmMetadataReader.getFileStatus(OmMetadataReader.java:262) ~[ozone-manager-1.4.0-SNAPSHOT.jar:?]
	at org.apache.hadoop.ozone.om.OzoneManager.getFileStatus(OzoneManager.java:3530) ~[ozone-manager-1.4.0-SNAPSHOT.jar:?]
	at org.apache.hadoop.ozone.protocolPB.OzoneManagerRequestHandler.getOzoneFileStatus(OzoneManagerRequestHandler.java:971) ~[ozone-manager-1.4.0-SNAPSHOT.jar:?]
	at org.apache.hadoop.ozone.protocolPB.OzoneManagerRequestHandler.handleReadRequest(OzoneManagerRequestHandler.java:250) ~[ozone-manager-1.4.0-SNAPSHOT.jar:?]
	at org.apache.hadoop.ozone.protocolPB.OzoneManagerProtocolServerSideTranslatorPB.submitRequestDirectlyToOM(OzoneManagerProtocolServerSideTranslatorPB.java:274) ~[ozone-manager-1.4.0-SNAPSHOT.jar:?]
	at org.apache.hadoop.ozone.protocolPB.OzoneManagerProtocolServerSideTranslatorPB.processRequest(OzoneManagerProtocolServerSideTranslatorPB.java:175) ~[ozone-manager-1.4.0-SNAPSHOT.jar:?]
	at org.apache.hadoop.hdds.server.OzoneProtocolMessageDispatcher.processRequest(OzoneProtocolMessageDispatcher.java:87) [hdds-server-framework-1.4.0-SNAPSHOT.jar:?]
	at org.apache.hadoop.ozone.protocolPB.OzoneManagerProtocolServerSideTranslatorPB.submitRequest(OzoneManagerProtocolServerSideTranslatorPB.java:148) [ozone-manager-1.4.0-SNAPSHOT.jar:?]
	at org.apache.hadoop.ozone.protocol.proto.OzoneManagerProtocolProtos$OzoneManagerService$2.callBlockingMethod(OzoneManagerProtocolProtos.java) [ozone-interface-client-1.4.0-SNAPSHOT.jar:?]
	at org.apache.hadoop.ipc.ProtobufRpcEngine$Server.processCall(ProtobufRpcEngine.java:484) [hadoop-common-3.3.6.jar:?]
	at org.apache.hadoop.ipc.ProtobufRpcEngine2$Server$ProtoBufRpcInvoker.call(ProtobufRpcEngine2.java:595) [hadoop-common-3.3.6.jar:?]
	at org.apache.hadoop.ipc.ProtobufRpcEngine2$Server$ProtoBufRpcInvoker.call(ProtobufRpcEngine2.java:573) [hadoop-common-3.3.6.jar:?]
	at org.apache.hadoop.ipc.RPC$Server.call(RPC.java:1227) [hadoop-common-3.3.6.jar:?]
	at org.apache.hadoop.ipc.Server$RpcCall.run(Server.java:1094) [hadoop-common-3.3.6.jar:?]
	at org.apache.hadoop.ipc.Server$RpcCall.run(Server.java:1017) [hadoop-common-3.3.6.jar:?]
	at java.security.AccessController.doPrivileged(Native Method) ~[?:1.8.0_382]
	at javax.security.auth.Subject.doAs(Subject.java:422) [?:1.8.0_382]
	at org.apache.hadoop.security.UserGroupInformation.doAs(UserGroupInformation.java:1899) [hadoop-common-3.3.6.jar:?]
	at org.apache.hadoop.ipc.Server$Handler.run(Server.java:3048) [hadoop-common-3.3.6.jar:?]
]]></system-out>
  </testcase>
  <testcase name="testRenameDestinationParentDoesntExist" classname="TestOzoneFileSystem" time="0.074">
    <system-out><![CDATA[08:52:24.196 [IPC Server handler 17 on default port 15004] ERROR OMAudit - user=runner | ip=127.0.0.1 | op=GET_FILE_STATUS {volume=volume72881, bucket=bucket22361, key=root_dir/b/c, dataSize=0, replicationConfig=null} | ret=FAILURE
org.apache.hadoop.ozone.om.exceptions.OMException: Unable to get file status: volume: volume72881 bucket: bucket22361 key: root_dir/b/c
	at org.apache.hadoop.ozone.om.KeyManagerImpl.getOzoneFileStatus(KeyManagerImpl.java:1195) ~[ozone-manager-1.4.0-SNAPSHOT.jar:?]
	at org.apache.hadoop.ozone.om.KeyManagerImpl.getFileStatus(KeyManagerImpl.java:1113) ~[ozone-manager-1.4.0-SNAPSHOT.jar:?]
	at org.apache.hadoop.ozone.om.OmMetadataReader.getFileStatus(OmMetadataReader.java:262) ~[ozone-manager-1.4.0-SNAPSHOT.jar:?]
	at org.apache.hadoop.ozone.om.OzoneManager.getFileStatus(OzoneManager.java:3530) ~[ozone-manager-1.4.0-SNAPSHOT.jar:?]
	at org.apache.hadoop.ozone.protocolPB.OzoneManagerRequestHandler.getOzoneFileStatus(OzoneManagerRequestHandler.java:971) ~[ozone-manager-1.4.0-SNAPSHOT.jar:?]
	at org.apache.hadoop.ozone.protocolPB.OzoneManagerRequestHandler.handleReadRequest(OzoneManagerRequestHandler.java:250) ~[ozone-manager-1.4.0-SNAPSHOT.jar:?]
	at org.apache.hadoop.ozone.protocolPB.OzoneManagerProtocolServerSideTranslatorPB.submitReadRequestToOM(OzoneManagerProtocolServerSideTranslatorPB.java:225) ~[ozone-manager-1.4.0-SNAPSHOT.jar:?]
	at org.apache.hadoop.ozone.protocolPB.OzoneManagerProtocolServerSideTranslatorPB.processRequest(OzoneManagerProtocolServerSideTranslatorPB.java:179) ~[ozone-manager-1.4.0-SNAPSHOT.jar:?]
	at org.apache.hadoop.hdds.server.OzoneProtocolMessageDispatcher.processRequest(OzoneProtocolMessageDispatcher.java:87) [hdds-server-framework-1.4.0-SNAPSHOT.jar:?]
	at org.apache.hadoop.ozone.protocolPB.OzoneManagerProtocolServerSideTranslatorPB.submitRequest(OzoneManagerProtocolServerSideTranslatorPB.java:148) [ozone-manager-1.4.0-SNAPSHOT.jar:?]
	at org.apache.hadoop.ozone.protocol.proto.OzoneManagerProtocolProtos$OzoneManagerService$2.callBlockingMethod(OzoneManagerProtocolProtos.java) [ozone-interface-client-1.4.0-SNAPSHOT.jar:?]
	at org.apache.hadoop.ipc.ProtobufRpcEngine$Server.processCall(ProtobufRpcEngine.java:484) [hadoop-common-3.3.6.jar:?]
	at org.apache.hadoop.ipc.ProtobufRpcEngine2$Server$ProtoBufRpcInvoker.call(ProtobufRpcEngine2.java:595) [hadoop-common-3.3.6.jar:?]
	at org.apache.hadoop.ipc.ProtobufRpcEngine2$Server$ProtoBufRpcInvoker.call(ProtobufRpcEngine2.java:573) [hadoop-common-3.3.6.jar:?]
	at org.apache.hadoop.ipc.RPC$Server.call(RPC.java:1227) [hadoop-common-3.3.6.jar:?]
	at org.apache.hadoop.ipc.Server$RpcCall.run(Server.java:1094) [hadoop-common-3.3.6.jar:?]
	at org.apache.hadoop.ipc.Server$RpcCall.run(Server.java:1017) [hadoop-common-3.3.6.jar:?]
	at java.security.AccessController.doPrivileged(Native Method) ~[?:1.8.0_382]
	at javax.security.auth.Subject.doAs(Subject.java:422) [?:1.8.0_382]
	at org.apache.hadoop.security.UserGroupInformation.doAs(UserGroupInformation.java:1899) [hadoop-common-3.3.6.jar:?]
	at org.apache.hadoop.ipc.Server$Handler.run(Server.java:3048) [hadoop-common-3.3.6.jar:?]
08:52:24.199 [IPC Server handler 0 on default port 15004] ERROR OMAudit - user=runner | ip=127.0.0.1 | op=GET_FILE_STATUS {volume=volume72881, bucket=bucket22361, key=root_dir/b, dataSize=0, replicationConfig=null} | ret=FAILURE
org.apache.hadoop.ozone.om.exceptions.OMException: Unable to get file status: volume: volume72881 bucket: bucket22361 key: root_dir/b
	at org.apache.hadoop.ozone.om.KeyManagerImpl.getOzoneFileStatus(KeyManagerImpl.java:1195) ~[ozone-manager-1.4.0-SNAPSHOT.jar:?]
	at org.apache.hadoop.ozone.om.KeyManagerImpl.getFileStatus(KeyManagerImpl.java:1113) ~[ozone-manager-1.4.0-SNAPSHOT.jar:?]
	at org.apache.hadoop.ozone.om.OmMetadataReader.getFileStatus(OmMetadataReader.java:262) ~[ozone-manager-1.4.0-SNAPSHOT.jar:?]
	at org.apache.hadoop.ozone.om.OzoneManager.getFileStatus(OzoneManager.java:3530) ~[ozone-manager-1.4.0-SNAPSHOT.jar:?]
	at org.apache.hadoop.ozone.protocolPB.OzoneManagerRequestHandler.getOzoneFileStatus(OzoneManagerRequestHandler.java:971) ~[ozone-manager-1.4.0-SNAPSHOT.jar:?]
	at org.apache.hadoop.ozone.protocolPB.OzoneManagerRequestHandler.handleReadRequest(OzoneManagerRequestHandler.java:250) ~[ozone-manager-1.4.0-SNAPSHOT.jar:?]
	at org.apache.hadoop.ozone.protocolPB.OzoneManagerProtocolServerSideTranslatorPB.submitReadRequestToOM(OzoneManagerProtocolServerSideTranslatorPB.java:225) ~[ozone-manager-1.4.0-SNAPSHOT.jar:?]
	at org.apache.hadoop.ozone.protocolPB.OzoneManagerProtocolServerSideTranslatorPB.processRequest(OzoneManagerProtocolServerSideTranslatorPB.java:179) ~[ozone-manager-1.4.0-SNAPSHOT.jar:?]
	at org.apache.hadoop.hdds.server.OzoneProtocolMessageDispatcher.processRequest(OzoneProtocolMessageDispatcher.java:87) [hdds-server-framework-1.4.0-SNAPSHOT.jar:?]
	at org.apache.hadoop.ozone.protocolPB.OzoneManagerProtocolServerSideTranslatorPB.submitRequest(OzoneManagerProtocolServerSideTranslatorPB.java:148) [ozone-manager-1.4.0-SNAPSHOT.jar:?]
	at org.apache.hadoop.ozone.protocol.proto.OzoneManagerProtocolProtos$OzoneManagerService$2.callBlockingMethod(OzoneManagerProtocolProtos.java) [ozone-interface-client-1.4.0-SNAPSHOT.jar:?]
	at org.apache.hadoop.ipc.ProtobufRpcEngine$Server.processCall(ProtobufRpcEngine.java:484) [hadoop-common-3.3.6.jar:?]
	at org.apache.hadoop.ipc.ProtobufRpcEngine2$Server$ProtoBufRpcInvoker.call(ProtobufRpcEngine2.java:595) [hadoop-common-3.3.6.jar:?]
	at org.apache.hadoop.ipc.ProtobufRpcEngine2$Server$ProtoBufRpcInvoker.call(ProtobufRpcEngine2.java:573) [hadoop-common-3.3.6.jar:?]
	at org.apache.hadoop.ipc.RPC$Server.call(RPC.java:1227) [hadoop-common-3.3.6.jar:?]
	at org.apache.hadoop.ipc.Server$RpcCall.run(Server.java:1094) [hadoop-common-3.3.6.jar:?]
	at org.apache.hadoop.ipc.Server$RpcCall.run(Server.java:1017) [hadoop-common-3.3.6.jar:?]
	at java.security.AccessController.doPrivileged(Native Method) ~[?:1.8.0_382]
	at javax.security.auth.Subject.doAs(Subject.java:422) [?:1.8.0_382]
	at org.apache.hadoop.security.UserGroupInformation.doAs(UserGroupInformation.java:1899) [hadoop-common-3.3.6.jar:?]
	at org.apache.hadoop.ipc.Server$Handler.run(Server.java:3048) [hadoop-common-3.3.6.jar:?]
08:52:24.223 [IPC Server handler 19 on default port 15004] ERROR OMAudit - user=runner | ip=127.0.0.1 | op=GET_FILE_STATUS {volume=volume72881, bucket=bucket22361, key=root_dir/file1/c, dataSize=0, replicationConfig=null} | ret=FAILURE
org.apache.hadoop.ozone.om.exceptions.OMException: Unable to get file status: volume: volume72881 bucket: bucket22361 key: root_dir/file1/c
	at org.apache.hadoop.ozone.om.KeyManagerImpl.getOzoneFileStatus(KeyManagerImpl.java:1195) ~[ozone-manager-1.4.0-SNAPSHOT.jar:?]
	at org.apache.hadoop.ozone.om.KeyManagerImpl.getFileStatus(KeyManagerImpl.java:1113) ~[ozone-manager-1.4.0-SNAPSHOT.jar:?]
	at org.apache.hadoop.ozone.om.OmMetadataReader.getFileStatus(OmMetadataReader.java:262) ~[ozone-manager-1.4.0-SNAPSHOT.jar:?]
	at org.apache.hadoop.ozone.om.OzoneManager.getFileStatus(OzoneManager.java:3530) ~[ozone-manager-1.4.0-SNAPSHOT.jar:?]
	at org.apache.hadoop.ozone.protocolPB.OzoneManagerRequestHandler.getOzoneFileStatus(OzoneManagerRequestHandler.java:971) ~[ozone-manager-1.4.0-SNAPSHOT.jar:?]
	at org.apache.hadoop.ozone.protocolPB.OzoneManagerRequestHandler.handleReadRequest(OzoneManagerRequestHandler.java:250) ~[ozone-manager-1.4.0-SNAPSHOT.jar:?]
	at org.apache.hadoop.ozone.protocolPB.OzoneManagerProtocolServerSideTranslatorPB.submitReadRequestToOM(OzoneManagerProtocolServerSideTranslatorPB.java:225) ~[ozone-manager-1.4.0-SNAPSHOT.jar:?]
	at org.apache.hadoop.ozone.protocolPB.OzoneManagerProtocolServerSideTranslatorPB.processRequest(OzoneManagerProtocolServerSideTranslatorPB.java:179) ~[ozone-manager-1.4.0-SNAPSHOT.jar:?]
	at org.apache.hadoop.hdds.server.OzoneProtocolMessageDispatcher.processRequest(OzoneProtocolMessageDispatcher.java:87) [hdds-server-framework-1.4.0-SNAPSHOT.jar:?]
	at org.apache.hadoop.ozone.protocolPB.OzoneManagerProtocolServerSideTranslatorPB.submitRequest(OzoneManagerProtocolServerSideTranslatorPB.java:148) [ozone-manager-1.4.0-SNAPSHOT.jar:?]
	at org.apache.hadoop.ozone.protocol.proto.OzoneManagerProtocolProtos$OzoneManagerService$2.callBlockingMethod(OzoneManagerProtocolProtos.java) [ozone-interface-client-1.4.0-SNAPSHOT.jar:?]
	at org.apache.hadoop.ipc.ProtobufRpcEngine$Server.processCall(ProtobufRpcEngine.java:484) [hadoop-common-3.3.6.jar:?]
	at org.apache.hadoop.ipc.ProtobufRpcEngine2$Server$ProtoBufRpcInvoker.call(ProtobufRpcEngine2.java:595) [hadoop-common-3.3.6.jar:?]
	at org.apache.hadoop.ipc.ProtobufRpcEngine2$Server$ProtoBufRpcInvoker.call(ProtobufRpcEngine2.java:573) [hadoop-common-3.3.6.jar:?]
	at org.apache.hadoop.ipc.RPC$Server.call(RPC.java:1227) [hadoop-common-3.3.6.jar:?]
	at org.apache.hadoop.ipc.Server$RpcCall.run(Server.java:1094) [hadoop-common-3.3.6.jar:?]
	at org.apache.hadoop.ipc.Server$RpcCall.run(Server.java:1017) [hadoop-common-3.3.6.jar:?]
	at java.security.AccessController.doPrivileged(Native Method) ~[?:1.8.0_382]
	at javax.security.auth.Subject.doAs(Subject.java:422) [?:1.8.0_382]
	at org.apache.hadoop.security.UserGroupInformation.doAs(UserGroupInformation.java:1899) [hadoop-common-3.3.6.jar:?]
	at org.apache.hadoop.ipc.Server$Handler.run(Server.java:3048) [hadoop-common-3.3.6.jar:?]
]]></system-out>
  </testcase>
  <testcase name="testRenameDestinationParentDoesntExist" classname="TestOzoneFileSystem" time="0.033">
    <system-out><![CDATA[08:54:16.633 [IPC Server handler 17 on default port 15057] ERROR OMAudit - user=runner | ip=127.0.0.1 | op=GET_FILE_STATUS {volume=volume93671, bucket=bucket89282, key=root_dir/b/c, dataSize=0, replicationConfig=null} | ret=FAILURE
org.apache.hadoop.ozone.om.exceptions.OMException: Unable to get file status: volume: volume93671 bucket: bucket89282 key: root_dir/b/c
	at org.apache.hadoop.ozone.om.KeyManagerImpl.getOzoneFileStatus(KeyManagerImpl.java:1195) ~[ozone-manager-1.4.0-SNAPSHOT.jar:?]
	at org.apache.hadoop.ozone.om.KeyManagerImpl.getFileStatus(KeyManagerImpl.java:1113) ~[ozone-manager-1.4.0-SNAPSHOT.jar:?]
	at org.apache.hadoop.ozone.om.OmMetadataReader.getFileStatus(OmMetadataReader.java:262) ~[ozone-manager-1.4.0-SNAPSHOT.jar:?]
	at org.apache.hadoop.ozone.om.OzoneManager.getFileStatus(OzoneManager.java:3530) ~[ozone-manager-1.4.0-SNAPSHOT.jar:?]
	at org.apache.hadoop.ozone.protocolPB.OzoneManagerRequestHandler.getOzoneFileStatus(OzoneManagerRequestHandler.java:971) ~[ozone-manager-1.4.0-SNAPSHOT.jar:?]
	at org.apache.hadoop.ozone.protocolPB.OzoneManagerRequestHandler.handleReadRequest(OzoneManagerRequestHandler.java:250) ~[ozone-manager-1.4.0-SNAPSHOT.jar:?]
	at org.apache.hadoop.ozone.protocolPB.OzoneManagerProtocolServerSideTranslatorPB.submitRequestDirectlyToOM(OzoneManagerProtocolServerSideTranslatorPB.java:274) ~[ozone-manager-1.4.0-SNAPSHOT.jar:?]
	at org.apache.hadoop.ozone.protocolPB.OzoneManagerProtocolServerSideTranslatorPB.processRequest(OzoneManagerProtocolServerSideTranslatorPB.java:175) ~[ozone-manager-1.4.0-SNAPSHOT.jar:?]
	at org.apache.hadoop.hdds.server.OzoneProtocolMessageDispatcher.processRequest(OzoneProtocolMessageDispatcher.java:87) [hdds-server-framework-1.4.0-SNAPSHOT.jar:?]
	at org.apache.hadoop.ozone.protocolPB.OzoneManagerProtocolServerSideTranslatorPB.submitRequest(OzoneManagerProtocolServerSideTranslatorPB.java:148) [ozone-manager-1.4.0-SNAPSHOT.jar:?]
	at org.apache.hadoop.ozone.protocol.proto.OzoneManagerProtocolProtos$OzoneManagerService$2.callBlockingMethod(OzoneManagerProtocolProtos.java) [ozone-interface-client-1.4.0-SNAPSHOT.jar:?]
	at org.apache.hadoop.ipc.ProtobufRpcEngine$Server.processCall(ProtobufRpcEngine.java:484) [hadoop-common-3.3.6.jar:?]
	at org.apache.hadoop.ipc.ProtobufRpcEngine2$Server$ProtoBufRpcInvoker.call(ProtobufRpcEngine2.java:595) [hadoop-common-3.3.6.jar:?]
	at org.apache.hadoop.ipc.ProtobufRpcEngine2$Server$ProtoBufRpcInvoker.call(ProtobufRpcEngine2.java:573) [hadoop-common-3.3.6.jar:?]
	at org.apache.hadoop.ipc.RPC$Server.call(RPC.java:1227) [hadoop-common-3.3.6.jar:?]
	at org.apache.hadoop.ipc.Server$RpcCall.run(Server.java:1094) [hadoop-common-3.3.6.jar:?]
	at org.apache.hadoop.ipc.Server$RpcCall.run(Server.java:1017) [hadoop-common-3.3.6.jar:?]
	at java.security.AccessController.doPrivileged(Native Method) ~[?:1.8.0_382]
	at javax.security.auth.Subject.doAs(Subject.java:422) [?:1.8.0_382]
	at org.apache.hadoop.security.UserGroupInformation.doAs(UserGroupInformation.java:1899) [hadoop-common-3.3.6.jar:?]
	at org.apache.hadoop.ipc.Server$Handler.run(Server.java:3048) [hadoop-common-3.3.6.jar:?]
08:54:16.638 [IPC Server handler 18 on default port 15057] ERROR OMAudit - user=runner | ip=127.0.0.1 | op=GET_FILE_STATUS {volume=volume93671, bucket=bucket89282, key=root_dir/b, dataSize=0, replicationConfig=null} | ret=FAILURE
org.apache.hadoop.ozone.om.exceptions.OMException: Unable to get file status: volume: volume93671 bucket: bucket89282 key: root_dir/b
	at org.apache.hadoop.ozone.om.KeyManagerImpl.getOzoneFileStatus(KeyManagerImpl.java:1195) ~[ozone-manager-1.4.0-SNAPSHOT.jar:?]
	at org.apache.hadoop.ozone.om.KeyManagerImpl.getFileStatus(KeyManagerImpl.java:1113) ~[ozone-manager-1.4.0-SNAPSHOT.jar:?]
	at org.apache.hadoop.ozone.om.OmMetadataReader.getFileStatus(OmMetadataReader.java:262) ~[ozone-manager-1.4.0-SNAPSHOT.jar:?]
	at org.apache.hadoop.ozone.om.OzoneManager.getFileStatus(OzoneManager.java:3530) ~[ozone-manager-1.4.0-SNAPSHOT.jar:?]
	at org.apache.hadoop.ozone.protocolPB.OzoneManagerRequestHandler.getOzoneFileStatus(OzoneManagerRequestHandler.java:971) ~[ozone-manager-1.4.0-SNAPSHOT.jar:?]
	at org.apache.hadoop.ozone.protocolPB.OzoneManagerRequestHandler.handleReadRequest(OzoneManagerRequestHandler.java:250) ~[ozone-manager-1.4.0-SNAPSHOT.jar:?]
	at org.apache.hadoop.ozone.protocolPB.OzoneManagerProtocolServerSideTranslatorPB.submitRequestDirectlyToOM(OzoneManagerProtocolServerSideTranslatorPB.java:274) ~[ozone-manager-1.4.0-SNAPSHOT.jar:?]
	at org.apache.hadoop.ozone.protocolPB.OzoneManagerProtocolServerSideTranslatorPB.processRequest(OzoneManagerProtocolServerSideTranslatorPB.java:175) ~[ozone-manager-1.4.0-SNAPSHOT.jar:?]
	at org.apache.hadoop.hdds.server.OzoneProtocolMessageDispatcher.processRequest(OzoneProtocolMessageDispatcher.java:87) [hdds-server-framework-1.4.0-SNAPSHOT.jar:?]
	at org.apache.hadoop.ozone.protocolPB.OzoneManagerProtocolServerSideTranslatorPB.submitRequest(OzoneManagerProtocolServerSideTranslatorPB.java:148) [ozone-manager-1.4.0-SNAPSHOT.jar:?]
	at org.apache.hadoop.ozone.protocol.proto.OzoneManagerProtocolProtos$OzoneManagerService$2.callBlockingMethod(OzoneManagerProtocolProtos.java) [ozone-interface-client-1.4.0-SNAPSHOT.jar:?]
	at org.apache.hadoop.ipc.ProtobufRpcEngine$Server.processCall(ProtobufRpcEngine.java:484) [hadoop-common-3.3.6.jar:?]
	at org.apache.hadoop.ipc.ProtobufRpcEngine2$Server$ProtoBufRpcInvoker.call(ProtobufRpcEngine2.java:595) [hadoop-common-3.3.6.jar:?]
	at org.apache.hadoop.ipc.ProtobufRpcEngine2$Server$ProtoBufRpcInvoker.call(ProtobufRpcEngine2.java:573) [hadoop-common-3.3.6.jar:?]
	at org.apache.hadoop.ipc.RPC$Server.call(RPC.java:1227) [hadoop-common-3.3.6.jar:?]
	at org.apache.hadoop.ipc.Server$RpcCall.run(Server.java:1094) [hadoop-common-3.3.6.jar:?]
	at org.apache.hadoop.ipc.Server$RpcCall.run(Server.java:1017) [hadoop-common-3.3.6.jar:?]
	at java.security.AccessController.doPrivileged(Native Method) ~[?:1.8.0_382]
	at javax.security.auth.Subject.doAs(Subject.java:422) [?:1.8.0_382]
	at org.apache.hadoop.security.UserGroupInformation.doAs(UserGroupInformation.java:1899) [hadoop-common-3.3.6.jar:?]
	at org.apache.hadoop.ipc.Server$Handler.run(Server.java:3048) [hadoop-common-3.3.6.jar:?]
08:54:16.649 [IPC Server handler 7 on default port 15057] ERROR OMAudit - user=runner | ip=127.0.0.1 | op=GET_FILE_STATUS {volume=volume93671, bucket=bucket89282, key=root_dir/file1/c, dataSize=0, replicationConfig=null} | ret=FAILURE
org.apache.hadoop.ozone.om.exceptions.OMException: Unable to get file status: volume: volume93671 bucket: bucket89282 key: root_dir/file1/c
	at org.apache.hadoop.ozone.om.KeyManagerImpl.getOzoneFileStatus(KeyManagerImpl.java:1195) ~[ozone-manager-1.4.0-SNAPSHOT.jar:?]
	at org.apache.hadoop.ozone.om.KeyManagerImpl.getFileStatus(KeyManagerImpl.java:1113) ~[ozone-manager-1.4.0-SNAPSHOT.jar:?]
	at org.apache.hadoop.ozone.om.OmMetadataReader.getFileStatus(OmMetadataReader.java:262) ~[ozone-manager-1.4.0-SNAPSHOT.jar:?]
	at org.apache.hadoop.ozone.om.OzoneManager.getFileStatus(OzoneManager.java:3530) ~[ozone-manager-1.4.0-SNAPSHOT.jar:?]
	at org.apache.hadoop.ozone.protocolPB.OzoneManagerRequestHandler.getOzoneFileStatus(OzoneManagerRequestHandler.java:971) ~[ozone-manager-1.4.0-SNAPSHOT.jar:?]
	at org.apache.hadoop.ozone.protocolPB.OzoneManagerRequestHandler.handleReadRequest(OzoneManagerRequestHandler.java:250) ~[ozone-manager-1.4.0-SNAPSHOT.jar:?]
	at org.apache.hadoop.ozone.protocolPB.OzoneManagerProtocolServerSideTranslatorPB.submitRequestDirectlyToOM(OzoneManagerProtocolServerSideTranslatorPB.java:274) ~[ozone-manager-1.4.0-SNAPSHOT.jar:?]
	at org.apache.hadoop.ozone.protocolPB.OzoneManagerProtocolServerSideTranslatorPB.processRequest(OzoneManagerProtocolServerSideTranslatorPB.java:175) ~[ozone-manager-1.4.0-SNAPSHOT.jar:?]
	at org.apache.hadoop.hdds.server.OzoneProtocolMessageDispatcher.processRequest(OzoneProtocolMessageDispatcher.java:87) [hdds-server-framework-1.4.0-SNAPSHOT.jar:?]
	at org.apache.hadoop.ozone.protocolPB.OzoneManagerProtocolServerSideTranslatorPB.submitRequest(OzoneManagerProtocolServerSideTranslatorPB.java:148) [ozone-manager-1.4.0-SNAPSHOT.jar:?]
	at org.apache.hadoop.ozone.protocol.proto.OzoneManagerProtocolProtos$OzoneManagerService$2.callBlockingMethod(OzoneManagerProtocolProtos.java) [ozone-interface-client-1.4.0-SNAPSHOT.jar:?]
	at org.apache.hadoop.ipc.ProtobufRpcEngine$Server.processCall(ProtobufRpcEngine.java:484) [hadoop-common-3.3.6.jar:?]
	at org.apache.hadoop.ipc.ProtobufRpcEngine2$Server$ProtoBufRpcInvoker.call(ProtobufRpcEngine2.java:595) [hadoop-common-3.3.6.jar:?]
	at org.apache.hadoop.ipc.ProtobufRpcEngine2$Server$ProtoBufRpcInvoker.call(ProtobufRpcEngine2.java:573) [hadoop-common-3.3.6.jar:?]
	at org.apache.hadoop.ipc.RPC$Server.call(RPC.java:1227) [hadoop-common-3.3.6.jar:?]
	at org.apache.hadoop.ipc.Server$RpcCall.run(Server.java:1094) [hadoop-common-3.3.6.jar:?]
	at org.apache.hadoop.ipc.Server$RpcCall.run(Server.java:1017) [hadoop-common-3.3.6.jar:?]
	at java.security.AccessController.doPrivileged(Native Method) ~[?:1.8.0_382]
	at javax.security.auth.Subject.doAs(Subject.java:422) [?:1.8.0_382]
	at org.apache.hadoop.security.UserGroupInformation.doAs(UserGroupInformation.java:1899) [hadoop-common-3.3.6.jar:?]
	at org.apache.hadoop.ipc.Server$Handler.run(Server.java:3048) [hadoop-common-3.3.6.jar:?]
]]></system-out>
  </testcase>
  <testcase name="testRenameDestinationParentDoesntExist" classname="TestOzoneFileSystem" time="0.05">
    <failure type="java.lang.AssertionError"><![CDATA[java.lang.AssertionError: Delete root failed! expected:<0> but was:<1>
	at org.junit.Assert.fail(Assert.java:89)
	at org.junit.Assert.failNotEquals(Assert.java:835)
	at org.junit.Assert.assertEquals(Assert.java:647)
	at org.apache.hadoop.fs.ozone.TestOzoneFileSystem.deleteRootDir(TestOzoneFileSystem.java:811)
	at org.apache.hadoop.fs.ozone.TestOzoneFileSystem.cleanup(TestOzoneFileSystem.java:231)
	at sun.reflect.GeneratedMethodAccessor47.invoke(Unknown Source)
	at sun.reflect.DelegatingMethodAccessorImpl.invoke(DelegatingMethodAccessorImpl.java:43)
	at java.lang.reflect.Method.invoke(Method.java:498)
	at org.junit.runners.model.FrameworkMethod$1.runReflectiveCall(FrameworkMethod.java:59)
	at org.junit.internal.runners.model.ReflectiveCallable.run(ReflectiveCallable.java:12)
	at org.junit.runners.model.FrameworkMethod.invokeExplosively(FrameworkMethod.java:56)
	at org.junit.internal.runners.statements.RunAfters.invokeMethod(RunAfters.java:46)
	at org.junit.internal.runners.statements.RunAfters.evaluate(RunAfters.java:33)
	at org.junit.internal.runners.statements.FailOnTimeout$CallableStatement.call(FailOnTimeout.java:288)
	at org.junit.internal.runners.statements.FailOnTimeout$CallableStatement.call(FailOnTimeout.java:282)
	at java.util.concurrent.FutureTask.run(FutureTask.java:266)
	at java.lang.Thread.run(Thread.java:750)
]]></failure>
    <system-out><![CDATA[08:55:40.617 [IPC Server handler 14 on default port 15110] ERROR OMAudit - user=runner | ip=127.0.0.1 | op=GET_FILE_STATUS {volume=volume76246, bucket=bucket29151, key=root_dir/b/c, dataSize=0, replicationConfig=null} | ret=FAILURE
org.apache.hadoop.ozone.om.exceptions.OMException: Unable to get file status: volume: volume76246 bucket: bucket29151 key: root_dir/b/c
	at org.apache.hadoop.ozone.om.KeyManagerImpl.getOzoneFileStatus(KeyManagerImpl.java:1195) ~[ozone-manager-1.4.0-SNAPSHOT.jar:?]
	at org.apache.hadoop.ozone.om.KeyManagerImpl.getFileStatus(KeyManagerImpl.java:1113) ~[ozone-manager-1.4.0-SNAPSHOT.jar:?]
	at org.apache.hadoop.ozone.om.OmMetadataReader.getFileStatus(OmMetadataReader.java:262) ~[ozone-manager-1.4.0-SNAPSHOT.jar:?]
	at org.apache.hadoop.ozone.om.OzoneManager.getFileStatus(OzoneManager.java:3530) ~[ozone-manager-1.4.0-SNAPSHOT.jar:?]
	at org.apache.hadoop.ozone.protocolPB.OzoneManagerRequestHandler.getOzoneFileStatus(OzoneManagerRequestHandler.java:971) ~[ozone-manager-1.4.0-SNAPSHOT.jar:?]
	at org.apache.hadoop.ozone.protocolPB.OzoneManagerRequestHandler.handleReadRequest(OzoneManagerRequestHandler.java:250) ~[ozone-manager-1.4.0-SNAPSHOT.jar:?]
	at org.apache.hadoop.ozone.protocolPB.OzoneManagerProtocolServerSideTranslatorPB.submitReadRequestToOM(OzoneManagerProtocolServerSideTranslatorPB.java:225) ~[ozone-manager-1.4.0-SNAPSHOT.jar:?]
	at org.apache.hadoop.ozone.protocolPB.OzoneManagerProtocolServerSideTranslatorPB.processRequest(OzoneManagerProtocolServerSideTranslatorPB.java:179) ~[ozone-manager-1.4.0-SNAPSHOT.jar:?]
	at org.apache.hadoop.hdds.server.OzoneProtocolMessageDispatcher.processRequest(OzoneProtocolMessageDispatcher.java:87) [hdds-server-framework-1.4.0-SNAPSHOT.jar:?]
	at org.apache.hadoop.ozone.protocolPB.OzoneManagerProtocolServerSideTranslatorPB.submitRequest(OzoneManagerProtocolServerSideTranslatorPB.java:148) [ozone-manager-1.4.0-SNAPSHOT.jar:?]
	at org.apache.hadoop.ozone.protocol.proto.OzoneManagerProtocolProtos$OzoneManagerService$2.callBlockingMethod(OzoneManagerProtocolProtos.java) [ozone-interface-client-1.4.0-SNAPSHOT.jar:?]
	at org.apache.hadoop.ipc.ProtobufRpcEngine$Server.processCall(ProtobufRpcEngine.java:484) [hadoop-common-3.3.6.jar:?]
	at org.apache.hadoop.ipc.ProtobufRpcEngine2$Server$ProtoBufRpcInvoker.call(ProtobufRpcEngine2.java:595) [hadoop-common-3.3.6.jar:?]
	at org.apache.hadoop.ipc.ProtobufRpcEngine2$Server$ProtoBufRpcInvoker.call(ProtobufRpcEngine2.java:573) [hadoop-common-3.3.6.jar:?]
	at org.apache.hadoop.ipc.RPC$Server.call(RPC.java:1227) [hadoop-common-3.3.6.jar:?]
	at org.apache.hadoop.ipc.Server$RpcCall.run(Server.java:1094) [hadoop-common-3.3.6.jar:?]
	at org.apache.hadoop.ipc.Server$RpcCall.run(Server.java:1017) [hadoop-common-3.3.6.jar:?]
	at java.security.AccessController.doPrivileged(Native Method) ~[?:1.8.0_382]
	at javax.security.auth.Subject.doAs(Subject.java:422) [?:1.8.0_382]
	at org.apache.hadoop.security.UserGroupInformation.doAs(UserGroupInformation.java:1899) [hadoop-common-3.3.6.jar:?]
	at org.apache.hadoop.ipc.Server$Handler.run(Server.java:3048) [hadoop-common-3.3.6.jar:?]
08:55:40.620 [IPC Server handler 19 on default port 15110] ERROR OMAudit - user=runner | ip=127.0.0.1 | op=GET_FILE_STATUS {volume=volume76246, bucket=bucket29151, key=root_dir/b, dataSize=0, replicationConfig=null} | ret=FAILURE
org.apache.hadoop.ozone.om.exceptions.OMException: Unable to get file status: volume: volume76246 bucket: bucket29151 key: root_dir/b
	at org.apache.hadoop.ozone.om.KeyManagerImpl.getOzoneFileStatus(KeyManagerImpl.java:1195) ~[ozone-manager-1.4.0-SNAPSHOT.jar:?]
	at org.apache.hadoop.ozone.om.KeyManagerImpl.getFileStatus(KeyManagerImpl.java:1113) ~[ozone-manager-1.4.0-SNAPSHOT.jar:?]
	at org.apache.hadoop.ozone.om.OmMetadataReader.getFileStatus(OmMetadataReader.java:262) ~[ozone-manager-1.4.0-SNAPSHOT.jar:?]
	at org.apache.hadoop.ozone.om.OzoneManager.getFileStatus(OzoneManager.java:3530) ~[ozone-manager-1.4.0-SNAPSHOT.jar:?]
	at org.apache.hadoop.ozone.protocolPB.OzoneManagerRequestHandler.getOzoneFileStatus(OzoneManagerRequestHandler.java:971) ~[ozone-manager-1.4.0-SNAPSHOT.jar:?]
	at org.apache.hadoop.ozone.protocolPB.OzoneManagerRequestHandler.handleReadRequest(OzoneManagerRequestHandler.java:250) ~[ozone-manager-1.4.0-SNAPSHOT.jar:?]
	at org.apache.hadoop.ozone.protocolPB.OzoneManagerProtocolServerSideTranslatorPB.submitReadRequestToOM(OzoneManagerProtocolServerSideTranslatorPB.java:225) ~[ozone-manager-1.4.0-SNAPSHOT.jar:?]
	at org.apache.hadoop.ozone.protocolPB.OzoneManagerProtocolServerSideTranslatorPB.processRequest(OzoneManagerProtocolServerSideTranslatorPB.java:179) ~[ozone-manager-1.4.0-SNAPSHOT.jar:?]
	at org.apache.hadoop.hdds.server.OzoneProtocolMessageDispatcher.processRequest(OzoneProtocolMessageDispatcher.java:87) [hdds-server-framework-1.4.0-SNAPSHOT.jar:?]
	at org.apache.hadoop.ozone.protocolPB.OzoneManagerProtocolServerSideTranslatorPB.submitRequest(OzoneManagerProtocolServerSideTranslatorPB.java:148) [ozone-manager-1.4.0-SNAPSHOT.jar:?]
	at org.apache.hadoop.ozone.protocol.proto.OzoneManagerProtocolProtos$OzoneManagerService$2.callBlockingMethod(OzoneManagerProtocolProtos.java) [ozone-interface-client-1.4.0-SNAPSHOT.jar:?]
	at org.apache.hadoop.ipc.ProtobufRpcEngine$Server.processCall(ProtobufRpcEngine.java:484) [hadoop-common-3.3.6.jar:?]
	at org.apache.hadoop.ipc.ProtobufRpcEngine2$Server$ProtoBufRpcInvoker.call(ProtobufRpcEngine2.java:595) [hadoop-common-3.3.6.jar:?]
	at org.apache.hadoop.ipc.ProtobufRpcEngine2$Server$ProtoBufRpcInvoker.call(ProtobufRpcEngine2.java:573) [hadoop-common-3.3.6.jar:?]
	at org.apache.hadoop.ipc.RPC$Server.call(RPC.java:1227) [hadoop-common-3.3.6.jar:?]
	at org.apache.hadoop.ipc.Server$RpcCall.run(Server.java:1094) [hadoop-common-3.3.6.jar:?]
	at org.apache.hadoop.ipc.Server$RpcCall.run(Server.java:1017) [hadoop-common-3.3.6.jar:?]
	at java.security.AccessController.doPrivileged(Native Method) ~[?:1.8.0_382]
	at javax.security.auth.Subject.doAs(Subject.java:422) [?:1.8.0_382]
	at org.apache.hadoop.security.UserGroupInformation.doAs(UserGroupInformation.java:1899) [hadoop-common-3.3.6.jar:?]
	at org.apache.hadoop.ipc.Server$Handler.run(Server.java:3048) [hadoop-common-3.3.6.jar:?]
08:55:40.633 [IPC Server handler 1 on default port 15110] ERROR OMAudit - user=runner | ip=127.0.0.1 | op=GET_FILE_STATUS {volume=volume76246, bucket=bucket29151, key=root_dir/file1/c, dataSize=0, replicationConfig=null} | ret=FAILURE
org.apache.hadoop.ozone.om.exceptions.OMException: Unable to get file status: volume: volume76246 bucket: bucket29151 key: root_dir/file1/c
	at org.apache.hadoop.ozone.om.KeyManagerImpl.getOzoneFileStatus(KeyManagerImpl.java:1195) ~[ozone-manager-1.4.0-SNAPSHOT.jar:?]
	at org.apache.hadoop.ozone.om.KeyManagerImpl.getFileStatus(KeyManagerImpl.java:1113) ~[ozone-manager-1.4.0-SNAPSHOT.jar:?]
	at org.apache.hadoop.ozone.om.OmMetadataReader.getFileStatus(OmMetadataReader.java:262) ~[ozone-manager-1.4.0-SNAPSHOT.jar:?]
	at org.apache.hadoop.ozone.om.OzoneManager.getFileStatus(OzoneManager.java:3530) ~[ozone-manager-1.4.0-SNAPSHOT.jar:?]
	at org.apache.hadoop.ozone.protocolPB.OzoneManagerRequestHandler.getOzoneFileStatus(OzoneManagerRequestHandler.java:971) ~[ozone-manager-1.4.0-SNAPSHOT.jar:?]
	at org.apache.hadoop.ozone.protocolPB.OzoneManagerRequestHandler.handleReadRequest(OzoneManagerRequestHandler.java:250) ~[ozone-manager-1.4.0-SNAPSHOT.jar:?]
	at org.apache.hadoop.ozone.protocolPB.OzoneManagerProtocolServerSideTranslatorPB.submitReadRequestToOM(OzoneManagerProtocolServerSideTranslatorPB.java:225) ~[ozone-manager-1.4.0-SNAPSHOT.jar:?]
	at org.apache.hadoop.ozone.protocolPB.OzoneManagerProtocolServerSideTranslatorPB.processRequest(OzoneManagerProtocolServerSideTranslatorPB.java:179) ~[ozone-manager-1.4.0-SNAPSHOT.jar:?]
	at org.apache.hadoop.hdds.server.OzoneProtocolMessageDispatcher.processRequest(OzoneProtocolMessageDispatcher.java:87) [hdds-server-framework-1.4.0-SNAPSHOT.jar:?]
	at org.apache.hadoop.ozone.protocolPB.OzoneManagerProtocolServerSideTranslatorPB.submitRequest(OzoneManagerProtocolServerSideTranslatorPB.java:148) [ozone-manager-1.4.0-SNAPSHOT.jar:?]
	at org.apache.hadoop.ozone.protocol.proto.OzoneManagerProtocolProtos$OzoneManagerService$2.callBlockingMethod(OzoneManagerProtocolProtos.java) [ozone-interface-client-1.4.0-SNAPSHOT.jar:?]
	at org.apache.hadoop.ipc.ProtobufRpcEngine$Server.processCall(ProtobufRpcEngine.java:484) [hadoop-common-3.3.6.jar:?]
	at org.apache.hadoop.ipc.ProtobufRpcEngine2$Server$ProtoBufRpcInvoker.call(ProtobufRpcEngine2.java:595) [hadoop-common-3.3.6.jar:?]
	at org.apache.hadoop.ipc.ProtobufRpcEngine2$Server$ProtoBufRpcInvoker.call(ProtobufRpcEngine2.java:573) [hadoop-common-3.3.6.jar:?]
	at org.apache.hadoop.ipc.RPC$Server.call(RPC.java:1227) [hadoop-common-3.3.6.jar:?]
	at org.apache.hadoop.ipc.Server$RpcCall.run(Server.java:1094) [hadoop-common-3.3.6.jar:?]
	at org.apache.hadoop.ipc.Server$RpcCall.run(Server.java:1017) [hadoop-common-3.3.6.jar:?]
	at java.security.AccessController.doPrivileged(Native Method) ~[?:1.8.0_382]
	at javax.security.auth.Subject.doAs(Subject.java:422) [?:1.8.0_382]
	at org.apache.hadoop.security.UserGroupInformation.doAs(UserGroupInformation.java:1899) [hadoop-common-3.3.6.jar:?]
	at org.apache.hadoop.ipc.Server$Handler.run(Server.java:3048) [hadoop-common-3.3.6.jar:?]
2023-09-07 08:55:40,647 [Time-limited test] ERROR ozone.TestOzoneFileSystem (TestOzoneFileSystem.java:deleteRootDir(809)) - Unexpected file, should have been deleted: FileStatus{path=o3fs://bucket29151.volume76246/root_dir; isDirectory=true; modification_time=1694076940606; access_time=1694076940606; owner=runner; group=runner; permission=rwxrwxrwx; isSymlink=false; hasAcl=false; isEncrypted=false; isErasureCoded=false}
]]></system-out>
  </testcase>
  <testcase name="testRenameDestinationParentDoesntExist" classname="TestOzoneFileSystem" time="0.022">
    <system-out><![CDATA[08:57:18.073 [IPC Server handler 11 on default port 15163] ERROR OMAudit - user=runner | ip=127.0.0.1 | op=GET_FILE_STATUS {volume=volume04563, bucket=bucket31706, key=root_dir/b/c, dataSize=0, replicationConfig=null} | ret=FAILURE
org.apache.hadoop.ozone.om.exceptions.OMException: Unable to get file status: volume: volume04563 bucket: bucket31706 key: root_dir/b/c
	at org.apache.hadoop.ozone.om.KeyManagerImpl.getOzoneFileStatus(KeyManagerImpl.java:1195) ~[ozone-manager-1.4.0-SNAPSHOT.jar:?]
	at org.apache.hadoop.ozone.om.KeyManagerImpl.getFileStatus(KeyManagerImpl.java:1113) ~[ozone-manager-1.4.0-SNAPSHOT.jar:?]
	at org.apache.hadoop.ozone.om.OmMetadataReader.getFileStatus(OmMetadataReader.java:262) ~[ozone-manager-1.4.0-SNAPSHOT.jar:?]
	at org.apache.hadoop.ozone.om.OzoneManager.getFileStatus(OzoneManager.java:3530) ~[ozone-manager-1.4.0-SNAPSHOT.jar:?]
	at org.apache.hadoop.ozone.protocolPB.OzoneManagerRequestHandler.getOzoneFileStatus(OzoneManagerRequestHandler.java:971) ~[ozone-manager-1.4.0-SNAPSHOT.jar:?]
	at org.apache.hadoop.ozone.protocolPB.OzoneManagerRequestHandler.handleReadRequest(OzoneManagerRequestHandler.java:250) ~[ozone-manager-1.4.0-SNAPSHOT.jar:?]
	at org.apache.hadoop.ozone.protocolPB.OzoneManagerProtocolServerSideTranslatorPB.submitRequestDirectlyToOM(OzoneManagerProtocolServerSideTranslatorPB.java:274) ~[ozone-manager-1.4.0-SNAPSHOT.jar:?]
	at org.apache.hadoop.ozone.protocolPB.OzoneManagerProtocolServerSideTranslatorPB.processRequest(OzoneManagerProtocolServerSideTranslatorPB.java:175) ~[ozone-manager-1.4.0-SNAPSHOT.jar:?]
	at org.apache.hadoop.hdds.server.OzoneProtocolMessageDispatcher.processRequest(OzoneProtocolMessageDispatcher.java:87) [hdds-server-framework-1.4.0-SNAPSHOT.jar:?]
	at org.apache.hadoop.ozone.protocolPB.OzoneManagerProtocolServerSideTranslatorPB.submitRequest(OzoneManagerProtocolServerSideTranslatorPB.java:148) [ozone-manager-1.4.0-SNAPSHOT.jar:?]
	at org.apache.hadoop.ozone.protocol.proto.OzoneManagerProtocolProtos$OzoneManagerService$2.callBlockingMethod(OzoneManagerProtocolProtos.java) [ozone-interface-client-1.4.0-SNAPSHOT.jar:?]
	at org.apache.hadoop.ipc.ProtobufRpcEngine$Server.processCall(ProtobufRpcEngine.java:484) [hadoop-common-3.3.6.jar:?]
	at org.apache.hadoop.ipc.ProtobufRpcEngine2$Server$ProtoBufRpcInvoker.call(ProtobufRpcEngine2.java:595) [hadoop-common-3.3.6.jar:?]
	at org.apache.hadoop.ipc.ProtobufRpcEngine2$Server$ProtoBufRpcInvoker.call(ProtobufRpcEngine2.java:573) [hadoop-common-3.3.6.jar:?]
	at org.apache.hadoop.ipc.RPC$Server.call(RPC.java:1227) [hadoop-common-3.3.6.jar:?]
	at org.apache.hadoop.ipc.Server$RpcCall.run(Server.java:1094) [hadoop-common-3.3.6.jar:?]
	at org.apache.hadoop.ipc.Server$RpcCall.run(Server.java:1017) [hadoop-common-3.3.6.jar:?]
	at java.security.AccessController.doPrivileged(Native Method) ~[?:1.8.0_382]
	at javax.security.auth.Subject.doAs(Subject.java:422) [?:1.8.0_382]
	at org.apache.hadoop.security.UserGroupInformation.doAs(UserGroupInformation.java:1899) [hadoop-common-3.3.6.jar:?]
	at org.apache.hadoop.ipc.Server$Handler.run(Server.java:3048) [hadoop-common-3.3.6.jar:?]
08:57:18.075 [IPC Server handler 19 on default port 15163] ERROR OMAudit - user=runner | ip=127.0.0.1 | op=GET_FILE_STATUS {volume=volume04563, bucket=bucket31706, key=root_dir/b, dataSize=0, replicationConfig=null} | ret=FAILURE
org.apache.hadoop.ozone.om.exceptions.OMException: Unable to get file status: volume: volume04563 bucket: bucket31706 key: root_dir/b
	at org.apache.hadoop.ozone.om.KeyManagerImpl.getOzoneFileStatus(KeyManagerImpl.java:1195) ~[ozone-manager-1.4.0-SNAPSHOT.jar:?]
	at org.apache.hadoop.ozone.om.KeyManagerImpl.getFileStatus(KeyManagerImpl.java:1113) ~[ozone-manager-1.4.0-SNAPSHOT.jar:?]
	at org.apache.hadoop.ozone.om.OmMetadataReader.getFileStatus(OmMetadataReader.java:262) ~[ozone-manager-1.4.0-SNAPSHOT.jar:?]
	at org.apache.hadoop.ozone.om.OzoneManager.getFileStatus(OzoneManager.java:3530) ~[ozone-manager-1.4.0-SNAPSHOT.jar:?]
	at org.apache.hadoop.ozone.protocolPB.OzoneManagerRequestHandler.getOzoneFileStatus(OzoneManagerRequestHandler.java:971) ~[ozone-manager-1.4.0-SNAPSHOT.jar:?]
	at org.apache.hadoop.ozone.protocolPB.OzoneManagerRequestHandler.handleReadRequest(OzoneManagerRequestHandler.java:250) ~[ozone-manager-1.4.0-SNAPSHOT.jar:?]
	at org.apache.hadoop.ozone.protocolPB.OzoneManagerProtocolServerSideTranslatorPB.submitRequestDirectlyToOM(OzoneManagerProtocolServerSideTranslatorPB.java:274) ~[ozone-manager-1.4.0-SNAPSHOT.jar:?]
	at org.apache.hadoop.ozone.protocolPB.OzoneManagerProtocolServerSideTranslatorPB.processRequest(OzoneManagerProtocolServerSideTranslatorPB.java:175) ~[ozone-manager-1.4.0-SNAPSHOT.jar:?]
	at org.apache.hadoop.hdds.server.OzoneProtocolMessageDispatcher.processRequest(OzoneProtocolMessageDispatcher.java:87) [hdds-server-framework-1.4.0-SNAPSHOT.jar:?]
	at org.apache.hadoop.ozone.protocolPB.OzoneManagerProtocolServerSideTranslatorPB.submitRequest(OzoneManagerProtocolServerSideTranslatorPB.java:148) [ozone-manager-1.4.0-SNAPSHOT.jar:?]
	at org.apache.hadoop.ozone.protocol.proto.OzoneManagerProtocolProtos$OzoneManagerService$2.callBlockingMethod(OzoneManagerProtocolProtos.java) [ozone-interface-client-1.4.0-SNAPSHOT.jar:?]
	at org.apache.hadoop.ipc.ProtobufRpcEngine$Server.processCall(ProtobufRpcEngine.java:484) [hadoop-common-3.3.6.jar:?]
	at org.apache.hadoop.ipc.ProtobufRpcEngine2$Server$ProtoBufRpcInvoker.call(ProtobufRpcEngine2.java:595) [hadoop-common-3.3.6.jar:?]
	at org.apache.hadoop.ipc.ProtobufRpcEngine2$Server$ProtoBufRpcInvoker.call(ProtobufRpcEngine2.java:573) [hadoop-common-3.3.6.jar:?]
	at org.apache.hadoop.ipc.RPC$Server.call(RPC.java:1227) [hadoop-common-3.3.6.jar:?]
	at org.apache.hadoop.ipc.Server$RpcCall.run(Server.java:1094) [hadoop-common-3.3.6.jar:?]
	at org.apache.hadoop.ipc.Server$RpcCall.run(Server.java:1017) [hadoop-common-3.3.6.jar:?]
	at java.security.AccessController.doPrivileged(Native Method) ~[?:1.8.0_382]
	at javax.security.auth.Subject.doAs(Subject.java:422) [?:1.8.0_382]
	at org.apache.hadoop.security.UserGroupInformation.doAs(UserGroupInformation.java:1899) [hadoop-common-3.3.6.jar:?]
	at org.apache.hadoop.ipc.Server$Handler.run(Server.java:3048) [hadoop-common-3.3.6.jar:?]
08:57:18.082 [IPC Server handler 17 on default port 15163] ERROR OMAudit - user=runner | ip=127.0.0.1 | op=GET_FILE_STATUS {volume=volume04563, bucket=bucket31706, key=root_dir/file1/c, dataSize=0, replicationConfig=null} | ret=FAILURE
org.apache.hadoop.ozone.om.exceptions.OMException: Unable to get file status: volume: volume04563 bucket: bucket31706 key: root_dir/file1/c
	at org.apache.hadoop.ozone.om.KeyManagerImpl.getOzoneFileStatus(KeyManagerImpl.java:1195) ~[ozone-manager-1.4.0-SNAPSHOT.jar:?]
	at org.apache.hadoop.ozone.om.KeyManagerImpl.getFileStatus(KeyManagerImpl.java:1113) ~[ozone-manager-1.4.0-SNAPSHOT.jar:?]
	at org.apache.hadoop.ozone.om.OmMetadataReader.getFileStatus(OmMetadataReader.java:262) ~[ozone-manager-1.4.0-SNAPSHOT.jar:?]
	at org.apache.hadoop.ozone.om.OzoneManager.getFileStatus(OzoneManager.java:3530) ~[ozone-manager-1.4.0-SNAPSHOT.jar:?]
	at org.apache.hadoop.ozone.protocolPB.OzoneManagerRequestHandler.getOzoneFileStatus(OzoneManagerRequestHandler.java:971) ~[ozone-manager-1.4.0-SNAPSHOT.jar:?]
	at org.apache.hadoop.ozone.protocolPB.OzoneManagerRequestHandler.handleReadRequest(OzoneManagerRequestHandler.java:250) ~[ozone-manager-1.4.0-SNAPSHOT.jar:?]
	at org.apache.hadoop.ozone.protocolPB.OzoneManagerProtocolServerSideTranslatorPB.submitRequestDirectlyToOM(OzoneManagerProtocolServerSideTranslatorPB.java:274) ~[ozone-manager-1.4.0-SNAPSHOT.jar:?]
	at org.apache.hadoop.ozone.protocolPB.OzoneManagerProtocolServerSideTranslatorPB.processRequest(OzoneManagerProtocolServerSideTranslatorPB.java:175) ~[ozone-manager-1.4.0-SNAPSHOT.jar:?]
	at org.apache.hadoop.hdds.server.OzoneProtocolMessageDispatcher.processRequest(OzoneProtocolMessageDispatcher.java:87) [hdds-server-framework-1.4.0-SNAPSHOT.jar:?]
	at org.apache.hadoop.ozone.protocolPB.OzoneManagerProtocolServerSideTranslatorPB.submitRequest(OzoneManagerProtocolServerSideTranslatorPB.java:148) [ozone-manager-1.4.0-SNAPSHOT.jar:?]
	at org.apache.hadoop.ozone.protocol.proto.OzoneManagerProtocolProtos$OzoneManagerService$2.callBlockingMethod(OzoneManagerProtocolProtos.java) [ozone-interface-client-1.4.0-SNAPSHOT.jar:?]
	at org.apache.hadoop.ipc.ProtobufRpcEngine$Server.processCall(ProtobufRpcEngine.java:484) [hadoop-common-3.3.6.jar:?]
	at org.apache.hadoop.ipc.ProtobufRpcEngine2$Server$ProtoBufRpcInvoker.call(ProtobufRpcEngine2.java:595) [hadoop-common-3.3.6.jar:?]
	at org.apache.hadoop.ipc.ProtobufRpcEngine2$Server$ProtoBufRpcInvoker.call(ProtobufRpcEngine2.java:573) [hadoop-common-3.3.6.jar:?]
	at org.apache.hadoop.ipc.RPC$Server.call(RPC.java:1227) [hadoop-common-3.3.6.jar:?]
	at org.apache.hadoop.ipc.Server$RpcCall.run(Server.java:1094) [hadoop-common-3.3.6.jar:?]
	at org.apache.hadoop.ipc.Server$RpcCall.run(Server.java:1017) [hadoop-common-3.3.6.jar:?]
	at java.security.AccessController.doPrivileged(Native Method) ~[?:1.8.0_382]
	at javax.security.auth.Subject.doAs(Subject.java:422) [?:1.8.0_382]
	at org.apache.hadoop.security.UserGroupInformation.doAs(UserGroupInformation.java:1899) [hadoop-common-3.3.6.jar:?]
	at org.apache.hadoop.ipc.Server$Handler.run(Server.java:3048) [hadoop-common-3.3.6.jar:?]
]]></system-out>
  </testcase>
  <testcase name="testCreateWithInvalidPaths" classname="TestOzoneFileSystem" time="0.012"/>
  <testcase name="testCreateWithInvalidPaths" classname="TestOzoneFileSystem" time="0.003"/>
  <testcase name="testCreateWithInvalidPaths" classname="TestOzoneFileSystem" time="0.004"/>
  <testcase name="testCreateWithInvalidPaths" classname="TestOzoneFileSystem" time="0.004"/>
  <testcase name="testListStatusOnRoot" classname="TestOzoneFileSystem" time="0.062"/>
  <testcase name="testListStatusOnRoot" classname="TestOzoneFileSystem" time="0.017"/>
  <testcase name="testListStatusOnRoot" classname="TestOzoneFileSystem" time="0.017"/>
  <testcase name="testListStatusOnRoot" classname="TestOzoneFileSystem" time="0.018"/>
  <testcase name="testRenameWithNonExistentSource" classname="TestOzoneFileSystem" time="0.035">
    <system-out><![CDATA[2023-09-07 08:52:24,332 [Time-limited test] INFO  ozone.TestOzoneFileSystem (TestOzoneFileSystem.java:testRenameWithNonExistentSource(1159)) - Created destin dir: o3fs://bucket22361.volume72881/root/dir2
2023-09-07 08:52:24,332 [Time-limited test] INFO  ozone.TestOzoneFileSystem (TestOzoneFileSystem.java:testRenameWithNonExistentSource(1161)) - Rename op-> source:o3fs://bucket22361.volume72881/root/dir1 to destin:o3fs://bucket22361.volume72881/root/dir2}
08:52:24.335 [IPC Server handler 5 on default port 15004] ERROR OMAudit - user=runner | ip=127.0.0.1 | op=GET_FILE_STATUS {volume=volume72881, bucket=bucket22361, key=root/dir1, dataSize=0, replicationConfig=null} | ret=FAILURE
org.apache.hadoop.ozone.om.exceptions.OMException: Unable to get file status: volume: volume72881 bucket: bucket22361 key: root/dir1
	at org.apache.hadoop.ozone.om.KeyManagerImpl.getOzoneFileStatus(KeyManagerImpl.java:1195) ~[ozone-manager-1.4.0-SNAPSHOT.jar:?]
	at org.apache.hadoop.ozone.om.KeyManagerImpl.getFileStatus(KeyManagerImpl.java:1113) ~[ozone-manager-1.4.0-SNAPSHOT.jar:?]
	at org.apache.hadoop.ozone.om.OmMetadataReader.getFileStatus(OmMetadataReader.java:262) ~[ozone-manager-1.4.0-SNAPSHOT.jar:?]
	at org.apache.hadoop.ozone.om.OzoneManager.getFileStatus(OzoneManager.java:3530) ~[ozone-manager-1.4.0-SNAPSHOT.jar:?]
	at org.apache.hadoop.ozone.protocolPB.OzoneManagerRequestHandler.getOzoneFileStatus(OzoneManagerRequestHandler.java:971) ~[ozone-manager-1.4.0-SNAPSHOT.jar:?]
	at org.apache.hadoop.ozone.protocolPB.OzoneManagerRequestHandler.handleReadRequest(OzoneManagerRequestHandler.java:250) ~[ozone-manager-1.4.0-SNAPSHOT.jar:?]
	at org.apache.hadoop.ozone.protocolPB.OzoneManagerProtocolServerSideTranslatorPB.submitReadRequestToOM(OzoneManagerProtocolServerSideTranslatorPB.java:225) ~[ozone-manager-1.4.0-SNAPSHOT.jar:?]
	at org.apache.hadoop.ozone.protocolPB.OzoneManagerProtocolServerSideTranslatorPB.processRequest(OzoneManagerProtocolServerSideTranslatorPB.java:179) ~[ozone-manager-1.4.0-SNAPSHOT.jar:?]
	at org.apache.hadoop.hdds.server.OzoneProtocolMessageDispatcher.processRequest(OzoneProtocolMessageDispatcher.java:87) [hdds-server-framework-1.4.0-SNAPSHOT.jar:?]
	at org.apache.hadoop.ozone.protocolPB.OzoneManagerProtocolServerSideTranslatorPB.submitRequest(OzoneManagerProtocolServerSideTranslatorPB.java:148) [ozone-manager-1.4.0-SNAPSHOT.jar:?]
	at org.apache.hadoop.ozone.protocol.proto.OzoneManagerProtocolProtos$OzoneManagerService$2.callBlockingMethod(OzoneManagerProtocolProtos.java) [ozone-interface-client-1.4.0-SNAPSHOT.jar:?]
	at org.apache.hadoop.ipc.ProtobufRpcEngine$Server.processCall(ProtobufRpcEngine.java:484) [hadoop-common-3.3.6.jar:?]
	at org.apache.hadoop.ipc.ProtobufRpcEngine2$Server$ProtoBufRpcInvoker.call(ProtobufRpcEngine2.java:595) [hadoop-common-3.3.6.jar:?]
	at org.apache.hadoop.ipc.ProtobufRpcEngine2$Server$ProtoBufRpcInvoker.call(ProtobufRpcEngine2.java:573) [hadoop-common-3.3.6.jar:?]
	at org.apache.hadoop.ipc.RPC$Server.call(RPC.java:1227) [hadoop-common-3.3.6.jar:?]
	at org.apache.hadoop.ipc.Server$RpcCall.run(Server.java:1094) [hadoop-common-3.3.6.jar:?]
	at org.apache.hadoop.ipc.Server$RpcCall.run(Server.java:1017) [hadoop-common-3.3.6.jar:?]
	at java.security.AccessController.doPrivileged(Native Method) ~[?:1.8.0_382]
	at javax.security.auth.Subject.doAs(Subject.java:422) [?:1.8.0_382]
	at org.apache.hadoop.security.UserGroupInformation.doAs(UserGroupInformation.java:1899) [hadoop-common-3.3.6.jar:?]
	at org.apache.hadoop.ipc.Server$Handler.run(Server.java:3048) [hadoop-common-3.3.6.jar:?]
]]></system-out>
  </testcase>
  <testcase name="testRenameWithNonExistentSource" classname="TestOzoneFileSystem" time="0.011">
    <system-out><![CDATA[2023-09-07 08:54:16,682 [Time-limited test] INFO  ozone.TestOzoneFileSystem (TestOzoneFileSystem.java:testRenameWithNonExistentSource(1159)) - Created destin dir: o3fs://bucket89282.volume93671/root/dir2
2023-09-07 08:54:16,682 [Time-limited test] INFO  ozone.TestOzoneFileSystem (TestOzoneFileSystem.java:testRenameWithNonExistentSource(1161)) - Rename op-> source:o3fs://bucket89282.volume93671/root/dir1 to destin:o3fs://bucket89282.volume93671/root/dir2}
08:54:16.683 [IPC Server handler 12 on default port 15057] ERROR OMAudit - user=runner | ip=127.0.0.1 | op=GET_FILE_STATUS {volume=volume93671, bucket=bucket89282, key=root/dir1, dataSize=0, replicationConfig=null} | ret=FAILURE
org.apache.hadoop.ozone.om.exceptions.OMException: Unable to get file status: volume: volume93671 bucket: bucket89282 key: root/dir1
	at org.apache.hadoop.ozone.om.KeyManagerImpl.getOzoneFileStatus(KeyManagerImpl.java:1195) ~[ozone-manager-1.4.0-SNAPSHOT.jar:?]
	at org.apache.hadoop.ozone.om.KeyManagerImpl.getFileStatus(KeyManagerImpl.java:1113) ~[ozone-manager-1.4.0-SNAPSHOT.jar:?]
	at org.apache.hadoop.ozone.om.OmMetadataReader.getFileStatus(OmMetadataReader.java:262) ~[ozone-manager-1.4.0-SNAPSHOT.jar:?]
	at org.apache.hadoop.ozone.om.OzoneManager.getFileStatus(OzoneManager.java:3530) ~[ozone-manager-1.4.0-SNAPSHOT.jar:?]
	at org.apache.hadoop.ozone.protocolPB.OzoneManagerRequestHandler.getOzoneFileStatus(OzoneManagerRequestHandler.java:971) ~[ozone-manager-1.4.0-SNAPSHOT.jar:?]
	at org.apache.hadoop.ozone.protocolPB.OzoneManagerRequestHandler.handleReadRequest(OzoneManagerRequestHandler.java:250) ~[ozone-manager-1.4.0-SNAPSHOT.jar:?]
	at org.apache.hadoop.ozone.protocolPB.OzoneManagerProtocolServerSideTranslatorPB.submitRequestDirectlyToOM(OzoneManagerProtocolServerSideTranslatorPB.java:274) ~[ozone-manager-1.4.0-SNAPSHOT.jar:?]
	at org.apache.hadoop.ozone.protocolPB.OzoneManagerProtocolServerSideTranslatorPB.processRequest(OzoneManagerProtocolServerSideTranslatorPB.java:175) ~[ozone-manager-1.4.0-SNAPSHOT.jar:?]
	at org.apache.hadoop.hdds.server.OzoneProtocolMessageDispatcher.processRequest(OzoneProtocolMessageDispatcher.java:87) [hdds-server-framework-1.4.0-SNAPSHOT.jar:?]
	at org.apache.hadoop.ozone.protocolPB.OzoneManagerProtocolServerSideTranslatorPB.submitRequest(OzoneManagerProtocolServerSideTranslatorPB.java:148) [ozone-manager-1.4.0-SNAPSHOT.jar:?]
	at org.apache.hadoop.ozone.protocol.proto.OzoneManagerProtocolProtos$OzoneManagerService$2.callBlockingMethod(OzoneManagerProtocolProtos.java) [ozone-interface-client-1.4.0-SNAPSHOT.jar:?]
	at org.apache.hadoop.ipc.ProtobufRpcEngine$Server.processCall(ProtobufRpcEngine.java:484) [hadoop-common-3.3.6.jar:?]
	at org.apache.hadoop.ipc.ProtobufRpcEngine2$Server$ProtoBufRpcInvoker.call(ProtobufRpcEngine2.java:595) [hadoop-common-3.3.6.jar:?]
	at org.apache.hadoop.ipc.ProtobufRpcEngine2$Server$ProtoBufRpcInvoker.call(ProtobufRpcEngine2.java:573) [hadoop-common-3.3.6.jar:?]
	at org.apache.hadoop.ipc.RPC$Server.call(RPC.java:1227) [hadoop-common-3.3.6.jar:?]
	at org.apache.hadoop.ipc.Server$RpcCall.run(Server.java:1094) [hadoop-common-3.3.6.jar:?]
	at org.apache.hadoop.ipc.Server$RpcCall.run(Server.java:1017) [hadoop-common-3.3.6.jar:?]
	at java.security.AccessController.doPrivileged(Native Method) ~[?:1.8.0_382]
	at javax.security.auth.Subject.doAs(Subject.java:422) [?:1.8.0_382]
	at org.apache.hadoop.security.UserGroupInformation.doAs(UserGroupInformation.java:1899) [hadoop-common-3.3.6.jar:?]
	at org.apache.hadoop.ipc.Server$Handler.run(Server.java:3048) [hadoop-common-3.3.6.jar:?]
]]></system-out>
  </testcase>
  <testcase name="testRenameWithNonExistentSource" classname="TestOzoneFileSystem" time="0.014">
    <system-out><![CDATA[2023-09-07 08:55:40,683 [Time-limited test] INFO  ozone.TestOzoneFileSystem (TestOzoneFileSystem.java:testRenameWithNonExistentSource(1159)) - Created destin dir: o3fs://bucket29151.volume76246/root/dir2
2023-09-07 08:55:40,684 [Time-limited test] INFO  ozone.TestOzoneFileSystem (TestOzoneFileSystem.java:testRenameWithNonExistentSource(1161)) - Rename op-> source:o3fs://bucket29151.volume76246/root/dir1 to destin:o3fs://bucket29151.volume76246/root/dir2}
08:55:40.685 [IPC Server handler 15 on default port 15110] ERROR OMAudit - user=runner | ip=127.0.0.1 | op=GET_FILE_STATUS {volume=volume76246, bucket=bucket29151, key=root/dir1, dataSize=0, replicationConfig=null} | ret=FAILURE
org.apache.hadoop.ozone.om.exceptions.OMException: Unable to get file status: volume: volume76246 bucket: bucket29151 key: root/dir1
	at org.apache.hadoop.ozone.om.KeyManagerImpl.getOzoneFileStatus(KeyManagerImpl.java:1195) ~[ozone-manager-1.4.0-SNAPSHOT.jar:?]
	at org.apache.hadoop.ozone.om.KeyManagerImpl.getFileStatus(KeyManagerImpl.java:1113) ~[ozone-manager-1.4.0-SNAPSHOT.jar:?]
	at org.apache.hadoop.ozone.om.OmMetadataReader.getFileStatus(OmMetadataReader.java:262) ~[ozone-manager-1.4.0-SNAPSHOT.jar:?]
	at org.apache.hadoop.ozone.om.OzoneManager.getFileStatus(OzoneManager.java:3530) ~[ozone-manager-1.4.0-SNAPSHOT.jar:?]
	at org.apache.hadoop.ozone.protocolPB.OzoneManagerRequestHandler.getOzoneFileStatus(OzoneManagerRequestHandler.java:971) ~[ozone-manager-1.4.0-SNAPSHOT.jar:?]
	at org.apache.hadoop.ozone.protocolPB.OzoneManagerRequestHandler.handleReadRequest(OzoneManagerRequestHandler.java:250) ~[ozone-manager-1.4.0-SNAPSHOT.jar:?]
	at org.apache.hadoop.ozone.protocolPB.OzoneManagerProtocolServerSideTranslatorPB.submitReadRequestToOM(OzoneManagerProtocolServerSideTranslatorPB.java:225) ~[ozone-manager-1.4.0-SNAPSHOT.jar:?]
	at org.apache.hadoop.ozone.protocolPB.OzoneManagerProtocolServerSideTranslatorPB.processRequest(OzoneManagerProtocolServerSideTranslatorPB.java:179) ~[ozone-manager-1.4.0-SNAPSHOT.jar:?]
	at org.apache.hadoop.hdds.server.OzoneProtocolMessageDispatcher.processRequest(OzoneProtocolMessageDispatcher.java:87) [hdds-server-framework-1.4.0-SNAPSHOT.jar:?]
	at org.apache.hadoop.ozone.protocolPB.OzoneManagerProtocolServerSideTranslatorPB.submitRequest(OzoneManagerProtocolServerSideTranslatorPB.java:148) [ozone-manager-1.4.0-SNAPSHOT.jar:?]
	at org.apache.hadoop.ozone.protocol.proto.OzoneManagerProtocolProtos$OzoneManagerService$2.callBlockingMethod(OzoneManagerProtocolProtos.java) [ozone-interface-client-1.4.0-SNAPSHOT.jar:?]
	at org.apache.hadoop.ipc.ProtobufRpcEngine$Server.processCall(ProtobufRpcEngine.java:484) [hadoop-common-3.3.6.jar:?]
	at org.apache.hadoop.ipc.ProtobufRpcEngine2$Server$ProtoBufRpcInvoker.call(ProtobufRpcEngine2.java:595) [hadoop-common-3.3.6.jar:?]
	at org.apache.hadoop.ipc.ProtobufRpcEngine2$Server$ProtoBufRpcInvoker.call(ProtobufRpcEngine2.java:573) [hadoop-common-3.3.6.jar:?]
	at org.apache.hadoop.ipc.RPC$Server.call(RPC.java:1227) [hadoop-common-3.3.6.jar:?]
	at org.apache.hadoop.ipc.Server$RpcCall.run(Server.java:1094) [hadoop-common-3.3.6.jar:?]
	at org.apache.hadoop.ipc.Server$RpcCall.run(Server.java:1017) [hadoop-common-3.3.6.jar:?]
	at java.security.AccessController.doPrivileged(Native Method) ~[?:1.8.0_382]
	at javax.security.auth.Subject.doAs(Subject.java:422) [?:1.8.0_382]
	at org.apache.hadoop.security.UserGroupInformation.doAs(UserGroupInformation.java:1899) [hadoop-common-3.3.6.jar:?]
	at org.apache.hadoop.ipc.Server$Handler.run(Server.java:3048) [hadoop-common-3.3.6.jar:?]
]]></system-out>
  </testcase>
  <testcase name="testRenameWithNonExistentSource" classname="TestOzoneFileSystem" time="0.011">
    <system-out><![CDATA[2023-09-07 08:57:18,116 [Time-limited test] INFO  ozone.TestOzoneFileSystem (TestOzoneFileSystem.java:testRenameWithNonExistentSource(1159)) - Created destin dir: o3fs://bucket31706.volume04563/root/dir2
2023-09-07 08:57:18,116 [Time-limited test] INFO  ozone.TestOzoneFileSystem (TestOzoneFileSystem.java:testRenameWithNonExistentSource(1161)) - Rename op-> source:o3fs://bucket31706.volume04563/root/dir1 to destin:o3fs://bucket31706.volume04563/root/dir2}
08:57:18.117 [IPC Server handler 10 on default port 15163] ERROR OMAudit - user=runner | ip=127.0.0.1 | op=GET_FILE_STATUS {volume=volume04563, bucket=bucket31706, key=root/dir1, dataSize=0, replicationConfig=null} | ret=FAILURE
org.apache.hadoop.ozone.om.exceptions.OMException: Unable to get file status: volume: volume04563 bucket: bucket31706 key: root/dir1
	at org.apache.hadoop.ozone.om.KeyManagerImpl.getOzoneFileStatus(KeyManagerImpl.java:1195) ~[ozone-manager-1.4.0-SNAPSHOT.jar:?]
	at org.apache.hadoop.ozone.om.KeyManagerImpl.getFileStatus(KeyManagerImpl.java:1113) ~[ozone-manager-1.4.0-SNAPSHOT.jar:?]
	at org.apache.hadoop.ozone.om.OmMetadataReader.getFileStatus(OmMetadataReader.java:262) ~[ozone-manager-1.4.0-SNAPSHOT.jar:?]
	at org.apache.hadoop.ozone.om.OzoneManager.getFileStatus(OzoneManager.java:3530) ~[ozone-manager-1.4.0-SNAPSHOT.jar:?]
	at org.apache.hadoop.ozone.protocolPB.OzoneManagerRequestHandler.getOzoneFileStatus(OzoneManagerRequestHandler.java:971) ~[ozone-manager-1.4.0-SNAPSHOT.jar:?]
	at org.apache.hadoop.ozone.protocolPB.OzoneManagerRequestHandler.handleReadRequest(OzoneManagerRequestHandler.java:250) ~[ozone-manager-1.4.0-SNAPSHOT.jar:?]
	at org.apache.hadoop.ozone.protocolPB.OzoneManagerProtocolServerSideTranslatorPB.submitRequestDirectlyToOM(OzoneManagerProtocolServerSideTranslatorPB.java:274) ~[ozone-manager-1.4.0-SNAPSHOT.jar:?]
	at org.apache.hadoop.ozone.protocolPB.OzoneManagerProtocolServerSideTranslatorPB.processRequest(OzoneManagerProtocolServerSideTranslatorPB.java:175) ~[ozone-manager-1.4.0-SNAPSHOT.jar:?]
	at org.apache.hadoop.hdds.server.OzoneProtocolMessageDispatcher.processRequest(OzoneProtocolMessageDispatcher.java:87) [hdds-server-framework-1.4.0-SNAPSHOT.jar:?]
	at org.apache.hadoop.ozone.protocolPB.OzoneManagerProtocolServerSideTranslatorPB.submitRequest(OzoneManagerProtocolServerSideTranslatorPB.java:148) [ozone-manager-1.4.0-SNAPSHOT.jar:?]
	at org.apache.hadoop.ozone.protocol.proto.OzoneManagerProtocolProtos$OzoneManagerService$2.callBlockingMethod(OzoneManagerProtocolProtos.java) [ozone-interface-client-1.4.0-SNAPSHOT.jar:?]
	at org.apache.hadoop.ipc.ProtobufRpcEngine$Server.processCall(ProtobufRpcEngine.java:484) [hadoop-common-3.3.6.jar:?]
	at org.apache.hadoop.ipc.ProtobufRpcEngine2$Server$ProtoBufRpcInvoker.call(ProtobufRpcEngine2.java:595) [hadoop-common-3.3.6.jar:?]
	at org.apache.hadoop.ipc.ProtobufRpcEngine2$Server$ProtoBufRpcInvoker.call(ProtobufRpcEngine2.java:573) [hadoop-common-3.3.6.jar:?]
	at org.apache.hadoop.ipc.RPC$Server.call(RPC.java:1227) [hadoop-common-3.3.6.jar:?]
	at org.apache.hadoop.ipc.Server$RpcCall.run(Server.java:1094) [hadoop-common-3.3.6.jar:?]
	at org.apache.hadoop.ipc.Server$RpcCall.run(Server.java:1017) [hadoop-common-3.3.6.jar:?]
	at java.security.AccessController.doPrivileged(Native Method) ~[?:1.8.0_382]
	at javax.security.auth.Subject.doAs(Subject.java:422) [?:1.8.0_382]
	at org.apache.hadoop.security.UserGroupInformation.doAs(UserGroupInformation.java:1899) [hadoop-common-3.3.6.jar:?]
	at org.apache.hadoop.ipc.Server$Handler.run(Server.java:3048) [hadoop-common-3.3.6.jar:?]
]]></system-out>
  </testcase>
  <testcase name="testRenameToParentDir" classname="TestOzoneFileSystem" time="0.119">
    <system-out><![CDATA[08:52:24.396 [IPC Server handler 19 on default port 15004] ERROR OMAudit - user=runner | ip=127.0.0.1 | op=LIST_STATUS {volume=volume72881, bucket=bucket22361, key=root_dir/dir2, dataSize=0, replicationConfig=null} | ret=FAILURE
org.apache.hadoop.ozone.om.exceptions.OMException: Unable to get file status: volume: volume72881 bucket: bucket22361 key: root_dir/dir2
	at org.apache.hadoop.ozone.om.KeyManagerImpl.getOzoneFileStatus(KeyManagerImpl.java:1195) ~[ozone-manager-1.4.0-SNAPSHOT.jar:?]
	at org.apache.hadoop.ozone.om.KeyManagerImpl.getFileStatus(KeyManagerImpl.java:1113) ~[ozone-manager-1.4.0-SNAPSHOT.jar:?]
	at org.apache.hadoop.ozone.om.KeyManagerImpl.listStatus(KeyManagerImpl.java:1505) ~[ozone-manager-1.4.0-SNAPSHOT.jar:?]
	at org.apache.hadoop.ozone.om.OmMetadataReader.listStatus(OmMetadataReader.java:235) ~[ozone-manager-1.4.0-SNAPSHOT.jar:?]
	at org.apache.hadoop.ozone.om.OzoneManager.listStatus(OzoneManager.java:3560) ~[ozone-manager-1.4.0-SNAPSHOT.jar:?]
	at org.apache.hadoop.ozone.protocolPB.OzoneManagerRequestHandler.listStatus(OzoneManagerRequestHandler.java:1143) ~[ozone-manager-1.4.0-SNAPSHOT.jar:?]
	at org.apache.hadoop.ozone.protocolPB.OzoneManagerRequestHandler.handleReadRequest(OzoneManagerRequestHandler.java:261) ~[ozone-manager-1.4.0-SNAPSHOT.jar:?]
	at org.apache.hadoop.ozone.protocolPB.OzoneManagerProtocolServerSideTranslatorPB.submitReadRequestToOM(OzoneManagerProtocolServerSideTranslatorPB.java:225) ~[ozone-manager-1.4.0-SNAPSHOT.jar:?]
	at org.apache.hadoop.ozone.protocolPB.OzoneManagerProtocolServerSideTranslatorPB.processRequest(OzoneManagerProtocolServerSideTranslatorPB.java:179) ~[ozone-manager-1.4.0-SNAPSHOT.jar:?]
	at org.apache.hadoop.hdds.server.OzoneProtocolMessageDispatcher.processRequest(OzoneProtocolMessageDispatcher.java:87) [hdds-server-framework-1.4.0-SNAPSHOT.jar:?]
	at org.apache.hadoop.ozone.protocolPB.OzoneManagerProtocolServerSideTranslatorPB.submitRequest(OzoneManagerProtocolServerSideTranslatorPB.java:148) [ozone-manager-1.4.0-SNAPSHOT.jar:?]
	at org.apache.hadoop.ozone.protocol.proto.OzoneManagerProtocolProtos$OzoneManagerService$2.callBlockingMethod(OzoneManagerProtocolProtos.java) [ozone-interface-client-1.4.0-SNAPSHOT.jar:?]
	at org.apache.hadoop.ipc.ProtobufRpcEngine$Server.processCall(ProtobufRpcEngine.java:484) [hadoop-common-3.3.6.jar:?]
	at org.apache.hadoop.ipc.ProtobufRpcEngine2$Server$ProtoBufRpcInvoker.call(ProtobufRpcEngine2.java:595) [hadoop-common-3.3.6.jar:?]
	at org.apache.hadoop.ipc.ProtobufRpcEngine2$Server$ProtoBufRpcInvoker.call(ProtobufRpcEngine2.java:573) [hadoop-common-3.3.6.jar:?]
	at org.apache.hadoop.ipc.RPC$Server.call(RPC.java:1227) [hadoop-common-3.3.6.jar:?]
	at org.apache.hadoop.ipc.Server$RpcCall.run(Server.java:1094) [hadoop-common-3.3.6.jar:?]
	at org.apache.hadoop.ipc.Server$RpcCall.run(Server.java:1017) [hadoop-common-3.3.6.jar:?]
	at java.security.AccessController.doPrivileged(Native Method) ~[?:1.8.0_382]
	at javax.security.auth.Subject.doAs(Subject.java:422) [?:1.8.0_382]
	at org.apache.hadoop.security.UserGroupInformation.doAs(UserGroupInformation.java:1899) [hadoop-common-3.3.6.jar:?]
	at org.apache.hadoop.ipc.Server$Handler.run(Server.java:3048) [hadoop-common-3.3.6.jar:?]
08:52:24.423 [IPC Server handler 12 on default port 15004] ERROR OMAudit - user=runner | ip=127.0.0.1 | op=LIST_STATUS {volume=volume72881, bucket=bucket22361, key=root_dir/file2, dataSize=0, replicationConfig=null} | ret=FAILURE
org.apache.hadoop.ozone.om.exceptions.OMException: Unable to get file status: volume: volume72881 bucket: bucket22361 key: root_dir/file2
	at org.apache.hadoop.ozone.om.KeyManagerImpl.getOzoneFileStatus(KeyManagerImpl.java:1195) ~[ozone-manager-1.4.0-SNAPSHOT.jar:?]
	at org.apache.hadoop.ozone.om.KeyManagerImpl.getFileStatus(KeyManagerImpl.java:1113) ~[ozone-manager-1.4.0-SNAPSHOT.jar:?]
	at org.apache.hadoop.ozone.om.KeyManagerImpl.listStatus(KeyManagerImpl.java:1505) ~[ozone-manager-1.4.0-SNAPSHOT.jar:?]
	at org.apache.hadoop.ozone.om.OmMetadataReader.listStatus(OmMetadataReader.java:235) ~[ozone-manager-1.4.0-SNAPSHOT.jar:?]
	at org.apache.hadoop.ozone.om.OzoneManager.listStatus(OzoneManager.java:3560) ~[ozone-manager-1.4.0-SNAPSHOT.jar:?]
	at org.apache.hadoop.ozone.protocolPB.OzoneManagerRequestHandler.listStatus(OzoneManagerRequestHandler.java:1143) ~[ozone-manager-1.4.0-SNAPSHOT.jar:?]
	at org.apache.hadoop.ozone.protocolPB.OzoneManagerRequestHandler.handleReadRequest(OzoneManagerRequestHandler.java:261) ~[ozone-manager-1.4.0-SNAPSHOT.jar:?]
	at org.apache.hadoop.ozone.protocolPB.OzoneManagerProtocolServerSideTranslatorPB.submitReadRequestToOM(OzoneManagerProtocolServerSideTranslatorPB.java:225) ~[ozone-manager-1.4.0-SNAPSHOT.jar:?]
	at org.apache.hadoop.ozone.protocolPB.OzoneManagerProtocolServerSideTranslatorPB.processRequest(OzoneManagerProtocolServerSideTranslatorPB.java:179) ~[ozone-manager-1.4.0-SNAPSHOT.jar:?]
	at org.apache.hadoop.hdds.server.OzoneProtocolMessageDispatcher.processRequest(OzoneProtocolMessageDispatcher.java:87) [hdds-server-framework-1.4.0-SNAPSHOT.jar:?]
	at org.apache.hadoop.ozone.protocolPB.OzoneManagerProtocolServerSideTranslatorPB.submitRequest(OzoneManagerProtocolServerSideTranslatorPB.java:148) [ozone-manager-1.4.0-SNAPSHOT.jar:?]
	at org.apache.hadoop.ozone.protocol.proto.OzoneManagerProtocolProtos$OzoneManagerService$2.callBlockingMethod(OzoneManagerProtocolProtos.java) [ozone-interface-client-1.4.0-SNAPSHOT.jar:?]
	at org.apache.hadoop.ipc.ProtobufRpcEngine$Server.processCall(ProtobufRpcEngine.java:484) [hadoop-common-3.3.6.jar:?]
	at org.apache.hadoop.ipc.ProtobufRpcEngine2$Server$ProtoBufRpcInvoker.call(ProtobufRpcEngine2.java:595) [hadoop-common-3.3.6.jar:?]
	at org.apache.hadoop.ipc.ProtobufRpcEngine2$Server$ProtoBufRpcInvoker.call(ProtobufRpcEngine2.java:573) [hadoop-common-3.3.6.jar:?]
	at org.apache.hadoop.ipc.RPC$Server.call(RPC.java:1227) [hadoop-common-3.3.6.jar:?]
	at org.apache.hadoop.ipc.Server$RpcCall.run(Server.java:1094) [hadoop-common-3.3.6.jar:?]
	at org.apache.hadoop.ipc.Server$RpcCall.run(Server.java:1017) [hadoop-common-3.3.6.jar:?]
	at java.security.AccessController.doPrivileged(Native Method) ~[?:1.8.0_382]
	at javax.security.auth.Subject.doAs(Subject.java:422) [?:1.8.0_382]
	at org.apache.hadoop.security.UserGroupInformation.doAs(UserGroupInformation.java:1899) [hadoop-common-3.3.6.jar:?]
	at org.apache.hadoop.ipc.Server$Handler.run(Server.java:3048) [hadoop-common-3.3.6.jar:?]
]]></system-out>
  </testcase>
  <testcase name="testRenameToParentDir" classname="TestOzoneFileSystem" time="0.047">
    <system-out><![CDATA[08:54:16.707 [IPC Server handler 7 on default port 15057] ERROR OMAudit - user=runner | ip=127.0.0.1 | op=LIST_STATUS {volume=volume93671, bucket=bucket89282, key=root_dir/dir2, dataSize=0, replicationConfig=null} | ret=FAILURE
org.apache.hadoop.ozone.om.exceptions.OMException: Unable to get file status: volume: volume93671 bucket: bucket89282 key: root_dir/dir2
	at org.apache.hadoop.ozone.om.KeyManagerImpl.getOzoneFileStatus(KeyManagerImpl.java:1195) ~[ozone-manager-1.4.0-SNAPSHOT.jar:?]
	at org.apache.hadoop.ozone.om.KeyManagerImpl.getFileStatus(KeyManagerImpl.java:1113) ~[ozone-manager-1.4.0-SNAPSHOT.jar:?]
	at org.apache.hadoop.ozone.om.KeyManagerImpl.listStatus(KeyManagerImpl.java:1505) ~[ozone-manager-1.4.0-SNAPSHOT.jar:?]
	at org.apache.hadoop.ozone.om.OmMetadataReader.listStatus(OmMetadataReader.java:235) ~[ozone-manager-1.4.0-SNAPSHOT.jar:?]
	at org.apache.hadoop.ozone.om.OzoneManager.listStatus(OzoneManager.java:3560) ~[ozone-manager-1.4.0-SNAPSHOT.jar:?]
	at org.apache.hadoop.ozone.protocolPB.OzoneManagerRequestHandler.listStatus(OzoneManagerRequestHandler.java:1143) ~[ozone-manager-1.4.0-SNAPSHOT.jar:?]
	at org.apache.hadoop.ozone.protocolPB.OzoneManagerRequestHandler.handleReadRequest(OzoneManagerRequestHandler.java:261) ~[ozone-manager-1.4.0-SNAPSHOT.jar:?]
	at org.apache.hadoop.ozone.protocolPB.OzoneManagerProtocolServerSideTranslatorPB.submitRequestDirectlyToOM(OzoneManagerProtocolServerSideTranslatorPB.java:274) ~[ozone-manager-1.4.0-SNAPSHOT.jar:?]
	at org.apache.hadoop.ozone.protocolPB.OzoneManagerProtocolServerSideTranslatorPB.processRequest(OzoneManagerProtocolServerSideTranslatorPB.java:175) ~[ozone-manager-1.4.0-SNAPSHOT.jar:?]
	at org.apache.hadoop.hdds.server.OzoneProtocolMessageDispatcher.processRequest(OzoneProtocolMessageDispatcher.java:87) [hdds-server-framework-1.4.0-SNAPSHOT.jar:?]
	at org.apache.hadoop.ozone.protocolPB.OzoneManagerProtocolServerSideTranslatorPB.submitRequest(OzoneManagerProtocolServerSideTranslatorPB.java:148) [ozone-manager-1.4.0-SNAPSHOT.jar:?]
	at org.apache.hadoop.ozone.protocol.proto.OzoneManagerProtocolProtos$OzoneManagerService$2.callBlockingMethod(OzoneManagerProtocolProtos.java) [ozone-interface-client-1.4.0-SNAPSHOT.jar:?]
	at org.apache.hadoop.ipc.ProtobufRpcEngine$Server.processCall(ProtobufRpcEngine.java:484) [hadoop-common-3.3.6.jar:?]
	at org.apache.hadoop.ipc.ProtobufRpcEngine2$Server$ProtoBufRpcInvoker.call(ProtobufRpcEngine2.java:595) [hadoop-common-3.3.6.jar:?]
	at org.apache.hadoop.ipc.ProtobufRpcEngine2$Server$ProtoBufRpcInvoker.call(ProtobufRpcEngine2.java:573) [hadoop-common-3.3.6.jar:?]
	at org.apache.hadoop.ipc.RPC$Server.call(RPC.java:1227) [hadoop-common-3.3.6.jar:?]
	at org.apache.hadoop.ipc.Server$RpcCall.run(Server.java:1094) [hadoop-common-3.3.6.jar:?]
	at org.apache.hadoop.ipc.Server$RpcCall.run(Server.java:1017) [hadoop-common-3.3.6.jar:?]
	at java.security.AccessController.doPrivileged(Native Method) ~[?:1.8.0_382]
	at javax.security.auth.Subject.doAs(Subject.java:422) [?:1.8.0_382]
	at org.apache.hadoop.security.UserGroupInformation.doAs(UserGroupInformation.java:1899) [hadoop-common-3.3.6.jar:?]
	at org.apache.hadoop.ipc.Server$Handler.run(Server.java:3048) [hadoop-common-3.3.6.jar:?]
08:54:16.722 [IPC Server handler 14 on default port 15057] ERROR OMAudit - user=runner | ip=127.0.0.1 | op=LIST_STATUS {volume=volume93671, bucket=bucket89282, key=root_dir/file2, dataSize=0, replicationConfig=null} | ret=FAILURE
org.apache.hadoop.ozone.om.exceptions.OMException: Unable to get file status: volume: volume93671 bucket: bucket89282 key: root_dir/file2
	at org.apache.hadoop.ozone.om.KeyManagerImpl.getOzoneFileStatus(KeyManagerImpl.java:1195) ~[ozone-manager-1.4.0-SNAPSHOT.jar:?]
	at org.apache.hadoop.ozone.om.KeyManagerImpl.getFileStatus(KeyManagerImpl.java:1113) ~[ozone-manager-1.4.0-SNAPSHOT.jar:?]
	at org.apache.hadoop.ozone.om.KeyManagerImpl.listStatus(KeyManagerImpl.java:1505) ~[ozone-manager-1.4.0-SNAPSHOT.jar:?]
	at org.apache.hadoop.ozone.om.OmMetadataReader.listStatus(OmMetadataReader.java:235) ~[ozone-manager-1.4.0-SNAPSHOT.jar:?]
	at org.apache.hadoop.ozone.om.OzoneManager.listStatus(OzoneManager.java:3560) ~[ozone-manager-1.4.0-SNAPSHOT.jar:?]
	at org.apache.hadoop.ozone.protocolPB.OzoneManagerRequestHandler.listStatus(OzoneManagerRequestHandler.java:1143) ~[ozone-manager-1.4.0-SNAPSHOT.jar:?]
	at org.apache.hadoop.ozone.protocolPB.OzoneManagerRequestHandler.handleReadRequest(OzoneManagerRequestHandler.java:261) ~[ozone-manager-1.4.0-SNAPSHOT.jar:?]
	at org.apache.hadoop.ozone.protocolPB.OzoneManagerProtocolServerSideTranslatorPB.submitRequestDirectlyToOM(OzoneManagerProtocolServerSideTranslatorPB.java:274) ~[ozone-manager-1.4.0-SNAPSHOT.jar:?]
	at org.apache.hadoop.ozone.protocolPB.OzoneManagerProtocolServerSideTranslatorPB.processRequest(OzoneManagerProtocolServerSideTranslatorPB.java:175) ~[ozone-manager-1.4.0-SNAPSHOT.jar:?]
	at org.apache.hadoop.hdds.server.OzoneProtocolMessageDispatcher.processRequest(OzoneProtocolMessageDispatcher.java:87) [hdds-server-framework-1.4.0-SNAPSHOT.jar:?]
	at org.apache.hadoop.ozone.protocolPB.OzoneManagerProtocolServerSideTranslatorPB.submitRequest(OzoneManagerProtocolServerSideTranslatorPB.java:148) [ozone-manager-1.4.0-SNAPSHOT.jar:?]
	at org.apache.hadoop.ozone.protocol.proto.OzoneManagerProtocolProtos$OzoneManagerService$2.callBlockingMethod(OzoneManagerProtocolProtos.java) [ozone-interface-client-1.4.0-SNAPSHOT.jar:?]
	at org.apache.hadoop.ipc.ProtobufRpcEngine$Server.processCall(ProtobufRpcEngine.java:484) [hadoop-common-3.3.6.jar:?]
	at org.apache.hadoop.ipc.ProtobufRpcEngine2$Server$ProtoBufRpcInvoker.call(ProtobufRpcEngine2.java:595) [hadoop-common-3.3.6.jar:?]
	at org.apache.hadoop.ipc.ProtobufRpcEngine2$Server$ProtoBufRpcInvoker.call(ProtobufRpcEngine2.java:573) [hadoop-common-3.3.6.jar:?]
	at org.apache.hadoop.ipc.RPC$Server.call(RPC.java:1227) [hadoop-common-3.3.6.jar:?]
	at org.apache.hadoop.ipc.Server$RpcCall.run(Server.java:1094) [hadoop-common-3.3.6.jar:?]
	at org.apache.hadoop.ipc.Server$RpcCall.run(Server.java:1017) [hadoop-common-3.3.6.jar:?]
	at java.security.AccessController.doPrivileged(Native Method) ~[?:1.8.0_382]
	at javax.security.auth.Subject.doAs(Subject.java:422) [?:1.8.0_382]
	at org.apache.hadoop.security.UserGroupInformation.doAs(UserGroupInformation.java:1899) [hadoop-common-3.3.6.jar:?]
	at org.apache.hadoop.ipc.Server$Handler.run(Server.java:3048) [hadoop-common-3.3.6.jar:?]
]]></system-out>
  </testcase>
  <testcase name="testRenameToParentDir" classname="TestOzoneFileSystem" time="0.043">
    <system-out><![CDATA[08:55:40.708 [IPC Server handler 1 on default port 15110] ERROR OMAudit - user=runner | ip=127.0.0.1 | op=LIST_STATUS {volume=volume76246, bucket=bucket29151, key=root_dir/dir2, dataSize=0, replicationConfig=null} | ret=FAILURE
org.apache.hadoop.ozone.om.exceptions.OMException: Unable to get file status: volume: volume76246 bucket: bucket29151 key: root_dir/dir2
	at org.apache.hadoop.ozone.om.KeyManagerImpl.getOzoneFileStatus(KeyManagerImpl.java:1195) ~[ozone-manager-1.4.0-SNAPSHOT.jar:?]
	at org.apache.hadoop.ozone.om.KeyManagerImpl.getFileStatus(KeyManagerImpl.java:1113) ~[ozone-manager-1.4.0-SNAPSHOT.jar:?]
	at org.apache.hadoop.ozone.om.KeyManagerImpl.listStatus(KeyManagerImpl.java:1505) ~[ozone-manager-1.4.0-SNAPSHOT.jar:?]
	at org.apache.hadoop.ozone.om.OmMetadataReader.listStatus(OmMetadataReader.java:235) ~[ozone-manager-1.4.0-SNAPSHOT.jar:?]
	at org.apache.hadoop.ozone.om.OzoneManager.listStatus(OzoneManager.java:3560) ~[ozone-manager-1.4.0-SNAPSHOT.jar:?]
	at org.apache.hadoop.ozone.protocolPB.OzoneManagerRequestHandler.listStatus(OzoneManagerRequestHandler.java:1143) ~[ozone-manager-1.4.0-SNAPSHOT.jar:?]
	at org.apache.hadoop.ozone.protocolPB.OzoneManagerRequestHandler.handleReadRequest(OzoneManagerRequestHandler.java:261) ~[ozone-manager-1.4.0-SNAPSHOT.jar:?]
	at org.apache.hadoop.ozone.protocolPB.OzoneManagerProtocolServerSideTranslatorPB.submitReadRequestToOM(OzoneManagerProtocolServerSideTranslatorPB.java:225) ~[ozone-manager-1.4.0-SNAPSHOT.jar:?]
	at org.apache.hadoop.ozone.protocolPB.OzoneManagerProtocolServerSideTranslatorPB.processRequest(OzoneManagerProtocolServerSideTranslatorPB.java:179) ~[ozone-manager-1.4.0-SNAPSHOT.jar:?]
	at org.apache.hadoop.hdds.server.OzoneProtocolMessageDispatcher.processRequest(OzoneProtocolMessageDispatcher.java:87) [hdds-server-framework-1.4.0-SNAPSHOT.jar:?]
	at org.apache.hadoop.ozone.protocolPB.OzoneManagerProtocolServerSideTranslatorPB.submitRequest(OzoneManagerProtocolServerSideTranslatorPB.java:148) [ozone-manager-1.4.0-SNAPSHOT.jar:?]
	at org.apache.hadoop.ozone.protocol.proto.OzoneManagerProtocolProtos$OzoneManagerService$2.callBlockingMethod(OzoneManagerProtocolProtos.java) [ozone-interface-client-1.4.0-SNAPSHOT.jar:?]
	at org.apache.hadoop.ipc.ProtobufRpcEngine$Server.processCall(ProtobufRpcEngine.java:484) [hadoop-common-3.3.6.jar:?]
	at org.apache.hadoop.ipc.ProtobufRpcEngine2$Server$ProtoBufRpcInvoker.call(ProtobufRpcEngine2.java:595) [hadoop-common-3.3.6.jar:?]
	at org.apache.hadoop.ipc.ProtobufRpcEngine2$Server$ProtoBufRpcInvoker.call(ProtobufRpcEngine2.java:573) [hadoop-common-3.3.6.jar:?]
	at org.apache.hadoop.ipc.RPC$Server.call(RPC.java:1227) [hadoop-common-3.3.6.jar:?]
	at org.apache.hadoop.ipc.Server$RpcCall.run(Server.java:1094) [hadoop-common-3.3.6.jar:?]
	at org.apache.hadoop.ipc.Server$RpcCall.run(Server.java:1017) [hadoop-common-3.3.6.jar:?]
	at java.security.AccessController.doPrivileged(Native Method) ~[?:1.8.0_382]
	at javax.security.auth.Subject.doAs(Subject.java:422) [?:1.8.0_382]
	at org.apache.hadoop.security.UserGroupInformation.doAs(UserGroupInformation.java:1899) [hadoop-common-3.3.6.jar:?]
	at org.apache.hadoop.ipc.Server$Handler.run(Server.java:3048) [hadoop-common-3.3.6.jar:?]
08:55:40.719 [IPC Server handler 18 on default port 15110] ERROR OMAudit - user=runner | ip=127.0.0.1 | op=LIST_STATUS {volume=volume76246, bucket=bucket29151, key=root_dir/file2, dataSize=0, replicationConfig=null} | ret=FAILURE
org.apache.hadoop.ozone.om.exceptions.OMException: Unable to get file status: volume: volume76246 bucket: bucket29151 key: root_dir/file2
	at org.apache.hadoop.ozone.om.KeyManagerImpl.getOzoneFileStatus(KeyManagerImpl.java:1195) ~[ozone-manager-1.4.0-SNAPSHOT.jar:?]
	at org.apache.hadoop.ozone.om.KeyManagerImpl.getFileStatus(KeyManagerImpl.java:1113) ~[ozone-manager-1.4.0-SNAPSHOT.jar:?]
	at org.apache.hadoop.ozone.om.KeyManagerImpl.listStatus(KeyManagerImpl.java:1505) ~[ozone-manager-1.4.0-SNAPSHOT.jar:?]
	at org.apache.hadoop.ozone.om.OmMetadataReader.listStatus(OmMetadataReader.java:235) ~[ozone-manager-1.4.0-SNAPSHOT.jar:?]
	at org.apache.hadoop.ozone.om.OzoneManager.listStatus(OzoneManager.java:3560) ~[ozone-manager-1.4.0-SNAPSHOT.jar:?]
	at org.apache.hadoop.ozone.protocolPB.OzoneManagerRequestHandler.listStatus(OzoneManagerRequestHandler.java:1143) ~[ozone-manager-1.4.0-SNAPSHOT.jar:?]
	at org.apache.hadoop.ozone.protocolPB.OzoneManagerRequestHandler.handleReadRequest(OzoneManagerRequestHandler.java:261) ~[ozone-manager-1.4.0-SNAPSHOT.jar:?]
	at org.apache.hadoop.ozone.protocolPB.OzoneManagerProtocolServerSideTranslatorPB.submitReadRequestToOM(OzoneManagerProtocolServerSideTranslatorPB.java:225) ~[ozone-manager-1.4.0-SNAPSHOT.jar:?]
	at org.apache.hadoop.ozone.protocolPB.OzoneManagerProtocolServerSideTranslatorPB.processRequest(OzoneManagerProtocolServerSideTranslatorPB.java:179) ~[ozone-manager-1.4.0-SNAPSHOT.jar:?]
	at org.apache.hadoop.hdds.server.OzoneProtocolMessageDispatcher.processRequest(OzoneProtocolMessageDispatcher.java:87) [hdds-server-framework-1.4.0-SNAPSHOT.jar:?]
	at org.apache.hadoop.ozone.protocolPB.OzoneManagerProtocolServerSideTranslatorPB.submitRequest(OzoneManagerProtocolServerSideTranslatorPB.java:148) [ozone-manager-1.4.0-SNAPSHOT.jar:?]
	at org.apache.hadoop.ozone.protocol.proto.OzoneManagerProtocolProtos$OzoneManagerService$2.callBlockingMethod(OzoneManagerProtocolProtos.java) [ozone-interface-client-1.4.0-SNAPSHOT.jar:?]
	at org.apache.hadoop.ipc.ProtobufRpcEngine$Server.processCall(ProtobufRpcEngine.java:484) [hadoop-common-3.3.6.jar:?]
	at org.apache.hadoop.ipc.ProtobufRpcEngine2$Server$ProtoBufRpcInvoker.call(ProtobufRpcEngine2.java:595) [hadoop-common-3.3.6.jar:?]
	at org.apache.hadoop.ipc.ProtobufRpcEngine2$Server$ProtoBufRpcInvoker.call(ProtobufRpcEngine2.java:573) [hadoop-common-3.3.6.jar:?]
	at org.apache.hadoop.ipc.RPC$Server.call(RPC.java:1227) [hadoop-common-3.3.6.jar:?]
	at org.apache.hadoop.ipc.Server$RpcCall.run(Server.java:1094) [hadoop-common-3.3.6.jar:?]
	at org.apache.hadoop.ipc.Server$RpcCall.run(Server.java:1017) [hadoop-common-3.3.6.jar:?]
	at java.security.AccessController.doPrivileged(Native Method) ~[?:1.8.0_382]
	at javax.security.auth.Subject.doAs(Subject.java:422) [?:1.8.0_382]
	at org.apache.hadoop.security.UserGroupInformation.doAs(UserGroupInformation.java:1899) [hadoop-common-3.3.6.jar:?]
	at org.apache.hadoop.ipc.Server$Handler.run(Server.java:3048) [hadoop-common-3.3.6.jar:?]
]]></system-out>
  </testcase>
  <testcase name="testRenameToParentDir" classname="TestOzoneFileSystem" time="0.028">
    <system-out><![CDATA[08:57:18.135 [IPC Server handler 17 on default port 15163] ERROR OMAudit - user=runner | ip=127.0.0.1 | op=LIST_STATUS {volume=volume04563, bucket=bucket31706, key=root_dir/dir2, dataSize=0, replicationConfig=null} | ret=FAILURE
org.apache.hadoop.ozone.om.exceptions.OMException: Unable to get file status: volume: volume04563 bucket: bucket31706 key: root_dir/dir2
	at org.apache.hadoop.ozone.om.KeyManagerImpl.getOzoneFileStatus(KeyManagerImpl.java:1195) ~[ozone-manager-1.4.0-SNAPSHOT.jar:?]
	at org.apache.hadoop.ozone.om.KeyManagerImpl.getFileStatus(KeyManagerImpl.java:1113) ~[ozone-manager-1.4.0-SNAPSHOT.jar:?]
	at org.apache.hadoop.ozone.om.KeyManagerImpl.listStatus(KeyManagerImpl.java:1505) ~[ozone-manager-1.4.0-SNAPSHOT.jar:?]
	at org.apache.hadoop.ozone.om.OmMetadataReader.listStatus(OmMetadataReader.java:235) ~[ozone-manager-1.4.0-SNAPSHOT.jar:?]
	at org.apache.hadoop.ozone.om.OzoneManager.listStatus(OzoneManager.java:3560) ~[ozone-manager-1.4.0-SNAPSHOT.jar:?]
	at org.apache.hadoop.ozone.protocolPB.OzoneManagerRequestHandler.listStatus(OzoneManagerRequestHandler.java:1143) ~[ozone-manager-1.4.0-SNAPSHOT.jar:?]
	at org.apache.hadoop.ozone.protocolPB.OzoneManagerRequestHandler.handleReadRequest(OzoneManagerRequestHandler.java:261) ~[ozone-manager-1.4.0-SNAPSHOT.jar:?]
	at org.apache.hadoop.ozone.protocolPB.OzoneManagerProtocolServerSideTranslatorPB.submitRequestDirectlyToOM(OzoneManagerProtocolServerSideTranslatorPB.java:274) ~[ozone-manager-1.4.0-SNAPSHOT.jar:?]
	at org.apache.hadoop.ozone.protocolPB.OzoneManagerProtocolServerSideTranslatorPB.processRequest(OzoneManagerProtocolServerSideTranslatorPB.java:175) ~[ozone-manager-1.4.0-SNAPSHOT.jar:?]
	at org.apache.hadoop.hdds.server.OzoneProtocolMessageDispatcher.processRequest(OzoneProtocolMessageDispatcher.java:87) [hdds-server-framework-1.4.0-SNAPSHOT.jar:?]
	at org.apache.hadoop.ozone.protocolPB.OzoneManagerProtocolServerSideTranslatorPB.submitRequest(OzoneManagerProtocolServerSideTranslatorPB.java:148) [ozone-manager-1.4.0-SNAPSHOT.jar:?]
	at org.apache.hadoop.ozone.protocol.proto.OzoneManagerProtocolProtos$OzoneManagerService$2.callBlockingMethod(OzoneManagerProtocolProtos.java) [ozone-interface-client-1.4.0-SNAPSHOT.jar:?]
	at org.apache.hadoop.ipc.ProtobufRpcEngine$Server.processCall(ProtobufRpcEngine.java:484) [hadoop-common-3.3.6.jar:?]
	at org.apache.hadoop.ipc.ProtobufRpcEngine2$Server$ProtoBufRpcInvoker.call(ProtobufRpcEngine2.java:595) [hadoop-common-3.3.6.jar:?]
	at org.apache.hadoop.ipc.ProtobufRpcEngine2$Server$ProtoBufRpcInvoker.call(ProtobufRpcEngine2.java:573) [hadoop-common-3.3.6.jar:?]
	at org.apache.hadoop.ipc.RPC$Server.call(RPC.java:1227) [hadoop-common-3.3.6.jar:?]
	at org.apache.hadoop.ipc.Server$RpcCall.run(Server.java:1094) [hadoop-common-3.3.6.jar:?]
	at org.apache.hadoop.ipc.Server$RpcCall.run(Server.java:1017) [hadoop-common-3.3.6.jar:?]
	at java.security.AccessController.doPrivileged(Native Method) ~[?:1.8.0_382]
	at javax.security.auth.Subject.doAs(Subject.java:422) [?:1.8.0_382]
	at org.apache.hadoop.security.UserGroupInformation.doAs(UserGroupInformation.java:1899) [hadoop-common-3.3.6.jar:?]
	at org.apache.hadoop.ipc.Server$Handler.run(Server.java:3048) [hadoop-common-3.3.6.jar:?]
08:57:18.144 [IPC Server handler 3 on default port 15163] ERROR OMAudit - user=runner | ip=127.0.0.1 | op=LIST_STATUS {volume=volume04563, bucket=bucket31706, key=root_dir/file2, dataSize=0, replicationConfig=null} | ret=FAILURE
org.apache.hadoop.ozone.om.exceptions.OMException: Unable to get file status: volume: volume04563 bucket: bucket31706 key: root_dir/file2
	at org.apache.hadoop.ozone.om.KeyManagerImpl.getOzoneFileStatus(KeyManagerImpl.java:1195) ~[ozone-manager-1.4.0-SNAPSHOT.jar:?]
	at org.apache.hadoop.ozone.om.KeyManagerImpl.getFileStatus(KeyManagerImpl.java:1113) ~[ozone-manager-1.4.0-SNAPSHOT.jar:?]
	at org.apache.hadoop.ozone.om.KeyManagerImpl.listStatus(KeyManagerImpl.java:1505) ~[ozone-manager-1.4.0-SNAPSHOT.jar:?]
	at org.apache.hadoop.ozone.om.OmMetadataReader.listStatus(OmMetadataReader.java:235) ~[ozone-manager-1.4.0-SNAPSHOT.jar:?]
	at org.apache.hadoop.ozone.om.OzoneManager.listStatus(OzoneManager.java:3560) ~[ozone-manager-1.4.0-SNAPSHOT.jar:?]
	at org.apache.hadoop.ozone.protocolPB.OzoneManagerRequestHandler.listStatus(OzoneManagerRequestHandler.java:1143) ~[ozone-manager-1.4.0-SNAPSHOT.jar:?]
	at org.apache.hadoop.ozone.protocolPB.OzoneManagerRequestHandler.handleReadRequest(OzoneManagerRequestHandler.java:261) ~[ozone-manager-1.4.0-SNAPSHOT.jar:?]
	at org.apache.hadoop.ozone.protocolPB.OzoneManagerProtocolServerSideTranslatorPB.submitRequestDirectlyToOM(OzoneManagerProtocolServerSideTranslatorPB.java:274) ~[ozone-manager-1.4.0-SNAPSHOT.jar:?]
	at org.apache.hadoop.ozone.protocolPB.OzoneManagerProtocolServerSideTranslatorPB.processRequest(OzoneManagerProtocolServerSideTranslatorPB.java:175) ~[ozone-manager-1.4.0-SNAPSHOT.jar:?]
	at org.apache.hadoop.hdds.server.OzoneProtocolMessageDispatcher.processRequest(OzoneProtocolMessageDispatcher.java:87) [hdds-server-framework-1.4.0-SNAPSHOT.jar:?]
	at org.apache.hadoop.ozone.protocolPB.OzoneManagerProtocolServerSideTranslatorPB.submitRequest(OzoneManagerProtocolServerSideTranslatorPB.java:148) [ozone-manager-1.4.0-SNAPSHOT.jar:?]
	at org.apache.hadoop.ozone.protocol.proto.OzoneManagerProtocolProtos$OzoneManagerService$2.callBlockingMethod(OzoneManagerProtocolProtos.java) [ozone-interface-client-1.4.0-SNAPSHOT.jar:?]
	at org.apache.hadoop.ipc.ProtobufRpcEngine$Server.processCall(ProtobufRpcEngine.java:484) [hadoop-common-3.3.6.jar:?]
	at org.apache.hadoop.ipc.ProtobufRpcEngine2$Server$ProtoBufRpcInvoker.call(ProtobufRpcEngine2.java:595) [hadoop-common-3.3.6.jar:?]
	at org.apache.hadoop.ipc.ProtobufRpcEngine2$Server$ProtoBufRpcInvoker.call(ProtobufRpcEngine2.java:573) [hadoop-common-3.3.6.jar:?]
	at org.apache.hadoop.ipc.RPC$Server.call(RPC.java:1227) [hadoop-common-3.3.6.jar:?]
	at org.apache.hadoop.ipc.Server$RpcCall.run(Server.java:1094) [hadoop-common-3.3.6.jar:?]
	at org.apache.hadoop.ipc.Server$RpcCall.run(Server.java:1017) [hadoop-common-3.3.6.jar:?]
	at java.security.AccessController.doPrivileged(Native Method) ~[?:1.8.0_382]
	at javax.security.auth.Subject.doAs(Subject.java:422) [?:1.8.0_382]
	at org.apache.hadoop.security.UserGroupInformation.doAs(UserGroupInformation.java:1899) [hadoop-common-3.3.6.jar:?]
	at org.apache.hadoop.ipc.Server$Handler.run(Server.java:3048) [hadoop-common-3.3.6.jar:?]
]]></system-out>
  </testcase>
  <testcase name="testListStatusOnSubDirs" classname="TestOzoneFileSystem" time="0.106"/>
  <testcase name="testListStatusOnSubDirs" classname="TestOzoneFileSystem" time="0.035"/>
  <testcase name="testListStatusOnSubDirs" classname="TestOzoneFileSystem" time="0.029"/>
  <testcase name="testListStatusOnSubDirs" classname="TestOzoneFileSystem" time="0.035"/>
  <testcase name="testListStatus" classname="TestOzoneFileSystem" time="0.128"/>
  <testcase name="testListStatus" classname="TestOzoneFileSystem" time="0.046"/>
  <testcase name="testListStatus" classname="TestOzoneFileSystem" time="0.046"/>
  <testcase name="testListStatus" classname="TestOzoneFileSystem" time="0.044"/>
  <testcase name="testRecursiveDelete" classname="TestOzoneFileSystem" time="0.593">
    <system-out><![CDATA[08:52:25.010 [IPC Server handler 11 on default port 15004] ERROR OMAudit - user=runner | ip=127.0.0.1 | op=GET_FILE_STATUS {volume=volume72881, bucket=bucket22361, key=gdir1, dataSize=0, replicationConfig=null} | ret=FAILURE
org.apache.hadoop.ozone.om.exceptions.OMException: Unable to get file status: volume: volume72881 bucket: bucket22361 key: gdir1
	at org.apache.hadoop.ozone.om.KeyManagerImpl.getOzoneFileStatus(KeyManagerImpl.java:1195) ~[ozone-manager-1.4.0-SNAPSHOT.jar:?]
	at org.apache.hadoop.ozone.om.KeyManagerImpl.getFileStatus(KeyManagerImpl.java:1113) ~[ozone-manager-1.4.0-SNAPSHOT.jar:?]
	at org.apache.hadoop.ozone.om.OmMetadataReader.getFileStatus(OmMetadataReader.java:262) ~[ozone-manager-1.4.0-SNAPSHOT.jar:?]
	at org.apache.hadoop.ozone.om.OzoneManager.getFileStatus(OzoneManager.java:3530) ~[ozone-manager-1.4.0-SNAPSHOT.jar:?]
	at org.apache.hadoop.ozone.protocolPB.OzoneManagerRequestHandler.getOzoneFileStatus(OzoneManagerRequestHandler.java:971) ~[ozone-manager-1.4.0-SNAPSHOT.jar:?]
	at org.apache.hadoop.ozone.protocolPB.OzoneManagerRequestHandler.handleReadRequest(OzoneManagerRequestHandler.java:250) ~[ozone-manager-1.4.0-SNAPSHOT.jar:?]
	at org.apache.hadoop.ozone.protocolPB.OzoneManagerProtocolServerSideTranslatorPB.submitReadRequestToOM(OzoneManagerProtocolServerSideTranslatorPB.java:225) ~[ozone-manager-1.4.0-SNAPSHOT.jar:?]
	at org.apache.hadoop.ozone.protocolPB.OzoneManagerProtocolServerSideTranslatorPB.processRequest(OzoneManagerProtocolServerSideTranslatorPB.java:179) ~[ozone-manager-1.4.0-SNAPSHOT.jar:?]
	at org.apache.hadoop.hdds.server.OzoneProtocolMessageDispatcher.processRequest(OzoneProtocolMessageDispatcher.java:87) [hdds-server-framework-1.4.0-SNAPSHOT.jar:?]
	at org.apache.hadoop.ozone.protocolPB.OzoneManagerProtocolServerSideTranslatorPB.submitRequest(OzoneManagerProtocolServerSideTranslatorPB.java:148) [ozone-manager-1.4.0-SNAPSHOT.jar:?]
	at org.apache.hadoop.ozone.protocol.proto.OzoneManagerProtocolProtos$OzoneManagerService$2.callBlockingMethod(OzoneManagerProtocolProtos.java) [ozone-interface-client-1.4.0-SNAPSHOT.jar:?]
	at org.apache.hadoop.ipc.ProtobufRpcEngine$Server.processCall(ProtobufRpcEngine.java:484) [hadoop-common-3.3.6.jar:?]
	at org.apache.hadoop.ipc.ProtobufRpcEngine2$Server$ProtoBufRpcInvoker.call(ProtobufRpcEngine2.java:595) [hadoop-common-3.3.6.jar:?]
	at org.apache.hadoop.ipc.ProtobufRpcEngine2$Server$ProtoBufRpcInvoker.call(ProtobufRpcEngine2.java:573) [hadoop-common-3.3.6.jar:?]
	at org.apache.hadoop.ipc.RPC$Server.call(RPC.java:1227) [hadoop-common-3.3.6.jar:?]
	at org.apache.hadoop.ipc.Server$RpcCall.run(Server.java:1094) [hadoop-common-3.3.6.jar:?]
	at org.apache.hadoop.ipc.Server$RpcCall.run(Server.java:1017) [hadoop-common-3.3.6.jar:?]
	at java.security.AccessController.doPrivileged(Native Method) ~[?:1.8.0_382]
	at javax.security.auth.Subject.doAs(Subject.java:422) [?:1.8.0_382]
	at org.apache.hadoop.security.UserGroupInformation.doAs(UserGroupInformation.java:1899) [hadoop-common-3.3.6.jar:?]
	at org.apache.hadoop.ipc.Server$Handler.run(Server.java:3048) [hadoop-common-3.3.6.jar:?]
08:52:25.012 [IPC Server handler 8 on default port 15004] ERROR OMAudit - user=runner | ip=127.0.0.1 | op=GET_FILE_STATUS {volume=volume72881, bucket=bucket22361, key=gdir1/dir1, dataSize=0, replicationConfig=null} | ret=FAILURE
org.apache.hadoop.ozone.om.exceptions.OMException: Unable to get file status: volume: volume72881 bucket: bucket22361 key: gdir1/dir1
	at org.apache.hadoop.ozone.om.KeyManagerImpl.getOzoneFileStatus(KeyManagerImpl.java:1195) ~[ozone-manager-1.4.0-SNAPSHOT.jar:?]
	at org.apache.hadoop.ozone.om.KeyManagerImpl.getFileStatus(KeyManagerImpl.java:1113) ~[ozone-manager-1.4.0-SNAPSHOT.jar:?]
	at org.apache.hadoop.ozone.om.OmMetadataReader.getFileStatus(OmMetadataReader.java:262) ~[ozone-manager-1.4.0-SNAPSHOT.jar:?]
	at org.apache.hadoop.ozone.om.OzoneManager.getFileStatus(OzoneManager.java:3530) ~[ozone-manager-1.4.0-SNAPSHOT.jar:?]
	at org.apache.hadoop.ozone.protocolPB.OzoneManagerRequestHandler.getOzoneFileStatus(OzoneManagerRequestHandler.java:971) ~[ozone-manager-1.4.0-SNAPSHOT.jar:?]
	at org.apache.hadoop.ozone.protocolPB.OzoneManagerRequestHandler.handleReadRequest(OzoneManagerRequestHandler.java:250) ~[ozone-manager-1.4.0-SNAPSHOT.jar:?]
	at org.apache.hadoop.ozone.protocolPB.OzoneManagerProtocolServerSideTranslatorPB.submitReadRequestToOM(OzoneManagerProtocolServerSideTranslatorPB.java:225) ~[ozone-manager-1.4.0-SNAPSHOT.jar:?]
	at org.apache.hadoop.ozone.protocolPB.OzoneManagerProtocolServerSideTranslatorPB.processRequest(OzoneManagerProtocolServerSideTranslatorPB.java:179) ~[ozone-manager-1.4.0-SNAPSHOT.jar:?]
	at org.apache.hadoop.hdds.server.OzoneProtocolMessageDispatcher.processRequest(OzoneProtocolMessageDispatcher.java:87) [hdds-server-framework-1.4.0-SNAPSHOT.jar:?]
	at org.apache.hadoop.ozone.protocolPB.OzoneManagerProtocolServerSideTranslatorPB.submitRequest(OzoneManagerProtocolServerSideTranslatorPB.java:148) [ozone-manager-1.4.0-SNAPSHOT.jar:?]
	at org.apache.hadoop.ozone.protocol.proto.OzoneManagerProtocolProtos$OzoneManagerService$2.callBlockingMethod(OzoneManagerProtocolProtos.java) [ozone-interface-client-1.4.0-SNAPSHOT.jar:?]
	at org.apache.hadoop.ipc.ProtobufRpcEngine$Server.processCall(ProtobufRpcEngine.java:484) [hadoop-common-3.3.6.jar:?]
	at org.apache.hadoop.ipc.ProtobufRpcEngine2$Server$ProtoBufRpcInvoker.call(ProtobufRpcEngine2.java:595) [hadoop-common-3.3.6.jar:?]
	at org.apache.hadoop.ipc.ProtobufRpcEngine2$Server$ProtoBufRpcInvoker.call(ProtobufRpcEngine2.java:573) [hadoop-common-3.3.6.jar:?]
	at org.apache.hadoop.ipc.RPC$Server.call(RPC.java:1227) [hadoop-common-3.3.6.jar:?]
	at org.apache.hadoop.ipc.Server$RpcCall.run(Server.java:1094) [hadoop-common-3.3.6.jar:?]
	at org.apache.hadoop.ipc.Server$RpcCall.run(Server.java:1017) [hadoop-common-3.3.6.jar:?]
	at java.security.AccessController.doPrivileged(Native Method) ~[?:1.8.0_382]
	at javax.security.auth.Subject.doAs(Subject.java:422) [?:1.8.0_382]
	at org.apache.hadoop.security.UserGroupInformation.doAs(UserGroupInformation.java:1899) [hadoop-common-3.3.6.jar:?]
	at org.apache.hadoop.ipc.Server$Handler.run(Server.java:3048) [hadoop-common-3.3.6.jar:?]
08:52:25.014 [IPC Server handler 14 on default port 15004] ERROR OMAudit - user=runner | ip=127.0.0.1 | op=GET_FILE_STATUS {volume=volume72881, bucket=bucket22361, key=gdir1/dir1/child, dataSize=0, replicationConfig=null} | ret=FAILURE
org.apache.hadoop.ozone.om.exceptions.OMException: Unable to get file status: volume: volume72881 bucket: bucket22361 key: gdir1/dir1/child
	at org.apache.hadoop.ozone.om.KeyManagerImpl.getOzoneFileStatus(KeyManagerImpl.java:1195) ~[ozone-manager-1.4.0-SNAPSHOT.jar:?]
	at org.apache.hadoop.ozone.om.KeyManagerImpl.getFileStatus(KeyManagerImpl.java:1113) ~[ozone-manager-1.4.0-SNAPSHOT.jar:?]
	at org.apache.hadoop.ozone.om.OmMetadataReader.getFileStatus(OmMetadataReader.java:262) ~[ozone-manager-1.4.0-SNAPSHOT.jar:?]
	at org.apache.hadoop.ozone.om.OzoneManager.getFileStatus(OzoneManager.java:3530) ~[ozone-manager-1.4.0-SNAPSHOT.jar:?]
	at org.apache.hadoop.ozone.protocolPB.OzoneManagerRequestHandler.getOzoneFileStatus(OzoneManagerRequestHandler.java:971) ~[ozone-manager-1.4.0-SNAPSHOT.jar:?]
	at org.apache.hadoop.ozone.protocolPB.OzoneManagerRequestHandler.handleReadRequest(OzoneManagerRequestHandler.java:250) ~[ozone-manager-1.4.0-SNAPSHOT.jar:?]
	at org.apache.hadoop.ozone.protocolPB.OzoneManagerProtocolServerSideTranslatorPB.submitReadRequestToOM(OzoneManagerProtocolServerSideTranslatorPB.java:225) ~[ozone-manager-1.4.0-SNAPSHOT.jar:?]
	at org.apache.hadoop.ozone.protocolPB.OzoneManagerProtocolServerSideTranslatorPB.processRequest(OzoneManagerProtocolServerSideTranslatorPB.java:179) ~[ozone-manager-1.4.0-SNAPSHOT.jar:?]
	at org.apache.hadoop.hdds.server.OzoneProtocolMessageDispatcher.processRequest(OzoneProtocolMessageDispatcher.java:87) [hdds-server-framework-1.4.0-SNAPSHOT.jar:?]
	at org.apache.hadoop.ozone.protocolPB.OzoneManagerProtocolServerSideTranslatorPB.submitRequest(OzoneManagerProtocolServerSideTranslatorPB.java:148) [ozone-manager-1.4.0-SNAPSHOT.jar:?]
	at org.apache.hadoop.ozone.protocol.proto.OzoneManagerProtocolProtos$OzoneManagerService$2.callBlockingMethod(OzoneManagerProtocolProtos.java) [ozone-interface-client-1.4.0-SNAPSHOT.jar:?]
	at org.apache.hadoop.ipc.ProtobufRpcEngine$Server.processCall(ProtobufRpcEngine.java:484) [hadoop-common-3.3.6.jar:?]
	at org.apache.hadoop.ipc.ProtobufRpcEngine2$Server$ProtoBufRpcInvoker.call(ProtobufRpcEngine2.java:595) [hadoop-common-3.3.6.jar:?]
	at org.apache.hadoop.ipc.ProtobufRpcEngine2$Server$ProtoBufRpcInvoker.call(ProtobufRpcEngine2.java:573) [hadoop-common-3.3.6.jar:?]
	at org.apache.hadoop.ipc.RPC$Server.call(RPC.java:1227) [hadoop-common-3.3.6.jar:?]
	at org.apache.hadoop.ipc.Server$RpcCall.run(Server.java:1094) [hadoop-common-3.3.6.jar:?]
	at org.apache.hadoop.ipc.Server$RpcCall.run(Server.java:1017) [hadoop-common-3.3.6.jar:?]
	at java.security.AccessController.doPrivileged(Native Method) ~[?:1.8.0_382]
	at javax.security.auth.Subject.doAs(Subject.java:422) [?:1.8.0_382]
	at org.apache.hadoop.security.UserGroupInformation.doAs(UserGroupInformation.java:1899) [hadoop-common-3.3.6.jar:?]
	at org.apache.hadoop.ipc.Server$Handler.run(Server.java:3048) [hadoop-common-3.3.6.jar:?]
08:52:25.017 [IPC Server handler 3 on default port 15004] ERROR OMAudit - user=runner | ip=127.0.0.1 | op=GET_FILE_STATUS {volume=volume72881, bucket=bucket22361, key=gdir1/dir2, dataSize=0, replicationConfig=null} | ret=FAILURE
org.apache.hadoop.ozone.om.exceptions.OMException: Unable to get file status: volume: volume72881 bucket: bucket22361 key: gdir1/dir2
	at org.apache.hadoop.ozone.om.KeyManagerImpl.getOzoneFileStatus(KeyManagerImpl.java:1195) ~[ozone-manager-1.4.0-SNAPSHOT.jar:?]
	at org.apache.hadoop.ozone.om.KeyManagerImpl.getFileStatus(KeyManagerImpl.java:1113) ~[ozone-manager-1.4.0-SNAPSHOT.jar:?]
	at org.apache.hadoop.ozone.om.OmMetadataReader.getFileStatus(OmMetadataReader.java:262) ~[ozone-manager-1.4.0-SNAPSHOT.jar:?]
	at org.apache.hadoop.ozone.om.OzoneManager.getFileStatus(OzoneManager.java:3530) ~[ozone-manager-1.4.0-SNAPSHOT.jar:?]
	at org.apache.hadoop.ozone.protocolPB.OzoneManagerRequestHandler.getOzoneFileStatus(OzoneManagerRequestHandler.java:971) ~[ozone-manager-1.4.0-SNAPSHOT.jar:?]
	at org.apache.hadoop.ozone.protocolPB.OzoneManagerRequestHandler.handleReadRequest(OzoneManagerRequestHandler.java:250) ~[ozone-manager-1.4.0-SNAPSHOT.jar:?]
	at org.apache.hadoop.ozone.protocolPB.OzoneManagerProtocolServerSideTranslatorPB.submitReadRequestToOM(OzoneManagerProtocolServerSideTranslatorPB.java:225) ~[ozone-manager-1.4.0-SNAPSHOT.jar:?]
	at org.apache.hadoop.ozone.protocolPB.OzoneManagerProtocolServerSideTranslatorPB.processRequest(OzoneManagerProtocolServerSideTranslatorPB.java:179) ~[ozone-manager-1.4.0-SNAPSHOT.jar:?]
	at org.apache.hadoop.hdds.server.OzoneProtocolMessageDispatcher.processRequest(OzoneProtocolMessageDispatcher.java:87) [hdds-server-framework-1.4.0-SNAPSHOT.jar:?]
	at org.apache.hadoop.ozone.protocolPB.OzoneManagerProtocolServerSideTranslatorPB.submitRequest(OzoneManagerProtocolServerSideTranslatorPB.java:148) [ozone-manager-1.4.0-SNAPSHOT.jar:?]
	at org.apache.hadoop.ozone.protocol.proto.OzoneManagerProtocolProtos$OzoneManagerService$2.callBlockingMethod(OzoneManagerProtocolProtos.java) [ozone-interface-client-1.4.0-SNAPSHOT.jar:?]
	at org.apache.hadoop.ipc.ProtobufRpcEngine$Server.processCall(ProtobufRpcEngine.java:484) [hadoop-common-3.3.6.jar:?]
	at org.apache.hadoop.ipc.ProtobufRpcEngine2$Server$ProtoBufRpcInvoker.call(ProtobufRpcEngine2.java:595) [hadoop-common-3.3.6.jar:?]
	at org.apache.hadoop.ipc.ProtobufRpcEngine2$Server$ProtoBufRpcInvoker.call(ProtobufRpcEngine2.java:573) [hadoop-common-3.3.6.jar:?]
	at org.apache.hadoop.ipc.RPC$Server.call(RPC.java:1227) [hadoop-common-3.3.6.jar:?]
	at org.apache.hadoop.ipc.Server$RpcCall.run(Server.java:1094) [hadoop-common-3.3.6.jar:?]
	at org.apache.hadoop.ipc.Server$RpcCall.run(Server.java:1017) [hadoop-common-3.3.6.jar:?]
	at java.security.AccessController.doPrivileged(Native Method) ~[?:1.8.0_382]
	at javax.security.auth.Subject.doAs(Subject.java:422) [?:1.8.0_382]
	at org.apache.hadoop.security.UserGroupInformation.doAs(UserGroupInformation.java:1899) [hadoop-common-3.3.6.jar:?]
	at org.apache.hadoop.ipc.Server$Handler.run(Server.java:3048) [hadoop-common-3.3.6.jar:?]
08:52:25.019 [IPC Server handler 19 on default port 15004] ERROR OMAudit - user=runner | ip=127.0.0.1 | op=GET_FILE_STATUS {volume=volume72881, bucket=bucket22361, key=gdir1/dir2/child, dataSize=0, replicationConfig=null} | ret=FAILURE
org.apache.hadoop.ozone.om.exceptions.OMException: Unable to get file status: volume: volume72881 bucket: bucket22361 key: gdir1/dir2/child
	at org.apache.hadoop.ozone.om.KeyManagerImpl.getOzoneFileStatus(KeyManagerImpl.java:1195) ~[ozone-manager-1.4.0-SNAPSHOT.jar:?]
	at org.apache.hadoop.ozone.om.KeyManagerImpl.getFileStatus(KeyManagerImpl.java:1113) ~[ozone-manager-1.4.0-SNAPSHOT.jar:?]
	at org.apache.hadoop.ozone.om.OmMetadataReader.getFileStatus(OmMetadataReader.java:262) ~[ozone-manager-1.4.0-SNAPSHOT.jar:?]
	at org.apache.hadoop.ozone.om.OzoneManager.getFileStatus(OzoneManager.java:3530) ~[ozone-manager-1.4.0-SNAPSHOT.jar:?]
	at org.apache.hadoop.ozone.protocolPB.OzoneManagerRequestHandler.getOzoneFileStatus(OzoneManagerRequestHandler.java:971) ~[ozone-manager-1.4.0-SNAPSHOT.jar:?]
	at org.apache.hadoop.ozone.protocolPB.OzoneManagerRequestHandler.handleReadRequest(OzoneManagerRequestHandler.java:250) ~[ozone-manager-1.4.0-SNAPSHOT.jar:?]
	at org.apache.hadoop.ozone.protocolPB.OzoneManagerProtocolServerSideTranslatorPB.submitReadRequestToOM(OzoneManagerProtocolServerSideTranslatorPB.java:225) ~[ozone-manager-1.4.0-SNAPSHOT.jar:?]
	at org.apache.hadoop.ozone.protocolPB.OzoneManagerProtocolServerSideTranslatorPB.processRequest(OzoneManagerProtocolServerSideTranslatorPB.java:179) ~[ozone-manager-1.4.0-SNAPSHOT.jar:?]
	at org.apache.hadoop.hdds.server.OzoneProtocolMessageDispatcher.processRequest(OzoneProtocolMessageDispatcher.java:87) [hdds-server-framework-1.4.0-SNAPSHOT.jar:?]
	at org.apache.hadoop.ozone.protocolPB.OzoneManagerProtocolServerSideTranslatorPB.submitRequest(OzoneManagerProtocolServerSideTranslatorPB.java:148) [ozone-manager-1.4.0-SNAPSHOT.jar:?]
	at org.apache.hadoop.ozone.protocol.proto.OzoneManagerProtocolProtos$OzoneManagerService$2.callBlockingMethod(OzoneManagerProtocolProtos.java) [ozone-interface-client-1.4.0-SNAPSHOT.jar:?]
	at org.apache.hadoop.ipc.ProtobufRpcEngine$Server.processCall(ProtobufRpcEngine.java:484) [hadoop-common-3.3.6.jar:?]
	at org.apache.hadoop.ipc.ProtobufRpcEngine2$Server$ProtoBufRpcInvoker.call(ProtobufRpcEngine2.java:595) [hadoop-common-3.3.6.jar:?]
	at org.apache.hadoop.ipc.ProtobufRpcEngine2$Server$ProtoBufRpcInvoker.call(ProtobufRpcEngine2.java:573) [hadoop-common-3.3.6.jar:?]
	at org.apache.hadoop.ipc.RPC$Server.call(RPC.java:1227) [hadoop-common-3.3.6.jar:?]
	at org.apache.hadoop.ipc.Server$RpcCall.run(Server.java:1094) [hadoop-common-3.3.6.jar:?]
	at org.apache.hadoop.ipc.Server$RpcCall.run(Server.java:1017) [hadoop-common-3.3.6.jar:?]
	at java.security.AccessController.doPrivileged(Native Method) ~[?:1.8.0_382]
	at javax.security.auth.Subject.doAs(Subject.java:422) [?:1.8.0_382]
	at org.apache.hadoop.security.UserGroupInformation.doAs(UserGroupInformation.java:1899) [hadoop-common-3.3.6.jar:?]
	at org.apache.hadoop.ipc.Server$Handler.run(Server.java:3048) [hadoop-common-3.3.6.jar:?]
08:52:25.021 [IPC Server handler 9 on default port 15004] ERROR OMAudit - user=runner | ip=127.0.0.1 | op=GET_FILE_STATUS {volume=volume72881, bucket=bucket22361, key=gdir1/dir3, dataSize=0, replicationConfig=null} | ret=FAILURE
org.apache.hadoop.ozone.om.exceptions.OMException: Unable to get file status: volume: volume72881 bucket: bucket22361 key: gdir1/dir3
	at org.apache.hadoop.ozone.om.KeyManagerImpl.getOzoneFileStatus(KeyManagerImpl.java:1195) ~[ozone-manager-1.4.0-SNAPSHOT.jar:?]
	at org.apache.hadoop.ozone.om.KeyManagerImpl.getFileStatus(KeyManagerImpl.java:1113) ~[ozone-manager-1.4.0-SNAPSHOT.jar:?]
	at org.apache.hadoop.ozone.om.OmMetadataReader.getFileStatus(OmMetadataReader.java:262) ~[ozone-manager-1.4.0-SNAPSHOT.jar:?]
	at org.apache.hadoop.ozone.om.OzoneManager.getFileStatus(OzoneManager.java:3530) ~[ozone-manager-1.4.0-SNAPSHOT.jar:?]
	at org.apache.hadoop.ozone.protocolPB.OzoneManagerRequestHandler.getOzoneFileStatus(OzoneManagerRequestHandler.java:971) ~[ozone-manager-1.4.0-SNAPSHOT.jar:?]
	at org.apache.hadoop.ozone.protocolPB.OzoneManagerRequestHandler.handleReadRequest(OzoneManagerRequestHandler.java:250) ~[ozone-manager-1.4.0-SNAPSHOT.jar:?]
	at org.apache.hadoop.ozone.protocolPB.OzoneManagerProtocolServerSideTranslatorPB.submitReadRequestToOM(OzoneManagerProtocolServerSideTranslatorPB.java:225) ~[ozone-manager-1.4.0-SNAPSHOT.jar:?]
	at org.apache.hadoop.ozone.protocolPB.OzoneManagerProtocolServerSideTranslatorPB.processRequest(OzoneManagerProtocolServerSideTranslatorPB.java:179) ~[ozone-manager-1.4.0-SNAPSHOT.jar:?]
	at org.apache.hadoop.hdds.server.OzoneProtocolMessageDispatcher.processRequest(OzoneProtocolMessageDispatcher.java:87) [hdds-server-framework-1.4.0-SNAPSHOT.jar:?]
	at org.apache.hadoop.ozone.protocolPB.OzoneManagerProtocolServerSideTranslatorPB.submitRequest(OzoneManagerProtocolServerSideTranslatorPB.java:148) [ozone-manager-1.4.0-SNAPSHOT.jar:?]
	at org.apache.hadoop.ozone.protocol.proto.OzoneManagerProtocolProtos$OzoneManagerService$2.callBlockingMethod(OzoneManagerProtocolProtos.java) [ozone-interface-client-1.4.0-SNAPSHOT.jar:?]
	at org.apache.hadoop.ipc.ProtobufRpcEngine$Server.processCall(ProtobufRpcEngine.java:484) [hadoop-common-3.3.6.jar:?]
	at org.apache.hadoop.ipc.ProtobufRpcEngine2$Server$ProtoBufRpcInvoker.call(ProtobufRpcEngine2.java:595) [hadoop-common-3.3.6.jar:?]
	at org.apache.hadoop.ipc.ProtobufRpcEngine2$Server$ProtoBufRpcInvoker.call(ProtobufRpcEngine2.java:573) [hadoop-common-3.3.6.jar:?]
	at org.apache.hadoop.ipc.RPC$Server.call(RPC.java:1227) [hadoop-common-3.3.6.jar:?]
	at org.apache.hadoop.ipc.Server$RpcCall.run(Server.java:1094) [hadoop-common-3.3.6.jar:?]
	at org.apache.hadoop.ipc.Server$RpcCall.run(Server.java:1017) [hadoop-common-3.3.6.jar:?]
	at java.security.AccessController.doPrivileged(Native Method) ~[?:1.8.0_382]
	at javax.security.auth.Subject.doAs(Subject.java:422) [?:1.8.0_382]
	at org.apache.hadoop.security.UserGroupInformation.doAs(UserGroupInformation.java:1899) [hadoop-common-3.3.6.jar:?]
	at org.apache.hadoop.ipc.Server$Handler.run(Server.java:3048) [hadoop-common-3.3.6.jar:?]
08:52:25.024 [IPC Server handler 7 on default port 15004] ERROR OMAudit - user=runner | ip=127.0.0.1 | op=GET_FILE_STATUS {volume=volume72881, bucket=bucket22361, key=gdir1/dir3/child, dataSize=0, replicationConfig=null} | ret=FAILURE
org.apache.hadoop.ozone.om.exceptions.OMException: Unable to get file status: volume: volume72881 bucket: bucket22361 key: gdir1/dir3/child
	at org.apache.hadoop.ozone.om.KeyManagerImpl.getOzoneFileStatus(KeyManagerImpl.java:1195) ~[ozone-manager-1.4.0-SNAPSHOT.jar:?]
	at org.apache.hadoop.ozone.om.KeyManagerImpl.getFileStatus(KeyManagerImpl.java:1113) ~[ozone-manager-1.4.0-SNAPSHOT.jar:?]
	at org.apache.hadoop.ozone.om.OmMetadataReader.getFileStatus(OmMetadataReader.java:262) ~[ozone-manager-1.4.0-SNAPSHOT.jar:?]
	at org.apache.hadoop.ozone.om.OzoneManager.getFileStatus(OzoneManager.java:3530) ~[ozone-manager-1.4.0-SNAPSHOT.jar:?]
	at org.apache.hadoop.ozone.protocolPB.OzoneManagerRequestHandler.getOzoneFileStatus(OzoneManagerRequestHandler.java:971) ~[ozone-manager-1.4.0-SNAPSHOT.jar:?]
	at org.apache.hadoop.ozone.protocolPB.OzoneManagerRequestHandler.handleReadRequest(OzoneManagerRequestHandler.java:250) ~[ozone-manager-1.4.0-SNAPSHOT.jar:?]
	at org.apache.hadoop.ozone.protocolPB.OzoneManagerProtocolServerSideTranslatorPB.submitReadRequestToOM(OzoneManagerProtocolServerSideTranslatorPB.java:225) ~[ozone-manager-1.4.0-SNAPSHOT.jar:?]
	at org.apache.hadoop.ozone.protocolPB.OzoneManagerProtocolServerSideTranslatorPB.processRequest(OzoneManagerProtocolServerSideTranslatorPB.java:179) ~[ozone-manager-1.4.0-SNAPSHOT.jar:?]
	at org.apache.hadoop.hdds.server.OzoneProtocolMessageDispatcher.processRequest(OzoneProtocolMessageDispatcher.java:87) [hdds-server-framework-1.4.0-SNAPSHOT.jar:?]
	at org.apache.hadoop.ozone.protocolPB.OzoneManagerProtocolServerSideTranslatorPB.submitRequest(OzoneManagerProtocolServerSideTranslatorPB.java:148) [ozone-manager-1.4.0-SNAPSHOT.jar:?]
	at org.apache.hadoop.ozone.protocol.proto.OzoneManagerProtocolProtos$OzoneManagerService$2.callBlockingMethod(OzoneManagerProtocolProtos.java) [ozone-interface-client-1.4.0-SNAPSHOT.jar:?]
	at org.apache.hadoop.ipc.ProtobufRpcEngine$Server.processCall(ProtobufRpcEngine.java:484) [hadoop-common-3.3.6.jar:?]
	at org.apache.hadoop.ipc.ProtobufRpcEngine2$Server$ProtoBufRpcInvoker.call(ProtobufRpcEngine2.java:595) [hadoop-common-3.3.6.jar:?]
	at org.apache.hadoop.ipc.ProtobufRpcEngine2$Server$ProtoBufRpcInvoker.call(ProtobufRpcEngine2.java:573) [hadoop-common-3.3.6.jar:?]
	at org.apache.hadoop.ipc.RPC$Server.call(RPC.java:1227) [hadoop-common-3.3.6.jar:?]
	at org.apache.hadoop.ipc.Server$RpcCall.run(Server.java:1094) [hadoop-common-3.3.6.jar:?]
	at org.apache.hadoop.ipc.Server$RpcCall.run(Server.java:1017) [hadoop-common-3.3.6.jar:?]
	at java.security.AccessController.doPrivileged(Native Method) ~[?:1.8.0_382]
	at javax.security.auth.Subject.doAs(Subject.java:422) [?:1.8.0_382]
	at org.apache.hadoop.security.UserGroupInformation.doAs(UserGroupInformation.java:1899) [hadoop-common-3.3.6.jar:?]
	at org.apache.hadoop.ipc.Server$Handler.run(Server.java:3048) [hadoop-common-3.3.6.jar:?]
08:52:25.026 [IPC Server handler 1 on default port 15004] ERROR OMAudit - user=runner | ip=127.0.0.1 | op=GET_FILE_STATUS {volume=volume72881, bucket=bucket22361, key=gdir1/dir4, dataSize=0, replicationConfig=null} | ret=FAILURE
org.apache.hadoop.ozone.om.exceptions.OMException: Unable to get file status: volume: volume72881 bucket: bucket22361 key: gdir1/dir4
	at org.apache.hadoop.ozone.om.KeyManagerImpl.getOzoneFileStatus(KeyManagerImpl.java:1195) ~[ozone-manager-1.4.0-SNAPSHOT.jar:?]
	at org.apache.hadoop.ozone.om.KeyManagerImpl.getFileStatus(KeyManagerImpl.java:1113) ~[ozone-manager-1.4.0-SNAPSHOT.jar:?]
	at org.apache.hadoop.ozone.om.OmMetadataReader.getFileStatus(OmMetadataReader.java:262) ~[ozone-manager-1.4.0-SNAPSHOT.jar:?]
	at org.apache.hadoop.ozone.om.OzoneManager.getFileStatus(OzoneManager.java:3530) ~[ozone-manager-1.4.0-SNAPSHOT.jar:?]
	at org.apache.hadoop.ozone.protocolPB.OzoneManagerRequestHandler.getOzoneFileStatus(OzoneManagerRequestHandler.java:971) ~[ozone-manager-1.4.0-SNAPSHOT.jar:?]
	at org.apache.hadoop.ozone.protocolPB.OzoneManagerRequestHandler.handleReadRequest(OzoneManagerRequestHandler.java:250) ~[ozone-manager-1.4.0-SNAPSHOT.jar:?]
	at org.apache.hadoop.ozone.protocolPB.OzoneManagerProtocolServerSideTranslatorPB.submitReadRequestToOM(OzoneManagerProtocolServerSideTranslatorPB.java:225) ~[ozone-manager-1.4.0-SNAPSHOT.jar:?]
	at org.apache.hadoop.ozone.protocolPB.OzoneManagerProtocolServerSideTranslatorPB.processRequest(OzoneManagerProtocolServerSideTranslatorPB.java:179) ~[ozone-manager-1.4.0-SNAPSHOT.jar:?]
	at org.apache.hadoop.hdds.server.OzoneProtocolMessageDispatcher.processRequest(OzoneProtocolMessageDispatcher.java:87) [hdds-server-framework-1.4.0-SNAPSHOT.jar:?]
	at org.apache.hadoop.ozone.protocolPB.OzoneManagerProtocolServerSideTranslatorPB.submitRequest(OzoneManagerProtocolServerSideTranslatorPB.java:148) [ozone-manager-1.4.0-SNAPSHOT.jar:?]
	at org.apache.hadoop.ozone.protocol.proto.OzoneManagerProtocolProtos$OzoneManagerService$2.callBlockingMethod(OzoneManagerProtocolProtos.java) [ozone-interface-client-1.4.0-SNAPSHOT.jar:?]
	at org.apache.hadoop.ipc.ProtobufRpcEngine$Server.processCall(ProtobufRpcEngine.java:484) [hadoop-common-3.3.6.jar:?]
	at org.apache.hadoop.ipc.ProtobufRpcEngine2$Server$ProtoBufRpcInvoker.call(ProtobufRpcEngine2.java:595) [hadoop-common-3.3.6.jar:?]
	at org.apache.hadoop.ipc.ProtobufRpcEngine2$Server$ProtoBufRpcInvoker.call(ProtobufRpcEngine2.java:573) [hadoop-common-3.3.6.jar:?]
	at org.apache.hadoop.ipc.RPC$Server.call(RPC.java:1227) [hadoop-common-3.3.6.jar:?]
	at org.apache.hadoop.ipc.Server$RpcCall.run(Server.java:1094) [hadoop-common-3.3.6.jar:?]
	at org.apache.hadoop.ipc.Server$RpcCall.run(Server.java:1017) [hadoop-common-3.3.6.jar:?]
	at java.security.AccessController.doPrivileged(Native Method) ~[?:1.8.0_382]
	at javax.security.auth.Subject.doAs(Subject.java:422) [?:1.8.0_382]
	at org.apache.hadoop.security.UserGroupInformation.doAs(UserGroupInformation.java:1899) [hadoop-common-3.3.6.jar:?]
	at org.apache.hadoop.ipc.Server$Handler.run(Server.java:3048) [hadoop-common-3.3.6.jar:?]
08:52:25.028 [IPC Server handler 2 on default port 15004] ERROR OMAudit - user=runner | ip=127.0.0.1 | op=GET_FILE_STATUS {volume=volume72881, bucket=bucket22361, key=gdir1/dir4/child, dataSize=0, replicationConfig=null} | ret=FAILURE
org.apache.hadoop.ozone.om.exceptions.OMException: Unable to get file status: volume: volume72881 bucket: bucket22361 key: gdir1/dir4/child
	at org.apache.hadoop.ozone.om.KeyManagerImpl.getOzoneFileStatus(KeyManagerImpl.java:1195) ~[ozone-manager-1.4.0-SNAPSHOT.jar:?]
	at org.apache.hadoop.ozone.om.KeyManagerImpl.getFileStatus(KeyManagerImpl.java:1113) ~[ozone-manager-1.4.0-SNAPSHOT.jar:?]
	at org.apache.hadoop.ozone.om.OmMetadataReader.getFileStatus(OmMetadataReader.java:262) ~[ozone-manager-1.4.0-SNAPSHOT.jar:?]
	at org.apache.hadoop.ozone.om.OzoneManager.getFileStatus(OzoneManager.java:3530) ~[ozone-manager-1.4.0-SNAPSHOT.jar:?]
	at org.apache.hadoop.ozone.protocolPB.OzoneManagerRequestHandler.getOzoneFileStatus(OzoneManagerRequestHandler.java:971) ~[ozone-manager-1.4.0-SNAPSHOT.jar:?]
	at org.apache.hadoop.ozone.protocolPB.OzoneManagerRequestHandler.handleReadRequest(OzoneManagerRequestHandler.java:250) ~[ozone-manager-1.4.0-SNAPSHOT.jar:?]
	at org.apache.hadoop.ozone.protocolPB.OzoneManagerProtocolServerSideTranslatorPB.submitReadRequestToOM(OzoneManagerProtocolServerSideTranslatorPB.java:225) ~[ozone-manager-1.4.0-SNAPSHOT.jar:?]
	at org.apache.hadoop.ozone.protocolPB.OzoneManagerProtocolServerSideTranslatorPB.processRequest(OzoneManagerProtocolServerSideTranslatorPB.java:179) ~[ozone-manager-1.4.0-SNAPSHOT.jar:?]
	at org.apache.hadoop.hdds.server.OzoneProtocolMessageDispatcher.processRequest(OzoneProtocolMessageDispatcher.java:87) [hdds-server-framework-1.4.0-SNAPSHOT.jar:?]
	at org.apache.hadoop.ozone.protocolPB.OzoneManagerProtocolServerSideTranslatorPB.submitRequest(OzoneManagerProtocolServerSideTranslatorPB.java:148) [ozone-manager-1.4.0-SNAPSHOT.jar:?]
	at org.apache.hadoop.ozone.protocol.proto.OzoneManagerProtocolProtos$OzoneManagerService$2.callBlockingMethod(OzoneManagerProtocolProtos.java) [ozone-interface-client-1.4.0-SNAPSHOT.jar:?]
	at org.apache.hadoop.ipc.ProtobufRpcEngine$Server.processCall(ProtobufRpcEngine.java:484) [hadoop-common-3.3.6.jar:?]
	at org.apache.hadoop.ipc.ProtobufRpcEngine2$Server$ProtoBufRpcInvoker.call(ProtobufRpcEngine2.java:595) [hadoop-common-3.3.6.jar:?]
	at org.apache.hadoop.ipc.ProtobufRpcEngine2$Server$ProtoBufRpcInvoker.call(ProtobufRpcEngine2.java:573) [hadoop-common-3.3.6.jar:?]
	at org.apache.hadoop.ipc.RPC$Server.call(RPC.java:1227) [hadoop-common-3.3.6.jar:?]
	at org.apache.hadoop.ipc.Server$RpcCall.run(Server.java:1094) [hadoop-common-3.3.6.jar:?]
	at org.apache.hadoop.ipc.Server$RpcCall.run(Server.java:1017) [hadoop-common-3.3.6.jar:?]
	at java.security.AccessController.doPrivileged(Native Method) ~[?:1.8.0_382]
	at javax.security.auth.Subject.doAs(Subject.java:422) [?:1.8.0_382]
	at org.apache.hadoop.security.UserGroupInformation.doAs(UserGroupInformation.java:1899) [hadoop-common-3.3.6.jar:?]
	at org.apache.hadoop.ipc.Server$Handler.run(Server.java:3048) [hadoop-common-3.3.6.jar:?]
08:52:25.031 [IPC Server handler 5 on default port 15004] ERROR OMAudit - user=runner | ip=127.0.0.1 | op=GET_FILE_STATUS {volume=volume72881, bucket=bucket22361, key=gdir1/dir5, dataSize=0, replicationConfig=null} | ret=FAILURE
org.apache.hadoop.ozone.om.exceptions.OMException: Unable to get file status: volume: volume72881 bucket: bucket22361 key: gdir1/dir5
	at org.apache.hadoop.ozone.om.KeyManagerImpl.getOzoneFileStatus(KeyManagerImpl.java:1195) ~[ozone-manager-1.4.0-SNAPSHOT.jar:?]
	at org.apache.hadoop.ozone.om.KeyManagerImpl.getFileStatus(KeyManagerImpl.java:1113) ~[ozone-manager-1.4.0-SNAPSHOT.jar:?]
	at org.apache.hadoop.ozone.om.OmMetadataReader.getFileStatus(OmMetadataReader.java:262) ~[ozone-manager-1.4.0-SNAPSHOT.jar:?]
	at org.apache.hadoop.ozone.om.OzoneManager.getFileStatus(OzoneManager.java:3530) ~[ozone-manager-1.4.0-SNAPSHOT.jar:?]
	at org.apache.hadoop.ozone.protocolPB.OzoneManagerRequestHandler.getOzoneFileStatus(OzoneManagerRequestHandler.java:971) ~[ozone-manager-1.4.0-SNAPSHOT.jar:?]
	at org.apache.hadoop.ozone.protocolPB.OzoneManagerRequestHandler.handleReadRequest(OzoneManagerRequestHandler.java:250) ~[ozone-manager-1.4.0-SNAPSHOT.jar:?]
	at org.apache.hadoop.ozone.protocolPB.OzoneManagerProtocolServerSideTranslatorPB.submitReadRequestToOM(OzoneManagerProtocolServerSideTranslatorPB.java:225) ~[ozone-manager-1.4.0-SNAPSHOT.jar:?]
	at org.apache.hadoop.ozone.protocolPB.OzoneManagerProtocolServerSideTranslatorPB.processRequest(OzoneManagerProtocolServerSideTranslatorPB.java:179) ~[ozone-manager-1.4.0-SNAPSHOT.jar:?]
	at org.apache.hadoop.hdds.server.OzoneProtocolMessageDispatcher.processRequest(OzoneProtocolMessageDispatcher.java:87) [hdds-server-framework-1.4.0-SNAPSHOT.jar:?]
	at org.apache.hadoop.ozone.protocolPB.OzoneManagerProtocolServerSideTranslatorPB.submitRequest(OzoneManagerProtocolServerSideTranslatorPB.java:148) [ozone-manager-1.4.0-SNAPSHOT.jar:?]
	at org.apache.hadoop.ozone.protocol.proto.OzoneManagerProtocolProtos$OzoneManagerService$2.callBlockingMethod(OzoneManagerProtocolProtos.java) [ozone-interface-client-1.4.0-SNAPSHOT.jar:?]
	at org.apache.hadoop.ipc.ProtobufRpcEngine$Server.processCall(ProtobufRpcEngine.java:484) [hadoop-common-3.3.6.jar:?]
	at org.apache.hadoop.ipc.ProtobufRpcEngine2$Server$ProtoBufRpcInvoker.call(ProtobufRpcEngine2.java:595) [hadoop-common-3.3.6.jar:?]
	at org.apache.hadoop.ipc.ProtobufRpcEngine2$Server$ProtoBufRpcInvoker.call(ProtobufRpcEngine2.java:573) [hadoop-common-3.3.6.jar:?]
	at org.apache.hadoop.ipc.RPC$Server.call(RPC.java:1227) [hadoop-common-3.3.6.jar:?]
	at org.apache.hadoop.ipc.Server$RpcCall.run(Server.java:1094) [hadoop-common-3.3.6.jar:?]
	at org.apache.hadoop.ipc.Server$RpcCall.run(Server.java:1017) [hadoop-common-3.3.6.jar:?]
	at java.security.AccessController.doPrivileged(Native Method) ~[?:1.8.0_382]
	at javax.security.auth.Subject.doAs(Subject.java:422) [?:1.8.0_382]
	at org.apache.hadoop.security.UserGroupInformation.doAs(UserGroupInformation.java:1899) [hadoop-common-3.3.6.jar:?]
	at org.apache.hadoop.ipc.Server$Handler.run(Server.java:3048) [hadoop-common-3.3.6.jar:?]
08:52:25.033 [IPC Server handler 6 on default port 15004] ERROR OMAudit - user=runner | ip=127.0.0.1 | op=GET_FILE_STATUS {volume=volume72881, bucket=bucket22361, key=gdir1/dir5/child, dataSize=0, replicationConfig=null} | ret=FAILURE
org.apache.hadoop.ozone.om.exceptions.OMException: Unable to get file status: volume: volume72881 bucket: bucket22361 key: gdir1/dir5/child
	at org.apache.hadoop.ozone.om.KeyManagerImpl.getOzoneFileStatus(KeyManagerImpl.java:1195) ~[ozone-manager-1.4.0-SNAPSHOT.jar:?]
	at org.apache.hadoop.ozone.om.KeyManagerImpl.getFileStatus(KeyManagerImpl.java:1113) ~[ozone-manager-1.4.0-SNAPSHOT.jar:?]
	at org.apache.hadoop.ozone.om.OmMetadataReader.getFileStatus(OmMetadataReader.java:262) ~[ozone-manager-1.4.0-SNAPSHOT.jar:?]
	at org.apache.hadoop.ozone.om.OzoneManager.getFileStatus(OzoneManager.java:3530) ~[ozone-manager-1.4.0-SNAPSHOT.jar:?]
	at org.apache.hadoop.ozone.protocolPB.OzoneManagerRequestHandler.getOzoneFileStatus(OzoneManagerRequestHandler.java:971) ~[ozone-manager-1.4.0-SNAPSHOT.jar:?]
	at org.apache.hadoop.ozone.protocolPB.OzoneManagerRequestHandler.handleReadRequest(OzoneManagerRequestHandler.java:250) ~[ozone-manager-1.4.0-SNAPSHOT.jar:?]
	at org.apache.hadoop.ozone.protocolPB.OzoneManagerProtocolServerSideTranslatorPB.submitReadRequestToOM(OzoneManagerProtocolServerSideTranslatorPB.java:225) ~[ozone-manager-1.4.0-SNAPSHOT.jar:?]
	at org.apache.hadoop.ozone.protocolPB.OzoneManagerProtocolServerSideTranslatorPB.processRequest(OzoneManagerProtocolServerSideTranslatorPB.java:179) ~[ozone-manager-1.4.0-SNAPSHOT.jar:?]
	at org.apache.hadoop.hdds.server.OzoneProtocolMessageDispatcher.processRequest(OzoneProtocolMessageDispatcher.java:87) [hdds-server-framework-1.4.0-SNAPSHOT.jar:?]
	at org.apache.hadoop.ozone.protocolPB.OzoneManagerProtocolServerSideTranslatorPB.submitRequest(OzoneManagerProtocolServerSideTranslatorPB.java:148) [ozone-manager-1.4.0-SNAPSHOT.jar:?]
	at org.apache.hadoop.ozone.protocol.proto.OzoneManagerProtocolProtos$OzoneManagerService$2.callBlockingMethod(OzoneManagerProtocolProtos.java) [ozone-interface-client-1.4.0-SNAPSHOT.jar:?]
	at org.apache.hadoop.ipc.ProtobufRpcEngine$Server.processCall(ProtobufRpcEngine.java:484) [hadoop-common-3.3.6.jar:?]
	at org.apache.hadoop.ipc.ProtobufRpcEngine2$Server$ProtoBufRpcInvoker.call(ProtobufRpcEngine2.java:595) [hadoop-common-3.3.6.jar:?]
	at org.apache.hadoop.ipc.ProtobufRpcEngine2$Server$ProtoBufRpcInvoker.call(ProtobufRpcEngine2.java:573) [hadoop-common-3.3.6.jar:?]
	at org.apache.hadoop.ipc.RPC$Server.call(RPC.java:1227) [hadoop-common-3.3.6.jar:?]
	at org.apache.hadoop.ipc.Server$RpcCall.run(Server.java:1094) [hadoop-common-3.3.6.jar:?]
	at org.apache.hadoop.ipc.Server$RpcCall.run(Server.java:1017) [hadoop-common-3.3.6.jar:?]
	at java.security.AccessController.doPrivileged(Native Method) ~[?:1.8.0_382]
	at javax.security.auth.Subject.doAs(Subject.java:422) [?:1.8.0_382]
	at org.apache.hadoop.security.UserGroupInformation.doAs(UserGroupInformation.java:1899) [hadoop-common-3.3.6.jar:?]
	at org.apache.hadoop.ipc.Server$Handler.run(Server.java:3048) [hadoop-common-3.3.6.jar:?]
08:52:25.035 [IPC Server handler 12 on default port 15004] ERROR OMAudit - user=runner | ip=127.0.0.1 | op=GET_FILE_STATUS {volume=volume72881, bucket=bucket22361, key=gdir1/dir6, dataSize=0, replicationConfig=null} | ret=FAILURE
org.apache.hadoop.ozone.om.exceptions.OMException: Unable to get file status: volume: volume72881 bucket: bucket22361 key: gdir1/dir6
	at org.apache.hadoop.ozone.om.KeyManagerImpl.getOzoneFileStatus(KeyManagerImpl.java:1195) ~[ozone-manager-1.4.0-SNAPSHOT.jar:?]
	at org.apache.hadoop.ozone.om.KeyManagerImpl.getFileStatus(KeyManagerImpl.java:1113) ~[ozone-manager-1.4.0-SNAPSHOT.jar:?]
	at org.apache.hadoop.ozone.om.OmMetadataReader.getFileStatus(OmMetadataReader.java:262) ~[ozone-manager-1.4.0-SNAPSHOT.jar:?]
	at org.apache.hadoop.ozone.om.OzoneManager.getFileStatus(OzoneManager.java:3530) ~[ozone-manager-1.4.0-SNAPSHOT.jar:?]
	at org.apache.hadoop.ozone.protocolPB.OzoneManagerRequestHandler.getOzoneFileStatus(OzoneManagerRequestHandler.java:971) ~[ozone-manager-1.4.0-SNAPSHOT.jar:?]
	at org.apache.hadoop.ozone.protocolPB.OzoneManagerRequestHandler.handleReadRequest(OzoneManagerRequestHandler.java:250) ~[ozone-manager-1.4.0-SNAPSHOT.jar:?]
	at org.apache.hadoop.ozone.protocolPB.OzoneManagerProtocolServerSideTranslatorPB.submitReadRequestToOM(OzoneManagerProtocolServerSideTranslatorPB.java:225) ~[ozone-manager-1.4.0-SNAPSHOT.jar:?]
	at org.apache.hadoop.ozone.protocolPB.OzoneManagerProtocolServerSideTranslatorPB.processRequest(OzoneManagerProtocolServerSideTranslatorPB.java:179) ~[ozone-manager-1.4.0-SNAPSHOT.jar:?]
	at org.apache.hadoop.hdds.server.OzoneProtocolMessageDispatcher.processRequest(OzoneProtocolMessageDispatcher.java:87) [hdds-server-framework-1.4.0-SNAPSHOT.jar:?]
	at org.apache.hadoop.ozone.protocolPB.OzoneManagerProtocolServerSideTranslatorPB.submitRequest(OzoneManagerProtocolServerSideTranslatorPB.java:148) [ozone-manager-1.4.0-SNAPSHOT.jar:?]
	at org.apache.hadoop.ozone.protocol.proto.OzoneManagerProtocolProtos$OzoneManagerService$2.callBlockingMethod(OzoneManagerProtocolProtos.java) [ozone-interface-client-1.4.0-SNAPSHOT.jar:?]
	at org.apache.hadoop.ipc.ProtobufRpcEngine$Server.processCall(ProtobufRpcEngine.java:484) [hadoop-common-3.3.6.jar:?]
	at org.apache.hadoop.ipc.ProtobufRpcEngine2$Server$ProtoBufRpcInvoker.call(ProtobufRpcEngine2.java:595) [hadoop-common-3.3.6.jar:?]
	at org.apache.hadoop.ipc.ProtobufRpcEngine2$Server$ProtoBufRpcInvoker.call(ProtobufRpcEngine2.java:573) [hadoop-common-3.3.6.jar:?]
	at org.apache.hadoop.ipc.RPC$Server.call(RPC.java:1227) [hadoop-common-3.3.6.jar:?]
	at org.apache.hadoop.ipc.Server$RpcCall.run(Server.java:1094) [hadoop-common-3.3.6.jar:?]
	at org.apache.hadoop.ipc.Server$RpcCall.run(Server.java:1017) [hadoop-common-3.3.6.jar:?]
	at java.security.AccessController.doPrivileged(Native Method) ~[?:1.8.0_382]
	at javax.security.auth.Subject.doAs(Subject.java:422) [?:1.8.0_382]
	at org.apache.hadoop.security.UserGroupInformation.doAs(UserGroupInformation.java:1899) [hadoop-common-3.3.6.jar:?]
	at org.apache.hadoop.ipc.Server$Handler.run(Server.java:3048) [hadoop-common-3.3.6.jar:?]
08:52:25.037 [IPC Server handler 13 on default port 15004] ERROR OMAudit - user=runner | ip=127.0.0.1 | op=GET_FILE_STATUS {volume=volume72881, bucket=bucket22361, key=gdir1/dir6/child, dataSize=0, replicationConfig=null} | ret=FAILURE
org.apache.hadoop.ozone.om.exceptions.OMException: Unable to get file status: volume: volume72881 bucket: bucket22361 key: gdir1/dir6/child
	at org.apache.hadoop.ozone.om.KeyManagerImpl.getOzoneFileStatus(KeyManagerImpl.java:1195) ~[ozone-manager-1.4.0-SNAPSHOT.jar:?]
	at org.apache.hadoop.ozone.om.KeyManagerImpl.getFileStatus(KeyManagerImpl.java:1113) ~[ozone-manager-1.4.0-SNAPSHOT.jar:?]
	at org.apache.hadoop.ozone.om.OmMetadataReader.getFileStatus(OmMetadataReader.java:262) ~[ozone-manager-1.4.0-SNAPSHOT.jar:?]
	at org.apache.hadoop.ozone.om.OzoneManager.getFileStatus(OzoneManager.java:3530) ~[ozone-manager-1.4.0-SNAPSHOT.jar:?]
	at org.apache.hadoop.ozone.protocolPB.OzoneManagerRequestHandler.getOzoneFileStatus(OzoneManagerRequestHandler.java:971) ~[ozone-manager-1.4.0-SNAPSHOT.jar:?]
	at org.apache.hadoop.ozone.protocolPB.OzoneManagerRequestHandler.handleReadRequest(OzoneManagerRequestHandler.java:250) ~[ozone-manager-1.4.0-SNAPSHOT.jar:?]
	at org.apache.hadoop.ozone.protocolPB.OzoneManagerProtocolServerSideTranslatorPB.submitReadRequestToOM(OzoneManagerProtocolServerSideTranslatorPB.java:225) ~[ozone-manager-1.4.0-SNAPSHOT.jar:?]
	at org.apache.hadoop.ozone.protocolPB.OzoneManagerProtocolServerSideTranslatorPB.processRequest(OzoneManagerProtocolServerSideTranslatorPB.java:179) ~[ozone-manager-1.4.0-SNAPSHOT.jar:?]
	at org.apache.hadoop.hdds.server.OzoneProtocolMessageDispatcher.processRequest(OzoneProtocolMessageDispatcher.java:87) [hdds-server-framework-1.4.0-SNAPSHOT.jar:?]
	at org.apache.hadoop.ozone.protocolPB.OzoneManagerProtocolServerSideTranslatorPB.submitRequest(OzoneManagerProtocolServerSideTranslatorPB.java:148) [ozone-manager-1.4.0-SNAPSHOT.jar:?]
	at org.apache.hadoop.ozone.protocol.proto.OzoneManagerProtocolProtos$OzoneManagerService$2.callBlockingMethod(OzoneManagerProtocolProtos.java) [ozone-interface-client-1.4.0-SNAPSHOT.jar:?]
	at org.apache.hadoop.ipc.ProtobufRpcEngine$Server.processCall(ProtobufRpcEngine.java:484) [hadoop-common-3.3.6.jar:?]
	at org.apache.hadoop.ipc.ProtobufRpcEngine2$Server$ProtoBufRpcInvoker.call(ProtobufRpcEngine2.java:595) [hadoop-common-3.3.6.jar:?]
	at org.apache.hadoop.ipc.ProtobufRpcEngine2$Server$ProtoBufRpcInvoker.call(ProtobufRpcEngine2.java:573) [hadoop-common-3.3.6.jar:?]
	at org.apache.hadoop.ipc.RPC$Server.call(RPC.java:1227) [hadoop-common-3.3.6.jar:?]
	at org.apache.hadoop.ipc.Server$RpcCall.run(Server.java:1094) [hadoop-common-3.3.6.jar:?]
	at org.apache.hadoop.ipc.Server$RpcCall.run(Server.java:1017) [hadoop-common-3.3.6.jar:?]
	at java.security.AccessController.doPrivileged(Native Method) ~[?:1.8.0_382]
	at javax.security.auth.Subject.doAs(Subject.java:422) [?:1.8.0_382]
	at org.apache.hadoop.security.UserGroupInformation.doAs(UserGroupInformation.java:1899) [hadoop-common-3.3.6.jar:?]
	at org.apache.hadoop.ipc.Server$Handler.run(Server.java:3048) [hadoop-common-3.3.6.jar:?]
08:52:25.039 [IPC Server handler 4 on default port 15004] ERROR OMAudit - user=runner | ip=127.0.0.1 | op=GET_FILE_STATUS {volume=volume72881, bucket=bucket22361, key=gdir1/dir7, dataSize=0, replicationConfig=null} | ret=FAILURE
org.apache.hadoop.ozone.om.exceptions.OMException: Unable to get file status: volume: volume72881 bucket: bucket22361 key: gdir1/dir7
	at org.apache.hadoop.ozone.om.KeyManagerImpl.getOzoneFileStatus(KeyManagerImpl.java:1195) ~[ozone-manager-1.4.0-SNAPSHOT.jar:?]
	at org.apache.hadoop.ozone.om.KeyManagerImpl.getFileStatus(KeyManagerImpl.java:1113) ~[ozone-manager-1.4.0-SNAPSHOT.jar:?]
	at org.apache.hadoop.ozone.om.OmMetadataReader.getFileStatus(OmMetadataReader.java:262) ~[ozone-manager-1.4.0-SNAPSHOT.jar:?]
	at org.apache.hadoop.ozone.om.OzoneManager.getFileStatus(OzoneManager.java:3530) ~[ozone-manager-1.4.0-SNAPSHOT.jar:?]
	at org.apache.hadoop.ozone.protocolPB.OzoneManagerRequestHandler.getOzoneFileStatus(OzoneManagerRequestHandler.java:971) ~[ozone-manager-1.4.0-SNAPSHOT.jar:?]
	at org.apache.hadoop.ozone.protocolPB.OzoneManagerRequestHandler.handleReadRequest(OzoneManagerRequestHandler.java:250) ~[ozone-manager-1.4.0-SNAPSHOT.jar:?]
	at org.apache.hadoop.ozone.protocolPB.OzoneManagerProtocolServerSideTranslatorPB.submitReadRequestToOM(OzoneManagerProtocolServerSideTranslatorPB.java:225) ~[ozone-manager-1.4.0-SNAPSHOT.jar:?]
	at org.apache.hadoop.ozone.protocolPB.OzoneManagerProtocolServerSideTranslatorPB.processRequest(OzoneManagerProtocolServerSideTranslatorPB.java:179) ~[ozone-manager-1.4.0-SNAPSHOT.jar:?]
	at org.apache.hadoop.hdds.server.OzoneProtocolMessageDispatcher.processRequest(OzoneProtocolMessageDispatcher.java:87) [hdds-server-framework-1.4.0-SNAPSHOT.jar:?]
	at org.apache.hadoop.ozone.protocolPB.OzoneManagerProtocolServerSideTranslatorPB.submitRequest(OzoneManagerProtocolServerSideTranslatorPB.java:148) [ozone-manager-1.4.0-SNAPSHOT.jar:?]
	at org.apache.hadoop.ozone.protocol.proto.OzoneManagerProtocolProtos$OzoneManagerService$2.callBlockingMethod(OzoneManagerProtocolProtos.java) [ozone-interface-client-1.4.0-SNAPSHOT.jar:?]
	at org.apache.hadoop.ipc.ProtobufRpcEngine$Server.processCall(ProtobufRpcEngine.java:484) [hadoop-common-3.3.6.jar:?]
	at org.apache.hadoop.ipc.ProtobufRpcEngine2$Server$ProtoBufRpcInvoker.call(ProtobufRpcEngine2.java:595) [hadoop-common-3.3.6.jar:?]
	at org.apache.hadoop.ipc.ProtobufRpcEngine2$Server$ProtoBufRpcInvoker.call(ProtobufRpcEngine2.java:573) [hadoop-common-3.3.6.jar:?]
	at org.apache.hadoop.ipc.RPC$Server.call(RPC.java:1227) [hadoop-common-3.3.6.jar:?]
	at org.apache.hadoop.ipc.Server$RpcCall.run(Server.java:1094) [hadoop-common-3.3.6.jar:?]
	at org.apache.hadoop.ipc.Server$RpcCall.run(Server.java:1017) [hadoop-common-3.3.6.jar:?]
	at java.security.AccessController.doPrivileged(Native Method) ~[?:1.8.0_382]
	at javax.security.auth.Subject.doAs(Subject.java:422) [?:1.8.0_382]
	at org.apache.hadoop.security.UserGroupInformation.doAs(UserGroupInformation.java:1899) [hadoop-common-3.3.6.jar:?]
	at org.apache.hadoop.ipc.Server$Handler.run(Server.java:3048) [hadoop-common-3.3.6.jar:?]
08:52:25.042 [IPC Server handler 15 on default port 15004] ERROR OMAudit - user=runner | ip=127.0.0.1 | op=GET_FILE_STATUS {volume=volume72881, bucket=bucket22361, key=gdir1/dir7/child, dataSize=0, replicationConfig=null} | ret=FAILURE
org.apache.hadoop.ozone.om.exceptions.OMException: Unable to get file status: volume: volume72881 bucket: bucket22361 key: gdir1/dir7/child
	at org.apache.hadoop.ozone.om.KeyManagerImpl.getOzoneFileStatus(KeyManagerImpl.java:1195) ~[ozone-manager-1.4.0-SNAPSHOT.jar:?]
	at org.apache.hadoop.ozone.om.KeyManagerImpl.getFileStatus(KeyManagerImpl.java:1113) ~[ozone-manager-1.4.0-SNAPSHOT.jar:?]
	at org.apache.hadoop.ozone.om.OmMetadataReader.getFileStatus(OmMetadataReader.java:262) ~[ozone-manager-1.4.0-SNAPSHOT.jar:?]
	at org.apache.hadoop.ozone.om.OzoneManager.getFileStatus(OzoneManager.java:3530) ~[ozone-manager-1.4.0-SNAPSHOT.jar:?]
	at org.apache.hadoop.ozone.protocolPB.OzoneManagerRequestHandler.getOzoneFileStatus(OzoneManagerRequestHandler.java:971) ~[ozone-manager-1.4.0-SNAPSHOT.jar:?]
	at org.apache.hadoop.ozone.protocolPB.OzoneManagerRequestHandler.handleReadRequest(OzoneManagerRequestHandler.java:250) ~[ozone-manager-1.4.0-SNAPSHOT.jar:?]
	at org.apache.hadoop.ozone.protocolPB.OzoneManagerProtocolServerSideTranslatorPB.submitReadRequestToOM(OzoneManagerProtocolServerSideTranslatorPB.java:225) ~[ozone-manager-1.4.0-SNAPSHOT.jar:?]
	at org.apache.hadoop.ozone.protocolPB.OzoneManagerProtocolServerSideTranslatorPB.processRequest(OzoneManagerProtocolServerSideTranslatorPB.java:179) ~[ozone-manager-1.4.0-SNAPSHOT.jar:?]
	at org.apache.hadoop.hdds.server.OzoneProtocolMessageDispatcher.processRequest(OzoneProtocolMessageDispatcher.java:87) [hdds-server-framework-1.4.0-SNAPSHOT.jar:?]
	at org.apache.hadoop.ozone.protocolPB.OzoneManagerProtocolServerSideTranslatorPB.submitRequest(OzoneManagerProtocolServerSideTranslatorPB.java:148) [ozone-manager-1.4.0-SNAPSHOT.jar:?]
	at org.apache.hadoop.ozone.protocol.proto.OzoneManagerProtocolProtos$OzoneManagerService$2.callBlockingMethod(OzoneManagerProtocolProtos.java) [ozone-interface-client-1.4.0-SNAPSHOT.jar:?]
	at org.apache.hadoop.ipc.ProtobufRpcEngine$Server.processCall(ProtobufRpcEngine.java:484) [hadoop-common-3.3.6.jar:?]
	at org.apache.hadoop.ipc.ProtobufRpcEngine2$Server$ProtoBufRpcInvoker.call(ProtobufRpcEngine2.java:595) [hadoop-common-3.3.6.jar:?]
	at org.apache.hadoop.ipc.ProtobufRpcEngine2$Server$ProtoBufRpcInvoker.call(ProtobufRpcEngine2.java:573) [hadoop-common-3.3.6.jar:?]
	at org.apache.hadoop.ipc.RPC$Server.call(RPC.java:1227) [hadoop-common-3.3.6.jar:?]
	at org.apache.hadoop.ipc.Server$RpcCall.run(Server.java:1094) [hadoop-common-3.3.6.jar:?]
	at org.apache.hadoop.ipc.Server$RpcCall.run(Server.java:1017) [hadoop-common-3.3.6.jar:?]
	at java.security.AccessController.doPrivileged(Native Method) ~[?:1.8.0_382]
	at javax.security.auth.Subject.doAs(Subject.java:422) [?:1.8.0_382]
	at org.apache.hadoop.security.UserGroupInformation.doAs(UserGroupInformation.java:1899) [hadoop-common-3.3.6.jar:?]
	at org.apache.hadoop.ipc.Server$Handler.run(Server.java:3048) [hadoop-common-3.3.6.jar:?]
08:52:25.044 [IPC Server handler 16 on default port 15004] ERROR OMAudit - user=runner | ip=127.0.0.1 | op=GET_FILE_STATUS {volume=volume72881, bucket=bucket22361, key=gdir1/dir8, dataSize=0, replicationConfig=null} | ret=FAILURE
org.apache.hadoop.ozone.om.exceptions.OMException: Unable to get file status: volume: volume72881 bucket: bucket22361 key: gdir1/dir8
	at org.apache.hadoop.ozone.om.KeyManagerImpl.getOzoneFileStatus(KeyManagerImpl.java:1195) ~[ozone-manager-1.4.0-SNAPSHOT.jar:?]
	at org.apache.hadoop.ozone.om.KeyManagerImpl.getFileStatus(KeyManagerImpl.java:1113) ~[ozone-manager-1.4.0-SNAPSHOT.jar:?]
	at org.apache.hadoop.ozone.om.OmMetadataReader.getFileStatus(OmMetadataReader.java:262) ~[ozone-manager-1.4.0-SNAPSHOT.jar:?]
	at org.apache.hadoop.ozone.om.OzoneManager.getFileStatus(OzoneManager.java:3530) ~[ozone-manager-1.4.0-SNAPSHOT.jar:?]
	at org.apache.hadoop.ozone.protocolPB.OzoneManagerRequestHandler.getOzoneFileStatus(OzoneManagerRequestHandler.java:971) ~[ozone-manager-1.4.0-SNAPSHOT.jar:?]
	at org.apache.hadoop.ozone.protocolPB.OzoneManagerRequestHandler.handleReadRequest(OzoneManagerRequestHandler.java:250) ~[ozone-manager-1.4.0-SNAPSHOT.jar:?]
	at org.apache.hadoop.ozone.protocolPB.OzoneManagerProtocolServerSideTranslatorPB.submitReadRequestToOM(OzoneManagerProtocolServerSideTranslatorPB.java:225) ~[ozone-manager-1.4.0-SNAPSHOT.jar:?]
	at org.apache.hadoop.ozone.protocolPB.OzoneManagerProtocolServerSideTranslatorPB.processRequest(OzoneManagerProtocolServerSideTranslatorPB.java:179) ~[ozone-manager-1.4.0-SNAPSHOT.jar:?]
	at org.apache.hadoop.hdds.server.OzoneProtocolMessageDispatcher.processRequest(OzoneProtocolMessageDispatcher.java:87) [hdds-server-framework-1.4.0-SNAPSHOT.jar:?]
	at org.apache.hadoop.ozone.protocolPB.OzoneManagerProtocolServerSideTranslatorPB.submitRequest(OzoneManagerProtocolServerSideTranslatorPB.java:148) [ozone-manager-1.4.0-SNAPSHOT.jar:?]
	at org.apache.hadoop.ozone.protocol.proto.OzoneManagerProtocolProtos$OzoneManagerService$2.callBlockingMethod(OzoneManagerProtocolProtos.java) [ozone-interface-client-1.4.0-SNAPSHOT.jar:?]
	at org.apache.hadoop.ipc.ProtobufRpcEngine$Server.processCall(ProtobufRpcEngine.java:484) [hadoop-common-3.3.6.jar:?]
	at org.apache.hadoop.ipc.ProtobufRpcEngine2$Server$ProtoBufRpcInvoker.call(ProtobufRpcEngine2.java:595) [hadoop-common-3.3.6.jar:?]
	at org.apache.hadoop.ipc.ProtobufRpcEngine2$Server$ProtoBufRpcInvoker.call(ProtobufRpcEngine2.java:573) [hadoop-common-3.3.6.jar:?]
	at org.apache.hadoop.ipc.RPC$Server.call(RPC.java:1227) [hadoop-common-3.3.6.jar:?]
	at org.apache.hadoop.ipc.Server$RpcCall.run(Server.java:1094) [hadoop-common-3.3.6.jar:?]
	at org.apache.hadoop.ipc.Server$RpcCall.run(Server.java:1017) [hadoop-common-3.3.6.jar:?]
	at java.security.AccessController.doPrivileged(Native Method) ~[?:1.8.0_382]
	at javax.security.auth.Subject.doAs(Subject.java:422) [?:1.8.0_382]
	at org.apache.hadoop.security.UserGroupInformation.doAs(UserGroupInformation.java:1899) [hadoop-common-3.3.6.jar:?]
	at org.apache.hadoop.ipc.Server$Handler.run(Server.java:3048) [hadoop-common-3.3.6.jar:?]
08:52:25.049 [IPC Server handler 10 on default port 15004] ERROR OMAudit - user=runner | ip=127.0.0.1 | op=GET_FILE_STATUS {volume=volume72881, bucket=bucket22361, key=gdir1/dir8/child, dataSize=0, replicationConfig=null} | ret=FAILURE
org.apache.hadoop.ozone.om.exceptions.OMException: Unable to get file status: volume: volume72881 bucket: bucket22361 key: gdir1/dir8/child
	at org.apache.hadoop.ozone.om.KeyManagerImpl.getOzoneFileStatus(KeyManagerImpl.java:1195) ~[ozone-manager-1.4.0-SNAPSHOT.jar:?]
	at org.apache.hadoop.ozone.om.KeyManagerImpl.getFileStatus(KeyManagerImpl.java:1113) ~[ozone-manager-1.4.0-SNAPSHOT.jar:?]
	at org.apache.hadoop.ozone.om.OmMetadataReader.getFileStatus(OmMetadataReader.java:262) ~[ozone-manager-1.4.0-SNAPSHOT.jar:?]
	at org.apache.hadoop.ozone.om.OzoneManager.getFileStatus(OzoneManager.java:3530) ~[ozone-manager-1.4.0-SNAPSHOT.jar:?]
	at org.apache.hadoop.ozone.protocolPB.OzoneManagerRequestHandler.getOzoneFileStatus(OzoneManagerRequestHandler.java:971) ~[ozone-manager-1.4.0-SNAPSHOT.jar:?]
	at org.apache.hadoop.ozone.protocolPB.OzoneManagerRequestHandler.handleReadRequest(OzoneManagerRequestHandler.java:250) ~[ozone-manager-1.4.0-SNAPSHOT.jar:?]
	at org.apache.hadoop.ozone.protocolPB.OzoneManagerProtocolServerSideTranslatorPB.submitReadRequestToOM(OzoneManagerProtocolServerSideTranslatorPB.java:225) ~[ozone-manager-1.4.0-SNAPSHOT.jar:?]
	at org.apache.hadoop.ozone.protocolPB.OzoneManagerProtocolServerSideTranslatorPB.processRequest(OzoneManagerProtocolServerSideTranslatorPB.java:179) ~[ozone-manager-1.4.0-SNAPSHOT.jar:?]
	at org.apache.hadoop.hdds.server.OzoneProtocolMessageDispatcher.processRequest(OzoneProtocolMessageDispatcher.java:87) [hdds-server-framework-1.4.0-SNAPSHOT.jar:?]
	at org.apache.hadoop.ozone.protocolPB.OzoneManagerProtocolServerSideTranslatorPB.submitRequest(OzoneManagerProtocolServerSideTranslatorPB.java:148) [ozone-manager-1.4.0-SNAPSHOT.jar:?]
	at org.apache.hadoop.ozone.protocol.proto.OzoneManagerProtocolProtos$OzoneManagerService$2.callBlockingMethod(OzoneManagerProtocolProtos.java) [ozone-interface-client-1.4.0-SNAPSHOT.jar:?]
	at org.apache.hadoop.ipc.ProtobufRpcEngine$Server.processCall(ProtobufRpcEngine.java:484) [hadoop-common-3.3.6.jar:?]
	at org.apache.hadoop.ipc.ProtobufRpcEngine2$Server$ProtoBufRpcInvoker.call(ProtobufRpcEngine2.java:595) [hadoop-common-3.3.6.jar:?]
	at org.apache.hadoop.ipc.ProtobufRpcEngine2$Server$ProtoBufRpcInvoker.call(ProtobufRpcEngine2.java:573) [hadoop-common-3.3.6.jar:?]
	at org.apache.hadoop.ipc.RPC$Server.call(RPC.java:1227) [hadoop-common-3.3.6.jar:?]
	at org.apache.hadoop.ipc.Server$RpcCall.run(Server.java:1094) [hadoop-common-3.3.6.jar:?]
	at org.apache.hadoop.ipc.Server$RpcCall.run(Server.java:1017) [hadoop-common-3.3.6.jar:?]
	at java.security.AccessController.doPrivileged(Native Method) ~[?:1.8.0_382]
	at javax.security.auth.Subject.doAs(Subject.java:422) [?:1.8.0_382]
	at org.apache.hadoop.security.UserGroupInformation.doAs(UserGroupInformation.java:1899) [hadoop-common-3.3.6.jar:?]
	at org.apache.hadoop.ipc.Server$Handler.run(Server.java:3048) [hadoop-common-3.3.6.jar:?]
08:52:25.051 [IPC Server handler 17 on default port 15004] ERROR OMAudit - user=runner | ip=127.0.0.1 | op=GET_FILE_STATUS {volume=volume72881, bucket=bucket22361, key=gdir1/dir9, dataSize=0, replicationConfig=null} | ret=FAILURE
org.apache.hadoop.ozone.om.exceptions.OMException: Unable to get file status: volume: volume72881 bucket: bucket22361 key: gdir1/dir9
	at org.apache.hadoop.ozone.om.KeyManagerImpl.getOzoneFileStatus(KeyManagerImpl.java:1195) ~[ozone-manager-1.4.0-SNAPSHOT.jar:?]
	at org.apache.hadoop.ozone.om.KeyManagerImpl.getFileStatus(KeyManagerImpl.java:1113) ~[ozone-manager-1.4.0-SNAPSHOT.jar:?]
	at org.apache.hadoop.ozone.om.OmMetadataReader.getFileStatus(OmMetadataReader.java:262) ~[ozone-manager-1.4.0-SNAPSHOT.jar:?]
	at org.apache.hadoop.ozone.om.OzoneManager.getFileStatus(OzoneManager.java:3530) ~[ozone-manager-1.4.0-SNAPSHOT.jar:?]
	at org.apache.hadoop.ozone.protocolPB.OzoneManagerRequestHandler.getOzoneFileStatus(OzoneManagerRequestHandler.java:971) ~[ozone-manager-1.4.0-SNAPSHOT.jar:?]
	at org.apache.hadoop.ozone.protocolPB.OzoneManagerRequestHandler.handleReadRequest(OzoneManagerRequestHandler.java:250) ~[ozone-manager-1.4.0-SNAPSHOT.jar:?]
	at org.apache.hadoop.ozone.protocolPB.OzoneManagerProtocolServerSideTranslatorPB.submitReadRequestToOM(OzoneManagerProtocolServerSideTranslatorPB.java:225) ~[ozone-manager-1.4.0-SNAPSHOT.jar:?]
	at org.apache.hadoop.ozone.protocolPB.OzoneManagerProtocolServerSideTranslatorPB.processRequest(OzoneManagerProtocolServerSideTranslatorPB.java:179) ~[ozone-manager-1.4.0-SNAPSHOT.jar:?]
	at org.apache.hadoop.hdds.server.OzoneProtocolMessageDispatcher.processRequest(OzoneProtocolMessageDispatcher.java:87) [hdds-server-framework-1.4.0-SNAPSHOT.jar:?]
	at org.apache.hadoop.ozone.protocolPB.OzoneManagerProtocolServerSideTranslatorPB.submitRequest(OzoneManagerProtocolServerSideTranslatorPB.java:148) [ozone-manager-1.4.0-SNAPSHOT.jar:?]
	at org.apache.hadoop.ozone.protocol.proto.OzoneManagerProtocolProtos$OzoneManagerService$2.callBlockingMethod(OzoneManagerProtocolProtos.java) [ozone-interface-client-1.4.0-SNAPSHOT.jar:?]
	at org.apache.hadoop.ipc.ProtobufRpcEngine$Server.processCall(ProtobufRpcEngine.java:484) [hadoop-common-3.3.6.jar:?]
	at org.apache.hadoop.ipc.ProtobufRpcEngine2$Server$ProtoBufRpcInvoker.call(ProtobufRpcEngine2.java:595) [hadoop-common-3.3.6.jar:?]
	at org.apache.hadoop.ipc.ProtobufRpcEngine2$Server$ProtoBufRpcInvoker.call(ProtobufRpcEngine2.java:573) [hadoop-common-3.3.6.jar:?]
	at org.apache.hadoop.ipc.RPC$Server.call(RPC.java:1227) [hadoop-common-3.3.6.jar:?]
	at org.apache.hadoop.ipc.Server$RpcCall.run(Server.java:1094) [hadoop-common-3.3.6.jar:?]
	at org.apache.hadoop.ipc.Server$RpcCall.run(Server.java:1017) [hadoop-common-3.3.6.jar:?]
	at java.security.AccessController.doPrivileged(Native Method) ~[?:1.8.0_382]
	at javax.security.auth.Subject.doAs(Subject.java:422) [?:1.8.0_382]
	at org.apache.hadoop.security.UserGroupInformation.doAs(UserGroupInformation.java:1899) [hadoop-common-3.3.6.jar:?]
	at org.apache.hadoop.ipc.Server$Handler.run(Server.java:3048) [hadoop-common-3.3.6.jar:?]
08:52:25.053 [IPC Server handler 0 on default port 15004] ERROR OMAudit - user=runner | ip=127.0.0.1 | op=GET_FILE_STATUS {volume=volume72881, bucket=bucket22361, key=gdir1/dir9/child, dataSize=0, replicationConfig=null} | ret=FAILURE
org.apache.hadoop.ozone.om.exceptions.OMException: Unable to get file status: volume: volume72881 bucket: bucket22361 key: gdir1/dir9/child
	at org.apache.hadoop.ozone.om.KeyManagerImpl.getOzoneFileStatus(KeyManagerImpl.java:1195) ~[ozone-manager-1.4.0-SNAPSHOT.jar:?]
	at org.apache.hadoop.ozone.om.KeyManagerImpl.getFileStatus(KeyManagerImpl.java:1113) ~[ozone-manager-1.4.0-SNAPSHOT.jar:?]
	at org.apache.hadoop.ozone.om.OmMetadataReader.getFileStatus(OmMetadataReader.java:262) ~[ozone-manager-1.4.0-SNAPSHOT.jar:?]
	at org.apache.hadoop.ozone.om.OzoneManager.getFileStatus(OzoneManager.java:3530) ~[ozone-manager-1.4.0-SNAPSHOT.jar:?]
	at org.apache.hadoop.ozone.protocolPB.OzoneManagerRequestHandler.getOzoneFileStatus(OzoneManagerRequestHandler.java:971) ~[ozone-manager-1.4.0-SNAPSHOT.jar:?]
	at org.apache.hadoop.ozone.protocolPB.OzoneManagerRequestHandler.handleReadRequest(OzoneManagerRequestHandler.java:250) ~[ozone-manager-1.4.0-SNAPSHOT.jar:?]
	at org.apache.hadoop.ozone.protocolPB.OzoneManagerProtocolServerSideTranslatorPB.submitReadRequestToOM(OzoneManagerProtocolServerSideTranslatorPB.java:225) ~[ozone-manager-1.4.0-SNAPSHOT.jar:?]
	at org.apache.hadoop.ozone.protocolPB.OzoneManagerProtocolServerSideTranslatorPB.processRequest(OzoneManagerProtocolServerSideTranslatorPB.java:179) ~[ozone-manager-1.4.0-SNAPSHOT.jar:?]
	at org.apache.hadoop.hdds.server.OzoneProtocolMessageDispatcher.processRequest(OzoneProtocolMessageDispatcher.java:87) [hdds-server-framework-1.4.0-SNAPSHOT.jar:?]
	at org.apache.hadoop.ozone.protocolPB.OzoneManagerProtocolServerSideTranslatorPB.submitRequest(OzoneManagerProtocolServerSideTranslatorPB.java:148) [ozone-manager-1.4.0-SNAPSHOT.jar:?]
	at org.apache.hadoop.ozone.protocol.proto.OzoneManagerProtocolProtos$OzoneManagerService$2.callBlockingMethod(OzoneManagerProtocolProtos.java) [ozone-interface-client-1.4.0-SNAPSHOT.jar:?]
	at org.apache.hadoop.ipc.ProtobufRpcEngine$Server.processCall(ProtobufRpcEngine.java:484) [hadoop-common-3.3.6.jar:?]
	at org.apache.hadoop.ipc.ProtobufRpcEngine2$Server$ProtoBufRpcInvoker.call(ProtobufRpcEngine2.java:595) [hadoop-common-3.3.6.jar:?]
	at org.apache.hadoop.ipc.ProtobufRpcEngine2$Server$ProtoBufRpcInvoker.call(ProtobufRpcEngine2.java:573) [hadoop-common-3.3.6.jar:?]
	at org.apache.hadoop.ipc.RPC$Server.call(RPC.java:1227) [hadoop-common-3.3.6.jar:?]
	at org.apache.hadoop.ipc.Server$RpcCall.run(Server.java:1094) [hadoop-common-3.3.6.jar:?]
	at org.apache.hadoop.ipc.Server$RpcCall.run(Server.java:1017) [hadoop-common-3.3.6.jar:?]
	at java.security.AccessController.doPrivileged(Native Method) ~[?:1.8.0_382]
	at javax.security.auth.Subject.doAs(Subject.java:422) [?:1.8.0_382]
	at org.apache.hadoop.security.UserGroupInformation.doAs(UserGroupInformation.java:1899) [hadoop-common-3.3.6.jar:?]
	at org.apache.hadoop.ipc.Server$Handler.run(Server.java:3048) [hadoop-common-3.3.6.jar:?]
08:52:25.057 [IPC Server handler 18 on default port 15004] ERROR OMAudit - user=runner | ip=127.0.0.1 | op=GET_FILE_STATUS {volume=volume72881, bucket=bucket22361, key=gdir1/dir10, dataSize=0, replicationConfig=null} | ret=FAILURE
org.apache.hadoop.ozone.om.exceptions.OMException: Unable to get file status: volume: volume72881 bucket: bucket22361 key: gdir1/dir10
	at org.apache.hadoop.ozone.om.KeyManagerImpl.getOzoneFileStatus(KeyManagerImpl.java:1195) ~[ozone-manager-1.4.0-SNAPSHOT.jar:?]
	at org.apache.hadoop.ozone.om.KeyManagerImpl.getFileStatus(KeyManagerImpl.java:1113) ~[ozone-manager-1.4.0-SNAPSHOT.jar:?]
	at org.apache.hadoop.ozone.om.OmMetadataReader.getFileStatus(OmMetadataReader.java:262) ~[ozone-manager-1.4.0-SNAPSHOT.jar:?]
	at org.apache.hadoop.ozone.om.OzoneManager.getFileStatus(OzoneManager.java:3530) ~[ozone-manager-1.4.0-SNAPSHOT.jar:?]
	at org.apache.hadoop.ozone.protocolPB.OzoneManagerRequestHandler.getOzoneFileStatus(OzoneManagerRequestHandler.java:971) ~[ozone-manager-1.4.0-SNAPSHOT.jar:?]
	at org.apache.hadoop.ozone.protocolPB.OzoneManagerRequestHandler.handleReadRequest(OzoneManagerRequestHandler.java:250) ~[ozone-manager-1.4.0-SNAPSHOT.jar:?]
	at org.apache.hadoop.ozone.protocolPB.OzoneManagerProtocolServerSideTranslatorPB.submitReadRequestToOM(OzoneManagerProtocolServerSideTranslatorPB.java:225) ~[ozone-manager-1.4.0-SNAPSHOT.jar:?]
	at org.apache.hadoop.ozone.protocolPB.OzoneManagerProtocolServerSideTranslatorPB.processRequest(OzoneManagerProtocolServerSideTranslatorPB.java:179) ~[ozone-manager-1.4.0-SNAPSHOT.jar:?]
	at org.apache.hadoop.hdds.server.OzoneProtocolMessageDispatcher.processRequest(OzoneProtocolMessageDispatcher.java:87) [hdds-server-framework-1.4.0-SNAPSHOT.jar:?]
	at org.apache.hadoop.ozone.protocolPB.OzoneManagerProtocolServerSideTranslatorPB.submitRequest(OzoneManagerProtocolServerSideTranslatorPB.java:148) [ozone-manager-1.4.0-SNAPSHOT.jar:?]
	at org.apache.hadoop.ozone.protocol.proto.OzoneManagerProtocolProtos$OzoneManagerService$2.callBlockingMethod(OzoneManagerProtocolProtos.java) [ozone-interface-client-1.4.0-SNAPSHOT.jar:?]
	at org.apache.hadoop.ipc.ProtobufRpcEngine$Server.processCall(ProtobufRpcEngine.java:484) [hadoop-common-3.3.6.jar:?]
	at org.apache.hadoop.ipc.ProtobufRpcEngine2$Server$ProtoBufRpcInvoker.call(ProtobufRpcEngine2.java:595) [hadoop-common-3.3.6.jar:?]
	at org.apache.hadoop.ipc.ProtobufRpcEngine2$Server$ProtoBufRpcInvoker.call(ProtobufRpcEngine2.java:573) [hadoop-common-3.3.6.jar:?]
	at org.apache.hadoop.ipc.RPC$Server.call(RPC.java:1227) [hadoop-common-3.3.6.jar:?]
	at org.apache.hadoop.ipc.Server$RpcCall.run(Server.java:1094) [hadoop-common-3.3.6.jar:?]
	at org.apache.hadoop.ipc.Server$RpcCall.run(Server.java:1017) [hadoop-common-3.3.6.jar:?]
	at java.security.AccessController.doPrivileged(Native Method) ~[?:1.8.0_382]
	at javax.security.auth.Subject.doAs(Subject.java:422) [?:1.8.0_382]
	at org.apache.hadoop.security.UserGroupInformation.doAs(UserGroupInformation.java:1899) [hadoop-common-3.3.6.jar:?]
	at org.apache.hadoop.ipc.Server$Handler.run(Server.java:3048) [hadoop-common-3.3.6.jar:?]
08:52:25.060 [IPC Server handler 11 on default port 15004] ERROR OMAudit - user=runner | ip=127.0.0.1 | op=GET_FILE_STATUS {volume=volume72881, bucket=bucket22361, key=gdir1/dir10/child, dataSize=0, replicationConfig=null} | ret=FAILURE
org.apache.hadoop.ozone.om.exceptions.OMException: Unable to get file status: volume: volume72881 bucket: bucket22361 key: gdir1/dir10/child
	at org.apache.hadoop.ozone.om.KeyManagerImpl.getOzoneFileStatus(KeyManagerImpl.java:1195) ~[ozone-manager-1.4.0-SNAPSHOT.jar:?]
	at org.apache.hadoop.ozone.om.KeyManagerImpl.getFileStatus(KeyManagerImpl.java:1113) ~[ozone-manager-1.4.0-SNAPSHOT.jar:?]
	at org.apache.hadoop.ozone.om.OmMetadataReader.getFileStatus(OmMetadataReader.java:262) ~[ozone-manager-1.4.0-SNAPSHOT.jar:?]
	at org.apache.hadoop.ozone.om.OzoneManager.getFileStatus(OzoneManager.java:3530) ~[ozone-manager-1.4.0-SNAPSHOT.jar:?]
	at org.apache.hadoop.ozone.protocolPB.OzoneManagerRequestHandler.getOzoneFileStatus(OzoneManagerRequestHandler.java:971) ~[ozone-manager-1.4.0-SNAPSHOT.jar:?]
	at org.apache.hadoop.ozone.protocolPB.OzoneManagerRequestHandler.handleReadRequest(OzoneManagerRequestHandler.java:250) ~[ozone-manager-1.4.0-SNAPSHOT.jar:?]
	at org.apache.hadoop.ozone.protocolPB.OzoneManagerProtocolServerSideTranslatorPB.submitReadRequestToOM(OzoneManagerProtocolServerSideTranslatorPB.java:225) ~[ozone-manager-1.4.0-SNAPSHOT.jar:?]
	at org.apache.hadoop.ozone.protocolPB.OzoneManagerProtocolServerSideTranslatorPB.processRequest(OzoneManagerProtocolServerSideTranslatorPB.java:179) ~[ozone-manager-1.4.0-SNAPSHOT.jar:?]
	at org.apache.hadoop.hdds.server.OzoneProtocolMessageDispatcher.processRequest(OzoneProtocolMessageDispatcher.java:87) [hdds-server-framework-1.4.0-SNAPSHOT.jar:?]
	at org.apache.hadoop.ozone.protocolPB.OzoneManagerProtocolServerSideTranslatorPB.submitRequest(OzoneManagerProtocolServerSideTranslatorPB.java:148) [ozone-manager-1.4.0-SNAPSHOT.jar:?]
	at org.apache.hadoop.ozone.protocol.proto.OzoneManagerProtocolProtos$OzoneManagerService$2.callBlockingMethod(OzoneManagerProtocolProtos.java) [ozone-interface-client-1.4.0-SNAPSHOT.jar:?]
	at org.apache.hadoop.ipc.ProtobufRpcEngine$Server.processCall(ProtobufRpcEngine.java:484) [hadoop-common-3.3.6.jar:?]
	at org.apache.hadoop.ipc.ProtobufRpcEngine2$Server$ProtoBufRpcInvoker.call(ProtobufRpcEngine2.java:595) [hadoop-common-3.3.6.jar:?]
	at org.apache.hadoop.ipc.ProtobufRpcEngine2$Server$ProtoBufRpcInvoker.call(ProtobufRpcEngine2.java:573) [hadoop-common-3.3.6.jar:?]
	at org.apache.hadoop.ipc.RPC$Server.call(RPC.java:1227) [hadoop-common-3.3.6.jar:?]
	at org.apache.hadoop.ipc.Server$RpcCall.run(Server.java:1094) [hadoop-common-3.3.6.jar:?]
	at org.apache.hadoop.ipc.Server$RpcCall.run(Server.java:1017) [hadoop-common-3.3.6.jar:?]
	at java.security.AccessController.doPrivileged(Native Method) ~[?:1.8.0_382]
	at javax.security.auth.Subject.doAs(Subject.java:422) [?:1.8.0_382]
	at org.apache.hadoop.security.UserGroupInformation.doAs(UserGroupInformation.java:1899) [hadoop-common-3.3.6.jar:?]
	at org.apache.hadoop.ipc.Server$Handler.run(Server.java:3048) [hadoop-common-3.3.6.jar:?]
08:52:25.269 [IPC Server handler 15 on default port 15004] ERROR OMAudit - user=runner | ip=127.0.0.1 | op=GET_FILE_STATUS {volume=volume72881, bucket=bucket22361, key=level0, dataSize=0, replicationConfig=null} | ret=FAILURE
org.apache.hadoop.ozone.om.exceptions.OMException: Unable to get file status: volume: volume72881 bucket: bucket22361 key: level0
	at org.apache.hadoop.ozone.om.KeyManagerImpl.getOzoneFileStatus(KeyManagerImpl.java:1195) ~[ozone-manager-1.4.0-SNAPSHOT.jar:?]
	at org.apache.hadoop.ozone.om.KeyManagerImpl.getFileStatus(KeyManagerImpl.java:1113) ~[ozone-manager-1.4.0-SNAPSHOT.jar:?]
	at org.apache.hadoop.ozone.om.OmMetadataReader.getFileStatus(OmMetadataReader.java:262) ~[ozone-manager-1.4.0-SNAPSHOT.jar:?]
	at org.apache.hadoop.ozone.om.OzoneManager.getFileStatus(OzoneManager.java:3530) ~[ozone-manager-1.4.0-SNAPSHOT.jar:?]
	at org.apache.hadoop.ozone.protocolPB.OzoneManagerRequestHandler.getOzoneFileStatus(OzoneManagerRequestHandler.java:971) ~[ozone-manager-1.4.0-SNAPSHOT.jar:?]
	at org.apache.hadoop.ozone.protocolPB.OzoneManagerRequestHandler.handleReadRequest(OzoneManagerRequestHandler.java:250) ~[ozone-manager-1.4.0-SNAPSHOT.jar:?]
	at org.apache.hadoop.ozone.protocolPB.OzoneManagerProtocolServerSideTranslatorPB.submitReadRequestToOM(OzoneManagerProtocolServerSideTranslatorPB.java:225) ~[ozone-manager-1.4.0-SNAPSHOT.jar:?]
	at org.apache.hadoop.ozone.protocolPB.OzoneManagerProtocolServerSideTranslatorPB.processRequest(OzoneManagerProtocolServerSideTranslatorPB.java:179) ~[ozone-manager-1.4.0-SNAPSHOT.jar:?]
	at org.apache.hadoop.hdds.server.OzoneProtocolMessageDispatcher.processRequest(OzoneProtocolMessageDispatcher.java:87) [hdds-server-framework-1.4.0-SNAPSHOT.jar:?]
	at org.apache.hadoop.ozone.protocolPB.OzoneManagerProtocolServerSideTranslatorPB.submitRequest(OzoneManagerProtocolServerSideTranslatorPB.java:148) [ozone-manager-1.4.0-SNAPSHOT.jar:?]
	at org.apache.hadoop.ozone.protocol.proto.OzoneManagerProtocolProtos$OzoneManagerService$2.callBlockingMethod(OzoneManagerProtocolProtos.java) [ozone-interface-client-1.4.0-SNAPSHOT.jar:?]
	at org.apache.hadoop.ipc.ProtobufRpcEngine$Server.processCall(ProtobufRpcEngine.java:484) [hadoop-common-3.3.6.jar:?]
	at org.apache.hadoop.ipc.ProtobufRpcEngine2$Server$ProtoBufRpcInvoker.call(ProtobufRpcEngine2.java:595) [hadoop-common-3.3.6.jar:?]
	at org.apache.hadoop.ipc.ProtobufRpcEngine2$Server$ProtoBufRpcInvoker.call(ProtobufRpcEngine2.java:573) [hadoop-common-3.3.6.jar:?]
	at org.apache.hadoop.ipc.RPC$Server.call(RPC.java:1227) [hadoop-common-3.3.6.jar:?]
	at org.apache.hadoop.ipc.Server$RpcCall.run(Server.java:1094) [hadoop-common-3.3.6.jar:?]
	at org.apache.hadoop.ipc.Server$RpcCall.run(Server.java:1017) [hadoop-common-3.3.6.jar:?]
	at java.security.AccessController.doPrivileged(Native Method) ~[?:1.8.0_382]
	at javax.security.auth.Subject.doAs(Subject.java:422) [?:1.8.0_382]
	at org.apache.hadoop.security.UserGroupInformation.doAs(UserGroupInformation.java:1899) [hadoop-common-3.3.6.jar:?]
	at org.apache.hadoop.ipc.Server$Handler.run(Server.java:3048) [hadoop-common-3.3.6.jar:?]
08:52:25.272 [IPC Server handler 16 on default port 15004] ERROR OMAudit - user=runner | ip=127.0.0.1 | op=GET_FILE_STATUS {volume=volume72881, bucket=bucket22361, key=level0/level1, dataSize=0, replicationConfig=null} | ret=FAILURE
org.apache.hadoop.ozone.om.exceptions.OMException: Unable to get file status: volume: volume72881 bucket: bucket22361 key: level0/level1
	at org.apache.hadoop.ozone.om.KeyManagerImpl.getOzoneFileStatus(KeyManagerImpl.java:1195) ~[ozone-manager-1.4.0-SNAPSHOT.jar:?]
	at org.apache.hadoop.ozone.om.KeyManagerImpl.getFileStatus(KeyManagerImpl.java:1113) ~[ozone-manager-1.4.0-SNAPSHOT.jar:?]
	at org.apache.hadoop.ozone.om.OmMetadataReader.getFileStatus(OmMetadataReader.java:262) ~[ozone-manager-1.4.0-SNAPSHOT.jar:?]
	at org.apache.hadoop.ozone.om.OzoneManager.getFileStatus(OzoneManager.java:3530) ~[ozone-manager-1.4.0-SNAPSHOT.jar:?]
	at org.apache.hadoop.ozone.protocolPB.OzoneManagerRequestHandler.getOzoneFileStatus(OzoneManagerRequestHandler.java:971) ~[ozone-manager-1.4.0-SNAPSHOT.jar:?]
	at org.apache.hadoop.ozone.protocolPB.OzoneManagerRequestHandler.handleReadRequest(OzoneManagerRequestHandler.java:250) ~[ozone-manager-1.4.0-SNAPSHOT.jar:?]
	at org.apache.hadoop.ozone.protocolPB.OzoneManagerProtocolServerSideTranslatorPB.submitReadRequestToOM(OzoneManagerProtocolServerSideTranslatorPB.java:225) ~[ozone-manager-1.4.0-SNAPSHOT.jar:?]
	at org.apache.hadoop.ozone.protocolPB.OzoneManagerProtocolServerSideTranslatorPB.processRequest(OzoneManagerProtocolServerSideTranslatorPB.java:179) ~[ozone-manager-1.4.0-SNAPSHOT.jar:?]
	at org.apache.hadoop.hdds.server.OzoneProtocolMessageDispatcher.processRequest(OzoneProtocolMessageDispatcher.java:87) [hdds-server-framework-1.4.0-SNAPSHOT.jar:?]
	at org.apache.hadoop.ozone.protocolPB.OzoneManagerProtocolServerSideTranslatorPB.submitRequest(OzoneManagerProtocolServerSideTranslatorPB.java:148) [ozone-manager-1.4.0-SNAPSHOT.jar:?]
	at org.apache.hadoop.ozone.protocol.proto.OzoneManagerProtocolProtos$OzoneManagerService$2.callBlockingMethod(OzoneManagerProtocolProtos.java) [ozone-interface-client-1.4.0-SNAPSHOT.jar:?]
	at org.apache.hadoop.ipc.ProtobufRpcEngine$Server.processCall(ProtobufRpcEngine.java:484) [hadoop-common-3.3.6.jar:?]
	at org.apache.hadoop.ipc.ProtobufRpcEngine2$Server$ProtoBufRpcInvoker.call(ProtobufRpcEngine2.java:595) [hadoop-common-3.3.6.jar:?]
	at org.apache.hadoop.ipc.ProtobufRpcEngine2$Server$ProtoBufRpcInvoker.call(ProtobufRpcEngine2.java:573) [hadoop-common-3.3.6.jar:?]
	at org.apache.hadoop.ipc.RPC$Server.call(RPC.java:1227) [hadoop-common-3.3.6.jar:?]
	at org.apache.hadoop.ipc.Server$RpcCall.run(Server.java:1094) [hadoop-common-3.3.6.jar:?]
	at org.apache.hadoop.ipc.Server$RpcCall.run(Server.java:1017) [hadoop-common-3.3.6.jar:?]
	at java.security.AccessController.doPrivileged(Native Method) ~[?:1.8.0_382]
	at javax.security.auth.Subject.doAs(Subject.java:422) [?:1.8.0_382]
	at org.apache.hadoop.security.UserGroupInformation.doAs(UserGroupInformation.java:1899) [hadoop-common-3.3.6.jar:?]
	at org.apache.hadoop.ipc.Server$Handler.run(Server.java:3048) [hadoop-common-3.3.6.jar:?]
08:52:25.274 [IPC Server handler 10 on default port 15004] ERROR OMAudit - user=runner | ip=127.0.0.1 | op=GET_FILE_STATUS {volume=volume72881, bucket=bucket22361, key=level0/level1/level1, dataSize=0, replicationConfig=null} | ret=FAILURE
org.apache.hadoop.ozone.om.exceptions.OMException: Unable to get file status: volume: volume72881 bucket: bucket22361 key: level0/level1/level1
	at org.apache.hadoop.ozone.om.KeyManagerImpl.getOzoneFileStatus(KeyManagerImpl.java:1195) ~[ozone-manager-1.4.0-SNAPSHOT.jar:?]
	at org.apache.hadoop.ozone.om.KeyManagerImpl.getFileStatus(KeyManagerImpl.java:1113) ~[ozone-manager-1.4.0-SNAPSHOT.jar:?]
	at org.apache.hadoop.ozone.om.OmMetadataReader.getFileStatus(OmMetadataReader.java:262) ~[ozone-manager-1.4.0-SNAPSHOT.jar:?]
	at org.apache.hadoop.ozone.om.OzoneManager.getFileStatus(OzoneManager.java:3530) ~[ozone-manager-1.4.0-SNAPSHOT.jar:?]
	at org.apache.hadoop.ozone.protocolPB.OzoneManagerRequestHandler.getOzoneFileStatus(OzoneManagerRequestHandler.java:971) ~[ozone-manager-1.4.0-SNAPSHOT.jar:?]
	at org.apache.hadoop.ozone.protocolPB.OzoneManagerRequestHandler.handleReadRequest(OzoneManagerRequestHandler.java:250) ~[ozone-manager-1.4.0-SNAPSHOT.jar:?]
	at org.apache.hadoop.ozone.protocolPB.OzoneManagerProtocolServerSideTranslatorPB.submitReadRequestToOM(OzoneManagerProtocolServerSideTranslatorPB.java:225) ~[ozone-manager-1.4.0-SNAPSHOT.jar:?]
	at org.apache.hadoop.ozone.protocolPB.OzoneManagerProtocolServerSideTranslatorPB.processRequest(OzoneManagerProtocolServerSideTranslatorPB.java:179) ~[ozone-manager-1.4.0-SNAPSHOT.jar:?]
	at org.apache.hadoop.hdds.server.OzoneProtocolMessageDispatcher.processRequest(OzoneProtocolMessageDispatcher.java:87) [hdds-server-framework-1.4.0-SNAPSHOT.jar:?]
	at org.apache.hadoop.ozone.protocolPB.OzoneManagerProtocolServerSideTranslatorPB.submitRequest(OzoneManagerProtocolServerSideTranslatorPB.java:148) [ozone-manager-1.4.0-SNAPSHOT.jar:?]
	at org.apache.hadoop.ozone.protocol.proto.OzoneManagerProtocolProtos$OzoneManagerService$2.callBlockingMethod(OzoneManagerProtocolProtos.java) [ozone-interface-client-1.4.0-SNAPSHOT.jar:?]
	at org.apache.hadoop.ipc.ProtobufRpcEngine$Server.processCall(ProtobufRpcEngine.java:484) [hadoop-common-3.3.6.jar:?]
	at org.apache.hadoop.ipc.ProtobufRpcEngine2$Server$ProtoBufRpcInvoker.call(ProtobufRpcEngine2.java:595) [hadoop-common-3.3.6.jar:?]
	at org.apache.hadoop.ipc.ProtobufRpcEngine2$Server$ProtoBufRpcInvoker.call(ProtobufRpcEngine2.java:573) [hadoop-common-3.3.6.jar:?]
	at org.apache.hadoop.ipc.RPC$Server.call(RPC.java:1227) [hadoop-common-3.3.6.jar:?]
	at org.apache.hadoop.ipc.Server$RpcCall.run(Server.java:1094) [hadoop-common-3.3.6.jar:?]
	at org.apache.hadoop.ipc.Server$RpcCall.run(Server.java:1017) [hadoop-common-3.3.6.jar:?]
	at java.security.AccessController.doPrivileged(Native Method) ~[?:1.8.0_382]
	at javax.security.auth.Subject.doAs(Subject.java:422) [?:1.8.0_382]
	at org.apache.hadoop.security.UserGroupInformation.doAs(UserGroupInformation.java:1899) [hadoop-common-3.3.6.jar:?]
	at org.apache.hadoop.ipc.Server$Handler.run(Server.java:3048) [hadoop-common-3.3.6.jar:?]
08:52:25.276 [IPC Server handler 17 on default port 15004] ERROR OMAudit - user=runner | ip=127.0.0.1 | op=GET_FILE_STATUS {volume=volume72881, bucket=bucket22361, key=level0/level1/file1, dataSize=0, replicationConfig=null} | ret=FAILURE
org.apache.hadoop.ozone.om.exceptions.OMException: Unable to get file status: volume: volume72881 bucket: bucket22361 key: level0/level1/file1
	at org.apache.hadoop.ozone.om.KeyManagerImpl.getOzoneFileStatus(KeyManagerImpl.java:1195) ~[ozone-manager-1.4.0-SNAPSHOT.jar:?]
	at org.apache.hadoop.ozone.om.KeyManagerImpl.getFileStatus(KeyManagerImpl.java:1113) ~[ozone-manager-1.4.0-SNAPSHOT.jar:?]
	at org.apache.hadoop.ozone.om.OmMetadataReader.getFileStatus(OmMetadataReader.java:262) ~[ozone-manager-1.4.0-SNAPSHOT.jar:?]
	at org.apache.hadoop.ozone.om.OzoneManager.getFileStatus(OzoneManager.java:3530) ~[ozone-manager-1.4.0-SNAPSHOT.jar:?]
	at org.apache.hadoop.ozone.protocolPB.OzoneManagerRequestHandler.getOzoneFileStatus(OzoneManagerRequestHandler.java:971) ~[ozone-manager-1.4.0-SNAPSHOT.jar:?]
	at org.apache.hadoop.ozone.protocolPB.OzoneManagerRequestHandler.handleReadRequest(OzoneManagerRequestHandler.java:250) ~[ozone-manager-1.4.0-SNAPSHOT.jar:?]
	at org.apache.hadoop.ozone.protocolPB.OzoneManagerProtocolServerSideTranslatorPB.submitReadRequestToOM(OzoneManagerProtocolServerSideTranslatorPB.java:225) ~[ozone-manager-1.4.0-SNAPSHOT.jar:?]
	at org.apache.hadoop.ozone.protocolPB.OzoneManagerProtocolServerSideTranslatorPB.processRequest(OzoneManagerProtocolServerSideTranslatorPB.java:179) ~[ozone-manager-1.4.0-SNAPSHOT.jar:?]
	at org.apache.hadoop.hdds.server.OzoneProtocolMessageDispatcher.processRequest(OzoneProtocolMessageDispatcher.java:87) [hdds-server-framework-1.4.0-SNAPSHOT.jar:?]
	at org.apache.hadoop.ozone.protocolPB.OzoneManagerProtocolServerSideTranslatorPB.submitRequest(OzoneManagerProtocolServerSideTranslatorPB.java:148) [ozone-manager-1.4.0-SNAPSHOT.jar:?]
	at org.apache.hadoop.ozone.protocol.proto.OzoneManagerProtocolProtos$OzoneManagerService$2.callBlockingMethod(OzoneManagerProtocolProtos.java) [ozone-interface-client-1.4.0-SNAPSHOT.jar:?]
	at org.apache.hadoop.ipc.ProtobufRpcEngine$Server.processCall(ProtobufRpcEngine.java:484) [hadoop-common-3.3.6.jar:?]
	at org.apache.hadoop.ipc.ProtobufRpcEngine2$Server$ProtoBufRpcInvoker.call(ProtobufRpcEngine2.java:595) [hadoop-common-3.3.6.jar:?]
	at org.apache.hadoop.ipc.ProtobufRpcEngine2$Server$ProtoBufRpcInvoker.call(ProtobufRpcEngine2.java:573) [hadoop-common-3.3.6.jar:?]
	at org.apache.hadoop.ipc.RPC$Server.call(RPC.java:1227) [hadoop-common-3.3.6.jar:?]
	at org.apache.hadoop.ipc.Server$RpcCall.run(Server.java:1094) [hadoop-common-3.3.6.jar:?]
	at org.apache.hadoop.ipc.Server$RpcCall.run(Server.java:1017) [hadoop-common-3.3.6.jar:?]
	at java.security.AccessController.doPrivileged(Native Method) ~[?:1.8.0_382]
	at javax.security.auth.Subject.doAs(Subject.java:422) [?:1.8.0_382]
	at org.apache.hadoop.security.UserGroupInformation.doAs(UserGroupInformation.java:1899) [hadoop-common-3.3.6.jar:?]
	at org.apache.hadoop.ipc.Server$Handler.run(Server.java:3048) [hadoop-common-3.3.6.jar:?]
08:52:25.278 [IPC Server handler 0 on default port 15004] ERROR OMAudit - user=runner | ip=127.0.0.1 | op=GET_FILE_STATUS {volume=volume72881, bucket=bucket22361, key=level0/level1/level1/file1, dataSize=0, replicationConfig=null} | ret=FAILURE
org.apache.hadoop.ozone.om.exceptions.OMException: Unable to get file status: volume: volume72881 bucket: bucket22361 key: level0/level1/level1/file1
	at org.apache.hadoop.ozone.om.KeyManagerImpl.getOzoneFileStatus(KeyManagerImpl.java:1195) ~[ozone-manager-1.4.0-SNAPSHOT.jar:?]
	at org.apache.hadoop.ozone.om.KeyManagerImpl.getFileStatus(KeyManagerImpl.java:1113) ~[ozone-manager-1.4.0-SNAPSHOT.jar:?]
	at org.apache.hadoop.ozone.om.OmMetadataReader.getFileStatus(OmMetadataReader.java:262) ~[ozone-manager-1.4.0-SNAPSHOT.jar:?]
	at org.apache.hadoop.ozone.om.OzoneManager.getFileStatus(OzoneManager.java:3530) ~[ozone-manager-1.4.0-SNAPSHOT.jar:?]
	at org.apache.hadoop.ozone.protocolPB.OzoneManagerRequestHandler.getOzoneFileStatus(OzoneManagerRequestHandler.java:971) ~[ozone-manager-1.4.0-SNAPSHOT.jar:?]
	at org.apache.hadoop.ozone.protocolPB.OzoneManagerRequestHandler.handleReadRequest(OzoneManagerRequestHandler.java:250) ~[ozone-manager-1.4.0-SNAPSHOT.jar:?]
	at org.apache.hadoop.ozone.protocolPB.OzoneManagerProtocolServerSideTranslatorPB.submitReadRequestToOM(OzoneManagerProtocolServerSideTranslatorPB.java:225) ~[ozone-manager-1.4.0-SNAPSHOT.jar:?]
	at org.apache.hadoop.ozone.protocolPB.OzoneManagerProtocolServerSideTranslatorPB.processRequest(OzoneManagerProtocolServerSideTranslatorPB.java:179) ~[ozone-manager-1.4.0-SNAPSHOT.jar:?]
	at org.apache.hadoop.hdds.server.OzoneProtocolMessageDispatcher.processRequest(OzoneProtocolMessageDispatcher.java:87) [hdds-server-framework-1.4.0-SNAPSHOT.jar:?]
	at org.apache.hadoop.ozone.protocolPB.OzoneManagerProtocolServerSideTranslatorPB.submitRequest(OzoneManagerProtocolServerSideTranslatorPB.java:148) [ozone-manager-1.4.0-SNAPSHOT.jar:?]
	at org.apache.hadoop.ozone.protocol.proto.OzoneManagerProtocolProtos$OzoneManagerService$2.callBlockingMethod(OzoneManagerProtocolProtos.java) [ozone-interface-client-1.4.0-SNAPSHOT.jar:?]
	at org.apache.hadoop.ipc.ProtobufRpcEngine$Server.processCall(ProtobufRpcEngine.java:484) [hadoop-common-3.3.6.jar:?]
	at org.apache.hadoop.ipc.ProtobufRpcEngine2$Server$ProtoBufRpcInvoker.call(ProtobufRpcEngine2.java:595) [hadoop-common-3.3.6.jar:?]
	at org.apache.hadoop.ipc.ProtobufRpcEngine2$Server$ProtoBufRpcInvoker.call(ProtobufRpcEngine2.java:573) [hadoop-common-3.3.6.jar:?]
	at org.apache.hadoop.ipc.RPC$Server.call(RPC.java:1227) [hadoop-common-3.3.6.jar:?]
	at org.apache.hadoop.ipc.Server$RpcCall.run(Server.java:1094) [hadoop-common-3.3.6.jar:?]
	at org.apache.hadoop.ipc.Server$RpcCall.run(Server.java:1017) [hadoop-common-3.3.6.jar:?]
	at java.security.AccessController.doPrivileged(Native Method) ~[?:1.8.0_382]
	at javax.security.auth.Subject.doAs(Subject.java:422) [?:1.8.0_382]
	at org.apache.hadoop.security.UserGroupInformation.doAs(UserGroupInformation.java:1899) [hadoop-common-3.3.6.jar:?]
	at org.apache.hadoop.ipc.Server$Handler.run(Server.java:3048) [hadoop-common-3.3.6.jar:?]
08:52:25.281 [IPC Server handler 18 on default port 15004] ERROR OMAudit - user=runner | ip=127.0.0.1 | op=GET_FILE_STATUS {volume=volume72881, bucket=bucket22361, key=level0/level2, dataSize=0, replicationConfig=null} | ret=FAILURE
org.apache.hadoop.ozone.om.exceptions.OMException: Unable to get file status: volume: volume72881 bucket: bucket22361 key: level0/level2
	at org.apache.hadoop.ozone.om.KeyManagerImpl.getOzoneFileStatus(KeyManagerImpl.java:1195) ~[ozone-manager-1.4.0-SNAPSHOT.jar:?]
	at org.apache.hadoop.ozone.om.KeyManagerImpl.getFileStatus(KeyManagerImpl.java:1113) ~[ozone-manager-1.4.0-SNAPSHOT.jar:?]
	at org.apache.hadoop.ozone.om.OmMetadataReader.getFileStatus(OmMetadataReader.java:262) ~[ozone-manager-1.4.0-SNAPSHOT.jar:?]
	at org.apache.hadoop.ozone.om.OzoneManager.getFileStatus(OzoneManager.java:3530) ~[ozone-manager-1.4.0-SNAPSHOT.jar:?]
	at org.apache.hadoop.ozone.protocolPB.OzoneManagerRequestHandler.getOzoneFileStatus(OzoneManagerRequestHandler.java:971) ~[ozone-manager-1.4.0-SNAPSHOT.jar:?]
	at org.apache.hadoop.ozone.protocolPB.OzoneManagerRequestHandler.handleReadRequest(OzoneManagerRequestHandler.java:250) ~[ozone-manager-1.4.0-SNAPSHOT.jar:?]
	at org.apache.hadoop.ozone.protocolPB.OzoneManagerProtocolServerSideTranslatorPB.submitReadRequestToOM(OzoneManagerProtocolServerSideTranslatorPB.java:225) ~[ozone-manager-1.4.0-SNAPSHOT.jar:?]
	at org.apache.hadoop.ozone.protocolPB.OzoneManagerProtocolServerSideTranslatorPB.processRequest(OzoneManagerProtocolServerSideTranslatorPB.java:179) ~[ozone-manager-1.4.0-SNAPSHOT.jar:?]
	at org.apache.hadoop.hdds.server.OzoneProtocolMessageDispatcher.processRequest(OzoneProtocolMessageDispatcher.java:87) [hdds-server-framework-1.4.0-SNAPSHOT.jar:?]
	at org.apache.hadoop.ozone.protocolPB.OzoneManagerProtocolServerSideTranslatorPB.submitRequest(OzoneManagerProtocolServerSideTranslatorPB.java:148) [ozone-manager-1.4.0-SNAPSHOT.jar:?]
	at org.apache.hadoop.ozone.protocol.proto.OzoneManagerProtocolProtos$OzoneManagerService$2.callBlockingMethod(OzoneManagerProtocolProtos.java) [ozone-interface-client-1.4.0-SNAPSHOT.jar:?]
	at org.apache.hadoop.ipc.ProtobufRpcEngine$Server.processCall(ProtobufRpcEngine.java:484) [hadoop-common-3.3.6.jar:?]
	at org.apache.hadoop.ipc.ProtobufRpcEngine2$Server$ProtoBufRpcInvoker.call(ProtobufRpcEngine2.java:595) [hadoop-common-3.3.6.jar:?]
	at org.apache.hadoop.ipc.ProtobufRpcEngine2$Server$ProtoBufRpcInvoker.call(ProtobufRpcEngine2.java:573) [hadoop-common-3.3.6.jar:?]
	at org.apache.hadoop.ipc.RPC$Server.call(RPC.java:1227) [hadoop-common-3.3.6.jar:?]
	at org.apache.hadoop.ipc.Server$RpcCall.run(Server.java:1094) [hadoop-common-3.3.6.jar:?]
	at org.apache.hadoop.ipc.Server$RpcCall.run(Server.java:1017) [hadoop-common-3.3.6.jar:?]
	at java.security.AccessController.doPrivileged(Native Method) ~[?:1.8.0_382]
	at javax.security.auth.Subject.doAs(Subject.java:422) [?:1.8.0_382]
	at org.apache.hadoop.security.UserGroupInformation.doAs(UserGroupInformation.java:1899) [hadoop-common-3.3.6.jar:?]
	at org.apache.hadoop.ipc.Server$Handler.run(Server.java:3048) [hadoop-common-3.3.6.jar:?]
08:52:25.283 [IPC Server handler 11 on default port 15004] ERROR OMAudit - user=runner | ip=127.0.0.1 | op=GET_FILE_STATUS {volume=volume72881, bucket=bucket22361, key=level0/level2/level2, dataSize=0, replicationConfig=null} | ret=FAILURE
org.apache.hadoop.ozone.om.exceptions.OMException: Unable to get file status: volume: volume72881 bucket: bucket22361 key: level0/level2/level2
	at org.apache.hadoop.ozone.om.KeyManagerImpl.getOzoneFileStatus(KeyManagerImpl.java:1195) ~[ozone-manager-1.4.0-SNAPSHOT.jar:?]
	at org.apache.hadoop.ozone.om.KeyManagerImpl.getFileStatus(KeyManagerImpl.java:1113) ~[ozone-manager-1.4.0-SNAPSHOT.jar:?]
	at org.apache.hadoop.ozone.om.OmMetadataReader.getFileStatus(OmMetadataReader.java:262) ~[ozone-manager-1.4.0-SNAPSHOT.jar:?]
	at org.apache.hadoop.ozone.om.OzoneManager.getFileStatus(OzoneManager.java:3530) ~[ozone-manager-1.4.0-SNAPSHOT.jar:?]
	at org.apache.hadoop.ozone.protocolPB.OzoneManagerRequestHandler.getOzoneFileStatus(OzoneManagerRequestHandler.java:971) ~[ozone-manager-1.4.0-SNAPSHOT.jar:?]
	at org.apache.hadoop.ozone.protocolPB.OzoneManagerRequestHandler.handleReadRequest(OzoneManagerRequestHandler.java:250) ~[ozone-manager-1.4.0-SNAPSHOT.jar:?]
	at org.apache.hadoop.ozone.protocolPB.OzoneManagerProtocolServerSideTranslatorPB.submitReadRequestToOM(OzoneManagerProtocolServerSideTranslatorPB.java:225) ~[ozone-manager-1.4.0-SNAPSHOT.jar:?]
	at org.apache.hadoop.ozone.protocolPB.OzoneManagerProtocolServerSideTranslatorPB.processRequest(OzoneManagerProtocolServerSideTranslatorPB.java:179) ~[ozone-manager-1.4.0-SNAPSHOT.jar:?]
	at org.apache.hadoop.hdds.server.OzoneProtocolMessageDispatcher.processRequest(OzoneProtocolMessageDispatcher.java:87) [hdds-server-framework-1.4.0-SNAPSHOT.jar:?]
	at org.apache.hadoop.ozone.protocolPB.OzoneManagerProtocolServerSideTranslatorPB.submitRequest(OzoneManagerProtocolServerSideTranslatorPB.java:148) [ozone-manager-1.4.0-SNAPSHOT.jar:?]
	at org.apache.hadoop.ozone.protocol.proto.OzoneManagerProtocolProtos$OzoneManagerService$2.callBlockingMethod(OzoneManagerProtocolProtos.java) [ozone-interface-client-1.4.0-SNAPSHOT.jar:?]
	at org.apache.hadoop.ipc.ProtobufRpcEngine$Server.processCall(ProtobufRpcEngine.java:484) [hadoop-common-3.3.6.jar:?]
	at org.apache.hadoop.ipc.ProtobufRpcEngine2$Server$ProtoBufRpcInvoker.call(ProtobufRpcEngine2.java:595) [hadoop-common-3.3.6.jar:?]
	at org.apache.hadoop.ipc.ProtobufRpcEngine2$Server$ProtoBufRpcInvoker.call(ProtobufRpcEngine2.java:573) [hadoop-common-3.3.6.jar:?]
	at org.apache.hadoop.ipc.RPC$Server.call(RPC.java:1227) [hadoop-common-3.3.6.jar:?]
	at org.apache.hadoop.ipc.Server$RpcCall.run(Server.java:1094) [hadoop-common-3.3.6.jar:?]
	at org.apache.hadoop.ipc.Server$RpcCall.run(Server.java:1017) [hadoop-common-3.3.6.jar:?]
	at java.security.AccessController.doPrivileged(Native Method) ~[?:1.8.0_382]
	at javax.security.auth.Subject.doAs(Subject.java:422) [?:1.8.0_382]
	at org.apache.hadoop.security.UserGroupInformation.doAs(UserGroupInformation.java:1899) [hadoop-common-3.3.6.jar:?]
	at org.apache.hadoop.ipc.Server$Handler.run(Server.java:3048) [hadoop-common-3.3.6.jar:?]
08:52:25.285 [IPC Server handler 8 on default port 15004] ERROR OMAudit - user=runner | ip=127.0.0.1 | op=GET_FILE_STATUS {volume=volume72881, bucket=bucket22361, key=level0/level2/file1, dataSize=0, replicationConfig=null} | ret=FAILURE
org.apache.hadoop.ozone.om.exceptions.OMException: Unable to get file status: volume: volume72881 bucket: bucket22361 key: level0/level2/file1
	at org.apache.hadoop.ozone.om.KeyManagerImpl.getOzoneFileStatus(KeyManagerImpl.java:1195) ~[ozone-manager-1.4.0-SNAPSHOT.jar:?]
	at org.apache.hadoop.ozone.om.KeyManagerImpl.getFileStatus(KeyManagerImpl.java:1113) ~[ozone-manager-1.4.0-SNAPSHOT.jar:?]
	at org.apache.hadoop.ozone.om.OmMetadataReader.getFileStatus(OmMetadataReader.java:262) ~[ozone-manager-1.4.0-SNAPSHOT.jar:?]
	at org.apache.hadoop.ozone.om.OzoneManager.getFileStatus(OzoneManager.java:3530) ~[ozone-manager-1.4.0-SNAPSHOT.jar:?]
	at org.apache.hadoop.ozone.protocolPB.OzoneManagerRequestHandler.getOzoneFileStatus(OzoneManagerRequestHandler.java:971) ~[ozone-manager-1.4.0-SNAPSHOT.jar:?]
	at org.apache.hadoop.ozone.protocolPB.OzoneManagerRequestHandler.handleReadRequest(OzoneManagerRequestHandler.java:250) ~[ozone-manager-1.4.0-SNAPSHOT.jar:?]
	at org.apache.hadoop.ozone.protocolPB.OzoneManagerProtocolServerSideTranslatorPB.submitReadRequestToOM(OzoneManagerProtocolServerSideTranslatorPB.java:225) ~[ozone-manager-1.4.0-SNAPSHOT.jar:?]
	at org.apache.hadoop.ozone.protocolPB.OzoneManagerProtocolServerSideTranslatorPB.processRequest(OzoneManagerProtocolServerSideTranslatorPB.java:179) ~[ozone-manager-1.4.0-SNAPSHOT.jar:?]
	at org.apache.hadoop.hdds.server.OzoneProtocolMessageDispatcher.processRequest(OzoneProtocolMessageDispatcher.java:87) [hdds-server-framework-1.4.0-SNAPSHOT.jar:?]
	at org.apache.hadoop.ozone.protocolPB.OzoneManagerProtocolServerSideTranslatorPB.submitRequest(OzoneManagerProtocolServerSideTranslatorPB.java:148) [ozone-manager-1.4.0-SNAPSHOT.jar:?]
	at org.apache.hadoop.ozone.protocol.proto.OzoneManagerProtocolProtos$OzoneManagerService$2.callBlockingMethod(OzoneManagerProtocolProtos.java) [ozone-interface-client-1.4.0-SNAPSHOT.jar:?]
	at org.apache.hadoop.ipc.ProtobufRpcEngine$Server.processCall(ProtobufRpcEngine.java:484) [hadoop-common-3.3.6.jar:?]
	at org.apache.hadoop.ipc.ProtobufRpcEngine2$Server$ProtoBufRpcInvoker.call(ProtobufRpcEngine2.java:595) [hadoop-common-3.3.6.jar:?]
	at org.apache.hadoop.ipc.ProtobufRpcEngine2$Server$ProtoBufRpcInvoker.call(ProtobufRpcEngine2.java:573) [hadoop-common-3.3.6.jar:?]
	at org.apache.hadoop.ipc.RPC$Server.call(RPC.java:1227) [hadoop-common-3.3.6.jar:?]
	at org.apache.hadoop.ipc.Server$RpcCall.run(Server.java:1094) [hadoop-common-3.3.6.jar:?]
	at org.apache.hadoop.ipc.Server$RpcCall.run(Server.java:1017) [hadoop-common-3.3.6.jar:?]
	at java.security.AccessController.doPrivileged(Native Method) ~[?:1.8.0_382]
	at javax.security.auth.Subject.doAs(Subject.java:422) [?:1.8.0_382]
	at org.apache.hadoop.security.UserGroupInformation.doAs(UserGroupInformation.java:1899) [hadoop-common-3.3.6.jar:?]
	at org.apache.hadoop.ipc.Server$Handler.run(Server.java:3048) [hadoop-common-3.3.6.jar:?]
08:52:25.288 [IPC Server handler 14 on default port 15004] ERROR OMAudit - user=runner | ip=127.0.0.1 | op=GET_FILE_STATUS {volume=volume72881, bucket=bucket22361, key=level0/level2/level2/file1, dataSize=0, replicationConfig=null} | ret=FAILURE
org.apache.hadoop.ozone.om.exceptions.OMException: Unable to get file status: volume: volume72881 bucket: bucket22361 key: level0/level2/level2/file1
	at org.apache.hadoop.ozone.om.KeyManagerImpl.getOzoneFileStatus(KeyManagerImpl.java:1195) ~[ozone-manager-1.4.0-SNAPSHOT.jar:?]
	at org.apache.hadoop.ozone.om.KeyManagerImpl.getFileStatus(KeyManagerImpl.java:1113) ~[ozone-manager-1.4.0-SNAPSHOT.jar:?]
	at org.apache.hadoop.ozone.om.OmMetadataReader.getFileStatus(OmMetadataReader.java:262) ~[ozone-manager-1.4.0-SNAPSHOT.jar:?]
	at org.apache.hadoop.ozone.om.OzoneManager.getFileStatus(OzoneManager.java:3530) ~[ozone-manager-1.4.0-SNAPSHOT.jar:?]
	at org.apache.hadoop.ozone.protocolPB.OzoneManagerRequestHandler.getOzoneFileStatus(OzoneManagerRequestHandler.java:971) ~[ozone-manager-1.4.0-SNAPSHOT.jar:?]
	at org.apache.hadoop.ozone.protocolPB.OzoneManagerRequestHandler.handleReadRequest(OzoneManagerRequestHandler.java:250) ~[ozone-manager-1.4.0-SNAPSHOT.jar:?]
	at org.apache.hadoop.ozone.protocolPB.OzoneManagerProtocolServerSideTranslatorPB.submitReadRequestToOM(OzoneManagerProtocolServerSideTranslatorPB.java:225) ~[ozone-manager-1.4.0-SNAPSHOT.jar:?]
	at org.apache.hadoop.ozone.protocolPB.OzoneManagerProtocolServerSideTranslatorPB.processRequest(OzoneManagerProtocolServerSideTranslatorPB.java:179) ~[ozone-manager-1.4.0-SNAPSHOT.jar:?]
	at org.apache.hadoop.hdds.server.OzoneProtocolMessageDispatcher.processRequest(OzoneProtocolMessageDispatcher.java:87) [hdds-server-framework-1.4.0-SNAPSHOT.jar:?]
	at org.apache.hadoop.ozone.protocolPB.OzoneManagerProtocolServerSideTranslatorPB.submitRequest(OzoneManagerProtocolServerSideTranslatorPB.java:148) [ozone-manager-1.4.0-SNAPSHOT.jar:?]
	at org.apache.hadoop.ozone.protocol.proto.OzoneManagerProtocolProtos$OzoneManagerService$2.callBlockingMethod(OzoneManagerProtocolProtos.java) [ozone-interface-client-1.4.0-SNAPSHOT.jar:?]
	at org.apache.hadoop.ipc.ProtobufRpcEngine$Server.processCall(ProtobufRpcEngine.java:484) [hadoop-common-3.3.6.jar:?]
	at org.apache.hadoop.ipc.ProtobufRpcEngine2$Server$ProtoBufRpcInvoker.call(ProtobufRpcEngine2.java:595) [hadoop-common-3.3.6.jar:?]
	at org.apache.hadoop.ipc.ProtobufRpcEngine2$Server$ProtoBufRpcInvoker.call(ProtobufRpcEngine2.java:573) [hadoop-common-3.3.6.jar:?]
	at org.apache.hadoop.ipc.RPC$Server.call(RPC.java:1227) [hadoop-common-3.3.6.jar:?]
	at org.apache.hadoop.ipc.Server$RpcCall.run(Server.java:1094) [hadoop-common-3.3.6.jar:?]
	at org.apache.hadoop.ipc.Server$RpcCall.run(Server.java:1017) [hadoop-common-3.3.6.jar:?]
	at java.security.AccessController.doPrivileged(Native Method) ~[?:1.8.0_382]
	at javax.security.auth.Subject.doAs(Subject.java:422) [?:1.8.0_382]
	at org.apache.hadoop.security.UserGroupInformation.doAs(UserGroupInformation.java:1899) [hadoop-common-3.3.6.jar:?]
	at org.apache.hadoop.ipc.Server$Handler.run(Server.java:3048) [hadoop-common-3.3.6.jar:?]
08:52:25.290 [IPC Server handler 3 on default port 15004] ERROR OMAudit - user=runner | ip=127.0.0.1 | op=GET_FILE_STATUS {volume=volume72881, bucket=bucket22361, key=level0/level3, dataSize=0, replicationConfig=null} | ret=FAILURE
org.apache.hadoop.ozone.om.exceptions.OMException: Unable to get file status: volume: volume72881 bucket: bucket22361 key: level0/level3
	at org.apache.hadoop.ozone.om.KeyManagerImpl.getOzoneFileStatus(KeyManagerImpl.java:1195) ~[ozone-manager-1.4.0-SNAPSHOT.jar:?]
	at org.apache.hadoop.ozone.om.KeyManagerImpl.getFileStatus(KeyManagerImpl.java:1113) ~[ozone-manager-1.4.0-SNAPSHOT.jar:?]
	at org.apache.hadoop.ozone.om.OmMetadataReader.getFileStatus(OmMetadataReader.java:262) ~[ozone-manager-1.4.0-SNAPSHOT.jar:?]
	at org.apache.hadoop.ozone.om.OzoneManager.getFileStatus(OzoneManager.java:3530) ~[ozone-manager-1.4.0-SNAPSHOT.jar:?]
	at org.apache.hadoop.ozone.protocolPB.OzoneManagerRequestHandler.getOzoneFileStatus(OzoneManagerRequestHandler.java:971) ~[ozone-manager-1.4.0-SNAPSHOT.jar:?]
	at org.apache.hadoop.ozone.protocolPB.OzoneManagerRequestHandler.handleReadRequest(OzoneManagerRequestHandler.java:250) ~[ozone-manager-1.4.0-SNAPSHOT.jar:?]
	at org.apache.hadoop.ozone.protocolPB.OzoneManagerProtocolServerSideTranslatorPB.submitReadRequestToOM(OzoneManagerProtocolServerSideTranslatorPB.java:225) ~[ozone-manager-1.4.0-SNAPSHOT.jar:?]
	at org.apache.hadoop.ozone.protocolPB.OzoneManagerProtocolServerSideTranslatorPB.processRequest(OzoneManagerProtocolServerSideTranslatorPB.java:179) ~[ozone-manager-1.4.0-SNAPSHOT.jar:?]
	at org.apache.hadoop.hdds.server.OzoneProtocolMessageDispatcher.processRequest(OzoneProtocolMessageDispatcher.java:87) [hdds-server-framework-1.4.0-SNAPSHOT.jar:?]
	at org.apache.hadoop.ozone.protocolPB.OzoneManagerProtocolServerSideTranslatorPB.submitRequest(OzoneManagerProtocolServerSideTranslatorPB.java:148) [ozone-manager-1.4.0-SNAPSHOT.jar:?]
	at org.apache.hadoop.ozone.protocol.proto.OzoneManagerProtocolProtos$OzoneManagerService$2.callBlockingMethod(OzoneManagerProtocolProtos.java) [ozone-interface-client-1.4.0-SNAPSHOT.jar:?]
	at org.apache.hadoop.ipc.ProtobufRpcEngine$Server.processCall(ProtobufRpcEngine.java:484) [hadoop-common-3.3.6.jar:?]
	at org.apache.hadoop.ipc.ProtobufRpcEngine2$Server$ProtoBufRpcInvoker.call(ProtobufRpcEngine2.java:595) [hadoop-common-3.3.6.jar:?]
	at org.apache.hadoop.ipc.ProtobufRpcEngine2$Server$ProtoBufRpcInvoker.call(ProtobufRpcEngine2.java:573) [hadoop-common-3.3.6.jar:?]
	at org.apache.hadoop.ipc.RPC$Server.call(RPC.java:1227) [hadoop-common-3.3.6.jar:?]
	at org.apache.hadoop.ipc.Server$RpcCall.run(Server.java:1094) [hadoop-common-3.3.6.jar:?]
	at org.apache.hadoop.ipc.Server$RpcCall.run(Server.java:1017) [hadoop-common-3.3.6.jar:?]
	at java.security.AccessController.doPrivileged(Native Method) ~[?:1.8.0_382]
	at javax.security.auth.Subject.doAs(Subject.java:422) [?:1.8.0_382]
	at org.apache.hadoop.security.UserGroupInformation.doAs(UserGroupInformation.java:1899) [hadoop-common-3.3.6.jar:?]
	at org.apache.hadoop.ipc.Server$Handler.run(Server.java:3048) [hadoop-common-3.3.6.jar:?]
08:52:25.294 [IPC Server handler 19 on default port 15004] ERROR OMAudit - user=runner | ip=127.0.0.1 | op=GET_FILE_STATUS {volume=volume72881, bucket=bucket22361, key=level0/level3/level3, dataSize=0, replicationConfig=null} | ret=FAILURE
org.apache.hadoop.ozone.om.exceptions.OMException: Unable to get file status: volume: volume72881 bucket: bucket22361 key: level0/level3/level3
	at org.apache.hadoop.ozone.om.KeyManagerImpl.getOzoneFileStatus(KeyManagerImpl.java:1195) ~[ozone-manager-1.4.0-SNAPSHOT.jar:?]
	at org.apache.hadoop.ozone.om.KeyManagerImpl.getFileStatus(KeyManagerImpl.java:1113) ~[ozone-manager-1.4.0-SNAPSHOT.jar:?]
	at org.apache.hadoop.ozone.om.OmMetadataReader.getFileStatus(OmMetadataReader.java:262) ~[ozone-manager-1.4.0-SNAPSHOT.jar:?]
	at org.apache.hadoop.ozone.om.OzoneManager.getFileStatus(OzoneManager.java:3530) ~[ozone-manager-1.4.0-SNAPSHOT.jar:?]
	at org.apache.hadoop.ozone.protocolPB.OzoneManagerRequestHandler.getOzoneFileStatus(OzoneManagerRequestHandler.java:971) ~[ozone-manager-1.4.0-SNAPSHOT.jar:?]
	at org.apache.hadoop.ozone.protocolPB.OzoneManagerRequestHandler.handleReadRequest(OzoneManagerRequestHandler.java:250) ~[ozone-manager-1.4.0-SNAPSHOT.jar:?]
	at org.apache.hadoop.ozone.protocolPB.OzoneManagerProtocolServerSideTranslatorPB.submitReadRequestToOM(OzoneManagerProtocolServerSideTranslatorPB.java:225) ~[ozone-manager-1.4.0-SNAPSHOT.jar:?]
	at org.apache.hadoop.ozone.protocolPB.OzoneManagerProtocolServerSideTranslatorPB.processRequest(OzoneManagerProtocolServerSideTranslatorPB.java:179) ~[ozone-manager-1.4.0-SNAPSHOT.jar:?]
	at org.apache.hadoop.hdds.server.OzoneProtocolMessageDispatcher.processRequest(OzoneProtocolMessageDispatcher.java:87) [hdds-server-framework-1.4.0-SNAPSHOT.jar:?]
	at org.apache.hadoop.ozone.protocolPB.OzoneManagerProtocolServerSideTranslatorPB.submitRequest(OzoneManagerProtocolServerSideTranslatorPB.java:148) [ozone-manager-1.4.0-SNAPSHOT.jar:?]
	at org.apache.hadoop.ozone.protocol.proto.OzoneManagerProtocolProtos$OzoneManagerService$2.callBlockingMethod(OzoneManagerProtocolProtos.java) [ozone-interface-client-1.4.0-SNAPSHOT.jar:?]
	at org.apache.hadoop.ipc.ProtobufRpcEngine$Server.processCall(ProtobufRpcEngine.java:484) [hadoop-common-3.3.6.jar:?]
	at org.apache.hadoop.ipc.ProtobufRpcEngine2$Server$ProtoBufRpcInvoker.call(ProtobufRpcEngine2.java:595) [hadoop-common-3.3.6.jar:?]
	at org.apache.hadoop.ipc.ProtobufRpcEngine2$Server$ProtoBufRpcInvoker.call(ProtobufRpcEngine2.java:573) [hadoop-common-3.3.6.jar:?]
	at org.apache.hadoop.ipc.RPC$Server.call(RPC.java:1227) [hadoop-common-3.3.6.jar:?]
	at org.apache.hadoop.ipc.Server$RpcCall.run(Server.java:1094) [hadoop-common-3.3.6.jar:?]
	at org.apache.hadoop.ipc.Server$RpcCall.run(Server.java:1017) [hadoop-common-3.3.6.jar:?]
	at java.security.AccessController.doPrivileged(Native Method) ~[?:1.8.0_382]
	at javax.security.auth.Subject.doAs(Subject.java:422) [?:1.8.0_382]
	at org.apache.hadoop.security.UserGroupInformation.doAs(UserGroupInformation.java:1899) [hadoop-common-3.3.6.jar:?]
	at org.apache.hadoop.ipc.Server$Handler.run(Server.java:3048) [hadoop-common-3.3.6.jar:?]
08:52:25.296 [IPC Server handler 9 on default port 15004] ERROR OMAudit - user=runner | ip=127.0.0.1 | op=GET_FILE_STATUS {volume=volume72881, bucket=bucket22361, key=level0/level3/file1, dataSize=0, replicationConfig=null} | ret=FAILURE
org.apache.hadoop.ozone.om.exceptions.OMException: Unable to get file status: volume: volume72881 bucket: bucket22361 key: level0/level3/file1
	at org.apache.hadoop.ozone.om.KeyManagerImpl.getOzoneFileStatus(KeyManagerImpl.java:1195) ~[ozone-manager-1.4.0-SNAPSHOT.jar:?]
	at org.apache.hadoop.ozone.om.KeyManagerImpl.getFileStatus(KeyManagerImpl.java:1113) ~[ozone-manager-1.4.0-SNAPSHOT.jar:?]
	at org.apache.hadoop.ozone.om.OmMetadataReader.getFileStatus(OmMetadataReader.java:262) ~[ozone-manager-1.4.0-SNAPSHOT.jar:?]
	at org.apache.hadoop.ozone.om.OzoneManager.getFileStatus(OzoneManager.java:3530) ~[ozone-manager-1.4.0-SNAPSHOT.jar:?]
	at org.apache.hadoop.ozone.protocolPB.OzoneManagerRequestHandler.getOzoneFileStatus(OzoneManagerRequestHandler.java:971) ~[ozone-manager-1.4.0-SNAPSHOT.jar:?]
	at org.apache.hadoop.ozone.protocolPB.OzoneManagerRequestHandler.handleReadRequest(OzoneManagerRequestHandler.java:250) ~[ozone-manager-1.4.0-SNAPSHOT.jar:?]
	at org.apache.hadoop.ozone.protocolPB.OzoneManagerProtocolServerSideTranslatorPB.submitReadRequestToOM(OzoneManagerProtocolServerSideTranslatorPB.java:225) ~[ozone-manager-1.4.0-SNAPSHOT.jar:?]
	at org.apache.hadoop.ozone.protocolPB.OzoneManagerProtocolServerSideTranslatorPB.processRequest(OzoneManagerProtocolServerSideTranslatorPB.java:179) ~[ozone-manager-1.4.0-SNAPSHOT.jar:?]
	at org.apache.hadoop.hdds.server.OzoneProtocolMessageDispatcher.processRequest(OzoneProtocolMessageDispatcher.java:87) [hdds-server-framework-1.4.0-SNAPSHOT.jar:?]
	at org.apache.hadoop.ozone.protocolPB.OzoneManagerProtocolServerSideTranslatorPB.submitRequest(OzoneManagerProtocolServerSideTranslatorPB.java:148) [ozone-manager-1.4.0-SNAPSHOT.jar:?]
	at org.apache.hadoop.ozone.protocol.proto.OzoneManagerProtocolProtos$OzoneManagerService$2.callBlockingMethod(OzoneManagerProtocolProtos.java) [ozone-interface-client-1.4.0-SNAPSHOT.jar:?]
	at org.apache.hadoop.ipc.ProtobufRpcEngine$Server.processCall(ProtobufRpcEngine.java:484) [hadoop-common-3.3.6.jar:?]
	at org.apache.hadoop.ipc.ProtobufRpcEngine2$Server$ProtoBufRpcInvoker.call(ProtobufRpcEngine2.java:595) [hadoop-common-3.3.6.jar:?]
	at org.apache.hadoop.ipc.ProtobufRpcEngine2$Server$ProtoBufRpcInvoker.call(ProtobufRpcEngine2.java:573) [hadoop-common-3.3.6.jar:?]
	at org.apache.hadoop.ipc.RPC$Server.call(RPC.java:1227) [hadoop-common-3.3.6.jar:?]
	at org.apache.hadoop.ipc.Server$RpcCall.run(Server.java:1094) [hadoop-common-3.3.6.jar:?]
	at org.apache.hadoop.ipc.Server$RpcCall.run(Server.java:1017) [hadoop-common-3.3.6.jar:?]
	at java.security.AccessController.doPrivileged(Native Method) ~[?:1.8.0_382]
	at javax.security.auth.Subject.doAs(Subject.java:422) [?:1.8.0_382]
	at org.apache.hadoop.security.UserGroupInformation.doAs(UserGroupInformation.java:1899) [hadoop-common-3.3.6.jar:?]
	at org.apache.hadoop.ipc.Server$Handler.run(Server.java:3048) [hadoop-common-3.3.6.jar:?]
08:52:25.299 [IPC Server handler 7 on default port 15004] ERROR OMAudit - user=runner | ip=127.0.0.1 | op=GET_FILE_STATUS {volume=volume72881, bucket=bucket22361, key=level0/level3/level3/file1, dataSize=0, replicationConfig=null} | ret=FAILURE
org.apache.hadoop.ozone.om.exceptions.OMException: Unable to get file status: volume: volume72881 bucket: bucket22361 key: level0/level3/level3/file1
	at org.apache.hadoop.ozone.om.KeyManagerImpl.getOzoneFileStatus(KeyManagerImpl.java:1195) ~[ozone-manager-1.4.0-SNAPSHOT.jar:?]
	at org.apache.hadoop.ozone.om.KeyManagerImpl.getFileStatus(KeyManagerImpl.java:1113) ~[ozone-manager-1.4.0-SNAPSHOT.jar:?]
	at org.apache.hadoop.ozone.om.OmMetadataReader.getFileStatus(OmMetadataReader.java:262) ~[ozone-manager-1.4.0-SNAPSHOT.jar:?]
	at org.apache.hadoop.ozone.om.OzoneManager.getFileStatus(OzoneManager.java:3530) ~[ozone-manager-1.4.0-SNAPSHOT.jar:?]
	at org.apache.hadoop.ozone.protocolPB.OzoneManagerRequestHandler.getOzoneFileStatus(OzoneManagerRequestHandler.java:971) ~[ozone-manager-1.4.0-SNAPSHOT.jar:?]
	at org.apache.hadoop.ozone.protocolPB.OzoneManagerRequestHandler.handleReadRequest(OzoneManagerRequestHandler.java:250) ~[ozone-manager-1.4.0-SNAPSHOT.jar:?]
	at org.apache.hadoop.ozone.protocolPB.OzoneManagerProtocolServerSideTranslatorPB.submitReadRequestToOM(OzoneManagerProtocolServerSideTranslatorPB.java:225) ~[ozone-manager-1.4.0-SNAPSHOT.jar:?]
	at org.apache.hadoop.ozone.protocolPB.OzoneManagerProtocolServerSideTranslatorPB.processRequest(OzoneManagerProtocolServerSideTranslatorPB.java:179) ~[ozone-manager-1.4.0-SNAPSHOT.jar:?]
	at org.apache.hadoop.hdds.server.OzoneProtocolMessageDispatcher.processRequest(OzoneProtocolMessageDispatcher.java:87) [hdds-server-framework-1.4.0-SNAPSHOT.jar:?]
	at org.apache.hadoop.ozone.protocolPB.OzoneManagerProtocolServerSideTranslatorPB.submitRequest(OzoneManagerProtocolServerSideTranslatorPB.java:148) [ozone-manager-1.4.0-SNAPSHOT.jar:?]
	at org.apache.hadoop.ozone.protocol.proto.OzoneManagerProtocolProtos$OzoneManagerService$2.callBlockingMethod(OzoneManagerProtocolProtos.java) [ozone-interface-client-1.4.0-SNAPSHOT.jar:?]
	at org.apache.hadoop.ipc.ProtobufRpcEngine$Server.processCall(ProtobufRpcEngine.java:484) [hadoop-common-3.3.6.jar:?]
	at org.apache.hadoop.ipc.ProtobufRpcEngine2$Server$ProtoBufRpcInvoker.call(ProtobufRpcEngine2.java:595) [hadoop-common-3.3.6.jar:?]
	at org.apache.hadoop.ipc.ProtobufRpcEngine2$Server$ProtoBufRpcInvoker.call(ProtobufRpcEngine2.java:573) [hadoop-common-3.3.6.jar:?]
	at org.apache.hadoop.ipc.RPC$Server.call(RPC.java:1227) [hadoop-common-3.3.6.jar:?]
	at org.apache.hadoop.ipc.Server$RpcCall.run(Server.java:1094) [hadoop-common-3.3.6.jar:?]
	at org.apache.hadoop.ipc.Server$RpcCall.run(Server.java:1017) [hadoop-common-3.3.6.jar:?]
	at java.security.AccessController.doPrivileged(Native Method) ~[?:1.8.0_382]
	at javax.security.auth.Subject.doAs(Subject.java:422) [?:1.8.0_382]
	at org.apache.hadoop.security.UserGroupInformation.doAs(UserGroupInformation.java:1899) [hadoop-common-3.3.6.jar:?]
	at org.apache.hadoop.ipc.Server$Handler.run(Server.java:3048) [hadoop-common-3.3.6.jar:?]
]]></system-out>
  </testcase>
  <testcase name="testRecursiveDelete" classname="TestOzoneFileSystem" time="0.235">
    <system-out><![CDATA[08:54:16.920 [IPC Server handler 0 on default port 15057] ERROR OMAudit - user=runner | ip=127.0.0.1 | op=GET_FILE_STATUS {volume=volume93671, bucket=bucket89282, key=gdir1, dataSize=0, replicationConfig=null} | ret=FAILURE
org.apache.hadoop.ozone.om.exceptions.OMException: Unable to get file status: volume: volume93671 bucket: bucket89282 key: gdir1
	at org.apache.hadoop.ozone.om.KeyManagerImpl.getOzoneFileStatus(KeyManagerImpl.java:1195) ~[ozone-manager-1.4.0-SNAPSHOT.jar:?]
	at org.apache.hadoop.ozone.om.KeyManagerImpl.getFileStatus(KeyManagerImpl.java:1113) ~[ozone-manager-1.4.0-SNAPSHOT.jar:?]
	at org.apache.hadoop.ozone.om.OmMetadataReader.getFileStatus(OmMetadataReader.java:262) ~[ozone-manager-1.4.0-SNAPSHOT.jar:?]
	at org.apache.hadoop.ozone.om.OzoneManager.getFileStatus(OzoneManager.java:3530) ~[ozone-manager-1.4.0-SNAPSHOT.jar:?]
	at org.apache.hadoop.ozone.protocolPB.OzoneManagerRequestHandler.getOzoneFileStatus(OzoneManagerRequestHandler.java:971) ~[ozone-manager-1.4.0-SNAPSHOT.jar:?]
	at org.apache.hadoop.ozone.protocolPB.OzoneManagerRequestHandler.handleReadRequest(OzoneManagerRequestHandler.java:250) ~[ozone-manager-1.4.0-SNAPSHOT.jar:?]
	at org.apache.hadoop.ozone.protocolPB.OzoneManagerProtocolServerSideTranslatorPB.submitRequestDirectlyToOM(OzoneManagerProtocolServerSideTranslatorPB.java:274) ~[ozone-manager-1.4.0-SNAPSHOT.jar:?]
	at org.apache.hadoop.ozone.protocolPB.OzoneManagerProtocolServerSideTranslatorPB.processRequest(OzoneManagerProtocolServerSideTranslatorPB.java:175) ~[ozone-manager-1.4.0-SNAPSHOT.jar:?]
	at org.apache.hadoop.hdds.server.OzoneProtocolMessageDispatcher.processRequest(OzoneProtocolMessageDispatcher.java:87) [hdds-server-framework-1.4.0-SNAPSHOT.jar:?]
	at org.apache.hadoop.ozone.protocolPB.OzoneManagerProtocolServerSideTranslatorPB.submitRequest(OzoneManagerProtocolServerSideTranslatorPB.java:148) [ozone-manager-1.4.0-SNAPSHOT.jar:?]
	at org.apache.hadoop.ozone.protocol.proto.OzoneManagerProtocolProtos$OzoneManagerService$2.callBlockingMethod(OzoneManagerProtocolProtos.java) [ozone-interface-client-1.4.0-SNAPSHOT.jar:?]
	at org.apache.hadoop.ipc.ProtobufRpcEngine$Server.processCall(ProtobufRpcEngine.java:484) [hadoop-common-3.3.6.jar:?]
	at org.apache.hadoop.ipc.ProtobufRpcEngine2$Server$ProtoBufRpcInvoker.call(ProtobufRpcEngine2.java:595) [hadoop-common-3.3.6.jar:?]
	at org.apache.hadoop.ipc.ProtobufRpcEngine2$Server$ProtoBufRpcInvoker.call(ProtobufRpcEngine2.java:573) [hadoop-common-3.3.6.jar:?]
	at org.apache.hadoop.ipc.RPC$Server.call(RPC.java:1227) [hadoop-common-3.3.6.jar:?]
	at org.apache.hadoop.ipc.Server$RpcCall.run(Server.java:1094) [hadoop-common-3.3.6.jar:?]
	at org.apache.hadoop.ipc.Server$RpcCall.run(Server.java:1017) [hadoop-common-3.3.6.jar:?]
	at java.security.AccessController.doPrivileged(Native Method) ~[?:1.8.0_382]
	at javax.security.auth.Subject.doAs(Subject.java:422) [?:1.8.0_382]
	at org.apache.hadoop.security.UserGroupInformation.doAs(UserGroupInformation.java:1899) [hadoop-common-3.3.6.jar:?]
	at org.apache.hadoop.ipc.Server$Handler.run(Server.java:3048) [hadoop-common-3.3.6.jar:?]
08:54:16.922 [IPC Server handler 2 on default port 15057] ERROR OMAudit - user=runner | ip=127.0.0.1 | op=GET_FILE_STATUS {volume=volume93671, bucket=bucket89282, key=gdir1/dir1, dataSize=0, replicationConfig=null} | ret=FAILURE
org.apache.hadoop.ozone.om.exceptions.OMException: Unable to get file status: volume: volume93671 bucket: bucket89282 key: gdir1/dir1
	at org.apache.hadoop.ozone.om.KeyManagerImpl.getOzoneFileStatus(KeyManagerImpl.java:1195) ~[ozone-manager-1.4.0-SNAPSHOT.jar:?]
	at org.apache.hadoop.ozone.om.KeyManagerImpl.getFileStatus(KeyManagerImpl.java:1113) ~[ozone-manager-1.4.0-SNAPSHOT.jar:?]
	at org.apache.hadoop.ozone.om.OmMetadataReader.getFileStatus(OmMetadataReader.java:262) ~[ozone-manager-1.4.0-SNAPSHOT.jar:?]
	at org.apache.hadoop.ozone.om.OzoneManager.getFileStatus(OzoneManager.java:3530) ~[ozone-manager-1.4.0-SNAPSHOT.jar:?]
	at org.apache.hadoop.ozone.protocolPB.OzoneManagerRequestHandler.getOzoneFileStatus(OzoneManagerRequestHandler.java:971) ~[ozone-manager-1.4.0-SNAPSHOT.jar:?]
	at org.apache.hadoop.ozone.protocolPB.OzoneManagerRequestHandler.handleReadRequest(OzoneManagerRequestHandler.java:250) ~[ozone-manager-1.4.0-SNAPSHOT.jar:?]
	at org.apache.hadoop.ozone.protocolPB.OzoneManagerProtocolServerSideTranslatorPB.submitRequestDirectlyToOM(OzoneManagerProtocolServerSideTranslatorPB.java:274) ~[ozone-manager-1.4.0-SNAPSHOT.jar:?]
	at org.apache.hadoop.ozone.protocolPB.OzoneManagerProtocolServerSideTranslatorPB.processRequest(OzoneManagerProtocolServerSideTranslatorPB.java:175) ~[ozone-manager-1.4.0-SNAPSHOT.jar:?]
	at org.apache.hadoop.hdds.server.OzoneProtocolMessageDispatcher.processRequest(OzoneProtocolMessageDispatcher.java:87) [hdds-server-framework-1.4.0-SNAPSHOT.jar:?]
	at org.apache.hadoop.ozone.protocolPB.OzoneManagerProtocolServerSideTranslatorPB.submitRequest(OzoneManagerProtocolServerSideTranslatorPB.java:148) [ozone-manager-1.4.0-SNAPSHOT.jar:?]
	at org.apache.hadoop.ozone.protocol.proto.OzoneManagerProtocolProtos$OzoneManagerService$2.callBlockingMethod(OzoneManagerProtocolProtos.java) [ozone-interface-client-1.4.0-SNAPSHOT.jar:?]
	at org.apache.hadoop.ipc.ProtobufRpcEngine$Server.processCall(ProtobufRpcEngine.java:484) [hadoop-common-3.3.6.jar:?]
	at org.apache.hadoop.ipc.ProtobufRpcEngine2$Server$ProtoBufRpcInvoker.call(ProtobufRpcEngine2.java:595) [hadoop-common-3.3.6.jar:?]
	at org.apache.hadoop.ipc.ProtobufRpcEngine2$Server$ProtoBufRpcInvoker.call(ProtobufRpcEngine2.java:573) [hadoop-common-3.3.6.jar:?]
	at org.apache.hadoop.ipc.RPC$Server.call(RPC.java:1227) [hadoop-common-3.3.6.jar:?]
	at org.apache.hadoop.ipc.Server$RpcCall.run(Server.java:1094) [hadoop-common-3.3.6.jar:?]
	at org.apache.hadoop.ipc.Server$RpcCall.run(Server.java:1017) [hadoop-common-3.3.6.jar:?]
	at java.security.AccessController.doPrivileged(Native Method) ~[?:1.8.0_382]
	at javax.security.auth.Subject.doAs(Subject.java:422) [?:1.8.0_382]
	at org.apache.hadoop.security.UserGroupInformation.doAs(UserGroupInformation.java:1899) [hadoop-common-3.3.6.jar:?]
	at org.apache.hadoop.ipc.Server$Handler.run(Server.java:3048) [hadoop-common-3.3.6.jar:?]
08:54:16.923 [IPC Server handler 7 on default port 15057] ERROR OMAudit - user=runner | ip=127.0.0.1 | op=GET_FILE_STATUS {volume=volume93671, bucket=bucket89282, key=gdir1/dir1/child, dataSize=0, replicationConfig=null} | ret=FAILURE
org.apache.hadoop.ozone.om.exceptions.OMException: Unable to get file status: volume: volume93671 bucket: bucket89282 key: gdir1/dir1/child
	at org.apache.hadoop.ozone.om.KeyManagerImpl.getOzoneFileStatus(KeyManagerImpl.java:1195) ~[ozone-manager-1.4.0-SNAPSHOT.jar:?]
	at org.apache.hadoop.ozone.om.KeyManagerImpl.getFileStatus(KeyManagerImpl.java:1113) ~[ozone-manager-1.4.0-SNAPSHOT.jar:?]
	at org.apache.hadoop.ozone.om.OmMetadataReader.getFileStatus(OmMetadataReader.java:262) ~[ozone-manager-1.4.0-SNAPSHOT.jar:?]
	at org.apache.hadoop.ozone.om.OzoneManager.getFileStatus(OzoneManager.java:3530) ~[ozone-manager-1.4.0-SNAPSHOT.jar:?]
	at org.apache.hadoop.ozone.protocolPB.OzoneManagerRequestHandler.getOzoneFileStatus(OzoneManagerRequestHandler.java:971) ~[ozone-manager-1.4.0-SNAPSHOT.jar:?]
	at org.apache.hadoop.ozone.protocolPB.OzoneManagerRequestHandler.handleReadRequest(OzoneManagerRequestHandler.java:250) ~[ozone-manager-1.4.0-SNAPSHOT.jar:?]
	at org.apache.hadoop.ozone.protocolPB.OzoneManagerProtocolServerSideTranslatorPB.submitRequestDirectlyToOM(OzoneManagerProtocolServerSideTranslatorPB.java:274) ~[ozone-manager-1.4.0-SNAPSHOT.jar:?]
	at org.apache.hadoop.ozone.protocolPB.OzoneManagerProtocolServerSideTranslatorPB.processRequest(OzoneManagerProtocolServerSideTranslatorPB.java:175) ~[ozone-manager-1.4.0-SNAPSHOT.jar:?]
	at org.apache.hadoop.hdds.server.OzoneProtocolMessageDispatcher.processRequest(OzoneProtocolMessageDispatcher.java:87) [hdds-server-framework-1.4.0-SNAPSHOT.jar:?]
	at org.apache.hadoop.ozone.protocolPB.OzoneManagerProtocolServerSideTranslatorPB.submitRequest(OzoneManagerProtocolServerSideTranslatorPB.java:148) [ozone-manager-1.4.0-SNAPSHOT.jar:?]
	at org.apache.hadoop.ozone.protocol.proto.OzoneManagerProtocolProtos$OzoneManagerService$2.callBlockingMethod(OzoneManagerProtocolProtos.java) [ozone-interface-client-1.4.0-SNAPSHOT.jar:?]
	at org.apache.hadoop.ipc.ProtobufRpcEngine$Server.processCall(ProtobufRpcEngine.java:484) [hadoop-common-3.3.6.jar:?]
	at org.apache.hadoop.ipc.ProtobufRpcEngine2$Server$ProtoBufRpcInvoker.call(ProtobufRpcEngine2.java:595) [hadoop-common-3.3.6.jar:?]
	at org.apache.hadoop.ipc.ProtobufRpcEngine2$Server$ProtoBufRpcInvoker.call(ProtobufRpcEngine2.java:573) [hadoop-common-3.3.6.jar:?]
	at org.apache.hadoop.ipc.RPC$Server.call(RPC.java:1227) [hadoop-common-3.3.6.jar:?]
	at org.apache.hadoop.ipc.Server$RpcCall.run(Server.java:1094) [hadoop-common-3.3.6.jar:?]
	at org.apache.hadoop.ipc.Server$RpcCall.run(Server.java:1017) [hadoop-common-3.3.6.jar:?]
	at java.security.AccessController.doPrivileged(Native Method) ~[?:1.8.0_382]
	at javax.security.auth.Subject.doAs(Subject.java:422) [?:1.8.0_382]
	at org.apache.hadoop.security.UserGroupInformation.doAs(UserGroupInformation.java:1899) [hadoop-common-3.3.6.jar:?]
	at org.apache.hadoop.ipc.Server$Handler.run(Server.java:3048) [hadoop-common-3.3.6.jar:?]
08:54:16.926 [IPC Server handler 1 on default port 15057] ERROR OMAudit - user=runner | ip=127.0.0.1 | op=GET_FILE_STATUS {volume=volume93671, bucket=bucket89282, key=gdir1/dir2, dataSize=0, replicationConfig=null} | ret=FAILURE
org.apache.hadoop.ozone.om.exceptions.OMException: Unable to get file status: volume: volume93671 bucket: bucket89282 key: gdir1/dir2
	at org.apache.hadoop.ozone.om.KeyManagerImpl.getOzoneFileStatus(KeyManagerImpl.java:1195) ~[ozone-manager-1.4.0-SNAPSHOT.jar:?]
	at org.apache.hadoop.ozone.om.KeyManagerImpl.getFileStatus(KeyManagerImpl.java:1113) ~[ozone-manager-1.4.0-SNAPSHOT.jar:?]
	at org.apache.hadoop.ozone.om.OmMetadataReader.getFileStatus(OmMetadataReader.java:262) ~[ozone-manager-1.4.0-SNAPSHOT.jar:?]
	at org.apache.hadoop.ozone.om.OzoneManager.getFileStatus(OzoneManager.java:3530) ~[ozone-manager-1.4.0-SNAPSHOT.jar:?]
	at org.apache.hadoop.ozone.protocolPB.OzoneManagerRequestHandler.getOzoneFileStatus(OzoneManagerRequestHandler.java:971) ~[ozone-manager-1.4.0-SNAPSHOT.jar:?]
	at org.apache.hadoop.ozone.protocolPB.OzoneManagerRequestHandler.handleReadRequest(OzoneManagerRequestHandler.java:250) ~[ozone-manager-1.4.0-SNAPSHOT.jar:?]
	at org.apache.hadoop.ozone.protocolPB.OzoneManagerProtocolServerSideTranslatorPB.submitRequestDirectlyToOM(OzoneManagerProtocolServerSideTranslatorPB.java:274) ~[ozone-manager-1.4.0-SNAPSHOT.jar:?]
	at org.apache.hadoop.ozone.protocolPB.OzoneManagerProtocolServerSideTranslatorPB.processRequest(OzoneManagerProtocolServerSideTranslatorPB.java:175) ~[ozone-manager-1.4.0-SNAPSHOT.jar:?]
	at org.apache.hadoop.hdds.server.OzoneProtocolMessageDispatcher.processRequest(OzoneProtocolMessageDispatcher.java:87) [hdds-server-framework-1.4.0-SNAPSHOT.jar:?]
	at org.apache.hadoop.ozone.protocolPB.OzoneManagerProtocolServerSideTranslatorPB.submitRequest(OzoneManagerProtocolServerSideTranslatorPB.java:148) [ozone-manager-1.4.0-SNAPSHOT.jar:?]
	at org.apache.hadoop.ozone.protocol.proto.OzoneManagerProtocolProtos$OzoneManagerService$2.callBlockingMethod(OzoneManagerProtocolProtos.java) [ozone-interface-client-1.4.0-SNAPSHOT.jar:?]
	at org.apache.hadoop.ipc.ProtobufRpcEngine$Server.processCall(ProtobufRpcEngine.java:484) [hadoop-common-3.3.6.jar:?]
	at org.apache.hadoop.ipc.ProtobufRpcEngine2$Server$ProtoBufRpcInvoker.call(ProtobufRpcEngine2.java:595) [hadoop-common-3.3.6.jar:?]
	at org.apache.hadoop.ipc.ProtobufRpcEngine2$Server$ProtoBufRpcInvoker.call(ProtobufRpcEngine2.java:573) [hadoop-common-3.3.6.jar:?]
	at org.apache.hadoop.ipc.RPC$Server.call(RPC.java:1227) [hadoop-common-3.3.6.jar:?]
	at org.apache.hadoop.ipc.Server$RpcCall.run(Server.java:1094) [hadoop-common-3.3.6.jar:?]
	at org.apache.hadoop.ipc.Server$RpcCall.run(Server.java:1017) [hadoop-common-3.3.6.jar:?]
	at java.security.AccessController.doPrivileged(Native Method) ~[?:1.8.0_382]
	at javax.security.auth.Subject.doAs(Subject.java:422) [?:1.8.0_382]
	at org.apache.hadoop.security.UserGroupInformation.doAs(UserGroupInformation.java:1899) [hadoop-common-3.3.6.jar:?]
	at org.apache.hadoop.ipc.Server$Handler.run(Server.java:3048) [hadoop-common-3.3.6.jar:?]
08:54:16.927 [IPC Server handler 3 on default port 15057] ERROR OMAudit - user=runner | ip=127.0.0.1 | op=GET_FILE_STATUS {volume=volume93671, bucket=bucket89282, key=gdir1/dir2/child, dataSize=0, replicationConfig=null} | ret=FAILURE
org.apache.hadoop.ozone.om.exceptions.OMException: Unable to get file status: volume: volume93671 bucket: bucket89282 key: gdir1/dir2/child
	at org.apache.hadoop.ozone.om.KeyManagerImpl.getOzoneFileStatus(KeyManagerImpl.java:1195) ~[ozone-manager-1.4.0-SNAPSHOT.jar:?]
	at org.apache.hadoop.ozone.om.KeyManagerImpl.getFileStatus(KeyManagerImpl.java:1113) ~[ozone-manager-1.4.0-SNAPSHOT.jar:?]
	at org.apache.hadoop.ozone.om.OmMetadataReader.getFileStatus(OmMetadataReader.java:262) ~[ozone-manager-1.4.0-SNAPSHOT.jar:?]
	at org.apache.hadoop.ozone.om.OzoneManager.getFileStatus(OzoneManager.java:3530) ~[ozone-manager-1.4.0-SNAPSHOT.jar:?]
	at org.apache.hadoop.ozone.protocolPB.OzoneManagerRequestHandler.getOzoneFileStatus(OzoneManagerRequestHandler.java:971) ~[ozone-manager-1.4.0-SNAPSHOT.jar:?]
	at org.apache.hadoop.ozone.protocolPB.OzoneManagerRequestHandler.handleReadRequest(OzoneManagerRequestHandler.java:250) ~[ozone-manager-1.4.0-SNAPSHOT.jar:?]
	at org.apache.hadoop.ozone.protocolPB.OzoneManagerProtocolServerSideTranslatorPB.submitRequestDirectlyToOM(OzoneManagerProtocolServerSideTranslatorPB.java:274) ~[ozone-manager-1.4.0-SNAPSHOT.jar:?]
	at org.apache.hadoop.ozone.protocolPB.OzoneManagerProtocolServerSideTranslatorPB.processRequest(OzoneManagerProtocolServerSideTranslatorPB.java:175) ~[ozone-manager-1.4.0-SNAPSHOT.jar:?]
	at org.apache.hadoop.hdds.server.OzoneProtocolMessageDispatcher.processRequest(OzoneProtocolMessageDispatcher.java:87) [hdds-server-framework-1.4.0-SNAPSHOT.jar:?]
	at org.apache.hadoop.ozone.protocolPB.OzoneManagerProtocolServerSideTranslatorPB.submitRequest(OzoneManagerProtocolServerSideTranslatorPB.java:148) [ozone-manager-1.4.0-SNAPSHOT.jar:?]
	at org.apache.hadoop.ozone.protocol.proto.OzoneManagerProtocolProtos$OzoneManagerService$2.callBlockingMethod(OzoneManagerProtocolProtos.java) [ozone-interface-client-1.4.0-SNAPSHOT.jar:?]
	at org.apache.hadoop.ipc.ProtobufRpcEngine$Server.processCall(ProtobufRpcEngine.java:484) [hadoop-common-3.3.6.jar:?]
	at org.apache.hadoop.ipc.ProtobufRpcEngine2$Server$ProtoBufRpcInvoker.call(ProtobufRpcEngine2.java:595) [hadoop-common-3.3.6.jar:?]
	at org.apache.hadoop.ipc.ProtobufRpcEngine2$Server$ProtoBufRpcInvoker.call(ProtobufRpcEngine2.java:573) [hadoop-common-3.3.6.jar:?]
	at org.apache.hadoop.ipc.RPC$Server.call(RPC.java:1227) [hadoop-common-3.3.6.jar:?]
	at org.apache.hadoop.ipc.Server$RpcCall.run(Server.java:1094) [hadoop-common-3.3.6.jar:?]
	at org.apache.hadoop.ipc.Server$RpcCall.run(Server.java:1017) [hadoop-common-3.3.6.jar:?]
	at java.security.AccessController.doPrivileged(Native Method) ~[?:1.8.0_382]
	at javax.security.auth.Subject.doAs(Subject.java:422) [?:1.8.0_382]
	at org.apache.hadoop.security.UserGroupInformation.doAs(UserGroupInformation.java:1899) [hadoop-common-3.3.6.jar:?]
	at org.apache.hadoop.ipc.Server$Handler.run(Server.java:3048) [hadoop-common-3.3.6.jar:?]
08:54:16.929 [IPC Server handler 4 on default port 15057] ERROR OMAudit - user=runner | ip=127.0.0.1 | op=GET_FILE_STATUS {volume=volume93671, bucket=bucket89282, key=gdir1/dir3, dataSize=0, replicationConfig=null} | ret=FAILURE
org.apache.hadoop.ozone.om.exceptions.OMException: Unable to get file status: volume: volume93671 bucket: bucket89282 key: gdir1/dir3
	at org.apache.hadoop.ozone.om.KeyManagerImpl.getOzoneFileStatus(KeyManagerImpl.java:1195) ~[ozone-manager-1.4.0-SNAPSHOT.jar:?]
	at org.apache.hadoop.ozone.om.KeyManagerImpl.getFileStatus(KeyManagerImpl.java:1113) ~[ozone-manager-1.4.0-SNAPSHOT.jar:?]
	at org.apache.hadoop.ozone.om.OmMetadataReader.getFileStatus(OmMetadataReader.java:262) ~[ozone-manager-1.4.0-SNAPSHOT.jar:?]
	at org.apache.hadoop.ozone.om.OzoneManager.getFileStatus(OzoneManager.java:3530) ~[ozone-manager-1.4.0-SNAPSHOT.jar:?]
	at org.apache.hadoop.ozone.protocolPB.OzoneManagerRequestHandler.getOzoneFileStatus(OzoneManagerRequestHandler.java:971) ~[ozone-manager-1.4.0-SNAPSHOT.jar:?]
	at org.apache.hadoop.ozone.protocolPB.OzoneManagerRequestHandler.handleReadRequest(OzoneManagerRequestHandler.java:250) ~[ozone-manager-1.4.0-SNAPSHOT.jar:?]
	at org.apache.hadoop.ozone.protocolPB.OzoneManagerProtocolServerSideTranslatorPB.submitRequestDirectlyToOM(OzoneManagerProtocolServerSideTranslatorPB.java:274) ~[ozone-manager-1.4.0-SNAPSHOT.jar:?]
	at org.apache.hadoop.ozone.protocolPB.OzoneManagerProtocolServerSideTranslatorPB.processRequest(OzoneManagerProtocolServerSideTranslatorPB.java:175) ~[ozone-manager-1.4.0-SNAPSHOT.jar:?]
	at org.apache.hadoop.hdds.server.OzoneProtocolMessageDispatcher.processRequest(OzoneProtocolMessageDispatcher.java:87) [hdds-server-framework-1.4.0-SNAPSHOT.jar:?]
	at org.apache.hadoop.ozone.protocolPB.OzoneManagerProtocolServerSideTranslatorPB.submitRequest(OzoneManagerProtocolServerSideTranslatorPB.java:148) [ozone-manager-1.4.0-SNAPSHOT.jar:?]
	at org.apache.hadoop.ozone.protocol.proto.OzoneManagerProtocolProtos$OzoneManagerService$2.callBlockingMethod(OzoneManagerProtocolProtos.java) [ozone-interface-client-1.4.0-SNAPSHOT.jar:?]
	at org.apache.hadoop.ipc.ProtobufRpcEngine$Server.processCall(ProtobufRpcEngine.java:484) [hadoop-common-3.3.6.jar:?]
	at org.apache.hadoop.ipc.ProtobufRpcEngine2$Server$ProtoBufRpcInvoker.call(ProtobufRpcEngine2.java:595) [hadoop-common-3.3.6.jar:?]
	at org.apache.hadoop.ipc.ProtobufRpcEngine2$Server$ProtoBufRpcInvoker.call(ProtobufRpcEngine2.java:573) [hadoop-common-3.3.6.jar:?]
	at org.apache.hadoop.ipc.RPC$Server.call(RPC.java:1227) [hadoop-common-3.3.6.jar:?]
	at org.apache.hadoop.ipc.Server$RpcCall.run(Server.java:1094) [hadoop-common-3.3.6.jar:?]
	at org.apache.hadoop.ipc.Server$RpcCall.run(Server.java:1017) [hadoop-common-3.3.6.jar:?]
	at java.security.AccessController.doPrivileged(Native Method) ~[?:1.8.0_382]
	at javax.security.auth.Subject.doAs(Subject.java:422) [?:1.8.0_382]
	at org.apache.hadoop.security.UserGroupInformation.doAs(UserGroupInformation.java:1899) [hadoop-common-3.3.6.jar:?]
	at org.apache.hadoop.ipc.Server$Handler.run(Server.java:3048) [hadoop-common-3.3.6.jar:?]
08:54:16.930 [IPC Server handler 6 on default port 15057] ERROR OMAudit - user=runner | ip=127.0.0.1 | op=GET_FILE_STATUS {volume=volume93671, bucket=bucket89282, key=gdir1/dir3/child, dataSize=0, replicationConfig=null} | ret=FAILURE
org.apache.hadoop.ozone.om.exceptions.OMException: Unable to get file status: volume: volume93671 bucket: bucket89282 key: gdir1/dir3/child
	at org.apache.hadoop.ozone.om.KeyManagerImpl.getOzoneFileStatus(KeyManagerImpl.java:1195) ~[ozone-manager-1.4.0-SNAPSHOT.jar:?]
	at org.apache.hadoop.ozone.om.KeyManagerImpl.getFileStatus(KeyManagerImpl.java:1113) ~[ozone-manager-1.4.0-SNAPSHOT.jar:?]
	at org.apache.hadoop.ozone.om.OmMetadataReader.getFileStatus(OmMetadataReader.java:262) ~[ozone-manager-1.4.0-SNAPSHOT.jar:?]
	at org.apache.hadoop.ozone.om.OzoneManager.getFileStatus(OzoneManager.java:3530) ~[ozone-manager-1.4.0-SNAPSHOT.jar:?]
	at org.apache.hadoop.ozone.protocolPB.OzoneManagerRequestHandler.getOzoneFileStatus(OzoneManagerRequestHandler.java:971) ~[ozone-manager-1.4.0-SNAPSHOT.jar:?]
	at org.apache.hadoop.ozone.protocolPB.OzoneManagerRequestHandler.handleReadRequest(OzoneManagerRequestHandler.java:250) ~[ozone-manager-1.4.0-SNAPSHOT.jar:?]
	at org.apache.hadoop.ozone.protocolPB.OzoneManagerProtocolServerSideTranslatorPB.submitRequestDirectlyToOM(OzoneManagerProtocolServerSideTranslatorPB.java:274) ~[ozone-manager-1.4.0-SNAPSHOT.jar:?]
	at org.apache.hadoop.ozone.protocolPB.OzoneManagerProtocolServerSideTranslatorPB.processRequest(OzoneManagerProtocolServerSideTranslatorPB.java:175) ~[ozone-manager-1.4.0-SNAPSHOT.jar:?]
	at org.apache.hadoop.hdds.server.OzoneProtocolMessageDispatcher.processRequest(OzoneProtocolMessageDispatcher.java:87) [hdds-server-framework-1.4.0-SNAPSHOT.jar:?]
	at org.apache.hadoop.ozone.protocolPB.OzoneManagerProtocolServerSideTranslatorPB.submitRequest(OzoneManagerProtocolServerSideTranslatorPB.java:148) [ozone-manager-1.4.0-SNAPSHOT.jar:?]
	at org.apache.hadoop.ozone.protocol.proto.OzoneManagerProtocolProtos$OzoneManagerService$2.callBlockingMethod(OzoneManagerProtocolProtos.java) [ozone-interface-client-1.4.0-SNAPSHOT.jar:?]
	at org.apache.hadoop.ipc.ProtobufRpcEngine$Server.processCall(ProtobufRpcEngine.java:484) [hadoop-common-3.3.6.jar:?]
	at org.apache.hadoop.ipc.ProtobufRpcEngine2$Server$ProtoBufRpcInvoker.call(ProtobufRpcEngine2.java:595) [hadoop-common-3.3.6.jar:?]
	at org.apache.hadoop.ipc.ProtobufRpcEngine2$Server$ProtoBufRpcInvoker.call(ProtobufRpcEngine2.java:573) [hadoop-common-3.3.6.jar:?]
	at org.apache.hadoop.ipc.RPC$Server.call(RPC.java:1227) [hadoop-common-3.3.6.jar:?]
	at org.apache.hadoop.ipc.Server$RpcCall.run(Server.java:1094) [hadoop-common-3.3.6.jar:?]
	at org.apache.hadoop.ipc.Server$RpcCall.run(Server.java:1017) [hadoop-common-3.3.6.jar:?]
	at java.security.AccessController.doPrivileged(Native Method) ~[?:1.8.0_382]
	at javax.security.auth.Subject.doAs(Subject.java:422) [?:1.8.0_382]
	at org.apache.hadoop.security.UserGroupInformation.doAs(UserGroupInformation.java:1899) [hadoop-common-3.3.6.jar:?]
	at org.apache.hadoop.ipc.Server$Handler.run(Server.java:3048) [hadoop-common-3.3.6.jar:?]
08:54:16.931 [IPC Server handler 5 on default port 15057] ERROR OMAudit - user=runner | ip=127.0.0.1 | op=GET_FILE_STATUS {volume=volume93671, bucket=bucket89282, key=gdir1/dir4, dataSize=0, replicationConfig=null} | ret=FAILURE
org.apache.hadoop.ozone.om.exceptions.OMException: Unable to get file status: volume: volume93671 bucket: bucket89282 key: gdir1/dir4
	at org.apache.hadoop.ozone.om.KeyManagerImpl.getOzoneFileStatus(KeyManagerImpl.java:1195) ~[ozone-manager-1.4.0-SNAPSHOT.jar:?]
	at org.apache.hadoop.ozone.om.KeyManagerImpl.getFileStatus(KeyManagerImpl.java:1113) ~[ozone-manager-1.4.0-SNAPSHOT.jar:?]
	at org.apache.hadoop.ozone.om.OmMetadataReader.getFileStatus(OmMetadataReader.java:262) ~[ozone-manager-1.4.0-SNAPSHOT.jar:?]
	at org.apache.hadoop.ozone.om.OzoneManager.getFileStatus(OzoneManager.java:3530) ~[ozone-manager-1.4.0-SNAPSHOT.jar:?]
	at org.apache.hadoop.ozone.protocolPB.OzoneManagerRequestHandler.getOzoneFileStatus(OzoneManagerRequestHandler.java:971) ~[ozone-manager-1.4.0-SNAPSHOT.jar:?]
	at org.apache.hadoop.ozone.protocolPB.OzoneManagerRequestHandler.handleReadRequest(OzoneManagerRequestHandler.java:250) ~[ozone-manager-1.4.0-SNAPSHOT.jar:?]
	at org.apache.hadoop.ozone.protocolPB.OzoneManagerProtocolServerSideTranslatorPB.submitRequestDirectlyToOM(OzoneManagerProtocolServerSideTranslatorPB.java:274) ~[ozone-manager-1.4.0-SNAPSHOT.jar:?]
	at org.apache.hadoop.ozone.protocolPB.OzoneManagerProtocolServerSideTranslatorPB.processRequest(OzoneManagerProtocolServerSideTranslatorPB.java:175) ~[ozone-manager-1.4.0-SNAPSHOT.jar:?]
	at org.apache.hadoop.hdds.server.OzoneProtocolMessageDispatcher.processRequest(OzoneProtocolMessageDispatcher.java:87) [hdds-server-framework-1.4.0-SNAPSHOT.jar:?]
	at org.apache.hadoop.ozone.protocolPB.OzoneManagerProtocolServerSideTranslatorPB.submitRequest(OzoneManagerProtocolServerSideTranslatorPB.java:148) [ozone-manager-1.4.0-SNAPSHOT.jar:?]
	at org.apache.hadoop.ozone.protocol.proto.OzoneManagerProtocolProtos$OzoneManagerService$2.callBlockingMethod(OzoneManagerProtocolProtos.java) [ozone-interface-client-1.4.0-SNAPSHOT.jar:?]
	at org.apache.hadoop.ipc.ProtobufRpcEngine$Server.processCall(ProtobufRpcEngine.java:484) [hadoop-common-3.3.6.jar:?]
	at org.apache.hadoop.ipc.ProtobufRpcEngine2$Server$ProtoBufRpcInvoker.call(ProtobufRpcEngine2.java:595) [hadoop-common-3.3.6.jar:?]
	at org.apache.hadoop.ipc.ProtobufRpcEngine2$Server$ProtoBufRpcInvoker.call(ProtobufRpcEngine2.java:573) [hadoop-common-3.3.6.jar:?]
	at org.apache.hadoop.ipc.RPC$Server.call(RPC.java:1227) [hadoop-common-3.3.6.jar:?]
	at org.apache.hadoop.ipc.Server$RpcCall.run(Server.java:1094) [hadoop-common-3.3.6.jar:?]
	at org.apache.hadoop.ipc.Server$RpcCall.run(Server.java:1017) [hadoop-common-3.3.6.jar:?]
	at java.security.AccessController.doPrivileged(Native Method) ~[?:1.8.0_382]
	at javax.security.auth.Subject.doAs(Subject.java:422) [?:1.8.0_382]
	at org.apache.hadoop.security.UserGroupInformation.doAs(UserGroupInformation.java:1899) [hadoop-common-3.3.6.jar:?]
	at org.apache.hadoop.ipc.Server$Handler.run(Server.java:3048) [hadoop-common-3.3.6.jar:?]
08:54:16.932 [IPC Server handler 10 on default port 15057] ERROR OMAudit - user=runner | ip=127.0.0.1 | op=GET_FILE_STATUS {volume=volume93671, bucket=bucket89282, key=gdir1/dir4/child, dataSize=0, replicationConfig=null} | ret=FAILURE
org.apache.hadoop.ozone.om.exceptions.OMException: Unable to get file status: volume: volume93671 bucket: bucket89282 key: gdir1/dir4/child
	at org.apache.hadoop.ozone.om.KeyManagerImpl.getOzoneFileStatus(KeyManagerImpl.java:1195) ~[ozone-manager-1.4.0-SNAPSHOT.jar:?]
	at org.apache.hadoop.ozone.om.KeyManagerImpl.getFileStatus(KeyManagerImpl.java:1113) ~[ozone-manager-1.4.0-SNAPSHOT.jar:?]
	at org.apache.hadoop.ozone.om.OmMetadataReader.getFileStatus(OmMetadataReader.java:262) ~[ozone-manager-1.4.0-SNAPSHOT.jar:?]
	at org.apache.hadoop.ozone.om.OzoneManager.getFileStatus(OzoneManager.java:3530) ~[ozone-manager-1.4.0-SNAPSHOT.jar:?]
	at org.apache.hadoop.ozone.protocolPB.OzoneManagerRequestHandler.getOzoneFileStatus(OzoneManagerRequestHandler.java:971) ~[ozone-manager-1.4.0-SNAPSHOT.jar:?]
	at org.apache.hadoop.ozone.protocolPB.OzoneManagerRequestHandler.handleReadRequest(OzoneManagerRequestHandler.java:250) ~[ozone-manager-1.4.0-SNAPSHOT.jar:?]
	at org.apache.hadoop.ozone.protocolPB.OzoneManagerProtocolServerSideTranslatorPB.submitRequestDirectlyToOM(OzoneManagerProtocolServerSideTranslatorPB.java:274) ~[ozone-manager-1.4.0-SNAPSHOT.jar:?]
	at org.apache.hadoop.ozone.protocolPB.OzoneManagerProtocolServerSideTranslatorPB.processRequest(OzoneManagerProtocolServerSideTranslatorPB.java:175) ~[ozone-manager-1.4.0-SNAPSHOT.jar:?]
	at org.apache.hadoop.hdds.server.OzoneProtocolMessageDispatcher.processRequest(OzoneProtocolMessageDispatcher.java:87) [hdds-server-framework-1.4.0-SNAPSHOT.jar:?]
	at org.apache.hadoop.ozone.protocolPB.OzoneManagerProtocolServerSideTranslatorPB.submitRequest(OzoneManagerProtocolServerSideTranslatorPB.java:148) [ozone-manager-1.4.0-SNAPSHOT.jar:?]
	at org.apache.hadoop.ozone.protocol.proto.OzoneManagerProtocolProtos$OzoneManagerService$2.callBlockingMethod(OzoneManagerProtocolProtos.java) [ozone-interface-client-1.4.0-SNAPSHOT.jar:?]
	at org.apache.hadoop.ipc.ProtobufRpcEngine$Server.processCall(ProtobufRpcEngine.java:484) [hadoop-common-3.3.6.jar:?]
	at org.apache.hadoop.ipc.ProtobufRpcEngine2$Server$ProtoBufRpcInvoker.call(ProtobufRpcEngine2.java:595) [hadoop-common-3.3.6.jar:?]
	at org.apache.hadoop.ipc.ProtobufRpcEngine2$Server$ProtoBufRpcInvoker.call(ProtobufRpcEngine2.java:573) [hadoop-common-3.3.6.jar:?]
	at org.apache.hadoop.ipc.RPC$Server.call(RPC.java:1227) [hadoop-common-3.3.6.jar:?]
	at org.apache.hadoop.ipc.Server$RpcCall.run(Server.java:1094) [hadoop-common-3.3.6.jar:?]
	at org.apache.hadoop.ipc.Server$RpcCall.run(Server.java:1017) [hadoop-common-3.3.6.jar:?]
	at java.security.AccessController.doPrivileged(Native Method) ~[?:1.8.0_382]
	at javax.security.auth.Subject.doAs(Subject.java:422) [?:1.8.0_382]
	at org.apache.hadoop.security.UserGroupInformation.doAs(UserGroupInformation.java:1899) [hadoop-common-3.3.6.jar:?]
	at org.apache.hadoop.ipc.Server$Handler.run(Server.java:3048) [hadoop-common-3.3.6.jar:?]
08:54:16.934 [IPC Server handler 12 on default port 15057] ERROR OMAudit - user=runner | ip=127.0.0.1 | op=GET_FILE_STATUS {volume=volume93671, bucket=bucket89282, key=gdir1/dir5, dataSize=0, replicationConfig=null} | ret=FAILURE
org.apache.hadoop.ozone.om.exceptions.OMException: Unable to get file status: volume: volume93671 bucket: bucket89282 key: gdir1/dir5
	at org.apache.hadoop.ozone.om.KeyManagerImpl.getOzoneFileStatus(KeyManagerImpl.java:1195) ~[ozone-manager-1.4.0-SNAPSHOT.jar:?]
	at org.apache.hadoop.ozone.om.KeyManagerImpl.getFileStatus(KeyManagerImpl.java:1113) ~[ozone-manager-1.4.0-SNAPSHOT.jar:?]
	at org.apache.hadoop.ozone.om.OmMetadataReader.getFileStatus(OmMetadataReader.java:262) ~[ozone-manager-1.4.0-SNAPSHOT.jar:?]
	at org.apache.hadoop.ozone.om.OzoneManager.getFileStatus(OzoneManager.java:3530) ~[ozone-manager-1.4.0-SNAPSHOT.jar:?]
	at org.apache.hadoop.ozone.protocolPB.OzoneManagerRequestHandler.getOzoneFileStatus(OzoneManagerRequestHandler.java:971) ~[ozone-manager-1.4.0-SNAPSHOT.jar:?]
	at org.apache.hadoop.ozone.protocolPB.OzoneManagerRequestHandler.handleReadRequest(OzoneManagerRequestHandler.java:250) ~[ozone-manager-1.4.0-SNAPSHOT.jar:?]
	at org.apache.hadoop.ozone.protocolPB.OzoneManagerProtocolServerSideTranslatorPB.submitRequestDirectlyToOM(OzoneManagerProtocolServerSideTranslatorPB.java:274) ~[ozone-manager-1.4.0-SNAPSHOT.jar:?]
	at org.apache.hadoop.ozone.protocolPB.OzoneManagerProtocolServerSideTranslatorPB.processRequest(OzoneManagerProtocolServerSideTranslatorPB.java:175) ~[ozone-manager-1.4.0-SNAPSHOT.jar:?]
	at org.apache.hadoop.hdds.server.OzoneProtocolMessageDispatcher.processRequest(OzoneProtocolMessageDispatcher.java:87) [hdds-server-framework-1.4.0-SNAPSHOT.jar:?]
	at org.apache.hadoop.ozone.protocolPB.OzoneManagerProtocolServerSideTranslatorPB.submitRequest(OzoneManagerProtocolServerSideTranslatorPB.java:148) [ozone-manager-1.4.0-SNAPSHOT.jar:?]
	at org.apache.hadoop.ozone.protocol.proto.OzoneManagerProtocolProtos$OzoneManagerService$2.callBlockingMethod(OzoneManagerProtocolProtos.java) [ozone-interface-client-1.4.0-SNAPSHOT.jar:?]
	at org.apache.hadoop.ipc.ProtobufRpcEngine$Server.processCall(ProtobufRpcEngine.java:484) [hadoop-common-3.3.6.jar:?]
	at org.apache.hadoop.ipc.ProtobufRpcEngine2$Server$ProtoBufRpcInvoker.call(ProtobufRpcEngine2.java:595) [hadoop-common-3.3.6.jar:?]
	at org.apache.hadoop.ipc.ProtobufRpcEngine2$Server$ProtoBufRpcInvoker.call(ProtobufRpcEngine2.java:573) [hadoop-common-3.3.6.jar:?]
	at org.apache.hadoop.ipc.RPC$Server.call(RPC.java:1227) [hadoop-common-3.3.6.jar:?]
	at org.apache.hadoop.ipc.Server$RpcCall.run(Server.java:1094) [hadoop-common-3.3.6.jar:?]
	at org.apache.hadoop.ipc.Server$RpcCall.run(Server.java:1017) [hadoop-common-3.3.6.jar:?]
	at java.security.AccessController.doPrivileged(Native Method) ~[?:1.8.0_382]
	at javax.security.auth.Subject.doAs(Subject.java:422) [?:1.8.0_382]
	at org.apache.hadoop.security.UserGroupInformation.doAs(UserGroupInformation.java:1899) [hadoop-common-3.3.6.jar:?]
	at org.apache.hadoop.ipc.Server$Handler.run(Server.java:3048) [hadoop-common-3.3.6.jar:?]
08:54:16.935 [IPC Server handler 13 on default port 15057] ERROR OMAudit - user=runner | ip=127.0.0.1 | op=GET_FILE_STATUS {volume=volume93671, bucket=bucket89282, key=gdir1/dir5/child, dataSize=0, replicationConfig=null} | ret=FAILURE
org.apache.hadoop.ozone.om.exceptions.OMException: Unable to get file status: volume: volume93671 bucket: bucket89282 key: gdir1/dir5/child
	at org.apache.hadoop.ozone.om.KeyManagerImpl.getOzoneFileStatus(KeyManagerImpl.java:1195) ~[ozone-manager-1.4.0-SNAPSHOT.jar:?]
	at org.apache.hadoop.ozone.om.KeyManagerImpl.getFileStatus(KeyManagerImpl.java:1113) ~[ozone-manager-1.4.0-SNAPSHOT.jar:?]
	at org.apache.hadoop.ozone.om.OmMetadataReader.getFileStatus(OmMetadataReader.java:262) ~[ozone-manager-1.4.0-SNAPSHOT.jar:?]
	at org.apache.hadoop.ozone.om.OzoneManager.getFileStatus(OzoneManager.java:3530) ~[ozone-manager-1.4.0-SNAPSHOT.jar:?]
	at org.apache.hadoop.ozone.protocolPB.OzoneManagerRequestHandler.getOzoneFileStatus(OzoneManagerRequestHandler.java:971) ~[ozone-manager-1.4.0-SNAPSHOT.jar:?]
	at org.apache.hadoop.ozone.protocolPB.OzoneManagerRequestHandler.handleReadRequest(OzoneManagerRequestHandler.java:250) ~[ozone-manager-1.4.0-SNAPSHOT.jar:?]
	at org.apache.hadoop.ozone.protocolPB.OzoneManagerProtocolServerSideTranslatorPB.submitRequestDirectlyToOM(OzoneManagerProtocolServerSideTranslatorPB.java:274) ~[ozone-manager-1.4.0-SNAPSHOT.jar:?]
	at org.apache.hadoop.ozone.protocolPB.OzoneManagerProtocolServerSideTranslatorPB.processRequest(OzoneManagerProtocolServerSideTranslatorPB.java:175) ~[ozone-manager-1.4.0-SNAPSHOT.jar:?]
	at org.apache.hadoop.hdds.server.OzoneProtocolMessageDispatcher.processRequest(OzoneProtocolMessageDispatcher.java:87) [hdds-server-framework-1.4.0-SNAPSHOT.jar:?]
	at org.apache.hadoop.ozone.protocolPB.OzoneManagerProtocolServerSideTranslatorPB.submitRequest(OzoneManagerProtocolServerSideTranslatorPB.java:148) [ozone-manager-1.4.0-SNAPSHOT.jar:?]
	at org.apache.hadoop.ozone.protocol.proto.OzoneManagerProtocolProtos$OzoneManagerService$2.callBlockingMethod(OzoneManagerProtocolProtos.java) [ozone-interface-client-1.4.0-SNAPSHOT.jar:?]
	at org.apache.hadoop.ipc.ProtobufRpcEngine$Server.processCall(ProtobufRpcEngine.java:484) [hadoop-common-3.3.6.jar:?]
	at org.apache.hadoop.ipc.ProtobufRpcEngine2$Server$ProtoBufRpcInvoker.call(ProtobufRpcEngine2.java:595) [hadoop-common-3.3.6.jar:?]
	at org.apache.hadoop.ipc.ProtobufRpcEngine2$Server$ProtoBufRpcInvoker.call(ProtobufRpcEngine2.java:573) [hadoop-common-3.3.6.jar:?]
	at org.apache.hadoop.ipc.RPC$Server.call(RPC.java:1227) [hadoop-common-3.3.6.jar:?]
	at org.apache.hadoop.ipc.Server$RpcCall.run(Server.java:1094) [hadoop-common-3.3.6.jar:?]
	at org.apache.hadoop.ipc.Server$RpcCall.run(Server.java:1017) [hadoop-common-3.3.6.jar:?]
	at java.security.AccessController.doPrivileged(Native Method) ~[?:1.8.0_382]
	at javax.security.auth.Subject.doAs(Subject.java:422) [?:1.8.0_382]
	at org.apache.hadoop.security.UserGroupInformation.doAs(UserGroupInformation.java:1899) [hadoop-common-3.3.6.jar:?]
	at org.apache.hadoop.ipc.Server$Handler.run(Server.java:3048) [hadoop-common-3.3.6.jar:?]
08:54:16.937 [IPC Server handler 14 on default port 15057] ERROR OMAudit - user=runner | ip=127.0.0.1 | op=GET_FILE_STATUS {volume=volume93671, bucket=bucket89282, key=gdir1/dir6, dataSize=0, replicationConfig=null} | ret=FAILURE
org.apache.hadoop.ozone.om.exceptions.OMException: Unable to get file status: volume: volume93671 bucket: bucket89282 key: gdir1/dir6
	at org.apache.hadoop.ozone.om.KeyManagerImpl.getOzoneFileStatus(KeyManagerImpl.java:1195) ~[ozone-manager-1.4.0-SNAPSHOT.jar:?]
	at org.apache.hadoop.ozone.om.KeyManagerImpl.getFileStatus(KeyManagerImpl.java:1113) ~[ozone-manager-1.4.0-SNAPSHOT.jar:?]
	at org.apache.hadoop.ozone.om.OmMetadataReader.getFileStatus(OmMetadataReader.java:262) ~[ozone-manager-1.4.0-SNAPSHOT.jar:?]
	at org.apache.hadoop.ozone.om.OzoneManager.getFileStatus(OzoneManager.java:3530) ~[ozone-manager-1.4.0-SNAPSHOT.jar:?]
	at org.apache.hadoop.ozone.protocolPB.OzoneManagerRequestHandler.getOzoneFileStatus(OzoneManagerRequestHandler.java:971) ~[ozone-manager-1.4.0-SNAPSHOT.jar:?]
	at org.apache.hadoop.ozone.protocolPB.OzoneManagerRequestHandler.handleReadRequest(OzoneManagerRequestHandler.java:250) ~[ozone-manager-1.4.0-SNAPSHOT.jar:?]
	at org.apache.hadoop.ozone.protocolPB.OzoneManagerProtocolServerSideTranslatorPB.submitRequestDirectlyToOM(OzoneManagerProtocolServerSideTranslatorPB.java:274) ~[ozone-manager-1.4.0-SNAPSHOT.jar:?]
	at org.apache.hadoop.ozone.protocolPB.OzoneManagerProtocolServerSideTranslatorPB.processRequest(OzoneManagerProtocolServerSideTranslatorPB.java:175) ~[ozone-manager-1.4.0-SNAPSHOT.jar:?]
	at org.apache.hadoop.hdds.server.OzoneProtocolMessageDispatcher.processRequest(OzoneProtocolMessageDispatcher.java:87) [hdds-server-framework-1.4.0-SNAPSHOT.jar:?]
	at org.apache.hadoop.ozone.protocolPB.OzoneManagerProtocolServerSideTranslatorPB.submitRequest(OzoneManagerProtocolServerSideTranslatorPB.java:148) [ozone-manager-1.4.0-SNAPSHOT.jar:?]
	at org.apache.hadoop.ozone.protocol.proto.OzoneManagerProtocolProtos$OzoneManagerService$2.callBlockingMethod(OzoneManagerProtocolProtos.java) [ozone-interface-client-1.4.0-SNAPSHOT.jar:?]
	at org.apache.hadoop.ipc.ProtobufRpcEngine$Server.processCall(ProtobufRpcEngine.java:484) [hadoop-common-3.3.6.jar:?]
	at org.apache.hadoop.ipc.ProtobufRpcEngine2$Server$ProtoBufRpcInvoker.call(ProtobufRpcEngine2.java:595) [hadoop-common-3.3.6.jar:?]
	at org.apache.hadoop.ipc.ProtobufRpcEngine2$Server$ProtoBufRpcInvoker.call(ProtobufRpcEngine2.java:573) [hadoop-common-3.3.6.jar:?]
	at org.apache.hadoop.ipc.RPC$Server.call(RPC.java:1227) [hadoop-common-3.3.6.jar:?]
	at org.apache.hadoop.ipc.Server$RpcCall.run(Server.java:1094) [hadoop-common-3.3.6.jar:?]
	at org.apache.hadoop.ipc.Server$RpcCall.run(Server.java:1017) [hadoop-common-3.3.6.jar:?]
	at java.security.AccessController.doPrivileged(Native Method) ~[?:1.8.0_382]
	at javax.security.auth.Subject.doAs(Subject.java:422) [?:1.8.0_382]
	at org.apache.hadoop.security.UserGroupInformation.doAs(UserGroupInformation.java:1899) [hadoop-common-3.3.6.jar:?]
	at org.apache.hadoop.ipc.Server$Handler.run(Server.java:3048) [hadoop-common-3.3.6.jar:?]
08:54:16.938 [IPC Server handler 8 on default port 15057] ERROR OMAudit - user=runner | ip=127.0.0.1 | op=GET_FILE_STATUS {volume=volume93671, bucket=bucket89282, key=gdir1/dir6/child, dataSize=0, replicationConfig=null} | ret=FAILURE
org.apache.hadoop.ozone.om.exceptions.OMException: Unable to get file status: volume: volume93671 bucket: bucket89282 key: gdir1/dir6/child
	at org.apache.hadoop.ozone.om.KeyManagerImpl.getOzoneFileStatus(KeyManagerImpl.java:1195) ~[ozone-manager-1.4.0-SNAPSHOT.jar:?]
	at org.apache.hadoop.ozone.om.KeyManagerImpl.getFileStatus(KeyManagerImpl.java:1113) ~[ozone-manager-1.4.0-SNAPSHOT.jar:?]
	at org.apache.hadoop.ozone.om.OmMetadataReader.getFileStatus(OmMetadataReader.java:262) ~[ozone-manager-1.4.0-SNAPSHOT.jar:?]
	at org.apache.hadoop.ozone.om.OzoneManager.getFileStatus(OzoneManager.java:3530) ~[ozone-manager-1.4.0-SNAPSHOT.jar:?]
	at org.apache.hadoop.ozone.protocolPB.OzoneManagerRequestHandler.getOzoneFileStatus(OzoneManagerRequestHandler.java:971) ~[ozone-manager-1.4.0-SNAPSHOT.jar:?]
	at org.apache.hadoop.ozone.protocolPB.OzoneManagerRequestHandler.handleReadRequest(OzoneManagerRequestHandler.java:250) ~[ozone-manager-1.4.0-SNAPSHOT.jar:?]
	at org.apache.hadoop.ozone.protocolPB.OzoneManagerProtocolServerSideTranslatorPB.submitRequestDirectlyToOM(OzoneManagerProtocolServerSideTranslatorPB.java:274) ~[ozone-manager-1.4.0-SNAPSHOT.jar:?]
	at org.apache.hadoop.ozone.protocolPB.OzoneManagerProtocolServerSideTranslatorPB.processRequest(OzoneManagerProtocolServerSideTranslatorPB.java:175) ~[ozone-manager-1.4.0-SNAPSHOT.jar:?]
	at org.apache.hadoop.hdds.server.OzoneProtocolMessageDispatcher.processRequest(OzoneProtocolMessageDispatcher.java:87) [hdds-server-framework-1.4.0-SNAPSHOT.jar:?]
	at org.apache.hadoop.ozone.protocolPB.OzoneManagerProtocolServerSideTranslatorPB.submitRequest(OzoneManagerProtocolServerSideTranslatorPB.java:148) [ozone-manager-1.4.0-SNAPSHOT.jar:?]
	at org.apache.hadoop.ozone.protocol.proto.OzoneManagerProtocolProtos$OzoneManagerService$2.callBlockingMethod(OzoneManagerProtocolProtos.java) [ozone-interface-client-1.4.0-SNAPSHOT.jar:?]
	at org.apache.hadoop.ipc.ProtobufRpcEngine$Server.processCall(ProtobufRpcEngine.java:484) [hadoop-common-3.3.6.jar:?]
	at org.apache.hadoop.ipc.ProtobufRpcEngine2$Server$ProtoBufRpcInvoker.call(ProtobufRpcEngine2.java:595) [hadoop-common-3.3.6.jar:?]
	at org.apache.hadoop.ipc.ProtobufRpcEngine2$Server$ProtoBufRpcInvoker.call(ProtobufRpcEngine2.java:573) [hadoop-common-3.3.6.jar:?]
	at org.apache.hadoop.ipc.RPC$Server.call(RPC.java:1227) [hadoop-common-3.3.6.jar:?]
	at org.apache.hadoop.ipc.Server$RpcCall.run(Server.java:1094) [hadoop-common-3.3.6.jar:?]
	at org.apache.hadoop.ipc.Server$RpcCall.run(Server.java:1017) [hadoop-common-3.3.6.jar:?]
	at java.security.AccessController.doPrivileged(Native Method) ~[?:1.8.0_382]
	at javax.security.auth.Subject.doAs(Subject.java:422) [?:1.8.0_382]
	at org.apache.hadoop.security.UserGroupInformation.doAs(UserGroupInformation.java:1899) [hadoop-common-3.3.6.jar:?]
	at org.apache.hadoop.ipc.Server$Handler.run(Server.java:3048) [hadoop-common-3.3.6.jar:?]
08:54:16.939 [IPC Server handler 9 on default port 15057] ERROR OMAudit - user=runner | ip=127.0.0.1 | op=GET_FILE_STATUS {volume=volume93671, bucket=bucket89282, key=gdir1/dir7, dataSize=0, replicationConfig=null} | ret=FAILURE
org.apache.hadoop.ozone.om.exceptions.OMException: Unable to get file status: volume: volume93671 bucket: bucket89282 key: gdir1/dir7
	at org.apache.hadoop.ozone.om.KeyManagerImpl.getOzoneFileStatus(KeyManagerImpl.java:1195) ~[ozone-manager-1.4.0-SNAPSHOT.jar:?]
	at org.apache.hadoop.ozone.om.KeyManagerImpl.getFileStatus(KeyManagerImpl.java:1113) ~[ozone-manager-1.4.0-SNAPSHOT.jar:?]
	at org.apache.hadoop.ozone.om.OmMetadataReader.getFileStatus(OmMetadataReader.java:262) ~[ozone-manager-1.4.0-SNAPSHOT.jar:?]
	at org.apache.hadoop.ozone.om.OzoneManager.getFileStatus(OzoneManager.java:3530) ~[ozone-manager-1.4.0-SNAPSHOT.jar:?]
	at org.apache.hadoop.ozone.protocolPB.OzoneManagerRequestHandler.getOzoneFileStatus(OzoneManagerRequestHandler.java:971) ~[ozone-manager-1.4.0-SNAPSHOT.jar:?]
	at org.apache.hadoop.ozone.protocolPB.OzoneManagerRequestHandler.handleReadRequest(OzoneManagerRequestHandler.java:250) ~[ozone-manager-1.4.0-SNAPSHOT.jar:?]
	at org.apache.hadoop.ozone.protocolPB.OzoneManagerProtocolServerSideTranslatorPB.submitRequestDirectlyToOM(OzoneManagerProtocolServerSideTranslatorPB.java:274) ~[ozone-manager-1.4.0-SNAPSHOT.jar:?]
	at org.apache.hadoop.ozone.protocolPB.OzoneManagerProtocolServerSideTranslatorPB.processRequest(OzoneManagerProtocolServerSideTranslatorPB.java:175) ~[ozone-manager-1.4.0-SNAPSHOT.jar:?]
	at org.apache.hadoop.hdds.server.OzoneProtocolMessageDispatcher.processRequest(OzoneProtocolMessageDispatcher.java:87) [hdds-server-framework-1.4.0-SNAPSHOT.jar:?]
	at org.apache.hadoop.ozone.protocolPB.OzoneManagerProtocolServerSideTranslatorPB.submitRequest(OzoneManagerProtocolServerSideTranslatorPB.java:148) [ozone-manager-1.4.0-SNAPSHOT.jar:?]
	at org.apache.hadoop.ozone.protocol.proto.OzoneManagerProtocolProtos$OzoneManagerService$2.callBlockingMethod(OzoneManagerProtocolProtos.java) [ozone-interface-client-1.4.0-SNAPSHOT.jar:?]
	at org.apache.hadoop.ipc.ProtobufRpcEngine$Server.processCall(ProtobufRpcEngine.java:484) [hadoop-common-3.3.6.jar:?]
	at org.apache.hadoop.ipc.ProtobufRpcEngine2$Server$ProtoBufRpcInvoker.call(ProtobufRpcEngine2.java:595) [hadoop-common-3.3.6.jar:?]
	at org.apache.hadoop.ipc.ProtobufRpcEngine2$Server$ProtoBufRpcInvoker.call(ProtobufRpcEngine2.java:573) [hadoop-common-3.3.6.jar:?]
	at org.apache.hadoop.ipc.RPC$Server.call(RPC.java:1227) [hadoop-common-3.3.6.jar:?]
	at org.apache.hadoop.ipc.Server$RpcCall.run(Server.java:1094) [hadoop-common-3.3.6.jar:?]
	at org.apache.hadoop.ipc.Server$RpcCall.run(Server.java:1017) [hadoop-common-3.3.6.jar:?]
	at java.security.AccessController.doPrivileged(Native Method) ~[?:1.8.0_382]
	at javax.security.auth.Subject.doAs(Subject.java:422) [?:1.8.0_382]
	at org.apache.hadoop.security.UserGroupInformation.doAs(UserGroupInformation.java:1899) [hadoop-common-3.3.6.jar:?]
	at org.apache.hadoop.ipc.Server$Handler.run(Server.java:3048) [hadoop-common-3.3.6.jar:?]
08:54:16.941 [IPC Server handler 11 on default port 15057] ERROR OMAudit - user=runner | ip=127.0.0.1 | op=GET_FILE_STATUS {volume=volume93671, bucket=bucket89282, key=gdir1/dir7/child, dataSize=0, replicationConfig=null} | ret=FAILURE
org.apache.hadoop.ozone.om.exceptions.OMException: Unable to get file status: volume: volume93671 bucket: bucket89282 key: gdir1/dir7/child
	at org.apache.hadoop.ozone.om.KeyManagerImpl.getOzoneFileStatus(KeyManagerImpl.java:1195) ~[ozone-manager-1.4.0-SNAPSHOT.jar:?]
	at org.apache.hadoop.ozone.om.KeyManagerImpl.getFileStatus(KeyManagerImpl.java:1113) ~[ozone-manager-1.4.0-SNAPSHOT.jar:?]
	at org.apache.hadoop.ozone.om.OmMetadataReader.getFileStatus(OmMetadataReader.java:262) ~[ozone-manager-1.4.0-SNAPSHOT.jar:?]
	at org.apache.hadoop.ozone.om.OzoneManager.getFileStatus(OzoneManager.java:3530) ~[ozone-manager-1.4.0-SNAPSHOT.jar:?]
	at org.apache.hadoop.ozone.protocolPB.OzoneManagerRequestHandler.getOzoneFileStatus(OzoneManagerRequestHandler.java:971) ~[ozone-manager-1.4.0-SNAPSHOT.jar:?]
	at org.apache.hadoop.ozone.protocolPB.OzoneManagerRequestHandler.handleReadRequest(OzoneManagerRequestHandler.java:250) ~[ozone-manager-1.4.0-SNAPSHOT.jar:?]
	at org.apache.hadoop.ozone.protocolPB.OzoneManagerProtocolServerSideTranslatorPB.submitRequestDirectlyToOM(OzoneManagerProtocolServerSideTranslatorPB.java:274) ~[ozone-manager-1.4.0-SNAPSHOT.jar:?]
	at org.apache.hadoop.ozone.protocolPB.OzoneManagerProtocolServerSideTranslatorPB.processRequest(OzoneManagerProtocolServerSideTranslatorPB.java:175) ~[ozone-manager-1.4.0-SNAPSHOT.jar:?]
	at org.apache.hadoop.hdds.server.OzoneProtocolMessageDispatcher.processRequest(OzoneProtocolMessageDispatcher.java:87) [hdds-server-framework-1.4.0-SNAPSHOT.jar:?]
	at org.apache.hadoop.ozone.protocolPB.OzoneManagerProtocolServerSideTranslatorPB.submitRequest(OzoneManagerProtocolServerSideTranslatorPB.java:148) [ozone-manager-1.4.0-SNAPSHOT.jar:?]
	at org.apache.hadoop.ozone.protocol.proto.OzoneManagerProtocolProtos$OzoneManagerService$2.callBlockingMethod(OzoneManagerProtocolProtos.java) [ozone-interface-client-1.4.0-SNAPSHOT.jar:?]
	at org.apache.hadoop.ipc.ProtobufRpcEngine$Server.processCall(ProtobufRpcEngine.java:484) [hadoop-common-3.3.6.jar:?]
	at org.apache.hadoop.ipc.ProtobufRpcEngine2$Server$ProtoBufRpcInvoker.call(ProtobufRpcEngine2.java:595) [hadoop-common-3.3.6.jar:?]
	at org.apache.hadoop.ipc.ProtobufRpcEngine2$Server$ProtoBufRpcInvoker.call(ProtobufRpcEngine2.java:573) [hadoop-common-3.3.6.jar:?]
	at org.apache.hadoop.ipc.RPC$Server.call(RPC.java:1227) [hadoop-common-3.3.6.jar:?]
	at org.apache.hadoop.ipc.Server$RpcCall.run(Server.java:1094) [hadoop-common-3.3.6.jar:?]
	at org.apache.hadoop.ipc.Server$RpcCall.run(Server.java:1017) [hadoop-common-3.3.6.jar:?]
	at java.security.AccessController.doPrivileged(Native Method) ~[?:1.8.0_382]
	at javax.security.auth.Subject.doAs(Subject.java:422) [?:1.8.0_382]
	at org.apache.hadoop.security.UserGroupInformation.doAs(UserGroupInformation.java:1899) [hadoop-common-3.3.6.jar:?]
	at org.apache.hadoop.ipc.Server$Handler.run(Server.java:3048) [hadoop-common-3.3.6.jar:?]
08:54:16.942 [IPC Server handler 16 on default port 15057] ERROR OMAudit - user=runner | ip=127.0.0.1 | op=GET_FILE_STATUS {volume=volume93671, bucket=bucket89282, key=gdir1/dir8, dataSize=0, replicationConfig=null} | ret=FAILURE
org.apache.hadoop.ozone.om.exceptions.OMException: Unable to get file status: volume: volume93671 bucket: bucket89282 key: gdir1/dir8
	at org.apache.hadoop.ozone.om.KeyManagerImpl.getOzoneFileStatus(KeyManagerImpl.java:1195) ~[ozone-manager-1.4.0-SNAPSHOT.jar:?]
	at org.apache.hadoop.ozone.om.KeyManagerImpl.getFileStatus(KeyManagerImpl.java:1113) ~[ozone-manager-1.4.0-SNAPSHOT.jar:?]
	at org.apache.hadoop.ozone.om.OmMetadataReader.getFileStatus(OmMetadataReader.java:262) ~[ozone-manager-1.4.0-SNAPSHOT.jar:?]
	at org.apache.hadoop.ozone.om.OzoneManager.getFileStatus(OzoneManager.java:3530) ~[ozone-manager-1.4.0-SNAPSHOT.jar:?]
	at org.apache.hadoop.ozone.protocolPB.OzoneManagerRequestHandler.getOzoneFileStatus(OzoneManagerRequestHandler.java:971) ~[ozone-manager-1.4.0-SNAPSHOT.jar:?]
	at org.apache.hadoop.ozone.protocolPB.OzoneManagerRequestHandler.handleReadRequest(OzoneManagerRequestHandler.java:250) ~[ozone-manager-1.4.0-SNAPSHOT.jar:?]
	at org.apache.hadoop.ozone.protocolPB.OzoneManagerProtocolServerSideTranslatorPB.submitRequestDirectlyToOM(OzoneManagerProtocolServerSideTranslatorPB.java:274) ~[ozone-manager-1.4.0-SNAPSHOT.jar:?]
	at org.apache.hadoop.ozone.protocolPB.OzoneManagerProtocolServerSideTranslatorPB.processRequest(OzoneManagerProtocolServerSideTranslatorPB.java:175) ~[ozone-manager-1.4.0-SNAPSHOT.jar:?]
	at org.apache.hadoop.hdds.server.OzoneProtocolMessageDispatcher.processRequest(OzoneProtocolMessageDispatcher.java:87) [hdds-server-framework-1.4.0-SNAPSHOT.jar:?]
	at org.apache.hadoop.ozone.protocolPB.OzoneManagerProtocolServerSideTranslatorPB.submitRequest(OzoneManagerProtocolServerSideTranslatorPB.java:148) [ozone-manager-1.4.0-SNAPSHOT.jar:?]
	at org.apache.hadoop.ozone.protocol.proto.OzoneManagerProtocolProtos$OzoneManagerService$2.callBlockingMethod(OzoneManagerProtocolProtos.java) [ozone-interface-client-1.4.0-SNAPSHOT.jar:?]
	at org.apache.hadoop.ipc.ProtobufRpcEngine$Server.processCall(ProtobufRpcEngine.java:484) [hadoop-common-3.3.6.jar:?]
	at org.apache.hadoop.ipc.ProtobufRpcEngine2$Server$ProtoBufRpcInvoker.call(ProtobufRpcEngine2.java:595) [hadoop-common-3.3.6.jar:?]
	at org.apache.hadoop.ipc.ProtobufRpcEngine2$Server$ProtoBufRpcInvoker.call(ProtobufRpcEngine2.java:573) [hadoop-common-3.3.6.jar:?]
	at org.apache.hadoop.ipc.RPC$Server.call(RPC.java:1227) [hadoop-common-3.3.6.jar:?]
	at org.apache.hadoop.ipc.Server$RpcCall.run(Server.java:1094) [hadoop-common-3.3.6.jar:?]
	at org.apache.hadoop.ipc.Server$RpcCall.run(Server.java:1017) [hadoop-common-3.3.6.jar:?]
	at java.security.AccessController.doPrivileged(Native Method) ~[?:1.8.0_382]
	at javax.security.auth.Subject.doAs(Subject.java:422) [?:1.8.0_382]
	at org.apache.hadoop.security.UserGroupInformation.doAs(UserGroupInformation.java:1899) [hadoop-common-3.3.6.jar:?]
	at org.apache.hadoop.ipc.Server$Handler.run(Server.java:3048) [hadoop-common-3.3.6.jar:?]
08:54:16.946 [IPC Server handler 15 on default port 15057] ERROR OMAudit - user=runner | ip=127.0.0.1 | op=GET_FILE_STATUS {volume=volume93671, bucket=bucket89282, key=gdir1/dir8/child, dataSize=0, replicationConfig=null} | ret=FAILURE
org.apache.hadoop.ozone.om.exceptions.OMException: Unable to get file status: volume: volume93671 bucket: bucket89282 key: gdir1/dir8/child
	at org.apache.hadoop.ozone.om.KeyManagerImpl.getOzoneFileStatus(KeyManagerImpl.java:1195) ~[ozone-manager-1.4.0-SNAPSHOT.jar:?]
	at org.apache.hadoop.ozone.om.KeyManagerImpl.getFileStatus(KeyManagerImpl.java:1113) ~[ozone-manager-1.4.0-SNAPSHOT.jar:?]
	at org.apache.hadoop.ozone.om.OmMetadataReader.getFileStatus(OmMetadataReader.java:262) ~[ozone-manager-1.4.0-SNAPSHOT.jar:?]
	at org.apache.hadoop.ozone.om.OzoneManager.getFileStatus(OzoneManager.java:3530) ~[ozone-manager-1.4.0-SNAPSHOT.jar:?]
	at org.apache.hadoop.ozone.protocolPB.OzoneManagerRequestHandler.getOzoneFileStatus(OzoneManagerRequestHandler.java:971) ~[ozone-manager-1.4.0-SNAPSHOT.jar:?]
	at org.apache.hadoop.ozone.protocolPB.OzoneManagerRequestHandler.handleReadRequest(OzoneManagerRequestHandler.java:250) ~[ozone-manager-1.4.0-SNAPSHOT.jar:?]
	at org.apache.hadoop.ozone.protocolPB.OzoneManagerProtocolServerSideTranslatorPB.submitRequestDirectlyToOM(OzoneManagerProtocolServerSideTranslatorPB.java:274) ~[ozone-manager-1.4.0-SNAPSHOT.jar:?]
	at org.apache.hadoop.ozone.protocolPB.OzoneManagerProtocolServerSideTranslatorPB.processRequest(OzoneManagerProtocolServerSideTranslatorPB.java:175) ~[ozone-manager-1.4.0-SNAPSHOT.jar:?]
	at org.apache.hadoop.hdds.server.OzoneProtocolMessageDispatcher.processRequest(OzoneProtocolMessageDispatcher.java:87) [hdds-server-framework-1.4.0-SNAPSHOT.jar:?]
	at org.apache.hadoop.ozone.protocolPB.OzoneManagerProtocolServerSideTranslatorPB.submitRequest(OzoneManagerProtocolServerSideTranslatorPB.java:148) [ozone-manager-1.4.0-SNAPSHOT.jar:?]
	at org.apache.hadoop.ozone.protocol.proto.OzoneManagerProtocolProtos$OzoneManagerService$2.callBlockingMethod(OzoneManagerProtocolProtos.java) [ozone-interface-client-1.4.0-SNAPSHOT.jar:?]
	at org.apache.hadoop.ipc.ProtobufRpcEngine$Server.processCall(ProtobufRpcEngine.java:484) [hadoop-common-3.3.6.jar:?]
	at org.apache.hadoop.ipc.ProtobufRpcEngine2$Server$ProtoBufRpcInvoker.call(ProtobufRpcEngine2.java:595) [hadoop-common-3.3.6.jar:?]
	at org.apache.hadoop.ipc.ProtobufRpcEngine2$Server$ProtoBufRpcInvoker.call(ProtobufRpcEngine2.java:573) [hadoop-common-3.3.6.jar:?]
	at org.apache.hadoop.ipc.RPC$Server.call(RPC.java:1227) [hadoop-common-3.3.6.jar:?]
	at org.apache.hadoop.ipc.Server$RpcCall.run(Server.java:1094) [hadoop-common-3.3.6.jar:?]
	at org.apache.hadoop.ipc.Server$RpcCall.run(Server.java:1017) [hadoop-common-3.3.6.jar:?]
	at java.security.AccessController.doPrivileged(Native Method) ~[?:1.8.0_382]
	at javax.security.auth.Subject.doAs(Subject.java:422) [?:1.8.0_382]
	at org.apache.hadoop.security.UserGroupInformation.doAs(UserGroupInformation.java:1899) [hadoop-common-3.3.6.jar:?]
	at org.apache.hadoop.ipc.Server$Handler.run(Server.java:3048) [hadoop-common-3.3.6.jar:?]
08:54:16.947 [IPC Server handler 17 on default port 15057] ERROR OMAudit - user=runner | ip=127.0.0.1 | op=GET_FILE_STATUS {volume=volume93671, bucket=bucket89282, key=gdir1/dir9, dataSize=0, replicationConfig=null} | ret=FAILURE
org.apache.hadoop.ozone.om.exceptions.OMException: Unable to get file status: volume: volume93671 bucket: bucket89282 key: gdir1/dir9
	at org.apache.hadoop.ozone.om.KeyManagerImpl.getOzoneFileStatus(KeyManagerImpl.java:1195) ~[ozone-manager-1.4.0-SNAPSHOT.jar:?]
	at org.apache.hadoop.ozone.om.KeyManagerImpl.getFileStatus(KeyManagerImpl.java:1113) ~[ozone-manager-1.4.0-SNAPSHOT.jar:?]
	at org.apache.hadoop.ozone.om.OmMetadataReader.getFileStatus(OmMetadataReader.java:262) ~[ozone-manager-1.4.0-SNAPSHOT.jar:?]
	at org.apache.hadoop.ozone.om.OzoneManager.getFileStatus(OzoneManager.java:3530) ~[ozone-manager-1.4.0-SNAPSHOT.jar:?]
	at org.apache.hadoop.ozone.protocolPB.OzoneManagerRequestHandler.getOzoneFileStatus(OzoneManagerRequestHandler.java:971) ~[ozone-manager-1.4.0-SNAPSHOT.jar:?]
	at org.apache.hadoop.ozone.protocolPB.OzoneManagerRequestHandler.handleReadRequest(OzoneManagerRequestHandler.java:250) ~[ozone-manager-1.4.0-SNAPSHOT.jar:?]
	at org.apache.hadoop.ozone.protocolPB.OzoneManagerProtocolServerSideTranslatorPB.submitRequestDirectlyToOM(OzoneManagerProtocolServerSideTranslatorPB.java:274) ~[ozone-manager-1.4.0-SNAPSHOT.jar:?]
	at org.apache.hadoop.ozone.protocolPB.OzoneManagerProtocolServerSideTranslatorPB.processRequest(OzoneManagerProtocolServerSideTranslatorPB.java:175) ~[ozone-manager-1.4.0-SNAPSHOT.jar:?]
	at org.apache.hadoop.hdds.server.OzoneProtocolMessageDispatcher.processRequest(OzoneProtocolMessageDispatcher.java:87) [hdds-server-framework-1.4.0-SNAPSHOT.jar:?]
	at org.apache.hadoop.ozone.protocolPB.OzoneManagerProtocolServerSideTranslatorPB.submitRequest(OzoneManagerProtocolServerSideTranslatorPB.java:148) [ozone-manager-1.4.0-SNAPSHOT.jar:?]
	at org.apache.hadoop.ozone.protocol.proto.OzoneManagerProtocolProtos$OzoneManagerService$2.callBlockingMethod(OzoneManagerProtocolProtos.java) [ozone-interface-client-1.4.0-SNAPSHOT.jar:?]
	at org.apache.hadoop.ipc.ProtobufRpcEngine$Server.processCall(ProtobufRpcEngine.java:484) [hadoop-common-3.3.6.jar:?]
	at org.apache.hadoop.ipc.ProtobufRpcEngine2$Server$ProtoBufRpcInvoker.call(ProtobufRpcEngine2.java:595) [hadoop-common-3.3.6.jar:?]
	at org.apache.hadoop.ipc.ProtobufRpcEngine2$Server$ProtoBufRpcInvoker.call(ProtobufRpcEngine2.java:573) [hadoop-common-3.3.6.jar:?]
	at org.apache.hadoop.ipc.RPC$Server.call(RPC.java:1227) [hadoop-common-3.3.6.jar:?]
	at org.apache.hadoop.ipc.Server$RpcCall.run(Server.java:1094) [hadoop-common-3.3.6.jar:?]
	at org.apache.hadoop.ipc.Server$RpcCall.run(Server.java:1017) [hadoop-common-3.3.6.jar:?]
	at java.security.AccessController.doPrivileged(Native Method) ~[?:1.8.0_382]
	at javax.security.auth.Subject.doAs(Subject.java:422) [?:1.8.0_382]
	at org.apache.hadoop.security.UserGroupInformation.doAs(UserGroupInformation.java:1899) [hadoop-common-3.3.6.jar:?]
	at org.apache.hadoop.ipc.Server$Handler.run(Server.java:3048) [hadoop-common-3.3.6.jar:?]
08:54:16.948 [IPC Server handler 18 on default port 15057] ERROR OMAudit - user=runner | ip=127.0.0.1 | op=GET_FILE_STATUS {volume=volume93671, bucket=bucket89282, key=gdir1/dir9/child, dataSize=0, replicationConfig=null} | ret=FAILURE
org.apache.hadoop.ozone.om.exceptions.OMException: Unable to get file status: volume: volume93671 bucket: bucket89282 key: gdir1/dir9/child
	at org.apache.hadoop.ozone.om.KeyManagerImpl.getOzoneFileStatus(KeyManagerImpl.java:1195) ~[ozone-manager-1.4.0-SNAPSHOT.jar:?]
	at org.apache.hadoop.ozone.om.KeyManagerImpl.getFileStatus(KeyManagerImpl.java:1113) ~[ozone-manager-1.4.0-SNAPSHOT.jar:?]
	at org.apache.hadoop.ozone.om.OmMetadataReader.getFileStatus(OmMetadataReader.java:262) ~[ozone-manager-1.4.0-SNAPSHOT.jar:?]
	at org.apache.hadoop.ozone.om.OzoneManager.getFileStatus(OzoneManager.java:3530) ~[ozone-manager-1.4.0-SNAPSHOT.jar:?]
	at org.apache.hadoop.ozone.protocolPB.OzoneManagerRequestHandler.getOzoneFileStatus(OzoneManagerRequestHandler.java:971) ~[ozone-manager-1.4.0-SNAPSHOT.jar:?]
	at org.apache.hadoop.ozone.protocolPB.OzoneManagerRequestHandler.handleReadRequest(OzoneManagerRequestHandler.java:250) ~[ozone-manager-1.4.0-SNAPSHOT.jar:?]
	at org.apache.hadoop.ozone.protocolPB.OzoneManagerProtocolServerSideTranslatorPB.submitRequestDirectlyToOM(OzoneManagerProtocolServerSideTranslatorPB.java:274) ~[ozone-manager-1.4.0-SNAPSHOT.jar:?]
	at org.apache.hadoop.ozone.protocolPB.OzoneManagerProtocolServerSideTranslatorPB.processRequest(OzoneManagerProtocolServerSideTranslatorPB.java:175) ~[ozone-manager-1.4.0-SNAPSHOT.jar:?]
	at org.apache.hadoop.hdds.server.OzoneProtocolMessageDispatcher.processRequest(OzoneProtocolMessageDispatcher.java:87) [hdds-server-framework-1.4.0-SNAPSHOT.jar:?]
	at org.apache.hadoop.ozone.protocolPB.OzoneManagerProtocolServerSideTranslatorPB.submitRequest(OzoneManagerProtocolServerSideTranslatorPB.java:148) [ozone-manager-1.4.0-SNAPSHOT.jar:?]
	at org.apache.hadoop.ozone.protocol.proto.OzoneManagerProtocolProtos$OzoneManagerService$2.callBlockingMethod(OzoneManagerProtocolProtos.java) [ozone-interface-client-1.4.0-SNAPSHOT.jar:?]
	at org.apache.hadoop.ipc.ProtobufRpcEngine$Server.processCall(ProtobufRpcEngine.java:484) [hadoop-common-3.3.6.jar:?]
	at org.apache.hadoop.ipc.ProtobufRpcEngine2$Server$ProtoBufRpcInvoker.call(ProtobufRpcEngine2.java:595) [hadoop-common-3.3.6.jar:?]
	at org.apache.hadoop.ipc.ProtobufRpcEngine2$Server$ProtoBufRpcInvoker.call(ProtobufRpcEngine2.java:573) [hadoop-common-3.3.6.jar:?]
	at org.apache.hadoop.ipc.RPC$Server.call(RPC.java:1227) [hadoop-common-3.3.6.jar:?]
	at org.apache.hadoop.ipc.Server$RpcCall.run(Server.java:1094) [hadoop-common-3.3.6.jar:?]
	at org.apache.hadoop.ipc.Server$RpcCall.run(Server.java:1017) [hadoop-common-3.3.6.jar:?]
	at java.security.AccessController.doPrivileged(Native Method) ~[?:1.8.0_382]
	at javax.security.auth.Subject.doAs(Subject.java:422) [?:1.8.0_382]
	at org.apache.hadoop.security.UserGroupInformation.doAs(UserGroupInformation.java:1899) [hadoop-common-3.3.6.jar:?]
	at org.apache.hadoop.ipc.Server$Handler.run(Server.java:3048) [hadoop-common-3.3.6.jar:?]
08:54:16.950 [IPC Server handler 19 on default port 15057] ERROR OMAudit - user=runner | ip=127.0.0.1 | op=GET_FILE_STATUS {volume=volume93671, bucket=bucket89282, key=gdir1/dir10, dataSize=0, replicationConfig=null} | ret=FAILURE
org.apache.hadoop.ozone.om.exceptions.OMException: Unable to get file status: volume: volume93671 bucket: bucket89282 key: gdir1/dir10
	at org.apache.hadoop.ozone.om.KeyManagerImpl.getOzoneFileStatus(KeyManagerImpl.java:1195) ~[ozone-manager-1.4.0-SNAPSHOT.jar:?]
	at org.apache.hadoop.ozone.om.KeyManagerImpl.getFileStatus(KeyManagerImpl.java:1113) ~[ozone-manager-1.4.0-SNAPSHOT.jar:?]
	at org.apache.hadoop.ozone.om.OmMetadataReader.getFileStatus(OmMetadataReader.java:262) ~[ozone-manager-1.4.0-SNAPSHOT.jar:?]
	at org.apache.hadoop.ozone.om.OzoneManager.getFileStatus(OzoneManager.java:3530) ~[ozone-manager-1.4.0-SNAPSHOT.jar:?]
	at org.apache.hadoop.ozone.protocolPB.OzoneManagerRequestHandler.getOzoneFileStatus(OzoneManagerRequestHandler.java:971) ~[ozone-manager-1.4.0-SNAPSHOT.jar:?]
	at org.apache.hadoop.ozone.protocolPB.OzoneManagerRequestHandler.handleReadRequest(OzoneManagerRequestHandler.java:250) ~[ozone-manager-1.4.0-SNAPSHOT.jar:?]
	at org.apache.hadoop.ozone.protocolPB.OzoneManagerProtocolServerSideTranslatorPB.submitRequestDirectlyToOM(OzoneManagerProtocolServerSideTranslatorPB.java:274) ~[ozone-manager-1.4.0-SNAPSHOT.jar:?]
	at org.apache.hadoop.ozone.protocolPB.OzoneManagerProtocolServerSideTranslatorPB.processRequest(OzoneManagerProtocolServerSideTranslatorPB.java:175) ~[ozone-manager-1.4.0-SNAPSHOT.jar:?]
	at org.apache.hadoop.hdds.server.OzoneProtocolMessageDispatcher.processRequest(OzoneProtocolMessageDispatcher.java:87) [hdds-server-framework-1.4.0-SNAPSHOT.jar:?]
	at org.apache.hadoop.ozone.protocolPB.OzoneManagerProtocolServerSideTranslatorPB.submitRequest(OzoneManagerProtocolServerSideTranslatorPB.java:148) [ozone-manager-1.4.0-SNAPSHOT.jar:?]
	at org.apache.hadoop.ozone.protocol.proto.OzoneManagerProtocolProtos$OzoneManagerService$2.callBlockingMethod(OzoneManagerProtocolProtos.java) [ozone-interface-client-1.4.0-SNAPSHOT.jar:?]
	at org.apache.hadoop.ipc.ProtobufRpcEngine$Server.processCall(ProtobufRpcEngine.java:484) [hadoop-common-3.3.6.jar:?]
	at org.apache.hadoop.ipc.ProtobufRpcEngine2$Server$ProtoBufRpcInvoker.call(ProtobufRpcEngine2.java:595) [hadoop-common-3.3.6.jar:?]
	at org.apache.hadoop.ipc.ProtobufRpcEngine2$Server$ProtoBufRpcInvoker.call(ProtobufRpcEngine2.java:573) [hadoop-common-3.3.6.jar:?]
	at org.apache.hadoop.ipc.RPC$Server.call(RPC.java:1227) [hadoop-common-3.3.6.jar:?]
	at org.apache.hadoop.ipc.Server$RpcCall.run(Server.java:1094) [hadoop-common-3.3.6.jar:?]
	at org.apache.hadoop.ipc.Server$RpcCall.run(Server.java:1017) [hadoop-common-3.3.6.jar:?]
	at java.security.AccessController.doPrivileged(Native Method) ~[?:1.8.0_382]
	at javax.security.auth.Subject.doAs(Subject.java:422) [?:1.8.0_382]
	at org.apache.hadoop.security.UserGroupInformation.doAs(UserGroupInformation.java:1899) [hadoop-common-3.3.6.jar:?]
	at org.apache.hadoop.ipc.Server$Handler.run(Server.java:3048) [hadoop-common-3.3.6.jar:?]
08:54:16.951 [IPC Server handler 0 on default port 15057] ERROR OMAudit - user=runner | ip=127.0.0.1 | op=GET_FILE_STATUS {volume=volume93671, bucket=bucket89282, key=gdir1/dir10/child, dataSize=0, replicationConfig=null} | ret=FAILURE
org.apache.hadoop.ozone.om.exceptions.OMException: Unable to get file status: volume: volume93671 bucket: bucket89282 key: gdir1/dir10/child
	at org.apache.hadoop.ozone.om.KeyManagerImpl.getOzoneFileStatus(KeyManagerImpl.java:1195) ~[ozone-manager-1.4.0-SNAPSHOT.jar:?]
	at org.apache.hadoop.ozone.om.KeyManagerImpl.getFileStatus(KeyManagerImpl.java:1113) ~[ozone-manager-1.4.0-SNAPSHOT.jar:?]
	at org.apache.hadoop.ozone.om.OmMetadataReader.getFileStatus(OmMetadataReader.java:262) ~[ozone-manager-1.4.0-SNAPSHOT.jar:?]
	at org.apache.hadoop.ozone.om.OzoneManager.getFileStatus(OzoneManager.java:3530) ~[ozone-manager-1.4.0-SNAPSHOT.jar:?]
	at org.apache.hadoop.ozone.protocolPB.OzoneManagerRequestHandler.getOzoneFileStatus(OzoneManagerRequestHandler.java:971) ~[ozone-manager-1.4.0-SNAPSHOT.jar:?]
	at org.apache.hadoop.ozone.protocolPB.OzoneManagerRequestHandler.handleReadRequest(OzoneManagerRequestHandler.java:250) ~[ozone-manager-1.4.0-SNAPSHOT.jar:?]
	at org.apache.hadoop.ozone.protocolPB.OzoneManagerProtocolServerSideTranslatorPB.submitRequestDirectlyToOM(OzoneManagerProtocolServerSideTranslatorPB.java:274) ~[ozone-manager-1.4.0-SNAPSHOT.jar:?]
	at org.apache.hadoop.ozone.protocolPB.OzoneManagerProtocolServerSideTranslatorPB.processRequest(OzoneManagerProtocolServerSideTranslatorPB.java:175) ~[ozone-manager-1.4.0-SNAPSHOT.jar:?]
	at org.apache.hadoop.hdds.server.OzoneProtocolMessageDispatcher.processRequest(OzoneProtocolMessageDispatcher.java:87) [hdds-server-framework-1.4.0-SNAPSHOT.jar:?]
	at org.apache.hadoop.ozone.protocolPB.OzoneManagerProtocolServerSideTranslatorPB.submitRequest(OzoneManagerProtocolServerSideTranslatorPB.java:148) [ozone-manager-1.4.0-SNAPSHOT.jar:?]
	at org.apache.hadoop.ozone.protocol.proto.OzoneManagerProtocolProtos$OzoneManagerService$2.callBlockingMethod(OzoneManagerProtocolProtos.java) [ozone-interface-client-1.4.0-SNAPSHOT.jar:?]
	at org.apache.hadoop.ipc.ProtobufRpcEngine$Server.processCall(ProtobufRpcEngine.java:484) [hadoop-common-3.3.6.jar:?]
	at org.apache.hadoop.ipc.ProtobufRpcEngine2$Server$ProtoBufRpcInvoker.call(ProtobufRpcEngine2.java:595) [hadoop-common-3.3.6.jar:?]
	at org.apache.hadoop.ipc.ProtobufRpcEngine2$Server$ProtoBufRpcInvoker.call(ProtobufRpcEngine2.java:573) [hadoop-common-3.3.6.jar:?]
	at org.apache.hadoop.ipc.RPC$Server.call(RPC.java:1227) [hadoop-common-3.3.6.jar:?]
	at org.apache.hadoop.ipc.Server$RpcCall.run(Server.java:1094) [hadoop-common-3.3.6.jar:?]
	at org.apache.hadoop.ipc.Server$RpcCall.run(Server.java:1017) [hadoop-common-3.3.6.jar:?]
	at java.security.AccessController.doPrivileged(Native Method) ~[?:1.8.0_382]
	at javax.security.auth.Subject.doAs(Subject.java:422) [?:1.8.0_382]
	at org.apache.hadoop.security.UserGroupInformation.doAs(UserGroupInformation.java:1899) [hadoop-common-3.3.6.jar:?]
	at org.apache.hadoop.ipc.Server$Handler.run(Server.java:3048) [hadoop-common-3.3.6.jar:?]
08:54:17.037 [IPC Server handler 11 on default port 15057] ERROR OMAudit - user=runner | ip=127.0.0.1 | op=GET_FILE_STATUS {volume=volume93671, bucket=bucket89282, key=level0, dataSize=0, replicationConfig=null} | ret=FAILURE
org.apache.hadoop.ozone.om.exceptions.OMException: Unable to get file status: volume: volume93671 bucket: bucket89282 key: level0
	at org.apache.hadoop.ozone.om.KeyManagerImpl.getOzoneFileStatus(KeyManagerImpl.java:1195) ~[ozone-manager-1.4.0-SNAPSHOT.jar:?]
	at org.apache.hadoop.ozone.om.KeyManagerImpl.getFileStatus(KeyManagerImpl.java:1113) ~[ozone-manager-1.4.0-SNAPSHOT.jar:?]
	at org.apache.hadoop.ozone.om.OmMetadataReader.getFileStatus(OmMetadataReader.java:262) ~[ozone-manager-1.4.0-SNAPSHOT.jar:?]
	at org.apache.hadoop.ozone.om.OzoneManager.getFileStatus(OzoneManager.java:3530) ~[ozone-manager-1.4.0-SNAPSHOT.jar:?]
	at org.apache.hadoop.ozone.protocolPB.OzoneManagerRequestHandler.getOzoneFileStatus(OzoneManagerRequestHandler.java:971) ~[ozone-manager-1.4.0-SNAPSHOT.jar:?]
	at org.apache.hadoop.ozone.protocolPB.OzoneManagerRequestHandler.handleReadRequest(OzoneManagerRequestHandler.java:250) ~[ozone-manager-1.4.0-SNAPSHOT.jar:?]
	at org.apache.hadoop.ozone.protocolPB.OzoneManagerProtocolServerSideTranslatorPB.submitRequestDirectlyToOM(OzoneManagerProtocolServerSideTranslatorPB.java:274) ~[ozone-manager-1.4.0-SNAPSHOT.jar:?]
	at org.apache.hadoop.ozone.protocolPB.OzoneManagerProtocolServerSideTranslatorPB.processRequest(OzoneManagerProtocolServerSideTranslatorPB.java:175) ~[ozone-manager-1.4.0-SNAPSHOT.jar:?]
	at org.apache.hadoop.hdds.server.OzoneProtocolMessageDispatcher.processRequest(OzoneProtocolMessageDispatcher.java:87) [hdds-server-framework-1.4.0-SNAPSHOT.jar:?]
	at org.apache.hadoop.ozone.protocolPB.OzoneManagerProtocolServerSideTranslatorPB.submitRequest(OzoneManagerProtocolServerSideTranslatorPB.java:148) [ozone-manager-1.4.0-SNAPSHOT.jar:?]
	at org.apache.hadoop.ozone.protocol.proto.OzoneManagerProtocolProtos$OzoneManagerService$2.callBlockingMethod(OzoneManagerProtocolProtos.java) [ozone-interface-client-1.4.0-SNAPSHOT.jar:?]
	at org.apache.hadoop.ipc.ProtobufRpcEngine$Server.processCall(ProtobufRpcEngine.java:484) [hadoop-common-3.3.6.jar:?]
	at org.apache.hadoop.ipc.ProtobufRpcEngine2$Server$ProtoBufRpcInvoker.call(ProtobufRpcEngine2.java:595) [hadoop-common-3.3.6.jar:?]
	at org.apache.hadoop.ipc.ProtobufRpcEngine2$Server$ProtoBufRpcInvoker.call(ProtobufRpcEngine2.java:573) [hadoop-common-3.3.6.jar:?]
	at org.apache.hadoop.ipc.RPC$Server.call(RPC.java:1227) [hadoop-common-3.3.6.jar:?]
	at org.apache.hadoop.ipc.Server$RpcCall.run(Server.java:1094) [hadoop-common-3.3.6.jar:?]
	at org.apache.hadoop.ipc.Server$RpcCall.run(Server.java:1017) [hadoop-common-3.3.6.jar:?]
	at java.security.AccessController.doPrivileged(Native Method) ~[?:1.8.0_382]
	at javax.security.auth.Subject.doAs(Subject.java:422) [?:1.8.0_382]
	at org.apache.hadoop.security.UserGroupInformation.doAs(UserGroupInformation.java:1899) [hadoop-common-3.3.6.jar:?]
	at org.apache.hadoop.ipc.Server$Handler.run(Server.java:3048) [hadoop-common-3.3.6.jar:?]
08:54:17.038 [IPC Server handler 16 on default port 15057] ERROR OMAudit - user=runner | ip=127.0.0.1 | op=GET_FILE_STATUS {volume=volume93671, bucket=bucket89282, key=level0/level1, dataSize=0, replicationConfig=null} | ret=FAILURE
org.apache.hadoop.ozone.om.exceptions.OMException: Unable to get file status: volume: volume93671 bucket: bucket89282 key: level0/level1
	at org.apache.hadoop.ozone.om.KeyManagerImpl.getOzoneFileStatus(KeyManagerImpl.java:1195) ~[ozone-manager-1.4.0-SNAPSHOT.jar:?]
	at org.apache.hadoop.ozone.om.KeyManagerImpl.getFileStatus(KeyManagerImpl.java:1113) ~[ozone-manager-1.4.0-SNAPSHOT.jar:?]
	at org.apache.hadoop.ozone.om.OmMetadataReader.getFileStatus(OmMetadataReader.java:262) ~[ozone-manager-1.4.0-SNAPSHOT.jar:?]
	at org.apache.hadoop.ozone.om.OzoneManager.getFileStatus(OzoneManager.java:3530) ~[ozone-manager-1.4.0-SNAPSHOT.jar:?]
	at org.apache.hadoop.ozone.protocolPB.OzoneManagerRequestHandler.getOzoneFileStatus(OzoneManagerRequestHandler.java:971) ~[ozone-manager-1.4.0-SNAPSHOT.jar:?]
	at org.apache.hadoop.ozone.protocolPB.OzoneManagerRequestHandler.handleReadRequest(OzoneManagerRequestHandler.java:250) ~[ozone-manager-1.4.0-SNAPSHOT.jar:?]
	at org.apache.hadoop.ozone.protocolPB.OzoneManagerProtocolServerSideTranslatorPB.submitRequestDirectlyToOM(OzoneManagerProtocolServerSideTranslatorPB.java:274) ~[ozone-manager-1.4.0-SNAPSHOT.jar:?]
	at org.apache.hadoop.ozone.protocolPB.OzoneManagerProtocolServerSideTranslatorPB.processRequest(OzoneManagerProtocolServerSideTranslatorPB.java:175) ~[ozone-manager-1.4.0-SNAPSHOT.jar:?]
	at org.apache.hadoop.hdds.server.OzoneProtocolMessageDispatcher.processRequest(OzoneProtocolMessageDispatcher.java:87) [hdds-server-framework-1.4.0-SNAPSHOT.jar:?]
	at org.apache.hadoop.ozone.protocolPB.OzoneManagerProtocolServerSideTranslatorPB.submitRequest(OzoneManagerProtocolServerSideTranslatorPB.java:148) [ozone-manager-1.4.0-SNAPSHOT.jar:?]
	at org.apache.hadoop.ozone.protocol.proto.OzoneManagerProtocolProtos$OzoneManagerService$2.callBlockingMethod(OzoneManagerProtocolProtos.java) [ozone-interface-client-1.4.0-SNAPSHOT.jar:?]
	at org.apache.hadoop.ipc.ProtobufRpcEngine$Server.processCall(ProtobufRpcEngine.java:484) [hadoop-common-3.3.6.jar:?]
	at org.apache.hadoop.ipc.ProtobufRpcEngine2$Server$ProtoBufRpcInvoker.call(ProtobufRpcEngine2.java:595) [hadoop-common-3.3.6.jar:?]
	at org.apache.hadoop.ipc.ProtobufRpcEngine2$Server$ProtoBufRpcInvoker.call(ProtobufRpcEngine2.java:573) [hadoop-common-3.3.6.jar:?]
	at org.apache.hadoop.ipc.RPC$Server.call(RPC.java:1227) [hadoop-common-3.3.6.jar:?]
	at org.apache.hadoop.ipc.Server$RpcCall.run(Server.java:1094) [hadoop-common-3.3.6.jar:?]
	at org.apache.hadoop.ipc.Server$RpcCall.run(Server.java:1017) [hadoop-common-3.3.6.jar:?]
	at java.security.AccessController.doPrivileged(Native Method) ~[?:1.8.0_382]
	at javax.security.auth.Subject.doAs(Subject.java:422) [?:1.8.0_382]
	at org.apache.hadoop.security.UserGroupInformation.doAs(UserGroupInformation.java:1899) [hadoop-common-3.3.6.jar:?]
	at org.apache.hadoop.ipc.Server$Handler.run(Server.java:3048) [hadoop-common-3.3.6.jar:?]
08:54:17.039 [IPC Server handler 15 on default port 15057] ERROR OMAudit - user=runner | ip=127.0.0.1 | op=GET_FILE_STATUS {volume=volume93671, bucket=bucket89282, key=level0/level1/level1, dataSize=0, replicationConfig=null} | ret=FAILURE
org.apache.hadoop.ozone.om.exceptions.OMException: Unable to get file status: volume: volume93671 bucket: bucket89282 key: level0/level1/level1
	at org.apache.hadoop.ozone.om.KeyManagerImpl.getOzoneFileStatus(KeyManagerImpl.java:1195) ~[ozone-manager-1.4.0-SNAPSHOT.jar:?]
	at org.apache.hadoop.ozone.om.KeyManagerImpl.getFileStatus(KeyManagerImpl.java:1113) ~[ozone-manager-1.4.0-SNAPSHOT.jar:?]
	at org.apache.hadoop.ozone.om.OmMetadataReader.getFileStatus(OmMetadataReader.java:262) ~[ozone-manager-1.4.0-SNAPSHOT.jar:?]
	at org.apache.hadoop.ozone.om.OzoneManager.getFileStatus(OzoneManager.java:3530) ~[ozone-manager-1.4.0-SNAPSHOT.jar:?]
	at org.apache.hadoop.ozone.protocolPB.OzoneManagerRequestHandler.getOzoneFileStatus(OzoneManagerRequestHandler.java:971) ~[ozone-manager-1.4.0-SNAPSHOT.jar:?]
	at org.apache.hadoop.ozone.protocolPB.OzoneManagerRequestHandler.handleReadRequest(OzoneManagerRequestHandler.java:250) ~[ozone-manager-1.4.0-SNAPSHOT.jar:?]
	at org.apache.hadoop.ozone.protocolPB.OzoneManagerProtocolServerSideTranslatorPB.submitRequestDirectlyToOM(OzoneManagerProtocolServerSideTranslatorPB.java:274) ~[ozone-manager-1.4.0-SNAPSHOT.jar:?]
	at org.apache.hadoop.ozone.protocolPB.OzoneManagerProtocolServerSideTranslatorPB.processRequest(OzoneManagerProtocolServerSideTranslatorPB.java:175) ~[ozone-manager-1.4.0-SNAPSHOT.jar:?]
	at org.apache.hadoop.hdds.server.OzoneProtocolMessageDispatcher.processRequest(OzoneProtocolMessageDispatcher.java:87) [hdds-server-framework-1.4.0-SNAPSHOT.jar:?]
	at org.apache.hadoop.ozone.protocolPB.OzoneManagerProtocolServerSideTranslatorPB.submitRequest(OzoneManagerProtocolServerSideTranslatorPB.java:148) [ozone-manager-1.4.0-SNAPSHOT.jar:?]
	at org.apache.hadoop.ozone.protocol.proto.OzoneManagerProtocolProtos$OzoneManagerService$2.callBlockingMethod(OzoneManagerProtocolProtos.java) [ozone-interface-client-1.4.0-SNAPSHOT.jar:?]
	at org.apache.hadoop.ipc.ProtobufRpcEngine$Server.processCall(ProtobufRpcEngine.java:484) [hadoop-common-3.3.6.jar:?]
	at org.apache.hadoop.ipc.ProtobufRpcEngine2$Server$ProtoBufRpcInvoker.call(ProtobufRpcEngine2.java:595) [hadoop-common-3.3.6.jar:?]
	at org.apache.hadoop.ipc.ProtobufRpcEngine2$Server$ProtoBufRpcInvoker.call(ProtobufRpcEngine2.java:573) [hadoop-common-3.3.6.jar:?]
	at org.apache.hadoop.ipc.RPC$Server.call(RPC.java:1227) [hadoop-common-3.3.6.jar:?]
	at org.apache.hadoop.ipc.Server$RpcCall.run(Server.java:1094) [hadoop-common-3.3.6.jar:?]
	at org.apache.hadoop.ipc.Server$RpcCall.run(Server.java:1017) [hadoop-common-3.3.6.jar:?]
	at java.security.AccessController.doPrivileged(Native Method) ~[?:1.8.0_382]
	at javax.security.auth.Subject.doAs(Subject.java:422) [?:1.8.0_382]
	at org.apache.hadoop.security.UserGroupInformation.doAs(UserGroupInformation.java:1899) [hadoop-common-3.3.6.jar:?]
	at org.apache.hadoop.ipc.Server$Handler.run(Server.java:3048) [hadoop-common-3.3.6.jar:?]
08:54:17.041 [IPC Server handler 17 on default port 15057] ERROR OMAudit - user=runner | ip=127.0.0.1 | op=GET_FILE_STATUS {volume=volume93671, bucket=bucket89282, key=level0/level1/file1, dataSize=0, replicationConfig=null} | ret=FAILURE
org.apache.hadoop.ozone.om.exceptions.OMException: Unable to get file status: volume: volume93671 bucket: bucket89282 key: level0/level1/file1
	at org.apache.hadoop.ozone.om.KeyManagerImpl.getOzoneFileStatus(KeyManagerImpl.java:1195) ~[ozone-manager-1.4.0-SNAPSHOT.jar:?]
	at org.apache.hadoop.ozone.om.KeyManagerImpl.getFileStatus(KeyManagerImpl.java:1113) ~[ozone-manager-1.4.0-SNAPSHOT.jar:?]
	at org.apache.hadoop.ozone.om.OmMetadataReader.getFileStatus(OmMetadataReader.java:262) ~[ozone-manager-1.4.0-SNAPSHOT.jar:?]
	at org.apache.hadoop.ozone.om.OzoneManager.getFileStatus(OzoneManager.java:3530) ~[ozone-manager-1.4.0-SNAPSHOT.jar:?]
	at org.apache.hadoop.ozone.protocolPB.OzoneManagerRequestHandler.getOzoneFileStatus(OzoneManagerRequestHandler.java:971) ~[ozone-manager-1.4.0-SNAPSHOT.jar:?]
	at org.apache.hadoop.ozone.protocolPB.OzoneManagerRequestHandler.handleReadRequest(OzoneManagerRequestHandler.java:250) ~[ozone-manager-1.4.0-SNAPSHOT.jar:?]
	at org.apache.hadoop.ozone.protocolPB.OzoneManagerProtocolServerSideTranslatorPB.submitRequestDirectlyToOM(OzoneManagerProtocolServerSideTranslatorPB.java:274) ~[ozone-manager-1.4.0-SNAPSHOT.jar:?]
	at org.apache.hadoop.ozone.protocolPB.OzoneManagerProtocolServerSideTranslatorPB.processRequest(OzoneManagerProtocolServerSideTranslatorPB.java:175) ~[ozone-manager-1.4.0-SNAPSHOT.jar:?]
	at org.apache.hadoop.hdds.server.OzoneProtocolMessageDispatcher.processRequest(OzoneProtocolMessageDispatcher.java:87) [hdds-server-framework-1.4.0-SNAPSHOT.jar:?]
	at org.apache.hadoop.ozone.protocolPB.OzoneManagerProtocolServerSideTranslatorPB.submitRequest(OzoneManagerProtocolServerSideTranslatorPB.java:148) [ozone-manager-1.4.0-SNAPSHOT.jar:?]
	at org.apache.hadoop.ozone.protocol.proto.OzoneManagerProtocolProtos$OzoneManagerService$2.callBlockingMethod(OzoneManagerProtocolProtos.java) [ozone-interface-client-1.4.0-SNAPSHOT.jar:?]
	at org.apache.hadoop.ipc.ProtobufRpcEngine$Server.processCall(ProtobufRpcEngine.java:484) [hadoop-common-3.3.6.jar:?]
	at org.apache.hadoop.ipc.ProtobufRpcEngine2$Server$ProtoBufRpcInvoker.call(ProtobufRpcEngine2.java:595) [hadoop-common-3.3.6.jar:?]
	at org.apache.hadoop.ipc.ProtobufRpcEngine2$Server$ProtoBufRpcInvoker.call(ProtobufRpcEngine2.java:573) [hadoop-common-3.3.6.jar:?]
	at org.apache.hadoop.ipc.RPC$Server.call(RPC.java:1227) [hadoop-common-3.3.6.jar:?]
	at org.apache.hadoop.ipc.Server$RpcCall.run(Server.java:1094) [hadoop-common-3.3.6.jar:?]
	at org.apache.hadoop.ipc.Server$RpcCall.run(Server.java:1017) [hadoop-common-3.3.6.jar:?]
	at java.security.AccessController.doPrivileged(Native Method) ~[?:1.8.0_382]
	at javax.security.auth.Subject.doAs(Subject.java:422) [?:1.8.0_382]
	at org.apache.hadoop.security.UserGroupInformation.doAs(UserGroupInformation.java:1899) [hadoop-common-3.3.6.jar:?]
	at org.apache.hadoop.ipc.Server$Handler.run(Server.java:3048) [hadoop-common-3.3.6.jar:?]
08:54:17.042 [IPC Server handler 18 on default port 15057] ERROR OMAudit - user=runner | ip=127.0.0.1 | op=GET_FILE_STATUS {volume=volume93671, bucket=bucket89282, key=level0/level1/level1/file1, dataSize=0, replicationConfig=null} | ret=FAILURE
org.apache.hadoop.ozone.om.exceptions.OMException: Unable to get file status: volume: volume93671 bucket: bucket89282 key: level0/level1/level1/file1
	at org.apache.hadoop.ozone.om.KeyManagerImpl.getOzoneFileStatus(KeyManagerImpl.java:1195) ~[ozone-manager-1.4.0-SNAPSHOT.jar:?]
	at org.apache.hadoop.ozone.om.KeyManagerImpl.getFileStatus(KeyManagerImpl.java:1113) ~[ozone-manager-1.4.0-SNAPSHOT.jar:?]
	at org.apache.hadoop.ozone.om.OmMetadataReader.getFileStatus(OmMetadataReader.java:262) ~[ozone-manager-1.4.0-SNAPSHOT.jar:?]
	at org.apache.hadoop.ozone.om.OzoneManager.getFileStatus(OzoneManager.java:3530) ~[ozone-manager-1.4.0-SNAPSHOT.jar:?]
	at org.apache.hadoop.ozone.protocolPB.OzoneManagerRequestHandler.getOzoneFileStatus(OzoneManagerRequestHandler.java:971) ~[ozone-manager-1.4.0-SNAPSHOT.jar:?]
	at org.apache.hadoop.ozone.protocolPB.OzoneManagerRequestHandler.handleReadRequest(OzoneManagerRequestHandler.java:250) ~[ozone-manager-1.4.0-SNAPSHOT.jar:?]
	at org.apache.hadoop.ozone.protocolPB.OzoneManagerProtocolServerSideTranslatorPB.submitRequestDirectlyToOM(OzoneManagerProtocolServerSideTranslatorPB.java:274) ~[ozone-manager-1.4.0-SNAPSHOT.jar:?]
	at org.apache.hadoop.ozone.protocolPB.OzoneManagerProtocolServerSideTranslatorPB.processRequest(OzoneManagerProtocolServerSideTranslatorPB.java:175) ~[ozone-manager-1.4.0-SNAPSHOT.jar:?]
	at org.apache.hadoop.hdds.server.OzoneProtocolMessageDispatcher.processRequest(OzoneProtocolMessageDispatcher.java:87) [hdds-server-framework-1.4.0-SNAPSHOT.jar:?]
	at org.apache.hadoop.ozone.protocolPB.OzoneManagerProtocolServerSideTranslatorPB.submitRequest(OzoneManagerProtocolServerSideTranslatorPB.java:148) [ozone-manager-1.4.0-SNAPSHOT.jar:?]
	at org.apache.hadoop.ozone.protocol.proto.OzoneManagerProtocolProtos$OzoneManagerService$2.callBlockingMethod(OzoneManagerProtocolProtos.java) [ozone-interface-client-1.4.0-SNAPSHOT.jar:?]
	at org.apache.hadoop.ipc.ProtobufRpcEngine$Server.processCall(ProtobufRpcEngine.java:484) [hadoop-common-3.3.6.jar:?]
	at org.apache.hadoop.ipc.ProtobufRpcEngine2$Server$ProtoBufRpcInvoker.call(ProtobufRpcEngine2.java:595) [hadoop-common-3.3.6.jar:?]
	at org.apache.hadoop.ipc.ProtobufRpcEngine2$Server$ProtoBufRpcInvoker.call(ProtobufRpcEngine2.java:573) [hadoop-common-3.3.6.jar:?]
	at org.apache.hadoop.ipc.RPC$Server.call(RPC.java:1227) [hadoop-common-3.3.6.jar:?]
	at org.apache.hadoop.ipc.Server$RpcCall.run(Server.java:1094) [hadoop-common-3.3.6.jar:?]
	at org.apache.hadoop.ipc.Server$RpcCall.run(Server.java:1017) [hadoop-common-3.3.6.jar:?]
	at java.security.AccessController.doPrivileged(Native Method) ~[?:1.8.0_382]
	at javax.security.auth.Subject.doAs(Subject.java:422) [?:1.8.0_382]
	at org.apache.hadoop.security.UserGroupInformation.doAs(UserGroupInformation.java:1899) [hadoop-common-3.3.6.jar:?]
	at org.apache.hadoop.ipc.Server$Handler.run(Server.java:3048) [hadoop-common-3.3.6.jar:?]
08:54:17.043 [IPC Server handler 19 on default port 15057] ERROR OMAudit - user=runner | ip=127.0.0.1 | op=GET_FILE_STATUS {volume=volume93671, bucket=bucket89282, key=level0/level2, dataSize=0, replicationConfig=null} | ret=FAILURE
org.apache.hadoop.ozone.om.exceptions.OMException: Unable to get file status: volume: volume93671 bucket: bucket89282 key: level0/level2
	at org.apache.hadoop.ozone.om.KeyManagerImpl.getOzoneFileStatus(KeyManagerImpl.java:1195) ~[ozone-manager-1.4.0-SNAPSHOT.jar:?]
	at org.apache.hadoop.ozone.om.KeyManagerImpl.getFileStatus(KeyManagerImpl.java:1113) ~[ozone-manager-1.4.0-SNAPSHOT.jar:?]
	at org.apache.hadoop.ozone.om.OmMetadataReader.getFileStatus(OmMetadataReader.java:262) ~[ozone-manager-1.4.0-SNAPSHOT.jar:?]
	at org.apache.hadoop.ozone.om.OzoneManager.getFileStatus(OzoneManager.java:3530) ~[ozone-manager-1.4.0-SNAPSHOT.jar:?]
	at org.apache.hadoop.ozone.protocolPB.OzoneManagerRequestHandler.getOzoneFileStatus(OzoneManagerRequestHandler.java:971) ~[ozone-manager-1.4.0-SNAPSHOT.jar:?]
	at org.apache.hadoop.ozone.protocolPB.OzoneManagerRequestHandler.handleReadRequest(OzoneManagerRequestHandler.java:250) ~[ozone-manager-1.4.0-SNAPSHOT.jar:?]
	at org.apache.hadoop.ozone.protocolPB.OzoneManagerProtocolServerSideTranslatorPB.submitRequestDirectlyToOM(OzoneManagerProtocolServerSideTranslatorPB.java:274) ~[ozone-manager-1.4.0-SNAPSHOT.jar:?]
	at org.apache.hadoop.ozone.protocolPB.OzoneManagerProtocolServerSideTranslatorPB.processRequest(OzoneManagerProtocolServerSideTranslatorPB.java:175) ~[ozone-manager-1.4.0-SNAPSHOT.jar:?]
	at org.apache.hadoop.hdds.server.OzoneProtocolMessageDispatcher.processRequest(OzoneProtocolMessageDispatcher.java:87) [hdds-server-framework-1.4.0-SNAPSHOT.jar:?]
	at org.apache.hadoop.ozone.protocolPB.OzoneManagerProtocolServerSideTranslatorPB.submitRequest(OzoneManagerProtocolServerSideTranslatorPB.java:148) [ozone-manager-1.4.0-SNAPSHOT.jar:?]
	at org.apache.hadoop.ozone.protocol.proto.OzoneManagerProtocolProtos$OzoneManagerService$2.callBlockingMethod(OzoneManagerProtocolProtos.java) [ozone-interface-client-1.4.0-SNAPSHOT.jar:?]
	at org.apache.hadoop.ipc.ProtobufRpcEngine$Server.processCall(ProtobufRpcEngine.java:484) [hadoop-common-3.3.6.jar:?]
	at org.apache.hadoop.ipc.ProtobufRpcEngine2$Server$ProtoBufRpcInvoker.call(ProtobufRpcEngine2.java:595) [hadoop-common-3.3.6.jar:?]
	at org.apache.hadoop.ipc.ProtobufRpcEngine2$Server$ProtoBufRpcInvoker.call(ProtobufRpcEngine2.java:573) [hadoop-common-3.3.6.jar:?]
	at org.apache.hadoop.ipc.RPC$Server.call(RPC.java:1227) [hadoop-common-3.3.6.jar:?]
	at org.apache.hadoop.ipc.Server$RpcCall.run(Server.java:1094) [hadoop-common-3.3.6.jar:?]
	at org.apache.hadoop.ipc.Server$RpcCall.run(Server.java:1017) [hadoop-common-3.3.6.jar:?]
	at java.security.AccessController.doPrivileged(Native Method) ~[?:1.8.0_382]
	at javax.security.auth.Subject.doAs(Subject.java:422) [?:1.8.0_382]
	at org.apache.hadoop.security.UserGroupInformation.doAs(UserGroupInformation.java:1899) [hadoop-common-3.3.6.jar:?]
	at org.apache.hadoop.ipc.Server$Handler.run(Server.java:3048) [hadoop-common-3.3.6.jar:?]
08:54:17.044 [IPC Server handler 0 on default port 15057] ERROR OMAudit - user=runner | ip=127.0.0.1 | op=GET_FILE_STATUS {volume=volume93671, bucket=bucket89282, key=level0/level2/level2, dataSize=0, replicationConfig=null} | ret=FAILURE
org.apache.hadoop.ozone.om.exceptions.OMException: Unable to get file status: volume: volume93671 bucket: bucket89282 key: level0/level2/level2
	at org.apache.hadoop.ozone.om.KeyManagerImpl.getOzoneFileStatus(KeyManagerImpl.java:1195) ~[ozone-manager-1.4.0-SNAPSHOT.jar:?]
	at org.apache.hadoop.ozone.om.KeyManagerImpl.getFileStatus(KeyManagerImpl.java:1113) ~[ozone-manager-1.4.0-SNAPSHOT.jar:?]
	at org.apache.hadoop.ozone.om.OmMetadataReader.getFileStatus(OmMetadataReader.java:262) ~[ozone-manager-1.4.0-SNAPSHOT.jar:?]
	at org.apache.hadoop.ozone.om.OzoneManager.getFileStatus(OzoneManager.java:3530) ~[ozone-manager-1.4.0-SNAPSHOT.jar:?]
	at org.apache.hadoop.ozone.protocolPB.OzoneManagerRequestHandler.getOzoneFileStatus(OzoneManagerRequestHandler.java:971) ~[ozone-manager-1.4.0-SNAPSHOT.jar:?]
	at org.apache.hadoop.ozone.protocolPB.OzoneManagerRequestHandler.handleReadRequest(OzoneManagerRequestHandler.java:250) ~[ozone-manager-1.4.0-SNAPSHOT.jar:?]
	at org.apache.hadoop.ozone.protocolPB.OzoneManagerProtocolServerSideTranslatorPB.submitRequestDirectlyToOM(OzoneManagerProtocolServerSideTranslatorPB.java:274) ~[ozone-manager-1.4.0-SNAPSHOT.jar:?]
	at org.apache.hadoop.ozone.protocolPB.OzoneManagerProtocolServerSideTranslatorPB.processRequest(OzoneManagerProtocolServerSideTranslatorPB.java:175) ~[ozone-manager-1.4.0-SNAPSHOT.jar:?]
	at org.apache.hadoop.hdds.server.OzoneProtocolMessageDispatcher.processRequest(OzoneProtocolMessageDispatcher.java:87) [hdds-server-framework-1.4.0-SNAPSHOT.jar:?]
	at org.apache.hadoop.ozone.protocolPB.OzoneManagerProtocolServerSideTranslatorPB.submitRequest(OzoneManagerProtocolServerSideTranslatorPB.java:148) [ozone-manager-1.4.0-SNAPSHOT.jar:?]
	at org.apache.hadoop.ozone.protocol.proto.OzoneManagerProtocolProtos$OzoneManagerService$2.callBlockingMethod(OzoneManagerProtocolProtos.java) [ozone-interface-client-1.4.0-SNAPSHOT.jar:?]
	at org.apache.hadoop.ipc.ProtobufRpcEngine$Server.processCall(ProtobufRpcEngine.java:484) [hadoop-common-3.3.6.jar:?]
	at org.apache.hadoop.ipc.ProtobufRpcEngine2$Server$ProtoBufRpcInvoker.call(ProtobufRpcEngine2.java:595) [hadoop-common-3.3.6.jar:?]
	at org.apache.hadoop.ipc.ProtobufRpcEngine2$Server$ProtoBufRpcInvoker.call(ProtobufRpcEngine2.java:573) [hadoop-common-3.3.6.jar:?]
	at org.apache.hadoop.ipc.RPC$Server.call(RPC.java:1227) [hadoop-common-3.3.6.jar:?]
	at org.apache.hadoop.ipc.Server$RpcCall.run(Server.java:1094) [hadoop-common-3.3.6.jar:?]
	at org.apache.hadoop.ipc.Server$RpcCall.run(Server.java:1017) [hadoop-common-3.3.6.jar:?]
	at java.security.AccessController.doPrivileged(Native Method) ~[?:1.8.0_382]
	at javax.security.auth.Subject.doAs(Subject.java:422) [?:1.8.0_382]
	at org.apache.hadoop.security.UserGroupInformation.doAs(UserGroupInformation.java:1899) [hadoop-common-3.3.6.jar:?]
	at org.apache.hadoop.ipc.Server$Handler.run(Server.java:3048) [hadoop-common-3.3.6.jar:?]
08:54:17.045 [IPC Server handler 2 on default port 15057] ERROR OMAudit - user=runner | ip=127.0.0.1 | op=GET_FILE_STATUS {volume=volume93671, bucket=bucket89282, key=level0/level2/file1, dataSize=0, replicationConfig=null} | ret=FAILURE
org.apache.hadoop.ozone.om.exceptions.OMException: Unable to get file status: volume: volume93671 bucket: bucket89282 key: level0/level2/file1
	at org.apache.hadoop.ozone.om.KeyManagerImpl.getOzoneFileStatus(KeyManagerImpl.java:1195) ~[ozone-manager-1.4.0-SNAPSHOT.jar:?]
	at org.apache.hadoop.ozone.om.KeyManagerImpl.getFileStatus(KeyManagerImpl.java:1113) ~[ozone-manager-1.4.0-SNAPSHOT.jar:?]
	at org.apache.hadoop.ozone.om.OmMetadataReader.getFileStatus(OmMetadataReader.java:262) ~[ozone-manager-1.4.0-SNAPSHOT.jar:?]
	at org.apache.hadoop.ozone.om.OzoneManager.getFileStatus(OzoneManager.java:3530) ~[ozone-manager-1.4.0-SNAPSHOT.jar:?]
	at org.apache.hadoop.ozone.protocolPB.OzoneManagerRequestHandler.getOzoneFileStatus(OzoneManagerRequestHandler.java:971) ~[ozone-manager-1.4.0-SNAPSHOT.jar:?]
	at org.apache.hadoop.ozone.protocolPB.OzoneManagerRequestHandler.handleReadRequest(OzoneManagerRequestHandler.java:250) ~[ozone-manager-1.4.0-SNAPSHOT.jar:?]
	at org.apache.hadoop.ozone.protocolPB.OzoneManagerProtocolServerSideTranslatorPB.submitRequestDirectlyToOM(OzoneManagerProtocolServerSideTranslatorPB.java:274) ~[ozone-manager-1.4.0-SNAPSHOT.jar:?]
	at org.apache.hadoop.ozone.protocolPB.OzoneManagerProtocolServerSideTranslatorPB.processRequest(OzoneManagerProtocolServerSideTranslatorPB.java:175) ~[ozone-manager-1.4.0-SNAPSHOT.jar:?]
	at org.apache.hadoop.hdds.server.OzoneProtocolMessageDispatcher.processRequest(OzoneProtocolMessageDispatcher.java:87) [hdds-server-framework-1.4.0-SNAPSHOT.jar:?]
	at org.apache.hadoop.ozone.protocolPB.OzoneManagerProtocolServerSideTranslatorPB.submitRequest(OzoneManagerProtocolServerSideTranslatorPB.java:148) [ozone-manager-1.4.0-SNAPSHOT.jar:?]
	at org.apache.hadoop.ozone.protocol.proto.OzoneManagerProtocolProtos$OzoneManagerService$2.callBlockingMethod(OzoneManagerProtocolProtos.java) [ozone-interface-client-1.4.0-SNAPSHOT.jar:?]
	at org.apache.hadoop.ipc.ProtobufRpcEngine$Server.processCall(ProtobufRpcEngine.java:484) [hadoop-common-3.3.6.jar:?]
	at org.apache.hadoop.ipc.ProtobufRpcEngine2$Server$ProtoBufRpcInvoker.call(ProtobufRpcEngine2.java:595) [hadoop-common-3.3.6.jar:?]
	at org.apache.hadoop.ipc.ProtobufRpcEngine2$Server$ProtoBufRpcInvoker.call(ProtobufRpcEngine2.java:573) [hadoop-common-3.3.6.jar:?]
	at org.apache.hadoop.ipc.RPC$Server.call(RPC.java:1227) [hadoop-common-3.3.6.jar:?]
	at org.apache.hadoop.ipc.Server$RpcCall.run(Server.java:1094) [hadoop-common-3.3.6.jar:?]
	at org.apache.hadoop.ipc.Server$RpcCall.run(Server.java:1017) [hadoop-common-3.3.6.jar:?]
	at java.security.AccessController.doPrivileged(Native Method) ~[?:1.8.0_382]
	at javax.security.auth.Subject.doAs(Subject.java:422) [?:1.8.0_382]
	at org.apache.hadoop.security.UserGroupInformation.doAs(UserGroupInformation.java:1899) [hadoop-common-3.3.6.jar:?]
	at org.apache.hadoop.ipc.Server$Handler.run(Server.java:3048) [hadoop-common-3.3.6.jar:?]
08:54:17.047 [IPC Server handler 7 on default port 15057] ERROR OMAudit - user=runner | ip=127.0.0.1 | op=GET_FILE_STATUS {volume=volume93671, bucket=bucket89282, key=level0/level2/level2/file1, dataSize=0, replicationConfig=null} | ret=FAILURE
org.apache.hadoop.ozone.om.exceptions.OMException: Unable to get file status: volume: volume93671 bucket: bucket89282 key: level0/level2/level2/file1
	at org.apache.hadoop.ozone.om.KeyManagerImpl.getOzoneFileStatus(KeyManagerImpl.java:1195) ~[ozone-manager-1.4.0-SNAPSHOT.jar:?]
	at org.apache.hadoop.ozone.om.KeyManagerImpl.getFileStatus(KeyManagerImpl.java:1113) ~[ozone-manager-1.4.0-SNAPSHOT.jar:?]
	at org.apache.hadoop.ozone.om.OmMetadataReader.getFileStatus(OmMetadataReader.java:262) ~[ozone-manager-1.4.0-SNAPSHOT.jar:?]
	at org.apache.hadoop.ozone.om.OzoneManager.getFileStatus(OzoneManager.java:3530) ~[ozone-manager-1.4.0-SNAPSHOT.jar:?]
	at org.apache.hadoop.ozone.protocolPB.OzoneManagerRequestHandler.getOzoneFileStatus(OzoneManagerRequestHandler.java:971) ~[ozone-manager-1.4.0-SNAPSHOT.jar:?]
	at org.apache.hadoop.ozone.protocolPB.OzoneManagerRequestHandler.handleReadRequest(OzoneManagerRequestHandler.java:250) ~[ozone-manager-1.4.0-SNAPSHOT.jar:?]
	at org.apache.hadoop.ozone.protocolPB.OzoneManagerProtocolServerSideTranslatorPB.submitRequestDirectlyToOM(OzoneManagerProtocolServerSideTranslatorPB.java:274) ~[ozone-manager-1.4.0-SNAPSHOT.jar:?]
	at org.apache.hadoop.ozone.protocolPB.OzoneManagerProtocolServerSideTranslatorPB.processRequest(OzoneManagerProtocolServerSideTranslatorPB.java:175) ~[ozone-manager-1.4.0-SNAPSHOT.jar:?]
	at org.apache.hadoop.hdds.server.OzoneProtocolMessageDispatcher.processRequest(OzoneProtocolMessageDispatcher.java:87) [hdds-server-framework-1.4.0-SNAPSHOT.jar:?]
	at org.apache.hadoop.ozone.protocolPB.OzoneManagerProtocolServerSideTranslatorPB.submitRequest(OzoneManagerProtocolServerSideTranslatorPB.java:148) [ozone-manager-1.4.0-SNAPSHOT.jar:?]
	at org.apache.hadoop.ozone.protocol.proto.OzoneManagerProtocolProtos$OzoneManagerService$2.callBlockingMethod(OzoneManagerProtocolProtos.java) [ozone-interface-client-1.4.0-SNAPSHOT.jar:?]
	at org.apache.hadoop.ipc.ProtobufRpcEngine$Server.processCall(ProtobufRpcEngine.java:484) [hadoop-common-3.3.6.jar:?]
	at org.apache.hadoop.ipc.ProtobufRpcEngine2$Server$ProtoBufRpcInvoker.call(ProtobufRpcEngine2.java:595) [hadoop-common-3.3.6.jar:?]
	at org.apache.hadoop.ipc.ProtobufRpcEngine2$Server$ProtoBufRpcInvoker.call(ProtobufRpcEngine2.java:573) [hadoop-common-3.3.6.jar:?]
	at org.apache.hadoop.ipc.RPC$Server.call(RPC.java:1227) [hadoop-common-3.3.6.jar:?]
	at org.apache.hadoop.ipc.Server$RpcCall.run(Server.java:1094) [hadoop-common-3.3.6.jar:?]
	at org.apache.hadoop.ipc.Server$RpcCall.run(Server.java:1017) [hadoop-common-3.3.6.jar:?]
	at java.security.AccessController.doPrivileged(Native Method) ~[?:1.8.0_382]
	at javax.security.auth.Subject.doAs(Subject.java:422) [?:1.8.0_382]
	at org.apache.hadoop.security.UserGroupInformation.doAs(UserGroupInformation.java:1899) [hadoop-common-3.3.6.jar:?]
	at org.apache.hadoop.ipc.Server$Handler.run(Server.java:3048) [hadoop-common-3.3.6.jar:?]
08:54:17.048 [IPC Server handler 1 on default port 15057] ERROR OMAudit - user=runner | ip=127.0.0.1 | op=GET_FILE_STATUS {volume=volume93671, bucket=bucket89282, key=level0/level3, dataSize=0, replicationConfig=null} | ret=FAILURE
org.apache.hadoop.ozone.om.exceptions.OMException: Unable to get file status: volume: volume93671 bucket: bucket89282 key: level0/level3
	at org.apache.hadoop.ozone.om.KeyManagerImpl.getOzoneFileStatus(KeyManagerImpl.java:1195) ~[ozone-manager-1.4.0-SNAPSHOT.jar:?]
	at org.apache.hadoop.ozone.om.KeyManagerImpl.getFileStatus(KeyManagerImpl.java:1113) ~[ozone-manager-1.4.0-SNAPSHOT.jar:?]
	at org.apache.hadoop.ozone.om.OmMetadataReader.getFileStatus(OmMetadataReader.java:262) ~[ozone-manager-1.4.0-SNAPSHOT.jar:?]
	at org.apache.hadoop.ozone.om.OzoneManager.getFileStatus(OzoneManager.java:3530) ~[ozone-manager-1.4.0-SNAPSHOT.jar:?]
	at org.apache.hadoop.ozone.protocolPB.OzoneManagerRequestHandler.getOzoneFileStatus(OzoneManagerRequestHandler.java:971) ~[ozone-manager-1.4.0-SNAPSHOT.jar:?]
	at org.apache.hadoop.ozone.protocolPB.OzoneManagerRequestHandler.handleReadRequest(OzoneManagerRequestHandler.java:250) ~[ozone-manager-1.4.0-SNAPSHOT.jar:?]
	at org.apache.hadoop.ozone.protocolPB.OzoneManagerProtocolServerSideTranslatorPB.submitRequestDirectlyToOM(OzoneManagerProtocolServerSideTranslatorPB.java:274) ~[ozone-manager-1.4.0-SNAPSHOT.jar:?]
	at org.apache.hadoop.ozone.protocolPB.OzoneManagerProtocolServerSideTranslatorPB.processRequest(OzoneManagerProtocolServerSideTranslatorPB.java:175) ~[ozone-manager-1.4.0-SNAPSHOT.jar:?]
	at org.apache.hadoop.hdds.server.OzoneProtocolMessageDispatcher.processRequest(OzoneProtocolMessageDispatcher.java:87) [hdds-server-framework-1.4.0-SNAPSHOT.jar:?]
	at org.apache.hadoop.ozone.protocolPB.OzoneManagerProtocolServerSideTranslatorPB.submitRequest(OzoneManagerProtocolServerSideTranslatorPB.java:148) [ozone-manager-1.4.0-SNAPSHOT.jar:?]
	at org.apache.hadoop.ozone.protocol.proto.OzoneManagerProtocolProtos$OzoneManagerService$2.callBlockingMethod(OzoneManagerProtocolProtos.java) [ozone-interface-client-1.4.0-SNAPSHOT.jar:?]
	at org.apache.hadoop.ipc.ProtobufRpcEngine$Server.processCall(ProtobufRpcEngine.java:484) [hadoop-common-3.3.6.jar:?]
	at org.apache.hadoop.ipc.ProtobufRpcEngine2$Server$ProtoBufRpcInvoker.call(ProtobufRpcEngine2.java:595) [hadoop-common-3.3.6.jar:?]
	at org.apache.hadoop.ipc.ProtobufRpcEngine2$Server$ProtoBufRpcInvoker.call(ProtobufRpcEngine2.java:573) [hadoop-common-3.3.6.jar:?]
	at org.apache.hadoop.ipc.RPC$Server.call(RPC.java:1227) [hadoop-common-3.3.6.jar:?]
	at org.apache.hadoop.ipc.Server$RpcCall.run(Server.java:1094) [hadoop-common-3.3.6.jar:?]
	at org.apache.hadoop.ipc.Server$RpcCall.run(Server.java:1017) [hadoop-common-3.3.6.jar:?]
	at java.security.AccessController.doPrivileged(Native Method) ~[?:1.8.0_382]
	at javax.security.auth.Subject.doAs(Subject.java:422) [?:1.8.0_382]
	at org.apache.hadoop.security.UserGroupInformation.doAs(UserGroupInformation.java:1899) [hadoop-common-3.3.6.jar:?]
	at org.apache.hadoop.ipc.Server$Handler.run(Server.java:3048) [hadoop-common-3.3.6.jar:?]
08:54:17.051 [IPC Server handler 3 on default port 15057] ERROR OMAudit - user=runner | ip=127.0.0.1 | op=GET_FILE_STATUS {volume=volume93671, bucket=bucket89282, key=level0/level3/level3, dataSize=0, replicationConfig=null} | ret=FAILURE
org.apache.hadoop.ozone.om.exceptions.OMException: Unable to get file status: volume: volume93671 bucket: bucket89282 key: level0/level3/level3
	at org.apache.hadoop.ozone.om.KeyManagerImpl.getOzoneFileStatus(KeyManagerImpl.java:1195) ~[ozone-manager-1.4.0-SNAPSHOT.jar:?]
	at org.apache.hadoop.ozone.om.KeyManagerImpl.getFileStatus(KeyManagerImpl.java:1113) ~[ozone-manager-1.4.0-SNAPSHOT.jar:?]
	at org.apache.hadoop.ozone.om.OmMetadataReader.getFileStatus(OmMetadataReader.java:262) ~[ozone-manager-1.4.0-SNAPSHOT.jar:?]
	at org.apache.hadoop.ozone.om.OzoneManager.getFileStatus(OzoneManager.java:3530) ~[ozone-manager-1.4.0-SNAPSHOT.jar:?]
	at org.apache.hadoop.ozone.protocolPB.OzoneManagerRequestHandler.getOzoneFileStatus(OzoneManagerRequestHandler.java:971) ~[ozone-manager-1.4.0-SNAPSHOT.jar:?]
	at org.apache.hadoop.ozone.protocolPB.OzoneManagerRequestHandler.handleReadRequest(OzoneManagerRequestHandler.java:250) ~[ozone-manager-1.4.0-SNAPSHOT.jar:?]
	at org.apache.hadoop.ozone.protocolPB.OzoneManagerProtocolServerSideTranslatorPB.submitRequestDirectlyToOM(OzoneManagerProtocolServerSideTranslatorPB.java:274) ~[ozone-manager-1.4.0-SNAPSHOT.jar:?]
	at org.apache.hadoop.ozone.protocolPB.OzoneManagerProtocolServerSideTranslatorPB.processRequest(OzoneManagerProtocolServerSideTranslatorPB.java:175) ~[ozone-manager-1.4.0-SNAPSHOT.jar:?]
	at org.apache.hadoop.hdds.server.OzoneProtocolMessageDispatcher.processRequest(OzoneProtocolMessageDispatcher.java:87) [hdds-server-framework-1.4.0-SNAPSHOT.jar:?]
	at org.apache.hadoop.ozone.protocolPB.OzoneManagerProtocolServerSideTranslatorPB.submitRequest(OzoneManagerProtocolServerSideTranslatorPB.java:148) [ozone-manager-1.4.0-SNAPSHOT.jar:?]
	at org.apache.hadoop.ozone.protocol.proto.OzoneManagerProtocolProtos$OzoneManagerService$2.callBlockingMethod(OzoneManagerProtocolProtos.java) [ozone-interface-client-1.4.0-SNAPSHOT.jar:?]
	at org.apache.hadoop.ipc.ProtobufRpcEngine$Server.processCall(ProtobufRpcEngine.java:484) [hadoop-common-3.3.6.jar:?]
	at org.apache.hadoop.ipc.ProtobufRpcEngine2$Server$ProtoBufRpcInvoker.call(ProtobufRpcEngine2.java:595) [hadoop-common-3.3.6.jar:?]
	at org.apache.hadoop.ipc.ProtobufRpcEngine2$Server$ProtoBufRpcInvoker.call(ProtobufRpcEngine2.java:573) [hadoop-common-3.3.6.jar:?]
	at org.apache.hadoop.ipc.RPC$Server.call(RPC.java:1227) [hadoop-common-3.3.6.jar:?]
	at org.apache.hadoop.ipc.Server$RpcCall.run(Server.java:1094) [hadoop-common-3.3.6.jar:?]
	at org.apache.hadoop.ipc.Server$RpcCall.run(Server.java:1017) [hadoop-common-3.3.6.jar:?]
	at java.security.AccessController.doPrivileged(Native Method) ~[?:1.8.0_382]
	at javax.security.auth.Subject.doAs(Subject.java:422) [?:1.8.0_382]
	at org.apache.hadoop.security.UserGroupInformation.doAs(UserGroupInformation.java:1899) [hadoop-common-3.3.6.jar:?]
	at org.apache.hadoop.ipc.Server$Handler.run(Server.java:3048) [hadoop-common-3.3.6.jar:?]
08:54:17.052 [IPC Server handler 4 on default port 15057] ERROR OMAudit - user=runner | ip=127.0.0.1 | op=GET_FILE_STATUS {volume=volume93671, bucket=bucket89282, key=level0/level3/file1, dataSize=0, replicationConfig=null} | ret=FAILURE
org.apache.hadoop.ozone.om.exceptions.OMException: Unable to get file status: volume: volume93671 bucket: bucket89282 key: level0/level3/file1
	at org.apache.hadoop.ozone.om.KeyManagerImpl.getOzoneFileStatus(KeyManagerImpl.java:1195) ~[ozone-manager-1.4.0-SNAPSHOT.jar:?]
	at org.apache.hadoop.ozone.om.KeyManagerImpl.getFileStatus(KeyManagerImpl.java:1113) ~[ozone-manager-1.4.0-SNAPSHOT.jar:?]
	at org.apache.hadoop.ozone.om.OmMetadataReader.getFileStatus(OmMetadataReader.java:262) ~[ozone-manager-1.4.0-SNAPSHOT.jar:?]
	at org.apache.hadoop.ozone.om.OzoneManager.getFileStatus(OzoneManager.java:3530) ~[ozone-manager-1.4.0-SNAPSHOT.jar:?]
	at org.apache.hadoop.ozone.protocolPB.OzoneManagerRequestHandler.getOzoneFileStatus(OzoneManagerRequestHandler.java:971) ~[ozone-manager-1.4.0-SNAPSHOT.jar:?]
	at org.apache.hadoop.ozone.protocolPB.OzoneManagerRequestHandler.handleReadRequest(OzoneManagerRequestHandler.java:250) ~[ozone-manager-1.4.0-SNAPSHOT.jar:?]
	at org.apache.hadoop.ozone.protocolPB.OzoneManagerProtocolServerSideTranslatorPB.submitRequestDirectlyToOM(OzoneManagerProtocolServerSideTranslatorPB.java:274) ~[ozone-manager-1.4.0-SNAPSHOT.jar:?]
	at org.apache.hadoop.ozone.protocolPB.OzoneManagerProtocolServerSideTranslatorPB.processRequest(OzoneManagerProtocolServerSideTranslatorPB.java:175) ~[ozone-manager-1.4.0-SNAPSHOT.jar:?]
	at org.apache.hadoop.hdds.server.OzoneProtocolMessageDispatcher.processRequest(OzoneProtocolMessageDispatcher.java:87) [hdds-server-framework-1.4.0-SNAPSHOT.jar:?]
	at org.apache.hadoop.ozone.protocolPB.OzoneManagerProtocolServerSideTranslatorPB.submitRequest(OzoneManagerProtocolServerSideTranslatorPB.java:148) [ozone-manager-1.4.0-SNAPSHOT.jar:?]
	at org.apache.hadoop.ozone.protocol.proto.OzoneManagerProtocolProtos$OzoneManagerService$2.callBlockingMethod(OzoneManagerProtocolProtos.java) [ozone-interface-client-1.4.0-SNAPSHOT.jar:?]
	at org.apache.hadoop.ipc.ProtobufRpcEngine$Server.processCall(ProtobufRpcEngine.java:484) [hadoop-common-3.3.6.jar:?]
	at org.apache.hadoop.ipc.ProtobufRpcEngine2$Server$ProtoBufRpcInvoker.call(ProtobufRpcEngine2.java:595) [hadoop-common-3.3.6.jar:?]
	at org.apache.hadoop.ipc.ProtobufRpcEngine2$Server$ProtoBufRpcInvoker.call(ProtobufRpcEngine2.java:573) [hadoop-common-3.3.6.jar:?]
	at org.apache.hadoop.ipc.RPC$Server.call(RPC.java:1227) [hadoop-common-3.3.6.jar:?]
	at org.apache.hadoop.ipc.Server$RpcCall.run(Server.java:1094) [hadoop-common-3.3.6.jar:?]
	at org.apache.hadoop.ipc.Server$RpcCall.run(Server.java:1017) [hadoop-common-3.3.6.jar:?]
	at java.security.AccessController.doPrivileged(Native Method) ~[?:1.8.0_382]
	at javax.security.auth.Subject.doAs(Subject.java:422) [?:1.8.0_382]
	at org.apache.hadoop.security.UserGroupInformation.doAs(UserGroupInformation.java:1899) [hadoop-common-3.3.6.jar:?]
	at org.apache.hadoop.ipc.Server$Handler.run(Server.java:3048) [hadoop-common-3.3.6.jar:?]
08:54:17.053 [IPC Server handler 6 on default port 15057] ERROR OMAudit - user=runner | ip=127.0.0.1 | op=GET_FILE_STATUS {volume=volume93671, bucket=bucket89282, key=level0/level3/level3/file1, dataSize=0, replicationConfig=null} | ret=FAILURE
org.apache.hadoop.ozone.om.exceptions.OMException: Unable to get file status: volume: volume93671 bucket: bucket89282 key: level0/level3/level3/file1
	at org.apache.hadoop.ozone.om.KeyManagerImpl.getOzoneFileStatus(KeyManagerImpl.java:1195) ~[ozone-manager-1.4.0-SNAPSHOT.jar:?]
	at org.apache.hadoop.ozone.om.KeyManagerImpl.getFileStatus(KeyManagerImpl.java:1113) ~[ozone-manager-1.4.0-SNAPSHOT.jar:?]
	at org.apache.hadoop.ozone.om.OmMetadataReader.getFileStatus(OmMetadataReader.java:262) ~[ozone-manager-1.4.0-SNAPSHOT.jar:?]
	at org.apache.hadoop.ozone.om.OzoneManager.getFileStatus(OzoneManager.java:3530) ~[ozone-manager-1.4.0-SNAPSHOT.jar:?]
	at org.apache.hadoop.ozone.protocolPB.OzoneManagerRequestHandler.getOzoneFileStatus(OzoneManagerRequestHandler.java:971) ~[ozone-manager-1.4.0-SNAPSHOT.jar:?]
	at org.apache.hadoop.ozone.protocolPB.OzoneManagerRequestHandler.handleReadRequest(OzoneManagerRequestHandler.java:250) ~[ozone-manager-1.4.0-SNAPSHOT.jar:?]
	at org.apache.hadoop.ozone.protocolPB.OzoneManagerProtocolServerSideTranslatorPB.submitRequestDirectlyToOM(OzoneManagerProtocolServerSideTranslatorPB.java:274) ~[ozone-manager-1.4.0-SNAPSHOT.jar:?]
	at org.apache.hadoop.ozone.protocolPB.OzoneManagerProtocolServerSideTranslatorPB.processRequest(OzoneManagerProtocolServerSideTranslatorPB.java:175) ~[ozone-manager-1.4.0-SNAPSHOT.jar:?]
	at org.apache.hadoop.hdds.server.OzoneProtocolMessageDispatcher.processRequest(OzoneProtocolMessageDispatcher.java:87) [hdds-server-framework-1.4.0-SNAPSHOT.jar:?]
	at org.apache.hadoop.ozone.protocolPB.OzoneManagerProtocolServerSideTranslatorPB.submitRequest(OzoneManagerProtocolServerSideTranslatorPB.java:148) [ozone-manager-1.4.0-SNAPSHOT.jar:?]
	at org.apache.hadoop.ozone.protocol.proto.OzoneManagerProtocolProtos$OzoneManagerService$2.callBlockingMethod(OzoneManagerProtocolProtos.java) [ozone-interface-client-1.4.0-SNAPSHOT.jar:?]
	at org.apache.hadoop.ipc.ProtobufRpcEngine$Server.processCall(ProtobufRpcEngine.java:484) [hadoop-common-3.3.6.jar:?]
	at org.apache.hadoop.ipc.ProtobufRpcEngine2$Server$ProtoBufRpcInvoker.call(ProtobufRpcEngine2.java:595) [hadoop-common-3.3.6.jar:?]
	at org.apache.hadoop.ipc.ProtobufRpcEngine2$Server$ProtoBufRpcInvoker.call(ProtobufRpcEngine2.java:573) [hadoop-common-3.3.6.jar:?]
	at org.apache.hadoop.ipc.RPC$Server.call(RPC.java:1227) [hadoop-common-3.3.6.jar:?]
	at org.apache.hadoop.ipc.Server$RpcCall.run(Server.java:1094) [hadoop-common-3.3.6.jar:?]
	at org.apache.hadoop.ipc.Server$RpcCall.run(Server.java:1017) [hadoop-common-3.3.6.jar:?]
	at java.security.AccessController.doPrivileged(Native Method) ~[?:1.8.0_382]
	at javax.security.auth.Subject.doAs(Subject.java:422) [?:1.8.0_382]
	at org.apache.hadoop.security.UserGroupInformation.doAs(UserGroupInformation.java:1899) [hadoop-common-3.3.6.jar:?]
	at org.apache.hadoop.ipc.Server$Handler.run(Server.java:3048) [hadoop-common-3.3.6.jar:?]
]]></system-out>
  </testcase>
  <testcase name="testRecursiveDelete" classname="TestOzoneFileSystem" time="0.242">
    <system-out><![CDATA[08:55:40.916 [IPC Server handler 7 on default port 15110] ERROR OMAudit - user=runner | ip=127.0.0.1 | op=GET_FILE_STATUS {volume=volume76246, bucket=bucket29151, key=gdir1, dataSize=0, replicationConfig=null} | ret=FAILURE
org.apache.hadoop.ozone.om.exceptions.OMException: Unable to get file status: volume: volume76246 bucket: bucket29151 key: gdir1
	at org.apache.hadoop.ozone.om.KeyManagerImpl.getOzoneFileStatus(KeyManagerImpl.java:1195) ~[ozone-manager-1.4.0-SNAPSHOT.jar:?]
	at org.apache.hadoop.ozone.om.KeyManagerImpl.getFileStatus(KeyManagerImpl.java:1113) ~[ozone-manager-1.4.0-SNAPSHOT.jar:?]
	at org.apache.hadoop.ozone.om.OmMetadataReader.getFileStatus(OmMetadataReader.java:262) ~[ozone-manager-1.4.0-SNAPSHOT.jar:?]
	at org.apache.hadoop.ozone.om.OzoneManager.getFileStatus(OzoneManager.java:3530) ~[ozone-manager-1.4.0-SNAPSHOT.jar:?]
	at org.apache.hadoop.ozone.protocolPB.OzoneManagerRequestHandler.getOzoneFileStatus(OzoneManagerRequestHandler.java:971) ~[ozone-manager-1.4.0-SNAPSHOT.jar:?]
	at org.apache.hadoop.ozone.protocolPB.OzoneManagerRequestHandler.handleReadRequest(OzoneManagerRequestHandler.java:250) ~[ozone-manager-1.4.0-SNAPSHOT.jar:?]
	at org.apache.hadoop.ozone.protocolPB.OzoneManagerProtocolServerSideTranslatorPB.submitReadRequestToOM(OzoneManagerProtocolServerSideTranslatorPB.java:225) ~[ozone-manager-1.4.0-SNAPSHOT.jar:?]
	at org.apache.hadoop.ozone.protocolPB.OzoneManagerProtocolServerSideTranslatorPB.processRequest(OzoneManagerProtocolServerSideTranslatorPB.java:179) ~[ozone-manager-1.4.0-SNAPSHOT.jar:?]
	at org.apache.hadoop.hdds.server.OzoneProtocolMessageDispatcher.processRequest(OzoneProtocolMessageDispatcher.java:87) [hdds-server-framework-1.4.0-SNAPSHOT.jar:?]
	at org.apache.hadoop.ozone.protocolPB.OzoneManagerProtocolServerSideTranslatorPB.submitRequest(OzoneManagerProtocolServerSideTranslatorPB.java:148) [ozone-manager-1.4.0-SNAPSHOT.jar:?]
	at org.apache.hadoop.ozone.protocol.proto.OzoneManagerProtocolProtos$OzoneManagerService$2.callBlockingMethod(OzoneManagerProtocolProtos.java) [ozone-interface-client-1.4.0-SNAPSHOT.jar:?]
	at org.apache.hadoop.ipc.ProtobufRpcEngine$Server.processCall(ProtobufRpcEngine.java:484) [hadoop-common-3.3.6.jar:?]
	at org.apache.hadoop.ipc.ProtobufRpcEngine2$Server$ProtoBufRpcInvoker.call(ProtobufRpcEngine2.java:595) [hadoop-common-3.3.6.jar:?]
	at org.apache.hadoop.ipc.ProtobufRpcEngine2$Server$ProtoBufRpcInvoker.call(ProtobufRpcEngine2.java:573) [hadoop-common-3.3.6.jar:?]
	at org.apache.hadoop.ipc.RPC$Server.call(RPC.java:1227) [hadoop-common-3.3.6.jar:?]
	at org.apache.hadoop.ipc.Server$RpcCall.run(Server.java:1094) [hadoop-common-3.3.6.jar:?]
	at org.apache.hadoop.ipc.Server$RpcCall.run(Server.java:1017) [hadoop-common-3.3.6.jar:?]
	at java.security.AccessController.doPrivileged(Native Method) ~[?:1.8.0_382]
	at javax.security.auth.Subject.doAs(Subject.java:422) [?:1.8.0_382]
	at org.apache.hadoop.security.UserGroupInformation.doAs(UserGroupInformation.java:1899) [hadoop-common-3.3.6.jar:?]
	at org.apache.hadoop.ipc.Server$Handler.run(Server.java:3048) [hadoop-common-3.3.6.jar:?]
08:55:40.917 [IPC Server handler 10 on default port 15110] ERROR OMAudit - user=runner | ip=127.0.0.1 | op=GET_FILE_STATUS {volume=volume76246, bucket=bucket29151, key=gdir1/dir1, dataSize=0, replicationConfig=null} | ret=FAILURE
org.apache.hadoop.ozone.om.exceptions.OMException: Unable to get file status: volume: volume76246 bucket: bucket29151 key: gdir1/dir1
	at org.apache.hadoop.ozone.om.KeyManagerImpl.getOzoneFileStatus(KeyManagerImpl.java:1195) ~[ozone-manager-1.4.0-SNAPSHOT.jar:?]
	at org.apache.hadoop.ozone.om.KeyManagerImpl.getFileStatus(KeyManagerImpl.java:1113) ~[ozone-manager-1.4.0-SNAPSHOT.jar:?]
	at org.apache.hadoop.ozone.om.OmMetadataReader.getFileStatus(OmMetadataReader.java:262) ~[ozone-manager-1.4.0-SNAPSHOT.jar:?]
	at org.apache.hadoop.ozone.om.OzoneManager.getFileStatus(OzoneManager.java:3530) ~[ozone-manager-1.4.0-SNAPSHOT.jar:?]
	at org.apache.hadoop.ozone.protocolPB.OzoneManagerRequestHandler.getOzoneFileStatus(OzoneManagerRequestHandler.java:971) ~[ozone-manager-1.4.0-SNAPSHOT.jar:?]
	at org.apache.hadoop.ozone.protocolPB.OzoneManagerRequestHandler.handleReadRequest(OzoneManagerRequestHandler.java:250) ~[ozone-manager-1.4.0-SNAPSHOT.jar:?]
	at org.apache.hadoop.ozone.protocolPB.OzoneManagerProtocolServerSideTranslatorPB.submitReadRequestToOM(OzoneManagerProtocolServerSideTranslatorPB.java:225) ~[ozone-manager-1.4.0-SNAPSHOT.jar:?]
	at org.apache.hadoop.ozone.protocolPB.OzoneManagerProtocolServerSideTranslatorPB.processRequest(OzoneManagerProtocolServerSideTranslatorPB.java:179) ~[ozone-manager-1.4.0-SNAPSHOT.jar:?]
	at org.apache.hadoop.hdds.server.OzoneProtocolMessageDispatcher.processRequest(OzoneProtocolMessageDispatcher.java:87) [hdds-server-framework-1.4.0-SNAPSHOT.jar:?]
	at org.apache.hadoop.ozone.protocolPB.OzoneManagerProtocolServerSideTranslatorPB.submitRequest(OzoneManagerProtocolServerSideTranslatorPB.java:148) [ozone-manager-1.4.0-SNAPSHOT.jar:?]
	at org.apache.hadoop.ozone.protocol.proto.OzoneManagerProtocolProtos$OzoneManagerService$2.callBlockingMethod(OzoneManagerProtocolProtos.java) [ozone-interface-client-1.4.0-SNAPSHOT.jar:?]
	at org.apache.hadoop.ipc.ProtobufRpcEngine$Server.processCall(ProtobufRpcEngine.java:484) [hadoop-common-3.3.6.jar:?]
	at org.apache.hadoop.ipc.ProtobufRpcEngine2$Server$ProtoBufRpcInvoker.call(ProtobufRpcEngine2.java:595) [hadoop-common-3.3.6.jar:?]
	at org.apache.hadoop.ipc.ProtobufRpcEngine2$Server$ProtoBufRpcInvoker.call(ProtobufRpcEngine2.java:573) [hadoop-common-3.3.6.jar:?]
	at org.apache.hadoop.ipc.RPC$Server.call(RPC.java:1227) [hadoop-common-3.3.6.jar:?]
	at org.apache.hadoop.ipc.Server$RpcCall.run(Server.java:1094) [hadoop-common-3.3.6.jar:?]
	at org.apache.hadoop.ipc.Server$RpcCall.run(Server.java:1017) [hadoop-common-3.3.6.jar:?]
	at java.security.AccessController.doPrivileged(Native Method) ~[?:1.8.0_382]
	at javax.security.auth.Subject.doAs(Subject.java:422) [?:1.8.0_382]
	at org.apache.hadoop.security.UserGroupInformation.doAs(UserGroupInformation.java:1899) [hadoop-common-3.3.6.jar:?]
	at org.apache.hadoop.ipc.Server$Handler.run(Server.java:3048) [hadoop-common-3.3.6.jar:?]
08:55:40.918 [IPC Server handler 1 on default port 15110] ERROR OMAudit - user=runner | ip=127.0.0.1 | op=GET_FILE_STATUS {volume=volume76246, bucket=bucket29151, key=gdir1/dir1/child, dataSize=0, replicationConfig=null} | ret=FAILURE
org.apache.hadoop.ozone.om.exceptions.OMException: Unable to get file status: volume: volume76246 bucket: bucket29151 key: gdir1/dir1/child
	at org.apache.hadoop.ozone.om.KeyManagerImpl.getOzoneFileStatus(KeyManagerImpl.java:1195) ~[ozone-manager-1.4.0-SNAPSHOT.jar:?]
	at org.apache.hadoop.ozone.om.KeyManagerImpl.getFileStatus(KeyManagerImpl.java:1113) ~[ozone-manager-1.4.0-SNAPSHOT.jar:?]
	at org.apache.hadoop.ozone.om.OmMetadataReader.getFileStatus(OmMetadataReader.java:262) ~[ozone-manager-1.4.0-SNAPSHOT.jar:?]
	at org.apache.hadoop.ozone.om.OzoneManager.getFileStatus(OzoneManager.java:3530) ~[ozone-manager-1.4.0-SNAPSHOT.jar:?]
	at org.apache.hadoop.ozone.protocolPB.OzoneManagerRequestHandler.getOzoneFileStatus(OzoneManagerRequestHandler.java:971) ~[ozone-manager-1.4.0-SNAPSHOT.jar:?]
	at org.apache.hadoop.ozone.protocolPB.OzoneManagerRequestHandler.handleReadRequest(OzoneManagerRequestHandler.java:250) ~[ozone-manager-1.4.0-SNAPSHOT.jar:?]
	at org.apache.hadoop.ozone.protocolPB.OzoneManagerProtocolServerSideTranslatorPB.submitReadRequestToOM(OzoneManagerProtocolServerSideTranslatorPB.java:225) ~[ozone-manager-1.4.0-SNAPSHOT.jar:?]
	at org.apache.hadoop.ozone.protocolPB.OzoneManagerProtocolServerSideTranslatorPB.processRequest(OzoneManagerProtocolServerSideTranslatorPB.java:179) ~[ozone-manager-1.4.0-SNAPSHOT.jar:?]
	at org.apache.hadoop.hdds.server.OzoneProtocolMessageDispatcher.processRequest(OzoneProtocolMessageDispatcher.java:87) [hdds-server-framework-1.4.0-SNAPSHOT.jar:?]
	at org.apache.hadoop.ozone.protocolPB.OzoneManagerProtocolServerSideTranslatorPB.submitRequest(OzoneManagerProtocolServerSideTranslatorPB.java:148) [ozone-manager-1.4.0-SNAPSHOT.jar:?]
	at org.apache.hadoop.ozone.protocol.proto.OzoneManagerProtocolProtos$OzoneManagerService$2.callBlockingMethod(OzoneManagerProtocolProtos.java) [ozone-interface-client-1.4.0-SNAPSHOT.jar:?]
	at org.apache.hadoop.ipc.ProtobufRpcEngine$Server.processCall(ProtobufRpcEngine.java:484) [hadoop-common-3.3.6.jar:?]
	at org.apache.hadoop.ipc.ProtobufRpcEngine2$Server$ProtoBufRpcInvoker.call(ProtobufRpcEngine2.java:595) [hadoop-common-3.3.6.jar:?]
	at org.apache.hadoop.ipc.ProtobufRpcEngine2$Server$ProtoBufRpcInvoker.call(ProtobufRpcEngine2.java:573) [hadoop-common-3.3.6.jar:?]
	at org.apache.hadoop.ipc.RPC$Server.call(RPC.java:1227) [hadoop-common-3.3.6.jar:?]
	at org.apache.hadoop.ipc.Server$RpcCall.run(Server.java:1094) [hadoop-common-3.3.6.jar:?]
	at org.apache.hadoop.ipc.Server$RpcCall.run(Server.java:1017) [hadoop-common-3.3.6.jar:?]
	at java.security.AccessController.doPrivileged(Native Method) ~[?:1.8.0_382]
	at javax.security.auth.Subject.doAs(Subject.java:422) [?:1.8.0_382]
	at org.apache.hadoop.security.UserGroupInformation.doAs(UserGroupInformation.java:1899) [hadoop-common-3.3.6.jar:?]
	at org.apache.hadoop.ipc.Server$Handler.run(Server.java:3048) [hadoop-common-3.3.6.jar:?]
08:55:40.919 [IPC Server handler 0 on default port 15110] ERROR OMAudit - user=runner | ip=127.0.0.1 | op=GET_FILE_STATUS {volume=volume76246, bucket=bucket29151, key=gdir1/dir2, dataSize=0, replicationConfig=null} | ret=FAILURE
org.apache.hadoop.ozone.om.exceptions.OMException: Unable to get file status: volume: volume76246 bucket: bucket29151 key: gdir1/dir2
	at org.apache.hadoop.ozone.om.KeyManagerImpl.getOzoneFileStatus(KeyManagerImpl.java:1195) ~[ozone-manager-1.4.0-SNAPSHOT.jar:?]
	at org.apache.hadoop.ozone.om.KeyManagerImpl.getFileStatus(KeyManagerImpl.java:1113) ~[ozone-manager-1.4.0-SNAPSHOT.jar:?]
	at org.apache.hadoop.ozone.om.OmMetadataReader.getFileStatus(OmMetadataReader.java:262) ~[ozone-manager-1.4.0-SNAPSHOT.jar:?]
	at org.apache.hadoop.ozone.om.OzoneManager.getFileStatus(OzoneManager.java:3530) ~[ozone-manager-1.4.0-SNAPSHOT.jar:?]
	at org.apache.hadoop.ozone.protocolPB.OzoneManagerRequestHandler.getOzoneFileStatus(OzoneManagerRequestHandler.java:971) ~[ozone-manager-1.4.0-SNAPSHOT.jar:?]
	at org.apache.hadoop.ozone.protocolPB.OzoneManagerRequestHandler.handleReadRequest(OzoneManagerRequestHandler.java:250) ~[ozone-manager-1.4.0-SNAPSHOT.jar:?]
	at org.apache.hadoop.ozone.protocolPB.OzoneManagerProtocolServerSideTranslatorPB.submitReadRequestToOM(OzoneManagerProtocolServerSideTranslatorPB.java:225) ~[ozone-manager-1.4.0-SNAPSHOT.jar:?]
	at org.apache.hadoop.ozone.protocolPB.OzoneManagerProtocolServerSideTranslatorPB.processRequest(OzoneManagerProtocolServerSideTranslatorPB.java:179) ~[ozone-manager-1.4.0-SNAPSHOT.jar:?]
	at org.apache.hadoop.hdds.server.OzoneProtocolMessageDispatcher.processRequest(OzoneProtocolMessageDispatcher.java:87) [hdds-server-framework-1.4.0-SNAPSHOT.jar:?]
	at org.apache.hadoop.ozone.protocolPB.OzoneManagerProtocolServerSideTranslatorPB.submitRequest(OzoneManagerProtocolServerSideTranslatorPB.java:148) [ozone-manager-1.4.0-SNAPSHOT.jar:?]
	at org.apache.hadoop.ozone.protocol.proto.OzoneManagerProtocolProtos$OzoneManagerService$2.callBlockingMethod(OzoneManagerProtocolProtos.java) [ozone-interface-client-1.4.0-SNAPSHOT.jar:?]
	at org.apache.hadoop.ipc.ProtobufRpcEngine$Server.processCall(ProtobufRpcEngine.java:484) [hadoop-common-3.3.6.jar:?]
	at org.apache.hadoop.ipc.ProtobufRpcEngine2$Server$ProtoBufRpcInvoker.call(ProtobufRpcEngine2.java:595) [hadoop-common-3.3.6.jar:?]
	at org.apache.hadoop.ipc.ProtobufRpcEngine2$Server$ProtoBufRpcInvoker.call(ProtobufRpcEngine2.java:573) [hadoop-common-3.3.6.jar:?]
	at org.apache.hadoop.ipc.RPC$Server.call(RPC.java:1227) [hadoop-common-3.3.6.jar:?]
	at org.apache.hadoop.ipc.Server$RpcCall.run(Server.java:1094) [hadoop-common-3.3.6.jar:?]
	at org.apache.hadoop.ipc.Server$RpcCall.run(Server.java:1017) [hadoop-common-3.3.6.jar:?]
	at java.security.AccessController.doPrivileged(Native Method) ~[?:1.8.0_382]
	at javax.security.auth.Subject.doAs(Subject.java:422) [?:1.8.0_382]
	at org.apache.hadoop.security.UserGroupInformation.doAs(UserGroupInformation.java:1899) [hadoop-common-3.3.6.jar:?]
	at org.apache.hadoop.ipc.Server$Handler.run(Server.java:3048) [hadoop-common-3.3.6.jar:?]
08:55:40.920 [IPC Server handler 4 on default port 15110] ERROR OMAudit - user=runner | ip=127.0.0.1 | op=GET_FILE_STATUS {volume=volume76246, bucket=bucket29151, key=gdir1/dir2/child, dataSize=0, replicationConfig=null} | ret=FAILURE
org.apache.hadoop.ozone.om.exceptions.OMException: Unable to get file status: volume: volume76246 bucket: bucket29151 key: gdir1/dir2/child
	at org.apache.hadoop.ozone.om.KeyManagerImpl.getOzoneFileStatus(KeyManagerImpl.java:1195) ~[ozone-manager-1.4.0-SNAPSHOT.jar:?]
	at org.apache.hadoop.ozone.om.KeyManagerImpl.getFileStatus(KeyManagerImpl.java:1113) ~[ozone-manager-1.4.0-SNAPSHOT.jar:?]
	at org.apache.hadoop.ozone.om.OmMetadataReader.getFileStatus(OmMetadataReader.java:262) ~[ozone-manager-1.4.0-SNAPSHOT.jar:?]
	at org.apache.hadoop.ozone.om.OzoneManager.getFileStatus(OzoneManager.java:3530) ~[ozone-manager-1.4.0-SNAPSHOT.jar:?]
	at org.apache.hadoop.ozone.protocolPB.OzoneManagerRequestHandler.getOzoneFileStatus(OzoneManagerRequestHandler.java:971) ~[ozone-manager-1.4.0-SNAPSHOT.jar:?]
	at org.apache.hadoop.ozone.protocolPB.OzoneManagerRequestHandler.handleReadRequest(OzoneManagerRequestHandler.java:250) ~[ozone-manager-1.4.0-SNAPSHOT.jar:?]
	at org.apache.hadoop.ozone.protocolPB.OzoneManagerProtocolServerSideTranslatorPB.submitReadRequestToOM(OzoneManagerProtocolServerSideTranslatorPB.java:225) ~[ozone-manager-1.4.0-SNAPSHOT.jar:?]
	at org.apache.hadoop.ozone.protocolPB.OzoneManagerProtocolServerSideTranslatorPB.processRequest(OzoneManagerProtocolServerSideTranslatorPB.java:179) ~[ozone-manager-1.4.0-SNAPSHOT.jar:?]
	at org.apache.hadoop.hdds.server.OzoneProtocolMessageDispatcher.processRequest(OzoneProtocolMessageDispatcher.java:87) [hdds-server-framework-1.4.0-SNAPSHOT.jar:?]
	at org.apache.hadoop.ozone.protocolPB.OzoneManagerProtocolServerSideTranslatorPB.submitRequest(OzoneManagerProtocolServerSideTranslatorPB.java:148) [ozone-manager-1.4.0-SNAPSHOT.jar:?]
	at org.apache.hadoop.ozone.protocol.proto.OzoneManagerProtocolProtos$OzoneManagerService$2.callBlockingMethod(OzoneManagerProtocolProtos.java) [ozone-interface-client-1.4.0-SNAPSHOT.jar:?]
	at org.apache.hadoop.ipc.ProtobufRpcEngine$Server.processCall(ProtobufRpcEngine.java:484) [hadoop-common-3.3.6.jar:?]
	at org.apache.hadoop.ipc.ProtobufRpcEngine2$Server$ProtoBufRpcInvoker.call(ProtobufRpcEngine2.java:595) [hadoop-common-3.3.6.jar:?]
	at org.apache.hadoop.ipc.ProtobufRpcEngine2$Server$ProtoBufRpcInvoker.call(ProtobufRpcEngine2.java:573) [hadoop-common-3.3.6.jar:?]
	at org.apache.hadoop.ipc.RPC$Server.call(RPC.java:1227) [hadoop-common-3.3.6.jar:?]
	at org.apache.hadoop.ipc.Server$RpcCall.run(Server.java:1094) [hadoop-common-3.3.6.jar:?]
	at org.apache.hadoop.ipc.Server$RpcCall.run(Server.java:1017) [hadoop-common-3.3.6.jar:?]
	at java.security.AccessController.doPrivileged(Native Method) ~[?:1.8.0_382]
	at javax.security.auth.Subject.doAs(Subject.java:422) [?:1.8.0_382]
	at org.apache.hadoop.security.UserGroupInformation.doAs(UserGroupInformation.java:1899) [hadoop-common-3.3.6.jar:?]
	at org.apache.hadoop.ipc.Server$Handler.run(Server.java:3048) [hadoop-common-3.3.6.jar:?]
08:55:40.921 [IPC Server handler 11 on default port 15110] ERROR OMAudit - user=runner | ip=127.0.0.1 | op=GET_FILE_STATUS {volume=volume76246, bucket=bucket29151, key=gdir1/dir3, dataSize=0, replicationConfig=null} | ret=FAILURE
org.apache.hadoop.ozone.om.exceptions.OMException: Unable to get file status: volume: volume76246 bucket: bucket29151 key: gdir1/dir3
	at org.apache.hadoop.ozone.om.KeyManagerImpl.getOzoneFileStatus(KeyManagerImpl.java:1195) ~[ozone-manager-1.4.0-SNAPSHOT.jar:?]
	at org.apache.hadoop.ozone.om.KeyManagerImpl.getFileStatus(KeyManagerImpl.java:1113) ~[ozone-manager-1.4.0-SNAPSHOT.jar:?]
	at org.apache.hadoop.ozone.om.OmMetadataReader.getFileStatus(OmMetadataReader.java:262) ~[ozone-manager-1.4.0-SNAPSHOT.jar:?]
	at org.apache.hadoop.ozone.om.OzoneManager.getFileStatus(OzoneManager.java:3530) ~[ozone-manager-1.4.0-SNAPSHOT.jar:?]
	at org.apache.hadoop.ozone.protocolPB.OzoneManagerRequestHandler.getOzoneFileStatus(OzoneManagerRequestHandler.java:971) ~[ozone-manager-1.4.0-SNAPSHOT.jar:?]
	at org.apache.hadoop.ozone.protocolPB.OzoneManagerRequestHandler.handleReadRequest(OzoneManagerRequestHandler.java:250) ~[ozone-manager-1.4.0-SNAPSHOT.jar:?]
	at org.apache.hadoop.ozone.protocolPB.OzoneManagerProtocolServerSideTranslatorPB.submitReadRequestToOM(OzoneManagerProtocolServerSideTranslatorPB.java:225) ~[ozone-manager-1.4.0-SNAPSHOT.jar:?]
	at org.apache.hadoop.ozone.protocolPB.OzoneManagerProtocolServerSideTranslatorPB.processRequest(OzoneManagerProtocolServerSideTranslatorPB.java:179) ~[ozone-manager-1.4.0-SNAPSHOT.jar:?]
	at org.apache.hadoop.hdds.server.OzoneProtocolMessageDispatcher.processRequest(OzoneProtocolMessageDispatcher.java:87) [hdds-server-framework-1.4.0-SNAPSHOT.jar:?]
	at org.apache.hadoop.ozone.protocolPB.OzoneManagerProtocolServerSideTranslatorPB.submitRequest(OzoneManagerProtocolServerSideTranslatorPB.java:148) [ozone-manager-1.4.0-SNAPSHOT.jar:?]
	at org.apache.hadoop.ozone.protocol.proto.OzoneManagerProtocolProtos$OzoneManagerService$2.callBlockingMethod(OzoneManagerProtocolProtos.java) [ozone-interface-client-1.4.0-SNAPSHOT.jar:?]
	at org.apache.hadoop.ipc.ProtobufRpcEngine$Server.processCall(ProtobufRpcEngine.java:484) [hadoop-common-3.3.6.jar:?]
	at org.apache.hadoop.ipc.ProtobufRpcEngine2$Server$ProtoBufRpcInvoker.call(ProtobufRpcEngine2.java:595) [hadoop-common-3.3.6.jar:?]
	at org.apache.hadoop.ipc.ProtobufRpcEngine2$Server$ProtoBufRpcInvoker.call(ProtobufRpcEngine2.java:573) [hadoop-common-3.3.6.jar:?]
	at org.apache.hadoop.ipc.RPC$Server.call(RPC.java:1227) [hadoop-common-3.3.6.jar:?]
	at org.apache.hadoop.ipc.Server$RpcCall.run(Server.java:1094) [hadoop-common-3.3.6.jar:?]
	at org.apache.hadoop.ipc.Server$RpcCall.run(Server.java:1017) [hadoop-common-3.3.6.jar:?]
	at java.security.AccessController.doPrivileged(Native Method) ~[?:1.8.0_382]
	at javax.security.auth.Subject.doAs(Subject.java:422) [?:1.8.0_382]
	at org.apache.hadoop.security.UserGroupInformation.doAs(UserGroupInformation.java:1899) [hadoop-common-3.3.6.jar:?]
	at org.apache.hadoop.ipc.Server$Handler.run(Server.java:3048) [hadoop-common-3.3.6.jar:?]
08:55:40.923 [IPC Server handler 2 on default port 15110] ERROR OMAudit - user=runner | ip=127.0.0.1 | op=GET_FILE_STATUS {volume=volume76246, bucket=bucket29151, key=gdir1/dir3/child, dataSize=0, replicationConfig=null} | ret=FAILURE
org.apache.hadoop.ozone.om.exceptions.OMException: Unable to get file status: volume: volume76246 bucket: bucket29151 key: gdir1/dir3/child
	at org.apache.hadoop.ozone.om.KeyManagerImpl.getOzoneFileStatus(KeyManagerImpl.java:1195) ~[ozone-manager-1.4.0-SNAPSHOT.jar:?]
	at org.apache.hadoop.ozone.om.KeyManagerImpl.getFileStatus(KeyManagerImpl.java:1113) ~[ozone-manager-1.4.0-SNAPSHOT.jar:?]
	at org.apache.hadoop.ozone.om.OmMetadataReader.getFileStatus(OmMetadataReader.java:262) ~[ozone-manager-1.4.0-SNAPSHOT.jar:?]
	at org.apache.hadoop.ozone.om.OzoneManager.getFileStatus(OzoneManager.java:3530) ~[ozone-manager-1.4.0-SNAPSHOT.jar:?]
	at org.apache.hadoop.ozone.protocolPB.OzoneManagerRequestHandler.getOzoneFileStatus(OzoneManagerRequestHandler.java:971) ~[ozone-manager-1.4.0-SNAPSHOT.jar:?]
	at org.apache.hadoop.ozone.protocolPB.OzoneManagerRequestHandler.handleReadRequest(OzoneManagerRequestHandler.java:250) ~[ozone-manager-1.4.0-SNAPSHOT.jar:?]
	at org.apache.hadoop.ozone.protocolPB.OzoneManagerProtocolServerSideTranslatorPB.submitReadRequestToOM(OzoneManagerProtocolServerSideTranslatorPB.java:225) ~[ozone-manager-1.4.0-SNAPSHOT.jar:?]
	at org.apache.hadoop.ozone.protocolPB.OzoneManagerProtocolServerSideTranslatorPB.processRequest(OzoneManagerProtocolServerSideTranslatorPB.java:179) ~[ozone-manager-1.4.0-SNAPSHOT.jar:?]
	at org.apache.hadoop.hdds.server.OzoneProtocolMessageDispatcher.processRequest(OzoneProtocolMessageDispatcher.java:87) [hdds-server-framework-1.4.0-SNAPSHOT.jar:?]
	at org.apache.hadoop.ozone.protocolPB.OzoneManagerProtocolServerSideTranslatorPB.submitRequest(OzoneManagerProtocolServerSideTranslatorPB.java:148) [ozone-manager-1.4.0-SNAPSHOT.jar:?]
	at org.apache.hadoop.ozone.protocol.proto.OzoneManagerProtocolProtos$OzoneManagerService$2.callBlockingMethod(OzoneManagerProtocolProtos.java) [ozone-interface-client-1.4.0-SNAPSHOT.jar:?]
	at org.apache.hadoop.ipc.ProtobufRpcEngine$Server.processCall(ProtobufRpcEngine.java:484) [hadoop-common-3.3.6.jar:?]
	at org.apache.hadoop.ipc.ProtobufRpcEngine2$Server$ProtoBufRpcInvoker.call(ProtobufRpcEngine2.java:595) [hadoop-common-3.3.6.jar:?]
	at org.apache.hadoop.ipc.ProtobufRpcEngine2$Server$ProtoBufRpcInvoker.call(ProtobufRpcEngine2.java:573) [hadoop-common-3.3.6.jar:?]
	at org.apache.hadoop.ipc.RPC$Server.call(RPC.java:1227) [hadoop-common-3.3.6.jar:?]
	at org.apache.hadoop.ipc.Server$RpcCall.run(Server.java:1094) [hadoop-common-3.3.6.jar:?]
	at org.apache.hadoop.ipc.Server$RpcCall.run(Server.java:1017) [hadoop-common-3.3.6.jar:?]
	at java.security.AccessController.doPrivileged(Native Method) ~[?:1.8.0_382]
	at javax.security.auth.Subject.doAs(Subject.java:422) [?:1.8.0_382]
	at org.apache.hadoop.security.UserGroupInformation.doAs(UserGroupInformation.java:1899) [hadoop-common-3.3.6.jar:?]
	at org.apache.hadoop.ipc.Server$Handler.run(Server.java:3048) [hadoop-common-3.3.6.jar:?]
08:55:40.924 [IPC Server handler 12 on default port 15110] ERROR OMAudit - user=runner | ip=127.0.0.1 | op=GET_FILE_STATUS {volume=volume76246, bucket=bucket29151, key=gdir1/dir4, dataSize=0, replicationConfig=null} | ret=FAILURE
org.apache.hadoop.ozone.om.exceptions.OMException: Unable to get file status: volume: volume76246 bucket: bucket29151 key: gdir1/dir4
	at org.apache.hadoop.ozone.om.KeyManagerImpl.getOzoneFileStatus(KeyManagerImpl.java:1195) ~[ozone-manager-1.4.0-SNAPSHOT.jar:?]
	at org.apache.hadoop.ozone.om.KeyManagerImpl.getFileStatus(KeyManagerImpl.java:1113) ~[ozone-manager-1.4.0-SNAPSHOT.jar:?]
	at org.apache.hadoop.ozone.om.OmMetadataReader.getFileStatus(OmMetadataReader.java:262) ~[ozone-manager-1.4.0-SNAPSHOT.jar:?]
	at org.apache.hadoop.ozone.om.OzoneManager.getFileStatus(OzoneManager.java:3530) ~[ozone-manager-1.4.0-SNAPSHOT.jar:?]
	at org.apache.hadoop.ozone.protocolPB.OzoneManagerRequestHandler.getOzoneFileStatus(OzoneManagerRequestHandler.java:971) ~[ozone-manager-1.4.0-SNAPSHOT.jar:?]
	at org.apache.hadoop.ozone.protocolPB.OzoneManagerRequestHandler.handleReadRequest(OzoneManagerRequestHandler.java:250) ~[ozone-manager-1.4.0-SNAPSHOT.jar:?]
	at org.apache.hadoop.ozone.protocolPB.OzoneManagerProtocolServerSideTranslatorPB.submitReadRequestToOM(OzoneManagerProtocolServerSideTranslatorPB.java:225) ~[ozone-manager-1.4.0-SNAPSHOT.jar:?]
	at org.apache.hadoop.ozone.protocolPB.OzoneManagerProtocolServerSideTranslatorPB.processRequest(OzoneManagerProtocolServerSideTranslatorPB.java:179) ~[ozone-manager-1.4.0-SNAPSHOT.jar:?]
	at org.apache.hadoop.hdds.server.OzoneProtocolMessageDispatcher.processRequest(OzoneProtocolMessageDispatcher.java:87) [hdds-server-framework-1.4.0-SNAPSHOT.jar:?]
	at org.apache.hadoop.ozone.protocolPB.OzoneManagerProtocolServerSideTranslatorPB.submitRequest(OzoneManagerProtocolServerSideTranslatorPB.java:148) [ozone-manager-1.4.0-SNAPSHOT.jar:?]
	at org.apache.hadoop.ozone.protocol.proto.OzoneManagerProtocolProtos$OzoneManagerService$2.callBlockingMethod(OzoneManagerProtocolProtos.java) [ozone-interface-client-1.4.0-SNAPSHOT.jar:?]
	at org.apache.hadoop.ipc.ProtobufRpcEngine$Server.processCall(ProtobufRpcEngine.java:484) [hadoop-common-3.3.6.jar:?]
	at org.apache.hadoop.ipc.ProtobufRpcEngine2$Server$ProtoBufRpcInvoker.call(ProtobufRpcEngine2.java:595) [hadoop-common-3.3.6.jar:?]
	at org.apache.hadoop.ipc.ProtobufRpcEngine2$Server$ProtoBufRpcInvoker.call(ProtobufRpcEngine2.java:573) [hadoop-common-3.3.6.jar:?]
	at org.apache.hadoop.ipc.RPC$Server.call(RPC.java:1227) [hadoop-common-3.3.6.jar:?]
	at org.apache.hadoop.ipc.Server$RpcCall.run(Server.java:1094) [hadoop-common-3.3.6.jar:?]
	at org.apache.hadoop.ipc.Server$RpcCall.run(Server.java:1017) [hadoop-common-3.3.6.jar:?]
	at java.security.AccessController.doPrivileged(Native Method) ~[?:1.8.0_382]
	at javax.security.auth.Subject.doAs(Subject.java:422) [?:1.8.0_382]
	at org.apache.hadoop.security.UserGroupInformation.doAs(UserGroupInformation.java:1899) [hadoop-common-3.3.6.jar:?]
	at org.apache.hadoop.ipc.Server$Handler.run(Server.java:3048) [hadoop-common-3.3.6.jar:?]
08:55:40.925 [IPC Server handler 9 on default port 15110] ERROR OMAudit - user=runner | ip=127.0.0.1 | op=GET_FILE_STATUS {volume=volume76246, bucket=bucket29151, key=gdir1/dir4/child, dataSize=0, replicationConfig=null} | ret=FAILURE
org.apache.hadoop.ozone.om.exceptions.OMException: Unable to get file status: volume: volume76246 bucket: bucket29151 key: gdir1/dir4/child
	at org.apache.hadoop.ozone.om.KeyManagerImpl.getOzoneFileStatus(KeyManagerImpl.java:1195) ~[ozone-manager-1.4.0-SNAPSHOT.jar:?]
	at org.apache.hadoop.ozone.om.KeyManagerImpl.getFileStatus(KeyManagerImpl.java:1113) ~[ozone-manager-1.4.0-SNAPSHOT.jar:?]
	at org.apache.hadoop.ozone.om.OmMetadataReader.getFileStatus(OmMetadataReader.java:262) ~[ozone-manager-1.4.0-SNAPSHOT.jar:?]
	at org.apache.hadoop.ozone.om.OzoneManager.getFileStatus(OzoneManager.java:3530) ~[ozone-manager-1.4.0-SNAPSHOT.jar:?]
	at org.apache.hadoop.ozone.protocolPB.OzoneManagerRequestHandler.getOzoneFileStatus(OzoneManagerRequestHandler.java:971) ~[ozone-manager-1.4.0-SNAPSHOT.jar:?]
	at org.apache.hadoop.ozone.protocolPB.OzoneManagerRequestHandler.handleReadRequest(OzoneManagerRequestHandler.java:250) ~[ozone-manager-1.4.0-SNAPSHOT.jar:?]
	at org.apache.hadoop.ozone.protocolPB.OzoneManagerProtocolServerSideTranslatorPB.submitReadRequestToOM(OzoneManagerProtocolServerSideTranslatorPB.java:225) ~[ozone-manager-1.4.0-SNAPSHOT.jar:?]
	at org.apache.hadoop.ozone.protocolPB.OzoneManagerProtocolServerSideTranslatorPB.processRequest(OzoneManagerProtocolServerSideTranslatorPB.java:179) ~[ozone-manager-1.4.0-SNAPSHOT.jar:?]
	at org.apache.hadoop.hdds.server.OzoneProtocolMessageDispatcher.processRequest(OzoneProtocolMessageDispatcher.java:87) [hdds-server-framework-1.4.0-SNAPSHOT.jar:?]
	at org.apache.hadoop.ozone.protocolPB.OzoneManagerProtocolServerSideTranslatorPB.submitRequest(OzoneManagerProtocolServerSideTranslatorPB.java:148) [ozone-manager-1.4.0-SNAPSHOT.jar:?]
	at org.apache.hadoop.ozone.protocol.proto.OzoneManagerProtocolProtos$OzoneManagerService$2.callBlockingMethod(OzoneManagerProtocolProtos.java) [ozone-interface-client-1.4.0-SNAPSHOT.jar:?]
	at org.apache.hadoop.ipc.ProtobufRpcEngine$Server.processCall(ProtobufRpcEngine.java:484) [hadoop-common-3.3.6.jar:?]
	at org.apache.hadoop.ipc.ProtobufRpcEngine2$Server$ProtoBufRpcInvoker.call(ProtobufRpcEngine2.java:595) [hadoop-common-3.3.6.jar:?]
	at org.apache.hadoop.ipc.ProtobufRpcEngine2$Server$ProtoBufRpcInvoker.call(ProtobufRpcEngine2.java:573) [hadoop-common-3.3.6.jar:?]
	at org.apache.hadoop.ipc.RPC$Server.call(RPC.java:1227) [hadoop-common-3.3.6.jar:?]
	at org.apache.hadoop.ipc.Server$RpcCall.run(Server.java:1094) [hadoop-common-3.3.6.jar:?]
	at org.apache.hadoop.ipc.Server$RpcCall.run(Server.java:1017) [hadoop-common-3.3.6.jar:?]
	at java.security.AccessController.doPrivileged(Native Method) ~[?:1.8.0_382]
	at javax.security.auth.Subject.doAs(Subject.java:422) [?:1.8.0_382]
	at org.apache.hadoop.security.UserGroupInformation.doAs(UserGroupInformation.java:1899) [hadoop-common-3.3.6.jar:?]
	at org.apache.hadoop.ipc.Server$Handler.run(Server.java:3048) [hadoop-common-3.3.6.jar:?]
08:55:40.926 [IPC Server handler 15 on default port 15110] ERROR OMAudit - user=runner | ip=127.0.0.1 | op=GET_FILE_STATUS {volume=volume76246, bucket=bucket29151, key=gdir1/dir5, dataSize=0, replicationConfig=null} | ret=FAILURE
org.apache.hadoop.ozone.om.exceptions.OMException: Unable to get file status: volume: volume76246 bucket: bucket29151 key: gdir1/dir5
	at org.apache.hadoop.ozone.om.KeyManagerImpl.getOzoneFileStatus(KeyManagerImpl.java:1195) ~[ozone-manager-1.4.0-SNAPSHOT.jar:?]
	at org.apache.hadoop.ozone.om.KeyManagerImpl.getFileStatus(KeyManagerImpl.java:1113) ~[ozone-manager-1.4.0-SNAPSHOT.jar:?]
	at org.apache.hadoop.ozone.om.OmMetadataReader.getFileStatus(OmMetadataReader.java:262) ~[ozone-manager-1.4.0-SNAPSHOT.jar:?]
	at org.apache.hadoop.ozone.om.OzoneManager.getFileStatus(OzoneManager.java:3530) ~[ozone-manager-1.4.0-SNAPSHOT.jar:?]
	at org.apache.hadoop.ozone.protocolPB.OzoneManagerRequestHandler.getOzoneFileStatus(OzoneManagerRequestHandler.java:971) ~[ozone-manager-1.4.0-SNAPSHOT.jar:?]
	at org.apache.hadoop.ozone.protocolPB.OzoneManagerRequestHandler.handleReadRequest(OzoneManagerRequestHandler.java:250) ~[ozone-manager-1.4.0-SNAPSHOT.jar:?]
	at org.apache.hadoop.ozone.protocolPB.OzoneManagerProtocolServerSideTranslatorPB.submitReadRequestToOM(OzoneManagerProtocolServerSideTranslatorPB.java:225) ~[ozone-manager-1.4.0-SNAPSHOT.jar:?]
	at org.apache.hadoop.ozone.protocolPB.OzoneManagerProtocolServerSideTranslatorPB.processRequest(OzoneManagerProtocolServerSideTranslatorPB.java:179) ~[ozone-manager-1.4.0-SNAPSHOT.jar:?]
	at org.apache.hadoop.hdds.server.OzoneProtocolMessageDispatcher.processRequest(OzoneProtocolMessageDispatcher.java:87) [hdds-server-framework-1.4.0-SNAPSHOT.jar:?]
	at org.apache.hadoop.ozone.protocolPB.OzoneManagerProtocolServerSideTranslatorPB.submitRequest(OzoneManagerProtocolServerSideTranslatorPB.java:148) [ozone-manager-1.4.0-SNAPSHOT.jar:?]
	at org.apache.hadoop.ozone.protocol.proto.OzoneManagerProtocolProtos$OzoneManagerService$2.callBlockingMethod(OzoneManagerProtocolProtos.java) [ozone-interface-client-1.4.0-SNAPSHOT.jar:?]
	at org.apache.hadoop.ipc.ProtobufRpcEngine$Server.processCall(ProtobufRpcEngine.java:484) [hadoop-common-3.3.6.jar:?]
	at org.apache.hadoop.ipc.ProtobufRpcEngine2$Server$ProtoBufRpcInvoker.call(ProtobufRpcEngine2.java:595) [hadoop-common-3.3.6.jar:?]
	at org.apache.hadoop.ipc.ProtobufRpcEngine2$Server$ProtoBufRpcInvoker.call(ProtobufRpcEngine2.java:573) [hadoop-common-3.3.6.jar:?]
	at org.apache.hadoop.ipc.RPC$Server.call(RPC.java:1227) [hadoop-common-3.3.6.jar:?]
	at org.apache.hadoop.ipc.Server$RpcCall.run(Server.java:1094) [hadoop-common-3.3.6.jar:?]
	at org.apache.hadoop.ipc.Server$RpcCall.run(Server.java:1017) [hadoop-common-3.3.6.jar:?]
	at java.security.AccessController.doPrivileged(Native Method) ~[?:1.8.0_382]
	at javax.security.auth.Subject.doAs(Subject.java:422) [?:1.8.0_382]
	at org.apache.hadoop.security.UserGroupInformation.doAs(UserGroupInformation.java:1899) [hadoop-common-3.3.6.jar:?]
	at org.apache.hadoop.ipc.Server$Handler.run(Server.java:3048) [hadoop-common-3.3.6.jar:?]
08:55:40.927 [IPC Server handler 16 on default port 15110] ERROR OMAudit - user=runner | ip=127.0.0.1 | op=GET_FILE_STATUS {volume=volume76246, bucket=bucket29151, key=gdir1/dir5/child, dataSize=0, replicationConfig=null} | ret=FAILURE
org.apache.hadoop.ozone.om.exceptions.OMException: Unable to get file status: volume: volume76246 bucket: bucket29151 key: gdir1/dir5/child
	at org.apache.hadoop.ozone.om.KeyManagerImpl.getOzoneFileStatus(KeyManagerImpl.java:1195) ~[ozone-manager-1.4.0-SNAPSHOT.jar:?]
	at org.apache.hadoop.ozone.om.KeyManagerImpl.getFileStatus(KeyManagerImpl.java:1113) ~[ozone-manager-1.4.0-SNAPSHOT.jar:?]
	at org.apache.hadoop.ozone.om.OmMetadataReader.getFileStatus(OmMetadataReader.java:262) ~[ozone-manager-1.4.0-SNAPSHOT.jar:?]
	at org.apache.hadoop.ozone.om.OzoneManager.getFileStatus(OzoneManager.java:3530) ~[ozone-manager-1.4.0-SNAPSHOT.jar:?]
	at org.apache.hadoop.ozone.protocolPB.OzoneManagerRequestHandler.getOzoneFileStatus(OzoneManagerRequestHandler.java:971) ~[ozone-manager-1.4.0-SNAPSHOT.jar:?]
	at org.apache.hadoop.ozone.protocolPB.OzoneManagerRequestHandler.handleReadRequest(OzoneManagerRequestHandler.java:250) ~[ozone-manager-1.4.0-SNAPSHOT.jar:?]
	at org.apache.hadoop.ozone.protocolPB.OzoneManagerProtocolServerSideTranslatorPB.submitReadRequestToOM(OzoneManagerProtocolServerSideTranslatorPB.java:225) ~[ozone-manager-1.4.0-SNAPSHOT.jar:?]
	at org.apache.hadoop.ozone.protocolPB.OzoneManagerProtocolServerSideTranslatorPB.processRequest(OzoneManagerProtocolServerSideTranslatorPB.java:179) ~[ozone-manager-1.4.0-SNAPSHOT.jar:?]
	at org.apache.hadoop.hdds.server.OzoneProtocolMessageDispatcher.processRequest(OzoneProtocolMessageDispatcher.java:87) [hdds-server-framework-1.4.0-SNAPSHOT.jar:?]
	at org.apache.hadoop.ozone.protocolPB.OzoneManagerProtocolServerSideTranslatorPB.submitRequest(OzoneManagerProtocolServerSideTranslatorPB.java:148) [ozone-manager-1.4.0-SNAPSHOT.jar:?]
	at org.apache.hadoop.ozone.protocol.proto.OzoneManagerProtocolProtos$OzoneManagerService$2.callBlockingMethod(OzoneManagerProtocolProtos.java) [ozone-interface-client-1.4.0-SNAPSHOT.jar:?]
	at org.apache.hadoop.ipc.ProtobufRpcEngine$Server.processCall(ProtobufRpcEngine.java:484) [hadoop-common-3.3.6.jar:?]
	at org.apache.hadoop.ipc.ProtobufRpcEngine2$Server$ProtoBufRpcInvoker.call(ProtobufRpcEngine2.java:595) [hadoop-common-3.3.6.jar:?]
	at org.apache.hadoop.ipc.ProtobufRpcEngine2$Server$ProtoBufRpcInvoker.call(ProtobufRpcEngine2.java:573) [hadoop-common-3.3.6.jar:?]
	at org.apache.hadoop.ipc.RPC$Server.call(RPC.java:1227) [hadoop-common-3.3.6.jar:?]
	at org.apache.hadoop.ipc.Server$RpcCall.run(Server.java:1094) [hadoop-common-3.3.6.jar:?]
	at org.apache.hadoop.ipc.Server$RpcCall.run(Server.java:1017) [hadoop-common-3.3.6.jar:?]
	at java.security.AccessController.doPrivileged(Native Method) ~[?:1.8.0_382]
	at javax.security.auth.Subject.doAs(Subject.java:422) [?:1.8.0_382]
	at org.apache.hadoop.security.UserGroupInformation.doAs(UserGroupInformation.java:1899) [hadoop-common-3.3.6.jar:?]
	at org.apache.hadoop.ipc.Server$Handler.run(Server.java:3048) [hadoop-common-3.3.6.jar:?]
08:55:40.928 [IPC Server handler 18 on default port 15110] ERROR OMAudit - user=runner | ip=127.0.0.1 | op=GET_FILE_STATUS {volume=volume76246, bucket=bucket29151, key=gdir1/dir6, dataSize=0, replicationConfig=null} | ret=FAILURE
org.apache.hadoop.ozone.om.exceptions.OMException: Unable to get file status: volume: volume76246 bucket: bucket29151 key: gdir1/dir6
	at org.apache.hadoop.ozone.om.KeyManagerImpl.getOzoneFileStatus(KeyManagerImpl.java:1195) ~[ozone-manager-1.4.0-SNAPSHOT.jar:?]
	at org.apache.hadoop.ozone.om.KeyManagerImpl.getFileStatus(KeyManagerImpl.java:1113) ~[ozone-manager-1.4.0-SNAPSHOT.jar:?]
	at org.apache.hadoop.ozone.om.OmMetadataReader.getFileStatus(OmMetadataReader.java:262) ~[ozone-manager-1.4.0-SNAPSHOT.jar:?]
	at org.apache.hadoop.ozone.om.OzoneManager.getFileStatus(OzoneManager.java:3530) ~[ozone-manager-1.4.0-SNAPSHOT.jar:?]
	at org.apache.hadoop.ozone.protocolPB.OzoneManagerRequestHandler.getOzoneFileStatus(OzoneManagerRequestHandler.java:971) ~[ozone-manager-1.4.0-SNAPSHOT.jar:?]
	at org.apache.hadoop.ozone.protocolPB.OzoneManagerRequestHandler.handleReadRequest(OzoneManagerRequestHandler.java:250) ~[ozone-manager-1.4.0-SNAPSHOT.jar:?]
	at org.apache.hadoop.ozone.protocolPB.OzoneManagerProtocolServerSideTranslatorPB.submitReadRequestToOM(OzoneManagerProtocolServerSideTranslatorPB.java:225) ~[ozone-manager-1.4.0-SNAPSHOT.jar:?]
	at org.apache.hadoop.ozone.protocolPB.OzoneManagerProtocolServerSideTranslatorPB.processRequest(OzoneManagerProtocolServerSideTranslatorPB.java:179) ~[ozone-manager-1.4.0-SNAPSHOT.jar:?]
	at org.apache.hadoop.hdds.server.OzoneProtocolMessageDispatcher.processRequest(OzoneProtocolMessageDispatcher.java:87) [hdds-server-framework-1.4.0-SNAPSHOT.jar:?]
	at org.apache.hadoop.ozone.protocolPB.OzoneManagerProtocolServerSideTranslatorPB.submitRequest(OzoneManagerProtocolServerSideTranslatorPB.java:148) [ozone-manager-1.4.0-SNAPSHOT.jar:?]
	at org.apache.hadoop.ozone.protocol.proto.OzoneManagerProtocolProtos$OzoneManagerService$2.callBlockingMethod(OzoneManagerProtocolProtos.java) [ozone-interface-client-1.4.0-SNAPSHOT.jar:?]
	at org.apache.hadoop.ipc.ProtobufRpcEngine$Server.processCall(ProtobufRpcEngine.java:484) [hadoop-common-3.3.6.jar:?]
	at org.apache.hadoop.ipc.ProtobufRpcEngine2$Server$ProtoBufRpcInvoker.call(ProtobufRpcEngine2.java:595) [hadoop-common-3.3.6.jar:?]
	at org.apache.hadoop.ipc.ProtobufRpcEngine2$Server$ProtoBufRpcInvoker.call(ProtobufRpcEngine2.java:573) [hadoop-common-3.3.6.jar:?]
	at org.apache.hadoop.ipc.RPC$Server.call(RPC.java:1227) [hadoop-common-3.3.6.jar:?]
	at org.apache.hadoop.ipc.Server$RpcCall.run(Server.java:1094) [hadoop-common-3.3.6.jar:?]
	at org.apache.hadoop.ipc.Server$RpcCall.run(Server.java:1017) [hadoop-common-3.3.6.jar:?]
	at java.security.AccessController.doPrivileged(Native Method) ~[?:1.8.0_382]
	at javax.security.auth.Subject.doAs(Subject.java:422) [?:1.8.0_382]
	at org.apache.hadoop.security.UserGroupInformation.doAs(UserGroupInformation.java:1899) [hadoop-common-3.3.6.jar:?]
	at org.apache.hadoop.ipc.Server$Handler.run(Server.java:3048) [hadoop-common-3.3.6.jar:?]
08:55:40.929 [IPC Server handler 3 on default port 15110] ERROR OMAudit - user=runner | ip=127.0.0.1 | op=GET_FILE_STATUS {volume=volume76246, bucket=bucket29151, key=gdir1/dir6/child, dataSize=0, replicationConfig=null} | ret=FAILURE
org.apache.hadoop.ozone.om.exceptions.OMException: Unable to get file status: volume: volume76246 bucket: bucket29151 key: gdir1/dir6/child
	at org.apache.hadoop.ozone.om.KeyManagerImpl.getOzoneFileStatus(KeyManagerImpl.java:1195) ~[ozone-manager-1.4.0-SNAPSHOT.jar:?]
	at org.apache.hadoop.ozone.om.KeyManagerImpl.getFileStatus(KeyManagerImpl.java:1113) ~[ozone-manager-1.4.0-SNAPSHOT.jar:?]
	at org.apache.hadoop.ozone.om.OmMetadataReader.getFileStatus(OmMetadataReader.java:262) ~[ozone-manager-1.4.0-SNAPSHOT.jar:?]
	at org.apache.hadoop.ozone.om.OzoneManager.getFileStatus(OzoneManager.java:3530) ~[ozone-manager-1.4.0-SNAPSHOT.jar:?]
	at org.apache.hadoop.ozone.protocolPB.OzoneManagerRequestHandler.getOzoneFileStatus(OzoneManagerRequestHandler.java:971) ~[ozone-manager-1.4.0-SNAPSHOT.jar:?]
	at org.apache.hadoop.ozone.protocolPB.OzoneManagerRequestHandler.handleReadRequest(OzoneManagerRequestHandler.java:250) ~[ozone-manager-1.4.0-SNAPSHOT.jar:?]
	at org.apache.hadoop.ozone.protocolPB.OzoneManagerProtocolServerSideTranslatorPB.submitReadRequestToOM(OzoneManagerProtocolServerSideTranslatorPB.java:225) ~[ozone-manager-1.4.0-SNAPSHOT.jar:?]
	at org.apache.hadoop.ozone.protocolPB.OzoneManagerProtocolServerSideTranslatorPB.processRequest(OzoneManagerProtocolServerSideTranslatorPB.java:179) ~[ozone-manager-1.4.0-SNAPSHOT.jar:?]
	at org.apache.hadoop.hdds.server.OzoneProtocolMessageDispatcher.processRequest(OzoneProtocolMessageDispatcher.java:87) [hdds-server-framework-1.4.0-SNAPSHOT.jar:?]
	at org.apache.hadoop.ozone.protocolPB.OzoneManagerProtocolServerSideTranslatorPB.submitRequest(OzoneManagerProtocolServerSideTranslatorPB.java:148) [ozone-manager-1.4.0-SNAPSHOT.jar:?]
	at org.apache.hadoop.ozone.protocol.proto.OzoneManagerProtocolProtos$OzoneManagerService$2.callBlockingMethod(OzoneManagerProtocolProtos.java) [ozone-interface-client-1.4.0-SNAPSHOT.jar:?]
	at org.apache.hadoop.ipc.ProtobufRpcEngine$Server.processCall(ProtobufRpcEngine.java:484) [hadoop-common-3.3.6.jar:?]
	at org.apache.hadoop.ipc.ProtobufRpcEngine2$Server$ProtoBufRpcInvoker.call(ProtobufRpcEngine2.java:595) [hadoop-common-3.3.6.jar:?]
	at org.apache.hadoop.ipc.ProtobufRpcEngine2$Server$ProtoBufRpcInvoker.call(ProtobufRpcEngine2.java:573) [hadoop-common-3.3.6.jar:?]
	at org.apache.hadoop.ipc.RPC$Server.call(RPC.java:1227) [hadoop-common-3.3.6.jar:?]
	at org.apache.hadoop.ipc.Server$RpcCall.run(Server.java:1094) [hadoop-common-3.3.6.jar:?]
	at org.apache.hadoop.ipc.Server$RpcCall.run(Server.java:1017) [hadoop-common-3.3.6.jar:?]
	at java.security.AccessController.doPrivileged(Native Method) ~[?:1.8.0_382]
	at javax.security.auth.Subject.doAs(Subject.java:422) [?:1.8.0_382]
	at org.apache.hadoop.security.UserGroupInformation.doAs(UserGroupInformation.java:1899) [hadoop-common-3.3.6.jar:?]
	at org.apache.hadoop.ipc.Server$Handler.run(Server.java:3048) [hadoop-common-3.3.6.jar:?]
08:55:40.930 [IPC Server handler 5 on default port 15110] ERROR OMAudit - user=runner | ip=127.0.0.1 | op=GET_FILE_STATUS {volume=volume76246, bucket=bucket29151, key=gdir1/dir7, dataSize=0, replicationConfig=null} | ret=FAILURE
org.apache.hadoop.ozone.om.exceptions.OMException: Unable to get file status: volume: volume76246 bucket: bucket29151 key: gdir1/dir7
	at org.apache.hadoop.ozone.om.KeyManagerImpl.getOzoneFileStatus(KeyManagerImpl.java:1195) ~[ozone-manager-1.4.0-SNAPSHOT.jar:?]
	at org.apache.hadoop.ozone.om.KeyManagerImpl.getFileStatus(KeyManagerImpl.java:1113) ~[ozone-manager-1.4.0-SNAPSHOT.jar:?]
	at org.apache.hadoop.ozone.om.OmMetadataReader.getFileStatus(OmMetadataReader.java:262) ~[ozone-manager-1.4.0-SNAPSHOT.jar:?]
	at org.apache.hadoop.ozone.om.OzoneManager.getFileStatus(OzoneManager.java:3530) ~[ozone-manager-1.4.0-SNAPSHOT.jar:?]
	at org.apache.hadoop.ozone.protocolPB.OzoneManagerRequestHandler.getOzoneFileStatus(OzoneManagerRequestHandler.java:971) ~[ozone-manager-1.4.0-SNAPSHOT.jar:?]
	at org.apache.hadoop.ozone.protocolPB.OzoneManagerRequestHandler.handleReadRequest(OzoneManagerRequestHandler.java:250) ~[ozone-manager-1.4.0-SNAPSHOT.jar:?]
	at org.apache.hadoop.ozone.protocolPB.OzoneManagerProtocolServerSideTranslatorPB.submitReadRequestToOM(OzoneManagerProtocolServerSideTranslatorPB.java:225) ~[ozone-manager-1.4.0-SNAPSHOT.jar:?]
	at org.apache.hadoop.ozone.protocolPB.OzoneManagerProtocolServerSideTranslatorPB.processRequest(OzoneManagerProtocolServerSideTranslatorPB.java:179) ~[ozone-manager-1.4.0-SNAPSHOT.jar:?]
	at org.apache.hadoop.hdds.server.OzoneProtocolMessageDispatcher.processRequest(OzoneProtocolMessageDispatcher.java:87) [hdds-server-framework-1.4.0-SNAPSHOT.jar:?]
	at org.apache.hadoop.ozone.protocolPB.OzoneManagerProtocolServerSideTranslatorPB.submitRequest(OzoneManagerProtocolServerSideTranslatorPB.java:148) [ozone-manager-1.4.0-SNAPSHOT.jar:?]
	at org.apache.hadoop.ozone.protocol.proto.OzoneManagerProtocolProtos$OzoneManagerService$2.callBlockingMethod(OzoneManagerProtocolProtos.java) [ozone-interface-client-1.4.0-SNAPSHOT.jar:?]
	at org.apache.hadoop.ipc.ProtobufRpcEngine$Server.processCall(ProtobufRpcEngine.java:484) [hadoop-common-3.3.6.jar:?]
	at org.apache.hadoop.ipc.ProtobufRpcEngine2$Server$ProtoBufRpcInvoker.call(ProtobufRpcEngine2.java:595) [hadoop-common-3.3.6.jar:?]
	at org.apache.hadoop.ipc.ProtobufRpcEngine2$Server$ProtoBufRpcInvoker.call(ProtobufRpcEngine2.java:573) [hadoop-common-3.3.6.jar:?]
	at org.apache.hadoop.ipc.RPC$Server.call(RPC.java:1227) [hadoop-common-3.3.6.jar:?]
	at org.apache.hadoop.ipc.Server$RpcCall.run(Server.java:1094) [hadoop-common-3.3.6.jar:?]
	at org.apache.hadoop.ipc.Server$RpcCall.run(Server.java:1017) [hadoop-common-3.3.6.jar:?]
	at java.security.AccessController.doPrivileged(Native Method) ~[?:1.8.0_382]
	at javax.security.auth.Subject.doAs(Subject.java:422) [?:1.8.0_382]
	at org.apache.hadoop.security.UserGroupInformation.doAs(UserGroupInformation.java:1899) [hadoop-common-3.3.6.jar:?]
	at org.apache.hadoop.ipc.Server$Handler.run(Server.java:3048) [hadoop-common-3.3.6.jar:?]
08:55:40.931 [IPC Server handler 13 on default port 15110] ERROR OMAudit - user=runner | ip=127.0.0.1 | op=GET_FILE_STATUS {volume=volume76246, bucket=bucket29151, key=gdir1/dir7/child, dataSize=0, replicationConfig=null} | ret=FAILURE
org.apache.hadoop.ozone.om.exceptions.OMException: Unable to get file status: volume: volume76246 bucket: bucket29151 key: gdir1/dir7/child
	at org.apache.hadoop.ozone.om.KeyManagerImpl.getOzoneFileStatus(KeyManagerImpl.java:1195) ~[ozone-manager-1.4.0-SNAPSHOT.jar:?]
	at org.apache.hadoop.ozone.om.KeyManagerImpl.getFileStatus(KeyManagerImpl.java:1113) ~[ozone-manager-1.4.0-SNAPSHOT.jar:?]
	at org.apache.hadoop.ozone.om.OmMetadataReader.getFileStatus(OmMetadataReader.java:262) ~[ozone-manager-1.4.0-SNAPSHOT.jar:?]
	at org.apache.hadoop.ozone.om.OzoneManager.getFileStatus(OzoneManager.java:3530) ~[ozone-manager-1.4.0-SNAPSHOT.jar:?]
	at org.apache.hadoop.ozone.protocolPB.OzoneManagerRequestHandler.getOzoneFileStatus(OzoneManagerRequestHandler.java:971) ~[ozone-manager-1.4.0-SNAPSHOT.jar:?]
	at org.apache.hadoop.ozone.protocolPB.OzoneManagerRequestHandler.handleReadRequest(OzoneManagerRequestHandler.java:250) ~[ozone-manager-1.4.0-SNAPSHOT.jar:?]
	at org.apache.hadoop.ozone.protocolPB.OzoneManagerProtocolServerSideTranslatorPB.submitReadRequestToOM(OzoneManagerProtocolServerSideTranslatorPB.java:225) ~[ozone-manager-1.4.0-SNAPSHOT.jar:?]
	at org.apache.hadoop.ozone.protocolPB.OzoneManagerProtocolServerSideTranslatorPB.processRequest(OzoneManagerProtocolServerSideTranslatorPB.java:179) ~[ozone-manager-1.4.0-SNAPSHOT.jar:?]
	at org.apache.hadoop.hdds.server.OzoneProtocolMessageDispatcher.processRequest(OzoneProtocolMessageDispatcher.java:87) [hdds-server-framework-1.4.0-SNAPSHOT.jar:?]
	at org.apache.hadoop.ozone.protocolPB.OzoneManagerProtocolServerSideTranslatorPB.submitRequest(OzoneManagerProtocolServerSideTranslatorPB.java:148) [ozone-manager-1.4.0-SNAPSHOT.jar:?]
	at org.apache.hadoop.ozone.protocol.proto.OzoneManagerProtocolProtos$OzoneManagerService$2.callBlockingMethod(OzoneManagerProtocolProtos.java) [ozone-interface-client-1.4.0-SNAPSHOT.jar:?]
	at org.apache.hadoop.ipc.ProtobufRpcEngine$Server.processCall(ProtobufRpcEngine.java:484) [hadoop-common-3.3.6.jar:?]
	at org.apache.hadoop.ipc.ProtobufRpcEngine2$Server$ProtoBufRpcInvoker.call(ProtobufRpcEngine2.java:595) [hadoop-common-3.3.6.jar:?]
	at org.apache.hadoop.ipc.ProtobufRpcEngine2$Server$ProtoBufRpcInvoker.call(ProtobufRpcEngine2.java:573) [hadoop-common-3.3.6.jar:?]
	at org.apache.hadoop.ipc.RPC$Server.call(RPC.java:1227) [hadoop-common-3.3.6.jar:?]
	at org.apache.hadoop.ipc.Server$RpcCall.run(Server.java:1094) [hadoop-common-3.3.6.jar:?]
	at org.apache.hadoop.ipc.Server$RpcCall.run(Server.java:1017) [hadoop-common-3.3.6.jar:?]
	at java.security.AccessController.doPrivileged(Native Method) ~[?:1.8.0_382]
	at javax.security.auth.Subject.doAs(Subject.java:422) [?:1.8.0_382]
	at org.apache.hadoop.security.UserGroupInformation.doAs(UserGroupInformation.java:1899) [hadoop-common-3.3.6.jar:?]
	at org.apache.hadoop.ipc.Server$Handler.run(Server.java:3048) [hadoop-common-3.3.6.jar:?]
08:55:40.932 [IPC Server handler 6 on default port 15110] ERROR OMAudit - user=runner | ip=127.0.0.1 | op=GET_FILE_STATUS {volume=volume76246, bucket=bucket29151, key=gdir1/dir8, dataSize=0, replicationConfig=null} | ret=FAILURE
org.apache.hadoop.ozone.om.exceptions.OMException: Unable to get file status: volume: volume76246 bucket: bucket29151 key: gdir1/dir8
	at org.apache.hadoop.ozone.om.KeyManagerImpl.getOzoneFileStatus(KeyManagerImpl.java:1195) ~[ozone-manager-1.4.0-SNAPSHOT.jar:?]
	at org.apache.hadoop.ozone.om.KeyManagerImpl.getFileStatus(KeyManagerImpl.java:1113) ~[ozone-manager-1.4.0-SNAPSHOT.jar:?]
	at org.apache.hadoop.ozone.om.OmMetadataReader.getFileStatus(OmMetadataReader.java:262) ~[ozone-manager-1.4.0-SNAPSHOT.jar:?]
	at org.apache.hadoop.ozone.om.OzoneManager.getFileStatus(OzoneManager.java:3530) ~[ozone-manager-1.4.0-SNAPSHOT.jar:?]
	at org.apache.hadoop.ozone.protocolPB.OzoneManagerRequestHandler.getOzoneFileStatus(OzoneManagerRequestHandler.java:971) ~[ozone-manager-1.4.0-SNAPSHOT.jar:?]
	at org.apache.hadoop.ozone.protocolPB.OzoneManagerRequestHandler.handleReadRequest(OzoneManagerRequestHandler.java:250) ~[ozone-manager-1.4.0-SNAPSHOT.jar:?]
	at org.apache.hadoop.ozone.protocolPB.OzoneManagerProtocolServerSideTranslatorPB.submitReadRequestToOM(OzoneManagerProtocolServerSideTranslatorPB.java:225) ~[ozone-manager-1.4.0-SNAPSHOT.jar:?]
	at org.apache.hadoop.ozone.protocolPB.OzoneManagerProtocolServerSideTranslatorPB.processRequest(OzoneManagerProtocolServerSideTranslatorPB.java:179) ~[ozone-manager-1.4.0-SNAPSHOT.jar:?]
	at org.apache.hadoop.hdds.server.OzoneProtocolMessageDispatcher.processRequest(OzoneProtocolMessageDispatcher.java:87) [hdds-server-framework-1.4.0-SNAPSHOT.jar:?]
	at org.apache.hadoop.ozone.protocolPB.OzoneManagerProtocolServerSideTranslatorPB.submitRequest(OzoneManagerProtocolServerSideTranslatorPB.java:148) [ozone-manager-1.4.0-SNAPSHOT.jar:?]
	at org.apache.hadoop.ozone.protocol.proto.OzoneManagerProtocolProtos$OzoneManagerService$2.callBlockingMethod(OzoneManagerProtocolProtos.java) [ozone-interface-client-1.4.0-SNAPSHOT.jar:?]
	at org.apache.hadoop.ipc.ProtobufRpcEngine$Server.processCall(ProtobufRpcEngine.java:484) [hadoop-common-3.3.6.jar:?]
	at org.apache.hadoop.ipc.ProtobufRpcEngine2$Server$ProtoBufRpcInvoker.call(ProtobufRpcEngine2.java:595) [hadoop-common-3.3.6.jar:?]
	at org.apache.hadoop.ipc.ProtobufRpcEngine2$Server$ProtoBufRpcInvoker.call(ProtobufRpcEngine2.java:573) [hadoop-common-3.3.6.jar:?]
	at org.apache.hadoop.ipc.RPC$Server.call(RPC.java:1227) [hadoop-common-3.3.6.jar:?]
	at org.apache.hadoop.ipc.Server$RpcCall.run(Server.java:1094) [hadoop-common-3.3.6.jar:?]
	at org.apache.hadoop.ipc.Server$RpcCall.run(Server.java:1017) [hadoop-common-3.3.6.jar:?]
	at java.security.AccessController.doPrivileged(Native Method) ~[?:1.8.0_382]
	at javax.security.auth.Subject.doAs(Subject.java:422) [?:1.8.0_382]
	at org.apache.hadoop.security.UserGroupInformation.doAs(UserGroupInformation.java:1899) [hadoop-common-3.3.6.jar:?]
	at org.apache.hadoop.ipc.Server$Handler.run(Server.java:3048) [hadoop-common-3.3.6.jar:?]
08:55:40.934 [IPC Server handler 8 on default port 15110] ERROR OMAudit - user=runner | ip=127.0.0.1 | op=GET_FILE_STATUS {volume=volume76246, bucket=bucket29151, key=gdir1/dir8/child, dataSize=0, replicationConfig=null} | ret=FAILURE
org.apache.hadoop.ozone.om.exceptions.OMException: Unable to get file status: volume: volume76246 bucket: bucket29151 key: gdir1/dir8/child
	at org.apache.hadoop.ozone.om.KeyManagerImpl.getOzoneFileStatus(KeyManagerImpl.java:1195) ~[ozone-manager-1.4.0-SNAPSHOT.jar:?]
	at org.apache.hadoop.ozone.om.KeyManagerImpl.getFileStatus(KeyManagerImpl.java:1113) ~[ozone-manager-1.4.0-SNAPSHOT.jar:?]
	at org.apache.hadoop.ozone.om.OmMetadataReader.getFileStatus(OmMetadataReader.java:262) ~[ozone-manager-1.4.0-SNAPSHOT.jar:?]
	at org.apache.hadoop.ozone.om.OzoneManager.getFileStatus(OzoneManager.java:3530) ~[ozone-manager-1.4.0-SNAPSHOT.jar:?]
	at org.apache.hadoop.ozone.protocolPB.OzoneManagerRequestHandler.getOzoneFileStatus(OzoneManagerRequestHandler.java:971) ~[ozone-manager-1.4.0-SNAPSHOT.jar:?]
	at org.apache.hadoop.ozone.protocolPB.OzoneManagerRequestHandler.handleReadRequest(OzoneManagerRequestHandler.java:250) ~[ozone-manager-1.4.0-SNAPSHOT.jar:?]
	at org.apache.hadoop.ozone.protocolPB.OzoneManagerProtocolServerSideTranslatorPB.submitReadRequestToOM(OzoneManagerProtocolServerSideTranslatorPB.java:225) ~[ozone-manager-1.4.0-SNAPSHOT.jar:?]
	at org.apache.hadoop.ozone.protocolPB.OzoneManagerProtocolServerSideTranslatorPB.processRequest(OzoneManagerProtocolServerSideTranslatorPB.java:179) ~[ozone-manager-1.4.0-SNAPSHOT.jar:?]
	at org.apache.hadoop.hdds.server.OzoneProtocolMessageDispatcher.processRequest(OzoneProtocolMessageDispatcher.java:87) [hdds-server-framework-1.4.0-SNAPSHOT.jar:?]
	at org.apache.hadoop.ozone.protocolPB.OzoneManagerProtocolServerSideTranslatorPB.submitRequest(OzoneManagerProtocolServerSideTranslatorPB.java:148) [ozone-manager-1.4.0-SNAPSHOT.jar:?]
	at org.apache.hadoop.ozone.protocol.proto.OzoneManagerProtocolProtos$OzoneManagerService$2.callBlockingMethod(OzoneManagerProtocolProtos.java) [ozone-interface-client-1.4.0-SNAPSHOT.jar:?]
	at org.apache.hadoop.ipc.ProtobufRpcEngine$Server.processCall(ProtobufRpcEngine.java:484) [hadoop-common-3.3.6.jar:?]
	at org.apache.hadoop.ipc.ProtobufRpcEngine2$Server$ProtoBufRpcInvoker.call(ProtobufRpcEngine2.java:595) [hadoop-common-3.3.6.jar:?]
	at org.apache.hadoop.ipc.ProtobufRpcEngine2$Server$ProtoBufRpcInvoker.call(ProtobufRpcEngine2.java:573) [hadoop-common-3.3.6.jar:?]
	at org.apache.hadoop.ipc.RPC$Server.call(RPC.java:1227) [hadoop-common-3.3.6.jar:?]
	at org.apache.hadoop.ipc.Server$RpcCall.run(Server.java:1094) [hadoop-common-3.3.6.jar:?]
	at org.apache.hadoop.ipc.Server$RpcCall.run(Server.java:1017) [hadoop-common-3.3.6.jar:?]
	at java.security.AccessController.doPrivileged(Native Method) ~[?:1.8.0_382]
	at javax.security.auth.Subject.doAs(Subject.java:422) [?:1.8.0_382]
	at org.apache.hadoop.security.UserGroupInformation.doAs(UserGroupInformation.java:1899) [hadoop-common-3.3.6.jar:?]
	at org.apache.hadoop.ipc.Server$Handler.run(Server.java:3048) [hadoop-common-3.3.6.jar:?]
08:55:40.936 [IPC Server handler 14 on default port 15110] ERROR OMAudit - user=runner | ip=127.0.0.1 | op=GET_FILE_STATUS {volume=volume76246, bucket=bucket29151, key=gdir1/dir9, dataSize=0, replicationConfig=null} | ret=FAILURE
org.apache.hadoop.ozone.om.exceptions.OMException: Unable to get file status: volume: volume76246 bucket: bucket29151 key: gdir1/dir9
	at org.apache.hadoop.ozone.om.KeyManagerImpl.getOzoneFileStatus(KeyManagerImpl.java:1195) ~[ozone-manager-1.4.0-SNAPSHOT.jar:?]
	at org.apache.hadoop.ozone.om.KeyManagerImpl.getFileStatus(KeyManagerImpl.java:1113) ~[ozone-manager-1.4.0-SNAPSHOT.jar:?]
	at org.apache.hadoop.ozone.om.OmMetadataReader.getFileStatus(OmMetadataReader.java:262) ~[ozone-manager-1.4.0-SNAPSHOT.jar:?]
	at org.apache.hadoop.ozone.om.OzoneManager.getFileStatus(OzoneManager.java:3530) ~[ozone-manager-1.4.0-SNAPSHOT.jar:?]
	at org.apache.hadoop.ozone.protocolPB.OzoneManagerRequestHandler.getOzoneFileStatus(OzoneManagerRequestHandler.java:971) ~[ozone-manager-1.4.0-SNAPSHOT.jar:?]
	at org.apache.hadoop.ozone.protocolPB.OzoneManagerRequestHandler.handleReadRequest(OzoneManagerRequestHandler.java:250) ~[ozone-manager-1.4.0-SNAPSHOT.jar:?]
	at org.apache.hadoop.ozone.protocolPB.OzoneManagerProtocolServerSideTranslatorPB.submitReadRequestToOM(OzoneManagerProtocolServerSideTranslatorPB.java:225) ~[ozone-manager-1.4.0-SNAPSHOT.jar:?]
	at org.apache.hadoop.ozone.protocolPB.OzoneManagerProtocolServerSideTranslatorPB.processRequest(OzoneManagerProtocolServerSideTranslatorPB.java:179) ~[ozone-manager-1.4.0-SNAPSHOT.jar:?]
	at org.apache.hadoop.hdds.server.OzoneProtocolMessageDispatcher.processRequest(OzoneProtocolMessageDispatcher.java:87) [hdds-server-framework-1.4.0-SNAPSHOT.jar:?]
	at org.apache.hadoop.ozone.protocolPB.OzoneManagerProtocolServerSideTranslatorPB.submitRequest(OzoneManagerProtocolServerSideTranslatorPB.java:148) [ozone-manager-1.4.0-SNAPSHOT.jar:?]
	at org.apache.hadoop.ozone.protocol.proto.OzoneManagerProtocolProtos$OzoneManagerService$2.callBlockingMethod(OzoneManagerProtocolProtos.java) [ozone-interface-client-1.4.0-SNAPSHOT.jar:?]
	at org.apache.hadoop.ipc.ProtobufRpcEngine$Server.processCall(ProtobufRpcEngine.java:484) [hadoop-common-3.3.6.jar:?]
	at org.apache.hadoop.ipc.ProtobufRpcEngine2$Server$ProtoBufRpcInvoker.call(ProtobufRpcEngine2.java:595) [hadoop-common-3.3.6.jar:?]
	at org.apache.hadoop.ipc.ProtobufRpcEngine2$Server$ProtoBufRpcInvoker.call(ProtobufRpcEngine2.java:573) [hadoop-common-3.3.6.jar:?]
	at org.apache.hadoop.ipc.RPC$Server.call(RPC.java:1227) [hadoop-common-3.3.6.jar:?]
	at org.apache.hadoop.ipc.Server$RpcCall.run(Server.java:1094) [hadoop-common-3.3.6.jar:?]
	at org.apache.hadoop.ipc.Server$RpcCall.run(Server.java:1017) [hadoop-common-3.3.6.jar:?]
	at java.security.AccessController.doPrivileged(Native Method) ~[?:1.8.0_382]
	at javax.security.auth.Subject.doAs(Subject.java:422) [?:1.8.0_382]
	at org.apache.hadoop.security.UserGroupInformation.doAs(UserGroupInformation.java:1899) [hadoop-common-3.3.6.jar:?]
	at org.apache.hadoop.ipc.Server$Handler.run(Server.java:3048) [hadoop-common-3.3.6.jar:?]
08:55:40.937 [IPC Server handler 19 on default port 15110] ERROR OMAudit - user=runner | ip=127.0.0.1 | op=GET_FILE_STATUS {volume=volume76246, bucket=bucket29151, key=gdir1/dir9/child, dataSize=0, replicationConfig=null} | ret=FAILURE
org.apache.hadoop.ozone.om.exceptions.OMException: Unable to get file status: volume: volume76246 bucket: bucket29151 key: gdir1/dir9/child
	at org.apache.hadoop.ozone.om.KeyManagerImpl.getOzoneFileStatus(KeyManagerImpl.java:1195) ~[ozone-manager-1.4.0-SNAPSHOT.jar:?]
	at org.apache.hadoop.ozone.om.KeyManagerImpl.getFileStatus(KeyManagerImpl.java:1113) ~[ozone-manager-1.4.0-SNAPSHOT.jar:?]
	at org.apache.hadoop.ozone.om.OmMetadataReader.getFileStatus(OmMetadataReader.java:262) ~[ozone-manager-1.4.0-SNAPSHOT.jar:?]
	at org.apache.hadoop.ozone.om.OzoneManager.getFileStatus(OzoneManager.java:3530) ~[ozone-manager-1.4.0-SNAPSHOT.jar:?]
	at org.apache.hadoop.ozone.protocolPB.OzoneManagerRequestHandler.getOzoneFileStatus(OzoneManagerRequestHandler.java:971) ~[ozone-manager-1.4.0-SNAPSHOT.jar:?]
	at org.apache.hadoop.ozone.protocolPB.OzoneManagerRequestHandler.handleReadRequest(OzoneManagerRequestHandler.java:250) ~[ozone-manager-1.4.0-SNAPSHOT.jar:?]
	at org.apache.hadoop.ozone.protocolPB.OzoneManagerProtocolServerSideTranslatorPB.submitReadRequestToOM(OzoneManagerProtocolServerSideTranslatorPB.java:225) ~[ozone-manager-1.4.0-SNAPSHOT.jar:?]
	at org.apache.hadoop.ozone.protocolPB.OzoneManagerProtocolServerSideTranslatorPB.processRequest(OzoneManagerProtocolServerSideTranslatorPB.java:179) ~[ozone-manager-1.4.0-SNAPSHOT.jar:?]
	at org.apache.hadoop.hdds.server.OzoneProtocolMessageDispatcher.processRequest(OzoneProtocolMessageDispatcher.java:87) [hdds-server-framework-1.4.0-SNAPSHOT.jar:?]
	at org.apache.hadoop.ozone.protocolPB.OzoneManagerProtocolServerSideTranslatorPB.submitRequest(OzoneManagerProtocolServerSideTranslatorPB.java:148) [ozone-manager-1.4.0-SNAPSHOT.jar:?]
	at org.apache.hadoop.ozone.protocol.proto.OzoneManagerProtocolProtos$OzoneManagerService$2.callBlockingMethod(OzoneManagerProtocolProtos.java) [ozone-interface-client-1.4.0-SNAPSHOT.jar:?]
	at org.apache.hadoop.ipc.ProtobufRpcEngine$Server.processCall(ProtobufRpcEngine.java:484) [hadoop-common-3.3.6.jar:?]
	at org.apache.hadoop.ipc.ProtobufRpcEngine2$Server$ProtoBufRpcInvoker.call(ProtobufRpcEngine2.java:595) [hadoop-common-3.3.6.jar:?]
	at org.apache.hadoop.ipc.ProtobufRpcEngine2$Server$ProtoBufRpcInvoker.call(ProtobufRpcEngine2.java:573) [hadoop-common-3.3.6.jar:?]
	at org.apache.hadoop.ipc.RPC$Server.call(RPC.java:1227) [hadoop-common-3.3.6.jar:?]
	at org.apache.hadoop.ipc.Server$RpcCall.run(Server.java:1094) [hadoop-common-3.3.6.jar:?]
	at org.apache.hadoop.ipc.Server$RpcCall.run(Server.java:1017) [hadoop-common-3.3.6.jar:?]
	at java.security.AccessController.doPrivileged(Native Method) ~[?:1.8.0_382]
	at javax.security.auth.Subject.doAs(Subject.java:422) [?:1.8.0_382]
	at org.apache.hadoop.security.UserGroupInformation.doAs(UserGroupInformation.java:1899) [hadoop-common-3.3.6.jar:?]
	at org.apache.hadoop.ipc.Server$Handler.run(Server.java:3048) [hadoop-common-3.3.6.jar:?]
08:55:40.938 [IPC Server handler 17 on default port 15110] ERROR OMAudit - user=runner | ip=127.0.0.1 | op=GET_FILE_STATUS {volume=volume76246, bucket=bucket29151, key=gdir1/dir10, dataSize=0, replicationConfig=null} | ret=FAILURE
org.apache.hadoop.ozone.om.exceptions.OMException: Unable to get file status: volume: volume76246 bucket: bucket29151 key: gdir1/dir10
	at org.apache.hadoop.ozone.om.KeyManagerImpl.getOzoneFileStatus(KeyManagerImpl.java:1195) ~[ozone-manager-1.4.0-SNAPSHOT.jar:?]
	at org.apache.hadoop.ozone.om.KeyManagerImpl.getFileStatus(KeyManagerImpl.java:1113) ~[ozone-manager-1.4.0-SNAPSHOT.jar:?]
	at org.apache.hadoop.ozone.om.OmMetadataReader.getFileStatus(OmMetadataReader.java:262) ~[ozone-manager-1.4.0-SNAPSHOT.jar:?]
	at org.apache.hadoop.ozone.om.OzoneManager.getFileStatus(OzoneManager.java:3530) ~[ozone-manager-1.4.0-SNAPSHOT.jar:?]
	at org.apache.hadoop.ozone.protocolPB.OzoneManagerRequestHandler.getOzoneFileStatus(OzoneManagerRequestHandler.java:971) ~[ozone-manager-1.4.0-SNAPSHOT.jar:?]
	at org.apache.hadoop.ozone.protocolPB.OzoneManagerRequestHandler.handleReadRequest(OzoneManagerRequestHandler.java:250) ~[ozone-manager-1.4.0-SNAPSHOT.jar:?]
	at org.apache.hadoop.ozone.protocolPB.OzoneManagerProtocolServerSideTranslatorPB.submitReadRequestToOM(OzoneManagerProtocolServerSideTranslatorPB.java:225) ~[ozone-manager-1.4.0-SNAPSHOT.jar:?]
	at org.apache.hadoop.ozone.protocolPB.OzoneManagerProtocolServerSideTranslatorPB.processRequest(OzoneManagerProtocolServerSideTranslatorPB.java:179) ~[ozone-manager-1.4.0-SNAPSHOT.jar:?]
	at org.apache.hadoop.hdds.server.OzoneProtocolMessageDispatcher.processRequest(OzoneProtocolMessageDispatcher.java:87) [hdds-server-framework-1.4.0-SNAPSHOT.jar:?]
	at org.apache.hadoop.ozone.protocolPB.OzoneManagerProtocolServerSideTranslatorPB.submitRequest(OzoneManagerProtocolServerSideTranslatorPB.java:148) [ozone-manager-1.4.0-SNAPSHOT.jar:?]
	at org.apache.hadoop.ozone.protocol.proto.OzoneManagerProtocolProtos$OzoneManagerService$2.callBlockingMethod(OzoneManagerProtocolProtos.java) [ozone-interface-client-1.4.0-SNAPSHOT.jar:?]
	at org.apache.hadoop.ipc.ProtobufRpcEngine$Server.processCall(ProtobufRpcEngine.java:484) [hadoop-common-3.3.6.jar:?]
	at org.apache.hadoop.ipc.ProtobufRpcEngine2$Server$ProtoBufRpcInvoker.call(ProtobufRpcEngine2.java:595) [hadoop-common-3.3.6.jar:?]
	at org.apache.hadoop.ipc.ProtobufRpcEngine2$Server$ProtoBufRpcInvoker.call(ProtobufRpcEngine2.java:573) [hadoop-common-3.3.6.jar:?]
	at org.apache.hadoop.ipc.RPC$Server.call(RPC.java:1227) [hadoop-common-3.3.6.jar:?]
	at org.apache.hadoop.ipc.Server$RpcCall.run(Server.java:1094) [hadoop-common-3.3.6.jar:?]
	at org.apache.hadoop.ipc.Server$RpcCall.run(Server.java:1017) [hadoop-common-3.3.6.jar:?]
	at java.security.AccessController.doPrivileged(Native Method) ~[?:1.8.0_382]
	at javax.security.auth.Subject.doAs(Subject.java:422) [?:1.8.0_382]
	at org.apache.hadoop.security.UserGroupInformation.doAs(UserGroupInformation.java:1899) [hadoop-common-3.3.6.jar:?]
	at org.apache.hadoop.ipc.Server$Handler.run(Server.java:3048) [hadoop-common-3.3.6.jar:?]
08:55:40.939 [IPC Server handler 7 on default port 15110] ERROR OMAudit - user=runner | ip=127.0.0.1 | op=GET_FILE_STATUS {volume=volume76246, bucket=bucket29151, key=gdir1/dir10/child, dataSize=0, replicationConfig=null} | ret=FAILURE
org.apache.hadoop.ozone.om.exceptions.OMException: Unable to get file status: volume: volume76246 bucket: bucket29151 key: gdir1/dir10/child
	at org.apache.hadoop.ozone.om.KeyManagerImpl.getOzoneFileStatus(KeyManagerImpl.java:1195) ~[ozone-manager-1.4.0-SNAPSHOT.jar:?]
	at org.apache.hadoop.ozone.om.KeyManagerImpl.getFileStatus(KeyManagerImpl.java:1113) ~[ozone-manager-1.4.0-SNAPSHOT.jar:?]
	at org.apache.hadoop.ozone.om.OmMetadataReader.getFileStatus(OmMetadataReader.java:262) ~[ozone-manager-1.4.0-SNAPSHOT.jar:?]
	at org.apache.hadoop.ozone.om.OzoneManager.getFileStatus(OzoneManager.java:3530) ~[ozone-manager-1.4.0-SNAPSHOT.jar:?]
	at org.apache.hadoop.ozone.protocolPB.OzoneManagerRequestHandler.getOzoneFileStatus(OzoneManagerRequestHandler.java:971) ~[ozone-manager-1.4.0-SNAPSHOT.jar:?]
	at org.apache.hadoop.ozone.protocolPB.OzoneManagerRequestHandler.handleReadRequest(OzoneManagerRequestHandler.java:250) ~[ozone-manager-1.4.0-SNAPSHOT.jar:?]
	at org.apache.hadoop.ozone.protocolPB.OzoneManagerProtocolServerSideTranslatorPB.submitReadRequestToOM(OzoneManagerProtocolServerSideTranslatorPB.java:225) ~[ozone-manager-1.4.0-SNAPSHOT.jar:?]
	at org.apache.hadoop.ozone.protocolPB.OzoneManagerProtocolServerSideTranslatorPB.processRequest(OzoneManagerProtocolServerSideTranslatorPB.java:179) ~[ozone-manager-1.4.0-SNAPSHOT.jar:?]
	at org.apache.hadoop.hdds.server.OzoneProtocolMessageDispatcher.processRequest(OzoneProtocolMessageDispatcher.java:87) [hdds-server-framework-1.4.0-SNAPSHOT.jar:?]
	at org.apache.hadoop.ozone.protocolPB.OzoneManagerProtocolServerSideTranslatorPB.submitRequest(OzoneManagerProtocolServerSideTranslatorPB.java:148) [ozone-manager-1.4.0-SNAPSHOT.jar:?]
	at org.apache.hadoop.ozone.protocol.proto.OzoneManagerProtocolProtos$OzoneManagerService$2.callBlockingMethod(OzoneManagerProtocolProtos.java) [ozone-interface-client-1.4.0-SNAPSHOT.jar:?]
	at org.apache.hadoop.ipc.ProtobufRpcEngine$Server.processCall(ProtobufRpcEngine.java:484) [hadoop-common-3.3.6.jar:?]
	at org.apache.hadoop.ipc.ProtobufRpcEngine2$Server$ProtoBufRpcInvoker.call(ProtobufRpcEngine2.java:595) [hadoop-common-3.3.6.jar:?]
	at org.apache.hadoop.ipc.ProtobufRpcEngine2$Server$ProtoBufRpcInvoker.call(ProtobufRpcEngine2.java:573) [hadoop-common-3.3.6.jar:?]
	at org.apache.hadoop.ipc.RPC$Server.call(RPC.java:1227) [hadoop-common-3.3.6.jar:?]
	at org.apache.hadoop.ipc.Server$RpcCall.run(Server.java:1094) [hadoop-common-3.3.6.jar:?]
	at org.apache.hadoop.ipc.Server$RpcCall.run(Server.java:1017) [hadoop-common-3.3.6.jar:?]
	at java.security.AccessController.doPrivileged(Native Method) ~[?:1.8.0_382]
	at javax.security.auth.Subject.doAs(Subject.java:422) [?:1.8.0_382]
	at org.apache.hadoop.security.UserGroupInformation.doAs(UserGroupInformation.java:1899) [hadoop-common-3.3.6.jar:?]
	at org.apache.hadoop.ipc.Server$Handler.run(Server.java:3048) [hadoop-common-3.3.6.jar:?]
08:55:41.032 [IPC Server handler 13 on default port 15110] ERROR OMAudit - user=runner | ip=127.0.0.1 | op=GET_FILE_STATUS {volume=volume76246, bucket=bucket29151, key=level0, dataSize=0, replicationConfig=null} | ret=FAILURE
org.apache.hadoop.ozone.om.exceptions.OMException: Unable to get file status: volume: volume76246 bucket: bucket29151 key: level0
	at org.apache.hadoop.ozone.om.KeyManagerImpl.getOzoneFileStatus(KeyManagerImpl.java:1195) ~[ozone-manager-1.4.0-SNAPSHOT.jar:?]
	at org.apache.hadoop.ozone.om.KeyManagerImpl.getFileStatus(KeyManagerImpl.java:1113) ~[ozone-manager-1.4.0-SNAPSHOT.jar:?]
	at org.apache.hadoop.ozone.om.OmMetadataReader.getFileStatus(OmMetadataReader.java:262) ~[ozone-manager-1.4.0-SNAPSHOT.jar:?]
	at org.apache.hadoop.ozone.om.OzoneManager.getFileStatus(OzoneManager.java:3530) ~[ozone-manager-1.4.0-SNAPSHOT.jar:?]
	at org.apache.hadoop.ozone.protocolPB.OzoneManagerRequestHandler.getOzoneFileStatus(OzoneManagerRequestHandler.java:971) ~[ozone-manager-1.4.0-SNAPSHOT.jar:?]
	at org.apache.hadoop.ozone.protocolPB.OzoneManagerRequestHandler.handleReadRequest(OzoneManagerRequestHandler.java:250) ~[ozone-manager-1.4.0-SNAPSHOT.jar:?]
	at org.apache.hadoop.ozone.protocolPB.OzoneManagerProtocolServerSideTranslatorPB.submitReadRequestToOM(OzoneManagerProtocolServerSideTranslatorPB.java:225) ~[ozone-manager-1.4.0-SNAPSHOT.jar:?]
	at org.apache.hadoop.ozone.protocolPB.OzoneManagerProtocolServerSideTranslatorPB.processRequest(OzoneManagerProtocolServerSideTranslatorPB.java:179) ~[ozone-manager-1.4.0-SNAPSHOT.jar:?]
	at org.apache.hadoop.hdds.server.OzoneProtocolMessageDispatcher.processRequest(OzoneProtocolMessageDispatcher.java:87) [hdds-server-framework-1.4.0-SNAPSHOT.jar:?]
	at org.apache.hadoop.ozone.protocolPB.OzoneManagerProtocolServerSideTranslatorPB.submitRequest(OzoneManagerProtocolServerSideTranslatorPB.java:148) [ozone-manager-1.4.0-SNAPSHOT.jar:?]
	at org.apache.hadoop.ozone.protocol.proto.OzoneManagerProtocolProtos$OzoneManagerService$2.callBlockingMethod(OzoneManagerProtocolProtos.java) [ozone-interface-client-1.4.0-SNAPSHOT.jar:?]
	at org.apache.hadoop.ipc.ProtobufRpcEngine$Server.processCall(ProtobufRpcEngine.java:484) [hadoop-common-3.3.6.jar:?]
	at org.apache.hadoop.ipc.ProtobufRpcEngine2$Server$ProtoBufRpcInvoker.call(ProtobufRpcEngine2.java:595) [hadoop-common-3.3.6.jar:?]
	at org.apache.hadoop.ipc.ProtobufRpcEngine2$Server$ProtoBufRpcInvoker.call(ProtobufRpcEngine2.java:573) [hadoop-common-3.3.6.jar:?]
	at org.apache.hadoop.ipc.RPC$Server.call(RPC.java:1227) [hadoop-common-3.3.6.jar:?]
	at org.apache.hadoop.ipc.Server$RpcCall.run(Server.java:1094) [hadoop-common-3.3.6.jar:?]
	at org.apache.hadoop.ipc.Server$RpcCall.run(Server.java:1017) [hadoop-common-3.3.6.jar:?]
	at java.security.AccessController.doPrivileged(Native Method) ~[?:1.8.0_382]
	at javax.security.auth.Subject.doAs(Subject.java:422) [?:1.8.0_382]
	at org.apache.hadoop.security.UserGroupInformation.doAs(UserGroupInformation.java:1899) [hadoop-common-3.3.6.jar:?]
	at org.apache.hadoop.ipc.Server$Handler.run(Server.java:3048) [hadoop-common-3.3.6.jar:?]
08:55:41.033 [IPC Server handler 6 on default port 15110] ERROR OMAudit - user=runner | ip=127.0.0.1 | op=GET_FILE_STATUS {volume=volume76246, bucket=bucket29151, key=level0/level1, dataSize=0, replicationConfig=null} | ret=FAILURE
org.apache.hadoop.ozone.om.exceptions.OMException: Unable to get file status: volume: volume76246 bucket: bucket29151 key: level0/level1
	at org.apache.hadoop.ozone.om.KeyManagerImpl.getOzoneFileStatus(KeyManagerImpl.java:1195) ~[ozone-manager-1.4.0-SNAPSHOT.jar:?]
	at org.apache.hadoop.ozone.om.KeyManagerImpl.getFileStatus(KeyManagerImpl.java:1113) ~[ozone-manager-1.4.0-SNAPSHOT.jar:?]
	at org.apache.hadoop.ozone.om.OmMetadataReader.getFileStatus(OmMetadataReader.java:262) ~[ozone-manager-1.4.0-SNAPSHOT.jar:?]
	at org.apache.hadoop.ozone.om.OzoneManager.getFileStatus(OzoneManager.java:3530) ~[ozone-manager-1.4.0-SNAPSHOT.jar:?]
	at org.apache.hadoop.ozone.protocolPB.OzoneManagerRequestHandler.getOzoneFileStatus(OzoneManagerRequestHandler.java:971) ~[ozone-manager-1.4.0-SNAPSHOT.jar:?]
	at org.apache.hadoop.ozone.protocolPB.OzoneManagerRequestHandler.handleReadRequest(OzoneManagerRequestHandler.java:250) ~[ozone-manager-1.4.0-SNAPSHOT.jar:?]
	at org.apache.hadoop.ozone.protocolPB.OzoneManagerProtocolServerSideTranslatorPB.submitReadRequestToOM(OzoneManagerProtocolServerSideTranslatorPB.java:225) ~[ozone-manager-1.4.0-SNAPSHOT.jar:?]
	at org.apache.hadoop.ozone.protocolPB.OzoneManagerProtocolServerSideTranslatorPB.processRequest(OzoneManagerProtocolServerSideTranslatorPB.java:179) ~[ozone-manager-1.4.0-SNAPSHOT.jar:?]
	at org.apache.hadoop.hdds.server.OzoneProtocolMessageDispatcher.processRequest(OzoneProtocolMessageDispatcher.java:87) [hdds-server-framework-1.4.0-SNAPSHOT.jar:?]
	at org.apache.hadoop.ozone.protocolPB.OzoneManagerProtocolServerSideTranslatorPB.submitRequest(OzoneManagerProtocolServerSideTranslatorPB.java:148) [ozone-manager-1.4.0-SNAPSHOT.jar:?]
	at org.apache.hadoop.ozone.protocol.proto.OzoneManagerProtocolProtos$OzoneManagerService$2.callBlockingMethod(OzoneManagerProtocolProtos.java) [ozone-interface-client-1.4.0-SNAPSHOT.jar:?]
	at org.apache.hadoop.ipc.ProtobufRpcEngine$Server.processCall(ProtobufRpcEngine.java:484) [hadoop-common-3.3.6.jar:?]
	at org.apache.hadoop.ipc.ProtobufRpcEngine2$Server$ProtoBufRpcInvoker.call(ProtobufRpcEngine2.java:595) [hadoop-common-3.3.6.jar:?]
	at org.apache.hadoop.ipc.ProtobufRpcEngine2$Server$ProtoBufRpcInvoker.call(ProtobufRpcEngine2.java:573) [hadoop-common-3.3.6.jar:?]
	at org.apache.hadoop.ipc.RPC$Server.call(RPC.java:1227) [hadoop-common-3.3.6.jar:?]
	at org.apache.hadoop.ipc.Server$RpcCall.run(Server.java:1094) [hadoop-common-3.3.6.jar:?]
	at org.apache.hadoop.ipc.Server$RpcCall.run(Server.java:1017) [hadoop-common-3.3.6.jar:?]
	at java.security.AccessController.doPrivileged(Native Method) ~[?:1.8.0_382]
	at javax.security.auth.Subject.doAs(Subject.java:422) [?:1.8.0_382]
	at org.apache.hadoop.security.UserGroupInformation.doAs(UserGroupInformation.java:1899) [hadoop-common-3.3.6.jar:?]
	at org.apache.hadoop.ipc.Server$Handler.run(Server.java:3048) [hadoop-common-3.3.6.jar:?]
08:55:41.035 [IPC Server handler 8 on default port 15110] ERROR OMAudit - user=runner | ip=127.0.0.1 | op=GET_FILE_STATUS {volume=volume76246, bucket=bucket29151, key=level0/level1/level1, dataSize=0, replicationConfig=null} | ret=FAILURE
org.apache.hadoop.ozone.om.exceptions.OMException: Unable to get file status: volume: volume76246 bucket: bucket29151 key: level0/level1/level1
	at org.apache.hadoop.ozone.om.KeyManagerImpl.getOzoneFileStatus(KeyManagerImpl.java:1195) ~[ozone-manager-1.4.0-SNAPSHOT.jar:?]
	at org.apache.hadoop.ozone.om.KeyManagerImpl.getFileStatus(KeyManagerImpl.java:1113) ~[ozone-manager-1.4.0-SNAPSHOT.jar:?]
	at org.apache.hadoop.ozone.om.OmMetadataReader.getFileStatus(OmMetadataReader.java:262) ~[ozone-manager-1.4.0-SNAPSHOT.jar:?]
	at org.apache.hadoop.ozone.om.OzoneManager.getFileStatus(OzoneManager.java:3530) ~[ozone-manager-1.4.0-SNAPSHOT.jar:?]
	at org.apache.hadoop.ozone.protocolPB.OzoneManagerRequestHandler.getOzoneFileStatus(OzoneManagerRequestHandler.java:971) ~[ozone-manager-1.4.0-SNAPSHOT.jar:?]
	at org.apache.hadoop.ozone.protocolPB.OzoneManagerRequestHandler.handleReadRequest(OzoneManagerRequestHandler.java:250) ~[ozone-manager-1.4.0-SNAPSHOT.jar:?]
	at org.apache.hadoop.ozone.protocolPB.OzoneManagerProtocolServerSideTranslatorPB.submitReadRequestToOM(OzoneManagerProtocolServerSideTranslatorPB.java:225) ~[ozone-manager-1.4.0-SNAPSHOT.jar:?]
	at org.apache.hadoop.ozone.protocolPB.OzoneManagerProtocolServerSideTranslatorPB.processRequest(OzoneManagerProtocolServerSideTranslatorPB.java:179) ~[ozone-manager-1.4.0-SNAPSHOT.jar:?]
	at org.apache.hadoop.hdds.server.OzoneProtocolMessageDispatcher.processRequest(OzoneProtocolMessageDispatcher.java:87) [hdds-server-framework-1.4.0-SNAPSHOT.jar:?]
	at org.apache.hadoop.ozone.protocolPB.OzoneManagerProtocolServerSideTranslatorPB.submitRequest(OzoneManagerProtocolServerSideTranslatorPB.java:148) [ozone-manager-1.4.0-SNAPSHOT.jar:?]
	at org.apache.hadoop.ozone.protocol.proto.OzoneManagerProtocolProtos$OzoneManagerService$2.callBlockingMethod(OzoneManagerProtocolProtos.java) [ozone-interface-client-1.4.0-SNAPSHOT.jar:?]
	at org.apache.hadoop.ipc.ProtobufRpcEngine$Server.processCall(ProtobufRpcEngine.java:484) [hadoop-common-3.3.6.jar:?]
	at org.apache.hadoop.ipc.ProtobufRpcEngine2$Server$ProtoBufRpcInvoker.call(ProtobufRpcEngine2.java:595) [hadoop-common-3.3.6.jar:?]
	at org.apache.hadoop.ipc.ProtobufRpcEngine2$Server$ProtoBufRpcInvoker.call(ProtobufRpcEngine2.java:573) [hadoop-common-3.3.6.jar:?]
	at org.apache.hadoop.ipc.RPC$Server.call(RPC.java:1227) [hadoop-common-3.3.6.jar:?]
	at org.apache.hadoop.ipc.Server$RpcCall.run(Server.java:1094) [hadoop-common-3.3.6.jar:?]
	at org.apache.hadoop.ipc.Server$RpcCall.run(Server.java:1017) [hadoop-common-3.3.6.jar:?]
	at java.security.AccessController.doPrivileged(Native Method) ~[?:1.8.0_382]
	at javax.security.auth.Subject.doAs(Subject.java:422) [?:1.8.0_382]
	at org.apache.hadoop.security.UserGroupInformation.doAs(UserGroupInformation.java:1899) [hadoop-common-3.3.6.jar:?]
	at org.apache.hadoop.ipc.Server$Handler.run(Server.java:3048) [hadoop-common-3.3.6.jar:?]
08:55:41.036 [IPC Server handler 14 on default port 15110] ERROR OMAudit - user=runner | ip=127.0.0.1 | op=GET_FILE_STATUS {volume=volume76246, bucket=bucket29151, key=level0/level1/file1, dataSize=0, replicationConfig=null} | ret=FAILURE
org.apache.hadoop.ozone.om.exceptions.OMException: Unable to get file status: volume: volume76246 bucket: bucket29151 key: level0/level1/file1
	at org.apache.hadoop.ozone.om.KeyManagerImpl.getOzoneFileStatus(KeyManagerImpl.java:1195) ~[ozone-manager-1.4.0-SNAPSHOT.jar:?]
	at org.apache.hadoop.ozone.om.KeyManagerImpl.getFileStatus(KeyManagerImpl.java:1113) ~[ozone-manager-1.4.0-SNAPSHOT.jar:?]
	at org.apache.hadoop.ozone.om.OmMetadataReader.getFileStatus(OmMetadataReader.java:262) ~[ozone-manager-1.4.0-SNAPSHOT.jar:?]
	at org.apache.hadoop.ozone.om.OzoneManager.getFileStatus(OzoneManager.java:3530) ~[ozone-manager-1.4.0-SNAPSHOT.jar:?]
	at org.apache.hadoop.ozone.protocolPB.OzoneManagerRequestHandler.getOzoneFileStatus(OzoneManagerRequestHandler.java:971) ~[ozone-manager-1.4.0-SNAPSHOT.jar:?]
	at org.apache.hadoop.ozone.protocolPB.OzoneManagerRequestHandler.handleReadRequest(OzoneManagerRequestHandler.java:250) ~[ozone-manager-1.4.0-SNAPSHOT.jar:?]
	at org.apache.hadoop.ozone.protocolPB.OzoneManagerProtocolServerSideTranslatorPB.submitReadRequestToOM(OzoneManagerProtocolServerSideTranslatorPB.java:225) ~[ozone-manager-1.4.0-SNAPSHOT.jar:?]
	at org.apache.hadoop.ozone.protocolPB.OzoneManagerProtocolServerSideTranslatorPB.processRequest(OzoneManagerProtocolServerSideTranslatorPB.java:179) ~[ozone-manager-1.4.0-SNAPSHOT.jar:?]
	at org.apache.hadoop.hdds.server.OzoneProtocolMessageDispatcher.processRequest(OzoneProtocolMessageDispatcher.java:87) [hdds-server-framework-1.4.0-SNAPSHOT.jar:?]
	at org.apache.hadoop.ozone.protocolPB.OzoneManagerProtocolServerSideTranslatorPB.submitRequest(OzoneManagerProtocolServerSideTranslatorPB.java:148) [ozone-manager-1.4.0-SNAPSHOT.jar:?]
	at org.apache.hadoop.ozone.protocol.proto.OzoneManagerProtocolProtos$OzoneManagerService$2.callBlockingMethod(OzoneManagerProtocolProtos.java) [ozone-interface-client-1.4.0-SNAPSHOT.jar:?]
	at org.apache.hadoop.ipc.ProtobufRpcEngine$Server.processCall(ProtobufRpcEngine.java:484) [hadoop-common-3.3.6.jar:?]
	at org.apache.hadoop.ipc.ProtobufRpcEngine2$Server$ProtoBufRpcInvoker.call(ProtobufRpcEngine2.java:595) [hadoop-common-3.3.6.jar:?]
	at org.apache.hadoop.ipc.ProtobufRpcEngine2$Server$ProtoBufRpcInvoker.call(ProtobufRpcEngine2.java:573) [hadoop-common-3.3.6.jar:?]
	at org.apache.hadoop.ipc.RPC$Server.call(RPC.java:1227) [hadoop-common-3.3.6.jar:?]
	at org.apache.hadoop.ipc.Server$RpcCall.run(Server.java:1094) [hadoop-common-3.3.6.jar:?]
	at org.apache.hadoop.ipc.Server$RpcCall.run(Server.java:1017) [hadoop-common-3.3.6.jar:?]
	at java.security.AccessController.doPrivileged(Native Method) ~[?:1.8.0_382]
	at javax.security.auth.Subject.doAs(Subject.java:422) [?:1.8.0_382]
	at org.apache.hadoop.security.UserGroupInformation.doAs(UserGroupInformation.java:1899) [hadoop-common-3.3.6.jar:?]
	at org.apache.hadoop.ipc.Server$Handler.run(Server.java:3048) [hadoop-common-3.3.6.jar:?]
08:55:41.038 [IPC Server handler 19 on default port 15110] ERROR OMAudit - user=runner | ip=127.0.0.1 | op=GET_FILE_STATUS {volume=volume76246, bucket=bucket29151, key=level0/level1/level1/file1, dataSize=0, replicationConfig=null} | ret=FAILURE
org.apache.hadoop.ozone.om.exceptions.OMException: Unable to get file status: volume: volume76246 bucket: bucket29151 key: level0/level1/level1/file1
	at org.apache.hadoop.ozone.om.KeyManagerImpl.getOzoneFileStatus(KeyManagerImpl.java:1195) ~[ozone-manager-1.4.0-SNAPSHOT.jar:?]
	at org.apache.hadoop.ozone.om.KeyManagerImpl.getFileStatus(KeyManagerImpl.java:1113) ~[ozone-manager-1.4.0-SNAPSHOT.jar:?]
	at org.apache.hadoop.ozone.om.OmMetadataReader.getFileStatus(OmMetadataReader.java:262) ~[ozone-manager-1.4.0-SNAPSHOT.jar:?]
	at org.apache.hadoop.ozone.om.OzoneManager.getFileStatus(OzoneManager.java:3530) ~[ozone-manager-1.4.0-SNAPSHOT.jar:?]
	at org.apache.hadoop.ozone.protocolPB.OzoneManagerRequestHandler.getOzoneFileStatus(OzoneManagerRequestHandler.java:971) ~[ozone-manager-1.4.0-SNAPSHOT.jar:?]
	at org.apache.hadoop.ozone.protocolPB.OzoneManagerRequestHandler.handleReadRequest(OzoneManagerRequestHandler.java:250) ~[ozone-manager-1.4.0-SNAPSHOT.jar:?]
	at org.apache.hadoop.ozone.protocolPB.OzoneManagerProtocolServerSideTranslatorPB.submitReadRequestToOM(OzoneManagerProtocolServerSideTranslatorPB.java:225) ~[ozone-manager-1.4.0-SNAPSHOT.jar:?]
	at org.apache.hadoop.ozone.protocolPB.OzoneManagerProtocolServerSideTranslatorPB.processRequest(OzoneManagerProtocolServerSideTranslatorPB.java:179) ~[ozone-manager-1.4.0-SNAPSHOT.jar:?]
	at org.apache.hadoop.hdds.server.OzoneProtocolMessageDispatcher.processRequest(OzoneProtocolMessageDispatcher.java:87) [hdds-server-framework-1.4.0-SNAPSHOT.jar:?]
	at org.apache.hadoop.ozone.protocolPB.OzoneManagerProtocolServerSideTranslatorPB.submitRequest(OzoneManagerProtocolServerSideTranslatorPB.java:148) [ozone-manager-1.4.0-SNAPSHOT.jar:?]
	at org.apache.hadoop.ozone.protocol.proto.OzoneManagerProtocolProtos$OzoneManagerService$2.callBlockingMethod(OzoneManagerProtocolProtos.java) [ozone-interface-client-1.4.0-SNAPSHOT.jar:?]
	at org.apache.hadoop.ipc.ProtobufRpcEngine$Server.processCall(ProtobufRpcEngine.java:484) [hadoop-common-3.3.6.jar:?]
	at org.apache.hadoop.ipc.ProtobufRpcEngine2$Server$ProtoBufRpcInvoker.call(ProtobufRpcEngine2.java:595) [hadoop-common-3.3.6.jar:?]
	at org.apache.hadoop.ipc.ProtobufRpcEngine2$Server$ProtoBufRpcInvoker.call(ProtobufRpcEngine2.java:573) [hadoop-common-3.3.6.jar:?]
	at org.apache.hadoop.ipc.RPC$Server.call(RPC.java:1227) [hadoop-common-3.3.6.jar:?]
	at org.apache.hadoop.ipc.Server$RpcCall.run(Server.java:1094) [hadoop-common-3.3.6.jar:?]
	at org.apache.hadoop.ipc.Server$RpcCall.run(Server.java:1017) [hadoop-common-3.3.6.jar:?]
	at java.security.AccessController.doPrivileged(Native Method) ~[?:1.8.0_382]
	at javax.security.auth.Subject.doAs(Subject.java:422) [?:1.8.0_382]
	at org.apache.hadoop.security.UserGroupInformation.doAs(UserGroupInformation.java:1899) [hadoop-common-3.3.6.jar:?]
	at org.apache.hadoop.ipc.Server$Handler.run(Server.java:3048) [hadoop-common-3.3.6.jar:?]
08:55:41.039 [IPC Server handler 17 on default port 15110] ERROR OMAudit - user=runner | ip=127.0.0.1 | op=GET_FILE_STATUS {volume=volume76246, bucket=bucket29151, key=level0/level2, dataSize=0, replicationConfig=null} | ret=FAILURE
org.apache.hadoop.ozone.om.exceptions.OMException: Unable to get file status: volume: volume76246 bucket: bucket29151 key: level0/level2
	at org.apache.hadoop.ozone.om.KeyManagerImpl.getOzoneFileStatus(KeyManagerImpl.java:1195) ~[ozone-manager-1.4.0-SNAPSHOT.jar:?]
	at org.apache.hadoop.ozone.om.KeyManagerImpl.getFileStatus(KeyManagerImpl.java:1113) ~[ozone-manager-1.4.0-SNAPSHOT.jar:?]
	at org.apache.hadoop.ozone.om.OmMetadataReader.getFileStatus(OmMetadataReader.java:262) ~[ozone-manager-1.4.0-SNAPSHOT.jar:?]
	at org.apache.hadoop.ozone.om.OzoneManager.getFileStatus(OzoneManager.java:3530) ~[ozone-manager-1.4.0-SNAPSHOT.jar:?]
	at org.apache.hadoop.ozone.protocolPB.OzoneManagerRequestHandler.getOzoneFileStatus(OzoneManagerRequestHandler.java:971) ~[ozone-manager-1.4.0-SNAPSHOT.jar:?]
	at org.apache.hadoop.ozone.protocolPB.OzoneManagerRequestHandler.handleReadRequest(OzoneManagerRequestHandler.java:250) ~[ozone-manager-1.4.0-SNAPSHOT.jar:?]
	at org.apache.hadoop.ozone.protocolPB.OzoneManagerProtocolServerSideTranslatorPB.submitReadRequestToOM(OzoneManagerProtocolServerSideTranslatorPB.java:225) ~[ozone-manager-1.4.0-SNAPSHOT.jar:?]
	at org.apache.hadoop.ozone.protocolPB.OzoneManagerProtocolServerSideTranslatorPB.processRequest(OzoneManagerProtocolServerSideTranslatorPB.java:179) ~[ozone-manager-1.4.0-SNAPSHOT.jar:?]
	at org.apache.hadoop.hdds.server.OzoneProtocolMessageDispatcher.processRequest(OzoneProtocolMessageDispatcher.java:87) [hdds-server-framework-1.4.0-SNAPSHOT.jar:?]
	at org.apache.hadoop.ozone.protocolPB.OzoneManagerProtocolServerSideTranslatorPB.submitRequest(OzoneManagerProtocolServerSideTranslatorPB.java:148) [ozone-manager-1.4.0-SNAPSHOT.jar:?]
	at org.apache.hadoop.ozone.protocol.proto.OzoneManagerProtocolProtos$OzoneManagerService$2.callBlockingMethod(OzoneManagerProtocolProtos.java) [ozone-interface-client-1.4.0-SNAPSHOT.jar:?]
	at org.apache.hadoop.ipc.ProtobufRpcEngine$Server.processCall(ProtobufRpcEngine.java:484) [hadoop-common-3.3.6.jar:?]
	at org.apache.hadoop.ipc.ProtobufRpcEngine2$Server$ProtoBufRpcInvoker.call(ProtobufRpcEngine2.java:595) [hadoop-common-3.3.6.jar:?]
	at org.apache.hadoop.ipc.ProtobufRpcEngine2$Server$ProtoBufRpcInvoker.call(ProtobufRpcEngine2.java:573) [hadoop-common-3.3.6.jar:?]
	at org.apache.hadoop.ipc.RPC$Server.call(RPC.java:1227) [hadoop-common-3.3.6.jar:?]
	at org.apache.hadoop.ipc.Server$RpcCall.run(Server.java:1094) [hadoop-common-3.3.6.jar:?]
	at org.apache.hadoop.ipc.Server$RpcCall.run(Server.java:1017) [hadoop-common-3.3.6.jar:?]
	at java.security.AccessController.doPrivileged(Native Method) ~[?:1.8.0_382]
	at javax.security.auth.Subject.doAs(Subject.java:422) [?:1.8.0_382]
	at org.apache.hadoop.security.UserGroupInformation.doAs(UserGroupInformation.java:1899) [hadoop-common-3.3.6.jar:?]
	at org.apache.hadoop.ipc.Server$Handler.run(Server.java:3048) [hadoop-common-3.3.6.jar:?]
08:55:41.040 [IPC Server handler 7 on default port 15110] ERROR OMAudit - user=runner | ip=127.0.0.1 | op=GET_FILE_STATUS {volume=volume76246, bucket=bucket29151, key=level0/level2/level2, dataSize=0, replicationConfig=null} | ret=FAILURE
org.apache.hadoop.ozone.om.exceptions.OMException: Unable to get file status: volume: volume76246 bucket: bucket29151 key: level0/level2/level2
	at org.apache.hadoop.ozone.om.KeyManagerImpl.getOzoneFileStatus(KeyManagerImpl.java:1195) ~[ozone-manager-1.4.0-SNAPSHOT.jar:?]
	at org.apache.hadoop.ozone.om.KeyManagerImpl.getFileStatus(KeyManagerImpl.java:1113) ~[ozone-manager-1.4.0-SNAPSHOT.jar:?]
	at org.apache.hadoop.ozone.om.OmMetadataReader.getFileStatus(OmMetadataReader.java:262) ~[ozone-manager-1.4.0-SNAPSHOT.jar:?]
	at org.apache.hadoop.ozone.om.OzoneManager.getFileStatus(OzoneManager.java:3530) ~[ozone-manager-1.4.0-SNAPSHOT.jar:?]
	at org.apache.hadoop.ozone.protocolPB.OzoneManagerRequestHandler.getOzoneFileStatus(OzoneManagerRequestHandler.java:971) ~[ozone-manager-1.4.0-SNAPSHOT.jar:?]
	at org.apache.hadoop.ozone.protocolPB.OzoneManagerRequestHandler.handleReadRequest(OzoneManagerRequestHandler.java:250) ~[ozone-manager-1.4.0-SNAPSHOT.jar:?]
	at org.apache.hadoop.ozone.protocolPB.OzoneManagerProtocolServerSideTranslatorPB.submitReadRequestToOM(OzoneManagerProtocolServerSideTranslatorPB.java:225) ~[ozone-manager-1.4.0-SNAPSHOT.jar:?]
	at org.apache.hadoop.ozone.protocolPB.OzoneManagerProtocolServerSideTranslatorPB.processRequest(OzoneManagerProtocolServerSideTranslatorPB.java:179) ~[ozone-manager-1.4.0-SNAPSHOT.jar:?]
	at org.apache.hadoop.hdds.server.OzoneProtocolMessageDispatcher.processRequest(OzoneProtocolMessageDispatcher.java:87) [hdds-server-framework-1.4.0-SNAPSHOT.jar:?]
	at org.apache.hadoop.ozone.protocolPB.OzoneManagerProtocolServerSideTranslatorPB.submitRequest(OzoneManagerProtocolServerSideTranslatorPB.java:148) [ozone-manager-1.4.0-SNAPSHOT.jar:?]
	at org.apache.hadoop.ozone.protocol.proto.OzoneManagerProtocolProtos$OzoneManagerService$2.callBlockingMethod(OzoneManagerProtocolProtos.java) [ozone-interface-client-1.4.0-SNAPSHOT.jar:?]
	at org.apache.hadoop.ipc.ProtobufRpcEngine$Server.processCall(ProtobufRpcEngine.java:484) [hadoop-common-3.3.6.jar:?]
	at org.apache.hadoop.ipc.ProtobufRpcEngine2$Server$ProtoBufRpcInvoker.call(ProtobufRpcEngine2.java:595) [hadoop-common-3.3.6.jar:?]
	at org.apache.hadoop.ipc.ProtobufRpcEngine2$Server$ProtoBufRpcInvoker.call(ProtobufRpcEngine2.java:573) [hadoop-common-3.3.6.jar:?]
	at org.apache.hadoop.ipc.RPC$Server.call(RPC.java:1227) [hadoop-common-3.3.6.jar:?]
	at org.apache.hadoop.ipc.Server$RpcCall.run(Server.java:1094) [hadoop-common-3.3.6.jar:?]
	at org.apache.hadoop.ipc.Server$RpcCall.run(Server.java:1017) [hadoop-common-3.3.6.jar:?]
	at java.security.AccessController.doPrivileged(Native Method) ~[?:1.8.0_382]
	at javax.security.auth.Subject.doAs(Subject.java:422) [?:1.8.0_382]
	at org.apache.hadoop.security.UserGroupInformation.doAs(UserGroupInformation.java:1899) [hadoop-common-3.3.6.jar:?]
	at org.apache.hadoop.ipc.Server$Handler.run(Server.java:3048) [hadoop-common-3.3.6.jar:?]
08:55:41.041 [IPC Server handler 10 on default port 15110] ERROR OMAudit - user=runner | ip=127.0.0.1 | op=GET_FILE_STATUS {volume=volume76246, bucket=bucket29151, key=level0/level2/file1, dataSize=0, replicationConfig=null} | ret=FAILURE
org.apache.hadoop.ozone.om.exceptions.OMException: Unable to get file status: volume: volume76246 bucket: bucket29151 key: level0/level2/file1
	at org.apache.hadoop.ozone.om.KeyManagerImpl.getOzoneFileStatus(KeyManagerImpl.java:1195) ~[ozone-manager-1.4.0-SNAPSHOT.jar:?]
	at org.apache.hadoop.ozone.om.KeyManagerImpl.getFileStatus(KeyManagerImpl.java:1113) ~[ozone-manager-1.4.0-SNAPSHOT.jar:?]
	at org.apache.hadoop.ozone.om.OmMetadataReader.getFileStatus(OmMetadataReader.java:262) ~[ozone-manager-1.4.0-SNAPSHOT.jar:?]
	at org.apache.hadoop.ozone.om.OzoneManager.getFileStatus(OzoneManager.java:3530) ~[ozone-manager-1.4.0-SNAPSHOT.jar:?]
	at org.apache.hadoop.ozone.protocolPB.OzoneManagerRequestHandler.getOzoneFileStatus(OzoneManagerRequestHandler.java:971) ~[ozone-manager-1.4.0-SNAPSHOT.jar:?]
	at org.apache.hadoop.ozone.protocolPB.OzoneManagerRequestHandler.handleReadRequest(OzoneManagerRequestHandler.java:250) ~[ozone-manager-1.4.0-SNAPSHOT.jar:?]
	at org.apache.hadoop.ozone.protocolPB.OzoneManagerProtocolServerSideTranslatorPB.submitReadRequestToOM(OzoneManagerProtocolServerSideTranslatorPB.java:225) ~[ozone-manager-1.4.0-SNAPSHOT.jar:?]
	at org.apache.hadoop.ozone.protocolPB.OzoneManagerProtocolServerSideTranslatorPB.processRequest(OzoneManagerProtocolServerSideTranslatorPB.java:179) ~[ozone-manager-1.4.0-SNAPSHOT.jar:?]
	at org.apache.hadoop.hdds.server.OzoneProtocolMessageDispatcher.processRequest(OzoneProtocolMessageDispatcher.java:87) [hdds-server-framework-1.4.0-SNAPSHOT.jar:?]
	at org.apache.hadoop.ozone.protocolPB.OzoneManagerProtocolServerSideTranslatorPB.submitRequest(OzoneManagerProtocolServerSideTranslatorPB.java:148) [ozone-manager-1.4.0-SNAPSHOT.jar:?]
	at org.apache.hadoop.ozone.protocol.proto.OzoneManagerProtocolProtos$OzoneManagerService$2.callBlockingMethod(OzoneManagerProtocolProtos.java) [ozone-interface-client-1.4.0-SNAPSHOT.jar:?]
	at org.apache.hadoop.ipc.ProtobufRpcEngine$Server.processCall(ProtobufRpcEngine.java:484) [hadoop-common-3.3.6.jar:?]
	at org.apache.hadoop.ipc.ProtobufRpcEngine2$Server$ProtoBufRpcInvoker.call(ProtobufRpcEngine2.java:595) [hadoop-common-3.3.6.jar:?]
	at org.apache.hadoop.ipc.ProtobufRpcEngine2$Server$ProtoBufRpcInvoker.call(ProtobufRpcEngine2.java:573) [hadoop-common-3.3.6.jar:?]
	at org.apache.hadoop.ipc.RPC$Server.call(RPC.java:1227) [hadoop-common-3.3.6.jar:?]
	at org.apache.hadoop.ipc.Server$RpcCall.run(Server.java:1094) [hadoop-common-3.3.6.jar:?]
	at org.apache.hadoop.ipc.Server$RpcCall.run(Server.java:1017) [hadoop-common-3.3.6.jar:?]
	at java.security.AccessController.doPrivileged(Native Method) ~[?:1.8.0_382]
	at javax.security.auth.Subject.doAs(Subject.java:422) [?:1.8.0_382]
	at org.apache.hadoop.security.UserGroupInformation.doAs(UserGroupInformation.java:1899) [hadoop-common-3.3.6.jar:?]
	at org.apache.hadoop.ipc.Server$Handler.run(Server.java:3048) [hadoop-common-3.3.6.jar:?]
08:55:41.042 [IPC Server handler 1 on default port 15110] ERROR OMAudit - user=runner | ip=127.0.0.1 | op=GET_FILE_STATUS {volume=volume76246, bucket=bucket29151, key=level0/level2/level2/file1, dataSize=0, replicationConfig=null} | ret=FAILURE
org.apache.hadoop.ozone.om.exceptions.OMException: Unable to get file status: volume: volume76246 bucket: bucket29151 key: level0/level2/level2/file1
	at org.apache.hadoop.ozone.om.KeyManagerImpl.getOzoneFileStatus(KeyManagerImpl.java:1195) ~[ozone-manager-1.4.0-SNAPSHOT.jar:?]
	at org.apache.hadoop.ozone.om.KeyManagerImpl.getFileStatus(KeyManagerImpl.java:1113) ~[ozone-manager-1.4.0-SNAPSHOT.jar:?]
	at org.apache.hadoop.ozone.om.OmMetadataReader.getFileStatus(OmMetadataReader.java:262) ~[ozone-manager-1.4.0-SNAPSHOT.jar:?]
	at org.apache.hadoop.ozone.om.OzoneManager.getFileStatus(OzoneManager.java:3530) ~[ozone-manager-1.4.0-SNAPSHOT.jar:?]
	at org.apache.hadoop.ozone.protocolPB.OzoneManagerRequestHandler.getOzoneFileStatus(OzoneManagerRequestHandler.java:971) ~[ozone-manager-1.4.0-SNAPSHOT.jar:?]
	at org.apache.hadoop.ozone.protocolPB.OzoneManagerRequestHandler.handleReadRequest(OzoneManagerRequestHandler.java:250) ~[ozone-manager-1.4.0-SNAPSHOT.jar:?]
	at org.apache.hadoop.ozone.protocolPB.OzoneManagerProtocolServerSideTranslatorPB.submitReadRequestToOM(OzoneManagerProtocolServerSideTranslatorPB.java:225) ~[ozone-manager-1.4.0-SNAPSHOT.jar:?]
	at org.apache.hadoop.ozone.protocolPB.OzoneManagerProtocolServerSideTranslatorPB.processRequest(OzoneManagerProtocolServerSideTranslatorPB.java:179) ~[ozone-manager-1.4.0-SNAPSHOT.jar:?]
	at org.apache.hadoop.hdds.server.OzoneProtocolMessageDispatcher.processRequest(OzoneProtocolMessageDispatcher.java:87) [hdds-server-framework-1.4.0-SNAPSHOT.jar:?]
	at org.apache.hadoop.ozone.protocolPB.OzoneManagerProtocolServerSideTranslatorPB.submitRequest(OzoneManagerProtocolServerSideTranslatorPB.java:148) [ozone-manager-1.4.0-SNAPSHOT.jar:?]
	at org.apache.hadoop.ozone.protocol.proto.OzoneManagerProtocolProtos$OzoneManagerService$2.callBlockingMethod(OzoneManagerProtocolProtos.java) [ozone-interface-client-1.4.0-SNAPSHOT.jar:?]
	at org.apache.hadoop.ipc.ProtobufRpcEngine$Server.processCall(ProtobufRpcEngine.java:484) [hadoop-common-3.3.6.jar:?]
	at org.apache.hadoop.ipc.ProtobufRpcEngine2$Server$ProtoBufRpcInvoker.call(ProtobufRpcEngine2.java:595) [hadoop-common-3.3.6.jar:?]
	at org.apache.hadoop.ipc.ProtobufRpcEngine2$Server$ProtoBufRpcInvoker.call(ProtobufRpcEngine2.java:573) [hadoop-common-3.3.6.jar:?]
	at org.apache.hadoop.ipc.RPC$Server.call(RPC.java:1227) [hadoop-common-3.3.6.jar:?]
	at org.apache.hadoop.ipc.Server$RpcCall.run(Server.java:1094) [hadoop-common-3.3.6.jar:?]
	at org.apache.hadoop.ipc.Server$RpcCall.run(Server.java:1017) [hadoop-common-3.3.6.jar:?]
	at java.security.AccessController.doPrivileged(Native Method) ~[?:1.8.0_382]
	at javax.security.auth.Subject.doAs(Subject.java:422) [?:1.8.0_382]
	at org.apache.hadoop.security.UserGroupInformation.doAs(UserGroupInformation.java:1899) [hadoop-common-3.3.6.jar:?]
	at org.apache.hadoop.ipc.Server$Handler.run(Server.java:3048) [hadoop-common-3.3.6.jar:?]
08:55:41.044 [IPC Server handler 0 on default port 15110] ERROR OMAudit - user=runner | ip=127.0.0.1 | op=GET_FILE_STATUS {volume=volume76246, bucket=bucket29151, key=level0/level3, dataSize=0, replicationConfig=null} | ret=FAILURE
org.apache.hadoop.ozone.om.exceptions.OMException: Unable to get file status: volume: volume76246 bucket: bucket29151 key: level0/level3
	at org.apache.hadoop.ozone.om.KeyManagerImpl.getOzoneFileStatus(KeyManagerImpl.java:1195) ~[ozone-manager-1.4.0-SNAPSHOT.jar:?]
	at org.apache.hadoop.ozone.om.KeyManagerImpl.getFileStatus(KeyManagerImpl.java:1113) ~[ozone-manager-1.4.0-SNAPSHOT.jar:?]
	at org.apache.hadoop.ozone.om.OmMetadataReader.getFileStatus(OmMetadataReader.java:262) ~[ozone-manager-1.4.0-SNAPSHOT.jar:?]
	at org.apache.hadoop.ozone.om.OzoneManager.getFileStatus(OzoneManager.java:3530) ~[ozone-manager-1.4.0-SNAPSHOT.jar:?]
	at org.apache.hadoop.ozone.protocolPB.OzoneManagerRequestHandler.getOzoneFileStatus(OzoneManagerRequestHandler.java:971) ~[ozone-manager-1.4.0-SNAPSHOT.jar:?]
	at org.apache.hadoop.ozone.protocolPB.OzoneManagerRequestHandler.handleReadRequest(OzoneManagerRequestHandler.java:250) ~[ozone-manager-1.4.0-SNAPSHOT.jar:?]
	at org.apache.hadoop.ozone.protocolPB.OzoneManagerProtocolServerSideTranslatorPB.submitReadRequestToOM(OzoneManagerProtocolServerSideTranslatorPB.java:225) ~[ozone-manager-1.4.0-SNAPSHOT.jar:?]
	at org.apache.hadoop.ozone.protocolPB.OzoneManagerProtocolServerSideTranslatorPB.processRequest(OzoneManagerProtocolServerSideTranslatorPB.java:179) ~[ozone-manager-1.4.0-SNAPSHOT.jar:?]
	at org.apache.hadoop.hdds.server.OzoneProtocolMessageDispatcher.processRequest(OzoneProtocolMessageDispatcher.java:87) [hdds-server-framework-1.4.0-SNAPSHOT.jar:?]
	at org.apache.hadoop.ozone.protocolPB.OzoneManagerProtocolServerSideTranslatorPB.submitRequest(OzoneManagerProtocolServerSideTranslatorPB.java:148) [ozone-manager-1.4.0-SNAPSHOT.jar:?]
	at org.apache.hadoop.ozone.protocol.proto.OzoneManagerProtocolProtos$OzoneManagerService$2.callBlockingMethod(OzoneManagerProtocolProtos.java) [ozone-interface-client-1.4.0-SNAPSHOT.jar:?]
	at org.apache.hadoop.ipc.ProtobufRpcEngine$Server.processCall(ProtobufRpcEngine.java:484) [hadoop-common-3.3.6.jar:?]
	at org.apache.hadoop.ipc.ProtobufRpcEngine2$Server$ProtoBufRpcInvoker.call(ProtobufRpcEngine2.java:595) [hadoop-common-3.3.6.jar:?]
	at org.apache.hadoop.ipc.ProtobufRpcEngine2$Server$ProtoBufRpcInvoker.call(ProtobufRpcEngine2.java:573) [hadoop-common-3.3.6.jar:?]
	at org.apache.hadoop.ipc.RPC$Server.call(RPC.java:1227) [hadoop-common-3.3.6.jar:?]
	at org.apache.hadoop.ipc.Server$RpcCall.run(Server.java:1094) [hadoop-common-3.3.6.jar:?]
	at org.apache.hadoop.ipc.Server$RpcCall.run(Server.java:1017) [hadoop-common-3.3.6.jar:?]
	at java.security.AccessController.doPrivileged(Native Method) ~[?:1.8.0_382]
	at javax.security.auth.Subject.doAs(Subject.java:422) [?:1.8.0_382]
	at org.apache.hadoop.security.UserGroupInformation.doAs(UserGroupInformation.java:1899) [hadoop-common-3.3.6.jar:?]
	at org.apache.hadoop.ipc.Server$Handler.run(Server.java:3048) [hadoop-common-3.3.6.jar:?]
08:55:41.050 [IPC Server handler 4 on default port 15110] ERROR OMAudit - user=runner | ip=127.0.0.1 | op=GET_FILE_STATUS {volume=volume76246, bucket=bucket29151, key=level0/level3/level3, dataSize=0, replicationConfig=null} | ret=FAILURE
org.apache.hadoop.ozone.om.exceptions.OMException: Unable to get file status: volume: volume76246 bucket: bucket29151 key: level0/level3/level3
	at org.apache.hadoop.ozone.om.KeyManagerImpl.getOzoneFileStatus(KeyManagerImpl.java:1195) ~[ozone-manager-1.4.0-SNAPSHOT.jar:?]
	at org.apache.hadoop.ozone.om.KeyManagerImpl.getFileStatus(KeyManagerImpl.java:1113) ~[ozone-manager-1.4.0-SNAPSHOT.jar:?]
	at org.apache.hadoop.ozone.om.OmMetadataReader.getFileStatus(OmMetadataReader.java:262) ~[ozone-manager-1.4.0-SNAPSHOT.jar:?]
	at org.apache.hadoop.ozone.om.OzoneManager.getFileStatus(OzoneManager.java:3530) ~[ozone-manager-1.4.0-SNAPSHOT.jar:?]
	at org.apache.hadoop.ozone.protocolPB.OzoneManagerRequestHandler.getOzoneFileStatus(OzoneManagerRequestHandler.java:971) ~[ozone-manager-1.4.0-SNAPSHOT.jar:?]
	at org.apache.hadoop.ozone.protocolPB.OzoneManagerRequestHandler.handleReadRequest(OzoneManagerRequestHandler.java:250) ~[ozone-manager-1.4.0-SNAPSHOT.jar:?]
	at org.apache.hadoop.ozone.protocolPB.OzoneManagerProtocolServerSideTranslatorPB.submitReadRequestToOM(OzoneManagerProtocolServerSideTranslatorPB.java:225) ~[ozone-manager-1.4.0-SNAPSHOT.jar:?]
	at org.apache.hadoop.ozone.protocolPB.OzoneManagerProtocolServerSideTranslatorPB.processRequest(OzoneManagerProtocolServerSideTranslatorPB.java:179) ~[ozone-manager-1.4.0-SNAPSHOT.jar:?]
	at org.apache.hadoop.hdds.server.OzoneProtocolMessageDispatcher.processRequest(OzoneProtocolMessageDispatcher.java:87) [hdds-server-framework-1.4.0-SNAPSHOT.jar:?]
	at org.apache.hadoop.ozone.protocolPB.OzoneManagerProtocolServerSideTranslatorPB.submitRequest(OzoneManagerProtocolServerSideTranslatorPB.java:148) [ozone-manager-1.4.0-SNAPSHOT.jar:?]
	at org.apache.hadoop.ozone.protocol.proto.OzoneManagerProtocolProtos$OzoneManagerService$2.callBlockingMethod(OzoneManagerProtocolProtos.java) [ozone-interface-client-1.4.0-SNAPSHOT.jar:?]
	at org.apache.hadoop.ipc.ProtobufRpcEngine$Server.processCall(ProtobufRpcEngine.java:484) [hadoop-common-3.3.6.jar:?]
	at org.apache.hadoop.ipc.ProtobufRpcEngine2$Server$ProtoBufRpcInvoker.call(ProtobufRpcEngine2.java:595) [hadoop-common-3.3.6.jar:?]
	at org.apache.hadoop.ipc.ProtobufRpcEngine2$Server$ProtoBufRpcInvoker.call(ProtobufRpcEngine2.java:573) [hadoop-common-3.3.6.jar:?]
	at org.apache.hadoop.ipc.RPC$Server.call(RPC.java:1227) [hadoop-common-3.3.6.jar:?]
	at org.apache.hadoop.ipc.Server$RpcCall.run(Server.java:1094) [hadoop-common-3.3.6.jar:?]
	at org.apache.hadoop.ipc.Server$RpcCall.run(Server.java:1017) [hadoop-common-3.3.6.jar:?]
	at java.security.AccessController.doPrivileged(Native Method) ~[?:1.8.0_382]
	at javax.security.auth.Subject.doAs(Subject.java:422) [?:1.8.0_382]
	at org.apache.hadoop.security.UserGroupInformation.doAs(UserGroupInformation.java:1899) [hadoop-common-3.3.6.jar:?]
	at org.apache.hadoop.ipc.Server$Handler.run(Server.java:3048) [hadoop-common-3.3.6.jar:?]
08:55:41.052 [IPC Server handler 11 on default port 15110] ERROR OMAudit - user=runner | ip=127.0.0.1 | op=GET_FILE_STATUS {volume=volume76246, bucket=bucket29151, key=level0/level3/file1, dataSize=0, replicationConfig=null} | ret=FAILURE
org.apache.hadoop.ozone.om.exceptions.OMException: Unable to get file status: volume: volume76246 bucket: bucket29151 key: level0/level3/file1
	at org.apache.hadoop.ozone.om.KeyManagerImpl.getOzoneFileStatus(KeyManagerImpl.java:1195) ~[ozone-manager-1.4.0-SNAPSHOT.jar:?]
	at org.apache.hadoop.ozone.om.KeyManagerImpl.getFileStatus(KeyManagerImpl.java:1113) ~[ozone-manager-1.4.0-SNAPSHOT.jar:?]
	at org.apache.hadoop.ozone.om.OmMetadataReader.getFileStatus(OmMetadataReader.java:262) ~[ozone-manager-1.4.0-SNAPSHOT.jar:?]
	at org.apache.hadoop.ozone.om.OzoneManager.getFileStatus(OzoneManager.java:3530) ~[ozone-manager-1.4.0-SNAPSHOT.jar:?]
	at org.apache.hadoop.ozone.protocolPB.OzoneManagerRequestHandler.getOzoneFileStatus(OzoneManagerRequestHandler.java:971) ~[ozone-manager-1.4.0-SNAPSHOT.jar:?]
	at org.apache.hadoop.ozone.protocolPB.OzoneManagerRequestHandler.handleReadRequest(OzoneManagerRequestHandler.java:250) ~[ozone-manager-1.4.0-SNAPSHOT.jar:?]
	at org.apache.hadoop.ozone.protocolPB.OzoneManagerProtocolServerSideTranslatorPB.submitReadRequestToOM(OzoneManagerProtocolServerSideTranslatorPB.java:225) ~[ozone-manager-1.4.0-SNAPSHOT.jar:?]
	at org.apache.hadoop.ozone.protocolPB.OzoneManagerProtocolServerSideTranslatorPB.processRequest(OzoneManagerProtocolServerSideTranslatorPB.java:179) ~[ozone-manager-1.4.0-SNAPSHOT.jar:?]
	at org.apache.hadoop.hdds.server.OzoneProtocolMessageDispatcher.processRequest(OzoneProtocolMessageDispatcher.java:87) [hdds-server-framework-1.4.0-SNAPSHOT.jar:?]
	at org.apache.hadoop.ozone.protocolPB.OzoneManagerProtocolServerSideTranslatorPB.submitRequest(OzoneManagerProtocolServerSideTranslatorPB.java:148) [ozone-manager-1.4.0-SNAPSHOT.jar:?]
	at org.apache.hadoop.ozone.protocol.proto.OzoneManagerProtocolProtos$OzoneManagerService$2.callBlockingMethod(OzoneManagerProtocolProtos.java) [ozone-interface-client-1.4.0-SNAPSHOT.jar:?]
	at org.apache.hadoop.ipc.ProtobufRpcEngine$Server.processCall(ProtobufRpcEngine.java:484) [hadoop-common-3.3.6.jar:?]
	at org.apache.hadoop.ipc.ProtobufRpcEngine2$Server$ProtoBufRpcInvoker.call(ProtobufRpcEngine2.java:595) [hadoop-common-3.3.6.jar:?]
	at org.apache.hadoop.ipc.ProtobufRpcEngine2$Server$ProtoBufRpcInvoker.call(ProtobufRpcEngine2.java:573) [hadoop-common-3.3.6.jar:?]
	at org.apache.hadoop.ipc.RPC$Server.call(RPC.java:1227) [hadoop-common-3.3.6.jar:?]
	at org.apache.hadoop.ipc.Server$RpcCall.run(Server.java:1094) [hadoop-common-3.3.6.jar:?]
	at org.apache.hadoop.ipc.Server$RpcCall.run(Server.java:1017) [hadoop-common-3.3.6.jar:?]
	at java.security.AccessController.doPrivileged(Native Method) ~[?:1.8.0_382]
	at javax.security.auth.Subject.doAs(Subject.java:422) [?:1.8.0_382]
	at org.apache.hadoop.security.UserGroupInformation.doAs(UserGroupInformation.java:1899) [hadoop-common-3.3.6.jar:?]
	at org.apache.hadoop.ipc.Server$Handler.run(Server.java:3048) [hadoop-common-3.3.6.jar:?]
08:55:41.055 [IPC Server handler 2 on default port 15110] ERROR OMAudit - user=runner | ip=127.0.0.1 | op=GET_FILE_STATUS {volume=volume76246, bucket=bucket29151, key=level0/level3/level3/file1, dataSize=0, replicationConfig=null} | ret=FAILURE
org.apache.hadoop.ozone.om.exceptions.OMException: Unable to get file status: volume: volume76246 bucket: bucket29151 key: level0/level3/level3/file1
	at org.apache.hadoop.ozone.om.KeyManagerImpl.getOzoneFileStatus(KeyManagerImpl.java:1195) ~[ozone-manager-1.4.0-SNAPSHOT.jar:?]
	at org.apache.hadoop.ozone.om.KeyManagerImpl.getFileStatus(KeyManagerImpl.java:1113) ~[ozone-manager-1.4.0-SNAPSHOT.jar:?]
	at org.apache.hadoop.ozone.om.OmMetadataReader.getFileStatus(OmMetadataReader.java:262) ~[ozone-manager-1.4.0-SNAPSHOT.jar:?]
	at org.apache.hadoop.ozone.om.OzoneManager.getFileStatus(OzoneManager.java:3530) ~[ozone-manager-1.4.0-SNAPSHOT.jar:?]
	at org.apache.hadoop.ozone.protocolPB.OzoneManagerRequestHandler.getOzoneFileStatus(OzoneManagerRequestHandler.java:971) ~[ozone-manager-1.4.0-SNAPSHOT.jar:?]
	at org.apache.hadoop.ozone.protocolPB.OzoneManagerRequestHandler.handleReadRequest(OzoneManagerRequestHandler.java:250) ~[ozone-manager-1.4.0-SNAPSHOT.jar:?]
	at org.apache.hadoop.ozone.protocolPB.OzoneManagerProtocolServerSideTranslatorPB.submitReadRequestToOM(OzoneManagerProtocolServerSideTranslatorPB.java:225) ~[ozone-manager-1.4.0-SNAPSHOT.jar:?]
	at org.apache.hadoop.ozone.protocolPB.OzoneManagerProtocolServerSideTranslatorPB.processRequest(OzoneManagerProtocolServerSideTranslatorPB.java:179) ~[ozone-manager-1.4.0-SNAPSHOT.jar:?]
	at org.apache.hadoop.hdds.server.OzoneProtocolMessageDispatcher.processRequest(OzoneProtocolMessageDispatcher.java:87) [hdds-server-framework-1.4.0-SNAPSHOT.jar:?]
	at org.apache.hadoop.ozone.protocolPB.OzoneManagerProtocolServerSideTranslatorPB.submitRequest(OzoneManagerProtocolServerSideTranslatorPB.java:148) [ozone-manager-1.4.0-SNAPSHOT.jar:?]
	at org.apache.hadoop.ozone.protocol.proto.OzoneManagerProtocolProtos$OzoneManagerService$2.callBlockingMethod(OzoneManagerProtocolProtos.java) [ozone-interface-client-1.4.0-SNAPSHOT.jar:?]
	at org.apache.hadoop.ipc.ProtobufRpcEngine$Server.processCall(ProtobufRpcEngine.java:484) [hadoop-common-3.3.6.jar:?]
	at org.apache.hadoop.ipc.ProtobufRpcEngine2$Server$ProtoBufRpcInvoker.call(ProtobufRpcEngine2.java:595) [hadoop-common-3.3.6.jar:?]
	at org.apache.hadoop.ipc.ProtobufRpcEngine2$Server$ProtoBufRpcInvoker.call(ProtobufRpcEngine2.java:573) [hadoop-common-3.3.6.jar:?]
	at org.apache.hadoop.ipc.RPC$Server.call(RPC.java:1227) [hadoop-common-3.3.6.jar:?]
	at org.apache.hadoop.ipc.Server$RpcCall.run(Server.java:1094) [hadoop-common-3.3.6.jar:?]
	at org.apache.hadoop.ipc.Server$RpcCall.run(Server.java:1017) [hadoop-common-3.3.6.jar:?]
	at java.security.AccessController.doPrivileged(Native Method) ~[?:1.8.0_382]
	at javax.security.auth.Subject.doAs(Subject.java:422) [?:1.8.0_382]
	at org.apache.hadoop.security.UserGroupInformation.doAs(UserGroupInformation.java:1899) [hadoop-common-3.3.6.jar:?]
	at org.apache.hadoop.ipc.Server$Handler.run(Server.java:3048) [hadoop-common-3.3.6.jar:?]
]]></system-out>
  </testcase>
  <testcase name="testRecursiveDelete" classname="TestOzoneFileSystem" time="0.186">
    <system-out><![CDATA[08:57:18.311 [IPC Server handler 14 on default port 15163] ERROR OMAudit - user=runner | ip=127.0.0.1 | op=GET_FILE_STATUS {volume=volume04563, bucket=bucket31706, key=gdir1, dataSize=0, replicationConfig=null} | ret=FAILURE
org.apache.hadoop.ozone.om.exceptions.OMException: Unable to get file status: volume: volume04563 bucket: bucket31706 key: gdir1
	at org.apache.hadoop.ozone.om.KeyManagerImpl.getOzoneFileStatus(KeyManagerImpl.java:1195) ~[ozone-manager-1.4.0-SNAPSHOT.jar:?]
	at org.apache.hadoop.ozone.om.KeyManagerImpl.getFileStatus(KeyManagerImpl.java:1113) ~[ozone-manager-1.4.0-SNAPSHOT.jar:?]
	at org.apache.hadoop.ozone.om.OmMetadataReader.getFileStatus(OmMetadataReader.java:262) ~[ozone-manager-1.4.0-SNAPSHOT.jar:?]
	at org.apache.hadoop.ozone.om.OzoneManager.getFileStatus(OzoneManager.java:3530) ~[ozone-manager-1.4.0-SNAPSHOT.jar:?]
	at org.apache.hadoop.ozone.protocolPB.OzoneManagerRequestHandler.getOzoneFileStatus(OzoneManagerRequestHandler.java:971) ~[ozone-manager-1.4.0-SNAPSHOT.jar:?]
	at org.apache.hadoop.ozone.protocolPB.OzoneManagerRequestHandler.handleReadRequest(OzoneManagerRequestHandler.java:250) ~[ozone-manager-1.4.0-SNAPSHOT.jar:?]
	at org.apache.hadoop.ozone.protocolPB.OzoneManagerProtocolServerSideTranslatorPB.submitRequestDirectlyToOM(OzoneManagerProtocolServerSideTranslatorPB.java:274) ~[ozone-manager-1.4.0-SNAPSHOT.jar:?]
	at org.apache.hadoop.ozone.protocolPB.OzoneManagerProtocolServerSideTranslatorPB.processRequest(OzoneManagerProtocolServerSideTranslatorPB.java:175) ~[ozone-manager-1.4.0-SNAPSHOT.jar:?]
	at org.apache.hadoop.hdds.server.OzoneProtocolMessageDispatcher.processRequest(OzoneProtocolMessageDispatcher.java:87) [hdds-server-framework-1.4.0-SNAPSHOT.jar:?]
	at org.apache.hadoop.ozone.protocolPB.OzoneManagerProtocolServerSideTranslatorPB.submitRequest(OzoneManagerProtocolServerSideTranslatorPB.java:148) [ozone-manager-1.4.0-SNAPSHOT.jar:?]
	at org.apache.hadoop.ozone.protocol.proto.OzoneManagerProtocolProtos$OzoneManagerService$2.callBlockingMethod(OzoneManagerProtocolProtos.java) [ozone-interface-client-1.4.0-SNAPSHOT.jar:?]
	at org.apache.hadoop.ipc.ProtobufRpcEngine$Server.processCall(ProtobufRpcEngine.java:484) [hadoop-common-3.3.6.jar:?]
	at org.apache.hadoop.ipc.ProtobufRpcEngine2$Server$ProtoBufRpcInvoker.call(ProtobufRpcEngine2.java:595) [hadoop-common-3.3.6.jar:?]
	at org.apache.hadoop.ipc.ProtobufRpcEngine2$Server$ProtoBufRpcInvoker.call(ProtobufRpcEngine2.java:573) [hadoop-common-3.3.6.jar:?]
	at org.apache.hadoop.ipc.RPC$Server.call(RPC.java:1227) [hadoop-common-3.3.6.jar:?]
	at org.apache.hadoop.ipc.Server$RpcCall.run(Server.java:1094) [hadoop-common-3.3.6.jar:?]
	at org.apache.hadoop.ipc.Server$RpcCall.run(Server.java:1017) [hadoop-common-3.3.6.jar:?]
	at java.security.AccessController.doPrivileged(Native Method) ~[?:1.8.0_382]
	at javax.security.auth.Subject.doAs(Subject.java:422) [?:1.8.0_382]
	at org.apache.hadoop.security.UserGroupInformation.doAs(UserGroupInformation.java:1899) [hadoop-common-3.3.6.jar:?]
	at org.apache.hadoop.ipc.Server$Handler.run(Server.java:3048) [hadoop-common-3.3.6.jar:?]
08:57:18.316 [IPC Server handler 16 on default port 15163] ERROR OMAudit - user=runner | ip=127.0.0.1 | op=GET_FILE_STATUS {volume=volume04563, bucket=bucket31706, key=gdir1/dir1, dataSize=0, replicationConfig=null} | ret=FAILURE
org.apache.hadoop.ozone.om.exceptions.OMException: Unable to get file status: volume: volume04563 bucket: bucket31706 key: gdir1/dir1
	at org.apache.hadoop.ozone.om.KeyManagerImpl.getOzoneFileStatus(KeyManagerImpl.java:1195) ~[ozone-manager-1.4.0-SNAPSHOT.jar:?]
	at org.apache.hadoop.ozone.om.KeyManagerImpl.getFileStatus(KeyManagerImpl.java:1113) ~[ozone-manager-1.4.0-SNAPSHOT.jar:?]
	at org.apache.hadoop.ozone.om.OmMetadataReader.getFileStatus(OmMetadataReader.java:262) ~[ozone-manager-1.4.0-SNAPSHOT.jar:?]
	at org.apache.hadoop.ozone.om.OzoneManager.getFileStatus(OzoneManager.java:3530) ~[ozone-manager-1.4.0-SNAPSHOT.jar:?]
	at org.apache.hadoop.ozone.protocolPB.OzoneManagerRequestHandler.getOzoneFileStatus(OzoneManagerRequestHandler.java:971) ~[ozone-manager-1.4.0-SNAPSHOT.jar:?]
	at org.apache.hadoop.ozone.protocolPB.OzoneManagerRequestHandler.handleReadRequest(OzoneManagerRequestHandler.java:250) ~[ozone-manager-1.4.0-SNAPSHOT.jar:?]
	at org.apache.hadoop.ozone.protocolPB.OzoneManagerProtocolServerSideTranslatorPB.submitRequestDirectlyToOM(OzoneManagerProtocolServerSideTranslatorPB.java:274) ~[ozone-manager-1.4.0-SNAPSHOT.jar:?]
	at org.apache.hadoop.ozone.protocolPB.OzoneManagerProtocolServerSideTranslatorPB.processRequest(OzoneManagerProtocolServerSideTranslatorPB.java:175) ~[ozone-manager-1.4.0-SNAPSHOT.jar:?]
	at org.apache.hadoop.hdds.server.OzoneProtocolMessageDispatcher.processRequest(OzoneProtocolMessageDispatcher.java:87) [hdds-server-framework-1.4.0-SNAPSHOT.jar:?]
	at org.apache.hadoop.ozone.protocolPB.OzoneManagerProtocolServerSideTranslatorPB.submitRequest(OzoneManagerProtocolServerSideTranslatorPB.java:148) [ozone-manager-1.4.0-SNAPSHOT.jar:?]
	at org.apache.hadoop.ozone.protocol.proto.OzoneManagerProtocolProtos$OzoneManagerService$2.callBlockingMethod(OzoneManagerProtocolProtos.java) [ozone-interface-client-1.4.0-SNAPSHOT.jar:?]
	at org.apache.hadoop.ipc.ProtobufRpcEngine$Server.processCall(ProtobufRpcEngine.java:484) [hadoop-common-3.3.6.jar:?]
	at org.apache.hadoop.ipc.ProtobufRpcEngine2$Server$ProtoBufRpcInvoker.call(ProtobufRpcEngine2.java:595) [hadoop-common-3.3.6.jar:?]
	at org.apache.hadoop.ipc.ProtobufRpcEngine2$Server$ProtoBufRpcInvoker.call(ProtobufRpcEngine2.java:573) [hadoop-common-3.3.6.jar:?]
	at org.apache.hadoop.ipc.RPC$Server.call(RPC.java:1227) [hadoop-common-3.3.6.jar:?]
	at org.apache.hadoop.ipc.Server$RpcCall.run(Server.java:1094) [hadoop-common-3.3.6.jar:?]
	at org.apache.hadoop.ipc.Server$RpcCall.run(Server.java:1017) [hadoop-common-3.3.6.jar:?]
	at java.security.AccessController.doPrivileged(Native Method) ~[?:1.8.0_382]
	at javax.security.auth.Subject.doAs(Subject.java:422) [?:1.8.0_382]
	at org.apache.hadoop.security.UserGroupInformation.doAs(UserGroupInformation.java:1899) [hadoop-common-3.3.6.jar:?]
	at org.apache.hadoop.ipc.Server$Handler.run(Server.java:3048) [hadoop-common-3.3.6.jar:?]
08:57:18.317 [IPC Server handler 17 on default port 15163] ERROR OMAudit - user=runner | ip=127.0.0.1 | op=GET_FILE_STATUS {volume=volume04563, bucket=bucket31706, key=gdir1/dir1/child, dataSize=0, replicationConfig=null} | ret=FAILURE
org.apache.hadoop.ozone.om.exceptions.OMException: Unable to get file status: volume: volume04563 bucket: bucket31706 key: gdir1/dir1/child
	at org.apache.hadoop.ozone.om.KeyManagerImpl.getOzoneFileStatus(KeyManagerImpl.java:1195) ~[ozone-manager-1.4.0-SNAPSHOT.jar:?]
	at org.apache.hadoop.ozone.om.KeyManagerImpl.getFileStatus(KeyManagerImpl.java:1113) ~[ozone-manager-1.4.0-SNAPSHOT.jar:?]
	at org.apache.hadoop.ozone.om.OmMetadataReader.getFileStatus(OmMetadataReader.java:262) ~[ozone-manager-1.4.0-SNAPSHOT.jar:?]
	at org.apache.hadoop.ozone.om.OzoneManager.getFileStatus(OzoneManager.java:3530) ~[ozone-manager-1.4.0-SNAPSHOT.jar:?]
	at org.apache.hadoop.ozone.protocolPB.OzoneManagerRequestHandler.getOzoneFileStatus(OzoneManagerRequestHandler.java:971) ~[ozone-manager-1.4.0-SNAPSHOT.jar:?]
	at org.apache.hadoop.ozone.protocolPB.OzoneManagerRequestHandler.handleReadRequest(OzoneManagerRequestHandler.java:250) ~[ozone-manager-1.4.0-SNAPSHOT.jar:?]
	at org.apache.hadoop.ozone.protocolPB.OzoneManagerProtocolServerSideTranslatorPB.submitRequestDirectlyToOM(OzoneManagerProtocolServerSideTranslatorPB.java:274) ~[ozone-manager-1.4.0-SNAPSHOT.jar:?]
	at org.apache.hadoop.ozone.protocolPB.OzoneManagerProtocolServerSideTranslatorPB.processRequest(OzoneManagerProtocolServerSideTranslatorPB.java:175) ~[ozone-manager-1.4.0-SNAPSHOT.jar:?]
	at org.apache.hadoop.hdds.server.OzoneProtocolMessageDispatcher.processRequest(OzoneProtocolMessageDispatcher.java:87) [hdds-server-framework-1.4.0-SNAPSHOT.jar:?]
	at org.apache.hadoop.ozone.protocolPB.OzoneManagerProtocolServerSideTranslatorPB.submitRequest(OzoneManagerProtocolServerSideTranslatorPB.java:148) [ozone-manager-1.4.0-SNAPSHOT.jar:?]
	at org.apache.hadoop.ozone.protocol.proto.OzoneManagerProtocolProtos$OzoneManagerService$2.callBlockingMethod(OzoneManagerProtocolProtos.java) [ozone-interface-client-1.4.0-SNAPSHOT.jar:?]
	at org.apache.hadoop.ipc.ProtobufRpcEngine$Server.processCall(ProtobufRpcEngine.java:484) [hadoop-common-3.3.6.jar:?]
	at org.apache.hadoop.ipc.ProtobufRpcEngine2$Server$ProtoBufRpcInvoker.call(ProtobufRpcEngine2.java:595) [hadoop-common-3.3.6.jar:?]
	at org.apache.hadoop.ipc.ProtobufRpcEngine2$Server$ProtoBufRpcInvoker.call(ProtobufRpcEngine2.java:573) [hadoop-common-3.3.6.jar:?]
	at org.apache.hadoop.ipc.RPC$Server.call(RPC.java:1227) [hadoop-common-3.3.6.jar:?]
	at org.apache.hadoop.ipc.Server$RpcCall.run(Server.java:1094) [hadoop-common-3.3.6.jar:?]
	at org.apache.hadoop.ipc.Server$RpcCall.run(Server.java:1017) [hadoop-common-3.3.6.jar:?]
	at java.security.AccessController.doPrivileged(Native Method) ~[?:1.8.0_382]
	at javax.security.auth.Subject.doAs(Subject.java:422) [?:1.8.0_382]
	at org.apache.hadoop.security.UserGroupInformation.doAs(UserGroupInformation.java:1899) [hadoop-common-3.3.6.jar:?]
	at org.apache.hadoop.ipc.Server$Handler.run(Server.java:3048) [hadoop-common-3.3.6.jar:?]
08:57:18.318 [IPC Server handler 9 on default port 15163] ERROR OMAudit - user=runner | ip=127.0.0.1 | op=GET_FILE_STATUS {volume=volume04563, bucket=bucket31706, key=gdir1/dir2, dataSize=0, replicationConfig=null} | ret=FAILURE
org.apache.hadoop.ozone.om.exceptions.OMException: Unable to get file status: volume: volume04563 bucket: bucket31706 key: gdir1/dir2
	at org.apache.hadoop.ozone.om.KeyManagerImpl.getOzoneFileStatus(KeyManagerImpl.java:1195) ~[ozone-manager-1.4.0-SNAPSHOT.jar:?]
	at org.apache.hadoop.ozone.om.KeyManagerImpl.getFileStatus(KeyManagerImpl.java:1113) ~[ozone-manager-1.4.0-SNAPSHOT.jar:?]
	at org.apache.hadoop.ozone.om.OmMetadataReader.getFileStatus(OmMetadataReader.java:262) ~[ozone-manager-1.4.0-SNAPSHOT.jar:?]
	at org.apache.hadoop.ozone.om.OzoneManager.getFileStatus(OzoneManager.java:3530) ~[ozone-manager-1.4.0-SNAPSHOT.jar:?]
	at org.apache.hadoop.ozone.protocolPB.OzoneManagerRequestHandler.getOzoneFileStatus(OzoneManagerRequestHandler.java:971) ~[ozone-manager-1.4.0-SNAPSHOT.jar:?]
	at org.apache.hadoop.ozone.protocolPB.OzoneManagerRequestHandler.handleReadRequest(OzoneManagerRequestHandler.java:250) ~[ozone-manager-1.4.0-SNAPSHOT.jar:?]
	at org.apache.hadoop.ozone.protocolPB.OzoneManagerProtocolServerSideTranslatorPB.submitRequestDirectlyToOM(OzoneManagerProtocolServerSideTranslatorPB.java:274) ~[ozone-manager-1.4.0-SNAPSHOT.jar:?]
	at org.apache.hadoop.ozone.protocolPB.OzoneManagerProtocolServerSideTranslatorPB.processRequest(OzoneManagerProtocolServerSideTranslatorPB.java:175) ~[ozone-manager-1.4.0-SNAPSHOT.jar:?]
	at org.apache.hadoop.hdds.server.OzoneProtocolMessageDispatcher.processRequest(OzoneProtocolMessageDispatcher.java:87) [hdds-server-framework-1.4.0-SNAPSHOT.jar:?]
	at org.apache.hadoop.ozone.protocolPB.OzoneManagerProtocolServerSideTranslatorPB.submitRequest(OzoneManagerProtocolServerSideTranslatorPB.java:148) [ozone-manager-1.4.0-SNAPSHOT.jar:?]
	at org.apache.hadoop.ozone.protocol.proto.OzoneManagerProtocolProtos$OzoneManagerService$2.callBlockingMethod(OzoneManagerProtocolProtos.java) [ozone-interface-client-1.4.0-SNAPSHOT.jar:?]
	at org.apache.hadoop.ipc.ProtobufRpcEngine$Server.processCall(ProtobufRpcEngine.java:484) [hadoop-common-3.3.6.jar:?]
	at org.apache.hadoop.ipc.ProtobufRpcEngine2$Server$ProtoBufRpcInvoker.call(ProtobufRpcEngine2.java:595) [hadoop-common-3.3.6.jar:?]
	at org.apache.hadoop.ipc.ProtobufRpcEngine2$Server$ProtoBufRpcInvoker.call(ProtobufRpcEngine2.java:573) [hadoop-common-3.3.6.jar:?]
	at org.apache.hadoop.ipc.RPC$Server.call(RPC.java:1227) [hadoop-common-3.3.6.jar:?]
	at org.apache.hadoop.ipc.Server$RpcCall.run(Server.java:1094) [hadoop-common-3.3.6.jar:?]
	at org.apache.hadoop.ipc.Server$RpcCall.run(Server.java:1017) [hadoop-common-3.3.6.jar:?]
	at java.security.AccessController.doPrivileged(Native Method) ~[?:1.8.0_382]
	at javax.security.auth.Subject.doAs(Subject.java:422) [?:1.8.0_382]
	at org.apache.hadoop.security.UserGroupInformation.doAs(UserGroupInformation.java:1899) [hadoop-common-3.3.6.jar:?]
	at org.apache.hadoop.ipc.Server$Handler.run(Server.java:3048) [hadoop-common-3.3.6.jar:?]
08:57:18.319 [IPC Server handler 8 on default port 15163] ERROR OMAudit - user=runner | ip=127.0.0.1 | op=GET_FILE_STATUS {volume=volume04563, bucket=bucket31706, key=gdir1/dir2/child, dataSize=0, replicationConfig=null} | ret=FAILURE
org.apache.hadoop.ozone.om.exceptions.OMException: Unable to get file status: volume: volume04563 bucket: bucket31706 key: gdir1/dir2/child
	at org.apache.hadoop.ozone.om.KeyManagerImpl.getOzoneFileStatus(KeyManagerImpl.java:1195) ~[ozone-manager-1.4.0-SNAPSHOT.jar:?]
	at org.apache.hadoop.ozone.om.KeyManagerImpl.getFileStatus(KeyManagerImpl.java:1113) ~[ozone-manager-1.4.0-SNAPSHOT.jar:?]
	at org.apache.hadoop.ozone.om.OmMetadataReader.getFileStatus(OmMetadataReader.java:262) ~[ozone-manager-1.4.0-SNAPSHOT.jar:?]
	at org.apache.hadoop.ozone.om.OzoneManager.getFileStatus(OzoneManager.java:3530) ~[ozone-manager-1.4.0-SNAPSHOT.jar:?]
	at org.apache.hadoop.ozone.protocolPB.OzoneManagerRequestHandler.getOzoneFileStatus(OzoneManagerRequestHandler.java:971) ~[ozone-manager-1.4.0-SNAPSHOT.jar:?]
	at org.apache.hadoop.ozone.protocolPB.OzoneManagerRequestHandler.handleReadRequest(OzoneManagerRequestHandler.java:250) ~[ozone-manager-1.4.0-SNAPSHOT.jar:?]
	at org.apache.hadoop.ozone.protocolPB.OzoneManagerProtocolServerSideTranslatorPB.submitRequestDirectlyToOM(OzoneManagerProtocolServerSideTranslatorPB.java:274) ~[ozone-manager-1.4.0-SNAPSHOT.jar:?]
	at org.apache.hadoop.ozone.protocolPB.OzoneManagerProtocolServerSideTranslatorPB.processRequest(OzoneManagerProtocolServerSideTranslatorPB.java:175) ~[ozone-manager-1.4.0-SNAPSHOT.jar:?]
	at org.apache.hadoop.hdds.server.OzoneProtocolMessageDispatcher.processRequest(OzoneProtocolMessageDispatcher.java:87) [hdds-server-framework-1.4.0-SNAPSHOT.jar:?]
	at org.apache.hadoop.ozone.protocolPB.OzoneManagerProtocolServerSideTranslatorPB.submitRequest(OzoneManagerProtocolServerSideTranslatorPB.java:148) [ozone-manager-1.4.0-SNAPSHOT.jar:?]
	at org.apache.hadoop.ozone.protocol.proto.OzoneManagerProtocolProtos$OzoneManagerService$2.callBlockingMethod(OzoneManagerProtocolProtos.java) [ozone-interface-client-1.4.0-SNAPSHOT.jar:?]
	at org.apache.hadoop.ipc.ProtobufRpcEngine$Server.processCall(ProtobufRpcEngine.java:484) [hadoop-common-3.3.6.jar:?]
	at org.apache.hadoop.ipc.ProtobufRpcEngine2$Server$ProtoBufRpcInvoker.call(ProtobufRpcEngine2.java:595) [hadoop-common-3.3.6.jar:?]
	at org.apache.hadoop.ipc.ProtobufRpcEngine2$Server$ProtoBufRpcInvoker.call(ProtobufRpcEngine2.java:573) [hadoop-common-3.3.6.jar:?]
	at org.apache.hadoop.ipc.RPC$Server.call(RPC.java:1227) [hadoop-common-3.3.6.jar:?]
	at org.apache.hadoop.ipc.Server$RpcCall.run(Server.java:1094) [hadoop-common-3.3.6.jar:?]
	at org.apache.hadoop.ipc.Server$RpcCall.run(Server.java:1017) [hadoop-common-3.3.6.jar:?]
	at java.security.AccessController.doPrivileged(Native Method) ~[?:1.8.0_382]
	at javax.security.auth.Subject.doAs(Subject.java:422) [?:1.8.0_382]
	at org.apache.hadoop.security.UserGroupInformation.doAs(UserGroupInformation.java:1899) [hadoop-common-3.3.6.jar:?]
	at org.apache.hadoop.ipc.Server$Handler.run(Server.java:3048) [hadoop-common-3.3.6.jar:?]
08:57:18.321 [IPC Server handler 18 on default port 15163] ERROR OMAudit - user=runner | ip=127.0.0.1 | op=GET_FILE_STATUS {volume=volume04563, bucket=bucket31706, key=gdir1/dir3, dataSize=0, replicationConfig=null} | ret=FAILURE
org.apache.hadoop.ozone.om.exceptions.OMException: Unable to get file status: volume: volume04563 bucket: bucket31706 key: gdir1/dir3
	at org.apache.hadoop.ozone.om.KeyManagerImpl.getOzoneFileStatus(KeyManagerImpl.java:1195) ~[ozone-manager-1.4.0-SNAPSHOT.jar:?]
	at org.apache.hadoop.ozone.om.KeyManagerImpl.getFileStatus(KeyManagerImpl.java:1113) ~[ozone-manager-1.4.0-SNAPSHOT.jar:?]
	at org.apache.hadoop.ozone.om.OmMetadataReader.getFileStatus(OmMetadataReader.java:262) ~[ozone-manager-1.4.0-SNAPSHOT.jar:?]
	at org.apache.hadoop.ozone.om.OzoneManager.getFileStatus(OzoneManager.java:3530) ~[ozone-manager-1.4.0-SNAPSHOT.jar:?]
	at org.apache.hadoop.ozone.protocolPB.OzoneManagerRequestHandler.getOzoneFileStatus(OzoneManagerRequestHandler.java:971) ~[ozone-manager-1.4.0-SNAPSHOT.jar:?]
	at org.apache.hadoop.ozone.protocolPB.OzoneManagerRequestHandler.handleReadRequest(OzoneManagerRequestHandler.java:250) ~[ozone-manager-1.4.0-SNAPSHOT.jar:?]
	at org.apache.hadoop.ozone.protocolPB.OzoneManagerProtocolServerSideTranslatorPB.submitRequestDirectlyToOM(OzoneManagerProtocolServerSideTranslatorPB.java:274) ~[ozone-manager-1.4.0-SNAPSHOT.jar:?]
	at org.apache.hadoop.ozone.protocolPB.OzoneManagerProtocolServerSideTranslatorPB.processRequest(OzoneManagerProtocolServerSideTranslatorPB.java:175) ~[ozone-manager-1.4.0-SNAPSHOT.jar:?]
	at org.apache.hadoop.hdds.server.OzoneProtocolMessageDispatcher.processRequest(OzoneProtocolMessageDispatcher.java:87) [hdds-server-framework-1.4.0-SNAPSHOT.jar:?]
	at org.apache.hadoop.ozone.protocolPB.OzoneManagerProtocolServerSideTranslatorPB.submitRequest(OzoneManagerProtocolServerSideTranslatorPB.java:148) [ozone-manager-1.4.0-SNAPSHOT.jar:?]
	at org.apache.hadoop.ozone.protocol.proto.OzoneManagerProtocolProtos$OzoneManagerService$2.callBlockingMethod(OzoneManagerProtocolProtos.java) [ozone-interface-client-1.4.0-SNAPSHOT.jar:?]
	at org.apache.hadoop.ipc.ProtobufRpcEngine$Server.processCall(ProtobufRpcEngine.java:484) [hadoop-common-3.3.6.jar:?]
	at org.apache.hadoop.ipc.ProtobufRpcEngine2$Server$ProtoBufRpcInvoker.call(ProtobufRpcEngine2.java:595) [hadoop-common-3.3.6.jar:?]
	at org.apache.hadoop.ipc.ProtobufRpcEngine2$Server$ProtoBufRpcInvoker.call(ProtobufRpcEngine2.java:573) [hadoop-common-3.3.6.jar:?]
	at org.apache.hadoop.ipc.RPC$Server.call(RPC.java:1227) [hadoop-common-3.3.6.jar:?]
	at org.apache.hadoop.ipc.Server$RpcCall.run(Server.java:1094) [hadoop-common-3.3.6.jar:?]
	at org.apache.hadoop.ipc.Server$RpcCall.run(Server.java:1017) [hadoop-common-3.3.6.jar:?]
	at java.security.AccessController.doPrivileged(Native Method) ~[?:1.8.0_382]
	at javax.security.auth.Subject.doAs(Subject.java:422) [?:1.8.0_382]
	at org.apache.hadoop.security.UserGroupInformation.doAs(UserGroupInformation.java:1899) [hadoop-common-3.3.6.jar:?]
	at org.apache.hadoop.ipc.Server$Handler.run(Server.java:3048) [hadoop-common-3.3.6.jar:?]
08:57:18.322 [IPC Server handler 0 on default port 15163] ERROR OMAudit - user=runner | ip=127.0.0.1 | op=GET_FILE_STATUS {volume=volume04563, bucket=bucket31706, key=gdir1/dir3/child, dataSize=0, replicationConfig=null} | ret=FAILURE
org.apache.hadoop.ozone.om.exceptions.OMException: Unable to get file status: volume: volume04563 bucket: bucket31706 key: gdir1/dir3/child
	at org.apache.hadoop.ozone.om.KeyManagerImpl.getOzoneFileStatus(KeyManagerImpl.java:1195) ~[ozone-manager-1.4.0-SNAPSHOT.jar:?]
	at org.apache.hadoop.ozone.om.KeyManagerImpl.getFileStatus(KeyManagerImpl.java:1113) ~[ozone-manager-1.4.0-SNAPSHOT.jar:?]
	at org.apache.hadoop.ozone.om.OmMetadataReader.getFileStatus(OmMetadataReader.java:262) ~[ozone-manager-1.4.0-SNAPSHOT.jar:?]
	at org.apache.hadoop.ozone.om.OzoneManager.getFileStatus(OzoneManager.java:3530) ~[ozone-manager-1.4.0-SNAPSHOT.jar:?]
	at org.apache.hadoop.ozone.protocolPB.OzoneManagerRequestHandler.getOzoneFileStatus(OzoneManagerRequestHandler.java:971) ~[ozone-manager-1.4.0-SNAPSHOT.jar:?]
	at org.apache.hadoop.ozone.protocolPB.OzoneManagerRequestHandler.handleReadRequest(OzoneManagerRequestHandler.java:250) ~[ozone-manager-1.4.0-SNAPSHOT.jar:?]
	at org.apache.hadoop.ozone.protocolPB.OzoneManagerProtocolServerSideTranslatorPB.submitRequestDirectlyToOM(OzoneManagerProtocolServerSideTranslatorPB.java:274) ~[ozone-manager-1.4.0-SNAPSHOT.jar:?]
	at org.apache.hadoop.ozone.protocolPB.OzoneManagerProtocolServerSideTranslatorPB.processRequest(OzoneManagerProtocolServerSideTranslatorPB.java:175) ~[ozone-manager-1.4.0-SNAPSHOT.jar:?]
	at org.apache.hadoop.hdds.server.OzoneProtocolMessageDispatcher.processRequest(OzoneProtocolMessageDispatcher.java:87) [hdds-server-framework-1.4.0-SNAPSHOT.jar:?]
	at org.apache.hadoop.ozone.protocolPB.OzoneManagerProtocolServerSideTranslatorPB.submitRequest(OzoneManagerProtocolServerSideTranslatorPB.java:148) [ozone-manager-1.4.0-SNAPSHOT.jar:?]
	at org.apache.hadoop.ozone.protocol.proto.OzoneManagerProtocolProtos$OzoneManagerService$2.callBlockingMethod(OzoneManagerProtocolProtos.java) [ozone-interface-client-1.4.0-SNAPSHOT.jar:?]
	at org.apache.hadoop.ipc.ProtobufRpcEngine$Server.processCall(ProtobufRpcEngine.java:484) [hadoop-common-3.3.6.jar:?]
	at org.apache.hadoop.ipc.ProtobufRpcEngine2$Server$ProtoBufRpcInvoker.call(ProtobufRpcEngine2.java:595) [hadoop-common-3.3.6.jar:?]
	at org.apache.hadoop.ipc.ProtobufRpcEngine2$Server$ProtoBufRpcInvoker.call(ProtobufRpcEngine2.java:573) [hadoop-common-3.3.6.jar:?]
	at org.apache.hadoop.ipc.RPC$Server.call(RPC.java:1227) [hadoop-common-3.3.6.jar:?]
	at org.apache.hadoop.ipc.Server$RpcCall.run(Server.java:1094) [hadoop-common-3.3.6.jar:?]
	at org.apache.hadoop.ipc.Server$RpcCall.run(Server.java:1017) [hadoop-common-3.3.6.jar:?]
	at java.security.AccessController.doPrivileged(Native Method) ~[?:1.8.0_382]
	at javax.security.auth.Subject.doAs(Subject.java:422) [?:1.8.0_382]
	at org.apache.hadoop.security.UserGroupInformation.doAs(UserGroupInformation.java:1899) [hadoop-common-3.3.6.jar:?]
	at org.apache.hadoop.ipc.Server$Handler.run(Server.java:3048) [hadoop-common-3.3.6.jar:?]
08:57:18.323 [IPC Server handler 1 on default port 15163] ERROR OMAudit - user=runner | ip=127.0.0.1 | op=GET_FILE_STATUS {volume=volume04563, bucket=bucket31706, key=gdir1/dir4, dataSize=0, replicationConfig=null} | ret=FAILURE
org.apache.hadoop.ozone.om.exceptions.OMException: Unable to get file status: volume: volume04563 bucket: bucket31706 key: gdir1/dir4
	at org.apache.hadoop.ozone.om.KeyManagerImpl.getOzoneFileStatus(KeyManagerImpl.java:1195) ~[ozone-manager-1.4.0-SNAPSHOT.jar:?]
	at org.apache.hadoop.ozone.om.KeyManagerImpl.getFileStatus(KeyManagerImpl.java:1113) ~[ozone-manager-1.4.0-SNAPSHOT.jar:?]
	at org.apache.hadoop.ozone.om.OmMetadataReader.getFileStatus(OmMetadataReader.java:262) ~[ozone-manager-1.4.0-SNAPSHOT.jar:?]
	at org.apache.hadoop.ozone.om.OzoneManager.getFileStatus(OzoneManager.java:3530) ~[ozone-manager-1.4.0-SNAPSHOT.jar:?]
	at org.apache.hadoop.ozone.protocolPB.OzoneManagerRequestHandler.getOzoneFileStatus(OzoneManagerRequestHandler.java:971) ~[ozone-manager-1.4.0-SNAPSHOT.jar:?]
	at org.apache.hadoop.ozone.protocolPB.OzoneManagerRequestHandler.handleReadRequest(OzoneManagerRequestHandler.java:250) ~[ozone-manager-1.4.0-SNAPSHOT.jar:?]
	at org.apache.hadoop.ozone.protocolPB.OzoneManagerProtocolServerSideTranslatorPB.submitRequestDirectlyToOM(OzoneManagerProtocolServerSideTranslatorPB.java:274) ~[ozone-manager-1.4.0-SNAPSHOT.jar:?]
	at org.apache.hadoop.ozone.protocolPB.OzoneManagerProtocolServerSideTranslatorPB.processRequest(OzoneManagerProtocolServerSideTranslatorPB.java:175) ~[ozone-manager-1.4.0-SNAPSHOT.jar:?]
	at org.apache.hadoop.hdds.server.OzoneProtocolMessageDispatcher.processRequest(OzoneProtocolMessageDispatcher.java:87) [hdds-server-framework-1.4.0-SNAPSHOT.jar:?]
	at org.apache.hadoop.ozone.protocolPB.OzoneManagerProtocolServerSideTranslatorPB.submitRequest(OzoneManagerProtocolServerSideTranslatorPB.java:148) [ozone-manager-1.4.0-SNAPSHOT.jar:?]
	at org.apache.hadoop.ozone.protocol.proto.OzoneManagerProtocolProtos$OzoneManagerService$2.callBlockingMethod(OzoneManagerProtocolProtos.java) [ozone-interface-client-1.4.0-SNAPSHOT.jar:?]
	at org.apache.hadoop.ipc.ProtobufRpcEngine$Server.processCall(ProtobufRpcEngine.java:484) [hadoop-common-3.3.6.jar:?]
	at org.apache.hadoop.ipc.ProtobufRpcEngine2$Server$ProtoBufRpcInvoker.call(ProtobufRpcEngine2.java:595) [hadoop-common-3.3.6.jar:?]
	at org.apache.hadoop.ipc.ProtobufRpcEngine2$Server$ProtoBufRpcInvoker.call(ProtobufRpcEngine2.java:573) [hadoop-common-3.3.6.jar:?]
	at org.apache.hadoop.ipc.RPC$Server.call(RPC.java:1227) [hadoop-common-3.3.6.jar:?]
	at org.apache.hadoop.ipc.Server$RpcCall.run(Server.java:1094) [hadoop-common-3.3.6.jar:?]
	at org.apache.hadoop.ipc.Server$RpcCall.run(Server.java:1017) [hadoop-common-3.3.6.jar:?]
	at java.security.AccessController.doPrivileged(Native Method) ~[?:1.8.0_382]
	at javax.security.auth.Subject.doAs(Subject.java:422) [?:1.8.0_382]
	at org.apache.hadoop.security.UserGroupInformation.doAs(UserGroupInformation.java:1899) [hadoop-common-3.3.6.jar:?]
	at org.apache.hadoop.ipc.Server$Handler.run(Server.java:3048) [hadoop-common-3.3.6.jar:?]
08:57:18.324 [IPC Server handler 2 on default port 15163] ERROR OMAudit - user=runner | ip=127.0.0.1 | op=GET_FILE_STATUS {volume=volume04563, bucket=bucket31706, key=gdir1/dir4/child, dataSize=0, replicationConfig=null} | ret=FAILURE
org.apache.hadoop.ozone.om.exceptions.OMException: Unable to get file status: volume: volume04563 bucket: bucket31706 key: gdir1/dir4/child
	at org.apache.hadoop.ozone.om.KeyManagerImpl.getOzoneFileStatus(KeyManagerImpl.java:1195) ~[ozone-manager-1.4.0-SNAPSHOT.jar:?]
	at org.apache.hadoop.ozone.om.KeyManagerImpl.getFileStatus(KeyManagerImpl.java:1113) ~[ozone-manager-1.4.0-SNAPSHOT.jar:?]
	at org.apache.hadoop.ozone.om.OmMetadataReader.getFileStatus(OmMetadataReader.java:262) ~[ozone-manager-1.4.0-SNAPSHOT.jar:?]
	at org.apache.hadoop.ozone.om.OzoneManager.getFileStatus(OzoneManager.java:3530) ~[ozone-manager-1.4.0-SNAPSHOT.jar:?]
	at org.apache.hadoop.ozone.protocolPB.OzoneManagerRequestHandler.getOzoneFileStatus(OzoneManagerRequestHandler.java:971) ~[ozone-manager-1.4.0-SNAPSHOT.jar:?]
	at org.apache.hadoop.ozone.protocolPB.OzoneManagerRequestHandler.handleReadRequest(OzoneManagerRequestHandler.java:250) ~[ozone-manager-1.4.0-SNAPSHOT.jar:?]
	at org.apache.hadoop.ozone.protocolPB.OzoneManagerProtocolServerSideTranslatorPB.submitRequestDirectlyToOM(OzoneManagerProtocolServerSideTranslatorPB.java:274) ~[ozone-manager-1.4.0-SNAPSHOT.jar:?]
	at org.apache.hadoop.ozone.protocolPB.OzoneManagerProtocolServerSideTranslatorPB.processRequest(OzoneManagerProtocolServerSideTranslatorPB.java:175) ~[ozone-manager-1.4.0-SNAPSHOT.jar:?]
	at org.apache.hadoop.hdds.server.OzoneProtocolMessageDispatcher.processRequest(OzoneProtocolMessageDispatcher.java:87) [hdds-server-framework-1.4.0-SNAPSHOT.jar:?]
	at org.apache.hadoop.ozone.protocolPB.OzoneManagerProtocolServerSideTranslatorPB.submitRequest(OzoneManagerProtocolServerSideTranslatorPB.java:148) [ozone-manager-1.4.0-SNAPSHOT.jar:?]
	at org.apache.hadoop.ozone.protocol.proto.OzoneManagerProtocolProtos$OzoneManagerService$2.callBlockingMethod(OzoneManagerProtocolProtos.java) [ozone-interface-client-1.4.0-SNAPSHOT.jar:?]
	at org.apache.hadoop.ipc.ProtobufRpcEngine$Server.processCall(ProtobufRpcEngine.java:484) [hadoop-common-3.3.6.jar:?]
	at org.apache.hadoop.ipc.ProtobufRpcEngine2$Server$ProtoBufRpcInvoker.call(ProtobufRpcEngine2.java:595) [hadoop-common-3.3.6.jar:?]
	at org.apache.hadoop.ipc.ProtobufRpcEngine2$Server$ProtoBufRpcInvoker.call(ProtobufRpcEngine2.java:573) [hadoop-common-3.3.6.jar:?]
	at org.apache.hadoop.ipc.RPC$Server.call(RPC.java:1227) [hadoop-common-3.3.6.jar:?]
	at org.apache.hadoop.ipc.Server$RpcCall.run(Server.java:1094) [hadoop-common-3.3.6.jar:?]
	at org.apache.hadoop.ipc.Server$RpcCall.run(Server.java:1017) [hadoop-common-3.3.6.jar:?]
	at java.security.AccessController.doPrivileged(Native Method) ~[?:1.8.0_382]
	at javax.security.auth.Subject.doAs(Subject.java:422) [?:1.8.0_382]
	at org.apache.hadoop.security.UserGroupInformation.doAs(UserGroupInformation.java:1899) [hadoop-common-3.3.6.jar:?]
	at org.apache.hadoop.ipc.Server$Handler.run(Server.java:3048) [hadoop-common-3.3.6.jar:?]
08:57:18.325 [IPC Server handler 10 on default port 15163] ERROR OMAudit - user=runner | ip=127.0.0.1 | op=GET_FILE_STATUS {volume=volume04563, bucket=bucket31706, key=gdir1/dir5, dataSize=0, replicationConfig=null} | ret=FAILURE
org.apache.hadoop.ozone.om.exceptions.OMException: Unable to get file status: volume: volume04563 bucket: bucket31706 key: gdir1/dir5
	at org.apache.hadoop.ozone.om.KeyManagerImpl.getOzoneFileStatus(KeyManagerImpl.java:1195) ~[ozone-manager-1.4.0-SNAPSHOT.jar:?]
	at org.apache.hadoop.ozone.om.KeyManagerImpl.getFileStatus(KeyManagerImpl.java:1113) ~[ozone-manager-1.4.0-SNAPSHOT.jar:?]
	at org.apache.hadoop.ozone.om.OmMetadataReader.getFileStatus(OmMetadataReader.java:262) ~[ozone-manager-1.4.0-SNAPSHOT.jar:?]
	at org.apache.hadoop.ozone.om.OzoneManager.getFileStatus(OzoneManager.java:3530) ~[ozone-manager-1.4.0-SNAPSHOT.jar:?]
	at org.apache.hadoop.ozone.protocolPB.OzoneManagerRequestHandler.getOzoneFileStatus(OzoneManagerRequestHandler.java:971) ~[ozone-manager-1.4.0-SNAPSHOT.jar:?]
	at org.apache.hadoop.ozone.protocolPB.OzoneManagerRequestHandler.handleReadRequest(OzoneManagerRequestHandler.java:250) ~[ozone-manager-1.4.0-SNAPSHOT.jar:?]
	at org.apache.hadoop.ozone.protocolPB.OzoneManagerProtocolServerSideTranslatorPB.submitRequestDirectlyToOM(OzoneManagerProtocolServerSideTranslatorPB.java:274) ~[ozone-manager-1.4.0-SNAPSHOT.jar:?]
	at org.apache.hadoop.ozone.protocolPB.OzoneManagerProtocolServerSideTranslatorPB.processRequest(OzoneManagerProtocolServerSideTranslatorPB.java:175) ~[ozone-manager-1.4.0-SNAPSHOT.jar:?]
	at org.apache.hadoop.hdds.server.OzoneProtocolMessageDispatcher.processRequest(OzoneProtocolMessageDispatcher.java:87) [hdds-server-framework-1.4.0-SNAPSHOT.jar:?]
	at org.apache.hadoop.ozone.protocolPB.OzoneManagerProtocolServerSideTranslatorPB.submitRequest(OzoneManagerProtocolServerSideTranslatorPB.java:148) [ozone-manager-1.4.0-SNAPSHOT.jar:?]
	at org.apache.hadoop.ozone.protocol.proto.OzoneManagerProtocolProtos$OzoneManagerService$2.callBlockingMethod(OzoneManagerProtocolProtos.java) [ozone-interface-client-1.4.0-SNAPSHOT.jar:?]
	at org.apache.hadoop.ipc.ProtobufRpcEngine$Server.processCall(ProtobufRpcEngine.java:484) [hadoop-common-3.3.6.jar:?]
	at org.apache.hadoop.ipc.ProtobufRpcEngine2$Server$ProtoBufRpcInvoker.call(ProtobufRpcEngine2.java:595) [hadoop-common-3.3.6.jar:?]
	at org.apache.hadoop.ipc.ProtobufRpcEngine2$Server$ProtoBufRpcInvoker.call(ProtobufRpcEngine2.java:573) [hadoop-common-3.3.6.jar:?]
	at org.apache.hadoop.ipc.RPC$Server.call(RPC.java:1227) [hadoop-common-3.3.6.jar:?]
	at org.apache.hadoop.ipc.Server$RpcCall.run(Server.java:1094) [hadoop-common-3.3.6.jar:?]
	at org.apache.hadoop.ipc.Server$RpcCall.run(Server.java:1017) [hadoop-common-3.3.6.jar:?]
	at java.security.AccessController.doPrivileged(Native Method) ~[?:1.8.0_382]
	at javax.security.auth.Subject.doAs(Subject.java:422) [?:1.8.0_382]
	at org.apache.hadoop.security.UserGroupInformation.doAs(UserGroupInformation.java:1899) [hadoop-common-3.3.6.jar:?]
	at org.apache.hadoop.ipc.Server$Handler.run(Server.java:3048) [hadoop-common-3.3.6.jar:?]
08:57:18.326 [IPC Server handler 5 on default port 15163] ERROR OMAudit - user=runner | ip=127.0.0.1 | op=GET_FILE_STATUS {volume=volume04563, bucket=bucket31706, key=gdir1/dir5/child, dataSize=0, replicationConfig=null} | ret=FAILURE
org.apache.hadoop.ozone.om.exceptions.OMException: Unable to get file status: volume: volume04563 bucket: bucket31706 key: gdir1/dir5/child
	at org.apache.hadoop.ozone.om.KeyManagerImpl.getOzoneFileStatus(KeyManagerImpl.java:1195) ~[ozone-manager-1.4.0-SNAPSHOT.jar:?]
	at org.apache.hadoop.ozone.om.KeyManagerImpl.getFileStatus(KeyManagerImpl.java:1113) ~[ozone-manager-1.4.0-SNAPSHOT.jar:?]
	at org.apache.hadoop.ozone.om.OmMetadataReader.getFileStatus(OmMetadataReader.java:262) ~[ozone-manager-1.4.0-SNAPSHOT.jar:?]
	at org.apache.hadoop.ozone.om.OzoneManager.getFileStatus(OzoneManager.java:3530) ~[ozone-manager-1.4.0-SNAPSHOT.jar:?]
	at org.apache.hadoop.ozone.protocolPB.OzoneManagerRequestHandler.getOzoneFileStatus(OzoneManagerRequestHandler.java:971) ~[ozone-manager-1.4.0-SNAPSHOT.jar:?]
	at org.apache.hadoop.ozone.protocolPB.OzoneManagerRequestHandler.handleReadRequest(OzoneManagerRequestHandler.java:250) ~[ozone-manager-1.4.0-SNAPSHOT.jar:?]
	at org.apache.hadoop.ozone.protocolPB.OzoneManagerProtocolServerSideTranslatorPB.submitRequestDirectlyToOM(OzoneManagerProtocolServerSideTranslatorPB.java:274) ~[ozone-manager-1.4.0-SNAPSHOT.jar:?]
	at org.apache.hadoop.ozone.protocolPB.OzoneManagerProtocolServerSideTranslatorPB.processRequest(OzoneManagerProtocolServerSideTranslatorPB.java:175) ~[ozone-manager-1.4.0-SNAPSHOT.jar:?]
	at org.apache.hadoop.hdds.server.OzoneProtocolMessageDispatcher.processRequest(OzoneProtocolMessageDispatcher.java:87) [hdds-server-framework-1.4.0-SNAPSHOT.jar:?]
	at org.apache.hadoop.ozone.protocolPB.OzoneManagerProtocolServerSideTranslatorPB.submitRequest(OzoneManagerProtocolServerSideTranslatorPB.java:148) [ozone-manager-1.4.0-SNAPSHOT.jar:?]
	at org.apache.hadoop.ozone.protocol.proto.OzoneManagerProtocolProtos$OzoneManagerService$2.callBlockingMethod(OzoneManagerProtocolProtos.java) [ozone-interface-client-1.4.0-SNAPSHOT.jar:?]
	at org.apache.hadoop.ipc.ProtobufRpcEngine$Server.processCall(ProtobufRpcEngine.java:484) [hadoop-common-3.3.6.jar:?]
	at org.apache.hadoop.ipc.ProtobufRpcEngine2$Server$ProtoBufRpcInvoker.call(ProtobufRpcEngine2.java:595) [hadoop-common-3.3.6.jar:?]
	at org.apache.hadoop.ipc.ProtobufRpcEngine2$Server$ProtoBufRpcInvoker.call(ProtobufRpcEngine2.java:573) [hadoop-common-3.3.6.jar:?]
	at org.apache.hadoop.ipc.RPC$Server.call(RPC.java:1227) [hadoop-common-3.3.6.jar:?]
	at org.apache.hadoop.ipc.Server$RpcCall.run(Server.java:1094) [hadoop-common-3.3.6.jar:?]
	at org.apache.hadoop.ipc.Server$RpcCall.run(Server.java:1017) [hadoop-common-3.3.6.jar:?]
	at java.security.AccessController.doPrivileged(Native Method) ~[?:1.8.0_382]
	at javax.security.auth.Subject.doAs(Subject.java:422) [?:1.8.0_382]
	at org.apache.hadoop.security.UserGroupInformation.doAs(UserGroupInformation.java:1899) [hadoop-common-3.3.6.jar:?]
	at org.apache.hadoop.ipc.Server$Handler.run(Server.java:3048) [hadoop-common-3.3.6.jar:?]
08:57:18.328 [IPC Server handler 3 on default port 15163] ERROR OMAudit - user=runner | ip=127.0.0.1 | op=GET_FILE_STATUS {volume=volume04563, bucket=bucket31706, key=gdir1/dir6, dataSize=0, replicationConfig=null} | ret=FAILURE
org.apache.hadoop.ozone.om.exceptions.OMException: Unable to get file status: volume: volume04563 bucket: bucket31706 key: gdir1/dir6
	at org.apache.hadoop.ozone.om.KeyManagerImpl.getOzoneFileStatus(KeyManagerImpl.java:1195) ~[ozone-manager-1.4.0-SNAPSHOT.jar:?]
	at org.apache.hadoop.ozone.om.KeyManagerImpl.getFileStatus(KeyManagerImpl.java:1113) ~[ozone-manager-1.4.0-SNAPSHOT.jar:?]
	at org.apache.hadoop.ozone.om.OmMetadataReader.getFileStatus(OmMetadataReader.java:262) ~[ozone-manager-1.4.0-SNAPSHOT.jar:?]
	at org.apache.hadoop.ozone.om.OzoneManager.getFileStatus(OzoneManager.java:3530) ~[ozone-manager-1.4.0-SNAPSHOT.jar:?]
	at org.apache.hadoop.ozone.protocolPB.OzoneManagerRequestHandler.getOzoneFileStatus(OzoneManagerRequestHandler.java:971) ~[ozone-manager-1.4.0-SNAPSHOT.jar:?]
	at org.apache.hadoop.ozone.protocolPB.OzoneManagerRequestHandler.handleReadRequest(OzoneManagerRequestHandler.java:250) ~[ozone-manager-1.4.0-SNAPSHOT.jar:?]
	at org.apache.hadoop.ozone.protocolPB.OzoneManagerProtocolServerSideTranslatorPB.submitRequestDirectlyToOM(OzoneManagerProtocolServerSideTranslatorPB.java:274) ~[ozone-manager-1.4.0-SNAPSHOT.jar:?]
	at org.apache.hadoop.ozone.protocolPB.OzoneManagerProtocolServerSideTranslatorPB.processRequest(OzoneManagerProtocolServerSideTranslatorPB.java:175) ~[ozone-manager-1.4.0-SNAPSHOT.jar:?]
	at org.apache.hadoop.hdds.server.OzoneProtocolMessageDispatcher.processRequest(OzoneProtocolMessageDispatcher.java:87) [hdds-server-framework-1.4.0-SNAPSHOT.jar:?]
	at org.apache.hadoop.ozone.protocolPB.OzoneManagerProtocolServerSideTranslatorPB.submitRequest(OzoneManagerProtocolServerSideTranslatorPB.java:148) [ozone-manager-1.4.0-SNAPSHOT.jar:?]
	at org.apache.hadoop.ozone.protocol.proto.OzoneManagerProtocolProtos$OzoneManagerService$2.callBlockingMethod(OzoneManagerProtocolProtos.java) [ozone-interface-client-1.4.0-SNAPSHOT.jar:?]
	at org.apache.hadoop.ipc.ProtobufRpcEngine$Server.processCall(ProtobufRpcEngine.java:484) [hadoop-common-3.3.6.jar:?]
	at org.apache.hadoop.ipc.ProtobufRpcEngine2$Server$ProtoBufRpcInvoker.call(ProtobufRpcEngine2.java:595) [hadoop-common-3.3.6.jar:?]
	at org.apache.hadoop.ipc.ProtobufRpcEngine2$Server$ProtoBufRpcInvoker.call(ProtobufRpcEngine2.java:573) [hadoop-common-3.3.6.jar:?]
	at org.apache.hadoop.ipc.RPC$Server.call(RPC.java:1227) [hadoop-common-3.3.6.jar:?]
	at org.apache.hadoop.ipc.Server$RpcCall.run(Server.java:1094) [hadoop-common-3.3.6.jar:?]
	at org.apache.hadoop.ipc.Server$RpcCall.run(Server.java:1017) [hadoop-common-3.3.6.jar:?]
	at java.security.AccessController.doPrivileged(Native Method) ~[?:1.8.0_382]
	at javax.security.auth.Subject.doAs(Subject.java:422) [?:1.8.0_382]
	at org.apache.hadoop.security.UserGroupInformation.doAs(UserGroupInformation.java:1899) [hadoop-common-3.3.6.jar:?]
	at org.apache.hadoop.ipc.Server$Handler.run(Server.java:3048) [hadoop-common-3.3.6.jar:?]
08:57:18.329 [IPC Server handler 12 on default port 15163] ERROR OMAudit - user=runner | ip=127.0.0.1 | op=GET_FILE_STATUS {volume=volume04563, bucket=bucket31706, key=gdir1/dir6/child, dataSize=0, replicationConfig=null} | ret=FAILURE
org.apache.hadoop.ozone.om.exceptions.OMException: Unable to get file status: volume: volume04563 bucket: bucket31706 key: gdir1/dir6/child
	at org.apache.hadoop.ozone.om.KeyManagerImpl.getOzoneFileStatus(KeyManagerImpl.java:1195) ~[ozone-manager-1.4.0-SNAPSHOT.jar:?]
	at org.apache.hadoop.ozone.om.KeyManagerImpl.getFileStatus(KeyManagerImpl.java:1113) ~[ozone-manager-1.4.0-SNAPSHOT.jar:?]
	at org.apache.hadoop.ozone.om.OmMetadataReader.getFileStatus(OmMetadataReader.java:262) ~[ozone-manager-1.4.0-SNAPSHOT.jar:?]
	at org.apache.hadoop.ozone.om.OzoneManager.getFileStatus(OzoneManager.java:3530) ~[ozone-manager-1.4.0-SNAPSHOT.jar:?]
	at org.apache.hadoop.ozone.protocolPB.OzoneManagerRequestHandler.getOzoneFileStatus(OzoneManagerRequestHandler.java:971) ~[ozone-manager-1.4.0-SNAPSHOT.jar:?]
	at org.apache.hadoop.ozone.protocolPB.OzoneManagerRequestHandler.handleReadRequest(OzoneManagerRequestHandler.java:250) ~[ozone-manager-1.4.0-SNAPSHOT.jar:?]
	at org.apache.hadoop.ozone.protocolPB.OzoneManagerProtocolServerSideTranslatorPB.submitRequestDirectlyToOM(OzoneManagerProtocolServerSideTranslatorPB.java:274) ~[ozone-manager-1.4.0-SNAPSHOT.jar:?]
	at org.apache.hadoop.ozone.protocolPB.OzoneManagerProtocolServerSideTranslatorPB.processRequest(OzoneManagerProtocolServerSideTranslatorPB.java:175) ~[ozone-manager-1.4.0-SNAPSHOT.jar:?]
	at org.apache.hadoop.hdds.server.OzoneProtocolMessageDispatcher.processRequest(OzoneProtocolMessageDispatcher.java:87) [hdds-server-framework-1.4.0-SNAPSHOT.jar:?]
	at org.apache.hadoop.ozone.protocolPB.OzoneManagerProtocolServerSideTranslatorPB.submitRequest(OzoneManagerProtocolServerSideTranslatorPB.java:148) [ozone-manager-1.4.0-SNAPSHOT.jar:?]
	at org.apache.hadoop.ozone.protocol.proto.OzoneManagerProtocolProtos$OzoneManagerService$2.callBlockingMethod(OzoneManagerProtocolProtos.java) [ozone-interface-client-1.4.0-SNAPSHOT.jar:?]
	at org.apache.hadoop.ipc.ProtobufRpcEngine$Server.processCall(ProtobufRpcEngine.java:484) [hadoop-common-3.3.6.jar:?]
	at org.apache.hadoop.ipc.ProtobufRpcEngine2$Server$ProtoBufRpcInvoker.call(ProtobufRpcEngine2.java:595) [hadoop-common-3.3.6.jar:?]
	at org.apache.hadoop.ipc.ProtobufRpcEngine2$Server$ProtoBufRpcInvoker.call(ProtobufRpcEngine2.java:573) [hadoop-common-3.3.6.jar:?]
	at org.apache.hadoop.ipc.RPC$Server.call(RPC.java:1227) [hadoop-common-3.3.6.jar:?]
	at org.apache.hadoop.ipc.Server$RpcCall.run(Server.java:1094) [hadoop-common-3.3.6.jar:?]
	at org.apache.hadoop.ipc.Server$RpcCall.run(Server.java:1017) [hadoop-common-3.3.6.jar:?]
	at java.security.AccessController.doPrivileged(Native Method) ~[?:1.8.0_382]
	at javax.security.auth.Subject.doAs(Subject.java:422) [?:1.8.0_382]
	at org.apache.hadoop.security.UserGroupInformation.doAs(UserGroupInformation.java:1899) [hadoop-common-3.3.6.jar:?]
	at org.apache.hadoop.ipc.Server$Handler.run(Server.java:3048) [hadoop-common-3.3.6.jar:?]
08:57:18.330 [IPC Server handler 4 on default port 15163] ERROR OMAudit - user=runner | ip=127.0.0.1 | op=GET_FILE_STATUS {volume=volume04563, bucket=bucket31706, key=gdir1/dir7, dataSize=0, replicationConfig=null} | ret=FAILURE
org.apache.hadoop.ozone.om.exceptions.OMException: Unable to get file status: volume: volume04563 bucket: bucket31706 key: gdir1/dir7
	at org.apache.hadoop.ozone.om.KeyManagerImpl.getOzoneFileStatus(KeyManagerImpl.java:1195) ~[ozone-manager-1.4.0-SNAPSHOT.jar:?]
	at org.apache.hadoop.ozone.om.KeyManagerImpl.getFileStatus(KeyManagerImpl.java:1113) ~[ozone-manager-1.4.0-SNAPSHOT.jar:?]
	at org.apache.hadoop.ozone.om.OmMetadataReader.getFileStatus(OmMetadataReader.java:262) ~[ozone-manager-1.4.0-SNAPSHOT.jar:?]
	at org.apache.hadoop.ozone.om.OzoneManager.getFileStatus(OzoneManager.java:3530) ~[ozone-manager-1.4.0-SNAPSHOT.jar:?]
	at org.apache.hadoop.ozone.protocolPB.OzoneManagerRequestHandler.getOzoneFileStatus(OzoneManagerRequestHandler.java:971) ~[ozone-manager-1.4.0-SNAPSHOT.jar:?]
	at org.apache.hadoop.ozone.protocolPB.OzoneManagerRequestHandler.handleReadRequest(OzoneManagerRequestHandler.java:250) ~[ozone-manager-1.4.0-SNAPSHOT.jar:?]
	at org.apache.hadoop.ozone.protocolPB.OzoneManagerProtocolServerSideTranslatorPB.submitRequestDirectlyToOM(OzoneManagerProtocolServerSideTranslatorPB.java:274) ~[ozone-manager-1.4.0-SNAPSHOT.jar:?]
	at org.apache.hadoop.ozone.protocolPB.OzoneManagerProtocolServerSideTranslatorPB.processRequest(OzoneManagerProtocolServerSideTranslatorPB.java:175) ~[ozone-manager-1.4.0-SNAPSHOT.jar:?]
	at org.apache.hadoop.hdds.server.OzoneProtocolMessageDispatcher.processRequest(OzoneProtocolMessageDispatcher.java:87) [hdds-server-framework-1.4.0-SNAPSHOT.jar:?]
	at org.apache.hadoop.ozone.protocolPB.OzoneManagerProtocolServerSideTranslatorPB.submitRequest(OzoneManagerProtocolServerSideTranslatorPB.java:148) [ozone-manager-1.4.0-SNAPSHOT.jar:?]
	at org.apache.hadoop.ozone.protocol.proto.OzoneManagerProtocolProtos$OzoneManagerService$2.callBlockingMethod(OzoneManagerProtocolProtos.java) [ozone-interface-client-1.4.0-SNAPSHOT.jar:?]
	at org.apache.hadoop.ipc.ProtobufRpcEngine$Server.processCall(ProtobufRpcEngine.java:484) [hadoop-common-3.3.6.jar:?]
	at org.apache.hadoop.ipc.ProtobufRpcEngine2$Server$ProtoBufRpcInvoker.call(ProtobufRpcEngine2.java:595) [hadoop-common-3.3.6.jar:?]
	at org.apache.hadoop.ipc.ProtobufRpcEngine2$Server$ProtoBufRpcInvoker.call(ProtobufRpcEngine2.java:573) [hadoop-common-3.3.6.jar:?]
	at org.apache.hadoop.ipc.RPC$Server.call(RPC.java:1227) [hadoop-common-3.3.6.jar:?]
	at org.apache.hadoop.ipc.Server$RpcCall.run(Server.java:1094) [hadoop-common-3.3.6.jar:?]
	at org.apache.hadoop.ipc.Server$RpcCall.run(Server.java:1017) [hadoop-common-3.3.6.jar:?]
	at java.security.AccessController.doPrivileged(Native Method) ~[?:1.8.0_382]
	at javax.security.auth.Subject.doAs(Subject.java:422) [?:1.8.0_382]
	at org.apache.hadoop.security.UserGroupInformation.doAs(UserGroupInformation.java:1899) [hadoop-common-3.3.6.jar:?]
	at org.apache.hadoop.ipc.Server$Handler.run(Server.java:3048) [hadoop-common-3.3.6.jar:?]
08:57:18.332 [IPC Server handler 13 on default port 15163] ERROR OMAudit - user=runner | ip=127.0.0.1 | op=GET_FILE_STATUS {volume=volume04563, bucket=bucket31706, key=gdir1/dir7/child, dataSize=0, replicationConfig=null} | ret=FAILURE
org.apache.hadoop.ozone.om.exceptions.OMException: Unable to get file status: volume: volume04563 bucket: bucket31706 key: gdir1/dir7/child
	at org.apache.hadoop.ozone.om.KeyManagerImpl.getOzoneFileStatus(KeyManagerImpl.java:1195) ~[ozone-manager-1.4.0-SNAPSHOT.jar:?]
	at org.apache.hadoop.ozone.om.KeyManagerImpl.getFileStatus(KeyManagerImpl.java:1113) ~[ozone-manager-1.4.0-SNAPSHOT.jar:?]
	at org.apache.hadoop.ozone.om.OmMetadataReader.getFileStatus(OmMetadataReader.java:262) ~[ozone-manager-1.4.0-SNAPSHOT.jar:?]
	at org.apache.hadoop.ozone.om.OzoneManager.getFileStatus(OzoneManager.java:3530) ~[ozone-manager-1.4.0-SNAPSHOT.jar:?]
	at org.apache.hadoop.ozone.protocolPB.OzoneManagerRequestHandler.getOzoneFileStatus(OzoneManagerRequestHandler.java:971) ~[ozone-manager-1.4.0-SNAPSHOT.jar:?]
	at org.apache.hadoop.ozone.protocolPB.OzoneManagerRequestHandler.handleReadRequest(OzoneManagerRequestHandler.java:250) ~[ozone-manager-1.4.0-SNAPSHOT.jar:?]
	at org.apache.hadoop.ozone.protocolPB.OzoneManagerProtocolServerSideTranslatorPB.submitRequestDirectlyToOM(OzoneManagerProtocolServerSideTranslatorPB.java:274) ~[ozone-manager-1.4.0-SNAPSHOT.jar:?]
	at org.apache.hadoop.ozone.protocolPB.OzoneManagerProtocolServerSideTranslatorPB.processRequest(OzoneManagerProtocolServerSideTranslatorPB.java:175) ~[ozone-manager-1.4.0-SNAPSHOT.jar:?]
	at org.apache.hadoop.hdds.server.OzoneProtocolMessageDispatcher.processRequest(OzoneProtocolMessageDispatcher.java:87) [hdds-server-framework-1.4.0-SNAPSHOT.jar:?]
	at org.apache.hadoop.ozone.protocolPB.OzoneManagerProtocolServerSideTranslatorPB.submitRequest(OzoneManagerProtocolServerSideTranslatorPB.java:148) [ozone-manager-1.4.0-SNAPSHOT.jar:?]
	at org.apache.hadoop.ozone.protocol.proto.OzoneManagerProtocolProtos$OzoneManagerService$2.callBlockingMethod(OzoneManagerProtocolProtos.java) [ozone-interface-client-1.4.0-SNAPSHOT.jar:?]
	at org.apache.hadoop.ipc.ProtobufRpcEngine$Server.processCall(ProtobufRpcEngine.java:484) [hadoop-common-3.3.6.jar:?]
	at org.apache.hadoop.ipc.ProtobufRpcEngine2$Server$ProtoBufRpcInvoker.call(ProtobufRpcEngine2.java:595) [hadoop-common-3.3.6.jar:?]
	at org.apache.hadoop.ipc.ProtobufRpcEngine2$Server$ProtoBufRpcInvoker.call(ProtobufRpcEngine2.java:573) [hadoop-common-3.3.6.jar:?]
	at org.apache.hadoop.ipc.RPC$Server.call(RPC.java:1227) [hadoop-common-3.3.6.jar:?]
	at org.apache.hadoop.ipc.Server$RpcCall.run(Server.java:1094) [hadoop-common-3.3.6.jar:?]
	at org.apache.hadoop.ipc.Server$RpcCall.run(Server.java:1017) [hadoop-common-3.3.6.jar:?]
	at java.security.AccessController.doPrivileged(Native Method) ~[?:1.8.0_382]
	at javax.security.auth.Subject.doAs(Subject.java:422) [?:1.8.0_382]
	at org.apache.hadoop.security.UserGroupInformation.doAs(UserGroupInformation.java:1899) [hadoop-common-3.3.6.jar:?]
	at org.apache.hadoop.ipc.Server$Handler.run(Server.java:3048) [hadoop-common-3.3.6.jar:?]
08:57:18.333 [IPC Server handler 7 on default port 15163] ERROR OMAudit - user=runner | ip=127.0.0.1 | op=GET_FILE_STATUS {volume=volume04563, bucket=bucket31706, key=gdir1/dir8, dataSize=0, replicationConfig=null} | ret=FAILURE
org.apache.hadoop.ozone.om.exceptions.OMException: Unable to get file status: volume: volume04563 bucket: bucket31706 key: gdir1/dir8
	at org.apache.hadoop.ozone.om.KeyManagerImpl.getOzoneFileStatus(KeyManagerImpl.java:1195) ~[ozone-manager-1.4.0-SNAPSHOT.jar:?]
	at org.apache.hadoop.ozone.om.KeyManagerImpl.getFileStatus(KeyManagerImpl.java:1113) ~[ozone-manager-1.4.0-SNAPSHOT.jar:?]
	at org.apache.hadoop.ozone.om.OmMetadataReader.getFileStatus(OmMetadataReader.java:262) ~[ozone-manager-1.4.0-SNAPSHOT.jar:?]
	at org.apache.hadoop.ozone.om.OzoneManager.getFileStatus(OzoneManager.java:3530) ~[ozone-manager-1.4.0-SNAPSHOT.jar:?]
	at org.apache.hadoop.ozone.protocolPB.OzoneManagerRequestHandler.getOzoneFileStatus(OzoneManagerRequestHandler.java:971) ~[ozone-manager-1.4.0-SNAPSHOT.jar:?]
	at org.apache.hadoop.ozone.protocolPB.OzoneManagerRequestHandler.handleReadRequest(OzoneManagerRequestHandler.java:250) ~[ozone-manager-1.4.0-SNAPSHOT.jar:?]
	at org.apache.hadoop.ozone.protocolPB.OzoneManagerProtocolServerSideTranslatorPB.submitRequestDirectlyToOM(OzoneManagerProtocolServerSideTranslatorPB.java:274) ~[ozone-manager-1.4.0-SNAPSHOT.jar:?]
	at org.apache.hadoop.ozone.protocolPB.OzoneManagerProtocolServerSideTranslatorPB.processRequest(OzoneManagerProtocolServerSideTranslatorPB.java:175) ~[ozone-manager-1.4.0-SNAPSHOT.jar:?]
	at org.apache.hadoop.hdds.server.OzoneProtocolMessageDispatcher.processRequest(OzoneProtocolMessageDispatcher.java:87) [hdds-server-framework-1.4.0-SNAPSHOT.jar:?]
	at org.apache.hadoop.ozone.protocolPB.OzoneManagerProtocolServerSideTranslatorPB.submitRequest(OzoneManagerProtocolServerSideTranslatorPB.java:148) [ozone-manager-1.4.0-SNAPSHOT.jar:?]
	at org.apache.hadoop.ozone.protocol.proto.OzoneManagerProtocolProtos$OzoneManagerService$2.callBlockingMethod(OzoneManagerProtocolProtos.java) [ozone-interface-client-1.4.0-SNAPSHOT.jar:?]
	at org.apache.hadoop.ipc.ProtobufRpcEngine$Server.processCall(ProtobufRpcEngine.java:484) [hadoop-common-3.3.6.jar:?]
	at org.apache.hadoop.ipc.ProtobufRpcEngine2$Server$ProtoBufRpcInvoker.call(ProtobufRpcEngine2.java:595) [hadoop-common-3.3.6.jar:?]
	at org.apache.hadoop.ipc.ProtobufRpcEngine2$Server$ProtoBufRpcInvoker.call(ProtobufRpcEngine2.java:573) [hadoop-common-3.3.6.jar:?]
	at org.apache.hadoop.ipc.RPC$Server.call(RPC.java:1227) [hadoop-common-3.3.6.jar:?]
	at org.apache.hadoop.ipc.Server$RpcCall.run(Server.java:1094) [hadoop-common-3.3.6.jar:?]
	at org.apache.hadoop.ipc.Server$RpcCall.run(Server.java:1017) [hadoop-common-3.3.6.jar:?]
	at java.security.AccessController.doPrivileged(Native Method) ~[?:1.8.0_382]
	at javax.security.auth.Subject.doAs(Subject.java:422) [?:1.8.0_382]
	at org.apache.hadoop.security.UserGroupInformation.doAs(UserGroupInformation.java:1899) [hadoop-common-3.3.6.jar:?]
	at org.apache.hadoop.ipc.Server$Handler.run(Server.java:3048) [hadoop-common-3.3.6.jar:?]
08:57:18.335 [IPC Server handler 6 on default port 15163] ERROR OMAudit - user=runner | ip=127.0.0.1 | op=GET_FILE_STATUS {volume=volume04563, bucket=bucket31706, key=gdir1/dir8/child, dataSize=0, replicationConfig=null} | ret=FAILURE
org.apache.hadoop.ozone.om.exceptions.OMException: Unable to get file status: volume: volume04563 bucket: bucket31706 key: gdir1/dir8/child
	at org.apache.hadoop.ozone.om.KeyManagerImpl.getOzoneFileStatus(KeyManagerImpl.java:1195) ~[ozone-manager-1.4.0-SNAPSHOT.jar:?]
	at org.apache.hadoop.ozone.om.KeyManagerImpl.getFileStatus(KeyManagerImpl.java:1113) ~[ozone-manager-1.4.0-SNAPSHOT.jar:?]
	at org.apache.hadoop.ozone.om.OmMetadataReader.getFileStatus(OmMetadataReader.java:262) ~[ozone-manager-1.4.0-SNAPSHOT.jar:?]
	at org.apache.hadoop.ozone.om.OzoneManager.getFileStatus(OzoneManager.java:3530) ~[ozone-manager-1.4.0-SNAPSHOT.jar:?]
	at org.apache.hadoop.ozone.protocolPB.OzoneManagerRequestHandler.getOzoneFileStatus(OzoneManagerRequestHandler.java:971) ~[ozone-manager-1.4.0-SNAPSHOT.jar:?]
	at org.apache.hadoop.ozone.protocolPB.OzoneManagerRequestHandler.handleReadRequest(OzoneManagerRequestHandler.java:250) ~[ozone-manager-1.4.0-SNAPSHOT.jar:?]
	at org.apache.hadoop.ozone.protocolPB.OzoneManagerProtocolServerSideTranslatorPB.submitRequestDirectlyToOM(OzoneManagerProtocolServerSideTranslatorPB.java:274) ~[ozone-manager-1.4.0-SNAPSHOT.jar:?]
	at org.apache.hadoop.ozone.protocolPB.OzoneManagerProtocolServerSideTranslatorPB.processRequest(OzoneManagerProtocolServerSideTranslatorPB.java:175) ~[ozone-manager-1.4.0-SNAPSHOT.jar:?]
	at org.apache.hadoop.hdds.server.OzoneProtocolMessageDispatcher.processRequest(OzoneProtocolMessageDispatcher.java:87) [hdds-server-framework-1.4.0-SNAPSHOT.jar:?]
	at org.apache.hadoop.ozone.protocolPB.OzoneManagerProtocolServerSideTranslatorPB.submitRequest(OzoneManagerProtocolServerSideTranslatorPB.java:148) [ozone-manager-1.4.0-SNAPSHOT.jar:?]
	at org.apache.hadoop.ozone.protocol.proto.OzoneManagerProtocolProtos$OzoneManagerService$2.callBlockingMethod(OzoneManagerProtocolProtos.java) [ozone-interface-client-1.4.0-SNAPSHOT.jar:?]
	at org.apache.hadoop.ipc.ProtobufRpcEngine$Server.processCall(ProtobufRpcEngine.java:484) [hadoop-common-3.3.6.jar:?]
	at org.apache.hadoop.ipc.ProtobufRpcEngine2$Server$ProtoBufRpcInvoker.call(ProtobufRpcEngine2.java:595) [hadoop-common-3.3.6.jar:?]
	at org.apache.hadoop.ipc.ProtobufRpcEngine2$Server$ProtoBufRpcInvoker.call(ProtobufRpcEngine2.java:573) [hadoop-common-3.3.6.jar:?]
	at org.apache.hadoop.ipc.RPC$Server.call(RPC.java:1227) [hadoop-common-3.3.6.jar:?]
	at org.apache.hadoop.ipc.Server$RpcCall.run(Server.java:1094) [hadoop-common-3.3.6.jar:?]
	at org.apache.hadoop.ipc.Server$RpcCall.run(Server.java:1017) [hadoop-common-3.3.6.jar:?]
	at java.security.AccessController.doPrivileged(Native Method) ~[?:1.8.0_382]
	at javax.security.auth.Subject.doAs(Subject.java:422) [?:1.8.0_382]
	at org.apache.hadoop.security.UserGroupInformation.doAs(UserGroupInformation.java:1899) [hadoop-common-3.3.6.jar:?]
	at org.apache.hadoop.ipc.Server$Handler.run(Server.java:3048) [hadoop-common-3.3.6.jar:?]
08:57:18.337 [IPC Server handler 11 on default port 15163] ERROR OMAudit - user=runner | ip=127.0.0.1 | op=GET_FILE_STATUS {volume=volume04563, bucket=bucket31706, key=gdir1/dir9, dataSize=0, replicationConfig=null} | ret=FAILURE
org.apache.hadoop.ozone.om.exceptions.OMException: Unable to get file status: volume: volume04563 bucket: bucket31706 key: gdir1/dir9
	at org.apache.hadoop.ozone.om.KeyManagerImpl.getOzoneFileStatus(KeyManagerImpl.java:1195) ~[ozone-manager-1.4.0-SNAPSHOT.jar:?]
	at org.apache.hadoop.ozone.om.KeyManagerImpl.getFileStatus(KeyManagerImpl.java:1113) ~[ozone-manager-1.4.0-SNAPSHOT.jar:?]
	at org.apache.hadoop.ozone.om.OmMetadataReader.getFileStatus(OmMetadataReader.java:262) ~[ozone-manager-1.4.0-SNAPSHOT.jar:?]
	at org.apache.hadoop.ozone.om.OzoneManager.getFileStatus(OzoneManager.java:3530) ~[ozone-manager-1.4.0-SNAPSHOT.jar:?]
	at org.apache.hadoop.ozone.protocolPB.OzoneManagerRequestHandler.getOzoneFileStatus(OzoneManagerRequestHandler.java:971) ~[ozone-manager-1.4.0-SNAPSHOT.jar:?]
	at org.apache.hadoop.ozone.protocolPB.OzoneManagerRequestHandler.handleReadRequest(OzoneManagerRequestHandler.java:250) ~[ozone-manager-1.4.0-SNAPSHOT.jar:?]
	at org.apache.hadoop.ozone.protocolPB.OzoneManagerProtocolServerSideTranslatorPB.submitRequestDirectlyToOM(OzoneManagerProtocolServerSideTranslatorPB.java:274) ~[ozone-manager-1.4.0-SNAPSHOT.jar:?]
	at org.apache.hadoop.ozone.protocolPB.OzoneManagerProtocolServerSideTranslatorPB.processRequest(OzoneManagerProtocolServerSideTranslatorPB.java:175) ~[ozone-manager-1.4.0-SNAPSHOT.jar:?]
	at org.apache.hadoop.hdds.server.OzoneProtocolMessageDispatcher.processRequest(OzoneProtocolMessageDispatcher.java:87) [hdds-server-framework-1.4.0-SNAPSHOT.jar:?]
	at org.apache.hadoop.ozone.protocolPB.OzoneManagerProtocolServerSideTranslatorPB.submitRequest(OzoneManagerProtocolServerSideTranslatorPB.java:148) [ozone-manager-1.4.0-SNAPSHOT.jar:?]
	at org.apache.hadoop.ozone.protocol.proto.OzoneManagerProtocolProtos$OzoneManagerService$2.callBlockingMethod(OzoneManagerProtocolProtos.java) [ozone-interface-client-1.4.0-SNAPSHOT.jar:?]
	at org.apache.hadoop.ipc.ProtobufRpcEngine$Server.processCall(ProtobufRpcEngine.java:484) [hadoop-common-3.3.6.jar:?]
	at org.apache.hadoop.ipc.ProtobufRpcEngine2$Server$ProtoBufRpcInvoker.call(ProtobufRpcEngine2.java:595) [hadoop-common-3.3.6.jar:?]
	at org.apache.hadoop.ipc.ProtobufRpcEngine2$Server$ProtoBufRpcInvoker.call(ProtobufRpcEngine2.java:573) [hadoop-common-3.3.6.jar:?]
	at org.apache.hadoop.ipc.RPC$Server.call(RPC.java:1227) [hadoop-common-3.3.6.jar:?]
	at org.apache.hadoop.ipc.Server$RpcCall.run(Server.java:1094) [hadoop-common-3.3.6.jar:?]
	at org.apache.hadoop.ipc.Server$RpcCall.run(Server.java:1017) [hadoop-common-3.3.6.jar:?]
	at java.security.AccessController.doPrivileged(Native Method) ~[?:1.8.0_382]
	at javax.security.auth.Subject.doAs(Subject.java:422) [?:1.8.0_382]
	at org.apache.hadoop.security.UserGroupInformation.doAs(UserGroupInformation.java:1899) [hadoop-common-3.3.6.jar:?]
	at org.apache.hadoop.ipc.Server$Handler.run(Server.java:3048) [hadoop-common-3.3.6.jar:?]
08:57:18.338 [IPC Server handler 19 on default port 15163] ERROR OMAudit - user=runner | ip=127.0.0.1 | op=GET_FILE_STATUS {volume=volume04563, bucket=bucket31706, key=gdir1/dir9/child, dataSize=0, replicationConfig=null} | ret=FAILURE
org.apache.hadoop.ozone.om.exceptions.OMException: Unable to get file status: volume: volume04563 bucket: bucket31706 key: gdir1/dir9/child
	at org.apache.hadoop.ozone.om.KeyManagerImpl.getOzoneFileStatus(KeyManagerImpl.java:1195) ~[ozone-manager-1.4.0-SNAPSHOT.jar:?]
	at org.apache.hadoop.ozone.om.KeyManagerImpl.getFileStatus(KeyManagerImpl.java:1113) ~[ozone-manager-1.4.0-SNAPSHOT.jar:?]
	at org.apache.hadoop.ozone.om.OmMetadataReader.getFileStatus(OmMetadataReader.java:262) ~[ozone-manager-1.4.0-SNAPSHOT.jar:?]
	at org.apache.hadoop.ozone.om.OzoneManager.getFileStatus(OzoneManager.java:3530) ~[ozone-manager-1.4.0-SNAPSHOT.jar:?]
	at org.apache.hadoop.ozone.protocolPB.OzoneManagerRequestHandler.getOzoneFileStatus(OzoneManagerRequestHandler.java:971) ~[ozone-manager-1.4.0-SNAPSHOT.jar:?]
	at org.apache.hadoop.ozone.protocolPB.OzoneManagerRequestHandler.handleReadRequest(OzoneManagerRequestHandler.java:250) ~[ozone-manager-1.4.0-SNAPSHOT.jar:?]
	at org.apache.hadoop.ozone.protocolPB.OzoneManagerProtocolServerSideTranslatorPB.submitRequestDirectlyToOM(OzoneManagerProtocolServerSideTranslatorPB.java:274) ~[ozone-manager-1.4.0-SNAPSHOT.jar:?]
	at org.apache.hadoop.ozone.protocolPB.OzoneManagerProtocolServerSideTranslatorPB.processRequest(OzoneManagerProtocolServerSideTranslatorPB.java:175) ~[ozone-manager-1.4.0-SNAPSHOT.jar:?]
	at org.apache.hadoop.hdds.server.OzoneProtocolMessageDispatcher.processRequest(OzoneProtocolMessageDispatcher.java:87) [hdds-server-framework-1.4.0-SNAPSHOT.jar:?]
	at org.apache.hadoop.ozone.protocolPB.OzoneManagerProtocolServerSideTranslatorPB.submitRequest(OzoneManagerProtocolServerSideTranslatorPB.java:148) [ozone-manager-1.4.0-SNAPSHOT.jar:?]
	at org.apache.hadoop.ozone.protocol.proto.OzoneManagerProtocolProtos$OzoneManagerService$2.callBlockingMethod(OzoneManagerProtocolProtos.java) [ozone-interface-client-1.4.0-SNAPSHOT.jar:?]
	at org.apache.hadoop.ipc.ProtobufRpcEngine$Server.processCall(ProtobufRpcEngine.java:484) [hadoop-common-3.3.6.jar:?]
	at org.apache.hadoop.ipc.ProtobufRpcEngine2$Server$ProtoBufRpcInvoker.call(ProtobufRpcEngine2.java:595) [hadoop-common-3.3.6.jar:?]
	at org.apache.hadoop.ipc.ProtobufRpcEngine2$Server$ProtoBufRpcInvoker.call(ProtobufRpcEngine2.java:573) [hadoop-common-3.3.6.jar:?]
	at org.apache.hadoop.ipc.RPC$Server.call(RPC.java:1227) [hadoop-common-3.3.6.jar:?]
	at org.apache.hadoop.ipc.Server$RpcCall.run(Server.java:1094) [hadoop-common-3.3.6.jar:?]
	at org.apache.hadoop.ipc.Server$RpcCall.run(Server.java:1017) [hadoop-common-3.3.6.jar:?]
	at java.security.AccessController.doPrivileged(Native Method) ~[?:1.8.0_382]
	at javax.security.auth.Subject.doAs(Subject.java:422) [?:1.8.0_382]
	at org.apache.hadoop.security.UserGroupInformation.doAs(UserGroupInformation.java:1899) [hadoop-common-3.3.6.jar:?]
	at org.apache.hadoop.ipc.Server$Handler.run(Server.java:3048) [hadoop-common-3.3.6.jar:?]
08:57:18.339 [IPC Server handler 15 on default port 15163] ERROR OMAudit - user=runner | ip=127.0.0.1 | op=GET_FILE_STATUS {volume=volume04563, bucket=bucket31706, key=gdir1/dir10, dataSize=0, replicationConfig=null} | ret=FAILURE
org.apache.hadoop.ozone.om.exceptions.OMException: Unable to get file status: volume: volume04563 bucket: bucket31706 key: gdir1/dir10
	at org.apache.hadoop.ozone.om.KeyManagerImpl.getOzoneFileStatus(KeyManagerImpl.java:1195) ~[ozone-manager-1.4.0-SNAPSHOT.jar:?]
	at org.apache.hadoop.ozone.om.KeyManagerImpl.getFileStatus(KeyManagerImpl.java:1113) ~[ozone-manager-1.4.0-SNAPSHOT.jar:?]
	at org.apache.hadoop.ozone.om.OmMetadataReader.getFileStatus(OmMetadataReader.java:262) ~[ozone-manager-1.4.0-SNAPSHOT.jar:?]
	at org.apache.hadoop.ozone.om.OzoneManager.getFileStatus(OzoneManager.java:3530) ~[ozone-manager-1.4.0-SNAPSHOT.jar:?]
	at org.apache.hadoop.ozone.protocolPB.OzoneManagerRequestHandler.getOzoneFileStatus(OzoneManagerRequestHandler.java:971) ~[ozone-manager-1.4.0-SNAPSHOT.jar:?]
	at org.apache.hadoop.ozone.protocolPB.OzoneManagerRequestHandler.handleReadRequest(OzoneManagerRequestHandler.java:250) ~[ozone-manager-1.4.0-SNAPSHOT.jar:?]
	at org.apache.hadoop.ozone.protocolPB.OzoneManagerProtocolServerSideTranslatorPB.submitRequestDirectlyToOM(OzoneManagerProtocolServerSideTranslatorPB.java:274) ~[ozone-manager-1.4.0-SNAPSHOT.jar:?]
	at org.apache.hadoop.ozone.protocolPB.OzoneManagerProtocolServerSideTranslatorPB.processRequest(OzoneManagerProtocolServerSideTranslatorPB.java:175) ~[ozone-manager-1.4.0-SNAPSHOT.jar:?]
	at org.apache.hadoop.hdds.server.OzoneProtocolMessageDispatcher.processRequest(OzoneProtocolMessageDispatcher.java:87) [hdds-server-framework-1.4.0-SNAPSHOT.jar:?]
	at org.apache.hadoop.ozone.protocolPB.OzoneManagerProtocolServerSideTranslatorPB.submitRequest(OzoneManagerProtocolServerSideTranslatorPB.java:148) [ozone-manager-1.4.0-SNAPSHOT.jar:?]
	at org.apache.hadoop.ozone.protocol.proto.OzoneManagerProtocolProtos$OzoneManagerService$2.callBlockingMethod(OzoneManagerProtocolProtos.java) [ozone-interface-client-1.4.0-SNAPSHOT.jar:?]
	at org.apache.hadoop.ipc.ProtobufRpcEngine$Server.processCall(ProtobufRpcEngine.java:484) [hadoop-common-3.3.6.jar:?]
	at org.apache.hadoop.ipc.ProtobufRpcEngine2$Server$ProtoBufRpcInvoker.call(ProtobufRpcEngine2.java:595) [hadoop-common-3.3.6.jar:?]
	at org.apache.hadoop.ipc.ProtobufRpcEngine2$Server$ProtoBufRpcInvoker.call(ProtobufRpcEngine2.java:573) [hadoop-common-3.3.6.jar:?]
	at org.apache.hadoop.ipc.RPC$Server.call(RPC.java:1227) [hadoop-common-3.3.6.jar:?]
	at org.apache.hadoop.ipc.Server$RpcCall.run(Server.java:1094) [hadoop-common-3.3.6.jar:?]
	at org.apache.hadoop.ipc.Server$RpcCall.run(Server.java:1017) [hadoop-common-3.3.6.jar:?]
	at java.security.AccessController.doPrivileged(Native Method) ~[?:1.8.0_382]
	at javax.security.auth.Subject.doAs(Subject.java:422) [?:1.8.0_382]
	at org.apache.hadoop.security.UserGroupInformation.doAs(UserGroupInformation.java:1899) [hadoop-common-3.3.6.jar:?]
	at org.apache.hadoop.ipc.Server$Handler.run(Server.java:3048) [hadoop-common-3.3.6.jar:?]
08:57:18.340 [IPC Server handler 14 on default port 15163] ERROR OMAudit - user=runner | ip=127.0.0.1 | op=GET_FILE_STATUS {volume=volume04563, bucket=bucket31706, key=gdir1/dir10/child, dataSize=0, replicationConfig=null} | ret=FAILURE
org.apache.hadoop.ozone.om.exceptions.OMException: Unable to get file status: volume: volume04563 bucket: bucket31706 key: gdir1/dir10/child
	at org.apache.hadoop.ozone.om.KeyManagerImpl.getOzoneFileStatus(KeyManagerImpl.java:1195) ~[ozone-manager-1.4.0-SNAPSHOT.jar:?]
	at org.apache.hadoop.ozone.om.KeyManagerImpl.getFileStatus(KeyManagerImpl.java:1113) ~[ozone-manager-1.4.0-SNAPSHOT.jar:?]
	at org.apache.hadoop.ozone.om.OmMetadataReader.getFileStatus(OmMetadataReader.java:262) ~[ozone-manager-1.4.0-SNAPSHOT.jar:?]
	at org.apache.hadoop.ozone.om.OzoneManager.getFileStatus(OzoneManager.java:3530) ~[ozone-manager-1.4.0-SNAPSHOT.jar:?]
	at org.apache.hadoop.ozone.protocolPB.OzoneManagerRequestHandler.getOzoneFileStatus(OzoneManagerRequestHandler.java:971) ~[ozone-manager-1.4.0-SNAPSHOT.jar:?]
	at org.apache.hadoop.ozone.protocolPB.OzoneManagerRequestHandler.handleReadRequest(OzoneManagerRequestHandler.java:250) ~[ozone-manager-1.4.0-SNAPSHOT.jar:?]
	at org.apache.hadoop.ozone.protocolPB.OzoneManagerProtocolServerSideTranslatorPB.submitRequestDirectlyToOM(OzoneManagerProtocolServerSideTranslatorPB.java:274) ~[ozone-manager-1.4.0-SNAPSHOT.jar:?]
	at org.apache.hadoop.ozone.protocolPB.OzoneManagerProtocolServerSideTranslatorPB.processRequest(OzoneManagerProtocolServerSideTranslatorPB.java:175) ~[ozone-manager-1.4.0-SNAPSHOT.jar:?]
	at org.apache.hadoop.hdds.server.OzoneProtocolMessageDispatcher.processRequest(OzoneProtocolMessageDispatcher.java:87) [hdds-server-framework-1.4.0-SNAPSHOT.jar:?]
	at org.apache.hadoop.ozone.protocolPB.OzoneManagerProtocolServerSideTranslatorPB.submitRequest(OzoneManagerProtocolServerSideTranslatorPB.java:148) [ozone-manager-1.4.0-SNAPSHOT.jar:?]
	at org.apache.hadoop.ozone.protocol.proto.OzoneManagerProtocolProtos$OzoneManagerService$2.callBlockingMethod(OzoneManagerProtocolProtos.java) [ozone-interface-client-1.4.0-SNAPSHOT.jar:?]
	at org.apache.hadoop.ipc.ProtobufRpcEngine$Server.processCall(ProtobufRpcEngine.java:484) [hadoop-common-3.3.6.jar:?]
	at org.apache.hadoop.ipc.ProtobufRpcEngine2$Server$ProtoBufRpcInvoker.call(ProtobufRpcEngine2.java:595) [hadoop-common-3.3.6.jar:?]
	at org.apache.hadoop.ipc.ProtobufRpcEngine2$Server$ProtoBufRpcInvoker.call(ProtobufRpcEngine2.java:573) [hadoop-common-3.3.6.jar:?]
	at org.apache.hadoop.ipc.RPC$Server.call(RPC.java:1227) [hadoop-common-3.3.6.jar:?]
	at org.apache.hadoop.ipc.Server$RpcCall.run(Server.java:1094) [hadoop-common-3.3.6.jar:?]
	at org.apache.hadoop.ipc.Server$RpcCall.run(Server.java:1017) [hadoop-common-3.3.6.jar:?]
	at java.security.AccessController.doPrivileged(Native Method) ~[?:1.8.0_382]
	at javax.security.auth.Subject.doAs(Subject.java:422) [?:1.8.0_382]
	at org.apache.hadoop.security.UserGroupInformation.doAs(UserGroupInformation.java:1899) [hadoop-common-3.3.6.jar:?]
	at org.apache.hadoop.ipc.Server$Handler.run(Server.java:3048) [hadoop-common-3.3.6.jar:?]
08:57:18.403 [IPC Server handler 13 on default port 15163] ERROR OMAudit - user=runner | ip=127.0.0.1 | op=GET_FILE_STATUS {volume=volume04563, bucket=bucket31706, key=level0, dataSize=0, replicationConfig=null} | ret=FAILURE
org.apache.hadoop.ozone.om.exceptions.OMException: Unable to get file status: volume: volume04563 bucket: bucket31706 key: level0
	at org.apache.hadoop.ozone.om.KeyManagerImpl.getOzoneFileStatus(KeyManagerImpl.java:1195) ~[ozone-manager-1.4.0-SNAPSHOT.jar:?]
	at org.apache.hadoop.ozone.om.KeyManagerImpl.getFileStatus(KeyManagerImpl.java:1113) ~[ozone-manager-1.4.0-SNAPSHOT.jar:?]
	at org.apache.hadoop.ozone.om.OmMetadataReader.getFileStatus(OmMetadataReader.java:262) ~[ozone-manager-1.4.0-SNAPSHOT.jar:?]
	at org.apache.hadoop.ozone.om.OzoneManager.getFileStatus(OzoneManager.java:3530) ~[ozone-manager-1.4.0-SNAPSHOT.jar:?]
	at org.apache.hadoop.ozone.protocolPB.OzoneManagerRequestHandler.getOzoneFileStatus(OzoneManagerRequestHandler.java:971) ~[ozone-manager-1.4.0-SNAPSHOT.jar:?]
	at org.apache.hadoop.ozone.protocolPB.OzoneManagerRequestHandler.handleReadRequest(OzoneManagerRequestHandler.java:250) ~[ozone-manager-1.4.0-SNAPSHOT.jar:?]
	at org.apache.hadoop.ozone.protocolPB.OzoneManagerProtocolServerSideTranslatorPB.submitRequestDirectlyToOM(OzoneManagerProtocolServerSideTranslatorPB.java:274) ~[ozone-manager-1.4.0-SNAPSHOT.jar:?]
	at org.apache.hadoop.ozone.protocolPB.OzoneManagerProtocolServerSideTranslatorPB.processRequest(OzoneManagerProtocolServerSideTranslatorPB.java:175) ~[ozone-manager-1.4.0-SNAPSHOT.jar:?]
	at org.apache.hadoop.hdds.server.OzoneProtocolMessageDispatcher.processRequest(OzoneProtocolMessageDispatcher.java:87) [hdds-server-framework-1.4.0-SNAPSHOT.jar:?]
	at org.apache.hadoop.ozone.protocolPB.OzoneManagerProtocolServerSideTranslatorPB.submitRequest(OzoneManagerProtocolServerSideTranslatorPB.java:148) [ozone-manager-1.4.0-SNAPSHOT.jar:?]
	at org.apache.hadoop.ozone.protocol.proto.OzoneManagerProtocolProtos$OzoneManagerService$2.callBlockingMethod(OzoneManagerProtocolProtos.java) [ozone-interface-client-1.4.0-SNAPSHOT.jar:?]
	at org.apache.hadoop.ipc.ProtobufRpcEngine$Server.processCall(ProtobufRpcEngine.java:484) [hadoop-common-3.3.6.jar:?]
	at org.apache.hadoop.ipc.ProtobufRpcEngine2$Server$ProtoBufRpcInvoker.call(ProtobufRpcEngine2.java:595) [hadoop-common-3.3.6.jar:?]
	at org.apache.hadoop.ipc.ProtobufRpcEngine2$Server$ProtoBufRpcInvoker.call(ProtobufRpcEngine2.java:573) [hadoop-common-3.3.6.jar:?]
	at org.apache.hadoop.ipc.RPC$Server.call(RPC.java:1227) [hadoop-common-3.3.6.jar:?]
	at org.apache.hadoop.ipc.Server$RpcCall.run(Server.java:1094) [hadoop-common-3.3.6.jar:?]
	at org.apache.hadoop.ipc.Server$RpcCall.run(Server.java:1017) [hadoop-common-3.3.6.jar:?]
	at java.security.AccessController.doPrivileged(Native Method) ~[?:1.8.0_382]
	at javax.security.auth.Subject.doAs(Subject.java:422) [?:1.8.0_382]
	at org.apache.hadoop.security.UserGroupInformation.doAs(UserGroupInformation.java:1899) [hadoop-common-3.3.6.jar:?]
	at org.apache.hadoop.ipc.Server$Handler.run(Server.java:3048) [hadoop-common-3.3.6.jar:?]
08:57:18.404 [IPC Server handler 7 on default port 15163] ERROR OMAudit - user=runner | ip=127.0.0.1 | op=GET_FILE_STATUS {volume=volume04563, bucket=bucket31706, key=level0/level1, dataSize=0, replicationConfig=null} | ret=FAILURE
org.apache.hadoop.ozone.om.exceptions.OMException: Unable to get file status: volume: volume04563 bucket: bucket31706 key: level0/level1
	at org.apache.hadoop.ozone.om.KeyManagerImpl.getOzoneFileStatus(KeyManagerImpl.java:1195) ~[ozone-manager-1.4.0-SNAPSHOT.jar:?]
	at org.apache.hadoop.ozone.om.KeyManagerImpl.getFileStatus(KeyManagerImpl.java:1113) ~[ozone-manager-1.4.0-SNAPSHOT.jar:?]
	at org.apache.hadoop.ozone.om.OmMetadataReader.getFileStatus(OmMetadataReader.java:262) ~[ozone-manager-1.4.0-SNAPSHOT.jar:?]
	at org.apache.hadoop.ozone.om.OzoneManager.getFileStatus(OzoneManager.java:3530) ~[ozone-manager-1.4.0-SNAPSHOT.jar:?]
	at org.apache.hadoop.ozone.protocolPB.OzoneManagerRequestHandler.getOzoneFileStatus(OzoneManagerRequestHandler.java:971) ~[ozone-manager-1.4.0-SNAPSHOT.jar:?]
	at org.apache.hadoop.ozone.protocolPB.OzoneManagerRequestHandler.handleReadRequest(OzoneManagerRequestHandler.java:250) ~[ozone-manager-1.4.0-SNAPSHOT.jar:?]
	at org.apache.hadoop.ozone.protocolPB.OzoneManagerProtocolServerSideTranslatorPB.submitRequestDirectlyToOM(OzoneManagerProtocolServerSideTranslatorPB.java:274) ~[ozone-manager-1.4.0-SNAPSHOT.jar:?]
	at org.apache.hadoop.ozone.protocolPB.OzoneManagerProtocolServerSideTranslatorPB.processRequest(OzoneManagerProtocolServerSideTranslatorPB.java:175) ~[ozone-manager-1.4.0-SNAPSHOT.jar:?]
	at org.apache.hadoop.hdds.server.OzoneProtocolMessageDispatcher.processRequest(OzoneProtocolMessageDispatcher.java:87) [hdds-server-framework-1.4.0-SNAPSHOT.jar:?]
	at org.apache.hadoop.ozone.protocolPB.OzoneManagerProtocolServerSideTranslatorPB.submitRequest(OzoneManagerProtocolServerSideTranslatorPB.java:148) [ozone-manager-1.4.0-SNAPSHOT.jar:?]
	at org.apache.hadoop.ozone.protocol.proto.OzoneManagerProtocolProtos$OzoneManagerService$2.callBlockingMethod(OzoneManagerProtocolProtos.java) [ozone-interface-client-1.4.0-SNAPSHOT.jar:?]
	at org.apache.hadoop.ipc.ProtobufRpcEngine$Server.processCall(ProtobufRpcEngine.java:484) [hadoop-common-3.3.6.jar:?]
	at org.apache.hadoop.ipc.ProtobufRpcEngine2$Server$ProtoBufRpcInvoker.call(ProtobufRpcEngine2.java:595) [hadoop-common-3.3.6.jar:?]
	at org.apache.hadoop.ipc.ProtobufRpcEngine2$Server$ProtoBufRpcInvoker.call(ProtobufRpcEngine2.java:573) [hadoop-common-3.3.6.jar:?]
	at org.apache.hadoop.ipc.RPC$Server.call(RPC.java:1227) [hadoop-common-3.3.6.jar:?]
	at org.apache.hadoop.ipc.Server$RpcCall.run(Server.java:1094) [hadoop-common-3.3.6.jar:?]
	at org.apache.hadoop.ipc.Server$RpcCall.run(Server.java:1017) [hadoop-common-3.3.6.jar:?]
	at java.security.AccessController.doPrivileged(Native Method) ~[?:1.8.0_382]
	at javax.security.auth.Subject.doAs(Subject.java:422) [?:1.8.0_382]
	at org.apache.hadoop.security.UserGroupInformation.doAs(UserGroupInformation.java:1899) [hadoop-common-3.3.6.jar:?]
	at org.apache.hadoop.ipc.Server$Handler.run(Server.java:3048) [hadoop-common-3.3.6.jar:?]
08:57:18.405 [IPC Server handler 6 on default port 15163] ERROR OMAudit - user=runner | ip=127.0.0.1 | op=GET_FILE_STATUS {volume=volume04563, bucket=bucket31706, key=level0/level1/level1, dataSize=0, replicationConfig=null} | ret=FAILURE
org.apache.hadoop.ozone.om.exceptions.OMException: Unable to get file status: volume: volume04563 bucket: bucket31706 key: level0/level1/level1
	at org.apache.hadoop.ozone.om.KeyManagerImpl.getOzoneFileStatus(KeyManagerImpl.java:1195) ~[ozone-manager-1.4.0-SNAPSHOT.jar:?]
	at org.apache.hadoop.ozone.om.KeyManagerImpl.getFileStatus(KeyManagerImpl.java:1113) ~[ozone-manager-1.4.0-SNAPSHOT.jar:?]
	at org.apache.hadoop.ozone.om.OmMetadataReader.getFileStatus(OmMetadataReader.java:262) ~[ozone-manager-1.4.0-SNAPSHOT.jar:?]
	at org.apache.hadoop.ozone.om.OzoneManager.getFileStatus(OzoneManager.java:3530) ~[ozone-manager-1.4.0-SNAPSHOT.jar:?]
	at org.apache.hadoop.ozone.protocolPB.OzoneManagerRequestHandler.getOzoneFileStatus(OzoneManagerRequestHandler.java:971) ~[ozone-manager-1.4.0-SNAPSHOT.jar:?]
	at org.apache.hadoop.ozone.protocolPB.OzoneManagerRequestHandler.handleReadRequest(OzoneManagerRequestHandler.java:250) ~[ozone-manager-1.4.0-SNAPSHOT.jar:?]
	at org.apache.hadoop.ozone.protocolPB.OzoneManagerProtocolServerSideTranslatorPB.submitRequestDirectlyToOM(OzoneManagerProtocolServerSideTranslatorPB.java:274) ~[ozone-manager-1.4.0-SNAPSHOT.jar:?]
	at org.apache.hadoop.ozone.protocolPB.OzoneManagerProtocolServerSideTranslatorPB.processRequest(OzoneManagerProtocolServerSideTranslatorPB.java:175) ~[ozone-manager-1.4.0-SNAPSHOT.jar:?]
	at org.apache.hadoop.hdds.server.OzoneProtocolMessageDispatcher.processRequest(OzoneProtocolMessageDispatcher.java:87) [hdds-server-framework-1.4.0-SNAPSHOT.jar:?]
	at org.apache.hadoop.ozone.protocolPB.OzoneManagerProtocolServerSideTranslatorPB.submitRequest(OzoneManagerProtocolServerSideTranslatorPB.java:148) [ozone-manager-1.4.0-SNAPSHOT.jar:?]
	at org.apache.hadoop.ozone.protocol.proto.OzoneManagerProtocolProtos$OzoneManagerService$2.callBlockingMethod(OzoneManagerProtocolProtos.java) [ozone-interface-client-1.4.0-SNAPSHOT.jar:?]
	at org.apache.hadoop.ipc.ProtobufRpcEngine$Server.processCall(ProtobufRpcEngine.java:484) [hadoop-common-3.3.6.jar:?]
	at org.apache.hadoop.ipc.ProtobufRpcEngine2$Server$ProtoBufRpcInvoker.call(ProtobufRpcEngine2.java:595) [hadoop-common-3.3.6.jar:?]
	at org.apache.hadoop.ipc.ProtobufRpcEngine2$Server$ProtoBufRpcInvoker.call(ProtobufRpcEngine2.java:573) [hadoop-common-3.3.6.jar:?]
	at org.apache.hadoop.ipc.RPC$Server.call(RPC.java:1227) [hadoop-common-3.3.6.jar:?]
	at org.apache.hadoop.ipc.Server$RpcCall.run(Server.java:1094) [hadoop-common-3.3.6.jar:?]
	at org.apache.hadoop.ipc.Server$RpcCall.run(Server.java:1017) [hadoop-common-3.3.6.jar:?]
	at java.security.AccessController.doPrivileged(Native Method) ~[?:1.8.0_382]
	at javax.security.auth.Subject.doAs(Subject.java:422) [?:1.8.0_382]
	at org.apache.hadoop.security.UserGroupInformation.doAs(UserGroupInformation.java:1899) [hadoop-common-3.3.6.jar:?]
	at org.apache.hadoop.ipc.Server$Handler.run(Server.java:3048) [hadoop-common-3.3.6.jar:?]
08:57:18.406 [IPC Server handler 11 on default port 15163] ERROR OMAudit - user=runner | ip=127.0.0.1 | op=GET_FILE_STATUS {volume=volume04563, bucket=bucket31706, key=level0/level1/file1, dataSize=0, replicationConfig=null} | ret=FAILURE
org.apache.hadoop.ozone.om.exceptions.OMException: Unable to get file status: volume: volume04563 bucket: bucket31706 key: level0/level1/file1
	at org.apache.hadoop.ozone.om.KeyManagerImpl.getOzoneFileStatus(KeyManagerImpl.java:1195) ~[ozone-manager-1.4.0-SNAPSHOT.jar:?]
	at org.apache.hadoop.ozone.om.KeyManagerImpl.getFileStatus(KeyManagerImpl.java:1113) ~[ozone-manager-1.4.0-SNAPSHOT.jar:?]
	at org.apache.hadoop.ozone.om.OmMetadataReader.getFileStatus(OmMetadataReader.java:262) ~[ozone-manager-1.4.0-SNAPSHOT.jar:?]
	at org.apache.hadoop.ozone.om.OzoneManager.getFileStatus(OzoneManager.java:3530) ~[ozone-manager-1.4.0-SNAPSHOT.jar:?]
	at org.apache.hadoop.ozone.protocolPB.OzoneManagerRequestHandler.getOzoneFileStatus(OzoneManagerRequestHandler.java:971) ~[ozone-manager-1.4.0-SNAPSHOT.jar:?]
	at org.apache.hadoop.ozone.protocolPB.OzoneManagerRequestHandler.handleReadRequest(OzoneManagerRequestHandler.java:250) ~[ozone-manager-1.4.0-SNAPSHOT.jar:?]
	at org.apache.hadoop.ozone.protocolPB.OzoneManagerProtocolServerSideTranslatorPB.submitRequestDirectlyToOM(OzoneManagerProtocolServerSideTranslatorPB.java:274) ~[ozone-manager-1.4.0-SNAPSHOT.jar:?]
	at org.apache.hadoop.ozone.protocolPB.OzoneManagerProtocolServerSideTranslatorPB.processRequest(OzoneManagerProtocolServerSideTranslatorPB.java:175) ~[ozone-manager-1.4.0-SNAPSHOT.jar:?]
	at org.apache.hadoop.hdds.server.OzoneProtocolMessageDispatcher.processRequest(OzoneProtocolMessageDispatcher.java:87) [hdds-server-framework-1.4.0-SNAPSHOT.jar:?]
	at org.apache.hadoop.ozone.protocolPB.OzoneManagerProtocolServerSideTranslatorPB.submitRequest(OzoneManagerProtocolServerSideTranslatorPB.java:148) [ozone-manager-1.4.0-SNAPSHOT.jar:?]
	at org.apache.hadoop.ozone.protocol.proto.OzoneManagerProtocolProtos$OzoneManagerService$2.callBlockingMethod(OzoneManagerProtocolProtos.java) [ozone-interface-client-1.4.0-SNAPSHOT.jar:?]
	at org.apache.hadoop.ipc.ProtobufRpcEngine$Server.processCall(ProtobufRpcEngine.java:484) [hadoop-common-3.3.6.jar:?]
	at org.apache.hadoop.ipc.ProtobufRpcEngine2$Server$ProtoBufRpcInvoker.call(ProtobufRpcEngine2.java:595) [hadoop-common-3.3.6.jar:?]
	at org.apache.hadoop.ipc.ProtobufRpcEngine2$Server$ProtoBufRpcInvoker.call(ProtobufRpcEngine2.java:573) [hadoop-common-3.3.6.jar:?]
	at org.apache.hadoop.ipc.RPC$Server.call(RPC.java:1227) [hadoop-common-3.3.6.jar:?]
	at org.apache.hadoop.ipc.Server$RpcCall.run(Server.java:1094) [hadoop-common-3.3.6.jar:?]
	at org.apache.hadoop.ipc.Server$RpcCall.run(Server.java:1017) [hadoop-common-3.3.6.jar:?]
	at java.security.AccessController.doPrivileged(Native Method) ~[?:1.8.0_382]
	at javax.security.auth.Subject.doAs(Subject.java:422) [?:1.8.0_382]
	at org.apache.hadoop.security.UserGroupInformation.doAs(UserGroupInformation.java:1899) [hadoop-common-3.3.6.jar:?]
	at org.apache.hadoop.ipc.Server$Handler.run(Server.java:3048) [hadoop-common-3.3.6.jar:?]
08:57:18.407 [IPC Server handler 19 on default port 15163] ERROR OMAudit - user=runner | ip=127.0.0.1 | op=GET_FILE_STATUS {volume=volume04563, bucket=bucket31706, key=level0/level1/level1/file1, dataSize=0, replicationConfig=null} | ret=FAILURE
org.apache.hadoop.ozone.om.exceptions.OMException: Unable to get file status: volume: volume04563 bucket: bucket31706 key: level0/level1/level1/file1
	at org.apache.hadoop.ozone.om.KeyManagerImpl.getOzoneFileStatus(KeyManagerImpl.java:1195) ~[ozone-manager-1.4.0-SNAPSHOT.jar:?]
	at org.apache.hadoop.ozone.om.KeyManagerImpl.getFileStatus(KeyManagerImpl.java:1113) ~[ozone-manager-1.4.0-SNAPSHOT.jar:?]
	at org.apache.hadoop.ozone.om.OmMetadataReader.getFileStatus(OmMetadataReader.java:262) ~[ozone-manager-1.4.0-SNAPSHOT.jar:?]
	at org.apache.hadoop.ozone.om.OzoneManager.getFileStatus(OzoneManager.java:3530) ~[ozone-manager-1.4.0-SNAPSHOT.jar:?]
	at org.apache.hadoop.ozone.protocolPB.OzoneManagerRequestHandler.getOzoneFileStatus(OzoneManagerRequestHandler.java:971) ~[ozone-manager-1.4.0-SNAPSHOT.jar:?]
	at org.apache.hadoop.ozone.protocolPB.OzoneManagerRequestHandler.handleReadRequest(OzoneManagerRequestHandler.java:250) ~[ozone-manager-1.4.0-SNAPSHOT.jar:?]
	at org.apache.hadoop.ozone.protocolPB.OzoneManagerProtocolServerSideTranslatorPB.submitRequestDirectlyToOM(OzoneManagerProtocolServerSideTranslatorPB.java:274) ~[ozone-manager-1.4.0-SNAPSHOT.jar:?]
	at org.apache.hadoop.ozone.protocolPB.OzoneManagerProtocolServerSideTranslatorPB.processRequest(OzoneManagerProtocolServerSideTranslatorPB.java:175) ~[ozone-manager-1.4.0-SNAPSHOT.jar:?]
	at org.apache.hadoop.hdds.server.OzoneProtocolMessageDispatcher.processRequest(OzoneProtocolMessageDispatcher.java:87) [hdds-server-framework-1.4.0-SNAPSHOT.jar:?]
	at org.apache.hadoop.ozone.protocolPB.OzoneManagerProtocolServerSideTranslatorPB.submitRequest(OzoneManagerProtocolServerSideTranslatorPB.java:148) [ozone-manager-1.4.0-SNAPSHOT.jar:?]
	at org.apache.hadoop.ozone.protocol.proto.OzoneManagerProtocolProtos$OzoneManagerService$2.callBlockingMethod(OzoneManagerProtocolProtos.java) [ozone-interface-client-1.4.0-SNAPSHOT.jar:?]
	at org.apache.hadoop.ipc.ProtobufRpcEngine$Server.processCall(ProtobufRpcEngine.java:484) [hadoop-common-3.3.6.jar:?]
	at org.apache.hadoop.ipc.ProtobufRpcEngine2$Server$ProtoBufRpcInvoker.call(ProtobufRpcEngine2.java:595) [hadoop-common-3.3.6.jar:?]
	at org.apache.hadoop.ipc.ProtobufRpcEngine2$Server$ProtoBufRpcInvoker.call(ProtobufRpcEngine2.java:573) [hadoop-common-3.3.6.jar:?]
	at org.apache.hadoop.ipc.RPC$Server.call(RPC.java:1227) [hadoop-common-3.3.6.jar:?]
	at org.apache.hadoop.ipc.Server$RpcCall.run(Server.java:1094) [hadoop-common-3.3.6.jar:?]
	at org.apache.hadoop.ipc.Server$RpcCall.run(Server.java:1017) [hadoop-common-3.3.6.jar:?]
	at java.security.AccessController.doPrivileged(Native Method) ~[?:1.8.0_382]
	at javax.security.auth.Subject.doAs(Subject.java:422) [?:1.8.0_382]
	at org.apache.hadoop.security.UserGroupInformation.doAs(UserGroupInformation.java:1899) [hadoop-common-3.3.6.jar:?]
	at org.apache.hadoop.ipc.Server$Handler.run(Server.java:3048) [hadoop-common-3.3.6.jar:?]
08:57:18.408 [IPC Server handler 15 on default port 15163] ERROR OMAudit - user=runner | ip=127.0.0.1 | op=GET_FILE_STATUS {volume=volume04563, bucket=bucket31706, key=level0/level2, dataSize=0, replicationConfig=null} | ret=FAILURE
org.apache.hadoop.ozone.om.exceptions.OMException: Unable to get file status: volume: volume04563 bucket: bucket31706 key: level0/level2
	at org.apache.hadoop.ozone.om.KeyManagerImpl.getOzoneFileStatus(KeyManagerImpl.java:1195) ~[ozone-manager-1.4.0-SNAPSHOT.jar:?]
	at org.apache.hadoop.ozone.om.KeyManagerImpl.getFileStatus(KeyManagerImpl.java:1113) ~[ozone-manager-1.4.0-SNAPSHOT.jar:?]
	at org.apache.hadoop.ozone.om.OmMetadataReader.getFileStatus(OmMetadataReader.java:262) ~[ozone-manager-1.4.0-SNAPSHOT.jar:?]
	at org.apache.hadoop.ozone.om.OzoneManager.getFileStatus(OzoneManager.java:3530) ~[ozone-manager-1.4.0-SNAPSHOT.jar:?]
	at org.apache.hadoop.ozone.protocolPB.OzoneManagerRequestHandler.getOzoneFileStatus(OzoneManagerRequestHandler.java:971) ~[ozone-manager-1.4.0-SNAPSHOT.jar:?]
	at org.apache.hadoop.ozone.protocolPB.OzoneManagerRequestHandler.handleReadRequest(OzoneManagerRequestHandler.java:250) ~[ozone-manager-1.4.0-SNAPSHOT.jar:?]
	at org.apache.hadoop.ozone.protocolPB.OzoneManagerProtocolServerSideTranslatorPB.submitRequestDirectlyToOM(OzoneManagerProtocolServerSideTranslatorPB.java:274) ~[ozone-manager-1.4.0-SNAPSHOT.jar:?]
	at org.apache.hadoop.ozone.protocolPB.OzoneManagerProtocolServerSideTranslatorPB.processRequest(OzoneManagerProtocolServerSideTranslatorPB.java:175) ~[ozone-manager-1.4.0-SNAPSHOT.jar:?]
	at org.apache.hadoop.hdds.server.OzoneProtocolMessageDispatcher.processRequest(OzoneProtocolMessageDispatcher.java:87) [hdds-server-framework-1.4.0-SNAPSHOT.jar:?]
	at org.apache.hadoop.ozone.protocolPB.OzoneManagerProtocolServerSideTranslatorPB.submitRequest(OzoneManagerProtocolServerSideTranslatorPB.java:148) [ozone-manager-1.4.0-SNAPSHOT.jar:?]
	at org.apache.hadoop.ozone.protocol.proto.OzoneManagerProtocolProtos$OzoneManagerService$2.callBlockingMethod(OzoneManagerProtocolProtos.java) [ozone-interface-client-1.4.0-SNAPSHOT.jar:?]
	at org.apache.hadoop.ipc.ProtobufRpcEngine$Server.processCall(ProtobufRpcEngine.java:484) [hadoop-common-3.3.6.jar:?]
	at org.apache.hadoop.ipc.ProtobufRpcEngine2$Server$ProtoBufRpcInvoker.call(ProtobufRpcEngine2.java:595) [hadoop-common-3.3.6.jar:?]
	at org.apache.hadoop.ipc.ProtobufRpcEngine2$Server$ProtoBufRpcInvoker.call(ProtobufRpcEngine2.java:573) [hadoop-common-3.3.6.jar:?]
	at org.apache.hadoop.ipc.RPC$Server.call(RPC.java:1227) [hadoop-common-3.3.6.jar:?]
	at org.apache.hadoop.ipc.Server$RpcCall.run(Server.java:1094) [hadoop-common-3.3.6.jar:?]
	at org.apache.hadoop.ipc.Server$RpcCall.run(Server.java:1017) [hadoop-common-3.3.6.jar:?]
	at java.security.AccessController.doPrivileged(Native Method) ~[?:1.8.0_382]
	at javax.security.auth.Subject.doAs(Subject.java:422) [?:1.8.0_382]
	at org.apache.hadoop.security.UserGroupInformation.doAs(UserGroupInformation.java:1899) [hadoop-common-3.3.6.jar:?]
	at org.apache.hadoop.ipc.Server$Handler.run(Server.java:3048) [hadoop-common-3.3.6.jar:?]
08:57:18.410 [IPC Server handler 14 on default port 15163] ERROR OMAudit - user=runner | ip=127.0.0.1 | op=GET_FILE_STATUS {volume=volume04563, bucket=bucket31706, key=level0/level2/level2, dataSize=0, replicationConfig=null} | ret=FAILURE
org.apache.hadoop.ozone.om.exceptions.OMException: Unable to get file status: volume: volume04563 bucket: bucket31706 key: level0/level2/level2
	at org.apache.hadoop.ozone.om.KeyManagerImpl.getOzoneFileStatus(KeyManagerImpl.java:1195) ~[ozone-manager-1.4.0-SNAPSHOT.jar:?]
	at org.apache.hadoop.ozone.om.KeyManagerImpl.getFileStatus(KeyManagerImpl.java:1113) ~[ozone-manager-1.4.0-SNAPSHOT.jar:?]
	at org.apache.hadoop.ozone.om.OmMetadataReader.getFileStatus(OmMetadataReader.java:262) ~[ozone-manager-1.4.0-SNAPSHOT.jar:?]
	at org.apache.hadoop.ozone.om.OzoneManager.getFileStatus(OzoneManager.java:3530) ~[ozone-manager-1.4.0-SNAPSHOT.jar:?]
	at org.apache.hadoop.ozone.protocolPB.OzoneManagerRequestHandler.getOzoneFileStatus(OzoneManagerRequestHandler.java:971) ~[ozone-manager-1.4.0-SNAPSHOT.jar:?]
	at org.apache.hadoop.ozone.protocolPB.OzoneManagerRequestHandler.handleReadRequest(OzoneManagerRequestHandler.java:250) ~[ozone-manager-1.4.0-SNAPSHOT.jar:?]
	at org.apache.hadoop.ozone.protocolPB.OzoneManagerProtocolServerSideTranslatorPB.submitRequestDirectlyToOM(OzoneManagerProtocolServerSideTranslatorPB.java:274) ~[ozone-manager-1.4.0-SNAPSHOT.jar:?]
	at org.apache.hadoop.ozone.protocolPB.OzoneManagerProtocolServerSideTranslatorPB.processRequest(OzoneManagerProtocolServerSideTranslatorPB.java:175) ~[ozone-manager-1.4.0-SNAPSHOT.jar:?]
	at org.apache.hadoop.hdds.server.OzoneProtocolMessageDispatcher.processRequest(OzoneProtocolMessageDispatcher.java:87) [hdds-server-framework-1.4.0-SNAPSHOT.jar:?]
	at org.apache.hadoop.ozone.protocolPB.OzoneManagerProtocolServerSideTranslatorPB.submitRequest(OzoneManagerProtocolServerSideTranslatorPB.java:148) [ozone-manager-1.4.0-SNAPSHOT.jar:?]
	at org.apache.hadoop.ozone.protocol.proto.OzoneManagerProtocolProtos$OzoneManagerService$2.callBlockingMethod(OzoneManagerProtocolProtos.java) [ozone-interface-client-1.4.0-SNAPSHOT.jar:?]
	at org.apache.hadoop.ipc.ProtobufRpcEngine$Server.processCall(ProtobufRpcEngine.java:484) [hadoop-common-3.3.6.jar:?]
	at org.apache.hadoop.ipc.ProtobufRpcEngine2$Server$ProtoBufRpcInvoker.call(ProtobufRpcEngine2.java:595) [hadoop-common-3.3.6.jar:?]
	at org.apache.hadoop.ipc.ProtobufRpcEngine2$Server$ProtoBufRpcInvoker.call(ProtobufRpcEngine2.java:573) [hadoop-common-3.3.6.jar:?]
	at org.apache.hadoop.ipc.RPC$Server.call(RPC.java:1227) [hadoop-common-3.3.6.jar:?]
	at org.apache.hadoop.ipc.Server$RpcCall.run(Server.java:1094) [hadoop-common-3.3.6.jar:?]
	at org.apache.hadoop.ipc.Server$RpcCall.run(Server.java:1017) [hadoop-common-3.3.6.jar:?]
	at java.security.AccessController.doPrivileged(Native Method) ~[?:1.8.0_382]
	at javax.security.auth.Subject.doAs(Subject.java:422) [?:1.8.0_382]
	at org.apache.hadoop.security.UserGroupInformation.doAs(UserGroupInformation.java:1899) [hadoop-common-3.3.6.jar:?]
	at org.apache.hadoop.ipc.Server$Handler.run(Server.java:3048) [hadoop-common-3.3.6.jar:?]
08:57:18.411 [IPC Server handler 16 on default port 15163] ERROR OMAudit - user=runner | ip=127.0.0.1 | op=GET_FILE_STATUS {volume=volume04563, bucket=bucket31706, key=level0/level2/file1, dataSize=0, replicationConfig=null} | ret=FAILURE
org.apache.hadoop.ozone.om.exceptions.OMException: Unable to get file status: volume: volume04563 bucket: bucket31706 key: level0/level2/file1
	at org.apache.hadoop.ozone.om.KeyManagerImpl.getOzoneFileStatus(KeyManagerImpl.java:1195) ~[ozone-manager-1.4.0-SNAPSHOT.jar:?]
	at org.apache.hadoop.ozone.om.KeyManagerImpl.getFileStatus(KeyManagerImpl.java:1113) ~[ozone-manager-1.4.0-SNAPSHOT.jar:?]
	at org.apache.hadoop.ozone.om.OmMetadataReader.getFileStatus(OmMetadataReader.java:262) ~[ozone-manager-1.4.0-SNAPSHOT.jar:?]
	at org.apache.hadoop.ozone.om.OzoneManager.getFileStatus(OzoneManager.java:3530) ~[ozone-manager-1.4.0-SNAPSHOT.jar:?]
	at org.apache.hadoop.ozone.protocolPB.OzoneManagerRequestHandler.getOzoneFileStatus(OzoneManagerRequestHandler.java:971) ~[ozone-manager-1.4.0-SNAPSHOT.jar:?]
	at org.apache.hadoop.ozone.protocolPB.OzoneManagerRequestHandler.handleReadRequest(OzoneManagerRequestHandler.java:250) ~[ozone-manager-1.4.0-SNAPSHOT.jar:?]
	at org.apache.hadoop.ozone.protocolPB.OzoneManagerProtocolServerSideTranslatorPB.submitRequestDirectlyToOM(OzoneManagerProtocolServerSideTranslatorPB.java:274) ~[ozone-manager-1.4.0-SNAPSHOT.jar:?]
	at org.apache.hadoop.ozone.protocolPB.OzoneManagerProtocolServerSideTranslatorPB.processRequest(OzoneManagerProtocolServerSideTranslatorPB.java:175) ~[ozone-manager-1.4.0-SNAPSHOT.jar:?]
	at org.apache.hadoop.hdds.server.OzoneProtocolMessageDispatcher.processRequest(OzoneProtocolMessageDispatcher.java:87) [hdds-server-framework-1.4.0-SNAPSHOT.jar:?]
	at org.apache.hadoop.ozone.protocolPB.OzoneManagerProtocolServerSideTranslatorPB.submitRequest(OzoneManagerProtocolServerSideTranslatorPB.java:148) [ozone-manager-1.4.0-SNAPSHOT.jar:?]
	at org.apache.hadoop.ozone.protocol.proto.OzoneManagerProtocolProtos$OzoneManagerService$2.callBlockingMethod(OzoneManagerProtocolProtos.java) [ozone-interface-client-1.4.0-SNAPSHOT.jar:?]
	at org.apache.hadoop.ipc.ProtobufRpcEngine$Server.processCall(ProtobufRpcEngine.java:484) [hadoop-common-3.3.6.jar:?]
	at org.apache.hadoop.ipc.ProtobufRpcEngine2$Server$ProtoBufRpcInvoker.call(ProtobufRpcEngine2.java:595) [hadoop-common-3.3.6.jar:?]
	at org.apache.hadoop.ipc.ProtobufRpcEngine2$Server$ProtoBufRpcInvoker.call(ProtobufRpcEngine2.java:573) [hadoop-common-3.3.6.jar:?]
	at org.apache.hadoop.ipc.RPC$Server.call(RPC.java:1227) [hadoop-common-3.3.6.jar:?]
	at org.apache.hadoop.ipc.Server$RpcCall.run(Server.java:1094) [hadoop-common-3.3.6.jar:?]
	at org.apache.hadoop.ipc.Server$RpcCall.run(Server.java:1017) [hadoop-common-3.3.6.jar:?]
	at java.security.AccessController.doPrivileged(Native Method) ~[?:1.8.0_382]
	at javax.security.auth.Subject.doAs(Subject.java:422) [?:1.8.0_382]
	at org.apache.hadoop.security.UserGroupInformation.doAs(UserGroupInformation.java:1899) [hadoop-common-3.3.6.jar:?]
	at org.apache.hadoop.ipc.Server$Handler.run(Server.java:3048) [hadoop-common-3.3.6.jar:?]
08:57:18.412 [IPC Server handler 17 on default port 15163] ERROR OMAudit - user=runner | ip=127.0.0.1 | op=GET_FILE_STATUS {volume=volume04563, bucket=bucket31706, key=level0/level2/level2/file1, dataSize=0, replicationConfig=null} | ret=FAILURE
org.apache.hadoop.ozone.om.exceptions.OMException: Unable to get file status: volume: volume04563 bucket: bucket31706 key: level0/level2/level2/file1
	at org.apache.hadoop.ozone.om.KeyManagerImpl.getOzoneFileStatus(KeyManagerImpl.java:1195) ~[ozone-manager-1.4.0-SNAPSHOT.jar:?]
	at org.apache.hadoop.ozone.om.KeyManagerImpl.getFileStatus(KeyManagerImpl.java:1113) ~[ozone-manager-1.4.0-SNAPSHOT.jar:?]
	at org.apache.hadoop.ozone.om.OmMetadataReader.getFileStatus(OmMetadataReader.java:262) ~[ozone-manager-1.4.0-SNAPSHOT.jar:?]
	at org.apache.hadoop.ozone.om.OzoneManager.getFileStatus(OzoneManager.java:3530) ~[ozone-manager-1.4.0-SNAPSHOT.jar:?]
	at org.apache.hadoop.ozone.protocolPB.OzoneManagerRequestHandler.getOzoneFileStatus(OzoneManagerRequestHandler.java:971) ~[ozone-manager-1.4.0-SNAPSHOT.jar:?]
	at org.apache.hadoop.ozone.protocolPB.OzoneManagerRequestHandler.handleReadRequest(OzoneManagerRequestHandler.java:250) ~[ozone-manager-1.4.0-SNAPSHOT.jar:?]
	at org.apache.hadoop.ozone.protocolPB.OzoneManagerProtocolServerSideTranslatorPB.submitRequestDirectlyToOM(OzoneManagerProtocolServerSideTranslatorPB.java:274) ~[ozone-manager-1.4.0-SNAPSHOT.jar:?]
	at org.apache.hadoop.ozone.protocolPB.OzoneManagerProtocolServerSideTranslatorPB.processRequest(OzoneManagerProtocolServerSideTranslatorPB.java:175) ~[ozone-manager-1.4.0-SNAPSHOT.jar:?]
	at org.apache.hadoop.hdds.server.OzoneProtocolMessageDispatcher.processRequest(OzoneProtocolMessageDispatcher.java:87) [hdds-server-framework-1.4.0-SNAPSHOT.jar:?]
	at org.apache.hadoop.ozone.protocolPB.OzoneManagerProtocolServerSideTranslatorPB.submitRequest(OzoneManagerProtocolServerSideTranslatorPB.java:148) [ozone-manager-1.4.0-SNAPSHOT.jar:?]
	at org.apache.hadoop.ozone.protocol.proto.OzoneManagerProtocolProtos$OzoneManagerService$2.callBlockingMethod(OzoneManagerProtocolProtos.java) [ozone-interface-client-1.4.0-SNAPSHOT.jar:?]
	at org.apache.hadoop.ipc.ProtobufRpcEngine$Server.processCall(ProtobufRpcEngine.java:484) [hadoop-common-3.3.6.jar:?]
	at org.apache.hadoop.ipc.ProtobufRpcEngine2$Server$ProtoBufRpcInvoker.call(ProtobufRpcEngine2.java:595) [hadoop-common-3.3.6.jar:?]
	at org.apache.hadoop.ipc.ProtobufRpcEngine2$Server$ProtoBufRpcInvoker.call(ProtobufRpcEngine2.java:573) [hadoop-common-3.3.6.jar:?]
	at org.apache.hadoop.ipc.RPC$Server.call(RPC.java:1227) [hadoop-common-3.3.6.jar:?]
	at org.apache.hadoop.ipc.Server$RpcCall.run(Server.java:1094) [hadoop-common-3.3.6.jar:?]
	at org.apache.hadoop.ipc.Server$RpcCall.run(Server.java:1017) [hadoop-common-3.3.6.jar:?]
	at java.security.AccessController.doPrivileged(Native Method) ~[?:1.8.0_382]
	at javax.security.auth.Subject.doAs(Subject.java:422) [?:1.8.0_382]
	at org.apache.hadoop.security.UserGroupInformation.doAs(UserGroupInformation.java:1899) [hadoop-common-3.3.6.jar:?]
	at org.apache.hadoop.ipc.Server$Handler.run(Server.java:3048) [hadoop-common-3.3.6.jar:?]
08:57:18.413 [IPC Server handler 9 on default port 15163] ERROR OMAudit - user=runner | ip=127.0.0.1 | op=GET_FILE_STATUS {volume=volume04563, bucket=bucket31706, key=level0/level3, dataSize=0, replicationConfig=null} | ret=FAILURE
org.apache.hadoop.ozone.om.exceptions.OMException: Unable to get file status: volume: volume04563 bucket: bucket31706 key: level0/level3
	at org.apache.hadoop.ozone.om.KeyManagerImpl.getOzoneFileStatus(KeyManagerImpl.java:1195) ~[ozone-manager-1.4.0-SNAPSHOT.jar:?]
	at org.apache.hadoop.ozone.om.KeyManagerImpl.getFileStatus(KeyManagerImpl.java:1113) ~[ozone-manager-1.4.0-SNAPSHOT.jar:?]
	at org.apache.hadoop.ozone.om.OmMetadataReader.getFileStatus(OmMetadataReader.java:262) ~[ozone-manager-1.4.0-SNAPSHOT.jar:?]
	at org.apache.hadoop.ozone.om.OzoneManager.getFileStatus(OzoneManager.java:3530) ~[ozone-manager-1.4.0-SNAPSHOT.jar:?]
	at org.apache.hadoop.ozone.protocolPB.OzoneManagerRequestHandler.getOzoneFileStatus(OzoneManagerRequestHandler.java:971) ~[ozone-manager-1.4.0-SNAPSHOT.jar:?]
	at org.apache.hadoop.ozone.protocolPB.OzoneManagerRequestHandler.handleReadRequest(OzoneManagerRequestHandler.java:250) ~[ozone-manager-1.4.0-SNAPSHOT.jar:?]
	at org.apache.hadoop.ozone.protocolPB.OzoneManagerProtocolServerSideTranslatorPB.submitRequestDirectlyToOM(OzoneManagerProtocolServerSideTranslatorPB.java:274) ~[ozone-manager-1.4.0-SNAPSHOT.jar:?]
	at org.apache.hadoop.ozone.protocolPB.OzoneManagerProtocolServerSideTranslatorPB.processRequest(OzoneManagerProtocolServerSideTranslatorPB.java:175) ~[ozone-manager-1.4.0-SNAPSHOT.jar:?]
	at org.apache.hadoop.hdds.server.OzoneProtocolMessageDispatcher.processRequest(OzoneProtocolMessageDispatcher.java:87) [hdds-server-framework-1.4.0-SNAPSHOT.jar:?]
	at org.apache.hadoop.ozone.protocolPB.OzoneManagerProtocolServerSideTranslatorPB.submitRequest(OzoneManagerProtocolServerSideTranslatorPB.java:148) [ozone-manager-1.4.0-SNAPSHOT.jar:?]
	at org.apache.hadoop.ozone.protocol.proto.OzoneManagerProtocolProtos$OzoneManagerService$2.callBlockingMethod(OzoneManagerProtocolProtos.java) [ozone-interface-client-1.4.0-SNAPSHOT.jar:?]
	at org.apache.hadoop.ipc.ProtobufRpcEngine$Server.processCall(ProtobufRpcEngine.java:484) [hadoop-common-3.3.6.jar:?]
	at org.apache.hadoop.ipc.ProtobufRpcEngine2$Server$ProtoBufRpcInvoker.call(ProtobufRpcEngine2.java:595) [hadoop-common-3.3.6.jar:?]
	at org.apache.hadoop.ipc.ProtobufRpcEngine2$Server$ProtoBufRpcInvoker.call(ProtobufRpcEngine2.java:573) [hadoop-common-3.3.6.jar:?]
	at org.apache.hadoop.ipc.RPC$Server.call(RPC.java:1227) [hadoop-common-3.3.6.jar:?]
	at org.apache.hadoop.ipc.Server$RpcCall.run(Server.java:1094) [hadoop-common-3.3.6.jar:?]
	at org.apache.hadoop.ipc.Server$RpcCall.run(Server.java:1017) [hadoop-common-3.3.6.jar:?]
	at java.security.AccessController.doPrivileged(Native Method) ~[?:1.8.0_382]
	at javax.security.auth.Subject.doAs(Subject.java:422) [?:1.8.0_382]
	at org.apache.hadoop.security.UserGroupInformation.doAs(UserGroupInformation.java:1899) [hadoop-common-3.3.6.jar:?]
	at org.apache.hadoop.ipc.Server$Handler.run(Server.java:3048) [hadoop-common-3.3.6.jar:?]
08:57:18.415 [IPC Server handler 8 on default port 15163] ERROR OMAudit - user=runner | ip=127.0.0.1 | op=GET_FILE_STATUS {volume=volume04563, bucket=bucket31706, key=level0/level3/level3, dataSize=0, replicationConfig=null} | ret=FAILURE
org.apache.hadoop.ozone.om.exceptions.OMException: Unable to get file status: volume: volume04563 bucket: bucket31706 key: level0/level3/level3
	at org.apache.hadoop.ozone.om.KeyManagerImpl.getOzoneFileStatus(KeyManagerImpl.java:1195) ~[ozone-manager-1.4.0-SNAPSHOT.jar:?]
	at org.apache.hadoop.ozone.om.KeyManagerImpl.getFileStatus(KeyManagerImpl.java:1113) ~[ozone-manager-1.4.0-SNAPSHOT.jar:?]
	at org.apache.hadoop.ozone.om.OmMetadataReader.getFileStatus(OmMetadataReader.java:262) ~[ozone-manager-1.4.0-SNAPSHOT.jar:?]
	at org.apache.hadoop.ozone.om.OzoneManager.getFileStatus(OzoneManager.java:3530) ~[ozone-manager-1.4.0-SNAPSHOT.jar:?]
	at org.apache.hadoop.ozone.protocolPB.OzoneManagerRequestHandler.getOzoneFileStatus(OzoneManagerRequestHandler.java:971) ~[ozone-manager-1.4.0-SNAPSHOT.jar:?]
	at org.apache.hadoop.ozone.protocolPB.OzoneManagerRequestHandler.handleReadRequest(OzoneManagerRequestHandler.java:250) ~[ozone-manager-1.4.0-SNAPSHOT.jar:?]
	at org.apache.hadoop.ozone.protocolPB.OzoneManagerProtocolServerSideTranslatorPB.submitRequestDirectlyToOM(OzoneManagerProtocolServerSideTranslatorPB.java:274) ~[ozone-manager-1.4.0-SNAPSHOT.jar:?]
	at org.apache.hadoop.ozone.protocolPB.OzoneManagerProtocolServerSideTranslatorPB.processRequest(OzoneManagerProtocolServerSideTranslatorPB.java:175) ~[ozone-manager-1.4.0-SNAPSHOT.jar:?]
	at org.apache.hadoop.hdds.server.OzoneProtocolMessageDispatcher.processRequest(OzoneProtocolMessageDispatcher.java:87) [hdds-server-framework-1.4.0-SNAPSHOT.jar:?]
	at org.apache.hadoop.ozone.protocolPB.OzoneManagerProtocolServerSideTranslatorPB.submitRequest(OzoneManagerProtocolServerSideTranslatorPB.java:148) [ozone-manager-1.4.0-SNAPSHOT.jar:?]
	at org.apache.hadoop.ozone.protocol.proto.OzoneManagerProtocolProtos$OzoneManagerService$2.callBlockingMethod(OzoneManagerProtocolProtos.java) [ozone-interface-client-1.4.0-SNAPSHOT.jar:?]
	at org.apache.hadoop.ipc.ProtobufRpcEngine$Server.processCall(ProtobufRpcEngine.java:484) [hadoop-common-3.3.6.jar:?]
	at org.apache.hadoop.ipc.ProtobufRpcEngine2$Server$ProtoBufRpcInvoker.call(ProtobufRpcEngine2.java:595) [hadoop-common-3.3.6.jar:?]
	at org.apache.hadoop.ipc.ProtobufRpcEngine2$Server$ProtoBufRpcInvoker.call(ProtobufRpcEngine2.java:573) [hadoop-common-3.3.6.jar:?]
	at org.apache.hadoop.ipc.RPC$Server.call(RPC.java:1227) [hadoop-common-3.3.6.jar:?]
	at org.apache.hadoop.ipc.Server$RpcCall.run(Server.java:1094) [hadoop-common-3.3.6.jar:?]
	at org.apache.hadoop.ipc.Server$RpcCall.run(Server.java:1017) [hadoop-common-3.3.6.jar:?]
	at java.security.AccessController.doPrivileged(Native Method) ~[?:1.8.0_382]
	at javax.security.auth.Subject.doAs(Subject.java:422) [?:1.8.0_382]
	at org.apache.hadoop.security.UserGroupInformation.doAs(UserGroupInformation.java:1899) [hadoop-common-3.3.6.jar:?]
	at org.apache.hadoop.ipc.Server$Handler.run(Server.java:3048) [hadoop-common-3.3.6.jar:?]
08:57:18.416 [IPC Server handler 18 on default port 15163] ERROR OMAudit - user=runner | ip=127.0.0.1 | op=GET_FILE_STATUS {volume=volume04563, bucket=bucket31706, key=level0/level3/file1, dataSize=0, replicationConfig=null} | ret=FAILURE
org.apache.hadoop.ozone.om.exceptions.OMException: Unable to get file status: volume: volume04563 bucket: bucket31706 key: level0/level3/file1
	at org.apache.hadoop.ozone.om.KeyManagerImpl.getOzoneFileStatus(KeyManagerImpl.java:1195) ~[ozone-manager-1.4.0-SNAPSHOT.jar:?]
	at org.apache.hadoop.ozone.om.KeyManagerImpl.getFileStatus(KeyManagerImpl.java:1113) ~[ozone-manager-1.4.0-SNAPSHOT.jar:?]
	at org.apache.hadoop.ozone.om.OmMetadataReader.getFileStatus(OmMetadataReader.java:262) ~[ozone-manager-1.4.0-SNAPSHOT.jar:?]
	at org.apache.hadoop.ozone.om.OzoneManager.getFileStatus(OzoneManager.java:3530) ~[ozone-manager-1.4.0-SNAPSHOT.jar:?]
	at org.apache.hadoop.ozone.protocolPB.OzoneManagerRequestHandler.getOzoneFileStatus(OzoneManagerRequestHandler.java:971) ~[ozone-manager-1.4.0-SNAPSHOT.jar:?]
	at org.apache.hadoop.ozone.protocolPB.OzoneManagerRequestHandler.handleReadRequest(OzoneManagerRequestHandler.java:250) ~[ozone-manager-1.4.0-SNAPSHOT.jar:?]
	at org.apache.hadoop.ozone.protocolPB.OzoneManagerProtocolServerSideTranslatorPB.submitRequestDirectlyToOM(OzoneManagerProtocolServerSideTranslatorPB.java:274) ~[ozone-manager-1.4.0-SNAPSHOT.jar:?]
	at org.apache.hadoop.ozone.protocolPB.OzoneManagerProtocolServerSideTranslatorPB.processRequest(OzoneManagerProtocolServerSideTranslatorPB.java:175) ~[ozone-manager-1.4.0-SNAPSHOT.jar:?]
	at org.apache.hadoop.hdds.server.OzoneProtocolMessageDispatcher.processRequest(OzoneProtocolMessageDispatcher.java:87) [hdds-server-framework-1.4.0-SNAPSHOT.jar:?]
	at org.apache.hadoop.ozone.protocolPB.OzoneManagerProtocolServerSideTranslatorPB.submitRequest(OzoneManagerProtocolServerSideTranslatorPB.java:148) [ozone-manager-1.4.0-SNAPSHOT.jar:?]
	at org.apache.hadoop.ozone.protocol.proto.OzoneManagerProtocolProtos$OzoneManagerService$2.callBlockingMethod(OzoneManagerProtocolProtos.java) [ozone-interface-client-1.4.0-SNAPSHOT.jar:?]
	at org.apache.hadoop.ipc.ProtobufRpcEngine$Server.processCall(ProtobufRpcEngine.java:484) [hadoop-common-3.3.6.jar:?]
	at org.apache.hadoop.ipc.ProtobufRpcEngine2$Server$ProtoBufRpcInvoker.call(ProtobufRpcEngine2.java:595) [hadoop-common-3.3.6.jar:?]
	at org.apache.hadoop.ipc.ProtobufRpcEngine2$Server$ProtoBufRpcInvoker.call(ProtobufRpcEngine2.java:573) [hadoop-common-3.3.6.jar:?]
	at org.apache.hadoop.ipc.RPC$Server.call(RPC.java:1227) [hadoop-common-3.3.6.jar:?]
	at org.apache.hadoop.ipc.Server$RpcCall.run(Server.java:1094) [hadoop-common-3.3.6.jar:?]
	at org.apache.hadoop.ipc.Server$RpcCall.run(Server.java:1017) [hadoop-common-3.3.6.jar:?]
	at java.security.AccessController.doPrivileged(Native Method) ~[?:1.8.0_382]
	at javax.security.auth.Subject.doAs(Subject.java:422) [?:1.8.0_382]
	at org.apache.hadoop.security.UserGroupInformation.doAs(UserGroupInformation.java:1899) [hadoop-common-3.3.6.jar:?]
	at org.apache.hadoop.ipc.Server$Handler.run(Server.java:3048) [hadoop-common-3.3.6.jar:?]
08:57:18.417 [IPC Server handler 0 on default port 15163] ERROR OMAudit - user=runner | ip=127.0.0.1 | op=GET_FILE_STATUS {volume=volume04563, bucket=bucket31706, key=level0/level3/level3/file1, dataSize=0, replicationConfig=null} | ret=FAILURE
org.apache.hadoop.ozone.om.exceptions.OMException: Unable to get file status: volume: volume04563 bucket: bucket31706 key: level0/level3/level3/file1
	at org.apache.hadoop.ozone.om.KeyManagerImpl.getOzoneFileStatus(KeyManagerImpl.java:1195) ~[ozone-manager-1.4.0-SNAPSHOT.jar:?]
	at org.apache.hadoop.ozone.om.KeyManagerImpl.getFileStatus(KeyManagerImpl.java:1113) ~[ozone-manager-1.4.0-SNAPSHOT.jar:?]
	at org.apache.hadoop.ozone.om.OmMetadataReader.getFileStatus(OmMetadataReader.java:262) ~[ozone-manager-1.4.0-SNAPSHOT.jar:?]
	at org.apache.hadoop.ozone.om.OzoneManager.getFileStatus(OzoneManager.java:3530) ~[ozone-manager-1.4.0-SNAPSHOT.jar:?]
	at org.apache.hadoop.ozone.protocolPB.OzoneManagerRequestHandler.getOzoneFileStatus(OzoneManagerRequestHandler.java:971) ~[ozone-manager-1.4.0-SNAPSHOT.jar:?]
	at org.apache.hadoop.ozone.protocolPB.OzoneManagerRequestHandler.handleReadRequest(OzoneManagerRequestHandler.java:250) ~[ozone-manager-1.4.0-SNAPSHOT.jar:?]
	at org.apache.hadoop.ozone.protocolPB.OzoneManagerProtocolServerSideTranslatorPB.submitRequestDirectlyToOM(OzoneManagerProtocolServerSideTranslatorPB.java:274) ~[ozone-manager-1.4.0-SNAPSHOT.jar:?]
	at org.apache.hadoop.ozone.protocolPB.OzoneManagerProtocolServerSideTranslatorPB.processRequest(OzoneManagerProtocolServerSideTranslatorPB.java:175) ~[ozone-manager-1.4.0-SNAPSHOT.jar:?]
	at org.apache.hadoop.hdds.server.OzoneProtocolMessageDispatcher.processRequest(OzoneProtocolMessageDispatcher.java:87) [hdds-server-framework-1.4.0-SNAPSHOT.jar:?]
	at org.apache.hadoop.ozone.protocolPB.OzoneManagerProtocolServerSideTranslatorPB.submitRequest(OzoneManagerProtocolServerSideTranslatorPB.java:148) [ozone-manager-1.4.0-SNAPSHOT.jar:?]
	at org.apache.hadoop.ozone.protocol.proto.OzoneManagerProtocolProtos$OzoneManagerService$2.callBlockingMethod(OzoneManagerProtocolProtos.java) [ozone-interface-client-1.4.0-SNAPSHOT.jar:?]
	at org.apache.hadoop.ipc.ProtobufRpcEngine$Server.processCall(ProtobufRpcEngine.java:484) [hadoop-common-3.3.6.jar:?]
	at org.apache.hadoop.ipc.ProtobufRpcEngine2$Server$ProtoBufRpcInvoker.call(ProtobufRpcEngine2.java:595) [hadoop-common-3.3.6.jar:?]
	at org.apache.hadoop.ipc.ProtobufRpcEngine2$Server$ProtoBufRpcInvoker.call(ProtobufRpcEngine2.java:573) [hadoop-common-3.3.6.jar:?]
	at org.apache.hadoop.ipc.RPC$Server.call(RPC.java:1227) [hadoop-common-3.3.6.jar:?]
	at org.apache.hadoop.ipc.Server$RpcCall.run(Server.java:1094) [hadoop-common-3.3.6.jar:?]
	at org.apache.hadoop.ipc.Server$RpcCall.run(Server.java:1017) [hadoop-common-3.3.6.jar:?]
	at java.security.AccessController.doPrivileged(Native Method) ~[?:1.8.0_382]
	at javax.security.auth.Subject.doAs(Subject.java:422) [?:1.8.0_382]
	at org.apache.hadoop.security.UserGroupInformation.doAs(UserGroupInformation.java:1899) [hadoop-common-3.3.6.jar:?]
	at org.apache.hadoop.ipc.Server$Handler.run(Server.java:3048) [hadoop-common-3.3.6.jar:?]
]]></system-out>
  </testcase>
  <testcase name="testGetTrashRoots" classname="TestOzoneFileSystem" time="0.116">
    <system-out><![CDATA[08:52:25.310 [IPC Server handler 5 on default port 15004] ERROR OMAudit - user=runner | ip=127.0.0.1 | op=GET_FILE_STATUS {volume=volume72881, bucket=bucket22361, key=.Trash/runner, dataSize=0, replicationConfig=null} | ret=FAILURE
org.apache.hadoop.ozone.om.exceptions.OMException: Unable to get file status: volume: volume72881 bucket: bucket22361 key: .Trash/runner
	at org.apache.hadoop.ozone.om.KeyManagerImpl.getOzoneFileStatus(KeyManagerImpl.java:1195) ~[ozone-manager-1.4.0-SNAPSHOT.jar:?]
	at org.apache.hadoop.ozone.om.KeyManagerImpl.getFileStatus(KeyManagerImpl.java:1113) ~[ozone-manager-1.4.0-SNAPSHOT.jar:?]
	at org.apache.hadoop.ozone.om.OmMetadataReader.getFileStatus(OmMetadataReader.java:262) ~[ozone-manager-1.4.0-SNAPSHOT.jar:?]
	at org.apache.hadoop.ozone.om.OzoneManager.getFileStatus(OzoneManager.java:3530) ~[ozone-manager-1.4.0-SNAPSHOT.jar:?]
	at org.apache.hadoop.ozone.protocolPB.OzoneManagerRequestHandler.getOzoneFileStatus(OzoneManagerRequestHandler.java:971) ~[ozone-manager-1.4.0-SNAPSHOT.jar:?]
	at org.apache.hadoop.ozone.protocolPB.OzoneManagerRequestHandler.handleReadRequest(OzoneManagerRequestHandler.java:250) ~[ozone-manager-1.4.0-SNAPSHOT.jar:?]
	at org.apache.hadoop.ozone.protocolPB.OzoneManagerProtocolServerSideTranslatorPB.submitReadRequestToOM(OzoneManagerProtocolServerSideTranslatorPB.java:225) ~[ozone-manager-1.4.0-SNAPSHOT.jar:?]
	at org.apache.hadoop.ozone.protocolPB.OzoneManagerProtocolServerSideTranslatorPB.processRequest(OzoneManagerProtocolServerSideTranslatorPB.java:179) ~[ozone-manager-1.4.0-SNAPSHOT.jar:?]
	at org.apache.hadoop.hdds.server.OzoneProtocolMessageDispatcher.processRequest(OzoneProtocolMessageDispatcher.java:87) [hdds-server-framework-1.4.0-SNAPSHOT.jar:?]
	at org.apache.hadoop.ozone.protocolPB.OzoneManagerProtocolServerSideTranslatorPB.submitRequest(OzoneManagerProtocolServerSideTranslatorPB.java:148) [ozone-manager-1.4.0-SNAPSHOT.jar:?]
	at org.apache.hadoop.ozone.protocol.proto.OzoneManagerProtocolProtos$OzoneManagerService$2.callBlockingMethod(OzoneManagerProtocolProtos.java) [ozone-interface-client-1.4.0-SNAPSHOT.jar:?]
	at org.apache.hadoop.ipc.ProtobufRpcEngine$Server.processCall(ProtobufRpcEngine.java:484) [hadoop-common-3.3.6.jar:?]
	at org.apache.hadoop.ipc.ProtobufRpcEngine2$Server$ProtoBufRpcInvoker.call(ProtobufRpcEngine2.java:595) [hadoop-common-3.3.6.jar:?]
	at org.apache.hadoop.ipc.ProtobufRpcEngine2$Server$ProtoBufRpcInvoker.call(ProtobufRpcEngine2.java:573) [hadoop-common-3.3.6.jar:?]
	at org.apache.hadoop.ipc.RPC$Server.call(RPC.java:1227) [hadoop-common-3.3.6.jar:?]
	at org.apache.hadoop.ipc.Server$RpcCall.run(Server.java:1094) [hadoop-common-3.3.6.jar:?]
	at org.apache.hadoop.ipc.Server$RpcCall.run(Server.java:1017) [hadoop-common-3.3.6.jar:?]
	at java.security.AccessController.doPrivileged(Native Method) ~[?:1.8.0_382]
	at javax.security.auth.Subject.doAs(Subject.java:422) [?:1.8.0_382]
	at org.apache.hadoop.security.UserGroupInformation.doAs(UserGroupInformation.java:1899) [hadoop-common-3.3.6.jar:?]
	at org.apache.hadoop.ipc.Server$Handler.run(Server.java:3048) [hadoop-common-3.3.6.jar:?]
]]></system-out>
  </testcase>
  <testcase name="testGetTrashRoots" classname="TestOzoneFileSystem" time="0.042">
    <system-out><![CDATA[08:54:17.062 [IPC Server handler 12 on default port 15057] ERROR OMAudit - user=runner | ip=127.0.0.1 | op=GET_FILE_STATUS {volume=volume93671, bucket=bucket89282, key=.Trash/runner, dataSize=0, replicationConfig=null} | ret=FAILURE
org.apache.hadoop.ozone.om.exceptions.OMException: Unable to get file status: volume: volume93671 bucket: bucket89282 key: .Trash/runner
	at org.apache.hadoop.ozone.om.KeyManagerImpl.getOzoneFileStatus(KeyManagerImpl.java:1195) ~[ozone-manager-1.4.0-SNAPSHOT.jar:?]
	at org.apache.hadoop.ozone.om.KeyManagerImpl.getFileStatus(KeyManagerImpl.java:1113) ~[ozone-manager-1.4.0-SNAPSHOT.jar:?]
	at org.apache.hadoop.ozone.om.OmMetadataReader.getFileStatus(OmMetadataReader.java:262) ~[ozone-manager-1.4.0-SNAPSHOT.jar:?]
	at org.apache.hadoop.ozone.om.OzoneManager.getFileStatus(OzoneManager.java:3530) ~[ozone-manager-1.4.0-SNAPSHOT.jar:?]
	at org.apache.hadoop.ozone.protocolPB.OzoneManagerRequestHandler.getOzoneFileStatus(OzoneManagerRequestHandler.java:971) ~[ozone-manager-1.4.0-SNAPSHOT.jar:?]
	at org.apache.hadoop.ozone.protocolPB.OzoneManagerRequestHandler.handleReadRequest(OzoneManagerRequestHandler.java:250) ~[ozone-manager-1.4.0-SNAPSHOT.jar:?]
	at org.apache.hadoop.ozone.protocolPB.OzoneManagerProtocolServerSideTranslatorPB.submitRequestDirectlyToOM(OzoneManagerProtocolServerSideTranslatorPB.java:274) ~[ozone-manager-1.4.0-SNAPSHOT.jar:?]
	at org.apache.hadoop.ozone.protocolPB.OzoneManagerProtocolServerSideTranslatorPB.processRequest(OzoneManagerProtocolServerSideTranslatorPB.java:175) ~[ozone-manager-1.4.0-SNAPSHOT.jar:?]
	at org.apache.hadoop.hdds.server.OzoneProtocolMessageDispatcher.processRequest(OzoneProtocolMessageDispatcher.java:87) [hdds-server-framework-1.4.0-SNAPSHOT.jar:?]
	at org.apache.hadoop.ozone.protocolPB.OzoneManagerProtocolServerSideTranslatorPB.submitRequest(OzoneManagerProtocolServerSideTranslatorPB.java:148) [ozone-manager-1.4.0-SNAPSHOT.jar:?]
	at org.apache.hadoop.ozone.protocol.proto.OzoneManagerProtocolProtos$OzoneManagerService$2.callBlockingMethod(OzoneManagerProtocolProtos.java) [ozone-interface-client-1.4.0-SNAPSHOT.jar:?]
	at org.apache.hadoop.ipc.ProtobufRpcEngine$Server.processCall(ProtobufRpcEngine.java:484) [hadoop-common-3.3.6.jar:?]
	at org.apache.hadoop.ipc.ProtobufRpcEngine2$Server$ProtoBufRpcInvoker.call(ProtobufRpcEngine2.java:595) [hadoop-common-3.3.6.jar:?]
	at org.apache.hadoop.ipc.ProtobufRpcEngine2$Server$ProtoBufRpcInvoker.call(ProtobufRpcEngine2.java:573) [hadoop-common-3.3.6.jar:?]
	at org.apache.hadoop.ipc.RPC$Server.call(RPC.java:1227) [hadoop-common-3.3.6.jar:?]
	at org.apache.hadoop.ipc.Server$RpcCall.run(Server.java:1094) [hadoop-common-3.3.6.jar:?]
	at org.apache.hadoop.ipc.Server$RpcCall.run(Server.java:1017) [hadoop-common-3.3.6.jar:?]
	at java.security.AccessController.doPrivileged(Native Method) ~[?:1.8.0_382]
	at javax.security.auth.Subject.doAs(Subject.java:422) [?:1.8.0_382]
	at org.apache.hadoop.security.UserGroupInformation.doAs(UserGroupInformation.java:1899) [hadoop-common-3.3.6.jar:?]
	at org.apache.hadoop.ipc.Server$Handler.run(Server.java:3048) [hadoop-common-3.3.6.jar:?]
]]></system-out>
  </testcase>
  <testcase name="testGetTrashRoots" classname="TestOzoneFileSystem" time="0.043">
    <system-out><![CDATA[08:55:41.063 [IPC Server handler 15 on default port 15110] ERROR OMAudit - user=runner | ip=127.0.0.1 | op=GET_FILE_STATUS {volume=volume76246, bucket=bucket29151, key=.Trash/runner, dataSize=0, replicationConfig=null} | ret=FAILURE
org.apache.hadoop.ozone.om.exceptions.OMException: Unable to get file status: volume: volume76246 bucket: bucket29151 key: .Trash/runner
	at org.apache.hadoop.ozone.om.KeyManagerImpl.getOzoneFileStatus(KeyManagerImpl.java:1195) ~[ozone-manager-1.4.0-SNAPSHOT.jar:?]
	at org.apache.hadoop.ozone.om.KeyManagerImpl.getFileStatus(KeyManagerImpl.java:1113) ~[ozone-manager-1.4.0-SNAPSHOT.jar:?]
	at org.apache.hadoop.ozone.om.OmMetadataReader.getFileStatus(OmMetadataReader.java:262) ~[ozone-manager-1.4.0-SNAPSHOT.jar:?]
	at org.apache.hadoop.ozone.om.OzoneManager.getFileStatus(OzoneManager.java:3530) ~[ozone-manager-1.4.0-SNAPSHOT.jar:?]
	at org.apache.hadoop.ozone.protocolPB.OzoneManagerRequestHandler.getOzoneFileStatus(OzoneManagerRequestHandler.java:971) ~[ozone-manager-1.4.0-SNAPSHOT.jar:?]
	at org.apache.hadoop.ozone.protocolPB.OzoneManagerRequestHandler.handleReadRequest(OzoneManagerRequestHandler.java:250) ~[ozone-manager-1.4.0-SNAPSHOT.jar:?]
	at org.apache.hadoop.ozone.protocolPB.OzoneManagerProtocolServerSideTranslatorPB.submitReadRequestToOM(OzoneManagerProtocolServerSideTranslatorPB.java:225) ~[ozone-manager-1.4.0-SNAPSHOT.jar:?]
	at org.apache.hadoop.ozone.protocolPB.OzoneManagerProtocolServerSideTranslatorPB.processRequest(OzoneManagerProtocolServerSideTranslatorPB.java:179) ~[ozone-manager-1.4.0-SNAPSHOT.jar:?]
	at org.apache.hadoop.hdds.server.OzoneProtocolMessageDispatcher.processRequest(OzoneProtocolMessageDispatcher.java:87) [hdds-server-framework-1.4.0-SNAPSHOT.jar:?]
	at org.apache.hadoop.ozone.protocolPB.OzoneManagerProtocolServerSideTranslatorPB.submitRequest(OzoneManagerProtocolServerSideTranslatorPB.java:148) [ozone-manager-1.4.0-SNAPSHOT.jar:?]
	at org.apache.hadoop.ozone.protocol.proto.OzoneManagerProtocolProtos$OzoneManagerService$2.callBlockingMethod(OzoneManagerProtocolProtos.java) [ozone-interface-client-1.4.0-SNAPSHOT.jar:?]
	at org.apache.hadoop.ipc.ProtobufRpcEngine$Server.processCall(ProtobufRpcEngine.java:484) [hadoop-common-3.3.6.jar:?]
	at org.apache.hadoop.ipc.ProtobufRpcEngine2$Server$ProtoBufRpcInvoker.call(ProtobufRpcEngine2.java:595) [hadoop-common-3.3.6.jar:?]
	at org.apache.hadoop.ipc.ProtobufRpcEngine2$Server$ProtoBufRpcInvoker.call(ProtobufRpcEngine2.java:573) [hadoop-common-3.3.6.jar:?]
	at org.apache.hadoop.ipc.RPC$Server.call(RPC.java:1227) [hadoop-common-3.3.6.jar:?]
	at org.apache.hadoop.ipc.Server$RpcCall.run(Server.java:1094) [hadoop-common-3.3.6.jar:?]
	at org.apache.hadoop.ipc.Server$RpcCall.run(Server.java:1017) [hadoop-common-3.3.6.jar:?]
	at java.security.AccessController.doPrivileged(Native Method) ~[?:1.8.0_382]
	at javax.security.auth.Subject.doAs(Subject.java:422) [?:1.8.0_382]
	at org.apache.hadoop.security.UserGroupInformation.doAs(UserGroupInformation.java:1899) [hadoop-common-3.3.6.jar:?]
	at org.apache.hadoop.ipc.Server$Handler.run(Server.java:3048) [hadoop-common-3.3.6.jar:?]
]]></system-out>
  </testcase>
  <testcase name="testGetTrashRoots" classname="TestOzoneFileSystem" time="0.034">
    <system-out><![CDATA[08:57:18.421 [IPC Server handler 10 on default port 15163] ERROR OMAudit - user=runner | ip=127.0.0.1 | op=GET_FILE_STATUS {volume=volume04563, bucket=bucket31706, key=.Trash/runner, dataSize=0, replicationConfig=null} | ret=FAILURE
org.apache.hadoop.ozone.om.exceptions.OMException: Unable to get file status: volume: volume04563 bucket: bucket31706 key: .Trash/runner
	at org.apache.hadoop.ozone.om.KeyManagerImpl.getOzoneFileStatus(KeyManagerImpl.java:1195) ~[ozone-manager-1.4.0-SNAPSHOT.jar:?]
	at org.apache.hadoop.ozone.om.KeyManagerImpl.getFileStatus(KeyManagerImpl.java:1113) ~[ozone-manager-1.4.0-SNAPSHOT.jar:?]
	at org.apache.hadoop.ozone.om.OmMetadataReader.getFileStatus(OmMetadataReader.java:262) ~[ozone-manager-1.4.0-SNAPSHOT.jar:?]
	at org.apache.hadoop.ozone.om.OzoneManager.getFileStatus(OzoneManager.java:3530) ~[ozone-manager-1.4.0-SNAPSHOT.jar:?]
	at org.apache.hadoop.ozone.protocolPB.OzoneManagerRequestHandler.getOzoneFileStatus(OzoneManagerRequestHandler.java:971) ~[ozone-manager-1.4.0-SNAPSHOT.jar:?]
	at org.apache.hadoop.ozone.protocolPB.OzoneManagerRequestHandler.handleReadRequest(OzoneManagerRequestHandler.java:250) ~[ozone-manager-1.4.0-SNAPSHOT.jar:?]
	at org.apache.hadoop.ozone.protocolPB.OzoneManagerProtocolServerSideTranslatorPB.submitRequestDirectlyToOM(OzoneManagerProtocolServerSideTranslatorPB.java:274) ~[ozone-manager-1.4.0-SNAPSHOT.jar:?]
	at org.apache.hadoop.ozone.protocolPB.OzoneManagerProtocolServerSideTranslatorPB.processRequest(OzoneManagerProtocolServerSideTranslatorPB.java:175) ~[ozone-manager-1.4.0-SNAPSHOT.jar:?]
	at org.apache.hadoop.hdds.server.OzoneProtocolMessageDispatcher.processRequest(OzoneProtocolMessageDispatcher.java:87) [hdds-server-framework-1.4.0-SNAPSHOT.jar:?]
	at org.apache.hadoop.ozone.protocolPB.OzoneManagerProtocolServerSideTranslatorPB.submitRequest(OzoneManagerProtocolServerSideTranslatorPB.java:148) [ozone-manager-1.4.0-SNAPSHOT.jar:?]
	at org.apache.hadoop.ozone.protocol.proto.OzoneManagerProtocolProtos$OzoneManagerService$2.callBlockingMethod(OzoneManagerProtocolProtos.java) [ozone-interface-client-1.4.0-SNAPSHOT.jar:?]
	at org.apache.hadoop.ipc.ProtobufRpcEngine$Server.processCall(ProtobufRpcEngine.java:484) [hadoop-common-3.3.6.jar:?]
	at org.apache.hadoop.ipc.ProtobufRpcEngine2$Server$ProtoBufRpcInvoker.call(ProtobufRpcEngine2.java:595) [hadoop-common-3.3.6.jar:?]
	at org.apache.hadoop.ipc.ProtobufRpcEngine2$Server$ProtoBufRpcInvoker.call(ProtobufRpcEngine2.java:573) [hadoop-common-3.3.6.jar:?]
	at org.apache.hadoop.ipc.RPC$Server.call(RPC.java:1227) [hadoop-common-3.3.6.jar:?]
	at org.apache.hadoop.ipc.Server$RpcCall.run(Server.java:1094) [hadoop-common-3.3.6.jar:?]
	at org.apache.hadoop.ipc.Server$RpcCall.run(Server.java:1017) [hadoop-common-3.3.6.jar:?]
	at java.security.AccessController.doPrivileged(Native Method) ~[?:1.8.0_382]
	at javax.security.auth.Subject.doAs(Subject.java:422) [?:1.8.0_382]
	at org.apache.hadoop.security.UserGroupInformation.doAs(UserGroupInformation.java:1899) [hadoop-common-3.3.6.jar:?]
	at org.apache.hadoop.ipc.Server$Handler.run(Server.java:3048) [hadoop-common-3.3.6.jar:?]
]]></system-out>
  </testcase>
  <testcase name="testCreateDoesNotAddParentDirKeys" classname="TestOzoneFileSystem" time="0.082">
    <system-out><![CDATA[08:52:25.456 [IPC Server handler 14 on default port 15004] ERROR OMAudit - user=runner | ip=127.0.0.1 | op=READ_KEY {volume=volume72881, bucket=bucket22361, key=testCreateDoesNotAddParentDirKeys/parent/, dataSize=0, replicationConfig=null} | ret=FAILURE
org.apache.hadoop.ozone.om.exceptions.OMException: Key:testCreateDoesNotAddParentDirKeys/parent not found
	at org.apache.hadoop.ozone.om.KeyManagerImpl.readKeyInfo(KeyManagerImpl.java:427) ~[ozone-manager-1.4.0-SNAPSHOT.jar:?]
	at org.apache.hadoop.ozone.om.KeyManagerImpl.lambda$9(KeyManagerImpl.java:1931) ~[ozone-manager-1.4.0-SNAPSHOT.jar:?]
	at org.apache.hadoop.util.MetricUtil.captureLatencyNs(MetricUtil.java:39) ~[hdds-common-1.4.0-SNAPSHOT.jar:?]
	at org.apache.hadoop.ozone.om.KeyManagerImpl.getKeyInfo(KeyManagerImpl.java:1929) ~[ozone-manager-1.4.0-SNAPSHOT.jar:?]
	at org.apache.hadoop.ozone.om.OmMetadataReader.getKeyInfo(OmMetadataReader.java:185) ~[ozone-manager-1.4.0-SNAPSHOT.jar:?]
	at org.apache.hadoop.ozone.om.OzoneManager.getKeyInfo(OzoneManager.java:2827) ~[ozone-manager-1.4.0-SNAPSHOT.jar:?]
	at org.apache.hadoop.ozone.protocolPB.OzoneManagerRequestHandler.getKeyInfo(OzoneManagerRequestHandler.java:585) ~[ozone-manager-1.4.0-SNAPSHOT.jar:?]
	at org.apache.hadoop.ozone.protocolPB.OzoneManagerRequestHandler.handleReadRequest(OzoneManagerRequestHandler.java:304) ~[ozone-manager-1.4.0-SNAPSHOT.jar:?]
	at org.apache.hadoop.ozone.protocolPB.OzoneManagerProtocolServerSideTranslatorPB.submitReadRequestToOM(OzoneManagerProtocolServerSideTranslatorPB.java:225) ~[ozone-manager-1.4.0-SNAPSHOT.jar:?]
	at org.apache.hadoop.ozone.protocolPB.OzoneManagerProtocolServerSideTranslatorPB.processRequest(OzoneManagerProtocolServerSideTranslatorPB.java:179) ~[ozone-manager-1.4.0-SNAPSHOT.jar:?]
	at org.apache.hadoop.hdds.server.OzoneProtocolMessageDispatcher.processRequest(OzoneProtocolMessageDispatcher.java:87) [hdds-server-framework-1.4.0-SNAPSHOT.jar:?]
	at org.apache.hadoop.ozone.protocolPB.OzoneManagerProtocolServerSideTranslatorPB.submitRequest(OzoneManagerProtocolServerSideTranslatorPB.java:148) [ozone-manager-1.4.0-SNAPSHOT.jar:?]
	at org.apache.hadoop.ozone.protocol.proto.OzoneManagerProtocolProtos$OzoneManagerService$2.callBlockingMethod(OzoneManagerProtocolProtos.java) [ozone-interface-client-1.4.0-SNAPSHOT.jar:?]
	at org.apache.hadoop.ipc.ProtobufRpcEngine$Server.processCall(ProtobufRpcEngine.java:484) [hadoop-common-3.3.6.jar:?]
	at org.apache.hadoop.ipc.ProtobufRpcEngine2$Server$ProtoBufRpcInvoker.call(ProtobufRpcEngine2.java:595) [hadoop-common-3.3.6.jar:?]
	at org.apache.hadoop.ipc.ProtobufRpcEngine2$Server$ProtoBufRpcInvoker.call(ProtobufRpcEngine2.java:573) [hadoop-common-3.3.6.jar:?]
	at org.apache.hadoop.ipc.RPC$Server.call(RPC.java:1227) [hadoop-common-3.3.6.jar:?]
	at org.apache.hadoop.ipc.Server$RpcCall.run(Server.java:1094) [hadoop-common-3.3.6.jar:?]
	at org.apache.hadoop.ipc.Server$RpcCall.run(Server.java:1017) [hadoop-common-3.3.6.jar:?]
	at java.security.AccessController.doPrivileged(Native Method) ~[?:1.8.0_382]
	at javax.security.auth.Subject.doAs(Subject.java:422) [?:1.8.0_382]
	at org.apache.hadoop.security.UserGroupInformation.doAs(UserGroupInformation.java:1899) [hadoop-common-3.3.6.jar:?]
	at org.apache.hadoop.ipc.Server$Handler.run(Server.java:3048) [hadoop-common-3.3.6.jar:?]
]]></system-out>
  </testcase>
  <testcase name="testCreateDoesNotAddParentDirKeys" classname="TestOzoneFileSystem" time="0.027">
    <system-out><![CDATA[08:54:17.114 [IPC Server handler 7 on default port 15057] ERROR OMAudit - user=runner | ip=127.0.0.1 | op=READ_KEY {volume=volume93671, bucket=bucket89282, key=testCreateDoesNotAddParentDirKeys/parent/, dataSize=0, replicationConfig=null} | ret=FAILURE
org.apache.hadoop.ozone.om.exceptions.OMException: Key:testCreateDoesNotAddParentDirKeys/parent not found
	at org.apache.hadoop.ozone.om.KeyManagerImpl.readKeyInfo(KeyManagerImpl.java:427) ~[ozone-manager-1.4.0-SNAPSHOT.jar:?]
	at org.apache.hadoop.ozone.om.KeyManagerImpl.lambda$9(KeyManagerImpl.java:1931) ~[ozone-manager-1.4.0-SNAPSHOT.jar:?]
	at org.apache.hadoop.util.MetricUtil.captureLatencyNs(MetricUtil.java:39) ~[hdds-common-1.4.0-SNAPSHOT.jar:?]
	at org.apache.hadoop.ozone.om.KeyManagerImpl.getKeyInfo(KeyManagerImpl.java:1929) ~[ozone-manager-1.4.0-SNAPSHOT.jar:?]
	at org.apache.hadoop.ozone.om.OmMetadataReader.getKeyInfo(OmMetadataReader.java:185) ~[ozone-manager-1.4.0-SNAPSHOT.jar:?]
	at org.apache.hadoop.ozone.om.OzoneManager.getKeyInfo(OzoneManager.java:2827) ~[ozone-manager-1.4.0-SNAPSHOT.jar:?]
	at org.apache.hadoop.ozone.protocolPB.OzoneManagerRequestHandler.getKeyInfo(OzoneManagerRequestHandler.java:585) ~[ozone-manager-1.4.0-SNAPSHOT.jar:?]
	at org.apache.hadoop.ozone.protocolPB.OzoneManagerRequestHandler.handleReadRequest(OzoneManagerRequestHandler.java:304) ~[ozone-manager-1.4.0-SNAPSHOT.jar:?]
	at org.apache.hadoop.ozone.protocolPB.OzoneManagerProtocolServerSideTranslatorPB.submitRequestDirectlyToOM(OzoneManagerProtocolServerSideTranslatorPB.java:274) ~[ozone-manager-1.4.0-SNAPSHOT.jar:?]
	at org.apache.hadoop.ozone.protocolPB.OzoneManagerProtocolServerSideTranslatorPB.processRequest(OzoneManagerProtocolServerSideTranslatorPB.java:175) ~[ozone-manager-1.4.0-SNAPSHOT.jar:?]
	at org.apache.hadoop.hdds.server.OzoneProtocolMessageDispatcher.processRequest(OzoneProtocolMessageDispatcher.java:87) [hdds-server-framework-1.4.0-SNAPSHOT.jar:?]
	at org.apache.hadoop.ozone.protocolPB.OzoneManagerProtocolServerSideTranslatorPB.submitRequest(OzoneManagerProtocolServerSideTranslatorPB.java:148) [ozone-manager-1.4.0-SNAPSHOT.jar:?]
	at org.apache.hadoop.ozone.protocol.proto.OzoneManagerProtocolProtos$OzoneManagerService$2.callBlockingMethod(OzoneManagerProtocolProtos.java) [ozone-interface-client-1.4.0-SNAPSHOT.jar:?]
	at org.apache.hadoop.ipc.ProtobufRpcEngine$Server.processCall(ProtobufRpcEngine.java:484) [hadoop-common-3.3.6.jar:?]
	at org.apache.hadoop.ipc.ProtobufRpcEngine2$Server$ProtoBufRpcInvoker.call(ProtobufRpcEngine2.java:595) [hadoop-common-3.3.6.jar:?]
	at org.apache.hadoop.ipc.ProtobufRpcEngine2$Server$ProtoBufRpcInvoker.call(ProtobufRpcEngine2.java:573) [hadoop-common-3.3.6.jar:?]
	at org.apache.hadoop.ipc.RPC$Server.call(RPC.java:1227) [hadoop-common-3.3.6.jar:?]
	at org.apache.hadoop.ipc.Server$RpcCall.run(Server.java:1094) [hadoop-common-3.3.6.jar:?]
	at org.apache.hadoop.ipc.Server$RpcCall.run(Server.java:1017) [hadoop-common-3.3.6.jar:?]
	at java.security.AccessController.doPrivileged(Native Method) ~[?:1.8.0_382]
	at javax.security.auth.Subject.doAs(Subject.java:422) [?:1.8.0_382]
	at org.apache.hadoop.security.UserGroupInformation.doAs(UserGroupInformation.java:1899) [hadoop-common-3.3.6.jar:?]
	at org.apache.hadoop.ipc.Server$Handler.run(Server.java:3048) [hadoop-common-3.3.6.jar:?]
]]></system-out>
  </testcase>
  <testcase name="testCreateDoesNotAddParentDirKeys" classname="TestOzoneFileSystem" time="0.029"/>
  <testcase name="testCreateDoesNotAddParentDirKeys" classname="TestOzoneFileSystem" time="0.02"/>
  <testcase name="testDeleteRootWithTrash" classname="TestOzoneFileSystem" time="0.018"/>
  <testcase name="testDeleteRootWithTrash" classname="TestOzoneFileSystem" time="0.008"/>
  <testcase name="testDeleteRootWithTrash" classname="TestOzoneFileSystem" time="0.006"/>
  <testcase name="testDeleteRootWithTrash" classname="TestOzoneFileSystem" time="0.003"/>
  <testcase name="testDeleteCreatesFakeParentDir" classname="TestOzoneFileSystem" time="0.102">
    <system-out><![CDATA[08:52:25.567 [IPC Server handler 18 on default port 15004] ERROR OMAudit - user=runner | ip=127.0.0.1 | op=READ_KEY {volume=volume72881, bucket=bucket22361, key=testDeleteCreatesFakeParentDir/parent/, dataSize=0, replicationConfig=null} | ret=FAILURE
org.apache.hadoop.ozone.om.exceptions.OMException: Key:testDeleteCreatesFakeParentDir/parent not found
	at org.apache.hadoop.ozone.om.KeyManagerImpl.readKeyInfo(KeyManagerImpl.java:427) ~[ozone-manager-1.4.0-SNAPSHOT.jar:?]
	at org.apache.hadoop.ozone.om.KeyManagerImpl.lambda$9(KeyManagerImpl.java:1931) ~[ozone-manager-1.4.0-SNAPSHOT.jar:?]
	at org.apache.hadoop.util.MetricUtil.captureLatencyNs(MetricUtil.java:39) ~[hdds-common-1.4.0-SNAPSHOT.jar:?]
	at org.apache.hadoop.ozone.om.KeyManagerImpl.getKeyInfo(KeyManagerImpl.java:1929) ~[ozone-manager-1.4.0-SNAPSHOT.jar:?]
	at org.apache.hadoop.ozone.om.OmMetadataReader.getKeyInfo(OmMetadataReader.java:185) ~[ozone-manager-1.4.0-SNAPSHOT.jar:?]
	at org.apache.hadoop.ozone.om.OzoneManager.getKeyInfo(OzoneManager.java:2827) ~[ozone-manager-1.4.0-SNAPSHOT.jar:?]
	at org.apache.hadoop.ozone.protocolPB.OzoneManagerRequestHandler.getKeyInfo(OzoneManagerRequestHandler.java:585) ~[ozone-manager-1.4.0-SNAPSHOT.jar:?]
	at org.apache.hadoop.ozone.protocolPB.OzoneManagerRequestHandler.handleReadRequest(OzoneManagerRequestHandler.java:304) ~[ozone-manager-1.4.0-SNAPSHOT.jar:?]
	at org.apache.hadoop.ozone.protocolPB.OzoneManagerProtocolServerSideTranslatorPB.submitReadRequestToOM(OzoneManagerProtocolServerSideTranslatorPB.java:225) ~[ozone-manager-1.4.0-SNAPSHOT.jar:?]
	at org.apache.hadoop.ozone.protocolPB.OzoneManagerProtocolServerSideTranslatorPB.processRequest(OzoneManagerProtocolServerSideTranslatorPB.java:179) ~[ozone-manager-1.4.0-SNAPSHOT.jar:?]
	at org.apache.hadoop.hdds.server.OzoneProtocolMessageDispatcher.processRequest(OzoneProtocolMessageDispatcher.java:87) [hdds-server-framework-1.4.0-SNAPSHOT.jar:?]
	at org.apache.hadoop.ozone.protocolPB.OzoneManagerProtocolServerSideTranslatorPB.submitRequest(OzoneManagerProtocolServerSideTranslatorPB.java:148) [ozone-manager-1.4.0-SNAPSHOT.jar:?]
	at org.apache.hadoop.ozone.protocol.proto.OzoneManagerProtocolProtos$OzoneManagerService$2.callBlockingMethod(OzoneManagerProtocolProtos.java) [ozone-interface-client-1.4.0-SNAPSHOT.jar:?]
	at org.apache.hadoop.ipc.ProtobufRpcEngine$Server.processCall(ProtobufRpcEngine.java:484) [hadoop-common-3.3.6.jar:?]
	at org.apache.hadoop.ipc.ProtobufRpcEngine2$Server$ProtoBufRpcInvoker.call(ProtobufRpcEngine2.java:595) [hadoop-common-3.3.6.jar:?]
	at org.apache.hadoop.ipc.ProtobufRpcEngine2$Server$ProtoBufRpcInvoker.call(ProtobufRpcEngine2.java:573) [hadoop-common-3.3.6.jar:?]
	at org.apache.hadoop.ipc.RPC$Server.call(RPC.java:1227) [hadoop-common-3.3.6.jar:?]
	at org.apache.hadoop.ipc.Server$RpcCall.run(Server.java:1094) [hadoop-common-3.3.6.jar:?]
	at org.apache.hadoop.ipc.Server$RpcCall.run(Server.java:1017) [hadoop-common-3.3.6.jar:?]
	at java.security.AccessController.doPrivileged(Native Method) ~[?:1.8.0_382]
	at javax.security.auth.Subject.doAs(Subject.java:422) [?:1.8.0_382]
	at org.apache.hadoop.security.UserGroupInformation.doAs(UserGroupInformation.java:1899) [hadoop-common-3.3.6.jar:?]
	at org.apache.hadoop.ipc.Server$Handler.run(Server.java:3048) [hadoop-common-3.3.6.jar:?]
]]></system-out>
  </testcase>
  <testcase name="testDeleteCreatesFakeParentDir" classname="TestOzoneFileSystem" time="0.029">
    <system-out><![CDATA[08:54:17.147 [IPC Server handler 19 on default port 15057] ERROR OMAudit - user=runner | ip=127.0.0.1 | op=READ_KEY {volume=volume93671, bucket=bucket89282, key=testDeleteCreatesFakeParentDir/parent/, dataSize=0, replicationConfig=null} | ret=FAILURE
org.apache.hadoop.ozone.om.exceptions.OMException: Key:testDeleteCreatesFakeParentDir/parent not found
	at org.apache.hadoop.ozone.om.KeyManagerImpl.readKeyInfo(KeyManagerImpl.java:427) ~[ozone-manager-1.4.0-SNAPSHOT.jar:?]
	at org.apache.hadoop.ozone.om.KeyManagerImpl.lambda$9(KeyManagerImpl.java:1931) ~[ozone-manager-1.4.0-SNAPSHOT.jar:?]
	at org.apache.hadoop.util.MetricUtil.captureLatencyNs(MetricUtil.java:39) ~[hdds-common-1.4.0-SNAPSHOT.jar:?]
	at org.apache.hadoop.ozone.om.KeyManagerImpl.getKeyInfo(KeyManagerImpl.java:1929) ~[ozone-manager-1.4.0-SNAPSHOT.jar:?]
	at org.apache.hadoop.ozone.om.OmMetadataReader.getKeyInfo(OmMetadataReader.java:185) ~[ozone-manager-1.4.0-SNAPSHOT.jar:?]
	at org.apache.hadoop.ozone.om.OzoneManager.getKeyInfo(OzoneManager.java:2827) ~[ozone-manager-1.4.0-SNAPSHOT.jar:?]
	at org.apache.hadoop.ozone.protocolPB.OzoneManagerRequestHandler.getKeyInfo(OzoneManagerRequestHandler.java:585) ~[ozone-manager-1.4.0-SNAPSHOT.jar:?]
	at org.apache.hadoop.ozone.protocolPB.OzoneManagerRequestHandler.handleReadRequest(OzoneManagerRequestHandler.java:304) ~[ozone-manager-1.4.0-SNAPSHOT.jar:?]
	at org.apache.hadoop.ozone.protocolPB.OzoneManagerProtocolServerSideTranslatorPB.submitRequestDirectlyToOM(OzoneManagerProtocolServerSideTranslatorPB.java:274) ~[ozone-manager-1.4.0-SNAPSHOT.jar:?]
	at org.apache.hadoop.ozone.protocolPB.OzoneManagerProtocolServerSideTranslatorPB.processRequest(OzoneManagerProtocolServerSideTranslatorPB.java:175) ~[ozone-manager-1.4.0-SNAPSHOT.jar:?]
	at org.apache.hadoop.hdds.server.OzoneProtocolMessageDispatcher.processRequest(OzoneProtocolMessageDispatcher.java:87) [hdds-server-framework-1.4.0-SNAPSHOT.jar:?]
	at org.apache.hadoop.ozone.protocolPB.OzoneManagerProtocolServerSideTranslatorPB.submitRequest(OzoneManagerProtocolServerSideTranslatorPB.java:148) [ozone-manager-1.4.0-SNAPSHOT.jar:?]
	at org.apache.hadoop.ozone.protocol.proto.OzoneManagerProtocolProtos$OzoneManagerService$2.callBlockingMethod(OzoneManagerProtocolProtos.java) [ozone-interface-client-1.4.0-SNAPSHOT.jar:?]
	at org.apache.hadoop.ipc.ProtobufRpcEngine$Server.processCall(ProtobufRpcEngine.java:484) [hadoop-common-3.3.6.jar:?]
	at org.apache.hadoop.ipc.ProtobufRpcEngine2$Server$ProtoBufRpcInvoker.call(ProtobufRpcEngine2.java:595) [hadoop-common-3.3.6.jar:?]
	at org.apache.hadoop.ipc.ProtobufRpcEngine2$Server$ProtoBufRpcInvoker.call(ProtobufRpcEngine2.java:573) [hadoop-common-3.3.6.jar:?]
	at org.apache.hadoop.ipc.RPC$Server.call(RPC.java:1227) [hadoop-common-3.3.6.jar:?]
	at org.apache.hadoop.ipc.Server$RpcCall.run(Server.java:1094) [hadoop-common-3.3.6.jar:?]
	at org.apache.hadoop.ipc.Server$RpcCall.run(Server.java:1017) [hadoop-common-3.3.6.jar:?]
	at java.security.AccessController.doPrivileged(Native Method) ~[?:1.8.0_382]
	at javax.security.auth.Subject.doAs(Subject.java:422) [?:1.8.0_382]
	at org.apache.hadoop.security.UserGroupInformation.doAs(UserGroupInformation.java:1899) [hadoop-common-3.3.6.jar:?]
	at org.apache.hadoop.ipc.Server$Handler.run(Server.java:3048) [hadoop-common-3.3.6.jar:?]
]]></system-out>
  </testcase>
  <testcase name="testDeleteCreatesFakeParentDir" classname="TestOzoneFileSystem" time="0.027"/>
  <testcase name="testDeleteCreatesFakeParentDir" classname="TestOzoneFileSystem" time="0.024"/>
  <testcase name="testListStatusOnKeyNameContainDelimiter" classname="TestOzoneFileSystem" time="0.185"/>
  <testcase name="testListStatusOnKeyNameContainDelimiter" classname="TestOzoneFileSystem" time="0.023"/>
  <testcase name="testListStatusOnKeyNameContainDelimiter" classname="TestOzoneFileSystem" time="0.024"/>
  <testcase name="testListStatusOnKeyNameContainDelimiter" classname="TestOzoneFileSystem" time="0.018"/>
  <testcase name="testNonExplicitlyCreatedPathExistsAfterItsLeafsWereRemoved" classname="TestOzoneFileSystem" time="0.083">
    <system-out><![CDATA[08:52:25.843 [IPC Server handler 6 on default port 15004] ERROR OMAudit - user=runner | ip=127.0.0.1 | op=GET_FILE_STATUS {volume=volume72881, bucket=bucket22361, key=target/leaf, dataSize=0, replicationConfig=null} | ret=FAILURE
org.apache.hadoop.ozone.om.exceptions.OMException: Unable to get file status: volume: volume72881 bucket: bucket22361 key: target/leaf
	at org.apache.hadoop.ozone.om.KeyManagerImpl.getOzoneFileStatus(KeyManagerImpl.java:1195) ~[ozone-manager-1.4.0-SNAPSHOT.jar:?]
	at org.apache.hadoop.ozone.om.KeyManagerImpl.getFileStatus(KeyManagerImpl.java:1113) ~[ozone-manager-1.4.0-SNAPSHOT.jar:?]
	at org.apache.hadoop.ozone.om.OmMetadataReader.getFileStatus(OmMetadataReader.java:262) ~[ozone-manager-1.4.0-SNAPSHOT.jar:?]
	at org.apache.hadoop.ozone.om.OzoneManager.getFileStatus(OzoneManager.java:3530) ~[ozone-manager-1.4.0-SNAPSHOT.jar:?]
	at org.apache.hadoop.ozone.protocolPB.OzoneManagerRequestHandler.getOzoneFileStatus(OzoneManagerRequestHandler.java:971) ~[ozone-manager-1.4.0-SNAPSHOT.jar:?]
	at org.apache.hadoop.ozone.protocolPB.OzoneManagerRequestHandler.handleReadRequest(OzoneManagerRequestHandler.java:250) ~[ozone-manager-1.4.0-SNAPSHOT.jar:?]
	at org.apache.hadoop.ozone.protocolPB.OzoneManagerProtocolServerSideTranslatorPB.submitReadRequestToOM(OzoneManagerProtocolServerSideTranslatorPB.java:225) ~[ozone-manager-1.4.0-SNAPSHOT.jar:?]
	at org.apache.hadoop.ozone.protocolPB.OzoneManagerProtocolServerSideTranslatorPB.processRequest(OzoneManagerProtocolServerSideTranslatorPB.java:179) ~[ozone-manager-1.4.0-SNAPSHOT.jar:?]
	at org.apache.hadoop.hdds.server.OzoneProtocolMessageDispatcher.processRequest(OzoneProtocolMessageDispatcher.java:87) [hdds-server-framework-1.4.0-SNAPSHOT.jar:?]
	at org.apache.hadoop.ozone.protocolPB.OzoneManagerProtocolServerSideTranslatorPB.submitRequest(OzoneManagerProtocolServerSideTranslatorPB.java:148) [ozone-manager-1.4.0-SNAPSHOT.jar:?]
	at org.apache.hadoop.ozone.protocol.proto.OzoneManagerProtocolProtos$OzoneManagerService$2.callBlockingMethod(OzoneManagerProtocolProtos.java) [ozone-interface-client-1.4.0-SNAPSHOT.jar:?]
	at org.apache.hadoop.ipc.ProtobufRpcEngine$Server.processCall(ProtobufRpcEngine.java:484) [hadoop-common-3.3.6.jar:?]
	at org.apache.hadoop.ipc.ProtobufRpcEngine2$Server$ProtoBufRpcInvoker.call(ProtobufRpcEngine2.java:595) [hadoop-common-3.3.6.jar:?]
	at org.apache.hadoop.ipc.ProtobufRpcEngine2$Server$ProtoBufRpcInvoker.call(ProtobufRpcEngine2.java:573) [hadoop-common-3.3.6.jar:?]
	at org.apache.hadoop.ipc.RPC$Server.call(RPC.java:1227) [hadoop-common-3.3.6.jar:?]
	at org.apache.hadoop.ipc.Server$RpcCall.run(Server.java:1094) [hadoop-common-3.3.6.jar:?]
	at org.apache.hadoop.ipc.Server$RpcCall.run(Server.java:1017) [hadoop-common-3.3.6.jar:?]
	at java.security.AccessController.doPrivileged(Native Method) ~[?:1.8.0_382]
	at javax.security.auth.Subject.doAs(Subject.java:422) [?:1.8.0_382]
	at org.apache.hadoop.security.UserGroupInformation.doAs(UserGroupInformation.java:1899) [hadoop-common-3.3.6.jar:?]
	at org.apache.hadoop.ipc.Server$Handler.run(Server.java:3048) [hadoop-common-3.3.6.jar:?]
]]></system-out>
  </testcase>
  <testcase name="testNonExplicitlyCreatedPathExistsAfterItsLeafsWereRemoved" classname="TestOzoneFileSystem" time="0.035">
    <system-out><![CDATA[08:54:17.199 [IPC Server handler 5 on default port 15057] ERROR OMAudit - user=runner | ip=127.0.0.1 | op=GET_FILE_STATUS {volume=volume93671, bucket=bucket89282, key=target/leaf, dataSize=0, replicationConfig=null} | ret=FAILURE
org.apache.hadoop.ozone.om.exceptions.OMException: Unable to get file status: volume: volume93671 bucket: bucket89282 key: target/leaf
	at org.apache.hadoop.ozone.om.KeyManagerImpl.getOzoneFileStatus(KeyManagerImpl.java:1195) ~[ozone-manager-1.4.0-SNAPSHOT.jar:?]
	at org.apache.hadoop.ozone.om.KeyManagerImpl.getFileStatus(KeyManagerImpl.java:1113) ~[ozone-manager-1.4.0-SNAPSHOT.jar:?]
	at org.apache.hadoop.ozone.om.OmMetadataReader.getFileStatus(OmMetadataReader.java:262) ~[ozone-manager-1.4.0-SNAPSHOT.jar:?]
	at org.apache.hadoop.ozone.om.OzoneManager.getFileStatus(OzoneManager.java:3530) ~[ozone-manager-1.4.0-SNAPSHOT.jar:?]
	at org.apache.hadoop.ozone.protocolPB.OzoneManagerRequestHandler.getOzoneFileStatus(OzoneManagerRequestHandler.java:971) ~[ozone-manager-1.4.0-SNAPSHOT.jar:?]
	at org.apache.hadoop.ozone.protocolPB.OzoneManagerRequestHandler.handleReadRequest(OzoneManagerRequestHandler.java:250) ~[ozone-manager-1.4.0-SNAPSHOT.jar:?]
	at org.apache.hadoop.ozone.protocolPB.OzoneManagerProtocolServerSideTranslatorPB.submitRequestDirectlyToOM(OzoneManagerProtocolServerSideTranslatorPB.java:274) ~[ozone-manager-1.4.0-SNAPSHOT.jar:?]
	at org.apache.hadoop.ozone.protocolPB.OzoneManagerProtocolServerSideTranslatorPB.processRequest(OzoneManagerProtocolServerSideTranslatorPB.java:175) ~[ozone-manager-1.4.0-SNAPSHOT.jar:?]
	at org.apache.hadoop.hdds.server.OzoneProtocolMessageDispatcher.processRequest(OzoneProtocolMessageDispatcher.java:87) [hdds-server-framework-1.4.0-SNAPSHOT.jar:?]
	at org.apache.hadoop.ozone.protocolPB.OzoneManagerProtocolServerSideTranslatorPB.submitRequest(OzoneManagerProtocolServerSideTranslatorPB.java:148) [ozone-manager-1.4.0-SNAPSHOT.jar:?]
	at org.apache.hadoop.ozone.protocol.proto.OzoneManagerProtocolProtos$OzoneManagerService$2.callBlockingMethod(OzoneManagerProtocolProtos.java) [ozone-interface-client-1.4.0-SNAPSHOT.jar:?]
	at org.apache.hadoop.ipc.ProtobufRpcEngine$Server.processCall(ProtobufRpcEngine.java:484) [hadoop-common-3.3.6.jar:?]
	at org.apache.hadoop.ipc.ProtobufRpcEngine2$Server$ProtoBufRpcInvoker.call(ProtobufRpcEngine2.java:595) [hadoop-common-3.3.6.jar:?]
	at org.apache.hadoop.ipc.ProtobufRpcEngine2$Server$ProtoBufRpcInvoker.call(ProtobufRpcEngine2.java:573) [hadoop-common-3.3.6.jar:?]
	at org.apache.hadoop.ipc.RPC$Server.call(RPC.java:1227) [hadoop-common-3.3.6.jar:?]
	at org.apache.hadoop.ipc.Server$RpcCall.run(Server.java:1094) [hadoop-common-3.3.6.jar:?]
	at org.apache.hadoop.ipc.Server$RpcCall.run(Server.java:1017) [hadoop-common-3.3.6.jar:?]
	at java.security.AccessController.doPrivileged(Native Method) ~[?:1.8.0_382]
	at javax.security.auth.Subject.doAs(Subject.java:422) [?:1.8.0_382]
	at org.apache.hadoop.security.UserGroupInformation.doAs(UserGroupInformation.java:1899) [hadoop-common-3.3.6.jar:?]
	at org.apache.hadoop.ipc.Server$Handler.run(Server.java:3048) [hadoop-common-3.3.6.jar:?]
]]></system-out>
  </testcase>
  <testcase name="testNonExplicitlyCreatedPathExistsAfterItsLeafsWereRemoved" classname="TestOzoneFileSystem" time="0.029">
    <system-out><![CDATA[08:55:41.198 [IPC Server handler 12 on default port 15110] ERROR OMAudit - user=runner | ip=127.0.0.1 | op=GET_FILE_STATUS {volume=volume76246, bucket=bucket29151, key=target/leaf, dataSize=0, replicationConfig=null} | ret=FAILURE
org.apache.hadoop.ozone.om.exceptions.OMException: Unable to get file status: volume: volume76246 bucket: bucket29151 key: target/leaf
	at org.apache.hadoop.ozone.om.KeyManagerImpl.getOzoneFileStatus(KeyManagerImpl.java:1195) ~[ozone-manager-1.4.0-SNAPSHOT.jar:?]
	at org.apache.hadoop.ozone.om.KeyManagerImpl.getFileStatus(KeyManagerImpl.java:1113) ~[ozone-manager-1.4.0-SNAPSHOT.jar:?]
	at org.apache.hadoop.ozone.om.OmMetadataReader.getFileStatus(OmMetadataReader.java:262) ~[ozone-manager-1.4.0-SNAPSHOT.jar:?]
	at org.apache.hadoop.ozone.om.OzoneManager.getFileStatus(OzoneManager.java:3530) ~[ozone-manager-1.4.0-SNAPSHOT.jar:?]
	at org.apache.hadoop.ozone.protocolPB.OzoneManagerRequestHandler.getOzoneFileStatus(OzoneManagerRequestHandler.java:971) ~[ozone-manager-1.4.0-SNAPSHOT.jar:?]
	at org.apache.hadoop.ozone.protocolPB.OzoneManagerRequestHandler.handleReadRequest(OzoneManagerRequestHandler.java:250) ~[ozone-manager-1.4.0-SNAPSHOT.jar:?]
	at org.apache.hadoop.ozone.protocolPB.OzoneManagerProtocolServerSideTranslatorPB.submitReadRequestToOM(OzoneManagerProtocolServerSideTranslatorPB.java:225) ~[ozone-manager-1.4.0-SNAPSHOT.jar:?]
	at org.apache.hadoop.ozone.protocolPB.OzoneManagerProtocolServerSideTranslatorPB.processRequest(OzoneManagerProtocolServerSideTranslatorPB.java:179) ~[ozone-manager-1.4.0-SNAPSHOT.jar:?]
	at org.apache.hadoop.hdds.server.OzoneProtocolMessageDispatcher.processRequest(OzoneProtocolMessageDispatcher.java:87) [hdds-server-framework-1.4.0-SNAPSHOT.jar:?]
	at org.apache.hadoop.ozone.protocolPB.OzoneManagerProtocolServerSideTranslatorPB.submitRequest(OzoneManagerProtocolServerSideTranslatorPB.java:148) [ozone-manager-1.4.0-SNAPSHOT.jar:?]
	at org.apache.hadoop.ozone.protocol.proto.OzoneManagerProtocolProtos$OzoneManagerService$2.callBlockingMethod(OzoneManagerProtocolProtos.java) [ozone-interface-client-1.4.0-SNAPSHOT.jar:?]
	at org.apache.hadoop.ipc.ProtobufRpcEngine$Server.processCall(ProtobufRpcEngine.java:484) [hadoop-common-3.3.6.jar:?]
	at org.apache.hadoop.ipc.ProtobufRpcEngine2$Server$ProtoBufRpcInvoker.call(ProtobufRpcEngine2.java:595) [hadoop-common-3.3.6.jar:?]
	at org.apache.hadoop.ipc.ProtobufRpcEngine2$Server$ProtoBufRpcInvoker.call(ProtobufRpcEngine2.java:573) [hadoop-common-3.3.6.jar:?]
	at org.apache.hadoop.ipc.RPC$Server.call(RPC.java:1227) [hadoop-common-3.3.6.jar:?]
	at org.apache.hadoop.ipc.Server$RpcCall.run(Server.java:1094) [hadoop-common-3.3.6.jar:?]
	at org.apache.hadoop.ipc.Server$RpcCall.run(Server.java:1017) [hadoop-common-3.3.6.jar:?]
	at java.security.AccessController.doPrivileged(Native Method) ~[?:1.8.0_382]
	at javax.security.auth.Subject.doAs(Subject.java:422) [?:1.8.0_382]
	at org.apache.hadoop.security.UserGroupInformation.doAs(UserGroupInformation.java:1899) [hadoop-common-3.3.6.jar:?]
	at org.apache.hadoop.ipc.Server$Handler.run(Server.java:3048) [hadoop-common-3.3.6.jar:?]
]]></system-out>
  </testcase>
  <testcase name="testNonExplicitlyCreatedPathExistsAfterItsLeafsWereRemoved" classname="TestOzoneFileSystem" time="0.022">
    <system-out><![CDATA[08:57:18.526 [IPC Server handler 1 on default port 15163] ERROR OMAudit - user=runner | ip=127.0.0.1 | op=GET_FILE_STATUS {volume=volume04563, bucket=bucket31706, key=target/leaf, dataSize=0, replicationConfig=null} | ret=FAILURE
org.apache.hadoop.ozone.om.exceptions.OMException: Unable to get file status: volume: volume04563 bucket: bucket31706 key: target/leaf
	at org.apache.hadoop.ozone.om.KeyManagerImpl.getOzoneFileStatus(KeyManagerImpl.java:1195) ~[ozone-manager-1.4.0-SNAPSHOT.jar:?]
	at org.apache.hadoop.ozone.om.KeyManagerImpl.getFileStatus(KeyManagerImpl.java:1113) ~[ozone-manager-1.4.0-SNAPSHOT.jar:?]
	at org.apache.hadoop.ozone.om.OmMetadataReader.getFileStatus(OmMetadataReader.java:262) ~[ozone-manager-1.4.0-SNAPSHOT.jar:?]
	at org.apache.hadoop.ozone.om.OzoneManager.getFileStatus(OzoneManager.java:3530) ~[ozone-manager-1.4.0-SNAPSHOT.jar:?]
	at org.apache.hadoop.ozone.protocolPB.OzoneManagerRequestHandler.getOzoneFileStatus(OzoneManagerRequestHandler.java:971) ~[ozone-manager-1.4.0-SNAPSHOT.jar:?]
	at org.apache.hadoop.ozone.protocolPB.OzoneManagerRequestHandler.handleReadRequest(OzoneManagerRequestHandler.java:250) ~[ozone-manager-1.4.0-SNAPSHOT.jar:?]
	at org.apache.hadoop.ozone.protocolPB.OzoneManagerProtocolServerSideTranslatorPB.submitRequestDirectlyToOM(OzoneManagerProtocolServerSideTranslatorPB.java:274) ~[ozone-manager-1.4.0-SNAPSHOT.jar:?]
	at org.apache.hadoop.ozone.protocolPB.OzoneManagerProtocolServerSideTranslatorPB.processRequest(OzoneManagerProtocolServerSideTranslatorPB.java:175) ~[ozone-manager-1.4.0-SNAPSHOT.jar:?]
	at org.apache.hadoop.hdds.server.OzoneProtocolMessageDispatcher.processRequest(OzoneProtocolMessageDispatcher.java:87) [hdds-server-framework-1.4.0-SNAPSHOT.jar:?]
	at org.apache.hadoop.ozone.protocolPB.OzoneManagerProtocolServerSideTranslatorPB.submitRequest(OzoneManagerProtocolServerSideTranslatorPB.java:148) [ozone-manager-1.4.0-SNAPSHOT.jar:?]
	at org.apache.hadoop.ozone.protocol.proto.OzoneManagerProtocolProtos$OzoneManagerService$2.callBlockingMethod(OzoneManagerProtocolProtos.java) [ozone-interface-client-1.4.0-SNAPSHOT.jar:?]
	at org.apache.hadoop.ipc.ProtobufRpcEngine$Server.processCall(ProtobufRpcEngine.java:484) [hadoop-common-3.3.6.jar:?]
	at org.apache.hadoop.ipc.ProtobufRpcEngine2$Server$ProtoBufRpcInvoker.call(ProtobufRpcEngine2.java:595) [hadoop-common-3.3.6.jar:?]
	at org.apache.hadoop.ipc.ProtobufRpcEngine2$Server$ProtoBufRpcInvoker.call(ProtobufRpcEngine2.java:573) [hadoop-common-3.3.6.jar:?]
	at org.apache.hadoop.ipc.RPC$Server.call(RPC.java:1227) [hadoop-common-3.3.6.jar:?]
	at org.apache.hadoop.ipc.Server$RpcCall.run(Server.java:1094) [hadoop-common-3.3.6.jar:?]
	at org.apache.hadoop.ipc.Server$RpcCall.run(Server.java:1017) [hadoop-common-3.3.6.jar:?]
	at java.security.AccessController.doPrivileged(Native Method) ~[?:1.8.0_382]
	at javax.security.auth.Subject.doAs(Subject.java:422) [?:1.8.0_382]
	at org.apache.hadoop.security.UserGroupInformation.doAs(UserGroupInformation.java:1899) [hadoop-common-3.3.6.jar:?]
	at org.apache.hadoop.ipc.Server$Handler.run(Server.java:3048) [hadoop-common-3.3.6.jar:?]
]]></system-out>
  </testcase>
  <testcase name="testCreateFileShouldCheckExistenceOfDirWithSameName" classname="TestOzoneFileSystem" time="0.101">
    <system-out><![CDATA[08:52:25.927 [OM StateMachine ApplyTransaction Thread - 0] ERROR OMAudit - user=runner | ip=127.0.0.1 | op=CREATE_FILE {volume=volume72881, bucket=bucket22361, key=d1/d2/d3/d4/key2, dataSize=4194304, replicationType=RATIS, replicationFactor=THREE} | ret=FAILURE
org.apache.hadoop.ozone.om.exceptions.OMException: Can not write to directory: d1/d2/d3/d4/key2
	at org.apache.hadoop.ozone.om.request.file.OMFileCreateRequest.checkDirectoryResult(OMFileCreateRequest.java:363) ~[ozone-manager-1.4.0-SNAPSHOT.jar:?]
	at org.apache.hadoop.ozone.om.request.file.OMFileCreateRequest.validateAndUpdateCache(OMFileCreateRequest.java:237) ~[ozone-manager-1.4.0-SNAPSHOT.jar:?]
	at org.apache.hadoop.ozone.protocolPB.OzoneManagerRequestHandler.handleWriteRequest(OzoneManagerRequestHandler.java:373) ~[ozone-manager-1.4.0-SNAPSHOT.jar:?]
	at org.apache.hadoop.ozone.om.ratis.OzoneManagerStateMachine.runCommand(OzoneManagerStateMachine.java:568) ~[ozone-manager-1.4.0-SNAPSHOT.jar:?]
	at org.apache.hadoop.ozone.om.ratis.OzoneManagerStateMachine.lambda$1(OzoneManagerStateMachine.java:359) ~[ozone-manager-1.4.0-SNAPSHOT.jar:?]
	at java.util.concurrent.CompletableFuture$AsyncSupply.run(CompletableFuture.java:1604) [?:1.8.0_382]
	at java.util.concurrent.ThreadPoolExecutor.runWorker(ThreadPoolExecutor.java:1149) [?:1.8.0_382]
	at java.util.concurrent.ThreadPoolExecutor$Worker.run(ThreadPoolExecutor.java:624) [?:1.8.0_382]
	at java.lang.Thread.run(Thread.java:750) [?:1.8.0_382]
2023-09-07 08:52:25,929 [OM StateMachine ApplyTransaction Thread - 0] ERROR file.OMFileCreateRequest (OMFileCreateRequest.java:validateAndUpdateCache(336)) - File create failed. Volume:volume72881, Bucket:bucket22361, Keyd1/d2/d3/d4/key2.
NOT_A_FILE org.apache.hadoop.ozone.om.exceptions.OMException: Can not write to directory: d1/d2/d3/d4/key2
	at org.apache.hadoop.ozone.om.request.file.OMFileCreateRequest.checkDirectoryResult(OMFileCreateRequest.java:363)
	at org.apache.hadoop.ozone.om.request.file.OMFileCreateRequest.validateAndUpdateCache(OMFileCreateRequest.java:237)
	at org.apache.hadoop.ozone.protocolPB.OzoneManagerRequestHandler.handleWriteRequest(OzoneManagerRequestHandler.java:373)
	at org.apache.hadoop.ozone.om.ratis.OzoneManagerStateMachine.runCommand(OzoneManagerStateMachine.java:568)
	at org.apache.hadoop.ozone.om.ratis.OzoneManagerStateMachine.lambda$1(OzoneManagerStateMachine.java:359)
	at java.util.concurrent.CompletableFuture$AsyncSupply.run(CompletableFuture.java:1604)
	at java.util.concurrent.ThreadPoolExecutor.runWorker(ThreadPoolExecutor.java:1149)
	at java.util.concurrent.ThreadPoolExecutor$Worker.run(ThreadPoolExecutor.java:624)
	at java.lang.Thread.run(Thread.java:750)
08:52:25.958 [OM StateMachine ApplyTransaction Thread - 0] ERROR OMAudit - user=runner | ip=127.0.0.1 | op=CREATE_DIRECTORY {volume=volume72881, bucket=bucket22361, key=d1/d2/d3/d4/key3, dataSize=0, replicationType=NONE, replicationFactor=ZERO} | ret=FAILURE
org.apache.hadoop.ozone.om.exceptions.OMException: Unable to create directory: d1/d2/d3/d4/key3 in volume/bucket: volume72881/bucket22361
	at org.apache.hadoop.ozone.om.request.file.OMDirectoryCreateRequest.validateAndUpdateCache(OMDirectoryCreateRequest.java:194) ~[ozone-manager-1.4.0-SNAPSHOT.jar:?]
	at org.apache.hadoop.ozone.protocolPB.OzoneManagerRequestHandler.handleWriteRequest(OzoneManagerRequestHandler.java:373) ~[ozone-manager-1.4.0-SNAPSHOT.jar:?]
	at org.apache.hadoop.ozone.om.ratis.OzoneManagerStateMachine.runCommand(OzoneManagerStateMachine.java:568) ~[ozone-manager-1.4.0-SNAPSHOT.jar:?]
	at org.apache.hadoop.ozone.om.ratis.OzoneManagerStateMachine.lambda$1(OzoneManagerStateMachine.java:359) ~[ozone-manager-1.4.0-SNAPSHOT.jar:?]
	at java.util.concurrent.CompletableFuture$AsyncSupply.run(CompletableFuture.java:1604) [?:1.8.0_382]
	at java.util.concurrent.ThreadPoolExecutor.runWorker(ThreadPoolExecutor.java:1149) [?:1.8.0_382]
	at java.util.concurrent.ThreadPoolExecutor$Worker.run(ThreadPoolExecutor.java:624) [?:1.8.0_382]
	at java.lang.Thread.run(Thread.java:750) [?:1.8.0_382]
2023-09-07 08:52:25,959 [OM StateMachine ApplyTransaction Thread - 0] ERROR file.OMDirectoryCreateRequest (OMDirectoryCreateRequest.java:logResult(334)) - Directory creation failed. Volume:volume72881, Bucket:bucket22361, Keyd1/d2/d3/d4/key3. Exception:{}
FILE_ALREADY_EXISTS org.apache.hadoop.ozone.om.exceptions.OMException: Unable to create directory: d1/d2/d3/d4/key3 in volume/bucket: volume72881/bucket22361
	at org.apache.hadoop.ozone.om.request.file.OMDirectoryCreateRequest.validateAndUpdateCache(OMDirectoryCreateRequest.java:194)
	at org.apache.hadoop.ozone.protocolPB.OzoneManagerRequestHandler.handleWriteRequest(OzoneManagerRequestHandler.java:373)
	at org.apache.hadoop.ozone.om.ratis.OzoneManagerStateMachine.runCommand(OzoneManagerStateMachine.java:568)
	at org.apache.hadoop.ozone.om.ratis.OzoneManagerStateMachine.lambda$1(OzoneManagerStateMachine.java:359)
	at java.util.concurrent.CompletableFuture$AsyncSupply.run(CompletableFuture.java:1604)
	at java.util.concurrent.ThreadPoolExecutor.runWorker(ThreadPoolExecutor.java:1149)
	at java.util.concurrent.ThreadPoolExecutor$Worker.run(ThreadPoolExecutor.java:624)
	at java.lang.Thread.run(Thread.java:750)
08:52:25.966 [OM StateMachine ApplyTransaction Thread - 0] ERROR OMAudit - user=runner | ip=127.0.0.1 | op=CREATE_FILE {volume=volume72881, bucket=bucket22361, key=d1/d2/d3, dataSize=4194304, replicationType=RATIS, replicationFactor=THREE} | ret=FAILURE
org.apache.hadoop.ozone.om.exceptions.OMException: Can not write to directory: d1/d2/d3
	at org.apache.hadoop.ozone.om.request.file.OMFileCreateRequest.checkDirectoryResult(OMFileCreateRequest.java:363) ~[ozone-manager-1.4.0-SNAPSHOT.jar:?]
	at org.apache.hadoop.ozone.om.request.file.OMFileCreateRequest.validateAndUpdateCache(OMFileCreateRequest.java:237) ~[ozone-manager-1.4.0-SNAPSHOT.jar:?]
	at org.apache.hadoop.ozone.protocolPB.OzoneManagerRequestHandler.handleWriteRequest(OzoneManagerRequestHandler.java:373) ~[ozone-manager-1.4.0-SNAPSHOT.jar:?]
	at org.apache.hadoop.ozone.om.ratis.OzoneManagerStateMachine.runCommand(OzoneManagerStateMachine.java:568) ~[ozone-manager-1.4.0-SNAPSHOT.jar:?]
	at org.apache.hadoop.ozone.om.ratis.OzoneManagerStateMachine.lambda$1(OzoneManagerStateMachine.java:359) ~[ozone-manager-1.4.0-SNAPSHOT.jar:?]
	at java.util.concurrent.CompletableFuture$AsyncSupply.run(CompletableFuture.java:1604) [?:1.8.0_382]
	at java.util.concurrent.ThreadPoolExecutor.runWorker(ThreadPoolExecutor.java:1149) [?:1.8.0_382]
	at java.util.concurrent.ThreadPoolExecutor$Worker.run(ThreadPoolExecutor.java:624) [?:1.8.0_382]
	at java.lang.Thread.run(Thread.java:750) [?:1.8.0_382]
2023-09-07 08:52:25,966 [OM StateMachine ApplyTransaction Thread - 0] ERROR file.OMFileCreateRequest (OMFileCreateRequest.java:validateAndUpdateCache(336)) - File create failed. Volume:volume72881, Bucket:bucket22361, Keyd1/d2/d3.
NOT_A_FILE org.apache.hadoop.ozone.om.exceptions.OMException: Can not write to directory: d1/d2/d3
	at org.apache.hadoop.ozone.om.request.file.OMFileCreateRequest.checkDirectoryResult(OMFileCreateRequest.java:363)
	at org.apache.hadoop.ozone.om.request.file.OMFileCreateRequest.validateAndUpdateCache(OMFileCreateRequest.java:237)
	at org.apache.hadoop.ozone.protocolPB.OzoneManagerRequestHandler.handleWriteRequest(OzoneManagerRequestHandler.java:373)
	at org.apache.hadoop.ozone.om.ratis.OzoneManagerStateMachine.runCommand(OzoneManagerStateMachine.java:568)
	at org.apache.hadoop.ozone.om.ratis.OzoneManagerStateMachine.lambda$1(OzoneManagerStateMachine.java:359)
	at java.util.concurrent.CompletableFuture$AsyncSupply.run(CompletableFuture.java:1604)
	at java.util.concurrent.ThreadPoolExecutor.runWorker(ThreadPoolExecutor.java:1149)
	at java.util.concurrent.ThreadPoolExecutor$Worker.run(ThreadPoolExecutor.java:624)
	at java.lang.Thread.run(Thread.java:750)
08:52:25.971 [IPC Server handler 17 on default port 15004] ERROR OMAudit - user=runner | ip=127.0.0.1 | op=GET_FILE_STATUS {volume=volume72881, bucket=bucket22361, key=d1/d2/d3/d4/key3/invalid, dataSize=0, replicationConfig=null} | ret=FAILURE
org.apache.hadoop.ozone.om.exceptions.OMException: Unable to get file status: volume: volume72881 bucket: bucket22361 key: d1/d2/d3/d4/key3/invalid
	at org.apache.hadoop.ozone.om.KeyManagerImpl.getOzoneFileStatus(KeyManagerImpl.java:1195) ~[ozone-manager-1.4.0-SNAPSHOT.jar:?]
	at org.apache.hadoop.ozone.om.KeyManagerImpl.getFileStatus(KeyManagerImpl.java:1113) ~[ozone-manager-1.4.0-SNAPSHOT.jar:?]
	at org.apache.hadoop.ozone.om.OmMetadataReader.getFileStatus(OmMetadataReader.java:262) ~[ozone-manager-1.4.0-SNAPSHOT.jar:?]
	at org.apache.hadoop.ozone.om.OzoneManager.getFileStatus(OzoneManager.java:3530) ~[ozone-manager-1.4.0-SNAPSHOT.jar:?]
	at org.apache.hadoop.ozone.protocolPB.OzoneManagerRequestHandler.getOzoneFileStatus(OzoneManagerRequestHandler.java:971) ~[ozone-manager-1.4.0-SNAPSHOT.jar:?]
	at org.apache.hadoop.ozone.protocolPB.OzoneManagerRequestHandler.handleReadRequest(OzoneManagerRequestHandler.java:250) ~[ozone-manager-1.4.0-SNAPSHOT.jar:?]
	at org.apache.hadoop.ozone.protocolPB.OzoneManagerProtocolServerSideTranslatorPB.submitReadRequestToOM(OzoneManagerProtocolServerSideTranslatorPB.java:225) ~[ozone-manager-1.4.0-SNAPSHOT.jar:?]
	at org.apache.hadoop.ozone.protocolPB.OzoneManagerProtocolServerSideTranslatorPB.processRequest(OzoneManagerProtocolServerSideTranslatorPB.java:179) ~[ozone-manager-1.4.0-SNAPSHOT.jar:?]
	at org.apache.hadoop.hdds.server.OzoneProtocolMessageDispatcher.processRequest(OzoneProtocolMessageDispatcher.java:87) [hdds-server-framework-1.4.0-SNAPSHOT.jar:?]
	at org.apache.hadoop.ozone.protocolPB.OzoneManagerProtocolServerSideTranslatorPB.submitRequest(OzoneManagerProtocolServerSideTranslatorPB.java:148) [ozone-manager-1.4.0-SNAPSHOT.jar:?]
	at org.apache.hadoop.ozone.protocol.proto.OzoneManagerProtocolProtos$OzoneManagerService$2.callBlockingMethod(OzoneManagerProtocolProtos.java) [ozone-interface-client-1.4.0-SNAPSHOT.jar:?]
	at org.apache.hadoop.ipc.ProtobufRpcEngine$Server.processCall(ProtobufRpcEngine.java:484) [hadoop-common-3.3.6.jar:?]
	at org.apache.hadoop.ipc.ProtobufRpcEngine2$Server$ProtoBufRpcInvoker.call(ProtobufRpcEngine2.java:595) [hadoop-common-3.3.6.jar:?]
	at org.apache.hadoop.ipc.ProtobufRpcEngine2$Server$ProtoBufRpcInvoker.call(ProtobufRpcEngine2.java:573) [hadoop-common-3.3.6.jar:?]
	at org.apache.hadoop.ipc.RPC$Server.call(RPC.java:1227) [hadoop-common-3.3.6.jar:?]
	at org.apache.hadoop.ipc.Server$RpcCall.run(Server.java:1094) [hadoop-common-3.3.6.jar:?]
	at org.apache.hadoop.ipc.Server$RpcCall.run(Server.java:1017) [hadoop-common-3.3.6.jar:?]
	at java.security.AccessController.doPrivileged(Native Method) ~[?:1.8.0_382]
	at javax.security.auth.Subject.doAs(Subject.java:422) [?:1.8.0_382]
	at org.apache.hadoop.security.UserGroupInformation.doAs(UserGroupInformation.java:1899) [hadoop-common-3.3.6.jar:?]
	at org.apache.hadoop.ipc.Server$Handler.run(Server.java:3048) [hadoop-common-3.3.6.jar:?]
08:52:25.973 [IPC Server handler 0 on default port 15004] ERROR OMAudit - user=runner | ip=127.0.0.1 | op=GET_FILE_STATUS {volume=volume72881, bucket=bucket22361, key=d1/d2/d3/d4/invalidkey, dataSize=0, replicationConfig=null} | ret=FAILURE
org.apache.hadoop.ozone.om.exceptions.OMException: Unable to get file status: volume: volume72881 bucket: bucket22361 key: d1/d2/d3/d4/invalidkey
	at org.apache.hadoop.ozone.om.KeyManagerImpl.getOzoneFileStatus(KeyManagerImpl.java:1195) ~[ozone-manager-1.4.0-SNAPSHOT.jar:?]
	at org.apache.hadoop.ozone.om.KeyManagerImpl.getFileStatus(KeyManagerImpl.java:1113) ~[ozone-manager-1.4.0-SNAPSHOT.jar:?]
	at org.apache.hadoop.ozone.om.OmMetadataReader.getFileStatus(OmMetadataReader.java:262) ~[ozone-manager-1.4.0-SNAPSHOT.jar:?]
	at org.apache.hadoop.ozone.om.OzoneManager.getFileStatus(OzoneManager.java:3530) ~[ozone-manager-1.4.0-SNAPSHOT.jar:?]
	at org.apache.hadoop.ozone.protocolPB.OzoneManagerRequestHandler.getOzoneFileStatus(OzoneManagerRequestHandler.java:971) ~[ozone-manager-1.4.0-SNAPSHOT.jar:?]
	at org.apache.hadoop.ozone.protocolPB.OzoneManagerRequestHandler.handleReadRequest(OzoneManagerRequestHandler.java:250) ~[ozone-manager-1.4.0-SNAPSHOT.jar:?]
	at org.apache.hadoop.ozone.protocolPB.OzoneManagerProtocolServerSideTranslatorPB.submitReadRequestToOM(OzoneManagerProtocolServerSideTranslatorPB.java:225) ~[ozone-manager-1.4.0-SNAPSHOT.jar:?]
	at org.apache.hadoop.ozone.protocolPB.OzoneManagerProtocolServerSideTranslatorPB.processRequest(OzoneManagerProtocolServerSideTranslatorPB.java:179) ~[ozone-manager-1.4.0-SNAPSHOT.jar:?]
	at org.apache.hadoop.hdds.server.OzoneProtocolMessageDispatcher.processRequest(OzoneProtocolMessageDispatcher.java:87) [hdds-server-framework-1.4.0-SNAPSHOT.jar:?]
	at org.apache.hadoop.ozone.protocolPB.OzoneManagerProtocolServerSideTranslatorPB.submitRequest(OzoneManagerProtocolServerSideTranslatorPB.java:148) [ozone-manager-1.4.0-SNAPSHOT.jar:?]
	at org.apache.hadoop.ozone.protocol.proto.OzoneManagerProtocolProtos$OzoneManagerService$2.callBlockingMethod(OzoneManagerProtocolProtos.java) [ozone-interface-client-1.4.0-SNAPSHOT.jar:?]
	at org.apache.hadoop.ipc.ProtobufRpcEngine$Server.processCall(ProtobufRpcEngine.java:484) [hadoop-common-3.3.6.jar:?]
	at org.apache.hadoop.ipc.ProtobufRpcEngine2$Server$ProtoBufRpcInvoker.call(ProtobufRpcEngine2.java:595) [hadoop-common-3.3.6.jar:?]
	at org.apache.hadoop.ipc.ProtobufRpcEngine2$Server$ProtoBufRpcInvoker.call(ProtobufRpcEngine2.java:573) [hadoop-common-3.3.6.jar:?]
	at org.apache.hadoop.ipc.RPC$Server.call(RPC.java:1227) [hadoop-common-3.3.6.jar:?]
	at org.apache.hadoop.ipc.Server$RpcCall.run(Server.java:1094) [hadoop-common-3.3.6.jar:?]
	at org.apache.hadoop.ipc.Server$RpcCall.run(Server.java:1017) [hadoop-common-3.3.6.jar:?]
	at java.security.AccessController.doPrivileged(Native Method) ~[?:1.8.0_382]
	at javax.security.auth.Subject.doAs(Subject.java:422) [?:1.8.0_382]
	at org.apache.hadoop.security.UserGroupInformation.doAs(UserGroupInformation.java:1899) [hadoop-common-3.3.6.jar:?]
	at org.apache.hadoop.ipc.Server$Handler.run(Server.java:3048) [hadoop-common-3.3.6.jar:?]
]]></system-out>
  </testcase>
  <testcase name="testCreateFileShouldCheckExistenceOfDirWithSameName" classname="TestOzoneFileSystem" time="0.038">
    <system-out><![CDATA[08:54:17.234 [IPC Server handler 14 on default port 15057] ERROR OMAudit - user=runner | ip=127.0.0.1 | op=CREATE_FILE {volume=volume93671, bucket=bucket89282, key=d1/d2/d3/d4/key2, dataSize=4194304, replicationType=RATIS, replicationFactor=THREE} | ret=FAILURE
org.apache.hadoop.ozone.om.exceptions.OMException: Can not write to directory: d1/d2/d3/d4/key2
	at org.apache.hadoop.ozone.om.request.file.OMFileCreateRequest.checkDirectoryResult(OMFileCreateRequest.java:363) ~[ozone-manager-1.4.0-SNAPSHOT.jar:?]
	at org.apache.hadoop.ozone.om.request.file.OMFileCreateRequest.validateAndUpdateCache(OMFileCreateRequest.java:237) ~[ozone-manager-1.4.0-SNAPSHOT.jar:?]
	at org.apache.hadoop.ozone.protocolPB.OzoneManagerRequestHandler.handleWriteRequest(OzoneManagerRequestHandler.java:373) ~[ozone-manager-1.4.0-SNAPSHOT.jar:?]
	at org.apache.hadoop.ozone.protocolPB.OzoneManagerProtocolServerSideTranslatorPB.submitRequestDirectlyToOM(OzoneManagerProtocolServerSideTranslatorPB.java:280) ~[ozone-manager-1.4.0-SNAPSHOT.jar:?]
	at org.apache.hadoop.ozone.protocolPB.OzoneManagerProtocolServerSideTranslatorPB.processRequest(OzoneManagerProtocolServerSideTranslatorPB.java:175) ~[ozone-manager-1.4.0-SNAPSHOT.jar:?]
	at org.apache.hadoop.hdds.server.OzoneProtocolMessageDispatcher.processRequest(OzoneProtocolMessageDispatcher.java:87) [hdds-server-framework-1.4.0-SNAPSHOT.jar:?]
	at org.apache.hadoop.ozone.protocolPB.OzoneManagerProtocolServerSideTranslatorPB.submitRequest(OzoneManagerProtocolServerSideTranslatorPB.java:148) [ozone-manager-1.4.0-SNAPSHOT.jar:?]
	at org.apache.hadoop.ozone.protocol.proto.OzoneManagerProtocolProtos$OzoneManagerService$2.callBlockingMethod(OzoneManagerProtocolProtos.java) [ozone-interface-client-1.4.0-SNAPSHOT.jar:?]
	at org.apache.hadoop.ipc.ProtobufRpcEngine$Server.processCall(ProtobufRpcEngine.java:484) [hadoop-common-3.3.6.jar:?]
	at org.apache.hadoop.ipc.ProtobufRpcEngine2$Server$ProtoBufRpcInvoker.call(ProtobufRpcEngine2.java:595) [hadoop-common-3.3.6.jar:?]
	at org.apache.hadoop.ipc.ProtobufRpcEngine2$Server$ProtoBufRpcInvoker.call(ProtobufRpcEngine2.java:573) [hadoop-common-3.3.6.jar:?]
	at org.apache.hadoop.ipc.RPC$Server.call(RPC.java:1227) [hadoop-common-3.3.6.jar:?]
	at org.apache.hadoop.ipc.Server$RpcCall.run(Server.java:1094) [hadoop-common-3.3.6.jar:?]
	at org.apache.hadoop.ipc.Server$RpcCall.run(Server.java:1017) [hadoop-common-3.3.6.jar:?]
	at java.security.AccessController.doPrivileged(Native Method) ~[?:1.8.0_382]
	at javax.security.auth.Subject.doAs(Subject.java:422) [?:1.8.0_382]
	at org.apache.hadoop.security.UserGroupInformation.doAs(UserGroupInformation.java:1899) [hadoop-common-3.3.6.jar:?]
	at org.apache.hadoop.ipc.Server$Handler.run(Server.java:3048) [hadoop-common-3.3.6.jar:?]
2023-09-07 08:54:17,234 [IPC Server handler 14 on default port 15057] ERROR file.OMFileCreateRequest (OMFileCreateRequest.java:validateAndUpdateCache(336)) - File create failed. Volume:volume93671, Bucket:bucket89282, Keyd1/d2/d3/d4/key2.
NOT_A_FILE org.apache.hadoop.ozone.om.exceptions.OMException: Can not write to directory: d1/d2/d3/d4/key2
	at org.apache.hadoop.ozone.om.request.file.OMFileCreateRequest.checkDirectoryResult(OMFileCreateRequest.java:363)
	at org.apache.hadoop.ozone.om.request.file.OMFileCreateRequest.validateAndUpdateCache(OMFileCreateRequest.java:237)
	at org.apache.hadoop.ozone.protocolPB.OzoneManagerRequestHandler.handleWriteRequest(OzoneManagerRequestHandler.java:373)
	at org.apache.hadoop.ozone.protocolPB.OzoneManagerProtocolServerSideTranslatorPB.submitRequestDirectlyToOM(OzoneManagerProtocolServerSideTranslatorPB.java:280)
	at org.apache.hadoop.ozone.protocolPB.OzoneManagerProtocolServerSideTranslatorPB.processRequest(OzoneManagerProtocolServerSideTranslatorPB.java:175)
	at org.apache.hadoop.hdds.server.OzoneProtocolMessageDispatcher.processRequest(OzoneProtocolMessageDispatcher.java:87)
	at org.apache.hadoop.ozone.protocolPB.OzoneManagerProtocolServerSideTranslatorPB.submitRequest(OzoneManagerProtocolServerSideTranslatorPB.java:148)
	at org.apache.hadoop.ozone.protocol.proto.OzoneManagerProtocolProtos$OzoneManagerService$2.callBlockingMethod(OzoneManagerProtocolProtos.java)
	at org.apache.hadoop.ipc.ProtobufRpcEngine$Server.processCall(ProtobufRpcEngine.java:484)
	at org.apache.hadoop.ipc.ProtobufRpcEngine2$Server$ProtoBufRpcInvoker.call(ProtobufRpcEngine2.java:595)
	at org.apache.hadoop.ipc.ProtobufRpcEngine2$Server$ProtoBufRpcInvoker.call(ProtobufRpcEngine2.java:573)
	at org.apache.hadoop.ipc.RPC$Server.call(RPC.java:1227)
	at org.apache.hadoop.ipc.Server$RpcCall.run(Server.java:1094)
	at org.apache.hadoop.ipc.Server$RpcCall.run(Server.java:1017)
	at java.security.AccessController.doPrivileged(Native Method)
	at javax.security.auth.Subject.doAs(Subject.java:422)
	at org.apache.hadoop.security.UserGroupInformation.doAs(UserGroupInformation.java:1899)
	at org.apache.hadoop.ipc.Server$Handler.run(Server.java:3048)
08:54:17.241 [IPC Server handler 11 on default port 15057] ERROR OMAudit - user=runner | ip=127.0.0.1 | op=CREATE_DIRECTORY {volume=volume93671, bucket=bucket89282, key=d1/d2/d3/d4/key3, dataSize=0, replicationType=NONE, replicationFactor=ZERO} | ret=FAILURE
org.apache.hadoop.ozone.om.exceptions.OMException: Unable to create directory: d1/d2/d3/d4/key3 in volume/bucket: volume93671/bucket89282
	at org.apache.hadoop.ozone.om.request.file.OMDirectoryCreateRequest.validateAndUpdateCache(OMDirectoryCreateRequest.java:194) ~[ozone-manager-1.4.0-SNAPSHOT.jar:?]
	at org.apache.hadoop.ozone.protocolPB.OzoneManagerRequestHandler.handleWriteRequest(OzoneManagerRequestHandler.java:373) ~[ozone-manager-1.4.0-SNAPSHOT.jar:?]
	at org.apache.hadoop.ozone.protocolPB.OzoneManagerProtocolServerSideTranslatorPB.submitRequestDirectlyToOM(OzoneManagerProtocolServerSideTranslatorPB.java:280) ~[ozone-manager-1.4.0-SNAPSHOT.jar:?]
	at org.apache.hadoop.ozone.protocolPB.OzoneManagerProtocolServerSideTranslatorPB.processRequest(OzoneManagerProtocolServerSideTranslatorPB.java:175) ~[ozone-manager-1.4.0-SNAPSHOT.jar:?]
	at org.apache.hadoop.hdds.server.OzoneProtocolMessageDispatcher.processRequest(OzoneProtocolMessageDispatcher.java:87) [hdds-server-framework-1.4.0-SNAPSHOT.jar:?]
	at org.apache.hadoop.ozone.protocolPB.OzoneManagerProtocolServerSideTranslatorPB.submitRequest(OzoneManagerProtocolServerSideTranslatorPB.java:148) [ozone-manager-1.4.0-SNAPSHOT.jar:?]
	at org.apache.hadoop.ozone.protocol.proto.OzoneManagerProtocolProtos$OzoneManagerService$2.callBlockingMethod(OzoneManagerProtocolProtos.java) [ozone-interface-client-1.4.0-SNAPSHOT.jar:?]
	at org.apache.hadoop.ipc.ProtobufRpcEngine$Server.processCall(ProtobufRpcEngine.java:484) [hadoop-common-3.3.6.jar:?]
	at org.apache.hadoop.ipc.ProtobufRpcEngine2$Server$ProtoBufRpcInvoker.call(ProtobufRpcEngine2.java:595) [hadoop-common-3.3.6.jar:?]
	at org.apache.hadoop.ipc.ProtobufRpcEngine2$Server$ProtoBufRpcInvoker.call(ProtobufRpcEngine2.java:573) [hadoop-common-3.3.6.jar:?]
	at org.apache.hadoop.ipc.RPC$Server.call(RPC.java:1227) [hadoop-common-3.3.6.jar:?]
	at org.apache.hadoop.ipc.Server$RpcCall.run(Server.java:1094) [hadoop-common-3.3.6.jar:?]
	at org.apache.hadoop.ipc.Server$RpcCall.run(Server.java:1017) [hadoop-common-3.3.6.jar:?]
	at java.security.AccessController.doPrivileged(Native Method) ~[?:1.8.0_382]
	at javax.security.auth.Subject.doAs(Subject.java:422) [?:1.8.0_382]
	at org.apache.hadoop.security.UserGroupInformation.doAs(UserGroupInformation.java:1899) [hadoop-common-3.3.6.jar:?]
	at org.apache.hadoop.ipc.Server$Handler.run(Server.java:3048) [hadoop-common-3.3.6.jar:?]
2023-09-07 08:54:17,241 [IPC Server handler 11 on default port 15057] ERROR file.OMDirectoryCreateRequest (OMDirectoryCreateRequest.java:logResult(334)) - Directory creation failed. Volume:volume93671, Bucket:bucket89282, Keyd1/d2/d3/d4/key3. Exception:{}
FILE_ALREADY_EXISTS org.apache.hadoop.ozone.om.exceptions.OMException: Unable to create directory: d1/d2/d3/d4/key3 in volume/bucket: volume93671/bucket89282
	at org.apache.hadoop.ozone.om.request.file.OMDirectoryCreateRequest.validateAndUpdateCache(OMDirectoryCreateRequest.java:194)
	at org.apache.hadoop.ozone.protocolPB.OzoneManagerRequestHandler.handleWriteRequest(OzoneManagerRequestHandler.java:373)
	at org.apache.hadoop.ozone.protocolPB.OzoneManagerProtocolServerSideTranslatorPB.submitRequestDirectlyToOM(OzoneManagerProtocolServerSideTranslatorPB.java:280)
	at org.apache.hadoop.ozone.protocolPB.OzoneManagerProtocolServerSideTranslatorPB.processRequest(OzoneManagerProtocolServerSideTranslatorPB.java:175)
	at org.apache.hadoop.hdds.server.OzoneProtocolMessageDispatcher.processRequest(OzoneProtocolMessageDispatcher.java:87)
	at org.apache.hadoop.ozone.protocolPB.OzoneManagerProtocolServerSideTranslatorPB.submitRequest(OzoneManagerProtocolServerSideTranslatorPB.java:148)
	at org.apache.hadoop.ozone.protocol.proto.OzoneManagerProtocolProtos$OzoneManagerService$2.callBlockingMethod(OzoneManagerProtocolProtos.java)
	at org.apache.hadoop.ipc.ProtobufRpcEngine$Server.processCall(ProtobufRpcEngine.java:484)
	at org.apache.hadoop.ipc.ProtobufRpcEngine2$Server$ProtoBufRpcInvoker.call(ProtobufRpcEngine2.java:595)
	at org.apache.hadoop.ipc.ProtobufRpcEngine2$Server$ProtoBufRpcInvoker.call(ProtobufRpcEngine2.java:573)
	at org.apache.hadoop.ipc.RPC$Server.call(RPC.java:1227)
	at org.apache.hadoop.ipc.Server$RpcCall.run(Server.java:1094)
	at org.apache.hadoop.ipc.Server$RpcCall.run(Server.java:1017)
	at java.security.AccessController.doPrivileged(Native Method)
	at javax.security.auth.Subject.doAs(Subject.java:422)
	at org.apache.hadoop.security.UserGroupInformation.doAs(UserGroupInformation.java:1899)
	at org.apache.hadoop.ipc.Server$Handler.run(Server.java:3048)
08:54:17.244 [IPC Server handler 16 on default port 15057] ERROR OMAudit - user=runner | ip=127.0.0.1 | op=CREATE_FILE {volume=volume93671, bucket=bucket89282, key=d1/d2/d3, dataSize=4194304, replicationType=RATIS, replicationFactor=THREE} | ret=FAILURE
org.apache.hadoop.ozone.om.exceptions.OMException: Can not write to directory: d1/d2/d3
	at org.apache.hadoop.ozone.om.request.file.OMFileCreateRequest.checkDirectoryResult(OMFileCreateRequest.java:363) ~[ozone-manager-1.4.0-SNAPSHOT.jar:?]
	at org.apache.hadoop.ozone.om.request.file.OMFileCreateRequest.validateAndUpdateCache(OMFileCreateRequest.java:237) ~[ozone-manager-1.4.0-SNAPSHOT.jar:?]
	at org.apache.hadoop.ozone.protocolPB.OzoneManagerRequestHandler.handleWriteRequest(OzoneManagerRequestHandler.java:373) ~[ozone-manager-1.4.0-SNAPSHOT.jar:?]
	at org.apache.hadoop.ozone.protocolPB.OzoneManagerProtocolServerSideTranslatorPB.submitRequestDirectlyToOM(OzoneManagerProtocolServerSideTranslatorPB.java:280) ~[ozone-manager-1.4.0-SNAPSHOT.jar:?]
	at org.apache.hadoop.ozone.protocolPB.OzoneManagerProtocolServerSideTranslatorPB.processRequest(OzoneManagerProtocolServerSideTranslatorPB.java:175) ~[ozone-manager-1.4.0-SNAPSHOT.jar:?]
	at org.apache.hadoop.hdds.server.OzoneProtocolMessageDispatcher.processRequest(OzoneProtocolMessageDispatcher.java:87) [hdds-server-framework-1.4.0-SNAPSHOT.jar:?]
	at org.apache.hadoop.ozone.protocolPB.OzoneManagerProtocolServerSideTranslatorPB.submitRequest(OzoneManagerProtocolServerSideTranslatorPB.java:148) [ozone-manager-1.4.0-SNAPSHOT.jar:?]
	at org.apache.hadoop.ozone.protocol.proto.OzoneManagerProtocolProtos$OzoneManagerService$2.callBlockingMethod(OzoneManagerProtocolProtos.java) [ozone-interface-client-1.4.0-SNAPSHOT.jar:?]
	at org.apache.hadoop.ipc.ProtobufRpcEngine$Server.processCall(ProtobufRpcEngine.java:484) [hadoop-common-3.3.6.jar:?]
	at org.apache.hadoop.ipc.ProtobufRpcEngine2$Server$ProtoBufRpcInvoker.call(ProtobufRpcEngine2.java:595) [hadoop-common-3.3.6.jar:?]
	at org.apache.hadoop.ipc.ProtobufRpcEngine2$Server$ProtoBufRpcInvoker.call(ProtobufRpcEngine2.java:573) [hadoop-common-3.3.6.jar:?]
	at org.apache.hadoop.ipc.RPC$Server.call(RPC.java:1227) [hadoop-common-3.3.6.jar:?]
	at org.apache.hadoop.ipc.Server$RpcCall.run(Server.java:1094) [hadoop-common-3.3.6.jar:?]
	at org.apache.hadoop.ipc.Server$RpcCall.run(Server.java:1017) [hadoop-common-3.3.6.jar:?]
	at java.security.AccessController.doPrivileged(Native Method) ~[?:1.8.0_382]
	at javax.security.auth.Subject.doAs(Subject.java:422) [?:1.8.0_382]
	at org.apache.hadoop.security.UserGroupInformation.doAs(UserGroupInformation.java:1899) [hadoop-common-3.3.6.jar:?]
	at org.apache.hadoop.ipc.Server$Handler.run(Server.java:3048) [hadoop-common-3.3.6.jar:?]
2023-09-07 08:54:17,244 [IPC Server handler 16 on default port 15057] ERROR file.OMFileCreateRequest (OMFileCreateRequest.java:validateAndUpdateCache(336)) - File create failed. Volume:volume93671, Bucket:bucket89282, Keyd1/d2/d3.
NOT_A_FILE org.apache.hadoop.ozone.om.exceptions.OMException: Can not write to directory: d1/d2/d3
	at org.apache.hadoop.ozone.om.request.file.OMFileCreateRequest.checkDirectoryResult(OMFileCreateRequest.java:363)
	at org.apache.hadoop.ozone.om.request.file.OMFileCreateRequest.validateAndUpdateCache(OMFileCreateRequest.java:237)
	at org.apache.hadoop.ozone.protocolPB.OzoneManagerRequestHandler.handleWriteRequest(OzoneManagerRequestHandler.java:373)
	at org.apache.hadoop.ozone.protocolPB.OzoneManagerProtocolServerSideTranslatorPB.submitRequestDirectlyToOM(OzoneManagerProtocolServerSideTranslatorPB.java:280)
	at org.apache.hadoop.ozone.protocolPB.OzoneManagerProtocolServerSideTranslatorPB.processRequest(OzoneManagerProtocolServerSideTranslatorPB.java:175)
	at org.apache.hadoop.hdds.server.OzoneProtocolMessageDispatcher.processRequest(OzoneProtocolMessageDispatcher.java:87)
	at org.apache.hadoop.ozone.protocolPB.OzoneManagerProtocolServerSideTranslatorPB.submitRequest(OzoneManagerProtocolServerSideTranslatorPB.java:148)
	at org.apache.hadoop.ozone.protocol.proto.OzoneManagerProtocolProtos$OzoneManagerService$2.callBlockingMethod(OzoneManagerProtocolProtos.java)
	at org.apache.hadoop.ipc.ProtobufRpcEngine$Server.processCall(ProtobufRpcEngine.java:484)
	at org.apache.hadoop.ipc.ProtobufRpcEngine2$Server$ProtoBufRpcInvoker.call(ProtobufRpcEngine2.java:595)
	at org.apache.hadoop.ipc.ProtobufRpcEngine2$Server$ProtoBufRpcInvoker.call(ProtobufRpcEngine2.java:573)
	at org.apache.hadoop.ipc.RPC$Server.call(RPC.java:1227)
	at org.apache.hadoop.ipc.Server$RpcCall.run(Server.java:1094)
	at org.apache.hadoop.ipc.Server$RpcCall.run(Server.java:1017)
	at java.security.AccessController.doPrivileged(Native Method)
	at javax.security.auth.Subject.doAs(Subject.java:422)
	at org.apache.hadoop.security.UserGroupInformation.doAs(UserGroupInformation.java:1899)
	at org.apache.hadoop.ipc.Server$Handler.run(Server.java:3048)
08:54:17.248 [IPC Server handler 17 on default port 15057] ERROR OMAudit - user=runner | ip=127.0.0.1 | op=GET_FILE_STATUS {volume=volume93671, bucket=bucket89282, key=d1/d2/d3/d4/key3/invalid, dataSize=0, replicationConfig=null} | ret=FAILURE
org.apache.hadoop.ozone.om.exceptions.OMException: Unable to get file status: volume: volume93671 bucket: bucket89282 key: d1/d2/d3/d4/key3/invalid
	at org.apache.hadoop.ozone.om.KeyManagerImpl.getOzoneFileStatus(KeyManagerImpl.java:1195) ~[ozone-manager-1.4.0-SNAPSHOT.jar:?]
	at org.apache.hadoop.ozone.om.KeyManagerImpl.getFileStatus(KeyManagerImpl.java:1113) ~[ozone-manager-1.4.0-SNAPSHOT.jar:?]
	at org.apache.hadoop.ozone.om.OmMetadataReader.getFileStatus(OmMetadataReader.java:262) ~[ozone-manager-1.4.0-SNAPSHOT.jar:?]
	at org.apache.hadoop.ozone.om.OzoneManager.getFileStatus(OzoneManager.java:3530) ~[ozone-manager-1.4.0-SNAPSHOT.jar:?]
	at org.apache.hadoop.ozone.protocolPB.OzoneManagerRequestHandler.getOzoneFileStatus(OzoneManagerRequestHandler.java:971) ~[ozone-manager-1.4.0-SNAPSHOT.jar:?]
	at org.apache.hadoop.ozone.protocolPB.OzoneManagerRequestHandler.handleReadRequest(OzoneManagerRequestHandler.java:250) ~[ozone-manager-1.4.0-SNAPSHOT.jar:?]
	at org.apache.hadoop.ozone.protocolPB.OzoneManagerProtocolServerSideTranslatorPB.submitRequestDirectlyToOM(OzoneManagerProtocolServerSideTranslatorPB.java:274) ~[ozone-manager-1.4.0-SNAPSHOT.jar:?]
	at org.apache.hadoop.ozone.protocolPB.OzoneManagerProtocolServerSideTranslatorPB.processRequest(OzoneManagerProtocolServerSideTranslatorPB.java:175) ~[ozone-manager-1.4.0-SNAPSHOT.jar:?]
	at org.apache.hadoop.hdds.server.OzoneProtocolMessageDispatcher.processRequest(OzoneProtocolMessageDispatcher.java:87) [hdds-server-framework-1.4.0-SNAPSHOT.jar:?]
	at org.apache.hadoop.ozone.protocolPB.OzoneManagerProtocolServerSideTranslatorPB.submitRequest(OzoneManagerProtocolServerSideTranslatorPB.java:148) [ozone-manager-1.4.0-SNAPSHOT.jar:?]
	at org.apache.hadoop.ozone.protocol.proto.OzoneManagerProtocolProtos$OzoneManagerService$2.callBlockingMethod(OzoneManagerProtocolProtos.java) [ozone-interface-client-1.4.0-SNAPSHOT.jar:?]
	at org.apache.hadoop.ipc.ProtobufRpcEngine$Server.processCall(ProtobufRpcEngine.java:484) [hadoop-common-3.3.6.jar:?]
	at org.apache.hadoop.ipc.ProtobufRpcEngine2$Server$ProtoBufRpcInvoker.call(ProtobufRpcEngine2.java:595) [hadoop-common-3.3.6.jar:?]
	at org.apache.hadoop.ipc.ProtobufRpcEngine2$Server$ProtoBufRpcInvoker.call(ProtobufRpcEngine2.java:573) [hadoop-common-3.3.6.jar:?]
	at org.apache.hadoop.ipc.RPC$Server.call(RPC.java:1227) [hadoop-common-3.3.6.jar:?]
	at org.apache.hadoop.ipc.Server$RpcCall.run(Server.java:1094) [hadoop-common-3.3.6.jar:?]
	at org.apache.hadoop.ipc.Server$RpcCall.run(Server.java:1017) [hadoop-common-3.3.6.jar:?]
	at java.security.AccessController.doPrivileged(Native Method) ~[?:1.8.0_382]
	at javax.security.auth.Subject.doAs(Subject.java:422) [?:1.8.0_382]
	at org.apache.hadoop.security.UserGroupInformation.doAs(UserGroupInformation.java:1899) [hadoop-common-3.3.6.jar:?]
	at org.apache.hadoop.ipc.Server$Handler.run(Server.java:3048) [hadoop-common-3.3.6.jar:?]
08:54:17.250 [IPC Server handler 18 on default port 15057] ERROR OMAudit - user=runner | ip=127.0.0.1 | op=GET_FILE_STATUS {volume=volume93671, bucket=bucket89282, key=d1/d2/d3/d4/invalidkey, dataSize=0, replicationConfig=null} | ret=FAILURE
org.apache.hadoop.ozone.om.exceptions.OMException: Unable to get file status: volume: volume93671 bucket: bucket89282 key: d1/d2/d3/d4/invalidkey
	at org.apache.hadoop.ozone.om.KeyManagerImpl.getOzoneFileStatus(KeyManagerImpl.java:1195) ~[ozone-manager-1.4.0-SNAPSHOT.jar:?]
	at org.apache.hadoop.ozone.om.KeyManagerImpl.getFileStatus(KeyManagerImpl.java:1113) ~[ozone-manager-1.4.0-SNAPSHOT.jar:?]
	at org.apache.hadoop.ozone.om.OmMetadataReader.getFileStatus(OmMetadataReader.java:262) ~[ozone-manager-1.4.0-SNAPSHOT.jar:?]
	at org.apache.hadoop.ozone.om.OzoneManager.getFileStatus(OzoneManager.java:3530) ~[ozone-manager-1.4.0-SNAPSHOT.jar:?]
	at org.apache.hadoop.ozone.protocolPB.OzoneManagerRequestHandler.getOzoneFileStatus(OzoneManagerRequestHandler.java:971) ~[ozone-manager-1.4.0-SNAPSHOT.jar:?]
	at org.apache.hadoop.ozone.protocolPB.OzoneManagerRequestHandler.handleReadRequest(OzoneManagerRequestHandler.java:250) ~[ozone-manager-1.4.0-SNAPSHOT.jar:?]
	at org.apache.hadoop.ozone.protocolPB.OzoneManagerProtocolServerSideTranslatorPB.submitRequestDirectlyToOM(OzoneManagerProtocolServerSideTranslatorPB.java:274) ~[ozone-manager-1.4.0-SNAPSHOT.jar:?]
	at org.apache.hadoop.ozone.protocolPB.OzoneManagerProtocolServerSideTranslatorPB.processRequest(OzoneManagerProtocolServerSideTranslatorPB.java:175) ~[ozone-manager-1.4.0-SNAPSHOT.jar:?]
	at org.apache.hadoop.hdds.server.OzoneProtocolMessageDispatcher.processRequest(OzoneProtocolMessageDispatcher.java:87) [hdds-server-framework-1.4.0-SNAPSHOT.jar:?]
	at org.apache.hadoop.ozone.protocolPB.OzoneManagerProtocolServerSideTranslatorPB.submitRequest(OzoneManagerProtocolServerSideTranslatorPB.java:148) [ozone-manager-1.4.0-SNAPSHOT.jar:?]
	at org.apache.hadoop.ozone.protocol.proto.OzoneManagerProtocolProtos$OzoneManagerService$2.callBlockingMethod(OzoneManagerProtocolProtos.java) [ozone-interface-client-1.4.0-SNAPSHOT.jar:?]
	at org.apache.hadoop.ipc.ProtobufRpcEngine$Server.processCall(ProtobufRpcEngine.java:484) [hadoop-common-3.3.6.jar:?]
	at org.apache.hadoop.ipc.ProtobufRpcEngine2$Server$ProtoBufRpcInvoker.call(ProtobufRpcEngine2.java:595) [hadoop-common-3.3.6.jar:?]
	at org.apache.hadoop.ipc.ProtobufRpcEngine2$Server$ProtoBufRpcInvoker.call(ProtobufRpcEngine2.java:573) [hadoop-common-3.3.6.jar:?]
	at org.apache.hadoop.ipc.RPC$Server.call(RPC.java:1227) [hadoop-common-3.3.6.jar:?]
	at org.apache.hadoop.ipc.Server$RpcCall.run(Server.java:1094) [hadoop-common-3.3.6.jar:?]
	at org.apache.hadoop.ipc.Server$RpcCall.run(Server.java:1017) [hadoop-common-3.3.6.jar:?]
	at java.security.AccessController.doPrivileged(Native Method) ~[?:1.8.0_382]
	at javax.security.auth.Subject.doAs(Subject.java:422) [?:1.8.0_382]
	at org.apache.hadoop.security.UserGroupInformation.doAs(UserGroupInformation.java:1899) [hadoop-common-3.3.6.jar:?]
	at org.apache.hadoop.ipc.Server$Handler.run(Server.java:3048) [hadoop-common-3.3.6.jar:?]
]]></system-out>
  </testcase>
  <testcase name="testCreateFileShouldCheckExistenceOfDirWithSameName" classname="TestOzoneFileSystem" time="0.047">
    <system-out><![CDATA[08:55:41.236 [OM StateMachine ApplyTransaction Thread - 0] ERROR OMAudit - user=runner | ip=127.0.0.1 | op=CREATE_FILE {volume=volume76246, bucket=bucket29151, key=d1/d2/d3/d4/key2, dataSize=4194304, replicationType=RATIS, replicationFactor=THREE} | ret=FAILURE
org.apache.hadoop.ozone.om.exceptions.OMException: Can not write to directory: d1/d2/d3/d4/key2
	at org.apache.hadoop.ozone.om.request.file.OMFileCreateRequest.checkDirectoryResult(OMFileCreateRequest.java:363) ~[ozone-manager-1.4.0-SNAPSHOT.jar:?]
	at org.apache.hadoop.ozone.om.request.file.OMFileCreateRequest.validateAndUpdateCache(OMFileCreateRequest.java:237) ~[ozone-manager-1.4.0-SNAPSHOT.jar:?]
	at org.apache.hadoop.ozone.protocolPB.OzoneManagerRequestHandler.handleWriteRequest(OzoneManagerRequestHandler.java:373) ~[ozone-manager-1.4.0-SNAPSHOT.jar:?]
	at org.apache.hadoop.ozone.om.ratis.OzoneManagerStateMachine.runCommand(OzoneManagerStateMachine.java:568) ~[ozone-manager-1.4.0-SNAPSHOT.jar:?]
	at org.apache.hadoop.ozone.om.ratis.OzoneManagerStateMachine.lambda$1(OzoneManagerStateMachine.java:359) ~[ozone-manager-1.4.0-SNAPSHOT.jar:?]
	at java.util.concurrent.CompletableFuture$AsyncSupply.run(CompletableFuture.java:1604) [?:1.8.0_382]
	at java.util.concurrent.ThreadPoolExecutor.runWorker(ThreadPoolExecutor.java:1149) [?:1.8.0_382]
	at java.util.concurrent.ThreadPoolExecutor$Worker.run(ThreadPoolExecutor.java:624) [?:1.8.0_382]
	at java.lang.Thread.run(Thread.java:750) [?:1.8.0_382]
2023-09-07 08:55:41,236 [OM StateMachine ApplyTransaction Thread - 0] ERROR file.OMFileCreateRequest (OMFileCreateRequest.java:validateAndUpdateCache(336)) - File create failed. Volume:volume76246, Bucket:bucket29151, Keyd1/d2/d3/d4/key2.
NOT_A_FILE org.apache.hadoop.ozone.om.exceptions.OMException: Can not write to directory: d1/d2/d3/d4/key2
	at org.apache.hadoop.ozone.om.request.file.OMFileCreateRequest.checkDirectoryResult(OMFileCreateRequest.java:363)
	at org.apache.hadoop.ozone.om.request.file.OMFileCreateRequest.validateAndUpdateCache(OMFileCreateRequest.java:237)
	at org.apache.hadoop.ozone.protocolPB.OzoneManagerRequestHandler.handleWriteRequest(OzoneManagerRequestHandler.java:373)
	at org.apache.hadoop.ozone.om.ratis.OzoneManagerStateMachine.runCommand(OzoneManagerStateMachine.java:568)
	at org.apache.hadoop.ozone.om.ratis.OzoneManagerStateMachine.lambda$1(OzoneManagerStateMachine.java:359)
	at java.util.concurrent.CompletableFuture$AsyncSupply.run(CompletableFuture.java:1604)
	at java.util.concurrent.ThreadPoolExecutor.runWorker(ThreadPoolExecutor.java:1149)
	at java.util.concurrent.ThreadPoolExecutor$Worker.run(ThreadPoolExecutor.java:624)
	at java.lang.Thread.run(Thread.java:750)
08:55:41.246 [OM StateMachine ApplyTransaction Thread - 0] ERROR OMAudit - user=runner | ip=127.0.0.1 | op=CREATE_DIRECTORY {volume=volume76246, bucket=bucket29151, key=d1/d2/d3/d4/key3, dataSize=0, replicationType=NONE, replicationFactor=ZERO} | ret=FAILURE
org.apache.hadoop.ozone.om.exceptions.OMException: Unable to create directory: d1/d2/d3/d4/key3 in volume/bucket: volume76246/bucket29151
	at org.apache.hadoop.ozone.om.request.file.OMDirectoryCreateRequest.validateAndUpdateCache(OMDirectoryCreateRequest.java:194) ~[ozone-manager-1.4.0-SNAPSHOT.jar:?]
	at org.apache.hadoop.ozone.protocolPB.OzoneManagerRequestHandler.handleWriteRequest(OzoneManagerRequestHandler.java:373) ~[ozone-manager-1.4.0-SNAPSHOT.jar:?]
	at org.apache.hadoop.ozone.om.ratis.OzoneManagerStateMachine.runCommand(OzoneManagerStateMachine.java:568) ~[ozone-manager-1.4.0-SNAPSHOT.jar:?]
	at org.apache.hadoop.ozone.om.ratis.OzoneManagerStateMachine.lambda$1(OzoneManagerStateMachine.java:359) ~[ozone-manager-1.4.0-SNAPSHOT.jar:?]
	at java.util.concurrent.CompletableFuture$AsyncSupply.run(CompletableFuture.java:1604) [?:1.8.0_382]
	at java.util.concurrent.ThreadPoolExecutor.runWorker(ThreadPoolExecutor.java:1149) [?:1.8.0_382]
	at java.util.concurrent.ThreadPoolExecutor$Worker.run(ThreadPoolExecutor.java:624) [?:1.8.0_382]
	at java.lang.Thread.run(Thread.java:750) [?:1.8.0_382]
2023-09-07 08:55:41,246 [OM StateMachine ApplyTransaction Thread - 0] ERROR file.OMDirectoryCreateRequest (OMDirectoryCreateRequest.java:logResult(334)) - Directory creation failed. Volume:volume76246, Bucket:bucket29151, Keyd1/d2/d3/d4/key3. Exception:{}
FILE_ALREADY_EXISTS org.apache.hadoop.ozone.om.exceptions.OMException: Unable to create directory: d1/d2/d3/d4/key3 in volume/bucket: volume76246/bucket29151
	at org.apache.hadoop.ozone.om.request.file.OMDirectoryCreateRequest.validateAndUpdateCache(OMDirectoryCreateRequest.java:194)
	at org.apache.hadoop.ozone.protocolPB.OzoneManagerRequestHandler.handleWriteRequest(OzoneManagerRequestHandler.java:373)
	at org.apache.hadoop.ozone.om.ratis.OzoneManagerStateMachine.runCommand(OzoneManagerStateMachine.java:568)
	at org.apache.hadoop.ozone.om.ratis.OzoneManagerStateMachine.lambda$1(OzoneManagerStateMachine.java:359)
	at java.util.concurrent.CompletableFuture$AsyncSupply.run(CompletableFuture.java:1604)
	at java.util.concurrent.ThreadPoolExecutor.runWorker(ThreadPoolExecutor.java:1149)
	at java.util.concurrent.ThreadPoolExecutor$Worker.run(ThreadPoolExecutor.java:624)
	at java.lang.Thread.run(Thread.java:750)
08:55:41.251 [OM StateMachine ApplyTransaction Thread - 0] ERROR OMAudit - user=runner | ip=127.0.0.1 | op=CREATE_FILE {volume=volume76246, bucket=bucket29151, key=d1/d2/d3, dataSize=4194304, replicationType=RATIS, replicationFactor=THREE} | ret=FAILURE
org.apache.hadoop.ozone.om.exceptions.OMException: Can not write to directory: d1/d2/d3
	at org.apache.hadoop.ozone.om.request.file.OMFileCreateRequest.checkDirectoryResult(OMFileCreateRequest.java:363) ~[ozone-manager-1.4.0-SNAPSHOT.jar:?]
	at org.apache.hadoop.ozone.om.request.file.OMFileCreateRequest.validateAndUpdateCache(OMFileCreateRequest.java:237) ~[ozone-manager-1.4.0-SNAPSHOT.jar:?]
	at org.apache.hadoop.ozone.protocolPB.OzoneManagerRequestHandler.handleWriteRequest(OzoneManagerRequestHandler.java:373) ~[ozone-manager-1.4.0-SNAPSHOT.jar:?]
	at org.apache.hadoop.ozone.om.ratis.OzoneManagerStateMachine.runCommand(OzoneManagerStateMachine.java:568) ~[ozone-manager-1.4.0-SNAPSHOT.jar:?]
	at org.apache.hadoop.ozone.om.ratis.OzoneManagerStateMachine.lambda$1(OzoneManagerStateMachine.java:359) ~[ozone-manager-1.4.0-SNAPSHOT.jar:?]
	at java.util.concurrent.CompletableFuture$AsyncSupply.run(CompletableFuture.java:1604) [?:1.8.0_382]
	at java.util.concurrent.ThreadPoolExecutor.runWorker(ThreadPoolExecutor.java:1149) [?:1.8.0_382]
	at java.util.concurrent.ThreadPoolExecutor$Worker.run(ThreadPoolExecutor.java:624) [?:1.8.0_382]
	at java.lang.Thread.run(Thread.java:750) [?:1.8.0_382]
2023-09-07 08:55:41,251 [OM StateMachine ApplyTransaction Thread - 0] ERROR file.OMFileCreateRequest (OMFileCreateRequest.java:validateAndUpdateCache(336)) - File create failed. Volume:volume76246, Bucket:bucket29151, Keyd1/d2/d3.
NOT_A_FILE org.apache.hadoop.ozone.om.exceptions.OMException: Can not write to directory: d1/d2/d3
	at org.apache.hadoop.ozone.om.request.file.OMFileCreateRequest.checkDirectoryResult(OMFileCreateRequest.java:363)
	at org.apache.hadoop.ozone.om.request.file.OMFileCreateRequest.validateAndUpdateCache(OMFileCreateRequest.java:237)
	at org.apache.hadoop.ozone.protocolPB.OzoneManagerRequestHandler.handleWriteRequest(OzoneManagerRequestHandler.java:373)
	at org.apache.hadoop.ozone.om.ratis.OzoneManagerStateMachine.runCommand(OzoneManagerStateMachine.java:568)
	at org.apache.hadoop.ozone.om.ratis.OzoneManagerStateMachine.lambda$1(OzoneManagerStateMachine.java:359)
	at java.util.concurrent.CompletableFuture$AsyncSupply.run(CompletableFuture.java:1604)
	at java.util.concurrent.ThreadPoolExecutor.runWorker(ThreadPoolExecutor.java:1149)
	at java.util.concurrent.ThreadPoolExecutor$Worker.run(ThreadPoolExecutor.java:624)
	at java.lang.Thread.run(Thread.java:750)
08:55:41.253 [IPC Server handler 14 on default port 15110] ERROR OMAudit - user=runner | ip=127.0.0.1 | op=GET_FILE_STATUS {volume=volume76246, bucket=bucket29151, key=d1/d2/d3/d4/key3/invalid, dataSize=0, replicationConfig=null} | ret=FAILURE
org.apache.hadoop.ozone.om.exceptions.OMException: Unable to get file status: volume: volume76246 bucket: bucket29151 key: d1/d2/d3/d4/key3/invalid
	at org.apache.hadoop.ozone.om.KeyManagerImpl.getOzoneFileStatus(KeyManagerImpl.java:1195) ~[ozone-manager-1.4.0-SNAPSHOT.jar:?]
	at org.apache.hadoop.ozone.om.KeyManagerImpl.getFileStatus(KeyManagerImpl.java:1113) ~[ozone-manager-1.4.0-SNAPSHOT.jar:?]
	at org.apache.hadoop.ozone.om.OmMetadataReader.getFileStatus(OmMetadataReader.java:262) ~[ozone-manager-1.4.0-SNAPSHOT.jar:?]
	at org.apache.hadoop.ozone.om.OzoneManager.getFileStatus(OzoneManager.java:3530) ~[ozone-manager-1.4.0-SNAPSHOT.jar:?]
	at org.apache.hadoop.ozone.protocolPB.OzoneManagerRequestHandler.getOzoneFileStatus(OzoneManagerRequestHandler.java:971) ~[ozone-manager-1.4.0-SNAPSHOT.jar:?]
	at org.apache.hadoop.ozone.protocolPB.OzoneManagerRequestHandler.handleReadRequest(OzoneManagerRequestHandler.java:250) ~[ozone-manager-1.4.0-SNAPSHOT.jar:?]
	at org.apache.hadoop.ozone.protocolPB.OzoneManagerProtocolServerSideTranslatorPB.submitReadRequestToOM(OzoneManagerProtocolServerSideTranslatorPB.java:225) ~[ozone-manager-1.4.0-SNAPSHOT.jar:?]
	at org.apache.hadoop.ozone.protocolPB.OzoneManagerProtocolServerSideTranslatorPB.processRequest(OzoneManagerProtocolServerSideTranslatorPB.java:179) ~[ozone-manager-1.4.0-SNAPSHOT.jar:?]
	at org.apache.hadoop.hdds.server.OzoneProtocolMessageDispatcher.processRequest(OzoneProtocolMessageDispatcher.java:87) [hdds-server-framework-1.4.0-SNAPSHOT.jar:?]
	at org.apache.hadoop.ozone.protocolPB.OzoneManagerProtocolServerSideTranslatorPB.submitRequest(OzoneManagerProtocolServerSideTranslatorPB.java:148) [ozone-manager-1.4.0-SNAPSHOT.jar:?]
	at org.apache.hadoop.ozone.protocol.proto.OzoneManagerProtocolProtos$OzoneManagerService$2.callBlockingMethod(OzoneManagerProtocolProtos.java) [ozone-interface-client-1.4.0-SNAPSHOT.jar:?]
	at org.apache.hadoop.ipc.ProtobufRpcEngine$Server.processCall(ProtobufRpcEngine.java:484) [hadoop-common-3.3.6.jar:?]
	at org.apache.hadoop.ipc.ProtobufRpcEngine2$Server$ProtoBufRpcInvoker.call(ProtobufRpcEngine2.java:595) [hadoop-common-3.3.6.jar:?]
	at org.apache.hadoop.ipc.ProtobufRpcEngine2$Server$ProtoBufRpcInvoker.call(ProtobufRpcEngine2.java:573) [hadoop-common-3.3.6.jar:?]
	at org.apache.hadoop.ipc.RPC$Server.call(RPC.java:1227) [hadoop-common-3.3.6.jar:?]
	at org.apache.hadoop.ipc.Server$RpcCall.run(Server.java:1094) [hadoop-common-3.3.6.jar:?]
	at org.apache.hadoop.ipc.Server$RpcCall.run(Server.java:1017) [hadoop-common-3.3.6.jar:?]
	at java.security.AccessController.doPrivileged(Native Method) ~[?:1.8.0_382]
	at javax.security.auth.Subject.doAs(Subject.java:422) [?:1.8.0_382]
	at org.apache.hadoop.security.UserGroupInformation.doAs(UserGroupInformation.java:1899) [hadoop-common-3.3.6.jar:?]
	at org.apache.hadoop.ipc.Server$Handler.run(Server.java:3048) [hadoop-common-3.3.6.jar:?]
08:55:41.255 [IPC Server handler 19 on default port 15110] ERROR OMAudit - user=runner | ip=127.0.0.1 | op=GET_FILE_STATUS {volume=volume76246, bucket=bucket29151, key=d1/d2/d3/d4/invalidkey, dataSize=0, replicationConfig=null} | ret=FAILURE
org.apache.hadoop.ozone.om.exceptions.OMException: Unable to get file status: volume: volume76246 bucket: bucket29151 key: d1/d2/d3/d4/invalidkey
	at org.apache.hadoop.ozone.om.KeyManagerImpl.getOzoneFileStatus(KeyManagerImpl.java:1195) ~[ozone-manager-1.4.0-SNAPSHOT.jar:?]
	at org.apache.hadoop.ozone.om.KeyManagerImpl.getFileStatus(KeyManagerImpl.java:1113) ~[ozone-manager-1.4.0-SNAPSHOT.jar:?]
	at org.apache.hadoop.ozone.om.OmMetadataReader.getFileStatus(OmMetadataReader.java:262) ~[ozone-manager-1.4.0-SNAPSHOT.jar:?]
	at org.apache.hadoop.ozone.om.OzoneManager.getFileStatus(OzoneManager.java:3530) ~[ozone-manager-1.4.0-SNAPSHOT.jar:?]
	at org.apache.hadoop.ozone.protocolPB.OzoneManagerRequestHandler.getOzoneFileStatus(OzoneManagerRequestHandler.java:971) ~[ozone-manager-1.4.0-SNAPSHOT.jar:?]
	at org.apache.hadoop.ozone.protocolPB.OzoneManagerRequestHandler.handleReadRequest(OzoneManagerRequestHandler.java:250) ~[ozone-manager-1.4.0-SNAPSHOT.jar:?]
	at org.apache.hadoop.ozone.protocolPB.OzoneManagerProtocolServerSideTranslatorPB.submitReadRequestToOM(OzoneManagerProtocolServerSideTranslatorPB.java:225) ~[ozone-manager-1.4.0-SNAPSHOT.jar:?]
	at org.apache.hadoop.ozone.protocolPB.OzoneManagerProtocolServerSideTranslatorPB.processRequest(OzoneManagerProtocolServerSideTranslatorPB.java:179) ~[ozone-manager-1.4.0-SNAPSHOT.jar:?]
	at org.apache.hadoop.hdds.server.OzoneProtocolMessageDispatcher.processRequest(OzoneProtocolMessageDispatcher.java:87) [hdds-server-framework-1.4.0-SNAPSHOT.jar:?]
	at org.apache.hadoop.ozone.protocolPB.OzoneManagerProtocolServerSideTranslatorPB.submitRequest(OzoneManagerProtocolServerSideTranslatorPB.java:148) [ozone-manager-1.4.0-SNAPSHOT.jar:?]
	at org.apache.hadoop.ozone.protocol.proto.OzoneManagerProtocolProtos$OzoneManagerService$2.callBlockingMethod(OzoneManagerProtocolProtos.java) [ozone-interface-client-1.4.0-SNAPSHOT.jar:?]
	at org.apache.hadoop.ipc.ProtobufRpcEngine$Server.processCall(ProtobufRpcEngine.java:484) [hadoop-common-3.3.6.jar:?]
	at org.apache.hadoop.ipc.ProtobufRpcEngine2$Server$ProtoBufRpcInvoker.call(ProtobufRpcEngine2.java:595) [hadoop-common-3.3.6.jar:?]
	at org.apache.hadoop.ipc.ProtobufRpcEngine2$Server$ProtoBufRpcInvoker.call(ProtobufRpcEngine2.java:573) [hadoop-common-3.3.6.jar:?]
	at org.apache.hadoop.ipc.RPC$Server.call(RPC.java:1227) [hadoop-common-3.3.6.jar:?]
	at org.apache.hadoop.ipc.Server$RpcCall.run(Server.java:1094) [hadoop-common-3.3.6.jar:?]
	at org.apache.hadoop.ipc.Server$RpcCall.run(Server.java:1017) [hadoop-common-3.3.6.jar:?]
	at java.security.AccessController.doPrivileged(Native Method) ~[?:1.8.0_382]
	at javax.security.auth.Subject.doAs(Subject.java:422) [?:1.8.0_382]
	at org.apache.hadoop.security.UserGroupInformation.doAs(UserGroupInformation.java:1899) [hadoop-common-3.3.6.jar:?]
	at org.apache.hadoop.ipc.Server$Handler.run(Server.java:3048) [hadoop-common-3.3.6.jar:?]
]]></system-out>
  </testcase>
  <testcase name="testCreateFileShouldCheckExistenceOfDirWithSameName" classname="TestOzoneFileSystem" time="0.039">
    <system-out><![CDATA[08:57:18.558 [IPC Server handler 3 on default port 15163] ERROR OMAudit - user=runner | ip=127.0.0.1 | op=CREATE_FILE {volume=volume04563, bucket=bucket31706, key=d1/d2/d3/d4/key2, dataSize=4194304, replicationType=RATIS, replicationFactor=THREE} | ret=FAILURE
org.apache.hadoop.ozone.om.exceptions.OMException: Can not write to directory: d1/d2/d3/d4/key2
	at org.apache.hadoop.ozone.om.request.file.OMFileCreateRequest.checkDirectoryResult(OMFileCreateRequest.java:363) ~[ozone-manager-1.4.0-SNAPSHOT.jar:?]
	at org.apache.hadoop.ozone.om.request.file.OMFileCreateRequest.validateAndUpdateCache(OMFileCreateRequest.java:237) ~[ozone-manager-1.4.0-SNAPSHOT.jar:?]
	at org.apache.hadoop.ozone.protocolPB.OzoneManagerRequestHandler.handleWriteRequest(OzoneManagerRequestHandler.java:373) ~[ozone-manager-1.4.0-SNAPSHOT.jar:?]
	at org.apache.hadoop.ozone.protocolPB.OzoneManagerProtocolServerSideTranslatorPB.submitRequestDirectlyToOM(OzoneManagerProtocolServerSideTranslatorPB.java:280) ~[ozone-manager-1.4.0-SNAPSHOT.jar:?]
	at org.apache.hadoop.ozone.protocolPB.OzoneManagerProtocolServerSideTranslatorPB.processRequest(OzoneManagerProtocolServerSideTranslatorPB.java:175) ~[ozone-manager-1.4.0-SNAPSHOT.jar:?]
	at org.apache.hadoop.hdds.server.OzoneProtocolMessageDispatcher.processRequest(OzoneProtocolMessageDispatcher.java:87) [hdds-server-framework-1.4.0-SNAPSHOT.jar:?]
	at org.apache.hadoop.ozone.protocolPB.OzoneManagerProtocolServerSideTranslatorPB.submitRequest(OzoneManagerProtocolServerSideTranslatorPB.java:148) [ozone-manager-1.4.0-SNAPSHOT.jar:?]
	at org.apache.hadoop.ozone.protocol.proto.OzoneManagerProtocolProtos$OzoneManagerService$2.callBlockingMethod(OzoneManagerProtocolProtos.java) [ozone-interface-client-1.4.0-SNAPSHOT.jar:?]
	at org.apache.hadoop.ipc.ProtobufRpcEngine$Server.processCall(ProtobufRpcEngine.java:484) [hadoop-common-3.3.6.jar:?]
	at org.apache.hadoop.ipc.ProtobufRpcEngine2$Server$ProtoBufRpcInvoker.call(ProtobufRpcEngine2.java:595) [hadoop-common-3.3.6.jar:?]
	at org.apache.hadoop.ipc.ProtobufRpcEngine2$Server$ProtoBufRpcInvoker.call(ProtobufRpcEngine2.java:573) [hadoop-common-3.3.6.jar:?]
	at org.apache.hadoop.ipc.RPC$Server.call(RPC.java:1227) [hadoop-common-3.3.6.jar:?]
	at org.apache.hadoop.ipc.Server$RpcCall.run(Server.java:1094) [hadoop-common-3.3.6.jar:?]
	at org.apache.hadoop.ipc.Server$RpcCall.run(Server.java:1017) [hadoop-common-3.3.6.jar:?]
	at java.security.AccessController.doPrivileged(Native Method) ~[?:1.8.0_382]
	at javax.security.auth.Subject.doAs(Subject.java:422) [?:1.8.0_382]
	at org.apache.hadoop.security.UserGroupInformation.doAs(UserGroupInformation.java:1899) [hadoop-common-3.3.6.jar:?]
	at org.apache.hadoop.ipc.Server$Handler.run(Server.java:3048) [hadoop-common-3.3.6.jar:?]
2023-09-07 08:57:18,558 [IPC Server handler 3 on default port 15163] ERROR file.OMFileCreateRequest (OMFileCreateRequest.java:validateAndUpdateCache(336)) - File create failed. Volume:volume04563, Bucket:bucket31706, Keyd1/d2/d3/d4/key2.
NOT_A_FILE org.apache.hadoop.ozone.om.exceptions.OMException: Can not write to directory: d1/d2/d3/d4/key2
	at org.apache.hadoop.ozone.om.request.file.OMFileCreateRequest.checkDirectoryResult(OMFileCreateRequest.java:363)
	at org.apache.hadoop.ozone.om.request.file.OMFileCreateRequest.validateAndUpdateCache(OMFileCreateRequest.java:237)
	at org.apache.hadoop.ozone.protocolPB.OzoneManagerRequestHandler.handleWriteRequest(OzoneManagerRequestHandler.java:373)
	at org.apache.hadoop.ozone.protocolPB.OzoneManagerProtocolServerSideTranslatorPB.submitRequestDirectlyToOM(OzoneManagerProtocolServerSideTranslatorPB.java:280)
	at org.apache.hadoop.ozone.protocolPB.OzoneManagerProtocolServerSideTranslatorPB.processRequest(OzoneManagerProtocolServerSideTranslatorPB.java:175)
	at org.apache.hadoop.hdds.server.OzoneProtocolMessageDispatcher.processRequest(OzoneProtocolMessageDispatcher.java:87)
	at org.apache.hadoop.ozone.protocolPB.OzoneManagerProtocolServerSideTranslatorPB.submitRequest(OzoneManagerProtocolServerSideTranslatorPB.java:148)
	at org.apache.hadoop.ozone.protocol.proto.OzoneManagerProtocolProtos$OzoneManagerService$2.callBlockingMethod(OzoneManagerProtocolProtos.java)
	at org.apache.hadoop.ipc.ProtobufRpcEngine$Server.processCall(ProtobufRpcEngine.java:484)
	at org.apache.hadoop.ipc.ProtobufRpcEngine2$Server$ProtoBufRpcInvoker.call(ProtobufRpcEngine2.java:595)
	at org.apache.hadoop.ipc.ProtobufRpcEngine2$Server$ProtoBufRpcInvoker.call(ProtobufRpcEngine2.java:573)
	at org.apache.hadoop.ipc.RPC$Server.call(RPC.java:1227)
	at org.apache.hadoop.ipc.Server$RpcCall.run(Server.java:1094)
	at org.apache.hadoop.ipc.Server$RpcCall.run(Server.java:1017)
	at java.security.AccessController.doPrivileged(Native Method)
	at javax.security.auth.Subject.doAs(Subject.java:422)
	at org.apache.hadoop.security.UserGroupInformation.doAs(UserGroupInformation.java:1899)
	at org.apache.hadoop.ipc.Server$Handler.run(Server.java:3048)
08:57:18.564 [IPC Server handler 13 on default port 15163] ERROR OMAudit - user=runner | ip=127.0.0.1 | op=CREATE_DIRECTORY {volume=volume04563, bucket=bucket31706, key=d1/d2/d3/d4/key3, dataSize=0, replicationType=NONE, replicationFactor=ZERO} | ret=FAILURE
org.apache.hadoop.ozone.om.exceptions.OMException: Unable to create directory: d1/d2/d3/d4/key3 in volume/bucket: volume04563/bucket31706
	at org.apache.hadoop.ozone.om.request.file.OMDirectoryCreateRequest.validateAndUpdateCache(OMDirectoryCreateRequest.java:194) ~[ozone-manager-1.4.0-SNAPSHOT.jar:?]
	at org.apache.hadoop.ozone.protocolPB.OzoneManagerRequestHandler.handleWriteRequest(OzoneManagerRequestHandler.java:373) ~[ozone-manager-1.4.0-SNAPSHOT.jar:?]
	at org.apache.hadoop.ozone.protocolPB.OzoneManagerProtocolServerSideTranslatorPB.submitRequestDirectlyToOM(OzoneManagerProtocolServerSideTranslatorPB.java:280) ~[ozone-manager-1.4.0-SNAPSHOT.jar:?]
	at org.apache.hadoop.ozone.protocolPB.OzoneManagerProtocolServerSideTranslatorPB.processRequest(OzoneManagerProtocolServerSideTranslatorPB.java:175) ~[ozone-manager-1.4.0-SNAPSHOT.jar:?]
	at org.apache.hadoop.hdds.server.OzoneProtocolMessageDispatcher.processRequest(OzoneProtocolMessageDispatcher.java:87) [hdds-server-framework-1.4.0-SNAPSHOT.jar:?]
	at org.apache.hadoop.ozone.protocolPB.OzoneManagerProtocolServerSideTranslatorPB.submitRequest(OzoneManagerProtocolServerSideTranslatorPB.java:148) [ozone-manager-1.4.0-SNAPSHOT.jar:?]
	at org.apache.hadoop.ozone.protocol.proto.OzoneManagerProtocolProtos$OzoneManagerService$2.callBlockingMethod(OzoneManagerProtocolProtos.java) [ozone-interface-client-1.4.0-SNAPSHOT.jar:?]
	at org.apache.hadoop.ipc.ProtobufRpcEngine$Server.processCall(ProtobufRpcEngine.java:484) [hadoop-common-3.3.6.jar:?]
	at org.apache.hadoop.ipc.ProtobufRpcEngine2$Server$ProtoBufRpcInvoker.call(ProtobufRpcEngine2.java:595) [hadoop-common-3.3.6.jar:?]
	at org.apache.hadoop.ipc.ProtobufRpcEngine2$Server$ProtoBufRpcInvoker.call(ProtobufRpcEngine2.java:573) [hadoop-common-3.3.6.jar:?]
	at org.apache.hadoop.ipc.RPC$Server.call(RPC.java:1227) [hadoop-common-3.3.6.jar:?]
	at org.apache.hadoop.ipc.Server$RpcCall.run(Server.java:1094) [hadoop-common-3.3.6.jar:?]
	at org.apache.hadoop.ipc.Server$RpcCall.run(Server.java:1017) [hadoop-common-3.3.6.jar:?]
	at java.security.AccessController.doPrivileged(Native Method) ~[?:1.8.0_382]
	at javax.security.auth.Subject.doAs(Subject.java:422) [?:1.8.0_382]
	at org.apache.hadoop.security.UserGroupInformation.doAs(UserGroupInformation.java:1899) [hadoop-common-3.3.6.jar:?]
	at org.apache.hadoop.ipc.Server$Handler.run(Server.java:3048) [hadoop-common-3.3.6.jar:?]
2023-09-07 08:57:18,564 [IPC Server handler 13 on default port 15163] ERROR file.OMDirectoryCreateRequest (OMDirectoryCreateRequest.java:logResult(334)) - Directory creation failed. Volume:volume04563, Bucket:bucket31706, Keyd1/d2/d3/d4/key3. Exception:{}
FILE_ALREADY_EXISTS org.apache.hadoop.ozone.om.exceptions.OMException: Unable to create directory: d1/d2/d3/d4/key3 in volume/bucket: volume04563/bucket31706
	at org.apache.hadoop.ozone.om.request.file.OMDirectoryCreateRequest.validateAndUpdateCache(OMDirectoryCreateRequest.java:194)
	at org.apache.hadoop.ozone.protocolPB.OzoneManagerRequestHandler.handleWriteRequest(OzoneManagerRequestHandler.java:373)
	at org.apache.hadoop.ozone.protocolPB.OzoneManagerProtocolServerSideTranslatorPB.submitRequestDirectlyToOM(OzoneManagerProtocolServerSideTranslatorPB.java:280)
	at org.apache.hadoop.ozone.protocolPB.OzoneManagerProtocolServerSideTranslatorPB.processRequest(OzoneManagerProtocolServerSideTranslatorPB.java:175)
	at org.apache.hadoop.hdds.server.OzoneProtocolMessageDispatcher.processRequest(OzoneProtocolMessageDispatcher.java:87)
	at org.apache.hadoop.ozone.protocolPB.OzoneManagerProtocolServerSideTranslatorPB.submitRequest(OzoneManagerProtocolServerSideTranslatorPB.java:148)
	at org.apache.hadoop.ozone.protocol.proto.OzoneManagerProtocolProtos$OzoneManagerService$2.callBlockingMethod(OzoneManagerProtocolProtos.java)
	at org.apache.hadoop.ipc.ProtobufRpcEngine$Server.processCall(ProtobufRpcEngine.java:484)
	at org.apache.hadoop.ipc.ProtobufRpcEngine2$Server$ProtoBufRpcInvoker.call(ProtobufRpcEngine2.java:595)
	at org.apache.hadoop.ipc.ProtobufRpcEngine2$Server$ProtoBufRpcInvoker.call(ProtobufRpcEngine2.java:573)
	at org.apache.hadoop.ipc.RPC$Server.call(RPC.java:1227)
	at org.apache.hadoop.ipc.Server$RpcCall.run(Server.java:1094)
	at org.apache.hadoop.ipc.Server$RpcCall.run(Server.java:1017)
	at java.security.AccessController.doPrivileged(Native Method)
	at javax.security.auth.Subject.doAs(Subject.java:422)
	at org.apache.hadoop.security.UserGroupInformation.doAs(UserGroupInformation.java:1899)
	at org.apache.hadoop.ipc.Server$Handler.run(Server.java:3048)
08:57:18.569 [IPC Server handler 7 on default port 15163] ERROR OMAudit - user=runner | ip=127.0.0.1 | op=CREATE_FILE {volume=volume04563, bucket=bucket31706, key=d1/d2/d3, dataSize=4194304, replicationType=RATIS, replicationFactor=THREE} | ret=FAILURE
org.apache.hadoop.ozone.om.exceptions.OMException: Can not write to directory: d1/d2/d3
	at org.apache.hadoop.ozone.om.request.file.OMFileCreateRequest.checkDirectoryResult(OMFileCreateRequest.java:363) ~[ozone-manager-1.4.0-SNAPSHOT.jar:?]
	at org.apache.hadoop.ozone.om.request.file.OMFileCreateRequest.validateAndUpdateCache(OMFileCreateRequest.java:237) ~[ozone-manager-1.4.0-SNAPSHOT.jar:?]
	at org.apache.hadoop.ozone.protocolPB.OzoneManagerRequestHandler.handleWriteRequest(OzoneManagerRequestHandler.java:373) ~[ozone-manager-1.4.0-SNAPSHOT.jar:?]
	at org.apache.hadoop.ozone.protocolPB.OzoneManagerProtocolServerSideTranslatorPB.submitRequestDirectlyToOM(OzoneManagerProtocolServerSideTranslatorPB.java:280) ~[ozone-manager-1.4.0-SNAPSHOT.jar:?]
	at org.apache.hadoop.ozone.protocolPB.OzoneManagerProtocolServerSideTranslatorPB.processRequest(OzoneManagerProtocolServerSideTranslatorPB.java:175) ~[ozone-manager-1.4.0-SNAPSHOT.jar:?]
	at org.apache.hadoop.hdds.server.OzoneProtocolMessageDispatcher.processRequest(OzoneProtocolMessageDispatcher.java:87) [hdds-server-framework-1.4.0-SNAPSHOT.jar:?]
	at org.apache.hadoop.ozone.protocolPB.OzoneManagerProtocolServerSideTranslatorPB.submitRequest(OzoneManagerProtocolServerSideTranslatorPB.java:148) [ozone-manager-1.4.0-SNAPSHOT.jar:?]
	at org.apache.hadoop.ozone.protocol.proto.OzoneManagerProtocolProtos$OzoneManagerService$2.callBlockingMethod(OzoneManagerProtocolProtos.java) [ozone-interface-client-1.4.0-SNAPSHOT.jar:?]
	at org.apache.hadoop.ipc.ProtobufRpcEngine$Server.processCall(ProtobufRpcEngine.java:484) [hadoop-common-3.3.6.jar:?]
	at org.apache.hadoop.ipc.ProtobufRpcEngine2$Server$ProtoBufRpcInvoker.call(ProtobufRpcEngine2.java:595) [hadoop-common-3.3.6.jar:?]
	at org.apache.hadoop.ipc.ProtobufRpcEngine2$Server$ProtoBufRpcInvoker.call(ProtobufRpcEngine2.java:573) [hadoop-common-3.3.6.jar:?]
	at org.apache.hadoop.ipc.RPC$Server.call(RPC.java:1227) [hadoop-common-3.3.6.jar:?]
	at org.apache.hadoop.ipc.Server$RpcCall.run(Server.java:1094) [hadoop-common-3.3.6.jar:?]
	at org.apache.hadoop.ipc.Server$RpcCall.run(Server.java:1017) [hadoop-common-3.3.6.jar:?]
	at java.security.AccessController.doPrivileged(Native Method) ~[?:1.8.0_382]
	at javax.security.auth.Subject.doAs(Subject.java:422) [?:1.8.0_382]
	at org.apache.hadoop.security.UserGroupInformation.doAs(UserGroupInformation.java:1899) [hadoop-common-3.3.6.jar:?]
	at org.apache.hadoop.ipc.Server$Handler.run(Server.java:3048) [hadoop-common-3.3.6.jar:?]
2023-09-07 08:57:18,569 [IPC Server handler 7 on default port 15163] ERROR file.OMFileCreateRequest (OMFileCreateRequest.java:validateAndUpdateCache(336)) - File create failed. Volume:volume04563, Bucket:bucket31706, Keyd1/d2/d3.
NOT_A_FILE org.apache.hadoop.ozone.om.exceptions.OMException: Can not write to directory: d1/d2/d3
	at org.apache.hadoop.ozone.om.request.file.OMFileCreateRequest.checkDirectoryResult(OMFileCreateRequest.java:363)
	at org.apache.hadoop.ozone.om.request.file.OMFileCreateRequest.validateAndUpdateCache(OMFileCreateRequest.java:237)
	at org.apache.hadoop.ozone.protocolPB.OzoneManagerRequestHandler.handleWriteRequest(OzoneManagerRequestHandler.java:373)
	at org.apache.hadoop.ozone.protocolPB.OzoneManagerProtocolServerSideTranslatorPB.submitRequestDirectlyToOM(OzoneManagerProtocolServerSideTranslatorPB.java:280)
	at org.apache.hadoop.ozone.protocolPB.OzoneManagerProtocolServerSideTranslatorPB.processRequest(OzoneManagerProtocolServerSideTranslatorPB.java:175)
	at org.apache.hadoop.hdds.server.OzoneProtocolMessageDispatcher.processRequest(OzoneProtocolMessageDispatcher.java:87)
	at org.apache.hadoop.ozone.protocolPB.OzoneManagerProtocolServerSideTranslatorPB.submitRequest(OzoneManagerProtocolServerSideTranslatorPB.java:148)
	at org.apache.hadoop.ozone.protocol.proto.OzoneManagerProtocolProtos$OzoneManagerService$2.callBlockingMethod(OzoneManagerProtocolProtos.java)
	at org.apache.hadoop.ipc.ProtobufRpcEngine$Server.processCall(ProtobufRpcEngine.java:484)
	at org.apache.hadoop.ipc.ProtobufRpcEngine2$Server$ProtoBufRpcInvoker.call(ProtobufRpcEngine2.java:595)
	at org.apache.hadoop.ipc.ProtobufRpcEngine2$Server$ProtoBufRpcInvoker.call(ProtobufRpcEngine2.java:573)
	at org.apache.hadoop.ipc.RPC$Server.call(RPC.java:1227)
	at org.apache.hadoop.ipc.Server$RpcCall.run(Server.java:1094)
	at org.apache.hadoop.ipc.Server$RpcCall.run(Server.java:1017)
	at java.security.AccessController.doPrivileged(Native Method)
	at javax.security.auth.Subject.doAs(Subject.java:422)
	at org.apache.hadoop.security.UserGroupInformation.doAs(UserGroupInformation.java:1899)
	at org.apache.hadoop.ipc.Server$Handler.run(Server.java:3048)
08:57:18.571 [IPC Server handler 11 on default port 15163] ERROR OMAudit - user=runner | ip=127.0.0.1 | op=GET_FILE_STATUS {volume=volume04563, bucket=bucket31706, key=d1/d2/d3/d4/key3/invalid, dataSize=0, replicationConfig=null} | ret=FAILURE
org.apache.hadoop.ozone.om.exceptions.OMException: Unable to get file status: volume: volume04563 bucket: bucket31706 key: d1/d2/d3/d4/key3/invalid
	at org.apache.hadoop.ozone.om.KeyManagerImpl.getOzoneFileStatus(KeyManagerImpl.java:1195) ~[ozone-manager-1.4.0-SNAPSHOT.jar:?]
	at org.apache.hadoop.ozone.om.KeyManagerImpl.getFileStatus(KeyManagerImpl.java:1113) ~[ozone-manager-1.4.0-SNAPSHOT.jar:?]
	at org.apache.hadoop.ozone.om.OmMetadataReader.getFileStatus(OmMetadataReader.java:262) ~[ozone-manager-1.4.0-SNAPSHOT.jar:?]
	at org.apache.hadoop.ozone.om.OzoneManager.getFileStatus(OzoneManager.java:3530) ~[ozone-manager-1.4.0-SNAPSHOT.jar:?]
	at org.apache.hadoop.ozone.protocolPB.OzoneManagerRequestHandler.getOzoneFileStatus(OzoneManagerRequestHandler.java:971) ~[ozone-manager-1.4.0-SNAPSHOT.jar:?]
	at org.apache.hadoop.ozone.protocolPB.OzoneManagerRequestHandler.handleReadRequest(OzoneManagerRequestHandler.java:250) ~[ozone-manager-1.4.0-SNAPSHOT.jar:?]
	at org.apache.hadoop.ozone.protocolPB.OzoneManagerProtocolServerSideTranslatorPB.submitRequestDirectlyToOM(OzoneManagerProtocolServerSideTranslatorPB.java:274) ~[ozone-manager-1.4.0-SNAPSHOT.jar:?]
	at org.apache.hadoop.ozone.protocolPB.OzoneManagerProtocolServerSideTranslatorPB.processRequest(OzoneManagerProtocolServerSideTranslatorPB.java:175) ~[ozone-manager-1.4.0-SNAPSHOT.jar:?]
	at org.apache.hadoop.hdds.server.OzoneProtocolMessageDispatcher.processRequest(OzoneProtocolMessageDispatcher.java:87) [hdds-server-framework-1.4.0-SNAPSHOT.jar:?]
	at org.apache.hadoop.ozone.protocolPB.OzoneManagerProtocolServerSideTranslatorPB.submitRequest(OzoneManagerProtocolServerSideTranslatorPB.java:148) [ozone-manager-1.4.0-SNAPSHOT.jar:?]
	at org.apache.hadoop.ozone.protocol.proto.OzoneManagerProtocolProtos$OzoneManagerService$2.callBlockingMethod(OzoneManagerProtocolProtos.java) [ozone-interface-client-1.4.0-SNAPSHOT.jar:?]
	at org.apache.hadoop.ipc.ProtobufRpcEngine$Server.processCall(ProtobufRpcEngine.java:484) [hadoop-common-3.3.6.jar:?]
	at org.apache.hadoop.ipc.ProtobufRpcEngine2$Server$ProtoBufRpcInvoker.call(ProtobufRpcEngine2.java:595) [hadoop-common-3.3.6.jar:?]
	at org.apache.hadoop.ipc.ProtobufRpcEngine2$Server$ProtoBufRpcInvoker.call(ProtobufRpcEngine2.java:573) [hadoop-common-3.3.6.jar:?]
	at org.apache.hadoop.ipc.RPC$Server.call(RPC.java:1227) [hadoop-common-3.3.6.jar:?]
	at org.apache.hadoop.ipc.Server$RpcCall.run(Server.java:1094) [hadoop-common-3.3.6.jar:?]
	at org.apache.hadoop.ipc.Server$RpcCall.run(Server.java:1017) [hadoop-common-3.3.6.jar:?]
	at java.security.AccessController.doPrivileged(Native Method) ~[?:1.8.0_382]
	at javax.security.auth.Subject.doAs(Subject.java:422) [?:1.8.0_382]
	at org.apache.hadoop.security.UserGroupInformation.doAs(UserGroupInformation.java:1899) [hadoop-common-3.3.6.jar:?]
	at org.apache.hadoop.ipc.Server$Handler.run(Server.java:3048) [hadoop-common-3.3.6.jar:?]
08:57:18.572 [IPC Server handler 19 on default port 15163] ERROR OMAudit - user=runner | ip=127.0.0.1 | op=GET_FILE_STATUS {volume=volume04563, bucket=bucket31706, key=d1/d2/d3/d4/invalidkey, dataSize=0, replicationConfig=null} | ret=FAILURE
org.apache.hadoop.ozone.om.exceptions.OMException: Unable to get file status: volume: volume04563 bucket: bucket31706 key: d1/d2/d3/d4/invalidkey
	at org.apache.hadoop.ozone.om.KeyManagerImpl.getOzoneFileStatus(KeyManagerImpl.java:1195) ~[ozone-manager-1.4.0-SNAPSHOT.jar:?]
	at org.apache.hadoop.ozone.om.KeyManagerImpl.getFileStatus(KeyManagerImpl.java:1113) ~[ozone-manager-1.4.0-SNAPSHOT.jar:?]
	at org.apache.hadoop.ozone.om.OmMetadataReader.getFileStatus(OmMetadataReader.java:262) ~[ozone-manager-1.4.0-SNAPSHOT.jar:?]
	at org.apache.hadoop.ozone.om.OzoneManager.getFileStatus(OzoneManager.java:3530) ~[ozone-manager-1.4.0-SNAPSHOT.jar:?]
	at org.apache.hadoop.ozone.protocolPB.OzoneManagerRequestHandler.getOzoneFileStatus(OzoneManagerRequestHandler.java:971) ~[ozone-manager-1.4.0-SNAPSHOT.jar:?]
	at org.apache.hadoop.ozone.protocolPB.OzoneManagerRequestHandler.handleReadRequest(OzoneManagerRequestHandler.java:250) ~[ozone-manager-1.4.0-SNAPSHOT.jar:?]
	at org.apache.hadoop.ozone.protocolPB.OzoneManagerProtocolServerSideTranslatorPB.submitRequestDirectlyToOM(OzoneManagerProtocolServerSideTranslatorPB.java:274) ~[ozone-manager-1.4.0-SNAPSHOT.jar:?]
	at org.apache.hadoop.ozone.protocolPB.OzoneManagerProtocolServerSideTranslatorPB.processRequest(OzoneManagerProtocolServerSideTranslatorPB.java:175) ~[ozone-manager-1.4.0-SNAPSHOT.jar:?]
	at org.apache.hadoop.hdds.server.OzoneProtocolMessageDispatcher.processRequest(OzoneProtocolMessageDispatcher.java:87) [hdds-server-framework-1.4.0-SNAPSHOT.jar:?]
	at org.apache.hadoop.ozone.protocolPB.OzoneManagerProtocolServerSideTranslatorPB.submitRequest(OzoneManagerProtocolServerSideTranslatorPB.java:148) [ozone-manager-1.4.0-SNAPSHOT.jar:?]
	at org.apache.hadoop.ozone.protocol.proto.OzoneManagerProtocolProtos$OzoneManagerService$2.callBlockingMethod(OzoneManagerProtocolProtos.java) [ozone-interface-client-1.4.0-SNAPSHOT.jar:?]
	at org.apache.hadoop.ipc.ProtobufRpcEngine$Server.processCall(ProtobufRpcEngine.java:484) [hadoop-common-3.3.6.jar:?]
	at org.apache.hadoop.ipc.ProtobufRpcEngine2$Server$ProtoBufRpcInvoker.call(ProtobufRpcEngine2.java:595) [hadoop-common-3.3.6.jar:?]
	at org.apache.hadoop.ipc.ProtobufRpcEngine2$Server$ProtoBufRpcInvoker.call(ProtobufRpcEngine2.java:573) [hadoop-common-3.3.6.jar:?]
	at org.apache.hadoop.ipc.RPC$Server.call(RPC.java:1227) [hadoop-common-3.3.6.jar:?]
	at org.apache.hadoop.ipc.Server$RpcCall.run(Server.java:1094) [hadoop-common-3.3.6.jar:?]
	at org.apache.hadoop.ipc.Server$RpcCall.run(Server.java:1017) [hadoop-common-3.3.6.jar:?]
	at java.security.AccessController.doPrivileged(Native Method) ~[?:1.8.0_382]
	at javax.security.auth.Subject.doAs(Subject.java:422) [?:1.8.0_382]
	at org.apache.hadoop.security.UserGroupInformation.doAs(UserGroupInformation.java:1899) [hadoop-common-3.3.6.jar:?]
	at org.apache.hadoop.ipc.Server$Handler.run(Server.java:3048) [hadoop-common-3.3.6.jar:?]
]]></system-out>
  </testcase>
  <testcase name="testRenameContainDelimiterFile" classname="TestOzoneFileSystem" time="0.07">
    <system-out><![CDATA[08:52:26.018 [IPC Server handler 14 on default port 15004] ERROR OMAudit - user=runner | ip=127.0.0.1 | op=GET_FILE_STATUS {volume=volume72881, bucket=bucket22361, key=dir1/dir2/key2, dataSize=0, replicationConfig=null} | ret=FAILURE
org.apache.hadoop.ozone.om.exceptions.OMException: Unable to get file status: volume: volume72881 bucket: bucket22361 key: dir1/dir2/key2
	at org.apache.hadoop.ozone.om.KeyManagerImpl.getOzoneFileStatus(KeyManagerImpl.java:1195) ~[ozone-manager-1.4.0-SNAPSHOT.jar:?]
	at org.apache.hadoop.ozone.om.KeyManagerImpl.getFileStatus(KeyManagerImpl.java:1113) ~[ozone-manager-1.4.0-SNAPSHOT.jar:?]
	at org.apache.hadoop.ozone.om.OmMetadataReader.getFileStatus(OmMetadataReader.java:262) ~[ozone-manager-1.4.0-SNAPSHOT.jar:?]
	at org.apache.hadoop.ozone.om.OzoneManager.getFileStatus(OzoneManager.java:3530) ~[ozone-manager-1.4.0-SNAPSHOT.jar:?]
	at org.apache.hadoop.ozone.protocolPB.OzoneManagerRequestHandler.getOzoneFileStatus(OzoneManagerRequestHandler.java:971) ~[ozone-manager-1.4.0-SNAPSHOT.jar:?]
	at org.apache.hadoop.ozone.protocolPB.OzoneManagerRequestHandler.handleReadRequest(OzoneManagerRequestHandler.java:250) ~[ozone-manager-1.4.0-SNAPSHOT.jar:?]
	at org.apache.hadoop.ozone.protocolPB.OzoneManagerProtocolServerSideTranslatorPB.submitReadRequestToOM(OzoneManagerProtocolServerSideTranslatorPB.java:225) ~[ozone-manager-1.4.0-SNAPSHOT.jar:?]
	at org.apache.hadoop.ozone.protocolPB.OzoneManagerProtocolServerSideTranslatorPB.processRequest(OzoneManagerProtocolServerSideTranslatorPB.java:179) ~[ozone-manager-1.4.0-SNAPSHOT.jar:?]
	at org.apache.hadoop.hdds.server.OzoneProtocolMessageDispatcher.processRequest(OzoneProtocolMessageDispatcher.java:87) [hdds-server-framework-1.4.0-SNAPSHOT.jar:?]
	at org.apache.hadoop.ozone.protocolPB.OzoneManagerProtocolServerSideTranslatorPB.submitRequest(OzoneManagerProtocolServerSideTranslatorPB.java:148) [ozone-manager-1.4.0-SNAPSHOT.jar:?]
	at org.apache.hadoop.ozone.protocol.proto.OzoneManagerProtocolProtos$OzoneManagerService$2.callBlockingMethod(OzoneManagerProtocolProtos.java) [ozone-interface-client-1.4.0-SNAPSHOT.jar:?]
	at org.apache.hadoop.ipc.ProtobufRpcEngine$Server.processCall(ProtobufRpcEngine.java:484) [hadoop-common-3.3.6.jar:?]
	at org.apache.hadoop.ipc.ProtobufRpcEngine2$Server$ProtoBufRpcInvoker.call(ProtobufRpcEngine2.java:595) [hadoop-common-3.3.6.jar:?]
	at org.apache.hadoop.ipc.ProtobufRpcEngine2$Server$ProtoBufRpcInvoker.call(ProtobufRpcEngine2.java:573) [hadoop-common-3.3.6.jar:?]
	at org.apache.hadoop.ipc.RPC$Server.call(RPC.java:1227) [hadoop-common-3.3.6.jar:?]
	at org.apache.hadoop.ipc.Server$RpcCall.run(Server.java:1094) [hadoop-common-3.3.6.jar:?]
	at org.apache.hadoop.ipc.Server$RpcCall.run(Server.java:1017) [hadoop-common-3.3.6.jar:?]
	at java.security.AccessController.doPrivileged(Native Method) ~[?:1.8.0_382]
	at javax.security.auth.Subject.doAs(Subject.java:422) [?:1.8.0_382]
	at org.apache.hadoop.security.UserGroupInformation.doAs(UserGroupInformation.java:1899) [hadoop-common-3.3.6.jar:?]
	at org.apache.hadoop.ipc.Server$Handler.run(Server.java:3048) [hadoop-common-3.3.6.jar:?]
08:52:26.032 [IPC Server handler 10 on default port 15004] ERROR OMAudit - user=runner | ip=127.0.0.1 | op=GET_FILE_STATUS {volume=volume72881, bucket=bucket22361, key=dir1/dir2/key1, dataSize=0, replicationConfig=null} | ret=FAILURE
org.apache.hadoop.ozone.om.exceptions.OMException: Unable to get file status: volume: volume72881 bucket: bucket22361 key: dir1/dir2/key1
	at org.apache.hadoop.ozone.om.KeyManagerImpl.getOzoneFileStatus(KeyManagerImpl.java:1195) ~[ozone-manager-1.4.0-SNAPSHOT.jar:?]
	at org.apache.hadoop.ozone.om.KeyManagerImpl.getFileStatus(KeyManagerImpl.java:1113) ~[ozone-manager-1.4.0-SNAPSHOT.jar:?]
	at org.apache.hadoop.ozone.om.OmMetadataReader.getFileStatus(OmMetadataReader.java:262) ~[ozone-manager-1.4.0-SNAPSHOT.jar:?]
	at org.apache.hadoop.ozone.om.OzoneManager.getFileStatus(OzoneManager.java:3530) ~[ozone-manager-1.4.0-SNAPSHOT.jar:?]
	at org.apache.hadoop.ozone.protocolPB.OzoneManagerRequestHandler.getOzoneFileStatus(OzoneManagerRequestHandler.java:971) ~[ozone-manager-1.4.0-SNAPSHOT.jar:?]
	at org.apache.hadoop.ozone.protocolPB.OzoneManagerRequestHandler.handleReadRequest(OzoneManagerRequestHandler.java:250) ~[ozone-manager-1.4.0-SNAPSHOT.jar:?]
	at org.apache.hadoop.ozone.protocolPB.OzoneManagerProtocolServerSideTranslatorPB.submitReadRequestToOM(OzoneManagerProtocolServerSideTranslatorPB.java:225) ~[ozone-manager-1.4.0-SNAPSHOT.jar:?]
	at org.apache.hadoop.ozone.protocolPB.OzoneManagerProtocolServerSideTranslatorPB.processRequest(OzoneManagerProtocolServerSideTranslatorPB.java:179) ~[ozone-manager-1.4.0-SNAPSHOT.jar:?]
	at org.apache.hadoop.hdds.server.OzoneProtocolMessageDispatcher.processRequest(OzoneProtocolMessageDispatcher.java:87) [hdds-server-framework-1.4.0-SNAPSHOT.jar:?]
	at org.apache.hadoop.ozone.protocolPB.OzoneManagerProtocolServerSideTranslatorPB.submitRequest(OzoneManagerProtocolServerSideTranslatorPB.java:148) [ozone-manager-1.4.0-SNAPSHOT.jar:?]
	at org.apache.hadoop.ozone.protocol.proto.OzoneManagerProtocolProtos$OzoneManagerService$2.callBlockingMethod(OzoneManagerProtocolProtos.java) [ozone-interface-client-1.4.0-SNAPSHOT.jar:?]
	at org.apache.hadoop.ipc.ProtobufRpcEngine$Server.processCall(ProtobufRpcEngine.java:484) [hadoop-common-3.3.6.jar:?]
	at org.apache.hadoop.ipc.ProtobufRpcEngine2$Server$ProtoBufRpcInvoker.call(ProtobufRpcEngine2.java:595) [hadoop-common-3.3.6.jar:?]
	at org.apache.hadoop.ipc.ProtobufRpcEngine2$Server$ProtoBufRpcInvoker.call(ProtobufRpcEngine2.java:573) [hadoop-common-3.3.6.jar:?]
	at org.apache.hadoop.ipc.RPC$Server.call(RPC.java:1227) [hadoop-common-3.3.6.jar:?]
	at org.apache.hadoop.ipc.Server$RpcCall.run(Server.java:1094) [hadoop-common-3.3.6.jar:?]
	at org.apache.hadoop.ipc.Server$RpcCall.run(Server.java:1017) [hadoop-common-3.3.6.jar:?]
	at java.security.AccessController.doPrivileged(Native Method) ~[?:1.8.0_382]
	at javax.security.auth.Subject.doAs(Subject.java:422) [?:1.8.0_382]
	at org.apache.hadoop.security.UserGroupInformation.doAs(UserGroupInformation.java:1899) [hadoop-common-3.3.6.jar:?]
	at org.apache.hadoop.ipc.Server$Handler.run(Server.java:3048) [hadoop-common-3.3.6.jar:?]
08:52:26.036 [IPC Server handler 0 on default port 15004] ERROR OMAudit - user=runner | ip=127.0.0.1 | op=GET_FILE_STATUS {volume=volume72881, bucket=bucket22361, key=user/runner/dir1, dataSize=0, replicationConfig=null} | ret=FAILURE
org.apache.hadoop.ozone.om.exceptions.OMException: Unable to get file status: volume: volume72881 bucket: bucket22361 key: user/runner/dir1
	at org.apache.hadoop.ozone.om.KeyManagerImpl.getOzoneFileStatus(KeyManagerImpl.java:1195) ~[ozone-manager-1.4.0-SNAPSHOT.jar:?]
	at org.apache.hadoop.ozone.om.KeyManagerImpl.getFileStatus(KeyManagerImpl.java:1113) ~[ozone-manager-1.4.0-SNAPSHOT.jar:?]
	at org.apache.hadoop.ozone.om.OmMetadataReader.getFileStatus(OmMetadataReader.java:262) ~[ozone-manager-1.4.0-SNAPSHOT.jar:?]
	at org.apache.hadoop.ozone.om.OzoneManager.getFileStatus(OzoneManager.java:3530) ~[ozone-manager-1.4.0-SNAPSHOT.jar:?]
	at org.apache.hadoop.ozone.protocolPB.OzoneManagerRequestHandler.getOzoneFileStatus(OzoneManagerRequestHandler.java:971) ~[ozone-manager-1.4.0-SNAPSHOT.jar:?]
	at org.apache.hadoop.ozone.protocolPB.OzoneManagerRequestHandler.handleReadRequest(OzoneManagerRequestHandler.java:250) ~[ozone-manager-1.4.0-SNAPSHOT.jar:?]
	at org.apache.hadoop.ozone.protocolPB.OzoneManagerProtocolServerSideTranslatorPB.submitReadRequestToOM(OzoneManagerProtocolServerSideTranslatorPB.java:225) ~[ozone-manager-1.4.0-SNAPSHOT.jar:?]
	at org.apache.hadoop.ozone.protocolPB.OzoneManagerProtocolServerSideTranslatorPB.processRequest(OzoneManagerProtocolServerSideTranslatorPB.java:179) ~[ozone-manager-1.4.0-SNAPSHOT.jar:?]
	at org.apache.hadoop.hdds.server.OzoneProtocolMessageDispatcher.processRequest(OzoneProtocolMessageDispatcher.java:87) [hdds-server-framework-1.4.0-SNAPSHOT.jar:?]
	at org.apache.hadoop.ozone.protocolPB.OzoneManagerProtocolServerSideTranslatorPB.submitRequest(OzoneManagerProtocolServerSideTranslatorPB.java:148) [ozone-manager-1.4.0-SNAPSHOT.jar:?]
	at org.apache.hadoop.ozone.protocol.proto.OzoneManagerProtocolProtos$OzoneManagerService$2.callBlockingMethod(OzoneManagerProtocolProtos.java) [ozone-interface-client-1.4.0-SNAPSHOT.jar:?]
	at org.apache.hadoop.ipc.ProtobufRpcEngine$Server.processCall(ProtobufRpcEngine.java:484) [hadoop-common-3.3.6.jar:?]
	at org.apache.hadoop.ipc.ProtobufRpcEngine2$Server$ProtoBufRpcInvoker.call(ProtobufRpcEngine2.java:595) [hadoop-common-3.3.6.jar:?]
	at org.apache.hadoop.ipc.ProtobufRpcEngine2$Server$ProtoBufRpcInvoker.call(ProtobufRpcEngine2.java:573) [hadoop-common-3.3.6.jar:?]
	at org.apache.hadoop.ipc.RPC$Server.call(RPC.java:1227) [hadoop-common-3.3.6.jar:?]
	at org.apache.hadoop.ipc.Server$RpcCall.run(Server.java:1094) [hadoop-common-3.3.6.jar:?]
	at org.apache.hadoop.ipc.Server$RpcCall.run(Server.java:1017) [hadoop-common-3.3.6.jar:?]
	at java.security.AccessController.doPrivileged(Native Method) ~[?:1.8.0_382]
	at javax.security.auth.Subject.doAs(Subject.java:422) [?:1.8.0_382]
	at org.apache.hadoop.security.UserGroupInformation.doAs(UserGroupInformation.java:1899) [hadoop-common-3.3.6.jar:?]
	at org.apache.hadoop.ipc.Server$Handler.run(Server.java:3048) [hadoop-common-3.3.6.jar:?]
08:52:26.038 [IPC Server handler 18 on default port 15004] ERROR OMAudit - user=runner | ip=127.0.0.1 | op=GET_FILE_STATUS {volume=volume72881, bucket=bucket22361, key=user/runner/dir1/dir2, dataSize=0, replicationConfig=null} | ret=FAILURE
org.apache.hadoop.ozone.om.exceptions.OMException: Unable to get file status: volume: volume72881 bucket: bucket22361 key: user/runner/dir1/dir2
	at org.apache.hadoop.ozone.om.KeyManagerImpl.getOzoneFileStatus(KeyManagerImpl.java:1195) ~[ozone-manager-1.4.0-SNAPSHOT.jar:?]
	at org.apache.hadoop.ozone.om.KeyManagerImpl.getFileStatus(KeyManagerImpl.java:1113) ~[ozone-manager-1.4.0-SNAPSHOT.jar:?]
	at org.apache.hadoop.ozone.om.OmMetadataReader.getFileStatus(OmMetadataReader.java:262) ~[ozone-manager-1.4.0-SNAPSHOT.jar:?]
	at org.apache.hadoop.ozone.om.OzoneManager.getFileStatus(OzoneManager.java:3530) ~[ozone-manager-1.4.0-SNAPSHOT.jar:?]
	at org.apache.hadoop.ozone.protocolPB.OzoneManagerRequestHandler.getOzoneFileStatus(OzoneManagerRequestHandler.java:971) ~[ozone-manager-1.4.0-SNAPSHOT.jar:?]
	at org.apache.hadoop.ozone.protocolPB.OzoneManagerRequestHandler.handleReadRequest(OzoneManagerRequestHandler.java:250) ~[ozone-manager-1.4.0-SNAPSHOT.jar:?]
	at org.apache.hadoop.ozone.protocolPB.OzoneManagerProtocolServerSideTranslatorPB.submitReadRequestToOM(OzoneManagerProtocolServerSideTranslatorPB.java:225) ~[ozone-manager-1.4.0-SNAPSHOT.jar:?]
	at org.apache.hadoop.ozone.protocolPB.OzoneManagerProtocolServerSideTranslatorPB.processRequest(OzoneManagerProtocolServerSideTranslatorPB.java:179) ~[ozone-manager-1.4.0-SNAPSHOT.jar:?]
	at org.apache.hadoop.hdds.server.OzoneProtocolMessageDispatcher.processRequest(OzoneProtocolMessageDispatcher.java:87) [hdds-server-framework-1.4.0-SNAPSHOT.jar:?]
	at org.apache.hadoop.ozone.protocolPB.OzoneManagerProtocolServerSideTranslatorPB.submitRequest(OzoneManagerProtocolServerSideTranslatorPB.java:148) [ozone-manager-1.4.0-SNAPSHOT.jar:?]
	at org.apache.hadoop.ozone.protocol.proto.OzoneManagerProtocolProtos$OzoneManagerService$2.callBlockingMethod(OzoneManagerProtocolProtos.java) [ozone-interface-client-1.4.0-SNAPSHOT.jar:?]
	at org.apache.hadoop.ipc.ProtobufRpcEngine$Server.processCall(ProtobufRpcEngine.java:484) [hadoop-common-3.3.6.jar:?]
	at org.apache.hadoop.ipc.ProtobufRpcEngine2$Server$ProtoBufRpcInvoker.call(ProtobufRpcEngine2.java:595) [hadoop-common-3.3.6.jar:?]
	at org.apache.hadoop.ipc.ProtobufRpcEngine2$Server$ProtoBufRpcInvoker.call(ProtobufRpcEngine2.java:573) [hadoop-common-3.3.6.jar:?]
	at org.apache.hadoop.ipc.RPC$Server.call(RPC.java:1227) [hadoop-common-3.3.6.jar:?]
	at org.apache.hadoop.ipc.Server$RpcCall.run(Server.java:1094) [hadoop-common-3.3.6.jar:?]
	at org.apache.hadoop.ipc.Server$RpcCall.run(Server.java:1017) [hadoop-common-3.3.6.jar:?]
	at java.security.AccessController.doPrivileged(Native Method) ~[?:1.8.0_382]
	at javax.security.auth.Subject.doAs(Subject.java:422) [?:1.8.0_382]
	at org.apache.hadoop.security.UserGroupInformation.doAs(UserGroupInformation.java:1899) [hadoop-common-3.3.6.jar:?]
	at org.apache.hadoop.ipc.Server$Handler.run(Server.java:3048) [hadoop-common-3.3.6.jar:?]
]]></system-out>
  </testcase>
  <testcase name="testRenameContainDelimiterFile" classname="TestOzoneFileSystem" time="0.033">
    <system-out><![CDATA[08:54:17.276 [IPC Server handler 13 on default port 15057] ERROR OMAudit - user=runner | ip=127.0.0.1 | op=GET_FILE_STATUS {volume=volume93671, bucket=bucket89282, key=dir1/dir2/key2, dataSize=0, replicationConfig=null} | ret=FAILURE
org.apache.hadoop.ozone.om.exceptions.OMException: Unable to get file status: volume: volume93671 bucket: bucket89282 key: dir1/dir2/key2
	at org.apache.hadoop.ozone.om.KeyManagerImpl.getOzoneFileStatus(KeyManagerImpl.java:1195) ~[ozone-manager-1.4.0-SNAPSHOT.jar:?]
	at org.apache.hadoop.ozone.om.KeyManagerImpl.getFileStatus(KeyManagerImpl.java:1113) ~[ozone-manager-1.4.0-SNAPSHOT.jar:?]
	at org.apache.hadoop.ozone.om.OmMetadataReader.getFileStatus(OmMetadataReader.java:262) ~[ozone-manager-1.4.0-SNAPSHOT.jar:?]
	at org.apache.hadoop.ozone.om.OzoneManager.getFileStatus(OzoneManager.java:3530) ~[ozone-manager-1.4.0-SNAPSHOT.jar:?]
	at org.apache.hadoop.ozone.protocolPB.OzoneManagerRequestHandler.getOzoneFileStatus(OzoneManagerRequestHandler.java:971) ~[ozone-manager-1.4.0-SNAPSHOT.jar:?]
	at org.apache.hadoop.ozone.protocolPB.OzoneManagerRequestHandler.handleReadRequest(OzoneManagerRequestHandler.java:250) ~[ozone-manager-1.4.0-SNAPSHOT.jar:?]
	at org.apache.hadoop.ozone.protocolPB.OzoneManagerProtocolServerSideTranslatorPB.submitRequestDirectlyToOM(OzoneManagerProtocolServerSideTranslatorPB.java:274) ~[ozone-manager-1.4.0-SNAPSHOT.jar:?]
	at org.apache.hadoop.ozone.protocolPB.OzoneManagerProtocolServerSideTranslatorPB.processRequest(OzoneManagerProtocolServerSideTranslatorPB.java:175) ~[ozone-manager-1.4.0-SNAPSHOT.jar:?]
	at org.apache.hadoop.hdds.server.OzoneProtocolMessageDispatcher.processRequest(OzoneProtocolMessageDispatcher.java:87) [hdds-server-framework-1.4.0-SNAPSHOT.jar:?]
	at org.apache.hadoop.ozone.protocolPB.OzoneManagerProtocolServerSideTranslatorPB.submitRequest(OzoneManagerProtocolServerSideTranslatorPB.java:148) [ozone-manager-1.4.0-SNAPSHOT.jar:?]
	at org.apache.hadoop.ozone.protocol.proto.OzoneManagerProtocolProtos$OzoneManagerService$2.callBlockingMethod(OzoneManagerProtocolProtos.java) [ozone-interface-client-1.4.0-SNAPSHOT.jar:?]
	at org.apache.hadoop.ipc.ProtobufRpcEngine$Server.processCall(ProtobufRpcEngine.java:484) [hadoop-common-3.3.6.jar:?]
	at org.apache.hadoop.ipc.ProtobufRpcEngine2$Server$ProtoBufRpcInvoker.call(ProtobufRpcEngine2.java:595) [hadoop-common-3.3.6.jar:?]
	at org.apache.hadoop.ipc.ProtobufRpcEngine2$Server$ProtoBufRpcInvoker.call(ProtobufRpcEngine2.java:573) [hadoop-common-3.3.6.jar:?]
	at org.apache.hadoop.ipc.RPC$Server.call(RPC.java:1227) [hadoop-common-3.3.6.jar:?]
	at org.apache.hadoop.ipc.Server$RpcCall.run(Server.java:1094) [hadoop-common-3.3.6.jar:?]
	at org.apache.hadoop.ipc.Server$RpcCall.run(Server.java:1017) [hadoop-common-3.3.6.jar:?]
	at java.security.AccessController.doPrivileged(Native Method) ~[?:1.8.0_382]
	at javax.security.auth.Subject.doAs(Subject.java:422) [?:1.8.0_382]
	at org.apache.hadoop.security.UserGroupInformation.doAs(UserGroupInformation.java:1899) [hadoop-common-3.3.6.jar:?]
	at org.apache.hadoop.ipc.Server$Handler.run(Server.java:3048) [hadoop-common-3.3.6.jar:?]
08:54:17.282 [IPC Server handler 15 on default port 15057] ERROR OMAudit - user=runner | ip=127.0.0.1 | op=GET_FILE_STATUS {volume=volume93671, bucket=bucket89282, key=dir1/dir2/key1, dataSize=0, replicationConfig=null} | ret=FAILURE
org.apache.hadoop.ozone.om.exceptions.OMException: Unable to get file status: volume: volume93671 bucket: bucket89282 key: dir1/dir2/key1
	at org.apache.hadoop.ozone.om.KeyManagerImpl.getOzoneFileStatus(KeyManagerImpl.java:1195) ~[ozone-manager-1.4.0-SNAPSHOT.jar:?]
	at org.apache.hadoop.ozone.om.KeyManagerImpl.getFileStatus(KeyManagerImpl.java:1113) ~[ozone-manager-1.4.0-SNAPSHOT.jar:?]
	at org.apache.hadoop.ozone.om.OmMetadataReader.getFileStatus(OmMetadataReader.java:262) ~[ozone-manager-1.4.0-SNAPSHOT.jar:?]
	at org.apache.hadoop.ozone.om.OzoneManager.getFileStatus(OzoneManager.java:3530) ~[ozone-manager-1.4.0-SNAPSHOT.jar:?]
	at org.apache.hadoop.ozone.protocolPB.OzoneManagerRequestHandler.getOzoneFileStatus(OzoneManagerRequestHandler.java:971) ~[ozone-manager-1.4.0-SNAPSHOT.jar:?]
	at org.apache.hadoop.ozone.protocolPB.OzoneManagerRequestHandler.handleReadRequest(OzoneManagerRequestHandler.java:250) ~[ozone-manager-1.4.0-SNAPSHOT.jar:?]
	at org.apache.hadoop.ozone.protocolPB.OzoneManagerProtocolServerSideTranslatorPB.submitRequestDirectlyToOM(OzoneManagerProtocolServerSideTranslatorPB.java:274) ~[ozone-manager-1.4.0-SNAPSHOT.jar:?]
	at org.apache.hadoop.ozone.protocolPB.OzoneManagerProtocolServerSideTranslatorPB.processRequest(OzoneManagerProtocolServerSideTranslatorPB.java:175) ~[ozone-manager-1.4.0-SNAPSHOT.jar:?]
	at org.apache.hadoop.hdds.server.OzoneProtocolMessageDispatcher.processRequest(OzoneProtocolMessageDispatcher.java:87) [hdds-server-framework-1.4.0-SNAPSHOT.jar:?]
	at org.apache.hadoop.ozone.protocolPB.OzoneManagerProtocolServerSideTranslatorPB.submitRequest(OzoneManagerProtocolServerSideTranslatorPB.java:148) [ozone-manager-1.4.0-SNAPSHOT.jar:?]
	at org.apache.hadoop.ozone.protocol.proto.OzoneManagerProtocolProtos$OzoneManagerService$2.callBlockingMethod(OzoneManagerProtocolProtos.java) [ozone-interface-client-1.4.0-SNAPSHOT.jar:?]
	at org.apache.hadoop.ipc.ProtobufRpcEngine$Server.processCall(ProtobufRpcEngine.java:484) [hadoop-common-3.3.6.jar:?]
	at org.apache.hadoop.ipc.ProtobufRpcEngine2$Server$ProtoBufRpcInvoker.call(ProtobufRpcEngine2.java:595) [hadoop-common-3.3.6.jar:?]
	at org.apache.hadoop.ipc.ProtobufRpcEngine2$Server$ProtoBufRpcInvoker.call(ProtobufRpcEngine2.java:573) [hadoop-common-3.3.6.jar:?]
	at org.apache.hadoop.ipc.RPC$Server.call(RPC.java:1227) [hadoop-common-3.3.6.jar:?]
	at org.apache.hadoop.ipc.Server$RpcCall.run(Server.java:1094) [hadoop-common-3.3.6.jar:?]
	at org.apache.hadoop.ipc.Server$RpcCall.run(Server.java:1017) [hadoop-common-3.3.6.jar:?]
	at java.security.AccessController.doPrivileged(Native Method) ~[?:1.8.0_382]
	at javax.security.auth.Subject.doAs(Subject.java:422) [?:1.8.0_382]
	at org.apache.hadoop.security.UserGroupInformation.doAs(UserGroupInformation.java:1899) [hadoop-common-3.3.6.jar:?]
	at org.apache.hadoop.ipc.Server$Handler.run(Server.java:3048) [hadoop-common-3.3.6.jar:?]
08:54:17.284 [IPC Server handler 18 on default port 15057] ERROR OMAudit - user=runner | ip=127.0.0.1 | op=GET_FILE_STATUS {volume=volume93671, bucket=bucket89282, key=user/runner/dir1, dataSize=0, replicationConfig=null} | ret=FAILURE
org.apache.hadoop.ozone.om.exceptions.OMException: Unable to get file status: volume: volume93671 bucket: bucket89282 key: user/runner/dir1
	at org.apache.hadoop.ozone.om.KeyManagerImpl.getOzoneFileStatus(KeyManagerImpl.java:1195) ~[ozone-manager-1.4.0-SNAPSHOT.jar:?]
	at org.apache.hadoop.ozone.om.KeyManagerImpl.getFileStatus(KeyManagerImpl.java:1113) ~[ozone-manager-1.4.0-SNAPSHOT.jar:?]
	at org.apache.hadoop.ozone.om.OmMetadataReader.getFileStatus(OmMetadataReader.java:262) ~[ozone-manager-1.4.0-SNAPSHOT.jar:?]
	at org.apache.hadoop.ozone.om.OzoneManager.getFileStatus(OzoneManager.java:3530) ~[ozone-manager-1.4.0-SNAPSHOT.jar:?]
	at org.apache.hadoop.ozone.protocolPB.OzoneManagerRequestHandler.getOzoneFileStatus(OzoneManagerRequestHandler.java:971) ~[ozone-manager-1.4.0-SNAPSHOT.jar:?]
	at org.apache.hadoop.ozone.protocolPB.OzoneManagerRequestHandler.handleReadRequest(OzoneManagerRequestHandler.java:250) ~[ozone-manager-1.4.0-SNAPSHOT.jar:?]
	at org.apache.hadoop.ozone.protocolPB.OzoneManagerProtocolServerSideTranslatorPB.submitRequestDirectlyToOM(OzoneManagerProtocolServerSideTranslatorPB.java:274) ~[ozone-manager-1.4.0-SNAPSHOT.jar:?]
	at org.apache.hadoop.ozone.protocolPB.OzoneManagerProtocolServerSideTranslatorPB.processRequest(OzoneManagerProtocolServerSideTranslatorPB.java:175) ~[ozone-manager-1.4.0-SNAPSHOT.jar:?]
	at org.apache.hadoop.hdds.server.OzoneProtocolMessageDispatcher.processRequest(OzoneProtocolMessageDispatcher.java:87) [hdds-server-framework-1.4.0-SNAPSHOT.jar:?]
	at org.apache.hadoop.ozone.protocolPB.OzoneManagerProtocolServerSideTranslatorPB.submitRequest(OzoneManagerProtocolServerSideTranslatorPB.java:148) [ozone-manager-1.4.0-SNAPSHOT.jar:?]
	at org.apache.hadoop.ozone.protocol.proto.OzoneManagerProtocolProtos$OzoneManagerService$2.callBlockingMethod(OzoneManagerProtocolProtos.java) [ozone-interface-client-1.4.0-SNAPSHOT.jar:?]
	at org.apache.hadoop.ipc.ProtobufRpcEngine$Server.processCall(ProtobufRpcEngine.java:484) [hadoop-common-3.3.6.jar:?]
	at org.apache.hadoop.ipc.ProtobufRpcEngine2$Server$ProtoBufRpcInvoker.call(ProtobufRpcEngine2.java:595) [hadoop-common-3.3.6.jar:?]
	at org.apache.hadoop.ipc.ProtobufRpcEngine2$Server$ProtoBufRpcInvoker.call(ProtobufRpcEngine2.java:573) [hadoop-common-3.3.6.jar:?]
	at org.apache.hadoop.ipc.RPC$Server.call(RPC.java:1227) [hadoop-common-3.3.6.jar:?]
	at org.apache.hadoop.ipc.Server$RpcCall.run(Server.java:1094) [hadoop-common-3.3.6.jar:?]
	at org.apache.hadoop.ipc.Server$RpcCall.run(Server.java:1017) [hadoop-common-3.3.6.jar:?]
	at java.security.AccessController.doPrivileged(Native Method) ~[?:1.8.0_382]
	at javax.security.auth.Subject.doAs(Subject.java:422) [?:1.8.0_382]
	at org.apache.hadoop.security.UserGroupInformation.doAs(UserGroupInformation.java:1899) [hadoop-common-3.3.6.jar:?]
	at org.apache.hadoop.ipc.Server$Handler.run(Server.java:3048) [hadoop-common-3.3.6.jar:?]
08:54:17.286 [IPC Server handler 19 on default port 15057] ERROR OMAudit - user=runner | ip=127.0.0.1 | op=GET_FILE_STATUS {volume=volume93671, bucket=bucket89282, key=user/runner/dir1/dir2, dataSize=0, replicationConfig=null} | ret=FAILURE
org.apache.hadoop.ozone.om.exceptions.OMException: Unable to get file status: volume: volume93671 bucket: bucket89282 key: user/runner/dir1/dir2
	at org.apache.hadoop.ozone.om.KeyManagerImpl.getOzoneFileStatus(KeyManagerImpl.java:1195) ~[ozone-manager-1.4.0-SNAPSHOT.jar:?]
	at org.apache.hadoop.ozone.om.KeyManagerImpl.getFileStatus(KeyManagerImpl.java:1113) ~[ozone-manager-1.4.0-SNAPSHOT.jar:?]
	at org.apache.hadoop.ozone.om.OmMetadataReader.getFileStatus(OmMetadataReader.java:262) ~[ozone-manager-1.4.0-SNAPSHOT.jar:?]
	at org.apache.hadoop.ozone.om.OzoneManager.getFileStatus(OzoneManager.java:3530) ~[ozone-manager-1.4.0-SNAPSHOT.jar:?]
	at org.apache.hadoop.ozone.protocolPB.OzoneManagerRequestHandler.getOzoneFileStatus(OzoneManagerRequestHandler.java:971) ~[ozone-manager-1.4.0-SNAPSHOT.jar:?]
	at org.apache.hadoop.ozone.protocolPB.OzoneManagerRequestHandler.handleReadRequest(OzoneManagerRequestHandler.java:250) ~[ozone-manager-1.4.0-SNAPSHOT.jar:?]
	at org.apache.hadoop.ozone.protocolPB.OzoneManagerProtocolServerSideTranslatorPB.submitRequestDirectlyToOM(OzoneManagerProtocolServerSideTranslatorPB.java:274) ~[ozone-manager-1.4.0-SNAPSHOT.jar:?]
	at org.apache.hadoop.ozone.protocolPB.OzoneManagerProtocolServerSideTranslatorPB.processRequest(OzoneManagerProtocolServerSideTranslatorPB.java:175) ~[ozone-manager-1.4.0-SNAPSHOT.jar:?]
	at org.apache.hadoop.hdds.server.OzoneProtocolMessageDispatcher.processRequest(OzoneProtocolMessageDispatcher.java:87) [hdds-server-framework-1.4.0-SNAPSHOT.jar:?]
	at org.apache.hadoop.ozone.protocolPB.OzoneManagerProtocolServerSideTranslatorPB.submitRequest(OzoneManagerProtocolServerSideTranslatorPB.java:148) [ozone-manager-1.4.0-SNAPSHOT.jar:?]
	at org.apache.hadoop.ozone.protocol.proto.OzoneManagerProtocolProtos$OzoneManagerService$2.callBlockingMethod(OzoneManagerProtocolProtos.java) [ozone-interface-client-1.4.0-SNAPSHOT.jar:?]
	at org.apache.hadoop.ipc.ProtobufRpcEngine$Server.processCall(ProtobufRpcEngine.java:484) [hadoop-common-3.3.6.jar:?]
	at org.apache.hadoop.ipc.ProtobufRpcEngine2$Server$ProtoBufRpcInvoker.call(ProtobufRpcEngine2.java:595) [hadoop-common-3.3.6.jar:?]
	at org.apache.hadoop.ipc.ProtobufRpcEngine2$Server$ProtoBufRpcInvoker.call(ProtobufRpcEngine2.java:573) [hadoop-common-3.3.6.jar:?]
	at org.apache.hadoop.ipc.RPC$Server.call(RPC.java:1227) [hadoop-common-3.3.6.jar:?]
	at org.apache.hadoop.ipc.Server$RpcCall.run(Server.java:1094) [hadoop-common-3.3.6.jar:?]
	at org.apache.hadoop.ipc.Server$RpcCall.run(Server.java:1017) [hadoop-common-3.3.6.jar:?]
	at java.security.AccessController.doPrivileged(Native Method) ~[?:1.8.0_382]
	at javax.security.auth.Subject.doAs(Subject.java:422) [?:1.8.0_382]
	at org.apache.hadoop.security.UserGroupInformation.doAs(UserGroupInformation.java:1899) [hadoop-common-3.3.6.jar:?]
	at org.apache.hadoop.ipc.Server$Handler.run(Server.java:3048) [hadoop-common-3.3.6.jar:?]
]]></system-out>
  </testcase>
  <testcase name="testRenameContainDelimiterFile" classname="TestOzoneFileSystem" time="0.032">
    <system-out><![CDATA[08:55:41.278 [IPC Server handler 16 on default port 15110] ERROR OMAudit - user=runner | ip=127.0.0.1 | op=GET_FILE_STATUS {volume=volume76246, bucket=bucket29151, key=dir1/dir2/key2, dataSize=0, replicationConfig=null} | ret=FAILURE
org.apache.hadoop.ozone.om.exceptions.OMException: Unable to get file status: volume: volume76246 bucket: bucket29151 key: dir1/dir2/key2
	at org.apache.hadoop.ozone.om.KeyManagerImpl.getOzoneFileStatus(KeyManagerImpl.java:1195) ~[ozone-manager-1.4.0-SNAPSHOT.jar:?]
	at org.apache.hadoop.ozone.om.KeyManagerImpl.getFileStatus(KeyManagerImpl.java:1113) ~[ozone-manager-1.4.0-SNAPSHOT.jar:?]
	at org.apache.hadoop.ozone.om.OmMetadataReader.getFileStatus(OmMetadataReader.java:262) ~[ozone-manager-1.4.0-SNAPSHOT.jar:?]
	at org.apache.hadoop.ozone.om.OzoneManager.getFileStatus(OzoneManager.java:3530) ~[ozone-manager-1.4.0-SNAPSHOT.jar:?]
	at org.apache.hadoop.ozone.protocolPB.OzoneManagerRequestHandler.getOzoneFileStatus(OzoneManagerRequestHandler.java:971) ~[ozone-manager-1.4.0-SNAPSHOT.jar:?]
	at org.apache.hadoop.ozone.protocolPB.OzoneManagerRequestHandler.handleReadRequest(OzoneManagerRequestHandler.java:250) ~[ozone-manager-1.4.0-SNAPSHOT.jar:?]
	at org.apache.hadoop.ozone.protocolPB.OzoneManagerProtocolServerSideTranslatorPB.submitReadRequestToOM(OzoneManagerProtocolServerSideTranslatorPB.java:225) ~[ozone-manager-1.4.0-SNAPSHOT.jar:?]
	at org.apache.hadoop.ozone.protocolPB.OzoneManagerProtocolServerSideTranslatorPB.processRequest(OzoneManagerProtocolServerSideTranslatorPB.java:179) ~[ozone-manager-1.4.0-SNAPSHOT.jar:?]
	at org.apache.hadoop.hdds.server.OzoneProtocolMessageDispatcher.processRequest(OzoneProtocolMessageDispatcher.java:87) [hdds-server-framework-1.4.0-SNAPSHOT.jar:?]
	at org.apache.hadoop.ozone.protocolPB.OzoneManagerProtocolServerSideTranslatorPB.submitRequest(OzoneManagerProtocolServerSideTranslatorPB.java:148) [ozone-manager-1.4.0-SNAPSHOT.jar:?]
	at org.apache.hadoop.ozone.protocol.proto.OzoneManagerProtocolProtos$OzoneManagerService$2.callBlockingMethod(OzoneManagerProtocolProtos.java) [ozone-interface-client-1.4.0-SNAPSHOT.jar:?]
	at org.apache.hadoop.ipc.ProtobufRpcEngine$Server.processCall(ProtobufRpcEngine.java:484) [hadoop-common-3.3.6.jar:?]
	at org.apache.hadoop.ipc.ProtobufRpcEngine2$Server$ProtoBufRpcInvoker.call(ProtobufRpcEngine2.java:595) [hadoop-common-3.3.6.jar:?]
	at org.apache.hadoop.ipc.ProtobufRpcEngine2$Server$ProtoBufRpcInvoker.call(ProtobufRpcEngine2.java:573) [hadoop-common-3.3.6.jar:?]
	at org.apache.hadoop.ipc.RPC$Server.call(RPC.java:1227) [hadoop-common-3.3.6.jar:?]
	at org.apache.hadoop.ipc.Server$RpcCall.run(Server.java:1094) [hadoop-common-3.3.6.jar:?]
	at org.apache.hadoop.ipc.Server$RpcCall.run(Server.java:1017) [hadoop-common-3.3.6.jar:?]
	at java.security.AccessController.doPrivileged(Native Method) ~[?:1.8.0_382]
	at javax.security.auth.Subject.doAs(Subject.java:422) [?:1.8.0_382]
	at org.apache.hadoop.security.UserGroupInformation.doAs(UserGroupInformation.java:1899) [hadoop-common-3.3.6.jar:?]
	at org.apache.hadoop.ipc.Server$Handler.run(Server.java:3048) [hadoop-common-3.3.6.jar:?]
08:55:41.285 [IPC Server handler 8 on default port 15110] ERROR OMAudit - user=runner | ip=127.0.0.1 | op=GET_FILE_STATUS {volume=volume76246, bucket=bucket29151, key=dir1/dir2/key1, dataSize=0, replicationConfig=null} | ret=FAILURE
org.apache.hadoop.ozone.om.exceptions.OMException: Unable to get file status: volume: volume76246 bucket: bucket29151 key: dir1/dir2/key1
	at org.apache.hadoop.ozone.om.KeyManagerImpl.getOzoneFileStatus(KeyManagerImpl.java:1195) ~[ozone-manager-1.4.0-SNAPSHOT.jar:?]
	at org.apache.hadoop.ozone.om.KeyManagerImpl.getFileStatus(KeyManagerImpl.java:1113) ~[ozone-manager-1.4.0-SNAPSHOT.jar:?]
	at org.apache.hadoop.ozone.om.OmMetadataReader.getFileStatus(OmMetadataReader.java:262) ~[ozone-manager-1.4.0-SNAPSHOT.jar:?]
	at org.apache.hadoop.ozone.om.OzoneManager.getFileStatus(OzoneManager.java:3530) ~[ozone-manager-1.4.0-SNAPSHOT.jar:?]
	at org.apache.hadoop.ozone.protocolPB.OzoneManagerRequestHandler.getOzoneFileStatus(OzoneManagerRequestHandler.java:971) ~[ozone-manager-1.4.0-SNAPSHOT.jar:?]
	at org.apache.hadoop.ozone.protocolPB.OzoneManagerRequestHandler.handleReadRequest(OzoneManagerRequestHandler.java:250) ~[ozone-manager-1.4.0-SNAPSHOT.jar:?]
	at org.apache.hadoop.ozone.protocolPB.OzoneManagerProtocolServerSideTranslatorPB.submitReadRequestToOM(OzoneManagerProtocolServerSideTranslatorPB.java:225) ~[ozone-manager-1.4.0-SNAPSHOT.jar:?]
	at org.apache.hadoop.ozone.protocolPB.OzoneManagerProtocolServerSideTranslatorPB.processRequest(OzoneManagerProtocolServerSideTranslatorPB.java:179) ~[ozone-manager-1.4.0-SNAPSHOT.jar:?]
	at org.apache.hadoop.hdds.server.OzoneProtocolMessageDispatcher.processRequest(OzoneProtocolMessageDispatcher.java:87) [hdds-server-framework-1.4.0-SNAPSHOT.jar:?]
	at org.apache.hadoop.ozone.protocolPB.OzoneManagerProtocolServerSideTranslatorPB.submitRequest(OzoneManagerProtocolServerSideTranslatorPB.java:148) [ozone-manager-1.4.0-SNAPSHOT.jar:?]
	at org.apache.hadoop.ozone.protocol.proto.OzoneManagerProtocolProtos$OzoneManagerService$2.callBlockingMethod(OzoneManagerProtocolProtos.java) [ozone-interface-client-1.4.0-SNAPSHOT.jar:?]
	at org.apache.hadoop.ipc.ProtobufRpcEngine$Server.processCall(ProtobufRpcEngine.java:484) [hadoop-common-3.3.6.jar:?]
	at org.apache.hadoop.ipc.ProtobufRpcEngine2$Server$ProtoBufRpcInvoker.call(ProtobufRpcEngine2.java:595) [hadoop-common-3.3.6.jar:?]
	at org.apache.hadoop.ipc.ProtobufRpcEngine2$Server$ProtoBufRpcInvoker.call(ProtobufRpcEngine2.java:573) [hadoop-common-3.3.6.jar:?]
	at org.apache.hadoop.ipc.RPC$Server.call(RPC.java:1227) [hadoop-common-3.3.6.jar:?]
	at org.apache.hadoop.ipc.Server$RpcCall.run(Server.java:1094) [hadoop-common-3.3.6.jar:?]
	at org.apache.hadoop.ipc.Server$RpcCall.run(Server.java:1017) [hadoop-common-3.3.6.jar:?]
	at java.security.AccessController.doPrivileged(Native Method) ~[?:1.8.0_382]
	at javax.security.auth.Subject.doAs(Subject.java:422) [?:1.8.0_382]
	at org.apache.hadoop.security.UserGroupInformation.doAs(UserGroupInformation.java:1899) [hadoop-common-3.3.6.jar:?]
	at org.apache.hadoop.ipc.Server$Handler.run(Server.java:3048) [hadoop-common-3.3.6.jar:?]
08:55:41.287 [IPC Server handler 19 on default port 15110] ERROR OMAudit - user=runner | ip=127.0.0.1 | op=GET_FILE_STATUS {volume=volume76246, bucket=bucket29151, key=user/runner/dir1, dataSize=0, replicationConfig=null} | ret=FAILURE
org.apache.hadoop.ozone.om.exceptions.OMException: Unable to get file status: volume: volume76246 bucket: bucket29151 key: user/runner/dir1
	at org.apache.hadoop.ozone.om.KeyManagerImpl.getOzoneFileStatus(KeyManagerImpl.java:1195) ~[ozone-manager-1.4.0-SNAPSHOT.jar:?]
	at org.apache.hadoop.ozone.om.KeyManagerImpl.getFileStatus(KeyManagerImpl.java:1113) ~[ozone-manager-1.4.0-SNAPSHOT.jar:?]
	at org.apache.hadoop.ozone.om.OmMetadataReader.getFileStatus(OmMetadataReader.java:262) ~[ozone-manager-1.4.0-SNAPSHOT.jar:?]
	at org.apache.hadoop.ozone.om.OzoneManager.getFileStatus(OzoneManager.java:3530) ~[ozone-manager-1.4.0-SNAPSHOT.jar:?]
	at org.apache.hadoop.ozone.protocolPB.OzoneManagerRequestHandler.getOzoneFileStatus(OzoneManagerRequestHandler.java:971) ~[ozone-manager-1.4.0-SNAPSHOT.jar:?]
	at org.apache.hadoop.ozone.protocolPB.OzoneManagerRequestHandler.handleReadRequest(OzoneManagerRequestHandler.java:250) ~[ozone-manager-1.4.0-SNAPSHOT.jar:?]
	at org.apache.hadoop.ozone.protocolPB.OzoneManagerProtocolServerSideTranslatorPB.submitReadRequestToOM(OzoneManagerProtocolServerSideTranslatorPB.java:225) ~[ozone-manager-1.4.0-SNAPSHOT.jar:?]
	at org.apache.hadoop.ozone.protocolPB.OzoneManagerProtocolServerSideTranslatorPB.processRequest(OzoneManagerProtocolServerSideTranslatorPB.java:179) ~[ozone-manager-1.4.0-SNAPSHOT.jar:?]
	at org.apache.hadoop.hdds.server.OzoneProtocolMessageDispatcher.processRequest(OzoneProtocolMessageDispatcher.java:87) [hdds-server-framework-1.4.0-SNAPSHOT.jar:?]
	at org.apache.hadoop.ozone.protocolPB.OzoneManagerProtocolServerSideTranslatorPB.submitRequest(OzoneManagerProtocolServerSideTranslatorPB.java:148) [ozone-manager-1.4.0-SNAPSHOT.jar:?]
	at org.apache.hadoop.ozone.protocol.proto.OzoneManagerProtocolProtos$OzoneManagerService$2.callBlockingMethod(OzoneManagerProtocolProtos.java) [ozone-interface-client-1.4.0-SNAPSHOT.jar:?]
	at org.apache.hadoop.ipc.ProtobufRpcEngine$Server.processCall(ProtobufRpcEngine.java:484) [hadoop-common-3.3.6.jar:?]
	at org.apache.hadoop.ipc.ProtobufRpcEngine2$Server$ProtoBufRpcInvoker.call(ProtobufRpcEngine2.java:595) [hadoop-common-3.3.6.jar:?]
	at org.apache.hadoop.ipc.ProtobufRpcEngine2$Server$ProtoBufRpcInvoker.call(ProtobufRpcEngine2.java:573) [hadoop-common-3.3.6.jar:?]
	at org.apache.hadoop.ipc.RPC$Server.call(RPC.java:1227) [hadoop-common-3.3.6.jar:?]
	at org.apache.hadoop.ipc.Server$RpcCall.run(Server.java:1094) [hadoop-common-3.3.6.jar:?]
	at org.apache.hadoop.ipc.Server$RpcCall.run(Server.java:1017) [hadoop-common-3.3.6.jar:?]
	at java.security.AccessController.doPrivileged(Native Method) ~[?:1.8.0_382]
	at javax.security.auth.Subject.doAs(Subject.java:422) [?:1.8.0_382]
	at org.apache.hadoop.security.UserGroupInformation.doAs(UserGroupInformation.java:1899) [hadoop-common-3.3.6.jar:?]
	at org.apache.hadoop.ipc.Server$Handler.run(Server.java:3048) [hadoop-common-3.3.6.jar:?]
08:55:41.288 [IPC Server handler 17 on default port 15110] ERROR OMAudit - user=runner | ip=127.0.0.1 | op=GET_FILE_STATUS {volume=volume76246, bucket=bucket29151, key=user/runner/dir1/dir2, dataSize=0, replicationConfig=null} | ret=FAILURE
org.apache.hadoop.ozone.om.exceptions.OMException: Unable to get file status: volume: volume76246 bucket: bucket29151 key: user/runner/dir1/dir2
	at org.apache.hadoop.ozone.om.KeyManagerImpl.getOzoneFileStatus(KeyManagerImpl.java:1195) ~[ozone-manager-1.4.0-SNAPSHOT.jar:?]
	at org.apache.hadoop.ozone.om.KeyManagerImpl.getFileStatus(KeyManagerImpl.java:1113) ~[ozone-manager-1.4.0-SNAPSHOT.jar:?]
	at org.apache.hadoop.ozone.om.OmMetadataReader.getFileStatus(OmMetadataReader.java:262) ~[ozone-manager-1.4.0-SNAPSHOT.jar:?]
	at org.apache.hadoop.ozone.om.OzoneManager.getFileStatus(OzoneManager.java:3530) ~[ozone-manager-1.4.0-SNAPSHOT.jar:?]
	at org.apache.hadoop.ozone.protocolPB.OzoneManagerRequestHandler.getOzoneFileStatus(OzoneManagerRequestHandler.java:971) ~[ozone-manager-1.4.0-SNAPSHOT.jar:?]
	at org.apache.hadoop.ozone.protocolPB.OzoneManagerRequestHandler.handleReadRequest(OzoneManagerRequestHandler.java:250) ~[ozone-manager-1.4.0-SNAPSHOT.jar:?]
	at org.apache.hadoop.ozone.protocolPB.OzoneManagerProtocolServerSideTranslatorPB.submitReadRequestToOM(OzoneManagerProtocolServerSideTranslatorPB.java:225) ~[ozone-manager-1.4.0-SNAPSHOT.jar:?]
	at org.apache.hadoop.ozone.protocolPB.OzoneManagerProtocolServerSideTranslatorPB.processRequest(OzoneManagerProtocolServerSideTranslatorPB.java:179) ~[ozone-manager-1.4.0-SNAPSHOT.jar:?]
	at org.apache.hadoop.hdds.server.OzoneProtocolMessageDispatcher.processRequest(OzoneProtocolMessageDispatcher.java:87) [hdds-server-framework-1.4.0-SNAPSHOT.jar:?]
	at org.apache.hadoop.ozone.protocolPB.OzoneManagerProtocolServerSideTranslatorPB.submitRequest(OzoneManagerProtocolServerSideTranslatorPB.java:148) [ozone-manager-1.4.0-SNAPSHOT.jar:?]
	at org.apache.hadoop.ozone.protocol.proto.OzoneManagerProtocolProtos$OzoneManagerService$2.callBlockingMethod(OzoneManagerProtocolProtos.java) [ozone-interface-client-1.4.0-SNAPSHOT.jar:?]
	at org.apache.hadoop.ipc.ProtobufRpcEngine$Server.processCall(ProtobufRpcEngine.java:484) [hadoop-common-3.3.6.jar:?]
	at org.apache.hadoop.ipc.ProtobufRpcEngine2$Server$ProtoBufRpcInvoker.call(ProtobufRpcEngine2.java:595) [hadoop-common-3.3.6.jar:?]
	at org.apache.hadoop.ipc.ProtobufRpcEngine2$Server$ProtoBufRpcInvoker.call(ProtobufRpcEngine2.java:573) [hadoop-common-3.3.6.jar:?]
	at org.apache.hadoop.ipc.RPC$Server.call(RPC.java:1227) [hadoop-common-3.3.6.jar:?]
	at org.apache.hadoop.ipc.Server$RpcCall.run(Server.java:1094) [hadoop-common-3.3.6.jar:?]
	at org.apache.hadoop.ipc.Server$RpcCall.run(Server.java:1017) [hadoop-common-3.3.6.jar:?]
	at java.security.AccessController.doPrivileged(Native Method) ~[?:1.8.0_382]
	at javax.security.auth.Subject.doAs(Subject.java:422) [?:1.8.0_382]
	at org.apache.hadoop.security.UserGroupInformation.doAs(UserGroupInformation.java:1899) [hadoop-common-3.3.6.jar:?]
	at org.apache.hadoop.ipc.Server$Handler.run(Server.java:3048) [hadoop-common-3.3.6.jar:?]
]]></system-out>
  </testcase>
  <testcase name="testRenameContainDelimiterFile" classname="TestOzoneFileSystem" time="0.035">
    <system-out><![CDATA[08:57:18.597 [IPC Server handler 5 on default port 15163] ERROR OMAudit - user=runner | ip=127.0.0.1 | op=GET_FILE_STATUS {volume=volume04563, bucket=bucket31706, key=dir1/dir2/key2, dataSize=0, replicationConfig=null} | ret=FAILURE
org.apache.hadoop.ozone.om.exceptions.OMException: Unable to get file status: volume: volume04563 bucket: bucket31706 key: dir1/dir2/key2
	at org.apache.hadoop.ozone.om.KeyManagerImpl.getOzoneFileStatus(KeyManagerImpl.java:1195) ~[ozone-manager-1.4.0-SNAPSHOT.jar:?]
	at org.apache.hadoop.ozone.om.KeyManagerImpl.getFileStatus(KeyManagerImpl.java:1113) ~[ozone-manager-1.4.0-SNAPSHOT.jar:?]
	at org.apache.hadoop.ozone.om.OmMetadataReader.getFileStatus(OmMetadataReader.java:262) ~[ozone-manager-1.4.0-SNAPSHOT.jar:?]
	at org.apache.hadoop.ozone.om.OzoneManager.getFileStatus(OzoneManager.java:3530) ~[ozone-manager-1.4.0-SNAPSHOT.jar:?]
	at org.apache.hadoop.ozone.protocolPB.OzoneManagerRequestHandler.getOzoneFileStatus(OzoneManagerRequestHandler.java:971) ~[ozone-manager-1.4.0-SNAPSHOT.jar:?]
	at org.apache.hadoop.ozone.protocolPB.OzoneManagerRequestHandler.handleReadRequest(OzoneManagerRequestHandler.java:250) ~[ozone-manager-1.4.0-SNAPSHOT.jar:?]
	at org.apache.hadoop.ozone.protocolPB.OzoneManagerProtocolServerSideTranslatorPB.submitRequestDirectlyToOM(OzoneManagerProtocolServerSideTranslatorPB.java:274) ~[ozone-manager-1.4.0-SNAPSHOT.jar:?]
	at org.apache.hadoop.ozone.protocolPB.OzoneManagerProtocolServerSideTranslatorPB.processRequest(OzoneManagerProtocolServerSideTranslatorPB.java:175) ~[ozone-manager-1.4.0-SNAPSHOT.jar:?]
	at org.apache.hadoop.hdds.server.OzoneProtocolMessageDispatcher.processRequest(OzoneProtocolMessageDispatcher.java:87) [hdds-server-framework-1.4.0-SNAPSHOT.jar:?]
	at org.apache.hadoop.ozone.protocolPB.OzoneManagerProtocolServerSideTranslatorPB.submitRequest(OzoneManagerProtocolServerSideTranslatorPB.java:148) [ozone-manager-1.4.0-SNAPSHOT.jar:?]
	at org.apache.hadoop.ozone.protocol.proto.OzoneManagerProtocolProtos$OzoneManagerService$2.callBlockingMethod(OzoneManagerProtocolProtos.java) [ozone-interface-client-1.4.0-SNAPSHOT.jar:?]
	at org.apache.hadoop.ipc.ProtobufRpcEngine$Server.processCall(ProtobufRpcEngine.java:484) [hadoop-common-3.3.6.jar:?]
	at org.apache.hadoop.ipc.ProtobufRpcEngine2$Server$ProtoBufRpcInvoker.call(ProtobufRpcEngine2.java:595) [hadoop-common-3.3.6.jar:?]
	at org.apache.hadoop.ipc.ProtobufRpcEngine2$Server$ProtoBufRpcInvoker.call(ProtobufRpcEngine2.java:573) [hadoop-common-3.3.6.jar:?]
	at org.apache.hadoop.ipc.RPC$Server.call(RPC.java:1227) [hadoop-common-3.3.6.jar:?]
	at org.apache.hadoop.ipc.Server$RpcCall.run(Server.java:1094) [hadoop-common-3.3.6.jar:?]
	at org.apache.hadoop.ipc.Server$RpcCall.run(Server.java:1017) [hadoop-common-3.3.6.jar:?]
	at java.security.AccessController.doPrivileged(Native Method) ~[?:1.8.0_382]
	at javax.security.auth.Subject.doAs(Subject.java:422) [?:1.8.0_382]
	at org.apache.hadoop.security.UserGroupInformation.doAs(UserGroupInformation.java:1899) [hadoop-common-3.3.6.jar:?]
	at org.apache.hadoop.ipc.Server$Handler.run(Server.java:3048) [hadoop-common-3.3.6.jar:?]
08:57:18.603 [IPC Server handler 6 on default port 15163] ERROR OMAudit - user=runner | ip=127.0.0.1 | op=GET_FILE_STATUS {volume=volume04563, bucket=bucket31706, key=dir1/dir2/key1, dataSize=0, replicationConfig=null} | ret=FAILURE
org.apache.hadoop.ozone.om.exceptions.OMException: Unable to get file status: volume: volume04563 bucket: bucket31706 key: dir1/dir2/key1
	at org.apache.hadoop.ozone.om.KeyManagerImpl.getOzoneFileStatus(KeyManagerImpl.java:1195) ~[ozone-manager-1.4.0-SNAPSHOT.jar:?]
	at org.apache.hadoop.ozone.om.KeyManagerImpl.getFileStatus(KeyManagerImpl.java:1113) ~[ozone-manager-1.4.0-SNAPSHOT.jar:?]
	at org.apache.hadoop.ozone.om.OmMetadataReader.getFileStatus(OmMetadataReader.java:262) ~[ozone-manager-1.4.0-SNAPSHOT.jar:?]
	at org.apache.hadoop.ozone.om.OzoneManager.getFileStatus(OzoneManager.java:3530) ~[ozone-manager-1.4.0-SNAPSHOT.jar:?]
	at org.apache.hadoop.ozone.protocolPB.OzoneManagerRequestHandler.getOzoneFileStatus(OzoneManagerRequestHandler.java:971) ~[ozone-manager-1.4.0-SNAPSHOT.jar:?]
	at org.apache.hadoop.ozone.protocolPB.OzoneManagerRequestHandler.handleReadRequest(OzoneManagerRequestHandler.java:250) ~[ozone-manager-1.4.0-SNAPSHOT.jar:?]
	at org.apache.hadoop.ozone.protocolPB.OzoneManagerProtocolServerSideTranslatorPB.submitRequestDirectlyToOM(OzoneManagerProtocolServerSideTranslatorPB.java:274) ~[ozone-manager-1.4.0-SNAPSHOT.jar:?]
	at org.apache.hadoop.ozone.protocolPB.OzoneManagerProtocolServerSideTranslatorPB.processRequest(OzoneManagerProtocolServerSideTranslatorPB.java:175) ~[ozone-manager-1.4.0-SNAPSHOT.jar:?]
	at org.apache.hadoop.hdds.server.OzoneProtocolMessageDispatcher.processRequest(OzoneProtocolMessageDispatcher.java:87) [hdds-server-framework-1.4.0-SNAPSHOT.jar:?]
	at org.apache.hadoop.ozone.protocolPB.OzoneManagerProtocolServerSideTranslatorPB.submitRequest(OzoneManagerProtocolServerSideTranslatorPB.java:148) [ozone-manager-1.4.0-SNAPSHOT.jar:?]
	at org.apache.hadoop.ozone.protocol.proto.OzoneManagerProtocolProtos$OzoneManagerService$2.callBlockingMethod(OzoneManagerProtocolProtos.java) [ozone-interface-client-1.4.0-SNAPSHOT.jar:?]
	at org.apache.hadoop.ipc.ProtobufRpcEngine$Server.processCall(ProtobufRpcEngine.java:484) [hadoop-common-3.3.6.jar:?]
	at org.apache.hadoop.ipc.ProtobufRpcEngine2$Server$ProtoBufRpcInvoker.call(ProtobufRpcEngine2.java:595) [hadoop-common-3.3.6.jar:?]
	at org.apache.hadoop.ipc.ProtobufRpcEngine2$Server$ProtoBufRpcInvoker.call(ProtobufRpcEngine2.java:573) [hadoop-common-3.3.6.jar:?]
	at org.apache.hadoop.ipc.RPC$Server.call(RPC.java:1227) [hadoop-common-3.3.6.jar:?]
	at org.apache.hadoop.ipc.Server$RpcCall.run(Server.java:1094) [hadoop-common-3.3.6.jar:?]
	at org.apache.hadoop.ipc.Server$RpcCall.run(Server.java:1017) [hadoop-common-3.3.6.jar:?]
	at java.security.AccessController.doPrivileged(Native Method) ~[?:1.8.0_382]
	at javax.security.auth.Subject.doAs(Subject.java:422) [?:1.8.0_382]
	at org.apache.hadoop.security.UserGroupInformation.doAs(UserGroupInformation.java:1899) [hadoop-common-3.3.6.jar:?]
	at org.apache.hadoop.ipc.Server$Handler.run(Server.java:3048) [hadoop-common-3.3.6.jar:?]
08:57:18.605 [IPC Server handler 19 on default port 15163] ERROR OMAudit - user=runner | ip=127.0.0.1 | op=GET_FILE_STATUS {volume=volume04563, bucket=bucket31706, key=user/runner/dir1, dataSize=0, replicationConfig=null} | ret=FAILURE
org.apache.hadoop.ozone.om.exceptions.OMException: Unable to get file status: volume: volume04563 bucket: bucket31706 key: user/runner/dir1
	at org.apache.hadoop.ozone.om.KeyManagerImpl.getOzoneFileStatus(KeyManagerImpl.java:1195) ~[ozone-manager-1.4.0-SNAPSHOT.jar:?]
	at org.apache.hadoop.ozone.om.KeyManagerImpl.getFileStatus(KeyManagerImpl.java:1113) ~[ozone-manager-1.4.0-SNAPSHOT.jar:?]
	at org.apache.hadoop.ozone.om.OmMetadataReader.getFileStatus(OmMetadataReader.java:262) ~[ozone-manager-1.4.0-SNAPSHOT.jar:?]
	at org.apache.hadoop.ozone.om.OzoneManager.getFileStatus(OzoneManager.java:3530) ~[ozone-manager-1.4.0-SNAPSHOT.jar:?]
	at org.apache.hadoop.ozone.protocolPB.OzoneManagerRequestHandler.getOzoneFileStatus(OzoneManagerRequestHandler.java:971) ~[ozone-manager-1.4.0-SNAPSHOT.jar:?]
	at org.apache.hadoop.ozone.protocolPB.OzoneManagerRequestHandler.handleReadRequest(OzoneManagerRequestHandler.java:250) ~[ozone-manager-1.4.0-SNAPSHOT.jar:?]
	at org.apache.hadoop.ozone.protocolPB.OzoneManagerProtocolServerSideTranslatorPB.submitRequestDirectlyToOM(OzoneManagerProtocolServerSideTranslatorPB.java:274) ~[ozone-manager-1.4.0-SNAPSHOT.jar:?]
	at org.apache.hadoop.ozone.protocolPB.OzoneManagerProtocolServerSideTranslatorPB.processRequest(OzoneManagerProtocolServerSideTranslatorPB.java:175) ~[ozone-manager-1.4.0-SNAPSHOT.jar:?]
	at org.apache.hadoop.hdds.server.OzoneProtocolMessageDispatcher.processRequest(OzoneProtocolMessageDispatcher.java:87) [hdds-server-framework-1.4.0-SNAPSHOT.jar:?]
	at org.apache.hadoop.ozone.protocolPB.OzoneManagerProtocolServerSideTranslatorPB.submitRequest(OzoneManagerProtocolServerSideTranslatorPB.java:148) [ozone-manager-1.4.0-SNAPSHOT.jar:?]
	at org.apache.hadoop.ozone.protocol.proto.OzoneManagerProtocolProtos$OzoneManagerService$2.callBlockingMethod(OzoneManagerProtocolProtos.java) [ozone-interface-client-1.4.0-SNAPSHOT.jar:?]
	at org.apache.hadoop.ipc.ProtobufRpcEngine$Server.processCall(ProtobufRpcEngine.java:484) [hadoop-common-3.3.6.jar:?]
	at org.apache.hadoop.ipc.ProtobufRpcEngine2$Server$ProtoBufRpcInvoker.call(ProtobufRpcEngine2.java:595) [hadoop-common-3.3.6.jar:?]
	at org.apache.hadoop.ipc.ProtobufRpcEngine2$Server$ProtoBufRpcInvoker.call(ProtobufRpcEngine2.java:573) [hadoop-common-3.3.6.jar:?]
	at org.apache.hadoop.ipc.RPC$Server.call(RPC.java:1227) [hadoop-common-3.3.6.jar:?]
	at org.apache.hadoop.ipc.Server$RpcCall.run(Server.java:1094) [hadoop-common-3.3.6.jar:?]
	at org.apache.hadoop.ipc.Server$RpcCall.run(Server.java:1017) [hadoop-common-3.3.6.jar:?]
	at java.security.AccessController.doPrivileged(Native Method) ~[?:1.8.0_382]
	at javax.security.auth.Subject.doAs(Subject.java:422) [?:1.8.0_382]
	at org.apache.hadoop.security.UserGroupInformation.doAs(UserGroupInformation.java:1899) [hadoop-common-3.3.6.jar:?]
	at org.apache.hadoop.ipc.Server$Handler.run(Server.java:3048) [hadoop-common-3.3.6.jar:?]
08:57:18.610 [IPC Server handler 15 on default port 15163] ERROR OMAudit - user=runner | ip=127.0.0.1 | op=GET_FILE_STATUS {volume=volume04563, bucket=bucket31706, key=user/runner/dir1/dir2, dataSize=0, replicationConfig=null} | ret=FAILURE
org.apache.hadoop.ozone.om.exceptions.OMException: Unable to get file status: volume: volume04563 bucket: bucket31706 key: user/runner/dir1/dir2
	at org.apache.hadoop.ozone.om.KeyManagerImpl.getOzoneFileStatus(KeyManagerImpl.java:1195) ~[ozone-manager-1.4.0-SNAPSHOT.jar:?]
	at org.apache.hadoop.ozone.om.KeyManagerImpl.getFileStatus(KeyManagerImpl.java:1113) ~[ozone-manager-1.4.0-SNAPSHOT.jar:?]
	at org.apache.hadoop.ozone.om.OmMetadataReader.getFileStatus(OmMetadataReader.java:262) ~[ozone-manager-1.4.0-SNAPSHOT.jar:?]
	at org.apache.hadoop.ozone.om.OzoneManager.getFileStatus(OzoneManager.java:3530) ~[ozone-manager-1.4.0-SNAPSHOT.jar:?]
	at org.apache.hadoop.ozone.protocolPB.OzoneManagerRequestHandler.getOzoneFileStatus(OzoneManagerRequestHandler.java:971) ~[ozone-manager-1.4.0-SNAPSHOT.jar:?]
	at org.apache.hadoop.ozone.protocolPB.OzoneManagerRequestHandler.handleReadRequest(OzoneManagerRequestHandler.java:250) ~[ozone-manager-1.4.0-SNAPSHOT.jar:?]
	at org.apache.hadoop.ozone.protocolPB.OzoneManagerProtocolServerSideTranslatorPB.submitRequestDirectlyToOM(OzoneManagerProtocolServerSideTranslatorPB.java:274) ~[ozone-manager-1.4.0-SNAPSHOT.jar:?]
	at org.apache.hadoop.ozone.protocolPB.OzoneManagerProtocolServerSideTranslatorPB.processRequest(OzoneManagerProtocolServerSideTranslatorPB.java:175) ~[ozone-manager-1.4.0-SNAPSHOT.jar:?]
	at org.apache.hadoop.hdds.server.OzoneProtocolMessageDispatcher.processRequest(OzoneProtocolMessageDispatcher.java:87) [hdds-server-framework-1.4.0-SNAPSHOT.jar:?]
	at org.apache.hadoop.ozone.protocolPB.OzoneManagerProtocolServerSideTranslatorPB.submitRequest(OzoneManagerProtocolServerSideTranslatorPB.java:148) [ozone-manager-1.4.0-SNAPSHOT.jar:?]
	at org.apache.hadoop.ozone.protocol.proto.OzoneManagerProtocolProtos$OzoneManagerService$2.callBlockingMethod(OzoneManagerProtocolProtos.java) [ozone-interface-client-1.4.0-SNAPSHOT.jar:?]
	at org.apache.hadoop.ipc.ProtobufRpcEngine$Server.processCall(ProtobufRpcEngine.java:484) [hadoop-common-3.3.6.jar:?]
	at org.apache.hadoop.ipc.ProtobufRpcEngine2$Server$ProtoBufRpcInvoker.call(ProtobufRpcEngine2.java:595) [hadoop-common-3.3.6.jar:?]
	at org.apache.hadoop.ipc.ProtobufRpcEngine2$Server$ProtoBufRpcInvoker.call(ProtobufRpcEngine2.java:573) [hadoop-common-3.3.6.jar:?]
	at org.apache.hadoop.ipc.RPC$Server.call(RPC.java:1227) [hadoop-common-3.3.6.jar:?]
	at org.apache.hadoop.ipc.Server$RpcCall.run(Server.java:1094) [hadoop-common-3.3.6.jar:?]
	at org.apache.hadoop.ipc.Server$RpcCall.run(Server.java:1017) [hadoop-common-3.3.6.jar:?]
	at java.security.AccessController.doPrivileged(Native Method) ~[?:1.8.0_382]
	at javax.security.auth.Subject.doAs(Subject.java:422) [?:1.8.0_382]
	at org.apache.hadoop.security.UserGroupInformation.doAs(UserGroupInformation.java:1899) [hadoop-common-3.3.6.jar:?]
	at org.apache.hadoop.ipc.Server$Handler.run(Server.java:3048) [hadoop-common-3.3.6.jar:?]
]]></system-out>
  </testcase>
  <testcase name="testMakeDirsWithAnFakeDirectory" classname="TestOzoneFileSystem" time="0.073">
    <system-out><![CDATA[08:52:26.090 [IPC Server handler 8 on default port 15004] ERROR OMAudit - user=runner | ip=127.0.0.1 | op=GET_FILE_STATUS {volume=volume72881, bucket=bucket22361, key=user/runner/dir1/dir2, dataSize=0, replicationConfig=null} | ret=FAILURE
org.apache.hadoop.ozone.om.exceptions.OMException: Unable to get file status: volume: volume72881 bucket: bucket22361 key: user/runner/dir1/dir2
	at org.apache.hadoop.ozone.om.KeyManagerImpl.getOzoneFileStatus(KeyManagerImpl.java:1195) ~[ozone-manager-1.4.0-SNAPSHOT.jar:?]
	at org.apache.hadoop.ozone.om.KeyManagerImpl.getFileStatus(KeyManagerImpl.java:1113) ~[ozone-manager-1.4.0-SNAPSHOT.jar:?]
	at org.apache.hadoop.ozone.om.OmMetadataReader.getFileStatus(OmMetadataReader.java:262) ~[ozone-manager-1.4.0-SNAPSHOT.jar:?]
	at org.apache.hadoop.ozone.om.OzoneManager.getFileStatus(OzoneManager.java:3530) ~[ozone-manager-1.4.0-SNAPSHOT.jar:?]
	at org.apache.hadoop.ozone.protocolPB.OzoneManagerRequestHandler.getOzoneFileStatus(OzoneManagerRequestHandler.java:971) ~[ozone-manager-1.4.0-SNAPSHOT.jar:?]
	at org.apache.hadoop.ozone.protocolPB.OzoneManagerRequestHandler.handleReadRequest(OzoneManagerRequestHandler.java:250) ~[ozone-manager-1.4.0-SNAPSHOT.jar:?]
	at org.apache.hadoop.ozone.protocolPB.OzoneManagerProtocolServerSideTranslatorPB.submitReadRequestToOM(OzoneManagerProtocolServerSideTranslatorPB.java:225) ~[ozone-manager-1.4.0-SNAPSHOT.jar:?]
	at org.apache.hadoop.ozone.protocolPB.OzoneManagerProtocolServerSideTranslatorPB.processRequest(OzoneManagerProtocolServerSideTranslatorPB.java:179) ~[ozone-manager-1.4.0-SNAPSHOT.jar:?]
	at org.apache.hadoop.hdds.server.OzoneProtocolMessageDispatcher.processRequest(OzoneProtocolMessageDispatcher.java:87) [hdds-server-framework-1.4.0-SNAPSHOT.jar:?]
	at org.apache.hadoop.ozone.protocolPB.OzoneManagerProtocolServerSideTranslatorPB.submitRequest(OzoneManagerProtocolServerSideTranslatorPB.java:148) [ozone-manager-1.4.0-SNAPSHOT.jar:?]
	at org.apache.hadoop.ozone.protocol.proto.OzoneManagerProtocolProtos$OzoneManagerService$2.callBlockingMethod(OzoneManagerProtocolProtos.java) [ozone-interface-client-1.4.0-SNAPSHOT.jar:?]
	at org.apache.hadoop.ipc.ProtobufRpcEngine$Server.processCall(ProtobufRpcEngine.java:484) [hadoop-common-3.3.6.jar:?]
	at org.apache.hadoop.ipc.ProtobufRpcEngine2$Server$ProtoBufRpcInvoker.call(ProtobufRpcEngine2.java:595) [hadoop-common-3.3.6.jar:?]
	at org.apache.hadoop.ipc.ProtobufRpcEngine2$Server$ProtoBufRpcInvoker.call(ProtobufRpcEngine2.java:573) [hadoop-common-3.3.6.jar:?]
	at org.apache.hadoop.ipc.RPC$Server.call(RPC.java:1227) [hadoop-common-3.3.6.jar:?]
	at org.apache.hadoop.ipc.Server$RpcCall.run(Server.java:1094) [hadoop-common-3.3.6.jar:?]
	at org.apache.hadoop.ipc.Server$RpcCall.run(Server.java:1017) [hadoop-common-3.3.6.jar:?]
	at java.security.AccessController.doPrivileged(Native Method) ~[?:1.8.0_382]
	at javax.security.auth.Subject.doAs(Subject.java:422) [?:1.8.0_382]
	at org.apache.hadoop.security.UserGroupInformation.doAs(UserGroupInformation.java:1899) [hadoop-common-3.3.6.jar:?]
	at org.apache.hadoop.ipc.Server$Handler.run(Server.java:3048) [hadoop-common-3.3.6.jar:?]
]]></system-out>
  </testcase>
  <testcase name="testMakeDirsWithAnFakeDirectory" classname="TestOzoneFileSystem" time="0.032">
    <system-out><![CDATA[08:54:17.304 [IPC Server handler 12 on default port 15057] ERROR OMAudit - user=runner | ip=127.0.0.1 | op=GET_FILE_STATUS {volume=volume93671, bucket=bucket89282, key=user/runner/dir1/dir2, dataSize=0, replicationConfig=null} | ret=FAILURE
org.apache.hadoop.ozone.om.exceptions.OMException: Unable to get file status: volume: volume93671 bucket: bucket89282 key: user/runner/dir1/dir2
	at org.apache.hadoop.ozone.om.KeyManagerImpl.getOzoneFileStatus(KeyManagerImpl.java:1195) ~[ozone-manager-1.4.0-SNAPSHOT.jar:?]
	at org.apache.hadoop.ozone.om.KeyManagerImpl.getFileStatus(KeyManagerImpl.java:1113) ~[ozone-manager-1.4.0-SNAPSHOT.jar:?]
	at org.apache.hadoop.ozone.om.OmMetadataReader.getFileStatus(OmMetadataReader.java:262) ~[ozone-manager-1.4.0-SNAPSHOT.jar:?]
	at org.apache.hadoop.ozone.om.OzoneManager.getFileStatus(OzoneManager.java:3530) ~[ozone-manager-1.4.0-SNAPSHOT.jar:?]
	at org.apache.hadoop.ozone.protocolPB.OzoneManagerRequestHandler.getOzoneFileStatus(OzoneManagerRequestHandler.java:971) ~[ozone-manager-1.4.0-SNAPSHOT.jar:?]
	at org.apache.hadoop.ozone.protocolPB.OzoneManagerRequestHandler.handleReadRequest(OzoneManagerRequestHandler.java:250) ~[ozone-manager-1.4.0-SNAPSHOT.jar:?]
	at org.apache.hadoop.ozone.protocolPB.OzoneManagerProtocolServerSideTranslatorPB.submitRequestDirectlyToOM(OzoneManagerProtocolServerSideTranslatorPB.java:274) ~[ozone-manager-1.4.0-SNAPSHOT.jar:?]
	at org.apache.hadoop.ozone.protocolPB.OzoneManagerProtocolServerSideTranslatorPB.processRequest(OzoneManagerProtocolServerSideTranslatorPB.java:175) ~[ozone-manager-1.4.0-SNAPSHOT.jar:?]
	at org.apache.hadoop.hdds.server.OzoneProtocolMessageDispatcher.processRequest(OzoneProtocolMessageDispatcher.java:87) [hdds-server-framework-1.4.0-SNAPSHOT.jar:?]
	at org.apache.hadoop.ozone.protocolPB.OzoneManagerProtocolServerSideTranslatorPB.submitRequest(OzoneManagerProtocolServerSideTranslatorPB.java:148) [ozone-manager-1.4.0-SNAPSHOT.jar:?]
	at org.apache.hadoop.ozone.protocol.proto.OzoneManagerProtocolProtos$OzoneManagerService$2.callBlockingMethod(OzoneManagerProtocolProtos.java) [ozone-interface-client-1.4.0-SNAPSHOT.jar:?]
	at org.apache.hadoop.ipc.ProtobufRpcEngine$Server.processCall(ProtobufRpcEngine.java:484) [hadoop-common-3.3.6.jar:?]
	at org.apache.hadoop.ipc.ProtobufRpcEngine2$Server$ProtoBufRpcInvoker.call(ProtobufRpcEngine2.java:595) [hadoop-common-3.3.6.jar:?]
	at org.apache.hadoop.ipc.ProtobufRpcEngine2$Server$ProtoBufRpcInvoker.call(ProtobufRpcEngine2.java:573) [hadoop-common-3.3.6.jar:?]
	at org.apache.hadoop.ipc.RPC$Server.call(RPC.java:1227) [hadoop-common-3.3.6.jar:?]
	at org.apache.hadoop.ipc.Server$RpcCall.run(Server.java:1094) [hadoop-common-3.3.6.jar:?]
	at org.apache.hadoop.ipc.Server$RpcCall.run(Server.java:1017) [hadoop-common-3.3.6.jar:?]
	at java.security.AccessController.doPrivileged(Native Method) ~[?:1.8.0_382]
	at javax.security.auth.Subject.doAs(Subject.java:422) [?:1.8.0_382]
	at org.apache.hadoop.security.UserGroupInformation.doAs(UserGroupInformation.java:1899) [hadoop-common-3.3.6.jar:?]
	at org.apache.hadoop.ipc.Server$Handler.run(Server.java:3048) [hadoop-common-3.3.6.jar:?]
]]></system-out>
  </testcase>
  <testcase name="testMakeDirsWithAnFakeDirectory" classname="TestOzoneFileSystem" time="0.034">
    <system-out><![CDATA[08:55:41.310 [IPC Server handler 15 on default port 15110] ERROR OMAudit - user=runner | ip=127.0.0.1 | op=GET_FILE_STATUS {volume=volume76246, bucket=bucket29151, key=user/runner/dir1/dir2, dataSize=0, replicationConfig=null} | ret=FAILURE
org.apache.hadoop.ozone.om.exceptions.OMException: Unable to get file status: volume: volume76246 bucket: bucket29151 key: user/runner/dir1/dir2
	at org.apache.hadoop.ozone.om.KeyManagerImpl.getOzoneFileStatus(KeyManagerImpl.java:1195) ~[ozone-manager-1.4.0-SNAPSHOT.jar:?]
	at org.apache.hadoop.ozone.om.KeyManagerImpl.getFileStatus(KeyManagerImpl.java:1113) ~[ozone-manager-1.4.0-SNAPSHOT.jar:?]
	at org.apache.hadoop.ozone.om.OmMetadataReader.getFileStatus(OmMetadataReader.java:262) ~[ozone-manager-1.4.0-SNAPSHOT.jar:?]
	at org.apache.hadoop.ozone.om.OzoneManager.getFileStatus(OzoneManager.java:3530) ~[ozone-manager-1.4.0-SNAPSHOT.jar:?]
	at org.apache.hadoop.ozone.protocolPB.OzoneManagerRequestHandler.getOzoneFileStatus(OzoneManagerRequestHandler.java:971) ~[ozone-manager-1.4.0-SNAPSHOT.jar:?]
	at org.apache.hadoop.ozone.protocolPB.OzoneManagerRequestHandler.handleReadRequest(OzoneManagerRequestHandler.java:250) ~[ozone-manager-1.4.0-SNAPSHOT.jar:?]
	at org.apache.hadoop.ozone.protocolPB.OzoneManagerProtocolServerSideTranslatorPB.submitReadRequestToOM(OzoneManagerProtocolServerSideTranslatorPB.java:225) ~[ozone-manager-1.4.0-SNAPSHOT.jar:?]
	at org.apache.hadoop.ozone.protocolPB.OzoneManagerProtocolServerSideTranslatorPB.processRequest(OzoneManagerProtocolServerSideTranslatorPB.java:179) ~[ozone-manager-1.4.0-SNAPSHOT.jar:?]
	at org.apache.hadoop.hdds.server.OzoneProtocolMessageDispatcher.processRequest(OzoneProtocolMessageDispatcher.java:87) [hdds-server-framework-1.4.0-SNAPSHOT.jar:?]
	at org.apache.hadoop.ozone.protocolPB.OzoneManagerProtocolServerSideTranslatorPB.submitRequest(OzoneManagerProtocolServerSideTranslatorPB.java:148) [ozone-manager-1.4.0-SNAPSHOT.jar:?]
	at org.apache.hadoop.ozone.protocol.proto.OzoneManagerProtocolProtos$OzoneManagerService$2.callBlockingMethod(OzoneManagerProtocolProtos.java) [ozone-interface-client-1.4.0-SNAPSHOT.jar:?]
	at org.apache.hadoop.ipc.ProtobufRpcEngine$Server.processCall(ProtobufRpcEngine.java:484) [hadoop-common-3.3.6.jar:?]
	at org.apache.hadoop.ipc.ProtobufRpcEngine2$Server$ProtoBufRpcInvoker.call(ProtobufRpcEngine2.java:595) [hadoop-common-3.3.6.jar:?]
	at org.apache.hadoop.ipc.ProtobufRpcEngine2$Server$ProtoBufRpcInvoker.call(ProtobufRpcEngine2.java:573) [hadoop-common-3.3.6.jar:?]
	at org.apache.hadoop.ipc.RPC$Server.call(RPC.java:1227) [hadoop-common-3.3.6.jar:?]
	at org.apache.hadoop.ipc.Server$RpcCall.run(Server.java:1094) [hadoop-common-3.3.6.jar:?]
	at org.apache.hadoop.ipc.Server$RpcCall.run(Server.java:1017) [hadoop-common-3.3.6.jar:?]
	at java.security.AccessController.doPrivileged(Native Method) ~[?:1.8.0_382]
	at javax.security.auth.Subject.doAs(Subject.java:422) [?:1.8.0_382]
	at org.apache.hadoop.security.UserGroupInformation.doAs(UserGroupInformation.java:1899) [hadoop-common-3.3.6.jar:?]
	at org.apache.hadoop.ipc.Server$Handler.run(Server.java:3048) [hadoop-common-3.3.6.jar:?]
]]></system-out>
  </testcase>
  <testcase name="testMakeDirsWithAnFakeDirectory" classname="TestOzoneFileSystem" time="0.022">
    <system-out><![CDATA[08:57:18.625 [IPC Server handler 10 on default port 15163] ERROR OMAudit - user=runner | ip=127.0.0.1 | op=GET_FILE_STATUS {volume=volume04563, bucket=bucket31706, key=user/runner/dir1/dir2, dataSize=0, replicationConfig=null} | ret=FAILURE
org.apache.hadoop.ozone.om.exceptions.OMException: Unable to get file status: volume: volume04563 bucket: bucket31706 key: user/runner/dir1/dir2
	at org.apache.hadoop.ozone.om.KeyManagerImpl.getOzoneFileStatus(KeyManagerImpl.java:1195) ~[ozone-manager-1.4.0-SNAPSHOT.jar:?]
	at org.apache.hadoop.ozone.om.KeyManagerImpl.getFileStatus(KeyManagerImpl.java:1113) ~[ozone-manager-1.4.0-SNAPSHOT.jar:?]
	at org.apache.hadoop.ozone.om.OmMetadataReader.getFileStatus(OmMetadataReader.java:262) ~[ozone-manager-1.4.0-SNAPSHOT.jar:?]
	at org.apache.hadoop.ozone.om.OzoneManager.getFileStatus(OzoneManager.java:3530) ~[ozone-manager-1.4.0-SNAPSHOT.jar:?]
	at org.apache.hadoop.ozone.protocolPB.OzoneManagerRequestHandler.getOzoneFileStatus(OzoneManagerRequestHandler.java:971) ~[ozone-manager-1.4.0-SNAPSHOT.jar:?]
	at org.apache.hadoop.ozone.protocolPB.OzoneManagerRequestHandler.handleReadRequest(OzoneManagerRequestHandler.java:250) ~[ozone-manager-1.4.0-SNAPSHOT.jar:?]
	at org.apache.hadoop.ozone.protocolPB.OzoneManagerProtocolServerSideTranslatorPB.submitRequestDirectlyToOM(OzoneManagerProtocolServerSideTranslatorPB.java:274) ~[ozone-manager-1.4.0-SNAPSHOT.jar:?]
	at org.apache.hadoop.ozone.protocolPB.OzoneManagerProtocolServerSideTranslatorPB.processRequest(OzoneManagerProtocolServerSideTranslatorPB.java:175) ~[ozone-manager-1.4.0-SNAPSHOT.jar:?]
	at org.apache.hadoop.hdds.server.OzoneProtocolMessageDispatcher.processRequest(OzoneProtocolMessageDispatcher.java:87) [hdds-server-framework-1.4.0-SNAPSHOT.jar:?]
	at org.apache.hadoop.ozone.protocolPB.OzoneManagerProtocolServerSideTranslatorPB.submitRequest(OzoneManagerProtocolServerSideTranslatorPB.java:148) [ozone-manager-1.4.0-SNAPSHOT.jar:?]
	at org.apache.hadoop.ozone.protocol.proto.OzoneManagerProtocolProtos$OzoneManagerService$2.callBlockingMethod(OzoneManagerProtocolProtos.java) [ozone-interface-client-1.4.0-SNAPSHOT.jar:?]
	at org.apache.hadoop.ipc.ProtobufRpcEngine$Server.processCall(ProtobufRpcEngine.java:484) [hadoop-common-3.3.6.jar:?]
	at org.apache.hadoop.ipc.ProtobufRpcEngine2$Server$ProtoBufRpcInvoker.call(ProtobufRpcEngine2.java:595) [hadoop-common-3.3.6.jar:?]
	at org.apache.hadoop.ipc.ProtobufRpcEngine2$Server$ProtoBufRpcInvoker.call(ProtobufRpcEngine2.java:573) [hadoop-common-3.3.6.jar:?]
	at org.apache.hadoop.ipc.RPC$Server.call(RPC.java:1227) [hadoop-common-3.3.6.jar:?]
	at org.apache.hadoop.ipc.Server$RpcCall.run(Server.java:1094) [hadoop-common-3.3.6.jar:?]
	at org.apache.hadoop.ipc.Server$RpcCall.run(Server.java:1017) [hadoop-common-3.3.6.jar:?]
	at java.security.AccessController.doPrivileged(Native Method) ~[?:1.8.0_382]
	at javax.security.auth.Subject.doAs(Subject.java:422) [?:1.8.0_382]
	at org.apache.hadoop.security.UserGroupInformation.doAs(UserGroupInformation.java:1899) [hadoop-common-3.3.6.jar:?]
	at org.apache.hadoop.ipc.Server$Handler.run(Server.java:3048) [hadoop-common-3.3.6.jar:?]
]]></system-out>
  </testcase>
  <testcase name="testFileDelete" classname="TestOzoneFileSystem" time="0.353">
    <system-out><![CDATA[08:52:26.450 [IPC Server handler 11 on default port 15004] ERROR OMAudit - user=runner | ip=127.0.0.1 | op=GET_FILE_STATUS {volume=volume72881, bucket=bucket22361, key=testBatchDelete, dataSize=0, replicationConfig=null} | ret=FAILURE
org.apache.hadoop.ozone.om.exceptions.OMException: Unable to get file status: volume: volume72881 bucket: bucket22361 key: testBatchDelete
	at org.apache.hadoop.ozone.om.KeyManagerImpl.getOzoneFileStatus(KeyManagerImpl.java:1195) ~[ozone-manager-1.4.0-SNAPSHOT.jar:?]
	at org.apache.hadoop.ozone.om.KeyManagerImpl.getFileStatus(KeyManagerImpl.java:1113) ~[ozone-manager-1.4.0-SNAPSHOT.jar:?]
	at org.apache.hadoop.ozone.om.OmMetadataReader.getFileStatus(OmMetadataReader.java:262) ~[ozone-manager-1.4.0-SNAPSHOT.jar:?]
	at org.apache.hadoop.ozone.om.OzoneManager.getFileStatus(OzoneManager.java:3530) ~[ozone-manager-1.4.0-SNAPSHOT.jar:?]
	at org.apache.hadoop.ozone.protocolPB.OzoneManagerRequestHandler.getOzoneFileStatus(OzoneManagerRequestHandler.java:971) ~[ozone-manager-1.4.0-SNAPSHOT.jar:?]
	at org.apache.hadoop.ozone.protocolPB.OzoneManagerRequestHandler.handleReadRequest(OzoneManagerRequestHandler.java:250) ~[ozone-manager-1.4.0-SNAPSHOT.jar:?]
	at org.apache.hadoop.ozone.protocolPB.OzoneManagerProtocolServerSideTranslatorPB.submitReadRequestToOM(OzoneManagerProtocolServerSideTranslatorPB.java:225) ~[ozone-manager-1.4.0-SNAPSHOT.jar:?]
	at org.apache.hadoop.ozone.protocolPB.OzoneManagerProtocolServerSideTranslatorPB.processRequest(OzoneManagerProtocolServerSideTranslatorPB.java:179) ~[ozone-manager-1.4.0-SNAPSHOT.jar:?]
	at org.apache.hadoop.hdds.server.OzoneProtocolMessageDispatcher.processRequest(OzoneProtocolMessageDispatcher.java:87) [hdds-server-framework-1.4.0-SNAPSHOT.jar:?]
	at org.apache.hadoop.ozone.protocolPB.OzoneManagerProtocolServerSideTranslatorPB.submitRequest(OzoneManagerProtocolServerSideTranslatorPB.java:148) [ozone-manager-1.4.0-SNAPSHOT.jar:?]
	at org.apache.hadoop.ozone.protocol.proto.OzoneManagerProtocolProtos$OzoneManagerService$2.callBlockingMethod(OzoneManagerProtocolProtos.java) [ozone-interface-client-1.4.0-SNAPSHOT.jar:?]
	at org.apache.hadoop.ipc.ProtobufRpcEngine$Server.processCall(ProtobufRpcEngine.java:484) [hadoop-common-3.3.6.jar:?]
	at org.apache.hadoop.ipc.ProtobufRpcEngine2$Server$ProtoBufRpcInvoker.call(ProtobufRpcEngine2.java:595) [hadoop-common-3.3.6.jar:?]
	at org.apache.hadoop.ipc.ProtobufRpcEngine2$Server$ProtoBufRpcInvoker.call(ProtobufRpcEngine2.java:573) [hadoop-common-3.3.6.jar:?]
	at org.apache.hadoop.ipc.RPC$Server.call(RPC.java:1227) [hadoop-common-3.3.6.jar:?]
	at org.apache.hadoop.ipc.Server$RpcCall.run(Server.java:1094) [hadoop-common-3.3.6.jar:?]
	at org.apache.hadoop.ipc.Server$RpcCall.run(Server.java:1017) [hadoop-common-3.3.6.jar:?]
	at java.security.AccessController.doPrivileged(Native Method) ~[?:1.8.0_382]
	at javax.security.auth.Subject.doAs(Subject.java:422) [?:1.8.0_382]
	at org.apache.hadoop.security.UserGroupInformation.doAs(UserGroupInformation.java:1899) [hadoop-common-3.3.6.jar:?]
	at org.apache.hadoop.ipc.Server$Handler.run(Server.java:3048) [hadoop-common-3.3.6.jar:?]
08:52:26.452 [IPC Server handler 8 on default port 15004] ERROR OMAudit - user=runner | ip=127.0.0.1 | op=GET_FILE_STATUS {volume=volume72881, bucket=bucket22361, key=testBatchDelete/parent/child0, dataSize=0, replicationConfig=null} | ret=FAILURE
org.apache.hadoop.ozone.om.exceptions.OMException: Unable to get file status: volume: volume72881 bucket: bucket22361 key: testBatchDelete/parent/child0
	at org.apache.hadoop.ozone.om.KeyManagerImpl.getOzoneFileStatus(KeyManagerImpl.java:1195) ~[ozone-manager-1.4.0-SNAPSHOT.jar:?]
	at org.apache.hadoop.ozone.om.KeyManagerImpl.getFileStatus(KeyManagerImpl.java:1113) ~[ozone-manager-1.4.0-SNAPSHOT.jar:?]
	at org.apache.hadoop.ozone.om.OmMetadataReader.getFileStatus(OmMetadataReader.java:262) ~[ozone-manager-1.4.0-SNAPSHOT.jar:?]
	at org.apache.hadoop.ozone.om.OzoneManager.getFileStatus(OzoneManager.java:3530) ~[ozone-manager-1.4.0-SNAPSHOT.jar:?]
	at org.apache.hadoop.ozone.protocolPB.OzoneManagerRequestHandler.getOzoneFileStatus(OzoneManagerRequestHandler.java:971) ~[ozone-manager-1.4.0-SNAPSHOT.jar:?]
	at org.apache.hadoop.ozone.protocolPB.OzoneManagerRequestHandler.handleReadRequest(OzoneManagerRequestHandler.java:250) ~[ozone-manager-1.4.0-SNAPSHOT.jar:?]
	at org.apache.hadoop.ozone.protocolPB.OzoneManagerProtocolServerSideTranslatorPB.submitReadRequestToOM(OzoneManagerProtocolServerSideTranslatorPB.java:225) ~[ozone-manager-1.4.0-SNAPSHOT.jar:?]
	at org.apache.hadoop.ozone.protocolPB.OzoneManagerProtocolServerSideTranslatorPB.processRequest(OzoneManagerProtocolServerSideTranslatorPB.java:179) ~[ozone-manager-1.4.0-SNAPSHOT.jar:?]
	at org.apache.hadoop.hdds.server.OzoneProtocolMessageDispatcher.processRequest(OzoneProtocolMessageDispatcher.java:87) [hdds-server-framework-1.4.0-SNAPSHOT.jar:?]
	at org.apache.hadoop.ozone.protocolPB.OzoneManagerProtocolServerSideTranslatorPB.submitRequest(OzoneManagerProtocolServerSideTranslatorPB.java:148) [ozone-manager-1.4.0-SNAPSHOT.jar:?]
	at org.apache.hadoop.ozone.protocol.proto.OzoneManagerProtocolProtos$OzoneManagerService$2.callBlockingMethod(OzoneManagerProtocolProtos.java) [ozone-interface-client-1.4.0-SNAPSHOT.jar:?]
	at org.apache.hadoop.ipc.ProtobufRpcEngine$Server.processCall(ProtobufRpcEngine.java:484) [hadoop-common-3.3.6.jar:?]
	at org.apache.hadoop.ipc.ProtobufRpcEngine2$Server$ProtoBufRpcInvoker.call(ProtobufRpcEngine2.java:595) [hadoop-common-3.3.6.jar:?]
	at org.apache.hadoop.ipc.ProtobufRpcEngine2$Server$ProtoBufRpcInvoker.call(ProtobufRpcEngine2.java:573) [hadoop-common-3.3.6.jar:?]
	at org.apache.hadoop.ipc.RPC$Server.call(RPC.java:1227) [hadoop-common-3.3.6.jar:?]
	at org.apache.hadoop.ipc.Server$RpcCall.run(Server.java:1094) [hadoop-common-3.3.6.jar:?]
	at org.apache.hadoop.ipc.Server$RpcCall.run(Server.java:1017) [hadoop-common-3.3.6.jar:?]
	at java.security.AccessController.doPrivileged(Native Method) ~[?:1.8.0_382]
	at javax.security.auth.Subject.doAs(Subject.java:422) [?:1.8.0_382]
	at org.apache.hadoop.security.UserGroupInformation.doAs(UserGroupInformation.java:1899) [hadoop-common-3.3.6.jar:?]
	at org.apache.hadoop.ipc.Server$Handler.run(Server.java:3048) [hadoop-common-3.3.6.jar:?]
08:52:26.454 [IPC Server handler 14 on default port 15004] ERROR OMAudit - user=runner | ip=127.0.0.1 | op=GET_FILE_STATUS {volume=volume72881, bucket=bucket22361, key=testBatchDelete/parent/childFolder/child0, dataSize=0, replicationConfig=null} | ret=FAILURE
org.apache.hadoop.ozone.om.exceptions.OMException: Unable to get file status: volume: volume72881 bucket: bucket22361 key: testBatchDelete/parent/childFolder/child0
	at org.apache.hadoop.ozone.om.KeyManagerImpl.getOzoneFileStatus(KeyManagerImpl.java:1195) ~[ozone-manager-1.4.0-SNAPSHOT.jar:?]
	at org.apache.hadoop.ozone.om.KeyManagerImpl.getFileStatus(KeyManagerImpl.java:1113) ~[ozone-manager-1.4.0-SNAPSHOT.jar:?]
	at org.apache.hadoop.ozone.om.OmMetadataReader.getFileStatus(OmMetadataReader.java:262) ~[ozone-manager-1.4.0-SNAPSHOT.jar:?]
	at org.apache.hadoop.ozone.om.OzoneManager.getFileStatus(OzoneManager.java:3530) ~[ozone-manager-1.4.0-SNAPSHOT.jar:?]
	at org.apache.hadoop.ozone.protocolPB.OzoneManagerRequestHandler.getOzoneFileStatus(OzoneManagerRequestHandler.java:971) ~[ozone-manager-1.4.0-SNAPSHOT.jar:?]
	at org.apache.hadoop.ozone.protocolPB.OzoneManagerRequestHandler.handleReadRequest(OzoneManagerRequestHandler.java:250) ~[ozone-manager-1.4.0-SNAPSHOT.jar:?]
	at org.apache.hadoop.ozone.protocolPB.OzoneManagerProtocolServerSideTranslatorPB.submitReadRequestToOM(OzoneManagerProtocolServerSideTranslatorPB.java:225) ~[ozone-manager-1.4.0-SNAPSHOT.jar:?]
	at org.apache.hadoop.ozone.protocolPB.OzoneManagerProtocolServerSideTranslatorPB.processRequest(OzoneManagerProtocolServerSideTranslatorPB.java:179) ~[ozone-manager-1.4.0-SNAPSHOT.jar:?]
	at org.apache.hadoop.hdds.server.OzoneProtocolMessageDispatcher.processRequest(OzoneProtocolMessageDispatcher.java:87) [hdds-server-framework-1.4.0-SNAPSHOT.jar:?]
	at org.apache.hadoop.ozone.protocolPB.OzoneManagerProtocolServerSideTranslatorPB.submitRequest(OzoneManagerProtocolServerSideTranslatorPB.java:148) [ozone-manager-1.4.0-SNAPSHOT.jar:?]
	at org.apache.hadoop.ozone.protocol.proto.OzoneManagerProtocolProtos$OzoneManagerService$2.callBlockingMethod(OzoneManagerProtocolProtos.java) [ozone-interface-client-1.4.0-SNAPSHOT.jar:?]
	at org.apache.hadoop.ipc.ProtobufRpcEngine$Server.processCall(ProtobufRpcEngine.java:484) [hadoop-common-3.3.6.jar:?]
	at org.apache.hadoop.ipc.ProtobufRpcEngine2$Server$ProtoBufRpcInvoker.call(ProtobufRpcEngine2.java:595) [hadoop-common-3.3.6.jar:?]
	at org.apache.hadoop.ipc.ProtobufRpcEngine2$Server$ProtoBufRpcInvoker.call(ProtobufRpcEngine2.java:573) [hadoop-common-3.3.6.jar:?]
	at org.apache.hadoop.ipc.RPC$Server.call(RPC.java:1227) [hadoop-common-3.3.6.jar:?]
	at org.apache.hadoop.ipc.Server$RpcCall.run(Server.java:1094) [hadoop-common-3.3.6.jar:?]
	at org.apache.hadoop.ipc.Server$RpcCall.run(Server.java:1017) [hadoop-common-3.3.6.jar:?]
	at java.security.AccessController.doPrivileged(Native Method) ~[?:1.8.0_382]
	at javax.security.auth.Subject.doAs(Subject.java:422) [?:1.8.0_382]
	at org.apache.hadoop.security.UserGroupInformation.doAs(UserGroupInformation.java:1899) [hadoop-common-3.3.6.jar:?]
	at org.apache.hadoop.ipc.Server$Handler.run(Server.java:3048) [hadoop-common-3.3.6.jar:?]
08:52:26.456 [IPC Server handler 12 on default port 15004] ERROR OMAudit - user=runner | ip=127.0.0.1 | op=GET_FILE_STATUS {volume=volume72881, bucket=bucket22361, key=testBatchDelete/parent/child1, dataSize=0, replicationConfig=null} | ret=FAILURE
org.apache.hadoop.ozone.om.exceptions.OMException: Unable to get file status: volume: volume72881 bucket: bucket22361 key: testBatchDelete/parent/child1
	at org.apache.hadoop.ozone.om.KeyManagerImpl.getOzoneFileStatus(KeyManagerImpl.java:1195) ~[ozone-manager-1.4.0-SNAPSHOT.jar:?]
	at org.apache.hadoop.ozone.om.KeyManagerImpl.getFileStatus(KeyManagerImpl.java:1113) ~[ozone-manager-1.4.0-SNAPSHOT.jar:?]
	at org.apache.hadoop.ozone.om.OmMetadataReader.getFileStatus(OmMetadataReader.java:262) ~[ozone-manager-1.4.0-SNAPSHOT.jar:?]
	at org.apache.hadoop.ozone.om.OzoneManager.getFileStatus(OzoneManager.java:3530) ~[ozone-manager-1.4.0-SNAPSHOT.jar:?]
	at org.apache.hadoop.ozone.protocolPB.OzoneManagerRequestHandler.getOzoneFileStatus(OzoneManagerRequestHandler.java:971) ~[ozone-manager-1.4.0-SNAPSHOT.jar:?]
	at org.apache.hadoop.ozone.protocolPB.OzoneManagerRequestHandler.handleReadRequest(OzoneManagerRequestHandler.java:250) ~[ozone-manager-1.4.0-SNAPSHOT.jar:?]
	at org.apache.hadoop.ozone.protocolPB.OzoneManagerProtocolServerSideTranslatorPB.submitReadRequestToOM(OzoneManagerProtocolServerSideTranslatorPB.java:225) ~[ozone-manager-1.4.0-SNAPSHOT.jar:?]
	at org.apache.hadoop.ozone.protocolPB.OzoneManagerProtocolServerSideTranslatorPB.processRequest(OzoneManagerProtocolServerSideTranslatorPB.java:179) ~[ozone-manager-1.4.0-SNAPSHOT.jar:?]
	at org.apache.hadoop.hdds.server.OzoneProtocolMessageDispatcher.processRequest(OzoneProtocolMessageDispatcher.java:87) [hdds-server-framework-1.4.0-SNAPSHOT.jar:?]
	at org.apache.hadoop.ozone.protocolPB.OzoneManagerProtocolServerSideTranslatorPB.submitRequest(OzoneManagerProtocolServerSideTranslatorPB.java:148) [ozone-manager-1.4.0-SNAPSHOT.jar:?]
	at org.apache.hadoop.ozone.protocol.proto.OzoneManagerProtocolProtos$OzoneManagerService$2.callBlockingMethod(OzoneManagerProtocolProtos.java) [ozone-interface-client-1.4.0-SNAPSHOT.jar:?]
	at org.apache.hadoop.ipc.ProtobufRpcEngine$Server.processCall(ProtobufRpcEngine.java:484) [hadoop-common-3.3.6.jar:?]
	at org.apache.hadoop.ipc.ProtobufRpcEngine2$Server$ProtoBufRpcInvoker.call(ProtobufRpcEngine2.java:595) [hadoop-common-3.3.6.jar:?]
	at org.apache.hadoop.ipc.ProtobufRpcEngine2$Server$ProtoBufRpcInvoker.call(ProtobufRpcEngine2.java:573) [hadoop-common-3.3.6.jar:?]
	at org.apache.hadoop.ipc.RPC$Server.call(RPC.java:1227) [hadoop-common-3.3.6.jar:?]
	at org.apache.hadoop.ipc.Server$RpcCall.run(Server.java:1094) [hadoop-common-3.3.6.jar:?]
	at org.apache.hadoop.ipc.Server$RpcCall.run(Server.java:1017) [hadoop-common-3.3.6.jar:?]
	at java.security.AccessController.doPrivileged(Native Method) ~[?:1.8.0_382]
	at javax.security.auth.Subject.doAs(Subject.java:422) [?:1.8.0_382]
	at org.apache.hadoop.security.UserGroupInformation.doAs(UserGroupInformation.java:1899) [hadoop-common-3.3.6.jar:?]
	at org.apache.hadoop.ipc.Server$Handler.run(Server.java:3048) [hadoop-common-3.3.6.jar:?]
08:52:26.458 [IPC Server handler 13 on default port 15004] ERROR OMAudit - user=runner | ip=127.0.0.1 | op=GET_FILE_STATUS {volume=volume72881, bucket=bucket22361, key=testBatchDelete/parent/childFolder/child1, dataSize=0, replicationConfig=null} | ret=FAILURE
org.apache.hadoop.ozone.om.exceptions.OMException: Unable to get file status: volume: volume72881 bucket: bucket22361 key: testBatchDelete/parent/childFolder/child1
	at org.apache.hadoop.ozone.om.KeyManagerImpl.getOzoneFileStatus(KeyManagerImpl.java:1195) ~[ozone-manager-1.4.0-SNAPSHOT.jar:?]
	at org.apache.hadoop.ozone.om.KeyManagerImpl.getFileStatus(KeyManagerImpl.java:1113) ~[ozone-manager-1.4.0-SNAPSHOT.jar:?]
	at org.apache.hadoop.ozone.om.OmMetadataReader.getFileStatus(OmMetadataReader.java:262) ~[ozone-manager-1.4.0-SNAPSHOT.jar:?]
	at org.apache.hadoop.ozone.om.OzoneManager.getFileStatus(OzoneManager.java:3530) ~[ozone-manager-1.4.0-SNAPSHOT.jar:?]
	at org.apache.hadoop.ozone.protocolPB.OzoneManagerRequestHandler.getOzoneFileStatus(OzoneManagerRequestHandler.java:971) ~[ozone-manager-1.4.0-SNAPSHOT.jar:?]
	at org.apache.hadoop.ozone.protocolPB.OzoneManagerRequestHandler.handleReadRequest(OzoneManagerRequestHandler.java:250) ~[ozone-manager-1.4.0-SNAPSHOT.jar:?]
	at org.apache.hadoop.ozone.protocolPB.OzoneManagerProtocolServerSideTranslatorPB.submitReadRequestToOM(OzoneManagerProtocolServerSideTranslatorPB.java:225) ~[ozone-manager-1.4.0-SNAPSHOT.jar:?]
	at org.apache.hadoop.ozone.protocolPB.OzoneManagerProtocolServerSideTranslatorPB.processRequest(OzoneManagerProtocolServerSideTranslatorPB.java:179) ~[ozone-manager-1.4.0-SNAPSHOT.jar:?]
	at org.apache.hadoop.hdds.server.OzoneProtocolMessageDispatcher.processRequest(OzoneProtocolMessageDispatcher.java:87) [hdds-server-framework-1.4.0-SNAPSHOT.jar:?]
	at org.apache.hadoop.ozone.protocolPB.OzoneManagerProtocolServerSideTranslatorPB.submitRequest(OzoneManagerProtocolServerSideTranslatorPB.java:148) [ozone-manager-1.4.0-SNAPSHOT.jar:?]
	at org.apache.hadoop.ozone.protocol.proto.OzoneManagerProtocolProtos$OzoneManagerService$2.callBlockingMethod(OzoneManagerProtocolProtos.java) [ozone-interface-client-1.4.0-SNAPSHOT.jar:?]
	at org.apache.hadoop.ipc.ProtobufRpcEngine$Server.processCall(ProtobufRpcEngine.java:484) [hadoop-common-3.3.6.jar:?]
	at org.apache.hadoop.ipc.ProtobufRpcEngine2$Server$ProtoBufRpcInvoker.call(ProtobufRpcEngine2.java:595) [hadoop-common-3.3.6.jar:?]
	at org.apache.hadoop.ipc.ProtobufRpcEngine2$Server$ProtoBufRpcInvoker.call(ProtobufRpcEngine2.java:573) [hadoop-common-3.3.6.jar:?]
	at org.apache.hadoop.ipc.RPC$Server.call(RPC.java:1227) [hadoop-common-3.3.6.jar:?]
	at org.apache.hadoop.ipc.Server$RpcCall.run(Server.java:1094) [hadoop-common-3.3.6.jar:?]
	at org.apache.hadoop.ipc.Server$RpcCall.run(Server.java:1017) [hadoop-common-3.3.6.jar:?]
	at java.security.AccessController.doPrivileged(Native Method) ~[?:1.8.0_382]
	at javax.security.auth.Subject.doAs(Subject.java:422) [?:1.8.0_382]
	at org.apache.hadoop.security.UserGroupInformation.doAs(UserGroupInformation.java:1899) [hadoop-common-3.3.6.jar:?]
	at org.apache.hadoop.ipc.Server$Handler.run(Server.java:3048) [hadoop-common-3.3.6.jar:?]
08:52:26.460 [IPC Server handler 4 on default port 15004] ERROR OMAudit - user=runner | ip=127.0.0.1 | op=GET_FILE_STATUS {volume=volume72881, bucket=bucket22361, key=testBatchDelete/parent/child2, dataSize=0, replicationConfig=null} | ret=FAILURE
org.apache.hadoop.ozone.om.exceptions.OMException: Unable to get file status: volume: volume72881 bucket: bucket22361 key: testBatchDelete/parent/child2
	at org.apache.hadoop.ozone.om.KeyManagerImpl.getOzoneFileStatus(KeyManagerImpl.java:1195) ~[ozone-manager-1.4.0-SNAPSHOT.jar:?]
	at org.apache.hadoop.ozone.om.KeyManagerImpl.getFileStatus(KeyManagerImpl.java:1113) ~[ozone-manager-1.4.0-SNAPSHOT.jar:?]
	at org.apache.hadoop.ozone.om.OmMetadataReader.getFileStatus(OmMetadataReader.java:262) ~[ozone-manager-1.4.0-SNAPSHOT.jar:?]
	at org.apache.hadoop.ozone.om.OzoneManager.getFileStatus(OzoneManager.java:3530) ~[ozone-manager-1.4.0-SNAPSHOT.jar:?]
	at org.apache.hadoop.ozone.protocolPB.OzoneManagerRequestHandler.getOzoneFileStatus(OzoneManagerRequestHandler.java:971) ~[ozone-manager-1.4.0-SNAPSHOT.jar:?]
	at org.apache.hadoop.ozone.protocolPB.OzoneManagerRequestHandler.handleReadRequest(OzoneManagerRequestHandler.java:250) ~[ozone-manager-1.4.0-SNAPSHOT.jar:?]
	at org.apache.hadoop.ozone.protocolPB.OzoneManagerProtocolServerSideTranslatorPB.submitReadRequestToOM(OzoneManagerProtocolServerSideTranslatorPB.java:225) ~[ozone-manager-1.4.0-SNAPSHOT.jar:?]
	at org.apache.hadoop.ozone.protocolPB.OzoneManagerProtocolServerSideTranslatorPB.processRequest(OzoneManagerProtocolServerSideTranslatorPB.java:179) ~[ozone-manager-1.4.0-SNAPSHOT.jar:?]
	at org.apache.hadoop.hdds.server.OzoneProtocolMessageDispatcher.processRequest(OzoneProtocolMessageDispatcher.java:87) [hdds-server-framework-1.4.0-SNAPSHOT.jar:?]
	at org.apache.hadoop.ozone.protocolPB.OzoneManagerProtocolServerSideTranslatorPB.submitRequest(OzoneManagerProtocolServerSideTranslatorPB.java:148) [ozone-manager-1.4.0-SNAPSHOT.jar:?]
	at org.apache.hadoop.ozone.protocol.proto.OzoneManagerProtocolProtos$OzoneManagerService$2.callBlockingMethod(OzoneManagerProtocolProtos.java) [ozone-interface-client-1.4.0-SNAPSHOT.jar:?]
	at org.apache.hadoop.ipc.ProtobufRpcEngine$Server.processCall(ProtobufRpcEngine.java:484) [hadoop-common-3.3.6.jar:?]
	at org.apache.hadoop.ipc.ProtobufRpcEngine2$Server$ProtoBufRpcInvoker.call(ProtobufRpcEngine2.java:595) [hadoop-common-3.3.6.jar:?]
	at org.apache.hadoop.ipc.ProtobufRpcEngine2$Server$ProtoBufRpcInvoker.call(ProtobufRpcEngine2.java:573) [hadoop-common-3.3.6.jar:?]
	at org.apache.hadoop.ipc.RPC$Server.call(RPC.java:1227) [hadoop-common-3.3.6.jar:?]
	at org.apache.hadoop.ipc.Server$RpcCall.run(Server.java:1094) [hadoop-common-3.3.6.jar:?]
	at org.apache.hadoop.ipc.Server$RpcCall.run(Server.java:1017) [hadoop-common-3.3.6.jar:?]
	at java.security.AccessController.doPrivileged(Native Method) ~[?:1.8.0_382]
	at javax.security.auth.Subject.doAs(Subject.java:422) [?:1.8.0_382]
	at org.apache.hadoop.security.UserGroupInformation.doAs(UserGroupInformation.java:1899) [hadoop-common-3.3.6.jar:?]
	at org.apache.hadoop.ipc.Server$Handler.run(Server.java:3048) [hadoop-common-3.3.6.jar:?]
08:52:26.462 [IPC Server handler 15 on default port 15004] ERROR OMAudit - user=runner | ip=127.0.0.1 | op=GET_FILE_STATUS {volume=volume72881, bucket=bucket22361, key=testBatchDelete/parent/childFolder/child2, dataSize=0, replicationConfig=null} | ret=FAILURE
org.apache.hadoop.ozone.om.exceptions.OMException: Unable to get file status: volume: volume72881 bucket: bucket22361 key: testBatchDelete/parent/childFolder/child2
	at org.apache.hadoop.ozone.om.KeyManagerImpl.getOzoneFileStatus(KeyManagerImpl.java:1195) ~[ozone-manager-1.4.0-SNAPSHOT.jar:?]
	at org.apache.hadoop.ozone.om.KeyManagerImpl.getFileStatus(KeyManagerImpl.java:1113) ~[ozone-manager-1.4.0-SNAPSHOT.jar:?]
	at org.apache.hadoop.ozone.om.OmMetadataReader.getFileStatus(OmMetadataReader.java:262) ~[ozone-manager-1.4.0-SNAPSHOT.jar:?]
	at org.apache.hadoop.ozone.om.OzoneManager.getFileStatus(OzoneManager.java:3530) ~[ozone-manager-1.4.0-SNAPSHOT.jar:?]
	at org.apache.hadoop.ozone.protocolPB.OzoneManagerRequestHandler.getOzoneFileStatus(OzoneManagerRequestHandler.java:971) ~[ozone-manager-1.4.0-SNAPSHOT.jar:?]
	at org.apache.hadoop.ozone.protocolPB.OzoneManagerRequestHandler.handleReadRequest(OzoneManagerRequestHandler.java:250) ~[ozone-manager-1.4.0-SNAPSHOT.jar:?]
	at org.apache.hadoop.ozone.protocolPB.OzoneManagerProtocolServerSideTranslatorPB.submitReadRequestToOM(OzoneManagerProtocolServerSideTranslatorPB.java:225) ~[ozone-manager-1.4.0-SNAPSHOT.jar:?]
	at org.apache.hadoop.ozone.protocolPB.OzoneManagerProtocolServerSideTranslatorPB.processRequest(OzoneManagerProtocolServerSideTranslatorPB.java:179) ~[ozone-manager-1.4.0-SNAPSHOT.jar:?]
	at org.apache.hadoop.hdds.server.OzoneProtocolMessageDispatcher.processRequest(OzoneProtocolMessageDispatcher.java:87) [hdds-server-framework-1.4.0-SNAPSHOT.jar:?]
	at org.apache.hadoop.ozone.protocolPB.OzoneManagerProtocolServerSideTranslatorPB.submitRequest(OzoneManagerProtocolServerSideTranslatorPB.java:148) [ozone-manager-1.4.0-SNAPSHOT.jar:?]
	at org.apache.hadoop.ozone.protocol.proto.OzoneManagerProtocolProtos$OzoneManagerService$2.callBlockingMethod(OzoneManagerProtocolProtos.java) [ozone-interface-client-1.4.0-SNAPSHOT.jar:?]
	at org.apache.hadoop.ipc.ProtobufRpcEngine$Server.processCall(ProtobufRpcEngine.java:484) [hadoop-common-3.3.6.jar:?]
	at org.apache.hadoop.ipc.ProtobufRpcEngine2$Server$ProtoBufRpcInvoker.call(ProtobufRpcEngine2.java:595) [hadoop-common-3.3.6.jar:?]
	at org.apache.hadoop.ipc.ProtobufRpcEngine2$Server$ProtoBufRpcInvoker.call(ProtobufRpcEngine2.java:573) [hadoop-common-3.3.6.jar:?]
	at org.apache.hadoop.ipc.RPC$Server.call(RPC.java:1227) [hadoop-common-3.3.6.jar:?]
	at org.apache.hadoop.ipc.Server$RpcCall.run(Server.java:1094) [hadoop-common-3.3.6.jar:?]
	at org.apache.hadoop.ipc.Server$RpcCall.run(Server.java:1017) [hadoop-common-3.3.6.jar:?]
	at java.security.AccessController.doPrivileged(Native Method) ~[?:1.8.0_382]
	at javax.security.auth.Subject.doAs(Subject.java:422) [?:1.8.0_382]
	at org.apache.hadoop.security.UserGroupInformation.doAs(UserGroupInformation.java:1899) [hadoop-common-3.3.6.jar:?]
	at org.apache.hadoop.ipc.Server$Handler.run(Server.java:3048) [hadoop-common-3.3.6.jar:?]
08:52:26.464 [IPC Server handler 16 on default port 15004] ERROR OMAudit - user=runner | ip=127.0.0.1 | op=GET_FILE_STATUS {volume=volume72881, bucket=bucket22361, key=testBatchDelete/parent/child3, dataSize=0, replicationConfig=null} | ret=FAILURE
org.apache.hadoop.ozone.om.exceptions.OMException: Unable to get file status: volume: volume72881 bucket: bucket22361 key: testBatchDelete/parent/child3
	at org.apache.hadoop.ozone.om.KeyManagerImpl.getOzoneFileStatus(KeyManagerImpl.java:1195) ~[ozone-manager-1.4.0-SNAPSHOT.jar:?]
	at org.apache.hadoop.ozone.om.KeyManagerImpl.getFileStatus(KeyManagerImpl.java:1113) ~[ozone-manager-1.4.0-SNAPSHOT.jar:?]
	at org.apache.hadoop.ozone.om.OmMetadataReader.getFileStatus(OmMetadataReader.java:262) ~[ozone-manager-1.4.0-SNAPSHOT.jar:?]
	at org.apache.hadoop.ozone.om.OzoneManager.getFileStatus(OzoneManager.java:3530) ~[ozone-manager-1.4.0-SNAPSHOT.jar:?]
	at org.apache.hadoop.ozone.protocolPB.OzoneManagerRequestHandler.getOzoneFileStatus(OzoneManagerRequestHandler.java:971) ~[ozone-manager-1.4.0-SNAPSHOT.jar:?]
	at org.apache.hadoop.ozone.protocolPB.OzoneManagerRequestHandler.handleReadRequest(OzoneManagerRequestHandler.java:250) ~[ozone-manager-1.4.0-SNAPSHOT.jar:?]
	at org.apache.hadoop.ozone.protocolPB.OzoneManagerProtocolServerSideTranslatorPB.submitReadRequestToOM(OzoneManagerProtocolServerSideTranslatorPB.java:225) ~[ozone-manager-1.4.0-SNAPSHOT.jar:?]
	at org.apache.hadoop.ozone.protocolPB.OzoneManagerProtocolServerSideTranslatorPB.processRequest(OzoneManagerProtocolServerSideTranslatorPB.java:179) ~[ozone-manager-1.4.0-SNAPSHOT.jar:?]
	at org.apache.hadoop.hdds.server.OzoneProtocolMessageDispatcher.processRequest(OzoneProtocolMessageDispatcher.java:87) [hdds-server-framework-1.4.0-SNAPSHOT.jar:?]
	at org.apache.hadoop.ozone.protocolPB.OzoneManagerProtocolServerSideTranslatorPB.submitRequest(OzoneManagerProtocolServerSideTranslatorPB.java:148) [ozone-manager-1.4.0-SNAPSHOT.jar:?]
	at org.apache.hadoop.ozone.protocol.proto.OzoneManagerProtocolProtos$OzoneManagerService$2.callBlockingMethod(OzoneManagerProtocolProtos.java) [ozone-interface-client-1.4.0-SNAPSHOT.jar:?]
	at org.apache.hadoop.ipc.ProtobufRpcEngine$Server.processCall(ProtobufRpcEngine.java:484) [hadoop-common-3.3.6.jar:?]
	at org.apache.hadoop.ipc.ProtobufRpcEngine2$Server$ProtoBufRpcInvoker.call(ProtobufRpcEngine2.java:595) [hadoop-common-3.3.6.jar:?]
	at org.apache.hadoop.ipc.ProtobufRpcEngine2$Server$ProtoBufRpcInvoker.call(ProtobufRpcEngine2.java:573) [hadoop-common-3.3.6.jar:?]
	at org.apache.hadoop.ipc.RPC$Server.call(RPC.java:1227) [hadoop-common-3.3.6.jar:?]
	at org.apache.hadoop.ipc.Server$RpcCall.run(Server.java:1094) [hadoop-common-3.3.6.jar:?]
	at org.apache.hadoop.ipc.Server$RpcCall.run(Server.java:1017) [hadoop-common-3.3.6.jar:?]
	at java.security.AccessController.doPrivileged(Native Method) ~[?:1.8.0_382]
	at javax.security.auth.Subject.doAs(Subject.java:422) [?:1.8.0_382]
	at org.apache.hadoop.security.UserGroupInformation.doAs(UserGroupInformation.java:1899) [hadoop-common-3.3.6.jar:?]
	at org.apache.hadoop.ipc.Server$Handler.run(Server.java:3048) [hadoop-common-3.3.6.jar:?]
08:52:26.467 [IPC Server handler 10 on default port 15004] ERROR OMAudit - user=runner | ip=127.0.0.1 | op=GET_FILE_STATUS {volume=volume72881, bucket=bucket22361, key=testBatchDelete/parent/childFolder/child3, dataSize=0, replicationConfig=null} | ret=FAILURE
org.apache.hadoop.ozone.om.exceptions.OMException: Unable to get file status: volume: volume72881 bucket: bucket22361 key: testBatchDelete/parent/childFolder/child3
	at org.apache.hadoop.ozone.om.KeyManagerImpl.getOzoneFileStatus(KeyManagerImpl.java:1195) ~[ozone-manager-1.4.0-SNAPSHOT.jar:?]
	at org.apache.hadoop.ozone.om.KeyManagerImpl.getFileStatus(KeyManagerImpl.java:1113) ~[ozone-manager-1.4.0-SNAPSHOT.jar:?]
	at org.apache.hadoop.ozone.om.OmMetadataReader.getFileStatus(OmMetadataReader.java:262) ~[ozone-manager-1.4.0-SNAPSHOT.jar:?]
	at org.apache.hadoop.ozone.om.OzoneManager.getFileStatus(OzoneManager.java:3530) ~[ozone-manager-1.4.0-SNAPSHOT.jar:?]
	at org.apache.hadoop.ozone.protocolPB.OzoneManagerRequestHandler.getOzoneFileStatus(OzoneManagerRequestHandler.java:971) ~[ozone-manager-1.4.0-SNAPSHOT.jar:?]
	at org.apache.hadoop.ozone.protocolPB.OzoneManagerRequestHandler.handleReadRequest(OzoneManagerRequestHandler.java:250) ~[ozone-manager-1.4.0-SNAPSHOT.jar:?]
	at org.apache.hadoop.ozone.protocolPB.OzoneManagerProtocolServerSideTranslatorPB.submitReadRequestToOM(OzoneManagerProtocolServerSideTranslatorPB.java:225) ~[ozone-manager-1.4.0-SNAPSHOT.jar:?]
	at org.apache.hadoop.ozone.protocolPB.OzoneManagerProtocolServerSideTranslatorPB.processRequest(OzoneManagerProtocolServerSideTranslatorPB.java:179) ~[ozone-manager-1.4.0-SNAPSHOT.jar:?]
	at org.apache.hadoop.hdds.server.OzoneProtocolMessageDispatcher.processRequest(OzoneProtocolMessageDispatcher.java:87) [hdds-server-framework-1.4.0-SNAPSHOT.jar:?]
	at org.apache.hadoop.ozone.protocolPB.OzoneManagerProtocolServerSideTranslatorPB.submitRequest(OzoneManagerProtocolServerSideTranslatorPB.java:148) [ozone-manager-1.4.0-SNAPSHOT.jar:?]
	at org.apache.hadoop.ozone.protocol.proto.OzoneManagerProtocolProtos$OzoneManagerService$2.callBlockingMethod(OzoneManagerProtocolProtos.java) [ozone-interface-client-1.4.0-SNAPSHOT.jar:?]
	at org.apache.hadoop.ipc.ProtobufRpcEngine$Server.processCall(ProtobufRpcEngine.java:484) [hadoop-common-3.3.6.jar:?]
	at org.apache.hadoop.ipc.ProtobufRpcEngine2$Server$ProtoBufRpcInvoker.call(ProtobufRpcEngine2.java:595) [hadoop-common-3.3.6.jar:?]
	at org.apache.hadoop.ipc.ProtobufRpcEngine2$Server$ProtoBufRpcInvoker.call(ProtobufRpcEngine2.java:573) [hadoop-common-3.3.6.jar:?]
	at org.apache.hadoop.ipc.RPC$Server.call(RPC.java:1227) [hadoop-common-3.3.6.jar:?]
	at org.apache.hadoop.ipc.Server$RpcCall.run(Server.java:1094) [hadoop-common-3.3.6.jar:?]
	at org.apache.hadoop.ipc.Server$RpcCall.run(Server.java:1017) [hadoop-common-3.3.6.jar:?]
	at java.security.AccessController.doPrivileged(Native Method) ~[?:1.8.0_382]
	at javax.security.auth.Subject.doAs(Subject.java:422) [?:1.8.0_382]
	at org.apache.hadoop.security.UserGroupInformation.doAs(UserGroupInformation.java:1899) [hadoop-common-3.3.6.jar:?]
	at org.apache.hadoop.ipc.Server$Handler.run(Server.java:3048) [hadoop-common-3.3.6.jar:?]
08:52:26.469 [IPC Server handler 17 on default port 15004] ERROR OMAudit - user=runner | ip=127.0.0.1 | op=GET_FILE_STATUS {volume=volume72881, bucket=bucket22361, key=testBatchDelete/parent/child4, dataSize=0, replicationConfig=null} | ret=FAILURE
org.apache.hadoop.ozone.om.exceptions.OMException: Unable to get file status: volume: volume72881 bucket: bucket22361 key: testBatchDelete/parent/child4
	at org.apache.hadoop.ozone.om.KeyManagerImpl.getOzoneFileStatus(KeyManagerImpl.java:1195) ~[ozone-manager-1.4.0-SNAPSHOT.jar:?]
	at org.apache.hadoop.ozone.om.KeyManagerImpl.getFileStatus(KeyManagerImpl.java:1113) ~[ozone-manager-1.4.0-SNAPSHOT.jar:?]
	at org.apache.hadoop.ozone.om.OmMetadataReader.getFileStatus(OmMetadataReader.java:262) ~[ozone-manager-1.4.0-SNAPSHOT.jar:?]
	at org.apache.hadoop.ozone.om.OzoneManager.getFileStatus(OzoneManager.java:3530) ~[ozone-manager-1.4.0-SNAPSHOT.jar:?]
	at org.apache.hadoop.ozone.protocolPB.OzoneManagerRequestHandler.getOzoneFileStatus(OzoneManagerRequestHandler.java:971) ~[ozone-manager-1.4.0-SNAPSHOT.jar:?]
	at org.apache.hadoop.ozone.protocolPB.OzoneManagerRequestHandler.handleReadRequest(OzoneManagerRequestHandler.java:250) ~[ozone-manager-1.4.0-SNAPSHOT.jar:?]
	at org.apache.hadoop.ozone.protocolPB.OzoneManagerProtocolServerSideTranslatorPB.submitReadRequestToOM(OzoneManagerProtocolServerSideTranslatorPB.java:225) ~[ozone-manager-1.4.0-SNAPSHOT.jar:?]
	at org.apache.hadoop.ozone.protocolPB.OzoneManagerProtocolServerSideTranslatorPB.processRequest(OzoneManagerProtocolServerSideTranslatorPB.java:179) ~[ozone-manager-1.4.0-SNAPSHOT.jar:?]
	at org.apache.hadoop.hdds.server.OzoneProtocolMessageDispatcher.processRequest(OzoneProtocolMessageDispatcher.java:87) [hdds-server-framework-1.4.0-SNAPSHOT.jar:?]
	at org.apache.hadoop.ozone.protocolPB.OzoneManagerProtocolServerSideTranslatorPB.submitRequest(OzoneManagerProtocolServerSideTranslatorPB.java:148) [ozone-manager-1.4.0-SNAPSHOT.jar:?]
	at org.apache.hadoop.ozone.protocol.proto.OzoneManagerProtocolProtos$OzoneManagerService$2.callBlockingMethod(OzoneManagerProtocolProtos.java) [ozone-interface-client-1.4.0-SNAPSHOT.jar:?]
	at org.apache.hadoop.ipc.ProtobufRpcEngine$Server.processCall(ProtobufRpcEngine.java:484) [hadoop-common-3.3.6.jar:?]
	at org.apache.hadoop.ipc.ProtobufRpcEngine2$Server$ProtoBufRpcInvoker.call(ProtobufRpcEngine2.java:595) [hadoop-common-3.3.6.jar:?]
	at org.apache.hadoop.ipc.ProtobufRpcEngine2$Server$ProtoBufRpcInvoker.call(ProtobufRpcEngine2.java:573) [hadoop-common-3.3.6.jar:?]
	at org.apache.hadoop.ipc.RPC$Server.call(RPC.java:1227) [hadoop-common-3.3.6.jar:?]
	at org.apache.hadoop.ipc.Server$RpcCall.run(Server.java:1094) [hadoop-common-3.3.6.jar:?]
	at org.apache.hadoop.ipc.Server$RpcCall.run(Server.java:1017) [hadoop-common-3.3.6.jar:?]
	at java.security.AccessController.doPrivileged(Native Method) ~[?:1.8.0_382]
	at javax.security.auth.Subject.doAs(Subject.java:422) [?:1.8.0_382]
	at org.apache.hadoop.security.UserGroupInformation.doAs(UserGroupInformation.java:1899) [hadoop-common-3.3.6.jar:?]
	at org.apache.hadoop.ipc.Server$Handler.run(Server.java:3048) [hadoop-common-3.3.6.jar:?]
08:52:26.470 [IPC Server handler 0 on default port 15004] ERROR OMAudit - user=runner | ip=127.0.0.1 | op=GET_FILE_STATUS {volume=volume72881, bucket=bucket22361, key=testBatchDelete/parent/childFolder/child4, dataSize=0, replicationConfig=null} | ret=FAILURE
org.apache.hadoop.ozone.om.exceptions.OMException: Unable to get file status: volume: volume72881 bucket: bucket22361 key: testBatchDelete/parent/childFolder/child4
	at org.apache.hadoop.ozone.om.KeyManagerImpl.getOzoneFileStatus(KeyManagerImpl.java:1195) ~[ozone-manager-1.4.0-SNAPSHOT.jar:?]
	at org.apache.hadoop.ozone.om.KeyManagerImpl.getFileStatus(KeyManagerImpl.java:1113) ~[ozone-manager-1.4.0-SNAPSHOT.jar:?]
	at org.apache.hadoop.ozone.om.OmMetadataReader.getFileStatus(OmMetadataReader.java:262) ~[ozone-manager-1.4.0-SNAPSHOT.jar:?]
	at org.apache.hadoop.ozone.om.OzoneManager.getFileStatus(OzoneManager.java:3530) ~[ozone-manager-1.4.0-SNAPSHOT.jar:?]
	at org.apache.hadoop.ozone.protocolPB.OzoneManagerRequestHandler.getOzoneFileStatus(OzoneManagerRequestHandler.java:971) ~[ozone-manager-1.4.0-SNAPSHOT.jar:?]
	at org.apache.hadoop.ozone.protocolPB.OzoneManagerRequestHandler.handleReadRequest(OzoneManagerRequestHandler.java:250) ~[ozone-manager-1.4.0-SNAPSHOT.jar:?]
	at org.apache.hadoop.ozone.protocolPB.OzoneManagerProtocolServerSideTranslatorPB.submitReadRequestToOM(OzoneManagerProtocolServerSideTranslatorPB.java:225) ~[ozone-manager-1.4.0-SNAPSHOT.jar:?]
	at org.apache.hadoop.ozone.protocolPB.OzoneManagerProtocolServerSideTranslatorPB.processRequest(OzoneManagerProtocolServerSideTranslatorPB.java:179) ~[ozone-manager-1.4.0-SNAPSHOT.jar:?]
	at org.apache.hadoop.hdds.server.OzoneProtocolMessageDispatcher.processRequest(OzoneProtocolMessageDispatcher.java:87) [hdds-server-framework-1.4.0-SNAPSHOT.jar:?]
	at org.apache.hadoop.ozone.protocolPB.OzoneManagerProtocolServerSideTranslatorPB.submitRequest(OzoneManagerProtocolServerSideTranslatorPB.java:148) [ozone-manager-1.4.0-SNAPSHOT.jar:?]
	at org.apache.hadoop.ozone.protocol.proto.OzoneManagerProtocolProtos$OzoneManagerService$2.callBlockingMethod(OzoneManagerProtocolProtos.java) [ozone-interface-client-1.4.0-SNAPSHOT.jar:?]
	at org.apache.hadoop.ipc.ProtobufRpcEngine$Server.processCall(ProtobufRpcEngine.java:484) [hadoop-common-3.3.6.jar:?]
	at org.apache.hadoop.ipc.ProtobufRpcEngine2$Server$ProtoBufRpcInvoker.call(ProtobufRpcEngine2.java:595) [hadoop-common-3.3.6.jar:?]
	at org.apache.hadoop.ipc.ProtobufRpcEngine2$Server$ProtoBufRpcInvoker.call(ProtobufRpcEngine2.java:573) [hadoop-common-3.3.6.jar:?]
	at org.apache.hadoop.ipc.RPC$Server.call(RPC.java:1227) [hadoop-common-3.3.6.jar:?]
	at org.apache.hadoop.ipc.Server$RpcCall.run(Server.java:1094) [hadoop-common-3.3.6.jar:?]
	at org.apache.hadoop.ipc.Server$RpcCall.run(Server.java:1017) [hadoop-common-3.3.6.jar:?]
	at java.security.AccessController.doPrivileged(Native Method) ~[?:1.8.0_382]
	at javax.security.auth.Subject.doAs(Subject.java:422) [?:1.8.0_382]
	at org.apache.hadoop.security.UserGroupInformation.doAs(UserGroupInformation.java:1899) [hadoop-common-3.3.6.jar:?]
	at org.apache.hadoop.ipc.Server$Handler.run(Server.java:3048) [hadoop-common-3.3.6.jar:?]
08:52:26.472 [IPC Server handler 18 on default port 15004] ERROR OMAudit - user=runner | ip=127.0.0.1 | op=GET_FILE_STATUS {volume=volume72881, bucket=bucket22361, key=testBatchDelete/parent/child5, dataSize=0, replicationConfig=null} | ret=FAILURE
org.apache.hadoop.ozone.om.exceptions.OMException: Unable to get file status: volume: volume72881 bucket: bucket22361 key: testBatchDelete/parent/child5
	at org.apache.hadoop.ozone.om.KeyManagerImpl.getOzoneFileStatus(KeyManagerImpl.java:1195) ~[ozone-manager-1.4.0-SNAPSHOT.jar:?]
	at org.apache.hadoop.ozone.om.KeyManagerImpl.getFileStatus(KeyManagerImpl.java:1113) ~[ozone-manager-1.4.0-SNAPSHOT.jar:?]
	at org.apache.hadoop.ozone.om.OmMetadataReader.getFileStatus(OmMetadataReader.java:262) ~[ozone-manager-1.4.0-SNAPSHOT.jar:?]
	at org.apache.hadoop.ozone.om.OzoneManager.getFileStatus(OzoneManager.java:3530) ~[ozone-manager-1.4.0-SNAPSHOT.jar:?]
	at org.apache.hadoop.ozone.protocolPB.OzoneManagerRequestHandler.getOzoneFileStatus(OzoneManagerRequestHandler.java:971) ~[ozone-manager-1.4.0-SNAPSHOT.jar:?]
	at org.apache.hadoop.ozone.protocolPB.OzoneManagerRequestHandler.handleReadRequest(OzoneManagerRequestHandler.java:250) ~[ozone-manager-1.4.0-SNAPSHOT.jar:?]
	at org.apache.hadoop.ozone.protocolPB.OzoneManagerProtocolServerSideTranslatorPB.submitReadRequestToOM(OzoneManagerProtocolServerSideTranslatorPB.java:225) ~[ozone-manager-1.4.0-SNAPSHOT.jar:?]
	at org.apache.hadoop.ozone.protocolPB.OzoneManagerProtocolServerSideTranslatorPB.processRequest(OzoneManagerProtocolServerSideTranslatorPB.java:179) ~[ozone-manager-1.4.0-SNAPSHOT.jar:?]
	at org.apache.hadoop.hdds.server.OzoneProtocolMessageDispatcher.processRequest(OzoneProtocolMessageDispatcher.java:87) [hdds-server-framework-1.4.0-SNAPSHOT.jar:?]
	at org.apache.hadoop.ozone.protocolPB.OzoneManagerProtocolServerSideTranslatorPB.submitRequest(OzoneManagerProtocolServerSideTranslatorPB.java:148) [ozone-manager-1.4.0-SNAPSHOT.jar:?]
	at org.apache.hadoop.ozone.protocol.proto.OzoneManagerProtocolProtos$OzoneManagerService$2.callBlockingMethod(OzoneManagerProtocolProtos.java) [ozone-interface-client-1.4.0-SNAPSHOT.jar:?]
	at org.apache.hadoop.ipc.ProtobufRpcEngine$Server.processCall(ProtobufRpcEngine.java:484) [hadoop-common-3.3.6.jar:?]
	at org.apache.hadoop.ipc.ProtobufRpcEngine2$Server$ProtoBufRpcInvoker.call(ProtobufRpcEngine2.java:595) [hadoop-common-3.3.6.jar:?]
	at org.apache.hadoop.ipc.ProtobufRpcEngine2$Server$ProtoBufRpcInvoker.call(ProtobufRpcEngine2.java:573) [hadoop-common-3.3.6.jar:?]
	at org.apache.hadoop.ipc.RPC$Server.call(RPC.java:1227) [hadoop-common-3.3.6.jar:?]
	at org.apache.hadoop.ipc.Server$RpcCall.run(Server.java:1094) [hadoop-common-3.3.6.jar:?]
	at org.apache.hadoop.ipc.Server$RpcCall.run(Server.java:1017) [hadoop-common-3.3.6.jar:?]
	at java.security.AccessController.doPrivileged(Native Method) ~[?:1.8.0_382]
	at javax.security.auth.Subject.doAs(Subject.java:422) [?:1.8.0_382]
	at org.apache.hadoop.security.UserGroupInformation.doAs(UserGroupInformation.java:1899) [hadoop-common-3.3.6.jar:?]
	at org.apache.hadoop.ipc.Server$Handler.run(Server.java:3048) [hadoop-common-3.3.6.jar:?]
08:52:26.478 [IPC Server handler 7 on default port 15004] ERROR OMAudit - user=runner | ip=127.0.0.1 | op=GET_FILE_STATUS {volume=volume72881, bucket=bucket22361, key=testBatchDelete/parent/childFolder/child5, dataSize=0, replicationConfig=null} | ret=FAILURE
org.apache.hadoop.ozone.om.exceptions.OMException: Unable to get file status: volume: volume72881 bucket: bucket22361 key: testBatchDelete/parent/childFolder/child5
	at org.apache.hadoop.ozone.om.KeyManagerImpl.getOzoneFileStatus(KeyManagerImpl.java:1195) ~[ozone-manager-1.4.0-SNAPSHOT.jar:?]
	at org.apache.hadoop.ozone.om.KeyManagerImpl.getFileStatus(KeyManagerImpl.java:1113) ~[ozone-manager-1.4.0-SNAPSHOT.jar:?]
	at org.apache.hadoop.ozone.om.OmMetadataReader.getFileStatus(OmMetadataReader.java:262) ~[ozone-manager-1.4.0-SNAPSHOT.jar:?]
	at org.apache.hadoop.ozone.om.OzoneManager.getFileStatus(OzoneManager.java:3530) ~[ozone-manager-1.4.0-SNAPSHOT.jar:?]
	at org.apache.hadoop.ozone.protocolPB.OzoneManagerRequestHandler.getOzoneFileStatus(OzoneManagerRequestHandler.java:971) ~[ozone-manager-1.4.0-SNAPSHOT.jar:?]
	at org.apache.hadoop.ozone.protocolPB.OzoneManagerRequestHandler.handleReadRequest(OzoneManagerRequestHandler.java:250) ~[ozone-manager-1.4.0-SNAPSHOT.jar:?]
	at org.apache.hadoop.ozone.protocolPB.OzoneManagerProtocolServerSideTranslatorPB.submitReadRequestToOM(OzoneManagerProtocolServerSideTranslatorPB.java:225) ~[ozone-manager-1.4.0-SNAPSHOT.jar:?]
	at org.apache.hadoop.ozone.protocolPB.OzoneManagerProtocolServerSideTranslatorPB.processRequest(OzoneManagerProtocolServerSideTranslatorPB.java:179) ~[ozone-manager-1.4.0-SNAPSHOT.jar:?]
	at org.apache.hadoop.hdds.server.OzoneProtocolMessageDispatcher.processRequest(OzoneProtocolMessageDispatcher.java:87) [hdds-server-framework-1.4.0-SNAPSHOT.jar:?]
	at org.apache.hadoop.ozone.protocolPB.OzoneManagerProtocolServerSideTranslatorPB.submitRequest(OzoneManagerProtocolServerSideTranslatorPB.java:148) [ozone-manager-1.4.0-SNAPSHOT.jar:?]
	at org.apache.hadoop.ozone.protocol.proto.OzoneManagerProtocolProtos$OzoneManagerService$2.callBlockingMethod(OzoneManagerProtocolProtos.java) [ozone-interface-client-1.4.0-SNAPSHOT.jar:?]
	at org.apache.hadoop.ipc.ProtobufRpcEngine$Server.processCall(ProtobufRpcEngine.java:484) [hadoop-common-3.3.6.jar:?]
	at org.apache.hadoop.ipc.ProtobufRpcEngine2$Server$ProtoBufRpcInvoker.call(ProtobufRpcEngine2.java:595) [hadoop-common-3.3.6.jar:?]
	at org.apache.hadoop.ipc.ProtobufRpcEngine2$Server$ProtoBufRpcInvoker.call(ProtobufRpcEngine2.java:573) [hadoop-common-3.3.6.jar:?]
	at org.apache.hadoop.ipc.RPC$Server.call(RPC.java:1227) [hadoop-common-3.3.6.jar:?]
	at org.apache.hadoop.ipc.Server$RpcCall.run(Server.java:1094) [hadoop-common-3.3.6.jar:?]
	at org.apache.hadoop.ipc.Server$RpcCall.run(Server.java:1017) [hadoop-common-3.3.6.jar:?]
	at java.security.AccessController.doPrivileged(Native Method) ~[?:1.8.0_382]
	at javax.security.auth.Subject.doAs(Subject.java:422) [?:1.8.0_382]
	at org.apache.hadoop.security.UserGroupInformation.doAs(UserGroupInformation.java:1899) [hadoop-common-3.3.6.jar:?]
	at org.apache.hadoop.ipc.Server$Handler.run(Server.java:3048) [hadoop-common-3.3.6.jar:?]
08:52:26.480 [IPC Server handler 3 on default port 15004] ERROR OMAudit - user=runner | ip=127.0.0.1 | op=GET_FILE_STATUS {volume=volume72881, bucket=bucket22361, key=testBatchDelete/parent/child6, dataSize=0, replicationConfig=null} | ret=FAILURE
org.apache.hadoop.ozone.om.exceptions.OMException: Unable to get file status: volume: volume72881 bucket: bucket22361 key: testBatchDelete/parent/child6
	at org.apache.hadoop.ozone.om.KeyManagerImpl.getOzoneFileStatus(KeyManagerImpl.java:1195) ~[ozone-manager-1.4.0-SNAPSHOT.jar:?]
	at org.apache.hadoop.ozone.om.KeyManagerImpl.getFileStatus(KeyManagerImpl.java:1113) ~[ozone-manager-1.4.0-SNAPSHOT.jar:?]
	at org.apache.hadoop.ozone.om.OmMetadataReader.getFileStatus(OmMetadataReader.java:262) ~[ozone-manager-1.4.0-SNAPSHOT.jar:?]
	at org.apache.hadoop.ozone.om.OzoneManager.getFileStatus(OzoneManager.java:3530) ~[ozone-manager-1.4.0-SNAPSHOT.jar:?]
	at org.apache.hadoop.ozone.protocolPB.OzoneManagerRequestHandler.getOzoneFileStatus(OzoneManagerRequestHandler.java:971) ~[ozone-manager-1.4.0-SNAPSHOT.jar:?]
	at org.apache.hadoop.ozone.protocolPB.OzoneManagerRequestHandler.handleReadRequest(OzoneManagerRequestHandler.java:250) ~[ozone-manager-1.4.0-SNAPSHOT.jar:?]
	at org.apache.hadoop.ozone.protocolPB.OzoneManagerProtocolServerSideTranslatorPB.submitReadRequestToOM(OzoneManagerProtocolServerSideTranslatorPB.java:225) ~[ozone-manager-1.4.0-SNAPSHOT.jar:?]
	at org.apache.hadoop.ozone.protocolPB.OzoneManagerProtocolServerSideTranslatorPB.processRequest(OzoneManagerProtocolServerSideTranslatorPB.java:179) ~[ozone-manager-1.4.0-SNAPSHOT.jar:?]
	at org.apache.hadoop.hdds.server.OzoneProtocolMessageDispatcher.processRequest(OzoneProtocolMessageDispatcher.java:87) [hdds-server-framework-1.4.0-SNAPSHOT.jar:?]
	at org.apache.hadoop.ozone.protocolPB.OzoneManagerProtocolServerSideTranslatorPB.submitRequest(OzoneManagerProtocolServerSideTranslatorPB.java:148) [ozone-manager-1.4.0-SNAPSHOT.jar:?]
	at org.apache.hadoop.ozone.protocol.proto.OzoneManagerProtocolProtos$OzoneManagerService$2.callBlockingMethod(OzoneManagerProtocolProtos.java) [ozone-interface-client-1.4.0-SNAPSHOT.jar:?]
	at org.apache.hadoop.ipc.ProtobufRpcEngine$Server.processCall(ProtobufRpcEngine.java:484) [hadoop-common-3.3.6.jar:?]
	at org.apache.hadoop.ipc.ProtobufRpcEngine2$Server$ProtoBufRpcInvoker.call(ProtobufRpcEngine2.java:595) [hadoop-common-3.3.6.jar:?]
	at org.apache.hadoop.ipc.ProtobufRpcEngine2$Server$ProtoBufRpcInvoker.call(ProtobufRpcEngine2.java:573) [hadoop-common-3.3.6.jar:?]
	at org.apache.hadoop.ipc.RPC$Server.call(RPC.java:1227) [hadoop-common-3.3.6.jar:?]
	at org.apache.hadoop.ipc.Server$RpcCall.run(Server.java:1094) [hadoop-common-3.3.6.jar:?]
	at org.apache.hadoop.ipc.Server$RpcCall.run(Server.java:1017) [hadoop-common-3.3.6.jar:?]
	at java.security.AccessController.doPrivileged(Native Method) ~[?:1.8.0_382]
	at javax.security.auth.Subject.doAs(Subject.java:422) [?:1.8.0_382]
	at org.apache.hadoop.security.UserGroupInformation.doAs(UserGroupInformation.java:1899) [hadoop-common-3.3.6.jar:?]
	at org.apache.hadoop.ipc.Server$Handler.run(Server.java:3048) [hadoop-common-3.3.6.jar:?]
08:52:26.482 [IPC Server handler 19 on default port 15004] ERROR OMAudit - user=runner | ip=127.0.0.1 | op=GET_FILE_STATUS {volume=volume72881, bucket=bucket22361, key=testBatchDelete/parent/childFolder/child6, dataSize=0, replicationConfig=null} | ret=FAILURE
org.apache.hadoop.ozone.om.exceptions.OMException: Unable to get file status: volume: volume72881 bucket: bucket22361 key: testBatchDelete/parent/childFolder/child6
	at org.apache.hadoop.ozone.om.KeyManagerImpl.getOzoneFileStatus(KeyManagerImpl.java:1195) ~[ozone-manager-1.4.0-SNAPSHOT.jar:?]
	at org.apache.hadoop.ozone.om.KeyManagerImpl.getFileStatus(KeyManagerImpl.java:1113) ~[ozone-manager-1.4.0-SNAPSHOT.jar:?]
	at org.apache.hadoop.ozone.om.OmMetadataReader.getFileStatus(OmMetadataReader.java:262) ~[ozone-manager-1.4.0-SNAPSHOT.jar:?]
	at org.apache.hadoop.ozone.om.OzoneManager.getFileStatus(OzoneManager.java:3530) ~[ozone-manager-1.4.0-SNAPSHOT.jar:?]
	at org.apache.hadoop.ozone.protocolPB.OzoneManagerRequestHandler.getOzoneFileStatus(OzoneManagerRequestHandler.java:971) ~[ozone-manager-1.4.0-SNAPSHOT.jar:?]
	at org.apache.hadoop.ozone.protocolPB.OzoneManagerRequestHandler.handleReadRequest(OzoneManagerRequestHandler.java:250) ~[ozone-manager-1.4.0-SNAPSHOT.jar:?]
	at org.apache.hadoop.ozone.protocolPB.OzoneManagerProtocolServerSideTranslatorPB.submitReadRequestToOM(OzoneManagerProtocolServerSideTranslatorPB.java:225) ~[ozone-manager-1.4.0-SNAPSHOT.jar:?]
	at org.apache.hadoop.ozone.protocolPB.OzoneManagerProtocolServerSideTranslatorPB.processRequest(OzoneManagerProtocolServerSideTranslatorPB.java:179) ~[ozone-manager-1.4.0-SNAPSHOT.jar:?]
	at org.apache.hadoop.hdds.server.OzoneProtocolMessageDispatcher.processRequest(OzoneProtocolMessageDispatcher.java:87) [hdds-server-framework-1.4.0-SNAPSHOT.jar:?]
	at org.apache.hadoop.ozone.protocolPB.OzoneManagerProtocolServerSideTranslatorPB.submitRequest(OzoneManagerProtocolServerSideTranslatorPB.java:148) [ozone-manager-1.4.0-SNAPSHOT.jar:?]
	at org.apache.hadoop.ozone.protocol.proto.OzoneManagerProtocolProtos$OzoneManagerService$2.callBlockingMethod(OzoneManagerProtocolProtos.java) [ozone-interface-client-1.4.0-SNAPSHOT.jar:?]
	at org.apache.hadoop.ipc.ProtobufRpcEngine$Server.processCall(ProtobufRpcEngine.java:484) [hadoop-common-3.3.6.jar:?]
	at org.apache.hadoop.ipc.ProtobufRpcEngine2$Server$ProtoBufRpcInvoker.call(ProtobufRpcEngine2.java:595) [hadoop-common-3.3.6.jar:?]
	at org.apache.hadoop.ipc.ProtobufRpcEngine2$Server$ProtoBufRpcInvoker.call(ProtobufRpcEngine2.java:573) [hadoop-common-3.3.6.jar:?]
	at org.apache.hadoop.ipc.RPC$Server.call(RPC.java:1227) [hadoop-common-3.3.6.jar:?]
	at org.apache.hadoop.ipc.Server$RpcCall.run(Server.java:1094) [hadoop-common-3.3.6.jar:?]
	at org.apache.hadoop.ipc.Server$RpcCall.run(Server.java:1017) [hadoop-common-3.3.6.jar:?]
	at java.security.AccessController.doPrivileged(Native Method) ~[?:1.8.0_382]
	at javax.security.auth.Subject.doAs(Subject.java:422) [?:1.8.0_382]
	at org.apache.hadoop.security.UserGroupInformation.doAs(UserGroupInformation.java:1899) [hadoop-common-3.3.6.jar:?]
	at org.apache.hadoop.ipc.Server$Handler.run(Server.java:3048) [hadoop-common-3.3.6.jar:?]
08:52:26.484 [IPC Server handler 9 on default port 15004] ERROR OMAudit - user=runner | ip=127.0.0.1 | op=GET_FILE_STATUS {volume=volume72881, bucket=bucket22361, key=testBatchDelete/parent/child7, dataSize=0, replicationConfig=null} | ret=FAILURE
org.apache.hadoop.ozone.om.exceptions.OMException: Unable to get file status: volume: volume72881 bucket: bucket22361 key: testBatchDelete/parent/child7
	at org.apache.hadoop.ozone.om.KeyManagerImpl.getOzoneFileStatus(KeyManagerImpl.java:1195) ~[ozone-manager-1.4.0-SNAPSHOT.jar:?]
	at org.apache.hadoop.ozone.om.KeyManagerImpl.getFileStatus(KeyManagerImpl.java:1113) ~[ozone-manager-1.4.0-SNAPSHOT.jar:?]
	at org.apache.hadoop.ozone.om.OmMetadataReader.getFileStatus(OmMetadataReader.java:262) ~[ozone-manager-1.4.0-SNAPSHOT.jar:?]
	at org.apache.hadoop.ozone.om.OzoneManager.getFileStatus(OzoneManager.java:3530) ~[ozone-manager-1.4.0-SNAPSHOT.jar:?]
	at org.apache.hadoop.ozone.protocolPB.OzoneManagerRequestHandler.getOzoneFileStatus(OzoneManagerRequestHandler.java:971) ~[ozone-manager-1.4.0-SNAPSHOT.jar:?]
	at org.apache.hadoop.ozone.protocolPB.OzoneManagerRequestHandler.handleReadRequest(OzoneManagerRequestHandler.java:250) ~[ozone-manager-1.4.0-SNAPSHOT.jar:?]
	at org.apache.hadoop.ozone.protocolPB.OzoneManagerProtocolServerSideTranslatorPB.submitReadRequestToOM(OzoneManagerProtocolServerSideTranslatorPB.java:225) ~[ozone-manager-1.4.0-SNAPSHOT.jar:?]
	at org.apache.hadoop.ozone.protocolPB.OzoneManagerProtocolServerSideTranslatorPB.processRequest(OzoneManagerProtocolServerSideTranslatorPB.java:179) ~[ozone-manager-1.4.0-SNAPSHOT.jar:?]
	at org.apache.hadoop.hdds.server.OzoneProtocolMessageDispatcher.processRequest(OzoneProtocolMessageDispatcher.java:87) [hdds-server-framework-1.4.0-SNAPSHOT.jar:?]
	at org.apache.hadoop.ozone.protocolPB.OzoneManagerProtocolServerSideTranslatorPB.submitRequest(OzoneManagerProtocolServerSideTranslatorPB.java:148) [ozone-manager-1.4.0-SNAPSHOT.jar:?]
	at org.apache.hadoop.ozone.protocol.proto.OzoneManagerProtocolProtos$OzoneManagerService$2.callBlockingMethod(OzoneManagerProtocolProtos.java) [ozone-interface-client-1.4.0-SNAPSHOT.jar:?]
	at org.apache.hadoop.ipc.ProtobufRpcEngine$Server.processCall(ProtobufRpcEngine.java:484) [hadoop-common-3.3.6.jar:?]
	at org.apache.hadoop.ipc.ProtobufRpcEngine2$Server$ProtoBufRpcInvoker.call(ProtobufRpcEngine2.java:595) [hadoop-common-3.3.6.jar:?]
	at org.apache.hadoop.ipc.ProtobufRpcEngine2$Server$ProtoBufRpcInvoker.call(ProtobufRpcEngine2.java:573) [hadoop-common-3.3.6.jar:?]
	at org.apache.hadoop.ipc.RPC$Server.call(RPC.java:1227) [hadoop-common-3.3.6.jar:?]
	at org.apache.hadoop.ipc.Server$RpcCall.run(Server.java:1094) [hadoop-common-3.3.6.jar:?]
	at org.apache.hadoop.ipc.Server$RpcCall.run(Server.java:1017) [hadoop-common-3.3.6.jar:?]
	at java.security.AccessController.doPrivileged(Native Method) ~[?:1.8.0_382]
	at javax.security.auth.Subject.doAs(Subject.java:422) [?:1.8.0_382]
	at org.apache.hadoop.security.UserGroupInformation.doAs(UserGroupInformation.java:1899) [hadoop-common-3.3.6.jar:?]
	at org.apache.hadoop.ipc.Server$Handler.run(Server.java:3048) [hadoop-common-3.3.6.jar:?]
08:52:26.488 [IPC Server handler 1 on default port 15004] ERROR OMAudit - user=runner | ip=127.0.0.1 | op=GET_FILE_STATUS {volume=volume72881, bucket=bucket22361, key=testBatchDelete/parent/childFolder/child7, dataSize=0, replicationConfig=null} | ret=FAILURE
org.apache.hadoop.ozone.om.exceptions.OMException: Unable to get file status: volume: volume72881 bucket: bucket22361 key: testBatchDelete/parent/childFolder/child7
	at org.apache.hadoop.ozone.om.KeyManagerImpl.getOzoneFileStatus(KeyManagerImpl.java:1195) ~[ozone-manager-1.4.0-SNAPSHOT.jar:?]
	at org.apache.hadoop.ozone.om.KeyManagerImpl.getFileStatus(KeyManagerImpl.java:1113) ~[ozone-manager-1.4.0-SNAPSHOT.jar:?]
	at org.apache.hadoop.ozone.om.OmMetadataReader.getFileStatus(OmMetadataReader.java:262) ~[ozone-manager-1.4.0-SNAPSHOT.jar:?]
	at org.apache.hadoop.ozone.om.OzoneManager.getFileStatus(OzoneManager.java:3530) ~[ozone-manager-1.4.0-SNAPSHOT.jar:?]
	at org.apache.hadoop.ozone.protocolPB.OzoneManagerRequestHandler.getOzoneFileStatus(OzoneManagerRequestHandler.java:971) ~[ozone-manager-1.4.0-SNAPSHOT.jar:?]
	at org.apache.hadoop.ozone.protocolPB.OzoneManagerRequestHandler.handleReadRequest(OzoneManagerRequestHandler.java:250) ~[ozone-manager-1.4.0-SNAPSHOT.jar:?]
	at org.apache.hadoop.ozone.protocolPB.OzoneManagerProtocolServerSideTranslatorPB.submitReadRequestToOM(OzoneManagerProtocolServerSideTranslatorPB.java:225) ~[ozone-manager-1.4.0-SNAPSHOT.jar:?]
	at org.apache.hadoop.ozone.protocolPB.OzoneManagerProtocolServerSideTranslatorPB.processRequest(OzoneManagerProtocolServerSideTranslatorPB.java:179) ~[ozone-manager-1.4.0-SNAPSHOT.jar:?]
	at org.apache.hadoop.hdds.server.OzoneProtocolMessageDispatcher.processRequest(OzoneProtocolMessageDispatcher.java:87) [hdds-server-framework-1.4.0-SNAPSHOT.jar:?]
	at org.apache.hadoop.ozone.protocolPB.OzoneManagerProtocolServerSideTranslatorPB.submitRequest(OzoneManagerProtocolServerSideTranslatorPB.java:148) [ozone-manager-1.4.0-SNAPSHOT.jar:?]
	at org.apache.hadoop.ozone.protocol.proto.OzoneManagerProtocolProtos$OzoneManagerService$2.callBlockingMethod(OzoneManagerProtocolProtos.java) [ozone-interface-client-1.4.0-SNAPSHOT.jar:?]
	at org.apache.hadoop.ipc.ProtobufRpcEngine$Server.processCall(ProtobufRpcEngine.java:484) [hadoop-common-3.3.6.jar:?]
	at org.apache.hadoop.ipc.ProtobufRpcEngine2$Server$ProtoBufRpcInvoker.call(ProtobufRpcEngine2.java:595) [hadoop-common-3.3.6.jar:?]
	at org.apache.hadoop.ipc.ProtobufRpcEngine2$Server$ProtoBufRpcInvoker.call(ProtobufRpcEngine2.java:573) [hadoop-common-3.3.6.jar:?]
	at org.apache.hadoop.ipc.RPC$Server.call(RPC.java:1227) [hadoop-common-3.3.6.jar:?]
	at org.apache.hadoop.ipc.Server$RpcCall.run(Server.java:1094) [hadoop-common-3.3.6.jar:?]
	at org.apache.hadoop.ipc.Server$RpcCall.run(Server.java:1017) [hadoop-common-3.3.6.jar:?]
	at java.security.AccessController.doPrivileged(Native Method) ~[?:1.8.0_382]
	at javax.security.auth.Subject.doAs(Subject.java:422) [?:1.8.0_382]
	at org.apache.hadoop.security.UserGroupInformation.doAs(UserGroupInformation.java:1899) [hadoop-common-3.3.6.jar:?]
	at org.apache.hadoop.ipc.Server$Handler.run(Server.java:3048) [hadoop-common-3.3.6.jar:?]
08:52:26.490 [IPC Server handler 2 on default port 15004] ERROR OMAudit - user=runner | ip=127.0.0.1 | op=GET_FILE_STATUS {volume=volume72881, bucket=bucket22361, key=testBatchDelete/parent, dataSize=0, replicationConfig=null} | ret=FAILURE
org.apache.hadoop.ozone.om.exceptions.OMException: Unable to get file status: volume: volume72881 bucket: bucket22361 key: testBatchDelete/parent
	at org.apache.hadoop.ozone.om.KeyManagerImpl.getOzoneFileStatus(KeyManagerImpl.java:1195) ~[ozone-manager-1.4.0-SNAPSHOT.jar:?]
	at org.apache.hadoop.ozone.om.KeyManagerImpl.getFileStatus(KeyManagerImpl.java:1113) ~[ozone-manager-1.4.0-SNAPSHOT.jar:?]
	at org.apache.hadoop.ozone.om.OmMetadataReader.getFileStatus(OmMetadataReader.java:262) ~[ozone-manager-1.4.0-SNAPSHOT.jar:?]
	at org.apache.hadoop.ozone.om.OzoneManager.getFileStatus(OzoneManager.java:3530) ~[ozone-manager-1.4.0-SNAPSHOT.jar:?]
	at org.apache.hadoop.ozone.protocolPB.OzoneManagerRequestHandler.getOzoneFileStatus(OzoneManagerRequestHandler.java:971) ~[ozone-manager-1.4.0-SNAPSHOT.jar:?]
	at org.apache.hadoop.ozone.protocolPB.OzoneManagerRequestHandler.handleReadRequest(OzoneManagerRequestHandler.java:250) ~[ozone-manager-1.4.0-SNAPSHOT.jar:?]
	at org.apache.hadoop.ozone.protocolPB.OzoneManagerProtocolServerSideTranslatorPB.submitReadRequestToOM(OzoneManagerProtocolServerSideTranslatorPB.java:225) ~[ozone-manager-1.4.0-SNAPSHOT.jar:?]
	at org.apache.hadoop.ozone.protocolPB.OzoneManagerProtocolServerSideTranslatorPB.processRequest(OzoneManagerProtocolServerSideTranslatorPB.java:179) ~[ozone-manager-1.4.0-SNAPSHOT.jar:?]
	at org.apache.hadoop.hdds.server.OzoneProtocolMessageDispatcher.processRequest(OzoneProtocolMessageDispatcher.java:87) [hdds-server-framework-1.4.0-SNAPSHOT.jar:?]
	at org.apache.hadoop.ozone.protocolPB.OzoneManagerProtocolServerSideTranslatorPB.submitRequest(OzoneManagerProtocolServerSideTranslatorPB.java:148) [ozone-manager-1.4.0-SNAPSHOT.jar:?]
	at org.apache.hadoop.ozone.protocol.proto.OzoneManagerProtocolProtos$OzoneManagerService$2.callBlockingMethod(OzoneManagerProtocolProtos.java) [ozone-interface-client-1.4.0-SNAPSHOT.jar:?]
	at org.apache.hadoop.ipc.ProtobufRpcEngine$Server.processCall(ProtobufRpcEngine.java:484) [hadoop-common-3.3.6.jar:?]
	at org.apache.hadoop.ipc.ProtobufRpcEngine2$Server$ProtoBufRpcInvoker.call(ProtobufRpcEngine2.java:595) [hadoop-common-3.3.6.jar:?]
	at org.apache.hadoop.ipc.ProtobufRpcEngine2$Server$ProtoBufRpcInvoker.call(ProtobufRpcEngine2.java:573) [hadoop-common-3.3.6.jar:?]
	at org.apache.hadoop.ipc.RPC$Server.call(RPC.java:1227) [hadoop-common-3.3.6.jar:?]
	at org.apache.hadoop.ipc.Server$RpcCall.run(Server.java:1094) [hadoop-common-3.3.6.jar:?]
	at org.apache.hadoop.ipc.Server$RpcCall.run(Server.java:1017) [hadoop-common-3.3.6.jar:?]
	at java.security.AccessController.doPrivileged(Native Method) ~[?:1.8.0_382]
	at javax.security.auth.Subject.doAs(Subject.java:422) [?:1.8.0_382]
	at org.apache.hadoop.security.UserGroupInformation.doAs(UserGroupInformation.java:1899) [hadoop-common-3.3.6.jar:?]
	at org.apache.hadoop.ipc.Server$Handler.run(Server.java:3048) [hadoop-common-3.3.6.jar:?]
2023-09-07 08:52:26,491 [Time-limited test] WARN  ozone.BasicOzoneFileSystem (BasicOzoneFileSystem.java:delete(595)) - delete: Path does not exist: /testBatchDelete/parent
]]></system-out>
  </testcase>
  <testcase name="testFileDelete" classname="TestOzoneFileSystem" time="0.149">
    <system-out><![CDATA[08:54:17.443 [IPC Server handler 10 on default port 15057] ERROR OMAudit - user=runner | ip=127.0.0.1 | op=GET_FILE_STATUS {volume=volume93671, bucket=bucket89282, key=testBatchDelete, dataSize=0, replicationConfig=null} | ret=FAILURE
org.apache.hadoop.ozone.om.exceptions.OMException: Unable to get file status: volume: volume93671 bucket: bucket89282 key: testBatchDelete
	at org.apache.hadoop.ozone.om.KeyManagerImpl.getOzoneFileStatus(KeyManagerImpl.java:1195) ~[ozone-manager-1.4.0-SNAPSHOT.jar:?]
	at org.apache.hadoop.ozone.om.KeyManagerImpl.getFileStatus(KeyManagerImpl.java:1113) ~[ozone-manager-1.4.0-SNAPSHOT.jar:?]
	at org.apache.hadoop.ozone.om.OmMetadataReader.getFileStatus(OmMetadataReader.java:262) ~[ozone-manager-1.4.0-SNAPSHOT.jar:?]
	at org.apache.hadoop.ozone.om.OzoneManager.getFileStatus(OzoneManager.java:3530) ~[ozone-manager-1.4.0-SNAPSHOT.jar:?]
	at org.apache.hadoop.ozone.protocolPB.OzoneManagerRequestHandler.getOzoneFileStatus(OzoneManagerRequestHandler.java:971) ~[ozone-manager-1.4.0-SNAPSHOT.jar:?]
	at org.apache.hadoop.ozone.protocolPB.OzoneManagerRequestHandler.handleReadRequest(OzoneManagerRequestHandler.java:250) ~[ozone-manager-1.4.0-SNAPSHOT.jar:?]
	at org.apache.hadoop.ozone.protocolPB.OzoneManagerProtocolServerSideTranslatorPB.submitRequestDirectlyToOM(OzoneManagerProtocolServerSideTranslatorPB.java:274) ~[ozone-manager-1.4.0-SNAPSHOT.jar:?]
	at org.apache.hadoop.ozone.protocolPB.OzoneManagerProtocolServerSideTranslatorPB.processRequest(OzoneManagerProtocolServerSideTranslatorPB.java:175) ~[ozone-manager-1.4.0-SNAPSHOT.jar:?]
	at org.apache.hadoop.hdds.server.OzoneProtocolMessageDispatcher.processRequest(OzoneProtocolMessageDispatcher.java:87) [hdds-server-framework-1.4.0-SNAPSHOT.jar:?]
	at org.apache.hadoop.ozone.protocolPB.OzoneManagerProtocolServerSideTranslatorPB.submitRequest(OzoneManagerProtocolServerSideTranslatorPB.java:148) [ozone-manager-1.4.0-SNAPSHOT.jar:?]
	at org.apache.hadoop.ozone.protocol.proto.OzoneManagerProtocolProtos$OzoneManagerService$2.callBlockingMethod(OzoneManagerProtocolProtos.java) [ozone-interface-client-1.4.0-SNAPSHOT.jar:?]
	at org.apache.hadoop.ipc.ProtobufRpcEngine$Server.processCall(ProtobufRpcEngine.java:484) [hadoop-common-3.3.6.jar:?]
	at org.apache.hadoop.ipc.ProtobufRpcEngine2$Server$ProtoBufRpcInvoker.call(ProtobufRpcEngine2.java:595) [hadoop-common-3.3.6.jar:?]
	at org.apache.hadoop.ipc.ProtobufRpcEngine2$Server$ProtoBufRpcInvoker.call(ProtobufRpcEngine2.java:573) [hadoop-common-3.3.6.jar:?]
	at org.apache.hadoop.ipc.RPC$Server.call(RPC.java:1227) [hadoop-common-3.3.6.jar:?]
	at org.apache.hadoop.ipc.Server$RpcCall.run(Server.java:1094) [hadoop-common-3.3.6.jar:?]
	at org.apache.hadoop.ipc.Server$RpcCall.run(Server.java:1017) [hadoop-common-3.3.6.jar:?]
	at java.security.AccessController.doPrivileged(Native Method) ~[?:1.8.0_382]
	at javax.security.auth.Subject.doAs(Subject.java:422) [?:1.8.0_382]
	at org.apache.hadoop.security.UserGroupInformation.doAs(UserGroupInformation.java:1899) [hadoop-common-3.3.6.jar:?]
	at org.apache.hadoop.ipc.Server$Handler.run(Server.java:3048) [hadoop-common-3.3.6.jar:?]
08:54:17.444 [IPC Server handler 12 on default port 15057] ERROR OMAudit - user=runner | ip=127.0.0.1 | op=GET_FILE_STATUS {volume=volume93671, bucket=bucket89282, key=testBatchDelete/parent/child0, dataSize=0, replicationConfig=null} | ret=FAILURE
org.apache.hadoop.ozone.om.exceptions.OMException: Unable to get file status: volume: volume93671 bucket: bucket89282 key: testBatchDelete/parent/child0
	at org.apache.hadoop.ozone.om.KeyManagerImpl.getOzoneFileStatus(KeyManagerImpl.java:1195) ~[ozone-manager-1.4.0-SNAPSHOT.jar:?]
	at org.apache.hadoop.ozone.om.KeyManagerImpl.getFileStatus(KeyManagerImpl.java:1113) ~[ozone-manager-1.4.0-SNAPSHOT.jar:?]
	at org.apache.hadoop.ozone.om.OmMetadataReader.getFileStatus(OmMetadataReader.java:262) ~[ozone-manager-1.4.0-SNAPSHOT.jar:?]
	at org.apache.hadoop.ozone.om.OzoneManager.getFileStatus(OzoneManager.java:3530) ~[ozone-manager-1.4.0-SNAPSHOT.jar:?]
	at org.apache.hadoop.ozone.protocolPB.OzoneManagerRequestHandler.getOzoneFileStatus(OzoneManagerRequestHandler.java:971) ~[ozone-manager-1.4.0-SNAPSHOT.jar:?]
	at org.apache.hadoop.ozone.protocolPB.OzoneManagerRequestHandler.handleReadRequest(OzoneManagerRequestHandler.java:250) ~[ozone-manager-1.4.0-SNAPSHOT.jar:?]
	at org.apache.hadoop.ozone.protocolPB.OzoneManagerProtocolServerSideTranslatorPB.submitRequestDirectlyToOM(OzoneManagerProtocolServerSideTranslatorPB.java:274) ~[ozone-manager-1.4.0-SNAPSHOT.jar:?]
	at org.apache.hadoop.ozone.protocolPB.OzoneManagerProtocolServerSideTranslatorPB.processRequest(OzoneManagerProtocolServerSideTranslatorPB.java:175) ~[ozone-manager-1.4.0-SNAPSHOT.jar:?]
	at org.apache.hadoop.hdds.server.OzoneProtocolMessageDispatcher.processRequest(OzoneProtocolMessageDispatcher.java:87) [hdds-server-framework-1.4.0-SNAPSHOT.jar:?]
	at org.apache.hadoop.ozone.protocolPB.OzoneManagerProtocolServerSideTranslatorPB.submitRequest(OzoneManagerProtocolServerSideTranslatorPB.java:148) [ozone-manager-1.4.0-SNAPSHOT.jar:?]
	at org.apache.hadoop.ozone.protocol.proto.OzoneManagerProtocolProtos$OzoneManagerService$2.callBlockingMethod(OzoneManagerProtocolProtos.java) [ozone-interface-client-1.4.0-SNAPSHOT.jar:?]
	at org.apache.hadoop.ipc.ProtobufRpcEngine$Server.processCall(ProtobufRpcEngine.java:484) [hadoop-common-3.3.6.jar:?]
	at org.apache.hadoop.ipc.ProtobufRpcEngine2$Server$ProtoBufRpcInvoker.call(ProtobufRpcEngine2.java:595) [hadoop-common-3.3.6.jar:?]
	at org.apache.hadoop.ipc.ProtobufRpcEngine2$Server$ProtoBufRpcInvoker.call(ProtobufRpcEngine2.java:573) [hadoop-common-3.3.6.jar:?]
	at org.apache.hadoop.ipc.RPC$Server.call(RPC.java:1227) [hadoop-common-3.3.6.jar:?]
	at org.apache.hadoop.ipc.Server$RpcCall.run(Server.java:1094) [hadoop-common-3.3.6.jar:?]
	at org.apache.hadoop.ipc.Server$RpcCall.run(Server.java:1017) [hadoop-common-3.3.6.jar:?]
	at java.security.AccessController.doPrivileged(Native Method) ~[?:1.8.0_382]
	at javax.security.auth.Subject.doAs(Subject.java:422) [?:1.8.0_382]
	at org.apache.hadoop.security.UserGroupInformation.doAs(UserGroupInformation.java:1899) [hadoop-common-3.3.6.jar:?]
	at org.apache.hadoop.ipc.Server$Handler.run(Server.java:3048) [hadoop-common-3.3.6.jar:?]
08:54:17.445 [IPC Server handler 13 on default port 15057] ERROR OMAudit - user=runner | ip=127.0.0.1 | op=GET_FILE_STATUS {volume=volume93671, bucket=bucket89282, key=testBatchDelete/parent/childFolder/child0, dataSize=0, replicationConfig=null} | ret=FAILURE
org.apache.hadoop.ozone.om.exceptions.OMException: Unable to get file status: volume: volume93671 bucket: bucket89282 key: testBatchDelete/parent/childFolder/child0
	at org.apache.hadoop.ozone.om.KeyManagerImpl.getOzoneFileStatus(KeyManagerImpl.java:1195) ~[ozone-manager-1.4.0-SNAPSHOT.jar:?]
	at org.apache.hadoop.ozone.om.KeyManagerImpl.getFileStatus(KeyManagerImpl.java:1113) ~[ozone-manager-1.4.0-SNAPSHOT.jar:?]
	at org.apache.hadoop.ozone.om.OmMetadataReader.getFileStatus(OmMetadataReader.java:262) ~[ozone-manager-1.4.0-SNAPSHOT.jar:?]
	at org.apache.hadoop.ozone.om.OzoneManager.getFileStatus(OzoneManager.java:3530) ~[ozone-manager-1.4.0-SNAPSHOT.jar:?]
	at org.apache.hadoop.ozone.protocolPB.OzoneManagerRequestHandler.getOzoneFileStatus(OzoneManagerRequestHandler.java:971) ~[ozone-manager-1.4.0-SNAPSHOT.jar:?]
	at org.apache.hadoop.ozone.protocolPB.OzoneManagerRequestHandler.handleReadRequest(OzoneManagerRequestHandler.java:250) ~[ozone-manager-1.4.0-SNAPSHOT.jar:?]
	at org.apache.hadoop.ozone.protocolPB.OzoneManagerProtocolServerSideTranslatorPB.submitRequestDirectlyToOM(OzoneManagerProtocolServerSideTranslatorPB.java:274) ~[ozone-manager-1.4.0-SNAPSHOT.jar:?]
	at org.apache.hadoop.ozone.protocolPB.OzoneManagerProtocolServerSideTranslatorPB.processRequest(OzoneManagerProtocolServerSideTranslatorPB.java:175) ~[ozone-manager-1.4.0-SNAPSHOT.jar:?]
	at org.apache.hadoop.hdds.server.OzoneProtocolMessageDispatcher.processRequest(OzoneProtocolMessageDispatcher.java:87) [hdds-server-framework-1.4.0-SNAPSHOT.jar:?]
	at org.apache.hadoop.ozone.protocolPB.OzoneManagerProtocolServerSideTranslatorPB.submitRequest(OzoneManagerProtocolServerSideTranslatorPB.java:148) [ozone-manager-1.4.0-SNAPSHOT.jar:?]
	at org.apache.hadoop.ozone.protocol.proto.OzoneManagerProtocolProtos$OzoneManagerService$2.callBlockingMethod(OzoneManagerProtocolProtos.java) [ozone-interface-client-1.4.0-SNAPSHOT.jar:?]
	at org.apache.hadoop.ipc.ProtobufRpcEngine$Server.processCall(ProtobufRpcEngine.java:484) [hadoop-common-3.3.6.jar:?]
	at org.apache.hadoop.ipc.ProtobufRpcEngine2$Server$ProtoBufRpcInvoker.call(ProtobufRpcEngine2.java:595) [hadoop-common-3.3.6.jar:?]
	at org.apache.hadoop.ipc.ProtobufRpcEngine2$Server$ProtoBufRpcInvoker.call(ProtobufRpcEngine2.java:573) [hadoop-common-3.3.6.jar:?]
	at org.apache.hadoop.ipc.RPC$Server.call(RPC.java:1227) [hadoop-common-3.3.6.jar:?]
	at org.apache.hadoop.ipc.Server$RpcCall.run(Server.java:1094) [hadoop-common-3.3.6.jar:?]
	at org.apache.hadoop.ipc.Server$RpcCall.run(Server.java:1017) [hadoop-common-3.3.6.jar:?]
	at java.security.AccessController.doPrivileged(Native Method) ~[?:1.8.0_382]
	at javax.security.auth.Subject.doAs(Subject.java:422) [?:1.8.0_382]
	at org.apache.hadoop.security.UserGroupInformation.doAs(UserGroupInformation.java:1899) [hadoop-common-3.3.6.jar:?]
	at org.apache.hadoop.ipc.Server$Handler.run(Server.java:3048) [hadoop-common-3.3.6.jar:?]
08:54:17.447 [IPC Server handler 14 on default port 15057] ERROR OMAudit - user=runner | ip=127.0.0.1 | op=GET_FILE_STATUS {volume=volume93671, bucket=bucket89282, key=testBatchDelete/parent/child1, dataSize=0, replicationConfig=null} | ret=FAILURE
org.apache.hadoop.ozone.om.exceptions.OMException: Unable to get file status: volume: volume93671 bucket: bucket89282 key: testBatchDelete/parent/child1
	at org.apache.hadoop.ozone.om.KeyManagerImpl.getOzoneFileStatus(KeyManagerImpl.java:1195) ~[ozone-manager-1.4.0-SNAPSHOT.jar:?]
	at org.apache.hadoop.ozone.om.KeyManagerImpl.getFileStatus(KeyManagerImpl.java:1113) ~[ozone-manager-1.4.0-SNAPSHOT.jar:?]
	at org.apache.hadoop.ozone.om.OmMetadataReader.getFileStatus(OmMetadataReader.java:262) ~[ozone-manager-1.4.0-SNAPSHOT.jar:?]
	at org.apache.hadoop.ozone.om.OzoneManager.getFileStatus(OzoneManager.java:3530) ~[ozone-manager-1.4.0-SNAPSHOT.jar:?]
	at org.apache.hadoop.ozone.protocolPB.OzoneManagerRequestHandler.getOzoneFileStatus(OzoneManagerRequestHandler.java:971) ~[ozone-manager-1.4.0-SNAPSHOT.jar:?]
	at org.apache.hadoop.ozone.protocolPB.OzoneManagerRequestHandler.handleReadRequest(OzoneManagerRequestHandler.java:250) ~[ozone-manager-1.4.0-SNAPSHOT.jar:?]
	at org.apache.hadoop.ozone.protocolPB.OzoneManagerProtocolServerSideTranslatorPB.submitRequestDirectlyToOM(OzoneManagerProtocolServerSideTranslatorPB.java:274) ~[ozone-manager-1.4.0-SNAPSHOT.jar:?]
	at org.apache.hadoop.ozone.protocolPB.OzoneManagerProtocolServerSideTranslatorPB.processRequest(OzoneManagerProtocolServerSideTranslatorPB.java:175) ~[ozone-manager-1.4.0-SNAPSHOT.jar:?]
	at org.apache.hadoop.hdds.server.OzoneProtocolMessageDispatcher.processRequest(OzoneProtocolMessageDispatcher.java:87) [hdds-server-framework-1.4.0-SNAPSHOT.jar:?]
	at org.apache.hadoop.ozone.protocolPB.OzoneManagerProtocolServerSideTranslatorPB.submitRequest(OzoneManagerProtocolServerSideTranslatorPB.java:148) [ozone-manager-1.4.0-SNAPSHOT.jar:?]
	at org.apache.hadoop.ozone.protocol.proto.OzoneManagerProtocolProtos$OzoneManagerService$2.callBlockingMethod(OzoneManagerProtocolProtos.java) [ozone-interface-client-1.4.0-SNAPSHOT.jar:?]
	at org.apache.hadoop.ipc.ProtobufRpcEngine$Server.processCall(ProtobufRpcEngine.java:484) [hadoop-common-3.3.6.jar:?]
	at org.apache.hadoop.ipc.ProtobufRpcEngine2$Server$ProtoBufRpcInvoker.call(ProtobufRpcEngine2.java:595) [hadoop-common-3.3.6.jar:?]
	at org.apache.hadoop.ipc.ProtobufRpcEngine2$Server$ProtoBufRpcInvoker.call(ProtobufRpcEngine2.java:573) [hadoop-common-3.3.6.jar:?]
	at org.apache.hadoop.ipc.RPC$Server.call(RPC.java:1227) [hadoop-common-3.3.6.jar:?]
	at org.apache.hadoop.ipc.Server$RpcCall.run(Server.java:1094) [hadoop-common-3.3.6.jar:?]
	at org.apache.hadoop.ipc.Server$RpcCall.run(Server.java:1017) [hadoop-common-3.3.6.jar:?]
	at java.security.AccessController.doPrivileged(Native Method) ~[?:1.8.0_382]
	at javax.security.auth.Subject.doAs(Subject.java:422) [?:1.8.0_382]
	at org.apache.hadoop.security.UserGroupInformation.doAs(UserGroupInformation.java:1899) [hadoop-common-3.3.6.jar:?]
	at org.apache.hadoop.ipc.Server$Handler.run(Server.java:3048) [hadoop-common-3.3.6.jar:?]
08:54:17.448 [IPC Server handler 8 on default port 15057] ERROR OMAudit - user=runner | ip=127.0.0.1 | op=GET_FILE_STATUS {volume=volume93671, bucket=bucket89282, key=testBatchDelete/parent/childFolder/child1, dataSize=0, replicationConfig=null} | ret=FAILURE
org.apache.hadoop.ozone.om.exceptions.OMException: Unable to get file status: volume: volume93671 bucket: bucket89282 key: testBatchDelete/parent/childFolder/child1
	at org.apache.hadoop.ozone.om.KeyManagerImpl.getOzoneFileStatus(KeyManagerImpl.java:1195) ~[ozone-manager-1.4.0-SNAPSHOT.jar:?]
	at org.apache.hadoop.ozone.om.KeyManagerImpl.getFileStatus(KeyManagerImpl.java:1113) ~[ozone-manager-1.4.0-SNAPSHOT.jar:?]
	at org.apache.hadoop.ozone.om.OmMetadataReader.getFileStatus(OmMetadataReader.java:262) ~[ozone-manager-1.4.0-SNAPSHOT.jar:?]
	at org.apache.hadoop.ozone.om.OzoneManager.getFileStatus(OzoneManager.java:3530) ~[ozone-manager-1.4.0-SNAPSHOT.jar:?]
	at org.apache.hadoop.ozone.protocolPB.OzoneManagerRequestHandler.getOzoneFileStatus(OzoneManagerRequestHandler.java:971) ~[ozone-manager-1.4.0-SNAPSHOT.jar:?]
	at org.apache.hadoop.ozone.protocolPB.OzoneManagerRequestHandler.handleReadRequest(OzoneManagerRequestHandler.java:250) ~[ozone-manager-1.4.0-SNAPSHOT.jar:?]
	at org.apache.hadoop.ozone.protocolPB.OzoneManagerProtocolServerSideTranslatorPB.submitRequestDirectlyToOM(OzoneManagerProtocolServerSideTranslatorPB.java:274) ~[ozone-manager-1.4.0-SNAPSHOT.jar:?]
	at org.apache.hadoop.ozone.protocolPB.OzoneManagerProtocolServerSideTranslatorPB.processRequest(OzoneManagerProtocolServerSideTranslatorPB.java:175) ~[ozone-manager-1.4.0-SNAPSHOT.jar:?]
	at org.apache.hadoop.hdds.server.OzoneProtocolMessageDispatcher.processRequest(OzoneProtocolMessageDispatcher.java:87) [hdds-server-framework-1.4.0-SNAPSHOT.jar:?]
	at org.apache.hadoop.ozone.protocolPB.OzoneManagerProtocolServerSideTranslatorPB.submitRequest(OzoneManagerProtocolServerSideTranslatorPB.java:148) [ozone-manager-1.4.0-SNAPSHOT.jar:?]
	at org.apache.hadoop.ozone.protocol.proto.OzoneManagerProtocolProtos$OzoneManagerService$2.callBlockingMethod(OzoneManagerProtocolProtos.java) [ozone-interface-client-1.4.0-SNAPSHOT.jar:?]
	at org.apache.hadoop.ipc.ProtobufRpcEngine$Server.processCall(ProtobufRpcEngine.java:484) [hadoop-common-3.3.6.jar:?]
	at org.apache.hadoop.ipc.ProtobufRpcEngine2$Server$ProtoBufRpcInvoker.call(ProtobufRpcEngine2.java:595) [hadoop-common-3.3.6.jar:?]
	at org.apache.hadoop.ipc.ProtobufRpcEngine2$Server$ProtoBufRpcInvoker.call(ProtobufRpcEngine2.java:573) [hadoop-common-3.3.6.jar:?]
	at org.apache.hadoop.ipc.RPC$Server.call(RPC.java:1227) [hadoop-common-3.3.6.jar:?]
	at org.apache.hadoop.ipc.Server$RpcCall.run(Server.java:1094) [hadoop-common-3.3.6.jar:?]
	at org.apache.hadoop.ipc.Server$RpcCall.run(Server.java:1017) [hadoop-common-3.3.6.jar:?]
	at java.security.AccessController.doPrivileged(Native Method) ~[?:1.8.0_382]
	at javax.security.auth.Subject.doAs(Subject.java:422) [?:1.8.0_382]
	at org.apache.hadoop.security.UserGroupInformation.doAs(UserGroupInformation.java:1899) [hadoop-common-3.3.6.jar:?]
	at org.apache.hadoop.ipc.Server$Handler.run(Server.java:3048) [hadoop-common-3.3.6.jar:?]
08:54:17.449 [IPC Server handler 9 on default port 15057] ERROR OMAudit - user=runner | ip=127.0.0.1 | op=GET_FILE_STATUS {volume=volume93671, bucket=bucket89282, key=testBatchDelete/parent/child2, dataSize=0, replicationConfig=null} | ret=FAILURE
org.apache.hadoop.ozone.om.exceptions.OMException: Unable to get file status: volume: volume93671 bucket: bucket89282 key: testBatchDelete/parent/child2
	at org.apache.hadoop.ozone.om.KeyManagerImpl.getOzoneFileStatus(KeyManagerImpl.java:1195) ~[ozone-manager-1.4.0-SNAPSHOT.jar:?]
	at org.apache.hadoop.ozone.om.KeyManagerImpl.getFileStatus(KeyManagerImpl.java:1113) ~[ozone-manager-1.4.0-SNAPSHOT.jar:?]
	at org.apache.hadoop.ozone.om.OmMetadataReader.getFileStatus(OmMetadataReader.java:262) ~[ozone-manager-1.4.0-SNAPSHOT.jar:?]
	at org.apache.hadoop.ozone.om.OzoneManager.getFileStatus(OzoneManager.java:3530) ~[ozone-manager-1.4.0-SNAPSHOT.jar:?]
	at org.apache.hadoop.ozone.protocolPB.OzoneManagerRequestHandler.getOzoneFileStatus(OzoneManagerRequestHandler.java:971) ~[ozone-manager-1.4.0-SNAPSHOT.jar:?]
	at org.apache.hadoop.ozone.protocolPB.OzoneManagerRequestHandler.handleReadRequest(OzoneManagerRequestHandler.java:250) ~[ozone-manager-1.4.0-SNAPSHOT.jar:?]
	at org.apache.hadoop.ozone.protocolPB.OzoneManagerProtocolServerSideTranslatorPB.submitRequestDirectlyToOM(OzoneManagerProtocolServerSideTranslatorPB.java:274) ~[ozone-manager-1.4.0-SNAPSHOT.jar:?]
	at org.apache.hadoop.ozone.protocolPB.OzoneManagerProtocolServerSideTranslatorPB.processRequest(OzoneManagerProtocolServerSideTranslatorPB.java:175) ~[ozone-manager-1.4.0-SNAPSHOT.jar:?]
	at org.apache.hadoop.hdds.server.OzoneProtocolMessageDispatcher.processRequest(OzoneProtocolMessageDispatcher.java:87) [hdds-server-framework-1.4.0-SNAPSHOT.jar:?]
	at org.apache.hadoop.ozone.protocolPB.OzoneManagerProtocolServerSideTranslatorPB.submitRequest(OzoneManagerProtocolServerSideTranslatorPB.java:148) [ozone-manager-1.4.0-SNAPSHOT.jar:?]
	at org.apache.hadoop.ozone.protocol.proto.OzoneManagerProtocolProtos$OzoneManagerService$2.callBlockingMethod(OzoneManagerProtocolProtos.java) [ozone-interface-client-1.4.0-SNAPSHOT.jar:?]
	at org.apache.hadoop.ipc.ProtobufRpcEngine$Server.processCall(ProtobufRpcEngine.java:484) [hadoop-common-3.3.6.jar:?]
	at org.apache.hadoop.ipc.ProtobufRpcEngine2$Server$ProtoBufRpcInvoker.call(ProtobufRpcEngine2.java:595) [hadoop-common-3.3.6.jar:?]
	at org.apache.hadoop.ipc.ProtobufRpcEngine2$Server$ProtoBufRpcInvoker.call(ProtobufRpcEngine2.java:573) [hadoop-common-3.3.6.jar:?]
	at org.apache.hadoop.ipc.RPC$Server.call(RPC.java:1227) [hadoop-common-3.3.6.jar:?]
	at org.apache.hadoop.ipc.Server$RpcCall.run(Server.java:1094) [hadoop-common-3.3.6.jar:?]
	at org.apache.hadoop.ipc.Server$RpcCall.run(Server.java:1017) [hadoop-common-3.3.6.jar:?]
	at java.security.AccessController.doPrivileged(Native Method) ~[?:1.8.0_382]
	at javax.security.auth.Subject.doAs(Subject.java:422) [?:1.8.0_382]
	at org.apache.hadoop.security.UserGroupInformation.doAs(UserGroupInformation.java:1899) [hadoop-common-3.3.6.jar:?]
	at org.apache.hadoop.ipc.Server$Handler.run(Server.java:3048) [hadoop-common-3.3.6.jar:?]
08:54:17.450 [IPC Server handler 11 on default port 15057] ERROR OMAudit - user=runner | ip=127.0.0.1 | op=GET_FILE_STATUS {volume=volume93671, bucket=bucket89282, key=testBatchDelete/parent/childFolder/child2, dataSize=0, replicationConfig=null} | ret=FAILURE
org.apache.hadoop.ozone.om.exceptions.OMException: Unable to get file status: volume: volume93671 bucket: bucket89282 key: testBatchDelete/parent/childFolder/child2
	at org.apache.hadoop.ozone.om.KeyManagerImpl.getOzoneFileStatus(KeyManagerImpl.java:1195) ~[ozone-manager-1.4.0-SNAPSHOT.jar:?]
	at org.apache.hadoop.ozone.om.KeyManagerImpl.getFileStatus(KeyManagerImpl.java:1113) ~[ozone-manager-1.4.0-SNAPSHOT.jar:?]
	at org.apache.hadoop.ozone.om.OmMetadataReader.getFileStatus(OmMetadataReader.java:262) ~[ozone-manager-1.4.0-SNAPSHOT.jar:?]
	at org.apache.hadoop.ozone.om.OzoneManager.getFileStatus(OzoneManager.java:3530) ~[ozone-manager-1.4.0-SNAPSHOT.jar:?]
	at org.apache.hadoop.ozone.protocolPB.OzoneManagerRequestHandler.getOzoneFileStatus(OzoneManagerRequestHandler.java:971) ~[ozone-manager-1.4.0-SNAPSHOT.jar:?]
	at org.apache.hadoop.ozone.protocolPB.OzoneManagerRequestHandler.handleReadRequest(OzoneManagerRequestHandler.java:250) ~[ozone-manager-1.4.0-SNAPSHOT.jar:?]
	at org.apache.hadoop.ozone.protocolPB.OzoneManagerProtocolServerSideTranslatorPB.submitRequestDirectlyToOM(OzoneManagerProtocolServerSideTranslatorPB.java:274) ~[ozone-manager-1.4.0-SNAPSHOT.jar:?]
	at org.apache.hadoop.ozone.protocolPB.OzoneManagerProtocolServerSideTranslatorPB.processRequest(OzoneManagerProtocolServerSideTranslatorPB.java:175) ~[ozone-manager-1.4.0-SNAPSHOT.jar:?]
	at org.apache.hadoop.hdds.server.OzoneProtocolMessageDispatcher.processRequest(OzoneProtocolMessageDispatcher.java:87) [hdds-server-framework-1.4.0-SNAPSHOT.jar:?]
	at org.apache.hadoop.ozone.protocolPB.OzoneManagerProtocolServerSideTranslatorPB.submitRequest(OzoneManagerProtocolServerSideTranslatorPB.java:148) [ozone-manager-1.4.0-SNAPSHOT.jar:?]
	at org.apache.hadoop.ozone.protocol.proto.OzoneManagerProtocolProtos$OzoneManagerService$2.callBlockingMethod(OzoneManagerProtocolProtos.java) [ozone-interface-client-1.4.0-SNAPSHOT.jar:?]
	at org.apache.hadoop.ipc.ProtobufRpcEngine$Server.processCall(ProtobufRpcEngine.java:484) [hadoop-common-3.3.6.jar:?]
	at org.apache.hadoop.ipc.ProtobufRpcEngine2$Server$ProtoBufRpcInvoker.call(ProtobufRpcEngine2.java:595) [hadoop-common-3.3.6.jar:?]
	at org.apache.hadoop.ipc.ProtobufRpcEngine2$Server$ProtoBufRpcInvoker.call(ProtobufRpcEngine2.java:573) [hadoop-common-3.3.6.jar:?]
	at org.apache.hadoop.ipc.RPC$Server.call(RPC.java:1227) [hadoop-common-3.3.6.jar:?]
	at org.apache.hadoop.ipc.Server$RpcCall.run(Server.java:1094) [hadoop-common-3.3.6.jar:?]
	at org.apache.hadoop.ipc.Server$RpcCall.run(Server.java:1017) [hadoop-common-3.3.6.jar:?]
	at java.security.AccessController.doPrivileged(Native Method) ~[?:1.8.0_382]
	at javax.security.auth.Subject.doAs(Subject.java:422) [?:1.8.0_382]
	at org.apache.hadoop.security.UserGroupInformation.doAs(UserGroupInformation.java:1899) [hadoop-common-3.3.6.jar:?]
	at org.apache.hadoop.ipc.Server$Handler.run(Server.java:3048) [hadoop-common-3.3.6.jar:?]
08:54:17.451 [IPC Server handler 16 on default port 15057] ERROR OMAudit - user=runner | ip=127.0.0.1 | op=GET_FILE_STATUS {volume=volume93671, bucket=bucket89282, key=testBatchDelete/parent/child3, dataSize=0, replicationConfig=null} | ret=FAILURE
org.apache.hadoop.ozone.om.exceptions.OMException: Unable to get file status: volume: volume93671 bucket: bucket89282 key: testBatchDelete/parent/child3
	at org.apache.hadoop.ozone.om.KeyManagerImpl.getOzoneFileStatus(KeyManagerImpl.java:1195) ~[ozone-manager-1.4.0-SNAPSHOT.jar:?]
	at org.apache.hadoop.ozone.om.KeyManagerImpl.getFileStatus(KeyManagerImpl.java:1113) ~[ozone-manager-1.4.0-SNAPSHOT.jar:?]
	at org.apache.hadoop.ozone.om.OmMetadataReader.getFileStatus(OmMetadataReader.java:262) ~[ozone-manager-1.4.0-SNAPSHOT.jar:?]
	at org.apache.hadoop.ozone.om.OzoneManager.getFileStatus(OzoneManager.java:3530) ~[ozone-manager-1.4.0-SNAPSHOT.jar:?]
	at org.apache.hadoop.ozone.protocolPB.OzoneManagerRequestHandler.getOzoneFileStatus(OzoneManagerRequestHandler.java:971) ~[ozone-manager-1.4.0-SNAPSHOT.jar:?]
	at org.apache.hadoop.ozone.protocolPB.OzoneManagerRequestHandler.handleReadRequest(OzoneManagerRequestHandler.java:250) ~[ozone-manager-1.4.0-SNAPSHOT.jar:?]
	at org.apache.hadoop.ozone.protocolPB.OzoneManagerProtocolServerSideTranslatorPB.submitRequestDirectlyToOM(OzoneManagerProtocolServerSideTranslatorPB.java:274) ~[ozone-manager-1.4.0-SNAPSHOT.jar:?]
	at org.apache.hadoop.ozone.protocolPB.OzoneManagerProtocolServerSideTranslatorPB.processRequest(OzoneManagerProtocolServerSideTranslatorPB.java:175) ~[ozone-manager-1.4.0-SNAPSHOT.jar:?]
	at org.apache.hadoop.hdds.server.OzoneProtocolMessageDispatcher.processRequest(OzoneProtocolMessageDispatcher.java:87) [hdds-server-framework-1.4.0-SNAPSHOT.jar:?]
	at org.apache.hadoop.ozone.protocolPB.OzoneManagerProtocolServerSideTranslatorPB.submitRequest(OzoneManagerProtocolServerSideTranslatorPB.java:148) [ozone-manager-1.4.0-SNAPSHOT.jar:?]
	at org.apache.hadoop.ozone.protocol.proto.OzoneManagerProtocolProtos$OzoneManagerService$2.callBlockingMethod(OzoneManagerProtocolProtos.java) [ozone-interface-client-1.4.0-SNAPSHOT.jar:?]
	at org.apache.hadoop.ipc.ProtobufRpcEngine$Server.processCall(ProtobufRpcEngine.java:484) [hadoop-common-3.3.6.jar:?]
	at org.apache.hadoop.ipc.ProtobufRpcEngine2$Server$ProtoBufRpcInvoker.call(ProtobufRpcEngine2.java:595) [hadoop-common-3.3.6.jar:?]
	at org.apache.hadoop.ipc.ProtobufRpcEngine2$Server$ProtoBufRpcInvoker.call(ProtobufRpcEngine2.java:573) [hadoop-common-3.3.6.jar:?]
	at org.apache.hadoop.ipc.RPC$Server.call(RPC.java:1227) [hadoop-common-3.3.6.jar:?]
	at org.apache.hadoop.ipc.Server$RpcCall.run(Server.java:1094) [hadoop-common-3.3.6.jar:?]
	at org.apache.hadoop.ipc.Server$RpcCall.run(Server.java:1017) [hadoop-common-3.3.6.jar:?]
	at java.security.AccessController.doPrivileged(Native Method) ~[?:1.8.0_382]
	at javax.security.auth.Subject.doAs(Subject.java:422) [?:1.8.0_382]
	at org.apache.hadoop.security.UserGroupInformation.doAs(UserGroupInformation.java:1899) [hadoop-common-3.3.6.jar:?]
	at org.apache.hadoop.ipc.Server$Handler.run(Server.java:3048) [hadoop-common-3.3.6.jar:?]
08:54:17.453 [IPC Server handler 15 on default port 15057] ERROR OMAudit - user=runner | ip=127.0.0.1 | op=GET_FILE_STATUS {volume=volume93671, bucket=bucket89282, key=testBatchDelete/parent/childFolder/child3, dataSize=0, replicationConfig=null} | ret=FAILURE
org.apache.hadoop.ozone.om.exceptions.OMException: Unable to get file status: volume: volume93671 bucket: bucket89282 key: testBatchDelete/parent/childFolder/child3
	at org.apache.hadoop.ozone.om.KeyManagerImpl.getOzoneFileStatus(KeyManagerImpl.java:1195) ~[ozone-manager-1.4.0-SNAPSHOT.jar:?]
	at org.apache.hadoop.ozone.om.KeyManagerImpl.getFileStatus(KeyManagerImpl.java:1113) ~[ozone-manager-1.4.0-SNAPSHOT.jar:?]
	at org.apache.hadoop.ozone.om.OmMetadataReader.getFileStatus(OmMetadataReader.java:262) ~[ozone-manager-1.4.0-SNAPSHOT.jar:?]
	at org.apache.hadoop.ozone.om.OzoneManager.getFileStatus(OzoneManager.java:3530) ~[ozone-manager-1.4.0-SNAPSHOT.jar:?]
	at org.apache.hadoop.ozone.protocolPB.OzoneManagerRequestHandler.getOzoneFileStatus(OzoneManagerRequestHandler.java:971) ~[ozone-manager-1.4.0-SNAPSHOT.jar:?]
	at org.apache.hadoop.ozone.protocolPB.OzoneManagerRequestHandler.handleReadRequest(OzoneManagerRequestHandler.java:250) ~[ozone-manager-1.4.0-SNAPSHOT.jar:?]
	at org.apache.hadoop.ozone.protocolPB.OzoneManagerProtocolServerSideTranslatorPB.submitRequestDirectlyToOM(OzoneManagerProtocolServerSideTranslatorPB.java:274) ~[ozone-manager-1.4.0-SNAPSHOT.jar:?]
	at org.apache.hadoop.ozone.protocolPB.OzoneManagerProtocolServerSideTranslatorPB.processRequest(OzoneManagerProtocolServerSideTranslatorPB.java:175) ~[ozone-manager-1.4.0-SNAPSHOT.jar:?]
	at org.apache.hadoop.hdds.server.OzoneProtocolMessageDispatcher.processRequest(OzoneProtocolMessageDispatcher.java:87) [hdds-server-framework-1.4.0-SNAPSHOT.jar:?]
	at org.apache.hadoop.ozone.protocolPB.OzoneManagerProtocolServerSideTranslatorPB.submitRequest(OzoneManagerProtocolServerSideTranslatorPB.java:148) [ozone-manager-1.4.0-SNAPSHOT.jar:?]
	at org.apache.hadoop.ozone.protocol.proto.OzoneManagerProtocolProtos$OzoneManagerService$2.callBlockingMethod(OzoneManagerProtocolProtos.java) [ozone-interface-client-1.4.0-SNAPSHOT.jar:?]
	at org.apache.hadoop.ipc.ProtobufRpcEngine$Server.processCall(ProtobufRpcEngine.java:484) [hadoop-common-3.3.6.jar:?]
	at org.apache.hadoop.ipc.ProtobufRpcEngine2$Server$ProtoBufRpcInvoker.call(ProtobufRpcEngine2.java:595) [hadoop-common-3.3.6.jar:?]
	at org.apache.hadoop.ipc.ProtobufRpcEngine2$Server$ProtoBufRpcInvoker.call(ProtobufRpcEngine2.java:573) [hadoop-common-3.3.6.jar:?]
	at org.apache.hadoop.ipc.RPC$Server.call(RPC.java:1227) [hadoop-common-3.3.6.jar:?]
	at org.apache.hadoop.ipc.Server$RpcCall.run(Server.java:1094) [hadoop-common-3.3.6.jar:?]
	at org.apache.hadoop.ipc.Server$RpcCall.run(Server.java:1017) [hadoop-common-3.3.6.jar:?]
	at java.security.AccessController.doPrivileged(Native Method) ~[?:1.8.0_382]
	at javax.security.auth.Subject.doAs(Subject.java:422) [?:1.8.0_382]
	at org.apache.hadoop.security.UserGroupInformation.doAs(UserGroupInformation.java:1899) [hadoop-common-3.3.6.jar:?]
	at org.apache.hadoop.ipc.Server$Handler.run(Server.java:3048) [hadoop-common-3.3.6.jar:?]
08:54:17.454 [IPC Server handler 17 on default port 15057] ERROR OMAudit - user=runner | ip=127.0.0.1 | op=GET_FILE_STATUS {volume=volume93671, bucket=bucket89282, key=testBatchDelete/parent/child4, dataSize=0, replicationConfig=null} | ret=FAILURE
org.apache.hadoop.ozone.om.exceptions.OMException: Unable to get file status: volume: volume93671 bucket: bucket89282 key: testBatchDelete/parent/child4
	at org.apache.hadoop.ozone.om.KeyManagerImpl.getOzoneFileStatus(KeyManagerImpl.java:1195) ~[ozone-manager-1.4.0-SNAPSHOT.jar:?]
	at org.apache.hadoop.ozone.om.KeyManagerImpl.getFileStatus(KeyManagerImpl.java:1113) ~[ozone-manager-1.4.0-SNAPSHOT.jar:?]
	at org.apache.hadoop.ozone.om.OmMetadataReader.getFileStatus(OmMetadataReader.java:262) ~[ozone-manager-1.4.0-SNAPSHOT.jar:?]
	at org.apache.hadoop.ozone.om.OzoneManager.getFileStatus(OzoneManager.java:3530) ~[ozone-manager-1.4.0-SNAPSHOT.jar:?]
	at org.apache.hadoop.ozone.protocolPB.OzoneManagerRequestHandler.getOzoneFileStatus(OzoneManagerRequestHandler.java:971) ~[ozone-manager-1.4.0-SNAPSHOT.jar:?]
	at org.apache.hadoop.ozone.protocolPB.OzoneManagerRequestHandler.handleReadRequest(OzoneManagerRequestHandler.java:250) ~[ozone-manager-1.4.0-SNAPSHOT.jar:?]
	at org.apache.hadoop.ozone.protocolPB.OzoneManagerProtocolServerSideTranslatorPB.submitRequestDirectlyToOM(OzoneManagerProtocolServerSideTranslatorPB.java:274) ~[ozone-manager-1.4.0-SNAPSHOT.jar:?]
	at org.apache.hadoop.ozone.protocolPB.OzoneManagerProtocolServerSideTranslatorPB.processRequest(OzoneManagerProtocolServerSideTranslatorPB.java:175) ~[ozone-manager-1.4.0-SNAPSHOT.jar:?]
	at org.apache.hadoop.hdds.server.OzoneProtocolMessageDispatcher.processRequest(OzoneProtocolMessageDispatcher.java:87) [hdds-server-framework-1.4.0-SNAPSHOT.jar:?]
	at org.apache.hadoop.ozone.protocolPB.OzoneManagerProtocolServerSideTranslatorPB.submitRequest(OzoneManagerProtocolServerSideTranslatorPB.java:148) [ozone-manager-1.4.0-SNAPSHOT.jar:?]
	at org.apache.hadoop.ozone.protocol.proto.OzoneManagerProtocolProtos$OzoneManagerService$2.callBlockingMethod(OzoneManagerProtocolProtos.java) [ozone-interface-client-1.4.0-SNAPSHOT.jar:?]
	at org.apache.hadoop.ipc.ProtobufRpcEngine$Server.processCall(ProtobufRpcEngine.java:484) [hadoop-common-3.3.6.jar:?]
	at org.apache.hadoop.ipc.ProtobufRpcEngine2$Server$ProtoBufRpcInvoker.call(ProtobufRpcEngine2.java:595) [hadoop-common-3.3.6.jar:?]
	at org.apache.hadoop.ipc.ProtobufRpcEngine2$Server$ProtoBufRpcInvoker.call(ProtobufRpcEngine2.java:573) [hadoop-common-3.3.6.jar:?]
	at org.apache.hadoop.ipc.RPC$Server.call(RPC.java:1227) [hadoop-common-3.3.6.jar:?]
	at org.apache.hadoop.ipc.Server$RpcCall.run(Server.java:1094) [hadoop-common-3.3.6.jar:?]
	at org.apache.hadoop.ipc.Server$RpcCall.run(Server.java:1017) [hadoop-common-3.3.6.jar:?]
	at java.security.AccessController.doPrivileged(Native Method) ~[?:1.8.0_382]
	at javax.security.auth.Subject.doAs(Subject.java:422) [?:1.8.0_382]
	at org.apache.hadoop.security.UserGroupInformation.doAs(UserGroupInformation.java:1899) [hadoop-common-3.3.6.jar:?]
	at org.apache.hadoop.ipc.Server$Handler.run(Server.java:3048) [hadoop-common-3.3.6.jar:?]
08:54:17.455 [IPC Server handler 18 on default port 15057] ERROR OMAudit - user=runner | ip=127.0.0.1 | op=GET_FILE_STATUS {volume=volume93671, bucket=bucket89282, key=testBatchDelete/parent/childFolder/child4, dataSize=0, replicationConfig=null} | ret=FAILURE
org.apache.hadoop.ozone.om.exceptions.OMException: Unable to get file status: volume: volume93671 bucket: bucket89282 key: testBatchDelete/parent/childFolder/child4
	at org.apache.hadoop.ozone.om.KeyManagerImpl.getOzoneFileStatus(KeyManagerImpl.java:1195) ~[ozone-manager-1.4.0-SNAPSHOT.jar:?]
	at org.apache.hadoop.ozone.om.KeyManagerImpl.getFileStatus(KeyManagerImpl.java:1113) ~[ozone-manager-1.4.0-SNAPSHOT.jar:?]
	at org.apache.hadoop.ozone.om.OmMetadataReader.getFileStatus(OmMetadataReader.java:262) ~[ozone-manager-1.4.0-SNAPSHOT.jar:?]
	at org.apache.hadoop.ozone.om.OzoneManager.getFileStatus(OzoneManager.java:3530) ~[ozone-manager-1.4.0-SNAPSHOT.jar:?]
	at org.apache.hadoop.ozone.protocolPB.OzoneManagerRequestHandler.getOzoneFileStatus(OzoneManagerRequestHandler.java:971) ~[ozone-manager-1.4.0-SNAPSHOT.jar:?]
	at org.apache.hadoop.ozone.protocolPB.OzoneManagerRequestHandler.handleReadRequest(OzoneManagerRequestHandler.java:250) ~[ozone-manager-1.4.0-SNAPSHOT.jar:?]
	at org.apache.hadoop.ozone.protocolPB.OzoneManagerProtocolServerSideTranslatorPB.submitRequestDirectlyToOM(OzoneManagerProtocolServerSideTranslatorPB.java:274) ~[ozone-manager-1.4.0-SNAPSHOT.jar:?]
	at org.apache.hadoop.ozone.protocolPB.OzoneManagerProtocolServerSideTranslatorPB.processRequest(OzoneManagerProtocolServerSideTranslatorPB.java:175) ~[ozone-manager-1.4.0-SNAPSHOT.jar:?]
	at org.apache.hadoop.hdds.server.OzoneProtocolMessageDispatcher.processRequest(OzoneProtocolMessageDispatcher.java:87) [hdds-server-framework-1.4.0-SNAPSHOT.jar:?]
	at org.apache.hadoop.ozone.protocolPB.OzoneManagerProtocolServerSideTranslatorPB.submitRequest(OzoneManagerProtocolServerSideTranslatorPB.java:148) [ozone-manager-1.4.0-SNAPSHOT.jar:?]
	at org.apache.hadoop.ozone.protocol.proto.OzoneManagerProtocolProtos$OzoneManagerService$2.callBlockingMethod(OzoneManagerProtocolProtos.java) [ozone-interface-client-1.4.0-SNAPSHOT.jar:?]
	at org.apache.hadoop.ipc.ProtobufRpcEngine$Server.processCall(ProtobufRpcEngine.java:484) [hadoop-common-3.3.6.jar:?]
	at org.apache.hadoop.ipc.ProtobufRpcEngine2$Server$ProtoBufRpcInvoker.call(ProtobufRpcEngine2.java:595) [hadoop-common-3.3.6.jar:?]
	at org.apache.hadoop.ipc.ProtobufRpcEngine2$Server$ProtoBufRpcInvoker.call(ProtobufRpcEngine2.java:573) [hadoop-common-3.3.6.jar:?]
	at org.apache.hadoop.ipc.RPC$Server.call(RPC.java:1227) [hadoop-common-3.3.6.jar:?]
	at org.apache.hadoop.ipc.Server$RpcCall.run(Server.java:1094) [hadoop-common-3.3.6.jar:?]
	at org.apache.hadoop.ipc.Server$RpcCall.run(Server.java:1017) [hadoop-common-3.3.6.jar:?]
	at java.security.AccessController.doPrivileged(Native Method) ~[?:1.8.0_382]
	at javax.security.auth.Subject.doAs(Subject.java:422) [?:1.8.0_382]
	at org.apache.hadoop.security.UserGroupInformation.doAs(UserGroupInformation.java:1899) [hadoop-common-3.3.6.jar:?]
	at org.apache.hadoop.ipc.Server$Handler.run(Server.java:3048) [hadoop-common-3.3.6.jar:?]
08:54:17.456 [IPC Server handler 19 on default port 15057] ERROR OMAudit - user=runner | ip=127.0.0.1 | op=GET_FILE_STATUS {volume=volume93671, bucket=bucket89282, key=testBatchDelete/parent/child5, dataSize=0, replicationConfig=null} | ret=FAILURE
org.apache.hadoop.ozone.om.exceptions.OMException: Unable to get file status: volume: volume93671 bucket: bucket89282 key: testBatchDelete/parent/child5
	at org.apache.hadoop.ozone.om.KeyManagerImpl.getOzoneFileStatus(KeyManagerImpl.java:1195) ~[ozone-manager-1.4.0-SNAPSHOT.jar:?]
	at org.apache.hadoop.ozone.om.KeyManagerImpl.getFileStatus(KeyManagerImpl.java:1113) ~[ozone-manager-1.4.0-SNAPSHOT.jar:?]
	at org.apache.hadoop.ozone.om.OmMetadataReader.getFileStatus(OmMetadataReader.java:262) ~[ozone-manager-1.4.0-SNAPSHOT.jar:?]
	at org.apache.hadoop.ozone.om.OzoneManager.getFileStatus(OzoneManager.java:3530) ~[ozone-manager-1.4.0-SNAPSHOT.jar:?]
	at org.apache.hadoop.ozone.protocolPB.OzoneManagerRequestHandler.getOzoneFileStatus(OzoneManagerRequestHandler.java:971) ~[ozone-manager-1.4.0-SNAPSHOT.jar:?]
	at org.apache.hadoop.ozone.protocolPB.OzoneManagerRequestHandler.handleReadRequest(OzoneManagerRequestHandler.java:250) ~[ozone-manager-1.4.0-SNAPSHOT.jar:?]
	at org.apache.hadoop.ozone.protocolPB.OzoneManagerProtocolServerSideTranslatorPB.submitRequestDirectlyToOM(OzoneManagerProtocolServerSideTranslatorPB.java:274) ~[ozone-manager-1.4.0-SNAPSHOT.jar:?]
	at org.apache.hadoop.ozone.protocolPB.OzoneManagerProtocolServerSideTranslatorPB.processRequest(OzoneManagerProtocolServerSideTranslatorPB.java:175) ~[ozone-manager-1.4.0-SNAPSHOT.jar:?]
	at org.apache.hadoop.hdds.server.OzoneProtocolMessageDispatcher.processRequest(OzoneProtocolMessageDispatcher.java:87) [hdds-server-framework-1.4.0-SNAPSHOT.jar:?]
	at org.apache.hadoop.ozone.protocolPB.OzoneManagerProtocolServerSideTranslatorPB.submitRequest(OzoneManagerProtocolServerSideTranslatorPB.java:148) [ozone-manager-1.4.0-SNAPSHOT.jar:?]
	at org.apache.hadoop.ozone.protocol.proto.OzoneManagerProtocolProtos$OzoneManagerService$2.callBlockingMethod(OzoneManagerProtocolProtos.java) [ozone-interface-client-1.4.0-SNAPSHOT.jar:?]
	at org.apache.hadoop.ipc.ProtobufRpcEngine$Server.processCall(ProtobufRpcEngine.java:484) [hadoop-common-3.3.6.jar:?]
	at org.apache.hadoop.ipc.ProtobufRpcEngine2$Server$ProtoBufRpcInvoker.call(ProtobufRpcEngine2.java:595) [hadoop-common-3.3.6.jar:?]
	at org.apache.hadoop.ipc.ProtobufRpcEngine2$Server$ProtoBufRpcInvoker.call(ProtobufRpcEngine2.java:573) [hadoop-common-3.3.6.jar:?]
	at org.apache.hadoop.ipc.RPC$Server.call(RPC.java:1227) [hadoop-common-3.3.6.jar:?]
	at org.apache.hadoop.ipc.Server$RpcCall.run(Server.java:1094) [hadoop-common-3.3.6.jar:?]
	at org.apache.hadoop.ipc.Server$RpcCall.run(Server.java:1017) [hadoop-common-3.3.6.jar:?]
	at java.security.AccessController.doPrivileged(Native Method) ~[?:1.8.0_382]
	at javax.security.auth.Subject.doAs(Subject.java:422) [?:1.8.0_382]
	at org.apache.hadoop.security.UserGroupInformation.doAs(UserGroupInformation.java:1899) [hadoop-common-3.3.6.jar:?]
	at org.apache.hadoop.ipc.Server$Handler.run(Server.java:3048) [hadoop-common-3.3.6.jar:?]
08:54:17.457 [IPC Server handler 0 on default port 15057] ERROR OMAudit - user=runner | ip=127.0.0.1 | op=GET_FILE_STATUS {volume=volume93671, bucket=bucket89282, key=testBatchDelete/parent/childFolder/child5, dataSize=0, replicationConfig=null} | ret=FAILURE
org.apache.hadoop.ozone.om.exceptions.OMException: Unable to get file status: volume: volume93671 bucket: bucket89282 key: testBatchDelete/parent/childFolder/child5
	at org.apache.hadoop.ozone.om.KeyManagerImpl.getOzoneFileStatus(KeyManagerImpl.java:1195) ~[ozone-manager-1.4.0-SNAPSHOT.jar:?]
	at org.apache.hadoop.ozone.om.KeyManagerImpl.getFileStatus(KeyManagerImpl.java:1113) ~[ozone-manager-1.4.0-SNAPSHOT.jar:?]
	at org.apache.hadoop.ozone.om.OmMetadataReader.getFileStatus(OmMetadataReader.java:262) ~[ozone-manager-1.4.0-SNAPSHOT.jar:?]
	at org.apache.hadoop.ozone.om.OzoneManager.getFileStatus(OzoneManager.java:3530) ~[ozone-manager-1.4.0-SNAPSHOT.jar:?]
	at org.apache.hadoop.ozone.protocolPB.OzoneManagerRequestHandler.getOzoneFileStatus(OzoneManagerRequestHandler.java:971) ~[ozone-manager-1.4.0-SNAPSHOT.jar:?]
	at org.apache.hadoop.ozone.protocolPB.OzoneManagerRequestHandler.handleReadRequest(OzoneManagerRequestHandler.java:250) ~[ozone-manager-1.4.0-SNAPSHOT.jar:?]
	at org.apache.hadoop.ozone.protocolPB.OzoneManagerProtocolServerSideTranslatorPB.submitRequestDirectlyToOM(OzoneManagerProtocolServerSideTranslatorPB.java:274) ~[ozone-manager-1.4.0-SNAPSHOT.jar:?]
	at org.apache.hadoop.ozone.protocolPB.OzoneManagerProtocolServerSideTranslatorPB.processRequest(OzoneManagerProtocolServerSideTranslatorPB.java:175) ~[ozone-manager-1.4.0-SNAPSHOT.jar:?]
	at org.apache.hadoop.hdds.server.OzoneProtocolMessageDispatcher.processRequest(OzoneProtocolMessageDispatcher.java:87) [hdds-server-framework-1.4.0-SNAPSHOT.jar:?]
	at org.apache.hadoop.ozone.protocolPB.OzoneManagerProtocolServerSideTranslatorPB.submitRequest(OzoneManagerProtocolServerSideTranslatorPB.java:148) [ozone-manager-1.4.0-SNAPSHOT.jar:?]
	at org.apache.hadoop.ozone.protocol.proto.OzoneManagerProtocolProtos$OzoneManagerService$2.callBlockingMethod(OzoneManagerProtocolProtos.java) [ozone-interface-client-1.4.0-SNAPSHOT.jar:?]
	at org.apache.hadoop.ipc.ProtobufRpcEngine$Server.processCall(ProtobufRpcEngine.java:484) [hadoop-common-3.3.6.jar:?]
	at org.apache.hadoop.ipc.ProtobufRpcEngine2$Server$ProtoBufRpcInvoker.call(ProtobufRpcEngine2.java:595) [hadoop-common-3.3.6.jar:?]
	at org.apache.hadoop.ipc.ProtobufRpcEngine2$Server$ProtoBufRpcInvoker.call(ProtobufRpcEngine2.java:573) [hadoop-common-3.3.6.jar:?]
	at org.apache.hadoop.ipc.RPC$Server.call(RPC.java:1227) [hadoop-common-3.3.6.jar:?]
	at org.apache.hadoop.ipc.Server$RpcCall.run(Server.java:1094) [hadoop-common-3.3.6.jar:?]
	at org.apache.hadoop.ipc.Server$RpcCall.run(Server.java:1017) [hadoop-common-3.3.6.jar:?]
	at java.security.AccessController.doPrivileged(Native Method) ~[?:1.8.0_382]
	at javax.security.auth.Subject.doAs(Subject.java:422) [?:1.8.0_382]
	at org.apache.hadoop.security.UserGroupInformation.doAs(UserGroupInformation.java:1899) [hadoop-common-3.3.6.jar:?]
	at org.apache.hadoop.ipc.Server$Handler.run(Server.java:3048) [hadoop-common-3.3.6.jar:?]
08:54:17.459 [IPC Server handler 2 on default port 15057] ERROR OMAudit - user=runner | ip=127.0.0.1 | op=GET_FILE_STATUS {volume=volume93671, bucket=bucket89282, key=testBatchDelete/parent/child6, dataSize=0, replicationConfig=null} | ret=FAILURE
org.apache.hadoop.ozone.om.exceptions.OMException: Unable to get file status: volume: volume93671 bucket: bucket89282 key: testBatchDelete/parent/child6
	at org.apache.hadoop.ozone.om.KeyManagerImpl.getOzoneFileStatus(KeyManagerImpl.java:1195) ~[ozone-manager-1.4.0-SNAPSHOT.jar:?]
	at org.apache.hadoop.ozone.om.KeyManagerImpl.getFileStatus(KeyManagerImpl.java:1113) ~[ozone-manager-1.4.0-SNAPSHOT.jar:?]
	at org.apache.hadoop.ozone.om.OmMetadataReader.getFileStatus(OmMetadataReader.java:262) ~[ozone-manager-1.4.0-SNAPSHOT.jar:?]
	at org.apache.hadoop.ozone.om.OzoneManager.getFileStatus(OzoneManager.java:3530) ~[ozone-manager-1.4.0-SNAPSHOT.jar:?]
	at org.apache.hadoop.ozone.protocolPB.OzoneManagerRequestHandler.getOzoneFileStatus(OzoneManagerRequestHandler.java:971) ~[ozone-manager-1.4.0-SNAPSHOT.jar:?]
	at org.apache.hadoop.ozone.protocolPB.OzoneManagerRequestHandler.handleReadRequest(OzoneManagerRequestHandler.java:250) ~[ozone-manager-1.4.0-SNAPSHOT.jar:?]
	at org.apache.hadoop.ozone.protocolPB.OzoneManagerProtocolServerSideTranslatorPB.submitRequestDirectlyToOM(OzoneManagerProtocolServerSideTranslatorPB.java:274) ~[ozone-manager-1.4.0-SNAPSHOT.jar:?]
	at org.apache.hadoop.ozone.protocolPB.OzoneManagerProtocolServerSideTranslatorPB.processRequest(OzoneManagerProtocolServerSideTranslatorPB.java:175) ~[ozone-manager-1.4.0-SNAPSHOT.jar:?]
	at org.apache.hadoop.hdds.server.OzoneProtocolMessageDispatcher.processRequest(OzoneProtocolMessageDispatcher.java:87) [hdds-server-framework-1.4.0-SNAPSHOT.jar:?]
	at org.apache.hadoop.ozone.protocolPB.OzoneManagerProtocolServerSideTranslatorPB.submitRequest(OzoneManagerProtocolServerSideTranslatorPB.java:148) [ozone-manager-1.4.0-SNAPSHOT.jar:?]
	at org.apache.hadoop.ozone.protocol.proto.OzoneManagerProtocolProtos$OzoneManagerService$2.callBlockingMethod(OzoneManagerProtocolProtos.java) [ozone-interface-client-1.4.0-SNAPSHOT.jar:?]
	at org.apache.hadoop.ipc.ProtobufRpcEngine$Server.processCall(ProtobufRpcEngine.java:484) [hadoop-common-3.3.6.jar:?]
	at org.apache.hadoop.ipc.ProtobufRpcEngine2$Server$ProtoBufRpcInvoker.call(ProtobufRpcEngine2.java:595) [hadoop-common-3.3.6.jar:?]
	at org.apache.hadoop.ipc.ProtobufRpcEngine2$Server$ProtoBufRpcInvoker.call(ProtobufRpcEngine2.java:573) [hadoop-common-3.3.6.jar:?]
	at org.apache.hadoop.ipc.RPC$Server.call(RPC.java:1227) [hadoop-common-3.3.6.jar:?]
	at org.apache.hadoop.ipc.Server$RpcCall.run(Server.java:1094) [hadoop-common-3.3.6.jar:?]
	at org.apache.hadoop.ipc.Server$RpcCall.run(Server.java:1017) [hadoop-common-3.3.6.jar:?]
	at java.security.AccessController.doPrivileged(Native Method) ~[?:1.8.0_382]
	at javax.security.auth.Subject.doAs(Subject.java:422) [?:1.8.0_382]
	at org.apache.hadoop.security.UserGroupInformation.doAs(UserGroupInformation.java:1899) [hadoop-common-3.3.6.jar:?]
	at org.apache.hadoop.ipc.Server$Handler.run(Server.java:3048) [hadoop-common-3.3.6.jar:?]
08:54:17.463 [IPC Server handler 7 on default port 15057] ERROR OMAudit - user=runner | ip=127.0.0.1 | op=GET_FILE_STATUS {volume=volume93671, bucket=bucket89282, key=testBatchDelete/parent/childFolder/child6, dataSize=0, replicationConfig=null} | ret=FAILURE
org.apache.hadoop.ozone.om.exceptions.OMException: Unable to get file status: volume: volume93671 bucket: bucket89282 key: testBatchDelete/parent/childFolder/child6
	at org.apache.hadoop.ozone.om.KeyManagerImpl.getOzoneFileStatus(KeyManagerImpl.java:1195) ~[ozone-manager-1.4.0-SNAPSHOT.jar:?]
	at org.apache.hadoop.ozone.om.KeyManagerImpl.getFileStatus(KeyManagerImpl.java:1113) ~[ozone-manager-1.4.0-SNAPSHOT.jar:?]
	at org.apache.hadoop.ozone.om.OmMetadataReader.getFileStatus(OmMetadataReader.java:262) ~[ozone-manager-1.4.0-SNAPSHOT.jar:?]
	at org.apache.hadoop.ozone.om.OzoneManager.getFileStatus(OzoneManager.java:3530) ~[ozone-manager-1.4.0-SNAPSHOT.jar:?]
	at org.apache.hadoop.ozone.protocolPB.OzoneManagerRequestHandler.getOzoneFileStatus(OzoneManagerRequestHandler.java:971) ~[ozone-manager-1.4.0-SNAPSHOT.jar:?]
	at org.apache.hadoop.ozone.protocolPB.OzoneManagerRequestHandler.handleReadRequest(OzoneManagerRequestHandler.java:250) ~[ozone-manager-1.4.0-SNAPSHOT.jar:?]
	at org.apache.hadoop.ozone.protocolPB.OzoneManagerProtocolServerSideTranslatorPB.submitRequestDirectlyToOM(OzoneManagerProtocolServerSideTranslatorPB.java:274) ~[ozone-manager-1.4.0-SNAPSHOT.jar:?]
	at org.apache.hadoop.ozone.protocolPB.OzoneManagerProtocolServerSideTranslatorPB.processRequest(OzoneManagerProtocolServerSideTranslatorPB.java:175) ~[ozone-manager-1.4.0-SNAPSHOT.jar:?]
	at org.apache.hadoop.hdds.server.OzoneProtocolMessageDispatcher.processRequest(OzoneProtocolMessageDispatcher.java:87) [hdds-server-framework-1.4.0-SNAPSHOT.jar:?]
	at org.apache.hadoop.ozone.protocolPB.OzoneManagerProtocolServerSideTranslatorPB.submitRequest(OzoneManagerProtocolServerSideTranslatorPB.java:148) [ozone-manager-1.4.0-SNAPSHOT.jar:?]
	at org.apache.hadoop.ozone.protocol.proto.OzoneManagerProtocolProtos$OzoneManagerService$2.callBlockingMethod(OzoneManagerProtocolProtos.java) [ozone-interface-client-1.4.0-SNAPSHOT.jar:?]
	at org.apache.hadoop.ipc.ProtobufRpcEngine$Server.processCall(ProtobufRpcEngine.java:484) [hadoop-common-3.3.6.jar:?]
	at org.apache.hadoop.ipc.ProtobufRpcEngine2$Server$ProtoBufRpcInvoker.call(ProtobufRpcEngine2.java:595) [hadoop-common-3.3.6.jar:?]
	at org.apache.hadoop.ipc.ProtobufRpcEngine2$Server$ProtoBufRpcInvoker.call(ProtobufRpcEngine2.java:573) [hadoop-common-3.3.6.jar:?]
	at org.apache.hadoop.ipc.RPC$Server.call(RPC.java:1227) [hadoop-common-3.3.6.jar:?]
	at org.apache.hadoop.ipc.Server$RpcCall.run(Server.java:1094) [hadoop-common-3.3.6.jar:?]
	at org.apache.hadoop.ipc.Server$RpcCall.run(Server.java:1017) [hadoop-common-3.3.6.jar:?]
	at java.security.AccessController.doPrivileged(Native Method) ~[?:1.8.0_382]
	at javax.security.auth.Subject.doAs(Subject.java:422) [?:1.8.0_382]
	at org.apache.hadoop.security.UserGroupInformation.doAs(UserGroupInformation.java:1899) [hadoop-common-3.3.6.jar:?]
	at org.apache.hadoop.ipc.Server$Handler.run(Server.java:3048) [hadoop-common-3.3.6.jar:?]
08:54:17.464 [IPC Server handler 1 on default port 15057] ERROR OMAudit - user=runner | ip=127.0.0.1 | op=GET_FILE_STATUS {volume=volume93671, bucket=bucket89282, key=testBatchDelete/parent/child7, dataSize=0, replicationConfig=null} | ret=FAILURE
org.apache.hadoop.ozone.om.exceptions.OMException: Unable to get file status: volume: volume93671 bucket: bucket89282 key: testBatchDelete/parent/child7
	at org.apache.hadoop.ozone.om.KeyManagerImpl.getOzoneFileStatus(KeyManagerImpl.java:1195) ~[ozone-manager-1.4.0-SNAPSHOT.jar:?]
	at org.apache.hadoop.ozone.om.KeyManagerImpl.getFileStatus(KeyManagerImpl.java:1113) ~[ozone-manager-1.4.0-SNAPSHOT.jar:?]
	at org.apache.hadoop.ozone.om.OmMetadataReader.getFileStatus(OmMetadataReader.java:262) ~[ozone-manager-1.4.0-SNAPSHOT.jar:?]
	at org.apache.hadoop.ozone.om.OzoneManager.getFileStatus(OzoneManager.java:3530) ~[ozone-manager-1.4.0-SNAPSHOT.jar:?]
	at org.apache.hadoop.ozone.protocolPB.OzoneManagerRequestHandler.getOzoneFileStatus(OzoneManagerRequestHandler.java:971) ~[ozone-manager-1.4.0-SNAPSHOT.jar:?]
	at org.apache.hadoop.ozone.protocolPB.OzoneManagerRequestHandler.handleReadRequest(OzoneManagerRequestHandler.java:250) ~[ozone-manager-1.4.0-SNAPSHOT.jar:?]
	at org.apache.hadoop.ozone.protocolPB.OzoneManagerProtocolServerSideTranslatorPB.submitRequestDirectlyToOM(OzoneManagerProtocolServerSideTranslatorPB.java:274) ~[ozone-manager-1.4.0-SNAPSHOT.jar:?]
	at org.apache.hadoop.ozone.protocolPB.OzoneManagerProtocolServerSideTranslatorPB.processRequest(OzoneManagerProtocolServerSideTranslatorPB.java:175) ~[ozone-manager-1.4.0-SNAPSHOT.jar:?]
	at org.apache.hadoop.hdds.server.OzoneProtocolMessageDispatcher.processRequest(OzoneProtocolMessageDispatcher.java:87) [hdds-server-framework-1.4.0-SNAPSHOT.jar:?]
	at org.apache.hadoop.ozone.protocolPB.OzoneManagerProtocolServerSideTranslatorPB.submitRequest(OzoneManagerProtocolServerSideTranslatorPB.java:148) [ozone-manager-1.4.0-SNAPSHOT.jar:?]
	at org.apache.hadoop.ozone.protocol.proto.OzoneManagerProtocolProtos$OzoneManagerService$2.callBlockingMethod(OzoneManagerProtocolProtos.java) [ozone-interface-client-1.4.0-SNAPSHOT.jar:?]
	at org.apache.hadoop.ipc.ProtobufRpcEngine$Server.processCall(ProtobufRpcEngine.java:484) [hadoop-common-3.3.6.jar:?]
	at org.apache.hadoop.ipc.ProtobufRpcEngine2$Server$ProtoBufRpcInvoker.call(ProtobufRpcEngine2.java:595) [hadoop-common-3.3.6.jar:?]
	at org.apache.hadoop.ipc.ProtobufRpcEngine2$Server$ProtoBufRpcInvoker.call(ProtobufRpcEngine2.java:573) [hadoop-common-3.3.6.jar:?]
	at org.apache.hadoop.ipc.RPC$Server.call(RPC.java:1227) [hadoop-common-3.3.6.jar:?]
	at org.apache.hadoop.ipc.Server$RpcCall.run(Server.java:1094) [hadoop-common-3.3.6.jar:?]
	at org.apache.hadoop.ipc.Server$RpcCall.run(Server.java:1017) [hadoop-common-3.3.6.jar:?]
	at java.security.AccessController.doPrivileged(Native Method) ~[?:1.8.0_382]
	at javax.security.auth.Subject.doAs(Subject.java:422) [?:1.8.0_382]
	at org.apache.hadoop.security.UserGroupInformation.doAs(UserGroupInformation.java:1899) [hadoop-common-3.3.6.jar:?]
	at org.apache.hadoop.ipc.Server$Handler.run(Server.java:3048) [hadoop-common-3.3.6.jar:?]
08:54:17.466 [IPC Server handler 3 on default port 15057] ERROR OMAudit - user=runner | ip=127.0.0.1 | op=GET_FILE_STATUS {volume=volume93671, bucket=bucket89282, key=testBatchDelete/parent/childFolder/child7, dataSize=0, replicationConfig=null} | ret=FAILURE
org.apache.hadoop.ozone.om.exceptions.OMException: Unable to get file status: volume: volume93671 bucket: bucket89282 key: testBatchDelete/parent/childFolder/child7
	at org.apache.hadoop.ozone.om.KeyManagerImpl.getOzoneFileStatus(KeyManagerImpl.java:1195) ~[ozone-manager-1.4.0-SNAPSHOT.jar:?]
	at org.apache.hadoop.ozone.om.KeyManagerImpl.getFileStatus(KeyManagerImpl.java:1113) ~[ozone-manager-1.4.0-SNAPSHOT.jar:?]
	at org.apache.hadoop.ozone.om.OmMetadataReader.getFileStatus(OmMetadataReader.java:262) ~[ozone-manager-1.4.0-SNAPSHOT.jar:?]
	at org.apache.hadoop.ozone.om.OzoneManager.getFileStatus(OzoneManager.java:3530) ~[ozone-manager-1.4.0-SNAPSHOT.jar:?]
	at org.apache.hadoop.ozone.protocolPB.OzoneManagerRequestHandler.getOzoneFileStatus(OzoneManagerRequestHandler.java:971) ~[ozone-manager-1.4.0-SNAPSHOT.jar:?]
	at org.apache.hadoop.ozone.protocolPB.OzoneManagerRequestHandler.handleReadRequest(OzoneManagerRequestHandler.java:250) ~[ozone-manager-1.4.0-SNAPSHOT.jar:?]
	at org.apache.hadoop.ozone.protocolPB.OzoneManagerProtocolServerSideTranslatorPB.submitRequestDirectlyToOM(OzoneManagerProtocolServerSideTranslatorPB.java:274) ~[ozone-manager-1.4.0-SNAPSHOT.jar:?]
	at org.apache.hadoop.ozone.protocolPB.OzoneManagerProtocolServerSideTranslatorPB.processRequest(OzoneManagerProtocolServerSideTranslatorPB.java:175) ~[ozone-manager-1.4.0-SNAPSHOT.jar:?]
	at org.apache.hadoop.hdds.server.OzoneProtocolMessageDispatcher.processRequest(OzoneProtocolMessageDispatcher.java:87) [hdds-server-framework-1.4.0-SNAPSHOT.jar:?]
	at org.apache.hadoop.ozone.protocolPB.OzoneManagerProtocolServerSideTranslatorPB.submitRequest(OzoneManagerProtocolServerSideTranslatorPB.java:148) [ozone-manager-1.4.0-SNAPSHOT.jar:?]
	at org.apache.hadoop.ozone.protocol.proto.OzoneManagerProtocolProtos$OzoneManagerService$2.callBlockingMethod(OzoneManagerProtocolProtos.java) [ozone-interface-client-1.4.0-SNAPSHOT.jar:?]
	at org.apache.hadoop.ipc.ProtobufRpcEngine$Server.processCall(ProtobufRpcEngine.java:484) [hadoop-common-3.3.6.jar:?]
	at org.apache.hadoop.ipc.ProtobufRpcEngine2$Server$ProtoBufRpcInvoker.call(ProtobufRpcEngine2.java:595) [hadoop-common-3.3.6.jar:?]
	at org.apache.hadoop.ipc.ProtobufRpcEngine2$Server$ProtoBufRpcInvoker.call(ProtobufRpcEngine2.java:573) [hadoop-common-3.3.6.jar:?]
	at org.apache.hadoop.ipc.RPC$Server.call(RPC.java:1227) [hadoop-common-3.3.6.jar:?]
	at org.apache.hadoop.ipc.Server$RpcCall.run(Server.java:1094) [hadoop-common-3.3.6.jar:?]
	at org.apache.hadoop.ipc.Server$RpcCall.run(Server.java:1017) [hadoop-common-3.3.6.jar:?]
	at java.security.AccessController.doPrivileged(Native Method) ~[?:1.8.0_382]
	at javax.security.auth.Subject.doAs(Subject.java:422) [?:1.8.0_382]
	at org.apache.hadoop.security.UserGroupInformation.doAs(UserGroupInformation.java:1899) [hadoop-common-3.3.6.jar:?]
	at org.apache.hadoop.ipc.Server$Handler.run(Server.java:3048) [hadoop-common-3.3.6.jar:?]
08:54:17.472 [IPC Server handler 4 on default port 15057] ERROR OMAudit - user=runner | ip=127.0.0.1 | op=GET_FILE_STATUS {volume=volume93671, bucket=bucket89282, key=testBatchDelete/parent, dataSize=0, replicationConfig=null} | ret=FAILURE
org.apache.hadoop.ozone.om.exceptions.OMException: Unable to get file status: volume: volume93671 bucket: bucket89282 key: testBatchDelete/parent
	at org.apache.hadoop.ozone.om.KeyManagerImpl.getOzoneFileStatus(KeyManagerImpl.java:1195) ~[ozone-manager-1.4.0-SNAPSHOT.jar:?]
	at org.apache.hadoop.ozone.om.KeyManagerImpl.getFileStatus(KeyManagerImpl.java:1113) ~[ozone-manager-1.4.0-SNAPSHOT.jar:?]
	at org.apache.hadoop.ozone.om.OmMetadataReader.getFileStatus(OmMetadataReader.java:262) ~[ozone-manager-1.4.0-SNAPSHOT.jar:?]
	at org.apache.hadoop.ozone.om.OzoneManager.getFileStatus(OzoneManager.java:3530) ~[ozone-manager-1.4.0-SNAPSHOT.jar:?]
	at org.apache.hadoop.ozone.protocolPB.OzoneManagerRequestHandler.getOzoneFileStatus(OzoneManagerRequestHandler.java:971) ~[ozone-manager-1.4.0-SNAPSHOT.jar:?]
	at org.apache.hadoop.ozone.protocolPB.OzoneManagerRequestHandler.handleReadRequest(OzoneManagerRequestHandler.java:250) ~[ozone-manager-1.4.0-SNAPSHOT.jar:?]
	at org.apache.hadoop.ozone.protocolPB.OzoneManagerProtocolServerSideTranslatorPB.submitRequestDirectlyToOM(OzoneManagerProtocolServerSideTranslatorPB.java:274) ~[ozone-manager-1.4.0-SNAPSHOT.jar:?]
	at org.apache.hadoop.ozone.protocolPB.OzoneManagerProtocolServerSideTranslatorPB.processRequest(OzoneManagerProtocolServerSideTranslatorPB.java:175) ~[ozone-manager-1.4.0-SNAPSHOT.jar:?]
	at org.apache.hadoop.hdds.server.OzoneProtocolMessageDispatcher.processRequest(OzoneProtocolMessageDispatcher.java:87) [hdds-server-framework-1.4.0-SNAPSHOT.jar:?]
	at org.apache.hadoop.ozone.protocolPB.OzoneManagerProtocolServerSideTranslatorPB.submitRequest(OzoneManagerProtocolServerSideTranslatorPB.java:148) [ozone-manager-1.4.0-SNAPSHOT.jar:?]
	at org.apache.hadoop.ozone.protocol.proto.OzoneManagerProtocolProtos$OzoneManagerService$2.callBlockingMethod(OzoneManagerProtocolProtos.java) [ozone-interface-client-1.4.0-SNAPSHOT.jar:?]
	at org.apache.hadoop.ipc.ProtobufRpcEngine$Server.processCall(ProtobufRpcEngine.java:484) [hadoop-common-3.3.6.jar:?]
	at org.apache.hadoop.ipc.ProtobufRpcEngine2$Server$ProtoBufRpcInvoker.call(ProtobufRpcEngine2.java:595) [hadoop-common-3.3.6.jar:?]
	at org.apache.hadoop.ipc.ProtobufRpcEngine2$Server$ProtoBufRpcInvoker.call(ProtobufRpcEngine2.java:573) [hadoop-common-3.3.6.jar:?]
	at org.apache.hadoop.ipc.RPC$Server.call(RPC.java:1227) [hadoop-common-3.3.6.jar:?]
	at org.apache.hadoop.ipc.Server$RpcCall.run(Server.java:1094) [hadoop-common-3.3.6.jar:?]
	at org.apache.hadoop.ipc.Server$RpcCall.run(Server.java:1017) [hadoop-common-3.3.6.jar:?]
	at java.security.AccessController.doPrivileged(Native Method) ~[?:1.8.0_382]
	at javax.security.auth.Subject.doAs(Subject.java:422) [?:1.8.0_382]
	at org.apache.hadoop.security.UserGroupInformation.doAs(UserGroupInformation.java:1899) [hadoop-common-3.3.6.jar:?]
	at org.apache.hadoop.ipc.Server$Handler.run(Server.java:3048) [hadoop-common-3.3.6.jar:?]
2023-09-07 08:54:17,472 [Time-limited test] WARN  ozone.BasicOzoneFileSystem (BasicOzoneFileSystem.java:delete(595)) - delete: Path does not exist: /testBatchDelete/parent
]]></system-out>
  </testcase>
  <testcase name="testFileDelete" classname="TestOzoneFileSystem" time="0.155">
    <system-out><![CDATA[08:55:41.461 [IPC Server handler 9 on default port 15110] ERROR OMAudit - user=runner | ip=127.0.0.1 | op=GET_FILE_STATUS {volume=volume76246, bucket=bucket29151, key=testBatchDelete, dataSize=0, replicationConfig=null} | ret=FAILURE
org.apache.hadoop.ozone.om.exceptions.OMException: Unable to get file status: volume: volume76246 bucket: bucket29151 key: testBatchDelete
	at org.apache.hadoop.ozone.om.KeyManagerImpl.getOzoneFileStatus(KeyManagerImpl.java:1195) ~[ozone-manager-1.4.0-SNAPSHOT.jar:?]
	at org.apache.hadoop.ozone.om.KeyManagerImpl.getFileStatus(KeyManagerImpl.java:1113) ~[ozone-manager-1.4.0-SNAPSHOT.jar:?]
	at org.apache.hadoop.ozone.om.OmMetadataReader.getFileStatus(OmMetadataReader.java:262) ~[ozone-manager-1.4.0-SNAPSHOT.jar:?]
	at org.apache.hadoop.ozone.om.OzoneManager.getFileStatus(OzoneManager.java:3530) ~[ozone-manager-1.4.0-SNAPSHOT.jar:?]
	at org.apache.hadoop.ozone.protocolPB.OzoneManagerRequestHandler.getOzoneFileStatus(OzoneManagerRequestHandler.java:971) ~[ozone-manager-1.4.0-SNAPSHOT.jar:?]
	at org.apache.hadoop.ozone.protocolPB.OzoneManagerRequestHandler.handleReadRequest(OzoneManagerRequestHandler.java:250) ~[ozone-manager-1.4.0-SNAPSHOT.jar:?]
	at org.apache.hadoop.ozone.protocolPB.OzoneManagerProtocolServerSideTranslatorPB.submitReadRequestToOM(OzoneManagerProtocolServerSideTranslatorPB.java:225) ~[ozone-manager-1.4.0-SNAPSHOT.jar:?]
	at org.apache.hadoop.ozone.protocolPB.OzoneManagerProtocolServerSideTranslatorPB.processRequest(OzoneManagerProtocolServerSideTranslatorPB.java:179) ~[ozone-manager-1.4.0-SNAPSHOT.jar:?]
	at org.apache.hadoop.hdds.server.OzoneProtocolMessageDispatcher.processRequest(OzoneProtocolMessageDispatcher.java:87) [hdds-server-framework-1.4.0-SNAPSHOT.jar:?]
	at org.apache.hadoop.ozone.protocolPB.OzoneManagerProtocolServerSideTranslatorPB.submitRequest(OzoneManagerProtocolServerSideTranslatorPB.java:148) [ozone-manager-1.4.0-SNAPSHOT.jar:?]
	at org.apache.hadoop.ozone.protocol.proto.OzoneManagerProtocolProtos$OzoneManagerService$2.callBlockingMethod(OzoneManagerProtocolProtos.java) [ozone-interface-client-1.4.0-SNAPSHOT.jar:?]
	at org.apache.hadoop.ipc.ProtobufRpcEngine$Server.processCall(ProtobufRpcEngine.java:484) [hadoop-common-3.3.6.jar:?]
	at org.apache.hadoop.ipc.ProtobufRpcEngine2$Server$ProtoBufRpcInvoker.call(ProtobufRpcEngine2.java:595) [hadoop-common-3.3.6.jar:?]
	at org.apache.hadoop.ipc.ProtobufRpcEngine2$Server$ProtoBufRpcInvoker.call(ProtobufRpcEngine2.java:573) [hadoop-common-3.3.6.jar:?]
	at org.apache.hadoop.ipc.RPC$Server.call(RPC.java:1227) [hadoop-common-3.3.6.jar:?]
	at org.apache.hadoop.ipc.Server$RpcCall.run(Server.java:1094) [hadoop-common-3.3.6.jar:?]
	at org.apache.hadoop.ipc.Server$RpcCall.run(Server.java:1017) [hadoop-common-3.3.6.jar:?]
	at java.security.AccessController.doPrivileged(Native Method) ~[?:1.8.0_382]
	at javax.security.auth.Subject.doAs(Subject.java:422) [?:1.8.0_382]
	at org.apache.hadoop.security.UserGroupInformation.doAs(UserGroupInformation.java:1899) [hadoop-common-3.3.6.jar:?]
	at org.apache.hadoop.ipc.Server$Handler.run(Server.java:3048) [hadoop-common-3.3.6.jar:?]
08:55:41.462 [IPC Server handler 15 on default port 15110] ERROR OMAudit - user=runner | ip=127.0.0.1 | op=GET_FILE_STATUS {volume=volume76246, bucket=bucket29151, key=testBatchDelete/parent/child0, dataSize=0, replicationConfig=null} | ret=FAILURE
org.apache.hadoop.ozone.om.exceptions.OMException: Unable to get file status: volume: volume76246 bucket: bucket29151 key: testBatchDelete/parent/child0
	at org.apache.hadoop.ozone.om.KeyManagerImpl.getOzoneFileStatus(KeyManagerImpl.java:1195) ~[ozone-manager-1.4.0-SNAPSHOT.jar:?]
	at org.apache.hadoop.ozone.om.KeyManagerImpl.getFileStatus(KeyManagerImpl.java:1113) ~[ozone-manager-1.4.0-SNAPSHOT.jar:?]
	at org.apache.hadoop.ozone.om.OmMetadataReader.getFileStatus(OmMetadataReader.java:262) ~[ozone-manager-1.4.0-SNAPSHOT.jar:?]
	at org.apache.hadoop.ozone.om.OzoneManager.getFileStatus(OzoneManager.java:3530) ~[ozone-manager-1.4.0-SNAPSHOT.jar:?]
	at org.apache.hadoop.ozone.protocolPB.OzoneManagerRequestHandler.getOzoneFileStatus(OzoneManagerRequestHandler.java:971) ~[ozone-manager-1.4.0-SNAPSHOT.jar:?]
	at org.apache.hadoop.ozone.protocolPB.OzoneManagerRequestHandler.handleReadRequest(OzoneManagerRequestHandler.java:250) ~[ozone-manager-1.4.0-SNAPSHOT.jar:?]
	at org.apache.hadoop.ozone.protocolPB.OzoneManagerProtocolServerSideTranslatorPB.submitReadRequestToOM(OzoneManagerProtocolServerSideTranslatorPB.java:225) ~[ozone-manager-1.4.0-SNAPSHOT.jar:?]
	at org.apache.hadoop.ozone.protocolPB.OzoneManagerProtocolServerSideTranslatorPB.processRequest(OzoneManagerProtocolServerSideTranslatorPB.java:179) ~[ozone-manager-1.4.0-SNAPSHOT.jar:?]
	at org.apache.hadoop.hdds.server.OzoneProtocolMessageDispatcher.processRequest(OzoneProtocolMessageDispatcher.java:87) [hdds-server-framework-1.4.0-SNAPSHOT.jar:?]
	at org.apache.hadoop.ozone.protocolPB.OzoneManagerProtocolServerSideTranslatorPB.submitRequest(OzoneManagerProtocolServerSideTranslatorPB.java:148) [ozone-manager-1.4.0-SNAPSHOT.jar:?]
	at org.apache.hadoop.ozone.protocol.proto.OzoneManagerProtocolProtos$OzoneManagerService$2.callBlockingMethod(OzoneManagerProtocolProtos.java) [ozone-interface-client-1.4.0-SNAPSHOT.jar:?]
	at org.apache.hadoop.ipc.ProtobufRpcEngine$Server.processCall(ProtobufRpcEngine.java:484) [hadoop-common-3.3.6.jar:?]
	at org.apache.hadoop.ipc.ProtobufRpcEngine2$Server$ProtoBufRpcInvoker.call(ProtobufRpcEngine2.java:595) [hadoop-common-3.3.6.jar:?]
	at org.apache.hadoop.ipc.ProtobufRpcEngine2$Server$ProtoBufRpcInvoker.call(ProtobufRpcEngine2.java:573) [hadoop-common-3.3.6.jar:?]
	at org.apache.hadoop.ipc.RPC$Server.call(RPC.java:1227) [hadoop-common-3.3.6.jar:?]
	at org.apache.hadoop.ipc.Server$RpcCall.run(Server.java:1094) [hadoop-common-3.3.6.jar:?]
	at org.apache.hadoop.ipc.Server$RpcCall.run(Server.java:1017) [hadoop-common-3.3.6.jar:?]
	at java.security.AccessController.doPrivileged(Native Method) ~[?:1.8.0_382]
	at javax.security.auth.Subject.doAs(Subject.java:422) [?:1.8.0_382]
	at org.apache.hadoop.security.UserGroupInformation.doAs(UserGroupInformation.java:1899) [hadoop-common-3.3.6.jar:?]
	at org.apache.hadoop.ipc.Server$Handler.run(Server.java:3048) [hadoop-common-3.3.6.jar:?]
08:55:41.464 [IPC Server handler 16 on default port 15110] ERROR OMAudit - user=runner | ip=127.0.0.1 | op=GET_FILE_STATUS {volume=volume76246, bucket=bucket29151, key=testBatchDelete/parent/childFolder/child0, dataSize=0, replicationConfig=null} | ret=FAILURE
org.apache.hadoop.ozone.om.exceptions.OMException: Unable to get file status: volume: volume76246 bucket: bucket29151 key: testBatchDelete/parent/childFolder/child0
	at org.apache.hadoop.ozone.om.KeyManagerImpl.getOzoneFileStatus(KeyManagerImpl.java:1195) ~[ozone-manager-1.4.0-SNAPSHOT.jar:?]
	at org.apache.hadoop.ozone.om.KeyManagerImpl.getFileStatus(KeyManagerImpl.java:1113) ~[ozone-manager-1.4.0-SNAPSHOT.jar:?]
	at org.apache.hadoop.ozone.om.OmMetadataReader.getFileStatus(OmMetadataReader.java:262) ~[ozone-manager-1.4.0-SNAPSHOT.jar:?]
	at org.apache.hadoop.ozone.om.OzoneManager.getFileStatus(OzoneManager.java:3530) ~[ozone-manager-1.4.0-SNAPSHOT.jar:?]
	at org.apache.hadoop.ozone.protocolPB.OzoneManagerRequestHandler.getOzoneFileStatus(OzoneManagerRequestHandler.java:971) ~[ozone-manager-1.4.0-SNAPSHOT.jar:?]
	at org.apache.hadoop.ozone.protocolPB.OzoneManagerRequestHandler.handleReadRequest(OzoneManagerRequestHandler.java:250) ~[ozone-manager-1.4.0-SNAPSHOT.jar:?]
	at org.apache.hadoop.ozone.protocolPB.OzoneManagerProtocolServerSideTranslatorPB.submitReadRequestToOM(OzoneManagerProtocolServerSideTranslatorPB.java:225) ~[ozone-manager-1.4.0-SNAPSHOT.jar:?]
	at org.apache.hadoop.ozone.protocolPB.OzoneManagerProtocolServerSideTranslatorPB.processRequest(OzoneManagerProtocolServerSideTranslatorPB.java:179) ~[ozone-manager-1.4.0-SNAPSHOT.jar:?]
	at org.apache.hadoop.hdds.server.OzoneProtocolMessageDispatcher.processRequest(OzoneProtocolMessageDispatcher.java:87) [hdds-server-framework-1.4.0-SNAPSHOT.jar:?]
	at org.apache.hadoop.ozone.protocolPB.OzoneManagerProtocolServerSideTranslatorPB.submitRequest(OzoneManagerProtocolServerSideTranslatorPB.java:148) [ozone-manager-1.4.0-SNAPSHOT.jar:?]
	at org.apache.hadoop.ozone.protocol.proto.OzoneManagerProtocolProtos$OzoneManagerService$2.callBlockingMethod(OzoneManagerProtocolProtos.java) [ozone-interface-client-1.4.0-SNAPSHOT.jar:?]
	at org.apache.hadoop.ipc.ProtobufRpcEngine$Server.processCall(ProtobufRpcEngine.java:484) [hadoop-common-3.3.6.jar:?]
	at org.apache.hadoop.ipc.ProtobufRpcEngine2$Server$ProtoBufRpcInvoker.call(ProtobufRpcEngine2.java:595) [hadoop-common-3.3.6.jar:?]
	at org.apache.hadoop.ipc.ProtobufRpcEngine2$Server$ProtoBufRpcInvoker.call(ProtobufRpcEngine2.java:573) [hadoop-common-3.3.6.jar:?]
	at org.apache.hadoop.ipc.RPC$Server.call(RPC.java:1227) [hadoop-common-3.3.6.jar:?]
	at org.apache.hadoop.ipc.Server$RpcCall.run(Server.java:1094) [hadoop-common-3.3.6.jar:?]
	at org.apache.hadoop.ipc.Server$RpcCall.run(Server.java:1017) [hadoop-common-3.3.6.jar:?]
	at java.security.AccessController.doPrivileged(Native Method) ~[?:1.8.0_382]
	at javax.security.auth.Subject.doAs(Subject.java:422) [?:1.8.0_382]
	at org.apache.hadoop.security.UserGroupInformation.doAs(UserGroupInformation.java:1899) [hadoop-common-3.3.6.jar:?]
	at org.apache.hadoop.ipc.Server$Handler.run(Server.java:3048) [hadoop-common-3.3.6.jar:?]
08:55:41.465 [IPC Server handler 18 on default port 15110] ERROR OMAudit - user=runner | ip=127.0.0.1 | op=GET_FILE_STATUS {volume=volume76246, bucket=bucket29151, key=testBatchDelete/parent/child1, dataSize=0, replicationConfig=null} | ret=FAILURE
org.apache.hadoop.ozone.om.exceptions.OMException: Unable to get file status: volume: volume76246 bucket: bucket29151 key: testBatchDelete/parent/child1
	at org.apache.hadoop.ozone.om.KeyManagerImpl.getOzoneFileStatus(KeyManagerImpl.java:1195) ~[ozone-manager-1.4.0-SNAPSHOT.jar:?]
	at org.apache.hadoop.ozone.om.KeyManagerImpl.getFileStatus(KeyManagerImpl.java:1113) ~[ozone-manager-1.4.0-SNAPSHOT.jar:?]
	at org.apache.hadoop.ozone.om.OmMetadataReader.getFileStatus(OmMetadataReader.java:262) ~[ozone-manager-1.4.0-SNAPSHOT.jar:?]
	at org.apache.hadoop.ozone.om.OzoneManager.getFileStatus(OzoneManager.java:3530) ~[ozone-manager-1.4.0-SNAPSHOT.jar:?]
	at org.apache.hadoop.ozone.protocolPB.OzoneManagerRequestHandler.getOzoneFileStatus(OzoneManagerRequestHandler.java:971) ~[ozone-manager-1.4.0-SNAPSHOT.jar:?]
	at org.apache.hadoop.ozone.protocolPB.OzoneManagerRequestHandler.handleReadRequest(OzoneManagerRequestHandler.java:250) ~[ozone-manager-1.4.0-SNAPSHOT.jar:?]
	at org.apache.hadoop.ozone.protocolPB.OzoneManagerProtocolServerSideTranslatorPB.submitReadRequestToOM(OzoneManagerProtocolServerSideTranslatorPB.java:225) ~[ozone-manager-1.4.0-SNAPSHOT.jar:?]
	at org.apache.hadoop.ozone.protocolPB.OzoneManagerProtocolServerSideTranslatorPB.processRequest(OzoneManagerProtocolServerSideTranslatorPB.java:179) ~[ozone-manager-1.4.0-SNAPSHOT.jar:?]
	at org.apache.hadoop.hdds.server.OzoneProtocolMessageDispatcher.processRequest(OzoneProtocolMessageDispatcher.java:87) [hdds-server-framework-1.4.0-SNAPSHOT.jar:?]
	at org.apache.hadoop.ozone.protocolPB.OzoneManagerProtocolServerSideTranslatorPB.submitRequest(OzoneManagerProtocolServerSideTranslatorPB.java:148) [ozone-manager-1.4.0-SNAPSHOT.jar:?]
	at org.apache.hadoop.ozone.protocol.proto.OzoneManagerProtocolProtos$OzoneManagerService$2.callBlockingMethod(OzoneManagerProtocolProtos.java) [ozone-interface-client-1.4.0-SNAPSHOT.jar:?]
	at org.apache.hadoop.ipc.ProtobufRpcEngine$Server.processCall(ProtobufRpcEngine.java:484) [hadoop-common-3.3.6.jar:?]
	at org.apache.hadoop.ipc.ProtobufRpcEngine2$Server$ProtoBufRpcInvoker.call(ProtobufRpcEngine2.java:595) [hadoop-common-3.3.6.jar:?]
	at org.apache.hadoop.ipc.ProtobufRpcEngine2$Server$ProtoBufRpcInvoker.call(ProtobufRpcEngine2.java:573) [hadoop-common-3.3.6.jar:?]
	at org.apache.hadoop.ipc.RPC$Server.call(RPC.java:1227) [hadoop-common-3.3.6.jar:?]
	at org.apache.hadoop.ipc.Server$RpcCall.run(Server.java:1094) [hadoop-common-3.3.6.jar:?]
	at org.apache.hadoop.ipc.Server$RpcCall.run(Server.java:1017) [hadoop-common-3.3.6.jar:?]
	at java.security.AccessController.doPrivileged(Native Method) ~[?:1.8.0_382]
	at javax.security.auth.Subject.doAs(Subject.java:422) [?:1.8.0_382]
	at org.apache.hadoop.security.UserGroupInformation.doAs(UserGroupInformation.java:1899) [hadoop-common-3.3.6.jar:?]
	at org.apache.hadoop.ipc.Server$Handler.run(Server.java:3048) [hadoop-common-3.3.6.jar:?]
08:55:41.466 [IPC Server handler 3 on default port 15110] ERROR OMAudit - user=runner | ip=127.0.0.1 | op=GET_FILE_STATUS {volume=volume76246, bucket=bucket29151, key=testBatchDelete/parent/childFolder/child1, dataSize=0, replicationConfig=null} | ret=FAILURE
org.apache.hadoop.ozone.om.exceptions.OMException: Unable to get file status: volume: volume76246 bucket: bucket29151 key: testBatchDelete/parent/childFolder/child1
	at org.apache.hadoop.ozone.om.KeyManagerImpl.getOzoneFileStatus(KeyManagerImpl.java:1195) ~[ozone-manager-1.4.0-SNAPSHOT.jar:?]
	at org.apache.hadoop.ozone.om.KeyManagerImpl.getFileStatus(KeyManagerImpl.java:1113) ~[ozone-manager-1.4.0-SNAPSHOT.jar:?]
	at org.apache.hadoop.ozone.om.OmMetadataReader.getFileStatus(OmMetadataReader.java:262) ~[ozone-manager-1.4.0-SNAPSHOT.jar:?]
	at org.apache.hadoop.ozone.om.OzoneManager.getFileStatus(OzoneManager.java:3530) ~[ozone-manager-1.4.0-SNAPSHOT.jar:?]
	at org.apache.hadoop.ozone.protocolPB.OzoneManagerRequestHandler.getOzoneFileStatus(OzoneManagerRequestHandler.java:971) ~[ozone-manager-1.4.0-SNAPSHOT.jar:?]
	at org.apache.hadoop.ozone.protocolPB.OzoneManagerRequestHandler.handleReadRequest(OzoneManagerRequestHandler.java:250) ~[ozone-manager-1.4.0-SNAPSHOT.jar:?]
	at org.apache.hadoop.ozone.protocolPB.OzoneManagerProtocolServerSideTranslatorPB.submitReadRequestToOM(OzoneManagerProtocolServerSideTranslatorPB.java:225) ~[ozone-manager-1.4.0-SNAPSHOT.jar:?]
	at org.apache.hadoop.ozone.protocolPB.OzoneManagerProtocolServerSideTranslatorPB.processRequest(OzoneManagerProtocolServerSideTranslatorPB.java:179) ~[ozone-manager-1.4.0-SNAPSHOT.jar:?]
	at org.apache.hadoop.hdds.server.OzoneProtocolMessageDispatcher.processRequest(OzoneProtocolMessageDispatcher.java:87) [hdds-server-framework-1.4.0-SNAPSHOT.jar:?]
	at org.apache.hadoop.ozone.protocolPB.OzoneManagerProtocolServerSideTranslatorPB.submitRequest(OzoneManagerProtocolServerSideTranslatorPB.java:148) [ozone-manager-1.4.0-SNAPSHOT.jar:?]
	at org.apache.hadoop.ozone.protocol.proto.OzoneManagerProtocolProtos$OzoneManagerService$2.callBlockingMethod(OzoneManagerProtocolProtos.java) [ozone-interface-client-1.4.0-SNAPSHOT.jar:?]
	at org.apache.hadoop.ipc.ProtobufRpcEngine$Server.processCall(ProtobufRpcEngine.java:484) [hadoop-common-3.3.6.jar:?]
	at org.apache.hadoop.ipc.ProtobufRpcEngine2$Server$ProtoBufRpcInvoker.call(ProtobufRpcEngine2.java:595) [hadoop-common-3.3.6.jar:?]
	at org.apache.hadoop.ipc.ProtobufRpcEngine2$Server$ProtoBufRpcInvoker.call(ProtobufRpcEngine2.java:573) [hadoop-common-3.3.6.jar:?]
	at org.apache.hadoop.ipc.RPC$Server.call(RPC.java:1227) [hadoop-common-3.3.6.jar:?]
	at org.apache.hadoop.ipc.Server$RpcCall.run(Server.java:1094) [hadoop-common-3.3.6.jar:?]
	at org.apache.hadoop.ipc.Server$RpcCall.run(Server.java:1017) [hadoop-common-3.3.6.jar:?]
	at java.security.AccessController.doPrivileged(Native Method) ~[?:1.8.0_382]
	at javax.security.auth.Subject.doAs(Subject.java:422) [?:1.8.0_382]
	at org.apache.hadoop.security.UserGroupInformation.doAs(UserGroupInformation.java:1899) [hadoop-common-3.3.6.jar:?]
	at org.apache.hadoop.ipc.Server$Handler.run(Server.java:3048) [hadoop-common-3.3.6.jar:?]
08:55:41.467 [IPC Server handler 13 on default port 15110] ERROR OMAudit - user=runner | ip=127.0.0.1 | op=GET_FILE_STATUS {volume=volume76246, bucket=bucket29151, key=testBatchDelete/parent/child2, dataSize=0, replicationConfig=null} | ret=FAILURE
org.apache.hadoop.ozone.om.exceptions.OMException: Unable to get file status: volume: volume76246 bucket: bucket29151 key: testBatchDelete/parent/child2
	at org.apache.hadoop.ozone.om.KeyManagerImpl.getOzoneFileStatus(KeyManagerImpl.java:1195) ~[ozone-manager-1.4.0-SNAPSHOT.jar:?]
	at org.apache.hadoop.ozone.om.KeyManagerImpl.getFileStatus(KeyManagerImpl.java:1113) ~[ozone-manager-1.4.0-SNAPSHOT.jar:?]
	at org.apache.hadoop.ozone.om.OmMetadataReader.getFileStatus(OmMetadataReader.java:262) ~[ozone-manager-1.4.0-SNAPSHOT.jar:?]
	at org.apache.hadoop.ozone.om.OzoneManager.getFileStatus(OzoneManager.java:3530) ~[ozone-manager-1.4.0-SNAPSHOT.jar:?]
	at org.apache.hadoop.ozone.protocolPB.OzoneManagerRequestHandler.getOzoneFileStatus(OzoneManagerRequestHandler.java:971) ~[ozone-manager-1.4.0-SNAPSHOT.jar:?]
	at org.apache.hadoop.ozone.protocolPB.OzoneManagerRequestHandler.handleReadRequest(OzoneManagerRequestHandler.java:250) ~[ozone-manager-1.4.0-SNAPSHOT.jar:?]
	at org.apache.hadoop.ozone.protocolPB.OzoneManagerProtocolServerSideTranslatorPB.submitReadRequestToOM(OzoneManagerProtocolServerSideTranslatorPB.java:225) ~[ozone-manager-1.4.0-SNAPSHOT.jar:?]
	at org.apache.hadoop.ozone.protocolPB.OzoneManagerProtocolServerSideTranslatorPB.processRequest(OzoneManagerProtocolServerSideTranslatorPB.java:179) ~[ozone-manager-1.4.0-SNAPSHOT.jar:?]
	at org.apache.hadoop.hdds.server.OzoneProtocolMessageDispatcher.processRequest(OzoneProtocolMessageDispatcher.java:87) [hdds-server-framework-1.4.0-SNAPSHOT.jar:?]
	at org.apache.hadoop.ozone.protocolPB.OzoneManagerProtocolServerSideTranslatorPB.submitRequest(OzoneManagerProtocolServerSideTranslatorPB.java:148) [ozone-manager-1.4.0-SNAPSHOT.jar:?]
	at org.apache.hadoop.ozone.protocol.proto.OzoneManagerProtocolProtos$OzoneManagerService$2.callBlockingMethod(OzoneManagerProtocolProtos.java) [ozone-interface-client-1.4.0-SNAPSHOT.jar:?]
	at org.apache.hadoop.ipc.ProtobufRpcEngine$Server.processCall(ProtobufRpcEngine.java:484) [hadoop-common-3.3.6.jar:?]
	at org.apache.hadoop.ipc.ProtobufRpcEngine2$Server$ProtoBufRpcInvoker.call(ProtobufRpcEngine2.java:595) [hadoop-common-3.3.6.jar:?]
	at org.apache.hadoop.ipc.ProtobufRpcEngine2$Server$ProtoBufRpcInvoker.call(ProtobufRpcEngine2.java:573) [hadoop-common-3.3.6.jar:?]
	at org.apache.hadoop.ipc.RPC$Server.call(RPC.java:1227) [hadoop-common-3.3.6.jar:?]
	at org.apache.hadoop.ipc.Server$RpcCall.run(Server.java:1094) [hadoop-common-3.3.6.jar:?]
	at org.apache.hadoop.ipc.Server$RpcCall.run(Server.java:1017) [hadoop-common-3.3.6.jar:?]
	at java.security.AccessController.doPrivileged(Native Method) ~[?:1.8.0_382]
	at javax.security.auth.Subject.doAs(Subject.java:422) [?:1.8.0_382]
	at org.apache.hadoop.security.UserGroupInformation.doAs(UserGroupInformation.java:1899) [hadoop-common-3.3.6.jar:?]
	at org.apache.hadoop.ipc.Server$Handler.run(Server.java:3048) [hadoop-common-3.3.6.jar:?]
08:55:41.468 [IPC Server handler 6 on default port 15110] ERROR OMAudit - user=runner | ip=127.0.0.1 | op=GET_FILE_STATUS {volume=volume76246, bucket=bucket29151, key=testBatchDelete/parent/childFolder/child2, dataSize=0, replicationConfig=null} | ret=FAILURE
org.apache.hadoop.ozone.om.exceptions.OMException: Unable to get file status: volume: volume76246 bucket: bucket29151 key: testBatchDelete/parent/childFolder/child2
	at org.apache.hadoop.ozone.om.KeyManagerImpl.getOzoneFileStatus(KeyManagerImpl.java:1195) ~[ozone-manager-1.4.0-SNAPSHOT.jar:?]
	at org.apache.hadoop.ozone.om.KeyManagerImpl.getFileStatus(KeyManagerImpl.java:1113) ~[ozone-manager-1.4.0-SNAPSHOT.jar:?]
	at org.apache.hadoop.ozone.om.OmMetadataReader.getFileStatus(OmMetadataReader.java:262) ~[ozone-manager-1.4.0-SNAPSHOT.jar:?]
	at org.apache.hadoop.ozone.om.OzoneManager.getFileStatus(OzoneManager.java:3530) ~[ozone-manager-1.4.0-SNAPSHOT.jar:?]
	at org.apache.hadoop.ozone.protocolPB.OzoneManagerRequestHandler.getOzoneFileStatus(OzoneManagerRequestHandler.java:971) ~[ozone-manager-1.4.0-SNAPSHOT.jar:?]
	at org.apache.hadoop.ozone.protocolPB.OzoneManagerRequestHandler.handleReadRequest(OzoneManagerRequestHandler.java:250) ~[ozone-manager-1.4.0-SNAPSHOT.jar:?]
	at org.apache.hadoop.ozone.protocolPB.OzoneManagerProtocolServerSideTranslatorPB.submitReadRequestToOM(OzoneManagerProtocolServerSideTranslatorPB.java:225) ~[ozone-manager-1.4.0-SNAPSHOT.jar:?]
	at org.apache.hadoop.ozone.protocolPB.OzoneManagerProtocolServerSideTranslatorPB.processRequest(OzoneManagerProtocolServerSideTranslatorPB.java:179) ~[ozone-manager-1.4.0-SNAPSHOT.jar:?]
	at org.apache.hadoop.hdds.server.OzoneProtocolMessageDispatcher.processRequest(OzoneProtocolMessageDispatcher.java:87) [hdds-server-framework-1.4.0-SNAPSHOT.jar:?]
	at org.apache.hadoop.ozone.protocolPB.OzoneManagerProtocolServerSideTranslatorPB.submitRequest(OzoneManagerProtocolServerSideTranslatorPB.java:148) [ozone-manager-1.4.0-SNAPSHOT.jar:?]
	at org.apache.hadoop.ozone.protocol.proto.OzoneManagerProtocolProtos$OzoneManagerService$2.callBlockingMethod(OzoneManagerProtocolProtos.java) [ozone-interface-client-1.4.0-SNAPSHOT.jar:?]
	at org.apache.hadoop.ipc.ProtobufRpcEngine$Server.processCall(ProtobufRpcEngine.java:484) [hadoop-common-3.3.6.jar:?]
	at org.apache.hadoop.ipc.ProtobufRpcEngine2$Server$ProtoBufRpcInvoker.call(ProtobufRpcEngine2.java:595) [hadoop-common-3.3.6.jar:?]
	at org.apache.hadoop.ipc.ProtobufRpcEngine2$Server$ProtoBufRpcInvoker.call(ProtobufRpcEngine2.java:573) [hadoop-common-3.3.6.jar:?]
	at org.apache.hadoop.ipc.RPC$Server.call(RPC.java:1227) [hadoop-common-3.3.6.jar:?]
	at org.apache.hadoop.ipc.Server$RpcCall.run(Server.java:1094) [hadoop-common-3.3.6.jar:?]
	at org.apache.hadoop.ipc.Server$RpcCall.run(Server.java:1017) [hadoop-common-3.3.6.jar:?]
	at java.security.AccessController.doPrivileged(Native Method) ~[?:1.8.0_382]
	at javax.security.auth.Subject.doAs(Subject.java:422) [?:1.8.0_382]
	at org.apache.hadoop.security.UserGroupInformation.doAs(UserGroupInformation.java:1899) [hadoop-common-3.3.6.jar:?]
	at org.apache.hadoop.ipc.Server$Handler.run(Server.java:3048) [hadoop-common-3.3.6.jar:?]
08:55:41.469 [IPC Server handler 5 on default port 15110] ERROR OMAudit - user=runner | ip=127.0.0.1 | op=GET_FILE_STATUS {volume=volume76246, bucket=bucket29151, key=testBatchDelete/parent/child3, dataSize=0, replicationConfig=null} | ret=FAILURE
org.apache.hadoop.ozone.om.exceptions.OMException: Unable to get file status: volume: volume76246 bucket: bucket29151 key: testBatchDelete/parent/child3
	at org.apache.hadoop.ozone.om.KeyManagerImpl.getOzoneFileStatus(KeyManagerImpl.java:1195) ~[ozone-manager-1.4.0-SNAPSHOT.jar:?]
	at org.apache.hadoop.ozone.om.KeyManagerImpl.getFileStatus(KeyManagerImpl.java:1113) ~[ozone-manager-1.4.0-SNAPSHOT.jar:?]
	at org.apache.hadoop.ozone.om.OmMetadataReader.getFileStatus(OmMetadataReader.java:262) ~[ozone-manager-1.4.0-SNAPSHOT.jar:?]
	at org.apache.hadoop.ozone.om.OzoneManager.getFileStatus(OzoneManager.java:3530) ~[ozone-manager-1.4.0-SNAPSHOT.jar:?]
	at org.apache.hadoop.ozone.protocolPB.OzoneManagerRequestHandler.getOzoneFileStatus(OzoneManagerRequestHandler.java:971) ~[ozone-manager-1.4.0-SNAPSHOT.jar:?]
	at org.apache.hadoop.ozone.protocolPB.OzoneManagerRequestHandler.handleReadRequest(OzoneManagerRequestHandler.java:250) ~[ozone-manager-1.4.0-SNAPSHOT.jar:?]
	at org.apache.hadoop.ozone.protocolPB.OzoneManagerProtocolServerSideTranslatorPB.submitReadRequestToOM(OzoneManagerProtocolServerSideTranslatorPB.java:225) ~[ozone-manager-1.4.0-SNAPSHOT.jar:?]
	at org.apache.hadoop.ozone.protocolPB.OzoneManagerProtocolServerSideTranslatorPB.processRequest(OzoneManagerProtocolServerSideTranslatorPB.java:179) ~[ozone-manager-1.4.0-SNAPSHOT.jar:?]
	at org.apache.hadoop.hdds.server.OzoneProtocolMessageDispatcher.processRequest(OzoneProtocolMessageDispatcher.java:87) [hdds-server-framework-1.4.0-SNAPSHOT.jar:?]
	at org.apache.hadoop.ozone.protocolPB.OzoneManagerProtocolServerSideTranslatorPB.submitRequest(OzoneManagerProtocolServerSideTranslatorPB.java:148) [ozone-manager-1.4.0-SNAPSHOT.jar:?]
	at org.apache.hadoop.ozone.protocol.proto.OzoneManagerProtocolProtos$OzoneManagerService$2.callBlockingMethod(OzoneManagerProtocolProtos.java) [ozone-interface-client-1.4.0-SNAPSHOT.jar:?]
	at org.apache.hadoop.ipc.ProtobufRpcEngine$Server.processCall(ProtobufRpcEngine.java:484) [hadoop-common-3.3.6.jar:?]
	at org.apache.hadoop.ipc.ProtobufRpcEngine2$Server$ProtoBufRpcInvoker.call(ProtobufRpcEngine2.java:595) [hadoop-common-3.3.6.jar:?]
	at org.apache.hadoop.ipc.ProtobufRpcEngine2$Server$ProtoBufRpcInvoker.call(ProtobufRpcEngine2.java:573) [hadoop-common-3.3.6.jar:?]
	at org.apache.hadoop.ipc.RPC$Server.call(RPC.java:1227) [hadoop-common-3.3.6.jar:?]
	at org.apache.hadoop.ipc.Server$RpcCall.run(Server.java:1094) [hadoop-common-3.3.6.jar:?]
	at org.apache.hadoop.ipc.Server$RpcCall.run(Server.java:1017) [hadoop-common-3.3.6.jar:?]
	at java.security.AccessController.doPrivileged(Native Method) ~[?:1.8.0_382]
	at javax.security.auth.Subject.doAs(Subject.java:422) [?:1.8.0_382]
	at org.apache.hadoop.security.UserGroupInformation.doAs(UserGroupInformation.java:1899) [hadoop-common-3.3.6.jar:?]
	at org.apache.hadoop.ipc.Server$Handler.run(Server.java:3048) [hadoop-common-3.3.6.jar:?]
08:55:41.471 [IPC Server handler 8 on default port 15110] ERROR OMAudit - user=runner | ip=127.0.0.1 | op=GET_FILE_STATUS {volume=volume76246, bucket=bucket29151, key=testBatchDelete/parent/childFolder/child3, dataSize=0, replicationConfig=null} | ret=FAILURE
org.apache.hadoop.ozone.om.exceptions.OMException: Unable to get file status: volume: volume76246 bucket: bucket29151 key: testBatchDelete/parent/childFolder/child3
	at org.apache.hadoop.ozone.om.KeyManagerImpl.getOzoneFileStatus(KeyManagerImpl.java:1195) ~[ozone-manager-1.4.0-SNAPSHOT.jar:?]
	at org.apache.hadoop.ozone.om.KeyManagerImpl.getFileStatus(KeyManagerImpl.java:1113) ~[ozone-manager-1.4.0-SNAPSHOT.jar:?]
	at org.apache.hadoop.ozone.om.OmMetadataReader.getFileStatus(OmMetadataReader.java:262) ~[ozone-manager-1.4.0-SNAPSHOT.jar:?]
	at org.apache.hadoop.ozone.om.OzoneManager.getFileStatus(OzoneManager.java:3530) ~[ozone-manager-1.4.0-SNAPSHOT.jar:?]
	at org.apache.hadoop.ozone.protocolPB.OzoneManagerRequestHandler.getOzoneFileStatus(OzoneManagerRequestHandler.java:971) ~[ozone-manager-1.4.0-SNAPSHOT.jar:?]
	at org.apache.hadoop.ozone.protocolPB.OzoneManagerRequestHandler.handleReadRequest(OzoneManagerRequestHandler.java:250) ~[ozone-manager-1.4.0-SNAPSHOT.jar:?]
	at org.apache.hadoop.ozone.protocolPB.OzoneManagerProtocolServerSideTranslatorPB.submitReadRequestToOM(OzoneManagerProtocolServerSideTranslatorPB.java:225) ~[ozone-manager-1.4.0-SNAPSHOT.jar:?]
	at org.apache.hadoop.ozone.protocolPB.OzoneManagerProtocolServerSideTranslatorPB.processRequest(OzoneManagerProtocolServerSideTranslatorPB.java:179) ~[ozone-manager-1.4.0-SNAPSHOT.jar:?]
	at org.apache.hadoop.hdds.server.OzoneProtocolMessageDispatcher.processRequest(OzoneProtocolMessageDispatcher.java:87) [hdds-server-framework-1.4.0-SNAPSHOT.jar:?]
	at org.apache.hadoop.ozone.protocolPB.OzoneManagerProtocolServerSideTranslatorPB.submitRequest(OzoneManagerProtocolServerSideTranslatorPB.java:148) [ozone-manager-1.4.0-SNAPSHOT.jar:?]
	at org.apache.hadoop.ozone.protocol.proto.OzoneManagerProtocolProtos$OzoneManagerService$2.callBlockingMethod(OzoneManagerProtocolProtos.java) [ozone-interface-client-1.4.0-SNAPSHOT.jar:?]
	at org.apache.hadoop.ipc.ProtobufRpcEngine$Server.processCall(ProtobufRpcEngine.java:484) [hadoop-common-3.3.6.jar:?]
	at org.apache.hadoop.ipc.ProtobufRpcEngine2$Server$ProtoBufRpcInvoker.call(ProtobufRpcEngine2.java:595) [hadoop-common-3.3.6.jar:?]
	at org.apache.hadoop.ipc.ProtobufRpcEngine2$Server$ProtoBufRpcInvoker.call(ProtobufRpcEngine2.java:573) [hadoop-common-3.3.6.jar:?]
	at org.apache.hadoop.ipc.RPC$Server.call(RPC.java:1227) [hadoop-common-3.3.6.jar:?]
	at org.apache.hadoop.ipc.Server$RpcCall.run(Server.java:1094) [hadoop-common-3.3.6.jar:?]
	at org.apache.hadoop.ipc.Server$RpcCall.run(Server.java:1017) [hadoop-common-3.3.6.jar:?]
	at java.security.AccessController.doPrivileged(Native Method) ~[?:1.8.0_382]
	at javax.security.auth.Subject.doAs(Subject.java:422) [?:1.8.0_382]
	at org.apache.hadoop.security.UserGroupInformation.doAs(UserGroupInformation.java:1899) [hadoop-common-3.3.6.jar:?]
	at org.apache.hadoop.ipc.Server$Handler.run(Server.java:3048) [hadoop-common-3.3.6.jar:?]
08:55:41.472 [IPC Server handler 14 on default port 15110] ERROR OMAudit - user=runner | ip=127.0.0.1 | op=GET_FILE_STATUS {volume=volume76246, bucket=bucket29151, key=testBatchDelete/parent/child4, dataSize=0, replicationConfig=null} | ret=FAILURE
org.apache.hadoop.ozone.om.exceptions.OMException: Unable to get file status: volume: volume76246 bucket: bucket29151 key: testBatchDelete/parent/child4
	at org.apache.hadoop.ozone.om.KeyManagerImpl.getOzoneFileStatus(KeyManagerImpl.java:1195) ~[ozone-manager-1.4.0-SNAPSHOT.jar:?]
	at org.apache.hadoop.ozone.om.KeyManagerImpl.getFileStatus(KeyManagerImpl.java:1113) ~[ozone-manager-1.4.0-SNAPSHOT.jar:?]
	at org.apache.hadoop.ozone.om.OmMetadataReader.getFileStatus(OmMetadataReader.java:262) ~[ozone-manager-1.4.0-SNAPSHOT.jar:?]
	at org.apache.hadoop.ozone.om.OzoneManager.getFileStatus(OzoneManager.java:3530) ~[ozone-manager-1.4.0-SNAPSHOT.jar:?]
	at org.apache.hadoop.ozone.protocolPB.OzoneManagerRequestHandler.getOzoneFileStatus(OzoneManagerRequestHandler.java:971) ~[ozone-manager-1.4.0-SNAPSHOT.jar:?]
	at org.apache.hadoop.ozone.protocolPB.OzoneManagerRequestHandler.handleReadRequest(OzoneManagerRequestHandler.java:250) ~[ozone-manager-1.4.0-SNAPSHOT.jar:?]
	at org.apache.hadoop.ozone.protocolPB.OzoneManagerProtocolServerSideTranslatorPB.submitReadRequestToOM(OzoneManagerProtocolServerSideTranslatorPB.java:225) ~[ozone-manager-1.4.0-SNAPSHOT.jar:?]
	at org.apache.hadoop.ozone.protocolPB.OzoneManagerProtocolServerSideTranslatorPB.processRequest(OzoneManagerProtocolServerSideTranslatorPB.java:179) ~[ozone-manager-1.4.0-SNAPSHOT.jar:?]
	at org.apache.hadoop.hdds.server.OzoneProtocolMessageDispatcher.processRequest(OzoneProtocolMessageDispatcher.java:87) [hdds-server-framework-1.4.0-SNAPSHOT.jar:?]
	at org.apache.hadoop.ozone.protocolPB.OzoneManagerProtocolServerSideTranslatorPB.submitRequest(OzoneManagerProtocolServerSideTranslatorPB.java:148) [ozone-manager-1.4.0-SNAPSHOT.jar:?]
	at org.apache.hadoop.ozone.protocol.proto.OzoneManagerProtocolProtos$OzoneManagerService$2.callBlockingMethod(OzoneManagerProtocolProtos.java) [ozone-interface-client-1.4.0-SNAPSHOT.jar:?]
	at org.apache.hadoop.ipc.ProtobufRpcEngine$Server.processCall(ProtobufRpcEngine.java:484) [hadoop-common-3.3.6.jar:?]
	at org.apache.hadoop.ipc.ProtobufRpcEngine2$Server$ProtoBufRpcInvoker.call(ProtobufRpcEngine2.java:595) [hadoop-common-3.3.6.jar:?]
	at org.apache.hadoop.ipc.ProtobufRpcEngine2$Server$ProtoBufRpcInvoker.call(ProtobufRpcEngine2.java:573) [hadoop-common-3.3.6.jar:?]
	at org.apache.hadoop.ipc.RPC$Server.call(RPC.java:1227) [hadoop-common-3.3.6.jar:?]
	at org.apache.hadoop.ipc.Server$RpcCall.run(Server.java:1094) [hadoop-common-3.3.6.jar:?]
	at org.apache.hadoop.ipc.Server$RpcCall.run(Server.java:1017) [hadoop-common-3.3.6.jar:?]
	at java.security.AccessController.doPrivileged(Native Method) ~[?:1.8.0_382]
	at javax.security.auth.Subject.doAs(Subject.java:422) [?:1.8.0_382]
	at org.apache.hadoop.security.UserGroupInformation.doAs(UserGroupInformation.java:1899) [hadoop-common-3.3.6.jar:?]
	at org.apache.hadoop.ipc.Server$Handler.run(Server.java:3048) [hadoop-common-3.3.6.jar:?]
08:55:41.473 [IPC Server handler 19 on default port 15110] ERROR OMAudit - user=runner | ip=127.0.0.1 | op=GET_FILE_STATUS {volume=volume76246, bucket=bucket29151, key=testBatchDelete/parent/childFolder/child4, dataSize=0, replicationConfig=null} | ret=FAILURE
org.apache.hadoop.ozone.om.exceptions.OMException: Unable to get file status: volume: volume76246 bucket: bucket29151 key: testBatchDelete/parent/childFolder/child4
	at org.apache.hadoop.ozone.om.KeyManagerImpl.getOzoneFileStatus(KeyManagerImpl.java:1195) ~[ozone-manager-1.4.0-SNAPSHOT.jar:?]
	at org.apache.hadoop.ozone.om.KeyManagerImpl.getFileStatus(KeyManagerImpl.java:1113) ~[ozone-manager-1.4.0-SNAPSHOT.jar:?]
	at org.apache.hadoop.ozone.om.OmMetadataReader.getFileStatus(OmMetadataReader.java:262) ~[ozone-manager-1.4.0-SNAPSHOT.jar:?]
	at org.apache.hadoop.ozone.om.OzoneManager.getFileStatus(OzoneManager.java:3530) ~[ozone-manager-1.4.0-SNAPSHOT.jar:?]
	at org.apache.hadoop.ozone.protocolPB.OzoneManagerRequestHandler.getOzoneFileStatus(OzoneManagerRequestHandler.java:971) ~[ozone-manager-1.4.0-SNAPSHOT.jar:?]
	at org.apache.hadoop.ozone.protocolPB.OzoneManagerRequestHandler.handleReadRequest(OzoneManagerRequestHandler.java:250) ~[ozone-manager-1.4.0-SNAPSHOT.jar:?]
	at org.apache.hadoop.ozone.protocolPB.OzoneManagerProtocolServerSideTranslatorPB.submitReadRequestToOM(OzoneManagerProtocolServerSideTranslatorPB.java:225) ~[ozone-manager-1.4.0-SNAPSHOT.jar:?]
	at org.apache.hadoop.ozone.protocolPB.OzoneManagerProtocolServerSideTranslatorPB.processRequest(OzoneManagerProtocolServerSideTranslatorPB.java:179) ~[ozone-manager-1.4.0-SNAPSHOT.jar:?]
	at org.apache.hadoop.hdds.server.OzoneProtocolMessageDispatcher.processRequest(OzoneProtocolMessageDispatcher.java:87) [hdds-server-framework-1.4.0-SNAPSHOT.jar:?]
	at org.apache.hadoop.ozone.protocolPB.OzoneManagerProtocolServerSideTranslatorPB.submitRequest(OzoneManagerProtocolServerSideTranslatorPB.java:148) [ozone-manager-1.4.0-SNAPSHOT.jar:?]
	at org.apache.hadoop.ozone.protocol.proto.OzoneManagerProtocolProtos$OzoneManagerService$2.callBlockingMethod(OzoneManagerProtocolProtos.java) [ozone-interface-client-1.4.0-SNAPSHOT.jar:?]
	at org.apache.hadoop.ipc.ProtobufRpcEngine$Server.processCall(ProtobufRpcEngine.java:484) [hadoop-common-3.3.6.jar:?]
	at org.apache.hadoop.ipc.ProtobufRpcEngine2$Server$ProtoBufRpcInvoker.call(ProtobufRpcEngine2.java:595) [hadoop-common-3.3.6.jar:?]
	at org.apache.hadoop.ipc.ProtobufRpcEngine2$Server$ProtoBufRpcInvoker.call(ProtobufRpcEngine2.java:573) [hadoop-common-3.3.6.jar:?]
	at org.apache.hadoop.ipc.RPC$Server.call(RPC.java:1227) [hadoop-common-3.3.6.jar:?]
	at org.apache.hadoop.ipc.Server$RpcCall.run(Server.java:1094) [hadoop-common-3.3.6.jar:?]
	at org.apache.hadoop.ipc.Server$RpcCall.run(Server.java:1017) [hadoop-common-3.3.6.jar:?]
	at java.security.AccessController.doPrivileged(Native Method) ~[?:1.8.0_382]
	at javax.security.auth.Subject.doAs(Subject.java:422) [?:1.8.0_382]
	at org.apache.hadoop.security.UserGroupInformation.doAs(UserGroupInformation.java:1899) [hadoop-common-3.3.6.jar:?]
	at org.apache.hadoop.ipc.Server$Handler.run(Server.java:3048) [hadoop-common-3.3.6.jar:?]
08:55:41.474 [IPC Server handler 17 on default port 15110] ERROR OMAudit - user=runner | ip=127.0.0.1 | op=GET_FILE_STATUS {volume=volume76246, bucket=bucket29151, key=testBatchDelete/parent/child5, dataSize=0, replicationConfig=null} | ret=FAILURE
org.apache.hadoop.ozone.om.exceptions.OMException: Unable to get file status: volume: volume76246 bucket: bucket29151 key: testBatchDelete/parent/child5
	at org.apache.hadoop.ozone.om.KeyManagerImpl.getOzoneFileStatus(KeyManagerImpl.java:1195) ~[ozone-manager-1.4.0-SNAPSHOT.jar:?]
	at org.apache.hadoop.ozone.om.KeyManagerImpl.getFileStatus(KeyManagerImpl.java:1113) ~[ozone-manager-1.4.0-SNAPSHOT.jar:?]
	at org.apache.hadoop.ozone.om.OmMetadataReader.getFileStatus(OmMetadataReader.java:262) ~[ozone-manager-1.4.0-SNAPSHOT.jar:?]
	at org.apache.hadoop.ozone.om.OzoneManager.getFileStatus(OzoneManager.java:3530) ~[ozone-manager-1.4.0-SNAPSHOT.jar:?]
	at org.apache.hadoop.ozone.protocolPB.OzoneManagerRequestHandler.getOzoneFileStatus(OzoneManagerRequestHandler.java:971) ~[ozone-manager-1.4.0-SNAPSHOT.jar:?]
	at org.apache.hadoop.ozone.protocolPB.OzoneManagerRequestHandler.handleReadRequest(OzoneManagerRequestHandler.java:250) ~[ozone-manager-1.4.0-SNAPSHOT.jar:?]
	at org.apache.hadoop.ozone.protocolPB.OzoneManagerProtocolServerSideTranslatorPB.submitReadRequestToOM(OzoneManagerProtocolServerSideTranslatorPB.java:225) ~[ozone-manager-1.4.0-SNAPSHOT.jar:?]
	at org.apache.hadoop.ozone.protocolPB.OzoneManagerProtocolServerSideTranslatorPB.processRequest(OzoneManagerProtocolServerSideTranslatorPB.java:179) ~[ozone-manager-1.4.0-SNAPSHOT.jar:?]
	at org.apache.hadoop.hdds.server.OzoneProtocolMessageDispatcher.processRequest(OzoneProtocolMessageDispatcher.java:87) [hdds-server-framework-1.4.0-SNAPSHOT.jar:?]
	at org.apache.hadoop.ozone.protocolPB.OzoneManagerProtocolServerSideTranslatorPB.submitRequest(OzoneManagerProtocolServerSideTranslatorPB.java:148) [ozone-manager-1.4.0-SNAPSHOT.jar:?]
	at org.apache.hadoop.ozone.protocol.proto.OzoneManagerProtocolProtos$OzoneManagerService$2.callBlockingMethod(OzoneManagerProtocolProtos.java) [ozone-interface-client-1.4.0-SNAPSHOT.jar:?]
	at org.apache.hadoop.ipc.ProtobufRpcEngine$Server.processCall(ProtobufRpcEngine.java:484) [hadoop-common-3.3.6.jar:?]
	at org.apache.hadoop.ipc.ProtobufRpcEngine2$Server$ProtoBufRpcInvoker.call(ProtobufRpcEngine2.java:595) [hadoop-common-3.3.6.jar:?]
	at org.apache.hadoop.ipc.ProtobufRpcEngine2$Server$ProtoBufRpcInvoker.call(ProtobufRpcEngine2.java:573) [hadoop-common-3.3.6.jar:?]
	at org.apache.hadoop.ipc.RPC$Server.call(RPC.java:1227) [hadoop-common-3.3.6.jar:?]
	at org.apache.hadoop.ipc.Server$RpcCall.run(Server.java:1094) [hadoop-common-3.3.6.jar:?]
	at org.apache.hadoop.ipc.Server$RpcCall.run(Server.java:1017) [hadoop-common-3.3.6.jar:?]
	at java.security.AccessController.doPrivileged(Native Method) ~[?:1.8.0_382]
	at javax.security.auth.Subject.doAs(Subject.java:422) [?:1.8.0_382]
	at org.apache.hadoop.security.UserGroupInformation.doAs(UserGroupInformation.java:1899) [hadoop-common-3.3.6.jar:?]
	at org.apache.hadoop.ipc.Server$Handler.run(Server.java:3048) [hadoop-common-3.3.6.jar:?]
08:55:41.475 [IPC Server handler 7 on default port 15110] ERROR OMAudit - user=runner | ip=127.0.0.1 | op=GET_FILE_STATUS {volume=volume76246, bucket=bucket29151, key=testBatchDelete/parent/childFolder/child5, dataSize=0, replicationConfig=null} | ret=FAILURE
org.apache.hadoop.ozone.om.exceptions.OMException: Unable to get file status: volume: volume76246 bucket: bucket29151 key: testBatchDelete/parent/childFolder/child5
	at org.apache.hadoop.ozone.om.KeyManagerImpl.getOzoneFileStatus(KeyManagerImpl.java:1195) ~[ozone-manager-1.4.0-SNAPSHOT.jar:?]
	at org.apache.hadoop.ozone.om.KeyManagerImpl.getFileStatus(KeyManagerImpl.java:1113) ~[ozone-manager-1.4.0-SNAPSHOT.jar:?]
	at org.apache.hadoop.ozone.om.OmMetadataReader.getFileStatus(OmMetadataReader.java:262) ~[ozone-manager-1.4.0-SNAPSHOT.jar:?]
	at org.apache.hadoop.ozone.om.OzoneManager.getFileStatus(OzoneManager.java:3530) ~[ozone-manager-1.4.0-SNAPSHOT.jar:?]
	at org.apache.hadoop.ozone.protocolPB.OzoneManagerRequestHandler.getOzoneFileStatus(OzoneManagerRequestHandler.java:971) ~[ozone-manager-1.4.0-SNAPSHOT.jar:?]
	at org.apache.hadoop.ozone.protocolPB.OzoneManagerRequestHandler.handleReadRequest(OzoneManagerRequestHandler.java:250) ~[ozone-manager-1.4.0-SNAPSHOT.jar:?]
	at org.apache.hadoop.ozone.protocolPB.OzoneManagerProtocolServerSideTranslatorPB.submitReadRequestToOM(OzoneManagerProtocolServerSideTranslatorPB.java:225) ~[ozone-manager-1.4.0-SNAPSHOT.jar:?]
	at org.apache.hadoop.ozone.protocolPB.OzoneManagerProtocolServerSideTranslatorPB.processRequest(OzoneManagerProtocolServerSideTranslatorPB.java:179) ~[ozone-manager-1.4.0-SNAPSHOT.jar:?]
	at org.apache.hadoop.hdds.server.OzoneProtocolMessageDispatcher.processRequest(OzoneProtocolMessageDispatcher.java:87) [hdds-server-framework-1.4.0-SNAPSHOT.jar:?]
	at org.apache.hadoop.ozone.protocolPB.OzoneManagerProtocolServerSideTranslatorPB.submitRequest(OzoneManagerProtocolServerSideTranslatorPB.java:148) [ozone-manager-1.4.0-SNAPSHOT.jar:?]
	at org.apache.hadoop.ozone.protocol.proto.OzoneManagerProtocolProtos$OzoneManagerService$2.callBlockingMethod(OzoneManagerProtocolProtos.java) [ozone-interface-client-1.4.0-SNAPSHOT.jar:?]
	at org.apache.hadoop.ipc.ProtobufRpcEngine$Server.processCall(ProtobufRpcEngine.java:484) [hadoop-common-3.3.6.jar:?]
	at org.apache.hadoop.ipc.ProtobufRpcEngine2$Server$ProtoBufRpcInvoker.call(ProtobufRpcEngine2.java:595) [hadoop-common-3.3.6.jar:?]
	at org.apache.hadoop.ipc.ProtobufRpcEngine2$Server$ProtoBufRpcInvoker.call(ProtobufRpcEngine2.java:573) [hadoop-common-3.3.6.jar:?]
	at org.apache.hadoop.ipc.RPC$Server.call(RPC.java:1227) [hadoop-common-3.3.6.jar:?]
	at org.apache.hadoop.ipc.Server$RpcCall.run(Server.java:1094) [hadoop-common-3.3.6.jar:?]
	at org.apache.hadoop.ipc.Server$RpcCall.run(Server.java:1017) [hadoop-common-3.3.6.jar:?]
	at java.security.AccessController.doPrivileged(Native Method) ~[?:1.8.0_382]
	at javax.security.auth.Subject.doAs(Subject.java:422) [?:1.8.0_382]
	at org.apache.hadoop.security.UserGroupInformation.doAs(UserGroupInformation.java:1899) [hadoop-common-3.3.6.jar:?]
	at org.apache.hadoop.ipc.Server$Handler.run(Server.java:3048) [hadoop-common-3.3.6.jar:?]
08:55:41.476 [IPC Server handler 10 on default port 15110] ERROR OMAudit - user=runner | ip=127.0.0.1 | op=GET_FILE_STATUS {volume=volume76246, bucket=bucket29151, key=testBatchDelete/parent/child6, dataSize=0, replicationConfig=null} | ret=FAILURE
org.apache.hadoop.ozone.om.exceptions.OMException: Unable to get file status: volume: volume76246 bucket: bucket29151 key: testBatchDelete/parent/child6
	at org.apache.hadoop.ozone.om.KeyManagerImpl.getOzoneFileStatus(KeyManagerImpl.java:1195) ~[ozone-manager-1.4.0-SNAPSHOT.jar:?]
	at org.apache.hadoop.ozone.om.KeyManagerImpl.getFileStatus(KeyManagerImpl.java:1113) ~[ozone-manager-1.4.0-SNAPSHOT.jar:?]
	at org.apache.hadoop.ozone.om.OmMetadataReader.getFileStatus(OmMetadataReader.java:262) ~[ozone-manager-1.4.0-SNAPSHOT.jar:?]
	at org.apache.hadoop.ozone.om.OzoneManager.getFileStatus(OzoneManager.java:3530) ~[ozone-manager-1.4.0-SNAPSHOT.jar:?]
	at org.apache.hadoop.ozone.protocolPB.OzoneManagerRequestHandler.getOzoneFileStatus(OzoneManagerRequestHandler.java:971) ~[ozone-manager-1.4.0-SNAPSHOT.jar:?]
	at org.apache.hadoop.ozone.protocolPB.OzoneManagerRequestHandler.handleReadRequest(OzoneManagerRequestHandler.java:250) ~[ozone-manager-1.4.0-SNAPSHOT.jar:?]
	at org.apache.hadoop.ozone.protocolPB.OzoneManagerProtocolServerSideTranslatorPB.submitReadRequestToOM(OzoneManagerProtocolServerSideTranslatorPB.java:225) ~[ozone-manager-1.4.0-SNAPSHOT.jar:?]
	at org.apache.hadoop.ozone.protocolPB.OzoneManagerProtocolServerSideTranslatorPB.processRequest(OzoneManagerProtocolServerSideTranslatorPB.java:179) ~[ozone-manager-1.4.0-SNAPSHOT.jar:?]
	at org.apache.hadoop.hdds.server.OzoneProtocolMessageDispatcher.processRequest(OzoneProtocolMessageDispatcher.java:87) [hdds-server-framework-1.4.0-SNAPSHOT.jar:?]
	at org.apache.hadoop.ozone.protocolPB.OzoneManagerProtocolServerSideTranslatorPB.submitRequest(OzoneManagerProtocolServerSideTranslatorPB.java:148) [ozone-manager-1.4.0-SNAPSHOT.jar:?]
	at org.apache.hadoop.ozone.protocol.proto.OzoneManagerProtocolProtos$OzoneManagerService$2.callBlockingMethod(OzoneManagerProtocolProtos.java) [ozone-interface-client-1.4.0-SNAPSHOT.jar:?]
	at org.apache.hadoop.ipc.ProtobufRpcEngine$Server.processCall(ProtobufRpcEngine.java:484) [hadoop-common-3.3.6.jar:?]
	at org.apache.hadoop.ipc.ProtobufRpcEngine2$Server$ProtoBufRpcInvoker.call(ProtobufRpcEngine2.java:595) [hadoop-common-3.3.6.jar:?]
	at org.apache.hadoop.ipc.ProtobufRpcEngine2$Server$ProtoBufRpcInvoker.call(ProtobufRpcEngine2.java:573) [hadoop-common-3.3.6.jar:?]
	at org.apache.hadoop.ipc.RPC$Server.call(RPC.java:1227) [hadoop-common-3.3.6.jar:?]
	at org.apache.hadoop.ipc.Server$RpcCall.run(Server.java:1094) [hadoop-common-3.3.6.jar:?]
	at org.apache.hadoop.ipc.Server$RpcCall.run(Server.java:1017) [hadoop-common-3.3.6.jar:?]
	at java.security.AccessController.doPrivileged(Native Method) ~[?:1.8.0_382]
	at javax.security.auth.Subject.doAs(Subject.java:422) [?:1.8.0_382]
	at org.apache.hadoop.security.UserGroupInformation.doAs(UserGroupInformation.java:1899) [hadoop-common-3.3.6.jar:?]
	at org.apache.hadoop.ipc.Server$Handler.run(Server.java:3048) [hadoop-common-3.3.6.jar:?]
08:55:41.479 [IPC Server handler 1 on default port 15110] ERROR OMAudit - user=runner | ip=127.0.0.1 | op=GET_FILE_STATUS {volume=volume76246, bucket=bucket29151, key=testBatchDelete/parent/childFolder/child6, dataSize=0, replicationConfig=null} | ret=FAILURE
org.apache.hadoop.ozone.om.exceptions.OMException: Unable to get file status: volume: volume76246 bucket: bucket29151 key: testBatchDelete/parent/childFolder/child6
	at org.apache.hadoop.ozone.om.KeyManagerImpl.getOzoneFileStatus(KeyManagerImpl.java:1195) ~[ozone-manager-1.4.0-SNAPSHOT.jar:?]
	at org.apache.hadoop.ozone.om.KeyManagerImpl.getFileStatus(KeyManagerImpl.java:1113) ~[ozone-manager-1.4.0-SNAPSHOT.jar:?]
	at org.apache.hadoop.ozone.om.OmMetadataReader.getFileStatus(OmMetadataReader.java:262) ~[ozone-manager-1.4.0-SNAPSHOT.jar:?]
	at org.apache.hadoop.ozone.om.OzoneManager.getFileStatus(OzoneManager.java:3530) ~[ozone-manager-1.4.0-SNAPSHOT.jar:?]
	at org.apache.hadoop.ozone.protocolPB.OzoneManagerRequestHandler.getOzoneFileStatus(OzoneManagerRequestHandler.java:971) ~[ozone-manager-1.4.0-SNAPSHOT.jar:?]
	at org.apache.hadoop.ozone.protocolPB.OzoneManagerRequestHandler.handleReadRequest(OzoneManagerRequestHandler.java:250) ~[ozone-manager-1.4.0-SNAPSHOT.jar:?]
	at org.apache.hadoop.ozone.protocolPB.OzoneManagerProtocolServerSideTranslatorPB.submitReadRequestToOM(OzoneManagerProtocolServerSideTranslatorPB.java:225) ~[ozone-manager-1.4.0-SNAPSHOT.jar:?]
	at org.apache.hadoop.ozone.protocolPB.OzoneManagerProtocolServerSideTranslatorPB.processRequest(OzoneManagerProtocolServerSideTranslatorPB.java:179) ~[ozone-manager-1.4.0-SNAPSHOT.jar:?]
	at org.apache.hadoop.hdds.server.OzoneProtocolMessageDispatcher.processRequest(OzoneProtocolMessageDispatcher.java:87) [hdds-server-framework-1.4.0-SNAPSHOT.jar:?]
	at org.apache.hadoop.ozone.protocolPB.OzoneManagerProtocolServerSideTranslatorPB.submitRequest(OzoneManagerProtocolServerSideTranslatorPB.java:148) [ozone-manager-1.4.0-SNAPSHOT.jar:?]
	at org.apache.hadoop.ozone.protocol.proto.OzoneManagerProtocolProtos$OzoneManagerService$2.callBlockingMethod(OzoneManagerProtocolProtos.java) [ozone-interface-client-1.4.0-SNAPSHOT.jar:?]
	at org.apache.hadoop.ipc.ProtobufRpcEngine$Server.processCall(ProtobufRpcEngine.java:484) [hadoop-common-3.3.6.jar:?]
	at org.apache.hadoop.ipc.ProtobufRpcEngine2$Server$ProtoBufRpcInvoker.call(ProtobufRpcEngine2.java:595) [hadoop-common-3.3.6.jar:?]
	at org.apache.hadoop.ipc.ProtobufRpcEngine2$Server$ProtoBufRpcInvoker.call(ProtobufRpcEngine2.java:573) [hadoop-common-3.3.6.jar:?]
	at org.apache.hadoop.ipc.RPC$Server.call(RPC.java:1227) [hadoop-common-3.3.6.jar:?]
	at org.apache.hadoop.ipc.Server$RpcCall.run(Server.java:1094) [hadoop-common-3.3.6.jar:?]
	at org.apache.hadoop.ipc.Server$RpcCall.run(Server.java:1017) [hadoop-common-3.3.6.jar:?]
	at java.security.AccessController.doPrivileged(Native Method) ~[?:1.8.0_382]
	at javax.security.auth.Subject.doAs(Subject.java:422) [?:1.8.0_382]
	at org.apache.hadoop.security.UserGroupInformation.doAs(UserGroupInformation.java:1899) [hadoop-common-3.3.6.jar:?]
	at org.apache.hadoop.ipc.Server$Handler.run(Server.java:3048) [hadoop-common-3.3.6.jar:?]
08:55:41.480 [IPC Server handler 0 on default port 15110] ERROR OMAudit - user=runner | ip=127.0.0.1 | op=GET_FILE_STATUS {volume=volume76246, bucket=bucket29151, key=testBatchDelete/parent/child7, dataSize=0, replicationConfig=null} | ret=FAILURE
org.apache.hadoop.ozone.om.exceptions.OMException: Unable to get file status: volume: volume76246 bucket: bucket29151 key: testBatchDelete/parent/child7
	at org.apache.hadoop.ozone.om.KeyManagerImpl.getOzoneFileStatus(KeyManagerImpl.java:1195) ~[ozone-manager-1.4.0-SNAPSHOT.jar:?]
	at org.apache.hadoop.ozone.om.KeyManagerImpl.getFileStatus(KeyManagerImpl.java:1113) ~[ozone-manager-1.4.0-SNAPSHOT.jar:?]
	at org.apache.hadoop.ozone.om.OmMetadataReader.getFileStatus(OmMetadataReader.java:262) ~[ozone-manager-1.4.0-SNAPSHOT.jar:?]
	at org.apache.hadoop.ozone.om.OzoneManager.getFileStatus(OzoneManager.java:3530) ~[ozone-manager-1.4.0-SNAPSHOT.jar:?]
	at org.apache.hadoop.ozone.protocolPB.OzoneManagerRequestHandler.getOzoneFileStatus(OzoneManagerRequestHandler.java:971) ~[ozone-manager-1.4.0-SNAPSHOT.jar:?]
	at org.apache.hadoop.ozone.protocolPB.OzoneManagerRequestHandler.handleReadRequest(OzoneManagerRequestHandler.java:250) ~[ozone-manager-1.4.0-SNAPSHOT.jar:?]
	at org.apache.hadoop.ozone.protocolPB.OzoneManagerProtocolServerSideTranslatorPB.submitReadRequestToOM(OzoneManagerProtocolServerSideTranslatorPB.java:225) ~[ozone-manager-1.4.0-SNAPSHOT.jar:?]
	at org.apache.hadoop.ozone.protocolPB.OzoneManagerProtocolServerSideTranslatorPB.processRequest(OzoneManagerProtocolServerSideTranslatorPB.java:179) ~[ozone-manager-1.4.0-SNAPSHOT.jar:?]
	at org.apache.hadoop.hdds.server.OzoneProtocolMessageDispatcher.processRequest(OzoneProtocolMessageDispatcher.java:87) [hdds-server-framework-1.4.0-SNAPSHOT.jar:?]
	at org.apache.hadoop.ozone.protocolPB.OzoneManagerProtocolServerSideTranslatorPB.submitRequest(OzoneManagerProtocolServerSideTranslatorPB.java:148) [ozone-manager-1.4.0-SNAPSHOT.jar:?]
	at org.apache.hadoop.ozone.protocol.proto.OzoneManagerProtocolProtos$OzoneManagerService$2.callBlockingMethod(OzoneManagerProtocolProtos.java) [ozone-interface-client-1.4.0-SNAPSHOT.jar:?]
	at org.apache.hadoop.ipc.ProtobufRpcEngine$Server.processCall(ProtobufRpcEngine.java:484) [hadoop-common-3.3.6.jar:?]
	at org.apache.hadoop.ipc.ProtobufRpcEngine2$Server$ProtoBufRpcInvoker.call(ProtobufRpcEngine2.java:595) [hadoop-common-3.3.6.jar:?]
	at org.apache.hadoop.ipc.ProtobufRpcEngine2$Server$ProtoBufRpcInvoker.call(ProtobufRpcEngine2.java:573) [hadoop-common-3.3.6.jar:?]
	at org.apache.hadoop.ipc.RPC$Server.call(RPC.java:1227) [hadoop-common-3.3.6.jar:?]
	at org.apache.hadoop.ipc.Server$RpcCall.run(Server.java:1094) [hadoop-common-3.3.6.jar:?]
	at org.apache.hadoop.ipc.Server$RpcCall.run(Server.java:1017) [hadoop-common-3.3.6.jar:?]
	at java.security.AccessController.doPrivileged(Native Method) ~[?:1.8.0_382]
	at javax.security.auth.Subject.doAs(Subject.java:422) [?:1.8.0_382]
	at org.apache.hadoop.security.UserGroupInformation.doAs(UserGroupInformation.java:1899) [hadoop-common-3.3.6.jar:?]
	at org.apache.hadoop.ipc.Server$Handler.run(Server.java:3048) [hadoop-common-3.3.6.jar:?]
08:55:41.483 [IPC Server handler 4 on default port 15110] ERROR OMAudit - user=runner | ip=127.0.0.1 | op=GET_FILE_STATUS {volume=volume76246, bucket=bucket29151, key=testBatchDelete/parent/childFolder/child7, dataSize=0, replicationConfig=null} | ret=FAILURE
org.apache.hadoop.ozone.om.exceptions.OMException: Unable to get file status: volume: volume76246 bucket: bucket29151 key: testBatchDelete/parent/childFolder/child7
	at org.apache.hadoop.ozone.om.KeyManagerImpl.getOzoneFileStatus(KeyManagerImpl.java:1195) ~[ozone-manager-1.4.0-SNAPSHOT.jar:?]
	at org.apache.hadoop.ozone.om.KeyManagerImpl.getFileStatus(KeyManagerImpl.java:1113) ~[ozone-manager-1.4.0-SNAPSHOT.jar:?]
	at org.apache.hadoop.ozone.om.OmMetadataReader.getFileStatus(OmMetadataReader.java:262) ~[ozone-manager-1.4.0-SNAPSHOT.jar:?]
	at org.apache.hadoop.ozone.om.OzoneManager.getFileStatus(OzoneManager.java:3530) ~[ozone-manager-1.4.0-SNAPSHOT.jar:?]
	at org.apache.hadoop.ozone.protocolPB.OzoneManagerRequestHandler.getOzoneFileStatus(OzoneManagerRequestHandler.java:971) ~[ozone-manager-1.4.0-SNAPSHOT.jar:?]
	at org.apache.hadoop.ozone.protocolPB.OzoneManagerRequestHandler.handleReadRequest(OzoneManagerRequestHandler.java:250) ~[ozone-manager-1.4.0-SNAPSHOT.jar:?]
	at org.apache.hadoop.ozone.protocolPB.OzoneManagerProtocolServerSideTranslatorPB.submitReadRequestToOM(OzoneManagerProtocolServerSideTranslatorPB.java:225) ~[ozone-manager-1.4.0-SNAPSHOT.jar:?]
	at org.apache.hadoop.ozone.protocolPB.OzoneManagerProtocolServerSideTranslatorPB.processRequest(OzoneManagerProtocolServerSideTranslatorPB.java:179) ~[ozone-manager-1.4.0-SNAPSHOT.jar:?]
	at org.apache.hadoop.hdds.server.OzoneProtocolMessageDispatcher.processRequest(OzoneProtocolMessageDispatcher.java:87) [hdds-server-framework-1.4.0-SNAPSHOT.jar:?]
	at org.apache.hadoop.ozone.protocolPB.OzoneManagerProtocolServerSideTranslatorPB.submitRequest(OzoneManagerProtocolServerSideTranslatorPB.java:148) [ozone-manager-1.4.0-SNAPSHOT.jar:?]
	at org.apache.hadoop.ozone.protocol.proto.OzoneManagerProtocolProtos$OzoneManagerService$2.callBlockingMethod(OzoneManagerProtocolProtos.java) [ozone-interface-client-1.4.0-SNAPSHOT.jar:?]
	at org.apache.hadoop.ipc.ProtobufRpcEngine$Server.processCall(ProtobufRpcEngine.java:484) [hadoop-common-3.3.6.jar:?]
	at org.apache.hadoop.ipc.ProtobufRpcEngine2$Server$ProtoBufRpcInvoker.call(ProtobufRpcEngine2.java:595) [hadoop-common-3.3.6.jar:?]
	at org.apache.hadoop.ipc.ProtobufRpcEngine2$Server$ProtoBufRpcInvoker.call(ProtobufRpcEngine2.java:573) [hadoop-common-3.3.6.jar:?]
	at org.apache.hadoop.ipc.RPC$Server.call(RPC.java:1227) [hadoop-common-3.3.6.jar:?]
	at org.apache.hadoop.ipc.Server$RpcCall.run(Server.java:1094) [hadoop-common-3.3.6.jar:?]
	at org.apache.hadoop.ipc.Server$RpcCall.run(Server.java:1017) [hadoop-common-3.3.6.jar:?]
	at java.security.AccessController.doPrivileged(Native Method) ~[?:1.8.0_382]
	at javax.security.auth.Subject.doAs(Subject.java:422) [?:1.8.0_382]
	at org.apache.hadoop.security.UserGroupInformation.doAs(UserGroupInformation.java:1899) [hadoop-common-3.3.6.jar:?]
	at org.apache.hadoop.ipc.Server$Handler.run(Server.java:3048) [hadoop-common-3.3.6.jar:?]
08:55:41.484 [IPC Server handler 11 on default port 15110] ERROR OMAudit - user=runner | ip=127.0.0.1 | op=GET_FILE_STATUS {volume=volume76246, bucket=bucket29151, key=testBatchDelete/parent, dataSize=0, replicationConfig=null} | ret=FAILURE
org.apache.hadoop.ozone.om.exceptions.OMException: Unable to get file status: volume: volume76246 bucket: bucket29151 key: testBatchDelete/parent
	at org.apache.hadoop.ozone.om.KeyManagerImpl.getOzoneFileStatus(KeyManagerImpl.java:1195) ~[ozone-manager-1.4.0-SNAPSHOT.jar:?]
	at org.apache.hadoop.ozone.om.KeyManagerImpl.getFileStatus(KeyManagerImpl.java:1113) ~[ozone-manager-1.4.0-SNAPSHOT.jar:?]
	at org.apache.hadoop.ozone.om.OmMetadataReader.getFileStatus(OmMetadataReader.java:262) ~[ozone-manager-1.4.0-SNAPSHOT.jar:?]
	at org.apache.hadoop.ozone.om.OzoneManager.getFileStatus(OzoneManager.java:3530) ~[ozone-manager-1.4.0-SNAPSHOT.jar:?]
	at org.apache.hadoop.ozone.protocolPB.OzoneManagerRequestHandler.getOzoneFileStatus(OzoneManagerRequestHandler.java:971) ~[ozone-manager-1.4.0-SNAPSHOT.jar:?]
	at org.apache.hadoop.ozone.protocolPB.OzoneManagerRequestHandler.handleReadRequest(OzoneManagerRequestHandler.java:250) ~[ozone-manager-1.4.0-SNAPSHOT.jar:?]
	at org.apache.hadoop.ozone.protocolPB.OzoneManagerProtocolServerSideTranslatorPB.submitReadRequestToOM(OzoneManagerProtocolServerSideTranslatorPB.java:225) ~[ozone-manager-1.4.0-SNAPSHOT.jar:?]
	at org.apache.hadoop.ozone.protocolPB.OzoneManagerProtocolServerSideTranslatorPB.processRequest(OzoneManagerProtocolServerSideTranslatorPB.java:179) ~[ozone-manager-1.4.0-SNAPSHOT.jar:?]
	at org.apache.hadoop.hdds.server.OzoneProtocolMessageDispatcher.processRequest(OzoneProtocolMessageDispatcher.java:87) [hdds-server-framework-1.4.0-SNAPSHOT.jar:?]
	at org.apache.hadoop.ozone.protocolPB.OzoneManagerProtocolServerSideTranslatorPB.submitRequest(OzoneManagerProtocolServerSideTranslatorPB.java:148) [ozone-manager-1.4.0-SNAPSHOT.jar:?]
	at org.apache.hadoop.ozone.protocol.proto.OzoneManagerProtocolProtos$OzoneManagerService$2.callBlockingMethod(OzoneManagerProtocolProtos.java) [ozone-interface-client-1.4.0-SNAPSHOT.jar:?]
	at org.apache.hadoop.ipc.ProtobufRpcEngine$Server.processCall(ProtobufRpcEngine.java:484) [hadoop-common-3.3.6.jar:?]
	at org.apache.hadoop.ipc.ProtobufRpcEngine2$Server$ProtoBufRpcInvoker.call(ProtobufRpcEngine2.java:595) [hadoop-common-3.3.6.jar:?]
	at org.apache.hadoop.ipc.ProtobufRpcEngine2$Server$ProtoBufRpcInvoker.call(ProtobufRpcEngine2.java:573) [hadoop-common-3.3.6.jar:?]
	at org.apache.hadoop.ipc.RPC$Server.call(RPC.java:1227) [hadoop-common-3.3.6.jar:?]
	at org.apache.hadoop.ipc.Server$RpcCall.run(Server.java:1094) [hadoop-common-3.3.6.jar:?]
	at org.apache.hadoop.ipc.Server$RpcCall.run(Server.java:1017) [hadoop-common-3.3.6.jar:?]
	at java.security.AccessController.doPrivileged(Native Method) ~[?:1.8.0_382]
	at javax.security.auth.Subject.doAs(Subject.java:422) [?:1.8.0_382]
	at org.apache.hadoop.security.UserGroupInformation.doAs(UserGroupInformation.java:1899) [hadoop-common-3.3.6.jar:?]
	at org.apache.hadoop.ipc.Server$Handler.run(Server.java:3048) [hadoop-common-3.3.6.jar:?]
2023-09-07 08:55:41,484 [Time-limited test] WARN  ozone.BasicOzoneFileSystem (BasicOzoneFileSystem.java:delete(595)) - delete: Path does not exist: /testBatchDelete/parent
]]></system-out>
  </testcase>
  <testcase name="testFileDelete" classname="TestOzoneFileSystem" time="0.138">
    <system-out><![CDATA[08:57:18.748 [IPC Server handler 2 on default port 15163] ERROR OMAudit - user=runner | ip=127.0.0.1 | op=GET_FILE_STATUS {volume=volume04563, bucket=bucket31706, key=testBatchDelete, dataSize=0, replicationConfig=null} | ret=FAILURE
org.apache.hadoop.ozone.om.exceptions.OMException: Unable to get file status: volume: volume04563 bucket: bucket31706 key: testBatchDelete
	at org.apache.hadoop.ozone.om.KeyManagerImpl.getOzoneFileStatus(KeyManagerImpl.java:1195) ~[ozone-manager-1.4.0-SNAPSHOT.jar:?]
	at org.apache.hadoop.ozone.om.KeyManagerImpl.getFileStatus(KeyManagerImpl.java:1113) ~[ozone-manager-1.4.0-SNAPSHOT.jar:?]
	at org.apache.hadoop.ozone.om.OmMetadataReader.getFileStatus(OmMetadataReader.java:262) ~[ozone-manager-1.4.0-SNAPSHOT.jar:?]
	at org.apache.hadoop.ozone.om.OzoneManager.getFileStatus(OzoneManager.java:3530) ~[ozone-manager-1.4.0-SNAPSHOT.jar:?]
	at org.apache.hadoop.ozone.protocolPB.OzoneManagerRequestHandler.getOzoneFileStatus(OzoneManagerRequestHandler.java:971) ~[ozone-manager-1.4.0-SNAPSHOT.jar:?]
	at org.apache.hadoop.ozone.protocolPB.OzoneManagerRequestHandler.handleReadRequest(OzoneManagerRequestHandler.java:250) ~[ozone-manager-1.4.0-SNAPSHOT.jar:?]
	at org.apache.hadoop.ozone.protocolPB.OzoneManagerProtocolServerSideTranslatorPB.submitRequestDirectlyToOM(OzoneManagerProtocolServerSideTranslatorPB.java:274) ~[ozone-manager-1.4.0-SNAPSHOT.jar:?]
	at org.apache.hadoop.ozone.protocolPB.OzoneManagerProtocolServerSideTranslatorPB.processRequest(OzoneManagerProtocolServerSideTranslatorPB.java:175) ~[ozone-manager-1.4.0-SNAPSHOT.jar:?]
	at org.apache.hadoop.hdds.server.OzoneProtocolMessageDispatcher.processRequest(OzoneProtocolMessageDispatcher.java:87) [hdds-server-framework-1.4.0-SNAPSHOT.jar:?]
	at org.apache.hadoop.ozone.protocolPB.OzoneManagerProtocolServerSideTranslatorPB.submitRequest(OzoneManagerProtocolServerSideTranslatorPB.java:148) [ozone-manager-1.4.0-SNAPSHOT.jar:?]
	at org.apache.hadoop.ozone.protocol.proto.OzoneManagerProtocolProtos$OzoneManagerService$2.callBlockingMethod(OzoneManagerProtocolProtos.java) [ozone-interface-client-1.4.0-SNAPSHOT.jar:?]
	at org.apache.hadoop.ipc.ProtobufRpcEngine$Server.processCall(ProtobufRpcEngine.java:484) [hadoop-common-3.3.6.jar:?]
	at org.apache.hadoop.ipc.ProtobufRpcEngine2$Server$ProtoBufRpcInvoker.call(ProtobufRpcEngine2.java:595) [hadoop-common-3.3.6.jar:?]
	at org.apache.hadoop.ipc.ProtobufRpcEngine2$Server$ProtoBufRpcInvoker.call(ProtobufRpcEngine2.java:573) [hadoop-common-3.3.6.jar:?]
	at org.apache.hadoop.ipc.RPC$Server.call(RPC.java:1227) [hadoop-common-3.3.6.jar:?]
	at org.apache.hadoop.ipc.Server$RpcCall.run(Server.java:1094) [hadoop-common-3.3.6.jar:?]
	at org.apache.hadoop.ipc.Server$RpcCall.run(Server.java:1017) [hadoop-common-3.3.6.jar:?]
	at java.security.AccessController.doPrivileged(Native Method) ~[?:1.8.0_382]
	at javax.security.auth.Subject.doAs(Subject.java:422) [?:1.8.0_382]
	at org.apache.hadoop.security.UserGroupInformation.doAs(UserGroupInformation.java:1899) [hadoop-common-3.3.6.jar:?]
	at org.apache.hadoop.ipc.Server$Handler.run(Server.java:3048) [hadoop-common-3.3.6.jar:?]
08:57:18.750 [IPC Server handler 10 on default port 15163] ERROR OMAudit - user=runner | ip=127.0.0.1 | op=GET_FILE_STATUS {volume=volume04563, bucket=bucket31706, key=testBatchDelete/parent/child0, dataSize=0, replicationConfig=null} | ret=FAILURE
org.apache.hadoop.ozone.om.exceptions.OMException: Unable to get file status: volume: volume04563 bucket: bucket31706 key: testBatchDelete/parent/child0
	at org.apache.hadoop.ozone.om.KeyManagerImpl.getOzoneFileStatus(KeyManagerImpl.java:1195) ~[ozone-manager-1.4.0-SNAPSHOT.jar:?]
	at org.apache.hadoop.ozone.om.KeyManagerImpl.getFileStatus(KeyManagerImpl.java:1113) ~[ozone-manager-1.4.0-SNAPSHOT.jar:?]
	at org.apache.hadoop.ozone.om.OmMetadataReader.getFileStatus(OmMetadataReader.java:262) ~[ozone-manager-1.4.0-SNAPSHOT.jar:?]
	at org.apache.hadoop.ozone.om.OzoneManager.getFileStatus(OzoneManager.java:3530) ~[ozone-manager-1.4.0-SNAPSHOT.jar:?]
	at org.apache.hadoop.ozone.protocolPB.OzoneManagerRequestHandler.getOzoneFileStatus(OzoneManagerRequestHandler.java:971) ~[ozone-manager-1.4.0-SNAPSHOT.jar:?]
	at org.apache.hadoop.ozone.protocolPB.OzoneManagerRequestHandler.handleReadRequest(OzoneManagerRequestHandler.java:250) ~[ozone-manager-1.4.0-SNAPSHOT.jar:?]
	at org.apache.hadoop.ozone.protocolPB.OzoneManagerProtocolServerSideTranslatorPB.submitRequestDirectlyToOM(OzoneManagerProtocolServerSideTranslatorPB.java:274) ~[ozone-manager-1.4.0-SNAPSHOT.jar:?]
	at org.apache.hadoop.ozone.protocolPB.OzoneManagerProtocolServerSideTranslatorPB.processRequest(OzoneManagerProtocolServerSideTranslatorPB.java:175) ~[ozone-manager-1.4.0-SNAPSHOT.jar:?]
	at org.apache.hadoop.hdds.server.OzoneProtocolMessageDispatcher.processRequest(OzoneProtocolMessageDispatcher.java:87) [hdds-server-framework-1.4.0-SNAPSHOT.jar:?]
	at org.apache.hadoop.ozone.protocolPB.OzoneManagerProtocolServerSideTranslatorPB.submitRequest(OzoneManagerProtocolServerSideTranslatorPB.java:148) [ozone-manager-1.4.0-SNAPSHOT.jar:?]
	at org.apache.hadoop.ozone.protocol.proto.OzoneManagerProtocolProtos$OzoneManagerService$2.callBlockingMethod(OzoneManagerProtocolProtos.java) [ozone-interface-client-1.4.0-SNAPSHOT.jar:?]
	at org.apache.hadoop.ipc.ProtobufRpcEngine$Server.processCall(ProtobufRpcEngine.java:484) [hadoop-common-3.3.6.jar:?]
	at org.apache.hadoop.ipc.ProtobufRpcEngine2$Server$ProtoBufRpcInvoker.call(ProtobufRpcEngine2.java:595) [hadoop-common-3.3.6.jar:?]
	at org.apache.hadoop.ipc.ProtobufRpcEngine2$Server$ProtoBufRpcInvoker.call(ProtobufRpcEngine2.java:573) [hadoop-common-3.3.6.jar:?]
	at org.apache.hadoop.ipc.RPC$Server.call(RPC.java:1227) [hadoop-common-3.3.6.jar:?]
	at org.apache.hadoop.ipc.Server$RpcCall.run(Server.java:1094) [hadoop-common-3.3.6.jar:?]
	at org.apache.hadoop.ipc.Server$RpcCall.run(Server.java:1017) [hadoop-common-3.3.6.jar:?]
	at java.security.AccessController.doPrivileged(Native Method) ~[?:1.8.0_382]
	at javax.security.auth.Subject.doAs(Subject.java:422) [?:1.8.0_382]
	at org.apache.hadoop.security.UserGroupInformation.doAs(UserGroupInformation.java:1899) [hadoop-common-3.3.6.jar:?]
	at org.apache.hadoop.ipc.Server$Handler.run(Server.java:3048) [hadoop-common-3.3.6.jar:?]
08:57:18.752 [IPC Server handler 5 on default port 15163] ERROR OMAudit - user=runner | ip=127.0.0.1 | op=GET_FILE_STATUS {volume=volume04563, bucket=bucket31706, key=testBatchDelete/parent/childFolder/child0, dataSize=0, replicationConfig=null} | ret=FAILURE
org.apache.hadoop.ozone.om.exceptions.OMException: Unable to get file status: volume: volume04563 bucket: bucket31706 key: testBatchDelete/parent/childFolder/child0
	at org.apache.hadoop.ozone.om.KeyManagerImpl.getOzoneFileStatus(KeyManagerImpl.java:1195) ~[ozone-manager-1.4.0-SNAPSHOT.jar:?]
	at org.apache.hadoop.ozone.om.KeyManagerImpl.getFileStatus(KeyManagerImpl.java:1113) ~[ozone-manager-1.4.0-SNAPSHOT.jar:?]
	at org.apache.hadoop.ozone.om.OmMetadataReader.getFileStatus(OmMetadataReader.java:262) ~[ozone-manager-1.4.0-SNAPSHOT.jar:?]
	at org.apache.hadoop.ozone.om.OzoneManager.getFileStatus(OzoneManager.java:3530) ~[ozone-manager-1.4.0-SNAPSHOT.jar:?]
	at org.apache.hadoop.ozone.protocolPB.OzoneManagerRequestHandler.getOzoneFileStatus(OzoneManagerRequestHandler.java:971) ~[ozone-manager-1.4.0-SNAPSHOT.jar:?]
	at org.apache.hadoop.ozone.protocolPB.OzoneManagerRequestHandler.handleReadRequest(OzoneManagerRequestHandler.java:250) ~[ozone-manager-1.4.0-SNAPSHOT.jar:?]
	at org.apache.hadoop.ozone.protocolPB.OzoneManagerProtocolServerSideTranslatorPB.submitRequestDirectlyToOM(OzoneManagerProtocolServerSideTranslatorPB.java:274) ~[ozone-manager-1.4.0-SNAPSHOT.jar:?]
	at org.apache.hadoop.ozone.protocolPB.OzoneManagerProtocolServerSideTranslatorPB.processRequest(OzoneManagerProtocolServerSideTranslatorPB.java:175) ~[ozone-manager-1.4.0-SNAPSHOT.jar:?]
	at org.apache.hadoop.hdds.server.OzoneProtocolMessageDispatcher.processRequest(OzoneProtocolMessageDispatcher.java:87) [hdds-server-framework-1.4.0-SNAPSHOT.jar:?]
	at org.apache.hadoop.ozone.protocolPB.OzoneManagerProtocolServerSideTranslatorPB.submitRequest(OzoneManagerProtocolServerSideTranslatorPB.java:148) [ozone-manager-1.4.0-SNAPSHOT.jar:?]
	at org.apache.hadoop.ozone.protocol.proto.OzoneManagerProtocolProtos$OzoneManagerService$2.callBlockingMethod(OzoneManagerProtocolProtos.java) [ozone-interface-client-1.4.0-SNAPSHOT.jar:?]
	at org.apache.hadoop.ipc.ProtobufRpcEngine$Server.processCall(ProtobufRpcEngine.java:484) [hadoop-common-3.3.6.jar:?]
	at org.apache.hadoop.ipc.ProtobufRpcEngine2$Server$ProtoBufRpcInvoker.call(ProtobufRpcEngine2.java:595) [hadoop-common-3.3.6.jar:?]
	at org.apache.hadoop.ipc.ProtobufRpcEngine2$Server$ProtoBufRpcInvoker.call(ProtobufRpcEngine2.java:573) [hadoop-common-3.3.6.jar:?]
	at org.apache.hadoop.ipc.RPC$Server.call(RPC.java:1227) [hadoop-common-3.3.6.jar:?]
	at org.apache.hadoop.ipc.Server$RpcCall.run(Server.java:1094) [hadoop-common-3.3.6.jar:?]
	at org.apache.hadoop.ipc.Server$RpcCall.run(Server.java:1017) [hadoop-common-3.3.6.jar:?]
	at java.security.AccessController.doPrivileged(Native Method) ~[?:1.8.0_382]
	at javax.security.auth.Subject.doAs(Subject.java:422) [?:1.8.0_382]
	at org.apache.hadoop.security.UserGroupInformation.doAs(UserGroupInformation.java:1899) [hadoop-common-3.3.6.jar:?]
	at org.apache.hadoop.ipc.Server$Handler.run(Server.java:3048) [hadoop-common-3.3.6.jar:?]
08:57:18.754 [IPC Server handler 3 on default port 15163] ERROR OMAudit - user=runner | ip=127.0.0.1 | op=GET_FILE_STATUS {volume=volume04563, bucket=bucket31706, key=testBatchDelete/parent/child1, dataSize=0, replicationConfig=null} | ret=FAILURE
org.apache.hadoop.ozone.om.exceptions.OMException: Unable to get file status: volume: volume04563 bucket: bucket31706 key: testBatchDelete/parent/child1
	at org.apache.hadoop.ozone.om.KeyManagerImpl.getOzoneFileStatus(KeyManagerImpl.java:1195) ~[ozone-manager-1.4.0-SNAPSHOT.jar:?]
	at org.apache.hadoop.ozone.om.KeyManagerImpl.getFileStatus(KeyManagerImpl.java:1113) ~[ozone-manager-1.4.0-SNAPSHOT.jar:?]
	at org.apache.hadoop.ozone.om.OmMetadataReader.getFileStatus(OmMetadataReader.java:262) ~[ozone-manager-1.4.0-SNAPSHOT.jar:?]
	at org.apache.hadoop.ozone.om.OzoneManager.getFileStatus(OzoneManager.java:3530) ~[ozone-manager-1.4.0-SNAPSHOT.jar:?]
	at org.apache.hadoop.ozone.protocolPB.OzoneManagerRequestHandler.getOzoneFileStatus(OzoneManagerRequestHandler.java:971) ~[ozone-manager-1.4.0-SNAPSHOT.jar:?]
	at org.apache.hadoop.ozone.protocolPB.OzoneManagerRequestHandler.handleReadRequest(OzoneManagerRequestHandler.java:250) ~[ozone-manager-1.4.0-SNAPSHOT.jar:?]
	at org.apache.hadoop.ozone.protocolPB.OzoneManagerProtocolServerSideTranslatorPB.submitRequestDirectlyToOM(OzoneManagerProtocolServerSideTranslatorPB.java:274) ~[ozone-manager-1.4.0-SNAPSHOT.jar:?]
	at org.apache.hadoop.ozone.protocolPB.OzoneManagerProtocolServerSideTranslatorPB.processRequest(OzoneManagerProtocolServerSideTranslatorPB.java:175) ~[ozone-manager-1.4.0-SNAPSHOT.jar:?]
	at org.apache.hadoop.hdds.server.OzoneProtocolMessageDispatcher.processRequest(OzoneProtocolMessageDispatcher.java:87) [hdds-server-framework-1.4.0-SNAPSHOT.jar:?]
	at org.apache.hadoop.ozone.protocolPB.OzoneManagerProtocolServerSideTranslatorPB.submitRequest(OzoneManagerProtocolServerSideTranslatorPB.java:148) [ozone-manager-1.4.0-SNAPSHOT.jar:?]
	at org.apache.hadoop.ozone.protocol.proto.OzoneManagerProtocolProtos$OzoneManagerService$2.callBlockingMethod(OzoneManagerProtocolProtos.java) [ozone-interface-client-1.4.0-SNAPSHOT.jar:?]
	at org.apache.hadoop.ipc.ProtobufRpcEngine$Server.processCall(ProtobufRpcEngine.java:484) [hadoop-common-3.3.6.jar:?]
	at org.apache.hadoop.ipc.ProtobufRpcEngine2$Server$ProtoBufRpcInvoker.call(ProtobufRpcEngine2.java:595) [hadoop-common-3.3.6.jar:?]
	at org.apache.hadoop.ipc.ProtobufRpcEngine2$Server$ProtoBufRpcInvoker.call(ProtobufRpcEngine2.java:573) [hadoop-common-3.3.6.jar:?]
	at org.apache.hadoop.ipc.RPC$Server.call(RPC.java:1227) [hadoop-common-3.3.6.jar:?]
	at org.apache.hadoop.ipc.Server$RpcCall.run(Server.java:1094) [hadoop-common-3.3.6.jar:?]
	at org.apache.hadoop.ipc.Server$RpcCall.run(Server.java:1017) [hadoop-common-3.3.6.jar:?]
	at java.security.AccessController.doPrivileged(Native Method) ~[?:1.8.0_382]
	at javax.security.auth.Subject.doAs(Subject.java:422) [?:1.8.0_382]
	at org.apache.hadoop.security.UserGroupInformation.doAs(UserGroupInformation.java:1899) [hadoop-common-3.3.6.jar:?]
	at org.apache.hadoop.ipc.Server$Handler.run(Server.java:3048) [hadoop-common-3.3.6.jar:?]
08:57:18.759 [IPC Server handler 12 on default port 15163] ERROR OMAudit - user=runner | ip=127.0.0.1 | op=GET_FILE_STATUS {volume=volume04563, bucket=bucket31706, key=testBatchDelete/parent/childFolder/child1, dataSize=0, replicationConfig=null} | ret=FAILURE
org.apache.hadoop.ozone.om.exceptions.OMException: Unable to get file status: volume: volume04563 bucket: bucket31706 key: testBatchDelete/parent/childFolder/child1
	at org.apache.hadoop.ozone.om.KeyManagerImpl.getOzoneFileStatus(KeyManagerImpl.java:1195) ~[ozone-manager-1.4.0-SNAPSHOT.jar:?]
	at org.apache.hadoop.ozone.om.KeyManagerImpl.getFileStatus(KeyManagerImpl.java:1113) ~[ozone-manager-1.4.0-SNAPSHOT.jar:?]
	at org.apache.hadoop.ozone.om.OmMetadataReader.getFileStatus(OmMetadataReader.java:262) ~[ozone-manager-1.4.0-SNAPSHOT.jar:?]
	at org.apache.hadoop.ozone.om.OzoneManager.getFileStatus(OzoneManager.java:3530) ~[ozone-manager-1.4.0-SNAPSHOT.jar:?]
	at org.apache.hadoop.ozone.protocolPB.OzoneManagerRequestHandler.getOzoneFileStatus(OzoneManagerRequestHandler.java:971) ~[ozone-manager-1.4.0-SNAPSHOT.jar:?]
	at org.apache.hadoop.ozone.protocolPB.OzoneManagerRequestHandler.handleReadRequest(OzoneManagerRequestHandler.java:250) ~[ozone-manager-1.4.0-SNAPSHOT.jar:?]
	at org.apache.hadoop.ozone.protocolPB.OzoneManagerProtocolServerSideTranslatorPB.submitRequestDirectlyToOM(OzoneManagerProtocolServerSideTranslatorPB.java:274) ~[ozone-manager-1.4.0-SNAPSHOT.jar:?]
	at org.apache.hadoop.ozone.protocolPB.OzoneManagerProtocolServerSideTranslatorPB.processRequest(OzoneManagerProtocolServerSideTranslatorPB.java:175) ~[ozone-manager-1.4.0-SNAPSHOT.jar:?]
	at org.apache.hadoop.hdds.server.OzoneProtocolMessageDispatcher.processRequest(OzoneProtocolMessageDispatcher.java:87) [hdds-server-framework-1.4.0-SNAPSHOT.jar:?]
	at org.apache.hadoop.ozone.protocolPB.OzoneManagerProtocolServerSideTranslatorPB.submitRequest(OzoneManagerProtocolServerSideTranslatorPB.java:148) [ozone-manager-1.4.0-SNAPSHOT.jar:?]
	at org.apache.hadoop.ozone.protocol.proto.OzoneManagerProtocolProtos$OzoneManagerService$2.callBlockingMethod(OzoneManagerProtocolProtos.java) [ozone-interface-client-1.4.0-SNAPSHOT.jar:?]
	at org.apache.hadoop.ipc.ProtobufRpcEngine$Server.processCall(ProtobufRpcEngine.java:484) [hadoop-common-3.3.6.jar:?]
	at org.apache.hadoop.ipc.ProtobufRpcEngine2$Server$ProtoBufRpcInvoker.call(ProtobufRpcEngine2.java:595) [hadoop-common-3.3.6.jar:?]
	at org.apache.hadoop.ipc.ProtobufRpcEngine2$Server$ProtoBufRpcInvoker.call(ProtobufRpcEngine2.java:573) [hadoop-common-3.3.6.jar:?]
	at org.apache.hadoop.ipc.RPC$Server.call(RPC.java:1227) [hadoop-common-3.3.6.jar:?]
	at org.apache.hadoop.ipc.Server$RpcCall.run(Server.java:1094) [hadoop-common-3.3.6.jar:?]
	at org.apache.hadoop.ipc.Server$RpcCall.run(Server.java:1017) [hadoop-common-3.3.6.jar:?]
	at java.security.AccessController.doPrivileged(Native Method) ~[?:1.8.0_382]
	at javax.security.auth.Subject.doAs(Subject.java:422) [?:1.8.0_382]
	at org.apache.hadoop.security.UserGroupInformation.doAs(UserGroupInformation.java:1899) [hadoop-common-3.3.6.jar:?]
	at org.apache.hadoop.ipc.Server$Handler.run(Server.java:3048) [hadoop-common-3.3.6.jar:?]
08:57:18.760 [IPC Server handler 4 on default port 15163] ERROR OMAudit - user=runner | ip=127.0.0.1 | op=GET_FILE_STATUS {volume=volume04563, bucket=bucket31706, key=testBatchDelete/parent/child2, dataSize=0, replicationConfig=null} | ret=FAILURE
org.apache.hadoop.ozone.om.exceptions.OMException: Unable to get file status: volume: volume04563 bucket: bucket31706 key: testBatchDelete/parent/child2
	at org.apache.hadoop.ozone.om.KeyManagerImpl.getOzoneFileStatus(KeyManagerImpl.java:1195) ~[ozone-manager-1.4.0-SNAPSHOT.jar:?]
	at org.apache.hadoop.ozone.om.KeyManagerImpl.getFileStatus(KeyManagerImpl.java:1113) ~[ozone-manager-1.4.0-SNAPSHOT.jar:?]
	at org.apache.hadoop.ozone.om.OmMetadataReader.getFileStatus(OmMetadataReader.java:262) ~[ozone-manager-1.4.0-SNAPSHOT.jar:?]
	at org.apache.hadoop.ozone.om.OzoneManager.getFileStatus(OzoneManager.java:3530) ~[ozone-manager-1.4.0-SNAPSHOT.jar:?]
	at org.apache.hadoop.ozone.protocolPB.OzoneManagerRequestHandler.getOzoneFileStatus(OzoneManagerRequestHandler.java:971) ~[ozone-manager-1.4.0-SNAPSHOT.jar:?]
	at org.apache.hadoop.ozone.protocolPB.OzoneManagerRequestHandler.handleReadRequest(OzoneManagerRequestHandler.java:250) ~[ozone-manager-1.4.0-SNAPSHOT.jar:?]
	at org.apache.hadoop.ozone.protocolPB.OzoneManagerProtocolServerSideTranslatorPB.submitRequestDirectlyToOM(OzoneManagerProtocolServerSideTranslatorPB.java:274) ~[ozone-manager-1.4.0-SNAPSHOT.jar:?]
	at org.apache.hadoop.ozone.protocolPB.OzoneManagerProtocolServerSideTranslatorPB.processRequest(OzoneManagerProtocolServerSideTranslatorPB.java:175) ~[ozone-manager-1.4.0-SNAPSHOT.jar:?]
	at org.apache.hadoop.hdds.server.OzoneProtocolMessageDispatcher.processRequest(OzoneProtocolMessageDispatcher.java:87) [hdds-server-framework-1.4.0-SNAPSHOT.jar:?]
	at org.apache.hadoop.ozone.protocolPB.OzoneManagerProtocolServerSideTranslatorPB.submitRequest(OzoneManagerProtocolServerSideTranslatorPB.java:148) [ozone-manager-1.4.0-SNAPSHOT.jar:?]
	at org.apache.hadoop.ozone.protocol.proto.OzoneManagerProtocolProtos$OzoneManagerService$2.callBlockingMethod(OzoneManagerProtocolProtos.java) [ozone-interface-client-1.4.0-SNAPSHOT.jar:?]
	at org.apache.hadoop.ipc.ProtobufRpcEngine$Server.processCall(ProtobufRpcEngine.java:484) [hadoop-common-3.3.6.jar:?]
	at org.apache.hadoop.ipc.ProtobufRpcEngine2$Server$ProtoBufRpcInvoker.call(ProtobufRpcEngine2.java:595) [hadoop-common-3.3.6.jar:?]
	at org.apache.hadoop.ipc.ProtobufRpcEngine2$Server$ProtoBufRpcInvoker.call(ProtobufRpcEngine2.java:573) [hadoop-common-3.3.6.jar:?]
	at org.apache.hadoop.ipc.RPC$Server.call(RPC.java:1227) [hadoop-common-3.3.6.jar:?]
	at org.apache.hadoop.ipc.Server$RpcCall.run(Server.java:1094) [hadoop-common-3.3.6.jar:?]
	at org.apache.hadoop.ipc.Server$RpcCall.run(Server.java:1017) [hadoop-common-3.3.6.jar:?]
	at java.security.AccessController.doPrivileged(Native Method) ~[?:1.8.0_382]
	at javax.security.auth.Subject.doAs(Subject.java:422) [?:1.8.0_382]
	at org.apache.hadoop.security.UserGroupInformation.doAs(UserGroupInformation.java:1899) [hadoop-common-3.3.6.jar:?]
	at org.apache.hadoop.ipc.Server$Handler.run(Server.java:3048) [hadoop-common-3.3.6.jar:?]
08:57:18.762 [IPC Server handler 13 on default port 15163] ERROR OMAudit - user=runner | ip=127.0.0.1 | op=GET_FILE_STATUS {volume=volume04563, bucket=bucket31706, key=testBatchDelete/parent/childFolder/child2, dataSize=0, replicationConfig=null} | ret=FAILURE
org.apache.hadoop.ozone.om.exceptions.OMException: Unable to get file status: volume: volume04563 bucket: bucket31706 key: testBatchDelete/parent/childFolder/child2
	at org.apache.hadoop.ozone.om.KeyManagerImpl.getOzoneFileStatus(KeyManagerImpl.java:1195) ~[ozone-manager-1.4.0-SNAPSHOT.jar:?]
	at org.apache.hadoop.ozone.om.KeyManagerImpl.getFileStatus(KeyManagerImpl.java:1113) ~[ozone-manager-1.4.0-SNAPSHOT.jar:?]
	at org.apache.hadoop.ozone.om.OmMetadataReader.getFileStatus(OmMetadataReader.java:262) ~[ozone-manager-1.4.0-SNAPSHOT.jar:?]
	at org.apache.hadoop.ozone.om.OzoneManager.getFileStatus(OzoneManager.java:3530) ~[ozone-manager-1.4.0-SNAPSHOT.jar:?]
	at org.apache.hadoop.ozone.protocolPB.OzoneManagerRequestHandler.getOzoneFileStatus(OzoneManagerRequestHandler.java:971) ~[ozone-manager-1.4.0-SNAPSHOT.jar:?]
	at org.apache.hadoop.ozone.protocolPB.OzoneManagerRequestHandler.handleReadRequest(OzoneManagerRequestHandler.java:250) ~[ozone-manager-1.4.0-SNAPSHOT.jar:?]
	at org.apache.hadoop.ozone.protocolPB.OzoneManagerProtocolServerSideTranslatorPB.submitRequestDirectlyToOM(OzoneManagerProtocolServerSideTranslatorPB.java:274) ~[ozone-manager-1.4.0-SNAPSHOT.jar:?]
	at org.apache.hadoop.ozone.protocolPB.OzoneManagerProtocolServerSideTranslatorPB.processRequest(OzoneManagerProtocolServerSideTranslatorPB.java:175) ~[ozone-manager-1.4.0-SNAPSHOT.jar:?]
	at org.apache.hadoop.hdds.server.OzoneProtocolMessageDispatcher.processRequest(OzoneProtocolMessageDispatcher.java:87) [hdds-server-framework-1.4.0-SNAPSHOT.jar:?]
	at org.apache.hadoop.ozone.protocolPB.OzoneManagerProtocolServerSideTranslatorPB.submitRequest(OzoneManagerProtocolServerSideTranslatorPB.java:148) [ozone-manager-1.4.0-SNAPSHOT.jar:?]
	at org.apache.hadoop.ozone.protocol.proto.OzoneManagerProtocolProtos$OzoneManagerService$2.callBlockingMethod(OzoneManagerProtocolProtos.java) [ozone-interface-client-1.4.0-SNAPSHOT.jar:?]
	at org.apache.hadoop.ipc.ProtobufRpcEngine$Server.processCall(ProtobufRpcEngine.java:484) [hadoop-common-3.3.6.jar:?]
	at org.apache.hadoop.ipc.ProtobufRpcEngine2$Server$ProtoBufRpcInvoker.call(ProtobufRpcEngine2.java:595) [hadoop-common-3.3.6.jar:?]
	at org.apache.hadoop.ipc.ProtobufRpcEngine2$Server$ProtoBufRpcInvoker.call(ProtobufRpcEngine2.java:573) [hadoop-common-3.3.6.jar:?]
	at org.apache.hadoop.ipc.RPC$Server.call(RPC.java:1227) [hadoop-common-3.3.6.jar:?]
	at org.apache.hadoop.ipc.Server$RpcCall.run(Server.java:1094) [hadoop-common-3.3.6.jar:?]
	at org.apache.hadoop.ipc.Server$RpcCall.run(Server.java:1017) [hadoop-common-3.3.6.jar:?]
	at java.security.AccessController.doPrivileged(Native Method) ~[?:1.8.0_382]
	at javax.security.auth.Subject.doAs(Subject.java:422) [?:1.8.0_382]
	at org.apache.hadoop.security.UserGroupInformation.doAs(UserGroupInformation.java:1899) [hadoop-common-3.3.6.jar:?]
	at org.apache.hadoop.ipc.Server$Handler.run(Server.java:3048) [hadoop-common-3.3.6.jar:?]
08:57:18.763 [IPC Server handler 7 on default port 15163] ERROR OMAudit - user=runner | ip=127.0.0.1 | op=GET_FILE_STATUS {volume=volume04563, bucket=bucket31706, key=testBatchDelete/parent/child3, dataSize=0, replicationConfig=null} | ret=FAILURE
org.apache.hadoop.ozone.om.exceptions.OMException: Unable to get file status: volume: volume04563 bucket: bucket31706 key: testBatchDelete/parent/child3
	at org.apache.hadoop.ozone.om.KeyManagerImpl.getOzoneFileStatus(KeyManagerImpl.java:1195) ~[ozone-manager-1.4.0-SNAPSHOT.jar:?]
	at org.apache.hadoop.ozone.om.KeyManagerImpl.getFileStatus(KeyManagerImpl.java:1113) ~[ozone-manager-1.4.0-SNAPSHOT.jar:?]
	at org.apache.hadoop.ozone.om.OmMetadataReader.getFileStatus(OmMetadataReader.java:262) ~[ozone-manager-1.4.0-SNAPSHOT.jar:?]
	at org.apache.hadoop.ozone.om.OzoneManager.getFileStatus(OzoneManager.java:3530) ~[ozone-manager-1.4.0-SNAPSHOT.jar:?]
	at org.apache.hadoop.ozone.protocolPB.OzoneManagerRequestHandler.getOzoneFileStatus(OzoneManagerRequestHandler.java:971) ~[ozone-manager-1.4.0-SNAPSHOT.jar:?]
	at org.apache.hadoop.ozone.protocolPB.OzoneManagerRequestHandler.handleReadRequest(OzoneManagerRequestHandler.java:250) ~[ozone-manager-1.4.0-SNAPSHOT.jar:?]
	at org.apache.hadoop.ozone.protocolPB.OzoneManagerProtocolServerSideTranslatorPB.submitRequestDirectlyToOM(OzoneManagerProtocolServerSideTranslatorPB.java:274) ~[ozone-manager-1.4.0-SNAPSHOT.jar:?]
	at org.apache.hadoop.ozone.protocolPB.OzoneManagerProtocolServerSideTranslatorPB.processRequest(OzoneManagerProtocolServerSideTranslatorPB.java:175) ~[ozone-manager-1.4.0-SNAPSHOT.jar:?]
	at org.apache.hadoop.hdds.server.OzoneProtocolMessageDispatcher.processRequest(OzoneProtocolMessageDispatcher.java:87) [hdds-server-framework-1.4.0-SNAPSHOT.jar:?]
	at org.apache.hadoop.ozone.protocolPB.OzoneManagerProtocolServerSideTranslatorPB.submitRequest(OzoneManagerProtocolServerSideTranslatorPB.java:148) [ozone-manager-1.4.0-SNAPSHOT.jar:?]
	at org.apache.hadoop.ozone.protocol.proto.OzoneManagerProtocolProtos$OzoneManagerService$2.callBlockingMethod(OzoneManagerProtocolProtos.java) [ozone-interface-client-1.4.0-SNAPSHOT.jar:?]
	at org.apache.hadoop.ipc.ProtobufRpcEngine$Server.processCall(ProtobufRpcEngine.java:484) [hadoop-common-3.3.6.jar:?]
	at org.apache.hadoop.ipc.ProtobufRpcEngine2$Server$ProtoBufRpcInvoker.call(ProtobufRpcEngine2.java:595) [hadoop-common-3.3.6.jar:?]
	at org.apache.hadoop.ipc.ProtobufRpcEngine2$Server$ProtoBufRpcInvoker.call(ProtobufRpcEngine2.java:573) [hadoop-common-3.3.6.jar:?]
	at org.apache.hadoop.ipc.RPC$Server.call(RPC.java:1227) [hadoop-common-3.3.6.jar:?]
	at org.apache.hadoop.ipc.Server$RpcCall.run(Server.java:1094) [hadoop-common-3.3.6.jar:?]
	at org.apache.hadoop.ipc.Server$RpcCall.run(Server.java:1017) [hadoop-common-3.3.6.jar:?]
	at java.security.AccessController.doPrivileged(Native Method) ~[?:1.8.0_382]
	at javax.security.auth.Subject.doAs(Subject.java:422) [?:1.8.0_382]
	at org.apache.hadoop.security.UserGroupInformation.doAs(UserGroupInformation.java:1899) [hadoop-common-3.3.6.jar:?]
	at org.apache.hadoop.ipc.Server$Handler.run(Server.java:3048) [hadoop-common-3.3.6.jar:?]
08:57:18.764 [IPC Server handler 6 on default port 15163] ERROR OMAudit - user=runner | ip=127.0.0.1 | op=GET_FILE_STATUS {volume=volume04563, bucket=bucket31706, key=testBatchDelete/parent/childFolder/child3, dataSize=0, replicationConfig=null} | ret=FAILURE
org.apache.hadoop.ozone.om.exceptions.OMException: Unable to get file status: volume: volume04563 bucket: bucket31706 key: testBatchDelete/parent/childFolder/child3
	at org.apache.hadoop.ozone.om.KeyManagerImpl.getOzoneFileStatus(KeyManagerImpl.java:1195) ~[ozone-manager-1.4.0-SNAPSHOT.jar:?]
	at org.apache.hadoop.ozone.om.KeyManagerImpl.getFileStatus(KeyManagerImpl.java:1113) ~[ozone-manager-1.4.0-SNAPSHOT.jar:?]
	at org.apache.hadoop.ozone.om.OmMetadataReader.getFileStatus(OmMetadataReader.java:262) ~[ozone-manager-1.4.0-SNAPSHOT.jar:?]
	at org.apache.hadoop.ozone.om.OzoneManager.getFileStatus(OzoneManager.java:3530) ~[ozone-manager-1.4.0-SNAPSHOT.jar:?]
	at org.apache.hadoop.ozone.protocolPB.OzoneManagerRequestHandler.getOzoneFileStatus(OzoneManagerRequestHandler.java:971) ~[ozone-manager-1.4.0-SNAPSHOT.jar:?]
	at org.apache.hadoop.ozone.protocolPB.OzoneManagerRequestHandler.handleReadRequest(OzoneManagerRequestHandler.java:250) ~[ozone-manager-1.4.0-SNAPSHOT.jar:?]
	at org.apache.hadoop.ozone.protocolPB.OzoneManagerProtocolServerSideTranslatorPB.submitRequestDirectlyToOM(OzoneManagerProtocolServerSideTranslatorPB.java:274) ~[ozone-manager-1.4.0-SNAPSHOT.jar:?]
	at org.apache.hadoop.ozone.protocolPB.OzoneManagerProtocolServerSideTranslatorPB.processRequest(OzoneManagerProtocolServerSideTranslatorPB.java:175) ~[ozone-manager-1.4.0-SNAPSHOT.jar:?]
	at org.apache.hadoop.hdds.server.OzoneProtocolMessageDispatcher.processRequest(OzoneProtocolMessageDispatcher.java:87) [hdds-server-framework-1.4.0-SNAPSHOT.jar:?]
	at org.apache.hadoop.ozone.protocolPB.OzoneManagerProtocolServerSideTranslatorPB.submitRequest(OzoneManagerProtocolServerSideTranslatorPB.java:148) [ozone-manager-1.4.0-SNAPSHOT.jar:?]
	at org.apache.hadoop.ozone.protocol.proto.OzoneManagerProtocolProtos$OzoneManagerService$2.callBlockingMethod(OzoneManagerProtocolProtos.java) [ozone-interface-client-1.4.0-SNAPSHOT.jar:?]
	at org.apache.hadoop.ipc.ProtobufRpcEngine$Server.processCall(ProtobufRpcEngine.java:484) [hadoop-common-3.3.6.jar:?]
	at org.apache.hadoop.ipc.ProtobufRpcEngine2$Server$ProtoBufRpcInvoker.call(ProtobufRpcEngine2.java:595) [hadoop-common-3.3.6.jar:?]
	at org.apache.hadoop.ipc.ProtobufRpcEngine2$Server$ProtoBufRpcInvoker.call(ProtobufRpcEngine2.java:573) [hadoop-common-3.3.6.jar:?]
	at org.apache.hadoop.ipc.RPC$Server.call(RPC.java:1227) [hadoop-common-3.3.6.jar:?]
	at org.apache.hadoop.ipc.Server$RpcCall.run(Server.java:1094) [hadoop-common-3.3.6.jar:?]
	at org.apache.hadoop.ipc.Server$RpcCall.run(Server.java:1017) [hadoop-common-3.3.6.jar:?]
	at java.security.AccessController.doPrivileged(Native Method) ~[?:1.8.0_382]
	at javax.security.auth.Subject.doAs(Subject.java:422) [?:1.8.0_382]
	at org.apache.hadoop.security.UserGroupInformation.doAs(UserGroupInformation.java:1899) [hadoop-common-3.3.6.jar:?]
	at org.apache.hadoop.ipc.Server$Handler.run(Server.java:3048) [hadoop-common-3.3.6.jar:?]
08:57:18.765 [IPC Server handler 11 on default port 15163] ERROR OMAudit - user=runner | ip=127.0.0.1 | op=GET_FILE_STATUS {volume=volume04563, bucket=bucket31706, key=testBatchDelete/parent/child4, dataSize=0, replicationConfig=null} | ret=FAILURE
org.apache.hadoop.ozone.om.exceptions.OMException: Unable to get file status: volume: volume04563 bucket: bucket31706 key: testBatchDelete/parent/child4
	at org.apache.hadoop.ozone.om.KeyManagerImpl.getOzoneFileStatus(KeyManagerImpl.java:1195) ~[ozone-manager-1.4.0-SNAPSHOT.jar:?]
	at org.apache.hadoop.ozone.om.KeyManagerImpl.getFileStatus(KeyManagerImpl.java:1113) ~[ozone-manager-1.4.0-SNAPSHOT.jar:?]
	at org.apache.hadoop.ozone.om.OmMetadataReader.getFileStatus(OmMetadataReader.java:262) ~[ozone-manager-1.4.0-SNAPSHOT.jar:?]
	at org.apache.hadoop.ozone.om.OzoneManager.getFileStatus(OzoneManager.java:3530) ~[ozone-manager-1.4.0-SNAPSHOT.jar:?]
	at org.apache.hadoop.ozone.protocolPB.OzoneManagerRequestHandler.getOzoneFileStatus(OzoneManagerRequestHandler.java:971) ~[ozone-manager-1.4.0-SNAPSHOT.jar:?]
	at org.apache.hadoop.ozone.protocolPB.OzoneManagerRequestHandler.handleReadRequest(OzoneManagerRequestHandler.java:250) ~[ozone-manager-1.4.0-SNAPSHOT.jar:?]
	at org.apache.hadoop.ozone.protocolPB.OzoneManagerProtocolServerSideTranslatorPB.submitRequestDirectlyToOM(OzoneManagerProtocolServerSideTranslatorPB.java:274) ~[ozone-manager-1.4.0-SNAPSHOT.jar:?]
	at org.apache.hadoop.ozone.protocolPB.OzoneManagerProtocolServerSideTranslatorPB.processRequest(OzoneManagerProtocolServerSideTranslatorPB.java:175) ~[ozone-manager-1.4.0-SNAPSHOT.jar:?]
	at org.apache.hadoop.hdds.server.OzoneProtocolMessageDispatcher.processRequest(OzoneProtocolMessageDispatcher.java:87) [hdds-server-framework-1.4.0-SNAPSHOT.jar:?]
	at org.apache.hadoop.ozone.protocolPB.OzoneManagerProtocolServerSideTranslatorPB.submitRequest(OzoneManagerProtocolServerSideTranslatorPB.java:148) [ozone-manager-1.4.0-SNAPSHOT.jar:?]
	at org.apache.hadoop.ozone.protocol.proto.OzoneManagerProtocolProtos$OzoneManagerService$2.callBlockingMethod(OzoneManagerProtocolProtos.java) [ozone-interface-client-1.4.0-SNAPSHOT.jar:?]
	at org.apache.hadoop.ipc.ProtobufRpcEngine$Server.processCall(ProtobufRpcEngine.java:484) [hadoop-common-3.3.6.jar:?]
	at org.apache.hadoop.ipc.ProtobufRpcEngine2$Server$ProtoBufRpcInvoker.call(ProtobufRpcEngine2.java:595) [hadoop-common-3.3.6.jar:?]
	at org.apache.hadoop.ipc.ProtobufRpcEngine2$Server$ProtoBufRpcInvoker.call(ProtobufRpcEngine2.java:573) [hadoop-common-3.3.6.jar:?]
	at org.apache.hadoop.ipc.RPC$Server.call(RPC.java:1227) [hadoop-common-3.3.6.jar:?]
	at org.apache.hadoop.ipc.Server$RpcCall.run(Server.java:1094) [hadoop-common-3.3.6.jar:?]
	at org.apache.hadoop.ipc.Server$RpcCall.run(Server.java:1017) [hadoop-common-3.3.6.jar:?]
	at java.security.AccessController.doPrivileged(Native Method) ~[?:1.8.0_382]
	at javax.security.auth.Subject.doAs(Subject.java:422) [?:1.8.0_382]
	at org.apache.hadoop.security.UserGroupInformation.doAs(UserGroupInformation.java:1899) [hadoop-common-3.3.6.jar:?]
	at org.apache.hadoop.ipc.Server$Handler.run(Server.java:3048) [hadoop-common-3.3.6.jar:?]
08:57:18.766 [IPC Server handler 19 on default port 15163] ERROR OMAudit - user=runner | ip=127.0.0.1 | op=GET_FILE_STATUS {volume=volume04563, bucket=bucket31706, key=testBatchDelete/parent/childFolder/child4, dataSize=0, replicationConfig=null} | ret=FAILURE
org.apache.hadoop.ozone.om.exceptions.OMException: Unable to get file status: volume: volume04563 bucket: bucket31706 key: testBatchDelete/parent/childFolder/child4
	at org.apache.hadoop.ozone.om.KeyManagerImpl.getOzoneFileStatus(KeyManagerImpl.java:1195) ~[ozone-manager-1.4.0-SNAPSHOT.jar:?]
	at org.apache.hadoop.ozone.om.KeyManagerImpl.getFileStatus(KeyManagerImpl.java:1113) ~[ozone-manager-1.4.0-SNAPSHOT.jar:?]
	at org.apache.hadoop.ozone.om.OmMetadataReader.getFileStatus(OmMetadataReader.java:262) ~[ozone-manager-1.4.0-SNAPSHOT.jar:?]
	at org.apache.hadoop.ozone.om.OzoneManager.getFileStatus(OzoneManager.java:3530) ~[ozone-manager-1.4.0-SNAPSHOT.jar:?]
	at org.apache.hadoop.ozone.protocolPB.OzoneManagerRequestHandler.getOzoneFileStatus(OzoneManagerRequestHandler.java:971) ~[ozone-manager-1.4.0-SNAPSHOT.jar:?]
	at org.apache.hadoop.ozone.protocolPB.OzoneManagerRequestHandler.handleReadRequest(OzoneManagerRequestHandler.java:250) ~[ozone-manager-1.4.0-SNAPSHOT.jar:?]
	at org.apache.hadoop.ozone.protocolPB.OzoneManagerProtocolServerSideTranslatorPB.submitRequestDirectlyToOM(OzoneManagerProtocolServerSideTranslatorPB.java:274) ~[ozone-manager-1.4.0-SNAPSHOT.jar:?]
	at org.apache.hadoop.ozone.protocolPB.OzoneManagerProtocolServerSideTranslatorPB.processRequest(OzoneManagerProtocolServerSideTranslatorPB.java:175) ~[ozone-manager-1.4.0-SNAPSHOT.jar:?]
	at org.apache.hadoop.hdds.server.OzoneProtocolMessageDispatcher.processRequest(OzoneProtocolMessageDispatcher.java:87) [hdds-server-framework-1.4.0-SNAPSHOT.jar:?]
	at org.apache.hadoop.ozone.protocolPB.OzoneManagerProtocolServerSideTranslatorPB.submitRequest(OzoneManagerProtocolServerSideTranslatorPB.java:148) [ozone-manager-1.4.0-SNAPSHOT.jar:?]
	at org.apache.hadoop.ozone.protocol.proto.OzoneManagerProtocolProtos$OzoneManagerService$2.callBlockingMethod(OzoneManagerProtocolProtos.java) [ozone-interface-client-1.4.0-SNAPSHOT.jar:?]
	at org.apache.hadoop.ipc.ProtobufRpcEngine$Server.processCall(ProtobufRpcEngine.java:484) [hadoop-common-3.3.6.jar:?]
	at org.apache.hadoop.ipc.ProtobufRpcEngine2$Server$ProtoBufRpcInvoker.call(ProtobufRpcEngine2.java:595) [hadoop-common-3.3.6.jar:?]
	at org.apache.hadoop.ipc.ProtobufRpcEngine2$Server$ProtoBufRpcInvoker.call(ProtobufRpcEngine2.java:573) [hadoop-common-3.3.6.jar:?]
	at org.apache.hadoop.ipc.RPC$Server.call(RPC.java:1227) [hadoop-common-3.3.6.jar:?]
	at org.apache.hadoop.ipc.Server$RpcCall.run(Server.java:1094) [hadoop-common-3.3.6.jar:?]
	at org.apache.hadoop.ipc.Server$RpcCall.run(Server.java:1017) [hadoop-common-3.3.6.jar:?]
	at java.security.AccessController.doPrivileged(Native Method) ~[?:1.8.0_382]
	at javax.security.auth.Subject.doAs(Subject.java:422) [?:1.8.0_382]
	at org.apache.hadoop.security.UserGroupInformation.doAs(UserGroupInformation.java:1899) [hadoop-common-3.3.6.jar:?]
	at org.apache.hadoop.ipc.Server$Handler.run(Server.java:3048) [hadoop-common-3.3.6.jar:?]
08:57:18.767 [IPC Server handler 15 on default port 15163] ERROR OMAudit - user=runner | ip=127.0.0.1 | op=GET_FILE_STATUS {volume=volume04563, bucket=bucket31706, key=testBatchDelete/parent/child5, dataSize=0, replicationConfig=null} | ret=FAILURE
org.apache.hadoop.ozone.om.exceptions.OMException: Unable to get file status: volume: volume04563 bucket: bucket31706 key: testBatchDelete/parent/child5
	at org.apache.hadoop.ozone.om.KeyManagerImpl.getOzoneFileStatus(KeyManagerImpl.java:1195) ~[ozone-manager-1.4.0-SNAPSHOT.jar:?]
	at org.apache.hadoop.ozone.om.KeyManagerImpl.getFileStatus(KeyManagerImpl.java:1113) ~[ozone-manager-1.4.0-SNAPSHOT.jar:?]
	at org.apache.hadoop.ozone.om.OmMetadataReader.getFileStatus(OmMetadataReader.java:262) ~[ozone-manager-1.4.0-SNAPSHOT.jar:?]
	at org.apache.hadoop.ozone.om.OzoneManager.getFileStatus(OzoneManager.java:3530) ~[ozone-manager-1.4.0-SNAPSHOT.jar:?]
	at org.apache.hadoop.ozone.protocolPB.OzoneManagerRequestHandler.getOzoneFileStatus(OzoneManagerRequestHandler.java:971) ~[ozone-manager-1.4.0-SNAPSHOT.jar:?]
	at org.apache.hadoop.ozone.protocolPB.OzoneManagerRequestHandler.handleReadRequest(OzoneManagerRequestHandler.java:250) ~[ozone-manager-1.4.0-SNAPSHOT.jar:?]
	at org.apache.hadoop.ozone.protocolPB.OzoneManagerProtocolServerSideTranslatorPB.submitRequestDirectlyToOM(OzoneManagerProtocolServerSideTranslatorPB.java:274) ~[ozone-manager-1.4.0-SNAPSHOT.jar:?]
	at org.apache.hadoop.ozone.protocolPB.OzoneManagerProtocolServerSideTranslatorPB.processRequest(OzoneManagerProtocolServerSideTranslatorPB.java:175) ~[ozone-manager-1.4.0-SNAPSHOT.jar:?]
	at org.apache.hadoop.hdds.server.OzoneProtocolMessageDispatcher.processRequest(OzoneProtocolMessageDispatcher.java:87) [hdds-server-framework-1.4.0-SNAPSHOT.jar:?]
	at org.apache.hadoop.ozone.protocolPB.OzoneManagerProtocolServerSideTranslatorPB.submitRequest(OzoneManagerProtocolServerSideTranslatorPB.java:148) [ozone-manager-1.4.0-SNAPSHOT.jar:?]
	at org.apache.hadoop.ozone.protocol.proto.OzoneManagerProtocolProtos$OzoneManagerService$2.callBlockingMethod(OzoneManagerProtocolProtos.java) [ozone-interface-client-1.4.0-SNAPSHOT.jar:?]
	at org.apache.hadoop.ipc.ProtobufRpcEngine$Server.processCall(ProtobufRpcEngine.java:484) [hadoop-common-3.3.6.jar:?]
	at org.apache.hadoop.ipc.ProtobufRpcEngine2$Server$ProtoBufRpcInvoker.call(ProtobufRpcEngine2.java:595) [hadoop-common-3.3.6.jar:?]
	at org.apache.hadoop.ipc.ProtobufRpcEngine2$Server$ProtoBufRpcInvoker.call(ProtobufRpcEngine2.java:573) [hadoop-common-3.3.6.jar:?]
	at org.apache.hadoop.ipc.RPC$Server.call(RPC.java:1227) [hadoop-common-3.3.6.jar:?]
	at org.apache.hadoop.ipc.Server$RpcCall.run(Server.java:1094) [hadoop-common-3.3.6.jar:?]
	at org.apache.hadoop.ipc.Server$RpcCall.run(Server.java:1017) [hadoop-common-3.3.6.jar:?]
	at java.security.AccessController.doPrivileged(Native Method) ~[?:1.8.0_382]
	at javax.security.auth.Subject.doAs(Subject.java:422) [?:1.8.0_382]
	at org.apache.hadoop.security.UserGroupInformation.doAs(UserGroupInformation.java:1899) [hadoop-common-3.3.6.jar:?]
	at org.apache.hadoop.ipc.Server$Handler.run(Server.java:3048) [hadoop-common-3.3.6.jar:?]
08:57:18.768 [IPC Server handler 14 on default port 15163] ERROR OMAudit - user=runner | ip=127.0.0.1 | op=GET_FILE_STATUS {volume=volume04563, bucket=bucket31706, key=testBatchDelete/parent/childFolder/child5, dataSize=0, replicationConfig=null} | ret=FAILURE
org.apache.hadoop.ozone.om.exceptions.OMException: Unable to get file status: volume: volume04563 bucket: bucket31706 key: testBatchDelete/parent/childFolder/child5
	at org.apache.hadoop.ozone.om.KeyManagerImpl.getOzoneFileStatus(KeyManagerImpl.java:1195) ~[ozone-manager-1.4.0-SNAPSHOT.jar:?]
	at org.apache.hadoop.ozone.om.KeyManagerImpl.getFileStatus(KeyManagerImpl.java:1113) ~[ozone-manager-1.4.0-SNAPSHOT.jar:?]
	at org.apache.hadoop.ozone.om.OmMetadataReader.getFileStatus(OmMetadataReader.java:262) ~[ozone-manager-1.4.0-SNAPSHOT.jar:?]
	at org.apache.hadoop.ozone.om.OzoneManager.getFileStatus(OzoneManager.java:3530) ~[ozone-manager-1.4.0-SNAPSHOT.jar:?]
	at org.apache.hadoop.ozone.protocolPB.OzoneManagerRequestHandler.getOzoneFileStatus(OzoneManagerRequestHandler.java:971) ~[ozone-manager-1.4.0-SNAPSHOT.jar:?]
	at org.apache.hadoop.ozone.protocolPB.OzoneManagerRequestHandler.handleReadRequest(OzoneManagerRequestHandler.java:250) ~[ozone-manager-1.4.0-SNAPSHOT.jar:?]
	at org.apache.hadoop.ozone.protocolPB.OzoneManagerProtocolServerSideTranslatorPB.submitRequestDirectlyToOM(OzoneManagerProtocolServerSideTranslatorPB.java:274) ~[ozone-manager-1.4.0-SNAPSHOT.jar:?]
	at org.apache.hadoop.ozone.protocolPB.OzoneManagerProtocolServerSideTranslatorPB.processRequest(OzoneManagerProtocolServerSideTranslatorPB.java:175) ~[ozone-manager-1.4.0-SNAPSHOT.jar:?]
	at org.apache.hadoop.hdds.server.OzoneProtocolMessageDispatcher.processRequest(OzoneProtocolMessageDispatcher.java:87) [hdds-server-framework-1.4.0-SNAPSHOT.jar:?]
	at org.apache.hadoop.ozone.protocolPB.OzoneManagerProtocolServerSideTranslatorPB.submitRequest(OzoneManagerProtocolServerSideTranslatorPB.java:148) [ozone-manager-1.4.0-SNAPSHOT.jar:?]
	at org.apache.hadoop.ozone.protocol.proto.OzoneManagerProtocolProtos$OzoneManagerService$2.callBlockingMethod(OzoneManagerProtocolProtos.java) [ozone-interface-client-1.4.0-SNAPSHOT.jar:?]
	at org.apache.hadoop.ipc.ProtobufRpcEngine$Server.processCall(ProtobufRpcEngine.java:484) [hadoop-common-3.3.6.jar:?]
	at org.apache.hadoop.ipc.ProtobufRpcEngine2$Server$ProtoBufRpcInvoker.call(ProtobufRpcEngine2.java:595) [hadoop-common-3.3.6.jar:?]
	at org.apache.hadoop.ipc.ProtobufRpcEngine2$Server$ProtoBufRpcInvoker.call(ProtobufRpcEngine2.java:573) [hadoop-common-3.3.6.jar:?]
	at org.apache.hadoop.ipc.RPC$Server.call(RPC.java:1227) [hadoop-common-3.3.6.jar:?]
	at org.apache.hadoop.ipc.Server$RpcCall.run(Server.java:1094) [hadoop-common-3.3.6.jar:?]
	at org.apache.hadoop.ipc.Server$RpcCall.run(Server.java:1017) [hadoop-common-3.3.6.jar:?]
	at java.security.AccessController.doPrivileged(Native Method) ~[?:1.8.0_382]
	at javax.security.auth.Subject.doAs(Subject.java:422) [?:1.8.0_382]
	at org.apache.hadoop.security.UserGroupInformation.doAs(UserGroupInformation.java:1899) [hadoop-common-3.3.6.jar:?]
	at org.apache.hadoop.ipc.Server$Handler.run(Server.java:3048) [hadoop-common-3.3.6.jar:?]
08:57:18.769 [IPC Server handler 16 on default port 15163] ERROR OMAudit - user=runner | ip=127.0.0.1 | op=GET_FILE_STATUS {volume=volume04563, bucket=bucket31706, key=testBatchDelete/parent/child6, dataSize=0, replicationConfig=null} | ret=FAILURE
org.apache.hadoop.ozone.om.exceptions.OMException: Unable to get file status: volume: volume04563 bucket: bucket31706 key: testBatchDelete/parent/child6
	at org.apache.hadoop.ozone.om.KeyManagerImpl.getOzoneFileStatus(KeyManagerImpl.java:1195) ~[ozone-manager-1.4.0-SNAPSHOT.jar:?]
	at org.apache.hadoop.ozone.om.KeyManagerImpl.getFileStatus(KeyManagerImpl.java:1113) ~[ozone-manager-1.4.0-SNAPSHOT.jar:?]
	at org.apache.hadoop.ozone.om.OmMetadataReader.getFileStatus(OmMetadataReader.java:262) ~[ozone-manager-1.4.0-SNAPSHOT.jar:?]
	at org.apache.hadoop.ozone.om.OzoneManager.getFileStatus(OzoneManager.java:3530) ~[ozone-manager-1.4.0-SNAPSHOT.jar:?]
	at org.apache.hadoop.ozone.protocolPB.OzoneManagerRequestHandler.getOzoneFileStatus(OzoneManagerRequestHandler.java:971) ~[ozone-manager-1.4.0-SNAPSHOT.jar:?]
	at org.apache.hadoop.ozone.protocolPB.OzoneManagerRequestHandler.handleReadRequest(OzoneManagerRequestHandler.java:250) ~[ozone-manager-1.4.0-SNAPSHOT.jar:?]
	at org.apache.hadoop.ozone.protocolPB.OzoneManagerProtocolServerSideTranslatorPB.submitRequestDirectlyToOM(OzoneManagerProtocolServerSideTranslatorPB.java:274) ~[ozone-manager-1.4.0-SNAPSHOT.jar:?]
	at org.apache.hadoop.ozone.protocolPB.OzoneManagerProtocolServerSideTranslatorPB.processRequest(OzoneManagerProtocolServerSideTranslatorPB.java:175) ~[ozone-manager-1.4.0-SNAPSHOT.jar:?]
	at org.apache.hadoop.hdds.server.OzoneProtocolMessageDispatcher.processRequest(OzoneProtocolMessageDispatcher.java:87) [hdds-server-framework-1.4.0-SNAPSHOT.jar:?]
	at org.apache.hadoop.ozone.protocolPB.OzoneManagerProtocolServerSideTranslatorPB.submitRequest(OzoneManagerProtocolServerSideTranslatorPB.java:148) [ozone-manager-1.4.0-SNAPSHOT.jar:?]
	at org.apache.hadoop.ozone.protocol.proto.OzoneManagerProtocolProtos$OzoneManagerService$2.callBlockingMethod(OzoneManagerProtocolProtos.java) [ozone-interface-client-1.4.0-SNAPSHOT.jar:?]
	at org.apache.hadoop.ipc.ProtobufRpcEngine$Server.processCall(ProtobufRpcEngine.java:484) [hadoop-common-3.3.6.jar:?]
	at org.apache.hadoop.ipc.ProtobufRpcEngine2$Server$ProtoBufRpcInvoker.call(ProtobufRpcEngine2.java:595) [hadoop-common-3.3.6.jar:?]
	at org.apache.hadoop.ipc.ProtobufRpcEngine2$Server$ProtoBufRpcInvoker.call(ProtobufRpcEngine2.java:573) [hadoop-common-3.3.6.jar:?]
	at org.apache.hadoop.ipc.RPC$Server.call(RPC.java:1227) [hadoop-common-3.3.6.jar:?]
	at org.apache.hadoop.ipc.Server$RpcCall.run(Server.java:1094) [hadoop-common-3.3.6.jar:?]
	at org.apache.hadoop.ipc.Server$RpcCall.run(Server.java:1017) [hadoop-common-3.3.6.jar:?]
	at java.security.AccessController.doPrivileged(Native Method) ~[?:1.8.0_382]
	at javax.security.auth.Subject.doAs(Subject.java:422) [?:1.8.0_382]
	at org.apache.hadoop.security.UserGroupInformation.doAs(UserGroupInformation.java:1899) [hadoop-common-3.3.6.jar:?]
	at org.apache.hadoop.ipc.Server$Handler.run(Server.java:3048) [hadoop-common-3.3.6.jar:?]
08:57:18.771 [IPC Server handler 17 on default port 15163] ERROR OMAudit - user=runner | ip=127.0.0.1 | op=GET_FILE_STATUS {volume=volume04563, bucket=bucket31706, key=testBatchDelete/parent/childFolder/child6, dataSize=0, replicationConfig=null} | ret=FAILURE
org.apache.hadoop.ozone.om.exceptions.OMException: Unable to get file status: volume: volume04563 bucket: bucket31706 key: testBatchDelete/parent/childFolder/child6
	at org.apache.hadoop.ozone.om.KeyManagerImpl.getOzoneFileStatus(KeyManagerImpl.java:1195) ~[ozone-manager-1.4.0-SNAPSHOT.jar:?]
	at org.apache.hadoop.ozone.om.KeyManagerImpl.getFileStatus(KeyManagerImpl.java:1113) ~[ozone-manager-1.4.0-SNAPSHOT.jar:?]
	at org.apache.hadoop.ozone.om.OmMetadataReader.getFileStatus(OmMetadataReader.java:262) ~[ozone-manager-1.4.0-SNAPSHOT.jar:?]
	at org.apache.hadoop.ozone.om.OzoneManager.getFileStatus(OzoneManager.java:3530) ~[ozone-manager-1.4.0-SNAPSHOT.jar:?]
	at org.apache.hadoop.ozone.protocolPB.OzoneManagerRequestHandler.getOzoneFileStatus(OzoneManagerRequestHandler.java:971) ~[ozone-manager-1.4.0-SNAPSHOT.jar:?]
	at org.apache.hadoop.ozone.protocolPB.OzoneManagerRequestHandler.handleReadRequest(OzoneManagerRequestHandler.java:250) ~[ozone-manager-1.4.0-SNAPSHOT.jar:?]
	at org.apache.hadoop.ozone.protocolPB.OzoneManagerProtocolServerSideTranslatorPB.submitRequestDirectlyToOM(OzoneManagerProtocolServerSideTranslatorPB.java:274) ~[ozone-manager-1.4.0-SNAPSHOT.jar:?]
	at org.apache.hadoop.ozone.protocolPB.OzoneManagerProtocolServerSideTranslatorPB.processRequest(OzoneManagerProtocolServerSideTranslatorPB.java:175) ~[ozone-manager-1.4.0-SNAPSHOT.jar:?]
	at org.apache.hadoop.hdds.server.OzoneProtocolMessageDispatcher.processRequest(OzoneProtocolMessageDispatcher.java:87) [hdds-server-framework-1.4.0-SNAPSHOT.jar:?]
	at org.apache.hadoop.ozone.protocolPB.OzoneManagerProtocolServerSideTranslatorPB.submitRequest(OzoneManagerProtocolServerSideTranslatorPB.java:148) [ozone-manager-1.4.0-SNAPSHOT.jar:?]
	at org.apache.hadoop.ozone.protocol.proto.OzoneManagerProtocolProtos$OzoneManagerService$2.callBlockingMethod(OzoneManagerProtocolProtos.java) [ozone-interface-client-1.4.0-SNAPSHOT.jar:?]
	at org.apache.hadoop.ipc.ProtobufRpcEngine$Server.processCall(ProtobufRpcEngine.java:484) [hadoop-common-3.3.6.jar:?]
	at org.apache.hadoop.ipc.ProtobufRpcEngine2$Server$ProtoBufRpcInvoker.call(ProtobufRpcEngine2.java:595) [hadoop-common-3.3.6.jar:?]
	at org.apache.hadoop.ipc.ProtobufRpcEngine2$Server$ProtoBufRpcInvoker.call(ProtobufRpcEngine2.java:573) [hadoop-common-3.3.6.jar:?]
	at org.apache.hadoop.ipc.RPC$Server.call(RPC.java:1227) [hadoop-common-3.3.6.jar:?]
	at org.apache.hadoop.ipc.Server$RpcCall.run(Server.java:1094) [hadoop-common-3.3.6.jar:?]
	at org.apache.hadoop.ipc.Server$RpcCall.run(Server.java:1017) [hadoop-common-3.3.6.jar:?]
	at java.security.AccessController.doPrivileged(Native Method) ~[?:1.8.0_382]
	at javax.security.auth.Subject.doAs(Subject.java:422) [?:1.8.0_382]
	at org.apache.hadoop.security.UserGroupInformation.doAs(UserGroupInformation.java:1899) [hadoop-common-3.3.6.jar:?]
	at org.apache.hadoop.ipc.Server$Handler.run(Server.java:3048) [hadoop-common-3.3.6.jar:?]
08:57:18.772 [IPC Server handler 9 on default port 15163] ERROR OMAudit - user=runner | ip=127.0.0.1 | op=GET_FILE_STATUS {volume=volume04563, bucket=bucket31706, key=testBatchDelete/parent/child7, dataSize=0, replicationConfig=null} | ret=FAILURE
org.apache.hadoop.ozone.om.exceptions.OMException: Unable to get file status: volume: volume04563 bucket: bucket31706 key: testBatchDelete/parent/child7
	at org.apache.hadoop.ozone.om.KeyManagerImpl.getOzoneFileStatus(KeyManagerImpl.java:1195) ~[ozone-manager-1.4.0-SNAPSHOT.jar:?]
	at org.apache.hadoop.ozone.om.KeyManagerImpl.getFileStatus(KeyManagerImpl.java:1113) ~[ozone-manager-1.4.0-SNAPSHOT.jar:?]
	at org.apache.hadoop.ozone.om.OmMetadataReader.getFileStatus(OmMetadataReader.java:262) ~[ozone-manager-1.4.0-SNAPSHOT.jar:?]
	at org.apache.hadoop.ozone.om.OzoneManager.getFileStatus(OzoneManager.java:3530) ~[ozone-manager-1.4.0-SNAPSHOT.jar:?]
	at org.apache.hadoop.ozone.protocolPB.OzoneManagerRequestHandler.getOzoneFileStatus(OzoneManagerRequestHandler.java:971) ~[ozone-manager-1.4.0-SNAPSHOT.jar:?]
	at org.apache.hadoop.ozone.protocolPB.OzoneManagerRequestHandler.handleReadRequest(OzoneManagerRequestHandler.java:250) ~[ozone-manager-1.4.0-SNAPSHOT.jar:?]
	at org.apache.hadoop.ozone.protocolPB.OzoneManagerProtocolServerSideTranslatorPB.submitRequestDirectlyToOM(OzoneManagerProtocolServerSideTranslatorPB.java:274) ~[ozone-manager-1.4.0-SNAPSHOT.jar:?]
	at org.apache.hadoop.ozone.protocolPB.OzoneManagerProtocolServerSideTranslatorPB.processRequest(OzoneManagerProtocolServerSideTranslatorPB.java:175) ~[ozone-manager-1.4.0-SNAPSHOT.jar:?]
	at org.apache.hadoop.hdds.server.OzoneProtocolMessageDispatcher.processRequest(OzoneProtocolMessageDispatcher.java:87) [hdds-server-framework-1.4.0-SNAPSHOT.jar:?]
	at org.apache.hadoop.ozone.protocolPB.OzoneManagerProtocolServerSideTranslatorPB.submitRequest(OzoneManagerProtocolServerSideTranslatorPB.java:148) [ozone-manager-1.4.0-SNAPSHOT.jar:?]
	at org.apache.hadoop.ozone.protocol.proto.OzoneManagerProtocolProtos$OzoneManagerService$2.callBlockingMethod(OzoneManagerProtocolProtos.java) [ozone-interface-client-1.4.0-SNAPSHOT.jar:?]
	at org.apache.hadoop.ipc.ProtobufRpcEngine$Server.processCall(ProtobufRpcEngine.java:484) [hadoop-common-3.3.6.jar:?]
	at org.apache.hadoop.ipc.ProtobufRpcEngine2$Server$ProtoBufRpcInvoker.call(ProtobufRpcEngine2.java:595) [hadoop-common-3.3.6.jar:?]
	at org.apache.hadoop.ipc.ProtobufRpcEngine2$Server$ProtoBufRpcInvoker.call(ProtobufRpcEngine2.java:573) [hadoop-common-3.3.6.jar:?]
	at org.apache.hadoop.ipc.RPC$Server.call(RPC.java:1227) [hadoop-common-3.3.6.jar:?]
	at org.apache.hadoop.ipc.Server$RpcCall.run(Server.java:1094) [hadoop-common-3.3.6.jar:?]
	at org.apache.hadoop.ipc.Server$RpcCall.run(Server.java:1017) [hadoop-common-3.3.6.jar:?]
	at java.security.AccessController.doPrivileged(Native Method) ~[?:1.8.0_382]
	at javax.security.auth.Subject.doAs(Subject.java:422) [?:1.8.0_382]
	at org.apache.hadoop.security.UserGroupInformation.doAs(UserGroupInformation.java:1899) [hadoop-common-3.3.6.jar:?]
	at org.apache.hadoop.ipc.Server$Handler.run(Server.java:3048) [hadoop-common-3.3.6.jar:?]
08:57:18.774 [IPC Server handler 8 on default port 15163] ERROR OMAudit - user=runner | ip=127.0.0.1 | op=GET_FILE_STATUS {volume=volume04563, bucket=bucket31706, key=testBatchDelete/parent/childFolder/child7, dataSize=0, replicationConfig=null} | ret=FAILURE
org.apache.hadoop.ozone.om.exceptions.OMException: Unable to get file status: volume: volume04563 bucket: bucket31706 key: testBatchDelete/parent/childFolder/child7
	at org.apache.hadoop.ozone.om.KeyManagerImpl.getOzoneFileStatus(KeyManagerImpl.java:1195) ~[ozone-manager-1.4.0-SNAPSHOT.jar:?]
	at org.apache.hadoop.ozone.om.KeyManagerImpl.getFileStatus(KeyManagerImpl.java:1113) ~[ozone-manager-1.4.0-SNAPSHOT.jar:?]
	at org.apache.hadoop.ozone.om.OmMetadataReader.getFileStatus(OmMetadataReader.java:262) ~[ozone-manager-1.4.0-SNAPSHOT.jar:?]
	at org.apache.hadoop.ozone.om.OzoneManager.getFileStatus(OzoneManager.java:3530) ~[ozone-manager-1.4.0-SNAPSHOT.jar:?]
	at org.apache.hadoop.ozone.protocolPB.OzoneManagerRequestHandler.getOzoneFileStatus(OzoneManagerRequestHandler.java:971) ~[ozone-manager-1.4.0-SNAPSHOT.jar:?]
	at org.apache.hadoop.ozone.protocolPB.OzoneManagerRequestHandler.handleReadRequest(OzoneManagerRequestHandler.java:250) ~[ozone-manager-1.4.0-SNAPSHOT.jar:?]
	at org.apache.hadoop.ozone.protocolPB.OzoneManagerProtocolServerSideTranslatorPB.submitRequestDirectlyToOM(OzoneManagerProtocolServerSideTranslatorPB.java:274) ~[ozone-manager-1.4.0-SNAPSHOT.jar:?]
	at org.apache.hadoop.ozone.protocolPB.OzoneManagerProtocolServerSideTranslatorPB.processRequest(OzoneManagerProtocolServerSideTranslatorPB.java:175) ~[ozone-manager-1.4.0-SNAPSHOT.jar:?]
	at org.apache.hadoop.hdds.server.OzoneProtocolMessageDispatcher.processRequest(OzoneProtocolMessageDispatcher.java:87) [hdds-server-framework-1.4.0-SNAPSHOT.jar:?]
	at org.apache.hadoop.ozone.protocolPB.OzoneManagerProtocolServerSideTranslatorPB.submitRequest(OzoneManagerProtocolServerSideTranslatorPB.java:148) [ozone-manager-1.4.0-SNAPSHOT.jar:?]
	at org.apache.hadoop.ozone.protocol.proto.OzoneManagerProtocolProtos$OzoneManagerService$2.callBlockingMethod(OzoneManagerProtocolProtos.java) [ozone-interface-client-1.4.0-SNAPSHOT.jar:?]
	at org.apache.hadoop.ipc.ProtobufRpcEngine$Server.processCall(ProtobufRpcEngine.java:484) [hadoop-common-3.3.6.jar:?]
	at org.apache.hadoop.ipc.ProtobufRpcEngine2$Server$ProtoBufRpcInvoker.call(ProtobufRpcEngine2.java:595) [hadoop-common-3.3.6.jar:?]
	at org.apache.hadoop.ipc.ProtobufRpcEngine2$Server$ProtoBufRpcInvoker.call(ProtobufRpcEngine2.java:573) [hadoop-common-3.3.6.jar:?]
	at org.apache.hadoop.ipc.RPC$Server.call(RPC.java:1227) [hadoop-common-3.3.6.jar:?]
	at org.apache.hadoop.ipc.Server$RpcCall.run(Server.java:1094) [hadoop-common-3.3.6.jar:?]
	at org.apache.hadoop.ipc.Server$RpcCall.run(Server.java:1017) [hadoop-common-3.3.6.jar:?]
	at java.security.AccessController.doPrivileged(Native Method) ~[?:1.8.0_382]
	at javax.security.auth.Subject.doAs(Subject.java:422) [?:1.8.0_382]
	at org.apache.hadoop.security.UserGroupInformation.doAs(UserGroupInformation.java:1899) [hadoop-common-3.3.6.jar:?]
	at org.apache.hadoop.ipc.Server$Handler.run(Server.java:3048) [hadoop-common-3.3.6.jar:?]
08:57:18.775 [IPC Server handler 18 on default port 15163] ERROR OMAudit - user=runner | ip=127.0.0.1 | op=GET_FILE_STATUS {volume=volume04563, bucket=bucket31706, key=testBatchDelete/parent, dataSize=0, replicationConfig=null} | ret=FAILURE
org.apache.hadoop.ozone.om.exceptions.OMException: Unable to get file status: volume: volume04563 bucket: bucket31706 key: testBatchDelete/parent
	at org.apache.hadoop.ozone.om.KeyManagerImpl.getOzoneFileStatus(KeyManagerImpl.java:1195) ~[ozone-manager-1.4.0-SNAPSHOT.jar:?]
	at org.apache.hadoop.ozone.om.KeyManagerImpl.getFileStatus(KeyManagerImpl.java:1113) ~[ozone-manager-1.4.0-SNAPSHOT.jar:?]
	at org.apache.hadoop.ozone.om.OmMetadataReader.getFileStatus(OmMetadataReader.java:262) ~[ozone-manager-1.4.0-SNAPSHOT.jar:?]
	at org.apache.hadoop.ozone.om.OzoneManager.getFileStatus(OzoneManager.java:3530) ~[ozone-manager-1.4.0-SNAPSHOT.jar:?]
	at org.apache.hadoop.ozone.protocolPB.OzoneManagerRequestHandler.getOzoneFileStatus(OzoneManagerRequestHandler.java:971) ~[ozone-manager-1.4.0-SNAPSHOT.jar:?]
	at org.apache.hadoop.ozone.protocolPB.OzoneManagerRequestHandler.handleReadRequest(OzoneManagerRequestHandler.java:250) ~[ozone-manager-1.4.0-SNAPSHOT.jar:?]
	at org.apache.hadoop.ozone.protocolPB.OzoneManagerProtocolServerSideTranslatorPB.submitRequestDirectlyToOM(OzoneManagerProtocolServerSideTranslatorPB.java:274) ~[ozone-manager-1.4.0-SNAPSHOT.jar:?]
	at org.apache.hadoop.ozone.protocolPB.OzoneManagerProtocolServerSideTranslatorPB.processRequest(OzoneManagerProtocolServerSideTranslatorPB.java:175) ~[ozone-manager-1.4.0-SNAPSHOT.jar:?]
	at org.apache.hadoop.hdds.server.OzoneProtocolMessageDispatcher.processRequest(OzoneProtocolMessageDispatcher.java:87) [hdds-server-framework-1.4.0-SNAPSHOT.jar:?]
	at org.apache.hadoop.ozone.protocolPB.OzoneManagerProtocolServerSideTranslatorPB.submitRequest(OzoneManagerProtocolServerSideTranslatorPB.java:148) [ozone-manager-1.4.0-SNAPSHOT.jar:?]
	at org.apache.hadoop.ozone.protocol.proto.OzoneManagerProtocolProtos$OzoneManagerService$2.callBlockingMethod(OzoneManagerProtocolProtos.java) [ozone-interface-client-1.4.0-SNAPSHOT.jar:?]
	at org.apache.hadoop.ipc.ProtobufRpcEngine$Server.processCall(ProtobufRpcEngine.java:484) [hadoop-common-3.3.6.jar:?]
	at org.apache.hadoop.ipc.ProtobufRpcEngine2$Server$ProtoBufRpcInvoker.call(ProtobufRpcEngine2.java:595) [hadoop-common-3.3.6.jar:?]
	at org.apache.hadoop.ipc.ProtobufRpcEngine2$Server$ProtoBufRpcInvoker.call(ProtobufRpcEngine2.java:573) [hadoop-common-3.3.6.jar:?]
	at org.apache.hadoop.ipc.RPC$Server.call(RPC.java:1227) [hadoop-common-3.3.6.jar:?]
	at org.apache.hadoop.ipc.Server$RpcCall.run(Server.java:1094) [hadoop-common-3.3.6.jar:?]
	at org.apache.hadoop.ipc.Server$RpcCall.run(Server.java:1017) [hadoop-common-3.3.6.jar:?]
	at java.security.AccessController.doPrivileged(Native Method) ~[?:1.8.0_382]
	at javax.security.auth.Subject.doAs(Subject.java:422) [?:1.8.0_382]
	at org.apache.hadoop.security.UserGroupInformation.doAs(UserGroupInformation.java:1899) [hadoop-common-3.3.6.jar:?]
	at org.apache.hadoop.ipc.Server$Handler.run(Server.java:3048) [hadoop-common-3.3.6.jar:?]
2023-09-07 08:57:18,776 [Time-limited test] WARN  ozone.BasicOzoneFileSystem (BasicOzoneFileSystem.java:delete(595)) - delete: Path does not exist: /testBatchDelete/parent
]]></system-out>
  </testcase>
  <testcase name="testListStatusIteratorOnPageSize" classname="TestOzoneFileSystem" time="66.313">
    <system-out><![CDATA[2023-09-07 08:52:49,726 [JvmPauseMonitor5] WARN  util.JvmPauseMonitor (JvmPauseMonitor.java:detectPause(124)) - JvmPauseMonitor-7027ac8d-bbe4-4820-bd68-7a29676b00c5: Detected pause in JVM or host machine approximately 0.128s with 0.133s GC time.
GC pool 'PS Scavenge' had collection(s): count=1 time=133ms
2023-09-07 08:53:00,532 [IPC Server handler 9 on default port 15001] INFO  ha.SequenceIdGenerator (SequenceIdGenerator.java:getNextId(140)) - Allocate a batch for delTxnId, change lastId from 0 to 1000.
2023-09-07 08:53:04,254 [BlockDeletingService#0] INFO  interfaces.ContainerDeletionChoosingPolicyTemplate (ContainerDeletionChoosingPolicyTemplate.java:chooseContainerForBlockDeletion(85)) - Chosen 0/5000 blocks from 0 candidate containers.
2023-09-07 08:53:04,257 [JvmPauseMonitor0] WARN  util.JvmPauseMonitor (JvmPauseMonitor.java:detectPause(124)) - JvmPauseMonitor-7413f1fb-f377-4bb5-8a73-916ccbe8dade: Detected pause in JVM or host machine approximately 0.149s with 0.170s GC time.
GC pool 'PS Scavenge' had collection(s): count=1 time=170ms
2023-09-07 08:53:04,258 [JvmPauseMonitor6] WARN  util.JvmPauseMonitor (JvmPauseMonitor.java:detectPause(124)) - JvmPauseMonitor-21558166-7abb-48cd-85e5-e0231587e321: Detected pause in JVM or host machine approximately 0.150s with 0.170s GC time.
GC pool 'PS Scavenge' had collection(s): count=1 time=170ms
2023-09-07 08:53:04,258 [JvmPauseMonitor4] WARN  util.JvmPauseMonitor (JvmPauseMonitor.java:detectPause(124)) - JvmPauseMonitor-453fd3f5-2dd8-488f-a349-96be441c1316: Detected pause in JVM or host machine approximately 0.150s with 0.170s GC time.
GC pool 'PS Scavenge' had collection(s): count=1 time=170ms
2023-09-07 08:53:04,258 [JvmPauseMonitor1] WARN  util.JvmPauseMonitor (JvmPauseMonitor.java:detectPause(124)) - JvmPauseMonitor-om1: Detected pause in JVM or host machine approximately 0.150s with 0.170s GC time.
GC pool 'PS Scavenge' had collection(s): count=1 time=170ms
2023-09-07 08:53:04,258 [JvmPauseMonitor3] WARN  util.JvmPauseMonitor (JvmPauseMonitor.java:detectPause(124)) - JvmPauseMonitor-276dcdcd-15bf-4616-85f3-24cbc9cded34: Detected pause in JVM or host machine approximately 0.150s with 0.170s GC time.
GC pool 'PS Scavenge' had collection(s): count=1 time=170ms
2023-09-07 08:53:04,258 [JvmPauseMonitor2] WARN  util.JvmPauseMonitor (JvmPauseMonitor.java:detectPause(124)) - JvmPauseMonitor-ee526f6f-3d45-469e-9618-ca9792ac197c: Detected pause in JVM or host machine approximately 0.163s with 0.170s GC time.
GC pool 'PS Scavenge' had collection(s): count=1 time=170ms
2023-09-07 08:53:04,515 [BlockDeletingService#0] INFO  interfaces.ContainerDeletionChoosingPolicyTemplate (ContainerDeletionChoosingPolicyTemplate.java:chooseContainerForBlockDeletion(85)) - Chosen 0/5000 blocks from 0 candidate containers.
2023-09-07 08:53:04,926 [BlockDeletingService#0] INFO  interfaces.ContainerDeletionChoosingPolicyTemplate (ContainerDeletionChoosingPolicyTemplate.java:chooseContainerForBlockDeletion(85)) - Chosen 0/5000 blocks from 0 candidate containers.
2023-09-07 08:53:05,375 [BlockDeletingService#0] INFO  interfaces.ContainerDeletionChoosingPolicyTemplate (ContainerDeletionChoosingPolicyTemplate.java:chooseContainerForBlockDeletion(85)) - Chosen 0/5000 blocks from 0 candidate containers.
2023-09-07 08:53:05,778 [BlockDeletingService#0] INFO  interfaces.ContainerDeletionChoosingPolicyTemplate (ContainerDeletionChoosingPolicyTemplate.java:chooseContainerForBlockDeletion(85)) - Chosen 0/5000 blocks from 0 candidate containers.
2023-09-07 08:53:26,877 [JvmPauseMonitor0] WARN  util.JvmPauseMonitor (JvmPauseMonitor.java:detectPause(124)) - JvmPauseMonitor-7413f1fb-f377-4bb5-8a73-916ccbe8dade: Detected pause in JVM or host machine approximately 0.103s with 0.148s GC time.
GC pool 'PS Scavenge' had collection(s): count=1 time=148ms
2023-09-07 08:53:26,877 [JvmPauseMonitor5] WARN  util.JvmPauseMonitor (JvmPauseMonitor.java:detectPause(124)) - JvmPauseMonitor-7027ac8d-bbe4-4820-bd68-7a29676b00c5: Detected pause in JVM or host machine approximately 0.104s with 0.148s GC time.
GC pool 'PS Scavenge' had collection(s): count=1 time=148ms
2023-09-07 08:53:26,878 [JvmPauseMonitor1] WARN  util.JvmPauseMonitor (JvmPauseMonitor.java:detectPause(124)) - JvmPauseMonitor-om1: Detected pause in JVM or host machine approximately 0.104s with 0.148s GC time.
GC pool 'PS Scavenge' had collection(s): count=1 time=148ms
2023-09-07 08:53:26,878 [JvmPauseMonitor2] WARN  util.JvmPauseMonitor (JvmPauseMonitor.java:detectPause(124)) - JvmPauseMonitor-ee526f6f-3d45-469e-9618-ca9792ac197c: Detected pause in JVM or host machine approximately 0.104s with 0.148s GC time.
GC pool 'PS Scavenge' had collection(s): count=1 time=148ms
2023-09-07 08:53:26,877 [JvmPauseMonitor6] WARN  util.JvmPauseMonitor (JvmPauseMonitor.java:detectPause(124)) - JvmPauseMonitor-21558166-7abb-48cd-85e5-e0231587e321: Detected pause in JVM or host machine approximately 0.104s with 0.148s GC time.
GC pool 'PS Scavenge' had collection(s): count=1 time=148ms
2023-09-07 08:53:26,877 [JvmPauseMonitor4] WARN  util.JvmPauseMonitor (JvmPauseMonitor.java:detectPause(124)) - JvmPauseMonitor-453fd3f5-2dd8-488f-a349-96be441c1316: Detected pause in JVM or host machine approximately 0.103s with 0.148s GC time.
GC pool 'PS Scavenge' had collection(s): count=1 time=148ms
2023-09-07 08:53:26,878 [JvmPauseMonitor3] WARN  util.JvmPauseMonitor (JvmPauseMonitor.java:detectPause(124)) - JvmPauseMonitor-276dcdcd-15bf-4616-85f3-24cbc9cded34: Detected pause in JVM or host machine approximately 0.104s with 0.148s GC time.
GC pool 'PS Scavenge' had collection(s): count=1 time=148ms
]]></system-out>
  </testcase>
  <testcase name="testListStatusIteratorOnPageSize" classname="TestOzoneFileSystem" time="46.477">
    <system-out><![CDATA[2023-09-07 08:54:21,710 [631d0543-e884-417b-8085-5eab660cf7c0@group-76C51690F0F5-FollowerState] WARN  impl.FollowerState (FollowerState.java:run(130)) - Unexpected long sleep: sleep 5038ms but took extra 446509464ns (> threshold = 300ms)
2023-09-07 08:54:21,712 [bb55b568-9515-4c72-9e9b-b757ab502a4b@group-76C51690F0F5-FollowerState] WARN  impl.FollowerState (FollowerState.java:run(130)) - Unexpected long sleep: sleep 5126ms but took extra 526563624ns (> threshold = 300ms)
2023-09-07 08:54:21,712 [JvmPauseMonitor12] WARN  util.JvmPauseMonitor (JvmPauseMonitor.java:detectPause(124)) - JvmPauseMonitor-92b1db46-ede6-4b54-a196-785743adb798: Detected pause in JVM or host machine approximately 0.540s with 1.014s GC time.
GC pool 'PS MarkSweep' had collection(s): count=1 time=709ms
GC pool 'PS Scavenge' had collection(s): count=1 time=305ms
2023-09-07 08:54:21,713 [JvmPauseMonitor9] WARN  util.JvmPauseMonitor (JvmPauseMonitor.java:detectPause(124)) - JvmPauseMonitor-631d0543-e884-417b-8085-5eab660cf7c0: Detected pause in JVM or host machine approximately 0.645s with 1.014s GC time.
GC pool 'PS MarkSweep' had collection(s): count=1 time=709ms
GC pool 'PS Scavenge' had collection(s): count=1 time=305ms
2023-09-07 08:54:21,713 [JvmPauseMonitor8] WARN  util.JvmPauseMonitor (JvmPauseMonitor.java:detectPause(124)) - JvmPauseMonitor-028137b3-e053-4091-ad4d-0385fb8d34df: Detected pause in JVM or host machine approximately 0.647s with 1.014s GC time.
GC pool 'PS MarkSweep' had collection(s): count=1 time=709ms
GC pool 'PS Scavenge' had collection(s): count=1 time=305ms
2023-09-07 08:54:21,713 [JvmPauseMonitor13] WARN  util.JvmPauseMonitor (JvmPauseMonitor.java:detectPause(124)) - JvmPauseMonitor-f4e4783d-3001-46db-b6c9-216b79feec14: Detected pause in JVM or host machine approximately 0.648s with 1.014s GC time.
GC pool 'PS MarkSweep' had collection(s): count=1 time=709ms
GC pool 'PS Scavenge' had collection(s): count=1 time=305ms
2023-09-07 08:54:21,713 [d53ff278-24a5-4154-8938-e562e33f1fe4@group-D902EBFFD29F-FollowerState] WARN  impl.FollowerState (FollowerState.java:run(130)) - Unexpected long sleep: sleep 5193ms but took extra 656810271ns (> threshold = 300ms)
2023-09-07 08:54:21,714 [bb55b568-9515-4c72-9e9b-b757ab502a4b@group-D902EBFFD29F-FollowerState] WARN  impl.FollowerState (FollowerState.java:run(130)) - Unexpected long sleep: sleep 5080ms but took extra 802651396ns (> threshold = 300ms)
2023-09-07 08:54:21,714 [JvmPauseMonitor10] WARN  util.JvmPauseMonitor (JvmPauseMonitor.java:detectPause(124)) - JvmPauseMonitor-bb55b568-9515-4c72-9e9b-b757ab502a4b: Detected pause in JVM or host machine approximately 0.834s with 1.014s GC time.
GC pool 'PS MarkSweep' had collection(s): count=1 time=709ms
GC pool 'PS Scavenge' had collection(s): count=1 time=305ms
2023-09-07 08:54:21,715 [JvmPauseMonitor11] WARN  util.JvmPauseMonitor (JvmPauseMonitor.java:detectPause(124)) - JvmPauseMonitor-d53ff278-24a5-4154-8938-e562e33f1fe4: Detected pause in JVM or host machine approximately 0.936s with 1.014s GC time.
GC pool 'PS MarkSweep' had collection(s): count=1 time=709ms
GC pool 'PS Scavenge' had collection(s): count=1 time=305ms
2023-09-07 08:54:21,721 [JvmPauseMonitor7] WARN  util.JvmPauseMonitor (JvmPauseMonitor.java:detectPause(124)) - JvmPauseMonitor-11e7d334-8346-4215-aae1-33957314840b: Detected pause in JVM or host machine approximately 1.019s with 1.014s GC time.
GC pool 'PS MarkSweep' had collection(s): count=1 time=709ms
GC pool 'PS Scavenge' had collection(s): count=1 time=305ms
2023-09-07 08:54:57,942 [IPC Server handler 5 on default port 15054] INFO  ha.SequenceIdGenerator (SequenceIdGenerator.java:getNextId(140)) - Allocate a batch for delTxnId, change lastId from 0 to 1000.
2023-09-07 08:55:00,501 [BlockDeletingService#0] INFO  interfaces.ContainerDeletionChoosingPolicyTemplate (ContainerDeletionChoosingPolicyTemplate.java:chooseContainerForBlockDeletion(85)) - Chosen 0/5000 blocks from 0 candidate containers.
2023-09-07 08:55:00,872 [BlockDeletingService#0] INFO  interfaces.ContainerDeletionChoosingPolicyTemplate (ContainerDeletionChoosingPolicyTemplate.java:chooseContainerForBlockDeletion(85)) - Chosen 0/5000 blocks from 0 candidate containers.
2023-09-07 08:55:01,279 [BlockDeletingService#0] INFO  interfaces.ContainerDeletionChoosingPolicyTemplate (ContainerDeletionChoosingPolicyTemplate.java:chooseContainerForBlockDeletion(85)) - Chosen 0/5000 blocks from 0 candidate containers.
2023-09-07 08:55:01,656 [BlockDeletingService#0] INFO  interfaces.ContainerDeletionChoosingPolicyTemplate (ContainerDeletionChoosingPolicyTemplate.java:chooseContainerForBlockDeletion(85)) - Chosen 0/5000 blocks from 0 candidate containers.
2023-09-07 08:55:02,010 [BlockDeletingService#0] INFO  interfaces.ContainerDeletionChoosingPolicyTemplate (ContainerDeletionChoosingPolicyTemplate.java:chooseContainerForBlockDeletion(85)) - Chosen 0/5000 blocks from 0 candidate containers.
]]></system-out>
  </testcase>
  <testcase name="testListStatusIteratorOnPageSize" classname="TestOzoneFileSystem" time="56.468">
    <system-out><![CDATA[2023-09-07 08:55:54,809 [JvmPauseMonitor19] WARN  util.JvmPauseMonitor (JvmPauseMonitor.java:detectPause(124)) - JvmPauseMonitor-59e7d543-5a74-4c1b-8513-ed64d8264a1e: Detected pause in JVM or host machine approximately 0.170s with 0.176s GC time.
GC pool 'PS Scavenge' had collection(s): count=1 time=176ms
2023-09-07 08:56:10,922 [JvmPauseMonitor18] WARN  util.JvmPauseMonitor (JvmPauseMonitor.java:detectPause(124)) - JvmPauseMonitor-a16823de-594d-4810-9c20-2473ba2acfd2: Detected pause in JVM or host machine approximately 0.101s with 0.148s GC time.
GC pool 'PS Scavenge' had collection(s): count=1 time=148ms
2023-09-07 08:56:16,522 [JvmPauseMonitor19] WARN  util.JvmPauseMonitor (JvmPauseMonitor.java:detectPause(124)) - JvmPauseMonitor-59e7d543-5a74-4c1b-8513-ed64d8264a1e: Detected pause in JVM or host machine approximately 0.104s with 0.135s GC time.
GC pool 'PS Scavenge' had collection(s): count=1 time=135ms
2023-09-07 08:56:16,522 [JvmPauseMonitor14] WARN  util.JvmPauseMonitor (JvmPauseMonitor.java:detectPause(124)) - JvmPauseMonitor-b91528af-52b9-4687-ab0a-a246129d484b: Detected pause in JVM or host machine approximately 0.106s with 0.135s GC time.
GC pool 'PS Scavenge' had collection(s): count=1 time=135ms
2023-09-07 08:56:23,006 [IPC Server handler 15 on default port 15107] INFO  ha.SequenceIdGenerator (SequenceIdGenerator.java:getNextId(140)) - Allocate a batch for delTxnId, change lastId from 0 to 1000.
2023-09-07 08:56:25,561 [BlockDeletingService#0] INFO  interfaces.ContainerDeletionChoosingPolicyTemplate (ContainerDeletionChoosingPolicyTemplate.java:chooseContainerForBlockDeletion(85)) - Chosen 0/5000 blocks from 0 candidate containers.
2023-09-07 08:56:27,395 [BlockDeletingService#0] INFO  interfaces.ContainerDeletionChoosingPolicyTemplate (ContainerDeletionChoosingPolicyTemplate.java:chooseContainerForBlockDeletion(85)) - Chosen 0/5000 blocks from 0 candidate containers.
2023-09-07 08:56:27,402 [5b4afb20-df00-40b2-9151-744536d77108@group-9A9D866393FD-FollowerState] WARN  impl.FollowerState (FollowerState.java:run(130)) - Unexpected long sleep: sleep 5162ms but took extra 512212327ns (> threshold = 300ms)
2023-09-07 08:56:27,403 [a16823de-594d-4810-9c20-2473ba2acfd2@group-778471A2FC67-FollowerState] WARN  impl.FollowerState (FollowerState.java:run(130)) - Unexpected long sleep: sleep 5017ms but took extra 607149248ns (> threshold = 300ms)
2023-09-07 08:56:27,404 [a9310303-e7f9-4a41-8a27-a7a2ce3a6d76@group-778471A2FC67-FollowerState] WARN  impl.FollowerState (FollowerState.java:run(130)) - Unexpected long sleep: sleep 5038ms but took extra 638172845ns (> threshold = 300ms)
2023-09-07 08:56:27,405 [a9310303-e7f9-4a41-8a27-a7a2ce3a6d76@group-9A9D866393FD-FollowerState] WARN  impl.FollowerState (FollowerState.java:run(130)) - Unexpected long sleep: sleep 5103ms but took extra 754833181ns (> threshold = 300ms)
2023-09-07 08:56:27,422 [BlockDeletingService#0] INFO  interfaces.ContainerDeletionChoosingPolicyTemplate (ContainerDeletionChoosingPolicyTemplate.java:chooseContainerForBlockDeletion(85)) - Chosen 0/5000 blocks from 0 candidate containers.
2023-09-07 08:56:27,430 [BlockDeletingService#0] INFO  interfaces.ContainerDeletionChoosingPolicyTemplate (ContainerDeletionChoosingPolicyTemplate.java:chooseContainerForBlockDeletion(85)) - Chosen 0/5000 blocks from 0 candidate containers.
2023-09-07 08:56:27,451 [JvmPauseMonitor16] WARN  util.JvmPauseMonitor (JvmPauseMonitor.java:detectPause(124)) - JvmPauseMonitor-5b4afb20-df00-40b2-9151-744536d77108: Detected pause in JVM or host machine approximately 1.380s with 1.770s GC time.
GC pool 'PS MarkSweep' had collection(s): count=1 time=1406ms
GC pool 'PS Scavenge' had collection(s): count=1 time=364ms
2023-09-07 08:56:27,453 [JvmPauseMonitor20] WARN  util.JvmPauseMonitor (JvmPauseMonitor.java:detectPause(124)) - JvmPauseMonitor-ce3bbe74-48b8-4e84-ab92-3c2bb9d4f215: Detected pause in JVM or host machine approximately 1.383s with 1.770s GC time.
GC pool 'PS MarkSweep' had collection(s): count=1 time=1406ms
GC pool 'PS Scavenge' had collection(s): count=1 time=364ms
2023-09-07 08:56:27,453 [JvmPauseMonitor15] WARN  util.JvmPauseMonitor (JvmPauseMonitor.java:detectPause(124)) - JvmPauseMonitor-om1: Detected pause in JVM or host machine approximately 1.383s with 1.770s GC time.
GC pool 'PS MarkSweep' had collection(s): count=1 time=1406ms
GC pool 'PS Scavenge' had collection(s): count=1 time=364ms
2023-09-07 08:56:27,453 [JvmPauseMonitor17] WARN  util.JvmPauseMonitor (JvmPauseMonitor.java:detectPause(124)) - JvmPauseMonitor-a9310303-e7f9-4a41-8a27-a7a2ce3a6d76: Detected pause in JVM or host machine approximately 1.384s with 1.770s GC time.
GC pool 'PS MarkSweep' had collection(s): count=1 time=1406ms
GC pool 'PS Scavenge' had collection(s): count=1 time=364ms
2023-09-07 08:56:27,454 [JvmPauseMonitor18] WARN  util.JvmPauseMonitor (JvmPauseMonitor.java:detectPause(124)) - JvmPauseMonitor-a16823de-594d-4810-9c20-2473ba2acfd2: Detected pause in JVM or host machine approximately 1.428s with 1.770s GC time.
GC pool 'PS MarkSweep' had collection(s): count=1 time=1406ms
GC pool 'PS Scavenge' had collection(s): count=1 time=364ms
2023-09-07 08:56:27,454 [JvmPauseMonitor19] WARN  util.JvmPauseMonitor (JvmPauseMonitor.java:detectPause(124)) - JvmPauseMonitor-59e7d543-5a74-4c1b-8513-ed64d8264a1e: Detected pause in JVM or host machine approximately 1.429s with 1.770s GC time.
GC pool 'PS MarkSweep' had collection(s): count=1 time=1406ms
GC pool 'PS Scavenge' had collection(s): count=1 time=364ms
2023-09-07 08:56:27,454 [JvmPauseMonitor14] WARN  util.JvmPauseMonitor (JvmPauseMonitor.java:detectPause(124)) - JvmPauseMonitor-b91528af-52b9-4687-ab0a-a246129d484b: Detected pause in JVM or host machine approximately 1.428s with 1.770s GC time.
GC pool 'PS MarkSweep' had collection(s): count=1 time=1406ms
GC pool 'PS Scavenge' had collection(s): count=1 time=364ms
2023-09-07 08:56:27,461 [BlockDeletingService#0] INFO  interfaces.ContainerDeletionChoosingPolicyTemplate (ContainerDeletionChoosingPolicyTemplate.java:chooseContainerForBlockDeletion(85)) - Chosen 0/5000 blocks from 0 candidate containers.
]]></system-out>
  </testcase>
  <testcase name="testListStatusIteratorOnPageSize" classname="TestOzoneFileSystem" time="46.615">
    <system-out><![CDATA[2023-09-07 08:57:20,871 [JvmPauseMonitor21] WARN  util.JvmPauseMonitor (JvmPauseMonitor.java:detectPause(124)) - JvmPauseMonitor-34f080e7-005e-4d54-893a-456c4a218ccd: Detected pause in JVM or host machine approximately 0.343s with 0.624s GC time.
GC pool 'PS MarkSweep' had collection(s): count=1 time=531ms
GC pool 'PS Scavenge' had collection(s): count=1 time=93ms
2023-09-07 08:57:20,871 [JvmPauseMonitor22] WARN  util.JvmPauseMonitor (JvmPauseMonitor.java:detectPause(124)) - JvmPauseMonitor-a3ff1732-de50-4a9f-b32f-8361350f6b2b: Detected pause in JVM or host machine approximately 0.488s with 0.624s GC time.
GC pool 'PS MarkSweep' had collection(s): count=1 time=531ms
GC pool 'PS Scavenge' had collection(s): count=1 time=93ms
2023-09-07 08:57:20,871 [JvmPauseMonitor26] WARN  util.JvmPauseMonitor (JvmPauseMonitor.java:detectPause(124)) - JvmPauseMonitor-c9797992-92b1-488c-b385-6ae238fab233: Detected pause in JVM or host machine approximately 0.391s with 0.624s GC time.
GC pool 'PS MarkSweep' had collection(s): count=1 time=531ms
GC pool 'PS Scavenge' had collection(s): count=1 time=93ms
2023-09-07 08:57:20,871 [JvmPauseMonitor27] WARN  util.JvmPauseMonitor (JvmPauseMonitor.java:detectPause(124)) - JvmPauseMonitor-bacf23c7-6e92-44d7-b9fe-c924128d47d1: Detected pause in JVM or host machine approximately 0.515s with 0.624s GC time.
GC pool 'PS MarkSweep' had collection(s): count=1 time=531ms
GC pool 'PS Scavenge' had collection(s): count=1 time=93ms
2023-09-07 08:57:20,871 [JvmPauseMonitor23] WARN  util.JvmPauseMonitor (JvmPauseMonitor.java:detectPause(124)) - JvmPauseMonitor-c2dbcf2b-518f-41ea-bd88-da292e0ddc39: Detected pause in JVM or host machine approximately 0.472s with 0.624s GC time.
GC pool 'PS MarkSweep' had collection(s): count=1 time=531ms
GC pool 'PS Scavenge' had collection(s): count=1 time=93ms
2023-09-07 08:57:20,872 [JvmPauseMonitor25] WARN  util.JvmPauseMonitor (JvmPauseMonitor.java:detectPause(124)) - JvmPauseMonitor-469bc52f-827e-4f59-b4d6-1102a4459bcd: Detected pause in JVM or host machine approximately 0.227s with 0.624s GC time.
GC pool 'PS MarkSweep' had collection(s): count=1 time=531ms
GC pool 'PS Scavenge' had collection(s): count=1 time=93ms
2023-09-07 08:57:20,873 [JvmPauseMonitor24] WARN  util.JvmPauseMonitor (JvmPauseMonitor.java:detectPause(124)) - JvmPauseMonitor-a34f2eca-ee32-4394-bb15-3b741437dcd0: Detected pause in JVM or host machine approximately 0.607s with 0.624s GC time.
GC pool 'PS MarkSweep' had collection(s): count=1 time=531ms
GC pool 'PS Scavenge' had collection(s): count=1 time=93ms
2023-09-07 08:58:00,352 [IPC Server handler 8 on default port 15160] INFO  ha.SequenceIdGenerator (SequenceIdGenerator.java:getNextId(140)) - Allocate a batch for delTxnId, change lastId from 0 to 1000.
2023-09-07 08:58:02,903 [BlockDeletingService#0] INFO  interfaces.ContainerDeletionChoosingPolicyTemplate (ContainerDeletionChoosingPolicyTemplate.java:chooseContainerForBlockDeletion(85)) - Chosen 0/5000 blocks from 0 candidate containers.
2023-09-07 08:58:03,266 [BlockDeletingService#0] INFO  interfaces.ContainerDeletionChoosingPolicyTemplate (ContainerDeletionChoosingPolicyTemplate.java:chooseContainerForBlockDeletion(85)) - Chosen 0/5000 blocks from 0 candidate containers.
2023-09-07 08:58:03,639 [BlockDeletingService#0] INFO  interfaces.ContainerDeletionChoosingPolicyTemplate (ContainerDeletionChoosingPolicyTemplate.java:chooseContainerForBlockDeletion(85)) - Chosen 0/5000 blocks from 0 candidate containers.
2023-09-07 08:58:03,974 [BlockDeletingService#0] INFO  interfaces.ContainerDeletionChoosingPolicyTemplate (ContainerDeletionChoosingPolicyTemplate.java:chooseContainerForBlockDeletion(85)) - Chosen 0/5000 blocks from 0 candidate containers.
2023-09-07 08:58:04,354 [BlockDeletingService#0] INFO  interfaces.ContainerDeletionChoosingPolicyTemplate (ContainerDeletionChoosingPolicyTemplate.java:chooseContainerForBlockDeletion(85)) - Chosen 0/5000 blocks from 0 candidate containers.
]]></system-out>
  </testcase>
  <testcase name="testListStatusWithIntermediateDir" classname="TestOzoneFileSystem" time="0.063">
    <system-out><![CDATA[2023-09-07 08:53:32,839 [OM StateMachine ApplyTransaction Thread - 0] WARN  helpers.QuotaUtil (QuotaUtil.java:getReplicatedSize(63)) - Unknown replication type 'STAND_ALONE'. Returning original data size.
2023-09-07 08:53:32,845 [Time-limited test] WARN  helpers.QuotaUtil (QuotaUtil.java:getReplicatedSize(63)) - Unknown replication type 'STAND_ALONE'. Returning original data size.
2023-09-07 08:53:32,856 [Time-limited test] WARN  helpers.QuotaUtil (QuotaUtil.java:getReplicatedSize(63)) - Unknown replication type 'STAND_ALONE'. Returning original data size.
2023-09-07 08:53:32,857 [Time-limited test] WARN  helpers.QuotaUtil (QuotaUtil.java:getReplicatedSize(63)) - Unknown replication type 'STAND_ALONE'. Returning original data size.
2023-09-07 08:53:32,858 [Time-limited test] WARN  helpers.QuotaUtil (QuotaUtil.java:getReplicatedSize(63)) - Unknown replication type 'STAND_ALONE'. Returning original data size.
]]></system-out>
  </testcase>
  <testcase name="testListStatusWithIntermediateDir" classname="TestOzoneFileSystem" time="0.053">
    <system-out><![CDATA[2023-09-07 08:55:03,977 [IPC Server handler 9 on default port 15057] WARN  helpers.QuotaUtil (QuotaUtil.java:getReplicatedSize(63)) - Unknown replication type 'STAND_ALONE'. Returning original data size.
2023-09-07 08:55:03,983 [Time-limited test] WARN  helpers.QuotaUtil (QuotaUtil.java:getReplicatedSize(63)) - Unknown replication type 'STAND_ALONE'. Returning original data size.
2023-09-07 08:55:03,991 [Time-limited test] WARN  helpers.QuotaUtil (QuotaUtil.java:getReplicatedSize(63)) - Unknown replication type 'STAND_ALONE'. Returning original data size.
2023-09-07 08:55:03,992 [Time-limited test] WARN  helpers.QuotaUtil (QuotaUtil.java:getReplicatedSize(63)) - Unknown replication type 'STAND_ALONE'. Returning original data size.
2023-09-07 08:55:03,992 [Time-limited test] WARN  helpers.QuotaUtil (QuotaUtil.java:getReplicatedSize(63)) - Unknown replication type 'STAND_ALONE'. Returning original data size.
]]></system-out>
  </testcase>
  <testcase name="testListStatusWithIntermediateDir" classname="TestOzoneFileSystem" time="0.045">
    <system-out><![CDATA[2023-09-07 08:56:37,974 [OM StateMachine ApplyTransaction Thread - 0] WARN  helpers.QuotaUtil (QuotaUtil.java:getReplicatedSize(63)) - Unknown replication type 'STAND_ALONE'. Returning original data size.
2023-09-07 08:56:37,982 [Time-limited test] WARN  helpers.QuotaUtil (QuotaUtil.java:getReplicatedSize(63)) - Unknown replication type 'STAND_ALONE'. Returning original data size.
2023-09-07 08:56:37,988 [Time-limited test] WARN  helpers.QuotaUtil (QuotaUtil.java:getReplicatedSize(63)) - Unknown replication type 'STAND_ALONE'. Returning original data size.
]]></system-out>
  </testcase>
  <testcase name="testListStatusWithIntermediateDir" classname="TestOzoneFileSystem" time="0.115">
    <system-out><![CDATA[2023-09-07 08:58:05,480 [IPC Server handler 1 on default port 15163] WARN  helpers.QuotaUtil (QuotaUtil.java:getReplicatedSize(63)) - Unknown replication type 'STAND_ALONE'. Returning original data size.
2023-09-07 08:58:05,489 [Time-limited test] WARN  helpers.QuotaUtil (QuotaUtil.java:getReplicatedSize(63)) - Unknown replication type 'STAND_ALONE'. Returning original data size.
2023-09-07 08:58:05,495 [Time-limited test] WARN  helpers.QuotaUtil (QuotaUtil.java:getReplicatedSize(63)) - Unknown replication type 'STAND_ALONE'. Returning original data size.
]]></system-out>
  </testcase>
  <testcase name="testRenameSourceAndDestinAreSame" classname="TestOzoneFileSystem" time="0.046"/>
  <testcase name="testRenameSourceAndDestinAreSame" classname="TestOzoneFileSystem" time="0.035"/>
  <testcase name="testRenameSourceAndDestinAreSame" classname="TestOzoneFileSystem" time="0.029"/>
  <testcase name="testRenameSourceAndDestinAreSame" classname="TestOzoneFileSystem" time="0.028"/>
  <testcase name="testListStatusIteratorWithDir" classname="TestOzoneFileSystem" time="0.079"/>
  <testcase name="testListStatusIteratorWithDir" classname="TestOzoneFileSystem" time="0.072"/>
  <testcase name="testListStatusIteratorWithDir" classname="TestOzoneFileSystem" time="0.067"/>
  <testcase name="testListStatusIteratorWithDir" classname="TestOzoneFileSystem" time="0.066"/>
  <testcase name="testListStatusOnLargeDirectory" classname="TestOzoneFileSystem" time="11.686">
    <system-out><![CDATA[2023-09-07 08:53:35,574 [JvmPauseMonitor3] WARN  util.JvmPauseMonitor (JvmPauseMonitor.java:detectPause(124)) - JvmPauseMonitor-276dcdcd-15bf-4616-85f3-24cbc9cded34: Detected pause in JVM or host machine approximately 0.185s with 0.270s GC time.
GC pool 'PS Scavenge' had collection(s): count=1 time=270ms
2023-09-07 08:53:35,574 [JvmPauseMonitor5] WARN  util.JvmPauseMonitor (JvmPauseMonitor.java:detectPause(124)) - JvmPauseMonitor-7027ac8d-bbe4-4820-bd68-7a29676b00c5: Detected pause in JVM or host machine approximately 0.185s with 0.270s GC time.
GC pool 'PS Scavenge' had collection(s): count=1 time=270ms
2023-09-07 08:53:35,574 [JvmPauseMonitor2] WARN  util.JvmPauseMonitor (JvmPauseMonitor.java:detectPause(124)) - JvmPauseMonitor-ee526f6f-3d45-469e-9618-ca9792ac197c: Detected pause in JVM or host machine approximately 0.190s with 0.270s GC time.
GC pool 'PS Scavenge' had collection(s): count=1 time=270ms
2023-09-07 08:53:35,574 [JvmPauseMonitor0] WARN  util.JvmPauseMonitor (JvmPauseMonitor.java:detectPause(124)) - JvmPauseMonitor-7413f1fb-f377-4bb5-8a73-916ccbe8dade: Detected pause in JVM or host machine approximately 0.191s with 0.270s GC time.
GC pool 'PS Scavenge' had collection(s): count=1 time=270ms
2023-09-07 08:53:35,574 [JvmPauseMonitor1] WARN  util.JvmPauseMonitor (JvmPauseMonitor.java:detectPause(124)) - JvmPauseMonitor-om1: Detected pause in JVM or host machine approximately 0.192s with 0.270s GC time.
GC pool 'PS Scavenge' had collection(s): count=1 time=270ms
2023-09-07 08:53:35,575 [JvmPauseMonitor6] WARN  util.JvmPauseMonitor (JvmPauseMonitor.java:detectPause(124)) - JvmPauseMonitor-21558166-7abb-48cd-85e5-e0231587e321: Detected pause in JVM or host machine approximately 0.192s with 0.270s GC time.
GC pool 'PS Scavenge' had collection(s): count=1 time=270ms
2023-09-07 08:53:35,575 [JvmPauseMonitor4] WARN  util.JvmPauseMonitor (JvmPauseMonitor.java:detectPause(124)) - JvmPauseMonitor-453fd3f5-2dd8-488f-a349-96be441c1316: Detected pause in JVM or host machine approximately 0.194s with 0.270s GC time.
GC pool 'PS Scavenge' had collection(s): count=1 time=270ms
]]></system-out>
  </testcase>
  <testcase name="testListStatusOnLargeDirectory" classname="TestOzoneFileSystem" time="9.534"/>
  <testcase name="testListStatusOnLargeDirectory" classname="TestOzoneFileSystem" time="10.764"/>
  <testcase name="testListStatusOnLargeDirectory" classname="TestOzoneFileSystem" time="9.26"/>
  <testcase name="testFileSystemDeclaresCapability" classname="TestOzoneFileSystem" time="0.021"/>
  <testcase name="testFileSystemDeclaresCapability" classname="TestOzoneFileSystem" time="0.012"/>
  <testcase name="testFileSystemDeclaresCapability" classname="TestOzoneFileSystem" time="0.013"/>
  <testcase name="testFileSystemDeclaresCapability" classname="TestOzoneFileSystem" time="0.015"/>
  <testcase name="testCreateKeyShouldUseRefreshedBucketReplicationConfig" classname="TestOzoneFileSystem" time="0.461">
    <system-out><![CDATA[2023-09-07 08:53:44,731 [Time-limited test] INFO  rpc.RpcClient (RpcClient.java:createVolume(461)) - Creating Volume: volume87732, with user99682 as owner and space quota set to -1 bytes, counts quota set to -1
2023-09-07 08:53:44,740 [OM StateMachine ApplyTransaction Thread - 0] INFO  volume.OMVolumeCreateRequest (OMVolumeCreateRequest.java:validateAndUpdateCache(196)) - created volume:volume87732 for user:user99682
2023-09-07 08:53:44,743 [Time-limited test] INFO  rpc.RpcClient (RpcClient.java:createBucket(688)) - Creating Bucket: volume87732/bucket13597, with bucket layout LEGACY, runner as owner, Versioning false, Storage Type set to DISK and Encryption set to false, Replication Type set to server-side default replication type, Namespace Quota set to -1, Space Quota set to -1 
2023-09-07 08:53:44,746 [OM StateMachine ApplyTransaction Thread - 0] INFO  bucket.OMBucketCreateRequest (OMBucketCreateRequest.java:validateAndUpdateCache(270)) - created bucket: bucket13597 of layout LEGACY in volume: volume87732
2023-09-07 08:53:44,873 [IPC Server handler 4 on default port 15001] INFO  algorithms.SCMContainerPlacementRackScatter (SCMContainerPlacementRackScatter.java:chooseDatanodesInternal(362)) - Chosen nodes: [21558166-7abb-48cd-85e5-e0231587e321(fv-az793-921.vth4h2cvs0culokhaokvhxz15b.jx.internal.cloudapp.net/10.1.0.48), 453fd3f5-2dd8-488f-a349-96be441c1316(fv-az793-921.vth4h2cvs0culokhaokvhxz15b.jx.internal.cloudapp.net/10.1.0.48), ee526f6f-3d45-469e-9618-ca9792ac197c(fv-az793-921.vth4h2cvs0culokhaokvhxz15b.jx.internal.cloudapp.net/10.1.0.48), 276dcdcd-15bf-4616-85f3-24cbc9cded34(fv-az793-921.vth4h2cvs0culokhaokvhxz15b.jx.internal.cloudapp.net/10.1.0.48), 7027ac8d-bbe4-4820-bd68-7a29676b00c5(fv-az793-921.vth4h2cvs0culokhaokvhxz15b.jx.internal.cloudapp.net/10.1.0.48)]. isPolicySatisfied: true.
2023-09-07 08:53:44,876 [IPC Server handler 4 on default port 15001] INFO  pipeline.WritableECContainerProvider (WritableECContainerProvider.java:allocateContainer(211)) - Created and opened new pipeline Pipeline[ Id: 95be51b1-fe65-4fa0-800f-f7302e842ff3, Nodes: 21558166-7abb-48cd-85e5-e0231587e321(fv-az793-921.vth4h2cvs0culokhaokvhxz15b.jx.internal.cloudapp.net/10.1.0.48)453fd3f5-2dd8-488f-a349-96be441c1316(fv-az793-921.vth4h2cvs0culokhaokvhxz15b.jx.internal.cloudapp.net/10.1.0.48)ee526f6f-3d45-469e-9618-ca9792ac197c(fv-az793-921.vth4h2cvs0culokhaokvhxz15b.jx.internal.cloudapp.net/10.1.0.48)276dcdcd-15bf-4616-85f3-24cbc9cded34(fv-az793-921.vth4h2cvs0culokhaokvhxz15b.jx.internal.cloudapp.net/10.1.0.48)7027ac8d-bbe4-4820-bd68-7a29676b00c5(fv-az793-921.vth4h2cvs0culokhaokvhxz15b.jx.internal.cloudapp.net/10.1.0.48), ReplicationConfig: EC{rs-3-2-1024k}, State:ALLOCATED, leaderId:, CreationTimestamp2023-09-07T08:53:44.874Z[Etc/UTC]]
2023-09-07 08:53:44,946 [Time-limited test] WARN  erasurecode.ErasureCodeNative (ErasureCodeNative.java:<clinit>(55)) - ISA-L support is not available in your platform... using builtin-java codec where applicable
2023-09-07 08:53:45,088 [IPC Server handler 5 on default port 15001] INFO  algorithms.SCMContainerPlacementRackScatter (SCMContainerPlacementRackScatter.java:chooseDatanodesInternal(362)) - Chosen nodes: [453fd3f5-2dd8-488f-a349-96be441c1316(fv-az793-921.vth4h2cvs0culokhaokvhxz15b.jx.internal.cloudapp.net/10.1.0.48), 276dcdcd-15bf-4616-85f3-24cbc9cded34(fv-az793-921.vth4h2cvs0culokhaokvhxz15b.jx.internal.cloudapp.net/10.1.0.48), 7027ac8d-bbe4-4820-bd68-7a29676b00c5(fv-az793-921.vth4h2cvs0culokhaokvhxz15b.jx.internal.cloudapp.net/10.1.0.48), 21558166-7abb-48cd-85e5-e0231587e321(fv-az793-921.vth4h2cvs0culokhaokvhxz15b.jx.internal.cloudapp.net/10.1.0.48), ee526f6f-3d45-469e-9618-ca9792ac197c(fv-az793-921.vth4h2cvs0culokhaokvhxz15b.jx.internal.cloudapp.net/10.1.0.48)]. isPolicySatisfied: true.
2023-09-07 08:53:45,091 [IPC Server handler 5 on default port 15001] INFO  pipeline.WritableECContainerProvider (WritableECContainerProvider.java:allocateContainer(211)) - Created and opened new pipeline Pipeline[ Id: 31d48c18-d8db-40d9-9b25-f2e6e4d14e07, Nodes: 453fd3f5-2dd8-488f-a349-96be441c1316(fv-az793-921.vth4h2cvs0culokhaokvhxz15b.jx.internal.cloudapp.net/10.1.0.48)276dcdcd-15bf-4616-85f3-24cbc9cded34(fv-az793-921.vth4h2cvs0culokhaokvhxz15b.jx.internal.cloudapp.net/10.1.0.48)7027ac8d-bbe4-4820-bd68-7a29676b00c5(fv-az793-921.vth4h2cvs0culokhaokvhxz15b.jx.internal.cloudapp.net/10.1.0.48)21558166-7abb-48cd-85e5-e0231587e321(fv-az793-921.vth4h2cvs0culokhaokvhxz15b.jx.internal.cloudapp.net/10.1.0.48)ee526f6f-3d45-469e-9618-ca9792ac197c(fv-az793-921.vth4h2cvs0culokhaokvhxz15b.jx.internal.cloudapp.net/10.1.0.48), ReplicationConfig: EC{rs-3-2-1024k}, State:ALLOCATED, leaderId:, CreationTimestamp2023-09-07T08:53:45.089Z[Etc/UTC]]
]]></system-out>
  </testcase>
  <testcase name="testCreateKeyShouldUseRefreshedBucketReplicationConfig" classname="TestOzoneFileSystem" time="0.2">
    <system-out><![CDATA[2023-09-07 08:55:13,681 [Time-limited test] INFO  rpc.RpcClient (RpcClient.java:createVolume(461)) - Creating Volume: volume28833, with user61991 as owner and space quota set to -1 bytes, counts quota set to -1
2023-09-07 08:55:13,683 [IPC Server handler 18 on default port 15057] INFO  volume.OMVolumeCreateRequest (OMVolumeCreateRequest.java:validateAndUpdateCache(196)) - created volume:volume28833 for user:user61991
2023-09-07 08:55:13,685 [Time-limited test] INFO  rpc.RpcClient (RpcClient.java:createBucket(688)) - Creating Bucket: volume28833/bucket71046, with bucket layout LEGACY, runner as owner, Versioning false, Storage Type set to DISK and Encryption set to false, Replication Type set to server-side default replication type, Namespace Quota set to -1, Space Quota set to -1 
2023-09-07 08:55:13,686 [IPC Server handler 16 on default port 15057] INFO  bucket.OMBucketCreateRequest (OMBucketCreateRequest.java:validateAndUpdateCache(270)) - created bucket: bucket71046 of layout LEGACY in volume: volume28833
2023-09-07 08:55:13,736 [IPC Server handler 1 on default port 15054] INFO  algorithms.SCMContainerPlacementRackScatter (SCMContainerPlacementRackScatter.java:chooseDatanodesInternal(362)) - Chosen nodes: [bb55b568-9515-4c72-9e9b-b757ab502a4b(fv-az793-921.vth4h2cvs0culokhaokvhxz15b.jx.internal.cloudapp.net/10.1.0.48), d53ff278-24a5-4154-8938-e562e33f1fe4(fv-az793-921.vth4h2cvs0culokhaokvhxz15b.jx.internal.cloudapp.net/10.1.0.48), 631d0543-e884-417b-8085-5eab660cf7c0(fv-az793-921.vth4h2cvs0culokhaokvhxz15b.jx.internal.cloudapp.net/10.1.0.48), 92b1db46-ede6-4b54-a196-785743adb798(fv-az793-921.vth4h2cvs0culokhaokvhxz15b.jx.internal.cloudapp.net/10.1.0.48), f4e4783d-3001-46db-b6c9-216b79feec14(fv-az793-921.vth4h2cvs0culokhaokvhxz15b.jx.internal.cloudapp.net/10.1.0.48)]. isPolicySatisfied: true.
2023-09-07 08:55:13,738 [IPC Server handler 1 on default port 15054] INFO  pipeline.WritableECContainerProvider (WritableECContainerProvider.java:allocateContainer(211)) - Created and opened new pipeline Pipeline[ Id: 5a74cc0d-32e5-4acc-a4d0-bb5f5683be95, Nodes: bb55b568-9515-4c72-9e9b-b757ab502a4b(fv-az793-921.vth4h2cvs0culokhaokvhxz15b.jx.internal.cloudapp.net/10.1.0.48)d53ff278-24a5-4154-8938-e562e33f1fe4(fv-az793-921.vth4h2cvs0culokhaokvhxz15b.jx.internal.cloudapp.net/10.1.0.48)631d0543-e884-417b-8085-5eab660cf7c0(fv-az793-921.vth4h2cvs0culokhaokvhxz15b.jx.internal.cloudapp.net/10.1.0.48)92b1db46-ede6-4b54-a196-785743adb798(fv-az793-921.vth4h2cvs0culokhaokvhxz15b.jx.internal.cloudapp.net/10.1.0.48)f4e4783d-3001-46db-b6c9-216b79feec14(fv-az793-921.vth4h2cvs0culokhaokvhxz15b.jx.internal.cloudapp.net/10.1.0.48), ReplicationConfig: EC{rs-3-2-1024k}, State:ALLOCATED, leaderId:, CreationTimestamp2023-09-07T08:55:13.736Z[Etc/UTC]]
2023-09-07 08:55:13,793 [IPC Server handler 4 on default port 15054] INFO  algorithms.SCMContainerPlacementRackScatter (SCMContainerPlacementRackScatter.java:chooseDatanodesInternal(362)) - Chosen nodes: [631d0543-e884-417b-8085-5eab660cf7c0(fv-az793-921.vth4h2cvs0culokhaokvhxz15b.jx.internal.cloudapp.net/10.1.0.48), d53ff278-24a5-4154-8938-e562e33f1fe4(fv-az793-921.vth4h2cvs0culokhaokvhxz15b.jx.internal.cloudapp.net/10.1.0.48), f4e4783d-3001-46db-b6c9-216b79feec14(fv-az793-921.vth4h2cvs0culokhaokvhxz15b.jx.internal.cloudapp.net/10.1.0.48), bb55b568-9515-4c72-9e9b-b757ab502a4b(fv-az793-921.vth4h2cvs0culokhaokvhxz15b.jx.internal.cloudapp.net/10.1.0.48), 92b1db46-ede6-4b54-a196-785743adb798(fv-az793-921.vth4h2cvs0culokhaokvhxz15b.jx.internal.cloudapp.net/10.1.0.48)]. isPolicySatisfied: true.
2023-09-07 08:55:13,795 [IPC Server handler 4 on default port 15054] INFO  pipeline.WritableECContainerProvider (WritableECContainerProvider.java:allocateContainer(211)) - Created and opened new pipeline Pipeline[ Id: 48f86eec-d734-47f3-9d66-afc5bb7dead2, Nodes: 631d0543-e884-417b-8085-5eab660cf7c0(fv-az793-921.vth4h2cvs0culokhaokvhxz15b.jx.internal.cloudapp.net/10.1.0.48)d53ff278-24a5-4154-8938-e562e33f1fe4(fv-az793-921.vth4h2cvs0culokhaokvhxz15b.jx.internal.cloudapp.net/10.1.0.48)f4e4783d-3001-46db-b6c9-216b79feec14(fv-az793-921.vth4h2cvs0culokhaokvhxz15b.jx.internal.cloudapp.net/10.1.0.48)bb55b568-9515-4c72-9e9b-b757ab502a4b(fv-az793-921.vth4h2cvs0culokhaokvhxz15b.jx.internal.cloudapp.net/10.1.0.48)92b1db46-ede6-4b54-a196-785743adb798(fv-az793-921.vth4h2cvs0culokhaokvhxz15b.jx.internal.cloudapp.net/10.1.0.48), ReplicationConfig: EC{rs-3-2-1024k}, State:ALLOCATED, leaderId:, CreationTimestamp2023-09-07T08:55:13.793Z[Etc/UTC]]
]]></system-out>
  </testcase>
  <testcase name="testCreateKeyShouldUseRefreshedBucketReplicationConfig" classname="TestOzoneFileSystem" time="0.172">
    <system-out><![CDATA[2023-09-07 08:56:48,895 [Time-limited test] INFO  rpc.RpcClient (RpcClient.java:createVolume(461)) - Creating Volume: volume83873, with user20582 as owner and space quota set to -1 bytes, counts quota set to -1
2023-09-07 08:56:48,909 [OM StateMachine ApplyTransaction Thread - 0] INFO  volume.OMVolumeCreateRequest (OMVolumeCreateRequest.java:validateAndUpdateCache(196)) - created volume:volume83873 for user:user20582
2023-09-07 08:56:48,912 [Time-limited test] INFO  rpc.RpcClient (RpcClient.java:createBucket(688)) - Creating Bucket: volume83873/bucket06866, with bucket layout LEGACY, runner as owner, Versioning false, Storage Type set to DISK and Encryption set to false, Replication Type set to server-side default replication type, Namespace Quota set to -1, Space Quota set to -1 
2023-09-07 08:56:48,914 [OM StateMachine ApplyTransaction Thread - 0] INFO  bucket.OMBucketCreateRequest (OMBucketCreateRequest.java:validateAndUpdateCache(270)) - created bucket: bucket06866 of layout LEGACY in volume: volume83873
2023-09-07 08:56:48,951 [IPC Server handler 14 on default port 15107] INFO  algorithms.SCMContainerPlacementRackScatter (SCMContainerPlacementRackScatter.java:chooseDatanodesInternal(362)) - Chosen nodes: [59e7d543-5a74-4c1b-8513-ed64d8264a1e(fv-az793-921.vth4h2cvs0culokhaokvhxz15b.jx.internal.cloudapp.net/10.1.0.48), ce3bbe74-48b8-4e84-ab92-3c2bb9d4f215(fv-az793-921.vth4h2cvs0culokhaokvhxz15b.jx.internal.cloudapp.net/10.1.0.48), a16823de-594d-4810-9c20-2473ba2acfd2(fv-az793-921.vth4h2cvs0culokhaokvhxz15b.jx.internal.cloudapp.net/10.1.0.48), 5b4afb20-df00-40b2-9151-744536d77108(fv-az793-921.vth4h2cvs0culokhaokvhxz15b.jx.internal.cloudapp.net/10.1.0.48), a9310303-e7f9-4a41-8a27-a7a2ce3a6d76(fv-az793-921.vth4h2cvs0culokhaokvhxz15b.jx.internal.cloudapp.net/10.1.0.48)]. isPolicySatisfied: true.
2023-09-07 08:56:48,952 [IPC Server handler 14 on default port 15107] INFO  pipeline.WritableECContainerProvider (WritableECContainerProvider.java:allocateContainer(211)) - Created and opened new pipeline Pipeline[ Id: ddb82f65-c060-4419-bc02-8b26e3e24225, Nodes: 59e7d543-5a74-4c1b-8513-ed64d8264a1e(fv-az793-921.vth4h2cvs0culokhaokvhxz15b.jx.internal.cloudapp.net/10.1.0.48)ce3bbe74-48b8-4e84-ab92-3c2bb9d4f215(fv-az793-921.vth4h2cvs0culokhaokvhxz15b.jx.internal.cloudapp.net/10.1.0.48)a16823de-594d-4810-9c20-2473ba2acfd2(fv-az793-921.vth4h2cvs0culokhaokvhxz15b.jx.internal.cloudapp.net/10.1.0.48)5b4afb20-df00-40b2-9151-744536d77108(fv-az793-921.vth4h2cvs0culokhaokvhxz15b.jx.internal.cloudapp.net/10.1.0.48)a9310303-e7f9-4a41-8a27-a7a2ce3a6d76(fv-az793-921.vth4h2cvs0culokhaokvhxz15b.jx.internal.cloudapp.net/10.1.0.48), ReplicationConfig: EC{rs-3-2-1024k}, State:ALLOCATED, leaderId:, CreationTimestamp2023-09-07T08:56:48.951Z[Etc/UTC]]
2023-09-07 08:56:48,988 [IPC Server handler 4 on default port 15107] INFO  algorithms.SCMContainerPlacementRackScatter (SCMContainerPlacementRackScatter.java:chooseDatanodesInternal(362)) - Chosen nodes: [5b4afb20-df00-40b2-9151-744536d77108(fv-az793-921.vth4h2cvs0culokhaokvhxz15b.jx.internal.cloudapp.net/10.1.0.48), ce3bbe74-48b8-4e84-ab92-3c2bb9d4f215(fv-az793-921.vth4h2cvs0culokhaokvhxz15b.jx.internal.cloudapp.net/10.1.0.48), 59e7d543-5a74-4c1b-8513-ed64d8264a1e(fv-az793-921.vth4h2cvs0culokhaokvhxz15b.jx.internal.cloudapp.net/10.1.0.48), a9310303-e7f9-4a41-8a27-a7a2ce3a6d76(fv-az793-921.vth4h2cvs0culokhaokvhxz15b.jx.internal.cloudapp.net/10.1.0.48), a16823de-594d-4810-9c20-2473ba2acfd2(fv-az793-921.vth4h2cvs0culokhaokvhxz15b.jx.internal.cloudapp.net/10.1.0.48)]. isPolicySatisfied: true.
2023-09-07 08:56:48,990 [IPC Server handler 4 on default port 15107] INFO  pipeline.WritableECContainerProvider (WritableECContainerProvider.java:allocateContainer(211)) - Created and opened new pipeline Pipeline[ Id: da1bf07b-c9cc-43c3-a9f9-7976a1b7779f, Nodes: 5b4afb20-df00-40b2-9151-744536d77108(fv-az793-921.vth4h2cvs0culokhaokvhxz15b.jx.internal.cloudapp.net/10.1.0.48)ce3bbe74-48b8-4e84-ab92-3c2bb9d4f215(fv-az793-921.vth4h2cvs0culokhaokvhxz15b.jx.internal.cloudapp.net/10.1.0.48)59e7d543-5a74-4c1b-8513-ed64d8264a1e(fv-az793-921.vth4h2cvs0culokhaokvhxz15b.jx.internal.cloudapp.net/10.1.0.48)a9310303-e7f9-4a41-8a27-a7a2ce3a6d76(fv-az793-921.vth4h2cvs0culokhaokvhxz15b.jx.internal.cloudapp.net/10.1.0.48)a16823de-594d-4810-9c20-2473ba2acfd2(fv-az793-921.vth4h2cvs0culokhaokvhxz15b.jx.internal.cloudapp.net/10.1.0.48), ReplicationConfig: EC{rs-3-2-1024k}, State:ALLOCATED, leaderId:, CreationTimestamp2023-09-07T08:56:48.988Z[Etc/UTC]]
]]></system-out>
  </testcase>
  <testcase name="testCreateKeyShouldUseRefreshedBucketReplicationConfig" classname="TestOzoneFileSystem" time="0.204">
    <system-out><![CDATA[2023-09-07 08:58:14,903 [Time-limited test] INFO  rpc.RpcClient (RpcClient.java:createVolume(461)) - Creating Volume: volume48870, with user02634 as owner and space quota set to -1 bytes, counts quota set to -1
2023-09-07 08:58:14,904 [IPC Server handler 10 on default port 15163] INFO  volume.OMVolumeCreateRequest (OMVolumeCreateRequest.java:validateAndUpdateCache(196)) - created volume:volume48870 for user:user02634
2023-09-07 08:58:14,906 [Time-limited test] INFO  rpc.RpcClient (RpcClient.java:createBucket(688)) - Creating Bucket: volume48870/bucket41887, with bucket layout LEGACY, runner as owner, Versioning false, Storage Type set to DISK and Encryption set to false, Replication Type set to server-side default replication type, Namespace Quota set to -1, Space Quota set to -1 
2023-09-07 08:58:14,907 [IPC Server handler 3 on default port 15163] INFO  bucket.OMBucketCreateRequest (OMBucketCreateRequest.java:validateAndUpdateCache(270)) - created bucket: bucket41887 of layout LEGACY in volume: volume48870
2023-09-07 08:58:14,947 [IPC Server handler 3 on default port 15160] INFO  algorithms.SCMContainerPlacementRackScatter (SCMContainerPlacementRackScatter.java:chooseDatanodesInternal(362)) - Chosen nodes: [c2dbcf2b-518f-41ea-bd88-da292e0ddc39(fv-az793-921.vth4h2cvs0culokhaokvhxz15b.jx.internal.cloudapp.net/10.1.0.48), c9797992-92b1-488c-b385-6ae238fab233(fv-az793-921.vth4h2cvs0culokhaokvhxz15b.jx.internal.cloudapp.net/10.1.0.48), bacf23c7-6e92-44d7-b9fe-c924128d47d1(fv-az793-921.vth4h2cvs0culokhaokvhxz15b.jx.internal.cloudapp.net/10.1.0.48), a34f2eca-ee32-4394-bb15-3b741437dcd0(fv-az793-921.vth4h2cvs0culokhaokvhxz15b.jx.internal.cloudapp.net/10.1.0.48), 469bc52f-827e-4f59-b4d6-1102a4459bcd(fv-az793-921.vth4h2cvs0culokhaokvhxz15b.jx.internal.cloudapp.net/10.1.0.48)]. isPolicySatisfied: true.
2023-09-07 08:58:14,949 [IPC Server handler 3 on default port 15160] INFO  pipeline.WritableECContainerProvider (WritableECContainerProvider.java:allocateContainer(211)) - Created and opened new pipeline Pipeline[ Id: fd993fbc-858a-4034-b41b-3d600a99a536, Nodes: c2dbcf2b-518f-41ea-bd88-da292e0ddc39(fv-az793-921.vth4h2cvs0culokhaokvhxz15b.jx.internal.cloudapp.net/10.1.0.48)c9797992-92b1-488c-b385-6ae238fab233(fv-az793-921.vth4h2cvs0culokhaokvhxz15b.jx.internal.cloudapp.net/10.1.0.48)bacf23c7-6e92-44d7-b9fe-c924128d47d1(fv-az793-921.vth4h2cvs0culokhaokvhxz15b.jx.internal.cloudapp.net/10.1.0.48)a34f2eca-ee32-4394-bb15-3b741437dcd0(fv-az793-921.vth4h2cvs0culokhaokvhxz15b.jx.internal.cloudapp.net/10.1.0.48)469bc52f-827e-4f59-b4d6-1102a4459bcd(fv-az793-921.vth4h2cvs0culokhaokvhxz15b.jx.internal.cloudapp.net/10.1.0.48), ReplicationConfig: EC{rs-3-2-1024k}, State:ALLOCATED, leaderId:, CreationTimestamp2023-09-07T08:58:14.947Z[Etc/UTC]]
2023-09-07 08:58:15,004 [IPC Server handler 6 on default port 15160] INFO  algorithms.SCMContainerPlacementRackScatter (SCMContainerPlacementRackScatter.java:chooseDatanodesInternal(362)) - Chosen nodes: [c2dbcf2b-518f-41ea-bd88-da292e0ddc39(fv-az793-921.vth4h2cvs0culokhaokvhxz15b.jx.internal.cloudapp.net/10.1.0.48), 469bc52f-827e-4f59-b4d6-1102a4459bcd(fv-az793-921.vth4h2cvs0culokhaokvhxz15b.jx.internal.cloudapp.net/10.1.0.48), a34f2eca-ee32-4394-bb15-3b741437dcd0(fv-az793-921.vth4h2cvs0culokhaokvhxz15b.jx.internal.cloudapp.net/10.1.0.48), bacf23c7-6e92-44d7-b9fe-c924128d47d1(fv-az793-921.vth4h2cvs0culokhaokvhxz15b.jx.internal.cloudapp.net/10.1.0.48), c9797992-92b1-488c-b385-6ae238fab233(fv-az793-921.vth4h2cvs0culokhaokvhxz15b.jx.internal.cloudapp.net/10.1.0.48)]. isPolicySatisfied: true.
2023-09-07 08:58:15,006 [IPC Server handler 6 on default port 15160] INFO  pipeline.WritableECContainerProvider (WritableECContainerProvider.java:allocateContainer(211)) - Created and opened new pipeline Pipeline[ Id: 36022d54-b5de-42e0-951b-6fb849afc230, Nodes: c2dbcf2b-518f-41ea-bd88-da292e0ddc39(fv-az793-921.vth4h2cvs0culokhaokvhxz15b.jx.internal.cloudapp.net/10.1.0.48)469bc52f-827e-4f59-b4d6-1102a4459bcd(fv-az793-921.vth4h2cvs0culokhaokvhxz15b.jx.internal.cloudapp.net/10.1.0.48)a34f2eca-ee32-4394-bb15-3b741437dcd0(fv-az793-921.vth4h2cvs0culokhaokvhxz15b.jx.internal.cloudapp.net/10.1.0.48)bacf23c7-6e92-44d7-b9fe-c924128d47d1(fv-az793-921.vth4h2cvs0culokhaokvhxz15b.jx.internal.cloudapp.net/10.1.0.48)c9797992-92b1-488c-b385-6ae238fab233(fv-az793-921.vth4h2cvs0culokhaokvhxz15b.jx.internal.cloudapp.net/10.1.0.48), ReplicationConfig: EC{rs-3-2-1024k}, State:ALLOCATED, leaderId:, CreationTimestamp2023-09-07T08:58:15.005Z[Etc/UTC]]
]]></system-out>
  </testcase>
  <testcase name="testListStatusIteratorOnRoot" classname="TestOzoneFileSystem" time="0.06"/>
  <testcase name="testListStatusIteratorOnRoot" classname="TestOzoneFileSystem" time="0.049"/>
  <testcase name="testListStatusIteratorOnRoot" classname="TestOzoneFileSystem" time="0.042"/>
  <testcase name="testListStatusIteratorOnRoot" classname="TestOzoneFileSystem" time="0.04"/>
  <testcase name="testRenameDirToFile" classname="TestOzoneFileSystem" time="0.058">
    <system-out><![CDATA[2023-09-07 08:53:45,248 [Time-limited test] WARN  ozone.BasicOzoneFileSystem (BasicOzoneFileSystem.java:rename(459)) - Failed to rename o3fs://bucket22361.volume72881/a/b/c to o3fs://bucket22361.volume72881/root/file1, file already exists!
]]></system-out>
  </testcase>
  <testcase name="testRenameDirToFile" classname="TestOzoneFileSystem" time="0.033">
    <system-out><![CDATA[2023-09-07 08:55:13,923 [Time-limited test] WARN  ozone.BasicOzoneFileSystem (BasicOzoneFileSystem.java:rename(459)) - Failed to rename o3fs://bucket89282.volume93671/a/b/c to o3fs://bucket89282.volume93671/root/file1, file already exists!
]]></system-out>
  </testcase>
  <testcase name="testRenameDirToFile" classname="TestOzoneFileSystem" time="0.06">
    <system-out><![CDATA[2023-09-07 08:56:49,106 [Time-limited test] WARN  ozone.BasicOzoneFileSystem (BasicOzoneFileSystem.java:rename(459)) - Failed to rename o3fs://bucket29151.volume76246/a/b/c to o3fs://bucket29151.volume76246/root/file1, file already exists!
]]></system-out>
  </testcase>
  <testcase name="testRenameDirToFile" classname="TestOzoneFileSystem" time="0.044">
    <system-out><![CDATA[2023-09-07 08:58:15,141 [Time-limited test] WARN  ozone.BasicOzoneFileSystem (BasicOzoneFileSystem.java:rename(459)) - Failed to rename o3fs://bucket31706.volume04563/a/b/c to o3fs://bucket31706.volume04563/root/file1, file already exists!
]]></system-out>
  </testcase>
  <testcase name="testRenameToNewSubDirShouldNotExist" classname="TestOzoneFileSystem" time="0.087">
    <system-out><![CDATA[2023-09-07 08:53:45,304 [Time-limited test] WARN  ozone.BasicOzoneFileSystem (BasicOzoneFileSystem.java:rename(453)) - Failed to rename o3fs://bucket22361.volume72881/a to o3fs://bucket22361.volume72881/b/a, file already exists or not empty!
2023-09-07 08:53:45,329 [Time-limited test] WARN  ozone.BasicOzoneFileSystem (BasicOzoneFileSystem.java:rename(453)) - Failed to rename o3fs://bucket22361.volume72881/file1 to o3fs://bucket22361.volume72881/a/file1, file already exists or not empty!
]]></system-out>
  </testcase>
  <testcase name="testRenameToNewSubDirShouldNotExist" classname="TestOzoneFileSystem" time="0.053">
    <system-out><![CDATA[2023-09-07 08:55:13,957 [Time-limited test] WARN  ozone.BasicOzoneFileSystem (BasicOzoneFileSystem.java:rename(453)) - Failed to rename o3fs://bucket89282.volume93671/a to o3fs://bucket89282.volume93671/b/a, file already exists or not empty!
2023-09-07 08:55:13,971 [Time-limited test] WARN  ozone.BasicOzoneFileSystem (BasicOzoneFileSystem.java:rename(453)) - Failed to rename o3fs://bucket89282.volume93671/file1 to o3fs://bucket89282.volume93671/a/file1, file already exists or not empty!
]]></system-out>
  </testcase>
  <testcase name="testRenameToNewSubDirShouldNotExist" classname="TestOzoneFileSystem" time="0.061">
    <system-out><![CDATA[2023-09-07 08:56:49,165 [Time-limited test] WARN  ozone.BasicOzoneFileSystem (BasicOzoneFileSystem.java:rename(453)) - Failed to rename o3fs://bucket29151.volume76246/a to o3fs://bucket29151.volume76246/b/a, file already exists or not empty!
2023-09-07 08:56:49,184 [Time-limited test] WARN  ozone.BasicOzoneFileSystem (BasicOzoneFileSystem.java:rename(453)) - Failed to rename o3fs://bucket29151.volume76246/file1 to o3fs://bucket29151.volume76246/a/file1, file already exists or not empty!
]]></system-out>
  </testcase>
  <testcase name="testRenameToNewSubDirShouldNotExist" classname="TestOzoneFileSystem" time="0.056">
    <system-out><![CDATA[2023-09-07 08:58:15,181 [Time-limited test] WARN  ozone.BasicOzoneFileSystem (BasicOzoneFileSystem.java:rename(453)) - Failed to rename o3fs://bucket31706.volume04563/a to o3fs://bucket31706.volume04563/b/a, file already exists or not empty!
2023-09-07 08:58:15,197 [Time-limited test] WARN  ozone.BasicOzoneFileSystem (BasicOzoneFileSystem.java:rename(453)) - Failed to rename o3fs://bucket31706.volume04563/file1 to o3fs://bucket31706.volume04563/a/file1, file already exists or not empty!
]]></system-out>
  </testcase>
  <testcase name="testListStatusOnLargeDirectoryForACLCheck" classname="TestOzoneFileSystem" time="6.004">
    <system-out><![CDATA[2023-09-07 08:53:51,222 [om1-client-thread1] INFO  segmented.SegmentedRaftLogWorker (SegmentedRaftLogWorker.java:rollLogSegment(452)) - om1@group-C5BA1605619E-SegmentedRaftLogWorker: Rolling segment log-0_36872 to index:36872
2023-09-07 08:53:51,224 [om1@group-C5BA1605619E-SegmentedRaftLogWorker] INFO  segmented.SegmentedRaftLogWorker (SegmentedRaftLogWorker.java:execute(608)) - om1@group-C5BA1605619E-SegmentedRaftLogWorker: Rolled log segment from /home/runner/work/ozone/ozone/hadoop-ozone/integration-test/target/test-dir/MiniOzoneClusterImpl-480c9758-28d8-415f-a146-fed859d0e253/ozone-meta/ratis/bf265839-605b-3f16-9796-c5ba1605619e/current/log_inprogress_0 to /home/runner/work/ozone/ozone/hadoop-ozone/integration-test/target/test-dir/MiniOzoneClusterImpl-480c9758-28d8-415f-a146-fed859d0e253/ozone-meta/ratis/bf265839-605b-3f16-9796-c5ba1605619e/current/log_0-36872
2023-09-07 08:53:51,239 [om1@group-C5BA1605619E-SegmentedRaftLogWorker] INFO  segmented.SegmentedRaftLogWorker (SegmentedRaftLogWorker.java:execute(651)) - om1@group-C5BA1605619E-SegmentedRaftLogWorker: created new log segment /home/runner/work/ozone/ozone/hadoop-ozone/integration-test/target/test-dir/MiniOzoneClusterImpl-480c9758-28d8-415f-a146-fed859d0e253/ozone-meta/ratis/bf265839-605b-3f16-9796-c5ba1605619e/current/log_inprogress_36873
]]></system-out>
  </testcase>
  <testcase name="testListStatusOnLargeDirectoryForACLCheck" classname="TestOzoneFileSystem" time="4.032">
    <system-out><![CDATA[2023-09-07 08:55:15,516 [JvmPauseMonitor11] WARN  util.JvmPauseMonitor (JvmPauseMonitor.java:detectPause(124)) - JvmPauseMonitor-d53ff278-24a5-4154-8938-e562e33f1fe4: Detected pause in JVM or host machine approximately 0.120s with 0.127s GC time.
GC pool 'PS Scavenge' had collection(s): count=1 time=127ms
2023-09-07 08:55:15,516 [JvmPauseMonitor7] WARN  util.JvmPauseMonitor (JvmPauseMonitor.java:detectPause(124)) - JvmPauseMonitor-11e7d334-8346-4215-aae1-33957314840b: Detected pause in JVM or host machine approximately 0.122s with 0.127s GC time.
GC pool 'PS Scavenge' had collection(s): count=1 time=127ms
2023-09-07 08:55:15,517 [JvmPauseMonitor10] WARN  util.JvmPauseMonitor (JvmPauseMonitor.java:detectPause(124)) - JvmPauseMonitor-bb55b568-9515-4c72-9e9b-b757ab502a4b: Detected pause in JVM or host machine approximately 0.122s with 0.127s GC time.
GC pool 'PS Scavenge' had collection(s): count=1 time=127ms
2023-09-07 08:55:15,517 [JvmPauseMonitor13] WARN  util.JvmPauseMonitor (JvmPauseMonitor.java:detectPause(124)) - JvmPauseMonitor-f4e4783d-3001-46db-b6c9-216b79feec14: Detected pause in JVM or host machine approximately 0.122s with 0.127s GC time.
GC pool 'PS Scavenge' had collection(s): count=1 time=127ms
2023-09-07 08:55:15,517 [JvmPauseMonitor12] WARN  util.JvmPauseMonitor (JvmPauseMonitor.java:detectPause(124)) - JvmPauseMonitor-92b1db46-ede6-4b54-a196-785743adb798: Detected pause in JVM or host machine approximately 0.125s with 0.127s GC time.
GC pool 'PS Scavenge' had collection(s): count=1 time=127ms
2023-09-07 08:55:15,517 [JvmPauseMonitor9] WARN  util.JvmPauseMonitor (JvmPauseMonitor.java:detectPause(124)) - JvmPauseMonitor-631d0543-e884-417b-8085-5eab660cf7c0: Detected pause in JVM or host machine approximately 0.125s with 0.127s GC time.
GC pool 'PS Scavenge' had collection(s): count=1 time=127ms
2023-09-07 08:55:15,518 [JvmPauseMonitor8] WARN  util.JvmPauseMonitor (JvmPauseMonitor.java:detectPause(124)) - JvmPauseMonitor-028137b3-e053-4091-ad4d-0385fb8d34df: Detected pause in JVM or host machine approximately 0.126s with 0.127s GC time.
GC pool 'PS Scavenge' had collection(s): count=1 time=127ms
]]></system-out>
  </testcase>
  <testcase name="testListStatusOnLargeDirectoryForACLCheck" classname="TestOzoneFileSystem" time="4.851">
    <system-out><![CDATA[2023-09-07 08:56:53,912 [om1-client-thread1] INFO  segmented.SegmentedRaftLogWorker (SegmentedRaftLogWorker.java:rollLogSegment(452)) - om1@group-C5BA1605619E-SegmentedRaftLogWorker: Rolling segment log-0_36846 to index:36846
2023-09-07 08:56:53,913 [om1@group-C5BA1605619E-SegmentedRaftLogWorker] INFO  segmented.SegmentedRaftLogWorker (SegmentedRaftLogWorker.java:execute(608)) - om1@group-C5BA1605619E-SegmentedRaftLogWorker: Rolled log segment from /home/runner/work/ozone/ozone/hadoop-ozone/integration-test/target/test-dir/MiniOzoneClusterImpl-06b57250-6369-4c93-9764-bbc94174df1e/ozone-meta/ratis/bf265839-605b-3f16-9796-c5ba1605619e/current/log_inprogress_0 to /home/runner/work/ozone/ozone/hadoop-ozone/integration-test/target/test-dir/MiniOzoneClusterImpl-06b57250-6369-4c93-9764-bbc94174df1e/ozone-meta/ratis/bf265839-605b-3f16-9796-c5ba1605619e/current/log_0-36846
2023-09-07 08:56:53,925 [om1@group-C5BA1605619E-SegmentedRaftLogWorker] INFO  segmented.SegmentedRaftLogWorker (SegmentedRaftLogWorker.java:execute(651)) - om1@group-C5BA1605619E-SegmentedRaftLogWorker: created new log segment /home/runner/work/ozone/ozone/hadoop-ozone/integration-test/target/test-dir/MiniOzoneClusterImpl-06b57250-6369-4c93-9764-bbc94174df1e/ozone-meta/ratis/bf265839-605b-3f16-9796-c5ba1605619e/current/log_inprogress_36847
]]></system-out>
  </testcase>
  <testcase name="testListStatusOnLargeDirectoryForACLCheck" classname="TestOzoneFileSystem" time="4.172"/>
  <testcase name="testRenameFileToDir" classname="TestOzoneFileSystem" time="0.072">
    <system-out><![CDATA[08:53:51.399 [IPC Server handler 0 on default port 15004] ERROR OMAudit - user=runner | ip=127.0.0.1 | op=LIST_STATUS {volume=volume72881, bucket=bucket22361, key=a/b/c/file1, dataSize=0, replicationConfig=null} | ret=FAILURE
org.apache.hadoop.ozone.om.exceptions.OMException: Unable to get file status: volume: volume72881 bucket: bucket22361 key: a/b/c/file1
	at org.apache.hadoop.ozone.om.KeyManagerImpl.getOzoneFileStatus(KeyManagerImpl.java:1195) ~[ozone-manager-1.4.0-SNAPSHOT.jar:?]
	at org.apache.hadoop.ozone.om.KeyManagerImpl.getFileStatus(KeyManagerImpl.java:1113) ~[ozone-manager-1.4.0-SNAPSHOT.jar:?]
	at org.apache.hadoop.ozone.om.KeyManagerImpl.listStatus(KeyManagerImpl.java:1505) ~[ozone-manager-1.4.0-SNAPSHOT.jar:?]
	at org.apache.hadoop.ozone.om.OmMetadataReader.listStatus(OmMetadataReader.java:235) ~[ozone-manager-1.4.0-SNAPSHOT.jar:?]
	at org.apache.hadoop.ozone.om.OzoneManager.listStatus(OzoneManager.java:3560) ~[ozone-manager-1.4.0-SNAPSHOT.jar:?]
	at org.apache.hadoop.ozone.protocolPB.OzoneManagerRequestHandler.listStatus(OzoneManagerRequestHandler.java:1143) ~[ozone-manager-1.4.0-SNAPSHOT.jar:?]
	at org.apache.hadoop.ozone.protocolPB.OzoneManagerRequestHandler.handleReadRequest(OzoneManagerRequestHandler.java:261) ~[ozone-manager-1.4.0-SNAPSHOT.jar:?]
	at org.apache.hadoop.ozone.protocolPB.OzoneManagerProtocolServerSideTranslatorPB.submitReadRequestToOM(OzoneManagerProtocolServerSideTranslatorPB.java:225) ~[ozone-manager-1.4.0-SNAPSHOT.jar:?]
	at org.apache.hadoop.ozone.protocolPB.OzoneManagerProtocolServerSideTranslatorPB.processRequest(OzoneManagerProtocolServerSideTranslatorPB.java:179) ~[ozone-manager-1.4.0-SNAPSHOT.jar:?]
	at org.apache.hadoop.hdds.server.OzoneProtocolMessageDispatcher.processRequest(OzoneProtocolMessageDispatcher.java:87) [hdds-server-framework-1.4.0-SNAPSHOT.jar:?]
	at org.apache.hadoop.ozone.protocolPB.OzoneManagerProtocolServerSideTranslatorPB.submitRequest(OzoneManagerProtocolServerSideTranslatorPB.java:148) [ozone-manager-1.4.0-SNAPSHOT.jar:?]
	at org.apache.hadoop.ozone.protocol.proto.OzoneManagerProtocolProtos$OzoneManagerService$2.callBlockingMethod(OzoneManagerProtocolProtos.java) [ozone-interface-client-1.4.0-SNAPSHOT.jar:?]
	at org.apache.hadoop.ipc.ProtobufRpcEngine$Server.processCall(ProtobufRpcEngine.java:484) [hadoop-common-3.3.6.jar:?]
	at org.apache.hadoop.ipc.ProtobufRpcEngine2$Server$ProtoBufRpcInvoker.call(ProtobufRpcEngine2.java:595) [hadoop-common-3.3.6.jar:?]
	at org.apache.hadoop.ipc.ProtobufRpcEngine2$Server$ProtoBufRpcInvoker.call(ProtobufRpcEngine2.java:573) [hadoop-common-3.3.6.jar:?]
	at org.apache.hadoop.ipc.RPC$Server.call(RPC.java:1227) [hadoop-common-3.3.6.jar:?]
	at org.apache.hadoop.ipc.Server$RpcCall.run(Server.java:1094) [hadoop-common-3.3.6.jar:?]
	at org.apache.hadoop.ipc.Server$RpcCall.run(Server.java:1017) [hadoop-common-3.3.6.jar:?]
	at java.security.AccessController.doPrivileged(Native Method) ~[?:1.8.0_382]
	at javax.security.auth.Subject.doAs(Subject.java:422) [?:1.8.0_382]
	at org.apache.hadoop.security.UserGroupInformation.doAs(UserGroupInformation.java:1899) [hadoop-common-3.3.6.jar:?]
	at org.apache.hadoop.ipc.Server$Handler.run(Server.java:3048) [hadoop-common-3.3.6.jar:?]
]]></system-out>
  </testcase>
  <testcase name="testRenameFileToDir" classname="TestOzoneFileSystem" time="0.059">
    <system-out><![CDATA[08:55:18.043 [IPC Server handler 14 on default port 15057] ERROR OMAudit - user=runner | ip=127.0.0.1 | op=LIST_STATUS {volume=volume93671, bucket=bucket89282, key=a/b/c/file1, dataSize=0, replicationConfig=null} | ret=FAILURE
org.apache.hadoop.ozone.om.exceptions.OMException: Unable to get file status: volume: volume93671 bucket: bucket89282 key: a/b/c/file1
	at org.apache.hadoop.ozone.om.KeyManagerImpl.getOzoneFileStatus(KeyManagerImpl.java:1195) ~[ozone-manager-1.4.0-SNAPSHOT.jar:?]
	at org.apache.hadoop.ozone.om.KeyManagerImpl.getFileStatus(KeyManagerImpl.java:1113) ~[ozone-manager-1.4.0-SNAPSHOT.jar:?]
	at org.apache.hadoop.ozone.om.KeyManagerImpl.listStatus(KeyManagerImpl.java:1505) ~[ozone-manager-1.4.0-SNAPSHOT.jar:?]
	at org.apache.hadoop.ozone.om.OmMetadataReader.listStatus(OmMetadataReader.java:235) ~[ozone-manager-1.4.0-SNAPSHOT.jar:?]
	at org.apache.hadoop.ozone.om.OzoneManager.listStatus(OzoneManager.java:3560) ~[ozone-manager-1.4.0-SNAPSHOT.jar:?]
	at org.apache.hadoop.ozone.protocolPB.OzoneManagerRequestHandler.listStatus(OzoneManagerRequestHandler.java:1143) ~[ozone-manager-1.4.0-SNAPSHOT.jar:?]
	at org.apache.hadoop.ozone.protocolPB.OzoneManagerRequestHandler.handleReadRequest(OzoneManagerRequestHandler.java:261) ~[ozone-manager-1.4.0-SNAPSHOT.jar:?]
	at org.apache.hadoop.ozone.protocolPB.OzoneManagerProtocolServerSideTranslatorPB.submitRequestDirectlyToOM(OzoneManagerProtocolServerSideTranslatorPB.java:274) ~[ozone-manager-1.4.0-SNAPSHOT.jar:?]
	at org.apache.hadoop.ozone.protocolPB.OzoneManagerProtocolServerSideTranslatorPB.processRequest(OzoneManagerProtocolServerSideTranslatorPB.java:175) ~[ozone-manager-1.4.0-SNAPSHOT.jar:?]
	at org.apache.hadoop.hdds.server.OzoneProtocolMessageDispatcher.processRequest(OzoneProtocolMessageDispatcher.java:87) [hdds-server-framework-1.4.0-SNAPSHOT.jar:?]
	at org.apache.hadoop.ozone.protocolPB.OzoneManagerProtocolServerSideTranslatorPB.submitRequest(OzoneManagerProtocolServerSideTranslatorPB.java:148) [ozone-manager-1.4.0-SNAPSHOT.jar:?]
	at org.apache.hadoop.ozone.protocol.proto.OzoneManagerProtocolProtos$OzoneManagerService$2.callBlockingMethod(OzoneManagerProtocolProtos.java) [ozone-interface-client-1.4.0-SNAPSHOT.jar:?]
	at org.apache.hadoop.ipc.ProtobufRpcEngine$Server.processCall(ProtobufRpcEngine.java:484) [hadoop-common-3.3.6.jar:?]
	at org.apache.hadoop.ipc.ProtobufRpcEngine2$Server$ProtoBufRpcInvoker.call(ProtobufRpcEngine2.java:595) [hadoop-common-3.3.6.jar:?]
	at org.apache.hadoop.ipc.ProtobufRpcEngine2$Server$ProtoBufRpcInvoker.call(ProtobufRpcEngine2.java:573) [hadoop-common-3.3.6.jar:?]
	at org.apache.hadoop.ipc.RPC$Server.call(RPC.java:1227) [hadoop-common-3.3.6.jar:?]
	at org.apache.hadoop.ipc.Server$RpcCall.run(Server.java:1094) [hadoop-common-3.3.6.jar:?]
	at org.apache.hadoop.ipc.Server$RpcCall.run(Server.java:1017) [hadoop-common-3.3.6.jar:?]
	at java.security.AccessController.doPrivileged(Native Method) ~[?:1.8.0_382]
	at javax.security.auth.Subject.doAs(Subject.java:422) [?:1.8.0_382]
	at org.apache.hadoop.security.UserGroupInformation.doAs(UserGroupInformation.java:1899) [hadoop-common-3.3.6.jar:?]
	at org.apache.hadoop.ipc.Server$Handler.run(Server.java:3048) [hadoop-common-3.3.6.jar:?]
]]></system-out>
  </testcase>
  <testcase name="testRenameFileToDir" classname="TestOzoneFileSystem" time="0.061">
    <system-out><![CDATA[08:56:54.081 [IPC Server handler 11 on default port 15110] ERROR OMAudit - user=runner | ip=127.0.0.1 | op=LIST_STATUS {volume=volume76246, bucket=bucket29151, key=a/b/c/file1, dataSize=0, replicationConfig=null} | ret=FAILURE
org.apache.hadoop.ozone.om.exceptions.OMException: Unable to get file status: volume: volume76246 bucket: bucket29151 key: a/b/c/file1
	at org.apache.hadoop.ozone.om.KeyManagerImpl.getOzoneFileStatus(KeyManagerImpl.java:1195) ~[ozone-manager-1.4.0-SNAPSHOT.jar:?]
	at org.apache.hadoop.ozone.om.KeyManagerImpl.getFileStatus(KeyManagerImpl.java:1113) ~[ozone-manager-1.4.0-SNAPSHOT.jar:?]
	at org.apache.hadoop.ozone.om.KeyManagerImpl.listStatus(KeyManagerImpl.java:1505) ~[ozone-manager-1.4.0-SNAPSHOT.jar:?]
	at org.apache.hadoop.ozone.om.OmMetadataReader.listStatus(OmMetadataReader.java:235) ~[ozone-manager-1.4.0-SNAPSHOT.jar:?]
	at org.apache.hadoop.ozone.om.OzoneManager.listStatus(OzoneManager.java:3560) ~[ozone-manager-1.4.0-SNAPSHOT.jar:?]
	at org.apache.hadoop.ozone.protocolPB.OzoneManagerRequestHandler.listStatus(OzoneManagerRequestHandler.java:1143) ~[ozone-manager-1.4.0-SNAPSHOT.jar:?]
	at org.apache.hadoop.ozone.protocolPB.OzoneManagerRequestHandler.handleReadRequest(OzoneManagerRequestHandler.java:261) ~[ozone-manager-1.4.0-SNAPSHOT.jar:?]
	at org.apache.hadoop.ozone.protocolPB.OzoneManagerProtocolServerSideTranslatorPB.submitReadRequestToOM(OzoneManagerProtocolServerSideTranslatorPB.java:225) ~[ozone-manager-1.4.0-SNAPSHOT.jar:?]
	at org.apache.hadoop.ozone.protocolPB.OzoneManagerProtocolServerSideTranslatorPB.processRequest(OzoneManagerProtocolServerSideTranslatorPB.java:179) ~[ozone-manager-1.4.0-SNAPSHOT.jar:?]
	at org.apache.hadoop.hdds.server.OzoneProtocolMessageDispatcher.processRequest(OzoneProtocolMessageDispatcher.java:87) [hdds-server-framework-1.4.0-SNAPSHOT.jar:?]
	at org.apache.hadoop.ozone.protocolPB.OzoneManagerProtocolServerSideTranslatorPB.submitRequest(OzoneManagerProtocolServerSideTranslatorPB.java:148) [ozone-manager-1.4.0-SNAPSHOT.jar:?]
	at org.apache.hadoop.ozone.protocol.proto.OzoneManagerProtocolProtos$OzoneManagerService$2.callBlockingMethod(OzoneManagerProtocolProtos.java) [ozone-interface-client-1.4.0-SNAPSHOT.jar:?]
	at org.apache.hadoop.ipc.ProtobufRpcEngine$Server.processCall(ProtobufRpcEngine.java:484) [hadoop-common-3.3.6.jar:?]
	at org.apache.hadoop.ipc.ProtobufRpcEngine2$Server$ProtoBufRpcInvoker.call(ProtobufRpcEngine2.java:595) [hadoop-common-3.3.6.jar:?]
	at org.apache.hadoop.ipc.ProtobufRpcEngine2$Server$ProtoBufRpcInvoker.call(ProtobufRpcEngine2.java:573) [hadoop-common-3.3.6.jar:?]
	at org.apache.hadoop.ipc.RPC$Server.call(RPC.java:1227) [hadoop-common-3.3.6.jar:?]
	at org.apache.hadoop.ipc.Server$RpcCall.run(Server.java:1094) [hadoop-common-3.3.6.jar:?]
	at org.apache.hadoop.ipc.Server$RpcCall.run(Server.java:1017) [hadoop-common-3.3.6.jar:?]
	at java.security.AccessController.doPrivileged(Native Method) ~[?:1.8.0_382]
	at javax.security.auth.Subject.doAs(Subject.java:422) [?:1.8.0_382]
	at org.apache.hadoop.security.UserGroupInformation.doAs(UserGroupInformation.java:1899) [hadoop-common-3.3.6.jar:?]
	at org.apache.hadoop.ipc.Server$Handler.run(Server.java:3048) [hadoop-common-3.3.6.jar:?]
]]></system-out>
  </testcase>
  <testcase name="testRenameFileToDir" classname="TestOzoneFileSystem" time="0.058">
    <system-out><![CDATA[08:58:19.411 [IPC Server handler 4 on default port 15163] ERROR OMAudit - user=runner | ip=127.0.0.1 | op=LIST_STATUS {volume=volume04563, bucket=bucket31706, key=a/b/c/file1, dataSize=0, replicationConfig=null} | ret=FAILURE
org.apache.hadoop.ozone.om.exceptions.OMException: Unable to get file status: volume: volume04563 bucket: bucket31706 key: a/b/c/file1
	at org.apache.hadoop.ozone.om.KeyManagerImpl.getOzoneFileStatus(KeyManagerImpl.java:1195) ~[ozone-manager-1.4.0-SNAPSHOT.jar:?]
	at org.apache.hadoop.ozone.om.KeyManagerImpl.getFileStatus(KeyManagerImpl.java:1113) ~[ozone-manager-1.4.0-SNAPSHOT.jar:?]
	at org.apache.hadoop.ozone.om.KeyManagerImpl.listStatus(KeyManagerImpl.java:1505) ~[ozone-manager-1.4.0-SNAPSHOT.jar:?]
	at org.apache.hadoop.ozone.om.OmMetadataReader.listStatus(OmMetadataReader.java:235) ~[ozone-manager-1.4.0-SNAPSHOT.jar:?]
	at org.apache.hadoop.ozone.om.OzoneManager.listStatus(OzoneManager.java:3560) ~[ozone-manager-1.4.0-SNAPSHOT.jar:?]
	at org.apache.hadoop.ozone.protocolPB.OzoneManagerRequestHandler.listStatus(OzoneManagerRequestHandler.java:1143) ~[ozone-manager-1.4.0-SNAPSHOT.jar:?]
	at org.apache.hadoop.ozone.protocolPB.OzoneManagerRequestHandler.handleReadRequest(OzoneManagerRequestHandler.java:261) ~[ozone-manager-1.4.0-SNAPSHOT.jar:?]
	at org.apache.hadoop.ozone.protocolPB.OzoneManagerProtocolServerSideTranslatorPB.submitRequestDirectlyToOM(OzoneManagerProtocolServerSideTranslatorPB.java:274) ~[ozone-manager-1.4.0-SNAPSHOT.jar:?]
	at org.apache.hadoop.ozone.protocolPB.OzoneManagerProtocolServerSideTranslatorPB.processRequest(OzoneManagerProtocolServerSideTranslatorPB.java:175) ~[ozone-manager-1.4.0-SNAPSHOT.jar:?]
	at org.apache.hadoop.hdds.server.OzoneProtocolMessageDispatcher.processRequest(OzoneProtocolMessageDispatcher.java:87) [hdds-server-framework-1.4.0-SNAPSHOT.jar:?]
	at org.apache.hadoop.ozone.protocolPB.OzoneManagerProtocolServerSideTranslatorPB.submitRequest(OzoneManagerProtocolServerSideTranslatorPB.java:148) [ozone-manager-1.4.0-SNAPSHOT.jar:?]
	at org.apache.hadoop.ozone.protocol.proto.OzoneManagerProtocolProtos$OzoneManagerService$2.callBlockingMethod(OzoneManagerProtocolProtos.java) [ozone-interface-client-1.4.0-SNAPSHOT.jar:?]
	at org.apache.hadoop.ipc.ProtobufRpcEngine$Server.processCall(ProtobufRpcEngine.java:484) [hadoop-common-3.3.6.jar:?]
	at org.apache.hadoop.ipc.ProtobufRpcEngine2$Server$ProtoBufRpcInvoker.call(ProtobufRpcEngine2.java:595) [hadoop-common-3.3.6.jar:?]
	at org.apache.hadoop.ipc.ProtobufRpcEngine2$Server$ProtoBufRpcInvoker.call(ProtobufRpcEngine2.java:573) [hadoop-common-3.3.6.jar:?]
	at org.apache.hadoop.ipc.RPC$Server.call(RPC.java:1227) [hadoop-common-3.3.6.jar:?]
	at org.apache.hadoop.ipc.Server$RpcCall.run(Server.java:1094) [hadoop-common-3.3.6.jar:?]
	at org.apache.hadoop.ipc.Server$RpcCall.run(Server.java:1017) [hadoop-common-3.3.6.jar:?]
	at java.security.AccessController.doPrivileged(Native Method) ~[?:1.8.0_382]
	at javax.security.auth.Subject.doAs(Subject.java:422) [?:1.8.0_382]
	at org.apache.hadoop.security.UserGroupInformation.doAs(UserGroupInformation.java:1899) [hadoop-common-3.3.6.jar:?]
	at org.apache.hadoop.ipc.Server$Handler.run(Server.java:3048) [hadoop-common-3.3.6.jar:?]
]]></system-out>
  </testcase>
  <testcase name="testListStatusWithIntermediateDirWithECEnabled" classname="TestOzoneFileSystem" time="0.069">
    <system-out><![CDATA[2023-09-07 08:53:51,450 [IPC Server handler 13 on default port 15001] INFO  algorithms.SCMContainerPlacementRackScatter (SCMContainerPlacementRackScatter.java:chooseDatanodesInternal(362)) - Chosen nodes: [21558166-7abb-48cd-85e5-e0231587e321(fv-az793-921.vth4h2cvs0culokhaokvhxz15b.jx.internal.cloudapp.net/10.1.0.48), 7027ac8d-bbe4-4820-bd68-7a29676b00c5(fv-az793-921.vth4h2cvs0culokhaokvhxz15b.jx.internal.cloudapp.net/10.1.0.48), 276dcdcd-15bf-4616-85f3-24cbc9cded34(fv-az793-921.vth4h2cvs0culokhaokvhxz15b.jx.internal.cloudapp.net/10.1.0.48), 453fd3f5-2dd8-488f-a349-96be441c1316(fv-az793-921.vth4h2cvs0culokhaokvhxz15b.jx.internal.cloudapp.net/10.1.0.48), ee526f6f-3d45-469e-9618-ca9792ac197c(fv-az793-921.vth4h2cvs0culokhaokvhxz15b.jx.internal.cloudapp.net/10.1.0.48)]. isPolicySatisfied: true.
2023-09-07 08:53:51,453 [IPC Server handler 13 on default port 15001] INFO  pipeline.WritableECContainerProvider (WritableECContainerProvider.java:allocateContainer(211)) - Created and opened new pipeline Pipeline[ Id: 1f0d39ac-4e2b-4633-96ba-f57c2556db86, Nodes: 21558166-7abb-48cd-85e5-e0231587e321(fv-az793-921.vth4h2cvs0culokhaokvhxz15b.jx.internal.cloudapp.net/10.1.0.48)7027ac8d-bbe4-4820-bd68-7a29676b00c5(fv-az793-921.vth4h2cvs0culokhaokvhxz15b.jx.internal.cloudapp.net/10.1.0.48)276dcdcd-15bf-4616-85f3-24cbc9cded34(fv-az793-921.vth4h2cvs0culokhaokvhxz15b.jx.internal.cloudapp.net/10.1.0.48)453fd3f5-2dd8-488f-a349-96be441c1316(fv-az793-921.vth4h2cvs0culokhaokvhxz15b.jx.internal.cloudapp.net/10.1.0.48)ee526f6f-3d45-469e-9618-ca9792ac197c(fv-az793-921.vth4h2cvs0culokhaokvhxz15b.jx.internal.cloudapp.net/10.1.0.48), ReplicationConfig: EC{rs-3-2-1024k}, State:ALLOCATED, leaderId:, CreationTimestamp2023-09-07T08:53:51.451Z[Etc/UTC]]
]]></system-out>
  </testcase>
  <testcase name="testListStatusWithIntermediateDirWithECEnabled" classname="TestOzoneFileSystem" time="0.035">
    <system-out><![CDATA[2023-09-07 08:55:18,092 [IPC Server handler 3 on default port 15054] INFO  algorithms.SCMContainerPlacementRackScatter (SCMContainerPlacementRackScatter.java:chooseDatanodesInternal(362)) - Chosen nodes: [bb55b568-9515-4c72-9e9b-b757ab502a4b(fv-az793-921.vth4h2cvs0culokhaokvhxz15b.jx.internal.cloudapp.net/10.1.0.48), d53ff278-24a5-4154-8938-e562e33f1fe4(fv-az793-921.vth4h2cvs0culokhaokvhxz15b.jx.internal.cloudapp.net/10.1.0.48), 631d0543-e884-417b-8085-5eab660cf7c0(fv-az793-921.vth4h2cvs0culokhaokvhxz15b.jx.internal.cloudapp.net/10.1.0.48), f4e4783d-3001-46db-b6c9-216b79feec14(fv-az793-921.vth4h2cvs0culokhaokvhxz15b.jx.internal.cloudapp.net/10.1.0.48), 92b1db46-ede6-4b54-a196-785743adb798(fv-az793-921.vth4h2cvs0culokhaokvhxz15b.jx.internal.cloudapp.net/10.1.0.48)]. isPolicySatisfied: true.
2023-09-07 08:55:18,094 [IPC Server handler 3 on default port 15054] INFO  pipeline.WritableECContainerProvider (WritableECContainerProvider.java:allocateContainer(211)) - Created and opened new pipeline Pipeline[ Id: e812ea34-9e9f-42a0-95ee-d41c1ef2eded, Nodes: bb55b568-9515-4c72-9e9b-b757ab502a4b(fv-az793-921.vth4h2cvs0culokhaokvhxz15b.jx.internal.cloudapp.net/10.1.0.48)d53ff278-24a5-4154-8938-e562e33f1fe4(fv-az793-921.vth4h2cvs0culokhaokvhxz15b.jx.internal.cloudapp.net/10.1.0.48)631d0543-e884-417b-8085-5eab660cf7c0(fv-az793-921.vth4h2cvs0culokhaokvhxz15b.jx.internal.cloudapp.net/10.1.0.48)f4e4783d-3001-46db-b6c9-216b79feec14(fv-az793-921.vth4h2cvs0culokhaokvhxz15b.jx.internal.cloudapp.net/10.1.0.48)92b1db46-ede6-4b54-a196-785743adb798(fv-az793-921.vth4h2cvs0culokhaokvhxz15b.jx.internal.cloudapp.net/10.1.0.48), ReplicationConfig: EC{rs-3-2-1024k}, State:ALLOCATED, leaderId:, CreationTimestamp2023-09-07T08:55:18.093Z[Etc/UTC]]
]]></system-out>
  </testcase>
  <testcase name="testListStatusWithIntermediateDirWithECEnabled" classname="TestOzoneFileSystem" time="0.047">
    <system-out><![CDATA[2023-09-07 08:56:54,127 [IPC Server handler 19 on default port 15107] INFO  algorithms.SCMContainerPlacementRackScatter (SCMContainerPlacementRackScatter.java:chooseDatanodesInternal(362)) - Chosen nodes: [5b4afb20-df00-40b2-9151-744536d77108(fv-az793-921.vth4h2cvs0culokhaokvhxz15b.jx.internal.cloudapp.net/10.1.0.48), 59e7d543-5a74-4c1b-8513-ed64d8264a1e(fv-az793-921.vth4h2cvs0culokhaokvhxz15b.jx.internal.cloudapp.net/10.1.0.48), a9310303-e7f9-4a41-8a27-a7a2ce3a6d76(fv-az793-921.vth4h2cvs0culokhaokvhxz15b.jx.internal.cloudapp.net/10.1.0.48), ce3bbe74-48b8-4e84-ab92-3c2bb9d4f215(fv-az793-921.vth4h2cvs0culokhaokvhxz15b.jx.internal.cloudapp.net/10.1.0.48), a16823de-594d-4810-9c20-2473ba2acfd2(fv-az793-921.vth4h2cvs0culokhaokvhxz15b.jx.internal.cloudapp.net/10.1.0.48)]. isPolicySatisfied: true.
2023-09-07 08:56:54,129 [IPC Server handler 19 on default port 15107] INFO  pipeline.WritableECContainerProvider (WritableECContainerProvider.java:allocateContainer(211)) - Created and opened new pipeline Pipeline[ Id: 91c69a70-c1d2-4af4-a383-192289898642, Nodes: 5b4afb20-df00-40b2-9151-744536d77108(fv-az793-921.vth4h2cvs0culokhaokvhxz15b.jx.internal.cloudapp.net/10.1.0.48)59e7d543-5a74-4c1b-8513-ed64d8264a1e(fv-az793-921.vth4h2cvs0culokhaokvhxz15b.jx.internal.cloudapp.net/10.1.0.48)a9310303-e7f9-4a41-8a27-a7a2ce3a6d76(fv-az793-921.vth4h2cvs0culokhaokvhxz15b.jx.internal.cloudapp.net/10.1.0.48)ce3bbe74-48b8-4e84-ab92-3c2bb9d4f215(fv-az793-921.vth4h2cvs0culokhaokvhxz15b.jx.internal.cloudapp.net/10.1.0.48)a16823de-594d-4810-9c20-2473ba2acfd2(fv-az793-921.vth4h2cvs0culokhaokvhxz15b.jx.internal.cloudapp.net/10.1.0.48), ReplicationConfig: EC{rs-3-2-1024k}, State:ALLOCATED, leaderId:, CreationTimestamp2023-09-07T08:56:54.127Z[Etc/UTC]]
]]></system-out>
  </testcase>
  <testcase name="testListStatusWithIntermediateDirWithECEnabled" classname="TestOzoneFileSystem" time="0.038">
    <system-out><![CDATA[2023-09-07 08:58:19,458 [IPC Server handler 10 on default port 15160] INFO  algorithms.SCMContainerPlacementRackScatter (SCMContainerPlacementRackScatter.java:chooseDatanodesInternal(362)) - Chosen nodes: [469bc52f-827e-4f59-b4d6-1102a4459bcd(fv-az793-921.vth4h2cvs0culokhaokvhxz15b.jx.internal.cloudapp.net/10.1.0.48), c2dbcf2b-518f-41ea-bd88-da292e0ddc39(fv-az793-921.vth4h2cvs0culokhaokvhxz15b.jx.internal.cloudapp.net/10.1.0.48), c9797992-92b1-488c-b385-6ae238fab233(fv-az793-921.vth4h2cvs0culokhaokvhxz15b.jx.internal.cloudapp.net/10.1.0.48), a34f2eca-ee32-4394-bb15-3b741437dcd0(fv-az793-921.vth4h2cvs0culokhaokvhxz15b.jx.internal.cloudapp.net/10.1.0.48), bacf23c7-6e92-44d7-b9fe-c924128d47d1(fv-az793-921.vth4h2cvs0culokhaokvhxz15b.jx.internal.cloudapp.net/10.1.0.48)]. isPolicySatisfied: true.
2023-09-07 08:58:19,460 [IPC Server handler 10 on default port 15160] INFO  pipeline.WritableECContainerProvider (WritableECContainerProvider.java:allocateContainer(211)) - Created and opened new pipeline Pipeline[ Id: 47b15f21-2c25-4d0d-8583-f949cd1b2727, Nodes: 469bc52f-827e-4f59-b4d6-1102a4459bcd(fv-az793-921.vth4h2cvs0culokhaokvhxz15b.jx.internal.cloudapp.net/10.1.0.48)c2dbcf2b-518f-41ea-bd88-da292e0ddc39(fv-az793-921.vth4h2cvs0culokhaokvhxz15b.jx.internal.cloudapp.net/10.1.0.48)c9797992-92b1-488c-b385-6ae238fab233(fv-az793-921.vth4h2cvs0culokhaokvhxz15b.jx.internal.cloudapp.net/10.1.0.48)a34f2eca-ee32-4394-bb15-3b741437dcd0(fv-az793-921.vth4h2cvs0culokhaokvhxz15b.jx.internal.cloudapp.net/10.1.0.48)bacf23c7-6e92-44d7-b9fe-c924128d47d1(fv-az793-921.vth4h2cvs0culokhaokvhxz15b.jx.internal.cloudapp.net/10.1.0.48), ReplicationConfig: EC{rs-3-2-1024k}, State:ALLOCATED, leaderId:, CreationTimestamp2023-09-07T08:58:19.458Z[Etc/UTC]]
]]></system-out>
  </testcase>
  <testcase name="testMakeDirsWithAnExistingDirectoryPath" classname="TestOzoneFileSystem" time="0.045"/>
  <testcase name="testMakeDirsWithAnExistingDirectoryPath" classname="TestOzoneFileSystem" time="0.025"/>
  <testcase name="testMakeDirsWithAnExistingDirectoryPath" classname="TestOzoneFileSystem" time="0.06"/>
  <testcase name="testMakeDirsWithAnExistingDirectoryPath" classname="TestOzoneFileSystem" time="0.032"/>
  <testcase name="testSetTimes" classname="TestOzoneFileSystem" time="0.205"/>
  <testcase name="testSetTimes" classname="TestOzoneFileSystem" time="0.176"/>
  <testcase name="testSetTimes" classname="TestOzoneFileSystem" time="0.145"/>
  <testcase name="testSetTimes" classname="TestOzoneFileSystem" time="0.144"/>
</testsuite>