<?xml version="1.0" encoding="UTF-8"?>
<testsuite xmlns:xsi="http://www.w3.org/2001/XMLSchema-instance" xsi:noNamespaceSchemaLocation="https://maven.apache.org/surefire/maven-surefire-plugin/xsd/surefire-test-report.xsd" version="3.0.2" name="org.apache.hadoop.ozone.recon.TestNSSummaryMemoryLeak" time="50.479" tests="2" errors="0" skipped="0" failures="1">
  <properties>
    <property name="org.jooq.no-logo" value="true"/>
    <property name="java.specification.version" value="21"/>
    <property name="sun.jnu.encoding" value="UTF-8"/>
    <property name="java.class.path" value="/home/runner/work/ozone/ozone/hadoop-ozone/integration-test-recon/target/test-classes:/home/runner/work/ozone/ozone/hadoop-ozone/integration-test-recon/target/classes:/home/runner/.m2/repository/com/fasterxml/jackson/core/jackson-core/2.16.2/jackson-core-2.16.2.jar:/home/runner/.m2/repository/com/fasterxml/jackson/core/jackson-databind/2.16.2/jackson-databind-2.16.2.jar:/home/runner/.m2/repository/com/fasterxml/jackson/core/jackson-annotations/2.16.2/jackson-annotations-2.16.2.jar:/home/runner/.m2/repository/com/google/guava/guava/32.1.3-jre/guava-32.1.3-jre.jar:/home/runner/.m2/repository/com/google/guava/failureaccess/1.0.1/failureaccess-1.0.1.jar:/home/runner/.m2/repository/com/google/guava/listenablefuture/9999.0-empty-to-avoid-conflict-with-guava/listenablefuture-9999.0-empty-to-avoid-conflict-with-guava.jar:/home/runner/.m2/repository/org/checkerframework/checker-qual/3.37.0/checker-qual-3.37.0.jar:/home/runner/.m2/repository/com/google/errorprone/error_prone_annotations/2.29.2/error_prone_annotations-2.29.2.jar:/home/runner/.m2/repository/com/google/j2objc/j2objc-annotations/2.8/j2objc-annotations-2.8.jar:/home/runner/.m2/repository/commons-io/commons-io/2.18.0/commons-io-2.18.0.jar:/home/runner/.m2/repository/jakarta/ws/rs/jakarta.ws.rs-api/2.1.6/jakarta.ws.rs-api-2.1.6.jar:/home/runner/.m2/repository/org/apache/hadoop/hadoop-common/3.4.1/hadoop-common-3.4.1.jar:/home/runner/.m2/repository/org/apache/hadoop/thirdparty/hadoop-shaded-protobuf_3_25/1.4.0/hadoop-shaded-protobuf_3_25-1.4.0.jar:/home/runner/.m2/repository/org/apache/hadoop/hadoop-annotations/3.4.1/hadoop-annotations-3.4.1.jar:/home/runner/.m2/repository/org/apache/hadoop/thirdparty/hadoop-shaded-guava/1.3.0/hadoop-shaded-guava-1.3.0.jar:/home/runner/.m2/repository/commons-cli/commons-cli/1.8.0/commons-cli-1.8.0.jar:/home/runner/.m2/repository/commons-codec/commons-codec/1.18.0/commons-codec-1.18.0.jar:/home/runner/.m2/repository/commons-net/commons-net/3.11.1/commons-net-3.11.1.jar:/home/runner/.m2/repository/commons-collections/commons-collections/3.2.2/commons-collections-3.2.2.jar:/home/runner/.m2/repository/javax/servlet/javax.servlet-api/3.1.0/javax.servlet-api-3.1.0.jar:/home/runner/.m2/repository/jakarta/activation/jakarta.activation-api/1.2.2/jakarta.activation-api-1.2.2.jar:/home/runner/.m2/repository/org/eclipse/jetty/jetty-server/9.4.57.v20241219/jetty-server-9.4.57.v20241219.jar:/home/runner/.m2/repository/org/eclipse/jetty/jetty-io/9.4.57.v20241219/jetty-io-9.4.57.v20241219.jar:/home/runner/.m2/repository/org/eclipse/jetty/jetty-util/9.4.57.v20241219/jetty-util-9.4.57.v20241219.jar:/home/runner/.m2/repository/org/eclipse/jetty/jetty-servlet/9.4.57.v20241219/jetty-servlet-9.4.57.v20241219.jar:/home/runner/.m2/repository/org/eclipse/jetty/jetty-security/9.4.57.v20241219/jetty-security-9.4.57.v20241219.jar:/home/runner/.m2/repository/org/eclipse/jetty/jetty-util-ajax/9.4.57.v20241219/jetty-util-ajax-9.4.57.v20241219.jar:/home/runner/.m2/repository/org/eclipse/jetty/jetty-webapp/9.4.57.v20241219/jetty-webapp-9.4.57.v20241219.jar:/home/runner/.m2/repository/org/eclipse/jetty/jetty-xml/9.4.57.v20241219/jetty-xml-9.4.57.v20241219.jar:/home/runner/.m2/repository/javax/servlet/jsp/jsp-api/2.1/jsp-api-2.1.jar:/home/runner/.m2/repository/org/codehaus/jettison/jettison/1.5.4/jettison-1.5.4.jar:/home/runner/.m2/repository/commons-beanutils/commons-beanutils/1.11.0/commons-beanutils-1.11.0.jar:/home/runner/.m2/repository/org/apache/commons/commons-configuration2/2.12.0/commons-configuration2-2.12.0.jar:/home/runner/.m2/repository/org/apache/commons/commons-lang3/3.17.0/commons-lang3-3.17.0.jar:/home/runner/.m2/repository/org/apache/commons/commons-text/1.13.1/commons-text-1.13.1.jar:/home/runner/.m2/repository/com/google/re2j/re2j/1.7/re2j-1.7.jar:/home/runner/.m2/repository/com/google/code/gson/gson/2.10.1/gson-2.10.1.jar:/home/runner/.m2/repository/org/apache/hadoop/hadoop-auth/3.4.1/hadoop-auth-3.4.1.jar:/home/runner/.m2/repository/com/jcraft/jsch/0.1.55/jsch-0.1.55.jar:/home/runner/.m2/repository/io/netty/netty-handler/4.1.119.Final/netty-handler-4.1.119.Final.jar:/home/runner/.m2/repository/io/netty/netty-resolver/4.1.119.Final/netty-resolver-4.1.119.Final.jar:/home/runner/.m2/repository/io/netty/netty-buffer/4.1.119.Final/netty-buffer-4.1.119.Final.jar:/home/runner/.m2/repository/io/netty/netty-transport-native-unix-common/4.1.119.Final/netty-transport-native-unix-common-4.1.119.Final.jar:/home/runner/.m2/repository/io/netty/netty-codec/4.1.119.Final/netty-codec-4.1.119.Final.jar:/home/runner/.m2/repository/io/netty/netty-transport-native-epoll/4.1.119.Final/netty-transport-native-epoll-4.1.119.Final.jar:/home/runner/.m2/repository/io/netty/netty-transport-classes-epoll/4.1.119.Final/netty-transport-classes-epoll-4.1.119.Final.jar:/home/runner/.m2/repository/io/dropwizard/metrics/metrics-core/3.2.6/metrics-core-3.2.6.jar:/home/runner/.m2/repository/org/apache/commons/commons-compress/1.27.1/commons-compress-1.27.1.jar:/home/runner/.m2/repository/org/bouncycastle/bcprov-jdk18on/1.81/bcprov-jdk18on-1.81.jar:/home/runner/.m2/repository/org/apache/kerby/kerb-core/1.0.1/kerb-core-1.0.1.jar:/home/runner/.m2/repository/org/apache/kerby/kerby-pkix/1.0.1/kerby-pkix-1.0.1.jar:/home/runner/.m2/repository/org/apache/kerby/kerby-asn1/1.0.1/kerby-asn1-1.0.1.jar:/home/runner/.m2/repository/org/codehaus/woodstox/stax2-api/4.2.1/stax2-api-4.2.1.jar:/home/runner/.m2/repository/com/fasterxml/woodstox/woodstox-core/5.4.0/woodstox-core-5.4.0.jar:/home/runner/.m2/repository/dnsjava/dnsjava/3.6.1/dnsjava-3.6.1.jar:/home/runner/.m2/repository/org/apache/hadoop/hadoop-hdfs-client/3.4.1/hadoop-hdfs-client-3.4.1.jar:/home/runner/.m2/repository/org/apache/httpcomponents/httpclient/4.5.14/httpclient-4.5.14.jar:/home/runner/.m2/repository/org/apache/httpcomponents/httpcore/4.4.16/httpcore-4.4.16.jar:/home/runner/work/ozone/ozone/hadoop-hdds/client/target/hdds-client-2.1.0-SNAPSHOT.jar:/home/runner/.m2/repository/io/opentracing/opentracing-api/0.33.0/opentracing-api-0.33.0.jar:/home/runner/.m2/repository/io/opentracing/opentracing-util/0.33.0/opentracing-util-0.33.0.jar:/home/runner/.m2/repository/io/opentracing/opentracing-noop/0.33.0/opentracing-noop-0.33.0.jar:/home/runner/.m2/repository/jakarta/annotation/jakarta.annotation-api/2.1.1/jakarta.annotation-api-2.1.1.jar:/home/runner/work/ozone/ozone/hadoop-hdds/erasurecode/target/hdds-erasurecode-2.1.0-SNAPSHOT.jar:/home/runner/.m2/repository/org/apache/ratis/ratis-client/3.2.0/ratis-client-3.2.0.jar:/home/runner/.m2/repository/org/apache/ratis/ratis-grpc/3.2.0/ratis-grpc-3.2.0.jar:/home/runner/.m2/repository/org/apache/ratis/ratis-proto/3.2.0/ratis-proto-3.2.0.jar:/home/runner/.m2/repository/org/apache/ratis/ratis-thirdparty-misc/1.0.9/ratis-thirdparty-misc-1.0.9.jar:/home/runner/work/ozone/ozone/hadoop-hdds/common/target/hdds-common-2.1.0-SNAPSHOT.jar:/home/runner/.m2/repository/com/fasterxml/jackson/datatype/jackson-datatype-jsr310/2.16.2/jackson-datatype-jsr310-2.16.2.jar:/home/runner/.m2/repository/com/github/stephenc/jcip/jcip-annotations/1.0-1/jcip-annotations-1.0-1.jar:/home/runner/.m2/repository/com/google/protobuf/protobuf-java/2.5.0/protobuf-java-2.5.0.jar:/home/runner/.m2/repository/commons-validator/commons-validator/1.6/commons-validator-1.6.jar:/home/runner/.m2/repository/commons-digester/commons-digester/1.8.1/commons-digester-1.8.1.jar:/home/runner/.m2/repository/info/picocli/picocli/4.7.7/picocli-4.7.7.jar:/home/runner/.m2/repository/io/jaegertracing/jaeger-core/1.8.1/jaeger-core-1.8.1.jar:/home/runner/.m2/repository/jakarta/xml/bind/jakarta.xml.bind-api/2.3.3/jakarta.xml.bind-api-2.3.3.jar:/home/runner/work/ozone/ozone/hadoop-hdds/interface-admin/target/hdds-interface-admin-2.1.0-SNAPSHOT.jar:/home/runner/.m2/repository/org/apache/ratis/ratis-netty/3.2.0/ratis-netty-3.2.0.jar:/home/runner/.m2/repository/org/apache/ratis/ratis-server-api/3.2.0/ratis-server-api-3.2.0.jar:/home/runner/.m2/repository/org/bouncycastle/bcpkix-jdk18on/1.81/bcpkix-jdk18on-1.81.jar:/home/runner/.m2/repository/org/bouncycastle/bcutil-jdk18on/1.81/bcutil-jdk18on-1.81.jar:/home/runner/.m2/repository/org/yaml/snakeyaml/2.0/snakeyaml-2.0.jar:/home/runner/.m2/repository/io/jaegertracing/jaeger-client/1.8.1/jaeger-client-1.8.1.jar:/home/runner/.m2/repository/io/jaegertracing/jaeger-thrift/1.8.1/jaeger-thrift-1.8.1.jar:/home/runner/.m2/repository/org/apache/thrift/libthrift/0.15.0/libthrift-0.15.0.jar:/home/runner/.m2/repository/com/squareup/okhttp3/okhttp/4.12.0/okhttp-4.12.0.jar:/home/runner/.m2/repository/com/squareup/okio/okio/3.6.0/okio-3.6.0.jar:/home/runner/.m2/repository/com/squareup/okio/okio-jvm/3.6.0/okio-jvm-3.6.0.jar:/home/runner/.m2/repository/org/jetbrains/kotlin/kotlin-stdlib-common/1.9.25/kotlin-stdlib-common-1.9.25.jar:/home/runner/.m2/repository/org/jetbrains/kotlin/kotlin-stdlib-jdk8/1.9.25/kotlin-stdlib-jdk8-1.9.25.jar:/home/runner/.m2/repository/org/jetbrains/kotlin/kotlin-stdlib/1.9.25/kotlin-stdlib-1.9.25.jar:/home/runner/.m2/repository/org/jetbrains/annotations/13.0/annotations-13.0.jar:/home/runner/.m2/repository/org/jetbrains/kotlin/kotlin-stdlib-jdk7/1.9.25/kotlin-stdlib-jdk7-1.9.25.jar:/home/runner/.m2/repository/io/jaegertracing/jaeger-tracerresolver/1.8.1/jaeger-tracerresolver-1.8.1.jar:/home/runner/.m2/repository/io/opentracing/contrib/opentracing-tracerresolver/0.1.8/opentracing-tracerresolver-0.1.8.jar:/home/runner/.m2/repository/org/apache/ratis/ratis-metrics-dropwizard3/3.2.0/ratis-metrics-dropwizard3-3.2.0.jar:/home/runner/.m2/repository/org/slf4j/jcl-over-slf4j/2.0.17/jcl-over-slf4j-2.0.17.jar:/home/runner/.m2/repository/org/slf4j/slf4j-reload4j/2.0.17/slf4j-reload4j-2.0.17.jar:/home/runner/work/ozone/ozone/hadoop-hdds/common/target/hdds-common-2.1.0-SNAPSHOT-tests.jar:/home/runner/work/ozone/ozone/hadoop-hdds/config/target/hdds-config-2.1.0-SNAPSHOT.jar:/home/runner/work/ozone/ozone/hadoop-hdds/interface-client/target/hdds-interface-client-2.1.0-SNAPSHOT.jar:/home/runner/work/ozone/ozone/hadoop-hdds/framework/target/hdds-server-framework-2.1.0-SNAPSHOT.jar:/home/runner/.m2/repository/ch/qos/reload4j/reload4j/1.2.26/reload4j-1.2.26.jar:/home/runner/.m2/repository/com/github/jnr/jnr-constants/0.10.4/jnr-constants-0.10.4.jar:/home/runner/.m2/repository/com/github/jnr/jnr-posix/3.1.20/jnr-posix-3.1.20.jar:/home/runner/.m2/repository/com/github/jnr/jnr-ffi/2.2.17/jnr-ffi-2.2.17.jar:/home/runner/.m2/repository/com/github/jnr/jffi/1.3.13/jffi-1.3.13.jar:/home/runner/.m2/repository/com/github/jnr/jffi/1.3.13/jffi-1.3.13-native.jar:/home/runner/.m2/repository/org/ow2/asm/asm/9.7.1/asm-9.7.1.jar:/home/runner/.m2/repository/org/ow2/asm/asm-commons/9.7.1/asm-commons-9.7.1.jar:/home/runner/.m2/repository/org/ow2/asm/asm-analysis/9.7.1/asm-analysis-9.7.1.jar:/home/runner/.m2/repository/org/ow2/asm/asm-tree/9.7.1/asm-tree-9.7.1.jar:/home/runner/.m2/repository/org/ow2/asm/asm-util/9.7.1/asm-util-9.7.1.jar:/home/runner/.m2/repository/com/github/jnr/jnr-a64asm/1.0.0/jnr-a64asm-1.0.0.jar:/home/runner/.m2/repository/com/github/jnr/jnr-x86asm/1.0.2/jnr-x86asm-1.0.2.jar:/home/runner/.m2/repository/commons-fileupload/commons-fileupload/1.5/commons-fileupload-1.5.jar:/home/runner/.m2/repository/io/grpc/grpc-api/1.71.0/grpc-api-1.71.0.jar:/home/runner/.m2/repository/io/prometheus/simpleclient/0.16.0/simpleclient-0.16.0.jar:/home/runner/.m2/repository/io/prometheus/simpleclient_common/0.16.0/simpleclient_common-0.16.0.jar:/home/runner/.m2/repository/io/prometheus/simpleclient_dropwizard/0.16.0/simpleclient_dropwizard-0.16.0.jar:/home/runner/.m2/repository/org/apache/logging/log4j/log4j-api/2.25.0/log4j-api-2.25.0.jar:/home/runner/work/ozone/ozone/hadoop-hdds/interface-server/target/hdds-interface-server-2.1.0-SNAPSHOT.jar:/home/runner/work/ozone/ozone/hadoop-hdds/managed-rocksdb/target/hdds-managed-rocksdb-2.1.0-SNAPSHOT.jar:/home/runner/work/ozone/ozone/hadoop-hdds/rocksdb-checkpoint-differ/target/rocksdb-checkpoint-differ-2.1.0-SNAPSHOT.jar:/home/runner/.m2/repository/org/apache/ratis/ratis-metrics-api/3.2.0/ratis-metrics-api-3.2.0.jar:/home/runner/.m2/repository/org/eclipse/jetty/jetty-http/9.4.57.v20241219/jetty-http-9.4.57.v20241219.jar:/home/runner/.m2/repository/org/glassfish/jersey/containers/jersey-container-servlet-core/2.47/jersey-container-servlet-core-2.47.jar:/home/runner/.m2/repository/org/glassfish/jersey/core/jersey-server/2.47/jersey-server-2.47.jar:/home/runner/.m2/repository/org/glassfish/jersey/core/jersey-client/2.47/jersey-client-2.47.jar:/home/runner/.m2/repository/org/reflections/reflections/0.10.2/reflections-0.10.2.jar:/home/runner/.m2/repository/org/javassist/javassist/3.30.2-GA/javassist-3.30.2-GA.jar:/home/runner/.m2/repository/org/rocksdb/rocksdbjni/7.7.3/rocksdbjni-7.7.3.jar:/home/runner/.m2/repository/com/lmax/disruptor/3.4.4/disruptor-3.4.4.jar:/home/runner/.m2/repository/com/nimbusds/nimbus-jose-jwt/9.40/nimbus-jose-jwt-9.40.jar:/home/runner/.m2/repository/log4j/apache-log4j-extras/1.2.17/apache-log4j-extras-1.2.17.jar:/home/runner/.m2/repository/org/apache/kerby/kerb-util/1.0.1/kerb-util-1.0.1.jar:/home/runner/.m2/repository/org/apache/kerby/kerby-config/1.0.1/kerby-config-1.0.1.jar:/home/runner/.m2/repository/org/apache/kerby/kerb-crypto/1.0.1/kerb-crypto-1.0.1.jar:/home/runner/.m2/repository/org/apache/logging/log4j/log4j-core/2.25.0/log4j-core-2.25.0.jar:/home/runner/.m2/repository/org/xerial/snappy/snappy-java/1.1.10.7/snappy-java-1.1.10.7.jar:/home/runner/work/ozone/ozone/hadoop-hdds/server-scm/target/hdds-server-scm-2.1.0-SNAPSHOT.jar:/home/runner/work/ozone/ozone/hadoop-hdds/container-service/target/hdds-container-service-2.1.0-SNAPSHOT.jar:/home/runner/.m2/repository/org/apache/hadoop/hadoop-hdfs/3.4.1/hadoop-hdfs-3.4.1.jar:/home/runner/.m2/repository/commons-daemon/commons-daemon/1.4.0/commons-daemon-1.4.0.jar:/home/runner/.m2/repository/com/github/luben/zstd-jni/1.5.7-4/zstd-jni-1.5.7-4.jar:/home/runner/.m2/repository/org/glassfish/jaxb/jaxb-runtime/2.3.9/jaxb-runtime-2.3.9.jar:/home/runner/.m2/repository/org/glassfish/jaxb/txw2/2.3.9/txw2-2.3.9.jar:/home/runner/.m2/repository/com/sun/istack/istack-commons-runtime/3.0.12/istack-commons-runtime-3.0.12.jar:/home/runner/.m2/repository/com/sun/activation/jakarta.activation/1.2.2/jakarta.activation-1.2.2.jar:/home/runner/.m2/repository/org/apache/ratis/ratis-server/3.2.0/ratis-server-3.2.0.jar:/home/runner/work/ozone/ozone/hadoop-hdds/server-scm/target/hdds-server-scm-2.1.0-SNAPSHOT-tests.jar:/home/runner/work/ozone/ozone/hadoop-hdds/test-utils/target/hdds-test-utils-2.1.0-SNAPSHOT-tests.jar:/home/runner/work/ozone/ozone/hadoop-ozone/cli-admin/target/ozone-cli-admin-2.1.0-SNAPSHOT.jar:/home/runner/work/ozone/ozone/hadoop-ozone/cli-shell/target/ozone-cli-shell-2.1.0-SNAPSHOT.jar:/home/runner/.m2/repository/info/picocli/picocli-shell-jline3/4.7.7/picocli-shell-jline3-4.7.7.jar:/home/runner/.m2/repository/org/jline/jline/3.30.4/jline-3.30.4.jar:/home/runner/work/ozone/ozone/hadoop-ozone/ozonefs/target/ozone-filesystem-2.1.0-SNAPSHOT.jar:/home/runner/work/ozone/ozone/hadoop-ozone/ozonefs-common/target/ozone-filesystem-common-2.1.0-SNAPSHOT.jar:/home/runner/work/ozone/ozone/hadoop-ozone/interface-client/target/ozone-interface-client-2.1.0-SNAPSHOT.jar:/home/runner/.m2/repository/io/grpc/grpc-protobuf/1.71.0/grpc-protobuf-1.71.0.jar:/home/runner/.m2/repository/com/google/api/grpc/proto-google-common-protos/2.51.0/proto-google-common-protos-2.51.0.jar:/home/runner/.m2/repository/io/grpc/grpc-protobuf-lite/1.71.0/grpc-protobuf-lite-1.71.0.jar:/home/runner/work/ozone/ozone/hadoop-ozone/client/target/ozone-client-2.1.0-SNAPSHOT.jar:/home/runner/work/ozone/ozone/hadoop-ozone/common/target/ozone-common-2.1.0-SNAPSHOT.jar:/home/runner/.m2/repository/io/grpc/grpc-netty/1.71.0/grpc-netty-1.71.0.jar:/home/runner/.m2/repository/org/codehaus/mojo/animal-sniffer-annotations/1.24/animal-sniffer-annotations-1.24.jar:/home/runner/.m2/repository/io/grpc/grpc-core/1.71.0/grpc-core-1.71.0.jar:/home/runner/.m2/repository/com/google/android/annotations/4.1.1.4/annotations-4.1.1.4.jar:/home/runner/.m2/repository/io/grpc/grpc-context/1.71.0/grpc-context-1.71.0.jar:/home/runner/.m2/repository/io/perfmark/perfmark-api/0.27.0/perfmark-api-0.27.0.jar:/home/runner/.m2/repository/io/grpc/grpc-util/1.71.0/grpc-util-1.71.0.jar:/home/runner/.m2/repository/io/netty/netty-common/4.1.119.Final/netty-common-4.1.119.Final.jar:/home/runner/.m2/repository/io/netty/netty-codec-http2/4.1.119.Final/netty-codec-http2-4.1.119.Final.jar:/home/runner/.m2/repository/io/netty/netty-codec-http/4.1.119.Final/netty-codec-http-4.1.119.Final.jar:/home/runner/.m2/repository/io/netty/netty-handler-proxy/4.1.119.Final/netty-handler-proxy-4.1.119.Final.jar:/home/runner/.m2/repository/io/netty/netty-codec-socks/4.1.119.Final/netty-codec-socks-4.1.119.Final.jar:/home/runner/.m2/repository/io/netty/netty-tcnative-boringssl-static/2.0.70.Final/netty-tcnative-boringssl-static-2.0.70.Final.jar:/home/runner/.m2/repository/io/netty/netty-tcnative-classes/2.0.70.Final/netty-tcnative-classes-2.0.70.Final.jar:/home/runner/.m2/repository/io/netty/netty-tcnative-boringssl-static/2.0.70.Final/netty-tcnative-boringssl-static-2.0.70.Final-linux-x86_64.jar:/home/runner/.m2/repository/io/netty/netty-tcnative-boringssl-static/2.0.70.Final/netty-tcnative-boringssl-static-2.0.70.Final-linux-aarch_64.jar:/home/runner/.m2/repository/io/netty/netty-tcnative-boringssl-static/2.0.70.Final/netty-tcnative-boringssl-static-2.0.70.Final-osx-x86_64.jar:/home/runner/.m2/repository/io/netty/netty-tcnative-boringssl-static/2.0.70.Final/netty-tcnative-boringssl-static-2.0.70.Final-osx-aarch_64.jar:/home/runner/.m2/repository/io/netty/netty-tcnative-boringssl-static/2.0.70.Final/netty-tcnative-boringssl-static-2.0.70.Final-windows-x86_64.jar:/home/runner/work/ozone/ozone/hadoop-ozone/integration-test/target/ozone-integration-test-2.1.0-SNAPSHOT-tests.jar:/home/runner/work/ozone/ozone/hadoop-ozone/interface-storage/target/ozone-interface-storage-2.1.0-SNAPSHOT.jar:/home/runner/work/ozone/ozone/hadoop-ozone/ozone-manager/target/ozone-manager-2.1.0-SNAPSHOT.jar:/home/runner/.m2/repository/io/grpc/grpc-stub/1.71.0/grpc-stub-1.71.0.jar:/home/runner/.m2/repository/io/netty/netty-transport/4.1.119.Final/netty-transport-4.1.119.Final.jar:/home/runner/.m2/repository/org/apache/kerby/kerby-util/1.0.1/kerby-util-1.0.1.jar:/home/runner/work/ozone/ozone/hadoop-hdds/rocks-native/target/hdds-rocks-native-2.1.0-SNAPSHOT.jar:/home/runner/.m2/repository/org/apache/ranger/ranger-intg/2.6.0/ranger-intg-2.6.0.jar:/home/runner/.m2/repository/org/apache/ranger/ranger-plugins-common/2.6.0/ranger-plugins-common-2.6.0.jar:/home/runner/.m2/repository/com/fasterxml/jackson/jaxrs/jackson-jaxrs-base/2.16.2/jackson-jaxrs-base-2.16.2.jar:/home/runner/.m2/repository/com/fasterxml/jackson/jaxrs/jackson-jaxrs-json-provider/2.16.2/jackson-jaxrs-json-provider-2.16.2.jar:/home/runner/.m2/repository/com/kstruct/gethostname4j/1.0.0/gethostname4j-1.0.0.jar:/home/runner/.m2/repository/commons-lang/commons-lang/2.6/commons-lang-2.6.jar:/home/runner/.m2/repository/net/java/dev/jna/jna/5.2.0/jna-5.2.0.jar:/home/runner/.m2/repository/net/java/dev/jna/jna-platform/5.2.0/jna-platform-5.2.0.jar:/home/runner/.m2/repository/org/apache/ranger/ranger-plugin-classloader/2.6.0/ranger-plugin-classloader-2.6.0.jar:/home/runner/.m2/repository/org/apache/ranger/ranger-plugins-audit/2.6.0/ranger-plugins-audit-2.6.0.jar:/home/runner/.m2/repository/com/amazonaws/aws-java-sdk-logs/1.12.765/aws-java-sdk-logs-1.12.765.jar:/home/runner/.m2/repository/com/amazonaws/aws-java-sdk-core/1.12.661/aws-java-sdk-core-1.12.661.jar:/home/runner/.m2/repository/com/fasterxml/jackson/dataformat/jackson-dataformat-cbor/2.16.2/jackson-dataformat-cbor-2.16.2.jar:/home/runner/.m2/repository/com/amazonaws/jmespath-java/1.12.765/jmespath-java-1.12.765.jar:/home/runner/.m2/repository/com/carrotsearch/hppc/0.8.0/hppc-0.8.0.jar:/home/runner/.m2/repository/io/airlift/aircompressor/0.27/aircompressor-0.27.jar:/home/runner/.m2/repository/joda-time/joda-time/2.12.7/joda-time-2.12.7.jar:/home/runner/.m2/repository/org/apache/httpcomponents/httpasyncclient/4.1.4/httpasyncclient-4.1.4.jar:/home/runner/.m2/repository/org/apache/httpcomponents/httpcore-nio/4.4.16/httpcore-nio-4.4.16.jar:/home/runner/.m2/repository/org/apache/httpcomponents/httpmime/4.5.13/httpmime-4.5.13.jar:/home/runner/.m2/repository/org/apache/orc/orc-core/1.5.8/orc-core-1.5.8.jar:/home/runner/.m2/repository/org/apache/orc/orc-shims/1.5.8/orc-shims-1.5.8.jar:/home/runner/.m2/repository/org/eclipse/jetty/jetty-client/9.4.57.v20241219/jetty-client-9.4.57.v20241219.jar:/home/runner/.m2/repository/org/apache/ranger/ranger-plugins-cred/2.6.0/ranger-plugins-cred-2.6.0.jar:/home/runner/.m2/repository/org/aspectj/aspectjrt/1.9.7/aspectjrt-1.9.7.jar:/home/runner/work/ozone/ozone/hadoop-ozone/ozone-manager/target/ozone-manager-2.1.0-SNAPSHOT-tests.jar:/home/runner/work/ozone/ozone/hadoop-ozone/mini-cluster/target/ozone-mini-cluster-2.1.0-SNAPSHOT.jar:/home/runner/work/ozone/ozone/hadoop-ozone/recon/target/ozone-recon-2.1.0-SNAPSHOT.jar:/home/runner/.m2/repository/aopalliance/aopalliance/1.0/aopalliance-1.0.jar:/home/runner/.m2/repository/com/google/inject/guice/6.0.0/guice-6.0.0.jar:/home/runner/.m2/repository/jakarta/inject/jakarta.inject-api/2.0.1/jakarta.inject-api-2.0.1.jar:/home/runner/.m2/repository/com/google/inject/extensions/guice-servlet/6.0.0/guice-servlet-6.0.0.jar:/home/runner/.m2/repository/com/jolbox/bonecp/0.8.0.RELEASE/bonecp-0.8.0.RELEASE.jar:/home/runner/.m2/repository/jakarta/validation/jakarta.validation-api/2.0.2/jakarta.validation-api-2.0.2.jar:/home/runner/.m2/repository/javax/annotation/javax.annotation-api/1.3.2/javax.annotation-api-1.3.2.jar:/home/runner/.m2/repository/javax/inject/javax.inject/1/javax.inject-1.jar:/home/runner/.m2/repository/org/apache/derby/derby/10.14.2.0/derby-10.14.2.0.jar:/home/runner/.m2/repository/org/glassfish/hk2/guice-bridge/2.6.1/guice-bridge-2.6.1.jar:/home/runner/.m2/repository/org/glassfish/hk2/hk2-api/2.6.1/hk2-api-2.6.1.jar:/home/runner/.m2/repository/org/glassfish/hk2/hk2-utils/2.6.1/hk2-utils-2.6.1.jar:/home/runner/.m2/repository/org/glassfish/hk2/external/aopalliance-repackaged/2.6.1/aopalliance-repackaged-2.6.1.jar:/home/runner/.m2/repository/org/glassfish/jersey/core/jersey-common/2.47/jersey-common-2.47.jar:/home/runner/.m2/repository/org/glassfish/hk2/osgi-resource-locator/1.0.3/osgi-resource-locator-1.0.3.jar:/home/runner/.m2/repository/org/jooq/jooq/3.11.10/jooq-3.11.10.jar:/home/runner/.m2/repository/org/springframework/spring-core/5.3.39/spring-core-5.3.39.jar:/home/runner/.m2/repository/org/springframework/spring-jdbc/5.3.39/spring-jdbc-5.3.39.jar:/home/runner/.m2/repository/org/springframework/spring-beans/5.3.39/spring-beans-5.3.39.jar:/home/runner/.m2/repository/org/springframework/spring-tx/5.3.39/spring-tx-5.3.39.jar:/home/runner/.m2/repository/org/xerial/sqlite-jdbc/3.50.2.0/sqlite-jdbc-3.50.2.0.jar:/home/runner/.m2/repository/com/google/inject/extensions/guice-assistedinject/6.0.0/guice-assistedinject-6.0.0.jar:/home/runner/.m2/repository/org/glassfish/hk2/external/jakarta.inject/2.6.1/jakarta.inject-2.6.1.jar:/home/runner/.m2/repository/org/glassfish/jersey/inject/jersey-hk2/2.47/jersey-hk2-2.47.jar:/home/runner/.m2/repository/org/glassfish/hk2/hk2-locator/2.6.1/hk2-locator-2.6.1.jar:/home/runner/.m2/repository/org/glassfish/jersey/media/jersey-media-jaxb/2.47/jersey-media-jaxb-2.47.jar:/home/runner/.m2/repository/org/glassfish/jersey/media/jersey-media-json-jackson/2.47/jersey-media-json-jackson-2.47.jar:/home/runner/.m2/repository/org/glassfish/jersey/ext/jersey-entity-filtering/2.47/jersey-entity-filtering-2.47.jar:/home/runner/.m2/repository/com/fasterxml/jackson/module/jackson-module-jaxb-annotations/2.16.2/jackson-module-jaxb-annotations-2.16.2.jar:/home/runner/work/ozone/ozone/hadoop-ozone/recon-codegen/target/ozone-reconcodegen-2.1.0-SNAPSHOT.jar:/home/runner/.m2/repository/org/jooq/jooq-codegen/3.11.10/jooq-codegen-3.11.10.jar:/home/runner/.m2/repository/org/jooq/jooq-meta/3.11.10/jooq-meta-3.11.10.jar:/home/runner/.m2/repository/org/apache/ratis/ratis-common/3.2.0/ratis-common-3.2.0.jar:/home/runner/.m2/repository/org/slf4j/slf4j-api/2.0.17/slf4j-api-2.0.17.jar:/home/runner/.m2/repository/org/assertj/assertj-core/3.27.3/assertj-core-3.27.3.jar:/home/runner/.m2/repository/net/bytebuddy/byte-buddy/1.15.11/byte-buddy-1.15.11.jar:/home/runner/.m2/repository/org/junit/jupiter/junit-jupiter-api/5.13.3/junit-jupiter-api-5.13.3.jar:/home/runner/.m2/repository/org/opentest4j/opentest4j/1.3.0/opentest4j-1.3.0.jar:/home/runner/.m2/repository/org/junit/platform/junit-platform-commons/1.13.3/junit-platform-commons-1.13.3.jar:/home/runner/.m2/repository/org/apiguardian/apiguardian-api/1.1.2/apiguardian-api-1.1.2.jar:/home/runner/.m2/repository/org/junit/jupiter/junit-jupiter-params/5.13.3/junit-jupiter-params-5.13.3.jar:/home/runner/.m2/repository/org/mockito/mockito-core/4.11.0/mockito-core-4.11.0.jar:/home/runner/.m2/repository/net/bytebuddy/byte-buddy-agent/1.12.19/byte-buddy-agent-1.12.19.jar:/home/runner/.m2/repository/org/objenesis/objenesis/3.3/objenesis-3.3.jar:/home/runner/.m2/repository/org/mockito/mockito-inline/4.11.0/mockito-inline-4.11.0.jar:/home/runner/.m2/repository/org/mockito/mockito-junit-jupiter/4.11.0/mockito-junit-jupiter-4.11.0.jar:/home/runner/work/ozone/ozone/hadoop-ozone/integration-test-recon/target/gradle-enterprise/test-listeners.jar:"/>
    <property name="java.vm.vendor" value="Eclipse Adoptium"/>
    <property name="sun.arch.data.model" value="64"/>
    <property name="test.build.dir" value="/home/runner/work/ozone/ozone/hadoop-ozone/integration-test-recon/target/test-dir"/>
    <property name="test.cache.data" value=""/>
    <property name="java.vendor.url" value="https://adoptium.net/"/>
    <property name="user.timezone" value="Etc/UTC"/>
    <property name="maven-surefire-plugin.argLineAccessArgs" value=" --add-opens java.management/com.sun.jmx.mbeanserver=ALL-UNNAMED --add-exports java.management/com.sun.jmx.mbeanserver=ALL-UNNAMED --add-opens java.base/java.nio=ALL-UNNAMED --add-opens java.base/java.lang=ALL-UNNAMED --add-opens java.base/java.lang.reflect=ALL-UNNAMED"/>
    <property name="java.vm.specification.version" value="21"/>
    <property name="os.name" value="Linux"/>
    <property name="test.build.data" value="/home/runner/work/ozone/ozone/hadoop-ozone/integration-test-recon/target/test-dir"/>
    <property name="sun.java.launcher" value="SUN_STANDARD"/>
    <property name="sun.boot.library.path" value="/usr/lib/jvm/temurin-21-jdk-amd64/lib"/>
    <property name="derby.stream.error.method" value="org.apache.ozone.recon.schema.SqlDbUtils.disableDerbyLogFile"/>
    <property name="sun.java.command" value="/home/runner/work/ozone/ozone/hadoop-ozone/integration-test-recon/target/surefire/surefirebooter-20250727043127183_607.jar /home/runner/work/ozone/ozone/hadoop-ozone/integration-test-recon/target/surefire 2025-07-27T04-21-02_555-jvmRun1 surefire-20250727043127183_605tmp surefire_62-20250727043127183_606tmp"/>
    <property name="jdk.debug" value="release"/>
    <property name="native.lib.tmp.dir" value="/tmp"/>
    <property name="surefire.test.class.path" value="/home/runner/work/ozone/ozone/hadoop-ozone/integration-test-recon/target/test-classes:/home/runner/work/ozone/ozone/hadoop-ozone/integration-test-recon/target/classes:/home/runner/.m2/repository/com/fasterxml/jackson/core/jackson-core/2.16.2/jackson-core-2.16.2.jar:/home/runner/.m2/repository/com/fasterxml/jackson/core/jackson-databind/2.16.2/jackson-databind-2.16.2.jar:/home/runner/.m2/repository/com/fasterxml/jackson/core/jackson-annotations/2.16.2/jackson-annotations-2.16.2.jar:/home/runner/.m2/repository/com/google/guava/guava/32.1.3-jre/guava-32.1.3-jre.jar:/home/runner/.m2/repository/com/google/guava/failureaccess/1.0.1/failureaccess-1.0.1.jar:/home/runner/.m2/repository/com/google/guava/listenablefuture/9999.0-empty-to-avoid-conflict-with-guava/listenablefuture-9999.0-empty-to-avoid-conflict-with-guava.jar:/home/runner/.m2/repository/org/checkerframework/checker-qual/3.37.0/checker-qual-3.37.0.jar:/home/runner/.m2/repository/com/google/errorprone/error_prone_annotations/2.29.2/error_prone_annotations-2.29.2.jar:/home/runner/.m2/repository/com/google/j2objc/j2objc-annotations/2.8/j2objc-annotations-2.8.jar:/home/runner/.m2/repository/commons-io/commons-io/2.18.0/commons-io-2.18.0.jar:/home/runner/.m2/repository/jakarta/ws/rs/jakarta.ws.rs-api/2.1.6/jakarta.ws.rs-api-2.1.6.jar:/home/runner/.m2/repository/org/apache/hadoop/hadoop-common/3.4.1/hadoop-common-3.4.1.jar:/home/runner/.m2/repository/org/apache/hadoop/thirdparty/hadoop-shaded-protobuf_3_25/1.4.0/hadoop-shaded-protobuf_3_25-1.4.0.jar:/home/runner/.m2/repository/org/apache/hadoop/hadoop-annotations/3.4.1/hadoop-annotations-3.4.1.jar:/home/runner/.m2/repository/org/apache/hadoop/thirdparty/hadoop-shaded-guava/1.3.0/hadoop-shaded-guava-1.3.0.jar:/home/runner/.m2/repository/commons-cli/commons-cli/1.8.0/commons-cli-1.8.0.jar:/home/runner/.m2/repository/commons-codec/commons-codec/1.18.0/commons-codec-1.18.0.jar:/home/runner/.m2/repository/commons-net/commons-net/3.11.1/commons-net-3.11.1.jar:/home/runner/.m2/repository/commons-collections/commons-collections/3.2.2/commons-collections-3.2.2.jar:/home/runner/.m2/repository/javax/servlet/javax.servlet-api/3.1.0/javax.servlet-api-3.1.0.jar:/home/runner/.m2/repository/jakarta/activation/jakarta.activation-api/1.2.2/jakarta.activation-api-1.2.2.jar:/home/runner/.m2/repository/org/eclipse/jetty/jetty-server/9.4.57.v20241219/jetty-server-9.4.57.v20241219.jar:/home/runner/.m2/repository/org/eclipse/jetty/jetty-io/9.4.57.v20241219/jetty-io-9.4.57.v20241219.jar:/home/runner/.m2/repository/org/eclipse/jetty/jetty-util/9.4.57.v20241219/jetty-util-9.4.57.v20241219.jar:/home/runner/.m2/repository/org/eclipse/jetty/jetty-servlet/9.4.57.v20241219/jetty-servlet-9.4.57.v20241219.jar:/home/runner/.m2/repository/org/eclipse/jetty/jetty-security/9.4.57.v20241219/jetty-security-9.4.57.v20241219.jar:/home/runner/.m2/repository/org/eclipse/jetty/jetty-util-ajax/9.4.57.v20241219/jetty-util-ajax-9.4.57.v20241219.jar:/home/runner/.m2/repository/org/eclipse/jetty/jetty-webapp/9.4.57.v20241219/jetty-webapp-9.4.57.v20241219.jar:/home/runner/.m2/repository/org/eclipse/jetty/jetty-xml/9.4.57.v20241219/jetty-xml-9.4.57.v20241219.jar:/home/runner/.m2/repository/javax/servlet/jsp/jsp-api/2.1/jsp-api-2.1.jar:/home/runner/.m2/repository/org/codehaus/jettison/jettison/1.5.4/jettison-1.5.4.jar:/home/runner/.m2/repository/commons-beanutils/commons-beanutils/1.11.0/commons-beanutils-1.11.0.jar:/home/runner/.m2/repository/org/apache/commons/commons-configuration2/2.12.0/commons-configuration2-2.12.0.jar:/home/runner/.m2/repository/org/apache/commons/commons-lang3/3.17.0/commons-lang3-3.17.0.jar:/home/runner/.m2/repository/org/apache/commons/commons-text/1.13.1/commons-text-1.13.1.jar:/home/runner/.m2/repository/com/google/re2j/re2j/1.7/re2j-1.7.jar:/home/runner/.m2/repository/com/google/code/gson/gson/2.10.1/gson-2.10.1.jar:/home/runner/.m2/repository/org/apache/hadoop/hadoop-auth/3.4.1/hadoop-auth-3.4.1.jar:/home/runner/.m2/repository/com/jcraft/jsch/0.1.55/jsch-0.1.55.jar:/home/runner/.m2/repository/io/netty/netty-handler/4.1.119.Final/netty-handler-4.1.119.Final.jar:/home/runner/.m2/repository/io/netty/netty-resolver/4.1.119.Final/netty-resolver-4.1.119.Final.jar:/home/runner/.m2/repository/io/netty/netty-buffer/4.1.119.Final/netty-buffer-4.1.119.Final.jar:/home/runner/.m2/repository/io/netty/netty-transport-native-unix-common/4.1.119.Final/netty-transport-native-unix-common-4.1.119.Final.jar:/home/runner/.m2/repository/io/netty/netty-codec/4.1.119.Final/netty-codec-4.1.119.Final.jar:/home/runner/.m2/repository/io/netty/netty-transport-native-epoll/4.1.119.Final/netty-transport-native-epoll-4.1.119.Final.jar:/home/runner/.m2/repository/io/netty/netty-transport-classes-epoll/4.1.119.Final/netty-transport-classes-epoll-4.1.119.Final.jar:/home/runner/.m2/repository/io/dropwizard/metrics/metrics-core/3.2.6/metrics-core-3.2.6.jar:/home/runner/.m2/repository/org/apache/commons/commons-compress/1.27.1/commons-compress-1.27.1.jar:/home/runner/.m2/repository/org/bouncycastle/bcprov-jdk18on/1.81/bcprov-jdk18on-1.81.jar:/home/runner/.m2/repository/org/apache/kerby/kerb-core/1.0.1/kerb-core-1.0.1.jar:/home/runner/.m2/repository/org/apache/kerby/kerby-pkix/1.0.1/kerby-pkix-1.0.1.jar:/home/runner/.m2/repository/org/apache/kerby/kerby-asn1/1.0.1/kerby-asn1-1.0.1.jar:/home/runner/.m2/repository/org/codehaus/woodstox/stax2-api/4.2.1/stax2-api-4.2.1.jar:/home/runner/.m2/repository/com/fasterxml/woodstox/woodstox-core/5.4.0/woodstox-core-5.4.0.jar:/home/runner/.m2/repository/dnsjava/dnsjava/3.6.1/dnsjava-3.6.1.jar:/home/runner/.m2/repository/org/apache/hadoop/hadoop-hdfs-client/3.4.1/hadoop-hdfs-client-3.4.1.jar:/home/runner/.m2/repository/org/apache/httpcomponents/httpclient/4.5.14/httpclient-4.5.14.jar:/home/runner/.m2/repository/org/apache/httpcomponents/httpcore/4.4.16/httpcore-4.4.16.jar:/home/runner/work/ozone/ozone/hadoop-hdds/client/target/hdds-client-2.1.0-SNAPSHOT.jar:/home/runner/.m2/repository/io/opentracing/opentracing-api/0.33.0/opentracing-api-0.33.0.jar:/home/runner/.m2/repository/io/opentracing/opentracing-util/0.33.0/opentracing-util-0.33.0.jar:/home/runner/.m2/repository/io/opentracing/opentracing-noop/0.33.0/opentracing-noop-0.33.0.jar:/home/runner/.m2/repository/jakarta/annotation/jakarta.annotation-api/2.1.1/jakarta.annotation-api-2.1.1.jar:/home/runner/work/ozone/ozone/hadoop-hdds/erasurecode/target/hdds-erasurecode-2.1.0-SNAPSHOT.jar:/home/runner/.m2/repository/org/apache/ratis/ratis-client/3.2.0/ratis-client-3.2.0.jar:/home/runner/.m2/repository/org/apache/ratis/ratis-grpc/3.2.0/ratis-grpc-3.2.0.jar:/home/runner/.m2/repository/org/apache/ratis/ratis-proto/3.2.0/ratis-proto-3.2.0.jar:/home/runner/.m2/repository/org/apache/ratis/ratis-thirdparty-misc/1.0.9/ratis-thirdparty-misc-1.0.9.jar:/home/runner/work/ozone/ozone/hadoop-hdds/common/target/hdds-common-2.1.0-SNAPSHOT.jar:/home/runner/.m2/repository/com/fasterxml/jackson/datatype/jackson-datatype-jsr310/2.16.2/jackson-datatype-jsr310-2.16.2.jar:/home/runner/.m2/repository/com/github/stephenc/jcip/jcip-annotations/1.0-1/jcip-annotations-1.0-1.jar:/home/runner/.m2/repository/com/google/protobuf/protobuf-java/2.5.0/protobuf-java-2.5.0.jar:/home/runner/.m2/repository/commons-validator/commons-validator/1.6/commons-validator-1.6.jar:/home/runner/.m2/repository/commons-digester/commons-digester/1.8.1/commons-digester-1.8.1.jar:/home/runner/.m2/repository/info/picocli/picocli/4.7.7/picocli-4.7.7.jar:/home/runner/.m2/repository/io/jaegertracing/jaeger-core/1.8.1/jaeger-core-1.8.1.jar:/home/runner/.m2/repository/jakarta/xml/bind/jakarta.xml.bind-api/2.3.3/jakarta.xml.bind-api-2.3.3.jar:/home/runner/work/ozone/ozone/hadoop-hdds/interface-admin/target/hdds-interface-admin-2.1.0-SNAPSHOT.jar:/home/runner/.m2/repository/org/apache/ratis/ratis-netty/3.2.0/ratis-netty-3.2.0.jar:/home/runner/.m2/repository/org/apache/ratis/ratis-server-api/3.2.0/ratis-server-api-3.2.0.jar:/home/runner/.m2/repository/org/bouncycastle/bcpkix-jdk18on/1.81/bcpkix-jdk18on-1.81.jar:/home/runner/.m2/repository/org/bouncycastle/bcutil-jdk18on/1.81/bcutil-jdk18on-1.81.jar:/home/runner/.m2/repository/org/yaml/snakeyaml/2.0/snakeyaml-2.0.jar:/home/runner/.m2/repository/io/jaegertracing/jaeger-client/1.8.1/jaeger-client-1.8.1.jar:/home/runner/.m2/repository/io/jaegertracing/jaeger-thrift/1.8.1/jaeger-thrift-1.8.1.jar:/home/runner/.m2/repository/org/apache/thrift/libthrift/0.15.0/libthrift-0.15.0.jar:/home/runner/.m2/repository/com/squareup/okhttp3/okhttp/4.12.0/okhttp-4.12.0.jar:/home/runner/.m2/repository/com/squareup/okio/okio/3.6.0/okio-3.6.0.jar:/home/runner/.m2/repository/com/squareup/okio/okio-jvm/3.6.0/okio-jvm-3.6.0.jar:/home/runner/.m2/repository/org/jetbrains/kotlin/kotlin-stdlib-common/1.9.25/kotlin-stdlib-common-1.9.25.jar:/home/runner/.m2/repository/org/jetbrains/kotlin/kotlin-stdlib-jdk8/1.9.25/kotlin-stdlib-jdk8-1.9.25.jar:/home/runner/.m2/repository/org/jetbrains/kotlin/kotlin-stdlib/1.9.25/kotlin-stdlib-1.9.25.jar:/home/runner/.m2/repository/org/jetbrains/annotations/13.0/annotations-13.0.jar:/home/runner/.m2/repository/org/jetbrains/kotlin/kotlin-stdlib-jdk7/1.9.25/kotlin-stdlib-jdk7-1.9.25.jar:/home/runner/.m2/repository/io/jaegertracing/jaeger-tracerresolver/1.8.1/jaeger-tracerresolver-1.8.1.jar:/home/runner/.m2/repository/io/opentracing/contrib/opentracing-tracerresolver/0.1.8/opentracing-tracerresolver-0.1.8.jar:/home/runner/.m2/repository/org/apache/ratis/ratis-metrics-dropwizard3/3.2.0/ratis-metrics-dropwizard3-3.2.0.jar:/home/runner/.m2/repository/org/slf4j/jcl-over-slf4j/2.0.17/jcl-over-slf4j-2.0.17.jar:/home/runner/.m2/repository/org/slf4j/slf4j-reload4j/2.0.17/slf4j-reload4j-2.0.17.jar:/home/runner/work/ozone/ozone/hadoop-hdds/common/target/hdds-common-2.1.0-SNAPSHOT-tests.jar:/home/runner/work/ozone/ozone/hadoop-hdds/config/target/hdds-config-2.1.0-SNAPSHOT.jar:/home/runner/work/ozone/ozone/hadoop-hdds/interface-client/target/hdds-interface-client-2.1.0-SNAPSHOT.jar:/home/runner/work/ozone/ozone/hadoop-hdds/framework/target/hdds-server-framework-2.1.0-SNAPSHOT.jar:/home/runner/.m2/repository/ch/qos/reload4j/reload4j/1.2.26/reload4j-1.2.26.jar:/home/runner/.m2/repository/com/github/jnr/jnr-constants/0.10.4/jnr-constants-0.10.4.jar:/home/runner/.m2/repository/com/github/jnr/jnr-posix/3.1.20/jnr-posix-3.1.20.jar:/home/runner/.m2/repository/com/github/jnr/jnr-ffi/2.2.17/jnr-ffi-2.2.17.jar:/home/runner/.m2/repository/com/github/jnr/jffi/1.3.13/jffi-1.3.13.jar:/home/runner/.m2/repository/com/github/jnr/jffi/1.3.13/jffi-1.3.13-native.jar:/home/runner/.m2/repository/org/ow2/asm/asm/9.7.1/asm-9.7.1.jar:/home/runner/.m2/repository/org/ow2/asm/asm-commons/9.7.1/asm-commons-9.7.1.jar:/home/runner/.m2/repository/org/ow2/asm/asm-analysis/9.7.1/asm-analysis-9.7.1.jar:/home/runner/.m2/repository/org/ow2/asm/asm-tree/9.7.1/asm-tree-9.7.1.jar:/home/runner/.m2/repository/org/ow2/asm/asm-util/9.7.1/asm-util-9.7.1.jar:/home/runner/.m2/repository/com/github/jnr/jnr-a64asm/1.0.0/jnr-a64asm-1.0.0.jar:/home/runner/.m2/repository/com/github/jnr/jnr-x86asm/1.0.2/jnr-x86asm-1.0.2.jar:/home/runner/.m2/repository/commons-fileupload/commons-fileupload/1.5/commons-fileupload-1.5.jar:/home/runner/.m2/repository/io/grpc/grpc-api/1.71.0/grpc-api-1.71.0.jar:/home/runner/.m2/repository/io/prometheus/simpleclient/0.16.0/simpleclient-0.16.0.jar:/home/runner/.m2/repository/io/prometheus/simpleclient_common/0.16.0/simpleclient_common-0.16.0.jar:/home/runner/.m2/repository/io/prometheus/simpleclient_dropwizard/0.16.0/simpleclient_dropwizard-0.16.0.jar:/home/runner/.m2/repository/org/apache/logging/log4j/log4j-api/2.25.0/log4j-api-2.25.0.jar:/home/runner/work/ozone/ozone/hadoop-hdds/interface-server/target/hdds-interface-server-2.1.0-SNAPSHOT.jar:/home/runner/work/ozone/ozone/hadoop-hdds/managed-rocksdb/target/hdds-managed-rocksdb-2.1.0-SNAPSHOT.jar:/home/runner/work/ozone/ozone/hadoop-hdds/rocksdb-checkpoint-differ/target/rocksdb-checkpoint-differ-2.1.0-SNAPSHOT.jar:/home/runner/.m2/repository/org/apache/ratis/ratis-metrics-api/3.2.0/ratis-metrics-api-3.2.0.jar:/home/runner/.m2/repository/org/eclipse/jetty/jetty-http/9.4.57.v20241219/jetty-http-9.4.57.v20241219.jar:/home/runner/.m2/repository/org/glassfish/jersey/containers/jersey-container-servlet-core/2.47/jersey-container-servlet-core-2.47.jar:/home/runner/.m2/repository/org/glassfish/jersey/core/jersey-server/2.47/jersey-server-2.47.jar:/home/runner/.m2/repository/org/glassfish/jersey/core/jersey-client/2.47/jersey-client-2.47.jar:/home/runner/.m2/repository/org/reflections/reflections/0.10.2/reflections-0.10.2.jar:/home/runner/.m2/repository/org/javassist/javassist/3.30.2-GA/javassist-3.30.2-GA.jar:/home/runner/.m2/repository/org/rocksdb/rocksdbjni/7.7.3/rocksdbjni-7.7.3.jar:/home/runner/.m2/repository/com/lmax/disruptor/3.4.4/disruptor-3.4.4.jar:/home/runner/.m2/repository/com/nimbusds/nimbus-jose-jwt/9.40/nimbus-jose-jwt-9.40.jar:/home/runner/.m2/repository/log4j/apache-log4j-extras/1.2.17/apache-log4j-extras-1.2.17.jar:/home/runner/.m2/repository/org/apache/kerby/kerb-util/1.0.1/kerb-util-1.0.1.jar:/home/runner/.m2/repository/org/apache/kerby/kerby-config/1.0.1/kerby-config-1.0.1.jar:/home/runner/.m2/repository/org/apache/kerby/kerb-crypto/1.0.1/kerb-crypto-1.0.1.jar:/home/runner/.m2/repository/org/apache/logging/log4j/log4j-core/2.25.0/log4j-core-2.25.0.jar:/home/runner/.m2/repository/org/xerial/snappy/snappy-java/1.1.10.7/snappy-java-1.1.10.7.jar:/home/runner/work/ozone/ozone/hadoop-hdds/server-scm/target/hdds-server-scm-2.1.0-SNAPSHOT.jar:/home/runner/work/ozone/ozone/hadoop-hdds/container-service/target/hdds-container-service-2.1.0-SNAPSHOT.jar:/home/runner/.m2/repository/org/apache/hadoop/hadoop-hdfs/3.4.1/hadoop-hdfs-3.4.1.jar:/home/runner/.m2/repository/commons-daemon/commons-daemon/1.4.0/commons-daemon-1.4.0.jar:/home/runner/.m2/repository/com/github/luben/zstd-jni/1.5.7-4/zstd-jni-1.5.7-4.jar:/home/runner/.m2/repository/org/glassfish/jaxb/jaxb-runtime/2.3.9/jaxb-runtime-2.3.9.jar:/home/runner/.m2/repository/org/glassfish/jaxb/txw2/2.3.9/txw2-2.3.9.jar:/home/runner/.m2/repository/com/sun/istack/istack-commons-runtime/3.0.12/istack-commons-runtime-3.0.12.jar:/home/runner/.m2/repository/com/sun/activation/jakarta.activation/1.2.2/jakarta.activation-1.2.2.jar:/home/runner/.m2/repository/org/apache/ratis/ratis-server/3.2.0/ratis-server-3.2.0.jar:/home/runner/work/ozone/ozone/hadoop-hdds/server-scm/target/hdds-server-scm-2.1.0-SNAPSHOT-tests.jar:/home/runner/work/ozone/ozone/hadoop-hdds/test-utils/target/hdds-test-utils-2.1.0-SNAPSHOT-tests.jar:/home/runner/work/ozone/ozone/hadoop-ozone/cli-admin/target/ozone-cli-admin-2.1.0-SNAPSHOT.jar:/home/runner/work/ozone/ozone/hadoop-ozone/cli-shell/target/ozone-cli-shell-2.1.0-SNAPSHOT.jar:/home/runner/.m2/repository/info/picocli/picocli-shell-jline3/4.7.7/picocli-shell-jline3-4.7.7.jar:/home/runner/.m2/repository/org/jline/jline/3.30.4/jline-3.30.4.jar:/home/runner/work/ozone/ozone/hadoop-ozone/ozonefs/target/ozone-filesystem-2.1.0-SNAPSHOT.jar:/home/runner/work/ozone/ozone/hadoop-ozone/ozonefs-common/target/ozone-filesystem-common-2.1.0-SNAPSHOT.jar:/home/runner/work/ozone/ozone/hadoop-ozone/interface-client/target/ozone-interface-client-2.1.0-SNAPSHOT.jar:/home/runner/.m2/repository/io/grpc/grpc-protobuf/1.71.0/grpc-protobuf-1.71.0.jar:/home/runner/.m2/repository/com/google/api/grpc/proto-google-common-protos/2.51.0/proto-google-common-protos-2.51.0.jar:/home/runner/.m2/repository/io/grpc/grpc-protobuf-lite/1.71.0/grpc-protobuf-lite-1.71.0.jar:/home/runner/work/ozone/ozone/hadoop-ozone/client/target/ozone-client-2.1.0-SNAPSHOT.jar:/home/runner/work/ozone/ozone/hadoop-ozone/common/target/ozone-common-2.1.0-SNAPSHOT.jar:/home/runner/.m2/repository/io/grpc/grpc-netty/1.71.0/grpc-netty-1.71.0.jar:/home/runner/.m2/repository/org/codehaus/mojo/animal-sniffer-annotations/1.24/animal-sniffer-annotations-1.24.jar:/home/runner/.m2/repository/io/grpc/grpc-core/1.71.0/grpc-core-1.71.0.jar:/home/runner/.m2/repository/com/google/android/annotations/4.1.1.4/annotations-4.1.1.4.jar:/home/runner/.m2/repository/io/grpc/grpc-context/1.71.0/grpc-context-1.71.0.jar:/home/runner/.m2/repository/io/perfmark/perfmark-api/0.27.0/perfmark-api-0.27.0.jar:/home/runner/.m2/repository/io/grpc/grpc-util/1.71.0/grpc-util-1.71.0.jar:/home/runner/.m2/repository/io/netty/netty-common/4.1.119.Final/netty-common-4.1.119.Final.jar:/home/runner/.m2/repository/io/netty/netty-codec-http2/4.1.119.Final/netty-codec-http2-4.1.119.Final.jar:/home/runner/.m2/repository/io/netty/netty-codec-http/4.1.119.Final/netty-codec-http-4.1.119.Final.jar:/home/runner/.m2/repository/io/netty/netty-handler-proxy/4.1.119.Final/netty-handler-proxy-4.1.119.Final.jar:/home/runner/.m2/repository/io/netty/netty-codec-socks/4.1.119.Final/netty-codec-socks-4.1.119.Final.jar:/home/runner/.m2/repository/io/netty/netty-tcnative-boringssl-static/2.0.70.Final/netty-tcnative-boringssl-static-2.0.70.Final.jar:/home/runner/.m2/repository/io/netty/netty-tcnative-classes/2.0.70.Final/netty-tcnative-classes-2.0.70.Final.jar:/home/runner/.m2/repository/io/netty/netty-tcnative-boringssl-static/2.0.70.Final/netty-tcnative-boringssl-static-2.0.70.Final-linux-x86_64.jar:/home/runner/.m2/repository/io/netty/netty-tcnative-boringssl-static/2.0.70.Final/netty-tcnative-boringssl-static-2.0.70.Final-linux-aarch_64.jar:/home/runner/.m2/repository/io/netty/netty-tcnative-boringssl-static/2.0.70.Final/netty-tcnative-boringssl-static-2.0.70.Final-osx-x86_64.jar:/home/runner/.m2/repository/io/netty/netty-tcnative-boringssl-static/2.0.70.Final/netty-tcnative-boringssl-static-2.0.70.Final-osx-aarch_64.jar:/home/runner/.m2/repository/io/netty/netty-tcnative-boringssl-static/2.0.70.Final/netty-tcnative-boringssl-static-2.0.70.Final-windows-x86_64.jar:/home/runner/work/ozone/ozone/hadoop-ozone/integration-test/target/ozone-integration-test-2.1.0-SNAPSHOT-tests.jar:/home/runner/work/ozone/ozone/hadoop-ozone/interface-storage/target/ozone-interface-storage-2.1.0-SNAPSHOT.jar:/home/runner/work/ozone/ozone/hadoop-ozone/ozone-manager/target/ozone-manager-2.1.0-SNAPSHOT.jar:/home/runner/.m2/repository/io/grpc/grpc-stub/1.71.0/grpc-stub-1.71.0.jar:/home/runner/.m2/repository/io/netty/netty-transport/4.1.119.Final/netty-transport-4.1.119.Final.jar:/home/runner/.m2/repository/org/apache/kerby/kerby-util/1.0.1/kerby-util-1.0.1.jar:/home/runner/work/ozone/ozone/hadoop-hdds/rocks-native/target/hdds-rocks-native-2.1.0-SNAPSHOT.jar:/home/runner/.m2/repository/org/apache/ranger/ranger-intg/2.6.0/ranger-intg-2.6.0.jar:/home/runner/.m2/repository/org/apache/ranger/ranger-plugins-common/2.6.0/ranger-plugins-common-2.6.0.jar:/home/runner/.m2/repository/com/fasterxml/jackson/jaxrs/jackson-jaxrs-base/2.16.2/jackson-jaxrs-base-2.16.2.jar:/home/runner/.m2/repository/com/fasterxml/jackson/jaxrs/jackson-jaxrs-json-provider/2.16.2/jackson-jaxrs-json-provider-2.16.2.jar:/home/runner/.m2/repository/com/kstruct/gethostname4j/1.0.0/gethostname4j-1.0.0.jar:/home/runner/.m2/repository/commons-lang/commons-lang/2.6/commons-lang-2.6.jar:/home/runner/.m2/repository/net/java/dev/jna/jna/5.2.0/jna-5.2.0.jar:/home/runner/.m2/repository/net/java/dev/jna/jna-platform/5.2.0/jna-platform-5.2.0.jar:/home/runner/.m2/repository/org/apache/ranger/ranger-plugin-classloader/2.6.0/ranger-plugin-classloader-2.6.0.jar:/home/runner/.m2/repository/org/apache/ranger/ranger-plugins-audit/2.6.0/ranger-plugins-audit-2.6.0.jar:/home/runner/.m2/repository/com/amazonaws/aws-java-sdk-logs/1.12.765/aws-java-sdk-logs-1.12.765.jar:/home/runner/.m2/repository/com/amazonaws/aws-java-sdk-core/1.12.661/aws-java-sdk-core-1.12.661.jar:/home/runner/.m2/repository/com/fasterxml/jackson/dataformat/jackson-dataformat-cbor/2.16.2/jackson-dataformat-cbor-2.16.2.jar:/home/runner/.m2/repository/com/amazonaws/jmespath-java/1.12.765/jmespath-java-1.12.765.jar:/home/runner/.m2/repository/com/carrotsearch/hppc/0.8.0/hppc-0.8.0.jar:/home/runner/.m2/repository/io/airlift/aircompressor/0.27/aircompressor-0.27.jar:/home/runner/.m2/repository/joda-time/joda-time/2.12.7/joda-time-2.12.7.jar:/home/runner/.m2/repository/org/apache/httpcomponents/httpasyncclient/4.1.4/httpasyncclient-4.1.4.jar:/home/runner/.m2/repository/org/apache/httpcomponents/httpcore-nio/4.4.16/httpcore-nio-4.4.16.jar:/home/runner/.m2/repository/org/apache/httpcomponents/httpmime/4.5.13/httpmime-4.5.13.jar:/home/runner/.m2/repository/org/apache/orc/orc-core/1.5.8/orc-core-1.5.8.jar:/home/runner/.m2/repository/org/apache/orc/orc-shims/1.5.8/orc-shims-1.5.8.jar:/home/runner/.m2/repository/org/eclipse/jetty/jetty-client/9.4.57.v20241219/jetty-client-9.4.57.v20241219.jar:/home/runner/.m2/repository/org/apache/ranger/ranger-plugins-cred/2.6.0/ranger-plugins-cred-2.6.0.jar:/home/runner/.m2/repository/org/aspectj/aspectjrt/1.9.7/aspectjrt-1.9.7.jar:/home/runner/work/ozone/ozone/hadoop-ozone/ozone-manager/target/ozone-manager-2.1.0-SNAPSHOT-tests.jar:/home/runner/work/ozone/ozone/hadoop-ozone/mini-cluster/target/ozone-mini-cluster-2.1.0-SNAPSHOT.jar:/home/runner/work/ozone/ozone/hadoop-ozone/recon/target/ozone-recon-2.1.0-SNAPSHOT.jar:/home/runner/.m2/repository/aopalliance/aopalliance/1.0/aopalliance-1.0.jar:/home/runner/.m2/repository/com/google/inject/guice/6.0.0/guice-6.0.0.jar:/home/runner/.m2/repository/jakarta/inject/jakarta.inject-api/2.0.1/jakarta.inject-api-2.0.1.jar:/home/runner/.m2/repository/com/google/inject/extensions/guice-servlet/6.0.0/guice-servlet-6.0.0.jar:/home/runner/.m2/repository/com/jolbox/bonecp/0.8.0.RELEASE/bonecp-0.8.0.RELEASE.jar:/home/runner/.m2/repository/jakarta/validation/jakarta.validation-api/2.0.2/jakarta.validation-api-2.0.2.jar:/home/runner/.m2/repository/javax/annotation/javax.annotation-api/1.3.2/javax.annotation-api-1.3.2.jar:/home/runner/.m2/repository/javax/inject/javax.inject/1/javax.inject-1.jar:/home/runner/.m2/repository/org/apache/derby/derby/10.14.2.0/derby-10.14.2.0.jar:/home/runner/.m2/repository/org/glassfish/hk2/guice-bridge/2.6.1/guice-bridge-2.6.1.jar:/home/runner/.m2/repository/org/glassfish/hk2/hk2-api/2.6.1/hk2-api-2.6.1.jar:/home/runner/.m2/repository/org/glassfish/hk2/hk2-utils/2.6.1/hk2-utils-2.6.1.jar:/home/runner/.m2/repository/org/glassfish/hk2/external/aopalliance-repackaged/2.6.1/aopalliance-repackaged-2.6.1.jar:/home/runner/.m2/repository/org/glassfish/jersey/core/jersey-common/2.47/jersey-common-2.47.jar:/home/runner/.m2/repository/org/glassfish/hk2/osgi-resource-locator/1.0.3/osgi-resource-locator-1.0.3.jar:/home/runner/.m2/repository/org/jooq/jooq/3.11.10/jooq-3.11.10.jar:/home/runner/.m2/repository/org/springframework/spring-core/5.3.39/spring-core-5.3.39.jar:/home/runner/.m2/repository/org/springframework/spring-jdbc/5.3.39/spring-jdbc-5.3.39.jar:/home/runner/.m2/repository/org/springframework/spring-beans/5.3.39/spring-beans-5.3.39.jar:/home/runner/.m2/repository/org/springframework/spring-tx/5.3.39/spring-tx-5.3.39.jar:/home/runner/.m2/repository/org/xerial/sqlite-jdbc/3.50.2.0/sqlite-jdbc-3.50.2.0.jar:/home/runner/.m2/repository/com/google/inject/extensions/guice-assistedinject/6.0.0/guice-assistedinject-6.0.0.jar:/home/runner/.m2/repository/org/glassfish/hk2/external/jakarta.inject/2.6.1/jakarta.inject-2.6.1.jar:/home/runner/.m2/repository/org/glassfish/jersey/inject/jersey-hk2/2.47/jersey-hk2-2.47.jar:/home/runner/.m2/repository/org/glassfish/hk2/hk2-locator/2.6.1/hk2-locator-2.6.1.jar:/home/runner/.m2/repository/org/glassfish/jersey/media/jersey-media-jaxb/2.47/jersey-media-jaxb-2.47.jar:/home/runner/.m2/repository/org/glassfish/jersey/media/jersey-media-json-jackson/2.47/jersey-media-json-jackson-2.47.jar:/home/runner/.m2/repository/org/glassfish/jersey/ext/jersey-entity-filtering/2.47/jersey-entity-filtering-2.47.jar:/home/runner/.m2/repository/com/fasterxml/jackson/module/jackson-module-jaxb-annotations/2.16.2/jackson-module-jaxb-annotations-2.16.2.jar:/home/runner/work/ozone/ozone/hadoop-ozone/recon-codegen/target/ozone-reconcodegen-2.1.0-SNAPSHOT.jar:/home/runner/.m2/repository/org/jooq/jooq-codegen/3.11.10/jooq-codegen-3.11.10.jar:/home/runner/.m2/repository/org/jooq/jooq-meta/3.11.10/jooq-meta-3.11.10.jar:/home/runner/.m2/repository/org/apache/ratis/ratis-common/3.2.0/ratis-common-3.2.0.jar:/home/runner/.m2/repository/org/slf4j/slf4j-api/2.0.17/slf4j-api-2.0.17.jar:/home/runner/.m2/repository/org/assertj/assertj-core/3.27.3/assertj-core-3.27.3.jar:/home/runner/.m2/repository/net/bytebuddy/byte-buddy/1.15.11/byte-buddy-1.15.11.jar:/home/runner/.m2/repository/org/junit/jupiter/junit-jupiter-api/5.13.3/junit-jupiter-api-5.13.3.jar:/home/runner/.m2/repository/org/opentest4j/opentest4j/1.3.0/opentest4j-1.3.0.jar:/home/runner/.m2/repository/org/junit/platform/junit-platform-commons/1.13.3/junit-platform-commons-1.13.3.jar:/home/runner/.m2/repository/org/apiguardian/apiguardian-api/1.1.2/apiguardian-api-1.1.2.jar:/home/runner/.m2/repository/org/junit/jupiter/junit-jupiter-params/5.13.3/junit-jupiter-params-5.13.3.jar:/home/runner/.m2/repository/org/mockito/mockito-core/4.11.0/mockito-core-4.11.0.jar:/home/runner/.m2/repository/net/bytebuddy/byte-buddy-agent/1.12.19/byte-buddy-agent-1.12.19.jar:/home/runner/.m2/repository/org/objenesis/objenesis/3.3/objenesis-3.3.jar:/home/runner/.m2/repository/org/mockito/mockito-inline/4.11.0/mockito-inline-4.11.0.jar:/home/runner/.m2/repository/org/mockito/mockito-junit-jupiter/4.11.0/mockito-junit-jupiter-4.11.0.jar:/home/runner/work/ozone/ozone/hadoop-ozone/integration-test-recon/target/gradle-enterprise/test-listeners.jar:"/>
    <property name="sun.cpu.endian" value="little"/>
    <property name="user.home" value="/home/runner"/>
    <property name="user.language" value="en"/>
    <property name="java.specification.vendor" value="Oracle Corporation"/>
    <property name="skipRecon" value="true"/>
    <property name="java.version.date" value="2025-07-15"/>
    <property name="java.home" value="/usr/lib/jvm/temurin-21-jdk-amd64"/>
    <property name="java.security.krb5.conf" value="/home/runner/work/ozone/ozone/hadoop-ozone/integration-test-recon/target/test-classes/krb5.conf"/>
    <property name="file.separator" value="/"/>
    <property name="basedir" value="/home/runner/work/ozone/ozone/hadoop-ozone/integration-test-recon"/>
    <property name="java.vm.compressedOopsMode" value="Zero based"/>
    <property name="line.separator" value="&#10;"/>
    <property name="java.vm.specification.vendor" value="Oracle Corporation"/>
    <property name="java.specification.name" value="Java Platform API Specification"/>
    <property name="surefire.real.class.path" value="/home/runner/work/ozone/ozone/hadoop-ozone/integration-test-recon/target/surefire/surefirebooter-20250727043127183_607.jar"/>
    <property name="hadoop.log.dir" value="/home/runner/work/ozone/ozone/hadoop-ozone/integration-test-recon/target/log"/>
    <property name="sun.management.compiler" value="HotSpot 64-Bit Tiered Compilers"/>
    <property name="skipShade" value="true"/>
    <property name="java.runtime.version" value="21.0.8+9-LTS"/>
    <property name="user.name" value="runner"/>
    <property name="java.net.preferIPv4Stack" value="true"/>
    <property name="stdout.encoding" value="UTF-8"/>
    <property name="path.separator" value=":"/>
    <property name="java.security.egd" value="file:///dev/urandom"/>
    <property name="os.version" value="6.11.0-1018-azure"/>
    <property name="java.runtime.name" value="OpenJDK Runtime Environment"/>
    <property name="com.gradle.maven.scan.extension.test.listener.junitplatform.NestedExecutionSafeDelegatingTestExecutionListener" value="19e4653c"/>
    <property name="file.encoding" value="UTF-8"/>
    <property name="java.vm.name" value="OpenJDK 64-Bit Server VM"/>
    <property name="rocks_tools_native" value="true"/>
    <property name="java.vendor.version" value="Temurin-21.0.8+9"/>
    <property name="test.build.webapps" value=""/>
    <property name="develocity.listener.surefire.forkId" value="1"/>
    <property name="localRepository" value="/home/runner/.m2/repository"/>
    <property name="java.vendor.url.bug" value="https://github.com/adoptium/adoptium-support/issues"/>
    <property name="jetty.git.hash" value="df524e6b29271c2e09ba9aea83c18dc9db464a31"/>
    <property name="java.io.tmpdir" value="/tmp"/>
    <property name="require.test.libhadoop" value=""/>
    <property name="java.version" value="21.0.8"/>
    <property name="user.dir" value="/home/runner/work/ozone/ozone/hadoop-ozone/integration-test-recon"/>
    <property name="os.arch" value="amd64"/>
    <property name="java.vm.specification.name" value="Java Virtual Machine Specification"/>
    <property name="test.build.classes" value="/home/runner/work/ozone/ozone/hadoop-ozone/integration-test-recon/target/test-classes"/>
    <property name="org.apache.ratis.thirdparty.io.netty.allocator.useCacheForAllThreads" value="false"/>
    <property name="native.encoding" value="UTF-8"/>
    <property name="hadoop.tmp.dir" value="/home/runner/work/ozone/ozone/hadoop-ozone/integration-test-recon/target/tmp"/>
    <property name="java.library.path" value="/usr/java/packages/lib:/usr/lib64:/lib64:/lib:/usr/lib"/>
    <property name="java.vm.info" value="mixed mode, sharing"/>
    <property name="stderr.encoding" value="UTF-8"/>
    <property name="java.vendor" value="Eclipse Adoptium"/>
    <property name="java.vm.version" value="21.0.8+9-LTS"/>
    <property name="sun.io.unicode.encoding" value="UnicodeLittle"/>
    <property name="develocity.listener.port" value="42215"/>
    <property name="java.class.version" value="65.0"/>
  </properties>
  <testcase name="testNSSummaryCleanupOnHardDelete" classname="org.apache.hadoop.ozone.recon.TestNSSummaryMemoryLeak" time="2.601">
    <system-out><![CDATA[2025-07-27 04:39:10,711 [ForkJoinPool-1-worker-1] WARN  server.ServerUtils (ServerUtils.java:getScmDbDir(138)) - ozone.scm.db.dirs is not configured. We recommend adding this setting. Falling back to ozone.metadata.dirs instead.
2025-07-27 04:39:10,897 [ForkJoinPool-1-worker-1] INFO  reflections.Reflections (Reflections.java:scan(219)) - Reflections took 155 ms to scan 6 urls, producing 136 keys and 305 values
2025-07-27 04:39:11,005 [ForkJoinPool-1-worker-1] INFO  ha.SCMHANodeDetails (SCMHANodeDetails.java:loadSCMHAConfig(162)) - ServiceID for StorageContainerManager is null
2025-07-27 04:39:11,005 [ForkJoinPool-1-worker-1] INFO  ha.SCMHANodeDetails (SCMHANodeDetails.java:loadSCMHAConfig(166)) - ozone.scm.default.service.id is not defined, falling back to ozone.scm.service.ids to find serviceID for StorageContainerManager if it is HA enabled cluster
2025-07-27 04:39:11,138 [ForkJoinPool-1-worker-1] INFO  server.RaftServerConfigKeys (ConfUtils.java:logGet(62)) - raft.server.log.appender.buffer.byte-limit = 4194304 (custom)
2025-07-27 04:39:11,160 [ForkJoinPool-1-worker-1] INFO  server.RaftServer (ConfUtils.java:logGet(62)) - raft.rpc.type = GRPC (default)
2025-07-27 04:39:11,226 [ForkJoinPool-1-worker-1] INFO  grpc.GrpcConfigKeys (ConfUtils.java:logFallback(69)) - raft.grpc.admin.host = null (fallback to raft.grpc.server.host)
2025-07-27 04:39:11,227 [ForkJoinPool-1-worker-1] INFO  grpc.GrpcConfigKeys (ConfUtils.java:logFallback(69)) - raft.grpc.admin.port = 15006 (fallback to raft.grpc.server.port)
2025-07-27 04:39:11,228 [ForkJoinPool-1-worker-1] INFO  grpc.GrpcConfigKeys (ConfUtils.java:logFallback(69)) - raft.grpc.client.host = null (fallback to raft.grpc.server.host)
2025-07-27 04:39:11,229 [ForkJoinPool-1-worker-1] INFO  grpc.GrpcConfigKeys (ConfUtils.java:logFallback(69)) - raft.grpc.client.port = 15006 (fallback to raft.grpc.server.port)
2025-07-27 04:39:11,229 [ForkJoinPool-1-worker-1] INFO  grpc.GrpcConfigKeys (ConfUtils.java:logGet(62)) - raft.grpc.server.port = 15006 (custom)
2025-07-27 04:39:11,229 [ForkJoinPool-1-worker-1] INFO  server.GrpcServicesImpl (ConfUtils.java:logGet(62)) - raft.grpc.message.size.max = 5242880 (custom)
2025-07-27 04:39:11,231 [ForkJoinPool-1-worker-1] INFO  server.GrpcServicesImpl (ConfUtils.java:logGet(62)) - raft.grpc.flow.control.window = 1MB (=1048576) (default)
2025-07-27 04:39:11,231 [ForkJoinPool-1-worker-1] INFO  server.RaftServerConfigKeys (ConfUtils.java:logGet(62)) - raft.server.rpc.request.timeout = 30000ms (custom)
2025-07-27 04:39:11,236 [ForkJoinPool-1-worker-1] INFO  grpc.GrpcConfigKeys (ConfUtils.java:logGet(62)) - raft.grpc.server.heartbeat.channel = true (default)
2025-07-27 04:39:11,236 [ForkJoinPool-1-worker-1] INFO  server.RaftServerConfigKeys (ConfUtils.java:logGet(62)) - raft.server.log.appender.buffer.byte-limit = 4194304 (custom)
2025-07-27 04:39:11,239 [ForkJoinPool-1-worker-1] INFO  grpc.GrpcConfigKeys (ConfUtils.java:logGet(62)) - raft.grpc.server.async.request.thread.pool.cached = true (default)
2025-07-27 04:39:11,239 [ForkJoinPool-1-worker-1] INFO  grpc.GrpcConfigKeys (ConfUtils.java:logGet(62)) - raft.grpc.server.async.request.thread.pool.size = 32 (default)
2025-07-27 04:39:11,419 [ForkJoinPool-1-worker-1] INFO  impl.DataStreamServerImpl (ConfUtils.java:logGet(62)) - raft.datastream.type = DISABLED (default)
2025-07-27 04:39:11,422 [ForkJoinPool-1-worker-1] INFO  server.RaftServerConfigKeys (ConfUtils.java:logGet(62)) - raft.server.sleep.deviation.threshold = 300ms (default)
2025-07-27 04:39:11,423 [ForkJoinPool-1-worker-1] INFO  server.RaftServerConfigKeys (ConfUtils.java:logGet(62)) - raft.server.close.threshold = 60s (default)
2025-07-27 04:39:11,424 [ForkJoinPool-1-worker-1] INFO  server.RaftServerConfigKeys (ConfUtils.java:logGet(62)) - raft.server.leaderelection.leader.step-down.wait-time = 10s (default)
2025-07-27 04:39:11,427 [ForkJoinPool-1-worker-1] INFO  server.RaftServerConfigKeys (ConfUtils.java:logGet(62)) - raft.server.storage.dir = [/home/runner/work/ozone/ozone/hadoop-ozone/integration-test-recon/target/test-dir/MiniOzoneClusterImpl-1e09403d-52eb-479c-879f-dc89daf7eeb0/ozone-meta/scm-ha] (custom)
2025-07-27 04:39:11,429 [ForkJoinPool-1-worker-1] INFO  server.RaftServerConfigKeys (ConfUtils.java:logGet(62)) - raft.server.threadpool.proxy.cached = true (default)
2025-07-27 04:39:11,429 [ForkJoinPool-1-worker-1] INFO  server.RaftServerConfigKeys (ConfUtils.java:logGet(62)) - raft.server.threadpool.proxy.size = 0 (default)
2025-07-27 04:39:11,435 [ForkJoinPool-1-worker-1] INFO  server.RaftServer (RaftServerProxy.java:addNew(105)) - b5edd741-2039-4d1d-94cc-17e91a98dfa9: addNew group-DC89DAF7EEB0:[b5edd741-2039-4d1d-94cc-17e91a98dfa9|localhost:15006] returns group-DC89DAF7EEB0:java.util.concurrent.CompletableFuture@51b7d77a[Not completed]
2025-07-27 04:39:11,451 [b5edd741-2039-4d1d-94cc-17e91a98dfa9-groupManagement] INFO  server.RaftServer$Division (RaftServerImpl.java:<init>(268)) - b5edd741-2039-4d1d-94cc-17e91a98dfa9: new RaftServerImpl for group-DC89DAF7EEB0:[b5edd741-2039-4d1d-94cc-17e91a98dfa9|localhost:15006] with SCMStateMachine:uninitialized
2025-07-27 04:39:11,452 [b5edd741-2039-4d1d-94cc-17e91a98dfa9-groupManagement] INFO  server.RaftServerConfigKeys (ConfUtils.java:logGet(62)) - raft.server.rpc.timeout.min = 5000ms (custom)
2025-07-27 04:39:11,453 [b5edd741-2039-4d1d-94cc-17e91a98dfa9-groupManagement] INFO  server.RaftServerConfigKeys (ConfUtils.java:logGet(62)) - raft.server.rpc.timeout.max = 5200ms (custom)
2025-07-27 04:39:11,453 [b5edd741-2039-4d1d-94cc-17e91a98dfa9-groupManagement] INFO  server.RaftServerConfigKeys (ConfUtils.java:logGet(62)) - raft.server.rpc.sleep.time = 25ms (default)
2025-07-27 04:39:11,453 [b5edd741-2039-4d1d-94cc-17e91a98dfa9-groupManagement] INFO  server.RaftServerConfigKeys (ConfUtils.java:logGet(62)) - raft.server.rpc.slowness.timeout = 120000ms (custom)
2025-07-27 04:39:11,453 [b5edd741-2039-4d1d-94cc-17e91a98dfa9-groupManagement] INFO  server.RaftServerConfigKeys (ConfUtils.java:logGet(62)) - raft.server.leaderelection.member.majority-add = false (default)
2025-07-27 04:39:11,458 [b5edd741-2039-4d1d-94cc-17e91a98dfa9-groupManagement] INFO  server.RaftServer$Division (ServerState.java:<init>(114)) - b5edd741-2039-4d1d-94cc-17e91a98dfa9@group-DC89DAF7EEB0: ConfigurationManager, init=conf: {index: -1, cur=peers:[b5edd741-2039-4d1d-94cc-17e91a98dfa9|localhost:15006]|listeners:[], old=null}, confs=<EMPTY_MAP>
2025-07-27 04:39:11,462 [b5edd741-2039-4d1d-94cc-17e91a98dfa9-groupManagement] INFO  server.RaftServerConfigKeys (ConfUtils.java:logGet(62)) - raft.server.notification.no-leader.timeout = 60s (default)
2025-07-27 04:39:11,464 [b5edd741-2039-4d1d-94cc-17e91a98dfa9-groupManagement] INFO  server.RaftServerConfigKeys (ConfUtils.java:logGet(62)) - raft.server.read.timeout = 10s (default)
2025-07-27 04:39:11,468 [b5edd741-2039-4d1d-94cc-17e91a98dfa9-groupManagement] INFO  server.RaftServerConfigKeys (ConfUtils.java:logGet(62)) - raft.server.retrycache.expirytime = 60000ms (default)
2025-07-27 04:39:11,468 [b5edd741-2039-4d1d-94cc-17e91a98dfa9-groupManagement] INFO  server.RaftServerConfigKeys (ConfUtils.java:logGet(62)) - raft.server.retrycache.statistics.expirytime = 100ms (default)
2025-07-27 04:39:11,483 [b5edd741-2039-4d1d-94cc-17e91a98dfa9-groupManagement] INFO  server.RaftServerConfigKeys (ConfUtils.java:logGet(62)) - raft.server.read.option = DEFAULT (default)
2025-07-27 04:39:11,484 [b5edd741-2039-4d1d-94cc-17e91a98dfa9-groupManagement] INFO  server.RaftServerConfigKeys (ConfUtils.java:logGet(62)) - raft.server.read.read-after-write-consistent.write-index-cache.expiry-time = 60s (default)
2025-07-27 04:39:11,614 [b5edd741-2039-4d1d-94cc-17e91a98dfa9-groupManagement] INFO  server.RaftServerConfigKeys (ConfUtils.java:logGet(62)) - raft.server.log.appender.install.snapshot.enabled = false (custom)
2025-07-27 04:39:11,614 [b5edd741-2039-4d1d-94cc-17e91a98dfa9-groupManagement] INFO  server.RaftServerConfigKeys (ConfUtils.java:logGet(62)) - raft.server.threadpool.server.cached = true (default)
2025-07-27 04:39:11,615 [b5edd741-2039-4d1d-94cc-17e91a98dfa9-groupManagement] INFO  server.RaftServerConfigKeys (ConfUtils.java:logGet(62)) - raft.server.threadpool.server.size = 0 (default)
2025-07-27 04:39:11,615 [b5edd741-2039-4d1d-94cc-17e91a98dfa9-groupManagement] INFO  server.RaftServerConfigKeys (ConfUtils.java:logGet(62)) - raft.server.threadpool.client.cached = true (default)
2025-07-27 04:39:11,615 [b5edd741-2039-4d1d-94cc-17e91a98dfa9-groupManagement] INFO  server.RaftServerConfigKeys (ConfUtils.java:logGet(62)) - raft.server.threadpool.client.size = 0 (default)
2025-07-27 04:39:11,618 [b5edd741-2039-4d1d-94cc-17e91a98dfa9-impl-thread1] INFO  server.RaftServerConfigKeys (ConfUtils.java:logGet(62)) - raft.server.storage.free-space.min = 0MB (=0) (default)
2025-07-27 04:39:11,619 [b5edd741-2039-4d1d-94cc-17e91a98dfa9-impl-thread1] INFO  server.RaftServerConfigKeys (ConfUtils.java:logGet(62)) - raft.server.log.corruption.policy = EXCEPTION (default)
2025-07-27 04:39:11,624 [b5edd741-2039-4d1d-94cc-17e91a98dfa9-impl-thread1] INFO  storage.RaftStorageDirectory (RaftStorageDirectoryImpl.java:analyzeStorage(138)) - The storage directory /home/runner/work/ozone/ozone/hadoop-ozone/integration-test-recon/target/test-dir/MiniOzoneClusterImpl-1e09403d-52eb-479c-879f-dc89daf7eeb0/ozone-meta/scm-ha/1e09403d-52eb-479c-879f-dc89daf7eeb0 does not exist. Creating ...
2025-07-27 04:39:11,626 [b5edd741-2039-4d1d-94cc-17e91a98dfa9-impl-thread1] INFO  storage.RaftStorageDirectory (RaftStorageDirectoryImpl.java:tryLock(229)) - Lock on /home/runner/work/ozone/ozone/hadoop-ozone/integration-test-recon/target/test-dir/MiniOzoneClusterImpl-1e09403d-52eb-479c-879f-dc89daf7eeb0/ozone-meta/scm-ha/1e09403d-52eb-479c-879f-dc89daf7eeb0/in_use.lock acquired by nodename 130059@localhost
2025-07-27 04:39:11,630 [b5edd741-2039-4d1d-94cc-17e91a98dfa9-impl-thread1] INFO  storage.RaftStorage (RaftStorageImpl.java:format(98)) - Storage directory /home/runner/work/ozone/ozone/hadoop-ozone/integration-test-recon/target/test-dir/MiniOzoneClusterImpl-1e09403d-52eb-479c-879f-dc89daf7eeb0/ozone-meta/scm-ha/1e09403d-52eb-479c-879f-dc89daf7eeb0 has been successfully formatted.
2025-07-27 04:39:11,631 [b5edd741-2039-4d1d-94cc-17e91a98dfa9-impl-thread1] INFO  ha.SCMStateMachine (SCMStateMachine.java:lambda$initialize$0(135)) - b5edd741-2039-4d1d-94cc-17e91a98dfa9: initialize group-DC89DAF7EEB0
2025-07-27 04:39:11,632 [b5edd741-2039-4d1d-94cc-17e91a98dfa9-impl-thread1] INFO  server.RaftServerConfigKeys (ConfUtils.java:logGet(62)) - raft.server.log.use.memory = false (default)
2025-07-27 04:39:11,639 [b5edd741-2039-4d1d-94cc-17e91a98dfa9-impl-thread1] INFO  server.RaftServerConfigKeys (ConfUtils.java:logGet(62)) - raft.server.log.purge.gap = 1000000 (custom)
2025-07-27 04:39:11,639 [b5edd741-2039-4d1d-94cc-17e91a98dfa9-impl-thread1] INFO  server.RaftServerConfigKeys (ConfUtils.java:logGet(62)) - raft.server.log.appender.buffer.byte-limit = 4194304 (custom)
2025-07-27 04:39:11,640 [b5edd741-2039-4d1d-94cc-17e91a98dfa9-impl-thread1] INFO  server.RaftServerConfigKeys (ConfUtils.java:logGet(62)) - raft.server.log.statemachine.data.read.timeout = 1000ms (default)
2025-07-27 04:39:11,641 [b5edd741-2039-4d1d-94cc-17e91a98dfa9-impl-thread1] INFO  server.RaftServerConfigKeys (ConfUtils.java:logGet(62)) - raft.server.log.purge.preservation.log.num = 0 (default)
2025-07-27 04:39:11,644 [b5edd741-2039-4d1d-94cc-17e91a98dfa9-impl-thread1] INFO  server.RaftServerConfigKeys (ConfUtils.java:logGet(62)) - raft.server.log.segment.size.max = 67108864 (custom)
2025-07-27 04:39:11,647 [b5edd741-2039-4d1d-94cc-17e91a98dfa9-impl-thread1] INFO  server.RaftServerConfigKeys (ConfUtils.java:logGet(62)) - raft.server.log.segment.cache.num.max = 2 (custom)
2025-07-27 04:39:11,647 [b5edd741-2039-4d1d-94cc-17e91a98dfa9-impl-thread1] INFO  server.RaftServerConfigKeys (ConfUtils.java:logGet(62)) - raft.server.log.segment.cache.size.max = 200MB (=209715200) (default)
2025-07-27 04:39:11,648 [b5edd741-2039-4d1d-94cc-17e91a98dfa9-impl-thread1] INFO  server.RaftServerConfigKeys (ConfUtils.java:logGet(62)) - raft.server.log.appender.buffer.byte-limit = 4194304 (custom)
2025-07-27 04:39:11,649 [b5edd741-2039-4d1d-94cc-17e91a98dfa9-impl-thread1] INFO  util.AwaitToRun (AwaitToRun.java:start(81)) - Thread[#41,b5edd741-2039-4d1d-94cc-17e91a98dfa9@group-DC89DAF7EEB0-cacheEviction-AwaitToRun,5,main] started
2025-07-27 04:39:11,653 [b5edd741-2039-4d1d-94cc-17e91a98dfa9-impl-thread1] INFO  segmented.SegmentedRaftLogWorker (SegmentedRaftLogWorker.java:<init>(190)) - new b5edd741-2039-4d1d-94cc-17e91a98dfa9@group-DC89DAF7EEB0-SegmentedRaftLogWorker for RaftStorageImpl:Storage Directory /home/runner/work/ozone/ozone/hadoop-ozone/integration-test-recon/target/test-dir/MiniOzoneClusterImpl-1e09403d-52eb-479c-879f-dc89daf7eeb0/ozone-meta/scm-ha/1e09403d-52eb-479c-879f-dc89daf7eeb0
2025-07-27 04:39:11,654 [b5edd741-2039-4d1d-94cc-17e91a98dfa9-impl-thread1] INFO  server.RaftServerConfigKeys (ConfUtils.java:logGet(62)) - raft.server.log.queue.byte-limit = 64MB (=67108864) (default)
2025-07-27 04:39:11,654 [b5edd741-2039-4d1d-94cc-17e91a98dfa9-impl-thread1] INFO  server.RaftServerConfigKeys (ConfUtils.java:logGet(62)) - raft.server.log.queue.element-limit = 4096 (default)
2025-07-27 04:39:11,655 [b5edd741-2039-4d1d-94cc-17e91a98dfa9-impl-thread1] INFO  server.RaftServerConfigKeys (ConfUtils.java:logGet(62)) - raft.server.log.segment.size.max = 67108864 (custom)
2025-07-27 04:39:11,656 [b5edd741-2039-4d1d-94cc-17e91a98dfa9-impl-thread1] INFO  server.RaftServerConfigKeys (ConfUtils.java:logGet(62)) - raft.server.log.preallocated.size = 4194304 (custom)
2025-07-27 04:39:11,656 [b5edd741-2039-4d1d-94cc-17e91a98dfa9-impl-thread1] INFO  server.RaftServerConfigKeys (ConfUtils.java:logGet(62)) - raft.server.log.force.sync.num = 128 (default)
2025-07-27 04:39:11,656 [b5edd741-2039-4d1d-94cc-17e91a98dfa9-impl-thread1] INFO  server.RaftServerConfigKeys (ConfUtils.java:logGet(62)) - raft.server.log.statemachine.data.sync = true (default)
2025-07-27 04:39:11,657 [b5edd741-2039-4d1d-94cc-17e91a98dfa9-impl-thread1] INFO  server.RaftServerConfigKeys (ConfUtils.java:logGet(62)) - raft.server.log.statemachine.data.sync.timeout = 10s (default)
2025-07-27 04:39:11,657 [b5edd741-2039-4d1d-94cc-17e91a98dfa9-impl-thread1] INFO  server.RaftServerConfigKeys (ConfUtils.java:logGet(62)) - raft.server.log.statemachine.data.sync.timeout.retry = -1 (default)
2025-07-27 04:39:11,659 [b5edd741-2039-4d1d-94cc-17e91a98dfa9-impl-thread1] INFO  server.RaftServerConfigKeys (ConfUtils.java:logGet(62)) - raft.server.log.write.buffer.size = 4194312 (custom)
2025-07-27 04:39:11,660 [b5edd741-2039-4d1d-94cc-17e91a98dfa9-impl-thread1] INFO  server.RaftServerConfigKeys (ConfUtils.java:logGet(62)) - raft.server.log.appender.buffer.byte-limit = 4194304 (custom)
2025-07-27 04:39:11,661 [b5edd741-2039-4d1d-94cc-17e91a98dfa9-impl-thread1] INFO  server.RaftServerConfigKeys (ConfUtils.java:logGet(62)) - raft.server.log.unsafe-flush.enabled = false (default)
2025-07-27 04:39:11,661 [b5edd741-2039-4d1d-94cc-17e91a98dfa9-impl-thread1] INFO  server.RaftServerConfigKeys (ConfUtils.java:logGet(62)) - raft.server.log.async-flush.enabled = false (default)
2025-07-27 04:39:11,661 [b5edd741-2039-4d1d-94cc-17e91a98dfa9-impl-thread1] INFO  server.RaftServerConfigKeys (ConfUtils.java:logGet(62)) - raft.server.log.statemachine.data.caching.enabled = false (default)
2025-07-27 04:39:11,666 [b5edd741-2039-4d1d-94cc-17e91a98dfa9-impl-thread1] INFO  segmented.SegmentedRaftLogWorker (SegmentedRaftLogWorker.java:lambda$new$0(141)) - b5edd741-2039-4d1d-94cc-17e91a98dfa9@group-DC89DAF7EEB0-SegmentedRaftLogWorker: flushIndex: setUnconditionally 0 -> -1
2025-07-27 04:39:11,666 [b5edd741-2039-4d1d-94cc-17e91a98dfa9-impl-thread1] INFO  segmented.SegmentedRaftLogWorker (SegmentedRaftLogWorker.java:lambda$new$0(141)) - b5edd741-2039-4d1d-94cc-17e91a98dfa9@group-DC89DAF7EEB0-SegmentedRaftLogWorker: safeCacheEvictIndex: setUnconditionally 0 -> -1
2025-07-27 04:39:11,668 [b5edd741-2039-4d1d-94cc-17e91a98dfa9-impl-thread1] INFO  server.RaftServer$Division (RaftServerImpl.java:start(405)) - b5edd741-2039-4d1d-94cc-17e91a98dfa9@group-DC89DAF7EEB0: start as a follower, conf=conf: {index: -1, cur=peers:[b5edd741-2039-4d1d-94cc-17e91a98dfa9|localhost:15006]|listeners:[], old=null}
2025-07-27 04:39:11,668 [b5edd741-2039-4d1d-94cc-17e91a98dfa9-impl-thread1] INFO  server.RaftServer$Division (RaftServerImpl.java:setRole(392)) - b5edd741-2039-4d1d-94cc-17e91a98dfa9@group-DC89DAF7EEB0: changes role from      null to FOLLOWER at term 0 for startAsFollower
2025-07-27 04:39:11,670 [b5edd741-2039-4d1d-94cc-17e91a98dfa9-impl-thread1] INFO  impl.RoleInfo (RoleInfo.java:updateAndGet(148)) - b5edd741-2039-4d1d-94cc-17e91a98dfa9: start b5edd741-2039-4d1d-94cc-17e91a98dfa9@group-DC89DAF7EEB0-FollowerState
2025-07-27 04:39:11,671 [b5edd741-2039-4d1d-94cc-17e91a98dfa9@group-DC89DAF7EEB0-FollowerState] INFO  server.RaftServerConfigKeys (ConfUtils.java:logGet(62)) - raft.server.rpc.first-election.timeout.min = 1000ms (custom)
2025-07-27 04:39:11,671 [b5edd741-2039-4d1d-94cc-17e91a98dfa9@group-DC89DAF7EEB0-FollowerState] INFO  server.RaftServerConfigKeys (ConfUtils.java:logGet(62)) - raft.server.rpc.first-election.timeout.max = 1200ms (custom)
2025-07-27 04:39:11,672 [b5edd741-2039-4d1d-94cc-17e91a98dfa9-impl-thread1] INFO  util.JmxRegister (JmxRegister.java:tryRegister(44)) - Successfully registered JMX Bean with object name Ratis:service=RaftServer,group=group-DC89DAF7EEB0,id=b5edd741-2039-4d1d-94cc-17e91a98dfa9
2025-07-27 04:39:11,672 [b5edd741-2039-4d1d-94cc-17e91a98dfa9-impl-thread1] INFO  util.JmxRegister (JmxRegister.java:register(58)) - register mxBean class org.apache.ratis.server.impl.RaftServerJmxAdapter as Ratis:service=RaftServer,group=group-DC89DAF7EEB0,id=b5edd741-2039-4d1d-94cc-17e91a98dfa9
2025-07-27 04:39:11,674 [b5edd741-2039-4d1d-94cc-17e91a98dfa9-impl-thread1] INFO  server.RaftServerConfigKeys (ConfUtils.java:logGet(62)) - raft.server.snapshot.trigger-when-stop.enabled = true (default)
2025-07-27 04:39:11,675 [b5edd741-2039-4d1d-94cc-17e91a98dfa9-impl-thread1] INFO  server.RaftServerConfigKeys (ConfUtils.java:logGet(62)) - raft.server.snapshot.trigger-when-remove.enabled = true (default)
2025-07-27 04:39:11,675 [b5edd741-2039-4d1d-94cc-17e91a98dfa9-impl-thread1] INFO  server.RaftServerConfigKeys (ConfUtils.java:logGet(62)) - raft.server.snapshot.auto.trigger.enabled = true (custom)
2025-07-27 04:39:11,675 [b5edd741-2039-4d1d-94cc-17e91a98dfa9-impl-thread1] INFO  server.RaftServerConfigKeys (ConfUtils.java:logGet(62)) - raft.server.snapshot.auto.trigger.threshold = 1000 (custom)
2025-07-27 04:39:11,676 [b5edd741-2039-4d1d-94cc-17e91a98dfa9-impl-thread1] INFO  server.RaftServerConfigKeys (ConfUtils.java:logGet(62)) - raft.server.snapshot.retention.file.num = -1 (default)
2025-07-27 04:39:11,676 [b5edd741-2039-4d1d-94cc-17e91a98dfa9-impl-thread1] INFO  server.RaftServerConfigKeys (ConfUtils.java:logGet(62)) - raft.server.log.purge.upto.snapshot.index = false (default)
2025-07-27 04:39:11,679 [b5edd741-2039-4d1d-94cc-17e91a98dfa9-impl-thread1] INFO  server.RaftServer$Division (RaftServerImpl.java:start(419)) - b5edd741-2039-4d1d-94cc-17e91a98dfa9@group-DC89DAF7EEB0: Successfully started.
2025-07-27 04:39:11,680 [ForkJoinPool-1-worker-1] INFO  server.RaftServer (RaftServerProxy.java:startImpl(412)) - b5edd741-2039-4d1d-94cc-17e91a98dfa9: start RPC server
2025-07-27 04:39:11,712 [ForkJoinPool-1-worker-1] INFO  server.GrpcServicesImpl (GrpcServicesImpl.java:startImpl(346)) - b5edd741-2039-4d1d-94cc-17e91a98dfa9: GrpcServicesImpl started, listening on 15006
2025-07-27 04:39:11,714 [JvmPauseMonitor0] INFO  util.JvmPauseMonitor (JvmPauseMonitor.java:run(146)) - JvmPauseMonitor-b5edd741-2039-4d1d-94cc-17e91a98dfa9: Started
2025-07-27 04:39:12,850 [b5edd741-2039-4d1d-94cc-17e91a98dfa9@group-DC89DAF7EEB0-FollowerState] INFO  impl.FollowerState (FollowerState.java:runImpl(161)) - b5edd741-2039-4d1d-94cc-17e91a98dfa9@group-DC89DAF7EEB0-FollowerState: change to CANDIDATE, lastRpcElapsedTime:1180538423ns, electionTimeout:1178ms
2025-07-27 04:39:12,851 [b5edd741-2039-4d1d-94cc-17e91a98dfa9@group-DC89DAF7EEB0-FollowerState] INFO  impl.RoleInfo (RoleInfo.java:shutdownFollowerState(121)) - b5edd741-2039-4d1d-94cc-17e91a98dfa9: shutdown b5edd741-2039-4d1d-94cc-17e91a98dfa9@group-DC89DAF7EEB0-FollowerState
2025-07-27 04:39:12,851 [b5edd741-2039-4d1d-94cc-17e91a98dfa9@group-DC89DAF7EEB0-FollowerState] INFO  server.RaftServer$Division (RaftServerImpl.java:setRole(392)) - b5edd741-2039-4d1d-94cc-17e91a98dfa9@group-DC89DAF7EEB0: changes role from  FOLLOWER to CANDIDATE at term 0 for changeToCandidate
2025-07-27 04:39:12,853 [b5edd741-2039-4d1d-94cc-17e91a98dfa9@group-DC89DAF7EEB0-FollowerState] INFO  server.RaftServerConfigKeys (ConfUtils.java:logGet(62)) - raft.server.leaderelection.pre-vote = true (default)
2025-07-27 04:39:12,853 [b5edd741-2039-4d1d-94cc-17e91a98dfa9@group-DC89DAF7EEB0-FollowerState] INFO  impl.RoleInfo (RoleInfo.java:updateAndGet(148)) - b5edd741-2039-4d1d-94cc-17e91a98dfa9: start b5edd741-2039-4d1d-94cc-17e91a98dfa9@group-DC89DAF7EEB0-LeaderElection1
2025-07-27 04:39:12,856 [b5edd741-2039-4d1d-94cc-17e91a98dfa9@group-DC89DAF7EEB0-LeaderElection1] INFO  impl.LeaderElection (LeaderElection.java:askForVotes(448)) - b5edd741-2039-4d1d-94cc-17e91a98dfa9@group-DC89DAF7EEB0-LeaderElection1 PRE_VOTE round 0: submit vote requests at term 0 for conf: {index: -1, cur=peers:[b5edd741-2039-4d1d-94cc-17e91a98dfa9|localhost:15006]|listeners:[], old=null}
2025-07-27 04:39:12,857 [b5edd741-2039-4d1d-94cc-17e91a98dfa9@group-DC89DAF7EEB0-LeaderElection1] INFO  impl.LeaderElection (LeaderElection.java:askForVotes(450)) - b5edd741-2039-4d1d-94cc-17e91a98dfa9@group-DC89DAF7EEB0-LeaderElection1 PRE_VOTE round 0: result PASSED (term=0)
2025-07-27 04:39:12,859 [b5edd741-2039-4d1d-94cc-17e91a98dfa9@group-DC89DAF7EEB0-LeaderElection1] INFO  impl.LeaderElection (LeaderElection.java:askForVotes(448)) - b5edd741-2039-4d1d-94cc-17e91a98dfa9@group-DC89DAF7EEB0-LeaderElection1 ELECTION round 0: submit vote requests at term 1 for conf: {index: -1, cur=peers:[b5edd741-2039-4d1d-94cc-17e91a98dfa9|localhost:15006]|listeners:[], old=null}
2025-07-27 04:39:12,859 [b5edd741-2039-4d1d-94cc-17e91a98dfa9@group-DC89DAF7EEB0-LeaderElection1] INFO  impl.LeaderElection (LeaderElection.java:askForVotes(450)) - b5edd741-2039-4d1d-94cc-17e91a98dfa9@group-DC89DAF7EEB0-LeaderElection1 ELECTION round 0: result PASSED (term=1)
2025-07-27 04:39:12,859 [b5edd741-2039-4d1d-94cc-17e91a98dfa9@group-DC89DAF7EEB0-LeaderElection1] INFO  impl.RoleInfo (RoleInfo.java:shutdownLeaderElection(141)) - b5edd741-2039-4d1d-94cc-17e91a98dfa9: shutdown b5edd741-2039-4d1d-94cc-17e91a98dfa9@group-DC89DAF7EEB0-LeaderElection1
2025-07-27 04:39:12,859 [b5edd741-2039-4d1d-94cc-17e91a98dfa9@group-DC89DAF7EEB0-LeaderElection1] INFO  server.RaftServer$Division (RaftServerImpl.java:setRole(392)) - b5edd741-2039-4d1d-94cc-17e91a98dfa9@group-DC89DAF7EEB0: changes role from CANDIDATE to LEADER at term 1 for changeToLeader
2025-07-27 04:39:12,863 [b5edd741-2039-4d1d-94cc-17e91a98dfa9@group-DC89DAF7EEB0-LeaderElection1] INFO  server.RaftServerConfigKeys (ConfUtils.java:logGet(62)) - raft.server.staging.catchup.gap = 1000 (default)
2025-07-27 04:39:12,863 [b5edd741-2039-4d1d-94cc-17e91a98dfa9@group-DC89DAF7EEB0-LeaderElection1] INFO  server.RaftServerConfigKeys (ConfUtils.java:logFallback(69)) - raft.server.staging.timeout = 15600ms (fallback to raft.server.rpc.timeout.max)
2025-07-27 04:39:12,865 [b5edd741-2039-4d1d-94cc-17e91a98dfa9@group-DC89DAF7EEB0-LeaderElection1] INFO  server.RaftServerConfigKeys (ConfUtils.java:logGet(62)) - raft.server.write.element-limit = 4096 (default)
2025-07-27 04:39:12,866 [b5edd741-2039-4d1d-94cc-17e91a98dfa9@group-DC89DAF7EEB0-LeaderElection1] INFO  server.RaftServerConfigKeys (ConfUtils.java:logGet(62)) - raft.server.write.byte-limit = 64MB (=67108864) (default)
2025-07-27 04:39:12,868 [b5edd741-2039-4d1d-94cc-17e91a98dfa9@group-DC89DAF7EEB0-LeaderElection1] INFO  server.RaftServerConfigKeys (ConfUtils.java:logGet(62)) - raft.server.watch.timeout = 10s (default)
2025-07-27 04:39:12,868 [b5edd741-2039-4d1d-94cc-17e91a98dfa9@group-DC89DAF7EEB0-LeaderElection1] INFO  server.RaftServerConfigKeys (ConfUtils.java:logGet(62)) - raft.server.watch.timeout.denomination = 1s (default)
2025-07-27 04:39:12,868 [b5edd741-2039-4d1d-94cc-17e91a98dfa9@group-DC89DAF7EEB0-LeaderElection1] INFO  server.RaftServerConfigKeys (ConfUtils.java:logGet(62)) - raft.server.watch.element-limit = 65536 (default)
2025-07-27 04:39:12,872 [b5edd741-2039-4d1d-94cc-17e91a98dfa9@group-DC89DAF7EEB0-LeaderElection1] INFO  server.RaftServerConfigKeys (ConfUtils.java:logGet(62)) - raft.server.read.leader.lease.enabled = false (default)
2025-07-27 04:39:12,874 [b5edd741-2039-4d1d-94cc-17e91a98dfa9@group-DC89DAF7EEB0-LeaderElection1] INFO  server.RaftServerConfigKeys (ConfUtils.java:logGet(62)) - raft.server.read.leader.lease.timeout.ratio = 0.9 (default)
2025-07-27 04:39:12,874 [b5edd741-2039-4d1d-94cc-17e91a98dfa9@group-DC89DAF7EEB0-LeaderElection1] INFO  server.RaftServerConfigKeys (ConfUtils.java:logGet(62)) - raft.server.log.log-metadata.enabled = false (custom)
2025-07-27 04:39:12,874 [b5edd741-2039-4d1d-94cc-17e91a98dfa9@group-DC89DAF7EEB0-LeaderElection1] INFO  server.RaftServerConfigKeys (ConfUtils.java:logGet(62)) - raft.server.write.follower.gap.ratio.max = -1.0 (default)
2025-07-27 04:39:12,876 [b5edd741-2039-4d1d-94cc-17e91a98dfa9@group-DC89DAF7EEB0-LeaderElection1] INFO  impl.RoleInfo (RoleInfo.java:updateAndGet(148)) - b5edd741-2039-4d1d-94cc-17e91a98dfa9: start b5edd741-2039-4d1d-94cc-17e91a98dfa9@group-DC89DAF7EEB0-LeaderStateImpl
2025-07-27 04:39:12,876 [b5edd741-2039-4d1d-94cc-17e91a98dfa9@group-DC89DAF7EEB0-LeaderElection1] INFO  server.RaftServer$Division (RaftServerImpl.java:setFirstElection(576)) - b5edd741-2039-4d1d-94cc-17e91a98dfa9@group-DC89DAF7EEB0: set firstElectionSinceStartup to false for becomeLeader
2025-07-27 04:39:12,876 [b5edd741-2039-4d1d-94cc-17e91a98dfa9@group-DC89DAF7EEB0-LeaderElection1] INFO  server.RaftServer$Division (ServerState.java:setLeader(272)) - b5edd741-2039-4d1d-94cc-17e91a98dfa9@group-DC89DAF7EEB0: change Leader from null to b5edd741-2039-4d1d-94cc-17e91a98dfa9 at term 1 for becomeLeader, leader elected after 1414ms
2025-07-27 04:39:12,892 [b5edd741-2039-4d1d-94cc-17e91a98dfa9@group-DC89DAF7EEB0-LeaderElection1] INFO  segmented.SegmentedRaftLogWorker (SegmentedRaftLogWorker.java:startLogSegment(440)) - b5edd741-2039-4d1d-94cc-17e91a98dfa9@group-DC89DAF7EEB0-SegmentedRaftLogWorker: Starting segment from index:0
2025-07-27 04:39:12,906 [b5edd741-2039-4d1d-94cc-17e91a98dfa9@group-DC89DAF7EEB0-LeaderElection1] INFO  server.RaftServer$Division (ServerState.java:setRaftConf(386)) - b5edd741-2039-4d1d-94cc-17e91a98dfa9@group-DC89DAF7EEB0: set configuration conf: {index: 0, cur=peers:[b5edd741-2039-4d1d-94cc-17e91a98dfa9|localhost:15006]|listeners:[], old=null}
2025-07-27 04:39:12,914 [b5edd741-2039-4d1d-94cc-17e91a98dfa9@group-DC89DAF7EEB0-SegmentedRaftLogWorker] INFO  segmented.BufferedWriteChannel (BufferedWriteChannel.java:open(61)) - open log_inprogress_0 at position 0
2025-07-27 04:39:12,921 [b5edd741-2039-4d1d-94cc-17e91a98dfa9@group-DC89DAF7EEB0-SegmentedRaftLogWorker] INFO  segmented.SegmentedRaftLogWorker (SegmentedRaftLogWorker.java:execute(647)) - b5edd741-2039-4d1d-94cc-17e91a98dfa9@group-DC89DAF7EEB0-SegmentedRaftLogWorker: created new log segment /home/runner/work/ozone/ozone/hadoop-ozone/integration-test-recon/target/test-dir/MiniOzoneClusterImpl-1e09403d-52eb-479c-879f-dc89daf7eeb0/ozone-meta/scm-ha/1e09403d-52eb-479c-879f-dc89daf7eeb0/current/log_inprogress_0
2025-07-27 04:39:12,928 [b5edd741-2039-4d1d-94cc-17e91a98dfa9@group-DC89DAF7EEB0-StateMachineUpdater] INFO  server.RaftServer$Division (LeaderStateImpl.java:checkStartIndex(309)) - Leader b5edd741-2039-4d1d-94cc-17e91a98dfa9@group-DC89DAF7EEB0-LeaderStateImpl is ready since appliedIndex == startIndex == 0
2025-07-27 04:39:13,716 [ForkJoinPool-1-worker-1] INFO  server.RaftServer (RaftServerProxy.java:lambda$close$9(422)) - b5edd741-2039-4d1d-94cc-17e91a98dfa9: close
2025-07-27 04:39:13,717 [b5edd741-2039-4d1d-94cc-17e91a98dfa9-impl-thread1] INFO  server.RaftServer$Division (RaftServerImpl.java:lambda$close$1(527)) - b5edd741-2039-4d1d-94cc-17e91a98dfa9@group-DC89DAF7EEB0: shutdown
2025-07-27 04:39:13,717 [ForkJoinPool-1-worker-1] INFO  server.GrpcServicesImpl (GrpcServicesImpl.java:closeImpl(355)) - b5edd741-2039-4d1d-94cc-17e91a98dfa9: shutdown server GrpcServerProtocolService now
2025-07-27 04:39:13,717 [b5edd741-2039-4d1d-94cc-17e91a98dfa9-impl-thread1] INFO  util.JmxRegister (JmxRegister.java:unregister(74)) - Successfully un-registered JMX Bean with object name Ratis:service=RaftServer,group=group-DC89DAF7EEB0,id=b5edd741-2039-4d1d-94cc-17e91a98dfa9
2025-07-27 04:39:13,717 [b5edd741-2039-4d1d-94cc-17e91a98dfa9-impl-thread1] INFO  impl.RoleInfo (RoleInfo.java:shutdownLeaderState(103)) - b5edd741-2039-4d1d-94cc-17e91a98dfa9: shutdown b5edd741-2039-4d1d-94cc-17e91a98dfa9@group-DC89DAF7EEB0-LeaderStateImpl
2025-07-27 04:39:13,721 [b5edd741-2039-4d1d-94cc-17e91a98dfa9-impl-thread1] INFO  impl.PendingRequests (PendingRequests.java:sendNotLeaderResponses(287)) - b5edd741-2039-4d1d-94cc-17e91a98dfa9@group-DC89DAF7EEB0-PendingRequests: sendNotLeaderResponses
2025-07-27 04:39:13,723 [ForkJoinPool-1-worker-1] INFO  server.GrpcServicesImpl (GrpcServicesImpl.java:closeImpl(364)) - b5edd741-2039-4d1d-94cc-17e91a98dfa9: shutdown server GrpcServerProtocolService successfully
2025-07-27 04:39:13,724 [b5edd741-2039-4d1d-94cc-17e91a98dfa9-impl-thread1] INFO  impl.StateMachineUpdater (StateMachineUpdater.java:stopAndJoin(163)) - b5edd741-2039-4d1d-94cc-17e91a98dfa9@group-DC89DAF7EEB0-StateMachineUpdater: set stopIndex = 0
2025-07-27 04:39:13,725 [b5edd741-2039-4d1d-94cc-17e91a98dfa9@group-DC89DAF7EEB0-StateMachineUpdater] INFO  impl.StateMachineUpdater (StateMachineUpdater.java:takeSnapshot(307)) - b5edd741-2039-4d1d-94cc-17e91a98dfa9@group-DC89DAF7EEB0-StateMachineUpdater: Took a snapshot at index 0
2025-07-27 04:39:13,725 [b5edd741-2039-4d1d-94cc-17e91a98dfa9@group-DC89DAF7EEB0-StateMachineUpdater] INFO  impl.StateMachineUpdater (StateMachineUpdater.java:lambda$new$0(101)) - b5edd741-2039-4d1d-94cc-17e91a98dfa9@group-DC89DAF7EEB0-StateMachineUpdater: snapshotIndex: updateIncreasingly -1 -> 0
2025-07-27 04:39:13,727 [b5edd741-2039-4d1d-94cc-17e91a98dfa9@group-DC89DAF7EEB0-StateMachineUpdater] INFO  impl.StateMachineUpdater (StateMachineUpdater.java:stop(140)) - b5edd741-2039-4d1d-94cc-17e91a98dfa9@group-DC89DAF7EEB0-StateMachineUpdater: closing SCMStateMachine, lastApplied=(t:1, i:0)
2025-07-27 04:39:13,728 [b5edd741-2039-4d1d-94cc-17e91a98dfa9@group-DC89DAF7EEB0-cacheEviction-AwaitToRun] INFO  util.AwaitToRun (AwaitToRun.java:run(49)) - b5edd741-2039-4d1d-94cc-17e91a98dfa9@group-DC89DAF7EEB0-cacheEviction-AwaitToRun-AwaitForSignal is interrupted
2025-07-27 04:39:13,925 [b5edd741-2039-4d1d-94cc-17e91a98dfa9-impl-thread1] INFO  segmented.SegmentedRaftLogWorker (SegmentedRaftLogWorker.java:close(254)) - b5edd741-2039-4d1d-94cc-17e91a98dfa9@group-DC89DAF7EEB0-SegmentedRaftLogWorker close()
2025-07-27 04:39:13,930 [JvmPauseMonitor0] INFO  util.JvmPauseMonitor (JvmPauseMonitor.java:run(152)) - JvmPauseMonitor-b5edd741-2039-4d1d-94cc-17e91a98dfa9: Stopped
2025-07-27 04:39:13,965 [ForkJoinPool-1-worker-1] WARN  server.ServerUtils (ServerUtils.java:getScmDbDir(138)) - ozone.scm.db.dirs is not configured. We recommend adding this setting. Falling back to ozone.metadata.dirs instead.
2025-07-27 04:39:13,966 [ForkJoinPool-1-worker-1] INFO  ha.SCMHANodeDetails (SCMHANodeDetails.java:loadSCMHAConfig(162)) - ServiceID for StorageContainerManager is null
2025-07-27 04:39:13,966 [ForkJoinPool-1-worker-1] INFO  ha.SCMHANodeDetails (SCMHANodeDetails.java:loadSCMHAConfig(166)) - ozone.scm.default.service.id is not defined, falling back to ozone.scm.service.ids to find serviceID for StorageContainerManager if it is HA enabled cluster
2025-07-27 04:39:14,335 [ForkJoinPool-1-worker-1] WARN  utils.HAUtils (HAUtils.java:getMetaDir(311)) - ozone.scm.db.dirs is not configured. We recommend adding this setting. Falling back to ozone.metadata.dirs instead.
2025-07-27 04:39:14,443 [ForkJoinPool-1-worker-1] WARN  db.DBStoreBuilder (DBStoreBuilder.java:getDBDirPath(158)) - ozone.scm.db.dirs is not configured. We recommend adding this setting. Falling back to ozone.metadata.dirs instead.
2025-07-27 04:39:14,586 [ForkJoinPool-1-worker-1] INFO  net.NodeSchemaLoader (NodeSchemaLoader.java:loadSchemaFromFile(128)) - Loading schema from [jar:file:/home/runner/work/ozone/ozone/hadoop-hdds/common/target/hdds-common-2.1.0-SNAPSHOT.jar!/network-topology-default.xml]
2025-07-27 04:39:14,587 [ForkJoinPool-1-worker-1] INFO  net.NodeSchemaLoader (NodeSchemaLoader.java:loadSchema(175)) - Loading network topology layer schema file
2025-07-27 04:39:14,682 [ForkJoinPool-1-worker-1] INFO  ha.SCMRatisServerImpl (SCMRatisServerImpl.java:<init>(100)) - starting Raft server for scm:b5edd741-2039-4d1d-94cc-17e91a98dfa9
2025-07-27 04:39:14,685 [ForkJoinPool-1-worker-1] INFO  server.RaftServerConfigKeys (ConfUtils.java:logGet(62)) - raft.server.log.appender.buffer.byte-limit = 4194304 (custom)
2025-07-27 04:39:14,687 [ForkJoinPool-1-worker-1] INFO  grpc.GrpcConfigKeys (ConfUtils.java:logFallback(69)) - raft.grpc.admin.host = null (fallback to raft.grpc.server.host)
2025-07-27 04:39:14,687 [ForkJoinPool-1-worker-1] INFO  grpc.GrpcConfigKeys (ConfUtils.java:logFallback(69)) - raft.grpc.admin.port = 15006 (fallback to raft.grpc.server.port)
2025-07-27 04:39:14,687 [ForkJoinPool-1-worker-1] INFO  grpc.GrpcConfigKeys (ConfUtils.java:logFallback(69)) - raft.grpc.client.host = null (fallback to raft.grpc.server.host)
2025-07-27 04:39:14,688 [ForkJoinPool-1-worker-1] INFO  grpc.GrpcConfigKeys (ConfUtils.java:logFallback(69)) - raft.grpc.client.port = 15006 (fallback to raft.grpc.server.port)
2025-07-27 04:39:14,688 [ForkJoinPool-1-worker-1] INFO  server.GrpcServicesImpl (ConfUtils.java:logGet(62)) - raft.grpc.message.size.max = 5242880 (custom)
2025-07-27 04:39:14,688 [ForkJoinPool-1-worker-1] INFO  server.RaftServerConfigKeys (ConfUtils.java:logGet(62)) - raft.server.log.appender.buffer.byte-limit = 4194304 (custom)
2025-07-27 04:39:14,690 [b5edd741-2039-4d1d-94cc-17e91a98dfa9-impl-thread1] INFO  server.RaftServer (RaftServerProxy.java:initGroupDir(270)) - b5edd741-2039-4d1d-94cc-17e91a98dfa9: found a subdirectory /home/runner/work/ozone/ozone/hadoop-ozone/integration-test-recon/target/test-dir/MiniOzoneClusterImpl-1e09403d-52eb-479c-879f-dc89daf7eeb0/ozone-meta/scm-ha/1e09403d-52eb-479c-879f-dc89daf7eeb0
2025-07-27 04:39:14,690 [ForkJoinPool-1-worker-1] INFO  server.RaftServer (RaftServerProxy.java:addNew(105)) - b5edd741-2039-4d1d-94cc-17e91a98dfa9: addNew group-DC89DAF7EEB0:[] returns group-DC89DAF7EEB0:java.util.concurrent.CompletableFuture@3426c75e[Not completed]
2025-07-27 04:39:14,693 [b5edd741-2039-4d1d-94cc-17e91a98dfa9-groupManagement] INFO  server.RaftServer$Division (RaftServerImpl.java:<init>(268)) - b5edd741-2039-4d1d-94cc-17e91a98dfa9: new RaftServerImpl for group-DC89DAF7EEB0:[] with SCMStateMachine:uninitialized
2025-07-27 04:39:14,693 [b5edd741-2039-4d1d-94cc-17e91a98dfa9-groupManagement] INFO  server.RaftServer$Division (ServerState.java:<init>(114)) - b5edd741-2039-4d1d-94cc-17e91a98dfa9@group-DC89DAF7EEB0: ConfigurationManager, init=conf: {index: -1, cur=peers:[]|listeners:[], old=null}, confs=<EMPTY_MAP>
2025-07-27 04:39:14,702 [ForkJoinPool-1-worker-1] INFO  ha.SCMSnapshotProvider (SCMSnapshotProvider.java:<init>(61)) - Initializing SCM Snapshot Provider
2025-07-27 04:39:14,702 [ForkJoinPool-1-worker-1] WARN  server.ServerUtils (ServerUtils.java:getDefaultRatisDirectory(304)) - Storage directory for Ratis is not configured. It is a good idea to map this to an SSD disk. Falling back to ozone.metadata.dirs
2025-07-27 04:39:14,703 [ForkJoinPool-1-worker-1] WARN  ha.SCMHAUtils (SCMHAUtils.java:getSCMRatisSnapshotDirectory(120)) - SCM snapshot dir is not configured. Falling back to ozone.metadata.dirs config
2025-07-27 04:39:14,727 [ForkJoinPool-1-worker-1] INFO  upgrade.AbstractLayoutVersionManager (AbstractLayoutVersionManager.java:init(80)) - Initializing Layout version manager with metadata layout = WITNESSED_CONTAINER_DB_PROTO_VALUE (version = 9), software layout = WITNESSED_CONTAINER_DB_PROTO_VALUE (version = 9)
2025-07-27 04:39:14,755 [ForkJoinPool-1-worker-1] INFO  ha.SequenceIdGenerator (SequenceIdGenerator.java:upgradeToSequenceId(353)) - upgrade localId to 115816896921600000
2025-07-27 04:39:14,755 [ForkJoinPool-1-worker-1] INFO  ha.SequenceIdGenerator (SequenceIdGenerator.java:upgradeToSequenceId(363)) - upgrade delTxnId to 0
2025-07-27 04:39:14,762 [ForkJoinPool-1-worker-1] INFO  ha.SequenceIdGenerator (SequenceIdGenerator.java:upgradeToSequenceId(379)) - upgrade containerId to 0
2025-07-27 04:39:14,764 [ForkJoinPool-1-worker-1] INFO  ha.SequenceIdGenerator (SequenceIdGenerator.java:upgradeToCertificateSequenceId(414)) - upgrade CertificateId to 2
2025-07-27 04:39:14,766 [ForkJoinPool-1-worker-1] INFO  ha.SequenceIdGenerator (SequenceIdGenerator.java:<init>(231)) - Init the HA SequenceIdGenerator.
2025-07-27 04:39:14,812 [ForkJoinPool-1-worker-1] WARN  server.ServerUtils (ServerUtils.java:sanitizeUserArgs(76)) - ozone.scm.stale.node.interval value = 300000 is larger than max = 100000 based on the key value of ozone.scm.heartbeat.thread.interval, reset to the max value 100000.
2025-07-27 04:39:14,813 [ForkJoinPool-1-worker-1] WARN  server.ServerUtils (ServerUtils.java:sanitizeUserArgs(76)) - ozone.scm.stale.node.interval value = 300000 is larger than max = 100000 based on the key value of ozone.scm.heartbeat.thread.interval, reset to the max value 100000.
2025-07-27 04:39:14,817 [ForkJoinPool-1-worker-1] INFO  node.SCMNodeManager (SCMNodeManager.java:<init>(180)) - Entering startup safe mode.
2025-07-27 04:39:14,830 [ForkJoinPool-1-worker-1] INFO  algorithms.ContainerPlacementPolicyFactory (ContainerPlacementPolicyFactory.java:getPolicyInternal(83)) - Create container placement policy of type org.apache.hadoop.hdds.scm.container.placement.algorithms.SCMContainerPlacementRackAware
2025-07-27 04:39:14,834 [ForkJoinPool-1-worker-1] INFO  algorithms.ContainerPlacementPolicyFactory (ContainerPlacementPolicyFactory.java:getPolicyInternal(83)) - Create container placement policy of type org.apache.hadoop.hdds.scm.container.placement.algorithms.SCMContainerPlacementRackScatter
2025-07-27 04:39:14,842 [ForkJoinPool-1-worker-1] INFO  pipeline.PipelineStateManagerImpl (PipelineStateManagerImpl.java:initialize(75)) - No pipeline exists in current db
2025-07-27 04:39:14,855 [ForkJoinPool-1-worker-1] INFO  algorithms.LeaderChoosePolicyFactory (LeaderChoosePolicyFactory.java:getPolicy(55)) - Create leader choose policy of type org.apache.hadoop.hdds.scm.pipeline.leader.choose.algorithms.MinLeaderCountChoosePolicy
2025-07-27 04:39:14,855 [ForkJoinPool-1-worker-1] INFO  algorithms.ContainerPlacementPolicyFactory (ContainerPlacementPolicyFactory.java:getPolicyInternal(83)) - Create container placement policy of type org.apache.hadoop.hdds.scm.container.placement.algorithms.SCMContainerPlacementRackScatter
2025-07-27 04:39:14,862 [ForkJoinPool-1-worker-1] INFO  ha.SCMServiceManager (SCMServiceManager.java:register(42)) - Registering service BackgroundPipelineCreator.
2025-07-27 04:39:14,862 [ForkJoinPool-1-worker-1] INFO  pipeline.BackgroundPipelineCreator (BackgroundPipelineCreator.java:start(126)) - Starting RatisPipelineUtilsThread.
2025-07-27 04:39:14,865 [ForkJoinPool-1-worker-1] INFO  BackgroundPipelineScrubber (BackgroundSCMService.java:start(64)) - Starting BackgroundPipelineScrubber Service.
2025-07-27 04:39:14,866 [ForkJoinPool-1-worker-1] INFO  ha.SCMServiceManager (SCMServiceManager.java:register(42)) - Registering service BackgroundPipelineScrubber.
2025-07-27 04:39:14,871 [ForkJoinPool-1-worker-1] INFO  ExpiredContainerReplicaOpScrubber (BackgroundSCMService.java:start(64)) - Starting ExpiredContainerReplicaOpScrubber Service.
2025-07-27 04:39:14,871 [ForkJoinPool-1-worker-1] INFO  ha.SCMServiceManager (SCMServiceManager.java:register(42)) - Registering service ExpiredContainerReplicaOpScrubber.
2025-07-27 04:39:14,896 [ForkJoinPool-1-worker-1] INFO  algorithms.PipelineChoosePolicyFactory (PipelineChoosePolicyFactory.java:createPipelineChoosePolicyFromClass(78)) - Create pipeline choose policy of type org.apache.hadoop.hdds.scm.pipeline.choose.algorithms.RandomPipelineChoosePolicy
2025-07-27 04:39:14,896 [ForkJoinPool-1-worker-1] INFO  algorithms.PipelineChoosePolicyFactory (PipelineChoosePolicyFactory.java:createPipelineChoosePolicyFromClass(78)) - Create pipeline choose policy of type org.apache.hadoop.hdds.scm.pipeline.choose.algorithms.RandomPipelineChoosePolicy
2025-07-27 04:39:14,928 [ForkJoinPool-1-worker-1] INFO  ha.SCMServiceManager (SCMServiceManager.java:register(42)) - Registering service SCMBlockDeletingService.
2025-07-27 04:39:14,976 [ForkJoinPool-1-worker-1] INFO  replication.ReplicationManager (ReplicationManager.java:start(285)) - Starting Replication Monitor Thread.
2025-07-27 04:39:14,978 [ForkJoinPool-1-worker-1] INFO  ha.SCMServiceManager (SCMServiceManager.java:register(42)) - Registering service ReplicationManager.
2025-07-27 04:39:14,987 [ForkJoinPool-1-worker-1] INFO  safemode.RatisContainerSafeModeRule (RatisContainerSafeModeRule.java:initializeRule(160)) - Refreshed Containers with one replica threshold count 0.
2025-07-27 04:39:14,988 [ForkJoinPool-1-worker-1] INFO  safemode.ECContainerSafeModeRule (ECContainerSafeModeRule.java:initializeRule(204)) - Refreshed Containers with ec n replica threshold count 0.
2025-07-27 04:39:14,992 [ForkJoinPool-1-worker-1] INFO  safemode.HealthyPipelineSafeModeRule (HealthyPipelineSafeModeRule.java:initializeRule(232)) - Total pipeline count is 0, healthy pipeline threshold count is 1
2025-07-27 04:39:14,994 [ForkJoinPool-1-worker-1] INFO  safemode.OneReplicaPipelineSafeModeRule (OneReplicaPipelineSafeModeRule.java:initializeRule(190)) - Total pipeline count is 0, pipeline's with at least one datanode reported threshold count is 0
2025-07-27 04:39:15,030 [ForkJoinPool-1-worker-1] WARN  util.NativeCodeLoader (NativeCodeLoader.java:<clinit>(60)) - Unable to load native-hadoop library for your platform... using builtin-java classes where applicable
2025-07-27 04:39:15,045 [ForkJoinPool-1-worker-1] INFO  server.StorageContainerManager (StorageContainerManager.java:<init>(433)) - SCM start with adminUsers: [runner]
2025-07-27 04:39:15,228 [ForkJoinPool-1-worker-1] INFO  audit.AuditLogger (AuditLogger.java:refreshDebugCmdSet(133)) - Refresh DebugCmdSet for SCMAudit to [].
2025-07-27 04:39:15,244 [ForkJoinPool-1-worker-1] INFO  ipc.CallQueueManager (CallQueueManager.java:<init>(93)) - Using callQueue: class java.util.concurrent.LinkedBlockingQueue, queueCapacity: 10000, scheduler: class org.apache.hadoop.ipc.DefaultRpcScheduler, ipcBackoff: false, ipcFailOver: false.
2025-07-27 04:39:15,261 [ForkJoinPool-1-worker-1] INFO  ipc.Server (Server.java:<init>(1438)) - Listener at 0.0.0.0:15004
2025-07-27 04:39:15,262 [Socket Reader #1 for port 15004] INFO  ipc.Server (Server.java:run(1474)) - Starting Socket Reader #1 for port 15004
2025-07-27 04:39:15,262 [Socket Reader #2 for port 15004] INFO  ipc.Server (Server.java:run(1474)) - Starting Socket Reader #2 for port 15004
2025-07-27 04:39:15,262 [Socket Reader #3 for port 15004] INFO  ipc.Server (Server.java:run(1474)) - Starting Socket Reader #3 for port 15004
2025-07-27 04:39:15,263 [Socket Reader #4 for port 15004] INFO  ipc.Server (Server.java:run(1474)) - Starting Socket Reader #4 for port 15004
2025-07-27 04:39:15,263 [Socket Reader #5 for port 15004] INFO  ipc.Server (Server.java:run(1474)) - Starting Socket Reader #5 for port 15004
2025-07-27 04:39:15,263 [Socket Reader #6 for port 15004] INFO  ipc.Server (Server.java:run(1474)) - Starting Socket Reader #6 for port 15004
2025-07-27 04:39:15,263 [Socket Reader #7 for port 15004] INFO  ipc.Server (Server.java:run(1474)) - Starting Socket Reader #7 for port 15004
2025-07-27 04:39:15,264 [Socket Reader #8 for port 15004] INFO  ipc.Server (Server.java:run(1474)) - Starting Socket Reader #8 for port 15004
2025-07-27 04:39:15,264 [Socket Reader #9 for port 15004] INFO  ipc.Server (Server.java:run(1474)) - Starting Socket Reader #9 for port 15004
2025-07-27 04:39:15,265 [Socket Reader #10 for port 15004] INFO  ipc.Server (Server.java:run(1474)) - Starting Socket Reader #10 for port 15004
2025-07-27 04:39:15,294 [ForkJoinPool-1-worker-1] INFO  audit.AuditLogger (AuditLogger.java:refreshDebugCmdSet(133)) - Refresh DebugCmdSet for SCMAudit to [].
2025-07-27 04:39:15,299 [ForkJoinPool-1-worker-1] INFO  ipc.CallQueueManager (CallQueueManager.java:<init>(93)) - Using callQueue: class java.util.concurrent.LinkedBlockingQueue, queueCapacity: 10000, scheduler: class org.apache.hadoop.ipc.DefaultRpcScheduler, ipcBackoff: false, ipcFailOver: false.
2025-07-27 04:39:15,299 [ForkJoinPool-1-worker-1] INFO  ipc.Server (Server.java:<init>(1438)) - Listener at 0.0.0.0:15003
2025-07-27 04:39:15,300 [Socket Reader #1 for port 15003] INFO  ipc.Server (Server.java:run(1474)) - Starting Socket Reader #1 for port 15003
2025-07-27 04:39:15,300 [Socket Reader #2 for port 15003] INFO  ipc.Server (Server.java:run(1474)) - Starting Socket Reader #2 for port 15003
2025-07-27 04:39:15,301 [Socket Reader #4 for port 15003] INFO  ipc.Server (Server.java:run(1474)) - Starting Socket Reader #4 for port 15003
2025-07-27 04:39:15,301 [Socket Reader #5 for port 15003] INFO  ipc.Server (Server.java:run(1474)) - Starting Socket Reader #5 for port 15003
2025-07-27 04:39:15,302 [Socket Reader #6 for port 15003] INFO  ipc.Server (Server.java:run(1474)) - Starting Socket Reader #6 for port 15003
2025-07-27 04:39:15,302 [Socket Reader #7 for port 15003] INFO  ipc.Server (Server.java:run(1474)) - Starting Socket Reader #7 for port 15003
2025-07-27 04:39:15,302 [Socket Reader #8 for port 15003] INFO  ipc.Server (Server.java:run(1474)) - Starting Socket Reader #8 for port 15003
2025-07-27 04:39:15,302 [Socket Reader #9 for port 15003] INFO  ipc.Server (Server.java:run(1474)) - Starting Socket Reader #9 for port 15003
2025-07-27 04:39:15,303 [Socket Reader #3 for port 15003] INFO  ipc.Server (Server.java:run(1474)) - Starting Socket Reader #3 for port 15003
2025-07-27 04:39:15,303 [Socket Reader #10 for port 15003] INFO  ipc.Server (Server.java:run(1474)) - Starting Socket Reader #10 for port 15003
2025-07-27 04:39:15,328 [ForkJoinPool-1-worker-1] INFO  audit.AuditLogger (AuditLogger.java:refreshDebugCmdSet(133)) - Refresh DebugCmdSet for SCMAudit to [].
2025-07-27 04:39:15,337 [ForkJoinPool-1-worker-1] INFO  ipc.CallQueueManager (CallQueueManager.java:<init>(93)) - Using callQueue: class java.util.concurrent.LinkedBlockingQueue, queueCapacity: 10000, scheduler: class org.apache.hadoop.ipc.DefaultRpcScheduler, ipcBackoff: false, ipcFailOver: false.
2025-07-27 04:39:15,337 [ForkJoinPool-1-worker-1] INFO  ipc.Server (Server.java:<init>(1438)) - Listener at 0.0.0.0:15002
2025-07-27 04:39:15,338 [Socket Reader #1 for port 15002] INFO  ipc.Server (Server.java:run(1474)) - Starting Socket Reader #1 for port 15002
2025-07-27 04:39:15,338 [Socket Reader #2 for port 15002] INFO  ipc.Server (Server.java:run(1474)) - Starting Socket Reader #2 for port 15002
2025-07-27 04:39:15,339 [Socket Reader #3 for port 15002] INFO  ipc.Server (Server.java:run(1474)) - Starting Socket Reader #3 for port 15002
2025-07-27 04:39:15,339 [Socket Reader #4 for port 15002] INFO  ipc.Server (Server.java:run(1474)) - Starting Socket Reader #4 for port 15002
2025-07-27 04:39:15,339 [Socket Reader #5 for port 15002] INFO  ipc.Server (Server.java:run(1474)) - Starting Socket Reader #5 for port 15002
2025-07-27 04:39:15,339 [Socket Reader #6 for port 15002] INFO  ipc.Server (Server.java:run(1474)) - Starting Socket Reader #6 for port 15002
2025-07-27 04:39:15,340 [Socket Reader #7 for port 15002] INFO  ipc.Server (Server.java:run(1474)) - Starting Socket Reader #7 for port 15002
2025-07-27 04:39:15,341 [Socket Reader #8 for port 15002] INFO  ipc.Server (Server.java:run(1474)) - Starting Socket Reader #8 for port 15002
2025-07-27 04:39:15,341 [Socket Reader #9 for port 15002] INFO  ipc.Server (Server.java:run(1474)) - Starting Socket Reader #9 for port 15002
2025-07-27 04:39:15,342 [Socket Reader #10 for port 15002] INFO  ipc.Server (Server.java:run(1474)) - Starting Socket Reader #10 for port 15002
2025-07-27 04:39:15,394 [ForkJoinPool-1-worker-1] INFO  ha.SCMServiceManager (SCMServiceManager.java:register(42)) - Registering service ContainerBalancer.
2025-07-27 04:39:15,394 [ForkJoinPool-1-worker-1] INFO  ha.SCMContext (SCMContext.java:updateSafeModeStatus(224)) - Update SafeModeStatus from SafeModeStatus{safeModeStatus=true, preCheckPassed=false} to SafeModeStatus{safeModeStatus=true, preCheckPassed=false}.
2025-07-27 04:39:15,402 [ForkJoinPool-1-worker-1] INFO  server.StorageContainerManager (StorageContainerManager.java:start(1513)) - StorageContainerLocationProtocol RPC server is listening at /0.0.0.0:15002
2025-07-27 04:39:15,402 [ForkJoinPool-1-worker-1] INFO  ha.SCMRatisServerImpl (SCMRatisServerImpl.java:start(203)) - starting ratis server 0.0.0.0:15006
2025-07-27 04:39:15,404 [b5edd741-2039-4d1d-94cc-17e91a98dfa9-impl-thread1] INFO  storage.RaftStorageDirectory (RaftStorageDirectoryImpl.java:tryLock(229)) - Lock on /home/runner/work/ozone/ozone/hadoop-ozone/integration-test-recon/target/test-dir/MiniOzoneClusterImpl-1e09403d-52eb-479c-879f-dc89daf7eeb0/ozone-meta/scm-ha/1e09403d-52eb-479c-879f-dc89daf7eeb0/in_use.lock acquired by nodename 130059@localhost
2025-07-27 04:39:15,405 [b5edd741-2039-4d1d-94cc-17e91a98dfa9-impl-thread1] INFO  storage.RaftStorage (RaftStorageImpl.java:analyzeAndRecoverStorage(118)) - Read RaftStorageMetadata{term=1, votedFor=b5edd741-2039-4d1d-94cc-17e91a98dfa9} from /home/runner/work/ozone/ozone/hadoop-ozone/integration-test-recon/target/test-dir/MiniOzoneClusterImpl-1e09403d-52eb-479c-879f-dc89daf7eeb0/ozone-meta/scm-ha/1e09403d-52eb-479c-879f-dc89daf7eeb0/current/raft-meta
2025-07-27 04:39:15,407 [b5edd741-2039-4d1d-94cc-17e91a98dfa9-impl-thread1] INFO  server.RaftServer$Division (ServerState.java:setRaftConf(386)) - b5edd741-2039-4d1d-94cc-17e91a98dfa9@group-DC89DAF7EEB0: set configuration conf: {index: 0, cur=peers:[b5edd741-2039-4d1d-94cc-17e91a98dfa9|localhost:15006]|listeners:[], old=null}
2025-07-27 04:39:15,407 [b5edd741-2039-4d1d-94cc-17e91a98dfa9-impl-thread1] INFO  ha.SCMStateMachine (SCMStateMachine.java:lambda$initialize$0(135)) - b5edd741-2039-4d1d-94cc-17e91a98dfa9: initialize group-DC89DAF7EEB0
2025-07-27 04:39:15,408 [b5edd741-2039-4d1d-94cc-17e91a98dfa9-impl-thread1] INFO  server.RaftServerConfigKeys (ConfUtils.java:logGet(62)) - raft.server.log.appender.buffer.byte-limit = 4194304 (custom)
2025-07-27 04:39:15,410 [b5edd741-2039-4d1d-94cc-17e91a98dfa9-impl-thread1] INFO  server.RaftServerConfigKeys (ConfUtils.java:logGet(62)) - raft.server.log.segment.size.max = 67108864 (custom)
2025-07-27 04:39:15,410 [b5edd741-2039-4d1d-94cc-17e91a98dfa9-impl-thread1] INFO  server.RaftServerConfigKeys (ConfUtils.java:logGet(62)) - raft.server.log.appender.buffer.byte-limit = 4194304 (custom)
2025-07-27 04:39:15,411 [b5edd741-2039-4d1d-94cc-17e91a98dfa9-impl-thread1] INFO  util.AwaitToRun (AwaitToRun.java:start(81)) - Thread[#114,b5edd741-2039-4d1d-94cc-17e91a98dfa9@group-DC89DAF7EEB0-cacheEviction-AwaitToRun,5,main] started
2025-07-27 04:39:15,411 [b5edd741-2039-4d1d-94cc-17e91a98dfa9-impl-thread1] INFO  segmented.SegmentedRaftLogWorker (SegmentedRaftLogWorker.java:<init>(190)) - new b5edd741-2039-4d1d-94cc-17e91a98dfa9@group-DC89DAF7EEB0-SegmentedRaftLogWorker for RaftStorageImpl:Storage Directory /home/runner/work/ozone/ozone/hadoop-ozone/integration-test-recon/target/test-dir/MiniOzoneClusterImpl-1e09403d-52eb-479c-879f-dc89daf7eeb0/ozone-meta/scm-ha/1e09403d-52eb-479c-879f-dc89daf7eeb0
2025-07-27 04:39:15,411 [b5edd741-2039-4d1d-94cc-17e91a98dfa9-impl-thread1] INFO  server.RaftServerConfigKeys (ConfUtils.java:logGet(62)) - raft.server.log.segment.size.max = 67108864 (custom)
2025-07-27 04:39:15,412 [b5edd741-2039-4d1d-94cc-17e91a98dfa9-impl-thread1] INFO  server.RaftServerConfigKeys (ConfUtils.java:logGet(62)) - raft.server.log.preallocated.size = 4194304 (custom)
2025-07-27 04:39:15,412 [b5edd741-2039-4d1d-94cc-17e91a98dfa9-impl-thread1] INFO  server.RaftServerConfigKeys (ConfUtils.java:logGet(62)) - raft.server.log.write.buffer.size = 4194312 (custom)
2025-07-27 04:39:15,413 [b5edd741-2039-4d1d-94cc-17e91a98dfa9-impl-thread1] INFO  server.RaftServerConfigKeys (ConfUtils.java:logGet(62)) - raft.server.log.appender.buffer.byte-limit = 4194304 (custom)
2025-07-27 04:39:15,417 [b5edd741-2039-4d1d-94cc-17e91a98dfa9-impl-thread1] INFO  server.RaftServer$Division (ServerState.java:setRaftConf(386)) - b5edd741-2039-4d1d-94cc-17e91a98dfa9@group-DC89DAF7EEB0: set configuration conf: {index: 0, cur=peers:[b5edd741-2039-4d1d-94cc-17e91a98dfa9|localhost:15006]|listeners:[], old=null}
2025-07-27 04:39:15,418 [b5edd741-2039-4d1d-94cc-17e91a98dfa9-impl-thread1] INFO  segmented.LogSegment (LogSegment.java:loadSegment(171)) - Successfully read 1 entries from segment file /home/runner/work/ozone/ozone/hadoop-ozone/integration-test-recon/target/test-dir/MiniOzoneClusterImpl-1e09403d-52eb-479c-879f-dc89daf7eeb0/ozone-meta/scm-ha/1e09403d-52eb-479c-879f-dc89daf7eeb0/current/log_inprogress_0
2025-07-27 04:39:15,418 [b5edd741-2039-4d1d-94cc-17e91a98dfa9-impl-thread1] INFO  segmented.SegmentedRaftLogWorker (SegmentedRaftLogWorker.java:lambda$new$0(141)) - b5edd741-2039-4d1d-94cc-17e91a98dfa9@group-DC89DAF7EEB0-SegmentedRaftLogWorker: safeCacheEvictIndex: setUnconditionally 0 -> -1
2025-07-27 04:39:15,418 [b5edd741-2039-4d1d-94cc-17e91a98dfa9-impl-thread1] INFO  segmented.BufferedWriteChannel (BufferedWriteChannel.java:open(61)) - open log_inprogress_0 (append) at position 76
2025-07-27 04:39:15,419 [b5edd741-2039-4d1d-94cc-17e91a98dfa9-impl-thread1] INFO  server.RaftServer$Division (RaftServerImpl.java:start(405)) - b5edd741-2039-4d1d-94cc-17e91a98dfa9@group-DC89DAF7EEB0: start as a follower, conf=conf: {index: 0, cur=peers:[b5edd741-2039-4d1d-94cc-17e91a98dfa9|localhost:15006]|listeners:[], old=null}
2025-07-27 04:39:15,420 [b5edd741-2039-4d1d-94cc-17e91a98dfa9-impl-thread1] INFO  server.RaftServer$Division (RaftServerImpl.java:setRole(392)) - b5edd741-2039-4d1d-94cc-17e91a98dfa9@group-DC89DAF7EEB0: changes role from      null to FOLLOWER at term 1 for startAsFollower
2025-07-27 04:39:15,420 [b5edd741-2039-4d1d-94cc-17e91a98dfa9-impl-thread1] INFO  impl.RoleInfo (RoleInfo.java:updateAndGet(148)) - b5edd741-2039-4d1d-94cc-17e91a98dfa9: start b5edd741-2039-4d1d-94cc-17e91a98dfa9@group-DC89DAF7EEB0-FollowerState
2025-07-27 04:39:15,421 [b5edd741-2039-4d1d-94cc-17e91a98dfa9-impl-thread1] INFO  util.JmxRegister (JmxRegister.java:tryRegister(44)) - Successfully registered JMX Bean with object name Ratis:service=RaftServer,group=group-DC89DAF7EEB0,id=b5edd741-2039-4d1d-94cc-17e91a98dfa9
2025-07-27 04:39:15,421 [b5edd741-2039-4d1d-94cc-17e91a98dfa9-impl-thread1] INFO  util.JmxRegister (JmxRegister.java:register(58)) - register mxBean class org.apache.ratis.server.impl.RaftServerJmxAdapter as Ratis:service=RaftServer,group=group-DC89DAF7EEB0,id=b5edd741-2039-4d1d-94cc-17e91a98dfa9
2025-07-27 04:39:15,422 [b5edd741-2039-4d1d-94cc-17e91a98dfa9-impl-thread1] INFO  server.RaftServer$Division (RaftServerImpl.java:start(419)) - b5edd741-2039-4d1d-94cc-17e91a98dfa9@group-DC89DAF7EEB0: Successfully started.
2025-07-27 04:39:15,423 [ForkJoinPool-1-worker-1] INFO  server.RaftServer (RaftServerProxy.java:startImpl(412)) - b5edd741-2039-4d1d-94cc-17e91a98dfa9: start RPC server
2025-07-27 04:39:15,424 [ForkJoinPool-1-worker-1] INFO  server.GrpcServicesImpl (GrpcServicesImpl.java:startImpl(346)) - b5edd741-2039-4d1d-94cc-17e91a98dfa9: GrpcServicesImpl started, listening on 15006
2025-07-27 04:39:15,425 [JvmPauseMonitor1] INFO  util.JvmPauseMonitor (JvmPauseMonitor.java:run(146)) - JvmPauseMonitor-b5edd741-2039-4d1d-94cc-17e91a98dfa9: Started
2025-07-27 04:39:15,430 [ForkJoinPool-1-worker-1] INFO  ha.SCMHAManagerImpl (SCMHAManagerImpl.java:start(131)) -  scm role is FOLLOWER peers [b5edd741-2039-4d1d-94cc-17e91a98dfa9|localhost:15006]
2025-07-27 04:39:15,430 [ForkJoinPool-1-worker-1] INFO  ha.InterSCMGrpcService (InterSCMGrpcProtocolService.java:start(98)) - Starting SCM Grpc Service at port 15007
2025-07-27 04:39:15,431 [ForkJoinPool-1-worker-1] INFO  SCMHATransactionMonitor (BackgroundSCMService.java:start(64)) - Starting SCMHATransactionMonitor Service.
2025-07-27 04:39:15,432 [ForkJoinPool-1-worker-1] INFO  ha.SCMServiceManager (SCMServiceManager.java:register(42)) - Registering service SCMHATransactionMonitor.
2025-07-27 04:39:15,432 [ForkJoinPool-1-worker-1] INFO  SCMHATransactionMonitor (BackgroundSCMService.java:start(61)) - SCMHATransactionMonitor Service is already running, skip start.
2025-07-27 04:39:15,463 [ForkJoinPool-1-worker-1] WARN  impl.MetricsConfig (MetricsConfig.java:loadFirst(138)) - Cannot locate configuration: tried hadoop-metrics2-storagecontainermanager.properties,hadoop-metrics2.properties
2025-07-27 04:39:15,470 [ForkJoinPool-1-worker-1] INFO  impl.MetricsSystemImpl (MetricsSystemImpl.java:startTimer(378)) - Scheduled Metric snapshot period at 10 second(s).
2025-07-27 04:39:15,470 [ForkJoinPool-1-worker-1] INFO  impl.MetricsSystemImpl (MetricsSystemImpl.java:start(191)) - StorageContainerManager metrics system started
2025-07-27 04:39:15,581 [ForkJoinPool-1-worker-1] INFO  server.SCMClientProtocolServer (SCMClientProtocolServer.java:start(209)) - RPC server for Client  is listening at /0.0.0.0:15002
2025-07-27 04:39:15,582 [IPC Server Responder] INFO  ipc.Server (Server.java:run(1713)) - IPC Server Responder: starting
2025-07-27 04:39:15,582 [IPC Server listener on 15002] INFO  ipc.Server (Server.java:run(1553)) - IPC Server listener on 15002: starting
2025-07-27 04:39:15,597 [ForkJoinPool-1-worker-1] INFO  server.StorageContainerManager (StorageContainerManager.java:start(1526)) - ScmBlockLocationProtocol RPC server is listening at /0.0.0.0:15003
2025-07-27 04:39:15,598 [ForkJoinPool-1-worker-1] INFO  server.SCMBlockProtocolServer (SCMBlockProtocolServer.java:start(166)) - RPC server for Block Protocol is listening at /0.0.0.0:15003
2025-07-27 04:39:15,598 [IPC Server Responder] INFO  ipc.Server (Server.java:run(1713)) - IPC Server Responder: starting
2025-07-27 04:39:15,599 [IPC Server listener on 15003] INFO  ipc.Server (Server.java:run(1553)) - IPC Server listener on 15003: starting
2025-07-27 04:39:15,610 [ForkJoinPool-1-worker-1] INFO  utils.BackgroundService (BackgroundService.java:start(118)) - Starting service SCMBlockDeletingService with interval 60000 milliseconds
2025-07-27 04:39:15,619 [ForkJoinPool-1-worker-1] INFO  http.BaseHttpServer (BaseHttpServer.java:newHttpServer2BuilderForOzone(229)) - Starting Web-server for scm at: http://0.0.0.0:15005
2025-07-27 04:39:15,619 [ForkJoinPool-1-worker-1] INFO  http.BaseHttpServer (BaseHttpServer.java:<init>(107)) - Hadoop Security Enabled: false Ozone Security Enabled: false Ozone HTTP Security Enabled: false 
2025-07-27 04:39:15,634 [ForkJoinPool-1-worker-1] INFO  util.log (Log.java:initialized(170)) - Logging initialized @6016ms to org.eclipse.jetty.util.log.Slf4jLog
2025-07-27 04:39:15,684 [ForkJoinPool-1-worker-1] WARN  server.AuthenticationFilter (AuthenticationFilter.java:constructSecretProvider(240)) - Unable to initialize FileSignerSecretProvider, falling back to use random secrets. Reason: Could not read signature secret file: /home/runner/hadoop-http-auth-signature-secret
2025-07-27 04:39:15,702 [ForkJoinPool-1-worker-1] INFO  http.HttpServer2 (HttpServer2.java:addGlobalFilter(1042)) - Added global filter 'safety' (class=org.apache.hadoop.hdds.server.http.HttpServer2$QuotingInputFilter)
2025-07-27 04:39:15,704 [ForkJoinPool-1-worker-1] INFO  http.HttpServer2 (HttpServer2.java:addFilter(1018)) - Added filter static_user_filter (class=org.apache.hadoop.http.lib.StaticUserWebFilter$StaticUserFilter) to context scm
2025-07-27 04:39:15,704 [ForkJoinPool-1-worker-1] INFO  http.HttpServer2 (HttpServer2.java:addFilter(1026)) - Added filter static_user_filter (class=org.apache.hadoop.http.lib.StaticUserWebFilter$StaticUserFilter) to context static
2025-07-27 04:39:15,704 [ForkJoinPool-1-worker-1] INFO  http.HttpServer2 (HttpServer2.java:addFilter(1026)) - Added filter static_user_filter (class=org.apache.hadoop.http.lib.StaticUserWebFilter$StaticUserFilter) to context logs
2025-07-27 04:39:15,723 [ForkJoinPool-1-worker-1] INFO  http.BaseHttpServer (BaseHttpServer.java:<init>(195)) - HTTP server of scm uses base directory /home/runner/work/ozone/ozone/hadoop-ozone/integration-test-recon/target/test-dir/MiniOzoneClusterImpl-1e09403d-52eb-479c-879f-dc89daf7eeb0/ozone-meta/webserver
2025-07-27 04:39:15,724 [ForkJoinPool-1-worker-1] INFO  http.HttpServer2 (HttpServer2.java:bindListener(1242)) - Jetty bound to port 15005
2025-07-27 04:39:15,725 [ForkJoinPool-1-worker-1] INFO  server.Server (Server.java:doStart(375)) - jetty-9.4.57.v20241219; built: 2025-01-08T21:24:30.412Z; git: df524e6b29271c2e09ba9aea83c18dc9db464a31; jvm 21.0.8+9-LTS
2025-07-27 04:39:15,742 [ForkJoinPool-1-worker-1] INFO  server.session (DefaultSessionIdManager.java:doStart(334)) - DefaultSessionIdManager workerName=node0
2025-07-27 04:39:15,742 [ForkJoinPool-1-worker-1] INFO  server.session (DefaultSessionIdManager.java:doStart(339)) - No SessionScavenger set, using defaults
2025-07-27 04:39:15,743 [ForkJoinPool-1-worker-1] INFO  server.session (HouseKeeper.java:startScavenging(132)) - node0 Scavenging every 600000ms
2025-07-27 04:39:15,750 [ForkJoinPool-1-worker-1] INFO  handler.ContextHandler (ContextHandler.java:doStart(921)) - Started o.e.j.s.ServletContextHandler@62f7ed01{logs,/logs,file:///home/runner/work/ozone/ozone/hadoop-ozone/integration-test-recon/target/log,AVAILABLE}
2025-07-27 04:39:15,750 [ForkJoinPool-1-worker-1] INFO  handler.ContextHandler (ContextHandler.java:doStart(921)) - Started o.e.j.s.ServletContextHandler@1dc6b7f6{static,/static,jar:file:/home/runner/work/ozone/ozone/hadoop-hdds/server-scm/target/hdds-server-scm-2.1.0-SNAPSHOT.jar!/webapps/static,AVAILABLE}
2025-07-27 04:39:15,938 [ForkJoinPool-1-worker-1] INFO  handler.ContextHandler (ContextHandler.java:doStart(921)) - Started o.e.j.w.WebAppContext@47423190{scm,/,file:///home/runner/work/ozone/ozone/hadoop-ozone/integration-test-recon/target/test-dir/MiniOzoneClusterImpl-1e09403d-52eb-479c-879f-dc89daf7eeb0/ozone-meta/webserver/jetty-0_0_0_0-15005-hdds-server-scm-2_1_0-SNAPSHOT_jar-_-any-1726623914894592244/webapp/,AVAILABLE}{jar:file:/home/runner/work/ozone/ozone/hadoop-hdds/server-scm/target/hdds-server-scm-2.1.0-SNAPSHOT.jar!/webapps/scm}
2025-07-27 04:39:15,944 [ForkJoinPool-1-worker-1] INFO  server.AbstractConnector (AbstractConnector.java:doStart(333)) - Started ServerConnector@41a3fa9e{HTTP/1.1, (http/1.1)}{0.0.0.0:15005}
2025-07-27 04:39:15,944 [ForkJoinPool-1-worker-1] INFO  server.Server (Server.java:doStart(415)) - Started @6327ms
2025-07-27 04:39:15,946 [ForkJoinPool-1-worker-1] INFO  impl.MetricsSinkAdapter (MetricsSinkAdapter.java:start(204)) - Sink prometheus started
2025-07-27 04:39:15,946 [ForkJoinPool-1-worker-1] INFO  impl.MetricsSystemImpl (MetricsSystemImpl.java:registerSink(305)) - Registered sink prometheus
2025-07-27 04:39:15,946 [ForkJoinPool-1-worker-1] INFO  http.BaseHttpServer (BaseHttpServer.java:updateConnectorAddress(359)) - HTTP server of scm listening at http://localhost:15005
2025-07-27 04:39:15,953 [ForkJoinPool-1-worker-1] WARN  server.ServerUtils (ServerUtils.java:getDBPath(292)) - ozone.om.db.dirs is not configured. We recommend adding this setting. Falling back to ozone.metadata.dirs instead.
2025-07-27 04:39:16,019 [ForkJoinPool-1-worker-1] INFO  audit.AuditLogger (AuditLogger.java:refreshDebugCmdSet(133)) - Refresh DebugCmdSet for OMAudit to [].
2025-07-27 04:39:16,033 [ForkJoinPool-1-worker-1] INFO  audit.AuditLogger (AuditLogger.java:refreshDebugCmdSet(133)) - Refresh DebugCmdSet for OMSystemAudit to [].
2025-07-27 04:39:16,080 [ForkJoinPool-1-worker-1] INFO  ha.OMHANodeDetails (OMHANodeDetails.java:loadOMHAConfig(113)) - ozone.om.internal.service.id is not defined, falling back to ozone.om.service.ids to find serviceID for OzoneManager if it is HA enabled cluster
2025-07-27 04:39:16,083 [ForkJoinPool-1-worker-1] INFO  ha.OMHANodeDetails (OMHANodeDetails.java:loadOMHAConfig(224)) - Configuration does not have ozone.om.address set. Falling back to the default OM address /127.0.0.1:15008
2025-07-27 04:39:16,083 [ForkJoinPool-1-worker-1] INFO  ha.OMHANodeDetails (OMHANodeDetails.java:getOMNodeDetailsForNonHA(252)) - OM Service ID is not set. Setting it to the default ID: omServiceIdDefault
2025-07-27 04:39:16,083 [ForkJoinPool-1-worker-1] INFO  ha.OMHANodeDetails (OMHANodeDetails.java:getOMNodeDetailsForNonHA(259)) - OM Node ID is not set. Setting it to the default ID: om1
2025-07-27 04:39:16,086 [ForkJoinPool-1-worker-1] WARN  server.ServerUtils (ServerUtils.java:getDBPath(292)) - ozone.om.db.dirs is not configured. We recommend adding this setting. Falling back to ozone.metadata.dirs instead.
2025-07-27 04:39:16,092 [ForkJoinPool-1-worker-1] INFO  upgrade.AbstractLayoutVersionManager (AbstractLayoutVersionManager.java:init(80)) - Initializing Layout version manager with metadata layout = DELEGATION_TOKEN_SYMMETRIC_SIGN (version = 8), software layout = DELEGATION_TOKEN_SYMMETRIC_SIGN (version = 8)
2025-07-27 04:39:16,229 [ForkJoinPool-1-worker-1] INFO  reflections.Reflections (Reflections.java:scan(219)) - Reflections took 132 ms to scan 2 urls, producing 212 keys and 623 values
2025-07-27 04:39:16,232 [ForkJoinPool-1-worker-1] INFO  upgrade.OMLayoutVersionManager (OMLayoutVersionManager.java:lambda$0(110)) - Skipping Upgrade Action QuotaRepairUpgradeAction since it has been finalized.
2025-07-27 04:39:16,233 [ForkJoinPool-1-worker-1] INFO  upgrade.OMLayoutVersionManager (OMLayoutVersionManager.java:lambda$0(110)) - Skipping Upgrade Action MockOmUpgradeAction since it has been finalized.
2025-07-27 04:39:16,235 [ForkJoinPool-1-worker-1] WARN  server.ServerUtils (ServerUtils.java:getDBPath(292)) - ozone.om.db.dirs is not configured. We recommend adding this setting. Falling back to ozone.metadata.dirs instead.
2025-07-27 04:39:16,240 [ForkJoinPool-1-worker-1] INFO  om.OzoneManager (OzoneManager.java:setReplicationFromConfig(4651)) - Set default replication in OM: RATIS/3 -> RATIS/THREE
2025-07-27 04:39:16,245 [ForkJoinPool-1-worker-1] INFO  proxy.SCMContainerLocationFailoverProxyProvider (SCMFailoverProxyProviderBase.java:<init>(120)) - Created fail-over proxy for protocol StorageContainerLocationProtocolPB with 1 nodes: [nodeId=scmNodeId,nodeAddress=/0.0.0.0:15002]
2025-07-27 04:39:16,284 [ForkJoinPool-1-worker-1] INFO  proxy.SCMBlockLocationFailoverProxyProvider (SCMFailoverProxyProviderBase.java:<init>(120)) - Created fail-over proxy for protocol ScmBlockLocationProtocolPB with 1 nodes: [nodeId=scmNodeId,nodeAddress=/0.0.0.0:15003]
2025-07-27 04:39:16,299 [ForkJoinPool-1-worker-1] INFO  proxy.SCMBlockLocationFailoverProxyProvider (SCMFailoverProxyProviderBase.java:<init>(120)) - Created fail-over proxy for protocol ScmBlockLocationProtocolPB with 1 nodes: [nodeId=scmNodeId,nodeAddress=/0.0.0.0:15003]
2025-07-27 04:39:16,488 [b5edd741-2039-4d1d-94cc-17e91a98dfa9@group-DC89DAF7EEB0-FollowerState] INFO  impl.FollowerState (FollowerState.java:runImpl(161)) - b5edd741-2039-4d1d-94cc-17e91a98dfa9@group-DC89DAF7EEB0-FollowerState: change to CANDIDATE, lastRpcElapsedTime:1068367041ns, electionTimeout:1067ms
2025-07-27 04:39:16,488 [b5edd741-2039-4d1d-94cc-17e91a98dfa9@group-DC89DAF7EEB0-FollowerState] INFO  impl.RoleInfo (RoleInfo.java:shutdownFollowerState(121)) - b5edd741-2039-4d1d-94cc-17e91a98dfa9: shutdown b5edd741-2039-4d1d-94cc-17e91a98dfa9@group-DC89DAF7EEB0-FollowerState
2025-07-27 04:39:16,489 [b5edd741-2039-4d1d-94cc-17e91a98dfa9@group-DC89DAF7EEB0-FollowerState] INFO  server.RaftServer$Division (RaftServerImpl.java:setRole(392)) - b5edd741-2039-4d1d-94cc-17e91a98dfa9@group-DC89DAF7EEB0: changes role from  FOLLOWER to CANDIDATE at term 1 for changeToCandidate
2025-07-27 04:39:16,489 [b5edd741-2039-4d1d-94cc-17e91a98dfa9@group-DC89DAF7EEB0-FollowerState] INFO  impl.RoleInfo (RoleInfo.java:updateAndGet(148)) - b5edd741-2039-4d1d-94cc-17e91a98dfa9: start b5edd741-2039-4d1d-94cc-17e91a98dfa9@group-DC89DAF7EEB0-LeaderElection2
2025-07-27 04:39:16,490 [b5edd741-2039-4d1d-94cc-17e91a98dfa9@group-DC89DAF7EEB0-LeaderElection2] INFO  impl.LeaderElection (LeaderElection.java:askForVotes(448)) - b5edd741-2039-4d1d-94cc-17e91a98dfa9@group-DC89DAF7EEB0-LeaderElection2 PRE_VOTE round 0: submit vote requests at term 1 for conf: {index: 0, cur=peers:[b5edd741-2039-4d1d-94cc-17e91a98dfa9|localhost:15006]|listeners:[], old=null}
2025-07-27 04:39:16,491 [b5edd741-2039-4d1d-94cc-17e91a98dfa9@group-DC89DAF7EEB0-LeaderElection2] INFO  impl.LeaderElection (LeaderElection.java:askForVotes(450)) - b5edd741-2039-4d1d-94cc-17e91a98dfa9@group-DC89DAF7EEB0-LeaderElection2 PRE_VOTE round 0: result PASSED (term=1)
2025-07-27 04:39:16,493 [b5edd741-2039-4d1d-94cc-17e91a98dfa9@group-DC89DAF7EEB0-LeaderElection2] INFO  impl.LeaderElection (LeaderElection.java:askForVotes(448)) - b5edd741-2039-4d1d-94cc-17e91a98dfa9@group-DC89DAF7EEB0-LeaderElection2 ELECTION round 0: submit vote requests at term 2 for conf: {index: 0, cur=peers:[b5edd741-2039-4d1d-94cc-17e91a98dfa9|localhost:15006]|listeners:[], old=null}
2025-07-27 04:39:16,493 [b5edd741-2039-4d1d-94cc-17e91a98dfa9@group-DC89DAF7EEB0-LeaderElection2] INFO  impl.LeaderElection (LeaderElection.java:askForVotes(450)) - b5edd741-2039-4d1d-94cc-17e91a98dfa9@group-DC89DAF7EEB0-LeaderElection2 ELECTION round 0: result PASSED (term=2)
2025-07-27 04:39:16,493 [b5edd741-2039-4d1d-94cc-17e91a98dfa9@group-DC89DAF7EEB0-LeaderElection2] INFO  impl.RoleInfo (RoleInfo.java:shutdownLeaderElection(141)) - b5edd741-2039-4d1d-94cc-17e91a98dfa9: shutdown b5edd741-2039-4d1d-94cc-17e91a98dfa9@group-DC89DAF7EEB0-LeaderElection2
2025-07-27 04:39:16,493 [b5edd741-2039-4d1d-94cc-17e91a98dfa9@group-DC89DAF7EEB0-LeaderElection2] INFO  server.RaftServer$Division (RaftServerImpl.java:setRole(392)) - b5edd741-2039-4d1d-94cc-17e91a98dfa9@group-DC89DAF7EEB0: changes role from CANDIDATE to LEADER at term 2 for changeToLeader
2025-07-27 04:39:16,494 [b5edd741-2039-4d1d-94cc-17e91a98dfa9@group-DC89DAF7EEB0-LeaderElection2] INFO  server.RaftServerConfigKeys (ConfUtils.java:logFallback(69)) - raft.server.staging.timeout = 15600ms (fallback to raft.server.rpc.timeout.max)
2025-07-27 04:39:16,495 [b5edd741-2039-4d1d-94cc-17e91a98dfa9@group-DC89DAF7EEB0-LeaderElection2] INFO  impl.RoleInfo (RoleInfo.java:updateAndGet(148)) - b5edd741-2039-4d1d-94cc-17e91a98dfa9: start b5edd741-2039-4d1d-94cc-17e91a98dfa9@group-DC89DAF7EEB0-LeaderStateImpl
2025-07-27 04:39:16,495 [b5edd741-2039-4d1d-94cc-17e91a98dfa9@group-DC89DAF7EEB0-LeaderElection2] INFO  server.RaftServer$Division (RaftServerImpl.java:setFirstElection(576)) - b5edd741-2039-4d1d-94cc-17e91a98dfa9@group-DC89DAF7EEB0: set firstElectionSinceStartup to false for becomeLeader
2025-07-27 04:39:16,495 [b5edd741-2039-4d1d-94cc-17e91a98dfa9@group-DC89DAF7EEB0-LeaderElection2] INFO  ha.SCMStateMachine (SCMStateMachine.java:notifyLeaderChanged(293)) - current SCM becomes leader of term 2.
2025-07-27 04:39:16,495 [b5edd741-2039-4d1d-94cc-17e91a98dfa9@group-DC89DAF7EEB0-LeaderElection2] INFO  ha.SCMContext (SCMContext.java:updateLeaderAndTerm(95)) - update <isLeader,term> from <false,0> to <true,2>
2025-07-27 04:39:16,497 [b5edd741-2039-4d1d-94cc-17e91a98dfa9@group-DC89DAF7EEB0-LeaderElection2] INFO  server.RaftServer$Division (ServerState.java:setLeader(272)) - b5edd741-2039-4d1d-94cc-17e91a98dfa9@group-DC89DAF7EEB0: change Leader from null to b5edd741-2039-4d1d-94cc-17e91a98dfa9 at term 2 for becomeLeader, leader elected after 1801ms
2025-07-27 04:39:16,497 [b5edd741-2039-4d1d-94cc-17e91a98dfa9@group-DC89DAF7EEB0-LeaderElection2] INFO  segmented.SegmentedRaftLogWorker (SegmentedRaftLogWorker.java:rollLogSegment(445)) - b5edd741-2039-4d1d-94cc-17e91a98dfa9@group-DC89DAF7EEB0-SegmentedRaftLogWorker: Rolling segment log-0_0 to index:0
2025-07-27 04:39:16,498 [b5edd741-2039-4d1d-94cc-17e91a98dfa9@group-DC89DAF7EEB0-LeaderElection2] INFO  server.RaftServer$Division (ServerState.java:setRaftConf(386)) - b5edd741-2039-4d1d-94cc-17e91a98dfa9@group-DC89DAF7EEB0: set configuration conf: {index: 1, cur=peers:[b5edd741-2039-4d1d-94cc-17e91a98dfa9|localhost:15006]|listeners:[], old=null}
2025-07-27 04:39:16,499 [b5edd741-2039-4d1d-94cc-17e91a98dfa9@group-DC89DAF7EEB0-SegmentedRaftLogWorker] INFO  segmented.SegmentedRaftLogWorker (SegmentedRaftLogWorker.java:execute(604)) - b5edd741-2039-4d1d-94cc-17e91a98dfa9@group-DC89DAF7EEB0-SegmentedRaftLogWorker: Rolled log segment from /home/runner/work/ozone/ozone/hadoop-ozone/integration-test-recon/target/test-dir/MiniOzoneClusterImpl-1e09403d-52eb-479c-879f-dc89daf7eeb0/ozone-meta/scm-ha/1e09403d-52eb-479c-879f-dc89daf7eeb0/current/log_inprogress_0 to /home/runner/work/ozone/ozone/hadoop-ozone/integration-test-recon/target/test-dir/MiniOzoneClusterImpl-1e09403d-52eb-479c-879f-dc89daf7eeb0/ozone-meta/scm-ha/1e09403d-52eb-479c-879f-dc89daf7eeb0/current/log_0-0
2025-07-27 04:39:16,501 [b5edd741-2039-4d1d-94cc-17e91a98dfa9@group-DC89DAF7EEB0-SegmentedRaftLogWorker] INFO  segmented.BufferedWriteChannel (BufferedWriteChannel.java:open(61)) - open log_inprogress_1 at position 0
2025-07-27 04:39:16,508 [b5edd741-2039-4d1d-94cc-17e91a98dfa9@group-DC89DAF7EEB0-SegmentedRaftLogWorker] INFO  segmented.SegmentedRaftLogWorker (SegmentedRaftLogWorker.java:execute(647)) - b5edd741-2039-4d1d-94cc-17e91a98dfa9@group-DC89DAF7EEB0-SegmentedRaftLogWorker: created new log segment /home/runner/work/ozone/ozone/hadoop-ozone/integration-test-recon/target/test-dir/MiniOzoneClusterImpl-1e09403d-52eb-479c-879f-dc89daf7eeb0/ozone-meta/scm-ha/1e09403d-52eb-479c-879f-dc89daf7eeb0/current/log_inprogress_1
2025-07-27 04:39:16,511 [b5edd741-2039-4d1d-94cc-17e91a98dfa9@group-DC89DAF7EEB0-StateMachineUpdater] INFO  server.RaftServer$Division (LeaderStateImpl.java:checkStartIndex(309)) - Leader b5edd741-2039-4d1d-94cc-17e91a98dfa9@group-DC89DAF7EEB0-LeaderStateImpl is ready since appliedIndex == startIndex == 1
2025-07-27 04:39:16,511 [b5edd741-2039-4d1d-94cc-17e91a98dfa9@group-DC89DAF7EEB0-StateMachineUpdater] INFO  ha.SCMContext (SCMContext.java:setLeaderReady(122)) - update <isLeaderReady> from <false> to <true>
2025-07-27 04:39:16,511 [b5edd741-2039-4d1d-94cc-17e91a98dfa9@group-DC89DAF7EEB0-StateMachineUpdater] INFO  pipeline.BackgroundPipelineCreator (BackgroundPipelineCreator.java:notifyStatusChanged(268)) - Service BackgroundPipelineCreator transitions to RUNNING.
2025-07-27 04:39:16,513 [b5edd741-2039-4d1d-94cc-17e91a98dfa9@group-DC89DAF7EEB0-StateMachineUpdater] INFO  safemode.RatisContainerSafeModeRule (RatisContainerSafeModeRule.java:initializeRule(160)) - Refreshed Containers with one replica threshold count 0.
2025-07-27 04:39:16,513 [b5edd741-2039-4d1d-94cc-17e91a98dfa9@group-DC89DAF7EEB0-StateMachineUpdater] INFO  safemode.HealthyPipelineSafeModeRule (HealthyPipelineSafeModeRule.java:initializeRule(228)) - Refreshed total pipeline count is 0, healthy pipeline threshold count is 1
2025-07-27 04:39:16,513 [b5edd741-2039-4d1d-94cc-17e91a98dfa9@group-DC89DAF7EEB0-StateMachineUpdater] INFO  safemode.ECContainerSafeModeRule (ECContainerSafeModeRule.java:initializeRule(204)) - Refreshed Containers with ec n replica threshold count 0.
2025-07-27 04:39:16,513 [b5edd741-2039-4d1d-94cc-17e91a98dfa9@group-DC89DAF7EEB0-StateMachineUpdater] INFO  safemode.OneReplicaPipelineSafeModeRule (OneReplicaPipelineSafeModeRule.java:initializeRule(186)) - Refreshed Total pipeline count is 0, pipeline's with at least one datanode reported threshold count is 0
2025-07-27 04:39:16,513 [b5edd741-2039-4d1d-94cc-17e91a98dfa9@group-DC89DAF7EEB0-StateMachineUpdater] INFO  server.SCMDatanodeProtocolServer (SCMDatanodeProtocolServer.java:start(195)) - ScmDatanodeProtocol RPC server for DataNodes is listening at /0.0.0.0:15004
2025-07-27 04:39:16,514 [IPC Server Responder] INFO  ipc.Server (Server.java:run(1713)) - IPC Server Responder: starting
2025-07-27 04:39:16,514 [IPC Server listener on 15004] INFO  ipc.Server (Server.java:run(1553)) - IPC Server listener on 15004: starting
2025-07-27 04:39:18,485 [ForkJoinPool-1-worker-1] INFO  om.OzoneManager (OzoneManager.java:<init>(684)) - OM start with adminUsers: [runner]
2025-07-27 04:39:18,503 [ForkJoinPool-1-worker-1] WARN  server.ServerUtils (ServerUtils.java:getDBPath(292)) - ozone.om.db.dirs is not configured. We recommend adding this setting. Falling back to ozone.metadata.dirs instead.
2025-07-27 04:39:18,609 [ForkJoinPool-1-worker-1] INFO  utils.NativeLibraryLoader (NativeLibraryLoader.java:loadLibrary(120)) - Loading Library: ozone_rocksdb_tools
2025-07-27 04:39:18,893 [ForkJoinPool-1-worker-1] INFO  om.OzoneManager (OzoneManager.java:instantiateServices(928)) - S3 Multi-Tenancy is disabled
2025-07-27 04:39:18,913 [ForkJoinPool-1-worker-1] INFO  acl.OzoneAuthorizerFactory (OzoneAuthorizerFactory.java:create(69)) - om1: Authorizer for OM is class org.apache.hadoop.ozone.security.acl.OzoneAccessAuthorizer
2025-07-27 04:39:18,919 [ForkJoinPool-1-worker-1] INFO  om.OmSnapshotManager (OmSnapshotManager.java:<init>(190)) - Ozone filesystem snapshot feature is enabled.
2025-07-27 04:39:18,928 [ForkJoinPool-1-worker-1] WARN  server.ServerUtils (ServerUtils.java:getDBPath(292)) - ozone.om.snapshot.diff.db.dir is not configured. We recommend adding this setting. Falling back to ozone.metadata.dirs instead.
2025-07-27 04:39:18,958 [ForkJoinPool-1-worker-1] INFO  utils.BackgroundService (BackgroundService.java:start(118)) - Starting service SnapshotDiffCleanupService with interval 60000 milliseconds
2025-07-27 04:39:18,991 [ForkJoinPool-1-worker-1] INFO  om.OzoneManager (OzoneManager.java:addS3GVolumeToDB(4709)) - Created Volume s3v With Owner runner required for S3Gateway operations.
2025-07-27 04:39:19,039 [ForkJoinPool-1-worker-1] WARN  server.ServerUtils (ServerUtils.java:getDefaultRatisDirectory(304)) - Storage directory for Ratis is not configured. It is a good idea to map this to an SSD disk. Falling back to ozone.metadata.dirs
2025-07-27 04:39:19,040 [ForkJoinPool-1-worker-1] WARN  utils.OzoneManagerRatisUtils (OzoneManagerRatisUtils.java:getOMRatisSnapshotDirectory(488)) - ozone.om.ratis.snapshot.dir is not configured. Falling back to ozone.metadata.dirs config
2025-07-27 04:39:19,044 [ForkJoinPool-1-worker-1] WARN  dropwizard3.Dm3MetricRegistriesImpl (Dm3MetricRegistriesImpl.java:addReporterRegistration(114)) - New reporters are added after registries were created. Some metrics will be missing from the reporter. Please add reporter before adding any new registry.
2025-07-27 04:39:19,044 [ForkJoinPool-1-worker-1] WARN  dropwizard3.Dm3MetricRegistriesImpl (Dm3MetricRegistriesImpl.java:addReporterRegistration(114)) - New reporters are added after registries were created. Some metrics will be missing from the reporter. Please add reporter before adding any new registry.
2025-07-27 04:39:19,045 [ForkJoinPool-1-worker-1] WARN  server.ServerUtils (ServerUtils.java:getDefaultRatisDirectory(304)) - Storage directory for Ratis is not configured. It is a good idea to map this to an SSD disk. Falling back to ozone.metadata.dirs
2025-07-27 04:39:19,046 [ForkJoinPool-1-worker-1] INFO  server.RaftServerConfigKeys (ConfUtils.java:logGet(62)) - raft.server.log.appender.buffer.byte-limit = 4194304 (custom)
2025-07-27 04:39:19,047 [ForkJoinPool-1-worker-1] INFO  ratis.OzoneManagerRatisServer (OzoneManagerRatisServer.java:<init>(167)) - Instantiating OM Ratis server with groupID: omServiceIdDefault and peers: localhost:15011
2025-07-27 04:39:19,051 [ForkJoinPool-1-worker-1] INFO  ratis.OzoneManagerStateMachine (OzoneManagerStateMachine.java:loadSnapshotInfoFromDB(618)) - TransactionInfo not found in OM DB.
2025-07-27 04:39:19,081 [ForkJoinPool-1-worker-1] INFO  grpc.GrpcConfigKeys (ConfUtils.java:logFallback(69)) - raft.grpc.admin.host = null (fallback to raft.grpc.server.host)
2025-07-27 04:39:19,082 [ForkJoinPool-1-worker-1] INFO  grpc.GrpcConfigKeys (ConfUtils.java:logFallback(69)) - raft.grpc.admin.port = 15011 (fallback to raft.grpc.server.port)
2025-07-27 04:39:19,082 [ForkJoinPool-1-worker-1] INFO  grpc.GrpcConfigKeys (ConfUtils.java:logFallback(69)) - raft.grpc.client.host = null (fallback to raft.grpc.server.host)
2025-07-27 04:39:19,082 [ForkJoinPool-1-worker-1] INFO  grpc.GrpcConfigKeys (ConfUtils.java:logFallback(69)) - raft.grpc.client.port = 15011 (fallback to raft.grpc.server.port)
2025-07-27 04:39:19,082 [ForkJoinPool-1-worker-1] INFO  grpc.GrpcConfigKeys (ConfUtils.java:logGet(62)) - raft.grpc.server.port = 15011 (custom)
2025-07-27 04:39:19,082 [ForkJoinPool-1-worker-1] INFO  server.GrpcServicesImpl (ConfUtils.java:logGet(62)) - raft.grpc.message.size.max = 5242880 (custom)
2025-07-27 04:39:19,083 [ForkJoinPool-1-worker-1] INFO  server.RaftServerConfigKeys (ConfUtils.java:logGet(62)) - raft.server.rpc.request.timeout = 3000ms (default)
2025-07-27 04:39:19,083 [ForkJoinPool-1-worker-1] INFO  server.RaftServerConfigKeys (ConfUtils.java:logGet(62)) - raft.server.log.appender.buffer.byte-limit = 4194304 (custom)
2025-07-27 04:39:19,084 [ForkJoinPool-1-worker-1] INFO  server.RaftServerConfigKeys (ConfUtils.java:logGet(62)) - raft.server.storage.dir = [/home/runner/work/ozone/ozone/hadoop-ozone/integration-test-recon/target/test-dir/MiniOzoneClusterImpl-1e09403d-52eb-479c-879f-dc89daf7eeb0/ozone-meta/ratis] (custom)
2025-07-27 04:39:19,085 [ForkJoinPool-1-worker-1] INFO  server.RaftServer (RaftServerProxy.java:addNew(105)) - om1: addNew group-C5BA1605619E:[om1|localhost:15011] returns group-C5BA1605619E:java.util.concurrent.CompletableFuture@668496dc[Not completed]
2025-07-27 04:39:19,085 [ForkJoinPool-1-worker-1] INFO  om.OzoneManager (OzoneManager.java:initializeRatisServer(2339)) - OzoneManager Ratis server initialized at port 15011
2025-07-27 04:39:19,085 [om1-groupManagement] INFO  server.RaftServer$Division (RaftServerImpl.java:<init>(268)) - om1: new RaftServerImpl for group-C5BA1605619E:[om1|localhost:15011] with OzoneManagerStateMachine:uninitialized
2025-07-27 04:39:19,086 [om1-groupManagement] INFO  server.RaftServerConfigKeys (ConfUtils.java:logGet(62)) - raft.server.rpc.timeout.min = 1s (custom)
2025-07-27 04:39:19,086 [om1-groupManagement] INFO  server.RaftServerConfigKeys (ConfUtils.java:logGet(62)) - raft.server.rpc.timeout.max = 1200ms (custom)
2025-07-27 04:39:19,086 [om1-groupManagement] INFO  server.RaftServer$Division (ServerState.java:<init>(114)) - om1@group-C5BA1605619E: ConfigurationManager, init=conf: {index: -1, cur=peers:[om1|localhost:15011]|listeners:[], old=null}, confs=<EMPTY_MAP>
2025-07-27 04:39:19,089 [om1-groupManagement] INFO  server.RaftServerConfigKeys (ConfUtils.java:logGet(62)) - raft.server.notification.no-leader.timeout = 120s (custom)
2025-07-27 04:39:19,089 [om1-groupManagement] INFO  server.RaftServerConfigKeys (ConfUtils.java:logGet(62)) - raft.server.retrycache.expirytime = 300s (custom)
2025-07-27 04:39:19,089 [ForkJoinPool-1-worker-1] INFO  om.OzoneManager (OzoneManager.java:getRpcServer(1391)) - Creating RPC Server
2025-07-27 04:39:19,838 [ForkJoinPool-1-worker-1] INFO  reflections.Reflections (Reflections.java:scan(219)) - Reflections took 712 ms to scan 19 urls, producing 53 keys and 6447 values
2025-07-27 04:39:19,977 [ForkJoinPool-1-worker-1] INFO  ipc.CallQueueManager (CallQueueManager.java:<init>(93)) - Using callQueue: class java.util.concurrent.LinkedBlockingQueue, queueCapacity: 2000, scheduler: class org.apache.hadoop.ipc.DefaultRpcScheduler, ipcBackoff: false, ipcFailOver: false.
2025-07-27 04:39:19,978 [ForkJoinPool-1-worker-1] INFO  ipc.Server (Server.java:<init>(1438)) - Listener at 127.0.0.1:15008
2025-07-27 04:39:19,978 [Socket Reader #1 for port 15008] INFO  ipc.Server (Server.java:run(1474)) - Starting Socket Reader #1 for port 15008
2025-07-27 04:39:19,979 [Socket Reader #2 for port 15008] INFO  ipc.Server (Server.java:run(1474)) - Starting Socket Reader #2 for port 15008
2025-07-27 04:39:19,979 [Socket Reader #3 for port 15008] INFO  ipc.Server (Server.java:run(1474)) - Starting Socket Reader #3 for port 15008
2025-07-27 04:39:19,980 [Socket Reader #4 for port 15008] INFO  ipc.Server (Server.java:run(1474)) - Starting Socket Reader #4 for port 15008
2025-07-27 04:39:19,980 [Socket Reader #5 for port 15008] INFO  ipc.Server (Server.java:run(1474)) - Starting Socket Reader #5 for port 15008
2025-07-27 04:39:19,980 [Socket Reader #6 for port 15008] INFO  ipc.Server (Server.java:run(1474)) - Starting Socket Reader #6 for port 15008
2025-07-27 04:39:19,980 [Socket Reader #7 for port 15008] INFO  ipc.Server (Server.java:run(1474)) - Starting Socket Reader #7 for port 15008
2025-07-27 04:39:19,981 [Socket Reader #8 for port 15008] INFO  ipc.Server (Server.java:run(1474)) - Starting Socket Reader #8 for port 15008
2025-07-27 04:39:19,981 [Socket Reader #9 for port 15008] INFO  ipc.Server (Server.java:run(1474)) - Starting Socket Reader #9 for port 15008
2025-07-27 04:39:19,981 [Socket Reader #10 for port 15008] INFO  ipc.Server (Server.java:run(1474)) - Starting Socket Reader #10 for port 15008
2025-07-27 04:39:20,001 [ForkJoinPool-1-worker-1] INFO  impl.MetricsSystemImpl (MetricsSystemImpl.java:init(158)) - OzoneManager metrics system started (again)
2025-07-27 04:39:20,013 [ForkJoinPool-1-worker-1] INFO  om.OzoneManager (OzoneManager.java:start(1823)) - OzoneManager RPC server is listening at localhost/127.0.0.1:15008
2025-07-27 04:39:20,013 [ForkJoinPool-1-worker-1] INFO  ratis.OzoneManagerRatisServer (OzoneManagerRatisServer.java:start(628)) - Starting OzoneManagerRatisServer om1 at port 15011
2025-07-27 04:39:20,014 [om1-impl-thread1] INFO  storage.RaftStorageDirectory (RaftStorageDirectoryImpl.java:analyzeStorage(138)) - The storage directory /home/runner/work/ozone/ozone/hadoop-ozone/integration-test-recon/target/test-dir/MiniOzoneClusterImpl-1e09403d-52eb-479c-879f-dc89daf7eeb0/ozone-meta/ratis/bf265839-605b-3f16-9796-c5ba1605619e does not exist. Creating ...
2025-07-27 04:39:20,015 [om1-impl-thread1] INFO  storage.RaftStorageDirectory (RaftStorageDirectoryImpl.java:tryLock(229)) - Lock on /home/runner/work/ozone/ozone/hadoop-ozone/integration-test-recon/target/test-dir/MiniOzoneClusterImpl-1e09403d-52eb-479c-879f-dc89daf7eeb0/ozone-meta/ratis/bf265839-605b-3f16-9796-c5ba1605619e/in_use.lock acquired by nodename 130059@localhost
2025-07-27 04:39:20,016 [om1-impl-thread1] INFO  storage.RaftStorage (RaftStorageImpl.java:format(98)) - Storage directory /home/runner/work/ozone/ozone/hadoop-ozone/integration-test-recon/target/test-dir/MiniOzoneClusterImpl-1e09403d-52eb-479c-879f-dc89daf7eeb0/ozone-meta/ratis/bf265839-605b-3f16-9796-c5ba1605619e has been successfully formatted.
2025-07-27 04:39:20,017 [om1-impl-thread1] INFO  ratis.OzoneManagerStateMachine (OzoneManagerStateMachine.java:lambda$0(138)) - om1: initialize group-C5BA1605619E with <INITIAL_VALUE>
2025-07-27 04:39:20,017 [om1-impl-thread1] INFO  server.RaftServerConfigKeys (ConfUtils.java:logGet(62)) - raft.server.log.appender.buffer.byte-limit = 4194304 (custom)
2025-07-27 04:39:20,020 [om1-impl-thread1] INFO  server.RaftServerConfigKeys (ConfUtils.java:logGet(62)) - raft.server.log.segment.size.max = 67108864 (custom)
2025-07-27 04:39:20,021 [om1-impl-thread1] INFO  server.RaftServerConfigKeys (ConfUtils.java:logGet(62)) - raft.server.log.appender.buffer.byte-limit = 4194304 (custom)
2025-07-27 04:39:20,021 [om1-impl-thread1] INFO  util.AwaitToRun (AwaitToRun.java:start(81)) - Thread[#463,om1@group-C5BA1605619E-cacheEviction-AwaitToRun,5,main] started
2025-07-27 04:39:20,022 [om1-impl-thread1] INFO  segmented.SegmentedRaftLogWorker (SegmentedRaftLogWorker.java:<init>(190)) - new om1@group-C5BA1605619E-SegmentedRaftLogWorker for RaftStorageImpl:Storage Directory /home/runner/work/ozone/ozone/hadoop-ozone/integration-test-recon/target/test-dir/MiniOzoneClusterImpl-1e09403d-52eb-479c-879f-dc89daf7eeb0/ozone-meta/ratis/bf265839-605b-3f16-9796-c5ba1605619e
2025-07-27 04:39:20,022 [om1-impl-thread1] INFO  server.RaftServerConfigKeys (ConfUtils.java:logGet(62)) - raft.server.log.segment.size.max = 67108864 (custom)
2025-07-27 04:39:20,022 [om1-impl-thread1] INFO  server.RaftServerConfigKeys (ConfUtils.java:logGet(62)) - raft.server.log.preallocated.size = 4194304 (custom)
2025-07-27 04:39:20,022 [om1-impl-thread1] INFO  server.RaftServerConfigKeys (ConfUtils.java:logGet(62)) - raft.server.log.write.buffer.size = 4194312 (custom)
2025-07-27 04:39:20,023 [om1-impl-thread1] INFO  server.RaftServerConfigKeys (ConfUtils.java:logGet(62)) - raft.server.log.appender.buffer.byte-limit = 4194304 (custom)
2025-07-27 04:39:20,023 [om1-impl-thread1] INFO  segmented.SegmentedRaftLogWorker (SegmentedRaftLogWorker.java:lambda$new$0(141)) - om1@group-C5BA1605619E-SegmentedRaftLogWorker: flushIndex: setUnconditionally 0 -> -1
2025-07-27 04:39:20,023 [om1-impl-thread1] INFO  segmented.SegmentedRaftLogWorker (SegmentedRaftLogWorker.java:lambda$new$0(141)) - om1@group-C5BA1605619E-SegmentedRaftLogWorker: safeCacheEvictIndex: setUnconditionally 0 -> -1
2025-07-27 04:39:20,023 [om1-impl-thread1] INFO  server.RaftServer$Division (RaftServerImpl.java:start(405)) - om1@group-C5BA1605619E: start as a follower, conf=conf: {index: -1, cur=peers:[om1|localhost:15011]|listeners:[], old=null}
2025-07-27 04:39:20,024 [om1-impl-thread1] INFO  server.RaftServer$Division (RaftServerImpl.java:setRole(392)) - om1@group-C5BA1605619E: changes role from      null to FOLLOWER at term 0 for startAsFollower
2025-07-27 04:39:20,024 [om1-impl-thread1] INFO  impl.RoleInfo (RoleInfo.java:updateAndGet(148)) - om1: start om1@group-C5BA1605619E-FollowerState
2025-07-27 04:39:20,024 [om1-impl-thread1] INFO  util.JmxRegister (JmxRegister.java:tryRegister(44)) - Successfully registered JMX Bean with object name Ratis:service=RaftServer,group=group-C5BA1605619E,id=om1
2025-07-27 04:39:20,024 [om1@group-C5BA1605619E-FollowerState] INFO  server.RaftServerConfigKeys (ConfUtils.java:logFallback(69)) - raft.server.rpc.first-election.timeout.min = 1s (fallback to raft.server.rpc.timeout.min)
2025-07-27 04:39:20,024 [om1@group-C5BA1605619E-FollowerState] INFO  server.RaftServerConfigKeys (ConfUtils.java:logFallback(69)) - raft.server.rpc.first-election.timeout.max = 1200ms (fallback to raft.server.rpc.timeout.max)
2025-07-27 04:39:20,024 [om1-impl-thread1] INFO  util.JmxRegister (JmxRegister.java:register(58)) - register mxBean class org.apache.ratis.server.impl.RaftServerJmxAdapter as Ratis:service=RaftServer,group=group-C5BA1605619E,id=om1
2025-07-27 04:39:20,025 [om1-impl-thread1] INFO  server.RaftServerConfigKeys (ConfUtils.java:logGet(62)) - raft.server.snapshot.auto.trigger.threshold = 400000 (default)
2025-07-27 04:39:20,025 [om1-impl-thread1] INFO  server.RaftServerConfigKeys (ConfUtils.java:logGet(62)) - raft.server.log.purge.upto.snapshot.index = true (custom)
2025-07-27 04:39:20,025 [om1-impl-thread1] INFO  server.RaftServer$Division (RaftServerImpl.java:start(419)) - om1@group-C5BA1605619E: Successfully started.
2025-07-27 04:39:20,026 [ForkJoinPool-1-worker-1] INFO  server.RaftServer (RaftServerProxy.java:startImpl(412)) - om1: start RPC server
2025-07-27 04:39:20,026 [ForkJoinPool-1-worker-1] INFO  server.GrpcServicesImpl (GrpcServicesImpl.java:startImpl(346)) - om1: GrpcServicesImpl started, listening on 15011
2025-07-27 04:39:20,027 [JvmPauseMonitor2] INFO  util.JvmPauseMonitor (JvmPauseMonitor.java:run(146)) - JvmPauseMonitor-om1: Started
2025-07-27 04:39:20,028 [ForkJoinPool-1-worker-1] INFO  om.OzoneManager (OzoneManager.java:start(1838)) - Version File has different layout version (8) than OM DB (null). That is expected if this OM has never been finalized to a newer layout version.
2025-07-27 04:39:20,040 [ForkJoinPool-1-worker-1] INFO  client.ScmTopologyClient (ScmTopologyClient.java:start(70)) - Initial network topology fetched from SCM: /.
2025-07-27 04:39:20,041 [ForkJoinPool-1-worker-1] INFO  net.NodeSchemaLoader (NodeSchemaLoader.java:loadSchemaFromFile(128)) - Loading schema from [jar:file:/home/runner/work/ozone/ozone/hadoop-hdds/common/target/hdds-common-2.1.0-SNAPSHOT.jar!/network-topology-default.xml]
2025-07-27 04:39:20,041 [ForkJoinPool-1-worker-1] INFO  net.NodeSchemaLoader (NodeSchemaLoader.java:loadSchema(175)) - Loading network topology layer schema file
2025-07-27 04:39:20,046 [ForkJoinPool-1-worker-1] INFO  utils.BackgroundService (BackgroundService.java:start(118)) - Starting service KeyDeletingService with interval 10000000 milliseconds
2025-07-27 04:39:20,048 [ForkJoinPool-1-worker-1] INFO  utils.BackgroundService (BackgroundService.java:start(118)) - Starting service DirectoryDeletingService with interval 1000000 milliseconds
2025-07-27 04:39:20,049 [ForkJoinPool-1-worker-1] INFO  utils.BackgroundService (BackgroundService.java:start(118)) - Starting service OpenKeyCleanupService with interval 86400000 milliseconds
2025-07-27 04:39:20,050 [ForkJoinPool-1-worker-1] INFO  utils.BackgroundService (BackgroundService.java:start(118)) - Starting service SstFilteringService with interval 60000 milliseconds
2025-07-27 04:39:20,052 [ForkJoinPool-1-worker-1] INFO  utils.BackgroundService (BackgroundService.java:start(118)) - Starting service SnapshotDeletingService with interval 30000 milliseconds
2025-07-27 04:39:20,052 [ForkJoinPool-1-worker-1] INFO  utils.BackgroundService (BackgroundService.java:start(118)) - Starting service MultipartUploadCleanupService with interval 86400000 milliseconds
2025-07-27 04:39:20,054 [ForkJoinPool-1-worker-1] INFO  http.BaseHttpServer (BaseHttpServer.java:newHttpServer2BuilderForOzone(229)) - Starting Web-server for ozoneManager at: http://0.0.0.0:15009
2025-07-27 04:39:20,054 [ForkJoinPool-1-worker-1] INFO  http.BaseHttpServer (BaseHttpServer.java:<init>(107)) - Hadoop Security Enabled: false Ozone Security Enabled: false Ozone HTTP Security Enabled: false 
2025-07-27 04:39:20,055 [ForkJoinPool-1-worker-1] WARN  server.AuthenticationFilter (AuthenticationFilter.java:constructSecretProvider(240)) - Unable to initialize FileSignerSecretProvider, falling back to use random secrets. Reason: Could not read signature secret file: /home/runner/hadoop-http-auth-signature-secret
2025-07-27 04:39:20,058 [ForkJoinPool-1-worker-1] INFO  http.HttpServer2 (HttpServer2.java:addGlobalFilter(1042)) - Added global filter 'safety' (class=org.apache.hadoop.hdds.server.http.HttpServer2$QuotingInputFilter)
2025-07-27 04:39:20,059 [ForkJoinPool-1-worker-1] INFO  http.HttpServer2 (HttpServer2.java:addFilter(1018)) - Added filter static_user_filter (class=org.apache.hadoop.http.lib.StaticUserWebFilter$StaticUserFilter) to context ozoneManager
2025-07-27 04:39:20,059 [ForkJoinPool-1-worker-1] INFO  http.HttpServer2 (HttpServer2.java:addFilter(1026)) - Added filter static_user_filter (class=org.apache.hadoop.http.lib.StaticUserWebFilter$StaticUserFilter) to context logs
2025-07-27 04:39:20,059 [ForkJoinPool-1-worker-1] INFO  http.HttpServer2 (HttpServer2.java:addFilter(1026)) - Added filter static_user_filter (class=org.apache.hadoop.http.lib.StaticUserWebFilter$StaticUserFilter) to context static
2025-07-27 04:39:20,060 [ForkJoinPool-1-worker-1] INFO  http.BaseHttpServer (BaseHttpServer.java:<init>(195)) - HTTP server of ozoneManager uses base directory /home/runner/work/ozone/ozone/hadoop-ozone/integration-test-recon/target/test-dir/MiniOzoneClusterImpl-1e09403d-52eb-479c-879f-dc89daf7eeb0/ozone-meta/webserver
2025-07-27 04:39:20,062 [ForkJoinPool-1-worker-1] INFO  http.HttpServer2 (HttpServer2.java:bindListener(1242)) - Jetty bound to port 15009
2025-07-27 04:39:20,062 [ForkJoinPool-1-worker-1] INFO  server.Server (Server.java:doStart(375)) - jetty-9.4.57.v20241219; built: 2025-01-08T21:24:30.412Z; git: df524e6b29271c2e09ba9aea83c18dc9db464a31; jvm 21.0.8+9-LTS
2025-07-27 04:39:20,064 [ForkJoinPool-1-worker-1] INFO  server.session (DefaultSessionIdManager.java:doStart(334)) - DefaultSessionIdManager workerName=node0
2025-07-27 04:39:20,064 [ForkJoinPool-1-worker-1] INFO  server.session (DefaultSessionIdManager.java:doStart(339)) - No SessionScavenger set, using defaults
2025-07-27 04:39:20,064 [ForkJoinPool-1-worker-1] INFO  server.session (HouseKeeper.java:startScavenging(132)) - node0 Scavenging every 660000ms
2025-07-27 04:39:20,065 [ForkJoinPool-1-worker-1] INFO  handler.ContextHandler (ContextHandler.java:doStart(921)) - Started o.e.j.s.ServletContextHandler@3ebd54dd{logs,/logs,file:///home/runner/work/ozone/ozone/hadoop-ozone/integration-test-recon/target/log,AVAILABLE}
2025-07-27 04:39:20,065 [ForkJoinPool-1-worker-1] INFO  handler.ContextHandler (ContextHandler.java:doStart(921)) - Started o.e.j.s.ServletContextHandler@5ab99c29{static,/static,jar:file:/home/runner/work/ozone/ozone/hadoop-ozone/integration-test/target/ozone-integration-test-2.1.0-SNAPSHOT-tests.jar!/webapps/static,AVAILABLE}
2025-07-27 04:39:20,102 [ForkJoinPool-1-worker-1] INFO  handler.ContextHandler (ContextHandler.java:doStart(921)) - Started o.e.j.w.WebAppContext@59ffbafc{ozoneManager,/,file:///home/runner/work/ozone/ozone/hadoop-ozone/integration-test-recon/target/test-dir/MiniOzoneClusterImpl-1e09403d-52eb-479c-879f-dc89daf7eeb0/ozone-meta/webserver/jetty-0_0_0_0-15009-ozone-integration-test-2_1_0-SNAPSHOT-tests_jar-_-any-5950873964939775320/webapp/,AVAILABLE}{jar:file:/home/runner/work/ozone/ozone/hadoop-ozone/integration-test/target/ozone-integration-test-2.1.0-SNAPSHOT-tests.jar!/webapps/ozoneManager}
2025-07-27 04:39:20,102 [ForkJoinPool-1-worker-1] INFO  server.AbstractConnector (AbstractConnector.java:doStart(333)) - Started ServerConnector@25b43b26{HTTP/1.1, (http/1.1)}{0.0.0.0:15009}
2025-07-27 04:39:20,102 [ForkJoinPool-1-worker-1] INFO  server.Server (Server.java:doStart(415)) - Started @10485ms
2025-07-27 04:39:20,103 [ForkJoinPool-1-worker-1] WARN  impl.MetricsSystemImpl (MetricsSystemImpl.java:register(279)) - Sink prometheus already exists!
2025-07-27 04:39:20,103 [ForkJoinPool-1-worker-1] INFO  http.BaseHttpServer (BaseHttpServer.java:updateConnectorAddress(359)) - HTTP server of ozoneManager listening at http://localhost:15009
2025-07-27 04:39:20,103 [IPC Server Responder] INFO  ipc.Server (Server.java:run(1713)) - IPC Server Responder: starting
2025-07-27 04:39:20,103 [IPC Server listener on 15008] INFO  ipc.Server (Server.java:run(1553)) - IPC Server listener on 15008: starting
2025-07-27 04:39:20,105 [ForkJoinPool-1-worker-1] INFO  om.OzoneManager (OzoneManager.java:startTrashEmptier(2293)) - Trash Interval set to 0. Files deleted won't move to trash
2025-07-27 04:39:20,116 [ForkJoinPool-1-worker-1] INFO  db.CodecBuffer (CodecBuffer.java:set(85)) - Successfully set constructor to LeakDetector::newCodecBuffer: org.apache.hadoop.hdds.utils.db.CodecBuffer$$Lambda/0x00007f50c880a5f0@7d0f6d37
2025-07-27 04:39:20,264 [ForkJoinPool-1-worker-1] INFO  recon.ReconServer (HddsServerUtil.java:startupShutdownMessage(679)) - STARTUP_MSG: 
/************************************************************
STARTUP_MSG: Starting ReconServer
STARTUP_MSG:   host = localhost/127.0.0.1
STARTUP_MSG:   args = []
STARTUP_MSG:   version = 2.1.0-SNAPSHOT
STARTUP_MSG:   classpath = /home/runner/work/ozone/ozone/hadoop-ozone/integration-test-recon/target/test-classes:/home/runner/work/ozone/ozone/hadoop-ozone/integration-test-recon/target/classes:/home/runner/.m2/repository/com/fasterxml/jackson/core/jackson-core/2.16.2/jackson-core-2.16.2.jar:/home/runner/.m2/repository/com/fasterxml/jackson/core/jackson-databind/2.16.2/jackson-databind-2.16.2.jar:/home/runner/.m2/repository/com/fasterxml/jackson/core/jackson-annotations/2.16.2/jackson-annotations-2.16.2.jar:/home/runner/.m2/repository/com/google/guava/guava/32.1.3-jre/guava-32.1.3-jre.jar:/home/runner/.m2/repository/com/google/guava/failureaccess/1.0.1/failureaccess-1.0.1.jar:/home/runner/.m2/repository/com/google/guava/listenablefuture/9999.0-empty-to-avoid-conflict-with-guava/listenablefuture-9999.0-empty-to-avoid-conflict-with-guava.jar:/home/runner/.m2/repository/org/checkerframework/checker-qual/3.37.0/checker-qual-3.37.0.jar:/home/runner/.m2/repository/com/google/errorprone/error_prone_annotations/2.29.2/error_prone_annotations-2.29.2.jar:/home/runner/.m2/repository/com/google/j2objc/j2objc-annotations/2.8/j2objc-annotations-2.8.jar:/home/runner/.m2/repository/commons-io/commons-io/2.18.0/commons-io-2.18.0.jar:/home/runner/.m2/repository/jakarta/ws/rs/jakarta.ws.rs-api/2.1.6/jakarta.ws.rs-api-2.1.6.jar:/home/runner/.m2/repository/org/apache/hadoop/hadoop-common/3.4.1/hadoop-common-3.4.1.jar:/home/runner/.m2/repository/org/apache/hadoop/thirdparty/hadoop-shaded-protobuf_3_25/1.4.0/hadoop-shaded-protobuf_3_25-1.4.0.jar:/home/runner/.m2/repository/org/apache/hadoop/hadoop-annotations/3.4.1/hadoop-annotations-3.4.1.jar:/home/runner/.m2/repository/org/apache/hadoop/thirdparty/hadoop-shaded-guava/1.3.0/hadoop-shaded-guava-1.3.0.jar:/home/runner/.m2/repository/commons-cli/commons-cli/1.8.0/commons-cli-1.8.0.jar:/home/runner/.m2/repository/commons-codec/commons-codec/1.18.0/commons-codec-1.18.0.jar:/home/runner/.m2/repository/commons-net/commons-net/3.11.1/commons-net-3.11.1.jar:/home/runner/.m2/repository/commons-collections/commons-collections/3.2.2/commons-collections-3.2.2.jar:/home/runner/.m2/repository/javax/servlet/javax.servlet-api/3.1.0/javax.servlet-api-3.1.0.jar:/home/runner/.m2/repository/jakarta/activation/jakarta.activation-api/1.2.2/jakarta.activation-api-1.2.2.jar:/home/runner/.m2/repository/org/eclipse/jetty/jetty-server/9.4.57.v20241219/jetty-server-9.4.57.v20241219.jar:/home/runner/.m2/repository/org/eclipse/jetty/jetty-io/9.4.57.v20241219/jetty-io-9.4.57.v20241219.jar:/home/runner/.m2/repository/org/eclipse/jetty/jetty-util/9.4.57.v20241219/jetty-util-9.4.57.v20241219.jar:/home/runner/.m2/repository/org/eclipse/jetty/jetty-servlet/9.4.57.v20241219/jetty-servlet-9.4.57.v20241219.jar:/home/runner/.m2/repository/org/eclipse/jetty/jetty-security/9.4.57.v20241219/jetty-security-9.4.57.v20241219.jar:/home/runner/.m2/repository/org/eclipse/jetty/jetty-util-ajax/9.4.57.v20241219/jetty-util-ajax-9.4.57.v20241219.jar:/home/runner/.m2/repository/org/eclipse/jetty/jetty-webapp/9.4.57.v20241219/jetty-webapp-9.4.57.v20241219.jar:/home/runner/.m2/repository/org/eclipse/jetty/jetty-xml/9.4.57.v20241219/jetty-xml-9.4.57.v20241219.jar:/home/runner/.m2/repository/javax/servlet/jsp/jsp-api/2.1/jsp-api-2.1.jar:/home/runner/.m2/repository/org/codehaus/jettison/jettison/1.5.4/jettison-1.5.4.jar:/home/runner/.m2/repository/commons-beanutils/commons-beanutils/1.11.0/commons-beanutils-1.11.0.jar:/home/runner/.m2/repository/org/apache/commons/commons-configuration2/2.12.0/commons-configuration2-2.12.0.jar:/home/runner/.m2/repository/org/apache/commons/commons-lang3/3.17.0/commons-lang3-3.17.0.jar:/home/runner/.m2/repository/org/apache/commons/commons-text/1.13.1/commons-text-1.13.1.jar:/home/runner/.m2/repository/com/google/re2j/re2j/1.7/re2j-1.7.jar:/home/runner/.m2/repository/com/google/code/gson/gson/2.10.1/gson-2.10.1.jar:/home/runner/.m2/repository/org/apache/hadoop/hadoop-auth/3.4.1/hadoop-auth-3.4.1.jar:/home/runner/.m2/repository/com/jcraft/jsch/0.1.55/jsch-0.1.55.jar:/home/runner/.m2/repository/io/netty/netty-handler/4.1.119.Final/netty-handler-4.1.119.Final.jar:/home/runner/.m2/repository/io/netty/netty-resolver/4.1.119.Final/netty-resolver-4.1.119.Final.jar:/home/runner/.m2/repository/io/netty/netty-buffer/4.1.119.Final/netty-buffer-4.1.119.Final.jar:/home/runner/.m2/repository/io/netty/netty-transport-native-unix-common/4.1.119.Final/netty-transport-native-unix-common-4.1.119.Final.jar:/home/runner/.m2/repository/io/netty/netty-codec/4.1.119.Final/netty-codec-4.1.119.Final.jar:/home/runner/.m2/repository/io/netty/netty-transport-native-epoll/4.1.119.Final/netty-transport-native-epoll-4.1.119.Final.jar:/home/runner/.m2/repository/io/netty/netty-transport-classes-epoll/4.1.119.Final/netty-transport-classes-epoll-4.1.119.Final.jar:/home/runner/.m2/repository/io/dropwizard/metrics/metrics-core/3.2.6/metrics-core-3.2.6.jar:/home/runner/.m2/repository/org/apache/commons/commons-compress/1.27.1/commons-compress-1.27.1.jar:/home/runner/.m2/repository/org/bouncycastle/bcprov-jdk18on/1.81/bcprov-jdk18on-1.81.jar:/home/runner/.m2/repository/org/apache/kerby/kerb-core/1.0.1/kerb-core-1.0.1.jar:/home/runner/.m2/repository/org/apache/kerby/kerby-pkix/1.0.1/kerby-pkix-1.0.1.jar:/home/runner/.m2/repository/org/apache/kerby/kerby-asn1/1.0.1/kerby-asn1-1.0.1.jar:/home/runner/.m2/repository/org/codehaus/woodstox/stax2-api/4.2.1/stax2-api-4.2.1.jar:/home/runner/.m2/repository/com/fasterxml/woodstox/woodstox-core/5.4.0/woodstox-core-5.4.0.jar:/home/runner/.m2/repository/dnsjava/dnsjava/3.6.1/dnsjava-3.6.1.jar:/home/runner/.m2/repository/org/apache/hadoop/hadoop-hdfs-client/3.4.1/hadoop-hdfs-client-3.4.1.jar:/home/runner/.m2/repository/org/apache/httpcomponents/httpclient/4.5.14/httpclient-4.5.14.jar:/home/runner/.m2/repository/org/apache/httpcomponents/httpcore/4.4.16/httpcore-4.4.16.jar:/home/runner/work/ozone/ozone/hadoop-hdds/client/target/hdds-client-2.1.0-SNAPSHOT.jar:/home/runner/.m2/repository/io/opentracing/opentracing-api/0.33.0/opentracing-api-0.33.0.jar:/home/runner/.m2/repository/io/opentracing/opentracing-util/0.33.0/opentracing-util-0.33.0.jar:/home/runner/.m2/repository/io/opentracing/opentracing-noop/0.33.0/opentracing-noop-0.33.0.jar:/home/runner/.m2/repository/jakarta/annotation/jakarta.annotation-api/2.1.1/jakarta.annotation-api-2.1.1.jar:/home/runner/work/ozone/ozone/hadoop-hdds/erasurecode/target/hdds-erasurecode-2.1.0-SNAPSHOT.jar:/home/runner/.m2/repository/org/apache/ratis/ratis-client/3.2.0/ratis-client-3.2.0.jar:/home/runner/.m2/repository/org/apache/ratis/ratis-grpc/3.2.0/ratis-grpc-3.2.0.jar:/home/runner/.m2/repository/org/apache/ratis/ratis-proto/3.2.0/ratis-proto-3.2.0.jar:/home/runner/.m2/repository/org/apache/ratis/ratis-thirdparty-misc/1.0.9/ratis-thirdparty-misc-1.0.9.jar:/home/runner/work/ozone/ozone/hadoop-hdds/common/target/hdds-common-2.1.0-SNAPSHOT.jar:/home/runner/.m2/repository/com/fasterxml/jackson/datatype/jackson-datatype-jsr310/2.16.2/jackson-datatype-jsr310-2.16.2.jar:/home/runner/.m2/repository/com/github/stephenc/jcip/jcip-annotations/1.0-1/jcip-annotations-1.0-1.jar:/home/runner/.m2/repository/com/google/protobuf/protobuf-java/2.5.0/protobuf-java-2.5.0.jar:/home/runner/.m2/repository/commons-validator/commons-validator/1.6/commons-validator-1.6.jar:/home/runner/.m2/repository/commons-digester/commons-digester/1.8.1/commons-digester-1.8.1.jar:/home/runner/.m2/repository/info/picocli/picocli/4.7.7/picocli-4.7.7.jar:/home/runner/.m2/repository/io/jaegertracing/jaeger-core/1.8.1/jaeger-core-1.8.1.jar:/home/runner/.m2/repository/jakarta/xml/bind/jakarta.xml.bind-api/2.3.3/jakarta.xml.bind-api-2.3.3.jar:/home/runner/work/ozone/ozone/hadoop-hdds/interface-admin/target/hdds-interface-admin-2.1.0-SNAPSHOT.jar:/home/runner/.m2/repository/org/apache/ratis/ratis-netty/3.2.0/ratis-netty-3.2.0.jar:/home/runner/.m2/repository/org/apache/ratis/ratis-server-api/3.2.0/ratis-server-api-3.2.0.jar:/home/runner/.m2/repository/org/bouncycastle/bcpkix-jdk18on/1.81/bcpkix-jdk18on-1.81.jar:/home/runner/.m2/repository/org/bouncycastle/bcutil-jdk18on/1.81/bcutil-jdk18on-1.81.jar:/home/runner/.m2/repository/org/yaml/snakeyaml/2.0/snakeyaml-2.0.jar:/home/runner/.m2/repository/io/jaegertracing/jaeger-client/1.8.1/jaeger-client-1.8.1.jar:/home/runner/.m2/repository/io/jaegertracing/jaeger-thrift/1.8.1/jaeger-thrift-1.8.1.jar:/home/runner/.m2/repository/org/apache/thrift/libthrift/0.15.0/libthrift-0.15.0.jar:/home/runner/.m2/repository/com/squareup/okhttp3/okhttp/4.12.0/okhttp-4.12.0.jar:/home/runner/.m2/repository/com/squareup/okio/okio/3.6.0/okio-3.6.0.jar:/home/runner/.m2/repository/com/squareup/okio/okio-jvm/3.6.0/okio-jvm-3.6.0.jar:/home/runner/.m2/repository/org/jetbrains/kotlin/kotlin-stdlib-common/1.9.25/kotlin-stdlib-common-1.9.25.jar:/home/runner/.m2/repository/org/jetbrains/kotlin/kotlin-stdlib-jdk8/1.9.25/kotlin-stdlib-jdk8-1.9.25.jar:/home/runner/.m2/repository/org/jetbrains/kotlin/kotlin-stdlib/1.9.25/kotlin-stdlib-1.9.25.jar:/home/runner/.m2/repository/org/jetbrains/annotations/13.0/annotations-13.0.jar:/home/runner/.m2/repository/org/jetbrains/kotlin/kotlin-stdlib-jdk7/1.9.25/kotlin-stdlib-jdk7-1.9.25.jar:/home/runner/.m2/repository/io/jaegertracing/jaeger-tracerresolver/1.8.1/jaeger-tracerresolver-1.8.1.jar:/home/runner/.m2/repository/io/opentracing/contrib/opentracing-tracerresolver/0.1.8/opentracing-tracerresolver-0.1.8.jar:/home/runner/.m2/repository/org/apache/ratis/ratis-metrics-dropwizard3/3.2.0/ratis-metrics-dropwizard3-3.2.0.jar:/home/runner/.m2/repository/org/slf4j/jcl-over-slf4j/2.0.17/jcl-over-slf4j-2.0.17.jar:/home/runner/.m2/repository/org/slf4j/slf4j-reload4j/2.0.17/slf4j-reload4j-2.0.17.jar:/home/runner/work/ozone/ozone/hadoop-hdds/common/target/hdds-common-2.1.0-SNAPSHOT-tests.jar:/home/runner/work/ozone/ozone/hadoop-hdds/config/target/hdds-config-2.1.0-SNAPSHOT.jar:/home/runner/work/ozone/ozone/hadoop-hdds/interface-client/target/hdds-interface-client-2.1.0-SNAPSHOT.jar:/home/runner/work/ozone/ozone/hadoop-hdds/framework/target/hdds-server-framework-2.1.0-SNAPSHOT.jar:/home/runner/.m2/repository/ch/qos/reload4j/reload4j/1.2.26/reload4j-1.2.26.jar:/home/runner/.m2/repository/com/github/jnr/jnr-constants/0.10.4/jnr-constants-0.10.4.jar:/home/runner/.m2/repository/com/github/jnr/jnr-posix/3.1.20/jnr-posix-3.1.20.jar:/home/runner/.m2/repository/com/github/jnr/jnr-ffi/2.2.17/jnr-ffi-2.2.17.jar:/home/runner/.m2/repository/com/github/jnr/jffi/1.3.13/jffi-1.3.13.jar:/home/runner/.m2/repository/com/github/jnr/jffi/1.3.13/jffi-1.3.13-native.jar:/home/runner/.m2/repository/org/ow2/asm/asm/9.7.1/asm-9.7.1.jar:/home/runner/.m2/repository/org/ow2/asm/asm-commons/9.7.1/asm-commons-9.7.1.jar:/home/runner/.m2/repository/org/ow2/asm/asm-analysis/9.7.1/asm-analysis-9.7.1.jar:/home/runner/.m2/repository/org/ow2/asm/asm-tree/9.7.1/asm-tree-9.7.1.jar:/home/runner/.m2/repository/org/ow2/asm/asm-util/9.7.1/asm-util-9.7.1.jar:/home/runner/.m2/repository/com/github/jnr/jnr-a64asm/1.0.0/jnr-a64asm-1.0.0.jar:/home/runner/.m2/repository/com/github/jnr/jnr-x86asm/1.0.2/jnr-x86asm-1.0.2.jar:/home/runner/.m2/repository/commons-fileupload/commons-fileupload/1.5/commons-fileupload-1.5.jar:/home/runner/.m2/repository/io/grpc/grpc-api/1.71.0/grpc-api-1.71.0.jar:/home/runner/.m2/repository/io/prometheus/simpleclient/0.16.0/simpleclient-0.16.0.jar:/home/runner/.m2/repository/io/prometheus/simpleclient_common/0.16.0/simpleclient_common-0.16.0.jar:/home/runner/.m2/repository/io/prometheus/simpleclient_dropwizard/0.16.0/simpleclient_dropwizard-0.16.0.jar:/home/runner/.m2/repository/org/apache/logging/log4j/log4j-api/2.25.0/log4j-api-2.25.0.jar:/home/runner/work/ozone/ozone/hadoop-hdds/interface-server/target/hdds-interface-server-2.1.0-SNAPSHOT.jar:/home/runner/work/ozone/ozone/hadoop-hdds/managed-rocksdb/target/hdds-managed-rocksdb-2.1.0-SNAPSHOT.jar:/home/runner/work/ozone/ozone/hadoop-hdds/rocksdb-checkpoint-differ/target/rocksdb-checkpoint-differ-2.1.0-SNAPSHOT.jar:/home/runner/.m2/repository/org/apache/ratis/ratis-metrics-api/3.2.0/ratis-metrics-api-3.2.0.jar:/home/runner/.m2/repository/org/eclipse/jetty/jetty-http/9.4.57.v20241219/jetty-http-9.4.57.v20241219.jar:/home/runner/.m2/repository/org/glassfish/jersey/containers/jersey-container-servlet-core/2.47/jersey-container-servlet-core-2.47.jar:/home/runner/.m2/repository/org/glassfish/jersey/core/jersey-server/2.47/jersey-server-2.47.jar:/home/runner/.m2/repository/org/glassfish/jersey/core/jersey-client/2.47/jersey-client-2.47.jar:/home/runner/.m2/repository/org/reflections/reflections/0.10.2/reflections-0.10.2.jar:/home/runner/.m2/repository/org/javassist/javassist/3.30.2-GA/javassist-3.30.2-GA.jar:/home/runner/.m2/repository/org/rocksdb/rocksdbjni/7.7.3/rocksdbjni-7.7.3.jar:/home/runner/.m2/repository/com/lmax/disruptor/3.4.4/disruptor-3.4.4.jar:/home/runner/.m2/repository/com/nimbusds/nimbus-jose-jwt/9.40/nimbus-jose-jwt-9.40.jar:/home/runner/.m2/repository/log4j/apache-log4j-extras/1.2.17/apache-log4j-extras-1.2.17.jar:/home/runner/.m2/repository/org/apache/kerby/kerb-util/1.0.1/kerb-util-1.0.1.jar:/home/runner/.m2/repository/org/apache/kerby/kerby-config/1.0.1/kerby-config-1.0.1.jar:/home/runner/.m2/repository/org/apache/kerby/kerb-crypto/1.0.1/kerb-crypto-1.0.1.jar:/home/runner/.m2/repository/org/apache/logging/log4j/log4j-core/2.25.0/log4j-core-2.25.0.jar:/home/runner/.m2/repository/org/xerial/snappy/snappy-java/1.1.10.7/snappy-java-1.1.10.7.jar:/home/runner/work/ozone/ozone/hadoop-hdds/server-scm/target/hdds-server-scm-2.1.0-SNAPSHOT.jar:/home/runner/work/ozone/ozone/hadoop-hdds/container-service/target/hdds-container-service-2.1.0-SNAPSHOT.jar:/home/runner/.m2/repository/org/apache/hadoop/hadoop-hdfs/3.4.1/hadoop-hdfs-3.4.1.jar:/home/runner/.m2/repository/commons-daemon/commons-daemon/1.4.0/commons-daemon-1.4.0.jar:/home/runner/.m2/repository/com/github/luben/zstd-jni/1.5.7-4/zstd-jni-1.5.7-4.jar:/home/runner/.m2/repository/org/glassfish/jaxb/jaxb-runtime/2.3.9/jaxb-runtime-2.3.9.jar:/home/runner/.m2/repository/org/glassfish/jaxb/txw2/2.3.9/txw2-2.3.9.jar:/home/runner/.m2/repository/com/sun/istack/istack-commons-runtime/3.0.12/istack-commons-runtime-3.0.12.jar:/home/runner/.m2/repository/com/sun/activation/jakarta.activation/1.2.2/jakarta.activation-1.2.2.jar:/home/runner/.m2/repository/org/apache/ratis/ratis-server/3.2.0/ratis-server-3.2.0.jar:/home/runner/work/ozone/ozone/hadoop-hdds/server-scm/target/hdds-server-scm-2.1.0-SNAPSHOT-tests.jar:/home/runner/work/ozone/ozone/hadoop-hdds/test-utils/target/hdds-test-utils-2.1.0-SNAPSHOT-tests.jar:/home/runner/work/ozone/ozone/hadoop-ozone/cli-admin/target/ozone-cli-admin-2.1.0-SNAPSHOT.jar:/home/runner/work/ozone/ozone/hadoop-ozone/cli-shell/target/ozone-cli-shell-2.1.0-SNAPSHOT.jar:/home/runner/.m2/repository/info/picocli/picocli-shell-jline3/4.7.7/picocli-shell-jline3-4.7.7.jar:/home/runner/.m2/repository/org/jline/jline/3.30.4/jline-3.30.4.jar:/home/runner/work/ozone/ozone/hadoop-ozone/ozonefs/target/ozone-filesystem-2.1.0-SNAPSHOT.jar:/home/runner/work/ozone/ozone/hadoop-ozone/ozonefs-common/target/ozone-filesystem-common-2.1.0-SNAPSHOT.jar:/home/runner/work/ozone/ozone/hadoop-ozone/interface-client/target/ozone-interface-client-2.1.0-SNAPSHOT.jar:/home/runner/.m2/repository/io/grpc/grpc-protobuf/1.71.0/grpc-protobuf-1.71.0.jar:/home/runner/.m2/repository/com/google/api/grpc/proto-google-common-protos/2.51.0/proto-google-common-protos-2.51.0.jar:/home/runner/.m2/repository/io/grpc/grpc-protobuf-lite/1.71.0/grpc-protobuf-lite-1.71.0.jar:/home/runner/work/ozone/ozone/hadoop-ozone/client/target/ozone-client-2.1.0-SNAPSHOT.jar:/home/runner/work/ozone/ozone/hadoop-ozone/common/target/ozone-common-2.1.0-SNAPSHOT.jar:/home/runner/.m2/repository/io/grpc/grpc-netty/1.71.0/grpc-netty-1.71.0.jar:/home/runner/.m2/repository/org/codehaus/mojo/animal-sniffer-annotations/1.24/animal-sniffer-annotations-1.24.jar:/home/runner/.m2/repository/io/grpc/grpc-core/1.71.0/grpc-core-1.71.0.jar:/home/runner/.m2/repository/com/google/android/annotations/4.1.1.4/annotations-4.1.1.4.jar:/home/runner/.m2/repository/io/grpc/grpc-context/1.71.0/grpc-context-1.71.0.jar:/home/runner/.m2/repository/io/perfmark/perfmark-api/0.27.0/perfmark-api-0.27.0.jar:/home/runner/.m2/repository/io/grpc/grpc-util/1.71.0/grpc-util-1.71.0.jar:/home/runner/.m2/repository/io/netty/netty-common/4.1.119.Final/netty-common-4.1.119.Final.jar:/home/runner/.m2/repository/io/netty/netty-codec-http2/4.1.119.Final/netty-codec-http2-4.1.119.Final.jar:/home/runner/.m2/repository/io/netty/netty-codec-http/4.1.119.Final/netty-codec-http-4.1.119.Final.jar:/home/runner/.m2/repository/io/netty/netty-handler-proxy/4.1.119.Final/netty-handler-proxy-4.1.119.Final.jar:/home/runner/.m2/repository/io/netty/netty-codec-socks/4.1.119.Final/netty-codec-socks-4.1.119.Final.jar:/home/runner/.m2/repository/io/netty/netty-tcnative-boringssl-static/2.0.70.Final/netty-tcnative-boringssl-static-2.0.70.Final.jar:/home/runner/.m2/repository/io/netty/netty-tcnative-classes/2.0.70.Final/netty-tcnative-classes-2.0.70.Final.jar:/home/runner/.m2/repository/io/netty/netty-tcnative-boringssl-static/2.0.70.Final/netty-tcnative-boringssl-static-2.0.70.Final-linux-x86_64.jar:/home/runner/.m2/repository/io/netty/netty-tcnative-boringssl-static/2.0.70.Final/netty-tcnative-boringssl-static-2.0.70.Final-linux-aarch_64.jar:/home/runner/.m2/repository/io/netty/netty-tcnative-boringssl-static/2.0.70.Final/netty-tcnative-boringssl-static-2.0.70.Final-osx-x86_64.jar:/home/runner/.m2/repository/io/netty/netty-tcnative-boringssl-static/2.0.70.Final/netty-tcnative-boringssl-static-2.0.70.Final-osx-aarch_64.jar:/home/runner/.m2/repository/io/netty/netty-tcnative-boringssl-static/2.0.70.Final/netty-tcnative-boringssl-static-2.0.70.Final-windows-x86_64.jar:/home/runner/work/ozone/ozone/hadoop-ozone/integration-test/target/ozone-integration-test-2.1.0-SNAPSHOT-tests.jar:/home/runner/work/ozone/ozone/hadoop-ozone/interface-storage/target/ozone-interface-storage-2.1.0-SNAPSHOT.jar:/home/runner/work/ozone/ozone/hadoop-ozone/ozone-manager/target/ozone-manager-2.1.0-SNAPSHOT.jar:/home/runner/.m2/repository/io/grpc/grpc-stub/1.71.0/grpc-stub-1.71.0.jar:/home/runner/.m2/repository/io/netty/netty-transport/4.1.119.Final/netty-transport-4.1.119.Final.jar:/home/runner/.m2/repository/org/apache/kerby/kerby-util/1.0.1/kerby-util-1.0.1.jar:/home/runner/work/ozone/ozone/hadoop-hdds/rocks-native/target/hdds-rocks-native-2.1.0-SNAPSHOT.jar:/home/runner/.m2/repository/org/apache/ranger/ranger-intg/2.6.0/ranger-intg-2.6.0.jar:/home/runner/.m2/repository/org/apache/ranger/ranger-plugins-common/2.6.0/ranger-plugins-common-2.6.0.jar:/home/runner/.m2/repository/com/fasterxml/jackson/jaxrs/jackson-jaxrs-base/2.16.2/jackson-jaxrs-base-2.16.2.jar:/home/runner/.m2/repository/com/fasterxml/jackson/jaxrs/jackson-jaxrs-json-provider/2.16.2/jackson-jaxrs-json-provider-2.16.2.jar:/home/runner/.m2/repository/com/kstruct/gethostname4j/1.0.0/gethostname4j-1.0.0.jar:/home/runner/.m2/repository/commons-lang/commons-lang/2.6/commons-lang-2.6.jar:/home/runner/.m2/repository/net/java/dev/jna/jna/5.2.0/jna-5.2.0.jar:/home/runner/.m2/repository/net/java/dev/jna/jna-platform/5.2.0/jna-platform-5.2.0.jar:/home/runner/.m2/repository/org/apache/ranger/ranger-plugin-classloader/2.6.0/ranger-plugin-classloader-2.6.0.jar:/home/runner/.m2/repository/org/apache/ranger/ranger-plugins-audit/2.6.0/ranger-plugins-audit-2.6.0.jar:/home/runner/.m2/repository/com/amazonaws/aws-java-sdk-logs/1.12.765/aws-java-sdk-logs-1.12.765.jar:/home/runner/.m2/repository/com/amazonaws/aws-java-sdk-core/1.12.661/aws-java-sdk-core-1.12.661.jar:/home/runner/.m2/repository/com/fasterxml/jackson/dataformat/jackson-dataformat-cbor/2.16.2/jackson-dataformat-cbor-2.16.2.jar:/home/runner/.m2/repository/com/amazonaws/jmespath-java/1.12.765/jmespath-java-1.12.765.jar:/home/runner/.m2/repository/com/carrotsearch/hppc/0.8.0/hppc-0.8.0.jar:/home/runner/.m2/repository/io/airlift/aircompressor/0.27/aircompressor-0.27.jar:/home/runner/.m2/repository/joda-time/joda-time/2.12.7/joda-time-2.12.7.jar:/home/runner/.m2/repository/org/apache/httpcomponents/httpasyncclient/4.1.4/httpasyncclient-4.1.4.jar:/home/runner/.m2/repository/org/apache/httpcomponents/httpcore-nio/4.4.16/httpcore-nio-4.4.16.jar:/home/runner/.m2/repository/org/apache/httpcomponents/httpmime/4.5.13/httpmime-4.5.13.jar:/home/runner/.m2/repository/org/apache/orc/orc-core/1.5.8/orc-core-1.5.8.jar:/home/runner/.m2/repository/org/apache/orc/orc-shims/1.5.8/orc-shims-1.5.8.jar:/home/runner/.m2/repository/org/eclipse/jetty/jetty-client/9.4.57.v20241219/jetty-client-9.4.57.v20241219.jar:/home/runner/.m2/repository/org/apache/ranger/ranger-plugins-cred/2.6.0/ranger-plugins-cred-2.6.0.jar:/home/runner/.m2/repository/org/aspectj/aspectjrt/1.9.7/aspectjrt-1.9.7.jar:/home/runner/work/ozone/ozone/hadoop-ozone/ozone-manager/target/ozone-manager-2.1.0-SNAPSHOT-tests.jar:/home/runner/work/ozone/ozone/hadoop-ozone/mini-cluster/target/ozone-mini-cluster-2.1.0-SNAPSHOT.jar:/home/runner/work/ozone/ozone/hadoop-ozone/recon/target/ozone-recon-2.1.0-SNAPSHOT.jar:/home/runner/.m2/repository/aopalliance/aopalliance/1.0/aopalliance-1.0.jar:/home/runner/.m2/repository/com/google/inject/guice/6.0.0/guice-6.0.0.jar:/home/runner/.m2/repository/jakarta/inject/jakarta.inject-api/2.0.1/jakarta.inject-api-2.0.1.jar:/home/runner/.m2/repository/com/google/inject/extensions/guice-servlet/6.0.0/guice-servlet-6.0.0.jar:/home/runner/.m2/repository/com/jolbox/bonecp/0.8.0.RELEASE/bonecp-0.8.0.RELEASE.jar:/home/runner/.m2/repository/jakarta/validation/jakarta.validation-api/2.0.2/jakarta.validation-api-2.0.2.jar:/home/runner/.m2/repository/javax/annotation/javax.annotation-api/1.3.2/javax.annotation-api-1.3.2.jar:/home/runner/.m2/repository/javax/inject/javax.inject/1/javax.inject-1.jar:/home/runner/.m2/repository/org/apache/derby/derby/10.14.2.0/derby-10.14.2.0.jar:/home/runner/.m2/repository/org/glassfish/hk2/guice-bridge/2.6.1/guice-bridge-2.6.1.jar:/home/runner/.m2/repository/org/glassfish/hk2/hk2-api/2.6.1/hk2-api-2.6.1.jar:/home/runner/.m2/repository/org/glassfish/hk2/hk2-utils/2.6.1/hk2-utils-2.6.1.jar:/home/runner/.m2/repository/org/glassfish/hk2/external/aopalliance-repackaged/2.6.1/aopalliance-repackaged-2.6.1.jar:/home/runner/.m2/repository/org/glassfish/jersey/core/jersey-common/2.47/jersey-common-2.47.jar:/home/runner/.m2/repository/org/glassfish/hk2/osgi-resource-locator/1.0.3/osgi-resource-locator-1.0.3.jar:/home/runner/.m2/repository/org/jooq/jooq/3.11.10/jooq-3.11.10.jar:/home/runner/.m2/repository/org/springframework/spring-core/5.3.39/spring-core-5.3.39.jar:/home/runner/.m2/repository/org/springframework/spring-jdbc/5.3.39/spring-jdbc-5.3.39.jar:/home/runner/.m2/repository/org/springframework/spring-beans/5.3.39/spring-beans-5.3.39.jar:/home/runner/.m2/repository/org/springframework/spring-tx/5.3.39/spring-tx-5.3.39.jar:/home/runner/.m2/repository/org/xerial/sqlite-jdbc/3.50.2.0/sqlite-jdbc-3.50.2.0.jar:/home/runner/.m2/repository/com/google/inject/extensions/guice-assistedinject/6.0.0/guice-assistedinject-6.0.0.jar:/home/runner/.m2/repository/org/glassfish/hk2/external/jakarta.inject/2.6.1/jakarta.inject-2.6.1.jar:/home/runner/.m2/repository/org/glassfish/jersey/inject/jersey-hk2/2.47/jersey-hk2-2.47.jar:/home/runner/.m2/repository/org/glassfish/hk2/hk2-locator/2.6.1/hk2-locator-2.6.1.jar:/home/runner/.m2/repository/org/glassfish/jersey/media/jersey-media-jaxb/2.47/jersey-media-jaxb-2.47.jar:/home/runner/.m2/repository/org/glassfish/jersey/media/jersey-media-json-jackson/2.47/jersey-media-json-jackson-2.47.jar:/home/runner/.m2/repository/org/glassfish/jersey/ext/jersey-entity-filtering/2.47/jersey-entity-filtering-2.47.jar:/home/runner/.m2/repository/com/fasterxml/jackson/module/jackson-module-jaxb-annotations/2.16.2/jackson-module-jaxb-annotations-2.16.2.jar:/home/runner/work/ozone/ozone/hadoop-ozone/recon-codegen/target/ozone-reconcodegen-2.1.0-SNAPSHOT.jar:/home/runner/.m2/repository/org/jooq/jooq-codegen/3.11.10/jooq-codegen-3.11.10.jar:/home/runner/.m2/repository/org/jooq/jooq-meta/3.11.10/jooq-meta-3.11.10.jar:/home/runner/.m2/repository/org/apache/ratis/ratis-common/3.2.0/ratis-common-3.2.0.jar:/home/runner/.m2/repository/org/slf4j/slf4j-api/2.0.17/slf4j-api-2.0.17.jar:/home/runner/.m2/repository/org/assertj/assertj-core/3.27.3/assertj-core-3.27.3.jar:/home/runner/.m2/repository/net/bytebuddy/byte-buddy/1.15.11/byte-buddy-1.15.11.jar:/home/runner/.m2/repository/org/junit/jupiter/junit-jupiter-api/5.13.3/junit-jupiter-api-5.13.3.jar:/home/runner/.m2/repository/org/opentest4j/opentest4j/1.3.0/opentest4j-1.3.0.jar:/home/runner/.m2/repository/org/junit/platform/junit-platform-commons/1.13.3/junit-platform-commons-1.13.3.jar:/home/runner/.m2/repository/org/apiguardian/apiguardian-api/1.1.2/apiguardian-api-1.1.2.jar:/home/runner/.m2/repository/org/junit/jupiter/junit-jupiter-params/5.13.3/junit-jupiter-params-5.13.3.jar:/home/runner/.m2/repository/org/mockito/mockito-core/4.11.0/mockito-core-4.11.0.jar:/home/runner/.m2/repository/net/bytebuddy/byte-buddy-agent/1.12.19/byte-buddy-agent-1.12.19.jar:/home/runner/.m2/repository/org/objenesis/objenesis/3.3/objenesis-3.3.jar:/home/runner/.m2/repository/org/mockito/mockito-inline/4.11.0/mockito-inline-4.11.0.jar:/home/runner/.m2/repository/org/mockito/mockito-junit-jupiter/4.11.0/mockito-junit-jupiter-4.11.0.jar:/home/runner/work/ozone/ozone/hadoop-ozone/integration-test-recon/target/gradle-enterprise/test-listeners.jar:
STARTUP_MSG:   build = https://github.com/apache/ozone/fac07ab309a56951452eb39b8e121e9bbec40cdc
STARTUP_MSG:   java = 21.0.8
STARTUP_MSG:   conf = {hadoop.hdds.db.rocksdb.WAL_size_limit_MB=0MB, hadoop.hdds.db.rocksdb.WAL_ttl_seconds=1200, hadoop.hdds.db.rocksdb.keep.log.file.num=10, hadoop.hdds.db.rocksdb.logging.enabled=false, hadoop.hdds.db.rocksdb.logging.level=INFO, hadoop.hdds.db.rocksdb.max.log.file.size=100MB, hadoop.hdds.db.rocksdb.writeoption.sync=false, hdds.block.token.enabled=false, hdds.block.token.expiry.time=1d, hdds.command.status.report.interval=30s, hdds.container.action.max.limit=20, hdds.container.balancer.balancing.iteration.interval=70m, hdds.container.balancer.datanodes.involved.max.percentage.per.iteration=20, hdds.container.balancer.iterations=10, hdds.container.balancer.move.networkTopology.enable=false, hdds.container.balancer.move.replication.timeout=50m, hdds.container.balancer.move.timeout=65m, hdds.container.balancer.size.entering.target.max=26GB, hdds.container.balancer.size.leaving.source.max=26GB, hdds.container.balancer.size.moved.max.per.iteration=500GB, hdds.container.balancer.trigger.du.before.move.enable=false, hdds.container.balancer.utilization.threshold=10, hdds.container.checksum.verification.enabled=true, hdds.container.chunk.write.sync=false, hdds.container.close.threshold=0.9f, hdds.container.ipc.port=9859, hdds.container.ipc.random.port=false, hdds.container.ratis.admin.port=9857, hdds.container.ratis.datastream.enabled=true, hdds.container.ratis.datastream.port=9855, hdds.container.ratis.datastream.random.port=false, hdds.container.ratis.enabled=false, hdds.container.ratis.ipc.port=9858, hdds.container.ratis.ipc.random.port=false, hdds.container.ratis.leader.pending.bytes.limit=1GB, hdds.container.ratis.log.appender.queue.byte-limit=32MB, hdds.container.ratis.log.appender.queue.num-elements=1024, hdds.container.ratis.log.purge.gap=1000000, hdds.container.ratis.log.queue.byte-limit=4GB, hdds.container.ratis.log.queue.num-elements=1024, hdds.container.ratis.num.container.op.executors=10, hdds.container.ratis.num.write.chunk.threads.per.volume=4, hdds.container.ratis.rpc.type=GRPC, hdds.container.ratis.segment.preallocated.size=4MB, hdds.container.ratis.segment.size=64MB, hdds.container.ratis.server.port=9856, hdds.container.ratis.statemachine.max.pending.apply-transactions=100000, hdds.container.ratis.statemachine.write.wait.interval=10m, hdds.container.ratis.statemachinedata.sync.timeout=10s, hdds.container.replication.compression=NO_COMPRESSION, hdds.container.report.interval=60m, hdds.container.scrub.data.scan.interval=7d, hdds.container.scrub.dev.data.scan.enabled=true, hdds.container.scrub.dev.metadata.scan.enabled=true, hdds.container.scrub.enabled=true, hdds.container.scrub.metadata.scan.interval=3h, hdds.container.scrub.min.gap=15m, hdds.container.scrub.on.demand.volume.bytes.per.second=5242880, hdds.container.scrub.volume.bytes.per.second=5242880, hdds.container.token.enabled=false, hdds.datanode.block.delete.command.worker.interval=2s, hdds.datanode.block.delete.max.lock.wait.timeout=100ms, hdds.datanode.block.delete.queue.limit=5, hdds.datanode.block.delete.threads.max=5, hdds.datanode.block.deleting.limit.per.interval=20000, hdds.datanode.block.deleting.max.lock.holding.time=1s, hdds.datanode.block.deleting.service.interval=60s, hdds.datanode.check.empty.container.dir.on.delete=false, hdds.datanode.chunk.data.validation.check=false, hdds.datanode.client.bind.host=0.0.0.0, hdds.datanode.client.port=19864, hdds.datanode.command.queue.limit=5000, hdds.datanode.container.checksum.lock.stripes=127, hdds.datanode.container.client.cache.size=100, hdds.datanode.container.client.cache.stale.threshold=10000, hdds.datanode.container.close.threads.max=3, hdds.datanode.container.delete.threads.max=2, hdds.datanode.container.schema.v3.enabled=true, hdds.datanode.container.schema.v3.key.separator=|, hdds.datanode.delete.container.timeout=60s, hdds.datanode.df.refresh.period=5m, hdds.datanode.dir=file:///home/runner/work/ozone/ozone/hadoop-ozone/integration-test-recon/target/tmp/dfs/data, hdds.datanode.disk.check.io.failures.tolerated=1, hdds.datanode.disk.check.io.file.size=100B, hdds.datanode.disk.check.io.test.count=3, hdds.datanode.disk.check.min.gap=10m, hdds.datanode.disk.check.timeout=10m, hdds.datanode.dns.interface=default, hdds.datanode.dns.nameserver=default, hdds.datanode.du.refresh.period=1h, hdds.datanode.failed.data.volumes.tolerated=-1, hdds.datanode.failed.db.volumes.tolerated=-1, hdds.datanode.failed.metadata.volumes.tolerated=-1, hdds.datanode.handler.count=10, hdds.datanode.http-address=0.0.0.0:9882, hdds.datanode.http-bind-host=0.0.0.0, hdds.datanode.http.auth.kerberos.keytab=/etc/security/keytabs/HTTP.keytab, hdds.datanode.http.auth.kerberos.principal=HTTP/_HOST@REALM, hdds.datanode.http.auth.type=simple, hdds.datanode.http.enabled=true, hdds.datanode.https-address=0.0.0.0:9883, hdds.datanode.https-bind-host=0.0.0.0, hdds.datanode.metadata.rocksdb.cache.size=1GB, hdds.datanode.periodic.disk.check.interval.minutes=60, hdds.datanode.ratis.server.request.timeout=2m, hdds.datanode.read.chunk.threads.per.volume=10, hdds.datanode.read.threadpool=10, hdds.datanode.recovering.container.scrubbing.service.interval=1m, hdds.datanode.replication.outofservice.limit.factor=2.0, hdds.datanode.replication.port=9886, hdds.datanode.replication.queue.limit=4096, hdds.datanode.replication.streams.limit=10, hdds.datanode.rocksdb.auto-compaction-small-sst-file=true, hdds.datanode.rocksdb.auto-compaction-small-sst-file-num-threshold=512, hdds.datanode.rocksdb.auto-compaction-small-sst-file-size-threshold=1MB, hdds.datanode.rocksdb.auto-compaction-small-sst-file.interval.minutes=120, hdds.datanode.rocksdb.auto-compaction-small-sst-file.threads=1, hdds.datanode.rocksdb.delete-obsolete-files-period=1h, hdds.datanode.rocksdb.log.level=INFO, hdds.datanode.rocksdb.log.max-file-num=64, hdds.datanode.rocksdb.log.max-file-size=32MB, hdds.datanode.rocksdb.max-open-files=1024, hdds.datanode.slow.op.warning.threshold=500ms, hdds.datanode.storage.utilization.critical.threshold=0.95, hdds.datanode.storage.utilization.warning.threshold=0.75, hdds.datanode.use.datanode.hostname=false, hdds.datanode.volume.choosing.policy=org.apache.hadoop.ozone.container.common.volume.CapacityVolumeChoosingPolicy, hdds.datanode.volume.min.free.space=5GB, hdds.datanode.volume.min.free.space.percent=0.001, hdds.datanode.wait.on.all.followers=false, hdds.db.profile=DISK, hdds.grpc.tls.enabled=false, hdds.grpc.tls.provider=OPENSSL, hdds.heartbeat.initial-interval=2s, hdds.heartbeat.interval=1s, hdds.heartbeat.recon.initial-interval=60s, hdds.heartbeat.recon.interval=60s, hdds.key.algo=RSA, hdds.key.dir.name=keys, hdds.key.len=2048, hdds.node.report.interval=60000ms, hdds.pipeline.action.max.limit=20, hdds.pipeline.report.interval=60000ms, hdds.priv.key.file.name=private.pem, hdds.profiler.endpoint.enabled=false, hdds.prometheus.endpoint.enabled=true, hdds.public.key.file.name=public.pem, hdds.ratis.client.exponential.backoff.base.sleep=4s, hdds.ratis.client.exponential.backoff.max.retries=2147483647, hdds.ratis.client.exponential.backoff.max.sleep=40s, hdds.ratis.client.multilinear.random.retry.policy=5s, 5, 10s, 5, 15s, 5, 20s, 5, 25s, 5, 60s, 10, hdds.ratis.client.request.watch.timeout=3m, hdds.ratis.client.request.watch.type=ALL_COMMITTED, hdds.ratis.client.request.write.timeout=5m, hdds.ratis.client.retry.policy=org.apache.hadoop.hdds.ratis.retrypolicy.RequestTypeDependentRetryPolicyCreator, hdds.ratis.client.retrylimited.max.retries=180, hdds.ratis.client.retrylimited.retry.interval=1s, hdds.ratis.leader.election.minimum.timeout.duration=5s, hdds.ratis.raft.client.async.outstanding-requests.max=32, hdds.ratis.raft.client.rpc.request.timeout=60s, hdds.ratis.raft.client.rpc.watch.request.timeout=180s, hdds.ratis.raft.grpc.flow.control.window=5MB, hdds.ratis.raft.server.datastream.client.pool.size=10, hdds.ratis.raft.server.datastream.request.threads=20, hdds.ratis.raft.server.delete.ratis.log.directory=true, hdds.ratis.raft.server.leaderelection.pre-vote=true, hdds.ratis.raft.server.log.appender.wait-time.min=0us, hdds.ratis.raft.server.notification.no-leader.timeout=300s, hdds.ratis.raft.server.rpc.request.timeout=60s, hdds.ratis.raft.server.rpc.slowness.timeout=300s, hdds.ratis.raft.server.watch.timeout=30s, hdds.ratis.raft.server.write.element-limit=1024, hdds.ratis.server.num.snapshots.retained=5, hdds.ratis.server.retry-cache.timeout.duration=600000ms, hdds.ratis.snapshot.threshold=100000, hdds.scm.block.deleting.service.interval=60s, hdds.scm.block.deletion.per-interval.max=500000, hdds.scm.block.deletion.txn.dn.commit.map.limit=5000000, hdds.scm.ec.pipeline.choose.policy.impl=org.apache.hadoop.hdds.scm.pipeline.choose.algorithms.RandomPipelineChoosePolicy, hdds.scm.http.auth.kerberos.keytab=/etc/security/keytabs/HTTP.keytab, hdds.scm.http.auth.kerberos.principal=HTTP/_HOST@REALM, hdds.scm.http.auth.type=simple, hdds.scm.kerberos.keytab.file=/etc/security/keytabs/SCM.keytab, hdds.scm.kerberos.principal=SCM/_HOST@REALM, hdds.scm.pipeline.choose.policy.impl=org.apache.hadoop.hdds.scm.pipeline.choose.algorithms.RandomPipelineChoosePolicy, hdds.scm.replication.datanode.delete.container.limit=40, hdds.scm.replication.datanode.reconstruction.weight=3, hdds.scm.replication.datanode.replication.limit=20, hdds.scm.replication.event.timeout=12m, hdds.scm.replication.event.timeout.datanode.offset=6m, hdds.scm.replication.inflight.limit.factor=0.75, hdds.scm.replication.maintenance.remaining.redundancy=1, hdds.scm.replication.maintenance.replica.minimum=2, hdds.scm.replication.over.replicated.interval=30s, hdds.scm.replication.push=true, hdds.scm.replication.thread.interval=300s, hdds.scm.replication.under.replicated.interval=30s, hdds.scm.safemode.atleast.one.node.reported.pipeline.pct=0.90, hdds.scm.safemode.enabled=true, hdds.scm.safemode.healthy.pipeline.pct=0.10, hdds.scm.safemode.min.datanode=3, hdds.scm.safemode.pipeline.creation=true, hdds.scm.safemode.threshold.pct=0.99, hdds.scm.unknown-container.action=WARN, hdds.scm.wait.time.after.safemode.exit=5m, hdds.scmclient.failover.max.retry=15, hdds.scmclient.failover.retry.interval=2s, hdds.scmclient.max.retry.timeout=10m, hdds.scmclient.rpc.timeout=15m, hdds.secret.key.algorithm=HmacSHA256, hdds.secret.key.expiry.duration=9d, hdds.secret.key.file.name=secret_keys.json, hdds.secret.key.rotate.check.duration=10m, hdds.secret.key.rotate.duration=1d, hdds.security.client.datanode.container.protocol.acl=*, hdds.security.client.scm.block.protocol.acl=*, hdds.security.client.scm.certificate.protocol.acl=*, hdds.security.client.scm.container.protocol.acl=*, hdds.security.client.scm.secretkey.datanode.protocol.acl=*, hdds.security.client.scm.secretkey.om.protocol.acl=*, hdds.security.client.scm.secretkey.scm.protocol.acl=*, hdds.security.provider=BC, hdds.tracing.enabled=false, hdds.x509.ca.rotation.ack.timeout=PT15M, hdds.x509.ca.rotation.check.interval=P1D, hdds.x509.ca.rotation.enabled=false, hdds.x509.ca.rotation.time-of-day=02:00:00, hdds.x509.default.duration=P365D, hdds.x509.dir.name=certs, hdds.x509.expired.certificate.check.interval=P1D, hdds.x509.file.name=certificate.crt, hdds.x509.max.duration=P1865D, hdds.x509.renew.grace.duration=P28D, hdds.x509.rootca.certificate.polling.interval=PT2h, hdds.x509.signature.algorithm=SHA256withRSA, hdds.xframe.enabled=true, hdds.xframe.value=SAMEORIGIN, ozone.UnsafeByteOperations.enabled=true, ozone.acl.authorizer.class=org.apache.hadoop.ozone.security.acl.OzoneAccessAuthorizer, ozone.acl.enabled=false, ozone.block.deleting.service.interval=1m, ozone.block.deleting.service.timeout=300000ms, ozone.block.deleting.service.workers=10, ozone.chunk.read.buffer.default.size=1MB, ozone.chunk.read.mapped.buffer.max.count=0, ozone.chunk.read.mapped.buffer.threshold=32KB, ozone.client.bucket.replication.config.refresh.time.ms=30000, ozone.client.bytes.per.checksum=16KB, ozone.client.checksum.combine.mode=COMPOSITE_CRC, ozone.client.checksum.type=CRC32, ozone.client.connection.timeout=5000ms, ozone.client.datastream.buffer.flush.size=4MB, ozone.client.datastream.min.packet.size=256KB, ozone.client.datastream.pipeline.mode=true, ozone.client.datastream.window.size=8MB, ozone.client.ec.grpc.retries.enabled=true, ozone.client.ec.grpc.retries.max=3, ozone.client.ec.grpc.write.timeout=30s, ozone.client.ec.reconstruct.stripe.read.pool.limit=30, ozone.client.ec.reconstruct.stripe.write.pool.limit=30, ozone.client.ec.stripe.queue.size=2, ozone.client.exclude.nodes.expiry.time=600000, ozone.client.failover.max.attempts=500, ozone.client.fs.default.bucket.layout=FILE_SYSTEM_OPTIMIZED, ozone.client.hbase.enhancements.allowed=false, ozone.client.incremental.chunk.list=false, ozone.client.key.latest.version.location=true, ozone.client.key.provider.cache.expiry=10d, ozone.client.key.write.concurrency=1, ozone.client.list.cache=1000, ozone.client.max.ec.stripe.write.retries=10, ozone.client.max.retries=5, ozone.client.read.max.retries=3, ozone.client.read.retry.interval=1, ozone.client.read.timeout=30s, ozone.client.retry.interval=0, ozone.client.server-defaults.validity.period.ms=3600000, ozone.client.socket.timeout=5000ms, ozone.client.stream.buffer.flush.delay=true, ozone.client.stream.buffer.flush.size=1MB, ozone.client.stream.buffer.increment=0B, ozone.client.stream.buffer.max.size=2MB, ozone.client.stream.buffer.size=1MB, ozone.client.stream.putblock.piggybacking=false, ozone.client.verify.checksum=true, ozone.client.wait.between.retries.millis=2000, ozone.compaction.service.enabled=false, ozone.container.cache.lock.stripes=1024, ozone.container.cache.size=1024, ozone.directory.deleting.service.interval=1m, ozone.filesystem.snapshot.enabled=true, ozone.freon.http-address=0.0.0.0:9884, ozone.freon.http-bind-host=0.0.0.0, ozone.freon.http.auth.kerberos.keytab=/etc/security/keytabs/HTTP.keytab, ozone.freon.http.auth.kerberos.principal=HTTP/_HOST@REALM, ozone.freon.http.auth.type=simple, ozone.freon.http.enabled=true, ozone.freon.https-address=0.0.0.0:9885, ozone.freon.https-bind-host=0.0.0.0, ozone.fs.datastream.auto.threshold=4MB, ozone.fs.datastream.enabled=false, ozone.fs.hsync.enabled=false, ozone.fs.iterate.batch-size=100, ozone.fs.listing.page.size=1024, ozone.fs.listing.page.size.max=5000, ozone.hbase.enhancements.allowed=false, ozone.http.policy=HTTP_ONLY, ozone.https.client.keystore.resource=ssl-client.xml, ozone.https.client.need-auth=false, ozone.https.server.keystore.resource=ssl-server.xml, ozone.key.deleting.limit.per.task=50000, ozone.key.preallocation.max.blocks=64, ozone.manager.delegation.remover.scan.interval=3600000, ozone.manager.delegation.token.max-lifetime=7d, ozone.manager.delegation.token.renew-interval=1d, ozone.metadata.dirs.permissions=750, ozone.metastore.rocksdb.cf.write.buffer.size=128MB, ozone.metastore.rocksdb.statistics=OFF, ozone.network.flexible.fqdn.resolution.enabled=false, ozone.network.jvm.address.cache.enabled=true, ozone.network.topology.aware.read=true, ozone.om.address=0.0.0.0:9862, ozone.om.admin.protocol.max.retries=20, ozone.om.admin.protocol.wait.between.retries=1000, ozone.om.client.rpc.timeout=15m, ozone.om.client.trash.core.pool.size=5, ozone.om.compaction.service.columnfamilies=keyTable,fileTable,directoryTable,deletedTable,deletedDirectoryTable,multipartInfoTable, ozone.om.compaction.service.run.interval=6h, ozone.om.compaction.service.timeout=10m, ozone.om.container.location.cache.size=100000, ozone.om.container.location.cache.ttl=360m, ozone.om.db.dirs.permissions=750, ozone.om.db.max.open.files=-1, ozone.om.delta.update.data.size.max.limit=1024MB, ozone.om.edekcacheloader.initial.delay.ms=3000, ozone.om.edekcacheloader.interval.ms=1000, ozone.om.edekcacheloader.max-retries=10, ozone.om.enable.filesystem.paths=false, ozone.om.enable.ofs.shared.tmp.dir=false, ozone.om.fs.snapshot.max.limit=10000, ozone.om.group.rights=READ, LIST, ozone.om.grpc.bossgroup.size=8, ozone.om.grpc.maximum.response.length=134217728, ozone.om.grpc.port=8981, ozone.om.grpc.read.thread.num=32, ozone.om.grpc.workergroup.size=32, ozone.om.ha.raft.server.log.appender.wait-time.min=0ms, ozone.om.ha.raft.server.retrycache.expirytime=300s, ozone.om.handler.count.key=20, ozone.om.http-address=0.0.0.0:9874, ozone.om.http-bind-host=0.0.0.0, ozone.om.http.auth.kerberos.keytab=/etc/security/keytabs/HTTP.keytab, ozone.om.http.auth.kerberos.principal=HTTP/_HOST@REALM, ozone.om.http.auth.type=simple, ozone.om.http.enabled=true, ozone.om.https-address=0.0.0.0:9875, ozone.om.https-bind-host=0.0.0.0, ozone.om.kerberos.keytab.file=/etc/security/keytabs/OM.keytab, ozone.om.kerberos.principal=OM/_HOST@REALM, ozone.om.kerberos.principal.pattern=*, ozone.om.key.path.lock.enabled=false, ozone.om.keyname.character.check.enabled=false, ozone.om.leader.election.minimum.timeout.duration=5s, ozone.om.lease.hard.limit=7d, ozone.om.lease.soft.limit=60s, ozone.om.lock.fair=false, ozone.om.max.buckets=100000, ozone.om.multitenancy.enabled=false, ozone.om.multitenancy.ranger.sync.interval=10m, ozone.om.multitenancy.ranger.sync.timeout=10s, ozone.om.namespace.s3.strict=true, ozone.om.network.topology.refresh.duration=1h, ozone.om.open.key.cleanup.limit.per.task=1000, ozone.om.open.key.cleanup.service.interval=24h, ozone.om.open.key.cleanup.service.timeout=300s, ozone.om.open.key.expire.threshold=7d, ozone.om.open.mpu.cleanup.service.interval=24h, ozone.om.open.mpu.cleanup.service.timeout=300s, ozone.om.open.mpu.expire.threshold=30d, ozone.om.open.mpu.parts.cleanup.limit.per.task=1000, ozone.om.ratis.log.appender.queue.byte-limit=4MB, ozone.om.ratis.log.appender.queue.num-elements=1024, ozone.om.ratis.log.purge.gap=1000000, ozone.om.ratis.log.purge.preservation.log.num=0, ozone.om.ratis.log.purge.upto.snapshot.index=true, ozone.om.ratis.minimum.timeout=5s, ozone.om.ratis.port=9872, ozone.om.ratis.rpc.type=GRPC, ozone.om.ratis.segment.preallocated.size=4MB, ozone.om.ratis.segment.size=64MB, ozone.om.ratis.server.close.threshold=60s, ozone.om.ratis.server.failure.timeout.duration=120s, ozone.om.ratis.server.leaderelection.pre-vote=true, ozone.om.ratis.server.pending.write.byte-limit=64MB, ozone.om.ratis.server.pending.write.element-limit=4096, ozone.om.ratis.server.request.timeout=3s, ozone.om.ratis.server.retry.cache.timeout=600000ms, ozone.om.ratis.snapshot.max.total.sst.size=100000000, ozone.om.read.threadpool=10, ozone.om.s3.grpc.server_enabled=false, ozone.om.save.metrics.interval=5m, ozone.om.security.admin.protocol.acl=*, ozone.om.security.client.protocol.acl=*, ozone.om.server.list.max.size=1000, ozone.om.snapshot.cache.cleanup.service.run.interval=1m, ozone.om.snapshot.cache.max.size=10, ozone.om.snapshot.checkpoint.dir.creation.poll.timeout=20s, ozone.om.snapshot.compact.non.snapshot.diff.tables=false, ozone.om.snapshot.compaction.dag.max.time.allowed=30d, ozone.om.snapshot.compaction.dag.prune.daemon.run.interval=3600s, ozone.om.snapshot.db.max.open.files=100, ozone.om.snapshot.diff.cleanup.service.run.interval=1m, ozone.om.snapshot.diff.cleanup.service.timeout=5m, ozone.om.snapshot.diff.disable.native.libs=false, ozone.om.snapshot.diff.job.default.wait.time=1s, ozone.om.snapshot.diff.job.report.persistent.time=7d, ozone.om.snapshot.diff.max.allowed.keys.changed.per.job=10000000, ozone.om.snapshot.diff.max.jobs.purge.per.task=100, ozone.om.snapshot.diff.max.page.size=1000, ozone.om.snapshot.diff.thread.pool.size=10, ozone.om.snapshot.force.full.diff=false, ozone.om.snapshot.load.native.lib=true, ozone.om.snapshot.provider.connection.timeout=5000s, ozone.om.snapshot.provider.request.timeout=300000ms, ozone.om.snapshot.provider.socket.timeout=5000s, ozone.om.snapshot.prune.compaction.backup.batch.size=2000, ozone.om.snapshot.rocksdb.metrics.enabled=false, ozone.om.transport.class=org.apache.hadoop.ozone.om.protocolPB.Hadoop3OmTransportFactory, ozone.om.unflushed.transaction.max.count=10000, ozone.om.upgrade.finalization.ratis.based.timeout=30s, ozone.om.upgrade.quota.recalculate.enabled=true, ozone.om.user.max.volume=1024, ozone.om.user.rights=ALL, ozone.om.volume.listall.allowed=true, ozone.recon.containerkey.flush.db.max.threshold=150000, ozone.recon.db.dirs.permissions=750, ozone.recon.heatmap.enable=false, ozone.recon.http-address=0.0.0.0:9888, ozone.recon.http-bind-host=0.0.0.0, ozone.recon.http.auth.kerberos.keytab=/etc/security/keytabs/HTTP.keytab, ozone.recon.http.auth.kerberos.principal=HTTP/_HOST@REALM, ozone.recon.http.auth.type=simple, ozone.recon.http.enabled=true, ozone.recon.https-address=0.0.0.0:9889, ozone.recon.https-bind-host=0.0.0.0, ozone.recon.nssummary.flush.db.max.threshold=150000, ozone.recon.om.connection.request.timeout=5000, ozone.recon.om.connection.timeout=5s, ozone.recon.om.snapshot.task.flush.param=false, ozone.recon.om.snapshot.task.initial.delay=1m, ozone.recon.om.snapshot.task.interval.delay=5s, ozone.recon.om.socket.timeout=5s, ozone.recon.scm.connection.request.timeout=5s, ozone.recon.scm.connection.timeout=5s, ozone.recon.scm.container.threshold=100, ozone.recon.scm.snapshot.enabled=true, ozone.recon.scm.snapshot.task.initial.delay=1m, ozone.recon.scm.snapshot.task.interval.delay=24h, ozone.recon.scmclient.failover.max.retry=3, ozone.recon.scmclient.max.retry.timeout=6s, ozone.recon.scmclient.rpc.timeout=1m, ozone.recon.security.client.datanode.container.protocol.acl=*, ozone.recon.sql.db.auto.commit=true, ozone.recon.sql.db.conn.idle.max.age=3600s, ozone.recon.sql.db.conn.idle.test=SELECT 1, ozone.recon.sql.db.conn.idle.test.period=60s, ozone.recon.sql.db.conn.max.active=5, ozone.recon.sql.db.conn.max.age=1800s, ozone.recon.sql.db.conn.timeout=30000ms, ozone.recon.sql.db.driver=org.apache.derby.jdbc.EmbeddedDriver, ozone.recon.sql.db.jdbc.url=jdbc:derby:${ozone.recon.db.dir}/ozone_recon_derby.db, ozone.recon.sql.db.jooq.dialect=DERBY, ozone.recon.task.containercounttask.interval=60s, ozone.recon.task.missingcontainer.interval=300s, ozone.recon.task.pipelinesync.interval=300s, ozone.recon.task.safemode.wait.threshold=300s, ozone.recon.task.thread.count=1, ozone.replication.allowed-configs=^((STANDALONE|RATIS)/(ONE|THREE))|(EC/(3-2|6-3|10-4)-(512|1024|2048|4096)k)$, ozone.rest.client.http.connection.max=100, ozone.rest.client.http.connection.per-route.max=20, ozone.s3g.client.buffer.size=4MB, ozone.s3g.default.bucket.layout=OBJECT_STORE, ozone.s3g.http-address=0.0.0.0:9878, ozone.s3g.http-bind-host=0.0.0.0, ozone.s3g.http.auth.kerberos.keytab=/etc/security/keytabs/HTTP.keytab, ozone.s3g.http.auth.kerberos.principal=HTTP/_HOST@REALM, ozone.s3g.http.auth.type=simple, ozone.s3g.http.enabled=true, ozone.s3g.https-address=0.0.0.0:9879, ozone.s3g.kerberos.keytab.file=/etc/security/keytabs/s3g.keytab, ozone.s3g.kerberos.principal=s3g/_HOST@REALM, ozone.s3g.list-keys.shallow.enabled=true, ozone.s3g.list.max.keys.limit=1000, ozone.s3g.metrics.percentiles.intervals.seconds=60, ozone.s3g.secret.http.auth.type=kerberos, ozone.s3g.secret.http.enabled=false, ozone.s3g.volume.name=s3v, ozone.s3g.webadmin.http-address=0.0.0.0:19878, ozone.s3g.webadmin.http-bind-host=0.0.0.0, ozone.s3g.webadmin.http.enabled=true, ozone.s3g.webadmin.https-address=0.0.0.0:19879, ozone.scm.block.client.bind.host=0.0.0.0, ozone.scm.block.client.port=9863, ozone.scm.block.deletion.max.retry=4096, ozone.scm.block.deletion.per.dn.distribution.factor=8, ozone.scm.block.handler.count.key=100, ozone.scm.block.read.threadpool=10, ozone.scm.block.size=4MB, ozone.scm.ca.list.retry.interval=10s, ozone.scm.chunk.size=1MB, ozone.scm.client.bind.host=0.0.0.0, ozone.scm.client.handler.count.key=100, ozone.scm.client.port=9860, ozone.scm.client.read.threadpool=10, ozone.scm.close.container.wait.duration=1s, ozone.scm.container.layout=FILE_PER_BLOCK, ozone.scm.container.list.max.count=4096, ozone.scm.container.lock.stripes=512, ozone.scm.container.placement.ec.impl=org.apache.hadoop.hdds.scm.container.placement.algorithms.SCMContainerPlacementRackScatter, ozone.scm.container.placement.impl=org.apache.hadoop.hdds.scm.container.placement.algorithms.SCMContainerPlacementRackAware, ozone.scm.container.size=128MB, ozone.scm.datanode.admin.monitor.interval=30s, ozone.scm.datanode.admin.monitor.logging.limit=1000, ozone.scm.datanode.disallow.same.peers=false, ozone.scm.datanode.handler.count.key=100, ozone.scm.datanode.pipeline.limit=2, ozone.scm.datanode.port=9861, ozone.scm.datanode.ratis.volume.free-space.min=1GB, ozone.scm.datanode.read.threadpool=10, ozone.scm.db.dirs.permissions=750, ozone.scm.dead.node.interval=10m, ozone.scm.ec.pipeline.minimum=5, ozone.scm.ec.pipeline.per.volume.factor=1, ozone.scm.event.ContainerReport.thread.pool.size=10, ozone.scm.expired.container.replica.op.scrub.interval=5m, ozone.scm.grpc.port=9895, ozone.scm.ha.dbtransactionbuffer.flush.interval=60s, ozone.scm.ha.grpc.deadline.interval=30m, ozone.scm.ha.raft.server.log.appender.wait-time.min=0ms, ozone.scm.ha.ratis.leader.election.timeout=5s, ozone.scm.ha.ratis.leader.ready.check.interval=2s, ozone.scm.ha.ratis.leader.ready.wait.timeout=60s, ozone.scm.ha.ratis.log.appender.queue.byte-limit=4MB, ozone.scm.ha.ratis.log.appender.queue.num-elements=1024, ozone.scm.ha.ratis.log.purge.enabled=false, ozone.scm.ha.ratis.log.purge.gap=1000000, ozone.scm.ha.ratis.request.timeout=30s, ozone.scm.ha.ratis.rpc.type=GRPC, ozone.scm.ha.ratis.segment.preallocated.size=4MB, ozone.scm.ha.ratis.segment.size=64MB, ozone.scm.ha.ratis.server.failure.timeout.duration=120s, ozone.scm.ha.ratis.server.leaderelection.pre-vote=true, ozone.scm.ha.ratis.server.retry.cache.timeout=60s, ozone.scm.ha.ratis.server.snapshot.creation.gap=1024, ozone.scm.ha.ratis.snapshot.threshold=1000, ozone.scm.handler.count.key=20, ozone.scm.heartbeat.log.warn.interval.count=10, ozone.scm.heartbeat.rpc-retry-count=15, ozone.scm.heartbeat.rpc-retry-interval=1s, ozone.scm.heartbeat.rpc-timeout=5s, ozone.scm.heartbeat.thread.interval=100ms, ozone.scm.http-address=0.0.0.0:9876, ozone.scm.http-bind-host=0.0.0.0, ozone.scm.http.enabled=true, ozone.scm.https-address=0.0.0.0:9877, ozone.scm.https-bind-host=0.0.0.0, ozone.scm.info.wait.duration=10m, ozone.scm.keyvalue.container.deletion-choosing.policy=org.apache.hadoop.ozone.container.common.impl.TopNOrderedContainerDeletionChoosingPolicy, ozone.scm.network.topology.schema.file=network-topology-default.xml, ozone.scm.pipeline.allocated.timeout=5m, ozone.scm.pipeline.creation.auto.factor.one=true, ozone.scm.pipeline.creation.interval=120s, ozone.scm.pipeline.destroy.timeout=66s, ozone.scm.pipeline.leader-choose.policy=org.apache.hadoop.hdds.scm.pipeline.leader.choose.algorithms.MinLeaderCountChoosePolicy, ozone.scm.pipeline.owner.container.count=3, ozone.scm.pipeline.per.metadata.disk=2, ozone.scm.pipeline.scrub.interval=5m, ozone.scm.ratis.pipeline.limit=3, ozone.scm.ratis.port=9894, ozone.scm.security.handler.count.key=2, ozone.scm.security.read.threadpool=1, ozone.scm.security.service.bind.host=0.0.0.0, ozone.scm.security.service.port=9961, ozone.scm.sequence.id.batch.size=1000, ozone.scm.skip.bootstrap.validation=false, ozone.scm.stale.node.interval=5m, ozone.security.crypto.compliance.mode=unrestricted, ozone.security.enabled=false, ozone.security.http.kerberos.enabled=false, ozone.security.reconfigure.protocol.acl=*, ozone.server.default.replication=3, ozone.server.default.replication.type=RATIS, ozone.service.shutdown.timeout=60s, ozone.snapshot.deep.cleaning.enabled=false, ozone.snapshot.deleting.limit.per.task=10, ozone.snapshot.deleting.service.interval=30s, ozone.snapshot.deleting.service.timeout=300s, ozone.snapshot.directory.service.interval=24h, ozone.snapshot.directory.service.timeout=300s, ozone.snapshot.filtering.limit.per.task=2, ozone.snapshot.filtering.service.interval=1m, ozone.snapshot.key.deleting.limit.per.task=20000, ozone.sst.filtering.service.timeout=300000ms, ozone.volume.io.percentiles.intervals.seconds=60, ozone.xceiver.client.metrics.percentiles.intervals.seconds=60, recon.om.delta.update.lag.threshold=0, recon.om.delta.update.limit=50000, scm.container.client.idle.threshold=10s, scm.container.client.max.size=256}
************************************************************/
2025-07-27 04:39:20,281 [ForkJoinPool-1-worker-1] INFO  recon.ReconServer (SignalLogger.java:register(99)) - registered UNIX signal handlers for [SIGHUP, SIGINT, SIGTERM]
2025-07-27 04:39:20,491 [ForkJoinPool-1-worker-1] INFO  reflections.Reflections (Reflections.java:scan(219)) - Reflections took 9 ms to scan 1 urls, producing 23 keys and 86 values
2025-07-27 04:39:20,635 [ForkJoinPool-1-worker-1] INFO  recon.ReconServer (ReconServer.java:call(118)) - Initializing Recon server...
2025-07-27 04:39:20,672 [ForkJoinPool-1-worker-1] INFO  persistence.DefaultDataSourceProvider (DefaultDataSourceProvider.java:get(49)) - JDBC Url for Recon : jdbc:derby:/home/runner/work/ozone/ozone/hadoop-ozone/integration-test-recon/target/test-dir/MiniOzoneClusterImpl-1e09403d-52eb-479c-879f-dc89daf7eeb0/ozone-meta/recon/ozone_recon_derby.db 
2025-07-27 04:39:21,124 [ForkJoinPool-1-worker-1] INFO  schema.SqlDbUtils (SqlDbUtils.java:createNewDerbyDatabase(83)) - Created derby database at jdbc:derby:/home/runner/work/ozone/ozone/hadoop-ozone/integration-test-recon/target/test-dir/MiniOzoneClusterImpl-1e09403d-52eb-479c-879f-dc89daf7eeb0/ozone-meta/recon/ozone_recon_derby.db.
2025-07-27 04:39:21,198 [om1@group-C5BA1605619E-FollowerState] INFO  impl.FollowerState (FollowerState.java:runImpl(161)) - om1@group-C5BA1605619E-FollowerState: change to CANDIDATE, lastRpcElapsedTime:1173969024ns, electionTimeout:1173ms
2025-07-27 04:39:21,198 [om1@group-C5BA1605619E-FollowerState] INFO  impl.RoleInfo (RoleInfo.java:shutdownFollowerState(121)) - om1: shutdown om1@group-C5BA1605619E-FollowerState
2025-07-27 04:39:21,198 [om1@group-C5BA1605619E-FollowerState] INFO  server.RaftServer$Division (RaftServerImpl.java:setRole(392)) - om1@group-C5BA1605619E: changes role from  FOLLOWER to CANDIDATE at term 0 for changeToCandidate
2025-07-27 04:39:21,198 [om1@group-C5BA1605619E-FollowerState] INFO  impl.RoleInfo (RoleInfo.java:updateAndGet(148)) - om1: start om1@group-C5BA1605619E-LeaderElection3
2025-07-27 04:39:21,199 [om1@group-C5BA1605619E-LeaderElection3] INFO  impl.LeaderElection (LeaderElection.java:askForVotes(448)) - om1@group-C5BA1605619E-LeaderElection3 PRE_VOTE round 0: submit vote requests at term 0 for conf: {index: -1, cur=peers:[om1|localhost:15011]|listeners:[], old=null}
2025-07-27 04:39:21,199 [om1@group-C5BA1605619E-LeaderElection3] INFO  impl.LeaderElection (LeaderElection.java:askForVotes(450)) - om1@group-C5BA1605619E-LeaderElection3 PRE_VOTE round 0: result PASSED (term=0)
2025-07-27 04:39:21,200 [om1@group-C5BA1605619E-LeaderElection3] INFO  impl.LeaderElection (LeaderElection.java:askForVotes(448)) - om1@group-C5BA1605619E-LeaderElection3 ELECTION round 0: submit vote requests at term 1 for conf: {index: -1, cur=peers:[om1|localhost:15011]|listeners:[], old=null}
2025-07-27 04:39:21,200 [om1@group-C5BA1605619E-LeaderElection3] INFO  impl.LeaderElection (LeaderElection.java:askForVotes(450)) - om1@group-C5BA1605619E-LeaderElection3 ELECTION round 0: result PASSED (term=1)
2025-07-27 04:39:21,200 [om1@group-C5BA1605619E-LeaderElection3] INFO  impl.RoleInfo (RoleInfo.java:shutdownLeaderElection(141)) - om1: shutdown om1@group-C5BA1605619E-LeaderElection3
2025-07-27 04:39:21,200 [om1@group-C5BA1605619E-LeaderElection3] INFO  server.RaftServer$Division (RaftServerImpl.java:setRole(392)) - om1@group-C5BA1605619E: changes role from CANDIDATE to LEADER at term 1 for changeToLeader
2025-07-27 04:39:21,200 [om1@group-C5BA1605619E-LeaderElection3] INFO  server.RaftServerConfigKeys (ConfUtils.java:logFallback(69)) - raft.server.staging.timeout = 3600ms (fallback to raft.server.rpc.timeout.max)
2025-07-27 04:39:21,201 [om1@group-C5BA1605619E-LeaderElection3] INFO  server.RaftServerConfigKeys (ConfUtils.java:logGet(62)) - raft.server.write.byte-limit = 67108864 (custom)
2025-07-27 04:39:21,202 [om1@group-C5BA1605619E-LeaderElection3] INFO  impl.RoleInfo (RoleInfo.java:updateAndGet(148)) - om1: start om1@group-C5BA1605619E-LeaderStateImpl
2025-07-27 04:39:21,202 [om1@group-C5BA1605619E-LeaderElection3] INFO  server.RaftServer$Division (RaftServerImpl.java:setFirstElection(576)) - om1@group-C5BA1605619E: set firstElectionSinceStartup to false for becomeLeader
2025-07-27 04:39:21,204 [om1@group-C5BA1605619E-LeaderElection3] INFO  ratis.OzoneManagerStateMachine (OzoneManagerStateMachine.java:notifyLeaderChanged(174)) - om1@group-C5BA1605619E: leader changed to om1
2025-07-27 04:39:21,204 [om1@group-C5BA1605619E-LeaderElection3] INFO  server.RaftServer$Division (ServerState.java:setLeader(272)) - om1@group-C5BA1605619E: change Leader from null to om1 at term 1 for becomeLeader, leader elected after 2113ms
2025-07-27 04:39:21,204 [om1@group-C5BA1605619E-LeaderElection3] INFO  segmented.SegmentedRaftLogWorker (SegmentedRaftLogWorker.java:startLogSegment(440)) - om1@group-C5BA1605619E-SegmentedRaftLogWorker: Starting segment from index:0
2025-07-27 04:39:21,205 [om1@group-C5BA1605619E-LeaderElection3] INFO  server.RaftServer$Division (ServerState.java:setRaftConf(386)) - om1@group-C5BA1605619E: set configuration conf: {index: 0, cur=peers:[om1|localhost:15011]|listeners:[], old=null}
2025-07-27 04:39:21,205 [om1@group-C5BA1605619E-SegmentedRaftLogWorker] INFO  segmented.BufferedWriteChannel (BufferedWriteChannel.java:open(61)) - open log_inprogress_0 at position 0
2025-07-27 04:39:21,211 [om1@group-C5BA1605619E-SegmentedRaftLogWorker] INFO  segmented.SegmentedRaftLogWorker (SegmentedRaftLogWorker.java:execute(647)) - om1@group-C5BA1605619E-SegmentedRaftLogWorker: created new log segment /home/runner/work/ozone/ozone/hadoop-ozone/integration-test-recon/target/test-dir/MiniOzoneClusterImpl-1e09403d-52eb-479c-879f-dc89daf7eeb0/ozone-meta/ratis/bf265839-605b-3f16-9796-c5ba1605619e/current/log_inprogress_0
2025-07-27 04:39:21,212 [om1@group-C5BA1605619E-StateMachineUpdater] INFO  ratis.OzoneManagerStateMachine (OzoneManagerStateMachine.java:notifyConfigurationChanged(236)) - notifyConfigurationChanged from Ratis: term=1, index=0, New Peer list: om1(localhost:15011)
2025-07-27 04:39:21,213 [om1@group-C5BA1605619E-StateMachineUpdater] INFO  server.RaftServer$Division (LeaderStateImpl.java:checkStartIndex(309)) - Leader om1@group-C5BA1605619E-LeaderStateImpl is ready since appliedIndex == startIndex == 0
2025-07-27 04:39:21,278 [ForkJoinPool-1-worker-1] INFO  impl.ReconContainerMetadataManagerImpl (ReconContainerMetadataManagerImpl.java:initializeTables(142)) - KEY_CONTAINER Table is empty, initializing from CONTAINER_KEY Table ...
2025-07-27 04:39:21,278 [ForkJoinPool-1-worker-1] INFO  impl.ReconContainerMetadataManagerImpl (ReconContainerMetadataManagerImpl.java:initializeKeyContainerTable(694)) - It took 0.0 seconds to initialized 0 records to KEY_CONTAINER table
2025-07-27 04:39:21,296 [ForkJoinPool-1-worker-1] INFO  persistence.DefaultDataSourceProvider (DefaultDataSourceProvider.java:get(49)) - JDBC Url for Recon : jdbc:derby:/home/runner/work/ozone/ozone/hadoop-ozone/integration-test-recon/target/test-dir/MiniOzoneClusterImpl-1e09403d-52eb-479c-879f-dc89daf7eeb0/ozone-meta/recon/ozone_recon_derby.db 
2025-07-27 04:39:21,300 [ForkJoinPool-1-worker-1] INFO  schema.SqlDbUtils (SqlDbUtils.java:createNewDerbyDatabase(83)) - Created derby database at jdbc:derby:/home/runner/work/ozone/ozone/hadoop-ozone/integration-test-recon/target/test-dir/MiniOzoneClusterImpl-1e09403d-52eb-479c-879f-dc89daf7eeb0/ozone-meta/recon/ozone_recon_derby.db.
2025-07-27 04:39:21,301 [ForkJoinPool-1-worker-1] INFO  recon.ReconServer (ReconServer.java:call(145)) - Creating Recon Schema.
2025-07-27 04:39:21,653 [ForkJoinPool-1-worker-1] INFO  schema.SchemaVersionTableDefinition (SchemaVersionTableDefinition.java:insertInitialSLV(95)) - Inserted initial SLV '2' into SchemaVersion table.
2025-07-27 04:39:21,713 [ForkJoinPool-1-worker-1] INFO  schema.ContainerSchemaDefinition (ContainerSchemaDefinition.java:initializeSchema(60)) - UNHEALTHY_CONTAINERS is missing creating new one.
2025-07-27 04:39:21,738 [ForkJoinPool-1-worker-1] INFO  recon.ReconServer (ReconServer.java:call(149)) - Finalizing Layout Features.
2025-07-27 04:39:21,769 [ForkJoinPool-1-worker-1] INFO  reflections.Reflections (Reflections.java:scan(219)) - Reflections took 2 ms to scan 1 urls, producing 6 keys and 11 values
2025-07-27 04:39:21,773 [ForkJoinPool-1-worker-1] INFO  upgrade.ReconLayoutVersionManager (ReconLayoutVersionManager.java:getRegisteredFeatures(133)) - Current MLV: 2. SLV: 2. Checking features for registration...
2025-07-27 04:39:21,774 [ForkJoinPool-1-worker-1] INFO  recon.ReconServer (ReconServer.java:call(160)) - Recon schema versioning completed.
2025-07-27 04:39:21,775 [ForkJoinPool-1-worker-1] INFO  http.BaseHttpServer (BaseHttpServer.java:newHttpServer2BuilderForOzone(229)) - Starting Web-server for recon at: http://0.0.0.0:15000
2025-07-27 04:39:21,775 [ForkJoinPool-1-worker-1] INFO  http.BaseHttpServer (BaseHttpServer.java:<init>(107)) - Hadoop Security Enabled: false Ozone Security Enabled: false Ozone HTTP Security Enabled: false 
2025-07-27 04:39:21,777 [ForkJoinPool-1-worker-1] WARN  server.AuthenticationFilter (AuthenticationFilter.java:constructSecretProvider(240)) - Unable to initialize FileSignerSecretProvider, falling back to use random secrets. Reason: Could not read signature secret file: /home/runner/hadoop-http-auth-signature-secret
2025-07-27 04:39:21,780 [ForkJoinPool-1-worker-1] INFO  http.HttpServer2 (HttpServer2.java:addGlobalFilter(1042)) - Added global filter 'safety' (class=org.apache.hadoop.hdds.server.http.HttpServer2$QuotingInputFilter)
2025-07-27 04:39:21,781 [ForkJoinPool-1-worker-1] INFO  http.HttpServer2 (HttpServer2.java:addFilter(1018)) - Added filter static_user_filter (class=org.apache.hadoop.http.lib.StaticUserWebFilter$StaticUserFilter) to context recon
2025-07-27 04:39:21,781 [ForkJoinPool-1-worker-1] INFO  http.HttpServer2 (HttpServer2.java:addFilter(1026)) - Added filter static_user_filter (class=org.apache.hadoop.http.lib.StaticUserWebFilter$StaticUserFilter) to context logs
2025-07-27 04:39:21,781 [ForkJoinPool-1-worker-1] INFO  http.HttpServer2 (HttpServer2.java:addFilter(1026)) - Added filter static_user_filter (class=org.apache.hadoop.http.lib.StaticUserWebFilter$StaticUserFilter) to context static
2025-07-27 04:39:21,782 [ForkJoinPool-1-worker-1] INFO  http.BaseHttpServer (BaseHttpServer.java:<init>(195)) - HTTP server of recon uses base directory /home/runner/work/ozone/ozone/hadoop-ozone/integration-test-recon/target/test-dir/MiniOzoneClusterImpl-1e09403d-52eb-479c-879f-dc89daf7eeb0/ozone-meta/webserver
2025-07-27 04:39:21,795 [ForkJoinPool-1-worker-1] INFO  tasks.ReconTaskControllerImpl (ReconTaskControllerImpl.java:registerTask(82)) - Registered task ContainerKeyMapperTaskFSO with controller.
2025-07-27 04:39:21,796 [ForkJoinPool-1-worker-1] INFO  tasks.ReconTaskControllerImpl (ReconTaskControllerImpl.java:registerTask(82)) - Registered task ContainerKeyMapperTaskOBS with controller.
2025-07-27 04:39:21,796 [ForkJoinPool-1-worker-1] INFO  tasks.ReconTaskControllerImpl (ReconTaskControllerImpl.java:registerTask(82)) - Registered task FileSizeCountTaskFSO with controller.
2025-07-27 04:39:21,796 [ForkJoinPool-1-worker-1] INFO  tasks.ReconTaskControllerImpl (ReconTaskControllerImpl.java:registerTask(82)) - Registered task FileSizeCountTaskOBS with controller.
2025-07-27 04:39:21,796 [ForkJoinPool-1-worker-1] INFO  tasks.ReconTaskControllerImpl (ReconTaskControllerImpl.java:registerTask(82)) - Registered task OmTableInsightTask with controller.
2025-07-27 04:39:21,797 [ForkJoinPool-1-worker-1] INFO  tasks.ReconTaskControllerImpl (ReconTaskControllerImpl.java:registerTask(82)) - Registered task NSSummaryTask with controller.
2025-07-27 04:39:21,797 [ForkJoinPool-1-worker-1] INFO  ozone.OmUtils (OmUtils.java:getOzoneManagerServiceId(723)) - ozone.om.internal.service.id is not defined, falling back to ozone.om.service.ids to find serviceID for OzoneManager if it is HA enabled cluster
2025-07-27 04:39:21,797 [ForkJoinPool-1-worker-1] INFO  ozone.OmUtils (OmUtils.java:getOzoneManagerServiceId(742)) - No OzoneManager ServiceID configured.
2025-07-27 04:39:21,901 [ForkJoinPool-1-worker-1] INFO  proxy.SCMContainerLocationFailoverProxyProvider (SCMFailoverProxyProviderBase.java:<init>(120)) - Created fail-over proxy for protocol StorageContainerLocationProtocolPB with 1 nodes: [nodeId=scmNodeId,nodeAddress=/0.0.0.0:15002]
2025-07-27 04:39:21,905 [ForkJoinPool-1-worker-1] INFO  net.NodeSchemaLoader (NodeSchemaLoader.java:loadSchemaFromFile(128)) - Loading schema from [jar:file:/home/runner/work/ozone/ozone/hadoop-hdds/common/target/hdds-common-2.1.0-SNAPSHOT.jar!/network-topology-default.xml]
2025-07-27 04:39:21,905 [ForkJoinPool-1-worker-1] INFO  net.NodeSchemaLoader (NodeSchemaLoader.java:loadSchema(175)) - Loading network topology layer schema file
2025-07-27 04:39:21,966 [ForkJoinPool-1-worker-1] INFO  upgrade.AbstractLayoutVersionManager (AbstractLayoutVersionManager.java:init(80)) - Initializing Layout version manager with metadata layout = WITNESSED_CONTAINER_DB_PROTO_VALUE (version = 9), software layout = WITNESSED_CONTAINER_DB_PROTO_VALUE (version = 9)
2025-07-27 04:39:21,968 [ForkJoinPool-1-worker-1] INFO  ha.SequenceIdGenerator (SequenceIdGenerator.java:<init>(231)) - Init the HA SequenceIdGenerator.
2025-07-27 04:39:21,969 [ForkJoinPool-1-worker-1] WARN  server.ServerUtils (ServerUtils.java:sanitizeUserArgs(76)) - ozone.scm.stale.node.interval value = 300000 is larger than max = 100000 based on the key value of ozone.scm.heartbeat.thread.interval, reset to the max value 100000.
2025-07-27 04:39:21,969 [ForkJoinPool-1-worker-1] WARN  server.ServerUtils (ServerUtils.java:sanitizeUserArgs(76)) - ozone.scm.stale.node.interval value = 300000 is larger than max = 100000 based on the key value of ozone.scm.heartbeat.thread.interval, reset to the max value 100000.
2025-07-27 04:39:21,970 [ForkJoinPool-1-worker-1] INFO  node.SCMNodeManager (SCMNodeManager.java:<init>(180)) - Entering startup safe mode.
2025-07-27 04:39:21,971 [ForkJoinPool-1-worker-1] INFO  scm.ReconNodeManager (ReconNodeManager.java:loadExistingNodes(124)) - Loaded 0 nodes from node DB.
2025-07-27 04:39:21,971 [ForkJoinPool-1-worker-1] INFO  algorithms.ContainerPlacementPolicyFactory (ContainerPlacementPolicyFactory.java:getPolicyInternal(83)) - Create container placement policy of type org.apache.hadoop.hdds.scm.container.placement.algorithms.SCMContainerPlacementRackAware
2025-07-27 04:39:21,972 [ForkJoinPool-1-worker-1] INFO  ipc.CallQueueManager (CallQueueManager.java:<init>(93)) - Using callQueue: class java.util.concurrent.LinkedBlockingQueue, queueCapacity: 10000, scheduler: class org.apache.hadoop.ipc.DefaultRpcScheduler, ipcBackoff: false, ipcFailOver: false.
2025-07-27 04:39:21,973 [ForkJoinPool-1-worker-1] INFO  ipc.Server (Server.java:<init>(1438)) - Listener at 0.0.0.0:15001
2025-07-27 04:39:21,973 [Socket Reader #1 for port 15001] INFO  ipc.Server (Server.java:run(1474)) - Starting Socket Reader #1 for port 15001
2025-07-27 04:39:21,974 [Socket Reader #2 for port 15001] INFO  ipc.Server (Server.java:run(1474)) - Starting Socket Reader #2 for port 15001
2025-07-27 04:39:21,974 [Socket Reader #5 for port 15001] INFO  ipc.Server (Server.java:run(1474)) - Starting Socket Reader #5 for port 15001
2025-07-27 04:39:21,974 [Socket Reader #4 for port 15001] INFO  ipc.Server (Server.java:run(1474)) - Starting Socket Reader #4 for port 15001
2025-07-27 04:39:21,975 [Socket Reader #6 for port 15001] INFO  ipc.Server (Server.java:run(1474)) - Starting Socket Reader #6 for port 15001
2025-07-27 04:39:21,974 [Socket Reader #3 for port 15001] INFO  ipc.Server (Server.java:run(1474)) - Starting Socket Reader #3 for port 15001
2025-07-27 04:39:21,975 [Socket Reader #7 for port 15001] INFO  ipc.Server (Server.java:run(1474)) - Starting Socket Reader #7 for port 15001
2025-07-27 04:39:21,975 [Socket Reader #8 for port 15001] INFO  ipc.Server (Server.java:run(1474)) - Starting Socket Reader #8 for port 15001
2025-07-27 04:39:21,976 [Socket Reader #10 for port 15001] INFO  ipc.Server (Server.java:run(1474)) - Starting Socket Reader #10 for port 15001
2025-07-27 04:39:21,977 [Socket Reader #9 for port 15001] INFO  ipc.Server (Server.java:run(1474)) - Starting Socket Reader #9 for port 15001
2025-07-27 04:39:21,978 [ForkJoinPool-1-worker-1] INFO  pipeline.PipelineStateManagerImpl (PipelineStateManagerImpl.java:initialize(75)) - No pipeline exists in current db
2025-07-27 04:39:21,996 [ForkJoinPool-1-worker-1] INFO  recon.ReconServer (ReconServer.java:call(173)) - Initializing support of Recon Features...
2025-07-27 04:39:21,998 [ForkJoinPool-1-worker-1] INFO  recon.ReconServer (ReconServer.java:start(272)) - Starting Recon server
2025-07-27 04:39:21,998 [ForkJoinPool-1-worker-1] INFO  impl.MetricsSystemImpl (MetricsSystemImpl.java:init(158)) - Recon metrics system started (again)
2025-07-27 04:39:22,019 [ForkJoinPool-1-worker-1] INFO  http.HttpServer2 (HttpServer2.java:bindListener(1242)) - Jetty bound to port 15000
2025-07-27 04:39:22,019 [ForkJoinPool-1-worker-1] INFO  server.Server (Server.java:doStart(375)) - jetty-9.4.57.v20241219; built: 2025-01-08T21:24:30.412Z; git: df524e6b29271c2e09ba9aea83c18dc9db464a31; jvm 21.0.8+9-LTS
2025-07-27 04:39:22,020 [ForkJoinPool-1-worker-1] INFO  server.session (DefaultSessionIdManager.java:doStart(334)) - DefaultSessionIdManager workerName=node0
2025-07-27 04:39:22,020 [ForkJoinPool-1-worker-1] INFO  server.session (DefaultSessionIdManager.java:doStart(339)) - No SessionScavenger set, using defaults
2025-07-27 04:39:22,020 [ForkJoinPool-1-worker-1] INFO  server.session (HouseKeeper.java:startScavenging(132)) - node0 Scavenging every 660000ms
2025-07-27 04:39:22,021 [ForkJoinPool-1-worker-1] INFO  handler.ContextHandler (ContextHandler.java:doStart(921)) - Started o.e.j.s.ServletContextHandler@62c15f41{logs,/logs,file:///home/runner/work/ozone/ozone/hadoop-ozone/integration-test-recon/target/log,AVAILABLE}
2025-07-27 04:39:22,022 [ForkJoinPool-1-worker-1] INFO  handler.ContextHandler (ContextHandler.java:doStart(921)) - Started o.e.j.s.ServletContextHandler@5ff9eff7{static,/static,jar:file:/home/runner/work/ozone/ozone/hadoop-ozone/recon/target/ozone-recon-2.1.0-SNAPSHOT.jar!/webapps/static,AVAILABLE}
2025-07-27 04:39:22,650 [ForkJoinPool-1-worker-1] INFO  handler.ContextHandler (ContextHandler.java:doStart(921)) - Started o.e.j.w.WebAppContext@1269d8b3{recon,/,file:///home/runner/work/ozone/ozone/hadoop-ozone/integration-test-recon/target/test-dir/MiniOzoneClusterImpl-1e09403d-52eb-479c-879f-dc89daf7eeb0/ozone-meta/webserver/jetty-0_0_0_0-15000-ozone-recon-2_1_0-SNAPSHOT_jar-_-any-1795379786601680950/webapp/,AVAILABLE}{jar:file:/home/runner/work/ozone/ozone/hadoop-ozone/recon/target/ozone-recon-2.1.0-SNAPSHOT.jar!/webapps/recon}
2025-07-27 04:39:22,650 [ForkJoinPool-1-worker-1] INFO  server.AbstractConnector (AbstractConnector.java:doStart(333)) - Started ServerConnector@176847e2{HTTP/1.1, (http/1.1)}{0.0.0.0:15000}
2025-07-27 04:39:22,651 [ForkJoinPool-1-worker-1] INFO  server.Server (Server.java:doStart(415)) - Started @13033ms
2025-07-27 04:39:22,651 [ForkJoinPool-1-worker-1] WARN  impl.MetricsSystemImpl (MetricsSystemImpl.java:register(279)) - Sink prometheus already exists!
2025-07-27 04:39:22,651 [ForkJoinPool-1-worker-1] INFO  http.BaseHttpServer (BaseHttpServer.java:updateConnectorAddress(359)) - HTTP server of recon listening at http://localhost:15000
2025-07-27 04:39:22,651 [ForkJoinPool-1-worker-1] INFO  impl.OzoneManagerServiceProviderImpl (OzoneManagerServiceProviderImpl.java:start(244)) - Starting Ozone Manager Service Provider.
2025-07-27 04:39:22,651 [ForkJoinPool-1-worker-1] INFO  recovery.ReconOmMetadataManagerImpl (ReconOmMetadataManagerImpl.java:start(77)) - Starting ReconOMMetadataManagerImpl
2025-07-27 04:39:22,652 [ForkJoinPool-1-worker-1] INFO  tasks.ReconTaskControllerImpl (ReconTaskControllerImpl.java:start(239)) - Starting Recon Task Controller.
2025-07-27 04:39:22,667 [ForkJoinPool-1-worker-1] INFO  impl.OzoneManagerServiceProviderImpl (OzoneManagerServiceProviderImpl.java:start(315)) - Ozone Manager Service Provider is started.
2025-07-27 04:39:22,667 [ForkJoinPool-1-worker-1] INFO  scm.ReconStorageContainerManagerFacade (ReconStorageContainerManagerFacade.java:start(388)) - Recon ScmDatanodeProtocol RPC server is listening at /0.0.0.0:15001
2025-07-27 04:39:22,887 [ForkJoinPool-1-worker-1] INFO  scm.ReconStorageContainerManagerFacade (ReconStorageContainerManagerFacade.java:initializePipelinesFromScm(488)) - Obtained 0 pipelines from SCM.
2025-07-27 04:39:22,887 [ForkJoinPool-1-worker-1] INFO  scm.ReconPipelineManager (ReconPipelineManager.java:initializePipelines(101)) - Recon has 0 pipelines in house.
2025-07-27 04:39:22,888 [ForkJoinPool-1-worker-1] INFO  scm.ReconStorageContainerManagerFacade (ReconStorageContainerManagerFacade.java:start(401)) - SCM DB initialized
2025-07-27 04:39:22,889 [ForkJoinPool-1-worker-1] INFO  server.SCMDatanodeProtocolServer (SCMDatanodeProtocolServer.java:start(195)) - ScmDatanodeProtocol RPC server for DataNodes is listening at /0.0.0.0:15001
2025-07-27 04:39:22,889 [IPC Server Responder] INFO  ipc.Server (Server.java:run(1713)) - IPC Server Responder: starting
2025-07-27 04:39:22,890 [IPC Server listener on 15001] INFO  ipc.Server (Server.java:run(1553)) - IPC Server listener on 15001: starting
2025-07-27 04:39:33,901 [ForkJoinPool-1-worker-1] WARN  fsck.ReconSafeModeMgrTask (ReconSafeModeMgrTask.java:start(85)) - Recon could not exit safe mode after 11000 ms. Exiting safe mode anyway. Please check for any unexpected startup issues
2025-07-27 04:39:33,901 [ForkJoinPool-1-worker-1] INFO  scm.ReconScmTask (ReconScmTask.java:start(47)) - Starting ContainerHealthTask Thread.
2025-07-27 04:39:33,902 [ForkJoinPool-1-worker-1] INFO  scm.ReconScmTask (ReconScmTask.java:start(47)) - Starting ContainerSizeCountTask Thread.
2025-07-27 04:39:33,902 [ForkJoinPool-1-worker-1] INFO  scm.ReconScmTask (ReconScmTask.java:start(47)) - Starting PipelineSyncTask Thread.
2025-07-27 04:39:33,902 [ForkJoinPool-1-worker-1] INFO  scm.ReconStorageContainerManagerFacade (ReconStorageContainerManagerFacade.java:start(439)) - Successfully started Recon Storage Container Manager.
2025-07-27 04:39:33,903 [ForkJoinPool-1-worker-1] INFO  recon.ReconServer (ReconServer.java:call(180)) - Recon server initialized successfully!
2025-07-27 04:39:33,903 [JvmPauseMonitor3] INFO  util.JvmPauseMonitor (JvmPauseMonitor.java:run(146)) - JvmPauseMonitor-Recon: Started
2025-07-27 04:39:33,919 [ForkJoinPool-1-worker-1] WARN  dropwizard3.Dm3MetricRegistriesImpl (Dm3MetricRegistriesImpl.java:addReporterRegistration(114)) - New reporters are added after registries were created. Some metrics will be missing from the reporter. Please add reporter before adding any new registry.
2025-07-27 04:39:33,919 [ForkJoinPool-1-worker-1] WARN  dropwizard3.Dm3MetricRegistriesImpl (Dm3MetricRegistriesImpl.java:addReporterRegistration(114)) - New reporters are added after registries were created. Some metrics will be missing from the reporter. Please add reporter before adding any new registry.
2025-07-27 04:39:33,919 [ForkJoinPool-1-worker-1] INFO  impl.MetricsSystemImpl (MetricsSystemImpl.java:init(158)) - HddsDatanode metrics system started (again)
2025-07-27 04:39:33,934 [ContainerHealthTask] INFO  updater.ReconTaskStatusUpdater (ReconTaskStatusUpdater.java:updateDetails(124)) - Registered Task: ContainerHealthTask
2025-07-27 04:39:33,935 [PipelineSyncTask] INFO  updater.ReconTaskStatusUpdater (ReconTaskStatusUpdater.java:updateDetails(124)) - Registered Task: PipelineSyncTask
2025-07-27 04:39:33,938 [ForkJoinPool-1-worker-1] INFO  protocol.DatanodeDetails (DatanodeDetails.java:validateDatanodeIpAddress(199)) - Updating IP address of datanode c1327a8c-71b7-4605-98e6-996d8ace38a9(localhost/null) to 127.0.0.1
2025-07-27 04:39:33,938 [ForkJoinPool-1-worker-1] INFO  ozone.HddsDatanodeService (HddsDatanodeService.java:start(236)) - HddsDatanodeService c1327a8c-71b7-4605-98e6-996d8ace38a9(localhost/127.0.0.1)
2025-07-27 04:39:33,938 [PipelineSyncTask] INFO  scm.ReconPipelineManager (ReconPipelineManager.java:initializePipelines(101)) - Recon has 0 pipelines in house.
2025-07-27 04:39:33,941 [ContainerHealthTask] INFO  fsck.ContainerHealthTask (ContainerHealthTask.java:checkAndProcessContainers(194)) - Container Health task thread took 0 iterations to fetch all containers using batched approach with batch size of 1000
2025-07-27 04:39:33,950 [ForkJoinPool-1-worker-1] INFO  upgrade.AbstractLayoutVersionManager (AbstractLayoutVersionManager.java:init(80)) - Initializing Layout version manager with metadata layout = WITNESSED_CONTAINER_DB_PROTO_VALUE (version = 9), software layout = WITNESSED_CONTAINER_DB_PROTO_VALUE (version = 9)
2025-07-27 04:39:33,952 [ForkJoinPool-1-worker-1] INFO  statemachine.DatanodeStateMachine (DatanodeStateMachine.java:getEndPointTaskThreadPoolSize(305)) - Datanode State Machine Task Thread Pool size 2
2025-07-27 04:39:33,999 [ForkJoinPool-1-worker-1] INFO  fs.SaveSpaceUsageToFile (SaveSpaceUsageToFile.java:load(92)) - Cached usage info file /home/runner/work/ozone/ozone/hadoop-ozone/integration-test-recon/target/test-dir/MiniOzoneClusterImpl-1e09403d-52eb-479c-879f-dc89daf7eeb0/ozone-meta/datanode-1/data-0/scmUsed not found
2025-07-27 04:39:34,010 [ForkJoinPool-1-worker-1] INFO  volume.HddsVolume (HddsVolume.java:<init>(162)) - HddsVolume: { id=DS-1a8defe6-949c-4a8e-ba72-db809277eaaf dir=/home/runner/work/ozone/ozone/hadoop-ozone/integration-test-recon/target/test-dir/MiniOzoneClusterImpl-1e09403d-52eb-479c-879f-dc89daf7eeb0/ozone-meta/datanode-1/data-0/hdds type=DISK capacity=76879465972 used=0 available=24895229952 minFree=5368709120 committed=0 }
2025-07-27 04:39:34,011 [ForkJoinPool-1-worker-1] INFO  volume.MutableVolumeSet (MutableVolumeSet.java:initializeVolumeSet(167)) - Added Volume : /home/runner/work/ozone/ozone/hadoop-ozone/integration-test-recon/target/test-dir/MiniOzoneClusterImpl-1e09403d-52eb-479c-879f-dc89daf7eeb0/ozone-meta/datanode-1/data-0/hdds to VolumeSet
2025-07-27 04:39:34,013 [ForkJoinPool-1-worker-1] INFO  fs.SaveSpaceUsageToFile (SaveSpaceUsageToFile.java:load(92)) - Cached usage info file /home/runner/work/ozone/ozone/hadoop-ozone/integration-test-recon/target/test-dir/MiniOzoneClusterImpl-1e09403d-52eb-479c-879f-dc89daf7eeb0/ozone-meta/datanode-1/ratis/scmUsed not found
2025-07-27 04:39:34,014 [ForkJoinPool-1-worker-1] INFO  volume.MutableVolumeSet (MutableVolumeSet.java:initializeVolumeSet(167)) - Added Volume : /home/runner/work/ozone/ozone/hadoop-ozone/integration-test-recon/target/test-dir/MiniOzoneClusterImpl-1e09403d-52eb-479c-879f-dc89daf7eeb0/ozone-meta/datanode-1/ratis to VolumeSet
2025-07-27 04:39:34,018 [ForkJoinPool-1-worker-1] INFO  ozoneimpl.OzoneContainer (HddsVolumeUtil.java:loadAllHddsVolumeDbStore(102)) - Load 1 volumes DbStore cost: 0ms
2025-07-27 04:39:34,024 [ForkJoinPool-1-worker-1] WARN  db.DBStoreBuilder (DBStoreBuilder.java:getDBDirPath(158)) - ozone.scm.datanode.id.dir is not configured. We recommend adding this setting. Falling back to ozone.metadata.dirs instead.
2025-07-27 04:39:34,028 [ForkJoinPool-1-worker-1] WARN  db.DBStoreBuilder (DBStoreBuilder.java:getDBDirPath(158)) - ozone.scm.datanode.id.dir is not configured. We recommend adding this setting. Falling back to ozone.metadata.dirs instead.
2025-07-27 04:39:34,044 [ForkJoinPool-1-worker-1] INFO  lib.Interns (Interns.java:removeEldestEntry(50)) - Metrics intern cache overflow at 2011 for MetricsSystem={MetricsSystem=MetricsInfoImpl{name=MetricsSystem, description=MetricsSystem}, MetricsSystem record=MetricsInfoImpl{name=MetricsSystem, description=MetricsSystem record}}
2025-07-27 04:39:34,071 [ForkJoinPool-1-worker-1] INFO  impl.FilePerChunkStrategy (FilePerChunkStrategy.java:<init>(79)) - ozone.chunk.read.mapped.buffer.max.count is load with 0
2025-07-27 04:39:34,074 [ForkJoinPool-1-worker-1] INFO  impl.FilePerBlockStrategy (FilePerBlockStrategy.java:<init>(88)) - ozone.chunk.read.mapped.buffer.max.count is load with 0
2025-07-27 04:39:34,101 [ForkJoinPool-1-worker-1] INFO  audit.AuditLogger (AuditLogger.java:refreshDebugCmdSet(133)) - Refresh DebugCmdSet for DNAudit to [].
2025-07-27 04:39:34,117 [ForkJoinPool-1-worker-1] INFO  server.RaftServerConfigKeys (ConfUtils.java:logGet(62)) - raft.server.log.appender.buffer.byte-limit = 33554432 (custom)
2025-07-27 04:39:34,127 [ForkJoinPool-1-worker-1] INFO  grpc.GrpcConfigKeys (ConfUtils.java:logFallback(69)) - raft.grpc.admin.host = null (fallback to raft.grpc.server.host)
2025-07-27 04:39:34,128 [ForkJoinPool-1-worker-1] INFO  grpc.GrpcConfigKeys (ConfUtils.java:logGet(62)) - raft.grpc.admin.port = 15016 (custom)
2025-07-27 04:39:34,128 [ForkJoinPool-1-worker-1] INFO  grpc.GrpcConfigKeys (ConfUtils.java:logFallback(69)) - raft.grpc.client.host = null (fallback to raft.grpc.server.host)
2025-07-27 04:39:34,128 [ForkJoinPool-1-worker-1] INFO  grpc.GrpcConfigKeys (ConfUtils.java:logGet(62)) - raft.grpc.client.port = 15015 (custom)
2025-07-27 04:39:34,128 [ForkJoinPool-1-worker-1] INFO  grpc.GrpcConfigKeys (ConfUtils.java:logGet(62)) - raft.grpc.server.port = 15017 (custom)
2025-07-27 04:39:34,128 [ForkJoinPool-1-worker-1] INFO  server.GrpcServicesImpl (ConfUtils.java:logGet(62)) - raft.grpc.message.size.max = 34603008 (custom)
2025-07-27 04:39:34,128 [ForkJoinPool-1-worker-1] INFO  server.GrpcServicesImpl (ConfUtils.java:logGet(62)) - raft.grpc.flow.control.window = 5MB (=5242880) (custom)
2025-07-27 04:39:34,128 [ForkJoinPool-1-worker-1] INFO  server.RaftServerConfigKeys (ConfUtils.java:logGet(62)) - raft.server.rpc.request.timeout = 60s (custom)
2025-07-27 04:39:34,128 [ForkJoinPool-1-worker-1] INFO  server.RaftServerConfigKeys (ConfUtils.java:logGet(62)) - raft.server.log.appender.buffer.byte-limit = 33554432 (custom)
2025-07-27 04:39:34,130 [ForkJoinPool-1-worker-1] INFO  impl.DataStreamServerImpl (ConfUtils.java:logGet(62)) - raft.datastream.type = NETTY (custom)
2025-07-27 04:39:34,137 [ForkJoinPool-1-worker-1] INFO  server.RaftServerConfigKeys (ConfUtils.java:logGet(62)) - raft.server.data-stream.async.request.thread.pool.cached = false (default)
2025-07-27 04:39:34,138 [ForkJoinPool-1-worker-1] INFO  server.RaftServerConfigKeys (ConfUtils.java:logGet(62)) - raft.server.data-stream.async.request.thread.pool.size = 20 (custom)
2025-07-27 04:39:34,138 [ForkJoinPool-1-worker-1] INFO  server.RaftServerConfigKeys (ConfUtils.java:logGet(62)) - raft.server.data-stream.async.write.thread.pool.size = 16 (default)
2025-07-27 04:39:34,139 [ForkJoinPool-1-worker-1] INFO  netty.NettyConfigKeys$DataStream (ConfUtils.java:logGet(62)) - raft.netty.dataStream.server.channel.inactive.grace-period = 10min (default)
2025-07-27 04:39:34,140 [ForkJoinPool-1-worker-1] INFO  server.RaftServerConfigKeys (ConfUtils.java:logGet(62)) - raft.server.data-stream.client.pool.size = 10 (default)
2025-07-27 04:39:34,140 [ForkJoinPool-1-worker-1] INFO  netty.NettyConfigKeys$DataStream (ConfUtils.java:logGet(62)) - raft.netty.dataStream.server.use-epoll = true (default)
2025-07-27 04:39:34,141 [ForkJoinPool-1-worker-1] INFO  netty.NettyConfigKeys$DataStream (ConfUtils.java:logGet(62)) - raft.netty.dataStream.server.boss-group.size = 0 (default)
2025-07-27 04:39:34,141 [ForkJoinPool-1-worker-1] INFO  netty.NettyUtils (NettyUtils.java:newEventLoopGroup(74)) - Create EpollEventLoopGroup for c1327a8c-71b7-4605-98e6-996d8ace38a9-NettyServerStreamRpc-bossGroup; Thread size is 0.
2025-07-27 04:39:34,142 [ForkJoinPool-1-worker-1] INFO  netty.NettyConfigKeys$DataStream (ConfUtils.java:logGet(62)) - raft.netty.dataStream.server.worker-group.size = 0 (default)
2025-07-27 04:39:34,142 [ForkJoinPool-1-worker-1] INFO  netty.NettyUtils (NettyUtils.java:newEventLoopGroup(74)) - Create EpollEventLoopGroup for c1327a8c-71b7-4605-98e6-996d8ace38a9-NettyServerStreamRpc-workerGroup; Thread size is 0.
2025-07-27 04:39:34,144 [ForkJoinPool-1-worker-1] INFO  netty.NettyConfigKeys$DataStream (ConfUtils.java:logGet(62)) - raft.netty.dataStream.port = 15018 (custom)
2025-07-27 04:39:34,147 [ForkJoinPool-1-worker-1] INFO  server.RaftServerConfigKeys (ConfUtils.java:logGet(62)) - raft.server.storage.dir = [/home/runner/work/ozone/ozone/hadoop-ozone/integration-test-recon/target/test-dir/MiniOzoneClusterImpl-1e09403d-52eb-479c-879f-dc89daf7eeb0/ozone-meta/datanode-1/ratis] (custom)
2025-07-27 04:39:34,147 [c1327a8c-71b7-4605-98e6-996d8ace38a9-impl-thread1] INFO  server.RaftServer (RaftServerProxy.java:initGroupDir(270)) - c1327a8c-71b7-4605-98e6-996d8ace38a9: found a subdirectory /home/runner/work/ozone/ozone/hadoop-ozone/integration-test-recon/target/test-dir/MiniOzoneClusterImpl-1e09403d-52eb-479c-879f-dc89daf7eeb0/ozone-meta/datanode-1/ratis/tmp
2025-07-27 04:39:34,148 [c1327a8c-71b7-4605-98e6-996d8ace38a9-impl-thread1] INFO  server.RaftServer (RaftServerProxy.java:initGroupDir(275)) - c1327a8c-71b7-4605-98e6-996d8ace38a9: The directory /home/runner/work/ozone/ozone/hadoop-ozone/integration-test-recon/target/test-dir/MiniOzoneClusterImpl-1e09403d-52eb-479c-879f-dc89daf7eeb0/ozone-meta/datanode-1/ratis/tmp is not a group directory; ignoring it. 
2025-07-27 04:39:34,150 [ForkJoinPool-1-worker-1] INFO  replication.ReplicationServer (ReplicationServer.java:<init>(84)) - Initializing replication server with thread count = 10 queue length = 4096
2025-07-27 04:39:34,156 [c1327a8c-71b7-4605-98e6-996d8ace38a9-NettyServerStreamRpc-bossGroup--thread1] INFO  logging.LoggingHandler (AbstractInternalLogger.java:log(148)) - [id: 0xd8978df6] REGISTERED
2025-07-27 04:39:34,156 [c1327a8c-71b7-4605-98e6-996d8ace38a9-NettyServerStreamRpc-bossGroup--thread1] INFO  logging.LoggingHandler (AbstractInternalLogger.java:log(148)) - [id: 0xd8978df6] BIND: 0.0.0.0/0.0.0.0:15018
2025-07-27 04:39:34,156 [c1327a8c-71b7-4605-98e6-996d8ace38a9-NettyServerStreamRpc-bossGroup--thread1] INFO  logging.LoggingHandler (AbstractInternalLogger.java:log(148)) - [id: 0xd8978df6, L:/0.0.0.0:15018] ACTIVE
2025-07-27 04:39:34,165 [ForkJoinPool-1-worker-1] INFO  server.XceiverServerGrpc (XceiverServerGrpc.java:<init>(130)) - GrpcServer channel type EpollServerSocketChannel
2025-07-27 04:39:34,190 [ForkJoinPool-1-worker-1] INFO  replication.ReplicationSupervisor (ReplicationSupervisor.java:build(169)) - Initializing replication supervisor with thread count = 10
2025-07-27 04:39:34,191 [ForkJoinPool-1-worker-1] INFO  replication.ReplicationSupervisor (ReplicationSupervisor.java:nodeStateUpdated(358)) - Node state updated to IN_SERVICE, scaling executor pool size to 10
2025-07-27 04:39:34,231 [ForkJoinPool-1-worker-1] INFO  http.BaseHttpServer (BaseHttpServer.java:newHttpServer2BuilderForOzone(229)) - Starting Web-server for hddsDatanode at: http://0.0.0.0:15012
2025-07-27 04:39:34,231 [ForkJoinPool-1-worker-1] INFO  http.BaseHttpServer (BaseHttpServer.java:<init>(107)) - Hadoop Security Enabled: false Ozone Security Enabled: false Ozone HTTP Security Enabled: false 
2025-07-27 04:39:34,233 [ForkJoinPool-1-worker-1] WARN  server.AuthenticationFilter (AuthenticationFilter.java:constructSecretProvider(240)) - Unable to initialize FileSignerSecretProvider, falling back to use random secrets. Reason: Could not read signature secret file: /home/runner/hadoop-http-auth-signature-secret
2025-07-27 04:39:34,236 [ForkJoinPool-1-worker-1] INFO  http.HttpServer2 (HttpServer2.java:addGlobalFilter(1042)) - Added global filter 'safety' (class=org.apache.hadoop.hdds.server.http.HttpServer2$QuotingInputFilter)
2025-07-27 04:39:34,238 [ForkJoinPool-1-worker-1] INFO  http.HttpServer2 (HttpServer2.java:addFilter(1018)) - Added filter static_user_filter (class=org.apache.hadoop.http.lib.StaticUserWebFilter$StaticUserFilter) to context hddsDatanode
2025-07-27 04:39:34,238 [ForkJoinPool-1-worker-1] INFO  http.HttpServer2 (HttpServer2.java:addFilter(1026)) - Added filter static_user_filter (class=org.apache.hadoop.http.lib.StaticUserWebFilter$StaticUserFilter) to context static
2025-07-27 04:39:34,238 [ForkJoinPool-1-worker-1] INFO  http.HttpServer2 (HttpServer2.java:addFilter(1026)) - Added filter static_user_filter (class=org.apache.hadoop.http.lib.StaticUserWebFilter$StaticUserFilter) to context logs
2025-07-27 04:39:34,239 [ForkJoinPool-1-worker-1] INFO  http.BaseHttpServer (BaseHttpServer.java:<init>(195)) - HTTP server of hddsDatanode uses base directory /home/runner/work/ozone/ozone/hadoop-ozone/integration-test-recon/target/test-dir/MiniOzoneClusterImpl-1e09403d-52eb-479c-879f-dc89daf7eeb0/ozone-meta/datanode-1/meta/webserver
2025-07-27 04:39:34,240 [ForkJoinPool-1-worker-1] INFO  http.HttpServer2 (HttpServer2.java:bindListener(1242)) - Jetty bound to port 15012
2025-07-27 04:39:34,241 [ForkJoinPool-1-worker-1] INFO  server.Server (Server.java:doStart(375)) - jetty-9.4.57.v20241219; built: 2025-01-08T21:24:30.412Z; git: df524e6b29271c2e09ba9aea83c18dc9db464a31; jvm 21.0.8+9-LTS
2025-07-27 04:39:34,243 [ForkJoinPool-1-worker-1] INFO  server.session (DefaultSessionIdManager.java:doStart(334)) - DefaultSessionIdManager workerName=node0
2025-07-27 04:39:34,244 [ForkJoinPool-1-worker-1] INFO  server.session (DefaultSessionIdManager.java:doStart(339)) - No SessionScavenger set, using defaults
2025-07-27 04:39:34,244 [ForkJoinPool-1-worker-1] INFO  server.session (HouseKeeper.java:startScavenging(132)) - node0 Scavenging every 660000ms
2025-07-27 04:39:34,245 [ForkJoinPool-1-worker-1] INFO  handler.ContextHandler (ContextHandler.java:doStart(921)) - Started o.e.j.s.ServletContextHandler@3f6516c7{logs,/logs,file:///home/runner/work/ozone/ozone/hadoop-ozone/integration-test-recon/target/log,AVAILABLE}
2025-07-27 04:39:34,246 [ForkJoinPool-1-worker-1] INFO  handler.ContextHandler (ContextHandler.java:doStart(921)) - Started o.e.j.s.ServletContextHandler@66134d13{static,/static,jar:file:/home/runner/work/ozone/ozone/hadoop-hdds/container-service/target/hdds-container-service-2.1.0-SNAPSHOT.jar!/webapps/static,AVAILABLE}
2025-07-27 04:39:34,435 [ForkJoinPool-1-worker-1] INFO  handler.ContextHandler (ContextHandler.java:doStart(921)) - Started o.e.j.w.WebAppContext@4fb80870{hddsDatanode,/,file:///home/runner/work/ozone/ozone/hadoop-ozone/integration-test-recon/target/test-dir/MiniOzoneClusterImpl-1e09403d-52eb-479c-879f-dc89daf7eeb0/ozone-meta/datanode-1/meta/webserver/jetty-0_0_0_0-15012-hdds-container-service-2_1_0-SNAPSHOT_jar-_-any-17089646447154533383/webapp/,AVAILABLE}{jar:file:/home/runner/work/ozone/ozone/hadoop-hdds/container-service/target/hdds-container-service-2.1.0-SNAPSHOT.jar!/webapps/hddsDatanode}
2025-07-27 04:39:34,437 [ForkJoinPool-1-worker-1] INFO  server.AbstractConnector (AbstractConnector.java:doStart(333)) - Started ServerConnector@62fc18b3{HTTP/1.1, (http/1.1)}{0.0.0.0:15012}
2025-07-27 04:39:34,437 [ForkJoinPool-1-worker-1] INFO  server.Server (Server.java:doStart(415)) - Started @24820ms
2025-07-27 04:39:34,437 [ForkJoinPool-1-worker-1] WARN  impl.MetricsSystemImpl (MetricsSystemImpl.java:register(279)) - Sink prometheus already exists!
2025-07-27 04:39:34,438 [ForkJoinPool-1-worker-1] INFO  http.BaseHttpServer (BaseHttpServer.java:updateConnectorAddress(359)) - HTTP server of hddsDatanode listening at http://localhost:15012
2025-07-27 04:39:34,441 [ForkJoinPool-1-worker-1] INFO  ipc.CallQueueManager (CallQueueManager.java:<init>(93)) - Using callQueue: class java.util.concurrent.LinkedBlockingQueue, queueCapacity: 1000, scheduler: class org.apache.hadoop.ipc.DefaultRpcScheduler, ipcBackoff: false, ipcFailOver: false.
2025-07-27 04:39:34,441 [ForkJoinPool-1-worker-1] INFO  ipc.Server (Server.java:<init>(1438)) - Listener at 0.0.0.0:15013
2025-07-27 04:39:34,442 [Socket Reader #1 for port 15013] INFO  ipc.Server (Server.java:run(1474)) - Starting Socket Reader #1 for port 15013
2025-07-27 04:39:34,442 [Socket Reader #2 for port 15013] INFO  ipc.Server (Server.java:run(1474)) - Starting Socket Reader #2 for port 15013
2025-07-27 04:39:34,442 [Socket Reader #3 for port 15013] INFO  ipc.Server (Server.java:run(1474)) - Starting Socket Reader #3 for port 15013
2025-07-27 04:39:34,442 [Socket Reader #4 for port 15013] INFO  ipc.Server (Server.java:run(1474)) - Starting Socket Reader #4 for port 15013
2025-07-27 04:39:34,442 [Socket Reader #5 for port 15013] INFO  ipc.Server (Server.java:run(1474)) - Starting Socket Reader #5 for port 15013
2025-07-27 04:39:34,442 [Socket Reader #6 for port 15013] INFO  ipc.Server (Server.java:run(1474)) - Starting Socket Reader #6 for port 15013
2025-07-27 04:39:34,443 [Socket Reader #7 for port 15013] INFO  ipc.Server (Server.java:run(1474)) - Starting Socket Reader #7 for port 15013
2025-07-27 04:39:34,443 [Socket Reader #8 for port 15013] INFO  ipc.Server (Server.java:run(1474)) - Starting Socket Reader #8 for port 15013
2025-07-27 04:39:34,443 [Socket Reader #9 for port 15013] INFO  ipc.Server (Server.java:run(1474)) - Starting Socket Reader #9 for port 15013
2025-07-27 04:39:34,443 [Socket Reader #10 for port 15013] INFO  ipc.Server (Server.java:run(1474)) - Starting Socket Reader #10 for port 15013
2025-07-27 04:39:34,446 [ForkJoinPool-1-worker-1] INFO  ozone.HddsDatanodeService (HddsDatanodeService.java:start(333)) - Datanode start with admins: [runner]
2025-07-27 04:39:34,446 [ForkJoinPool-1-worker-1] INFO  ozone.HddsDatanodeClientProtocolServer (HddsDatanodeClientProtocolServer.java:start(76)) - RPC server for Client /0.0.0.0:15013
2025-07-27 04:39:34,446 [IPC Server Responder] INFO  ipc.Server (Server.java:run(1713)) - IPC Server Responder: starting
2025-07-27 04:39:34,446 [IPC Server listener on 15013] INFO  ipc.Server (Server.java:run(1553)) - IPC Server listener on 15013: starting
2025-07-27 04:39:34,449 [ForkJoinPool-1-worker-1] WARN  dropwizard3.Dm3MetricRegistriesImpl (Dm3MetricRegistriesImpl.java:addReporterRegistration(114)) - New reporters are added after registries were created. Some metrics will be missing from the reporter. Please add reporter before adding any new registry.
2025-07-27 04:39:34,449 [ForkJoinPool-1-worker-1] WARN  dropwizard3.Dm3MetricRegistriesImpl (Dm3MetricRegistriesImpl.java:addReporterRegistration(114)) - New reporters are added after registries were created. Some metrics will be missing from the reporter. Please add reporter before adding any new registry.
2025-07-27 04:39:34,449 [ForkJoinPool-1-worker-1] INFO  impl.MetricsSystemImpl (MetricsSystemImpl.java:init(158)) - HddsDatanode metrics system started (again)
2025-07-27 04:39:34,454 [c1327a8c-71b7-4605-98e6-996d8ace38a9-DatanodeStateMachineDaemonThread] INFO  statemachine.DatanodeStateMachine (DatanodeStateMachine.java:startStateMachineThread(347)) - Ozone container server started.
2025-07-27 04:39:34,466 [c1327a8c-71b7-4605-98e6-996d8ace38a9-DatanodeStateMachineTaskThread-0] INFO  statemachine.SCMConnectionManager (SCMConnectionManager.java:addReconServer(184)) - Adding Recon Server : /127.0.0.1:15001
2025-07-27 04:39:34,467 [ForkJoinPool-1-worker-1] INFO  protocol.DatanodeDetails (DatanodeDetails.java:validateDatanodeIpAddress(199)) - Updating IP address of datanode f71b517f-2361-4434-922a-3423737067f9(localhost/null) to 127.0.0.1
2025-07-27 04:39:34,467 [ForkJoinPool-1-worker-1] INFO  ozone.HddsDatanodeService (HddsDatanodeService.java:start(236)) - HddsDatanodeService f71b517f-2361-4434-922a-3423737067f9(localhost/127.0.0.1)
2025-07-27 04:39:34,472 [ForkJoinPool-1-worker-1] INFO  upgrade.AbstractLayoutVersionManager (AbstractLayoutVersionManager.java:init(80)) - Initializing Layout version manager with metadata layout = WITNESSED_CONTAINER_DB_PROTO_VALUE (version = 9), software layout = WITNESSED_CONTAINER_DB_PROTO_VALUE (version = 9)
2025-07-27 04:39:34,472 [ForkJoinPool-1-worker-1] INFO  statemachine.DatanodeStateMachine (DatanodeStateMachine.java:getEndPointTaskThreadPoolSize(305)) - Datanode State Machine Task Thread Pool size 2
2025-07-27 04:39:34,475 [ForkJoinPool-1-worker-1] INFO  fs.SaveSpaceUsageToFile (SaveSpaceUsageToFile.java:load(92)) - Cached usage info file /home/runner/work/ozone/ozone/hadoop-ozone/integration-test-recon/target/test-dir/MiniOzoneClusterImpl-1e09403d-52eb-479c-879f-dc89daf7eeb0/ozone-meta/datanode-2/data-0/scmUsed not found
2025-07-27 04:39:34,476 [ForkJoinPool-1-worker-1] INFO  volume.HddsVolume (HddsVolume.java:<init>(162)) - HddsVolume: { id=DS-0d1f37ed-e534-4f86-a2bf-f65190686d00 dir=/home/runner/work/ozone/ozone/hadoop-ozone/integration-test-recon/target/test-dir/MiniOzoneClusterImpl-1e09403d-52eb-479c-879f-dc89daf7eeb0/ozone-meta/datanode-2/data-0/hdds type=DISK capacity=76879465972 used=0 available=24873365504 minFree=5368709120 committed=0 }
2025-07-27 04:39:34,476 [ForkJoinPool-1-worker-1] INFO  volume.MutableVolumeSet (MutableVolumeSet.java:initializeVolumeSet(167)) - Added Volume : /home/runner/work/ozone/ozone/hadoop-ozone/integration-test-recon/target/test-dir/MiniOzoneClusterImpl-1e09403d-52eb-479c-879f-dc89daf7eeb0/ozone-meta/datanode-2/data-0/hdds to VolumeSet
2025-07-27 04:39:34,477 [ForkJoinPool-1-worker-1] INFO  fs.SaveSpaceUsageToFile (SaveSpaceUsageToFile.java:load(92)) - Cached usage info file /home/runner/work/ozone/ozone/hadoop-ozone/integration-test-recon/target/test-dir/MiniOzoneClusterImpl-1e09403d-52eb-479c-879f-dc89daf7eeb0/ozone-meta/datanode-2/ratis/scmUsed not found
2025-07-27 04:39:34,478 [ForkJoinPool-1-worker-1] INFO  volume.MutableVolumeSet (MutableVolumeSet.java:initializeVolumeSet(167)) - Added Volume : /home/runner/work/ozone/ozone/hadoop-ozone/integration-test-recon/target/test-dir/MiniOzoneClusterImpl-1e09403d-52eb-479c-879f-dc89daf7eeb0/ozone-meta/datanode-2/ratis to VolumeSet
2025-07-27 04:39:34,479 [ForkJoinPool-1-worker-1] INFO  ozoneimpl.OzoneContainer (HddsVolumeUtil.java:loadAllHddsVolumeDbStore(102)) - Load 1 volumes DbStore cost: 0ms
2025-07-27 04:39:34,480 [ForkJoinPool-1-worker-1] WARN  db.DBStoreBuilder (DBStoreBuilder.java:getDBDirPath(158)) - ozone.scm.datanode.id.dir is not configured. We recommend adding this setting. Falling back to ozone.metadata.dirs instead.
2025-07-27 04:39:34,481 [ForkJoinPool-1-worker-1] WARN  db.DBStoreBuilder (DBStoreBuilder.java:getDBDirPath(158)) - ozone.scm.datanode.id.dir is not configured. We recommend adding this setting. Falling back to ozone.metadata.dirs instead.
2025-07-27 04:39:34,499 [ForkJoinPool-1-worker-1] INFO  impl.FilePerChunkStrategy (FilePerChunkStrategy.java:<init>(79)) - ozone.chunk.read.mapped.buffer.max.count is load with 0
2025-07-27 04:39:34,500 [ForkJoinPool-1-worker-1] INFO  impl.FilePerBlockStrategy (FilePerBlockStrategy.java:<init>(88)) - ozone.chunk.read.mapped.buffer.max.count is load with 0
2025-07-27 04:39:34,501 [ForkJoinPool-1-worker-1] INFO  server.RaftServerConfigKeys (ConfUtils.java:logGet(62)) - raft.server.log.appender.buffer.byte-limit = 33554432 (custom)
2025-07-27 04:39:34,503 [ForkJoinPool-1-worker-1] INFO  grpc.GrpcConfigKeys (ConfUtils.java:logFallback(69)) - raft.grpc.admin.host = null (fallback to raft.grpc.server.host)
2025-07-27 04:39:34,503 [ForkJoinPool-1-worker-1] INFO  grpc.GrpcConfigKeys (ConfUtils.java:logGet(62)) - raft.grpc.admin.port = 15024 (custom)
2025-07-27 04:39:34,503 [ForkJoinPool-1-worker-1] INFO  grpc.GrpcConfigKeys (ConfUtils.java:logFallback(69)) - raft.grpc.client.host = null (fallback to raft.grpc.server.host)
2025-07-27 04:39:34,503 [ForkJoinPool-1-worker-1] INFO  grpc.GrpcConfigKeys (ConfUtils.java:logGet(62)) - raft.grpc.client.port = 15023 (custom)
2025-07-27 04:39:34,503 [ForkJoinPool-1-worker-1] INFO  grpc.GrpcConfigKeys (ConfUtils.java:logGet(62)) - raft.grpc.server.port = 15025 (custom)
2025-07-27 04:39:34,503 [ForkJoinPool-1-worker-1] INFO  server.GrpcServicesImpl (ConfUtils.java:logGet(62)) - raft.grpc.message.size.max = 34603008 (custom)
2025-07-27 04:39:34,504 [ForkJoinPool-1-worker-1] INFO  server.GrpcServicesImpl (ConfUtils.java:logGet(62)) - raft.grpc.flow.control.window = 5MB (=5242880) (custom)
2025-07-27 04:39:34,504 [ForkJoinPool-1-worker-1] INFO  server.RaftServerConfigKeys (ConfUtils.java:logGet(62)) - raft.server.log.appender.buffer.byte-limit = 33554432 (custom)
2025-07-27 04:39:34,505 [ForkJoinPool-1-worker-1] INFO  netty.NettyUtils (NettyUtils.java:newEventLoopGroup(74)) - Create EpollEventLoopGroup for f71b517f-2361-4434-922a-3423737067f9-NettyServerStreamRpc-bossGroup; Thread size is 0.
2025-07-27 04:39:34,506 [ForkJoinPool-1-worker-1] INFO  netty.NettyUtils (NettyUtils.java:newEventLoopGroup(74)) - Create EpollEventLoopGroup for f71b517f-2361-4434-922a-3423737067f9-NettyServerStreamRpc-workerGroup; Thread size is 0.
2025-07-27 04:39:34,506 [ForkJoinPool-1-worker-1] INFO  netty.NettyConfigKeys$DataStream (ConfUtils.java:logGet(62)) - raft.netty.dataStream.port = 15026 (custom)
2025-07-27 04:39:34,507 [ForkJoinPool-1-worker-1] INFO  server.RaftServerConfigKeys (ConfUtils.java:logGet(62)) - raft.server.storage.dir = [/home/runner/work/ozone/ozone/hadoop-ozone/integration-test-recon/target/test-dir/MiniOzoneClusterImpl-1e09403d-52eb-479c-879f-dc89daf7eeb0/ozone-meta/datanode-2/ratis] (custom)
2025-07-27 04:39:34,507 [f71b517f-2361-4434-922a-3423737067f9-NettyServerStreamRpc-bossGroup--thread1] INFO  logging.LoggingHandler (AbstractInternalLogger.java:log(148)) - [id: 0x4efc771f] REGISTERED
2025-07-27 04:39:34,507 [f71b517f-2361-4434-922a-3423737067f9-NettyServerStreamRpc-bossGroup--thread1] INFO  logging.LoggingHandler (AbstractInternalLogger.java:log(148)) - [id: 0x4efc771f] BIND: 0.0.0.0/0.0.0.0:15026
2025-07-27 04:39:34,508 [f71b517f-2361-4434-922a-3423737067f9-NettyServerStreamRpc-bossGroup--thread1] INFO  logging.LoggingHandler (AbstractInternalLogger.java:log(148)) - [id: 0x4efc771f, L:/0.0.0.0:15026] ACTIVE
2025-07-27 04:39:34,508 [f71b517f-2361-4434-922a-3423737067f9-impl-thread1] INFO  server.RaftServer (RaftServerProxy.java:initGroupDir(270)) - f71b517f-2361-4434-922a-3423737067f9: found a subdirectory /home/runner/work/ozone/ozone/hadoop-ozone/integration-test-recon/target/test-dir/MiniOzoneClusterImpl-1e09403d-52eb-479c-879f-dc89daf7eeb0/ozone-meta/datanode-2/ratis/tmp
2025-07-27 04:39:34,508 [f71b517f-2361-4434-922a-3423737067f9-impl-thread1] INFO  server.RaftServer (RaftServerProxy.java:initGroupDir(275)) - f71b517f-2361-4434-922a-3423737067f9: The directory /home/runner/work/ozone/ozone/hadoop-ozone/integration-test-recon/target/test-dir/MiniOzoneClusterImpl-1e09403d-52eb-479c-879f-dc89daf7eeb0/ozone-meta/datanode-2/ratis/tmp is not a group directory; ignoring it. 
2025-07-27 04:39:34,509 [ForkJoinPool-1-worker-1] INFO  replication.ReplicationServer (ReplicationServer.java:<init>(84)) - Initializing replication server with thread count = 10 queue length = 4096
2025-07-27 04:39:34,510 [ForkJoinPool-1-worker-1] INFO  server.XceiverServerGrpc (XceiverServerGrpc.java:<init>(130)) - GrpcServer channel type EpollServerSocketChannel
2025-07-27 04:39:34,513 [ForkJoinPool-1-worker-1] INFO  replication.ReplicationSupervisor (ReplicationSupervisor.java:build(169)) - Initializing replication supervisor with thread count = 10
2025-07-27 04:39:34,514 [ForkJoinPool-1-worker-1] INFO  replication.ReplicationSupervisor (ReplicationSupervisor.java:nodeStateUpdated(358)) - Node state updated to IN_SERVICE, scaling executor pool size to 10
2025-07-27 04:39:34,518 [ForkJoinPool-1-worker-1] INFO  http.BaseHttpServer (BaseHttpServer.java:newHttpServer2BuilderForOzone(229)) - Starting Web-server for hddsDatanode at: http://0.0.0.0:15020
2025-07-27 04:39:34,518 [ForkJoinPool-1-worker-1] INFO  http.BaseHttpServer (BaseHttpServer.java:<init>(107)) - Hadoop Security Enabled: false Ozone Security Enabled: false Ozone HTTP Security Enabled: false 
2025-07-27 04:39:34,520 [ForkJoinPool-1-worker-1] WARN  server.AuthenticationFilter (AuthenticationFilter.java:constructSecretProvider(240)) - Unable to initialize FileSignerSecretProvider, falling back to use random secrets. Reason: Could not read signature secret file: /home/runner/hadoop-http-auth-signature-secret
2025-07-27 04:39:34,522 [c1327a8c-71b7-4605-98e6-996d8ace38a9-DatanodeStateMachineTaskThread-0] INFO  datanode.InitDatanodeState (InitDatanodeState.java:persistContainerDatanodeDetails(139)) - DatanodeDetails is persisted to /home/runner/work/ozone/ozone/hadoop-ozone/integration-test-recon/target/test-dir/MiniOzoneClusterImpl-1e09403d-52eb-479c-879f-dc89daf7eeb0/ozone-meta/datanode-1/meta/datanode.id
2025-07-27 04:39:34,523 [ForkJoinPool-1-worker-1] INFO  http.HttpServer2 (HttpServer2.java:addGlobalFilter(1042)) - Added global filter 'safety' (class=org.apache.hadoop.hdds.server.http.HttpServer2$QuotingInputFilter)
2025-07-27 04:39:34,524 [ForkJoinPool-1-worker-1] INFO  http.HttpServer2 (HttpServer2.java:addFilter(1018)) - Added filter static_user_filter (class=org.apache.hadoop.http.lib.StaticUserWebFilter$StaticUserFilter) to context hddsDatanode
2025-07-27 04:39:34,524 [ForkJoinPool-1-worker-1] INFO  http.HttpServer2 (HttpServer2.java:addFilter(1026)) - Added filter static_user_filter (class=org.apache.hadoop.http.lib.StaticUserWebFilter$StaticUserFilter) to context logs
2025-07-27 04:39:34,525 [ForkJoinPool-1-worker-1] INFO  http.HttpServer2 (HttpServer2.java:addFilter(1026)) - Added filter static_user_filter (class=org.apache.hadoop.http.lib.StaticUserWebFilter$StaticUserFilter) to context static
2025-07-27 04:39:34,525 [ForkJoinPool-1-worker-1] INFO  http.BaseHttpServer (BaseHttpServer.java:<init>(195)) - HTTP server of hddsDatanode uses base directory /home/runner/work/ozone/ozone/hadoop-ozone/integration-test-recon/target/test-dir/MiniOzoneClusterImpl-1e09403d-52eb-479c-879f-dc89daf7eeb0/ozone-meta/datanode-2/meta/webserver
2025-07-27 04:39:34,526 [ForkJoinPool-1-worker-1] INFO  http.HttpServer2 (HttpServer2.java:bindListener(1242)) - Jetty bound to port 15020
2025-07-27 04:39:34,526 [ForkJoinPool-1-worker-1] INFO  server.Server (Server.java:doStart(375)) - jetty-9.4.57.v20241219; built: 2025-01-08T21:24:30.412Z; git: df524e6b29271c2e09ba9aea83c18dc9db464a31; jvm 21.0.8+9-LTS
2025-07-27 04:39:34,527 [ForkJoinPool-1-worker-1] INFO  server.session (DefaultSessionIdManager.java:doStart(334)) - DefaultSessionIdManager workerName=node0
2025-07-27 04:39:34,528 [ForkJoinPool-1-worker-1] INFO  server.session (DefaultSessionIdManager.java:doStart(339)) - No SessionScavenger set, using defaults
2025-07-27 04:39:34,528 [ForkJoinPool-1-worker-1] INFO  server.session (HouseKeeper.java:startScavenging(132)) - node0 Scavenging every 660000ms
2025-07-27 04:39:34,529 [ForkJoinPool-1-worker-1] INFO  handler.ContextHandler (ContextHandler.java:doStart(921)) - Started o.e.j.s.ServletContextHandler@30a7b515{logs,/logs,file:///home/runner/work/ozone/ozone/hadoop-ozone/integration-test-recon/target/log,AVAILABLE}
2025-07-27 04:39:34,529 [ForkJoinPool-1-worker-1] INFO  handler.ContextHandler (ContextHandler.java:doStart(921)) - Started o.e.j.s.ServletContextHandler@cfb7ba3{static,/static,jar:file:/home/runner/work/ozone/ozone/hadoop-hdds/container-service/target/hdds-container-service-2.1.0-SNAPSHOT.jar!/webapps/static,AVAILABLE}
2025-07-27 04:39:34,679 [ForkJoinPool-1-worker-1] INFO  handler.ContextHandler (ContextHandler.java:doStart(921)) - Started o.e.j.w.WebAppContext@6b5b2c85{hddsDatanode,/,file:///home/runner/work/ozone/ozone/hadoop-ozone/integration-test-recon/target/test-dir/MiniOzoneClusterImpl-1e09403d-52eb-479c-879f-dc89daf7eeb0/ozone-meta/datanode-2/meta/webserver/jetty-0_0_0_0-15020-hdds-container-service-2_1_0-SNAPSHOT_jar-_-any-1509699256415055175/webapp/,AVAILABLE}{jar:file:/home/runner/work/ozone/ozone/hadoop-hdds/container-service/target/hdds-container-service-2.1.0-SNAPSHOT.jar!/webapps/hddsDatanode}
2025-07-27 04:39:34,680 [ForkJoinPool-1-worker-1] INFO  server.AbstractConnector (AbstractConnector.java:doStart(333)) - Started ServerConnector@5a8fa6bd{HTTP/1.1, (http/1.1)}{0.0.0.0:15020}
2025-07-27 04:39:34,680 [ForkJoinPool-1-worker-1] INFO  server.Server (Server.java:doStart(415)) - Started @25063ms
2025-07-27 04:39:34,680 [ForkJoinPool-1-worker-1] WARN  impl.MetricsSystemImpl (MetricsSystemImpl.java:register(279)) - Sink prometheus already exists!
2025-07-27 04:39:34,680 [ForkJoinPool-1-worker-1] INFO  http.BaseHttpServer (BaseHttpServer.java:updateConnectorAddress(359)) - HTTP server of hddsDatanode listening at http://localhost:15020
2025-07-27 04:39:34,681 [ForkJoinPool-1-worker-1] INFO  ipc.CallQueueManager (CallQueueManager.java:<init>(93)) - Using callQueue: class java.util.concurrent.LinkedBlockingQueue, queueCapacity: 1000, scheduler: class org.apache.hadoop.ipc.DefaultRpcScheduler, ipcBackoff: false, ipcFailOver: false.
2025-07-27 04:39:34,681 [ForkJoinPool-1-worker-1] INFO  ipc.Server (Server.java:<init>(1438)) - Listener at 0.0.0.0:15021
2025-07-27 04:39:34,681 [Socket Reader #1 for port 15021] INFO  ipc.Server (Server.java:run(1474)) - Starting Socket Reader #1 for port 15021
2025-07-27 04:39:34,681 [Socket Reader #2 for port 15021] INFO  ipc.Server (Server.java:run(1474)) - Starting Socket Reader #2 for port 15021
2025-07-27 04:39:34,682 [Socket Reader #3 for port 15021] INFO  ipc.Server (Server.java:run(1474)) - Starting Socket Reader #3 for port 15021
2025-07-27 04:39:34,682 [Socket Reader #4 for port 15021] INFO  ipc.Server (Server.java:run(1474)) - Starting Socket Reader #4 for port 15021
2025-07-27 04:39:34,682 [Socket Reader #5 for port 15021] INFO  ipc.Server (Server.java:run(1474)) - Starting Socket Reader #5 for port 15021
2025-07-27 04:39:34,682 [Socket Reader #6 for port 15021] INFO  ipc.Server (Server.java:run(1474)) - Starting Socket Reader #6 for port 15021
2025-07-27 04:39:34,682 [Socket Reader #7 for port 15021] INFO  ipc.Server (Server.java:run(1474)) - Starting Socket Reader #7 for port 15021
2025-07-27 04:39:34,682 [Socket Reader #8 for port 15021] INFO  ipc.Server (Server.java:run(1474)) - Starting Socket Reader #8 for port 15021
2025-07-27 04:39:34,682 [Socket Reader #9 for port 15021] INFO  ipc.Server (Server.java:run(1474)) - Starting Socket Reader #9 for port 15021
2025-07-27 04:39:34,683 [Socket Reader #10 for port 15021] INFO  ipc.Server (Server.java:run(1474)) - Starting Socket Reader #10 for port 15021
2025-07-27 04:39:34,684 [ForkJoinPool-1-worker-1] INFO  ozone.HddsDatanodeService (HddsDatanodeService.java:start(333)) - Datanode start with admins: [runner]
2025-07-27 04:39:34,684 [ForkJoinPool-1-worker-1] INFO  ozone.HddsDatanodeClientProtocolServer (HddsDatanodeClientProtocolServer.java:start(76)) - RPC server for Client /0.0.0.0:15021
2025-07-27 04:39:34,685 [IPC Server Responder] INFO  ipc.Server (Server.java:run(1713)) - IPC Server Responder: starting
2025-07-27 04:39:34,685 [IPC Server listener on 15021] INFO  ipc.Server (Server.java:run(1553)) - IPC Server listener on 15021: starting
2025-07-27 04:39:34,686 [ForkJoinPool-1-worker-1] WARN  dropwizard3.Dm3MetricRegistriesImpl (Dm3MetricRegistriesImpl.java:addReporterRegistration(114)) - New reporters are added after registries were created. Some metrics will be missing from the reporter. Please add reporter before adding any new registry.
2025-07-27 04:39:34,687 [ForkJoinPool-1-worker-1] WARN  dropwizard3.Dm3MetricRegistriesImpl (Dm3MetricRegistriesImpl.java:addReporterRegistration(114)) - New reporters are added after registries were created. Some metrics will be missing from the reporter. Please add reporter before adding any new registry.
2025-07-27 04:39:34,687 [ForkJoinPool-1-worker-1] INFO  impl.MetricsSystemImpl (MetricsSystemImpl.java:init(158)) - HddsDatanode metrics system started (again)
2025-07-27 04:39:34,688 [f71b517f-2361-4434-922a-3423737067f9-DatanodeStateMachineDaemonThread] INFO  statemachine.DatanodeStateMachine (DatanodeStateMachine.java:startStateMachineThread(347)) - Ozone container server started.
2025-07-27 04:39:34,688 [f71b517f-2361-4434-922a-3423737067f9-DatanodeStateMachineTaskThread-0] INFO  statemachine.SCMConnectionManager (SCMConnectionManager.java:addReconServer(184)) - Adding Recon Server : /127.0.0.1:15001
2025-07-27 04:39:34,693 [f71b517f-2361-4434-922a-3423737067f9-DatanodeStateMachineTaskThread-0] INFO  datanode.InitDatanodeState (InitDatanodeState.java:persistContainerDatanodeDetails(139)) - DatanodeDetails is persisted to /home/runner/work/ozone/ozone/hadoop-ozone/integration-test-recon/target/test-dir/MiniOzoneClusterImpl-1e09403d-52eb-479c-879f-dc89daf7eeb0/ozone-meta/datanode-2/meta/datanode.id
2025-07-27 04:39:34,700 [ForkJoinPool-1-worker-1] INFO  protocol.DatanodeDetails (DatanodeDetails.java:validateDatanodeIpAddress(199)) - Updating IP address of datanode 03318119-e9ed-4ea7-a7fd-1ba78babdf30(localhost/null) to 127.0.0.1
2025-07-27 04:39:34,700 [ForkJoinPool-1-worker-1] INFO  ozone.HddsDatanodeService (HddsDatanodeService.java:start(236)) - HddsDatanodeService 03318119-e9ed-4ea7-a7fd-1ba78babdf30(localhost/127.0.0.1)
2025-07-27 04:39:34,702 [ForkJoinPool-1-worker-1] INFO  upgrade.AbstractLayoutVersionManager (AbstractLayoutVersionManager.java:init(80)) - Initializing Layout version manager with metadata layout = WITNESSED_CONTAINER_DB_PROTO_VALUE (version = 9), software layout = WITNESSED_CONTAINER_DB_PROTO_VALUE (version = 9)
2025-07-27 04:39:34,702 [ForkJoinPool-1-worker-1] INFO  statemachine.DatanodeStateMachine (DatanodeStateMachine.java:getEndPointTaskThreadPoolSize(305)) - Datanode State Machine Task Thread Pool size 2
2025-07-27 04:39:34,705 [ForkJoinPool-1-worker-1] INFO  fs.SaveSpaceUsageToFile (SaveSpaceUsageToFile.java:load(92)) - Cached usage info file /home/runner/work/ozone/ozone/hadoop-ozone/integration-test-recon/target/test-dir/MiniOzoneClusterImpl-1e09403d-52eb-479c-879f-dc89daf7eeb0/ozone-meta/datanode-3/data-0/scmUsed not found
2025-07-27 04:39:34,706 [ForkJoinPool-1-worker-1] INFO  volume.HddsVolume (HddsVolume.java:<init>(162)) - HddsVolume: { id=DS-81721dab-d7f8-4c5e-8c11-88a60c5df287 dir=/home/runner/work/ozone/ozone/hadoop-ozone/integration-test-recon/target/test-dir/MiniOzoneClusterImpl-1e09403d-52eb-479c-879f-dc89daf7eeb0/ozone-meta/datanode-3/data-0/hdds type=DISK capacity=76879465972 used=0 available=24851492864 minFree=5368709120 committed=0 }
2025-07-27 04:39:34,707 [ForkJoinPool-1-worker-1] INFO  volume.MutableVolumeSet (MutableVolumeSet.java:initializeVolumeSet(167)) - Added Volume : /home/runner/work/ozone/ozone/hadoop-ozone/integration-test-recon/target/test-dir/MiniOzoneClusterImpl-1e09403d-52eb-479c-879f-dc89daf7eeb0/ozone-meta/datanode-3/data-0/hdds to VolumeSet
2025-07-27 04:39:34,707 [ForkJoinPool-1-worker-1] INFO  fs.SaveSpaceUsageToFile (SaveSpaceUsageToFile.java:load(92)) - Cached usage info file /home/runner/work/ozone/ozone/hadoop-ozone/integration-test-recon/target/test-dir/MiniOzoneClusterImpl-1e09403d-52eb-479c-879f-dc89daf7eeb0/ozone-meta/datanode-3/ratis/scmUsed not found
2025-07-27 04:39:34,708 [ForkJoinPool-1-worker-1] INFO  volume.MutableVolumeSet (MutableVolumeSet.java:initializeVolumeSet(167)) - Added Volume : /home/runner/work/ozone/ozone/hadoop-ozone/integration-test-recon/target/test-dir/MiniOzoneClusterImpl-1e09403d-52eb-479c-879f-dc89daf7eeb0/ozone-meta/datanode-3/ratis to VolumeSet
2025-07-27 04:39:34,709 [ForkJoinPool-1-worker-1] INFO  ozoneimpl.OzoneContainer (HddsVolumeUtil.java:loadAllHddsVolumeDbStore(102)) - Load 1 volumes DbStore cost: 0ms
2025-07-27 04:39:34,709 [ForkJoinPool-1-worker-1] WARN  db.DBStoreBuilder (DBStoreBuilder.java:getDBDirPath(158)) - ozone.scm.datanode.id.dir is not configured. We recommend adding this setting. Falling back to ozone.metadata.dirs instead.
2025-07-27 04:39:34,710 [ForkJoinPool-1-worker-1] WARN  db.DBStoreBuilder (DBStoreBuilder.java:getDBDirPath(158)) - ozone.scm.datanode.id.dir is not configured. We recommend adding this setting. Falling back to ozone.metadata.dirs instead.
2025-07-27 04:39:34,722 [ForkJoinPool-1-worker-1] INFO  impl.FilePerChunkStrategy (FilePerChunkStrategy.java:<init>(79)) - ozone.chunk.read.mapped.buffer.max.count is load with 0
2025-07-27 04:39:34,722 [ForkJoinPool-1-worker-1] INFO  impl.FilePerBlockStrategy (FilePerBlockStrategy.java:<init>(88)) - ozone.chunk.read.mapped.buffer.max.count is load with 0
2025-07-27 04:39:34,723 [ForkJoinPool-1-worker-1] INFO  server.RaftServerConfigKeys (ConfUtils.java:logGet(62)) - raft.server.log.appender.buffer.byte-limit = 33554432 (custom)
2025-07-27 04:39:34,724 [ForkJoinPool-1-worker-1] INFO  grpc.GrpcConfigKeys (ConfUtils.java:logFallback(69)) - raft.grpc.admin.host = null (fallback to raft.grpc.server.host)
2025-07-27 04:39:34,725 [ForkJoinPool-1-worker-1] INFO  grpc.GrpcConfigKeys (ConfUtils.java:logGet(62)) - raft.grpc.admin.port = 15032 (custom)
2025-07-27 04:39:34,725 [ForkJoinPool-1-worker-1] INFO  grpc.GrpcConfigKeys (ConfUtils.java:logFallback(69)) - raft.grpc.client.host = null (fallback to raft.grpc.server.host)
2025-07-27 04:39:34,725 [ForkJoinPool-1-worker-1] INFO  grpc.GrpcConfigKeys (ConfUtils.java:logGet(62)) - raft.grpc.client.port = 15031 (custom)
2025-07-27 04:39:34,725 [ForkJoinPool-1-worker-1] INFO  grpc.GrpcConfigKeys (ConfUtils.java:logGet(62)) - raft.grpc.server.port = 15033 (custom)
2025-07-27 04:39:34,725 [ForkJoinPool-1-worker-1] INFO  server.GrpcServicesImpl (ConfUtils.java:logGet(62)) - raft.grpc.message.size.max = 34603008 (custom)
2025-07-27 04:39:34,725 [ForkJoinPool-1-worker-1] INFO  server.GrpcServicesImpl (ConfUtils.java:logGet(62)) - raft.grpc.flow.control.window = 5MB (=5242880) (custom)
2025-07-27 04:39:34,725 [ForkJoinPool-1-worker-1] INFO  server.RaftServerConfigKeys (ConfUtils.java:logGet(62)) - raft.server.log.appender.buffer.byte-limit = 33554432 (custom)
2025-07-27 04:39:34,727 [ForkJoinPool-1-worker-1] INFO  netty.NettyUtils (NettyUtils.java:newEventLoopGroup(74)) - Create EpollEventLoopGroup for 03318119-e9ed-4ea7-a7fd-1ba78babdf30-NettyServerStreamRpc-bossGroup; Thread size is 0.
2025-07-27 04:39:34,727 [ForkJoinPool-1-worker-1] INFO  netty.NettyUtils (NettyUtils.java:newEventLoopGroup(74)) - Create EpollEventLoopGroup for 03318119-e9ed-4ea7-a7fd-1ba78babdf30-NettyServerStreamRpc-workerGroup; Thread size is 0.
2025-07-27 04:39:34,728 [ForkJoinPool-1-worker-1] INFO  netty.NettyConfigKeys$DataStream (ConfUtils.java:logGet(62)) - raft.netty.dataStream.port = 15034 (custom)
2025-07-27 04:39:34,728 [ForkJoinPool-1-worker-1] INFO  server.RaftServerConfigKeys (ConfUtils.java:logGet(62)) - raft.server.storage.dir = [/home/runner/work/ozone/ozone/hadoop-ozone/integration-test-recon/target/test-dir/MiniOzoneClusterImpl-1e09403d-52eb-479c-879f-dc89daf7eeb0/ozone-meta/datanode-3/ratis] (custom)
2025-07-27 04:39:34,729 [03318119-e9ed-4ea7-a7fd-1ba78babdf30-NettyServerStreamRpc-bossGroup--thread1] INFO  logging.LoggingHandler (AbstractInternalLogger.java:log(148)) - [id: 0x910f5267] REGISTERED
2025-07-27 04:39:34,729 [03318119-e9ed-4ea7-a7fd-1ba78babdf30-NettyServerStreamRpc-bossGroup--thread1] INFO  logging.LoggingHandler (AbstractInternalLogger.java:log(148)) - [id: 0x910f5267] BIND: 0.0.0.0/0.0.0.0:15034
2025-07-27 04:39:34,729 [03318119-e9ed-4ea7-a7fd-1ba78babdf30-NettyServerStreamRpc-bossGroup--thread1] INFO  logging.LoggingHandler (AbstractInternalLogger.java:log(148)) - [id: 0x910f5267, L:/0.0.0.0:15034] ACTIVE
2025-07-27 04:39:34,729 [03318119-e9ed-4ea7-a7fd-1ba78babdf30-impl-thread1] INFO  server.RaftServer (RaftServerProxy.java:initGroupDir(270)) - 03318119-e9ed-4ea7-a7fd-1ba78babdf30: found a subdirectory /home/runner/work/ozone/ozone/hadoop-ozone/integration-test-recon/target/test-dir/MiniOzoneClusterImpl-1e09403d-52eb-479c-879f-dc89daf7eeb0/ozone-meta/datanode-3/ratis/tmp
2025-07-27 04:39:34,730 [03318119-e9ed-4ea7-a7fd-1ba78babdf30-impl-thread1] INFO  server.RaftServer (RaftServerProxy.java:initGroupDir(275)) - 03318119-e9ed-4ea7-a7fd-1ba78babdf30: The directory /home/runner/work/ozone/ozone/hadoop-ozone/integration-test-recon/target/test-dir/MiniOzoneClusterImpl-1e09403d-52eb-479c-879f-dc89daf7eeb0/ozone-meta/datanode-3/ratis/tmp is not a group directory; ignoring it. 
2025-07-27 04:39:34,730 [ForkJoinPool-1-worker-1] INFO  replication.ReplicationServer (ReplicationServer.java:<init>(84)) - Initializing replication server with thread count = 10 queue length = 4096
2025-07-27 04:39:34,731 [ForkJoinPool-1-worker-1] INFO  server.XceiverServerGrpc (XceiverServerGrpc.java:<init>(130)) - GrpcServer channel type EpollServerSocketChannel
2025-07-27 04:39:34,732 [ForkJoinPool-1-worker-1] INFO  replication.ReplicationSupervisor (ReplicationSupervisor.java:build(169)) - Initializing replication supervisor with thread count = 10
2025-07-27 04:39:34,733 [ForkJoinPool-1-worker-1] INFO  replication.ReplicationSupervisor (ReplicationSupervisor.java:nodeStateUpdated(358)) - Node state updated to IN_SERVICE, scaling executor pool size to 10
2025-07-27 04:39:34,736 [ForkJoinPool-1-worker-1] INFO  http.BaseHttpServer (BaseHttpServer.java:newHttpServer2BuilderForOzone(229)) - Starting Web-server for hddsDatanode at: http://0.0.0.0:15028
2025-07-27 04:39:34,736 [ForkJoinPool-1-worker-1] INFO  http.BaseHttpServer (BaseHttpServer.java:<init>(107)) - Hadoop Security Enabled: false Ozone Security Enabled: false Ozone HTTP Security Enabled: false 
2025-07-27 04:39:34,737 [ForkJoinPool-1-worker-1] WARN  server.AuthenticationFilter (AuthenticationFilter.java:constructSecretProvider(240)) - Unable to initialize FileSignerSecretProvider, falling back to use random secrets. Reason: Could not read signature secret file: /home/runner/hadoop-http-auth-signature-secret
2025-07-27 04:39:34,740 [ForkJoinPool-1-worker-1] INFO  http.HttpServer2 (HttpServer2.java:addGlobalFilter(1042)) - Added global filter 'safety' (class=org.apache.hadoop.hdds.server.http.HttpServer2$QuotingInputFilter)
2025-07-27 04:39:34,741 [ForkJoinPool-1-worker-1] INFO  http.HttpServer2 (HttpServer2.java:addFilter(1018)) - Added filter static_user_filter (class=org.apache.hadoop.http.lib.StaticUserWebFilter$StaticUserFilter) to context hddsDatanode
2025-07-27 04:39:34,741 [ForkJoinPool-1-worker-1] INFO  http.HttpServer2 (HttpServer2.java:addFilter(1026)) - Added filter static_user_filter (class=org.apache.hadoop.http.lib.StaticUserWebFilter$StaticUserFilter) to context static
2025-07-27 04:39:34,741 [ForkJoinPool-1-worker-1] INFO  http.HttpServer2 (HttpServer2.java:addFilter(1026)) - Added filter static_user_filter (class=org.apache.hadoop.http.lib.StaticUserWebFilter$StaticUserFilter) to context logs
2025-07-27 04:39:34,741 [ForkJoinPool-1-worker-1] INFO  http.BaseHttpServer (BaseHttpServer.java:<init>(195)) - HTTP server of hddsDatanode uses base directory /home/runner/work/ozone/ozone/hadoop-ozone/integration-test-recon/target/test-dir/MiniOzoneClusterImpl-1e09403d-52eb-479c-879f-dc89daf7eeb0/ozone-meta/datanode-3/meta/webserver
2025-07-27 04:39:34,742 [ForkJoinPool-1-worker-1] INFO  http.HttpServer2 (HttpServer2.java:bindListener(1242)) - Jetty bound to port 15028
2025-07-27 04:39:34,742 [ForkJoinPool-1-worker-1] INFO  server.Server (Server.java:doStart(375)) - jetty-9.4.57.v20241219; built: 2025-01-08T21:24:30.412Z; git: df524e6b29271c2e09ba9aea83c18dc9db464a31; jvm 21.0.8+9-LTS
2025-07-27 04:39:34,743 [ForkJoinPool-1-worker-1] INFO  server.session (DefaultSessionIdManager.java:doStart(334)) - DefaultSessionIdManager workerName=node0
2025-07-27 04:39:34,744 [ForkJoinPool-1-worker-1] INFO  server.session (DefaultSessionIdManager.java:doStart(339)) - No SessionScavenger set, using defaults
2025-07-27 04:39:34,744 [ForkJoinPool-1-worker-1] INFO  server.session (HouseKeeper.java:startScavenging(132)) - node0 Scavenging every 660000ms
2025-07-27 04:39:34,744 [ForkJoinPool-1-worker-1] INFO  handler.ContextHandler (ContextHandler.java:doStart(921)) - Started o.e.j.s.ServletContextHandler@2e420559{logs,/logs,file:///home/runner/work/ozone/ozone/hadoop-ozone/integration-test-recon/target/log,AVAILABLE}
2025-07-27 04:39:34,745 [ForkJoinPool-1-worker-1] INFO  handler.ContextHandler (ContextHandler.java:doStart(921)) - Started o.e.j.s.ServletContextHandler@e956f63{static,/static,jar:file:/home/runner/work/ozone/ozone/hadoop-hdds/container-service/target/hdds-container-service-2.1.0-SNAPSHOT.jar!/webapps/static,AVAILABLE}
2025-07-27 04:39:34,889 [ForkJoinPool-1-worker-1] INFO  handler.ContextHandler (ContextHandler.java:doStart(921)) - Started o.e.j.w.WebAppContext@7c6c4e5b{hddsDatanode,/,file:///home/runner/work/ozone/ozone/hadoop-ozone/integration-test-recon/target/test-dir/MiniOzoneClusterImpl-1e09403d-52eb-479c-879f-dc89daf7eeb0/ozone-meta/datanode-3/meta/webserver/jetty-0_0_0_0-15028-hdds-container-service-2_1_0-SNAPSHOT_jar-_-any-10149235360933104973/webapp/,AVAILABLE}{jar:file:/home/runner/work/ozone/ozone/hadoop-hdds/container-service/target/hdds-container-service-2.1.0-SNAPSHOT.jar!/webapps/hddsDatanode}
2025-07-27 04:39:34,890 [ForkJoinPool-1-worker-1] INFO  server.AbstractConnector (AbstractConnector.java:doStart(333)) - Started ServerConnector@6e2f96cb{HTTP/1.1, (http/1.1)}{0.0.0.0:15028}
2025-07-27 04:39:34,890 [ForkJoinPool-1-worker-1] INFO  server.Server (Server.java:doStart(415)) - Started @25273ms
2025-07-27 04:39:34,890 [ForkJoinPool-1-worker-1] WARN  impl.MetricsSystemImpl (MetricsSystemImpl.java:register(279)) - Sink prometheus already exists!
2025-07-27 04:39:34,890 [ForkJoinPool-1-worker-1] INFO  http.BaseHttpServer (BaseHttpServer.java:updateConnectorAddress(359)) - HTTP server of hddsDatanode listening at http://localhost:15028
2025-07-27 04:39:34,890 [ForkJoinPool-1-worker-1] INFO  ipc.CallQueueManager (CallQueueManager.java:<init>(93)) - Using callQueue: class java.util.concurrent.LinkedBlockingQueue, queueCapacity: 1000, scheduler: class org.apache.hadoop.ipc.DefaultRpcScheduler, ipcBackoff: false, ipcFailOver: false.
2025-07-27 04:39:34,891 [ForkJoinPool-1-worker-1] INFO  ipc.Server (Server.java:<init>(1438)) - Listener at 0.0.0.0:15029
2025-07-27 04:39:34,891 [Socket Reader #1 for port 15029] INFO  ipc.Server (Server.java:run(1474)) - Starting Socket Reader #1 for port 15029
2025-07-27 04:39:34,891 [Socket Reader #2 for port 15029] INFO  ipc.Server (Server.java:run(1474)) - Starting Socket Reader #2 for port 15029
2025-07-27 04:39:34,892 [Socket Reader #3 for port 15029] INFO  ipc.Server (Server.java:run(1474)) - Starting Socket Reader #3 for port 15029
2025-07-27 04:39:34,893 [Socket Reader #4 for port 15029] INFO  ipc.Server (Server.java:run(1474)) - Starting Socket Reader #4 for port 15029
2025-07-27 04:39:34,894 [Socket Reader #5 for port 15029] INFO  ipc.Server (Server.java:run(1474)) - Starting Socket Reader #5 for port 15029
2025-07-27 04:39:34,894 [Socket Reader #6 for port 15029] INFO  ipc.Server (Server.java:run(1474)) - Starting Socket Reader #6 for port 15029
2025-07-27 04:39:34,894 [Socket Reader #7 for port 15029] INFO  ipc.Server (Server.java:run(1474)) - Starting Socket Reader #7 for port 15029
2025-07-27 04:39:34,895 [Socket Reader #8 for port 15029] INFO  ipc.Server (Server.java:run(1474)) - Starting Socket Reader #8 for port 15029
2025-07-27 04:39:34,895 [Socket Reader #9 for port 15029] INFO  ipc.Server (Server.java:run(1474)) - Starting Socket Reader #9 for port 15029
2025-07-27 04:39:34,896 [Socket Reader #10 for port 15029] INFO  ipc.Server (Server.java:run(1474)) - Starting Socket Reader #10 for port 15029
2025-07-27 04:39:34,898 [ForkJoinPool-1-worker-1] INFO  ozone.HddsDatanodeService (HddsDatanodeService.java:start(333)) - Datanode start with admins: [runner]
2025-07-27 04:39:34,898 [ForkJoinPool-1-worker-1] INFO  ozone.HddsDatanodeClientProtocolServer (HddsDatanodeClientProtocolServer.java:start(76)) - RPC server for Client /0.0.0.0:15029
2025-07-27 04:39:34,898 [IPC Server Responder] INFO  ipc.Server (Server.java:run(1713)) - IPC Server Responder: starting
2025-07-27 04:39:34,898 [IPC Server listener on 15029] INFO  ipc.Server (Server.java:run(1553)) - IPC Server listener on 15029: starting
2025-07-27 04:39:34,901 [03318119-e9ed-4ea7-a7fd-1ba78babdf30-DatanodeStateMachineDaemonThread] INFO  statemachine.DatanodeStateMachine (DatanodeStateMachine.java:startStateMachineThread(347)) - Ozone container server started.
2025-07-27 04:39:34,902 [03318119-e9ed-4ea7-a7fd-1ba78babdf30-DatanodeStateMachineTaskThread-0] INFO  statemachine.SCMConnectionManager (SCMConnectionManager.java:addReconServer(184)) - Adding Recon Server : /127.0.0.1:15001
2025-07-27 04:39:34,904 [ForkJoinPool-1-worker-1] INFO  ozone.MiniOzoneClusterImpl (MiniOzoneClusterImpl.java:lambda$waitForClusterToBeReady$0(173)) - Waiting for nodes to be ready. Got 0 of 3 DN Heartbeats.
2025-07-27 04:39:34,904 [ForkJoinPool-1-worker-1] INFO  ozone.MiniOzoneClusterImpl (MiniOzoneClusterImpl.java:lambda$waitForClusterToBeReady$0(176)) - Waiting for cluster to exit safe mode
2025-07-27 04:39:34,904 [ForkJoinPool-1-worker-1] INFO  ozone.MiniOzoneClusterImpl (MiniOzoneClusterImpl.java:lambda$waitForClusterToBeReady$0(178)) - SCM became leader
2025-07-27 04:39:34,906 [03318119-e9ed-4ea7-a7fd-1ba78babdf30-DatanodeStateMachineTaskThread-0] INFO  datanode.InitDatanodeState (InitDatanodeState.java:persistContainerDatanodeDetails(139)) - DatanodeDetails is persisted to /home/runner/work/ozone/ozone/hadoop-ozone/integration-test-recon/target/test-dir/MiniOzoneClusterImpl-1e09403d-52eb-479c-879f-dc89daf7eeb0/ozone-meta/datanode-3/meta/datanode.id
2025-07-27 04:39:35,029 [c1327a8c-71b7-4605-98e6-996d8ace38a9-EndpointStateMachineTaskThread-/0.0.0.0:15004-0 ] INFO  utils.DatanodeStoreCache (DatanodeStoreCache.java:addDB(70)) - Added db /home/runner/work/ozone/ozone/hadoop-ozone/integration-test-recon/target/test-dir/MiniOzoneClusterImpl-1e09403d-52eb-479c-879f-dc89daf7eeb0/ozone-meta/datanode-1/data-0/hdds/1e09403d-52eb-479c-879f-dc89daf7eeb0/DS-549d02e8-8637-4932-99d0-2a7f9e1787d3/container.db to cache
2025-07-27 04:39:35,029 [c1327a8c-71b7-4605-98e6-996d8ace38a9-EndpointStateMachineTaskThread-/0.0.0.0:15004-0 ] INFO  volume.HddsVolume (HddsVolume.java:createDbStore(576)) - SchemaV3 db is created and loaded at /home/runner/work/ozone/ozone/hadoop-ozone/integration-test-recon/target/test-dir/MiniOzoneClusterImpl-1e09403d-52eb-479c-879f-dc89daf7eeb0/ozone-meta/datanode-1/data-0/hdds/1e09403d-52eb-479c-879f-dc89daf7eeb0/DS-549d02e8-8637-4932-99d0-2a7f9e1787d3/container.db for volume DS-549d02e8-8637-4932-99d0-2a7f9e1787d3
2025-07-27 04:39:35,035 [c1327a8c-71b7-4605-98e6-996d8ace38a9-ContainerReader-0] INFO  ozoneimpl.ContainerReader (ContainerReader.java:readVolume(144)) - Start to verify containers on volume /home/runner/work/ozone/ozone/hadoop-ozone/integration-test-recon/target/test-dir/MiniOzoneClusterImpl-1e09403d-52eb-479c-879f-dc89daf7eeb0/ozone-meta/datanode-1/data-0/hdds
2025-07-27 04:39:35,036 [c1327a8c-71b7-4605-98e6-996d8ace38a9-ContainerReader-0] INFO  ozoneimpl.ContainerReader (ContainerReader.java:readVolume(174)) - Finish verifying containers on volume /home/runner/work/ozone/ozone/hadoop-ozone/integration-test-recon/target/test-dir/MiniOzoneClusterImpl-1e09403d-52eb-479c-879f-dc89daf7eeb0/ozone-meta/datanode-1/data-0/hdds
2025-07-27 04:39:35,036 [c1327a8c-71b7-4605-98e6-996d8ace38a9-EndpointStateMachineTaskThread-/0.0.0.0:15004-0 ] INFO  ozoneimpl.OzoneContainer (OzoneContainer.java:buildContainerSet(370)) - Build ContainerSet costs 0s
2025-07-27 04:39:35,037 [c1327a8c-71b7-4605-98e6-996d8ace38a9-EndpointStateMachineTaskThread-/0.0.0.0:15004-0 ] INFO  volume.ThrottledAsyncChecker (ThrottledAsyncChecker.java:schedule(138)) - Scheduling a check for /home/runner/work/ozone/ozone/hadoop-ozone/integration-test-recon/target/test-dir/MiniOzoneClusterImpl-1e09403d-52eb-479c-879f-dc89daf7eeb0/ozone-meta/datanode-1/data-0/hdds
2025-07-27 04:39:35,041 [c1327a8c-71b7-4605-98e6-996d8ace38a9-DataNodeDiskCheckerThread-0] WARN  volume.VolumeUsage (VolumeUsage.java:isReservedUsagesInRange(245)) - Reserved usages 51991924736 is higher than actual allocated reserved space 7688716.
2025-07-27 04:39:35,041 [c1327a8c-71b7-4605-98e6-996d8ace38a9-DataNodeDiskCheckerThread-0] WARN  volume.HddsVolume (HddsVolume.java:checkVolumeUsages(375)) - Volume /home/runner/work/ozone/ozone/hadoop-ozone/integration-test-recon/target/test-dir/MiniOzoneClusterImpl-1e09403d-52eb-479c-879f-dc89daf7eeb0/ozone-meta/datanode-1/data-0/hdds reserved usages is higher than actual allocated reserved space.
2025-07-27 04:39:35,043 [c1327a8c-71b7-4605-98e6-996d8ace38a9-EndpointStateMachineTaskThread-/0.0.0.0:15004-0 ] INFO  volume.StorageVolumeChecker (StorageVolumeChecker.java:checkAllVolumes(231)) - Scheduled health check for volume /home/runner/work/ozone/ozone/hadoop-ozone/integration-test-recon/target/test-dir/MiniOzoneClusterImpl-1e09403d-52eb-479c-879f-dc89daf7eeb0/ozone-meta/datanode-1/data-0/hdds
2025-07-27 04:39:35,049 [c1327a8c-71b7-4605-98e6-996d8ace38a9-EndpointStateMachineTaskThread-/0.0.0.0:15004-0 ] INFO  volume.ThrottledAsyncChecker (ThrottledAsyncChecker.java:schedule(138)) - Scheduling a check for /home/runner/work/ozone/ozone/hadoop-ozone/integration-test-recon/target/test-dir/MiniOzoneClusterImpl-1e09403d-52eb-479c-879f-dc89daf7eeb0/ozone-meta/datanode-1/ratis
2025-07-27 04:39:35,049 [c1327a8c-71b7-4605-98e6-996d8ace38a9-EndpointStateMachineTaskThread-/0.0.0.0:15004-0 ] INFO  volume.StorageVolumeChecker (StorageVolumeChecker.java:checkAllVolumes(231)) - Scheduled health check for volume /home/runner/work/ozone/ozone/hadoop-ozone/integration-test-recon/target/test-dir/MiniOzoneClusterImpl-1e09403d-52eb-479c-879f-dc89daf7eeb0/ozone-meta/datanode-1/ratis
2025-07-27 04:39:35,050 [c1327a8c-71b7-4605-98e6-996d8ace38a9-EndpointStateMachineTaskThread-/0.0.0.0:15004-0 ] INFO  ozoneimpl.OzoneContainer (OzoneContainer.java:start(520)) - Attempting to start container services.
2025-07-27 04:39:35,061 [DiskUsage-/home/runner/work/ozone/ozone/hadoop-ozone/integration-test-recon/target/test-dir/MiniOzoneClusterImpl-1e09403d-52eb-479c-879f-dc89daf7eeb0/ozone-meta/datanode-1/data-0-
] INFO  fs.DUOptimized (DUOptimized.java:getUsedSpace(49)) - Disk metaPath du usages 4382720, container data usages 0
2025-07-27 04:39:35,063 [DiskUsage-/home/runner/work/ozone/ozone/hadoop-ozone/integration-test-recon/target/test-dir/MiniOzoneClusterImpl-1e09403d-52eb-479c-879f-dc89daf7eeb0/ozone-meta/datanode-1/ratis-
] INFO  fs.DUOptimized (DUOptimized.java:getUsedSpace(49)) - Disk metaPath du usages 12288, container data usages 0
2025-07-27 04:39:35,064 [ContainerMetadataScanner] INFO  ozoneimpl.AbstractBackgroundContainerScanner (AbstractBackgroundContainerScanner.java:runIteration(89)) - Completed an iteration in 0 minutes. Number of iterations (since the data-node restart) : 1, Number of containers scanned in this iteration : 0, Number of unhealthy containers found in this iteration : 0
2025-07-27 04:39:35,068 [ContainerDataScanner(/home/runner/work/ozone/ozone/hadoop-ozone/integration-test-recon/target/test-dir/MiniOzoneClusterImpl-1e09403d-52eb-479c-879f-dc89daf7eeb0/ozone-meta/datanode-1/data-0/hdds)] INFO  ozoneimpl.AbstractBackgroundContainerScanner (AbstractBackgroundContainerScanner.java:runIteration(89)) - Completed an iteration in 0 minutes. Number of iterations (since the data-node restart) : 1, Number of containers scanned in this iteration : 0, Number of unhealthy containers found in this iteration : 0
2025-07-27 04:39:35,070 [c1327a8c-71b7-4605-98e6-996d8ace38a9-EndpointStateMachineTaskThread-/0.0.0.0:15004-0 ] INFO  replication.ReplicationServer (ReplicationServer.java:start(137)) - ReplicationServer is started using port 15019
2025-07-27 04:39:35,070 [c1327a8c-71b7-4605-98e6-996d8ace38a9-EndpointStateMachineTaskThread-/0.0.0.0:15004-0 ] INFO  ratis.XceiverServerRatis (XceiverServerRatis.java:start(559)) - Starting XceiverServerRatis(c1327a8c-71b7-4605-98e6-996d8ace38a9)
2025-07-27 04:39:35,071 [c1327a8c-71b7-4605-98e6-996d8ace38a9-EndpointStateMachineTaskThread-/0.0.0.0:15004-0 ] INFO  server.RaftServer (RaftServerProxy.java:startImpl(412)) - c1327a8c-71b7-4605-98e6-996d8ace38a9: start RPC server
2025-07-27 04:39:35,072 [c1327a8c-71b7-4605-98e6-996d8ace38a9-EndpointStateMachineTaskThread-/0.0.0.0:15004-0 ] INFO  server.GrpcServicesImpl (GrpcServicesImpl.java:startImpl(346)) - c1327a8c-71b7-4605-98e6-996d8ace38a9: GrpcServicesImpl started, listening on 15015
2025-07-27 04:39:35,073 [c1327a8c-71b7-4605-98e6-996d8ace38a9-EndpointStateMachineTaskThread-/0.0.0.0:15004-0 ] INFO  server.GrpcServicesImpl (GrpcServicesImpl.java:startImpl(346)) - c1327a8c-71b7-4605-98e6-996d8ace38a9: GrpcServicesImpl started, listening on 15017
2025-07-27 04:39:35,073 [c1327a8c-71b7-4605-98e6-996d8ace38a9-EndpointStateMachineTaskThread-/0.0.0.0:15004-0 ] INFO  server.GrpcServicesImpl (GrpcServicesImpl.java:startImpl(346)) - c1327a8c-71b7-4605-98e6-996d8ace38a9: GrpcServicesImpl started, listening on 15016
2025-07-27 04:39:35,074 [c1327a8c-71b7-4605-98e6-996d8ace38a9-EndpointStateMachineTaskThread-/0.0.0.0:15004-0 ] INFO  ratis.XceiverServerRatis (XceiverServerRatis.java:getRealPort(586)) - XceiverServerRatis(c1327a8c-71b7-4605-98e6-996d8ace38a9) is started using port RATIS=15015
2025-07-27 04:39:35,074 [c1327a8c-71b7-4605-98e6-996d8ace38a9-EndpointStateMachineTaskThread-/0.0.0.0:15004-0 ] INFO  ratis.XceiverServerRatis (XceiverServerRatis.java:getRealPort(586)) - XceiverServerRatis(c1327a8c-71b7-4605-98e6-996d8ace38a9) is started using port RATIS_ADMIN=15016
2025-07-27 04:39:35,074 [c1327a8c-71b7-4605-98e6-996d8ace38a9-EndpointStateMachineTaskThread-/0.0.0.0:15004-0 ] INFO  ratis.XceiverServerRatis (XceiverServerRatis.java:getRealPort(586)) - XceiverServerRatis(c1327a8c-71b7-4605-98e6-996d8ace38a9) is started using port RATIS_SERVER=15017
2025-07-27 04:39:35,074 [c1327a8c-71b7-4605-98e6-996d8ace38a9-EndpointStateMachineTaskThread-/0.0.0.0:15004-0 ] INFO  ratis.XceiverServerRatis (XceiverServerRatis.java:getRealPort(586)) - XceiverServerRatis(c1327a8c-71b7-4605-98e6-996d8ace38a9) is started using port RATIS_DATASTREAM=15018
2025-07-27 04:39:35,074 [JvmPauseMonitor4] INFO  util.JvmPauseMonitor (JvmPauseMonitor.java:run(146)) - JvmPauseMonitor-c1327a8c-71b7-4605-98e6-996d8ace38a9: Started
2025-07-27 04:39:35,075 [c1327a8c-71b7-4605-98e6-996d8ace38a9-EndpointStateMachineTaskThread-/0.0.0.0:15004-0 ] INFO  utils.BackgroundService (BackgroundService.java:start(118)) - Starting service BlockDeletingService with interval 60000 milliseconds
2025-07-27 04:39:35,075 [c1327a8c-71b7-4605-98e6-996d8ace38a9-EndpointStateMachineTaskThread-/0.0.0.0:15004-0 ] INFO  utils.BackgroundService (BackgroundService.java:start(118)) - Starting service StaleRecoveringContainerScrubbingService with interval 60000 milliseconds
2025-07-27 04:39:35,216 [f71b517f-2361-4434-922a-3423737067f9-EndpointStateMachineTaskThread-/0.0.0.0:15004-0 ] INFO  utils.DatanodeStoreCache (DatanodeStoreCache.java:addDB(70)) - Added db /home/runner/work/ozone/ozone/hadoop-ozone/integration-test-recon/target/test-dir/MiniOzoneClusterImpl-1e09403d-52eb-479c-879f-dc89daf7eeb0/ozone-meta/datanode-2/data-0/hdds/1e09403d-52eb-479c-879f-dc89daf7eeb0/DS-8f0d9e64-c30e-4755-a9f8-1cca82f07d8d/container.db to cache
2025-07-27 04:39:35,216 [f71b517f-2361-4434-922a-3423737067f9-EndpointStateMachineTaskThread-/0.0.0.0:15004-0 ] INFO  volume.HddsVolume (HddsVolume.java:createDbStore(576)) - SchemaV3 db is created and loaded at /home/runner/work/ozone/ozone/hadoop-ozone/integration-test-recon/target/test-dir/MiniOzoneClusterImpl-1e09403d-52eb-479c-879f-dc89daf7eeb0/ozone-meta/datanode-2/data-0/hdds/1e09403d-52eb-479c-879f-dc89daf7eeb0/DS-8f0d9e64-c30e-4755-a9f8-1cca82f07d8d/container.db for volume DS-8f0d9e64-c30e-4755-a9f8-1cca82f07d8d
2025-07-27 04:39:35,219 [f71b517f-2361-4434-922a-3423737067f9-ContainerReader-0] INFO  ozoneimpl.ContainerReader (ContainerReader.java:readVolume(144)) - Start to verify containers on volume /home/runner/work/ozone/ozone/hadoop-ozone/integration-test-recon/target/test-dir/MiniOzoneClusterImpl-1e09403d-52eb-479c-879f-dc89daf7eeb0/ozone-meta/datanode-2/data-0/hdds
2025-07-27 04:39:35,219 [f71b517f-2361-4434-922a-3423737067f9-ContainerReader-0] INFO  ozoneimpl.ContainerReader (ContainerReader.java:readVolume(174)) - Finish verifying containers on volume /home/runner/work/ozone/ozone/hadoop-ozone/integration-test-recon/target/test-dir/MiniOzoneClusterImpl-1e09403d-52eb-479c-879f-dc89daf7eeb0/ozone-meta/datanode-2/data-0/hdds
2025-07-27 04:39:35,219 [f71b517f-2361-4434-922a-3423737067f9-EndpointStateMachineTaskThread-/0.0.0.0:15004-0 ] INFO  ozoneimpl.OzoneContainer (OzoneContainer.java:buildContainerSet(370)) - Build ContainerSet costs 0s
2025-07-27 04:39:35,219 [f71b517f-2361-4434-922a-3423737067f9-EndpointStateMachineTaskThread-/0.0.0.0:15004-0 ] INFO  volume.ThrottledAsyncChecker (ThrottledAsyncChecker.java:schedule(138)) - Scheduling a check for /home/runner/work/ozone/ozone/hadoop-ozone/integration-test-recon/target/test-dir/MiniOzoneClusterImpl-1e09403d-52eb-479c-879f-dc89daf7eeb0/ozone-meta/datanode-2/data-0/hdds
2025-07-27 04:39:35,220 [f71b517f-2361-4434-922a-3423737067f9-DataNodeDiskCheckerThread-0] WARN  volume.VolumeUsage (VolumeUsage.java:isReservedUsagesInRange(245)) - Reserved usages 52013789184 is higher than actual allocated reserved space 7688716.
2025-07-27 04:39:35,220 [f71b517f-2361-4434-922a-3423737067f9-DataNodeDiskCheckerThread-0] WARN  volume.HddsVolume (HddsVolume.java:checkVolumeUsages(375)) - Volume /home/runner/work/ozone/ozone/hadoop-ozone/integration-test-recon/target/test-dir/MiniOzoneClusterImpl-1e09403d-52eb-479c-879f-dc89daf7eeb0/ozone-meta/datanode-2/data-0/hdds reserved usages is higher than actual allocated reserved space.
2025-07-27 04:39:35,220 [f71b517f-2361-4434-922a-3423737067f9-EndpointStateMachineTaskThread-/0.0.0.0:15004-0 ] INFO  volume.StorageVolumeChecker (StorageVolumeChecker.java:checkAllVolumes(231)) - Scheduled health check for volume /home/runner/work/ozone/ozone/hadoop-ozone/integration-test-recon/target/test-dir/MiniOzoneClusterImpl-1e09403d-52eb-479c-879f-dc89daf7eeb0/ozone-meta/datanode-2/data-0/hdds
2025-07-27 04:39:35,223 [f71b517f-2361-4434-922a-3423737067f9-EndpointStateMachineTaskThread-/0.0.0.0:15004-0 ] INFO  volume.ThrottledAsyncChecker (ThrottledAsyncChecker.java:schedule(138)) - Scheduling a check for /home/runner/work/ozone/ozone/hadoop-ozone/integration-test-recon/target/test-dir/MiniOzoneClusterImpl-1e09403d-52eb-479c-879f-dc89daf7eeb0/ozone-meta/datanode-2/ratis
2025-07-27 04:39:35,223 [f71b517f-2361-4434-922a-3423737067f9-EndpointStateMachineTaskThread-/0.0.0.0:15004-0 ] INFO  volume.StorageVolumeChecker (StorageVolumeChecker.java:checkAllVolumes(231)) - Scheduled health check for volume /home/runner/work/ozone/ozone/hadoop-ozone/integration-test-recon/target/test-dir/MiniOzoneClusterImpl-1e09403d-52eb-479c-879f-dc89daf7eeb0/ozone-meta/datanode-2/ratis
2025-07-27 04:39:35,224 [f71b517f-2361-4434-922a-3423737067f9-EndpointStateMachineTaskThread-/0.0.0.0:15004-0 ] INFO  ozoneimpl.OzoneContainer (OzoneContainer.java:start(520)) - Attempting to start container services.
2025-07-27 04:39:35,226 [ContainerMetadataScanner] INFO  ozoneimpl.AbstractBackgroundContainerScanner (AbstractBackgroundContainerScanner.java:runIteration(89)) - Completed an iteration in 0 minutes. Number of iterations (since the data-node restart) : 1, Number of containers scanned in this iteration : 0, Number of unhealthy containers found in this iteration : 0
2025-07-27 04:39:35,226 [ContainerDataScanner(/home/runner/work/ozone/ozone/hadoop-ozone/integration-test-recon/target/test-dir/MiniOzoneClusterImpl-1e09403d-52eb-479c-879f-dc89daf7eeb0/ozone-meta/datanode-2/data-0/hdds)] INFO  ozoneimpl.AbstractBackgroundContainerScanner (AbstractBackgroundContainerScanner.java:runIteration(89)) - Completed an iteration in 0 minutes. Number of iterations (since the data-node restart) : 1, Number of containers scanned in this iteration : 0, Number of unhealthy containers found in this iteration : 0
2025-07-27 04:39:35,229 [f71b517f-2361-4434-922a-3423737067f9-EndpointStateMachineTaskThread-/0.0.0.0:15004-0 ] INFO  replication.ReplicationServer (ReplicationServer.java:start(137)) - ReplicationServer is started using port 15027
2025-07-27 04:39:35,230 [DiskUsage-/home/runner/work/ozone/ozone/hadoop-ozone/integration-test-recon/target/test-dir/MiniOzoneClusterImpl-1e09403d-52eb-479c-879f-dc89daf7eeb0/ozone-meta/datanode-2/data-0-
] INFO  fs.DUOptimized (DUOptimized.java:getUsedSpace(49)) - Disk metaPath du usages 4382720, container data usages 0
2025-07-27 04:39:35,231 [f71b517f-2361-4434-922a-3423737067f9-EndpointStateMachineTaskThread-/0.0.0.0:15004-0 ] INFO  ratis.XceiverServerRatis (XceiverServerRatis.java:start(559)) - Starting XceiverServerRatis(f71b517f-2361-4434-922a-3423737067f9)
2025-07-27 04:39:35,233 [f71b517f-2361-4434-922a-3423737067f9-EndpointStateMachineTaskThread-/0.0.0.0:15004-0 ] INFO  server.RaftServer (RaftServerProxy.java:startImpl(412)) - f71b517f-2361-4434-922a-3423737067f9: start RPC server
2025-07-27 04:39:35,233 [f71b517f-2361-4434-922a-3423737067f9-EndpointStateMachineTaskThread-/0.0.0.0:15004-0 ] INFO  server.GrpcServicesImpl (GrpcServicesImpl.java:startImpl(346)) - f71b517f-2361-4434-922a-3423737067f9: GrpcServicesImpl started, listening on 15023
2025-07-27 04:39:35,233 [f71b517f-2361-4434-922a-3423737067f9-EndpointStateMachineTaskThread-/0.0.0.0:15004-0 ] INFO  server.GrpcServicesImpl (GrpcServicesImpl.java:startImpl(346)) - f71b517f-2361-4434-922a-3423737067f9: GrpcServicesImpl started, listening on 15025
2025-07-27 04:39:35,234 [f71b517f-2361-4434-922a-3423737067f9-EndpointStateMachineTaskThread-/0.0.0.0:15004-0 ] INFO  server.GrpcServicesImpl (GrpcServicesImpl.java:startImpl(346)) - f71b517f-2361-4434-922a-3423737067f9: GrpcServicesImpl started, listening on 15024
2025-07-27 04:39:35,234 [f71b517f-2361-4434-922a-3423737067f9-EndpointStateMachineTaskThread-/0.0.0.0:15004-0 ] INFO  ratis.XceiverServerRatis (XceiverServerRatis.java:getRealPort(586)) - XceiverServerRatis(f71b517f-2361-4434-922a-3423737067f9) is started using port RATIS=15023
2025-07-27 04:39:35,234 [f71b517f-2361-4434-922a-3423737067f9-EndpointStateMachineTaskThread-/0.0.0.0:15004-0 ] INFO  ratis.XceiverServerRatis (XceiverServerRatis.java:getRealPort(586)) - XceiverServerRatis(f71b517f-2361-4434-922a-3423737067f9) is started using port RATIS_ADMIN=15024
2025-07-27 04:39:35,234 [f71b517f-2361-4434-922a-3423737067f9-EndpointStateMachineTaskThread-/0.0.0.0:15004-0 ] INFO  ratis.XceiverServerRatis (XceiverServerRatis.java:getRealPort(586)) - XceiverServerRatis(f71b517f-2361-4434-922a-3423737067f9) is started using port RATIS_SERVER=15025
2025-07-27 04:39:35,234 [f71b517f-2361-4434-922a-3423737067f9-EndpointStateMachineTaskThread-/0.0.0.0:15004-0 ] INFO  ratis.XceiverServerRatis (XceiverServerRatis.java:getRealPort(586)) - XceiverServerRatis(f71b517f-2361-4434-922a-3423737067f9) is started using port RATIS_DATASTREAM=15026
2025-07-27 04:39:35,234 [JvmPauseMonitor5] INFO  util.JvmPauseMonitor (JvmPauseMonitor.java:run(146)) - JvmPauseMonitor-f71b517f-2361-4434-922a-3423737067f9: Started
2025-07-27 04:39:35,235 [f71b517f-2361-4434-922a-3423737067f9-EndpointStateMachineTaskThread-/0.0.0.0:15004-0 ] INFO  utils.BackgroundService (BackgroundService.java:start(118)) - Starting service BlockDeletingService with interval 60000 milliseconds
2025-07-27 04:39:35,235 [f71b517f-2361-4434-922a-3423737067f9-EndpointStateMachineTaskThread-/0.0.0.0:15004-0 ] INFO  utils.BackgroundService (BackgroundService.java:start(118)) - Starting service StaleRecoveringContainerScrubbingService with interval 60000 milliseconds
2025-07-27 04:39:35,236 [DiskUsage-/home/runner/work/ozone/ozone/hadoop-ozone/integration-test-recon/target/test-dir/MiniOzoneClusterImpl-1e09403d-52eb-479c-879f-dc89daf7eeb0/ozone-meta/datanode-2/ratis-
] INFO  fs.DUOptimized (DUOptimized.java:getUsedSpace(49)) - Disk metaPath du usages 12288, container data usages 0
2025-07-27 04:39:35,464 [03318119-e9ed-4ea7-a7fd-1ba78babdf30-EndpointStateMachineTaskThread-/0.0.0.0:15004-0 ] INFO  utils.DatanodeStoreCache (DatanodeStoreCache.java:addDB(70)) - Added db /home/runner/work/ozone/ozone/hadoop-ozone/integration-test-recon/target/test-dir/MiniOzoneClusterImpl-1e09403d-52eb-479c-879f-dc89daf7eeb0/ozone-meta/datanode-3/data-0/hdds/1e09403d-52eb-479c-879f-dc89daf7eeb0/DS-dd4086ca-495f-4189-9743-4f6106d5cf49/container.db to cache
2025-07-27 04:39:35,464 [03318119-e9ed-4ea7-a7fd-1ba78babdf30-EndpointStateMachineTaskThread-/0.0.0.0:15004-0 ] INFO  volume.HddsVolume (HddsVolume.java:createDbStore(576)) - SchemaV3 db is created and loaded at /home/runner/work/ozone/ozone/hadoop-ozone/integration-test-recon/target/test-dir/MiniOzoneClusterImpl-1e09403d-52eb-479c-879f-dc89daf7eeb0/ozone-meta/datanode-3/data-0/hdds/1e09403d-52eb-479c-879f-dc89daf7eeb0/DS-dd4086ca-495f-4189-9743-4f6106d5cf49/container.db for volume DS-dd4086ca-495f-4189-9743-4f6106d5cf49
2025-07-27 04:39:35,466 [03318119-e9ed-4ea7-a7fd-1ba78babdf30-ContainerReader-0] INFO  ozoneimpl.ContainerReader (ContainerReader.java:readVolume(144)) - Start to verify containers on volume /home/runner/work/ozone/ozone/hadoop-ozone/integration-test-recon/target/test-dir/MiniOzoneClusterImpl-1e09403d-52eb-479c-879f-dc89daf7eeb0/ozone-meta/datanode-3/data-0/hdds
2025-07-27 04:39:35,466 [03318119-e9ed-4ea7-a7fd-1ba78babdf30-ContainerReader-0] INFO  ozoneimpl.ContainerReader (ContainerReader.java:readVolume(174)) - Finish verifying containers on volume /home/runner/work/ozone/ozone/hadoop-ozone/integration-test-recon/target/test-dir/MiniOzoneClusterImpl-1e09403d-52eb-479c-879f-dc89daf7eeb0/ozone-meta/datanode-3/data-0/hdds
2025-07-27 04:39:35,466 [03318119-e9ed-4ea7-a7fd-1ba78babdf30-EndpointStateMachineTaskThread-/0.0.0.0:15004-0 ] INFO  ozoneimpl.OzoneContainer (OzoneContainer.java:buildContainerSet(370)) - Build ContainerSet costs 0s
2025-07-27 04:39:35,467 [03318119-e9ed-4ea7-a7fd-1ba78babdf30-EndpointStateMachineTaskThread-/0.0.0.0:15004-0 ] INFO  volume.ThrottledAsyncChecker (ThrottledAsyncChecker.java:schedule(138)) - Scheduling a check for /home/runner/work/ozone/ozone/hadoop-ozone/integration-test-recon/target/test-dir/MiniOzoneClusterImpl-1e09403d-52eb-479c-879f-dc89daf7eeb0/ozone-meta/datanode-3/data-0/hdds
2025-07-27 04:39:35,467 [03318119-e9ed-4ea7-a7fd-1ba78babdf30-DataNodeDiskCheckerThread-0] WARN  volume.VolumeUsage (VolumeUsage.java:isReservedUsagesInRange(245)) - Reserved usages 52035661824 is higher than actual allocated reserved space 7688716.
2025-07-27 04:39:35,467 [03318119-e9ed-4ea7-a7fd-1ba78babdf30-DataNodeDiskCheckerThread-0] WARN  volume.HddsVolume (HddsVolume.java:checkVolumeUsages(375)) - Volume /home/runner/work/ozone/ozone/hadoop-ozone/integration-test-recon/target/test-dir/MiniOzoneClusterImpl-1e09403d-52eb-479c-879f-dc89daf7eeb0/ozone-meta/datanode-3/data-0/hdds reserved usages is higher than actual allocated reserved space.
2025-07-27 04:39:35,468 [03318119-e9ed-4ea7-a7fd-1ba78babdf30-EndpointStateMachineTaskThread-/0.0.0.0:15004-0 ] INFO  volume.StorageVolumeChecker (StorageVolumeChecker.java:checkAllVolumes(231)) - Scheduled health check for volume /home/runner/work/ozone/ozone/hadoop-ozone/integration-test-recon/target/test-dir/MiniOzoneClusterImpl-1e09403d-52eb-479c-879f-dc89daf7eeb0/ozone-meta/datanode-3/data-0/hdds
2025-07-27 04:39:35,473 [03318119-e9ed-4ea7-a7fd-1ba78babdf30-EndpointStateMachineTaskThread-/0.0.0.0:15004-0 ] INFO  volume.ThrottledAsyncChecker (ThrottledAsyncChecker.java:schedule(138)) - Scheduling a check for /home/runner/work/ozone/ozone/hadoop-ozone/integration-test-recon/target/test-dir/MiniOzoneClusterImpl-1e09403d-52eb-479c-879f-dc89daf7eeb0/ozone-meta/datanode-3/ratis
2025-07-27 04:39:35,473 [03318119-e9ed-4ea7-a7fd-1ba78babdf30-EndpointStateMachineTaskThread-/0.0.0.0:15004-0 ] INFO  volume.StorageVolumeChecker (StorageVolumeChecker.java:checkAllVolumes(231)) - Scheduled health check for volume /home/runner/work/ozone/ozone/hadoop-ozone/integration-test-recon/target/test-dir/MiniOzoneClusterImpl-1e09403d-52eb-479c-879f-dc89daf7eeb0/ozone-meta/datanode-3/ratis
2025-07-27 04:39:35,474 [03318119-e9ed-4ea7-a7fd-1ba78babdf30-EndpointStateMachineTaskThread-/0.0.0.0:15004-0 ] INFO  ozoneimpl.OzoneContainer (OzoneContainer.java:start(520)) - Attempting to start container services.
2025-07-27 04:39:35,482 [DiskUsage-/home/runner/work/ozone/ozone/hadoop-ozone/integration-test-recon/target/test-dir/MiniOzoneClusterImpl-1e09403d-52eb-479c-879f-dc89daf7eeb0/ozone-meta/datanode-3/ratis-
] INFO  fs.DUOptimized (DUOptimized.java:getUsedSpace(49)) - Disk metaPath du usages 12288, container data usages 0
2025-07-27 04:39:35,485 [DiskUsage-/home/runner/work/ozone/ozone/hadoop-ozone/integration-test-recon/target/test-dir/MiniOzoneClusterImpl-1e09403d-52eb-479c-879f-dc89daf7eeb0/ozone-meta/datanode-3/data-0-
] INFO  fs.DUOptimized (DUOptimized.java:getUsedSpace(49)) - Disk metaPath du usages 4382720, container data usages 0
2025-07-27 04:39:35,489 [IPC Server handler 4 on default port 15004] INFO  net.NetworkTopologyImpl (NetworkTopologyImpl.java:add(133)) - Added a new node: /default-rack/c1327a8c-71b7-4605-98e6-996d8ace38a9
2025-07-27 04:39:35,490 [IPC Server handler 3 on default port 15001] INFO  net.NetworkTopologyImpl (NetworkTopologyImpl.java:add(133)) - Added a new node: /default-rack/c1327a8c-71b7-4605-98e6-996d8ace38a9
2025-07-27 04:39:35,492 [IPC Server handler 4 on default port 15004] INFO  node.SCMNodeManager (SCMNodeManager.java:register(423)) - Registered datanode: c1327a8c-71b7-4605-98e6-996d8ace38a9{ip: 127.0.0.1, host: localhost, ports: [HTTP=15012, CLIENT_RPC=15013, REPLICATION=15019, RATIS=15015, RATIS_ADMIN=15016, RATIS_SERVER=15017, RATIS_DATASTREAM=15018, STANDALONE=15014], networkLocation: /default-rack, certSerialId: null, persistedOpState: null, persistedOpStateExpiryEpochSec: 0}
2025-07-27 04:39:35,492 [IPC Server handler 3 on default port 15001] INFO  node.SCMNodeManager (SCMNodeManager.java:register(423)) - Registered datanode: c1327a8c-71b7-4605-98e6-996d8ace38a9{ip: 127.0.0.1, host: localhost, ports: [HTTP=15012, CLIENT_RPC=15013, REPLICATION=15019, RATIS=15015, RATIS_ADMIN=15016, RATIS_SERVER=15017, RATIS_DATASTREAM=15018, STANDALONE=15014], networkLocation: /default-rack, certSerialId: null, persistedOpState: null, persistedOpStateExpiryEpochSec: 0}
2025-07-27 04:39:35,494 [IPC Server handler 3 on default port 15001] INFO  recon.ReconContext (ReconContext.java:updateHealthStatus(76)) - Update healthStatus of Recon from true to true.
2025-07-27 04:39:35,494 [EventQueue-NewNodeForNewNodeHandler] INFO  pipeline.BackgroundPipelineCreator (BackgroundPipelineCreator.java:notifyEventTriggered(290)) - trigger a one-shot run on RatisPipelineUtilsThread.
2025-07-27 04:39:35,496 [ContainerMetadataScanner] INFO  ozoneimpl.AbstractBackgroundContainerScanner (AbstractBackgroundContainerScanner.java:runIteration(89)) - Completed an iteration in 0 minutes. Number of iterations (since the data-node restart) : 1, Number of containers scanned in this iteration : 0, Number of unhealthy containers found in this iteration : 0
2025-07-27 04:39:35,497 [EventQueue-NodeRegistrationContainerReportForDataNodeSafeModeRule] INFO  safemode.SCMSafeModeManager (DataNodeSafeModeRule.java:process(80)) - SCM in safe mode. 1 DataNodes registered, 3 required.
2025-07-27 04:39:35,498 [Recon-EventQueue-NewNodeForReconNewNodeHandler] INFO  scm.ReconNodeManager (ReconNodeManager.java:addNodeToDB(143)) - Added a new node to db: c1327a8c-71b7-4605-98e6-996d8ace38a9(localhost/127.0.0.1)
2025-07-27 04:39:35,499 [EventQueue-PipelineReportForOneReplicaPipelineSafeModeRule] INFO  safemode.SCMSafeModeManager (SCMSafeModeManager.java:validateSafeModeExitRules(138)) - AtleastOneDatanodeReportedRule rule is successfully validated
2025-07-27 04:39:35,500 [ContainerDataScanner(/home/runner/work/ozone/ozone/hadoop-ozone/integration-test-recon/target/test-dir/MiniOzoneClusterImpl-1e09403d-52eb-479c-879f-dc89daf7eeb0/ozone-meta/datanode-3/data-0/hdds)] INFO  ozoneimpl.AbstractBackgroundContainerScanner (AbstractBackgroundContainerScanner.java:runIteration(89)) - Completed an iteration in 0 minutes. Number of iterations (since the data-node restart) : 1, Number of containers scanned in this iteration : 0, Number of unhealthy containers found in this iteration : 0
2025-07-27 04:39:35,500 [EventQueue-ContainerRegistrationReportForECContainerSafeModeRule] INFO  safemode.SCMSafeModeManager (SCMSafeModeManager.java:validateSafeModeExitRules(138)) - ECContainerSafeModeRule rule is successfully validated
2025-07-27 04:39:35,501 [EventQueue-ContainerRegistrationReportForRatisContainerSafeModeRule] INFO  safemode.SCMSafeModeManager (SCMSafeModeManager.java:validateSafeModeExitRules(138)) - RatisContainerSafeModeRule rule is successfully validated
2025-07-27 04:39:35,501 [03318119-e9ed-4ea7-a7fd-1ba78babdf30-EndpointStateMachineTaskThread-/0.0.0.0:15004-0 ] INFO  replication.ReplicationServer (ReplicationServer.java:start(137)) - ReplicationServer is started using port 15035
2025-07-27 04:39:35,502 [03318119-e9ed-4ea7-a7fd-1ba78babdf30-EndpointStateMachineTaskThread-/0.0.0.0:15004-0 ] INFO  ratis.XceiverServerRatis (XceiverServerRatis.java:start(559)) - Starting XceiverServerRatis(03318119-e9ed-4ea7-a7fd-1ba78babdf30)
2025-07-27 04:39:35,505 [03318119-e9ed-4ea7-a7fd-1ba78babdf30-EndpointStateMachineTaskThread-/0.0.0.0:15004-0 ] INFO  server.RaftServer (RaftServerProxy.java:startImpl(412)) - 03318119-e9ed-4ea7-a7fd-1ba78babdf30: start RPC server
2025-07-27 04:39:35,505 [03318119-e9ed-4ea7-a7fd-1ba78babdf30-EndpointStateMachineTaskThread-/0.0.0.0:15004-0 ] INFO  server.GrpcServicesImpl (GrpcServicesImpl.java:startImpl(346)) - 03318119-e9ed-4ea7-a7fd-1ba78babdf30: GrpcServicesImpl started, listening on 15031
2025-07-27 04:39:35,506 [RatisPipelineUtilsThread-0] INFO  pipeline.RatisPipelineProvider (RatisPipelineProvider.java:lambda$create$0(208)) - Sending CreatePipelineCommand for pipeline:Pipeline-8bcc116d-d9aa-41e2-9837-f867cec589a5 to datanode:c1327a8c-71b7-4605-98e6-996d8ace38a9(localhost/127.0.0.1)
2025-07-27 04:39:35,506 [03318119-e9ed-4ea7-a7fd-1ba78babdf30-EndpointStateMachineTaskThread-/0.0.0.0:15004-0 ] INFO  server.GrpcServicesImpl (GrpcServicesImpl.java:startImpl(346)) - 03318119-e9ed-4ea7-a7fd-1ba78babdf30: GrpcServicesImpl started, listening on 15033
2025-07-27 04:39:35,506 [03318119-e9ed-4ea7-a7fd-1ba78babdf30-EndpointStateMachineTaskThread-/0.0.0.0:15004-0 ] INFO  server.GrpcServicesImpl (GrpcServicesImpl.java:startImpl(346)) - 03318119-e9ed-4ea7-a7fd-1ba78babdf30: GrpcServicesImpl started, listening on 15032
2025-07-27 04:39:35,508 [03318119-e9ed-4ea7-a7fd-1ba78babdf30-EndpointStateMachineTaskThread-/0.0.0.0:15004-0 ] INFO  ratis.XceiverServerRatis (XceiverServerRatis.java:getRealPort(586)) - XceiverServerRatis(03318119-e9ed-4ea7-a7fd-1ba78babdf30) is started using port RATIS=15031
2025-07-27 04:39:35,508 [03318119-e9ed-4ea7-a7fd-1ba78babdf30-EndpointStateMachineTaskThread-/0.0.0.0:15004-0 ] INFO  ratis.XceiverServerRatis (XceiverServerRatis.java:getRealPort(586)) - XceiverServerRatis(03318119-e9ed-4ea7-a7fd-1ba78babdf30) is started using port RATIS_ADMIN=15032
2025-07-27 04:39:35,509 [03318119-e9ed-4ea7-a7fd-1ba78babdf30-EndpointStateMachineTaskThread-/0.0.0.0:15004-0 ] INFO  ratis.XceiverServerRatis (XceiverServerRatis.java:getRealPort(586)) - XceiverServerRatis(03318119-e9ed-4ea7-a7fd-1ba78babdf30) is started using port RATIS_SERVER=15033
2025-07-27 04:39:35,509 [03318119-e9ed-4ea7-a7fd-1ba78babdf30-EndpointStateMachineTaskThread-/0.0.0.0:15004-0 ] INFO  ratis.XceiverServerRatis (XceiverServerRatis.java:getRealPort(586)) - XceiverServerRatis(03318119-e9ed-4ea7-a7fd-1ba78babdf30) is started using port RATIS_DATASTREAM=15034
2025-07-27 04:39:35,508 [JvmPauseMonitor6] INFO  util.JvmPauseMonitor (JvmPauseMonitor.java:run(146)) - JvmPauseMonitor-03318119-e9ed-4ea7-a7fd-1ba78babdf30: Started
2025-07-27 04:39:35,510 [03318119-e9ed-4ea7-a7fd-1ba78babdf30-EndpointStateMachineTaskThread-/0.0.0.0:15004-0 ] INFO  utils.BackgroundService (BackgroundService.java:start(118)) - Starting service BlockDeletingService with interval 60000 milliseconds
2025-07-27 04:39:35,511 [03318119-e9ed-4ea7-a7fd-1ba78babdf30-EndpointStateMachineTaskThread-/0.0.0.0:15004-0 ] INFO  utils.BackgroundService (BackgroundService.java:start(118)) - Starting service StaleRecoveringContainerScrubbingService with interval 60000 milliseconds
2025-07-27 04:39:35,562 [b5edd741-2039-4d1d-94cc-17e91a98dfa9@group-DC89DAF7EEB0-StateMachineUpdater] INFO  safemode.SCMSafeModeManager (SCMSafeModeManager.java:validateSafeModeExitRules(138)) - RatisContainerSafeModeRule rule is successfully validated
2025-07-27 04:39:35,563 [b5edd741-2039-4d1d-94cc-17e91a98dfa9@group-DC89DAF7EEB0-StateMachineUpdater] INFO  safemode.HealthyPipelineSafeModeRule (HealthyPipelineSafeModeRule.java:initializeRule(228)) - Refreshed total pipeline count is 0, healthy pipeline threshold count is 1
2025-07-27 04:39:35,563 [b5edd741-2039-4d1d-94cc-17e91a98dfa9@group-DC89DAF7EEB0-StateMachineUpdater] INFO  safemode.SCMSafeModeManager (SCMSafeModeManager.java:validateSafeModeExitRules(138)) - ECContainerSafeModeRule rule is successfully validated
2025-07-27 04:39:35,563 [b5edd741-2039-4d1d-94cc-17e91a98dfa9@group-DC89DAF7EEB0-StateMachineUpdater] INFO  safemode.SCMSafeModeManager (SCMSafeModeManager.java:validateSafeModeExitRules(138)) - AtleastOneDatanodeReportedRule rule is successfully validated
2025-07-27 04:39:35,565 [RatisPipelineUtilsThread-0] INFO  pipeline.BackgroundPipelineCreator (BackgroundPipelineCreator.java:createPipelines(246)) - Created new pipeline Pipeline{ Id: 8bcc116d-d9aa-41e2-9837-f867cec589a5, Nodes: [ {c1327a8c-71b7-4605-98e6-996d8ace38a9(localhost/127.0.0.1), ReplicaIndex: 0},], ReplicationConfig: RATIS/ONE, State:ALLOCATED, leaderId:, CreationTimestamp2025-07-27T04:39:35.504874273Z[Etc/UTC]}
2025-07-27 04:39:35,689 [IPC Server handler 9 on default port 15004] INFO  net.NetworkTopologyImpl (NetworkTopologyImpl.java:add(133)) - Added a new node: /default-rack/f71b517f-2361-4434-922a-3423737067f9
2025-07-27 04:39:35,689 [IPC Server handler 14 on default port 15001] INFO  net.NetworkTopologyImpl (NetworkTopologyImpl.java:add(133)) - Added a new node: /default-rack/f71b517f-2361-4434-922a-3423737067f9
2025-07-27 04:39:35,690 [IPC Server handler 9 on default port 15004] INFO  node.SCMNodeManager (SCMNodeManager.java:register(423)) - Registered datanode: f71b517f-2361-4434-922a-3423737067f9{ip: 127.0.0.1, host: localhost, ports: [HTTP=15020, CLIENT_RPC=15021, REPLICATION=15027, RATIS=15023, RATIS_ADMIN=15024, RATIS_SERVER=15025, RATIS_DATASTREAM=15026, STANDALONE=15022], networkLocation: /default-rack, certSerialId: null, persistedOpState: null, persistedOpStateExpiryEpochSec: 0}
2025-07-27 04:39:35,690 [IPC Server handler 14 on default port 15001] INFO  node.SCMNodeManager (SCMNodeManager.java:register(423)) - Registered datanode: f71b517f-2361-4434-922a-3423737067f9{ip: 127.0.0.1, host: localhost, ports: [HTTP=15020, CLIENT_RPC=15021, REPLICATION=15027, RATIS=15023, RATIS_ADMIN=15024, RATIS_SERVER=15025, RATIS_DATASTREAM=15026, STANDALONE=15022], networkLocation: /default-rack, certSerialId: null, persistedOpState: null, persistedOpStateExpiryEpochSec: 0}
2025-07-27 04:39:35,690 [IPC Server handler 14 on default port 15001] INFO  recon.ReconContext (ReconContext.java:updateHealthStatus(76)) - Update healthStatus of Recon from true to true.
2025-07-27 04:39:35,690 [EventQueue-NodeRegistrationContainerReportForDataNodeSafeModeRule] INFO  safemode.SCMSafeModeManager (DataNodeSafeModeRule.java:process(80)) - SCM in safe mode. 2 DataNodes registered, 3 required.
2025-07-27 04:39:35,690 [EventQueue-PipelineReportForOneReplicaPipelineSafeModeRule] INFO  safemode.SCMSafeModeManager (SCMSafeModeManager.java:validateSafeModeExitRules(138)) - AtleastOneDatanodeReportedRule rule is successfully validated
2025-07-27 04:39:35,690 [Recon-EventQueue-NewNodeForReconNewNodeHandler] INFO  scm.ReconNodeManager (ReconNodeManager.java:addNodeToDB(143)) - Added a new node to db: f71b517f-2361-4434-922a-3423737067f9(localhost/127.0.0.1)
2025-07-27 04:39:35,691 [EventQueue-NewNodeForNewNodeHandler] INFO  pipeline.BackgroundPipelineCreator (BackgroundPipelineCreator.java:notifyEventTriggered(290)) - trigger a one-shot run on RatisPipelineUtilsThread.
2025-07-27 04:39:35,691 [EventQueue-ContainerRegistrationReportForECContainerSafeModeRule] INFO  safemode.SCMSafeModeManager (SCMSafeModeManager.java:validateSafeModeExitRules(138)) - ECContainerSafeModeRule rule is successfully validated
2025-07-27 04:39:35,692 [EventQueue-ContainerRegistrationReportForRatisContainerSafeModeRule] INFO  safemode.SCMSafeModeManager (SCMSafeModeManager.java:validateSafeModeExitRules(138)) - RatisContainerSafeModeRule rule is successfully validated
2025-07-27 04:39:35,692 [RatisPipelineUtilsThread-0] INFO  pipeline.RatisPipelineProvider (RatisPipelineProvider.java:lambda$create$0(208)) - Sending CreatePipelineCommand for pipeline:Pipeline-67b29df1-6389-4ecf-b6b6-23bd95ebd7a2 to datanode:f71b517f-2361-4434-922a-3423737067f9(localhost/127.0.0.1)
2025-07-27 04:39:35,694 [b5edd741-2039-4d1d-94cc-17e91a98dfa9@group-DC89DAF7EEB0-StateMachineUpdater] INFO  safemode.SCMSafeModeManager (SCMSafeModeManager.java:validateSafeModeExitRules(138)) - RatisContainerSafeModeRule rule is successfully validated
2025-07-27 04:39:35,694 [b5edd741-2039-4d1d-94cc-17e91a98dfa9@group-DC89DAF7EEB0-StateMachineUpdater] INFO  safemode.HealthyPipelineSafeModeRule (HealthyPipelineSafeModeRule.java:initializeRule(228)) - Refreshed total pipeline count is 0, healthy pipeline threshold count is 1
2025-07-27 04:39:35,694 [b5edd741-2039-4d1d-94cc-17e91a98dfa9@group-DC89DAF7EEB0-StateMachineUpdater] INFO  safemode.SCMSafeModeManager (SCMSafeModeManager.java:validateSafeModeExitRules(138)) - ECContainerSafeModeRule rule is successfully validated
2025-07-27 04:39:35,695 [b5edd741-2039-4d1d-94cc-17e91a98dfa9@group-DC89DAF7EEB0-StateMachineUpdater] INFO  safemode.SCMSafeModeManager (SCMSafeModeManager.java:validateSafeModeExitRules(138)) - AtleastOneDatanodeReportedRule rule is successfully validated
2025-07-27 04:39:35,695 [RatisPipelineUtilsThread-0] INFO  pipeline.BackgroundPipelineCreator (BackgroundPipelineCreator.java:createPipelines(246)) - Created new pipeline Pipeline{ Id: 67b29df1-6389-4ecf-b6b6-23bd95ebd7a2, Nodes: [ {f71b517f-2361-4434-922a-3423737067f9(localhost/127.0.0.1), ReplicaIndex: 0},], ReplicationConfig: RATIS/ONE, State:ALLOCATED, leaderId:, CreationTimestamp2025-07-27T04:39:35.692503011Z[Etc/UTC]}
2025-07-27 04:39:35,903 [IPC Server handler 5 on default port 15004] INFO  net.NetworkTopologyImpl (NetworkTopologyImpl.java:add(133)) - Added a new node: /default-rack/03318119-e9ed-4ea7-a7fd-1ba78babdf30
2025-07-27 04:39:35,903 [IPC Server handler 1 on default port 15001] INFO  net.NetworkTopologyImpl (NetworkTopologyImpl.java:add(133)) - Added a new node: /default-rack/03318119-e9ed-4ea7-a7fd-1ba78babdf30
2025-07-27 04:39:35,903 [IPC Server handler 5 on default port 15004] INFO  node.SCMNodeManager (SCMNodeManager.java:register(423)) - Registered datanode: 03318119-e9ed-4ea7-a7fd-1ba78babdf30{ip: 127.0.0.1, host: localhost, ports: [HTTP=15028, CLIENT_RPC=15029, REPLICATION=15035, RATIS=15031, RATIS_ADMIN=15032, RATIS_SERVER=15033, RATIS_DATASTREAM=15034, STANDALONE=15030], networkLocation: /default-rack, certSerialId: null, persistedOpState: null, persistedOpStateExpiryEpochSec: 0}
2025-07-27 04:39:35,903 [IPC Server handler 1 on default port 15001] INFO  node.SCMNodeManager (SCMNodeManager.java:register(423)) - Registered datanode: 03318119-e9ed-4ea7-a7fd-1ba78babdf30{ip: 127.0.0.1, host: localhost, ports: [HTTP=15028, CLIENT_RPC=15029, REPLICATION=15035, RATIS=15031, RATIS_ADMIN=15032, RATIS_SERVER=15033, RATIS_DATASTREAM=15034, STANDALONE=15030], networkLocation: /default-rack, certSerialId: null, persistedOpState: null, persistedOpStateExpiryEpochSec: 0}
2025-07-27 04:39:35,904 [EventQueue-NodeRegistrationContainerReportForDataNodeSafeModeRule] INFO  safemode.SCMSafeModeManager (DataNodeSafeModeRule.java:process(80)) - SCM in safe mode. 3 DataNodes registered, 3 required.
2025-07-27 04:39:35,904 [EventQueue-NodeRegistrationContainerReportForDataNodeSafeModeRule] INFO  safemode.SCMSafeModeManager (SCMSafeModeManager.java:validateSafeModeExitRules(138)) - DataNodeSafeModeRule rule is successfully validated
2025-07-27 04:39:35,904 [EventQueue-NodeRegistrationContainerReportForDataNodeSafeModeRule] INFO  safemode.SCMSafeModeManager (SCMSafeModeManager.java:validateSafeModeExitRules(151)) - All SCM safe mode pre check rules have passed
2025-07-27 04:39:35,904 [EventQueue-NodeRegistrationContainerReportForDataNodeSafeModeRule] INFO  ha.SCMContext (SCMContext.java:updateSafeModeStatus(224)) - Update SafeModeStatus from SafeModeStatus{safeModeStatus=true, preCheckPassed=false} to SafeModeStatus{safeModeStatus=true, preCheckPassed=true}.
2025-07-27 04:39:35,903 [EventQueue-NewNodeForNewNodeHandler] INFO  pipeline.BackgroundPipelineCreator (BackgroundPipelineCreator.java:notifyEventTriggered(290)) - trigger a one-shot run on RatisPipelineUtilsThread.
2025-07-27 04:39:35,904 [Recon-EventQueue-NewNodeForReconNewNodeHandler] INFO  scm.ReconNodeManager (ReconNodeManager.java:addNodeToDB(143)) - Added a new node to db: 03318119-e9ed-4ea7-a7fd-1ba78babdf30(localhost/127.0.0.1)
2025-07-27 04:39:35,904 [EventQueue-NodeRegistrationContainerReportForDataNodeSafeModeRule] INFO  pipeline.BackgroundPipelineCreator (BackgroundPipelineCreator.java:notifyEventTriggered(290)) - trigger a one-shot run on RatisPipelineUtilsThread.
2025-07-27 04:39:35,904 [EventQueue-PipelineReportForOneReplicaPipelineSafeModeRule] INFO  safemode.SCMSafeModeManager (SCMSafeModeManager.java:validateSafeModeExitRules(138)) - AtleastOneDatanodeReportedRule rule is successfully validated
2025-07-27 04:39:35,904 [EventQueue-ContainerRegistrationReportForRatisContainerSafeModeRule] INFO  safemode.SCMSafeModeManager (SCMSafeModeManager.java:validateSafeModeExitRules(138)) - RatisContainerSafeModeRule rule is successfully validated
2025-07-27 04:39:35,904 [EventQueue-ContainerRegistrationReportForECContainerSafeModeRule] INFO  safemode.SCMSafeModeManager (SCMSafeModeManager.java:validateSafeModeExitRules(138)) - ECContainerSafeModeRule rule is successfully validated
2025-07-27 04:39:35,904 [ForkJoinPool-1-worker-1] INFO  ozone.MiniOzoneClusterImpl (MiniOzoneClusterImpl.java:lambda$waitForClusterToBeReady$0(173)) - Nodes are ready. Got 3 of 3 DN Heartbeats.
2025-07-27 04:39:35,905 [ForkJoinPool-1-worker-1] INFO  ozone.MiniOzoneClusterImpl (MiniOzoneClusterImpl.java:lambda$waitForClusterToBeReady$0(176)) - Waiting for cluster to exit safe mode
2025-07-27 04:39:35,905 [ForkJoinPool-1-worker-1] INFO  ozone.MiniOzoneClusterImpl (MiniOzoneClusterImpl.java:lambda$waitForClusterToBeReady$0(178)) - SCM became leader
2025-07-27 04:39:35,905 [RatisPipelineUtilsThread-0] INFO  pipeline.RatisPipelineProvider (RatisPipelineProvider.java:lambda$create$0(208)) - Sending CreatePipelineCommand for pipeline:Pipeline-97ba32c0-dfb4-49b8-ba0e-ccb1a844d0cc to datanode:03318119-e9ed-4ea7-a7fd-1ba78babdf30(localhost/127.0.0.1)
2025-07-27 04:39:35,904 [IPC Server handler 1 on default port 15001] INFO  recon.ReconContext (ReconContext.java:updateHealthStatus(76)) - Update healthStatus of Recon from true to true.
2025-07-27 04:39:35,907 [b5edd741-2039-4d1d-94cc-17e91a98dfa9@group-DC89DAF7EEB0-StateMachineUpdater] INFO  safemode.SCMSafeModeManager (SCMSafeModeManager.java:validateSafeModeExitRules(138)) - DataNodeSafeModeRule rule is successfully validated
2025-07-27 04:39:35,907 [b5edd741-2039-4d1d-94cc-17e91a98dfa9@group-DC89DAF7EEB0-StateMachineUpdater] INFO  safemode.SCMSafeModeManager (SCMSafeModeManager.java:validateSafeModeExitRules(138)) - RatisContainerSafeModeRule rule is successfully validated
2025-07-27 04:39:35,907 [b5edd741-2039-4d1d-94cc-17e91a98dfa9@group-DC89DAF7EEB0-StateMachineUpdater] INFO  safemode.HealthyPipelineSafeModeRule (HealthyPipelineSafeModeRule.java:initializeRule(228)) - Refreshed total pipeline count is 0, healthy pipeline threshold count is 1
2025-07-27 04:39:35,907 [b5edd741-2039-4d1d-94cc-17e91a98dfa9@group-DC89DAF7EEB0-StateMachineUpdater] INFO  safemode.SCMSafeModeManager (SCMSafeModeManager.java:validateSafeModeExitRules(138)) - ECContainerSafeModeRule rule is successfully validated
2025-07-27 04:39:35,907 [b5edd741-2039-4d1d-94cc-17e91a98dfa9@group-DC89DAF7EEB0-StateMachineUpdater] INFO  safemode.SCMSafeModeManager (SCMSafeModeManager.java:validateSafeModeExitRules(138)) - AtleastOneDatanodeReportedRule rule is successfully validated
2025-07-27 04:39:35,907 [RatisPipelineUtilsThread-0] INFO  pipeline.BackgroundPipelineCreator (BackgroundPipelineCreator.java:createPipelines(246)) - Created new pipeline Pipeline{ Id: 97ba32c0-dfb4-49b8-ba0e-ccb1a844d0cc, Nodes: [ {03318119-e9ed-4ea7-a7fd-1ba78babdf30(localhost/127.0.0.1), ReplicaIndex: 0},], ReplicationConfig: RATIS/ONE, State:ALLOCATED, leaderId:, CreationTimestamp2025-07-27T04:39:35.905398068Z[Etc/UTC]}
2025-07-27 04:39:35,910 [RatisPipelineUtilsThread-0] INFO  pipeline.RatisPipelineProvider (RatisPipelineProvider.java:lambda$create$0(208)) - Sending CreatePipelineCommand for pipeline:Pipeline-09ca9575-12cb-4a07-b686-844191d60eee to datanode:c1327a8c-71b7-4605-98e6-996d8ace38a9(localhost/127.0.0.1)
2025-07-27 04:39:35,910 [RatisPipelineUtilsThread-0] INFO  pipeline.RatisPipelineProvider (RatisPipelineProvider.java:lambda$create$0(208)) - Sending CreatePipelineCommand for pipeline:Pipeline-09ca9575-12cb-4a07-b686-844191d60eee to datanode:f71b517f-2361-4434-922a-3423737067f9(localhost/127.0.0.1)
2025-07-27 04:39:35,910 [RatisPipelineUtilsThread-0] INFO  pipeline.RatisPipelineProvider (RatisPipelineProvider.java:lambda$create$0(208)) - Sending CreatePipelineCommand for pipeline:Pipeline-09ca9575-12cb-4a07-b686-844191d60eee to datanode:03318119-e9ed-4ea7-a7fd-1ba78babdf30(localhost/127.0.0.1)
2025-07-27 04:39:35,912 [b5edd741-2039-4d1d-94cc-17e91a98dfa9@group-DC89DAF7EEB0-StateMachineUpdater] INFO  safemode.SCMSafeModeManager (SCMSafeModeManager.java:validateSafeModeExitRules(138)) - DataNodeSafeModeRule rule is successfully validated
2025-07-27 04:39:35,912 [b5edd741-2039-4d1d-94cc-17e91a98dfa9@group-DC89DAF7EEB0-StateMachineUpdater] INFO  safemode.SCMSafeModeManager (SCMSafeModeManager.java:validateSafeModeExitRules(138)) - RatisContainerSafeModeRule rule is successfully validated
2025-07-27 04:39:35,912 [b5edd741-2039-4d1d-94cc-17e91a98dfa9@group-DC89DAF7EEB0-StateMachineUpdater] INFO  safemode.HealthyPipelineSafeModeRule (HealthyPipelineSafeModeRule.java:initializeRule(228)) - Refreshed total pipeline count is 0, healthy pipeline threshold count is 1
2025-07-27 04:39:35,913 [b5edd741-2039-4d1d-94cc-17e91a98dfa9@group-DC89DAF7EEB0-StateMachineUpdater] INFO  safemode.SCMSafeModeManager (SCMSafeModeManager.java:validateSafeModeExitRules(138)) - ECContainerSafeModeRule rule is successfully validated
2025-07-27 04:39:35,913 [b5edd741-2039-4d1d-94cc-17e91a98dfa9@group-DC89DAF7EEB0-StateMachineUpdater] INFO  safemode.SCMSafeModeManager (SCMSafeModeManager.java:validateSafeModeExitRules(138)) - AtleastOneDatanodeReportedRule rule is successfully validated
2025-07-27 04:39:35,913 [RatisPipelineUtilsThread-0] INFO  pipeline.BackgroundPipelineCreator (BackgroundPipelineCreator.java:createPipelines(246)) - Created new pipeline Pipeline{ Id: 09ca9575-12cb-4a07-b686-844191d60eee, Nodes: [ {c1327a8c-71b7-4605-98e6-996d8ace38a9(localhost/127.0.0.1), ReplicaIndex: 0}, {f71b517f-2361-4434-922a-3423737067f9(localhost/127.0.0.1), ReplicaIndex: 0}, {03318119-e9ed-4ea7-a7fd-1ba78babdf30(localhost/127.0.0.1), ReplicaIndex: 0},], ReplicationConfig: RATIS/THREE, State:ALLOCATED, leaderId:, CreationTimestamp2025-07-27T04:39:35.910220530Z[Etc/UTC]}
2025-07-27 04:39:35,914 [RatisPipelineUtilsThread-0] INFO  pipeline.RatisPipelineProvider (RatisPipelineProvider.java:lambda$create$0(208)) - Sending CreatePipelineCommand for pipeline:Pipeline-199c07c1-96ea-450c-a138-7415e04e75e3 to datanode:c1327a8c-71b7-4605-98e6-996d8ace38a9(localhost/127.0.0.1)
2025-07-27 04:39:35,914 [RatisPipelineUtilsThread-0] INFO  pipeline.RatisPipelineProvider (RatisPipelineProvider.java:lambda$create$0(208)) - Sending CreatePipelineCommand for pipeline:Pipeline-199c07c1-96ea-450c-a138-7415e04e75e3 to datanode:03318119-e9ed-4ea7-a7fd-1ba78babdf30(localhost/127.0.0.1)
2025-07-27 04:39:35,914 [RatisPipelineUtilsThread-0] INFO  pipeline.RatisPipelineProvider (RatisPipelineProvider.java:lambda$create$0(208)) - Sending CreatePipelineCommand for pipeline:Pipeline-199c07c1-96ea-450c-a138-7415e04e75e3 to datanode:f71b517f-2361-4434-922a-3423737067f9(localhost/127.0.0.1)
2025-07-27 04:39:35,916 [b5edd741-2039-4d1d-94cc-17e91a98dfa9@group-DC89DAF7EEB0-StateMachineUpdater] INFO  safemode.SCMSafeModeManager (SCMSafeModeManager.java:validateSafeModeExitRules(138)) - DataNodeSafeModeRule rule is successfully validated
2025-07-27 04:39:35,916 [b5edd741-2039-4d1d-94cc-17e91a98dfa9@group-DC89DAF7EEB0-StateMachineUpdater] INFO  safemode.SCMSafeModeManager (SCMSafeModeManager.java:validateSafeModeExitRules(138)) - RatisContainerSafeModeRule rule is successfully validated
2025-07-27 04:39:35,916 [b5edd741-2039-4d1d-94cc-17e91a98dfa9@group-DC89DAF7EEB0-StateMachineUpdater] INFO  safemode.HealthyPipelineSafeModeRule (HealthyPipelineSafeModeRule.java:initializeRule(228)) - Refreshed total pipeline count is 0, healthy pipeline threshold count is 1
2025-07-27 04:39:35,916 [b5edd741-2039-4d1d-94cc-17e91a98dfa9@group-DC89DAF7EEB0-StateMachineUpdater] INFO  safemode.SCMSafeModeManager (SCMSafeModeManager.java:validateSafeModeExitRules(138)) - ECContainerSafeModeRule rule is successfully validated
2025-07-27 04:39:35,916 [b5edd741-2039-4d1d-94cc-17e91a98dfa9@group-DC89DAF7EEB0-StateMachineUpdater] INFO  safemode.SCMSafeModeManager (SCMSafeModeManager.java:validateSafeModeExitRules(138)) - AtleastOneDatanodeReportedRule rule is successfully validated
2025-07-27 04:39:35,917 [RatisPipelineUtilsThread-0] INFO  pipeline.PipelineManagerImpl (PipelineManagerImpl.java:recordMetricsForPipeline(922)) - Pipeline-199c07c1-96ea-450c-a138-7415e04e75e3 and Pipeline-09ca9575-12cb-4a07-b686-844191d60eee have exactly the same set of datanodes: [c1327a8c-71b7-4605-98e6-996d8ace38a9(localhost/127.0.0.1), 03318119-e9ed-4ea7-a7fd-1ba78babdf30(localhost/127.0.0.1), f71b517f-2361-4434-922a-3423737067f9(localhost/127.0.0.1)]
2025-07-27 04:39:35,917 [RatisPipelineUtilsThread-0] INFO  pipeline.BackgroundPipelineCreator (BackgroundPipelineCreator.java:createPipelines(246)) - Created new pipeline Pipeline{ Id: 199c07c1-96ea-450c-a138-7415e04e75e3, Nodes: [ {c1327a8c-71b7-4605-98e6-996d8ace38a9(localhost/127.0.0.1), ReplicaIndex: 0}, {03318119-e9ed-4ea7-a7fd-1ba78babdf30(localhost/127.0.0.1), ReplicaIndex: 0}, {f71b517f-2361-4434-922a-3423737067f9(localhost/127.0.0.1), ReplicaIndex: 0},], ReplicationConfig: RATIS/THREE, State:ALLOCATED, leaderId:, CreationTimestamp2025-07-27T04:39:35.914099388Z[Etc/UTC]}
2025-07-27 04:39:35,963 [IPC Server handler 0 on default port 15001] INFO  scm.ReconNodeManager (ReconNodeManager.java:processHeartbeat(184)) - Sending ReregisterCommand() for c1327a8c-71b7-4605-98e6-996d8ace38a9(localhost/127.0.0.1)
2025-07-27 04:39:36,190 [IPC Server handler 2 on default port 15001] INFO  scm.ReconNodeManager (ReconNodeManager.java:processHeartbeat(184)) - Sending ReregisterCommand() for f71b517f-2361-4434-922a-3423737067f9(localhost/127.0.0.1)
2025-07-27 04:39:36,404 [IPC Server handler 3 on default port 15001] INFO  scm.ReconNodeManager (ReconNodeManager.java:processHeartbeat(184)) - Sending ReregisterCommand() for 03318119-e9ed-4ea7-a7fd-1ba78babdf30(localhost/127.0.0.1)
2025-07-27 04:39:36,905 [ForkJoinPool-1-worker-1] INFO  ozone.MiniOzoneClusterImpl (MiniOzoneClusterImpl.java:lambda$waitForClusterToBeReady$0(173)) - Nodes are ready. Got 3 of 3 DN Heartbeats.
2025-07-27 04:39:36,905 [ForkJoinPool-1-worker-1] INFO  ozone.MiniOzoneClusterImpl (MiniOzoneClusterImpl.java:lambda$waitForClusterToBeReady$0(176)) - Waiting for cluster to exit safe mode
2025-07-27 04:39:36,905 [ForkJoinPool-1-worker-1] INFO  ozone.MiniOzoneClusterImpl (MiniOzoneClusterImpl.java:lambda$waitForClusterToBeReady$0(178)) - SCM became leader
2025-07-27 04:39:36,969 [c1327a8c-71b7-4605-98e6-996d8ace38a9-PipelineCommandHandlerThread-0] INFO  server.RaftServer (RaftServerProxy.java:addNew(105)) - c1327a8c-71b7-4605-98e6-996d8ace38a9: addNew group-F867CEC589A5:[c1327a8c-71b7-4605-98e6-996d8ace38a9|127.0.0.1:15017] returns group-F867CEC589A5:java.util.concurrent.CompletableFuture@4dc8301[Not completed]
2025-07-27 04:39:36,977 [c1327a8c-71b7-4605-98e6-996d8ace38a9-groupManagement] INFO  server.RaftServer$Division (RaftServerImpl.java:<init>(268)) - c1327a8c-71b7-4605-98e6-996d8ace38a9: new RaftServerImpl for group-F867CEC589A5:[c1327a8c-71b7-4605-98e6-996d8ace38a9|127.0.0.1:15017] with ContainerStateMachine:uninitialized
2025-07-27 04:39:36,977 [c1327a8c-71b7-4605-98e6-996d8ace38a9-groupManagement] INFO  server.RaftServerConfigKeys (ConfUtils.java:logGet(62)) - raft.server.rpc.timeout.min = 5s (custom)
2025-07-27 04:39:36,978 [c1327a8c-71b7-4605-98e6-996d8ace38a9-groupManagement] INFO  server.RaftServerConfigKeys (ConfUtils.java:logGet(62)) - raft.server.rpc.timeout.max = 5200ms (custom)
2025-07-27 04:39:36,978 [c1327a8c-71b7-4605-98e6-996d8ace38a9-groupManagement] INFO  server.RaftServerConfigKeys (ConfUtils.java:logGet(62)) - raft.server.rpc.slowness.timeout = 300s (custom)
2025-07-27 04:39:36,978 [c1327a8c-71b7-4605-98e6-996d8ace38a9-groupManagement] INFO  server.RaftServer$Division (ServerState.java:<init>(114)) - c1327a8c-71b7-4605-98e6-996d8ace38a9@group-F867CEC589A5: ConfigurationManager, init=conf: {index: -1, cur=peers:[c1327a8c-71b7-4605-98e6-996d8ace38a9|127.0.0.1:15017]|listeners:[], old=null}, confs=<EMPTY_MAP>
2025-07-27 04:39:36,978 [c1327a8c-71b7-4605-98e6-996d8ace38a9-groupManagement] INFO  server.RaftServerConfigKeys (ConfUtils.java:logGet(62)) - raft.server.notification.no-leader.timeout = 300s (custom)
2025-07-27 04:39:36,978 [c1327a8c-71b7-4605-98e6-996d8ace38a9-groupManagement] INFO  server.RaftServerConfigKeys (ConfUtils.java:logGet(62)) - raft.server.retrycache.expirytime = 600000ms (custom)
2025-07-27 04:39:36,985 [c1327a8c-71b7-4605-98e6-996d8ace38a9-groupManagement] INFO  server.RaftServerConfigKeys (ConfUtils.java:logGet(62)) - raft.server.storage.dir = [/home/runner/work/ozone/ozone/hadoop-ozone/integration-test-recon/target/test-dir/MiniOzoneClusterImpl-1e09403d-52eb-479c-879f-dc89daf7eeb0/ozone-meta/datanode-1/ratis] (custom)
2025-07-27 04:39:36,985 [c1327a8c-71b7-4605-98e6-996d8ace38a9-groupManagement] INFO  storage.RaftStorageDirectory (RaftStorageDirectoryImpl.java:analyzeStorage(138)) - The storage directory /home/runner/work/ozone/ozone/hadoop-ozone/integration-test-recon/target/test-dir/MiniOzoneClusterImpl-1e09403d-52eb-479c-879f-dc89daf7eeb0/ozone-meta/datanode-1/ratis/8bcc116d-d9aa-41e2-9837-f867cec589a5 does not exist. Creating ...
2025-07-27 04:39:36,986 [c1327a8c-71b7-4605-98e6-996d8ace38a9-groupManagement] INFO  storage.RaftStorageDirectory (RaftStorageDirectoryImpl.java:tryLock(229)) - Lock on /home/runner/work/ozone/ozone/hadoop-ozone/integration-test-recon/target/test-dir/MiniOzoneClusterImpl-1e09403d-52eb-479c-879f-dc89daf7eeb0/ozone-meta/datanode-1/ratis/8bcc116d-d9aa-41e2-9837-f867cec589a5/in_use.lock acquired by nodename 130059@localhost
2025-07-27 04:39:36,987 [c1327a8c-71b7-4605-98e6-996d8ace38a9-groupManagement] INFO  storage.RaftStorage (RaftStorageImpl.java:format(98)) - Storage directory /home/runner/work/ozone/ozone/hadoop-ozone/integration-test-recon/target/test-dir/MiniOzoneClusterImpl-1e09403d-52eb-479c-879f-dc89daf7eeb0/ozone-meta/datanode-1/ratis/8bcc116d-d9aa-41e2-9837-f867cec589a5 has been successfully formatted.
2025-07-27 04:39:36,990 [c1327a8c-71b7-4605-98e6-996d8ace38a9-groupManagement] INFO  ratis.ContainerStateMachine (ContainerStateMachine.java:initialize(339)) - c1327a8c-71b7-4605-98e6-996d8ace38a9: initialize group-F867CEC589A5
2025-07-27 04:39:36,990 [c1327a8c-71b7-4605-98e6-996d8ace38a9-groupManagement] INFO  ratis.ContainerStateMachine (ContainerStateMachine.java:loadSnapshot(347)) - group-F867CEC589A5: The snapshot info is null. Setting the last applied index to:<INITIAL_VALUE>
2025-07-27 04:39:36,991 [c1327a8c-71b7-4605-98e6-996d8ace38a9-groupManagement] INFO  server.RaftServerConfigKeys (ConfUtils.java:logGet(62)) - raft.server.log.appender.buffer.byte-limit = 33554432 (custom)
2025-07-27 04:39:36,994 [c1327a8c-71b7-4605-98e6-996d8ace38a9-groupManagement] INFO  server.RaftServerConfigKeys (ConfUtils.java:logGet(62)) - raft.server.log.segment.size.max = 67108864 (custom)
2025-07-27 04:39:36,995 [c1327a8c-71b7-4605-98e6-996d8ace38a9-groupManagement] INFO  server.RaftServerConfigKeys (ConfUtils.java:logGet(62)) - raft.server.log.appender.buffer.byte-limit = 33554432 (custom)
2025-07-27 04:39:36,995 [IPC Server handler 2 on default port 15001] INFO  scm.ReconNodeManager (ReconNodeManager.java:register(219)) - Updated nodes db table for c1327a8c-71b7-4605-98e6-996d8ace38a9(localhost/127.0.0.1)
2025-07-27 04:39:36,995 [IPC Server handler 2 on default port 15001] INFO  recon.ReconContext (ReconContext.java:updateHealthStatus(76)) - Update healthStatus of Recon from true to true.
2025-07-27 04:39:36,996 [c1327a8c-71b7-4605-98e6-996d8ace38a9-groupManagement] INFO  util.AwaitToRun (AwaitToRun.java:start(81)) - Thread[#890,c1327a8c-71b7-4605-98e6-996d8ace38a9@group-F867CEC589A5-cacheEviction-AwaitToRun,5,main] started
2025-07-27 04:39:36,996 [c1327a8c-71b7-4605-98e6-996d8ace38a9-groupManagement] INFO  segmented.SegmentedRaftLogWorker (SegmentedRaftLogWorker.java:<init>(190)) - new c1327a8c-71b7-4605-98e6-996d8ace38a9@group-F867CEC589A5-SegmentedRaftLogWorker for RaftStorageImpl:Storage Directory /home/runner/work/ozone/ozone/hadoop-ozone/integration-test-recon/target/test-dir/MiniOzoneClusterImpl-1e09403d-52eb-479c-879f-dc89daf7eeb0/ozone-meta/datanode-1/ratis/8bcc116d-d9aa-41e2-9837-f867cec589a5
2025-07-27 04:39:36,996 [Recon-EventQueue-PipelineReportForReconPipelineReportHandler] INFO  scm.ReconPipelineReportHandler (ReconPipelineReportHandler.java:processPipelineReport(66)) - Unknown pipeline Pipeline-8bcc116d-d9aa-41e2-9837-f867cec589a5. Trying to get from SCM.
2025-07-27 04:39:36,996 [c1327a8c-71b7-4605-98e6-996d8ace38a9-groupManagement] INFO  server.RaftServerConfigKeys (ConfUtils.java:logGet(62)) - raft.server.log.queue.byte-limit = 4294967296 (custom)
2025-07-27 04:39:36,996 [c1327a8c-71b7-4605-98e6-996d8ace38a9-groupManagement] INFO  server.RaftServerConfigKeys (ConfUtils.java:logGet(62)) - raft.server.log.queue.element-limit = 1024 (custom)
2025-07-27 04:39:36,996 [c1327a8c-71b7-4605-98e6-996d8ace38a9-groupManagement] INFO  server.RaftServerConfigKeys (ConfUtils.java:logGet(62)) - raft.server.log.segment.size.max = 67108864 (custom)
2025-07-27 04:39:36,996 [c1327a8c-71b7-4605-98e6-996d8ace38a9-groupManagement] INFO  server.RaftServerConfigKeys (ConfUtils.java:logGet(62)) - raft.server.log.preallocated.size = 4194304 (custom)
2025-07-27 04:39:36,996 [c1327a8c-71b7-4605-98e6-996d8ace38a9-groupManagement] INFO  server.RaftServerConfigKeys (ConfUtils.java:logGet(62)) - raft.server.log.statemachine.data.sync.timeout.retry = 30 (custom)
2025-07-27 04:39:36,998 [c1327a8c-71b7-4605-98e6-996d8ace38a9-groupManagement] INFO  server.RaftServerConfigKeys (ConfUtils.java:logGet(62)) - raft.server.log.write.buffer.size = 33554440 (custom)
2025-07-27 04:39:37,003 [c1327a8c-71b7-4605-98e6-996d8ace38a9-groupManagement] INFO  server.RaftServerConfigKeys (ConfUtils.java:logGet(62)) - raft.server.log.appender.buffer.byte-limit = 33554432 (custom)
2025-07-27 04:39:37,004 [c1327a8c-71b7-4605-98e6-996d8ace38a9-groupManagement] INFO  server.RaftServerConfigKeys (ConfUtils.java:logGet(62)) - raft.server.log.statemachine.data.caching.enabled = true (custom)
2025-07-27 04:39:37,004 [c1327a8c-71b7-4605-98e6-996d8ace38a9-groupManagement] INFO  segmented.SegmentedRaftLogWorker (SegmentedRaftLogWorker.java:lambda$new$0(141)) - c1327a8c-71b7-4605-98e6-996d8ace38a9@group-F867CEC589A5-SegmentedRaftLogWorker: flushIndex: setUnconditionally 0 -> -1
2025-07-27 04:39:37,004 [c1327a8c-71b7-4605-98e6-996d8ace38a9-groupManagement] INFO  segmented.SegmentedRaftLogWorker (SegmentedRaftLogWorker.java:lambda$new$0(141)) - c1327a8c-71b7-4605-98e6-996d8ace38a9@group-F867CEC589A5-SegmentedRaftLogWorker: safeCacheEvictIndex: setUnconditionally 0 -> -1
2025-07-27 04:39:37,005 [c1327a8c-71b7-4605-98e6-996d8ace38a9-groupManagement] INFO  server.RaftServer$Division (RaftServerImpl.java:start(405)) - c1327a8c-71b7-4605-98e6-996d8ace38a9@group-F867CEC589A5: start as a follower, conf=conf: {index: -1, cur=peers:[c1327a8c-71b7-4605-98e6-996d8ace38a9|127.0.0.1:15017]|listeners:[], old=null}
2025-07-27 04:39:37,005 [c1327a8c-71b7-4605-98e6-996d8ace38a9-groupManagement] INFO  server.RaftServer$Division (RaftServerImpl.java:setRole(392)) - c1327a8c-71b7-4605-98e6-996d8ace38a9@group-F867CEC589A5: changes role from      null to FOLLOWER at term 0 for startAsFollower
2025-07-27 04:39:37,005 [c1327a8c-71b7-4605-98e6-996d8ace38a9-groupManagement] INFO  impl.RoleInfo (RoleInfo.java:updateAndGet(148)) - c1327a8c-71b7-4605-98e6-996d8ace38a9: start c1327a8c-71b7-4605-98e6-996d8ace38a9@group-F867CEC589A5-FollowerState
2025-07-27 04:39:37,005 [c1327a8c-71b7-4605-98e6-996d8ace38a9-groupManagement] INFO  util.JmxRegister (JmxRegister.java:tryRegister(44)) - Successfully registered JMX Bean with object name Ratis:service=RaftServer,group=group-F867CEC589A5,id=c1327a8c-71b7-4605-98e6-996d8ace38a9
2025-07-27 04:39:37,006 [c1327a8c-71b7-4605-98e6-996d8ace38a9-groupManagement] INFO  util.JmxRegister (JmxRegister.java:register(58)) - register mxBean class org.apache.ratis.server.impl.RaftServerJmxAdapter as Ratis:service=RaftServer,group=group-F867CEC589A5,id=c1327a8c-71b7-4605-98e6-996d8ace38a9
2025-07-27 04:39:37,006 [c1327a8c-71b7-4605-98e6-996d8ace38a9-groupManagement] INFO  server.RaftServerConfigKeys (ConfUtils.java:logGet(62)) - raft.server.snapshot.auto.trigger.threshold = 100000 (custom)
2025-07-27 04:39:37,006 [c1327a8c-71b7-4605-98e6-996d8ace38a9-groupManagement] INFO  server.RaftServerConfigKeys (ConfUtils.java:logGet(62)) - raft.server.snapshot.retention.file.num = 5 (custom)
2025-07-27 04:39:37,006 [c1327a8c-71b7-4605-98e6-996d8ace38a9-groupManagement] INFO  server.RaftServerConfigKeys (ConfUtils.java:logGet(62)) - raft.server.log.purge.upto.snapshot.index = false (default)
2025-07-27 04:39:37,007 [EventQueue-PipelineReportForOneReplicaPipelineSafeModeRule] INFO  safemode.SCMSafeModeManager (SCMSafeModeManager.java:validateSafeModeExitRules(138)) - AtleastOneDatanodeReportedRule rule is successfully validated
2025-07-27 04:39:37,007 [c1327a8c-71b7-4605-98e6-996d8ace38a9-groupManagement] INFO  server.RaftServer$Division (RaftServerImpl.java:start(419)) - c1327a8c-71b7-4605-98e6-996d8ace38a9@group-F867CEC589A5: Successfully started.
2025-07-27 04:39:37,010 [c1327a8c-71b7-4605-98e6-996d8ace38a9-PipelineCommandHandlerThread-0] INFO  ratis.XceiverServerRatis (XceiverServerRatis.java:addGroup(843)) - Created group Pipeline-8bcc116d-d9aa-41e2-9837-f867cec589a5
2025-07-27 04:39:37,010 [c1327a8c-71b7-4605-98e6-996d8ace38a9-PipelineCommandHandlerThread-0] INFO  commandhandler.CreatePipelineCommandHandler (CreatePipelineCommandHandler.java:lambda$handle$2(127)) - Created Pipeline RATIS ONE Pipeline-8bcc116d-d9aa-41e2-9837-f867cec589a5.
2025-07-27 04:39:37,010 [Recon-EventQueue-PipelineReportForReconPipelineReportHandler] INFO  scm.ReconPipelineReportHandler (ReconPipelineReportHandler.java:processPipelineReport(85)) - Pipeline Pipeline{ Id: 8bcc116d-d9aa-41e2-9837-f867cec589a5, Nodes: [ {c1327a8c-71b7-4605-98e6-996d8ace38a9(localhost/127.0.0.1), ReplicaIndex: 0},], ReplicationConfig: RATIS/ONE, State:ALLOCATED, leaderId:, CreationTimestamp2025-07-27T04:39:35.504Z[Etc/UTC]} verified from SCM and added to Recon pipeline metadata.
2025-07-27 04:39:37,010 [Recon-EventQueue-PipelineReportForReconPipelineReportHandler] INFO  scm.ReconPipelineReportHandler (ReconPipelineReportHandler.java:processPipelineReport(102)) - Pipeline RATIS/ONE Pipeline-8bcc116d-d9aa-41e2-9837-f867cec589a5 reported by c1327a8c-71b7-4605-98e6-996d8ace38a9(localhost/127.0.0.1)
2025-07-27 04:39:37,011 [c1327a8c-71b7-4605-98e6-996d8ace38a9-PipelineCommandHandlerThread-0] INFO  server.RaftServer (RaftServerProxy.java:addNew(105)) - c1327a8c-71b7-4605-98e6-996d8ace38a9: addNew group-844191D60EEE:[c1327a8c-71b7-4605-98e6-996d8ace38a9|127.0.0.1:15017, f71b517f-2361-4434-922a-3423737067f9|127.0.0.1:15025, 03318119-e9ed-4ea7-a7fd-1ba78babdf30|127.0.0.1:15033] returns group-844191D60EEE:java.util.concurrent.CompletableFuture@4d1480[Not completed]
2025-07-27 04:39:37,013 [b5edd741-2039-4d1d-94cc-17e91a98dfa9@group-DC89DAF7EEB0-StateMachineUpdater] INFO  safemode.SCMSafeModeManager (SCMSafeModeManager.java:validateSafeModeExitRules(138)) - DataNodeSafeModeRule rule is successfully validated
2025-07-27 04:39:37,014 [b5edd741-2039-4d1d-94cc-17e91a98dfa9@group-DC89DAF7EEB0-StateMachineUpdater] INFO  safemode.SCMSafeModeManager (SCMSafeModeManager.java:validateSafeModeExitRules(138)) - RatisContainerSafeModeRule rule is successfully validated
2025-07-27 04:39:37,014 [b5edd741-2039-4d1d-94cc-17e91a98dfa9@group-DC89DAF7EEB0-StateMachineUpdater] INFO  safemode.HealthyPipelineSafeModeRule (HealthyPipelineSafeModeRule.java:initializeRule(228)) - Refreshed total pipeline count is 0, healthy pipeline threshold count is 1
2025-07-27 04:39:37,014 [b5edd741-2039-4d1d-94cc-17e91a98dfa9@group-DC89DAF7EEB0-StateMachineUpdater] INFO  safemode.SCMSafeModeManager (SCMSafeModeManager.java:validateSafeModeExitRules(138)) - ECContainerSafeModeRule rule is successfully validated
2025-07-27 04:39:37,014 [b5edd741-2039-4d1d-94cc-17e91a98dfa9@group-DC89DAF7EEB0-StateMachineUpdater] INFO  safemode.SCMSafeModeManager (SCMSafeModeManager.java:validateSafeModeExitRules(138)) - AtleastOneDatanodeReportedRule rule is successfully validated
2025-07-27 04:39:37,014 [c1327a8c-71b7-4605-98e6-996d8ace38a9-groupManagement] INFO  server.RaftServer$Division (RaftServerImpl.java:<init>(268)) - c1327a8c-71b7-4605-98e6-996d8ace38a9: new RaftServerImpl for group-844191D60EEE:[c1327a8c-71b7-4605-98e6-996d8ace38a9|127.0.0.1:15017, f71b517f-2361-4434-922a-3423737067f9|127.0.0.1:15025, 03318119-e9ed-4ea7-a7fd-1ba78babdf30|127.0.0.1:15033] with ContainerStateMachine:uninitialized
2025-07-27 04:39:37,014 [EventQueue-PipelineReportForPipelineReportHandler] INFO  pipeline.PipelineReportHandler (PipelineReportHandler.java:processPipelineReport(134)) - Opened pipeline Pipeline-8bcc116d-d9aa-41e2-9837-f867cec589a5
2025-07-27 04:39:37,014 [c1327a8c-71b7-4605-98e6-996d8ace38a9-groupManagement] INFO  server.RaftServer$Division (ServerState.java:<init>(114)) - c1327a8c-71b7-4605-98e6-996d8ace38a9@group-844191D60EEE: ConfigurationManager, init=conf: {index: -1, cur=peers:[c1327a8c-71b7-4605-98e6-996d8ace38a9|127.0.0.1:15017, f71b517f-2361-4434-922a-3423737067f9|127.0.0.1:15025, 03318119-e9ed-4ea7-a7fd-1ba78babdf30|127.0.0.1:15033]|listeners:[], old=null}, confs=<EMPTY_MAP>
2025-07-27 04:39:37,019 [c1327a8c-71b7-4605-98e6-996d8ace38a9-groupManagement] INFO  storage.RaftStorageDirectory (RaftStorageDirectoryImpl.java:analyzeStorage(138)) - The storage directory /home/runner/work/ozone/ozone/hadoop-ozone/integration-test-recon/target/test-dir/MiniOzoneClusterImpl-1e09403d-52eb-479c-879f-dc89daf7eeb0/ozone-meta/datanode-1/ratis/09ca9575-12cb-4a07-b686-844191d60eee does not exist. Creating ...
2025-07-27 04:39:37,020 [c1327a8c-71b7-4605-98e6-996d8ace38a9-groupManagement] INFO  storage.RaftStorageDirectory (RaftStorageDirectoryImpl.java:tryLock(229)) - Lock on /home/runner/work/ozone/ozone/hadoop-ozone/integration-test-recon/target/test-dir/MiniOzoneClusterImpl-1e09403d-52eb-479c-879f-dc89daf7eeb0/ozone-meta/datanode-1/ratis/09ca9575-12cb-4a07-b686-844191d60eee/in_use.lock acquired by nodename 130059@localhost
2025-07-27 04:39:37,021 [c1327a8c-71b7-4605-98e6-996d8ace38a9-groupManagement] INFO  storage.RaftStorage (RaftStorageImpl.java:format(98)) - Storage directory /home/runner/work/ozone/ozone/hadoop-ozone/integration-test-recon/target/test-dir/MiniOzoneClusterImpl-1e09403d-52eb-479c-879f-dc89daf7eeb0/ozone-meta/datanode-1/ratis/09ca9575-12cb-4a07-b686-844191d60eee has been successfully formatted.
2025-07-27 04:39:37,022 [c1327a8c-71b7-4605-98e6-996d8ace38a9-groupManagement] INFO  ratis.ContainerStateMachine (ContainerStateMachine.java:initialize(339)) - c1327a8c-71b7-4605-98e6-996d8ace38a9: initialize group-844191D60EEE
2025-07-27 04:39:37,022 [c1327a8c-71b7-4605-98e6-996d8ace38a9-groupManagement] INFO  ratis.ContainerStateMachine (ContainerStateMachine.java:loadSnapshot(347)) - group-844191D60EEE: The snapshot info is null. Setting the last applied index to:<INITIAL_VALUE>
2025-07-27 04:39:37,022 [c1327a8c-71b7-4605-98e6-996d8ace38a9-groupManagement] INFO  server.RaftServerConfigKeys (ConfUtils.java:logGet(62)) - raft.server.log.appender.buffer.byte-limit = 33554432 (custom)
2025-07-27 04:39:37,035 [EventQueue-PipelineReportForOneReplicaPipelineSafeModeRule] INFO  safemode.SCMSafeModeManager (SCMSafeModeManager.java:validateSafeModeExitRules(138)) - AtleastOneDatanodeReportedRule rule is successfully validated
2025-07-27 04:39:37,037 [c1327a8c-71b7-4605-98e6-996d8ace38a9-groupManagement] INFO  server.RaftServerConfigKeys (ConfUtils.java:logGet(62)) - raft.server.log.segment.size.max = 67108864 (custom)
2025-07-27 04:39:37,038 [c1327a8c-71b7-4605-98e6-996d8ace38a9-groupManagement] INFO  server.RaftServerConfigKeys (ConfUtils.java:logGet(62)) - raft.server.log.appender.buffer.byte-limit = 33554432 (custom)
2025-07-27 04:39:37,038 [c1327a8c-71b7-4605-98e6-996d8ace38a9-groupManagement] INFO  util.AwaitToRun (AwaitToRun.java:start(81)) - Thread[#895,c1327a8c-71b7-4605-98e6-996d8ace38a9@group-844191D60EEE-cacheEviction-AwaitToRun,5,main] started
2025-07-27 04:39:37,038 [c1327a8c-71b7-4605-98e6-996d8ace38a9-groupManagement] INFO  segmented.SegmentedRaftLogWorker (SegmentedRaftLogWorker.java:<init>(190)) - new c1327a8c-71b7-4605-98e6-996d8ace38a9@group-844191D60EEE-SegmentedRaftLogWorker for RaftStorageImpl:Storage Directory /home/runner/work/ozone/ozone/hadoop-ozone/integration-test-recon/target/test-dir/MiniOzoneClusterImpl-1e09403d-52eb-479c-879f-dc89daf7eeb0/ozone-meta/datanode-1/ratis/09ca9575-12cb-4a07-b686-844191d60eee
2025-07-27 04:39:37,038 [c1327a8c-71b7-4605-98e6-996d8ace38a9-groupManagement] INFO  server.RaftServerConfigKeys (ConfUtils.java:logGet(62)) - raft.server.log.queue.byte-limit = 4294967296 (custom)
2025-07-27 04:39:37,039 [c1327a8c-71b7-4605-98e6-996d8ace38a9-groupManagement] INFO  server.RaftServerConfigKeys (ConfUtils.java:logGet(62)) - raft.server.log.segment.size.max = 67108864 (custom)
2025-07-27 04:39:37,039 [c1327a8c-71b7-4605-98e6-996d8ace38a9-groupManagement] INFO  server.RaftServerConfigKeys (ConfUtils.java:logGet(62)) - raft.server.log.preallocated.size = 4194304 (custom)
2025-07-27 04:39:37,039 [Recon-EventQueue-PipelineReportForReconPipelineReportHandler] INFO  scm.ReconPipelineReportHandler (ReconPipelineReportHandler.java:processPipelineReport(66)) - Unknown pipeline Pipeline-09ca9575-12cb-4a07-b686-844191d60eee. Trying to get from SCM.
2025-07-27 04:39:37,039 [c1327a8c-71b7-4605-98e6-996d8ace38a9-groupManagement] INFO  server.RaftServerConfigKeys (ConfUtils.java:logGet(62)) - raft.server.log.write.buffer.size = 33554440 (custom)
2025-07-27 04:39:37,044 [Recon-EventQueue-PipelineReportForReconPipelineReportHandler] INFO  scm.ReconPipelineReportHandler (ReconPipelineReportHandler.java:processPipelineReport(85)) - Pipeline Pipeline{ Id: 09ca9575-12cb-4a07-b686-844191d60eee, Nodes: [ {c1327a8c-71b7-4605-98e6-996d8ace38a9(localhost/127.0.0.1), ReplicaIndex: 0}, {f71b517f-2361-4434-922a-3423737067f9(localhost/127.0.0.1), ReplicaIndex: 0}, {03318119-e9ed-4ea7-a7fd-1ba78babdf30(localhost/127.0.0.1), ReplicaIndex: 0},], ReplicationConfig: RATIS/THREE, State:ALLOCATED, leaderId:, CreationTimestamp2025-07-27T04:39:35.910Z[Etc/UTC]} verified from SCM and added to Recon pipeline metadata.
2025-07-27 04:39:37,044 [Recon-EventQueue-PipelineReportForReconPipelineReportHandler] INFO  scm.ReconPipelineReportHandler (ReconPipelineReportHandler.java:processPipelineReport(102)) - Pipeline RATIS/THREE Pipeline-09ca9575-12cb-4a07-b686-844191d60eee reported by c1327a8c-71b7-4605-98e6-996d8ace38a9(localhost/127.0.0.1)
2025-07-27 04:39:37,045 [c1327a8c-71b7-4605-98e6-996d8ace38a9-groupManagement] INFO  server.RaftServerConfigKeys (ConfUtils.java:logGet(62)) - raft.server.log.appender.buffer.byte-limit = 33554432 (custom)
2025-07-27 04:39:37,045 [c1327a8c-71b7-4605-98e6-996d8ace38a9-groupManagement] INFO  segmented.SegmentedRaftLogWorker (SegmentedRaftLogWorker.java:lambda$new$0(141)) - c1327a8c-71b7-4605-98e6-996d8ace38a9@group-844191D60EEE-SegmentedRaftLogWorker: flushIndex: setUnconditionally 0 -> -1
2025-07-27 04:39:37,045 [c1327a8c-71b7-4605-98e6-996d8ace38a9-groupManagement] INFO  segmented.SegmentedRaftLogWorker (SegmentedRaftLogWorker.java:lambda$new$0(141)) - c1327a8c-71b7-4605-98e6-996d8ace38a9@group-844191D60EEE-SegmentedRaftLogWorker: safeCacheEvictIndex: setUnconditionally 0 -> -1
2025-07-27 04:39:37,046 [c1327a8c-71b7-4605-98e6-996d8ace38a9-groupManagement] INFO  server.RaftServer$Division (RaftServerImpl.java:start(405)) - c1327a8c-71b7-4605-98e6-996d8ace38a9@group-844191D60EEE: start as a follower, conf=conf: {index: -1, cur=peers:[c1327a8c-71b7-4605-98e6-996d8ace38a9|127.0.0.1:15017, f71b517f-2361-4434-922a-3423737067f9|127.0.0.1:15025, 03318119-e9ed-4ea7-a7fd-1ba78babdf30|127.0.0.1:15033]|listeners:[], old=null}
2025-07-27 04:39:37,046 [c1327a8c-71b7-4605-98e6-996d8ace38a9-groupManagement] INFO  server.RaftServer$Division (RaftServerImpl.java:setRole(392)) - c1327a8c-71b7-4605-98e6-996d8ace38a9@group-844191D60EEE: changes role from      null to FOLLOWER at term 0 for startAsFollower
2025-07-27 04:39:37,046 [c1327a8c-71b7-4605-98e6-996d8ace38a9-groupManagement] INFO  impl.RoleInfo (RoleInfo.java:updateAndGet(148)) - c1327a8c-71b7-4605-98e6-996d8ace38a9: start c1327a8c-71b7-4605-98e6-996d8ace38a9@group-844191D60EEE-FollowerState
2025-07-27 04:39:37,046 [c1327a8c-71b7-4605-98e6-996d8ace38a9-groupManagement] INFO  util.JmxRegister (JmxRegister.java:tryRegister(44)) - Successfully registered JMX Bean with object name Ratis:service=RaftServer,group=group-844191D60EEE,id=c1327a8c-71b7-4605-98e6-996d8ace38a9
2025-07-27 04:39:37,047 [c1327a8c-71b7-4605-98e6-996d8ace38a9-groupManagement] INFO  util.JmxRegister (JmxRegister.java:register(58)) - register mxBean class org.apache.ratis.server.impl.RaftServerJmxAdapter as Ratis:service=RaftServer,group=group-844191D60EEE,id=c1327a8c-71b7-4605-98e6-996d8ace38a9
2025-07-27 04:39:37,048 [c1327a8c-71b7-4605-98e6-996d8ace38a9-groupManagement] INFO  server.RaftServer$Division (RaftServerImpl.java:start(419)) - c1327a8c-71b7-4605-98e6-996d8ace38a9@group-844191D60EEE: Successfully started.
2025-07-27 04:39:37,049 [c1327a8c-71b7-4605-98e6-996d8ace38a9-PipelineCommandHandlerThread-0] INFO  ratis.XceiverServerRatis (XceiverServerRatis.java:addGroup(843)) - Created group Pipeline-09ca9575-12cb-4a07-b686-844191d60eee
2025-07-27 04:39:37,191 [f71b517f-2361-4434-922a-3423737067f9-PipelineCommandHandlerThread-0] INFO  server.RaftServer (RaftServerProxy.java:addNew(105)) - f71b517f-2361-4434-922a-3423737067f9: addNew group-23BD95EBD7A2:[f71b517f-2361-4434-922a-3423737067f9|127.0.0.1:15025] returns group-23BD95EBD7A2:java.util.concurrent.CompletableFuture@1635dc88[Not completed]
2025-07-27 04:39:37,196 [f71b517f-2361-4434-922a-3423737067f9-groupManagement] INFO  server.RaftServer$Division (RaftServerImpl.java:<init>(268)) - f71b517f-2361-4434-922a-3423737067f9: new RaftServerImpl for group-23BD95EBD7A2:[f71b517f-2361-4434-922a-3423737067f9|127.0.0.1:15025] with ContainerStateMachine:uninitialized
2025-07-27 04:39:37,197 [f71b517f-2361-4434-922a-3423737067f9-groupManagement] INFO  server.RaftServer$Division (ServerState.java:<init>(114)) - f71b517f-2361-4434-922a-3423737067f9@group-23BD95EBD7A2: ConfigurationManager, init=conf: {index: -1, cur=peers:[f71b517f-2361-4434-922a-3423737067f9|127.0.0.1:15025]|listeners:[], old=null}, confs=<EMPTY_MAP>
2025-07-27 04:39:37,203 [f71b517f-2361-4434-922a-3423737067f9-groupManagement] INFO  server.RaftServerConfigKeys (ConfUtils.java:logGet(62)) - raft.server.storage.dir = [/home/runner/work/ozone/ozone/hadoop-ozone/integration-test-recon/target/test-dir/MiniOzoneClusterImpl-1e09403d-52eb-479c-879f-dc89daf7eeb0/ozone-meta/datanode-2/ratis] (custom)
2025-07-27 04:39:37,203 [f71b517f-2361-4434-922a-3423737067f9-groupManagement] INFO  storage.RaftStorageDirectory (RaftStorageDirectoryImpl.java:analyzeStorage(138)) - The storage directory /home/runner/work/ozone/ozone/hadoop-ozone/integration-test-recon/target/test-dir/MiniOzoneClusterImpl-1e09403d-52eb-479c-879f-dc89daf7eeb0/ozone-meta/datanode-2/ratis/67b29df1-6389-4ecf-b6b6-23bd95ebd7a2 does not exist. Creating ...
2025-07-27 04:39:37,205 [f71b517f-2361-4434-922a-3423737067f9-groupManagement] INFO  storage.RaftStorageDirectory (RaftStorageDirectoryImpl.java:tryLock(229)) - Lock on /home/runner/work/ozone/ozone/hadoop-ozone/integration-test-recon/target/test-dir/MiniOzoneClusterImpl-1e09403d-52eb-479c-879f-dc89daf7eeb0/ozone-meta/datanode-2/ratis/67b29df1-6389-4ecf-b6b6-23bd95ebd7a2/in_use.lock acquired by nodename 130059@localhost
2025-07-27 04:39:37,206 [f71b517f-2361-4434-922a-3423737067f9-groupManagement] INFO  storage.RaftStorage (RaftStorageImpl.java:format(98)) - Storage directory /home/runner/work/ozone/ozone/hadoop-ozone/integration-test-recon/target/test-dir/MiniOzoneClusterImpl-1e09403d-52eb-479c-879f-dc89daf7eeb0/ozone-meta/datanode-2/ratis/67b29df1-6389-4ecf-b6b6-23bd95ebd7a2 has been successfully formatted.
2025-07-27 04:39:37,207 [f71b517f-2361-4434-922a-3423737067f9-groupManagement] INFO  ratis.ContainerStateMachine (ContainerStateMachine.java:initialize(339)) - f71b517f-2361-4434-922a-3423737067f9: initialize group-23BD95EBD7A2
2025-07-27 04:39:37,208 [f71b517f-2361-4434-922a-3423737067f9-groupManagement] INFO  ratis.ContainerStateMachine (ContainerStateMachine.java:loadSnapshot(347)) - group-23BD95EBD7A2: The snapshot info is null. Setting the last applied index to:<INITIAL_VALUE>
2025-07-27 04:39:37,208 [f71b517f-2361-4434-922a-3423737067f9-groupManagement] INFO  server.RaftServerConfigKeys (ConfUtils.java:logGet(62)) - raft.server.log.appender.buffer.byte-limit = 33554432 (custom)
2025-07-27 04:39:37,211 [f71b517f-2361-4434-922a-3423737067f9-groupManagement] INFO  server.RaftServerConfigKeys (ConfUtils.java:logGet(62)) - raft.server.log.segment.size.max = 67108864 (custom)
2025-07-27 04:39:37,212 [EventQueue-PipelineReportForOneReplicaPipelineSafeModeRule] INFO  safemode.SCMSafeModeManager (SCMSafeModeManager.java:validateSafeModeExitRules(138)) - AtleastOneDatanodeReportedRule rule is successfully validated
2025-07-27 04:39:37,212 [f71b517f-2361-4434-922a-3423737067f9-groupManagement] INFO  server.RaftServerConfigKeys (ConfUtils.java:logGet(62)) - raft.server.log.appender.buffer.byte-limit = 33554432 (custom)
2025-07-27 04:39:37,214 [IPC Server handler 15 on default port 15001] INFO  scm.ReconNodeManager (ReconNodeManager.java:register(219)) - Updated nodes db table for f71b517f-2361-4434-922a-3423737067f9(localhost/127.0.0.1)
2025-07-27 04:39:37,215 [f71b517f-2361-4434-922a-3423737067f9-groupManagement] INFO  util.AwaitToRun (AwaitToRun.java:start(81)) - Thread[#905,f71b517f-2361-4434-922a-3423737067f9@group-23BD95EBD7A2-cacheEviction-AwaitToRun,5,main] started
2025-07-27 04:39:37,215 [f71b517f-2361-4434-922a-3423737067f9-groupManagement] INFO  segmented.SegmentedRaftLogWorker (SegmentedRaftLogWorker.java:<init>(190)) - new f71b517f-2361-4434-922a-3423737067f9@group-23BD95EBD7A2-SegmentedRaftLogWorker for RaftStorageImpl:Storage Directory /home/runner/work/ozone/ozone/hadoop-ozone/integration-test-recon/target/test-dir/MiniOzoneClusterImpl-1e09403d-52eb-479c-879f-dc89daf7eeb0/ozone-meta/datanode-2/ratis/67b29df1-6389-4ecf-b6b6-23bd95ebd7a2
2025-07-27 04:39:37,215 [f71b517f-2361-4434-922a-3423737067f9-groupManagement] INFO  server.RaftServerConfigKeys (ConfUtils.java:logGet(62)) - raft.server.log.queue.byte-limit = 4294967296 (custom)
2025-07-27 04:39:37,215 [f71b517f-2361-4434-922a-3423737067f9-groupManagement] INFO  server.RaftServerConfigKeys (ConfUtils.java:logGet(62)) - raft.server.log.segment.size.max = 67108864 (custom)
2025-07-27 04:39:37,215 [f71b517f-2361-4434-922a-3423737067f9-groupManagement] INFO  server.RaftServerConfigKeys (ConfUtils.java:logGet(62)) - raft.server.log.preallocated.size = 4194304 (custom)
2025-07-27 04:39:37,215 [IPC Server handler 15 on default port 15001] INFO  recon.ReconContext (ReconContext.java:updateHealthStatus(76)) - Update healthStatus of Recon from true to true.
2025-07-27 04:39:37,215 [f71b517f-2361-4434-922a-3423737067f9-groupManagement] INFO  server.RaftServerConfigKeys (ConfUtils.java:logGet(62)) - raft.server.log.write.buffer.size = 33554440 (custom)
2025-07-27 04:39:37,216 [Recon-EventQueue-PipelineReportForReconPipelineReportHandler] INFO  scm.ReconPipelineReportHandler (ReconPipelineReportHandler.java:processPipelineReport(66)) - Unknown pipeline Pipeline-67b29df1-6389-4ecf-b6b6-23bd95ebd7a2. Trying to get from SCM.
2025-07-27 04:39:37,216 [b5edd741-2039-4d1d-94cc-17e91a98dfa9@group-DC89DAF7EEB0-StateMachineUpdater] INFO  safemode.SCMSafeModeManager (SCMSafeModeManager.java:validateSafeModeExitRules(138)) - DataNodeSafeModeRule rule is successfully validated
2025-07-27 04:39:37,217 [b5edd741-2039-4d1d-94cc-17e91a98dfa9@group-DC89DAF7EEB0-StateMachineUpdater] INFO  safemode.SCMSafeModeManager (SCMSafeModeManager.java:validateSafeModeExitRules(138)) - RatisContainerSafeModeRule rule is successfully validated
2025-07-27 04:39:37,217 [b5edd741-2039-4d1d-94cc-17e91a98dfa9@group-DC89DAF7EEB0-StateMachineUpdater] INFO  safemode.HealthyPipelineSafeModeRule (HealthyPipelineSafeModeRule.java:initializeRule(228)) - Refreshed total pipeline count is 0, healthy pipeline threshold count is 1
2025-07-27 04:39:37,217 [b5edd741-2039-4d1d-94cc-17e91a98dfa9@group-DC89DAF7EEB0-StateMachineUpdater] INFO  safemode.SCMSafeModeManager (SCMSafeModeManager.java:validateSafeModeExitRules(138)) - ECContainerSafeModeRule rule is successfully validated
2025-07-27 04:39:37,217 [b5edd741-2039-4d1d-94cc-17e91a98dfa9@group-DC89DAF7EEB0-StateMachineUpdater] INFO  safemode.SCMSafeModeManager (SCMSafeModeManager.java:validateSafeModeExitRules(138)) - AtleastOneDatanodeReportedRule rule is successfully validated
2025-07-27 04:39:37,218 [EventQueue-PipelineReportForPipelineReportHandler] INFO  pipeline.PipelineReportHandler (PipelineReportHandler.java:processPipelineReport(134)) - Opened pipeline Pipeline-67b29df1-6389-4ecf-b6b6-23bd95ebd7a2
2025-07-27 04:39:37,221 [Recon-EventQueue-PipelineReportForReconPipelineReportHandler] INFO  scm.ReconPipelineReportHandler (ReconPipelineReportHandler.java:processPipelineReport(85)) - Pipeline Pipeline{ Id: 67b29df1-6389-4ecf-b6b6-23bd95ebd7a2, Nodes: [ {f71b517f-2361-4434-922a-3423737067f9(localhost/127.0.0.1), ReplicaIndex: 0},], ReplicationConfig: RATIS/ONE, State:OPEN, leaderId:f71b517f-2361-4434-922a-3423737067f9, CreationTimestamp2025-07-27T04:39:35.692Z[Etc/UTC]} verified from SCM and added to Recon pipeline metadata.
2025-07-27 04:39:37,223 [f71b517f-2361-4434-922a-3423737067f9-groupManagement] INFO  server.RaftServerConfigKeys (ConfUtils.java:logGet(62)) - raft.server.log.appender.buffer.byte-limit = 33554432 (custom)
2025-07-27 04:39:37,224 [f71b517f-2361-4434-922a-3423737067f9-groupManagement] INFO  segmented.SegmentedRaftLogWorker (SegmentedRaftLogWorker.java:lambda$new$0(141)) - f71b517f-2361-4434-922a-3423737067f9@group-23BD95EBD7A2-SegmentedRaftLogWorker: flushIndex: setUnconditionally 0 -> -1
2025-07-27 04:39:37,224 [f71b517f-2361-4434-922a-3423737067f9-groupManagement] INFO  segmented.SegmentedRaftLogWorker (SegmentedRaftLogWorker.java:lambda$new$0(141)) - f71b517f-2361-4434-922a-3423737067f9@group-23BD95EBD7A2-SegmentedRaftLogWorker: safeCacheEvictIndex: setUnconditionally 0 -> -1
2025-07-27 04:39:37,224 [f71b517f-2361-4434-922a-3423737067f9-groupManagement] INFO  server.RaftServer$Division (RaftServerImpl.java:start(405)) - f71b517f-2361-4434-922a-3423737067f9@group-23BD95EBD7A2: start as a follower, conf=conf: {index: -1, cur=peers:[f71b517f-2361-4434-922a-3423737067f9|127.0.0.1:15025]|listeners:[], old=null}
2025-07-27 04:39:37,224 [f71b517f-2361-4434-922a-3423737067f9-groupManagement] INFO  server.RaftServer$Division (RaftServerImpl.java:setRole(392)) - f71b517f-2361-4434-922a-3423737067f9@group-23BD95EBD7A2: changes role from      null to FOLLOWER at term 0 for startAsFollower
2025-07-27 04:39:37,224 [f71b517f-2361-4434-922a-3423737067f9-groupManagement] INFO  impl.RoleInfo (RoleInfo.java:updateAndGet(148)) - f71b517f-2361-4434-922a-3423737067f9: start f71b517f-2361-4434-922a-3423737067f9@group-23BD95EBD7A2-FollowerState
2025-07-27 04:39:37,225 [f71b517f-2361-4434-922a-3423737067f9-groupManagement] INFO  util.JmxRegister (JmxRegister.java:tryRegister(44)) - Successfully registered JMX Bean with object name Ratis:service=RaftServer,group=group-23BD95EBD7A2,id=f71b517f-2361-4434-922a-3423737067f9
2025-07-27 04:39:37,225 [f71b517f-2361-4434-922a-3423737067f9-groupManagement] INFO  util.JmxRegister (JmxRegister.java:register(58)) - register mxBean class org.apache.ratis.server.impl.RaftServerJmxAdapter as Ratis:service=RaftServer,group=group-23BD95EBD7A2,id=f71b517f-2361-4434-922a-3423737067f9
2025-07-27 04:39:37,225 [f71b517f-2361-4434-922a-3423737067f9-groupManagement] INFO  server.RaftServer$Division (RaftServerImpl.java:start(419)) - f71b517f-2361-4434-922a-3423737067f9@group-23BD95EBD7A2: Successfully started.
2025-07-27 04:39:37,226 [f71b517f-2361-4434-922a-3423737067f9-PipelineCommandHandlerThread-0] INFO  ratis.XceiverServerRatis (XceiverServerRatis.java:addGroup(843)) - Created group Pipeline-67b29df1-6389-4ecf-b6b6-23bd95ebd7a2
2025-07-27 04:39:37,226 [f71b517f-2361-4434-922a-3423737067f9-PipelineCommandHandlerThread-0] INFO  commandhandler.CreatePipelineCommandHandler (CreatePipelineCommandHandler.java:lambda$handle$2(127)) - Created Pipeline RATIS ONE Pipeline-67b29df1-6389-4ecf-b6b6-23bd95ebd7a2.
2025-07-27 04:39:37,226 [f71b517f-2361-4434-922a-3423737067f9-PipelineCommandHandlerThread-0] INFO  server.RaftServer (RaftServerProxy.java:addNew(105)) - f71b517f-2361-4434-922a-3423737067f9: addNew group-844191D60EEE:[c1327a8c-71b7-4605-98e6-996d8ace38a9|127.0.0.1:15017, f71b517f-2361-4434-922a-3423737067f9|127.0.0.1:15025, 03318119-e9ed-4ea7-a7fd-1ba78babdf30|127.0.0.1:15033] returns group-844191D60EEE:java.util.concurrent.CompletableFuture@36c5ed47[Not completed]
2025-07-27 04:39:37,229 [f71b517f-2361-4434-922a-3423737067f9-groupManagement] INFO  server.RaftServer$Division (RaftServerImpl.java:<init>(268)) - f71b517f-2361-4434-922a-3423737067f9: new RaftServerImpl for group-844191D60EEE:[c1327a8c-71b7-4605-98e6-996d8ace38a9|127.0.0.1:15017, f71b517f-2361-4434-922a-3423737067f9|127.0.0.1:15025, 03318119-e9ed-4ea7-a7fd-1ba78babdf30|127.0.0.1:15033] with ContainerStateMachine:uninitialized
2025-07-27 04:39:37,229 [f71b517f-2361-4434-922a-3423737067f9-groupManagement] INFO  server.RaftServer$Division (ServerState.java:<init>(114)) - f71b517f-2361-4434-922a-3423737067f9@group-844191D60EEE: ConfigurationManager, init=conf: {index: -1, cur=peers:[c1327a8c-71b7-4605-98e6-996d8ace38a9|127.0.0.1:15017, f71b517f-2361-4434-922a-3423737067f9|127.0.0.1:15025, 03318119-e9ed-4ea7-a7fd-1ba78babdf30|127.0.0.1:15033]|listeners:[], old=null}, confs=<EMPTY_MAP>
2025-07-27 04:39:37,234 [f71b517f-2361-4434-922a-3423737067f9-groupManagement] INFO  storage.RaftStorageDirectory (RaftStorageDirectoryImpl.java:analyzeStorage(138)) - The storage directory /home/runner/work/ozone/ozone/hadoop-ozone/integration-test-recon/target/test-dir/MiniOzoneClusterImpl-1e09403d-52eb-479c-879f-dc89daf7eeb0/ozone-meta/datanode-2/ratis/09ca9575-12cb-4a07-b686-844191d60eee does not exist. Creating ...
2025-07-27 04:39:37,235 [f71b517f-2361-4434-922a-3423737067f9-groupManagement] INFO  storage.RaftStorageDirectory (RaftStorageDirectoryImpl.java:tryLock(229)) - Lock on /home/runner/work/ozone/ozone/hadoop-ozone/integration-test-recon/target/test-dir/MiniOzoneClusterImpl-1e09403d-52eb-479c-879f-dc89daf7eeb0/ozone-meta/datanode-2/ratis/09ca9575-12cb-4a07-b686-844191d60eee/in_use.lock acquired by nodename 130059@localhost
2025-07-27 04:39:37,236 [f71b517f-2361-4434-922a-3423737067f9-groupManagement] INFO  storage.RaftStorage (RaftStorageImpl.java:format(98)) - Storage directory /home/runner/work/ozone/ozone/hadoop-ozone/integration-test-recon/target/test-dir/MiniOzoneClusterImpl-1e09403d-52eb-479c-879f-dc89daf7eeb0/ozone-meta/datanode-2/ratis/09ca9575-12cb-4a07-b686-844191d60eee has been successfully formatted.
2025-07-27 04:39:37,237 [f71b517f-2361-4434-922a-3423737067f9-groupManagement] INFO  ratis.ContainerStateMachine (ContainerStateMachine.java:initialize(339)) - f71b517f-2361-4434-922a-3423737067f9: initialize group-844191D60EEE
2025-07-27 04:39:37,237 [f71b517f-2361-4434-922a-3423737067f9-groupManagement] INFO  ratis.ContainerStateMachine (ContainerStateMachine.java:loadSnapshot(347)) - group-844191D60EEE: The snapshot info is null. Setting the last applied index to:<INITIAL_VALUE>
2025-07-27 04:39:37,237 [f71b517f-2361-4434-922a-3423737067f9-groupManagement] INFO  server.RaftServerConfigKeys (ConfUtils.java:logGet(62)) - raft.server.log.appender.buffer.byte-limit = 33554432 (custom)
2025-07-27 04:39:37,239 [f71b517f-2361-4434-922a-3423737067f9-groupManagement] INFO  server.RaftServerConfigKeys (ConfUtils.java:logGet(62)) - raft.server.log.segment.size.max = 67108864 (custom)
2025-07-27 04:39:37,239 [EventQueue-PipelineReportForOneReplicaPipelineSafeModeRule] INFO  safemode.SCMSafeModeManager (SCMSafeModeManager.java:validateSafeModeExitRules(138)) - AtleastOneDatanodeReportedRule rule is successfully validated
2025-07-27 04:39:37,239 [f71b517f-2361-4434-922a-3423737067f9-groupManagement] INFO  server.RaftServerConfigKeys (ConfUtils.java:logGet(62)) - raft.server.log.appender.buffer.byte-limit = 33554432 (custom)
2025-07-27 04:39:37,240 [f71b517f-2361-4434-922a-3423737067f9-groupManagement] INFO  util.AwaitToRun (AwaitToRun.java:start(81)) - Thread[#910,f71b517f-2361-4434-922a-3423737067f9@group-844191D60EEE-cacheEviction-AwaitToRun,5,main] started
2025-07-27 04:39:37,240 [f71b517f-2361-4434-922a-3423737067f9-groupManagement] INFO  segmented.SegmentedRaftLogWorker (SegmentedRaftLogWorker.java:<init>(190)) - new f71b517f-2361-4434-922a-3423737067f9@group-844191D60EEE-SegmentedRaftLogWorker for RaftStorageImpl:Storage Directory /home/runner/work/ozone/ozone/hadoop-ozone/integration-test-recon/target/test-dir/MiniOzoneClusterImpl-1e09403d-52eb-479c-879f-dc89daf7eeb0/ozone-meta/datanode-2/ratis/09ca9575-12cb-4a07-b686-844191d60eee
2025-07-27 04:39:37,240 [f71b517f-2361-4434-922a-3423737067f9-groupManagement] INFO  server.RaftServerConfigKeys (ConfUtils.java:logGet(62)) - raft.server.log.queue.byte-limit = 4294967296 (custom)
2025-07-27 04:39:37,240 [f71b517f-2361-4434-922a-3423737067f9-groupManagement] INFO  server.RaftServerConfigKeys (ConfUtils.java:logGet(62)) - raft.server.log.segment.size.max = 67108864 (custom)
2025-07-27 04:39:37,240 [f71b517f-2361-4434-922a-3423737067f9-groupManagement] INFO  server.RaftServerConfigKeys (ConfUtils.java:logGet(62)) - raft.server.log.preallocated.size = 4194304 (custom)
2025-07-27 04:39:37,241 [f71b517f-2361-4434-922a-3423737067f9-groupManagement] INFO  server.RaftServerConfigKeys (ConfUtils.java:logGet(62)) - raft.server.log.write.buffer.size = 33554440 (custom)
2025-07-27 04:39:37,242 [Recon-EventQueue-PipelineReportForReconPipelineReportHandler] INFO  scm.ReconPipelineReportHandler (ReconPipelineReportHandler.java:processPipelineReport(102)) - Pipeline RATIS/THREE Pipeline-09ca9575-12cb-4a07-b686-844191d60eee reported by f71b517f-2361-4434-922a-3423737067f9(localhost/127.0.0.1)
2025-07-27 04:39:37,246 [f71b517f-2361-4434-922a-3423737067f9-groupManagement] INFO  server.RaftServerConfigKeys (ConfUtils.java:logGet(62)) - raft.server.log.appender.buffer.byte-limit = 33554432 (custom)
2025-07-27 04:39:37,247 [f71b517f-2361-4434-922a-3423737067f9-groupManagement] INFO  segmented.SegmentedRaftLogWorker (SegmentedRaftLogWorker.java:lambda$new$0(141)) - f71b517f-2361-4434-922a-3423737067f9@group-844191D60EEE-SegmentedRaftLogWorker: flushIndex: setUnconditionally 0 -> -1
2025-07-27 04:39:37,247 [f71b517f-2361-4434-922a-3423737067f9-groupManagement] INFO  segmented.SegmentedRaftLogWorker (SegmentedRaftLogWorker.java:lambda$new$0(141)) - f71b517f-2361-4434-922a-3423737067f9@group-844191D60EEE-SegmentedRaftLogWorker: safeCacheEvictIndex: setUnconditionally 0 -> -1
2025-07-27 04:39:37,248 [f71b517f-2361-4434-922a-3423737067f9-groupManagement] INFO  server.RaftServer$Division (RaftServerImpl.java:start(405)) - f71b517f-2361-4434-922a-3423737067f9@group-844191D60EEE: start as a follower, conf=conf: {index: -1, cur=peers:[c1327a8c-71b7-4605-98e6-996d8ace38a9|127.0.0.1:15017, f71b517f-2361-4434-922a-3423737067f9|127.0.0.1:15025, 03318119-e9ed-4ea7-a7fd-1ba78babdf30|127.0.0.1:15033]|listeners:[], old=null}
2025-07-27 04:39:37,248 [f71b517f-2361-4434-922a-3423737067f9-groupManagement] INFO  server.RaftServer$Division (RaftServerImpl.java:setRole(392)) - f71b517f-2361-4434-922a-3423737067f9@group-844191D60EEE: changes role from      null to FOLLOWER at term 0 for startAsFollower
2025-07-27 04:39:37,248 [f71b517f-2361-4434-922a-3423737067f9-groupManagement] INFO  impl.RoleInfo (RoleInfo.java:updateAndGet(148)) - f71b517f-2361-4434-922a-3423737067f9: start f71b517f-2361-4434-922a-3423737067f9@group-844191D60EEE-FollowerState
2025-07-27 04:39:37,248 [f71b517f-2361-4434-922a-3423737067f9-groupManagement] INFO  util.JmxRegister (JmxRegister.java:tryRegister(44)) - Successfully registered JMX Bean with object name Ratis:service=RaftServer,group=group-844191D60EEE,id=f71b517f-2361-4434-922a-3423737067f9
2025-07-27 04:39:37,248 [f71b517f-2361-4434-922a-3423737067f9-groupManagement] INFO  util.JmxRegister (JmxRegister.java:register(58)) - register mxBean class org.apache.ratis.server.impl.RaftServerJmxAdapter as Ratis:service=RaftServer,group=group-844191D60EEE,id=f71b517f-2361-4434-922a-3423737067f9
2025-07-27 04:39:37,250 [f71b517f-2361-4434-922a-3423737067f9-groupManagement] INFO  server.RaftServer$Division (RaftServerImpl.java:start(419)) - f71b517f-2361-4434-922a-3423737067f9@group-844191D60EEE: Successfully started.
2025-07-27 04:39:37,251 [f71b517f-2361-4434-922a-3423737067f9-PipelineCommandHandlerThread-0] INFO  ratis.XceiverServerRatis (XceiverServerRatis.java:addGroup(843)) - Created group Pipeline-09ca9575-12cb-4a07-b686-844191d60eee
2025-07-27 04:39:37,305 [grpc-default-executor-0] WARN  server.GrpcAdminProtocolService (GrpcAdminProtocolService.java:lambda$groupManagement$1(53)) - Failed groupManagement: GROUPADD, GroupManagementRequest:client-356CD9C09978->f71b517f-2361-4434-922a-3423737067f9@group-844191D60EEE, cid=1, seq=null, RW, null, Add:group-844191D60EEE:[c1327a8c-71b7-4605-98e6-996d8ace38a9|127.0.0.1:15017, f71b517f-2361-4434-922a-3423737067f9|127.0.0.1:15025, 03318119-e9ed-4ea7-a7fd-1ba78babdf30|127.0.0.1:15033]
java.util.concurrent.CompletionException: org.apache.ratis.protocol.exceptions.AlreadyExistsException: f71b517f-2361-4434-922a-3423737067f9: Failed to add group-844191D60EEE:[c1327a8c-71b7-4605-98e6-996d8ace38a9|127.0.0.1:15017, f71b517f-2361-4434-922a-3423737067f9|127.0.0.1:15025, 03318119-e9ed-4ea7-a7fd-1ba78babdf30|127.0.0.1:15033] since the group already exists in the map.
	at java.base/java.util.concurrent.CompletableFuture.encodeThrowable(CompletableFuture.java:332)
	at java.base/java.util.concurrent.CompletableFuture.uniApplyNow(CompletableFuture.java:674)
	at java.base/java.util.concurrent.CompletableFuture.uniApplyStage(CompletableFuture.java:662)
	at java.base/java.util.concurrent.CompletableFuture.thenApplyAsync(CompletableFuture.java:2210)
	at org.apache.ratis.server.impl.RaftServerProxy.groupAddAsync(RaftServerProxy.java:513)
	at org.apache.ratis.server.impl.RaftServerProxy.groupManagementAsync(RaftServerProxy.java:495)
	at org.apache.ratis.grpc.server.GrpcAdminProtocolService.lambda$groupManagement$0(GrpcAdminProtocolService.java:51)
	at org.apache.ratis.grpc.GrpcUtil.asyncCall(GrpcUtil.java:172)
	at org.apache.ratis.grpc.server.GrpcAdminProtocolService.groupManagement(GrpcAdminProtocolService.java:51)
	at org.apache.ratis.proto.grpc.AdminProtocolServiceGrpc$MethodHandlers.invoke(AdminProtocolServiceGrpc.java:701)
	at org.apache.ratis.thirdparty.io.grpc.stub.ServerCalls$UnaryServerCallHandler$UnaryServerCallListener.onHalfClose(ServerCalls.java:182)
	at org.apache.ratis.thirdparty.io.grpc.internal.ServerCallImpl$ServerStreamListenerImpl.halfClosed(ServerCallImpl.java:356)
	at org.apache.ratis.thirdparty.io.grpc.internal.ServerImpl$JumpToApplicationThreadServerStreamListener$1HalfClosed.runInContext(ServerImpl.java:861)
	at org.apache.ratis.thirdparty.io.grpc.internal.ContextRunnable.run(ContextRunnable.java:37)
	at org.apache.ratis.thirdparty.io.grpc.internal.SerializingExecutor.run(SerializingExecutor.java:133)
	at java.base/java.util.concurrent.ThreadPoolExecutor.runWorker(ThreadPoolExecutor.java:1144)
	at java.base/java.util.concurrent.ThreadPoolExecutor$Worker.run(ThreadPoolExecutor.java:642)
	at java.base/java.lang.Thread.run(Thread.java:1583)
Caused by: org.apache.ratis.protocol.exceptions.AlreadyExistsException: f71b517f-2361-4434-922a-3423737067f9: Failed to add group-844191D60EEE:[c1327a8c-71b7-4605-98e6-996d8ace38a9|127.0.0.1:15017, f71b517f-2361-4434-922a-3423737067f9|127.0.0.1:15025, 03318119-e9ed-4ea7-a7fd-1ba78babdf30|127.0.0.1:15033] since the group already exists in the map.
	at org.apache.ratis.server.impl.RaftServerProxy$ImplMap.addNew(RaftServerProxy.java:99)
	at org.apache.ratis.server.impl.RaftServerProxy.groupAddAsync(RaftServerProxy.java:512)
	... 13 more
2025-07-27 04:39:37,306 [grpc-default-executor-1] WARN  server.GrpcAdminProtocolService (GrpcAdminProtocolService.java:lambda$groupManagement$1(53)) - Failed groupManagement: GROUPADD, GroupManagementRequest:client-47EEC6162DAB->c1327a8c-71b7-4605-98e6-996d8ace38a9@group-844191D60EEE, cid=2, seq=null, RW, null, Add:group-844191D60EEE:[c1327a8c-71b7-4605-98e6-996d8ace38a9|127.0.0.1:15017, f71b517f-2361-4434-922a-3423737067f9|127.0.0.1:15025, 03318119-e9ed-4ea7-a7fd-1ba78babdf30|127.0.0.1:15033]
java.util.concurrent.CompletionException: org.apache.ratis.protocol.exceptions.AlreadyExistsException: c1327a8c-71b7-4605-98e6-996d8ace38a9: Failed to add group-844191D60EEE:[c1327a8c-71b7-4605-98e6-996d8ace38a9|127.0.0.1:15017, f71b517f-2361-4434-922a-3423737067f9|127.0.0.1:15025, 03318119-e9ed-4ea7-a7fd-1ba78babdf30|127.0.0.1:15033] since the group already exists in the map.
	at java.base/java.util.concurrent.CompletableFuture.encodeThrowable(CompletableFuture.java:332)
	at java.base/java.util.concurrent.CompletableFuture.uniApplyNow(CompletableFuture.java:674)
	at java.base/java.util.concurrent.CompletableFuture.uniApplyStage(CompletableFuture.java:662)
	at java.base/java.util.concurrent.CompletableFuture.thenApplyAsync(CompletableFuture.java:2210)
	at org.apache.ratis.server.impl.RaftServerProxy.groupAddAsync(RaftServerProxy.java:513)
	at org.apache.ratis.server.impl.RaftServerProxy.groupManagementAsync(RaftServerProxy.java:495)
	at org.apache.ratis.grpc.server.GrpcAdminProtocolService.lambda$groupManagement$0(GrpcAdminProtocolService.java:51)
	at org.apache.ratis.grpc.GrpcUtil.asyncCall(GrpcUtil.java:172)
	at org.apache.ratis.grpc.server.GrpcAdminProtocolService.groupManagement(GrpcAdminProtocolService.java:51)
	at org.apache.ratis.proto.grpc.AdminProtocolServiceGrpc$MethodHandlers.invoke(AdminProtocolServiceGrpc.java:701)
	at org.apache.ratis.thirdparty.io.grpc.stub.ServerCalls$UnaryServerCallHandler$UnaryServerCallListener.onHalfClose(ServerCalls.java:182)
	at org.apache.ratis.thirdparty.io.grpc.internal.ServerCallImpl$ServerStreamListenerImpl.halfClosed(ServerCallImpl.java:356)
	at org.apache.ratis.thirdparty.io.grpc.internal.ServerImpl$JumpToApplicationThreadServerStreamListener$1HalfClosed.runInContext(ServerImpl.java:861)
	at org.apache.ratis.thirdparty.io.grpc.internal.ContextRunnable.run(ContextRunnable.java:37)
	at org.apache.ratis.thirdparty.io.grpc.internal.SerializingExecutor.run(SerializingExecutor.java:133)
	at java.base/java.util.concurrent.ThreadPoolExecutor.runWorker(ThreadPoolExecutor.java:1144)
	at java.base/java.util.concurrent.ThreadPoolExecutor$Worker.run(ThreadPoolExecutor.java:642)
	at java.base/java.lang.Thread.run(Thread.java:1583)
Caused by: org.apache.ratis.protocol.exceptions.AlreadyExistsException: c1327a8c-71b7-4605-98e6-996d8ace38a9: Failed to add group-844191D60EEE:[c1327a8c-71b7-4605-98e6-996d8ace38a9|127.0.0.1:15017, f71b517f-2361-4434-922a-3423737067f9|127.0.0.1:15025, 03318119-e9ed-4ea7-a7fd-1ba78babdf30|127.0.0.1:15033] since the group already exists in the map.
	at org.apache.ratis.server.impl.RaftServerProxy$ImplMap.addNew(RaftServerProxy.java:99)
	at org.apache.ratis.server.impl.RaftServerProxy.groupAddAsync(RaftServerProxy.java:512)
	... 13 more
2025-07-27 04:39:37,352 [grpc-default-executor-0] INFO  server.RaftServer (RaftServerProxy.java:addNew(105)) - 03318119-e9ed-4ea7-a7fd-1ba78babdf30: addNew group-844191D60EEE:[c1327a8c-71b7-4605-98e6-996d8ace38a9|127.0.0.1:15017, f71b517f-2361-4434-922a-3423737067f9|127.0.0.1:15025, 03318119-e9ed-4ea7-a7fd-1ba78babdf30|127.0.0.1:15033] returns group-844191D60EEE:java.util.concurrent.CompletableFuture@e2da0e9[Not completed]
2025-07-27 04:39:37,352 [grpc-default-executor-1] WARN  server.GrpcAdminProtocolService (GrpcAdminProtocolService.java:lambda$groupManagement$1(53)) - Failed groupManagement: GROUPADD, GroupManagementRequest:client-2A35FADA6D2C->03318119-e9ed-4ea7-a7fd-1ba78babdf30@group-844191D60EEE, cid=4, seq=null, RW, null, Add:group-844191D60EEE:[c1327a8c-71b7-4605-98e6-996d8ace38a9|127.0.0.1:15017, f71b517f-2361-4434-922a-3423737067f9|127.0.0.1:15025, 03318119-e9ed-4ea7-a7fd-1ba78babdf30|127.0.0.1:15033]
java.util.concurrent.CompletionException: org.apache.ratis.protocol.exceptions.AlreadyExistsException: 03318119-e9ed-4ea7-a7fd-1ba78babdf30: Failed to add group-844191D60EEE:[c1327a8c-71b7-4605-98e6-996d8ace38a9|127.0.0.1:15017, f71b517f-2361-4434-922a-3423737067f9|127.0.0.1:15025, 03318119-e9ed-4ea7-a7fd-1ba78babdf30|127.0.0.1:15033] since the group already exists in the map.
	at java.base/java.util.concurrent.CompletableFuture.encodeThrowable(CompletableFuture.java:332)
	at java.base/java.util.concurrent.CompletableFuture.uniApplyNow(CompletableFuture.java:674)
	at java.base/java.util.concurrent.CompletableFuture.uniApplyStage(CompletableFuture.java:662)
	at java.base/java.util.concurrent.CompletableFuture.thenApplyAsync(CompletableFuture.java:2210)
	at org.apache.ratis.server.impl.RaftServerProxy.groupAddAsync(RaftServerProxy.java:513)
	at org.apache.ratis.server.impl.RaftServerProxy.groupManagementAsync(RaftServerProxy.java:495)
	at org.apache.ratis.grpc.server.GrpcAdminProtocolService.lambda$groupManagement$0(GrpcAdminProtocolService.java:51)
	at org.apache.ratis.grpc.GrpcUtil.asyncCall(GrpcUtil.java:172)
	at org.apache.ratis.grpc.server.GrpcAdminProtocolService.groupManagement(GrpcAdminProtocolService.java:51)
	at org.apache.ratis.proto.grpc.AdminProtocolServiceGrpc$MethodHandlers.invoke(AdminProtocolServiceGrpc.java:701)
	at org.apache.ratis.thirdparty.io.grpc.stub.ServerCalls$UnaryServerCallHandler$UnaryServerCallListener.onHalfClose(ServerCalls.java:182)
	at org.apache.ratis.thirdparty.io.grpc.internal.ServerCallImpl$ServerStreamListenerImpl.halfClosed(ServerCallImpl.java:356)
	at org.apache.ratis.thirdparty.io.grpc.internal.ServerImpl$JumpToApplicationThreadServerStreamListener$1HalfClosed.runInContext(ServerImpl.java:861)
	at org.apache.ratis.thirdparty.io.grpc.internal.ContextRunnable.run(ContextRunnable.java:37)
	at org.apache.ratis.thirdparty.io.grpc.internal.SerializingExecutor.run(SerializingExecutor.java:133)
	at java.base/java.util.concurrent.ThreadPoolExecutor.runWorker(ThreadPoolExecutor.java:1144)
	at java.base/java.util.concurrent.ThreadPoolExecutor$Worker.run(ThreadPoolExecutor.java:642)
	at java.base/java.lang.Thread.run(Thread.java:1583)
Caused by: org.apache.ratis.protocol.exceptions.AlreadyExistsException: 03318119-e9ed-4ea7-a7fd-1ba78babdf30: Failed to add group-844191D60EEE:[c1327a8c-71b7-4605-98e6-996d8ace38a9|127.0.0.1:15017, f71b517f-2361-4434-922a-3423737067f9|127.0.0.1:15025, 03318119-e9ed-4ea7-a7fd-1ba78babdf30|127.0.0.1:15033] since the group already exists in the map.
	at org.apache.ratis.server.impl.RaftServerProxy$ImplMap.addNew(RaftServerProxy.java:99)
	at org.apache.ratis.server.impl.RaftServerProxy.groupAddAsync(RaftServerProxy.java:512)
	... 13 more
2025-07-27 04:39:37,354 [03318119-e9ed-4ea7-a7fd-1ba78babdf30-groupManagement] INFO  server.RaftServer$Division (RaftServerImpl.java:<init>(268)) - 03318119-e9ed-4ea7-a7fd-1ba78babdf30: new RaftServerImpl for group-844191D60EEE:[c1327a8c-71b7-4605-98e6-996d8ace38a9|127.0.0.1:15017, f71b517f-2361-4434-922a-3423737067f9|127.0.0.1:15025, 03318119-e9ed-4ea7-a7fd-1ba78babdf30|127.0.0.1:15033] with ContainerStateMachine:uninitialized
2025-07-27 04:39:37,355 [03318119-e9ed-4ea7-a7fd-1ba78babdf30-groupManagement] INFO  server.RaftServer$Division (ServerState.java:<init>(114)) - 03318119-e9ed-4ea7-a7fd-1ba78babdf30@group-844191D60EEE: ConfigurationManager, init=conf: {index: -1, cur=peers:[c1327a8c-71b7-4605-98e6-996d8ace38a9|127.0.0.1:15017, f71b517f-2361-4434-922a-3423737067f9|127.0.0.1:15025, 03318119-e9ed-4ea7-a7fd-1ba78babdf30|127.0.0.1:15033]|listeners:[], old=null}, confs=<EMPTY_MAP>
2025-07-27 04:39:37,362 [c1327a8c-71b7-4605-98e6-996d8ace38a9-PipelineCommandHandlerThread-0] INFO  commandhandler.CreatePipelineCommandHandler (CreatePipelineCommandHandler.java:lambda$handle$2(127)) - Created Pipeline RATIS THREE Pipeline-09ca9575-12cb-4a07-b686-844191d60eee.
2025-07-27 04:39:37,362 [c1327a8c-71b7-4605-98e6-996d8ace38a9-PipelineCommandHandlerThread-0] INFO  server.RaftServer (RaftServerProxy.java:addNew(105)) - c1327a8c-71b7-4605-98e6-996d8ace38a9: addNew group-7415E04E75E3:[c1327a8c-71b7-4605-98e6-996d8ace38a9|127.0.0.1:15017, f71b517f-2361-4434-922a-3423737067f9|127.0.0.1:15025, 03318119-e9ed-4ea7-a7fd-1ba78babdf30|127.0.0.1:15033] returns group-7415E04E75E3:java.util.concurrent.CompletableFuture@7f09d3fe[Not completed]
2025-07-27 04:39:37,364 [03318119-e9ed-4ea7-a7fd-1ba78babdf30-groupManagement] INFO  server.RaftServerConfigKeys (ConfUtils.java:logGet(62)) - raft.server.storage.dir = [/home/runner/work/ozone/ozone/hadoop-ozone/integration-test-recon/target/test-dir/MiniOzoneClusterImpl-1e09403d-52eb-479c-879f-dc89daf7eeb0/ozone-meta/datanode-3/ratis] (custom)
2025-07-27 04:39:37,364 [03318119-e9ed-4ea7-a7fd-1ba78babdf30-groupManagement] INFO  storage.RaftStorageDirectory (RaftStorageDirectoryImpl.java:analyzeStorage(138)) - The storage directory /home/runner/work/ozone/ozone/hadoop-ozone/integration-test-recon/target/test-dir/MiniOzoneClusterImpl-1e09403d-52eb-479c-879f-dc89daf7eeb0/ozone-meta/datanode-3/ratis/09ca9575-12cb-4a07-b686-844191d60eee does not exist. Creating ...
2025-07-27 04:39:37,364 [c1327a8c-71b7-4605-98e6-996d8ace38a9-groupManagement] INFO  server.RaftServer$Division (RaftServerImpl.java:<init>(268)) - c1327a8c-71b7-4605-98e6-996d8ace38a9: new RaftServerImpl for group-7415E04E75E3:[c1327a8c-71b7-4605-98e6-996d8ace38a9|127.0.0.1:15017, f71b517f-2361-4434-922a-3423737067f9|127.0.0.1:15025, 03318119-e9ed-4ea7-a7fd-1ba78babdf30|127.0.0.1:15033] with ContainerStateMachine:uninitialized
2025-07-27 04:39:37,365 [c1327a8c-71b7-4605-98e6-996d8ace38a9-groupManagement] INFO  server.RaftServer$Division (ServerState.java:<init>(114)) - c1327a8c-71b7-4605-98e6-996d8ace38a9@group-7415E04E75E3: ConfigurationManager, init=conf: {index: -1, cur=peers:[c1327a8c-71b7-4605-98e6-996d8ace38a9|127.0.0.1:15017, f71b517f-2361-4434-922a-3423737067f9|127.0.0.1:15025, 03318119-e9ed-4ea7-a7fd-1ba78babdf30|127.0.0.1:15033]|listeners:[], old=null}, confs=<EMPTY_MAP>
2025-07-27 04:39:37,365 [03318119-e9ed-4ea7-a7fd-1ba78babdf30-groupManagement] INFO  storage.RaftStorageDirectory (RaftStorageDirectoryImpl.java:tryLock(229)) - Lock on /home/runner/work/ozone/ozone/hadoop-ozone/integration-test-recon/target/test-dir/MiniOzoneClusterImpl-1e09403d-52eb-479c-879f-dc89daf7eeb0/ozone-meta/datanode-3/ratis/09ca9575-12cb-4a07-b686-844191d60eee/in_use.lock acquired by nodename 130059@localhost
2025-07-27 04:39:37,366 [03318119-e9ed-4ea7-a7fd-1ba78babdf30-groupManagement] INFO  storage.RaftStorage (RaftStorageImpl.java:format(98)) - Storage directory /home/runner/work/ozone/ozone/hadoop-ozone/integration-test-recon/target/test-dir/MiniOzoneClusterImpl-1e09403d-52eb-479c-879f-dc89daf7eeb0/ozone-meta/datanode-3/ratis/09ca9575-12cb-4a07-b686-844191d60eee has been successfully formatted.
2025-07-27 04:39:37,367 [03318119-e9ed-4ea7-a7fd-1ba78babdf30-groupManagement] INFO  ratis.ContainerStateMachine (ContainerStateMachine.java:initialize(339)) - 03318119-e9ed-4ea7-a7fd-1ba78babdf30: initialize group-844191D60EEE
2025-07-27 04:39:37,367 [03318119-e9ed-4ea7-a7fd-1ba78babdf30-groupManagement] INFO  ratis.ContainerStateMachine (ContainerStateMachine.java:loadSnapshot(347)) - group-844191D60EEE: The snapshot info is null. Setting the last applied index to:<INITIAL_VALUE>
2025-07-27 04:39:37,367 [03318119-e9ed-4ea7-a7fd-1ba78babdf30-groupManagement] INFO  server.RaftServerConfigKeys (ConfUtils.java:logGet(62)) - raft.server.log.appender.buffer.byte-limit = 33554432 (custom)
2025-07-27 04:39:37,370 [EventQueue-PipelineReportForOneReplicaPipelineSafeModeRule] INFO  safemode.SCMSafeModeManager (SCMSafeModeManager.java:validateSafeModeExitRules(138)) - AtleastOneDatanodeReportedRule rule is successfully validated
2025-07-27 04:39:37,372 [03318119-e9ed-4ea7-a7fd-1ba78babdf30-groupManagement] INFO  server.RaftServerConfigKeys (ConfUtils.java:logGet(62)) - raft.server.log.segment.size.max = 67108864 (custom)
2025-07-27 04:39:37,373 [03318119-e9ed-4ea7-a7fd-1ba78babdf30-groupManagement] INFO  server.RaftServerConfigKeys (ConfUtils.java:logGet(62)) - raft.server.log.appender.buffer.byte-limit = 33554432 (custom)
2025-07-27 04:39:37,373 [03318119-e9ed-4ea7-a7fd-1ba78babdf30-groupManagement] INFO  util.AwaitToRun (AwaitToRun.java:start(81)) - Thread[#925,03318119-e9ed-4ea7-a7fd-1ba78babdf30@group-844191D60EEE-cacheEviction-AwaitToRun,5,main] started
2025-07-27 04:39:37,373 [03318119-e9ed-4ea7-a7fd-1ba78babdf30-groupManagement] INFO  segmented.SegmentedRaftLogWorker (SegmentedRaftLogWorker.java:<init>(190)) - new 03318119-e9ed-4ea7-a7fd-1ba78babdf30@group-844191D60EEE-SegmentedRaftLogWorker for RaftStorageImpl:Storage Directory /home/runner/work/ozone/ozone/hadoop-ozone/integration-test-recon/target/test-dir/MiniOzoneClusterImpl-1e09403d-52eb-479c-879f-dc89daf7eeb0/ozone-meta/datanode-3/ratis/09ca9575-12cb-4a07-b686-844191d60eee
2025-07-27 04:39:37,373 [03318119-e9ed-4ea7-a7fd-1ba78babdf30-groupManagement] INFO  server.RaftServerConfigKeys (ConfUtils.java:logGet(62)) - raft.server.log.queue.byte-limit = 4294967296 (custom)
2025-07-27 04:39:37,373 [03318119-e9ed-4ea7-a7fd-1ba78babdf30-groupManagement] INFO  server.RaftServerConfigKeys (ConfUtils.java:logGet(62)) - raft.server.log.segment.size.max = 67108864 (custom)
2025-07-27 04:39:37,373 [03318119-e9ed-4ea7-a7fd-1ba78babdf30-groupManagement] INFO  server.RaftServerConfigKeys (ConfUtils.java:logGet(62)) - raft.server.log.preallocated.size = 4194304 (custom)
2025-07-27 04:39:37,375 [03318119-e9ed-4ea7-a7fd-1ba78babdf30-groupManagement] INFO  server.RaftServerConfigKeys (ConfUtils.java:logGet(62)) - raft.server.log.write.buffer.size = 33554440 (custom)
2025-07-27 04:39:37,379 [c1327a8c-71b7-4605-98e6-996d8ace38a9-groupManagement] INFO  server.RaftServerConfigKeys (ConfUtils.java:logGet(62)) - raft.server.storage.dir = [/home/runner/work/ozone/ozone/hadoop-ozone/integration-test-recon/target/test-dir/MiniOzoneClusterImpl-1e09403d-52eb-479c-879f-dc89daf7eeb0/ozone-meta/datanode-1/ratis] (custom)
2025-07-27 04:39:37,380 [c1327a8c-71b7-4605-98e6-996d8ace38a9-groupManagement] INFO  storage.RaftStorageDirectory (RaftStorageDirectoryImpl.java:analyzeStorage(138)) - The storage directory /home/runner/work/ozone/ozone/hadoop-ozone/integration-test-recon/target/test-dir/MiniOzoneClusterImpl-1e09403d-52eb-479c-879f-dc89daf7eeb0/ozone-meta/datanode-1/ratis/199c07c1-96ea-450c-a138-7415e04e75e3 does not exist. Creating ...
2025-07-27 04:39:37,381 [03318119-e9ed-4ea7-a7fd-1ba78babdf30-groupManagement] INFO  server.RaftServerConfigKeys (ConfUtils.java:logGet(62)) - raft.server.log.appender.buffer.byte-limit = 33554432 (custom)
2025-07-27 04:39:37,381 [03318119-e9ed-4ea7-a7fd-1ba78babdf30-groupManagement] INFO  segmented.SegmentedRaftLogWorker (SegmentedRaftLogWorker.java:lambda$new$0(141)) - 03318119-e9ed-4ea7-a7fd-1ba78babdf30@group-844191D60EEE-SegmentedRaftLogWorker: flushIndex: setUnconditionally 0 -> -1
2025-07-27 04:39:37,382 [03318119-e9ed-4ea7-a7fd-1ba78babdf30-groupManagement] INFO  segmented.SegmentedRaftLogWorker (SegmentedRaftLogWorker.java:lambda$new$0(141)) - 03318119-e9ed-4ea7-a7fd-1ba78babdf30@group-844191D60EEE-SegmentedRaftLogWorker: safeCacheEvictIndex: setUnconditionally 0 -> -1
2025-07-27 04:39:37,382 [03318119-e9ed-4ea7-a7fd-1ba78babdf30-groupManagement] INFO  server.RaftServer$Division (RaftServerImpl.java:start(405)) - 03318119-e9ed-4ea7-a7fd-1ba78babdf30@group-844191D60EEE: start as a follower, conf=conf: {index: -1, cur=peers:[c1327a8c-71b7-4605-98e6-996d8ace38a9|127.0.0.1:15017, f71b517f-2361-4434-922a-3423737067f9|127.0.0.1:15025, 03318119-e9ed-4ea7-a7fd-1ba78babdf30|127.0.0.1:15033]|listeners:[], old=null}
2025-07-27 04:39:37,382 [03318119-e9ed-4ea7-a7fd-1ba78babdf30-groupManagement] INFO  server.RaftServer$Division (RaftServerImpl.java:setRole(392)) - 03318119-e9ed-4ea7-a7fd-1ba78babdf30@group-844191D60EEE: changes role from      null to FOLLOWER at term 0 for startAsFollower
2025-07-27 04:39:37,382 [03318119-e9ed-4ea7-a7fd-1ba78babdf30-groupManagement] INFO  impl.RoleInfo (RoleInfo.java:updateAndGet(148)) - 03318119-e9ed-4ea7-a7fd-1ba78babdf30: start 03318119-e9ed-4ea7-a7fd-1ba78babdf30@group-844191D60EEE-FollowerState
2025-07-27 04:39:37,382 [c1327a8c-71b7-4605-98e6-996d8ace38a9-groupManagement] INFO  storage.RaftStorageDirectory (RaftStorageDirectoryImpl.java:tryLock(229)) - Lock on /home/runner/work/ozone/ozone/hadoop-ozone/integration-test-recon/target/test-dir/MiniOzoneClusterImpl-1e09403d-52eb-479c-879f-dc89daf7eeb0/ozone-meta/datanode-1/ratis/199c07c1-96ea-450c-a138-7415e04e75e3/in_use.lock acquired by nodename 130059@localhost
2025-07-27 04:39:37,383 [03318119-e9ed-4ea7-a7fd-1ba78babdf30-groupManagement] INFO  util.JmxRegister (JmxRegister.java:tryRegister(44)) - Successfully registered JMX Bean with object name Ratis:service=RaftServer,group=group-844191D60EEE,id=03318119-e9ed-4ea7-a7fd-1ba78babdf30
2025-07-27 04:39:37,383 [03318119-e9ed-4ea7-a7fd-1ba78babdf30-groupManagement] INFO  util.JmxRegister (JmxRegister.java:register(58)) - register mxBean class org.apache.ratis.server.impl.RaftServerJmxAdapter as Ratis:service=RaftServer,group=group-844191D60EEE,id=03318119-e9ed-4ea7-a7fd-1ba78babdf30
2025-07-27 04:39:37,384 [c1327a8c-71b7-4605-98e6-996d8ace38a9-groupManagement] INFO  storage.RaftStorage (RaftStorageImpl.java:format(98)) - Storage directory /home/runner/work/ozone/ozone/hadoop-ozone/integration-test-recon/target/test-dir/MiniOzoneClusterImpl-1e09403d-52eb-479c-879f-dc89daf7eeb0/ozone-meta/datanode-1/ratis/199c07c1-96ea-450c-a138-7415e04e75e3 has been successfully formatted.
2025-07-27 04:39:37,386 [c1327a8c-71b7-4605-98e6-996d8ace38a9-groupManagement] INFO  ratis.ContainerStateMachine (ContainerStateMachine.java:initialize(339)) - c1327a8c-71b7-4605-98e6-996d8ace38a9: initialize group-7415E04E75E3
2025-07-27 04:39:37,386 [c1327a8c-71b7-4605-98e6-996d8ace38a9-groupManagement] INFO  ratis.ContainerStateMachine (ContainerStateMachine.java:loadSnapshot(347)) - group-7415E04E75E3: The snapshot info is null. Setting the last applied index to:<INITIAL_VALUE>
2025-07-27 04:39:37,386 [c1327a8c-71b7-4605-98e6-996d8ace38a9-groupManagement] INFO  server.RaftServerConfigKeys (ConfUtils.java:logGet(62)) - raft.server.log.appender.buffer.byte-limit = 33554432 (custom)
2025-07-27 04:39:37,387 [03318119-e9ed-4ea7-a7fd-1ba78babdf30-groupManagement] INFO  server.RaftServer$Division (RaftServerImpl.java:start(419)) - 03318119-e9ed-4ea7-a7fd-1ba78babdf30@group-844191D60EEE: Successfully started.
2025-07-27 04:39:37,388 [c1327a8c-71b7-4605-98e6-996d8ace38a9-groupManagement] INFO  server.RaftServerConfigKeys (ConfUtils.java:logGet(62)) - raft.server.log.segment.size.max = 67108864 (custom)
2025-07-27 04:39:37,388 [c1327a8c-71b7-4605-98e6-996d8ace38a9-groupManagement] INFO  server.RaftServerConfigKeys (ConfUtils.java:logGet(62)) - raft.server.log.appender.buffer.byte-limit = 33554432 (custom)
2025-07-27 04:39:37,388 [c1327a8c-71b7-4605-98e6-996d8ace38a9-groupManagement] INFO  util.AwaitToRun (AwaitToRun.java:start(81)) - Thread[#929,c1327a8c-71b7-4605-98e6-996d8ace38a9@group-7415E04E75E3-cacheEviction-AwaitToRun,5,main] started
2025-07-27 04:39:37,388 [c1327a8c-71b7-4605-98e6-996d8ace38a9-groupManagement] INFO  segmented.SegmentedRaftLogWorker (SegmentedRaftLogWorker.java:<init>(190)) - new c1327a8c-71b7-4605-98e6-996d8ace38a9@group-7415E04E75E3-SegmentedRaftLogWorker for RaftStorageImpl:Storage Directory /home/runner/work/ozone/ozone/hadoop-ozone/integration-test-recon/target/test-dir/MiniOzoneClusterImpl-1e09403d-52eb-479c-879f-dc89daf7eeb0/ozone-meta/datanode-1/ratis/199c07c1-96ea-450c-a138-7415e04e75e3
2025-07-27 04:39:37,388 [c1327a8c-71b7-4605-98e6-996d8ace38a9-groupManagement] INFO  server.RaftServerConfigKeys (ConfUtils.java:logGet(62)) - raft.server.log.queue.byte-limit = 4294967296 (custom)
2025-07-27 04:39:37,388 [c1327a8c-71b7-4605-98e6-996d8ace38a9-groupManagement] INFO  server.RaftServerConfigKeys (ConfUtils.java:logGet(62)) - raft.server.log.segment.size.max = 67108864 (custom)
2025-07-27 04:39:37,388 [c1327a8c-71b7-4605-98e6-996d8ace38a9-groupManagement] INFO  server.RaftServerConfigKeys (ConfUtils.java:logGet(62)) - raft.server.log.preallocated.size = 4194304 (custom)
2025-07-27 04:39:37,389 [c1327a8c-71b7-4605-98e6-996d8ace38a9-groupManagement] INFO  server.RaftServerConfigKeys (ConfUtils.java:logGet(62)) - raft.server.log.write.buffer.size = 33554440 (custom)
2025-07-27 04:39:37,393 [EventQueue-PipelineReportForOneReplicaPipelineSafeModeRule] INFO  safemode.SCMSafeModeManager (SCMSafeModeManager.java:validateSafeModeExitRules(138)) - AtleastOneDatanodeReportedRule rule is successfully validated
2025-07-27 04:39:37,395 [Recon-EventQueue-PipelineReportForReconPipelineReportHandler] INFO  scm.ReconPipelineReportHandler (ReconPipelineReportHandler.java:processPipelineReport(66)) - Unknown pipeline Pipeline-199c07c1-96ea-450c-a138-7415e04e75e3. Trying to get from SCM.
2025-07-27 04:39:37,395 [c1327a8c-71b7-4605-98e6-996d8ace38a9-groupManagement] INFO  server.RaftServerConfigKeys (ConfUtils.java:logGet(62)) - raft.server.log.appender.buffer.byte-limit = 33554432 (custom)
2025-07-27 04:39:37,397 [c1327a8c-71b7-4605-98e6-996d8ace38a9-groupManagement] INFO  segmented.SegmentedRaftLogWorker (SegmentedRaftLogWorker.java:lambda$new$0(141)) - c1327a8c-71b7-4605-98e6-996d8ace38a9@group-7415E04E75E3-SegmentedRaftLogWorker: flushIndex: setUnconditionally 0 -> -1
2025-07-27 04:39:37,397 [c1327a8c-71b7-4605-98e6-996d8ace38a9-groupManagement] INFO  segmented.SegmentedRaftLogWorker (SegmentedRaftLogWorker.java:lambda$new$0(141)) - c1327a8c-71b7-4605-98e6-996d8ace38a9@group-7415E04E75E3-SegmentedRaftLogWorker: safeCacheEvictIndex: setUnconditionally 0 -> -1
2025-07-27 04:39:37,399 [c1327a8c-71b7-4605-98e6-996d8ace38a9-groupManagement] INFO  server.RaftServer$Division (RaftServerImpl.java:start(405)) - c1327a8c-71b7-4605-98e6-996d8ace38a9@group-7415E04E75E3: start as a follower, conf=conf: {index: -1, cur=peers:[c1327a8c-71b7-4605-98e6-996d8ace38a9|127.0.0.1:15017, f71b517f-2361-4434-922a-3423737067f9|127.0.0.1:15025, 03318119-e9ed-4ea7-a7fd-1ba78babdf30|127.0.0.1:15033]|listeners:[], old=null}
2025-07-27 04:39:37,400 [c1327a8c-71b7-4605-98e6-996d8ace38a9-groupManagement] INFO  server.RaftServer$Division (RaftServerImpl.java:setRole(392)) - c1327a8c-71b7-4605-98e6-996d8ace38a9@group-7415E04E75E3: changes role from      null to FOLLOWER at term 0 for startAsFollower
2025-07-27 04:39:37,400 [c1327a8c-71b7-4605-98e6-996d8ace38a9-groupManagement] INFO  impl.RoleInfo (RoleInfo.java:updateAndGet(148)) - c1327a8c-71b7-4605-98e6-996d8ace38a9: start c1327a8c-71b7-4605-98e6-996d8ace38a9@group-7415E04E75E3-FollowerState
2025-07-27 04:39:37,401 [c1327a8c-71b7-4605-98e6-996d8ace38a9-groupManagement] INFO  util.JmxRegister (JmxRegister.java:tryRegister(44)) - Successfully registered JMX Bean with object name Ratis:service=RaftServer,group=group-7415E04E75E3,id=c1327a8c-71b7-4605-98e6-996d8ace38a9
2025-07-27 04:39:37,401 [c1327a8c-71b7-4605-98e6-996d8ace38a9-groupManagement] INFO  util.JmxRegister (JmxRegister.java:register(58)) - register mxBean class org.apache.ratis.server.impl.RaftServerJmxAdapter as Ratis:service=RaftServer,group=group-7415E04E75E3,id=c1327a8c-71b7-4605-98e6-996d8ace38a9
2025-07-27 04:39:37,404 [Recon-EventQueue-PipelineReportForReconPipelineReportHandler] INFO  scm.ReconPipelineReportHandler (ReconPipelineReportHandler.java:processPipelineReport(85)) - Pipeline Pipeline{ Id: 199c07c1-96ea-450c-a138-7415e04e75e3, Nodes: [ {c1327a8c-71b7-4605-98e6-996d8ace38a9(localhost/127.0.0.1), ReplicaIndex: 0}, {03318119-e9ed-4ea7-a7fd-1ba78babdf30(localhost/127.0.0.1), ReplicaIndex: 0}, {f71b517f-2361-4434-922a-3423737067f9(localhost/127.0.0.1), ReplicaIndex: 0},], ReplicationConfig: RATIS/THREE, State:ALLOCATED, leaderId:, CreationTimestamp2025-07-27T04:39:35.914Z[Etc/UTC]} verified from SCM and added to Recon pipeline metadata.
2025-07-27 04:39:37,404 [Recon-EventQueue-PipelineReportForReconPipelineReportHandler] INFO  scm.ReconPipelineReportHandler (ReconPipelineReportHandler.java:processPipelineReport(102)) - Pipeline RATIS/THREE Pipeline-199c07c1-96ea-450c-a138-7415e04e75e3 reported by c1327a8c-71b7-4605-98e6-996d8ace38a9(localhost/127.0.0.1)
2025-07-27 04:39:37,404 [Recon-EventQueue-PipelineReportForReconPipelineReportHandler] INFO  scm.ReconPipelineReportHandler (ReconPipelineReportHandler.java:processPipelineReport(102)) - Pipeline RATIS/THREE Pipeline-09ca9575-12cb-4a07-b686-844191d60eee reported by c1327a8c-71b7-4605-98e6-996d8ace38a9(localhost/127.0.0.1)
2025-07-27 04:39:37,405 [c1327a8c-71b7-4605-98e6-996d8ace38a9-groupManagement] INFO  server.RaftServer$Division (RaftServerImpl.java:start(419)) - c1327a8c-71b7-4605-98e6-996d8ace38a9@group-7415E04E75E3: Successfully started.
2025-07-27 04:39:37,406 [03318119-e9ed-4ea7-a7fd-1ba78babdf30-PipelineCommandHandlerThread-0] INFO  server.RaftServer (RaftServerProxy.java:addNew(105)) - 03318119-e9ed-4ea7-a7fd-1ba78babdf30: addNew group-CCB1A844D0CC:[03318119-e9ed-4ea7-a7fd-1ba78babdf30|127.0.0.1:15033] returns group-CCB1A844D0CC:java.util.concurrent.CompletableFuture@3466f16f[Not completed]
2025-07-27 04:39:37,406 [c1327a8c-71b7-4605-98e6-996d8ace38a9-PipelineCommandHandlerThread-0] INFO  ratis.XceiverServerRatis (XceiverServerRatis.java:addGroup(843)) - Created group Pipeline-199c07c1-96ea-450c-a138-7415e04e75e3
2025-07-27 04:39:37,416 [03318119-e9ed-4ea7-a7fd-1ba78babdf30-groupManagement] INFO  server.RaftServer$Division (RaftServerImpl.java:<init>(268)) - 03318119-e9ed-4ea7-a7fd-1ba78babdf30: new RaftServerImpl for group-CCB1A844D0CC:[03318119-e9ed-4ea7-a7fd-1ba78babdf30|127.0.0.1:15033] with ContainerStateMachine:uninitialized
2025-07-27 04:39:37,416 [03318119-e9ed-4ea7-a7fd-1ba78babdf30-groupManagement] INFO  server.RaftServer$Division (ServerState.java:<init>(114)) - 03318119-e9ed-4ea7-a7fd-1ba78babdf30@group-CCB1A844D0CC: ConfigurationManager, init=conf: {index: -1, cur=peers:[03318119-e9ed-4ea7-a7fd-1ba78babdf30|127.0.0.1:15033]|listeners:[], old=null}, confs=<EMPTY_MAP>
2025-07-27 04:39:37,422 [03318119-e9ed-4ea7-a7fd-1ba78babdf30-groupManagement] INFO  server.RaftServerConfigKeys (ConfUtils.java:logGet(62)) - raft.server.storage.dir = [/home/runner/work/ozone/ozone/hadoop-ozone/integration-test-recon/target/test-dir/MiniOzoneClusterImpl-1e09403d-52eb-479c-879f-dc89daf7eeb0/ozone-meta/datanode-3/ratis] (custom)
2025-07-27 04:39:37,422 [03318119-e9ed-4ea7-a7fd-1ba78babdf30-groupManagement] INFO  storage.RaftStorageDirectory (RaftStorageDirectoryImpl.java:analyzeStorage(138)) - The storage directory /home/runner/work/ozone/ozone/hadoop-ozone/integration-test-recon/target/test-dir/MiniOzoneClusterImpl-1e09403d-52eb-479c-879f-dc89daf7eeb0/ozone-meta/datanode-3/ratis/97ba32c0-dfb4-49b8-ba0e-ccb1a844d0cc does not exist. Creating ...
2025-07-27 04:39:37,424 [03318119-e9ed-4ea7-a7fd-1ba78babdf30-groupManagement] INFO  storage.RaftStorageDirectory (RaftStorageDirectoryImpl.java:tryLock(229)) - Lock on /home/runner/work/ozone/ozone/hadoop-ozone/integration-test-recon/target/test-dir/MiniOzoneClusterImpl-1e09403d-52eb-479c-879f-dc89daf7eeb0/ozone-meta/datanode-3/ratis/97ba32c0-dfb4-49b8-ba0e-ccb1a844d0cc/in_use.lock acquired by nodename 130059@localhost
2025-07-27 04:39:37,426 [03318119-e9ed-4ea7-a7fd-1ba78babdf30-groupManagement] INFO  storage.RaftStorage (RaftStorageImpl.java:format(98)) - Storage directory /home/runner/work/ozone/ozone/hadoop-ozone/integration-test-recon/target/test-dir/MiniOzoneClusterImpl-1e09403d-52eb-479c-879f-dc89daf7eeb0/ozone-meta/datanode-3/ratis/97ba32c0-dfb4-49b8-ba0e-ccb1a844d0cc has been successfully formatted.
2025-07-27 04:39:37,427 [03318119-e9ed-4ea7-a7fd-1ba78babdf30-groupManagement] INFO  ratis.ContainerStateMachine (ContainerStateMachine.java:initialize(339)) - 03318119-e9ed-4ea7-a7fd-1ba78babdf30: initialize group-CCB1A844D0CC
2025-07-27 04:39:37,427 [f71b517f-2361-4434-922a-3423737067f9-PipelineCommandHandlerThread-0] INFO  commandhandler.CreatePipelineCommandHandler (CreatePipelineCommandHandler.java:lambda$handle$2(127)) - Created Pipeline RATIS THREE Pipeline-09ca9575-12cb-4a07-b686-844191d60eee.
2025-07-27 04:39:37,428 [f71b517f-2361-4434-922a-3423737067f9-PipelineCommandHandlerThread-0] INFO  server.RaftServer (RaftServerProxy.java:addNew(105)) - f71b517f-2361-4434-922a-3423737067f9: addNew group-7415E04E75E3:[c1327a8c-71b7-4605-98e6-996d8ace38a9|127.0.0.1:15017, f71b517f-2361-4434-922a-3423737067f9|127.0.0.1:15025, 03318119-e9ed-4ea7-a7fd-1ba78babdf30|127.0.0.1:15033] returns group-7415E04E75E3:java.util.concurrent.CompletableFuture@162fb7ca[Not completed]
2025-07-27 04:39:37,427 [grpc-default-executor-1] INFO  server.RaftServer (RaftServerProxy.java:addNew(105)) - 03318119-e9ed-4ea7-a7fd-1ba78babdf30: addNew group-7415E04E75E3:[c1327a8c-71b7-4605-98e6-996d8ace38a9|127.0.0.1:15017, f71b517f-2361-4434-922a-3423737067f9|127.0.0.1:15025, 03318119-e9ed-4ea7-a7fd-1ba78babdf30|127.0.0.1:15033] returns group-7415E04E75E3:java.util.concurrent.CompletableFuture@1d1db926[Not completed]
2025-07-27 04:39:37,428 [03318119-e9ed-4ea7-a7fd-1ba78babdf30-groupManagement] INFO  ratis.ContainerStateMachine (ContainerStateMachine.java:loadSnapshot(347)) - group-CCB1A844D0CC: The snapshot info is null. Setting the last applied index to:<INITIAL_VALUE>
2025-07-27 04:39:37,429 [03318119-e9ed-4ea7-a7fd-1ba78babdf30-groupManagement] INFO  server.RaftServerConfigKeys (ConfUtils.java:logGet(62)) - raft.server.log.appender.buffer.byte-limit = 33554432 (custom)
2025-07-27 04:39:37,431 [03318119-e9ed-4ea7-a7fd-1ba78babdf30-groupManagement] INFO  server.RaftServerConfigKeys (ConfUtils.java:logGet(62)) - raft.server.log.segment.size.max = 67108864 (custom)
2025-07-27 04:39:37,432 [EventQueue-PipelineReportForOneReplicaPipelineSafeModeRule] INFO  safemode.SCMSafeModeManager (SCMSafeModeManager.java:validateSafeModeExitRules(138)) - AtleastOneDatanodeReportedRule rule is successfully validated
2025-07-27 04:39:37,432 [f71b517f-2361-4434-922a-3423737067f9-groupManagement] INFO  server.RaftServer$Division (RaftServerImpl.java:<init>(268)) - f71b517f-2361-4434-922a-3423737067f9: new RaftServerImpl for group-7415E04E75E3:[c1327a8c-71b7-4605-98e6-996d8ace38a9|127.0.0.1:15017, f71b517f-2361-4434-922a-3423737067f9|127.0.0.1:15025, 03318119-e9ed-4ea7-a7fd-1ba78babdf30|127.0.0.1:15033] with ContainerStateMachine:uninitialized
2025-07-27 04:39:37,433 [f71b517f-2361-4434-922a-3423737067f9-groupManagement] INFO  server.RaftServer$Division (ServerState.java:<init>(114)) - f71b517f-2361-4434-922a-3423737067f9@group-7415E04E75E3: ConfigurationManager, init=conf: {index: -1, cur=peers:[c1327a8c-71b7-4605-98e6-996d8ace38a9|127.0.0.1:15017, f71b517f-2361-4434-922a-3423737067f9|127.0.0.1:15025, 03318119-e9ed-4ea7-a7fd-1ba78babdf30|127.0.0.1:15033]|listeners:[], old=null}, confs=<EMPTY_MAP>
2025-07-27 04:39:37,432 [03318119-e9ed-4ea7-a7fd-1ba78babdf30-groupManagement] INFO  server.RaftServerConfigKeys (ConfUtils.java:logGet(62)) - raft.server.log.appender.buffer.byte-limit = 33554432 (custom)
2025-07-27 04:39:37,434 [03318119-e9ed-4ea7-a7fd-1ba78babdf30-groupManagement] INFO  util.AwaitToRun (AwaitToRun.java:start(81)) - Thread[#937,03318119-e9ed-4ea7-a7fd-1ba78babdf30@group-CCB1A844D0CC-cacheEviction-AwaitToRun,5,main] started
2025-07-27 04:39:37,434 [03318119-e9ed-4ea7-a7fd-1ba78babdf30-groupManagement] INFO  segmented.SegmentedRaftLogWorker (SegmentedRaftLogWorker.java:<init>(190)) - new 03318119-e9ed-4ea7-a7fd-1ba78babdf30@group-CCB1A844D0CC-SegmentedRaftLogWorker for RaftStorageImpl:Storage Directory /home/runner/work/ozone/ozone/hadoop-ozone/integration-test-recon/target/test-dir/MiniOzoneClusterImpl-1e09403d-52eb-479c-879f-dc89daf7eeb0/ozone-meta/datanode-3/ratis/97ba32c0-dfb4-49b8-ba0e-ccb1a844d0cc
2025-07-27 04:39:37,434 [03318119-e9ed-4ea7-a7fd-1ba78babdf30-groupManagement] INFO  server.RaftServerConfigKeys (ConfUtils.java:logGet(62)) - raft.server.log.queue.byte-limit = 4294967296 (custom)
2025-07-27 04:39:37,434 [03318119-e9ed-4ea7-a7fd-1ba78babdf30-groupManagement] INFO  server.RaftServerConfigKeys (ConfUtils.java:logGet(62)) - raft.server.log.segment.size.max = 67108864 (custom)
2025-07-27 04:39:37,434 [03318119-e9ed-4ea7-a7fd-1ba78babdf30-groupManagement] INFO  server.RaftServerConfigKeys (ConfUtils.java:logGet(62)) - raft.server.log.preallocated.size = 4194304 (custom)
2025-07-27 04:39:37,435 [03318119-e9ed-4ea7-a7fd-1ba78babdf30-groupManagement] INFO  server.RaftServerConfigKeys (ConfUtils.java:logGet(62)) - raft.server.log.write.buffer.size = 33554440 (custom)
2025-07-27 04:39:37,435 [IPC Server handler 5 on default port 15001] INFO  scm.ReconNodeManager (ReconNodeManager.java:register(219)) - Updated nodes db table for 03318119-e9ed-4ea7-a7fd-1ba78babdf30(localhost/127.0.0.1)
2025-07-27 04:39:37,436 [IPC Server handler 5 on default port 15001] INFO  recon.ReconContext (ReconContext.java:updateHealthStatus(76)) - Update healthStatus of Recon from true to true.
2025-07-27 04:39:37,437 [b5edd741-2039-4d1d-94cc-17e91a98dfa9@group-DC89DAF7EEB0-StateMachineUpdater] INFO  safemode.SCMSafeModeManager (SCMSafeModeManager.java:validateSafeModeExitRules(138)) - DataNodeSafeModeRule rule is successfully validated
2025-07-27 04:39:37,437 [b5edd741-2039-4d1d-94cc-17e91a98dfa9@group-DC89DAF7EEB0-StateMachineUpdater] INFO  safemode.SCMSafeModeManager (SCMSafeModeManager.java:validateSafeModeExitRules(138)) - RatisContainerSafeModeRule rule is successfully validated
2025-07-27 04:39:37,437 [Recon-EventQueue-PipelineReportForReconPipelineReportHandler] INFO  scm.ReconPipelineReportHandler (ReconPipelineReportHandler.java:processPipelineReport(66)) - Unknown pipeline Pipeline-97ba32c0-dfb4-49b8-ba0e-ccb1a844d0cc. Trying to get from SCM.
2025-07-27 04:39:37,438 [b5edd741-2039-4d1d-94cc-17e91a98dfa9@group-DC89DAF7EEB0-StateMachineUpdater] INFO  safemode.HealthyPipelineSafeModeRule (HealthyPipelineSafeModeRule.java:initializeRule(228)) - Refreshed total pipeline count is 0, healthy pipeline threshold count is 1
2025-07-27 04:39:37,438 [b5edd741-2039-4d1d-94cc-17e91a98dfa9@group-DC89DAF7EEB0-StateMachineUpdater] INFO  safemode.SCMSafeModeManager (SCMSafeModeManager.java:validateSafeModeExitRules(138)) - ECContainerSafeModeRule rule is successfully validated
2025-07-27 04:39:37,438 [b5edd741-2039-4d1d-94cc-17e91a98dfa9@group-DC89DAF7EEB0-StateMachineUpdater] INFO  safemode.SCMSafeModeManager (SCMSafeModeManager.java:validateSafeModeExitRules(138)) - AtleastOneDatanodeReportedRule rule is successfully validated
2025-07-27 04:39:37,438 [EventQueue-PipelineReportForPipelineReportHandler] INFO  pipeline.PipelineReportHandler (PipelineReportHandler.java:processPipelineReport(134)) - Opened pipeline Pipeline-97ba32c0-dfb4-49b8-ba0e-ccb1a844d0cc
2025-07-27 04:39:37,441 [03318119-e9ed-4ea7-a7fd-1ba78babdf30-groupManagement] INFO  server.RaftServerConfigKeys (ConfUtils.java:logGet(62)) - raft.server.log.appender.buffer.byte-limit = 33554432 (custom)
2025-07-27 04:39:37,442 [03318119-e9ed-4ea7-a7fd-1ba78babdf30-groupManagement] INFO  segmented.SegmentedRaftLogWorker (SegmentedRaftLogWorker.java:lambda$new$0(141)) - 03318119-e9ed-4ea7-a7fd-1ba78babdf30@group-CCB1A844D0CC-SegmentedRaftLogWorker: flushIndex: setUnconditionally 0 -> -1
2025-07-27 04:39:37,442 [03318119-e9ed-4ea7-a7fd-1ba78babdf30-groupManagement] INFO  segmented.SegmentedRaftLogWorker (SegmentedRaftLogWorker.java:lambda$new$0(141)) - 03318119-e9ed-4ea7-a7fd-1ba78babdf30@group-CCB1A844D0CC-SegmentedRaftLogWorker: safeCacheEvictIndex: setUnconditionally 0 -> -1
2025-07-27 04:39:37,442 [03318119-e9ed-4ea7-a7fd-1ba78babdf30-groupManagement] INFO  server.RaftServer$Division (RaftServerImpl.java:start(405)) - 03318119-e9ed-4ea7-a7fd-1ba78babdf30@group-CCB1A844D0CC: start as a follower, conf=conf: {index: -1, cur=peers:[03318119-e9ed-4ea7-a7fd-1ba78babdf30|127.0.0.1:15033]|listeners:[], old=null}
2025-07-27 04:39:37,442 [03318119-e9ed-4ea7-a7fd-1ba78babdf30-groupManagement] INFO  server.RaftServer$Division (RaftServerImpl.java:setRole(392)) - 03318119-e9ed-4ea7-a7fd-1ba78babdf30@group-CCB1A844D0CC: changes role from      null to FOLLOWER at term 0 for startAsFollower
2025-07-27 04:39:37,442 [03318119-e9ed-4ea7-a7fd-1ba78babdf30-groupManagement] INFO  impl.RoleInfo (RoleInfo.java:updateAndGet(148)) - 03318119-e9ed-4ea7-a7fd-1ba78babdf30: start 03318119-e9ed-4ea7-a7fd-1ba78babdf30@group-CCB1A844D0CC-FollowerState
2025-07-27 04:39:37,443 [03318119-e9ed-4ea7-a7fd-1ba78babdf30-groupManagement] INFO  util.JmxRegister (JmxRegister.java:tryRegister(44)) - Successfully registered JMX Bean with object name Ratis:service=RaftServer,group=group-CCB1A844D0CC,id=03318119-e9ed-4ea7-a7fd-1ba78babdf30
2025-07-27 04:39:37,443 [03318119-e9ed-4ea7-a7fd-1ba78babdf30-groupManagement] INFO  util.JmxRegister (JmxRegister.java:register(58)) - register mxBean class org.apache.ratis.server.impl.RaftServerJmxAdapter as Ratis:service=RaftServer,group=group-CCB1A844D0CC,id=03318119-e9ed-4ea7-a7fd-1ba78babdf30
2025-07-27 04:39:37,444 [Recon-EventQueue-PipelineReportForReconPipelineReportHandler] INFO  scm.ReconPipelineReportHandler (ReconPipelineReportHandler.java:processPipelineReport(85)) - Pipeline Pipeline{ Id: 97ba32c0-dfb4-49b8-ba0e-ccb1a844d0cc, Nodes: [ {03318119-e9ed-4ea7-a7fd-1ba78babdf30(localhost/127.0.0.1), ReplicaIndex: 0},], ReplicationConfig: RATIS/ONE, State:OPEN, leaderId:03318119-e9ed-4ea7-a7fd-1ba78babdf30, CreationTimestamp2025-07-27T04:39:35.905Z[Etc/UTC]} verified from SCM and added to Recon pipeline metadata.
2025-07-27 04:39:37,444 [Recon-EventQueue-PipelineReportForReconPipelineReportHandler] INFO  scm.ReconPipelineReportHandler (ReconPipelineReportHandler.java:processPipelineReport(102)) - Pipeline RATIS/THREE Pipeline-199c07c1-96ea-450c-a138-7415e04e75e3 reported by 03318119-e9ed-4ea7-a7fd-1ba78babdf30(localhost/127.0.0.1)
2025-07-27 04:39:37,444 [Recon-EventQueue-PipelineReportForReconPipelineReportHandler] INFO  scm.ReconPipelineReportHandler (ReconPipelineReportHandler.java:processPipelineReport(102)) - Pipeline RATIS/THREE Pipeline-09ca9575-12cb-4a07-b686-844191d60eee reported by 03318119-e9ed-4ea7-a7fd-1ba78babdf30(localhost/127.0.0.1)
2025-07-27 04:39:37,445 [f71b517f-2361-4434-922a-3423737067f9-groupManagement] INFO  server.RaftServerConfigKeys (ConfUtils.java:logGet(62)) - raft.server.storage.dir = [/home/runner/work/ozone/ozone/hadoop-ozone/integration-test-recon/target/test-dir/MiniOzoneClusterImpl-1e09403d-52eb-479c-879f-dc89daf7eeb0/ozone-meta/datanode-2/ratis] (custom)
2025-07-27 04:39:37,445 [f71b517f-2361-4434-922a-3423737067f9-groupManagement] INFO  storage.RaftStorageDirectory (RaftStorageDirectoryImpl.java:analyzeStorage(138)) - The storage directory /home/runner/work/ozone/ozone/hadoop-ozone/integration-test-recon/target/test-dir/MiniOzoneClusterImpl-1e09403d-52eb-479c-879f-dc89daf7eeb0/ozone-meta/datanode-2/ratis/199c07c1-96ea-450c-a138-7415e04e75e3 does not exist. Creating ...
2025-07-27 04:39:37,445 [03318119-e9ed-4ea7-a7fd-1ba78babdf30-groupManagement] INFO  server.RaftServer$Division (RaftServerImpl.java:start(419)) - 03318119-e9ed-4ea7-a7fd-1ba78babdf30@group-CCB1A844D0CC: Successfully started.
2025-07-27 04:39:37,445 [03318119-e9ed-4ea7-a7fd-1ba78babdf30-PipelineCommandHandlerThread-0] INFO  ratis.XceiverServerRatis (XceiverServerRatis.java:addGroup(843)) - Created group Pipeline-97ba32c0-dfb4-49b8-ba0e-ccb1a844d0cc
2025-07-27 04:39:37,445 [03318119-e9ed-4ea7-a7fd-1ba78babdf30-PipelineCommandHandlerThread-0] INFO  commandhandler.CreatePipelineCommandHandler (CreatePipelineCommandHandler.java:lambda$handle$2(127)) - Created Pipeline RATIS ONE Pipeline-97ba32c0-dfb4-49b8-ba0e-ccb1a844d0cc.
2025-07-27 04:39:37,447 [f71b517f-2361-4434-922a-3423737067f9-groupManagement] INFO  storage.RaftStorageDirectory (RaftStorageDirectoryImpl.java:tryLock(229)) - Lock on /home/runner/work/ozone/ozone/hadoop-ozone/integration-test-recon/target/test-dir/MiniOzoneClusterImpl-1e09403d-52eb-479c-879f-dc89daf7eeb0/ozone-meta/datanode-2/ratis/199c07c1-96ea-450c-a138-7415e04e75e3/in_use.lock acquired by nodename 130059@localhost
2025-07-27 04:39:37,448 [03318119-e9ed-4ea7-a7fd-1ba78babdf30-groupManagement] INFO  server.RaftServer$Division (RaftServerImpl.java:<init>(268)) - 03318119-e9ed-4ea7-a7fd-1ba78babdf30: new RaftServerImpl for group-7415E04E75E3:[c1327a8c-71b7-4605-98e6-996d8ace38a9|127.0.0.1:15017, f71b517f-2361-4434-922a-3423737067f9|127.0.0.1:15025, 03318119-e9ed-4ea7-a7fd-1ba78babdf30|127.0.0.1:15033] with ContainerStateMachine:uninitialized
2025-07-27 04:39:37,448 [03318119-e9ed-4ea7-a7fd-1ba78babdf30-groupManagement] INFO  server.RaftServer$Division (ServerState.java:<init>(114)) - 03318119-e9ed-4ea7-a7fd-1ba78babdf30@group-7415E04E75E3: ConfigurationManager, init=conf: {index: -1, cur=peers:[c1327a8c-71b7-4605-98e6-996d8ace38a9|127.0.0.1:15017, f71b517f-2361-4434-922a-3423737067f9|127.0.0.1:15025, 03318119-e9ed-4ea7-a7fd-1ba78babdf30|127.0.0.1:15033]|listeners:[], old=null}, confs=<EMPTY_MAP>
2025-07-27 04:39:37,449 [f71b517f-2361-4434-922a-3423737067f9-groupManagement] INFO  storage.RaftStorage (RaftStorageImpl.java:format(98)) - Storage directory /home/runner/work/ozone/ozone/hadoop-ozone/integration-test-recon/target/test-dir/MiniOzoneClusterImpl-1e09403d-52eb-479c-879f-dc89daf7eeb0/ozone-meta/datanode-2/ratis/199c07c1-96ea-450c-a138-7415e04e75e3 has been successfully formatted.
2025-07-27 04:39:37,449 [f71b517f-2361-4434-922a-3423737067f9-groupManagement] INFO  ratis.ContainerStateMachine (ContainerStateMachine.java:initialize(339)) - f71b517f-2361-4434-922a-3423737067f9: initialize group-7415E04E75E3
2025-07-27 04:39:37,449 [f71b517f-2361-4434-922a-3423737067f9-groupManagement] INFO  ratis.ContainerStateMachine (ContainerStateMachine.java:loadSnapshot(347)) - group-7415E04E75E3: The snapshot info is null. Setting the last applied index to:<INITIAL_VALUE>
2025-07-27 04:39:37,449 [f71b517f-2361-4434-922a-3423737067f9-groupManagement] INFO  server.RaftServerConfigKeys (ConfUtils.java:logGet(62)) - raft.server.log.appender.buffer.byte-limit = 33554432 (custom)
2025-07-27 04:39:37,452 [Recon-EventQueue-PipelineReportForReconPipelineReportHandler] INFO  scm.ReconPipelineReportHandler (ReconPipelineReportHandler.java:processPipelineReport(102)) - Pipeline RATIS/THREE Pipeline-199c07c1-96ea-450c-a138-7415e04e75e3 reported by f71b517f-2361-4434-922a-3423737067f9(localhost/127.0.0.1)
2025-07-27 04:39:37,452 [EventQueue-PipelineReportForOneReplicaPipelineSafeModeRule] INFO  safemode.SCMSafeModeManager (SCMSafeModeManager.java:validateSafeModeExitRules(138)) - AtleastOneDatanodeReportedRule rule is successfully validated
2025-07-27 04:39:37,452 [Recon-EventQueue-PipelineReportForReconPipelineReportHandler] INFO  scm.ReconPipelineReportHandler (ReconPipelineReportHandler.java:processPipelineReport(102)) - Pipeline RATIS/THREE Pipeline-09ca9575-12cb-4a07-b686-844191d60eee reported by f71b517f-2361-4434-922a-3423737067f9(localhost/127.0.0.1)
2025-07-27 04:39:37,453 [f71b517f-2361-4434-922a-3423737067f9-groupManagement] INFO  server.RaftServerConfigKeys (ConfUtils.java:logGet(62)) - raft.server.log.segment.size.max = 67108864 (custom)
2025-07-27 04:39:37,454 [f71b517f-2361-4434-922a-3423737067f9-groupManagement] INFO  server.RaftServerConfigKeys (ConfUtils.java:logGet(62)) - raft.server.log.appender.buffer.byte-limit = 33554432 (custom)
2025-07-27 04:39:37,454 [f71b517f-2361-4434-922a-3423737067f9-groupManagement] INFO  util.AwaitToRun (AwaitToRun.java:start(81)) - Thread[#941,f71b517f-2361-4434-922a-3423737067f9@group-7415E04E75E3-cacheEviction-AwaitToRun,5,main] started
2025-07-27 04:39:37,455 [f71b517f-2361-4434-922a-3423737067f9-groupManagement] INFO  segmented.SegmentedRaftLogWorker (SegmentedRaftLogWorker.java:<init>(190)) - new f71b517f-2361-4434-922a-3423737067f9@group-7415E04E75E3-SegmentedRaftLogWorker for RaftStorageImpl:Storage Directory /home/runner/work/ozone/ozone/hadoop-ozone/integration-test-recon/target/test-dir/MiniOzoneClusterImpl-1e09403d-52eb-479c-879f-dc89daf7eeb0/ozone-meta/datanode-2/ratis/199c07c1-96ea-450c-a138-7415e04e75e3
2025-07-27 04:39:37,455 [f71b517f-2361-4434-922a-3423737067f9-groupManagement] INFO  server.RaftServerConfigKeys (ConfUtils.java:logGet(62)) - raft.server.log.queue.byte-limit = 4294967296 (custom)
2025-07-27 04:39:37,455 [f71b517f-2361-4434-922a-3423737067f9-groupManagement] INFO  server.RaftServerConfigKeys (ConfUtils.java:logGet(62)) - raft.server.log.segment.size.max = 67108864 (custom)
2025-07-27 04:39:37,455 [f71b517f-2361-4434-922a-3423737067f9-groupManagement] INFO  server.RaftServerConfigKeys (ConfUtils.java:logGet(62)) - raft.server.log.preallocated.size = 4194304 (custom)
2025-07-27 04:39:37,455 [f71b517f-2361-4434-922a-3423737067f9-groupManagement] INFO  server.RaftServerConfigKeys (ConfUtils.java:logGet(62)) - raft.server.log.write.buffer.size = 33554440 (custom)
2025-07-27 04:39:37,458 [03318119-e9ed-4ea7-a7fd-1ba78babdf30-groupManagement] INFO  server.RaftServerConfigKeys (ConfUtils.java:logGet(62)) - raft.server.storage.dir = [/home/runner/work/ozone/ozone/hadoop-ozone/integration-test-recon/target/test-dir/MiniOzoneClusterImpl-1e09403d-52eb-479c-879f-dc89daf7eeb0/ozone-meta/datanode-3/ratis] (custom)
2025-07-27 04:39:37,458 [03318119-e9ed-4ea7-a7fd-1ba78babdf30-groupManagement] INFO  storage.RaftStorageDirectory (RaftStorageDirectoryImpl.java:analyzeStorage(138)) - The storage directory /home/runner/work/ozone/ozone/hadoop-ozone/integration-test-recon/target/test-dir/MiniOzoneClusterImpl-1e09403d-52eb-479c-879f-dc89daf7eeb0/ozone-meta/datanode-3/ratis/199c07c1-96ea-450c-a138-7415e04e75e3 does not exist. Creating ...
2025-07-27 04:39:37,459 [03318119-e9ed-4ea7-a7fd-1ba78babdf30-groupManagement] INFO  storage.RaftStorageDirectory (RaftStorageDirectoryImpl.java:tryLock(229)) - Lock on /home/runner/work/ozone/ozone/hadoop-ozone/integration-test-recon/target/test-dir/MiniOzoneClusterImpl-1e09403d-52eb-479c-879f-dc89daf7eeb0/ozone-meta/datanode-3/ratis/199c07c1-96ea-450c-a138-7415e04e75e3/in_use.lock acquired by nodename 130059@localhost
2025-07-27 04:39:37,460 [03318119-e9ed-4ea7-a7fd-1ba78babdf30-groupManagement] INFO  storage.RaftStorage (RaftStorageImpl.java:format(98)) - Storage directory /home/runner/work/ozone/ozone/hadoop-ozone/integration-test-recon/target/test-dir/MiniOzoneClusterImpl-1e09403d-52eb-479c-879f-dc89daf7eeb0/ozone-meta/datanode-3/ratis/199c07c1-96ea-450c-a138-7415e04e75e3 has been successfully formatted.
2025-07-27 04:39:37,461 [03318119-e9ed-4ea7-a7fd-1ba78babdf30-groupManagement] INFO  ratis.ContainerStateMachine (ContainerStateMachine.java:initialize(339)) - 03318119-e9ed-4ea7-a7fd-1ba78babdf30: initialize group-7415E04E75E3
2025-07-27 04:39:37,461 [03318119-e9ed-4ea7-a7fd-1ba78babdf30-groupManagement] INFO  ratis.ContainerStateMachine (ContainerStateMachine.java:loadSnapshot(347)) - group-7415E04E75E3: The snapshot info is null. Setting the last applied index to:<INITIAL_VALUE>
2025-07-27 04:39:37,461 [03318119-e9ed-4ea7-a7fd-1ba78babdf30-groupManagement] INFO  server.RaftServerConfigKeys (ConfUtils.java:logGet(62)) - raft.server.log.appender.buffer.byte-limit = 33554432 (custom)
2025-07-27 04:39:37,461 [f71b517f-2361-4434-922a-3423737067f9-groupManagement] INFO  server.RaftServerConfigKeys (ConfUtils.java:logGet(62)) - raft.server.log.appender.buffer.byte-limit = 33554432 (custom)
2025-07-27 04:39:37,463 [03318119-e9ed-4ea7-a7fd-1ba78babdf30-groupManagement] INFO  server.RaftServerConfigKeys (ConfUtils.java:logGet(62)) - raft.server.log.segment.size.max = 67108864 (custom)
2025-07-27 04:39:37,463 [f71b517f-2361-4434-922a-3423737067f9-groupManagement] INFO  segmented.SegmentedRaftLogWorker (SegmentedRaftLogWorker.java:lambda$new$0(141)) - f71b517f-2361-4434-922a-3423737067f9@group-7415E04E75E3-SegmentedRaftLogWorker: flushIndex: setUnconditionally 0 -> -1
2025-07-27 04:39:37,463 [f71b517f-2361-4434-922a-3423737067f9-groupManagement] INFO  segmented.SegmentedRaftLogWorker (SegmentedRaftLogWorker.java:lambda$new$0(141)) - f71b517f-2361-4434-922a-3423737067f9@group-7415E04E75E3-SegmentedRaftLogWorker: safeCacheEvictIndex: setUnconditionally 0 -> -1
2025-07-27 04:39:37,463 [03318119-e9ed-4ea7-a7fd-1ba78babdf30-groupManagement] INFO  server.RaftServerConfigKeys (ConfUtils.java:logGet(62)) - raft.server.log.appender.buffer.byte-limit = 33554432 (custom)
2025-07-27 04:39:37,463 [f71b517f-2361-4434-922a-3423737067f9-groupManagement] INFO  server.RaftServer$Division (RaftServerImpl.java:start(405)) - f71b517f-2361-4434-922a-3423737067f9@group-7415E04E75E3: start as a follower, conf=conf: {index: -1, cur=peers:[c1327a8c-71b7-4605-98e6-996d8ace38a9|127.0.0.1:15017, f71b517f-2361-4434-922a-3423737067f9|127.0.0.1:15025, 03318119-e9ed-4ea7-a7fd-1ba78babdf30|127.0.0.1:15033]|listeners:[], old=null}
2025-07-27 04:39:37,463 [Recon-EventQueue-PipelineReportForReconPipelineReportHandler] INFO  scm.ReconPipelineReportHandler (ReconPipelineReportHandler.java:processPipelineReport(102)) - Pipeline RATIS/THREE Pipeline-199c07c1-96ea-450c-a138-7415e04e75e3 reported by 03318119-e9ed-4ea7-a7fd-1ba78babdf30(localhost/127.0.0.1)
2025-07-27 04:39:37,464 [Recon-EventQueue-PipelineReportForReconPipelineReportHandler] INFO  scm.ReconPipelineReportHandler (ReconPipelineReportHandler.java:processPipelineReport(102)) - Pipeline RATIS/THREE Pipeline-09ca9575-12cb-4a07-b686-844191d60eee reported by 03318119-e9ed-4ea7-a7fd-1ba78babdf30(localhost/127.0.0.1)
2025-07-27 04:39:37,463 [f71b517f-2361-4434-922a-3423737067f9-groupManagement] INFO  server.RaftServer$Division (RaftServerImpl.java:setRole(392)) - f71b517f-2361-4434-922a-3423737067f9@group-7415E04E75E3: changes role from      null to FOLLOWER at term 0 for startAsFollower
2025-07-27 04:39:37,464 [f71b517f-2361-4434-922a-3423737067f9-groupManagement] INFO  impl.RoleInfo (RoleInfo.java:updateAndGet(148)) - f71b517f-2361-4434-922a-3423737067f9: start f71b517f-2361-4434-922a-3423737067f9@group-7415E04E75E3-FollowerState
2025-07-27 04:39:37,464 [EventQueue-PipelineReportForOneReplicaPipelineSafeModeRule] INFO  safemode.SCMSafeModeManager (SCMSafeModeManager.java:validateSafeModeExitRules(138)) - AtleastOneDatanodeReportedRule rule is successfully validated
2025-07-27 04:39:37,464 [f71b517f-2361-4434-922a-3423737067f9-groupManagement] INFO  util.JmxRegister (JmxRegister.java:tryRegister(44)) - Successfully registered JMX Bean with object name Ratis:service=RaftServer,group=group-7415E04E75E3,id=f71b517f-2361-4434-922a-3423737067f9
2025-07-27 04:39:37,464 [f71b517f-2361-4434-922a-3423737067f9-groupManagement] INFO  util.JmxRegister (JmxRegister.java:register(58)) - register mxBean class org.apache.ratis.server.impl.RaftServerJmxAdapter as Ratis:service=RaftServer,group=group-7415E04E75E3,id=f71b517f-2361-4434-922a-3423737067f9
2025-07-27 04:39:37,465 [f71b517f-2361-4434-922a-3423737067f9-groupManagement] INFO  server.RaftServer$Division (RaftServerImpl.java:start(419)) - f71b517f-2361-4434-922a-3423737067f9@group-7415E04E75E3: Successfully started.
2025-07-27 04:39:37,466 [03318119-e9ed-4ea7-a7fd-1ba78babdf30-groupManagement] INFO  util.AwaitToRun (AwaitToRun.java:start(81)) - Thread[#943,03318119-e9ed-4ea7-a7fd-1ba78babdf30@group-7415E04E75E3-cacheEviction-AwaitToRun,5,main] started
2025-07-27 04:39:37,466 [03318119-e9ed-4ea7-a7fd-1ba78babdf30-groupManagement] INFO  segmented.SegmentedRaftLogWorker (SegmentedRaftLogWorker.java:<init>(190)) - new 03318119-e9ed-4ea7-a7fd-1ba78babdf30@group-7415E04E75E3-SegmentedRaftLogWorker for RaftStorageImpl:Storage Directory /home/runner/work/ozone/ozone/hadoop-ozone/integration-test-recon/target/test-dir/MiniOzoneClusterImpl-1e09403d-52eb-479c-879f-dc89daf7eeb0/ozone-meta/datanode-3/ratis/199c07c1-96ea-450c-a138-7415e04e75e3
2025-07-27 04:39:37,466 [03318119-e9ed-4ea7-a7fd-1ba78babdf30-groupManagement] INFO  server.RaftServerConfigKeys (ConfUtils.java:logGet(62)) - raft.server.log.queue.byte-limit = 4294967296 (custom)
2025-07-27 04:39:37,466 [03318119-e9ed-4ea7-a7fd-1ba78babdf30-groupManagement] INFO  server.RaftServerConfigKeys (ConfUtils.java:logGet(62)) - raft.server.log.segment.size.max = 67108864 (custom)
2025-07-27 04:39:37,467 [03318119-e9ed-4ea7-a7fd-1ba78babdf30-groupManagement] INFO  server.RaftServerConfigKeys (ConfUtils.java:logGet(62)) - raft.server.log.preallocated.size = 4194304 (custom)
2025-07-27 04:39:37,466 [f71b517f-2361-4434-922a-3423737067f9-PipelineCommandHandlerThread-0] INFO  ratis.XceiverServerRatis (XceiverServerRatis.java:addGroup(843)) - Created group Pipeline-199c07c1-96ea-450c-a138-7415e04e75e3
2025-07-27 04:39:37,467 [03318119-e9ed-4ea7-a7fd-1ba78babdf30-groupManagement] INFO  server.RaftServerConfigKeys (ConfUtils.java:logGet(62)) - raft.server.log.write.buffer.size = 33554440 (custom)
2025-07-27 04:39:37,473 [03318119-e9ed-4ea7-a7fd-1ba78babdf30-groupManagement] INFO  server.RaftServerConfigKeys (ConfUtils.java:logGet(62)) - raft.server.log.appender.buffer.byte-limit = 33554432 (custom)
2025-07-27 04:39:37,474 [03318119-e9ed-4ea7-a7fd-1ba78babdf30-groupManagement] INFO  segmented.SegmentedRaftLogWorker (SegmentedRaftLogWorker.java:lambda$new$0(141)) - 03318119-e9ed-4ea7-a7fd-1ba78babdf30@group-7415E04E75E3-SegmentedRaftLogWorker: flushIndex: setUnconditionally 0 -> -1
2025-07-27 04:39:37,474 [03318119-e9ed-4ea7-a7fd-1ba78babdf30-groupManagement] INFO  segmented.SegmentedRaftLogWorker (SegmentedRaftLogWorker.java:lambda$new$0(141)) - 03318119-e9ed-4ea7-a7fd-1ba78babdf30@group-7415E04E75E3-SegmentedRaftLogWorker: safeCacheEvictIndex: setUnconditionally 0 -> -1
2025-07-27 04:39:37,474 [03318119-e9ed-4ea7-a7fd-1ba78babdf30-groupManagement] INFO  server.RaftServer$Division (RaftServerImpl.java:start(405)) - 03318119-e9ed-4ea7-a7fd-1ba78babdf30@group-7415E04E75E3: start as a follower, conf=conf: {index: -1, cur=peers:[c1327a8c-71b7-4605-98e6-996d8ace38a9|127.0.0.1:15017, f71b517f-2361-4434-922a-3423737067f9|127.0.0.1:15025, 03318119-e9ed-4ea7-a7fd-1ba78babdf30|127.0.0.1:15033]|listeners:[], old=null}
2025-07-27 04:39:37,474 [03318119-e9ed-4ea7-a7fd-1ba78babdf30-groupManagement] INFO  server.RaftServer$Division (RaftServerImpl.java:setRole(392)) - 03318119-e9ed-4ea7-a7fd-1ba78babdf30@group-7415E04E75E3: changes role from      null to FOLLOWER at term 0 for startAsFollower
2025-07-27 04:39:37,475 [03318119-e9ed-4ea7-a7fd-1ba78babdf30-groupManagement] INFO  impl.RoleInfo (RoleInfo.java:updateAndGet(148)) - 03318119-e9ed-4ea7-a7fd-1ba78babdf30: start 03318119-e9ed-4ea7-a7fd-1ba78babdf30@group-7415E04E75E3-FollowerState
2025-07-27 04:39:37,477 [03318119-e9ed-4ea7-a7fd-1ba78babdf30-groupManagement] INFO  util.JmxRegister (JmxRegister.java:tryRegister(44)) - Successfully registered JMX Bean with object name Ratis:service=RaftServer,group=group-7415E04E75E3,id=03318119-e9ed-4ea7-a7fd-1ba78babdf30
2025-07-27 04:39:37,477 [03318119-e9ed-4ea7-a7fd-1ba78babdf30-groupManagement] INFO  util.JmxRegister (JmxRegister.java:register(58)) - register mxBean class org.apache.ratis.server.impl.RaftServerJmxAdapter as Ratis:service=RaftServer,group=group-7415E04E75E3,id=03318119-e9ed-4ea7-a7fd-1ba78babdf30
2025-07-27 04:39:37,478 [03318119-e9ed-4ea7-a7fd-1ba78babdf30-groupManagement] INFO  server.RaftServer$Division (RaftServerImpl.java:start(419)) - 03318119-e9ed-4ea7-a7fd-1ba78babdf30@group-7415E04E75E3: Successfully started.
2025-07-27 04:39:37,478 [grpc-default-executor-1] WARN  server.GrpcAdminProtocolService (GrpcAdminProtocolService.java:lambda$groupManagement$1(53)) - Failed groupManagement: GROUPADD, GroupManagementRequest:client-FA8470622028->c1327a8c-71b7-4605-98e6-996d8ace38a9@group-7415E04E75E3, cid=6, seq=null, RW, null, Add:group-7415E04E75E3:[c1327a8c-71b7-4605-98e6-996d8ace38a9|127.0.0.1:15017, f71b517f-2361-4434-922a-3423737067f9|127.0.0.1:15025, 03318119-e9ed-4ea7-a7fd-1ba78babdf30|127.0.0.1:15033]
java.util.concurrent.CompletionException: org.apache.ratis.protocol.exceptions.AlreadyExistsException: c1327a8c-71b7-4605-98e6-996d8ace38a9: Failed to add group-7415E04E75E3:[c1327a8c-71b7-4605-98e6-996d8ace38a9|127.0.0.1:15017, f71b517f-2361-4434-922a-3423737067f9|127.0.0.1:15025, 03318119-e9ed-4ea7-a7fd-1ba78babdf30|127.0.0.1:15033] since the group already exists in the map.
	at java.base/java.util.concurrent.CompletableFuture.encodeThrowable(CompletableFuture.java:332)
	at java.base/java.util.concurrent.CompletableFuture.uniApplyNow(CompletableFuture.java:674)
	at java.base/java.util.concurrent.CompletableFuture.uniApplyStage(CompletableFuture.java:662)
	at java.base/java.util.concurrent.CompletableFuture.thenApplyAsync(CompletableFuture.java:2210)
	at org.apache.ratis.server.impl.RaftServerProxy.groupAddAsync(RaftServerProxy.java:513)
	at org.apache.ratis.server.impl.RaftServerProxy.groupManagementAsync(RaftServerProxy.java:495)
	at org.apache.ratis.grpc.server.GrpcAdminProtocolService.lambda$groupManagement$0(GrpcAdminProtocolService.java:51)
	at org.apache.ratis.grpc.GrpcUtil.asyncCall(GrpcUtil.java:172)
	at org.apache.ratis.grpc.server.GrpcAdminProtocolService.groupManagement(GrpcAdminProtocolService.java:51)
	at org.apache.ratis.proto.grpc.AdminProtocolServiceGrpc$MethodHandlers.invoke(AdminProtocolServiceGrpc.java:701)
	at org.apache.ratis.thirdparty.io.grpc.stub.ServerCalls$UnaryServerCallHandler$UnaryServerCallListener.onHalfClose(ServerCalls.java:182)
	at org.apache.ratis.thirdparty.io.grpc.internal.ServerCallImpl$ServerStreamListenerImpl.halfClosed(ServerCallImpl.java:356)
	at org.apache.ratis.thirdparty.io.grpc.internal.ServerImpl$JumpToApplicationThreadServerStreamListener$1HalfClosed.runInContext(ServerImpl.java:861)
	at org.apache.ratis.thirdparty.io.grpc.internal.ContextRunnable.run(ContextRunnable.java:37)
	at org.apache.ratis.thirdparty.io.grpc.internal.SerializingExecutor.run(SerializingExecutor.java:133)
	at java.base/java.util.concurrent.ThreadPoolExecutor.runWorker(ThreadPoolExecutor.java:1144)
	at java.base/java.util.concurrent.ThreadPoolExecutor$Worker.run(ThreadPoolExecutor.java:642)
	at java.base/java.lang.Thread.run(Thread.java:1583)
Caused by: org.apache.ratis.protocol.exceptions.AlreadyExistsException: c1327a8c-71b7-4605-98e6-996d8ace38a9: Failed to add group-7415E04E75E3:[c1327a8c-71b7-4605-98e6-996d8ace38a9|127.0.0.1:15017, f71b517f-2361-4434-922a-3423737067f9|127.0.0.1:15025, 03318119-e9ed-4ea7-a7fd-1ba78babdf30|127.0.0.1:15033] since the group already exists in the map.
	at org.apache.ratis.server.impl.RaftServerProxy$ImplMap.addNew(RaftServerProxy.java:99)
	at org.apache.ratis.server.impl.RaftServerProxy.groupAddAsync(RaftServerProxy.java:512)
	... 13 more
2025-07-27 04:39:37,490 [grpc-default-executor-1] WARN  server.GrpcAdminProtocolService (GrpcAdminProtocolService.java:lambda$groupManagement$1(53)) - Failed groupManagement: GROUPADD, GroupManagementRequest:client-5D568688ECC1->f71b517f-2361-4434-922a-3423737067f9@group-7415E04E75E3, cid=7, seq=null, RW, null, Add:group-7415E04E75E3:[c1327a8c-71b7-4605-98e6-996d8ace38a9|127.0.0.1:15017, f71b517f-2361-4434-922a-3423737067f9|127.0.0.1:15025, 03318119-e9ed-4ea7-a7fd-1ba78babdf30|127.0.0.1:15033]
java.util.concurrent.CompletionException: org.apache.ratis.protocol.exceptions.AlreadyExistsException: f71b517f-2361-4434-922a-3423737067f9: Failed to add group-7415E04E75E3:[c1327a8c-71b7-4605-98e6-996d8ace38a9|127.0.0.1:15017, f71b517f-2361-4434-922a-3423737067f9|127.0.0.1:15025, 03318119-e9ed-4ea7-a7fd-1ba78babdf30|127.0.0.1:15033] since the group already exists in the map.
	at java.base/java.util.concurrent.CompletableFuture.encodeThrowable(CompletableFuture.java:332)
	at java.base/java.util.concurrent.CompletableFuture.uniApplyNow(CompletableFuture.java:674)
	at java.base/java.util.concurrent.CompletableFuture.uniApplyStage(CompletableFuture.java:662)
	at java.base/java.util.concurrent.CompletableFuture.thenApplyAsync(CompletableFuture.java:2210)
	at org.apache.ratis.server.impl.RaftServerProxy.groupAddAsync(RaftServerProxy.java:513)
	at org.apache.ratis.server.impl.RaftServerProxy.groupManagementAsync(RaftServerProxy.java:495)
	at org.apache.ratis.grpc.server.GrpcAdminProtocolService.lambda$groupManagement$0(GrpcAdminProtocolService.java:51)
	at org.apache.ratis.grpc.GrpcUtil.asyncCall(GrpcUtil.java:172)
	at org.apache.ratis.grpc.server.GrpcAdminProtocolService.groupManagement(GrpcAdminProtocolService.java:51)
	at org.apache.ratis.proto.grpc.AdminProtocolServiceGrpc$MethodHandlers.invoke(AdminProtocolServiceGrpc.java:701)
	at org.apache.ratis.thirdparty.io.grpc.stub.ServerCalls$UnaryServerCallHandler$UnaryServerCallListener.onHalfClose(ServerCalls.java:182)
	at org.apache.ratis.thirdparty.io.grpc.internal.ServerCallImpl$ServerStreamListenerImpl.halfClosed(ServerCallImpl.java:356)
	at org.apache.ratis.thirdparty.io.grpc.internal.ServerImpl$JumpToApplicationThreadServerStreamListener$1HalfClosed.runInContext(ServerImpl.java:861)
	at org.apache.ratis.thirdparty.io.grpc.internal.ContextRunnable.run(ContextRunnable.java:37)
	at org.apache.ratis.thirdparty.io.grpc.internal.SerializingExecutor.run(SerializingExecutor.java:133)
	at java.base/java.util.concurrent.ThreadPoolExecutor.runWorker(ThreadPoolExecutor.java:1144)
	at java.base/java.util.concurrent.ThreadPoolExecutor$Worker.run(ThreadPoolExecutor.java:642)
	at java.base/java.lang.Thread.run(Thread.java:1583)
Caused by: org.apache.ratis.protocol.exceptions.AlreadyExistsException: f71b517f-2361-4434-922a-3423737067f9: Failed to add group-7415E04E75E3:[c1327a8c-71b7-4605-98e6-996d8ace38a9|127.0.0.1:15017, f71b517f-2361-4434-922a-3423737067f9|127.0.0.1:15025, 03318119-e9ed-4ea7-a7fd-1ba78babdf30|127.0.0.1:15033] since the group already exists in the map.
	at org.apache.ratis.server.impl.RaftServerProxy$ImplMap.addNew(RaftServerProxy.java:99)
	at org.apache.ratis.server.impl.RaftServerProxy.groupAddAsync(RaftServerProxy.java:512)
	... 13 more
2025-07-27 04:39:37,493 [grpc-default-executor-0] WARN  server.GrpcAdminProtocolService (GrpcAdminProtocolService.java:lambda$groupManagement$1(53)) - Failed groupManagement: GROUPADD, GroupManagementRequest:client-F4C873190533->03318119-e9ed-4ea7-a7fd-1ba78babdf30@group-7415E04E75E3, cid=8, seq=null, RW, null, Add:group-7415E04E75E3:[c1327a8c-71b7-4605-98e6-996d8ace38a9|127.0.0.1:15017, f71b517f-2361-4434-922a-3423737067f9|127.0.0.1:15025, 03318119-e9ed-4ea7-a7fd-1ba78babdf30|127.0.0.1:15033]
java.util.concurrent.CompletionException: org.apache.ratis.protocol.exceptions.AlreadyExistsException: 03318119-e9ed-4ea7-a7fd-1ba78babdf30: Failed to add group-7415E04E75E3:[c1327a8c-71b7-4605-98e6-996d8ace38a9|127.0.0.1:15017, f71b517f-2361-4434-922a-3423737067f9|127.0.0.1:15025, 03318119-e9ed-4ea7-a7fd-1ba78babdf30|127.0.0.1:15033] since the group already exists in the map.
	at java.base/java.util.concurrent.CompletableFuture.encodeThrowable(CompletableFuture.java:332)
	at java.base/java.util.concurrent.CompletableFuture.uniApplyNow(CompletableFuture.java:674)
	at java.base/java.util.concurrent.CompletableFuture.uniApplyStage(CompletableFuture.java:662)
	at java.base/java.util.concurrent.CompletableFuture.thenApplyAsync(CompletableFuture.java:2210)
	at org.apache.ratis.server.impl.RaftServerProxy.groupAddAsync(RaftServerProxy.java:513)
	at org.apache.ratis.server.impl.RaftServerProxy.groupManagementAsync(RaftServerProxy.java:495)
	at org.apache.ratis.grpc.server.GrpcAdminProtocolService.lambda$groupManagement$0(GrpcAdminProtocolService.java:51)
	at org.apache.ratis.grpc.GrpcUtil.asyncCall(GrpcUtil.java:172)
	at org.apache.ratis.grpc.server.GrpcAdminProtocolService.groupManagement(GrpcAdminProtocolService.java:51)
	at org.apache.ratis.proto.grpc.AdminProtocolServiceGrpc$MethodHandlers.invoke(AdminProtocolServiceGrpc.java:701)
	at org.apache.ratis.thirdparty.io.grpc.stub.ServerCalls$UnaryServerCallHandler$UnaryServerCallListener.onHalfClose(ServerCalls.java:182)
	at org.apache.ratis.thirdparty.io.grpc.internal.ServerCallImpl$ServerStreamListenerImpl.halfClosed(ServerCallImpl.java:356)
	at org.apache.ratis.thirdparty.io.grpc.internal.ServerImpl$JumpToApplicationThreadServerStreamListener$1HalfClosed.runInContext(ServerImpl.java:861)
	at org.apache.ratis.thirdparty.io.grpc.internal.ContextRunnable.run(ContextRunnable.java:37)
	at org.apache.ratis.thirdparty.io.grpc.internal.SerializingExecutor.run(SerializingExecutor.java:133)
	at java.base/java.util.concurrent.ThreadPoolExecutor.runWorker(ThreadPoolExecutor.java:1144)
	at java.base/java.util.concurrent.ThreadPoolExecutor$Worker.run(ThreadPoolExecutor.java:642)
	at java.base/java.lang.Thread.run(Thread.java:1583)
Caused by: org.apache.ratis.protocol.exceptions.AlreadyExistsException: 03318119-e9ed-4ea7-a7fd-1ba78babdf30: Failed to add group-7415E04E75E3:[c1327a8c-71b7-4605-98e6-996d8ace38a9|127.0.0.1:15017, f71b517f-2361-4434-922a-3423737067f9|127.0.0.1:15025, 03318119-e9ed-4ea7-a7fd-1ba78babdf30|127.0.0.1:15033] since the group already exists in the map.
	at org.apache.ratis.server.impl.RaftServerProxy$ImplMap.addNew(RaftServerProxy.java:99)
	at org.apache.ratis.server.impl.RaftServerProxy.groupAddAsync(RaftServerProxy.java:512)
	... 13 more
2025-07-27 04:39:37,497 [c1327a8c-71b7-4605-98e6-996d8ace38a9-PipelineCommandHandlerThread-0] INFO  commandhandler.CreatePipelineCommandHandler (CreatePipelineCommandHandler.java:lambda$handle$2(127)) - Created Pipeline RATIS THREE Pipeline-199c07c1-96ea-450c-a138-7415e04e75e3.
2025-07-27 04:39:37,500 [f71b517f-2361-4434-922a-3423737067f9-PipelineCommandHandlerThread-0] INFO  commandhandler.CreatePipelineCommandHandler (CreatePipelineCommandHandler.java:lambda$handle$2(127)) - Created Pipeline RATIS THREE Pipeline-199c07c1-96ea-450c-a138-7415e04e75e3.
2025-07-27 04:39:37,905 [ForkJoinPool-1-worker-1] INFO  ozone.MiniOzoneClusterImpl (MiniOzoneClusterImpl.java:lambda$waitForClusterToBeReady$0(173)) - Nodes are ready. Got 3 of 3 DN Heartbeats.
2025-07-27 04:39:37,906 [ForkJoinPool-1-worker-1] INFO  ozone.MiniOzoneClusterImpl (MiniOzoneClusterImpl.java:lambda$waitForClusterToBeReady$0(176)) - Waiting for cluster to exit safe mode
2025-07-27 04:39:37,906 [ForkJoinPool-1-worker-1] INFO  ozone.MiniOzoneClusterImpl (MiniOzoneClusterImpl.java:lambda$waitForClusterToBeReady$0(178)) - SCM became leader
2025-07-27 04:39:38,052 [c1327a8c-71b7-4605-98e6-996d8ace38a9@group-F867CEC589A5-FollowerState] INFO  impl.FollowerState (FollowerState.java:runImpl(161)) - c1327a8c-71b7-4605-98e6-996d8ace38a9@group-F867CEC589A5-FollowerState: change to CANDIDATE, lastRpcElapsedTime:1046705608ns, electionTimeout:1046ms
2025-07-27 04:39:38,052 [c1327a8c-71b7-4605-98e6-996d8ace38a9@group-F867CEC589A5-FollowerState] INFO  impl.RoleInfo (RoleInfo.java:shutdownFollowerState(121)) - c1327a8c-71b7-4605-98e6-996d8ace38a9: shutdown c1327a8c-71b7-4605-98e6-996d8ace38a9@group-F867CEC589A5-FollowerState
2025-07-27 04:39:38,052 [c1327a8c-71b7-4605-98e6-996d8ace38a9@group-F867CEC589A5-FollowerState] INFO  server.RaftServer$Division (RaftServerImpl.java:setRole(392)) - c1327a8c-71b7-4605-98e6-996d8ace38a9@group-F867CEC589A5: changes role from  FOLLOWER to CANDIDATE at term 0 for changeToCandidate
2025-07-27 04:39:38,052 [c1327a8c-71b7-4605-98e6-996d8ace38a9@group-F867CEC589A5-FollowerState] INFO  impl.RoleInfo (RoleInfo.java:updateAndGet(148)) - c1327a8c-71b7-4605-98e6-996d8ace38a9: start c1327a8c-71b7-4605-98e6-996d8ace38a9@group-F867CEC589A5-LeaderElection4
2025-07-27 04:39:38,052 [c1327a8c-71b7-4605-98e6-996d8ace38a9@group-F867CEC589A5-LeaderElection4] INFO  impl.LeaderElection (LeaderElection.java:askForVotes(448)) - c1327a8c-71b7-4605-98e6-996d8ace38a9@group-F867CEC589A5-LeaderElection4 PRE_VOTE round 0: submit vote requests at term 0 for conf: {index: -1, cur=peers:[c1327a8c-71b7-4605-98e6-996d8ace38a9|127.0.0.1:15017]|listeners:[], old=null}
2025-07-27 04:39:38,052 [c1327a8c-71b7-4605-98e6-996d8ace38a9@group-F867CEC589A5-LeaderElection4] INFO  impl.LeaderElection (LeaderElection.java:askForVotes(450)) - c1327a8c-71b7-4605-98e6-996d8ace38a9@group-F867CEC589A5-LeaderElection4 PRE_VOTE round 0: result PASSED (term=0)
2025-07-27 04:39:38,054 [c1327a8c-71b7-4605-98e6-996d8ace38a9@group-F867CEC589A5-LeaderElection4] INFO  impl.LeaderElection (LeaderElection.java:askForVotes(448)) - c1327a8c-71b7-4605-98e6-996d8ace38a9@group-F867CEC589A5-LeaderElection4 ELECTION round 0: submit vote requests at term 1 for conf: {index: -1, cur=peers:[c1327a8c-71b7-4605-98e6-996d8ace38a9|127.0.0.1:15017]|listeners:[], old=null}
2025-07-27 04:39:38,054 [c1327a8c-71b7-4605-98e6-996d8ace38a9@group-F867CEC589A5-LeaderElection4] INFO  impl.LeaderElection (LeaderElection.java:askForVotes(450)) - c1327a8c-71b7-4605-98e6-996d8ace38a9@group-F867CEC589A5-LeaderElection4 ELECTION round 0: result PASSED (term=1)
2025-07-27 04:39:38,054 [c1327a8c-71b7-4605-98e6-996d8ace38a9@group-F867CEC589A5-LeaderElection4] INFO  impl.RoleInfo (RoleInfo.java:shutdownLeaderElection(141)) - c1327a8c-71b7-4605-98e6-996d8ace38a9: shutdown c1327a8c-71b7-4605-98e6-996d8ace38a9@group-F867CEC589A5-LeaderElection4
2025-07-27 04:39:38,054 [c1327a8c-71b7-4605-98e6-996d8ace38a9@group-F867CEC589A5-LeaderElection4] INFO  server.RaftServer$Division (RaftServerImpl.java:setRole(392)) - c1327a8c-71b7-4605-98e6-996d8ace38a9@group-F867CEC589A5: changes role from CANDIDATE to LEADER at term 1 for changeToLeader
2025-07-27 04:39:38,054 [c1327a8c-71b7-4605-98e6-996d8ace38a9@group-F867CEC589A5-LeaderElection4] INFO  server.RaftServerConfigKeys (ConfUtils.java:logFallback(69)) - raft.server.staging.timeout = 15600ms (fallback to raft.server.rpc.timeout.max)
2025-07-27 04:39:38,054 [c1327a8c-71b7-4605-98e6-996d8ace38a9@group-F867CEC589A5-LeaderElection4] INFO  server.RaftServerConfigKeys (ConfUtils.java:logGet(62)) - raft.server.write.element-limit = 1024 (custom)
2025-07-27 04:39:38,054 [c1327a8c-71b7-4605-98e6-996d8ace38a9@group-F867CEC589A5-LeaderElection4] INFO  server.RaftServerConfigKeys (ConfUtils.java:logGet(62)) - raft.server.write.byte-limit = 1024 M (=1073741824) (custom)
2025-07-27 04:39:38,055 [c1327a8c-71b7-4605-98e6-996d8ace38a9@group-F867CEC589A5-LeaderElection4] INFO  server.RaftServerConfigKeys (ConfUtils.java:logGet(62)) - raft.server.watch.timeout = 30s (custom)
2025-07-27 04:39:38,055 [c1327a8c-71b7-4605-98e6-996d8ace38a9@group-F867CEC589A5-LeaderElection4] INFO  server.RaftServerConfigKeys (ConfUtils.java:logGet(62)) - raft.server.log.log-metadata.enabled = true (default)
2025-07-27 04:39:38,056 [c1327a8c-71b7-4605-98e6-996d8ace38a9@group-F867CEC589A5-LeaderElection4] INFO  impl.RoleInfo (RoleInfo.java:updateAndGet(148)) - c1327a8c-71b7-4605-98e6-996d8ace38a9: start c1327a8c-71b7-4605-98e6-996d8ace38a9@group-F867CEC589A5-LeaderStateImpl
2025-07-27 04:39:38,056 [c1327a8c-71b7-4605-98e6-996d8ace38a9@group-F867CEC589A5-LeaderElection4] INFO  server.RaftServer$Division (RaftServerImpl.java:setFirstElection(576)) - c1327a8c-71b7-4605-98e6-996d8ace38a9@group-F867CEC589A5: set firstElectionSinceStartup to false for becomeLeader
2025-07-27 04:39:38,056 [c1327a8c-71b7-4605-98e6-996d8ace38a9@group-F867CEC589A5-LeaderElection4] INFO  ratis.XceiverServerRatis (XceiverServerRatis.java:handleLeaderChangedNotification(944)) - Leader change notification received for group: group-F867CEC589A5 with new leaderId: c1327a8c-71b7-4605-98e6-996d8ace38a9
2025-07-27 04:39:38,056 [c1327a8c-71b7-4605-98e6-996d8ace38a9@group-F867CEC589A5-LeaderElection4] INFO  server.RaftServer$Division (ServerState.java:setLeader(272)) - c1327a8c-71b7-4605-98e6-996d8ace38a9@group-F867CEC589A5: change Leader from null to c1327a8c-71b7-4605-98e6-996d8ace38a9 at term 1 for becomeLeader, leader elected after 1077ms
2025-07-27 04:39:38,056 [c1327a8c-71b7-4605-98e6-996d8ace38a9@group-F867CEC589A5-LeaderElection4] INFO  segmented.SegmentedRaftLogWorker (SegmentedRaftLogWorker.java:startLogSegment(440)) - c1327a8c-71b7-4605-98e6-996d8ace38a9@group-F867CEC589A5-SegmentedRaftLogWorker: Starting segment from index:0
2025-07-27 04:39:38,057 [c1327a8c-71b7-4605-98e6-996d8ace38a9@group-F867CEC589A5-SegmentedRaftLogWorker] INFO  segmented.BufferedWriteChannel (BufferedWriteChannel.java:open(61)) - open log_inprogress_0 at position 0
2025-07-27 04:39:38,057 [c1327a8c-71b7-4605-98e6-996d8ace38a9@group-F867CEC589A5-LeaderElection4] INFO  server.RaftServer$Division (ServerState.java:setRaftConf(386)) - c1327a8c-71b7-4605-98e6-996d8ace38a9@group-F867CEC589A5: set configuration conf: {index: 0, cur=peers:[c1327a8c-71b7-4605-98e6-996d8ace38a9|127.0.0.1:15017]|listeners:[], old=null}
2025-07-27 04:39:38,058 [Recon-EventQueue-PipelineReportForReconPipelineReportHandler] INFO  scm.ReconPipelineReportHandler (ReconPipelineReportHandler.java:processPipelineReport(102)) - Pipeline RATIS/THREE Pipeline-199c07c1-96ea-450c-a138-7415e04e75e3 reported by c1327a8c-71b7-4605-98e6-996d8ace38a9(localhost/127.0.0.1)
2025-07-27 04:39:38,058 [Recon-EventQueue-PipelineReportForReconPipelineReportHandler] INFO  scm.ReconPipelineReportHandler (ReconPipelineReportHandler.java:processPipelineReport(102)) - Pipeline RATIS/THREE Pipeline-09ca9575-12cb-4a07-b686-844191d60eee reported by c1327a8c-71b7-4605-98e6-996d8ace38a9(localhost/127.0.0.1)
2025-07-27 04:39:38,059 [EventQueue-PipelineReportForOneReplicaPipelineSafeModeRule] INFO  safemode.SCMSafeModeManager (SCMSafeModeManager.java:validateSafeModeExitRules(138)) - AtleastOneDatanodeReportedRule rule is successfully validated
2025-07-27 04:39:38,064 [c1327a8c-71b7-4605-98e6-996d8ace38a9@group-F867CEC589A5-SegmentedRaftLogWorker] INFO  segmented.SegmentedRaftLogWorker (SegmentedRaftLogWorker.java:execute(647)) - c1327a8c-71b7-4605-98e6-996d8ace38a9@group-F867CEC589A5-SegmentedRaftLogWorker: created new log segment /home/runner/work/ozone/ozone/hadoop-ozone/integration-test-recon/target/test-dir/MiniOzoneClusterImpl-1e09403d-52eb-479c-879f-dc89daf7eeb0/ozone-meta/datanode-1/ratis/8bcc116d-d9aa-41e2-9837-f867cec589a5/current/log_inprogress_0
2025-07-27 04:39:38,066 [c1327a8c-71b7-4605-98e6-996d8ace38a9@group-F867CEC589A5-StateMachineUpdater] INFO  server.RaftServer$Division (LeaderStateImpl.java:checkStartIndex(309)) - Leader c1327a8c-71b7-4605-98e6-996d8ace38a9@group-F867CEC589A5-LeaderStateImpl is ready since appliedIndex == startIndex == 0
2025-07-27 04:39:38,244 [c1327a8c-71b7-4605-98e6-996d8ace38a9@group-844191D60EEE-FollowerState] INFO  impl.FollowerState (FollowerState.java:runImpl(161)) - c1327a8c-71b7-4605-98e6-996d8ace38a9@group-844191D60EEE-FollowerState: change to CANDIDATE, lastRpcElapsedTime:1197403711ns, electionTimeout:1196ms
2025-07-27 04:39:38,244 [c1327a8c-71b7-4605-98e6-996d8ace38a9@group-844191D60EEE-FollowerState] INFO  impl.RoleInfo (RoleInfo.java:shutdownFollowerState(121)) - c1327a8c-71b7-4605-98e6-996d8ace38a9: shutdown c1327a8c-71b7-4605-98e6-996d8ace38a9@group-844191D60EEE-FollowerState
2025-07-27 04:39:38,244 [c1327a8c-71b7-4605-98e6-996d8ace38a9@group-844191D60EEE-FollowerState] INFO  server.RaftServer$Division (RaftServerImpl.java:setRole(392)) - c1327a8c-71b7-4605-98e6-996d8ace38a9@group-844191D60EEE: changes role from  FOLLOWER to CANDIDATE at term 0 for changeToCandidate
2025-07-27 04:39:38,244 [c1327a8c-71b7-4605-98e6-996d8ace38a9@group-844191D60EEE-FollowerState] INFO  impl.RoleInfo (RoleInfo.java:updateAndGet(148)) - c1327a8c-71b7-4605-98e6-996d8ace38a9: start c1327a8c-71b7-4605-98e6-996d8ace38a9@group-844191D60EEE-LeaderElection5
2025-07-27 04:39:38,244 [c1327a8c-71b7-4605-98e6-996d8ace38a9@group-844191D60EEE-LeaderElection5] INFO  impl.LeaderElection (LeaderElection.java:askForVotes(448)) - c1327a8c-71b7-4605-98e6-996d8ace38a9@group-844191D60EEE-LeaderElection5 PRE_VOTE round 0: submit vote requests at term 0 for conf: {index: -1, cur=peers:[c1327a8c-71b7-4605-98e6-996d8ace38a9|127.0.0.1:15017, f71b517f-2361-4434-922a-3423737067f9|127.0.0.1:15025, 03318119-e9ed-4ea7-a7fd-1ba78babdf30|127.0.0.1:15033]|listeners:[], old=null}
2025-07-27 04:39:38,247 [c1327a8c-71b7-4605-98e6-996d8ace38a9@group-844191D60EEE-LeaderElection5-1] INFO  server.GrpcServerProtocolClient (GrpcServerProtocolClient.java:<init>(65)) - Build channel for f71b517f-2361-4434-922a-3423737067f9|127.0.0.1:15025
2025-07-27 04:39:38,247 [c1327a8c-71b7-4605-98e6-996d8ace38a9@group-844191D60EEE-LeaderElection5-2] INFO  server.GrpcServerProtocolClient (GrpcServerProtocolClient.java:<init>(65)) - Build channel for 03318119-e9ed-4ea7-a7fd-1ba78babdf30|127.0.0.1:15033
2025-07-27 04:39:38,255 [grpc-default-executor-0] INFO  server.RaftServer$Division (RaftServerImpl.java:requestVote(1421)) - f71b517f-2361-4434-922a-3423737067f9@group-844191D60EEE: receive requestVote(PRE_VOTE, c1327a8c-71b7-4605-98e6-996d8ace38a9, group-844191D60EEE, 0, <PROTO_DEFAULT>)
2025-07-27 04:39:38,255 [grpc-default-executor-1] INFO  server.RaftServer$Division (RaftServerImpl.java:requestVote(1421)) - 03318119-e9ed-4ea7-a7fd-1ba78babdf30@group-844191D60EEE: receive requestVote(PRE_VOTE, c1327a8c-71b7-4605-98e6-996d8ace38a9, group-844191D60EEE, 0, <PROTO_DEFAULT>)
2025-07-27 04:39:38,256 [grpc-default-executor-1] INFO  impl.VoteContext (VoteContext.java:log(49)) - 03318119-e9ed-4ea7-a7fd-1ba78babdf30@group-844191D60EEE-FOLLOWER: accept PRE_VOTE from c1327a8c-71b7-4605-98e6-996d8ace38a9: our priority 0 <= candidate's priority 1
2025-07-27 04:39:38,256 [grpc-default-executor-0] INFO  impl.VoteContext (VoteContext.java:log(49)) - f71b517f-2361-4434-922a-3423737067f9@group-844191D60EEE-FOLLOWER: accept PRE_VOTE from c1327a8c-71b7-4605-98e6-996d8ace38a9: our priority 0 <= candidate's priority 1
2025-07-27 04:39:38,259 [grpc-default-executor-1] INFO  server.RaftServer$Division (RaftServerImpl.java:requestVote(1455)) - 03318119-e9ed-4ea7-a7fd-1ba78babdf30@group-844191D60EEE replies to PRE_VOTE vote request: c1327a8c-71b7-4605-98e6-996d8ace38a9<-03318119-e9ed-4ea7-a7fd-1ba78babdf30#0:OK-t0-last:<INITIAL_VALUE>. Peer's state: 03318119-e9ed-4ea7-a7fd-1ba78babdf30@group-844191D60EEE:t0, leader=null, voted=, raftlog=Memoized:03318119-e9ed-4ea7-a7fd-1ba78babdf30@group-844191D60EEE-SegmentedRaftLog:OPENED:c-1:lastnull, conf=conf: {index: -1, cur=peers:[c1327a8c-71b7-4605-98e6-996d8ace38a9|127.0.0.1:15017, f71b517f-2361-4434-922a-3423737067f9|127.0.0.1:15025, 03318119-e9ed-4ea7-a7fd-1ba78babdf30|127.0.0.1:15033]|listeners:[], old=null}
2025-07-27 04:39:38,259 [grpc-default-executor-0] INFO  server.RaftServer$Division (RaftServerImpl.java:requestVote(1455)) - f71b517f-2361-4434-922a-3423737067f9@group-844191D60EEE replies to PRE_VOTE vote request: c1327a8c-71b7-4605-98e6-996d8ace38a9<-f71b517f-2361-4434-922a-3423737067f9#0:OK-t0-last:<INITIAL_VALUE>. Peer's state: f71b517f-2361-4434-922a-3423737067f9@group-844191D60EEE:t0, leader=null, voted=, raftlog=Memoized:f71b517f-2361-4434-922a-3423737067f9@group-844191D60EEE-SegmentedRaftLog:OPENED:c-1:lastnull, conf=conf: {index: -1, cur=peers:[c1327a8c-71b7-4605-98e6-996d8ace38a9|127.0.0.1:15017, f71b517f-2361-4434-922a-3423737067f9|127.0.0.1:15025, 03318119-e9ed-4ea7-a7fd-1ba78babdf30|127.0.0.1:15033]|listeners:[], old=null}
2025-07-27 04:39:38,260 [c1327a8c-71b7-4605-98e6-996d8ace38a9@group-844191D60EEE-LeaderElection5] INFO  impl.LeaderElection (LeaderElection.java:logAndReturn(206)) - c1327a8c-71b7-4605-98e6-996d8ace38a9@group-844191D60EEE-LeaderElection5: PRE_VOTE PASSED received 1 response(s) and 0 exception(s):
2025-07-27 04:39:38,260 [c1327a8c-71b7-4605-98e6-996d8ace38a9@group-844191D60EEE-LeaderElection5] INFO  impl.LeaderElection (LeaderElection.java:logAndReturn(210)) -   Response 0: c1327a8c-71b7-4605-98e6-996d8ace38a9<-03318119-e9ed-4ea7-a7fd-1ba78babdf30#0:OK-t0-last:<INITIAL_VALUE>
2025-07-27 04:39:38,261 [c1327a8c-71b7-4605-98e6-996d8ace38a9@group-844191D60EEE-LeaderElection5] INFO  impl.LeaderElection (LeaderElection.java:askForVotes(450)) - c1327a8c-71b7-4605-98e6-996d8ace38a9@group-844191D60EEE-LeaderElection5 PRE_VOTE round 0: result PASSED
2025-07-27 04:39:38,262 [c1327a8c-71b7-4605-98e6-996d8ace38a9@group-844191D60EEE-LeaderElection5] INFO  impl.LeaderElection (LeaderElection.java:askForVotes(448)) - c1327a8c-71b7-4605-98e6-996d8ace38a9@group-844191D60EEE-LeaderElection5 ELECTION round 0: submit vote requests at term 1 for conf: {index: -1, cur=peers:[c1327a8c-71b7-4605-98e6-996d8ace38a9|127.0.0.1:15017, f71b517f-2361-4434-922a-3423737067f9|127.0.0.1:15025, 03318119-e9ed-4ea7-a7fd-1ba78babdf30|127.0.0.1:15033]|listeners:[], old=null}
2025-07-27 04:39:38,265 [grpc-default-executor-0] INFO  server.RaftServer$Division (RaftServerImpl.java:requestVote(1421)) - 03318119-e9ed-4ea7-a7fd-1ba78babdf30@group-844191D60EEE: receive requestVote(ELECTION, c1327a8c-71b7-4605-98e6-996d8ace38a9, group-844191D60EEE, 1, <PROTO_DEFAULT>)
2025-07-27 04:39:38,265 [grpc-default-executor-1] INFO  server.RaftServer$Division (RaftServerImpl.java:requestVote(1421)) - f71b517f-2361-4434-922a-3423737067f9@group-844191D60EEE: receive requestVote(ELECTION, c1327a8c-71b7-4605-98e6-996d8ace38a9, group-844191D60EEE, 1, <PROTO_DEFAULT>)
2025-07-27 04:39:38,265 [grpc-default-executor-1] INFO  impl.VoteContext (VoteContext.java:log(49)) - f71b517f-2361-4434-922a-3423737067f9@group-844191D60EEE-FOLLOWER: accept ELECTION from c1327a8c-71b7-4605-98e6-996d8ace38a9: our priority 0 <= candidate's priority 1
2025-07-27 04:39:38,265 [grpc-default-executor-1] INFO  server.RaftServer$Division (RaftServerImpl.java:setRole(392)) - f71b517f-2361-4434-922a-3423737067f9@group-844191D60EEE: changes role from  FOLLOWER to FOLLOWER at term 0 for candidate:c1327a8c-71b7-4605-98e6-996d8ace38a9
2025-07-27 04:39:38,265 [grpc-default-executor-1] INFO  impl.RoleInfo (RoleInfo.java:shutdownFollowerState(121)) - f71b517f-2361-4434-922a-3423737067f9: shutdown f71b517f-2361-4434-922a-3423737067f9@group-844191D60EEE-FollowerState
2025-07-27 04:39:38,266 [grpc-default-executor-1] INFO  impl.RoleInfo (RoleInfo.java:updateAndGet(148)) - f71b517f-2361-4434-922a-3423737067f9: start f71b517f-2361-4434-922a-3423737067f9@group-844191D60EEE-FollowerState
2025-07-27 04:39:38,266 [grpc-default-executor-1] INFO  server.RaftServer$Division (RaftServerImpl.java:setFirstElection(576)) - f71b517f-2361-4434-922a-3423737067f9@group-844191D60EEE: set firstElectionSinceStartup to false for candidate:c1327a8c-71b7-4605-98e6-996d8ace38a9
2025-07-27 04:39:38,265 [grpc-default-executor-0] INFO  impl.VoteContext (VoteContext.java:log(49)) - 03318119-e9ed-4ea7-a7fd-1ba78babdf30@group-844191D60EEE-FOLLOWER: accept ELECTION from c1327a8c-71b7-4605-98e6-996d8ace38a9: our priority 0 <= candidate's priority 1
2025-07-27 04:39:38,266 [grpc-default-executor-0] INFO  server.RaftServer$Division (RaftServerImpl.java:setRole(392)) - 03318119-e9ed-4ea7-a7fd-1ba78babdf30@group-844191D60EEE: changes role from  FOLLOWER to FOLLOWER at term 0 for candidate:c1327a8c-71b7-4605-98e6-996d8ace38a9
2025-07-27 04:39:38,266 [grpc-default-executor-0] INFO  impl.RoleInfo (RoleInfo.java:shutdownFollowerState(121)) - 03318119-e9ed-4ea7-a7fd-1ba78babdf30: shutdown 03318119-e9ed-4ea7-a7fd-1ba78babdf30@group-844191D60EEE-FollowerState
2025-07-27 04:39:38,267 [grpc-default-executor-0] INFO  impl.RoleInfo (RoleInfo.java:updateAndGet(148)) - 03318119-e9ed-4ea7-a7fd-1ba78babdf30: start 03318119-e9ed-4ea7-a7fd-1ba78babdf30@group-844191D60EEE-FollowerState
2025-07-27 04:39:38,267 [grpc-default-executor-0] INFO  server.RaftServer$Division (RaftServerImpl.java:setFirstElection(576)) - 03318119-e9ed-4ea7-a7fd-1ba78babdf30@group-844191D60EEE: set firstElectionSinceStartup to false for candidate:c1327a8c-71b7-4605-98e6-996d8ace38a9
2025-07-27 04:39:38,267 [f71b517f-2361-4434-922a-3423737067f9@group-844191D60EEE-FollowerState] INFO  impl.FollowerState (FollowerState.java:runImpl(170)) - f71b517f-2361-4434-922a-3423737067f9@group-844191D60EEE-FollowerState was interrupted
2025-07-27 04:39:38,267 [03318119-e9ed-4ea7-a7fd-1ba78babdf30@group-844191D60EEE-FollowerState] INFO  impl.FollowerState (FollowerState.java:runImpl(170)) - 03318119-e9ed-4ea7-a7fd-1ba78babdf30@group-844191D60EEE-FollowerState was interrupted
2025-07-27 04:39:38,268 [grpc-default-executor-0] INFO  server.RaftServer$Division (RaftServerImpl.java:requestVote(1455)) - 03318119-e9ed-4ea7-a7fd-1ba78babdf30@group-844191D60EEE replies to ELECTION vote request: c1327a8c-71b7-4605-98e6-996d8ace38a9<-03318119-e9ed-4ea7-a7fd-1ba78babdf30#0:OK-t1-last:<INITIAL_VALUE>. Peer's state: 03318119-e9ed-4ea7-a7fd-1ba78babdf30@group-844191D60EEE:t1, leader=null, voted=c1327a8c-71b7-4605-98e6-996d8ace38a9, raftlog=Memoized:03318119-e9ed-4ea7-a7fd-1ba78babdf30@group-844191D60EEE-SegmentedRaftLog:OPENED:c-1:lastnull, conf=conf: {index: -1, cur=peers:[c1327a8c-71b7-4605-98e6-996d8ace38a9|127.0.0.1:15017, f71b517f-2361-4434-922a-3423737067f9|127.0.0.1:15025, 03318119-e9ed-4ea7-a7fd-1ba78babdf30|127.0.0.1:15033]|listeners:[], old=null}
2025-07-27 04:39:38,268 [grpc-default-executor-1] INFO  server.RaftServer$Division (RaftServerImpl.java:requestVote(1455)) - f71b517f-2361-4434-922a-3423737067f9@group-844191D60EEE replies to ELECTION vote request: c1327a8c-71b7-4605-98e6-996d8ace38a9<-f71b517f-2361-4434-922a-3423737067f9#0:OK-t1-last:<INITIAL_VALUE>. Peer's state: f71b517f-2361-4434-922a-3423737067f9@group-844191D60EEE:t1, leader=null, voted=c1327a8c-71b7-4605-98e6-996d8ace38a9, raftlog=Memoized:f71b517f-2361-4434-922a-3423737067f9@group-844191D60EEE-SegmentedRaftLog:OPENED:c-1:lastnull, conf=conf: {index: -1, cur=peers:[c1327a8c-71b7-4605-98e6-996d8ace38a9|127.0.0.1:15017, f71b517f-2361-4434-922a-3423737067f9|127.0.0.1:15025, 03318119-e9ed-4ea7-a7fd-1ba78babdf30|127.0.0.1:15033]|listeners:[], old=null}
2025-07-27 04:39:38,270 [c1327a8c-71b7-4605-98e6-996d8ace38a9@group-844191D60EEE-LeaderElection5] INFO  impl.LeaderElection (LeaderElection.java:logAndReturn(206)) - c1327a8c-71b7-4605-98e6-996d8ace38a9@group-844191D60EEE-LeaderElection5: ELECTION PASSED received 1 response(s) and 0 exception(s):
2025-07-27 04:39:38,270 [c1327a8c-71b7-4605-98e6-996d8ace38a9@group-844191D60EEE-LeaderElection5] INFO  impl.LeaderElection (LeaderElection.java:logAndReturn(210)) -   Response 0: c1327a8c-71b7-4605-98e6-996d8ace38a9<-f71b517f-2361-4434-922a-3423737067f9#0:OK-t1-last:<INITIAL_VALUE>
2025-07-27 04:39:38,270 [c1327a8c-71b7-4605-98e6-996d8ace38a9@group-844191D60EEE-LeaderElection5] INFO  impl.LeaderElection (LeaderElection.java:askForVotes(450)) - c1327a8c-71b7-4605-98e6-996d8ace38a9@group-844191D60EEE-LeaderElection5 ELECTION round 0: result PASSED
2025-07-27 04:39:38,270 [c1327a8c-71b7-4605-98e6-996d8ace38a9@group-844191D60EEE-LeaderElection5] INFO  impl.RoleInfo (RoleInfo.java:shutdownLeaderElection(141)) - c1327a8c-71b7-4605-98e6-996d8ace38a9: shutdown c1327a8c-71b7-4605-98e6-996d8ace38a9@group-844191D60EEE-LeaderElection5
2025-07-27 04:39:38,270 [c1327a8c-71b7-4605-98e6-996d8ace38a9@group-844191D60EEE-LeaderElection5] INFO  server.RaftServer$Division (RaftServerImpl.java:setRole(392)) - c1327a8c-71b7-4605-98e6-996d8ace38a9@group-844191D60EEE: changes role from CANDIDATE to LEADER at term 1 for changeToLeader
2025-07-27 04:39:38,270 [c1327a8c-71b7-4605-98e6-996d8ace38a9@group-844191D60EEE-LeaderElection5] INFO  server.RaftServerConfigKeys (ConfUtils.java:logFallback(69)) - raft.server.staging.timeout = 15600ms (fallback to raft.server.rpc.timeout.max)
2025-07-27 04:39:38,271 [c1327a8c-71b7-4605-98e6-996d8ace38a9@group-844191D60EEE-LeaderElection5] INFO  server.RaftServerConfigKeys (ConfUtils.java:logGet(62)) - raft.server.write.byte-limit = 1024 M (=1073741824) (custom)
2025-07-27 04:39:38,277 [c1327a8c-71b7-4605-98e6-996d8ace38a9@group-844191D60EEE-LeaderElection5] INFO  server.RaftServerConfigKeys (ConfUtils.java:logGet(62)) - raft.server.log.appender.snapshot.chunk.size.max = 16MB (=16777216) (default)
2025-07-27 04:39:38,277 [c1327a8c-71b7-4605-98e6-996d8ace38a9@group-844191D60EEE-LeaderElection5] INFO  server.RaftServerConfigKeys (ConfUtils.java:logGet(62)) - raft.server.log.appender.buffer.byte-limit = 33554432 (custom)
2025-07-27 04:39:38,277 [c1327a8c-71b7-4605-98e6-996d8ace38a9@group-844191D60EEE-LeaderElection5] INFO  server.RaftServerConfigKeys (ConfUtils.java:logGet(62)) - raft.server.log.appender.buffer.element-limit = 1024 (custom)
2025-07-27 04:39:38,278 [c1327a8c-71b7-4605-98e6-996d8ace38a9@group-844191D60EEE-LeaderElection5] INFO  server.RaftServerConfigKeys (ConfUtils.java:logGet(62)) - raft.server.log.appender.wait-time.min = 0μs (custom)
2025-07-27 04:39:38,279 [c1327a8c-71b7-4605-98e6-996d8ace38a9@group-844191D60EEE-LeaderElection5] INFO  grpc.GrpcConfigKeys (ConfUtils.java:logGet(62)) - raft.grpc.server.leader.outstanding.appends.max = 8 (default)
2025-07-27 04:39:38,279 [c1327a8c-71b7-4605-98e6-996d8ace38a9@group-844191D60EEE-LeaderElection5] INFO  grpc.GrpcConfigKeys (ConfUtils.java:logGet(62)) - raft.grpc.server.install_snapshot.request.element-limit = 8 (default)
2025-07-27 04:39:38,280 [c1327a8c-71b7-4605-98e6-996d8ace38a9@group-844191D60EEE-LeaderElection5] INFO  grpc.GrpcConfigKeys (ConfUtils.java:logGet(62)) - raft.grpc.server.install_snapshot.request.timeout = 3000ms (default)
2025-07-27 04:39:38,280 [c1327a8c-71b7-4605-98e6-996d8ace38a9@group-844191D60EEE-LeaderElection5] INFO  grpc.GrpcConfigKeys (ConfUtils.java:logGet(62)) - raft.grpc.server.log-message.batch.duration = 5s (default)
2025-07-27 04:39:38,282 [c1327a8c-71b7-4605-98e6-996d8ace38a9@group-844191D60EEE-LeaderElection5] INFO  server.RaftServerConfigKeys (ConfUtils.java:logGet(62)) - raft.server.log.appender.buffer.byte-limit = 33554432 (custom)
2025-07-27 04:39:38,283 [c1327a8c-71b7-4605-98e6-996d8ace38a9@group-844191D60EEE-LeaderElection5] INFO  impl.RoleInfo (RoleInfo.java:updateAndGet(148)) - c1327a8c-71b7-4605-98e6-996d8ace38a9: start c1327a8c-71b7-4605-98e6-996d8ace38a9@group-844191D60EEE-LeaderStateImpl
2025-07-27 04:39:38,283 [c1327a8c-71b7-4605-98e6-996d8ace38a9@group-844191D60EEE-LeaderElection5] INFO  server.RaftServer$Division (RaftServerImpl.java:setFirstElection(576)) - c1327a8c-71b7-4605-98e6-996d8ace38a9@group-844191D60EEE: set firstElectionSinceStartup to false for becomeLeader
2025-07-27 04:39:38,283 [c1327a8c-71b7-4605-98e6-996d8ace38a9@group-844191D60EEE-LeaderElection5] INFO  ratis.XceiverServerRatis (XceiverServerRatis.java:handleLeaderChangedNotification(944)) - Leader change notification received for group: group-844191D60EEE with new leaderId: c1327a8c-71b7-4605-98e6-996d8ace38a9
2025-07-27 04:39:38,284 [c1327a8c-71b7-4605-98e6-996d8ace38a9@group-844191D60EEE-LeaderElection5] INFO  server.RaftServer$Division (ServerState.java:setLeader(272)) - c1327a8c-71b7-4605-98e6-996d8ace38a9@group-844191D60EEE: change Leader from null to c1327a8c-71b7-4605-98e6-996d8ace38a9 at term 1 for becomeLeader, leader elected after 1268ms
2025-07-27 04:39:38,284 [c1327a8c-71b7-4605-98e6-996d8ace38a9@group-844191D60EEE-LeaderElection5] INFO  segmented.SegmentedRaftLogWorker (SegmentedRaftLogWorker.java:startLogSegment(440)) - c1327a8c-71b7-4605-98e6-996d8ace38a9@group-844191D60EEE-SegmentedRaftLogWorker: Starting segment from index:0
2025-07-27 04:39:38,285 [c1327a8c-71b7-4605-98e6-996d8ace38a9@group-844191D60EEE-LeaderElection5] INFO  server.RaftServer$Division (ServerState.java:setRaftConf(386)) - c1327a8c-71b7-4605-98e6-996d8ace38a9@group-844191D60EEE: set configuration conf: {index: 0, cur=peers:[c1327a8c-71b7-4605-98e6-996d8ace38a9|127.0.0.1:15017, f71b517f-2361-4434-922a-3423737067f9|127.0.0.1:15025, 03318119-e9ed-4ea7-a7fd-1ba78babdf30|127.0.0.1:15033]|listeners:[], old=null}
2025-07-27 04:39:38,286 [EventQueue-PipelineReportForOneReplicaPipelineSafeModeRule] INFO  safemode.SCMSafeModeManager (SCMSafeModeManager.java:validateSafeModeExitRules(138)) - AtleastOneDatanodeReportedRule rule is successfully validated
2025-07-27 04:39:38,286 [Recon-EventQueue-PipelineReportForReconPipelineReportHandler] INFO  scm.ReconPipelineReportHandler (ReconPipelineReportHandler.java:processPipelineReport(102)) - Pipeline RATIS/THREE Pipeline-199c07c1-96ea-450c-a138-7415e04e75e3 reported by c1327a8c-71b7-4605-98e6-996d8ace38a9(localhost/127.0.0.1)
2025-07-27 04:39:38,287 [Recon-EventQueue-PipelineReportForReconPipelineReportHandler] INFO  scm.ReconPipelineReportHandler (ReconPipelineReportHandler.java:processPipelineReport(102)) - Pipeline RATIS/THREE Pipeline-09ca9575-12cb-4a07-b686-844191d60eee reported by c1327a8c-71b7-4605-98e6-996d8ace38a9(localhost/127.0.0.1)
2025-07-27 04:39:38,287 [c1327a8c-71b7-4605-98e6-996d8ace38a9@group-844191D60EEE-SegmentedRaftLogWorker] INFO  segmented.BufferedWriteChannel (BufferedWriteChannel.java:open(61)) - open log_inprogress_0 at position 0
2025-07-27 04:39:38,291 [f71b517f-2361-4434-922a-3423737067f9@group-23BD95EBD7A2-FollowerState] INFO  impl.FollowerState (FollowerState.java:runImpl(161)) - f71b517f-2361-4434-922a-3423737067f9@group-23BD95EBD7A2-FollowerState: change to CANDIDATE, lastRpcElapsedTime:1066519955ns, electionTimeout:1066ms
2025-07-27 04:39:38,291 [f71b517f-2361-4434-922a-3423737067f9@group-23BD95EBD7A2-FollowerState] INFO  impl.RoleInfo (RoleInfo.java:shutdownFollowerState(121)) - f71b517f-2361-4434-922a-3423737067f9: shutdown f71b517f-2361-4434-922a-3423737067f9@group-23BD95EBD7A2-FollowerState
2025-07-27 04:39:38,291 [f71b517f-2361-4434-922a-3423737067f9@group-23BD95EBD7A2-FollowerState] INFO  server.RaftServer$Division (RaftServerImpl.java:setRole(392)) - f71b517f-2361-4434-922a-3423737067f9@group-23BD95EBD7A2: changes role from  FOLLOWER to CANDIDATE at term 0 for changeToCandidate
2025-07-27 04:39:38,291 [f71b517f-2361-4434-922a-3423737067f9@group-23BD95EBD7A2-FollowerState] INFO  impl.RoleInfo (RoleInfo.java:updateAndGet(148)) - f71b517f-2361-4434-922a-3423737067f9: start f71b517f-2361-4434-922a-3423737067f9@group-23BD95EBD7A2-LeaderElection6
2025-07-27 04:39:38,293 [f71b517f-2361-4434-922a-3423737067f9@group-23BD95EBD7A2-LeaderElection6] INFO  impl.LeaderElection (LeaderElection.java:askForVotes(448)) - f71b517f-2361-4434-922a-3423737067f9@group-23BD95EBD7A2-LeaderElection6 PRE_VOTE round 0: submit vote requests at term 0 for conf: {index: -1, cur=peers:[f71b517f-2361-4434-922a-3423737067f9|127.0.0.1:15025]|listeners:[], old=null}
2025-07-27 04:39:38,293 [f71b517f-2361-4434-922a-3423737067f9@group-23BD95EBD7A2-LeaderElection6] INFO  impl.LeaderElection (LeaderElection.java:askForVotes(450)) - f71b517f-2361-4434-922a-3423737067f9@group-23BD95EBD7A2-LeaderElection6 PRE_VOTE round 0: result PASSED (term=0)
2025-07-27 04:39:38,295 [f71b517f-2361-4434-922a-3423737067f9@group-23BD95EBD7A2-LeaderElection6] INFO  impl.LeaderElection (LeaderElection.java:askForVotes(448)) - f71b517f-2361-4434-922a-3423737067f9@group-23BD95EBD7A2-LeaderElection6 ELECTION round 0: submit vote requests at term 1 for conf: {index: -1, cur=peers:[f71b517f-2361-4434-922a-3423737067f9|127.0.0.1:15025]|listeners:[], old=null}
2025-07-27 04:39:38,296 [f71b517f-2361-4434-922a-3423737067f9@group-23BD95EBD7A2-LeaderElection6] INFO  impl.LeaderElection (LeaderElection.java:askForVotes(450)) - f71b517f-2361-4434-922a-3423737067f9@group-23BD95EBD7A2-LeaderElection6 ELECTION round 0: result PASSED (term=1)
2025-07-27 04:39:38,296 [f71b517f-2361-4434-922a-3423737067f9@group-23BD95EBD7A2-LeaderElection6] INFO  impl.RoleInfo (RoleInfo.java:shutdownLeaderElection(141)) - f71b517f-2361-4434-922a-3423737067f9: shutdown f71b517f-2361-4434-922a-3423737067f9@group-23BD95EBD7A2-LeaderElection6
2025-07-27 04:39:38,296 [f71b517f-2361-4434-922a-3423737067f9@group-23BD95EBD7A2-LeaderElection6] INFO  server.RaftServer$Division (RaftServerImpl.java:setRole(392)) - f71b517f-2361-4434-922a-3423737067f9@group-23BD95EBD7A2: changes role from CANDIDATE to LEADER at term 1 for changeToLeader
2025-07-27 04:39:38,296 [c1327a8c-71b7-4605-98e6-996d8ace38a9@group-844191D60EEE-SegmentedRaftLogWorker] INFO  segmented.SegmentedRaftLogWorker (SegmentedRaftLogWorker.java:execute(647)) - c1327a8c-71b7-4605-98e6-996d8ace38a9@group-844191D60EEE-SegmentedRaftLogWorker: created new log segment /home/runner/work/ozone/ozone/hadoop-ozone/integration-test-recon/target/test-dir/MiniOzoneClusterImpl-1e09403d-52eb-479c-879f-dc89daf7eeb0/ozone-meta/datanode-1/ratis/09ca9575-12cb-4a07-b686-844191d60eee/current/log_inprogress_0
2025-07-27 04:39:38,298 [f71b517f-2361-4434-922a-3423737067f9@group-23BD95EBD7A2-LeaderElection6] INFO  server.RaftServerConfigKeys (ConfUtils.java:logFallback(69)) - raft.server.staging.timeout = 15600ms (fallback to raft.server.rpc.timeout.max)
2025-07-27 04:39:38,299 [f71b517f-2361-4434-922a-3423737067f9@group-23BD95EBD7A2-LeaderElection6] INFO  server.RaftServerConfigKeys (ConfUtils.java:logGet(62)) - raft.server.write.byte-limit = 1024 M (=1073741824) (custom)
2025-07-27 04:39:38,299 [b5edd741-2039-4d1d-94cc-17e91a98dfa9@group-DC89DAF7EEB0-StateMachineUpdater] INFO  safemode.SCMSafeModeManager (SCMSafeModeManager.java:validateSafeModeExitRules(138)) - DataNodeSafeModeRule rule is successfully validated
2025-07-27 04:39:38,299 [b5edd741-2039-4d1d-94cc-17e91a98dfa9@group-DC89DAF7EEB0-StateMachineUpdater] INFO  safemode.SCMSafeModeManager (SCMSafeModeManager.java:validateSafeModeExitRules(138)) - RatisContainerSafeModeRule rule is successfully validated
2025-07-27 04:39:38,299 [b5edd741-2039-4d1d-94cc-17e91a98dfa9@group-DC89DAF7EEB0-StateMachineUpdater] INFO  safemode.HealthyPipelineSafeModeRule (HealthyPipelineSafeModeRule.java:initializeRule(228)) - Refreshed total pipeline count is 1, healthy pipeline threshold count is 1
2025-07-27 04:39:38,299 [b5edd741-2039-4d1d-94cc-17e91a98dfa9@group-DC89DAF7EEB0-StateMachineUpdater] INFO  safemode.SCMSafeModeManager (SCMSafeModeManager.java:validateSafeModeExitRules(138)) - ECContainerSafeModeRule rule is successfully validated
2025-07-27 04:39:38,299 [b5edd741-2039-4d1d-94cc-17e91a98dfa9@group-DC89DAF7EEB0-StateMachineUpdater] INFO  safemode.SCMSafeModeManager (SCMSafeModeManager.java:validateSafeModeExitRules(138)) - AtleastOneDatanodeReportedRule rule is successfully validated
2025-07-27 04:39:38,301 [EventQueue-PipelineReportForPipelineReportHandler] INFO  pipeline.PipelineReportHandler (PipelineReportHandler.java:processPipelineReport(134)) - Opened pipeline Pipeline-09ca9575-12cb-4a07-b686-844191d60eee
2025-07-27 04:39:38,301 [EventQueue-OpenPipelineForHealthyPipelineSafeModeRule] INFO  safemode.SCMSafeModeManager (HealthyPipelineSafeModeRule.java:process(196)) - SCM in safe mode. Healthy pipelines reported count is 1, required healthy pipeline reported count is 1
2025-07-27 04:39:38,302 [EventQueue-OpenPipelineForHealthyPipelineSafeModeRule] INFO  safemode.SCMSafeModeManager (SCMSafeModeManager.java:validateSafeModeExitRules(138)) - HealthyPipelineSafeModeRule rule is successfully validated
2025-07-27 04:39:38,302 [EventQueue-OpenPipelineForHealthyPipelineSafeModeRule] INFO  safemode.SCMSafeModeManager (SCMSafeModeManager.java:validateSafeModeExitRules(158)) - ScmSafeModeManager, all rules are successfully validated
2025-07-27 04:39:38,302 [EventQueue-OpenPipelineForHealthyPipelineSafeModeRule] INFO  safemode.SCMSafeModeManager (SCMSafeModeManager.java:validateSafeModeExitRules(159)) - SCM exiting safe mode.
2025-07-27 04:39:38,302 [EventQueue-OpenPipelineForHealthyPipelineSafeModeRule] INFO  ha.SCMContext (SCMContext.java:updateSafeModeStatus(224)) - Update SafeModeStatus from SafeModeStatus{safeModeStatus=true, preCheckPassed=true} to SafeModeStatus{safeModeStatus=false, preCheckPassed=true}.
2025-07-27 04:39:38,302 [EventQueue-OpenPipelineForHealthyPipelineSafeModeRule] INFO  BackgroundPipelineScrubber (BackgroundSCMService.java:notifyStatusChanged(78)) - Service BackgroundPipelineScrubber transitions to RUNNING.
2025-07-27 04:39:38,302 [EventQueue-OpenPipelineForHealthyPipelineSafeModeRule] INFO  ExpiredContainerReplicaOpScrubber (BackgroundSCMService.java:notifyStatusChanged(78)) - Service ExpiredContainerReplicaOpScrubber transitions to RUNNING.
2025-07-27 04:39:38,302 [f71b517f-2361-4434-922a-3423737067f9@group-23BD95EBD7A2-LeaderElection6] INFO  impl.RoleInfo (RoleInfo.java:updateAndGet(148)) - f71b517f-2361-4434-922a-3423737067f9: start f71b517f-2361-4434-922a-3423737067f9@group-23BD95EBD7A2-LeaderStateImpl
2025-07-27 04:39:38,302 [f71b517f-2361-4434-922a-3423737067f9@group-23BD95EBD7A2-LeaderElection6] INFO  server.RaftServer$Division (RaftServerImpl.java:setFirstElection(576)) - f71b517f-2361-4434-922a-3423737067f9@group-23BD95EBD7A2: set firstElectionSinceStartup to false for becomeLeader
2025-07-27 04:39:38,302 [f71b517f-2361-4434-922a-3423737067f9@group-23BD95EBD7A2-LeaderElection6] INFO  ratis.XceiverServerRatis (XceiverServerRatis.java:handleLeaderChangedNotification(944)) - Leader change notification received for group: group-23BD95EBD7A2 with new leaderId: f71b517f-2361-4434-922a-3423737067f9
2025-07-27 04:39:38,302 [EventQueue-OpenPipelineForHealthyPipelineSafeModeRule] INFO  block.SCMBlockDeletingService (SCMBlockDeletingService.java:notifyStatusChanged(265)) - notifyStatusChanged:RUNNING
2025-07-27 04:39:38,303 [EventQueue-OpenPipelineForHealthyPipelineSafeModeRule] INFO  replication.ReplicationManager (ReplicationManager.java:notifyStatusChanged(1387)) - Service ReplicationManager transitions to RUNNING.
2025-07-27 04:39:38,303 [f71b517f-2361-4434-922a-3423737067f9@group-23BD95EBD7A2-LeaderElection6] INFO  server.RaftServer$Division (ServerState.java:setLeader(272)) - f71b517f-2361-4434-922a-3423737067f9@group-23BD95EBD7A2: change Leader from null to f71b517f-2361-4434-922a-3423737067f9 at term 1 for becomeLeader, leader elected after 1105ms
2025-07-27 04:39:38,303 [f71b517f-2361-4434-922a-3423737067f9@group-23BD95EBD7A2-LeaderElection6] INFO  segmented.SegmentedRaftLogWorker (SegmentedRaftLogWorker.java:startLogSegment(440)) - f71b517f-2361-4434-922a-3423737067f9@group-23BD95EBD7A2-SegmentedRaftLogWorker: Starting segment from index:0
2025-07-27 04:39:38,303 [f71b517f-2361-4434-922a-3423737067f9@group-23BD95EBD7A2-LeaderElection6] INFO  server.RaftServer$Division (ServerState.java:setRaftConf(386)) - f71b517f-2361-4434-922a-3423737067f9@group-23BD95EBD7A2: set configuration conf: {index: 0, cur=peers:[f71b517f-2361-4434-922a-3423737067f9|127.0.0.1:15025]|listeners:[], old=null}
2025-07-27 04:39:38,302 [grpc-default-executor-3] INFO  ratis.XceiverServerRatis (XceiverServerRatis.java:handleLeaderChangedNotification(944)) - Leader change notification received for group: group-844191D60EEE with new leaderId: c1327a8c-71b7-4605-98e6-996d8ace38a9
2025-07-27 04:39:38,303 [grpc-default-executor-3] INFO  server.RaftServer$Division (ServerState.java:setLeader(272)) - f71b517f-2361-4434-922a-3423737067f9@group-844191D60EEE: change Leader from null to c1327a8c-71b7-4605-98e6-996d8ace38a9 at term 1 for appendEntries, leader elected after 1073ms
2025-07-27 04:39:38,304 [f71b517f-2361-4434-922a-3423737067f9@group-23BD95EBD7A2-SegmentedRaftLogWorker] INFO  segmented.BufferedWriteChannel (BufferedWriteChannel.java:open(61)) - open log_inprogress_0 at position 0
2025-07-27 04:39:38,304 [EventQueue-OpenPipelineForHealthyPipelineSafeModeRule] WARN  balancer.ContainerBalancer (ContainerBalancer.java:shouldRun(136)) - Could not find persisted configuration for ContainerBalancer when checking if ContainerBalancer should run. ContainerBalancer should not run now.
2025-07-27 04:39:38,306 [grpc-default-executor-1] INFO  ratis.XceiverServerRatis (XceiverServerRatis.java:handleLeaderChangedNotification(944)) - Leader change notification received for group: group-844191D60EEE with new leaderId: c1327a8c-71b7-4605-98e6-996d8ace38a9
2025-07-27 04:39:38,307 [grpc-default-executor-1] INFO  server.RaftServer$Division (ServerState.java:setLeader(272)) - 03318119-e9ed-4ea7-a7fd-1ba78babdf30@group-844191D60EEE: change Leader from null to c1327a8c-71b7-4605-98e6-996d8ace38a9 at term 1 for appendEntries, leader elected after 951ms
2025-07-27 04:39:38,308 [EventQueue-OpenPipelineForHealthyPipelineSafeModeRule] INFO  SCMHATransactionMonitor (BackgroundSCMService.java:notifyStatusChanged(78)) - Service SCMHATransactionMonitor transitions to RUNNING.
2025-07-27 04:39:38,310 [grpc-default-executor-2] INFO  server.RaftServer$Division (ServerState.java:setRaftConf(386)) - 03318119-e9ed-4ea7-a7fd-1ba78babdf30@group-844191D60EEE: set configuration conf: {index: 0, cur=peers:[c1327a8c-71b7-4605-98e6-996d8ace38a9|127.0.0.1:15017, f71b517f-2361-4434-922a-3423737067f9|127.0.0.1:15025, 03318119-e9ed-4ea7-a7fd-1ba78babdf30|127.0.0.1:15033]|listeners:[], old=null}
2025-07-27 04:39:38,312 [grpc-default-executor-2] INFO  segmented.SegmentedRaftLogWorker (SegmentedRaftLogWorker.java:startLogSegment(440)) - 03318119-e9ed-4ea7-a7fd-1ba78babdf30@group-844191D60EEE-SegmentedRaftLogWorker: Starting segment from index:0
2025-07-27 04:39:38,313 [Recon-EventQueue-PipelineReportForReconPipelineReportHandler] INFO  scm.ReconPipelineReportHandler (ReconPipelineReportHandler.java:processPipelineReport(102)) - Pipeline RATIS/THREE Pipeline-199c07c1-96ea-450c-a138-7415e04e75e3 reported by f71b517f-2361-4434-922a-3423737067f9(localhost/127.0.0.1)
2025-07-27 04:39:38,313 [03318119-e9ed-4ea7-a7fd-1ba78babdf30@group-844191D60EEE-SegmentedRaftLogWorker] INFO  segmented.BufferedWriteChannel (BufferedWriteChannel.java:open(61)) - open log_inprogress_0 at position 0
2025-07-27 04:39:38,315 [grpc-default-executor-3] INFO  server.RaftServer$Division (ServerState.java:setRaftConf(386)) - f71b517f-2361-4434-922a-3423737067f9@group-844191D60EEE: set configuration conf: {index: 0, cur=peers:[c1327a8c-71b7-4605-98e6-996d8ace38a9|127.0.0.1:15017, f71b517f-2361-4434-922a-3423737067f9|127.0.0.1:15025, 03318119-e9ed-4ea7-a7fd-1ba78babdf30|127.0.0.1:15033]|listeners:[], old=null}
2025-07-27 04:39:38,316 [grpc-default-executor-3] INFO  segmented.SegmentedRaftLogWorker (SegmentedRaftLogWorker.java:startLogSegment(440)) - f71b517f-2361-4434-922a-3423737067f9@group-844191D60EEE-SegmentedRaftLogWorker: Starting segment from index:0
2025-07-27 04:39:38,317 [f71b517f-2361-4434-922a-3423737067f9@group-844191D60EEE-SegmentedRaftLogWorker] INFO  segmented.BufferedWriteChannel (BufferedWriteChannel.java:open(61)) - open log_inprogress_0 at position 0
2025-07-27 04:39:38,318 [f71b517f-2361-4434-922a-3423737067f9@group-23BD95EBD7A2-SegmentedRaftLogWorker] INFO  segmented.SegmentedRaftLogWorker (SegmentedRaftLogWorker.java:execute(647)) - f71b517f-2361-4434-922a-3423737067f9@group-23BD95EBD7A2-SegmentedRaftLogWorker: created new log segment /home/runner/work/ozone/ozone/hadoop-ozone/integration-test-recon/target/test-dir/MiniOzoneClusterImpl-1e09403d-52eb-479c-879f-dc89daf7eeb0/ozone-meta/datanode-2/ratis/67b29df1-6389-4ecf-b6b6-23bd95ebd7a2/current/log_inprogress_0
2025-07-27 04:39:38,323 [03318119-e9ed-4ea7-a7fd-1ba78babdf30@group-844191D60EEE-SegmentedRaftLogWorker] INFO  segmented.SegmentedRaftLogWorker (SegmentedRaftLogWorker.java:execute(647)) - 03318119-e9ed-4ea7-a7fd-1ba78babdf30@group-844191D60EEE-SegmentedRaftLogWorker: created new log segment /home/runner/work/ozone/ozone/hadoop-ozone/integration-test-recon/target/test-dir/MiniOzoneClusterImpl-1e09403d-52eb-479c-879f-dc89daf7eeb0/ozone-meta/datanode-3/ratis/09ca9575-12cb-4a07-b686-844191d60eee/current/log_inprogress_0
2025-07-27 04:39:38,324 [f71b517f-2361-4434-922a-3423737067f9@group-23BD95EBD7A2-StateMachineUpdater] INFO  server.RaftServer$Division (LeaderStateImpl.java:checkStartIndex(309)) - Leader f71b517f-2361-4434-922a-3423737067f9@group-23BD95EBD7A2-LeaderStateImpl is ready since appliedIndex == startIndex == 0
2025-07-27 04:39:38,324 [f71b517f-2361-4434-922a-3423737067f9@group-844191D60EEE-SegmentedRaftLogWorker] INFO  segmented.SegmentedRaftLogWorker (SegmentedRaftLogWorker.java:execute(647)) - f71b517f-2361-4434-922a-3423737067f9@group-844191D60EEE-SegmentedRaftLogWorker: created new log segment /home/runner/work/ozone/ozone/hadoop-ozone/integration-test-recon/target/test-dir/MiniOzoneClusterImpl-1e09403d-52eb-479c-879f-dc89daf7eeb0/ozone-meta/datanode-2/ratis/09ca9575-12cb-4a07-b686-844191d60eee/current/log_inprogress_0
2025-07-27 04:39:38,329 [c1327a8c-71b7-4605-98e6-996d8ace38a9@group-844191D60EEE-StateMachineUpdater] INFO  server.RaftServer$Division (LeaderStateImpl.java:checkStartIndex(309)) - Leader c1327a8c-71b7-4605-98e6-996d8ace38a9@group-844191D60EEE-LeaderStateImpl is ready since appliedIndex == startIndex == 0
2025-07-27 04:39:38,592 [c1327a8c-71b7-4605-98e6-996d8ace38a9@group-7415E04E75E3-FollowerState] INFO  impl.FollowerState (FollowerState.java:runImpl(161)) - c1327a8c-71b7-4605-98e6-996d8ace38a9@group-7415E04E75E3-FollowerState: change to CANDIDATE, lastRpcElapsedTime:1192179920ns, electionTimeout:1190ms
2025-07-27 04:39:38,592 [c1327a8c-71b7-4605-98e6-996d8ace38a9@group-7415E04E75E3-FollowerState] INFO  impl.RoleInfo (RoleInfo.java:shutdownFollowerState(121)) - c1327a8c-71b7-4605-98e6-996d8ace38a9: shutdown c1327a8c-71b7-4605-98e6-996d8ace38a9@group-7415E04E75E3-FollowerState
2025-07-27 04:39:38,592 [c1327a8c-71b7-4605-98e6-996d8ace38a9@group-7415E04E75E3-FollowerState] INFO  server.RaftServer$Division (RaftServerImpl.java:setRole(392)) - c1327a8c-71b7-4605-98e6-996d8ace38a9@group-7415E04E75E3: changes role from  FOLLOWER to CANDIDATE at term 0 for changeToCandidate
2025-07-27 04:39:38,593 [c1327a8c-71b7-4605-98e6-996d8ace38a9@group-7415E04E75E3-FollowerState] INFO  impl.RoleInfo (RoleInfo.java:updateAndGet(148)) - c1327a8c-71b7-4605-98e6-996d8ace38a9: start c1327a8c-71b7-4605-98e6-996d8ace38a9@group-7415E04E75E3-LeaderElection7
2025-07-27 04:39:38,593 [c1327a8c-71b7-4605-98e6-996d8ace38a9@group-7415E04E75E3-LeaderElection7] INFO  impl.LeaderElection (LeaderElection.java:askForVotes(448)) - c1327a8c-71b7-4605-98e6-996d8ace38a9@group-7415E04E75E3-LeaderElection7 PRE_VOTE round 0: submit vote requests at term 0 for conf: {index: -1, cur=peers:[c1327a8c-71b7-4605-98e6-996d8ace38a9|127.0.0.1:15017, f71b517f-2361-4434-922a-3423737067f9|127.0.0.1:15025, 03318119-e9ed-4ea7-a7fd-1ba78babdf30|127.0.0.1:15033]|listeners:[], old=null}
2025-07-27 04:39:38,595 [grpc-default-executor-1] INFO  server.RaftServer$Division (RaftServerImpl.java:requestVote(1421)) - 03318119-e9ed-4ea7-a7fd-1ba78babdf30@group-7415E04E75E3: receive requestVote(PRE_VOTE, c1327a8c-71b7-4605-98e6-996d8ace38a9, group-7415E04E75E3, 0, <PROTO_DEFAULT>)
2025-07-27 04:39:38,595 [grpc-default-executor-1] INFO  impl.VoteContext (VoteContext.java:log(49)) - 03318119-e9ed-4ea7-a7fd-1ba78babdf30@group-7415E04E75E3-FOLLOWER: accept PRE_VOTE from c1327a8c-71b7-4605-98e6-996d8ace38a9: our priority 0 <= candidate's priority 0
2025-07-27 04:39:38,595 [grpc-default-executor-1] INFO  server.RaftServer$Division (RaftServerImpl.java:requestVote(1455)) - 03318119-e9ed-4ea7-a7fd-1ba78babdf30@group-7415E04E75E3 replies to PRE_VOTE vote request: c1327a8c-71b7-4605-98e6-996d8ace38a9<-03318119-e9ed-4ea7-a7fd-1ba78babdf30#0:OK-t0-last:<INITIAL_VALUE>. Peer's state: 03318119-e9ed-4ea7-a7fd-1ba78babdf30@group-7415E04E75E3:t0, leader=null, voted=, raftlog=Memoized:03318119-e9ed-4ea7-a7fd-1ba78babdf30@group-7415E04E75E3-SegmentedRaftLog:OPENED:c-1:lastnull, conf=conf: {index: -1, cur=peers:[c1327a8c-71b7-4605-98e6-996d8ace38a9|127.0.0.1:15017, f71b517f-2361-4434-922a-3423737067f9|127.0.0.1:15025, 03318119-e9ed-4ea7-a7fd-1ba78babdf30|127.0.0.1:15033]|listeners:[], old=null}
2025-07-27 04:39:38,596 [grpc-default-executor-1] INFO  server.RaftServer$Division (RaftServerImpl.java:requestVote(1421)) - f71b517f-2361-4434-922a-3423737067f9@group-7415E04E75E3: receive requestVote(PRE_VOTE, c1327a8c-71b7-4605-98e6-996d8ace38a9, group-7415E04E75E3, 0, <PROTO_DEFAULT>)
2025-07-27 04:39:38,596 [grpc-default-executor-1] INFO  impl.VoteContext (VoteContext.java:log(49)) - f71b517f-2361-4434-922a-3423737067f9@group-7415E04E75E3-FOLLOWER: reject PRE_VOTE from c1327a8c-71b7-4605-98e6-996d8ace38a9: our priority 1 > candidate's priority 0
2025-07-27 04:39:38,596 [grpc-default-executor-1] INFO  server.RaftServer$Division (RaftServerImpl.java:requestVote(1455)) - f71b517f-2361-4434-922a-3423737067f9@group-7415E04E75E3 replies to PRE_VOTE vote request: c1327a8c-71b7-4605-98e6-996d8ace38a9<-f71b517f-2361-4434-922a-3423737067f9#0:FAIL-t0-last:<INITIAL_VALUE>. Peer's state: f71b517f-2361-4434-922a-3423737067f9@group-7415E04E75E3:t0, leader=null, voted=, raftlog=Memoized:f71b517f-2361-4434-922a-3423737067f9@group-7415E04E75E3-SegmentedRaftLog:OPENED:c-1:lastnull, conf=conf: {index: -1, cur=peers:[c1327a8c-71b7-4605-98e6-996d8ace38a9|127.0.0.1:15017, f71b517f-2361-4434-922a-3423737067f9|127.0.0.1:15025, 03318119-e9ed-4ea7-a7fd-1ba78babdf30|127.0.0.1:15033]|listeners:[], old=null}
2025-07-27 04:39:38,598 [c1327a8c-71b7-4605-98e6-996d8ace38a9@group-7415E04E75E3-LeaderElection7] INFO  impl.LeaderElection (LeaderElection.java:logAndReturn(206)) - c1327a8c-71b7-4605-98e6-996d8ace38a9@group-7415E04E75E3-LeaderElection7: PRE_VOTE REJECTED received 2 response(s) and 0 exception(s):
2025-07-27 04:39:38,598 [c1327a8c-71b7-4605-98e6-996d8ace38a9@group-7415E04E75E3-LeaderElection7] INFO  impl.LeaderElection (LeaderElection.java:logAndReturn(210)) -   Response 0: c1327a8c-71b7-4605-98e6-996d8ace38a9<-f71b517f-2361-4434-922a-3423737067f9#0:FAIL-t0-last:<INITIAL_VALUE>
2025-07-27 04:39:38,598 [c1327a8c-71b7-4605-98e6-996d8ace38a9@group-7415E04E75E3-LeaderElection7] INFO  impl.LeaderElection (LeaderElection.java:logAndReturn(210)) -   Response 1: c1327a8c-71b7-4605-98e6-996d8ace38a9<-03318119-e9ed-4ea7-a7fd-1ba78babdf30#0:OK-t0-last:<INITIAL_VALUE>
2025-07-27 04:39:38,599 [c1327a8c-71b7-4605-98e6-996d8ace38a9@group-7415E04E75E3-LeaderElection7] INFO  impl.LeaderElection (LeaderElection.java:askForVotes(450)) - c1327a8c-71b7-4605-98e6-996d8ace38a9@group-7415E04E75E3-LeaderElection7 PRE_VOTE round 0: result REJECTED
2025-07-27 04:39:38,599 [c1327a8c-71b7-4605-98e6-996d8ace38a9@group-7415E04E75E3-LeaderElection7] INFO  server.RaftServer$Division (RaftServerImpl.java:setRole(392)) - c1327a8c-71b7-4605-98e6-996d8ace38a9@group-7415E04E75E3: changes role from CANDIDATE to FOLLOWER at term 0 for REJECTED
2025-07-27 04:39:38,599 [c1327a8c-71b7-4605-98e6-996d8ace38a9@group-7415E04E75E3-LeaderElection7] INFO  impl.RoleInfo (RoleInfo.java:shutdownLeaderElection(141)) - c1327a8c-71b7-4605-98e6-996d8ace38a9: shutdown c1327a8c-71b7-4605-98e6-996d8ace38a9@group-7415E04E75E3-LeaderElection7
2025-07-27 04:39:38,599 [c1327a8c-71b7-4605-98e6-996d8ace38a9@group-7415E04E75E3-LeaderElection7] INFO  impl.RoleInfo (RoleInfo.java:updateAndGet(148)) - c1327a8c-71b7-4605-98e6-996d8ace38a9: start c1327a8c-71b7-4605-98e6-996d8ace38a9@group-7415E04E75E3-FollowerState
2025-07-27 04:39:38,600 [c1327a8c-71b7-4605-98e6-996d8ace38a9@group-7415E04E75E3-LeaderElection7] INFO  server.RaftServer$Division (RaftServerImpl.java:setFirstElection(576)) - c1327a8c-71b7-4605-98e6-996d8ace38a9@group-7415E04E75E3: set firstElectionSinceStartup to false for REJECTED
2025-07-27 04:39:38,608 [f71b517f-2361-4434-922a-3423737067f9@group-7415E04E75E3-FollowerState] INFO  impl.FollowerState (FollowerState.java:runImpl(161)) - f71b517f-2361-4434-922a-3423737067f9@group-7415E04E75E3-FollowerState: change to CANDIDATE, lastRpcElapsedTime:1144086908ns, electionTimeout:1143ms
2025-07-27 04:39:38,608 [f71b517f-2361-4434-922a-3423737067f9@group-7415E04E75E3-FollowerState] INFO  impl.RoleInfo (RoleInfo.java:shutdownFollowerState(121)) - f71b517f-2361-4434-922a-3423737067f9: shutdown f71b517f-2361-4434-922a-3423737067f9@group-7415E04E75E3-FollowerState
2025-07-27 04:39:38,608 [f71b517f-2361-4434-922a-3423737067f9@group-7415E04E75E3-FollowerState] INFO  server.RaftServer$Division (RaftServerImpl.java:setRole(392)) - f71b517f-2361-4434-922a-3423737067f9@group-7415E04E75E3: changes role from  FOLLOWER to CANDIDATE at term 0 for changeToCandidate
2025-07-27 04:39:38,608 [f71b517f-2361-4434-922a-3423737067f9@group-7415E04E75E3-FollowerState] INFO  impl.RoleInfo (RoleInfo.java:updateAndGet(148)) - f71b517f-2361-4434-922a-3423737067f9: start f71b517f-2361-4434-922a-3423737067f9@group-7415E04E75E3-LeaderElection8
2025-07-27 04:39:38,608 [f71b517f-2361-4434-922a-3423737067f9@group-7415E04E75E3-LeaderElection8] INFO  impl.LeaderElection (LeaderElection.java:askForVotes(448)) - f71b517f-2361-4434-922a-3423737067f9@group-7415E04E75E3-LeaderElection8 PRE_VOTE round 0: submit vote requests at term 0 for conf: {index: -1, cur=peers:[c1327a8c-71b7-4605-98e6-996d8ace38a9|127.0.0.1:15017, f71b517f-2361-4434-922a-3423737067f9|127.0.0.1:15025, 03318119-e9ed-4ea7-a7fd-1ba78babdf30|127.0.0.1:15033]|listeners:[], old=null}
2025-07-27 04:39:38,609 [f71b517f-2361-4434-922a-3423737067f9@group-7415E04E75E3-LeaderElection8-1] INFO  server.GrpcServerProtocolClient (GrpcServerProtocolClient.java:<init>(65)) - Build channel for c1327a8c-71b7-4605-98e6-996d8ace38a9|127.0.0.1:15017
2025-07-27 04:39:38,609 [f71b517f-2361-4434-922a-3423737067f9@group-7415E04E75E3-LeaderElection8-2] INFO  server.GrpcServerProtocolClient (GrpcServerProtocolClient.java:<init>(65)) - Build channel for 03318119-e9ed-4ea7-a7fd-1ba78babdf30|127.0.0.1:15033
2025-07-27 04:39:38,613 [03318119-e9ed-4ea7-a7fd-1ba78babdf30@group-CCB1A844D0CC-FollowerState] INFO  impl.FollowerState (FollowerState.java:runImpl(161)) - 03318119-e9ed-4ea7-a7fd-1ba78babdf30@group-CCB1A844D0CC-FollowerState: change to CANDIDATE, lastRpcElapsedTime:1170777622ns, electionTimeout:1170ms
2025-07-27 04:39:38,613 [03318119-e9ed-4ea7-a7fd-1ba78babdf30@group-CCB1A844D0CC-FollowerState] INFO  impl.RoleInfo (RoleInfo.java:shutdownFollowerState(121)) - 03318119-e9ed-4ea7-a7fd-1ba78babdf30: shutdown 03318119-e9ed-4ea7-a7fd-1ba78babdf30@group-CCB1A844D0CC-FollowerState
2025-07-27 04:39:38,613 [03318119-e9ed-4ea7-a7fd-1ba78babdf30@group-CCB1A844D0CC-FollowerState] INFO  server.RaftServer$Division (RaftServerImpl.java:setRole(392)) - 03318119-e9ed-4ea7-a7fd-1ba78babdf30@group-CCB1A844D0CC: changes role from  FOLLOWER to CANDIDATE at term 0 for changeToCandidate
2025-07-27 04:39:38,613 [grpc-default-executor-5] INFO  server.RaftServer$Division (RaftServerImpl.java:requestVote(1421)) - 03318119-e9ed-4ea7-a7fd-1ba78babdf30@group-7415E04E75E3: receive requestVote(PRE_VOTE, f71b517f-2361-4434-922a-3423737067f9, group-7415E04E75E3, 0, <PROTO_DEFAULT>)
2025-07-27 04:39:38,614 [grpc-default-executor-5] INFO  impl.VoteContext (VoteContext.java:log(49)) - 03318119-e9ed-4ea7-a7fd-1ba78babdf30@group-7415E04E75E3-FOLLOWER: accept PRE_VOTE from f71b517f-2361-4434-922a-3423737067f9: our priority 0 <= candidate's priority 1
2025-07-27 04:39:38,614 [grpc-default-executor-1] INFO  server.RaftServer$Division (RaftServerImpl.java:requestVote(1421)) - c1327a8c-71b7-4605-98e6-996d8ace38a9@group-7415E04E75E3: receive requestVote(PRE_VOTE, f71b517f-2361-4434-922a-3423737067f9, group-7415E04E75E3, 0, <PROTO_DEFAULT>)
2025-07-27 04:39:38,613 [03318119-e9ed-4ea7-a7fd-1ba78babdf30@group-CCB1A844D0CC-FollowerState] INFO  impl.RoleInfo (RoleInfo.java:updateAndGet(148)) - 03318119-e9ed-4ea7-a7fd-1ba78babdf30: start 03318119-e9ed-4ea7-a7fd-1ba78babdf30@group-CCB1A844D0CC-LeaderElection9
2025-07-27 04:39:38,614 [grpc-default-executor-1] INFO  impl.VoteContext (VoteContext.java:log(49)) - c1327a8c-71b7-4605-98e6-996d8ace38a9@group-7415E04E75E3-FOLLOWER: accept PRE_VOTE from f71b517f-2361-4434-922a-3423737067f9: our priority 0 <= candidate's priority 1
2025-07-27 04:39:38,614 [grpc-default-executor-5] INFO  server.RaftServer$Division (RaftServerImpl.java:requestVote(1455)) - 03318119-e9ed-4ea7-a7fd-1ba78babdf30@group-7415E04E75E3 replies to PRE_VOTE vote request: f71b517f-2361-4434-922a-3423737067f9<-03318119-e9ed-4ea7-a7fd-1ba78babdf30#0:OK-t0-last:<INITIAL_VALUE>. Peer's state: 03318119-e9ed-4ea7-a7fd-1ba78babdf30@group-7415E04E75E3:t0, leader=null, voted=, raftlog=Memoized:03318119-e9ed-4ea7-a7fd-1ba78babdf30@group-7415E04E75E3-SegmentedRaftLog:OPENED:c-1:lastnull, conf=conf: {index: -1, cur=peers:[c1327a8c-71b7-4605-98e6-996d8ace38a9|127.0.0.1:15017, f71b517f-2361-4434-922a-3423737067f9|127.0.0.1:15025, 03318119-e9ed-4ea7-a7fd-1ba78babdf30|127.0.0.1:15033]|listeners:[], old=null}
2025-07-27 04:39:38,615 [03318119-e9ed-4ea7-a7fd-1ba78babdf30@group-CCB1A844D0CC-LeaderElection9] INFO  impl.LeaderElection (LeaderElection.java:askForVotes(448)) - 03318119-e9ed-4ea7-a7fd-1ba78babdf30@group-CCB1A844D0CC-LeaderElection9 PRE_VOTE round 0: submit vote requests at term 0 for conf: {index: -1, cur=peers:[03318119-e9ed-4ea7-a7fd-1ba78babdf30|127.0.0.1:15033]|listeners:[], old=null}
2025-07-27 04:39:38,615 [grpc-default-executor-1] INFO  server.RaftServer$Division (RaftServerImpl.java:requestVote(1455)) - c1327a8c-71b7-4605-98e6-996d8ace38a9@group-7415E04E75E3 replies to PRE_VOTE vote request: f71b517f-2361-4434-922a-3423737067f9<-c1327a8c-71b7-4605-98e6-996d8ace38a9#0:OK-t0-last:<INITIAL_VALUE>. Peer's state: c1327a8c-71b7-4605-98e6-996d8ace38a9@group-7415E04E75E3:t0, leader=null, voted=, raftlog=Memoized:c1327a8c-71b7-4605-98e6-996d8ace38a9@group-7415E04E75E3-SegmentedRaftLog:OPENED:c-1:lastnull, conf=conf: {index: -1, cur=peers:[c1327a8c-71b7-4605-98e6-996d8ace38a9|127.0.0.1:15017, f71b517f-2361-4434-922a-3423737067f9|127.0.0.1:15025, 03318119-e9ed-4ea7-a7fd-1ba78babdf30|127.0.0.1:15033]|listeners:[], old=null}
2025-07-27 04:39:38,615 [03318119-e9ed-4ea7-a7fd-1ba78babdf30@group-CCB1A844D0CC-LeaderElection9] INFO  impl.LeaderElection (LeaderElection.java:askForVotes(450)) - 03318119-e9ed-4ea7-a7fd-1ba78babdf30@group-CCB1A844D0CC-LeaderElection9 PRE_VOTE round 0: result PASSED (term=0)
2025-07-27 04:39:38,616 [f71b517f-2361-4434-922a-3423737067f9@group-7415E04E75E3-LeaderElection8] INFO  impl.LeaderElection (LeaderElection.java:logAndReturn(206)) - f71b517f-2361-4434-922a-3423737067f9@group-7415E04E75E3-LeaderElection8: PRE_VOTE PASSED received 1 response(s) and 0 exception(s):
2025-07-27 04:39:38,616 [f71b517f-2361-4434-922a-3423737067f9@group-7415E04E75E3-LeaderElection8] INFO  impl.LeaderElection (LeaderElection.java:logAndReturn(210)) -   Response 0: f71b517f-2361-4434-922a-3423737067f9<-03318119-e9ed-4ea7-a7fd-1ba78babdf30#0:OK-t0-last:<INITIAL_VALUE>
2025-07-27 04:39:38,616 [f71b517f-2361-4434-922a-3423737067f9@group-7415E04E75E3-LeaderElection8] INFO  impl.LeaderElection (LeaderElection.java:askForVotes(450)) - f71b517f-2361-4434-922a-3423737067f9@group-7415E04E75E3-LeaderElection8 PRE_VOTE round 0: result PASSED
2025-07-27 04:39:38,618 [f71b517f-2361-4434-922a-3423737067f9@group-7415E04E75E3-LeaderElection8] INFO  impl.LeaderElection (LeaderElection.java:askForVotes(448)) - f71b517f-2361-4434-922a-3423737067f9@group-7415E04E75E3-LeaderElection8 ELECTION round 0: submit vote requests at term 1 for conf: {index: -1, cur=peers:[c1327a8c-71b7-4605-98e6-996d8ace38a9|127.0.0.1:15017, f71b517f-2361-4434-922a-3423737067f9|127.0.0.1:15025, 03318119-e9ed-4ea7-a7fd-1ba78babdf30|127.0.0.1:15033]|listeners:[], old=null}
2025-07-27 04:39:38,618 [03318119-e9ed-4ea7-a7fd-1ba78babdf30@group-CCB1A844D0CC-LeaderElection9] INFO  impl.LeaderElection (LeaderElection.java:askForVotes(448)) - 03318119-e9ed-4ea7-a7fd-1ba78babdf30@group-CCB1A844D0CC-LeaderElection9 ELECTION round 0: submit vote requests at term 1 for conf: {index: -1, cur=peers:[03318119-e9ed-4ea7-a7fd-1ba78babdf30|127.0.0.1:15033]|listeners:[], old=null}
2025-07-27 04:39:38,618 [03318119-e9ed-4ea7-a7fd-1ba78babdf30@group-CCB1A844D0CC-LeaderElection9] INFO  impl.LeaderElection (LeaderElection.java:askForVotes(450)) - 03318119-e9ed-4ea7-a7fd-1ba78babdf30@group-CCB1A844D0CC-LeaderElection9 ELECTION round 0: result PASSED (term=1)
2025-07-27 04:39:38,618 [03318119-e9ed-4ea7-a7fd-1ba78babdf30@group-CCB1A844D0CC-LeaderElection9] INFO  impl.RoleInfo (RoleInfo.java:shutdownLeaderElection(141)) - 03318119-e9ed-4ea7-a7fd-1ba78babdf30: shutdown 03318119-e9ed-4ea7-a7fd-1ba78babdf30@group-CCB1A844D0CC-LeaderElection9
2025-07-27 04:39:38,619 [03318119-e9ed-4ea7-a7fd-1ba78babdf30@group-CCB1A844D0CC-LeaderElection9] INFO  server.RaftServer$Division (RaftServerImpl.java:setRole(392)) - 03318119-e9ed-4ea7-a7fd-1ba78babdf30@group-CCB1A844D0CC: changes role from CANDIDATE to LEADER at term 1 for changeToLeader
2025-07-27 04:39:38,620 [03318119-e9ed-4ea7-a7fd-1ba78babdf30@group-CCB1A844D0CC-LeaderElection9] INFO  server.RaftServerConfigKeys (ConfUtils.java:logFallback(69)) - raft.server.staging.timeout = 15600ms (fallback to raft.server.rpc.timeout.max)
2025-07-27 04:39:38,620 [03318119-e9ed-4ea7-a7fd-1ba78babdf30@group-CCB1A844D0CC-LeaderElection9] INFO  server.RaftServerConfigKeys (ConfUtils.java:logGet(62)) - raft.server.write.byte-limit = 1024 M (=1073741824) (custom)
2025-07-27 04:39:38,621 [grpc-default-executor-5] INFO  server.RaftServer$Division (RaftServerImpl.java:requestVote(1421)) - 03318119-e9ed-4ea7-a7fd-1ba78babdf30@group-7415E04E75E3: receive requestVote(ELECTION, f71b517f-2361-4434-922a-3423737067f9, group-7415E04E75E3, 1, <PROTO_DEFAULT>)
2025-07-27 04:39:38,621 [grpc-default-executor-5] INFO  impl.VoteContext (VoteContext.java:log(49)) - 03318119-e9ed-4ea7-a7fd-1ba78babdf30@group-7415E04E75E3-FOLLOWER: accept ELECTION from f71b517f-2361-4434-922a-3423737067f9: our priority 0 <= candidate's priority 1
2025-07-27 04:39:38,621 [grpc-default-executor-5] INFO  server.RaftServer$Division (RaftServerImpl.java:setRole(392)) - 03318119-e9ed-4ea7-a7fd-1ba78babdf30@group-7415E04E75E3: changes role from  FOLLOWER to FOLLOWER at term 0 for candidate:f71b517f-2361-4434-922a-3423737067f9
2025-07-27 04:39:38,621 [grpc-default-executor-5] INFO  impl.RoleInfo (RoleInfo.java:shutdownFollowerState(121)) - 03318119-e9ed-4ea7-a7fd-1ba78babdf30: shutdown 03318119-e9ed-4ea7-a7fd-1ba78babdf30@group-7415E04E75E3-FollowerState
2025-07-27 04:39:38,621 [grpc-default-executor-5] INFO  impl.RoleInfo (RoleInfo.java:updateAndGet(148)) - 03318119-e9ed-4ea7-a7fd-1ba78babdf30: start 03318119-e9ed-4ea7-a7fd-1ba78babdf30@group-7415E04E75E3-FollowerState
2025-07-27 04:39:38,621 [03318119-e9ed-4ea7-a7fd-1ba78babdf30@group-7415E04E75E3-FollowerState] INFO  impl.FollowerState (FollowerState.java:runImpl(170)) - 03318119-e9ed-4ea7-a7fd-1ba78babdf30@group-7415E04E75E3-FollowerState was interrupted
2025-07-27 04:39:38,622 [03318119-e9ed-4ea7-a7fd-1ba78babdf30@group-CCB1A844D0CC-LeaderElection9] INFO  impl.RoleInfo (RoleInfo.java:updateAndGet(148)) - 03318119-e9ed-4ea7-a7fd-1ba78babdf30: start 03318119-e9ed-4ea7-a7fd-1ba78babdf30@group-CCB1A844D0CC-LeaderStateImpl
2025-07-27 04:39:38,622 [03318119-e9ed-4ea7-a7fd-1ba78babdf30@group-CCB1A844D0CC-LeaderElection9] INFO  server.RaftServer$Division (RaftServerImpl.java:setFirstElection(576)) - 03318119-e9ed-4ea7-a7fd-1ba78babdf30@group-CCB1A844D0CC: set firstElectionSinceStartup to false for becomeLeader
2025-07-27 04:39:38,622 [03318119-e9ed-4ea7-a7fd-1ba78babdf30@group-CCB1A844D0CC-LeaderElection9] INFO  ratis.XceiverServerRatis (XceiverServerRatis.java:handleLeaderChangedNotification(944)) - Leader change notification received for group: group-CCB1A844D0CC with new leaderId: 03318119-e9ed-4ea7-a7fd-1ba78babdf30
2025-07-27 04:39:38,622 [03318119-e9ed-4ea7-a7fd-1ba78babdf30@group-CCB1A844D0CC-LeaderElection9] INFO  server.RaftServer$Division (ServerState.java:setLeader(272)) - 03318119-e9ed-4ea7-a7fd-1ba78babdf30@group-CCB1A844D0CC: change Leader from null to 03318119-e9ed-4ea7-a7fd-1ba78babdf30 at term 1 for becomeLeader, leader elected after 1205ms
2025-07-27 04:39:38,622 [grpc-default-executor-5] INFO  server.RaftServer$Division (RaftServerImpl.java:setFirstElection(576)) - 03318119-e9ed-4ea7-a7fd-1ba78babdf30@group-7415E04E75E3: set firstElectionSinceStartup to false for candidate:f71b517f-2361-4434-922a-3423737067f9
2025-07-27 04:39:38,622 [03318119-e9ed-4ea7-a7fd-1ba78babdf30@group-CCB1A844D0CC-LeaderElection9] INFO  segmented.SegmentedRaftLogWorker (SegmentedRaftLogWorker.java:startLogSegment(440)) - 03318119-e9ed-4ea7-a7fd-1ba78babdf30@group-CCB1A844D0CC-SegmentedRaftLogWorker: Starting segment from index:0
2025-07-27 04:39:38,624 [03318119-e9ed-4ea7-a7fd-1ba78babdf30@group-CCB1A844D0CC-LeaderElection9] INFO  server.RaftServer$Division (ServerState.java:setRaftConf(386)) - 03318119-e9ed-4ea7-a7fd-1ba78babdf30@group-CCB1A844D0CC: set configuration conf: {index: 0, cur=peers:[03318119-e9ed-4ea7-a7fd-1ba78babdf30|127.0.0.1:15033]|listeners:[], old=null}
2025-07-27 04:39:38,624 [03318119-e9ed-4ea7-a7fd-1ba78babdf30@group-CCB1A844D0CC-SegmentedRaftLogWorker] INFO  segmented.BufferedWriteChannel (BufferedWriteChannel.java:open(61)) - open log_inprogress_0 at position 0
2025-07-27 04:39:38,624 [grpc-default-executor-1] INFO  server.RaftServer$Division (RaftServerImpl.java:requestVote(1421)) - c1327a8c-71b7-4605-98e6-996d8ace38a9@group-7415E04E75E3: receive requestVote(ELECTION, f71b517f-2361-4434-922a-3423737067f9, group-7415E04E75E3, 1, <PROTO_DEFAULT>)
2025-07-27 04:39:38,624 [grpc-default-executor-1] INFO  impl.VoteContext (VoteContext.java:log(49)) - c1327a8c-71b7-4605-98e6-996d8ace38a9@group-7415E04E75E3-FOLLOWER: accept ELECTION from f71b517f-2361-4434-922a-3423737067f9: our priority 0 <= candidate's priority 1
2025-07-27 04:39:38,624 [grpc-default-executor-1] INFO  server.RaftServer$Division (RaftServerImpl.java:setRole(392)) - c1327a8c-71b7-4605-98e6-996d8ace38a9@group-7415E04E75E3: changes role from  FOLLOWER to FOLLOWER at term 0 for candidate:f71b517f-2361-4434-922a-3423737067f9
2025-07-27 04:39:38,624 [grpc-default-executor-5] INFO  server.RaftServer$Division (RaftServerImpl.java:requestVote(1455)) - 03318119-e9ed-4ea7-a7fd-1ba78babdf30@group-7415E04E75E3 replies to ELECTION vote request: f71b517f-2361-4434-922a-3423737067f9<-03318119-e9ed-4ea7-a7fd-1ba78babdf30#0:OK-t1-last:<INITIAL_VALUE>. Peer's state: 03318119-e9ed-4ea7-a7fd-1ba78babdf30@group-7415E04E75E3:t1, leader=null, voted=f71b517f-2361-4434-922a-3423737067f9, raftlog=Memoized:03318119-e9ed-4ea7-a7fd-1ba78babdf30@group-7415E04E75E3-SegmentedRaftLog:OPENED:c-1:lastnull, conf=conf: {index: -1, cur=peers:[c1327a8c-71b7-4605-98e6-996d8ace38a9|127.0.0.1:15017, f71b517f-2361-4434-922a-3423737067f9|127.0.0.1:15025, 03318119-e9ed-4ea7-a7fd-1ba78babdf30|127.0.0.1:15033]|listeners:[], old=null}
2025-07-27 04:39:38,624 [grpc-default-executor-1] INFO  impl.RoleInfo (RoleInfo.java:shutdownFollowerState(121)) - c1327a8c-71b7-4605-98e6-996d8ace38a9: shutdown c1327a8c-71b7-4605-98e6-996d8ace38a9@group-7415E04E75E3-FollowerState
2025-07-27 04:39:38,625 [grpc-default-executor-1] INFO  impl.RoleInfo (RoleInfo.java:updateAndGet(148)) - c1327a8c-71b7-4605-98e6-996d8ace38a9: start c1327a8c-71b7-4605-98e6-996d8ace38a9@group-7415E04E75E3-FollowerState
2025-07-27 04:39:38,626 [c1327a8c-71b7-4605-98e6-996d8ace38a9@group-7415E04E75E3-FollowerState] INFO  impl.FollowerState (FollowerState.java:runImpl(170)) - c1327a8c-71b7-4605-98e6-996d8ace38a9@group-7415E04E75E3-FollowerState was interrupted
2025-07-27 04:39:38,627 [Recon-EventQueue-PipelineReportForReconPipelineReportHandler] INFO  scm.ReconPipelineReportHandler (ReconPipelineReportHandler.java:processPipelineReport(102)) - Pipeline RATIS/THREE Pipeline-199c07c1-96ea-450c-a138-7415e04e75e3 reported by 03318119-e9ed-4ea7-a7fd-1ba78babdf30(localhost/127.0.0.1)
2025-07-27 04:39:38,629 [f71b517f-2361-4434-922a-3423737067f9@group-7415E04E75E3-LeaderElection8] INFO  impl.LeaderElection (LeaderElection.java:logAndReturn(206)) - f71b517f-2361-4434-922a-3423737067f9@group-7415E04E75E3-LeaderElection8: ELECTION PASSED received 1 response(s) and 0 exception(s):
2025-07-27 04:39:38,629 [f71b517f-2361-4434-922a-3423737067f9@group-7415E04E75E3-LeaderElection8] INFO  impl.LeaderElection (LeaderElection.java:logAndReturn(210)) -   Response 0: f71b517f-2361-4434-922a-3423737067f9<-03318119-e9ed-4ea7-a7fd-1ba78babdf30#0:OK-t1-last:<INITIAL_VALUE>
2025-07-27 04:39:38,629 [f71b517f-2361-4434-922a-3423737067f9@group-7415E04E75E3-LeaderElection8] INFO  impl.LeaderElection (LeaderElection.java:askForVotes(450)) - f71b517f-2361-4434-922a-3423737067f9@group-7415E04E75E3-LeaderElection8 ELECTION round 0: result PASSED
2025-07-27 04:39:38,629 [f71b517f-2361-4434-922a-3423737067f9@group-7415E04E75E3-LeaderElection8] INFO  impl.RoleInfo (RoleInfo.java:shutdownLeaderElection(141)) - f71b517f-2361-4434-922a-3423737067f9: shutdown f71b517f-2361-4434-922a-3423737067f9@group-7415E04E75E3-LeaderElection8
2025-07-27 04:39:38,629 [f71b517f-2361-4434-922a-3423737067f9@group-7415E04E75E3-LeaderElection8] INFO  server.RaftServer$Division (RaftServerImpl.java:setRole(392)) - f71b517f-2361-4434-922a-3423737067f9@group-7415E04E75E3: changes role from CANDIDATE to LEADER at term 1 for changeToLeader
2025-07-27 04:39:38,629 [f71b517f-2361-4434-922a-3423737067f9@group-7415E04E75E3-LeaderElection8] INFO  server.RaftServerConfigKeys (ConfUtils.java:logFallback(69)) - raft.server.staging.timeout = 15600ms (fallback to raft.server.rpc.timeout.max)
2025-07-27 04:39:38,629 [f71b517f-2361-4434-922a-3423737067f9@group-7415E04E75E3-LeaderElection8] INFO  server.RaftServerConfigKeys (ConfUtils.java:logGet(62)) - raft.server.write.byte-limit = 1024 M (=1073741824) (custom)
2025-07-27 04:39:38,630 [grpc-default-executor-1] INFO  server.RaftServer$Division (RaftServerImpl.java:requestVote(1455)) - c1327a8c-71b7-4605-98e6-996d8ace38a9@group-7415E04E75E3 replies to ELECTION vote request: f71b517f-2361-4434-922a-3423737067f9<-c1327a8c-71b7-4605-98e6-996d8ace38a9#0:OK-t1-last:<INITIAL_VALUE>. Peer's state: c1327a8c-71b7-4605-98e6-996d8ace38a9@group-7415E04E75E3:t1, leader=null, voted=f71b517f-2361-4434-922a-3423737067f9, raftlog=Memoized:c1327a8c-71b7-4605-98e6-996d8ace38a9@group-7415E04E75E3-SegmentedRaftLog:OPENED:c-1:lastnull, conf=conf: {index: -1, cur=peers:[c1327a8c-71b7-4605-98e6-996d8ace38a9|127.0.0.1:15017, f71b517f-2361-4434-922a-3423737067f9|127.0.0.1:15025, 03318119-e9ed-4ea7-a7fd-1ba78babdf30|127.0.0.1:15033]|listeners:[], old=null}
2025-07-27 04:39:38,631 [03318119-e9ed-4ea7-a7fd-1ba78babdf30@group-CCB1A844D0CC-SegmentedRaftLogWorker] INFO  segmented.SegmentedRaftLogWorker (SegmentedRaftLogWorker.java:execute(647)) - 03318119-e9ed-4ea7-a7fd-1ba78babdf30@group-CCB1A844D0CC-SegmentedRaftLogWorker: created new log segment /home/runner/work/ozone/ozone/hadoop-ozone/integration-test-recon/target/test-dir/MiniOzoneClusterImpl-1e09403d-52eb-479c-879f-dc89daf7eeb0/ozone-meta/datanode-3/ratis/97ba32c0-dfb4-49b8-ba0e-ccb1a844d0cc/current/log_inprogress_0
2025-07-27 04:39:38,632 [f71b517f-2361-4434-922a-3423737067f9@group-7415E04E75E3-LeaderElection8] INFO  server.RaftServerConfigKeys (ConfUtils.java:logGet(62)) - raft.server.log.appender.buffer.byte-limit = 33554432 (custom)
2025-07-27 04:39:38,633 [03318119-e9ed-4ea7-a7fd-1ba78babdf30@group-CCB1A844D0CC-StateMachineUpdater] INFO  server.RaftServer$Division (LeaderStateImpl.java:checkStartIndex(309)) - Leader 03318119-e9ed-4ea7-a7fd-1ba78babdf30@group-CCB1A844D0CC-LeaderStateImpl is ready since appliedIndex == startIndex == 0
2025-07-27 04:39:38,633 [f71b517f-2361-4434-922a-3423737067f9@group-7415E04E75E3-LeaderElection8] INFO  server.RaftServerConfigKeys (ConfUtils.java:logGet(62)) - raft.server.log.appender.buffer.byte-limit = 33554432 (custom)
2025-07-27 04:39:38,634 [f71b517f-2361-4434-922a-3423737067f9@group-7415E04E75E3-LeaderElection8] INFO  impl.RoleInfo (RoleInfo.java:updateAndGet(148)) - f71b517f-2361-4434-922a-3423737067f9: start f71b517f-2361-4434-922a-3423737067f9@group-7415E04E75E3-LeaderStateImpl
2025-07-27 04:39:38,634 [f71b517f-2361-4434-922a-3423737067f9@group-7415E04E75E3-LeaderElection8] INFO  server.RaftServer$Division (RaftServerImpl.java:setFirstElection(576)) - f71b517f-2361-4434-922a-3423737067f9@group-7415E04E75E3: set firstElectionSinceStartup to false for becomeLeader
2025-07-27 04:39:38,634 [f71b517f-2361-4434-922a-3423737067f9@group-7415E04E75E3-LeaderElection8] INFO  ratis.XceiverServerRatis (XceiverServerRatis.java:handleLeaderChangedNotification(944)) - Leader change notification received for group: group-7415E04E75E3 with new leaderId: f71b517f-2361-4434-922a-3423737067f9
2025-07-27 04:39:38,635 [f71b517f-2361-4434-922a-3423737067f9@group-7415E04E75E3-LeaderElection8] INFO  server.RaftServer$Division (ServerState.java:setLeader(272)) - f71b517f-2361-4434-922a-3423737067f9@group-7415E04E75E3: change Leader from null to f71b517f-2361-4434-922a-3423737067f9 at term 1 for becomeLeader, leader elected after 1201ms
2025-07-27 04:39:38,635 [f71b517f-2361-4434-922a-3423737067f9@group-7415E04E75E3-LeaderElection8] INFO  segmented.SegmentedRaftLogWorker (SegmentedRaftLogWorker.java:startLogSegment(440)) - f71b517f-2361-4434-922a-3423737067f9@group-7415E04E75E3-SegmentedRaftLogWorker: Starting segment from index:0
2025-07-27 04:39:38,635 [f71b517f-2361-4434-922a-3423737067f9@group-7415E04E75E3-LeaderElection8] INFO  server.RaftServer$Division (ServerState.java:setRaftConf(386)) - f71b517f-2361-4434-922a-3423737067f9@group-7415E04E75E3: set configuration conf: {index: 0, cur=peers:[c1327a8c-71b7-4605-98e6-996d8ace38a9|127.0.0.1:15017, f71b517f-2361-4434-922a-3423737067f9|127.0.0.1:15025, 03318119-e9ed-4ea7-a7fd-1ba78babdf30|127.0.0.1:15033]|listeners:[], old=null}
2025-07-27 04:39:38,636 [f71b517f-2361-4434-922a-3423737067f9@group-7415E04E75E3-SegmentedRaftLogWorker] INFO  segmented.BufferedWriteChannel (BufferedWriteChannel.java:open(61)) - open log_inprogress_0 at position 0
2025-07-27 04:39:38,638 [Recon-EventQueue-PipelineReportForReconPipelineReportHandler] INFO  scm.ReconPipelineReportHandler (ReconPipelineReportHandler.java:processPipelineReport(102)) - Pipeline RATIS/THREE Pipeline-199c07c1-96ea-450c-a138-7415e04e75e3 reported by f71b517f-2361-4434-922a-3423737067f9(localhost/127.0.0.1)
2025-07-27 04:39:38,641 [EventQueue-PipelineReportForPipelineReportHandler] INFO  pipeline.PipelineReportHandler (PipelineReportHandler.java:processPipelineReport(134)) - Opened pipeline Pipeline-199c07c1-96ea-450c-a138-7415e04e75e3
2025-07-27 04:39:38,646 [grpc-default-executor-2] INFO  ratis.XceiverServerRatis (XceiverServerRatis.java:handleLeaderChangedNotification(944)) - Leader change notification received for group: group-7415E04E75E3 with new leaderId: f71b517f-2361-4434-922a-3423737067f9
2025-07-27 04:39:38,647 [grpc-default-executor-2] INFO  server.RaftServer$Division (ServerState.java:setLeader(272)) - 03318119-e9ed-4ea7-a7fd-1ba78babdf30@group-7415E04E75E3: change Leader from null to f71b517f-2361-4434-922a-3423737067f9 at term 1 for appendEntries, leader elected after 1198ms
2025-07-27 04:39:38,647 [f71b517f-2361-4434-922a-3423737067f9@group-7415E04E75E3-SegmentedRaftLogWorker] INFO  segmented.SegmentedRaftLogWorker (SegmentedRaftLogWorker.java:execute(647)) - f71b517f-2361-4434-922a-3423737067f9@group-7415E04E75E3-SegmentedRaftLogWorker: created new log segment /home/runner/work/ozone/ozone/hadoop-ozone/integration-test-recon/target/test-dir/MiniOzoneClusterImpl-1e09403d-52eb-479c-879f-dc89daf7eeb0/ozone-meta/datanode-2/ratis/199c07c1-96ea-450c-a138-7415e04e75e3/current/log_inprogress_0
2025-07-27 04:39:38,647 [grpc-default-executor-3] INFO  ratis.XceiverServerRatis (XceiverServerRatis.java:handleLeaderChangedNotification(944)) - Leader change notification received for group: group-7415E04E75E3 with new leaderId: f71b517f-2361-4434-922a-3423737067f9
2025-07-27 04:39:38,647 [grpc-default-executor-3] INFO  server.RaftServer$Division (ServerState.java:setLeader(272)) - c1327a8c-71b7-4605-98e6-996d8ace38a9@group-7415E04E75E3: change Leader from null to f71b517f-2361-4434-922a-3423737067f9 at term 1 for appendEntries, leader elected after 1281ms
2025-07-27 04:39:38,648 [grpc-default-executor-1] INFO  server.RaftServer$Division (ServerState.java:setRaftConf(386)) - c1327a8c-71b7-4605-98e6-996d8ace38a9@group-7415E04E75E3: set configuration conf: {index: 0, cur=peers:[c1327a8c-71b7-4605-98e6-996d8ace38a9|127.0.0.1:15017, f71b517f-2361-4434-922a-3423737067f9|127.0.0.1:15025, 03318119-e9ed-4ea7-a7fd-1ba78babdf30|127.0.0.1:15033]|listeners:[], old=null}
2025-07-27 04:39:38,648 [grpc-default-executor-1] INFO  segmented.SegmentedRaftLogWorker (SegmentedRaftLogWorker.java:startLogSegment(440)) - c1327a8c-71b7-4605-98e6-996d8ace38a9@group-7415E04E75E3-SegmentedRaftLogWorker: Starting segment from index:0
2025-07-27 04:39:38,649 [c1327a8c-71b7-4605-98e6-996d8ace38a9@group-7415E04E75E3-SegmentedRaftLogWorker] INFO  segmented.BufferedWriteChannel (BufferedWriteChannel.java:open(61)) - open log_inprogress_0 at position 0
2025-07-27 04:39:38,650 [grpc-default-executor-1] INFO  server.RaftServer$Division (ServerState.java:setRaftConf(386)) - 03318119-e9ed-4ea7-a7fd-1ba78babdf30@group-7415E04E75E3: set configuration conf: {index: 0, cur=peers:[c1327a8c-71b7-4605-98e6-996d8ace38a9|127.0.0.1:15017, f71b517f-2361-4434-922a-3423737067f9|127.0.0.1:15025, 03318119-e9ed-4ea7-a7fd-1ba78babdf30|127.0.0.1:15033]|listeners:[], old=null}
2025-07-27 04:39:38,650 [grpc-default-executor-1] INFO  segmented.SegmentedRaftLogWorker (SegmentedRaftLogWorker.java:startLogSegment(440)) - 03318119-e9ed-4ea7-a7fd-1ba78babdf30@group-7415E04E75E3-SegmentedRaftLogWorker: Starting segment from index:0
2025-07-27 04:39:38,650 [03318119-e9ed-4ea7-a7fd-1ba78babdf30@group-7415E04E75E3-SegmentedRaftLogWorker] INFO  segmented.BufferedWriteChannel (BufferedWriteChannel.java:open(61)) - open log_inprogress_0 at position 0
2025-07-27 04:39:38,661 [c1327a8c-71b7-4605-98e6-996d8ace38a9@group-7415E04E75E3-SegmentedRaftLogWorker] INFO  segmented.SegmentedRaftLogWorker (SegmentedRaftLogWorker.java:execute(647)) - c1327a8c-71b7-4605-98e6-996d8ace38a9@group-7415E04E75E3-SegmentedRaftLogWorker: created new log segment /home/runner/work/ozone/ozone/hadoop-ozone/integration-test-recon/target/test-dir/MiniOzoneClusterImpl-1e09403d-52eb-479c-879f-dc89daf7eeb0/ozone-meta/datanode-1/ratis/199c07c1-96ea-450c-a138-7415e04e75e3/current/log_inprogress_0
2025-07-27 04:39:38,661 [03318119-e9ed-4ea7-a7fd-1ba78babdf30@group-7415E04E75E3-SegmentedRaftLogWorker] INFO  segmented.SegmentedRaftLogWorker (SegmentedRaftLogWorker.java:execute(647)) - 03318119-e9ed-4ea7-a7fd-1ba78babdf30@group-7415E04E75E3-SegmentedRaftLogWorker: created new log segment /home/runner/work/ozone/ozone/hadoop-ozone/integration-test-recon/target/test-dir/MiniOzoneClusterImpl-1e09403d-52eb-479c-879f-dc89daf7eeb0/ozone-meta/datanode-3/ratis/199c07c1-96ea-450c-a138-7415e04e75e3/current/log_inprogress_0
2025-07-27 04:39:38,665 [f71b517f-2361-4434-922a-3423737067f9@group-7415E04E75E3-StateMachineUpdater] INFO  server.RaftServer$Division (LeaderStateImpl.java:checkStartIndex(309)) - Leader f71b517f-2361-4434-922a-3423737067f9@group-7415E04E75E3-LeaderStateImpl is ready since appliedIndex == startIndex == 0
2025-07-27 04:39:38,906 [ForkJoinPool-1-worker-1] INFO  ozone.MiniOzoneClusterImpl (MiniOzoneClusterImpl.java:lambda$waitForClusterToBeReady$0(173)) - Nodes are ready. Got 3 of 3 DN Heartbeats.
2025-07-27 04:39:38,906 [ForkJoinPool-1-worker-1] INFO  ozone.MiniOzoneClusterImpl (MiniOzoneClusterImpl.java:lambda$waitForClusterToBeReady$0(176)) - Cluster exits safe mode
2025-07-27 04:39:38,906 [ForkJoinPool-1-worker-1] INFO  ozone.MiniOzoneClusterImpl (MiniOzoneClusterImpl.java:lambda$waitForClusterToBeReady$0(178)) - SCM became leader
2025-07-27 04:39:39,271 [ForkJoinPool-1-worker-1] INFO  rpc.RpcClient (RpcClient.java:createVolume(461)) - Creating Volume: volume47805, with user38072 as owner and space quota set to -1 bytes, counts quota set to -1
2025-07-27 04:39:39,298 [om1-OMStateMachineApplyTransactionThread - 0] WARN  helpers.OzoneAclUtil (OzoneAclUtil.java:getDefaultAclList(68)) - Failed to get primary group from user user38072 (auth:SIMPLE)
2025-07-27 04:39:39,299 [om1-OMStateMachineApplyTransactionThread - 0] INFO  volume.OMVolumeCreateRequest (OMVolumeCreateRequest.java:validateAndUpdateCache(203)) - created volume:volume47805 for user:user38072
2025-07-27 04:39:39,307 [ForkJoinPool-1-worker-1] INFO  rpc.RpcClient (RpcClient.java:createBucket(686)) - Creating Bucket: volume47805/bucket61805, with bucket layout FILE_SYSTEM_OPTIMIZED, runner as owner, Versioning false, Storage Type set to DISK and Encryption set to false, Replication Type set to server-side default replication type, Namespace Quota set to -1, Space Quota set to -1 
2025-07-27 04:39:39,316 [om1-OMStateMachineApplyTransactionThread - 0] INFO  bucket.OMBucketCreateRequest (OMBucketCreateRequest.java:validateAndUpdateCache(292)) - created bucket: bucket61805 of layout FILE_SYSTEM_OPTIMIZED in volume: volume47805
2025-07-27 04:39:39,405 [ForkJoinPool-1-worker-1] INFO  recon.TestNSSummaryMemoryLeak (TestNSSummaryMemoryLeak.java:testNSSummaryCleanupOnHardDelete(204)) - Starting NSSummary memory leak fix test
2025-07-27 04:39:39,457 [IPC Server handler 1 on default port 15003] INFO  ha.SequenceIdGenerator (SequenceIdGenerator.java:getNextId(135)) - Allocate a batch for containerId, change lastId from 0 to 1000.
2025-07-27 04:39:39,465 [b5edd741-2039-4d1d-94cc-17e91a98dfa9@group-DC89DAF7EEB0-StateMachineUpdater] WARN  ha.SequenceIdGenerator (SequenceIdGenerator.java:allocateBatch(248)) - Failed to allocate a batch for localId, expected lastId is 0, actual lastId is 115816896921600000.
2025-07-27 04:39:39,466 [IPC Server handler 1 on default port 15003] INFO  ha.SequenceIdGenerator (SequenceIdGenerator.java:getNextId(135)) - Allocate a batch for localId, change lastId from 115816896921600000 to 115816896921601000.
2025-07-27 04:39:39,510 [ForkJoinPool-1-worker-1] INFO  impl.MetricsSystemImpl (MetricsSystemImpl.java:init(158)) - XceiverClientMetrics metrics system started (again)
2025-07-27 04:39:39,694 [Recon-FixedThreadPoolWithAffinityExecutor-1-0] INFO  scm.ReconContainerManager (ReconContainerManager.java:addNewContainer(242)) - Successfully added container #1 to Recon.
2025-07-27 04:39:39,695 [Recon-FixedThreadPoolWithAffinityExecutor-9-0] INFO  scm.ReconContainerManager (ReconContainerManager.java:addNewContainer(242)) - Successfully added container #1 to Recon.
2025-07-27 04:39:39,808 [Recon-FixedThreadPoolWithAffinityExecutor-1-0] INFO  scm.ReconContainerManager (ReconContainerManager.java:addNewContainer(242)) - Successfully added container #2 to Recon.
2025-07-27 04:39:39,810 [Recon-FixedThreadPoolWithAffinityExecutor-9-0] INFO  scm.ReconContainerManager (ReconContainerManager.java:addNewContainer(242)) - Successfully added container #2 to Recon.
2025-07-27 04:39:39,874 [Recon-FixedThreadPoolWithAffinityExecutor-1-0] INFO  scm.ReconContainerManager (ReconContainerManager.java:addNewContainer(242)) - Successfully added container #3 to Recon.
2025-07-27 04:39:39,962 [Recon-FixedThreadPoolWithAffinityExecutor-9-0] INFO  scm.ReconContainerManager (ReconContainerManager.java:addNewContainer(242)) - Successfully added container #4 to Recon.
2025-07-27 04:39:39,964 [Recon-FixedThreadPoolWithAffinityExecutor-1-0] INFO  scm.ReconContainerManager (ReconContainerManager.java:addNewContainer(242)) - Successfully added container #4 to Recon.
2025-07-27 04:39:41,169 [ForkJoinPool-1-worker-1] INFO  impl.OzoneManagerServiceProviderImpl (OzoneManagerServiceProviderImpl.java:syncDataFromOM(626)) - Seq number of Recon's OM DB : 0
2025-07-27 04:39:41,169 [ForkJoinPool-1-worker-1] INFO  impl.OzoneManagerServiceProviderImpl (OzoneManagerServiceProviderImpl.java:syncDataFromOM(699)) - Obtaining full snapshot from Ozone Manager
2025-07-27 04:39:41,174 [ForkJoinPool-1-worker-1] INFO  updater.ReconTaskStatusUpdater (ReconTaskStatusUpdater.java:updateDetails(124)) - Registered Task: OmSnapshotRequest
2025-07-27 04:39:41,174 [ForkJoinPool-1-worker-1] INFO  impl.OzoneManagerServiceProviderImpl (OzoneManagerServiceProviderImpl.java:checkAndValidateReconDbPermissions(806)) - Permissions for Recon DB directory '/home/runner/work/ozone/ozone/hadoop-ozone/integration-test-recon/target/test-dir/MiniOzoneClusterImpl-1e09403d-52eb-479c-879f-dc89daf7eeb0/ozone-meta/recon' meet the minimum required permissions '750'
2025-07-27 04:39:41,220 [qtp2030196091-488] INFO  utils.DBCheckpointServlet (DBCheckpointServlet.java:doGet(329)) - Received GET request to obtain DB checkpoint snapshot
2025-07-27 04:39:41,227 [qtp2030196091-488] INFO  snapshot.OMDBCheckpointUtils (OMDBCheckpointUtils.java:logEstimatedTarballSize(71)) - Estimates for Checkpoint Tarball Stream - Data size: 0 KB, SST files: 0
2025-07-27 04:39:41,254 [qtp2030196091-488] INFO  db.RDBCheckpointManager (RDBCheckpointManager.java:createCheckpoint(87)) - Created checkpoint in rocksDB at /home/runner/work/ozone/ozone/hadoop-ozone/integration-test-recon/target/test-dir/MiniOzoneClusterImpl-1e09403d-52eb-479c-879f-dc89daf7eeb0/ozone-meta/db.checkpoints/om.db_checkpoint_1753591181252 in 1 milliseconds
2025-07-27 04:39:41,276 [qtp2030196091-488] WARN  server.ServerUtils (ServerUtils.java:getDBPath(292)) - ozone.om.db.dirs is not configured. We recommend adding this setting. Falling back to ozone.metadata.dirs instead.
2025-07-27 04:39:41,278 [qtp2030196091-488] INFO  db.RocksDBCheckpoint (RocksDBCheckpoint.java:cleanupCheckpoint(75)) - Cleaning up RocksDB checkpoint at /home/runner/work/ozone/ozone/hadoop-ozone/integration-test-recon/target/test-dir/MiniOzoneClusterImpl-1e09403d-52eb-479c-879f-dc89daf7eeb0/ozone-meta/db.checkpoints/om.db_checkpoint_1753591181252
2025-07-27 04:39:41,282 [qtp2030196091-488] INFO  om.OMDBCheckpointServletInodeBasedXfer (OMDBCheckpointServletInodeBasedXfer.java:processMetadataSnapshotRequest(147)) - Time taken to write the checkpoint to response output stream: 61 milliseconds
2025-07-27 04:39:41,283 [qtp2030196091-488] INFO  utils.DBCheckpointServlet (DBCheckpointServlet.java:logSstFileList(145)) - Excluded 10 SST files from the latest checkpoint, sample: [(dev=811,ino=303681)-1753591181252, (dev=811,ino=303675)-1753591181242, (dev=811,ino=303680)-1753591181251, (dev=811,ino=303677)-1753591181246, (dev=811,ino=303678)-1753591181249]
2025-07-27 04:39:41,289 [ForkJoinPool-1-worker-1] INFO  recon.TarExtractor (TarExtractor.java:extractTar(129)) - Tar extraction completed and moved from staging to: /home/runner/work/ozone/ozone/hadoop-ozone/integration-test-recon/target/test-dir/MiniOzoneClusterImpl-1e09403d-52eb-479c-879f-dc89daf7eeb0/ozone-meta/recon/om.snapshot.db_1753591181174
2025-07-27 04:39:41,290 [ForkJoinPool-1-worker-1] INFO  impl.OzoneManagerServiceProviderImpl (OzoneManagerServiceProviderImpl.java:getOzoneManagerDBSnapshot(463)) - Number of SST files found in the OM snapshot directory: /home/runner/work/ozone/ozone/hadoop-ozone/integration-test-recon/target/test-dir/MiniOzoneClusterImpl-1e09403d-52eb-479c-879f-dc89daf7eeb0/ozone-meta/recon/om.snapshot.db_1753591181174 - 7
2025-07-27 04:39:41,290 [ForkJoinPool-1-worker-1] INFO  recon.ReconContext (ReconContext.java:updateHealthStatus(76)) - Update healthStatus of Recon from true to true.
2025-07-27 04:39:41,290 [ForkJoinPool-1-worker-1] INFO  impl.OzoneManagerServiceProviderImpl (OzoneManagerServiceProviderImpl.java:updateReconOmDBWithNewSnapshot(510)) - Attempting to update Recon OM DB with new snapshot located at: /home/runner/work/ozone/ozone/hadoop-ozone/integration-test-recon/target/test-dir/MiniOzoneClusterImpl-1e09403d-52eb-479c-879f-dc89daf7eeb0/ozone-meta/recon/om.snapshot.db_1753591181174
2025-07-27 04:39:41,291 [qtp2030196091-488] INFO  requests.ozoneManager (Slf4jRequestLogWriter.java:write(62)) - 127.0.0.1 - - [27/Jul/2025:04:39:41 +0000] "GET /dbCheckpoint HTTP/1.1" 200 135680 "-" "Java/21.0.8"
2025-07-27 04:39:41,322 [ForkJoinPool-1-worker-1] INFO  recovery.ReconOmMetadataManagerImpl (ReconOmMetadataManagerImpl.java:initializeNewRdbStore(97)) - Created OM DB handle from snapshot at /home/runner/work/ozone/ozone/hadoop-ozone/integration-test-recon/target/test-dir/MiniOzoneClusterImpl-1e09403d-52eb-479c-879f-dc89daf7eeb0/ozone-meta/recon/om.snapshot.db_1753591181174.
2025-07-27 04:39:41,328 [ForkJoinPool-1-worker-1] INFO  impl.OzoneManagerServiceProviderImpl (OzoneManagerServiceProviderImpl.java:updateReconOmDBWithNewSnapshot(514)) - Successfully updated Recon OM DB with new snapshot.
2025-07-27 04:39:41,336 [ForkJoinPool-1-worker-1] INFO  updater.ReconTaskStatusUpdater (ReconTaskStatusUpdater.java:updateDetails(124)) - Registered Task: OmDeltaRequest
2025-07-27 04:39:41,336 [ForkJoinPool-1-worker-1] INFO  impl.OzoneManagerServiceProviderImpl (OzoneManagerServiceProviderImpl.java:syncDataFromOM(723)) - Calling reprocess on Recon tasks.
2025-07-27 04:39:41,339 [ForkJoinPool-1-worker-1] INFO  updater.ReconTaskStatusUpdater (ReconTaskStatusUpdater.java:updateDetails(124)) - Registered Task: ContainerKeyMapperTaskFSO
2025-07-27 04:39:41,342 [ForkJoinPool-1-worker-1] INFO  updater.ReconTaskStatusUpdater (ReconTaskStatusUpdater.java:updateDetails(124)) - Registered Task: OmTableInsightTask
2025-07-27 04:39:41,345 [ForkJoinPool-1-worker-1] INFO  updater.ReconTaskStatusUpdater (ReconTaskStatusUpdater.java:updateDetails(124)) - Registered Task: NSSummaryTask
2025-07-27 04:39:41,348 [ForkJoinPool-1-worker-1] INFO  updater.ReconTaskStatusUpdater (ReconTaskStatusUpdater.java:updateDetails(124)) - Registered Task: ContainerKeyMapperTaskOBS
2025-07-27 04:39:41,351 [ForkJoinPool-1-worker-1] INFO  updater.ReconTaskStatusUpdater (ReconTaskStatusUpdater.java:updateDetails(124)) - Registered Task: FileSizeCountTaskOBS
2025-07-27 04:39:41,353 [ForkJoinPool-1-worker-1] INFO  updater.ReconTaskStatusUpdater (ReconTaskStatusUpdater.java:updateDetails(124)) - Registered Task: FileSizeCountTaskFSO
2025-07-27 04:39:41,357 [ReconTaskThread-0] INFO  impl.ReconContainerMetadataManagerImpl (ReconContainerMetadataManagerImpl.java:initializeTables(142)) - KEY_CONTAINER Table is empty, initializing from CONTAINER_KEY Table ...
2025-07-27 04:39:41,357 [ReconTaskThread-0] INFO  impl.ReconContainerMetadataManagerImpl (ReconContainerMetadataManagerImpl.java:initializeKeyContainerTable(694)) - It took 0.0 seconds to initialized 0 records to KEY_CONTAINER table
2025-07-27 04:39:41,544 [Recon-NSSummaryTask-0] INFO  tasks.NSSummaryTaskWithFSO (NSSummaryTaskWithFSO.java:reprocessWithFSO(273)) - Completed a reprocess run of NSSummaryTaskWithFSO
2025-07-27 04:39:41,545 [ReconTaskThread-0] INFO  tasks.NSSummaryTask (NSSummaryTask.java:reprocess(213)) - Task execution time: 19 milliseconds
2025-07-27 04:39:41,557 [ReconTaskThread-0] INFO  tasks.FileSizeCountTaskHelper (FileSizeCountTaskHelper.java:reprocess(92)) - Starting Reprocess for FileSizeCountTaskOBS
2025-07-27 04:39:41,566 [ReconTaskThread-0] INFO  tasks.FileSizeCountTaskHelper (FileSizeCountTaskHelper.java:truncateTableIfNeeded(64)) - Deleted 0 records from "FILE_COUNT_BY_SIZE"
2025-07-27 04:39:41,566 [ReconTaskThread-0] INFO  tasks.FileSizeCountTaskHelper (FileSizeCountTaskHelper.java:reprocessBucketLayout(143)) - Reprocessed 0 keys for bucket layout OBJECT_STORE.
2025-07-27 04:39:41,571 [ReconTaskThread-0] INFO  tasks.FileSizeCountTaskHelper (FileSizeCountTaskHelper.java:reprocess(103)) - FileSizeCountTaskOBS completed Reprocess in 14 ms.
2025-07-27 04:39:41,576 [ReconTaskThread-0] INFO  tasks.FileSizeCountTaskHelper (FileSizeCountTaskHelper.java:reprocess(92)) - Starting Reprocess for FileSizeCountTaskFSO
2025-07-27 04:39:41,576 [ReconTaskThread-0] INFO  tasks.FileSizeCountTaskHelper (FileSizeCountTaskHelper.java:truncateTableIfNeeded(72)) - Table already truncated by another task; waiting for truncation to complete.
2025-07-27 04:39:41,584 [ReconTaskThread-0] INFO  tasks.FileSizeCountTaskHelper (FileSizeCountTaskHelper.java:reprocessBucketLayout(143)) - Reprocessed 50 keys for bucket layout FILE_SYSTEM_OPTIMIZED.
2025-07-27 04:39:41,591 [ReconTaskThread-0] INFO  tasks.FileSizeCountTaskHelper (FileSizeCountTaskHelper.java:reprocess(103)) - FileSizeCountTaskFSO completed Reprocess in 16 ms.
2025-07-27 04:39:41,594 [ForkJoinPool-1-worker-1] INFO  recon.ReconContext (ReconContext.java:updateHealthStatus(76)) - Update healthStatus of Recon from true to true.
2025-07-27 04:39:41,596 [ForkJoinPool-1-worker-1] INFO  recon.TestNSSummaryMemoryLeak (TestNSSummaryMemoryLeak.java:lambda$verifyNSSummaryEntriesExist$0(415)) - Directory count: 11, NSSummary count: 11
2025-07-27 04:39:41,611 [ForkJoinPool-1-worker-1] INFO  impl.OzoneManagerServiceProviderImpl (OzoneManagerServiceProviderImpl.java:syncDataFromOM(626)) - Seq number of Recon's OM DB : 391
2025-07-27 04:39:41,640 [ForkJoinPool-1-worker-1] INFO  impl.OzoneManagerServiceProviderImpl (OzoneManagerServiceProviderImpl.java:innerGetAndApplyDeltaUpdatesFromOM(597)) - From Sequence Number:391, Recon DB Sequence Number: 395, Number of updates received from OM : 1, SequenceNumber diff: 4, SequenceNumber Lag from OM 0, isDBUpdateSuccess: true
2025-07-27 04:39:41,752 [ForkJoinPool-1-worker-1] INFO  impl.OzoneManagerServiceProviderImpl (OzoneManagerServiceProviderImpl.java:syncDataFromOM(692)) - Delta updates received from OM : 1 loops, 4 records
2025-07-27 04:39:41,753 [ForkJoinPool-1-worker-1] INFO  recon.TestNSSummaryMemoryLeak (TestNSSummaryMemoryLeak.java:lambda$verifyEntriesInDeletedTables$1(432)) - Deleted directory count: 1
2025-07-27 04:39:41,753 [ForkJoinPool-1-worker-1] INFO  impl.OzoneManagerServiceProviderImpl (OzoneManagerServiceProviderImpl.java:syncDataFromOM(626)) - Seq number of Recon's OM DB : 396
2025-07-27 04:39:41,758 [IPC Server handler 0 on default port 15008] ERROR db.RDBStore (RDBStore.java:getUpdatesSince(417)) - Unable to get delta updates since sequenceNumber 396. This exception will not be thrown to the client 
org.apache.hadoop.hdds.utils.db.RocksDatabaseException: NotFound: RocksDatabase[/home/runner/work/ozone/ozone/hadoop-ozone/integration-test-recon/target/test-dir/MiniOzoneClusterImpl-1e09403d-52eb-479c-879f-dc89daf7eeb0/ozone-meta/om.db]: Failed to getUpdatesSince 396
	at org.apache.hadoop.hdds.utils.db.RocksDatabase.toRocksDatabaseException(RocksDatabase.java:111)
	at org.apache.hadoop.hdds.utils.db.RocksDatabase.getUpdatesSince(RocksDatabase.java:745)
	at org.apache.hadoop.hdds.utils.db.RDBStore.getUpdatesSince(RDBStore.java:354)
	at org.apache.hadoop.ozone.om.OzoneManager.getDBUpdates(OzoneManager.java:4423)
	at org.apache.hadoop.ozone.protocolPB.OzoneManagerRequestHandler.getOMDBUpdates(OzoneManagerRequestHandler.java:457)
	at org.apache.hadoop.ozone.protocolPB.OzoneManagerRequestHandler.handleReadRequest(OzoneManagerRequestHandler.java:264)
	at org.apache.hadoop.ozone.protocolPB.OzoneManagerProtocolServerSideTranslatorPB.submitReadRequestToOM(OzoneManagerProtocolServerSideTranslatorPB.java:191)
	at org.apache.hadoop.ozone.protocolPB.OzoneManagerProtocolServerSideTranslatorPB.internalProcessRequest(OzoneManagerProtocolServerSideTranslatorPB.java:158)
	at org.apache.hadoop.ozone.protocolPB.OzoneManagerProtocolServerSideTranslatorPB.processRequest(OzoneManagerProtocolServerSideTranslatorPB.java:124)
	at org.apache.hadoop.hdds.server.OzoneProtocolMessageDispatcher.processRequest(OzoneProtocolMessageDispatcher.java:87)
	at org.apache.hadoop.ozone.protocolPB.OzoneManagerProtocolServerSideTranslatorPB.submitRequest(OzoneManagerProtocolServerSideTranslatorPB.java:115)
	at org.apache.hadoop.ozone.protocol.proto.OzoneManagerProtocolProtos$OzoneManagerService$2.callBlockingMethod(OzoneManagerProtocolProtos.java)
	at org.apache.hadoop.ipc.ProtobufRpcEngine$Server.processCall(ProtobufRpcEngine.java:484)
	at org.apache.hadoop.ipc.ProtobufRpcEngine2$Server$ProtoBufRpcInvoker.call(ProtobufRpcEngine2.java:595)
	at org.apache.hadoop.ipc.ProtobufRpcEngine2$Server$ProtoBufRpcInvoker.call(ProtobufRpcEngine2.java:573)
	at org.apache.hadoop.ipc.RPC$Server.call(RPC.java:1227)
	at org.apache.hadoop.ipc.Server$RpcCall.run(Server.java:1246)
	at org.apache.hadoop.ipc.Server$RpcCall.run(Server.java:1169)
	at java.base/java.security.AccessController.doPrivileged(AccessController.java:714)
	at java.base/javax.security.auth.Subject.doAs(Subject.java:525)
	at org.apache.hadoop.security.UserGroupInformation.doAs(UserGroupInformation.java:1953)
	at org.apache.hadoop.ipc.Server$Handler.run(Server.java:3198)
Caused by: org.rocksdb.RocksDBException: Requested sequence not yet written in the db
	at org.rocksdb.RocksDB.getUpdatesSince(Native Method)
	at org.rocksdb.RocksDB.getUpdatesSince(RocksDB.java:3966)
	at org.apache.hadoop.hdds.utils.db.RocksDatabase.getUpdatesSince(RocksDatabase.java:742)
	... 20 more
2025-07-27 04:39:41,758 [IPC Server handler 0 on default port 15008] WARN  db.RDBStore (RDBStore.java:getUpdatesSince(429)) - Returned DBUpdates isDBUpdateSuccess: false
2025-07-27 04:39:41,759 [ForkJoinPool-1-worker-1] INFO  impl.OzoneManagerServiceProviderImpl (OzoneManagerServiceProviderImpl.java:innerGetAndApplyDeltaUpdatesFromOM(597)) - From Sequence Number:396, Recon DB Sequence Number: 396, Number of updates received from OM : 0, SequenceNumber diff: 0, SequenceNumber Lag from OM 0, isDBUpdateSuccess: false
2025-07-27 04:39:41,759 [ForkJoinPool-1-worker-1] ERROR impl.OzoneManagerServiceProviderImpl (OzoneManagerServiceProviderImpl.java:getAndApplyDeltaUpdatesFromOM(540)) - Retrieve OM DB delta update failed for sequence number : 396, so falling back to full snapshot.
2025-07-27 04:39:41,761 [ForkJoinPool-1-worker-1] WARN  impl.OzoneManagerServiceProviderImpl (OzoneManagerServiceProviderImpl.java:syncDataFromOM(684)) - Unable to get and apply delta updates from OM: Unable to get delta updates since sequenceNumber - 396, falling back to full snapshot
2025-07-27 04:39:41,761 [ForkJoinPool-1-worker-1] INFO  impl.OzoneManagerServiceProviderImpl (OzoneManagerServiceProviderImpl.java:syncDataFromOM(692)) - Delta updates received from OM : 0 loops, 0 records
2025-07-27 04:39:41,761 [ForkJoinPool-1-worker-1] INFO  impl.OzoneManagerServiceProviderImpl (OzoneManagerServiceProviderImpl.java:syncDataFromOM(699)) - Obtaining full snapshot from Ozone Manager
2025-07-27 04:39:41,763 [ForkJoinPool-1-worker-1] INFO  impl.OzoneManagerServiceProviderImpl (OzoneManagerServiceProviderImpl.java:checkAndValidateReconDbPermissions(806)) - Permissions for Recon DB directory '/home/runner/work/ozone/ozone/hadoop-ozone/integration-test-recon/target/test-dir/MiniOzoneClusterImpl-1e09403d-52eb-479c-879f-dc89daf7eeb0/ozone-meta/recon' meet the minimum required permissions '750'
2025-07-27 04:39:41,765 [ForkJoinPool-1-worker-1] INFO  impl.OzoneManagerServiceProviderImpl (OzoneManagerServiceProviderImpl.java:getOzoneManagerDBSnapshot(422)) - Successfully deleted existing OM DB snapshot directory: /home/runner/work/ozone/ozone/hadoop-ozone/integration-test-recon/target/test-dir/MiniOzoneClusterImpl-1e09403d-52eb-479c-879f-dc89daf7eeb0/ozone-meta/recon/om.snapshot.db_1753591181174
2025-07-27 04:39:41,768 [qtp2030196091-484] INFO  utils.DBCheckpointServlet (DBCheckpointServlet.java:doGet(329)) - Received GET request to obtain DB checkpoint snapshot
2025-07-27 04:39:41,770 [qtp2030196091-484] INFO  snapshot.OMDBCheckpointUtils (OMDBCheckpointUtils.java:logEstimatedTarballSize(71)) - Estimates for Checkpoint Tarball Stream - Data size: 12 KB, SST files: 7
2025-07-27 04:39:41,784 [qtp2030196091-484] INFO  db.RDBCheckpointManager (RDBCheckpointManager.java:createCheckpoint(87)) - Created checkpoint in rocksDB at /home/runner/work/ozone/ozone/hadoop-ozone/integration-test-recon/target/test-dir/MiniOzoneClusterImpl-1e09403d-52eb-479c-879f-dc89daf7eeb0/ozone-meta/db.checkpoints/om.db_checkpoint_1753591181782 in 2 milliseconds
2025-07-27 04:39:41,794 [qtp2030196091-484] WARN  server.ServerUtils (ServerUtils.java:getDBPath(292)) - ozone.om.db.dirs is not configured. We recommend adding this setting. Falling back to ozone.metadata.dirs instead.
2025-07-27 04:39:41,795 [qtp2030196091-484] INFO  db.RocksDBCheckpoint (RocksDBCheckpoint.java:cleanupCheckpoint(75)) - Cleaning up RocksDB checkpoint at /home/runner/work/ozone/ozone/hadoop-ozone/integration-test-recon/target/test-dir/MiniOzoneClusterImpl-1e09403d-52eb-479c-879f-dc89daf7eeb0/ozone-meta/db.checkpoints/om.db_checkpoint_1753591181782
2025-07-27 04:39:41,796 [qtp2030196091-484] INFO  om.OMDBCheckpointServletInodeBasedXfer (OMDBCheckpointServletInodeBasedXfer.java:processMetadataSnapshotRequest(147)) - Time taken to write the checkpoint to response output stream: 27 milliseconds
2025-07-27 04:39:41,797 [qtp2030196091-484] INFO  utils.DBCheckpointServlet (DBCheckpointServlet.java:logSstFileList(145)) - Excluded 14 SST files from the latest checkpoint, sample: [(dev=811,ino=303690)-1753591181777, (dev=811,ino=303698)-1753591181782, (dev=811,ino=303678)-1753591181249, (dev=811,ino=303697)-1753591181782, (dev=811,ino=301114)-1753591158871]
2025-07-27 04:39:41,797 [qtp2030196091-484] INFO  requests.ozoneManager (Slf4jRequestLogWriter.java:write(62)) - 127.0.0.1 - - [27/Jul/2025:04:39:41 +0000] "GET /dbCheckpoint HTTP/1.1" 200 148992 "-" "Java/21.0.8"
2025-07-27 04:39:41,801 [ForkJoinPool-1-worker-1] INFO  recon.TarExtractor (TarExtractor.java:extractTar(129)) - Tar extraction completed and moved from staging to: /home/runner/work/ozone/ozone/hadoop-ozone/integration-test-recon/target/test-dir/MiniOzoneClusterImpl-1e09403d-52eb-479c-879f-dc89daf7eeb0/ozone-meta/recon/om.snapshot.db_1753591181763
2025-07-27 04:39:41,802 [ForkJoinPool-1-worker-1] INFO  impl.OzoneManagerServiceProviderImpl (OzoneManagerServiceProviderImpl.java:getOzoneManagerDBSnapshot(463)) - Number of SST files found in the OM snapshot directory: /home/runner/work/ozone/ozone/hadoop-ozone/integration-test-recon/target/test-dir/MiniOzoneClusterImpl-1e09403d-52eb-479c-879f-dc89daf7eeb0/ozone-meta/recon/om.snapshot.db_1753591181763 - 11
2025-07-27 04:39:41,802 [ForkJoinPool-1-worker-1] INFO  recon.ReconContext (ReconContext.java:updateHealthStatus(76)) - Update healthStatus of Recon from true to true.
2025-07-27 04:39:41,802 [ForkJoinPool-1-worker-1] INFO  impl.OzoneManagerServiceProviderImpl (OzoneManagerServiceProviderImpl.java:updateReconOmDBWithNewSnapshot(510)) - Attempting to update Recon OM DB with new snapshot located at: /home/runner/work/ozone/ozone/hadoop-ozone/integration-test-recon/target/test-dir/MiniOzoneClusterImpl-1e09403d-52eb-479c-879f-dc89daf7eeb0/ozone-meta/recon/om.snapshot.db_1753591181763
2025-07-27 04:39:41,835 [ForkJoinPool-1-worker-1] INFO  recovery.ReconOmMetadataManagerImpl (ReconOmMetadataManagerImpl.java:initializeNewRdbStore(97)) - Created OM DB handle from snapshot at /home/runner/work/ozone/ozone/hadoop-ozone/integration-test-recon/target/test-dir/MiniOzoneClusterImpl-1e09403d-52eb-479c-879f-dc89daf7eeb0/ozone-meta/recon/om.snapshot.db_1753591181763.
2025-07-27 04:39:41,835 [ForkJoinPool-1-worker-1] WARN  om.OmMetadataManagerImpl (OmMetadataManagerImpl.java:get(1859)) - Overwriting an existing table userTable: TypedTable-userTable(String->PersistedUserVolumeInfo)
2025-07-27 04:39:41,836 [ForkJoinPool-1-worker-1] WARN  om.OmMetadataManagerImpl (OmMetadataManagerImpl.java:get(1859)) - Overwriting an existing table volumeTable: TypedTable-volumeTable(String->OmVolumeArgs)
2025-07-27 04:39:41,837 [ForkJoinPool-1-worker-1] WARN  om.OmMetadataManagerImpl (OmMetadataManagerImpl.java:get(1859)) - Overwriting an existing table bucketTable: TypedTable-bucketTable(String->OmBucketInfo)
2025-07-27 04:39:41,837 [ForkJoinPool-1-worker-1] WARN  om.OmMetadataManagerImpl (OmMetadataManagerImpl.java:get(1859)) - Overwriting an existing table keyTable: TypedTable-keyTable(String->OmKeyInfo)
2025-07-27 04:39:41,838 [ForkJoinPool-1-worker-1] WARN  om.OmMetadataManagerImpl (OmMetadataManagerImpl.java:get(1859)) - Overwriting an existing table openKeyTable: TypedTable-openKeyTable(String->OmKeyInfo)
2025-07-27 04:39:41,838 [ForkJoinPool-1-worker-1] WARN  om.OmMetadataManagerImpl (OmMetadataManagerImpl.java:get(1859)) - Overwriting an existing table multipartInfoTable: TypedTable-multipartInfoTable(String->OmMultipartKeyInfo)
2025-07-27 04:39:41,838 [ForkJoinPool-1-worker-1] WARN  om.OmMetadataManagerImpl (OmMetadataManagerImpl.java:get(1859)) - Overwriting an existing table deletedTable: TypedTable-deletedTable(String->RepeatedOmKeyInfo)
2025-07-27 04:39:41,839 [ForkJoinPool-1-worker-1] WARN  om.OmMetadataManagerImpl (OmMetadataManagerImpl.java:get(1859)) - Overwriting an existing table directoryTable: TypedTable-directoryTable(String->OmDirectoryInfo)
2025-07-27 04:39:41,839 [ForkJoinPool-1-worker-1] WARN  om.OmMetadataManagerImpl (OmMetadataManagerImpl.java:get(1859)) - Overwriting an existing table fileTable: TypedTable-fileTable(String->OmKeyInfo)
2025-07-27 04:39:41,839 [ForkJoinPool-1-worker-1] WARN  om.OmMetadataManagerImpl (OmMetadataManagerImpl.java:get(1859)) - Overwriting an existing table openFileTable: TypedTable-openFileTable(String->OmKeyInfo)
2025-07-27 04:39:41,839 [ForkJoinPool-1-worker-1] WARN  om.OmMetadataManagerImpl (OmMetadataManagerImpl.java:get(1859)) - Overwriting an existing table deletedDirectoryTable: TypedTable-deletedDirectoryTable(String->OmKeyInfo)
2025-07-27 04:39:41,840 [ForkJoinPool-1-worker-1] WARN  om.OmMetadataManagerImpl (OmMetadataManagerImpl.java:get(1859)) - Overwriting an existing table dTokenTable: TypedTable-dTokenTable(OzoneTokenIdentifier->Long)
2025-07-27 04:39:41,840 [ForkJoinPool-1-worker-1] WARN  om.OmMetadataManagerImpl (OmMetadataManagerImpl.java:get(1859)) - Overwriting an existing table s3SecretTable: TypedTable-s3SecretTable(String->S3SecretValue)
2025-07-27 04:39:41,840 [ForkJoinPool-1-worker-1] WARN  om.OmMetadataManagerImpl (OmMetadataManagerImpl.java:get(1859)) - Overwriting an existing table prefixTable: TypedTable-prefixTable(String->OmPrefixInfo)
2025-07-27 04:39:41,841 [ForkJoinPool-1-worker-1] WARN  om.OmMetadataManagerImpl (OmMetadataManagerImpl.java:get(1859)) - Overwriting an existing table transactionInfoTable: TypedTable-transactionInfoTable(String->TransactionInfo)
2025-07-27 04:39:41,841 [ForkJoinPool-1-worker-1] WARN  om.OmMetadataManagerImpl (OmMetadataManagerImpl.java:get(1859)) - Overwriting an existing table metaTable: TypedTable-metaTable(String->String)
2025-07-27 04:39:41,841 [ForkJoinPool-1-worker-1] WARN  om.OmMetadataManagerImpl (OmMetadataManagerImpl.java:get(1859)) - Overwriting an existing table tenantAccessIdTable: TypedTable-tenantAccessIdTable(String->OmDBAccessIdInfo)
2025-07-27 04:39:41,842 [ForkJoinPool-1-worker-1] WARN  om.OmMetadataManagerImpl (OmMetadataManagerImpl.java:get(1859)) - Overwriting an existing table principalToAccessIdsTable: TypedTable-principalToAccessIdsTable(String->OmDBUserPrincipalInfo)
2025-07-27 04:39:41,842 [ForkJoinPool-1-worker-1] WARN  om.OmMetadataManagerImpl (OmMetadataManagerImpl.java:get(1859)) - Overwriting an existing table tenantStateTable: TypedTable-tenantStateTable(String->OmDBTenantState)
2025-07-27 04:39:41,842 [ForkJoinPool-1-worker-1] WARN  om.OmMetadataManagerImpl (OmMetadataManagerImpl.java:get(1859)) - Overwriting an existing table snapshotInfoTable: TypedTable-snapshotInfoTable(String->SnapshotInfo)
2025-07-27 04:39:41,843 [ForkJoinPool-1-worker-1] WARN  om.OmMetadataManagerImpl (OmMetadataManagerImpl.java:get(1859)) - Overwriting an existing table snapshotRenamedTable: TypedTable-snapshotRenamedTable(String->String)
2025-07-27 04:39:41,843 [ForkJoinPool-1-worker-1] WARN  om.OmMetadataManagerImpl (OmMetadataManagerImpl.java:get(1859)) - Overwriting an existing table compactionLogTable: TypedTable-compactionLogTable(String->CompactionLogEntry)
2025-07-27 04:39:41,846 [ForkJoinPool-1-worker-1] INFO  impl.OzoneManagerServiceProviderImpl (OzoneManagerServiceProviderImpl.java:updateReconOmDBWithNewSnapshot(514)) - Successfully updated Recon OM DB with new snapshot.
2025-07-27 04:39:41,851 [ForkJoinPool-1-worker-1] INFO  impl.OzoneManagerServiceProviderImpl (OzoneManagerServiceProviderImpl.java:syncDataFromOM(723)) - Calling reprocess on Recon tasks.
2025-07-27 04:39:41,866 [ReconTaskThread-0] INFO  impl.ReconContainerMetadataManagerImpl (ReconContainerMetadataManagerImpl.java:initializeTables(142)) - KEY_CONTAINER Table is empty, initializing from CONTAINER_KEY Table ...
2025-07-27 04:39:41,866 [ReconTaskThread-0] INFO  impl.ReconContainerMetadataManagerImpl (ReconContainerMetadataManagerImpl.java:initializeKeyContainerTable(694)) - It took 0.0 seconds to initialized 0 records to KEY_CONTAINER table
2025-07-27 04:39:41,977 [Recon-NSSummaryTask-0] INFO  tasks.NSSummaryTaskWithFSO (NSSummaryTaskWithFSO.java:reprocessWithFSO(273)) - Completed a reprocess run of NSSummaryTaskWithFSO
2025-07-27 04:39:41,977 [ReconTaskThread-0] INFO  tasks.NSSummaryTask (NSSummaryTask.java:reprocess(213)) - Task execution time: 7 milliseconds
2025-07-27 04:39:41,981 [ReconTaskThread-0] INFO  tasks.FileSizeCountTaskHelper (FileSizeCountTaskHelper.java:reprocess(92)) - Starting Reprocess for FileSizeCountTaskOBS
2025-07-27 04:39:41,983 [ReconTaskThread-0] INFO  tasks.FileSizeCountTaskHelper (FileSizeCountTaskHelper.java:truncateTableIfNeeded(64)) - Deleted 1 records from "FILE_COUNT_BY_SIZE"
2025-07-27 04:39:41,984 [ReconTaskThread-0] INFO  tasks.FileSizeCountTaskHelper (FileSizeCountTaskHelper.java:reprocessBucketLayout(143)) - Reprocessed 0 keys for bucket layout OBJECT_STORE.
2025-07-27 04:39:41,984 [ReconTaskThread-0] INFO  tasks.FileSizeCountTaskHelper (FileSizeCountTaskHelper.java:reprocess(103)) - FileSizeCountTaskOBS completed Reprocess in 4 ms.
2025-07-27 04:39:41,986 [ReconTaskThread-0] INFO  tasks.FileSizeCountTaskHelper (FileSizeCountTaskHelper.java:reprocess(92)) - Starting Reprocess for FileSizeCountTaskFSO
2025-07-27 04:39:41,986 [ReconTaskThread-0] INFO  tasks.FileSizeCountTaskHelper (FileSizeCountTaskHelper.java:truncateTableIfNeeded(72)) - Table already truncated by another task; waiting for truncation to complete.
2025-07-27 04:39:41,990 [ReconTaskThread-0] INFO  tasks.FileSizeCountTaskHelper (FileSizeCountTaskHelper.java:reprocessBucketLayout(143)) - Reprocessed 50 keys for bucket layout FILE_SYSTEM_OPTIMIZED.
2025-07-27 04:39:41,992 [ReconTaskThread-0] INFO  tasks.FileSizeCountTaskHelper (FileSizeCountTaskHelper.java:reprocess(103)) - FileSizeCountTaskFSO completed Reprocess in 7 ms.
2025-07-27 04:39:41,994 [ForkJoinPool-1-worker-1] INFO  recon.ReconContext (ReconContext.java:updateHealthStatus(76)) - Update healthStatus of Recon from true to true.
2025-07-27 04:39:41,994 [ForkJoinPool-1-worker-1] INFO  recon.TestNSSummaryMemoryLeak (TestNSSummaryMemoryLeak.java:verifyNSSummaryCleanup(500)) - NSSummary cleanup verification completed
2025-07-27 04:39:41,995 [ForkJoinPool-1-worker-1] INFO  recon.TestNSSummaryMemoryLeak (TestNSSummaryMemoryLeak.java:testNSSummaryCleanupOnHardDelete(244)) - NSSummary memory leak fix test completed successfully
]]></system-out>
  </testcase>
  <testcase name="testMemoryLeakWithLargeStructure" classname="org.apache.hadoop.ozone.recon.TestNSSummaryMemoryLeak" time="14.141">
    <failure message="expected: &lt;true&gt; but was: &lt;false&gt;" type="org.opentest4j.AssertionFailedError"><![CDATA[org.opentest4j.AssertionFailedError: expected: <true> but was: <false>
	at org.junit.jupiter.api.AssertionFailureBuilder.build(AssertionFailureBuilder.java:151)
	at org.junit.jupiter.api.AssertionFailureBuilder.buildAndThrow(AssertionFailureBuilder.java:132)
	at org.junit.jupiter.api.AssertTrue.failNotTrue(AssertTrue.java:63)
	at org.junit.jupiter.api.AssertTrue.assertTrue(AssertTrue.java:36)
	at org.junit.jupiter.api.AssertTrue.assertTrue(AssertTrue.java:31)
	at org.junit.jupiter.api.Assertions.assertTrue(Assertions.java:183)
	at org.apache.hadoop.ozone.recon.TestNSSummaryMemoryLeak.testMemoryLeakWithLargeStructure(TestNSSummaryMemoryLeak.java:321)
	at java.base/java.lang.reflect.Method.invoke(Method.java:580)
	at java.base/java.util.concurrent.ForkJoinTask.doExec(ForkJoinTask.java:387)
	at java.base/java.util.concurrent.ForkJoinPool$WorkQueue.topLevelExec(ForkJoinPool.java:1312)
	at java.base/java.util.concurrent.ForkJoinPool.scan(ForkJoinPool.java:1843)
	at java.base/java.util.concurrent.ForkJoinPool.runWorker(ForkJoinPool.java:1808)
	at java.base/java.util.concurrent.ForkJoinWorkerThread.run(ForkJoinWorkerThread.java:188)
]]></failure>
    <system-out><![CDATA[2025-07-27 04:39:42,004 [ForkJoinPool-1-worker-1] INFO  recon.TestNSSummaryMemoryLeak (TestNSSummaryMemoryLeak.java:testMemoryLeakWithLargeStructure(285)) - Starting large structure memory leak test
2025-07-27 04:39:53,754 [IPC Server handler 35 on default port 15003] INFO  ha.SequenceIdGenerator (SequenceIdGenerator.java:getNextId(135)) - Allocate a batch for localId, change lastId from 115816896921601000 to 115816896921602000.
2025-07-27 04:39:54,172 [ForkJoinPool-1-worker-1] INFO  impl.OzoneManagerServiceProviderImpl (OzoneManagerServiceProviderImpl.java:syncDataFromOM(626)) - Seq number of Recon's OM DB : 395
2025-07-27 04:39:54,347 [ForkJoinPool-1-worker-1] INFO  impl.OzoneManagerServiceProviderImpl (OzoneManagerServiceProviderImpl.java:innerGetAndApplyDeltaUpdatesFromOM(597)) - From Sequence Number:395, Recon DB Sequence Number: 7548, Number of updates received from OM : 2051, SequenceNumber diff: 7153, SequenceNumber Lag from OM 0, isDBUpdateSuccess: true
2025-07-27 04:39:54,543 [ForkJoinPool-1-worker-1] INFO  impl.OzoneManagerServiceProviderImpl (OzoneManagerServiceProviderImpl.java:syncDataFromOM(692)) - Delta updates received from OM : 1 loops, 7153 records
2025-07-27 04:39:54,555 [ForkJoinPool-1-worker-1] INFO  impl.OzoneManagerServiceProviderImpl (OzoneManagerServiceProviderImpl.java:syncDataFromOM(626)) - Seq number of Recon's OM DB : 7548
2025-07-27 04:39:54,563 [ForkJoinPool-1-worker-1] INFO  impl.OzoneManagerServiceProviderImpl (OzoneManagerServiceProviderImpl.java:innerGetAndApplyDeltaUpdatesFromOM(597)) - From Sequence Number:7548, Recon DB Sequence Number: 7552, Number of updates received from OM : 1, SequenceNumber diff: 4, SequenceNumber Lag from OM 0, isDBUpdateSuccess: true
2025-07-27 04:39:54,679 [ForkJoinPool-1-worker-1] INFO  impl.OzoneManagerServiceProviderImpl (OzoneManagerServiceProviderImpl.java:syncDataFromOM(692)) - Delta updates received from OM : 1 loops, 4 records
2025-07-27 04:39:54,681 [ForkJoinPool-1-worker-1] INFO  impl.OzoneManagerServiceProviderImpl (OzoneManagerServiceProviderImpl.java:syncDataFromOM(626)) - Seq number of Recon's OM DB : 7554
2025-07-27 04:39:54,686 [IPC Server handler 15 on default port 15008] ERROR db.RDBStore (RDBStore.java:getUpdatesSince(417)) - Unable to get delta updates since sequenceNumber 7554. This exception will not be thrown to the client 
org.apache.hadoop.hdds.utils.db.RocksDatabaseException: NotFound: RocksDatabase[/home/runner/work/ozone/ozone/hadoop-ozone/integration-test-recon/target/test-dir/MiniOzoneClusterImpl-1e09403d-52eb-479c-879f-dc89daf7eeb0/ozone-meta/om.db]: Failed to getUpdatesSince 7554
	at org.apache.hadoop.hdds.utils.db.RocksDatabase.toRocksDatabaseException(RocksDatabase.java:111)
	at org.apache.hadoop.hdds.utils.db.RocksDatabase.getUpdatesSince(RocksDatabase.java:745)
	at org.apache.hadoop.hdds.utils.db.RDBStore.getUpdatesSince(RDBStore.java:354)
	at org.apache.hadoop.ozone.om.OzoneManager.getDBUpdates(OzoneManager.java:4423)
	at org.apache.hadoop.ozone.protocolPB.OzoneManagerRequestHandler.getOMDBUpdates(OzoneManagerRequestHandler.java:457)
	at org.apache.hadoop.ozone.protocolPB.OzoneManagerRequestHandler.handleReadRequest(OzoneManagerRequestHandler.java:264)
	at org.apache.hadoop.ozone.protocolPB.OzoneManagerProtocolServerSideTranslatorPB.submitReadRequestToOM(OzoneManagerProtocolServerSideTranslatorPB.java:191)
	at org.apache.hadoop.ozone.protocolPB.OzoneManagerProtocolServerSideTranslatorPB.internalProcessRequest(OzoneManagerProtocolServerSideTranslatorPB.java:158)
	at org.apache.hadoop.ozone.protocolPB.OzoneManagerProtocolServerSideTranslatorPB.processRequest(OzoneManagerProtocolServerSideTranslatorPB.java:124)
	at org.apache.hadoop.hdds.server.OzoneProtocolMessageDispatcher.processRequest(OzoneProtocolMessageDispatcher.java:87)
	at org.apache.hadoop.ozone.protocolPB.OzoneManagerProtocolServerSideTranslatorPB.submitRequest(OzoneManagerProtocolServerSideTranslatorPB.java:115)
	at org.apache.hadoop.ozone.protocol.proto.OzoneManagerProtocolProtos$OzoneManagerService$2.callBlockingMethod(OzoneManagerProtocolProtos.java)
	at org.apache.hadoop.ipc.ProtobufRpcEngine$Server.processCall(ProtobufRpcEngine.java:484)
	at org.apache.hadoop.ipc.ProtobufRpcEngine2$Server$ProtoBufRpcInvoker.call(ProtobufRpcEngine2.java:595)
	at org.apache.hadoop.ipc.ProtobufRpcEngine2$Server$ProtoBufRpcInvoker.call(ProtobufRpcEngine2.java:573)
	at org.apache.hadoop.ipc.RPC$Server.call(RPC.java:1227)
	at org.apache.hadoop.ipc.Server$RpcCall.run(Server.java:1246)
	at org.apache.hadoop.ipc.Server$RpcCall.run(Server.java:1169)
	at java.base/java.security.AccessController.doPrivileged(AccessController.java:714)
	at java.base/javax.security.auth.Subject.doAs(Subject.java:525)
	at org.apache.hadoop.security.UserGroupInformation.doAs(UserGroupInformation.java:1953)
	at org.apache.hadoop.ipc.Server$Handler.run(Server.java:3198)
Caused by: org.rocksdb.RocksDBException: Requested sequence not yet written in the db
	at org.rocksdb.RocksDB.getUpdatesSince(Native Method)
	at org.rocksdb.RocksDB.getUpdatesSince(RocksDB.java:3966)
	at org.apache.hadoop.hdds.utils.db.RocksDatabase.getUpdatesSince(RocksDatabase.java:742)
	... 20 more
2025-07-27 04:39:54,687 [IPC Server handler 15 on default port 15008] WARN  db.RDBStore (RDBStore.java:getUpdatesSince(429)) - Returned DBUpdates isDBUpdateSuccess: false
2025-07-27 04:39:54,688 [ForkJoinPool-1-worker-1] INFO  impl.OzoneManagerServiceProviderImpl (OzoneManagerServiceProviderImpl.java:innerGetAndApplyDeltaUpdatesFromOM(597)) - From Sequence Number:7554, Recon DB Sequence Number: 7554, Number of updates received from OM : 0, SequenceNumber diff: 0, SequenceNumber Lag from OM 0, isDBUpdateSuccess: false
2025-07-27 04:39:54,688 [ForkJoinPool-1-worker-1] ERROR impl.OzoneManagerServiceProviderImpl (OzoneManagerServiceProviderImpl.java:getAndApplyDeltaUpdatesFromOM(540)) - Retrieve OM DB delta update failed for sequence number : 7554, so falling back to full snapshot.
2025-07-27 04:39:54,690 [ForkJoinPool-1-worker-1] WARN  impl.OzoneManagerServiceProviderImpl (OzoneManagerServiceProviderImpl.java:syncDataFromOM(684)) - Unable to get and apply delta updates from OM: Unable to get delta updates since sequenceNumber - 7554, falling back to full snapshot
2025-07-27 04:39:54,690 [ForkJoinPool-1-worker-1] INFO  impl.OzoneManagerServiceProviderImpl (OzoneManagerServiceProviderImpl.java:syncDataFromOM(692)) - Delta updates received from OM : 0 loops, 0 records
2025-07-27 04:39:54,690 [ForkJoinPool-1-worker-1] INFO  impl.OzoneManagerServiceProviderImpl (OzoneManagerServiceProviderImpl.java:syncDataFromOM(699)) - Obtaining full snapshot from Ozone Manager
2025-07-27 04:39:54,692 [ForkJoinPool-1-worker-1] INFO  impl.OzoneManagerServiceProviderImpl (OzoneManagerServiceProviderImpl.java:checkAndValidateReconDbPermissions(806)) - Permissions for Recon DB directory '/home/runner/work/ozone/ozone/hadoop-ozone/integration-test-recon/target/test-dir/MiniOzoneClusterImpl-1e09403d-52eb-479c-879f-dc89daf7eeb0/ozone-meta/recon' meet the minimum required permissions '750'
2025-07-27 04:39:54,695 [ForkJoinPool-1-worker-1] INFO  impl.OzoneManagerServiceProviderImpl (OzoneManagerServiceProviderImpl.java:getOzoneManagerDBSnapshot(422)) - Successfully deleted existing OM DB snapshot directory: /home/runner/work/ozone/ozone/hadoop-ozone/integration-test-recon/target/test-dir/MiniOzoneClusterImpl-1e09403d-52eb-479c-879f-dc89daf7eeb0/ozone-meta/recon/om.snapshot.db_1753591181763
2025-07-27 04:39:54,701 [qtp2030196091-483] INFO  utils.DBCheckpointServlet (DBCheckpointServlet.java:doGet(329)) - Received GET request to obtain DB checkpoint snapshot
2025-07-27 04:39:54,702 [qtp2030196091-483] INFO  snapshot.OMDBCheckpointUtils (OMDBCheckpointUtils.java:logEstimatedTarballSize(71)) - Estimates for Checkpoint Tarball Stream - Data size: 17 KB, SST files: 11
2025-07-27 04:39:54,734 [qtp2030196091-483] INFO  db.RDBCheckpointManager (RDBCheckpointManager.java:createCheckpoint(87)) - Created checkpoint in rocksDB at /home/runner/work/ozone/ozone/hadoop-ozone/integration-test-recon/target/test-dir/MiniOzoneClusterImpl-1e09403d-52eb-479c-879f-dc89daf7eeb0/ozone-meta/db.checkpoints/om.db_checkpoint_1753591194732 in 2 milliseconds
2025-07-27 04:39:54,745 [qtp2030196091-483] WARN  server.ServerUtils (ServerUtils.java:getDBPath(292)) - ozone.om.db.dirs is not configured. We recommend adding this setting. Falling back to ozone.metadata.dirs instead.
2025-07-27 04:39:54,747 [qtp2030196091-483] INFO  db.RocksDBCheckpoint (RocksDBCheckpoint.java:cleanupCheckpoint(75)) - Cleaning up RocksDB checkpoint at /home/runner/work/ozone/ozone/hadoop-ozone/integration-test-recon/target/test-dir/MiniOzoneClusterImpl-1e09403d-52eb-479c-879f-dc89daf7eeb0/ozone-meta/db.checkpoints/om.db_checkpoint_1753591194732
2025-07-27 04:39:54,748 [qtp2030196091-483] INFO  om.OMDBCheckpointServletInodeBasedXfer (OMDBCheckpointServletInodeBasedXfer.java:processMetadataSnapshotRequest(147)) - Time taken to write the checkpoint to response output stream: 47 milliseconds
2025-07-27 04:39:54,749 [qtp2030196091-483] INFO  utils.DBCheckpointServlet (DBCheckpointServlet.java:logSstFileList(145)) - Excluded 20 SST files from the latest checkpoint, sample: [(dev=811,ino=303712)-1753591194712, (dev=811,ino=303717)-1753591194720, (dev=811,ino=303690)-1753591181777, (dev=811,ino=303714)-1753591194716, (dev=811,ino=303678)-1753591181249]
2025-07-27 04:39:54,750 [qtp2030196091-483] INFO  requests.ozoneManager (Slf4jRequestLogWriter.java:write(62)) - 127.0.0.1 - - [27/Jul/2025:04:39:54 +0000] "GET /dbCheckpoint HTTP/1.1" 200 236544 "-" "Java/21.0.8"
2025-07-27 04:39:54,750 [ForkJoinPool-1-worker-1] INFO  recon.TarExtractor (TarExtractor.java:extractTar(129)) - Tar extraction completed and moved from staging to: /home/runner/work/ozone/ozone/hadoop-ozone/integration-test-recon/target/test-dir/MiniOzoneClusterImpl-1e09403d-52eb-479c-879f-dc89daf7eeb0/ozone-meta/recon/om.snapshot.db_1753591194692
2025-07-27 04:39:54,752 [ForkJoinPool-1-worker-1] INFO  impl.OzoneManagerServiceProviderImpl (OzoneManagerServiceProviderImpl.java:getOzoneManagerDBSnapshot(463)) - Number of SST files found in the OM snapshot directory: /home/runner/work/ozone/ozone/hadoop-ozone/integration-test-recon/target/test-dir/MiniOzoneClusterImpl-1e09403d-52eb-479c-879f-dc89daf7eeb0/ozone-meta/recon/om.snapshot.db_1753591194692 - 17
2025-07-27 04:39:54,752 [ForkJoinPool-1-worker-1] INFO  recon.ReconContext (ReconContext.java:updateHealthStatus(76)) - Update healthStatus of Recon from true to true.
2025-07-27 04:39:54,752 [ForkJoinPool-1-worker-1] INFO  impl.OzoneManagerServiceProviderImpl (OzoneManagerServiceProviderImpl.java:updateReconOmDBWithNewSnapshot(510)) - Attempting to update Recon OM DB with new snapshot located at: /home/runner/work/ozone/ozone/hadoop-ozone/integration-test-recon/target/test-dir/MiniOzoneClusterImpl-1e09403d-52eb-479c-879f-dc89daf7eeb0/ozone-meta/recon/om.snapshot.db_1753591194692
2025-07-27 04:39:54,786 [ForkJoinPool-1-worker-1] INFO  recovery.ReconOmMetadataManagerImpl (ReconOmMetadataManagerImpl.java:initializeNewRdbStore(97)) - Created OM DB handle from snapshot at /home/runner/work/ozone/ozone/hadoop-ozone/integration-test-recon/target/test-dir/MiniOzoneClusterImpl-1e09403d-52eb-479c-879f-dc89daf7eeb0/ozone-meta/recon/om.snapshot.db_1753591194692.
2025-07-27 04:39:54,786 [ForkJoinPool-1-worker-1] WARN  om.OmMetadataManagerImpl (OmMetadataManagerImpl.java:get(1859)) - Overwriting an existing table userTable: TypedTable-userTable(String->PersistedUserVolumeInfo)
2025-07-27 04:39:54,787 [ForkJoinPool-1-worker-1] WARN  om.OmMetadataManagerImpl (OmMetadataManagerImpl.java:get(1859)) - Overwriting an existing table volumeTable: TypedTable-volumeTable(String->OmVolumeArgs)
2025-07-27 04:39:54,788 [ForkJoinPool-1-worker-1] WARN  om.OmMetadataManagerImpl (OmMetadataManagerImpl.java:get(1859)) - Overwriting an existing table bucketTable: TypedTable-bucketTable(String->OmBucketInfo)
2025-07-27 04:39:54,788 [ForkJoinPool-1-worker-1] WARN  om.OmMetadataManagerImpl (OmMetadataManagerImpl.java:get(1859)) - Overwriting an existing table keyTable: TypedTable-keyTable(String->OmKeyInfo)
2025-07-27 04:39:54,789 [ForkJoinPool-1-worker-1] WARN  om.OmMetadataManagerImpl (OmMetadataManagerImpl.java:get(1859)) - Overwriting an existing table openKeyTable: TypedTable-openKeyTable(String->OmKeyInfo)
2025-07-27 04:39:54,789 [ForkJoinPool-1-worker-1] WARN  om.OmMetadataManagerImpl (OmMetadataManagerImpl.java:get(1859)) - Overwriting an existing table multipartInfoTable: TypedTable-multipartInfoTable(String->OmMultipartKeyInfo)
2025-07-27 04:39:54,789 [ForkJoinPool-1-worker-1] WARN  om.OmMetadataManagerImpl (OmMetadataManagerImpl.java:get(1859)) - Overwriting an existing table deletedTable: TypedTable-deletedTable(String->RepeatedOmKeyInfo)
2025-07-27 04:39:54,790 [ForkJoinPool-1-worker-1] WARN  om.OmMetadataManagerImpl (OmMetadataManagerImpl.java:get(1859)) - Overwriting an existing table directoryTable: TypedTable-directoryTable(String->OmDirectoryInfo)
2025-07-27 04:39:54,790 [ForkJoinPool-1-worker-1] WARN  om.OmMetadataManagerImpl (OmMetadataManagerImpl.java:get(1859)) - Overwriting an existing table fileTable: TypedTable-fileTable(String->OmKeyInfo)
2025-07-27 04:39:54,790 [ForkJoinPool-1-worker-1] WARN  om.OmMetadataManagerImpl (OmMetadataManagerImpl.java:get(1859)) - Overwriting an existing table openFileTable: TypedTable-openFileTable(String->OmKeyInfo)
2025-07-27 04:39:54,790 [ForkJoinPool-1-worker-1] WARN  om.OmMetadataManagerImpl (OmMetadataManagerImpl.java:get(1859)) - Overwriting an existing table deletedDirectoryTable: TypedTable-deletedDirectoryTable(String->OmKeyInfo)
2025-07-27 04:39:54,791 [ForkJoinPool-1-worker-1] WARN  om.OmMetadataManagerImpl (OmMetadataManagerImpl.java:get(1859)) - Overwriting an existing table dTokenTable: TypedTable-dTokenTable(OzoneTokenIdentifier->Long)
2025-07-27 04:39:54,791 [ForkJoinPool-1-worker-1] WARN  om.OmMetadataManagerImpl (OmMetadataManagerImpl.java:get(1859)) - Overwriting an existing table s3SecretTable: TypedTable-s3SecretTable(String->S3SecretValue)
2025-07-27 04:39:54,791 [ForkJoinPool-1-worker-1] WARN  om.OmMetadataManagerImpl (OmMetadataManagerImpl.java:get(1859)) - Overwriting an existing table prefixTable: TypedTable-prefixTable(String->OmPrefixInfo)
2025-07-27 04:39:54,792 [ForkJoinPool-1-worker-1] WARN  om.OmMetadataManagerImpl (OmMetadataManagerImpl.java:get(1859)) - Overwriting an existing table transactionInfoTable: TypedTable-transactionInfoTable(String->TransactionInfo)
2025-07-27 04:39:54,792 [ForkJoinPool-1-worker-1] WARN  om.OmMetadataManagerImpl (OmMetadataManagerImpl.java:get(1859)) - Overwriting an existing table metaTable: TypedTable-metaTable(String->String)
2025-07-27 04:39:54,792 [ForkJoinPool-1-worker-1] WARN  om.OmMetadataManagerImpl (OmMetadataManagerImpl.java:get(1859)) - Overwriting an existing table tenantAccessIdTable: TypedTable-tenantAccessIdTable(String->OmDBAccessIdInfo)
2025-07-27 04:39:54,792 [ForkJoinPool-1-worker-1] WARN  om.OmMetadataManagerImpl (OmMetadataManagerImpl.java:get(1859)) - Overwriting an existing table principalToAccessIdsTable: TypedTable-principalToAccessIdsTable(String->OmDBUserPrincipalInfo)
2025-07-27 04:39:54,792 [ForkJoinPool-1-worker-1] WARN  om.OmMetadataManagerImpl (OmMetadataManagerImpl.java:get(1859)) - Overwriting an existing table tenantStateTable: TypedTable-tenantStateTable(String->OmDBTenantState)
2025-07-27 04:39:54,793 [ForkJoinPool-1-worker-1] WARN  om.OmMetadataManagerImpl (OmMetadataManagerImpl.java:get(1859)) - Overwriting an existing table snapshotInfoTable: TypedTable-snapshotInfoTable(String->SnapshotInfo)
2025-07-27 04:39:54,793 [ForkJoinPool-1-worker-1] WARN  om.OmMetadataManagerImpl (OmMetadataManagerImpl.java:get(1859)) - Overwriting an existing table snapshotRenamedTable: TypedTable-snapshotRenamedTable(String->String)
2025-07-27 04:39:54,793 [ForkJoinPool-1-worker-1] WARN  om.OmMetadataManagerImpl (OmMetadataManagerImpl.java:get(1859)) - Overwriting an existing table compactionLogTable: TypedTable-compactionLogTable(String->CompactionLogEntry)
2025-07-27 04:39:54,796 [ForkJoinPool-1-worker-1] INFO  impl.OzoneManagerServiceProviderImpl (OzoneManagerServiceProviderImpl.java:updateReconOmDBWithNewSnapshot(514)) - Successfully updated Recon OM DB with new snapshot.
2025-07-27 04:39:54,799 [ForkJoinPool-1-worker-1] INFO  impl.OzoneManagerServiceProviderImpl (OzoneManagerServiceProviderImpl.java:syncDataFromOM(723)) - Calling reprocess on Recon tasks.
2025-07-27 04:39:54,829 [ReconTaskThread-0] INFO  impl.ReconContainerMetadataManagerImpl (ReconContainerMetadataManagerImpl.java:initializeTables(142)) - KEY_CONTAINER Table is empty, initializing from CONTAINER_KEY Table ...
2025-07-27 04:39:54,829 [ReconTaskThread-0] INFO  impl.ReconContainerMetadataManagerImpl (ReconContainerMetadataManagerImpl.java:initializeKeyContainerTable(694)) - It took 0.0 seconds to initialized 0 records to KEY_CONTAINER table
2025-07-27 04:39:54,995 [Recon-NSSummaryTask-0] INFO  tasks.NSSummaryTaskWithFSO (NSSummaryTaskWithFSO.java:reprocessWithFSO(273)) - Completed a reprocess run of NSSummaryTaskWithFSO
2025-07-27 04:39:54,996 [ReconTaskThread-0] INFO  tasks.NSSummaryTask (NSSummaryTask.java:reprocess(213)) - Task execution time: 19 milliseconds
2025-07-27 04:39:55,000 [ReconTaskThread-0] INFO  tasks.FileSizeCountTaskHelper (FileSizeCountTaskHelper.java:reprocess(92)) - Starting Reprocess for FileSizeCountTaskOBS
2025-07-27 04:39:55,000 [ReconTaskThread-0] INFO  tasks.FileSizeCountTaskHelper (FileSizeCountTaskHelper.java:truncateTableIfNeeded(64)) - Deleted 1 records from "FILE_COUNT_BY_SIZE"
2025-07-27 04:39:55,000 [ReconTaskThread-0] INFO  tasks.FileSizeCountTaskHelper (FileSizeCountTaskHelper.java:reprocessBucketLayout(143)) - Reprocessed 0 keys for bucket layout OBJECT_STORE.
2025-07-27 04:39:55,001 [ReconTaskThread-0] INFO  tasks.FileSizeCountTaskHelper (FileSizeCountTaskHelper.java:reprocess(103)) - FileSizeCountTaskOBS completed Reprocess in 1 ms.
2025-07-27 04:39:55,003 [ReconTaskThread-0] INFO  tasks.FileSizeCountTaskHelper (FileSizeCountTaskHelper.java:reprocess(92)) - Starting Reprocess for FileSizeCountTaskFSO
2025-07-27 04:39:55,003 [ReconTaskThread-0] INFO  tasks.FileSizeCountTaskHelper (FileSizeCountTaskHelper.java:truncateTableIfNeeded(72)) - Table already truncated by another task; waiting for truncation to complete.
2025-07-27 04:39:55,025 [ReconTaskThread-0] INFO  tasks.FileSizeCountTaskHelper (FileSizeCountTaskHelper.java:reprocessBucketLayout(143)) - Reprocessed 1050 keys for bucket layout FILE_SYSTEM_OPTIMIZED.
2025-07-27 04:39:55,027 [ReconTaskThread-0] INFO  tasks.FileSizeCountTaskHelper (FileSizeCountTaskHelper.java:reprocess(103)) - FileSizeCountTaskFSO completed Reprocess in 24 ms.
2025-07-27 04:39:55,029 [ForkJoinPool-1-worker-1] INFO  recon.ReconContext (ReconContext.java:updateHealthStatus(76)) - Update healthStatus of Recon from true to true.
2025-07-27 04:39:56,135 [ForkJoinPool-1-worker-1] INFO  recon.TestNSSummaryMemoryLeak (TestNSSummaryMemoryLeak.java:testMemoryLeakWithLargeStructure(320)) - Memory usage - Before: 160759856 bytes, After: 163504408 bytes
]]></system-out>
  </testcase>
</testsuite>