<?xml version="1.0" encoding="UTF-8"?>
<testsuite xmlns:xsi="http://www.w3.org/2001/XMLSchema-instance" xsi:noNamespaceSchemaLocation="https://maven.apache.org/surefire/maven-surefire-plugin/xsd/surefire-test-report.xsd" name="org.apache.hadoop.ozone.client.rpc.TestCommitWatcher" time="84.405" tests="2" errors="0" skipped="0" failures="1">
  <properties>
    <property name="awt.toolkit" value="sun.awt.X11.XToolkit"/>
    <property name="file.encoding.pkg" value="sun.io"/>
    <property name="java.specification.version" value="1.8"/>
    <property name="sun.cpu.isalist" value=""/>
    <property name="sun.jnu.encoding" value="ANSI_X3.4-1968"/>
    <property name="java.class.path" value="/github/workspace/mnt/ozone/hadoop-ozone/integration-test/target/test-classes:/github/workspace/mnt/ozone/hadoop-ozone/integration-test/target/classes:/home/user/.m2/repository/org/apache/hadoop/hadoop-ozone-common/0.6.0-SNAPSHOT/hadoop-ozone-common-0.6.0-SNAPSHOT.jar:/home/user/.m2/repository/org/apache/commons/commons-compress/1.4.1/commons-compress-1.4.1.jar:/home/user/.m2/repository/org/tukaani/xz/1.0/xz-1.0.jar:/home/user/.m2/repository/org/apache/hadoop/hadoop-hdds-common/0.6.0-SNAPSHOT/hadoop-hdds-common-0.6.0-SNAPSHOT.jar:/home/user/.m2/repository/org/apache/hadoop/hadoop-hdds-hadoop-dependency-client/0.6.0-SNAPSHOT/hadoop-hdds-hadoop-dependency-client-0.6.0-SNAPSHOT.jar:/home/user/.m2/repository/info/picocli/picocli/3.9.6/picocli-3.9.6.jar:/home/user/.m2/repository/com/fasterxml/jackson/core/jackson-annotations/2.10.3/jackson-annotations-2.10.3.jar:/home/user/.m2/repository/javax/annotation/javax.annotation-api/1.2/javax.annotation-api-1.2.jar:/home/user/.m2/repository/org/apache/ratis/ratis-server/0.6.0-6ab75ae-SNAPSHOT/ratis-server-0.6.0-6ab75ae-SNAPSHOT.jar:/home/user/.m2/repository/org/apache/ratis/ratis-client/0.6.0-6ab75ae-SNAPSHOT/ratis-client-0.6.0-6ab75ae-SNAPSHOT.jar:/home/user/.m2/repository/org/apache/ratis/ratis-metrics/0.6.0-6ab75ae-SNAPSHOT/ratis-metrics-0.6.0-6ab75ae-SNAPSHOT.jar:/home/user/.m2/repository/org/apache/ratis/ratis-netty/0.6.0-6ab75ae-SNAPSHOT/ratis-netty-0.6.0-6ab75ae-SNAPSHOT.jar:/home/user/.m2/repository/org/apache/ratis/ratis-grpc/0.6.0-6ab75ae-SNAPSHOT/ratis-grpc-0.6.0-6ab75ae-SNAPSHOT.jar:/home/user/.m2/repository/org/apache/logging/log4j/log4j-api/2.11.0/log4j-api-2.11.0.jar:/home/user/.m2/repository/org/apache/logging/log4j/log4j-core/2.11.0/log4j-core-2.11.0.jar:/home/user/.m2/repository/com/lmax/disruptor/3.4.2/disruptor-3.4.2.jar:/home/user/.m2/repository/org/apache/commons/commons-pool2/2.6.0/commons-pool2-2.6.0.jar:/home/user/.m2/repository/org/bouncycastle/bcpkix-jdk15on/1.60/bcpkix-jdk15on-1.60.jar:/home/user/.m2/repository/commons-validator/commons-validator/1.6/commons-validator-1.6.jar:/home/user/.m2/repository/commons-digester/commons-digester/1.8.1/commons-digester-1.8.1.jar:/home/user/.m2/repository/io/jaegertracing/jaeger-client/1.2.0/jaeger-client-1.2.0.jar:/home/user/.m2/repository/io/jaegertracing/jaeger-thrift/1.2.0/jaeger-thrift-1.2.0.jar:/home/user/.m2/repository/org/apache/thrift/libthrift/0.13.0/libthrift-0.13.0.jar:/home/user/.m2/repository/com/squareup/okhttp3/okhttp/4.2.2/okhttp-4.2.2.jar:/home/user/.m2/repository/com/squareup/okio/okio/2.2.2/okio-2.2.2.jar:/home/user/.m2/repository/org/jetbrains/kotlin/kotlin-stdlib/1.3.50/kotlin-stdlib-1.3.50.jar:/home/user/.m2/repository/org/jetbrains/kotlin/kotlin-stdlib-common/1.3.50/kotlin-stdlib-common-1.3.50.jar:/home/user/.m2/repository/org/jetbrains/annotations/13.0/annotations-13.0.jar:/home/user/.m2/repository/io/jaegertracing/jaeger-core/1.2.0/jaeger-core-1.2.0.jar:/home/user/.m2/repository/io/jaegertracing/jaeger-tracerresolver/1.2.0/jaeger-tracerresolver-1.2.0.jar:/home/user/.m2/repository/io/opentracing/contrib/opentracing-tracerresolver/0.1.8/opentracing-tracerresolver-0.1.8.jar:/home/user/.m2/repository/io/opentracing/opentracing-util/0.33.0/opentracing-util-0.33.0.jar:/home/user/.m2/repository/io/opentracing/opentracing-api/0.33.0/opentracing-api-0.33.0.jar:/home/user/.m2/repository/io/opentracing/opentracing-noop/0.33.0/opentracing-noop-0.33.0.jar:/home/user/.m2/repository/org/apache/hadoop/hadoop-hdds-client/0.6.0-SNAPSHOT/hadoop-hdds-client-0.6.0-SNAPSHOT.jar:/home/user/.m2/repository/org/apache/hadoop/hadoop-ozone-interface-client/0.6.0-SNAPSHOT/hadoop-ozone-interface-client-0.6.0-SNAPSHOT.jar:/home/user/.m2/repository/org/apache/hadoop/hadoop-hdds-test-utils/0.6.0-SNAPSHOT/hadoop-hdds-test-utils-0.6.0-SNAPSHOT.jar:/home/user/.m2/repository/com/google/guava/guava/28.2-jre/guava-28.2-jre.jar:/home/user/.m2/repository/com/google/guava/failureaccess/1.0.1/failureaccess-1.0.1.jar:/home/user/.m2/repository/com/google/guava/listenablefuture/9999.0-empty-to-avoid-conflict-with-guava/listenablefuture-9999.0-empty-to-avoid-conflict-with-guava.jar:/home/user/.m2/repository/com/google/code/findbugs/jsr305/3.0.0/jsr305-3.0.0.jar:/home/user/.m2/repository/org/checkerframework/checker-qual/2.10.0/checker-qual-2.10.0.jar:/home/user/.m2/repository/com/google/errorprone/error_prone_annotations/2.2.0/error_prone_annotations-2.2.0.jar:/home/user/.m2/repository/com/google/j2objc/j2objc-annotations/1.3/j2objc-annotations-1.3.jar:/home/user/.m2/repository/commons-io/commons-io/2.5/commons-io-2.5.jar:/home/user/.m2/repository/commons-logging/commons-logging/1.2/commons-logging-1.2.jar:/home/user/.m2/repository/log4j/log4j/1.2.17/log4j-1.2.17.jar:/home/user/.m2/repository/org/slf4j/slf4j-api/1.7.25/slf4j-api-1.7.25.jar:/home/user/.m2/repository/org/apache/hadoop/hadoop-hdds-server-scm/0.6.0-SNAPSHOT/hadoop-hdds-server-scm-0.6.0-SNAPSHOT.jar:/home/user/.m2/repository/org/apache/hadoop/hadoop-hdds-container-service/0.6.0-SNAPSHOT/hadoop-hdds-container-service-0.6.0-SNAPSHOT.jar:/home/user/.m2/repository/org/apache/hadoop/hadoop-hdds-hadoop-dependency-server/0.6.0-SNAPSHOT/hadoop-hdds-hadoop-dependency-server-0.6.0-SNAPSHOT.jar:/home/user/.m2/repository/org/apache/hadoop/hadoop-hdds-server-framework/0.6.0-SNAPSHOT/hadoop-hdds-server-framework-0.6.0-SNAPSHOT.jar:/home/user/.m2/repository/org/apache/hadoop/hadoop-hdds-interface-server/0.6.0-SNAPSHOT/hadoop-hdds-interface-server-0.6.0-SNAPSHOT.jar:/home/user/.m2/repository/org/apache/hadoop/hadoop-hdds-interface-admin/0.6.0-SNAPSHOT/hadoop-hdds-interface-admin-0.6.0-SNAPSHOT.jar:/home/user/.m2/repository/org/rocksdb/rocksdbjni/6.8.1/rocksdbjni-6.8.1.jar:/home/user/.m2/repository/io/prometheus/simpleclient_dropwizard/0.7.0/simpleclient_dropwizard-0.7.0.jar:/home/user/.m2/repository/io/prometheus/simpleclient/0.7.0/simpleclient-0.7.0.jar:/home/user/.m2/repository/io/prometheus/simpleclient_common/0.7.0/simpleclient_common-0.7.0.jar:/home/user/.m2/repository/com/fasterxml/jackson/datatype/jackson-datatype-jsr310/2.10.3/jackson-datatype-jsr310-2.10.3.jar:/home/user/.m2/repository/org/apache/hadoop/hadoop-hdds-docs/0.6.0-SNAPSHOT/hadoop-hdds-docs-0.6.0-SNAPSHOT.jar:/home/user/.m2/repository/io/dropwizard/metrics/metrics-core/3.2.4/metrics-core-3.2.4.jar:/home/user/.m2/repository/org/apache/hadoop/hadoop-hdfs-client/3.2.1/hadoop-hdfs-client-3.2.1.jar:/home/user/.m2/repository/org/bouncycastle/bcprov-jdk15on/1.60/bcprov-jdk15on-1.60.jar:/home/user/.m2/repository/org/apache/hadoop/hadoop-ozone-ozone-manager/0.6.0-SNAPSHOT/hadoop-ozone-ozone-manager-0.6.0-SNAPSHOT.jar:/home/user/.m2/repository/org/apache/hadoop/hadoop-hdds-interface-client/0.6.0-SNAPSHOT/hadoop-hdds-interface-client-0.6.0-SNAPSHOT.jar:/home/user/.m2/repository/org/apache/ratis/ratis-thirdparty-misc/0.4.0/ratis-thirdparty-misc-0.4.0.jar:/home/user/.m2/repository/org/apache/hadoop/hadoop-minikdc/3.2.1/hadoop-minikdc-3.2.1.jar:/home/user/.m2/repository/org/apache/kerby/kerb-simplekdc/1.0.1/kerb-simplekdc-1.0.1.jar:/home/user/.m2/repository/org/apache/kerby/kerb-client/1.0.1/kerb-client-1.0.1.jar:/home/user/.m2/repository/org/apache/kerby/kerby-config/1.0.1/kerby-config-1.0.1.jar:/home/user/.m2/repository/org/apache/kerby/kerb-core/1.0.1/kerb-core-1.0.1.jar:/home/user/.m2/repository/org/apache/kerby/kerby-pkix/1.0.1/kerby-pkix-1.0.1.jar:/home/user/.m2/repository/org/apache/kerby/kerby-asn1/1.0.1/kerby-asn1-1.0.1.jar:/home/user/.m2/repository/org/apache/kerby/kerby-util/1.0.1/kerby-util-1.0.1.jar:/home/user/.m2/repository/org/apache/kerby/kerb-common/1.0.1/kerb-common-1.0.1.jar:/home/user/.m2/repository/org/apache/kerby/kerb-crypto/1.0.1/kerb-crypto-1.0.1.jar:/home/user/.m2/repository/org/apache/kerby/kerb-util/1.0.1/kerb-util-1.0.1.jar:/home/user/.m2/repository/org/apache/kerby/token-provider/1.0.1/token-provider-1.0.1.jar:/home/user/.m2/repository/org/apache/kerby/kerb-admin/1.0.1/kerb-admin-1.0.1.jar:/home/user/.m2/repository/org/apache/kerby/kerb-server/1.0.1/kerb-server-1.0.1.jar:/home/user/.m2/repository/org/apache/kerby/kerb-identity/1.0.1/kerb-identity-1.0.1.jar:/home/user/.m2/repository/org/apache/kerby/kerby-xdr/1.0.1/kerby-xdr-1.0.1.jar:/home/user/.m2/repository/org/slf4j/slf4j-log4j12/1.7.25/slf4j-log4j12-1.7.25.jar:/home/user/.m2/repository/org/apache/hadoop/hadoop-ozone-s3gateway/0.6.0-SNAPSHOT/hadoop-ozone-s3gateway-0.6.0-SNAPSHOT.jar:/home/user/.m2/repository/org/jboss/weld/servlet/weld-servlet/2.4.7.Final/weld-servlet-2.4.7.Final.jar:/home/user/.m2/repository/org/glassfish/jersey/containers/jersey-container-servlet-core/2.27/jersey-container-servlet-core-2.27.jar:/home/user/.m2/repository/org/glassfish/hk2/external/javax.inject/2.5.0-b42/javax.inject-2.5.0-b42.jar:/home/user/.m2/repository/org/glassfish/jersey/core/jersey-common/2.27/jersey-common-2.27.jar:/home/user/.m2/repository/org/glassfish/hk2/osgi-resource-locator/1.0.1/osgi-resource-locator-1.0.1.jar:/home/user/.m2/repository/javax/ws/rs/javax.ws.rs-api/2.1/javax.ws.rs-api-2.1.jar:/home/user/.m2/repository/org/glassfish/jersey/ext/cdi/jersey-cdi1x/2.27/jersey-cdi1x-2.27.jar:/home/user/.m2/repository/org/glassfish/jersey/inject/jersey-hk2/2.27/jersey-hk2-2.27.jar:/home/user/.m2/repository/org/glassfish/hk2/hk2-locator/2.5.0-b42/hk2-locator-2.5.0-b42.jar:/home/user/.m2/repository/org/javassist/javassist/3.22.0-CR2/javassist-3.22.0-CR2.jar:/home/user/.m2/repository/org/glassfish/hk2/hk2-api/2.5.0/hk2-api-2.5.0.jar:/home/user/.m2/repository/org/glassfish/hk2/external/jakarta.inject/2.5.0/jakarta.inject-2.5.0.jar:/home/user/.m2/repository/org/glassfish/hk2/hk2-utils/2.5.0/hk2-utils-2.5.0.jar:/home/user/.m2/repository/jakarta/annotation/jakarta.annotation-api/1.3.4/jakarta.annotation-api-1.3.4.jar:/home/user/.m2/repository/org/glassfish/hk2/external/aopalliance-repackaged/2.5.0/aopalliance-repackaged-2.5.0.jar:/home/user/.m2/repository/com/fasterxml/jackson/dataformat/jackson-dataformat-xml/2.10.3/jackson-dataformat-xml-2.10.3.jar:/home/user/.m2/repository/com/fasterxml/jackson/core/jackson-core/2.10.3/jackson-core-2.10.3.jar:/home/user/.m2/repository/com/fasterxml/jackson/module/jackson-module-jaxb-annotations/2.10.3/jackson-module-jaxb-annotations-2.10.3.jar:/home/user/.m2/repository/jakarta/xml/bind/jakarta.xml.bind-api/2.3.2/jakarta.xml.bind-api-2.3.2.jar:/home/user/.m2/repository/jakarta/activation/jakarta.activation-api/1.2.1/jakarta.activation-api-1.2.1.jar:/home/user/.m2/repository/org/codehaus/woodstox/stax2-api/3.1.4/stax2-api-3.1.4.jar:/home/user/.m2/repository/com/fasterxml/woodstox/woodstox-core/5.0.3/woodstox-core-5.0.3.jar:/home/user/.m2/repository/javax/enterprise/cdi-api/1.2/cdi-api-1.2.jar:/home/user/.m2/repository/javax/el/javax.el-api/3.0.0/javax.el-api-3.0.0.jar:/home/user/.m2/repository/javax/interceptor/javax.interceptor-api/1.2/javax.interceptor-api-1.2.jar:/home/user/.m2/repository/javax/inject/javax.inject/1/javax.inject-1.jar:/home/user/.m2/repository/com/sun/xml/bind/jaxb-impl/2.3.0.1/jaxb-impl-2.3.0.1.jar:/home/user/.m2/repository/com/sun/xml/bind/jaxb-core/2.3.0.1/jaxb-core-2.3.0.1.jar:/home/user/.m2/repository/javax/xml/bind/jaxb-api/2.3.0/jaxb-api-2.3.0.jar:/home/user/.m2/repository/javax/activation/activation/1.1.1/activation-1.1.1.jar:/home/user/.m2/repository/org/apache/hadoop/hadoop-ozone-csi/0.6.0-SNAPSHOT/hadoop-ozone-csi-0.6.0-SNAPSHOT.jar:/home/user/.m2/repository/com/google/protobuf/protobuf-java-util/3.11.0/protobuf-java-util-3.11.0.jar:/home/user/.m2/repository/com/google/code/gson/gson/2.2.4/gson-2.2.4.jar:/home/user/.m2/repository/org/apache/hadoop/hadoop-hdds-config/0.6.0-SNAPSHOT/hadoop-hdds-config-0.6.0-SNAPSHOT.jar:/home/user/.m2/repository/com/google/protobuf/protobuf-java/2.5.0/protobuf-java-2.5.0.jar:/home/user/.m2/repository/io/grpc/grpc-netty/1.29.0/grpc-netty-1.29.0.jar:/home/user/.m2/repository/io/grpc/grpc-core/1.29.0/grpc-core-1.29.0.jar:/home/user/.m2/repository/com/google/android/annotations/4.1.1.4/annotations-4.1.1.4.jar:/home/user/.m2/repository/io/perfmark/perfmark-api/0.19.0/perfmark-api-0.19.0.jar:/home/user/.m2/repository/io/netty/netty-codec-http2/4.1.48.Final/netty-codec-http2-4.1.48.Final.jar:/home/user/.m2/repository/io/netty/netty-codec/4.1.48.Final/netty-codec-4.1.48.Final.jar:/home/user/.m2/repository/io/netty/netty-handler/4.1.48.Final/netty-handler-4.1.48.Final.jar:/home/user/.m2/repository/io/netty/netty-codec-http/4.1.48.Final/netty-codec-http-4.1.48.Final.jar:/home/user/.m2/repository/io/netty/netty-handler-proxy/4.1.48.Final/netty-handler-proxy-4.1.48.Final.jar:/home/user/.m2/repository/io/netty/netty-codec-socks/4.1.48.Final/netty-codec-socks-4.1.48.Final.jar:/home/user/.m2/repository/io/netty/netty-transport-native-epoll/4.1.48.Final/netty-transport-native-epoll-4.1.48.Final.jar:/home/user/.m2/repository/io/netty/netty-common/4.1.48.Final/netty-common-4.1.48.Final.jar:/home/user/.m2/repository/io/netty/netty-buffer/4.1.48.Final/netty-buffer-4.1.48.Final.jar:/home/user/.m2/repository/io/netty/netty-transport/4.1.48.Final/netty-transport-4.1.48.Final.jar:/home/user/.m2/repository/io/netty/netty-resolver/4.1.48.Final/netty-resolver-4.1.48.Final.jar:/home/user/.m2/repository/io/netty/netty-transport-native-unix-common/4.1.48.Final/netty-transport-native-unix-common-4.1.48.Final.jar:/home/user/.m2/repository/io/grpc/grpc-protobuf/1.29.0/grpc-protobuf-1.29.0.jar:/home/user/.m2/repository/io/grpc/grpc-api/1.29.0/grpc-api-1.29.0.jar:/home/user/.m2/repository/io/grpc/grpc-context/1.29.0/grpc-context-1.29.0.jar:/home/user/.m2/repository/org/codehaus/mojo/animal-sniffer-annotations/1.18/animal-sniffer-annotations-1.18.jar:/home/user/.m2/repository/com/google/api/grpc/proto-google-common-protos/1.17.0/proto-google-common-protos-1.17.0.jar:/home/user/.m2/repository/io/grpc/grpc-protobuf-lite/1.29.0/grpc-protobuf-lite-1.29.0.jar:/home/user/.m2/repository/io/grpc/grpc-stub/1.29.0/grpc-stub-1.29.0.jar:/home/user/.m2/repository/org/apache/hadoop/hadoop-ozone-recon/0.6.0-SNAPSHOT/hadoop-ozone-recon-0.6.0-SNAPSHOT.jar:/home/user/.m2/repository/org/apache/hadoop/hadoop-ozone-reconcodegen/0.6.0-SNAPSHOT/hadoop-ozone-reconcodegen-0.6.0-SNAPSHOT.jar:/home/user/.m2/repository/com/google/inject/extensions/guice-multibindings/4.0/guice-multibindings-4.0.jar:/home/user/.m2/repository/com/google/inject/guice/4.0/guice-4.0.jar:/home/user/.m2/repository/aopalliance/aopalliance/1.0/aopalliance-1.0.jar:/home/user/.m2/repository/com/google/inject/extensions/guice-assistedinject/4.0/guice-assistedinject-4.0.jar:/home/user/.m2/repository/com/google/inject/extensions/guice-servlet/4.0/guice-servlet-4.0.jar:/home/user/.m2/repository/org/glassfish/jersey/containers/jersey-container-servlet/2.27/jersey-container-servlet-2.27.jar:/home/user/.m2/repository/org/glassfish/hk2/guice-bridge/2.5.0/guice-bridge-2.5.0.jar:/home/user/.m2/repository/org/glassfish/jersey/core/jersey-server/2.27/jersey-server-2.27.jar:/home/user/.m2/repository/org/glassfish/jersey/core/jersey-client/2.27/jersey-client-2.27.jar:/home/user/.m2/repository/org/glassfish/jersey/media/jersey-media-jaxb/2.27/jersey-media-jaxb-2.27.jar:/home/user/.m2/repository/javax/validation/validation-api/1.1.0.Final/validation-api-1.1.0.Final.jar:/home/user/.m2/repository/org/glassfish/jersey/media/jersey-media-json-jackson/2.27/jersey-media-json-jackson-2.27.jar:/home/user/.m2/repository/org/glassfish/jersey/ext/jersey-entity-filtering/2.27/jersey-entity-filtering-2.27.jar:/home/user/.m2/repository/org/jooq/jooq/3.11.10/jooq-3.11.10.jar:/home/user/.m2/repository/org/jooq/jooq-meta/3.11.10/jooq-meta-3.11.10.jar:/home/user/.m2/repository/org/jooq/jooq-codegen/3.11.10/jooq-codegen-3.11.10.jar:/home/user/.m2/repository/com/jolbox/bonecp/0.8.0.RELEASE/bonecp-0.8.0.RELEASE.jar:/home/user/.m2/repository/org/apache/derby/derby/10.14.2.0/derby-10.14.2.0.jar:/home/user/.m2/repository/org/xerial/sqlite-jdbc/3.25.2/sqlite-jdbc-3.25.2.jar:/home/user/.m2/repository/org/springframework/spring-jdbc/5.2.5.RELEASE/spring-jdbc-5.2.5.RELEASE.jar:/home/user/.m2/repository/org/springframework/spring-beans/5.2.5.RELEASE/spring-beans-5.2.5.RELEASE.jar:/home/user/.m2/repository/org/springframework/spring-core/5.2.5.RELEASE/spring-core-5.2.5.RELEASE.jar:/home/user/.m2/repository/org/springframework/spring-jcl/5.2.5.RELEASE/spring-jcl-5.2.5.RELEASE.jar:/home/user/.m2/repository/org/springframework/spring-tx/5.2.5.RELEASE/spring-tx-5.2.5.RELEASE.jar:/home/user/.m2/repository/org/apache/hadoop/hadoop-ozone-client/0.6.0-SNAPSHOT/hadoop-ozone-client-0.6.0-SNAPSHOT.jar:/home/user/.m2/repository/org/apache/hadoop/hadoop-ozone-filesystem/0.6.0-SNAPSHOT/hadoop-ozone-filesystem-0.6.0-SNAPSHOT.jar:/home/user/.m2/repository/org/apache/hadoop/hadoop-ozone-filesystem-common/0.6.0-SNAPSHOT/hadoop-ozone-filesystem-common-0.6.0-SNAPSHOT.jar:/home/user/.m2/repository/org/apache/hadoop/hadoop-ozone-tools/0.6.0-SNAPSHOT/hadoop-ozone-tools-0.6.0-SNAPSHOT.jar:/home/user/.m2/repository/org/apache/hadoop/hadoop-hdfs/3.2.1/hadoop-hdfs-3.2.1.jar:/home/user/.m2/repository/org/apache/ratis/ratis-tools/0.6.0-6ab75ae-SNAPSHOT/ratis-tools-0.6.0-6ab75ae-SNAPSHOT.jar:/home/user/.m2/repository/org/apache/ratis/ratis-proto/0.6.0-6ab75ae-SNAPSHOT/ratis-proto-0.6.0-6ab75ae-SNAPSHOT.jar:/home/user/.m2/repository/org/apache/ratis/ratis-common/0.6.0-6ab75ae-SNAPSHOT/ratis-common-0.6.0-6ab75ae-SNAPSHOT.jar:/home/user/.m2/repository/com/amazonaws/aws-java-sdk-core/1.11.615/aws-java-sdk-core-1.11.615.jar:/home/user/.m2/repository/org/apache/httpcomponents/httpclient/4.5.2/httpclient-4.5.2.jar:/home/user/.m2/repository/org/apache/httpcomponents/httpcore/4.4.4/httpcore-4.4.4.jar:/home/user/.m2/repository/software/amazon/ion/ion-java/1.0.2/ion-java-1.0.2.jar:/home/user/.m2/repository/com/fasterxml/jackson/dataformat/jackson-dataformat-cbor/2.10.3/jackson-dataformat-cbor-2.10.3.jar:/home/user/.m2/repository/joda-time/joda-time/2.8.1/joda-time-2.8.1.jar:/home/user/.m2/repository/com/amazonaws/aws-java-sdk-s3/1.11.615/aws-java-sdk-s3-1.11.615.jar:/home/user/.m2/repository/com/amazonaws/aws-java-sdk-kms/1.11.615/aws-java-sdk-kms-1.11.615.jar:/home/user/.m2/repository/com/amazonaws/jmespath-java/1.11.615/jmespath-java-1.11.615.jar:/home/user/.m2/repository/org/apache/hadoop/hadoop-hdds-tools/0.6.0-SNAPSHOT/hadoop-hdds-tools-0.6.0-SNAPSHOT.jar:/home/user/.m2/repository/commons-cli/commons-cli/1.2/commons-cli-1.2.jar:/home/user/.m2/repository/org/apache/commons/commons-lang3/3.7/commons-lang3-3.7.jar:/home/user/.m2/repository/org/apache/hadoop/hadoop-ozone-ozone-manager/0.6.0-SNAPSHOT/hadoop-ozone-ozone-manager-0.6.0-SNAPSHOT-tests.jar:/home/user/.m2/repository/junit/junit/4.11/junit-4.11.jar:/home/user/.m2/repository/org/hamcrest/hamcrest-core/1.3/hamcrest-core-1.3.jar:/home/user/.m2/repository/org/openjdk/jmh/jmh-core/1.19/jmh-core-1.19.jar:/home/user/.m2/repository/net/sf/jopt-simple/jopt-simple/4.6/jopt-simple-4.6.jar:/home/user/.m2/repository/org/apache/commons/commons-math3/3.1.1/commons-math3-3.1.1.jar:/home/user/.m2/repository/org/openjdk/jmh/jmh-generator-annprocess/1.19/jmh-generator-annprocess-1.19.jar:/home/user/.m2/repository/org/mockito/mockito-all/1.8.5/mockito-all-1.8.5.jar:/home/user/.m2/repository/org/apache/hadoop/hadoop-kms/3.2.1/hadoop-kms-3.2.1.jar:/home/user/.m2/repository/org/apache/hadoop/hadoop-auth/3.2.1/hadoop-auth-3.2.1.jar:/home/user/.m2/repository/com/nimbusds/nimbus-jose-jwt/7.9/nimbus-jose-jwt-7.9.jar:/home/user/.m2/repository/com/github/stephenc/jcip/jcip-annotations/1.0-1/jcip-annotations-1.0-1.jar:/home/user/.m2/repository/net/minidev/json-smart/2.3/json-smart-2.3.jar:/home/user/.m2/repository/net/minidev/accessors-smart/1.2/accessors-smart-1.2.jar:/home/user/.m2/repository/org/ow2/asm/asm/5.0.4/asm-5.0.4.jar:/home/user/.m2/repository/org/apache/zookeeper/zookeeper/3.4.13/zookeeper-3.4.13.jar:/home/user/.m2/repository/org/apache/yetus/audience-annotations/0.5.0/audience-annotations-0.5.0.jar:/home/user/.m2/repository/org/apache/curator/curator-framework/2.13.0/curator-framework-2.13.0.jar:/home/user/.m2/repository/com/sun/jersey/jersey-core/1.19/jersey-core-1.19.jar:/home/user/.m2/repository/javax/ws/rs/jsr311-api/1.1.1/jsr311-api-1.1.1.jar:/home/user/.m2/repository/com/sun/jersey/jersey-server/1.19/jersey-server-1.19.jar:/home/user/.m2/repository/javax/servlet/javax.servlet-api/3.1.0/javax.servlet-api-3.1.0.jar:/home/user/.m2/repository/org/eclipse/jetty/jetty-server/9.4.26.v20200117/jetty-server-9.4.26.v20200117.jar:/home/user/.m2/repository/org/eclipse/jetty/jetty-http/9.4.26.v20200117/jetty-http-9.4.26.v20200117.jar:/home/user/.m2/repository/org/eclipse/jetty/jetty-io/9.4.26.v20200117/jetty-io-9.4.26.v20200117.jar:/home/user/.m2/repository/org/eclipse/jetty/jetty-webapp/9.4.26.v20200117/jetty-webapp-9.4.26.v20200117.jar:/home/user/.m2/repository/org/eclipse/jetty/jetty-xml/9.4.26.v20200117/jetty-xml-9.4.26.v20200117.jar:/home/user/.m2/repository/org/eclipse/jetty/jetty-servlet/9.4.26.v20200117/jetty-servlet-9.4.26.v20200117.jar:/home/user/.m2/repository/org/eclipse/jetty/jetty-security/9.4.26.v20200117/jetty-security-9.4.26.v20200117.jar:/home/user/.m2/repository/org/apache/hadoop/hadoop-common/3.2.1/hadoop-common-3.2.1.jar:/home/user/.m2/repository/commons-net/commons-net/3.6/commons-net-3.6.jar:/home/user/.m2/repository/commons-collections/commons-collections/3.2.2/commons-collections-3.2.2.jar:/home/user/.m2/repository/com/sun/jersey/jersey-servlet/1.19/jersey-servlet-1.19.jar:/home/user/.m2/repository/com/sun/jersey/jersey-json/1.19/jersey-json-1.19.jar:/home/user/.m2/repository/org/codehaus/jettison/jettison/1.1/jettison-1.1.jar:/home/user/.m2/repository/org/codehaus/jackson/jackson-jaxrs/1.9.2/jackson-jaxrs-1.9.2.jar:/home/user/.m2/repository/org/codehaus/jackson/jackson-xc/1.9.2/jackson-xc-1.9.2.jar:/home/user/.m2/repository/commons-beanutils/commons-beanutils/1.9.4/commons-beanutils-1.9.4.jar:/home/user/.m2/repository/org/apache/commons/commons-configuration2/2.1.1/commons-configuration2-2.1.1.jar:/home/user/.m2/repository/org/apache/commons/commons-text/1.4/commons-text-1.4.jar:/home/user/.m2/repository/com/google/re2j/re2j/1.1/re2j-1.1.jar:/home/user/.m2/repository/com/jcraft/jsch/0.1.54/jsch-0.1.54.jar:/home/user/.m2/repository/org/apache/curator/curator-client/2.13.0/curator-client-2.13.0.jar:/home/user/.m2/repository/org/apache/curator/curator-recipes/2.13.0/curator-recipes-2.13.0.jar:/home/user/.m2/repository/dnsjava/dnsjava/2.1.7/dnsjava-2.1.7.jar:/home/user/.m2/repository/org/slf4j/jul-to-slf4j/1.7.25/jul-to-slf4j-1.7.25.jar:/home/user/.m2/repository/org/eclipse/jetty/jetty-util/9.4.26.v20200117/jetty-util-9.4.26.v20200117.jar:/home/user/.m2/repository/com/fasterxml/jackson/core/jackson-databind/2.10.3/jackson-databind-2.10.3.jar:/home/user/.m2/repository/org/apache/hadoop/hadoop-kms/3.2.1/hadoop-kms-3.2.1-tests.jar:/home/user/.m2/repository/org/apache/hadoop/hadoop-hdds-server-scm/0.6.0-SNAPSHOT/hadoop-hdds-server-scm-0.6.0-SNAPSHOT-tests.jar:/home/user/.m2/repository/org/apache/hadoop/hadoop-hdds-container-service/0.6.0-SNAPSHOT/hadoop-hdds-container-service-0.6.0-SNAPSHOT-tests.jar:/home/user/.m2/repository/org/apache/hadoop/hadoop-hdds-common/0.6.0-SNAPSHOT/hadoop-hdds-common-0.6.0-SNAPSHOT-tests.jar:/home/user/.m2/repository/org/yaml/snakeyaml/1.16/snakeyaml-1.16.jar:/home/user/.m2/repository/org/apache/hadoop/hadoop-hdds-hadoop-dependency-test/0.6.0-SNAPSHOT/hadoop-hdds-hadoop-dependency-test-0.6.0-SNAPSHOT.jar:/home/user/.m2/repository/org/apache/hadoop/hadoop-common/3.2.1/hadoop-common-3.2.1-tests.jar:/home/user/.m2/repository/javax/servlet/jsp/jsp-api/2.1/jsp-api-2.1.jar:/home/user/.m2/repository/org/apache/hadoop/hadoop-hdfs/3.2.1/hadoop-hdfs-3.2.1-tests.jar:/home/user/.m2/repository/org/eclipse/jetty/jetty-util-ajax/9.4.26.v20200117/jetty-util-ajax-9.4.26.v20200117.jar:/home/user/.m2/repository/commons-codec/commons-codec/1.11/commons-codec-1.11.jar:/home/user/.m2/repository/commons-daemon/commons-daemon/1.0.13/commons-daemon-1.0.13.jar:/home/user/.m2/repository/io/netty/netty/3.10.5.Final/netty-3.10.5.Final.jar:/home/user/.m2/repository/io/netty/netty-all/4.1.48.Final/netty-all-4.1.48.Final.jar:/home/user/.m2/repository/org/apache/htrace/htrace-core4/4.1.0-incubating/htrace-core4-4.1.0-incubating.jar:/home/user/.m2/repository/org/fusesource/leveldbjni/leveldbjni-all/1.8/leveldbjni-all-1.8.jar:/home/user/.m2/repository/org/apache/hadoop/hadoop-distcp/3.2.1/hadoop-distcp-3.2.1.jar:/home/user/.m2/repository/org/apache/hadoop/hadoop-mapreduce-client-jobclient/3.2.1/hadoop-mapreduce-client-jobclient-3.2.1.jar:/home/user/.m2/repository/org/apache/hadoop/hadoop-mapreduce-client-common/3.2.1/hadoop-mapreduce-client-common-3.2.1.jar:/home/user/.m2/repository/org/apache/hadoop/hadoop-yarn-common/3.2.1/hadoop-yarn-common-3.2.1.jar:/home/user/.m2/repository/org/apache/hadoop/hadoop-yarn-api/3.2.1/hadoop-yarn-api-3.2.1.jar:/home/user/.m2/repository/com/sun/jersey/jersey-client/1.19/jersey-client-1.19.jar:/home/user/.m2/repository/com/sun/jersey/contribs/jersey-guice/1.19/jersey-guice-1.19.jar:/home/user/.m2/repository/com/fasterxml/jackson/jaxrs/jackson-jaxrs-json-provider/2.10.3/jackson-jaxrs-json-provider-2.10.3.jar:/home/user/.m2/repository/com/fasterxml/jackson/jaxrs/jackson-jaxrs-base/2.10.3/jackson-jaxrs-base-2.10.3.jar:/home/user/.m2/repository/org/apache/hadoop/hadoop-yarn-client/3.2.1/hadoop-yarn-client-3.2.1.jar:/home/user/.m2/repository/org/apache/hadoop/hadoop-mapreduce-client-core/3.2.1/hadoop-mapreduce-client-core-3.2.1.jar:/home/user/.m2/repository/org/apache/avro/avro/1.7.7/avro-1.7.7.jar:/home/user/.m2/repository/org/codehaus/jackson/jackson-core-asl/1.9.13/jackson-core-asl-1.9.13.jar:/home/user/.m2/repository/org/codehaus/jackson/jackson-mapper-asl/1.9.13/jackson-mapper-asl-1.9.13.jar:/home/user/.m2/repository/com/thoughtworks/paranamer/paranamer/2.3/paranamer-2.3.jar:/home/user/.m2/repository/org/xerial/snappy/snappy-java/1.0.5/snappy-java-1.0.5.jar:/home/user/.m2/repository/org/apache/hadoop/hadoop-annotations/3.2.1/hadoop-annotations-3.2.1.jar:/usr/lib/jvm/java-1.8.0-openjdk-1.8.0.232.b09-0.el7_7.x86_64/jre/../lib/tools.jar:/home/user/.m2/repository/org/apache/hadoop/hadoop-distcp/3.2.1/hadoop-distcp-3.2.1-tests.jar:"/>
    <property name="java.vm.vendor" value="Oracle Corporation"/>
    <property name="sun.arch.data.model" value="64"/>
    <property name="test.build.dir" value="/github/workspace/mnt/ozone/hadoop-ozone/integration-test/target/test-dir"/>
    <property name="test.cache.data" value=""/>
    <property name="java.vendor.url" value="http://java.oracle.com/"/>
    <property name="user.timezone" value=""/>
    <property name="java.vm.specification.version" value="1.8"/>
    <property name="os.name" value="Linux"/>
    <property name="test.build.data" value="/github/workspace/mnt/ozone/hadoop-ozone/integration-test/target/test-dir"/>
    <property name="user.country" value="US"/>
    <property name="sun.java.launcher" value="SUN_STANDARD"/>
    <property name="sun.boot.library.path" value="/usr/lib/jvm/java-1.8.0-openjdk-1.8.0.232.b09-0.el7_7.x86_64/jre/lib/amd64"/>
    <property name="sun.java.command" value="/github/workspace/mnt/ozone/hadoop-ozone/integration-test/target/surefire/surefirebooter5792833946063777078.jar /github/workspace/mnt/ozone/hadoop-ozone/integration-test/target/surefire 2020-07-17T19-09-41_226-jvmRun1 surefire5679658649252778507tmp surefire_52517690707697654820tmp"/>
    <property name="surefire.test.class.path" value="/github/workspace/mnt/ozone/hadoop-ozone/integration-test/target/test-classes:/github/workspace/mnt/ozone/hadoop-ozone/integration-test/target/classes:/home/user/.m2/repository/org/apache/hadoop/hadoop-ozone-common/0.6.0-SNAPSHOT/hadoop-ozone-common-0.6.0-SNAPSHOT.jar:/home/user/.m2/repository/org/apache/commons/commons-compress/1.4.1/commons-compress-1.4.1.jar:/home/user/.m2/repository/org/tukaani/xz/1.0/xz-1.0.jar:/home/user/.m2/repository/org/apache/hadoop/hadoop-hdds-common/0.6.0-SNAPSHOT/hadoop-hdds-common-0.6.0-SNAPSHOT.jar:/home/user/.m2/repository/org/apache/hadoop/hadoop-hdds-hadoop-dependency-client/0.6.0-SNAPSHOT/hadoop-hdds-hadoop-dependency-client-0.6.0-SNAPSHOT.jar:/home/user/.m2/repository/info/picocli/picocli/3.9.6/picocli-3.9.6.jar:/home/user/.m2/repository/com/fasterxml/jackson/core/jackson-annotations/2.10.3/jackson-annotations-2.10.3.jar:/home/user/.m2/repository/javax/annotation/javax.annotation-api/1.2/javax.annotation-api-1.2.jar:/home/user/.m2/repository/org/apache/ratis/ratis-server/0.6.0-6ab75ae-SNAPSHOT/ratis-server-0.6.0-6ab75ae-SNAPSHOT.jar:/home/user/.m2/repository/org/apache/ratis/ratis-client/0.6.0-6ab75ae-SNAPSHOT/ratis-client-0.6.0-6ab75ae-SNAPSHOT.jar:/home/user/.m2/repository/org/apache/ratis/ratis-metrics/0.6.0-6ab75ae-SNAPSHOT/ratis-metrics-0.6.0-6ab75ae-SNAPSHOT.jar:/home/user/.m2/repository/org/apache/ratis/ratis-netty/0.6.0-6ab75ae-SNAPSHOT/ratis-netty-0.6.0-6ab75ae-SNAPSHOT.jar:/home/user/.m2/repository/org/apache/ratis/ratis-grpc/0.6.0-6ab75ae-SNAPSHOT/ratis-grpc-0.6.0-6ab75ae-SNAPSHOT.jar:/home/user/.m2/repository/org/apache/logging/log4j/log4j-api/2.11.0/log4j-api-2.11.0.jar:/home/user/.m2/repository/org/apache/logging/log4j/log4j-core/2.11.0/log4j-core-2.11.0.jar:/home/user/.m2/repository/com/lmax/disruptor/3.4.2/disruptor-3.4.2.jar:/home/user/.m2/repository/org/apache/commons/commons-pool2/2.6.0/commons-pool2-2.6.0.jar:/home/user/.m2/repository/org/bouncycastle/bcpkix-jdk15on/1.60/bcpkix-jdk15on-1.60.jar:/home/user/.m2/repository/commons-validator/commons-validator/1.6/commons-validator-1.6.jar:/home/user/.m2/repository/commons-digester/commons-digester/1.8.1/commons-digester-1.8.1.jar:/home/user/.m2/repository/io/jaegertracing/jaeger-client/1.2.0/jaeger-client-1.2.0.jar:/home/user/.m2/repository/io/jaegertracing/jaeger-thrift/1.2.0/jaeger-thrift-1.2.0.jar:/home/user/.m2/repository/org/apache/thrift/libthrift/0.13.0/libthrift-0.13.0.jar:/home/user/.m2/repository/com/squareup/okhttp3/okhttp/4.2.2/okhttp-4.2.2.jar:/home/user/.m2/repository/com/squareup/okio/okio/2.2.2/okio-2.2.2.jar:/home/user/.m2/repository/org/jetbrains/kotlin/kotlin-stdlib/1.3.50/kotlin-stdlib-1.3.50.jar:/home/user/.m2/repository/org/jetbrains/kotlin/kotlin-stdlib-common/1.3.50/kotlin-stdlib-common-1.3.50.jar:/home/user/.m2/repository/org/jetbrains/annotations/13.0/annotations-13.0.jar:/home/user/.m2/repository/io/jaegertracing/jaeger-core/1.2.0/jaeger-core-1.2.0.jar:/home/user/.m2/repository/io/jaegertracing/jaeger-tracerresolver/1.2.0/jaeger-tracerresolver-1.2.0.jar:/home/user/.m2/repository/io/opentracing/contrib/opentracing-tracerresolver/0.1.8/opentracing-tracerresolver-0.1.8.jar:/home/user/.m2/repository/io/opentracing/opentracing-util/0.33.0/opentracing-util-0.33.0.jar:/home/user/.m2/repository/io/opentracing/opentracing-api/0.33.0/opentracing-api-0.33.0.jar:/home/user/.m2/repository/io/opentracing/opentracing-noop/0.33.0/opentracing-noop-0.33.0.jar:/home/user/.m2/repository/org/apache/hadoop/hadoop-hdds-client/0.6.0-SNAPSHOT/hadoop-hdds-client-0.6.0-SNAPSHOT.jar:/home/user/.m2/repository/org/apache/hadoop/hadoop-ozone-interface-client/0.6.0-SNAPSHOT/hadoop-ozone-interface-client-0.6.0-SNAPSHOT.jar:/home/user/.m2/repository/org/apache/hadoop/hadoop-hdds-test-utils/0.6.0-SNAPSHOT/hadoop-hdds-test-utils-0.6.0-SNAPSHOT.jar:/home/user/.m2/repository/com/google/guava/guava/28.2-jre/guava-28.2-jre.jar:/home/user/.m2/repository/com/google/guava/failureaccess/1.0.1/failureaccess-1.0.1.jar:/home/user/.m2/repository/com/google/guava/listenablefuture/9999.0-empty-to-avoid-conflict-with-guava/listenablefuture-9999.0-empty-to-avoid-conflict-with-guava.jar:/home/user/.m2/repository/com/google/code/findbugs/jsr305/3.0.0/jsr305-3.0.0.jar:/home/user/.m2/repository/org/checkerframework/checker-qual/2.10.0/checker-qual-2.10.0.jar:/home/user/.m2/repository/com/google/errorprone/error_prone_annotations/2.2.0/error_prone_annotations-2.2.0.jar:/home/user/.m2/repository/com/google/j2objc/j2objc-annotations/1.3/j2objc-annotations-1.3.jar:/home/user/.m2/repository/commons-io/commons-io/2.5/commons-io-2.5.jar:/home/user/.m2/repository/commons-logging/commons-logging/1.2/commons-logging-1.2.jar:/home/user/.m2/repository/log4j/log4j/1.2.17/log4j-1.2.17.jar:/home/user/.m2/repository/org/slf4j/slf4j-api/1.7.25/slf4j-api-1.7.25.jar:/home/user/.m2/repository/org/apache/hadoop/hadoop-hdds-server-scm/0.6.0-SNAPSHOT/hadoop-hdds-server-scm-0.6.0-SNAPSHOT.jar:/home/user/.m2/repository/org/apache/hadoop/hadoop-hdds-container-service/0.6.0-SNAPSHOT/hadoop-hdds-container-service-0.6.0-SNAPSHOT.jar:/home/user/.m2/repository/org/apache/hadoop/hadoop-hdds-hadoop-dependency-server/0.6.0-SNAPSHOT/hadoop-hdds-hadoop-dependency-server-0.6.0-SNAPSHOT.jar:/home/user/.m2/repository/org/apache/hadoop/hadoop-hdds-server-framework/0.6.0-SNAPSHOT/hadoop-hdds-server-framework-0.6.0-SNAPSHOT.jar:/home/user/.m2/repository/org/apache/hadoop/hadoop-hdds-interface-server/0.6.0-SNAPSHOT/hadoop-hdds-interface-server-0.6.0-SNAPSHOT.jar:/home/user/.m2/repository/org/apache/hadoop/hadoop-hdds-interface-admin/0.6.0-SNAPSHOT/hadoop-hdds-interface-admin-0.6.0-SNAPSHOT.jar:/home/user/.m2/repository/org/rocksdb/rocksdbjni/6.8.1/rocksdbjni-6.8.1.jar:/home/user/.m2/repository/io/prometheus/simpleclient_dropwizard/0.7.0/simpleclient_dropwizard-0.7.0.jar:/home/user/.m2/repository/io/prometheus/simpleclient/0.7.0/simpleclient-0.7.0.jar:/home/user/.m2/repository/io/prometheus/simpleclient_common/0.7.0/simpleclient_common-0.7.0.jar:/home/user/.m2/repository/com/fasterxml/jackson/datatype/jackson-datatype-jsr310/2.10.3/jackson-datatype-jsr310-2.10.3.jar:/home/user/.m2/repository/org/apache/hadoop/hadoop-hdds-docs/0.6.0-SNAPSHOT/hadoop-hdds-docs-0.6.0-SNAPSHOT.jar:/home/user/.m2/repository/io/dropwizard/metrics/metrics-core/3.2.4/metrics-core-3.2.4.jar:/home/user/.m2/repository/org/apache/hadoop/hadoop-hdfs-client/3.2.1/hadoop-hdfs-client-3.2.1.jar:/home/user/.m2/repository/org/bouncycastle/bcprov-jdk15on/1.60/bcprov-jdk15on-1.60.jar:/home/user/.m2/repository/org/apache/hadoop/hadoop-ozone-ozone-manager/0.6.0-SNAPSHOT/hadoop-ozone-ozone-manager-0.6.0-SNAPSHOT.jar:/home/user/.m2/repository/org/apache/hadoop/hadoop-hdds-interface-client/0.6.0-SNAPSHOT/hadoop-hdds-interface-client-0.6.0-SNAPSHOT.jar:/home/user/.m2/repository/org/apache/ratis/ratis-thirdparty-misc/0.4.0/ratis-thirdparty-misc-0.4.0.jar:/home/user/.m2/repository/org/apache/hadoop/hadoop-minikdc/3.2.1/hadoop-minikdc-3.2.1.jar:/home/user/.m2/repository/org/apache/kerby/kerb-simplekdc/1.0.1/kerb-simplekdc-1.0.1.jar:/home/user/.m2/repository/org/apache/kerby/kerb-client/1.0.1/kerb-client-1.0.1.jar:/home/user/.m2/repository/org/apache/kerby/kerby-config/1.0.1/kerby-config-1.0.1.jar:/home/user/.m2/repository/org/apache/kerby/kerb-core/1.0.1/kerb-core-1.0.1.jar:/home/user/.m2/repository/org/apache/kerby/kerby-pkix/1.0.1/kerby-pkix-1.0.1.jar:/home/user/.m2/repository/org/apache/kerby/kerby-asn1/1.0.1/kerby-asn1-1.0.1.jar:/home/user/.m2/repository/org/apache/kerby/kerby-util/1.0.1/kerby-util-1.0.1.jar:/home/user/.m2/repository/org/apache/kerby/kerb-common/1.0.1/kerb-common-1.0.1.jar:/home/user/.m2/repository/org/apache/kerby/kerb-crypto/1.0.1/kerb-crypto-1.0.1.jar:/home/user/.m2/repository/org/apache/kerby/kerb-util/1.0.1/kerb-util-1.0.1.jar:/home/user/.m2/repository/org/apache/kerby/token-provider/1.0.1/token-provider-1.0.1.jar:/home/user/.m2/repository/org/apache/kerby/kerb-admin/1.0.1/kerb-admin-1.0.1.jar:/home/user/.m2/repository/org/apache/kerby/kerb-server/1.0.1/kerb-server-1.0.1.jar:/home/user/.m2/repository/org/apache/kerby/kerb-identity/1.0.1/kerb-identity-1.0.1.jar:/home/user/.m2/repository/org/apache/kerby/kerby-xdr/1.0.1/kerby-xdr-1.0.1.jar:/home/user/.m2/repository/org/slf4j/slf4j-log4j12/1.7.25/slf4j-log4j12-1.7.25.jar:/home/user/.m2/repository/org/apache/hadoop/hadoop-ozone-s3gateway/0.6.0-SNAPSHOT/hadoop-ozone-s3gateway-0.6.0-SNAPSHOT.jar:/home/user/.m2/repository/org/jboss/weld/servlet/weld-servlet/2.4.7.Final/weld-servlet-2.4.7.Final.jar:/home/user/.m2/repository/org/glassfish/jersey/containers/jersey-container-servlet-core/2.27/jersey-container-servlet-core-2.27.jar:/home/user/.m2/repository/org/glassfish/hk2/external/javax.inject/2.5.0-b42/javax.inject-2.5.0-b42.jar:/home/user/.m2/repository/org/glassfish/jersey/core/jersey-common/2.27/jersey-common-2.27.jar:/home/user/.m2/repository/org/glassfish/hk2/osgi-resource-locator/1.0.1/osgi-resource-locator-1.0.1.jar:/home/user/.m2/repository/javax/ws/rs/javax.ws.rs-api/2.1/javax.ws.rs-api-2.1.jar:/home/user/.m2/repository/org/glassfish/jersey/ext/cdi/jersey-cdi1x/2.27/jersey-cdi1x-2.27.jar:/home/user/.m2/repository/org/glassfish/jersey/inject/jersey-hk2/2.27/jersey-hk2-2.27.jar:/home/user/.m2/repository/org/glassfish/hk2/hk2-locator/2.5.0-b42/hk2-locator-2.5.0-b42.jar:/home/user/.m2/repository/org/javassist/javassist/3.22.0-CR2/javassist-3.22.0-CR2.jar:/home/user/.m2/repository/org/glassfish/hk2/hk2-api/2.5.0/hk2-api-2.5.0.jar:/home/user/.m2/repository/org/glassfish/hk2/external/jakarta.inject/2.5.0/jakarta.inject-2.5.0.jar:/home/user/.m2/repository/org/glassfish/hk2/hk2-utils/2.5.0/hk2-utils-2.5.0.jar:/home/user/.m2/repository/jakarta/annotation/jakarta.annotation-api/1.3.4/jakarta.annotation-api-1.3.4.jar:/home/user/.m2/repository/org/glassfish/hk2/external/aopalliance-repackaged/2.5.0/aopalliance-repackaged-2.5.0.jar:/home/user/.m2/repository/com/fasterxml/jackson/dataformat/jackson-dataformat-xml/2.10.3/jackson-dataformat-xml-2.10.3.jar:/home/user/.m2/repository/com/fasterxml/jackson/core/jackson-core/2.10.3/jackson-core-2.10.3.jar:/home/user/.m2/repository/com/fasterxml/jackson/module/jackson-module-jaxb-annotations/2.10.3/jackson-module-jaxb-annotations-2.10.3.jar:/home/user/.m2/repository/jakarta/xml/bind/jakarta.xml.bind-api/2.3.2/jakarta.xml.bind-api-2.3.2.jar:/home/user/.m2/repository/jakarta/activation/jakarta.activation-api/1.2.1/jakarta.activation-api-1.2.1.jar:/home/user/.m2/repository/org/codehaus/woodstox/stax2-api/3.1.4/stax2-api-3.1.4.jar:/home/user/.m2/repository/com/fasterxml/woodstox/woodstox-core/5.0.3/woodstox-core-5.0.3.jar:/home/user/.m2/repository/javax/enterprise/cdi-api/1.2/cdi-api-1.2.jar:/home/user/.m2/repository/javax/el/javax.el-api/3.0.0/javax.el-api-3.0.0.jar:/home/user/.m2/repository/javax/interceptor/javax.interceptor-api/1.2/javax.interceptor-api-1.2.jar:/home/user/.m2/repository/javax/inject/javax.inject/1/javax.inject-1.jar:/home/user/.m2/repository/com/sun/xml/bind/jaxb-impl/2.3.0.1/jaxb-impl-2.3.0.1.jar:/home/user/.m2/repository/com/sun/xml/bind/jaxb-core/2.3.0.1/jaxb-core-2.3.0.1.jar:/home/user/.m2/repository/javax/xml/bind/jaxb-api/2.3.0/jaxb-api-2.3.0.jar:/home/user/.m2/repository/javax/activation/activation/1.1.1/activation-1.1.1.jar:/home/user/.m2/repository/org/apache/hadoop/hadoop-ozone-csi/0.6.0-SNAPSHOT/hadoop-ozone-csi-0.6.0-SNAPSHOT.jar:/home/user/.m2/repository/com/google/protobuf/protobuf-java-util/3.11.0/protobuf-java-util-3.11.0.jar:/home/user/.m2/repository/com/google/code/gson/gson/2.2.4/gson-2.2.4.jar:/home/user/.m2/repository/org/apache/hadoop/hadoop-hdds-config/0.6.0-SNAPSHOT/hadoop-hdds-config-0.6.0-SNAPSHOT.jar:/home/user/.m2/repository/com/google/protobuf/protobuf-java/2.5.0/protobuf-java-2.5.0.jar:/home/user/.m2/repository/io/grpc/grpc-netty/1.29.0/grpc-netty-1.29.0.jar:/home/user/.m2/repository/io/grpc/grpc-core/1.29.0/grpc-core-1.29.0.jar:/home/user/.m2/repository/com/google/android/annotations/4.1.1.4/annotations-4.1.1.4.jar:/home/user/.m2/repository/io/perfmark/perfmark-api/0.19.0/perfmark-api-0.19.0.jar:/home/user/.m2/repository/io/netty/netty-codec-http2/4.1.48.Final/netty-codec-http2-4.1.48.Final.jar:/home/user/.m2/repository/io/netty/netty-codec/4.1.48.Final/netty-codec-4.1.48.Final.jar:/home/user/.m2/repository/io/netty/netty-handler/4.1.48.Final/netty-handler-4.1.48.Final.jar:/home/user/.m2/repository/io/netty/netty-codec-http/4.1.48.Final/netty-codec-http-4.1.48.Final.jar:/home/user/.m2/repository/io/netty/netty-handler-proxy/4.1.48.Final/netty-handler-proxy-4.1.48.Final.jar:/home/user/.m2/repository/io/netty/netty-codec-socks/4.1.48.Final/netty-codec-socks-4.1.48.Final.jar:/home/user/.m2/repository/io/netty/netty-transport-native-epoll/4.1.48.Final/netty-transport-native-epoll-4.1.48.Final.jar:/home/user/.m2/repository/io/netty/netty-common/4.1.48.Final/netty-common-4.1.48.Final.jar:/home/user/.m2/repository/io/netty/netty-buffer/4.1.48.Final/netty-buffer-4.1.48.Final.jar:/home/user/.m2/repository/io/netty/netty-transport/4.1.48.Final/netty-transport-4.1.48.Final.jar:/home/user/.m2/repository/io/netty/netty-resolver/4.1.48.Final/netty-resolver-4.1.48.Final.jar:/home/user/.m2/repository/io/netty/netty-transport-native-unix-common/4.1.48.Final/netty-transport-native-unix-common-4.1.48.Final.jar:/home/user/.m2/repository/io/grpc/grpc-protobuf/1.29.0/grpc-protobuf-1.29.0.jar:/home/user/.m2/repository/io/grpc/grpc-api/1.29.0/grpc-api-1.29.0.jar:/home/user/.m2/repository/io/grpc/grpc-context/1.29.0/grpc-context-1.29.0.jar:/home/user/.m2/repository/org/codehaus/mojo/animal-sniffer-annotations/1.18/animal-sniffer-annotations-1.18.jar:/home/user/.m2/repository/com/google/api/grpc/proto-google-common-protos/1.17.0/proto-google-common-protos-1.17.0.jar:/home/user/.m2/repository/io/grpc/grpc-protobuf-lite/1.29.0/grpc-protobuf-lite-1.29.0.jar:/home/user/.m2/repository/io/grpc/grpc-stub/1.29.0/grpc-stub-1.29.0.jar:/home/user/.m2/repository/org/apache/hadoop/hadoop-ozone-recon/0.6.0-SNAPSHOT/hadoop-ozone-recon-0.6.0-SNAPSHOT.jar:/home/user/.m2/repository/org/apache/hadoop/hadoop-ozone-reconcodegen/0.6.0-SNAPSHOT/hadoop-ozone-reconcodegen-0.6.0-SNAPSHOT.jar:/home/user/.m2/repository/com/google/inject/extensions/guice-multibindings/4.0/guice-multibindings-4.0.jar:/home/user/.m2/repository/com/google/inject/guice/4.0/guice-4.0.jar:/home/user/.m2/repository/aopalliance/aopalliance/1.0/aopalliance-1.0.jar:/home/user/.m2/repository/com/google/inject/extensions/guice-assistedinject/4.0/guice-assistedinject-4.0.jar:/home/user/.m2/repository/com/google/inject/extensions/guice-servlet/4.0/guice-servlet-4.0.jar:/home/user/.m2/repository/org/glassfish/jersey/containers/jersey-container-servlet/2.27/jersey-container-servlet-2.27.jar:/home/user/.m2/repository/org/glassfish/hk2/guice-bridge/2.5.0/guice-bridge-2.5.0.jar:/home/user/.m2/repository/org/glassfish/jersey/core/jersey-server/2.27/jersey-server-2.27.jar:/home/user/.m2/repository/org/glassfish/jersey/core/jersey-client/2.27/jersey-client-2.27.jar:/home/user/.m2/repository/org/glassfish/jersey/media/jersey-media-jaxb/2.27/jersey-media-jaxb-2.27.jar:/home/user/.m2/repository/javax/validation/validation-api/1.1.0.Final/validation-api-1.1.0.Final.jar:/home/user/.m2/repository/org/glassfish/jersey/media/jersey-media-json-jackson/2.27/jersey-media-json-jackson-2.27.jar:/home/user/.m2/repository/org/glassfish/jersey/ext/jersey-entity-filtering/2.27/jersey-entity-filtering-2.27.jar:/home/user/.m2/repository/org/jooq/jooq/3.11.10/jooq-3.11.10.jar:/home/user/.m2/repository/org/jooq/jooq-meta/3.11.10/jooq-meta-3.11.10.jar:/home/user/.m2/repository/org/jooq/jooq-codegen/3.11.10/jooq-codegen-3.11.10.jar:/home/user/.m2/repository/com/jolbox/bonecp/0.8.0.RELEASE/bonecp-0.8.0.RELEASE.jar:/home/user/.m2/repository/org/apache/derby/derby/10.14.2.0/derby-10.14.2.0.jar:/home/user/.m2/repository/org/xerial/sqlite-jdbc/3.25.2/sqlite-jdbc-3.25.2.jar:/home/user/.m2/repository/org/springframework/spring-jdbc/5.2.5.RELEASE/spring-jdbc-5.2.5.RELEASE.jar:/home/user/.m2/repository/org/springframework/spring-beans/5.2.5.RELEASE/spring-beans-5.2.5.RELEASE.jar:/home/user/.m2/repository/org/springframework/spring-core/5.2.5.RELEASE/spring-core-5.2.5.RELEASE.jar:/home/user/.m2/repository/org/springframework/spring-jcl/5.2.5.RELEASE/spring-jcl-5.2.5.RELEASE.jar:/home/user/.m2/repository/org/springframework/spring-tx/5.2.5.RELEASE/spring-tx-5.2.5.RELEASE.jar:/home/user/.m2/repository/org/apache/hadoop/hadoop-ozone-client/0.6.0-SNAPSHOT/hadoop-ozone-client-0.6.0-SNAPSHOT.jar:/home/user/.m2/repository/org/apache/hadoop/hadoop-ozone-filesystem/0.6.0-SNAPSHOT/hadoop-ozone-filesystem-0.6.0-SNAPSHOT.jar:/home/user/.m2/repository/org/apache/hadoop/hadoop-ozone-filesystem-common/0.6.0-SNAPSHOT/hadoop-ozone-filesystem-common-0.6.0-SNAPSHOT.jar:/home/user/.m2/repository/org/apache/hadoop/hadoop-ozone-tools/0.6.0-SNAPSHOT/hadoop-ozone-tools-0.6.0-SNAPSHOT.jar:/home/user/.m2/repository/org/apache/hadoop/hadoop-hdfs/3.2.1/hadoop-hdfs-3.2.1.jar:/home/user/.m2/repository/org/apache/ratis/ratis-tools/0.6.0-6ab75ae-SNAPSHOT/ratis-tools-0.6.0-6ab75ae-SNAPSHOT.jar:/home/user/.m2/repository/org/apache/ratis/ratis-proto/0.6.0-6ab75ae-SNAPSHOT/ratis-proto-0.6.0-6ab75ae-SNAPSHOT.jar:/home/user/.m2/repository/org/apache/ratis/ratis-common/0.6.0-6ab75ae-SNAPSHOT/ratis-common-0.6.0-6ab75ae-SNAPSHOT.jar:/home/user/.m2/repository/com/amazonaws/aws-java-sdk-core/1.11.615/aws-java-sdk-core-1.11.615.jar:/home/user/.m2/repository/org/apache/httpcomponents/httpclient/4.5.2/httpclient-4.5.2.jar:/home/user/.m2/repository/org/apache/httpcomponents/httpcore/4.4.4/httpcore-4.4.4.jar:/home/user/.m2/repository/software/amazon/ion/ion-java/1.0.2/ion-java-1.0.2.jar:/home/user/.m2/repository/com/fasterxml/jackson/dataformat/jackson-dataformat-cbor/2.10.3/jackson-dataformat-cbor-2.10.3.jar:/home/user/.m2/repository/joda-time/joda-time/2.8.1/joda-time-2.8.1.jar:/home/user/.m2/repository/com/amazonaws/aws-java-sdk-s3/1.11.615/aws-java-sdk-s3-1.11.615.jar:/home/user/.m2/repository/com/amazonaws/aws-java-sdk-kms/1.11.615/aws-java-sdk-kms-1.11.615.jar:/home/user/.m2/repository/com/amazonaws/jmespath-java/1.11.615/jmespath-java-1.11.615.jar:/home/user/.m2/repository/org/apache/hadoop/hadoop-hdds-tools/0.6.0-SNAPSHOT/hadoop-hdds-tools-0.6.0-SNAPSHOT.jar:/home/user/.m2/repository/commons-cli/commons-cli/1.2/commons-cli-1.2.jar:/home/user/.m2/repository/org/apache/commons/commons-lang3/3.7/commons-lang3-3.7.jar:/home/user/.m2/repository/org/apache/hadoop/hadoop-ozone-ozone-manager/0.6.0-SNAPSHOT/hadoop-ozone-ozone-manager-0.6.0-SNAPSHOT-tests.jar:/home/user/.m2/repository/junit/junit/4.11/junit-4.11.jar:/home/user/.m2/repository/org/hamcrest/hamcrest-core/1.3/hamcrest-core-1.3.jar:/home/user/.m2/repository/org/openjdk/jmh/jmh-core/1.19/jmh-core-1.19.jar:/home/user/.m2/repository/net/sf/jopt-simple/jopt-simple/4.6/jopt-simple-4.6.jar:/home/user/.m2/repository/org/apache/commons/commons-math3/3.1.1/commons-math3-3.1.1.jar:/home/user/.m2/repository/org/openjdk/jmh/jmh-generator-annprocess/1.19/jmh-generator-annprocess-1.19.jar:/home/user/.m2/repository/org/mockito/mockito-all/1.8.5/mockito-all-1.8.5.jar:/home/user/.m2/repository/org/apache/hadoop/hadoop-kms/3.2.1/hadoop-kms-3.2.1.jar:/home/user/.m2/repository/org/apache/hadoop/hadoop-auth/3.2.1/hadoop-auth-3.2.1.jar:/home/user/.m2/repository/com/nimbusds/nimbus-jose-jwt/7.9/nimbus-jose-jwt-7.9.jar:/home/user/.m2/repository/com/github/stephenc/jcip/jcip-annotations/1.0-1/jcip-annotations-1.0-1.jar:/home/user/.m2/repository/net/minidev/json-smart/2.3/json-smart-2.3.jar:/home/user/.m2/repository/net/minidev/accessors-smart/1.2/accessors-smart-1.2.jar:/home/user/.m2/repository/org/ow2/asm/asm/5.0.4/asm-5.0.4.jar:/home/user/.m2/repository/org/apache/zookeeper/zookeeper/3.4.13/zookeeper-3.4.13.jar:/home/user/.m2/repository/org/apache/yetus/audience-annotations/0.5.0/audience-annotations-0.5.0.jar:/home/user/.m2/repository/org/apache/curator/curator-framework/2.13.0/curator-framework-2.13.0.jar:/home/user/.m2/repository/com/sun/jersey/jersey-core/1.19/jersey-core-1.19.jar:/home/user/.m2/repository/javax/ws/rs/jsr311-api/1.1.1/jsr311-api-1.1.1.jar:/home/user/.m2/repository/com/sun/jersey/jersey-server/1.19/jersey-server-1.19.jar:/home/user/.m2/repository/javax/servlet/javax.servlet-api/3.1.0/javax.servlet-api-3.1.0.jar:/home/user/.m2/repository/org/eclipse/jetty/jetty-server/9.4.26.v20200117/jetty-server-9.4.26.v20200117.jar:/home/user/.m2/repository/org/eclipse/jetty/jetty-http/9.4.26.v20200117/jetty-http-9.4.26.v20200117.jar:/home/user/.m2/repository/org/eclipse/jetty/jetty-io/9.4.26.v20200117/jetty-io-9.4.26.v20200117.jar:/home/user/.m2/repository/org/eclipse/jetty/jetty-webapp/9.4.26.v20200117/jetty-webapp-9.4.26.v20200117.jar:/home/user/.m2/repository/org/eclipse/jetty/jetty-xml/9.4.26.v20200117/jetty-xml-9.4.26.v20200117.jar:/home/user/.m2/repository/org/eclipse/jetty/jetty-servlet/9.4.26.v20200117/jetty-servlet-9.4.26.v20200117.jar:/home/user/.m2/repository/org/eclipse/jetty/jetty-security/9.4.26.v20200117/jetty-security-9.4.26.v20200117.jar:/home/user/.m2/repository/org/apache/hadoop/hadoop-common/3.2.1/hadoop-common-3.2.1.jar:/home/user/.m2/repository/commons-net/commons-net/3.6/commons-net-3.6.jar:/home/user/.m2/repository/commons-collections/commons-collections/3.2.2/commons-collections-3.2.2.jar:/home/user/.m2/repository/com/sun/jersey/jersey-servlet/1.19/jersey-servlet-1.19.jar:/home/user/.m2/repository/com/sun/jersey/jersey-json/1.19/jersey-json-1.19.jar:/home/user/.m2/repository/org/codehaus/jettison/jettison/1.1/jettison-1.1.jar:/home/user/.m2/repository/org/codehaus/jackson/jackson-jaxrs/1.9.2/jackson-jaxrs-1.9.2.jar:/home/user/.m2/repository/org/codehaus/jackson/jackson-xc/1.9.2/jackson-xc-1.9.2.jar:/home/user/.m2/repository/commons-beanutils/commons-beanutils/1.9.4/commons-beanutils-1.9.4.jar:/home/user/.m2/repository/org/apache/commons/commons-configuration2/2.1.1/commons-configuration2-2.1.1.jar:/home/user/.m2/repository/org/apache/commons/commons-text/1.4/commons-text-1.4.jar:/home/user/.m2/repository/com/google/re2j/re2j/1.1/re2j-1.1.jar:/home/user/.m2/repository/com/jcraft/jsch/0.1.54/jsch-0.1.54.jar:/home/user/.m2/repository/org/apache/curator/curator-client/2.13.0/curator-client-2.13.0.jar:/home/user/.m2/repository/org/apache/curator/curator-recipes/2.13.0/curator-recipes-2.13.0.jar:/home/user/.m2/repository/dnsjava/dnsjava/2.1.7/dnsjava-2.1.7.jar:/home/user/.m2/repository/org/slf4j/jul-to-slf4j/1.7.25/jul-to-slf4j-1.7.25.jar:/home/user/.m2/repository/org/eclipse/jetty/jetty-util/9.4.26.v20200117/jetty-util-9.4.26.v20200117.jar:/home/user/.m2/repository/com/fasterxml/jackson/core/jackson-databind/2.10.3/jackson-databind-2.10.3.jar:/home/user/.m2/repository/org/apache/hadoop/hadoop-kms/3.2.1/hadoop-kms-3.2.1-tests.jar:/home/user/.m2/repository/org/apache/hadoop/hadoop-hdds-server-scm/0.6.0-SNAPSHOT/hadoop-hdds-server-scm-0.6.0-SNAPSHOT-tests.jar:/home/user/.m2/repository/org/apache/hadoop/hadoop-hdds-container-service/0.6.0-SNAPSHOT/hadoop-hdds-container-service-0.6.0-SNAPSHOT-tests.jar:/home/user/.m2/repository/org/apache/hadoop/hadoop-hdds-common/0.6.0-SNAPSHOT/hadoop-hdds-common-0.6.0-SNAPSHOT-tests.jar:/home/user/.m2/repository/org/yaml/snakeyaml/1.16/snakeyaml-1.16.jar:/home/user/.m2/repository/org/apache/hadoop/hadoop-hdds-hadoop-dependency-test/0.6.0-SNAPSHOT/hadoop-hdds-hadoop-dependency-test-0.6.0-SNAPSHOT.jar:/home/user/.m2/repository/org/apache/hadoop/hadoop-common/3.2.1/hadoop-common-3.2.1-tests.jar:/home/user/.m2/repository/javax/servlet/jsp/jsp-api/2.1/jsp-api-2.1.jar:/home/user/.m2/repository/org/apache/hadoop/hadoop-hdfs/3.2.1/hadoop-hdfs-3.2.1-tests.jar:/home/user/.m2/repository/org/eclipse/jetty/jetty-util-ajax/9.4.26.v20200117/jetty-util-ajax-9.4.26.v20200117.jar:/home/user/.m2/repository/commons-codec/commons-codec/1.11/commons-codec-1.11.jar:/home/user/.m2/repository/commons-daemon/commons-daemon/1.0.13/commons-daemon-1.0.13.jar:/home/user/.m2/repository/io/netty/netty/3.10.5.Final/netty-3.10.5.Final.jar:/home/user/.m2/repository/io/netty/netty-all/4.1.48.Final/netty-all-4.1.48.Final.jar:/home/user/.m2/repository/org/apache/htrace/htrace-core4/4.1.0-incubating/htrace-core4-4.1.0-incubating.jar:/home/user/.m2/repository/org/fusesource/leveldbjni/leveldbjni-all/1.8/leveldbjni-all-1.8.jar:/home/user/.m2/repository/org/apache/hadoop/hadoop-distcp/3.2.1/hadoop-distcp-3.2.1.jar:/home/user/.m2/repository/org/apache/hadoop/hadoop-mapreduce-client-jobclient/3.2.1/hadoop-mapreduce-client-jobclient-3.2.1.jar:/home/user/.m2/repository/org/apache/hadoop/hadoop-mapreduce-client-common/3.2.1/hadoop-mapreduce-client-common-3.2.1.jar:/home/user/.m2/repository/org/apache/hadoop/hadoop-yarn-common/3.2.1/hadoop-yarn-common-3.2.1.jar:/home/user/.m2/repository/org/apache/hadoop/hadoop-yarn-api/3.2.1/hadoop-yarn-api-3.2.1.jar:/home/user/.m2/repository/com/sun/jersey/jersey-client/1.19/jersey-client-1.19.jar:/home/user/.m2/repository/com/sun/jersey/contribs/jersey-guice/1.19/jersey-guice-1.19.jar:/home/user/.m2/repository/com/fasterxml/jackson/jaxrs/jackson-jaxrs-json-provider/2.10.3/jackson-jaxrs-json-provider-2.10.3.jar:/home/user/.m2/repository/com/fasterxml/jackson/jaxrs/jackson-jaxrs-base/2.10.3/jackson-jaxrs-base-2.10.3.jar:/home/user/.m2/repository/org/apache/hadoop/hadoop-yarn-client/3.2.1/hadoop-yarn-client-3.2.1.jar:/home/user/.m2/repository/org/apache/hadoop/hadoop-mapreduce-client-core/3.2.1/hadoop-mapreduce-client-core-3.2.1.jar:/home/user/.m2/repository/org/apache/avro/avro/1.7.7/avro-1.7.7.jar:/home/user/.m2/repository/org/codehaus/jackson/jackson-core-asl/1.9.13/jackson-core-asl-1.9.13.jar:/home/user/.m2/repository/org/codehaus/jackson/jackson-mapper-asl/1.9.13/jackson-mapper-asl-1.9.13.jar:/home/user/.m2/repository/com/thoughtworks/paranamer/paranamer/2.3/paranamer-2.3.jar:/home/user/.m2/repository/org/xerial/snappy/snappy-java/1.0.5/snappy-java-1.0.5.jar:/home/user/.m2/repository/org/apache/hadoop/hadoop-annotations/3.2.1/hadoop-annotations-3.2.1.jar:/usr/lib/jvm/java-1.8.0-openjdk-1.8.0.232.b09-0.el7_7.x86_64/jre/../lib/tools.jar:/home/user/.m2/repository/org/apache/hadoop/hadoop-distcp/3.2.1/hadoop-distcp-3.2.1-tests.jar:"/>
    <property name="sun.cpu.endian" value="little"/>
    <property name="user.home" value="/home/user"/>
    <property name="user.language" value="en"/>
    <property name="java.specification.vendor" value="Oracle Corporation"/>
    <property name="java.home" value="/usr/lib/jvm/java-1.8.0-openjdk-1.8.0.232.b09-0.el7_7.x86_64/jre"/>
    <property name="java.security.krb5.conf" value="/github/workspace/mnt/ozone/hadoop-ozone/integration-test/target/test-classes/krb5.conf"/>
    <property name="basedir" value="/github/workspace/mnt/ozone/hadoop-ozone/integration-test"/>
    <property name="file.separator" value="/"/>
    <property name="line.separator" value="&#10;"/>
    <property name="java.vm.specification.vendor" value="Oracle Corporation"/>
    <property name="java.specification.name" value="Java Platform API Specification"/>
    <property name="java.awt.graphicsenv" value="sun.awt.X11GraphicsEnvironment"/>
    <property name="skip.installnpx" value="true"/>
    <property name="surefire.real.class.path" value="/github/workspace/mnt/ozone/hadoop-ozone/integration-test/target/surefire/surefirebooter5792833946063777078.jar:/home/user/.m2/repository/org/jacoco/org.jacoco.agent/0.8.5/org.jacoco.agent-0.8.5-runtime.jar"/>
    <property name="hadoop.log.dir" value="/github/workspace/mnt/ozone/hadoop-ozone/integration-test/target/log"/>
    <property name="sun.boot.class.path" value="/usr/lib/jvm/java-1.8.0-openjdk-1.8.0.232.b09-0.el7_7.x86_64/jre/lib/resources.jar:/usr/lib/jvm/java-1.8.0-openjdk-1.8.0.232.b09-0.el7_7.x86_64/jre/lib/rt.jar:/usr/lib/jvm/java-1.8.0-openjdk-1.8.0.232.b09-0.el7_7.x86_64/jre/lib/sunrsasign.jar:/usr/lib/jvm/java-1.8.0-openjdk-1.8.0.232.b09-0.el7_7.x86_64/jre/lib/jsse.jar:/usr/lib/jvm/java-1.8.0-openjdk-1.8.0.232.b09-0.el7_7.x86_64/jre/lib/jce.jar:/usr/lib/jvm/java-1.8.0-openjdk-1.8.0.232.b09-0.el7_7.x86_64/jre/lib/charsets.jar:/usr/lib/jvm/java-1.8.0-openjdk-1.8.0.232.b09-0.el7_7.x86_64/jre/lib/jfr.jar:/usr/lib/jvm/java-1.8.0-openjdk-1.8.0.232.b09-0.el7_7.x86_64/jre/classes"/>
    <property name="sun.management.compiler" value="HotSpot 64-Bit Tiered Compilers"/>
    <property name="skip.npx" value="true"/>
    <property name="java.runtime.version" value="1.8.0_232-b09"/>
    <property name="java.net.preferIPv4Stack" value="true"/>
    <property name="user.name" value="jenkins1001"/>
    <property name="path.separator" value=":"/>
    <property name="java.security.egd" value="file:///dev/urandom"/>
    <property name="os.version" value="5.3.0-1032-azure"/>
    <property name="java.endorsed.dirs" value="/usr/lib/jvm/java-1.8.0-openjdk-1.8.0.232.b09-0.el7_7.x86_64/jre/lib/endorsed"/>
    <property name="java.runtime.name" value="OpenJDK Runtime Environment"/>
    <property name="file.encoding" value="ANSI_X3.4-1968"/>
    <property name="java.vm.name" value="OpenJDK 64-Bit Server VM"/>
    <property name="test.build.webapps" value=""/>
    <property name="localRepository" value="/home/user/.m2/repository"/>
    <property name="java.vendor.url.bug" value="http://bugreport.sun.com/bugreport/"/>
    <property name="java.io.tmpdir" value="/tmp"/>
    <property name="require.test.libhadoop" value=""/>
    <property name="java.version" value="1.8.0_232"/>
    <property name="user.dir" value="/github/workspace/mnt/ozone/hadoop-ozone/integration-test"/>
    <property name="os.arch" value="amd64"/>
    <property name="java.vm.specification.name" value="Java Virtual Machine Specification"/>
    <property name="test.build.classes" value="/github/workspace/mnt/ozone/hadoop-ozone/integration-test/target/test-classes"/>
    <property name="java.awt.printerjob" value="sun.print.PSPrinterJob"/>
    <property name="sun.os.patch.level" value="unknown"/>
    <property name="hadoop.tmp.dir" value="/github/workspace/mnt/ozone/hadoop-ozone/integration-test/target/tmp"/>
    <property name="java.library.path" value="/usr/lib:/usr/java/packages/lib/amd64:/usr/lib64:/lib64:/lib:/usr/lib"/>
    <property name="java.vm.info" value="mixed mode"/>
    <property name="java.vendor" value="Oracle Corporation"/>
    <property name="java.vm.version" value="25.232-b09"/>
    <property name="java.ext.dirs" value="/usr/lib/jvm/java-1.8.0-openjdk-1.8.0.232.b09-0.el7_7.x86_64/jre/lib/ext:/usr/java/packages/lib/ext"/>
    <property name="sun.io.unicode.encoding" value="UnicodeLittle"/>
    <property name="java.class.version" value="52.0"/>
  </properties>
  <testcase name="testReleaseBuffers" classname="org.apache.hadoop.ozone.client.rpc.TestCommitWatcher" time="39.408"/>
  <testcase name="testReleaseBuffersOnException" classname="org.apache.hadoop.ozone.client.rpc.TestCommitWatcher" time="44.686">
    <failure type="java.lang.AssertionError">java.lang.AssertionError
	at org.junit.Assert.fail(Assert.java:86)
	at org.junit.Assert.assertTrue(Assert.java:41)
	at org.junit.Assert.assertTrue(Assert.java:52)
	at org.apache.hadoop.ozone.client.rpc.TestCommitWatcher.testReleaseBuffersOnException(TestCommitWatcher.java:320)
	at sun.reflect.NativeMethodAccessorImpl.invoke0(Native Method)
	at sun.reflect.NativeMethodAccessorImpl.invoke(NativeMethodAccessorImpl.java:62)
	at sun.reflect.DelegatingMethodAccessorImpl.invoke(DelegatingMethodAccessorImpl.java:43)
	at java.lang.reflect.Method.invoke(Method.java:498)
	at org.junit.runners.model.FrameworkMethod$1.runReflectiveCall(FrameworkMethod.java:47)
	at org.junit.internal.runners.model.ReflectiveCallable.run(ReflectiveCallable.java:12)
	at org.junit.runners.model.FrameworkMethod.invokeExplosively(FrameworkMethod.java:44)
	at org.junit.internal.runners.statements.InvokeMethod.evaluate(InvokeMethod.java:17)
	at org.junit.internal.runners.statements.RunBefores.evaluate(RunBefores.java:26)
	at org.junit.internal.runners.statements.RunAfters.evaluate(RunAfters.java:27)
	at org.junit.internal.runners.statements.FailOnTimeout$StatementThread.run(FailOnTimeout.java:74)
</failure>
    <system-out><![CDATA[2020-07-17 19:17:19,883 [Thread-357] WARN  server.ServerUtils (ServerUtils.java:getScmDbDir(148)) - ozone.scm.db.dirs is not configured. We recommend adding this setting. Falling back to ozone.metadata.dirs instead.
2020-07-17 19:17:19,886 [Thread-357] WARN  server.ServerUtils (ServerUtils.java:getScmDbDir(148)) - ozone.scm.db.dirs is not configured. We recommend adding this setting. Falling back to ozone.metadata.dirs instead.
2020-07-17 19:17:19,886 [Thread-357] WARN  db.DBStoreBuilder (DBStoreBuilder.java:createDBStoreBuilder(277)) - ozone.scm.db.dirs is not configured. We recommend adding this setting. Falling back to ozone.metadata.dirs instead.
2020-07-17 19:17:19,916 [Thread-357] INFO  net.NodeSchemaLoader (NodeSchemaLoader.java:loadSchemaFromFile(126)) - Loading file from sun.misc.CompoundEnumeration@91d0a56
2020-07-17 19:17:19,916 [Thread-357] INFO  net.NodeSchemaLoader (NodeSchemaLoader.java:loadSchema(172)) - Loading network topology layer schema file
2020-07-17 19:17:19,919 [Thread-357] WARN  server.ServerUtils (ServerUtils.java:sanitizeUserArgs(73)) - ozone.scm.stale.node.interval value = 1000000 is larger than max = 100000 based on the key value of ozone.scm.heartbeat.thread.interval, reset to the max value 100000.
2020-07-17 19:17:19,919 [Thread-357] WARN  server.ServerUtils (ServerUtils.java:sanitizeUserArgs(73)) - ozone.scm.stale.node.interval value = 1000000 is larger than max = 100000 based on the key value of ozone.scm.heartbeat.thread.interval, reset to the max value 100000.
2020-07-17 19:17:19,920 [Thread-357] INFO  node.SCMNodeManager (SCMNodeManager.java:<init>(116)) - Entering startup safe mode.
2020-07-17 19:17:19,920 [Thread-357] INFO  algorithms.ContainerPlacementPolicyFactory (ContainerPlacementPolicyFactory.java:getPolicy(60)) - Create container placement policy of type org.apache.hadoop.hdds.scm.container.placement.algorithms.SCMContainerPlacementRandom
2020-07-17 19:17:19,921 [Thread-357] INFO  pipeline.SCMPipelineManager (SCMPipelineManager.java:initializePipelineState(158)) - No pipeline exists in current db
2020-07-17 19:17:19,922 [Thread-357] INFO  safemode.HealthyPipelineSafeModeRule (HealthyPipelineSafeModeRule.java:<init>(89)) - Total pipeline count is 0, healthy pipeline threshold count is 0
2020-07-17 19:17:19,923 [Thread-357] INFO  safemode.OneReplicaPipelineSafeModeRule (OneReplicaPipelineSafeModeRule.java:<init>(79)) - Total pipeline count is 0, pipeline's with at least one datanode reported threshold count is 0
2020-07-17 19:17:19,925 [Thread-357] INFO  ipc.CallQueueManager (CallQueueManager.java:<init>(84)) - Using callQueue: class java.util.concurrent.LinkedBlockingQueue, queueCapacity: 2000, scheduler: class org.apache.hadoop.ipc.DefaultRpcScheduler, ipcBackoff: false.
2020-07-17 19:17:19,926 [RatisPipelineUtilsThread] ERROR pipeline.SCMPipelineManager (SCMPipelineManager.java:createPipeline(275)) - Failed to create pipeline of type RATIS and factor ONE. Exception: Cannot create pipeline of factor 1 using 0 nodes. Used 0 nodes. Healthy nodes 0
2020-07-17 19:17:19,930 [Socket Reader #1 for port 0] INFO  ipc.Server (Server.java:run(1219)) - Starting Socket Reader #1 for port 0
2020-07-17 19:17:19,931 [Listener at 0.0.0.0/35851] INFO  ipc.CallQueueManager (CallQueueManager.java:<init>(84)) - Using callQueue: class java.util.concurrent.LinkedBlockingQueue, queueCapacity: 2000, scheduler: class org.apache.hadoop.ipc.DefaultRpcScheduler, ipcBackoff: false.
2020-07-17 19:17:19,936 [Socket Reader #1 for port 0] INFO  ipc.Server (Server.java:run(1219)) - Starting Socket Reader #1 for port 0
2020-07-17 19:17:19,936 [Listener at 0.0.0.0/33167] INFO  ipc.CallQueueManager (CallQueueManager.java:<init>(84)) - Using callQueue: class java.util.concurrent.LinkedBlockingQueue, queueCapacity: 2000, scheduler: class org.apache.hadoop.ipc.DefaultRpcScheduler, ipcBackoff: false.
2020-07-17 19:17:19,937 [Socket Reader #1 for port 0] INFO  ipc.Server (Server.java:run(1219)) - Starting Socket Reader #1 for port 0
2020-07-17 19:17:19,943 [Listener at 0.0.0.0/43269] INFO  http.BaseHttpServer (BaseHttpServer.java:newHttpServer2BuilderForOzone(207)) - Starting Web-server for scm at: http://0.0.0.0:0
2020-07-17 19:17:19,944 [Listener at 0.0.0.0/43269] INFO  http.BaseHttpServer (BaseHttpServer.java:<init>(106)) - Hadoop Security Enabled: false Ozone Security Enabled: false Ozone HTTP Security Enabled: false 
2020-07-17 19:17:19,945 [Listener at 0.0.0.0/43269] INFO  server.AuthenticationFilter (AuthenticationFilter.java:constructSecretProvider(240)) - Unable to initialize FileSignerSecretProvider, falling back to use random secrets.
2020-07-17 19:17:19,946 [Listener at 0.0.0.0/43269] WARN  http.HttpRequestLog (HttpRequestLog.java:getRequestLog(103)) - Jetty request log can only be enabled using Log4j
2020-07-17 19:17:19,948 [Listener at 0.0.0.0/43269] INFO  http.HttpServer2 (HttpServer2.java:addGlobalFilter(998)) - Added global filter 'safety' (class=org.apache.hadoop.hdds.server.http.HttpServer2$QuotingInputFilter)
2020-07-17 19:17:19,950 [Listener at 0.0.0.0/43269] INFO  http.HttpServer2 (HttpServer2.java:addFilter(974)) - Added filter static_user_filter (class=org.apache.hadoop.http.lib.StaticUserWebFilter$StaticUserFilter) to context scm
2020-07-17 19:17:19,951 [Listener at 0.0.0.0/43269] INFO  http.HttpServer2 (HttpServer2.java:addFilter(982)) - Added filter static_user_filter (class=org.apache.hadoop.http.lib.StaticUserWebFilter$StaticUserFilter) to context static
2020-07-17 19:17:19,951 [Listener at 0.0.0.0/43269] INFO  http.HttpServer2 (HttpServer2.java:addFilter(982)) - Added filter static_user_filter (class=org.apache.hadoop.http.lib.StaticUserWebFilter$StaticUserFilter) to context logs
2020-07-17 19:17:19,956 [Listener at 0.0.0.0/43269] INFO  server.StorageContainerManager (StorageContainerManager.java:start(784)) - StorageContainerLocationProtocol RPC server is listening at /0.0.0.0:43269
2020-07-17 19:17:19,958 [Listener at 0.0.0.0/43269] WARN  impl.MetricsConfig (MetricsConfig.java:loadFirst(134)) - Cannot locate configuration: tried hadoop-metrics2-storagecontainermanager.properties,hadoop-metrics2.properties
2020-07-17 19:17:19,960 [Listener at 0.0.0.0/43269] INFO  impl.MetricsSystemImpl (MetricsSystemImpl.java:startTimer(374)) - Scheduled Metric snapshot period at 10 second(s).
2020-07-17 19:17:19,960 [Listener at 0.0.0.0/43269] INFO  impl.MetricsSystemImpl (MetricsSystemImpl.java:start(191)) - StorageContainerManager metrics system started
2020-07-17 19:17:19,969 [Listener at 0.0.0.0/43269] WARN  impl.MetricsSystemImpl (MetricsSystemImpl.java:register(276)) - Sink prometheus already exists!
2020-07-17 19:17:19,980 [Listener at 0.0.0.0/43269] INFO  server.SCMClientProtocolServer (SCMClientProtocolServer.java:start(156)) - RPC server for Client  is listening at /0.0.0.0:43269
2020-07-17 19:17:19,980 [IPC Server Responder] INFO  ipc.Server (Server.java:run(1460)) - IPC Server Responder: starting
2020-07-17 19:17:19,987 [IPC Server listener on 0] INFO  ipc.Server (Server.java:run(1298)) - IPC Server listener on 0: starting
2020-07-17 19:17:19,997 [Listener at 0.0.0.0/43269] INFO  server.StorageContainerManager (StorageContainerManager.java:start(796)) - ScmBlockLocationProtocol RPC server is listening at /0.0.0.0:33167
2020-07-17 19:17:19,997 [Listener at 0.0.0.0/43269] INFO  server.SCMBlockProtocolServer (SCMBlockProtocolServer.java:start(149)) - RPC server for Block Protocol is listening at /0.0.0.0:33167
2020-07-17 19:17:19,998 [IPC Server Responder] INFO  ipc.Server (Server.java:run(1460)) - IPC Server Responder: starting
2020-07-17 19:17:19,999 [IPC Server listener on 0] INFO  ipc.Server (Server.java:run(1298)) - IPC Server listener on 0: starting
2020-07-17 19:17:20,006 [Listener at 0.0.0.0/43269] INFO  server.StorageContainerManager (StorageContainerManager.java:start(802)) - ScmDatanodeProtocl RPC server is listening at /0.0.0.0:35851
2020-07-17 19:17:20,006 [Listener at 0.0.0.0/43269] INFO  server.SCMDatanodeProtocolServer (SCMDatanodeProtocolServer.java:start(172)) - RPC server for DataNodes is listening at /0.0.0.0:35851
2020-07-17 19:17:20,006 [IPC Server Responder] INFO  ipc.Server (Server.java:run(1460)) - IPC Server Responder: starting
2020-07-17 19:17:20,008 [IPC Server listener on 0] INFO  ipc.Server (Server.java:run(1298)) - IPC Server listener on 0: starting
2020-07-17 19:17:20,015 [Listener at 0.0.0.0/43269] INFO  http.HttpServer2 (HttpServer2.java:bindListener(1216)) - Jetty bound to port 33625
2020-07-17 19:17:20,015 [Listener at 0.0.0.0/43269] INFO  server.Server (Server.java:doStart(359)) - jetty-9.4.26.v20200117; built: 2020-01-17T12:35:33.676Z; git: 7b38981d25d14afb4a12ff1f2596756144edf695; jvm 1.8.0_232-b09
2020-07-17 19:17:20,017 [Listener at 0.0.0.0/43269] INFO  server.session (DefaultSessionIdManager.java:doStart(333)) - DefaultSessionIdManager workerName=node0
2020-07-17 19:17:20,017 [Listener at 0.0.0.0/43269] INFO  server.session (DefaultSessionIdManager.java:doStart(338)) - No SessionScavenger set, using defaults
2020-07-17 19:17:20,018 [Listener at 0.0.0.0/43269] INFO  server.session (HouseKeeper.java:startScavenging(140)) - node0 Scavenging every 660000ms
2020-07-17 19:17:20,018 [Listener at 0.0.0.0/43269] INFO  handler.ContextHandler (ContextHandler.java:doStart(825)) - Started o.e.j.s.ServletContextHandler@54c2194e{logs,/logs,file:///github/workspace/mnt/ozone/hadoop-ozone/integration-test/target/log,AVAILABLE}
2020-07-17 19:17:20,019 [Listener at 0.0.0.0/43269] INFO  handler.ContextHandler (ContextHandler.java:doStart(825)) - Started o.e.j.s.ServletContextHandler@13a1b2f1{static,/static,file:///github/workspace/mnt/ozone/hadoop-ozone/integration-test/target/test-classes/webapps/static,AVAILABLE}
2020-07-17 19:17:20,024 [Listener at 0.0.0.0/43269] INFO  handler.ContextHandler (ContextHandler.java:doStart(825)) - Started o.e.j.w.WebAppContext@17ca7451{scm,/,file:///github/workspace/mnt/ozone/hadoop-ozone/integration-test/target/test-classes/webapps/scm/,AVAILABLE}{file:/github/workspace/mnt/ozone/hadoop-ozone/integration-test/target/test-classes/webapps/scm}
2020-07-17 19:17:20,025 [Listener at 0.0.0.0/43269] INFO  server.AbstractConnector (AbstractConnector.java:doStart(330)) - Started ServerConnector@5037de9b{HTTP/1.1,[http/1.1]}{0.0.0.0:33625}
2020-07-17 19:17:20,025 [Listener at 0.0.0.0/43269] INFO  server.Server (Server.java:doStart(399)) - Started @40558ms
2020-07-17 19:17:20,025 [Listener at 0.0.0.0/43269] WARN  impl.MetricsSystemImpl (MetricsSystemImpl.java:register(276)) - Sink prometheus already exists!
2020-07-17 19:17:20,030 [Listener at 0.0.0.0/43269] INFO  http.BaseHttpServer (BaseHttpServer.java:updateConnectorAddress(327)) - HTTP server of scm listening at http://0.0.0.0:33625
2020-07-17 19:17:20,036 [Listener at 0.0.0.0/43269] WARN  server.ServerUtils (ServerUtils.java:getDBPath(225)) - ozone.om.db.dirs is not configured. We recommend adding this setting. Falling back to ozone.metadata.dirs instead.
2020-07-17 19:17:20,036 [org.apache.hadoop.util.JvmPauseMonitor$Monitor@2796dbc5] INFO  util.JvmPauseMonitor (JvmPauseMonitor.java:run(188)) - Starting JVM pause monitor
2020-07-17 19:17:20,037 [Listener at 0.0.0.0/43269] INFO  ha.OMHANodeDetails (OMHANodeDetails.java:loadOMHAConfig(104)) - ozone.om.internal.service.id is not defined, falling back to ozone.om.service.ids to find serviceID for OzoneManager if it is HA enabled cluster
2020-07-17 19:17:20,037 [Listener at 0.0.0.0/43269] INFO  ha.OMHANodeDetails (OMHANodeDetails.java:loadOMHAConfig(213)) - Configuration either no ozone.om.address set. Falling back to the default OM address /127.0.0.1:0
2020-07-17 19:17:20,037 [Listener at 0.0.0.0/43269] INFO  ha.OMHANodeDetails (OMHANodeDetails.java:getOMNodeDetails(241)) - OM Service ID is not set. Setting it to the default ID: omServiceIdDefault
2020-07-17 19:17:20,038 [Listener at 0.0.0.0/43269] WARN  server.ServerUtils (ServerUtils.java:getDBPath(225)) - ozone.om.db.dirs is not configured. We recommend adding this setting. Falling back to ozone.metadata.dirs instead.
2020-07-17 19:17:20,038 [Listener at 0.0.0.0/43269] WARN  server.ServerUtils (ServerUtils.java:getDBPath(225)) - ozone.om.db.dirs is not configured. We recommend adding this setting. Falling back to ozone.metadata.dirs instead.
2020-07-17 19:17:20,046 [Listener at 0.0.0.0/43269] WARN  server.ServerUtils (ServerUtils.java:getDBPath(225)) - ozone.om.db.dirs is not configured. We recommend adding this setting. Falling back to ozone.metadata.dirs instead.
2020-07-17 19:17:20,106 [Listener at 0.0.0.0/43269] INFO  ipc.CallQueueManager (CallQueueManager.java:<init>(84)) - Using callQueue: class java.util.concurrent.LinkedBlockingQueue, queueCapacity: 2000, scheduler: class org.apache.hadoop.ipc.DefaultRpcScheduler, ipcBackoff: false.
2020-07-17 19:17:20,108 [Socket Reader #1 for port 0] INFO  ipc.Server (Server.java:run(1219)) - Starting Socket Reader #1 for port 0
2020-07-17 19:17:20,122 [Listener at 127.0.0.1/36635] INFO  impl.MetricsSystemImpl (MetricsSystemImpl.java:init(158)) - OzoneManager metrics system started (again)
2020-07-17 19:17:20,123 [Listener at 127.0.0.1/36635] INFO  om.OzoneManager (OzoneManager.java:start(1094)) - OzoneManager RPC server is listening at localhost/127.0.0.1:36635
2020-07-17 19:17:20,125 [IPC Server Responder] INFO  ipc.Server (Server.java:run(1460)) - IPC Server Responder: starting
2020-07-17 19:17:20,126 [IPC Server listener on 0] INFO  ipc.Server (Server.java:run(1298)) - IPC Server listener on 0: starting
2020-07-17 19:17:20,138 [Listener at 127.0.0.1/36635] INFO  http.BaseHttpServer (BaseHttpServer.java:newHttpServer2BuilderForOzone(207)) - Starting Web-server for ozoneManager at: http://0.0.0.0:0
2020-07-17 19:17:20,138 [Listener at 127.0.0.1/36635] INFO  http.BaseHttpServer (BaseHttpServer.java:<init>(106)) - Hadoop Security Enabled: false Ozone Security Enabled: false Ozone HTTP Security Enabled: false 
2020-07-17 19:17:20,140 [Listener at 127.0.0.1/36635] INFO  server.AuthenticationFilter (AuthenticationFilter.java:constructSecretProvider(240)) - Unable to initialize FileSignerSecretProvider, falling back to use random secrets.
2020-07-17 19:17:20,141 [Listener at 127.0.0.1/36635] WARN  http.HttpRequestLog (HttpRequestLog.java:getRequestLog(103)) - Jetty request log can only be enabled using Log4j
2020-07-17 19:17:20,142 [Listener at 127.0.0.1/36635] INFO  http.HttpServer2 (HttpServer2.java:addGlobalFilter(998)) - Added global filter 'safety' (class=org.apache.hadoop.hdds.server.http.HttpServer2$QuotingInputFilter)
2020-07-17 19:17:20,143 [Listener at 127.0.0.1/36635] INFO  http.HttpServer2 (HttpServer2.java:addFilter(974)) - Added filter static_user_filter (class=org.apache.hadoop.http.lib.StaticUserWebFilter$StaticUserFilter) to context ozoneManager
2020-07-17 19:17:20,143 [Listener at 127.0.0.1/36635] INFO  http.HttpServer2 (HttpServer2.java:addFilter(982)) - Added filter static_user_filter (class=org.apache.hadoop.http.lib.StaticUserWebFilter$StaticUserFilter) to context logs
2020-07-17 19:17:20,143 [Listener at 127.0.0.1/36635] INFO  http.HttpServer2 (HttpServer2.java:addFilter(982)) - Added filter static_user_filter (class=org.apache.hadoop.http.lib.StaticUserWebFilter$StaticUserFilter) to context static
2020-07-17 19:17:20,143 [Listener at 127.0.0.1/36635] INFO  http.HttpServer2 (HttpServer2.java:bindListener(1216)) - Jetty bound to port 46615
2020-07-17 19:17:20,143 [Listener at 127.0.0.1/36635] INFO  server.Server (Server.java:doStart(359)) - jetty-9.4.26.v20200117; built: 2020-01-17T12:35:33.676Z; git: 7b38981d25d14afb4a12ff1f2596756144edf695; jvm 1.8.0_232-b09
2020-07-17 19:17:20,145 [Listener at 127.0.0.1/36635] INFO  server.session (DefaultSessionIdManager.java:doStart(333)) - DefaultSessionIdManager workerName=node0
2020-07-17 19:17:20,145 [Listener at 127.0.0.1/36635] INFO  server.session (DefaultSessionIdManager.java:doStart(338)) - No SessionScavenger set, using defaults
2020-07-17 19:17:20,145 [Listener at 127.0.0.1/36635] INFO  server.session (HouseKeeper.java:startScavenging(140)) - node0 Scavenging every 600000ms
2020-07-17 19:17:20,146 [Listener at 127.0.0.1/36635] INFO  handler.ContextHandler (ContextHandler.java:doStart(825)) - Started o.e.j.s.ServletContextHandler@186ff0b8{logs,/logs,file:///github/workspace/mnt/ozone/hadoop-ozone/integration-test/target/log,AVAILABLE}
2020-07-17 19:17:20,146 [Listener at 127.0.0.1/36635] INFO  handler.ContextHandler (ContextHandler.java:doStart(825)) - Started o.e.j.s.ServletContextHandler@276da2f0{static,/static,file:///github/workspace/mnt/ozone/hadoop-ozone/integration-test/target/test-classes/webapps/static,AVAILABLE}
2020-07-17 19:17:20,150 [Listener at 127.0.0.1/36635] INFO  handler.ContextHandler (ContextHandler.java:doStart(825)) - Started o.e.j.w.WebAppContext@1db228ea{ozoneManager,/,file:///github/workspace/mnt/ozone/hadoop-ozone/integration-test/target/test-classes/webapps/ozoneManager/,AVAILABLE}{file:/github/workspace/mnt/ozone/hadoop-ozone/integration-test/target/test-classes/webapps/ozoneManager}
2020-07-17 19:17:20,152 [Listener at 127.0.0.1/36635] INFO  server.AbstractConnector (AbstractConnector.java:doStart(330)) - Started ServerConnector@46a2f84b{HTTP/1.1,[http/1.1]}{0.0.0.0:46615}
2020-07-17 19:17:20,152 [Listener at 127.0.0.1/36635] INFO  server.Server (Server.java:doStart(399)) - Started @40685ms
2020-07-17 19:17:20,152 [Listener at 127.0.0.1/36635] WARN  impl.MetricsSystemImpl (MetricsSystemImpl.java:register(276)) - Sink prometheus already exists!
2020-07-17 19:17:20,156 [Listener at 127.0.0.1/36635] INFO  http.BaseHttpServer (BaseHttpServer.java:updateConnectorAddress(327)) - HTTP server of ozoneManager listening at http://0.0.0.0:46615
2020-07-17 19:17:20,161 [org.apache.hadoop.util.JvmPauseMonitor$Monitor@534ab2b9] INFO  util.JvmPauseMonitor (JvmPauseMonitor.java:run(188)) - Starting JVM pause monitor
2020-07-17 19:17:20,175 [Listener at 127.0.0.1/36635] INFO  impl.MetricsSystemImpl (MetricsSystemImpl.java:init(158)) - HddsDatanode metrics system started (again)
2020-07-17 19:17:20,177 [Listener at 127.0.0.1/36635] INFO  ozone.HddsDatanodeService (HddsDatanodeService.java:start(214)) - HddsDatanodeService host:9afa6d03cd7d ip:172.17.0.2
2020-07-17 19:17:20,179 [Listener at 127.0.0.1/36635] INFO  volume.HddsVolume (HddsVolume.java:<init>(176)) - Creating Volume: /github/workspace/mnt/ozone/hadoop-ozone/integration-test/target/test-dir/MiniOzoneClusterImpl-c590ab3c-c15e-4809-9b68-32eb717c380c/datanode-0/data-0/containers/hdds of storage type : DISK and capacity : 9223372036854775807
2020-07-17 19:17:20,179 [Listener at 127.0.0.1/36635] INFO  volume.MutableVolumeSet (MutableVolumeSet.java:initializeVolumeSet(179)) - Added Volume : /github/workspace/mnt/ozone/hadoop-ozone/integration-test/target/test-dir/MiniOzoneClusterImpl-c590ab3c-c15e-4809-9b68-32eb717c380c/datanode-0/data-0/containers/hdds to VolumeSet
2020-07-17 19:17:20,179 [Listener at 127.0.0.1/36635] INFO  volume.ThrottledAsyncChecker (ThrottledAsyncChecker.java:schedule(141)) - Scheduling a check for /github/workspace/mnt/ozone/hadoop-ozone/integration-test/target/test-dir/MiniOzoneClusterImpl-c590ab3c-c15e-4809-9b68-32eb717c380c/datanode-0/data-0/containers/hdds
2020-07-17 19:17:20,180 [Listener at 127.0.0.1/36635] INFO  volume.HddsVolumeChecker (HddsVolumeChecker.java:checkAllVolumes(200)) - Scheduled health check for volume /github/workspace/mnt/ozone/hadoop-ozone/integration-test/target/test-dir/MiniOzoneClusterImpl-c590ab3c-c15e-4809-9b68-32eb717c380c/datanode-0/data-0/containers/hdds
2020-07-17 19:17:20,196 [Listener at 127.0.0.1/36635] INFO  impl.RaftServerProxy (ConfUtils.java:logGet(44)) - raft.rpc.type = GRPC (default)
2020-07-17 19:17:20,196 [Listener at 127.0.0.1/36635] INFO  grpc.GrpcFactory (GrpcFactory.java:checkPooledByteBufAllocatorUseCacheForAllThreads(45)) - PERFORMANCE WARNING: useCacheForAllThreads is true that may cause Netty to create a lot garbage objects and, as a result, trigger GC.
	It is recommended to disable useCacheForAllThreads by setting -Dorg.apache.ratis.thirdparty.io.netty.allocator.useCacheForAllThreads=false in command line.
2020-07-17 19:17:20,196 [Listener at 127.0.0.1/36635] INFO  grpc.GrpcConfigKeys (ConfUtils.java:logGet(44)) - raft.grpc.server.port = 0 (default)
2020-07-17 19:17:20,196 [Listener at 127.0.0.1/36635] INFO  server.GrpcService (ConfUtils.java:logGet(44)) - raft.grpc.message.size.max = 32MB (=33554432) (custom)
2020-07-17 19:17:20,197 [Listener at 127.0.0.1/36635] INFO  server.RaftServerConfigKeys (ConfUtils.java:logGet(44)) - raft.server.log.appender.buffer.byte-limit = 33554432 (custom)
2020-07-17 19:17:20,197 [Listener at 127.0.0.1/36635] INFO  server.GrpcService (ConfUtils.java:logGet(44)) - raft.grpc.flow.control.window = 5MB (=5242880) (custom)
2020-07-17 19:17:20,197 [Listener at 127.0.0.1/36635] INFO  server.RaftServerConfigKeys (ConfUtils.java:logGet(44)) - raft.server.rpc.request.timeout = 3000ms (default)
2020-07-17 19:17:20,198 [Listener at 127.0.0.1/36635] INFO  server.RaftServerConfigKeys (ConfUtils.java:logGet(44)) - raft.server.storage.dir = [/github/workspace/mnt/ozone/hadoop-ozone/integration-test/target/test-dir/MiniOzoneClusterImpl-c590ab3c-c15e-4809-9b68-32eb717c380c/datanode-0/data/ratis] (custom)
2020-07-17 19:17:20,204 [Listener at 127.0.0.1/36635] INFO  http.BaseHttpServer (BaseHttpServer.java:newHttpServer2BuilderForOzone(207)) - Starting Web-server for hddsDatanode at: http://0.0.0.0:0
2020-07-17 19:17:20,204 [Listener at 127.0.0.1/36635] INFO  http.BaseHttpServer (BaseHttpServer.java:<init>(106)) - Hadoop Security Enabled: false Ozone Security Enabled: false Ozone HTTP Security Enabled: false 
2020-07-17 19:17:20,205 [Listener at 127.0.0.1/36635] INFO  server.AuthenticationFilter (AuthenticationFilter.java:constructSecretProvider(240)) - Unable to initialize FileSignerSecretProvider, falling back to use random secrets.
2020-07-17 19:17:20,207 [Listener at 127.0.0.1/36635] WARN  http.HttpRequestLog (HttpRequestLog.java:getRequestLog(103)) - Jetty request log can only be enabled using Log4j
2020-07-17 19:17:20,207 [Listener at 127.0.0.1/36635] INFO  http.HttpServer2 (HttpServer2.java:addGlobalFilter(998)) - Added global filter 'safety' (class=org.apache.hadoop.hdds.server.http.HttpServer2$QuotingInputFilter)
2020-07-17 19:17:20,209 [Listener at 127.0.0.1/36635] INFO  http.HttpServer2 (HttpServer2.java:addFilter(974)) - Added filter static_user_filter (class=org.apache.hadoop.http.lib.StaticUserWebFilter$StaticUserFilter) to context hddsDatanode
2020-07-17 19:17:20,209 [Listener at 127.0.0.1/36635] INFO  http.HttpServer2 (HttpServer2.java:addFilter(982)) - Added filter static_user_filter (class=org.apache.hadoop.http.lib.StaticUserWebFilter$StaticUserFilter) to context logs
2020-07-17 19:17:20,209 [Listener at 127.0.0.1/36635] INFO  http.HttpServer2 (HttpServer2.java:addFilter(982)) - Added filter static_user_filter (class=org.apache.hadoop.http.lib.StaticUserWebFilter$StaticUserFilter) to context static
2020-07-17 19:17:20,209 [Listener at 127.0.0.1/36635] INFO  http.HttpServer2 (HttpServer2.java:bindListener(1216)) - Jetty bound to port 41525
2020-07-17 19:17:20,209 [Listener at 127.0.0.1/36635] INFO  server.Server (Server.java:doStart(359)) - jetty-9.4.26.v20200117; built: 2020-01-17T12:35:33.676Z; git: 7b38981d25d14afb4a12ff1f2596756144edf695; jvm 1.8.0_232-b09
2020-07-17 19:17:20,215 [Listener at 127.0.0.1/36635] INFO  server.session (DefaultSessionIdManager.java:doStart(333)) - DefaultSessionIdManager workerName=node0
2020-07-17 19:17:20,216 [Listener at 127.0.0.1/36635] INFO  server.session (DefaultSessionIdManager.java:doStart(338)) - No SessionScavenger set, using defaults
2020-07-17 19:17:20,216 [Listener at 127.0.0.1/36635] INFO  server.session (HouseKeeper.java:startScavenging(140)) - node0 Scavenging every 660000ms
2020-07-17 19:17:20,216 [Listener at 127.0.0.1/36635] INFO  handler.ContextHandler (ContextHandler.java:doStart(825)) - Started o.e.j.s.ServletContextHandler@3d9e08a4{logs,/logs,file:///github/workspace/mnt/ozone/hadoop-ozone/integration-test/target/log,AVAILABLE}
2020-07-17 19:17:20,217 [Listener at 127.0.0.1/36635] INFO  handler.ContextHandler (ContextHandler.java:doStart(825)) - Started o.e.j.s.ServletContextHandler@68fc9ae7{static,/static,jar:file:/home/user/.m2/repository/org/apache/hadoop/hadoop-hdds-container-service/0.6.0-SNAPSHOT/hadoop-hdds-container-service-0.6.0-SNAPSHOT.jar!/webapps/static,AVAILABLE}
2020-07-17 19:17:20,300 [Listener at 127.0.0.1/36635] INFO  handler.ContextHandler (ContextHandler.java:doStart(825)) - Started o.e.j.w.WebAppContext@49045d93{hddsDatanode,/,file:///tmp/jetty-0_0_0_0-41525-hadoop-hdds-container-service-0_6_0-SNAPSHOT_jar-_-any-5964728715983598465.dir/webapp/,AVAILABLE}{jar:file:/home/user/.m2/repository/org/apache/hadoop/hadoop-hdds-container-service/0.6.0-SNAPSHOT/hadoop-hdds-container-service-0.6.0-SNAPSHOT.jar!/webapps/hddsDatanode}
2020-07-17 19:17:20,301 [Listener at 127.0.0.1/36635] INFO  server.AbstractConnector (AbstractConnector.java:doStart(330)) - Started ServerConnector@18c9fac7{HTTP/1.1,[http/1.1]}{0.0.0.0:41525}
2020-07-17 19:17:20,302 [Listener at 127.0.0.1/36635] INFO  server.Server (Server.java:doStart(399)) - Started @40834ms
2020-07-17 19:17:20,302 [Listener at 127.0.0.1/36635] WARN  impl.MetricsSystemImpl (MetricsSystemImpl.java:register(276)) - Sink prometheus already exists!
2020-07-17 19:17:20,306 [Listener at 127.0.0.1/36635] INFO  http.BaseHttpServer (BaseHttpServer.java:updateConnectorAddress(327)) - HTTP server of hddsDatanode listening at http://0.0.0.0:41525
2020-07-17 19:17:20,308 [Listener at 127.0.0.1/36635] INFO  impl.MetricsSystemImpl (MetricsSystemImpl.java:init(158)) - HddsDatanode metrics system started (again)
2020-07-17 19:17:20,312 [Listener at 127.0.0.1/36635] INFO  ozone.HddsDatanodeService (HddsDatanodeService.java:start(214)) - HddsDatanodeService host:9afa6d03cd7d ip:172.17.0.2
2020-07-17 19:17:20,314 [Listener at 127.0.0.1/36635] INFO  volume.HddsVolume (HddsVolume.java:<init>(176)) - Creating Volume: /github/workspace/mnt/ozone/hadoop-ozone/integration-test/target/test-dir/MiniOzoneClusterImpl-c590ab3c-c15e-4809-9b68-32eb717c380c/datanode-1/data-0/containers/hdds of storage type : DISK and capacity : 9223372036854775807
2020-07-17 19:17:20,315 [Listener at 127.0.0.1/36635] INFO  volume.MutableVolumeSet (MutableVolumeSet.java:initializeVolumeSet(179)) - Added Volume : /github/workspace/mnt/ozone/hadoop-ozone/integration-test/target/test-dir/MiniOzoneClusterImpl-c590ab3c-c15e-4809-9b68-32eb717c380c/datanode-1/data-0/containers/hdds to VolumeSet
2020-07-17 19:17:20,315 [Listener at 127.0.0.1/36635] INFO  volume.ThrottledAsyncChecker (ThrottledAsyncChecker.java:schedule(141)) - Scheduling a check for /github/workspace/mnt/ozone/hadoop-ozone/integration-test/target/test-dir/MiniOzoneClusterImpl-c590ab3c-c15e-4809-9b68-32eb717c380c/datanode-1/data-0/containers/hdds
2020-07-17 19:17:20,320 [org.apache.hadoop.util.JvmPauseMonitor$Monitor@3540243a] INFO  util.JvmPauseMonitor (JvmPauseMonitor.java:run(188)) - Starting JVM pause monitor
2020-07-17 19:17:20,320 [Listener at 127.0.0.1/36635] INFO  volume.HddsVolumeChecker (HddsVolumeChecker.java:checkAllVolumes(200)) - Scheduled health check for volume /github/workspace/mnt/ozone/hadoop-ozone/integration-test/target/test-dir/MiniOzoneClusterImpl-c590ab3c-c15e-4809-9b68-32eb717c380c/datanode-1/data-0/containers/hdds
2020-07-17 19:17:20,322 [Datanode State Machine Thread - 0] INFO  datanode.InitDatanodeState (InitDatanodeState.java:persistContainerDatanodeDetails(145)) - DatanodeDetails is persisted to /github/workspace/mnt/ozone/hadoop-ozone/integration-test/target/test-dir/MiniOzoneClusterImpl-c590ab3c-c15e-4809-9b68-32eb717c380c/datanode-0/meta/datanode.id
2020-07-17 19:17:20,335 [Listener at 127.0.0.1/36635] INFO  impl.RaftServerProxy (ConfUtils.java:logGet(44)) - raft.rpc.type = GRPC (default)
2020-07-17 19:17:20,335 [Listener at 127.0.0.1/36635] INFO  grpc.GrpcFactory (GrpcFactory.java:checkPooledByteBufAllocatorUseCacheForAllThreads(45)) - PERFORMANCE WARNING: useCacheForAllThreads is true that may cause Netty to create a lot garbage objects and, as a result, trigger GC.
	It is recommended to disable useCacheForAllThreads by setting -Dorg.apache.ratis.thirdparty.io.netty.allocator.useCacheForAllThreads=false in command line.
2020-07-17 19:17:20,335 [Listener at 127.0.0.1/36635] INFO  grpc.GrpcConfigKeys (ConfUtils.java:logGet(44)) - raft.grpc.server.port = 0 (default)
2020-07-17 19:17:20,335 [Listener at 127.0.0.1/36635] INFO  server.GrpcService (ConfUtils.java:logGet(44)) - raft.grpc.message.size.max = 32MB (=33554432) (custom)
2020-07-17 19:17:20,335 [Listener at 127.0.0.1/36635] INFO  server.RaftServerConfigKeys (ConfUtils.java:logGet(44)) - raft.server.log.appender.buffer.byte-limit = 33554432 (custom)
2020-07-17 19:17:20,335 [Listener at 127.0.0.1/36635] INFO  server.GrpcService (ConfUtils.java:logGet(44)) - raft.grpc.flow.control.window = 5MB (=5242880) (custom)
2020-07-17 19:17:20,335 [Listener at 127.0.0.1/36635] INFO  server.RaftServerConfigKeys (ConfUtils.java:logGet(44)) - raft.server.rpc.request.timeout = 3000ms (default)
2020-07-17 19:17:20,336 [Listener at 127.0.0.1/36635] INFO  server.RaftServerConfigKeys (ConfUtils.java:logGet(44)) - raft.server.storage.dir = [/github/workspace/mnt/ozone/hadoop-ozone/integration-test/target/test-dir/MiniOzoneClusterImpl-c590ab3c-c15e-4809-9b68-32eb717c380c/datanode-1/data/ratis] (custom)
2020-07-17 19:17:20,341 [Listener at 127.0.0.1/36635] INFO  http.BaseHttpServer (BaseHttpServer.java:newHttpServer2BuilderForOzone(207)) - Starting Web-server for hddsDatanode at: http://0.0.0.0:0
2020-07-17 19:17:20,341 [Listener at 127.0.0.1/36635] INFO  http.BaseHttpServer (BaseHttpServer.java:<init>(106)) - Hadoop Security Enabled: false Ozone Security Enabled: false Ozone HTTP Security Enabled: false 
2020-07-17 19:17:20,342 [Listener at 127.0.0.1/36635] INFO  server.AuthenticationFilter (AuthenticationFilter.java:constructSecretProvider(240)) - Unable to initialize FileSignerSecretProvider, falling back to use random secrets.
2020-07-17 19:17:20,343 [Listener at 127.0.0.1/36635] WARN  http.HttpRequestLog (HttpRequestLog.java:getRequestLog(103)) - Jetty request log can only be enabled using Log4j
2020-07-17 19:17:20,344 [Listener at 127.0.0.1/36635] INFO  http.HttpServer2 (HttpServer2.java:addGlobalFilter(998)) - Added global filter 'safety' (class=org.apache.hadoop.hdds.server.http.HttpServer2$QuotingInputFilter)
2020-07-17 19:17:20,345 [Listener at 127.0.0.1/36635] INFO  http.HttpServer2 (HttpServer2.java:addFilter(974)) - Added filter static_user_filter (class=org.apache.hadoop.http.lib.StaticUserWebFilter$StaticUserFilter) to context hddsDatanode
2020-07-17 19:17:20,345 [Listener at 127.0.0.1/36635] INFO  http.HttpServer2 (HttpServer2.java:addFilter(982)) - Added filter static_user_filter (class=org.apache.hadoop.http.lib.StaticUserWebFilter$StaticUserFilter) to context static
2020-07-17 19:17:20,345 [Listener at 127.0.0.1/36635] INFO  http.HttpServer2 (HttpServer2.java:addFilter(982)) - Added filter static_user_filter (class=org.apache.hadoop.http.lib.StaticUserWebFilter$StaticUserFilter) to context logs
2020-07-17 19:17:20,345 [Listener at 127.0.0.1/36635] INFO  http.HttpServer2 (HttpServer2.java:bindListener(1216)) - Jetty bound to port 45155
2020-07-17 19:17:20,345 [Listener at 127.0.0.1/36635] INFO  server.Server (Server.java:doStart(359)) - jetty-9.4.26.v20200117; built: 2020-01-17T12:35:33.676Z; git: 7b38981d25d14afb4a12ff1f2596756144edf695; jvm 1.8.0_232-b09
2020-07-17 19:17:20,347 [Listener at 127.0.0.1/36635] INFO  server.session (DefaultSessionIdManager.java:doStart(333)) - DefaultSessionIdManager workerName=node0
2020-07-17 19:17:20,347 [Listener at 127.0.0.1/36635] INFO  server.session (DefaultSessionIdManager.java:doStart(338)) - No SessionScavenger set, using defaults
2020-07-17 19:17:20,347 [Listener at 127.0.0.1/36635] INFO  server.session (HouseKeeper.java:startScavenging(140)) - node0 Scavenging every 600000ms
2020-07-17 19:17:20,349 [Listener at 127.0.0.1/36635] INFO  handler.ContextHandler (ContextHandler.java:doStart(825)) - Started o.e.j.s.ServletContextHandler@48d532cf{logs,/logs,file:///github/workspace/mnt/ozone/hadoop-ozone/integration-test/target/log,AVAILABLE}
2020-07-17 19:17:20,349 [Listener at 127.0.0.1/36635] INFO  handler.ContextHandler (ContextHandler.java:doStart(825)) - Started o.e.j.s.ServletContextHandler@3b57cac1{static,/static,jar:file:/home/user/.m2/repository/org/apache/hadoop/hadoop-hdds-container-service/0.6.0-SNAPSHOT/hadoop-hdds-container-service-0.6.0-SNAPSHOT.jar!/webapps/static,AVAILABLE}
2020-07-17 19:17:20,428 [Listener at 127.0.0.1/36635] INFO  handler.ContextHandler (ContextHandler.java:doStart(825)) - Started o.e.j.w.WebAppContext@3dccf3f4{hddsDatanode,/,file:///tmp/jetty-0_0_0_0-45155-hadoop-hdds-container-service-0_6_0-SNAPSHOT_jar-_-any-1928761083028464360.dir/webapp/,AVAILABLE}{jar:file:/home/user/.m2/repository/org/apache/hadoop/hadoop-hdds-container-service/0.6.0-SNAPSHOT/hadoop-hdds-container-service-0.6.0-SNAPSHOT.jar!/webapps/hddsDatanode}
2020-07-17 19:17:20,429 [Listener at 127.0.0.1/36635] INFO  server.AbstractConnector (AbstractConnector.java:doStart(330)) - Started ServerConnector@d2ebd4d{HTTP/1.1,[http/1.1]}{0.0.0.0:45155}
2020-07-17 19:17:20,429 [Listener at 127.0.0.1/36635] INFO  server.Server (Server.java:doStart(399)) - Started @40962ms
2020-07-17 19:17:20,429 [Listener at 127.0.0.1/36635] WARN  impl.MetricsSystemImpl (MetricsSystemImpl.java:register(276)) - Sink prometheus already exists!
2020-07-17 19:17:20,434 [Listener at 127.0.0.1/36635] INFO  http.BaseHttpServer (BaseHttpServer.java:updateConnectorAddress(327)) - HTTP server of hddsDatanode listening at http://0.0.0.0:45155
2020-07-17 19:17:20,436 [Listener at 127.0.0.1/36635] INFO  impl.MetricsSystemImpl (MetricsSystemImpl.java:init(158)) - HddsDatanode metrics system started (again)
2020-07-17 19:17:20,438 [Listener at 127.0.0.1/36635] INFO  ozone.HddsDatanodeService (HddsDatanodeService.java:start(214)) - HddsDatanodeService host:9afa6d03cd7d ip:172.17.0.2
2020-07-17 19:17:20,439 [Listener at 127.0.0.1/36635] INFO  volume.HddsVolume (HddsVolume.java:<init>(176)) - Creating Volume: /github/workspace/mnt/ozone/hadoop-ozone/integration-test/target/test-dir/MiniOzoneClusterImpl-c590ab3c-c15e-4809-9b68-32eb717c380c/datanode-2/data-0/containers/hdds of storage type : DISK and capacity : 9223372036854775807
2020-07-17 19:17:20,440 [Listener at 127.0.0.1/36635] INFO  volume.MutableVolumeSet (MutableVolumeSet.java:initializeVolumeSet(179)) - Added Volume : /github/workspace/mnt/ozone/hadoop-ozone/integration-test/target/test-dir/MiniOzoneClusterImpl-c590ab3c-c15e-4809-9b68-32eb717c380c/datanode-2/data-0/containers/hdds to VolumeSet
2020-07-17 19:17:20,440 [Listener at 127.0.0.1/36635] INFO  volume.ThrottledAsyncChecker (ThrottledAsyncChecker.java:schedule(141)) - Scheduling a check for /github/workspace/mnt/ozone/hadoop-ozone/integration-test/target/test-dir/MiniOzoneClusterImpl-c590ab3c-c15e-4809-9b68-32eb717c380c/datanode-2/data-0/containers/hdds
2020-07-17 19:17:20,440 [Listener at 127.0.0.1/36635] INFO  volume.HddsVolumeChecker (HddsVolumeChecker.java:checkAllVolumes(200)) - Scheduled health check for volume /github/workspace/mnt/ozone/hadoop-ozone/integration-test/target/test-dir/MiniOzoneClusterImpl-c590ab3c-c15e-4809-9b68-32eb717c380c/datanode-2/data-0/containers/hdds
2020-07-17 19:17:20,452 [org.apache.hadoop.util.JvmPauseMonitor$Monitor@13b6d4e0] INFO  util.JvmPauseMonitor (JvmPauseMonitor.java:run(188)) - Starting JVM pause monitor
2020-07-17 19:17:20,453 [Datanode State Machine Thread - 0] INFO  datanode.InitDatanodeState (InitDatanodeState.java:persistContainerDatanodeDetails(145)) - DatanodeDetails is persisted to /github/workspace/mnt/ozone/hadoop-ozone/integration-test/target/test-dir/MiniOzoneClusterImpl-c590ab3c-c15e-4809-9b68-32eb717c380c/datanode-1/meta/datanode.id
2020-07-17 19:17:20,458 [Listener at 127.0.0.1/36635] INFO  impl.RaftServerProxy (ConfUtils.java:logGet(44)) - raft.rpc.type = GRPC (default)
2020-07-17 19:17:20,458 [Listener at 127.0.0.1/36635] INFO  grpc.GrpcFactory (GrpcFactory.java:checkPooledByteBufAllocatorUseCacheForAllThreads(45)) - PERFORMANCE WARNING: useCacheForAllThreads is true that may cause Netty to create a lot garbage objects and, as a result, trigger GC.
	It is recommended to disable useCacheForAllThreads by setting -Dorg.apache.ratis.thirdparty.io.netty.allocator.useCacheForAllThreads=false in command line.
2020-07-17 19:17:20,458 [Listener at 127.0.0.1/36635] INFO  grpc.GrpcConfigKeys (ConfUtils.java:logGet(44)) - raft.grpc.server.port = 0 (default)
2020-07-17 19:17:20,458 [Listener at 127.0.0.1/36635] INFO  server.GrpcService (ConfUtils.java:logGet(44)) - raft.grpc.message.size.max = 32MB (=33554432) (custom)
2020-07-17 19:17:20,458 [Listener at 127.0.0.1/36635] INFO  server.RaftServerConfigKeys (ConfUtils.java:logGet(44)) - raft.server.log.appender.buffer.byte-limit = 33554432 (custom)
2020-07-17 19:17:20,458 [Listener at 127.0.0.1/36635] INFO  server.GrpcService (ConfUtils.java:logGet(44)) - raft.grpc.flow.control.window = 5MB (=5242880) (custom)
2020-07-17 19:17:20,458 [Listener at 127.0.0.1/36635] INFO  server.RaftServerConfigKeys (ConfUtils.java:logGet(44)) - raft.server.rpc.request.timeout = 3000ms (default)
2020-07-17 19:17:20,460 [Listener at 127.0.0.1/36635] INFO  server.RaftServerConfigKeys (ConfUtils.java:logGet(44)) - raft.server.storage.dir = [/github/workspace/mnt/ozone/hadoop-ozone/integration-test/target/test-dir/MiniOzoneClusterImpl-c590ab3c-c15e-4809-9b68-32eb717c380c/datanode-2/data/ratis] (custom)
2020-07-17 19:17:20,465 [Listener at 127.0.0.1/36635] INFO  http.BaseHttpServer (BaseHttpServer.java:newHttpServer2BuilderForOzone(207)) - Starting Web-server for hddsDatanode at: http://0.0.0.0:0
2020-07-17 19:17:20,466 [Listener at 127.0.0.1/36635] INFO  http.BaseHttpServer (BaseHttpServer.java:<init>(106)) - Hadoop Security Enabled: false Ozone Security Enabled: false Ozone HTTP Security Enabled: false 
2020-07-17 19:17:20,466 [Listener at 127.0.0.1/36635] INFO  server.AuthenticationFilter (AuthenticationFilter.java:constructSecretProvider(240)) - Unable to initialize FileSignerSecretProvider, falling back to use random secrets.
2020-07-17 19:17:20,467 [Listener at 127.0.0.1/36635] WARN  http.HttpRequestLog (HttpRequestLog.java:getRequestLog(103)) - Jetty request log can only be enabled using Log4j
2020-07-17 19:17:20,468 [Listener at 127.0.0.1/36635] INFO  http.HttpServer2 (HttpServer2.java:addGlobalFilter(998)) - Added global filter 'safety' (class=org.apache.hadoop.hdds.server.http.HttpServer2$QuotingInputFilter)
2020-07-17 19:17:20,468 [Listener at 127.0.0.1/36635] INFO  http.HttpServer2 (HttpServer2.java:addFilter(974)) - Added filter static_user_filter (class=org.apache.hadoop.http.lib.StaticUserWebFilter$StaticUserFilter) to context hddsDatanode
2020-07-17 19:17:20,468 [Listener at 127.0.0.1/36635] INFO  http.HttpServer2 (HttpServer2.java:addFilter(982)) - Added filter static_user_filter (class=org.apache.hadoop.http.lib.StaticUserWebFilter$StaticUserFilter) to context logs
2020-07-17 19:17:20,468 [Listener at 127.0.0.1/36635] INFO  http.HttpServer2 (HttpServer2.java:addFilter(982)) - Added filter static_user_filter (class=org.apache.hadoop.http.lib.StaticUserWebFilter$StaticUserFilter) to context static
2020-07-17 19:17:20,469 [Listener at 127.0.0.1/36635] INFO  http.HttpServer2 (HttpServer2.java:bindListener(1216)) - Jetty bound to port 39389
2020-07-17 19:17:20,469 [Listener at 127.0.0.1/36635] INFO  server.Server (Server.java:doStart(359)) - jetty-9.4.26.v20200117; built: 2020-01-17T12:35:33.676Z; git: 7b38981d25d14afb4a12ff1f2596756144edf695; jvm 1.8.0_232-b09
2020-07-17 19:17:20,470 [Listener at 127.0.0.1/36635] INFO  server.session (DefaultSessionIdManager.java:doStart(333)) - DefaultSessionIdManager workerName=node0
2020-07-17 19:17:20,471 [Listener at 127.0.0.1/36635] INFO  server.session (DefaultSessionIdManager.java:doStart(338)) - No SessionScavenger set, using defaults
2020-07-17 19:17:20,471 [Listener at 127.0.0.1/36635] INFO  server.session (HouseKeeper.java:startScavenging(140)) - node0 Scavenging every 600000ms
2020-07-17 19:17:20,471 [Listener at 127.0.0.1/36635] INFO  handler.ContextHandler (ContextHandler.java:doStart(825)) - Started o.e.j.s.ServletContextHandler@21c13221{logs,/logs,file:///github/workspace/mnt/ozone/hadoop-ozone/integration-test/target/log,AVAILABLE}
2020-07-17 19:17:20,472 [Listener at 127.0.0.1/36635] INFO  handler.ContextHandler (ContextHandler.java:doStart(825)) - Started o.e.j.s.ServletContextHandler@b403f12{static,/static,jar:file:/home/user/.m2/repository/org/apache/hadoop/hadoop-hdds-container-service/0.6.0-SNAPSHOT/hadoop-hdds-container-service-0.6.0-SNAPSHOT.jar!/webapps/static,AVAILABLE}
2020-07-17 19:17:20,548 [Listener at 127.0.0.1/36635] INFO  handler.ContextHandler (ContextHandler.java:doStart(825)) - Started o.e.j.w.WebAppContext@1f1242e4{hddsDatanode,/,file:///tmp/jetty-0_0_0_0-39389-hadoop-hdds-container-service-0_6_0-SNAPSHOT_jar-_-any-1834471934789160349.dir/webapp/,AVAILABLE}{jar:file:/home/user/.m2/repository/org/apache/hadoop/hadoop-hdds-container-service/0.6.0-SNAPSHOT/hadoop-hdds-container-service-0.6.0-SNAPSHOT.jar!/webapps/hddsDatanode}
2020-07-17 19:17:20,549 [Listener at 127.0.0.1/36635] INFO  server.AbstractConnector (AbstractConnector.java:doStart(330)) - Started ServerConnector@6fd3d8b5{HTTP/1.1,[http/1.1]}{0.0.0.0:39389}
2020-07-17 19:17:20,549 [Listener at 127.0.0.1/36635] INFO  server.Server (Server.java:doStart(399)) - Started @41082ms
2020-07-17 19:17:20,550 [Listener at 127.0.0.1/36635] WARN  impl.MetricsSystemImpl (MetricsSystemImpl.java:register(276)) - Sink prometheus already exists!
2020-07-17 19:17:20,554 [Listener at 127.0.0.1/36635] INFO  http.BaseHttpServer (BaseHttpServer.java:updateConnectorAddress(327)) - HTTP server of hddsDatanode listening at http://0.0.0.0:39389
2020-07-17 19:17:20,555 [Listener at 127.0.0.1/36635] INFO  impl.MetricsSystemImpl (MetricsSystemImpl.java:init(158)) - HddsDatanode metrics system started (again)
2020-07-17 19:17:20,559 [org.apache.hadoop.util.JvmPauseMonitor$Monitor@7c0678ce] INFO  util.JvmPauseMonitor (JvmPauseMonitor.java:run(188)) - Starting JVM pause monitor
2020-07-17 19:17:20,560 [Listener at 127.0.0.1/36635] INFO  ozone.HddsDatanodeService (HddsDatanodeService.java:start(214)) - HddsDatanodeService host:9afa6d03cd7d ip:172.17.0.2
2020-07-17 19:17:20,560 [Datanode State Machine Thread - 0] INFO  datanode.InitDatanodeState (InitDatanodeState.java:persistContainerDatanodeDetails(145)) - DatanodeDetails is persisted to /github/workspace/mnt/ozone/hadoop-ozone/integration-test/target/test-dir/MiniOzoneClusterImpl-c590ab3c-c15e-4809-9b68-32eb717c380c/datanode-2/meta/datanode.id
2020-07-17 19:17:20,563 [Listener at 127.0.0.1/36635] INFO  volume.HddsVolume (HddsVolume.java:<init>(176)) - Creating Volume: /github/workspace/mnt/ozone/hadoop-ozone/integration-test/target/test-dir/MiniOzoneClusterImpl-c590ab3c-c15e-4809-9b68-32eb717c380c/datanode-3/data-0/containers/hdds of storage type : DISK and capacity : 9223372036854775807
2020-07-17 19:17:20,563 [Listener at 127.0.0.1/36635] INFO  volume.MutableVolumeSet (MutableVolumeSet.java:initializeVolumeSet(179)) - Added Volume : /github/workspace/mnt/ozone/hadoop-ozone/integration-test/target/test-dir/MiniOzoneClusterImpl-c590ab3c-c15e-4809-9b68-32eb717c380c/datanode-3/data-0/containers/hdds to VolumeSet
2020-07-17 19:17:20,563 [Listener at 127.0.0.1/36635] INFO  volume.ThrottledAsyncChecker (ThrottledAsyncChecker.java:schedule(141)) - Scheduling a check for /github/workspace/mnt/ozone/hadoop-ozone/integration-test/target/test-dir/MiniOzoneClusterImpl-c590ab3c-c15e-4809-9b68-32eb717c380c/datanode-3/data-0/containers/hdds
2020-07-17 19:17:20,565 [Listener at 127.0.0.1/36635] INFO  volume.HddsVolumeChecker (HddsVolumeChecker.java:checkAllVolumes(200)) - Scheduled health check for volume /github/workspace/mnt/ozone/hadoop-ozone/integration-test/target/test-dir/MiniOzoneClusterImpl-c590ab3c-c15e-4809-9b68-32eb717c380c/datanode-3/data-0/containers/hdds
2020-07-17 19:17:20,580 [Listener at 127.0.0.1/36635] INFO  impl.RaftServerProxy (ConfUtils.java:logGet(44)) - raft.rpc.type = GRPC (default)
2020-07-17 19:17:20,581 [Listener at 127.0.0.1/36635] INFO  grpc.GrpcFactory (GrpcFactory.java:checkPooledByteBufAllocatorUseCacheForAllThreads(45)) - PERFORMANCE WARNING: useCacheForAllThreads is true that may cause Netty to create a lot garbage objects and, as a result, trigger GC.
	It is recommended to disable useCacheForAllThreads by setting -Dorg.apache.ratis.thirdparty.io.netty.allocator.useCacheForAllThreads=false in command line.
2020-07-17 19:17:20,581 [Listener at 127.0.0.1/36635] INFO  grpc.GrpcConfigKeys (ConfUtils.java:logGet(44)) - raft.grpc.server.port = 0 (default)
2020-07-17 19:17:20,581 [Listener at 127.0.0.1/36635] INFO  server.GrpcService (ConfUtils.java:logGet(44)) - raft.grpc.message.size.max = 32MB (=33554432) (custom)
2020-07-17 19:17:20,581 [Listener at 127.0.0.1/36635] INFO  server.RaftServerConfigKeys (ConfUtils.java:logGet(44)) - raft.server.log.appender.buffer.byte-limit = 33554432 (custom)
2020-07-17 19:17:20,581 [Listener at 127.0.0.1/36635] INFO  server.GrpcService (ConfUtils.java:logGet(44)) - raft.grpc.flow.control.window = 5MB (=5242880) (custom)
2020-07-17 19:17:20,581 [Listener at 127.0.0.1/36635] INFO  server.RaftServerConfigKeys (ConfUtils.java:logGet(44)) - raft.server.rpc.request.timeout = 3000ms (default)
2020-07-17 19:17:20,586 [Listener at 127.0.0.1/36635] INFO  server.RaftServerConfigKeys (ConfUtils.java:logGet(44)) - raft.server.storage.dir = [/github/workspace/mnt/ozone/hadoop-ozone/integration-test/target/test-dir/MiniOzoneClusterImpl-c590ab3c-c15e-4809-9b68-32eb717c380c/datanode-3/data/ratis] (custom)
2020-07-17 19:17:20,592 [Listener at 127.0.0.1/36635] INFO  http.BaseHttpServer (BaseHttpServer.java:newHttpServer2BuilderForOzone(207)) - Starting Web-server for hddsDatanode at: http://0.0.0.0:0
2020-07-17 19:17:20,592 [Listener at 127.0.0.1/36635] INFO  http.BaseHttpServer (BaseHttpServer.java:<init>(106)) - Hadoop Security Enabled: false Ozone Security Enabled: false Ozone HTTP Security Enabled: false 
2020-07-17 19:17:20,593 [Listener at 127.0.0.1/36635] INFO  server.AuthenticationFilter (AuthenticationFilter.java:constructSecretProvider(240)) - Unable to initialize FileSignerSecretProvider, falling back to use random secrets.
2020-07-17 19:17:20,593 [Listener at 127.0.0.1/36635] WARN  http.HttpRequestLog (HttpRequestLog.java:getRequestLog(103)) - Jetty request log can only be enabled using Log4j
2020-07-17 19:17:20,594 [Listener at 127.0.0.1/36635] INFO  http.HttpServer2 (HttpServer2.java:addGlobalFilter(998)) - Added global filter 'safety' (class=org.apache.hadoop.hdds.server.http.HttpServer2$QuotingInputFilter)
2020-07-17 19:17:20,595 [Listener at 127.0.0.1/36635] INFO  http.HttpServer2 (HttpServer2.java:addFilter(974)) - Added filter static_user_filter (class=org.apache.hadoop.http.lib.StaticUserWebFilter$StaticUserFilter) to context hddsDatanode
2020-07-17 19:17:20,595 [Listener at 127.0.0.1/36635] INFO  http.HttpServer2 (HttpServer2.java:addFilter(982)) - Added filter static_user_filter (class=org.apache.hadoop.http.lib.StaticUserWebFilter$StaticUserFilter) to context logs
2020-07-17 19:17:20,595 [Listener at 127.0.0.1/36635] INFO  http.HttpServer2 (HttpServer2.java:addFilter(982)) - Added filter static_user_filter (class=org.apache.hadoop.http.lib.StaticUserWebFilter$StaticUserFilter) to context static
2020-07-17 19:17:20,595 [Listener at 127.0.0.1/36635] INFO  http.HttpServer2 (HttpServer2.java:bindListener(1216)) - Jetty bound to port 33103
2020-07-17 19:17:20,595 [Listener at 127.0.0.1/36635] INFO  server.Server (Server.java:doStart(359)) - jetty-9.4.26.v20200117; built: 2020-01-17T12:35:33.676Z; git: 7b38981d25d14afb4a12ff1f2596756144edf695; jvm 1.8.0_232-b09
2020-07-17 19:17:20,599 [Listener at 127.0.0.1/36635] INFO  server.session (DefaultSessionIdManager.java:doStart(333)) - DefaultSessionIdManager workerName=node0
2020-07-17 19:17:20,599 [Listener at 127.0.0.1/36635] INFO  server.session (DefaultSessionIdManager.java:doStart(338)) - No SessionScavenger set, using defaults
2020-07-17 19:17:20,599 [Listener at 127.0.0.1/36635] INFO  server.session (HouseKeeper.java:startScavenging(140)) - node0 Scavenging every 600000ms
2020-07-17 19:17:20,600 [Listener at 127.0.0.1/36635] INFO  handler.ContextHandler (ContextHandler.java:doStart(825)) - Started o.e.j.s.ServletContextHandler@320dad54{logs,/logs,file:///github/workspace/mnt/ozone/hadoop-ozone/integration-test/target/log,AVAILABLE}
2020-07-17 19:17:20,600 [Listener at 127.0.0.1/36635] INFO  handler.ContextHandler (ContextHandler.java:doStart(825)) - Started o.e.j.s.ServletContextHandler@385fa1a5{static,/static,jar:file:/home/user/.m2/repository/org/apache/hadoop/hadoop-hdds-container-service/0.6.0-SNAPSHOT/hadoop-hdds-container-service-0.6.0-SNAPSHOT.jar!/webapps/static,AVAILABLE}
2020-07-17 19:17:20,679 [Listener at 127.0.0.1/36635] INFO  handler.ContextHandler (ContextHandler.java:doStart(825)) - Started o.e.j.w.WebAppContext@61e3229{hddsDatanode,/,file:///tmp/jetty-0_0_0_0-33103-hadoop-hdds-container-service-0_6_0-SNAPSHOT_jar-_-any-1041958787282111444.dir/webapp/,AVAILABLE}{jar:file:/home/user/.m2/repository/org/apache/hadoop/hadoop-hdds-container-service/0.6.0-SNAPSHOT/hadoop-hdds-container-service-0.6.0-SNAPSHOT.jar!/webapps/hddsDatanode}
2020-07-17 19:17:20,680 [Listener at 127.0.0.1/36635] INFO  server.AbstractConnector (AbstractConnector.java:doStart(330)) - Started ServerConnector@a858ed8{HTTP/1.1,[http/1.1]}{0.0.0.0:33103}
2020-07-17 19:17:20,681 [Listener at 127.0.0.1/36635] INFO  server.Server (Server.java:doStart(399)) - Started @41213ms
2020-07-17 19:17:20,681 [Listener at 127.0.0.1/36635] WARN  impl.MetricsSystemImpl (MetricsSystemImpl.java:register(276)) - Sink prometheus already exists!
2020-07-17 19:17:20,685 [Listener at 127.0.0.1/36635] INFO  http.BaseHttpServer (BaseHttpServer.java:updateConnectorAddress(327)) - HTTP server of hddsDatanode listening at http://0.0.0.0:33103
2020-07-17 19:17:20,686 [Listener at 127.0.0.1/36635] INFO  impl.MetricsSystemImpl (MetricsSystemImpl.java:init(158)) - HddsDatanode metrics system started (again)
2020-07-17 19:17:20,688 [Listener at 127.0.0.1/36635] INFO  ozone.HddsDatanodeService (HddsDatanodeService.java:start(214)) - HddsDatanodeService host:9afa6d03cd7d ip:172.17.0.2
2020-07-17 19:17:20,692 [Listener at 127.0.0.1/36635] INFO  volume.HddsVolume (HddsVolume.java:<init>(176)) - Creating Volume: /github/workspace/mnt/ozone/hadoop-ozone/integration-test/target/test-dir/MiniOzoneClusterImpl-c590ab3c-c15e-4809-9b68-32eb717c380c/datanode-4/data-0/containers/hdds of storage type : DISK and capacity : 9223372036854775807
2020-07-17 19:17:20,692 [Listener at 127.0.0.1/36635] INFO  volume.MutableVolumeSet (MutableVolumeSet.java:initializeVolumeSet(179)) - Added Volume : /github/workspace/mnt/ozone/hadoop-ozone/integration-test/target/test-dir/MiniOzoneClusterImpl-c590ab3c-c15e-4809-9b68-32eb717c380c/datanode-4/data-0/containers/hdds to VolumeSet
2020-07-17 19:17:20,692 [Listener at 127.0.0.1/36635] INFO  volume.ThrottledAsyncChecker (ThrottledAsyncChecker.java:schedule(141)) - Scheduling a check for /github/workspace/mnt/ozone/hadoop-ozone/integration-test/target/test-dir/MiniOzoneClusterImpl-c590ab3c-c15e-4809-9b68-32eb717c380c/datanode-4/data-0/containers/hdds
2020-07-17 19:17:20,696 [org.apache.hadoop.util.JvmPauseMonitor$Monitor@3fd779ab] INFO  util.JvmPauseMonitor (JvmPauseMonitor.java:run(188)) - Starting JVM pause monitor
2020-07-17 19:17:20,696 [Listener at 127.0.0.1/36635] INFO  volume.HddsVolumeChecker (HddsVolumeChecker.java:checkAllVolumes(200)) - Scheduled health check for volume /github/workspace/mnt/ozone/hadoop-ozone/integration-test/target/test-dir/MiniOzoneClusterImpl-c590ab3c-c15e-4809-9b68-32eb717c380c/datanode-4/data-0/containers/hdds
2020-07-17 19:17:20,699 [Datanode State Machine Thread - 0] INFO  datanode.InitDatanodeState (InitDatanodeState.java:persistContainerDatanodeDetails(145)) - DatanodeDetails is persisted to /github/workspace/mnt/ozone/hadoop-ozone/integration-test/target/test-dir/MiniOzoneClusterImpl-c590ab3c-c15e-4809-9b68-32eb717c380c/datanode-3/meta/datanode.id
2020-07-17 19:17:20,709 [Listener at 127.0.0.1/36635] INFO  impl.RaftServerProxy (ConfUtils.java:logGet(44)) - raft.rpc.type = GRPC (default)
2020-07-17 19:17:20,710 [Listener at 127.0.0.1/36635] INFO  grpc.GrpcFactory (GrpcFactory.java:checkPooledByteBufAllocatorUseCacheForAllThreads(45)) - PERFORMANCE WARNING: useCacheForAllThreads is true that may cause Netty to create a lot garbage objects and, as a result, trigger GC.
	It is recommended to disable useCacheForAllThreads by setting -Dorg.apache.ratis.thirdparty.io.netty.allocator.useCacheForAllThreads=false in command line.
2020-07-17 19:17:20,710 [Listener at 127.0.0.1/36635] INFO  grpc.GrpcConfigKeys (ConfUtils.java:logGet(44)) - raft.grpc.server.port = 0 (default)
2020-07-17 19:17:20,710 [Listener at 127.0.0.1/36635] INFO  server.GrpcService (ConfUtils.java:logGet(44)) - raft.grpc.message.size.max = 32MB (=33554432) (custom)
2020-07-17 19:17:20,710 [Listener at 127.0.0.1/36635] INFO  server.RaftServerConfigKeys (ConfUtils.java:logGet(44)) - raft.server.log.appender.buffer.byte-limit = 33554432 (custom)
2020-07-17 19:17:20,710 [Listener at 127.0.0.1/36635] INFO  server.GrpcService (ConfUtils.java:logGet(44)) - raft.grpc.flow.control.window = 5MB (=5242880) (custom)
2020-07-17 19:17:20,710 [Listener at 127.0.0.1/36635] INFO  server.RaftServerConfigKeys (ConfUtils.java:logGet(44)) - raft.server.rpc.request.timeout = 3000ms (default)
2020-07-17 19:17:20,711 [Listener at 127.0.0.1/36635] INFO  server.RaftServerConfigKeys (ConfUtils.java:logGet(44)) - raft.server.storage.dir = [/github/workspace/mnt/ozone/hadoop-ozone/integration-test/target/test-dir/MiniOzoneClusterImpl-c590ab3c-c15e-4809-9b68-32eb717c380c/datanode-4/data/ratis] (custom)
2020-07-17 19:17:20,717 [Listener at 127.0.0.1/36635] INFO  http.BaseHttpServer (BaseHttpServer.java:newHttpServer2BuilderForOzone(207)) - Starting Web-server for hddsDatanode at: http://0.0.0.0:0
2020-07-17 19:17:20,717 [Listener at 127.0.0.1/36635] INFO  http.BaseHttpServer (BaseHttpServer.java:<init>(106)) - Hadoop Security Enabled: false Ozone Security Enabled: false Ozone HTTP Security Enabled: false 
2020-07-17 19:17:20,718 [Listener at 127.0.0.1/36635] INFO  server.AuthenticationFilter (AuthenticationFilter.java:constructSecretProvider(240)) - Unable to initialize FileSignerSecretProvider, falling back to use random secrets.
2020-07-17 19:17:20,718 [Listener at 127.0.0.1/36635] WARN  http.HttpRequestLog (HttpRequestLog.java:getRequestLog(103)) - Jetty request log can only be enabled using Log4j
2020-07-17 19:17:20,719 [Listener at 127.0.0.1/36635] INFO  http.HttpServer2 (HttpServer2.java:addGlobalFilter(998)) - Added global filter 'safety' (class=org.apache.hadoop.hdds.server.http.HttpServer2$QuotingInputFilter)
2020-07-17 19:17:20,720 [Listener at 127.0.0.1/36635] INFO  http.HttpServer2 (HttpServer2.java:addFilter(974)) - Added filter static_user_filter (class=org.apache.hadoop.http.lib.StaticUserWebFilter$StaticUserFilter) to context hddsDatanode
2020-07-17 19:17:20,720 [Listener at 127.0.0.1/36635] INFO  http.HttpServer2 (HttpServer2.java:addFilter(982)) - Added filter static_user_filter (class=org.apache.hadoop.http.lib.StaticUserWebFilter$StaticUserFilter) to context logs
2020-07-17 19:17:20,720 [Listener at 127.0.0.1/36635] INFO  http.HttpServer2 (HttpServer2.java:addFilter(982)) - Added filter static_user_filter (class=org.apache.hadoop.http.lib.StaticUserWebFilter$StaticUserFilter) to context static
2020-07-17 19:17:20,721 [Listener at 127.0.0.1/36635] INFO  http.HttpServer2 (HttpServer2.java:bindListener(1216)) - Jetty bound to port 36253
2020-07-17 19:17:20,721 [Listener at 127.0.0.1/36635] INFO  server.Server (Server.java:doStart(359)) - jetty-9.4.26.v20200117; built: 2020-01-17T12:35:33.676Z; git: 7b38981d25d14afb4a12ff1f2596756144edf695; jvm 1.8.0_232-b09
2020-07-17 19:17:20,722 [Listener at 127.0.0.1/36635] INFO  server.session (DefaultSessionIdManager.java:doStart(333)) - DefaultSessionIdManager workerName=node0
2020-07-17 19:17:20,723 [Listener at 127.0.0.1/36635] INFO  server.session (DefaultSessionIdManager.java:doStart(338)) - No SessionScavenger set, using defaults
2020-07-17 19:17:20,723 [Listener at 127.0.0.1/36635] INFO  server.session (HouseKeeper.java:startScavenging(140)) - node0 Scavenging every 600000ms
2020-07-17 19:17:20,724 [Listener at 127.0.0.1/36635] INFO  handler.ContextHandler (ContextHandler.java:doStart(825)) - Started o.e.j.s.ServletContextHandler@49f81d61{logs,/logs,file:///github/workspace/mnt/ozone/hadoop-ozone/integration-test/target/log,AVAILABLE}
2020-07-17 19:17:20,724 [Listener at 127.0.0.1/36635] INFO  handler.ContextHandler (ContextHandler.java:doStart(825)) - Started o.e.j.s.ServletContextHandler@29625819{static,/static,jar:file:/home/user/.m2/repository/org/apache/hadoop/hadoop-hdds-container-service/0.6.0-SNAPSHOT/hadoop-hdds-container-service-0.6.0-SNAPSHOT.jar!/webapps/static,AVAILABLE}
2020-07-17 19:17:20,803 [Listener at 127.0.0.1/36635] INFO  handler.ContextHandler (ContextHandler.java:doStart(825)) - Started o.e.j.w.WebAppContext@3c317660{hddsDatanode,/,file:///tmp/jetty-0_0_0_0-36253-hadoop-hdds-container-service-0_6_0-SNAPSHOT_jar-_-any-2827176925342570390.dir/webapp/,AVAILABLE}{jar:file:/home/user/.m2/repository/org/apache/hadoop/hadoop-hdds-container-service/0.6.0-SNAPSHOT/hadoop-hdds-container-service-0.6.0-SNAPSHOT.jar!/webapps/hddsDatanode}
2020-07-17 19:17:20,804 [Listener at 127.0.0.1/36635] INFO  server.AbstractConnector (AbstractConnector.java:doStart(330)) - Started ServerConnector@14a03b02{HTTP/1.1,[http/1.1]}{0.0.0.0:36253}
2020-07-17 19:17:20,805 [Listener at 127.0.0.1/36635] INFO  server.Server (Server.java:doStart(399)) - Started @41337ms
2020-07-17 19:17:20,805 [Listener at 127.0.0.1/36635] WARN  impl.MetricsSystemImpl (MetricsSystemImpl.java:register(276)) - Sink prometheus already exists!
2020-07-17 19:17:20,809 [Listener at 127.0.0.1/36635] INFO  http.BaseHttpServer (BaseHttpServer.java:updateConnectorAddress(327)) - HTTP server of hddsDatanode listening at http://0.0.0.0:36253
2020-07-17 19:17:20,812 [Listener at 127.0.0.1/36635] INFO  impl.MetricsSystemImpl (MetricsSystemImpl.java:init(158)) - HddsDatanode metrics system started (again)
2020-07-17 19:17:20,815 [Listener at 127.0.0.1/36635] INFO  ozone.HddsDatanodeService (HddsDatanodeService.java:start(214)) - HddsDatanodeService host:9afa6d03cd7d ip:172.17.0.2
2020-07-17 19:17:20,815 [org.apache.hadoop.util.JvmPauseMonitor$Monitor@7cc09e8f] INFO  util.JvmPauseMonitor (JvmPauseMonitor.java:run(188)) - Starting JVM pause monitor
2020-07-17 19:17:20,816 [Listener at 127.0.0.1/36635] INFO  volume.HddsVolume (HddsVolume.java:<init>(176)) - Creating Volume: /github/workspace/mnt/ozone/hadoop-ozone/integration-test/target/test-dir/MiniOzoneClusterImpl-c590ab3c-c15e-4809-9b68-32eb717c380c/datanode-5/data-0/containers/hdds of storage type : DISK and capacity : 9223372036854775807
2020-07-17 19:17:20,816 [Listener at 127.0.0.1/36635] INFO  volume.MutableVolumeSet (MutableVolumeSet.java:initializeVolumeSet(179)) - Added Volume : /github/workspace/mnt/ozone/hadoop-ozone/integration-test/target/test-dir/MiniOzoneClusterImpl-c590ab3c-c15e-4809-9b68-32eb717c380c/datanode-5/data-0/containers/hdds to VolumeSet
2020-07-17 19:17:20,816 [Listener at 127.0.0.1/36635] INFO  volume.ThrottledAsyncChecker (ThrottledAsyncChecker.java:schedule(141)) - Scheduling a check for /github/workspace/mnt/ozone/hadoop-ozone/integration-test/target/test-dir/MiniOzoneClusterImpl-c590ab3c-c15e-4809-9b68-32eb717c380c/datanode-5/data-0/containers/hdds
2020-07-17 19:17:20,821 [Listener at 127.0.0.1/36635] INFO  volume.HddsVolumeChecker (HddsVolumeChecker.java:checkAllVolumes(200)) - Scheduled health check for volume /github/workspace/mnt/ozone/hadoop-ozone/integration-test/target/test-dir/MiniOzoneClusterImpl-c590ab3c-c15e-4809-9b68-32eb717c380c/datanode-5/data-0/containers/hdds
2020-07-17 19:17:20,824 [Datanode State Machine Thread - 0] INFO  datanode.InitDatanodeState (InitDatanodeState.java:persistContainerDatanodeDetails(145)) - DatanodeDetails is persisted to /github/workspace/mnt/ozone/hadoop-ozone/integration-test/target/test-dir/MiniOzoneClusterImpl-c590ab3c-c15e-4809-9b68-32eb717c380c/datanode-4/meta/datanode.id
2020-07-17 19:17:20,837 [Listener at 127.0.0.1/36635] INFO  impl.RaftServerProxy (ConfUtils.java:logGet(44)) - raft.rpc.type = GRPC (default)
2020-07-17 19:17:20,837 [Listener at 127.0.0.1/36635] INFO  grpc.GrpcFactory (GrpcFactory.java:checkPooledByteBufAllocatorUseCacheForAllThreads(45)) - PERFORMANCE WARNING: useCacheForAllThreads is true that may cause Netty to create a lot garbage objects and, as a result, trigger GC.
	It is recommended to disable useCacheForAllThreads by setting -Dorg.apache.ratis.thirdparty.io.netty.allocator.useCacheForAllThreads=false in command line.
2020-07-17 19:17:20,837 [Listener at 127.0.0.1/36635] INFO  grpc.GrpcConfigKeys (ConfUtils.java:logGet(44)) - raft.grpc.server.port = 0 (default)
2020-07-17 19:17:20,837 [Listener at 127.0.0.1/36635] INFO  server.GrpcService (ConfUtils.java:logGet(44)) - raft.grpc.message.size.max = 32MB (=33554432) (custom)
2020-07-17 19:17:20,838 [Listener at 127.0.0.1/36635] INFO  server.RaftServerConfigKeys (ConfUtils.java:logGet(44)) - raft.server.log.appender.buffer.byte-limit = 33554432 (custom)
2020-07-17 19:17:20,838 [Listener at 127.0.0.1/36635] INFO  server.GrpcService (ConfUtils.java:logGet(44)) - raft.grpc.flow.control.window = 5MB (=5242880) (custom)
2020-07-17 19:17:20,838 [Listener at 127.0.0.1/36635] INFO  server.RaftServerConfigKeys (ConfUtils.java:logGet(44)) - raft.server.rpc.request.timeout = 3000ms (default)
2020-07-17 19:17:20,839 [Listener at 127.0.0.1/36635] INFO  server.RaftServerConfigKeys (ConfUtils.java:logGet(44)) - raft.server.storage.dir = [/github/workspace/mnt/ozone/hadoop-ozone/integration-test/target/test-dir/MiniOzoneClusterImpl-c590ab3c-c15e-4809-9b68-32eb717c380c/datanode-5/data/ratis] (custom)
2020-07-17 19:17:20,847 [Listener at 127.0.0.1/36635] INFO  http.BaseHttpServer (BaseHttpServer.java:newHttpServer2BuilderForOzone(207)) - Starting Web-server for hddsDatanode at: http://0.0.0.0:0
2020-07-17 19:17:20,848 [Listener at 127.0.0.1/36635] INFO  http.BaseHttpServer (BaseHttpServer.java:<init>(106)) - Hadoop Security Enabled: false Ozone Security Enabled: false Ozone HTTP Security Enabled: false 
2020-07-17 19:17:20,848 [Listener at 127.0.0.1/36635] INFO  server.AuthenticationFilter (AuthenticationFilter.java:constructSecretProvider(240)) - Unable to initialize FileSignerSecretProvider, falling back to use random secrets.
2020-07-17 19:17:20,849 [Listener at 127.0.0.1/36635] WARN  http.HttpRequestLog (HttpRequestLog.java:getRequestLog(103)) - Jetty request log can only be enabled using Log4j
2020-07-17 19:17:20,849 [Listener at 127.0.0.1/36635] INFO  http.HttpServer2 (HttpServer2.java:addGlobalFilter(998)) - Added global filter 'safety' (class=org.apache.hadoop.hdds.server.http.HttpServer2$QuotingInputFilter)
2020-07-17 19:17:20,850 [Listener at 127.0.0.1/36635] INFO  http.HttpServer2 (HttpServer2.java:addFilter(974)) - Added filter static_user_filter (class=org.apache.hadoop.http.lib.StaticUserWebFilter$StaticUserFilter) to context hddsDatanode
2020-07-17 19:17:20,850 [Listener at 127.0.0.1/36635] INFO  http.HttpServer2 (HttpServer2.java:addFilter(982)) - Added filter static_user_filter (class=org.apache.hadoop.http.lib.StaticUserWebFilter$StaticUserFilter) to context static
2020-07-17 19:17:20,850 [Listener at 127.0.0.1/36635] INFO  http.HttpServer2 (HttpServer2.java:addFilter(982)) - Added filter static_user_filter (class=org.apache.hadoop.http.lib.StaticUserWebFilter$StaticUserFilter) to context logs
2020-07-17 19:17:20,851 [Listener at 127.0.0.1/36635] INFO  http.HttpServer2 (HttpServer2.java:bindListener(1216)) - Jetty bound to port 39757
2020-07-17 19:17:20,851 [Listener at 127.0.0.1/36635] INFO  server.Server (Server.java:doStart(359)) - jetty-9.4.26.v20200117; built: 2020-01-17T12:35:33.676Z; git: 7b38981d25d14afb4a12ff1f2596756144edf695; jvm 1.8.0_232-b09
2020-07-17 19:17:20,858 [Listener at 127.0.0.1/36635] INFO  server.session (DefaultSessionIdManager.java:doStart(333)) - DefaultSessionIdManager workerName=node0
2020-07-17 19:17:20,858 [Listener at 127.0.0.1/36635] INFO  server.session (DefaultSessionIdManager.java:doStart(338)) - No SessionScavenger set, using defaults
2020-07-17 19:17:20,859 [Listener at 127.0.0.1/36635] INFO  server.session (HouseKeeper.java:startScavenging(140)) - node0 Scavenging every 660000ms
2020-07-17 19:17:20,860 [Listener at 127.0.0.1/36635] INFO  handler.ContextHandler (ContextHandler.java:doStart(825)) - Started o.e.j.s.ServletContextHandler@3fdabc92{logs,/logs,file:///github/workspace/mnt/ozone/hadoop-ozone/integration-test/target/log,AVAILABLE}
2020-07-17 19:17:20,860 [Listener at 127.0.0.1/36635] INFO  handler.ContextHandler (ContextHandler.java:doStart(825)) - Started o.e.j.s.ServletContextHandler@3b7d3dfe{static,/static,jar:file:/home/user/.m2/repository/org/apache/hadoop/hadoop-hdds-container-service/0.6.0-SNAPSHOT/hadoop-hdds-container-service-0.6.0-SNAPSHOT.jar!/webapps/static,AVAILABLE}
2020-07-17 19:17:20,940 [Listener at 127.0.0.1/36635] INFO  handler.ContextHandler (ContextHandler.java:doStart(825)) - Started o.e.j.w.WebAppContext@28cb0d60{hddsDatanode,/,file:///tmp/jetty-0_0_0_0-39757-hadoop-hdds-container-service-0_6_0-SNAPSHOT_jar-_-any-6013247572485339251.dir/webapp/,AVAILABLE}{jar:file:/home/user/.m2/repository/org/apache/hadoop/hadoop-hdds-container-service/0.6.0-SNAPSHOT/hadoop-hdds-container-service-0.6.0-SNAPSHOT.jar!/webapps/hddsDatanode}
2020-07-17 19:17:20,942 [Listener at 127.0.0.1/36635] INFO  server.AbstractConnector (AbstractConnector.java:doStart(330)) - Started ServerConnector@53973747{HTTP/1.1,[http/1.1]}{0.0.0.0:39757}
2020-07-17 19:17:20,942 [Listener at 127.0.0.1/36635] INFO  server.Server (Server.java:doStart(399)) - Started @41475ms
2020-07-17 19:17:20,942 [Listener at 127.0.0.1/36635] WARN  impl.MetricsSystemImpl (MetricsSystemImpl.java:register(276)) - Sink prometheus already exists!
2020-07-17 19:17:20,947 [Listener at 127.0.0.1/36635] INFO  http.BaseHttpServer (BaseHttpServer.java:updateConnectorAddress(327)) - HTTP server of hddsDatanode listening at http://0.0.0.0:39757
2020-07-17 19:17:20,947 [Listener at 127.0.0.1/36635] INFO  impl.MetricsSystemImpl (MetricsSystemImpl.java:init(158)) - HddsDatanode metrics system started (again)
2020-07-17 19:17:20,950 [Listener at 127.0.0.1/36635] INFO  ozone.HddsDatanodeService (HddsDatanodeService.java:start(214)) - HddsDatanodeService host:9afa6d03cd7d ip:172.17.0.2
2020-07-17 19:17:20,953 [Listener at 127.0.0.1/36635] INFO  volume.HddsVolume (HddsVolume.java:<init>(176)) - Creating Volume: /github/workspace/mnt/ozone/hadoop-ozone/integration-test/target/test-dir/MiniOzoneClusterImpl-c590ab3c-c15e-4809-9b68-32eb717c380c/datanode-6/data-0/containers/hdds of storage type : DISK and capacity : 9223372036854775807
2020-07-17 19:17:20,953 [Listener at 127.0.0.1/36635] INFO  volume.MutableVolumeSet (MutableVolumeSet.java:initializeVolumeSet(179)) - Added Volume : /github/workspace/mnt/ozone/hadoop-ozone/integration-test/target/test-dir/MiniOzoneClusterImpl-c590ab3c-c15e-4809-9b68-32eb717c380c/datanode-6/data-0/containers/hdds to VolumeSet
2020-07-17 19:17:20,953 [Listener at 127.0.0.1/36635] INFO  volume.ThrottledAsyncChecker (ThrottledAsyncChecker.java:schedule(141)) - Scheduling a check for /github/workspace/mnt/ozone/hadoop-ozone/integration-test/target/test-dir/MiniOzoneClusterImpl-c590ab3c-c15e-4809-9b68-32eb717c380c/datanode-6/data-0/containers/hdds
2020-07-17 19:17:20,956 [org.apache.hadoop.util.JvmPauseMonitor$Monitor@27f8458e] INFO  util.JvmPauseMonitor (JvmPauseMonitor.java:run(188)) - Starting JVM pause monitor
2020-07-17 19:17:20,958 [Datanode State Machine Thread - 0] INFO  datanode.InitDatanodeState (InitDatanodeState.java:persistContainerDatanodeDetails(145)) - DatanodeDetails is persisted to /github/workspace/mnt/ozone/hadoop-ozone/integration-test/target/test-dir/MiniOzoneClusterImpl-c590ab3c-c15e-4809-9b68-32eb717c380c/datanode-5/meta/datanode.id
2020-07-17 19:17:20,958 [Listener at 127.0.0.1/36635] INFO  volume.HddsVolumeChecker (HddsVolumeChecker.java:checkAllVolumes(200)) - Scheduled health check for volume /github/workspace/mnt/ozone/hadoop-ozone/integration-test/target/test-dir/MiniOzoneClusterImpl-c590ab3c-c15e-4809-9b68-32eb717c380c/datanode-6/data-0/containers/hdds
2020-07-17 19:17:20,974 [Listener at 127.0.0.1/36635] INFO  impl.RaftServerProxy (ConfUtils.java:logGet(44)) - raft.rpc.type = GRPC (default)
2020-07-17 19:17:20,974 [Listener at 127.0.0.1/36635] INFO  grpc.GrpcFactory (GrpcFactory.java:checkPooledByteBufAllocatorUseCacheForAllThreads(45)) - PERFORMANCE WARNING: useCacheForAllThreads is true that may cause Netty to create a lot garbage objects and, as a result, trigger GC.
	It is recommended to disable useCacheForAllThreads by setting -Dorg.apache.ratis.thirdparty.io.netty.allocator.useCacheForAllThreads=false in command line.
2020-07-17 19:17:20,974 [Listener at 127.0.0.1/36635] INFO  grpc.GrpcConfigKeys (ConfUtils.java:logGet(44)) - raft.grpc.server.port = 0 (default)
2020-07-17 19:17:20,974 [Listener at 127.0.0.1/36635] INFO  server.GrpcService (ConfUtils.java:logGet(44)) - raft.grpc.message.size.max = 32MB (=33554432) (custom)
2020-07-17 19:17:20,974 [Listener at 127.0.0.1/36635] INFO  server.RaftServerConfigKeys (ConfUtils.java:logGet(44)) - raft.server.log.appender.buffer.byte-limit = 33554432 (custom)
2020-07-17 19:17:20,974 [Listener at 127.0.0.1/36635] INFO  server.GrpcService (ConfUtils.java:logGet(44)) - raft.grpc.flow.control.window = 5MB (=5242880) (custom)
2020-07-17 19:17:20,974 [Listener at 127.0.0.1/36635] INFO  server.RaftServerConfigKeys (ConfUtils.java:logGet(44)) - raft.server.rpc.request.timeout = 3000ms (default)
2020-07-17 19:17:20,975 [Listener at 127.0.0.1/36635] INFO  server.RaftServerConfigKeys (ConfUtils.java:logGet(44)) - raft.server.storage.dir = [/github/workspace/mnt/ozone/hadoop-ozone/integration-test/target/test-dir/MiniOzoneClusterImpl-c590ab3c-c15e-4809-9b68-32eb717c380c/datanode-6/data/ratis] (custom)
2020-07-17 19:17:20,981 [Listener at 127.0.0.1/36635] INFO  http.BaseHttpServer (BaseHttpServer.java:newHttpServer2BuilderForOzone(207)) - Starting Web-server for hddsDatanode at: http://0.0.0.0:0
2020-07-17 19:17:20,981 [Listener at 127.0.0.1/36635] INFO  http.BaseHttpServer (BaseHttpServer.java:<init>(106)) - Hadoop Security Enabled: false Ozone Security Enabled: false Ozone HTTP Security Enabled: false 
2020-07-17 19:17:20,982 [Listener at 127.0.0.1/36635] INFO  server.AuthenticationFilter (AuthenticationFilter.java:constructSecretProvider(240)) - Unable to initialize FileSignerSecretProvider, falling back to use random secrets.
2020-07-17 19:17:20,982 [Listener at 127.0.0.1/36635] WARN  http.HttpRequestLog (HttpRequestLog.java:getRequestLog(103)) - Jetty request log can only be enabled using Log4j
2020-07-17 19:17:20,983 [Listener at 127.0.0.1/36635] INFO  http.HttpServer2 (HttpServer2.java:addGlobalFilter(998)) - Added global filter 'safety' (class=org.apache.hadoop.hdds.server.http.HttpServer2$QuotingInputFilter)
2020-07-17 19:17:20,983 [Listener at 127.0.0.1/36635] INFO  http.HttpServer2 (HttpServer2.java:addFilter(974)) - Added filter static_user_filter (class=org.apache.hadoop.http.lib.StaticUserWebFilter$StaticUserFilter) to context hddsDatanode
2020-07-17 19:17:20,983 [Listener at 127.0.0.1/36635] INFO  http.HttpServer2 (HttpServer2.java:addFilter(982)) - Added filter static_user_filter (class=org.apache.hadoop.http.lib.StaticUserWebFilter$StaticUserFilter) to context logs
2020-07-17 19:17:20,983 [Listener at 127.0.0.1/36635] INFO  http.HttpServer2 (HttpServer2.java:addFilter(982)) - Added filter static_user_filter (class=org.apache.hadoop.http.lib.StaticUserWebFilter$StaticUserFilter) to context static
2020-07-17 19:17:20,984 [Listener at 127.0.0.1/36635] INFO  http.HttpServer2 (HttpServer2.java:bindListener(1216)) - Jetty bound to port 45961
2020-07-17 19:17:20,984 [Listener at 127.0.0.1/36635] INFO  server.Server (Server.java:doStart(359)) - jetty-9.4.26.v20200117; built: 2020-01-17T12:35:33.676Z; git: 7b38981d25d14afb4a12ff1f2596756144edf695; jvm 1.8.0_232-b09
2020-07-17 19:17:20,985 [Listener at 127.0.0.1/36635] INFO  server.session (DefaultSessionIdManager.java:doStart(333)) - DefaultSessionIdManager workerName=node0
2020-07-17 19:17:20,986 [Listener at 127.0.0.1/36635] INFO  server.session (DefaultSessionIdManager.java:doStart(338)) - No SessionScavenger set, using defaults
2020-07-17 19:17:20,986 [Listener at 127.0.0.1/36635] INFO  server.session (HouseKeeper.java:startScavenging(140)) - node0 Scavenging every 660000ms
2020-07-17 19:17:20,986 [Listener at 127.0.0.1/36635] INFO  handler.ContextHandler (ContextHandler.java:doStart(825)) - Started o.e.j.s.ServletContextHandler@25db1fdb{logs,/logs,file:///github/workspace/mnt/ozone/hadoop-ozone/integration-test/target/log,AVAILABLE}
2020-07-17 19:17:20,987 [Listener at 127.0.0.1/36635] INFO  handler.ContextHandler (ContextHandler.java:doStart(825)) - Started o.e.j.s.ServletContextHandler@1afca47f{static,/static,jar:file:/home/user/.m2/repository/org/apache/hadoop/hadoop-hdds-container-service/0.6.0-SNAPSHOT/hadoop-hdds-container-service-0.6.0-SNAPSHOT.jar!/webapps/static,AVAILABLE}
2020-07-17 19:17:21,065 [Listener at 127.0.0.1/36635] INFO  handler.ContextHandler (ContextHandler.java:doStart(825)) - Started o.e.j.w.WebAppContext@507b9b80{hddsDatanode,/,file:///tmp/jetty-0_0_0_0-45961-hadoop-hdds-container-service-0_6_0-SNAPSHOT_jar-_-any-8340183884893422776.dir/webapp/,AVAILABLE}{jar:file:/home/user/.m2/repository/org/apache/hadoop/hadoop-hdds-container-service/0.6.0-SNAPSHOT/hadoop-hdds-container-service-0.6.0-SNAPSHOT.jar!/webapps/hddsDatanode}
2020-07-17 19:17:21,067 [Listener at 127.0.0.1/36635] INFO  server.AbstractConnector (AbstractConnector.java:doStart(330)) - Started ServerConnector@7b07d281{HTTP/1.1,[http/1.1]}{0.0.0.0:45961}
2020-07-17 19:17:21,067 [Listener at 127.0.0.1/36635] INFO  server.Server (Server.java:doStart(399)) - Started @41600ms
2020-07-17 19:17:21,067 [Listener at 127.0.0.1/36635] WARN  impl.MetricsSystemImpl (MetricsSystemImpl.java:register(276)) - Sink prometheus already exists!
2020-07-17 19:17:21,072 [Listener at 127.0.0.1/36635] INFO  http.BaseHttpServer (BaseHttpServer.java:updateConnectorAddress(327)) - HTTP server of hddsDatanode listening at http://0.0.0.0:45961
2020-07-17 19:17:21,080 [Listener at 127.0.0.1/36635] INFO  ozone.MiniOzoneClusterImpl (MiniOzoneClusterImpl.java:lambda$waitForClusterToBeReady$0(177)) - Waiting for nodes to be ready. Got 0 of 7 DN Heartbeats.
2020-07-17 19:17:21,080 [Listener at 127.0.0.1/36635] INFO  ozone.MiniOzoneClusterImpl (MiniOzoneClusterImpl.java:lambda$waitForClusterToBeReady$0(180)) - Waiting for cluster to exit safe mode
2020-07-17 19:17:21,084 [org.apache.hadoop.util.JvmPauseMonitor$Monitor@fea739d] INFO  util.JvmPauseMonitor (JvmPauseMonitor.java:run(188)) - Starting JVM pause monitor
2020-07-17 19:17:21,090 [Datanode State Machine Thread - 0] INFO  datanode.InitDatanodeState (InitDatanodeState.java:persistContainerDatanodeDetails(145)) - DatanodeDetails is persisted to /github/workspace/mnt/ozone/hadoop-ozone/integration-test/target/test-dir/MiniOzoneClusterImpl-c590ab3c-c15e-4809-9b68-32eb717c380c/datanode-6/meta/datanode.id
2020-07-17 19:17:22,081 [Listener at 127.0.0.1/36635] INFO  ozone.MiniOzoneClusterImpl (MiniOzoneClusterImpl.java:lambda$waitForClusterToBeReady$0(177)) - Waiting for nodes to be ready. Got 0 of 7 DN Heartbeats.
2020-07-17 19:17:22,081 [Listener at 127.0.0.1/36635] INFO  ozone.MiniOzoneClusterImpl (MiniOzoneClusterImpl.java:lambda$waitForClusterToBeReady$0(180)) - Waiting for cluster to exit safe mode
2020-07-17 19:17:22,326 [Datanode State Machine Thread - 0] INFO  ozoneimpl.OzoneContainer (OzoneContainer.java:start(233)) - Attempting to start container services.
2020-07-17 19:17:22,326 [Datanode State Machine Thread - 0] INFO  ozoneimpl.OzoneContainer (OzoneContainer.java:startContainerScrub(197)) - Background container scanner has been disabled.
2020-07-17 19:17:22,326 [Datanode State Machine Thread - 0] INFO  ratis.XceiverServerRatis (XceiverServerRatis.java:start(438)) - Starting XceiverServerRatis 12697ddf-1b16-4057-bfeb-ac6f3e0803f5 at port 0
2020-07-17 19:17:22,332 [Datanode State Machine Thread - 0] INFO  impl.RaftServerProxy (RaftServerProxy.java:lambda$start$3(304)) - 12697ddf-1b16-4057-bfeb-ac6f3e0803f5: start RPC server
2020-07-17 19:17:22,333 [Datanode State Machine Thread - 0] INFO  server.GrpcService (GrpcService.java:startImpl(160)) - 12697ddf-1b16-4057-bfeb-ac6f3e0803f5: GrpcService started, listening on 0.0.0.0/0.0.0.0:39397
2020-07-17 19:17:22,333 [Datanode State Machine Thread - 0] INFO  ratis.XceiverServerRatis (XceiverServerRatis.java:start(450)) - XceiverServerRatis 12697ddf-1b16-4057-bfeb-ac6f3e0803f5 is started using port 39397
2020-07-17 19:17:22,334 [Datanode State Machine Thread - 0] INFO  server.XceiverServerGrpc (XceiverServerGrpc.java:start(145)) - XceiverServerGrpc 12697ddf-1b16-4057-bfeb-ac6f3e0803f5 is started using port 46281
2020-07-17 19:17:22,455 [Datanode State Machine Thread - 0] INFO  ozoneimpl.OzoneContainer (OzoneContainer.java:start(233)) - Attempting to start container services.
2020-07-17 19:17:22,455 [Datanode State Machine Thread - 0] INFO  ozoneimpl.OzoneContainer (OzoneContainer.java:startContainerScrub(197)) - Background container scanner has been disabled.
2020-07-17 19:17:22,455 [Datanode State Machine Thread - 0] INFO  ratis.XceiverServerRatis (XceiverServerRatis.java:start(438)) - Starting XceiverServerRatis 4747afbe-90ee-49f5-a182-8531c2527e8f at port 0
2020-07-17 19:17:22,456 [Datanode State Machine Thread - 0] INFO  impl.RaftServerProxy (RaftServerProxy.java:lambda$start$3(304)) - 4747afbe-90ee-49f5-a182-8531c2527e8f: start RPC server
2020-07-17 19:17:22,457 [Datanode State Machine Thread - 0] INFO  server.GrpcService (GrpcService.java:startImpl(160)) - 4747afbe-90ee-49f5-a182-8531c2527e8f: GrpcService started, listening on 0.0.0.0/0.0.0.0:32933
2020-07-17 19:17:22,457 [Datanode State Machine Thread - 0] INFO  ratis.XceiverServerRatis (XceiverServerRatis.java:start(450)) - XceiverServerRatis 4747afbe-90ee-49f5-a182-8531c2527e8f is started using port 32933
2020-07-17 19:17:22,457 [Datanode State Machine Thread - 0] INFO  server.XceiverServerGrpc (XceiverServerGrpc.java:start(145)) - XceiverServerGrpc 4747afbe-90ee-49f5-a182-8531c2527e8f is started using port 44509
2020-07-17 19:17:22,561 [Datanode State Machine Thread - 0] INFO  ozoneimpl.OzoneContainer (OzoneContainer.java:start(233)) - Attempting to start container services.
2020-07-17 19:17:22,561 [Datanode State Machine Thread - 0] INFO  ozoneimpl.OzoneContainer (OzoneContainer.java:startContainerScrub(197)) - Background container scanner has been disabled.
2020-07-17 19:17:22,561 [Datanode State Machine Thread - 0] INFO  ratis.XceiverServerRatis (XceiverServerRatis.java:start(438)) - Starting XceiverServerRatis b62614be-6cdc-4599-9b61-ac2094d3efd2 at port 0
2020-07-17 19:17:22,562 [Datanode State Machine Thread - 0] INFO  impl.RaftServerProxy (RaftServerProxy.java:lambda$start$3(304)) - b62614be-6cdc-4599-9b61-ac2094d3efd2: start RPC server
2020-07-17 19:17:22,563 [Datanode State Machine Thread - 0] INFO  server.GrpcService (GrpcService.java:startImpl(160)) - b62614be-6cdc-4599-9b61-ac2094d3efd2: GrpcService started, listening on 0.0.0.0/0.0.0.0:33125
2020-07-17 19:17:22,563 [Datanode State Machine Thread - 0] INFO  ratis.XceiverServerRatis (XceiverServerRatis.java:start(450)) - XceiverServerRatis b62614be-6cdc-4599-9b61-ac2094d3efd2 is started using port 33125
2020-07-17 19:17:22,568 [Datanode State Machine Thread - 0] INFO  server.XceiverServerGrpc (XceiverServerGrpc.java:start(145)) - XceiverServerGrpc b62614be-6cdc-4599-9b61-ac2094d3efd2 is started using port 44753
2020-07-17 19:17:22,699 [Datanode State Machine Thread - 0] INFO  ozoneimpl.OzoneContainer (OzoneContainer.java:start(233)) - Attempting to start container services.
2020-07-17 19:17:22,699 [Datanode State Machine Thread - 0] INFO  ozoneimpl.OzoneContainer (OzoneContainer.java:startContainerScrub(197)) - Background container scanner has been disabled.
2020-07-17 19:17:22,699 [Datanode State Machine Thread - 0] INFO  ratis.XceiverServerRatis (XceiverServerRatis.java:start(438)) - Starting XceiverServerRatis f9da59ee-ab34-4454-930b-d6e716de1fdb at port 0
2020-07-17 19:17:22,701 [Datanode State Machine Thread - 0] INFO  impl.RaftServerProxy (RaftServerProxy.java:lambda$start$3(304)) - f9da59ee-ab34-4454-930b-d6e716de1fdb: start RPC server
2020-07-17 19:17:22,702 [Datanode State Machine Thread - 0] INFO  server.GrpcService (GrpcService.java:startImpl(160)) - f9da59ee-ab34-4454-930b-d6e716de1fdb: GrpcService started, listening on 0.0.0.0/0.0.0.0:38153
2020-07-17 19:17:22,702 [Datanode State Machine Thread - 0] INFO  ratis.XceiverServerRatis (XceiverServerRatis.java:start(450)) - XceiverServerRatis f9da59ee-ab34-4454-930b-d6e716de1fdb is started using port 38153
2020-07-17 19:17:22,702 [Datanode State Machine Thread - 0] INFO  server.XceiverServerGrpc (XceiverServerGrpc.java:start(145)) - XceiverServerGrpc f9da59ee-ab34-4454-930b-d6e716de1fdb is started using port 43083
2020-07-17 19:17:22,819 [Datanode State Machine Thread - 0] INFO  ozoneimpl.OzoneContainer (OzoneContainer.java:start(233)) - Attempting to start container services.
2020-07-17 19:17:22,819 [Datanode State Machine Thread - 0] INFO  ozoneimpl.OzoneContainer (OzoneContainer.java:startContainerScrub(197)) - Background container scanner has been disabled.
2020-07-17 19:17:22,819 [Datanode State Machine Thread - 0] INFO  ratis.XceiverServerRatis (XceiverServerRatis.java:start(438)) - Starting XceiverServerRatis ff149fa5-9438-4271-a257-312acf7350ed at port 0
2020-07-17 19:17:22,820 [Datanode State Machine Thread - 0] INFO  impl.RaftServerProxy (RaftServerProxy.java:lambda$start$3(304)) - ff149fa5-9438-4271-a257-312acf7350ed: start RPC server
2020-07-17 19:17:22,821 [Datanode State Machine Thread - 0] INFO  server.GrpcService (GrpcService.java:startImpl(160)) - ff149fa5-9438-4271-a257-312acf7350ed: GrpcService started, listening on 0.0.0.0/0.0.0.0:46309
2020-07-17 19:17:22,821 [Datanode State Machine Thread - 0] INFO  ratis.XceiverServerRatis (XceiverServerRatis.java:start(450)) - XceiverServerRatis ff149fa5-9438-4271-a257-312acf7350ed is started using port 46309
2020-07-17 19:17:22,822 [Datanode State Machine Thread - 0] INFO  server.XceiverServerGrpc (XceiverServerGrpc.java:start(145)) - XceiverServerGrpc ff149fa5-9438-4271-a257-312acf7350ed is started using port 34509
2020-07-17 19:17:22,958 [Datanode State Machine Thread - 0] INFO  ozoneimpl.OzoneContainer (OzoneContainer.java:start(233)) - Attempting to start container services.
2020-07-17 19:17:22,958 [Datanode State Machine Thread - 0] INFO  ozoneimpl.OzoneContainer (OzoneContainer.java:startContainerScrub(197)) - Background container scanner has been disabled.
2020-07-17 19:17:22,958 [Datanode State Machine Thread - 0] INFO  ratis.XceiverServerRatis (XceiverServerRatis.java:start(438)) - Starting XceiverServerRatis eb14cfe2-9ec6-48cf-a414-5c9390614653 at port 0
2020-07-17 19:17:22,959 [Datanode State Machine Thread - 0] INFO  impl.RaftServerProxy (RaftServerProxy.java:lambda$start$3(304)) - eb14cfe2-9ec6-48cf-a414-5c9390614653: start RPC server
2020-07-17 19:17:22,960 [Datanode State Machine Thread - 0] INFO  server.GrpcService (GrpcService.java:startImpl(160)) - eb14cfe2-9ec6-48cf-a414-5c9390614653: GrpcService started, listening on 0.0.0.0/0.0.0.0:34735
2020-07-17 19:17:22,960 [Datanode State Machine Thread - 0] INFO  ratis.XceiverServerRatis (XceiverServerRatis.java:start(450)) - XceiverServerRatis eb14cfe2-9ec6-48cf-a414-5c9390614653 is started using port 34735
2020-07-17 19:17:22,961 [Datanode State Machine Thread - 0] INFO  server.XceiverServerGrpc (XceiverServerGrpc.java:start(145)) - XceiverServerGrpc eb14cfe2-9ec6-48cf-a414-5c9390614653 is started using port 42463
2020-07-17 19:17:23,081 [Listener at 127.0.0.1/36635] INFO  ozone.MiniOzoneClusterImpl (MiniOzoneClusterImpl.java:lambda$waitForClusterToBeReady$0(177)) - Waiting for nodes to be ready. Got 0 of 7 DN Heartbeats.
2020-07-17 19:17:23,081 [Listener at 127.0.0.1/36635] INFO  ozone.MiniOzoneClusterImpl (MiniOzoneClusterImpl.java:lambda$waitForClusterToBeReady$0(180)) - Waiting for cluster to exit safe mode
2020-07-17 19:17:23,086 [Datanode State Machine Thread - 0] INFO  ozoneimpl.OzoneContainer (OzoneContainer.java:start(233)) - Attempting to start container services.
2020-07-17 19:17:23,086 [Datanode State Machine Thread - 0] INFO  ozoneimpl.OzoneContainer (OzoneContainer.java:startContainerScrub(197)) - Background container scanner has been disabled.
2020-07-17 19:17:23,086 [Datanode State Machine Thread - 0] INFO  ratis.XceiverServerRatis (XceiverServerRatis.java:start(438)) - Starting XceiverServerRatis 31433fc6-7b53-4c3b-82f7-b63de5f43ef9 at port 0
2020-07-17 19:17:23,087 [Datanode State Machine Thread - 0] INFO  impl.RaftServerProxy (RaftServerProxy.java:lambda$start$3(304)) - 31433fc6-7b53-4c3b-82f7-b63de5f43ef9: start RPC server
2020-07-17 19:17:23,089 [Datanode State Machine Thread - 0] INFO  server.GrpcService (GrpcService.java:startImpl(160)) - 31433fc6-7b53-4c3b-82f7-b63de5f43ef9: GrpcService started, listening on 0.0.0.0/0.0.0.0:38931
2020-07-17 19:17:23,090 [Datanode State Machine Thread - 0] INFO  ratis.XceiverServerRatis (XceiverServerRatis.java:start(450)) - XceiverServerRatis 31433fc6-7b53-4c3b-82f7-b63de5f43ef9 is started using port 38931
2020-07-17 19:17:23,091 [Datanode State Machine Thread - 0] INFO  server.XceiverServerGrpc (XceiverServerGrpc.java:start(145)) - XceiverServerGrpc 31433fc6-7b53-4c3b-82f7-b63de5f43ef9 is started using port 45009
2020-07-17 19:17:24,082 [Listener at 127.0.0.1/36635] INFO  ozone.MiniOzoneClusterImpl (MiniOzoneClusterImpl.java:lambda$waitForClusterToBeReady$0(177)) - Waiting for nodes to be ready. Got 0 of 7 DN Heartbeats.
2020-07-17 19:17:24,082 [Listener at 127.0.0.1/36635] INFO  ozone.MiniOzoneClusterImpl (MiniOzoneClusterImpl.java:lambda$waitForClusterToBeReady$0(180)) - Waiting for cluster to exit safe mode
2020-07-17 19:17:24,321 [IPC Server handler 1 on default port 35851] INFO  net.NetworkTopology (NetworkTopologyImpl.java:add(111)) - Added a new node: /default-rack/12697ddf-1b16-4057-bfeb-ac6f3e0803f5
2020-07-17 19:17:24,323 [IPC Server handler 1 on default port 35851] INFO  node.SCMNodeManager (SCMNodeManager.java:register(273)) - Registered Data node : 12697ddf-1b16-4057-bfeb-ac6f3e0803f5{ip: 172.17.0.2, host: 9afa6d03cd7d, networkLocation: /default-rack, certSerialId: null}
2020-07-17 19:17:24,324 [EventQueue-NodeRegistrationContainerReportForContainerSafeModeRule] INFO  safemode.SCMSafeModeManager (SCMSafeModeManager.java:validateSafeModeExitRules(214)) - ContainerSafeModeRule rule is successfully validated
2020-07-17 19:17:24,324 [EventQueue-NodeRegistrationContainerReportForDataNodeSafeModeRule] INFO  safemode.SCMSafeModeManager (DataNodeSafeModeRule.java:process(71)) - SCM in safe mode. 1 DataNodes registered, 1 required.
2020-07-17 19:17:24,325 [EventQueue-NodeRegistrationContainerReportForDataNodeSafeModeRule] INFO  safemode.SCMSafeModeManager (SCMSafeModeManager.java:validateSafeModeExitRules(214)) - DataNodeSafeModeRule rule is successfully validated
2020-07-17 19:17:24,325 [EventQueue-NodeRegistrationContainerReportForDataNodeSafeModeRule] INFO  safemode.SCMSafeModeManager (SCMSafeModeManager.java:completePreCheck(242)) - All SCM safe mode pre check rules have passed
2020-07-17 19:17:24,325 [RatisPipelineUtilsThread] INFO  pipeline.RatisPipelineProvider (RatisPipelineProvider.java:lambda$create$0(138)) - Sending CreatePipelineCommand for pipeline:PipelineID=5bf7d1f9-0f2e-498e-819b-dcd5375450f6 to datanode:12697ddf-1b16-4057-bfeb-ac6f3e0803f5
2020-07-17 19:17:24,326 [RatisPipelineUtilsThread] INFO  pipeline.PipelineStateManager (PipelineStateManager.java:addPipeline(54)) - Created pipeline Pipeline[ Id: 5bf7d1f9-0f2e-498e-819b-dcd5375450f6, Nodes: 12697ddf-1b16-4057-bfeb-ac6f3e0803f5{ip: 172.17.0.2, host: 9afa6d03cd7d, networkLocation: /default-rack, certSerialId: null}, Type:RATIS, Factor:ONE, State:ALLOCATED, leaderId:, CreationTimestamp2020-07-17T19:17:24.325Z]
2020-07-17 19:17:24,326 [RatisPipelineUtilsThread] ERROR pipeline.SCMPipelineManager (SCMPipelineManager.java:createPipeline(275)) - Failed to create pipeline of type RATIS and factor ONE. Exception: Cannot create pipeline of factor 1 using 0 nodes. Used 1 nodes. Healthy nodes 1
2020-07-17 19:17:24,326 [RatisPipelineUtilsThread] ERROR pipeline.SCMPipelineManager (SCMPipelineManager.java:createPipeline(275)) - Failed to create pipeline of type RATIS and factor ONE. Exception: Cannot create pipeline of factor 1 using 0 nodes. Used 1 nodes. Healthy nodes 1
2020-07-17 19:17:24,327 [RatisPipelineUtilsThread] WARN  pipeline.PipelinePlacementPolicy (PipelinePlacementPolicy.java:filterViableNodes(133)) - Pipeline creation failed due to no sufficient healthy datanodes. Required 3. Found 1.
2020-07-17 19:17:24,327 [RatisPipelineUtilsThread] ERROR pipeline.SCMPipelineManager (SCMPipelineManager.java:createPipeline(275)) - Failed to create pipeline of type RATIS and factor THREE. Exception: Pipeline creation failed due to no sufficient healthy datanodes. Required 3. Found 1.
2020-07-17 19:17:24,452 [IPC Server handler 2 on default port 35851] INFO  net.NetworkTopology (NetworkTopologyImpl.java:add(111)) - Added a new node: /default-rack/4747afbe-90ee-49f5-a182-8531c2527e8f
2020-07-17 19:17:24,452 [IPC Server handler 2 on default port 35851] INFO  node.SCMNodeManager (SCMNodeManager.java:register(273)) - Registered Data node : 4747afbe-90ee-49f5-a182-8531c2527e8f{ip: 172.17.0.2, host: 9afa6d03cd7d, networkLocation: /default-rack, certSerialId: null}
2020-07-17 19:17:24,453 [EventQueue-NodeRegistrationContainerReportForDataNodeSafeModeRule] INFO  safemode.SCMSafeModeManager (SCMSafeModeManager.java:validateSafeModeExitRules(214)) - DataNodeSafeModeRule rule is successfully validated
2020-07-17 19:17:24,453 [EventQueue-NodeRegistrationContainerReportForContainerSafeModeRule] INFO  safemode.SCMSafeModeManager (SCMSafeModeManager.java:validateSafeModeExitRules(214)) - ContainerSafeModeRule rule is successfully validated
2020-07-17 19:17:24,453 [RatisPipelineUtilsThread] INFO  pipeline.RatisPipelineProvider (RatisPipelineProvider.java:lambda$create$0(138)) - Sending CreatePipelineCommand for pipeline:PipelineID=fa8257d5-b38a-4f90-8f41-a94371dac0b1 to datanode:4747afbe-90ee-49f5-a182-8531c2527e8f
2020-07-17 19:17:24,454 [RatisPipelineUtilsThread] INFO  pipeline.PipelineStateManager (PipelineStateManager.java:addPipeline(54)) - Created pipeline Pipeline[ Id: fa8257d5-b38a-4f90-8f41-a94371dac0b1, Nodes: 4747afbe-90ee-49f5-a182-8531c2527e8f{ip: 172.17.0.2, host: 9afa6d03cd7d, networkLocation: /default-rack, certSerialId: null}, Type:RATIS, Factor:ONE, State:ALLOCATED, leaderId:, CreationTimestamp2020-07-17T19:17:24.453Z]
2020-07-17 19:17:24,454 [RatisPipelineUtilsThread] ERROR pipeline.SCMPipelineManager (SCMPipelineManager.java:createPipeline(275)) - Failed to create pipeline of type RATIS and factor ONE. Exception: Cannot create pipeline of factor 1 using 0 nodes. Used 2 nodes. Healthy nodes 2
2020-07-17 19:17:24,454 [RatisPipelineUtilsThread] WARN  pipeline.PipelinePlacementPolicy (PipelinePlacementPolicy.java:filterViableNodes(133)) - Pipeline creation failed due to no sufficient healthy datanodes. Required 3. Found 2.
2020-07-17 19:17:24,454 [RatisPipelineUtilsThread] ERROR pipeline.SCMPipelineManager (SCMPipelineManager.java:createPipeline(275)) - Failed to create pipeline of type RATIS and factor THREE. Exception: Pipeline creation failed due to no sufficient healthy datanodes. Required 3. Found 2.
2020-07-17 19:17:24,560 [IPC Server handler 3 on default port 35851] INFO  net.NetworkTopology (NetworkTopologyImpl.java:add(111)) - Added a new node: /default-rack/b62614be-6cdc-4599-9b61-ac2094d3efd2
2020-07-17 19:17:24,560 [IPC Server handler 3 on default port 35851] INFO  node.SCMNodeManager (SCMNodeManager.java:register(273)) - Registered Data node : b62614be-6cdc-4599-9b61-ac2094d3efd2{ip: 172.17.0.2, host: 9afa6d03cd7d, networkLocation: /default-rack, certSerialId: null}
2020-07-17 19:17:24,561 [RatisPipelineUtilsThread] INFO  pipeline.RatisPipelineProvider (RatisPipelineProvider.java:lambda$create$0(138)) - Sending CreatePipelineCommand for pipeline:PipelineID=7d1f19cb-8034-4257-b48b-1e8d9cb792e8 to datanode:b62614be-6cdc-4599-9b61-ac2094d3efd2
2020-07-17 19:17:24,561 [EventQueue-NodeRegistrationContainerReportForContainerSafeModeRule] INFO  safemode.SCMSafeModeManager (SCMSafeModeManager.java:validateSafeModeExitRules(214)) - ContainerSafeModeRule rule is successfully validated
2020-07-17 19:17:24,562 [EventQueue-NodeRegistrationContainerReportForDataNodeSafeModeRule] INFO  safemode.SCMSafeModeManager (SCMSafeModeManager.java:validateSafeModeExitRules(214)) - DataNodeSafeModeRule rule is successfully validated
2020-07-17 19:17:24,562 [RatisPipelineUtilsThread] INFO  pipeline.PipelineStateManager (PipelineStateManager.java:addPipeline(54)) - Created pipeline Pipeline[ Id: 7d1f19cb-8034-4257-b48b-1e8d9cb792e8, Nodes: b62614be-6cdc-4599-9b61-ac2094d3efd2{ip: 172.17.0.2, host: 9afa6d03cd7d, networkLocation: /default-rack, certSerialId: null}, Type:RATIS, Factor:ONE, State:ALLOCATED, leaderId:, CreationTimestamp2020-07-17T19:17:24.561Z]
2020-07-17 19:17:24,563 [RatisPipelineUtilsThread] ERROR pipeline.SCMPipelineManager (SCMPipelineManager.java:createPipeline(275)) - Failed to create pipeline of type RATIS and factor ONE. Exception: Cannot create pipeline of factor 1 using 0 nodes. Used 3 nodes. Healthy nodes 3
2020-07-17 19:17:24,563 [RatisPipelineUtilsThread] INFO  pipeline.RatisPipelineProvider (RatisPipelineProvider.java:lambda$create$0(138)) - Sending CreatePipelineCommand for pipeline:PipelineID=2f0cf332-3743-4af2-9cda-a57f0b006d91 to datanode:4747afbe-90ee-49f5-a182-8531c2527e8f
2020-07-17 19:17:24,563 [RatisPipelineUtilsThread] INFO  pipeline.RatisPipelineProvider (RatisPipelineProvider.java:lambda$create$0(138)) - Sending CreatePipelineCommand for pipeline:PipelineID=2f0cf332-3743-4af2-9cda-a57f0b006d91 to datanode:b62614be-6cdc-4599-9b61-ac2094d3efd2
2020-07-17 19:17:24,563 [RatisPipelineUtilsThread] INFO  pipeline.RatisPipelineProvider (RatisPipelineProvider.java:lambda$create$0(138)) - Sending CreatePipelineCommand for pipeline:PipelineID=2f0cf332-3743-4af2-9cda-a57f0b006d91 to datanode:12697ddf-1b16-4057-bfeb-ac6f3e0803f5
2020-07-17 19:17:24,564 [RatisPipelineUtilsThread] INFO  pipeline.PipelineStateManager (PipelineStateManager.java:addPipeline(54)) - Created pipeline Pipeline[ Id: 2f0cf332-3743-4af2-9cda-a57f0b006d91, Nodes: 4747afbe-90ee-49f5-a182-8531c2527e8f{ip: 172.17.0.2, host: 9afa6d03cd7d, networkLocation: /default-rack, certSerialId: null}b62614be-6cdc-4599-9b61-ac2094d3efd2{ip: 172.17.0.2, host: 9afa6d03cd7d, networkLocation: /default-rack, certSerialId: null}12697ddf-1b16-4057-bfeb-ac6f3e0803f5{ip: 172.17.0.2, host: 9afa6d03cd7d, networkLocation: /default-rack, certSerialId: null}, Type:RATIS, Factor:THREE, State:ALLOCATED, leaderId:, CreationTimestamp2020-07-17T19:17:24.563Z]
2020-07-17 19:17:24,564 [RatisPipelineUtilsThread] ERROR pipeline.SCMPipelineManager (SCMPipelineManager.java:createPipeline(275)) - Failed to create pipeline of type RATIS and factor THREE. Exception: Pipeline creation failed because nodes are engaged in other pipelines and every node can only be engaged in max 2 pipelines. Required 3. Found 0
2020-07-17 19:17:24,698 [IPC Server handler 4 on default port 35851] INFO  net.NetworkTopology (NetworkTopologyImpl.java:add(111)) - Added a new node: /default-rack/f9da59ee-ab34-4454-930b-d6e716de1fdb
2020-07-17 19:17:24,699 [IPC Server handler 4 on default port 35851] INFO  node.SCMNodeManager (SCMNodeManager.java:register(273)) - Registered Data node : f9da59ee-ab34-4454-930b-d6e716de1fdb{ip: 172.17.0.2, host: 9afa6d03cd7d, networkLocation: /default-rack, certSerialId: null}
2020-07-17 19:17:24,699 [EventQueue-NodeRegistrationContainerReportForDataNodeSafeModeRule] INFO  safemode.SCMSafeModeManager (SCMSafeModeManager.java:validateSafeModeExitRules(214)) - DataNodeSafeModeRule rule is successfully validated
2020-07-17 19:17:24,699 [EventQueue-NodeRegistrationContainerReportForContainerSafeModeRule] INFO  safemode.SCMSafeModeManager (SCMSafeModeManager.java:validateSafeModeExitRules(214)) - ContainerSafeModeRule rule is successfully validated
2020-07-17 19:17:24,700 [RatisPipelineUtilsThread] INFO  pipeline.RatisPipelineProvider (RatisPipelineProvider.java:lambda$create$0(138)) - Sending CreatePipelineCommand for pipeline:PipelineID=d7acc474-d059-4372-95be-553252984d10 to datanode:f9da59ee-ab34-4454-930b-d6e716de1fdb
2020-07-17 19:17:24,701 [RatisPipelineUtilsThread] INFO  pipeline.PipelineStateManager (PipelineStateManager.java:addPipeline(54)) - Created pipeline Pipeline[ Id: d7acc474-d059-4372-95be-553252984d10, Nodes: f9da59ee-ab34-4454-930b-d6e716de1fdb{ip: 172.17.0.2, host: 9afa6d03cd7d, networkLocation: /default-rack, certSerialId: null}, Type:RATIS, Factor:ONE, State:ALLOCATED, leaderId:, CreationTimestamp2020-07-17T19:17:24.700Z]
2020-07-17 19:17:24,701 [RatisPipelineUtilsThread] ERROR pipeline.SCMPipelineManager (SCMPipelineManager.java:createPipeline(275)) - Failed to create pipeline of type RATIS and factor ONE. Exception: Cannot create pipeline of factor 1 using 0 nodes. Used 4 nodes. Healthy nodes 4
2020-07-17 19:17:24,701 [RatisPipelineUtilsThread] ERROR pipeline.SCMPipelineManager (SCMPipelineManager.java:createPipeline(275)) - Failed to create pipeline of type RATIS and factor THREE. Exception: Pipeline creation failed because nodes are engaged in other pipelines and every node can only be engaged in max 2 pipelines. Required 3. Found 1
2020-07-17 19:17:24,816 [IPC Server handler 5 on default port 35851] INFO  net.NetworkTopology (NetworkTopologyImpl.java:add(111)) - Added a new node: /default-rack/ff149fa5-9438-4271-a257-312acf7350ed
2020-07-17 19:17:24,817 [IPC Server handler 5 on default port 35851] INFO  node.SCMNodeManager (SCMNodeManager.java:register(273)) - Registered Data node : ff149fa5-9438-4271-a257-312acf7350ed{ip: 172.17.0.2, host: 9afa6d03cd7d, networkLocation: /default-rack, certSerialId: null}
2020-07-17 19:17:24,817 [RatisPipelineUtilsThread] INFO  pipeline.RatisPipelineProvider (RatisPipelineProvider.java:lambda$create$0(138)) - Sending CreatePipelineCommand for pipeline:PipelineID=4fb01372-3c1b-4efa-a5cf-ba09a80e04f8 to datanode:ff149fa5-9438-4271-a257-312acf7350ed
2020-07-17 19:17:24,818 [EventQueue-NodeRegistrationContainerReportForDataNodeSafeModeRule] INFO  safemode.SCMSafeModeManager (SCMSafeModeManager.java:validateSafeModeExitRules(214)) - DataNodeSafeModeRule rule is successfully validated
2020-07-17 19:17:24,818 [EventQueue-NodeRegistrationContainerReportForContainerSafeModeRule] INFO  safemode.SCMSafeModeManager (SCMSafeModeManager.java:validateSafeModeExitRules(214)) - ContainerSafeModeRule rule is successfully validated
2020-07-17 19:17:24,818 [RatisPipelineUtilsThread] INFO  pipeline.PipelineStateManager (PipelineStateManager.java:addPipeline(54)) - Created pipeline Pipeline[ Id: 4fb01372-3c1b-4efa-a5cf-ba09a80e04f8, Nodes: ff149fa5-9438-4271-a257-312acf7350ed{ip: 172.17.0.2, host: 9afa6d03cd7d, networkLocation: /default-rack, certSerialId: null}, Type:RATIS, Factor:ONE, State:ALLOCATED, leaderId:, CreationTimestamp2020-07-17T19:17:24.817Z]
2020-07-17 19:17:24,818 [RatisPipelineUtilsThread] ERROR pipeline.SCMPipelineManager (SCMPipelineManager.java:createPipeline(275)) - Failed to create pipeline of type RATIS and factor ONE. Exception: Cannot create pipeline of factor 1 using 0 nodes. Used 5 nodes. Healthy nodes 5
2020-07-17 19:17:24,818 [RatisPipelineUtilsThread] ERROR pipeline.SCMPipelineManager (SCMPipelineManager.java:createPipeline(275)) - Failed to create pipeline of type RATIS and factor THREE. Exception: Pipeline creation failed because nodes are engaged in other pipelines and every node can only be engaged in max 2 pipelines. Required 3. Found 2
2020-07-17 19:17:24,957 [IPC Server handler 6 on default port 35851] INFO  net.NetworkTopology (NetworkTopologyImpl.java:add(111)) - Added a new node: /default-rack/eb14cfe2-9ec6-48cf-a414-5c9390614653
2020-07-17 19:17:24,957 [IPC Server handler 6 on default port 35851] INFO  node.SCMNodeManager (SCMNodeManager.java:register(273)) - Registered Data node : eb14cfe2-9ec6-48cf-a414-5c9390614653{ip: 172.17.0.2, host: 9afa6d03cd7d, networkLocation: /default-rack, certSerialId: null}
2020-07-17 19:17:24,957 [EventQueue-NodeRegistrationContainerReportForContainerSafeModeRule] INFO  safemode.SCMSafeModeManager (SCMSafeModeManager.java:validateSafeModeExitRules(214)) - ContainerSafeModeRule rule is successfully validated
2020-07-17 19:17:24,957 [EventQueue-NodeRegistrationContainerReportForDataNodeSafeModeRule] INFO  safemode.SCMSafeModeManager (SCMSafeModeManager.java:validateSafeModeExitRules(214)) - DataNodeSafeModeRule rule is successfully validated
2020-07-17 19:17:24,958 [RatisPipelineUtilsThread] INFO  pipeline.RatisPipelineProvider (RatisPipelineProvider.java:lambda$create$0(138)) - Sending CreatePipelineCommand for pipeline:PipelineID=f954467a-5de6-4680-92a4-fb7a20d5f40f to datanode:eb14cfe2-9ec6-48cf-a414-5c9390614653
2020-07-17 19:17:24,958 [RatisPipelineUtilsThread] INFO  pipeline.PipelineStateManager (PipelineStateManager.java:addPipeline(54)) - Created pipeline Pipeline[ Id: f954467a-5de6-4680-92a4-fb7a20d5f40f, Nodes: eb14cfe2-9ec6-48cf-a414-5c9390614653{ip: 172.17.0.2, host: 9afa6d03cd7d, networkLocation: /default-rack, certSerialId: null}, Type:RATIS, Factor:ONE, State:ALLOCATED, leaderId:, CreationTimestamp2020-07-17T19:17:24.958Z]
2020-07-17 19:17:24,959 [RatisPipelineUtilsThread] ERROR pipeline.SCMPipelineManager (SCMPipelineManager.java:createPipeline(275)) - Failed to create pipeline of type RATIS and factor ONE. Exception: Cannot create pipeline of factor 1 using 0 nodes. Used 6 nodes. Healthy nodes 6
2020-07-17 19:17:24,959 [RatisPipelineUtilsThread] INFO  pipeline.RatisPipelineProvider (RatisPipelineProvider.java:lambda$create$0(138)) - Sending CreatePipelineCommand for pipeline:PipelineID=cb6ec86d-2c34-4a3f-918c-ab3d389e7d10 to datanode:eb14cfe2-9ec6-48cf-a414-5c9390614653
2020-07-17 19:17:24,959 [RatisPipelineUtilsThread] INFO  pipeline.RatisPipelineProvider (RatisPipelineProvider.java:lambda$create$0(138)) - Sending CreatePipelineCommand for pipeline:PipelineID=cb6ec86d-2c34-4a3f-918c-ab3d389e7d10 to datanode:ff149fa5-9438-4271-a257-312acf7350ed
2020-07-17 19:17:24,959 [RatisPipelineUtilsThread] INFO  pipeline.RatisPipelineProvider (RatisPipelineProvider.java:lambda$create$0(138)) - Sending CreatePipelineCommand for pipeline:PipelineID=cb6ec86d-2c34-4a3f-918c-ab3d389e7d10 to datanode:f9da59ee-ab34-4454-930b-d6e716de1fdb
2020-07-17 19:17:24,960 [RatisPipelineUtilsThread] INFO  pipeline.PipelineStateManager (PipelineStateManager.java:addPipeline(54)) - Created pipeline Pipeline[ Id: cb6ec86d-2c34-4a3f-918c-ab3d389e7d10, Nodes: eb14cfe2-9ec6-48cf-a414-5c9390614653{ip: 172.17.0.2, host: 9afa6d03cd7d, networkLocation: /default-rack, certSerialId: null}ff149fa5-9438-4271-a257-312acf7350ed{ip: 172.17.0.2, host: 9afa6d03cd7d, networkLocation: /default-rack, certSerialId: null}f9da59ee-ab34-4454-930b-d6e716de1fdb{ip: 172.17.0.2, host: 9afa6d03cd7d, networkLocation: /default-rack, certSerialId: null}, Type:RATIS, Factor:THREE, State:ALLOCATED, leaderId:, CreationTimestamp2020-07-17T19:17:24.959Z]
2020-07-17 19:17:24,960 [RatisPipelineUtilsThread] ERROR pipeline.SCMPipelineManager (SCMPipelineManager.java:createPipeline(275)) - Failed to create pipeline of type RATIS and factor THREE. Exception: Pipeline creation failed because nodes are engaged in other pipelines and every node can only be engaged in max 2 pipelines. Required 3. Found 0
2020-07-17 19:17:25,082 [Listener at 127.0.0.1/36635] INFO  ozone.MiniOzoneClusterImpl (MiniOzoneClusterImpl.java:lambda$waitForClusterToBeReady$0(177)) - Waiting for nodes to be ready. Got 6 of 7 DN Heartbeats.
2020-07-17 19:17:25,084 [Listener at 127.0.0.1/36635] INFO  ozone.MiniOzoneClusterImpl (MiniOzoneClusterImpl.java:lambda$waitForClusterToBeReady$0(180)) - Waiting for cluster to exit safe mode
2020-07-17 19:17:25,085 [IPC Server handler 1 on default port 35851] INFO  net.NetworkTopology (NetworkTopologyImpl.java:add(111)) - Added a new node: /default-rack/31433fc6-7b53-4c3b-82f7-b63de5f43ef9
2020-07-17 19:17:25,085 [IPC Server handler 1 on default port 35851] INFO  node.SCMNodeManager (SCMNodeManager.java:register(273)) - Registered Data node : 31433fc6-7b53-4c3b-82f7-b63de5f43ef9{ip: 172.17.0.2, host: 9afa6d03cd7d, networkLocation: /default-rack, certSerialId: null}
2020-07-17 19:17:25,086 [EventQueue-NodeRegistrationContainerReportForContainerSafeModeRule] INFO  safemode.SCMSafeModeManager (SCMSafeModeManager.java:validateSafeModeExitRules(214)) - ContainerSafeModeRule rule is successfully validated
2020-07-17 19:17:25,086 [EventQueue-NodeRegistrationContainerReportForDataNodeSafeModeRule] INFO  safemode.SCMSafeModeManager (SCMSafeModeManager.java:validateSafeModeExitRules(214)) - DataNodeSafeModeRule rule is successfully validated
2020-07-17 19:17:25,086 [RatisPipelineUtilsThread] INFO  pipeline.RatisPipelineProvider (RatisPipelineProvider.java:lambda$create$0(138)) - Sending CreatePipelineCommand for pipeline:PipelineID=3b713dd5-4a9d-458b-9734-23ed73b92581 to datanode:31433fc6-7b53-4c3b-82f7-b63de5f43ef9
2020-07-17 19:17:25,087 [RatisPipelineUtilsThread] INFO  pipeline.PipelineStateManager (PipelineStateManager.java:addPipeline(54)) - Created pipeline Pipeline[ Id: 3b713dd5-4a9d-458b-9734-23ed73b92581, Nodes: 31433fc6-7b53-4c3b-82f7-b63de5f43ef9{ip: 172.17.0.2, host: 9afa6d03cd7d, networkLocation: /default-rack, certSerialId: null}, Type:RATIS, Factor:ONE, State:ALLOCATED, leaderId:, CreationTimestamp2020-07-17T19:17:25.086Z]
2020-07-17 19:17:25,088 [RatisPipelineUtilsThread] ERROR pipeline.SCMPipelineManager (SCMPipelineManager.java:createPipeline(275)) - Failed to create pipeline of type RATIS and factor ONE. Exception: Cannot create pipeline of factor 1 using 0 nodes. Used 7 nodes. Healthy nodes 7
2020-07-17 19:17:25,088 [RatisPipelineUtilsThread] ERROR pipeline.SCMPipelineManager (SCMPipelineManager.java:createPipeline(275)) - Failed to create pipeline of type RATIS and factor THREE. Exception: Pipeline creation failed because nodes are engaged in other pipelines and every node can only be engaged in max 2 pipelines. Required 3. Found 1
2020-07-17 19:17:26,084 [Listener at 127.0.0.1/36635] INFO  ozone.MiniOzoneClusterImpl (MiniOzoneClusterImpl.java:lambda$waitForClusterToBeReady$0(177)) - Nodes are ready. Got 7 of 7 DN Heartbeats.
2020-07-17 19:17:26,085 [Listener at 127.0.0.1/36635] INFO  ozone.MiniOzoneClusterImpl (MiniOzoneClusterImpl.java:lambda$waitForClusterToBeReady$0(180)) - Waiting for cluster to exit safe mode
2020-07-17 19:17:27,086 [Listener at 127.0.0.1/36635] INFO  ozone.MiniOzoneClusterImpl (MiniOzoneClusterImpl.java:lambda$waitForClusterToBeReady$0(177)) - Nodes are ready. Got 7 of 7 DN Heartbeats.
2020-07-17 19:17:27,086 [Listener at 127.0.0.1/36635] INFO  ozone.MiniOzoneClusterImpl (MiniOzoneClusterImpl.java:lambda$waitForClusterToBeReady$0(180)) - Waiting for cluster to exit safe mode
2020-07-17 19:17:27,322 [Command processor thread] INFO  impl.RaftServerProxy (RaftServerProxy.java:addNew(89)) - 12697ddf-1b16-4057-bfeb-ac6f3e0803f5: addNew group-DCD5375450F6:[12697ddf-1b16-4057-bfeb-ac6f3e0803f5:172.17.0.2:39397] returns group-DCD5375450F6:java.util.concurrent.CompletableFuture@3eaee147[Not completed]
2020-07-17 19:17:27,324 [pool-160-thread-1] INFO  impl.RaftServerImpl (RaftServerImpl.java:<init>(99)) - 12697ddf-1b16-4057-bfeb-ac6f3e0803f5: new RaftServerImpl for group-DCD5375450F6:[12697ddf-1b16-4057-bfeb-ac6f3e0803f5:172.17.0.2:39397] with ContainerStateMachine:uninitialized
2020-07-17 19:17:27,325 [pool-160-thread-1] INFO  server.RaftServerConfigKeys (ConfUtils.java:logGet(44)) - raft.server.rpc.timeout.min = 5s (custom)
2020-07-17 19:17:27,325 [pool-160-thread-1] INFO  server.RaftServerConfigKeys (ConfUtils.java:logGet(44)) - raft.server.rpc.timeout.max = 5200ms (custom)
2020-07-17 19:17:27,325 [pool-160-thread-1] INFO  server.RaftServerConfigKeys (ConfUtils.java:logGet(44)) - raft.server.rpcslowness.timeout = 300000ms (custom)
2020-07-17 19:17:27,325 [pool-160-thread-1] INFO  server.RaftServerConfigKeys (ConfUtils.java:logGet(44)) - raft.server.sleep.deviation.threshold = 300 (default)
2020-07-17 19:17:27,326 [pool-160-thread-1] INFO  server.RaftServerConfigKeys (ConfUtils.java:logGet(44)) - raft.server.log.appender.install.snapshot.enabled = false (custom)
2020-07-17 19:17:27,326 [pool-160-thread-1] INFO  impl.RaftServerImpl (ServerState.java:<init>(103)) - 12697ddf-1b16-4057-bfeb-ac6f3e0803f5@group-DCD5375450F6: ConfigurationManager, init=-1: [12697ddf-1b16-4057-bfeb-ac6f3e0803f5:172.17.0.2:39397], old=null, confs=<EMPTY_MAP>
2020-07-17 19:17:27,326 [pool-160-thread-1] INFO  server.RaftServerConfigKeys (ConfUtils.java:logGet(44)) - raft.server.storage.dir = [/github/workspace/mnt/ozone/hadoop-ozone/integration-test/target/test-dir/MiniOzoneClusterImpl-c590ab3c-c15e-4809-9b68-32eb717c380c/datanode-0/data/ratis] (custom)
2020-07-17 19:17:27,326 [pool-160-thread-1] INFO  server.RaftServerConfigKeys (ConfUtils.java:logGet(44)) - raft.server.log.corruption.policy = EXCEPTION (default)
2020-07-17 19:17:27,326 [pool-160-thread-1] INFO  storage.RaftStorageDirectory (RaftStorageDirectory.java:analyzeStorage(261)) - The storage directory /github/workspace/mnt/ozone/hadoop-ozone/integration-test/target/test-dir/MiniOzoneClusterImpl-c590ab3c-c15e-4809-9b68-32eb717c380c/datanode-0/data/ratis/5bf7d1f9-0f2e-498e-819b-dcd5375450f6 does not exist. Creating ...
2020-07-17 19:17:27,328 [pool-160-thread-1] INFO  storage.RaftStorageDirectory (RaftStorageDirectory.java:tryLock(343)) - Lock on /github/workspace/mnt/ozone/hadoop-ozone/integration-test/target/test-dir/MiniOzoneClusterImpl-c590ab3c-c15e-4809-9b68-32eb717c380c/datanode-0/data/ratis/5bf7d1f9-0f2e-498e-819b-dcd5375450f6/in_use.lock acquired by nodename 5742@9afa6d03cd7d
2020-07-17 19:17:27,329 [pool-160-thread-1] INFO  storage.RaftStorage (RaftStorage.java:format(84)) - Storage directory /github/workspace/mnt/ozone/hadoop-ozone/integration-test/target/test-dir/MiniOzoneClusterImpl-c590ab3c-c15e-4809-9b68-32eb717c380c/datanode-0/data/ratis/5bf7d1f9-0f2e-498e-819b-dcd5375450f6 has been successfully formatted.
2020-07-17 19:17:27,330 [pool-160-thread-1] INFO  ratis.ContainerStateMachine (ContainerStateMachine.java:loadSnapshot(225)) - group-DCD5375450F6: The snapshot info is null. Setting the last applied indexto:(t:0, i:~)
2020-07-17 19:17:27,330 [pool-160-thread-1] INFO  server.RaftServerConfigKeys (ConfUtils.java:logGet(44)) - raft.server.notification.no-leader.timeout = 300000ms (custom)
2020-07-17 19:17:27,330 [pool-160-thread-1] INFO  server.RaftServerConfigKeys (ConfUtils.java:logGet(44)) - raft.server.log.use.memory = false (default)
2020-07-17 19:17:27,330 [pool-160-thread-1] INFO  server.RaftServerConfigKeys (ConfUtils.java:logGet(44)) - raft.server.log.purge.gap = 1000000 (custom)
2020-07-17 19:17:27,331 [pool-160-thread-1] INFO  server.RaftServerConfigKeys (ConfUtils.java:logGet(44)) - raft.server.log.appender.buffer.byte-limit = 33554432 (custom)
2020-07-17 19:17:27,332 [pool-160-thread-1] INFO  server.RaftServerConfigKeys (ConfUtils.java:logGet(44)) - raft.server.log.segment.size.max = 1048576 (custom)
2020-07-17 19:17:27,331 [EventQueue-PipelineReportForPipelineReportHandler] INFO  pipeline.PipelineStateManager (PipelineStateManager.java:openPipeline(131)) - Pipeline Pipeline[ Id: 5bf7d1f9-0f2e-498e-819b-dcd5375450f6, Nodes: 12697ddf-1b16-4057-bfeb-ac6f3e0803f5{ip: 172.17.0.2, host: 9afa6d03cd7d, networkLocation: /default-rack, certSerialId: null}, Type:RATIS, Factor:ONE, State:ALLOCATED, leaderId:12697ddf-1b16-4057-bfeb-ac6f3e0803f5, CreationTimestamp2020-07-17T19:17:24.325Z] moved to OPEN state
2020-07-17 19:17:27,332 [pool-160-thread-1] INFO  metrics.RatisMetrics (RatisMetrics.java:lambda$create$0(36)) - Creating Metrics Registry : ratis.log_worker.12697ddf-1b16-4057-bfeb-ac6f3e0803f5@group-DCD5375450F6
2020-07-17 19:17:27,333 [pool-160-thread-1] INFO  server.RaftServerConfigKeys (ConfUtils.java:logGet(44)) - raft.server.log.segment.cache.num.max = 2 (custom)
2020-07-17 19:17:27,333 [EventQueue-OpenPipelineForOneReplicaPipelineSafeModeRule] INFO  safemode.SCMSafeModeManager (SCMSafeModeManager.java:validateSafeModeExitRules(214)) - AtleastOneDatanodeReportedRule rule is successfully validated
2020-07-17 19:17:27,333 [pool-160-thread-1] INFO  segmented.SegmentedRaftLogWorker (SegmentedRaftLogWorker.java:<init>(180)) - new 12697ddf-1b16-4057-bfeb-ac6f3e0803f5@group-DCD5375450F6-SegmentedRaftLogWorker for RaftStorage:Storage Directory /github/workspace/mnt/ozone/hadoop-ozone/integration-test/target/test-dir/MiniOzoneClusterImpl-c590ab3c-c15e-4809-9b68-32eb717c380c/datanode-0/data/ratis/5bf7d1f9-0f2e-498e-819b-dcd5375450f6
2020-07-17 19:17:27,334 [pool-160-thread-1] INFO  server.RaftServerConfigKeys (ConfUtils.java:logGet(44)) - raft.server.log.queue.byte-limit = 2147483647 (custom)
2020-07-17 19:17:27,334 [pool-160-thread-1] INFO  server.RaftServerConfigKeys (ConfUtils.java:logGet(44)) - raft.server.log.queue.element-limit = 1024 (custom)
2020-07-17 19:17:27,334 [pool-160-thread-1] INFO  server.RaftServerConfigKeys (ConfUtils.java:logGet(44)) - raft.server.log.segment.size.max = 1048576 (custom)
2020-07-17 19:17:27,334 [pool-160-thread-1] INFO  server.RaftServerConfigKeys (ConfUtils.java:logGet(44)) - raft.server.log.preallocated.size = 16384 (custom)
2020-07-17 19:17:27,334 [pool-160-thread-1] INFO  server.RaftServerConfigKeys (ConfUtils.java:logGet(44)) - raft.server.log.write.buffer.size = 1048576 (custom)
2020-07-17 19:17:27,334 [pool-160-thread-1] INFO  server.RaftServerConfigKeys (ConfUtils.java:logGet(44)) - raft.server.log.force.sync.num = 128 (default)
2020-07-17 19:17:27,334 [pool-160-thread-1] INFO  server.RaftServerConfigKeys (ConfUtils.java:logGet(44)) - raft.server.log.statemachine.data.sync = true (default)
2020-07-17 19:17:27,334 [pool-160-thread-1] INFO  server.RaftServerConfigKeys (ConfUtils.java:logGet(44)) - raft.server.log.statemachine.data.sync.timeout = 10s (default)
2020-07-17 19:17:27,334 [pool-160-thread-1] INFO  server.RaftServerConfigKeys (ConfUtils.java:logGet(44)) - raft.server.log.statemachine.data.sync.timeout.retry = -1 (default)
2020-07-17 19:17:27,336 [pool-160-thread-1] INFO  server.RaftServerConfigKeys (ConfUtils.java:logGet(44)) - raft.server.log.statemachine.data.caching.enabled = true (custom)
2020-07-17 19:17:27,336 [pool-160-thread-1] INFO  segmented.SegmentedRaftLogWorker (SegmentedRaftLogWorker.java:lambda$new$0(129)) - 12697ddf-1b16-4057-bfeb-ac6f3e0803f5@group-DCD5375450F6-SegmentedRaftLogWorker: flushIndex: setUnconditionally 0 -> -1
2020-07-17 19:17:27,336 [pool-160-thread-1] INFO  segmented.SegmentedRaftLogWorker (SegmentedRaftLogWorker.java:lambda$new$0(129)) - 12697ddf-1b16-4057-bfeb-ac6f3e0803f5@group-DCD5375450F6-SegmentedRaftLogWorker: safeCacheEvictIndex: setUnconditionally 0 -> -1
2020-07-17 19:17:27,337 [EventQueue-OpenPipelineForHealthyPipelineSafeModeRule] INFO  safemode.SCMSafeModeManager (HealthyPipelineSafeModeRule.java:process(129)) - SCM in safe mode. Healthy pipelines reported count is 0, required healthy pipeline reported count is 1
2020-07-17 19:17:27,337 [pool-160-thread-1] INFO  server.RaftServerConfigKeys (ConfUtils.java:logGet(44)) - raft.server.snapshot.auto.trigger.enabled = true (custom)
2020-07-17 19:17:27,337 [pool-160-thread-1] INFO  server.RaftServerConfigKeys (ConfUtils.java:logGet(44)) - raft.server.snapshot.auto.trigger.threshold = 10000 (custom)
2020-07-17 19:17:27,337 [pool-160-thread-1] INFO  server.RaftServerConfigKeys (ConfUtils.java:logGet(44)) - raft.server.snapshot.retention.file.num = 5 (custom)
2020-07-17 19:17:27,337 [pool-160-thread-1] INFO  server.RaftServerConfigKeys (ConfUtils.java:logGet(44)) - raft.server.log.purge.upto.snapshot.index = false (default)
2020-07-17 19:17:27,337 [pool-160-thread-1] INFO  server.RaftServerConfigKeys (ConfUtils.java:logGet(44)) - raft.server.retrycache.expirytime = 600000ms (custom)
2020-07-17 19:17:27,337 [pool-160-thread-1] INFO  metrics.RatisMetrics (RatisMetrics.java:lambda$create$0(36)) - Creating Metrics Registry : ratis.leader_election.12697ddf-1b16-4057-bfeb-ac6f3e0803f5@group-DCD5375450F6
2020-07-17 19:17:27,338 [pool-160-thread-1] INFO  metrics.RatisMetrics (RatisMetrics.java:lambda$create$0(36)) - Creating Metrics Registry : ratis.server.12697ddf-1b16-4057-bfeb-ac6f3e0803f5@group-DCD5375450F6
2020-07-17 19:17:27,339 [pool-160-thread-1] INFO  impl.RaftServerImpl (RaftServerImpl.java:start(186)) - 12697ddf-1b16-4057-bfeb-ac6f3e0803f5@group-DCD5375450F6: start as a follower, conf=-1: [12697ddf-1b16-4057-bfeb-ac6f3e0803f5:172.17.0.2:39397], old=null
2020-07-17 19:17:27,340 [pool-160-thread-1] INFO  impl.RaftServerImpl (RaftServerImpl.java:setRole(175)) - 12697ddf-1b16-4057-bfeb-ac6f3e0803f5@group-DCD5375450F6: changes role from      null to FOLLOWER at term 0 for startAsFollower
2020-07-17 19:17:27,340 [pool-160-thread-1] INFO  impl.RoleInfo (RoleInfo.java:updateAndGet(143)) - 12697ddf-1b16-4057-bfeb-ac6f3e0803f5: start FollowerState
2020-07-17 19:17:27,343 [pool-160-thread-1] INFO  util.JmxRegister (JmxRegister.java:tryRegister(44)) - Successfully registered JMX Bean with object name Ratis:service=RaftServer,group=group-DCD5375450F6,id=12697ddf-1b16-4057-bfeb-ac6f3e0803f5
2020-07-17 19:17:27,344 [pool-160-thread-1] INFO  metrics.RatisMetrics (RatisMetrics.java:lambda$create$0(36)) - Creating Metrics Registry : ratis.state_machine.12697ddf-1b16-4057-bfeb-ac6f3e0803f5@group-DCD5375450F6
2020-07-17 19:17:27,345 [Command processor thread] INFO  commandhandler.CreatePipelineCommandHandler (CreatePipelineCommandHandler.java:handle(109)) - Created Pipeline RATIS ONE #id: "5bf7d1f9-0f2e-498e-819b-dcd5375450f6"
uuid128 {
  mostSigBits: 6626996244330727822
  leastSigBits: -9107443013112278794
}
.
2020-07-17 19:17:27,345 [Command processor thread] INFO  impl.RaftServerProxy (RaftServerProxy.java:addNew(89)) - 12697ddf-1b16-4057-bfeb-ac6f3e0803f5: addNew group-A57F0B006D91:[4747afbe-90ee-49f5-a182-8531c2527e8f:172.17.0.2:32933, b62614be-6cdc-4599-9b61-ac2094d3efd2:172.17.0.2:33125, 12697ddf-1b16-4057-bfeb-ac6f3e0803f5:172.17.0.2:39397] returns group-A57F0B006D91:java.util.concurrent.CompletableFuture@3a91724a[Not completed]
2020-07-17 19:17:27,347 [pool-160-thread-1] INFO  impl.RaftServerImpl (RaftServerImpl.java:<init>(99)) - 12697ddf-1b16-4057-bfeb-ac6f3e0803f5: new RaftServerImpl for group-A57F0B006D91:[4747afbe-90ee-49f5-a182-8531c2527e8f:172.17.0.2:32933, b62614be-6cdc-4599-9b61-ac2094d3efd2:172.17.0.2:33125, 12697ddf-1b16-4057-bfeb-ac6f3e0803f5:172.17.0.2:39397] with ContainerStateMachine:uninitialized
2020-07-17 19:17:27,347 [pool-160-thread-1] INFO  server.RaftServerConfigKeys (ConfUtils.java:logGet(44)) - raft.server.rpc.timeout.min = 5s (custom)
2020-07-17 19:17:27,347 [pool-160-thread-1] INFO  server.RaftServerConfigKeys (ConfUtils.java:logGet(44)) - raft.server.rpc.timeout.max = 5200ms (custom)
2020-07-17 19:17:27,347 [pool-160-thread-1] INFO  server.RaftServerConfigKeys (ConfUtils.java:logGet(44)) - raft.server.rpcslowness.timeout = 300000ms (custom)
2020-07-17 19:17:27,347 [pool-160-thread-1] INFO  server.RaftServerConfigKeys (ConfUtils.java:logGet(44)) - raft.server.sleep.deviation.threshold = 300 (default)
2020-07-17 19:17:27,348 [pool-160-thread-1] INFO  server.RaftServerConfigKeys (ConfUtils.java:logGet(44)) - raft.server.log.appender.install.snapshot.enabled = false (custom)
2020-07-17 19:17:27,348 [pool-160-thread-1] INFO  impl.RaftServerImpl (ServerState.java:<init>(103)) - 12697ddf-1b16-4057-bfeb-ac6f3e0803f5@group-A57F0B006D91: ConfigurationManager, init=-1: [4747afbe-90ee-49f5-a182-8531c2527e8f:172.17.0.2:32933, b62614be-6cdc-4599-9b61-ac2094d3efd2:172.17.0.2:33125, 12697ddf-1b16-4057-bfeb-ac6f3e0803f5:172.17.0.2:39397], old=null, confs=<EMPTY_MAP>
2020-07-17 19:17:27,348 [pool-160-thread-1] INFO  server.RaftServerConfigKeys (ConfUtils.java:logGet(44)) - raft.server.storage.dir = [/github/workspace/mnt/ozone/hadoop-ozone/integration-test/target/test-dir/MiniOzoneClusterImpl-c590ab3c-c15e-4809-9b68-32eb717c380c/datanode-0/data/ratis] (custom)
2020-07-17 19:17:27,348 [pool-160-thread-1] INFO  server.RaftServerConfigKeys (ConfUtils.java:logGet(44)) - raft.server.log.corruption.policy = EXCEPTION (default)
2020-07-17 19:17:27,348 [pool-160-thread-1] INFO  storage.RaftStorageDirectory (RaftStorageDirectory.java:analyzeStorage(261)) - The storage directory /github/workspace/mnt/ozone/hadoop-ozone/integration-test/target/test-dir/MiniOzoneClusterImpl-c590ab3c-c15e-4809-9b68-32eb717c380c/datanode-0/data/ratis/2f0cf332-3743-4af2-9cda-a57f0b006d91 does not exist. Creating ...
2020-07-17 19:17:27,351 [pool-160-thread-1] INFO  storage.RaftStorageDirectory (RaftStorageDirectory.java:tryLock(343)) - Lock on /github/workspace/mnt/ozone/hadoop-ozone/integration-test/target/test-dir/MiniOzoneClusterImpl-c590ab3c-c15e-4809-9b68-32eb717c380c/datanode-0/data/ratis/2f0cf332-3743-4af2-9cda-a57f0b006d91/in_use.lock acquired by nodename 5742@9afa6d03cd7d
2020-07-17 19:17:27,352 [pool-160-thread-1] INFO  storage.RaftStorage (RaftStorage.java:format(84)) - Storage directory /github/workspace/mnt/ozone/hadoop-ozone/integration-test/target/test-dir/MiniOzoneClusterImpl-c590ab3c-c15e-4809-9b68-32eb717c380c/datanode-0/data/ratis/2f0cf332-3743-4af2-9cda-a57f0b006d91 has been successfully formatted.
2020-07-17 19:17:27,352 [pool-160-thread-1] INFO  ratis.ContainerStateMachine (ContainerStateMachine.java:loadSnapshot(225)) - group-A57F0B006D91: The snapshot info is null. Setting the last applied indexto:(t:0, i:~)
2020-07-17 19:17:27,353 [pool-160-thread-1] INFO  server.RaftServerConfigKeys (ConfUtils.java:logGet(44)) - raft.server.notification.no-leader.timeout = 300000ms (custom)
2020-07-17 19:17:27,353 [pool-160-thread-1] INFO  server.RaftServerConfigKeys (ConfUtils.java:logGet(44)) - raft.server.log.use.memory = false (default)
2020-07-17 19:17:27,353 [pool-160-thread-1] INFO  server.RaftServerConfigKeys (ConfUtils.java:logGet(44)) - raft.server.log.purge.gap = 1000000 (custom)
2020-07-17 19:17:27,353 [pool-160-thread-1] INFO  server.RaftServerConfigKeys (ConfUtils.java:logGet(44)) - raft.server.log.appender.buffer.byte-limit = 33554432 (custom)
2020-07-17 19:17:27,354 [pool-160-thread-1] INFO  server.RaftServerConfigKeys (ConfUtils.java:logGet(44)) - raft.server.log.segment.size.max = 1048576 (custom)
2020-07-17 19:17:27,354 [pool-160-thread-1] INFO  metrics.RatisMetrics (RatisMetrics.java:lambda$create$0(36)) - Creating Metrics Registry : ratis.log_worker.12697ddf-1b16-4057-bfeb-ac6f3e0803f5@group-A57F0B006D91
2020-07-17 19:17:27,354 [pool-160-thread-1] INFO  server.RaftServerConfigKeys (ConfUtils.java:logGet(44)) - raft.server.log.segment.cache.num.max = 2 (custom)
2020-07-17 19:17:27,355 [pool-160-thread-1] INFO  segmented.SegmentedRaftLogWorker (SegmentedRaftLogWorker.java:<init>(180)) - new 12697ddf-1b16-4057-bfeb-ac6f3e0803f5@group-A57F0B006D91-SegmentedRaftLogWorker for RaftStorage:Storage Directory /github/workspace/mnt/ozone/hadoop-ozone/integration-test/target/test-dir/MiniOzoneClusterImpl-c590ab3c-c15e-4809-9b68-32eb717c380c/datanode-0/data/ratis/2f0cf332-3743-4af2-9cda-a57f0b006d91
2020-07-17 19:17:27,355 [pool-160-thread-1] INFO  server.RaftServerConfigKeys (ConfUtils.java:logGet(44)) - raft.server.log.queue.byte-limit = 2147483647 (custom)
2020-07-17 19:17:27,355 [pool-160-thread-1] INFO  server.RaftServerConfigKeys (ConfUtils.java:logGet(44)) - raft.server.log.queue.element-limit = 1024 (custom)
2020-07-17 19:17:27,355 [pool-160-thread-1] INFO  server.RaftServerConfigKeys (ConfUtils.java:logGet(44)) - raft.server.log.segment.size.max = 1048576 (custom)
2020-07-17 19:17:27,355 [pool-160-thread-1] INFO  server.RaftServerConfigKeys (ConfUtils.java:logGet(44)) - raft.server.log.preallocated.size = 16384 (custom)
2020-07-17 19:17:27,355 [pool-160-thread-1] INFO  server.RaftServerConfigKeys (ConfUtils.java:logGet(44)) - raft.server.log.write.buffer.size = 1048576 (custom)
2020-07-17 19:17:27,355 [pool-160-thread-1] INFO  server.RaftServerConfigKeys (ConfUtils.java:logGet(44)) - raft.server.log.force.sync.num = 128 (default)
2020-07-17 19:17:27,355 [pool-160-thread-1] INFO  server.RaftServerConfigKeys (ConfUtils.java:logGet(44)) - raft.server.log.statemachine.data.sync = true (default)
2020-07-17 19:17:27,355 [pool-160-thread-1] INFO  server.RaftServerConfigKeys (ConfUtils.java:logGet(44)) - raft.server.log.statemachine.data.sync.timeout = 10s (default)
2020-07-17 19:17:27,355 [pool-160-thread-1] INFO  server.RaftServerConfigKeys (ConfUtils.java:logGet(44)) - raft.server.log.statemachine.data.sync.timeout.retry = -1 (default)
2020-07-17 19:17:27,358 [pool-160-thread-1] INFO  server.RaftServerConfigKeys (ConfUtils.java:logGet(44)) - raft.server.log.statemachine.data.caching.enabled = true (custom)
2020-07-17 19:17:27,358 [pool-160-thread-1] INFO  segmented.SegmentedRaftLogWorker (SegmentedRaftLogWorker.java:lambda$new$0(129)) - 12697ddf-1b16-4057-bfeb-ac6f3e0803f5@group-A57F0B006D91-SegmentedRaftLogWorker: flushIndex: setUnconditionally 0 -> -1
2020-07-17 19:17:27,359 [pool-160-thread-1] INFO  segmented.SegmentedRaftLogWorker (SegmentedRaftLogWorker.java:lambda$new$0(129)) - 12697ddf-1b16-4057-bfeb-ac6f3e0803f5@group-A57F0B006D91-SegmentedRaftLogWorker: safeCacheEvictIndex: setUnconditionally 0 -> -1
2020-07-17 19:17:27,359 [pool-160-thread-1] INFO  server.RaftServerConfigKeys (ConfUtils.java:logGet(44)) - raft.server.snapshot.auto.trigger.enabled = true (custom)
2020-07-17 19:17:27,360 [pool-160-thread-1] INFO  server.RaftServerConfigKeys (ConfUtils.java:logGet(44)) - raft.server.snapshot.auto.trigger.threshold = 10000 (custom)
2020-07-17 19:17:27,360 [pool-160-thread-1] INFO  server.RaftServerConfigKeys (ConfUtils.java:logGet(44)) - raft.server.snapshot.retention.file.num = 5 (custom)
2020-07-17 19:17:27,360 [pool-160-thread-1] INFO  server.RaftServerConfigKeys (ConfUtils.java:logGet(44)) - raft.server.log.purge.upto.snapshot.index = false (default)
2020-07-17 19:17:27,360 [pool-160-thread-1] INFO  server.RaftServerConfigKeys (ConfUtils.java:logGet(44)) - raft.server.retrycache.expirytime = 600000ms (custom)
2020-07-17 19:17:27,360 [pool-160-thread-1] INFO  metrics.RatisMetrics (RatisMetrics.java:lambda$create$0(36)) - Creating Metrics Registry : ratis.leader_election.12697ddf-1b16-4057-bfeb-ac6f3e0803f5@group-A57F0B006D91
2020-07-17 19:17:27,361 [pool-160-thread-1] INFO  metrics.RatisMetrics (RatisMetrics.java:lambda$create$0(36)) - Creating Metrics Registry : ratis.server.12697ddf-1b16-4057-bfeb-ac6f3e0803f5@group-A57F0B006D91
2020-07-17 19:17:27,362 [pool-160-thread-1] INFO  impl.RaftServerImpl (RaftServerImpl.java:start(186)) - 12697ddf-1b16-4057-bfeb-ac6f3e0803f5@group-A57F0B006D91: start as a follower, conf=-1: [4747afbe-90ee-49f5-a182-8531c2527e8f:172.17.0.2:32933, b62614be-6cdc-4599-9b61-ac2094d3efd2:172.17.0.2:33125, 12697ddf-1b16-4057-bfeb-ac6f3e0803f5:172.17.0.2:39397], old=null
2020-07-17 19:17:27,362 [pool-160-thread-1] INFO  impl.RaftServerImpl (RaftServerImpl.java:setRole(175)) - 12697ddf-1b16-4057-bfeb-ac6f3e0803f5@group-A57F0B006D91: changes role from      null to FOLLOWER at term 0 for startAsFollower
2020-07-17 19:17:27,362 [pool-160-thread-1] INFO  impl.RoleInfo (RoleInfo.java:updateAndGet(143)) - 12697ddf-1b16-4057-bfeb-ac6f3e0803f5: start FollowerState
2020-07-17 19:17:27,363 [pool-160-thread-1] INFO  util.JmxRegister (JmxRegister.java:tryRegister(44)) - Successfully registered JMX Bean with object name Ratis:service=RaftServer,group=group-A57F0B006D91,id=12697ddf-1b16-4057-bfeb-ac6f3e0803f5
2020-07-17 19:17:27,363 [pool-160-thread-1] INFO  metrics.RatisMetrics (RatisMetrics.java:lambda$create$0(36)) - Creating Metrics Registry : ratis.state_machine.12697ddf-1b16-4057-bfeb-ac6f3e0803f5@group-A57F0B006D91
2020-07-17 19:17:27,379 [grpc-default-executor-1] INFO  impl.RaftServerProxy (RaftServerProxy.java:addNew(89)) - 4747afbe-90ee-49f5-a182-8531c2527e8f: addNew group-A57F0B006D91:[4747afbe-90ee-49f5-a182-8531c2527e8f:172.17.0.2:32933, b62614be-6cdc-4599-9b61-ac2094d3efd2:172.17.0.2:33125, 12697ddf-1b16-4057-bfeb-ac6f3e0803f5:172.17.0.2:39397] returns group-A57F0B006D91:java.util.concurrent.CompletableFuture@37ab717c[Not completed]
2020-07-17 19:17:27,381 [pool-175-thread-1] INFO  impl.RaftServerImpl (RaftServerImpl.java:<init>(99)) - 4747afbe-90ee-49f5-a182-8531c2527e8f: new RaftServerImpl for group-A57F0B006D91:[4747afbe-90ee-49f5-a182-8531c2527e8f:172.17.0.2:32933, b62614be-6cdc-4599-9b61-ac2094d3efd2:172.17.0.2:33125, 12697ddf-1b16-4057-bfeb-ac6f3e0803f5:172.17.0.2:39397] with ContainerStateMachine:uninitialized
2020-07-17 19:17:27,381 [pool-175-thread-1] INFO  server.RaftServerConfigKeys (ConfUtils.java:logGet(44)) - raft.server.rpc.timeout.min = 5s (custom)
2020-07-17 19:17:27,381 [pool-175-thread-1] INFO  server.RaftServerConfigKeys (ConfUtils.java:logGet(44)) - raft.server.rpc.timeout.max = 5200ms (custom)
2020-07-17 19:17:27,381 [pool-175-thread-1] INFO  server.RaftServerConfigKeys (ConfUtils.java:logGet(44)) - raft.server.rpcslowness.timeout = 300000ms (custom)
2020-07-17 19:17:27,382 [pool-175-thread-1] INFO  server.RaftServerConfigKeys (ConfUtils.java:logGet(44)) - raft.server.sleep.deviation.threshold = 300 (default)
2020-07-17 19:17:27,382 [pool-175-thread-1] INFO  server.RaftServerConfigKeys (ConfUtils.java:logGet(44)) - raft.server.log.appender.install.snapshot.enabled = false (custom)
2020-07-17 19:17:27,382 [pool-175-thread-1] INFO  impl.RaftServerImpl (ServerState.java:<init>(103)) - 4747afbe-90ee-49f5-a182-8531c2527e8f@group-A57F0B006D91: ConfigurationManager, init=-1: [4747afbe-90ee-49f5-a182-8531c2527e8f:172.17.0.2:32933, b62614be-6cdc-4599-9b61-ac2094d3efd2:172.17.0.2:33125, 12697ddf-1b16-4057-bfeb-ac6f3e0803f5:172.17.0.2:39397], old=null, confs=<EMPTY_MAP>
2020-07-17 19:17:27,382 [pool-175-thread-1] INFO  server.RaftServerConfigKeys (ConfUtils.java:logGet(44)) - raft.server.storage.dir = [/github/workspace/mnt/ozone/hadoop-ozone/integration-test/target/test-dir/MiniOzoneClusterImpl-c590ab3c-c15e-4809-9b68-32eb717c380c/datanode-1/data/ratis] (custom)
2020-07-17 19:17:27,382 [pool-175-thread-1] INFO  server.RaftServerConfigKeys (ConfUtils.java:logGet(44)) - raft.server.log.corruption.policy = EXCEPTION (default)
2020-07-17 19:17:27,382 [pool-175-thread-1] INFO  storage.RaftStorageDirectory (RaftStorageDirectory.java:analyzeStorage(261)) - The storage directory /github/workspace/mnt/ozone/hadoop-ozone/integration-test/target/test-dir/MiniOzoneClusterImpl-c590ab3c-c15e-4809-9b68-32eb717c380c/datanode-1/data/ratis/2f0cf332-3743-4af2-9cda-a57f0b006d91 does not exist. Creating ...
2020-07-17 19:17:27,383 [pool-175-thread-1] INFO  storage.RaftStorageDirectory (RaftStorageDirectory.java:tryLock(343)) - Lock on /github/workspace/mnt/ozone/hadoop-ozone/integration-test/target/test-dir/MiniOzoneClusterImpl-c590ab3c-c15e-4809-9b68-32eb717c380c/datanode-1/data/ratis/2f0cf332-3743-4af2-9cda-a57f0b006d91/in_use.lock acquired by nodename 5742@9afa6d03cd7d
2020-07-17 19:17:27,384 [pool-175-thread-1] INFO  storage.RaftStorage (RaftStorage.java:format(84)) - Storage directory /github/workspace/mnt/ozone/hadoop-ozone/integration-test/target/test-dir/MiniOzoneClusterImpl-c590ab3c-c15e-4809-9b68-32eb717c380c/datanode-1/data/ratis/2f0cf332-3743-4af2-9cda-a57f0b006d91 has been successfully formatted.
2020-07-17 19:17:27,385 [pool-175-thread-1] INFO  ratis.ContainerStateMachine (ContainerStateMachine.java:loadSnapshot(225)) - group-A57F0B006D91: The snapshot info is null. Setting the last applied indexto:(t:0, i:~)
2020-07-17 19:17:27,385 [pool-175-thread-1] INFO  server.RaftServerConfigKeys (ConfUtils.java:logGet(44)) - raft.server.notification.no-leader.timeout = 300000ms (custom)
2020-07-17 19:17:27,385 [pool-175-thread-1] INFO  server.RaftServerConfigKeys (ConfUtils.java:logGet(44)) - raft.server.log.use.memory = false (default)
2020-07-17 19:17:27,386 [pool-175-thread-1] INFO  server.RaftServerConfigKeys (ConfUtils.java:logGet(44)) - raft.server.log.purge.gap = 1000000 (custom)
2020-07-17 19:17:27,388 [pool-175-thread-1] INFO  server.RaftServerConfigKeys (ConfUtils.java:logGet(44)) - raft.server.log.appender.buffer.byte-limit = 33554432 (custom)
2020-07-17 19:17:27,388 [pool-175-thread-1] INFO  server.RaftServerConfigKeys (ConfUtils.java:logGet(44)) - raft.server.log.segment.size.max = 1048576 (custom)
2020-07-17 19:17:27,388 [pool-175-thread-1] INFO  metrics.RatisMetrics (RatisMetrics.java:lambda$create$0(36)) - Creating Metrics Registry : ratis.log_worker.4747afbe-90ee-49f5-a182-8531c2527e8f@group-A57F0B006D91
2020-07-17 19:17:27,389 [pool-175-thread-1] INFO  server.RaftServerConfigKeys (ConfUtils.java:logGet(44)) - raft.server.log.segment.cache.num.max = 2 (custom)
2020-07-17 19:17:27,389 [pool-175-thread-1] INFO  segmented.SegmentedRaftLogWorker (SegmentedRaftLogWorker.java:<init>(180)) - new 4747afbe-90ee-49f5-a182-8531c2527e8f@group-A57F0B006D91-SegmentedRaftLogWorker for RaftStorage:Storage Directory /github/workspace/mnt/ozone/hadoop-ozone/integration-test/target/test-dir/MiniOzoneClusterImpl-c590ab3c-c15e-4809-9b68-32eb717c380c/datanode-1/data/ratis/2f0cf332-3743-4af2-9cda-a57f0b006d91
2020-07-17 19:17:27,389 [pool-175-thread-1] INFO  server.RaftServerConfigKeys (ConfUtils.java:logGet(44)) - raft.server.log.queue.byte-limit = 2147483647 (custom)
2020-07-17 19:17:27,389 [pool-175-thread-1] INFO  server.RaftServerConfigKeys (ConfUtils.java:logGet(44)) - raft.server.log.queue.element-limit = 1024 (custom)
2020-07-17 19:17:27,389 [pool-175-thread-1] INFO  server.RaftServerConfigKeys (ConfUtils.java:logGet(44)) - raft.server.log.segment.size.max = 1048576 (custom)
2020-07-17 19:17:27,389 [pool-175-thread-1] INFO  server.RaftServerConfigKeys (ConfUtils.java:logGet(44)) - raft.server.log.preallocated.size = 16384 (custom)
2020-07-17 19:17:27,389 [pool-175-thread-1] INFO  server.RaftServerConfigKeys (ConfUtils.java:logGet(44)) - raft.server.log.write.buffer.size = 1048576 (custom)
2020-07-17 19:17:27,389 [pool-175-thread-1] INFO  server.RaftServerConfigKeys (ConfUtils.java:logGet(44)) - raft.server.log.force.sync.num = 128 (default)
2020-07-17 19:17:27,390 [pool-175-thread-1] INFO  server.RaftServerConfigKeys (ConfUtils.java:logGet(44)) - raft.server.log.statemachine.data.sync = true (default)
2020-07-17 19:17:27,390 [pool-175-thread-1] INFO  server.RaftServerConfigKeys (ConfUtils.java:logGet(44)) - raft.server.log.statemachine.data.sync.timeout = 10s (default)
2020-07-17 19:17:27,390 [pool-175-thread-1] INFO  server.RaftServerConfigKeys (ConfUtils.java:logGet(44)) - raft.server.log.statemachine.data.sync.timeout.retry = -1 (default)
2020-07-17 19:17:27,393 [pool-175-thread-1] INFO  server.RaftServerConfigKeys (ConfUtils.java:logGet(44)) - raft.server.log.statemachine.data.caching.enabled = true (custom)
2020-07-17 19:17:27,393 [pool-175-thread-1] INFO  segmented.SegmentedRaftLogWorker (SegmentedRaftLogWorker.java:lambda$new$0(129)) - 4747afbe-90ee-49f5-a182-8531c2527e8f@group-A57F0B006D91-SegmentedRaftLogWorker: flushIndex: setUnconditionally 0 -> -1
2020-07-17 19:17:27,393 [pool-175-thread-1] INFO  segmented.SegmentedRaftLogWorker (SegmentedRaftLogWorker.java:lambda$new$0(129)) - 4747afbe-90ee-49f5-a182-8531c2527e8f@group-A57F0B006D91-SegmentedRaftLogWorker: safeCacheEvictIndex: setUnconditionally 0 -> -1
2020-07-17 19:17:27,395 [pool-175-thread-1] INFO  server.RaftServerConfigKeys (ConfUtils.java:logGet(44)) - raft.server.snapshot.auto.trigger.enabled = true (custom)
2020-07-17 19:17:27,395 [pool-175-thread-1] INFO  server.RaftServerConfigKeys (ConfUtils.java:logGet(44)) - raft.server.snapshot.auto.trigger.threshold = 10000 (custom)
2020-07-17 19:17:27,396 [pool-175-thread-1] INFO  server.RaftServerConfigKeys (ConfUtils.java:logGet(44)) - raft.server.snapshot.retention.file.num = 5 (custom)
2020-07-17 19:17:27,396 [pool-175-thread-1] INFO  server.RaftServerConfigKeys (ConfUtils.java:logGet(44)) - raft.server.log.purge.upto.snapshot.index = false (default)
2020-07-17 19:17:27,396 [pool-175-thread-1] INFO  server.RaftServerConfigKeys (ConfUtils.java:logGet(44)) - raft.server.retrycache.expirytime = 600000ms (custom)
2020-07-17 19:17:27,396 [pool-175-thread-1] INFO  metrics.RatisMetrics (RatisMetrics.java:lambda$create$0(36)) - Creating Metrics Registry : ratis.leader_election.4747afbe-90ee-49f5-a182-8531c2527e8f@group-A57F0B006D91
2020-07-17 19:17:27,398 [pool-175-thread-1] INFO  metrics.RatisMetrics (RatisMetrics.java:lambda$create$0(36)) - Creating Metrics Registry : ratis.server.4747afbe-90ee-49f5-a182-8531c2527e8f@group-A57F0B006D91
2020-07-17 19:17:27,399 [pool-175-thread-1] INFO  impl.RaftServerImpl (RaftServerImpl.java:start(186)) - 4747afbe-90ee-49f5-a182-8531c2527e8f@group-A57F0B006D91: start as a follower, conf=-1: [4747afbe-90ee-49f5-a182-8531c2527e8f:172.17.0.2:32933, b62614be-6cdc-4599-9b61-ac2094d3efd2:172.17.0.2:33125, 12697ddf-1b16-4057-bfeb-ac6f3e0803f5:172.17.0.2:39397], old=null
2020-07-17 19:17:27,399 [pool-175-thread-1] INFO  impl.RaftServerImpl (RaftServerImpl.java:setRole(175)) - 4747afbe-90ee-49f5-a182-8531c2527e8f@group-A57F0B006D91: changes role from      null to FOLLOWER at term 0 for startAsFollower
2020-07-17 19:17:27,399 [pool-175-thread-1] INFO  impl.RoleInfo (RoleInfo.java:updateAndGet(143)) - 4747afbe-90ee-49f5-a182-8531c2527e8f: start FollowerState
2020-07-17 19:17:27,402 [pool-175-thread-1] INFO  util.JmxRegister (JmxRegister.java:tryRegister(44)) - Successfully registered JMX Bean with object name Ratis:service=RaftServer,group=group-A57F0B006D91,id=4747afbe-90ee-49f5-a182-8531c2527e8f
2020-07-17 19:17:27,402 [pool-175-thread-1] INFO  metrics.RatisMetrics (RatisMetrics.java:lambda$create$0(36)) - Creating Metrics Registry : ratis.state_machine.4747afbe-90ee-49f5-a182-8531c2527e8f@group-A57F0B006D91
2020-07-17 19:17:27,417 [grpc-default-executor-1] INFO  impl.RaftServerProxy (RaftServerProxy.java:addNew(89)) - b62614be-6cdc-4599-9b61-ac2094d3efd2: addNew group-A57F0B006D91:[4747afbe-90ee-49f5-a182-8531c2527e8f:172.17.0.2:32933, b62614be-6cdc-4599-9b61-ac2094d3efd2:172.17.0.2:33125, 12697ddf-1b16-4057-bfeb-ac6f3e0803f5:172.17.0.2:39397] returns group-A57F0B006D91:java.util.concurrent.CompletableFuture@18fb966d[Not completed]
2020-07-17 19:17:27,420 [pool-190-thread-1] INFO  impl.RaftServerImpl (RaftServerImpl.java:<init>(99)) - b62614be-6cdc-4599-9b61-ac2094d3efd2: new RaftServerImpl for group-A57F0B006D91:[4747afbe-90ee-49f5-a182-8531c2527e8f:172.17.0.2:32933, b62614be-6cdc-4599-9b61-ac2094d3efd2:172.17.0.2:33125, 12697ddf-1b16-4057-bfeb-ac6f3e0803f5:172.17.0.2:39397] with ContainerStateMachine:uninitialized
2020-07-17 19:17:27,420 [pool-190-thread-1] INFO  server.RaftServerConfigKeys (ConfUtils.java:logGet(44)) - raft.server.rpc.timeout.min = 5s (custom)
2020-07-17 19:17:27,420 [pool-190-thread-1] INFO  server.RaftServerConfigKeys (ConfUtils.java:logGet(44)) - raft.server.rpc.timeout.max = 5200ms (custom)
2020-07-17 19:17:27,420 [pool-190-thread-1] INFO  server.RaftServerConfigKeys (ConfUtils.java:logGet(44)) - raft.server.rpcslowness.timeout = 300000ms (custom)
2020-07-17 19:17:27,420 [pool-190-thread-1] INFO  server.RaftServerConfigKeys (ConfUtils.java:logGet(44)) - raft.server.sleep.deviation.threshold = 300 (default)
2020-07-17 19:17:27,420 [pool-190-thread-1] INFO  server.RaftServerConfigKeys (ConfUtils.java:logGet(44)) - raft.server.log.appender.install.snapshot.enabled = false (custom)
2020-07-17 19:17:27,421 [pool-190-thread-1] INFO  impl.RaftServerImpl (ServerState.java:<init>(103)) - b62614be-6cdc-4599-9b61-ac2094d3efd2@group-A57F0B006D91: ConfigurationManager, init=-1: [4747afbe-90ee-49f5-a182-8531c2527e8f:172.17.0.2:32933, b62614be-6cdc-4599-9b61-ac2094d3efd2:172.17.0.2:33125, 12697ddf-1b16-4057-bfeb-ac6f3e0803f5:172.17.0.2:39397], old=null, confs=<EMPTY_MAP>
2020-07-17 19:17:27,421 [pool-190-thread-1] INFO  server.RaftServerConfigKeys (ConfUtils.java:logGet(44)) - raft.server.storage.dir = [/github/workspace/mnt/ozone/hadoop-ozone/integration-test/target/test-dir/MiniOzoneClusterImpl-c590ab3c-c15e-4809-9b68-32eb717c380c/datanode-2/data/ratis] (custom)
2020-07-17 19:17:27,421 [pool-190-thread-1] INFO  server.RaftServerConfigKeys (ConfUtils.java:logGet(44)) - raft.server.log.corruption.policy = EXCEPTION (default)
2020-07-17 19:17:27,421 [pool-190-thread-1] INFO  storage.RaftStorageDirectory (RaftStorageDirectory.java:analyzeStorage(261)) - The storage directory /github/workspace/mnt/ozone/hadoop-ozone/integration-test/target/test-dir/MiniOzoneClusterImpl-c590ab3c-c15e-4809-9b68-32eb717c380c/datanode-2/data/ratis/2f0cf332-3743-4af2-9cda-a57f0b006d91 does not exist. Creating ...
2020-07-17 19:17:27,422 [pool-190-thread-1] INFO  storage.RaftStorageDirectory (RaftStorageDirectory.java:tryLock(343)) - Lock on /github/workspace/mnt/ozone/hadoop-ozone/integration-test/target/test-dir/MiniOzoneClusterImpl-c590ab3c-c15e-4809-9b68-32eb717c380c/datanode-2/data/ratis/2f0cf332-3743-4af2-9cda-a57f0b006d91/in_use.lock acquired by nodename 5742@9afa6d03cd7d
2020-07-17 19:17:27,424 [pool-190-thread-1] INFO  storage.RaftStorage (RaftStorage.java:format(84)) - Storage directory /github/workspace/mnt/ozone/hadoop-ozone/integration-test/target/test-dir/MiniOzoneClusterImpl-c590ab3c-c15e-4809-9b68-32eb717c380c/datanode-2/data/ratis/2f0cf332-3743-4af2-9cda-a57f0b006d91 has been successfully formatted.
2020-07-17 19:17:27,424 [pool-190-thread-1] INFO  ratis.ContainerStateMachine (ContainerStateMachine.java:loadSnapshot(225)) - group-A57F0B006D91: The snapshot info is null. Setting the last applied indexto:(t:0, i:~)
2020-07-17 19:17:27,425 [pool-190-thread-1] INFO  server.RaftServerConfigKeys (ConfUtils.java:logGet(44)) - raft.server.notification.no-leader.timeout = 300000ms (custom)
2020-07-17 19:17:27,425 [pool-190-thread-1] INFO  server.RaftServerConfigKeys (ConfUtils.java:logGet(44)) - raft.server.log.use.memory = false (default)
2020-07-17 19:17:27,425 [pool-190-thread-1] INFO  server.RaftServerConfigKeys (ConfUtils.java:logGet(44)) - raft.server.log.purge.gap = 1000000 (custom)
2020-07-17 19:17:27,425 [pool-190-thread-1] INFO  server.RaftServerConfigKeys (ConfUtils.java:logGet(44)) - raft.server.log.appender.buffer.byte-limit = 33554432 (custom)
2020-07-17 19:17:27,425 [pool-190-thread-1] INFO  server.RaftServerConfigKeys (ConfUtils.java:logGet(44)) - raft.server.log.segment.size.max = 1048576 (custom)
2020-07-17 19:17:27,425 [pool-190-thread-1] INFO  metrics.RatisMetrics (RatisMetrics.java:lambda$create$0(36)) - Creating Metrics Registry : ratis.log_worker.b62614be-6cdc-4599-9b61-ac2094d3efd2@group-A57F0B006D91
2020-07-17 19:17:27,425 [pool-190-thread-1] INFO  server.RaftServerConfigKeys (ConfUtils.java:logGet(44)) - raft.server.log.segment.cache.num.max = 2 (custom)
2020-07-17 19:17:27,425 [pool-190-thread-1] INFO  segmented.SegmentedRaftLogWorker (SegmentedRaftLogWorker.java:<init>(180)) - new b62614be-6cdc-4599-9b61-ac2094d3efd2@group-A57F0B006D91-SegmentedRaftLogWorker for RaftStorage:Storage Directory /github/workspace/mnt/ozone/hadoop-ozone/integration-test/target/test-dir/MiniOzoneClusterImpl-c590ab3c-c15e-4809-9b68-32eb717c380c/datanode-2/data/ratis/2f0cf332-3743-4af2-9cda-a57f0b006d91
2020-07-17 19:17:27,426 [pool-190-thread-1] INFO  server.RaftServerConfigKeys (ConfUtils.java:logGet(44)) - raft.server.log.queue.byte-limit = 2147483647 (custom)
2020-07-17 19:17:27,426 [pool-190-thread-1] INFO  server.RaftServerConfigKeys (ConfUtils.java:logGet(44)) - raft.server.log.queue.element-limit = 1024 (custom)
2020-07-17 19:17:27,426 [pool-190-thread-1] INFO  server.RaftServerConfigKeys (ConfUtils.java:logGet(44)) - raft.server.log.segment.size.max = 1048576 (custom)
2020-07-17 19:17:27,426 [pool-190-thread-1] INFO  server.RaftServerConfigKeys (ConfUtils.java:logGet(44)) - raft.server.log.preallocated.size = 16384 (custom)
2020-07-17 19:17:27,426 [pool-190-thread-1] INFO  server.RaftServerConfigKeys (ConfUtils.java:logGet(44)) - raft.server.log.write.buffer.size = 1048576 (custom)
2020-07-17 19:17:27,426 [pool-190-thread-1] INFO  server.RaftServerConfigKeys (ConfUtils.java:logGet(44)) - raft.server.log.force.sync.num = 128 (default)
2020-07-17 19:17:27,426 [pool-190-thread-1] INFO  server.RaftServerConfigKeys (ConfUtils.java:logGet(44)) - raft.server.log.statemachine.data.sync = true (default)
2020-07-17 19:17:27,426 [pool-190-thread-1] INFO  server.RaftServerConfigKeys (ConfUtils.java:logGet(44)) - raft.server.log.statemachine.data.sync.timeout = 10s (default)
2020-07-17 19:17:27,426 [pool-190-thread-1] INFO  server.RaftServerConfigKeys (ConfUtils.java:logGet(44)) - raft.server.log.statemachine.data.sync.timeout.retry = -1 (default)
2020-07-17 19:17:27,429 [pool-190-thread-1] INFO  server.RaftServerConfigKeys (ConfUtils.java:logGet(44)) - raft.server.log.statemachine.data.caching.enabled = true (custom)
2020-07-17 19:17:27,429 [pool-190-thread-1] INFO  segmented.SegmentedRaftLogWorker (SegmentedRaftLogWorker.java:lambda$new$0(129)) - b62614be-6cdc-4599-9b61-ac2094d3efd2@group-A57F0B006D91-SegmentedRaftLogWorker: flushIndex: setUnconditionally 0 -> -1
2020-07-17 19:17:27,429 [pool-190-thread-1] INFO  segmented.SegmentedRaftLogWorker (SegmentedRaftLogWorker.java:lambda$new$0(129)) - b62614be-6cdc-4599-9b61-ac2094d3efd2@group-A57F0B006D91-SegmentedRaftLogWorker: safeCacheEvictIndex: setUnconditionally 0 -> -1
2020-07-17 19:17:27,429 [pool-190-thread-1] INFO  server.RaftServerConfigKeys (ConfUtils.java:logGet(44)) - raft.server.snapshot.auto.trigger.enabled = true (custom)
2020-07-17 19:17:27,429 [pool-190-thread-1] INFO  server.RaftServerConfigKeys (ConfUtils.java:logGet(44)) - raft.server.snapshot.auto.trigger.threshold = 10000 (custom)
2020-07-17 19:17:27,429 [pool-190-thread-1] INFO  server.RaftServerConfigKeys (ConfUtils.java:logGet(44)) - raft.server.snapshot.retention.file.num = 5 (custom)
2020-07-17 19:17:27,430 [pool-190-thread-1] INFO  server.RaftServerConfigKeys (ConfUtils.java:logGet(44)) - raft.server.log.purge.upto.snapshot.index = false (default)
2020-07-17 19:17:27,430 [pool-190-thread-1] INFO  server.RaftServerConfigKeys (ConfUtils.java:logGet(44)) - raft.server.retrycache.expirytime = 600000ms (custom)
2020-07-17 19:17:27,430 [pool-190-thread-1] INFO  metrics.RatisMetrics (RatisMetrics.java:lambda$create$0(36)) - Creating Metrics Registry : ratis.leader_election.b62614be-6cdc-4599-9b61-ac2094d3efd2@group-A57F0B006D91
2020-07-17 19:17:27,430 [pool-190-thread-1] INFO  metrics.RatisMetrics (RatisMetrics.java:lambda$create$0(36)) - Creating Metrics Registry : ratis.server.b62614be-6cdc-4599-9b61-ac2094d3efd2@group-A57F0B006D91
2020-07-17 19:17:27,431 [pool-190-thread-1] INFO  impl.RaftServerImpl (RaftServerImpl.java:start(186)) - b62614be-6cdc-4599-9b61-ac2094d3efd2@group-A57F0B006D91: start as a follower, conf=-1: [4747afbe-90ee-49f5-a182-8531c2527e8f:172.17.0.2:32933, b62614be-6cdc-4599-9b61-ac2094d3efd2:172.17.0.2:33125, 12697ddf-1b16-4057-bfeb-ac6f3e0803f5:172.17.0.2:39397], old=null
2020-07-17 19:17:27,431 [pool-190-thread-1] INFO  impl.RaftServerImpl (RaftServerImpl.java:setRole(175)) - b62614be-6cdc-4599-9b61-ac2094d3efd2@group-A57F0B006D91: changes role from      null to FOLLOWER at term 0 for startAsFollower
2020-07-17 19:17:27,432 [pool-190-thread-1] INFO  impl.RoleInfo (RoleInfo.java:updateAndGet(143)) - b62614be-6cdc-4599-9b61-ac2094d3efd2: start FollowerState
2020-07-17 19:17:27,432 [pool-190-thread-1] INFO  util.JmxRegister (JmxRegister.java:tryRegister(44)) - Successfully registered JMX Bean with object name Ratis:service=RaftServer,group=group-A57F0B006D91,id=b62614be-6cdc-4599-9b61-ac2094d3efd2
2020-07-17 19:17:27,432 [pool-190-thread-1] INFO  metrics.RatisMetrics (RatisMetrics.java:lambda$create$0(36)) - Creating Metrics Registry : ratis.state_machine.b62614be-6cdc-4599-9b61-ac2094d3efd2@group-A57F0B006D91
2020-07-17 19:17:27,437 [Command processor thread] INFO  commandhandler.CreatePipelineCommandHandler (CreatePipelineCommandHandler.java:handle(109)) - Created Pipeline RATIS THREE #id: "2f0cf332-3743-4af2-9cda-a57f0b006d91"
uuid128 {
  mostSigBits: 3390352016504212210
  leastSigBits: -7144215893805863535
}
.
2020-07-17 19:17:27,451 [Command processor thread] INFO  impl.RaftServerProxy (RaftServerProxy.java:addNew(89)) - 4747afbe-90ee-49f5-a182-8531c2527e8f: addNew group-A94371DAC0B1:[4747afbe-90ee-49f5-a182-8531c2527e8f:172.17.0.2:32933] returns group-A94371DAC0B1:java.util.concurrent.CompletableFuture@2918ced9[Not completed]
2020-07-17 19:17:27,452 [pool-175-thread-1] INFO  impl.RaftServerImpl (RaftServerImpl.java:<init>(99)) - 4747afbe-90ee-49f5-a182-8531c2527e8f: new RaftServerImpl for group-A94371DAC0B1:[4747afbe-90ee-49f5-a182-8531c2527e8f:172.17.0.2:32933] with ContainerStateMachine:uninitialized
2020-07-17 19:17:27,452 [pool-175-thread-1] INFO  server.RaftServerConfigKeys (ConfUtils.java:logGet(44)) - raft.server.rpc.timeout.min = 5s (custom)
2020-07-17 19:17:27,452 [pool-175-thread-1] INFO  server.RaftServerConfigKeys (ConfUtils.java:logGet(44)) - raft.server.rpc.timeout.max = 5200ms (custom)
2020-07-17 19:17:27,453 [pool-175-thread-1] INFO  server.RaftServerConfigKeys (ConfUtils.java:logGet(44)) - raft.server.rpcslowness.timeout = 300000ms (custom)
2020-07-17 19:17:27,453 [pool-175-thread-1] INFO  server.RaftServerConfigKeys (ConfUtils.java:logGet(44)) - raft.server.sleep.deviation.threshold = 300 (default)
2020-07-17 19:17:27,453 [pool-175-thread-1] INFO  server.RaftServerConfigKeys (ConfUtils.java:logGet(44)) - raft.server.log.appender.install.snapshot.enabled = false (custom)
2020-07-17 19:17:27,453 [pool-175-thread-1] INFO  impl.RaftServerImpl (ServerState.java:<init>(103)) - 4747afbe-90ee-49f5-a182-8531c2527e8f@group-A94371DAC0B1: ConfigurationManager, init=-1: [4747afbe-90ee-49f5-a182-8531c2527e8f:172.17.0.2:32933], old=null, confs=<EMPTY_MAP>
2020-07-17 19:17:27,453 [pool-175-thread-1] INFO  server.RaftServerConfigKeys (ConfUtils.java:logGet(44)) - raft.server.storage.dir = [/github/workspace/mnt/ozone/hadoop-ozone/integration-test/target/test-dir/MiniOzoneClusterImpl-c590ab3c-c15e-4809-9b68-32eb717c380c/datanode-1/data/ratis] (custom)
2020-07-17 19:17:27,453 [pool-175-thread-1] INFO  server.RaftServerConfigKeys (ConfUtils.java:logGet(44)) - raft.server.log.corruption.policy = EXCEPTION (default)
2020-07-17 19:17:27,453 [pool-175-thread-1] INFO  storage.RaftStorageDirectory (RaftStorageDirectory.java:analyzeStorage(261)) - The storage directory /github/workspace/mnt/ozone/hadoop-ozone/integration-test/target/test-dir/MiniOzoneClusterImpl-c590ab3c-c15e-4809-9b68-32eb717c380c/datanode-1/data/ratis/fa8257d5-b38a-4f90-8f41-a94371dac0b1 does not exist. Creating ...
2020-07-17 19:17:27,454 [pool-175-thread-1] INFO  storage.RaftStorageDirectory (RaftStorageDirectory.java:tryLock(343)) - Lock on /github/workspace/mnt/ozone/hadoop-ozone/integration-test/target/test-dir/MiniOzoneClusterImpl-c590ab3c-c15e-4809-9b68-32eb717c380c/datanode-1/data/ratis/fa8257d5-b38a-4f90-8f41-a94371dac0b1/in_use.lock acquired by nodename 5742@9afa6d03cd7d
2020-07-17 19:17:27,455 [pool-175-thread-1] INFO  storage.RaftStorage (RaftStorage.java:format(84)) - Storage directory /github/workspace/mnt/ozone/hadoop-ozone/integration-test/target/test-dir/MiniOzoneClusterImpl-c590ab3c-c15e-4809-9b68-32eb717c380c/datanode-1/data/ratis/fa8257d5-b38a-4f90-8f41-a94371dac0b1 has been successfully formatted.
2020-07-17 19:17:27,456 [pool-175-thread-1] INFO  ratis.ContainerStateMachine (ContainerStateMachine.java:loadSnapshot(225)) - group-A94371DAC0B1: The snapshot info is null. Setting the last applied indexto:(t:0, i:~)
2020-07-17 19:17:27,456 [pool-175-thread-1] INFO  server.RaftServerConfigKeys (ConfUtils.java:logGet(44)) - raft.server.notification.no-leader.timeout = 300000ms (custom)
2020-07-17 19:17:27,456 [pool-175-thread-1] INFO  server.RaftServerConfigKeys (ConfUtils.java:logGet(44)) - raft.server.log.use.memory = false (default)
2020-07-17 19:17:27,456 [pool-175-thread-1] INFO  server.RaftServerConfigKeys (ConfUtils.java:logGet(44)) - raft.server.log.purge.gap = 1000000 (custom)
2020-07-17 19:17:27,456 [pool-175-thread-1] INFO  server.RaftServerConfigKeys (ConfUtils.java:logGet(44)) - raft.server.log.appender.buffer.byte-limit = 33554432 (custom)
2020-07-17 19:17:27,456 [pool-175-thread-1] INFO  server.RaftServerConfigKeys (ConfUtils.java:logGet(44)) - raft.server.log.segment.size.max = 1048576 (custom)
2020-07-17 19:17:27,456 [pool-175-thread-1] INFO  metrics.RatisMetrics (RatisMetrics.java:lambda$create$0(36)) - Creating Metrics Registry : ratis.log_worker.4747afbe-90ee-49f5-a182-8531c2527e8f@group-A94371DAC0B1
2020-07-17 19:17:27,457 [pool-175-thread-1] INFO  server.RaftServerConfigKeys (ConfUtils.java:logGet(44)) - raft.server.log.segment.cache.num.max = 2 (custom)
2020-07-17 19:17:27,457 [EventQueue-PipelineReportForPipelineReportHandler] INFO  pipeline.PipelineStateManager (PipelineStateManager.java:openPipeline(131)) - Pipeline Pipeline[ Id: fa8257d5-b38a-4f90-8f41-a94371dac0b1, Nodes: 4747afbe-90ee-49f5-a182-8531c2527e8f{ip: 172.17.0.2, host: 9afa6d03cd7d, networkLocation: /default-rack, certSerialId: null}, Type:RATIS, Factor:ONE, State:ALLOCATED, leaderId:4747afbe-90ee-49f5-a182-8531c2527e8f, CreationTimestamp2020-07-17T19:17:24.453Z] moved to OPEN state
2020-07-17 19:17:27,457 [EventQueue-OpenPipelineForOneReplicaPipelineSafeModeRule] INFO  safemode.SCMSafeModeManager (SCMSafeModeManager.java:validateSafeModeExitRules(214)) - AtleastOneDatanodeReportedRule rule is successfully validated
2020-07-17 19:17:27,457 [EventQueue-OpenPipelineForHealthyPipelineSafeModeRule] INFO  safemode.SCMSafeModeManager (HealthyPipelineSafeModeRule.java:process(129)) - SCM in safe mode. Healthy pipelines reported count is 0, required healthy pipeline reported count is 1
2020-07-17 19:17:27,458 [pool-175-thread-1] INFO  segmented.SegmentedRaftLogWorker (SegmentedRaftLogWorker.java:<init>(180)) - new 4747afbe-90ee-49f5-a182-8531c2527e8f@group-A94371DAC0B1-SegmentedRaftLogWorker for RaftStorage:Storage Directory /github/workspace/mnt/ozone/hadoop-ozone/integration-test/target/test-dir/MiniOzoneClusterImpl-c590ab3c-c15e-4809-9b68-32eb717c380c/datanode-1/data/ratis/fa8257d5-b38a-4f90-8f41-a94371dac0b1
2020-07-17 19:17:27,458 [pool-175-thread-1] INFO  server.RaftServerConfigKeys (ConfUtils.java:logGet(44)) - raft.server.log.queue.byte-limit = 2147483647 (custom)
2020-07-17 19:17:27,458 [pool-175-thread-1] INFO  server.RaftServerConfigKeys (ConfUtils.java:logGet(44)) - raft.server.log.queue.element-limit = 1024 (custom)
2020-07-17 19:17:27,458 [pool-175-thread-1] INFO  server.RaftServerConfigKeys (ConfUtils.java:logGet(44)) - raft.server.log.segment.size.max = 1048576 (custom)
2020-07-17 19:17:27,458 [pool-175-thread-1] INFO  server.RaftServerConfigKeys (ConfUtils.java:logGet(44)) - raft.server.log.preallocated.size = 16384 (custom)
2020-07-17 19:17:27,458 [pool-175-thread-1] INFO  server.RaftServerConfigKeys (ConfUtils.java:logGet(44)) - raft.server.log.write.buffer.size = 1048576 (custom)
2020-07-17 19:17:27,458 [pool-175-thread-1] INFO  server.RaftServerConfigKeys (ConfUtils.java:logGet(44)) - raft.server.log.force.sync.num = 128 (default)
2020-07-17 19:17:27,458 [pool-175-thread-1] INFO  server.RaftServerConfigKeys (ConfUtils.java:logGet(44)) - raft.server.log.statemachine.data.sync = true (default)
2020-07-17 19:17:27,459 [pool-175-thread-1] INFO  server.RaftServerConfigKeys (ConfUtils.java:logGet(44)) - raft.server.log.statemachine.data.sync.timeout = 10s (default)
2020-07-17 19:17:27,459 [pool-175-thread-1] INFO  server.RaftServerConfigKeys (ConfUtils.java:logGet(44)) - raft.server.log.statemachine.data.sync.timeout.retry = -1 (default)
2020-07-17 19:17:27,460 [pool-175-thread-1] INFO  server.RaftServerConfigKeys (ConfUtils.java:logGet(44)) - raft.server.log.statemachine.data.caching.enabled = true (custom)
2020-07-17 19:17:27,460 [pool-175-thread-1] INFO  segmented.SegmentedRaftLogWorker (SegmentedRaftLogWorker.java:lambda$new$0(129)) - 4747afbe-90ee-49f5-a182-8531c2527e8f@group-A94371DAC0B1-SegmentedRaftLogWorker: flushIndex: setUnconditionally 0 -> -1
2020-07-17 19:17:27,460 [pool-175-thread-1] INFO  segmented.SegmentedRaftLogWorker (SegmentedRaftLogWorker.java:lambda$new$0(129)) - 4747afbe-90ee-49f5-a182-8531c2527e8f@group-A94371DAC0B1-SegmentedRaftLogWorker: safeCacheEvictIndex: setUnconditionally 0 -> -1
2020-07-17 19:17:27,461 [pool-175-thread-1] INFO  server.RaftServerConfigKeys (ConfUtils.java:logGet(44)) - raft.server.snapshot.auto.trigger.enabled = true (custom)
2020-07-17 19:17:27,461 [pool-175-thread-1] INFO  server.RaftServerConfigKeys (ConfUtils.java:logGet(44)) - raft.server.snapshot.auto.trigger.threshold = 10000 (custom)
2020-07-17 19:17:27,461 [pool-175-thread-1] INFO  server.RaftServerConfigKeys (ConfUtils.java:logGet(44)) - raft.server.snapshot.retention.file.num = 5 (custom)
2020-07-17 19:17:27,461 [pool-175-thread-1] INFO  server.RaftServerConfigKeys (ConfUtils.java:logGet(44)) - raft.server.log.purge.upto.snapshot.index = false (default)
2020-07-17 19:17:27,461 [pool-175-thread-1] INFO  server.RaftServerConfigKeys (ConfUtils.java:logGet(44)) - raft.server.retrycache.expirytime = 600000ms (custom)
2020-07-17 19:17:27,461 [pool-175-thread-1] INFO  metrics.RatisMetrics (RatisMetrics.java:lambda$create$0(36)) - Creating Metrics Registry : ratis.leader_election.4747afbe-90ee-49f5-a182-8531c2527e8f@group-A94371DAC0B1
2020-07-17 19:17:27,462 [pool-175-thread-1] INFO  metrics.RatisMetrics (RatisMetrics.java:lambda$create$0(36)) - Creating Metrics Registry : ratis.server.4747afbe-90ee-49f5-a182-8531c2527e8f@group-A94371DAC0B1
2020-07-17 19:17:27,463 [pool-175-thread-1] INFO  impl.RaftServerImpl (RaftServerImpl.java:start(186)) - 4747afbe-90ee-49f5-a182-8531c2527e8f@group-A94371DAC0B1: start as a follower, conf=-1: [4747afbe-90ee-49f5-a182-8531c2527e8f:172.17.0.2:32933], old=null
2020-07-17 19:17:27,463 [pool-175-thread-1] INFO  impl.RaftServerImpl (RaftServerImpl.java:setRole(175)) - 4747afbe-90ee-49f5-a182-8531c2527e8f@group-A94371DAC0B1: changes role from      null to FOLLOWER at term 0 for startAsFollower
2020-07-17 19:17:27,463 [pool-175-thread-1] INFO  impl.RoleInfo (RoleInfo.java:updateAndGet(143)) - 4747afbe-90ee-49f5-a182-8531c2527e8f: start FollowerState
2020-07-17 19:17:27,464 [pool-175-thread-1] INFO  util.JmxRegister (JmxRegister.java:tryRegister(44)) - Successfully registered JMX Bean with object name Ratis:service=RaftServer,group=group-A94371DAC0B1,id=4747afbe-90ee-49f5-a182-8531c2527e8f
2020-07-17 19:17:27,464 [pool-175-thread-1] INFO  metrics.RatisMetrics (RatisMetrics.java:lambda$create$0(36)) - Creating Metrics Registry : ratis.state_machine.4747afbe-90ee-49f5-a182-8531c2527e8f@group-A94371DAC0B1
2020-07-17 19:17:27,466 [Command processor thread] INFO  commandhandler.CreatePipelineCommandHandler (CreatePipelineCommandHandler.java:handle(109)) - Created Pipeline RATIS ONE #id: "fa8257d5-b38a-4f90-8f41-a94371dac0b1"
uuid128 {
  mostSigBits: -395657241903345776
  leastSigBits: -8124026145661599567
}
.
2020-07-17 19:17:27,559 [Command processor thread] INFO  impl.RaftServerProxy (RaftServerProxy.java:addNew(89)) - b62614be-6cdc-4599-9b61-ac2094d3efd2: addNew group-1E8D9CB792E8:[b62614be-6cdc-4599-9b61-ac2094d3efd2:172.17.0.2:33125] returns group-1E8D9CB792E8:java.util.concurrent.CompletableFuture@1bc57cbb[Not completed]
2020-07-17 19:17:27,560 [pool-190-thread-1] INFO  impl.RaftServerImpl (RaftServerImpl.java:<init>(99)) - b62614be-6cdc-4599-9b61-ac2094d3efd2: new RaftServerImpl for group-1E8D9CB792E8:[b62614be-6cdc-4599-9b61-ac2094d3efd2:172.17.0.2:33125] with ContainerStateMachine:uninitialized
2020-07-17 19:17:27,560 [pool-190-thread-1] INFO  server.RaftServerConfigKeys (ConfUtils.java:logGet(44)) - raft.server.rpc.timeout.min = 5s (custom)
2020-07-17 19:17:27,560 [pool-190-thread-1] INFO  server.RaftServerConfigKeys (ConfUtils.java:logGet(44)) - raft.server.rpc.timeout.max = 5200ms (custom)
2020-07-17 19:17:27,560 [pool-190-thread-1] INFO  server.RaftServerConfigKeys (ConfUtils.java:logGet(44)) - raft.server.rpcslowness.timeout = 300000ms (custom)
2020-07-17 19:17:27,560 [pool-190-thread-1] INFO  server.RaftServerConfigKeys (ConfUtils.java:logGet(44)) - raft.server.sleep.deviation.threshold = 300 (default)
2020-07-17 19:17:27,560 [pool-190-thread-1] INFO  server.RaftServerConfigKeys (ConfUtils.java:logGet(44)) - raft.server.log.appender.install.snapshot.enabled = false (custom)
2020-07-17 19:17:27,561 [pool-190-thread-1] INFO  impl.RaftServerImpl (ServerState.java:<init>(103)) - b62614be-6cdc-4599-9b61-ac2094d3efd2@group-1E8D9CB792E8: ConfigurationManager, init=-1: [b62614be-6cdc-4599-9b61-ac2094d3efd2:172.17.0.2:33125], old=null, confs=<EMPTY_MAP>
2020-07-17 19:17:27,561 [pool-190-thread-1] INFO  server.RaftServerConfigKeys (ConfUtils.java:logGet(44)) - raft.server.storage.dir = [/github/workspace/mnt/ozone/hadoop-ozone/integration-test/target/test-dir/MiniOzoneClusterImpl-c590ab3c-c15e-4809-9b68-32eb717c380c/datanode-2/data/ratis] (custom)
2020-07-17 19:17:27,561 [pool-190-thread-1] INFO  server.RaftServerConfigKeys (ConfUtils.java:logGet(44)) - raft.server.log.corruption.policy = EXCEPTION (default)
2020-07-17 19:17:27,561 [pool-190-thread-1] INFO  storage.RaftStorageDirectory (RaftStorageDirectory.java:analyzeStorage(261)) - The storage directory /github/workspace/mnt/ozone/hadoop-ozone/integration-test/target/test-dir/MiniOzoneClusterImpl-c590ab3c-c15e-4809-9b68-32eb717c380c/datanode-2/data/ratis/7d1f19cb-8034-4257-b48b-1e8d9cb792e8 does not exist. Creating ...
2020-07-17 19:17:27,562 [pool-190-thread-1] INFO  storage.RaftStorageDirectory (RaftStorageDirectory.java:tryLock(343)) - Lock on /github/workspace/mnt/ozone/hadoop-ozone/integration-test/target/test-dir/MiniOzoneClusterImpl-c590ab3c-c15e-4809-9b68-32eb717c380c/datanode-2/data/ratis/7d1f19cb-8034-4257-b48b-1e8d9cb792e8/in_use.lock acquired by nodename 5742@9afa6d03cd7d
2020-07-17 19:17:27,563 [pool-190-thread-1] INFO  storage.RaftStorage (RaftStorage.java:format(84)) - Storage directory /github/workspace/mnt/ozone/hadoop-ozone/integration-test/target/test-dir/MiniOzoneClusterImpl-c590ab3c-c15e-4809-9b68-32eb717c380c/datanode-2/data/ratis/7d1f19cb-8034-4257-b48b-1e8d9cb792e8 has been successfully formatted.
2020-07-17 19:17:27,564 [pool-190-thread-1] INFO  ratis.ContainerStateMachine (ContainerStateMachine.java:loadSnapshot(225)) - group-1E8D9CB792E8: The snapshot info is null. Setting the last applied indexto:(t:0, i:~)
2020-07-17 19:17:27,564 [pool-190-thread-1] INFO  server.RaftServerConfigKeys (ConfUtils.java:logGet(44)) - raft.server.notification.no-leader.timeout = 300000ms (custom)
2020-07-17 19:17:27,564 [pool-190-thread-1] INFO  server.RaftServerConfigKeys (ConfUtils.java:logGet(44)) - raft.server.log.use.memory = false (default)
2020-07-17 19:17:27,564 [pool-190-thread-1] INFO  server.RaftServerConfigKeys (ConfUtils.java:logGet(44)) - raft.server.log.purge.gap = 1000000 (custom)
2020-07-17 19:17:27,564 [pool-190-thread-1] INFO  server.RaftServerConfigKeys (ConfUtils.java:logGet(44)) - raft.server.log.appender.buffer.byte-limit = 33554432 (custom)
2020-07-17 19:17:27,564 [pool-190-thread-1] INFO  server.RaftServerConfigKeys (ConfUtils.java:logGet(44)) - raft.server.log.segment.size.max = 1048576 (custom)
2020-07-17 19:17:27,565 [pool-190-thread-1] INFO  metrics.RatisMetrics (RatisMetrics.java:lambda$create$0(36)) - Creating Metrics Registry : ratis.log_worker.b62614be-6cdc-4599-9b61-ac2094d3efd2@group-1E8D9CB792E8
2020-07-17 19:17:27,565 [EventQueue-PipelineReportForPipelineReportHandler] INFO  pipeline.PipelineStateManager (PipelineStateManager.java:openPipeline(131)) - Pipeline Pipeline[ Id: 7d1f19cb-8034-4257-b48b-1e8d9cb792e8, Nodes: b62614be-6cdc-4599-9b61-ac2094d3efd2{ip: 172.17.0.2, host: 9afa6d03cd7d, networkLocation: /default-rack, certSerialId: null}, Type:RATIS, Factor:ONE, State:ALLOCATED, leaderId:b62614be-6cdc-4599-9b61-ac2094d3efd2, CreationTimestamp2020-07-17T19:17:24.561Z] moved to OPEN state
2020-07-17 19:17:27,565 [EventQueue-OpenPipelineForOneReplicaPipelineSafeModeRule] INFO  safemode.SCMSafeModeManager (SCMSafeModeManager.java:validateSafeModeExitRules(214)) - AtleastOneDatanodeReportedRule rule is successfully validated
2020-07-17 19:17:27,565 [EventQueue-OpenPipelineForHealthyPipelineSafeModeRule] INFO  safemode.SCMSafeModeManager (HealthyPipelineSafeModeRule.java:process(129)) - SCM in safe mode. Healthy pipelines reported count is 0, required healthy pipeline reported count is 1
2020-07-17 19:17:27,565 [pool-190-thread-1] INFO  server.RaftServerConfigKeys (ConfUtils.java:logGet(44)) - raft.server.log.segment.cache.num.max = 2 (custom)
2020-07-17 19:17:27,565 [pool-190-thread-1] INFO  segmented.SegmentedRaftLogWorker (SegmentedRaftLogWorker.java:<init>(180)) - new b62614be-6cdc-4599-9b61-ac2094d3efd2@group-1E8D9CB792E8-SegmentedRaftLogWorker for RaftStorage:Storage Directory /github/workspace/mnt/ozone/hadoop-ozone/integration-test/target/test-dir/MiniOzoneClusterImpl-c590ab3c-c15e-4809-9b68-32eb717c380c/datanode-2/data/ratis/7d1f19cb-8034-4257-b48b-1e8d9cb792e8
2020-07-17 19:17:27,565 [pool-190-thread-1] INFO  server.RaftServerConfigKeys (ConfUtils.java:logGet(44)) - raft.server.log.queue.byte-limit = 2147483647 (custom)
2020-07-17 19:17:27,566 [pool-190-thread-1] INFO  server.RaftServerConfigKeys (ConfUtils.java:logGet(44)) - raft.server.log.queue.element-limit = 1024 (custom)
2020-07-17 19:17:27,566 [pool-190-thread-1] INFO  server.RaftServerConfigKeys (ConfUtils.java:logGet(44)) - raft.server.log.segment.size.max = 1048576 (custom)
2020-07-17 19:17:27,566 [pool-190-thread-1] INFO  server.RaftServerConfigKeys (ConfUtils.java:logGet(44)) - raft.server.log.preallocated.size = 16384 (custom)
2020-07-17 19:17:27,566 [pool-190-thread-1] INFO  server.RaftServerConfigKeys (ConfUtils.java:logGet(44)) - raft.server.log.write.buffer.size = 1048576 (custom)
2020-07-17 19:17:27,566 [pool-190-thread-1] INFO  server.RaftServerConfigKeys (ConfUtils.java:logGet(44)) - raft.server.log.force.sync.num = 128 (default)
2020-07-17 19:17:27,566 [pool-190-thread-1] INFO  server.RaftServerConfigKeys (ConfUtils.java:logGet(44)) - raft.server.log.statemachine.data.sync = true (default)
2020-07-17 19:17:27,566 [pool-190-thread-1] INFO  server.RaftServerConfigKeys (ConfUtils.java:logGet(44)) - raft.server.log.statemachine.data.sync.timeout = 10s (default)
2020-07-17 19:17:27,566 [pool-190-thread-1] INFO  server.RaftServerConfigKeys (ConfUtils.java:logGet(44)) - raft.server.log.statemachine.data.sync.timeout.retry = -1 (default)
2020-07-17 19:17:27,568 [pool-190-thread-1] INFO  server.RaftServerConfigKeys (ConfUtils.java:logGet(44)) - raft.server.log.statemachine.data.caching.enabled = true (custom)
2020-07-17 19:17:27,569 [pool-190-thread-1] INFO  segmented.SegmentedRaftLogWorker (SegmentedRaftLogWorker.java:lambda$new$0(129)) - b62614be-6cdc-4599-9b61-ac2094d3efd2@group-1E8D9CB792E8-SegmentedRaftLogWorker: flushIndex: setUnconditionally 0 -> -1
2020-07-17 19:17:27,569 [pool-190-thread-1] INFO  segmented.SegmentedRaftLogWorker (SegmentedRaftLogWorker.java:lambda$new$0(129)) - b62614be-6cdc-4599-9b61-ac2094d3efd2@group-1E8D9CB792E8-SegmentedRaftLogWorker: safeCacheEvictIndex: setUnconditionally 0 -> -1
2020-07-17 19:17:27,569 [pool-190-thread-1] INFO  server.RaftServerConfigKeys (ConfUtils.java:logGet(44)) - raft.server.snapshot.auto.trigger.enabled = true (custom)
2020-07-17 19:17:27,569 [pool-190-thread-1] INFO  server.RaftServerConfigKeys (ConfUtils.java:logGet(44)) - raft.server.snapshot.auto.trigger.threshold = 10000 (custom)
2020-07-17 19:17:27,569 [pool-190-thread-1] INFO  server.RaftServerConfigKeys (ConfUtils.java:logGet(44)) - raft.server.snapshot.retention.file.num = 5 (custom)
2020-07-17 19:17:27,569 [pool-190-thread-1] INFO  server.RaftServerConfigKeys (ConfUtils.java:logGet(44)) - raft.server.log.purge.upto.snapshot.index = false (default)
2020-07-17 19:17:27,569 [pool-190-thread-1] INFO  server.RaftServerConfigKeys (ConfUtils.java:logGet(44)) - raft.server.retrycache.expirytime = 600000ms (custom)
2020-07-17 19:17:27,569 [pool-190-thread-1] INFO  metrics.RatisMetrics (RatisMetrics.java:lambda$create$0(36)) - Creating Metrics Registry : ratis.leader_election.b62614be-6cdc-4599-9b61-ac2094d3efd2@group-1E8D9CB792E8
2020-07-17 19:17:27,570 [pool-190-thread-1] INFO  metrics.RatisMetrics (RatisMetrics.java:lambda$create$0(36)) - Creating Metrics Registry : ratis.server.b62614be-6cdc-4599-9b61-ac2094d3efd2@group-1E8D9CB792E8
2020-07-17 19:17:27,571 [pool-190-thread-1] INFO  impl.RaftServerImpl (RaftServerImpl.java:start(186)) - b62614be-6cdc-4599-9b61-ac2094d3efd2@group-1E8D9CB792E8: start as a follower, conf=-1: [b62614be-6cdc-4599-9b61-ac2094d3efd2:172.17.0.2:33125], old=null
2020-07-17 19:17:27,571 [pool-190-thread-1] INFO  impl.RaftServerImpl (RaftServerImpl.java:setRole(175)) - b62614be-6cdc-4599-9b61-ac2094d3efd2@group-1E8D9CB792E8: changes role from      null to FOLLOWER at term 0 for startAsFollower
2020-07-17 19:17:27,571 [pool-190-thread-1] INFO  impl.RoleInfo (RoleInfo.java:updateAndGet(143)) - b62614be-6cdc-4599-9b61-ac2094d3efd2: start FollowerState
2020-07-17 19:17:27,571 [pool-190-thread-1] INFO  util.JmxRegister (JmxRegister.java:tryRegister(44)) - Successfully registered JMX Bean with object name Ratis:service=RaftServer,group=group-1E8D9CB792E8,id=b62614be-6cdc-4599-9b61-ac2094d3efd2
2020-07-17 19:17:27,572 [pool-190-thread-1] INFO  metrics.RatisMetrics (RatisMetrics.java:lambda$create$0(36)) - Creating Metrics Registry : ratis.state_machine.b62614be-6cdc-4599-9b61-ac2094d3efd2@group-1E8D9CB792E8
2020-07-17 19:17:27,573 [Command processor thread] INFO  commandhandler.CreatePipelineCommandHandler (CreatePipelineCommandHandler.java:handle(109)) - Created Pipeline RATIS ONE #id: "7d1f19cb-8034-4257-b48b-1e8d9cb792e8"
uuid128 {
  mostSigBits: 9015953340838986327
  leastSigBits: -5437218531551243544
}
.
2020-07-17 19:17:27,699 [Command processor thread] INFO  impl.RaftServerProxy (RaftServerProxy.java:addNew(89)) - f9da59ee-ab34-4454-930b-d6e716de1fdb: addNew group-553252984D10:[f9da59ee-ab34-4454-930b-d6e716de1fdb:172.17.0.2:38153] returns group-553252984D10:java.util.concurrent.CompletableFuture@46c71ecd[Not completed]
2020-07-17 19:17:27,700 [pool-205-thread-1] INFO  impl.RaftServerImpl (RaftServerImpl.java:<init>(99)) - f9da59ee-ab34-4454-930b-d6e716de1fdb: new RaftServerImpl for group-553252984D10:[f9da59ee-ab34-4454-930b-d6e716de1fdb:172.17.0.2:38153] with ContainerStateMachine:uninitialized
2020-07-17 19:17:27,701 [pool-205-thread-1] INFO  server.RaftServerConfigKeys (ConfUtils.java:logGet(44)) - raft.server.rpc.timeout.min = 5s (custom)
2020-07-17 19:17:27,701 [pool-205-thread-1] INFO  server.RaftServerConfigKeys (ConfUtils.java:logGet(44)) - raft.server.rpc.timeout.max = 5200ms (custom)
2020-07-17 19:17:27,701 [pool-205-thread-1] INFO  server.RaftServerConfigKeys (ConfUtils.java:logGet(44)) - raft.server.rpcslowness.timeout = 300000ms (custom)
2020-07-17 19:17:27,701 [pool-205-thread-1] INFO  server.RaftServerConfigKeys (ConfUtils.java:logGet(44)) - raft.server.sleep.deviation.threshold = 300 (default)
2020-07-17 19:17:27,701 [pool-205-thread-1] INFO  server.RaftServerConfigKeys (ConfUtils.java:logGet(44)) - raft.server.log.appender.install.snapshot.enabled = false (custom)
2020-07-17 19:17:27,701 [pool-205-thread-1] INFO  impl.RaftServerImpl (ServerState.java:<init>(103)) - f9da59ee-ab34-4454-930b-d6e716de1fdb@group-553252984D10: ConfigurationManager, init=-1: [f9da59ee-ab34-4454-930b-d6e716de1fdb:172.17.0.2:38153], old=null, confs=<EMPTY_MAP>
2020-07-17 19:17:27,701 [pool-205-thread-1] INFO  server.RaftServerConfigKeys (ConfUtils.java:logGet(44)) - raft.server.storage.dir = [/github/workspace/mnt/ozone/hadoop-ozone/integration-test/target/test-dir/MiniOzoneClusterImpl-c590ab3c-c15e-4809-9b68-32eb717c380c/datanode-3/data/ratis] (custom)
2020-07-17 19:17:27,702 [pool-205-thread-1] INFO  server.RaftServerConfigKeys (ConfUtils.java:logGet(44)) - raft.server.log.corruption.policy = EXCEPTION (default)
2020-07-17 19:17:27,702 [pool-205-thread-1] INFO  storage.RaftStorageDirectory (RaftStorageDirectory.java:analyzeStorage(261)) - The storage directory /github/workspace/mnt/ozone/hadoop-ozone/integration-test/target/test-dir/MiniOzoneClusterImpl-c590ab3c-c15e-4809-9b68-32eb717c380c/datanode-3/data/ratis/d7acc474-d059-4372-95be-553252984d10 does not exist. Creating ...
2020-07-17 19:17:27,703 [pool-205-thread-1] INFO  storage.RaftStorageDirectory (RaftStorageDirectory.java:tryLock(343)) - Lock on /github/workspace/mnt/ozone/hadoop-ozone/integration-test/target/test-dir/MiniOzoneClusterImpl-c590ab3c-c15e-4809-9b68-32eb717c380c/datanode-3/data/ratis/d7acc474-d059-4372-95be-553252984d10/in_use.lock acquired by nodename 5742@9afa6d03cd7d
2020-07-17 19:17:27,704 [pool-205-thread-1] INFO  storage.RaftStorage (RaftStorage.java:format(84)) - Storage directory /github/workspace/mnt/ozone/hadoop-ozone/integration-test/target/test-dir/MiniOzoneClusterImpl-c590ab3c-c15e-4809-9b68-32eb717c380c/datanode-3/data/ratis/d7acc474-d059-4372-95be-553252984d10 has been successfully formatted.
2020-07-17 19:17:27,705 [pool-205-thread-1] INFO  ratis.ContainerStateMachine (ContainerStateMachine.java:loadSnapshot(225)) - group-553252984D10: The snapshot info is null. Setting the last applied indexto:(t:0, i:~)
2020-07-17 19:17:27,705 [pool-205-thread-1] INFO  server.RaftServerConfigKeys (ConfUtils.java:logGet(44)) - raft.server.notification.no-leader.timeout = 300000ms (custom)
2020-07-17 19:17:27,705 [pool-205-thread-1] INFO  server.RaftServerConfigKeys (ConfUtils.java:logGet(44)) - raft.server.log.use.memory = false (default)
2020-07-17 19:17:27,705 [pool-205-thread-1] INFO  server.RaftServerConfigKeys (ConfUtils.java:logGet(44)) - raft.server.log.purge.gap = 1000000 (custom)
2020-07-17 19:17:27,705 [pool-205-thread-1] INFO  server.RaftServerConfigKeys (ConfUtils.java:logGet(44)) - raft.server.log.appender.buffer.byte-limit = 33554432 (custom)
2020-07-17 19:17:27,705 [pool-205-thread-1] INFO  server.RaftServerConfigKeys (ConfUtils.java:logGet(44)) - raft.server.log.segment.size.max = 1048576 (custom)
2020-07-17 19:17:27,705 [pool-205-thread-1] INFO  metrics.RatisMetrics (RatisMetrics.java:lambda$create$0(36)) - Creating Metrics Registry : ratis.log_worker.f9da59ee-ab34-4454-930b-d6e716de1fdb@group-553252984D10
2020-07-17 19:17:27,706 [pool-205-thread-1] INFO  server.RaftServerConfigKeys (ConfUtils.java:logGet(44)) - raft.server.log.segment.cache.num.max = 2 (custom)
2020-07-17 19:17:27,706 [pool-205-thread-1] INFO  segmented.SegmentedRaftLogWorker (SegmentedRaftLogWorker.java:<init>(180)) - new f9da59ee-ab34-4454-930b-d6e716de1fdb@group-553252984D10-SegmentedRaftLogWorker for RaftStorage:Storage Directory /github/workspace/mnt/ozone/hadoop-ozone/integration-test/target/test-dir/MiniOzoneClusterImpl-c590ab3c-c15e-4809-9b68-32eb717c380c/datanode-3/data/ratis/d7acc474-d059-4372-95be-553252984d10
2020-07-17 19:17:27,706 [pool-205-thread-1] INFO  server.RaftServerConfigKeys (ConfUtils.java:logGet(44)) - raft.server.log.queue.byte-limit = 2147483647 (custom)
2020-07-17 19:17:27,706 [pool-205-thread-1] INFO  server.RaftServerConfigKeys (ConfUtils.java:logGet(44)) - raft.server.log.queue.element-limit = 1024 (custom)
2020-07-17 19:17:27,706 [pool-205-thread-1] INFO  server.RaftServerConfigKeys (ConfUtils.java:logGet(44)) - raft.server.log.segment.size.max = 1048576 (custom)
2020-07-17 19:17:27,706 [pool-205-thread-1] INFO  server.RaftServerConfigKeys (ConfUtils.java:logGet(44)) - raft.server.log.preallocated.size = 16384 (custom)
2020-07-17 19:17:27,706 [pool-205-thread-1] INFO  server.RaftServerConfigKeys (ConfUtils.java:logGet(44)) - raft.server.log.write.buffer.size = 1048576 (custom)
2020-07-17 19:17:27,706 [pool-205-thread-1] INFO  server.RaftServerConfigKeys (ConfUtils.java:logGet(44)) - raft.server.log.force.sync.num = 128 (default)
2020-07-17 19:17:27,706 [pool-205-thread-1] INFO  server.RaftServerConfigKeys (ConfUtils.java:logGet(44)) - raft.server.log.statemachine.data.sync = true (default)
2020-07-17 19:17:27,706 [pool-205-thread-1] INFO  server.RaftServerConfigKeys (ConfUtils.java:logGet(44)) - raft.server.log.statemachine.data.sync.timeout = 10s (default)
2020-07-17 19:17:27,706 [pool-205-thread-1] INFO  server.RaftServerConfigKeys (ConfUtils.java:logGet(44)) - raft.server.log.statemachine.data.sync.timeout.retry = -1 (default)
2020-07-17 19:17:27,708 [pool-205-thread-1] INFO  server.RaftServerConfigKeys (ConfUtils.java:logGet(44)) - raft.server.log.statemachine.data.caching.enabled = true (custom)
2020-07-17 19:17:27,708 [pool-205-thread-1] INFO  segmented.SegmentedRaftLogWorker (SegmentedRaftLogWorker.java:lambda$new$0(129)) - f9da59ee-ab34-4454-930b-d6e716de1fdb@group-553252984D10-SegmentedRaftLogWorker: flushIndex: setUnconditionally 0 -> -1
2020-07-17 19:17:27,708 [pool-205-thread-1] INFO  segmented.SegmentedRaftLogWorker (SegmentedRaftLogWorker.java:lambda$new$0(129)) - f9da59ee-ab34-4454-930b-d6e716de1fdb@group-553252984D10-SegmentedRaftLogWorker: safeCacheEvictIndex: setUnconditionally 0 -> -1
2020-07-17 19:17:27,719 [pool-205-thread-1] INFO  server.RaftServerConfigKeys (ConfUtils.java:logGet(44)) - raft.server.snapshot.auto.trigger.enabled = true (custom)
2020-07-17 19:17:27,719 [pool-205-thread-1] INFO  server.RaftServerConfigKeys (ConfUtils.java:logGet(44)) - raft.server.snapshot.auto.trigger.threshold = 10000 (custom)
2020-07-17 19:17:27,720 [pool-205-thread-1] INFO  server.RaftServerConfigKeys (ConfUtils.java:logGet(44)) - raft.server.snapshot.retention.file.num = 5 (custom)
2020-07-17 19:17:27,720 [pool-205-thread-1] INFO  server.RaftServerConfigKeys (ConfUtils.java:logGet(44)) - raft.server.log.purge.upto.snapshot.index = false (default)
2020-07-17 19:17:27,720 [pool-205-thread-1] INFO  server.RaftServerConfigKeys (ConfUtils.java:logGet(44)) - raft.server.retrycache.expirytime = 600000ms (custom)
2020-07-17 19:17:27,720 [pool-205-thread-1] INFO  metrics.RatisMetrics (RatisMetrics.java:lambda$create$0(36)) - Creating Metrics Registry : ratis.leader_election.f9da59ee-ab34-4454-930b-d6e716de1fdb@group-553252984D10
2020-07-17 19:17:27,720 [pool-205-thread-1] INFO  metrics.RatisMetrics (RatisMetrics.java:lambda$create$0(36)) - Creating Metrics Registry : ratis.server.f9da59ee-ab34-4454-930b-d6e716de1fdb@group-553252984D10
2020-07-17 19:17:27,721 [pool-205-thread-1] INFO  impl.RaftServerImpl (RaftServerImpl.java:start(186)) - f9da59ee-ab34-4454-930b-d6e716de1fdb@group-553252984D10: start as a follower, conf=-1: [f9da59ee-ab34-4454-930b-d6e716de1fdb:172.17.0.2:38153], old=null
2020-07-17 19:17:27,721 [pool-205-thread-1] INFO  impl.RaftServerImpl (RaftServerImpl.java:setRole(175)) - f9da59ee-ab34-4454-930b-d6e716de1fdb@group-553252984D10: changes role from      null to FOLLOWER at term 0 for startAsFollower
2020-07-17 19:17:27,722 [pool-205-thread-1] INFO  impl.RoleInfo (RoleInfo.java:updateAndGet(143)) - f9da59ee-ab34-4454-930b-d6e716de1fdb: start FollowerState
2020-07-17 19:17:27,737 [pool-205-thread-1] INFO  util.JmxRegister (JmxRegister.java:tryRegister(44)) - Successfully registered JMX Bean with object name Ratis:service=RaftServer,group=group-553252984D10,id=f9da59ee-ab34-4454-930b-d6e716de1fdb
2020-07-17 19:17:27,737 [pool-205-thread-1] INFO  metrics.RatisMetrics (RatisMetrics.java:lambda$create$0(36)) - Creating Metrics Registry : ratis.state_machine.f9da59ee-ab34-4454-930b-d6e716de1fdb@group-553252984D10
2020-07-17 19:17:27,739 [EventQueue-PipelineReportForPipelineReportHandler] INFO  pipeline.PipelineStateManager (PipelineStateManager.java:openPipeline(131)) - Pipeline Pipeline[ Id: d7acc474-d059-4372-95be-553252984d10, Nodes: f9da59ee-ab34-4454-930b-d6e716de1fdb{ip: 172.17.0.2, host: 9afa6d03cd7d, networkLocation: /default-rack, certSerialId: null}, Type:RATIS, Factor:ONE, State:ALLOCATED, leaderId:f9da59ee-ab34-4454-930b-d6e716de1fdb, CreationTimestamp2020-07-17T19:17:24.700Z] moved to OPEN state
2020-07-17 19:17:27,739 [EventQueue-OpenPipelineForOneReplicaPipelineSafeModeRule] INFO  safemode.SCMSafeModeManager (SCMSafeModeManager.java:validateSafeModeExitRules(214)) - AtleastOneDatanodeReportedRule rule is successfully validated
2020-07-17 19:17:27,739 [EventQueue-OpenPipelineForHealthyPipelineSafeModeRule] INFO  safemode.SCMSafeModeManager (HealthyPipelineSafeModeRule.java:process(129)) - SCM in safe mode. Healthy pipelines reported count is 0, required healthy pipeline reported count is 1
2020-07-17 19:17:27,740 [Command processor thread] INFO  commandhandler.CreatePipelineCommandHandler (CreatePipelineCommandHandler.java:handle(109)) - Created Pipeline RATIS ONE #id: "d7acc474-d059-4372-95be-553252984d10"
uuid128 {
  mostSigBits: -2905731653570051214
  leastSigBits: -7656588641860825840
}
.
2020-07-17 19:17:27,741 [Command processor thread] INFO  impl.RaftServerProxy (RaftServerProxy.java:addNew(89)) - f9da59ee-ab34-4454-930b-d6e716de1fdb: addNew group-AB3D389E7D10:[eb14cfe2-9ec6-48cf-a414-5c9390614653:172.17.0.2:34735, f9da59ee-ab34-4454-930b-d6e716de1fdb:172.17.0.2:38153, ff149fa5-9438-4271-a257-312acf7350ed:172.17.0.2:46309] returns group-AB3D389E7D10:java.util.concurrent.CompletableFuture@42f892cd[Not completed]
2020-07-17 19:17:27,743 [pool-205-thread-1] INFO  impl.RaftServerImpl (RaftServerImpl.java:<init>(99)) - f9da59ee-ab34-4454-930b-d6e716de1fdb: new RaftServerImpl for group-AB3D389E7D10:[eb14cfe2-9ec6-48cf-a414-5c9390614653:172.17.0.2:34735, f9da59ee-ab34-4454-930b-d6e716de1fdb:172.17.0.2:38153, ff149fa5-9438-4271-a257-312acf7350ed:172.17.0.2:46309] with ContainerStateMachine:uninitialized
2020-07-17 19:17:27,743 [pool-205-thread-1] INFO  server.RaftServerConfigKeys (ConfUtils.java:logGet(44)) - raft.server.rpc.timeout.min = 5s (custom)
2020-07-17 19:17:27,743 [pool-205-thread-1] INFO  server.RaftServerConfigKeys (ConfUtils.java:logGet(44)) - raft.server.rpc.timeout.max = 5200ms (custom)
2020-07-17 19:17:27,743 [pool-205-thread-1] INFO  server.RaftServerConfigKeys (ConfUtils.java:logGet(44)) - raft.server.rpcslowness.timeout = 300000ms (custom)
2020-07-17 19:17:27,743 [pool-205-thread-1] INFO  server.RaftServerConfigKeys (ConfUtils.java:logGet(44)) - raft.server.sleep.deviation.threshold = 300 (default)
2020-07-17 19:17:27,743 [pool-205-thread-1] INFO  server.RaftServerConfigKeys (ConfUtils.java:logGet(44)) - raft.server.log.appender.install.snapshot.enabled = false (custom)
2020-07-17 19:17:27,743 [pool-205-thread-1] INFO  impl.RaftServerImpl (ServerState.java:<init>(103)) - f9da59ee-ab34-4454-930b-d6e716de1fdb@group-AB3D389E7D10: ConfigurationManager, init=-1: [eb14cfe2-9ec6-48cf-a414-5c9390614653:172.17.0.2:34735, f9da59ee-ab34-4454-930b-d6e716de1fdb:172.17.0.2:38153, ff149fa5-9438-4271-a257-312acf7350ed:172.17.0.2:46309], old=null, confs=<EMPTY_MAP>
2020-07-17 19:17:27,744 [pool-205-thread-1] INFO  server.RaftServerConfigKeys (ConfUtils.java:logGet(44)) - raft.server.storage.dir = [/github/workspace/mnt/ozone/hadoop-ozone/integration-test/target/test-dir/MiniOzoneClusterImpl-c590ab3c-c15e-4809-9b68-32eb717c380c/datanode-3/data/ratis] (custom)
2020-07-17 19:17:27,744 [pool-205-thread-1] INFO  server.RaftServerConfigKeys (ConfUtils.java:logGet(44)) - raft.server.log.corruption.policy = EXCEPTION (default)
2020-07-17 19:17:27,744 [pool-205-thread-1] INFO  storage.RaftStorageDirectory (RaftStorageDirectory.java:analyzeStorage(261)) - The storage directory /github/workspace/mnt/ozone/hadoop-ozone/integration-test/target/test-dir/MiniOzoneClusterImpl-c590ab3c-c15e-4809-9b68-32eb717c380c/datanode-3/data/ratis/cb6ec86d-2c34-4a3f-918c-ab3d389e7d10 does not exist. Creating ...
2020-07-17 19:17:27,745 [pool-205-thread-1] INFO  storage.RaftStorageDirectory (RaftStorageDirectory.java:tryLock(343)) - Lock on /github/workspace/mnt/ozone/hadoop-ozone/integration-test/target/test-dir/MiniOzoneClusterImpl-c590ab3c-c15e-4809-9b68-32eb717c380c/datanode-3/data/ratis/cb6ec86d-2c34-4a3f-918c-ab3d389e7d10/in_use.lock acquired by nodename 5742@9afa6d03cd7d
2020-07-17 19:17:27,746 [pool-205-thread-1] INFO  storage.RaftStorage (RaftStorage.java:format(84)) - Storage directory /github/workspace/mnt/ozone/hadoop-ozone/integration-test/target/test-dir/MiniOzoneClusterImpl-c590ab3c-c15e-4809-9b68-32eb717c380c/datanode-3/data/ratis/cb6ec86d-2c34-4a3f-918c-ab3d389e7d10 has been successfully formatted.
2020-07-17 19:17:27,746 [pool-205-thread-1] INFO  ratis.ContainerStateMachine (ContainerStateMachine.java:loadSnapshot(225)) - group-AB3D389E7D10: The snapshot info is null. Setting the last applied indexto:(t:0, i:~)
2020-07-17 19:17:27,747 [pool-205-thread-1] INFO  server.RaftServerConfigKeys (ConfUtils.java:logGet(44)) - raft.server.notification.no-leader.timeout = 300000ms (custom)
2020-07-17 19:17:27,747 [pool-205-thread-1] INFO  server.RaftServerConfigKeys (ConfUtils.java:logGet(44)) - raft.server.log.use.memory = false (default)
2020-07-17 19:17:27,747 [pool-205-thread-1] INFO  server.RaftServerConfigKeys (ConfUtils.java:logGet(44)) - raft.server.log.purge.gap = 1000000 (custom)
2020-07-17 19:17:27,747 [pool-205-thread-1] INFO  server.RaftServerConfigKeys (ConfUtils.java:logGet(44)) - raft.server.log.appender.buffer.byte-limit = 33554432 (custom)
2020-07-17 19:17:27,747 [pool-205-thread-1] INFO  server.RaftServerConfigKeys (ConfUtils.java:logGet(44)) - raft.server.log.segment.size.max = 1048576 (custom)
2020-07-17 19:17:27,748 [pool-205-thread-1] INFO  metrics.RatisMetrics (RatisMetrics.java:lambda$create$0(36)) - Creating Metrics Registry : ratis.log_worker.f9da59ee-ab34-4454-930b-d6e716de1fdb@group-AB3D389E7D10
2020-07-17 19:17:27,748 [pool-205-thread-1] INFO  server.RaftServerConfigKeys (ConfUtils.java:logGet(44)) - raft.server.log.segment.cache.num.max = 2 (custom)
2020-07-17 19:17:27,748 [pool-205-thread-1] INFO  segmented.SegmentedRaftLogWorker (SegmentedRaftLogWorker.java:<init>(180)) - new f9da59ee-ab34-4454-930b-d6e716de1fdb@group-AB3D389E7D10-SegmentedRaftLogWorker for RaftStorage:Storage Directory /github/workspace/mnt/ozone/hadoop-ozone/integration-test/target/test-dir/MiniOzoneClusterImpl-c590ab3c-c15e-4809-9b68-32eb717c380c/datanode-3/data/ratis/cb6ec86d-2c34-4a3f-918c-ab3d389e7d10
2020-07-17 19:17:27,748 [pool-205-thread-1] INFO  server.RaftServerConfigKeys (ConfUtils.java:logGet(44)) - raft.server.log.queue.byte-limit = 2147483647 (custom)
2020-07-17 19:17:27,748 [pool-205-thread-1] INFO  server.RaftServerConfigKeys (ConfUtils.java:logGet(44)) - raft.server.log.queue.element-limit = 1024 (custom)
2020-07-17 19:17:27,748 [pool-205-thread-1] INFO  server.RaftServerConfigKeys (ConfUtils.java:logGet(44)) - raft.server.log.segment.size.max = 1048576 (custom)
2020-07-17 19:17:27,748 [pool-205-thread-1] INFO  server.RaftServerConfigKeys (ConfUtils.java:logGet(44)) - raft.server.log.preallocated.size = 16384 (custom)
2020-07-17 19:17:27,748 [pool-205-thread-1] INFO  server.RaftServerConfigKeys (ConfUtils.java:logGet(44)) - raft.server.log.write.buffer.size = 1048576 (custom)
2020-07-17 19:17:27,749 [pool-205-thread-1] INFO  server.RaftServerConfigKeys (ConfUtils.java:logGet(44)) - raft.server.log.force.sync.num = 128 (default)
2020-07-17 19:17:27,749 [pool-205-thread-1] INFO  server.RaftServerConfigKeys (ConfUtils.java:logGet(44)) - raft.server.log.statemachine.data.sync = true (default)
2020-07-17 19:17:27,749 [pool-205-thread-1] INFO  server.RaftServerConfigKeys (ConfUtils.java:logGet(44)) - raft.server.log.statemachine.data.sync.timeout = 10s (default)
2020-07-17 19:17:27,749 [pool-205-thread-1] INFO  server.RaftServerConfigKeys (ConfUtils.java:logGet(44)) - raft.server.log.statemachine.data.sync.timeout.retry = -1 (default)
2020-07-17 19:17:27,751 [pool-205-thread-1] INFO  server.RaftServerConfigKeys (ConfUtils.java:logGet(44)) - raft.server.log.statemachine.data.caching.enabled = true (custom)
2020-07-17 19:17:27,751 [pool-205-thread-1] INFO  segmented.SegmentedRaftLogWorker (SegmentedRaftLogWorker.java:lambda$new$0(129)) - f9da59ee-ab34-4454-930b-d6e716de1fdb@group-AB3D389E7D10-SegmentedRaftLogWorker: flushIndex: setUnconditionally 0 -> -1
2020-07-17 19:17:27,751 [pool-205-thread-1] INFO  segmented.SegmentedRaftLogWorker (SegmentedRaftLogWorker.java:lambda$new$0(129)) - f9da59ee-ab34-4454-930b-d6e716de1fdb@group-AB3D389E7D10-SegmentedRaftLogWorker: safeCacheEvictIndex: setUnconditionally 0 -> -1
2020-07-17 19:17:27,751 [pool-205-thread-1] INFO  server.RaftServerConfigKeys (ConfUtils.java:logGet(44)) - raft.server.snapshot.auto.trigger.enabled = true (custom)
2020-07-17 19:17:27,751 [pool-205-thread-1] INFO  server.RaftServerConfigKeys (ConfUtils.java:logGet(44)) - raft.server.snapshot.auto.trigger.threshold = 10000 (custom)
2020-07-17 19:17:27,751 [pool-205-thread-1] INFO  server.RaftServerConfigKeys (ConfUtils.java:logGet(44)) - raft.server.snapshot.retention.file.num = 5 (custom)
2020-07-17 19:17:27,751 [pool-205-thread-1] INFO  server.RaftServerConfigKeys (ConfUtils.java:logGet(44)) - raft.server.log.purge.upto.snapshot.index = false (default)
2020-07-17 19:17:27,752 [pool-205-thread-1] INFO  server.RaftServerConfigKeys (ConfUtils.java:logGet(44)) - raft.server.retrycache.expirytime = 600000ms (custom)
2020-07-17 19:17:27,752 [pool-205-thread-1] INFO  metrics.RatisMetrics (RatisMetrics.java:lambda$create$0(36)) - Creating Metrics Registry : ratis.leader_election.f9da59ee-ab34-4454-930b-d6e716de1fdb@group-AB3D389E7D10
2020-07-17 19:17:27,752 [pool-205-thread-1] INFO  metrics.RatisMetrics (RatisMetrics.java:lambda$create$0(36)) - Creating Metrics Registry : ratis.server.f9da59ee-ab34-4454-930b-d6e716de1fdb@group-AB3D389E7D10
2020-07-17 19:17:27,754 [pool-205-thread-1] INFO  impl.RaftServerImpl (RaftServerImpl.java:start(186)) - f9da59ee-ab34-4454-930b-d6e716de1fdb@group-AB3D389E7D10: start as a follower, conf=-1: [eb14cfe2-9ec6-48cf-a414-5c9390614653:172.17.0.2:34735, f9da59ee-ab34-4454-930b-d6e716de1fdb:172.17.0.2:38153, ff149fa5-9438-4271-a257-312acf7350ed:172.17.0.2:46309], old=null
2020-07-17 19:17:27,754 [pool-205-thread-1] INFO  impl.RaftServerImpl (RaftServerImpl.java:setRole(175)) - f9da59ee-ab34-4454-930b-d6e716de1fdb@group-AB3D389E7D10: changes role from      null to FOLLOWER at term 0 for startAsFollower
2020-07-17 19:17:27,754 [pool-205-thread-1] INFO  impl.RoleInfo (RoleInfo.java:updateAndGet(143)) - f9da59ee-ab34-4454-930b-d6e716de1fdb: start FollowerState
2020-07-17 19:17:27,759 [pool-205-thread-1] INFO  util.JmxRegister (JmxRegister.java:tryRegister(44)) - Successfully registered JMX Bean with object name Ratis:service=RaftServer,group=group-AB3D389E7D10,id=f9da59ee-ab34-4454-930b-d6e716de1fdb
2020-07-17 19:17:27,760 [pool-205-thread-1] INFO  metrics.RatisMetrics (RatisMetrics.java:lambda$create$0(36)) - Creating Metrics Registry : ratis.state_machine.f9da59ee-ab34-4454-930b-d6e716de1fdb@group-AB3D389E7D10
2020-07-17 19:17:27,772 [grpc-default-executor-1] INFO  impl.RaftServerProxy (RaftServerProxy.java:addNew(89)) - eb14cfe2-9ec6-48cf-a414-5c9390614653: addNew group-AB3D389E7D10:[eb14cfe2-9ec6-48cf-a414-5c9390614653:172.17.0.2:34735, f9da59ee-ab34-4454-930b-d6e716de1fdb:172.17.0.2:38153, ff149fa5-9438-4271-a257-312acf7350ed:172.17.0.2:46309] returns group-AB3D389E7D10:java.util.concurrent.CompletableFuture@78840a48[Not completed]
2020-07-17 19:17:27,773 [pool-235-thread-1] INFO  impl.RaftServerImpl (RaftServerImpl.java:<init>(99)) - eb14cfe2-9ec6-48cf-a414-5c9390614653: new RaftServerImpl for group-AB3D389E7D10:[eb14cfe2-9ec6-48cf-a414-5c9390614653:172.17.0.2:34735, f9da59ee-ab34-4454-930b-d6e716de1fdb:172.17.0.2:38153, ff149fa5-9438-4271-a257-312acf7350ed:172.17.0.2:46309] with ContainerStateMachine:uninitialized
2020-07-17 19:17:27,775 [pool-235-thread-1] INFO  server.RaftServerConfigKeys (ConfUtils.java:logGet(44)) - raft.server.rpc.timeout.min = 5s (custom)
2020-07-17 19:17:27,775 [pool-235-thread-1] INFO  server.RaftServerConfigKeys (ConfUtils.java:logGet(44)) - raft.server.rpc.timeout.max = 5200ms (custom)
2020-07-17 19:17:27,775 [pool-235-thread-1] INFO  server.RaftServerConfigKeys (ConfUtils.java:logGet(44)) - raft.server.rpcslowness.timeout = 300000ms (custom)
2020-07-17 19:17:27,775 [pool-235-thread-1] INFO  server.RaftServerConfigKeys (ConfUtils.java:logGet(44)) - raft.server.sleep.deviation.threshold = 300 (default)
2020-07-17 19:17:27,775 [pool-235-thread-1] INFO  server.RaftServerConfigKeys (ConfUtils.java:logGet(44)) - raft.server.log.appender.install.snapshot.enabled = false (custom)
2020-07-17 19:17:27,776 [pool-235-thread-1] INFO  impl.RaftServerImpl (ServerState.java:<init>(103)) - eb14cfe2-9ec6-48cf-a414-5c9390614653@group-AB3D389E7D10: ConfigurationManager, init=-1: [eb14cfe2-9ec6-48cf-a414-5c9390614653:172.17.0.2:34735, f9da59ee-ab34-4454-930b-d6e716de1fdb:172.17.0.2:38153, ff149fa5-9438-4271-a257-312acf7350ed:172.17.0.2:46309], old=null, confs=<EMPTY_MAP>
2020-07-17 19:17:27,776 [pool-235-thread-1] INFO  server.RaftServerConfigKeys (ConfUtils.java:logGet(44)) - raft.server.storage.dir = [/github/workspace/mnt/ozone/hadoop-ozone/integration-test/target/test-dir/MiniOzoneClusterImpl-c590ab3c-c15e-4809-9b68-32eb717c380c/datanode-5/data/ratis] (custom)
2020-07-17 19:17:27,776 [pool-235-thread-1] INFO  server.RaftServerConfigKeys (ConfUtils.java:logGet(44)) - raft.server.log.corruption.policy = EXCEPTION (default)
2020-07-17 19:17:27,776 [pool-235-thread-1] INFO  storage.RaftStorageDirectory (RaftStorageDirectory.java:analyzeStorage(261)) - The storage directory /github/workspace/mnt/ozone/hadoop-ozone/integration-test/target/test-dir/MiniOzoneClusterImpl-c590ab3c-c15e-4809-9b68-32eb717c380c/datanode-5/data/ratis/cb6ec86d-2c34-4a3f-918c-ab3d389e7d10 does not exist. Creating ...
2020-07-17 19:17:27,778 [pool-235-thread-1] INFO  storage.RaftStorageDirectory (RaftStorageDirectory.java:tryLock(343)) - Lock on /github/workspace/mnt/ozone/hadoop-ozone/integration-test/target/test-dir/MiniOzoneClusterImpl-c590ab3c-c15e-4809-9b68-32eb717c380c/datanode-5/data/ratis/cb6ec86d-2c34-4a3f-918c-ab3d389e7d10/in_use.lock acquired by nodename 5742@9afa6d03cd7d
2020-07-17 19:17:27,779 [pool-235-thread-1] INFO  storage.RaftStorage (RaftStorage.java:format(84)) - Storage directory /github/workspace/mnt/ozone/hadoop-ozone/integration-test/target/test-dir/MiniOzoneClusterImpl-c590ab3c-c15e-4809-9b68-32eb717c380c/datanode-5/data/ratis/cb6ec86d-2c34-4a3f-918c-ab3d389e7d10 has been successfully formatted.
2020-07-17 19:17:27,780 [pool-235-thread-1] INFO  ratis.ContainerStateMachine (ContainerStateMachine.java:loadSnapshot(225)) - group-AB3D389E7D10: The snapshot info is null. Setting the last applied indexto:(t:0, i:~)
2020-07-17 19:17:27,780 [pool-235-thread-1] INFO  server.RaftServerConfigKeys (ConfUtils.java:logGet(44)) - raft.server.notification.no-leader.timeout = 300000ms (custom)
2020-07-17 19:17:27,781 [pool-235-thread-1] INFO  server.RaftServerConfigKeys (ConfUtils.java:logGet(44)) - raft.server.log.use.memory = false (default)
2020-07-17 19:17:27,781 [pool-235-thread-1] INFO  server.RaftServerConfigKeys (ConfUtils.java:logGet(44)) - raft.server.log.purge.gap = 1000000 (custom)
2020-07-17 19:17:27,781 [pool-235-thread-1] INFO  server.RaftServerConfigKeys (ConfUtils.java:logGet(44)) - raft.server.log.appender.buffer.byte-limit = 33554432 (custom)
2020-07-17 19:17:27,781 [pool-235-thread-1] INFO  server.RaftServerConfigKeys (ConfUtils.java:logGet(44)) - raft.server.log.segment.size.max = 1048576 (custom)
2020-07-17 19:17:27,781 [pool-235-thread-1] INFO  metrics.RatisMetrics (RatisMetrics.java:lambda$create$0(36)) - Creating Metrics Registry : ratis.log_worker.eb14cfe2-9ec6-48cf-a414-5c9390614653@group-AB3D389E7D10
2020-07-17 19:17:27,782 [pool-235-thread-1] INFO  server.RaftServerConfigKeys (ConfUtils.java:logGet(44)) - raft.server.log.segment.cache.num.max = 2 (custom)
2020-07-17 19:17:27,782 [pool-235-thread-1] INFO  segmented.SegmentedRaftLogWorker (SegmentedRaftLogWorker.java:<init>(180)) - new eb14cfe2-9ec6-48cf-a414-5c9390614653@group-AB3D389E7D10-SegmentedRaftLogWorker for RaftStorage:Storage Directory /github/workspace/mnt/ozone/hadoop-ozone/integration-test/target/test-dir/MiniOzoneClusterImpl-c590ab3c-c15e-4809-9b68-32eb717c380c/datanode-5/data/ratis/cb6ec86d-2c34-4a3f-918c-ab3d389e7d10
2020-07-17 19:17:27,782 [pool-235-thread-1] INFO  server.RaftServerConfigKeys (ConfUtils.java:logGet(44)) - raft.server.log.queue.byte-limit = 2147483647 (custom)
2020-07-17 19:17:27,782 [pool-235-thread-1] INFO  server.RaftServerConfigKeys (ConfUtils.java:logGet(44)) - raft.server.log.queue.element-limit = 1024 (custom)
2020-07-17 19:17:27,782 [pool-235-thread-1] INFO  server.RaftServerConfigKeys (ConfUtils.java:logGet(44)) - raft.server.log.segment.size.max = 1048576 (custom)
2020-07-17 19:17:27,782 [pool-235-thread-1] INFO  server.RaftServerConfigKeys (ConfUtils.java:logGet(44)) - raft.server.log.preallocated.size = 16384 (custom)
2020-07-17 19:17:27,782 [pool-235-thread-1] INFO  server.RaftServerConfigKeys (ConfUtils.java:logGet(44)) - raft.server.log.write.buffer.size = 1048576 (custom)
2020-07-17 19:17:27,782 [pool-235-thread-1] INFO  server.RaftServerConfigKeys (ConfUtils.java:logGet(44)) - raft.server.log.force.sync.num = 128 (default)
2020-07-17 19:17:27,783 [pool-235-thread-1] INFO  server.RaftServerConfigKeys (ConfUtils.java:logGet(44)) - raft.server.log.statemachine.data.sync = true (default)
2020-07-17 19:17:27,783 [pool-235-thread-1] INFO  server.RaftServerConfigKeys (ConfUtils.java:logGet(44)) - raft.server.log.statemachine.data.sync.timeout = 10s (default)
2020-07-17 19:17:27,783 [pool-235-thread-1] INFO  server.RaftServerConfigKeys (ConfUtils.java:logGet(44)) - raft.server.log.statemachine.data.sync.timeout.retry = -1 (default)
2020-07-17 19:17:27,785 [pool-235-thread-1] INFO  server.RaftServerConfigKeys (ConfUtils.java:logGet(44)) - raft.server.log.statemachine.data.caching.enabled = true (custom)
2020-07-17 19:17:27,785 [pool-235-thread-1] INFO  segmented.SegmentedRaftLogWorker (SegmentedRaftLogWorker.java:lambda$new$0(129)) - eb14cfe2-9ec6-48cf-a414-5c9390614653@group-AB3D389E7D10-SegmentedRaftLogWorker: flushIndex: setUnconditionally 0 -> -1
2020-07-17 19:17:27,785 [pool-235-thread-1] INFO  segmented.SegmentedRaftLogWorker (SegmentedRaftLogWorker.java:lambda$new$0(129)) - eb14cfe2-9ec6-48cf-a414-5c9390614653@group-AB3D389E7D10-SegmentedRaftLogWorker: safeCacheEvictIndex: setUnconditionally 0 -> -1
2020-07-17 19:17:27,786 [pool-235-thread-1] INFO  server.RaftServerConfigKeys (ConfUtils.java:logGet(44)) - raft.server.snapshot.auto.trigger.enabled = true (custom)
2020-07-17 19:17:27,786 [pool-235-thread-1] INFO  server.RaftServerConfigKeys (ConfUtils.java:logGet(44)) - raft.server.snapshot.auto.trigger.threshold = 10000 (custom)
2020-07-17 19:17:27,786 [pool-235-thread-1] INFO  server.RaftServerConfigKeys (ConfUtils.java:logGet(44)) - raft.server.snapshot.retention.file.num = 5 (custom)
2020-07-17 19:17:27,786 [pool-235-thread-1] INFO  server.RaftServerConfigKeys (ConfUtils.java:logGet(44)) - raft.server.log.purge.upto.snapshot.index = false (default)
2020-07-17 19:17:27,786 [pool-235-thread-1] INFO  server.RaftServerConfigKeys (ConfUtils.java:logGet(44)) - raft.server.retrycache.expirytime = 600000ms (custom)
2020-07-17 19:17:27,786 [pool-235-thread-1] INFO  metrics.RatisMetrics (RatisMetrics.java:lambda$create$0(36)) - Creating Metrics Registry : ratis.leader_election.eb14cfe2-9ec6-48cf-a414-5c9390614653@group-AB3D389E7D10
2020-07-17 19:17:27,787 [pool-235-thread-1] INFO  metrics.RatisMetrics (RatisMetrics.java:lambda$create$0(36)) - Creating Metrics Registry : ratis.server.eb14cfe2-9ec6-48cf-a414-5c9390614653@group-AB3D389E7D10
2020-07-17 19:17:27,788 [pool-235-thread-1] INFO  impl.RaftServerImpl (RaftServerImpl.java:start(186)) - eb14cfe2-9ec6-48cf-a414-5c9390614653@group-AB3D389E7D10: start as a follower, conf=-1: [eb14cfe2-9ec6-48cf-a414-5c9390614653:172.17.0.2:34735, f9da59ee-ab34-4454-930b-d6e716de1fdb:172.17.0.2:38153, ff149fa5-9438-4271-a257-312acf7350ed:172.17.0.2:46309], old=null
2020-07-17 19:17:27,788 [pool-235-thread-1] INFO  impl.RaftServerImpl (RaftServerImpl.java:setRole(175)) - eb14cfe2-9ec6-48cf-a414-5c9390614653@group-AB3D389E7D10: changes role from      null to FOLLOWER at term 0 for startAsFollower
2020-07-17 19:17:27,788 [pool-235-thread-1] INFO  impl.RoleInfo (RoleInfo.java:updateAndGet(143)) - eb14cfe2-9ec6-48cf-a414-5c9390614653: start FollowerState
2020-07-17 19:17:27,788 [pool-235-thread-1] INFO  util.JmxRegister (JmxRegister.java:tryRegister(44)) - Successfully registered JMX Bean with object name Ratis:service=RaftServer,group=group-AB3D389E7D10,id=eb14cfe2-9ec6-48cf-a414-5c9390614653
2020-07-17 19:17:27,788 [pool-235-thread-1] INFO  metrics.RatisMetrics (RatisMetrics.java:lambda$create$0(36)) - Creating Metrics Registry : ratis.state_machine.eb14cfe2-9ec6-48cf-a414-5c9390614653@group-AB3D389E7D10
2020-07-17 19:17:27,801 [grpc-default-executor-1] INFO  impl.RaftServerProxy (RaftServerProxy.java:addNew(89)) - ff149fa5-9438-4271-a257-312acf7350ed: addNew group-AB3D389E7D10:[eb14cfe2-9ec6-48cf-a414-5c9390614653:172.17.0.2:34735, f9da59ee-ab34-4454-930b-d6e716de1fdb:172.17.0.2:38153, ff149fa5-9438-4271-a257-312acf7350ed:172.17.0.2:46309] returns group-AB3D389E7D10:java.util.concurrent.CompletableFuture@71566b09[Not completed]
2020-07-17 19:17:27,803 [pool-220-thread-1] INFO  impl.RaftServerImpl (RaftServerImpl.java:<init>(99)) - ff149fa5-9438-4271-a257-312acf7350ed: new RaftServerImpl for group-AB3D389E7D10:[eb14cfe2-9ec6-48cf-a414-5c9390614653:172.17.0.2:34735, f9da59ee-ab34-4454-930b-d6e716de1fdb:172.17.0.2:38153, ff149fa5-9438-4271-a257-312acf7350ed:172.17.0.2:46309] with ContainerStateMachine:uninitialized
2020-07-17 19:17:27,803 [pool-220-thread-1] INFO  server.RaftServerConfigKeys (ConfUtils.java:logGet(44)) - raft.server.rpc.timeout.min = 5s (custom)
2020-07-17 19:17:27,803 [pool-220-thread-1] INFO  server.RaftServerConfigKeys (ConfUtils.java:logGet(44)) - raft.server.rpc.timeout.max = 5200ms (custom)
2020-07-17 19:17:27,803 [pool-220-thread-1] INFO  server.RaftServerConfigKeys (ConfUtils.java:logGet(44)) - raft.server.rpcslowness.timeout = 300000ms (custom)
2020-07-17 19:17:27,803 [pool-220-thread-1] INFO  server.RaftServerConfigKeys (ConfUtils.java:logGet(44)) - raft.server.sleep.deviation.threshold = 300 (default)
2020-07-17 19:17:27,803 [pool-220-thread-1] INFO  server.RaftServerConfigKeys (ConfUtils.java:logGet(44)) - raft.server.log.appender.install.snapshot.enabled = false (custom)
2020-07-17 19:17:27,804 [pool-220-thread-1] INFO  impl.RaftServerImpl (ServerState.java:<init>(103)) - ff149fa5-9438-4271-a257-312acf7350ed@group-AB3D389E7D10: ConfigurationManager, init=-1: [eb14cfe2-9ec6-48cf-a414-5c9390614653:172.17.0.2:34735, f9da59ee-ab34-4454-930b-d6e716de1fdb:172.17.0.2:38153, ff149fa5-9438-4271-a257-312acf7350ed:172.17.0.2:46309], old=null, confs=<EMPTY_MAP>
2020-07-17 19:17:27,804 [pool-220-thread-1] INFO  server.RaftServerConfigKeys (ConfUtils.java:logGet(44)) - raft.server.storage.dir = [/github/workspace/mnt/ozone/hadoop-ozone/integration-test/target/test-dir/MiniOzoneClusterImpl-c590ab3c-c15e-4809-9b68-32eb717c380c/datanode-4/data/ratis] (custom)
2020-07-17 19:17:27,804 [pool-220-thread-1] INFO  server.RaftServerConfigKeys (ConfUtils.java:logGet(44)) - raft.server.log.corruption.policy = EXCEPTION (default)
2020-07-17 19:17:27,804 [pool-220-thread-1] INFO  storage.RaftStorageDirectory (RaftStorageDirectory.java:analyzeStorage(261)) - The storage directory /github/workspace/mnt/ozone/hadoop-ozone/integration-test/target/test-dir/MiniOzoneClusterImpl-c590ab3c-c15e-4809-9b68-32eb717c380c/datanode-4/data/ratis/cb6ec86d-2c34-4a3f-918c-ab3d389e7d10 does not exist. Creating ...
2020-07-17 19:17:27,805 [pool-220-thread-1] INFO  storage.RaftStorageDirectory (RaftStorageDirectory.java:tryLock(343)) - Lock on /github/workspace/mnt/ozone/hadoop-ozone/integration-test/target/test-dir/MiniOzoneClusterImpl-c590ab3c-c15e-4809-9b68-32eb717c380c/datanode-4/data/ratis/cb6ec86d-2c34-4a3f-918c-ab3d389e7d10/in_use.lock acquired by nodename 5742@9afa6d03cd7d
2020-07-17 19:17:27,806 [pool-220-thread-1] INFO  storage.RaftStorage (RaftStorage.java:format(84)) - Storage directory /github/workspace/mnt/ozone/hadoop-ozone/integration-test/target/test-dir/MiniOzoneClusterImpl-c590ab3c-c15e-4809-9b68-32eb717c380c/datanode-4/data/ratis/cb6ec86d-2c34-4a3f-918c-ab3d389e7d10 has been successfully formatted.
2020-07-17 19:17:27,807 [pool-220-thread-1] INFO  ratis.ContainerStateMachine (ContainerStateMachine.java:loadSnapshot(225)) - group-AB3D389E7D10: The snapshot info is null. Setting the last applied indexto:(t:0, i:~)
2020-07-17 19:17:27,807 [pool-220-thread-1] INFO  server.RaftServerConfigKeys (ConfUtils.java:logGet(44)) - raft.server.notification.no-leader.timeout = 300000ms (custom)
2020-07-17 19:17:27,807 [pool-220-thread-1] INFO  server.RaftServerConfigKeys (ConfUtils.java:logGet(44)) - raft.server.log.use.memory = false (default)
2020-07-17 19:17:27,807 [pool-220-thread-1] INFO  server.RaftServerConfigKeys (ConfUtils.java:logGet(44)) - raft.server.log.purge.gap = 1000000 (custom)
2020-07-17 19:17:27,807 [pool-220-thread-1] INFO  server.RaftServerConfigKeys (ConfUtils.java:logGet(44)) - raft.server.log.appender.buffer.byte-limit = 33554432 (custom)
2020-07-17 19:17:27,807 [pool-220-thread-1] INFO  server.RaftServerConfigKeys (ConfUtils.java:logGet(44)) - raft.server.log.segment.size.max = 1048576 (custom)
2020-07-17 19:17:27,807 [pool-220-thread-1] INFO  metrics.RatisMetrics (RatisMetrics.java:lambda$create$0(36)) - Creating Metrics Registry : ratis.log_worker.ff149fa5-9438-4271-a257-312acf7350ed@group-AB3D389E7D10
2020-07-17 19:17:27,807 [pool-220-thread-1] INFO  server.RaftServerConfigKeys (ConfUtils.java:logGet(44)) - raft.server.log.segment.cache.num.max = 2 (custom)
2020-07-17 19:17:27,808 [pool-220-thread-1] INFO  segmented.SegmentedRaftLogWorker (SegmentedRaftLogWorker.java:<init>(180)) - new ff149fa5-9438-4271-a257-312acf7350ed@group-AB3D389E7D10-SegmentedRaftLogWorker for RaftStorage:Storage Directory /github/workspace/mnt/ozone/hadoop-ozone/integration-test/target/test-dir/MiniOzoneClusterImpl-c590ab3c-c15e-4809-9b68-32eb717c380c/datanode-4/data/ratis/cb6ec86d-2c34-4a3f-918c-ab3d389e7d10
2020-07-17 19:17:27,808 [pool-220-thread-1] INFO  server.RaftServerConfigKeys (ConfUtils.java:logGet(44)) - raft.server.log.queue.byte-limit = 2147483647 (custom)
2020-07-17 19:17:27,808 [pool-220-thread-1] INFO  server.RaftServerConfigKeys (ConfUtils.java:logGet(44)) - raft.server.log.queue.element-limit = 1024 (custom)
2020-07-17 19:17:27,808 [pool-220-thread-1] INFO  server.RaftServerConfigKeys (ConfUtils.java:logGet(44)) - raft.server.log.segment.size.max = 1048576 (custom)
2020-07-17 19:17:27,808 [pool-220-thread-1] INFO  server.RaftServerConfigKeys (ConfUtils.java:logGet(44)) - raft.server.log.preallocated.size = 16384 (custom)
2020-07-17 19:17:27,808 [pool-220-thread-1] INFO  server.RaftServerConfigKeys (ConfUtils.java:logGet(44)) - raft.server.log.write.buffer.size = 1048576 (custom)
2020-07-17 19:17:27,808 [pool-220-thread-1] INFO  server.RaftServerConfigKeys (ConfUtils.java:logGet(44)) - raft.server.log.force.sync.num = 128 (default)
2020-07-17 19:17:27,809 [pool-220-thread-1] INFO  server.RaftServerConfigKeys (ConfUtils.java:logGet(44)) - raft.server.log.statemachine.data.sync = true (default)
2020-07-17 19:17:27,809 [pool-220-thread-1] INFO  server.RaftServerConfigKeys (ConfUtils.java:logGet(44)) - raft.server.log.statemachine.data.sync.timeout = 10s (default)
2020-07-17 19:17:27,809 [pool-220-thread-1] INFO  server.RaftServerConfigKeys (ConfUtils.java:logGet(44)) - raft.server.log.statemachine.data.sync.timeout.retry = -1 (default)
2020-07-17 19:17:27,811 [pool-220-thread-1] INFO  server.RaftServerConfigKeys (ConfUtils.java:logGet(44)) - raft.server.log.statemachine.data.caching.enabled = true (custom)
2020-07-17 19:17:27,811 [pool-220-thread-1] INFO  segmented.SegmentedRaftLogWorker (SegmentedRaftLogWorker.java:lambda$new$0(129)) - ff149fa5-9438-4271-a257-312acf7350ed@group-AB3D389E7D10-SegmentedRaftLogWorker: flushIndex: setUnconditionally 0 -> -1
2020-07-17 19:17:27,811 [pool-220-thread-1] INFO  segmented.SegmentedRaftLogWorker (SegmentedRaftLogWorker.java:lambda$new$0(129)) - ff149fa5-9438-4271-a257-312acf7350ed@group-AB3D389E7D10-SegmentedRaftLogWorker: safeCacheEvictIndex: setUnconditionally 0 -> -1
2020-07-17 19:17:27,811 [pool-220-thread-1] INFO  server.RaftServerConfigKeys (ConfUtils.java:logGet(44)) - raft.server.snapshot.auto.trigger.enabled = true (custom)
2020-07-17 19:17:27,812 [pool-220-thread-1] INFO  server.RaftServerConfigKeys (ConfUtils.java:logGet(44)) - raft.server.snapshot.auto.trigger.threshold = 10000 (custom)
2020-07-17 19:17:27,812 [pool-220-thread-1] INFO  server.RaftServerConfigKeys (ConfUtils.java:logGet(44)) - raft.server.snapshot.retention.file.num = 5 (custom)
2020-07-17 19:17:27,812 [pool-220-thread-1] INFO  server.RaftServerConfigKeys (ConfUtils.java:logGet(44)) - raft.server.log.purge.upto.snapshot.index = false (default)
2020-07-17 19:17:27,812 [pool-220-thread-1] INFO  server.RaftServerConfigKeys (ConfUtils.java:logGet(44)) - raft.server.retrycache.expirytime = 600000ms (custom)
2020-07-17 19:17:27,812 [pool-220-thread-1] INFO  metrics.RatisMetrics (RatisMetrics.java:lambda$create$0(36)) - Creating Metrics Registry : ratis.leader_election.ff149fa5-9438-4271-a257-312acf7350ed@group-AB3D389E7D10
2020-07-17 19:17:27,812 [pool-220-thread-1] INFO  metrics.RatisMetrics (RatisMetrics.java:lambda$create$0(36)) - Creating Metrics Registry : ratis.server.ff149fa5-9438-4271-a257-312acf7350ed@group-AB3D389E7D10
2020-07-17 19:17:27,814 [pool-220-thread-1] INFO  impl.RaftServerImpl (RaftServerImpl.java:start(186)) - ff149fa5-9438-4271-a257-312acf7350ed@group-AB3D389E7D10: start as a follower, conf=-1: [eb14cfe2-9ec6-48cf-a414-5c9390614653:172.17.0.2:34735, f9da59ee-ab34-4454-930b-d6e716de1fdb:172.17.0.2:38153, ff149fa5-9438-4271-a257-312acf7350ed:172.17.0.2:46309], old=null
2020-07-17 19:17:27,814 [pool-220-thread-1] INFO  impl.RaftServerImpl (RaftServerImpl.java:setRole(175)) - ff149fa5-9438-4271-a257-312acf7350ed@group-AB3D389E7D10: changes role from      null to FOLLOWER at term 0 for startAsFollower
2020-07-17 19:17:27,814 [pool-220-thread-1] INFO  impl.RoleInfo (RoleInfo.java:updateAndGet(143)) - ff149fa5-9438-4271-a257-312acf7350ed: start FollowerState
2020-07-17 19:17:27,815 [pool-220-thread-1] INFO  util.JmxRegister (JmxRegister.java:tryRegister(44)) - Successfully registered JMX Bean with object name Ratis:service=RaftServer,group=group-AB3D389E7D10,id=ff149fa5-9438-4271-a257-312acf7350ed
2020-07-17 19:17:27,816 [pool-220-thread-1] INFO  metrics.RatisMetrics (RatisMetrics.java:lambda$create$0(36)) - Creating Metrics Registry : ratis.state_machine.ff149fa5-9438-4271-a257-312acf7350ed@group-AB3D389E7D10
2020-07-17 19:17:27,816 [Command processor thread] INFO  impl.RaftServerProxy (RaftServerProxy.java:addNew(89)) - ff149fa5-9438-4271-a257-312acf7350ed: addNew group-BA09A80E04F8:[ff149fa5-9438-4271-a257-312acf7350ed:172.17.0.2:46309] returns group-BA09A80E04F8:java.util.concurrent.CompletableFuture@2e97d369[Not completed]
2020-07-17 19:17:27,821 [pool-220-thread-1] INFO  impl.RaftServerImpl (RaftServerImpl.java:<init>(99)) - ff149fa5-9438-4271-a257-312acf7350ed: new RaftServerImpl for group-BA09A80E04F8:[ff149fa5-9438-4271-a257-312acf7350ed:172.17.0.2:46309] with ContainerStateMachine:uninitialized
2020-07-17 19:17:27,821 [pool-220-thread-1] INFO  server.RaftServerConfigKeys (ConfUtils.java:logGet(44)) - raft.server.rpc.timeout.min = 5s (custom)
2020-07-17 19:17:27,821 [pool-220-thread-1] INFO  server.RaftServerConfigKeys (ConfUtils.java:logGet(44)) - raft.server.rpc.timeout.max = 5200ms (custom)
2020-07-17 19:17:27,821 [pool-220-thread-1] INFO  server.RaftServerConfigKeys (ConfUtils.java:logGet(44)) - raft.server.rpcslowness.timeout = 300000ms (custom)
2020-07-17 19:17:27,821 [pool-220-thread-1] INFO  server.RaftServerConfigKeys (ConfUtils.java:logGet(44)) - raft.server.sleep.deviation.threshold = 300 (default)
2020-07-17 19:17:27,821 [pool-220-thread-1] INFO  server.RaftServerConfigKeys (ConfUtils.java:logGet(44)) - raft.server.log.appender.install.snapshot.enabled = false (custom)
2020-07-17 19:17:27,821 [pool-220-thread-1] INFO  impl.RaftServerImpl (ServerState.java:<init>(103)) - ff149fa5-9438-4271-a257-312acf7350ed@group-BA09A80E04F8: ConfigurationManager, init=-1: [ff149fa5-9438-4271-a257-312acf7350ed:172.17.0.2:46309], old=null, confs=<EMPTY_MAP>
2020-07-17 19:17:27,821 [pool-220-thread-1] INFO  server.RaftServerConfigKeys (ConfUtils.java:logGet(44)) - raft.server.storage.dir = [/github/workspace/mnt/ozone/hadoop-ozone/integration-test/target/test-dir/MiniOzoneClusterImpl-c590ab3c-c15e-4809-9b68-32eb717c380c/datanode-4/data/ratis] (custom)
2020-07-17 19:17:27,822 [pool-220-thread-1] INFO  server.RaftServerConfigKeys (ConfUtils.java:logGet(44)) - raft.server.log.corruption.policy = EXCEPTION (default)
2020-07-17 19:17:27,822 [pool-220-thread-1] INFO  storage.RaftStorageDirectory (RaftStorageDirectory.java:analyzeStorage(261)) - The storage directory /github/workspace/mnt/ozone/hadoop-ozone/integration-test/target/test-dir/MiniOzoneClusterImpl-c590ab3c-c15e-4809-9b68-32eb717c380c/datanode-4/data/ratis/4fb01372-3c1b-4efa-a5cf-ba09a80e04f8 does not exist. Creating ...
2020-07-17 19:17:27,836 [pool-220-thread-1] INFO  storage.RaftStorageDirectory (RaftStorageDirectory.java:tryLock(343)) - Lock on /github/workspace/mnt/ozone/hadoop-ozone/integration-test/target/test-dir/MiniOzoneClusterImpl-c590ab3c-c15e-4809-9b68-32eb717c380c/datanode-4/data/ratis/4fb01372-3c1b-4efa-a5cf-ba09a80e04f8/in_use.lock acquired by nodename 5742@9afa6d03cd7d
2020-07-17 19:17:27,839 [pool-220-thread-1] INFO  storage.RaftStorage (RaftStorage.java:format(84)) - Storage directory /github/workspace/mnt/ozone/hadoop-ozone/integration-test/target/test-dir/MiniOzoneClusterImpl-c590ab3c-c15e-4809-9b68-32eb717c380c/datanode-4/data/ratis/4fb01372-3c1b-4efa-a5cf-ba09a80e04f8 has been successfully formatted.
2020-07-17 19:17:27,839 [pool-220-thread-1] INFO  ratis.ContainerStateMachine (ContainerStateMachine.java:loadSnapshot(225)) - group-BA09A80E04F8: The snapshot info is null. Setting the last applied indexto:(t:0, i:~)
2020-07-17 19:17:27,839 [pool-220-thread-1] INFO  server.RaftServerConfigKeys (ConfUtils.java:logGet(44)) - raft.server.notification.no-leader.timeout = 300000ms (custom)
2020-07-17 19:17:27,839 [pool-220-thread-1] INFO  server.RaftServerConfigKeys (ConfUtils.java:logGet(44)) - raft.server.log.use.memory = false (default)
2020-07-17 19:17:27,839 [pool-220-thread-1] INFO  server.RaftServerConfigKeys (ConfUtils.java:logGet(44)) - raft.server.log.purge.gap = 1000000 (custom)
2020-07-17 19:17:27,839 [pool-220-thread-1] INFO  server.RaftServerConfigKeys (ConfUtils.java:logGet(44)) - raft.server.log.appender.buffer.byte-limit = 33554432 (custom)
2020-07-17 19:17:27,840 [pool-220-thread-1] INFO  server.RaftServerConfigKeys (ConfUtils.java:logGet(44)) - raft.server.log.segment.size.max = 1048576 (custom)
2020-07-17 19:17:27,840 [pool-220-thread-1] INFO  metrics.RatisMetrics (RatisMetrics.java:lambda$create$0(36)) - Creating Metrics Registry : ratis.log_worker.ff149fa5-9438-4271-a257-312acf7350ed@group-BA09A80E04F8
2020-07-17 19:17:27,840 [pool-220-thread-1] INFO  server.RaftServerConfigKeys (ConfUtils.java:logGet(44)) - raft.server.log.segment.cache.num.max = 2 (custom)
2020-07-17 19:17:27,840 [pool-220-thread-1] INFO  segmented.SegmentedRaftLogWorker (SegmentedRaftLogWorker.java:<init>(180)) - new ff149fa5-9438-4271-a257-312acf7350ed@group-BA09A80E04F8-SegmentedRaftLogWorker for RaftStorage:Storage Directory /github/workspace/mnt/ozone/hadoop-ozone/integration-test/target/test-dir/MiniOzoneClusterImpl-c590ab3c-c15e-4809-9b68-32eb717c380c/datanode-4/data/ratis/4fb01372-3c1b-4efa-a5cf-ba09a80e04f8
2020-07-17 19:17:27,840 [pool-220-thread-1] INFO  server.RaftServerConfigKeys (ConfUtils.java:logGet(44)) - raft.server.log.queue.byte-limit = 2147483647 (custom)
2020-07-17 19:17:27,840 [pool-220-thread-1] INFO  server.RaftServerConfigKeys (ConfUtils.java:logGet(44)) - raft.server.log.queue.element-limit = 1024 (custom)
2020-07-17 19:17:27,840 [pool-220-thread-1] INFO  server.RaftServerConfigKeys (ConfUtils.java:logGet(44)) - raft.server.log.segment.size.max = 1048576 (custom)
2020-07-17 19:17:27,840 [pool-220-thread-1] INFO  server.RaftServerConfigKeys (ConfUtils.java:logGet(44)) - raft.server.log.preallocated.size = 16384 (custom)
2020-07-17 19:17:27,840 [pool-220-thread-1] INFO  server.RaftServerConfigKeys (ConfUtils.java:logGet(44)) - raft.server.log.write.buffer.size = 1048576 (custom)
2020-07-17 19:17:27,840 [pool-220-thread-1] INFO  server.RaftServerConfigKeys (ConfUtils.java:logGet(44)) - raft.server.log.force.sync.num = 128 (default)
2020-07-17 19:17:27,841 [pool-220-thread-1] INFO  server.RaftServerConfigKeys (ConfUtils.java:logGet(44)) - raft.server.log.statemachine.data.sync = true (default)
2020-07-17 19:17:27,841 [pool-220-thread-1] INFO  server.RaftServerConfigKeys (ConfUtils.java:logGet(44)) - raft.server.log.statemachine.data.sync.timeout = 10s (default)
2020-07-17 19:17:27,841 [pool-220-thread-1] INFO  server.RaftServerConfigKeys (ConfUtils.java:logGet(44)) - raft.server.log.statemachine.data.sync.timeout.retry = -1 (default)
2020-07-17 19:17:27,842 [EventQueue-PipelineReportForPipelineReportHandler] INFO  pipeline.PipelineStateManager (PipelineStateManager.java:openPipeline(131)) - Pipeline Pipeline[ Id: 4fb01372-3c1b-4efa-a5cf-ba09a80e04f8, Nodes: ff149fa5-9438-4271-a257-312acf7350ed{ip: 172.17.0.2, host: 9afa6d03cd7d, networkLocation: /default-rack, certSerialId: null}, Type:RATIS, Factor:ONE, State:ALLOCATED, leaderId:ff149fa5-9438-4271-a257-312acf7350ed, CreationTimestamp2020-07-17T19:17:24.817Z] moved to OPEN state
2020-07-17 19:17:27,842 [EventQueue-OpenPipelineForOneReplicaPipelineSafeModeRule] INFO  safemode.SCMSafeModeManager (SCMSafeModeManager.java:validateSafeModeExitRules(214)) - AtleastOneDatanodeReportedRule rule is successfully validated
2020-07-17 19:17:27,842 [Command processor thread] INFO  commandhandler.CreatePipelineCommandHandler (CreatePipelineCommandHandler.java:handle(109)) - Created Pipeline RATIS THREE #id: "cb6ec86d-2c34-4a3f-918c-ab3d389e7d10"
uuid128 {
  mostSigBits: -3787869865353393601
  leastSigBits: -7958798162039243504
}
.
2020-07-17 19:17:27,842 [EventQueue-OpenPipelineForHealthyPipelineSafeModeRule] INFO  safemode.SCMSafeModeManager (HealthyPipelineSafeModeRule.java:process(129)) - SCM in safe mode. Healthy pipelines reported count is 0, required healthy pipeline reported count is 1
2020-07-17 19:17:27,844 [pool-220-thread-1] INFO  server.RaftServerConfigKeys (ConfUtils.java:logGet(44)) - raft.server.log.statemachine.data.caching.enabled = true (custom)
2020-07-17 19:17:27,844 [pool-220-thread-1] INFO  segmented.SegmentedRaftLogWorker (SegmentedRaftLogWorker.java:lambda$new$0(129)) - ff149fa5-9438-4271-a257-312acf7350ed@group-BA09A80E04F8-SegmentedRaftLogWorker: flushIndex: setUnconditionally 0 -> -1
2020-07-17 19:17:27,844 [pool-220-thread-1] INFO  segmented.SegmentedRaftLogWorker (SegmentedRaftLogWorker.java:lambda$new$0(129)) - ff149fa5-9438-4271-a257-312acf7350ed@group-BA09A80E04F8-SegmentedRaftLogWorker: safeCacheEvictIndex: setUnconditionally 0 -> -1
2020-07-17 19:17:27,844 [pool-220-thread-1] INFO  server.RaftServerConfigKeys (ConfUtils.java:logGet(44)) - raft.server.snapshot.auto.trigger.enabled = true (custom)
2020-07-17 19:17:27,844 [pool-220-thread-1] INFO  server.RaftServerConfigKeys (ConfUtils.java:logGet(44)) - raft.server.snapshot.auto.trigger.threshold = 10000 (custom)
2020-07-17 19:17:27,845 [pool-220-thread-1] INFO  server.RaftServerConfigKeys (ConfUtils.java:logGet(44)) - raft.server.snapshot.retention.file.num = 5 (custom)
2020-07-17 19:17:27,845 [pool-220-thread-1] INFO  server.RaftServerConfigKeys (ConfUtils.java:logGet(44)) - raft.server.log.purge.upto.snapshot.index = false (default)
2020-07-17 19:17:27,845 [pool-220-thread-1] INFO  server.RaftServerConfigKeys (ConfUtils.java:logGet(44)) - raft.server.retrycache.expirytime = 600000ms (custom)
2020-07-17 19:17:27,845 [pool-220-thread-1] INFO  metrics.RatisMetrics (RatisMetrics.java:lambda$create$0(36)) - Creating Metrics Registry : ratis.leader_election.ff149fa5-9438-4271-a257-312acf7350ed@group-BA09A80E04F8
2020-07-17 19:17:27,845 [pool-220-thread-1] INFO  metrics.RatisMetrics (RatisMetrics.java:lambda$create$0(36)) - Creating Metrics Registry : ratis.server.ff149fa5-9438-4271-a257-312acf7350ed@group-BA09A80E04F8
2020-07-17 19:17:27,847 [pool-220-thread-1] INFO  impl.RaftServerImpl (RaftServerImpl.java:start(186)) - ff149fa5-9438-4271-a257-312acf7350ed@group-BA09A80E04F8: start as a follower, conf=-1: [ff149fa5-9438-4271-a257-312acf7350ed:172.17.0.2:46309], old=null
2020-07-17 19:17:27,847 [pool-220-thread-1] INFO  impl.RaftServerImpl (RaftServerImpl.java:setRole(175)) - ff149fa5-9438-4271-a257-312acf7350ed@group-BA09A80E04F8: changes role from      null to FOLLOWER at term 0 for startAsFollower
2020-07-17 19:17:27,847 [pool-220-thread-1] INFO  impl.RoleInfo (RoleInfo.java:updateAndGet(143)) - ff149fa5-9438-4271-a257-312acf7350ed: start FollowerState
2020-07-17 19:17:27,847 [pool-220-thread-1] INFO  util.JmxRegister (JmxRegister.java:tryRegister(44)) - Successfully registered JMX Bean with object name Ratis:service=RaftServer,group=group-BA09A80E04F8,id=ff149fa5-9438-4271-a257-312acf7350ed
2020-07-17 19:17:27,847 [pool-220-thread-1] INFO  metrics.RatisMetrics (RatisMetrics.java:lambda$create$0(36)) - Creating Metrics Registry : ratis.state_machine.ff149fa5-9438-4271-a257-312acf7350ed@group-BA09A80E04F8
2020-07-17 19:17:27,849 [Command processor thread] INFO  commandhandler.CreatePipelineCommandHandler (CreatePipelineCommandHandler.java:handle(109)) - Created Pipeline RATIS ONE #id: "4fb01372-3c1b-4efa-a5cf-ba09a80e04f8"
uuid128 {
  mostSigBits: 5742110906253004538
  leastSigBits: -6498771186635373320
}
.
2020-07-17 19:17:27,956 [Command processor thread] INFO  impl.RaftServerProxy (RaftServerProxy.java:addNew(89)) - eb14cfe2-9ec6-48cf-a414-5c9390614653: addNew group-FB7A20D5F40F:[eb14cfe2-9ec6-48cf-a414-5c9390614653:172.17.0.2:34735] returns group-FB7A20D5F40F:java.util.concurrent.CompletableFuture@4588b4fd[Not completed]
2020-07-17 19:17:27,957 [pool-235-thread-1] INFO  impl.RaftServerImpl (RaftServerImpl.java:<init>(99)) - eb14cfe2-9ec6-48cf-a414-5c9390614653: new RaftServerImpl for group-FB7A20D5F40F:[eb14cfe2-9ec6-48cf-a414-5c9390614653:172.17.0.2:34735] with ContainerStateMachine:uninitialized
2020-07-17 19:17:27,957 [pool-235-thread-1] INFO  server.RaftServerConfigKeys (ConfUtils.java:logGet(44)) - raft.server.rpc.timeout.min = 5s (custom)
2020-07-17 19:17:27,957 [pool-235-thread-1] INFO  server.RaftServerConfigKeys (ConfUtils.java:logGet(44)) - raft.server.rpc.timeout.max = 5200ms (custom)
2020-07-17 19:17:27,957 [pool-235-thread-1] INFO  server.RaftServerConfigKeys (ConfUtils.java:logGet(44)) - raft.server.rpcslowness.timeout = 300000ms (custom)
2020-07-17 19:17:27,957 [pool-235-thread-1] INFO  server.RaftServerConfigKeys (ConfUtils.java:logGet(44)) - raft.server.sleep.deviation.threshold = 300 (default)
2020-07-17 19:17:27,958 [pool-235-thread-1] INFO  server.RaftServerConfigKeys (ConfUtils.java:logGet(44)) - raft.server.log.appender.install.snapshot.enabled = false (custom)
2020-07-17 19:17:27,958 [pool-235-thread-1] INFO  impl.RaftServerImpl (ServerState.java:<init>(103)) - eb14cfe2-9ec6-48cf-a414-5c9390614653@group-FB7A20D5F40F: ConfigurationManager, init=-1: [eb14cfe2-9ec6-48cf-a414-5c9390614653:172.17.0.2:34735], old=null, confs=<EMPTY_MAP>
2020-07-17 19:17:27,958 [pool-235-thread-1] INFO  server.RaftServerConfigKeys (ConfUtils.java:logGet(44)) - raft.server.storage.dir = [/github/workspace/mnt/ozone/hadoop-ozone/integration-test/target/test-dir/MiniOzoneClusterImpl-c590ab3c-c15e-4809-9b68-32eb717c380c/datanode-5/data/ratis] (custom)
2020-07-17 19:17:27,958 [pool-235-thread-1] INFO  server.RaftServerConfigKeys (ConfUtils.java:logGet(44)) - raft.server.log.corruption.policy = EXCEPTION (default)
2020-07-17 19:17:27,958 [pool-235-thread-1] INFO  storage.RaftStorageDirectory (RaftStorageDirectory.java:analyzeStorage(261)) - The storage directory /github/workspace/mnt/ozone/hadoop-ozone/integration-test/target/test-dir/MiniOzoneClusterImpl-c590ab3c-c15e-4809-9b68-32eb717c380c/datanode-5/data/ratis/f954467a-5de6-4680-92a4-fb7a20d5f40f does not exist. Creating ...
2020-07-17 19:17:27,959 [pool-235-thread-1] INFO  storage.RaftStorageDirectory (RaftStorageDirectory.java:tryLock(343)) - Lock on /github/workspace/mnt/ozone/hadoop-ozone/integration-test/target/test-dir/MiniOzoneClusterImpl-c590ab3c-c15e-4809-9b68-32eb717c380c/datanode-5/data/ratis/f954467a-5de6-4680-92a4-fb7a20d5f40f/in_use.lock acquired by nodename 5742@9afa6d03cd7d
2020-07-17 19:17:27,961 [pool-235-thread-1] INFO  storage.RaftStorage (RaftStorage.java:format(84)) - Storage directory /github/workspace/mnt/ozone/hadoop-ozone/integration-test/target/test-dir/MiniOzoneClusterImpl-c590ab3c-c15e-4809-9b68-32eb717c380c/datanode-5/data/ratis/f954467a-5de6-4680-92a4-fb7a20d5f40f has been successfully formatted.
2020-07-17 19:17:27,961 [pool-235-thread-1] INFO  ratis.ContainerStateMachine (ContainerStateMachine.java:loadSnapshot(225)) - group-FB7A20D5F40F: The snapshot info is null. Setting the last applied indexto:(t:0, i:~)
2020-07-17 19:17:27,961 [pool-235-thread-1] INFO  server.RaftServerConfigKeys (ConfUtils.java:logGet(44)) - raft.server.notification.no-leader.timeout = 300000ms (custom)
2020-07-17 19:17:27,962 [pool-235-thread-1] INFO  server.RaftServerConfigKeys (ConfUtils.java:logGet(44)) - raft.server.log.use.memory = false (default)
2020-07-17 19:17:27,962 [pool-235-thread-1] INFO  server.RaftServerConfigKeys (ConfUtils.java:logGet(44)) - raft.server.log.purge.gap = 1000000 (custom)
2020-07-17 19:17:27,962 [pool-235-thread-1] INFO  server.RaftServerConfigKeys (ConfUtils.java:logGet(44)) - raft.server.log.appender.buffer.byte-limit = 33554432 (custom)
2020-07-17 19:17:27,962 [EventQueue-PipelineReportForPipelineReportHandler] INFO  pipeline.PipelineStateManager (PipelineStateManager.java:openPipeline(131)) - Pipeline Pipeline[ Id: f954467a-5de6-4680-92a4-fb7a20d5f40f, Nodes: eb14cfe2-9ec6-48cf-a414-5c9390614653{ip: 172.17.0.2, host: 9afa6d03cd7d, networkLocation: /default-rack, certSerialId: null}, Type:RATIS, Factor:ONE, State:ALLOCATED, leaderId:eb14cfe2-9ec6-48cf-a414-5c9390614653, CreationTimestamp2020-07-17T19:17:24.958Z] moved to OPEN state
2020-07-17 19:17:27,962 [EventQueue-OpenPipelineForOneReplicaPipelineSafeModeRule] INFO  safemode.SCMSafeModeManager (SCMSafeModeManager.java:validateSafeModeExitRules(214)) - AtleastOneDatanodeReportedRule rule is successfully validated
2020-07-17 19:17:27,962 [EventQueue-OpenPipelineForHealthyPipelineSafeModeRule] INFO  safemode.SCMSafeModeManager (HealthyPipelineSafeModeRule.java:process(129)) - SCM in safe mode. Healthy pipelines reported count is 0, required healthy pipeline reported count is 1
2020-07-17 19:17:27,962 [pool-235-thread-1] INFO  server.RaftServerConfigKeys (ConfUtils.java:logGet(44)) - raft.server.log.segment.size.max = 1048576 (custom)
2020-07-17 19:17:27,962 [pool-235-thread-1] INFO  metrics.RatisMetrics (RatisMetrics.java:lambda$create$0(36)) - Creating Metrics Registry : ratis.log_worker.eb14cfe2-9ec6-48cf-a414-5c9390614653@group-FB7A20D5F40F
2020-07-17 19:17:27,963 [pool-235-thread-1] INFO  server.RaftServerConfigKeys (ConfUtils.java:logGet(44)) - raft.server.log.segment.cache.num.max = 2 (custom)
2020-07-17 19:17:27,963 [pool-235-thread-1] INFO  segmented.SegmentedRaftLogWorker (SegmentedRaftLogWorker.java:<init>(180)) - new eb14cfe2-9ec6-48cf-a414-5c9390614653@group-FB7A20D5F40F-SegmentedRaftLogWorker for RaftStorage:Storage Directory /github/workspace/mnt/ozone/hadoop-ozone/integration-test/target/test-dir/MiniOzoneClusterImpl-c590ab3c-c15e-4809-9b68-32eb717c380c/datanode-5/data/ratis/f954467a-5de6-4680-92a4-fb7a20d5f40f
2020-07-17 19:17:27,963 [pool-235-thread-1] INFO  server.RaftServerConfigKeys (ConfUtils.java:logGet(44)) - raft.server.log.queue.byte-limit = 2147483647 (custom)
2020-07-17 19:17:27,963 [pool-235-thread-1] INFO  server.RaftServerConfigKeys (ConfUtils.java:logGet(44)) - raft.server.log.queue.element-limit = 1024 (custom)
2020-07-17 19:17:27,963 [pool-235-thread-1] INFO  server.RaftServerConfigKeys (ConfUtils.java:logGet(44)) - raft.server.log.segment.size.max = 1048576 (custom)
2020-07-17 19:17:27,963 [pool-235-thread-1] INFO  server.RaftServerConfigKeys (ConfUtils.java:logGet(44)) - raft.server.log.preallocated.size = 16384 (custom)
2020-07-17 19:17:27,963 [pool-235-thread-1] INFO  server.RaftServerConfigKeys (ConfUtils.java:logGet(44)) - raft.server.log.write.buffer.size = 1048576 (custom)
2020-07-17 19:17:27,963 [pool-235-thread-1] INFO  server.RaftServerConfigKeys (ConfUtils.java:logGet(44)) - raft.server.log.force.sync.num = 128 (default)
2020-07-17 19:17:27,963 [pool-235-thread-1] INFO  server.RaftServerConfigKeys (ConfUtils.java:logGet(44)) - raft.server.log.statemachine.data.sync = true (default)
2020-07-17 19:17:27,964 [pool-235-thread-1] INFO  server.RaftServerConfigKeys (ConfUtils.java:logGet(44)) - raft.server.log.statemachine.data.sync.timeout = 10s (default)
2020-07-17 19:17:27,964 [pool-235-thread-1] INFO  server.RaftServerConfigKeys (ConfUtils.java:logGet(44)) - raft.server.log.statemachine.data.sync.timeout.retry = -1 (default)
2020-07-17 19:17:27,965 [pool-235-thread-1] INFO  server.RaftServerConfigKeys (ConfUtils.java:logGet(44)) - raft.server.log.statemachine.data.caching.enabled = true (custom)
2020-07-17 19:17:27,966 [pool-235-thread-1] INFO  segmented.SegmentedRaftLogWorker (SegmentedRaftLogWorker.java:lambda$new$0(129)) - eb14cfe2-9ec6-48cf-a414-5c9390614653@group-FB7A20D5F40F-SegmentedRaftLogWorker: flushIndex: setUnconditionally 0 -> -1
2020-07-17 19:17:27,966 [pool-235-thread-1] INFO  segmented.SegmentedRaftLogWorker (SegmentedRaftLogWorker.java:lambda$new$0(129)) - eb14cfe2-9ec6-48cf-a414-5c9390614653@group-FB7A20D5F40F-SegmentedRaftLogWorker: safeCacheEvictIndex: setUnconditionally 0 -> -1
2020-07-17 19:17:27,968 [pool-235-thread-1] INFO  server.RaftServerConfigKeys (ConfUtils.java:logGet(44)) - raft.server.snapshot.auto.trigger.enabled = true (custom)
2020-07-17 19:17:27,968 [pool-235-thread-1] INFO  server.RaftServerConfigKeys (ConfUtils.java:logGet(44)) - raft.server.snapshot.auto.trigger.threshold = 10000 (custom)
2020-07-17 19:17:27,968 [pool-235-thread-1] INFO  server.RaftServerConfigKeys (ConfUtils.java:logGet(44)) - raft.server.snapshot.retention.file.num = 5 (custom)
2020-07-17 19:17:27,968 [pool-235-thread-1] INFO  server.RaftServerConfigKeys (ConfUtils.java:logGet(44)) - raft.server.log.purge.upto.snapshot.index = false (default)
2020-07-17 19:17:27,968 [pool-235-thread-1] INFO  server.RaftServerConfigKeys (ConfUtils.java:logGet(44)) - raft.server.retrycache.expirytime = 600000ms (custom)
2020-07-17 19:17:27,968 [pool-235-thread-1] INFO  metrics.RatisMetrics (RatisMetrics.java:lambda$create$0(36)) - Creating Metrics Registry : ratis.leader_election.eb14cfe2-9ec6-48cf-a414-5c9390614653@group-FB7A20D5F40F
2020-07-17 19:17:27,969 [pool-235-thread-1] INFO  metrics.RatisMetrics (RatisMetrics.java:lambda$create$0(36)) - Creating Metrics Registry : ratis.server.eb14cfe2-9ec6-48cf-a414-5c9390614653@group-FB7A20D5F40F
2020-07-17 19:17:27,970 [pool-235-thread-1] INFO  impl.RaftServerImpl (RaftServerImpl.java:start(186)) - eb14cfe2-9ec6-48cf-a414-5c9390614653@group-FB7A20D5F40F: start as a follower, conf=-1: [eb14cfe2-9ec6-48cf-a414-5c9390614653:172.17.0.2:34735], old=null
2020-07-17 19:17:27,970 [pool-235-thread-1] INFO  impl.RaftServerImpl (RaftServerImpl.java:setRole(175)) - eb14cfe2-9ec6-48cf-a414-5c9390614653@group-FB7A20D5F40F: changes role from      null to FOLLOWER at term 0 for startAsFollower
2020-07-17 19:17:27,970 [pool-235-thread-1] INFO  impl.RoleInfo (RoleInfo.java:updateAndGet(143)) - eb14cfe2-9ec6-48cf-a414-5c9390614653: start FollowerState
2020-07-17 19:17:27,970 [pool-235-thread-1] INFO  util.JmxRegister (JmxRegister.java:tryRegister(44)) - Successfully registered JMX Bean with object name Ratis:service=RaftServer,group=group-FB7A20D5F40F,id=eb14cfe2-9ec6-48cf-a414-5c9390614653
2020-07-17 19:17:27,970 [pool-235-thread-1] INFO  metrics.RatisMetrics (RatisMetrics.java:lambda$create$0(36)) - Creating Metrics Registry : ratis.state_machine.eb14cfe2-9ec6-48cf-a414-5c9390614653@group-FB7A20D5F40F
2020-07-17 19:17:27,975 [Command processor thread] INFO  commandhandler.CreatePipelineCommandHandler (CreatePipelineCommandHandler.java:handle(109)) - Created Pipeline RATIS ONE #id: "f954467a-5de6-4680-92a4-fb7a20d5f40f"
uuid128 {
  mostSigBits: -480681768846473600
  leastSigBits: -7879896946036050929
}
.
2020-07-17 19:17:28,085 [Command processor thread] INFO  impl.RaftServerProxy (RaftServerProxy.java:addNew(89)) - 31433fc6-7b53-4c3b-82f7-b63de5f43ef9: addNew group-23ED73B92581:[31433fc6-7b53-4c3b-82f7-b63de5f43ef9:172.17.0.2:38931] returns group-23ED73B92581:java.util.concurrent.CompletableFuture@7f95f3a0[Not completed]
2020-07-17 19:17:28,086 [Listener at 127.0.0.1/36635] INFO  ozone.MiniOzoneClusterImpl (MiniOzoneClusterImpl.java:lambda$waitForClusterToBeReady$0(177)) - Nodes are ready. Got 7 of 7 DN Heartbeats.
2020-07-17 19:17:28,086 [Listener at 127.0.0.1/36635] INFO  ozone.MiniOzoneClusterImpl (MiniOzoneClusterImpl.java:lambda$waitForClusterToBeReady$0(180)) - Waiting for cluster to exit safe mode
2020-07-17 19:17:28,087 [pool-250-thread-1] INFO  impl.RaftServerImpl (RaftServerImpl.java:<init>(99)) - 31433fc6-7b53-4c3b-82f7-b63de5f43ef9: new RaftServerImpl for group-23ED73B92581:[31433fc6-7b53-4c3b-82f7-b63de5f43ef9:172.17.0.2:38931] with ContainerStateMachine:uninitialized
2020-07-17 19:17:28,087 [pool-250-thread-1] INFO  server.RaftServerConfigKeys (ConfUtils.java:logGet(44)) - raft.server.rpc.timeout.min = 5s (custom)
2020-07-17 19:17:28,087 [pool-250-thread-1] INFO  server.RaftServerConfigKeys (ConfUtils.java:logGet(44)) - raft.server.rpc.timeout.max = 5200ms (custom)
2020-07-17 19:17:28,087 [pool-250-thread-1] INFO  server.RaftServerConfigKeys (ConfUtils.java:logGet(44)) - raft.server.rpcslowness.timeout = 300000ms (custom)
2020-07-17 19:17:28,087 [pool-250-thread-1] INFO  server.RaftServerConfigKeys (ConfUtils.java:logGet(44)) - raft.server.sleep.deviation.threshold = 300 (default)
2020-07-17 19:17:28,087 [pool-250-thread-1] INFO  server.RaftServerConfigKeys (ConfUtils.java:logGet(44)) - raft.server.log.appender.install.snapshot.enabled = false (custom)
2020-07-17 19:17:28,087 [pool-250-thread-1] INFO  impl.RaftServerImpl (ServerState.java:<init>(103)) - 31433fc6-7b53-4c3b-82f7-b63de5f43ef9@group-23ED73B92581: ConfigurationManager, init=-1: [31433fc6-7b53-4c3b-82f7-b63de5f43ef9:172.17.0.2:38931], old=null, confs=<EMPTY_MAP>
2020-07-17 19:17:28,088 [pool-250-thread-1] INFO  server.RaftServerConfigKeys (ConfUtils.java:logGet(44)) - raft.server.storage.dir = [/github/workspace/mnt/ozone/hadoop-ozone/integration-test/target/test-dir/MiniOzoneClusterImpl-c590ab3c-c15e-4809-9b68-32eb717c380c/datanode-6/data/ratis] (custom)
2020-07-17 19:17:28,088 [pool-250-thread-1] INFO  server.RaftServerConfigKeys (ConfUtils.java:logGet(44)) - raft.server.log.corruption.policy = EXCEPTION (default)
2020-07-17 19:17:28,088 [pool-250-thread-1] INFO  storage.RaftStorageDirectory (RaftStorageDirectory.java:analyzeStorage(261)) - The storage directory /github/workspace/mnt/ozone/hadoop-ozone/integration-test/target/test-dir/MiniOzoneClusterImpl-c590ab3c-c15e-4809-9b68-32eb717c380c/datanode-6/data/ratis/3b713dd5-4a9d-458b-9734-23ed73b92581 does not exist. Creating ...
2020-07-17 19:17:28,089 [pool-250-thread-1] INFO  storage.RaftStorageDirectory (RaftStorageDirectory.java:tryLock(343)) - Lock on /github/workspace/mnt/ozone/hadoop-ozone/integration-test/target/test-dir/MiniOzoneClusterImpl-c590ab3c-c15e-4809-9b68-32eb717c380c/datanode-6/data/ratis/3b713dd5-4a9d-458b-9734-23ed73b92581/in_use.lock acquired by nodename 5742@9afa6d03cd7d
2020-07-17 19:17:28,090 [pool-250-thread-1] INFO  storage.RaftStorage (RaftStorage.java:format(84)) - Storage directory /github/workspace/mnt/ozone/hadoop-ozone/integration-test/target/test-dir/MiniOzoneClusterImpl-c590ab3c-c15e-4809-9b68-32eb717c380c/datanode-6/data/ratis/3b713dd5-4a9d-458b-9734-23ed73b92581 has been successfully formatted.
2020-07-17 19:17:28,091 [pool-250-thread-1] INFO  ratis.ContainerStateMachine (ContainerStateMachine.java:loadSnapshot(225)) - group-23ED73B92581: The snapshot info is null. Setting the last applied indexto:(t:0, i:~)
2020-07-17 19:17:28,091 [pool-250-thread-1] INFO  server.RaftServerConfigKeys (ConfUtils.java:logGet(44)) - raft.server.notification.no-leader.timeout = 300000ms (custom)
2020-07-17 19:17:28,091 [pool-250-thread-1] INFO  server.RaftServerConfigKeys (ConfUtils.java:logGet(44)) - raft.server.log.use.memory = false (default)
2020-07-17 19:17:28,091 [pool-250-thread-1] INFO  server.RaftServerConfigKeys (ConfUtils.java:logGet(44)) - raft.server.log.purge.gap = 1000000 (custom)
2020-07-17 19:17:28,091 [pool-250-thread-1] INFO  server.RaftServerConfigKeys (ConfUtils.java:logGet(44)) - raft.server.log.appender.buffer.byte-limit = 33554432 (custom)
2020-07-17 19:17:28,091 [pool-250-thread-1] INFO  server.RaftServerConfigKeys (ConfUtils.java:logGet(44)) - raft.server.log.segment.size.max = 1048576 (custom)
2020-07-17 19:17:28,091 [pool-250-thread-1] INFO  metrics.RatisMetrics (RatisMetrics.java:lambda$create$0(36)) - Creating Metrics Registry : ratis.log_worker.31433fc6-7b53-4c3b-82f7-b63de5f43ef9@group-23ED73B92581
2020-07-17 19:17:28,092 [EventQueue-PipelineReportForPipelineReportHandler] INFO  pipeline.PipelineStateManager (PipelineStateManager.java:openPipeline(131)) - Pipeline Pipeline[ Id: 3b713dd5-4a9d-458b-9734-23ed73b92581, Nodes: 31433fc6-7b53-4c3b-82f7-b63de5f43ef9{ip: 172.17.0.2, host: 9afa6d03cd7d, networkLocation: /default-rack, certSerialId: null}, Type:RATIS, Factor:ONE, State:ALLOCATED, leaderId:31433fc6-7b53-4c3b-82f7-b63de5f43ef9, CreationTimestamp2020-07-17T19:17:25.086Z] moved to OPEN state
2020-07-17 19:17:28,092 [EventQueue-OpenPipelineForOneReplicaPipelineSafeModeRule] INFO  safemode.SCMSafeModeManager (SCMSafeModeManager.java:validateSafeModeExitRules(214)) - AtleastOneDatanodeReportedRule rule is successfully validated
2020-07-17 19:17:28,092 [EventQueue-OpenPipelineForHealthyPipelineSafeModeRule] INFO  safemode.SCMSafeModeManager (HealthyPipelineSafeModeRule.java:process(129)) - SCM in safe mode. Healthy pipelines reported count is 0, required healthy pipeline reported count is 1
2020-07-17 19:17:28,093 [pool-250-thread-1] INFO  server.RaftServerConfigKeys (ConfUtils.java:logGet(44)) - raft.server.log.segment.cache.num.max = 2 (custom)
2020-07-17 19:17:28,093 [pool-250-thread-1] INFO  segmented.SegmentedRaftLogWorker (SegmentedRaftLogWorker.java:<init>(180)) - new 31433fc6-7b53-4c3b-82f7-b63de5f43ef9@group-23ED73B92581-SegmentedRaftLogWorker for RaftStorage:Storage Directory /github/workspace/mnt/ozone/hadoop-ozone/integration-test/target/test-dir/MiniOzoneClusterImpl-c590ab3c-c15e-4809-9b68-32eb717c380c/datanode-6/data/ratis/3b713dd5-4a9d-458b-9734-23ed73b92581
2020-07-17 19:17:28,093 [pool-250-thread-1] INFO  server.RaftServerConfigKeys (ConfUtils.java:logGet(44)) - raft.server.log.queue.byte-limit = 2147483647 (custom)
2020-07-17 19:17:28,093 [pool-250-thread-1] INFO  server.RaftServerConfigKeys (ConfUtils.java:logGet(44)) - raft.server.log.queue.element-limit = 1024 (custom)
2020-07-17 19:17:28,093 [pool-250-thread-1] INFO  server.RaftServerConfigKeys (ConfUtils.java:logGet(44)) - raft.server.log.segment.size.max = 1048576 (custom)
2020-07-17 19:17:28,093 [pool-250-thread-1] INFO  server.RaftServerConfigKeys (ConfUtils.java:logGet(44)) - raft.server.log.preallocated.size = 16384 (custom)
2020-07-17 19:17:28,093 [pool-250-thread-1] INFO  server.RaftServerConfigKeys (ConfUtils.java:logGet(44)) - raft.server.log.write.buffer.size = 1048576 (custom)
2020-07-17 19:17:28,093 [pool-250-thread-1] INFO  server.RaftServerConfigKeys (ConfUtils.java:logGet(44)) - raft.server.log.force.sync.num = 128 (default)
2020-07-17 19:17:28,093 [pool-250-thread-1] INFO  server.RaftServerConfigKeys (ConfUtils.java:logGet(44)) - raft.server.log.statemachine.data.sync = true (default)
2020-07-17 19:17:28,093 [pool-250-thread-1] INFO  server.RaftServerConfigKeys (ConfUtils.java:logGet(44)) - raft.server.log.statemachine.data.sync.timeout = 10s (default)
2020-07-17 19:17:28,093 [pool-250-thread-1] INFO  server.RaftServerConfigKeys (ConfUtils.java:logGet(44)) - raft.server.log.statemachine.data.sync.timeout.retry = -1 (default)
2020-07-17 19:17:28,095 [pool-250-thread-1] INFO  server.RaftServerConfigKeys (ConfUtils.java:logGet(44)) - raft.server.log.statemachine.data.caching.enabled = true (custom)
2020-07-17 19:17:28,095 [pool-250-thread-1] INFO  segmented.SegmentedRaftLogWorker (SegmentedRaftLogWorker.java:lambda$new$0(129)) - 31433fc6-7b53-4c3b-82f7-b63de5f43ef9@group-23ED73B92581-SegmentedRaftLogWorker: flushIndex: setUnconditionally 0 -> -1
2020-07-17 19:17:28,095 [pool-250-thread-1] INFO  segmented.SegmentedRaftLogWorker (SegmentedRaftLogWorker.java:lambda$new$0(129)) - 31433fc6-7b53-4c3b-82f7-b63de5f43ef9@group-23ED73B92581-SegmentedRaftLogWorker: safeCacheEvictIndex: setUnconditionally 0 -> -1
2020-07-17 19:17:28,095 [pool-250-thread-1] INFO  server.RaftServerConfigKeys (ConfUtils.java:logGet(44)) - raft.server.snapshot.auto.trigger.enabled = true (custom)
2020-07-17 19:17:28,095 [pool-250-thread-1] INFO  server.RaftServerConfigKeys (ConfUtils.java:logGet(44)) - raft.server.snapshot.auto.trigger.threshold = 10000 (custom)
2020-07-17 19:17:28,095 [pool-250-thread-1] INFO  server.RaftServerConfigKeys (ConfUtils.java:logGet(44)) - raft.server.snapshot.retention.file.num = 5 (custom)
2020-07-17 19:17:28,095 [pool-250-thread-1] INFO  server.RaftServerConfigKeys (ConfUtils.java:logGet(44)) - raft.server.log.purge.upto.snapshot.index = false (default)
2020-07-17 19:17:28,096 [pool-250-thread-1] INFO  server.RaftServerConfigKeys (ConfUtils.java:logGet(44)) - raft.server.retrycache.expirytime = 600000ms (custom)
2020-07-17 19:17:28,096 [pool-250-thread-1] INFO  metrics.RatisMetrics (RatisMetrics.java:lambda$create$0(36)) - Creating Metrics Registry : ratis.leader_election.31433fc6-7b53-4c3b-82f7-b63de5f43ef9@group-23ED73B92581
2020-07-17 19:17:28,096 [pool-250-thread-1] INFO  metrics.RatisMetrics (RatisMetrics.java:lambda$create$0(36)) - Creating Metrics Registry : ratis.server.31433fc6-7b53-4c3b-82f7-b63de5f43ef9@group-23ED73B92581
2020-07-17 19:17:28,097 [pool-250-thread-1] INFO  impl.RaftServerImpl (RaftServerImpl.java:start(186)) - 31433fc6-7b53-4c3b-82f7-b63de5f43ef9@group-23ED73B92581: start as a follower, conf=-1: [31433fc6-7b53-4c3b-82f7-b63de5f43ef9:172.17.0.2:38931], old=null
2020-07-17 19:17:28,097 [pool-250-thread-1] INFO  impl.RaftServerImpl (RaftServerImpl.java:setRole(175)) - 31433fc6-7b53-4c3b-82f7-b63de5f43ef9@group-23ED73B92581: changes role from      null to FOLLOWER at term 0 for startAsFollower
2020-07-17 19:17:28,097 [pool-250-thread-1] INFO  impl.RoleInfo (RoleInfo.java:updateAndGet(143)) - 31433fc6-7b53-4c3b-82f7-b63de5f43ef9: start FollowerState
2020-07-17 19:17:28,098 [pool-250-thread-1] INFO  util.JmxRegister (JmxRegister.java:tryRegister(44)) - Successfully registered JMX Bean with object name Ratis:service=RaftServer,group=group-23ED73B92581,id=31433fc6-7b53-4c3b-82f7-b63de5f43ef9
2020-07-17 19:17:28,098 [pool-250-thread-1] INFO  metrics.RatisMetrics (RatisMetrics.java:lambda$create$0(36)) - Creating Metrics Registry : ratis.state_machine.31433fc6-7b53-4c3b-82f7-b63de5f43ef9@group-23ED73B92581
2020-07-17 19:17:28,099 [Command processor thread] INFO  commandhandler.CreatePipelineCommandHandler (CreatePipelineCommandHandler.java:handle(109)) - Created Pipeline RATIS ONE #id: "3b713dd5-4a9d-458b-9734-23ed73b92581"
uuid128 {
  mostSigBits: 4283272706895201675
  leastSigBits: -7551371172437744255
}
.
2020-07-17 19:17:29,086 [Listener at 127.0.0.1/36635] INFO  ozone.MiniOzoneClusterImpl (MiniOzoneClusterImpl.java:lambda$waitForClusterToBeReady$0(177)) - Nodes are ready. Got 7 of 7 DN Heartbeats.
2020-07-17 19:17:29,087 [Listener at 127.0.0.1/36635] INFO  ozone.MiniOzoneClusterImpl (MiniOzoneClusterImpl.java:lambda$waitForClusterToBeReady$0(180)) - Waiting for cluster to exit safe mode
2020-07-17 19:17:30,087 [Listener at 127.0.0.1/36635] INFO  ozone.MiniOzoneClusterImpl (MiniOzoneClusterImpl.java:lambda$waitForClusterToBeReady$0(177)) - Nodes are ready. Got 7 of 7 DN Heartbeats.
2020-07-17 19:17:30,087 [Listener at 127.0.0.1/36635] INFO  ozone.MiniOzoneClusterImpl (MiniOzoneClusterImpl.java:lambda$waitForClusterToBeReady$0(180)) - Waiting for cluster to exit safe mode
2020-07-17 19:17:31,087 [Listener at 127.0.0.1/36635] INFO  ozone.MiniOzoneClusterImpl (MiniOzoneClusterImpl.java:lambda$waitForClusterToBeReady$0(177)) - Nodes are ready. Got 7 of 7 DN Heartbeats.
2020-07-17 19:17:31,087 [Listener at 127.0.0.1/36635] INFO  ozone.MiniOzoneClusterImpl (MiniOzoneClusterImpl.java:lambda$waitForClusterToBeReady$0(180)) - Waiting for cluster to exit safe mode
2020-07-17 19:17:32,088 [Listener at 127.0.0.1/36635] INFO  ozone.MiniOzoneClusterImpl (MiniOzoneClusterImpl.java:lambda$waitForClusterToBeReady$0(177)) - Nodes are ready. Got 7 of 7 DN Heartbeats.
2020-07-17 19:17:32,088 [Listener at 127.0.0.1/36635] INFO  ozone.MiniOzoneClusterImpl (MiniOzoneClusterImpl.java:lambda$waitForClusterToBeReady$0(180)) - Waiting for cluster to exit safe mode
2020-07-17 19:17:32,380 [Thread-583] INFO  impl.FollowerState (FollowerState.java:run(108)) - 12697ddf-1b16-4057-bfeb-ac6f3e0803f5@group-DCD5375450F6-FollowerState: change to CANDIDATE, lastRpcTime:5039ms, electionTimeout:5035ms
2020-07-17 19:17:32,380 [Thread-583] INFO  impl.RoleInfo (RoleInfo.java:shutdownFollowerState(121)) - 12697ddf-1b16-4057-bfeb-ac6f3e0803f5: shutdown FollowerState
2020-07-17 19:17:32,380 [Thread-583] INFO  impl.RaftServerImpl (RaftServerImpl.java:setRole(175)) - 12697ddf-1b16-4057-bfeb-ac6f3e0803f5@group-DCD5375450F6: changes role from  FOLLOWER to CANDIDATE at term 0 for changeToCandidate
2020-07-17 19:17:32,380 [Thread-583] INFO  impl.RoleInfo (RoleInfo.java:updateAndGet(143)) - 12697ddf-1b16-4057-bfeb-ac6f3e0803f5: start LeaderElection
2020-07-17 19:17:32,386 [12697ddf-1b16-4057-bfeb-ac6f3e0803f5@group-DCD5375450F6-LeaderElection14] INFO  impl.LeaderElection (LeaderElection.java:askForVotes(206)) - 12697ddf-1b16-4057-bfeb-ac6f3e0803f5@group-DCD5375450F6-LeaderElection14: begin an election at term 1 for -1: [12697ddf-1b16-4057-bfeb-ac6f3e0803f5:172.17.0.2:39397], old=null
2020-07-17 19:17:32,386 [12697ddf-1b16-4057-bfeb-ac6f3e0803f5@group-DCD5375450F6-LeaderElection14] INFO  impl.RoleInfo (RoleInfo.java:shutdownLeaderElection(134)) - 12697ddf-1b16-4057-bfeb-ac6f3e0803f5: shutdown LeaderElection
2020-07-17 19:17:32,386 [12697ddf-1b16-4057-bfeb-ac6f3e0803f5@group-DCD5375450F6-LeaderElection14] INFO  impl.RaftServerImpl (RaftServerImpl.java:setRole(175)) - 12697ddf-1b16-4057-bfeb-ac6f3e0803f5@group-DCD5375450F6: changes role from CANDIDATE to LEADER at term 1 for changeToLeader
2020-07-17 19:17:32,386 [12697ddf-1b16-4057-bfeb-ac6f3e0803f5@group-DCD5375450F6-LeaderElection14] INFO  ratis.XceiverServerRatis (XceiverServerRatis.java:handleLeaderChangedNotification(820)) - Leader change notification received for group: group-DCD5375450F6 with new leaderId: 12697ddf-1b16-4057-bfeb-ac6f3e0803f5
2020-07-17 19:17:32,386 [12697ddf-1b16-4057-bfeb-ac6f3e0803f5@group-DCD5375450F6-LeaderElection14] INFO  impl.RaftServerImpl (ServerState.java:setLeader(255)) - 12697ddf-1b16-4057-bfeb-ac6f3e0803f5@group-DCD5375450F6: change Leader from null to 12697ddf-1b16-4057-bfeb-ac6f3e0803f5 at term 1 for becomeLeader, leader elected after 5056ms
2020-07-17 19:17:32,387 [12697ddf-1b16-4057-bfeb-ac6f3e0803f5@group-DCD5375450F6-LeaderElection14] INFO  server.RaftServerConfigKeys (ConfUtils.java:logGet(44)) - raft.server.staging.catchup.gap = 1000 (default)
2020-07-17 19:17:32,387 [12697ddf-1b16-4057-bfeb-ac6f3e0803f5@group-DCD5375450F6-LeaderElection14] INFO  server.RaftServerConfigKeys (ConfUtils.java:logGet(44)) - raft.server.rpc.sleep.time = 25ms (default)
2020-07-17 19:17:32,387 [12697ddf-1b16-4057-bfeb-ac6f3e0803f5@group-DCD5375450F6-LeaderElection14] INFO  metrics.RatisMetrics (RatisMetrics.java:lambda$create$0(36)) - Creating Metrics Registry : ratis.log_appender.12697ddf-1b16-4057-bfeb-ac6f3e0803f5@group-DCD5375450F6
2020-07-17 19:17:32,387 [12697ddf-1b16-4057-bfeb-ac6f3e0803f5@group-DCD5375450F6-LeaderElection14] INFO  server.RaftServerConfigKeys (ConfUtils.java:logGet(44)) - raft.server.write.element-limit = 1024 (custom)
2020-07-17 19:17:32,387 [12697ddf-1b16-4057-bfeb-ac6f3e0803f5@group-DCD5375450F6-LeaderElection14] INFO  server.RaftServerConfigKeys (ConfUtils.java:logGet(44)) - raft.server.write.byte-limit = 1073741824 (custom)
2020-07-17 19:17:32,388 [12697ddf-1b16-4057-bfeb-ac6f3e0803f5@group-DCD5375450F6-LeaderElection14] INFO  server.RaftServerConfigKeys (ConfUtils.java:logGet(44)) - raft.server.watch.timeout = 3000ms (custom)
2020-07-17 19:17:32,388 [12697ddf-1b16-4057-bfeb-ac6f3e0803f5@group-DCD5375450F6-LeaderElection14] INFO  server.RaftServerConfigKeys (ConfUtils.java:logGet(44)) - raft.server.watch.timeout.denomination = 1s (default)
2020-07-17 19:17:32,388 [12697ddf-1b16-4057-bfeb-ac6f3e0803f5@group-DCD5375450F6-LeaderElection14] INFO  server.RaftServerConfigKeys (ConfUtils.java:logGet(44)) - raft.server.watch.element-limit = 65536 (default)
2020-07-17 19:17:32,388 [12697ddf-1b16-4057-bfeb-ac6f3e0803f5@group-DCD5375450F6-LeaderElection14] INFO  impl.RoleInfo (RoleInfo.java:updateAndGet(143)) - 12697ddf-1b16-4057-bfeb-ac6f3e0803f5: start LeaderState
2020-07-17 19:17:32,388 [12697ddf-1b16-4057-bfeb-ac6f3e0803f5@group-DCD5375450F6-LeaderElection14] INFO  segmented.SegmentedRaftLogWorker (SegmentedRaftLogWorker.java:startLogSegment(397)) - 12697ddf-1b16-4057-bfeb-ac6f3e0803f5@group-DCD5375450F6-SegmentedRaftLogWorker: Starting segment from index:0
2020-07-17 19:17:32,389 [12697ddf-1b16-4057-bfeb-ac6f3e0803f5@group-DCD5375450F6-LeaderElection14] INFO  impl.RaftServerImpl (ServerState.java:setRaftConf(356)) - 12697ddf-1b16-4057-bfeb-ac6f3e0803f5@group-DCD5375450F6: set configuration 0: [12697ddf-1b16-4057-bfeb-ac6f3e0803f5:172.17.0.2:39397], old=null at 0
2020-07-17 19:17:32,390 [12697ddf-1b16-4057-bfeb-ac6f3e0803f5@group-DCD5375450F6-SegmentedRaftLogWorker] INFO  segmented.SegmentedRaftLogWorker (SegmentedRaftLogWorker.java:execute(596)) - 12697ddf-1b16-4057-bfeb-ac6f3e0803f5@group-DCD5375450F6-SegmentedRaftLogWorker: created new log segment /github/workspace/mnt/ozone/hadoop-ozone/integration-test/target/test-dir/MiniOzoneClusterImpl-c590ab3c-c15e-4809-9b68-32eb717c380c/datanode-0/data/ratis/5bf7d1f9-0f2e-498e-819b-dcd5375450f6/current/log_inprogress_0
2020-07-17 19:17:32,422 [Thread-585] INFO  impl.FollowerState (FollowerState.java:run(108)) - 12697ddf-1b16-4057-bfeb-ac6f3e0803f5@group-A57F0B006D91-FollowerState: change to CANDIDATE, lastRpcTime:5060ms, electionTimeout:5058ms
2020-07-17 19:17:32,422 [Thread-585] INFO  impl.RoleInfo (RoleInfo.java:shutdownFollowerState(121)) - 12697ddf-1b16-4057-bfeb-ac6f3e0803f5: shutdown FollowerState
2020-07-17 19:17:32,422 [Thread-585] INFO  impl.RaftServerImpl (RaftServerImpl.java:setRole(175)) - 12697ddf-1b16-4057-bfeb-ac6f3e0803f5@group-A57F0B006D91: changes role from  FOLLOWER to CANDIDATE at term 0 for changeToCandidate
2020-07-17 19:17:32,423 [Thread-585] INFO  impl.RoleInfo (RoleInfo.java:updateAndGet(143)) - 12697ddf-1b16-4057-bfeb-ac6f3e0803f5: start LeaderElection
2020-07-17 19:17:32,425 [12697ddf-1b16-4057-bfeb-ac6f3e0803f5@group-A57F0B006D91-LeaderElection15] INFO  impl.LeaderElection (LeaderElection.java:askForVotes(206)) - 12697ddf-1b16-4057-bfeb-ac6f3e0803f5@group-A57F0B006D91-LeaderElection15: begin an election at term 1 for -1: [4747afbe-90ee-49f5-a182-8531c2527e8f:172.17.0.2:32933, b62614be-6cdc-4599-9b61-ac2094d3efd2:172.17.0.2:33125, 12697ddf-1b16-4057-bfeb-ac6f3e0803f5:172.17.0.2:39397], old=null
2020-07-17 19:17:32,436 [grpc-default-executor-1] INFO  impl.RaftServerImpl (RaftServerImpl.java:setRole(175)) - 4747afbe-90ee-49f5-a182-8531c2527e8f@group-A57F0B006D91: changes role from  FOLLOWER to FOLLOWER at term 1 for recognizeCandidate:12697ddf-1b16-4057-bfeb-ac6f3e0803f5
2020-07-17 19:17:32,436 [grpc-default-executor-1] INFO  impl.RoleInfo (RoleInfo.java:shutdownFollowerState(121)) - 4747afbe-90ee-49f5-a182-8531c2527e8f: shutdown FollowerState
2020-07-17 19:17:32,436 [grpc-default-executor-1] INFO  impl.RoleInfo (RoleInfo.java:updateAndGet(143)) - 4747afbe-90ee-49f5-a182-8531c2527e8f: start FollowerState
2020-07-17 19:17:32,436 [Thread-587] INFO  impl.FollowerState (FollowerState.java:run(117)) - 4747afbe-90ee-49f5-a182-8531c2527e8f@group-A57F0B006D91-FollowerState was interrupted: java.lang.InterruptedException: sleep interrupted
2020-07-17 19:17:32,444 [12697ddf-1b16-4057-bfeb-ac6f3e0803f5@group-A57F0B006D91-LeaderElection15] INFO  impl.LeaderElection (LeaderElection.java:logAndReturn(61)) - 12697ddf-1b16-4057-bfeb-ac6f3e0803f5@group-A57F0B006D91-LeaderElection15: Election PASSED; received 1 response(s) [12697ddf-1b16-4057-bfeb-ac6f3e0803f5<-4747afbe-90ee-49f5-a182-8531c2527e8f#0:OK-t1] and 0 exception(s); 12697ddf-1b16-4057-bfeb-ac6f3e0803f5@group-A57F0B006D91:t1, leader=null, voted=12697ddf-1b16-4057-bfeb-ac6f3e0803f5, raftlog=12697ddf-1b16-4057-bfeb-ac6f3e0803f5@group-A57F0B006D91-SegmentedRaftLog:OPENED:c-1,f-1,i0, conf=-1: [4747afbe-90ee-49f5-a182-8531c2527e8f:172.17.0.2:32933, b62614be-6cdc-4599-9b61-ac2094d3efd2:172.17.0.2:33125, 12697ddf-1b16-4057-bfeb-ac6f3e0803f5:172.17.0.2:39397], old=null
2020-07-17 19:17:32,444 [12697ddf-1b16-4057-bfeb-ac6f3e0803f5@group-A57F0B006D91-LeaderElection15] INFO  impl.RoleInfo (RoleInfo.java:shutdownLeaderElection(134)) - 12697ddf-1b16-4057-bfeb-ac6f3e0803f5: shutdown LeaderElection
2020-07-17 19:17:32,444 [12697ddf-1b16-4057-bfeb-ac6f3e0803f5@group-A57F0B006D91-LeaderElection15] INFO  impl.RaftServerImpl (RaftServerImpl.java:setRole(175)) - 12697ddf-1b16-4057-bfeb-ac6f3e0803f5@group-A57F0B006D91: changes role from CANDIDATE to LEADER at term 1 for changeToLeader
2020-07-17 19:17:32,444 [12697ddf-1b16-4057-bfeb-ac6f3e0803f5@group-A57F0B006D91-LeaderElection15] INFO  ratis.XceiverServerRatis (XceiverServerRatis.java:handleLeaderChangedNotification(820)) - Leader change notification received for group: group-A57F0B006D91 with new leaderId: 12697ddf-1b16-4057-bfeb-ac6f3e0803f5
2020-07-17 19:17:32,444 [12697ddf-1b16-4057-bfeb-ac6f3e0803f5@group-A57F0B006D91-LeaderElection15] INFO  impl.RaftServerImpl (ServerState.java:setLeader(255)) - 12697ddf-1b16-4057-bfeb-ac6f3e0803f5@group-A57F0B006D91: change Leader from null to 12697ddf-1b16-4057-bfeb-ac6f3e0803f5 at term 1 for becomeLeader, leader elected after 5091ms
2020-07-17 19:17:32,444 [12697ddf-1b16-4057-bfeb-ac6f3e0803f5@group-A57F0B006D91-LeaderElection15] INFO  server.RaftServerConfigKeys (ConfUtils.java:logGet(44)) - raft.server.staging.catchup.gap = 1000 (default)
2020-07-17 19:17:32,444 [12697ddf-1b16-4057-bfeb-ac6f3e0803f5@group-A57F0B006D91-LeaderElection15] INFO  server.RaftServerConfigKeys (ConfUtils.java:logGet(44)) - raft.server.rpc.sleep.time = 25ms (default)
2020-07-17 19:17:32,446 [EventQueue-PipelineReportForPipelineReportHandler] INFO  pipeline.PipelineStateManager (PipelineStateManager.java:openPipeline(131)) - Pipeline Pipeline[ Id: 2f0cf332-3743-4af2-9cda-a57f0b006d91, Nodes: 4747afbe-90ee-49f5-a182-8531c2527e8f{ip: 172.17.0.2, host: 9afa6d03cd7d, networkLocation: /default-rack, certSerialId: null}b62614be-6cdc-4599-9b61-ac2094d3efd2{ip: 172.17.0.2, host: 9afa6d03cd7d, networkLocation: /default-rack, certSerialId: null}12697ddf-1b16-4057-bfeb-ac6f3e0803f5{ip: 172.17.0.2, host: 9afa6d03cd7d, networkLocation: /default-rack, certSerialId: null}, Type:RATIS, Factor:THREE, State:ALLOCATED, leaderId:12697ddf-1b16-4057-bfeb-ac6f3e0803f5, CreationTimestamp2020-07-17T19:17:24.563Z] moved to OPEN state
2020-07-17 19:17:32,475 [EventQueue-OpenPipelineForHealthyPipelineSafeModeRule] INFO  safemode.SCMSafeModeManager (HealthyPipelineSafeModeRule.java:process(129)) - SCM in safe mode. Healthy pipelines reported count is 1, required healthy pipeline reported count is 1
2020-07-17 19:17:32,475 [EventQueue-OpenPipelineForHealthyPipelineSafeModeRule] INFO  safemode.SCMSafeModeManager (SCMSafeModeManager.java:validateSafeModeExitRules(214)) - HealthyPipelineSafeModeRule rule is successfully validated
2020-07-17 19:17:32,475 [EventQueue-OpenPipelineForHealthyPipelineSafeModeRule] INFO  safemode.SCMSafeModeManager (SCMSafeModeManager.java:validateSafeModeExitRules(228)) - ScmSafeModeManager, all rules are successfully validated
2020-07-17 19:17:32,475 [EventQueue-OpenPipelineForHealthyPipelineSafeModeRule] INFO  safemode.SCMSafeModeManager (SCMSafeModeManager.java:exitSafeMode(257)) - SCM exiting safe mode.
2020-07-17 19:17:32,476 [12697ddf-1b16-4057-bfeb-ac6f3e0803f5@group-A57F0B006D91-LeaderElection15] INFO  metrics.RatisMetrics (RatisMetrics.java:lambda$create$0(36)) - Creating Metrics Registry : ratis.log_appender.12697ddf-1b16-4057-bfeb-ac6f3e0803f5@group-A57F0B006D91
2020-07-17 19:17:32,479 [12697ddf-1b16-4057-bfeb-ac6f3e0803f5@group-A57F0B006D91-LeaderElection15] INFO  server.RaftServerConfigKeys (ConfUtils.java:logGet(44)) - raft.server.write.element-limit = 1024 (custom)
2020-07-17 19:17:32,479 [12697ddf-1b16-4057-bfeb-ac6f3e0803f5@group-A57F0B006D91-LeaderElection15] INFO  server.RaftServerConfigKeys (ConfUtils.java:logGet(44)) - raft.server.write.byte-limit = 1073741824 (custom)
2020-07-17 19:17:32,480 [12697ddf-1b16-4057-bfeb-ac6f3e0803f5@group-A57F0B006D91-LeaderElection15] INFO  server.RaftServerConfigKeys (ConfUtils.java:logGet(44)) - raft.server.watch.timeout = 3000ms (custom)
2020-07-17 19:17:32,480 [12697ddf-1b16-4057-bfeb-ac6f3e0803f5@group-A57F0B006D91-LeaderElection15] INFO  server.RaftServerConfigKeys (ConfUtils.java:logGet(44)) - raft.server.watch.timeout.denomination = 1s (default)
2020-07-17 19:17:32,480 [12697ddf-1b16-4057-bfeb-ac6f3e0803f5@group-A57F0B006D91-LeaderElection15] INFO  server.RaftServerConfigKeys (ConfUtils.java:logGet(44)) - raft.server.watch.element-limit = 65536 (default)
2020-07-17 19:17:32,480 [12697ddf-1b16-4057-bfeb-ac6f3e0803f5@group-A57F0B006D91-LeaderElection15] INFO  server.RaftServerConfigKeys (ConfUtils.java:logGet(44)) - raft.server.log.appender.snapshot.chunk.size.max = 16MB (=16777216) (default)
2020-07-17 19:17:32,480 [12697ddf-1b16-4057-bfeb-ac6f3e0803f5@group-A57F0B006D91-LeaderElection15] INFO  server.RaftServerConfigKeys (ConfUtils.java:logGet(44)) - raft.server.log.appender.buffer.byte-limit = 33554432 (custom)
2020-07-17 19:17:32,480 [12697ddf-1b16-4057-bfeb-ac6f3e0803f5@group-A57F0B006D91-LeaderElection15] INFO  server.RaftServerConfigKeys (ConfUtils.java:logGet(44)) - raft.server.log.appender.buffer.element-limit = 1 (custom)
2020-07-17 19:17:32,480 [12697ddf-1b16-4057-bfeb-ac6f3e0803f5@group-A57F0B006D91-LeaderElection15] INFO  grpc.GrpcConfigKeys (ConfUtils.java:logGet(44)) - raft.grpc.server.leader.outstanding.appends.max = 128 (default)
2020-07-17 19:17:32,480 [12697ddf-1b16-4057-bfeb-ac6f3e0803f5@group-A57F0B006D91-LeaderElection15] INFO  server.RaftServerConfigKeys (ConfUtils.java:logGet(44)) - raft.server.rpc.request.timeout = 3000ms (default)
2020-07-17 19:17:32,481 [12697ddf-1b16-4057-bfeb-ac6f3e0803f5@group-A57F0B006D91-LeaderElection15] INFO  server.RaftServerConfigKeys (ConfUtils.java:logGet(44)) - raft.server.log.appender.install.snapshot.enabled = false (custom)
2020-07-17 19:17:32,481 [12697ddf-1b16-4057-bfeb-ac6f3e0803f5@group-A57F0B006D91-LeaderElection15] INFO  metrics.RatisMetrics (RatisMetrics.java:lambda$create$0(36)) - Creating Metrics Registry : ratis_grpc.log_appender.12697ddf-1b16-4057-bfeb-ac6f3e0803f5@group-A57F0B006D91
2020-07-17 19:17:32,482 [12697ddf-1b16-4057-bfeb-ac6f3e0803f5@group-A57F0B006D91-LeaderElection15] INFO  server.RaftServerConfigKeys (ConfUtils.java:logGet(44)) - raft.server.log.appender.snapshot.chunk.size.max = 16MB (=16777216) (default)
2020-07-17 19:17:32,482 [12697ddf-1b16-4057-bfeb-ac6f3e0803f5@group-A57F0B006D91-LeaderElection15] INFO  server.RaftServerConfigKeys (ConfUtils.java:logGet(44)) - raft.server.log.appender.buffer.byte-limit = 33554432 (custom)
2020-07-17 19:17:32,482 [12697ddf-1b16-4057-bfeb-ac6f3e0803f5@group-A57F0B006D91-LeaderElection15] INFO  server.RaftServerConfigKeys (ConfUtils.java:logGet(44)) - raft.server.log.appender.buffer.element-limit = 1 (custom)
2020-07-17 19:17:32,482 [12697ddf-1b16-4057-bfeb-ac6f3e0803f5@group-A57F0B006D91-LeaderElection15] INFO  grpc.GrpcConfigKeys (ConfUtils.java:logGet(44)) - raft.grpc.server.leader.outstanding.appends.max = 128 (default)
2020-07-17 19:17:32,482 [12697ddf-1b16-4057-bfeb-ac6f3e0803f5@group-A57F0B006D91-LeaderElection15] INFO  server.RaftServerConfigKeys (ConfUtils.java:logGet(44)) - raft.server.rpc.request.timeout = 3000ms (default)
2020-07-17 19:17:32,482 [12697ddf-1b16-4057-bfeb-ac6f3e0803f5@group-A57F0B006D91-LeaderElection15] INFO  server.RaftServerConfigKeys (ConfUtils.java:logGet(44)) - raft.server.log.appender.install.snapshot.enabled = false (custom)
2020-07-17 19:17:32,486 [12697ddf-1b16-4057-bfeb-ac6f3e0803f5@group-A57F0B006D91-LeaderElection15] INFO  impl.RoleInfo (RoleInfo.java:updateAndGet(143)) - 12697ddf-1b16-4057-bfeb-ac6f3e0803f5: start LeaderState
2020-07-17 19:17:32,486 [12697ddf-1b16-4057-bfeb-ac6f3e0803f5@group-A57F0B006D91-LeaderElection15] INFO  segmented.SegmentedRaftLogWorker (SegmentedRaftLogWorker.java:startLogSegment(397)) - 12697ddf-1b16-4057-bfeb-ac6f3e0803f5@group-A57F0B006D91-SegmentedRaftLogWorker: Starting segment from index:0
2020-07-17 19:17:32,487 [12697ddf-1b16-4057-bfeb-ac6f3e0803f5@group-A57F0B006D91-SegmentedRaftLogWorker] INFO  segmented.SegmentedRaftLogWorker (SegmentedRaftLogWorker.java:execute(596)) - 12697ddf-1b16-4057-bfeb-ac6f3e0803f5@group-A57F0B006D91-SegmentedRaftLogWorker: created new log segment /github/workspace/mnt/ozone/hadoop-ozone/integration-test/target/test-dir/MiniOzoneClusterImpl-c590ab3c-c15e-4809-9b68-32eb717c380c/datanode-0/data/ratis/2f0cf332-3743-4af2-9cda-a57f0b006d91/current/log_inprogress_0
2020-07-17 19:17:32,494 [12697ddf-1b16-4057-bfeb-ac6f3e0803f5@group-A57F0B006D91-LeaderElection15] INFO  impl.RaftServerImpl (ServerState.java:setRaftConf(356)) - 12697ddf-1b16-4057-bfeb-ac6f3e0803f5@group-A57F0B006D91: set configuration 0: [4747afbe-90ee-49f5-a182-8531c2527e8f:172.17.0.2:32933, b62614be-6cdc-4599-9b61-ac2094d3efd2:172.17.0.2:33125, 12697ddf-1b16-4057-bfeb-ac6f3e0803f5:172.17.0.2:39397], old=null at 0
2020-07-17 19:17:32,501 [grpc-default-executor-1] INFO  ratis.XceiverServerRatis (XceiverServerRatis.java:handleLeaderChangedNotification(820)) - Leader change notification received for group: group-A57F0B006D91 with new leaderId: 12697ddf-1b16-4057-bfeb-ac6f3e0803f5
2020-07-17 19:17:32,501 [grpc-default-executor-1] INFO  impl.RaftServerImpl (ServerState.java:setLeader(255)) - 4747afbe-90ee-49f5-a182-8531c2527e8f@group-A57F0B006D91: change Leader from null to 12697ddf-1b16-4057-bfeb-ac6f3e0803f5 at term 1 for appendEntries, leader elected after 5115ms
2020-07-17 19:17:32,508 [grpc-default-executor-0] INFO  ratis.XceiverServerRatis (XceiverServerRatis.java:handleLeaderChangedNotification(820)) - Leader change notification received for group: group-A57F0B006D91 with new leaderId: 12697ddf-1b16-4057-bfeb-ac6f3e0803f5
2020-07-17 19:17:32,508 [grpc-default-executor-0] INFO  impl.RaftServerImpl (ServerState.java:setLeader(255)) - b62614be-6cdc-4599-9b61-ac2094d3efd2@group-A57F0B006D91: change Leader from null to 12697ddf-1b16-4057-bfeb-ac6f3e0803f5 at term 1 for appendEntries, leader elected after 5083ms
2020-07-17 19:17:32,519 [grpc-default-executor-3] INFO  impl.RaftServerImpl (ServerState.java:setRaftConf(356)) - 4747afbe-90ee-49f5-a182-8531c2527e8f@group-A57F0B006D91: set configuration 0: [4747afbe-90ee-49f5-a182-8531c2527e8f:172.17.0.2:32933, b62614be-6cdc-4599-9b61-ac2094d3efd2:172.17.0.2:33125, 12697ddf-1b16-4057-bfeb-ac6f3e0803f5:172.17.0.2:39397], old=null at 0
2020-07-17 19:17:32,520 [grpc-default-executor-3] INFO  segmented.SegmentedRaftLogWorker (SegmentedRaftLogWorker.java:startLogSegment(397)) - 4747afbe-90ee-49f5-a182-8531c2527e8f@group-A57F0B006D91-SegmentedRaftLogWorker: Starting segment from index:0
2020-07-17 19:17:32,524 [4747afbe-90ee-49f5-a182-8531c2527e8f@group-A57F0B006D91-SegmentedRaftLogWorker] INFO  segmented.SegmentedRaftLogWorker (SegmentedRaftLogWorker.java:execute(596)) - 4747afbe-90ee-49f5-a182-8531c2527e8f@group-A57F0B006D91-SegmentedRaftLogWorker: created new log segment /github/workspace/mnt/ozone/hadoop-ozone/integration-test/target/test-dir/MiniOzoneClusterImpl-c590ab3c-c15e-4809-9b68-32eb717c380c/datanode-1/data/ratis/2f0cf332-3743-4af2-9cda-a57f0b006d91/current/log_inprogress_0
2020-07-17 19:17:32,530 [grpc-default-executor-0] INFO  impl.RaftServerImpl (ServerState.java:setRaftConf(356)) - b62614be-6cdc-4599-9b61-ac2094d3efd2@group-A57F0B006D91: set configuration 0: [4747afbe-90ee-49f5-a182-8531c2527e8f:172.17.0.2:32933, b62614be-6cdc-4599-9b61-ac2094d3efd2:172.17.0.2:33125, 12697ddf-1b16-4057-bfeb-ac6f3e0803f5:172.17.0.2:39397], old=null at 0
2020-07-17 19:17:32,530 [grpc-default-executor-0] INFO  segmented.SegmentedRaftLogWorker (SegmentedRaftLogWorker.java:startLogSegment(397)) - b62614be-6cdc-4599-9b61-ac2094d3efd2@group-A57F0B006D91-SegmentedRaftLogWorker: Starting segment from index:0
2020-07-17 19:17:32,532 [grpc-default-executor-1] INFO  impl.RaftServerImpl (RaftServerImpl.java:requestVote(832)) - b62614be-6cdc-4599-9b61-ac2094d3efd2@group-A57F0B006D91- FOLLOWER: Withhold vote from candidate 12697ddf-1b16-4057-bfeb-ac6f3e0803f5 with term 1. State: leader=12697ddf-1b16-4057-bfeb-ac6f3e0803f5, term=1, lastRpcElapsed=12ms
2020-07-17 19:17:32,534 [b62614be-6cdc-4599-9b61-ac2094d3efd2@group-A57F0B006D91-SegmentedRaftLogWorker] INFO  segmented.SegmentedRaftLogWorker (SegmentedRaftLogWorker.java:execute(596)) - b62614be-6cdc-4599-9b61-ac2094d3efd2@group-A57F0B006D91-SegmentedRaftLogWorker: created new log segment /github/workspace/mnt/ozone/hadoop-ozone/integration-test/target/test-dir/MiniOzoneClusterImpl-c590ab3c-c15e-4809-9b68-32eb717c380c/datanode-2/data/ratis/2f0cf332-3743-4af2-9cda-a57f0b006d91/current/log_inprogress_0
2020-07-17 19:17:32,604 [Thread-593] INFO  impl.FollowerState (FollowerState.java:run(108)) - 4747afbe-90ee-49f5-a182-8531c2527e8f@group-A94371DAC0B1-FollowerState: change to CANDIDATE, lastRpcTime:5140ms, electionTimeout:5138ms
2020-07-17 19:17:32,605 [Thread-593] INFO  impl.RoleInfo (RoleInfo.java:shutdownFollowerState(121)) - 4747afbe-90ee-49f5-a182-8531c2527e8f: shutdown FollowerState
2020-07-17 19:17:32,605 [Thread-593] INFO  impl.RaftServerImpl (RaftServerImpl.java:setRole(175)) - 4747afbe-90ee-49f5-a182-8531c2527e8f@group-A94371DAC0B1: changes role from  FOLLOWER to CANDIDATE at term 0 for changeToCandidate
2020-07-17 19:17:32,605 [Thread-593] INFO  impl.RoleInfo (RoleInfo.java:updateAndGet(143)) - 4747afbe-90ee-49f5-a182-8531c2527e8f: start LeaderElection
2020-07-17 19:17:32,608 [4747afbe-90ee-49f5-a182-8531c2527e8f@group-A94371DAC0B1-LeaderElection16] INFO  impl.LeaderElection (LeaderElection.java:askForVotes(206)) - 4747afbe-90ee-49f5-a182-8531c2527e8f@group-A94371DAC0B1-LeaderElection16: begin an election at term 1 for -1: [4747afbe-90ee-49f5-a182-8531c2527e8f:172.17.0.2:32933], old=null
2020-07-17 19:17:32,608 [4747afbe-90ee-49f5-a182-8531c2527e8f@group-A94371DAC0B1-LeaderElection16] INFO  impl.RoleInfo (RoleInfo.java:shutdownLeaderElection(134)) - 4747afbe-90ee-49f5-a182-8531c2527e8f: shutdown LeaderElection
2020-07-17 19:17:32,608 [4747afbe-90ee-49f5-a182-8531c2527e8f@group-A94371DAC0B1-LeaderElection16] INFO  impl.RaftServerImpl (RaftServerImpl.java:setRole(175)) - 4747afbe-90ee-49f5-a182-8531c2527e8f@group-A94371DAC0B1: changes role from CANDIDATE to LEADER at term 1 for changeToLeader
2020-07-17 19:17:32,608 [4747afbe-90ee-49f5-a182-8531c2527e8f@group-A94371DAC0B1-LeaderElection16] INFO  ratis.XceiverServerRatis (XceiverServerRatis.java:handleLeaderChangedNotification(820)) - Leader change notification received for group: group-A94371DAC0B1 with new leaderId: 4747afbe-90ee-49f5-a182-8531c2527e8f
2020-07-17 19:17:32,608 [4747afbe-90ee-49f5-a182-8531c2527e8f@group-A94371DAC0B1-LeaderElection16] INFO  impl.RaftServerImpl (ServerState.java:setLeader(255)) - 4747afbe-90ee-49f5-a182-8531c2527e8f@group-A94371DAC0B1: change Leader from null to 4747afbe-90ee-49f5-a182-8531c2527e8f at term 1 for becomeLeader, leader elected after 5152ms
2020-07-17 19:17:32,609 [4747afbe-90ee-49f5-a182-8531c2527e8f@group-A94371DAC0B1-LeaderElection16] INFO  server.RaftServerConfigKeys (ConfUtils.java:logGet(44)) - raft.server.staging.catchup.gap = 1000 (default)
2020-07-17 19:17:32,609 [4747afbe-90ee-49f5-a182-8531c2527e8f@group-A94371DAC0B1-LeaderElection16] INFO  server.RaftServerConfigKeys (ConfUtils.java:logGet(44)) - raft.server.rpc.sleep.time = 25ms (default)
2020-07-17 19:17:32,609 [4747afbe-90ee-49f5-a182-8531c2527e8f@group-A94371DAC0B1-LeaderElection16] INFO  metrics.RatisMetrics (RatisMetrics.java:lambda$create$0(36)) - Creating Metrics Registry : ratis.log_appender.4747afbe-90ee-49f5-a182-8531c2527e8f@group-A94371DAC0B1
2020-07-17 19:17:32,609 [4747afbe-90ee-49f5-a182-8531c2527e8f@group-A94371DAC0B1-LeaderElection16] INFO  server.RaftServerConfigKeys (ConfUtils.java:logGet(44)) - raft.server.write.element-limit = 1024 (custom)
2020-07-17 19:17:32,609 [4747afbe-90ee-49f5-a182-8531c2527e8f@group-A94371DAC0B1-LeaderElection16] INFO  server.RaftServerConfigKeys (ConfUtils.java:logGet(44)) - raft.server.write.byte-limit = 1073741824 (custom)
2020-07-17 19:17:32,610 [4747afbe-90ee-49f5-a182-8531c2527e8f@group-A94371DAC0B1-LeaderElection16] INFO  server.RaftServerConfigKeys (ConfUtils.java:logGet(44)) - raft.server.watch.timeout = 3000ms (custom)
2020-07-17 19:17:32,610 [4747afbe-90ee-49f5-a182-8531c2527e8f@group-A94371DAC0B1-LeaderElection16] INFO  server.RaftServerConfigKeys (ConfUtils.java:logGet(44)) - raft.server.watch.timeout.denomination = 1s (default)
2020-07-17 19:17:32,610 [4747afbe-90ee-49f5-a182-8531c2527e8f@group-A94371DAC0B1-LeaderElection16] INFO  server.RaftServerConfigKeys (ConfUtils.java:logGet(44)) - raft.server.watch.element-limit = 65536 (default)
2020-07-17 19:17:32,610 [4747afbe-90ee-49f5-a182-8531c2527e8f@group-A94371DAC0B1-LeaderElection16] INFO  impl.RoleInfo (RoleInfo.java:updateAndGet(143)) - 4747afbe-90ee-49f5-a182-8531c2527e8f: start LeaderState
2020-07-17 19:17:32,611 [4747afbe-90ee-49f5-a182-8531c2527e8f@group-A94371DAC0B1-LeaderElection16] INFO  segmented.SegmentedRaftLogWorker (SegmentedRaftLogWorker.java:startLogSegment(397)) - 4747afbe-90ee-49f5-a182-8531c2527e8f@group-A94371DAC0B1-SegmentedRaftLogWorker: Starting segment from index:0
2020-07-17 19:17:32,611 [4747afbe-90ee-49f5-a182-8531c2527e8f@group-A94371DAC0B1-LeaderElection16] INFO  impl.RaftServerImpl (ServerState.java:setRaftConf(356)) - 4747afbe-90ee-49f5-a182-8531c2527e8f@group-A94371DAC0B1: set configuration 0: [4747afbe-90ee-49f5-a182-8531c2527e8f:172.17.0.2:32933], old=null at 0
2020-07-17 19:17:32,613 [4747afbe-90ee-49f5-a182-8531c2527e8f@group-A94371DAC0B1-SegmentedRaftLogWorker] INFO  segmented.SegmentedRaftLogWorker (SegmentedRaftLogWorker.java:execute(596)) - 4747afbe-90ee-49f5-a182-8531c2527e8f@group-A94371DAC0B1-SegmentedRaftLogWorker: created new log segment /github/workspace/mnt/ozone/hadoop-ozone/integration-test/target/test-dir/MiniOzoneClusterImpl-c590ab3c-c15e-4809-9b68-32eb717c380c/datanode-1/data/ratis/fa8257d5-b38a-4f90-8f41-a94371dac0b1/current/log_inprogress_0
2020-07-17 19:17:32,630 [Thread-595] INFO  impl.FollowerState (FollowerState.java:run(108)) - b62614be-6cdc-4599-9b61-ac2094d3efd2@group-1E8D9CB792E8-FollowerState: change to CANDIDATE, lastRpcTime:5058ms, electionTimeout:5058ms
2020-07-17 19:17:32,630 [Thread-595] INFO  impl.RoleInfo (RoleInfo.java:shutdownFollowerState(121)) - b62614be-6cdc-4599-9b61-ac2094d3efd2: shutdown FollowerState
2020-07-17 19:17:32,630 [Thread-595] INFO  impl.RaftServerImpl (RaftServerImpl.java:setRole(175)) - b62614be-6cdc-4599-9b61-ac2094d3efd2@group-1E8D9CB792E8: changes role from  FOLLOWER to CANDIDATE at term 0 for changeToCandidate
2020-07-17 19:17:32,630 [Thread-595] INFO  impl.RoleInfo (RoleInfo.java:updateAndGet(143)) - b62614be-6cdc-4599-9b61-ac2094d3efd2: start LeaderElection
2020-07-17 19:17:32,634 [b62614be-6cdc-4599-9b61-ac2094d3efd2@group-1E8D9CB792E8-LeaderElection17] INFO  impl.LeaderElection (LeaderElection.java:askForVotes(206)) - b62614be-6cdc-4599-9b61-ac2094d3efd2@group-1E8D9CB792E8-LeaderElection17: begin an election at term 1 for -1: [b62614be-6cdc-4599-9b61-ac2094d3efd2:172.17.0.2:33125], old=null
2020-07-17 19:17:32,634 [b62614be-6cdc-4599-9b61-ac2094d3efd2@group-1E8D9CB792E8-LeaderElection17] INFO  impl.RoleInfo (RoleInfo.java:shutdownLeaderElection(134)) - b62614be-6cdc-4599-9b61-ac2094d3efd2: shutdown LeaderElection
2020-07-17 19:17:32,634 [b62614be-6cdc-4599-9b61-ac2094d3efd2@group-1E8D9CB792E8-LeaderElection17] INFO  impl.RaftServerImpl (RaftServerImpl.java:setRole(175)) - b62614be-6cdc-4599-9b61-ac2094d3efd2@group-1E8D9CB792E8: changes role from CANDIDATE to LEADER at term 1 for changeToLeader
2020-07-17 19:17:32,634 [b62614be-6cdc-4599-9b61-ac2094d3efd2@group-1E8D9CB792E8-LeaderElection17] INFO  ratis.XceiverServerRatis (XceiverServerRatis.java:handleLeaderChangedNotification(820)) - Leader change notification received for group: group-1E8D9CB792E8 with new leaderId: b62614be-6cdc-4599-9b61-ac2094d3efd2
2020-07-17 19:17:32,634 [b62614be-6cdc-4599-9b61-ac2094d3efd2@group-1E8D9CB792E8-LeaderElection17] INFO  impl.RaftServerImpl (ServerState.java:setLeader(255)) - b62614be-6cdc-4599-9b61-ac2094d3efd2@group-1E8D9CB792E8: change Leader from null to b62614be-6cdc-4599-9b61-ac2094d3efd2 at term 1 for becomeLeader, leader elected after 5070ms
2020-07-17 19:17:32,638 [b62614be-6cdc-4599-9b61-ac2094d3efd2@group-1E8D9CB792E8-LeaderElection17] INFO  server.RaftServerConfigKeys (ConfUtils.java:logGet(44)) - raft.server.staging.catchup.gap = 1000 (default)
2020-07-17 19:17:32,638 [b62614be-6cdc-4599-9b61-ac2094d3efd2@group-1E8D9CB792E8-LeaderElection17] INFO  server.RaftServerConfigKeys (ConfUtils.java:logGet(44)) - raft.server.rpc.sleep.time = 25ms (default)
2020-07-17 19:17:32,638 [b62614be-6cdc-4599-9b61-ac2094d3efd2@group-1E8D9CB792E8-LeaderElection17] INFO  metrics.RatisMetrics (RatisMetrics.java:lambda$create$0(36)) - Creating Metrics Registry : ratis.log_appender.b62614be-6cdc-4599-9b61-ac2094d3efd2@group-1E8D9CB792E8
2020-07-17 19:17:32,639 [b62614be-6cdc-4599-9b61-ac2094d3efd2@group-1E8D9CB792E8-LeaderElection17] INFO  server.RaftServerConfigKeys (ConfUtils.java:logGet(44)) - raft.server.write.element-limit = 1024 (custom)
2020-07-17 19:17:32,639 [b62614be-6cdc-4599-9b61-ac2094d3efd2@group-1E8D9CB792E8-LeaderElection17] INFO  server.RaftServerConfigKeys (ConfUtils.java:logGet(44)) - raft.server.write.byte-limit = 1073741824 (custom)
2020-07-17 19:17:32,639 [b62614be-6cdc-4599-9b61-ac2094d3efd2@group-1E8D9CB792E8-LeaderElection17] INFO  server.RaftServerConfigKeys (ConfUtils.java:logGet(44)) - raft.server.watch.timeout = 3000ms (custom)
2020-07-17 19:17:32,639 [b62614be-6cdc-4599-9b61-ac2094d3efd2@group-1E8D9CB792E8-LeaderElection17] INFO  server.RaftServerConfigKeys (ConfUtils.java:logGet(44)) - raft.server.watch.timeout.denomination = 1s (default)
2020-07-17 19:17:32,639 [b62614be-6cdc-4599-9b61-ac2094d3efd2@group-1E8D9CB792E8-LeaderElection17] INFO  server.RaftServerConfigKeys (ConfUtils.java:logGet(44)) - raft.server.watch.element-limit = 65536 (default)
2020-07-17 19:17:32,639 [b62614be-6cdc-4599-9b61-ac2094d3efd2@group-1E8D9CB792E8-LeaderElection17] INFO  impl.RoleInfo (RoleInfo.java:updateAndGet(143)) - b62614be-6cdc-4599-9b61-ac2094d3efd2: start LeaderState
2020-07-17 19:17:32,640 [b62614be-6cdc-4599-9b61-ac2094d3efd2@group-1E8D9CB792E8-LeaderElection17] INFO  segmented.SegmentedRaftLogWorker (SegmentedRaftLogWorker.java:startLogSegment(397)) - b62614be-6cdc-4599-9b61-ac2094d3efd2@group-1E8D9CB792E8-SegmentedRaftLogWorker: Starting segment from index:0
2020-07-17 19:17:32,641 [b62614be-6cdc-4599-9b61-ac2094d3efd2@group-1E8D9CB792E8-LeaderElection17] INFO  impl.RaftServerImpl (ServerState.java:setRaftConf(356)) - b62614be-6cdc-4599-9b61-ac2094d3efd2@group-1E8D9CB792E8: set configuration 0: [b62614be-6cdc-4599-9b61-ac2094d3efd2:172.17.0.2:33125], old=null at 0
2020-07-17 19:17:32,641 [b62614be-6cdc-4599-9b61-ac2094d3efd2@group-1E8D9CB792E8-SegmentedRaftLogWorker] INFO  segmented.SegmentedRaftLogWorker (SegmentedRaftLogWorker.java:execute(596)) - b62614be-6cdc-4599-9b61-ac2094d3efd2@group-1E8D9CB792E8-SegmentedRaftLogWorker: created new log segment /github/workspace/mnt/ozone/hadoop-ozone/integration-test/target/test-dir/MiniOzoneClusterImpl-c590ab3c-c15e-4809-9b68-32eb717c380c/datanode-2/data/ratis/7d1f19cb-8034-4257-b48b-1e8d9cb792e8/current/log_inprogress_0
2020-07-17 19:17:32,817 [Thread-599] INFO  impl.FollowerState (FollowerState.java:run(108)) - f9da59ee-ab34-4454-930b-d6e716de1fdb@group-AB3D389E7D10-FollowerState: change to CANDIDATE, lastRpcTime:5062ms, electionTimeout:5056ms
2020-07-17 19:17:32,817 [Thread-599] INFO  impl.RoleInfo (RoleInfo.java:shutdownFollowerState(121)) - f9da59ee-ab34-4454-930b-d6e716de1fdb: shutdown FollowerState
2020-07-17 19:17:32,817 [Thread-599] INFO  impl.RaftServerImpl (RaftServerImpl.java:setRole(175)) - f9da59ee-ab34-4454-930b-d6e716de1fdb@group-AB3D389E7D10: changes role from  FOLLOWER to CANDIDATE at term 0 for changeToCandidate
2020-07-17 19:17:32,817 [Thread-599] INFO  impl.RoleInfo (RoleInfo.java:updateAndGet(143)) - f9da59ee-ab34-4454-930b-d6e716de1fdb: start LeaderElection
2020-07-17 19:17:32,823 [f9da59ee-ab34-4454-930b-d6e716de1fdb@group-AB3D389E7D10-LeaderElection18] INFO  impl.LeaderElection (LeaderElection.java:askForVotes(206)) - f9da59ee-ab34-4454-930b-d6e716de1fdb@group-AB3D389E7D10-LeaderElection18: begin an election at term 1 for -1: [eb14cfe2-9ec6-48cf-a414-5c9390614653:172.17.0.2:34735, f9da59ee-ab34-4454-930b-d6e716de1fdb:172.17.0.2:38153, ff149fa5-9438-4271-a257-312acf7350ed:172.17.0.2:46309], old=null
2020-07-17 19:17:32,836 [grpc-default-executor-1] INFO  impl.RaftServerImpl (RaftServerImpl.java:setRole(175)) - eb14cfe2-9ec6-48cf-a414-5c9390614653@group-AB3D389E7D10: changes role from  FOLLOWER to FOLLOWER at term 1 for recognizeCandidate:f9da59ee-ab34-4454-930b-d6e716de1fdb
2020-07-17 19:17:32,836 [grpc-default-executor-1] INFO  impl.RoleInfo (RoleInfo.java:shutdownFollowerState(121)) - eb14cfe2-9ec6-48cf-a414-5c9390614653: shutdown FollowerState
2020-07-17 19:17:32,837 [grpc-default-executor-1] INFO  impl.RoleInfo (RoleInfo.java:updateAndGet(143)) - eb14cfe2-9ec6-48cf-a414-5c9390614653: start FollowerState
2020-07-17 19:17:32,837 [Thread-601] INFO  impl.FollowerState (FollowerState.java:run(117)) - eb14cfe2-9ec6-48cf-a414-5c9390614653@group-AB3D389E7D10-FollowerState was interrupted: java.lang.InterruptedException: sleep interrupted
2020-07-17 19:17:32,841 [grpc-default-executor-2] INFO  impl.RaftServerImpl (RaftServerImpl.java:setRole(175)) - ff149fa5-9438-4271-a257-312acf7350ed@group-AB3D389E7D10: changes role from  FOLLOWER to FOLLOWER at term 1 for recognizeCandidate:f9da59ee-ab34-4454-930b-d6e716de1fdb
2020-07-17 19:17:32,842 [grpc-default-executor-2] INFO  impl.RoleInfo (RoleInfo.java:shutdownFollowerState(121)) - ff149fa5-9438-4271-a257-312acf7350ed: shutdown FollowerState
2020-07-17 19:17:32,842 [grpc-default-executor-2] INFO  impl.RoleInfo (RoleInfo.java:updateAndGet(143)) - ff149fa5-9438-4271-a257-312acf7350ed: start FollowerState
2020-07-17 19:17:32,842 [Thread-604] INFO  impl.FollowerState (FollowerState.java:run(117)) - ff149fa5-9438-4271-a257-312acf7350ed@group-AB3D389E7D10-FollowerState was interrupted: java.lang.InterruptedException: sleep interrupted
2020-07-17 19:17:32,843 [f9da59ee-ab34-4454-930b-d6e716de1fdb@group-AB3D389E7D10-LeaderElection18] INFO  impl.LeaderElection (LeaderElection.java:logAndReturn(61)) - f9da59ee-ab34-4454-930b-d6e716de1fdb@group-AB3D389E7D10-LeaderElection18: Election PASSED; received 1 response(s) [f9da59ee-ab34-4454-930b-d6e716de1fdb<-eb14cfe2-9ec6-48cf-a414-5c9390614653#0:OK-t1] and 0 exception(s); f9da59ee-ab34-4454-930b-d6e716de1fdb@group-AB3D389E7D10:t1, leader=null, voted=f9da59ee-ab34-4454-930b-d6e716de1fdb, raftlog=f9da59ee-ab34-4454-930b-d6e716de1fdb@group-AB3D389E7D10-SegmentedRaftLog:OPENED:c-1,f-1,i0, conf=-1: [eb14cfe2-9ec6-48cf-a414-5c9390614653:172.17.0.2:34735, f9da59ee-ab34-4454-930b-d6e716de1fdb:172.17.0.2:38153, ff149fa5-9438-4271-a257-312acf7350ed:172.17.0.2:46309], old=null
2020-07-17 19:17:32,845 [f9da59ee-ab34-4454-930b-d6e716de1fdb@group-AB3D389E7D10-LeaderElection18] INFO  impl.RoleInfo (RoleInfo.java:shutdownLeaderElection(134)) - f9da59ee-ab34-4454-930b-d6e716de1fdb: shutdown LeaderElection
2020-07-17 19:17:32,845 [f9da59ee-ab34-4454-930b-d6e716de1fdb@group-AB3D389E7D10-LeaderElection18] INFO  impl.RaftServerImpl (RaftServerImpl.java:setRole(175)) - f9da59ee-ab34-4454-930b-d6e716de1fdb@group-AB3D389E7D10: changes role from CANDIDATE to LEADER at term 1 for changeToLeader
2020-07-17 19:17:32,845 [f9da59ee-ab34-4454-930b-d6e716de1fdb@group-AB3D389E7D10-LeaderElection18] INFO  ratis.XceiverServerRatis (XceiverServerRatis.java:handleLeaderChangedNotification(820)) - Leader change notification received for group: group-AB3D389E7D10 with new leaderId: f9da59ee-ab34-4454-930b-d6e716de1fdb
2020-07-17 19:17:32,845 [f9da59ee-ab34-4454-930b-d6e716de1fdb@group-AB3D389E7D10-LeaderElection18] INFO  impl.RaftServerImpl (ServerState.java:setLeader(255)) - f9da59ee-ab34-4454-930b-d6e716de1fdb@group-AB3D389E7D10: change Leader from null to f9da59ee-ab34-4454-930b-d6e716de1fdb at term 1 for becomeLeader, leader elected after 5098ms
2020-07-17 19:17:32,846 [f9da59ee-ab34-4454-930b-d6e716de1fdb@group-AB3D389E7D10-LeaderElection18] INFO  server.RaftServerConfigKeys (ConfUtils.java:logGet(44)) - raft.server.staging.catchup.gap = 1000 (default)
2020-07-17 19:17:32,846 [f9da59ee-ab34-4454-930b-d6e716de1fdb@group-AB3D389E7D10-LeaderElection18] INFO  server.RaftServerConfigKeys (ConfUtils.java:logGet(44)) - raft.server.rpc.sleep.time = 25ms (default)
2020-07-17 19:17:32,846 [f9da59ee-ab34-4454-930b-d6e716de1fdb@group-AB3D389E7D10-LeaderElection18] INFO  metrics.RatisMetrics (RatisMetrics.java:lambda$create$0(36)) - Creating Metrics Registry : ratis.log_appender.f9da59ee-ab34-4454-930b-d6e716de1fdb@group-AB3D389E7D10
2020-07-17 19:17:32,846 [f9da59ee-ab34-4454-930b-d6e716de1fdb@group-AB3D389E7D10-LeaderElection18] INFO  server.RaftServerConfigKeys (ConfUtils.java:logGet(44)) - raft.server.write.element-limit = 1024 (custom)
2020-07-17 19:17:32,846 [f9da59ee-ab34-4454-930b-d6e716de1fdb@group-AB3D389E7D10-LeaderElection18] INFO  server.RaftServerConfigKeys (ConfUtils.java:logGet(44)) - raft.server.write.byte-limit = 1073741824 (custom)
2020-07-17 19:17:32,848 [EventQueue-PipelineReportForPipelineReportHandler] INFO  pipeline.PipelineStateManager (PipelineStateManager.java:openPipeline(131)) - Pipeline Pipeline[ Id: cb6ec86d-2c34-4a3f-918c-ab3d389e7d10, Nodes: eb14cfe2-9ec6-48cf-a414-5c9390614653{ip: 172.17.0.2, host: 9afa6d03cd7d, networkLocation: /default-rack, certSerialId: null}ff149fa5-9438-4271-a257-312acf7350ed{ip: 172.17.0.2, host: 9afa6d03cd7d, networkLocation: /default-rack, certSerialId: null}f9da59ee-ab34-4454-930b-d6e716de1fdb{ip: 172.17.0.2, host: 9afa6d03cd7d, networkLocation: /default-rack, certSerialId: null}, Type:RATIS, Factor:THREE, State:ALLOCATED, leaderId:f9da59ee-ab34-4454-930b-d6e716de1fdb, CreationTimestamp2020-07-17T19:17:24.959Z] moved to OPEN state
2020-07-17 19:17:32,850 [f9da59ee-ab34-4454-930b-d6e716de1fdb@group-AB3D389E7D10-LeaderElection18] INFO  server.RaftServerConfigKeys (ConfUtils.java:logGet(44)) - raft.server.watch.timeout = 3000ms (custom)
2020-07-17 19:17:32,850 [f9da59ee-ab34-4454-930b-d6e716de1fdb@group-AB3D389E7D10-LeaderElection18] INFO  server.RaftServerConfigKeys (ConfUtils.java:logGet(44)) - raft.server.watch.timeout.denomination = 1s (default)
2020-07-17 19:17:32,850 [f9da59ee-ab34-4454-930b-d6e716de1fdb@group-AB3D389E7D10-LeaderElection18] INFO  server.RaftServerConfigKeys (ConfUtils.java:logGet(44)) - raft.server.watch.element-limit = 65536 (default)
2020-07-17 19:17:32,850 [f9da59ee-ab34-4454-930b-d6e716de1fdb@group-AB3D389E7D10-LeaderElection18] INFO  server.RaftServerConfigKeys (ConfUtils.java:logGet(44)) - raft.server.log.appender.snapshot.chunk.size.max = 16MB (=16777216) (default)
2020-07-17 19:17:32,850 [f9da59ee-ab34-4454-930b-d6e716de1fdb@group-AB3D389E7D10-LeaderElection18] INFO  server.RaftServerConfigKeys (ConfUtils.java:logGet(44)) - raft.server.log.appender.buffer.byte-limit = 33554432 (custom)
2020-07-17 19:17:32,850 [f9da59ee-ab34-4454-930b-d6e716de1fdb@group-AB3D389E7D10-LeaderElection18] INFO  server.RaftServerConfigKeys (ConfUtils.java:logGet(44)) - raft.server.log.appender.buffer.element-limit = 1 (custom)
2020-07-17 19:17:32,851 [f9da59ee-ab34-4454-930b-d6e716de1fdb@group-AB3D389E7D10-LeaderElection18] INFO  grpc.GrpcConfigKeys (ConfUtils.java:logGet(44)) - raft.grpc.server.leader.outstanding.appends.max = 128 (default)
2020-07-17 19:17:32,851 [f9da59ee-ab34-4454-930b-d6e716de1fdb@group-AB3D389E7D10-LeaderElection18] INFO  server.RaftServerConfigKeys (ConfUtils.java:logGet(44)) - raft.server.rpc.request.timeout = 3000ms (default)
2020-07-17 19:17:32,851 [f9da59ee-ab34-4454-930b-d6e716de1fdb@group-AB3D389E7D10-LeaderElection18] INFO  server.RaftServerConfigKeys (ConfUtils.java:logGet(44)) - raft.server.log.appender.install.snapshot.enabled = false (custom)
2020-07-17 19:17:32,851 [f9da59ee-ab34-4454-930b-d6e716de1fdb@group-AB3D389E7D10-LeaderElection18] INFO  metrics.RatisMetrics (RatisMetrics.java:lambda$create$0(36)) - Creating Metrics Registry : ratis_grpc.log_appender.f9da59ee-ab34-4454-930b-d6e716de1fdb@group-AB3D389E7D10
2020-07-17 19:17:32,852 [f9da59ee-ab34-4454-930b-d6e716de1fdb@group-AB3D389E7D10-LeaderElection18] INFO  server.RaftServerConfigKeys (ConfUtils.java:logGet(44)) - raft.server.log.appender.snapshot.chunk.size.max = 16MB (=16777216) (default)
2020-07-17 19:17:32,852 [f9da59ee-ab34-4454-930b-d6e716de1fdb@group-AB3D389E7D10-LeaderElection18] INFO  server.RaftServerConfigKeys (ConfUtils.java:logGet(44)) - raft.server.log.appender.buffer.byte-limit = 33554432 (custom)
2020-07-17 19:17:32,853 [f9da59ee-ab34-4454-930b-d6e716de1fdb@group-AB3D389E7D10-LeaderElection18] INFO  server.RaftServerConfigKeys (ConfUtils.java:logGet(44)) - raft.server.log.appender.buffer.element-limit = 1 (custom)
2020-07-17 19:17:32,853 [f9da59ee-ab34-4454-930b-d6e716de1fdb@group-AB3D389E7D10-LeaderElection18] INFO  grpc.GrpcConfigKeys (ConfUtils.java:logGet(44)) - raft.grpc.server.leader.outstanding.appends.max = 128 (default)
2020-07-17 19:17:32,853 [f9da59ee-ab34-4454-930b-d6e716de1fdb@group-AB3D389E7D10-LeaderElection18] INFO  server.RaftServerConfigKeys (ConfUtils.java:logGet(44)) - raft.server.rpc.request.timeout = 3000ms (default)
2020-07-17 19:17:32,853 [f9da59ee-ab34-4454-930b-d6e716de1fdb@group-AB3D389E7D10-LeaderElection18] INFO  server.RaftServerConfigKeys (ConfUtils.java:logGet(44)) - raft.server.log.appender.install.snapshot.enabled = false (custom)
2020-07-17 19:17:32,854 [f9da59ee-ab34-4454-930b-d6e716de1fdb@group-AB3D389E7D10-LeaderElection18] INFO  impl.RoleInfo (RoleInfo.java:updateAndGet(143)) - f9da59ee-ab34-4454-930b-d6e716de1fdb: start LeaderState
2020-07-17 19:17:32,855 [f9da59ee-ab34-4454-930b-d6e716de1fdb@group-AB3D389E7D10-LeaderElection18] INFO  segmented.SegmentedRaftLogWorker (SegmentedRaftLogWorker.java:startLogSegment(397)) - f9da59ee-ab34-4454-930b-d6e716de1fdb@group-AB3D389E7D10-SegmentedRaftLogWorker: Starting segment from index:0
2020-07-17 19:17:32,858 [f9da59ee-ab34-4454-930b-d6e716de1fdb@group-AB3D389E7D10-SegmentedRaftLogWorker] INFO  segmented.SegmentedRaftLogWorker (SegmentedRaftLogWorker.java:execute(596)) - f9da59ee-ab34-4454-930b-d6e716de1fdb@group-AB3D389E7D10-SegmentedRaftLogWorker: created new log segment /github/workspace/mnt/ozone/hadoop-ozone/integration-test/target/test-dir/MiniOzoneClusterImpl-c590ab3c-c15e-4809-9b68-32eb717c380c/datanode-3/data/ratis/cb6ec86d-2c34-4a3f-918c-ab3d389e7d10/current/log_inprogress_0
2020-07-17 19:17:32,862 [f9da59ee-ab34-4454-930b-d6e716de1fdb@group-AB3D389E7D10-LeaderElection18] INFO  impl.RaftServerImpl (ServerState.java:setRaftConf(356)) - f9da59ee-ab34-4454-930b-d6e716de1fdb@group-AB3D389E7D10: set configuration 0: [eb14cfe2-9ec6-48cf-a414-5c9390614653:172.17.0.2:34735, f9da59ee-ab34-4454-930b-d6e716de1fdb:172.17.0.2:38153, ff149fa5-9438-4271-a257-312acf7350ed:172.17.0.2:46309], old=null at 0
2020-07-17 19:17:32,868 [grpc-default-executor-2] INFO  ratis.XceiverServerRatis (XceiverServerRatis.java:handleLeaderChangedNotification(820)) - Leader change notification received for group: group-AB3D389E7D10 with new leaderId: f9da59ee-ab34-4454-930b-d6e716de1fdb
2020-07-17 19:17:32,868 [grpc-default-executor-2] INFO  impl.RaftServerImpl (ServerState.java:setLeader(255)) - eb14cfe2-9ec6-48cf-a414-5c9390614653@group-AB3D389E7D10: change Leader from null to f9da59ee-ab34-4454-930b-d6e716de1fdb at term 1 for appendEntries, leader elected after 5087ms
2020-07-17 19:17:32,874 [grpc-default-executor-2] INFO  impl.RaftServerImpl (ServerState.java:setRaftConf(356)) - eb14cfe2-9ec6-48cf-a414-5c9390614653@group-AB3D389E7D10: set configuration 0: [eb14cfe2-9ec6-48cf-a414-5c9390614653:172.17.0.2:34735, f9da59ee-ab34-4454-930b-d6e716de1fdb:172.17.0.2:38153, ff149fa5-9438-4271-a257-312acf7350ed:172.17.0.2:46309], old=null at 0
2020-07-17 19:17:32,875 [grpc-default-executor-2] INFO  segmented.SegmentedRaftLogWorker (SegmentedRaftLogWorker.java:startLogSegment(397)) - eb14cfe2-9ec6-48cf-a414-5c9390614653@group-AB3D389E7D10-SegmentedRaftLogWorker: Starting segment from index:0
2020-07-17 19:17:32,876 [grpc-default-executor-2] INFO  ratis.XceiverServerRatis (XceiverServerRatis.java:handleLeaderChangedNotification(820)) - Leader change notification received for group: group-AB3D389E7D10 with new leaderId: f9da59ee-ab34-4454-930b-d6e716de1fdb
2020-07-17 19:17:32,876 [eb14cfe2-9ec6-48cf-a414-5c9390614653@group-AB3D389E7D10-SegmentedRaftLogWorker] INFO  segmented.SegmentedRaftLogWorker (SegmentedRaftLogWorker.java:execute(596)) - eb14cfe2-9ec6-48cf-a414-5c9390614653@group-AB3D389E7D10-SegmentedRaftLogWorker: created new log segment /github/workspace/mnt/ozone/hadoop-ozone/integration-test/target/test-dir/MiniOzoneClusterImpl-c590ab3c-c15e-4809-9b68-32eb717c380c/datanode-5/data/ratis/cb6ec86d-2c34-4a3f-918c-ab3d389e7d10/current/log_inprogress_0
2020-07-17 19:17:32,876 [grpc-default-executor-2] INFO  impl.RaftServerImpl (ServerState.java:setLeader(255)) - ff149fa5-9438-4271-a257-312acf7350ed@group-AB3D389E7D10: change Leader from null to f9da59ee-ab34-4454-930b-d6e716de1fdb at term 1 for appendEntries, leader elected after 5068ms
2020-07-17 19:17:32,885 [grpc-default-executor-2] INFO  impl.RaftServerImpl (ServerState.java:setRaftConf(356)) - ff149fa5-9438-4271-a257-312acf7350ed@group-AB3D389E7D10: set configuration 0: [eb14cfe2-9ec6-48cf-a414-5c9390614653:172.17.0.2:34735, f9da59ee-ab34-4454-930b-d6e716de1fdb:172.17.0.2:38153, ff149fa5-9438-4271-a257-312acf7350ed:172.17.0.2:46309], old=null at 0
2020-07-17 19:17:32,885 [grpc-default-executor-2] INFO  segmented.SegmentedRaftLogWorker (SegmentedRaftLogWorker.java:startLogSegment(397)) - ff149fa5-9438-4271-a257-312acf7350ed@group-AB3D389E7D10-SegmentedRaftLogWorker: Starting segment from index:0
2020-07-17 19:17:32,887 [ff149fa5-9438-4271-a257-312acf7350ed@group-AB3D389E7D10-SegmentedRaftLogWorker] INFO  segmented.SegmentedRaftLogWorker (SegmentedRaftLogWorker.java:execute(596)) - ff149fa5-9438-4271-a257-312acf7350ed@group-AB3D389E7D10-SegmentedRaftLogWorker: created new log segment /github/workspace/mnt/ozone/hadoop-ozone/integration-test/target/test-dir/MiniOzoneClusterImpl-c590ab3c-c15e-4809-9b68-32eb717c380c/datanode-4/data/ratis/cb6ec86d-2c34-4a3f-918c-ab3d389e7d10/current/log_inprogress_0
2020-07-17 19:17:32,891 [Thread-597] INFO  impl.FollowerState (FollowerState.java:run(108)) - f9da59ee-ab34-4454-930b-d6e716de1fdb@group-553252984D10-FollowerState: change to CANDIDATE, lastRpcTime:5169ms, electionTimeout:5152ms
2020-07-17 19:17:32,891 [Thread-597] INFO  impl.RoleInfo (RoleInfo.java:shutdownFollowerState(121)) - f9da59ee-ab34-4454-930b-d6e716de1fdb: shutdown FollowerState
2020-07-17 19:17:32,892 [Thread-597] INFO  impl.RaftServerImpl (RaftServerImpl.java:setRole(175)) - f9da59ee-ab34-4454-930b-d6e716de1fdb@group-553252984D10: changes role from  FOLLOWER to CANDIDATE at term 0 for changeToCandidate
2020-07-17 19:17:32,892 [Thread-597] INFO  impl.RoleInfo (RoleInfo.java:updateAndGet(143)) - f9da59ee-ab34-4454-930b-d6e716de1fdb: start LeaderElection
2020-07-17 19:17:32,895 [Thread-607] INFO  impl.FollowerState (FollowerState.java:run(108)) - ff149fa5-9438-4271-a257-312acf7350ed@group-BA09A80E04F8-FollowerState: change to CANDIDATE, lastRpcTime:5048ms, electionTimeout:5046ms
2020-07-17 19:17:32,895 [Thread-607] INFO  impl.RoleInfo (RoleInfo.java:shutdownFollowerState(121)) - ff149fa5-9438-4271-a257-312acf7350ed: shutdown FollowerState
2020-07-17 19:17:32,895 [Thread-607] INFO  impl.RaftServerImpl (RaftServerImpl.java:setRole(175)) - ff149fa5-9438-4271-a257-312acf7350ed@group-BA09A80E04F8: changes role from  FOLLOWER to CANDIDATE at term 0 for changeToCandidate
2020-07-17 19:17:32,895 [Thread-607] INFO  impl.RoleInfo (RoleInfo.java:updateAndGet(143)) - ff149fa5-9438-4271-a257-312acf7350ed: start LeaderElection
2020-07-17 19:17:32,896 [f9da59ee-ab34-4454-930b-d6e716de1fdb@group-553252984D10-LeaderElection19] INFO  impl.LeaderElection (LeaderElection.java:askForVotes(206)) - f9da59ee-ab34-4454-930b-d6e716de1fdb@group-553252984D10-LeaderElection19: begin an election at term 1 for -1: [f9da59ee-ab34-4454-930b-d6e716de1fdb:172.17.0.2:38153], old=null
2020-07-17 19:17:32,896 [f9da59ee-ab34-4454-930b-d6e716de1fdb@group-553252984D10-LeaderElection19] INFO  impl.RoleInfo (RoleInfo.java:shutdownLeaderElection(134)) - f9da59ee-ab34-4454-930b-d6e716de1fdb: shutdown LeaderElection
2020-07-17 19:17:32,896 [f9da59ee-ab34-4454-930b-d6e716de1fdb@group-553252984D10-LeaderElection19] INFO  impl.RaftServerImpl (RaftServerImpl.java:setRole(175)) - f9da59ee-ab34-4454-930b-d6e716de1fdb@group-553252984D10: changes role from CANDIDATE to LEADER at term 1 for changeToLeader
2020-07-17 19:17:32,896 [f9da59ee-ab34-4454-930b-d6e716de1fdb@group-553252984D10-LeaderElection19] INFO  ratis.XceiverServerRatis (XceiverServerRatis.java:handleLeaderChangedNotification(820)) - Leader change notification received for group: group-553252984D10 with new leaderId: f9da59ee-ab34-4454-930b-d6e716de1fdb
2020-07-17 19:17:32,898 [f9da59ee-ab34-4454-930b-d6e716de1fdb@group-553252984D10-LeaderElection19] INFO  impl.RaftServerImpl (ServerState.java:setLeader(255)) - f9da59ee-ab34-4454-930b-d6e716de1fdb@group-553252984D10: change Leader from null to f9da59ee-ab34-4454-930b-d6e716de1fdb at term 1 for becomeLeader, leader elected after 5191ms
2020-07-17 19:17:32,899 [f9da59ee-ab34-4454-930b-d6e716de1fdb@group-553252984D10-LeaderElection19] INFO  server.RaftServerConfigKeys (ConfUtils.java:logGet(44)) - raft.server.staging.catchup.gap = 1000 (default)
2020-07-17 19:17:32,900 [f9da59ee-ab34-4454-930b-d6e716de1fdb@group-553252984D10-LeaderElection19] INFO  server.RaftServerConfigKeys (ConfUtils.java:logGet(44)) - raft.server.rpc.sleep.time = 25ms (default)
2020-07-17 19:17:32,900 [f9da59ee-ab34-4454-930b-d6e716de1fdb@group-553252984D10-LeaderElection19] INFO  metrics.RatisMetrics (RatisMetrics.java:lambda$create$0(36)) - Creating Metrics Registry : ratis.log_appender.f9da59ee-ab34-4454-930b-d6e716de1fdb@group-553252984D10
2020-07-17 19:17:32,900 [f9da59ee-ab34-4454-930b-d6e716de1fdb@group-553252984D10-LeaderElection19] INFO  server.RaftServerConfigKeys (ConfUtils.java:logGet(44)) - raft.server.write.element-limit = 1024 (custom)
2020-07-17 19:17:32,900 [f9da59ee-ab34-4454-930b-d6e716de1fdb@group-553252984D10-LeaderElection19] INFO  server.RaftServerConfigKeys (ConfUtils.java:logGet(44)) - raft.server.write.byte-limit = 1073741824 (custom)
2020-07-17 19:17:32,902 [f9da59ee-ab34-4454-930b-d6e716de1fdb@group-553252984D10-LeaderElection19] INFO  server.RaftServerConfigKeys (ConfUtils.java:logGet(44)) - raft.server.watch.timeout = 3000ms (custom)
2020-07-17 19:17:32,902 [f9da59ee-ab34-4454-930b-d6e716de1fdb@group-553252984D10-LeaderElection19] INFO  server.RaftServerConfigKeys (ConfUtils.java:logGet(44)) - raft.server.watch.timeout.denomination = 1s (default)
2020-07-17 19:17:32,902 [f9da59ee-ab34-4454-930b-d6e716de1fdb@group-553252984D10-LeaderElection19] INFO  server.RaftServerConfigKeys (ConfUtils.java:logGet(44)) - raft.server.watch.element-limit = 65536 (default)
2020-07-17 19:17:32,902 [f9da59ee-ab34-4454-930b-d6e716de1fdb@group-553252984D10-LeaderElection19] INFO  impl.RoleInfo (RoleInfo.java:updateAndGet(143)) - f9da59ee-ab34-4454-930b-d6e716de1fdb: start LeaderState
2020-07-17 19:17:32,904 [f9da59ee-ab34-4454-930b-d6e716de1fdb@group-553252984D10-LeaderElection19] INFO  segmented.SegmentedRaftLogWorker (SegmentedRaftLogWorker.java:startLogSegment(397)) - f9da59ee-ab34-4454-930b-d6e716de1fdb@group-553252984D10-SegmentedRaftLogWorker: Starting segment from index:0
2020-07-17 19:17:32,905 [f9da59ee-ab34-4454-930b-d6e716de1fdb@group-553252984D10-SegmentedRaftLogWorker] INFO  segmented.SegmentedRaftLogWorker (SegmentedRaftLogWorker.java:execute(596)) - f9da59ee-ab34-4454-930b-d6e716de1fdb@group-553252984D10-SegmentedRaftLogWorker: created new log segment /github/workspace/mnt/ozone/hadoop-ozone/integration-test/target/test-dir/MiniOzoneClusterImpl-c590ab3c-c15e-4809-9b68-32eb717c380c/datanode-3/data/ratis/d7acc474-d059-4372-95be-553252984d10/current/log_inprogress_0
2020-07-17 19:17:32,908 [f9da59ee-ab34-4454-930b-d6e716de1fdb@group-553252984D10-LeaderElection19] INFO  impl.RaftServerImpl (ServerState.java:setRaftConf(356)) - f9da59ee-ab34-4454-930b-d6e716de1fdb@group-553252984D10: set configuration 0: [f9da59ee-ab34-4454-930b-d6e716de1fdb:172.17.0.2:38153], old=null at 0
2020-07-17 19:17:32,910 [ff149fa5-9438-4271-a257-312acf7350ed@group-BA09A80E04F8-LeaderElection20] INFO  impl.LeaderElection (LeaderElection.java:askForVotes(206)) - ff149fa5-9438-4271-a257-312acf7350ed@group-BA09A80E04F8-LeaderElection20: begin an election at term 1 for -1: [ff149fa5-9438-4271-a257-312acf7350ed:172.17.0.2:46309], old=null
2020-07-17 19:17:32,910 [ff149fa5-9438-4271-a257-312acf7350ed@group-BA09A80E04F8-LeaderElection20] INFO  impl.RoleInfo (RoleInfo.java:shutdownLeaderElection(134)) - ff149fa5-9438-4271-a257-312acf7350ed: shutdown LeaderElection
2020-07-17 19:17:32,910 [ff149fa5-9438-4271-a257-312acf7350ed@group-BA09A80E04F8-LeaderElection20] INFO  impl.RaftServerImpl (RaftServerImpl.java:setRole(175)) - ff149fa5-9438-4271-a257-312acf7350ed@group-BA09A80E04F8: changes role from CANDIDATE to LEADER at term 1 for changeToLeader
2020-07-17 19:17:32,910 [ff149fa5-9438-4271-a257-312acf7350ed@group-BA09A80E04F8-LeaderElection20] INFO  ratis.XceiverServerRatis (XceiverServerRatis.java:handleLeaderChangedNotification(820)) - Leader change notification received for group: group-BA09A80E04F8 with new leaderId: ff149fa5-9438-4271-a257-312acf7350ed
2020-07-17 19:17:32,911 [ff149fa5-9438-4271-a257-312acf7350ed@group-BA09A80E04F8-LeaderElection20] INFO  impl.RaftServerImpl (ServerState.java:setLeader(255)) - ff149fa5-9438-4271-a257-312acf7350ed@group-BA09A80E04F8: change Leader from null to ff149fa5-9438-4271-a257-312acf7350ed at term 1 for becomeLeader, leader elected after 5071ms
2020-07-17 19:17:32,911 [ff149fa5-9438-4271-a257-312acf7350ed@group-BA09A80E04F8-LeaderElection20] INFO  server.RaftServerConfigKeys (ConfUtils.java:logGet(44)) - raft.server.staging.catchup.gap = 1000 (default)
2020-07-17 19:17:32,911 [ff149fa5-9438-4271-a257-312acf7350ed@group-BA09A80E04F8-LeaderElection20] INFO  server.RaftServerConfigKeys (ConfUtils.java:logGet(44)) - raft.server.rpc.sleep.time = 25ms (default)
2020-07-17 19:17:32,911 [ff149fa5-9438-4271-a257-312acf7350ed@group-BA09A80E04F8-LeaderElection20] INFO  metrics.RatisMetrics (RatisMetrics.java:lambda$create$0(36)) - Creating Metrics Registry : ratis.log_appender.ff149fa5-9438-4271-a257-312acf7350ed@group-BA09A80E04F8
2020-07-17 19:17:32,912 [ff149fa5-9438-4271-a257-312acf7350ed@group-BA09A80E04F8-LeaderElection20] INFO  server.RaftServerConfigKeys (ConfUtils.java:logGet(44)) - raft.server.write.element-limit = 1024 (custom)
2020-07-17 19:17:32,913 [ff149fa5-9438-4271-a257-312acf7350ed@group-BA09A80E04F8-LeaderElection20] INFO  server.RaftServerConfigKeys (ConfUtils.java:logGet(44)) - raft.server.write.byte-limit = 1073741824 (custom)
2020-07-17 19:17:32,913 [ff149fa5-9438-4271-a257-312acf7350ed@group-BA09A80E04F8-LeaderElection20] INFO  server.RaftServerConfigKeys (ConfUtils.java:logGet(44)) - raft.server.watch.timeout = 3000ms (custom)
2020-07-17 19:17:32,914 [ff149fa5-9438-4271-a257-312acf7350ed@group-BA09A80E04F8-LeaderElection20] INFO  server.RaftServerConfigKeys (ConfUtils.java:logGet(44)) - raft.server.watch.timeout.denomination = 1s (default)
2020-07-17 19:17:32,914 [ff149fa5-9438-4271-a257-312acf7350ed@group-BA09A80E04F8-LeaderElection20] INFO  server.RaftServerConfigKeys (ConfUtils.java:logGet(44)) - raft.server.watch.element-limit = 65536 (default)
2020-07-17 19:17:32,914 [ff149fa5-9438-4271-a257-312acf7350ed@group-BA09A80E04F8-LeaderElection20] INFO  impl.RoleInfo (RoleInfo.java:updateAndGet(143)) - ff149fa5-9438-4271-a257-312acf7350ed: start LeaderState
2020-07-17 19:17:32,914 [ff149fa5-9438-4271-a257-312acf7350ed@group-BA09A80E04F8-LeaderElection20] INFO  segmented.SegmentedRaftLogWorker (SegmentedRaftLogWorker.java:startLogSegment(397)) - ff149fa5-9438-4271-a257-312acf7350ed@group-BA09A80E04F8-SegmentedRaftLogWorker: Starting segment from index:0
2020-07-17 19:17:32,915 [ff149fa5-9438-4271-a257-312acf7350ed@group-BA09A80E04F8-LeaderElection20] INFO  impl.RaftServerImpl (ServerState.java:setRaftConf(356)) - ff149fa5-9438-4271-a257-312acf7350ed@group-BA09A80E04F8: set configuration 0: [ff149fa5-9438-4271-a257-312acf7350ed:172.17.0.2:46309], old=null at 0
2020-07-17 19:17:32,916 [ff149fa5-9438-4271-a257-312acf7350ed@group-BA09A80E04F8-SegmentedRaftLogWorker] INFO  segmented.SegmentedRaftLogWorker (SegmentedRaftLogWorker.java:execute(596)) - ff149fa5-9438-4271-a257-312acf7350ed@group-BA09A80E04F8-SegmentedRaftLogWorker: created new log segment /github/workspace/mnt/ozone/hadoop-ozone/integration-test/target/test-dir/MiniOzoneClusterImpl-c590ab3c-c15e-4809-9b68-32eb717c380c/datanode-4/data/ratis/4fb01372-3c1b-4efa-a5cf-ba09a80e04f8/current/log_inprogress_0
2020-07-17 19:17:33,038 [Thread-609] INFO  impl.FollowerState (FollowerState.java:run(108)) - eb14cfe2-9ec6-48cf-a414-5c9390614653@group-FB7A20D5F40F-FollowerState: change to CANDIDATE, lastRpcTime:5068ms, electionTimeout:5067ms
2020-07-17 19:17:33,039 [Thread-609] INFO  impl.RoleInfo (RoleInfo.java:shutdownFollowerState(121)) - eb14cfe2-9ec6-48cf-a414-5c9390614653: shutdown FollowerState
2020-07-17 19:17:33,039 [Thread-609] INFO  impl.RaftServerImpl (RaftServerImpl.java:setRole(175)) - eb14cfe2-9ec6-48cf-a414-5c9390614653@group-FB7A20D5F40F: changes role from  FOLLOWER to CANDIDATE at term 0 for changeToCandidate
2020-07-17 19:17:33,039 [Thread-609] INFO  impl.RoleInfo (RoleInfo.java:updateAndGet(143)) - eb14cfe2-9ec6-48cf-a414-5c9390614653: start LeaderElection
2020-07-17 19:17:33,042 [eb14cfe2-9ec6-48cf-a414-5c9390614653@group-FB7A20D5F40F-LeaderElection21] INFO  impl.LeaderElection (LeaderElection.java:askForVotes(206)) - eb14cfe2-9ec6-48cf-a414-5c9390614653@group-FB7A20D5F40F-LeaderElection21: begin an election at term 1 for -1: [eb14cfe2-9ec6-48cf-a414-5c9390614653:172.17.0.2:34735], old=null
2020-07-17 19:17:33,042 [eb14cfe2-9ec6-48cf-a414-5c9390614653@group-FB7A20D5F40F-LeaderElection21] INFO  impl.RoleInfo (RoleInfo.java:shutdownLeaderElection(134)) - eb14cfe2-9ec6-48cf-a414-5c9390614653: shutdown LeaderElection
2020-07-17 19:17:33,042 [eb14cfe2-9ec6-48cf-a414-5c9390614653@group-FB7A20D5F40F-LeaderElection21] INFO  impl.RaftServerImpl (RaftServerImpl.java:setRole(175)) - eb14cfe2-9ec6-48cf-a414-5c9390614653@group-FB7A20D5F40F: changes role from CANDIDATE to LEADER at term 1 for changeToLeader
2020-07-17 19:17:33,042 [eb14cfe2-9ec6-48cf-a414-5c9390614653@group-FB7A20D5F40F-LeaderElection21] INFO  ratis.XceiverServerRatis (XceiverServerRatis.java:handleLeaderChangedNotification(820)) - Leader change notification received for group: group-FB7A20D5F40F with new leaderId: eb14cfe2-9ec6-48cf-a414-5c9390614653
2020-07-17 19:17:33,042 [eb14cfe2-9ec6-48cf-a414-5c9390614653@group-FB7A20D5F40F-LeaderElection21] INFO  impl.RaftServerImpl (ServerState.java:setLeader(255)) - eb14cfe2-9ec6-48cf-a414-5c9390614653@group-FB7A20D5F40F: change Leader from null to eb14cfe2-9ec6-48cf-a414-5c9390614653 at term 1 for becomeLeader, leader elected after 5081ms
2020-07-17 19:17:33,048 [eb14cfe2-9ec6-48cf-a414-5c9390614653@group-FB7A20D5F40F-LeaderElection21] INFO  server.RaftServerConfigKeys (ConfUtils.java:logGet(44)) - raft.server.staging.catchup.gap = 1000 (default)
2020-07-17 19:17:33,048 [eb14cfe2-9ec6-48cf-a414-5c9390614653@group-FB7A20D5F40F-LeaderElection21] INFO  server.RaftServerConfigKeys (ConfUtils.java:logGet(44)) - raft.server.rpc.sleep.time = 25ms (default)
2020-07-17 19:17:33,048 [eb14cfe2-9ec6-48cf-a414-5c9390614653@group-FB7A20D5F40F-LeaderElection21] INFO  metrics.RatisMetrics (RatisMetrics.java:lambda$create$0(36)) - Creating Metrics Registry : ratis.log_appender.eb14cfe2-9ec6-48cf-a414-5c9390614653@group-FB7A20D5F40F
2020-07-17 19:17:33,048 [eb14cfe2-9ec6-48cf-a414-5c9390614653@group-FB7A20D5F40F-LeaderElection21] INFO  server.RaftServerConfigKeys (ConfUtils.java:logGet(44)) - raft.server.write.element-limit = 1024 (custom)
2020-07-17 19:17:33,048 [eb14cfe2-9ec6-48cf-a414-5c9390614653@group-FB7A20D5F40F-LeaderElection21] INFO  server.RaftServerConfigKeys (ConfUtils.java:logGet(44)) - raft.server.write.byte-limit = 1073741824 (custom)
2020-07-17 19:17:33,049 [eb14cfe2-9ec6-48cf-a414-5c9390614653@group-FB7A20D5F40F-LeaderElection21] INFO  server.RaftServerConfigKeys (ConfUtils.java:logGet(44)) - raft.server.watch.timeout = 3000ms (custom)
2020-07-17 19:17:33,049 [eb14cfe2-9ec6-48cf-a414-5c9390614653@group-FB7A20D5F40F-LeaderElection21] INFO  server.RaftServerConfigKeys (ConfUtils.java:logGet(44)) - raft.server.watch.timeout.denomination = 1s (default)
2020-07-17 19:17:33,049 [eb14cfe2-9ec6-48cf-a414-5c9390614653@group-FB7A20D5F40F-LeaderElection21] INFO  server.RaftServerConfigKeys (ConfUtils.java:logGet(44)) - raft.server.watch.element-limit = 65536 (default)
2020-07-17 19:17:33,049 [eb14cfe2-9ec6-48cf-a414-5c9390614653@group-FB7A20D5F40F-LeaderElection21] INFO  impl.RoleInfo (RoleInfo.java:updateAndGet(143)) - eb14cfe2-9ec6-48cf-a414-5c9390614653: start LeaderState
2020-07-17 19:17:33,049 [eb14cfe2-9ec6-48cf-a414-5c9390614653@group-FB7A20D5F40F-LeaderElection21] INFO  segmented.SegmentedRaftLogWorker (SegmentedRaftLogWorker.java:startLogSegment(397)) - eb14cfe2-9ec6-48cf-a414-5c9390614653@group-FB7A20D5F40F-SegmentedRaftLogWorker: Starting segment from index:0
2020-07-17 19:17:33,051 [eb14cfe2-9ec6-48cf-a414-5c9390614653@group-FB7A20D5F40F-SegmentedRaftLogWorker] INFO  segmented.SegmentedRaftLogWorker (SegmentedRaftLogWorker.java:execute(596)) - eb14cfe2-9ec6-48cf-a414-5c9390614653@group-FB7A20D5F40F-SegmentedRaftLogWorker: created new log segment /github/workspace/mnt/ozone/hadoop-ozone/integration-test/target/test-dir/MiniOzoneClusterImpl-c590ab3c-c15e-4809-9b68-32eb717c380c/datanode-5/data/ratis/f954467a-5de6-4680-92a4-fb7a20d5f40f/current/log_inprogress_0
2020-07-17 19:17:33,052 [eb14cfe2-9ec6-48cf-a414-5c9390614653@group-FB7A20D5F40F-LeaderElection21] INFO  impl.RaftServerImpl (ServerState.java:setRaftConf(356)) - eb14cfe2-9ec6-48cf-a414-5c9390614653@group-FB7A20D5F40F: set configuration 0: [eb14cfe2-9ec6-48cf-a414-5c9390614653:172.17.0.2:34735], old=null at 0
2020-07-17 19:17:33,088 [Listener at 127.0.0.1/36635] INFO  ozone.MiniOzoneClusterImpl (MiniOzoneClusterImpl.java:lambda$waitForClusterToBeReady$0(177)) - Nodes are ready. Got 7 of 7 DN Heartbeats.
2020-07-17 19:17:33,088 [Listener at 127.0.0.1/36635] INFO  ozone.MiniOzoneClusterImpl (MiniOzoneClusterImpl.java:lambda$waitForClusterToBeReady$0(180)) - Cluster exits safe mode
2020-07-17 19:17:33,098 [Listener at 127.0.0.1/36635] INFO  rpc.RpcClient (RpcClient.java:createVolume(314)) - Creating Volume: testblockoutputstream, with jenkins1001 as owner.
2020-07-17 19:17:33,100 [IPC Server handler 3 on default port 36635] INFO  volume.OMVolumeCreateRequest (OMVolumeCreateRequest.java:validateAndUpdateCache(195)) - created volume:testblockoutputstream for user:jenkins1001
2020-07-17 19:17:33,104 [Listener at 127.0.0.1/36635] INFO  rpc.RpcClient (RpcClient.java:createBucket(459)) - Creating Bucket: testblockoutputstream/testblockoutputstream, with Versioning false and Storage Type set to DISK and Encryption set to false 
2020-07-17 19:17:33,106 [Listener at 127.0.0.1/36635] INFO  ozone.MiniOzoneClusterImpl (MiniOzoneClusterImpl.java:getStorageContainerLocationClient(289)) - Creating StorageContainerLocationProtocol RPC client with address /0.0.0.0:43269
2020-07-17 19:17:33,151 [Thread-611] INFO  impl.FollowerState (FollowerState.java:run(108)) - 31433fc6-7b53-4c3b-82f7-b63de5f43ef9@group-23ED73B92581-FollowerState: change to CANDIDATE, lastRpcTime:5053ms, electionTimeout:5052ms
2020-07-17 19:17:33,151 [Thread-611] INFO  impl.RoleInfo (RoleInfo.java:shutdownFollowerState(121)) - 31433fc6-7b53-4c3b-82f7-b63de5f43ef9: shutdown FollowerState
2020-07-17 19:17:33,152 [Thread-611] INFO  impl.RaftServerImpl (RaftServerImpl.java:setRole(175)) - 31433fc6-7b53-4c3b-82f7-b63de5f43ef9@group-23ED73B92581: changes role from  FOLLOWER to CANDIDATE at term 0 for changeToCandidate
2020-07-17 19:17:33,152 [Thread-611] INFO  impl.RoleInfo (RoleInfo.java:updateAndGet(143)) - 31433fc6-7b53-4c3b-82f7-b63de5f43ef9: start LeaderElection
2020-07-17 19:17:33,160 [31433fc6-7b53-4c3b-82f7-b63de5f43ef9@group-23ED73B92581-LeaderElection22] INFO  impl.LeaderElection (LeaderElection.java:askForVotes(206)) - 31433fc6-7b53-4c3b-82f7-b63de5f43ef9@group-23ED73B92581-LeaderElection22: begin an election at term 1 for -1: [31433fc6-7b53-4c3b-82f7-b63de5f43ef9:172.17.0.2:38931], old=null
2020-07-17 19:17:33,160 [31433fc6-7b53-4c3b-82f7-b63de5f43ef9@group-23ED73B92581-LeaderElection22] INFO  impl.RoleInfo (RoleInfo.java:shutdownLeaderElection(134)) - 31433fc6-7b53-4c3b-82f7-b63de5f43ef9: shutdown LeaderElection
2020-07-17 19:17:33,160 [31433fc6-7b53-4c3b-82f7-b63de5f43ef9@group-23ED73B92581-LeaderElection22] INFO  impl.RaftServerImpl (RaftServerImpl.java:setRole(175)) - 31433fc6-7b53-4c3b-82f7-b63de5f43ef9@group-23ED73B92581: changes role from CANDIDATE to LEADER at term 1 for changeToLeader
2020-07-17 19:17:33,160 [31433fc6-7b53-4c3b-82f7-b63de5f43ef9@group-23ED73B92581-LeaderElection22] INFO  ratis.XceiverServerRatis (XceiverServerRatis.java:handleLeaderChangedNotification(820)) - Leader change notification received for group: group-23ED73B92581 with new leaderId: 31433fc6-7b53-4c3b-82f7-b63de5f43ef9
2020-07-17 19:17:33,160 [31433fc6-7b53-4c3b-82f7-b63de5f43ef9@group-23ED73B92581-LeaderElection22] INFO  impl.RaftServerImpl (ServerState.java:setLeader(255)) - 31433fc6-7b53-4c3b-82f7-b63de5f43ef9@group-23ED73B92581: change Leader from null to 31433fc6-7b53-4c3b-82f7-b63de5f43ef9 at term 1 for becomeLeader, leader elected after 5069ms
2020-07-17 19:17:33,161 [31433fc6-7b53-4c3b-82f7-b63de5f43ef9@group-23ED73B92581-LeaderElection22] INFO  server.RaftServerConfigKeys (ConfUtils.java:logGet(44)) - raft.server.staging.catchup.gap = 1000 (default)
2020-07-17 19:17:33,161 [31433fc6-7b53-4c3b-82f7-b63de5f43ef9@group-23ED73B92581-LeaderElection22] INFO  server.RaftServerConfigKeys (ConfUtils.java:logGet(44)) - raft.server.rpc.sleep.time = 25ms (default)
2020-07-17 19:17:33,161 [31433fc6-7b53-4c3b-82f7-b63de5f43ef9@group-23ED73B92581-LeaderElection22] INFO  metrics.RatisMetrics (RatisMetrics.java:lambda$create$0(36)) - Creating Metrics Registry : ratis.log_appender.31433fc6-7b53-4c3b-82f7-b63de5f43ef9@group-23ED73B92581
2020-07-17 19:17:33,162 [31433fc6-7b53-4c3b-82f7-b63de5f43ef9@group-23ED73B92581-LeaderElection22] INFO  server.RaftServerConfigKeys (ConfUtils.java:logGet(44)) - raft.server.write.element-limit = 1024 (custom)
2020-07-17 19:17:33,162 [31433fc6-7b53-4c3b-82f7-b63de5f43ef9@group-23ED73B92581-LeaderElection22] INFO  server.RaftServerConfigKeys (ConfUtils.java:logGet(44)) - raft.server.write.byte-limit = 1073741824 (custom)
2020-07-17 19:17:33,162 [31433fc6-7b53-4c3b-82f7-b63de5f43ef9@group-23ED73B92581-LeaderElection22] INFO  server.RaftServerConfigKeys (ConfUtils.java:logGet(44)) - raft.server.watch.timeout = 3000ms (custom)
2020-07-17 19:17:33,162 [31433fc6-7b53-4c3b-82f7-b63de5f43ef9@group-23ED73B92581-LeaderElection22] INFO  server.RaftServerConfigKeys (ConfUtils.java:logGet(44)) - raft.server.watch.timeout.denomination = 1s (default)
2020-07-17 19:17:33,162 [31433fc6-7b53-4c3b-82f7-b63de5f43ef9@group-23ED73B92581-LeaderElection22] INFO  server.RaftServerConfigKeys (ConfUtils.java:logGet(44)) - raft.server.watch.element-limit = 65536 (default)
2020-07-17 19:17:33,162 [31433fc6-7b53-4c3b-82f7-b63de5f43ef9@group-23ED73B92581-LeaderElection22] INFO  impl.RoleInfo (RoleInfo.java:updateAndGet(143)) - 31433fc6-7b53-4c3b-82f7-b63de5f43ef9: start LeaderState
2020-07-17 19:17:33,163 [31433fc6-7b53-4c3b-82f7-b63de5f43ef9@group-23ED73B92581-LeaderElection22] INFO  segmented.SegmentedRaftLogWorker (SegmentedRaftLogWorker.java:startLogSegment(397)) - 31433fc6-7b53-4c3b-82f7-b63de5f43ef9@group-23ED73B92581-SegmentedRaftLogWorker: Starting segment from index:0
2020-07-17 19:17:33,165 [31433fc6-7b53-4c3b-82f7-b63de5f43ef9@group-23ED73B92581-SegmentedRaftLogWorker] INFO  segmented.SegmentedRaftLogWorker (SegmentedRaftLogWorker.java:execute(596)) - 31433fc6-7b53-4c3b-82f7-b63de5f43ef9@group-23ED73B92581-SegmentedRaftLogWorker: created new log segment /github/workspace/mnt/ozone/hadoop-ozone/integration-test/target/test-dir/MiniOzoneClusterImpl-c590ab3c-c15e-4809-9b68-32eb717c380c/datanode-6/data/ratis/3b713dd5-4a9d-458b-9734-23ed73b92581/current/log_inprogress_0
2020-07-17 19:17:33,179 [31433fc6-7b53-4c3b-82f7-b63de5f43ef9@group-23ED73B92581-LeaderElection22] INFO  impl.RaftServerImpl (ServerState.java:setRaftConf(356)) - 31433fc6-7b53-4c3b-82f7-b63de5f43ef9@group-23ED73B92581: set configuration 0: [31433fc6-7b53-4c3b-82f7-b63de5f43ef9:172.17.0.2:38931], old=null at 0
2020-07-17 19:17:33,190 [ChunkWriter-0-0] WARN  helpers.ChunkUtils (ChunkUtils.java:validateChunkForOverwrite(224)) - Duplicate write chunk request. Chunk overwrite without explicit request. ChunkInfo{chunkName='1595013453117.data.0, offset=0, len=1048576}
2020-07-17 19:17:33,210 [ChunkWriter-0-0] WARN  helpers.ChunkUtils (ChunkUtils.java:validateChunkForOverwrite(224)) - Duplicate write chunk request. Chunk overwrite without explicit request. ChunkInfo{chunkName='1595013453117.data.0, offset=0, len=1048576}
2020-07-17 19:17:33,242 [ChunkWriter-0-0] WARN  helpers.ChunkUtils (ChunkUtils.java:validateChunkForOverwrite(224)) - Duplicate write chunk request. Chunk overwrite without explicit request. ChunkInfo{chunkName='1595013453117.data.0, offset=0, len=1048576}
2020-07-17 19:17:34,205 [Datanode State Machine Thread - 0] INFO  statemachine.DatanodeStateMachine (DatanodeStateMachine.java:lambda$startDaemon$0(380)) - Ozone container server started.
2020-07-17 19:17:35,483 [EventQueue-Delayed safe mode statusForReplicationManager] INFO  container.ReplicationManager (ReplicationManager.java:start(177)) - Starting Replication Monitor Thread.
2020-07-17 19:17:35,484 [ReplicationMonitor] INFO  container.ReplicationManager (ReplicationManager.java:run(241)) - Replication Monitor Thread took 1 milliseconds for processing 1 containers.
2020-07-17 19:17:38,285 [Listener at 127.0.0.1/36635] INFO  ozoneimpl.OzoneContainer (OzoneContainer.java:stop(247)) - Attempting to stop container services.
2020-07-17 19:17:38,286 [Listener at 127.0.0.1/36635] INFO  impl.RaftServerProxy (RaftServerProxy.java:lambda$close$4(319)) - 4747afbe-90ee-49f5-a182-8531c2527e8f: close
2020-07-17 19:17:38,286 [Listener at 127.0.0.1/36635] INFO  impl.RaftServerImpl (RaftServerImpl.java:lambda$shutdown$3(252)) - 4747afbe-90ee-49f5-a182-8531c2527e8f@group-A94371DAC0B1: shutdown
2020-07-17 19:17:38,286 [ForkJoinPool.commonPool-worker-0] INFO  impl.RaftServerImpl (RaftServerImpl.java:lambda$shutdown$3(252)) - 4747afbe-90ee-49f5-a182-8531c2527e8f@group-A57F0B006D91: shutdown
2020-07-17 19:17:38,286 [Listener at 127.0.0.1/36635] INFO  util.JmxRegister (JmxRegister.java:unregister(73)) - Successfully un-registered JMX Bean with object name Ratis:service=RaftServer,group=group-A94371DAC0B1,id=4747afbe-90ee-49f5-a182-8531c2527e8f
2020-07-17 19:17:38,286 [Listener at 127.0.0.1/36635] INFO  impl.RoleInfo (RoleInfo.java:shutdownLeaderState(104)) - 4747afbe-90ee-49f5-a182-8531c2527e8f: shutdown LeaderState
2020-07-17 19:17:38,286 [ForkJoinPool.commonPool-worker-0] INFO  util.JmxRegister (JmxRegister.java:unregister(73)) - Successfully un-registered JMX Bean with object name Ratis:service=RaftServer,group=group-A57F0B006D91,id=4747afbe-90ee-49f5-a182-8531c2527e8f
2020-07-17 19:17:38,287 [ForkJoinPool.commonPool-worker-0] INFO  impl.RoleInfo (RoleInfo.java:shutdownFollowerState(121)) - 4747afbe-90ee-49f5-a182-8531c2527e8f: shutdown FollowerState
2020-07-17 19:17:38,287 [Thread-617] INFO  impl.FollowerState (FollowerState.java:run(117)) - 4747afbe-90ee-49f5-a182-8531c2527e8f@group-A57F0B006D91-FollowerState was interrupted: java.lang.InterruptedException: sleep interrupted
2020-07-17 19:17:38,287 [Listener at 127.0.0.1/36635] INFO  impl.PendingRequests (PendingRequests.java:sendNotLeaderResponses(249)) - 4747afbe-90ee-49f5-a182-8531c2527e8f@group-A94371DAC0B1-PendingRequests: sendNotLeaderResponses
2020-07-17 19:17:38,288 [4747afbe-90ee-49f5-a182-8531c2527e8f@group-A57F0B006D91-StateMachineUpdater] INFO  ratis.ContainerStateMachine (ContainerStateMachine.java:takeSnapshot(293)) - group-A57F0B006D91: Taking a snapshot at:(t:1, i:7) file /github/workspace/mnt/ozone/hadoop-ozone/integration-test/target/test-dir/MiniOzoneClusterImpl-c590ab3c-c15e-4809-9b68-32eb717c380c/datanode-1/data/ratis/2f0cf332-3743-4af2-9cda-a57f0b006d91/sm/snapshot.1_7
2020-07-17 19:17:38,288 [ForkJoinPool.commonPool-worker-0] INFO  impl.StateMachineUpdater (StateMachineUpdater.java:stopAndJoin(142)) - 4747afbe-90ee-49f5-a182-8531c2527e8f@group-A57F0B006D91-StateMachineUpdater: set stopIndex = 7
2020-07-17 19:17:38,288 [Listener at 127.0.0.1/36635] INFO  metrics.RatisMetrics (RatisMetrics.java:unregister(43)) - Unregistering Metrics Registry : ratis.log_appender.4747afbe-90ee-49f5-a182-8531c2527e8f@group-A94371DAC0B1
2020-07-17 19:17:38,288 [Listener at 127.0.0.1/36635] INFO  metrics.RatisMetrics (RatisMetrics.java:unregister(43)) - Unregistering Metrics Registry : ratis.server.4747afbe-90ee-49f5-a182-8531c2527e8f@group-A94371DAC0B1
2020-07-17 19:17:38,289 [4747afbe-90ee-49f5-a182-8531c2527e8f@group-A57F0B006D91-StateMachineUpdater] INFO  ratis.ContainerStateMachine (ContainerStateMachine.java:takeSnapshot(304)) - group-A57F0B006D91: Finished taking a snapshot at:(t:1, i:7) file:/github/workspace/mnt/ozone/hadoop-ozone/integration-test/target/test-dir/MiniOzoneClusterImpl-c590ab3c-c15e-4809-9b68-32eb717c380c/datanode-1/data/ratis/2f0cf332-3743-4af2-9cda-a57f0b006d91/sm/snapshot.1_7 time:1
2020-07-17 19:17:38,289 [4747afbe-90ee-49f5-a182-8531c2527e8f@group-A57F0B006D91-StateMachineUpdater] INFO  impl.StateMachineUpdater (StateMachineUpdater.java:takeSnapshot(277)) - 4747afbe-90ee-49f5-a182-8531c2527e8f@group-A57F0B006D91-StateMachineUpdater: Took a snapshot at index 7
2020-07-17 19:17:38,289 [4747afbe-90ee-49f5-a182-8531c2527e8f@group-A57F0B006D91-StateMachineUpdater] INFO  impl.StateMachineUpdater (StateMachineUpdater.java:lambda$new$0(87)) - 4747afbe-90ee-49f5-a182-8531c2527e8f@group-A57F0B006D91-StateMachineUpdater: snapshotIndex: updateIncreasingly -1 -> 7
2020-07-17 19:17:38,290 [4747afbe-90ee-49f5-a182-8531c2527e8f@group-A57F0B006D91-StateMachineUpdater] INFO  metrics.RatisMetrics (RatisMetrics.java:unregister(43)) - Unregistering Metrics Registry : ratis.state_machine.4747afbe-90ee-49f5-a182-8531c2527e8f@group-A57F0B006D91
2020-07-17 19:17:38,291 [4747afbe-90ee-49f5-a182-8531c2527e8f@group-A94371DAC0B1-StateMachineUpdater] INFO  ratis.ContainerStateMachine (ContainerStateMachine.java:takeSnapshot(293)) - group-A94371DAC0B1: Taking a snapshot at:(t:1, i:0) file /github/workspace/mnt/ozone/hadoop-ozone/integration-test/target/test-dir/MiniOzoneClusterImpl-c590ab3c-c15e-4809-9b68-32eb717c380c/datanode-1/data/ratis/fa8257d5-b38a-4f90-8f41-a94371dac0b1/sm/snapshot.1_0
2020-07-17 19:17:38,291 [Listener at 127.0.0.1/36635] INFO  impl.StateMachineUpdater (StateMachineUpdater.java:stopAndJoin(142)) - 4747afbe-90ee-49f5-a182-8531c2527e8f@group-A94371DAC0B1-StateMachineUpdater: set stopIndex = 0
2020-07-17 19:17:38,291 [4747afbe-90ee-49f5-a182-8531c2527e8f@group-A94371DAC0B1-StateMachineUpdater] INFO  ratis.ContainerStateMachine (ContainerStateMachine.java:takeSnapshot(304)) - group-A94371DAC0B1: Finished taking a snapshot at:(t:1, i:0) file:/github/workspace/mnt/ozone/hadoop-ozone/integration-test/target/test-dir/MiniOzoneClusterImpl-c590ab3c-c15e-4809-9b68-32eb717c380c/datanode-1/data/ratis/fa8257d5-b38a-4f90-8f41-a94371dac0b1/sm/snapshot.1_0 time:1
2020-07-17 19:17:38,292 [4747afbe-90ee-49f5-a182-8531c2527e8f@group-A94371DAC0B1-StateMachineUpdater] INFO  impl.StateMachineUpdater (StateMachineUpdater.java:takeSnapshot(277)) - 4747afbe-90ee-49f5-a182-8531c2527e8f@group-A94371DAC0B1-StateMachineUpdater: Took a snapshot at index 0
2020-07-17 19:17:38,292 [4747afbe-90ee-49f5-a182-8531c2527e8f@group-A94371DAC0B1-StateMachineUpdater] INFO  impl.StateMachineUpdater (StateMachineUpdater.java:lambda$new$0(87)) - 4747afbe-90ee-49f5-a182-8531c2527e8f@group-A94371DAC0B1-StateMachineUpdater: snapshotIndex: updateIncreasingly -1 -> 0
2020-07-17 19:17:38,292 [4747afbe-90ee-49f5-a182-8531c2527e8f@group-A94371DAC0B1-StateMachineUpdater] INFO  metrics.RatisMetrics (RatisMetrics.java:unregister(43)) - Unregistering Metrics Registry : ratis.state_machine.4747afbe-90ee-49f5-a182-8531c2527e8f@group-A94371DAC0B1
2020-07-17 19:17:38,292 [Listener at 127.0.0.1/36635] INFO  impl.RaftServerImpl (ServerState.java:close(387)) - 4747afbe-90ee-49f5-a182-8531c2527e8f@group-A94371DAC0B1: closes. applyIndex: 0
2020-07-17 19:17:38,293 [4747afbe-90ee-49f5-a182-8531c2527e8f@group-A94371DAC0B1-SegmentedRaftLogWorker] INFO  segmented.SegmentedRaftLogWorker (SegmentedRaftLogWorker.java:run(327)) - 4747afbe-90ee-49f5-a182-8531c2527e8f@group-A94371DAC0B1-SegmentedRaftLogWorker was interrupted, exiting. There are 0 tasks remaining in the queue.
2020-07-17 19:17:38,293 [ForkJoinPool.commonPool-worker-0] INFO  impl.RaftServerImpl (ServerState.java:close(387)) - 4747afbe-90ee-49f5-a182-8531c2527e8f@group-A57F0B006D91: closes. applyIndex: 7
2020-07-17 19:17:38,293 [Listener at 127.0.0.1/36635] INFO  segmented.SegmentedRaftLogWorker (SegmentedRaftLogWorker.java:close(234)) - 4747afbe-90ee-49f5-a182-8531c2527e8f@group-A94371DAC0B1-SegmentedRaftLogWorker close()
2020-07-17 19:17:38,294 [Listener at 127.0.0.1/36635] INFO  metrics.RatisMetrics (RatisMetrics.java:unregister(43)) - Unregistering Metrics Registry : ratis.log_worker.4747afbe-90ee-49f5-a182-8531c2527e8f@group-A94371DAC0B1
2020-07-17 19:17:38,295 [4747afbe-90ee-49f5-a182-8531c2527e8f@group-A57F0B006D91-SegmentedRaftLogWorker] INFO  segmented.SegmentedRaftLogWorker (SegmentedRaftLogWorker.java:run(327)) - 4747afbe-90ee-49f5-a182-8531c2527e8f@group-A57F0B006D91-SegmentedRaftLogWorker was interrupted, exiting. There are 0 tasks remaining in the queue.
2020-07-17 19:17:38,304 [Listener at 127.0.0.1/36635] INFO  metrics.RatisMetrics (RatisMetrics.java:unregister(43)) - Unregistering Metrics Registry : ratis.leader_election.4747afbe-90ee-49f5-a182-8531c2527e8f@group-A94371DAC0B1
2020-07-17 19:17:38,304 [Listener at 127.0.0.1/36635] INFO  metrics.RatisMetrics (RatisMetrics.java:unregister(43)) - Unregistering Metrics Registry : ratis.server.4747afbe-90ee-49f5-a182-8531c2527e8f@group-A94371DAC0B1
2020-07-17 19:17:38,304 [ForkJoinPool.commonPool-worker-0] INFO  segmented.SegmentedRaftLogWorker (SegmentedRaftLogWorker.java:close(234)) - 4747afbe-90ee-49f5-a182-8531c2527e8f@group-A57F0B006D91-SegmentedRaftLogWorker close()
2020-07-17 19:17:38,305 [ForkJoinPool.commonPool-worker-0] INFO  metrics.RatisMetrics (RatisMetrics.java:unregister(43)) - Unregistering Metrics Registry : ratis.log_worker.4747afbe-90ee-49f5-a182-8531c2527e8f@group-A57F0B006D91
2020-07-17 19:17:38,306 [ForkJoinPool.commonPool-worker-0] INFO  metrics.RatisMetrics (RatisMetrics.java:unregister(43)) - Unregistering Metrics Registry : ratis.leader_election.4747afbe-90ee-49f5-a182-8531c2527e8f@group-A57F0B006D91
2020-07-17 19:17:38,306 [ForkJoinPool.commonPool-worker-0] INFO  metrics.RatisMetrics (RatisMetrics.java:unregister(43)) - Unregistering Metrics Registry : ratis.server.4747afbe-90ee-49f5-a182-8531c2527e8f@group-A57F0B006D91
2020-07-17 19:17:38,306 [Listener at 127.0.0.1/36635] INFO  server.GrpcService (GrpcService.java:closeImpl(166)) - 4747afbe-90ee-49f5-a182-8531c2527e8f: shutdown server with port 32933 now
2020-07-17 19:17:38,307 [grpc-default-executor-1] WARN  server.GrpcServerProtocolService (LogUtils.java:warn(122)) - 4747afbe-90ee-49f5-a182-8531c2527e8f: installSnapshot onError, lastRequest: 12697ddf-1b16-4057-bfeb-ac6f3e0803f5->4747afbe-90ee-49f5-a182-8531c2527e8f#8-t1, previous=(t:1, i:6), leaderCommit=4, initializing? false, entries: size=1, first=(t:1, i:7), METADATAENTRY(c:4): org.apache.ratis.thirdparty.io.grpc.StatusRuntimeException: CANCELLED: cancelled before receiving half close
2020-07-17 19:17:38,307 [Listener at 127.0.0.1/36635] INFO  server.GrpcService (GrpcService.java:closeImpl(174)) - 4747afbe-90ee-49f5-a182-8531c2527e8f: shutdown server with port 32933 successfully
2020-07-17 19:17:38,307 [grpc-default-executor-0] WARN  server.GrpcLogAppender (LogUtils.java:warn(122)) - 12697ddf-1b16-4057-bfeb-ac6f3e0803f5@group-A57F0B006D91->4747afbe-90ee-49f5-a182-8531c2527e8f-AppendLogResponseHandler: Failed appendEntries: org.apache.ratis.thirdparty.io.grpc.StatusRuntimeException: CANCELLED: HTTP/2 error code: CANCEL
Received Rst Stream
2020-07-17 19:17:38,311 [Listener at 127.0.0.1/36635] INFO  utils.BackgroundService (BackgroundService.java:shutdown(157)) - Shutting down service BlockDeletingService
2020-07-17 19:17:38,312 [grpc-default-executor-0] INFO  impl.FollowerInfo (FollowerInfo.java:lambda$new$0(51)) - 12697ddf-1b16-4057-bfeb-ac6f3e0803f5@group-A57F0B006D91->4747afbe-90ee-49f5-a182-8531c2527e8f: nextIndex: updateUnconditionally 8 -> 7
2020-07-17 19:17:38,313 [Listener at 127.0.0.1/36635] INFO  statemachine.DatanodeStateMachine (DatanodeStateMachine.java:stopDaemon(428)) - Ozone container server stopped.
2020-07-17 19:17:38,320 [Listener at 127.0.0.1/36635] INFO  handler.ContextHandler (ContextHandler.java:doStop(1016)) - Stopped o.e.j.w.WebAppContext@3dccf3f4{hddsDatanode,/,null,UNAVAILABLE}{jar:file:/home/user/.m2/repository/org/apache/hadoop/hadoop-hdds-container-service/0.6.0-SNAPSHOT/hadoop-hdds-container-service-0.6.0-SNAPSHOT.jar!/webapps/hddsDatanode}
2020-07-17 19:17:38,320 [Listener at 127.0.0.1/36635] INFO  server.AbstractConnector (AbstractConnector.java:doStop(380)) - Stopped ServerConnector@d2ebd4d{HTTP/1.1,[http/1.1]}{0.0.0.0:0}
2020-07-17 19:17:38,321 [Listener at 127.0.0.1/36635] INFO  server.session (HouseKeeper.java:stopScavenging(158)) - node0 Stopped scavenging
2020-07-17 19:17:38,321 [Listener at 127.0.0.1/36635] INFO  handler.ContextHandler (ContextHandler.java:doStop(1016)) - Stopped o.e.j.s.ServletContextHandler@3b57cac1{static,/static,jar:file:/home/user/.m2/repository/org/apache/hadoop/hadoop-hdds-container-service/0.6.0-SNAPSHOT/hadoop-hdds-container-service-0.6.0-SNAPSHOT.jar!/webapps/static,UNAVAILABLE}
2020-07-17 19:17:38,321 [Listener at 127.0.0.1/36635] INFO  handler.ContextHandler (ContextHandler.java:doStop(1016)) - Stopped o.e.j.s.ServletContextHandler@48d532cf{logs,/logs,file:///github/workspace/mnt/ozone/hadoop-ozone/integration-test/target/log,UNAVAILABLE}
2020-07-17 19:17:39,239 [Datanode State Machine Thread - 0] INFO  statemachine.DatanodeStateMachine (DatanodeStateMachine.java:lambda$startDaemon$0(380)) - Ozone container server started.
2020-07-17 19:17:40,751 [grpc-default-executor-2] WARN  server.GrpcLogAppender (LogUtils.java:warn(122)) - 12697ddf-1b16-4057-bfeb-ac6f3e0803f5@group-A57F0B006D91->4747afbe-90ee-49f5-a182-8531c2527e8f-AppendLogResponseHandler: Failed appendEntries: org.apache.ratis.thirdparty.io.grpc.StatusRuntimeException: UNAVAILABLE: io exception
2020-07-17 19:17:40,753 [grpc-default-executor-2] INFO  impl.FollowerInfo (FollowerInfo.java:lambda$new$0(51)) - 12697ddf-1b16-4057-bfeb-ac6f3e0803f5@group-A57F0B006D91->4747afbe-90ee-49f5-a182-8531c2527e8f: nextIndex: updateUnconditionally 8 -> 7
2020-07-17 19:17:43,253 [grpc-default-executor-0] WARN  server.GrpcLogAppender (LogUtils.java:warn(122)) - 12697ddf-1b16-4057-bfeb-ac6f3e0803f5@group-A57F0B006D91->4747afbe-90ee-49f5-a182-8531c2527e8f-AppendLogResponseHandler: Failed appendEntries: org.apache.ratis.thirdparty.io.grpc.StatusRuntimeException: UNAVAILABLE: io exception
2020-07-17 19:17:43,256 [grpc-default-executor-0] INFO  impl.FollowerInfo (FollowerInfo.java:lambda$new$0(51)) - 12697ddf-1b16-4057-bfeb-ac6f3e0803f5@group-A57F0B006D91->4747afbe-90ee-49f5-a182-8531c2527e8f: nextIndex: updateUnconditionally 8 -> 7
2020-07-17 19:17:43,323 [Listener at 127.0.0.1/36635] INFO  ozoneimpl.OzoneContainer (OzoneContainer.java:stop(247)) - Attempting to stop container services.
2020-07-17 19:17:43,323 [Listener at 127.0.0.1/36635] INFO  impl.RaftServerProxy (RaftServerProxy.java:lambda$close$4(319)) - b62614be-6cdc-4599-9b61-ac2094d3efd2: close
2020-07-17 19:17:43,324 [Listener at 127.0.0.1/36635] INFO  impl.RaftServerImpl (RaftServerImpl.java:lambda$shutdown$3(252)) - b62614be-6cdc-4599-9b61-ac2094d3efd2@group-A57F0B006D91: shutdown
2020-07-17 19:17:43,325 [Listener at 127.0.0.1/36635] INFO  util.JmxRegister (JmxRegister.java:unregister(73)) - Successfully un-registered JMX Bean with object name Ratis:service=RaftServer,group=group-A57F0B006D91,id=b62614be-6cdc-4599-9b61-ac2094d3efd2
2020-07-17 19:17:43,325 [Listener at 127.0.0.1/36635] INFO  impl.RoleInfo (RoleInfo.java:shutdownFollowerState(121)) - b62614be-6cdc-4599-9b61-ac2094d3efd2: shutdown FollowerState
2020-07-17 19:17:43,325 [Thread-590] INFO  impl.FollowerState (FollowerState.java:run(117)) - b62614be-6cdc-4599-9b61-ac2094d3efd2@group-A57F0B006D91-FollowerState was interrupted: java.lang.InterruptedException: sleep interrupted
2020-07-17 19:17:43,325 [b62614be-6cdc-4599-9b61-ac2094d3efd2@group-A57F0B006D91-StateMachineUpdater] INFO  ratis.ContainerStateMachine (ContainerStateMachine.java:takeSnapshot(293)) - group-A57F0B006D91: Taking a snapshot at:(t:1, i:7) file /github/workspace/mnt/ozone/hadoop-ozone/integration-test/target/test-dir/MiniOzoneClusterImpl-c590ab3c-c15e-4809-9b68-32eb717c380c/datanode-2/data/ratis/2f0cf332-3743-4af2-9cda-a57f0b006d91/sm/snapshot.1_7
2020-07-17 19:17:43,326 [Listener at 127.0.0.1/36635] INFO  impl.StateMachineUpdater (StateMachineUpdater.java:stopAndJoin(142)) - b62614be-6cdc-4599-9b61-ac2094d3efd2@group-A57F0B006D91-StateMachineUpdater: set stopIndex = 7
2020-07-17 19:17:43,327 [b62614be-6cdc-4599-9b61-ac2094d3efd2@group-A57F0B006D91-StateMachineUpdater] INFO  ratis.ContainerStateMachine (ContainerStateMachine.java:takeSnapshot(304)) - group-A57F0B006D91: Finished taking a snapshot at:(t:1, i:7) file:/github/workspace/mnt/ozone/hadoop-ozone/integration-test/target/test-dir/MiniOzoneClusterImpl-c590ab3c-c15e-4809-9b68-32eb717c380c/datanode-2/data/ratis/2f0cf332-3743-4af2-9cda-a57f0b006d91/sm/snapshot.1_7 time:1
2020-07-17 19:17:43,327 [b62614be-6cdc-4599-9b61-ac2094d3efd2@group-A57F0B006D91-StateMachineUpdater] INFO  impl.StateMachineUpdater (StateMachineUpdater.java:takeSnapshot(277)) - b62614be-6cdc-4599-9b61-ac2094d3efd2@group-A57F0B006D91-StateMachineUpdater: Took a snapshot at index 7
2020-07-17 19:17:43,327 [b62614be-6cdc-4599-9b61-ac2094d3efd2@group-A57F0B006D91-StateMachineUpdater] INFO  impl.StateMachineUpdater (StateMachineUpdater.java:lambda$new$0(87)) - b62614be-6cdc-4599-9b61-ac2094d3efd2@group-A57F0B006D91-StateMachineUpdater: snapshotIndex: updateIncreasingly -1 -> 7
2020-07-17 19:17:43,327 [b62614be-6cdc-4599-9b61-ac2094d3efd2@group-A57F0B006D91-StateMachineUpdater] INFO  metrics.RatisMetrics (RatisMetrics.java:unregister(43)) - Unregistering Metrics Registry : ratis.state_machine.b62614be-6cdc-4599-9b61-ac2094d3efd2@group-A57F0B006D91
2020-07-17 19:17:43,328 [Listener at 127.0.0.1/36635] INFO  impl.RaftServerImpl (ServerState.java:close(387)) - b62614be-6cdc-4599-9b61-ac2094d3efd2@group-A57F0B006D91: closes. applyIndex: 7
2020-07-17 19:17:43,328 [b62614be-6cdc-4599-9b61-ac2094d3efd2@group-A57F0B006D91-SegmentedRaftLogWorker] INFO  segmented.SegmentedRaftLogWorker (SegmentedRaftLogWorker.java:run(327)) - b62614be-6cdc-4599-9b61-ac2094d3efd2@group-A57F0B006D91-SegmentedRaftLogWorker was interrupted, exiting. There are 0 tasks remaining in the queue.
2020-07-17 19:17:43,329 [Listener at 127.0.0.1/36635] INFO  segmented.SegmentedRaftLogWorker (SegmentedRaftLogWorker.java:close(234)) - b62614be-6cdc-4599-9b61-ac2094d3efd2@group-A57F0B006D91-SegmentedRaftLogWorker close()
2020-07-17 19:17:43,330 [Listener at 127.0.0.1/36635] INFO  metrics.RatisMetrics (RatisMetrics.java:unregister(43)) - Unregistering Metrics Registry : ratis.log_worker.b62614be-6cdc-4599-9b61-ac2094d3efd2@group-A57F0B006D91
2020-07-17 19:17:43,331 [Listener at 127.0.0.1/36635] INFO  metrics.RatisMetrics (RatisMetrics.java:unregister(43)) - Unregistering Metrics Registry : ratis.leader_election.b62614be-6cdc-4599-9b61-ac2094d3efd2@group-A57F0B006D91
2020-07-17 19:17:43,331 [Listener at 127.0.0.1/36635] INFO  metrics.RatisMetrics (RatisMetrics.java:unregister(43)) - Unregistering Metrics Registry : ratis.server.b62614be-6cdc-4599-9b61-ac2094d3efd2@group-A57F0B006D91
2020-07-17 19:17:43,331 [Listener at 127.0.0.1/36635] INFO  impl.RaftServerImpl (RaftServerImpl.java:lambda$shutdown$3(252)) - b62614be-6cdc-4599-9b61-ac2094d3efd2@group-1E8D9CB792E8: shutdown
2020-07-17 19:17:43,331 [Listener at 127.0.0.1/36635] INFO  util.JmxRegister (JmxRegister.java:unregister(73)) - Successfully un-registered JMX Bean with object name Ratis:service=RaftServer,group=group-1E8D9CB792E8,id=b62614be-6cdc-4599-9b61-ac2094d3efd2
2020-07-17 19:17:43,332 [Listener at 127.0.0.1/36635] INFO  impl.RoleInfo (RoleInfo.java:shutdownLeaderState(104)) - b62614be-6cdc-4599-9b61-ac2094d3efd2: shutdown LeaderState
2020-07-17 19:17:43,332 [Listener at 127.0.0.1/36635] INFO  impl.PendingRequests (PendingRequests.java:sendNotLeaderResponses(249)) - b62614be-6cdc-4599-9b61-ac2094d3efd2@group-1E8D9CB792E8-PendingRequests: sendNotLeaderResponses
2020-07-17 19:17:43,332 [Listener at 127.0.0.1/36635] INFO  metrics.RatisMetrics (RatisMetrics.java:unregister(43)) - Unregistering Metrics Registry : ratis.log_appender.b62614be-6cdc-4599-9b61-ac2094d3efd2@group-1E8D9CB792E8
2020-07-17 19:17:43,332 [Listener at 127.0.0.1/36635] INFO  metrics.RatisMetrics (RatisMetrics.java:unregister(43)) - Unregistering Metrics Registry : ratis.server.b62614be-6cdc-4599-9b61-ac2094d3efd2@group-1E8D9CB792E8
2020-07-17 19:17:43,333 [Listener at 127.0.0.1/36635] INFO  impl.StateMachineUpdater (StateMachineUpdater.java:stopAndJoin(142)) - b62614be-6cdc-4599-9b61-ac2094d3efd2@group-1E8D9CB792E8-StateMachineUpdater: set stopIndex = 0
2020-07-17 19:17:43,333 [b62614be-6cdc-4599-9b61-ac2094d3efd2@group-1E8D9CB792E8-StateMachineUpdater] INFO  ratis.ContainerStateMachine (ContainerStateMachine.java:takeSnapshot(293)) - group-1E8D9CB792E8: Taking a snapshot at:(t:1, i:0) file /github/workspace/mnt/ozone/hadoop-ozone/integration-test/target/test-dir/MiniOzoneClusterImpl-c590ab3c-c15e-4809-9b68-32eb717c380c/datanode-2/data/ratis/7d1f19cb-8034-4257-b48b-1e8d9cb792e8/sm/snapshot.1_0
2020-07-17 19:17:43,334 [b62614be-6cdc-4599-9b61-ac2094d3efd2@group-1E8D9CB792E8-StateMachineUpdater] INFO  ratis.ContainerStateMachine (ContainerStateMachine.java:takeSnapshot(304)) - group-1E8D9CB792E8: Finished taking a snapshot at:(t:1, i:0) file:/github/workspace/mnt/ozone/hadoop-ozone/integration-test/target/test-dir/MiniOzoneClusterImpl-c590ab3c-c15e-4809-9b68-32eb717c380c/datanode-2/data/ratis/7d1f19cb-8034-4257-b48b-1e8d9cb792e8/sm/snapshot.1_0 time:1
2020-07-17 19:17:43,334 [b62614be-6cdc-4599-9b61-ac2094d3efd2@group-1E8D9CB792E8-StateMachineUpdater] INFO  impl.StateMachineUpdater (StateMachineUpdater.java:takeSnapshot(277)) - b62614be-6cdc-4599-9b61-ac2094d3efd2@group-1E8D9CB792E8-StateMachineUpdater: Took a snapshot at index 0
2020-07-17 19:17:43,334 [b62614be-6cdc-4599-9b61-ac2094d3efd2@group-1E8D9CB792E8-StateMachineUpdater] INFO  impl.StateMachineUpdater (StateMachineUpdater.java:lambda$new$0(87)) - b62614be-6cdc-4599-9b61-ac2094d3efd2@group-1E8D9CB792E8-StateMachineUpdater: snapshotIndex: updateIncreasingly -1 -> 0
2020-07-17 19:17:43,334 [b62614be-6cdc-4599-9b61-ac2094d3efd2@group-1E8D9CB792E8-StateMachineUpdater] INFO  metrics.RatisMetrics (RatisMetrics.java:unregister(43)) - Unregistering Metrics Registry : ratis.state_machine.b62614be-6cdc-4599-9b61-ac2094d3efd2@group-1E8D9CB792E8
2020-07-17 19:17:43,335 [Listener at 127.0.0.1/36635] INFO  impl.RaftServerImpl (ServerState.java:close(387)) - b62614be-6cdc-4599-9b61-ac2094d3efd2@group-1E8D9CB792E8: closes. applyIndex: 0
2020-07-17 19:17:43,335 [b62614be-6cdc-4599-9b61-ac2094d3efd2@group-1E8D9CB792E8-SegmentedRaftLogWorker] INFO  segmented.SegmentedRaftLogWorker (SegmentedRaftLogWorker.java:run(327)) - b62614be-6cdc-4599-9b61-ac2094d3efd2@group-1E8D9CB792E8-SegmentedRaftLogWorker was interrupted, exiting. There are 0 tasks remaining in the queue.
2020-07-17 19:17:43,336 [Listener at 127.0.0.1/36635] INFO  segmented.SegmentedRaftLogWorker (SegmentedRaftLogWorker.java:close(234)) - b62614be-6cdc-4599-9b61-ac2094d3efd2@group-1E8D9CB792E8-SegmentedRaftLogWorker close()
2020-07-17 19:17:43,337 [Listener at 127.0.0.1/36635] INFO  metrics.RatisMetrics (RatisMetrics.java:unregister(43)) - Unregistering Metrics Registry : ratis.log_worker.b62614be-6cdc-4599-9b61-ac2094d3efd2@group-1E8D9CB792E8
2020-07-17 19:17:43,337 [Listener at 127.0.0.1/36635] INFO  metrics.RatisMetrics (RatisMetrics.java:unregister(43)) - Unregistering Metrics Registry : ratis.leader_election.b62614be-6cdc-4599-9b61-ac2094d3efd2@group-1E8D9CB792E8
2020-07-17 19:17:43,337 [Listener at 127.0.0.1/36635] INFO  metrics.RatisMetrics (RatisMetrics.java:unregister(43)) - Unregistering Metrics Registry : ratis.server.b62614be-6cdc-4599-9b61-ac2094d3efd2@group-1E8D9CB792E8
2020-07-17 19:17:43,337 [Listener at 127.0.0.1/36635] INFO  server.GrpcService (GrpcService.java:closeImpl(166)) - b62614be-6cdc-4599-9b61-ac2094d3efd2: shutdown server with port 33125 now
2020-07-17 19:17:43,338 [Listener at 127.0.0.1/36635] INFO  server.GrpcService (GrpcService.java:closeImpl(174)) - b62614be-6cdc-4599-9b61-ac2094d3efd2: shutdown server with port 33125 successfully
2020-07-17 19:17:43,339 [grpc-default-executor-1] WARN  server.GrpcLogAppender (LogUtils.java:warn(122)) - 12697ddf-1b16-4057-bfeb-ac6f3e0803f5@group-A57F0B006D91->b62614be-6cdc-4599-9b61-ac2094d3efd2-AppendLogResponseHandler: Failed appendEntries: org.apache.ratis.thirdparty.io.grpc.StatusRuntimeException: CANCELLED: HTTP/2 error code: CANCEL
Received Rst Stream
2020-07-17 19:17:43,339 [grpc-default-executor-2] WARN  server.GrpcServerProtocolService (LogUtils.java:warn(122)) - b62614be-6cdc-4599-9b61-ac2094d3efd2: installSnapshot onError, lastRequest: 12697ddf-1b16-4057-bfeb-ac6f3e0803f5->b62614be-6cdc-4599-9b61-ac2094d3efd2#8-t1, previous=(t:1, i:6), leaderCommit=4, initializing? false, entries: size=1, first=(t:1, i:7), METADATAENTRY(c:4): org.apache.ratis.thirdparty.io.grpc.StatusRuntimeException: CANCELLED: cancelled before receiving half close
2020-07-17 19:17:43,340 [grpc-default-executor-1] INFO  impl.FollowerInfo (FollowerInfo.java:lambda$new$0(51)) - 12697ddf-1b16-4057-bfeb-ac6f3e0803f5@group-A57F0B006D91->b62614be-6cdc-4599-9b61-ac2094d3efd2: nextIndex: updateUnconditionally 8 -> 7
2020-07-17 19:17:43,341 [Listener at 127.0.0.1/36635] INFO  utils.BackgroundService (BackgroundService.java:shutdown(157)) - Shutting down service BlockDeletingService
2020-07-17 19:17:43,343 [Listener at 127.0.0.1/36635] INFO  statemachine.DatanodeStateMachine (DatanodeStateMachine.java:stopDaemon(428)) - Ozone container server stopped.
2020-07-17 19:17:43,349 [Listener at 127.0.0.1/36635] INFO  handler.ContextHandler (ContextHandler.java:doStop(1016)) - Stopped o.e.j.w.WebAppContext@1f1242e4{hddsDatanode,/,null,UNAVAILABLE}{jar:file:/home/user/.m2/repository/org/apache/hadoop/hadoop-hdds-container-service/0.6.0-SNAPSHOT/hadoop-hdds-container-service-0.6.0-SNAPSHOT.jar!/webapps/hddsDatanode}
2020-07-17 19:17:43,350 [Listener at 127.0.0.1/36635] INFO  server.AbstractConnector (AbstractConnector.java:doStop(380)) - Stopped ServerConnector@6fd3d8b5{HTTP/1.1,[http/1.1]}{0.0.0.0:0}
2020-07-17 19:17:43,350 [Listener at 127.0.0.1/36635] INFO  server.session (HouseKeeper.java:stopScavenging(158)) - node0 Stopped scavenging
2020-07-17 19:17:43,350 [Listener at 127.0.0.1/36635] INFO  handler.ContextHandler (ContextHandler.java:doStop(1016)) - Stopped o.e.j.s.ServletContextHandler@b403f12{static,/static,jar:file:/home/user/.m2/repository/org/apache/hadoop/hadoop-hdds-container-service/0.6.0-SNAPSHOT/hadoop-hdds-container-service-0.6.0-SNAPSHOT.jar!/webapps/static,UNAVAILABLE}
2020-07-17 19:17:43,351 [Listener at 127.0.0.1/36635] INFO  handler.ContextHandler (ContextHandler.java:doStop(1016)) - Stopped o.e.j.s.ServletContextHandler@21c13221{logs,/logs,file:///github/workspace/mnt/ozone/hadoop-ozone/integration-test/target/log,UNAVAILABLE}
2020-07-17 19:17:45,758 [grpc-default-executor-1] WARN  server.GrpcLogAppender (LogUtils.java:warn(122)) - 12697ddf-1b16-4057-bfeb-ac6f3e0803f5@group-A57F0B006D91->4747afbe-90ee-49f5-a182-8531c2527e8f-AppendLogResponseHandler: Failed appendEntries: org.apache.ratis.thirdparty.io.grpc.StatusRuntimeException: UNAVAILABLE: io exception
2020-07-17 19:17:45,759 [grpc-default-executor-1] INFO  impl.FollowerInfo (FollowerInfo.java:lambda$new$0(51)) - 12697ddf-1b16-4057-bfeb-ac6f3e0803f5@group-A57F0B006D91->4747afbe-90ee-49f5-a182-8531c2527e8f: nextIndex: updateUnconditionally 8 -> 7
2020-07-17 19:17:45,771 [grpc-default-executor-2] WARN  server.GrpcLogAppender (LogUtils.java:warn(122)) - 12697ddf-1b16-4057-bfeb-ac6f3e0803f5@group-A57F0B006D91->b62614be-6cdc-4599-9b61-ac2094d3efd2-AppendLogResponseHandler: Failed appendEntries: org.apache.ratis.thirdparty.io.grpc.StatusRuntimeException: UNAVAILABLE: io exception
2020-07-17 19:17:45,772 [grpc-default-executor-2] INFO  impl.FollowerInfo (FollowerInfo.java:lambda$new$0(51)) - 12697ddf-1b16-4057-bfeb-ac6f3e0803f5@group-A57F0B006D91->b62614be-6cdc-4599-9b61-ac2094d3efd2: nextIndex: updateUnconditionally 8 -> 7
2020-07-17 19:17:46,356 [Listener at 127.0.0.1/36635] WARN  scm.XceiverClientRatis (XceiverClientRatis.java:watchForCommit(265)) - 3 way commit failed on pipeline Pipeline[ Id: 2f0cf332-3743-4af2-9cda-a57f0b006d91, Nodes: 4747afbe-90ee-49f5-a182-8531c2527e8f{ip: 172.17.0.2, host: 9afa6d03cd7d, networkLocation: /default-rack, certSerialId: null}b62614be-6cdc-4599-9b61-ac2094d3efd2{ip: 172.17.0.2, host: 9afa6d03cd7d, networkLocation: /default-rack, certSerialId: null}12697ddf-1b16-4057-bfeb-ac6f3e0803f5{ip: 172.17.0.2, host: 9afa6d03cd7d, networkLocation: /default-rack, certSerialId: null}, Type:RATIS, Factor:THREE, State:OPEN, leaderId:12697ddf-1b16-4057-bfeb-ac6f3e0803f5, CreationTimestamp2020-07-17T19:17:24.563Z]
java.util.concurrent.ExecutionException: org.apache.ratis.protocol.TimeoutIOException: Request #27 timeout 3000ms
	at java.util.concurrent.CompletableFuture.reportGet(CompletableFuture.java:357)
	at java.util.concurrent.CompletableFuture.get(CompletableFuture.java:1908)
	at org.apache.hadoop.hdds.scm.XceiverClientRatis.watchForCommit(XceiverClientRatis.java:262)
	at org.apache.hadoop.hdds.scm.storage.CommitWatcher.watchForCommit(CommitWatcher.java:190)
	at org.apache.hadoop.ozone.client.rpc.TestCommitWatcher.testReleaseBuffersOnException(TestCommitWatcher.java:312)
	at sun.reflect.NativeMethodAccessorImpl.invoke0(Native Method)
	at sun.reflect.NativeMethodAccessorImpl.invoke(NativeMethodAccessorImpl.java:62)
	at sun.reflect.DelegatingMethodAccessorImpl.invoke(DelegatingMethodAccessorImpl.java:43)
	at java.lang.reflect.Method.invoke(Method.java:498)
	at org.junit.runners.model.FrameworkMethod$1.runReflectiveCall(FrameworkMethod.java:47)
	at org.junit.internal.runners.model.ReflectiveCallable.run(ReflectiveCallable.java:12)
	at org.junit.runners.model.FrameworkMethod.invokeExplosively(FrameworkMethod.java:44)
	at org.junit.internal.runners.statements.InvokeMethod.evaluate(InvokeMethod.java:17)
	at org.junit.internal.runners.statements.RunBefores.evaluate(RunBefores.java:26)
	at org.junit.internal.runners.statements.RunAfters.evaluate(RunAfters.java:27)
	at org.junit.internal.runners.statements.FailOnTimeout$StatementThread.run(FailOnTimeout.java:74)
Caused by: org.apache.ratis.protocol.TimeoutIOException: Request #27 timeout 3000ms
	at org.apache.ratis.grpc.client.GrpcClientProtocolClient$AsyncStreamObservers.lambda$timeoutCheck$5(GrpcClientProtocolClient.java:337)
	at java.util.Optional.ifPresent(Optional.java:159)
	at org.apache.ratis.grpc.client.GrpcClientProtocolClient$AsyncStreamObservers.handleReplyFuture(GrpcClientProtocolClient.java:342)
	at org.apache.ratis.grpc.client.GrpcClientProtocolClient$AsyncStreamObservers.timeoutCheck(GrpcClientProtocolClient.java:337)
	at org.apache.ratis.grpc.client.GrpcClientProtocolClient$AsyncStreamObservers.lambda$onNext$1(GrpcClientProtocolClient.java:326)
	at org.apache.ratis.util.TimeoutScheduler.lambda$onTimeout$0(TimeoutScheduler.java:141)
	at org.apache.ratis.util.TimeoutScheduler.lambda$onTimeout$1(TimeoutScheduler.java:155)
	at org.apache.ratis.util.LogUtils.runAndLog(LogUtils.java:38)
	at org.apache.ratis.util.LogUtils$1.run(LogUtils.java:79)
	at java.util.concurrent.Executors$RunnableAdapter.call(Executors.java:511)
	at java.util.concurrent.FutureTask.run(FutureTask.java:266)
	at java.util.concurrent.ScheduledThreadPoolExecutor$ScheduledFutureTask.access$201(ScheduledThreadPoolExecutor.java:180)
	at java.util.concurrent.ScheduledThreadPoolExecutor$ScheduledFutureTask.run(ScheduledThreadPoolExecutor.java:293)
	at java.util.concurrent.ThreadPoolExecutor.runWorker(ThreadPoolExecutor.java:1149)
	at java.util.concurrent.ThreadPoolExecutor$Worker.run(ThreadPoolExecutor.java:624)
	at java.lang.Thread.run(Thread.java:748)
2020-07-17 19:17:46,718 [Thread-696] INFO  client.GrpcClientProtocolService (GrpcClientProtocolService.java:lambda$processClientRequest$0(283)) - Failed RaftClientRequest:client-042C6295DD85->12697ddf-1b16-4057-bfeb-ac6f3e0803f5@group-A57F0B006D91, cid=27, seq=0, Watch-ALL_COMMITTED(104), Message:<EMPTY>, reply=RaftClientReply:client-042C6295DD85->12697ddf-1b16-4057-bfeb-ac6f3e0803f5@group-A57F0B006D91, cid=27, FAILED org.apache.ratis.protocol.NotReplicatedException: Request with call Id 27 and log index 104 is not yet replicated to ALL_COMMITTED, logIndex=104, commits[12697ddf-1b16-4057-bfeb-ac6f3e0803f5:c7, 4747afbe-90ee-49f5-a182-8531c2527e8f:c7, b62614be-6cdc-4599-9b61-ac2094d3efd2:c7]
2020-07-17 19:17:48,257 [grpc-default-executor-1] WARN  server.GrpcLogAppender (LogUtils.java:warn(122)) - 12697ddf-1b16-4057-bfeb-ac6f3e0803f5@group-A57F0B006D91->4747afbe-90ee-49f5-a182-8531c2527e8f-AppendLogResponseHandler: Failed appendEntries: org.apache.ratis.thirdparty.io.grpc.StatusRuntimeException: UNAVAILABLE: io exception
2020-07-17 19:17:48,260 [grpc-default-executor-1] INFO  impl.FollowerInfo (FollowerInfo.java:lambda$new$0(51)) - 12697ddf-1b16-4057-bfeb-ac6f3e0803f5@group-A57F0B006D91->4747afbe-90ee-49f5-a182-8531c2527e8f: nextIndex: updateUnconditionally 8 -> 7
2020-07-17 19:17:48,273 [grpc-default-executor-2] WARN  server.GrpcLogAppender (LogUtils.java:warn(122)) - 12697ddf-1b16-4057-bfeb-ac6f3e0803f5@group-A57F0B006D91->b62614be-6cdc-4599-9b61-ac2094d3efd2-AppendLogResponseHandler: Failed appendEntries: org.apache.ratis.thirdparty.io.grpc.StatusRuntimeException: UNAVAILABLE: io exception
2020-07-17 19:17:48,275 [grpc-default-executor-2] INFO  impl.FollowerInfo (FollowerInfo.java:lambda$new$0(51)) - 12697ddf-1b16-4057-bfeb-ac6f3e0803f5@group-A57F0B006D91->b62614be-6cdc-4599-9b61-ac2094d3efd2: nextIndex: updateUnconditionally 8 -> 7
2020-07-17 19:17:49,358 [Listener at 127.0.0.1/36635] WARN  storage.CommitWatcher (CommitWatcher.java:getIOExceptionForWatchForCommit(209)) - watchForCommit failed for index 104
java.util.concurrent.ExecutionException: org.apache.ratis.protocol.TimeoutIOException: Request #28 timeout 3000ms
	at java.util.concurrent.CompletableFuture.reportGet(CompletableFuture.java:357)
	at java.util.concurrent.CompletableFuture.get(CompletableFuture.java:1908)
	at org.apache.hadoop.hdds.scm.XceiverClientRatis.watchForCommit(XceiverClientRatis.java:271)
	at org.apache.hadoop.hdds.scm.storage.CommitWatcher.watchForCommit(CommitWatcher.java:190)
	at org.apache.hadoop.ozone.client.rpc.TestCommitWatcher.testReleaseBuffersOnException(TestCommitWatcher.java:312)
	at sun.reflect.NativeMethodAccessorImpl.invoke0(Native Method)
	at sun.reflect.NativeMethodAccessorImpl.invoke(NativeMethodAccessorImpl.java:62)
	at sun.reflect.DelegatingMethodAccessorImpl.invoke(DelegatingMethodAccessorImpl.java:43)
	at java.lang.reflect.Method.invoke(Method.java:498)
	at org.junit.runners.model.FrameworkMethod$1.runReflectiveCall(FrameworkMethod.java:47)
	at org.junit.internal.runners.model.ReflectiveCallable.run(ReflectiveCallable.java:12)
	at org.junit.runners.model.FrameworkMethod.invokeExplosively(FrameworkMethod.java:44)
	at org.junit.internal.runners.statements.InvokeMethod.evaluate(InvokeMethod.java:17)
	at org.junit.internal.runners.statements.RunBefores.evaluate(RunBefores.java:26)
	at org.junit.internal.runners.statements.RunAfters.evaluate(RunAfters.java:27)
	at org.junit.internal.runners.statements.FailOnTimeout$StatementThread.run(FailOnTimeout.java:74)
Caused by: org.apache.ratis.protocol.TimeoutIOException: Request #28 timeout 3000ms
	at org.apache.ratis.grpc.client.GrpcClientProtocolClient$AsyncStreamObservers.lambda$timeoutCheck$5(GrpcClientProtocolClient.java:337)
	at java.util.Optional.ifPresent(Optional.java:159)
	at org.apache.ratis.grpc.client.GrpcClientProtocolClient$AsyncStreamObservers.handleReplyFuture(GrpcClientProtocolClient.java:342)
	at org.apache.ratis.grpc.client.GrpcClientProtocolClient$AsyncStreamObservers.timeoutCheck(GrpcClientProtocolClient.java:337)
	at org.apache.ratis.grpc.client.GrpcClientProtocolClient$AsyncStreamObservers.lambda$onNext$1(GrpcClientProtocolClient.java:326)
	at org.apache.ratis.util.TimeoutScheduler.lambda$onTimeout$0(TimeoutScheduler.java:141)
	at org.apache.ratis.util.TimeoutScheduler.lambda$onTimeout$1(TimeoutScheduler.java:155)
	at org.apache.ratis.util.LogUtils.runAndLog(LogUtils.java:38)
	at org.apache.ratis.util.LogUtils$1.run(LogUtils.java:79)
	at java.util.concurrent.Executors$RunnableAdapter.call(Executors.java:511)
	at java.util.concurrent.FutureTask.run(FutureTask.java:266)
	at java.util.concurrent.ScheduledThreadPoolExecutor$ScheduledFutureTask.access$201(ScheduledThreadPoolExecutor.java:180)
	at java.util.concurrent.ScheduledThreadPoolExecutor$ScheduledFutureTask.run(ScheduledThreadPoolExecutor.java:293)
	at java.util.concurrent.ThreadPoolExecutor.runWorker(ThreadPoolExecutor.java:1149)
	at java.util.concurrent.ThreadPoolExecutor$Worker.run(ThreadPoolExecutor.java:624)
	at java.lang.Thread.run(Thread.java:748)
2020-07-17 19:17:49,360 [Listener at 127.0.0.1/36635] INFO  ozone.MiniOzoneClusterImpl (MiniOzoneClusterImpl.java:shutdown(387)) - Shutting down the Mini Ozone Cluster
2020-07-17 19:17:49,360 [Listener at 127.0.0.1/36635] INFO  ozone.MiniOzoneClusterImpl (MiniOzoneClusterImpl.java:stop(402)) - Stopping the Mini Ozone Cluster
2020-07-17 19:17:49,360 [Listener at 127.0.0.1/36635] INFO  ozone.MiniOzoneClusterImpl (MiniOzoneClusterImpl.java:stopOM(484)) - Stopping the OzoneManager
2020-07-17 19:17:49,360 [Listener at 127.0.0.1/36635] INFO  ipc.Server (Server.java:stop(3359)) - Stopping server on 36635
2020-07-17 19:17:49,367 [IPC Server listener on 0] INFO  ipc.Server (Server.java:run(1330)) - Stopping IPC Server listener on 0
2020-07-17 19:17:49,369 [IPC Server Responder] INFO  ipc.Server (Server.java:run(1465)) - Stopping IPC Server Responder
2020-07-17 19:17:49,370 [Listener at 127.0.0.1/36635] INFO  ratis.OzoneManagerDoubleBuffer (OzoneManagerDoubleBuffer.java:stop(458)) - Stopping OMDoubleBuffer flush thread
2020-07-17 19:17:49,370 [OMDoubleBufferFlushThread] INFO  ratis.OzoneManagerDoubleBuffer (OzoneManagerDoubleBuffer.java:flushTransactions(357)) - OMDoubleBuffer flush thread OMDoubleBufferFlushThread is interrupted and will exit. OMDoubleBufferFlushThread
2020-07-17 19:17:49,370 [Listener at 127.0.0.1/36635] INFO  utils.BackgroundService (BackgroundService.java:shutdown(157)) - Shutting down service KeyDeletingService
2020-07-17 19:17:49,372 [Listener at 127.0.0.1/36635] INFO  handler.ContextHandler (ContextHandler.java:doStop(1016)) - Stopped o.e.j.w.WebAppContext@1db228ea{ozoneManager,/,null,UNAVAILABLE}{file:/github/workspace/mnt/ozone/hadoop-ozone/integration-test/target/test-classes/webapps/ozoneManager}
2020-07-17 19:17:49,372 [Listener at 127.0.0.1/36635] INFO  server.AbstractConnector (AbstractConnector.java:doStop(380)) - Stopped ServerConnector@46a2f84b{HTTP/1.1,[http/1.1]}{0.0.0.0:0}
2020-07-17 19:17:49,373 [Listener at 127.0.0.1/36635] INFO  server.session (HouseKeeper.java:stopScavenging(158)) - node0 Stopped scavenging
2020-07-17 19:17:49,373 [Listener at 127.0.0.1/36635] INFO  handler.ContextHandler (ContextHandler.java:doStop(1016)) - Stopped o.e.j.s.ServletContextHandler@276da2f0{static,/static,file:///github/workspace/mnt/ozone/hadoop-ozone/integration-test/target/test-classes/webapps/static,UNAVAILABLE}
2020-07-17 19:17:49,373 [Listener at 127.0.0.1/36635] INFO  handler.ContextHandler (ContextHandler.java:doStop(1016)) - Stopped o.e.j.s.ServletContextHandler@186ff0b8{logs,/logs,file:///github/workspace/mnt/ozone/hadoop-ozone/integration-test/target/log,UNAVAILABLE}
2020-07-17 19:17:49,376 [Listener at 127.0.0.1/36635] INFO  ozone.MiniOzoneClusterImpl (MiniOzoneClusterImpl.java:stopDatanodes(461)) - Stopping the HddsDatanodes
2020-07-17 19:17:49,715 [Thread-700] INFO  client.GrpcClientProtocolService (GrpcClientProtocolService.java:lambda$processClientRequest$0(283)) - Failed RaftClientRequest:client-042C6295DD85->12697ddf-1b16-4057-bfeb-ac6f3e0803f5@group-A57F0B006D91, cid=28, seq=0, Watch-MAJORITY_COMMITTED(104), Message:<EMPTY>, reply=RaftClientReply:client-042C6295DD85->12697ddf-1b16-4057-bfeb-ac6f3e0803f5@group-A57F0B006D91, cid=28, FAILED org.apache.ratis.protocol.NotReplicatedException: Request with call Id 28 and log index 104 is not yet replicated to MAJORITY_COMMITTED, logIndex=104, commits[12697ddf-1b16-4057-bfeb-ac6f3e0803f5:c7, 4747afbe-90ee-49f5-a182-8531c2527e8f:c7, b62614be-6cdc-4599-9b61-ac2094d3efd2:c7]
2020-07-17 19:17:49,918 [Datanode State Machine Thread - 0] INFO  statemachine.DatanodeStateMachine (DatanodeStateMachine.java:lambda$startDaemon$0(380)) - Ozone container server started.
2020-07-17 19:17:50,191 [Datanode State Machine Thread - 0] INFO  statemachine.DatanodeStateMachine (DatanodeStateMachine.java:lambda$startDaemon$0(380)) - Ozone container server started.
2020-07-17 19:17:50,760 [grpc-default-executor-1] WARN  server.GrpcLogAppender (LogUtils.java:warn(122)) - 12697ddf-1b16-4057-bfeb-ac6f3e0803f5@group-A57F0B006D91->4747afbe-90ee-49f5-a182-8531c2527e8f-AppendLogResponseHandler: Failed appendEntries: org.apache.ratis.thirdparty.io.grpc.StatusRuntimeException: UNAVAILABLE: io exception
2020-07-17 19:17:50,762 [grpc-default-executor-1] INFO  impl.FollowerInfo (FollowerInfo.java:lambda$new$0(51)) - 12697ddf-1b16-4057-bfeb-ac6f3e0803f5@group-A57F0B006D91->4747afbe-90ee-49f5-a182-8531c2527e8f: nextIndex: updateUnconditionally 8 -> 7
2020-07-17 19:17:50,774 [grpc-default-executor-2] WARN  server.GrpcLogAppender (LogUtils.java:warn(122)) - 12697ddf-1b16-4057-bfeb-ac6f3e0803f5@group-A57F0B006D91->b62614be-6cdc-4599-9b61-ac2094d3efd2-AppendLogResponseHandler: Failed appendEntries: org.apache.ratis.thirdparty.io.grpc.StatusRuntimeException: UNAVAILABLE: io exception
2020-07-17 19:17:50,775 [grpc-default-executor-2] INFO  impl.FollowerInfo (FollowerInfo.java:lambda$new$0(51)) - 12697ddf-1b16-4057-bfeb-ac6f3e0803f5@group-A57F0B006D91->b62614be-6cdc-4599-9b61-ac2094d3efd2: nextIndex: updateUnconditionally 8 -> 7
2020-07-17 19:17:53,263 [grpc-default-executor-1] WARN  server.GrpcLogAppender (LogUtils.java:warn(122)) - 12697ddf-1b16-4057-bfeb-ac6f3e0803f5@group-A57F0B006D91->4747afbe-90ee-49f5-a182-8531c2527e8f-AppendLogResponseHandler: Failed appendEntries: org.apache.ratis.thirdparty.io.grpc.StatusRuntimeException: UNAVAILABLE: io exception
2020-07-17 19:17:53,264 [grpc-default-executor-1] INFO  impl.FollowerInfo (FollowerInfo.java:lambda$new$0(51)) - 12697ddf-1b16-4057-bfeb-ac6f3e0803f5@group-A57F0B006D91->4747afbe-90ee-49f5-a182-8531c2527e8f: nextIndex: updateUnconditionally 8 -> 7
2020-07-17 19:17:53,275 [grpc-default-executor-2] WARN  server.GrpcLogAppender (LogUtils.java:warn(122)) - 12697ddf-1b16-4057-bfeb-ac6f3e0803f5@group-A57F0B006D91->b62614be-6cdc-4599-9b61-ac2094d3efd2-AppendLogResponseHandler: Failed appendEntries: org.apache.ratis.thirdparty.io.grpc.StatusRuntimeException: UNAVAILABLE: io exception
2020-07-17 19:17:53,277 [grpc-default-executor-2] INFO  impl.FollowerInfo (FollowerInfo.java:lambda$new$0(51)) - 12697ddf-1b16-4057-bfeb-ac6f3e0803f5@group-A57F0B006D91->b62614be-6cdc-4599-9b61-ac2094d3efd2: nextIndex: updateUnconditionally 8 -> 7
2020-07-17 19:17:54,377 [Listener at 127.0.0.1/36635] INFO  ozoneimpl.OzoneContainer (OzoneContainer.java:stop(247)) - Attempting to stop container services.
2020-07-17 19:17:54,377 [ForkJoinPool.commonPool-worker-0] INFO  ozoneimpl.OzoneContainer (OzoneContainer.java:stop(247)) - Attempting to stop container services.
2020-07-17 19:17:54,377 [Listener at 127.0.0.1/36635] INFO  impl.RaftServerProxy (RaftServerProxy.java:lambda$close$4(319)) - ff149fa5-9438-4271-a257-312acf7350ed: close
2020-07-17 19:17:54,377 [ForkJoinPool.commonPool-worker-0] INFO  impl.RaftServerProxy (RaftServerProxy.java:lambda$close$4(319)) - 12697ddf-1b16-4057-bfeb-ac6f3e0803f5: close
2020-07-17 19:17:54,377 [Listener at 127.0.0.1/36635] INFO  impl.RaftServerImpl (RaftServerImpl.java:lambda$shutdown$3(252)) - ff149fa5-9438-4271-a257-312acf7350ed@group-BA09A80E04F8: shutdown
2020-07-17 19:17:54,377 [Listener at 127.0.0.1/36635] INFO  util.JmxRegister (JmxRegister.java:unregister(73)) - Successfully un-registered JMX Bean with object name Ratis:service=RaftServer,group=group-BA09A80E04F8,id=ff149fa5-9438-4271-a257-312acf7350ed
2020-07-17 19:17:54,378 [Listener at 127.0.0.1/36635] INFO  impl.RoleInfo (RoleInfo.java:shutdownLeaderState(104)) - ff149fa5-9438-4271-a257-312acf7350ed: shutdown LeaderState
2020-07-17 19:17:54,377 [ForkJoinPool.commonPool-worker-0] INFO  impl.RaftServerImpl (RaftServerImpl.java:lambda$shutdown$3(252)) - 12697ddf-1b16-4057-bfeb-ac6f3e0803f5@group-DCD5375450F6: shutdown
2020-07-17 19:17:54,378 [ForkJoinPool.commonPool-worker-0] INFO  util.JmxRegister (JmxRegister.java:unregister(73)) - Successfully un-registered JMX Bean with object name Ratis:service=RaftServer,group=group-DCD5375450F6,id=12697ddf-1b16-4057-bfeb-ac6f3e0803f5
2020-07-17 19:17:54,378 [ForkJoinPool.commonPool-worker-0] INFO  impl.RoleInfo (RoleInfo.java:shutdownLeaderState(104)) - 12697ddf-1b16-4057-bfeb-ac6f3e0803f5: shutdown LeaderState
2020-07-17 19:17:54,378 [ForkJoinPool.commonPool-worker-0] INFO  impl.PendingRequests (PendingRequests.java:sendNotLeaderResponses(249)) - 12697ddf-1b16-4057-bfeb-ac6f3e0803f5@group-DCD5375450F6-PendingRequests: sendNotLeaderResponses
2020-07-17 19:17:54,378 [Listener at 127.0.0.1/36635] INFO  impl.PendingRequests (PendingRequests.java:sendNotLeaderResponses(249)) - ff149fa5-9438-4271-a257-312acf7350ed@group-BA09A80E04F8-PendingRequests: sendNotLeaderResponses
2020-07-17 19:17:54,379 [Listener at 127.0.0.1/36635] INFO  metrics.RatisMetrics (RatisMetrics.java:unregister(43)) - Unregistering Metrics Registry : ratis.log_appender.ff149fa5-9438-4271-a257-312acf7350ed@group-BA09A80E04F8
2020-07-17 19:17:54,378 [ForkJoinPool.commonPool-worker-0] INFO  metrics.RatisMetrics (RatisMetrics.java:unregister(43)) - Unregistering Metrics Registry : ratis.log_appender.12697ddf-1b16-4057-bfeb-ac6f3e0803f5@group-DCD5375450F6
2020-07-17 19:17:54,379 [Listener at 127.0.0.1/36635] INFO  metrics.RatisMetrics (RatisMetrics.java:unregister(43)) - Unregistering Metrics Registry : ratis.server.ff149fa5-9438-4271-a257-312acf7350ed@group-BA09A80E04F8
2020-07-17 19:17:54,379 [ForkJoinPool.commonPool-worker-0] INFO  metrics.RatisMetrics (RatisMetrics.java:unregister(43)) - Unregistering Metrics Registry : ratis.server.12697ddf-1b16-4057-bfeb-ac6f3e0803f5@group-DCD5375450F6
2020-07-17 19:17:54,380 [Listener at 127.0.0.1/36635] INFO  impl.StateMachineUpdater (StateMachineUpdater.java:stopAndJoin(142)) - ff149fa5-9438-4271-a257-312acf7350ed@group-BA09A80E04F8-StateMachineUpdater: set stopIndex = 0
2020-07-17 19:17:54,381 [ff149fa5-9438-4271-a257-312acf7350ed@group-BA09A80E04F8-StateMachineUpdater] INFO  ratis.ContainerStateMachine (ContainerStateMachine.java:takeSnapshot(293)) - group-BA09A80E04F8: Taking a snapshot at:(t:1, i:0) file /github/workspace/mnt/ozone/hadoop-ozone/integration-test/target/test-dir/MiniOzoneClusterImpl-c590ab3c-c15e-4809-9b68-32eb717c380c/datanode-4/data/ratis/4fb01372-3c1b-4efa-a5cf-ba09a80e04f8/sm/snapshot.1_0
2020-07-17 19:17:54,381 [12697ddf-1b16-4057-bfeb-ac6f3e0803f5@group-DCD5375450F6-StateMachineUpdater] INFO  ratis.ContainerStateMachine (ContainerStateMachine.java:takeSnapshot(293)) - group-DCD5375450F6: Taking a snapshot at:(t:1, i:0) file /github/workspace/mnt/ozone/hadoop-ozone/integration-test/target/test-dir/MiniOzoneClusterImpl-c590ab3c-c15e-4809-9b68-32eb717c380c/datanode-0/data/ratis/5bf7d1f9-0f2e-498e-819b-dcd5375450f6/sm/snapshot.1_0
2020-07-17 19:17:54,381 [ForkJoinPool.commonPool-worker-0] INFO  impl.StateMachineUpdater (StateMachineUpdater.java:stopAndJoin(142)) - 12697ddf-1b16-4057-bfeb-ac6f3e0803f5@group-DCD5375450F6-StateMachineUpdater: set stopIndex = 0
2020-07-17 19:17:54,383 [ff149fa5-9438-4271-a257-312acf7350ed@group-BA09A80E04F8-StateMachineUpdater] INFO  ratis.ContainerStateMachine (ContainerStateMachine.java:takeSnapshot(304)) - group-BA09A80E04F8: Finished taking a snapshot at:(t:1, i:0) file:/github/workspace/mnt/ozone/hadoop-ozone/integration-test/target/test-dir/MiniOzoneClusterImpl-c590ab3c-c15e-4809-9b68-32eb717c380c/datanode-4/data/ratis/4fb01372-3c1b-4efa-a5cf-ba09a80e04f8/sm/snapshot.1_0 time:2
2020-07-17 19:17:54,383 [12697ddf-1b16-4057-bfeb-ac6f3e0803f5@group-DCD5375450F6-StateMachineUpdater] INFO  ratis.ContainerStateMachine (ContainerStateMachine.java:takeSnapshot(304)) - group-DCD5375450F6: Finished taking a snapshot at:(t:1, i:0) file:/github/workspace/mnt/ozone/hadoop-ozone/integration-test/target/test-dir/MiniOzoneClusterImpl-c590ab3c-c15e-4809-9b68-32eb717c380c/datanode-0/data/ratis/5bf7d1f9-0f2e-498e-819b-dcd5375450f6/sm/snapshot.1_0 time:2
2020-07-17 19:17:54,384 [ff149fa5-9438-4271-a257-312acf7350ed@group-BA09A80E04F8-StateMachineUpdater] INFO  impl.StateMachineUpdater (StateMachineUpdater.java:takeSnapshot(277)) - ff149fa5-9438-4271-a257-312acf7350ed@group-BA09A80E04F8-StateMachineUpdater: Took a snapshot at index 0
2020-07-17 19:17:54,384 [12697ddf-1b16-4057-bfeb-ac6f3e0803f5@group-DCD5375450F6-StateMachineUpdater] INFO  impl.StateMachineUpdater (StateMachineUpdater.java:takeSnapshot(277)) - 12697ddf-1b16-4057-bfeb-ac6f3e0803f5@group-DCD5375450F6-StateMachineUpdater: Took a snapshot at index 0
2020-07-17 19:17:54,384 [12697ddf-1b16-4057-bfeb-ac6f3e0803f5@group-DCD5375450F6-StateMachineUpdater] INFO  impl.StateMachineUpdater (StateMachineUpdater.java:lambda$new$0(87)) - 12697ddf-1b16-4057-bfeb-ac6f3e0803f5@group-DCD5375450F6-StateMachineUpdater: snapshotIndex: updateIncreasingly -1 -> 0
2020-07-17 19:17:54,384 [ff149fa5-9438-4271-a257-312acf7350ed@group-BA09A80E04F8-StateMachineUpdater] INFO  impl.StateMachineUpdater (StateMachineUpdater.java:lambda$new$0(87)) - ff149fa5-9438-4271-a257-312acf7350ed@group-BA09A80E04F8-StateMachineUpdater: snapshotIndex: updateIncreasingly -1 -> 0
2020-07-17 19:17:54,384 [12697ddf-1b16-4057-bfeb-ac6f3e0803f5@group-DCD5375450F6-StateMachineUpdater] INFO  metrics.RatisMetrics (RatisMetrics.java:unregister(43)) - Unregistering Metrics Registry : ratis.state_machine.12697ddf-1b16-4057-bfeb-ac6f3e0803f5@group-DCD5375450F6
2020-07-17 19:17:54,384 [ff149fa5-9438-4271-a257-312acf7350ed@group-BA09A80E04F8-StateMachineUpdater] INFO  metrics.RatisMetrics (RatisMetrics.java:unregister(43)) - Unregistering Metrics Registry : ratis.state_machine.ff149fa5-9438-4271-a257-312acf7350ed@group-BA09A80E04F8
2020-07-17 19:17:54,384 [ForkJoinPool.commonPool-worker-0] INFO  impl.RaftServerImpl (ServerState.java:close(387)) - 12697ddf-1b16-4057-bfeb-ac6f3e0803f5@group-DCD5375450F6: closes. applyIndex: 0
2020-07-17 19:17:54,384 [Listener at 127.0.0.1/36635] INFO  impl.RaftServerImpl (ServerState.java:close(387)) - ff149fa5-9438-4271-a257-312acf7350ed@group-BA09A80E04F8: closes. applyIndex: 0
2020-07-17 19:17:54,384 [12697ddf-1b16-4057-bfeb-ac6f3e0803f5@group-DCD5375450F6-SegmentedRaftLogWorker] INFO  segmented.SegmentedRaftLogWorker (SegmentedRaftLogWorker.java:run(327)) - 12697ddf-1b16-4057-bfeb-ac6f3e0803f5@group-DCD5375450F6-SegmentedRaftLogWorker was interrupted, exiting. There are 0 tasks remaining in the queue.
2020-07-17 19:17:54,385 [ForkJoinPool.commonPool-worker-0] INFO  segmented.SegmentedRaftLogWorker (SegmentedRaftLogWorker.java:close(234)) - 12697ddf-1b16-4057-bfeb-ac6f3e0803f5@group-DCD5375450F6-SegmentedRaftLogWorker close()
2020-07-17 19:17:54,386 [ForkJoinPool.commonPool-worker-0] INFO  metrics.RatisMetrics (RatisMetrics.java:unregister(43)) - Unregistering Metrics Registry : ratis.log_worker.12697ddf-1b16-4057-bfeb-ac6f3e0803f5@group-DCD5375450F6
2020-07-17 19:17:54,386 [ForkJoinPool.commonPool-worker-0] INFO  metrics.RatisMetrics (RatisMetrics.java:unregister(43)) - Unregistering Metrics Registry : ratis.leader_election.12697ddf-1b16-4057-bfeb-ac6f3e0803f5@group-DCD5375450F6
2020-07-17 19:17:54,386 [ff149fa5-9438-4271-a257-312acf7350ed@group-BA09A80E04F8-SegmentedRaftLogWorker] INFO  segmented.SegmentedRaftLogWorker (SegmentedRaftLogWorker.java:run(327)) - ff149fa5-9438-4271-a257-312acf7350ed@group-BA09A80E04F8-SegmentedRaftLogWorker was interrupted, exiting. There are 0 tasks remaining in the queue.
2020-07-17 19:17:54,386 [ForkJoinPool.commonPool-worker-0] INFO  metrics.RatisMetrics (RatisMetrics.java:unregister(43)) - Unregistering Metrics Registry : ratis.server.12697ddf-1b16-4057-bfeb-ac6f3e0803f5@group-DCD5375450F6
2020-07-17 19:17:54,387 [ForkJoinPool.commonPool-worker-0] INFO  impl.RaftServerImpl (RaftServerImpl.java:lambda$shutdown$3(252)) - 12697ddf-1b16-4057-bfeb-ac6f3e0803f5@group-A57F0B006D91: shutdown
2020-07-17 19:17:54,387 [ForkJoinPool.commonPool-worker-0] INFO  util.JmxRegister (JmxRegister.java:unregister(73)) - Successfully un-registered JMX Bean with object name Ratis:service=RaftServer,group=group-A57F0B006D91,id=12697ddf-1b16-4057-bfeb-ac6f3e0803f5
2020-07-17 19:17:54,387 [ForkJoinPool.commonPool-worker-0] INFO  impl.RoleInfo (RoleInfo.java:shutdownLeaderState(104)) - 12697ddf-1b16-4057-bfeb-ac6f3e0803f5: shutdown LeaderState
2020-07-17 19:17:54,387 [ForkJoinPool.commonPool-worker-0] INFO  metrics.RatisMetrics (RatisMetrics.java:unregister(43)) - Unregistering Metrics Registry : ratis_grpc.log_appender.12697ddf-1b16-4057-bfeb-ac6f3e0803f5@group-A57F0B006D91
2020-07-17 19:17:54,388 [Listener at 127.0.0.1/36635] INFO  segmented.SegmentedRaftLogWorker (SegmentedRaftLogWorker.java:close(234)) - ff149fa5-9438-4271-a257-312acf7350ed@group-BA09A80E04F8-SegmentedRaftLogWorker close()
2020-07-17 19:17:54,388 [ForkJoinPool.commonPool-worker-0] INFO  metrics.RatisMetrics (RatisMetrics.java:unregister(43)) - Unregistering Metrics Registry : ratis_grpc.log_appender.12697ddf-1b16-4057-bfeb-ac6f3e0803f5@group-A57F0B006D91
2020-07-17 19:17:54,388 [org.apache.ratis.server.impl.LogAppender$AppenderDaemon$$Lambda$437/1548117145@3ef6a863] WARN  server.GrpcLogAppender (GrpcLogAppender.java:mayWait(153)) - 12697ddf-1b16-4057-bfeb-ac6f3e0803f5@group-A57F0B006D91->4747afbe-90ee-49f5-a182-8531c2527e8f-GrpcLogAppender: Wait interrupted by java.lang.InterruptedException
2020-07-17 19:17:54,389 [Listener at 127.0.0.1/36635] INFO  metrics.RatisMetrics (RatisMetrics.java:unregister(43)) - Unregistering Metrics Registry : ratis.log_worker.ff149fa5-9438-4271-a257-312acf7350ed@group-BA09A80E04F8
2020-07-17 19:17:54,389 [Listener at 127.0.0.1/36635] INFO  metrics.RatisMetrics (RatisMetrics.java:unregister(43)) - Unregistering Metrics Registry : ratis.leader_election.ff149fa5-9438-4271-a257-312acf7350ed@group-BA09A80E04F8
2020-07-17 19:17:54,390 [Listener at 127.0.0.1/36635] INFO  metrics.RatisMetrics (RatisMetrics.java:unregister(43)) - Unregistering Metrics Registry : ratis.server.ff149fa5-9438-4271-a257-312acf7350ed@group-BA09A80E04F8
2020-07-17 19:17:54,390 [Listener at 127.0.0.1/36635] INFO  impl.RaftServerImpl (RaftServerImpl.java:lambda$shutdown$3(252)) - ff149fa5-9438-4271-a257-312acf7350ed@group-AB3D389E7D10: shutdown
2020-07-17 19:17:54,390 [Listener at 127.0.0.1/36635] INFO  util.JmxRegister (JmxRegister.java:unregister(73)) - Successfully un-registered JMX Bean with object name Ratis:service=RaftServer,group=group-AB3D389E7D10,id=ff149fa5-9438-4271-a257-312acf7350ed
2020-07-17 19:17:54,390 [Listener at 127.0.0.1/36635] INFO  impl.RoleInfo (RoleInfo.java:shutdownFollowerState(121)) - ff149fa5-9438-4271-a257-312acf7350ed: shutdown FollowerState
2020-07-17 19:17:54,390 [Listener at 127.0.0.1/36635] INFO  impl.StateMachineUpdater (StateMachineUpdater.java:stopAndJoin(142)) - ff149fa5-9438-4271-a257-312acf7350ed@group-AB3D389E7D10-StateMachineUpdater: set stopIndex = 0
2020-07-17 19:17:54,391 [ff149fa5-9438-4271-a257-312acf7350ed@group-AB3D389E7D10-StateMachineUpdater] INFO  ratis.ContainerStateMachine (ContainerStateMachine.java:takeSnapshot(293)) - group-AB3D389E7D10: Taking a snapshot at:(t:1, i:0) file /github/workspace/mnt/ozone/hadoop-ozone/integration-test/target/test-dir/MiniOzoneClusterImpl-c590ab3c-c15e-4809-9b68-32eb717c380c/datanode-4/data/ratis/cb6ec86d-2c34-4a3f-918c-ab3d389e7d10/sm/snapshot.1_0
2020-07-17 19:17:54,390 [Thread-635] INFO  impl.FollowerState (FollowerState.java:run(117)) - ff149fa5-9438-4271-a257-312acf7350ed@group-AB3D389E7D10-FollowerState was interrupted: java.lang.InterruptedException: sleep interrupted
2020-07-17 19:17:54,391 [ff149fa5-9438-4271-a257-312acf7350ed@group-AB3D389E7D10-StateMachineUpdater] INFO  ratis.ContainerStateMachine (ContainerStateMachine.java:takeSnapshot(304)) - group-AB3D389E7D10: Finished taking a snapshot at:(t:1, i:0) file:/github/workspace/mnt/ozone/hadoop-ozone/integration-test/target/test-dir/MiniOzoneClusterImpl-c590ab3c-c15e-4809-9b68-32eb717c380c/datanode-4/data/ratis/cb6ec86d-2c34-4a3f-918c-ab3d389e7d10/sm/snapshot.1_0 time:1
2020-07-17 19:17:54,391 [ff149fa5-9438-4271-a257-312acf7350ed@group-AB3D389E7D10-StateMachineUpdater] INFO  impl.StateMachineUpdater (StateMachineUpdater.java:takeSnapshot(277)) - ff149fa5-9438-4271-a257-312acf7350ed@group-AB3D389E7D10-StateMachineUpdater: Took a snapshot at index 0
2020-07-17 19:17:54,392 [ff149fa5-9438-4271-a257-312acf7350ed@group-AB3D389E7D10-StateMachineUpdater] INFO  impl.StateMachineUpdater (StateMachineUpdater.java:lambda$new$0(87)) - ff149fa5-9438-4271-a257-312acf7350ed@group-AB3D389E7D10-StateMachineUpdater: snapshotIndex: updateIncreasingly -1 -> 0
2020-07-17 19:17:54,392 [org.apache.ratis.server.impl.LogAppender$AppenderDaemon$$Lambda$437/1548117145@2b8ddce4] WARN  server.GrpcLogAppender (GrpcLogAppender.java:mayWait(153)) - 12697ddf-1b16-4057-bfeb-ac6f3e0803f5@group-A57F0B006D91->b62614be-6cdc-4599-9b61-ac2094d3efd2-GrpcLogAppender: Wait interrupted by java.lang.InterruptedException
2020-07-17 19:17:54,392 [ff149fa5-9438-4271-a257-312acf7350ed@group-AB3D389E7D10-StateMachineUpdater] INFO  metrics.RatisMetrics (RatisMetrics.java:unregister(43)) - Unregistering Metrics Registry : ratis.state_machine.ff149fa5-9438-4271-a257-312acf7350ed@group-AB3D389E7D10
2020-07-17 19:17:54,393 [ForkJoinPool.commonPool-worker-0] INFO  impl.PendingRequests (PendingRequests.java:sendNotLeaderResponses(249)) - 12697ddf-1b16-4057-bfeb-ac6f3e0803f5@group-A57F0B006D91-PendingRequests: sendNotLeaderResponses
2020-07-17 19:17:54,393 [Listener at 127.0.0.1/36635] INFO  impl.RaftServerImpl (ServerState.java:close(387)) - ff149fa5-9438-4271-a257-312acf7350ed@group-AB3D389E7D10: closes. applyIndex: 0
2020-07-17 19:17:54,393 [ff149fa5-9438-4271-a257-312acf7350ed@group-AB3D389E7D10-SegmentedRaftLogWorker] INFO  segmented.SegmentedRaftLogWorker (SegmentedRaftLogWorker.java:run(327)) - ff149fa5-9438-4271-a257-312acf7350ed@group-AB3D389E7D10-SegmentedRaftLogWorker was interrupted, exiting. There are 0 tasks remaining in the queue.
2020-07-17 19:17:54,394 [Listener at 127.0.0.1/36635] INFO  segmented.SegmentedRaftLogWorker (SegmentedRaftLogWorker.java:close(234)) - ff149fa5-9438-4271-a257-312acf7350ed@group-AB3D389E7D10-SegmentedRaftLogWorker close()
2020-07-17 19:17:54,396 [Listener at 127.0.0.1/36635] INFO  metrics.RatisMetrics (RatisMetrics.java:unregister(43)) - Unregistering Metrics Registry : ratis.log_worker.ff149fa5-9438-4271-a257-312acf7350ed@group-AB3D389E7D10
2020-07-17 19:17:54,397 [Listener at 127.0.0.1/36635] INFO  metrics.RatisMetrics (RatisMetrics.java:unregister(43)) - Unregistering Metrics Registry : ratis.leader_election.ff149fa5-9438-4271-a257-312acf7350ed@group-AB3D389E7D10
2020-07-17 19:17:54,397 [Listener at 127.0.0.1/36635] INFO  metrics.RatisMetrics (RatisMetrics.java:unregister(43)) - Unregistering Metrics Registry : ratis.server.ff149fa5-9438-4271-a257-312acf7350ed@group-AB3D389E7D10
2020-07-17 19:17:54,397 [Listener at 127.0.0.1/36635] INFO  server.GrpcService (GrpcService.java:closeImpl(166)) - ff149fa5-9438-4271-a257-312acf7350ed: shutdown server with port 46309 now
2020-07-17 19:17:54,396 [ForkJoinPool.commonPool-worker-0] INFO  metrics.RatisMetrics (RatisMetrics.java:unregister(43)) - Unregistering Metrics Registry : ratis.log_appender.12697ddf-1b16-4057-bfeb-ac6f3e0803f5@group-A57F0B006D91
2020-07-17 19:17:54,398 [ForkJoinPool.commonPool-worker-0] INFO  metrics.RatisMetrics (RatisMetrics.java:unregister(43)) - Unregistering Metrics Registry : ratis.server.12697ddf-1b16-4057-bfeb-ac6f3e0803f5@group-A57F0B006D91
2020-07-17 19:17:54,399 [ForkJoinPool.commonPool-worker-0] INFO  impl.StateMachineUpdater (StateMachineUpdater.java:stopAndJoin(142)) - 12697ddf-1b16-4057-bfeb-ac6f3e0803f5@group-A57F0B006D91-StateMachineUpdater: set stopIndex = 7
2020-07-17 19:17:54,399 [12697ddf-1b16-4057-bfeb-ac6f3e0803f5@group-A57F0B006D91-StateMachineUpdater] INFO  ratis.ContainerStateMachine (ContainerStateMachine.java:takeSnapshot(293)) - group-A57F0B006D91: Taking a snapshot at:(t:1, i:7) file /github/workspace/mnt/ozone/hadoop-ozone/integration-test/target/test-dir/MiniOzoneClusterImpl-c590ab3c-c15e-4809-9b68-32eb717c380c/datanode-0/data/ratis/2f0cf332-3743-4af2-9cda-a57f0b006d91/sm/snapshot.1_7
2020-07-17 19:17:54,403 [12697ddf-1b16-4057-bfeb-ac6f3e0803f5@group-A57F0B006D91-StateMachineUpdater] INFO  ratis.ContainerStateMachine (ContainerStateMachine.java:takeSnapshot(304)) - group-A57F0B006D91: Finished taking a snapshot at:(t:1, i:7) file:/github/workspace/mnt/ozone/hadoop-ozone/integration-test/target/test-dir/MiniOzoneClusterImpl-c590ab3c-c15e-4809-9b68-32eb717c380c/datanode-0/data/ratis/2f0cf332-3743-4af2-9cda-a57f0b006d91/sm/snapshot.1_7 time:3
2020-07-17 19:17:54,403 [12697ddf-1b16-4057-bfeb-ac6f3e0803f5@group-A57F0B006D91-StateMachineUpdater] INFO  impl.StateMachineUpdater (StateMachineUpdater.java:takeSnapshot(277)) - 12697ddf-1b16-4057-bfeb-ac6f3e0803f5@group-A57F0B006D91-StateMachineUpdater: Took a snapshot at index 7
2020-07-17 19:17:54,403 [12697ddf-1b16-4057-bfeb-ac6f3e0803f5@group-A57F0B006D91-StateMachineUpdater] INFO  impl.StateMachineUpdater (StateMachineUpdater.java:lambda$new$0(87)) - 12697ddf-1b16-4057-bfeb-ac6f3e0803f5@group-A57F0B006D91-StateMachineUpdater: snapshotIndex: updateIncreasingly -1 -> 7
2020-07-17 19:17:54,403 [12697ddf-1b16-4057-bfeb-ac6f3e0803f5@group-A57F0B006D91-StateMachineUpdater] INFO  metrics.RatisMetrics (RatisMetrics.java:unregister(43)) - Unregistering Metrics Registry : ratis.state_machine.12697ddf-1b16-4057-bfeb-ac6f3e0803f5@group-A57F0B006D91
2020-07-17 19:17:54,404 [grpc-default-executor-1] WARN  server.GrpcServerProtocolService (LogUtils.java:warn(122)) - ff149fa5-9438-4271-a257-312acf7350ed: installSnapshot onError, lastRequest: f9da59ee-ab34-4454-930b-d6e716de1fdb->ff149fa5-9438-4271-a257-312acf7350ed#1-t1, previous=(t:0, i:0), leaderCommit=0, initializing? false, entries: size=1, first=(t:1, i:0), CONFIGURATIONENTRY: org.apache.ratis.thirdparty.io.grpc.StatusRuntimeException: CANCELLED: cancelled before receiving half close
2020-07-17 19:17:54,405 [grpc-default-executor-2] WARN  server.GrpcLogAppender (LogUtils.java:warn(122)) - f9da59ee-ab34-4454-930b-d6e716de1fdb@group-AB3D389E7D10->ff149fa5-9438-4271-a257-312acf7350ed-AppendLogResponseHandler: Failed appendEntries: org.apache.ratis.thirdparty.io.grpc.StatusRuntimeException: CANCELLED: HTTP/2 error code: CANCEL
Received Rst Stream
2020-07-17 19:17:54,405 [Listener at 127.0.0.1/36635] INFO  server.GrpcService (GrpcService.java:closeImpl(174)) - ff149fa5-9438-4271-a257-312acf7350ed: shutdown server with port 46309 successfully
2020-07-17 19:17:54,406 [ForkJoinPool.commonPool-worker-0] INFO  impl.RaftServerImpl (ServerState.java:close(387)) - 12697ddf-1b16-4057-bfeb-ac6f3e0803f5@group-A57F0B006D91: closes. applyIndex: 7
2020-07-17 19:17:54,406 [12697ddf-1b16-4057-bfeb-ac6f3e0803f5@group-A57F0B006D91-SegmentedRaftLogWorker] INFO  segmented.SegmentedRaftLogWorker (SegmentedRaftLogWorker.java:run(327)) - 12697ddf-1b16-4057-bfeb-ac6f3e0803f5@group-A57F0B006D91-SegmentedRaftLogWorker was interrupted, exiting. There are 0 tasks remaining in the queue.
2020-07-17 19:17:54,406 [Listener at 127.0.0.1/36635] INFO  utils.BackgroundService (BackgroundService.java:shutdown(157)) - Shutting down service BlockDeletingService
2020-07-17 19:17:54,410 [ForkJoinPool.commonPool-worker-0] INFO  segmented.SegmentedRaftLogWorker (SegmentedRaftLogWorker.java:close(234)) - 12697ddf-1b16-4057-bfeb-ac6f3e0803f5@group-A57F0B006D91-SegmentedRaftLogWorker close()
2020-07-17 19:17:54,412 [grpc-default-executor-2] INFO  impl.FollowerInfo (FollowerInfo.java:lambda$new$0(51)) - f9da59ee-ab34-4454-930b-d6e716de1fdb@group-AB3D389E7D10->ff149fa5-9438-4271-a257-312acf7350ed: nextIndex: updateUnconditionally 1 -> 0
2020-07-17 19:17:54,415 [Listener at 127.0.0.1/36635] INFO  statemachine.DatanodeStateMachine (DatanodeStateMachine.java:stopDaemon(428)) - Ozone container server stopped.
2020-07-17 19:17:54,412 [ForkJoinPool.commonPool-worker-0] INFO  metrics.RatisMetrics (RatisMetrics.java:unregister(43)) - Unregistering Metrics Registry : ratis.log_worker.12697ddf-1b16-4057-bfeb-ac6f3e0803f5@group-A57F0B006D91
2020-07-17 19:17:54,416 [ForkJoinPool.commonPool-worker-0] INFO  metrics.RatisMetrics (RatisMetrics.java:unregister(43)) - Unregistering Metrics Registry : ratis.leader_election.12697ddf-1b16-4057-bfeb-ac6f3e0803f5@group-A57F0B006D91
2020-07-17 19:17:54,416 [ForkJoinPool.commonPool-worker-0] INFO  metrics.RatisMetrics (RatisMetrics.java:unregister(43)) - Unregistering Metrics Registry : ratis.server.12697ddf-1b16-4057-bfeb-ac6f3e0803f5@group-A57F0B006D91
2020-07-17 19:17:54,418 [ForkJoinPool.commonPool-worker-0] INFO  server.GrpcService (GrpcService.java:closeImpl(166)) - 12697ddf-1b16-4057-bfeb-ac6f3e0803f5: shutdown server with port 39397 now
2020-07-17 19:17:54,425 [ForkJoinPool.commonPool-worker-0] INFO  server.GrpcService (GrpcService.java:closeImpl(174)) - 12697ddf-1b16-4057-bfeb-ac6f3e0803f5: shutdown server with port 39397 successfully
2020-07-17 19:17:54,425 [grpc-default-executor-1] WARN  client.GrpcClientProtocolService (LogUtils.java:warn(122)) - 1-UnorderedRequestStreamObserver1: onError: org.apache.ratis.thirdparty.io.grpc.StatusRuntimeException: CANCELLED: cancelled before receiving half close
2020-07-17 19:17:54,427 [ForkJoinPool.commonPool-worker-0] INFO  utils.BackgroundService (BackgroundService.java:shutdown(157)) - Shutting down service BlockDeletingService
2020-07-17 19:17:54,428 [ForkJoinPool.commonPool-worker-0] INFO  statemachine.DatanodeStateMachine (DatanodeStateMachine.java:stopDaemon(428)) - Ozone container server stopped.
2020-07-17 19:17:54,430 [Listener at 127.0.0.1/36635] INFO  handler.ContextHandler (ContextHandler.java:doStop(1016)) - Stopped o.e.j.w.WebAppContext@3c317660{hddsDatanode,/,null,UNAVAILABLE}{jar:file:/home/user/.m2/repository/org/apache/hadoop/hadoop-hdds-container-service/0.6.0-SNAPSHOT/hadoop-hdds-container-service-0.6.0-SNAPSHOT.jar!/webapps/hddsDatanode}
2020-07-17 19:17:54,431 [Listener at 127.0.0.1/36635] INFO  server.AbstractConnector (AbstractConnector.java:doStop(380)) - Stopped ServerConnector@14a03b02{HTTP/1.1,[http/1.1]}{0.0.0.0:0}
2020-07-17 19:17:54,431 [Listener at 127.0.0.1/36635] INFO  server.session (HouseKeeper.java:stopScavenging(158)) - node0 Stopped scavenging
2020-07-17 19:17:54,431 [Listener at 127.0.0.1/36635] INFO  handler.ContextHandler (ContextHandler.java:doStop(1016)) - Stopped o.e.j.s.ServletContextHandler@29625819{static,/static,jar:file:/home/user/.m2/repository/org/apache/hadoop/hadoop-hdds-container-service/0.6.0-SNAPSHOT/hadoop-hdds-container-service-0.6.0-SNAPSHOT.jar!/webapps/static,UNAVAILABLE}
2020-07-17 19:17:54,431 [Listener at 127.0.0.1/36635] INFO  handler.ContextHandler (ContextHandler.java:doStop(1016)) - Stopped o.e.j.s.ServletContextHandler@49f81d61{logs,/logs,file:///github/workspace/mnt/ozone/hadoop-ozone/integration-test/target/log,UNAVAILABLE}
2020-07-17 19:17:54,437 [ForkJoinPool.commonPool-worker-0] INFO  handler.ContextHandler (ContextHandler.java:doStop(1016)) - Stopped o.e.j.w.WebAppContext@49045d93{hddsDatanode,/,null,UNAVAILABLE}{jar:file:/home/user/.m2/repository/org/apache/hadoop/hadoop-hdds-container-service/0.6.0-SNAPSHOT/hadoop-hdds-container-service-0.6.0-SNAPSHOT.jar!/webapps/hddsDatanode}
2020-07-17 19:17:54,439 [ForkJoinPool.commonPool-worker-0] INFO  server.AbstractConnector (AbstractConnector.java:doStop(380)) - Stopped ServerConnector@18c9fac7{HTTP/1.1,[http/1.1]}{0.0.0.0:0}
2020-07-17 19:17:54,439 [ForkJoinPool.commonPool-worker-0] INFO  server.session (HouseKeeper.java:stopScavenging(158)) - node0 Stopped scavenging
2020-07-17 19:17:54,439 [ForkJoinPool.commonPool-worker-0] INFO  handler.ContextHandler (ContextHandler.java:doStop(1016)) - Stopped o.e.j.s.ServletContextHandler@68fc9ae7{static,/static,jar:file:/home/user/.m2/repository/org/apache/hadoop/hadoop-hdds-container-service/0.6.0-SNAPSHOT/hadoop-hdds-container-service-0.6.0-SNAPSHOT.jar!/webapps/static,UNAVAILABLE}
2020-07-17 19:17:54,440 [ForkJoinPool.commonPool-worker-0] INFO  handler.ContextHandler (ContextHandler.java:doStop(1016)) - Stopped o.e.j.s.ServletContextHandler@3d9e08a4{logs,/logs,file:///github/workspace/mnt/ozone/hadoop-ozone/integration-test/target/log,UNAVAILABLE}
2020-07-17 19:17:54,903 [Datanode State Machine Thread - 0] INFO  statemachine.DatanodeStateMachine (DatanodeStateMachine.java:lambda$startDaemon$0(380)) - Ozone container server started.
2020-07-17 19:17:55,165 [Datanode State Machine Thread - 0] INFO  statemachine.DatanodeStateMachine (DatanodeStateMachine.java:lambda$startDaemon$0(380)) - Ozone container server started.
2020-07-17 19:17:55,416 [grpc-default-executor-0] WARN  server.GrpcLogAppender (LogUtils.java:warn(122)) - f9da59ee-ab34-4454-930b-d6e716de1fdb@group-AB3D389E7D10->ff149fa5-9438-4271-a257-312acf7350ed-AppendLogResponseHandler: Failed appendEntries: org.apache.ratis.thirdparty.io.grpc.StatusRuntimeException: UNAVAILABLE: io exception
2020-07-17 19:17:55,418 [grpc-default-executor-0] INFO  impl.FollowerInfo (FollowerInfo.java:lambda$new$0(51)) - f9da59ee-ab34-4454-930b-d6e716de1fdb@group-AB3D389E7D10->ff149fa5-9438-4271-a257-312acf7350ed: nextIndex: updateUnconditionally 1 -> 0
2020-07-17 19:17:57,920 [grpc-default-executor-1] WARN  server.GrpcLogAppender (LogUtils.java:warn(122)) - f9da59ee-ab34-4454-930b-d6e716de1fdb@group-AB3D389E7D10->ff149fa5-9438-4271-a257-312acf7350ed-AppendLogResponseHandler: Failed appendEntries: org.apache.ratis.thirdparty.io.grpc.StatusRuntimeException: UNAVAILABLE: io exception
2020-07-17 19:17:57,922 [grpc-default-executor-1] INFO  impl.FollowerInfo (FollowerInfo.java:lambda$new$0(51)) - f9da59ee-ab34-4454-930b-d6e716de1fdb@group-AB3D389E7D10->ff149fa5-9438-4271-a257-312acf7350ed: nextIndex: updateUnconditionally 1 -> 0
2020-07-17 19:17:59,433 [Listener at 127.0.0.1/36635] INFO  ozoneimpl.OzoneContainer (OzoneContainer.java:stop(247)) - Attempting to stop container services.
2020-07-17 19:17:59,433 [Listener at 127.0.0.1/36635] INFO  impl.RaftServerProxy (RaftServerProxy.java:lambda$close$4(319)) - f9da59ee-ab34-4454-930b-d6e716de1fdb: close
2020-07-17 19:17:59,433 [Listener at 127.0.0.1/36635] INFO  impl.RaftServerImpl (RaftServerImpl.java:lambda$shutdown$3(252)) - f9da59ee-ab34-4454-930b-d6e716de1fdb@group-553252984D10: shutdown
2020-07-17 19:17:59,434 [Listener at 127.0.0.1/36635] INFO  util.JmxRegister (JmxRegister.java:unregister(73)) - Successfully un-registered JMX Bean with object name Ratis:service=RaftServer,group=group-553252984D10,id=f9da59ee-ab34-4454-930b-d6e716de1fdb
2020-07-17 19:17:59,434 [Listener at 127.0.0.1/36635] INFO  impl.RoleInfo (RoleInfo.java:shutdownLeaderState(104)) - f9da59ee-ab34-4454-930b-d6e716de1fdb: shutdown LeaderState
2020-07-17 19:17:59,434 [Listener at 127.0.0.1/36635] INFO  impl.PendingRequests (PendingRequests.java:sendNotLeaderResponses(249)) - f9da59ee-ab34-4454-930b-d6e716de1fdb@group-553252984D10-PendingRequests: sendNotLeaderResponses
2020-07-17 19:17:59,434 [Listener at 127.0.0.1/36635] INFO  metrics.RatisMetrics (RatisMetrics.java:unregister(43)) - Unregistering Metrics Registry : ratis.log_appender.f9da59ee-ab34-4454-930b-d6e716de1fdb@group-553252984D10
2020-07-17 19:17:59,434 [Listener at 127.0.0.1/36635] INFO  metrics.RatisMetrics (RatisMetrics.java:unregister(43)) - Unregistering Metrics Registry : ratis.server.f9da59ee-ab34-4454-930b-d6e716de1fdb@group-553252984D10
2020-07-17 19:17:59,435 [f9da59ee-ab34-4454-930b-d6e716de1fdb@group-553252984D10-StateMachineUpdater] INFO  ratis.ContainerStateMachine (ContainerStateMachine.java:takeSnapshot(293)) - group-553252984D10: Taking a snapshot at:(t:1, i:0) file /github/workspace/mnt/ozone/hadoop-ozone/integration-test/target/test-dir/MiniOzoneClusterImpl-c590ab3c-c15e-4809-9b68-32eb717c380c/datanode-3/data/ratis/d7acc474-d059-4372-95be-553252984d10/sm/snapshot.1_0
2020-07-17 19:17:59,436 [Listener at 127.0.0.1/36635] INFO  impl.StateMachineUpdater (StateMachineUpdater.java:stopAndJoin(142)) - f9da59ee-ab34-4454-930b-d6e716de1fdb@group-553252984D10-StateMachineUpdater: set stopIndex = 0
2020-07-17 19:17:59,436 [f9da59ee-ab34-4454-930b-d6e716de1fdb@group-553252984D10-StateMachineUpdater] INFO  ratis.ContainerStateMachine (ContainerStateMachine.java:takeSnapshot(304)) - group-553252984D10: Finished taking a snapshot at:(t:1, i:0) file:/github/workspace/mnt/ozone/hadoop-ozone/integration-test/target/test-dir/MiniOzoneClusterImpl-c590ab3c-c15e-4809-9b68-32eb717c380c/datanode-3/data/ratis/d7acc474-d059-4372-95be-553252984d10/sm/snapshot.1_0 time:1
2020-07-17 19:17:59,436 [f9da59ee-ab34-4454-930b-d6e716de1fdb@group-553252984D10-StateMachineUpdater] INFO  impl.StateMachineUpdater (StateMachineUpdater.java:takeSnapshot(277)) - f9da59ee-ab34-4454-930b-d6e716de1fdb@group-553252984D10-StateMachineUpdater: Took a snapshot at index 0
2020-07-17 19:17:59,436 [f9da59ee-ab34-4454-930b-d6e716de1fdb@group-553252984D10-StateMachineUpdater] INFO  impl.StateMachineUpdater (StateMachineUpdater.java:lambda$new$0(87)) - f9da59ee-ab34-4454-930b-d6e716de1fdb@group-553252984D10-StateMachineUpdater: snapshotIndex: updateIncreasingly -1 -> 0
2020-07-17 19:17:59,436 [f9da59ee-ab34-4454-930b-d6e716de1fdb@group-553252984D10-StateMachineUpdater] INFO  metrics.RatisMetrics (RatisMetrics.java:unregister(43)) - Unregistering Metrics Registry : ratis.state_machine.f9da59ee-ab34-4454-930b-d6e716de1fdb@group-553252984D10
2020-07-17 19:17:59,437 [Listener at 127.0.0.1/36635] INFO  impl.RaftServerImpl (ServerState.java:close(387)) - f9da59ee-ab34-4454-930b-d6e716de1fdb@group-553252984D10: closes. applyIndex: 0
2020-07-17 19:17:59,437 [f9da59ee-ab34-4454-930b-d6e716de1fdb@group-553252984D10-SegmentedRaftLogWorker] INFO  segmented.SegmentedRaftLogWorker (SegmentedRaftLogWorker.java:run(327)) - f9da59ee-ab34-4454-930b-d6e716de1fdb@group-553252984D10-SegmentedRaftLogWorker was interrupted, exiting. There are 0 tasks remaining in the queue.
2020-07-17 19:17:59,438 [Listener at 127.0.0.1/36635] INFO  segmented.SegmentedRaftLogWorker (SegmentedRaftLogWorker.java:close(234)) - f9da59ee-ab34-4454-930b-d6e716de1fdb@group-553252984D10-SegmentedRaftLogWorker close()
2020-07-17 19:17:59,439 [Listener at 127.0.0.1/36635] INFO  metrics.RatisMetrics (RatisMetrics.java:unregister(43)) - Unregistering Metrics Registry : ratis.log_worker.f9da59ee-ab34-4454-930b-d6e716de1fdb@group-553252984D10
2020-07-17 19:17:59,439 [Listener at 127.0.0.1/36635] INFO  metrics.RatisMetrics (RatisMetrics.java:unregister(43)) - Unregistering Metrics Registry : ratis.leader_election.f9da59ee-ab34-4454-930b-d6e716de1fdb@group-553252984D10
2020-07-17 19:17:59,439 [Listener at 127.0.0.1/36635] INFO  metrics.RatisMetrics (RatisMetrics.java:unregister(43)) - Unregistering Metrics Registry : ratis.server.f9da59ee-ab34-4454-930b-d6e716de1fdb@group-553252984D10
2020-07-17 19:17:59,439 [Listener at 127.0.0.1/36635] INFO  impl.RaftServerImpl (RaftServerImpl.java:lambda$shutdown$3(252)) - f9da59ee-ab34-4454-930b-d6e716de1fdb@group-AB3D389E7D10: shutdown
2020-07-17 19:17:59,439 [Listener at 127.0.0.1/36635] INFO  util.JmxRegister (JmxRegister.java:unregister(73)) - Successfully un-registered JMX Bean with object name Ratis:service=RaftServer,group=group-AB3D389E7D10,id=f9da59ee-ab34-4454-930b-d6e716de1fdb
2020-07-17 19:17:59,439 [Listener at 127.0.0.1/36635] INFO  impl.RoleInfo (RoleInfo.java:shutdownLeaderState(104)) - f9da59ee-ab34-4454-930b-d6e716de1fdb: shutdown LeaderState
2020-07-17 19:17:59,439 [Listener at 127.0.0.1/36635] INFO  metrics.RatisMetrics (RatisMetrics.java:unregister(43)) - Unregistering Metrics Registry : ratis_grpc.log_appender.f9da59ee-ab34-4454-930b-d6e716de1fdb@group-AB3D389E7D10
2020-07-17 19:17:59,440 [Listener at 127.0.0.1/36635] INFO  metrics.RatisMetrics (RatisMetrics.java:unregister(43)) - Unregistering Metrics Registry : ratis_grpc.log_appender.f9da59ee-ab34-4454-930b-d6e716de1fdb@group-AB3D389E7D10
2020-07-17 19:17:59,440 [org.apache.ratis.server.impl.LogAppender$AppenderDaemon$$Lambda$437/1548117145@48a8eee1] WARN  server.GrpcLogAppender (GrpcLogAppender.java:mayWait(153)) - f9da59ee-ab34-4454-930b-d6e716de1fdb@group-AB3D389E7D10->eb14cfe2-9ec6-48cf-a414-5c9390614653-GrpcLogAppender: Wait interrupted by java.lang.InterruptedException
2020-07-17 19:17:59,441 [Listener at 127.0.0.1/36635] INFO  impl.PendingRequests (PendingRequests.java:sendNotLeaderResponses(249)) - f9da59ee-ab34-4454-930b-d6e716de1fdb@group-AB3D389E7D10-PendingRequests: sendNotLeaderResponses
2020-07-17 19:17:59,441 [org.apache.ratis.server.impl.LogAppender$AppenderDaemon$$Lambda$437/1548117145@3b4b1c1] WARN  server.GrpcLogAppender (GrpcLogAppender.java:mayWait(153)) - f9da59ee-ab34-4454-930b-d6e716de1fdb@group-AB3D389E7D10->ff149fa5-9438-4271-a257-312acf7350ed-GrpcLogAppender: Wait interrupted by java.lang.InterruptedException
2020-07-17 19:17:59,441 [Listener at 127.0.0.1/36635] INFO  metrics.RatisMetrics (RatisMetrics.java:unregister(43)) - Unregistering Metrics Registry : ratis.log_appender.f9da59ee-ab34-4454-930b-d6e716de1fdb@group-AB3D389E7D10
2020-07-17 19:17:59,441 [grpc-default-executor-1] INFO  server.GrpcServerProtocolService (GrpcServerProtocolService.java:onCompleted(138)) - eb14cfe2-9ec6-48cf-a414-5c9390614653: Completed APPEND_ENTRIES, lastRequest: f9da59ee-ab34-4454-930b-d6e716de1fdb->eb14cfe2-9ec6-48cf-a414-5c9390614653#1-t1, previous=(t:0, i:0), leaderCommit=-1, initializing? false, entries: size=1, first=(t:1, i:0), CONFIGURATIONENTRY
2020-07-17 19:17:59,442 [grpc-default-executor-0] INFO  server.GrpcLogAppender (GrpcLogAppender.java:onCompleted(319)) - f9da59ee-ab34-4454-930b-d6e716de1fdb@group-AB3D389E7D10->eb14cfe2-9ec6-48cf-a414-5c9390614653-AppendLogResponseHandler: follower responses appendEntries COMPLETED
2020-07-17 19:17:59,442 [Listener at 127.0.0.1/36635] INFO  metrics.RatisMetrics (RatisMetrics.java:unregister(43)) - Unregistering Metrics Registry : ratis.server.f9da59ee-ab34-4454-930b-d6e716de1fdb@group-AB3D389E7D10
2020-07-17 19:17:59,443 [grpc-default-executor-0] INFO  impl.FollowerInfo (FollowerInfo.java:lambda$new$0(51)) - f9da59ee-ab34-4454-930b-d6e716de1fdb@group-AB3D389E7D10->eb14cfe2-9ec6-48cf-a414-5c9390614653: nextIndex: updateUnconditionally 1 -> 0
2020-07-17 19:17:59,443 [ForkJoinPool.commonPool-worker-0] INFO  ozoneimpl.OzoneContainer (OzoneContainer.java:stop(247)) - Attempting to stop container services.
2020-07-17 19:17:59,444 [ForkJoinPool.commonPool-worker-0] INFO  impl.RaftServerProxy (RaftServerProxy.java:lambda$close$4(319)) - 31433fc6-7b53-4c3b-82f7-b63de5f43ef9: close
2020-07-17 19:17:59,444 [ForkJoinPool.commonPool-worker-0] INFO  impl.RaftServerImpl (RaftServerImpl.java:lambda$shutdown$3(252)) - 31433fc6-7b53-4c3b-82f7-b63de5f43ef9@group-23ED73B92581: shutdown
2020-07-17 19:17:59,444 [ForkJoinPool.commonPool-worker-0] INFO  util.JmxRegister (JmxRegister.java:unregister(73)) - Successfully un-registered JMX Bean with object name Ratis:service=RaftServer,group=group-23ED73B92581,id=31433fc6-7b53-4c3b-82f7-b63de5f43ef9
2020-07-17 19:17:59,445 [ForkJoinPool.commonPool-worker-0] INFO  impl.RoleInfo (RoleInfo.java:shutdownLeaderState(104)) - 31433fc6-7b53-4c3b-82f7-b63de5f43ef9: shutdown LeaderState
2020-07-17 19:17:59,445 [ForkJoinPool.commonPool-worker-0] INFO  impl.PendingRequests (PendingRequests.java:sendNotLeaderResponses(249)) - 31433fc6-7b53-4c3b-82f7-b63de5f43ef9@group-23ED73B92581-PendingRequests: sendNotLeaderResponses
2020-07-17 19:17:59,445 [ForkJoinPool.commonPool-worker-0] INFO  metrics.RatisMetrics (RatisMetrics.java:unregister(43)) - Unregistering Metrics Registry : ratis.log_appender.31433fc6-7b53-4c3b-82f7-b63de5f43ef9@group-23ED73B92581
2020-07-17 19:17:59,445 [ForkJoinPool.commonPool-worker-0] INFO  metrics.RatisMetrics (RatisMetrics.java:unregister(43)) - Unregistering Metrics Registry : ratis.server.31433fc6-7b53-4c3b-82f7-b63de5f43ef9@group-23ED73B92581
2020-07-17 19:17:59,445 [ForkJoinPool.commonPool-worker-0] INFO  impl.StateMachineUpdater (StateMachineUpdater.java:stopAndJoin(142)) - 31433fc6-7b53-4c3b-82f7-b63de5f43ef9@group-23ED73B92581-StateMachineUpdater: set stopIndex = 0
2020-07-17 19:17:59,446 [31433fc6-7b53-4c3b-82f7-b63de5f43ef9@group-23ED73B92581-StateMachineUpdater] INFO  ratis.ContainerStateMachine (ContainerStateMachine.java:takeSnapshot(293)) - group-23ED73B92581: Taking a snapshot at:(t:1, i:0) file /github/workspace/mnt/ozone/hadoop-ozone/integration-test/target/test-dir/MiniOzoneClusterImpl-c590ab3c-c15e-4809-9b68-32eb717c380c/datanode-6/data/ratis/3b713dd5-4a9d-458b-9734-23ed73b92581/sm/snapshot.1_0
2020-07-17 19:17:59,446 [Listener at 127.0.0.1/36635] INFO  impl.StateMachineUpdater (StateMachineUpdater.java:stopAndJoin(142)) - f9da59ee-ab34-4454-930b-d6e716de1fdb@group-AB3D389E7D10-StateMachineUpdater: set stopIndex = 0
2020-07-17 19:17:59,447 [f9da59ee-ab34-4454-930b-d6e716de1fdb@group-AB3D389E7D10-StateMachineUpdater] INFO  ratis.ContainerStateMachine (ContainerStateMachine.java:takeSnapshot(293)) - group-AB3D389E7D10: Taking a snapshot at:(t:1, i:0) file /github/workspace/mnt/ozone/hadoop-ozone/integration-test/target/test-dir/MiniOzoneClusterImpl-c590ab3c-c15e-4809-9b68-32eb717c380c/datanode-3/data/ratis/cb6ec86d-2c34-4a3f-918c-ab3d389e7d10/sm/snapshot.1_0
2020-07-17 19:17:59,446 [31433fc6-7b53-4c3b-82f7-b63de5f43ef9@group-23ED73B92581-StateMachineUpdater] INFO  ratis.ContainerStateMachine (ContainerStateMachine.java:takeSnapshot(304)) - group-23ED73B92581: Finished taking a snapshot at:(t:1, i:0) file:/github/workspace/mnt/ozone/hadoop-ozone/integration-test/target/test-dir/MiniOzoneClusterImpl-c590ab3c-c15e-4809-9b68-32eb717c380c/datanode-6/data/ratis/3b713dd5-4a9d-458b-9734-23ed73b92581/sm/snapshot.1_0 time:1
2020-07-17 19:17:59,447 [f9da59ee-ab34-4454-930b-d6e716de1fdb@group-AB3D389E7D10-StateMachineUpdater] INFO  ratis.ContainerStateMachine (ContainerStateMachine.java:takeSnapshot(304)) - group-AB3D389E7D10: Finished taking a snapshot at:(t:1, i:0) file:/github/workspace/mnt/ozone/hadoop-ozone/integration-test/target/test-dir/MiniOzoneClusterImpl-c590ab3c-c15e-4809-9b68-32eb717c380c/datanode-3/data/ratis/cb6ec86d-2c34-4a3f-918c-ab3d389e7d10/sm/snapshot.1_0 time:1
2020-07-17 19:17:59,448 [f9da59ee-ab34-4454-930b-d6e716de1fdb@group-AB3D389E7D10-StateMachineUpdater] INFO  impl.StateMachineUpdater (StateMachineUpdater.java:takeSnapshot(277)) - f9da59ee-ab34-4454-930b-d6e716de1fdb@group-AB3D389E7D10-StateMachineUpdater: Took a snapshot at index 0
2020-07-17 19:17:59,448 [f9da59ee-ab34-4454-930b-d6e716de1fdb@group-AB3D389E7D10-StateMachineUpdater] INFO  impl.StateMachineUpdater (StateMachineUpdater.java:lambda$new$0(87)) - f9da59ee-ab34-4454-930b-d6e716de1fdb@group-AB3D389E7D10-StateMachineUpdater: snapshotIndex: updateIncreasingly -1 -> 0
2020-07-17 19:17:59,448 [f9da59ee-ab34-4454-930b-d6e716de1fdb@group-AB3D389E7D10-StateMachineUpdater] INFO  metrics.RatisMetrics (RatisMetrics.java:unregister(43)) - Unregistering Metrics Registry : ratis.state_machine.f9da59ee-ab34-4454-930b-d6e716de1fdb@group-AB3D389E7D10
2020-07-17 19:17:59,448 [Listener at 127.0.0.1/36635] INFO  impl.RaftServerImpl (ServerState.java:close(387)) - f9da59ee-ab34-4454-930b-d6e716de1fdb@group-AB3D389E7D10: closes. applyIndex: 0
2020-07-17 19:17:59,448 [31433fc6-7b53-4c3b-82f7-b63de5f43ef9@group-23ED73B92581-StateMachineUpdater] INFO  impl.StateMachineUpdater (StateMachineUpdater.java:takeSnapshot(277)) - 31433fc6-7b53-4c3b-82f7-b63de5f43ef9@group-23ED73B92581-StateMachineUpdater: Took a snapshot at index 0
2020-07-17 19:17:59,448 [31433fc6-7b53-4c3b-82f7-b63de5f43ef9@group-23ED73B92581-StateMachineUpdater] INFO  impl.StateMachineUpdater (StateMachineUpdater.java:lambda$new$0(87)) - 31433fc6-7b53-4c3b-82f7-b63de5f43ef9@group-23ED73B92581-StateMachineUpdater: snapshotIndex: updateIncreasingly -1 -> 0
2020-07-17 19:17:59,448 [31433fc6-7b53-4c3b-82f7-b63de5f43ef9@group-23ED73B92581-StateMachineUpdater] INFO  metrics.RatisMetrics (RatisMetrics.java:unregister(43)) - Unregistering Metrics Registry : ratis.state_machine.31433fc6-7b53-4c3b-82f7-b63de5f43ef9@group-23ED73B92581
2020-07-17 19:17:59,448 [ForkJoinPool.commonPool-worker-0] INFO  impl.RaftServerImpl (ServerState.java:close(387)) - 31433fc6-7b53-4c3b-82f7-b63de5f43ef9@group-23ED73B92581: closes. applyIndex: 0
2020-07-17 19:17:59,448 [f9da59ee-ab34-4454-930b-d6e716de1fdb@group-AB3D389E7D10-SegmentedRaftLogWorker] INFO  segmented.SegmentedRaftLogWorker (SegmentedRaftLogWorker.java:run(327)) - f9da59ee-ab34-4454-930b-d6e716de1fdb@group-AB3D389E7D10-SegmentedRaftLogWorker was interrupted, exiting. There are 0 tasks remaining in the queue.
2020-07-17 19:17:59,449 [31433fc6-7b53-4c3b-82f7-b63de5f43ef9@group-23ED73B92581-SegmentedRaftLogWorker] INFO  segmented.SegmentedRaftLogWorker (SegmentedRaftLogWorker.java:run(327)) - 31433fc6-7b53-4c3b-82f7-b63de5f43ef9@group-23ED73B92581-SegmentedRaftLogWorker was interrupted, exiting. There are 0 tasks remaining in the queue.
2020-07-17 19:17:59,449 [ForkJoinPool.commonPool-worker-0] INFO  segmented.SegmentedRaftLogWorker (SegmentedRaftLogWorker.java:close(234)) - 31433fc6-7b53-4c3b-82f7-b63de5f43ef9@group-23ED73B92581-SegmentedRaftLogWorker close()
2020-07-17 19:17:59,449 [Listener at 127.0.0.1/36635] INFO  segmented.SegmentedRaftLogWorker (SegmentedRaftLogWorker.java:close(234)) - f9da59ee-ab34-4454-930b-d6e716de1fdb@group-AB3D389E7D10-SegmentedRaftLogWorker close()
2020-07-17 19:17:59,450 [ForkJoinPool.commonPool-worker-0] INFO  metrics.RatisMetrics (RatisMetrics.java:unregister(43)) - Unregistering Metrics Registry : ratis.log_worker.31433fc6-7b53-4c3b-82f7-b63de5f43ef9@group-23ED73B92581
2020-07-17 19:17:59,450 [ForkJoinPool.commonPool-worker-0] INFO  metrics.RatisMetrics (RatisMetrics.java:unregister(43)) - Unregistering Metrics Registry : ratis.leader_election.31433fc6-7b53-4c3b-82f7-b63de5f43ef9@group-23ED73B92581
2020-07-17 19:17:59,450 [ForkJoinPool.commonPool-worker-0] INFO  metrics.RatisMetrics (RatisMetrics.java:unregister(43)) - Unregistering Metrics Registry : ratis.server.31433fc6-7b53-4c3b-82f7-b63de5f43ef9@group-23ED73B92581
2020-07-17 19:17:59,450 [ForkJoinPool.commonPool-worker-0] INFO  server.GrpcService (GrpcService.java:closeImpl(166)) - 31433fc6-7b53-4c3b-82f7-b63de5f43ef9: shutdown server with port 38931 now
2020-07-17 19:17:59,451 [ForkJoinPool.commonPool-worker-0] INFO  server.GrpcService (GrpcService.java:closeImpl(174)) - 31433fc6-7b53-4c3b-82f7-b63de5f43ef9: shutdown server with port 38931 successfully
2020-07-17 19:17:59,452 [Listener at 127.0.0.1/36635] INFO  metrics.RatisMetrics (RatisMetrics.java:unregister(43)) - Unregistering Metrics Registry : ratis.log_worker.f9da59ee-ab34-4454-930b-d6e716de1fdb@group-AB3D389E7D10
2020-07-17 19:17:59,454 [ForkJoinPool.commonPool-worker-0] INFO  utils.BackgroundService (BackgroundService.java:shutdown(157)) - Shutting down service BlockDeletingService
2020-07-17 19:17:59,455 [Listener at 127.0.0.1/36635] INFO  metrics.RatisMetrics (RatisMetrics.java:unregister(43)) - Unregistering Metrics Registry : ratis.leader_election.f9da59ee-ab34-4454-930b-d6e716de1fdb@group-AB3D389E7D10
2020-07-17 19:17:59,455 [Listener at 127.0.0.1/36635] INFO  metrics.RatisMetrics (RatisMetrics.java:unregister(43)) - Unregistering Metrics Registry : ratis.server.f9da59ee-ab34-4454-930b-d6e716de1fdb@group-AB3D389E7D10
2020-07-17 19:17:59,456 [Listener at 127.0.0.1/36635] INFO  server.GrpcService (GrpcService.java:closeImpl(166)) - f9da59ee-ab34-4454-930b-d6e716de1fdb: shutdown server with port 38153 now
2020-07-17 19:17:59,456 [Listener at 127.0.0.1/36635] INFO  server.GrpcService (GrpcService.java:closeImpl(174)) - f9da59ee-ab34-4454-930b-d6e716de1fdb: shutdown server with port 38153 successfully
2020-07-17 19:17:59,457 [ForkJoinPool.commonPool-worker-0] INFO  statemachine.DatanodeStateMachine (DatanodeStateMachine.java:stopDaemon(428)) - Ozone container server stopped.
2020-07-17 19:17:59,458 [Listener at 127.0.0.1/36635] INFO  utils.BackgroundService (BackgroundService.java:shutdown(157)) - Shutting down service BlockDeletingService
2020-07-17 19:17:59,465 [Listener at 127.0.0.1/36635] INFO  statemachine.DatanodeStateMachine (DatanodeStateMachine.java:stopDaemon(428)) - Ozone container server stopped.
2020-07-17 19:17:59,466 [ForkJoinPool.commonPool-worker-0] INFO  handler.ContextHandler (ContextHandler.java:doStop(1016)) - Stopped o.e.j.w.WebAppContext@507b9b80{hddsDatanode,/,null,UNAVAILABLE}{jar:file:/home/user/.m2/repository/org/apache/hadoop/hadoop-hdds-container-service/0.6.0-SNAPSHOT/hadoop-hdds-container-service-0.6.0-SNAPSHOT.jar!/webapps/hddsDatanode}
2020-07-17 19:17:59,467 [ForkJoinPool.commonPool-worker-0] INFO  server.AbstractConnector (AbstractConnector.java:doStop(380)) - Stopped ServerConnector@7b07d281{HTTP/1.1,[http/1.1]}{0.0.0.0:0}
2020-07-17 19:17:59,467 [ForkJoinPool.commonPool-worker-0] INFO  server.session (HouseKeeper.java:stopScavenging(158)) - node0 Stopped scavenging
2020-07-17 19:17:59,467 [ForkJoinPool.commonPool-worker-0] INFO  handler.ContextHandler (ContextHandler.java:doStop(1016)) - Stopped o.e.j.s.ServletContextHandler@1afca47f{static,/static,jar:file:/home/user/.m2/repository/org/apache/hadoop/hadoop-hdds-container-service/0.6.0-SNAPSHOT/hadoop-hdds-container-service-0.6.0-SNAPSHOT.jar!/webapps/static,UNAVAILABLE}
2020-07-17 19:17:59,474 [Listener at 127.0.0.1/36635] INFO  handler.ContextHandler (ContextHandler.java:doStop(1016)) - Stopped o.e.j.w.WebAppContext@61e3229{hddsDatanode,/,null,UNAVAILABLE}{jar:file:/home/user/.m2/repository/org/apache/hadoop/hadoop-hdds-container-service/0.6.0-SNAPSHOT/hadoop-hdds-container-service-0.6.0-SNAPSHOT.jar!/webapps/hddsDatanode}
2020-07-17 19:17:59,474 [ForkJoinPool.commonPool-worker-0] INFO  handler.ContextHandler (ContextHandler.java:doStop(1016)) - Stopped o.e.j.s.ServletContextHandler@25db1fdb{logs,/logs,file:///github/workspace/mnt/ozone/hadoop-ozone/integration-test/target/log,UNAVAILABLE}
2020-07-17 19:17:59,474 [Listener at 127.0.0.1/36635] INFO  server.AbstractConnector (AbstractConnector.java:doStop(380)) - Stopped ServerConnector@a858ed8{HTTP/1.1,[http/1.1]}{0.0.0.0:0}
2020-07-17 19:17:59,475 [Listener at 127.0.0.1/36635] INFO  server.session (HouseKeeper.java:stopScavenging(158)) - node0 Stopped scavenging
2020-07-17 19:17:59,475 [Listener at 127.0.0.1/36635] INFO  handler.ContextHandler (ContextHandler.java:doStop(1016)) - Stopped o.e.j.s.ServletContextHandler@385fa1a5{static,/static,jar:file:/home/user/.m2/repository/org/apache/hadoop/hadoop-hdds-container-service/0.6.0-SNAPSHOT/hadoop-hdds-container-service-0.6.0-SNAPSHOT.jar!/webapps/static,UNAVAILABLE}
2020-07-17 19:17:59,476 [Listener at 127.0.0.1/36635] INFO  handler.ContextHandler (ContextHandler.java:doStop(1016)) - Stopped o.e.j.s.ServletContextHandler@320dad54{logs,/logs,file:///github/workspace/mnt/ozone/hadoop-ozone/integration-test/target/log,UNAVAILABLE}
2020-07-17 19:18:00,050 [Datanode State Machine Thread - 0] INFO  statemachine.DatanodeStateMachine (DatanodeStateMachine.java:lambda$startDaemon$0(380)) - Ozone container server started.
2020-07-17 19:18:03,204 [Thread-634] INFO  impl.FollowerState (FollowerState.java:run(108)) - eb14cfe2-9ec6-48cf-a414-5c9390614653@group-AB3D389E7D10-FollowerState: change to CANDIDATE, lastRpcTime:5282ms, electionTimeout:5058ms
2020-07-17 19:18:03,205 [Thread-634] INFO  impl.RoleInfo (RoleInfo.java:shutdownFollowerState(121)) - eb14cfe2-9ec6-48cf-a414-5c9390614653: shutdown FollowerState
2020-07-17 19:18:03,205 [Thread-634] INFO  impl.RaftServerImpl (RaftServerImpl.java:setRole(175)) - eb14cfe2-9ec6-48cf-a414-5c9390614653@group-AB3D389E7D10: changes role from  FOLLOWER to CANDIDATE at term 1 for changeToCandidate
2020-07-17 19:18:03,205 [Thread-634] INFO  impl.RoleInfo (RoleInfo.java:updateAndGet(143)) - eb14cfe2-9ec6-48cf-a414-5c9390614653: start LeaderElection
2020-07-17 19:18:03,205 [eb14cfe2-9ec6-48cf-a414-5c9390614653@group-AB3D389E7D10-LeaderElection23] INFO  impl.RaftServerImpl (ServerState.java:setLeader(255)) - eb14cfe2-9ec6-48cf-a414-5c9390614653@group-AB3D389E7D10: change Leader from f9da59ee-ab34-4454-930b-d6e716de1fdb to null at term 1 for initElection
2020-07-17 19:18:03,208 [eb14cfe2-9ec6-48cf-a414-5c9390614653@group-AB3D389E7D10-LeaderElection23] INFO  impl.LeaderElection (LeaderElection.java:askForVotes(206)) - eb14cfe2-9ec6-48cf-a414-5c9390614653@group-AB3D389E7D10-LeaderElection23: begin an election at term 2 for 0: [eb14cfe2-9ec6-48cf-a414-5c9390614653:172.17.0.2:34735, f9da59ee-ab34-4454-930b-d6e716de1fdb:172.17.0.2:38153, ff149fa5-9438-4271-a257-312acf7350ed:172.17.0.2:46309], old=null
2020-07-17 19:18:03,212 [eb14cfe2-9ec6-48cf-a414-5c9390614653@group-AB3D389E7D10-LeaderElection23] INFO  impl.LeaderElection (LogUtils.java:infoOrTrace(137)) - eb14cfe2-9ec6-48cf-a414-5c9390614653@group-AB3D389E7D10-LeaderElection23 got exception when requesting votes: java.util.concurrent.ExecutionException: org.apache.ratis.thirdparty.io.grpc.StatusRuntimeException: UNAVAILABLE: io exception
2020-07-17 19:18:03,218 [eb14cfe2-9ec6-48cf-a414-5c9390614653@group-AB3D389E7D10-LeaderElection23] INFO  impl.LeaderElection (LogUtils.java:infoOrTrace(137)) - eb14cfe2-9ec6-48cf-a414-5c9390614653@group-AB3D389E7D10-LeaderElection23 got exception when requesting votes: java.util.concurrent.ExecutionException: org.apache.ratis.thirdparty.io.grpc.StatusRuntimeException: UNAVAILABLE: io exception
2020-07-17 19:18:03,218 [eb14cfe2-9ec6-48cf-a414-5c9390614653@group-AB3D389E7D10-LeaderElection23] INFO  impl.LeaderElection (LeaderElection.java:logAndReturn(61)) - eb14cfe2-9ec6-48cf-a414-5c9390614653@group-AB3D389E7D10-LeaderElection23: Election REJECTED; received 0 response(s) [] and 2 exception(s); eb14cfe2-9ec6-48cf-a414-5c9390614653@group-AB3D389E7D10:t2, leader=null, voted=eb14cfe2-9ec6-48cf-a414-5c9390614653, raftlog=eb14cfe2-9ec6-48cf-a414-5c9390614653@group-AB3D389E7D10-SegmentedRaftLog:OPENED:c0,f0,i0, conf=0: [eb14cfe2-9ec6-48cf-a414-5c9390614653:172.17.0.2:34735, f9da59ee-ab34-4454-930b-d6e716de1fdb:172.17.0.2:38153, ff149fa5-9438-4271-a257-312acf7350ed:172.17.0.2:46309], old=null
2020-07-17 19:18:03,218 [eb14cfe2-9ec6-48cf-a414-5c9390614653@group-AB3D389E7D10-LeaderElection23] INFO  impl.LeaderElection (LogUtils.java:infoOrTrace(137)) -   Exception 0: java.util.concurrent.ExecutionException: org.apache.ratis.thirdparty.io.grpc.StatusRuntimeException: UNAVAILABLE: io exception
2020-07-17 19:18:03,218 [eb14cfe2-9ec6-48cf-a414-5c9390614653@group-AB3D389E7D10-LeaderElection23] INFO  impl.LeaderElection (LogUtils.java:infoOrTrace(137)) -   Exception 1: java.util.concurrent.ExecutionException: org.apache.ratis.thirdparty.io.grpc.StatusRuntimeException: UNAVAILABLE: io exception
2020-07-17 19:18:03,218 [eb14cfe2-9ec6-48cf-a414-5c9390614653@group-AB3D389E7D10-LeaderElection23] INFO  impl.RaftServerImpl (RaftServerImpl.java:setRole(175)) - eb14cfe2-9ec6-48cf-a414-5c9390614653@group-AB3D389E7D10: changes role from CANDIDATE to FOLLOWER at term 2 for DISCOVERED_A_NEW_TERM
2020-07-17 19:18:03,219 [eb14cfe2-9ec6-48cf-a414-5c9390614653@group-AB3D389E7D10-LeaderElection23] INFO  impl.RoleInfo (RoleInfo.java:shutdownLeaderElection(134)) - eb14cfe2-9ec6-48cf-a414-5c9390614653: shutdown LeaderElection
2020-07-17 19:18:03,219 [eb14cfe2-9ec6-48cf-a414-5c9390614653@group-AB3D389E7D10-LeaderElection23] INFO  impl.RoleInfo (RoleInfo.java:updateAndGet(143)) - eb14cfe2-9ec6-48cf-a414-5c9390614653: start FollowerState
2020-07-17 19:18:04,477 [ForkJoinPool.commonPool-worker-0] INFO  ozoneimpl.OzoneContainer (OzoneContainer.java:stop(247)) - Attempting to stop container services.
2020-07-17 19:18:04,478 [ForkJoinPool.commonPool-worker-0] INFO  impl.RaftServerProxy (RaftServerProxy.java:lambda$close$4(319)) - eb14cfe2-9ec6-48cf-a414-5c9390614653: close
2020-07-17 19:18:04,478 [ForkJoinPool.commonPool-worker-0] INFO  impl.RaftServerImpl (RaftServerImpl.java:lambda$shutdown$3(252)) - eb14cfe2-9ec6-48cf-a414-5c9390614653@group-AB3D389E7D10: shutdown
2020-07-17 19:18:04,478 [ForkJoinPool.commonPool-worker-0] INFO  util.JmxRegister (JmxRegister.java:unregister(73)) - Successfully un-registered JMX Bean with object name Ratis:service=RaftServer,group=group-AB3D389E7D10,id=eb14cfe2-9ec6-48cf-a414-5c9390614653
2020-07-17 19:18:04,478 [ForkJoinPool.commonPool-worker-0] INFO  impl.RoleInfo (RoleInfo.java:shutdownFollowerState(121)) - eb14cfe2-9ec6-48cf-a414-5c9390614653: shutdown FollowerState
2020-07-17 19:18:04,479 [ForkJoinPool.commonPool-worker-0] INFO  impl.StateMachineUpdater (StateMachineUpdater.java:stopAndJoin(142)) - eb14cfe2-9ec6-48cf-a414-5c9390614653@group-AB3D389E7D10-StateMachineUpdater: set stopIndex = 0
2020-07-17 19:18:04,479 [Thread-710] INFO  impl.FollowerState (FollowerState.java:run(117)) - eb14cfe2-9ec6-48cf-a414-5c9390614653@group-AB3D389E7D10-FollowerState was interrupted: java.lang.InterruptedException: sleep interrupted
2020-07-17 19:18:04,479 [eb14cfe2-9ec6-48cf-a414-5c9390614653@group-AB3D389E7D10-StateMachineUpdater] INFO  ratis.ContainerStateMachine (ContainerStateMachine.java:takeSnapshot(293)) - group-AB3D389E7D10: Taking a snapshot at:(t:1, i:0) file /github/workspace/mnt/ozone/hadoop-ozone/integration-test/target/test-dir/MiniOzoneClusterImpl-c590ab3c-c15e-4809-9b68-32eb717c380c/datanode-5/data/ratis/cb6ec86d-2c34-4a3f-918c-ab3d389e7d10/sm/snapshot.1_0
2020-07-17 19:18:04,480 [eb14cfe2-9ec6-48cf-a414-5c9390614653@group-AB3D389E7D10-StateMachineUpdater] INFO  ratis.ContainerStateMachine (ContainerStateMachine.java:takeSnapshot(304)) - group-AB3D389E7D10: Finished taking a snapshot at:(t:1, i:0) file:/github/workspace/mnt/ozone/hadoop-ozone/integration-test/target/test-dir/MiniOzoneClusterImpl-c590ab3c-c15e-4809-9b68-32eb717c380c/datanode-5/data/ratis/cb6ec86d-2c34-4a3f-918c-ab3d389e7d10/sm/snapshot.1_0 time:1
2020-07-17 19:18:04,480 [eb14cfe2-9ec6-48cf-a414-5c9390614653@group-AB3D389E7D10-StateMachineUpdater] INFO  impl.StateMachineUpdater (StateMachineUpdater.java:takeSnapshot(277)) - eb14cfe2-9ec6-48cf-a414-5c9390614653@group-AB3D389E7D10-StateMachineUpdater: Took a snapshot at index 0
2020-07-17 19:18:04,480 [eb14cfe2-9ec6-48cf-a414-5c9390614653@group-AB3D389E7D10-StateMachineUpdater] INFO  impl.StateMachineUpdater (StateMachineUpdater.java:lambda$new$0(87)) - eb14cfe2-9ec6-48cf-a414-5c9390614653@group-AB3D389E7D10-StateMachineUpdater: snapshotIndex: updateIncreasingly -1 -> 0
2020-07-17 19:18:04,481 [eb14cfe2-9ec6-48cf-a414-5c9390614653@group-AB3D389E7D10-StateMachineUpdater] INFO  metrics.RatisMetrics (RatisMetrics.java:unregister(43)) - Unregistering Metrics Registry : ratis.state_machine.eb14cfe2-9ec6-48cf-a414-5c9390614653@group-AB3D389E7D10
2020-07-17 19:18:04,481 [ForkJoinPool.commonPool-worker-0] INFO  impl.RaftServerImpl (ServerState.java:close(387)) - eb14cfe2-9ec6-48cf-a414-5c9390614653@group-AB3D389E7D10: closes. applyIndex: 0
2020-07-17 19:18:04,481 [eb14cfe2-9ec6-48cf-a414-5c9390614653@group-AB3D389E7D10-SegmentedRaftLogWorker] INFO  segmented.SegmentedRaftLogWorker (SegmentedRaftLogWorker.java:run(327)) - eb14cfe2-9ec6-48cf-a414-5c9390614653@group-AB3D389E7D10-SegmentedRaftLogWorker was interrupted, exiting. There are 0 tasks remaining in the queue.
2020-07-17 19:18:04,481 [ForkJoinPool.commonPool-worker-0] INFO  segmented.SegmentedRaftLogWorker (SegmentedRaftLogWorker.java:close(234)) - eb14cfe2-9ec6-48cf-a414-5c9390614653@group-AB3D389E7D10-SegmentedRaftLogWorker close()
2020-07-17 19:18:04,483 [ForkJoinPool.commonPool-worker-0] INFO  metrics.RatisMetrics (RatisMetrics.java:unregister(43)) - Unregistering Metrics Registry : ratis.log_worker.eb14cfe2-9ec6-48cf-a414-5c9390614653@group-AB3D389E7D10
2020-07-17 19:18:04,483 [ForkJoinPool.commonPool-worker-0] INFO  metrics.RatisMetrics (RatisMetrics.java:unregister(43)) - Unregistering Metrics Registry : ratis.leader_election.eb14cfe2-9ec6-48cf-a414-5c9390614653@group-AB3D389E7D10
2020-07-17 19:18:04,483 [ForkJoinPool.commonPool-worker-0] INFO  metrics.RatisMetrics (RatisMetrics.java:unregister(43)) - Unregistering Metrics Registry : ratis.server.eb14cfe2-9ec6-48cf-a414-5c9390614653@group-AB3D389E7D10
2020-07-17 19:18:04,483 [ForkJoinPool.commonPool-worker-0] INFO  impl.RaftServerImpl (RaftServerImpl.java:lambda$shutdown$3(252)) - eb14cfe2-9ec6-48cf-a414-5c9390614653@group-FB7A20D5F40F: shutdown
2020-07-17 19:18:04,484 [ForkJoinPool.commonPool-worker-0] INFO  util.JmxRegister (JmxRegister.java:unregister(73)) - Successfully un-registered JMX Bean with object name Ratis:service=RaftServer,group=group-FB7A20D5F40F,id=eb14cfe2-9ec6-48cf-a414-5c9390614653
2020-07-17 19:18:04,484 [ForkJoinPool.commonPool-worker-0] INFO  impl.RoleInfo (RoleInfo.java:shutdownLeaderState(104)) - eb14cfe2-9ec6-48cf-a414-5c9390614653: shutdown LeaderState
2020-07-17 19:18:04,484 [ForkJoinPool.commonPool-worker-0] INFO  impl.PendingRequests (PendingRequests.java:sendNotLeaderResponses(249)) - eb14cfe2-9ec6-48cf-a414-5c9390614653@group-FB7A20D5F40F-PendingRequests: sendNotLeaderResponses
2020-07-17 19:18:04,484 [ForkJoinPool.commonPool-worker-0] INFO  metrics.RatisMetrics (RatisMetrics.java:unregister(43)) - Unregistering Metrics Registry : ratis.log_appender.eb14cfe2-9ec6-48cf-a414-5c9390614653@group-FB7A20D5F40F
2020-07-17 19:18:04,484 [ForkJoinPool.commonPool-worker-0] INFO  metrics.RatisMetrics (RatisMetrics.java:unregister(43)) - Unregistering Metrics Registry : ratis.server.eb14cfe2-9ec6-48cf-a414-5c9390614653@group-FB7A20D5F40F
2020-07-17 19:18:04,485 [ForkJoinPool.commonPool-worker-0] INFO  impl.StateMachineUpdater (StateMachineUpdater.java:stopAndJoin(142)) - eb14cfe2-9ec6-48cf-a414-5c9390614653@group-FB7A20D5F40F-StateMachineUpdater: set stopIndex = 0
2020-07-17 19:18:04,485 [eb14cfe2-9ec6-48cf-a414-5c9390614653@group-FB7A20D5F40F-StateMachineUpdater] INFO  ratis.ContainerStateMachine (ContainerStateMachine.java:takeSnapshot(293)) - group-FB7A20D5F40F: Taking a snapshot at:(t:1, i:0) file /github/workspace/mnt/ozone/hadoop-ozone/integration-test/target/test-dir/MiniOzoneClusterImpl-c590ab3c-c15e-4809-9b68-32eb717c380c/datanode-5/data/ratis/f954467a-5de6-4680-92a4-fb7a20d5f40f/sm/snapshot.1_0
2020-07-17 19:18:04,486 [eb14cfe2-9ec6-48cf-a414-5c9390614653@group-FB7A20D5F40F-StateMachineUpdater] INFO  ratis.ContainerStateMachine (ContainerStateMachine.java:takeSnapshot(304)) - group-FB7A20D5F40F: Finished taking a snapshot at:(t:1, i:0) file:/github/workspace/mnt/ozone/hadoop-ozone/integration-test/target/test-dir/MiniOzoneClusterImpl-c590ab3c-c15e-4809-9b68-32eb717c380c/datanode-5/data/ratis/f954467a-5de6-4680-92a4-fb7a20d5f40f/sm/snapshot.1_0 time:1
2020-07-17 19:18:04,486 [eb14cfe2-9ec6-48cf-a414-5c9390614653@group-FB7A20D5F40F-StateMachineUpdater] INFO  impl.StateMachineUpdater (StateMachineUpdater.java:takeSnapshot(277)) - eb14cfe2-9ec6-48cf-a414-5c9390614653@group-FB7A20D5F40F-StateMachineUpdater: Took a snapshot at index 0
2020-07-17 19:18:04,486 [eb14cfe2-9ec6-48cf-a414-5c9390614653@group-FB7A20D5F40F-StateMachineUpdater] INFO  impl.StateMachineUpdater (StateMachineUpdater.java:lambda$new$0(87)) - eb14cfe2-9ec6-48cf-a414-5c9390614653@group-FB7A20D5F40F-StateMachineUpdater: snapshotIndex: updateIncreasingly -1 -> 0
2020-07-17 19:18:04,487 [eb14cfe2-9ec6-48cf-a414-5c9390614653@group-FB7A20D5F40F-StateMachineUpdater] INFO  metrics.RatisMetrics (RatisMetrics.java:unregister(43)) - Unregistering Metrics Registry : ratis.state_machine.eb14cfe2-9ec6-48cf-a414-5c9390614653@group-FB7A20D5F40F
2020-07-17 19:18:04,487 [ForkJoinPool.commonPool-worker-0] INFO  impl.RaftServerImpl (ServerState.java:close(387)) - eb14cfe2-9ec6-48cf-a414-5c9390614653@group-FB7A20D5F40F: closes. applyIndex: 0
2020-07-17 19:18:04,487 [eb14cfe2-9ec6-48cf-a414-5c9390614653@group-FB7A20D5F40F-SegmentedRaftLogWorker] INFO  segmented.SegmentedRaftLogWorker (SegmentedRaftLogWorker.java:run(327)) - eb14cfe2-9ec6-48cf-a414-5c9390614653@group-FB7A20D5F40F-SegmentedRaftLogWorker was interrupted, exiting. There are 0 tasks remaining in the queue.
2020-07-17 19:18:04,487 [ForkJoinPool.commonPool-worker-0] INFO  segmented.SegmentedRaftLogWorker (SegmentedRaftLogWorker.java:close(234)) - eb14cfe2-9ec6-48cf-a414-5c9390614653@group-FB7A20D5F40F-SegmentedRaftLogWorker close()
2020-07-17 19:18:04,487 [ForkJoinPool.commonPool-worker-0] INFO  metrics.RatisMetrics (RatisMetrics.java:unregister(43)) - Unregistering Metrics Registry : ratis.log_worker.eb14cfe2-9ec6-48cf-a414-5c9390614653@group-FB7A20D5F40F
2020-07-17 19:18:04,488 [ForkJoinPool.commonPool-worker-0] INFO  metrics.RatisMetrics (RatisMetrics.java:unregister(43)) - Unregistering Metrics Registry : ratis.leader_election.eb14cfe2-9ec6-48cf-a414-5c9390614653@group-FB7A20D5F40F
2020-07-17 19:18:04,488 [ForkJoinPool.commonPool-worker-0] INFO  metrics.RatisMetrics (RatisMetrics.java:unregister(43)) - Unregistering Metrics Registry : ratis.server.eb14cfe2-9ec6-48cf-a414-5c9390614653@group-FB7A20D5F40F
2020-07-17 19:18:04,488 [ForkJoinPool.commonPool-worker-0] INFO  server.GrpcService (GrpcService.java:closeImpl(166)) - eb14cfe2-9ec6-48cf-a414-5c9390614653: shutdown server with port 34735 now
2020-07-17 19:18:04,489 [ForkJoinPool.commonPool-worker-0] INFO  server.GrpcService (GrpcService.java:closeImpl(174)) - eb14cfe2-9ec6-48cf-a414-5c9390614653: shutdown server with port 34735 successfully
2020-07-17 19:18:04,491 [ForkJoinPool.commonPool-worker-0] INFO  utils.BackgroundService (BackgroundService.java:shutdown(157)) - Shutting down service BlockDeletingService
2020-07-17 19:18:04,492 [ForkJoinPool.commonPool-worker-0] INFO  statemachine.DatanodeStateMachine (DatanodeStateMachine.java:stopDaemon(428)) - Ozone container server stopped.
2020-07-17 19:18:04,499 [ForkJoinPool.commonPool-worker-0] INFO  handler.ContextHandler (ContextHandler.java:doStop(1016)) - Stopped o.e.j.w.WebAppContext@28cb0d60{hddsDatanode,/,null,UNAVAILABLE}{jar:file:/home/user/.m2/repository/org/apache/hadoop/hadoop-hdds-container-service/0.6.0-SNAPSHOT/hadoop-hdds-container-service-0.6.0-SNAPSHOT.jar!/webapps/hddsDatanode}
2020-07-17 19:18:04,500 [ForkJoinPool.commonPool-worker-0] INFO  server.AbstractConnector (AbstractConnector.java:doStop(380)) - Stopped ServerConnector@53973747{HTTP/1.1,[http/1.1]}{0.0.0.0:0}
2020-07-17 19:18:04,500 [ForkJoinPool.commonPool-worker-0] INFO  server.session (HouseKeeper.java:stopScavenging(158)) - node0 Stopped scavenging
2020-07-17 19:18:04,501 [ForkJoinPool.commonPool-worker-0] INFO  handler.ContextHandler (ContextHandler.java:doStop(1016)) - Stopped o.e.j.s.ServletContextHandler@3b7d3dfe{static,/static,jar:file:/home/user/.m2/repository/org/apache/hadoop/hadoop-hdds-container-service/0.6.0-SNAPSHOT/hadoop-hdds-container-service-0.6.0-SNAPSHOT.jar!/webapps/static,UNAVAILABLE}
2020-07-17 19:18:04,502 [ForkJoinPool.commonPool-worker-0] INFO  handler.ContextHandler (ContextHandler.java:doStop(1016)) - Stopped o.e.j.s.ServletContextHandler@3fdabc92{logs,/logs,file:///github/workspace/mnt/ozone/hadoop-ozone/integration-test/target/log,UNAVAILABLE}
2020-07-17 19:18:04,503 [Listener at 127.0.0.1/36635] INFO  ozone.MiniOzoneClusterImpl (MiniOzoneClusterImpl.java:stopSCM(476)) - Stopping the StorageContainerManager
2020-07-17 19:18:04,503 [Listener at 127.0.0.1/36635] INFO  server.StorageContainerManager (StorageContainerManager.java:stop(827)) - Stopping Replication Manager Service.
2020-07-17 19:18:04,503 [Listener at 127.0.0.1/36635] INFO  container.ReplicationManager (ReplicationManager.java:stop(218)) - Stopping Replication Monitor Thread.
2020-07-17 19:18:04,504 [Listener at 127.0.0.1/36635] INFO  server.StorageContainerManager (StorageContainerManager.java:stop(834)) - Stopping Lease Manager of the command watchers
2020-07-17 19:18:04,504 [Listener at 127.0.0.1/36635] INFO  server.StorageContainerManager (StorageContainerManager.java:stop(841)) - Stopping datanode service RPC server
2020-07-17 19:18:04,505 [Listener at 127.0.0.1/36635] INFO  server.SCMDatanodeProtocolServer (SCMDatanodeProtocolServer.java:stop(361)) - Stopping the RPC server for DataNodes
2020-07-17 19:18:04,505 [Listener at 127.0.0.1/36635] INFO  ipc.Server (Server.java:stop(3359)) - Stopping server on 35851
2020-07-17 19:18:04,505 [CommandWatcher-LeaseManager#LeaseMonitor] ERROR lease.LeaseManager (LeaseManager.java:run(238)) - Execution was interrupted 
java.lang.InterruptedException: sleep interrupted
	at java.lang.Thread.sleep(Native Method)
	at org.apache.hadoop.ozone.lease.LeaseManager$LeaseMonitor.run(LeaseManager.java:234)
	at java.lang.Thread.run(Thread.java:748)
2020-07-17 19:18:04,507 [IPC Server listener on 0] INFO  ipc.Server (Server.java:run(1330)) - Stopping IPC Server listener on 0
2020-07-17 19:18:04,507 [IPC Server Responder] INFO  ipc.Server (Server.java:run(1465)) - Stopping IPC Server Responder
2020-07-17 19:18:04,523 [SCM Heartbeat Processing Thread - 0] WARN  node.NodeStateManager (NodeStateManager.java:scheduleNextHealthCheck(661)) - Current Thread is interrupted, shutting down HB processing thread for Node Manager.
2020-07-17 19:18:04,523 [Listener at 127.0.0.1/36635] INFO  server.StorageContainerManager (StorageContainerManager.java:stop(849)) - Stopping block service RPC server
2020-07-17 19:18:04,523 [Listener at 127.0.0.1/36635] INFO  server.SCMBlockProtocolServer (SCMBlockProtocolServer.java:stop(158)) - Stopping the RPC server for Block Protocol
2020-07-17 19:18:04,524 [Listener at 127.0.0.1/36635] INFO  ipc.Server (Server.java:stop(3359)) - Stopping server on 33167
2020-07-17 19:18:04,525 [IPC Server Responder] INFO  ipc.Server (Server.java:run(1465)) - Stopping IPC Server Responder
2020-07-17 19:18:04,525 [Listener at 127.0.0.1/36635] INFO  server.StorageContainerManager (StorageContainerManager.java:stop(856)) - Stopping the StorageContainerLocationProtocol RPC server
2020-07-17 19:18:04,525 [Listener at 127.0.0.1/36635] INFO  server.SCMClientProtocolServer (SCMClientProtocolServer.java:stop(165)) - Stopping the RPC server for Client Protocol
2020-07-17 19:18:04,525 [Listener at 127.0.0.1/36635] INFO  ipc.Server (Server.java:stop(3359)) - Stopping server on 43269
2020-07-17 19:18:04,525 [IPC Server listener on 0] INFO  ipc.Server (Server.java:run(1330)) - Stopping IPC Server listener on 0
2020-07-17 19:18:04,526 [IPC Server listener on 0] INFO  ipc.Server (Server.java:run(1330)) - Stopping IPC Server listener on 0
2020-07-17 19:18:04,528 [Listener at 127.0.0.1/36635] INFO  server.StorageContainerManager (StorageContainerManager.java:stop(863)) - Stopping Storage Container Manager HTTP server.
2020-07-17 19:18:04,528 [IPC Server Responder] INFO  ipc.Server (Server.java:run(1465)) - Stopping IPC Server Responder
2020-07-17 19:18:04,529 [Listener at 127.0.0.1/36635] INFO  handler.ContextHandler (ContextHandler.java:doStop(1016)) - Stopped o.e.j.w.WebAppContext@17ca7451{scm,/,null,UNAVAILABLE}{file:/github/workspace/mnt/ozone/hadoop-ozone/integration-test/target/test-classes/webapps/scm}
2020-07-17 19:18:04,531 [Listener at 127.0.0.1/36635] INFO  server.AbstractConnector (AbstractConnector.java:doStop(380)) - Stopped ServerConnector@5037de9b{HTTP/1.1,[http/1.1]}{0.0.0.0:0}
2020-07-17 19:18:04,532 [Listener at 127.0.0.1/36635] INFO  server.session (HouseKeeper.java:stopScavenging(158)) - node0 Stopped scavenging
2020-07-17 19:18:04,532 [Listener at 127.0.0.1/36635] INFO  handler.ContextHandler (ContextHandler.java:doStop(1016)) - Stopped o.e.j.s.ServletContextHandler@13a1b2f1{static,/static,file:///github/workspace/mnt/ozone/hadoop-ozone/integration-test/target/test-classes/webapps/static,UNAVAILABLE}
2020-07-17 19:18:04,532 [Listener at 127.0.0.1/36635] INFO  handler.ContextHandler (ContextHandler.java:doStop(1016)) - Stopped o.e.j.s.ServletContextHandler@54c2194e{logs,/logs,file:///github/workspace/mnt/ozone/hadoop-ozone/integration-test/target/log,UNAVAILABLE}
2020-07-17 19:18:04,533 [Listener at 127.0.0.1/36635] INFO  server.StorageContainerManager (StorageContainerManager.java:stop(874)) - Stopping Block Manager Service.
2020-07-17 19:18:04,533 [Listener at 127.0.0.1/36635] INFO  utils.BackgroundService (BackgroundService.java:shutdown(157)) - Shutting down service SCMBlockDeletingService
2020-07-17 19:18:04,533 [Listener at 127.0.0.1/36635] INFO  utils.BackgroundService (BackgroundService.java:shutdown(157)) - Shutting down service SCMBlockDeletingService
2020-07-17 19:18:04,533 [Listener at 127.0.0.1/36635] INFO  server.StorageContainerManager (StorageContainerManager.java:stop(899)) - Stopping SCM Event Queue.
2020-07-17 19:18:04,536 [Listener at 127.0.0.1/36635] INFO  impl.MetricsSystemImpl (MetricsSystemImpl.java:stop(210)) - Stopping HddsDatanode metrics system...
2020-07-17 19:18:04,545 [Listener at 127.0.0.1/36635] INFO  impl.MetricsSystemImpl (MetricsSystemImpl.java:stop(216)) - HddsDatanode metrics system stopped.
]]></system-out>
    <system-err><![CDATA[Jul 17, 2020 7:17:32 PM org.apache.ratis.thirdparty.io.grpc.internal.ManagedChannelOrphanWrapper$ManagedChannelReference cleanQueue
SEVERE: *~*~*~ Channel ManagedChannelImpl{logId=133, target=172.17.0.2:42907} was not shutdown properly!!! ~*~*~*
    Make sure to call shutdown()/shutdownNow() and wait until awaitTermination() returns true.
java.lang.RuntimeException: ManagedChannel allocation site
	at org.apache.ratis.thirdparty.io.grpc.internal.ManagedChannelOrphanWrapper$ManagedChannelReference.<init>(ManagedChannelOrphanWrapper.java:94)
	at org.apache.ratis.thirdparty.io.grpc.internal.ManagedChannelOrphanWrapper.<init>(ManagedChannelOrphanWrapper.java:52)
	at org.apache.ratis.thirdparty.io.grpc.internal.ManagedChannelOrphanWrapper.<init>(ManagedChannelOrphanWrapper.java:43)
	at org.apache.ratis.thirdparty.io.grpc.internal.AbstractManagedChannelImplBuilder.build(AbstractManagedChannelImplBuilder.java:518)
	at org.apache.ratis.grpc.client.GrpcClientProtocolClient.<init>(GrpcClientProtocolClient.java:129)
	at org.apache.ratis.grpc.client.GrpcClientRpc.lambda$new$0(GrpcClientRpc.java:55)
	at org.apache.ratis.util.PeerProxyMap$PeerAndProxy.lambda$getProxy$0(PeerProxyMap.java:62)
	at org.apache.ratis.util.LifeCycle.startAndTransition(LifeCycle.java:214)
	at org.apache.ratis.util.PeerProxyMap$PeerAndProxy.getProxy(PeerProxyMap.java:61)
	at org.apache.ratis.util.PeerProxyMap.getProxy(PeerProxyMap.java:109)
	at org.apache.ratis.grpc.client.GrpcClientRpc.sendRequestAsync(GrpcClientRpc.java:66)
	at org.apache.ratis.client.impl.OrderedAsync.sendRequest(OrderedAsync.java:233)
	at org.apache.ratis.client.impl.OrderedAsync.sendRequestWithRetry(OrderedAsync.java:187)
	at org.apache.ratis.util.SlidingWindow$Client.sendOrDelayRequest(SlidingWindow.java:278)
	at org.apache.ratis.util.SlidingWindow$Client.submitNewRequest(SlidingWindow.java:257)
	at org.apache.ratis.client.impl.OrderedAsync.send(OrderedAsync.java:168)
	at org.apache.ratis.client.impl.OrderedAsync.newInstance(OrderedAsync.java:117)
	at org.apache.ratis.client.impl.RaftClientImpl.lambda$new$0(RaftClientImpl.java:127)
	at org.apache.ratis.util.MemoizedSupplier.get(MemoizedSupplier.java:62)
	at org.apache.ratis.client.impl.RaftClientImpl.getOrderedAsync(RaftClientImpl.java:150)
	at org.apache.ratis.client.impl.RaftClientImpl.sendAsync(RaftClientImpl.java:188)
	at org.apache.ratis.client.impl.RaftClientImpl.sendAsync(RaftClientImpl.java:160)
	at org.apache.hadoop.hdds.scm.XceiverClientRatis.lambda$sendRequestAsync$3(XceiverClientRatis.java:224)
	at org.apache.hadoop.hdds.tracing.TracingUtil.executeInNewSpan(TracingUtil.java:159)
	at org.apache.hadoop.hdds.scm.XceiverClientRatis.sendRequestAsync(XceiverClientRatis.java:209)
	at org.apache.hadoop.hdds.scm.XceiverClientRatis.sendCommandAsync(XceiverClientRatis.java:305)
	at org.apache.hadoop.ozone.client.rpc.TestCommitWatcher.testReleaseBuffers(TestCommitWatcher.java:191)
	at sun.reflect.NativeMethodAccessorImpl.invoke0(Native Method)
	at sun.reflect.NativeMethodAccessorImpl.invoke(NativeMethodAccessorImpl.java:62)
	at sun.reflect.DelegatingMethodAccessorImpl.invoke(DelegatingMethodAccessorImpl.java:43)
	at java.lang.reflect.Method.invoke(Method.java:498)
	at org.junit.runners.model.FrameworkMethod$1.runReflectiveCall(FrameworkMethod.java:47)
	at org.junit.internal.runners.model.ReflectiveCallable.run(ReflectiveCallable.java:12)
	at org.junit.runners.model.FrameworkMethod.invokeExplosively(FrameworkMethod.java:44)
	at org.junit.internal.runners.statements.InvokeMethod.evaluate(InvokeMethod.java:17)
	at org.junit.internal.runners.statements.RunBefores.evaluate(RunBefores.java:26)
	at org.junit.internal.runners.statements.RunAfters.evaluate(RunAfters.java:27)
	at org.junit.internal.runners.statements.FailOnTimeout$StatementThread.run(FailOnTimeout.java:74)

]]></system-err>
  </testcase>
</testsuite>