<?xml version="1.0" encoding="UTF-8"?>
<testsuite xmlns:xsi="http://www.w3.org/2001/XMLSchema-instance" xsi:noNamespaceSchemaLocation="https://maven.apache.org/surefire/maven-surefire-plugin/xsd/surefire-test-report-3.0.xsd" version="3.0" name="org.apache.hadoop.fs.ozone.TestHSync" time="32.746" tests="4" errors="1" skipped="0" failures="0">
  <properties>
    <property name="awt.toolkit" value="sun.awt.X11.XToolkit"/>
    <property name="file.encoding.pkg" value="sun.io"/>
    <property name="java.specification.version" value="1.8"/>
    <property name="sun.cpu.isalist" value=""/>
    <property name="sun.jnu.encoding" value="UTF-8"/>
    <property name="java.class.path" value="/home/runner/work/ozone/ozone/hadoop-ozone/integration-test/target/test-classes:/home/runner/work/ozone/ozone/hadoop-ozone/integration-test/target/classes:/home/runner/.m2/repository/org/apache/ozone/ozone-common/1.4.0-SNAPSHOT/ozone-common-1.4.0-SNAPSHOT.jar:/home/runner/.m2/repository/io/grpc/grpc-netty/1.51.1/grpc-netty-1.51.1.jar:/home/runner/.m2/repository/io/grpc/grpc-core/1.51.1/grpc-core-1.51.1.jar:/home/runner/.m2/repository/com/google/android/annotations/4.1.1.4/annotations-4.1.1.4.jar:/home/runner/.m2/repository/org/codehaus/mojo/animal-sniffer-annotations/1.21/animal-sniffer-annotations-1.21.jar:/home/runner/.m2/repository/com/google/errorprone/error_prone_annotations/2.2.0/error_prone_annotations-2.2.0.jar:/home/runner/.m2/repository/io/perfmark/perfmark-api/0.25.0/perfmark-api-0.25.0.jar:/home/runner/.m2/repository/io/netty/netty-codec-http2/4.1.86.Final/netty-codec-http2-4.1.86.Final.jar:/home/runner/.m2/repository/io/netty/netty-common/4.1.86.Final/netty-common-4.1.86.Final.jar:/home/runner/.m2/repository/io/netty/netty-buffer/4.1.86.Final/netty-buffer-4.1.86.Final.jar:/home/runner/.m2/repository/io/netty/netty-codec-http/4.1.86.Final/netty-codec-http-4.1.86.Final.jar:/home/runner/.m2/repository/io/netty/netty-handler-proxy/4.1.86.Final/netty-handler-proxy-4.1.86.Final.jar:/home/runner/.m2/repository/io/netty/netty-codec-socks/4.1.86.Final/netty-codec-socks-4.1.86.Final.jar:/home/runner/.m2/repository/io/netty/netty-tcnative-boringssl-static/2.0.54.Final/netty-tcnative-boringssl-static-2.0.54.Final.jar:/home/runner/.m2/repository/io/netty/netty-tcnative-classes/2.0.54.Final/netty-tcnative-classes-2.0.54.Final.jar:/home/runner/.m2/repository/io/netty/netty-tcnative-boringssl-static/2.0.54.Final/netty-tcnative-boringssl-static-2.0.54.Final-linux-x86_64.jar:/home/runner/.m2/repository/io/netty/netty-tcnative-boringssl-static/2.0.54.Final/netty-tcnative-boringssl-static-2.0.54.Final-linux-aarch_64.jar:/home/runner/.m2/repository/io/netty/netty-tcnative-boringssl-static/2.0.54.Final/netty-tcnative-boringssl-static-2.0.54.Final-osx-x86_64.jar:/home/runner/.m2/repository/io/netty/netty-tcnative-boringssl-static/2.0.54.Final/netty-tcnative-boringssl-static-2.0.54.Final-osx-aarch_64.jar:/home/runner/.m2/repository/io/netty/netty-tcnative-boringssl-static/2.0.54.Final/netty-tcnative-boringssl-static-2.0.54.Final-windows-x86_64.jar:/home/runner/.m2/repository/org/apache/commons/commons-compress/1.21/commons-compress-1.21.jar:/home/runner/.m2/repository/org/apache/ozone/hdds-common/1.4.0-SNAPSHOT/hdds-common-1.4.0-SNAPSHOT.jar:/home/runner/.m2/repository/org/apache/ozone/hdds-client/1.4.0-SNAPSHOT/hdds-client-1.4.0-SNAPSHOT.jar:/home/runner/.m2/repository/org/apache/ozone/ozone-interface-client/1.4.0-SNAPSHOT/ozone-interface-client-1.4.0-SNAPSHOT.jar:/home/runner/.m2/repository/org/apache/ozone/hdds-test-utils/1.4.0-SNAPSHOT/hdds-test-utils-1.4.0-SNAPSHOT.jar:/home/runner/.m2/repository/com/google/guava/guava/31.1-jre/guava-31.1-jre.jar:/home/runner/.m2/repository/com/google/guava/failureaccess/1.0.1/failureaccess-1.0.1.jar:/home/runner/.m2/repository/com/google/guava/listenablefuture/9999.0-empty-to-avoid-conflict-with-guava/listenablefuture-9999.0-empty-to-avoid-conflict-with-guava.jar:/home/runner/.m2/repository/com/google/code/findbugs/jsr305/3.0.0/jsr305-3.0.0.jar:/home/runner/.m2/repository/org/checkerframework/checker-qual/3.12.0/checker-qual-3.12.0.jar:/home/runner/.m2/repository/com/google/j2objc/j2objc-annotations/1.3/j2objc-annotations-1.3.jar:/home/runner/.m2/repository/commons-io/commons-io/2.11.0/commons-io-2.11.0.jar:/home/runner/.m2/repository/commons-logging/commons-logging/1.2/commons-logging-1.2.jar:/home/runner/.m2/repository/ch/qos/reload4j/reload4j/1.2.22/reload4j-1.2.22.jar:/home/runner/.m2/repository/org/slf4j/slf4j-api/1.7.36/slf4j-api-1.7.36.jar:/home/runner/.m2/repository/org/apache/ozone/hdds-server-scm/1.4.0-SNAPSHOT/hdds-server-scm-1.4.0-SNAPSHOT.jar:/home/runner/.m2/repository/org/apache/ozone/hdds-container-service/1.4.0-SNAPSHOT/hdds-container-service-1.4.0-SNAPSHOT.jar:/home/runner/.m2/repository/org/apache/ozone/hdds-hadoop-dependency-server/1.4.0-SNAPSHOT/hdds-hadoop-dependency-server-1.4.0-SNAPSHOT.jar:/home/runner/.m2/repository/org/apache/hadoop/hadoop-hdfs/3.3.4/hadoop-hdfs-3.3.4.jar:/home/runner/.m2/repository/org/eclipse/jetty/jetty-util-ajax/9.4.49.v20220914/jetty-util-ajax-9.4.49.v20220914.jar:/home/runner/.m2/repository/commons-daemon/commons-daemon/1.0.13/commons-daemon-1.0.13.jar:/home/runner/.m2/repository/org/apache/ozone/hdds-server-framework/1.4.0-SNAPSHOT/hdds-server-framework-1.4.0-SNAPSHOT.jar:/home/runner/.m2/repository/org/apache/ozone/hdds-interface-server/1.4.0-SNAPSHOT/hdds-interface-server-1.4.0-SNAPSHOT.jar:/home/runner/.m2/repository/org/apache/commons/commons-configuration2/2.1.1/commons-configuration2-2.1.1.jar:/home/runner/.m2/repository/org/apache/logging/log4j/log4j-core/2.17.1/log4j-core-2.17.1.jar:/home/runner/.m2/repository/com/lmax/disruptor/3.4.2/disruptor-3.4.2.jar:/home/runner/.m2/repository/org/eclipse/jetty/jetty-servlet/9.4.49.v20220914/jetty-servlet-9.4.49.v20220914.jar:/home/runner/.m2/repository/org/eclipse/jetty/jetty-security/9.4.49.v20220914/jetty-security-9.4.49.v20220914.jar:/home/runner/.m2/repository/org/rocksdb/rocksdbjni/7.7.3/rocksdbjni-7.7.3.jar:/home/runner/.m2/repository/io/prometheus/simpleclient_dropwizard/0.7.0/simpleclient_dropwizard-0.7.0.jar:/home/runner/.m2/repository/io/prometheus/simpleclient/0.7.0/simpleclient-0.7.0.jar:/home/runner/.m2/repository/io/prometheus/simpleclient_common/0.7.0/simpleclient_common-0.7.0.jar:/home/runner/.m2/repository/com/github/spotbugs/spotbugs-annotations/3.1.12/spotbugs-annotations-3.1.12.jar:/home/runner/.m2/repository/org/awaitility/awaitility/4.2.0/awaitility-4.2.0.jar:/home/runner/.m2/repository/org/hamcrest/hamcrest/2.1/hamcrest-2.1.jar:/home/runner/.m2/repository/io/dropwizard/metrics/metrics-core/3.2.4/metrics-core-3.2.4.jar:/home/runner/.m2/repository/org/apache/commons/commons-text/1.4/commons-text-1.4.jar:/home/runner/.m2/repository/org/apache/hadoop/hadoop-hdfs-client/3.3.4/hadoop-hdfs-client-3.3.4.jar:/home/runner/.m2/repository/com/squareup/okhttp3/okhttp/4.9.3/okhttp-4.9.3.jar:/home/runner/.m2/repository/com/squareup/okio/okio/2.8.0/okio-2.8.0.jar:/home/runner/.m2/repository/org/jetbrains/kotlin/kotlin-stdlib-common/1.6.21/kotlin-stdlib-common-1.6.21.jar:/home/runner/.m2/repository/org/bouncycastle/bcprov-jdk15on/1.67/bcprov-jdk15on-1.67.jar:/home/runner/.m2/repository/com/google/protobuf/protobuf-java/2.5.0/protobuf-java-2.5.0.jar:/home/runner/.m2/repository/org/apache/ozone/ozone-manager/1.4.0-SNAPSHOT/ozone-manager-1.4.0-SNAPSHOT.jar:/home/runner/.m2/repository/org/aspectj/aspectjrt/1.9.7/aspectjrt-1.9.7.jar:/home/runner/.m2/repository/org/aspectj/aspectjweaver/1.9.7/aspectjweaver-1.9.7.jar:/home/runner/.m2/repository/org/apache/ozone/hdds-interface-client/1.4.0-SNAPSHOT/hdds-interface-client-1.4.0-SNAPSHOT.jar:/home/runner/.m2/repository/org/apache/hadoop/thirdparty/hadoop-shaded-protobuf_3_7/1.1.1/hadoop-shaded-protobuf_3_7-1.1.1.jar:/home/runner/.m2/repository/org/apache/ratis/ratis-thirdparty-misc/1.0.3/ratis-thirdparty-misc-1.0.3.jar:/home/runner/.m2/repository/org/apache/ozone/ozone-interface-storage/1.4.0-SNAPSHOT/ozone-interface-storage-1.4.0-SNAPSHOT.jar:/home/runner/.m2/repository/org/apache/ozone/rocksdb-checkpoint-differ/1.4.0-SNAPSHOT/rocksdb-checkpoint-differ-1.4.0-SNAPSHOT.jar:/home/runner/.m2/repository/org/reflections/reflections/0.9.11/reflections-0.9.11.jar:/home/runner/.m2/repository/com/sun/jersey/jersey-client/1.19/jersey-client-1.19.jar:/home/runner/.m2/repository/org/apache/ranger/ranger-intg/2.3.0/ranger-intg-2.3.0.jar:/home/runner/.m2/repository/org/apache/ranger/ranger-plugins-common/2.3.0/ranger-plugins-common-2.3.0.jar:/home/runner/.m2/repository/commons-lang/commons-lang/2.6/commons-lang-2.6.jar:/home/runner/.m2/repository/org/apache/ranger/ranger-plugins-cred/2.3.0/ranger-plugins-cred-2.3.0.jar:/home/runner/.m2/repository/org/apache/ranger/ranger-plugins-audit/2.3.0/ranger-plugins-audit-2.3.0.jar:/home/runner/.m2/repository/org/eclipse/jetty/jetty-client/9.4.49.v20220914/jetty-client-9.4.49.v20220914.jar:/home/runner/.m2/repository/org/apache/httpcomponents/httpmime/4.5.6/httpmime-4.5.6.jar:/home/runner/.m2/repository/org/apache/httpcomponents/httpcore-nio/4.4.13/httpcore-nio-4.4.13.jar:/home/runner/.m2/repository/org/apache/httpcomponents/httpasyncclient/4.1.3/httpasyncclient-4.1.3.jar:/home/runner/.m2/repository/com/carrotsearch/hppc/0.8.0/hppc-0.8.0.jar:/home/runner/.m2/repository/org/apache/orc/orc-core/1.5.8/orc-core-1.5.8.jar:/home/runner/.m2/repository/net/java/dev/jna/jna/5.2.0/jna-5.2.0.jar:/home/runner/.m2/repository/net/java/dev/jna/jna-platform/5.2.0/jna-platform-5.2.0.jar:/home/runner/.m2/repository/com/kstruct/gethostname4j/0.0.2/gethostname4j-0.0.2.jar:/home/runner/.m2/repository/org/apache/ranger/ranger-plugin-classloader/2.3.0/ranger-plugin-classloader-2.3.0.jar:/home/runner/.m2/repository/org/apache/hadoop/hadoop-minikdc/3.3.4/hadoop-minikdc-3.3.4.jar:/home/runner/.m2/repository/org/apache/kerby/kerb-simplekdc/1.0.1/kerb-simplekdc-1.0.1.jar:/home/runner/.m2/repository/org/apache/kerby/kerb-client/1.0.1/kerb-client-1.0.1.jar:/home/runner/.m2/repository/org/apache/kerby/kerby-config/1.0.1/kerby-config-1.0.1.jar:/home/runner/.m2/repository/org/apache/kerby/kerb-common/1.0.1/kerb-common-1.0.1.jar:/home/runner/.m2/repository/org/apache/kerby/kerb-crypto/1.0.1/kerb-crypto-1.0.1.jar:/home/runner/.m2/repository/org/apache/kerby/kerb-util/1.0.1/kerb-util-1.0.1.jar:/home/runner/.m2/repository/org/apache/kerby/token-provider/1.0.1/token-provider-1.0.1.jar:/home/runner/.m2/repository/org/apache/kerby/kerb-admin/1.0.1/kerb-admin-1.0.1.jar:/home/runner/.m2/repository/org/apache/kerby/kerb-server/1.0.1/kerb-server-1.0.1.jar:/home/runner/.m2/repository/org/apache/kerby/kerb-identity/1.0.1/kerb-identity-1.0.1.jar:/home/runner/.m2/repository/org/apache/kerby/kerby-xdr/1.0.1/kerby-xdr-1.0.1.jar:/home/runner/.m2/repository/org/apache/ozone/ozone-s3gateway/1.4.0-SNAPSHOT/ozone-s3gateway-1.4.0-SNAPSHOT.jar:/home/runner/.m2/repository/org/javassist/javassist/3.21.0-GA/javassist-3.21.0-GA.jar:/home/runner/.m2/repository/org/jboss/weld/servlet/weld-servlet-shaded/3.1.9.Final/weld-servlet-shaded-3.1.9.Final.jar:/home/runner/.m2/repository/org/glassfish/jersey/containers/jersey-container-servlet-core/2.34/jersey-container-servlet-core-2.34.jar:/home/runner/.m2/repository/org/glassfish/hk2/external/jakarta.inject/2.6.1/jakarta.inject-2.6.1.jar:/home/runner/.m2/repository/org/glassfish/jersey/core/jersey-common/2.34/jersey-common-2.34.jar:/home/runner/.m2/repository/jakarta/ws/rs/jakarta.ws.rs-api/2.1.6/jakarta.ws.rs-api-2.1.6.jar:/home/runner/.m2/repository/org/glassfish/jersey/ext/cdi/jersey-cdi1x/2.34/jersey-cdi1x-2.34.jar:/home/runner/.m2/repository/org/glassfish/jersey/inject/jersey-hk2/2.34/jersey-hk2-2.34.jar:/home/runner/.m2/repository/org/glassfish/hk2/hk2-locator/2.6.1/hk2-locator-2.6.1.jar:/home/runner/.m2/repository/org/glassfish/jersey/media/jersey-media-jaxb/2.34/jersey-media-jaxb-2.34.jar:/home/runner/.m2/repository/org/glassfish/hk2/osgi-resource-locator/1.0.3/osgi-resource-locator-1.0.3.jar:/home/runner/.m2/repository/org/glassfish/hk2/hk2-api/2.5.0/hk2-api-2.5.0.jar:/home/runner/.m2/repository/org/glassfish/hk2/hk2-utils/2.5.0/hk2-utils-2.5.0.jar:/home/runner/.m2/repository/org/glassfish/hk2/external/aopalliance-repackaged/2.5.0/aopalliance-repackaged-2.5.0.jar:/home/runner/.m2/repository/com/fasterxml/jackson/dataformat/jackson-dataformat-xml/2.13.4/jackson-dataformat-xml-2.13.4.jar:/home/runner/.m2/repository/com/fasterxml/jackson/core/jackson-core/2.13.4/jackson-core-2.13.4.jar:/home/runner/.m2/repository/org/codehaus/woodstox/stax2-api/4.2.1/stax2-api-4.2.1.jar:/home/runner/.m2/repository/com/fasterxml/woodstox/woodstox-core/5.4.0/woodstox-core-5.4.0.jar:/home/runner/.m2/repository/com/fasterxml/jackson/module/jackson-module-jaxb-annotations/2.13.4/jackson-module-jaxb-annotations-2.13.4.jar:/home/runner/.m2/repository/jakarta/xml/bind/jakarta.xml.bind-api/2.3.3/jakarta.xml.bind-api-2.3.3.jar:/home/runner/.m2/repository/jakarta/activation/jakarta.activation-api/1.2.2/jakarta.activation-api-1.2.2.jar:/home/runner/.m2/repository/javax/enterprise/cdi-api/2.0/cdi-api-2.0.jar:/home/runner/.m2/repository/javax/el/javax.el-api/3.0.0/javax.el-api-3.0.0.jar:/home/runner/.m2/repository/javax/interceptor/javax.interceptor-api/1.2/javax.interceptor-api-1.2.jar:/home/runner/.m2/repository/javax/inject/javax.inject/1/javax.inject-1.jar:/home/runner/.m2/repository/javax/xml/bind/jaxb-api/2.3.0/jaxb-api-2.3.0.jar:/home/runner/.m2/repository/org/glassfish/jaxb/jaxb-runtime/2.3.0.1/jaxb-runtime-2.3.0.1.jar:/home/runner/.m2/repository/org/glassfish/jaxb/jaxb-core/2.3.0.1/jaxb-core-2.3.0.1.jar:/home/runner/.m2/repository/org/glassfish/jaxb/txw2/2.3.0.1/txw2-2.3.0.1.jar:/home/runner/.m2/repository/com/sun/istack/istack-commons-runtime/3.0.5/istack-commons-runtime-3.0.5.jar:/home/runner/.m2/repository/org/jvnet/staxex/stax-ex/1.7.8/stax-ex-1.7.8.jar:/home/runner/.m2/repository/com/sun/xml/fastinfoset/FastInfoset/1.2.13/FastInfoset-1.2.13.jar:/home/runner/.m2/repository/javax/activation/activation/1.1.1/activation-1.1.1.jar:/home/runner/.m2/repository/io/grpc/grpc-protobuf/1.51.1/grpc-protobuf-1.51.1.jar:/home/runner/.m2/repository/io/grpc/grpc-api/1.51.1/grpc-api-1.51.1.jar:/home/runner/.m2/repository/io/grpc/grpc-context/1.51.1/grpc-context-1.51.1.jar:/home/runner/.m2/repository/com/google/api/grpc/proto-google-common-protos/2.9.0/proto-google-common-protos-2.9.0.jar:/home/runner/.m2/repository/io/grpc/grpc-protobuf-lite/1.51.1/grpc-protobuf-lite-1.51.1.jar:/home/runner/.m2/repository/io/grpc/grpc-stub/1.51.1/grpc-stub-1.51.1.jar:/home/runner/.m2/repository/io/netty/netty-transport/4.1.86.Final/netty-transport-4.1.86.Final.jar:/home/runner/.m2/repository/io/netty/netty-resolver/4.1.86.Final/netty-resolver-4.1.86.Final.jar:/home/runner/.m2/repository/org/apache/ozone/ozone-csi/1.4.0-SNAPSHOT/ozone-csi-1.4.0-SNAPSHOT.jar:/home/runner/.m2/repository/com/google/protobuf/protobuf-java-util/3.19.6/protobuf-java-util-3.19.6.jar:/home/runner/.m2/repository/com/google/code/gson/gson/2.9.0/gson-2.9.0.jar:/home/runner/.m2/repository/org/apache/ozone/hdds-config/1.4.0-SNAPSHOT/hdds-config-1.4.0-SNAPSHOT.jar:/home/runner/.m2/repository/io/netty/netty-transport-native-epoll/4.1.86.Final/netty-transport-native-epoll-4.1.86.Final-linux-x86_64.jar:/home/runner/.m2/repository/io/netty/netty-transport-classes-epoll/4.1.86.Final/netty-transport-classes-epoll-4.1.86.Final.jar:/home/runner/.m2/repository/io/netty/netty-transport-native-unix-common/4.1.86.Final/netty-transport-native-unix-common-4.1.86.Final.jar:/home/runner/.m2/repository/org/slf4j/slf4j-reload4j/1.7.36/slf4j-reload4j-1.7.36.jar:/home/runner/.m2/repository/org/apache/ozone/ozone-recon/1.4.0-SNAPSHOT/ozone-recon-1.4.0-SNAPSHOT.jar:/home/runner/.m2/repository/org/apache/ozone/ozone-reconcodegen/1.4.0-SNAPSHOT/ozone-reconcodegen-1.4.0-SNAPSHOT.jar:/home/runner/.m2/repository/com/google/inject/extensions/guice-multibindings/4.0/guice-multibindings-4.0.jar:/home/runner/.m2/repository/com/google/inject/guice/4.0/guice-4.0.jar:/home/runner/.m2/repository/aopalliance/aopalliance/1.0/aopalliance-1.0.jar:/home/runner/.m2/repository/com/google/inject/extensions/guice-assistedinject/4.0/guice-assistedinject-4.0.jar:/home/runner/.m2/repository/com/google/inject/extensions/guice-servlet/4.0/guice-servlet-4.0.jar:/home/runner/.m2/repository/org/glassfish/jersey/containers/jersey-container-servlet/2.34/jersey-container-servlet-2.34.jar:/home/runner/.m2/repository/org/glassfish/hk2/guice-bridge/2.5.0/guice-bridge-2.5.0.jar:/home/runner/.m2/repository/org/glassfish/jersey/core/jersey-server/2.34/jersey-server-2.34.jar:/home/runner/.m2/repository/org/glassfish/jersey/core/jersey-client/2.34/jersey-client-2.34.jar:/home/runner/.m2/repository/jakarta/annotation/jakarta.annotation-api/1.3.5/jakarta.annotation-api-1.3.5.jar:/home/runner/.m2/repository/jakarta/validation/jakarta.validation-api/2.0.2/jakarta.validation-api-2.0.2.jar:/home/runner/.m2/repository/org/glassfish/jersey/media/jersey-media-json-jackson/2.34/jersey-media-json-jackson-2.34.jar:/home/runner/.m2/repository/org/glassfish/jersey/ext/jersey-entity-filtering/2.34/jersey-entity-filtering-2.34.jar:/home/runner/.m2/repository/org/jooq/jooq/3.11.10/jooq-3.11.10.jar:/home/runner/.m2/repository/org/jooq/jooq-meta/3.11.10/jooq-meta-3.11.10.jar:/home/runner/.m2/repository/org/jooq/jooq-codegen/3.11.10/jooq-codegen-3.11.10.jar:/home/runner/.m2/repository/com/jolbox/bonecp/0.8.0.RELEASE/bonecp-0.8.0.RELEASE.jar:/home/runner/.m2/repository/org/apache/derby/derby/10.14.2.0/derby-10.14.2.0.jar:/home/runner/.m2/repository/org/xerial/sqlite-jdbc/3.25.2/sqlite-jdbc-3.25.2.jar:/home/runner/.m2/repository/org/springframework/spring-jdbc/5.3.23/spring-jdbc-5.3.23.jar:/home/runner/.m2/repository/org/springframework/spring-beans/5.3.23/spring-beans-5.3.23.jar:/home/runner/.m2/repository/org/springframework/spring-core/5.3.23/spring-core-5.3.23.jar:/home/runner/.m2/repository/org/springframework/spring-jcl/5.3.23/spring-jcl-5.3.23.jar:/home/runner/.m2/repository/org/springframework/spring-tx/5.3.23/spring-tx-5.3.23.jar:/home/runner/.m2/repository/org/apache/ozone/ozone-client/1.4.0-SNAPSHOT/ozone-client-1.4.0-SNAPSHOT.jar:/home/runner/.m2/repository/org/apache/ozone/hdds-erasurecode/1.4.0-SNAPSHOT/hdds-erasurecode-1.4.0-SNAPSHOT.jar:/home/runner/.m2/repository/org/apache/ozone/ozone-filesystem/1.4.0-SNAPSHOT/ozone-filesystem-1.4.0-SNAPSHOT.jar:/home/runner/.m2/repository/org/apache/ozone/ozone-filesystem-common/1.4.0-SNAPSHOT/ozone-filesystem-common-1.4.0-SNAPSHOT.jar:/home/runner/.m2/repository/org/apache/ozone/ozone-tools/1.4.0-SNAPSHOT/ozone-tools-1.4.0-SNAPSHOT.jar:/home/runner/.m2/repository/com/amazonaws/aws-java-sdk-core/1.12.261/aws-java-sdk-core-1.12.261.jar:/home/runner/.m2/repository/org/apache/httpcomponents/httpclient/4.5.13/httpclient-4.5.13.jar:/home/runner/.m2/repository/org/apache/httpcomponents/httpcore/4.4.13/httpcore-4.4.13.jar:/home/runner/.m2/repository/software/amazon/ion/ion-java/1.0.2/ion-java-1.0.2.jar:/home/runner/.m2/repository/com/fasterxml/jackson/dataformat/jackson-dataformat-cbor/2.13.4/jackson-dataformat-cbor-2.13.4.jar:/home/runner/.m2/repository/joda-time/joda-time/2.10.6/joda-time-2.10.6.jar:/home/runner/.m2/repository/com/amazonaws/aws-java-sdk-s3/1.12.261/aws-java-sdk-s3-1.12.261.jar:/home/runner/.m2/repository/com/amazonaws/aws-java-sdk-kms/1.12.261/aws-java-sdk-kms-1.12.261.jar:/home/runner/.m2/repository/com/amazonaws/jmespath-java/1.12.261/jmespath-java-1.12.261.jar:/home/runner/.m2/repository/org/kohsuke/metainf-services/metainf-services/1.8/metainf-services-1.8.jar:/home/runner/.m2/repository/org/apache/ozone/hdds-tools/1.4.0-SNAPSHOT/hdds-tools-1.4.0-SNAPSHOT.jar:/home/runner/.m2/repository/org/apache/ratis/ratis-tools/2.4.2-8b8bdda-SNAPSHOT/ratis-tools-2.4.2-8b8bdda-SNAPSHOT.jar:/home/runner/.m2/repository/org/apache/ratis/ratis-proto/2.4.2-8b8bdda-SNAPSHOT/ratis-proto-2.4.2-8b8bdda-SNAPSHOT.jar:/home/runner/.m2/repository/org/apache/ratis/ratis-common/2.4.2-8b8bdda-SNAPSHOT/ratis-common-2.4.2-8b8bdda-SNAPSHOT.jar:/home/runner/.m2/repository/commons-cli/commons-cli/1.2/commons-cli-1.2.jar:/home/runner/.m2/repository/org/apache/commons/commons-lang3/3.7/commons-lang3-3.7.jar:/home/runner/.m2/repository/org/apache/ozone/ozone-manager/1.4.0-SNAPSHOT/ozone-manager-1.4.0-SNAPSHOT-tests.jar:/home/runner/.m2/repository/org/apache/ozone/hdds-common/1.4.0-SNAPSHOT/hdds-common-1.4.0-SNAPSHOT-tests.jar:/home/runner/.m2/repository/org/apache/ozone/hdds-hadoop-dependency-client/1.4.0-SNAPSHOT/hdds-hadoop-dependency-client-1.4.0-SNAPSHOT.jar:/home/runner/.m2/repository/info/picocli/picocli/4.6.1/picocli-4.6.1.jar:/home/runner/.m2/repository/com/fasterxml/jackson/core/jackson-annotations/2.13.4/jackson-annotations-2.13.4.jar:/home/runner/.m2/repository/com/fasterxml/jackson/datatype/jackson-datatype-jsr310/2.13.4/jackson-datatype-jsr310-2.13.4.jar:/home/runner/.m2/repository/org/apache/ozone/hdds-annotation-processing/1.4.0-SNAPSHOT/hdds-annotation-processing-1.4.0-SNAPSHOT.jar:/home/runner/.m2/repository/javax/annotation/javax.annotation-api/1.2/javax.annotation-api-1.2.jar:/home/runner/.m2/repository/org/apache/ratis/ratis-server/2.4.2-8b8bdda-SNAPSHOT/ratis-server-2.4.2-8b8bdda-SNAPSHOT.jar:/home/runner/.m2/repository/org/apache/ratis/ratis-client/2.4.2-8b8bdda-SNAPSHOT/ratis-client-2.4.2-8b8bdda-SNAPSHOT.jar:/home/runner/.m2/repository/org/apache/ratis/ratis-server-api/2.4.2-8b8bdda-SNAPSHOT/ratis-server-api-2.4.2-8b8bdda-SNAPSHOT.jar:/home/runner/.m2/repository/org/apache/ratis/ratis-metrics/2.4.2-8b8bdda-SNAPSHOT/ratis-metrics-2.4.2-8b8bdda-SNAPSHOT.jar:/home/runner/.m2/repository/org/apache/ratis/ratis-netty/2.4.2-8b8bdda-SNAPSHOT/ratis-netty-2.4.2-8b8bdda-SNAPSHOT.jar:/home/runner/.m2/repository/org/apache/ratis/ratis-grpc/2.4.2-8b8bdda-SNAPSHOT/ratis-grpc-2.4.2-8b8bdda-SNAPSHOT.jar:/home/runner/.m2/repository/org/apache/logging/log4j/log4j-api/2.17.1/log4j-api-2.17.1.jar:/home/runner/.m2/repository/org/apache/commons/commons-pool2/2.6.0/commons-pool2-2.6.0.jar:/home/runner/.m2/repository/org/bouncycastle/bcpkix-jdk15on/1.67/bcpkix-jdk15on-1.67.jar:/home/runner/.m2/repository/commons-validator/commons-validator/1.6/commons-validator-1.6.jar:/home/runner/.m2/repository/commons-beanutils/commons-beanutils/1.9.4/commons-beanutils-1.9.4.jar:/home/runner/.m2/repository/commons-digester/commons-digester/1.8.1/commons-digester-1.8.1.jar:/home/runner/.m2/repository/commons-collections/commons-collections/3.2.2/commons-collections-3.2.2.jar:/home/runner/.m2/repository/io/jaegertracing/jaeger-client/1.6.0/jaeger-client-1.6.0.jar:/home/runner/.m2/repository/io/jaegertracing/jaeger-thrift/1.6.0/jaeger-thrift-1.6.0.jar:/home/runner/.m2/repository/org/apache/thrift/libthrift/0.14.1/libthrift-0.14.1.jar:/home/runner/.m2/repository/io/jaegertracing/jaeger-core/1.6.0/jaeger-core-1.6.0.jar:/home/runner/.m2/repository/io/jaegertracing/jaeger-tracerresolver/1.6.0/jaeger-tracerresolver-1.6.0.jar:/home/runner/.m2/repository/io/opentracing/contrib/opentracing-tracerresolver/0.1.8/opentracing-tracerresolver-0.1.8.jar:/home/runner/.m2/repository/org/jetbrains/kotlin/kotlin-stdlib/1.6.21/kotlin-stdlib-1.6.21.jar:/home/runner/.m2/repository/org/jetbrains/annotations/13.0/annotations-13.0.jar:/home/runner/.m2/repository/io/opentracing/opentracing-util/0.33.0/opentracing-util-0.33.0.jar:/home/runner/.m2/repository/io/opentracing/opentracing-api/0.33.0/opentracing-api-0.33.0.jar:/home/runner/.m2/repository/io/opentracing/opentracing-noop/0.33.0/opentracing-noop-0.33.0.jar:/home/runner/.m2/repository/org/yaml/snakeyaml/1.33/snakeyaml-1.33.jar:/home/runner/.m2/repository/org/apache/ozone/hdds-interface-admin/1.4.0-SNAPSHOT/hdds-interface-admin-1.4.0-SNAPSHOT.jar:/home/runner/.m2/repository/junit/junit/4.13.1/junit-4.13.1.jar:/home/runner/.m2/repository/org/hamcrest/hamcrest-core/1.3/hamcrest-core-1.3.jar:/home/runner/.m2/repository/org/junit/jupiter/junit-jupiter-api/5.8.2/junit-jupiter-api-5.8.2.jar:/home/runner/.m2/repository/org/opentest4j/opentest4j/1.2.0/opentest4j-1.2.0.jar:/home/runner/.m2/repository/org/junit/platform/junit-platform-commons/1.8.2/junit-platform-commons-1.8.2.jar:/home/runner/.m2/repository/org/apiguardian/apiguardian-api/1.1.2/apiguardian-api-1.1.2.jar:/home/runner/.m2/repository/org/junit/jupiter/junit-jupiter-params/5.8.2/junit-jupiter-params-5.8.2.jar:/home/runner/.m2/repository/org/junit/jupiter/junit-jupiter-migrationsupport/5.8.2/junit-jupiter-migrationsupport-5.8.2.jar:/home/runner/.m2/repository/org/junit/jupiter/junit-jupiter-engine/5.8.2/junit-jupiter-engine-5.8.2.jar:/home/runner/.m2/repository/org/junit/platform/junit-platform-engine/1.8.2/junit-platform-engine-1.8.2.jar:/home/runner/.m2/repository/org/junit/vintage/junit-vintage-engine/5.8.2/junit-vintage-engine-5.8.2.jar:/home/runner/.m2/repository/org/junit/platform/junit-platform-launcher/1.8.2/junit-platform-launcher-1.8.2.jar:/home/runner/.m2/repository/org/mockito/mockito-core/2.28.2/mockito-core-2.28.2.jar:/home/runner/.m2/repository/net/bytebuddy/byte-buddy/1.9.10/byte-buddy-1.9.10.jar:/home/runner/.m2/repository/net/bytebuddy/byte-buddy-agent/1.9.10/byte-buddy-agent-1.9.10.jar:/home/runner/.m2/repository/org/objenesis/objenesis/1.0/objenesis-1.0.jar:/home/runner/.m2/repository/org/apache/hadoop/hadoop-kms/3.3.4/hadoop-kms-3.3.4.jar:/home/runner/.m2/repository/org/apache/hadoop/hadoop-auth/3.3.4/hadoop-auth-3.3.4.jar:/home/runner/.m2/repository/com/nimbusds/nimbus-jose-jwt/9.8.1/nimbus-jose-jwt-9.8.1.jar:/home/runner/.m2/repository/com/github/stephenc/jcip/jcip-annotations/1.0-1/jcip-annotations-1.0-1.jar:/home/runner/.m2/repository/net/minidev/json-smart/2.4.7/json-smart-2.4.7.jar:/home/runner/.m2/repository/net/minidev/accessors-smart/2.4.7/accessors-smart-2.4.7.jar:/home/runner/.m2/repository/org/ow2/asm/asm/5.0.4/asm-5.0.4.jar:/home/runner/.m2/repository/org/apache/zookeeper/zookeeper/3.5.6/zookeeper-3.5.6.jar:/home/runner/.m2/repository/org/apache/zookeeper/zookeeper-jute/3.5.6/zookeeper-jute-3.5.6.jar:/home/runner/.m2/repository/org/apache/yetus/audience-annotations/0.5.0/audience-annotations-0.5.0.jar:/home/runner/.m2/repository/org/apache/curator/curator-framework/4.2.0/curator-framework-4.2.0.jar:/home/runner/.m2/repository/org/apache/hadoop/thirdparty/hadoop-shaded-guava/1.1.1/hadoop-shaded-guava-1.1.1.jar:/home/runner/.m2/repository/com/sun/jersey/jersey-core/1.19/jersey-core-1.19.jar:/home/runner/.m2/repository/javax/ws/rs/jsr311-api/1.1.1/jsr311-api-1.1.1.jar:/home/runner/.m2/repository/com/sun/jersey/jersey-server/1.19/jersey-server-1.19.jar:/home/runner/.m2/repository/javax/servlet/javax.servlet-api/3.1.0/javax.servlet-api-3.1.0.jar:/home/runner/.m2/repository/org/eclipse/jetty/jetty-server/9.4.49.v20220914/jetty-server-9.4.49.v20220914.jar:/home/runner/.m2/repository/org/eclipse/jetty/jetty-http/9.4.49.v20220914/jetty-http-9.4.49.v20220914.jar:/home/runner/.m2/repository/org/eclipse/jetty/jetty-io/9.4.49.v20220914/jetty-io-9.4.49.v20220914.jar:/home/runner/.m2/repository/org/eclipse/jetty/jetty-webapp/9.4.49.v20220914/jetty-webapp-9.4.49.v20220914.jar:/home/runner/.m2/repository/org/eclipse/jetty/jetty-xml/9.4.49.v20220914/jetty-xml-9.4.49.v20220914.jar:/home/runner/.m2/repository/org/apache/hadoop/hadoop-common/3.3.4/hadoop-common-3.3.4.jar:/home/runner/.m2/repository/org/apache/commons/commons-math3/3.1.1/commons-math3-3.1.1.jar:/home/runner/.m2/repository/commons-net/commons-net/3.9.0/commons-net-3.9.0.jar:/home/runner/.m2/repository/com/sun/jersey/jersey-servlet/1.19/jersey-servlet-1.19.jar:/home/runner/.m2/repository/com/sun/jersey/jersey-json/1.19/jersey-json-1.19.jar:/home/runner/.m2/repository/org/codehaus/jettison/jettison/1.1/jettison-1.1.jar:/home/runner/.m2/repository/com/sun/xml/bind/jaxb-impl/2.2.3-1/jaxb-impl-2.2.3-1.jar:/home/runner/.m2/repository/org/codehaus/jackson/jackson-jaxrs/1.9.2/jackson-jaxrs-1.9.2.jar:/home/runner/.m2/repository/org/codehaus/jackson/jackson-xc/1.9.2/jackson-xc-1.9.2.jar:/home/runner/.m2/repository/com/google/re2j/re2j/1.1/re2j-1.1.jar:/home/runner/.m2/repository/com/jcraft/jsch/0.1.54/jsch-0.1.54.jar:/home/runner/.m2/repository/org/apache/curator/curator-client/4.2.0/curator-client-4.2.0.jar:/home/runner/.m2/repository/org/apache/curator/curator-recipes/4.2.0/curator-recipes-4.2.0.jar:/home/runner/.m2/repository/org/apache/kerby/kerb-core/1.0.1/kerb-core-1.0.1.jar:/home/runner/.m2/repository/org/apache/kerby/kerby-pkix/1.0.1/kerby-pkix-1.0.1.jar:/home/runner/.m2/repository/org/apache/kerby/kerby-asn1/1.0.1/kerby-asn1-1.0.1.jar:/home/runner/.m2/repository/org/apache/kerby/kerby-util/1.0.1/kerby-util-1.0.1.jar:/home/runner/.m2/repository/dnsjava/dnsjava/2.1.7/dnsjava-2.1.7.jar:/home/runner/.m2/repository/org/xerial/snappy/snappy-java/1.1.8.2/snappy-java-1.1.8.2.jar:/home/runner/.m2/repository/org/eclipse/jetty/jetty-util/9.4.49.v20220914/jetty-util-9.4.49.v20220914.jar:/home/runner/.m2/repository/com/fasterxml/jackson/core/jackson-databind/2.13.4.2/jackson-databind-2.13.4.2.jar:/home/runner/.m2/repository/org/apache/hadoop/hadoop-kms/3.3.4/hadoop-kms-3.3.4-tests.jar:/home/runner/.m2/repository/org/apache/ozone/hdds-server-scm/1.4.0-SNAPSHOT/hdds-server-scm-1.4.0-SNAPSHOT-tests.jar:/home/runner/.m2/repository/org/apache/ozone/hdds-container-service/1.4.0-SNAPSHOT/hdds-container-service-1.4.0-SNAPSHOT-tests.jar:/home/runner/.m2/repository/com/github/luben/zstd-jni/1.5.2-5/zstd-jni-1.5.2-5.jar:/home/runner/.m2/repository/commons-codec/commons-codec/1.15/commons-codec-1.15.jar:/home/runner/.m2/repository/io/netty/netty-codec/4.1.86.Final/netty-codec-4.1.86.Final.jar:/home/runner/.m2/repository/io/netty/netty-handler/4.1.86.Final/netty-handler-4.1.86.Final.jar:/home/runner/.m2/repository/org/apache/ozone/hdds-hadoop-dependency-test/1.4.0-SNAPSHOT/hdds-hadoop-dependency-test-1.4.0-SNAPSHOT.jar:/home/runner/.m2/repository/org/apache/hadoop/hadoop-common/3.3.4/hadoop-common-3.3.4-tests.jar:/home/runner/.m2/repository/org/apache/hadoop/hadoop-hdfs/3.3.4/hadoop-hdfs-3.3.4-tests.jar:/home/runner/.m2/repository/org/assertj/assertj-core/3.12.2/assertj-core-3.12.2.jar:/home/runner/.m2/repository/org/apache/hadoop/hadoop-distcp/3.3.4/hadoop-distcp-3.3.4.jar:/home/runner/.m2/repository/org/apache/hadoop/hadoop-mapreduce-client-jobclient/3.3.4/hadoop-mapreduce-client-jobclient-3.3.4.jar:/home/runner/.m2/repository/org/apache/hadoop/hadoop-mapreduce-client-common/3.3.4/hadoop-mapreduce-client-common-3.3.4.jar:/home/runner/.m2/repository/org/apache/hadoop/hadoop-yarn-common/3.3.4/hadoop-yarn-common-3.3.4.jar:/home/runner/.m2/repository/org/apache/hadoop/hadoop-yarn-api/3.3.4/hadoop-yarn-api-3.3.4.jar:/home/runner/.m2/repository/com/sun/jersey/contribs/jersey-guice/1.19/jersey-guice-1.19.jar:/home/runner/.m2/repository/com/fasterxml/jackson/jaxrs/jackson-jaxrs-json-provider/2.13.4/jackson-jaxrs-json-provider-2.13.4.jar:/home/runner/.m2/repository/com/fasterxml/jackson/jaxrs/jackson-jaxrs-base/2.13.4/jackson-jaxrs-base-2.13.4.jar:/home/runner/.m2/repository/org/apache/hadoop/hadoop-yarn-client/3.3.4/hadoop-yarn-client-3.3.4.jar:/home/runner/.m2/repository/org/eclipse/jetty/websocket/websocket-client/9.4.43.v20210629/websocket-client-9.4.43.v20210629.jar:/home/runner/.m2/repository/org/eclipse/jetty/websocket/websocket-common/9.4.43.v20210629/websocket-common-9.4.43.v20210629.jar:/home/runner/.m2/repository/org/eclipse/jetty/websocket/websocket-api/9.4.43.v20210629/websocket-api-9.4.43.v20210629.jar:/home/runner/.m2/repository/org/jline/jline/3.9.0/jline-3.9.0.jar:/home/runner/.m2/repository/org/apache/hadoop/hadoop-mapreduce-client-core/3.3.4/hadoop-mapreduce-client-core-3.3.4.jar:/home/runner/.m2/repository/org/apache/avro/avro/1.7.7/avro-1.7.7.jar:/home/runner/.m2/repository/org/codehaus/jackson/jackson-core-asl/1.9.13/jackson-core-asl-1.9.13.jar:/home/runner/.m2/repository/org/codehaus/jackson/jackson-mapper-asl/1.9.13/jackson-mapper-asl-1.9.13.jar:/home/runner/.m2/repository/com/thoughtworks/paranamer/paranamer/2.3/paranamer-2.3.jar:/home/runner/.m2/repository/org/apache/hadoop/hadoop-annotations/3.3.4/hadoop-annotations-3.3.4.jar:/usr/lib/jvm/temurin-8-jdk-amd64/jre/../lib/tools.jar:/home/runner/.m2/repository/io/netty/netty/3.10.6.Final/netty-3.10.6.Final.jar:/home/runner/.m2/repository/org/apache/hadoop/hadoop-distcp/3.3.4/hadoop-distcp-3.3.4-tests.jar:/home/runner/.m2/repository/org/slf4j/jul-to-slf4j/1.7.36/jul-to-slf4j-1.7.36.jar:"/>
    <property name="java.vm.vendor" value="Temurin"/>
    <property name="sun.arch.data.model" value="64"/>
    <property name="test.build.dir" value="/home/runner/work/ozone/ozone/hadoop-ozone/integration-test/target/test-dir"/>
    <property name="test.cache.data" value=""/>
    <property name="java.vendor.url" value="https://adoptium.net/"/>
    <property name="user.timezone" value="Etc/UTC"/>
    <property name="java.vm.specification.version" value="1.8"/>
    <property name="os.name" value="Linux"/>
    <property name="test.build.data" value="/home/runner/work/ozone/ozone/hadoop-ozone/integration-test/target/test-dir"/>
    <property name="sun.java.launcher" value="SUN_STANDARD"/>
    <property name="sun.boot.library.path" value="/usr/lib/jvm/temurin-8-jdk-amd64/jre/lib/amd64"/>
    <property name="sun.java.command" value="/home/runner/work/ozone/ozone/hadoop-ozone/integration-test/target/surefire/surefirebooter7441351681812224928.jar /home/runner/work/ozone/ozone/hadoop-ozone/integration-test/target/surefire 2023-02-24T20-02-50_887-jvmRun1 surefire7513988827095068442tmp surefire_36656365460782903680tmp"/>
    <property name="surefire.test.class.path" value="/home/runner/work/ozone/ozone/hadoop-ozone/integration-test/target/test-classes:/home/runner/work/ozone/ozone/hadoop-ozone/integration-test/target/classes:/home/runner/.m2/repository/org/apache/ozone/ozone-common/1.4.0-SNAPSHOT/ozone-common-1.4.0-SNAPSHOT.jar:/home/runner/.m2/repository/io/grpc/grpc-netty/1.51.1/grpc-netty-1.51.1.jar:/home/runner/.m2/repository/io/grpc/grpc-core/1.51.1/grpc-core-1.51.1.jar:/home/runner/.m2/repository/com/google/android/annotations/4.1.1.4/annotations-4.1.1.4.jar:/home/runner/.m2/repository/org/codehaus/mojo/animal-sniffer-annotations/1.21/animal-sniffer-annotations-1.21.jar:/home/runner/.m2/repository/com/google/errorprone/error_prone_annotations/2.2.0/error_prone_annotations-2.2.0.jar:/home/runner/.m2/repository/io/perfmark/perfmark-api/0.25.0/perfmark-api-0.25.0.jar:/home/runner/.m2/repository/io/netty/netty-codec-http2/4.1.86.Final/netty-codec-http2-4.1.86.Final.jar:/home/runner/.m2/repository/io/netty/netty-common/4.1.86.Final/netty-common-4.1.86.Final.jar:/home/runner/.m2/repository/io/netty/netty-buffer/4.1.86.Final/netty-buffer-4.1.86.Final.jar:/home/runner/.m2/repository/io/netty/netty-codec-http/4.1.86.Final/netty-codec-http-4.1.86.Final.jar:/home/runner/.m2/repository/io/netty/netty-handler-proxy/4.1.86.Final/netty-handler-proxy-4.1.86.Final.jar:/home/runner/.m2/repository/io/netty/netty-codec-socks/4.1.86.Final/netty-codec-socks-4.1.86.Final.jar:/home/runner/.m2/repository/io/netty/netty-tcnative-boringssl-static/2.0.54.Final/netty-tcnative-boringssl-static-2.0.54.Final.jar:/home/runner/.m2/repository/io/netty/netty-tcnative-classes/2.0.54.Final/netty-tcnative-classes-2.0.54.Final.jar:/home/runner/.m2/repository/io/netty/netty-tcnative-boringssl-static/2.0.54.Final/netty-tcnative-boringssl-static-2.0.54.Final-linux-x86_64.jar:/home/runner/.m2/repository/io/netty/netty-tcnative-boringssl-static/2.0.54.Final/netty-tcnative-boringssl-static-2.0.54.Final-linux-aarch_64.jar:/home/runner/.m2/repository/io/netty/netty-tcnative-boringssl-static/2.0.54.Final/netty-tcnative-boringssl-static-2.0.54.Final-osx-x86_64.jar:/home/runner/.m2/repository/io/netty/netty-tcnative-boringssl-static/2.0.54.Final/netty-tcnative-boringssl-static-2.0.54.Final-osx-aarch_64.jar:/home/runner/.m2/repository/io/netty/netty-tcnative-boringssl-static/2.0.54.Final/netty-tcnative-boringssl-static-2.0.54.Final-windows-x86_64.jar:/home/runner/.m2/repository/org/apache/commons/commons-compress/1.21/commons-compress-1.21.jar:/home/runner/.m2/repository/org/apache/ozone/hdds-common/1.4.0-SNAPSHOT/hdds-common-1.4.0-SNAPSHOT.jar:/home/runner/.m2/repository/org/apache/ozone/hdds-client/1.4.0-SNAPSHOT/hdds-client-1.4.0-SNAPSHOT.jar:/home/runner/.m2/repository/org/apache/ozone/ozone-interface-client/1.4.0-SNAPSHOT/ozone-interface-client-1.4.0-SNAPSHOT.jar:/home/runner/.m2/repository/org/apache/ozone/hdds-test-utils/1.4.0-SNAPSHOT/hdds-test-utils-1.4.0-SNAPSHOT.jar:/home/runner/.m2/repository/com/google/guava/guava/31.1-jre/guava-31.1-jre.jar:/home/runner/.m2/repository/com/google/guava/failureaccess/1.0.1/failureaccess-1.0.1.jar:/home/runner/.m2/repository/com/google/guava/listenablefuture/9999.0-empty-to-avoid-conflict-with-guava/listenablefuture-9999.0-empty-to-avoid-conflict-with-guava.jar:/home/runner/.m2/repository/com/google/code/findbugs/jsr305/3.0.0/jsr305-3.0.0.jar:/home/runner/.m2/repository/org/checkerframework/checker-qual/3.12.0/checker-qual-3.12.0.jar:/home/runner/.m2/repository/com/google/j2objc/j2objc-annotations/1.3/j2objc-annotations-1.3.jar:/home/runner/.m2/repository/commons-io/commons-io/2.11.0/commons-io-2.11.0.jar:/home/runner/.m2/repository/commons-logging/commons-logging/1.2/commons-logging-1.2.jar:/home/runner/.m2/repository/ch/qos/reload4j/reload4j/1.2.22/reload4j-1.2.22.jar:/home/runner/.m2/repository/org/slf4j/slf4j-api/1.7.36/slf4j-api-1.7.36.jar:/home/runner/.m2/repository/org/apache/ozone/hdds-server-scm/1.4.0-SNAPSHOT/hdds-server-scm-1.4.0-SNAPSHOT.jar:/home/runner/.m2/repository/org/apache/ozone/hdds-container-service/1.4.0-SNAPSHOT/hdds-container-service-1.4.0-SNAPSHOT.jar:/home/runner/.m2/repository/org/apache/ozone/hdds-hadoop-dependency-server/1.4.0-SNAPSHOT/hdds-hadoop-dependency-server-1.4.0-SNAPSHOT.jar:/home/runner/.m2/repository/org/apache/hadoop/hadoop-hdfs/3.3.4/hadoop-hdfs-3.3.4.jar:/home/runner/.m2/repository/org/eclipse/jetty/jetty-util-ajax/9.4.49.v20220914/jetty-util-ajax-9.4.49.v20220914.jar:/home/runner/.m2/repository/commons-daemon/commons-daemon/1.0.13/commons-daemon-1.0.13.jar:/home/runner/.m2/repository/org/apache/ozone/hdds-server-framework/1.4.0-SNAPSHOT/hdds-server-framework-1.4.0-SNAPSHOT.jar:/home/runner/.m2/repository/org/apache/ozone/hdds-interface-server/1.4.0-SNAPSHOT/hdds-interface-server-1.4.0-SNAPSHOT.jar:/home/runner/.m2/repository/org/apache/commons/commons-configuration2/2.1.1/commons-configuration2-2.1.1.jar:/home/runner/.m2/repository/org/apache/logging/log4j/log4j-core/2.17.1/log4j-core-2.17.1.jar:/home/runner/.m2/repository/com/lmax/disruptor/3.4.2/disruptor-3.4.2.jar:/home/runner/.m2/repository/org/eclipse/jetty/jetty-servlet/9.4.49.v20220914/jetty-servlet-9.4.49.v20220914.jar:/home/runner/.m2/repository/org/eclipse/jetty/jetty-security/9.4.49.v20220914/jetty-security-9.4.49.v20220914.jar:/home/runner/.m2/repository/org/rocksdb/rocksdbjni/7.7.3/rocksdbjni-7.7.3.jar:/home/runner/.m2/repository/io/prometheus/simpleclient_dropwizard/0.7.0/simpleclient_dropwizard-0.7.0.jar:/home/runner/.m2/repository/io/prometheus/simpleclient/0.7.0/simpleclient-0.7.0.jar:/home/runner/.m2/repository/io/prometheus/simpleclient_common/0.7.0/simpleclient_common-0.7.0.jar:/home/runner/.m2/repository/com/github/spotbugs/spotbugs-annotations/3.1.12/spotbugs-annotations-3.1.12.jar:/home/runner/.m2/repository/org/awaitility/awaitility/4.2.0/awaitility-4.2.0.jar:/home/runner/.m2/repository/org/hamcrest/hamcrest/2.1/hamcrest-2.1.jar:/home/runner/.m2/repository/io/dropwizard/metrics/metrics-core/3.2.4/metrics-core-3.2.4.jar:/home/runner/.m2/repository/org/apache/commons/commons-text/1.4/commons-text-1.4.jar:/home/runner/.m2/repository/org/apache/hadoop/hadoop-hdfs-client/3.3.4/hadoop-hdfs-client-3.3.4.jar:/home/runner/.m2/repository/com/squareup/okhttp3/okhttp/4.9.3/okhttp-4.9.3.jar:/home/runner/.m2/repository/com/squareup/okio/okio/2.8.0/okio-2.8.0.jar:/home/runner/.m2/repository/org/jetbrains/kotlin/kotlin-stdlib-common/1.6.21/kotlin-stdlib-common-1.6.21.jar:/home/runner/.m2/repository/org/bouncycastle/bcprov-jdk15on/1.67/bcprov-jdk15on-1.67.jar:/home/runner/.m2/repository/com/google/protobuf/protobuf-java/2.5.0/protobuf-java-2.5.0.jar:/home/runner/.m2/repository/org/apache/ozone/ozone-manager/1.4.0-SNAPSHOT/ozone-manager-1.4.0-SNAPSHOT.jar:/home/runner/.m2/repository/org/aspectj/aspectjrt/1.9.7/aspectjrt-1.9.7.jar:/home/runner/.m2/repository/org/aspectj/aspectjweaver/1.9.7/aspectjweaver-1.9.7.jar:/home/runner/.m2/repository/org/apache/ozone/hdds-interface-client/1.4.0-SNAPSHOT/hdds-interface-client-1.4.0-SNAPSHOT.jar:/home/runner/.m2/repository/org/apache/hadoop/thirdparty/hadoop-shaded-protobuf_3_7/1.1.1/hadoop-shaded-protobuf_3_7-1.1.1.jar:/home/runner/.m2/repository/org/apache/ratis/ratis-thirdparty-misc/1.0.3/ratis-thirdparty-misc-1.0.3.jar:/home/runner/.m2/repository/org/apache/ozone/ozone-interface-storage/1.4.0-SNAPSHOT/ozone-interface-storage-1.4.0-SNAPSHOT.jar:/home/runner/.m2/repository/org/apache/ozone/rocksdb-checkpoint-differ/1.4.0-SNAPSHOT/rocksdb-checkpoint-differ-1.4.0-SNAPSHOT.jar:/home/runner/.m2/repository/org/reflections/reflections/0.9.11/reflections-0.9.11.jar:/home/runner/.m2/repository/com/sun/jersey/jersey-client/1.19/jersey-client-1.19.jar:/home/runner/.m2/repository/org/apache/ranger/ranger-intg/2.3.0/ranger-intg-2.3.0.jar:/home/runner/.m2/repository/org/apache/ranger/ranger-plugins-common/2.3.0/ranger-plugins-common-2.3.0.jar:/home/runner/.m2/repository/commons-lang/commons-lang/2.6/commons-lang-2.6.jar:/home/runner/.m2/repository/org/apache/ranger/ranger-plugins-cred/2.3.0/ranger-plugins-cred-2.3.0.jar:/home/runner/.m2/repository/org/apache/ranger/ranger-plugins-audit/2.3.0/ranger-plugins-audit-2.3.0.jar:/home/runner/.m2/repository/org/eclipse/jetty/jetty-client/9.4.49.v20220914/jetty-client-9.4.49.v20220914.jar:/home/runner/.m2/repository/org/apache/httpcomponents/httpmime/4.5.6/httpmime-4.5.6.jar:/home/runner/.m2/repository/org/apache/httpcomponents/httpcore-nio/4.4.13/httpcore-nio-4.4.13.jar:/home/runner/.m2/repository/org/apache/httpcomponents/httpasyncclient/4.1.3/httpasyncclient-4.1.3.jar:/home/runner/.m2/repository/com/carrotsearch/hppc/0.8.0/hppc-0.8.0.jar:/home/runner/.m2/repository/org/apache/orc/orc-core/1.5.8/orc-core-1.5.8.jar:/home/runner/.m2/repository/net/java/dev/jna/jna/5.2.0/jna-5.2.0.jar:/home/runner/.m2/repository/net/java/dev/jna/jna-platform/5.2.0/jna-platform-5.2.0.jar:/home/runner/.m2/repository/com/kstruct/gethostname4j/0.0.2/gethostname4j-0.0.2.jar:/home/runner/.m2/repository/org/apache/ranger/ranger-plugin-classloader/2.3.0/ranger-plugin-classloader-2.3.0.jar:/home/runner/.m2/repository/org/apache/hadoop/hadoop-minikdc/3.3.4/hadoop-minikdc-3.3.4.jar:/home/runner/.m2/repository/org/apache/kerby/kerb-simplekdc/1.0.1/kerb-simplekdc-1.0.1.jar:/home/runner/.m2/repository/org/apache/kerby/kerb-client/1.0.1/kerb-client-1.0.1.jar:/home/runner/.m2/repository/org/apache/kerby/kerby-config/1.0.1/kerby-config-1.0.1.jar:/home/runner/.m2/repository/org/apache/kerby/kerb-common/1.0.1/kerb-common-1.0.1.jar:/home/runner/.m2/repository/org/apache/kerby/kerb-crypto/1.0.1/kerb-crypto-1.0.1.jar:/home/runner/.m2/repository/org/apache/kerby/kerb-util/1.0.1/kerb-util-1.0.1.jar:/home/runner/.m2/repository/org/apache/kerby/token-provider/1.0.1/token-provider-1.0.1.jar:/home/runner/.m2/repository/org/apache/kerby/kerb-admin/1.0.1/kerb-admin-1.0.1.jar:/home/runner/.m2/repository/org/apache/kerby/kerb-server/1.0.1/kerb-server-1.0.1.jar:/home/runner/.m2/repository/org/apache/kerby/kerb-identity/1.0.1/kerb-identity-1.0.1.jar:/home/runner/.m2/repository/org/apache/kerby/kerby-xdr/1.0.1/kerby-xdr-1.0.1.jar:/home/runner/.m2/repository/org/apache/ozone/ozone-s3gateway/1.4.0-SNAPSHOT/ozone-s3gateway-1.4.0-SNAPSHOT.jar:/home/runner/.m2/repository/org/javassist/javassist/3.21.0-GA/javassist-3.21.0-GA.jar:/home/runner/.m2/repository/org/jboss/weld/servlet/weld-servlet-shaded/3.1.9.Final/weld-servlet-shaded-3.1.9.Final.jar:/home/runner/.m2/repository/org/glassfish/jersey/containers/jersey-container-servlet-core/2.34/jersey-container-servlet-core-2.34.jar:/home/runner/.m2/repository/org/glassfish/hk2/external/jakarta.inject/2.6.1/jakarta.inject-2.6.1.jar:/home/runner/.m2/repository/org/glassfish/jersey/core/jersey-common/2.34/jersey-common-2.34.jar:/home/runner/.m2/repository/jakarta/ws/rs/jakarta.ws.rs-api/2.1.6/jakarta.ws.rs-api-2.1.6.jar:/home/runner/.m2/repository/org/glassfish/jersey/ext/cdi/jersey-cdi1x/2.34/jersey-cdi1x-2.34.jar:/home/runner/.m2/repository/org/glassfish/jersey/inject/jersey-hk2/2.34/jersey-hk2-2.34.jar:/home/runner/.m2/repository/org/glassfish/hk2/hk2-locator/2.6.1/hk2-locator-2.6.1.jar:/home/runner/.m2/repository/org/glassfish/jersey/media/jersey-media-jaxb/2.34/jersey-media-jaxb-2.34.jar:/home/runner/.m2/repository/org/glassfish/hk2/osgi-resource-locator/1.0.3/osgi-resource-locator-1.0.3.jar:/home/runner/.m2/repository/org/glassfish/hk2/hk2-api/2.5.0/hk2-api-2.5.0.jar:/home/runner/.m2/repository/org/glassfish/hk2/hk2-utils/2.5.0/hk2-utils-2.5.0.jar:/home/runner/.m2/repository/org/glassfish/hk2/external/aopalliance-repackaged/2.5.0/aopalliance-repackaged-2.5.0.jar:/home/runner/.m2/repository/com/fasterxml/jackson/dataformat/jackson-dataformat-xml/2.13.4/jackson-dataformat-xml-2.13.4.jar:/home/runner/.m2/repository/com/fasterxml/jackson/core/jackson-core/2.13.4/jackson-core-2.13.4.jar:/home/runner/.m2/repository/org/codehaus/woodstox/stax2-api/4.2.1/stax2-api-4.2.1.jar:/home/runner/.m2/repository/com/fasterxml/woodstox/woodstox-core/5.4.0/woodstox-core-5.4.0.jar:/home/runner/.m2/repository/com/fasterxml/jackson/module/jackson-module-jaxb-annotations/2.13.4/jackson-module-jaxb-annotations-2.13.4.jar:/home/runner/.m2/repository/jakarta/xml/bind/jakarta.xml.bind-api/2.3.3/jakarta.xml.bind-api-2.3.3.jar:/home/runner/.m2/repository/jakarta/activation/jakarta.activation-api/1.2.2/jakarta.activation-api-1.2.2.jar:/home/runner/.m2/repository/javax/enterprise/cdi-api/2.0/cdi-api-2.0.jar:/home/runner/.m2/repository/javax/el/javax.el-api/3.0.0/javax.el-api-3.0.0.jar:/home/runner/.m2/repository/javax/interceptor/javax.interceptor-api/1.2/javax.interceptor-api-1.2.jar:/home/runner/.m2/repository/javax/inject/javax.inject/1/javax.inject-1.jar:/home/runner/.m2/repository/javax/xml/bind/jaxb-api/2.3.0/jaxb-api-2.3.0.jar:/home/runner/.m2/repository/org/glassfish/jaxb/jaxb-runtime/2.3.0.1/jaxb-runtime-2.3.0.1.jar:/home/runner/.m2/repository/org/glassfish/jaxb/jaxb-core/2.3.0.1/jaxb-core-2.3.0.1.jar:/home/runner/.m2/repository/org/glassfish/jaxb/txw2/2.3.0.1/txw2-2.3.0.1.jar:/home/runner/.m2/repository/com/sun/istack/istack-commons-runtime/3.0.5/istack-commons-runtime-3.0.5.jar:/home/runner/.m2/repository/org/jvnet/staxex/stax-ex/1.7.8/stax-ex-1.7.8.jar:/home/runner/.m2/repository/com/sun/xml/fastinfoset/FastInfoset/1.2.13/FastInfoset-1.2.13.jar:/home/runner/.m2/repository/javax/activation/activation/1.1.1/activation-1.1.1.jar:/home/runner/.m2/repository/io/grpc/grpc-protobuf/1.51.1/grpc-protobuf-1.51.1.jar:/home/runner/.m2/repository/io/grpc/grpc-api/1.51.1/grpc-api-1.51.1.jar:/home/runner/.m2/repository/io/grpc/grpc-context/1.51.1/grpc-context-1.51.1.jar:/home/runner/.m2/repository/com/google/api/grpc/proto-google-common-protos/2.9.0/proto-google-common-protos-2.9.0.jar:/home/runner/.m2/repository/io/grpc/grpc-protobuf-lite/1.51.1/grpc-protobuf-lite-1.51.1.jar:/home/runner/.m2/repository/io/grpc/grpc-stub/1.51.1/grpc-stub-1.51.1.jar:/home/runner/.m2/repository/io/netty/netty-transport/4.1.86.Final/netty-transport-4.1.86.Final.jar:/home/runner/.m2/repository/io/netty/netty-resolver/4.1.86.Final/netty-resolver-4.1.86.Final.jar:/home/runner/.m2/repository/org/apache/ozone/ozone-csi/1.4.0-SNAPSHOT/ozone-csi-1.4.0-SNAPSHOT.jar:/home/runner/.m2/repository/com/google/protobuf/protobuf-java-util/3.19.6/protobuf-java-util-3.19.6.jar:/home/runner/.m2/repository/com/google/code/gson/gson/2.9.0/gson-2.9.0.jar:/home/runner/.m2/repository/org/apache/ozone/hdds-config/1.4.0-SNAPSHOT/hdds-config-1.4.0-SNAPSHOT.jar:/home/runner/.m2/repository/io/netty/netty-transport-native-epoll/4.1.86.Final/netty-transport-native-epoll-4.1.86.Final-linux-x86_64.jar:/home/runner/.m2/repository/io/netty/netty-transport-classes-epoll/4.1.86.Final/netty-transport-classes-epoll-4.1.86.Final.jar:/home/runner/.m2/repository/io/netty/netty-transport-native-unix-common/4.1.86.Final/netty-transport-native-unix-common-4.1.86.Final.jar:/home/runner/.m2/repository/org/slf4j/slf4j-reload4j/1.7.36/slf4j-reload4j-1.7.36.jar:/home/runner/.m2/repository/org/apache/ozone/ozone-recon/1.4.0-SNAPSHOT/ozone-recon-1.4.0-SNAPSHOT.jar:/home/runner/.m2/repository/org/apache/ozone/ozone-reconcodegen/1.4.0-SNAPSHOT/ozone-reconcodegen-1.4.0-SNAPSHOT.jar:/home/runner/.m2/repository/com/google/inject/extensions/guice-multibindings/4.0/guice-multibindings-4.0.jar:/home/runner/.m2/repository/com/google/inject/guice/4.0/guice-4.0.jar:/home/runner/.m2/repository/aopalliance/aopalliance/1.0/aopalliance-1.0.jar:/home/runner/.m2/repository/com/google/inject/extensions/guice-assistedinject/4.0/guice-assistedinject-4.0.jar:/home/runner/.m2/repository/com/google/inject/extensions/guice-servlet/4.0/guice-servlet-4.0.jar:/home/runner/.m2/repository/org/glassfish/jersey/containers/jersey-container-servlet/2.34/jersey-container-servlet-2.34.jar:/home/runner/.m2/repository/org/glassfish/hk2/guice-bridge/2.5.0/guice-bridge-2.5.0.jar:/home/runner/.m2/repository/org/glassfish/jersey/core/jersey-server/2.34/jersey-server-2.34.jar:/home/runner/.m2/repository/org/glassfish/jersey/core/jersey-client/2.34/jersey-client-2.34.jar:/home/runner/.m2/repository/jakarta/annotation/jakarta.annotation-api/1.3.5/jakarta.annotation-api-1.3.5.jar:/home/runner/.m2/repository/jakarta/validation/jakarta.validation-api/2.0.2/jakarta.validation-api-2.0.2.jar:/home/runner/.m2/repository/org/glassfish/jersey/media/jersey-media-json-jackson/2.34/jersey-media-json-jackson-2.34.jar:/home/runner/.m2/repository/org/glassfish/jersey/ext/jersey-entity-filtering/2.34/jersey-entity-filtering-2.34.jar:/home/runner/.m2/repository/org/jooq/jooq/3.11.10/jooq-3.11.10.jar:/home/runner/.m2/repository/org/jooq/jooq-meta/3.11.10/jooq-meta-3.11.10.jar:/home/runner/.m2/repository/org/jooq/jooq-codegen/3.11.10/jooq-codegen-3.11.10.jar:/home/runner/.m2/repository/com/jolbox/bonecp/0.8.0.RELEASE/bonecp-0.8.0.RELEASE.jar:/home/runner/.m2/repository/org/apache/derby/derby/10.14.2.0/derby-10.14.2.0.jar:/home/runner/.m2/repository/org/xerial/sqlite-jdbc/3.25.2/sqlite-jdbc-3.25.2.jar:/home/runner/.m2/repository/org/springframework/spring-jdbc/5.3.23/spring-jdbc-5.3.23.jar:/home/runner/.m2/repository/org/springframework/spring-beans/5.3.23/spring-beans-5.3.23.jar:/home/runner/.m2/repository/org/springframework/spring-core/5.3.23/spring-core-5.3.23.jar:/home/runner/.m2/repository/org/springframework/spring-jcl/5.3.23/spring-jcl-5.3.23.jar:/home/runner/.m2/repository/org/springframework/spring-tx/5.3.23/spring-tx-5.3.23.jar:/home/runner/.m2/repository/org/apache/ozone/ozone-client/1.4.0-SNAPSHOT/ozone-client-1.4.0-SNAPSHOT.jar:/home/runner/.m2/repository/org/apache/ozone/hdds-erasurecode/1.4.0-SNAPSHOT/hdds-erasurecode-1.4.0-SNAPSHOT.jar:/home/runner/.m2/repository/org/apache/ozone/ozone-filesystem/1.4.0-SNAPSHOT/ozone-filesystem-1.4.0-SNAPSHOT.jar:/home/runner/.m2/repository/org/apache/ozone/ozone-filesystem-common/1.4.0-SNAPSHOT/ozone-filesystem-common-1.4.0-SNAPSHOT.jar:/home/runner/.m2/repository/org/apache/ozone/ozone-tools/1.4.0-SNAPSHOT/ozone-tools-1.4.0-SNAPSHOT.jar:/home/runner/.m2/repository/com/amazonaws/aws-java-sdk-core/1.12.261/aws-java-sdk-core-1.12.261.jar:/home/runner/.m2/repository/org/apache/httpcomponents/httpclient/4.5.13/httpclient-4.5.13.jar:/home/runner/.m2/repository/org/apache/httpcomponents/httpcore/4.4.13/httpcore-4.4.13.jar:/home/runner/.m2/repository/software/amazon/ion/ion-java/1.0.2/ion-java-1.0.2.jar:/home/runner/.m2/repository/com/fasterxml/jackson/dataformat/jackson-dataformat-cbor/2.13.4/jackson-dataformat-cbor-2.13.4.jar:/home/runner/.m2/repository/joda-time/joda-time/2.10.6/joda-time-2.10.6.jar:/home/runner/.m2/repository/com/amazonaws/aws-java-sdk-s3/1.12.261/aws-java-sdk-s3-1.12.261.jar:/home/runner/.m2/repository/com/amazonaws/aws-java-sdk-kms/1.12.261/aws-java-sdk-kms-1.12.261.jar:/home/runner/.m2/repository/com/amazonaws/jmespath-java/1.12.261/jmespath-java-1.12.261.jar:/home/runner/.m2/repository/org/kohsuke/metainf-services/metainf-services/1.8/metainf-services-1.8.jar:/home/runner/.m2/repository/org/apache/ozone/hdds-tools/1.4.0-SNAPSHOT/hdds-tools-1.4.0-SNAPSHOT.jar:/home/runner/.m2/repository/org/apache/ratis/ratis-tools/2.4.2-8b8bdda-SNAPSHOT/ratis-tools-2.4.2-8b8bdda-SNAPSHOT.jar:/home/runner/.m2/repository/org/apache/ratis/ratis-proto/2.4.2-8b8bdda-SNAPSHOT/ratis-proto-2.4.2-8b8bdda-SNAPSHOT.jar:/home/runner/.m2/repository/org/apache/ratis/ratis-common/2.4.2-8b8bdda-SNAPSHOT/ratis-common-2.4.2-8b8bdda-SNAPSHOT.jar:/home/runner/.m2/repository/commons-cli/commons-cli/1.2/commons-cli-1.2.jar:/home/runner/.m2/repository/org/apache/commons/commons-lang3/3.7/commons-lang3-3.7.jar:/home/runner/.m2/repository/org/apache/ozone/ozone-manager/1.4.0-SNAPSHOT/ozone-manager-1.4.0-SNAPSHOT-tests.jar:/home/runner/.m2/repository/org/apache/ozone/hdds-common/1.4.0-SNAPSHOT/hdds-common-1.4.0-SNAPSHOT-tests.jar:/home/runner/.m2/repository/org/apache/ozone/hdds-hadoop-dependency-client/1.4.0-SNAPSHOT/hdds-hadoop-dependency-client-1.4.0-SNAPSHOT.jar:/home/runner/.m2/repository/info/picocli/picocli/4.6.1/picocli-4.6.1.jar:/home/runner/.m2/repository/com/fasterxml/jackson/core/jackson-annotations/2.13.4/jackson-annotations-2.13.4.jar:/home/runner/.m2/repository/com/fasterxml/jackson/datatype/jackson-datatype-jsr310/2.13.4/jackson-datatype-jsr310-2.13.4.jar:/home/runner/.m2/repository/org/apache/ozone/hdds-annotation-processing/1.4.0-SNAPSHOT/hdds-annotation-processing-1.4.0-SNAPSHOT.jar:/home/runner/.m2/repository/javax/annotation/javax.annotation-api/1.2/javax.annotation-api-1.2.jar:/home/runner/.m2/repository/org/apache/ratis/ratis-server/2.4.2-8b8bdda-SNAPSHOT/ratis-server-2.4.2-8b8bdda-SNAPSHOT.jar:/home/runner/.m2/repository/org/apache/ratis/ratis-client/2.4.2-8b8bdda-SNAPSHOT/ratis-client-2.4.2-8b8bdda-SNAPSHOT.jar:/home/runner/.m2/repository/org/apache/ratis/ratis-server-api/2.4.2-8b8bdda-SNAPSHOT/ratis-server-api-2.4.2-8b8bdda-SNAPSHOT.jar:/home/runner/.m2/repository/org/apache/ratis/ratis-metrics/2.4.2-8b8bdda-SNAPSHOT/ratis-metrics-2.4.2-8b8bdda-SNAPSHOT.jar:/home/runner/.m2/repository/org/apache/ratis/ratis-netty/2.4.2-8b8bdda-SNAPSHOT/ratis-netty-2.4.2-8b8bdda-SNAPSHOT.jar:/home/runner/.m2/repository/org/apache/ratis/ratis-grpc/2.4.2-8b8bdda-SNAPSHOT/ratis-grpc-2.4.2-8b8bdda-SNAPSHOT.jar:/home/runner/.m2/repository/org/apache/logging/log4j/log4j-api/2.17.1/log4j-api-2.17.1.jar:/home/runner/.m2/repository/org/apache/commons/commons-pool2/2.6.0/commons-pool2-2.6.0.jar:/home/runner/.m2/repository/org/bouncycastle/bcpkix-jdk15on/1.67/bcpkix-jdk15on-1.67.jar:/home/runner/.m2/repository/commons-validator/commons-validator/1.6/commons-validator-1.6.jar:/home/runner/.m2/repository/commons-beanutils/commons-beanutils/1.9.4/commons-beanutils-1.9.4.jar:/home/runner/.m2/repository/commons-digester/commons-digester/1.8.1/commons-digester-1.8.1.jar:/home/runner/.m2/repository/commons-collections/commons-collections/3.2.2/commons-collections-3.2.2.jar:/home/runner/.m2/repository/io/jaegertracing/jaeger-client/1.6.0/jaeger-client-1.6.0.jar:/home/runner/.m2/repository/io/jaegertracing/jaeger-thrift/1.6.0/jaeger-thrift-1.6.0.jar:/home/runner/.m2/repository/org/apache/thrift/libthrift/0.14.1/libthrift-0.14.1.jar:/home/runner/.m2/repository/io/jaegertracing/jaeger-core/1.6.0/jaeger-core-1.6.0.jar:/home/runner/.m2/repository/io/jaegertracing/jaeger-tracerresolver/1.6.0/jaeger-tracerresolver-1.6.0.jar:/home/runner/.m2/repository/io/opentracing/contrib/opentracing-tracerresolver/0.1.8/opentracing-tracerresolver-0.1.8.jar:/home/runner/.m2/repository/org/jetbrains/kotlin/kotlin-stdlib/1.6.21/kotlin-stdlib-1.6.21.jar:/home/runner/.m2/repository/org/jetbrains/annotations/13.0/annotations-13.0.jar:/home/runner/.m2/repository/io/opentracing/opentracing-util/0.33.0/opentracing-util-0.33.0.jar:/home/runner/.m2/repository/io/opentracing/opentracing-api/0.33.0/opentracing-api-0.33.0.jar:/home/runner/.m2/repository/io/opentracing/opentracing-noop/0.33.0/opentracing-noop-0.33.0.jar:/home/runner/.m2/repository/org/yaml/snakeyaml/1.33/snakeyaml-1.33.jar:/home/runner/.m2/repository/org/apache/ozone/hdds-interface-admin/1.4.0-SNAPSHOT/hdds-interface-admin-1.4.0-SNAPSHOT.jar:/home/runner/.m2/repository/junit/junit/4.13.1/junit-4.13.1.jar:/home/runner/.m2/repository/org/hamcrest/hamcrest-core/1.3/hamcrest-core-1.3.jar:/home/runner/.m2/repository/org/junit/jupiter/junit-jupiter-api/5.8.2/junit-jupiter-api-5.8.2.jar:/home/runner/.m2/repository/org/opentest4j/opentest4j/1.2.0/opentest4j-1.2.0.jar:/home/runner/.m2/repository/org/junit/platform/junit-platform-commons/1.8.2/junit-platform-commons-1.8.2.jar:/home/runner/.m2/repository/org/apiguardian/apiguardian-api/1.1.2/apiguardian-api-1.1.2.jar:/home/runner/.m2/repository/org/junit/jupiter/junit-jupiter-params/5.8.2/junit-jupiter-params-5.8.2.jar:/home/runner/.m2/repository/org/junit/jupiter/junit-jupiter-migrationsupport/5.8.2/junit-jupiter-migrationsupport-5.8.2.jar:/home/runner/.m2/repository/org/junit/jupiter/junit-jupiter-engine/5.8.2/junit-jupiter-engine-5.8.2.jar:/home/runner/.m2/repository/org/junit/platform/junit-platform-engine/1.8.2/junit-platform-engine-1.8.2.jar:/home/runner/.m2/repository/org/junit/vintage/junit-vintage-engine/5.8.2/junit-vintage-engine-5.8.2.jar:/home/runner/.m2/repository/org/junit/platform/junit-platform-launcher/1.8.2/junit-platform-launcher-1.8.2.jar:/home/runner/.m2/repository/org/mockito/mockito-core/2.28.2/mockito-core-2.28.2.jar:/home/runner/.m2/repository/net/bytebuddy/byte-buddy/1.9.10/byte-buddy-1.9.10.jar:/home/runner/.m2/repository/net/bytebuddy/byte-buddy-agent/1.9.10/byte-buddy-agent-1.9.10.jar:/home/runner/.m2/repository/org/objenesis/objenesis/1.0/objenesis-1.0.jar:/home/runner/.m2/repository/org/apache/hadoop/hadoop-kms/3.3.4/hadoop-kms-3.3.4.jar:/home/runner/.m2/repository/org/apache/hadoop/hadoop-auth/3.3.4/hadoop-auth-3.3.4.jar:/home/runner/.m2/repository/com/nimbusds/nimbus-jose-jwt/9.8.1/nimbus-jose-jwt-9.8.1.jar:/home/runner/.m2/repository/com/github/stephenc/jcip/jcip-annotations/1.0-1/jcip-annotations-1.0-1.jar:/home/runner/.m2/repository/net/minidev/json-smart/2.4.7/json-smart-2.4.7.jar:/home/runner/.m2/repository/net/minidev/accessors-smart/2.4.7/accessors-smart-2.4.7.jar:/home/runner/.m2/repository/org/ow2/asm/asm/5.0.4/asm-5.0.4.jar:/home/runner/.m2/repository/org/apache/zookeeper/zookeeper/3.5.6/zookeeper-3.5.6.jar:/home/runner/.m2/repository/org/apache/zookeeper/zookeeper-jute/3.5.6/zookeeper-jute-3.5.6.jar:/home/runner/.m2/repository/org/apache/yetus/audience-annotations/0.5.0/audience-annotations-0.5.0.jar:/home/runner/.m2/repository/org/apache/curator/curator-framework/4.2.0/curator-framework-4.2.0.jar:/home/runner/.m2/repository/org/apache/hadoop/thirdparty/hadoop-shaded-guava/1.1.1/hadoop-shaded-guava-1.1.1.jar:/home/runner/.m2/repository/com/sun/jersey/jersey-core/1.19/jersey-core-1.19.jar:/home/runner/.m2/repository/javax/ws/rs/jsr311-api/1.1.1/jsr311-api-1.1.1.jar:/home/runner/.m2/repository/com/sun/jersey/jersey-server/1.19/jersey-server-1.19.jar:/home/runner/.m2/repository/javax/servlet/javax.servlet-api/3.1.0/javax.servlet-api-3.1.0.jar:/home/runner/.m2/repository/org/eclipse/jetty/jetty-server/9.4.49.v20220914/jetty-server-9.4.49.v20220914.jar:/home/runner/.m2/repository/org/eclipse/jetty/jetty-http/9.4.49.v20220914/jetty-http-9.4.49.v20220914.jar:/home/runner/.m2/repository/org/eclipse/jetty/jetty-io/9.4.49.v20220914/jetty-io-9.4.49.v20220914.jar:/home/runner/.m2/repository/org/eclipse/jetty/jetty-webapp/9.4.49.v20220914/jetty-webapp-9.4.49.v20220914.jar:/home/runner/.m2/repository/org/eclipse/jetty/jetty-xml/9.4.49.v20220914/jetty-xml-9.4.49.v20220914.jar:/home/runner/.m2/repository/org/apache/hadoop/hadoop-common/3.3.4/hadoop-common-3.3.4.jar:/home/runner/.m2/repository/org/apache/commons/commons-math3/3.1.1/commons-math3-3.1.1.jar:/home/runner/.m2/repository/commons-net/commons-net/3.9.0/commons-net-3.9.0.jar:/home/runner/.m2/repository/com/sun/jersey/jersey-servlet/1.19/jersey-servlet-1.19.jar:/home/runner/.m2/repository/com/sun/jersey/jersey-json/1.19/jersey-json-1.19.jar:/home/runner/.m2/repository/org/codehaus/jettison/jettison/1.1/jettison-1.1.jar:/home/runner/.m2/repository/com/sun/xml/bind/jaxb-impl/2.2.3-1/jaxb-impl-2.2.3-1.jar:/home/runner/.m2/repository/org/codehaus/jackson/jackson-jaxrs/1.9.2/jackson-jaxrs-1.9.2.jar:/home/runner/.m2/repository/org/codehaus/jackson/jackson-xc/1.9.2/jackson-xc-1.9.2.jar:/home/runner/.m2/repository/com/google/re2j/re2j/1.1/re2j-1.1.jar:/home/runner/.m2/repository/com/jcraft/jsch/0.1.54/jsch-0.1.54.jar:/home/runner/.m2/repository/org/apache/curator/curator-client/4.2.0/curator-client-4.2.0.jar:/home/runner/.m2/repository/org/apache/curator/curator-recipes/4.2.0/curator-recipes-4.2.0.jar:/home/runner/.m2/repository/org/apache/kerby/kerb-core/1.0.1/kerb-core-1.0.1.jar:/home/runner/.m2/repository/org/apache/kerby/kerby-pkix/1.0.1/kerby-pkix-1.0.1.jar:/home/runner/.m2/repository/org/apache/kerby/kerby-asn1/1.0.1/kerby-asn1-1.0.1.jar:/home/runner/.m2/repository/org/apache/kerby/kerby-util/1.0.1/kerby-util-1.0.1.jar:/home/runner/.m2/repository/dnsjava/dnsjava/2.1.7/dnsjava-2.1.7.jar:/home/runner/.m2/repository/org/xerial/snappy/snappy-java/1.1.8.2/snappy-java-1.1.8.2.jar:/home/runner/.m2/repository/org/eclipse/jetty/jetty-util/9.4.49.v20220914/jetty-util-9.4.49.v20220914.jar:/home/runner/.m2/repository/com/fasterxml/jackson/core/jackson-databind/2.13.4.2/jackson-databind-2.13.4.2.jar:/home/runner/.m2/repository/org/apache/hadoop/hadoop-kms/3.3.4/hadoop-kms-3.3.4-tests.jar:/home/runner/.m2/repository/org/apache/ozone/hdds-server-scm/1.4.0-SNAPSHOT/hdds-server-scm-1.4.0-SNAPSHOT-tests.jar:/home/runner/.m2/repository/org/apache/ozone/hdds-container-service/1.4.0-SNAPSHOT/hdds-container-service-1.4.0-SNAPSHOT-tests.jar:/home/runner/.m2/repository/com/github/luben/zstd-jni/1.5.2-5/zstd-jni-1.5.2-5.jar:/home/runner/.m2/repository/commons-codec/commons-codec/1.15/commons-codec-1.15.jar:/home/runner/.m2/repository/io/netty/netty-codec/4.1.86.Final/netty-codec-4.1.86.Final.jar:/home/runner/.m2/repository/io/netty/netty-handler/4.1.86.Final/netty-handler-4.1.86.Final.jar:/home/runner/.m2/repository/org/apache/ozone/hdds-hadoop-dependency-test/1.4.0-SNAPSHOT/hdds-hadoop-dependency-test-1.4.0-SNAPSHOT.jar:/home/runner/.m2/repository/org/apache/hadoop/hadoop-common/3.3.4/hadoop-common-3.3.4-tests.jar:/home/runner/.m2/repository/org/apache/hadoop/hadoop-hdfs/3.3.4/hadoop-hdfs-3.3.4-tests.jar:/home/runner/.m2/repository/org/assertj/assertj-core/3.12.2/assertj-core-3.12.2.jar:/home/runner/.m2/repository/org/apache/hadoop/hadoop-distcp/3.3.4/hadoop-distcp-3.3.4.jar:/home/runner/.m2/repository/org/apache/hadoop/hadoop-mapreduce-client-jobclient/3.3.4/hadoop-mapreduce-client-jobclient-3.3.4.jar:/home/runner/.m2/repository/org/apache/hadoop/hadoop-mapreduce-client-common/3.3.4/hadoop-mapreduce-client-common-3.3.4.jar:/home/runner/.m2/repository/org/apache/hadoop/hadoop-yarn-common/3.3.4/hadoop-yarn-common-3.3.4.jar:/home/runner/.m2/repository/org/apache/hadoop/hadoop-yarn-api/3.3.4/hadoop-yarn-api-3.3.4.jar:/home/runner/.m2/repository/com/sun/jersey/contribs/jersey-guice/1.19/jersey-guice-1.19.jar:/home/runner/.m2/repository/com/fasterxml/jackson/jaxrs/jackson-jaxrs-json-provider/2.13.4/jackson-jaxrs-json-provider-2.13.4.jar:/home/runner/.m2/repository/com/fasterxml/jackson/jaxrs/jackson-jaxrs-base/2.13.4/jackson-jaxrs-base-2.13.4.jar:/home/runner/.m2/repository/org/apache/hadoop/hadoop-yarn-client/3.3.4/hadoop-yarn-client-3.3.4.jar:/home/runner/.m2/repository/org/eclipse/jetty/websocket/websocket-client/9.4.43.v20210629/websocket-client-9.4.43.v20210629.jar:/home/runner/.m2/repository/org/eclipse/jetty/websocket/websocket-common/9.4.43.v20210629/websocket-common-9.4.43.v20210629.jar:/home/runner/.m2/repository/org/eclipse/jetty/websocket/websocket-api/9.4.43.v20210629/websocket-api-9.4.43.v20210629.jar:/home/runner/.m2/repository/org/jline/jline/3.9.0/jline-3.9.0.jar:/home/runner/.m2/repository/org/apache/hadoop/hadoop-mapreduce-client-core/3.3.4/hadoop-mapreduce-client-core-3.3.4.jar:/home/runner/.m2/repository/org/apache/avro/avro/1.7.7/avro-1.7.7.jar:/home/runner/.m2/repository/org/codehaus/jackson/jackson-core-asl/1.9.13/jackson-core-asl-1.9.13.jar:/home/runner/.m2/repository/org/codehaus/jackson/jackson-mapper-asl/1.9.13/jackson-mapper-asl-1.9.13.jar:/home/runner/.m2/repository/com/thoughtworks/paranamer/paranamer/2.3/paranamer-2.3.jar:/home/runner/.m2/repository/org/apache/hadoop/hadoop-annotations/3.3.4/hadoop-annotations-3.3.4.jar:/usr/lib/jvm/temurin-8-jdk-amd64/jre/../lib/tools.jar:/home/runner/.m2/repository/io/netty/netty/3.10.6.Final/netty-3.10.6.Final.jar:/home/runner/.m2/repository/org/apache/hadoop/hadoop-distcp/3.3.4/hadoop-distcp-3.3.4-tests.jar:/home/runner/.m2/repository/org/slf4j/jul-to-slf4j/1.7.36/jul-to-slf4j-1.7.36.jar:"/>
    <property name="sun.cpu.endian" value="little"/>
    <property name="user.home" value="/home/runner"/>
    <property name="user.language" value="en"/>
    <property name="java.specification.vendor" value="Oracle Corporation"/>
    <property name="java.home" value="/usr/lib/jvm/temurin-8-jdk-amd64/jre"/>
    <property name="java.security.krb5.conf" value="/home/runner/work/ozone/ozone/hadoop-ozone/integration-test/target/test-classes/krb5.conf"/>
    <property name="basedir" value="/home/runner/work/ozone/ozone/hadoop-ozone/integration-test"/>
    <property name="file.separator" value="/"/>
    <property name="line.separator" value="&#10;"/>
    <property name="java.vm.specification.vendor" value="Oracle Corporation"/>
    <property name="java.specification.name" value="Java Platform API Specification"/>
    <property name="java.awt.graphicsenv" value="sun.awt.X11GraphicsEnvironment"/>
    <property name="skip.installnpx" value="true"/>
    <property name="surefire.real.class.path" value="/home/runner/work/ozone/ozone/hadoop-ozone/integration-test/target/surefire/surefirebooter7441351681812224928.jar:/home/runner/.m2/repository/org/jacoco/org.jacoco.agent/0.8.5/org.jacoco.agent-0.8.5-runtime.jar"/>
    <property name="hadoop.log.dir" value="/home/runner/work/ozone/ozone/hadoop-ozone/integration-test/target/log"/>
    <property name="sun.boot.class.path" value="/usr/lib/jvm/temurin-8-jdk-amd64/jre/lib/resources.jar:/usr/lib/jvm/temurin-8-jdk-amd64/jre/lib/rt.jar:/usr/lib/jvm/temurin-8-jdk-amd64/jre/lib/sunrsasign.jar:/usr/lib/jvm/temurin-8-jdk-amd64/jre/lib/jsse.jar:/usr/lib/jvm/temurin-8-jdk-amd64/jre/lib/jce.jar:/usr/lib/jvm/temurin-8-jdk-amd64/jre/lib/charsets.jar:/usr/lib/jvm/temurin-8-jdk-amd64/jre/lib/jfr.jar:/usr/lib/jvm/temurin-8-jdk-amd64/jre/classes"/>
    <property name="sun.management.compiler" value="HotSpot 64-Bit Tiered Compilers"/>
    <property name="skip.npx" value="true"/>
    <property name="java.runtime.version" value="1.8.0_362-b09"/>
    <property name="java.net.preferIPv4Stack" value="true"/>
    <property name="user.name" value="runner"/>
    <property name="path.separator" value=":"/>
    <property name="java.security.egd" value="file:///dev/urandom"/>
    <property name="os.version" value="5.15.0-1033-azure"/>
    <property name="java.endorsed.dirs" value="/usr/lib/jvm/temurin-8-jdk-amd64/jre/lib/endorsed"/>
    <property name="java.runtime.name" value="OpenJDK Runtime Environment"/>
    <property name="file.encoding" value="UTF-8"/>
    <property name="java.vm.name" value="OpenJDK 64-Bit Server VM"/>
    <property name="test.build.webapps" value=""/>
    <property name="localRepository" value="/home/runner/.m2/repository"/>
    <property name="jetty.git.hash" value="4231a3b2e4cb8548a412a789936d640a97b1aa0a"/>
    <property name="java.vendor.url.bug" value="https://github.com/adoptium/adoptium-support/issues"/>
    <property name="java.io.tmpdir" value="/tmp"/>
    <property name="require.test.libhadoop" value=""/>
    <property name="java.version" value="1.8.0_362"/>
    <property name="user.dir" value="/home/runner/work/ozone/ozone/hadoop-ozone/integration-test"/>
    <property name="os.arch" value="amd64"/>
    <property name="java.vm.specification.name" value="Java Virtual Machine Specification"/>
    <property name="test.build.classes" value="/home/runner/work/ozone/ozone/hadoop-ozone/integration-test/target/test-classes"/>
    <property name="java.awt.printerjob" value="sun.print.PSPrinterJob"/>
    <property name="sun.os.patch.level" value="unknown"/>
    <property name="org.apache.ratis.thirdparty.io.netty.allocator.useCacheForAllThreads" value="false"/>
    <property name="hadoop.tmp.dir" value="/home/runner/work/ozone/ozone/hadoop-ozone/integration-test/target/tmp"/>
    <property name="java.library.path" value="/usr/java/packages/lib/amd64:/usr/lib64:/lib64:/lib:/usr/lib"/>
    <property name="java.vm.info" value="mixed mode"/>
    <property name="java.vendor" value="Temurin"/>
    <property name="java.vm.version" value="25.362-b09"/>
    <property name="java.specification.maintenance.version" value="4"/>
    <property name="java.ext.dirs" value="/usr/lib/jvm/temurin-8-jdk-amd64/jre/lib/ext:/usr/java/packages/lib/ext"/>
    <property name="sun.io.unicode.encoding" value="UnicodeLittle"/>
    <property name="java.class.version" value="52.0"/>
  </properties>
  <testcase name="testO3fsHSync" classname="org.apache.hadoop.fs.ozone.TestHSync" time="1.263">
    <error type="java.io.IOException"><![CDATA[java.io.IOException: Inconsistent read for blockID=conID: 1 locID: 111677748019200001 bcsId: 0 length=97 position=64 numBytesToRead=33 numBytesRead=-1
	at org.apache.hadoop.ozone.client.io.KeyInputStream.checkPartBytesRead(KeyInputStream.java:175)
	at org.apache.hadoop.hdds.scm.storage.MultipartInputStream.readWithStrategy(MultipartInputStream.java:97)
	at org.apache.hadoop.hdds.scm.storage.ExtendedInputStream.read(ExtendedInputStream.java:54)
	at org.apache.hadoop.fs.ozone.OzoneFSInputStream.read(OzoneFSInputStream.java:64)
	at java.io.DataInputStream.read(DataInputStream.java:149)
	at org.apache.hadoop.fs.ozone.TestHSync.runTestHSync(TestHSync.java:188)
	at org.apache.hadoop.fs.ozone.TestHSync.runTestHSync(TestHSync.java:143)
	at org.apache.hadoop.fs.ozone.TestHSync.testO3fsHSync(TestHSync.java:116)
	at sun.reflect.NativeMethodAccessorImpl.invoke0(Native Method)
	at sun.reflect.NativeMethodAccessorImpl.invoke(NativeMethodAccessorImpl.java:62)
	at sun.reflect.DelegatingMethodAccessorImpl.invoke(DelegatingMethodAccessorImpl.java:43)
	at java.lang.reflect.Method.invoke(Method.java:498)
	at org.junit.platform.commons.util.ReflectionUtils.invokeMethod(ReflectionUtils.java:725)
	at org.junit.jupiter.engine.execution.MethodInvocation.proceed(MethodInvocation.java:60)
	at org.junit.jupiter.engine.execution.InvocationInterceptorChain$ValidatingInvocation.proceed(InvocationInterceptorChain.java:131)
	at org.junit.jupiter.engine.extension.TimeoutInvocation.proceed(TimeoutInvocation.java:46)
	at org.junit.jupiter.engine.extension.TimeoutExtension.intercept(TimeoutExtension.java:149)
	at org.junit.jupiter.engine.extension.TimeoutExtension.interceptTestableMethod(TimeoutExtension.java:140)
	at org.junit.jupiter.engine.extension.TimeoutExtension.interceptTestMethod(TimeoutExtension.java:84)
	at org.junit.jupiter.engine.execution.ExecutableInvoker$ReflectiveInterceptorCall.lambda$ofVoidMethod$0(ExecutableInvoker.java:115)
	at org.junit.jupiter.engine.execution.ExecutableInvoker.lambda$invoke$0(ExecutableInvoker.java:105)
	at org.junit.jupiter.engine.execution.InvocationInterceptorChain$InterceptedInvocation.proceed(InvocationInterceptorChain.java:106)
	at org.junit.jupiter.engine.execution.InvocationInterceptorChain.proceed(InvocationInterceptorChain.java:64)
	at org.junit.jupiter.engine.execution.InvocationInterceptorChain.chainAndInvoke(InvocationInterceptorChain.java:45)
	at org.junit.jupiter.engine.execution.InvocationInterceptorChain.invoke(InvocationInterceptorChain.java:37)
	at org.junit.jupiter.engine.execution.ExecutableInvoker.invoke(ExecutableInvoker.java:104)
	at org.junit.jupiter.engine.execution.ExecutableInvoker.invoke(ExecutableInvoker.java:98)
	at org.junit.jupiter.engine.descriptor.TestMethodTestDescriptor.lambda$invokeTestMethod$7(TestMethodTestDescriptor.java:214)
	at org.junit.platform.engine.support.hierarchical.ThrowableCollector.execute(ThrowableCollector.java:73)
	at org.junit.jupiter.engine.descriptor.TestMethodTestDescriptor.invokeTestMethod(TestMethodTestDescriptor.java:210)
	at org.junit.jupiter.engine.descriptor.TestMethodTestDescriptor.execute(TestMethodTestDescriptor.java:135)
	at org.junit.jupiter.engine.descriptor.TestMethodTestDescriptor.execute(TestMethodTestDescriptor.java:66)
	at org.junit.platform.engine.support.hierarchical.NodeTestTask.lambda$executeRecursively$6(NodeTestTask.java:151)
	at org.junit.platform.engine.support.hierarchical.ThrowableCollector.execute(ThrowableCollector.java:73)
	at org.junit.platform.engine.support.hierarchical.NodeTestTask.lambda$executeRecursively$8(NodeTestTask.java:141)
	at org.junit.platform.engine.support.hierarchical.Node.around(Node.java:137)
	at org.junit.platform.engine.support.hierarchical.NodeTestTask.lambda$executeRecursively$9(NodeTestTask.java:139)
	at org.junit.platform.engine.support.hierarchical.ThrowableCollector.execute(ThrowableCollector.java:73)
	at org.junit.platform.engine.support.hierarchical.NodeTestTask.executeRecursively(NodeTestTask.java:138)
	at org.junit.platform.engine.support.hierarchical.NodeTestTask.execute(NodeTestTask.java:95)
	at java.util.ArrayList.forEach(ArrayList.java:1259)
	at org.junit.platform.engine.support.hierarchical.SameThreadHierarchicalTestExecutorService.invokeAll(SameThreadHierarchicalTestExecutorService.java:41)
	at org.junit.platform.engine.support.hierarchical.NodeTestTask.lambda$executeRecursively$6(NodeTestTask.java:155)
	at org.junit.platform.engine.support.hierarchical.ThrowableCollector.execute(ThrowableCollector.java:73)
	at org.junit.platform.engine.support.hierarchical.NodeTestTask.lambda$executeRecursively$8(NodeTestTask.java:141)
	at org.junit.platform.engine.support.hierarchical.Node.around(Node.java:137)
	at org.junit.platform.engine.support.hierarchical.NodeTestTask.lambda$executeRecursively$9(NodeTestTask.java:139)
	at org.junit.platform.engine.support.hierarchical.ThrowableCollector.execute(ThrowableCollector.java:73)
	at org.junit.platform.engine.support.hierarchical.NodeTestTask.executeRecursively(NodeTestTask.java:138)
	at org.junit.platform.engine.support.hierarchical.NodeTestTask.execute(NodeTestTask.java:95)
	at java.util.ArrayList.forEach(ArrayList.java:1259)
	at org.junit.platform.engine.support.hierarchical.SameThreadHierarchicalTestExecutorService.invokeAll(SameThreadHierarchicalTestExecutorService.java:41)
	at org.junit.platform.engine.support.hierarchical.NodeTestTask.lambda$executeRecursively$6(NodeTestTask.java:155)
	at org.junit.platform.engine.support.hierarchical.ThrowableCollector.execute(ThrowableCollector.java:73)
	at org.junit.platform.engine.support.hierarchical.NodeTestTask.lambda$executeRecursively$8(NodeTestTask.java:141)
	at org.junit.platform.engine.support.hierarchical.Node.around(Node.java:137)
	at org.junit.platform.engine.support.hierarchical.NodeTestTask.lambda$executeRecursively$9(NodeTestTask.java:139)
	at org.junit.platform.engine.support.hierarchical.ThrowableCollector.execute(ThrowableCollector.java:73)
	at org.junit.platform.engine.support.hierarchical.NodeTestTask.executeRecursively(NodeTestTask.java:138)
	at org.junit.platform.engine.support.hierarchical.NodeTestTask.execute(NodeTestTask.java:95)
	at org.junit.platform.engine.support.hierarchical.SameThreadHierarchicalTestExecutorService.submit(SameThreadHierarchicalTestExecutorService.java:35)
	at org.junit.platform.engine.support.hierarchical.HierarchicalTestExecutor.execute(HierarchicalTestExecutor.java:57)
	at org.junit.platform.engine.support.hierarchical.HierarchicalTestEngine.execute(HierarchicalTestEngine.java:54)
	at org.junit.platform.launcher.core.EngineExecutionOrchestrator.execute(EngineExecutionOrchestrator.java:107)
	at org.junit.platform.launcher.core.EngineExecutionOrchestrator.execute(EngineExecutionOrchestrator.java:88)
	at org.junit.platform.launcher.core.EngineExecutionOrchestrator.lambda$execute$0(EngineExecutionOrchestrator.java:54)
	at org.junit.platform.launcher.core.EngineExecutionOrchestrator.withInterceptedStreams(EngineExecutionOrchestrator.java:67)
	at org.junit.platform.launcher.core.EngineExecutionOrchestrator.execute(EngineExecutionOrchestrator.java:52)
	at org.junit.platform.launcher.core.DefaultLauncher.execute(DefaultLauncher.java:114)
	at org.junit.platform.launcher.core.DefaultLauncher.execute(DefaultLauncher.java:86)
	at org.junit.platform.launcher.core.DefaultLauncherSession$DelegatingLauncher.execute(DefaultLauncherSession.java:86)
	at org.junit.platform.launcher.core.SessionPerRequestLauncher.execute(SessionPerRequestLauncher.java:53)
	at org.apache.maven.surefire.junitplatform.JUnitPlatformProvider.execute(JUnitPlatformProvider.java:188)
	at org.apache.maven.surefire.junitplatform.JUnitPlatformProvider.invokeAllTests(JUnitPlatformProvider.java:154)
	at org.apache.maven.surefire.junitplatform.JUnitPlatformProvider.invoke(JUnitPlatformProvider.java:124)
	at org.apache.maven.surefire.booter.ForkedBooter.runSuitesInProcess(ForkedBooter.java:428)
	at org.apache.maven.surefire.booter.ForkedBooter.execute(ForkedBooter.java:162)
	at org.apache.maven.surefire.booter.ForkedBooter.run(ForkedBooter.java:562)
	at org.apache.maven.surefire.booter.ForkedBooter.main(ForkedBooter.java:548)
]]></error>
    <system-out><![CDATA[2023-02-24 20:10:26,157 [main] WARN  server.ServerUtils (ServerUtils.java:getScmDbDir(148)) - ozone.scm.db.dirs is not configured. We recommend adding this setting. Falling back to ozone.metadata.dirs instead.
2023-02-24 20:10:26,278 [main] WARN  server.ServerUtils (ServerUtils.java:getScmDbDir(148)) - ozone.scm.db.dirs is not configured. We recommend adding this setting. Falling back to ozone.metadata.dirs instead.
2023-02-24 20:10:26,282 [main] INFO  ha.SCMHANodeDetails (SCMHANodeDetails.java:loadSCMHAConfig(209)) - ServiceID for StorageContainerManager is null
2023-02-24 20:10:26,297 [main] WARN  ha.SCMHANodeDetails (SCMHANodeDetails.java:validateSCMHAConfig(182)) - Invalid config ozone.scm.ratis.enable. The config was not specified, but the default value true conflicts with the expected config value false. Falling back to the expected value. Current State of SCM: SCM is running in Non-HA without Ratis Ratis SCM -> Non Ratis SCM or Non HA SCM -> HA SCM is not supported
2023-02-24 20:10:26,298 [main] INFO  ha.SCMHANodeDetails (SCMHANodeDetails.java:loadSCMHAConfig(214)) - ozone.scm.default.service.id is not defined, falling back to ozone.scm.service.ids to find serviceID for StorageContainerManager if it is HA enabled cluster
2023-02-24 20:10:26,733 [main] WARN  utils.HAUtils (HAUtils.java:getMetaDir(342)) - ozone.scm.db.dirs is not configured. We recommend adding this setting. Falling back to ozone.metadata.dirs instead.
2023-02-24 20:10:26,935 [main] WARN  db.DBStoreBuilder (DBStoreBuilder.java:applyDBDefinition(172)) - ozone.scm.db.dirs is not configured. We recommend adding this setting. Falling back to ozone.metadata.dirs instead.
2023-02-24 20:10:27,120 [main] INFO  net.NodeSchemaLoader (NodeSchemaLoader.java:loadSchemaFromFile(129)) - Loading schema from [jar:file:/home/runner/.m2/repository/org/apache/ozone/hdds-common/1.4.0-SNAPSHOT/hdds-common-1.4.0-SNAPSHOT.jar!/network-topology-default.xml]
2023-02-24 20:10:27,121 [main] INFO  net.NodeSchemaLoader (NodeSchemaLoader.java:loadSchema(176)) - Loading network topology layer schema file
2023-02-24 20:10:27,165 [main] INFO  metrics.MetricRegistries (MetricRegistriesLoader.java:load(64)) - Loaded MetricRegistries class org.apache.ratis.metrics.impl.MetricRegistriesImpl
2023-02-24 20:10:27,169 [main] INFO  upgrade.AbstractLayoutVersionManager (AbstractLayoutVersionManager.java:init(83)) - Initializing Layout version manager with metadata layout = DATANODE_SCHEMA_V3 (version = 4), software layout = DATANODE_SCHEMA_V3 (version = 4)
2023-02-24 20:10:27,374 [main] INFO  reflections.Reflections (Reflections.java:scan(232)) - Reflections took 119 ms to scan 7 urls, producing 151 keys and 363 values 
2023-02-24 20:10:27,455 [main] INFO  ha.SequenceIdGenerator (SequenceIdGenerator.java:upgradeToSequenceId(349)) - upgrade localId to 111677748019200000
2023-02-24 20:10:27,456 [main] INFO  ha.SequenceIdGenerator (SequenceIdGenerator.java:upgradeToSequenceId(359)) - upgrade delTxnId to 0
2023-02-24 20:10:27,459 [main] INFO  ha.SequenceIdGenerator (SequenceIdGenerator.java:upgradeToSequenceId(376)) - upgrade containerId to 0
2023-02-24 20:10:27,461 [main] INFO  ha.SequenceIdGenerator (SequenceIdGenerator.java:<init>(220)) - Init the HA SequenceIdGenerator.
2023-02-24 20:10:27,506 [main] WARN  server.ServerUtils (ServerUtils.java:sanitizeUserArgs(73)) - ozone.scm.stale.node.interval value = 300000 is larger than max = 100000 based on the key value of ozone.scm.heartbeat.thread.interval, reset to the max value 100000.
2023-02-24 20:10:27,507 [main] WARN  server.ServerUtils (ServerUtils.java:sanitizeUserArgs(73)) - ozone.scm.stale.node.interval value = 300000 is larger than max = 100000 based on the key value of ozone.scm.heartbeat.thread.interval, reset to the max value 100000.
2023-02-24 20:10:27,512 [main] INFO  node.SCMNodeManager (SCMNodeManager.java:<init>(149)) - Entering startup safe mode.
2023-02-24 20:10:27,584 [main] INFO  algorithms.ContainerPlacementPolicyFactory (ContainerPlacementPolicyFactory.java:getPolicyInternal(86)) - Create container placement policy of type org.apache.hadoop.hdds.scm.container.placement.algorithms.SCMContainerPlacementRandom
2023-02-24 20:10:27,587 [main] INFO  algorithms.ContainerPlacementPolicyFactory (ContainerPlacementPolicyFactory.java:getPolicyInternal(86)) - Create container placement policy of type org.apache.hadoop.hdds.scm.container.placement.algorithms.SCMContainerPlacementRackScatter
2023-02-24 20:10:27,595 [main] INFO  pipeline.PipelineStateManagerImpl (PipelineStateManagerImpl.java:initialize(78)) - No pipeline exists in current db
2023-02-24 20:10:27,626 [main] INFO  algorithms.LeaderChoosePolicyFactory (LeaderChoosePolicyFactory.java:getPolicy(57)) - Create leader choose policy of type org.apache.hadoop.hdds.scm.pipeline.leader.choose.algorithms.MinLeaderCountChoosePolicy
2023-02-24 20:10:27,627 [main] INFO  algorithms.ContainerPlacementPolicyFactory (ContainerPlacementPolicyFactory.java:getPolicyInternal(86)) - Create container placement policy of type org.apache.hadoop.hdds.scm.container.placement.algorithms.SCMContainerPlacementRackScatter
2023-02-24 20:10:27,632 [main] INFO  ha.SCMServiceManager (SCMServiceManager.java:register(42)) - Registering service BackgroundPipelineCreator.
2023-02-24 20:10:27,632 [main] INFO  pipeline.BackgroundPipelineCreator (BackgroundPipelineCreator.java:start(124)) - Starting RatisPipelineUtilsThread.
2023-02-24 20:10:27,636 [main] INFO  BackgroundPipelineScrubber (BackgroundSCMService.java:start(68)) - Starting BackgroundPipelineScrubber Service.
2023-02-24 20:10:27,636 [main] INFO  ha.SCMServiceManager (SCMServiceManager.java:register(42)) - Registering service BackgroundPipelineScrubber.
2023-02-24 20:10:27,642 [main] INFO  ExpiredContainerReplicaOpScrubber (BackgroundSCMService.java:start(68)) - Starting ExpiredContainerReplicaOpScrubber Service.
2023-02-24 20:10:27,646 [main] INFO  ha.SCMServiceManager (SCMServiceManager.java:register(42)) - Registering service ExpiredContainerReplicaOpScrubber.
2023-02-24 20:10:27,692 [main] INFO  algorithms.PipelineChoosePolicyFactory (PipelineChoosePolicyFactory.java:createPipelineChoosePolicyFromClass(73)) - Create pipeline choose policy of type org.apache.hadoop.hdds.scm.pipeline.choose.algorithms.RandomPipelineChoosePolicy
2023-02-24 20:10:27,711 [main] INFO  ha.SCMServiceManager (SCMServiceManager.java:register(42)) - Registering service SCMBlockDeletingService.
2023-02-24 20:10:27,767 [main] INFO  replication.ReplicationManager (ReplicationManager.java:start(266)) - Starting Replication Monitor Thread.
2023-02-24 20:10:27,774 [main] INFO  ha.SCMServiceManager (SCMServiceManager.java:register(42)) - Registering service ReplicationManager.
2023-02-24 20:10:27,779 [ReplicationMonitor] INFO  replication.ReplicationManager (ReplicationManager.java:processAll(341)) - Replication Manager is not ready to run until 3000ms after safemode exit
2023-02-24 20:10:27,787 [main] INFO  safemode.ContainerSafeModeRule (ContainerSafeModeRule.java:<init>(89)) - containers with one replica threshold count 0
2023-02-24 20:10:27,790 [main] INFO  safemode.HealthyPipelineSafeModeRule (HealthyPipelineSafeModeRule.java:initializeRule(169)) - Total pipeline count is 0, healthy pipeline threshold count is 1
2023-02-24 20:10:27,792 [main] INFO  safemode.OneReplicaPipelineSafeModeRule (OneReplicaPipelineSafeModeRule.java:initializeRule(180)) - Total pipeline count is 0, pipeline's with at least one datanode reported threshold count is 0
2023-02-24 20:10:28,079 [main] INFO  audit.AuditLogger (AuditLogger.java:refreshDebugCmdSet(126)) - Refresh DebugCmdSet for SCMAudit to [].
2023-02-24 20:10:28,107 [main] INFO  ipc.CallQueueManager (CallQueueManager.java:<init>(90)) - Using callQueue: class java.util.concurrent.LinkedBlockingQueue, queueCapacity: 2000, scheduler: class org.apache.hadoop.ipc.DefaultRpcScheduler, ipcBackoff: false.
2023-02-24 20:10:28,142 [Socket Reader #1 for port 0] INFO  ipc.Server (Server.java:run(1273)) - Starting Socket Reader #1 for port 0
2023-02-24 20:10:28,201 [Listener at 0.0.0.0/39501] INFO  audit.AuditLogger (AuditLogger.java:refreshDebugCmdSet(126)) - Refresh DebugCmdSet for SCMAudit to [].
2023-02-24 20:10:28,209 [Listener at 0.0.0.0/39501] INFO  ipc.CallQueueManager (CallQueueManager.java:<init>(90)) - Using callQueue: class java.util.concurrent.LinkedBlockingQueue, queueCapacity: 2000, scheduler: class org.apache.hadoop.ipc.DefaultRpcScheduler, ipcBackoff: false.
2023-02-24 20:10:28,210 [Socket Reader #1 for port 0] INFO  ipc.Server (Server.java:run(1273)) - Starting Socket Reader #1 for port 0
2023-02-24 20:10:28,244 [Listener at 0.0.0.0/33799] INFO  audit.AuditLogger (AuditLogger.java:refreshDebugCmdSet(126)) - Refresh DebugCmdSet for SCMAudit to [].
2023-02-24 20:10:28,264 [Listener at 0.0.0.0/33799] INFO  ipc.CallQueueManager (CallQueueManager.java:<init>(90)) - Using callQueue: class java.util.concurrent.LinkedBlockingQueue, queueCapacity: 2000, scheduler: class org.apache.hadoop.ipc.DefaultRpcScheduler, ipcBackoff: false.
2023-02-24 20:10:28,266 [Socket Reader #1 for port 0] INFO  ipc.Server (Server.java:run(1273)) - Starting Socket Reader #1 for port 0
2023-02-24 20:10:28,302 [Listener at 0.0.0.0/46319] INFO  ha.SCMServiceManager (SCMServiceManager.java:register(42)) - Registering service ContainerBalancer.
2023-02-24 20:10:28,304 [Listener at 0.0.0.0/46319] INFO  server.StorageContainerManager (StorageContainerManager.java:<init>(402)) - 
Container Balancer status:
Key                            Value
Running                        true
Container Balancer Configuration values:
Key                                                Value
Threshold                                          10
Max Datanodes to Involve per Iteration(percent)    20
Max Size to Move per Iteration                     500GB
Max Size Entering Target per Iteration             26GB
Max Size Leaving Source per Iteration              26GB

2023-02-24 20:10:28,309 [Listener at 0.0.0.0/46319] INFO  ha.SCMContext (SCMContext.java:updateSafeModeStatus(228)) - Update SafeModeStatus from SafeModeStatus{safeModeStatus=true, preCheckPassed=false} to SafeModeStatus{safeModeStatus=true, preCheckPassed=false}.
2023-02-24 20:10:28,316 [Listener at 0.0.0.0/46319] INFO  server.StorageContainerManager (StorageContainerManager.java:start(1436)) - StorageContainerLocationProtocol RPC server is listening at /0.0.0.0:46319
2023-02-24 20:10:28,469 [Listener at 0.0.0.0/46319] WARN  impl.MetricsConfig (MetricsConfig.java:loadFirst(136)) - Cannot locate configuration: tried hadoop-metrics2-storagecontainermanager.properties,hadoop-metrics2.properties
2023-02-24 20:10:28,481 [Listener at 0.0.0.0/46319] INFO  impl.MetricsSystemImpl (MetricsSystemImpl.java:startTimer(378)) - Scheduled Metric snapshot period at 10 second(s).
2023-02-24 20:10:28,482 [Listener at 0.0.0.0/46319] INFO  impl.MetricsSystemImpl (MetricsSystemImpl.java:start(191)) - StorageContainerManager metrics system started
2023-02-24 20:10:28,708 [Listener at 0.0.0.0/46319] INFO  server.SCMClientProtocolServer (SCMClientProtocolServer.java:start(176)) - RPC server for Client  is listening at /0.0.0.0:46319
2023-02-24 20:10:28,708 [IPC Server Responder] INFO  ipc.Server (Server.java:run(1512)) - IPC Server Responder: starting
2023-02-24 20:10:28,710 [IPC Server listener on 0] INFO  ipc.Server (Server.java:run(1352)) - IPC Server listener on 0: starting
2023-02-24 20:10:28,713 [Listener at 0.0.0.0/46319] INFO  server.StorageContainerManager (StorageContainerManager.java:start(1450)) - ScmBlockLocationProtocol RPC server is listening at /0.0.0.0:33799
2023-02-24 20:10:28,714 [Listener at 0.0.0.0/46319] INFO  server.SCMBlockProtocolServer (SCMBlockProtocolServer.java:start(152)) - RPC server for Block Protocol is listening at /0.0.0.0:33799
2023-02-24 20:10:28,714 [IPC Server Responder] INFO  ipc.Server (Server.java:run(1512)) - IPC Server Responder: starting
2023-02-24 20:10:28,714 [IPC Server listener on 0] INFO  ipc.Server (Server.java:run(1352)) - IPC Server listener on 0: starting
2023-02-24 20:10:28,717 [Listener at 0.0.0.0/46319] INFO  server.SCMDatanodeProtocolServer (SCMDatanodeProtocolServer.java:start(193)) - ScmDatanodeProtocol RPC server for DataNodes is listening at /0.0.0.0:39501
2023-02-24 20:10:28,717 [IPC Server Responder] INFO  ipc.Server (Server.java:run(1512)) - IPC Server Responder: starting
2023-02-24 20:10:28,718 [IPC Server listener on 0] INFO  ipc.Server (Server.java:run(1352)) - IPC Server listener on 0: starting
2023-02-24 20:10:28,735 [org.apache.hadoop.util.JvmPauseMonitor$Monitor@165a5979] INFO  util.JvmPauseMonitor (JvmPauseMonitor.java:run(188)) - Starting JVM pause monitor
2023-02-24 20:10:28,741 [Listener at 0.0.0.0/46319] INFO  http.BaseHttpServer (BaseHttpServer.java:newHttpServer2BuilderForOzone(213)) - Starting Web-server for scm at: http://0.0.0.0:0
2023-02-24 20:10:28,741 [Listener at 0.0.0.0/46319] INFO  http.BaseHttpServer (BaseHttpServer.java:<init>(108)) - Hadoop Security Enabled: false Ozone Security Enabled: false Ozone HTTP Security Enabled: false 
2023-02-24 20:10:28,766 [Listener at 0.0.0.0/46319] INFO  util.log (Log.java:initialized(170)) - Logging initialized @3929ms to org.eclipse.jetty.util.log.Slf4jLog
2023-02-24 20:10:28,852 [Listener at 0.0.0.0/46319] WARN  server.AuthenticationFilter (AuthenticationFilter.java:constructSecretProvider(240)) - Unable to initialize FileSignerSecretProvider, falling back to use random secrets. Reason: Could not read signature secret file: /home/runner/hadoop-http-auth-signature-secret
2023-02-24 20:10:28,861 [Listener at 0.0.0.0/46319] WARN  http.HttpRequestLog (HttpRequestLog.java:getRequestLog(103)) - Jetty request log can only be enabled using Log4j
2023-02-24 20:10:28,867 [Listener at 0.0.0.0/46319] INFO  http.HttpServer2 (HttpServer2.java:addGlobalFilter(1031)) - Added global filter 'safety' (class=org.apache.hadoop.hdds.server.http.HttpServer2$QuotingInputFilter)
2023-02-24 20:10:28,869 [Listener at 0.0.0.0/46319] INFO  http.HttpServer2 (HttpServer2.java:addFilter(1007)) - Added filter static_user_filter (class=org.apache.hadoop.http.lib.StaticUserWebFilter$StaticUserFilter) to context scm
2023-02-24 20:10:28,869 [Listener at 0.0.0.0/46319] INFO  http.HttpServer2 (HttpServer2.java:addFilter(1015)) - Added filter static_user_filter (class=org.apache.hadoop.http.lib.StaticUserWebFilter$StaticUserFilter) to context logs
2023-02-24 20:10:28,869 [Listener at 0.0.0.0/46319] INFO  http.HttpServer2 (HttpServer2.java:addFilter(1015)) - Added filter static_user_filter (class=org.apache.hadoop.http.lib.StaticUserWebFilter$StaticUserFilter) to context static
2023-02-24 20:10:28,905 [Listener at 0.0.0.0/46319] INFO  http.HttpServer2 (HttpServer2.java:bindListener(1250)) - Jetty bound to port 39907
2023-02-24 20:10:28,907 [Listener at 0.0.0.0/46319] INFO  server.Server (Server.java:doStart(375)) - jetty-9.4.49.v20220914; built: 2022-09-14T01:07:36.601Z; git: 4231a3b2e4cb8548a412a789936d640a97b1aa0a; jvm 1.8.0_362-b09
2023-02-24 20:10:28,935 [Listener at 0.0.0.0/46319] INFO  server.session (DefaultSessionIdManager.java:doStart(334)) - DefaultSessionIdManager workerName=node0
2023-02-24 20:10:28,935 [Listener at 0.0.0.0/46319] INFO  server.session (DefaultSessionIdManager.java:doStart(339)) - No SessionScavenger set, using defaults
2023-02-24 20:10:28,937 [Listener at 0.0.0.0/46319] INFO  server.session (HouseKeeper.java:startScavenging(132)) - node0 Scavenging every 660000ms
2023-02-24 20:10:28,948 [Listener at 0.0.0.0/46319] INFO  handler.ContextHandler (ContextHandler.java:doStart(921)) - Started o.e.j.s.ServletContextHandler@3da6950f{logs,/logs,file:///home/runner/work/ozone/ozone/hadoop-ozone/integration-test/target/log,AVAILABLE}
2023-02-24 20:10:28,949 [Listener at 0.0.0.0/46319] INFO  handler.ContextHandler (ContextHandler.java:doStart(921)) - Started o.e.j.s.ServletContextHandler@3314f179{static,/static,file:///home/runner/work/ozone/ozone/hadoop-ozone/integration-test/target/test-classes/webapps/static,AVAILABLE}
2023-02-24 20:10:28,990 [Listener at 0.0.0.0/46319] INFO  handler.ContextHandler (ContextHandler.java:doStart(921)) - Started o.e.j.w.WebAppContext@3b8a8abc{scm,/,file:///home/runner/work/ozone/ozone/hadoop-ozone/integration-test/target/test-classes/webapps/scm/,AVAILABLE}{file:/home/runner/work/ozone/ozone/hadoop-ozone/integration-test/target/test-classes/webapps/scm}
2023-02-24 20:10:28,998 [Listener at 0.0.0.0/46319] INFO  server.AbstractConnector (AbstractConnector.java:doStart(333)) - Started ServerConnector@1ce45e18{HTTP/1.1, (http/1.1)}{0.0.0.0:39907}
2023-02-24 20:10:28,999 [Listener at 0.0.0.0/46319] INFO  server.Server (Server.java:doStart(415)) - Started @4162ms
2023-02-24 20:10:29,000 [Listener at 0.0.0.0/46319] INFO  impl.MetricsSinkAdapter (MetricsSinkAdapter.java:start(204)) - Sink prometheus started
2023-02-24 20:10:29,001 [Listener at 0.0.0.0/46319] INFO  impl.MetricsSystemImpl (MetricsSystemImpl.java:registerSink(305)) - Registered sink prometheus
2023-02-24 20:10:29,002 [Listener at 0.0.0.0/46319] INFO  http.BaseHttpServer (BaseHttpServer.java:updateConnectorAddress(333)) - HTTP server of scm listening at http://0.0.0.0:39907
2023-02-24 20:10:29,003 [Listener at 0.0.0.0/46319] WARN  server.ServerUtils (ServerUtils.java:getDBPath(225)) - ozone.om.db.dirs is not configured. We recommend adding this setting. Falling back to ozone.metadata.dirs instead.
2023-02-24 20:10:29,060 [Listener at 0.0.0.0/46319] INFO  audit.AuditLogger (AuditLogger.java:refreshDebugCmdSet(126)) - Refresh DebugCmdSet for OMAudit to [].
2023-02-24 20:10:29,138 [Listener at 0.0.0.0/46319] INFO  ha.OMHANodeDetails (OMHANodeDetails.java:loadOMHAConfig(115)) - ozone.om.internal.service.id is not defined, falling back to ozone.om.service.ids to find serviceID for OzoneManager if it is HA enabled cluster
2023-02-24 20:10:29,141 [Listener at 0.0.0.0/46319] INFO  ha.OMHANodeDetails (OMHANodeDetails.java:loadOMHAConfig(226)) - Configuration does not have ozone.om.address set. Falling back to the default OM address /127.0.0.1:0
2023-02-24 20:10:29,141 [Listener at 0.0.0.0/46319] INFO  ha.OMHANodeDetails (OMHANodeDetails.java:getOMNodeDetailsForNonHA(254)) - OM Service ID is not set. Setting it to the default ID: omServiceIdDefault
2023-02-24 20:10:29,141 [Listener at 0.0.0.0/46319] INFO  ha.OMHANodeDetails (OMHANodeDetails.java:getOMNodeDetailsForNonHA(261)) - OM Node ID is not set. Setting it to the default ID: om1
2023-02-24 20:10:29,156 [Listener at 0.0.0.0/46319] WARN  server.ServerUtils (ServerUtils.java:getDBPath(225)) - ozone.om.db.dirs is not configured. We recommend adding this setting. Falling back to ozone.metadata.dirs instead.
2023-02-24 20:10:29,159 [Listener at 0.0.0.0/46319] INFO  upgrade.AbstractLayoutVersionManager (AbstractLayoutVersionManager.java:init(83)) - Initializing Layout version manager with metadata layout = MULTITENANCY_SCHEMA (version = 3), software layout = MULTITENANCY_SCHEMA (version = 3)
2023-02-24 20:10:29,242 [Listener at 0.0.0.0/46319] INFO  reflections.Reflections (Reflections.java:scan(232)) - Reflections took 79 ms to scan 2 urls, producing 167 keys and 459 values [using 2 cores]
2023-02-24 20:10:29,246 [Listener at 0.0.0.0/46319] INFO  upgrade.OMLayoutVersionManager (OMLayoutVersionManager.java:lambda$0(115)) - Skipping Upgrade Action MockOmUpgradeAction since it has been finalized.
2023-02-24 20:10:29,247 [Listener at 0.0.0.0/46319] WARN  server.ServerUtils (ServerUtils.java:getDBPath(225)) - ozone.om.db.dirs is not configured. We recommend adding this setting. Falling back to ozone.metadata.dirs instead.
2023-02-24 20:10:29,405 [Listener at 0.0.0.0/46319] INFO  proxy.SCMBlockLocationFailoverProxyProvider (SCMBlockLocationFailoverProxyProvider.java:<init>(114)) - Created block location fail-over proxy with 1 nodes: [nodeId=scmNodeId,nodeAddress=/0.0.0.0:33799]
2023-02-24 20:10:29,436 [Listener at 0.0.0.0/46319] INFO  proxy.SCMBlockLocationFailoverProxyProvider (SCMBlockLocationFailoverProxyProvider.java:<init>(114)) - Created block location fail-over proxy with 1 nodes: [nodeId=scmNodeId,nodeAddress=/0.0.0.0:33799]
2023-02-24 20:10:29,621 [Listener at 0.0.0.0/46319] INFO  om.OzoneManager (OzoneManager.java:<init>(617)) - OM start with adminUsers: [runner]
2023-02-24 20:10:29,633 [Listener at 0.0.0.0/46319] WARN  server.ServerUtils (ServerUtils.java:getDBPath(225)) - ozone.om.db.dirs is not configured. We recommend adding this setting. Falling back to ozone.metadata.dirs instead.
2023-02-24 20:10:29,639 [Listener at 0.0.0.0/46319] INFO  codec.OmKeyInfoCodec (OmKeyInfoCodec.java:<init>(49)) - OmKeyInfoCodec ignorePipeline = true
2023-02-24 20:10:29,640 [Listener at 0.0.0.0/46319] INFO  codec.RepeatedOmKeyInfoCodec (RepeatedOmKeyInfoCodec.java:<init>(41)) - RepeatedOmKeyInfoCodec ignorePipeline = true
2023-02-24 20:10:29,832 [Listener at 0.0.0.0/46319] INFO  om.OzoneManager (OzoneManager.java:instantiateServices(747)) - S3 Multi-Tenancy is disabled
2023-02-24 20:10:29,857 [Listener at 0.0.0.0/46319] WARN  server.ServerUtils (ServerUtils.java:getDBPath(225)) - ozone.om.snapshot.diff.db.dir is not configured. We recommend adding this setting. Falling back to ozone.metadata.dirs instead.
2023-02-24 20:10:29,947 [Listener at 0.0.0.0/46319] INFO  om.OzoneManager (OzoneManager.java:addS3GVolumeToDB(4209)) - Created Volume s3v With Owner runner required for S3Gateway operations.
2023-02-24 20:10:29,955 [Listener at 0.0.0.0/46319] INFO  om.OzoneManager (OzoneManager.java:getRpcServer(1130)) - Creating RPC Server
2023-02-24 20:10:30,593 [Listener at 0.0.0.0/46319] INFO  reflections.Reflections (Reflections.java:scan(232)) - Reflections took 576 ms to scan 19 urls, producing 69 keys and 4856 values [using 2 cores]
2023-02-24 20:10:30,787 [Listener at 0.0.0.0/46319] INFO  ipc.CallQueueManager (CallQueueManager.java:<init>(90)) - Using callQueue: class java.util.concurrent.LinkedBlockingQueue, queueCapacity: 2000, scheduler: class org.apache.hadoop.ipc.DefaultRpcScheduler, ipcBackoff: false.
2023-02-24 20:10:30,790 [Socket Reader #1 for port 0] INFO  ipc.Server (Server.java:run(1273)) - Starting Socket Reader #1 for port 0
2023-02-24 20:10:30,831 [Listener at 127.0.0.1/43437] INFO  impl.MetricsSystemImpl (MetricsSystemImpl.java:init(158)) - OzoneManager metrics system started (again)
2023-02-24 20:10:30,844 [Listener at 127.0.0.1/43437] INFO  om.OzoneManager (OzoneManager.java:start(1550)) - OzoneManager RPC server is listening at localhost/127.0.0.1:43437
2023-02-24 20:10:30,845 [Listener at 127.0.0.1/43437] INFO  om.OzoneManager (OzoneManager.java:start(1566)) - Version File has different layout version (3) than OM DB (null). That is expected if this OM has never been finalized to a newer layout version.
2023-02-24 20:10:30,874 [Listener at 127.0.0.1/43437] INFO  http.BaseHttpServer (BaseHttpServer.java:newHttpServer2BuilderForOzone(213)) - Starting Web-server for ozoneManager at: http://0.0.0.0:0
2023-02-24 20:10:30,875 [Listener at 127.0.0.1/43437] INFO  http.BaseHttpServer (BaseHttpServer.java:<init>(108)) - Hadoop Security Enabled: false Ozone Security Enabled: false Ozone HTTP Security Enabled: false 
2023-02-24 20:10:30,876 [Listener at 127.0.0.1/43437] WARN  server.AuthenticationFilter (AuthenticationFilter.java:constructSecretProvider(240)) - Unable to initialize FileSignerSecretProvider, falling back to use random secrets. Reason: Could not read signature secret file: /home/runner/hadoop-http-auth-signature-secret
2023-02-24 20:10:30,879 [Listener at 127.0.0.1/43437] WARN  http.HttpRequestLog (HttpRequestLog.java:getRequestLog(103)) - Jetty request log can only be enabled using Log4j
2023-02-24 20:10:30,880 [Listener at 127.0.0.1/43437] INFO  http.HttpServer2 (HttpServer2.java:addGlobalFilter(1031)) - Added global filter 'safety' (class=org.apache.hadoop.hdds.server.http.HttpServer2$QuotingInputFilter)
2023-02-24 20:10:30,881 [Listener at 127.0.0.1/43437] INFO  http.HttpServer2 (HttpServer2.java:addFilter(1007)) - Added filter static_user_filter (class=org.apache.hadoop.http.lib.StaticUserWebFilter$StaticUserFilter) to context ozoneManager
2023-02-24 20:10:30,881 [Listener at 127.0.0.1/43437] INFO  http.HttpServer2 (HttpServer2.java:addFilter(1015)) - Added filter static_user_filter (class=org.apache.hadoop.http.lib.StaticUserWebFilter$StaticUserFilter) to context static
2023-02-24 20:10:30,882 [Listener at 127.0.0.1/43437] INFO  http.HttpServer2 (HttpServer2.java:addFilter(1015)) - Added filter static_user_filter (class=org.apache.hadoop.http.lib.StaticUserWebFilter$StaticUserFilter) to context logs
2023-02-24 20:10:30,884 [Listener at 127.0.0.1/43437] INFO  http.HttpServer2 (HttpServer2.java:bindListener(1250)) - Jetty bound to port 35541
2023-02-24 20:10:30,884 [Listener at 127.0.0.1/43437] INFO  server.Server (Server.java:doStart(375)) - jetty-9.4.49.v20220914; built: 2022-09-14T01:07:36.601Z; git: 4231a3b2e4cb8548a412a789936d640a97b1aa0a; jvm 1.8.0_362-b09
2023-02-24 20:10:30,889 [Listener at 127.0.0.1/43437] INFO  server.session (DefaultSessionIdManager.java:doStart(334)) - DefaultSessionIdManager workerName=node0
2023-02-24 20:10:30,889 [Listener at 127.0.0.1/43437] INFO  server.session (DefaultSessionIdManager.java:doStart(339)) - No SessionScavenger set, using defaults
2023-02-24 20:10:30,889 [Listener at 127.0.0.1/43437] INFO  server.session (HouseKeeper.java:startScavenging(132)) - node0 Scavenging every 600000ms
2023-02-24 20:10:30,890 [Listener at 127.0.0.1/43437] INFO  handler.ContextHandler (ContextHandler.java:doStart(921)) - Started o.e.j.s.ServletContextHandler@49907e76{logs,/logs,file:///home/runner/work/ozone/ozone/hadoop-ozone/integration-test/target/log,AVAILABLE}
2023-02-24 20:10:30,891 [Listener at 127.0.0.1/43437] INFO  handler.ContextHandler (ContextHandler.java:doStart(921)) - Started o.e.j.s.ServletContextHandler@2c04e8e7{static,/static,file:///home/runner/work/ozone/ozone/hadoop-ozone/integration-test/target/test-classes/webapps/static,AVAILABLE}
2023-02-24 20:10:30,896 [Listener at 127.0.0.1/43437] INFO  handler.ContextHandler (ContextHandler.java:doStart(921)) - Started o.e.j.w.WebAppContext@6cfd694a{ozoneManager,/,file:///home/runner/work/ozone/ozone/hadoop-ozone/integration-test/target/test-classes/webapps/ozoneManager/,AVAILABLE}{file:/home/runner/work/ozone/ozone/hadoop-ozone/integration-test/target/test-classes/webapps/ozoneManager}
2023-02-24 20:10:30,903 [Listener at 127.0.0.1/43437] INFO  server.AbstractConnector (AbstractConnector.java:doStart(333)) - Started ServerConnector@44c65be4{HTTP/1.1, (http/1.1)}{0.0.0.0:35541}
2023-02-24 20:10:30,903 [Listener at 127.0.0.1/43437] INFO  server.Server (Server.java:doStart(415)) - Started @6067ms
2023-02-24 20:10:30,904 [Listener at 127.0.0.1/43437] WARN  impl.MetricsSystemImpl (MetricsSystemImpl.java:register(279)) - Sink prometheus already exists!
2023-02-24 20:10:30,904 [Listener at 127.0.0.1/43437] INFO  http.BaseHttpServer (BaseHttpServer.java:updateConnectorAddress(333)) - HTTP server of ozoneManager listening at http://0.0.0.0:35541
2023-02-24 20:10:30,905 [IPC Server Responder] INFO  ipc.Server (Server.java:run(1512)) - IPC Server Responder: starting
2023-02-24 20:10:30,905 [IPC Server listener on 0] INFO  ipc.Server (Server.java:run(1352)) - IPC Server listener on 0: starting
2023-02-24 20:10:30,912 [Listener at 127.0.0.1/43437] INFO  om.OzoneManager (OzoneManager.java:startTrashEmptier(2037)) - Trash Interval set to 0. Files deleted won't move to trash
2023-02-24 20:10:30,923 [org.apache.hadoop.util.JvmPauseMonitor$Monitor@7d1237a3] INFO  util.JvmPauseMonitor (JvmPauseMonitor.java:run(188)) - Starting JVM pause monitor
2023-02-24 20:10:31,054 [Listener at 127.0.0.1/43437] INFO  impl.MetricsSystemImpl (MetricsSystemImpl.java:init(158)) - HddsDatanode metrics system started (again)
2023-02-24 20:10:31,072 [Listener at 127.0.0.1/43437] INFO  ozone.HddsDatanodeService (HddsDatanodeService.java:start(228)) - HddsDatanodeService host:fv-az204-30 ip:10.1.1.26
2023-02-24 20:10:31,104 [Listener at 127.0.0.1/43437] INFO  upgrade.AbstractLayoutVersionManager (AbstractLayoutVersionManager.java:init(83)) - Initializing Layout version manager with metadata layout = DATANODE_SCHEMA_V3 (version = 4), software layout = DATANODE_SCHEMA_V3 (version = 4)
2023-02-24 20:10:31,158 [Listener at 127.0.0.1/43437] INFO  reflections.Reflections (Reflections.java:scan(232)) - Reflections took 49 ms to scan 7 urls, producing 151 keys and 363 values 
2023-02-24 20:10:31,166 [Listener at 127.0.0.1/43437] INFO  statemachine.DatanodeStateMachine (DatanodeStateMachine.java:getEndPointTaskThreadPoolSize(260)) - Datanode State Machine Task Thread Pool size 2
2023-02-24 20:10:31,272 [Listener at 127.0.0.1/43437] INFO  volume.HddsVolume (HddsVolume.java:<init>(122)) - Creating HddsVolume: /home/runner/work/ozone/ozone/hadoop-ozone/integration-test/target/test-dir/MiniOzoneClusterImpl-ab6f6114-744a-42fd-85e1-7d45e58ce038/datanode-0/data-0/containers/hdds of storage type : DISK capacity : 9223372036854775807
2023-02-24 20:10:31,274 [Listener at 127.0.0.1/43437] INFO  volume.MutableVolumeSet (MutableVolumeSet.java:initializeVolumeSet(174)) - Added Volume : /home/runner/work/ozone/ozone/hadoop-ozone/integration-test/target/test-dir/MiniOzoneClusterImpl-ab6f6114-744a-42fd-85e1-7d45e58ce038/datanode-0/data-0/containers/hdds to VolumeSet
2023-02-24 20:10:31,275 [Listener at 127.0.0.1/43437] INFO  volume.ThrottledAsyncChecker (ThrottledAsyncChecker.java:schedule(141)) - Scheduling a check for /home/runner/work/ozone/ozone/hadoop-ozone/integration-test/target/test-dir/MiniOzoneClusterImpl-ab6f6114-744a-42fd-85e1-7d45e58ce038/datanode-0/data-0/containers/hdds
2023-02-24 20:10:31,291 [Listener at 127.0.0.1/43437] INFO  volume.StorageVolumeChecker (StorageVolumeChecker.java:checkAllVolumes(202)) - Scheduled health check for volume /home/runner/work/ozone/ozone/hadoop-ozone/integration-test/target/test-dir/MiniOzoneClusterImpl-ab6f6114-744a-42fd-85e1-7d45e58ce038/datanode-0/data-0/containers/hdds
2023-02-24 20:10:31,312 [Listener at 127.0.0.1/43437] INFO  volume.MutableVolumeSet (MutableVolumeSet.java:initializeVolumeSet(174)) - Added Volume : /home/runner/work/ozone/ozone/hadoop-ozone/integration-test/target/test-dir/MiniOzoneClusterImpl-ab6f6114-744a-42fd-85e1-7d45e58ce038/datanode-0/data/ratis to VolumeSet
2023-02-24 20:10:31,313 [Listener at 127.0.0.1/43437] INFO  volume.ThrottledAsyncChecker (ThrottledAsyncChecker.java:schedule(141)) - Scheduling a check for /home/runner/work/ozone/ozone/hadoop-ozone/integration-test/target/test-dir/MiniOzoneClusterImpl-ab6f6114-744a-42fd-85e1-7d45e58ce038/datanode-0/data/ratis
2023-02-24 20:10:31,313 [Listener at 127.0.0.1/43437] INFO  volume.StorageVolumeChecker (StorageVolumeChecker.java:checkAllVolumes(202)) - Scheduled health check for volume /home/runner/work/ozone/ozone/hadoop-ozone/integration-test/target/test-dir/MiniOzoneClusterImpl-ab6f6114-744a-42fd-85e1-7d45e58ce038/datanode-0/data/ratis
2023-02-24 20:10:31,343 [Thread-132] INFO  ozoneimpl.ContainerReader (ContainerReader.java:readVolume(175)) - Finish verifying containers on volume /home/runner/work/ozone/ozone/hadoop-ozone/integration-test/target/test-dir/MiniOzoneClusterImpl-ab6f6114-744a-42fd-85e1-7d45e58ce038/datanode-0/data-0/containers/hdds
2023-02-24 20:10:31,343 [Listener at 127.0.0.1/43437] INFO  ozoneimpl.OzoneContainer (OzoneContainer.java:buildContainerSet(304)) - Build ContainerSet costs 0s
2023-02-24 20:10:31,395 [Listener at 127.0.0.1/43437] INFO  audit.AuditLogger (AuditLogger.java:refreshDebugCmdSet(126)) - Refresh DebugCmdSet for DNAudit to [].
2023-02-24 20:10:31,494 [Listener at 127.0.0.1/43437] INFO  server.RaftServer (ConfUtils.java:logGet(46)) - raft.rpc.type = GRPC (default)
2023-02-24 20:10:31,555 [Listener at 127.0.0.1/43437] INFO  grpc.GrpcConfigKeys (ConfUtils.java:logFallback(53)) - raft.grpc.admin.host = null (fallback to raft.grpc.server.host)
2023-02-24 20:10:31,557 [Listener at 127.0.0.1/43437] INFO  grpc.GrpcConfigKeys (ConfUtils.java:logGet(46)) - raft.grpc.admin.port = 0 (custom)
2023-02-24 20:10:31,557 [Listener at 127.0.0.1/43437] INFO  grpc.GrpcConfigKeys (ConfUtils.java:logFallback(53)) - raft.grpc.client.host = null (fallback to raft.grpc.server.host)
2023-02-24 20:10:31,557 [Listener at 127.0.0.1/43437] INFO  grpc.GrpcConfigKeys (ConfUtils.java:logGet(46)) - raft.grpc.client.port = 0 (custom)
2023-02-24 20:10:31,558 [Listener at 127.0.0.1/43437] INFO  grpc.GrpcConfigKeys (ConfUtils.java:logGet(46)) - raft.grpc.server.host = null (default)
2023-02-24 20:10:31,558 [Listener at 127.0.0.1/43437] INFO  grpc.GrpcConfigKeys (ConfUtils.java:logGet(46)) - raft.grpc.server.port = 0 (default)
2023-02-24 20:10:31,560 [Listener at 127.0.0.1/43437] INFO  server.GrpcService (ConfUtils.java:logGet(46)) - raft.grpc.message.size.max = 32MB (=33554432) (custom)
2023-02-24 20:10:31,560 [Listener at 127.0.0.1/43437] INFO  server.RaftServerConfigKeys (ConfUtils.java:logGet(46)) - raft.server.log.appender.buffer.byte-limit = 33554432 (custom)
2023-02-24 20:10:31,561 [Listener at 127.0.0.1/43437] INFO  server.GrpcService (ConfUtils.java:logGet(46)) - raft.grpc.flow.control.window = 5MB (=5242880) (custom)
2023-02-24 20:10:31,561 [Listener at 127.0.0.1/43437] INFO  server.RaftServerConfigKeys (ConfUtils.java:logGet(46)) - raft.server.rpc.request.timeout = 60s (custom)
2023-02-24 20:10:31,572 [Listener at 127.0.0.1/43437] INFO  grpc.GrpcConfigKeys (ConfUtils.java:logGet(46)) - raft.grpc.server.heartbeat.channel = true (default)
2023-02-24 20:10:31,577 [Listener at 127.0.0.1/43437] INFO  grpc.GrpcConfigKeys (ConfUtils.java:logGet(46)) - raft.grpc.server.async.request.thread.pool.cached = true (default)
2023-02-24 20:10:31,578 [Listener at 127.0.0.1/43437] INFO  grpc.GrpcConfigKeys (ConfUtils.java:logGet(46)) - raft.grpc.server.async.request.thread.pool.size = 32 (default)
2023-02-24 20:10:31,910 [Listener at 127.0.0.1/43437] INFO  impl.DataStreamServerImpl (ConfUtils.java:logGet(46)) - raft.datastream.type = NETTY (custom)
2023-02-24 20:10:31,929 [Listener at 127.0.0.1/43437] INFO  server.RaftServerConfigKeys (ConfUtils.java:logGet(46)) - raft.server.data-stream.async.request.thread.pool.cached = false (default)
2023-02-24 20:10:31,929 [Listener at 127.0.0.1/43437] INFO  server.RaftServerConfigKeys (ConfUtils.java:logGet(46)) - raft.server.data-stream.async.request.thread.pool.size = 20 (custom)
2023-02-24 20:10:31,930 [Listener at 127.0.0.1/43437] INFO  server.RaftServerConfigKeys (ConfUtils.java:logGet(46)) - raft.server.data-stream.async.write.thread.pool.size = 16 (default)
2023-02-24 20:10:31,931 [Listener at 127.0.0.1/43437] INFO  server.RaftServerConfigKeys (ConfUtils.java:logGet(46)) - raft.server.data-stream.client.pool.size = 10 (default)
2023-02-24 20:10:31,934 [Listener at 127.0.0.1/43437] INFO  netty.NettyConfigKeys$DataStream (ConfUtils.java:logGet(46)) - raft.netty.dataStream.server.use-epoll = false (default)
2023-02-24 20:10:31,935 [Listener at 127.0.0.1/43437] INFO  netty.NettyConfigKeys$DataStream (ConfUtils.java:logGet(46)) - raft.netty.dataStream.server.boss-group.size = 0 (default)
2023-02-24 20:10:31,941 [Listener at 127.0.0.1/43437] INFO  netty.NettyConfigKeys$DataStream (ConfUtils.java:logGet(46)) - raft.netty.dataStream.server.worker-group.size = 0 (default)
2023-02-24 20:10:31,942 [Listener at 127.0.0.1/43437] INFO  netty.NettyConfigKeys$DataStream (ConfUtils.java:logGet(46)) - raft.netty.dataStream.server.tls.conf = null (default)
2023-02-24 20:10:31,943 [Listener at 127.0.0.1/43437] INFO  netty.NettyConfigKeys$DataStream (ConfUtils.java:logGet(46)) - raft.netty.dataStream.host = null (default)
2023-02-24 20:10:31,944 [Listener at 127.0.0.1/43437] INFO  netty.NettyConfigKeys$DataStream (ConfUtils.java:logGet(46)) - raft.netty.dataStream.port = 0 (default)
2023-02-24 20:10:31,985 [Listener at 127.0.0.1/43437] INFO  server.RaftServerConfigKeys (ConfUtils.java:logGet(46)) - raft.server.threadpool.proxy.cached = true (default)
2023-02-24 20:10:31,987 [Listener at 127.0.0.1/43437] INFO  server.RaftServerConfigKeys (ConfUtils.java:logGet(46)) - raft.server.threadpool.proxy.size = 0 (default)
2023-02-24 20:10:31,988 [Listener at 127.0.0.1/43437] INFO  server.RaftServerConfigKeys (ConfUtils.java:logGet(46)) - raft.server.rpc.slowness.timeout = 300s (custom)
2023-02-24 20:10:31,988 [Listener at 127.0.0.1/43437] INFO  server.RaftServerConfigKeys (ConfUtils.java:logGet(46)) - raft.server.leaderelection.leader.step-down.wait-time = 10s (default)
2023-02-24 20:10:31,993 [Listener at 127.0.0.1/43437] INFO  server.RaftServerConfigKeys (ConfUtils.java:logGet(46)) - raft.server.storage.dir = [/home/runner/work/ozone/ozone/hadoop-ozone/integration-test/target/test-dir/MiniOzoneClusterImpl-ab6f6114-744a-42fd-85e1-7d45e58ce038/datanode-0/data/ratis] (custom)
2023-02-24 20:10:32,010 [050a2386-abc0-44f5-8cc9-5549fa72667c-NettyServerStreamRpc-bossGroup--thread1] INFO  logging.LoggingHandler (AbstractInternalLogger.java:log(148)) - [id: 0x0c973a55] REGISTERED
2023-02-24 20:10:32,013 [050a2386-abc0-44f5-8cc9-5549fa72667c-NettyServerStreamRpc-bossGroup--thread1] INFO  logging.LoggingHandler (AbstractInternalLogger.java:log(148)) - [id: 0x0c973a55] BIND: 0.0.0.0/0.0.0.0:0
2023-02-24 20:10:32,015 [Listener at 127.0.0.1/43437] INFO  server.XceiverServerGrpc (XceiverServerGrpc.java:<init>(132)) - GrpcServer channel type EpollServerSocketChannel
2023-02-24 20:10:32,017 [050a2386-abc0-44f5-8cc9-5549fa72667c-NettyServerStreamRpc-bossGroup--thread1] INFO  logging.LoggingHandler (AbstractInternalLogger.java:log(148)) - [id: 0x0c973a55, L:/0:0:0:0:0:0:0:0:42849] ACTIVE
2023-02-24 20:10:32,083 [Listener at 127.0.0.1/43437] INFO  http.BaseHttpServer (BaseHttpServer.java:newHttpServer2BuilderForOzone(213)) - Starting Web-server for hddsDatanode at: http://0.0.0.0:0
2023-02-24 20:10:32,083 [Listener at 127.0.0.1/43437] INFO  http.BaseHttpServer (BaseHttpServer.java:<init>(108)) - Hadoop Security Enabled: false Ozone Security Enabled: false Ozone HTTP Security Enabled: false 
2023-02-24 20:10:32,085 [Listener at 127.0.0.1/43437] WARN  server.AuthenticationFilter (AuthenticationFilter.java:constructSecretProvider(240)) - Unable to initialize FileSignerSecretProvider, falling back to use random secrets. Reason: Could not read signature secret file: /home/runner/hadoop-http-auth-signature-secret
2023-02-24 20:10:32,085 [Listener at 127.0.0.1/43437] WARN  http.HttpRequestLog (HttpRequestLog.java:getRequestLog(103)) - Jetty request log can only be enabled using Log4j
2023-02-24 20:10:32,087 [Listener at 127.0.0.1/43437] INFO  http.HttpServer2 (HttpServer2.java:addGlobalFilter(1031)) - Added global filter 'safety' (class=org.apache.hadoop.hdds.server.http.HttpServer2$QuotingInputFilter)
2023-02-24 20:10:32,088 [Listener at 127.0.0.1/43437] INFO  http.HttpServer2 (HttpServer2.java:addFilter(1007)) - Added filter static_user_filter (class=org.apache.hadoop.http.lib.StaticUserWebFilter$StaticUserFilter) to context hddsDatanode
2023-02-24 20:10:32,088 [Listener at 127.0.0.1/43437] INFO  http.HttpServer2 (HttpServer2.java:addFilter(1015)) - Added filter static_user_filter (class=org.apache.hadoop.http.lib.StaticUserWebFilter$StaticUserFilter) to context static
2023-02-24 20:10:32,088 [Listener at 127.0.0.1/43437] INFO  http.HttpServer2 (HttpServer2.java:addFilter(1015)) - Added filter static_user_filter (class=org.apache.hadoop.http.lib.StaticUserWebFilter$StaticUserFilter) to context logs
2023-02-24 20:10:32,089 [Listener at 127.0.0.1/43437] INFO  http.HttpServer2 (HttpServer2.java:bindListener(1250)) - Jetty bound to port 41979
2023-02-24 20:10:32,089 [Listener at 127.0.0.1/43437] INFO  server.Server (Server.java:doStart(375)) - jetty-9.4.49.v20220914; built: 2022-09-14T01:07:36.601Z; git: 4231a3b2e4cb8548a412a789936d640a97b1aa0a; jvm 1.8.0_362-b09
2023-02-24 20:10:32,097 [Listener at 127.0.0.1/43437] INFO  server.session (DefaultSessionIdManager.java:doStart(334)) - DefaultSessionIdManager workerName=node0
2023-02-24 20:10:32,097 [Listener at 127.0.0.1/43437] INFO  server.session (DefaultSessionIdManager.java:doStart(339)) - No SessionScavenger set, using defaults
2023-02-24 20:10:32,097 [Listener at 127.0.0.1/43437] INFO  server.session (HouseKeeper.java:startScavenging(132)) - node0 Scavenging every 600000ms
2023-02-24 20:10:32,098 [Listener at 127.0.0.1/43437] INFO  handler.ContextHandler (ContextHandler.java:doStart(921)) - Started o.e.j.s.ServletContextHandler@5157d57c{logs,/logs,file:///home/runner/work/ozone/ozone/hadoop-ozone/integration-test/target/log,AVAILABLE}
2023-02-24 20:10:32,098 [Listener at 127.0.0.1/43437] INFO  handler.ContextHandler (ContextHandler.java:doStart(921)) - Started o.e.j.s.ServletContextHandler@67b47b31{static,/static,jar:file:/home/runner/.m2/repository/org/apache/ozone/hdds-container-service/1.4.0-SNAPSHOT/hdds-container-service-1.4.0-SNAPSHOT.jar!/webapps/static,AVAILABLE}
2023-02-24 20:10:32,307 [Listener at 127.0.0.1/43437] INFO  handler.ContextHandler (ContextHandler.java:doStart(921)) - Started o.e.j.w.WebAppContext@538f2df7{hddsDatanode,/,file:///tmp/jetty-0_0_0_0-41979-hdds-container-service-1_4_0-SNAPSHOT_jar-_-any-1963989178265157568/webapp/,AVAILABLE}{jar:file:/home/runner/.m2/repository/org/apache/ozone/hdds-container-service/1.4.0-SNAPSHOT/hdds-container-service-1.4.0-SNAPSHOT.jar!/webapps/hddsDatanode}
2023-02-24 20:10:32,312 [Listener at 127.0.0.1/43437] INFO  server.AbstractConnector (AbstractConnector.java:doStart(333)) - Started ServerConnector@1605ab7b{HTTP/1.1, (http/1.1)}{0.0.0.0:41979}
2023-02-24 20:10:32,313 [Listener at 127.0.0.1/43437] INFO  server.Server (Server.java:doStart(415)) - Started @7476ms
2023-02-24 20:10:32,313 [Listener at 127.0.0.1/43437] WARN  impl.MetricsSystemImpl (MetricsSystemImpl.java:register(279)) - Sink prometheus already exists!
2023-02-24 20:10:32,314 [Listener at 127.0.0.1/43437] INFO  http.BaseHttpServer (BaseHttpServer.java:updateConnectorAddress(333)) - HTTP server of hddsDatanode listening at http://0.0.0.0:41979
2023-02-24 20:10:32,318 [Listener at 127.0.0.1/43437] WARN  impl.MetricRegistriesImpl (MetricRegistriesImpl.java:addReporterRegistration(111)) - New reporters are added after registries were created. Some metrics will be missing from the reporter. Please add reporter before adding any new registry.
2023-02-24 20:10:32,318 [Listener at 127.0.0.1/43437] WARN  impl.MetricRegistriesImpl (MetricRegistriesImpl.java:addReporterRegistration(111)) - New reporters are added after registries were created. Some metrics will be missing from the reporter. Please add reporter before adding any new registry.
2023-02-24 20:10:32,319 [Listener at 127.0.0.1/43437] INFO  impl.MetricsSystemImpl (MetricsSystemImpl.java:init(158)) - HddsDatanode metrics system started (again)
2023-02-24 20:10:32,321 [Datanode State Machine Daemon Thread] INFO  statemachine.DatanodeStateMachine (DatanodeStateMachine.java:lambda$startDaemon$0(516)) - Ozone container server started.
2023-02-24 20:10:32,338 [Listener at 127.0.0.1/43437] INFO  ozone.HddsDatanodeService (HddsDatanodeService.java:start(228)) - HddsDatanodeService host:fv-az204-30 ip:10.1.1.26
2023-02-24 20:10:32,349 [org.apache.hadoop.util.JvmPauseMonitor$Monitor@44388cc8] INFO  util.JvmPauseMonitor (JvmPauseMonitor.java:run(188)) - Starting JVM pause monitor
2023-02-24 20:10:32,379 [Listener at 127.0.0.1/43437] INFO  upgrade.AbstractLayoutVersionManager (AbstractLayoutVersionManager.java:init(83)) - Initializing Layout version manager with metadata layout = DATANODE_SCHEMA_V3 (version = 4), software layout = DATANODE_SCHEMA_V3 (version = 4)
2023-02-24 20:10:32,430 [Listener at 127.0.0.1/43437] INFO  reflections.Reflections (Reflections.java:scan(232)) - Reflections took 48 ms to scan 7 urls, producing 151 keys and 363 values 
2023-02-24 20:10:32,434 [Listener at 127.0.0.1/43437] INFO  statemachine.DatanodeStateMachine (DatanodeStateMachine.java:getEndPointTaskThreadPoolSize(260)) - Datanode State Machine Task Thread Pool size 2
2023-02-24 20:10:32,437 [Listener at 127.0.0.1/43437] INFO  volume.HddsVolume (HddsVolume.java:<init>(122)) - Creating HddsVolume: /home/runner/work/ozone/ozone/hadoop-ozone/integration-test/target/test-dir/MiniOzoneClusterImpl-ab6f6114-744a-42fd-85e1-7d45e58ce038/datanode-1/data-0/containers/hdds of storage type : DISK capacity : 9223372036854775807
2023-02-24 20:10:32,437 [Listener at 127.0.0.1/43437] INFO  volume.MutableVolumeSet (MutableVolumeSet.java:initializeVolumeSet(174)) - Added Volume : /home/runner/work/ozone/ozone/hadoop-ozone/integration-test/target/test-dir/MiniOzoneClusterImpl-ab6f6114-744a-42fd-85e1-7d45e58ce038/datanode-1/data-0/containers/hdds to VolumeSet
2023-02-24 20:10:32,437 [Listener at 127.0.0.1/43437] INFO  volume.ThrottledAsyncChecker (ThrottledAsyncChecker.java:schedule(141)) - Scheduling a check for /home/runner/work/ozone/ozone/hadoop-ozone/integration-test/target/test-dir/MiniOzoneClusterImpl-ab6f6114-744a-42fd-85e1-7d45e58ce038/datanode-1/data-0/containers/hdds
2023-02-24 20:10:32,438 [Listener at 127.0.0.1/43437] INFO  volume.StorageVolumeChecker (StorageVolumeChecker.java:checkAllVolumes(202)) - Scheduled health check for volume /home/runner/work/ozone/ozone/hadoop-ozone/integration-test/target/test-dir/MiniOzoneClusterImpl-ab6f6114-744a-42fd-85e1-7d45e58ce038/datanode-1/data-0/containers/hdds
2023-02-24 20:10:32,453 [Listener at 127.0.0.1/43437] INFO  volume.MutableVolumeSet (MutableVolumeSet.java:initializeVolumeSet(174)) - Added Volume : /home/runner/work/ozone/ozone/hadoop-ozone/integration-test/target/test-dir/MiniOzoneClusterImpl-ab6f6114-744a-42fd-85e1-7d45e58ce038/datanode-1/data/ratis to VolumeSet
2023-02-24 20:10:32,453 [Listener at 127.0.0.1/43437] INFO  volume.ThrottledAsyncChecker (ThrottledAsyncChecker.java:schedule(141)) - Scheduling a check for /home/runner/work/ozone/ozone/hadoop-ozone/integration-test/target/test-dir/MiniOzoneClusterImpl-ab6f6114-744a-42fd-85e1-7d45e58ce038/datanode-1/data/ratis
2023-02-24 20:10:32,453 [Listener at 127.0.0.1/43437] INFO  volume.StorageVolumeChecker (StorageVolumeChecker.java:checkAllVolumes(202)) - Scheduled health check for volume /home/runner/work/ozone/ozone/hadoop-ozone/integration-test/target/test-dir/MiniOzoneClusterImpl-ab6f6114-744a-42fd-85e1-7d45e58ce038/datanode-1/data/ratis
2023-02-24 20:10:32,466 [Thread-146] INFO  ozoneimpl.ContainerReader (ContainerReader.java:readVolume(175)) - Finish verifying containers on volume /home/runner/work/ozone/ozone/hadoop-ozone/integration-test/target/test-dir/MiniOzoneClusterImpl-ab6f6114-744a-42fd-85e1-7d45e58ce038/datanode-1/data-0/containers/hdds
2023-02-24 20:10:32,467 [Listener at 127.0.0.1/43437] INFO  ozoneimpl.OzoneContainer (OzoneContainer.java:buildContainerSet(304)) - Build ContainerSet costs 0s
2023-02-24 20:10:32,471 [Listener at 127.0.0.1/43437] INFO  server.RaftServer (ConfUtils.java:logGet(46)) - raft.rpc.type = GRPC (default)
2023-02-24 20:10:32,472 [Listener at 127.0.0.1/43437] INFO  grpc.GrpcConfigKeys (ConfUtils.java:logFallback(53)) - raft.grpc.admin.host = null (fallback to raft.grpc.server.host)
2023-02-24 20:10:32,473 [Listener at 127.0.0.1/43437] INFO  grpc.GrpcConfigKeys (ConfUtils.java:logGet(46)) - raft.grpc.admin.port = 0 (custom)
2023-02-24 20:10:32,473 [Listener at 127.0.0.1/43437] INFO  grpc.GrpcConfigKeys (ConfUtils.java:logFallback(53)) - raft.grpc.client.host = null (fallback to raft.grpc.server.host)
2023-02-24 20:10:32,473 [Listener at 127.0.0.1/43437] INFO  grpc.GrpcConfigKeys (ConfUtils.java:logGet(46)) - raft.grpc.client.port = 0 (custom)
2023-02-24 20:10:32,473 [Listener at 127.0.0.1/43437] INFO  grpc.GrpcConfigKeys (ConfUtils.java:logGet(46)) - raft.grpc.server.host = null (default)
2023-02-24 20:10:32,473 [Listener at 127.0.0.1/43437] INFO  grpc.GrpcConfigKeys (ConfUtils.java:logGet(46)) - raft.grpc.server.port = 0 (default)
2023-02-24 20:10:32,473 [Listener at 127.0.0.1/43437] INFO  server.GrpcService (ConfUtils.java:logGet(46)) - raft.grpc.message.size.max = 32MB (=33554432) (custom)
2023-02-24 20:10:32,474 [Listener at 127.0.0.1/43437] INFO  server.RaftServerConfigKeys (ConfUtils.java:logGet(46)) - raft.server.log.appender.buffer.byte-limit = 33554432 (custom)
2023-02-24 20:10:32,474 [Listener at 127.0.0.1/43437] INFO  server.GrpcService (ConfUtils.java:logGet(46)) - raft.grpc.flow.control.window = 5MB (=5242880) (custom)
2023-02-24 20:10:32,474 [Listener at 127.0.0.1/43437] INFO  server.RaftServerConfigKeys (ConfUtils.java:logGet(46)) - raft.server.rpc.request.timeout = 60s (custom)
2023-02-24 20:10:32,474 [Listener at 127.0.0.1/43437] INFO  grpc.GrpcConfigKeys (ConfUtils.java:logGet(46)) - raft.grpc.server.heartbeat.channel = true (default)
2023-02-24 20:10:32,476 [Listener at 127.0.0.1/43437] INFO  grpc.GrpcConfigKeys (ConfUtils.java:logGet(46)) - raft.grpc.server.async.request.thread.pool.cached = true (default)
2023-02-24 20:10:32,476 [Listener at 127.0.0.1/43437] INFO  grpc.GrpcConfigKeys (ConfUtils.java:logGet(46)) - raft.grpc.server.async.request.thread.pool.size = 32 (default)
2023-02-24 20:10:32,477 [Listener at 127.0.0.1/43437] INFO  impl.DataStreamServerImpl (ConfUtils.java:logGet(46)) - raft.datastream.type = NETTY (custom)
2023-02-24 20:10:32,480 [Listener at 127.0.0.1/43437] INFO  server.RaftServerConfigKeys (ConfUtils.java:logGet(46)) - raft.server.data-stream.async.request.thread.pool.cached = false (default)
2023-02-24 20:10:32,480 [Listener at 127.0.0.1/43437] INFO  server.RaftServerConfigKeys (ConfUtils.java:logGet(46)) - raft.server.data-stream.async.request.thread.pool.size = 20 (custom)
2023-02-24 20:10:32,480 [Listener at 127.0.0.1/43437] INFO  server.RaftServerConfigKeys (ConfUtils.java:logGet(46)) - raft.server.data-stream.async.write.thread.pool.size = 16 (default)
2023-02-24 20:10:32,481 [Listener at 127.0.0.1/43437] INFO  server.RaftServerConfigKeys (ConfUtils.java:logGet(46)) - raft.server.data-stream.client.pool.size = 10 (default)
2023-02-24 20:10:32,481 [Listener at 127.0.0.1/43437] INFO  netty.NettyConfigKeys$DataStream (ConfUtils.java:logGet(46)) - raft.netty.dataStream.server.use-epoll = false (default)
2023-02-24 20:10:32,481 [Listener at 127.0.0.1/43437] INFO  netty.NettyConfigKeys$DataStream (ConfUtils.java:logGet(46)) - raft.netty.dataStream.server.boss-group.size = 0 (default)
2023-02-24 20:10:32,482 [Listener at 127.0.0.1/43437] INFO  netty.NettyConfigKeys$DataStream (ConfUtils.java:logGet(46)) - raft.netty.dataStream.server.worker-group.size = 0 (default)
2023-02-24 20:10:32,482 [Listener at 127.0.0.1/43437] INFO  netty.NettyConfigKeys$DataStream (ConfUtils.java:logGet(46)) - raft.netty.dataStream.server.tls.conf = null (default)
2023-02-24 20:10:32,482 [Listener at 127.0.0.1/43437] INFO  netty.NettyConfigKeys$DataStream (ConfUtils.java:logGet(46)) - raft.netty.dataStream.host = null (default)
2023-02-24 20:10:32,483 [Listener at 127.0.0.1/43437] INFO  netty.NettyConfigKeys$DataStream (ConfUtils.java:logGet(46)) - raft.netty.dataStream.port = 0 (default)
2023-02-24 20:10:32,486 [Listener at 127.0.0.1/43437] INFO  server.RaftServerConfigKeys (ConfUtils.java:logGet(46)) - raft.server.threadpool.proxy.cached = true (default)
2023-02-24 20:10:32,486 [Listener at 127.0.0.1/43437] INFO  server.RaftServerConfigKeys (ConfUtils.java:logGet(46)) - raft.server.threadpool.proxy.size = 0 (default)
2023-02-24 20:10:32,487 [Listener at 127.0.0.1/43437] INFO  server.RaftServerConfigKeys (ConfUtils.java:logGet(46)) - raft.server.rpc.slowness.timeout = 300s (custom)
2023-02-24 20:10:32,487 [Listener at 127.0.0.1/43437] INFO  server.RaftServerConfigKeys (ConfUtils.java:logGet(46)) - raft.server.leaderelection.leader.step-down.wait-time = 10s (default)
2023-02-24 20:10:32,487 [Listener at 127.0.0.1/43437] INFO  server.RaftServerConfigKeys (ConfUtils.java:logGet(46)) - raft.server.storage.dir = [/home/runner/work/ozone/ozone/hadoop-ozone/integration-test/target/test-dir/MiniOzoneClusterImpl-ab6f6114-744a-42fd-85e1-7d45e58ce038/datanode-1/data/ratis] (custom)
2023-02-24 20:10:32,493 [c4d23d98-1525-4b13-84f6-c163d1520877-NettyServerStreamRpc-bossGroup--thread1] INFO  logging.LoggingHandler (AbstractInternalLogger.java:log(148)) - [id: 0xcf225405] REGISTERED
2023-02-24 20:10:32,495 [Listener at 127.0.0.1/43437] INFO  server.XceiverServerGrpc (XceiverServerGrpc.java:<init>(132)) - GrpcServer channel type EpollServerSocketChannel
2023-02-24 20:10:32,501 [c4d23d98-1525-4b13-84f6-c163d1520877-NettyServerStreamRpc-bossGroup--thread1] INFO  logging.LoggingHandler (AbstractInternalLogger.java:log(148)) - [id: 0xcf225405] BIND: 0.0.0.0/0.0.0.0:0
2023-02-24 20:10:32,502 [c4d23d98-1525-4b13-84f6-c163d1520877-NettyServerStreamRpc-bossGroup--thread1] INFO  logging.LoggingHandler (AbstractInternalLogger.java:log(148)) - [id: 0xcf225405, L:/0:0:0:0:0:0:0:0:46437] ACTIVE
2023-02-24 20:10:32,503 [Listener at 127.0.0.1/43437] INFO  http.BaseHttpServer (BaseHttpServer.java:newHttpServer2BuilderForOzone(213)) - Starting Web-server for hddsDatanode at: http://0.0.0.0:0
2023-02-24 20:10:32,503 [Listener at 127.0.0.1/43437] INFO  http.BaseHttpServer (BaseHttpServer.java:<init>(108)) - Hadoop Security Enabled: false Ozone Security Enabled: false Ozone HTTP Security Enabled: false 
2023-02-24 20:10:32,504 [Listener at 127.0.0.1/43437] WARN  server.AuthenticationFilter (AuthenticationFilter.java:constructSecretProvider(240)) - Unable to initialize FileSignerSecretProvider, falling back to use random secrets. Reason: Could not read signature secret file: /home/runner/hadoop-http-auth-signature-secret
2023-02-24 20:10:32,507 [Listener at 127.0.0.1/43437] WARN  http.HttpRequestLog (HttpRequestLog.java:getRequestLog(103)) - Jetty request log can only be enabled using Log4j
2023-02-24 20:10:32,509 [Listener at 127.0.0.1/43437] INFO  http.HttpServer2 (HttpServer2.java:addGlobalFilter(1031)) - Added global filter 'safety' (class=org.apache.hadoop.hdds.server.http.HttpServer2$QuotingInputFilter)
2023-02-24 20:10:32,510 [Listener at 127.0.0.1/43437] INFO  http.HttpServer2 (HttpServer2.java:addFilter(1007)) - Added filter static_user_filter (class=org.apache.hadoop.http.lib.StaticUserWebFilter$StaticUserFilter) to context hddsDatanode
2023-02-24 20:10:32,511 [Listener at 127.0.0.1/43437] INFO  http.HttpServer2 (HttpServer2.java:addFilter(1015)) - Added filter static_user_filter (class=org.apache.hadoop.http.lib.StaticUserWebFilter$StaticUserFilter) to context logs
2023-02-24 20:10:32,512 [Listener at 127.0.0.1/43437] INFO  http.HttpServer2 (HttpServer2.java:addFilter(1015)) - Added filter static_user_filter (class=org.apache.hadoop.http.lib.StaticUserWebFilter$StaticUserFilter) to context static
2023-02-24 20:10:32,512 [Listener at 127.0.0.1/43437] INFO  http.HttpServer2 (HttpServer2.java:bindListener(1250)) - Jetty bound to port 40139
2023-02-24 20:10:32,512 [Listener at 127.0.0.1/43437] INFO  server.Server (Server.java:doStart(375)) - jetty-9.4.49.v20220914; built: 2022-09-14T01:07:36.601Z; git: 4231a3b2e4cb8548a412a789936d640a97b1aa0a; jvm 1.8.0_362-b09
2023-02-24 20:10:32,512 [Datanode State Machine Task Thread - 0] INFO  datanode.InitDatanodeState (InitDatanodeState.java:persistContainerDatanodeDetails(138)) - DatanodeDetails is persisted to /home/runner/work/ozone/ozone/hadoop-ozone/integration-test/target/test-dir/MiniOzoneClusterImpl-ab6f6114-744a-42fd-85e1-7d45e58ce038/datanode-0/meta/datanode.id
2023-02-24 20:10:32,514 [Listener at 127.0.0.1/43437] INFO  server.session (DefaultSessionIdManager.java:doStart(334)) - DefaultSessionIdManager workerName=node0
2023-02-24 20:10:32,514 [Listener at 127.0.0.1/43437] INFO  server.session (DefaultSessionIdManager.java:doStart(339)) - No SessionScavenger set, using defaults
2023-02-24 20:10:32,514 [Listener at 127.0.0.1/43437] INFO  server.session (HouseKeeper.java:startScavenging(132)) - node0 Scavenging every 660000ms
2023-02-24 20:10:32,515 [Listener at 127.0.0.1/43437] INFO  handler.ContextHandler (ContextHandler.java:doStart(921)) - Started o.e.j.s.ServletContextHandler@606ea72{logs,/logs,file:///home/runner/work/ozone/ozone/hadoop-ozone/integration-test/target/log,AVAILABLE}
2023-02-24 20:10:32,516 [Listener at 127.0.0.1/43437] INFO  handler.ContextHandler (ContextHandler.java:doStart(921)) - Started o.e.j.s.ServletContextHandler@75d80b46{static,/static,jar:file:/home/runner/.m2/repository/org/apache/ozone/hdds-container-service/1.4.0-SNAPSHOT/hdds-container-service-1.4.0-SNAPSHOT.jar!/webapps/static,AVAILABLE}
2023-02-24 20:10:32,719 [Listener at 127.0.0.1/43437] INFO  handler.ContextHandler (ContextHandler.java:doStart(921)) - Started o.e.j.w.WebAppContext@3a6f00f{hddsDatanode,/,file:///tmp/jetty-0_0_0_0-40139-hdds-container-service-1_4_0-SNAPSHOT_jar-_-any-6849033927301952787/webapp/,AVAILABLE}{jar:file:/home/runner/.m2/repository/org/apache/ozone/hdds-container-service/1.4.0-SNAPSHOT/hdds-container-service-1.4.0-SNAPSHOT.jar!/webapps/hddsDatanode}
2023-02-24 20:10:32,720 [Listener at 127.0.0.1/43437] INFO  server.AbstractConnector (AbstractConnector.java:doStart(333)) - Started ServerConnector@4bc71f6e{HTTP/1.1, (http/1.1)}{0.0.0.0:40139}
2023-02-24 20:10:32,721 [Listener at 127.0.0.1/43437] INFO  server.Server (Server.java:doStart(415)) - Started @7885ms
2023-02-24 20:10:32,721 [Listener at 127.0.0.1/43437] WARN  impl.MetricsSystemImpl (MetricsSystemImpl.java:register(279)) - Sink prometheus already exists!
2023-02-24 20:10:32,721 [Listener at 127.0.0.1/43437] INFO  http.BaseHttpServer (BaseHttpServer.java:updateConnectorAddress(333)) - HTTP server of hddsDatanode listening at http://0.0.0.0:40139
2023-02-24 20:10:32,722 [Listener at 127.0.0.1/43437] WARN  impl.MetricRegistriesImpl (MetricRegistriesImpl.java:addReporterRegistration(111)) - New reporters are added after registries were created. Some metrics will be missing from the reporter. Please add reporter before adding any new registry.
2023-02-24 20:10:32,722 [Listener at 127.0.0.1/43437] WARN  impl.MetricRegistriesImpl (MetricRegistriesImpl.java:addReporterRegistration(111)) - New reporters are added after registries were created. Some metrics will be missing from the reporter. Please add reporter before adding any new registry.
2023-02-24 20:10:32,722 [Listener at 127.0.0.1/43437] INFO  impl.MetricsSystemImpl (MetricsSystemImpl.java:init(158)) - HddsDatanode metrics system started (again)
2023-02-24 20:10:32,723 [Datanode State Machine Daemon Thread] INFO  statemachine.DatanodeStateMachine (DatanodeStateMachine.java:lambda$startDaemon$0(516)) - Ozone container server started.
2023-02-24 20:10:32,733 [org.apache.hadoop.util.JvmPauseMonitor$Monitor@885319f] INFO  util.JvmPauseMonitor (JvmPauseMonitor.java:run(188)) - Starting JVM pause monitor
2023-02-24 20:10:32,743 [Datanode State Machine Task Thread - 0] INFO  datanode.InitDatanodeState (InitDatanodeState.java:persistContainerDatanodeDetails(138)) - DatanodeDetails is persisted to /home/runner/work/ozone/ozone/hadoop-ozone/integration-test/target/test-dir/MiniOzoneClusterImpl-ab6f6114-744a-42fd-85e1-7d45e58ce038/datanode-1/meta/datanode.id
2023-02-24 20:10:32,755 [Listener at 127.0.0.1/43437] INFO  ozone.HddsDatanodeService (HddsDatanodeService.java:start(228)) - HddsDatanodeService host:fv-az204-30 ip:10.1.1.26
2023-02-24 20:10:32,779 [Listener at 127.0.0.1/43437] INFO  upgrade.AbstractLayoutVersionManager (AbstractLayoutVersionManager.java:init(83)) - Initializing Layout version manager with metadata layout = DATANODE_SCHEMA_V3 (version = 4), software layout = DATANODE_SCHEMA_V3 (version = 4)
2023-02-24 20:10:32,830 [Listener at 127.0.0.1/43437] INFO  reflections.Reflections (Reflections.java:scan(232)) - Reflections took 49 ms to scan 7 urls, producing 151 keys and 363 values 
2023-02-24 20:10:32,833 [Listener at 127.0.0.1/43437] INFO  statemachine.DatanodeStateMachine (DatanodeStateMachine.java:getEndPointTaskThreadPoolSize(260)) - Datanode State Machine Task Thread Pool size 2
2023-02-24 20:10:32,846 [Listener at 127.0.0.1/43437] INFO  volume.HddsVolume (HddsVolume.java:<init>(122)) - Creating HddsVolume: /home/runner/work/ozone/ozone/hadoop-ozone/integration-test/target/test-dir/MiniOzoneClusterImpl-ab6f6114-744a-42fd-85e1-7d45e58ce038/datanode-2/data-0/containers/hdds of storage type : DISK capacity : 9223372036854775807
2023-02-24 20:10:32,846 [Listener at 127.0.0.1/43437] INFO  volume.MutableVolumeSet (MutableVolumeSet.java:initializeVolumeSet(174)) - Added Volume : /home/runner/work/ozone/ozone/hadoop-ozone/integration-test/target/test-dir/MiniOzoneClusterImpl-ab6f6114-744a-42fd-85e1-7d45e58ce038/datanode-2/data-0/containers/hdds to VolumeSet
2023-02-24 20:10:32,846 [Listener at 127.0.0.1/43437] INFO  volume.ThrottledAsyncChecker (ThrottledAsyncChecker.java:schedule(141)) - Scheduling a check for /home/runner/work/ozone/ozone/hadoop-ozone/integration-test/target/test-dir/MiniOzoneClusterImpl-ab6f6114-744a-42fd-85e1-7d45e58ce038/datanode-2/data-0/containers/hdds
2023-02-24 20:10:32,847 [Listener at 127.0.0.1/43437] INFO  volume.StorageVolumeChecker (StorageVolumeChecker.java:checkAllVolumes(202)) - Scheduled health check for volume /home/runner/work/ozone/ozone/hadoop-ozone/integration-test/target/test-dir/MiniOzoneClusterImpl-ab6f6114-744a-42fd-85e1-7d45e58ce038/datanode-2/data-0/containers/hdds
2023-02-24 20:10:32,860 [Listener at 127.0.0.1/43437] INFO  volume.MutableVolumeSet (MutableVolumeSet.java:initializeVolumeSet(174)) - Added Volume : /home/runner/work/ozone/ozone/hadoop-ozone/integration-test/target/test-dir/MiniOzoneClusterImpl-ab6f6114-744a-42fd-85e1-7d45e58ce038/datanode-2/data/ratis to VolumeSet
2023-02-24 20:10:32,860 [Listener at 127.0.0.1/43437] INFO  volume.ThrottledAsyncChecker (ThrottledAsyncChecker.java:schedule(141)) - Scheduling a check for /home/runner/work/ozone/ozone/hadoop-ozone/integration-test/target/test-dir/MiniOzoneClusterImpl-ab6f6114-744a-42fd-85e1-7d45e58ce038/datanode-2/data/ratis
2023-02-24 20:10:32,860 [Listener at 127.0.0.1/43437] INFO  volume.StorageVolumeChecker (StorageVolumeChecker.java:checkAllVolumes(202)) - Scheduled health check for volume /home/runner/work/ozone/ozone/hadoop-ozone/integration-test/target/test-dir/MiniOzoneClusterImpl-ab6f6114-744a-42fd-85e1-7d45e58ce038/datanode-2/data/ratis
2023-02-24 20:10:32,871 [Thread-160] INFO  ozoneimpl.ContainerReader (ContainerReader.java:readVolume(175)) - Finish verifying containers on volume /home/runner/work/ozone/ozone/hadoop-ozone/integration-test/target/test-dir/MiniOzoneClusterImpl-ab6f6114-744a-42fd-85e1-7d45e58ce038/datanode-2/data-0/containers/hdds
2023-02-24 20:10:32,872 [Listener at 127.0.0.1/43437] INFO  ozoneimpl.OzoneContainer (OzoneContainer.java:buildContainerSet(304)) - Build ContainerSet costs 0s
2023-02-24 20:10:32,875 [Listener at 127.0.0.1/43437] INFO  server.RaftServer (ConfUtils.java:logGet(46)) - raft.rpc.type = GRPC (default)
2023-02-24 20:10:32,875 [Listener at 127.0.0.1/43437] INFO  grpc.GrpcConfigKeys (ConfUtils.java:logFallback(53)) - raft.grpc.admin.host = null (fallback to raft.grpc.server.host)
2023-02-24 20:10:32,875 [Listener at 127.0.0.1/43437] INFO  grpc.GrpcConfigKeys (ConfUtils.java:logGet(46)) - raft.grpc.admin.port = 0 (custom)
2023-02-24 20:10:32,875 [Listener at 127.0.0.1/43437] INFO  grpc.GrpcConfigKeys (ConfUtils.java:logFallback(53)) - raft.grpc.client.host = null (fallback to raft.grpc.server.host)
2023-02-24 20:10:32,875 [Listener at 127.0.0.1/43437] INFO  grpc.GrpcConfigKeys (ConfUtils.java:logGet(46)) - raft.grpc.client.port = 0 (custom)
2023-02-24 20:10:32,876 [Listener at 127.0.0.1/43437] INFO  grpc.GrpcConfigKeys (ConfUtils.java:logGet(46)) - raft.grpc.server.host = null (default)
2023-02-24 20:10:32,876 [Listener at 127.0.0.1/43437] INFO  grpc.GrpcConfigKeys (ConfUtils.java:logGet(46)) - raft.grpc.server.port = 0 (default)
2023-02-24 20:10:32,876 [Listener at 127.0.0.1/43437] INFO  server.GrpcService (ConfUtils.java:logGet(46)) - raft.grpc.message.size.max = 32MB (=33554432) (custom)
2023-02-24 20:10:32,876 [Listener at 127.0.0.1/43437] INFO  server.RaftServerConfigKeys (ConfUtils.java:logGet(46)) - raft.server.log.appender.buffer.byte-limit = 33554432 (custom)
2023-02-24 20:10:32,876 [Listener at 127.0.0.1/43437] INFO  server.GrpcService (ConfUtils.java:logGet(46)) - raft.grpc.flow.control.window = 5MB (=5242880) (custom)
2023-02-24 20:10:32,876 [Listener at 127.0.0.1/43437] INFO  server.RaftServerConfigKeys (ConfUtils.java:logGet(46)) - raft.server.rpc.request.timeout = 60s (custom)
2023-02-24 20:10:32,876 [Listener at 127.0.0.1/43437] INFO  grpc.GrpcConfigKeys (ConfUtils.java:logGet(46)) - raft.grpc.server.heartbeat.channel = true (default)
2023-02-24 20:10:32,877 [Listener at 127.0.0.1/43437] INFO  grpc.GrpcConfigKeys (ConfUtils.java:logGet(46)) - raft.grpc.server.async.request.thread.pool.cached = true (default)
2023-02-24 20:10:32,877 [Listener at 127.0.0.1/43437] INFO  grpc.GrpcConfigKeys (ConfUtils.java:logGet(46)) - raft.grpc.server.async.request.thread.pool.size = 32 (default)
2023-02-24 20:10:32,878 [Listener at 127.0.0.1/43437] INFO  impl.DataStreamServerImpl (ConfUtils.java:logGet(46)) - raft.datastream.type = NETTY (custom)
2023-02-24 20:10:32,878 [Listener at 127.0.0.1/43437] INFO  server.RaftServerConfigKeys (ConfUtils.java:logGet(46)) - raft.server.data-stream.async.request.thread.pool.cached = false (default)
2023-02-24 20:10:32,878 [Listener at 127.0.0.1/43437] INFO  server.RaftServerConfigKeys (ConfUtils.java:logGet(46)) - raft.server.data-stream.async.request.thread.pool.size = 20 (custom)
2023-02-24 20:10:32,878 [Listener at 127.0.0.1/43437] INFO  server.RaftServerConfigKeys (ConfUtils.java:logGet(46)) - raft.server.data-stream.async.write.thread.pool.size = 16 (default)
2023-02-24 20:10:32,878 [Listener at 127.0.0.1/43437] INFO  server.RaftServerConfigKeys (ConfUtils.java:logGet(46)) - raft.server.data-stream.client.pool.size = 10 (default)
2023-02-24 20:10:32,879 [Listener at 127.0.0.1/43437] INFO  netty.NettyConfigKeys$DataStream (ConfUtils.java:logGet(46)) - raft.netty.dataStream.server.use-epoll = false (default)
2023-02-24 20:10:32,879 [Listener at 127.0.0.1/43437] INFO  netty.NettyConfigKeys$DataStream (ConfUtils.java:logGet(46)) - raft.netty.dataStream.server.boss-group.size = 0 (default)
2023-02-24 20:10:32,879 [Listener at 127.0.0.1/43437] INFO  netty.NettyConfigKeys$DataStream (ConfUtils.java:logGet(46)) - raft.netty.dataStream.server.worker-group.size = 0 (default)
2023-02-24 20:10:32,880 [Listener at 127.0.0.1/43437] INFO  netty.NettyConfigKeys$DataStream (ConfUtils.java:logGet(46)) - raft.netty.dataStream.server.tls.conf = null (default)
2023-02-24 20:10:32,881 [Listener at 127.0.0.1/43437] INFO  netty.NettyConfigKeys$DataStream (ConfUtils.java:logGet(46)) - raft.netty.dataStream.host = null (default)
2023-02-24 20:10:32,881 [Listener at 127.0.0.1/43437] INFO  netty.NettyConfigKeys$DataStream (ConfUtils.java:logGet(46)) - raft.netty.dataStream.port = 0 (default)
2023-02-24 20:10:32,881 [Listener at 127.0.0.1/43437] INFO  server.RaftServerConfigKeys (ConfUtils.java:logGet(46)) - raft.server.threadpool.proxy.cached = true (default)
2023-02-24 20:10:32,881 [Listener at 127.0.0.1/43437] INFO  server.RaftServerConfigKeys (ConfUtils.java:logGet(46)) - raft.server.threadpool.proxy.size = 0 (default)
2023-02-24 20:10:32,882 [Listener at 127.0.0.1/43437] INFO  server.RaftServerConfigKeys (ConfUtils.java:logGet(46)) - raft.server.rpc.slowness.timeout = 300s (custom)
2023-02-24 20:10:32,882 [Listener at 127.0.0.1/43437] INFO  server.RaftServerConfigKeys (ConfUtils.java:logGet(46)) - raft.server.leaderelection.leader.step-down.wait-time = 10s (default)
2023-02-24 20:10:32,882 [Listener at 127.0.0.1/43437] INFO  server.RaftServerConfigKeys (ConfUtils.java:logGet(46)) - raft.server.storage.dir = [/home/runner/work/ozone/ozone/hadoop-ozone/integration-test/target/test-dir/MiniOzoneClusterImpl-ab6f6114-744a-42fd-85e1-7d45e58ce038/datanode-2/data/ratis] (custom)
2023-02-24 20:10:32,887 [1ecb19a6-f70e-45a1-a77e-d44e96361cb5-NettyServerStreamRpc-bossGroup--thread1] INFO  logging.LoggingHandler (AbstractInternalLogger.java:log(148)) - [id: 0x370ac748] REGISTERED
2023-02-24 20:10:32,887 [1ecb19a6-f70e-45a1-a77e-d44e96361cb5-NettyServerStreamRpc-bossGroup--thread1] INFO  logging.LoggingHandler (AbstractInternalLogger.java:log(148)) - [id: 0x370ac748] BIND: 0.0.0.0/0.0.0.0:0
2023-02-24 20:10:32,887 [1ecb19a6-f70e-45a1-a77e-d44e96361cb5-NettyServerStreamRpc-bossGroup--thread1] INFO  logging.LoggingHandler (AbstractInternalLogger.java:log(148)) - [id: 0x370ac748, L:/0:0:0:0:0:0:0:0:36215] ACTIVE
2023-02-24 20:10:32,889 [Listener at 127.0.0.1/43437] INFO  server.XceiverServerGrpc (XceiverServerGrpc.java:<init>(132)) - GrpcServer channel type EpollServerSocketChannel
2023-02-24 20:10:32,892 [Listener at 127.0.0.1/43437] INFO  http.BaseHttpServer (BaseHttpServer.java:newHttpServer2BuilderForOzone(213)) - Starting Web-server for hddsDatanode at: http://0.0.0.0:0
2023-02-24 20:10:32,893 [Listener at 127.0.0.1/43437] INFO  http.BaseHttpServer (BaseHttpServer.java:<init>(108)) - Hadoop Security Enabled: false Ozone Security Enabled: false Ozone HTTP Security Enabled: false 
2023-02-24 20:10:32,894 [Listener at 127.0.0.1/43437] WARN  server.AuthenticationFilter (AuthenticationFilter.java:constructSecretProvider(240)) - Unable to initialize FileSignerSecretProvider, falling back to use random secrets. Reason: Could not read signature secret file: /home/runner/hadoop-http-auth-signature-secret
2023-02-24 20:10:32,894 [Listener at 127.0.0.1/43437] WARN  http.HttpRequestLog (HttpRequestLog.java:getRequestLog(103)) - Jetty request log can only be enabled using Log4j
2023-02-24 20:10:32,896 [Listener at 127.0.0.1/43437] INFO  http.HttpServer2 (HttpServer2.java:addGlobalFilter(1031)) - Added global filter 'safety' (class=org.apache.hadoop.hdds.server.http.HttpServer2$QuotingInputFilter)
2023-02-24 20:10:32,897 [Listener at 127.0.0.1/43437] INFO  http.HttpServer2 (HttpServer2.java:addFilter(1007)) - Added filter static_user_filter (class=org.apache.hadoop.http.lib.StaticUserWebFilter$StaticUserFilter) to context hddsDatanode
2023-02-24 20:10:32,897 [Listener at 127.0.0.1/43437] INFO  http.HttpServer2 (HttpServer2.java:addFilter(1015)) - Added filter static_user_filter (class=org.apache.hadoop.http.lib.StaticUserWebFilter$StaticUserFilter) to context static
2023-02-24 20:10:32,897 [Listener at 127.0.0.1/43437] INFO  http.HttpServer2 (HttpServer2.java:addFilter(1015)) - Added filter static_user_filter (class=org.apache.hadoop.http.lib.StaticUserWebFilter$StaticUserFilter) to context logs
2023-02-24 20:10:32,897 [Listener at 127.0.0.1/43437] INFO  http.HttpServer2 (HttpServer2.java:bindListener(1250)) - Jetty bound to port 43741
2023-02-24 20:10:32,898 [Listener at 127.0.0.1/43437] INFO  server.Server (Server.java:doStart(375)) - jetty-9.4.49.v20220914; built: 2022-09-14T01:07:36.601Z; git: 4231a3b2e4cb8548a412a789936d640a97b1aa0a; jvm 1.8.0_362-b09
2023-02-24 20:10:32,903 [Listener at 127.0.0.1/43437] INFO  server.session (DefaultSessionIdManager.java:doStart(334)) - DefaultSessionIdManager workerName=node0
2023-02-24 20:10:32,904 [Listener at 127.0.0.1/43437] INFO  server.session (DefaultSessionIdManager.java:doStart(339)) - No SessionScavenger set, using defaults
2023-02-24 20:10:32,904 [Listener at 127.0.0.1/43437] INFO  server.session (HouseKeeper.java:startScavenging(132)) - node0 Scavenging every 660000ms
2023-02-24 20:10:32,904 [Listener at 127.0.0.1/43437] INFO  handler.ContextHandler (ContextHandler.java:doStart(921)) - Started o.e.j.s.ServletContextHandler@263059cd{logs,/logs,file:///home/runner/work/ozone/ozone/hadoop-ozone/integration-test/target/log,AVAILABLE}
2023-02-24 20:10:32,905 [Listener at 127.0.0.1/43437] INFO  handler.ContextHandler (ContextHandler.java:doStart(921)) - Started o.e.j.s.ServletContextHandler@7faec076{static,/static,jar:file:/home/runner/.m2/repository/org/apache/ozone/hdds-container-service/1.4.0-SNAPSHOT/hdds-container-service-1.4.0-SNAPSHOT.jar!/webapps/static,AVAILABLE}
2023-02-24 20:10:33,107 [Listener at 127.0.0.1/43437] INFO  handler.ContextHandler (ContextHandler.java:doStart(921)) - Started o.e.j.w.WebAppContext@33795ac7{hddsDatanode,/,file:///tmp/jetty-0_0_0_0-43741-hdds-container-service-1_4_0-SNAPSHOT_jar-_-any-7759605545832201269/webapp/,AVAILABLE}{jar:file:/home/runner/.m2/repository/org/apache/ozone/hdds-container-service/1.4.0-SNAPSHOT/hdds-container-service-1.4.0-SNAPSHOT.jar!/webapps/hddsDatanode}
2023-02-24 20:10:33,108 [Listener at 127.0.0.1/43437] INFO  server.AbstractConnector (AbstractConnector.java:doStart(333)) - Started ServerConnector@2c28e269{HTTP/1.1, (http/1.1)}{0.0.0.0:43741}
2023-02-24 20:10:33,108 [Listener at 127.0.0.1/43437] INFO  server.Server (Server.java:doStart(415)) - Started @8272ms
2023-02-24 20:10:33,108 [Listener at 127.0.0.1/43437] WARN  impl.MetricsSystemImpl (MetricsSystemImpl.java:register(279)) - Sink prometheus already exists!
2023-02-24 20:10:33,112 [Listener at 127.0.0.1/43437] INFO  http.BaseHttpServer (BaseHttpServer.java:updateConnectorAddress(333)) - HTTP server of hddsDatanode listening at http://0.0.0.0:43741
2023-02-24 20:10:33,112 [Listener at 127.0.0.1/43437] WARN  impl.MetricRegistriesImpl (MetricRegistriesImpl.java:addReporterRegistration(111)) - New reporters are added after registries were created. Some metrics will be missing from the reporter. Please add reporter before adding any new registry.
2023-02-24 20:10:33,112 [Listener at 127.0.0.1/43437] WARN  impl.MetricRegistriesImpl (MetricRegistriesImpl.java:addReporterRegistration(111)) - New reporters are added after registries were created. Some metrics will be missing from the reporter. Please add reporter before adding any new registry.
2023-02-24 20:10:33,112 [Listener at 127.0.0.1/43437] INFO  impl.MetricsSystemImpl (MetricsSystemImpl.java:init(158)) - HddsDatanode metrics system started (again)
2023-02-24 20:10:33,119 [Datanode State Machine Daemon Thread] INFO  statemachine.DatanodeStateMachine (DatanodeStateMachine.java:lambda$startDaemon$0(516)) - Ozone container server started.
2023-02-24 20:10:33,129 [Listener at 127.0.0.1/43437] INFO  ozone.HddsDatanodeService (HddsDatanodeService.java:start(228)) - HddsDatanodeService host:fv-az204-30 ip:10.1.1.26
2023-02-24 20:10:33,146 [org.apache.hadoop.util.JvmPauseMonitor$Monitor@31148b8b] INFO  util.JvmPauseMonitor (JvmPauseMonitor.java:run(188)) - Starting JVM pause monitor
2023-02-24 20:10:33,152 [Datanode State Machine Task Thread - 0] INFO  datanode.InitDatanodeState (InitDatanodeState.java:persistContainerDatanodeDetails(138)) - DatanodeDetails is persisted to /home/runner/work/ozone/ozone/hadoop-ozone/integration-test/target/test-dir/MiniOzoneClusterImpl-ab6f6114-744a-42fd-85e1-7d45e58ce038/datanode-2/meta/datanode.id
2023-02-24 20:10:33,167 [Listener at 127.0.0.1/43437] INFO  upgrade.AbstractLayoutVersionManager (AbstractLayoutVersionManager.java:init(83)) - Initializing Layout version manager with metadata layout = DATANODE_SCHEMA_V3 (version = 4), software layout = DATANODE_SCHEMA_V3 (version = 4)
2023-02-24 20:10:33,219 [Listener at 127.0.0.1/43437] INFO  reflections.Reflections (Reflections.java:scan(232)) - Reflections took 50 ms to scan 7 urls, producing 151 keys and 363 values 
2023-02-24 20:10:33,224 [Listener at 127.0.0.1/43437] INFO  statemachine.DatanodeStateMachine (DatanodeStateMachine.java:getEndPointTaskThreadPoolSize(260)) - Datanode State Machine Task Thread Pool size 2
2023-02-24 20:10:33,227 [Listener at 127.0.0.1/43437] INFO  volume.HddsVolume (HddsVolume.java:<init>(122)) - Creating HddsVolume: /home/runner/work/ozone/ozone/hadoop-ozone/integration-test/target/test-dir/MiniOzoneClusterImpl-ab6f6114-744a-42fd-85e1-7d45e58ce038/datanode-3/data-0/containers/hdds of storage type : DISK capacity : 9223372036854775807
2023-02-24 20:10:33,227 [Listener at 127.0.0.1/43437] INFO  volume.MutableVolumeSet (MutableVolumeSet.java:initializeVolumeSet(174)) - Added Volume : /home/runner/work/ozone/ozone/hadoop-ozone/integration-test/target/test-dir/MiniOzoneClusterImpl-ab6f6114-744a-42fd-85e1-7d45e58ce038/datanode-3/data-0/containers/hdds to VolumeSet
2023-02-24 20:10:33,227 [Listener at 127.0.0.1/43437] INFO  volume.ThrottledAsyncChecker (ThrottledAsyncChecker.java:schedule(141)) - Scheduling a check for /home/runner/work/ozone/ozone/hadoop-ozone/integration-test/target/test-dir/MiniOzoneClusterImpl-ab6f6114-744a-42fd-85e1-7d45e58ce038/datanode-3/data-0/containers/hdds
2023-02-24 20:10:33,235 [Listener at 127.0.0.1/43437] INFO  volume.StorageVolumeChecker (StorageVolumeChecker.java:checkAllVolumes(202)) - Scheduled health check for volume /home/runner/work/ozone/ozone/hadoop-ozone/integration-test/target/test-dir/MiniOzoneClusterImpl-ab6f6114-744a-42fd-85e1-7d45e58ce038/datanode-3/data-0/containers/hdds
2023-02-24 20:10:33,249 [Listener at 127.0.0.1/43437] INFO  volume.MutableVolumeSet (MutableVolumeSet.java:initializeVolumeSet(174)) - Added Volume : /home/runner/work/ozone/ozone/hadoop-ozone/integration-test/target/test-dir/MiniOzoneClusterImpl-ab6f6114-744a-42fd-85e1-7d45e58ce038/datanode-3/data/ratis to VolumeSet
2023-02-24 20:10:33,250 [Listener at 127.0.0.1/43437] INFO  volume.ThrottledAsyncChecker (ThrottledAsyncChecker.java:schedule(141)) - Scheduling a check for /home/runner/work/ozone/ozone/hadoop-ozone/integration-test/target/test-dir/MiniOzoneClusterImpl-ab6f6114-744a-42fd-85e1-7d45e58ce038/datanode-3/data/ratis
2023-02-24 20:10:33,250 [Listener at 127.0.0.1/43437] INFO  volume.StorageVolumeChecker (StorageVolumeChecker.java:checkAllVolumes(202)) - Scheduled health check for volume /home/runner/work/ozone/ozone/hadoop-ozone/integration-test/target/test-dir/MiniOzoneClusterImpl-ab6f6114-744a-42fd-85e1-7d45e58ce038/datanode-3/data/ratis
2023-02-24 20:10:33,263 [Thread-174] INFO  ozoneimpl.ContainerReader (ContainerReader.java:readVolume(175)) - Finish verifying containers on volume /home/runner/work/ozone/ozone/hadoop-ozone/integration-test/target/test-dir/MiniOzoneClusterImpl-ab6f6114-744a-42fd-85e1-7d45e58ce038/datanode-3/data-0/containers/hdds
2023-02-24 20:10:33,264 [Listener at 127.0.0.1/43437] INFO  ozoneimpl.OzoneContainer (OzoneContainer.java:buildContainerSet(304)) - Build ContainerSet costs 0s
2023-02-24 20:10:33,267 [Listener at 127.0.0.1/43437] INFO  server.RaftServer (ConfUtils.java:logGet(46)) - raft.rpc.type = GRPC (default)
2023-02-24 20:10:33,267 [Listener at 127.0.0.1/43437] INFO  grpc.GrpcConfigKeys (ConfUtils.java:logFallback(53)) - raft.grpc.admin.host = null (fallback to raft.grpc.server.host)
2023-02-24 20:10:33,269 [Listener at 127.0.0.1/43437] INFO  grpc.GrpcConfigKeys (ConfUtils.java:logGet(46)) - raft.grpc.admin.port = 0 (custom)
2023-02-24 20:10:33,269 [Listener at 127.0.0.1/43437] INFO  grpc.GrpcConfigKeys (ConfUtils.java:logFallback(53)) - raft.grpc.client.host = null (fallback to raft.grpc.server.host)
2023-02-24 20:10:33,270 [Listener at 127.0.0.1/43437] INFO  grpc.GrpcConfigKeys (ConfUtils.java:logGet(46)) - raft.grpc.client.port = 0 (custom)
2023-02-24 20:10:33,270 [Listener at 127.0.0.1/43437] INFO  grpc.GrpcConfigKeys (ConfUtils.java:logGet(46)) - raft.grpc.server.host = null (default)
2023-02-24 20:10:33,270 [Listener at 127.0.0.1/43437] INFO  grpc.GrpcConfigKeys (ConfUtils.java:logGet(46)) - raft.grpc.server.port = 0 (default)
2023-02-24 20:10:33,270 [Listener at 127.0.0.1/43437] INFO  server.GrpcService (ConfUtils.java:logGet(46)) - raft.grpc.message.size.max = 32MB (=33554432) (custom)
2023-02-24 20:10:33,270 [Listener at 127.0.0.1/43437] INFO  server.RaftServerConfigKeys (ConfUtils.java:logGet(46)) - raft.server.log.appender.buffer.byte-limit = 33554432 (custom)
2023-02-24 20:10:33,271 [Listener at 127.0.0.1/43437] INFO  server.GrpcService (ConfUtils.java:logGet(46)) - raft.grpc.flow.control.window = 5MB (=5242880) (custom)
2023-02-24 20:10:33,271 [Listener at 127.0.0.1/43437] INFO  server.RaftServerConfigKeys (ConfUtils.java:logGet(46)) - raft.server.rpc.request.timeout = 60s (custom)
2023-02-24 20:10:33,274 [Listener at 127.0.0.1/43437] INFO  grpc.GrpcConfigKeys (ConfUtils.java:logGet(46)) - raft.grpc.server.heartbeat.channel = true (default)
2023-02-24 20:10:33,274 [Listener at 127.0.0.1/43437] INFO  grpc.GrpcConfigKeys (ConfUtils.java:logGet(46)) - raft.grpc.server.async.request.thread.pool.cached = true (default)
2023-02-24 20:10:33,274 [Listener at 127.0.0.1/43437] INFO  grpc.GrpcConfigKeys (ConfUtils.java:logGet(46)) - raft.grpc.server.async.request.thread.pool.size = 32 (default)
2023-02-24 20:10:33,276 [Listener at 127.0.0.1/43437] INFO  impl.DataStreamServerImpl (ConfUtils.java:logGet(46)) - raft.datastream.type = NETTY (custom)
2023-02-24 20:10:33,276 [Listener at 127.0.0.1/43437] INFO  server.RaftServerConfigKeys (ConfUtils.java:logGet(46)) - raft.server.data-stream.async.request.thread.pool.cached = false (default)
2023-02-24 20:10:33,276 [Listener at 127.0.0.1/43437] INFO  server.RaftServerConfigKeys (ConfUtils.java:logGet(46)) - raft.server.data-stream.async.request.thread.pool.size = 20 (custom)
2023-02-24 20:10:33,276 [Listener at 127.0.0.1/43437] INFO  server.RaftServerConfigKeys (ConfUtils.java:logGet(46)) - raft.server.data-stream.async.write.thread.pool.size = 16 (default)
2023-02-24 20:10:33,276 [Listener at 127.0.0.1/43437] INFO  server.RaftServerConfigKeys (ConfUtils.java:logGet(46)) - raft.server.data-stream.client.pool.size = 10 (default)
2023-02-24 20:10:33,283 [Listener at 127.0.0.1/43437] INFO  netty.NettyConfigKeys$DataStream (ConfUtils.java:logGet(46)) - raft.netty.dataStream.server.use-epoll = false (default)
2023-02-24 20:10:33,284 [Listener at 127.0.0.1/43437] INFO  netty.NettyConfigKeys$DataStream (ConfUtils.java:logGet(46)) - raft.netty.dataStream.server.boss-group.size = 0 (default)
2023-02-24 20:10:33,286 [Listener at 127.0.0.1/43437] INFO  netty.NettyConfigKeys$DataStream (ConfUtils.java:logGet(46)) - raft.netty.dataStream.server.worker-group.size = 0 (default)
2023-02-24 20:10:33,286 [Listener at 127.0.0.1/43437] INFO  netty.NettyConfigKeys$DataStream (ConfUtils.java:logGet(46)) - raft.netty.dataStream.server.tls.conf = null (default)
2023-02-24 20:10:33,286 [Listener at 127.0.0.1/43437] INFO  netty.NettyConfigKeys$DataStream (ConfUtils.java:logGet(46)) - raft.netty.dataStream.host = null (default)
2023-02-24 20:10:33,286 [Listener at 127.0.0.1/43437] INFO  netty.NettyConfigKeys$DataStream (ConfUtils.java:logGet(46)) - raft.netty.dataStream.port = 0 (default)
2023-02-24 20:10:33,288 [Listener at 127.0.0.1/43437] INFO  server.RaftServerConfigKeys (ConfUtils.java:logGet(46)) - raft.server.threadpool.proxy.cached = true (default)
2023-02-24 20:10:33,288 [Listener at 127.0.0.1/43437] INFO  server.RaftServerConfigKeys (ConfUtils.java:logGet(46)) - raft.server.threadpool.proxy.size = 0 (default)
2023-02-24 20:10:33,289 [Listener at 127.0.0.1/43437] INFO  server.RaftServerConfigKeys (ConfUtils.java:logGet(46)) - raft.server.rpc.slowness.timeout = 300s (custom)
2023-02-24 20:10:33,289 [Listener at 127.0.0.1/43437] INFO  server.RaftServerConfigKeys (ConfUtils.java:logGet(46)) - raft.server.leaderelection.leader.step-down.wait-time = 10s (default)
2023-02-24 20:10:33,289 [Listener at 127.0.0.1/43437] INFO  server.RaftServerConfigKeys (ConfUtils.java:logGet(46)) - raft.server.storage.dir = [/home/runner/work/ozone/ozone/hadoop-ozone/integration-test/target/test-dir/MiniOzoneClusterImpl-ab6f6114-744a-42fd-85e1-7d45e58ce038/datanode-3/data/ratis] (custom)
2023-02-24 20:10:33,292 [da31d728-c4b4-485e-b457-41dedce51e8b-NettyServerStreamRpc-bossGroup--thread1] INFO  logging.LoggingHandler (AbstractInternalLogger.java:log(148)) - [id: 0x073ac7aa] REGISTERED
2023-02-24 20:10:33,292 [da31d728-c4b4-485e-b457-41dedce51e8b-NettyServerStreamRpc-bossGroup--thread1] INFO  logging.LoggingHandler (AbstractInternalLogger.java:log(148)) - [id: 0x073ac7aa] BIND: 0.0.0.0/0.0.0.0:0
2023-02-24 20:10:33,293 [da31d728-c4b4-485e-b457-41dedce51e8b-NettyServerStreamRpc-bossGroup--thread1] INFO  logging.LoggingHandler (AbstractInternalLogger.java:log(148)) - [id: 0x073ac7aa, L:/0:0:0:0:0:0:0:0:41933] ACTIVE
2023-02-24 20:10:33,294 [Listener at 127.0.0.1/43437] INFO  server.XceiverServerGrpc (XceiverServerGrpc.java:<init>(132)) - GrpcServer channel type EpollServerSocketChannel
2023-02-24 20:10:33,298 [Listener at 127.0.0.1/43437] INFO  http.BaseHttpServer (BaseHttpServer.java:newHttpServer2BuilderForOzone(213)) - Starting Web-server for hddsDatanode at: http://0.0.0.0:0
2023-02-24 20:10:33,299 [Listener at 127.0.0.1/43437] INFO  http.BaseHttpServer (BaseHttpServer.java:<init>(108)) - Hadoop Security Enabled: false Ozone Security Enabled: false Ozone HTTP Security Enabled: false 
2023-02-24 20:10:33,300 [Listener at 127.0.0.1/43437] WARN  server.AuthenticationFilter (AuthenticationFilter.java:constructSecretProvider(240)) - Unable to initialize FileSignerSecretProvider, falling back to use random secrets. Reason: Could not read signature secret file: /home/runner/hadoop-http-auth-signature-secret
2023-02-24 20:10:33,301 [Listener at 127.0.0.1/43437] WARN  http.HttpRequestLog (HttpRequestLog.java:getRequestLog(103)) - Jetty request log can only be enabled using Log4j
2023-02-24 20:10:33,302 [Listener at 127.0.0.1/43437] INFO  http.HttpServer2 (HttpServer2.java:addGlobalFilter(1031)) - Added global filter 'safety' (class=org.apache.hadoop.hdds.server.http.HttpServer2$QuotingInputFilter)
2023-02-24 20:10:33,304 [Listener at 127.0.0.1/43437] INFO  http.HttpServer2 (HttpServer2.java:addFilter(1007)) - Added filter static_user_filter (class=org.apache.hadoop.http.lib.StaticUserWebFilter$StaticUserFilter) to context hddsDatanode
2023-02-24 20:10:33,304 [Listener at 127.0.0.1/43437] INFO  http.HttpServer2 (HttpServer2.java:addFilter(1015)) - Added filter static_user_filter (class=org.apache.hadoop.http.lib.StaticUserWebFilter$StaticUserFilter) to context static
2023-02-24 20:10:33,304 [Listener at 127.0.0.1/43437] INFO  http.HttpServer2 (HttpServer2.java:addFilter(1015)) - Added filter static_user_filter (class=org.apache.hadoop.http.lib.StaticUserWebFilter$StaticUserFilter) to context logs
2023-02-24 20:10:33,306 [Listener at 127.0.0.1/43437] INFO  http.HttpServer2 (HttpServer2.java:bindListener(1250)) - Jetty bound to port 39633
2023-02-24 20:10:33,306 [Listener at 127.0.0.1/43437] INFO  server.Server (Server.java:doStart(375)) - jetty-9.4.49.v20220914; built: 2022-09-14T01:07:36.601Z; git: 4231a3b2e4cb8548a412a789936d640a97b1aa0a; jvm 1.8.0_362-b09
2023-02-24 20:10:33,310 [Listener at 127.0.0.1/43437] INFO  server.session (DefaultSessionIdManager.java:doStart(334)) - DefaultSessionIdManager workerName=node0
2023-02-24 20:10:33,310 [Listener at 127.0.0.1/43437] INFO  server.session (DefaultSessionIdManager.java:doStart(339)) - No SessionScavenger set, using defaults
2023-02-24 20:10:33,311 [Listener at 127.0.0.1/43437] INFO  server.session (HouseKeeper.java:startScavenging(132)) - node0 Scavenging every 600000ms
2023-02-24 20:10:33,311 [Listener at 127.0.0.1/43437] INFO  handler.ContextHandler (ContextHandler.java:doStart(921)) - Started o.e.j.s.ServletContextHandler@37ab2edc{logs,/logs,file:///home/runner/work/ozone/ozone/hadoop-ozone/integration-test/target/log,AVAILABLE}
2023-02-24 20:10:33,312 [Listener at 127.0.0.1/43437] INFO  handler.ContextHandler (ContextHandler.java:doStart(921)) - Started o.e.j.s.ServletContextHandler@5fd454f2{static,/static,jar:file:/home/runner/.m2/repository/org/apache/ozone/hdds-container-service/1.4.0-SNAPSHOT/hdds-container-service-1.4.0-SNAPSHOT.jar!/webapps/static,AVAILABLE}
2023-02-24 20:10:33,521 [Listener at 127.0.0.1/43437] INFO  handler.ContextHandler (ContextHandler.java:doStart(921)) - Started o.e.j.w.WebAppContext@42493c07{hddsDatanode,/,file:///tmp/jetty-0_0_0_0-39633-hdds-container-service-1_4_0-SNAPSHOT_jar-_-any-8558812131402754246/webapp/,AVAILABLE}{jar:file:/home/runner/.m2/repository/org/apache/ozone/hdds-container-service/1.4.0-SNAPSHOT/hdds-container-service-1.4.0-SNAPSHOT.jar!/webapps/hddsDatanode}
2023-02-24 20:10:33,522 [Listener at 127.0.0.1/43437] INFO  server.AbstractConnector (AbstractConnector.java:doStart(333)) - Started ServerConnector@4cc2f2bb{HTTP/1.1, (http/1.1)}{0.0.0.0:39633}
2023-02-24 20:10:33,522 [Listener at 127.0.0.1/43437] INFO  server.Server (Server.java:doStart(415)) - Started @8686ms
2023-02-24 20:10:33,522 [Listener at 127.0.0.1/43437] WARN  impl.MetricsSystemImpl (MetricsSystemImpl.java:register(279)) - Sink prometheus already exists!
2023-02-24 20:10:33,523 [Listener at 127.0.0.1/43437] INFO  http.BaseHttpServer (BaseHttpServer.java:updateConnectorAddress(333)) - HTTP server of hddsDatanode listening at http://0.0.0.0:39633
2023-02-24 20:10:33,523 [Listener at 127.0.0.1/43437] WARN  impl.MetricRegistriesImpl (MetricRegistriesImpl.java:addReporterRegistration(111)) - New reporters are added after registries were created. Some metrics will be missing from the reporter. Please add reporter before adding any new registry.
2023-02-24 20:10:33,524 [Listener at 127.0.0.1/43437] WARN  impl.MetricRegistriesImpl (MetricRegistriesImpl.java:addReporterRegistration(111)) - New reporters are added after registries were created. Some metrics will be missing from the reporter. Please add reporter before adding any new registry.
2023-02-24 20:10:33,524 [Listener at 127.0.0.1/43437] INFO  impl.MetricsSystemImpl (MetricsSystemImpl.java:init(158)) - HddsDatanode metrics system started (again)
2023-02-24 20:10:33,532 [Datanode State Machine Daemon Thread] INFO  statemachine.DatanodeStateMachine (DatanodeStateMachine.java:lambda$startDaemon$0(516)) - Ozone container server started.
2023-02-24 20:10:33,539 [Listener at 127.0.0.1/43437] INFO  ozone.HddsDatanodeService (HddsDatanodeService.java:start(228)) - HddsDatanodeService host:fv-az204-30 ip:10.1.1.26
2023-02-24 20:10:33,552 [org.apache.hadoop.util.JvmPauseMonitor$Monitor@38cc27ff] INFO  util.JvmPauseMonitor (JvmPauseMonitor.java:run(188)) - Starting JVM pause monitor
2023-02-24 20:10:33,553 [Datanode State Machine Task Thread - 0] INFO  datanode.InitDatanodeState (InitDatanodeState.java:persistContainerDatanodeDetails(138)) - DatanodeDetails is persisted to /home/runner/work/ozone/ozone/hadoop-ozone/integration-test/target/test-dir/MiniOzoneClusterImpl-ab6f6114-744a-42fd-85e1-7d45e58ce038/datanode-3/meta/datanode.id
2023-02-24 20:10:33,573 [Listener at 127.0.0.1/43437] INFO  upgrade.AbstractLayoutVersionManager (AbstractLayoutVersionManager.java:init(83)) - Initializing Layout version manager with metadata layout = DATANODE_SCHEMA_V3 (version = 4), software layout = DATANODE_SCHEMA_V3 (version = 4)
2023-02-24 20:10:33,647 [Listener at 127.0.0.1/43437] INFO  reflections.Reflections (Reflections.java:scan(232)) - Reflections took 73 ms to scan 7 urls, producing 151 keys and 363 values 
2023-02-24 20:10:33,649 [Listener at 127.0.0.1/43437] INFO  statemachine.DatanodeStateMachine (DatanodeStateMachine.java:getEndPointTaskThreadPoolSize(260)) - Datanode State Machine Task Thread Pool size 2
2023-02-24 20:10:33,656 [Listener at 127.0.0.1/43437] INFO  volume.HddsVolume (HddsVolume.java:<init>(122)) - Creating HddsVolume: /home/runner/work/ozone/ozone/hadoop-ozone/integration-test/target/test-dir/MiniOzoneClusterImpl-ab6f6114-744a-42fd-85e1-7d45e58ce038/datanode-4/data-0/containers/hdds of storage type : DISK capacity : 9223372036854775807
2023-02-24 20:10:33,656 [Listener at 127.0.0.1/43437] INFO  volume.MutableVolumeSet (MutableVolumeSet.java:initializeVolumeSet(174)) - Added Volume : /home/runner/work/ozone/ozone/hadoop-ozone/integration-test/target/test-dir/MiniOzoneClusterImpl-ab6f6114-744a-42fd-85e1-7d45e58ce038/datanode-4/data-0/containers/hdds to VolumeSet
2023-02-24 20:10:33,656 [Listener at 127.0.0.1/43437] INFO  volume.ThrottledAsyncChecker (ThrottledAsyncChecker.java:schedule(141)) - Scheduling a check for /home/runner/work/ozone/ozone/hadoop-ozone/integration-test/target/test-dir/MiniOzoneClusterImpl-ab6f6114-744a-42fd-85e1-7d45e58ce038/datanode-4/data-0/containers/hdds
2023-02-24 20:10:33,658 [Listener at 127.0.0.1/43437] INFO  volume.StorageVolumeChecker (StorageVolumeChecker.java:checkAllVolumes(202)) - Scheduled health check for volume /home/runner/work/ozone/ozone/hadoop-ozone/integration-test/target/test-dir/MiniOzoneClusterImpl-ab6f6114-744a-42fd-85e1-7d45e58ce038/datanode-4/data-0/containers/hdds
2023-02-24 20:10:33,669 [Listener at 127.0.0.1/43437] INFO  volume.MutableVolumeSet (MutableVolumeSet.java:initializeVolumeSet(174)) - Added Volume : /home/runner/work/ozone/ozone/hadoop-ozone/integration-test/target/test-dir/MiniOzoneClusterImpl-ab6f6114-744a-42fd-85e1-7d45e58ce038/datanode-4/data/ratis to VolumeSet
2023-02-24 20:10:33,669 [Listener at 127.0.0.1/43437] INFO  volume.ThrottledAsyncChecker (ThrottledAsyncChecker.java:schedule(141)) - Scheduling a check for /home/runner/work/ozone/ozone/hadoop-ozone/integration-test/target/test-dir/MiniOzoneClusterImpl-ab6f6114-744a-42fd-85e1-7d45e58ce038/datanode-4/data/ratis
2023-02-24 20:10:33,669 [Listener at 127.0.0.1/43437] INFO  volume.StorageVolumeChecker (StorageVolumeChecker.java:checkAllVolumes(202)) - Scheduled health check for volume /home/runner/work/ozone/ozone/hadoop-ozone/integration-test/target/test-dir/MiniOzoneClusterImpl-ab6f6114-744a-42fd-85e1-7d45e58ce038/datanode-4/data/ratis
2023-02-24 20:10:33,680 [Thread-188] INFO  ozoneimpl.ContainerReader (ContainerReader.java:readVolume(175)) - Finish verifying containers on volume /home/runner/work/ozone/ozone/hadoop-ozone/integration-test/target/test-dir/MiniOzoneClusterImpl-ab6f6114-744a-42fd-85e1-7d45e58ce038/datanode-4/data-0/containers/hdds
2023-02-24 20:10:33,680 [Listener at 127.0.0.1/43437] INFO  ozoneimpl.OzoneContainer (OzoneContainer.java:buildContainerSet(304)) - Build ContainerSet costs 0s
2023-02-24 20:10:33,683 [Listener at 127.0.0.1/43437] INFO  server.RaftServer (ConfUtils.java:logGet(46)) - raft.rpc.type = GRPC (default)
2023-02-24 20:10:33,683 [Listener at 127.0.0.1/43437] INFO  grpc.GrpcConfigKeys (ConfUtils.java:logFallback(53)) - raft.grpc.admin.host = null (fallback to raft.grpc.server.host)
2023-02-24 20:10:33,683 [Listener at 127.0.0.1/43437] INFO  grpc.GrpcConfigKeys (ConfUtils.java:logGet(46)) - raft.grpc.admin.port = 0 (custom)
2023-02-24 20:10:33,683 [Listener at 127.0.0.1/43437] INFO  grpc.GrpcConfigKeys (ConfUtils.java:logFallback(53)) - raft.grpc.client.host = null (fallback to raft.grpc.server.host)
2023-02-24 20:10:33,683 [Listener at 127.0.0.1/43437] INFO  grpc.GrpcConfigKeys (ConfUtils.java:logGet(46)) - raft.grpc.client.port = 0 (custom)
2023-02-24 20:10:33,683 [Listener at 127.0.0.1/43437] INFO  grpc.GrpcConfigKeys (ConfUtils.java:logGet(46)) - raft.grpc.server.host = null (default)
2023-02-24 20:10:33,683 [Listener at 127.0.0.1/43437] INFO  grpc.GrpcConfigKeys (ConfUtils.java:logGet(46)) - raft.grpc.server.port = 0 (default)
2023-02-24 20:10:33,684 [Listener at 127.0.0.1/43437] INFO  server.GrpcService (ConfUtils.java:logGet(46)) - raft.grpc.message.size.max = 32MB (=33554432) (custom)
2023-02-24 20:10:33,684 [Listener at 127.0.0.1/43437] INFO  server.RaftServerConfigKeys (ConfUtils.java:logGet(46)) - raft.server.log.appender.buffer.byte-limit = 33554432 (custom)
2023-02-24 20:10:33,684 [Listener at 127.0.0.1/43437] INFO  server.GrpcService (ConfUtils.java:logGet(46)) - raft.grpc.flow.control.window = 5MB (=5242880) (custom)
2023-02-24 20:10:33,684 [Listener at 127.0.0.1/43437] INFO  server.RaftServerConfigKeys (ConfUtils.java:logGet(46)) - raft.server.rpc.request.timeout = 60s (custom)
2023-02-24 20:10:33,684 [Listener at 127.0.0.1/43437] INFO  grpc.GrpcConfigKeys (ConfUtils.java:logGet(46)) - raft.grpc.server.heartbeat.channel = true (default)
2023-02-24 20:10:33,684 [Listener at 127.0.0.1/43437] INFO  grpc.GrpcConfigKeys (ConfUtils.java:logGet(46)) - raft.grpc.server.async.request.thread.pool.cached = true (default)
2023-02-24 20:10:33,684 [Listener at 127.0.0.1/43437] INFO  grpc.GrpcConfigKeys (ConfUtils.java:logGet(46)) - raft.grpc.server.async.request.thread.pool.size = 32 (default)
2023-02-24 20:10:33,685 [Listener at 127.0.0.1/43437] INFO  impl.DataStreamServerImpl (ConfUtils.java:logGet(46)) - raft.datastream.type = NETTY (custom)
2023-02-24 20:10:33,686 [Listener at 127.0.0.1/43437] INFO  server.RaftServerConfigKeys (ConfUtils.java:logGet(46)) - raft.server.data-stream.async.request.thread.pool.cached = false (default)
2023-02-24 20:10:33,686 [Listener at 127.0.0.1/43437] INFO  server.RaftServerConfigKeys (ConfUtils.java:logGet(46)) - raft.server.data-stream.async.request.thread.pool.size = 20 (custom)
2023-02-24 20:10:33,686 [Listener at 127.0.0.1/43437] INFO  server.RaftServerConfigKeys (ConfUtils.java:logGet(46)) - raft.server.data-stream.async.write.thread.pool.size = 16 (default)
2023-02-24 20:10:33,686 [Listener at 127.0.0.1/43437] INFO  server.RaftServerConfigKeys (ConfUtils.java:logGet(46)) - raft.server.data-stream.client.pool.size = 10 (default)
2023-02-24 20:10:33,686 [Listener at 127.0.0.1/43437] INFO  netty.NettyConfigKeys$DataStream (ConfUtils.java:logGet(46)) - raft.netty.dataStream.server.use-epoll = false (default)
2023-02-24 20:10:33,686 [Listener at 127.0.0.1/43437] INFO  netty.NettyConfigKeys$DataStream (ConfUtils.java:logGet(46)) - raft.netty.dataStream.server.boss-group.size = 0 (default)
2023-02-24 20:10:33,687 [Listener at 127.0.0.1/43437] INFO  netty.NettyConfigKeys$DataStream (ConfUtils.java:logGet(46)) - raft.netty.dataStream.server.worker-group.size = 0 (default)
2023-02-24 20:10:33,687 [Listener at 127.0.0.1/43437] INFO  netty.NettyConfigKeys$DataStream (ConfUtils.java:logGet(46)) - raft.netty.dataStream.server.tls.conf = null (default)
2023-02-24 20:10:33,687 [Listener at 127.0.0.1/43437] INFO  netty.NettyConfigKeys$DataStream (ConfUtils.java:logGet(46)) - raft.netty.dataStream.host = null (default)
2023-02-24 20:10:33,687 [Listener at 127.0.0.1/43437] INFO  netty.NettyConfigKeys$DataStream (ConfUtils.java:logGet(46)) - raft.netty.dataStream.port = 0 (default)
2023-02-24 20:10:33,691 [Listener at 127.0.0.1/43437] INFO  server.RaftServerConfigKeys (ConfUtils.java:logGet(46)) - raft.server.threadpool.proxy.cached = true (default)
2023-02-24 20:10:33,691 [Listener at 127.0.0.1/43437] INFO  server.RaftServerConfigKeys (ConfUtils.java:logGet(46)) - raft.server.threadpool.proxy.size = 0 (default)
2023-02-24 20:10:33,692 [Listener at 127.0.0.1/43437] INFO  server.RaftServerConfigKeys (ConfUtils.java:logGet(46)) - raft.server.rpc.slowness.timeout = 300s (custom)
2023-02-24 20:10:33,692 [Listener at 127.0.0.1/43437] INFO  server.RaftServerConfigKeys (ConfUtils.java:logGet(46)) - raft.server.leaderelection.leader.step-down.wait-time = 10s (default)
2023-02-24 20:10:33,692 [Listener at 127.0.0.1/43437] INFO  server.RaftServerConfigKeys (ConfUtils.java:logGet(46)) - raft.server.storage.dir = [/home/runner/work/ozone/ozone/hadoop-ozone/integration-test/target/test-dir/MiniOzoneClusterImpl-ab6f6114-744a-42fd-85e1-7d45e58ce038/datanode-4/data/ratis] (custom)
2023-02-24 20:10:33,696 [Listener at 127.0.0.1/43437] INFO  server.XceiverServerGrpc (XceiverServerGrpc.java:<init>(132)) - GrpcServer channel type EpollServerSocketChannel
2023-02-24 20:10:33,704 [e58d4e55-d9f6-4c0d-a324-4cc474a0d238-NettyServerStreamRpc-bossGroup--thread1] INFO  logging.LoggingHandler (AbstractInternalLogger.java:log(148)) - [id: 0x5167672d] REGISTERED
2023-02-24 20:10:33,704 [e58d4e55-d9f6-4c0d-a324-4cc474a0d238-NettyServerStreamRpc-bossGroup--thread1] INFO  logging.LoggingHandler (AbstractInternalLogger.java:log(148)) - [id: 0x5167672d] BIND: 0.0.0.0/0.0.0.0:0
2023-02-24 20:10:33,705 [e58d4e55-d9f6-4c0d-a324-4cc474a0d238-NettyServerStreamRpc-bossGroup--thread1] INFO  logging.LoggingHandler (AbstractInternalLogger.java:log(148)) - [id: 0x5167672d, L:/0:0:0:0:0:0:0:0:46549] ACTIVE
2023-02-24 20:10:33,705 [Listener at 127.0.0.1/43437] INFO  http.BaseHttpServer (BaseHttpServer.java:newHttpServer2BuilderForOzone(213)) - Starting Web-server for hddsDatanode at: http://0.0.0.0:0
2023-02-24 20:10:33,705 [Listener at 127.0.0.1/43437] INFO  http.BaseHttpServer (BaseHttpServer.java:<init>(108)) - Hadoop Security Enabled: false Ozone Security Enabled: false Ozone HTTP Security Enabled: false 
2023-02-24 20:10:33,706 [Listener at 127.0.0.1/43437] WARN  server.AuthenticationFilter (AuthenticationFilter.java:constructSecretProvider(240)) - Unable to initialize FileSignerSecretProvider, falling back to use random secrets. Reason: Could not read signature secret file: /home/runner/hadoop-http-auth-signature-secret
2023-02-24 20:10:33,708 [Listener at 127.0.0.1/43437] WARN  http.HttpRequestLog (HttpRequestLog.java:getRequestLog(103)) - Jetty request log can only be enabled using Log4j
2023-02-24 20:10:33,709 [Listener at 127.0.0.1/43437] INFO  http.HttpServer2 (HttpServer2.java:addGlobalFilter(1031)) - Added global filter 'safety' (class=org.apache.hadoop.hdds.server.http.HttpServer2$QuotingInputFilter)
2023-02-24 20:10:33,710 [Listener at 127.0.0.1/43437] INFO  http.HttpServer2 (HttpServer2.java:addFilter(1007)) - Added filter static_user_filter (class=org.apache.hadoop.http.lib.StaticUserWebFilter$StaticUserFilter) to context hddsDatanode
2023-02-24 20:10:33,710 [Listener at 127.0.0.1/43437] INFO  http.HttpServer2 (HttpServer2.java:addFilter(1015)) - Added filter static_user_filter (class=org.apache.hadoop.http.lib.StaticUserWebFilter$StaticUserFilter) to context logs
2023-02-24 20:10:33,710 [Listener at 127.0.0.1/43437] INFO  http.HttpServer2 (HttpServer2.java:addFilter(1015)) - Added filter static_user_filter (class=org.apache.hadoop.http.lib.StaticUserWebFilter$StaticUserFilter) to context static
2023-02-24 20:10:33,711 [Listener at 127.0.0.1/43437] INFO  http.HttpServer2 (HttpServer2.java:bindListener(1250)) - Jetty bound to port 40877
2023-02-24 20:10:33,711 [Listener at 127.0.0.1/43437] INFO  server.Server (Server.java:doStart(375)) - jetty-9.4.49.v20220914; built: 2022-09-14T01:07:36.601Z; git: 4231a3b2e4cb8548a412a789936d640a97b1aa0a; jvm 1.8.0_362-b09
2023-02-24 20:10:33,717 [Listener at 127.0.0.1/43437] INFO  server.session (DefaultSessionIdManager.java:doStart(334)) - DefaultSessionIdManager workerName=node0
2023-02-24 20:10:33,717 [Listener at 127.0.0.1/43437] INFO  server.session (DefaultSessionIdManager.java:doStart(339)) - No SessionScavenger set, using defaults
2023-02-24 20:10:33,717 [Listener at 127.0.0.1/43437] INFO  server.session (HouseKeeper.java:startScavenging(132)) - node0 Scavenging every 600000ms
2023-02-24 20:10:33,718 [Listener at 127.0.0.1/43437] INFO  handler.ContextHandler (ContextHandler.java:doStart(921)) - Started o.e.j.s.ServletContextHandler@74c26b9a{logs,/logs,file:///home/runner/work/ozone/ozone/hadoop-ozone/integration-test/target/log,AVAILABLE}
2023-02-24 20:10:33,718 [Listener at 127.0.0.1/43437] INFO  handler.ContextHandler (ContextHandler.java:doStart(921)) - Started o.e.j.s.ServletContextHandler@51b5b2d8{static,/static,jar:file:/home/runner/.m2/repository/org/apache/ozone/hdds-container-service/1.4.0-SNAPSHOT/hdds-container-service-1.4.0-SNAPSHOT.jar!/webapps/static,AVAILABLE}
2023-02-24 20:10:33,924 [Listener at 127.0.0.1/43437] INFO  handler.ContextHandler (ContextHandler.java:doStart(921)) - Started o.e.j.w.WebAppContext@3677b9f0{hddsDatanode,/,file:///tmp/jetty-0_0_0_0-40877-hdds-container-service-1_4_0-SNAPSHOT_jar-_-any-4251376247813942472/webapp/,AVAILABLE}{jar:file:/home/runner/.m2/repository/org/apache/ozone/hdds-container-service/1.4.0-SNAPSHOT/hdds-container-service-1.4.0-SNAPSHOT.jar!/webapps/hddsDatanode}
2023-02-24 20:10:33,926 [Listener at 127.0.0.1/43437] INFO  server.AbstractConnector (AbstractConnector.java:doStart(333)) - Started ServerConnector@6a5754f5{HTTP/1.1, (http/1.1)}{0.0.0.0:40877}
2023-02-24 20:10:33,926 [Listener at 127.0.0.1/43437] INFO  server.Server (Server.java:doStart(415)) - Started @9090ms
2023-02-24 20:10:33,926 [Listener at 127.0.0.1/43437] WARN  impl.MetricsSystemImpl (MetricsSystemImpl.java:register(279)) - Sink prometheus already exists!
2023-02-24 20:10:33,928 [Listener at 127.0.0.1/43437] INFO  http.BaseHttpServer (BaseHttpServer.java:updateConnectorAddress(333)) - HTTP server of hddsDatanode listening at http://0.0.0.0:40877
2023-02-24 20:10:33,930 [Datanode State Machine Daemon Thread] INFO  statemachine.DatanodeStateMachine (DatanodeStateMachine.java:lambda$startDaemon$0(516)) - Ozone container server started.
2023-02-24 20:10:33,931 [Listener at 127.0.0.1/43437] INFO  ozone.MiniOzoneClusterImpl (MiniOzoneClusterImpl.java:lambda$waitForClusterToBeReady$0(218)) - Waiting for nodes to be ready. Got 0 of 5 DN Heartbeats.
2023-02-24 20:10:33,932 [Listener at 127.0.0.1/43437] INFO  ozone.MiniOzoneClusterImpl (MiniOzoneClusterImpl.java:lambda$waitForClusterToBeReady$0(221)) - Waiting for cluster to exit safe mode
2023-02-24 20:10:33,932 [Listener at 127.0.0.1/43437] INFO  ozone.MiniOzoneClusterImpl (MiniOzoneClusterImpl.java:lambda$waitForClusterToBeReady$0(223)) - SCM became leader
2023-02-24 20:10:33,935 [org.apache.hadoop.util.JvmPauseMonitor$Monitor@174b81dc] INFO  util.JvmPauseMonitor (JvmPauseMonitor.java:run(188)) - Starting JVM pause monitor
2023-02-24 20:10:33,939 [Datanode State Machine Task Thread - 0] INFO  datanode.InitDatanodeState (InitDatanodeState.java:persistContainerDatanodeDetails(138)) - DatanodeDetails is persisted to /home/runner/work/ozone/ozone/hadoop-ozone/integration-test/target/test-dir/MiniOzoneClusterImpl-ab6f6114-744a-42fd-85e1-7d45e58ce038/datanode-4/meta/datanode.id
2023-02-24 20:10:34,451 [EndpointStateMachine task thread for /0.0.0.0:39501 - 0 ] INFO  utils.DatanodeStoreCache (DatanodeStoreCache.java:addDB(58)) - Added db /home/runner/work/ozone/ozone/hadoop-ozone/integration-test/target/test-dir/MiniOzoneClusterImpl-ab6f6114-744a-42fd-85e1-7d45e58ce038/datanode-0/data-0/containers/hdds/ab6f6114-744a-42fd-85e1-7d45e58ce038/DS-ea2fa5b3-8c21-4053-b4f7-586c1d9b57d3/container.db to cache
2023-02-24 20:10:34,451 [EndpointStateMachine task thread for /0.0.0.0:39501 - 0 ] INFO  volume.HddsVolume (HddsVolume.java:createDbStore(331)) - SchemaV3 db is created and loaded at /home/runner/work/ozone/ozone/hadoop-ozone/integration-test/target/test-dir/MiniOzoneClusterImpl-ab6f6114-744a-42fd-85e1-7d45e58ce038/datanode-0/data-0/containers/hdds/ab6f6114-744a-42fd-85e1-7d45e58ce038/DS-ea2fa5b3-8c21-4053-b4f7-586c1d9b57d3/container.db for volume DS-ea2fa5b3-8c21-4053-b4f7-586c1d9b57d3
2023-02-24 20:10:34,452 [EndpointStateMachine task thread for /0.0.0.0:39501 - 0 ] INFO  ozoneimpl.OzoneContainer (OzoneContainer.java:start(398)) - Attempting to start container services.
2023-02-24 20:10:34,454 [EndpointStateMachine task thread for /0.0.0.0:39501 - 0 ] INFO  ozoneimpl.OzoneContainer (OzoneContainer.java:startContainerScrub(315)) - Scheduled background container scanners and the on-demand container scanner have been disabled.
2023-02-24 20:10:34,466 [EndpointStateMachine task thread for /0.0.0.0:39501 - 0 ] INFO  replication.ReplicationServer (ReplicationServer.java:start(109)) - ReplicationServer is started using port 43637
2023-02-24 20:10:34,470 [EndpointStateMachine task thread for /0.0.0.0:39501 - 0 ] INFO  ratis.XceiverServerRatis (XceiverServerRatis.java:start(518)) - Starting XceiverServerRatis 050a2386-abc0-44f5-8cc9-5549fa72667c
2023-02-24 20:10:34,485 [EndpointStateMachine task thread for /0.0.0.0:39501 - 0 ] INFO  server.RaftServer (RaftServerProxy.java:startImpl(393)) - 050a2386-abc0-44f5-8cc9-5549fa72667c: start RPC server
2023-02-24 20:10:34,492 [EndpointStateMachine task thread for /0.0.0.0:39501 - 0 ] INFO  server.GrpcService (GrpcService.java:startImpl(262)) - 050a2386-abc0-44f5-8cc9-5549fa72667c: GrpcService started, listening on 39301
2023-02-24 20:10:34,496 [JvmPauseMonitor0] INFO  util.JvmPauseMonitor (JvmPauseMonitor.java:run(105)) - JvmPauseMonitor-050a2386-abc0-44f5-8cc9-5549fa72667c: Started
2023-02-24 20:10:34,496 [EndpointStateMachine task thread for /0.0.0.0:39501 - 0 ] INFO  ratis.XceiverServerRatis (XceiverServerRatis.java:getRealPort(544)) - XceiverServerRatis 050a2386-abc0-44f5-8cc9-5549fa72667c is started using port 39301 for RATIS
2023-02-24 20:10:34,496 [EndpointStateMachine task thread for /0.0.0.0:39501 - 0 ] INFO  ratis.XceiverServerRatis (XceiverServerRatis.java:getRealPort(544)) - XceiverServerRatis 050a2386-abc0-44f5-8cc9-5549fa72667c is started using port 39301 for RATIS_ADMIN
2023-02-24 20:10:34,497 [EndpointStateMachine task thread for /0.0.0.0:39501 - 0 ] INFO  ratis.XceiverServerRatis (XceiverServerRatis.java:getRealPort(544)) - XceiverServerRatis 050a2386-abc0-44f5-8cc9-5549fa72667c is started using port 39301 for RATIS_SERVER
2023-02-24 20:10:34,497 [EndpointStateMachine task thread for /0.0.0.0:39501 - 0 ] INFO  ratis.XceiverServerRatis (XceiverServerRatis.java:getRealPort(544)) - XceiverServerRatis 050a2386-abc0-44f5-8cc9-5549fa72667c is started using port 42849 for RATIS_DATASTREAM
2023-02-24 20:10:34,500 [EndpointStateMachine task thread for /0.0.0.0:39501 - 0 ] INFO  server.XceiverServerGrpc (XceiverServerGrpc.java:start(180)) - XceiverServerGrpc 050a2386-abc0-44f5-8cc9-5549fa72667c is started using port 41981
2023-02-24 20:10:34,512 [BlockDeletingService#0] INFO  interfaces.ContainerDeletionChoosingPolicyTemplate (ContainerDeletionChoosingPolicyTemplate.java:chooseContainerForBlockDeletion(83)) - Chosen 0/5000 blocks from 0 candidate containers.
2023-02-24 20:10:34,761 [EndpointStateMachine task thread for /0.0.0.0:39501 - 0 ] INFO  utils.DatanodeStoreCache (DatanodeStoreCache.java:addDB(58)) - Added db /home/runner/work/ozone/ozone/hadoop-ozone/integration-test/target/test-dir/MiniOzoneClusterImpl-ab6f6114-744a-42fd-85e1-7d45e58ce038/datanode-1/data-0/containers/hdds/ab6f6114-744a-42fd-85e1-7d45e58ce038/DS-7a3570d9-9ff0-4c5b-a7f9-9050ffba6186/container.db to cache
2023-02-24 20:10:34,761 [EndpointStateMachine task thread for /0.0.0.0:39501 - 0 ] INFO  volume.HddsVolume (HddsVolume.java:createDbStore(331)) - SchemaV3 db is created and loaded at /home/runner/work/ozone/ozone/hadoop-ozone/integration-test/target/test-dir/MiniOzoneClusterImpl-ab6f6114-744a-42fd-85e1-7d45e58ce038/datanode-1/data-0/containers/hdds/ab6f6114-744a-42fd-85e1-7d45e58ce038/DS-7a3570d9-9ff0-4c5b-a7f9-9050ffba6186/container.db for volume DS-7a3570d9-9ff0-4c5b-a7f9-9050ffba6186
2023-02-24 20:10:34,762 [EndpointStateMachine task thread for /0.0.0.0:39501 - 0 ] INFO  ozoneimpl.OzoneContainer (OzoneContainer.java:start(398)) - Attempting to start container services.
2023-02-24 20:10:34,762 [EndpointStateMachine task thread for /0.0.0.0:39501 - 0 ] INFO  ozoneimpl.OzoneContainer (OzoneContainer.java:startContainerScrub(315)) - Scheduled background container scanners and the on-demand container scanner have been disabled.
2023-02-24 20:10:34,763 [EndpointStateMachine task thread for /0.0.0.0:39501 - 0 ] INFO  replication.ReplicationServer (ReplicationServer.java:start(109)) - ReplicationServer is started using port 46417
2023-02-24 20:10:34,764 [EndpointStateMachine task thread for /0.0.0.0:39501 - 0 ] INFO  ratis.XceiverServerRatis (XceiverServerRatis.java:start(518)) - Starting XceiverServerRatis c4d23d98-1525-4b13-84f6-c163d1520877
2023-02-24 20:10:34,771 [EndpointStateMachine task thread for /0.0.0.0:39501 - 0 ] INFO  server.RaftServer (RaftServerProxy.java:startImpl(393)) - c4d23d98-1525-4b13-84f6-c163d1520877: start RPC server
2023-02-24 20:10:34,776 [EndpointStateMachine task thread for /0.0.0.0:39501 - 0 ] INFO  server.GrpcService (GrpcService.java:startImpl(262)) - c4d23d98-1525-4b13-84f6-c163d1520877: GrpcService started, listening on 40053
2023-02-24 20:10:34,776 [EndpointStateMachine task thread for /0.0.0.0:39501 - 0 ] INFO  ratis.XceiverServerRatis (XceiverServerRatis.java:getRealPort(544)) - XceiverServerRatis c4d23d98-1525-4b13-84f6-c163d1520877 is started using port 40053 for RATIS
2023-02-24 20:10:34,776 [EndpointStateMachine task thread for /0.0.0.0:39501 - 0 ] INFO  ratis.XceiverServerRatis (XceiverServerRatis.java:getRealPort(544)) - XceiverServerRatis c4d23d98-1525-4b13-84f6-c163d1520877 is started using port 40053 for RATIS_ADMIN
2023-02-24 20:10:34,776 [EndpointStateMachine task thread for /0.0.0.0:39501 - 0 ] INFO  ratis.XceiverServerRatis (XceiverServerRatis.java:getRealPort(544)) - XceiverServerRatis c4d23d98-1525-4b13-84f6-c163d1520877 is started using port 40053 for RATIS_SERVER
2023-02-24 20:10:34,777 [EndpointStateMachine task thread for /0.0.0.0:39501 - 0 ] INFO  ratis.XceiverServerRatis (XceiverServerRatis.java:getRealPort(544)) - XceiverServerRatis c4d23d98-1525-4b13-84f6-c163d1520877 is started using port 46437 for RATIS_DATASTREAM
2023-02-24 20:10:34,776 [JvmPauseMonitor1] INFO  util.JvmPauseMonitor (JvmPauseMonitor.java:run(105)) - JvmPauseMonitor-c4d23d98-1525-4b13-84f6-c163d1520877: Started
2023-02-24 20:10:34,779 [EndpointStateMachine task thread for /0.0.0.0:39501 - 0 ] INFO  server.XceiverServerGrpc (XceiverServerGrpc.java:start(180)) - XceiverServerGrpc c4d23d98-1525-4b13-84f6-c163d1520877 is started using port 32915
2023-02-24 20:10:34,786 [BlockDeletingService#0] INFO  interfaces.ContainerDeletionChoosingPolicyTemplate (ContainerDeletionChoosingPolicyTemplate.java:chooseContainerForBlockDeletion(83)) - Chosen 0/5000 blocks from 0 candidate containers.
2023-02-24 20:10:34,932 [Listener at 127.0.0.1/43437] INFO  ozone.MiniOzoneClusterImpl (MiniOzoneClusterImpl.java:lambda$waitForClusterToBeReady$0(218)) - Waiting for nodes to be ready. Got 0 of 5 DN Heartbeats.
2023-02-24 20:10:34,932 [Listener at 127.0.0.1/43437] INFO  ozone.MiniOzoneClusterImpl (MiniOzoneClusterImpl.java:lambda$waitForClusterToBeReady$0(221)) - Waiting for cluster to exit safe mode
2023-02-24 20:10:34,932 [Listener at 127.0.0.1/43437] INFO  ozone.MiniOzoneClusterImpl (MiniOzoneClusterImpl.java:lambda$waitForClusterToBeReady$0(223)) - SCM became leader
2023-02-24 20:10:35,173 [EndpointStateMachine task thread for /0.0.0.0:39501 - 0 ] INFO  utils.DatanodeStoreCache (DatanodeStoreCache.java:addDB(58)) - Added db /home/runner/work/ozone/ozone/hadoop-ozone/integration-test/target/test-dir/MiniOzoneClusterImpl-ab6f6114-744a-42fd-85e1-7d45e58ce038/datanode-2/data-0/containers/hdds/ab6f6114-744a-42fd-85e1-7d45e58ce038/DS-587f54c8-559a-4d4d-99f7-c3a19cc2e019/container.db to cache
2023-02-24 20:10:35,173 [EndpointStateMachine task thread for /0.0.0.0:39501 - 0 ] INFO  volume.HddsVolume (HddsVolume.java:createDbStore(331)) - SchemaV3 db is created and loaded at /home/runner/work/ozone/ozone/hadoop-ozone/integration-test/target/test-dir/MiniOzoneClusterImpl-ab6f6114-744a-42fd-85e1-7d45e58ce038/datanode-2/data-0/containers/hdds/ab6f6114-744a-42fd-85e1-7d45e58ce038/DS-587f54c8-559a-4d4d-99f7-c3a19cc2e019/container.db for volume DS-587f54c8-559a-4d4d-99f7-c3a19cc2e019
2023-02-24 20:10:35,180 [EndpointStateMachine task thread for /0.0.0.0:39501 - 0 ] INFO  ozoneimpl.OzoneContainer (OzoneContainer.java:start(398)) - Attempting to start container services.
2023-02-24 20:10:35,180 [EndpointStateMachine task thread for /0.0.0.0:39501 - 0 ] INFO  ozoneimpl.OzoneContainer (OzoneContainer.java:startContainerScrub(315)) - Scheduled background container scanners and the on-demand container scanner have been disabled.
2023-02-24 20:10:35,182 [EndpointStateMachine task thread for /0.0.0.0:39501 - 0 ] INFO  replication.ReplicationServer (ReplicationServer.java:start(109)) - ReplicationServer is started using port 34707
2023-02-24 20:10:35,182 [EndpointStateMachine task thread for /0.0.0.0:39501 - 0 ] INFO  ratis.XceiverServerRatis (XceiverServerRatis.java:start(518)) - Starting XceiverServerRatis 1ecb19a6-f70e-45a1-a77e-d44e96361cb5
2023-02-24 20:10:35,186 [EndpointStateMachine task thread for /0.0.0.0:39501 - 0 ] INFO  server.RaftServer (RaftServerProxy.java:startImpl(393)) - 1ecb19a6-f70e-45a1-a77e-d44e96361cb5: start RPC server
2023-02-24 20:10:35,187 [EndpointStateMachine task thread for /0.0.0.0:39501 - 0 ] INFO  server.GrpcService (GrpcService.java:startImpl(262)) - 1ecb19a6-f70e-45a1-a77e-d44e96361cb5: GrpcService started, listening on 36117
2023-02-24 20:10:35,187 [EndpointStateMachine task thread for /0.0.0.0:39501 - 0 ] INFO  ratis.XceiverServerRatis (XceiverServerRatis.java:getRealPort(544)) - XceiverServerRatis 1ecb19a6-f70e-45a1-a77e-d44e96361cb5 is started using port 36117 for RATIS
2023-02-24 20:10:35,188 [JvmPauseMonitor2] INFO  util.JvmPauseMonitor (JvmPauseMonitor.java:run(105)) - JvmPauseMonitor-1ecb19a6-f70e-45a1-a77e-d44e96361cb5: Started
2023-02-24 20:10:35,188 [EndpointStateMachine task thread for /0.0.0.0:39501 - 0 ] INFO  ratis.XceiverServerRatis (XceiverServerRatis.java:getRealPort(544)) - XceiverServerRatis 1ecb19a6-f70e-45a1-a77e-d44e96361cb5 is started using port 36117 for RATIS_ADMIN
2023-02-24 20:10:35,188 [EndpointStateMachine task thread for /0.0.0.0:39501 - 0 ] INFO  ratis.XceiverServerRatis (XceiverServerRatis.java:getRealPort(544)) - XceiverServerRatis 1ecb19a6-f70e-45a1-a77e-d44e96361cb5 is started using port 36117 for RATIS_SERVER
2023-02-24 20:10:35,188 [EndpointStateMachine task thread for /0.0.0.0:39501 - 0 ] INFO  ratis.XceiverServerRatis (XceiverServerRatis.java:getRealPort(544)) - XceiverServerRatis 1ecb19a6-f70e-45a1-a77e-d44e96361cb5 is started using port 36215 for RATIS_DATASTREAM
2023-02-24 20:10:35,189 [EndpointStateMachine task thread for /0.0.0.0:39501 - 0 ] INFO  server.XceiverServerGrpc (XceiverServerGrpc.java:start(180)) - XceiverServerGrpc 1ecb19a6-f70e-45a1-a77e-d44e96361cb5 is started using port 43907
2023-02-24 20:10:35,200 [BlockDeletingService#0] INFO  interfaces.ContainerDeletionChoosingPolicyTemplate (ContainerDeletionChoosingPolicyTemplate.java:chooseContainerForBlockDeletion(83)) - Chosen 0/5000 blocks from 0 candidate containers.
2023-02-24 20:10:35,583 [EndpointStateMachine task thread for /0.0.0.0:39501 - 0 ] INFO  utils.DatanodeStoreCache (DatanodeStoreCache.java:addDB(58)) - Added db /home/runner/work/ozone/ozone/hadoop-ozone/integration-test/target/test-dir/MiniOzoneClusterImpl-ab6f6114-744a-42fd-85e1-7d45e58ce038/datanode-3/data-0/containers/hdds/ab6f6114-744a-42fd-85e1-7d45e58ce038/DS-232b6d71-30d0-4316-9141-af7e6d6bc418/container.db to cache
2023-02-24 20:10:35,583 [EndpointStateMachine task thread for /0.0.0.0:39501 - 0 ] INFO  volume.HddsVolume (HddsVolume.java:createDbStore(331)) - SchemaV3 db is created and loaded at /home/runner/work/ozone/ozone/hadoop-ozone/integration-test/target/test-dir/MiniOzoneClusterImpl-ab6f6114-744a-42fd-85e1-7d45e58ce038/datanode-3/data-0/containers/hdds/ab6f6114-744a-42fd-85e1-7d45e58ce038/DS-232b6d71-30d0-4316-9141-af7e6d6bc418/container.db for volume DS-232b6d71-30d0-4316-9141-af7e6d6bc418
2023-02-24 20:10:35,584 [EndpointStateMachine task thread for /0.0.0.0:39501 - 0 ] INFO  ozoneimpl.OzoneContainer (OzoneContainer.java:start(398)) - Attempting to start container services.
2023-02-24 20:10:35,584 [EndpointStateMachine task thread for /0.0.0.0:39501 - 0 ] INFO  ozoneimpl.OzoneContainer (OzoneContainer.java:startContainerScrub(315)) - Scheduled background container scanners and the on-demand container scanner have been disabled.
2023-02-24 20:10:35,586 [EndpointStateMachine task thread for /0.0.0.0:39501 - 0 ] INFO  replication.ReplicationServer (ReplicationServer.java:start(109)) - ReplicationServer is started using port 44413
2023-02-24 20:10:35,587 [EndpointStateMachine task thread for /0.0.0.0:39501 - 0 ] INFO  ratis.XceiverServerRatis (XceiverServerRatis.java:start(518)) - Starting XceiverServerRatis da31d728-c4b4-485e-b457-41dedce51e8b
2023-02-24 20:10:35,588 [EndpointStateMachine task thread for /0.0.0.0:39501 - 0 ] INFO  server.RaftServer (RaftServerProxy.java:startImpl(393)) - da31d728-c4b4-485e-b457-41dedce51e8b: start RPC server
2023-02-24 20:10:35,589 [EndpointStateMachine task thread for /0.0.0.0:39501 - 0 ] INFO  server.GrpcService (GrpcService.java:startImpl(262)) - da31d728-c4b4-485e-b457-41dedce51e8b: GrpcService started, listening on 36499
2023-02-24 20:10:35,589 [EndpointStateMachine task thread for /0.0.0.0:39501 - 0 ] INFO  ratis.XceiverServerRatis (XceiverServerRatis.java:getRealPort(544)) - XceiverServerRatis da31d728-c4b4-485e-b457-41dedce51e8b is started using port 36499 for RATIS
2023-02-24 20:10:35,589 [EndpointStateMachine task thread for /0.0.0.0:39501 - 0 ] INFO  ratis.XceiverServerRatis (XceiverServerRatis.java:getRealPort(544)) - XceiverServerRatis da31d728-c4b4-485e-b457-41dedce51e8b is started using port 36499 for RATIS_ADMIN
2023-02-24 20:10:35,589 [JvmPauseMonitor3] INFO  util.JvmPauseMonitor (JvmPauseMonitor.java:run(105)) - JvmPauseMonitor-da31d728-c4b4-485e-b457-41dedce51e8b: Started
2023-02-24 20:10:35,589 [EndpointStateMachine task thread for /0.0.0.0:39501 - 0 ] INFO  ratis.XceiverServerRatis (XceiverServerRatis.java:getRealPort(544)) - XceiverServerRatis da31d728-c4b4-485e-b457-41dedce51e8b is started using port 36499 for RATIS_SERVER
2023-02-24 20:10:35,590 [EndpointStateMachine task thread for /0.0.0.0:39501 - 0 ] INFO  ratis.XceiverServerRatis (XceiverServerRatis.java:getRealPort(544)) - XceiverServerRatis da31d728-c4b4-485e-b457-41dedce51e8b is started using port 41933 for RATIS_DATASTREAM
2023-02-24 20:10:35,592 [EndpointStateMachine task thread for /0.0.0.0:39501 - 0 ] INFO  server.XceiverServerGrpc (XceiverServerGrpc.java:start(180)) - XceiverServerGrpc da31d728-c4b4-485e-b457-41dedce51e8b is started using port 32895
2023-02-24 20:10:35,596 [BlockDeletingService#0] INFO  interfaces.ContainerDeletionChoosingPolicyTemplate (ContainerDeletionChoosingPolicyTemplate.java:chooseContainerForBlockDeletion(83)) - Chosen 0/5000 blocks from 0 candidate containers.
2023-02-24 20:10:35,932 [Listener at 127.0.0.1/43437] INFO  ozone.MiniOzoneClusterImpl (MiniOzoneClusterImpl.java:lambda$waitForClusterToBeReady$0(218)) - Waiting for nodes to be ready. Got 0 of 5 DN Heartbeats.
2023-02-24 20:10:35,933 [Listener at 127.0.0.1/43437] INFO  ozone.MiniOzoneClusterImpl (MiniOzoneClusterImpl.java:lambda$waitForClusterToBeReady$0(221)) - Waiting for cluster to exit safe mode
2023-02-24 20:10:35,933 [Listener at 127.0.0.1/43437] INFO  ozone.MiniOzoneClusterImpl (MiniOzoneClusterImpl.java:lambda$waitForClusterToBeReady$0(223)) - SCM became leader
2023-02-24 20:10:35,962 [EndpointStateMachine task thread for /0.0.0.0:39501 - 0 ] INFO  utils.DatanodeStoreCache (DatanodeStoreCache.java:addDB(58)) - Added db /home/runner/work/ozone/ozone/hadoop-ozone/integration-test/target/test-dir/MiniOzoneClusterImpl-ab6f6114-744a-42fd-85e1-7d45e58ce038/datanode-4/data-0/containers/hdds/ab6f6114-744a-42fd-85e1-7d45e58ce038/DS-bcd762ce-013c-4e43-939c-b3c4aed7a8e7/container.db to cache
2023-02-24 20:10:35,964 [EndpointStateMachine task thread for /0.0.0.0:39501 - 0 ] INFO  volume.HddsVolume (HddsVolume.java:createDbStore(331)) - SchemaV3 db is created and loaded at /home/runner/work/ozone/ozone/hadoop-ozone/integration-test/target/test-dir/MiniOzoneClusterImpl-ab6f6114-744a-42fd-85e1-7d45e58ce038/datanode-4/data-0/containers/hdds/ab6f6114-744a-42fd-85e1-7d45e58ce038/DS-bcd762ce-013c-4e43-939c-b3c4aed7a8e7/container.db for volume DS-bcd762ce-013c-4e43-939c-b3c4aed7a8e7
2023-02-24 20:10:35,964 [EndpointStateMachine task thread for /0.0.0.0:39501 - 0 ] INFO  ozoneimpl.OzoneContainer (OzoneContainer.java:start(398)) - Attempting to start container services.
2023-02-24 20:10:35,964 [EndpointStateMachine task thread for /0.0.0.0:39501 - 0 ] INFO  ozoneimpl.OzoneContainer (OzoneContainer.java:startContainerScrub(315)) - Scheduled background container scanners and the on-demand container scanner have been disabled.
2023-02-24 20:10:35,966 [EndpointStateMachine task thread for /0.0.0.0:39501 - 0 ] INFO  replication.ReplicationServer (ReplicationServer.java:start(109)) - ReplicationServer is started using port 44773
2023-02-24 20:10:35,966 [EndpointStateMachine task thread for /0.0.0.0:39501 - 0 ] INFO  ratis.XceiverServerRatis (XceiverServerRatis.java:start(518)) - Starting XceiverServerRatis e58d4e55-d9f6-4c0d-a324-4cc474a0d238
2023-02-24 20:10:35,966 [EndpointStateMachine task thread for /0.0.0.0:39501 - 0 ] INFO  server.RaftServer (RaftServerProxy.java:startImpl(393)) - e58d4e55-d9f6-4c0d-a324-4cc474a0d238: start RPC server
2023-02-24 20:10:35,968 [EndpointStateMachine task thread for /0.0.0.0:39501 - 0 ] INFO  server.GrpcService (GrpcService.java:startImpl(262)) - e58d4e55-d9f6-4c0d-a324-4cc474a0d238: GrpcService started, listening on 33677
2023-02-24 20:10:35,968 [EndpointStateMachine task thread for /0.0.0.0:39501 - 0 ] INFO  ratis.XceiverServerRatis (XceiverServerRatis.java:getRealPort(544)) - XceiverServerRatis e58d4e55-d9f6-4c0d-a324-4cc474a0d238 is started using port 33677 for RATIS
2023-02-24 20:10:35,968 [EndpointStateMachine task thread for /0.0.0.0:39501 - 0 ] INFO  ratis.XceiverServerRatis (XceiverServerRatis.java:getRealPort(544)) - XceiverServerRatis e58d4e55-d9f6-4c0d-a324-4cc474a0d238 is started using port 33677 for RATIS_ADMIN
2023-02-24 20:10:35,968 [EndpointStateMachine task thread for /0.0.0.0:39501 - 0 ] INFO  ratis.XceiverServerRatis (XceiverServerRatis.java:getRealPort(544)) - XceiverServerRatis e58d4e55-d9f6-4c0d-a324-4cc474a0d238 is started using port 33677 for RATIS_SERVER
2023-02-24 20:10:35,968 [EndpointStateMachine task thread for /0.0.0.0:39501 - 0 ] INFO  ratis.XceiverServerRatis (XceiverServerRatis.java:getRealPort(544)) - XceiverServerRatis e58d4e55-d9f6-4c0d-a324-4cc474a0d238 is started using port 46549 for RATIS_DATASTREAM
2023-02-24 20:10:35,970 [JvmPauseMonitor4] INFO  util.JvmPauseMonitor (JvmPauseMonitor.java:run(105)) - JvmPauseMonitor-e58d4e55-d9f6-4c0d-a324-4cc474a0d238: Started
2023-02-24 20:10:35,972 [EndpointStateMachine task thread for /0.0.0.0:39501 - 0 ] INFO  server.XceiverServerGrpc (XceiverServerGrpc.java:start(180)) - XceiverServerGrpc e58d4e55-d9f6-4c0d-a324-4cc474a0d238 is started using port 45475
2023-02-24 20:10:35,973 [BlockDeletingService#0] INFO  interfaces.ContainerDeletionChoosingPolicyTemplate (ContainerDeletionChoosingPolicyTemplate.java:chooseContainerForBlockDeletion(83)) - Chosen 0/5000 blocks from 0 candidate containers.
2023-02-24 20:10:36,384 [IPC Server handler 14 on default port 39501] INFO  net.NetworkTopologyImpl (NetworkTopologyImpl.java:add(112)) - Added a new node: /default-rack/050a2386-abc0-44f5-8cc9-5549fa72667c
2023-02-24 20:10:36,386 [IPC Server handler 14 on default port 39501] INFO  node.SCMNodeManager (SCMNodeManager.java:register(397)) - Registered Data node : 050a2386-abc0-44f5-8cc9-5549fa72667c{ip: 10.1.1.26, host: fv-az204-30, ports: [REPLICATION=43637, RATIS=39301, RATIS_ADMIN=39301, RATIS_SERVER=39301, RATIS_DATASTREAM=42849, STANDALONE=41981], networkLocation: /default-rack, certSerialId: null, persistedOpState: null, persistedOpStateExpiryEpochSec: 0}
2023-02-24 20:10:36,392 [EventQueue-NewNodeForNewNodeHandler] INFO  pipeline.BackgroundPipelineCreator (BackgroundPipelineCreator.java:notifyEventTriggered(276)) - trigger a one-shot run on RatisPipelineUtilsThread.
2023-02-24 20:10:36,396 [EventQueue-NodeRegistrationContainerReportForDataNodeSafeModeRule] INFO  safemode.SCMSafeModeManager (DataNodeSafeModeRule.java:process(71)) - SCM in safe mode. 1 DataNodes registered, 3 required.
2023-02-24 20:10:36,401 [RatisPipelineUtilsThread - 0] INFO  pipeline.RatisPipelineProvider (RatisPipelineProvider.java:lambda$create$0(206)) - Sending CreatePipelineCommand for pipeline:PipelineID=f4f9c343-4956-4eed-8585-3ccccf7219b5 to datanode:050a2386-abc0-44f5-8cc9-5549fa72667c
2023-02-24 20:10:36,401 [EventQueue-NodeRegistrationContainerReportForContainerSafeModeRule] INFO  safemode.SCMSafeModeManager (SCMSafeModeManager.java:validateSafeModeExitRules(200)) - ContainerSafeModeRule rule is successfully validated
2023-02-24 20:10:36,413 [EventQueue-PipelineReportForOneReplicaPipelineSafeModeRule] INFO  safemode.SCMSafeModeManager (SCMSafeModeManager.java:validateSafeModeExitRules(200)) - AtleastOneDatanodeReportedRule rule is successfully validated
2023-02-24 20:10:36,414 [RatisPipelineUtilsThread - 0] INFO  pipeline.PipelineStateManagerImpl (PipelineStateManagerImpl.java:addPipeline(103)) - Created pipeline Pipeline[ Id: f4f9c343-4956-4eed-8585-3ccccf7219b5, Nodes: 050a2386-abc0-44f5-8cc9-5549fa72667c(fv-az204-30/10.1.1.26), ReplicationConfig: RATIS/ONE, State:ALLOCATED, leaderId:, CreationTimestamp2023-02-24T20:10:36.400Z[Etc/UTC]].
2023-02-24 20:10:36,738 [IPC Server handler 15 on default port 39501] INFO  net.NetworkTopologyImpl (NetworkTopologyImpl.java:add(112)) - Added a new node: /default-rack/c4d23d98-1525-4b13-84f6-c163d1520877
2023-02-24 20:10:36,738 [IPC Server handler 15 on default port 39501] INFO  node.SCMNodeManager (SCMNodeManager.java:register(397)) - Registered Data node : c4d23d98-1525-4b13-84f6-c163d1520877{ip: 10.1.1.26, host: fv-az204-30, ports: [REPLICATION=46417, RATIS=40053, RATIS_ADMIN=40053, RATIS_SERVER=40053, RATIS_DATASTREAM=46437, STANDALONE=32915], networkLocation: /default-rack, certSerialId: null, persistedOpState: null, persistedOpStateExpiryEpochSec: 0}
2023-02-24 20:10:36,739 [EventQueue-NodeRegistrationContainerReportForDataNodeSafeModeRule] INFO  safemode.SCMSafeModeManager (DataNodeSafeModeRule.java:process(71)) - SCM in safe mode. 2 DataNodes registered, 3 required.
2023-02-24 20:10:36,739 [EventQueue-NewNodeForNewNodeHandler] INFO  pipeline.BackgroundPipelineCreator (BackgroundPipelineCreator.java:notifyEventTriggered(276)) - trigger a one-shot run on RatisPipelineUtilsThread.
2023-02-24 20:10:36,743 [RatisPipelineUtilsThread - 0] INFO  pipeline.RatisPipelineProvider (RatisPipelineProvider.java:lambda$create$0(206)) - Sending CreatePipelineCommand for pipeline:PipelineID=7e96dd6a-e8a5-45e1-8c9c-43ee1278d897 to datanode:c4d23d98-1525-4b13-84f6-c163d1520877
2023-02-24 20:10:36,744 [RatisPipelineUtilsThread - 0] INFO  pipeline.PipelineStateManagerImpl (PipelineStateManagerImpl.java:addPipeline(103)) - Created pipeline Pipeline[ Id: 7e96dd6a-e8a5-45e1-8c9c-43ee1278d897, Nodes: c4d23d98-1525-4b13-84f6-c163d1520877(fv-az204-30/10.1.1.26), ReplicationConfig: RATIS/ONE, State:ALLOCATED, leaderId:, CreationTimestamp2023-02-24T20:10:36.743Z[Etc/UTC]].
2023-02-24 20:10:36,933 [Listener at 127.0.0.1/43437] INFO  ozone.MiniOzoneClusterImpl (MiniOzoneClusterImpl.java:lambda$waitForClusterToBeReady$0(218)) - Waiting for nodes to be ready. Got 2 of 5 DN Heartbeats.
2023-02-24 20:10:36,933 [Listener at 127.0.0.1/43437] INFO  ozone.MiniOzoneClusterImpl (MiniOzoneClusterImpl.java:lambda$waitForClusterToBeReady$0(221)) - Waiting for cluster to exit safe mode
2023-02-24 20:10:36,933 [Listener at 127.0.0.1/43437] INFO  ozone.MiniOzoneClusterImpl (MiniOzoneClusterImpl.java:lambda$waitForClusterToBeReady$0(223)) - SCM became leader
2023-02-24 20:10:37,148 [IPC Server handler 14 on default port 39501] INFO  net.NetworkTopologyImpl (NetworkTopologyImpl.java:add(112)) - Added a new node: /default-rack/1ecb19a6-f70e-45a1-a77e-d44e96361cb5
2023-02-24 20:10:37,149 [IPC Server handler 14 on default port 39501] INFO  node.SCMNodeManager (SCMNodeManager.java:register(397)) - Registered Data node : 1ecb19a6-f70e-45a1-a77e-d44e96361cb5{ip: 10.1.1.26, host: fv-az204-30, ports: [REPLICATION=34707, RATIS=36117, RATIS_ADMIN=36117, RATIS_SERVER=36117, RATIS_DATASTREAM=36215, STANDALONE=43907], networkLocation: /default-rack, certSerialId: null, persistedOpState: null, persistedOpStateExpiryEpochSec: 0}
2023-02-24 20:10:37,149 [EventQueue-NewNodeForNewNodeHandler] INFO  pipeline.BackgroundPipelineCreator (BackgroundPipelineCreator.java:notifyEventTriggered(276)) - trigger a one-shot run on RatisPipelineUtilsThread.
2023-02-24 20:10:37,149 [EventQueue-NodeRegistrationContainerReportForDataNodeSafeModeRule] INFO  safemode.SCMSafeModeManager (DataNodeSafeModeRule.java:process(71)) - SCM in safe mode. 3 DataNodes registered, 3 required.
2023-02-24 20:10:37,149 [EventQueue-NodeRegistrationContainerReportForDataNodeSafeModeRule] INFO  safemode.SCMSafeModeManager (SCMSafeModeManager.java:validateSafeModeExitRules(200)) - DataNodeSafeModeRule rule is successfully validated
2023-02-24 20:10:37,149 [EventQueue-NodeRegistrationContainerReportForDataNodeSafeModeRule] INFO  safemode.SCMSafeModeManager (SCMSafeModeManager.java:completePreCheck(229)) - All SCM safe mode pre check rules have passed
2023-02-24 20:10:37,149 [EventQueue-NodeRegistrationContainerReportForDataNodeSafeModeRule] INFO  ha.SCMContext (SCMContext.java:updateSafeModeStatus(228)) - Update SafeModeStatus from SafeModeStatus{safeModeStatus=true, preCheckPassed=false} to SafeModeStatus{safeModeStatus=true, preCheckPassed=true}.
2023-02-24 20:10:37,149 [EventQueue-NodeRegistrationContainerReportForDataNodeSafeModeRule] INFO  pipeline.BackgroundPipelineCreator (BackgroundPipelineCreator.java:notifyEventTriggered(276)) - trigger a one-shot run on RatisPipelineUtilsThread.
2023-02-24 20:10:37,150 [RatisPipelineUtilsThread - 0] INFO  pipeline.RatisPipelineProvider (RatisPipelineProvider.java:lambda$create$0(206)) - Sending CreatePipelineCommand for pipeline:PipelineID=b903c43d-f8bc-4957-b93c-e1cfaecd6859 to datanode:1ecb19a6-f70e-45a1-a77e-d44e96361cb5
2023-02-24 20:10:37,150 [RatisPipelineUtilsThread - 0] INFO  pipeline.PipelineStateManagerImpl (PipelineStateManagerImpl.java:addPipeline(103)) - Created pipeline Pipeline[ Id: b903c43d-f8bc-4957-b93c-e1cfaecd6859, Nodes: 1ecb19a6-f70e-45a1-a77e-d44e96361cb5(fv-az204-30/10.1.1.26), ReplicationConfig: RATIS/ONE, State:ALLOCATED, leaderId:, CreationTimestamp2023-02-24T20:10:37.150Z[Etc/UTC]].
2023-02-24 20:10:37,156 [RatisPipelineUtilsThread - 0] INFO  pipeline.RatisPipelineProvider (RatisPipelineProvider.java:lambda$create$0(206)) - Sending CreatePipelineCommand for pipeline:PipelineID=314e1146-4ded-45f6-9fa5-c367faa5c9d6 to datanode:c4d23d98-1525-4b13-84f6-c163d1520877
2023-02-24 20:10:37,156 [RatisPipelineUtilsThread - 0] INFO  pipeline.RatisPipelineProvider (RatisPipelineProvider.java:lambda$create$0(206)) - Sending CreatePipelineCommand for pipeline:PipelineID=314e1146-4ded-45f6-9fa5-c367faa5c9d6 to datanode:050a2386-abc0-44f5-8cc9-5549fa72667c
2023-02-24 20:10:37,156 [RatisPipelineUtilsThread - 0] INFO  pipeline.RatisPipelineProvider (RatisPipelineProvider.java:lambda$create$0(206)) - Sending CreatePipelineCommand for pipeline:PipelineID=314e1146-4ded-45f6-9fa5-c367faa5c9d6 to datanode:1ecb19a6-f70e-45a1-a77e-d44e96361cb5
2023-02-24 20:10:37,159 [RatisPipelineUtilsThread - 0] INFO  pipeline.PipelineStateManagerImpl (PipelineStateManagerImpl.java:addPipeline(103)) - Created pipeline Pipeline[ Id: 314e1146-4ded-45f6-9fa5-c367faa5c9d6, Nodes: c4d23d98-1525-4b13-84f6-c163d1520877(fv-az204-30/10.1.1.26)050a2386-abc0-44f5-8cc9-5549fa72667c(fv-az204-30/10.1.1.26)1ecb19a6-f70e-45a1-a77e-d44e96361cb5(fv-az204-30/10.1.1.26), ReplicationConfig: RATIS/THREE, State:ALLOCATED, leaderId:, CreationTimestamp2023-02-24T20:10:37.156Z[Etc/UTC]].
2023-02-24 20:10:37,161 [RatisPipelineUtilsThread - 0] INFO  pipeline.RatisPipelineProvider (RatisPipelineProvider.java:lambda$create$0(206)) - Sending CreatePipelineCommand for pipeline:PipelineID=c6e6ba68-5493-494f-9c84-0f6bfdd8b04b to datanode:1ecb19a6-f70e-45a1-a77e-d44e96361cb5
2023-02-24 20:10:37,161 [RatisPipelineUtilsThread - 0] INFO  pipeline.RatisPipelineProvider (RatisPipelineProvider.java:lambda$create$0(206)) - Sending CreatePipelineCommand for pipeline:PipelineID=c6e6ba68-5493-494f-9c84-0f6bfdd8b04b to datanode:050a2386-abc0-44f5-8cc9-5549fa72667c
2023-02-24 20:10:37,161 [RatisPipelineUtilsThread - 0] INFO  pipeline.RatisPipelineProvider (RatisPipelineProvider.java:lambda$create$0(206)) - Sending CreatePipelineCommand for pipeline:PipelineID=c6e6ba68-5493-494f-9c84-0f6bfdd8b04b to datanode:c4d23d98-1525-4b13-84f6-c163d1520877
2023-02-24 20:10:37,163 [RatisPipelineUtilsThread - 0] INFO  pipeline.PipelineStateManagerImpl (PipelineStateManagerImpl.java:addPipeline(103)) - Created pipeline Pipeline[ Id: c6e6ba68-5493-494f-9c84-0f6bfdd8b04b, Nodes: 1ecb19a6-f70e-45a1-a77e-d44e96361cb5(fv-az204-30/10.1.1.26)050a2386-abc0-44f5-8cc9-5549fa72667c(fv-az204-30/10.1.1.26)c4d23d98-1525-4b13-84f6-c163d1520877(fv-az204-30/10.1.1.26), ReplicationConfig: RATIS/THREE, State:ALLOCATED, leaderId:, CreationTimestamp2023-02-24T20:10:37.161Z[Etc/UTC]].
2023-02-24 20:10:37,163 [RatisPipelineUtilsThread - 0] INFO  pipeline.PipelineManagerImpl (PipelineManagerImpl.java:recordMetricsForPipeline(826)) - Pipeline: PipelineID=c6e6ba68-5493-494f-9c84-0f6bfdd8b04b contains same datanodes as previous pipelines: PipelineID=314e1146-4ded-45f6-9fa5-c367faa5c9d6 nodeIds: 1ecb19a6-f70e-45a1-a77e-d44e96361cb5, 050a2386-abc0-44f5-8cc9-5549fa72667c, c4d23d98-1525-4b13-84f6-c163d1520877
2023-02-24 20:10:37,165 [RatisPipelineUtilsThread - 0] WARN  pipeline.PipelinePlacementPolicy (PipelinePlacementPolicy.java:filterViableNodes(158)) - Pipeline creation failed due to no sufficient healthy datanodes. Required 3. Found 0.
2023-02-24 20:10:37,555 [IPC Server handler 15 on default port 39501] INFO  net.NetworkTopologyImpl (NetworkTopologyImpl.java:add(112)) - Added a new node: /default-rack/da31d728-c4b4-485e-b457-41dedce51e8b
2023-02-24 20:10:37,555 [IPC Server handler 15 on default port 39501] INFO  node.SCMNodeManager (SCMNodeManager.java:register(397)) - Registered Data node : da31d728-c4b4-485e-b457-41dedce51e8b{ip: 10.1.1.26, host: fv-az204-30, ports: [REPLICATION=44413, RATIS=36499, RATIS_ADMIN=36499, RATIS_SERVER=36499, RATIS_DATASTREAM=41933, STANDALONE=32895], networkLocation: /default-rack, certSerialId: null, persistedOpState: null, persistedOpStateExpiryEpochSec: 0}
2023-02-24 20:10:37,555 [EventQueue-NewNodeForNewNodeHandler] INFO  pipeline.BackgroundPipelineCreator (BackgroundPipelineCreator.java:notifyEventTriggered(276)) - trigger a one-shot run on RatisPipelineUtilsThread.
2023-02-24 20:10:37,555 [RatisPipelineUtilsThread - 0] INFO  pipeline.RatisPipelineProvider (RatisPipelineProvider.java:lambda$create$0(206)) - Sending CreatePipelineCommand for pipeline:PipelineID=a55bbb5b-3fd5-4f7b-b115-dd03463b6649 to datanode:da31d728-c4b4-485e-b457-41dedce51e8b
2023-02-24 20:10:37,556 [RatisPipelineUtilsThread - 0] INFO  pipeline.PipelineStateManagerImpl (PipelineStateManagerImpl.java:addPipeline(103)) - Created pipeline Pipeline[ Id: a55bbb5b-3fd5-4f7b-b115-dd03463b6649, Nodes: da31d728-c4b4-485e-b457-41dedce51e8b(fv-az204-30/10.1.1.26), ReplicationConfig: RATIS/ONE, State:ALLOCATED, leaderId:, CreationTimestamp2023-02-24T20:10:37.555Z[Etc/UTC]].
2023-02-24 20:10:37,557 [RatisPipelineUtilsThread - 0] WARN  pipeline.PipelinePlacementPolicy (PipelinePlacementPolicy.java:filterViableNodes(158)) - Pipeline creation failed due to no sufficient healthy datanodes. Required 3. Found 1.
2023-02-24 20:10:37,934 [Listener at 127.0.0.1/43437] INFO  ozone.MiniOzoneClusterImpl (MiniOzoneClusterImpl.java:lambda$waitForClusterToBeReady$0(218)) - Waiting for nodes to be ready. Got 4 of 5 DN Heartbeats.
2023-02-24 20:10:37,934 [Listener at 127.0.0.1/43437] INFO  ozone.MiniOzoneClusterImpl (MiniOzoneClusterImpl.java:lambda$waitForClusterToBeReady$0(221)) - Waiting for cluster to exit safe mode
2023-02-24 20:10:37,934 [Listener at 127.0.0.1/43437] INFO  ozone.MiniOzoneClusterImpl (MiniOzoneClusterImpl.java:lambda$waitForClusterToBeReady$0(223)) - SCM became leader
2023-02-24 20:10:37,937 [IPC Server handler 13 on default port 39501] INFO  net.NetworkTopologyImpl (NetworkTopologyImpl.java:add(112)) - Added a new node: /default-rack/e58d4e55-d9f6-4c0d-a324-4cc474a0d238
2023-02-24 20:10:37,937 [IPC Server handler 13 on default port 39501] INFO  node.SCMNodeManager (SCMNodeManager.java:register(397)) - Registered Data node : e58d4e55-d9f6-4c0d-a324-4cc474a0d238{ip: 10.1.1.26, host: fv-az204-30, ports: [REPLICATION=44773, RATIS=33677, RATIS_ADMIN=33677, RATIS_SERVER=33677, RATIS_DATASTREAM=46549, STANDALONE=45475], networkLocation: /default-rack, certSerialId: null, persistedOpState: null, persistedOpStateExpiryEpochSec: 0}
2023-02-24 20:10:37,937 [EventQueue-NewNodeForNewNodeHandler] INFO  pipeline.BackgroundPipelineCreator (BackgroundPipelineCreator.java:notifyEventTriggered(276)) - trigger a one-shot run on RatisPipelineUtilsThread.
2023-02-24 20:10:37,938 [RatisPipelineUtilsThread - 0] INFO  pipeline.RatisPipelineProvider (RatisPipelineProvider.java:lambda$create$0(206)) - Sending CreatePipelineCommand for pipeline:PipelineID=8b037de7-a6e8-4eaf-be14-c97288801ba9 to datanode:e58d4e55-d9f6-4c0d-a324-4cc474a0d238
2023-02-24 20:10:37,939 [RatisPipelineUtilsThread - 0] INFO  pipeline.PipelineStateManagerImpl (PipelineStateManagerImpl.java:addPipeline(103)) - Created pipeline Pipeline[ Id: 8b037de7-a6e8-4eaf-be14-c97288801ba9, Nodes: e58d4e55-d9f6-4c0d-a324-4cc474a0d238(fv-az204-30/10.1.1.26), ReplicationConfig: RATIS/ONE, State:ALLOCATED, leaderId:, CreationTimestamp2023-02-24T20:10:37.938Z[Etc/UTC]].
2023-02-24 20:10:37,940 [RatisPipelineUtilsThread - 0] WARN  pipeline.PipelinePlacementPolicy (PipelinePlacementPolicy.java:filterViableNodes(158)) - Pipeline creation failed due to no sufficient healthy datanodes. Required 3. Found 2.
2023-02-24 20:10:38,934 [Listener at 127.0.0.1/43437] INFO  ozone.MiniOzoneClusterImpl (MiniOzoneClusterImpl.java:lambda$waitForClusterToBeReady$0(218)) - Nodes are ready. Got 5 of 5 DN Heartbeats.
2023-02-24 20:10:38,934 [Listener at 127.0.0.1/43437] INFO  ozone.MiniOzoneClusterImpl (MiniOzoneClusterImpl.java:lambda$waitForClusterToBeReady$0(221)) - Waiting for cluster to exit safe mode
2023-02-24 20:10:38,934 [Listener at 127.0.0.1/43437] INFO  ozone.MiniOzoneClusterImpl (MiniOzoneClusterImpl.java:lambda$waitForClusterToBeReady$0(223)) - SCM became leader
2023-02-24 20:10:39,384 [Command processor thread] INFO  server.RaftServer (RaftServerProxy.java:addNew(96)) - 050a2386-abc0-44f5-8cc9-5549fa72667c: addNew group-3CCCCF7219B5:[050a2386-abc0-44f5-8cc9-5549fa72667c|rpc:10.1.1.26:39301|dataStream:10.1.1.26:42849|priority:1|startupRole:FOLLOWER] returns group-3CCCCF7219B5:java.util.concurrent.CompletableFuture@6e4c2331[Not completed]
2023-02-24 20:10:39,398 [pool-69-thread-1] INFO  server.RaftServer$Division (RaftServerImpl.java:<init>(195)) - 050a2386-abc0-44f5-8cc9-5549fa72667c: new RaftServerImpl for group-3CCCCF7219B5:[050a2386-abc0-44f5-8cc9-5549fa72667c|rpc:10.1.1.26:39301|dataStream:10.1.1.26:42849|priority:1|startupRole:FOLLOWER] with ContainerStateMachine:uninitialized
2023-02-24 20:10:39,399 [pool-69-thread-1] INFO  server.RaftServerConfigKeys (ConfUtils.java:logGet(46)) - raft.server.rpc.timeout.min = 5s (custom)
2023-02-24 20:10:39,400 [pool-69-thread-1] INFO  server.RaftServerConfigKeys (ConfUtils.java:logGet(46)) - raft.server.rpc.timeout.max = 5200ms (custom)
2023-02-24 20:10:39,400 [pool-69-thread-1] INFO  server.RaftServerConfigKeys (ConfUtils.java:logGet(46)) - raft.server.rpc.sleep.time = 25ms (default)
2023-02-24 20:10:39,400 [pool-69-thread-1] INFO  server.RaftServerConfigKeys (ConfUtils.java:logGet(46)) - raft.server.rpc.slowness.timeout = 300s (custom)
2023-02-24 20:10:39,400 [pool-69-thread-1] INFO  server.RaftServerConfigKeys (ConfUtils.java:logGet(46)) - raft.server.leaderelection.leader.step-down.wait-time = 10s (default)
2023-02-24 20:10:39,400 [pool-69-thread-1] INFO  server.RaftServerConfigKeys (ConfUtils.java:logGet(46)) - raft.server.sleep.deviation.threshold = 300ms (default)
2023-02-24 20:10:39,407 [pool-69-thread-1] INFO  server.RaftServer$Division (ServerState.java:<init>(118)) - 050a2386-abc0-44f5-8cc9-5549fa72667c@group-3CCCCF7219B5: ConfigurationManager, init=-1: peers:[050a2386-abc0-44f5-8cc9-5549fa72667c|rpc:10.1.1.26:39301|dataStream:10.1.1.26:42849|priority:1|startupRole:FOLLOWER]|listeners:[], old=null, confs=<EMPTY_MAP>
2023-02-24 20:10:39,407 [pool-69-thread-1] INFO  server.RaftServerConfigKeys (ConfUtils.java:logGet(46)) - raft.server.storage.dir = [/home/runner/work/ozone/ozone/hadoop-ozone/integration-test/target/test-dir/MiniOzoneClusterImpl-ab6f6114-744a-42fd-85e1-7d45e58ce038/datanode-0/data/ratis] (custom)
2023-02-24 20:10:39,412 [pool-69-thread-1] INFO  server.RaftServerConfigKeys (ConfUtils.java:logGet(46)) - raft.server.log.corruption.policy = EXCEPTION (default)
2023-02-24 20:10:39,412 [pool-69-thread-1] INFO  server.RaftServerConfigKeys (ConfUtils.java:logGet(46)) - raft.server.storage.free-space.min = 0MB (=0) (default)
2023-02-24 20:10:39,419 [pool-69-thread-1] INFO  server.RaftServerConfigKeys (ConfUtils.java:logGet(46)) - raft.server.notification.no-leader.timeout = 300s (custom)
2023-02-24 20:10:39,421 [pool-69-thread-1] INFO  server.RaftServerConfigKeys (ConfUtils.java:logGet(46)) - raft.server.retrycache.expirytime = 600000ms (custom)
2023-02-24 20:10:39,421 [pool-69-thread-1] INFO  server.RaftServerConfigKeys (ConfUtils.java:logGet(46)) - raft.server.retrycache.statistics.expirytime = 100μs (default)
2023-02-24 20:10:39,465 [pool-69-thread-1] INFO  server.RaftServerConfigKeys (ConfUtils.java:logGet(46)) - raft.server.log.appender.install.snapshot.enabled = false (custom)
2023-02-24 20:10:39,468 [pool-69-thread-1] INFO  server.RaftServerConfigKeys (ConfUtils.java:logGet(46)) - raft.server.threadpool.server.cached = true (default)
2023-02-24 20:10:39,468 [pool-69-thread-1] INFO  server.RaftServerConfigKeys (ConfUtils.java:logGet(46)) - raft.server.threadpool.server.size = 0 (default)
2023-02-24 20:10:39,468 [pool-69-thread-1] INFO  server.RaftServerConfigKeys (ConfUtils.java:logGet(46)) - raft.server.threadpool.client.cached = true (default)
2023-02-24 20:10:39,468 [pool-69-thread-1] INFO  server.RaftServerConfigKeys (ConfUtils.java:logGet(46)) - raft.server.threadpool.client.size = 0 (default)
2023-02-24 20:10:39,469 [pool-69-thread-1] INFO  storage.RaftStorageDirectory (RaftStorageDirectoryImpl.java:analyzeStorage(137)) - The storage directory /home/runner/work/ozone/ozone/hadoop-ozone/integration-test/target/test-dir/MiniOzoneClusterImpl-ab6f6114-744a-42fd-85e1-7d45e58ce038/datanode-0/data/ratis/f4f9c343-4956-4eed-8585-3ccccf7219b5 does not exist. Creating ...
2023-02-24 20:10:39,474 [pool-69-thread-1] INFO  storage.RaftStorageDirectory (RaftStorageDirectoryImpl.java:tryLock(231)) - Lock on /home/runner/work/ozone/ozone/hadoop-ozone/integration-test/target/test-dir/MiniOzoneClusterImpl-ab6f6114-744a-42fd-85e1-7d45e58ce038/datanode-0/data/ratis/f4f9c343-4956-4eed-8585-3ccccf7219b5/in_use.lock acquired by nodename 19927@fv-az204-30
2023-02-24 20:10:39,479 [pool-69-thread-1] INFO  storage.RaftStorage (RaftStorageImpl.java:format(96)) - Storage directory /home/runner/work/ozone/ozone/hadoop-ozone/integration-test/target/test-dir/MiniOzoneClusterImpl-ab6f6114-744a-42fd-85e1-7d45e58ce038/datanode-0/data/ratis/f4f9c343-4956-4eed-8585-3ccccf7219b5 has been successfully formatted.
2023-02-24 20:10:39,483 [pool-69-thread-1] INFO  ratis.ContainerStateMachine (ContainerStateMachine.java:loadSnapshot(240)) - group-3CCCCF7219B5: The snapshot info is null. Setting the last applied indexto:(t:0, i:~)
2023-02-24 20:10:39,484 [pool-69-thread-1] INFO  server.RaftServerConfigKeys (ConfUtils.java:logGet(46)) - raft.server.log.use.memory = false (default)
2023-02-24 20:10:39,491 [pool-69-thread-1] INFO  server.RaftServerConfigKeys (ConfUtils.java:logGet(46)) - raft.server.log.purge.gap = 1000000 (custom)
2023-02-24 20:10:39,491 [pool-69-thread-1] INFO  server.RaftServerConfigKeys (ConfUtils.java:logGet(46)) - raft.server.log.appender.buffer.byte-limit = 33554432 (custom)
2023-02-24 20:10:39,492 [pool-69-thread-1] INFO  server.RaftServerConfigKeys (ConfUtils.java:logGet(46)) - raft.server.log.statemachine.data.read.timeout = 1000ms (default)
2023-02-24 20:10:39,493 [pool-69-thread-1] INFO  server.RaftServerConfigKeys (ConfUtils.java:logGet(46)) - raft.server.log.purge.preservation.log.num = 0 (default)
2023-02-24 20:10:39,495 [pool-69-thread-1] INFO  server.RaftServerConfigKeys (ConfUtils.java:logGet(46)) - raft.server.log.segment.size.max = 1048576 (custom)
2023-02-24 20:10:39,502 [EventQueue-PipelineReportForPipelineReportHandler] INFO  pipeline.PipelineManagerImpl (PipelineManagerImpl.java:openPipeline(367)) - Pipeline Pipeline[ Id: f4f9c343-4956-4eed-8585-3ccccf7219b5, Nodes: 050a2386-abc0-44f5-8cc9-5549fa72667c(fv-az204-30/10.1.1.26), ReplicationConfig: RATIS/ONE, State:ALLOCATED, leaderId:050a2386-abc0-44f5-8cc9-5549fa72667c, CreationTimestamp2023-02-24T20:10:36.400Z[Etc/UTC]] moved to OPEN state
2023-02-24 20:10:39,510 [pool-69-thread-1] INFO  server.RaftServerConfigKeys (ConfUtils.java:logGet(46)) - raft.server.log.segment.cache.num.max = 2 (custom)
2023-02-24 20:10:39,510 [pool-69-thread-1] INFO  server.RaftServerConfigKeys (ConfUtils.java:logGet(46)) - raft.server.log.segment.cache.size.max = 200MB (=209715200) (default)
2023-02-24 20:10:39,511 [EventQueue-OpenPipelineForHealthyPipelineSafeModeRule] INFO  safemode.SCMSafeModeManager (HealthyPipelineSafeModeRule.java:process(137)) - SCM in safe mode. Healthy pipelines reported count is 0, required healthy pipeline reported count is 1
2023-02-24 20:10:39,517 [pool-69-thread-1] INFO  segmented.SegmentedRaftLogWorker (SegmentedRaftLogWorker.java:<init>(189)) - new 050a2386-abc0-44f5-8cc9-5549fa72667c@group-3CCCCF7219B5-SegmentedRaftLogWorker for RaftStorageImpl:Storage Directory /home/runner/work/ozone/ozone/hadoop-ozone/integration-test/target/test-dir/MiniOzoneClusterImpl-ab6f6114-744a-42fd-85e1-7d45e58ce038/datanode-0/data/ratis/f4f9c343-4956-4eed-8585-3ccccf7219b5
2023-02-24 20:10:39,517 [pool-69-thread-1] INFO  server.RaftServerConfigKeys (ConfUtils.java:logGet(46)) - raft.server.log.queue.byte-limit = 4294967296 (custom)
2023-02-24 20:10:39,517 [pool-69-thread-1] INFO  server.RaftServerConfigKeys (ConfUtils.java:logGet(46)) - raft.server.log.queue.element-limit = 1024 (custom)
2023-02-24 20:10:39,518 [pool-69-thread-1] INFO  server.RaftServerConfigKeys (ConfUtils.java:logGet(46)) - raft.server.log.segment.size.max = 1048576 (custom)
2023-02-24 20:10:39,518 [pool-69-thread-1] INFO  server.RaftServerConfigKeys (ConfUtils.java:logGet(46)) - raft.server.log.preallocated.size = 16384 (custom)
2023-02-24 20:10:39,519 [pool-69-thread-1] INFO  server.RaftServerConfigKeys (ConfUtils.java:logGet(46)) - raft.server.log.force.sync.num = 128 (default)
2023-02-24 20:10:39,520 [pool-69-thread-1] INFO  server.RaftServerConfigKeys (ConfUtils.java:logGet(46)) - raft.server.log.statemachine.data.sync = true (default)
2023-02-24 20:10:39,520 [pool-69-thread-1] INFO  server.RaftServerConfigKeys (ConfUtils.java:logGet(46)) - raft.server.log.statemachine.data.sync.timeout = 10s (default)
2023-02-24 20:10:39,520 [pool-69-thread-1] INFO  server.RaftServerConfigKeys (ConfUtils.java:logGet(46)) - raft.server.log.statemachine.data.sync.timeout.retry = -1 (default)
2023-02-24 20:10:39,531 [pool-69-thread-1] INFO  server.RaftServerConfigKeys (ConfUtils.java:logGet(46)) - raft.server.log.write.buffer.size = 1048576 (custom)
2023-02-24 20:10:39,532 [pool-69-thread-1] INFO  server.RaftServerConfigKeys (ConfUtils.java:logGet(46)) - raft.server.log.appender.buffer.byte-limit = 33554432 (custom)
2023-02-24 20:10:39,535 [pool-69-thread-1] INFO  server.RaftServerConfigKeys (ConfUtils.java:logGet(46)) - raft.server.log.unsafe-flush.enabled = false (default)
2023-02-24 20:10:39,535 [pool-69-thread-1] INFO  server.RaftServerConfigKeys (ConfUtils.java:logGet(46)) - raft.server.log.async-flush.enabled = false (default)
2023-02-24 20:10:39,535 [pool-69-thread-1] INFO  server.RaftServerConfigKeys (ConfUtils.java:logGet(46)) - raft.server.log.statemachine.data.caching.enabled = true (custom)
2023-02-24 20:10:39,541 [pool-69-thread-1] INFO  segmented.SegmentedRaftLogWorker (SegmentedRaftLogWorker.java:lambda$new$0(135)) - 050a2386-abc0-44f5-8cc9-5549fa72667c@group-3CCCCF7219B5-SegmentedRaftLogWorker: flushIndex: setUnconditionally 0 -> -1
2023-02-24 20:10:39,542 [pool-69-thread-1] INFO  segmented.SegmentedRaftLogWorker (SegmentedRaftLogWorker.java:lambda$new$0(135)) - 050a2386-abc0-44f5-8cc9-5549fa72667c@group-3CCCCF7219B5-SegmentedRaftLogWorker: safeCacheEvictIndex: setUnconditionally 0 -> -1
2023-02-24 20:10:39,542 [pool-69-thread-1] INFO  server.RaftServer$Division (RaftServerImpl.java:start(334)) - 050a2386-abc0-44f5-8cc9-5549fa72667c@group-3CCCCF7219B5: start as a follower, conf=-1: peers:[050a2386-abc0-44f5-8cc9-5549fa72667c|rpc:10.1.1.26:39301|dataStream:10.1.1.26:42849|priority:1|startupRole:FOLLOWER]|listeners:[], old=null
2023-02-24 20:10:39,543 [pool-69-thread-1] INFO  server.RaftServer$Division (RaftServerImpl.java:setRole(321)) - 050a2386-abc0-44f5-8cc9-5549fa72667c@group-3CCCCF7219B5: changes role from      null to FOLLOWER at term 0 for startAsFollower
2023-02-24 20:10:39,544 [pool-69-thread-1] INFO  impl.RoleInfo (RoleInfo.java:updateAndGet(139)) - 050a2386-abc0-44f5-8cc9-5549fa72667c: start 050a2386-abc0-44f5-8cc9-5549fa72667c@group-3CCCCF7219B5-FollowerState
2023-02-24 20:10:39,546 [pool-69-thread-1] INFO  util.JmxRegister (JmxRegister.java:tryRegister(44)) - Successfully registered JMX Bean with object name Ratis:service=RaftServer,group=group-3CCCCF7219B5,id=050a2386-abc0-44f5-8cc9-5549fa72667c
2023-02-24 20:10:39,547 [050a2386-abc0-44f5-8cc9-5549fa72667c@group-3CCCCF7219B5-FollowerState] INFO  server.RaftServerConfigKeys (ConfUtils.java:logFallback(53)) - raft.server.rpc.first-election.timeout.min = 5s (fallback to raft.server.rpc.timeout.min)
2023-02-24 20:10:39,547 [050a2386-abc0-44f5-8cc9-5549fa72667c@group-3CCCCF7219B5-FollowerState] INFO  server.RaftServerConfigKeys (ConfUtils.java:logFallback(53)) - raft.server.rpc.first-election.timeout.max = 5200ms (fallback to raft.server.rpc.timeout.max)
2023-02-24 20:10:39,548 [pool-69-thread-1] INFO  server.RaftServerConfigKeys (ConfUtils.java:logGet(46)) - raft.server.snapshot.auto.trigger.enabled = true (custom)
2023-02-24 20:10:39,548 [pool-69-thread-1] INFO  server.RaftServerConfigKeys (ConfUtils.java:logGet(46)) - raft.server.snapshot.auto.trigger.threshold = 10000 (custom)
2023-02-24 20:10:39,548 [pool-69-thread-1] INFO  server.RaftServerConfigKeys (ConfUtils.java:logGet(46)) - raft.server.snapshot.retention.file.num = 5 (custom)
2023-02-24 20:10:39,549 [pool-69-thread-1] INFO  server.RaftServerConfigKeys (ConfUtils.java:logGet(46)) - raft.server.log.purge.upto.snapshot.index = false (default)
2023-02-24 20:10:39,573 [Command processor thread] INFO  ratis.XceiverServerRatis (XceiverServerRatis.java:addGroup(807)) - Created group PipelineID=f4f9c343-4956-4eed-8585-3ccccf7219b5
2023-02-24 20:10:39,574 [Command processor thread] INFO  commandhandler.CreatePipelineCommandHandler (CreatePipelineCommandHandler.java:handle(113)) - Created Pipeline RATIS ONE PipelineID=f4f9c343-4956-4eed-8585-3ccccf7219b5.
2023-02-24 20:10:39,574 [Command processor thread] INFO  server.RaftServer (RaftServerProxy.java:addNew(96)) - 050a2386-abc0-44f5-8cc9-5549fa72667c: addNew group-C367FAA5C9D6:[c4d23d98-1525-4b13-84f6-c163d1520877|rpc:10.1.1.26:40053|dataStream:10.1.1.26:46437|priority:0|startupRole:FOLLOWER, 050a2386-abc0-44f5-8cc9-5549fa72667c|rpc:10.1.1.26:39301|dataStream:10.1.1.26:42849|priority:0|startupRole:FOLLOWER, 1ecb19a6-f70e-45a1-a77e-d44e96361cb5|rpc:10.1.1.26:36117|dataStream:10.1.1.26:36215|priority:1|startupRole:FOLLOWER] returns group-C367FAA5C9D6:java.util.concurrent.CompletableFuture@46734a45[Not completed]
2023-02-24 20:10:39,579 [pool-69-thread-1] INFO  server.RaftServer$Division (RaftServerImpl.java:<init>(195)) - 050a2386-abc0-44f5-8cc9-5549fa72667c: new RaftServerImpl for group-C367FAA5C9D6:[c4d23d98-1525-4b13-84f6-c163d1520877|rpc:10.1.1.26:40053|dataStream:10.1.1.26:46437|priority:0|startupRole:FOLLOWER, 050a2386-abc0-44f5-8cc9-5549fa72667c|rpc:10.1.1.26:39301|dataStream:10.1.1.26:42849|priority:0|startupRole:FOLLOWER, 1ecb19a6-f70e-45a1-a77e-d44e96361cb5|rpc:10.1.1.26:36117|dataStream:10.1.1.26:36215|priority:1|startupRole:FOLLOWER] with ContainerStateMachine:uninitialized
2023-02-24 20:10:39,579 [pool-69-thread-1] INFO  server.RaftServerConfigKeys (ConfUtils.java:logGet(46)) - raft.server.rpc.timeout.min = 5s (custom)
2023-02-24 20:10:39,579 [pool-69-thread-1] INFO  server.RaftServerConfigKeys (ConfUtils.java:logGet(46)) - raft.server.rpc.timeout.max = 5200ms (custom)
2023-02-24 20:10:39,579 [pool-69-thread-1] INFO  server.RaftServerConfigKeys (ConfUtils.java:logGet(46)) - raft.server.rpc.sleep.time = 25ms (default)
2023-02-24 20:10:39,579 [pool-69-thread-1] INFO  server.RaftServerConfigKeys (ConfUtils.java:logGet(46)) - raft.server.rpc.slowness.timeout = 300s (custom)
2023-02-24 20:10:39,579 [pool-69-thread-1] INFO  server.RaftServerConfigKeys (ConfUtils.java:logGet(46)) - raft.server.leaderelection.leader.step-down.wait-time = 10s (default)
2023-02-24 20:10:39,579 [pool-69-thread-1] INFO  server.RaftServerConfigKeys (ConfUtils.java:logGet(46)) - raft.server.sleep.deviation.threshold = 300ms (default)
2023-02-24 20:10:39,580 [pool-69-thread-1] INFO  server.RaftServer$Division (ServerState.java:<init>(118)) - 050a2386-abc0-44f5-8cc9-5549fa72667c@group-C367FAA5C9D6: ConfigurationManager, init=-1: peers:[c4d23d98-1525-4b13-84f6-c163d1520877|rpc:10.1.1.26:40053|dataStream:10.1.1.26:46437|priority:0|startupRole:FOLLOWER, 050a2386-abc0-44f5-8cc9-5549fa72667c|rpc:10.1.1.26:39301|dataStream:10.1.1.26:42849|priority:0|startupRole:FOLLOWER, 1ecb19a6-f70e-45a1-a77e-d44e96361cb5|rpc:10.1.1.26:36117|dataStream:10.1.1.26:36215|priority:1|startupRole:FOLLOWER]|listeners:[], old=null, confs=<EMPTY_MAP>
2023-02-24 20:10:39,580 [pool-69-thread-1] INFO  server.RaftServerConfigKeys (ConfUtils.java:logGet(46)) - raft.server.storage.dir = [/home/runner/work/ozone/ozone/hadoop-ozone/integration-test/target/test-dir/MiniOzoneClusterImpl-ab6f6114-744a-42fd-85e1-7d45e58ce038/datanode-0/data/ratis] (custom)
2023-02-24 20:10:39,580 [pool-69-thread-1] INFO  server.RaftServerConfigKeys (ConfUtils.java:logGet(46)) - raft.server.log.corruption.policy = EXCEPTION (default)
2023-02-24 20:10:39,580 [pool-69-thread-1] INFO  server.RaftServerConfigKeys (ConfUtils.java:logGet(46)) - raft.server.storage.free-space.min = 0MB (=0) (default)
2023-02-24 20:10:39,581 [pool-69-thread-1] INFO  server.RaftServerConfigKeys (ConfUtils.java:logGet(46)) - raft.server.notification.no-leader.timeout = 300s (custom)
2023-02-24 20:10:39,581 [pool-69-thread-1] INFO  server.RaftServerConfigKeys (ConfUtils.java:logGet(46)) - raft.server.retrycache.expirytime = 600000ms (custom)
2023-02-24 20:10:39,581 [pool-69-thread-1] INFO  server.RaftServerConfigKeys (ConfUtils.java:logGet(46)) - raft.server.retrycache.statistics.expirytime = 100μs (default)
2023-02-24 20:10:39,584 [pool-69-thread-1] INFO  server.RaftServerConfigKeys (ConfUtils.java:logGet(46)) - raft.server.log.appender.install.snapshot.enabled = false (custom)
2023-02-24 20:10:39,584 [pool-69-thread-1] INFO  server.RaftServerConfigKeys (ConfUtils.java:logGet(46)) - raft.server.threadpool.server.cached = true (default)
2023-02-24 20:10:39,584 [pool-69-thread-1] INFO  server.RaftServerConfigKeys (ConfUtils.java:logGet(46)) - raft.server.threadpool.server.size = 0 (default)
2023-02-24 20:10:39,584 [pool-69-thread-1] INFO  server.RaftServerConfigKeys (ConfUtils.java:logGet(46)) - raft.server.threadpool.client.cached = true (default)
2023-02-24 20:10:39,584 [pool-69-thread-1] INFO  server.RaftServerConfigKeys (ConfUtils.java:logGet(46)) - raft.server.threadpool.client.size = 0 (default)
2023-02-24 20:10:39,584 [pool-69-thread-1] INFO  storage.RaftStorageDirectory (RaftStorageDirectoryImpl.java:analyzeStorage(137)) - The storage directory /home/runner/work/ozone/ozone/hadoop-ozone/integration-test/target/test-dir/MiniOzoneClusterImpl-ab6f6114-744a-42fd-85e1-7d45e58ce038/datanode-0/data/ratis/314e1146-4ded-45f6-9fa5-c367faa5c9d6 does not exist. Creating ...
2023-02-24 20:10:39,585 [pool-69-thread-1] INFO  storage.RaftStorageDirectory (RaftStorageDirectoryImpl.java:tryLock(231)) - Lock on /home/runner/work/ozone/ozone/hadoop-ozone/integration-test/target/test-dir/MiniOzoneClusterImpl-ab6f6114-744a-42fd-85e1-7d45e58ce038/datanode-0/data/ratis/314e1146-4ded-45f6-9fa5-c367faa5c9d6/in_use.lock acquired by nodename 19927@fv-az204-30
2023-02-24 20:10:39,586 [pool-69-thread-1] INFO  storage.RaftStorage (RaftStorageImpl.java:format(96)) - Storage directory /home/runner/work/ozone/ozone/hadoop-ozone/integration-test/target/test-dir/MiniOzoneClusterImpl-ab6f6114-744a-42fd-85e1-7d45e58ce038/datanode-0/data/ratis/314e1146-4ded-45f6-9fa5-c367faa5c9d6 has been successfully formatted.
2023-02-24 20:10:39,586 [pool-69-thread-1] INFO  ratis.ContainerStateMachine (ContainerStateMachine.java:loadSnapshot(240)) - group-C367FAA5C9D6: The snapshot info is null. Setting the last applied indexto:(t:0, i:~)
2023-02-24 20:10:39,586 [pool-69-thread-1] INFO  server.RaftServerConfigKeys (ConfUtils.java:logGet(46)) - raft.server.log.use.memory = false (default)
2023-02-24 20:10:39,586 [pool-69-thread-1] INFO  server.RaftServerConfigKeys (ConfUtils.java:logGet(46)) - raft.server.log.purge.gap = 1000000 (custom)
2023-02-24 20:10:39,586 [pool-69-thread-1] INFO  server.RaftServerConfigKeys (ConfUtils.java:logGet(46)) - raft.server.log.appender.buffer.byte-limit = 33554432 (custom)
2023-02-24 20:10:39,587 [pool-69-thread-1] INFO  server.RaftServerConfigKeys (ConfUtils.java:logGet(46)) - raft.server.log.statemachine.data.read.timeout = 1000ms (default)
2023-02-24 20:10:39,587 [pool-69-thread-1] INFO  server.RaftServerConfigKeys (ConfUtils.java:logGet(46)) - raft.server.log.purge.preservation.log.num = 0 (default)
2023-02-24 20:10:39,595 [pool-69-thread-1] INFO  server.RaftServerConfigKeys (ConfUtils.java:logGet(46)) - raft.server.log.segment.size.max = 1048576 (custom)
2023-02-24 20:10:39,596 [pool-69-thread-1] INFO  server.RaftServerConfigKeys (ConfUtils.java:logGet(46)) - raft.server.log.segment.cache.num.max = 2 (custom)
2023-02-24 20:10:39,596 [pool-69-thread-1] INFO  server.RaftServerConfigKeys (ConfUtils.java:logGet(46)) - raft.server.log.segment.cache.size.max = 200MB (=209715200) (default)
2023-02-24 20:10:39,596 [pool-69-thread-1] INFO  segmented.SegmentedRaftLogWorker (SegmentedRaftLogWorker.java:<init>(189)) - new 050a2386-abc0-44f5-8cc9-5549fa72667c@group-C367FAA5C9D6-SegmentedRaftLogWorker for RaftStorageImpl:Storage Directory /home/runner/work/ozone/ozone/hadoop-ozone/integration-test/target/test-dir/MiniOzoneClusterImpl-ab6f6114-744a-42fd-85e1-7d45e58ce038/datanode-0/data/ratis/314e1146-4ded-45f6-9fa5-c367faa5c9d6
2023-02-24 20:10:39,596 [pool-69-thread-1] INFO  server.RaftServerConfigKeys (ConfUtils.java:logGet(46)) - raft.server.log.queue.byte-limit = 4294967296 (custom)
2023-02-24 20:10:39,596 [pool-69-thread-1] INFO  server.RaftServerConfigKeys (ConfUtils.java:logGet(46)) - raft.server.log.queue.element-limit = 1024 (custom)
2023-02-24 20:10:39,596 [pool-69-thread-1] INFO  server.RaftServerConfigKeys (ConfUtils.java:logGet(46)) - raft.server.log.segment.size.max = 1048576 (custom)
2023-02-24 20:10:39,596 [pool-69-thread-1] INFO  server.RaftServerConfigKeys (ConfUtils.java:logGet(46)) - raft.server.log.preallocated.size = 16384 (custom)
2023-02-24 20:10:39,597 [pool-69-thread-1] INFO  server.RaftServerConfigKeys (ConfUtils.java:logGet(46)) - raft.server.log.force.sync.num = 128 (default)
2023-02-24 20:10:39,597 [EventQueue-OpenPipelineForHealthyPipelineSafeModeRule] INFO  safemode.SCMSafeModeManager (HealthyPipelineSafeModeRule.java:process(137)) - SCM in safe mode. Healthy pipelines reported count is 0, required healthy pipeline reported count is 1
2023-02-24 20:10:39,597 [pool-69-thread-1] INFO  server.RaftServerConfigKeys (ConfUtils.java:logGet(46)) - raft.server.log.statemachine.data.sync = true (default)
2023-02-24 20:10:39,600 [pool-69-thread-1] INFO  server.RaftServerConfigKeys (ConfUtils.java:logGet(46)) - raft.server.log.statemachine.data.sync.timeout = 10s (default)
2023-02-24 20:10:39,600 [pool-69-thread-1] INFO  server.RaftServerConfigKeys (ConfUtils.java:logGet(46)) - raft.server.log.statemachine.data.sync.timeout.retry = -1 (default)
2023-02-24 20:10:39,609 [pool-69-thread-1] INFO  server.RaftServerConfigKeys (ConfUtils.java:logGet(46)) - raft.server.log.write.buffer.size = 1048576 (custom)
2023-02-24 20:10:39,610 [pool-69-thread-1] INFO  server.RaftServerConfigKeys (ConfUtils.java:logGet(46)) - raft.server.log.appender.buffer.byte-limit = 33554432 (custom)
2023-02-24 20:10:39,614 [pool-69-thread-1] INFO  server.RaftServerConfigKeys (ConfUtils.java:logGet(46)) - raft.server.log.unsafe-flush.enabled = false (default)
2023-02-24 20:10:39,615 [pool-69-thread-1] INFO  server.RaftServerConfigKeys (ConfUtils.java:logGet(46)) - raft.server.log.async-flush.enabled = false (default)
2023-02-24 20:10:39,615 [pool-69-thread-1] INFO  server.RaftServerConfigKeys (ConfUtils.java:logGet(46)) - raft.server.log.statemachine.data.caching.enabled = true (custom)
2023-02-24 20:10:39,615 [pool-69-thread-1] INFO  segmented.SegmentedRaftLogWorker (SegmentedRaftLogWorker.java:lambda$new$0(135)) - 050a2386-abc0-44f5-8cc9-5549fa72667c@group-C367FAA5C9D6-SegmentedRaftLogWorker: flushIndex: setUnconditionally 0 -> -1
2023-02-24 20:10:39,615 [pool-69-thread-1] INFO  segmented.SegmentedRaftLogWorker (SegmentedRaftLogWorker.java:lambda$new$0(135)) - 050a2386-abc0-44f5-8cc9-5549fa72667c@group-C367FAA5C9D6-SegmentedRaftLogWorker: safeCacheEvictIndex: setUnconditionally 0 -> -1
2023-02-24 20:10:39,615 [pool-69-thread-1] INFO  server.RaftServer$Division (RaftServerImpl.java:start(334)) - 050a2386-abc0-44f5-8cc9-5549fa72667c@group-C367FAA5C9D6: start as a follower, conf=-1: peers:[c4d23d98-1525-4b13-84f6-c163d1520877|rpc:10.1.1.26:40053|dataStream:10.1.1.26:46437|priority:0|startupRole:FOLLOWER, 050a2386-abc0-44f5-8cc9-5549fa72667c|rpc:10.1.1.26:39301|dataStream:10.1.1.26:42849|priority:0|startupRole:FOLLOWER, 1ecb19a6-f70e-45a1-a77e-d44e96361cb5|rpc:10.1.1.26:36117|dataStream:10.1.1.26:36215|priority:1|startupRole:FOLLOWER]|listeners:[], old=null
2023-02-24 20:10:39,615 [pool-69-thread-1] INFO  server.RaftServer$Division (RaftServerImpl.java:setRole(321)) - 050a2386-abc0-44f5-8cc9-5549fa72667c@group-C367FAA5C9D6: changes role from      null to FOLLOWER at term 0 for startAsFollower
2023-02-24 20:10:39,616 [pool-69-thread-1] INFO  impl.RoleInfo (RoleInfo.java:updateAndGet(139)) - 050a2386-abc0-44f5-8cc9-5549fa72667c: start 050a2386-abc0-44f5-8cc9-5549fa72667c@group-C367FAA5C9D6-FollowerState
2023-02-24 20:10:39,619 [pool-69-thread-1] INFO  util.JmxRegister (JmxRegister.java:tryRegister(44)) - Successfully registered JMX Bean with object name Ratis:service=RaftServer,group=group-C367FAA5C9D6,id=050a2386-abc0-44f5-8cc9-5549fa72667c
2023-02-24 20:10:39,619 [pool-69-thread-1] INFO  server.RaftServerConfigKeys (ConfUtils.java:logGet(46)) - raft.server.snapshot.auto.trigger.enabled = true (custom)
2023-02-24 20:10:39,620 [pool-69-thread-1] INFO  server.RaftServerConfigKeys (ConfUtils.java:logGet(46)) - raft.server.snapshot.auto.trigger.threshold = 10000 (custom)
2023-02-24 20:10:39,620 [pool-69-thread-1] INFO  server.RaftServerConfigKeys (ConfUtils.java:logGet(46)) - raft.server.snapshot.retention.file.num = 5 (custom)
2023-02-24 20:10:39,620 [pool-69-thread-1] INFO  server.RaftServerConfigKeys (ConfUtils.java:logGet(46)) - raft.server.log.purge.upto.snapshot.index = false (default)
2023-02-24 20:10:39,621 [050a2386-abc0-44f5-8cc9-5549fa72667c@group-C367FAA5C9D6-FollowerState] INFO  server.RaftServerConfigKeys (ConfUtils.java:logFallback(53)) - raft.server.rpc.first-election.timeout.min = 5s (fallback to raft.server.rpc.timeout.min)
2023-02-24 20:10:39,623 [Command processor thread] INFO  ratis.XceiverServerRatis (XceiverServerRatis.java:addGroup(807)) - Created group PipelineID=314e1146-4ded-45f6-9fa5-c367faa5c9d6
2023-02-24 20:10:39,628 [050a2386-abc0-44f5-8cc9-5549fa72667c@group-C367FAA5C9D6-FollowerState] INFO  server.RaftServerConfigKeys (ConfUtils.java:logFallback(53)) - raft.server.rpc.first-election.timeout.max = 5200ms (fallback to raft.server.rpc.timeout.max)
2023-02-24 20:10:39,752 [Command processor thread] INFO  server.RaftServer (RaftServerProxy.java:addNew(96)) - c4d23d98-1525-4b13-84f6-c163d1520877: addNew group-43EE1278D897:[c4d23d98-1525-4b13-84f6-c163d1520877|rpc:10.1.1.26:40053|dataStream:10.1.1.26:46437|priority:1|startupRole:FOLLOWER] returns group-43EE1278D897:java.util.concurrent.CompletableFuture@2e6ff51a[Not completed]
2023-02-24 20:10:39,762 [pool-91-thread-1] INFO  server.RaftServer$Division (RaftServerImpl.java:<init>(195)) - c4d23d98-1525-4b13-84f6-c163d1520877: new RaftServerImpl for group-43EE1278D897:[c4d23d98-1525-4b13-84f6-c163d1520877|rpc:10.1.1.26:40053|dataStream:10.1.1.26:46437|priority:1|startupRole:FOLLOWER] with ContainerStateMachine:uninitialized
2023-02-24 20:10:39,762 [pool-91-thread-1] INFO  server.RaftServerConfigKeys (ConfUtils.java:logGet(46)) - raft.server.rpc.timeout.min = 5s (custom)
2023-02-24 20:10:39,762 [pool-91-thread-1] INFO  server.RaftServerConfigKeys (ConfUtils.java:logGet(46)) - raft.server.rpc.timeout.max = 5200ms (custom)
2023-02-24 20:10:39,762 [pool-91-thread-1] INFO  server.RaftServerConfigKeys (ConfUtils.java:logGet(46)) - raft.server.rpc.sleep.time = 25ms (default)
2023-02-24 20:10:39,766 [pool-91-thread-1] INFO  server.RaftServerConfigKeys (ConfUtils.java:logGet(46)) - raft.server.rpc.slowness.timeout = 300s (custom)
2023-02-24 20:10:39,766 [pool-91-thread-1] INFO  server.RaftServerConfigKeys (ConfUtils.java:logGet(46)) - raft.server.leaderelection.leader.step-down.wait-time = 10s (default)
2023-02-24 20:10:39,766 [pool-91-thread-1] INFO  server.RaftServerConfigKeys (ConfUtils.java:logGet(46)) - raft.server.sleep.deviation.threshold = 300ms (default)
2023-02-24 20:10:39,766 [pool-91-thread-1] INFO  server.RaftServer$Division (ServerState.java:<init>(118)) - c4d23d98-1525-4b13-84f6-c163d1520877@group-43EE1278D897: ConfigurationManager, init=-1: peers:[c4d23d98-1525-4b13-84f6-c163d1520877|rpc:10.1.1.26:40053|dataStream:10.1.1.26:46437|priority:1|startupRole:FOLLOWER]|listeners:[], old=null, confs=<EMPTY_MAP>
2023-02-24 20:10:39,766 [pool-91-thread-1] INFO  server.RaftServerConfigKeys (ConfUtils.java:logGet(46)) - raft.server.storage.dir = [/home/runner/work/ozone/ozone/hadoop-ozone/integration-test/target/test-dir/MiniOzoneClusterImpl-ab6f6114-744a-42fd-85e1-7d45e58ce038/datanode-1/data/ratis] (custom)
2023-02-24 20:10:39,766 [pool-91-thread-1] INFO  server.RaftServerConfigKeys (ConfUtils.java:logGet(46)) - raft.server.log.corruption.policy = EXCEPTION (default)
2023-02-24 20:10:39,766 [pool-91-thread-1] INFO  server.RaftServerConfigKeys (ConfUtils.java:logGet(46)) - raft.server.storage.free-space.min = 0MB (=0) (default)
2023-02-24 20:10:39,766 [pool-91-thread-1] INFO  server.RaftServerConfigKeys (ConfUtils.java:logGet(46)) - raft.server.notification.no-leader.timeout = 300s (custom)
2023-02-24 20:10:39,766 [pool-91-thread-1] INFO  server.RaftServerConfigKeys (ConfUtils.java:logGet(46)) - raft.server.retrycache.expirytime = 600000ms (custom)
2023-02-24 20:10:39,766 [pool-91-thread-1] INFO  server.RaftServerConfigKeys (ConfUtils.java:logGet(46)) - raft.server.retrycache.statistics.expirytime = 100μs (default)
2023-02-24 20:10:39,776 [pool-91-thread-1] INFO  server.RaftServerConfigKeys (ConfUtils.java:logGet(46)) - raft.server.log.appender.install.snapshot.enabled = false (custom)
2023-02-24 20:10:39,776 [pool-91-thread-1] INFO  server.RaftServerConfigKeys (ConfUtils.java:logGet(46)) - raft.server.threadpool.server.cached = true (default)
2023-02-24 20:10:39,776 [pool-91-thread-1] INFO  server.RaftServerConfigKeys (ConfUtils.java:logGet(46)) - raft.server.threadpool.server.size = 0 (default)
2023-02-24 20:10:39,776 [pool-91-thread-1] INFO  server.RaftServerConfigKeys (ConfUtils.java:logGet(46)) - raft.server.threadpool.client.cached = true (default)
2023-02-24 20:10:39,776 [pool-91-thread-1] INFO  server.RaftServerConfigKeys (ConfUtils.java:logGet(46)) - raft.server.threadpool.client.size = 0 (default)
2023-02-24 20:10:39,776 [pool-91-thread-1] INFO  storage.RaftStorageDirectory (RaftStorageDirectoryImpl.java:analyzeStorage(137)) - The storage directory /home/runner/work/ozone/ozone/hadoop-ozone/integration-test/target/test-dir/MiniOzoneClusterImpl-ab6f6114-744a-42fd-85e1-7d45e58ce038/datanode-1/data/ratis/7e96dd6a-e8a5-45e1-8c9c-43ee1278d897 does not exist. Creating ...
2023-02-24 20:10:39,778 [pool-91-thread-1] INFO  storage.RaftStorageDirectory (RaftStorageDirectoryImpl.java:tryLock(231)) - Lock on /home/runner/work/ozone/ozone/hadoop-ozone/integration-test/target/test-dir/MiniOzoneClusterImpl-ab6f6114-744a-42fd-85e1-7d45e58ce038/datanode-1/data/ratis/7e96dd6a-e8a5-45e1-8c9c-43ee1278d897/in_use.lock acquired by nodename 19927@fv-az204-30
2023-02-24 20:10:39,779 [pool-91-thread-1] INFO  storage.RaftStorage (RaftStorageImpl.java:format(96)) - Storage directory /home/runner/work/ozone/ozone/hadoop-ozone/integration-test/target/test-dir/MiniOzoneClusterImpl-ab6f6114-744a-42fd-85e1-7d45e58ce038/datanode-1/data/ratis/7e96dd6a-e8a5-45e1-8c9c-43ee1278d897 has been successfully formatted.
2023-02-24 20:10:39,780 [pool-91-thread-1] INFO  ratis.ContainerStateMachine (ContainerStateMachine.java:loadSnapshot(240)) - group-43EE1278D897: The snapshot info is null. Setting the last applied indexto:(t:0, i:~)
2023-02-24 20:10:39,780 [pool-91-thread-1] INFO  server.RaftServerConfigKeys (ConfUtils.java:logGet(46)) - raft.server.log.use.memory = false (default)
2023-02-24 20:10:39,780 [pool-91-thread-1] INFO  server.RaftServerConfigKeys (ConfUtils.java:logGet(46)) - raft.server.log.purge.gap = 1000000 (custom)
2023-02-24 20:10:39,780 [pool-91-thread-1] INFO  server.RaftServerConfigKeys (ConfUtils.java:logGet(46)) - raft.server.log.appender.buffer.byte-limit = 33554432 (custom)
2023-02-24 20:10:39,780 [pool-91-thread-1] INFO  server.RaftServerConfigKeys (ConfUtils.java:logGet(46)) - raft.server.log.statemachine.data.read.timeout = 1000ms (default)
2023-02-24 20:10:39,781 [pool-91-thread-1] INFO  server.RaftServerConfigKeys (ConfUtils.java:logGet(46)) - raft.server.log.purge.preservation.log.num = 0 (default)
2023-02-24 20:10:39,797 [EventQueue-PipelineReportForPipelineReportHandler] INFO  pipeline.PipelineManagerImpl (PipelineManagerImpl.java:openPipeline(367)) - Pipeline Pipeline[ Id: 7e96dd6a-e8a5-45e1-8c9c-43ee1278d897, Nodes: c4d23d98-1525-4b13-84f6-c163d1520877(fv-az204-30/10.1.1.26), ReplicationConfig: RATIS/ONE, State:ALLOCATED, leaderId:c4d23d98-1525-4b13-84f6-c163d1520877, CreationTimestamp2023-02-24T20:10:36.743Z[Etc/UTC]] moved to OPEN state
2023-02-24 20:10:39,797 [EventQueue-OpenPipelineForHealthyPipelineSafeModeRule] INFO  safemode.SCMSafeModeManager (HealthyPipelineSafeModeRule.java:process(137)) - SCM in safe mode. Healthy pipelines reported count is 0, required healthy pipeline reported count is 1
2023-02-24 20:10:39,802 [pool-91-thread-1] INFO  server.RaftServerConfigKeys (ConfUtils.java:logGet(46)) - raft.server.log.segment.size.max = 1048576 (custom)
2023-02-24 20:10:39,802 [pool-91-thread-1] INFO  server.RaftServerConfigKeys (ConfUtils.java:logGet(46)) - raft.server.log.segment.cache.num.max = 2 (custom)
2023-02-24 20:10:39,802 [pool-91-thread-1] INFO  server.RaftServerConfigKeys (ConfUtils.java:logGet(46)) - raft.server.log.segment.cache.size.max = 200MB (=209715200) (default)
2023-02-24 20:10:39,802 [pool-91-thread-1] INFO  segmented.SegmentedRaftLogWorker (SegmentedRaftLogWorker.java:<init>(189)) - new c4d23d98-1525-4b13-84f6-c163d1520877@group-43EE1278D897-SegmentedRaftLogWorker for RaftStorageImpl:Storage Directory /home/runner/work/ozone/ozone/hadoop-ozone/integration-test/target/test-dir/MiniOzoneClusterImpl-ab6f6114-744a-42fd-85e1-7d45e58ce038/datanode-1/data/ratis/7e96dd6a-e8a5-45e1-8c9c-43ee1278d897
2023-02-24 20:10:39,805 [pool-91-thread-1] INFO  server.RaftServerConfigKeys (ConfUtils.java:logGet(46)) - raft.server.log.queue.byte-limit = 4294967296 (custom)
2023-02-24 20:10:39,805 [pool-91-thread-1] INFO  server.RaftServerConfigKeys (ConfUtils.java:logGet(46)) - raft.server.log.queue.element-limit = 1024 (custom)
2023-02-24 20:10:39,805 [pool-91-thread-1] INFO  server.RaftServerConfigKeys (ConfUtils.java:logGet(46)) - raft.server.log.segment.size.max = 1048576 (custom)
2023-02-24 20:10:39,805 [pool-91-thread-1] INFO  server.RaftServerConfigKeys (ConfUtils.java:logGet(46)) - raft.server.log.preallocated.size = 16384 (custom)
2023-02-24 20:10:39,805 [pool-91-thread-1] INFO  server.RaftServerConfigKeys (ConfUtils.java:logGet(46)) - raft.server.log.force.sync.num = 128 (default)
2023-02-24 20:10:39,805 [pool-91-thread-1] INFO  server.RaftServerConfigKeys (ConfUtils.java:logGet(46)) - raft.server.log.statemachine.data.sync = true (default)
2023-02-24 20:10:39,805 [pool-91-thread-1] INFO  server.RaftServerConfigKeys (ConfUtils.java:logGet(46)) - raft.server.log.statemachine.data.sync.timeout = 10s (default)
2023-02-24 20:10:39,805 [pool-91-thread-1] INFO  server.RaftServerConfigKeys (ConfUtils.java:logGet(46)) - raft.server.log.statemachine.data.sync.timeout.retry = -1 (default)
2023-02-24 20:10:39,806 [pool-91-thread-1] INFO  server.RaftServerConfigKeys (ConfUtils.java:logGet(46)) - raft.server.log.write.buffer.size = 1048576 (custom)
2023-02-24 20:10:39,807 [pool-91-thread-1] INFO  server.RaftServerConfigKeys (ConfUtils.java:logGet(46)) - raft.server.log.appender.buffer.byte-limit = 33554432 (custom)
2023-02-24 20:10:39,813 [pool-91-thread-1] INFO  server.RaftServerConfigKeys (ConfUtils.java:logGet(46)) - raft.server.log.unsafe-flush.enabled = false (default)
2023-02-24 20:10:39,813 [pool-91-thread-1] INFO  server.RaftServerConfigKeys (ConfUtils.java:logGet(46)) - raft.server.log.async-flush.enabled = false (default)
2023-02-24 20:10:39,813 [pool-91-thread-1] INFO  server.RaftServerConfigKeys (ConfUtils.java:logGet(46)) - raft.server.log.statemachine.data.caching.enabled = true (custom)
2023-02-24 20:10:39,815 [pool-91-thread-1] INFO  segmented.SegmentedRaftLogWorker (SegmentedRaftLogWorker.java:lambda$new$0(135)) - c4d23d98-1525-4b13-84f6-c163d1520877@group-43EE1278D897-SegmentedRaftLogWorker: flushIndex: setUnconditionally 0 -> -1
2023-02-24 20:10:39,816 [pool-91-thread-1] INFO  segmented.SegmentedRaftLogWorker (SegmentedRaftLogWorker.java:lambda$new$0(135)) - c4d23d98-1525-4b13-84f6-c163d1520877@group-43EE1278D897-SegmentedRaftLogWorker: safeCacheEvictIndex: setUnconditionally 0 -> -1
2023-02-24 20:10:39,816 [pool-91-thread-1] INFO  server.RaftServer$Division (RaftServerImpl.java:start(334)) - c4d23d98-1525-4b13-84f6-c163d1520877@group-43EE1278D897: start as a follower, conf=-1: peers:[c4d23d98-1525-4b13-84f6-c163d1520877|rpc:10.1.1.26:40053|dataStream:10.1.1.26:46437|priority:1|startupRole:FOLLOWER]|listeners:[], old=null
2023-02-24 20:10:39,816 [pool-91-thread-1] INFO  server.RaftServer$Division (RaftServerImpl.java:setRole(321)) - c4d23d98-1525-4b13-84f6-c163d1520877@group-43EE1278D897: changes role from      null to FOLLOWER at term 0 for startAsFollower
2023-02-24 20:10:39,816 [pool-91-thread-1] INFO  impl.RoleInfo (RoleInfo.java:updateAndGet(139)) - c4d23d98-1525-4b13-84f6-c163d1520877: start c4d23d98-1525-4b13-84f6-c163d1520877@group-43EE1278D897-FollowerState
2023-02-24 20:10:39,816 [pool-91-thread-1] INFO  util.JmxRegister (JmxRegister.java:tryRegister(44)) - Successfully registered JMX Bean with object name Ratis:service=RaftServer,group=group-43EE1278D897,id=c4d23d98-1525-4b13-84f6-c163d1520877
2023-02-24 20:10:39,816 [pool-91-thread-1] INFO  server.RaftServerConfigKeys (ConfUtils.java:logGet(46)) - raft.server.snapshot.auto.trigger.enabled = true (custom)
2023-02-24 20:10:39,816 [pool-91-thread-1] INFO  server.RaftServerConfigKeys (ConfUtils.java:logGet(46)) - raft.server.snapshot.auto.trigger.threshold = 10000 (custom)
2023-02-24 20:10:39,816 [pool-91-thread-1] INFO  server.RaftServerConfigKeys (ConfUtils.java:logGet(46)) - raft.server.snapshot.retention.file.num = 5 (custom)
2023-02-24 20:10:39,816 [pool-91-thread-1] INFO  server.RaftServerConfigKeys (ConfUtils.java:logGet(46)) - raft.server.log.purge.upto.snapshot.index = false (default)
2023-02-24 20:10:39,817 [c4d23d98-1525-4b13-84f6-c163d1520877@group-43EE1278D897-FollowerState] INFO  server.RaftServerConfigKeys (ConfUtils.java:logFallback(53)) - raft.server.rpc.first-election.timeout.min = 5s (fallback to raft.server.rpc.timeout.min)
2023-02-24 20:10:39,817 [c4d23d98-1525-4b13-84f6-c163d1520877@group-43EE1278D897-FollowerState] INFO  server.RaftServerConfigKeys (ConfUtils.java:logFallback(53)) - raft.server.rpc.first-election.timeout.max = 5200ms (fallback to raft.server.rpc.timeout.max)
2023-02-24 20:10:39,817 [Command processor thread] INFO  ratis.XceiverServerRatis (XceiverServerRatis.java:addGroup(807)) - Created group PipelineID=7e96dd6a-e8a5-45e1-8c9c-43ee1278d897
2023-02-24 20:10:39,817 [Command processor thread] INFO  commandhandler.CreatePipelineCommandHandler (CreatePipelineCommandHandler.java:handle(113)) - Created Pipeline RATIS ONE PipelineID=7e96dd6a-e8a5-45e1-8c9c-43ee1278d897.
2023-02-24 20:10:39,818 [Command processor thread] INFO  server.RaftServer (RaftServerProxy.java:addNew(96)) - c4d23d98-1525-4b13-84f6-c163d1520877: addNew group-C367FAA5C9D6:[c4d23d98-1525-4b13-84f6-c163d1520877|rpc:10.1.1.26:40053|dataStream:10.1.1.26:46437|priority:0|startupRole:FOLLOWER, 050a2386-abc0-44f5-8cc9-5549fa72667c|rpc:10.1.1.26:39301|dataStream:10.1.1.26:42849|priority:0|startupRole:FOLLOWER, 1ecb19a6-f70e-45a1-a77e-d44e96361cb5|rpc:10.1.1.26:36117|dataStream:10.1.1.26:36215|priority:1|startupRole:FOLLOWER] returns group-C367FAA5C9D6:java.util.concurrent.CompletableFuture@2a50640f[Not completed]
2023-02-24 20:10:39,819 [pool-91-thread-1] INFO  server.RaftServer$Division (RaftServerImpl.java:<init>(195)) - c4d23d98-1525-4b13-84f6-c163d1520877: new RaftServerImpl for group-C367FAA5C9D6:[c4d23d98-1525-4b13-84f6-c163d1520877|rpc:10.1.1.26:40053|dataStream:10.1.1.26:46437|priority:0|startupRole:FOLLOWER, 050a2386-abc0-44f5-8cc9-5549fa72667c|rpc:10.1.1.26:39301|dataStream:10.1.1.26:42849|priority:0|startupRole:FOLLOWER, 1ecb19a6-f70e-45a1-a77e-d44e96361cb5|rpc:10.1.1.26:36117|dataStream:10.1.1.26:36215|priority:1|startupRole:FOLLOWER] with ContainerStateMachine:uninitialized
2023-02-24 20:10:39,819 [pool-91-thread-1] INFO  server.RaftServerConfigKeys (ConfUtils.java:logGet(46)) - raft.server.rpc.timeout.min = 5s (custom)
2023-02-24 20:10:39,819 [pool-91-thread-1] INFO  server.RaftServerConfigKeys (ConfUtils.java:logGet(46)) - raft.server.rpc.timeout.max = 5200ms (custom)
2023-02-24 20:10:39,819 [pool-91-thread-1] INFO  server.RaftServerConfigKeys (ConfUtils.java:logGet(46)) - raft.server.rpc.sleep.time = 25ms (default)
2023-02-24 20:10:39,819 [pool-91-thread-1] INFO  server.RaftServerConfigKeys (ConfUtils.java:logGet(46)) - raft.server.rpc.slowness.timeout = 300s (custom)
2023-02-24 20:10:39,819 [pool-91-thread-1] INFO  server.RaftServerConfigKeys (ConfUtils.java:logGet(46)) - raft.server.leaderelection.leader.step-down.wait-time = 10s (default)
2023-02-24 20:10:39,820 [pool-91-thread-1] INFO  server.RaftServerConfigKeys (ConfUtils.java:logGet(46)) - raft.server.sleep.deviation.threshold = 300ms (default)
2023-02-24 20:10:39,820 [pool-91-thread-1] INFO  server.RaftServer$Division (ServerState.java:<init>(118)) - c4d23d98-1525-4b13-84f6-c163d1520877@group-C367FAA5C9D6: ConfigurationManager, init=-1: peers:[c4d23d98-1525-4b13-84f6-c163d1520877|rpc:10.1.1.26:40053|dataStream:10.1.1.26:46437|priority:0|startupRole:FOLLOWER, 050a2386-abc0-44f5-8cc9-5549fa72667c|rpc:10.1.1.26:39301|dataStream:10.1.1.26:42849|priority:0|startupRole:FOLLOWER, 1ecb19a6-f70e-45a1-a77e-d44e96361cb5|rpc:10.1.1.26:36117|dataStream:10.1.1.26:36215|priority:1|startupRole:FOLLOWER]|listeners:[], old=null, confs=<EMPTY_MAP>
2023-02-24 20:10:39,820 [pool-91-thread-1] INFO  server.RaftServerConfigKeys (ConfUtils.java:logGet(46)) - raft.server.storage.dir = [/home/runner/work/ozone/ozone/hadoop-ozone/integration-test/target/test-dir/MiniOzoneClusterImpl-ab6f6114-744a-42fd-85e1-7d45e58ce038/datanode-1/data/ratis] (custom)
2023-02-24 20:10:39,820 [pool-91-thread-1] INFO  server.RaftServerConfigKeys (ConfUtils.java:logGet(46)) - raft.server.log.corruption.policy = EXCEPTION (default)
2023-02-24 20:10:39,820 [pool-91-thread-1] INFO  server.RaftServerConfigKeys (ConfUtils.java:logGet(46)) - raft.server.storage.free-space.min = 0MB (=0) (default)
2023-02-24 20:10:39,820 [pool-91-thread-1] INFO  server.RaftServerConfigKeys (ConfUtils.java:logGet(46)) - raft.server.notification.no-leader.timeout = 300s (custom)
2023-02-24 20:10:39,820 [pool-91-thread-1] INFO  server.RaftServerConfigKeys (ConfUtils.java:logGet(46)) - raft.server.retrycache.expirytime = 600000ms (custom)
2023-02-24 20:10:39,820 [pool-91-thread-1] INFO  server.RaftServerConfigKeys (ConfUtils.java:logGet(46)) - raft.server.retrycache.statistics.expirytime = 100μs (default)
2023-02-24 20:10:39,821 [pool-91-thread-1] INFO  server.RaftServerConfigKeys (ConfUtils.java:logGet(46)) - raft.server.log.appender.install.snapshot.enabled = false (custom)
2023-02-24 20:10:39,821 [pool-91-thread-1] INFO  server.RaftServerConfigKeys (ConfUtils.java:logGet(46)) - raft.server.threadpool.server.cached = true (default)
2023-02-24 20:10:39,821 [pool-91-thread-1] INFO  server.RaftServerConfigKeys (ConfUtils.java:logGet(46)) - raft.server.threadpool.server.size = 0 (default)
2023-02-24 20:10:39,821 [pool-91-thread-1] INFO  server.RaftServerConfigKeys (ConfUtils.java:logGet(46)) - raft.server.threadpool.client.cached = true (default)
2023-02-24 20:10:39,821 [pool-91-thread-1] INFO  server.RaftServerConfigKeys (ConfUtils.java:logGet(46)) - raft.server.threadpool.client.size = 0 (default)
2023-02-24 20:10:39,822 [pool-91-thread-1] INFO  storage.RaftStorageDirectory (RaftStorageDirectoryImpl.java:analyzeStorage(137)) - The storage directory /home/runner/work/ozone/ozone/hadoop-ozone/integration-test/target/test-dir/MiniOzoneClusterImpl-ab6f6114-744a-42fd-85e1-7d45e58ce038/datanode-1/data/ratis/314e1146-4ded-45f6-9fa5-c367faa5c9d6 does not exist. Creating ...
2023-02-24 20:10:39,831 [pool-91-thread-1] INFO  storage.RaftStorageDirectory (RaftStorageDirectoryImpl.java:tryLock(231)) - Lock on /home/runner/work/ozone/ozone/hadoop-ozone/integration-test/target/test-dir/MiniOzoneClusterImpl-ab6f6114-744a-42fd-85e1-7d45e58ce038/datanode-1/data/ratis/314e1146-4ded-45f6-9fa5-c367faa5c9d6/in_use.lock acquired by nodename 19927@fv-az204-30
2023-02-24 20:10:39,832 [pool-91-thread-1] INFO  storage.RaftStorage (RaftStorageImpl.java:format(96)) - Storage directory /home/runner/work/ozone/ozone/hadoop-ozone/integration-test/target/test-dir/MiniOzoneClusterImpl-ab6f6114-744a-42fd-85e1-7d45e58ce038/datanode-1/data/ratis/314e1146-4ded-45f6-9fa5-c367faa5c9d6 has been successfully formatted.
2023-02-24 20:10:39,833 [pool-91-thread-1] INFO  ratis.ContainerStateMachine (ContainerStateMachine.java:loadSnapshot(240)) - group-C367FAA5C9D6: The snapshot info is null. Setting the last applied indexto:(t:0, i:~)
2023-02-24 20:10:39,833 [pool-91-thread-1] INFO  server.RaftServerConfigKeys (ConfUtils.java:logGet(46)) - raft.server.log.use.memory = false (default)
2023-02-24 20:10:39,833 [pool-91-thread-1] INFO  server.RaftServerConfigKeys (ConfUtils.java:logGet(46)) - raft.server.log.purge.gap = 1000000 (custom)
2023-02-24 20:10:39,833 [pool-91-thread-1] INFO  server.RaftServerConfigKeys (ConfUtils.java:logGet(46)) - raft.server.log.appender.buffer.byte-limit = 33554432 (custom)
2023-02-24 20:10:39,833 [pool-91-thread-1] INFO  server.RaftServerConfigKeys (ConfUtils.java:logGet(46)) - raft.server.log.statemachine.data.read.timeout = 1000ms (default)
2023-02-24 20:10:39,833 [pool-91-thread-1] INFO  server.RaftServerConfigKeys (ConfUtils.java:logGet(46)) - raft.server.log.purge.preservation.log.num = 0 (default)
2023-02-24 20:10:39,833 [pool-91-thread-1] INFO  server.RaftServerConfigKeys (ConfUtils.java:logGet(46)) - raft.server.log.segment.size.max = 1048576 (custom)
2023-02-24 20:10:39,834 [pool-91-thread-1] INFO  server.RaftServerConfigKeys (ConfUtils.java:logGet(46)) - raft.server.log.segment.cache.num.max = 2 (custom)
2023-02-24 20:10:39,834 [pool-91-thread-1] INFO  server.RaftServerConfigKeys (ConfUtils.java:logGet(46)) - raft.server.log.segment.cache.size.max = 200MB (=209715200) (default)
2023-02-24 20:10:39,834 [pool-91-thread-1] INFO  segmented.SegmentedRaftLogWorker (SegmentedRaftLogWorker.java:<init>(189)) - new c4d23d98-1525-4b13-84f6-c163d1520877@group-C367FAA5C9D6-SegmentedRaftLogWorker for RaftStorageImpl:Storage Directory /home/runner/work/ozone/ozone/hadoop-ozone/integration-test/target/test-dir/MiniOzoneClusterImpl-ab6f6114-744a-42fd-85e1-7d45e58ce038/datanode-1/data/ratis/314e1146-4ded-45f6-9fa5-c367faa5c9d6
2023-02-24 20:10:39,834 [pool-91-thread-1] INFO  server.RaftServerConfigKeys (ConfUtils.java:logGet(46)) - raft.server.log.queue.byte-limit = 4294967296 (custom)
2023-02-24 20:10:39,834 [pool-91-thread-1] INFO  server.RaftServerConfigKeys (ConfUtils.java:logGet(46)) - raft.server.log.queue.element-limit = 1024 (custom)
2023-02-24 20:10:39,834 [pool-91-thread-1] INFO  server.RaftServerConfigKeys (ConfUtils.java:logGet(46)) - raft.server.log.segment.size.max = 1048576 (custom)
2023-02-24 20:10:39,834 [pool-91-thread-1] INFO  server.RaftServerConfigKeys (ConfUtils.java:logGet(46)) - raft.server.log.preallocated.size = 16384 (custom)
2023-02-24 20:10:39,834 [pool-91-thread-1] INFO  server.RaftServerConfigKeys (ConfUtils.java:logGet(46)) - raft.server.log.force.sync.num = 128 (default)
2023-02-24 20:10:39,834 [pool-91-thread-1] INFO  server.RaftServerConfigKeys (ConfUtils.java:logGet(46)) - raft.server.log.statemachine.data.sync = true (default)
2023-02-24 20:10:39,834 [pool-91-thread-1] INFO  server.RaftServerConfigKeys (ConfUtils.java:logGet(46)) - raft.server.log.statemachine.data.sync.timeout = 10s (default)
2023-02-24 20:10:39,834 [pool-91-thread-1] INFO  server.RaftServerConfigKeys (ConfUtils.java:logGet(46)) - raft.server.log.statemachine.data.sync.timeout.retry = -1 (default)
2023-02-24 20:10:39,835 [pool-91-thread-1] INFO  server.RaftServerConfigKeys (ConfUtils.java:logGet(46)) - raft.server.log.write.buffer.size = 1048576 (custom)
2023-02-24 20:10:39,836 [pool-91-thread-1] INFO  server.RaftServerConfigKeys (ConfUtils.java:logGet(46)) - raft.server.log.appender.buffer.byte-limit = 33554432 (custom)
2023-02-24 20:10:39,844 [EventQueue-OpenPipelineForHealthyPipelineSafeModeRule] INFO  safemode.SCMSafeModeManager (HealthyPipelineSafeModeRule.java:process(137)) - SCM in safe mode. Healthy pipelines reported count is 0, required healthy pipeline reported count is 1
2023-02-24 20:10:39,847 [pool-91-thread-1] INFO  server.RaftServerConfigKeys (ConfUtils.java:logGet(46)) - raft.server.log.unsafe-flush.enabled = false (default)
2023-02-24 20:10:39,847 [pool-91-thread-1] INFO  server.RaftServerConfigKeys (ConfUtils.java:logGet(46)) - raft.server.log.async-flush.enabled = false (default)
2023-02-24 20:10:39,847 [pool-91-thread-1] INFO  server.RaftServerConfigKeys (ConfUtils.java:logGet(46)) - raft.server.log.statemachine.data.caching.enabled = true (custom)
2023-02-24 20:10:39,848 [pool-91-thread-1] INFO  segmented.SegmentedRaftLogWorker (SegmentedRaftLogWorker.java:lambda$new$0(135)) - c4d23d98-1525-4b13-84f6-c163d1520877@group-C367FAA5C9D6-SegmentedRaftLogWorker: flushIndex: setUnconditionally 0 -> -1
2023-02-24 20:10:39,848 [pool-91-thread-1] INFO  segmented.SegmentedRaftLogWorker (SegmentedRaftLogWorker.java:lambda$new$0(135)) - c4d23d98-1525-4b13-84f6-c163d1520877@group-C367FAA5C9D6-SegmentedRaftLogWorker: safeCacheEvictIndex: setUnconditionally 0 -> -1
2023-02-24 20:10:39,848 [pool-91-thread-1] INFO  server.RaftServer$Division (RaftServerImpl.java:start(334)) - c4d23d98-1525-4b13-84f6-c163d1520877@group-C367FAA5C9D6: start as a follower, conf=-1: peers:[c4d23d98-1525-4b13-84f6-c163d1520877|rpc:10.1.1.26:40053|dataStream:10.1.1.26:46437|priority:0|startupRole:FOLLOWER, 050a2386-abc0-44f5-8cc9-5549fa72667c|rpc:10.1.1.26:39301|dataStream:10.1.1.26:42849|priority:0|startupRole:FOLLOWER, 1ecb19a6-f70e-45a1-a77e-d44e96361cb5|rpc:10.1.1.26:36117|dataStream:10.1.1.26:36215|priority:1|startupRole:FOLLOWER]|listeners:[], old=null
2023-02-24 20:10:39,848 [pool-91-thread-1] INFO  server.RaftServer$Division (RaftServerImpl.java:setRole(321)) - c4d23d98-1525-4b13-84f6-c163d1520877@group-C367FAA5C9D6: changes role from      null to FOLLOWER at term 0 for startAsFollower
2023-02-24 20:10:39,848 [pool-91-thread-1] INFO  impl.RoleInfo (RoleInfo.java:updateAndGet(139)) - c4d23d98-1525-4b13-84f6-c163d1520877: start c4d23d98-1525-4b13-84f6-c163d1520877@group-C367FAA5C9D6-FollowerState
2023-02-24 20:10:39,849 [pool-91-thread-1] INFO  util.JmxRegister (JmxRegister.java:tryRegister(44)) - Successfully registered JMX Bean with object name Ratis:service=RaftServer,group=group-C367FAA5C9D6,id=c4d23d98-1525-4b13-84f6-c163d1520877
2023-02-24 20:10:39,849 [pool-91-thread-1] INFO  server.RaftServerConfigKeys (ConfUtils.java:logGet(46)) - raft.server.snapshot.auto.trigger.enabled = true (custom)
2023-02-24 20:10:39,849 [pool-91-thread-1] INFO  server.RaftServerConfigKeys (ConfUtils.java:logGet(46)) - raft.server.snapshot.auto.trigger.threshold = 10000 (custom)
2023-02-24 20:10:39,849 [pool-91-thread-1] INFO  server.RaftServerConfigKeys (ConfUtils.java:logGet(46)) - raft.server.snapshot.retention.file.num = 5 (custom)
2023-02-24 20:10:39,849 [pool-91-thread-1] INFO  server.RaftServerConfigKeys (ConfUtils.java:logGet(46)) - raft.server.log.purge.upto.snapshot.index = false (default)
2023-02-24 20:10:39,851 [c4d23d98-1525-4b13-84f6-c163d1520877@group-C367FAA5C9D6-FollowerState] INFO  server.RaftServerConfigKeys (ConfUtils.java:logFallback(53)) - raft.server.rpc.first-election.timeout.min = 5s (fallback to raft.server.rpc.timeout.min)
2023-02-24 20:10:39,852 [Command processor thread] INFO  ratis.XceiverServerRatis (XceiverServerRatis.java:addGroup(807)) - Created group PipelineID=314e1146-4ded-45f6-9fa5-c367faa5c9d6
2023-02-24 20:10:39,852 [c4d23d98-1525-4b13-84f6-c163d1520877@group-C367FAA5C9D6-FollowerState] INFO  server.RaftServerConfigKeys (ConfUtils.java:logFallback(53)) - raft.server.rpc.first-election.timeout.max = 5200ms (fallback to raft.server.rpc.timeout.max)
2023-02-24 20:10:39,935 [Listener at 127.0.0.1/43437] INFO  ozone.MiniOzoneClusterImpl (MiniOzoneClusterImpl.java:lambda$waitForClusterToBeReady$0(218)) - Nodes are ready. Got 5 of 5 DN Heartbeats.
2023-02-24 20:10:39,935 [Listener at 127.0.0.1/43437] INFO  ozone.MiniOzoneClusterImpl (MiniOzoneClusterImpl.java:lambda$waitForClusterToBeReady$0(221)) - Waiting for cluster to exit safe mode
2023-02-24 20:10:39,935 [Listener at 127.0.0.1/43437] INFO  ozone.MiniOzoneClusterImpl (MiniOzoneClusterImpl.java:lambda$waitForClusterToBeReady$0(223)) - SCM became leader
2023-02-24 20:10:40,254 [JvmPauseMonitor3] WARN  util.JvmPauseMonitor (JvmPauseMonitor.java:detectPause(126)) - JvmPauseMonitor-da31d728-c4b4-485e-b457-41dedce51e8b: Detected pause in JVM or host machine (eg GC): pause of approximately 158989365ns.
GC pool 'PS MarkSweep' had collection(s): count=1 time=181ms
GC pool 'PS Scavenge' had collection(s): count=1 time=41ms
2023-02-24 20:10:40,261 [Command processor thread] INFO  server.RaftServer (RaftServerProxy.java:addNew(96)) - 1ecb19a6-f70e-45a1-a77e-d44e96361cb5: addNew group-E1CFAECD6859:[1ecb19a6-f70e-45a1-a77e-d44e96361cb5|rpc:10.1.1.26:36117|dataStream:10.1.1.26:36215|priority:1|startupRole:FOLLOWER] returns group-E1CFAECD6859:java.util.concurrent.CompletableFuture@49f036c7[Not completed]
2023-02-24 20:10:40,271 [pool-113-thread-1] INFO  server.RaftServer$Division (RaftServerImpl.java:<init>(195)) - 1ecb19a6-f70e-45a1-a77e-d44e96361cb5: new RaftServerImpl for group-E1CFAECD6859:[1ecb19a6-f70e-45a1-a77e-d44e96361cb5|rpc:10.1.1.26:36117|dataStream:10.1.1.26:36215|priority:1|startupRole:FOLLOWER] with ContainerStateMachine:uninitialized
2023-02-24 20:10:40,271 [pool-113-thread-1] INFO  server.RaftServerConfigKeys (ConfUtils.java:logGet(46)) - raft.server.rpc.timeout.min = 5s (custom)
2023-02-24 20:10:40,271 [pool-113-thread-1] INFO  server.RaftServerConfigKeys (ConfUtils.java:logGet(46)) - raft.server.rpc.timeout.max = 5200ms (custom)
2023-02-24 20:10:40,271 [pool-113-thread-1] INFO  server.RaftServerConfigKeys (ConfUtils.java:logGet(46)) - raft.server.rpc.sleep.time = 25ms (default)
2023-02-24 20:10:40,271 [pool-113-thread-1] INFO  server.RaftServerConfigKeys (ConfUtils.java:logGet(46)) - raft.server.rpc.slowness.timeout = 300s (custom)
2023-02-24 20:10:40,271 [pool-113-thread-1] INFO  server.RaftServerConfigKeys (ConfUtils.java:logGet(46)) - raft.server.leaderelection.leader.step-down.wait-time = 10s (default)
2023-02-24 20:10:40,271 [pool-113-thread-1] INFO  server.RaftServerConfigKeys (ConfUtils.java:logGet(46)) - raft.server.sleep.deviation.threshold = 300ms (default)
2023-02-24 20:10:40,271 [pool-113-thread-1] INFO  server.RaftServer$Division (ServerState.java:<init>(118)) - 1ecb19a6-f70e-45a1-a77e-d44e96361cb5@group-E1CFAECD6859: ConfigurationManager, init=-1: peers:[1ecb19a6-f70e-45a1-a77e-d44e96361cb5|rpc:10.1.1.26:36117|dataStream:10.1.1.26:36215|priority:1|startupRole:FOLLOWER]|listeners:[], old=null, confs=<EMPTY_MAP>
2023-02-24 20:10:40,272 [pool-113-thread-1] INFO  server.RaftServerConfigKeys (ConfUtils.java:logGet(46)) - raft.server.storage.dir = [/home/runner/work/ozone/ozone/hadoop-ozone/integration-test/target/test-dir/MiniOzoneClusterImpl-ab6f6114-744a-42fd-85e1-7d45e58ce038/datanode-2/data/ratis] (custom)
2023-02-24 20:10:40,272 [pool-113-thread-1] INFO  server.RaftServerConfigKeys (ConfUtils.java:logGet(46)) - raft.server.log.corruption.policy = EXCEPTION (default)
2023-02-24 20:10:40,272 [pool-113-thread-1] INFO  server.RaftServerConfigKeys (ConfUtils.java:logGet(46)) - raft.server.storage.free-space.min = 0MB (=0) (default)
2023-02-24 20:10:40,272 [pool-113-thread-1] INFO  server.RaftServerConfigKeys (ConfUtils.java:logGet(46)) - raft.server.notification.no-leader.timeout = 300s (custom)
2023-02-24 20:10:40,272 [pool-113-thread-1] INFO  server.RaftServerConfigKeys (ConfUtils.java:logGet(46)) - raft.server.retrycache.expirytime = 600000ms (custom)
2023-02-24 20:10:40,272 [pool-113-thread-1] INFO  server.RaftServerConfigKeys (ConfUtils.java:logGet(46)) - raft.server.retrycache.statistics.expirytime = 100μs (default)
2023-02-24 20:10:40,273 [pool-113-thread-1] INFO  server.RaftServerConfigKeys (ConfUtils.java:logGet(46)) - raft.server.log.appender.install.snapshot.enabled = false (custom)
2023-02-24 20:10:40,273 [pool-113-thread-1] INFO  server.RaftServerConfigKeys (ConfUtils.java:logGet(46)) - raft.server.threadpool.server.cached = true (default)
2023-02-24 20:10:40,273 [pool-113-thread-1] INFO  server.RaftServerConfigKeys (ConfUtils.java:logGet(46)) - raft.server.threadpool.server.size = 0 (default)
2023-02-24 20:10:40,273 [pool-113-thread-1] INFO  server.RaftServerConfigKeys (ConfUtils.java:logGet(46)) - raft.server.threadpool.client.cached = true (default)
2023-02-24 20:10:40,273 [pool-113-thread-1] INFO  server.RaftServerConfigKeys (ConfUtils.java:logGet(46)) - raft.server.threadpool.client.size = 0 (default)
2023-02-24 20:10:40,273 [pool-113-thread-1] INFO  storage.RaftStorageDirectory (RaftStorageDirectoryImpl.java:analyzeStorage(137)) - The storage directory /home/runner/work/ozone/ozone/hadoop-ozone/integration-test/target/test-dir/MiniOzoneClusterImpl-ab6f6114-744a-42fd-85e1-7d45e58ce038/datanode-2/data/ratis/b903c43d-f8bc-4957-b93c-e1cfaecd6859 does not exist. Creating ...
2023-02-24 20:10:40,280 [pool-113-thread-1] INFO  storage.RaftStorageDirectory (RaftStorageDirectoryImpl.java:tryLock(231)) - Lock on /home/runner/work/ozone/ozone/hadoop-ozone/integration-test/target/test-dir/MiniOzoneClusterImpl-ab6f6114-744a-42fd-85e1-7d45e58ce038/datanode-2/data/ratis/b903c43d-f8bc-4957-b93c-e1cfaecd6859/in_use.lock acquired by nodename 19927@fv-az204-30
2023-02-24 20:10:40,282 [pool-113-thread-1] INFO  storage.RaftStorage (RaftStorageImpl.java:format(96)) - Storage directory /home/runner/work/ozone/ozone/hadoop-ozone/integration-test/target/test-dir/MiniOzoneClusterImpl-ab6f6114-744a-42fd-85e1-7d45e58ce038/datanode-2/data/ratis/b903c43d-f8bc-4957-b93c-e1cfaecd6859 has been successfully formatted.
2023-02-24 20:10:40,283 [pool-113-thread-1] INFO  ratis.ContainerStateMachine (ContainerStateMachine.java:loadSnapshot(240)) - group-E1CFAECD6859: The snapshot info is null. Setting the last applied indexto:(t:0, i:~)
2023-02-24 20:10:40,283 [pool-113-thread-1] INFO  server.RaftServerConfigKeys (ConfUtils.java:logGet(46)) - raft.server.log.use.memory = false (default)
2023-02-24 20:10:40,284 [pool-113-thread-1] INFO  server.RaftServerConfigKeys (ConfUtils.java:logGet(46)) - raft.server.log.purge.gap = 1000000 (custom)
2023-02-24 20:10:40,284 [pool-113-thread-1] INFO  server.RaftServerConfigKeys (ConfUtils.java:logGet(46)) - raft.server.log.appender.buffer.byte-limit = 33554432 (custom)
2023-02-24 20:10:40,284 [pool-113-thread-1] INFO  server.RaftServerConfigKeys (ConfUtils.java:logGet(46)) - raft.server.log.statemachine.data.read.timeout = 1000ms (default)
2023-02-24 20:10:40,284 [pool-113-thread-1] INFO  server.RaftServerConfigKeys (ConfUtils.java:logGet(46)) - raft.server.log.purge.preservation.log.num = 0 (default)
2023-02-24 20:10:40,285 [pool-113-thread-1] INFO  server.RaftServerConfigKeys (ConfUtils.java:logGet(46)) - raft.server.log.segment.size.max = 1048576 (custom)
2023-02-24 20:10:40,285 [pool-113-thread-1] INFO  server.RaftServerConfigKeys (ConfUtils.java:logGet(46)) - raft.server.log.segment.cache.num.max = 2 (custom)
2023-02-24 20:10:40,285 [pool-113-thread-1] INFO  server.RaftServerConfigKeys (ConfUtils.java:logGet(46)) - raft.server.log.segment.cache.size.max = 200MB (=209715200) (default)
2023-02-24 20:10:40,285 [pool-113-thread-1] INFO  segmented.SegmentedRaftLogWorker (SegmentedRaftLogWorker.java:<init>(189)) - new 1ecb19a6-f70e-45a1-a77e-d44e96361cb5@group-E1CFAECD6859-SegmentedRaftLogWorker for RaftStorageImpl:Storage Directory /home/runner/work/ozone/ozone/hadoop-ozone/integration-test/target/test-dir/MiniOzoneClusterImpl-ab6f6114-744a-42fd-85e1-7d45e58ce038/datanode-2/data/ratis/b903c43d-f8bc-4957-b93c-e1cfaecd6859
2023-02-24 20:10:40,289 [pool-113-thread-1] INFO  server.RaftServerConfigKeys (ConfUtils.java:logGet(46)) - raft.server.log.queue.byte-limit = 4294967296 (custom)
2023-02-24 20:10:40,289 [pool-113-thread-1] INFO  server.RaftServerConfigKeys (ConfUtils.java:logGet(46)) - raft.server.log.queue.element-limit = 1024 (custom)
2023-02-24 20:10:40,289 [pool-113-thread-1] INFO  server.RaftServerConfigKeys (ConfUtils.java:logGet(46)) - raft.server.log.segment.size.max = 1048576 (custom)
2023-02-24 20:10:40,289 [pool-113-thread-1] INFO  server.RaftServerConfigKeys (ConfUtils.java:logGet(46)) - raft.server.log.preallocated.size = 16384 (custom)
2023-02-24 20:10:40,289 [pool-113-thread-1] INFO  server.RaftServerConfigKeys (ConfUtils.java:logGet(46)) - raft.server.log.force.sync.num = 128 (default)
2023-02-24 20:10:40,290 [pool-113-thread-1] INFO  server.RaftServerConfigKeys (ConfUtils.java:logGet(46)) - raft.server.log.statemachine.data.sync = true (default)
2023-02-24 20:10:40,290 [pool-113-thread-1] INFO  server.RaftServerConfigKeys (ConfUtils.java:logGet(46)) - raft.server.log.statemachine.data.sync.timeout = 10s (default)
2023-02-24 20:10:40,290 [pool-113-thread-1] INFO  server.RaftServerConfigKeys (ConfUtils.java:logGet(46)) - raft.server.log.statemachine.data.sync.timeout.retry = -1 (default)
2023-02-24 20:10:40,291 [EventQueue-PipelineReportForPipelineReportHandler] INFO  pipeline.PipelineManagerImpl (PipelineManagerImpl.java:openPipeline(367)) - Pipeline Pipeline[ Id: b903c43d-f8bc-4957-b93c-e1cfaecd6859, Nodes: 1ecb19a6-f70e-45a1-a77e-d44e96361cb5(fv-az204-30/10.1.1.26), ReplicationConfig: RATIS/ONE, State:ALLOCATED, leaderId:1ecb19a6-f70e-45a1-a77e-d44e96361cb5, CreationTimestamp2023-02-24T20:10:37.150Z[Etc/UTC]] moved to OPEN state
2023-02-24 20:10:40,291 [EventQueue-OpenPipelineForHealthyPipelineSafeModeRule] INFO  safemode.SCMSafeModeManager (HealthyPipelineSafeModeRule.java:process(137)) - SCM in safe mode. Healthy pipelines reported count is 0, required healthy pipeline reported count is 1
2023-02-24 20:10:40,293 [pool-113-thread-1] INFO  server.RaftServerConfigKeys (ConfUtils.java:logGet(46)) - raft.server.log.write.buffer.size = 1048576 (custom)
2023-02-24 20:10:40,293 [pool-113-thread-1] INFO  server.RaftServerConfigKeys (ConfUtils.java:logGet(46)) - raft.server.log.appender.buffer.byte-limit = 33554432 (custom)
2023-02-24 20:10:40,296 [pool-113-thread-1] INFO  server.RaftServerConfigKeys (ConfUtils.java:logGet(46)) - raft.server.log.unsafe-flush.enabled = false (default)
2023-02-24 20:10:40,298 [pool-113-thread-1] INFO  server.RaftServerConfigKeys (ConfUtils.java:logGet(46)) - raft.server.log.async-flush.enabled = false (default)
2023-02-24 20:10:40,298 [pool-113-thread-1] INFO  server.RaftServerConfigKeys (ConfUtils.java:logGet(46)) - raft.server.log.statemachine.data.caching.enabled = true (custom)
2023-02-24 20:10:40,298 [pool-113-thread-1] INFO  segmented.SegmentedRaftLogWorker (SegmentedRaftLogWorker.java:lambda$new$0(135)) - 1ecb19a6-f70e-45a1-a77e-d44e96361cb5@group-E1CFAECD6859-SegmentedRaftLogWorker: flushIndex: setUnconditionally 0 -> -1
2023-02-24 20:10:40,298 [pool-113-thread-1] INFO  segmented.SegmentedRaftLogWorker (SegmentedRaftLogWorker.java:lambda$new$0(135)) - 1ecb19a6-f70e-45a1-a77e-d44e96361cb5@group-E1CFAECD6859-SegmentedRaftLogWorker: safeCacheEvictIndex: setUnconditionally 0 -> -1
2023-02-24 20:10:40,304 [pool-113-thread-1] INFO  server.RaftServer$Division (RaftServerImpl.java:start(334)) - 1ecb19a6-f70e-45a1-a77e-d44e96361cb5@group-E1CFAECD6859: start as a follower, conf=-1: peers:[1ecb19a6-f70e-45a1-a77e-d44e96361cb5|rpc:10.1.1.26:36117|dataStream:10.1.1.26:36215|priority:1|startupRole:FOLLOWER]|listeners:[], old=null
2023-02-24 20:10:40,304 [pool-113-thread-1] INFO  server.RaftServer$Division (RaftServerImpl.java:setRole(321)) - 1ecb19a6-f70e-45a1-a77e-d44e96361cb5@group-E1CFAECD6859: changes role from      null to FOLLOWER at term 0 for startAsFollower
2023-02-24 20:10:40,304 [pool-113-thread-1] INFO  impl.RoleInfo (RoleInfo.java:updateAndGet(139)) - 1ecb19a6-f70e-45a1-a77e-d44e96361cb5: start 1ecb19a6-f70e-45a1-a77e-d44e96361cb5@group-E1CFAECD6859-FollowerState
2023-02-24 20:10:40,318 [1ecb19a6-f70e-45a1-a77e-d44e96361cb5@group-E1CFAECD6859-FollowerState] INFO  server.RaftServerConfigKeys (ConfUtils.java:logFallback(53)) - raft.server.rpc.first-election.timeout.min = 5s (fallback to raft.server.rpc.timeout.min)
2023-02-24 20:10:40,318 [1ecb19a6-f70e-45a1-a77e-d44e96361cb5@group-E1CFAECD6859-FollowerState] INFO  server.RaftServerConfigKeys (ConfUtils.java:logFallback(53)) - raft.server.rpc.first-election.timeout.max = 5200ms (fallback to raft.server.rpc.timeout.max)
2023-02-24 20:10:40,317 [pool-113-thread-1] INFO  util.JmxRegister (JmxRegister.java:tryRegister(44)) - Successfully registered JMX Bean with object name Ratis:service=RaftServer,group=group-E1CFAECD6859,id=1ecb19a6-f70e-45a1-a77e-d44e96361cb5
2023-02-24 20:10:40,319 [pool-113-thread-1] INFO  server.RaftServerConfigKeys (ConfUtils.java:logGet(46)) - raft.server.snapshot.auto.trigger.enabled = true (custom)
2023-02-24 20:10:40,319 [pool-113-thread-1] INFO  server.RaftServerConfigKeys (ConfUtils.java:logGet(46)) - raft.server.snapshot.auto.trigger.threshold = 10000 (custom)
2023-02-24 20:10:40,319 [pool-113-thread-1] INFO  server.RaftServerConfigKeys (ConfUtils.java:logGet(46)) - raft.server.snapshot.retention.file.num = 5 (custom)
2023-02-24 20:10:40,319 [pool-113-thread-1] INFO  server.RaftServerConfigKeys (ConfUtils.java:logGet(46)) - raft.server.log.purge.upto.snapshot.index = false (default)
2023-02-24 20:10:40,320 [Command processor thread] INFO  ratis.XceiverServerRatis (XceiverServerRatis.java:addGroup(807)) - Created group PipelineID=b903c43d-f8bc-4957-b93c-e1cfaecd6859
2023-02-24 20:10:40,320 [Command processor thread] INFO  commandhandler.CreatePipelineCommandHandler (CreatePipelineCommandHandler.java:handle(113)) - Created Pipeline RATIS ONE PipelineID=b903c43d-f8bc-4957-b93c-e1cfaecd6859.
2023-02-24 20:10:40,321 [Command processor thread] INFO  server.RaftServer (RaftServerProxy.java:addNew(96)) - 1ecb19a6-f70e-45a1-a77e-d44e96361cb5: addNew group-C367FAA5C9D6:[c4d23d98-1525-4b13-84f6-c163d1520877|rpc:10.1.1.26:40053|dataStream:10.1.1.26:46437|priority:0|startupRole:FOLLOWER, 050a2386-abc0-44f5-8cc9-5549fa72667c|rpc:10.1.1.26:39301|dataStream:10.1.1.26:42849|priority:0|startupRole:FOLLOWER, 1ecb19a6-f70e-45a1-a77e-d44e96361cb5|rpc:10.1.1.26:36117|dataStream:10.1.1.26:36215|priority:1|startupRole:FOLLOWER] returns group-C367FAA5C9D6:java.util.concurrent.CompletableFuture@4dcfab21[Not completed]
2023-02-24 20:10:40,323 [pool-113-thread-1] INFO  server.RaftServer$Division (RaftServerImpl.java:<init>(195)) - 1ecb19a6-f70e-45a1-a77e-d44e96361cb5: new RaftServerImpl for group-C367FAA5C9D6:[c4d23d98-1525-4b13-84f6-c163d1520877|rpc:10.1.1.26:40053|dataStream:10.1.1.26:46437|priority:0|startupRole:FOLLOWER, 050a2386-abc0-44f5-8cc9-5549fa72667c|rpc:10.1.1.26:39301|dataStream:10.1.1.26:42849|priority:0|startupRole:FOLLOWER, 1ecb19a6-f70e-45a1-a77e-d44e96361cb5|rpc:10.1.1.26:36117|dataStream:10.1.1.26:36215|priority:1|startupRole:FOLLOWER] with ContainerStateMachine:uninitialized
2023-02-24 20:10:40,323 [pool-113-thread-1] INFO  server.RaftServerConfigKeys (ConfUtils.java:logGet(46)) - raft.server.rpc.timeout.min = 5s (custom)
2023-02-24 20:10:40,323 [pool-113-thread-1] INFO  server.RaftServerConfigKeys (ConfUtils.java:logGet(46)) - raft.server.rpc.timeout.max = 5200ms (custom)
2023-02-24 20:10:40,323 [pool-113-thread-1] INFO  server.RaftServerConfigKeys (ConfUtils.java:logGet(46)) - raft.server.rpc.sleep.time = 25ms (default)
2023-02-24 20:10:40,323 [pool-113-thread-1] INFO  server.RaftServerConfigKeys (ConfUtils.java:logGet(46)) - raft.server.rpc.slowness.timeout = 300s (custom)
2023-02-24 20:10:40,323 [pool-113-thread-1] INFO  server.RaftServerConfigKeys (ConfUtils.java:logGet(46)) - raft.server.leaderelection.leader.step-down.wait-time = 10s (default)
2023-02-24 20:10:40,323 [pool-113-thread-1] INFO  server.RaftServerConfigKeys (ConfUtils.java:logGet(46)) - raft.server.sleep.deviation.threshold = 300ms (default)
2023-02-24 20:10:40,323 [pool-113-thread-1] INFO  server.RaftServer$Division (ServerState.java:<init>(118)) - 1ecb19a6-f70e-45a1-a77e-d44e96361cb5@group-C367FAA5C9D6: ConfigurationManager, init=-1: peers:[c4d23d98-1525-4b13-84f6-c163d1520877|rpc:10.1.1.26:40053|dataStream:10.1.1.26:46437|priority:0|startupRole:FOLLOWER, 050a2386-abc0-44f5-8cc9-5549fa72667c|rpc:10.1.1.26:39301|dataStream:10.1.1.26:42849|priority:0|startupRole:FOLLOWER, 1ecb19a6-f70e-45a1-a77e-d44e96361cb5|rpc:10.1.1.26:36117|dataStream:10.1.1.26:36215|priority:1|startupRole:FOLLOWER]|listeners:[], old=null, confs=<EMPTY_MAP>
2023-02-24 20:10:40,325 [pool-113-thread-1] INFO  server.RaftServerConfigKeys (ConfUtils.java:logGet(46)) - raft.server.storage.dir = [/home/runner/work/ozone/ozone/hadoop-ozone/integration-test/target/test-dir/MiniOzoneClusterImpl-ab6f6114-744a-42fd-85e1-7d45e58ce038/datanode-2/data/ratis] (custom)
2023-02-24 20:10:40,325 [pool-113-thread-1] INFO  server.RaftServerConfigKeys (ConfUtils.java:logGet(46)) - raft.server.log.corruption.policy = EXCEPTION (default)
2023-02-24 20:10:40,325 [pool-113-thread-1] INFO  server.RaftServerConfigKeys (ConfUtils.java:logGet(46)) - raft.server.storage.free-space.min = 0MB (=0) (default)
2023-02-24 20:10:40,325 [pool-113-thread-1] INFO  server.RaftServerConfigKeys (ConfUtils.java:logGet(46)) - raft.server.notification.no-leader.timeout = 300s (custom)
2023-02-24 20:10:40,325 [pool-113-thread-1] INFO  server.RaftServerConfigKeys (ConfUtils.java:logGet(46)) - raft.server.retrycache.expirytime = 600000ms (custom)
2023-02-24 20:10:40,325 [pool-113-thread-1] INFO  server.RaftServerConfigKeys (ConfUtils.java:logGet(46)) - raft.server.retrycache.statistics.expirytime = 100μs (default)
2023-02-24 20:10:40,326 [pool-113-thread-1] INFO  server.RaftServerConfigKeys (ConfUtils.java:logGet(46)) - raft.server.log.appender.install.snapshot.enabled = false (custom)
2023-02-24 20:10:40,326 [pool-113-thread-1] INFO  server.RaftServerConfigKeys (ConfUtils.java:logGet(46)) - raft.server.threadpool.server.cached = true (default)
2023-02-24 20:10:40,326 [pool-113-thread-1] INFO  server.RaftServerConfigKeys (ConfUtils.java:logGet(46)) - raft.server.threadpool.server.size = 0 (default)
2023-02-24 20:10:40,326 [pool-113-thread-1] INFO  server.RaftServerConfigKeys (ConfUtils.java:logGet(46)) - raft.server.threadpool.client.cached = true (default)
2023-02-24 20:10:40,326 [pool-113-thread-1] INFO  server.RaftServerConfigKeys (ConfUtils.java:logGet(46)) - raft.server.threadpool.client.size = 0 (default)
2023-02-24 20:10:40,327 [pool-113-thread-1] INFO  storage.RaftStorageDirectory (RaftStorageDirectoryImpl.java:analyzeStorage(137)) - The storage directory /home/runner/work/ozone/ozone/hadoop-ozone/integration-test/target/test-dir/MiniOzoneClusterImpl-ab6f6114-744a-42fd-85e1-7d45e58ce038/datanode-2/data/ratis/314e1146-4ded-45f6-9fa5-c367faa5c9d6 does not exist. Creating ...
2023-02-24 20:10:40,343 [pool-113-thread-1] INFO  storage.RaftStorageDirectory (RaftStorageDirectoryImpl.java:tryLock(231)) - Lock on /home/runner/work/ozone/ozone/hadoop-ozone/integration-test/target/test-dir/MiniOzoneClusterImpl-ab6f6114-744a-42fd-85e1-7d45e58ce038/datanode-2/data/ratis/314e1146-4ded-45f6-9fa5-c367faa5c9d6/in_use.lock acquired by nodename 19927@fv-az204-30
2023-02-24 20:10:40,345 [pool-113-thread-1] INFO  storage.RaftStorage (RaftStorageImpl.java:format(96)) - Storage directory /home/runner/work/ozone/ozone/hadoop-ozone/integration-test/target/test-dir/MiniOzoneClusterImpl-ab6f6114-744a-42fd-85e1-7d45e58ce038/datanode-2/data/ratis/314e1146-4ded-45f6-9fa5-c367faa5c9d6 has been successfully formatted.
2023-02-24 20:10:40,346 [pool-113-thread-1] INFO  ratis.ContainerStateMachine (ContainerStateMachine.java:loadSnapshot(240)) - group-C367FAA5C9D6: The snapshot info is null. Setting the last applied indexto:(t:0, i:~)
2023-02-24 20:10:40,346 [pool-113-thread-1] INFO  server.RaftServerConfigKeys (ConfUtils.java:logGet(46)) - raft.server.log.use.memory = false (default)
2023-02-24 20:10:40,346 [pool-113-thread-1] INFO  server.RaftServerConfigKeys (ConfUtils.java:logGet(46)) - raft.server.log.purge.gap = 1000000 (custom)
2023-02-24 20:10:40,346 [pool-113-thread-1] INFO  server.RaftServerConfigKeys (ConfUtils.java:logGet(46)) - raft.server.log.appender.buffer.byte-limit = 33554432 (custom)
2023-02-24 20:10:40,349 [EventQueue-OpenPipelineForHealthyPipelineSafeModeRule] INFO  safemode.SCMSafeModeManager (HealthyPipelineSafeModeRule.java:process(137)) - SCM in safe mode. Healthy pipelines reported count is 0, required healthy pipeline reported count is 1
2023-02-24 20:10:40,354 [pool-113-thread-1] INFO  server.RaftServerConfigKeys (ConfUtils.java:logGet(46)) - raft.server.log.statemachine.data.read.timeout = 1000ms (default)
2023-02-24 20:10:40,354 [pool-113-thread-1] INFO  server.RaftServerConfigKeys (ConfUtils.java:logGet(46)) - raft.server.log.purge.preservation.log.num = 0 (default)
2023-02-24 20:10:40,354 [pool-113-thread-1] INFO  server.RaftServerConfigKeys (ConfUtils.java:logGet(46)) - raft.server.log.segment.size.max = 1048576 (custom)
2023-02-24 20:10:40,355 [pool-113-thread-1] INFO  server.RaftServerConfigKeys (ConfUtils.java:logGet(46)) - raft.server.log.segment.cache.num.max = 2 (custom)
2023-02-24 20:10:40,355 [pool-113-thread-1] INFO  server.RaftServerConfigKeys (ConfUtils.java:logGet(46)) - raft.server.log.segment.cache.size.max = 200MB (=209715200) (default)
2023-02-24 20:10:40,355 [pool-113-thread-1] INFO  segmented.SegmentedRaftLogWorker (SegmentedRaftLogWorker.java:<init>(189)) - new 1ecb19a6-f70e-45a1-a77e-d44e96361cb5@group-C367FAA5C9D6-SegmentedRaftLogWorker for RaftStorageImpl:Storage Directory /home/runner/work/ozone/ozone/hadoop-ozone/integration-test/target/test-dir/MiniOzoneClusterImpl-ab6f6114-744a-42fd-85e1-7d45e58ce038/datanode-2/data/ratis/314e1146-4ded-45f6-9fa5-c367faa5c9d6
2023-02-24 20:10:40,355 [pool-113-thread-1] INFO  server.RaftServerConfigKeys (ConfUtils.java:logGet(46)) - raft.server.log.queue.byte-limit = 4294967296 (custom)
2023-02-24 20:10:40,355 [pool-113-thread-1] INFO  server.RaftServerConfigKeys (ConfUtils.java:logGet(46)) - raft.server.log.queue.element-limit = 1024 (custom)
2023-02-24 20:10:40,355 [pool-113-thread-1] INFO  server.RaftServerConfigKeys (ConfUtils.java:logGet(46)) - raft.server.log.segment.size.max = 1048576 (custom)
2023-02-24 20:10:40,355 [pool-113-thread-1] INFO  server.RaftServerConfigKeys (ConfUtils.java:logGet(46)) - raft.server.log.preallocated.size = 16384 (custom)
2023-02-24 20:10:40,355 [pool-113-thread-1] INFO  server.RaftServerConfigKeys (ConfUtils.java:logGet(46)) - raft.server.log.force.sync.num = 128 (default)
2023-02-24 20:10:40,355 [pool-113-thread-1] INFO  server.RaftServerConfigKeys (ConfUtils.java:logGet(46)) - raft.server.log.statemachine.data.sync = true (default)
2023-02-24 20:10:40,355 [pool-113-thread-1] INFO  server.RaftServerConfigKeys (ConfUtils.java:logGet(46)) - raft.server.log.statemachine.data.sync.timeout = 10s (default)
2023-02-24 20:10:40,355 [pool-113-thread-1] INFO  server.RaftServerConfigKeys (ConfUtils.java:logGet(46)) - raft.server.log.statemachine.data.sync.timeout.retry = -1 (default)
2023-02-24 20:10:40,356 [pool-113-thread-1] INFO  server.RaftServerConfigKeys (ConfUtils.java:logGet(46)) - raft.server.log.write.buffer.size = 1048576 (custom)
2023-02-24 20:10:40,356 [pool-113-thread-1] INFO  server.RaftServerConfigKeys (ConfUtils.java:logGet(46)) - raft.server.log.appender.buffer.byte-limit = 33554432 (custom)
2023-02-24 20:10:40,359 [pool-113-thread-1] INFO  server.RaftServerConfigKeys (ConfUtils.java:logGet(46)) - raft.server.log.unsafe-flush.enabled = false (default)
2023-02-24 20:10:40,359 [pool-113-thread-1] INFO  server.RaftServerConfigKeys (ConfUtils.java:logGet(46)) - raft.server.log.async-flush.enabled = false (default)
2023-02-24 20:10:40,359 [pool-113-thread-1] INFO  server.RaftServerConfigKeys (ConfUtils.java:logGet(46)) - raft.server.log.statemachine.data.caching.enabled = true (custom)
2023-02-24 20:10:40,359 [pool-113-thread-1] INFO  segmented.SegmentedRaftLogWorker (SegmentedRaftLogWorker.java:lambda$new$0(135)) - 1ecb19a6-f70e-45a1-a77e-d44e96361cb5@group-C367FAA5C9D6-SegmentedRaftLogWorker: flushIndex: setUnconditionally 0 -> -1
2023-02-24 20:10:40,359 [pool-113-thread-1] INFO  segmented.SegmentedRaftLogWorker (SegmentedRaftLogWorker.java:lambda$new$0(135)) - 1ecb19a6-f70e-45a1-a77e-d44e96361cb5@group-C367FAA5C9D6-SegmentedRaftLogWorker: safeCacheEvictIndex: setUnconditionally 0 -> -1
2023-02-24 20:10:40,359 [pool-113-thread-1] INFO  server.RaftServer$Division (RaftServerImpl.java:start(334)) - 1ecb19a6-f70e-45a1-a77e-d44e96361cb5@group-C367FAA5C9D6: start as a follower, conf=-1: peers:[c4d23d98-1525-4b13-84f6-c163d1520877|rpc:10.1.1.26:40053|dataStream:10.1.1.26:46437|priority:0|startupRole:FOLLOWER, 050a2386-abc0-44f5-8cc9-5549fa72667c|rpc:10.1.1.26:39301|dataStream:10.1.1.26:42849|priority:0|startupRole:FOLLOWER, 1ecb19a6-f70e-45a1-a77e-d44e96361cb5|rpc:10.1.1.26:36117|dataStream:10.1.1.26:36215|priority:1|startupRole:FOLLOWER]|listeners:[], old=null
2023-02-24 20:10:40,359 [pool-113-thread-1] INFO  server.RaftServer$Division (RaftServerImpl.java:setRole(321)) - 1ecb19a6-f70e-45a1-a77e-d44e96361cb5@group-C367FAA5C9D6: changes role from      null to FOLLOWER at term 0 for startAsFollower
2023-02-24 20:10:40,359 [pool-113-thread-1] INFO  impl.RoleInfo (RoleInfo.java:updateAndGet(139)) - 1ecb19a6-f70e-45a1-a77e-d44e96361cb5: start 1ecb19a6-f70e-45a1-a77e-d44e96361cb5@group-C367FAA5C9D6-FollowerState
2023-02-24 20:10:40,363 [pool-113-thread-1] INFO  util.JmxRegister (JmxRegister.java:tryRegister(44)) - Successfully registered JMX Bean with object name Ratis:service=RaftServer,group=group-C367FAA5C9D6,id=1ecb19a6-f70e-45a1-a77e-d44e96361cb5
2023-02-24 20:10:40,363 [pool-113-thread-1] INFO  server.RaftServerConfigKeys (ConfUtils.java:logGet(46)) - raft.server.snapshot.auto.trigger.enabled = true (custom)
2023-02-24 20:10:40,363 [pool-113-thread-1] INFO  server.RaftServerConfigKeys (ConfUtils.java:logGet(46)) - raft.server.snapshot.auto.trigger.threshold = 10000 (custom)
2023-02-24 20:10:40,364 [pool-113-thread-1] INFO  server.RaftServerConfigKeys (ConfUtils.java:logGet(46)) - raft.server.snapshot.retention.file.num = 5 (custom)
2023-02-24 20:10:40,364 [pool-113-thread-1] INFO  server.RaftServerConfigKeys (ConfUtils.java:logGet(46)) - raft.server.log.purge.upto.snapshot.index = false (default)
2023-02-24 20:10:40,364 [1ecb19a6-f70e-45a1-a77e-d44e96361cb5@group-C367FAA5C9D6-FollowerState] INFO  server.RaftServerConfigKeys (ConfUtils.java:logFallback(53)) - raft.server.rpc.first-election.timeout.min = 5s (fallback to raft.server.rpc.timeout.min)
2023-02-24 20:10:40,367 [1ecb19a6-f70e-45a1-a77e-d44e96361cb5@group-C367FAA5C9D6-FollowerState] INFO  server.RaftServerConfigKeys (ConfUtils.java:logFallback(53)) - raft.server.rpc.first-election.timeout.max = 5200ms (fallback to raft.server.rpc.timeout.max)
2023-02-24 20:10:40,366 [Command processor thread] INFO  ratis.XceiverServerRatis (XceiverServerRatis.java:addGroup(807)) - Created group PipelineID=314e1146-4ded-45f6-9fa5-c367faa5c9d6
2023-02-24 20:10:40,435 [Command processor thread] INFO  commandhandler.CreatePipelineCommandHandler (CreatePipelineCommandHandler.java:handle(113)) - Created Pipeline RATIS THREE PipelineID=314e1146-4ded-45f6-9fa5-c367faa5c9d6.
2023-02-24 20:10:40,435 [Command processor thread] INFO  server.RaftServer (RaftServerProxy.java:addNew(96)) - 050a2386-abc0-44f5-8cc9-5549fa72667c: addNew group-0F6BFDD8B04B:[c4d23d98-1525-4b13-84f6-c163d1520877|rpc:10.1.1.26:40053|dataStream:10.1.1.26:46437|priority:0|startupRole:FOLLOWER, 050a2386-abc0-44f5-8cc9-5549fa72667c|rpc:10.1.1.26:39301|dataStream:10.1.1.26:42849|priority:1|startupRole:FOLLOWER, 1ecb19a6-f70e-45a1-a77e-d44e96361cb5|rpc:10.1.1.26:36117|dataStream:10.1.1.26:36215|priority:0|startupRole:FOLLOWER] returns group-0F6BFDD8B04B:java.util.concurrent.CompletableFuture@3de7593e[Not completed]
2023-02-24 20:10:40,436 [pool-69-thread-1] INFO  server.RaftServer$Division (RaftServerImpl.java:<init>(195)) - 050a2386-abc0-44f5-8cc9-5549fa72667c: new RaftServerImpl for group-0F6BFDD8B04B:[c4d23d98-1525-4b13-84f6-c163d1520877|rpc:10.1.1.26:40053|dataStream:10.1.1.26:46437|priority:0|startupRole:FOLLOWER, 050a2386-abc0-44f5-8cc9-5549fa72667c|rpc:10.1.1.26:39301|dataStream:10.1.1.26:42849|priority:1|startupRole:FOLLOWER, 1ecb19a6-f70e-45a1-a77e-d44e96361cb5|rpc:10.1.1.26:36117|dataStream:10.1.1.26:36215|priority:0|startupRole:FOLLOWER] with ContainerStateMachine:uninitialized
2023-02-24 20:10:40,436 [pool-69-thread-1] INFO  server.RaftServerConfigKeys (ConfUtils.java:logGet(46)) - raft.server.rpc.timeout.min = 5s (custom)
2023-02-24 20:10:40,436 [pool-69-thread-1] INFO  server.RaftServerConfigKeys (ConfUtils.java:logGet(46)) - raft.server.rpc.timeout.max = 5200ms (custom)
2023-02-24 20:10:40,436 [pool-69-thread-1] INFO  server.RaftServerConfigKeys (ConfUtils.java:logGet(46)) - raft.server.rpc.sleep.time = 25ms (default)
2023-02-24 20:10:40,436 [pool-69-thread-1] INFO  server.RaftServerConfigKeys (ConfUtils.java:logGet(46)) - raft.server.rpc.slowness.timeout = 300s (custom)
2023-02-24 20:10:40,436 [pool-69-thread-1] INFO  server.RaftServerConfigKeys (ConfUtils.java:logGet(46)) - raft.server.leaderelection.leader.step-down.wait-time = 10s (default)
2023-02-24 20:10:40,437 [pool-69-thread-1] INFO  server.RaftServerConfigKeys (ConfUtils.java:logGet(46)) - raft.server.sleep.deviation.threshold = 300ms (default)
2023-02-24 20:10:40,437 [pool-69-thread-1] INFO  server.RaftServer$Division (ServerState.java:<init>(118)) - 050a2386-abc0-44f5-8cc9-5549fa72667c@group-0F6BFDD8B04B: ConfigurationManager, init=-1: peers:[c4d23d98-1525-4b13-84f6-c163d1520877|rpc:10.1.1.26:40053|dataStream:10.1.1.26:46437|priority:0|startupRole:FOLLOWER, 050a2386-abc0-44f5-8cc9-5549fa72667c|rpc:10.1.1.26:39301|dataStream:10.1.1.26:42849|priority:1|startupRole:FOLLOWER, 1ecb19a6-f70e-45a1-a77e-d44e96361cb5|rpc:10.1.1.26:36117|dataStream:10.1.1.26:36215|priority:0|startupRole:FOLLOWER]|listeners:[], old=null, confs=<EMPTY_MAP>
2023-02-24 20:10:40,437 [pool-69-thread-1] INFO  server.RaftServerConfigKeys (ConfUtils.java:logGet(46)) - raft.server.storage.dir = [/home/runner/work/ozone/ozone/hadoop-ozone/integration-test/target/test-dir/MiniOzoneClusterImpl-ab6f6114-744a-42fd-85e1-7d45e58ce038/datanode-0/data/ratis] (custom)
2023-02-24 20:10:40,437 [pool-69-thread-1] INFO  server.RaftServerConfigKeys (ConfUtils.java:logGet(46)) - raft.server.log.corruption.policy = EXCEPTION (default)
2023-02-24 20:10:40,437 [pool-69-thread-1] INFO  server.RaftServerConfigKeys (ConfUtils.java:logGet(46)) - raft.server.storage.free-space.min = 0MB (=0) (default)
2023-02-24 20:10:40,437 [pool-69-thread-1] INFO  server.RaftServerConfigKeys (ConfUtils.java:logGet(46)) - raft.server.notification.no-leader.timeout = 300s (custom)
2023-02-24 20:10:40,437 [pool-69-thread-1] INFO  server.RaftServerConfigKeys (ConfUtils.java:logGet(46)) - raft.server.retrycache.expirytime = 600000ms (custom)
2023-02-24 20:10:40,437 [pool-69-thread-1] INFO  server.RaftServerConfigKeys (ConfUtils.java:logGet(46)) - raft.server.retrycache.statistics.expirytime = 100μs (default)
2023-02-24 20:10:40,438 [pool-69-thread-1] INFO  server.RaftServerConfigKeys (ConfUtils.java:logGet(46)) - raft.server.log.appender.install.snapshot.enabled = false (custom)
2023-02-24 20:10:40,438 [pool-69-thread-1] INFO  server.RaftServerConfigKeys (ConfUtils.java:logGet(46)) - raft.server.threadpool.server.cached = true (default)
2023-02-24 20:10:40,438 [pool-69-thread-1] INFO  server.RaftServerConfigKeys (ConfUtils.java:logGet(46)) - raft.server.threadpool.server.size = 0 (default)
2023-02-24 20:10:40,438 [pool-69-thread-1] INFO  server.RaftServerConfigKeys (ConfUtils.java:logGet(46)) - raft.server.threadpool.client.cached = true (default)
2023-02-24 20:10:40,438 [pool-69-thread-1] INFO  server.RaftServerConfigKeys (ConfUtils.java:logGet(46)) - raft.server.threadpool.client.size = 0 (default)
2023-02-24 20:10:40,438 [pool-69-thread-1] INFO  storage.RaftStorageDirectory (RaftStorageDirectoryImpl.java:analyzeStorage(137)) - The storage directory /home/runner/work/ozone/ozone/hadoop-ozone/integration-test/target/test-dir/MiniOzoneClusterImpl-ab6f6114-744a-42fd-85e1-7d45e58ce038/datanode-0/data/ratis/c6e6ba68-5493-494f-9c84-0f6bfdd8b04b does not exist. Creating ...
2023-02-24 20:10:40,443 [pool-69-thread-1] INFO  storage.RaftStorageDirectory (RaftStorageDirectoryImpl.java:tryLock(231)) - Lock on /home/runner/work/ozone/ozone/hadoop-ozone/integration-test/target/test-dir/MiniOzoneClusterImpl-ab6f6114-744a-42fd-85e1-7d45e58ce038/datanode-0/data/ratis/c6e6ba68-5493-494f-9c84-0f6bfdd8b04b/in_use.lock acquired by nodename 19927@fv-az204-30
2023-02-24 20:10:40,446 [pool-69-thread-1] INFO  storage.RaftStorage (RaftStorageImpl.java:format(96)) - Storage directory /home/runner/work/ozone/ozone/hadoop-ozone/integration-test/target/test-dir/MiniOzoneClusterImpl-ab6f6114-744a-42fd-85e1-7d45e58ce038/datanode-0/data/ratis/c6e6ba68-5493-494f-9c84-0f6bfdd8b04b has been successfully formatted.
2023-02-24 20:10:40,447 [pool-69-thread-1] INFO  ratis.ContainerStateMachine (ContainerStateMachine.java:loadSnapshot(240)) - group-0F6BFDD8B04B: The snapshot info is null. Setting the last applied indexto:(t:0, i:~)
2023-02-24 20:10:40,447 [pool-69-thread-1] INFO  server.RaftServerConfigKeys (ConfUtils.java:logGet(46)) - raft.server.log.use.memory = false (default)
2023-02-24 20:10:40,447 [pool-69-thread-1] INFO  server.RaftServerConfigKeys (ConfUtils.java:logGet(46)) - raft.server.log.purge.gap = 1000000 (custom)
2023-02-24 20:10:40,447 [pool-69-thread-1] INFO  server.RaftServerConfigKeys (ConfUtils.java:logGet(46)) - raft.server.log.appender.buffer.byte-limit = 33554432 (custom)
2023-02-24 20:10:40,447 [pool-69-thread-1] INFO  server.RaftServerConfigKeys (ConfUtils.java:logGet(46)) - raft.server.log.statemachine.data.read.timeout = 1000ms (default)
2023-02-24 20:10:40,447 [pool-69-thread-1] INFO  server.RaftServerConfigKeys (ConfUtils.java:logGet(46)) - raft.server.log.purge.preservation.log.num = 0 (default)
2023-02-24 20:10:40,447 [pool-69-thread-1] INFO  server.RaftServerConfigKeys (ConfUtils.java:logGet(46)) - raft.server.log.segment.size.max = 1048576 (custom)
2023-02-24 20:10:40,448 [pool-69-thread-1] INFO  server.RaftServerConfigKeys (ConfUtils.java:logGet(46)) - raft.server.log.segment.cache.num.max = 2 (custom)
2023-02-24 20:10:40,448 [pool-69-thread-1] INFO  server.RaftServerConfigKeys (ConfUtils.java:logGet(46)) - raft.server.log.segment.cache.size.max = 200MB (=209715200) (default)
2023-02-24 20:10:40,448 [pool-69-thread-1] INFO  segmented.SegmentedRaftLogWorker (SegmentedRaftLogWorker.java:<init>(189)) - new 050a2386-abc0-44f5-8cc9-5549fa72667c@group-0F6BFDD8B04B-SegmentedRaftLogWorker for RaftStorageImpl:Storage Directory /home/runner/work/ozone/ozone/hadoop-ozone/integration-test/target/test-dir/MiniOzoneClusterImpl-ab6f6114-744a-42fd-85e1-7d45e58ce038/datanode-0/data/ratis/c6e6ba68-5493-494f-9c84-0f6bfdd8b04b
2023-02-24 20:10:40,452 [pool-69-thread-1] INFO  server.RaftServerConfigKeys (ConfUtils.java:logGet(46)) - raft.server.log.queue.byte-limit = 4294967296 (custom)
2023-02-24 20:10:40,452 [pool-69-thread-1] INFO  server.RaftServerConfigKeys (ConfUtils.java:logGet(46)) - raft.server.log.queue.element-limit = 1024 (custom)
2023-02-24 20:10:40,452 [pool-69-thread-1] INFO  server.RaftServerConfigKeys (ConfUtils.java:logGet(46)) - raft.server.log.segment.size.max = 1048576 (custom)
2023-02-24 20:10:40,452 [pool-69-thread-1] INFO  server.RaftServerConfigKeys (ConfUtils.java:logGet(46)) - raft.server.log.preallocated.size = 16384 (custom)
2023-02-24 20:10:40,452 [pool-69-thread-1] INFO  server.RaftServerConfigKeys (ConfUtils.java:logGet(46)) - raft.server.log.force.sync.num = 128 (default)
2023-02-24 20:10:40,452 [pool-69-thread-1] INFO  server.RaftServerConfigKeys (ConfUtils.java:logGet(46)) - raft.server.log.statemachine.data.sync = true (default)
2023-02-24 20:10:40,452 [pool-69-thread-1] INFO  server.RaftServerConfigKeys (ConfUtils.java:logGet(46)) - raft.server.log.statemachine.data.sync.timeout = 10s (default)
2023-02-24 20:10:40,452 [pool-69-thread-1] INFO  server.RaftServerConfigKeys (ConfUtils.java:logGet(46)) - raft.server.log.statemachine.data.sync.timeout.retry = -1 (default)
2023-02-24 20:10:40,453 [pool-69-thread-1] INFO  server.RaftServerConfigKeys (ConfUtils.java:logGet(46)) - raft.server.log.write.buffer.size = 1048576 (custom)
2023-02-24 20:10:40,453 [pool-69-thread-1] INFO  server.RaftServerConfigKeys (ConfUtils.java:logGet(46)) - raft.server.log.appender.buffer.byte-limit = 33554432 (custom)
2023-02-24 20:10:40,456 [Command processor thread] INFO  commandhandler.CreatePipelineCommandHandler (CreatePipelineCommandHandler.java:handle(113)) - Created Pipeline RATIS THREE PipelineID=314e1146-4ded-45f6-9fa5-c367faa5c9d6.
2023-02-24 20:10:40,461 [Command processor thread] INFO  server.RaftServer (RaftServerProxy.java:addNew(96)) - c4d23d98-1525-4b13-84f6-c163d1520877: addNew group-0F6BFDD8B04B:[c4d23d98-1525-4b13-84f6-c163d1520877|rpc:10.1.1.26:40053|dataStream:10.1.1.26:46437|priority:0|startupRole:FOLLOWER, 050a2386-abc0-44f5-8cc9-5549fa72667c|rpc:10.1.1.26:39301|dataStream:10.1.1.26:42849|priority:1|startupRole:FOLLOWER, 1ecb19a6-f70e-45a1-a77e-d44e96361cb5|rpc:10.1.1.26:36117|dataStream:10.1.1.26:36215|priority:0|startupRole:FOLLOWER] returns group-0F6BFDD8B04B:java.util.concurrent.CompletableFuture@46bb2db2[Not completed]
2023-02-24 20:10:40,460 [pool-69-thread-1] INFO  server.RaftServerConfigKeys (ConfUtils.java:logGet(46)) - raft.server.log.unsafe-flush.enabled = false (default)
2023-02-24 20:10:40,463 [pool-91-thread-1] INFO  server.RaftServer$Division (RaftServerImpl.java:<init>(195)) - c4d23d98-1525-4b13-84f6-c163d1520877: new RaftServerImpl for group-0F6BFDD8B04B:[c4d23d98-1525-4b13-84f6-c163d1520877|rpc:10.1.1.26:40053|dataStream:10.1.1.26:46437|priority:0|startupRole:FOLLOWER, 050a2386-abc0-44f5-8cc9-5549fa72667c|rpc:10.1.1.26:39301|dataStream:10.1.1.26:42849|priority:1|startupRole:FOLLOWER, 1ecb19a6-f70e-45a1-a77e-d44e96361cb5|rpc:10.1.1.26:36117|dataStream:10.1.1.26:36215|priority:0|startupRole:FOLLOWER] with ContainerStateMachine:uninitialized
2023-02-24 20:10:40,465 [pool-91-thread-1] INFO  server.RaftServerConfigKeys (ConfUtils.java:logGet(46)) - raft.server.rpc.timeout.min = 5s (custom)
2023-02-24 20:10:40,465 [pool-91-thread-1] INFO  server.RaftServerConfigKeys (ConfUtils.java:logGet(46)) - raft.server.rpc.timeout.max = 5200ms (custom)
2023-02-24 20:10:40,465 [pool-91-thread-1] INFO  server.RaftServerConfigKeys (ConfUtils.java:logGet(46)) - raft.server.rpc.sleep.time = 25ms (default)
2023-02-24 20:10:40,465 [pool-91-thread-1] INFO  server.RaftServerConfigKeys (ConfUtils.java:logGet(46)) - raft.server.rpc.slowness.timeout = 300s (custom)
2023-02-24 20:10:40,465 [pool-91-thread-1] INFO  server.RaftServerConfigKeys (ConfUtils.java:logGet(46)) - raft.server.leaderelection.leader.step-down.wait-time = 10s (default)
2023-02-24 20:10:40,465 [pool-91-thread-1] INFO  server.RaftServerConfigKeys (ConfUtils.java:logGet(46)) - raft.server.sleep.deviation.threshold = 300ms (default)
2023-02-24 20:10:40,465 [pool-91-thread-1] INFO  server.RaftServer$Division (ServerState.java:<init>(118)) - c4d23d98-1525-4b13-84f6-c163d1520877@group-0F6BFDD8B04B: ConfigurationManager, init=-1: peers:[c4d23d98-1525-4b13-84f6-c163d1520877|rpc:10.1.1.26:40053|dataStream:10.1.1.26:46437|priority:0|startupRole:FOLLOWER, 050a2386-abc0-44f5-8cc9-5549fa72667c|rpc:10.1.1.26:39301|dataStream:10.1.1.26:42849|priority:1|startupRole:FOLLOWER, 1ecb19a6-f70e-45a1-a77e-d44e96361cb5|rpc:10.1.1.26:36117|dataStream:10.1.1.26:36215|priority:0|startupRole:FOLLOWER]|listeners:[], old=null, confs=<EMPTY_MAP>
2023-02-24 20:10:40,465 [pool-91-thread-1] INFO  server.RaftServerConfigKeys (ConfUtils.java:logGet(46)) - raft.server.storage.dir = [/home/runner/work/ozone/ozone/hadoop-ozone/integration-test/target/test-dir/MiniOzoneClusterImpl-ab6f6114-744a-42fd-85e1-7d45e58ce038/datanode-1/data/ratis] (custom)
2023-02-24 20:10:40,465 [pool-91-thread-1] INFO  server.RaftServerConfigKeys (ConfUtils.java:logGet(46)) - raft.server.log.corruption.policy = EXCEPTION (default)
2023-02-24 20:10:40,465 [pool-91-thread-1] INFO  server.RaftServerConfigKeys (ConfUtils.java:logGet(46)) - raft.server.storage.free-space.min = 0MB (=0) (default)
2023-02-24 20:10:40,466 [pool-91-thread-1] INFO  server.RaftServerConfigKeys (ConfUtils.java:logGet(46)) - raft.server.notification.no-leader.timeout = 300s (custom)
2023-02-24 20:10:40,466 [pool-91-thread-1] INFO  server.RaftServerConfigKeys (ConfUtils.java:logGet(46)) - raft.server.retrycache.expirytime = 600000ms (custom)
2023-02-24 20:10:40,466 [pool-91-thread-1] INFO  server.RaftServerConfigKeys (ConfUtils.java:logGet(46)) - raft.server.retrycache.statistics.expirytime = 100μs (default)
2023-02-24 20:10:40,466 [pool-91-thread-1] INFO  server.RaftServerConfigKeys (ConfUtils.java:logGet(46)) - raft.server.log.appender.install.snapshot.enabled = false (custom)
2023-02-24 20:10:40,466 [pool-91-thread-1] INFO  server.RaftServerConfigKeys (ConfUtils.java:logGet(46)) - raft.server.threadpool.server.cached = true (default)
2023-02-24 20:10:40,467 [pool-91-thread-1] INFO  server.RaftServerConfigKeys (ConfUtils.java:logGet(46)) - raft.server.threadpool.server.size = 0 (default)
2023-02-24 20:10:40,467 [pool-91-thread-1] INFO  server.RaftServerConfigKeys (ConfUtils.java:logGet(46)) - raft.server.threadpool.client.cached = true (default)
2023-02-24 20:10:40,467 [pool-91-thread-1] INFO  server.RaftServerConfigKeys (ConfUtils.java:logGet(46)) - raft.server.threadpool.client.size = 0 (default)
2023-02-24 20:10:40,467 [pool-91-thread-1] INFO  storage.RaftStorageDirectory (RaftStorageDirectoryImpl.java:analyzeStorage(137)) - The storage directory /home/runner/work/ozone/ozone/hadoop-ozone/integration-test/target/test-dir/MiniOzoneClusterImpl-ab6f6114-744a-42fd-85e1-7d45e58ce038/datanode-1/data/ratis/c6e6ba68-5493-494f-9c84-0f6bfdd8b04b does not exist. Creating ...
2023-02-24 20:10:40,462 [EventQueue-OpenPipelineForHealthyPipelineSafeModeRule] INFO  safemode.SCMSafeModeManager (HealthyPipelineSafeModeRule.java:process(137)) - SCM in safe mode. Healthy pipelines reported count is 0, required healthy pipeline reported count is 1
2023-02-24 20:10:40,469 [pool-91-thread-1] INFO  storage.RaftStorageDirectory (RaftStorageDirectoryImpl.java:tryLock(231)) - Lock on /home/runner/work/ozone/ozone/hadoop-ozone/integration-test/target/test-dir/MiniOzoneClusterImpl-ab6f6114-744a-42fd-85e1-7d45e58ce038/datanode-1/data/ratis/c6e6ba68-5493-494f-9c84-0f6bfdd8b04b/in_use.lock acquired by nodename 19927@fv-az204-30
2023-02-24 20:10:40,464 [pool-69-thread-1] INFO  server.RaftServerConfigKeys (ConfUtils.java:logGet(46)) - raft.server.log.async-flush.enabled = false (default)
2023-02-24 20:10:40,469 [pool-69-thread-1] INFO  server.RaftServerConfigKeys (ConfUtils.java:logGet(46)) - raft.server.log.statemachine.data.caching.enabled = true (custom)
2023-02-24 20:10:40,470 [pool-69-thread-1] INFO  segmented.SegmentedRaftLogWorker (SegmentedRaftLogWorker.java:lambda$new$0(135)) - 050a2386-abc0-44f5-8cc9-5549fa72667c@group-0F6BFDD8B04B-SegmentedRaftLogWorker: flushIndex: setUnconditionally 0 -> -1
2023-02-24 20:10:40,470 [pool-91-thread-1] INFO  storage.RaftStorage (RaftStorageImpl.java:format(96)) - Storage directory /home/runner/work/ozone/ozone/hadoop-ozone/integration-test/target/test-dir/MiniOzoneClusterImpl-ab6f6114-744a-42fd-85e1-7d45e58ce038/datanode-1/data/ratis/c6e6ba68-5493-494f-9c84-0f6bfdd8b04b has been successfully formatted.
2023-02-24 20:10:40,470 [pool-69-thread-1] INFO  segmented.SegmentedRaftLogWorker (SegmentedRaftLogWorker.java:lambda$new$0(135)) - 050a2386-abc0-44f5-8cc9-5549fa72667c@group-0F6BFDD8B04B-SegmentedRaftLogWorker: safeCacheEvictIndex: setUnconditionally 0 -> -1
2023-02-24 20:10:40,470 [pool-69-thread-1] INFO  server.RaftServer$Division (RaftServerImpl.java:start(334)) - 050a2386-abc0-44f5-8cc9-5549fa72667c@group-0F6BFDD8B04B: start as a follower, conf=-1: peers:[c4d23d98-1525-4b13-84f6-c163d1520877|rpc:10.1.1.26:40053|dataStream:10.1.1.26:46437|priority:0|startupRole:FOLLOWER, 050a2386-abc0-44f5-8cc9-5549fa72667c|rpc:10.1.1.26:39301|dataStream:10.1.1.26:42849|priority:1|startupRole:FOLLOWER, 1ecb19a6-f70e-45a1-a77e-d44e96361cb5|rpc:10.1.1.26:36117|dataStream:10.1.1.26:36215|priority:0|startupRole:FOLLOWER]|listeners:[], old=null
2023-02-24 20:10:40,470 [pool-69-thread-1] INFO  server.RaftServer$Division (RaftServerImpl.java:setRole(321)) - 050a2386-abc0-44f5-8cc9-5549fa72667c@group-0F6BFDD8B04B: changes role from      null to FOLLOWER at term 0 for startAsFollower
2023-02-24 20:10:40,470 [pool-69-thread-1] INFO  impl.RoleInfo (RoleInfo.java:updateAndGet(139)) - 050a2386-abc0-44f5-8cc9-5549fa72667c: start 050a2386-abc0-44f5-8cc9-5549fa72667c@group-0F6BFDD8B04B-FollowerState
2023-02-24 20:10:40,471 [pool-69-thread-1] INFO  util.JmxRegister (JmxRegister.java:tryRegister(44)) - Successfully registered JMX Bean with object name Ratis:service=RaftServer,group=group-0F6BFDD8B04B,id=050a2386-abc0-44f5-8cc9-5549fa72667c
2023-02-24 20:10:40,471 [pool-69-thread-1] INFO  server.RaftServerConfigKeys (ConfUtils.java:logGet(46)) - raft.server.snapshot.auto.trigger.enabled = true (custom)
2023-02-24 20:10:40,471 [pool-69-thread-1] INFO  server.RaftServerConfigKeys (ConfUtils.java:logGet(46)) - raft.server.snapshot.auto.trigger.threshold = 10000 (custom)
2023-02-24 20:10:40,471 [pool-69-thread-1] INFO  server.RaftServerConfigKeys (ConfUtils.java:logGet(46)) - raft.server.snapshot.retention.file.num = 5 (custom)
2023-02-24 20:10:40,471 [pool-69-thread-1] INFO  server.RaftServerConfigKeys (ConfUtils.java:logGet(46)) - raft.server.log.purge.upto.snapshot.index = false (default)
2023-02-24 20:10:40,471 [pool-91-thread-1] INFO  ratis.ContainerStateMachine (ContainerStateMachine.java:loadSnapshot(240)) - group-0F6BFDD8B04B: The snapshot info is null. Setting the last applied indexto:(t:0, i:~)
2023-02-24 20:10:40,476 [pool-91-thread-1] INFO  server.RaftServerConfigKeys (ConfUtils.java:logGet(46)) - raft.server.log.use.memory = false (default)
2023-02-24 20:10:40,476 [pool-91-thread-1] INFO  server.RaftServerConfigKeys (ConfUtils.java:logGet(46)) - raft.server.log.purge.gap = 1000000 (custom)
2023-02-24 20:10:40,476 [pool-91-thread-1] INFO  server.RaftServerConfigKeys (ConfUtils.java:logGet(46)) - raft.server.log.appender.buffer.byte-limit = 33554432 (custom)
2023-02-24 20:10:40,476 [pool-91-thread-1] INFO  server.RaftServerConfigKeys (ConfUtils.java:logGet(46)) - raft.server.log.statemachine.data.read.timeout = 1000ms (default)
2023-02-24 20:10:40,476 [pool-91-thread-1] INFO  server.RaftServerConfigKeys (ConfUtils.java:logGet(46)) - raft.server.log.purge.preservation.log.num = 0 (default)
2023-02-24 20:10:40,477 [pool-91-thread-1] INFO  server.RaftServerConfigKeys (ConfUtils.java:logGet(46)) - raft.server.log.segment.size.max = 1048576 (custom)
2023-02-24 20:10:40,477 [Command processor thread] INFO  ratis.XceiverServerRatis (XceiverServerRatis.java:addGroup(807)) - Created group PipelineID=c6e6ba68-5493-494f-9c84-0f6bfdd8b04b
2023-02-24 20:10:40,477 [pool-91-thread-1] INFO  server.RaftServerConfigKeys (ConfUtils.java:logGet(46)) - raft.server.log.segment.cache.num.max = 2 (custom)
2023-02-24 20:10:40,477 [pool-91-thread-1] INFO  server.RaftServerConfigKeys (ConfUtils.java:logGet(46)) - raft.server.log.segment.cache.size.max = 200MB (=209715200) (default)
2023-02-24 20:10:40,477 [pool-91-thread-1] INFO  segmented.SegmentedRaftLogWorker (SegmentedRaftLogWorker.java:<init>(189)) - new c4d23d98-1525-4b13-84f6-c163d1520877@group-0F6BFDD8B04B-SegmentedRaftLogWorker for RaftStorageImpl:Storage Directory /home/runner/work/ozone/ozone/hadoop-ozone/integration-test/target/test-dir/MiniOzoneClusterImpl-ab6f6114-744a-42fd-85e1-7d45e58ce038/datanode-1/data/ratis/c6e6ba68-5493-494f-9c84-0f6bfdd8b04b
2023-02-24 20:10:40,477 [pool-91-thread-1] INFO  server.RaftServerConfigKeys (ConfUtils.java:logGet(46)) - raft.server.log.queue.byte-limit = 4294967296 (custom)
2023-02-24 20:10:40,477 [pool-91-thread-1] INFO  server.RaftServerConfigKeys (ConfUtils.java:logGet(46)) - raft.server.log.queue.element-limit = 1024 (custom)
2023-02-24 20:10:40,477 [pool-91-thread-1] INFO  server.RaftServerConfigKeys (ConfUtils.java:logGet(46)) - raft.server.log.segment.size.max = 1048576 (custom)
2023-02-24 20:10:40,477 [pool-91-thread-1] INFO  server.RaftServerConfigKeys (ConfUtils.java:logGet(46)) - raft.server.log.preallocated.size = 16384 (custom)
2023-02-24 20:10:40,477 [pool-91-thread-1] INFO  server.RaftServerConfigKeys (ConfUtils.java:logGet(46)) - raft.server.log.force.sync.num = 128 (default)
2023-02-24 20:10:40,477 [pool-91-thread-1] INFO  server.RaftServerConfigKeys (ConfUtils.java:logGet(46)) - raft.server.log.statemachine.data.sync = true (default)
2023-02-24 20:10:40,477 [pool-91-thread-1] INFO  server.RaftServerConfigKeys (ConfUtils.java:logGet(46)) - raft.server.log.statemachine.data.sync.timeout = 10s (default)
2023-02-24 20:10:40,477 [pool-91-thread-1] INFO  server.RaftServerConfigKeys (ConfUtils.java:logGet(46)) - raft.server.log.statemachine.data.sync.timeout.retry = -1 (default)
2023-02-24 20:10:40,478 [pool-91-thread-1] INFO  server.RaftServerConfigKeys (ConfUtils.java:logGet(46)) - raft.server.log.write.buffer.size = 1048576 (custom)
2023-02-24 20:10:40,478 [pool-91-thread-1] INFO  server.RaftServerConfigKeys (ConfUtils.java:logGet(46)) - raft.server.log.appender.buffer.byte-limit = 33554432 (custom)
2023-02-24 20:10:40,484 [EventQueue-OpenPipelineForHealthyPipelineSafeModeRule] INFO  safemode.SCMSafeModeManager (HealthyPipelineSafeModeRule.java:process(137)) - SCM in safe mode. Healthy pipelines reported count is 0, required healthy pipeline reported count is 1
2023-02-24 20:10:40,484 [pool-91-thread-1] INFO  server.RaftServerConfigKeys (ConfUtils.java:logGet(46)) - raft.server.log.unsafe-flush.enabled = false (default)
2023-02-24 20:10:40,484 [pool-91-thread-1] INFO  server.RaftServerConfigKeys (ConfUtils.java:logGet(46)) - raft.server.log.async-flush.enabled = false (default)
2023-02-24 20:10:40,484 [pool-91-thread-1] INFO  server.RaftServerConfigKeys (ConfUtils.java:logGet(46)) - raft.server.log.statemachine.data.caching.enabled = true (custom)
2023-02-24 20:10:40,484 [pool-91-thread-1] INFO  segmented.SegmentedRaftLogWorker (SegmentedRaftLogWorker.java:lambda$new$0(135)) - c4d23d98-1525-4b13-84f6-c163d1520877@group-0F6BFDD8B04B-SegmentedRaftLogWorker: flushIndex: setUnconditionally 0 -> -1
2023-02-24 20:10:40,484 [pool-91-thread-1] INFO  segmented.SegmentedRaftLogWorker (SegmentedRaftLogWorker.java:lambda$new$0(135)) - c4d23d98-1525-4b13-84f6-c163d1520877@group-0F6BFDD8B04B-SegmentedRaftLogWorker: safeCacheEvictIndex: setUnconditionally 0 -> -1
2023-02-24 20:10:40,484 [050a2386-abc0-44f5-8cc9-5549fa72667c@group-0F6BFDD8B04B-FollowerState] INFO  server.RaftServerConfigKeys (ConfUtils.java:logFallback(53)) - raft.server.rpc.first-election.timeout.min = 5s (fallback to raft.server.rpc.timeout.min)
2023-02-24 20:10:40,487 [pool-91-thread-1] INFO  server.RaftServer$Division (RaftServerImpl.java:start(334)) - c4d23d98-1525-4b13-84f6-c163d1520877@group-0F6BFDD8B04B: start as a follower, conf=-1: peers:[c4d23d98-1525-4b13-84f6-c163d1520877|rpc:10.1.1.26:40053|dataStream:10.1.1.26:46437|priority:0|startupRole:FOLLOWER, 050a2386-abc0-44f5-8cc9-5549fa72667c|rpc:10.1.1.26:39301|dataStream:10.1.1.26:42849|priority:1|startupRole:FOLLOWER, 1ecb19a6-f70e-45a1-a77e-d44e96361cb5|rpc:10.1.1.26:36117|dataStream:10.1.1.26:36215|priority:0|startupRole:FOLLOWER]|listeners:[], old=null
2023-02-24 20:10:40,489 [pool-91-thread-1] INFO  server.RaftServer$Division (RaftServerImpl.java:setRole(321)) - c4d23d98-1525-4b13-84f6-c163d1520877@group-0F6BFDD8B04B: changes role from      null to FOLLOWER at term 0 for startAsFollower
2023-02-24 20:10:40,489 [pool-91-thread-1] INFO  impl.RoleInfo (RoleInfo.java:updateAndGet(139)) - c4d23d98-1525-4b13-84f6-c163d1520877: start c4d23d98-1525-4b13-84f6-c163d1520877@group-0F6BFDD8B04B-FollowerState
2023-02-24 20:10:40,489 [pool-91-thread-1] INFO  util.JmxRegister (JmxRegister.java:tryRegister(44)) - Successfully registered JMX Bean with object name Ratis:service=RaftServer,group=group-0F6BFDD8B04B,id=c4d23d98-1525-4b13-84f6-c163d1520877
2023-02-24 20:10:40,489 [pool-91-thread-1] INFO  server.RaftServerConfigKeys (ConfUtils.java:logGet(46)) - raft.server.snapshot.auto.trigger.enabled = true (custom)
2023-02-24 20:10:40,489 [pool-91-thread-1] INFO  server.RaftServerConfigKeys (ConfUtils.java:logGet(46)) - raft.server.snapshot.auto.trigger.threshold = 10000 (custom)
2023-02-24 20:10:40,489 [pool-91-thread-1] INFO  server.RaftServerConfigKeys (ConfUtils.java:logGet(46)) - raft.server.snapshot.retention.file.num = 5 (custom)
2023-02-24 20:10:40,490 [pool-91-thread-1] INFO  server.RaftServerConfigKeys (ConfUtils.java:logGet(46)) - raft.server.log.purge.upto.snapshot.index = false (default)
2023-02-24 20:10:40,490 [c4d23d98-1525-4b13-84f6-c163d1520877@group-0F6BFDD8B04B-FollowerState] INFO  server.RaftServerConfigKeys (ConfUtils.java:logFallback(53)) - raft.server.rpc.first-election.timeout.min = 5s (fallback to raft.server.rpc.timeout.min)
2023-02-24 20:10:40,487 [050a2386-abc0-44f5-8cc9-5549fa72667c@group-0F6BFDD8B04B-FollowerState] INFO  server.RaftServerConfigKeys (ConfUtils.java:logFallback(53)) - raft.server.rpc.first-election.timeout.max = 5200ms (fallback to raft.server.rpc.timeout.max)
2023-02-24 20:10:40,500 [c4d23d98-1525-4b13-84f6-c163d1520877@group-0F6BFDD8B04B-FollowerState] INFO  server.RaftServerConfigKeys (ConfUtils.java:logFallback(53)) - raft.server.rpc.first-election.timeout.max = 5200ms (fallback to raft.server.rpc.timeout.max)
2023-02-24 20:10:40,499 [Command processor thread] INFO  ratis.XceiverServerRatis (XceiverServerRatis.java:addGroup(807)) - Created group PipelineID=c6e6ba68-5493-494f-9c84-0f6bfdd8b04b
2023-02-24 20:10:40,521 [Command processor thread] INFO  commandhandler.CreatePipelineCommandHandler (CreatePipelineCommandHandler.java:handle(113)) - Created Pipeline RATIS THREE PipelineID=314e1146-4ded-45f6-9fa5-c367faa5c9d6.
2023-02-24 20:10:40,521 [Command processor thread] INFO  server.RaftServer (RaftServerProxy.java:addNew(96)) - 1ecb19a6-f70e-45a1-a77e-d44e96361cb5: addNew group-0F6BFDD8B04B:[c4d23d98-1525-4b13-84f6-c163d1520877|rpc:10.1.1.26:40053|dataStream:10.1.1.26:46437|priority:0|startupRole:FOLLOWER, 050a2386-abc0-44f5-8cc9-5549fa72667c|rpc:10.1.1.26:39301|dataStream:10.1.1.26:42849|priority:1|startupRole:FOLLOWER, 1ecb19a6-f70e-45a1-a77e-d44e96361cb5|rpc:10.1.1.26:36117|dataStream:10.1.1.26:36215|priority:0|startupRole:FOLLOWER] returns group-0F6BFDD8B04B:java.util.concurrent.CompletableFuture@2ce3a7cb[Not completed]
2023-02-24 20:10:40,522 [pool-113-thread-1] INFO  server.RaftServer$Division (RaftServerImpl.java:<init>(195)) - 1ecb19a6-f70e-45a1-a77e-d44e96361cb5: new RaftServerImpl for group-0F6BFDD8B04B:[c4d23d98-1525-4b13-84f6-c163d1520877|rpc:10.1.1.26:40053|dataStream:10.1.1.26:46437|priority:0|startupRole:FOLLOWER, 050a2386-abc0-44f5-8cc9-5549fa72667c|rpc:10.1.1.26:39301|dataStream:10.1.1.26:42849|priority:1|startupRole:FOLLOWER, 1ecb19a6-f70e-45a1-a77e-d44e96361cb5|rpc:10.1.1.26:36117|dataStream:10.1.1.26:36215|priority:0|startupRole:FOLLOWER] with ContainerStateMachine:uninitialized
2023-02-24 20:10:40,522 [pool-113-thread-1] INFO  server.RaftServerConfigKeys (ConfUtils.java:logGet(46)) - raft.server.rpc.timeout.min = 5s (custom)
2023-02-24 20:10:40,522 [pool-113-thread-1] INFO  server.RaftServerConfigKeys (ConfUtils.java:logGet(46)) - raft.server.rpc.timeout.max = 5200ms (custom)
2023-02-24 20:10:40,522 [pool-113-thread-1] INFO  server.RaftServerConfigKeys (ConfUtils.java:logGet(46)) - raft.server.rpc.sleep.time = 25ms (default)
2023-02-24 20:10:40,522 [pool-113-thread-1] INFO  server.RaftServerConfigKeys (ConfUtils.java:logGet(46)) - raft.server.rpc.slowness.timeout = 300s (custom)
2023-02-24 20:10:40,522 [pool-113-thread-1] INFO  server.RaftServerConfigKeys (ConfUtils.java:logGet(46)) - raft.server.leaderelection.leader.step-down.wait-time = 10s (default)
2023-02-24 20:10:40,522 [pool-113-thread-1] INFO  server.RaftServerConfigKeys (ConfUtils.java:logGet(46)) - raft.server.sleep.deviation.threshold = 300ms (default)
2023-02-24 20:10:40,522 [pool-113-thread-1] INFO  server.RaftServer$Division (ServerState.java:<init>(118)) - 1ecb19a6-f70e-45a1-a77e-d44e96361cb5@group-0F6BFDD8B04B: ConfigurationManager, init=-1: peers:[c4d23d98-1525-4b13-84f6-c163d1520877|rpc:10.1.1.26:40053|dataStream:10.1.1.26:46437|priority:0|startupRole:FOLLOWER, 050a2386-abc0-44f5-8cc9-5549fa72667c|rpc:10.1.1.26:39301|dataStream:10.1.1.26:42849|priority:1|startupRole:FOLLOWER, 1ecb19a6-f70e-45a1-a77e-d44e96361cb5|rpc:10.1.1.26:36117|dataStream:10.1.1.26:36215|priority:0|startupRole:FOLLOWER]|listeners:[], old=null, confs=<EMPTY_MAP>
2023-02-24 20:10:40,523 [pool-113-thread-1] INFO  server.RaftServerConfigKeys (ConfUtils.java:logGet(46)) - raft.server.storage.dir = [/home/runner/work/ozone/ozone/hadoop-ozone/integration-test/target/test-dir/MiniOzoneClusterImpl-ab6f6114-744a-42fd-85e1-7d45e58ce038/datanode-2/data/ratis] (custom)
2023-02-24 20:10:40,523 [pool-113-thread-1] INFO  server.RaftServerConfigKeys (ConfUtils.java:logGet(46)) - raft.server.log.corruption.policy = EXCEPTION (default)
2023-02-24 20:10:40,523 [pool-113-thread-1] INFO  server.RaftServerConfigKeys (ConfUtils.java:logGet(46)) - raft.server.storage.free-space.min = 0MB (=0) (default)
2023-02-24 20:10:40,523 [pool-113-thread-1] INFO  server.RaftServerConfigKeys (ConfUtils.java:logGet(46)) - raft.server.notification.no-leader.timeout = 300s (custom)
2023-02-24 20:10:40,523 [pool-113-thread-1] INFO  server.RaftServerConfigKeys (ConfUtils.java:logGet(46)) - raft.server.retrycache.expirytime = 600000ms (custom)
2023-02-24 20:10:40,523 [pool-113-thread-1] INFO  server.RaftServerConfigKeys (ConfUtils.java:logGet(46)) - raft.server.retrycache.statistics.expirytime = 100μs (default)
2023-02-24 20:10:40,524 [pool-113-thread-1] INFO  server.RaftServerConfigKeys (ConfUtils.java:logGet(46)) - raft.server.log.appender.install.snapshot.enabled = false (custom)
2023-02-24 20:10:40,524 [pool-113-thread-1] INFO  server.RaftServerConfigKeys (ConfUtils.java:logGet(46)) - raft.server.threadpool.server.cached = true (default)
2023-02-24 20:10:40,524 [pool-113-thread-1] INFO  server.RaftServerConfigKeys (ConfUtils.java:logGet(46)) - raft.server.threadpool.server.size = 0 (default)
2023-02-24 20:10:40,524 [pool-113-thread-1] INFO  server.RaftServerConfigKeys (ConfUtils.java:logGet(46)) - raft.server.threadpool.client.cached = true (default)
2023-02-24 20:10:40,524 [pool-113-thread-1] INFO  server.RaftServerConfigKeys (ConfUtils.java:logGet(46)) - raft.server.threadpool.client.size = 0 (default)
2023-02-24 20:10:40,524 [pool-113-thread-1] INFO  storage.RaftStorageDirectory (RaftStorageDirectoryImpl.java:analyzeStorage(137)) - The storage directory /home/runner/work/ozone/ozone/hadoop-ozone/integration-test/target/test-dir/MiniOzoneClusterImpl-ab6f6114-744a-42fd-85e1-7d45e58ce038/datanode-2/data/ratis/c6e6ba68-5493-494f-9c84-0f6bfdd8b04b does not exist. Creating ...
2023-02-24 20:10:40,525 [pool-113-thread-1] INFO  storage.RaftStorageDirectory (RaftStorageDirectoryImpl.java:tryLock(231)) - Lock on /home/runner/work/ozone/ozone/hadoop-ozone/integration-test/target/test-dir/MiniOzoneClusterImpl-ab6f6114-744a-42fd-85e1-7d45e58ce038/datanode-2/data/ratis/c6e6ba68-5493-494f-9c84-0f6bfdd8b04b/in_use.lock acquired by nodename 19927@fv-az204-30
2023-02-24 20:10:40,527 [pool-113-thread-1] INFO  storage.RaftStorage (RaftStorageImpl.java:format(96)) - Storage directory /home/runner/work/ozone/ozone/hadoop-ozone/integration-test/target/test-dir/MiniOzoneClusterImpl-ab6f6114-744a-42fd-85e1-7d45e58ce038/datanode-2/data/ratis/c6e6ba68-5493-494f-9c84-0f6bfdd8b04b has been successfully formatted.
2023-02-24 20:10:40,527 [pool-113-thread-1] INFO  ratis.ContainerStateMachine (ContainerStateMachine.java:loadSnapshot(240)) - group-0F6BFDD8B04B: The snapshot info is null. Setting the last applied indexto:(t:0, i:~)
2023-02-24 20:10:40,527 [pool-113-thread-1] INFO  server.RaftServerConfigKeys (ConfUtils.java:logGet(46)) - raft.server.log.use.memory = false (default)
2023-02-24 20:10:40,527 [pool-113-thread-1] INFO  server.RaftServerConfigKeys (ConfUtils.java:logGet(46)) - raft.server.log.purge.gap = 1000000 (custom)
2023-02-24 20:10:40,528 [pool-113-thread-1] INFO  server.RaftServerConfigKeys (ConfUtils.java:logGet(46)) - raft.server.log.appender.buffer.byte-limit = 33554432 (custom)
2023-02-24 20:10:40,528 [pool-113-thread-1] INFO  server.RaftServerConfigKeys (ConfUtils.java:logGet(46)) - raft.server.log.statemachine.data.read.timeout = 1000ms (default)
2023-02-24 20:10:40,528 [pool-113-thread-1] INFO  server.RaftServerConfigKeys (ConfUtils.java:logGet(46)) - raft.server.log.purge.preservation.log.num = 0 (default)
2023-02-24 20:10:40,528 [pool-113-thread-1] INFO  server.RaftServerConfigKeys (ConfUtils.java:logGet(46)) - raft.server.log.segment.size.max = 1048576 (custom)
2023-02-24 20:10:40,529 [pool-113-thread-1] INFO  server.RaftServerConfigKeys (ConfUtils.java:logGet(46)) - raft.server.log.segment.cache.num.max = 2 (custom)
2023-02-24 20:10:40,529 [pool-113-thread-1] INFO  server.RaftServerConfigKeys (ConfUtils.java:logGet(46)) - raft.server.log.segment.cache.size.max = 200MB (=209715200) (default)
2023-02-24 20:10:40,529 [pool-113-thread-1] INFO  segmented.SegmentedRaftLogWorker (SegmentedRaftLogWorker.java:<init>(189)) - new 1ecb19a6-f70e-45a1-a77e-d44e96361cb5@group-0F6BFDD8B04B-SegmentedRaftLogWorker for RaftStorageImpl:Storage Directory /home/runner/work/ozone/ozone/hadoop-ozone/integration-test/target/test-dir/MiniOzoneClusterImpl-ab6f6114-744a-42fd-85e1-7d45e58ce038/datanode-2/data/ratis/c6e6ba68-5493-494f-9c84-0f6bfdd8b04b
2023-02-24 20:10:40,529 [pool-113-thread-1] INFO  server.RaftServerConfigKeys (ConfUtils.java:logGet(46)) - raft.server.log.queue.byte-limit = 4294967296 (custom)
2023-02-24 20:10:40,529 [pool-113-thread-1] INFO  server.RaftServerConfigKeys (ConfUtils.java:logGet(46)) - raft.server.log.queue.element-limit = 1024 (custom)
2023-02-24 20:10:40,529 [pool-113-thread-1] INFO  server.RaftServerConfigKeys (ConfUtils.java:logGet(46)) - raft.server.log.segment.size.max = 1048576 (custom)
2023-02-24 20:10:40,529 [pool-113-thread-1] INFO  server.RaftServerConfigKeys (ConfUtils.java:logGet(46)) - raft.server.log.preallocated.size = 16384 (custom)
2023-02-24 20:10:40,529 [pool-113-thread-1] INFO  server.RaftServerConfigKeys (ConfUtils.java:logGet(46)) - raft.server.log.force.sync.num = 128 (default)
2023-02-24 20:10:40,529 [pool-113-thread-1] INFO  server.RaftServerConfigKeys (ConfUtils.java:logGet(46)) - raft.server.log.statemachine.data.sync = true (default)
2023-02-24 20:10:40,529 [pool-113-thread-1] INFO  server.RaftServerConfigKeys (ConfUtils.java:logGet(46)) - raft.server.log.statemachine.data.sync.timeout = 10s (default)
2023-02-24 20:10:40,529 [pool-113-thread-1] INFO  server.RaftServerConfigKeys (ConfUtils.java:logGet(46)) - raft.server.log.statemachine.data.sync.timeout.retry = -1 (default)
2023-02-24 20:10:40,530 [pool-113-thread-1] INFO  server.RaftServerConfigKeys (ConfUtils.java:logGet(46)) - raft.server.log.write.buffer.size = 1048576 (custom)
2023-02-24 20:10:40,531 [pool-113-thread-1] INFO  server.RaftServerConfigKeys (ConfUtils.java:logGet(46)) - raft.server.log.appender.buffer.byte-limit = 33554432 (custom)
2023-02-24 20:10:40,534 [pool-113-thread-1] INFO  server.RaftServerConfigKeys (ConfUtils.java:logGet(46)) - raft.server.log.unsafe-flush.enabled = false (default)
2023-02-24 20:10:40,534 [pool-113-thread-1] INFO  server.RaftServerConfigKeys (ConfUtils.java:logGet(46)) - raft.server.log.async-flush.enabled = false (default)
2023-02-24 20:10:40,534 [pool-113-thread-1] INFO  server.RaftServerConfigKeys (ConfUtils.java:logGet(46)) - raft.server.log.statemachine.data.caching.enabled = true (custom)
2023-02-24 20:10:40,534 [pool-113-thread-1] INFO  segmented.SegmentedRaftLogWorker (SegmentedRaftLogWorker.java:lambda$new$0(135)) - 1ecb19a6-f70e-45a1-a77e-d44e96361cb5@group-0F6BFDD8B04B-SegmentedRaftLogWorker: flushIndex: setUnconditionally 0 -> -1
2023-02-24 20:10:40,534 [pool-113-thread-1] INFO  segmented.SegmentedRaftLogWorker (SegmentedRaftLogWorker.java:lambda$new$0(135)) - 1ecb19a6-f70e-45a1-a77e-d44e96361cb5@group-0F6BFDD8B04B-SegmentedRaftLogWorker: safeCacheEvictIndex: setUnconditionally 0 -> -1
2023-02-24 20:10:40,536 [pool-113-thread-1] INFO  server.RaftServer$Division (RaftServerImpl.java:start(334)) - 1ecb19a6-f70e-45a1-a77e-d44e96361cb5@group-0F6BFDD8B04B: start as a follower, conf=-1: peers:[c4d23d98-1525-4b13-84f6-c163d1520877|rpc:10.1.1.26:40053|dataStream:10.1.1.26:46437|priority:0|startupRole:FOLLOWER, 050a2386-abc0-44f5-8cc9-5549fa72667c|rpc:10.1.1.26:39301|dataStream:10.1.1.26:42849|priority:1|startupRole:FOLLOWER, 1ecb19a6-f70e-45a1-a77e-d44e96361cb5|rpc:10.1.1.26:36117|dataStream:10.1.1.26:36215|priority:0|startupRole:FOLLOWER]|listeners:[], old=null
2023-02-24 20:10:40,536 [pool-113-thread-1] INFO  server.RaftServer$Division (RaftServerImpl.java:setRole(321)) - 1ecb19a6-f70e-45a1-a77e-d44e96361cb5@group-0F6BFDD8B04B: changes role from      null to FOLLOWER at term 0 for startAsFollower
2023-02-24 20:10:40,536 [pool-113-thread-1] INFO  impl.RoleInfo (RoleInfo.java:updateAndGet(139)) - 1ecb19a6-f70e-45a1-a77e-d44e96361cb5: start 1ecb19a6-f70e-45a1-a77e-d44e96361cb5@group-0F6BFDD8B04B-FollowerState
2023-02-24 20:10:40,539 [pool-113-thread-1] INFO  util.JmxRegister (JmxRegister.java:tryRegister(44)) - Successfully registered JMX Bean with object name Ratis:service=RaftServer,group=group-0F6BFDD8B04B,id=1ecb19a6-f70e-45a1-a77e-d44e96361cb5
2023-02-24 20:10:40,539 [pool-113-thread-1] INFO  server.RaftServerConfigKeys (ConfUtils.java:logGet(46)) - raft.server.snapshot.auto.trigger.enabled = true (custom)
2023-02-24 20:10:40,540 [pool-113-thread-1] INFO  server.RaftServerConfigKeys (ConfUtils.java:logGet(46)) - raft.server.snapshot.auto.trigger.threshold = 10000 (custom)
2023-02-24 20:10:40,540 [pool-113-thread-1] INFO  server.RaftServerConfigKeys (ConfUtils.java:logGet(46)) - raft.server.snapshot.retention.file.num = 5 (custom)
2023-02-24 20:10:40,540 [pool-113-thread-1] INFO  server.RaftServerConfigKeys (ConfUtils.java:logGet(46)) - raft.server.log.purge.upto.snapshot.index = false (default)
2023-02-24 20:10:40,540 [1ecb19a6-f70e-45a1-a77e-d44e96361cb5@group-0F6BFDD8B04B-FollowerState] INFO  server.RaftServerConfigKeys (ConfUtils.java:logFallback(53)) - raft.server.rpc.first-election.timeout.min = 5s (fallback to raft.server.rpc.timeout.min)
2023-02-24 20:10:40,549 [EventQueue-OpenPipelineForHealthyPipelineSafeModeRule] INFO  safemode.SCMSafeModeManager (HealthyPipelineSafeModeRule.java:process(137)) - SCM in safe mode. Healthy pipelines reported count is 0, required healthy pipeline reported count is 1
2023-02-24 20:10:40,540 [Command processor thread] INFO  ratis.XceiverServerRatis (XceiverServerRatis.java:addGroup(807)) - Created group PipelineID=c6e6ba68-5493-494f-9c84-0f6bfdd8b04b
2023-02-24 20:10:40,554 [1ecb19a6-f70e-45a1-a77e-d44e96361cb5@group-0F6BFDD8B04B-FollowerState] INFO  server.RaftServerConfigKeys (ConfUtils.java:logFallback(53)) - raft.server.rpc.first-election.timeout.max = 5200ms (fallback to raft.server.rpc.timeout.max)
2023-02-24 20:10:40,554 [Command processor thread] INFO  server.RaftServer (RaftServerProxy.java:addNew(96)) - da31d728-c4b4-485e-b457-41dedce51e8b: addNew group-DD03463B6649:[da31d728-c4b4-485e-b457-41dedce51e8b|rpc:10.1.1.26:36499|dataStream:10.1.1.26:41933|priority:1|startupRole:FOLLOWER] returns group-DD03463B6649:java.util.concurrent.CompletableFuture@59d5ff87[Not completed]
2023-02-24 20:10:40,580 [pool-135-thread-1] INFO  server.RaftServer$Division (RaftServerImpl.java:<init>(195)) - da31d728-c4b4-485e-b457-41dedce51e8b: new RaftServerImpl for group-DD03463B6649:[da31d728-c4b4-485e-b457-41dedce51e8b|rpc:10.1.1.26:36499|dataStream:10.1.1.26:41933|priority:1|startupRole:FOLLOWER] with ContainerStateMachine:uninitialized
2023-02-24 20:10:40,580 [pool-135-thread-1] INFO  server.RaftServerConfigKeys (ConfUtils.java:logGet(46)) - raft.server.rpc.timeout.min = 5s (custom)
2023-02-24 20:10:40,580 [pool-135-thread-1] INFO  server.RaftServerConfigKeys (ConfUtils.java:logGet(46)) - raft.server.rpc.timeout.max = 5200ms (custom)
2023-02-24 20:10:40,580 [pool-135-thread-1] INFO  server.RaftServerConfigKeys (ConfUtils.java:logGet(46)) - raft.server.rpc.sleep.time = 25ms (default)
2023-02-24 20:10:40,580 [pool-135-thread-1] INFO  server.RaftServerConfigKeys (ConfUtils.java:logGet(46)) - raft.server.rpc.slowness.timeout = 300s (custom)
2023-02-24 20:10:40,580 [pool-135-thread-1] INFO  server.RaftServerConfigKeys (ConfUtils.java:logGet(46)) - raft.server.leaderelection.leader.step-down.wait-time = 10s (default)
2023-02-24 20:10:40,580 [pool-135-thread-1] INFO  server.RaftServerConfigKeys (ConfUtils.java:logGet(46)) - raft.server.sleep.deviation.threshold = 300ms (default)
2023-02-24 20:10:40,580 [pool-135-thread-1] INFO  server.RaftServer$Division (ServerState.java:<init>(118)) - da31d728-c4b4-485e-b457-41dedce51e8b@group-DD03463B6649: ConfigurationManager, init=-1: peers:[da31d728-c4b4-485e-b457-41dedce51e8b|rpc:10.1.1.26:36499|dataStream:10.1.1.26:41933|priority:1|startupRole:FOLLOWER]|listeners:[], old=null, confs=<EMPTY_MAP>
2023-02-24 20:10:40,580 [pool-135-thread-1] INFO  server.RaftServerConfigKeys (ConfUtils.java:logGet(46)) - raft.server.storage.dir = [/home/runner/work/ozone/ozone/hadoop-ozone/integration-test/target/test-dir/MiniOzoneClusterImpl-ab6f6114-744a-42fd-85e1-7d45e58ce038/datanode-3/data/ratis] (custom)
2023-02-24 20:10:40,580 [pool-135-thread-1] INFO  server.RaftServerConfigKeys (ConfUtils.java:logGet(46)) - raft.server.log.corruption.policy = EXCEPTION (default)
2023-02-24 20:10:40,580 [pool-135-thread-1] INFO  server.RaftServerConfigKeys (ConfUtils.java:logGet(46)) - raft.server.storage.free-space.min = 0MB (=0) (default)
2023-02-24 20:10:40,580 [pool-135-thread-1] INFO  server.RaftServerConfigKeys (ConfUtils.java:logGet(46)) - raft.server.notification.no-leader.timeout = 300s (custom)
2023-02-24 20:10:40,580 [pool-135-thread-1] INFO  server.RaftServerConfigKeys (ConfUtils.java:logGet(46)) - raft.server.retrycache.expirytime = 600000ms (custom)
2023-02-24 20:10:40,581 [pool-135-thread-1] INFO  server.RaftServerConfigKeys (ConfUtils.java:logGet(46)) - raft.server.retrycache.statistics.expirytime = 100μs (default)
2023-02-24 20:10:40,589 [pool-135-thread-1] INFO  server.RaftServerConfigKeys (ConfUtils.java:logGet(46)) - raft.server.log.appender.install.snapshot.enabled = false (custom)
2023-02-24 20:10:40,589 [pool-135-thread-1] INFO  server.RaftServerConfigKeys (ConfUtils.java:logGet(46)) - raft.server.threadpool.server.cached = true (default)
2023-02-24 20:10:40,589 [pool-135-thread-1] INFO  server.RaftServerConfigKeys (ConfUtils.java:logGet(46)) - raft.server.threadpool.server.size = 0 (default)
2023-02-24 20:10:40,589 [pool-135-thread-1] INFO  server.RaftServerConfigKeys (ConfUtils.java:logGet(46)) - raft.server.threadpool.client.cached = true (default)
2023-02-24 20:10:40,589 [pool-135-thread-1] INFO  server.RaftServerConfigKeys (ConfUtils.java:logGet(46)) - raft.server.threadpool.client.size = 0 (default)
2023-02-24 20:10:40,589 [pool-135-thread-1] INFO  storage.RaftStorageDirectory (RaftStorageDirectoryImpl.java:analyzeStorage(137)) - The storage directory /home/runner/work/ozone/ozone/hadoop-ozone/integration-test/target/test-dir/MiniOzoneClusterImpl-ab6f6114-744a-42fd-85e1-7d45e58ce038/datanode-3/data/ratis/a55bbb5b-3fd5-4f7b-b115-dd03463b6649 does not exist. Creating ...
2023-02-24 20:10:40,595 [pool-135-thread-1] INFO  storage.RaftStorageDirectory (RaftStorageDirectoryImpl.java:tryLock(231)) - Lock on /home/runner/work/ozone/ozone/hadoop-ozone/integration-test/target/test-dir/MiniOzoneClusterImpl-ab6f6114-744a-42fd-85e1-7d45e58ce038/datanode-3/data/ratis/a55bbb5b-3fd5-4f7b-b115-dd03463b6649/in_use.lock acquired by nodename 19927@fv-az204-30
2023-02-24 20:10:40,596 [pool-135-thread-1] INFO  storage.RaftStorage (RaftStorageImpl.java:format(96)) - Storage directory /home/runner/work/ozone/ozone/hadoop-ozone/integration-test/target/test-dir/MiniOzoneClusterImpl-ab6f6114-744a-42fd-85e1-7d45e58ce038/datanode-3/data/ratis/a55bbb5b-3fd5-4f7b-b115-dd03463b6649 has been successfully formatted.
2023-02-24 20:10:40,598 [pool-135-thread-1] INFO  ratis.ContainerStateMachine (ContainerStateMachine.java:loadSnapshot(240)) - group-DD03463B6649: The snapshot info is null. Setting the last applied indexto:(t:0, i:~)
2023-02-24 20:10:40,598 [pool-135-thread-1] INFO  server.RaftServerConfigKeys (ConfUtils.java:logGet(46)) - raft.server.log.use.memory = false (default)
2023-02-24 20:10:40,598 [pool-135-thread-1] INFO  server.RaftServerConfigKeys (ConfUtils.java:logGet(46)) - raft.server.log.purge.gap = 1000000 (custom)
2023-02-24 20:10:40,598 [pool-135-thread-1] INFO  server.RaftServerConfigKeys (ConfUtils.java:logGet(46)) - raft.server.log.appender.buffer.byte-limit = 33554432 (custom)
2023-02-24 20:10:40,598 [pool-135-thread-1] INFO  server.RaftServerConfigKeys (ConfUtils.java:logGet(46)) - raft.server.log.statemachine.data.read.timeout = 1000ms (default)
2023-02-24 20:10:40,599 [pool-135-thread-1] INFO  server.RaftServerConfigKeys (ConfUtils.java:logGet(46)) - raft.server.log.purge.preservation.log.num = 0 (default)
2023-02-24 20:10:40,599 [pool-135-thread-1] INFO  server.RaftServerConfigKeys (ConfUtils.java:logGet(46)) - raft.server.log.segment.size.max = 1048576 (custom)
2023-02-24 20:10:40,600 [EventQueue-PipelineReportForPipelineReportHandler] INFO  pipeline.PipelineManagerImpl (PipelineManagerImpl.java:openPipeline(367)) - Pipeline Pipeline[ Id: a55bbb5b-3fd5-4f7b-b115-dd03463b6649, Nodes: da31d728-c4b4-485e-b457-41dedce51e8b(fv-az204-30/10.1.1.26), ReplicationConfig: RATIS/ONE, State:ALLOCATED, leaderId:da31d728-c4b4-485e-b457-41dedce51e8b, CreationTimestamp2023-02-24T20:10:37.555Z[Etc/UTC]] moved to OPEN state
2023-02-24 20:10:40,609 [pool-135-thread-1] INFO  server.RaftServerConfigKeys (ConfUtils.java:logGet(46)) - raft.server.log.segment.cache.num.max = 2 (custom)
2023-02-24 20:10:40,609 [pool-135-thread-1] INFO  server.RaftServerConfigKeys (ConfUtils.java:logGet(46)) - raft.server.log.segment.cache.size.max = 200MB (=209715200) (default)
2023-02-24 20:10:40,609 [pool-135-thread-1] INFO  segmented.SegmentedRaftLogWorker (SegmentedRaftLogWorker.java:<init>(189)) - new da31d728-c4b4-485e-b457-41dedce51e8b@group-DD03463B6649-SegmentedRaftLogWorker for RaftStorageImpl:Storage Directory /home/runner/work/ozone/ozone/hadoop-ozone/integration-test/target/test-dir/MiniOzoneClusterImpl-ab6f6114-744a-42fd-85e1-7d45e58ce038/datanode-3/data/ratis/a55bbb5b-3fd5-4f7b-b115-dd03463b6649
2023-02-24 20:10:40,609 [pool-135-thread-1] INFO  server.RaftServerConfigKeys (ConfUtils.java:logGet(46)) - raft.server.log.queue.byte-limit = 4294967296 (custom)
2023-02-24 20:10:40,609 [pool-135-thread-1] INFO  server.RaftServerConfigKeys (ConfUtils.java:logGet(46)) - raft.server.log.queue.element-limit = 1024 (custom)
2023-02-24 20:10:40,609 [pool-135-thread-1] INFO  server.RaftServerConfigKeys (ConfUtils.java:logGet(46)) - raft.server.log.segment.size.max = 1048576 (custom)
2023-02-24 20:10:40,609 [pool-135-thread-1] INFO  server.RaftServerConfigKeys (ConfUtils.java:logGet(46)) - raft.server.log.preallocated.size = 16384 (custom)
2023-02-24 20:10:40,609 [EventQueue-OpenPipelineForHealthyPipelineSafeModeRule] INFO  safemode.SCMSafeModeManager (HealthyPipelineSafeModeRule.java:process(137)) - SCM in safe mode. Healthy pipelines reported count is 0, required healthy pipeline reported count is 1
2023-02-24 20:10:40,609 [pool-135-thread-1] INFO  server.RaftServerConfigKeys (ConfUtils.java:logGet(46)) - raft.server.log.force.sync.num = 128 (default)
2023-02-24 20:10:40,609 [pool-135-thread-1] INFO  server.RaftServerConfigKeys (ConfUtils.java:logGet(46)) - raft.server.log.statemachine.data.sync = true (default)
2023-02-24 20:10:40,609 [pool-135-thread-1] INFO  server.RaftServerConfigKeys (ConfUtils.java:logGet(46)) - raft.server.log.statemachine.data.sync.timeout = 10s (default)
2023-02-24 20:10:40,609 [pool-135-thread-1] INFO  server.RaftServerConfigKeys (ConfUtils.java:logGet(46)) - raft.server.log.statemachine.data.sync.timeout.retry = -1 (default)
2023-02-24 20:10:40,610 [pool-135-thread-1] INFO  server.RaftServerConfigKeys (ConfUtils.java:logGet(46)) - raft.server.log.write.buffer.size = 1048576 (custom)
2023-02-24 20:10:40,611 [pool-135-thread-1] INFO  server.RaftServerConfigKeys (ConfUtils.java:logGet(46)) - raft.server.log.appender.buffer.byte-limit = 33554432 (custom)
2023-02-24 20:10:40,613 [pool-135-thread-1] INFO  server.RaftServerConfigKeys (ConfUtils.java:logGet(46)) - raft.server.log.unsafe-flush.enabled = false (default)
2023-02-24 20:10:40,613 [pool-135-thread-1] INFO  server.RaftServerConfigKeys (ConfUtils.java:logGet(46)) - raft.server.log.async-flush.enabled = false (default)
2023-02-24 20:10:40,613 [pool-135-thread-1] INFO  server.RaftServerConfigKeys (ConfUtils.java:logGet(46)) - raft.server.log.statemachine.data.caching.enabled = true (custom)
2023-02-24 20:10:40,614 [pool-135-thread-1] INFO  segmented.SegmentedRaftLogWorker (SegmentedRaftLogWorker.java:lambda$new$0(135)) - da31d728-c4b4-485e-b457-41dedce51e8b@group-DD03463B6649-SegmentedRaftLogWorker: flushIndex: setUnconditionally 0 -> -1
2023-02-24 20:10:40,614 [pool-135-thread-1] INFO  segmented.SegmentedRaftLogWorker (SegmentedRaftLogWorker.java:lambda$new$0(135)) - da31d728-c4b4-485e-b457-41dedce51e8b@group-DD03463B6649-SegmentedRaftLogWorker: safeCacheEvictIndex: setUnconditionally 0 -> -1
2023-02-24 20:10:40,615 [Command processor thread] INFO  commandhandler.CreatePipelineCommandHandler (CreatePipelineCommandHandler.java:handle(113)) - Created Pipeline RATIS THREE PipelineID=c6e6ba68-5493-494f-9c84-0f6bfdd8b04b.
2023-02-24 20:10:40,616 [pool-135-thread-1] INFO  server.RaftServer$Division (RaftServerImpl.java:start(334)) - da31d728-c4b4-485e-b457-41dedce51e8b@group-DD03463B6649: start as a follower, conf=-1: peers:[da31d728-c4b4-485e-b457-41dedce51e8b|rpc:10.1.1.26:36499|dataStream:10.1.1.26:41933|priority:1|startupRole:FOLLOWER]|listeners:[], old=null
2023-02-24 20:10:40,616 [pool-135-thread-1] INFO  server.RaftServer$Division (RaftServerImpl.java:setRole(321)) - da31d728-c4b4-485e-b457-41dedce51e8b@group-DD03463B6649: changes role from      null to FOLLOWER at term 0 for startAsFollower
2023-02-24 20:10:40,616 [pool-135-thread-1] INFO  impl.RoleInfo (RoleInfo.java:updateAndGet(139)) - da31d728-c4b4-485e-b457-41dedce51e8b: start da31d728-c4b4-485e-b457-41dedce51e8b@group-DD03463B6649-FollowerState
2023-02-24 20:10:40,617 [pool-135-thread-1] INFO  util.JmxRegister (JmxRegister.java:tryRegister(44)) - Successfully registered JMX Bean with object name Ratis:service=RaftServer,group=group-DD03463B6649,id=da31d728-c4b4-485e-b457-41dedce51e8b
2023-02-24 20:10:40,617 [pool-135-thread-1] INFO  server.RaftServerConfigKeys (ConfUtils.java:logGet(46)) - raft.server.snapshot.auto.trigger.enabled = true (custom)
2023-02-24 20:10:40,617 [pool-135-thread-1] INFO  server.RaftServerConfigKeys (ConfUtils.java:logGet(46)) - raft.server.snapshot.auto.trigger.threshold = 10000 (custom)
2023-02-24 20:10:40,617 [pool-135-thread-1] INFO  server.RaftServerConfigKeys (ConfUtils.java:logGet(46)) - raft.server.snapshot.retention.file.num = 5 (custom)
2023-02-24 20:10:40,617 [pool-135-thread-1] INFO  server.RaftServerConfigKeys (ConfUtils.java:logGet(46)) - raft.server.log.purge.upto.snapshot.index = false (default)
2023-02-24 20:10:40,617 [da31d728-c4b4-485e-b457-41dedce51e8b@group-DD03463B6649-FollowerState] INFO  server.RaftServerConfigKeys (ConfUtils.java:logFallback(53)) - raft.server.rpc.first-election.timeout.min = 5s (fallback to raft.server.rpc.timeout.min)
2023-02-24 20:10:40,617 [da31d728-c4b4-485e-b457-41dedce51e8b@group-DD03463B6649-FollowerState] INFO  server.RaftServerConfigKeys (ConfUtils.java:logFallback(53)) - raft.server.rpc.first-election.timeout.max = 5200ms (fallback to raft.server.rpc.timeout.max)
2023-02-24 20:10:40,618 [Command processor thread] INFO  ratis.XceiverServerRatis (XceiverServerRatis.java:addGroup(807)) - Created group PipelineID=a55bbb5b-3fd5-4f7b-b115-dd03463b6649
2023-02-24 20:10:40,618 [Command processor thread] INFO  commandhandler.CreatePipelineCommandHandler (CreatePipelineCommandHandler.java:handle(113)) - Created Pipeline RATIS ONE PipelineID=a55bbb5b-3fd5-4f7b-b115-dd03463b6649.
2023-02-24 20:10:40,640 [Command processor thread] INFO  commandhandler.CreatePipelineCommandHandler (CreatePipelineCommandHandler.java:handle(113)) - Created Pipeline RATIS THREE PipelineID=c6e6ba68-5493-494f-9c84-0f6bfdd8b04b.
2023-02-24 20:10:40,657 [Command processor thread] INFO  commandhandler.CreatePipelineCommandHandler (CreatePipelineCommandHandler.java:handle(113)) - Created Pipeline RATIS THREE PipelineID=c6e6ba68-5493-494f-9c84-0f6bfdd8b04b.
2023-02-24 20:10:40,935 [Listener at 127.0.0.1/43437] INFO  ozone.MiniOzoneClusterImpl (MiniOzoneClusterImpl.java:lambda$waitForClusterToBeReady$0(218)) - Nodes are ready. Got 5 of 5 DN Heartbeats.
2023-02-24 20:10:40,936 [Listener at 127.0.0.1/43437] INFO  ozone.MiniOzoneClusterImpl (MiniOzoneClusterImpl.java:lambda$waitForClusterToBeReady$0(221)) - Waiting for cluster to exit safe mode
2023-02-24 20:10:40,936 [Listener at 127.0.0.1/43437] INFO  ozone.MiniOzoneClusterImpl (MiniOzoneClusterImpl.java:lambda$waitForClusterToBeReady$0(223)) - SCM became leader
2023-02-24 20:10:40,936 [Command processor thread] INFO  server.RaftServer (RaftServerProxy.java:addNew(96)) - e58d4e55-d9f6-4c0d-a324-4cc474a0d238: addNew group-C97288801BA9:[e58d4e55-d9f6-4c0d-a324-4cc474a0d238|rpc:10.1.1.26:33677|dataStream:10.1.1.26:46549|priority:1|startupRole:FOLLOWER] returns group-C97288801BA9:java.util.concurrent.CompletableFuture@6228b112[Not completed]
2023-02-24 20:10:40,939 [pool-157-thread-1] INFO  server.RaftServer$Division (RaftServerImpl.java:<init>(195)) - e58d4e55-d9f6-4c0d-a324-4cc474a0d238: new RaftServerImpl for group-C97288801BA9:[e58d4e55-d9f6-4c0d-a324-4cc474a0d238|rpc:10.1.1.26:33677|dataStream:10.1.1.26:46549|priority:1|startupRole:FOLLOWER] with ContainerStateMachine:uninitialized
2023-02-24 20:10:40,939 [pool-157-thread-1] INFO  server.RaftServerConfigKeys (ConfUtils.java:logGet(46)) - raft.server.rpc.timeout.min = 5s (custom)
2023-02-24 20:10:40,941 [pool-157-thread-1] INFO  server.RaftServerConfigKeys (ConfUtils.java:logGet(46)) - raft.server.rpc.timeout.max = 5200ms (custom)
2023-02-24 20:10:40,941 [pool-157-thread-1] INFO  server.RaftServerConfigKeys (ConfUtils.java:logGet(46)) - raft.server.rpc.sleep.time = 25ms (default)
2023-02-24 20:10:40,941 [pool-157-thread-1] INFO  server.RaftServerConfigKeys (ConfUtils.java:logGet(46)) - raft.server.rpc.slowness.timeout = 300s (custom)
2023-02-24 20:10:40,941 [pool-157-thread-1] INFO  server.RaftServerConfigKeys (ConfUtils.java:logGet(46)) - raft.server.leaderelection.leader.step-down.wait-time = 10s (default)
2023-02-24 20:10:40,941 [pool-157-thread-1] INFO  server.RaftServerConfigKeys (ConfUtils.java:logGet(46)) - raft.server.sleep.deviation.threshold = 300ms (default)
2023-02-24 20:10:40,942 [pool-157-thread-1] INFO  server.RaftServer$Division (ServerState.java:<init>(118)) - e58d4e55-d9f6-4c0d-a324-4cc474a0d238@group-C97288801BA9: ConfigurationManager, init=-1: peers:[e58d4e55-d9f6-4c0d-a324-4cc474a0d238|rpc:10.1.1.26:33677|dataStream:10.1.1.26:46549|priority:1|startupRole:FOLLOWER]|listeners:[], old=null, confs=<EMPTY_MAP>
2023-02-24 20:10:40,942 [pool-157-thread-1] INFO  server.RaftServerConfigKeys (ConfUtils.java:logGet(46)) - raft.server.storage.dir = [/home/runner/work/ozone/ozone/hadoop-ozone/integration-test/target/test-dir/MiniOzoneClusterImpl-ab6f6114-744a-42fd-85e1-7d45e58ce038/datanode-4/data/ratis] (custom)
2023-02-24 20:10:40,942 [pool-157-thread-1] INFO  server.RaftServerConfigKeys (ConfUtils.java:logGet(46)) - raft.server.log.corruption.policy = EXCEPTION (default)
2023-02-24 20:10:40,942 [pool-157-thread-1] INFO  server.RaftServerConfigKeys (ConfUtils.java:logGet(46)) - raft.server.storage.free-space.min = 0MB (=0) (default)
2023-02-24 20:10:40,942 [pool-157-thread-1] INFO  server.RaftServerConfigKeys (ConfUtils.java:logGet(46)) - raft.server.notification.no-leader.timeout = 300s (custom)
2023-02-24 20:10:40,942 [pool-157-thread-1] INFO  server.RaftServerConfigKeys (ConfUtils.java:logGet(46)) - raft.server.retrycache.expirytime = 600000ms (custom)
2023-02-24 20:10:40,942 [pool-157-thread-1] INFO  server.RaftServerConfigKeys (ConfUtils.java:logGet(46)) - raft.server.retrycache.statistics.expirytime = 100μs (default)
2023-02-24 20:10:40,950 [pool-157-thread-1] INFO  server.RaftServerConfigKeys (ConfUtils.java:logGet(46)) - raft.server.log.appender.install.snapshot.enabled = false (custom)
2023-02-24 20:10:40,950 [pool-157-thread-1] INFO  server.RaftServerConfigKeys (ConfUtils.java:logGet(46)) - raft.server.threadpool.server.cached = true (default)
2023-02-24 20:10:40,950 [pool-157-thread-1] INFO  server.RaftServerConfigKeys (ConfUtils.java:logGet(46)) - raft.server.threadpool.server.size = 0 (default)
2023-02-24 20:10:40,950 [pool-157-thread-1] INFO  server.RaftServerConfigKeys (ConfUtils.java:logGet(46)) - raft.server.threadpool.client.cached = true (default)
2023-02-24 20:10:40,950 [pool-157-thread-1] INFO  server.RaftServerConfigKeys (ConfUtils.java:logGet(46)) - raft.server.threadpool.client.size = 0 (default)
2023-02-24 20:10:40,950 [pool-157-thread-1] INFO  storage.RaftStorageDirectory (RaftStorageDirectoryImpl.java:analyzeStorage(137)) - The storage directory /home/runner/work/ozone/ozone/hadoop-ozone/integration-test/target/test-dir/MiniOzoneClusterImpl-ab6f6114-744a-42fd-85e1-7d45e58ce038/datanode-4/data/ratis/8b037de7-a6e8-4eaf-be14-c97288801ba9 does not exist. Creating ...
2023-02-24 20:10:40,953 [pool-157-thread-1] INFO  storage.RaftStorageDirectory (RaftStorageDirectoryImpl.java:tryLock(231)) - Lock on /home/runner/work/ozone/ozone/hadoop-ozone/integration-test/target/test-dir/MiniOzoneClusterImpl-ab6f6114-744a-42fd-85e1-7d45e58ce038/datanode-4/data/ratis/8b037de7-a6e8-4eaf-be14-c97288801ba9/in_use.lock acquired by nodename 19927@fv-az204-30
2023-02-24 20:10:40,954 [pool-157-thread-1] INFO  storage.RaftStorage (RaftStorageImpl.java:format(96)) - Storage directory /home/runner/work/ozone/ozone/hadoop-ozone/integration-test/target/test-dir/MiniOzoneClusterImpl-ab6f6114-744a-42fd-85e1-7d45e58ce038/datanode-4/data/ratis/8b037de7-a6e8-4eaf-be14-c97288801ba9 has been successfully formatted.
2023-02-24 20:10:40,955 [pool-157-thread-1] INFO  ratis.ContainerStateMachine (ContainerStateMachine.java:loadSnapshot(240)) - group-C97288801BA9: The snapshot info is null. Setting the last applied indexto:(t:0, i:~)
2023-02-24 20:10:40,955 [pool-157-thread-1] INFO  server.RaftServerConfigKeys (ConfUtils.java:logGet(46)) - raft.server.log.use.memory = false (default)
2023-02-24 20:10:40,955 [pool-157-thread-1] INFO  server.RaftServerConfigKeys (ConfUtils.java:logGet(46)) - raft.server.log.purge.gap = 1000000 (custom)
2023-02-24 20:10:40,955 [pool-157-thread-1] INFO  server.RaftServerConfigKeys (ConfUtils.java:logGet(46)) - raft.server.log.appender.buffer.byte-limit = 33554432 (custom)
2023-02-24 20:10:40,955 [pool-157-thread-1] INFO  server.RaftServerConfigKeys (ConfUtils.java:logGet(46)) - raft.server.log.statemachine.data.read.timeout = 1000ms (default)
2023-02-24 20:10:40,955 [pool-157-thread-1] INFO  server.RaftServerConfigKeys (ConfUtils.java:logGet(46)) - raft.server.log.purge.preservation.log.num = 0 (default)
2023-02-24 20:10:40,955 [pool-157-thread-1] INFO  server.RaftServerConfigKeys (ConfUtils.java:logGet(46)) - raft.server.log.segment.size.max = 1048576 (custom)
2023-02-24 20:10:40,957 [EventQueue-PipelineReportForPipelineReportHandler] INFO  pipeline.PipelineManagerImpl (PipelineManagerImpl.java:openPipeline(367)) - Pipeline Pipeline[ Id: 8b037de7-a6e8-4eaf-be14-c97288801ba9, Nodes: e58d4e55-d9f6-4c0d-a324-4cc474a0d238(fv-az204-30/10.1.1.26), ReplicationConfig: RATIS/ONE, State:ALLOCATED, leaderId:e58d4e55-d9f6-4c0d-a324-4cc474a0d238, CreationTimestamp2023-02-24T20:10:37.938Z[Etc/UTC]] moved to OPEN state
2023-02-24 20:10:40,957 [pool-157-thread-1] INFO  server.RaftServerConfigKeys (ConfUtils.java:logGet(46)) - raft.server.log.segment.cache.num.max = 2 (custom)
2023-02-24 20:10:40,957 [pool-157-thread-1] INFO  server.RaftServerConfigKeys (ConfUtils.java:logGet(46)) - raft.server.log.segment.cache.size.max = 200MB (=209715200) (default)
2023-02-24 20:10:40,957 [pool-157-thread-1] INFO  segmented.SegmentedRaftLogWorker (SegmentedRaftLogWorker.java:<init>(189)) - new e58d4e55-d9f6-4c0d-a324-4cc474a0d238@group-C97288801BA9-SegmentedRaftLogWorker for RaftStorageImpl:Storage Directory /home/runner/work/ozone/ozone/hadoop-ozone/integration-test/target/test-dir/MiniOzoneClusterImpl-ab6f6114-744a-42fd-85e1-7d45e58ce038/datanode-4/data/ratis/8b037de7-a6e8-4eaf-be14-c97288801ba9
2023-02-24 20:10:40,957 [pool-157-thread-1] INFO  server.RaftServerConfigKeys (ConfUtils.java:logGet(46)) - raft.server.log.queue.byte-limit = 4294967296 (custom)
2023-02-24 20:10:40,957 [pool-157-thread-1] INFO  server.RaftServerConfigKeys (ConfUtils.java:logGet(46)) - raft.server.log.queue.element-limit = 1024 (custom)
2023-02-24 20:10:40,957 [EventQueue-OpenPipelineForHealthyPipelineSafeModeRule] INFO  safemode.SCMSafeModeManager (HealthyPipelineSafeModeRule.java:process(137)) - SCM in safe mode. Healthy pipelines reported count is 0, required healthy pipeline reported count is 1
2023-02-24 20:10:40,957 [pool-157-thread-1] INFO  server.RaftServerConfigKeys (ConfUtils.java:logGet(46)) - raft.server.log.segment.size.max = 1048576 (custom)
2023-02-24 20:10:40,957 [pool-157-thread-1] INFO  server.RaftServerConfigKeys (ConfUtils.java:logGet(46)) - raft.server.log.preallocated.size = 16384 (custom)
2023-02-24 20:10:40,957 [pool-157-thread-1] INFO  server.RaftServerConfigKeys (ConfUtils.java:logGet(46)) - raft.server.log.force.sync.num = 128 (default)
2023-02-24 20:10:40,957 [pool-157-thread-1] INFO  server.RaftServerConfigKeys (ConfUtils.java:logGet(46)) - raft.server.log.statemachine.data.sync = true (default)
2023-02-24 20:10:40,958 [pool-157-thread-1] INFO  server.RaftServerConfigKeys (ConfUtils.java:logGet(46)) - raft.server.log.statemachine.data.sync.timeout = 10s (default)
2023-02-24 20:10:40,958 [pool-157-thread-1] INFO  server.RaftServerConfigKeys (ConfUtils.java:logGet(46)) - raft.server.log.statemachine.data.sync.timeout.retry = -1 (default)
2023-02-24 20:10:40,959 [pool-157-thread-1] INFO  server.RaftServerConfigKeys (ConfUtils.java:logGet(46)) - raft.server.log.write.buffer.size = 1048576 (custom)
2023-02-24 20:10:40,960 [pool-157-thread-1] INFO  server.RaftServerConfigKeys (ConfUtils.java:logGet(46)) - raft.server.log.appender.buffer.byte-limit = 33554432 (custom)
2023-02-24 20:10:40,963 [pool-157-thread-1] INFO  server.RaftServerConfigKeys (ConfUtils.java:logGet(46)) - raft.server.log.unsafe-flush.enabled = false (default)
2023-02-24 20:10:40,963 [pool-157-thread-1] INFO  server.RaftServerConfigKeys (ConfUtils.java:logGet(46)) - raft.server.log.async-flush.enabled = false (default)
2023-02-24 20:10:40,963 [pool-157-thread-1] INFO  server.RaftServerConfigKeys (ConfUtils.java:logGet(46)) - raft.server.log.statemachine.data.caching.enabled = true (custom)
2023-02-24 20:10:40,964 [pool-157-thread-1] INFO  segmented.SegmentedRaftLogWorker (SegmentedRaftLogWorker.java:lambda$new$0(135)) - e58d4e55-d9f6-4c0d-a324-4cc474a0d238@group-C97288801BA9-SegmentedRaftLogWorker: flushIndex: setUnconditionally 0 -> -1
2023-02-24 20:10:40,964 [pool-157-thread-1] INFO  segmented.SegmentedRaftLogWorker (SegmentedRaftLogWorker.java:lambda$new$0(135)) - e58d4e55-d9f6-4c0d-a324-4cc474a0d238@group-C97288801BA9-SegmentedRaftLogWorker: safeCacheEvictIndex: setUnconditionally 0 -> -1
2023-02-24 20:10:40,964 [pool-157-thread-1] INFO  server.RaftServer$Division (RaftServerImpl.java:start(334)) - e58d4e55-d9f6-4c0d-a324-4cc474a0d238@group-C97288801BA9: start as a follower, conf=-1: peers:[e58d4e55-d9f6-4c0d-a324-4cc474a0d238|rpc:10.1.1.26:33677|dataStream:10.1.1.26:46549|priority:1|startupRole:FOLLOWER]|listeners:[], old=null
2023-02-24 20:10:40,964 [pool-157-thread-1] INFO  server.RaftServer$Division (RaftServerImpl.java:setRole(321)) - e58d4e55-d9f6-4c0d-a324-4cc474a0d238@group-C97288801BA9: changes role from      null to FOLLOWER at term 0 for startAsFollower
2023-02-24 20:10:40,964 [pool-157-thread-1] INFO  impl.RoleInfo (RoleInfo.java:updateAndGet(139)) - e58d4e55-d9f6-4c0d-a324-4cc474a0d238: start e58d4e55-d9f6-4c0d-a324-4cc474a0d238@group-C97288801BA9-FollowerState
2023-02-24 20:10:40,967 [pool-157-thread-1] INFO  util.JmxRegister (JmxRegister.java:tryRegister(44)) - Successfully registered JMX Bean with object name Ratis:service=RaftServer,group=group-C97288801BA9,id=e58d4e55-d9f6-4c0d-a324-4cc474a0d238
2023-02-24 20:10:40,967 [pool-157-thread-1] INFO  server.RaftServerConfigKeys (ConfUtils.java:logGet(46)) - raft.server.snapshot.auto.trigger.enabled = true (custom)
2023-02-24 20:10:40,967 [pool-157-thread-1] INFO  server.RaftServerConfigKeys (ConfUtils.java:logGet(46)) - raft.server.snapshot.auto.trigger.threshold = 10000 (custom)
2023-02-24 20:10:40,968 [pool-157-thread-1] INFO  server.RaftServerConfigKeys (ConfUtils.java:logGet(46)) - raft.server.snapshot.retention.file.num = 5 (custom)
2023-02-24 20:10:40,968 [pool-157-thread-1] INFO  server.RaftServerConfigKeys (ConfUtils.java:logGet(46)) - raft.server.log.purge.upto.snapshot.index = false (default)
2023-02-24 20:10:40,968 [e58d4e55-d9f6-4c0d-a324-4cc474a0d238@group-C97288801BA9-FollowerState] INFO  server.RaftServerConfigKeys (ConfUtils.java:logFallback(53)) - raft.server.rpc.first-election.timeout.min = 5s (fallback to raft.server.rpc.timeout.min)
2023-02-24 20:10:40,968 [e58d4e55-d9f6-4c0d-a324-4cc474a0d238@group-C97288801BA9-FollowerState] INFO  server.RaftServerConfigKeys (ConfUtils.java:logFallback(53)) - raft.server.rpc.first-election.timeout.max = 5200ms (fallback to raft.server.rpc.timeout.max)
2023-02-24 20:10:40,971 [Command processor thread] INFO  ratis.XceiverServerRatis (XceiverServerRatis.java:addGroup(807)) - Created group PipelineID=8b037de7-a6e8-4eaf-be14-c97288801ba9
2023-02-24 20:10:40,971 [Command processor thread] INFO  commandhandler.CreatePipelineCommandHandler (CreatePipelineCommandHandler.java:handle(113)) - Created Pipeline RATIS ONE PipelineID=8b037de7-a6e8-4eaf-be14-c97288801ba9.
2023-02-24 20:10:41,936 [Listener at 127.0.0.1/43437] INFO  ozone.MiniOzoneClusterImpl (MiniOzoneClusterImpl.java:lambda$waitForClusterToBeReady$0(218)) - Nodes are ready. Got 5 of 5 DN Heartbeats.
2023-02-24 20:10:41,936 [Listener at 127.0.0.1/43437] INFO  ozone.MiniOzoneClusterImpl (MiniOzoneClusterImpl.java:lambda$waitForClusterToBeReady$0(221)) - Waiting for cluster to exit safe mode
2023-02-24 20:10:41,936 [Listener at 127.0.0.1/43437] INFO  ozone.MiniOzoneClusterImpl (MiniOzoneClusterImpl.java:lambda$waitForClusterToBeReady$0(223)) - SCM became leader
2023-02-24 20:10:42,937 [Listener at 127.0.0.1/43437] INFO  ozone.MiniOzoneClusterImpl (MiniOzoneClusterImpl.java:lambda$waitForClusterToBeReady$0(218)) - Nodes are ready. Got 5 of 5 DN Heartbeats.
2023-02-24 20:10:42,937 [Listener at 127.0.0.1/43437] INFO  ozone.MiniOzoneClusterImpl (MiniOzoneClusterImpl.java:lambda$waitForClusterToBeReady$0(221)) - Waiting for cluster to exit safe mode
2023-02-24 20:10:42,937 [Listener at 127.0.0.1/43437] INFO  ozone.MiniOzoneClusterImpl (MiniOzoneClusterImpl.java:lambda$waitForClusterToBeReady$0(223)) - SCM became leader
2023-02-24 20:10:43,937 [Listener at 127.0.0.1/43437] INFO  ozone.MiniOzoneClusterImpl (MiniOzoneClusterImpl.java:lambda$waitForClusterToBeReady$0(218)) - Nodes are ready. Got 5 of 5 DN Heartbeats.
2023-02-24 20:10:43,937 [Listener at 127.0.0.1/43437] INFO  ozone.MiniOzoneClusterImpl (MiniOzoneClusterImpl.java:lambda$waitForClusterToBeReady$0(221)) - Waiting for cluster to exit safe mode
2023-02-24 20:10:43,937 [Listener at 127.0.0.1/43437] INFO  ozone.MiniOzoneClusterImpl (MiniOzoneClusterImpl.java:lambda$waitForClusterToBeReady$0(223)) - SCM became leader
2023-02-24 20:10:44,632 [050a2386-abc0-44f5-8cc9-5549fa72667c@group-3CCCCF7219B5-FollowerState] INFO  impl.FollowerState (FollowerState.java:run(143)) - 050a2386-abc0-44f5-8cc9-5549fa72667c@group-3CCCCF7219B5-FollowerState: change to CANDIDATE, lastRpcElapsedTime:5088557105ns, electionTimeout:5084ms
2023-02-24 20:10:44,632 [050a2386-abc0-44f5-8cc9-5549fa72667c@group-3CCCCF7219B5-FollowerState] INFO  impl.RoleInfo (RoleInfo.java:shutdownFollowerState(110)) - 050a2386-abc0-44f5-8cc9-5549fa72667c: shutdown 050a2386-abc0-44f5-8cc9-5549fa72667c@group-3CCCCF7219B5-FollowerState
2023-02-24 20:10:44,632 [050a2386-abc0-44f5-8cc9-5549fa72667c@group-3CCCCF7219B5-FollowerState] INFO  server.RaftServer$Division (RaftServerImpl.java:setRole(321)) - 050a2386-abc0-44f5-8cc9-5549fa72667c@group-3CCCCF7219B5: changes role from  FOLLOWER to CANDIDATE at term 0 for changeToCandidate
2023-02-24 20:10:44,637 [050a2386-abc0-44f5-8cc9-5549fa72667c@group-3CCCCF7219B5-FollowerState] INFO  server.RaftServerConfigKeys (ConfUtils.java:logGet(46)) - raft.server.leaderelection.pre-vote = true (default)
2023-02-24 20:10:44,637 [050a2386-abc0-44f5-8cc9-5549fa72667c@group-3CCCCF7219B5-FollowerState] INFO  impl.RoleInfo (RoleInfo.java:updateAndGet(139)) - 050a2386-abc0-44f5-8cc9-5549fa72667c: start 050a2386-abc0-44f5-8cc9-5549fa72667c@group-3CCCCF7219B5-LeaderElection1
2023-02-24 20:10:44,639 [050a2386-abc0-44f5-8cc9-5549fa72667c@group-3CCCCF7219B5-LeaderElection1] INFO  impl.LeaderElection (LeaderElection.java:askForVotes(312)) - 050a2386-abc0-44f5-8cc9-5549fa72667c@group-3CCCCF7219B5-LeaderElection1 PRE_VOTE round 0: submit vote requests at term 0 for -1: peers:[050a2386-abc0-44f5-8cc9-5549fa72667c|rpc:10.1.1.26:39301|dataStream:10.1.1.26:42849|priority:1|startupRole:FOLLOWER]|listeners:[], old=null
2023-02-24 20:10:44,640 [050a2386-abc0-44f5-8cc9-5549fa72667c@group-3CCCCF7219B5-LeaderElection1] INFO  impl.LeaderElection (LeaderElection.java:askForVotes(314)) - 050a2386-abc0-44f5-8cc9-5549fa72667c@group-3CCCCF7219B5-LeaderElection1 PRE_VOTE round 0: result PASSED (term=0)
2023-02-24 20:10:44,642 [050a2386-abc0-44f5-8cc9-5549fa72667c@group-3CCCCF7219B5-LeaderElection1] INFO  impl.LeaderElection (LeaderElection.java:askForVotes(312)) - 050a2386-abc0-44f5-8cc9-5549fa72667c@group-3CCCCF7219B5-LeaderElection1 ELECTION round 0: submit vote requests at term 1 for -1: peers:[050a2386-abc0-44f5-8cc9-5549fa72667c|rpc:10.1.1.26:39301|dataStream:10.1.1.26:42849|priority:1|startupRole:FOLLOWER]|listeners:[], old=null
2023-02-24 20:10:44,642 [050a2386-abc0-44f5-8cc9-5549fa72667c@group-3CCCCF7219B5-LeaderElection1] INFO  impl.LeaderElection (LeaderElection.java:askForVotes(314)) - 050a2386-abc0-44f5-8cc9-5549fa72667c@group-3CCCCF7219B5-LeaderElection1 ELECTION round 0: result PASSED (term=1)
2023-02-24 20:10:44,642 [050a2386-abc0-44f5-8cc9-5549fa72667c@group-3CCCCF7219B5-LeaderElection1] INFO  impl.RoleInfo (RoleInfo.java:shutdownLeaderElection(130)) - 050a2386-abc0-44f5-8cc9-5549fa72667c: shutdown 050a2386-abc0-44f5-8cc9-5549fa72667c@group-3CCCCF7219B5-LeaderElection1
2023-02-24 20:10:44,642 [050a2386-abc0-44f5-8cc9-5549fa72667c@group-3CCCCF7219B5-LeaderElection1] INFO  server.RaftServer$Division (RaftServerImpl.java:setRole(321)) - 050a2386-abc0-44f5-8cc9-5549fa72667c@group-3CCCCF7219B5: changes role from CANDIDATE to LEADER at term 1 for changeToLeader
2023-02-24 20:10:44,642 [050a2386-abc0-44f5-8cc9-5549fa72667c@group-3CCCCF7219B5-LeaderElection1] INFO  ratis.XceiverServerRatis (XceiverServerRatis.java:handleLeaderChangedNotification(905)) - Leader change notification received for group: group-3CCCCF7219B5 with new leaderId: 050a2386-abc0-44f5-8cc9-5549fa72667c
2023-02-24 20:10:44,643 [050a2386-abc0-44f5-8cc9-5549fa72667c@group-3CCCCF7219B5-LeaderElection1] INFO  server.RaftServer$Division (ServerState.java:setLeader(313)) - 050a2386-abc0-44f5-8cc9-5549fa72667c@group-3CCCCF7219B5: change Leader from null to 050a2386-abc0-44f5-8cc9-5549fa72667c at term 1 for becomeLeader, leader elected after 5223ms
2023-02-24 20:10:44,644 [EventQueue-OpenPipelineForHealthyPipelineSafeModeRule] INFO  safemode.SCMSafeModeManager (HealthyPipelineSafeModeRule.java:process(137)) - SCM in safe mode. Healthy pipelines reported count is 0, required healthy pipeline reported count is 1
2023-02-24 20:10:44,649 [050a2386-abc0-44f5-8cc9-5549fa72667c@group-3CCCCF7219B5-LeaderElection1] INFO  server.RaftServerConfigKeys (ConfUtils.java:logGet(46)) - raft.server.staging.catchup.gap = 1000 (default)
2023-02-24 20:10:44,655 [050a2386-abc0-44f5-8cc9-5549fa72667c@group-3CCCCF7219B5-LeaderElection1] INFO  server.RaftServerConfigKeys (ConfUtils.java:logGet(46)) - raft.server.write.element-limit = 1024 (custom)
2023-02-24 20:10:44,655 [050a2386-abc0-44f5-8cc9-5549fa72667c@group-3CCCCF7219B5-LeaderElection1] INFO  server.RaftServerConfigKeys (ConfUtils.java:logGet(46)) - raft.server.write.byte-limit = 1024 M (=1073741824) (custom)
2023-02-24 20:10:44,659 [050a2386-abc0-44f5-8cc9-5549fa72667c@group-3CCCCF7219B5-LeaderElection1] INFO  server.RaftServerConfigKeys (ConfUtils.java:logGet(46)) - raft.server.watch.timeout = 180s (custom)
2023-02-24 20:10:44,659 [050a2386-abc0-44f5-8cc9-5549fa72667c@group-3CCCCF7219B5-LeaderElection1] INFO  server.RaftServerConfigKeys (ConfUtils.java:logGet(46)) - raft.server.watch.timeout.denomination = 1s (default)
2023-02-24 20:10:44,660 [050a2386-abc0-44f5-8cc9-5549fa72667c@group-3CCCCF7219B5-LeaderElection1] INFO  server.RaftServerConfigKeys (ConfUtils.java:logGet(46)) - raft.server.watch.element-limit = 65536 (default)
2023-02-24 20:10:44,664 [050a2386-abc0-44f5-8cc9-5549fa72667c@group-3CCCCF7219B5-LeaderElection1] INFO  server.RaftServerConfigKeys (ConfUtils.java:logGet(46)) - raft.server.write.element-limit = 1024 (custom)
2023-02-24 20:10:44,665 [050a2386-abc0-44f5-8cc9-5549fa72667c@group-3CCCCF7219B5-LeaderElection1] INFO  server.RaftServerConfigKeys (ConfUtils.java:logGet(46)) - raft.server.write.follower.gap.ratio.max = -1.0 (default)
2023-02-24 20:10:44,667 [050a2386-abc0-44f5-8cc9-5549fa72667c@group-3CCCCF7219B5-LeaderElection1] INFO  impl.RoleInfo (RoleInfo.java:updateAndGet(139)) - 050a2386-abc0-44f5-8cc9-5549fa72667c: start 050a2386-abc0-44f5-8cc9-5549fa72667c@group-3CCCCF7219B5-LeaderStateImpl
2023-02-24 20:10:44,680 [050a2386-abc0-44f5-8cc9-5549fa72667c@group-3CCCCF7219B5-LeaderElection1] INFO  segmented.SegmentedRaftLogWorker (SegmentedRaftLogWorker.java:startLogSegment(452)) - 050a2386-abc0-44f5-8cc9-5549fa72667c@group-3CCCCF7219B5-SegmentedRaftLogWorker: Starting segment from index:0
2023-02-24 20:10:44,690 [050a2386-abc0-44f5-8cc9-5549fa72667c@group-3CCCCF7219B5-LeaderElection1] INFO  server.RaftServer$Division (ServerState.java:setRaftConf(430)) - 050a2386-abc0-44f5-8cc9-5549fa72667c@group-3CCCCF7219B5: set configuration 0: peers:[050a2386-abc0-44f5-8cc9-5549fa72667c|rpc:10.1.1.26:39301|dataStream:10.1.1.26:42849|priority:1|startupRole:FOLLOWER]|listeners:[], old=null
2023-02-24 20:10:44,757 [050a2386-abc0-44f5-8cc9-5549fa72667c@group-3CCCCF7219B5-SegmentedRaftLogWorker] INFO  segmented.SegmentedRaftLogWorker (SegmentedRaftLogWorker.java:execute(656)) - 050a2386-abc0-44f5-8cc9-5549fa72667c@group-3CCCCF7219B5-SegmentedRaftLogWorker: created new log segment /home/runner/work/ozone/ozone/hadoop-ozone/integration-test/target/test-dir/MiniOzoneClusterImpl-ab6f6114-744a-42fd-85e1-7d45e58ce038/datanode-0/data/ratis/f4f9c343-4956-4eed-8585-3ccccf7219b5/current/log_inprogress_0
2023-02-24 20:10:44,808 [050a2386-abc0-44f5-8cc9-5549fa72667c@group-C367FAA5C9D6-FollowerState] INFO  impl.FollowerState (FollowerState.java:run(143)) - 050a2386-abc0-44f5-8cc9-5549fa72667c@group-C367FAA5C9D6-FollowerState: change to CANDIDATE, lastRpcElapsedTime:5192506757ns, electionTimeout:5180ms
2023-02-24 20:10:44,809 [050a2386-abc0-44f5-8cc9-5549fa72667c@group-C367FAA5C9D6-FollowerState] INFO  impl.RoleInfo (RoleInfo.java:shutdownFollowerState(110)) - 050a2386-abc0-44f5-8cc9-5549fa72667c: shutdown 050a2386-abc0-44f5-8cc9-5549fa72667c@group-C367FAA5C9D6-FollowerState
2023-02-24 20:10:44,809 [050a2386-abc0-44f5-8cc9-5549fa72667c@group-C367FAA5C9D6-FollowerState] INFO  server.RaftServer$Division (RaftServerImpl.java:setRole(321)) - 050a2386-abc0-44f5-8cc9-5549fa72667c@group-C367FAA5C9D6: changes role from  FOLLOWER to CANDIDATE at term 0 for changeToCandidate
2023-02-24 20:10:44,809 [050a2386-abc0-44f5-8cc9-5549fa72667c@group-C367FAA5C9D6-FollowerState] INFO  server.RaftServerConfigKeys (ConfUtils.java:logGet(46)) - raft.server.leaderelection.pre-vote = true (default)
2023-02-24 20:10:44,809 [050a2386-abc0-44f5-8cc9-5549fa72667c@group-C367FAA5C9D6-FollowerState] INFO  impl.RoleInfo (RoleInfo.java:updateAndGet(139)) - 050a2386-abc0-44f5-8cc9-5549fa72667c: start 050a2386-abc0-44f5-8cc9-5549fa72667c@group-C367FAA5C9D6-LeaderElection2
2023-02-24 20:10:44,810 [050a2386-abc0-44f5-8cc9-5549fa72667c@group-C367FAA5C9D6-LeaderElection2] INFO  impl.LeaderElection (LeaderElection.java:askForVotes(312)) - 050a2386-abc0-44f5-8cc9-5549fa72667c@group-C367FAA5C9D6-LeaderElection2 PRE_VOTE round 0: submit vote requests at term 0 for -1: peers:[c4d23d98-1525-4b13-84f6-c163d1520877|rpc:10.1.1.26:40053|dataStream:10.1.1.26:46437|priority:0|startupRole:FOLLOWER, 050a2386-abc0-44f5-8cc9-5549fa72667c|rpc:10.1.1.26:39301|dataStream:10.1.1.26:42849|priority:0|startupRole:FOLLOWER, 1ecb19a6-f70e-45a1-a77e-d44e96361cb5|rpc:10.1.1.26:36117|dataStream:10.1.1.26:36215|priority:1|startupRole:FOLLOWER]|listeners:[], old=null
2023-02-24 20:10:44,816 [050a2386-abc0-44f5-8cc9-5549fa72667c@group-C367FAA5C9D6-LeaderElection2] INFO  server.RaftServerConfigKeys (ConfUtils.java:logFallback(53)) - raft.server.rpc.first-election.timeout.min = 5s (fallback to raft.server.rpc.timeout.min)
2023-02-24 20:10:44,816 [050a2386-abc0-44f5-8cc9-5549fa72667c@group-C367FAA5C9D6-LeaderElection2] INFO  server.RaftServerConfigKeys (ConfUtils.java:logFallback(53)) - raft.server.rpc.first-election.timeout.max = 5200ms (fallback to raft.server.rpc.timeout.max)
2023-02-24 20:10:44,817 [050a2386-abc0-44f5-8cc9-5549fa72667c@group-C367FAA5C9D6-LeaderElection2-1] INFO  server.GrpcServerProtocolClient (GrpcServerProtocolClient.java:<init>(63)) - Build channel for c4d23d98-1525-4b13-84f6-c163d1520877
2023-02-24 20:10:44,818 [050a2386-abc0-44f5-8cc9-5549fa72667c@group-C367FAA5C9D6-LeaderElection2-2] INFO  server.GrpcServerProtocolClient (GrpcServerProtocolClient.java:<init>(63)) - Build channel for 1ecb19a6-f70e-45a1-a77e-d44e96361cb5
2023-02-24 20:10:44,837 [grpc-default-executor-0] INFO  server.RaftServer$Division (RaftServerImpl.java:requestVote(1218)) - c4d23d98-1525-4b13-84f6-c163d1520877@group-C367FAA5C9D6: receive requestVote(PRE_VOTE, 050a2386-abc0-44f5-8cc9-5549fa72667c, group-C367FAA5C9D6, 0, (t:0, i:0))
2023-02-24 20:10:44,839 [grpc-default-executor-0] INFO  impl.VoteContext (VoteContext.java:log(49)) - c4d23d98-1525-4b13-84f6-c163d1520877@group-C367FAA5C9D6-FOLLOWER: accept PRE_VOTE from 050a2386-abc0-44f5-8cc9-5549fa72667c: our priority 0 <= candidate's priority 0
2023-02-24 20:10:44,840 [grpc-default-executor-2] INFO  server.RaftServer$Division (RaftServerImpl.java:requestVote(1218)) - 1ecb19a6-f70e-45a1-a77e-d44e96361cb5@group-C367FAA5C9D6: receive requestVote(PRE_VOTE, 050a2386-abc0-44f5-8cc9-5549fa72667c, group-C367FAA5C9D6, 0, (t:0, i:0))
2023-02-24 20:10:44,840 [grpc-default-executor-2] INFO  impl.VoteContext (VoteContext.java:log(49)) - 1ecb19a6-f70e-45a1-a77e-d44e96361cb5@group-C367FAA5C9D6-FOLLOWER: reject PRE_VOTE from 050a2386-abc0-44f5-8cc9-5549fa72667c: our priority 1 > candidate's priority 0
2023-02-24 20:10:44,846 [grpc-default-executor-2] INFO  server.RaftServer$Division (RaftServerImpl.java:requestVote(1251)) - 1ecb19a6-f70e-45a1-a77e-d44e96361cb5@group-C367FAA5C9D6 replies to PRE_VOTE vote request: 050a2386-abc0-44f5-8cc9-5549fa72667c<-1ecb19a6-f70e-45a1-a77e-d44e96361cb5#0:FAIL-t0. Peer's state: 1ecb19a6-f70e-45a1-a77e-d44e96361cb5@group-C367FAA5C9D6:t0, leader=null, voted=, raftlog=Memoized:1ecb19a6-f70e-45a1-a77e-d44e96361cb5@group-C367FAA5C9D6-SegmentedRaftLog:OPENED:c-1, conf=-1: peers:[c4d23d98-1525-4b13-84f6-c163d1520877|rpc:10.1.1.26:40053|dataStream:10.1.1.26:46437|priority:0|startupRole:FOLLOWER, 050a2386-abc0-44f5-8cc9-5549fa72667c|rpc:10.1.1.26:39301|dataStream:10.1.1.26:42849|priority:0|startupRole:FOLLOWER, 1ecb19a6-f70e-45a1-a77e-d44e96361cb5|rpc:10.1.1.26:36117|dataStream:10.1.1.26:36215|priority:1|startupRole:FOLLOWER]|listeners:[], old=null
2023-02-24 20:10:44,846 [grpc-default-executor-0] INFO  server.RaftServer$Division (RaftServerImpl.java:requestVote(1251)) - c4d23d98-1525-4b13-84f6-c163d1520877@group-C367FAA5C9D6 replies to PRE_VOTE vote request: 050a2386-abc0-44f5-8cc9-5549fa72667c<-c4d23d98-1525-4b13-84f6-c163d1520877#0:OK-t0. Peer's state: c4d23d98-1525-4b13-84f6-c163d1520877@group-C367FAA5C9D6:t0, leader=null, voted=, raftlog=Memoized:c4d23d98-1525-4b13-84f6-c163d1520877@group-C367FAA5C9D6-SegmentedRaftLog:OPENED:c-1, conf=-1: peers:[c4d23d98-1525-4b13-84f6-c163d1520877|rpc:10.1.1.26:40053|dataStream:10.1.1.26:46437|priority:0|startupRole:FOLLOWER, 050a2386-abc0-44f5-8cc9-5549fa72667c|rpc:10.1.1.26:39301|dataStream:10.1.1.26:42849|priority:0|startupRole:FOLLOWER, 1ecb19a6-f70e-45a1-a77e-d44e96361cb5|rpc:10.1.1.26:36117|dataStream:10.1.1.26:36215|priority:1|startupRole:FOLLOWER]|listeners:[], old=null
2023-02-24 20:10:44,852 [050a2386-abc0-44f5-8cc9-5549fa72667c@group-C367FAA5C9D6-LeaderElection2] INFO  impl.LeaderElection (LeaderElection.java:logAndReturn(90)) - 050a2386-abc0-44f5-8cc9-5549fa72667c@group-C367FAA5C9D6-LeaderElection2: PRE_VOTE REJECTED received 2 response(s) and 0 exception(s):
2023-02-24 20:10:44,852 [050a2386-abc0-44f5-8cc9-5549fa72667c@group-C367FAA5C9D6-LeaderElection2] INFO  impl.LeaderElection (LeaderElection.java:logAndReturn(94)) -   Response 0: 050a2386-abc0-44f5-8cc9-5549fa72667c<-c4d23d98-1525-4b13-84f6-c163d1520877#0:OK-t0
2023-02-24 20:10:44,852 [050a2386-abc0-44f5-8cc9-5549fa72667c@group-C367FAA5C9D6-LeaderElection2] INFO  impl.LeaderElection (LeaderElection.java:logAndReturn(94)) -   Response 1: 050a2386-abc0-44f5-8cc9-5549fa72667c<-1ecb19a6-f70e-45a1-a77e-d44e96361cb5#0:FAIL-t0
2023-02-24 20:10:44,852 [050a2386-abc0-44f5-8cc9-5549fa72667c@group-C367FAA5C9D6-LeaderElection2] INFO  impl.LeaderElection (LeaderElection.java:askForVotes(314)) - 050a2386-abc0-44f5-8cc9-5549fa72667c@group-C367FAA5C9D6-LeaderElection2 PRE_VOTE round 0: result REJECTED
2023-02-24 20:10:44,853 [050a2386-abc0-44f5-8cc9-5549fa72667c@group-C367FAA5C9D6-LeaderElection2] INFO  server.RaftServer$Division (RaftServerImpl.java:setRole(321)) - 050a2386-abc0-44f5-8cc9-5549fa72667c@group-C367FAA5C9D6: changes role from CANDIDATE to FOLLOWER at term 0 for REJECTED
2023-02-24 20:10:44,853 [050a2386-abc0-44f5-8cc9-5549fa72667c@group-C367FAA5C9D6-LeaderElection2] INFO  impl.RoleInfo (RoleInfo.java:shutdownLeaderElection(130)) - 050a2386-abc0-44f5-8cc9-5549fa72667c: shutdown 050a2386-abc0-44f5-8cc9-5549fa72667c@group-C367FAA5C9D6-LeaderElection2
2023-02-24 20:10:44,853 [050a2386-abc0-44f5-8cc9-5549fa72667c@group-C367FAA5C9D6-LeaderElection2] INFO  impl.RoleInfo (RoleInfo.java:updateAndGet(139)) - 050a2386-abc0-44f5-8cc9-5549fa72667c: start 050a2386-abc0-44f5-8cc9-5549fa72667c@group-C367FAA5C9D6-FollowerState
2023-02-24 20:10:44,856 [050a2386-abc0-44f5-8cc9-5549fa72667c@group-C367FAA5C9D6-FollowerState] INFO  server.RaftServerConfigKeys (ConfUtils.java:logFallback(53)) - raft.server.rpc.first-election.timeout.min = 5s (fallback to raft.server.rpc.timeout.min)
2023-02-24 20:10:44,856 [c4d23d98-1525-4b13-84f6-c163d1520877@group-43EE1278D897-FollowerState] INFO  impl.FollowerState (FollowerState.java:run(143)) - c4d23d98-1525-4b13-84f6-c163d1520877@group-43EE1278D897-FollowerState: change to CANDIDATE, lastRpcElapsedTime:5040452664ns, electionTimeout:5039ms
2023-02-24 20:10:44,857 [050a2386-abc0-44f5-8cc9-5549fa72667c@group-C367FAA5C9D6-FollowerState] INFO  server.RaftServerConfigKeys (ConfUtils.java:logFallback(53)) - raft.server.rpc.first-election.timeout.max = 5200ms (fallback to raft.server.rpc.timeout.max)
2023-02-24 20:10:44,857 [c4d23d98-1525-4b13-84f6-c163d1520877@group-43EE1278D897-FollowerState] INFO  impl.RoleInfo (RoleInfo.java:shutdownFollowerState(110)) - c4d23d98-1525-4b13-84f6-c163d1520877: shutdown c4d23d98-1525-4b13-84f6-c163d1520877@group-43EE1278D897-FollowerState
2023-02-24 20:10:44,857 [c4d23d98-1525-4b13-84f6-c163d1520877@group-43EE1278D897-FollowerState] INFO  server.RaftServer$Division (RaftServerImpl.java:setRole(321)) - c4d23d98-1525-4b13-84f6-c163d1520877@group-43EE1278D897: changes role from  FOLLOWER to CANDIDATE at term 0 for changeToCandidate
2023-02-24 20:10:44,857 [c4d23d98-1525-4b13-84f6-c163d1520877@group-43EE1278D897-FollowerState] INFO  server.RaftServerConfigKeys (ConfUtils.java:logGet(46)) - raft.server.leaderelection.pre-vote = true (default)
2023-02-24 20:10:44,857 [c4d23d98-1525-4b13-84f6-c163d1520877@group-43EE1278D897-FollowerState] INFO  impl.RoleInfo (RoleInfo.java:updateAndGet(139)) - c4d23d98-1525-4b13-84f6-c163d1520877: start c4d23d98-1525-4b13-84f6-c163d1520877@group-43EE1278D897-LeaderElection3
2023-02-24 20:10:44,859 [c4d23d98-1525-4b13-84f6-c163d1520877@group-43EE1278D897-LeaderElection3] INFO  impl.LeaderElection (LeaderElection.java:askForVotes(312)) - c4d23d98-1525-4b13-84f6-c163d1520877@group-43EE1278D897-LeaderElection3 PRE_VOTE round 0: submit vote requests at term 0 for -1: peers:[c4d23d98-1525-4b13-84f6-c163d1520877|rpc:10.1.1.26:40053|dataStream:10.1.1.26:46437|priority:1|startupRole:FOLLOWER]|listeners:[], old=null
2023-02-24 20:10:44,859 [c4d23d98-1525-4b13-84f6-c163d1520877@group-43EE1278D897-LeaderElection3] INFO  impl.LeaderElection (LeaderElection.java:askForVotes(314)) - c4d23d98-1525-4b13-84f6-c163d1520877@group-43EE1278D897-LeaderElection3 PRE_VOTE round 0: result PASSED (term=0)
2023-02-24 20:10:44,860 [c4d23d98-1525-4b13-84f6-c163d1520877@group-43EE1278D897-LeaderElection3] INFO  impl.LeaderElection (LeaderElection.java:askForVotes(312)) - c4d23d98-1525-4b13-84f6-c163d1520877@group-43EE1278D897-LeaderElection3 ELECTION round 0: submit vote requests at term 1 for -1: peers:[c4d23d98-1525-4b13-84f6-c163d1520877|rpc:10.1.1.26:40053|dataStream:10.1.1.26:46437|priority:1|startupRole:FOLLOWER]|listeners:[], old=null
2023-02-24 20:10:44,860 [c4d23d98-1525-4b13-84f6-c163d1520877@group-43EE1278D897-LeaderElection3] INFO  impl.LeaderElection (LeaderElection.java:askForVotes(314)) - c4d23d98-1525-4b13-84f6-c163d1520877@group-43EE1278D897-LeaderElection3 ELECTION round 0: result PASSED (term=1)
2023-02-24 20:10:44,860 [c4d23d98-1525-4b13-84f6-c163d1520877@group-43EE1278D897-LeaderElection3] INFO  impl.RoleInfo (RoleInfo.java:shutdownLeaderElection(130)) - c4d23d98-1525-4b13-84f6-c163d1520877: shutdown c4d23d98-1525-4b13-84f6-c163d1520877@group-43EE1278D897-LeaderElection3
2023-02-24 20:10:44,860 [c4d23d98-1525-4b13-84f6-c163d1520877@group-43EE1278D897-LeaderElection3] INFO  server.RaftServer$Division (RaftServerImpl.java:setRole(321)) - c4d23d98-1525-4b13-84f6-c163d1520877@group-43EE1278D897: changes role from CANDIDATE to LEADER at term 1 for changeToLeader
2023-02-24 20:10:44,860 [c4d23d98-1525-4b13-84f6-c163d1520877@group-43EE1278D897-LeaderElection3] INFO  ratis.XceiverServerRatis (XceiverServerRatis.java:handleLeaderChangedNotification(905)) - Leader change notification received for group: group-43EE1278D897 with new leaderId: c4d23d98-1525-4b13-84f6-c163d1520877
2023-02-24 20:10:44,860 [c4d23d98-1525-4b13-84f6-c163d1520877@group-43EE1278D897-LeaderElection3] INFO  server.RaftServer$Division (ServerState.java:setLeader(313)) - c4d23d98-1525-4b13-84f6-c163d1520877@group-43EE1278D897: change Leader from null to c4d23d98-1525-4b13-84f6-c163d1520877 at term 1 for becomeLeader, leader elected after 5093ms
2023-02-24 20:10:44,861 [c4d23d98-1525-4b13-84f6-c163d1520877@group-43EE1278D897-LeaderElection3] INFO  server.RaftServerConfigKeys (ConfUtils.java:logGet(46)) - raft.server.staging.catchup.gap = 1000 (default)
2023-02-24 20:10:44,862 [c4d23d98-1525-4b13-84f6-c163d1520877@group-43EE1278D897-LeaderElection3] INFO  server.RaftServerConfigKeys (ConfUtils.java:logGet(46)) - raft.server.write.element-limit = 1024 (custom)
2023-02-24 20:10:44,862 [c4d23d98-1525-4b13-84f6-c163d1520877@group-43EE1278D897-LeaderElection3] INFO  server.RaftServerConfigKeys (ConfUtils.java:logGet(46)) - raft.server.write.byte-limit = 1024 M (=1073741824) (custom)
2023-02-24 20:10:44,863 [EventQueue-OpenPipelineForHealthyPipelineSafeModeRule] INFO  safemode.SCMSafeModeManager (HealthyPipelineSafeModeRule.java:process(137)) - SCM in safe mode. Healthy pipelines reported count is 0, required healthy pipeline reported count is 1
2023-02-24 20:10:44,863 [c4d23d98-1525-4b13-84f6-c163d1520877@group-43EE1278D897-LeaderElection3] INFO  server.RaftServerConfigKeys (ConfUtils.java:logGet(46)) - raft.server.watch.timeout = 180s (custom)
2023-02-24 20:10:44,863 [c4d23d98-1525-4b13-84f6-c163d1520877@group-43EE1278D897-LeaderElection3] INFO  server.RaftServerConfigKeys (ConfUtils.java:logGet(46)) - raft.server.watch.timeout.denomination = 1s (default)
2023-02-24 20:10:44,863 [c4d23d98-1525-4b13-84f6-c163d1520877@group-43EE1278D897-LeaderElection3] INFO  server.RaftServerConfigKeys (ConfUtils.java:logGet(46)) - raft.server.watch.element-limit = 65536 (default)
2023-02-24 20:10:44,863 [c4d23d98-1525-4b13-84f6-c163d1520877@group-43EE1278D897-LeaderElection3] INFO  server.RaftServerConfigKeys (ConfUtils.java:logGet(46)) - raft.server.write.element-limit = 1024 (custom)
2023-02-24 20:10:44,863 [c4d23d98-1525-4b13-84f6-c163d1520877@group-43EE1278D897-LeaderElection3] INFO  server.RaftServerConfigKeys (ConfUtils.java:logGet(46)) - raft.server.write.follower.gap.ratio.max = -1.0 (default)
2023-02-24 20:10:44,863 [c4d23d98-1525-4b13-84f6-c163d1520877@group-43EE1278D897-LeaderElection3] INFO  impl.RoleInfo (RoleInfo.java:updateAndGet(139)) - c4d23d98-1525-4b13-84f6-c163d1520877: start c4d23d98-1525-4b13-84f6-c163d1520877@group-43EE1278D897-LeaderStateImpl
2023-02-24 20:10:44,864 [c4d23d98-1525-4b13-84f6-c163d1520877@group-43EE1278D897-LeaderElection3] INFO  segmented.SegmentedRaftLogWorker (SegmentedRaftLogWorker.java:startLogSegment(452)) - c4d23d98-1525-4b13-84f6-c163d1520877@group-43EE1278D897-SegmentedRaftLogWorker: Starting segment from index:0
2023-02-24 20:10:44,865 [c4d23d98-1525-4b13-84f6-c163d1520877@group-43EE1278D897-SegmentedRaftLogWorker] INFO  segmented.SegmentedRaftLogWorker (SegmentedRaftLogWorker.java:execute(656)) - c4d23d98-1525-4b13-84f6-c163d1520877@group-43EE1278D897-SegmentedRaftLogWorker: created new log segment /home/runner/work/ozone/ozone/hadoop-ozone/integration-test/target/test-dir/MiniOzoneClusterImpl-ab6f6114-744a-42fd-85e1-7d45e58ce038/datanode-1/data/ratis/7e96dd6a-e8a5-45e1-8c9c-43ee1278d897/current/log_inprogress_0
2023-02-24 20:10:44,866 [c4d23d98-1525-4b13-84f6-c163d1520877@group-43EE1278D897-LeaderElection3] INFO  server.RaftServer$Division (ServerState.java:setRaftConf(430)) - c4d23d98-1525-4b13-84f6-c163d1520877@group-43EE1278D897: set configuration 0: peers:[c4d23d98-1525-4b13-84f6-c163d1520877|rpc:10.1.1.26:40053|dataStream:10.1.1.26:46437|priority:1|startupRole:FOLLOWER]|listeners:[], old=null
2023-02-24 20:10:44,940 [Listener at 127.0.0.1/43437] INFO  ozone.MiniOzoneClusterImpl (MiniOzoneClusterImpl.java:lambda$waitForClusterToBeReady$0(218)) - Nodes are ready. Got 5 of 5 DN Heartbeats.
2023-02-24 20:10:44,940 [Listener at 127.0.0.1/43437] INFO  ozone.MiniOzoneClusterImpl (MiniOzoneClusterImpl.java:lambda$waitForClusterToBeReady$0(221)) - Waiting for cluster to exit safe mode
2023-02-24 20:10:44,940 [Listener at 127.0.0.1/43437] INFO  ozone.MiniOzoneClusterImpl (MiniOzoneClusterImpl.java:lambda$waitForClusterToBeReady$0(223)) - SCM became leader
2023-02-24 20:10:45,020 [c4d23d98-1525-4b13-84f6-c163d1520877@group-C367FAA5C9D6-FollowerState] INFO  server.RaftServerConfigKeys (ConfUtils.java:logFallback(53)) - raft.server.rpc.first-election.timeout.min = 5s (fallback to raft.server.rpc.timeout.min)
2023-02-24 20:10:45,020 [c4d23d98-1525-4b13-84f6-c163d1520877@group-C367FAA5C9D6-FollowerState] INFO  server.RaftServerConfigKeys (ConfUtils.java:logFallback(53)) - raft.server.rpc.first-election.timeout.max = 5200ms (fallback to raft.server.rpc.timeout.max)
2023-02-24 20:10:45,453 [1ecb19a6-f70e-45a1-a77e-d44e96361cb5@group-E1CFAECD6859-FollowerState] INFO  impl.FollowerState (FollowerState.java:run(143)) - 1ecb19a6-f70e-45a1-a77e-d44e96361cb5@group-E1CFAECD6859-FollowerState: change to CANDIDATE, lastRpcElapsedTime:5148635675ns, electionTimeout:5135ms
2023-02-24 20:10:45,453 [1ecb19a6-f70e-45a1-a77e-d44e96361cb5@group-E1CFAECD6859-FollowerState] INFO  impl.RoleInfo (RoleInfo.java:shutdownFollowerState(110)) - 1ecb19a6-f70e-45a1-a77e-d44e96361cb5: shutdown 1ecb19a6-f70e-45a1-a77e-d44e96361cb5@group-E1CFAECD6859-FollowerState
2023-02-24 20:10:45,453 [1ecb19a6-f70e-45a1-a77e-d44e96361cb5@group-E1CFAECD6859-FollowerState] INFO  server.RaftServer$Division (RaftServerImpl.java:setRole(321)) - 1ecb19a6-f70e-45a1-a77e-d44e96361cb5@group-E1CFAECD6859: changes role from  FOLLOWER to CANDIDATE at term 0 for changeToCandidate
2023-02-24 20:10:45,453 [1ecb19a6-f70e-45a1-a77e-d44e96361cb5@group-E1CFAECD6859-FollowerState] INFO  server.RaftServerConfigKeys (ConfUtils.java:logGet(46)) - raft.server.leaderelection.pre-vote = true (default)
2023-02-24 20:10:45,453 [1ecb19a6-f70e-45a1-a77e-d44e96361cb5@group-E1CFAECD6859-FollowerState] INFO  impl.RoleInfo (RoleInfo.java:updateAndGet(139)) - 1ecb19a6-f70e-45a1-a77e-d44e96361cb5: start 1ecb19a6-f70e-45a1-a77e-d44e96361cb5@group-E1CFAECD6859-LeaderElection4
2023-02-24 20:10:45,455 [1ecb19a6-f70e-45a1-a77e-d44e96361cb5@group-E1CFAECD6859-LeaderElection4] INFO  impl.LeaderElection (LeaderElection.java:askForVotes(312)) - 1ecb19a6-f70e-45a1-a77e-d44e96361cb5@group-E1CFAECD6859-LeaderElection4 PRE_VOTE round 0: submit vote requests at term 0 for -1: peers:[1ecb19a6-f70e-45a1-a77e-d44e96361cb5|rpc:10.1.1.26:36117|dataStream:10.1.1.26:36215|priority:1|startupRole:FOLLOWER]|listeners:[], old=null
2023-02-24 20:10:45,455 [1ecb19a6-f70e-45a1-a77e-d44e96361cb5@group-E1CFAECD6859-LeaderElection4] INFO  impl.LeaderElection (LeaderElection.java:askForVotes(314)) - 1ecb19a6-f70e-45a1-a77e-d44e96361cb5@group-E1CFAECD6859-LeaderElection4 PRE_VOTE round 0: result PASSED (term=0)
2023-02-24 20:10:45,457 [1ecb19a6-f70e-45a1-a77e-d44e96361cb5@group-E1CFAECD6859-LeaderElection4] INFO  impl.LeaderElection (LeaderElection.java:askForVotes(312)) - 1ecb19a6-f70e-45a1-a77e-d44e96361cb5@group-E1CFAECD6859-LeaderElection4 ELECTION round 0: submit vote requests at term 1 for -1: peers:[1ecb19a6-f70e-45a1-a77e-d44e96361cb5|rpc:10.1.1.26:36117|dataStream:10.1.1.26:36215|priority:1|startupRole:FOLLOWER]|listeners:[], old=null
2023-02-24 20:10:45,457 [1ecb19a6-f70e-45a1-a77e-d44e96361cb5@group-E1CFAECD6859-LeaderElection4] INFO  impl.LeaderElection (LeaderElection.java:askForVotes(314)) - 1ecb19a6-f70e-45a1-a77e-d44e96361cb5@group-E1CFAECD6859-LeaderElection4 ELECTION round 0: result PASSED (term=1)
2023-02-24 20:10:45,457 [1ecb19a6-f70e-45a1-a77e-d44e96361cb5@group-E1CFAECD6859-LeaderElection4] INFO  impl.RoleInfo (RoleInfo.java:shutdownLeaderElection(130)) - 1ecb19a6-f70e-45a1-a77e-d44e96361cb5: shutdown 1ecb19a6-f70e-45a1-a77e-d44e96361cb5@group-E1CFAECD6859-LeaderElection4
2023-02-24 20:10:45,457 [1ecb19a6-f70e-45a1-a77e-d44e96361cb5@group-E1CFAECD6859-LeaderElection4] INFO  server.RaftServer$Division (RaftServerImpl.java:setRole(321)) - 1ecb19a6-f70e-45a1-a77e-d44e96361cb5@group-E1CFAECD6859: changes role from CANDIDATE to LEADER at term 1 for changeToLeader
2023-02-24 20:10:45,457 [1ecb19a6-f70e-45a1-a77e-d44e96361cb5@group-E1CFAECD6859-LeaderElection4] INFO  ratis.XceiverServerRatis (XceiverServerRatis.java:handleLeaderChangedNotification(905)) - Leader change notification received for group: group-E1CFAECD6859 with new leaderId: 1ecb19a6-f70e-45a1-a77e-d44e96361cb5
2023-02-24 20:10:45,457 [1ecb19a6-f70e-45a1-a77e-d44e96361cb5@group-E1CFAECD6859-LeaderElection4] INFO  server.RaftServer$Division (ServerState.java:setLeader(313)) - 1ecb19a6-f70e-45a1-a77e-d44e96361cb5@group-E1CFAECD6859: change Leader from null to 1ecb19a6-f70e-45a1-a77e-d44e96361cb5 at term 1 for becomeLeader, leader elected after 5185ms
2023-02-24 20:10:45,457 [1ecb19a6-f70e-45a1-a77e-d44e96361cb5@group-E1CFAECD6859-LeaderElection4] INFO  server.RaftServerConfigKeys (ConfUtils.java:logGet(46)) - raft.server.staging.catchup.gap = 1000 (default)
2023-02-24 20:10:45,459 [1ecb19a6-f70e-45a1-a77e-d44e96361cb5@group-E1CFAECD6859-LeaderElection4] INFO  server.RaftServerConfigKeys (ConfUtils.java:logGet(46)) - raft.server.write.element-limit = 1024 (custom)
2023-02-24 20:10:45,459 [1ecb19a6-f70e-45a1-a77e-d44e96361cb5@group-E1CFAECD6859-LeaderElection4] INFO  server.RaftServerConfigKeys (ConfUtils.java:logGet(46)) - raft.server.write.byte-limit = 1024 M (=1073741824) (custom)
2023-02-24 20:10:45,460 [EventQueue-OpenPipelineForHealthyPipelineSafeModeRule] INFO  safemode.SCMSafeModeManager (HealthyPipelineSafeModeRule.java:process(137)) - SCM in safe mode. Healthy pipelines reported count is 0, required healthy pipeline reported count is 1
2023-02-24 20:10:45,462 [1ecb19a6-f70e-45a1-a77e-d44e96361cb5@group-E1CFAECD6859-LeaderElection4] INFO  server.RaftServerConfigKeys (ConfUtils.java:logGet(46)) - raft.server.watch.timeout = 180s (custom)
2023-02-24 20:10:45,462 [1ecb19a6-f70e-45a1-a77e-d44e96361cb5@group-E1CFAECD6859-LeaderElection4] INFO  server.RaftServerConfigKeys (ConfUtils.java:logGet(46)) - raft.server.watch.timeout.denomination = 1s (default)
2023-02-24 20:10:45,462 [1ecb19a6-f70e-45a1-a77e-d44e96361cb5@group-E1CFAECD6859-LeaderElection4] INFO  server.RaftServerConfigKeys (ConfUtils.java:logGet(46)) - raft.server.watch.element-limit = 65536 (default)
2023-02-24 20:10:45,462 [1ecb19a6-f70e-45a1-a77e-d44e96361cb5@group-E1CFAECD6859-LeaderElection4] INFO  server.RaftServerConfigKeys (ConfUtils.java:logGet(46)) - raft.server.write.element-limit = 1024 (custom)
2023-02-24 20:10:45,462 [1ecb19a6-f70e-45a1-a77e-d44e96361cb5@group-E1CFAECD6859-LeaderElection4] INFO  server.RaftServerConfigKeys (ConfUtils.java:logGet(46)) - raft.server.write.follower.gap.ratio.max = -1.0 (default)
2023-02-24 20:10:45,462 [1ecb19a6-f70e-45a1-a77e-d44e96361cb5@group-E1CFAECD6859-LeaderElection4] INFO  impl.RoleInfo (RoleInfo.java:updateAndGet(139)) - 1ecb19a6-f70e-45a1-a77e-d44e96361cb5: start 1ecb19a6-f70e-45a1-a77e-d44e96361cb5@group-E1CFAECD6859-LeaderStateImpl
2023-02-24 20:10:45,462 [1ecb19a6-f70e-45a1-a77e-d44e96361cb5@group-E1CFAECD6859-LeaderElection4] INFO  segmented.SegmentedRaftLogWorker (SegmentedRaftLogWorker.java:startLogSegment(452)) - 1ecb19a6-f70e-45a1-a77e-d44e96361cb5@group-E1CFAECD6859-SegmentedRaftLogWorker: Starting segment from index:0
2023-02-24 20:10:45,463 [1ecb19a6-f70e-45a1-a77e-d44e96361cb5@group-E1CFAECD6859-SegmentedRaftLogWorker] INFO  segmented.SegmentedRaftLogWorker (SegmentedRaftLogWorker.java:execute(656)) - 1ecb19a6-f70e-45a1-a77e-d44e96361cb5@group-E1CFAECD6859-SegmentedRaftLogWorker: created new log segment /home/runner/work/ozone/ozone/hadoop-ozone/integration-test/target/test-dir/MiniOzoneClusterImpl-ab6f6114-744a-42fd-85e1-7d45e58ce038/datanode-2/data/ratis/b903c43d-f8bc-4957-b93c-e1cfaecd6859/current/log_inprogress_0
2023-02-24 20:10:45,464 [1ecb19a6-f70e-45a1-a77e-d44e96361cb5@group-E1CFAECD6859-LeaderElection4] INFO  server.RaftServer$Division (ServerState.java:setRaftConf(430)) - 1ecb19a6-f70e-45a1-a77e-d44e96361cb5@group-E1CFAECD6859: set configuration 0: peers:[1ecb19a6-f70e-45a1-a77e-d44e96361cb5|rpc:10.1.1.26:36117|dataStream:10.1.1.26:36215|priority:1|startupRole:FOLLOWER]|listeners:[], old=null
2023-02-24 20:10:45,478 [1ecb19a6-f70e-45a1-a77e-d44e96361cb5@group-C367FAA5C9D6-FollowerState] INFO  impl.FollowerState (FollowerState.java:run(143)) - 1ecb19a6-f70e-45a1-a77e-d44e96361cb5@group-C367FAA5C9D6-FollowerState: change to CANDIDATE, lastRpcElapsedTime:5118340870ns, electionTimeout:5110ms
2023-02-24 20:10:45,478 [1ecb19a6-f70e-45a1-a77e-d44e96361cb5@group-C367FAA5C9D6-FollowerState] INFO  impl.RoleInfo (RoleInfo.java:shutdownFollowerState(110)) - 1ecb19a6-f70e-45a1-a77e-d44e96361cb5: shutdown 1ecb19a6-f70e-45a1-a77e-d44e96361cb5@group-C367FAA5C9D6-FollowerState
2023-02-24 20:10:45,478 [1ecb19a6-f70e-45a1-a77e-d44e96361cb5@group-C367FAA5C9D6-FollowerState] INFO  server.RaftServer$Division (RaftServerImpl.java:setRole(321)) - 1ecb19a6-f70e-45a1-a77e-d44e96361cb5@group-C367FAA5C9D6: changes role from  FOLLOWER to CANDIDATE at term 0 for changeToCandidate
2023-02-24 20:10:45,478 [1ecb19a6-f70e-45a1-a77e-d44e96361cb5@group-C367FAA5C9D6-FollowerState] INFO  server.RaftServerConfigKeys (ConfUtils.java:logGet(46)) - raft.server.leaderelection.pre-vote = true (default)
2023-02-24 20:10:45,478 [1ecb19a6-f70e-45a1-a77e-d44e96361cb5@group-C367FAA5C9D6-FollowerState] INFO  impl.RoleInfo (RoleInfo.java:updateAndGet(139)) - 1ecb19a6-f70e-45a1-a77e-d44e96361cb5: start 1ecb19a6-f70e-45a1-a77e-d44e96361cb5@group-C367FAA5C9D6-LeaderElection5
2023-02-24 20:10:45,479 [1ecb19a6-f70e-45a1-a77e-d44e96361cb5@group-C367FAA5C9D6-LeaderElection5] INFO  impl.LeaderElection (LeaderElection.java:askForVotes(312)) - 1ecb19a6-f70e-45a1-a77e-d44e96361cb5@group-C367FAA5C9D6-LeaderElection5 PRE_VOTE round 0: submit vote requests at term 0 for -1: peers:[c4d23d98-1525-4b13-84f6-c163d1520877|rpc:10.1.1.26:40053|dataStream:10.1.1.26:46437|priority:0|startupRole:FOLLOWER, 050a2386-abc0-44f5-8cc9-5549fa72667c|rpc:10.1.1.26:39301|dataStream:10.1.1.26:42849|priority:0|startupRole:FOLLOWER, 1ecb19a6-f70e-45a1-a77e-d44e96361cb5|rpc:10.1.1.26:36117|dataStream:10.1.1.26:36215|priority:1|startupRole:FOLLOWER]|listeners:[], old=null
2023-02-24 20:10:45,479 [1ecb19a6-f70e-45a1-a77e-d44e96361cb5@group-C367FAA5C9D6-LeaderElection5] INFO  server.RaftServerConfigKeys (ConfUtils.java:logFallback(53)) - raft.server.rpc.first-election.timeout.min = 5s (fallback to raft.server.rpc.timeout.min)
2023-02-24 20:10:45,480 [1ecb19a6-f70e-45a1-a77e-d44e96361cb5@group-C367FAA5C9D6-LeaderElection5] INFO  server.RaftServerConfigKeys (ConfUtils.java:logFallback(53)) - raft.server.rpc.first-election.timeout.max = 5200ms (fallback to raft.server.rpc.timeout.max)
2023-02-24 20:10:45,480 [1ecb19a6-f70e-45a1-a77e-d44e96361cb5@group-C367FAA5C9D6-LeaderElection5-2] INFO  server.GrpcServerProtocolClient (GrpcServerProtocolClient.java:<init>(63)) - Build channel for 050a2386-abc0-44f5-8cc9-5549fa72667c
2023-02-24 20:10:45,480 [1ecb19a6-f70e-45a1-a77e-d44e96361cb5@group-C367FAA5C9D6-LeaderElection5-1] INFO  server.GrpcServerProtocolClient (GrpcServerProtocolClient.java:<init>(63)) - Build channel for c4d23d98-1525-4b13-84f6-c163d1520877
2023-02-24 20:10:45,498 [grpc-default-executor-2] INFO  server.RaftServer$Division (RaftServerImpl.java:requestVote(1218)) - 050a2386-abc0-44f5-8cc9-5549fa72667c@group-C367FAA5C9D6: receive requestVote(PRE_VOTE, 1ecb19a6-f70e-45a1-a77e-d44e96361cb5, group-C367FAA5C9D6, 0, (t:0, i:0))
2023-02-24 20:10:45,498 [grpc-default-executor-2] INFO  impl.VoteContext (VoteContext.java:log(49)) - 050a2386-abc0-44f5-8cc9-5549fa72667c@group-C367FAA5C9D6-FOLLOWER: accept PRE_VOTE from 1ecb19a6-f70e-45a1-a77e-d44e96361cb5: our priority 0 <= candidate's priority 1
2023-02-24 20:10:45,499 [grpc-default-executor-2] INFO  server.RaftServer$Division (RaftServerImpl.java:requestVote(1251)) - 050a2386-abc0-44f5-8cc9-5549fa72667c@group-C367FAA5C9D6 replies to PRE_VOTE vote request: 1ecb19a6-f70e-45a1-a77e-d44e96361cb5<-050a2386-abc0-44f5-8cc9-5549fa72667c#0:OK-t0. Peer's state: 050a2386-abc0-44f5-8cc9-5549fa72667c@group-C367FAA5C9D6:t0, leader=null, voted=, raftlog=Memoized:050a2386-abc0-44f5-8cc9-5549fa72667c@group-C367FAA5C9D6-SegmentedRaftLog:OPENED:c-1, conf=-1: peers:[c4d23d98-1525-4b13-84f6-c163d1520877|rpc:10.1.1.26:40053|dataStream:10.1.1.26:46437|priority:0|startupRole:FOLLOWER, 050a2386-abc0-44f5-8cc9-5549fa72667c|rpc:10.1.1.26:39301|dataStream:10.1.1.26:42849|priority:0|startupRole:FOLLOWER, 1ecb19a6-f70e-45a1-a77e-d44e96361cb5|rpc:10.1.1.26:36117|dataStream:10.1.1.26:36215|priority:1|startupRole:FOLLOWER]|listeners:[], old=null
2023-02-24 20:10:45,500 [1ecb19a6-f70e-45a1-a77e-d44e96361cb5@group-C367FAA5C9D6-LeaderElection5] INFO  impl.LeaderElection (LeaderElection.java:logAndReturn(90)) - 1ecb19a6-f70e-45a1-a77e-d44e96361cb5@group-C367FAA5C9D6-LeaderElection5: PRE_VOTE PASSED received 1 response(s) and 0 exception(s):
2023-02-24 20:10:45,500 [1ecb19a6-f70e-45a1-a77e-d44e96361cb5@group-C367FAA5C9D6-LeaderElection5] INFO  impl.LeaderElection (LeaderElection.java:logAndReturn(94)) -   Response 0: 1ecb19a6-f70e-45a1-a77e-d44e96361cb5<-050a2386-abc0-44f5-8cc9-5549fa72667c#0:OK-t0
2023-02-24 20:10:45,500 [1ecb19a6-f70e-45a1-a77e-d44e96361cb5@group-C367FAA5C9D6-LeaderElection5] INFO  impl.LeaderElection (LeaderElection.java:askForVotes(314)) - 1ecb19a6-f70e-45a1-a77e-d44e96361cb5@group-C367FAA5C9D6-LeaderElection5 PRE_VOTE round 0: result PASSED
2023-02-24 20:10:45,501 [1ecb19a6-f70e-45a1-a77e-d44e96361cb5@group-C367FAA5C9D6-LeaderElection5] INFO  impl.LeaderElection (LeaderElection.java:askForVotes(312)) - 1ecb19a6-f70e-45a1-a77e-d44e96361cb5@group-C367FAA5C9D6-LeaderElection5 ELECTION round 0: submit vote requests at term 1 for -1: peers:[c4d23d98-1525-4b13-84f6-c163d1520877|rpc:10.1.1.26:40053|dataStream:10.1.1.26:46437|priority:0|startupRole:FOLLOWER, 050a2386-abc0-44f5-8cc9-5549fa72667c|rpc:10.1.1.26:39301|dataStream:10.1.1.26:42849|priority:0|startupRole:FOLLOWER, 1ecb19a6-f70e-45a1-a77e-d44e96361cb5|rpc:10.1.1.26:36117|dataStream:10.1.1.26:36215|priority:1|startupRole:FOLLOWER]|listeners:[], old=null
2023-02-24 20:10:45,503 [1ecb19a6-f70e-45a1-a77e-d44e96361cb5@group-C367FAA5C9D6-LeaderElection5] INFO  server.RaftServerConfigKeys (ConfUtils.java:logFallback(53)) - raft.server.rpc.first-election.timeout.min = 5s (fallback to raft.server.rpc.timeout.min)
2023-02-24 20:10:45,503 [1ecb19a6-f70e-45a1-a77e-d44e96361cb5@group-C367FAA5C9D6-LeaderElection5] INFO  server.RaftServerConfigKeys (ConfUtils.java:logFallback(53)) - raft.server.rpc.first-election.timeout.max = 5200ms (fallback to raft.server.rpc.timeout.max)
2023-02-24 20:10:45,508 [050a2386-abc0-44f5-8cc9-5549fa72667c@group-0F6BFDD8B04B-FollowerState] INFO  impl.FollowerState (FollowerState.java:run(143)) - 050a2386-abc0-44f5-8cc9-5549fa72667c@group-0F6BFDD8B04B-FollowerState: change to CANDIDATE, lastRpcElapsedTime:5037222855ns, electionTimeout:5006ms
2023-02-24 20:10:45,509 [050a2386-abc0-44f5-8cc9-5549fa72667c@group-0F6BFDD8B04B-FollowerState] INFO  impl.RoleInfo (RoleInfo.java:shutdownFollowerState(110)) - 050a2386-abc0-44f5-8cc9-5549fa72667c: shutdown 050a2386-abc0-44f5-8cc9-5549fa72667c@group-0F6BFDD8B04B-FollowerState
2023-02-24 20:10:45,509 [050a2386-abc0-44f5-8cc9-5549fa72667c@group-0F6BFDD8B04B-FollowerState] INFO  server.RaftServer$Division (RaftServerImpl.java:setRole(321)) - 050a2386-abc0-44f5-8cc9-5549fa72667c@group-0F6BFDD8B04B: changes role from  FOLLOWER to CANDIDATE at term 0 for changeToCandidate
2023-02-24 20:10:45,509 [050a2386-abc0-44f5-8cc9-5549fa72667c@group-0F6BFDD8B04B-FollowerState] INFO  server.RaftServerConfigKeys (ConfUtils.java:logGet(46)) - raft.server.leaderelection.pre-vote = true (default)
2023-02-24 20:10:45,509 [050a2386-abc0-44f5-8cc9-5549fa72667c@group-0F6BFDD8B04B-FollowerState] INFO  impl.RoleInfo (RoleInfo.java:updateAndGet(139)) - 050a2386-abc0-44f5-8cc9-5549fa72667c: start 050a2386-abc0-44f5-8cc9-5549fa72667c@group-0F6BFDD8B04B-LeaderElection6
2023-02-24 20:10:45,514 [grpc-default-executor-1] INFO  server.RaftServer$Division (RaftServerImpl.java:requestVote(1218)) - c4d23d98-1525-4b13-84f6-c163d1520877@group-C367FAA5C9D6: receive requestVote(ELECTION, 1ecb19a6-f70e-45a1-a77e-d44e96361cb5, group-C367FAA5C9D6, 1, (t:0, i:0))
2023-02-24 20:10:45,514 [grpc-default-executor-2] INFO  server.RaftServer$Division (RaftServerImpl.java:requestVote(1218)) - c4d23d98-1525-4b13-84f6-c163d1520877@group-C367FAA5C9D6: receive requestVote(PRE_VOTE, 1ecb19a6-f70e-45a1-a77e-d44e96361cb5, group-C367FAA5C9D6, 0, (t:0, i:0))
2023-02-24 20:10:45,514 [grpc-default-executor-1] INFO  impl.VoteContext (VoteContext.java:log(49)) - c4d23d98-1525-4b13-84f6-c163d1520877@group-C367FAA5C9D6-FOLLOWER: accept ELECTION from 1ecb19a6-f70e-45a1-a77e-d44e96361cb5: our priority 0 <= candidate's priority 1
2023-02-24 20:10:45,514 [grpc-default-executor-1] INFO  server.RaftServer$Division (RaftServerImpl.java:setRole(321)) - c4d23d98-1525-4b13-84f6-c163d1520877@group-C367FAA5C9D6: changes role from  FOLLOWER to FOLLOWER at term 1 for candidate:1ecb19a6-f70e-45a1-a77e-d44e96361cb5
2023-02-24 20:10:45,514 [grpc-default-executor-1] INFO  impl.RoleInfo (RoleInfo.java:shutdownFollowerState(110)) - c4d23d98-1525-4b13-84f6-c163d1520877: shutdown c4d23d98-1525-4b13-84f6-c163d1520877@group-C367FAA5C9D6-FollowerState
2023-02-24 20:10:45,514 [grpc-default-executor-0] INFO  server.RaftServer$Division (RaftServerImpl.java:requestVote(1218)) - 050a2386-abc0-44f5-8cc9-5549fa72667c@group-C367FAA5C9D6: receive requestVote(ELECTION, 1ecb19a6-f70e-45a1-a77e-d44e96361cb5, group-C367FAA5C9D6, 1, (t:0, i:0))
2023-02-24 20:10:45,514 [grpc-default-executor-1] INFO  impl.RoleInfo (RoleInfo.java:updateAndGet(139)) - c4d23d98-1525-4b13-84f6-c163d1520877: start c4d23d98-1525-4b13-84f6-c163d1520877@group-C367FAA5C9D6-FollowerState
2023-02-24 20:10:45,514 [grpc-default-executor-0] INFO  impl.VoteContext (VoteContext.java:log(49)) - 050a2386-abc0-44f5-8cc9-5549fa72667c@group-C367FAA5C9D6-FOLLOWER: accept ELECTION from 1ecb19a6-f70e-45a1-a77e-d44e96361cb5: our priority 0 <= candidate's priority 1
2023-02-24 20:10:45,514 [grpc-default-executor-0] INFO  server.RaftServer$Division (RaftServerImpl.java:setRole(321)) - 050a2386-abc0-44f5-8cc9-5549fa72667c@group-C367FAA5C9D6: changes role from  FOLLOWER to FOLLOWER at term 1 for candidate:1ecb19a6-f70e-45a1-a77e-d44e96361cb5
2023-02-24 20:10:45,514 [c4d23d98-1525-4b13-84f6-c163d1520877@group-C367FAA5C9D6-FollowerState] INFO  impl.FollowerState (FollowerState.java:run(152)) - c4d23d98-1525-4b13-84f6-c163d1520877@group-C367FAA5C9D6-FollowerState was interrupted
2023-02-24 20:10:45,514 [grpc-default-executor-0] INFO  impl.RoleInfo (RoleInfo.java:shutdownFollowerState(110)) - 050a2386-abc0-44f5-8cc9-5549fa72667c: shutdown 050a2386-abc0-44f5-8cc9-5549fa72667c@group-C367FAA5C9D6-FollowerState
2023-02-24 20:10:45,516 [c4d23d98-1525-4b13-84f6-c163d1520877@group-C367FAA5C9D6-FollowerState] INFO  server.RaftServerConfigKeys (ConfUtils.java:logFallback(53)) - raft.server.rpc.first-election.timeout.min = 5s (fallback to raft.server.rpc.timeout.min)
2023-02-24 20:10:45,516 [c4d23d98-1525-4b13-84f6-c163d1520877@group-C367FAA5C9D6-FollowerState] INFO  server.RaftServerConfigKeys (ConfUtils.java:logFallback(53)) - raft.server.rpc.first-election.timeout.max = 5200ms (fallback to raft.server.rpc.timeout.max)
2023-02-24 20:10:45,517 [grpc-default-executor-1] INFO  server.RaftServer$Division (RaftServerImpl.java:requestVote(1251)) - c4d23d98-1525-4b13-84f6-c163d1520877@group-C367FAA5C9D6 replies to ELECTION vote request: 1ecb19a6-f70e-45a1-a77e-d44e96361cb5<-c4d23d98-1525-4b13-84f6-c163d1520877#0:OK-t1. Peer's state: c4d23d98-1525-4b13-84f6-c163d1520877@group-C367FAA5C9D6:t1, leader=null, voted=1ecb19a6-f70e-45a1-a77e-d44e96361cb5, raftlog=Memoized:c4d23d98-1525-4b13-84f6-c163d1520877@group-C367FAA5C9D6-SegmentedRaftLog:OPENED:c-1, conf=-1: peers:[c4d23d98-1525-4b13-84f6-c163d1520877|rpc:10.1.1.26:40053|dataStream:10.1.1.26:46437|priority:0|startupRole:FOLLOWER, 050a2386-abc0-44f5-8cc9-5549fa72667c|rpc:10.1.1.26:39301|dataStream:10.1.1.26:42849|priority:0|startupRole:FOLLOWER, 1ecb19a6-f70e-45a1-a77e-d44e96361cb5|rpc:10.1.1.26:36117|dataStream:10.1.1.26:36215|priority:1|startupRole:FOLLOWER]|listeners:[], old=null
2023-02-24 20:10:45,517 [grpc-default-executor-2] INFO  impl.VoteContext (VoteContext.java:log(49)) - c4d23d98-1525-4b13-84f6-c163d1520877@group-C367FAA5C9D6-FOLLOWER: accept PRE_VOTE from 1ecb19a6-f70e-45a1-a77e-d44e96361cb5: our priority 0 <= candidate's priority 1
2023-02-24 20:10:45,517 [grpc-default-executor-2] INFO  server.RaftServer$Division (RaftServerImpl.java:requestVote(1251)) - c4d23d98-1525-4b13-84f6-c163d1520877@group-C367FAA5C9D6 replies to PRE_VOTE vote request: 1ecb19a6-f70e-45a1-a77e-d44e96361cb5<-c4d23d98-1525-4b13-84f6-c163d1520877#0:OK-t1. Peer's state: c4d23d98-1525-4b13-84f6-c163d1520877@group-C367FAA5C9D6:t1, leader=null, voted=1ecb19a6-f70e-45a1-a77e-d44e96361cb5, raftlog=Memoized:c4d23d98-1525-4b13-84f6-c163d1520877@group-C367FAA5C9D6-SegmentedRaftLog:OPENED:c-1, conf=-1: peers:[c4d23d98-1525-4b13-84f6-c163d1520877|rpc:10.1.1.26:40053|dataStream:10.1.1.26:46437|priority:0|startupRole:FOLLOWER, 050a2386-abc0-44f5-8cc9-5549fa72667c|rpc:10.1.1.26:39301|dataStream:10.1.1.26:42849|priority:0|startupRole:FOLLOWER, 1ecb19a6-f70e-45a1-a77e-d44e96361cb5|rpc:10.1.1.26:36117|dataStream:10.1.1.26:36215|priority:1|startupRole:FOLLOWER]|listeners:[], old=null
2023-02-24 20:10:45,520 [grpc-default-executor-0] INFO  impl.RoleInfo (RoleInfo.java:updateAndGet(139)) - 050a2386-abc0-44f5-8cc9-5549fa72667c: start 050a2386-abc0-44f5-8cc9-5549fa72667c@group-C367FAA5C9D6-FollowerState
2023-02-24 20:10:45,521 [1ecb19a6-f70e-45a1-a77e-d44e96361cb5@group-C367FAA5C9D6-LeaderElection5] INFO  impl.LeaderElection (LeaderElection.java:logAndReturn(90)) - 1ecb19a6-f70e-45a1-a77e-d44e96361cb5@group-C367FAA5C9D6-LeaderElection5: ELECTION PASSED received 1 response(s) and 0 exception(s):
2023-02-24 20:10:45,524 [1ecb19a6-f70e-45a1-a77e-d44e96361cb5@group-C367FAA5C9D6-LeaderElection5] INFO  impl.LeaderElection (LeaderElection.java:logAndReturn(94)) -   Response 0: 1ecb19a6-f70e-45a1-a77e-d44e96361cb5<-c4d23d98-1525-4b13-84f6-c163d1520877#0:OK-t1
2023-02-24 20:10:45,524 [1ecb19a6-f70e-45a1-a77e-d44e96361cb5@group-C367FAA5C9D6-LeaderElection5] INFO  impl.LeaderElection (LeaderElection.java:askForVotes(314)) - 1ecb19a6-f70e-45a1-a77e-d44e96361cb5@group-C367FAA5C9D6-LeaderElection5 ELECTION round 0: result PASSED
2023-02-24 20:10:45,524 [1ecb19a6-f70e-45a1-a77e-d44e96361cb5@group-C367FAA5C9D6-LeaderElection5] INFO  impl.RoleInfo (RoleInfo.java:shutdownLeaderElection(130)) - 1ecb19a6-f70e-45a1-a77e-d44e96361cb5: shutdown 1ecb19a6-f70e-45a1-a77e-d44e96361cb5@group-C367FAA5C9D6-LeaderElection5
2023-02-24 20:10:45,524 [1ecb19a6-f70e-45a1-a77e-d44e96361cb5@group-C367FAA5C9D6-LeaderElection5] INFO  server.RaftServer$Division (RaftServerImpl.java:setRole(321)) - 1ecb19a6-f70e-45a1-a77e-d44e96361cb5@group-C367FAA5C9D6: changes role from CANDIDATE to LEADER at term 1 for changeToLeader
2023-02-24 20:10:45,524 [1ecb19a6-f70e-45a1-a77e-d44e96361cb5@group-C367FAA5C9D6-LeaderElection5] INFO  ratis.XceiverServerRatis (XceiverServerRatis.java:handleLeaderChangedNotification(905)) - Leader change notification received for group: group-C367FAA5C9D6 with new leaderId: 1ecb19a6-f70e-45a1-a77e-d44e96361cb5
2023-02-24 20:10:45,525 [1ecb19a6-f70e-45a1-a77e-d44e96361cb5@group-C367FAA5C9D6-LeaderElection5] INFO  server.RaftServer$Division (ServerState.java:setLeader(313)) - 1ecb19a6-f70e-45a1-a77e-d44e96361cb5@group-C367FAA5C9D6: change Leader from null to 1ecb19a6-f70e-45a1-a77e-d44e96361cb5 at term 1 for becomeLeader, leader elected after 5199ms
2023-02-24 20:10:45,525 [1ecb19a6-f70e-45a1-a77e-d44e96361cb5@group-C367FAA5C9D6-LeaderElection5] INFO  server.RaftServerConfigKeys (ConfUtils.java:logGet(46)) - raft.server.staging.catchup.gap = 1000 (default)
2023-02-24 20:10:45,525 [1ecb19a6-f70e-45a1-a77e-d44e96361cb5@group-C367FAA5C9D6-LeaderElection5] INFO  server.RaftServerConfigKeys (ConfUtils.java:logGet(46)) - raft.server.write.element-limit = 1024 (custom)
2023-02-24 20:10:45,525 [1ecb19a6-f70e-45a1-a77e-d44e96361cb5@group-C367FAA5C9D6-LeaderElection5] INFO  server.RaftServerConfigKeys (ConfUtils.java:logGet(46)) - raft.server.write.byte-limit = 1024 M (=1073741824) (custom)
2023-02-24 20:10:45,525 [1ecb19a6-f70e-45a1-a77e-d44e96361cb5@group-C367FAA5C9D6-LeaderElection5] INFO  server.RaftServerConfigKeys (ConfUtils.java:logGet(46)) - raft.server.watch.timeout = 180s (custom)
2023-02-24 20:10:45,525 [1ecb19a6-f70e-45a1-a77e-d44e96361cb5@group-C367FAA5C9D6-LeaderElection5] INFO  server.RaftServerConfigKeys (ConfUtils.java:logGet(46)) - raft.server.watch.timeout.denomination = 1s (default)
2023-02-24 20:10:45,525 [1ecb19a6-f70e-45a1-a77e-d44e96361cb5@group-C367FAA5C9D6-LeaderElection5] INFO  server.RaftServerConfigKeys (ConfUtils.java:logGet(46)) - raft.server.watch.element-limit = 65536 (default)
2023-02-24 20:10:45,525 [1ecb19a6-f70e-45a1-a77e-d44e96361cb5@group-C367FAA5C9D6-LeaderElection5] INFO  server.RaftServerConfigKeys (ConfUtils.java:logGet(46)) - raft.server.write.element-limit = 1024 (custom)
2023-02-24 20:10:45,525 [1ecb19a6-f70e-45a1-a77e-d44e96361cb5@group-C367FAA5C9D6-LeaderElection5] INFO  server.RaftServerConfigKeys (ConfUtils.java:logGet(46)) - raft.server.write.follower.gap.ratio.max = -1.0 (default)
2023-02-24 20:10:45,520 [050a2386-abc0-44f5-8cc9-5549fa72667c@group-C367FAA5C9D6-FollowerState] INFO  impl.FollowerState (FollowerState.java:run(152)) - 050a2386-abc0-44f5-8cc9-5549fa72667c@group-C367FAA5C9D6-FollowerState was interrupted
2023-02-24 20:10:45,520 [050a2386-abc0-44f5-8cc9-5549fa72667c@group-0F6BFDD8B04B-LeaderElection6] INFO  impl.LeaderElection (LeaderElection.java:askForVotes(312)) - 050a2386-abc0-44f5-8cc9-5549fa72667c@group-0F6BFDD8B04B-LeaderElection6 PRE_VOTE round 0: submit vote requests at term 0 for -1: peers:[c4d23d98-1525-4b13-84f6-c163d1520877|rpc:10.1.1.26:40053|dataStream:10.1.1.26:46437|priority:0|startupRole:FOLLOWER, 050a2386-abc0-44f5-8cc9-5549fa72667c|rpc:10.1.1.26:39301|dataStream:10.1.1.26:42849|priority:1|startupRole:FOLLOWER, 1ecb19a6-f70e-45a1-a77e-d44e96361cb5|rpc:10.1.1.26:36117|dataStream:10.1.1.26:36215|priority:0|startupRole:FOLLOWER]|listeners:[], old=null
2023-02-24 20:10:45,527 [050a2386-abc0-44f5-8cc9-5549fa72667c@group-0F6BFDD8B04B-LeaderElection6] INFO  server.RaftServerConfigKeys (ConfUtils.java:logFallback(53)) - raft.server.rpc.first-election.timeout.min = 5s (fallback to raft.server.rpc.timeout.min)
2023-02-24 20:10:45,527 [050a2386-abc0-44f5-8cc9-5549fa72667c@group-0F6BFDD8B04B-LeaderElection6] INFO  server.RaftServerConfigKeys (ConfUtils.java:logFallback(53)) - raft.server.rpc.first-election.timeout.max = 5200ms (fallback to raft.server.rpc.timeout.max)
2023-02-24 20:10:45,527 [050a2386-abc0-44f5-8cc9-5549fa72667c@group-C367FAA5C9D6-FollowerState] INFO  server.RaftServerConfigKeys (ConfUtils.java:logFallback(53)) - raft.server.rpc.first-election.timeout.min = 5s (fallback to raft.server.rpc.timeout.min)
2023-02-24 20:10:45,534 [050a2386-abc0-44f5-8cc9-5549fa72667c@group-C367FAA5C9D6-FollowerState] INFO  server.RaftServerConfigKeys (ConfUtils.java:logFallback(53)) - raft.server.rpc.first-election.timeout.max = 5200ms (fallback to raft.server.rpc.timeout.max)
2023-02-24 20:10:45,534 [EventQueue-PipelineReportForPipelineReportHandler] INFO  pipeline.PipelineManagerImpl (PipelineManagerImpl.java:openPipeline(367)) - Pipeline Pipeline[ Id: 314e1146-4ded-45f6-9fa5-c367faa5c9d6, Nodes: c4d23d98-1525-4b13-84f6-c163d1520877(fv-az204-30/10.1.1.26)050a2386-abc0-44f5-8cc9-5549fa72667c(fv-az204-30/10.1.1.26)1ecb19a6-f70e-45a1-a77e-d44e96361cb5(fv-az204-30/10.1.1.26), ReplicationConfig: RATIS/THREE, State:ALLOCATED, leaderId:1ecb19a6-f70e-45a1-a77e-d44e96361cb5, CreationTimestamp2023-02-24T20:10:37.156Z[Etc/UTC]] moved to OPEN state
2023-02-24 20:10:45,534 [EventQueue-OpenPipelineForHealthyPipelineSafeModeRule] INFO  safemode.SCMSafeModeManager (HealthyPipelineSafeModeRule.java:process(137)) - SCM in safe mode. Healthy pipelines reported count is 0, required healthy pipeline reported count is 1
2023-02-24 20:10:45,537 [EventQueue-OpenPipelineForHealthyPipelineSafeModeRule] INFO  safemode.SCMSafeModeManager (HealthyPipelineSafeModeRule.java:process(137)) - SCM in safe mode. Healthy pipelines reported count is 1, required healthy pipeline reported count is 1
2023-02-24 20:10:45,537 [EventQueue-OpenPipelineForHealthyPipelineSafeModeRule] INFO  safemode.SCMSafeModeManager (SCMSafeModeManager.java:validateSafeModeExitRules(200)) - HealthyPipelineSafeModeRule rule is successfully validated
2023-02-24 20:10:45,537 [EventQueue-OpenPipelineForHealthyPipelineSafeModeRule] INFO  safemode.SCMSafeModeManager (SCMSafeModeManager.java:validateSafeModeExitRules(215)) - ScmSafeModeManager, all rules are successfully validated
2023-02-24 20:10:45,537 [EventQueue-OpenPipelineForHealthyPipelineSafeModeRule] INFO  safemode.SCMSafeModeManager (SCMSafeModeManager.java:exitSafeMode(244)) - SCM exiting safe mode.
2023-02-24 20:10:45,537 [EventQueue-OpenPipelineForHealthyPipelineSafeModeRule] INFO  ha.SCMContext (SCMContext.java:updateSafeModeStatus(228)) - Update SafeModeStatus from SafeModeStatus{safeModeStatus=true, preCheckPassed=true} to SafeModeStatus{safeModeStatus=false, preCheckPassed=true}.
2023-02-24 20:10:45,537 [EventQueue-OpenPipelineForHealthyPipelineSafeModeRule] INFO  pipeline.BackgroundPipelineCreator (BackgroundPipelineCreator.java:notifyStatusChanged(254)) - Service BackgroundPipelineCreator transitions to RUNNING.
2023-02-24 20:10:45,537 [EventQueue-OpenPipelineForHealthyPipelineSafeModeRule] INFO  BackgroundPipelineScrubber (BackgroundSCMService.java:notifyStatusChanged(82)) - Service BackgroundPipelineScrubber transitions to RUNNING.
2023-02-24 20:10:45,537 [EventQueue-OpenPipelineForHealthyPipelineSafeModeRule] INFO  ExpiredContainerReplicaOpScrubber (BackgroundSCMService.java:notifyStatusChanged(82)) - Service ExpiredContainerReplicaOpScrubber transitions to RUNNING.
2023-02-24 20:10:45,537 [EventQueue-OpenPipelineForHealthyPipelineSafeModeRule] INFO  replication.ReplicationManager (ReplicationManager.java:notifyStatusChanged(1084)) - Service ReplicationManager transitions to RUNNING.
2023-02-24 20:10:45,538 [grpc-default-executor-0] INFO  server.RaftServer$Division (RaftServerImpl.java:requestVote(1251)) - 050a2386-abc0-44f5-8cc9-5549fa72667c@group-C367FAA5C9D6 replies to ELECTION vote request: 1ecb19a6-f70e-45a1-a77e-d44e96361cb5<-050a2386-abc0-44f5-8cc9-5549fa72667c#0:OK-t1. Peer's state: 050a2386-abc0-44f5-8cc9-5549fa72667c@group-C367FAA5C9D6:t1, leader=null, voted=1ecb19a6-f70e-45a1-a77e-d44e96361cb5, raftlog=Memoized:050a2386-abc0-44f5-8cc9-5549fa72667c@group-C367FAA5C9D6-SegmentedRaftLog:OPENED:c-1, conf=-1: peers:[c4d23d98-1525-4b13-84f6-c163d1520877|rpc:10.1.1.26:40053|dataStream:10.1.1.26:46437|priority:0|startupRole:FOLLOWER, 050a2386-abc0-44f5-8cc9-5549fa72667c|rpc:10.1.1.26:39301|dataStream:10.1.1.26:42849|priority:0|startupRole:FOLLOWER, 1ecb19a6-f70e-45a1-a77e-d44e96361cb5|rpc:10.1.1.26:36117|dataStream:10.1.1.26:36215|priority:1|startupRole:FOLLOWER]|listeners:[], old=null
2023-02-24 20:10:45,538 [grpc-default-executor-1] INFO  server.RaftServer$Division (RaftServerImpl.java:requestVote(1218)) - 1ecb19a6-f70e-45a1-a77e-d44e96361cb5@group-0F6BFDD8B04B: receive requestVote(PRE_VOTE, 050a2386-abc0-44f5-8cc9-5549fa72667c, group-0F6BFDD8B04B, 0, (t:0, i:0))
2023-02-24 20:10:45,539 [grpc-default-executor-1] INFO  impl.VoteContext (VoteContext.java:log(49)) - 1ecb19a6-f70e-45a1-a77e-d44e96361cb5@group-0F6BFDD8B04B-FOLLOWER: accept PRE_VOTE from 050a2386-abc0-44f5-8cc9-5549fa72667c: our priority 0 <= candidate's priority 1
2023-02-24 20:10:45,539 [grpc-default-executor-1] INFO  server.RaftServer$Division (RaftServerImpl.java:requestVote(1251)) - 1ecb19a6-f70e-45a1-a77e-d44e96361cb5@group-0F6BFDD8B04B replies to PRE_VOTE vote request: 050a2386-abc0-44f5-8cc9-5549fa72667c<-1ecb19a6-f70e-45a1-a77e-d44e96361cb5#0:OK-t0. Peer's state: 1ecb19a6-f70e-45a1-a77e-d44e96361cb5@group-0F6BFDD8B04B:t0, leader=null, voted=, raftlog=Memoized:1ecb19a6-f70e-45a1-a77e-d44e96361cb5@group-0F6BFDD8B04B-SegmentedRaftLog:OPENED:c-1, conf=-1: peers:[c4d23d98-1525-4b13-84f6-c163d1520877|rpc:10.1.1.26:40053|dataStream:10.1.1.26:46437|priority:0|startupRole:FOLLOWER, 050a2386-abc0-44f5-8cc9-5549fa72667c|rpc:10.1.1.26:39301|dataStream:10.1.1.26:42849|priority:1|startupRole:FOLLOWER, 1ecb19a6-f70e-45a1-a77e-d44e96361cb5|rpc:10.1.1.26:36117|dataStream:10.1.1.26:36215|priority:0|startupRole:FOLLOWER]|listeners:[], old=null
2023-02-24 20:10:45,544 [c4d23d98-1525-4b13-84f6-c163d1520877@group-0F6BFDD8B04B-FollowerState] INFO  impl.FollowerState (FollowerState.java:run(143)) - c4d23d98-1525-4b13-84f6-c163d1520877@group-0F6BFDD8B04B-FollowerState: change to CANDIDATE, lastRpcElapsedTime:5054703275ns, electionTimeout:5040ms
2023-02-24 20:10:45,544 [c4d23d98-1525-4b13-84f6-c163d1520877@group-0F6BFDD8B04B-FollowerState] INFO  impl.RoleInfo (RoleInfo.java:shutdownFollowerState(110)) - c4d23d98-1525-4b13-84f6-c163d1520877: shutdown c4d23d98-1525-4b13-84f6-c163d1520877@group-0F6BFDD8B04B-FollowerState
2023-02-24 20:10:45,544 [c4d23d98-1525-4b13-84f6-c163d1520877@group-0F6BFDD8B04B-FollowerState] INFO  server.RaftServer$Division (RaftServerImpl.java:setRole(321)) - c4d23d98-1525-4b13-84f6-c163d1520877@group-0F6BFDD8B04B: changes role from  FOLLOWER to CANDIDATE at term 0 for changeToCandidate
2023-02-24 20:10:45,544 [c4d23d98-1525-4b13-84f6-c163d1520877@group-0F6BFDD8B04B-FollowerState] INFO  server.RaftServerConfigKeys (ConfUtils.java:logGet(46)) - raft.server.leaderelection.pre-vote = true (default)
2023-02-24 20:10:45,544 [c4d23d98-1525-4b13-84f6-c163d1520877@group-0F6BFDD8B04B-FollowerState] INFO  impl.RoleInfo (RoleInfo.java:updateAndGet(139)) - c4d23d98-1525-4b13-84f6-c163d1520877: start c4d23d98-1525-4b13-84f6-c163d1520877@group-0F6BFDD8B04B-LeaderElection7
2023-02-24 20:10:45,550 [050a2386-abc0-44f5-8cc9-5549fa72667c@group-0F6BFDD8B04B-LeaderElection6] INFO  impl.LeaderElection (LeaderElection.java:logAndReturn(90)) - 050a2386-abc0-44f5-8cc9-5549fa72667c@group-0F6BFDD8B04B-LeaderElection6: PRE_VOTE PASSED received 1 response(s) and 0 exception(s):
2023-02-24 20:10:45,550 [050a2386-abc0-44f5-8cc9-5549fa72667c@group-0F6BFDD8B04B-LeaderElection6] INFO  impl.LeaderElection (LeaderElection.java:logAndReturn(94)) -   Response 0: 050a2386-abc0-44f5-8cc9-5549fa72667c<-1ecb19a6-f70e-45a1-a77e-d44e96361cb5#0:OK-t0
2023-02-24 20:10:45,550 [050a2386-abc0-44f5-8cc9-5549fa72667c@group-0F6BFDD8B04B-LeaderElection6] INFO  impl.LeaderElection (LeaderElection.java:askForVotes(314)) - 050a2386-abc0-44f5-8cc9-5549fa72667c@group-0F6BFDD8B04B-LeaderElection6 PRE_VOTE round 0: result PASSED
2023-02-24 20:10:45,550 [c4d23d98-1525-4b13-84f6-c163d1520877@group-0F6BFDD8B04B-LeaderElection7] INFO  impl.LeaderElection (LeaderElection.java:askForVotes(312)) - c4d23d98-1525-4b13-84f6-c163d1520877@group-0F6BFDD8B04B-LeaderElection7 PRE_VOTE round 0: submit vote requests at term 0 for -1: peers:[c4d23d98-1525-4b13-84f6-c163d1520877|rpc:10.1.1.26:40053|dataStream:10.1.1.26:46437|priority:0|startupRole:FOLLOWER, 050a2386-abc0-44f5-8cc9-5549fa72667c|rpc:10.1.1.26:39301|dataStream:10.1.1.26:42849|priority:1|startupRole:FOLLOWER, 1ecb19a6-f70e-45a1-a77e-d44e96361cb5|rpc:10.1.1.26:36117|dataStream:10.1.1.26:36215|priority:0|startupRole:FOLLOWER]|listeners:[], old=null
2023-02-24 20:10:45,551 [050a2386-abc0-44f5-8cc9-5549fa72667c@group-0F6BFDD8B04B-LeaderElection6] INFO  impl.LeaderElection (LeaderElection.java:askForVotes(312)) - 050a2386-abc0-44f5-8cc9-5549fa72667c@group-0F6BFDD8B04B-LeaderElection6 ELECTION round 0: submit vote requests at term 1 for -1: peers:[c4d23d98-1525-4b13-84f6-c163d1520877|rpc:10.1.1.26:40053|dataStream:10.1.1.26:46437|priority:0|startupRole:FOLLOWER, 050a2386-abc0-44f5-8cc9-5549fa72667c|rpc:10.1.1.26:39301|dataStream:10.1.1.26:42849|priority:1|startupRole:FOLLOWER, 1ecb19a6-f70e-45a1-a77e-d44e96361cb5|rpc:10.1.1.26:36117|dataStream:10.1.1.26:36215|priority:0|startupRole:FOLLOWER]|listeners:[], old=null
2023-02-24 20:10:45,552 [050a2386-abc0-44f5-8cc9-5549fa72667c@group-0F6BFDD8B04B-LeaderElection6] INFO  server.RaftServerConfigKeys (ConfUtils.java:logFallback(53)) - raft.server.rpc.first-election.timeout.min = 5s (fallback to raft.server.rpc.timeout.min)
2023-02-24 20:10:45,552 [050a2386-abc0-44f5-8cc9-5549fa72667c@group-0F6BFDD8B04B-LeaderElection6] INFO  server.RaftServerConfigKeys (ConfUtils.java:logFallback(53)) - raft.server.rpc.first-election.timeout.max = 5200ms (fallback to raft.server.rpc.timeout.max)
2023-02-24 20:10:45,554 [EventQueue-OpenPipelineForHealthyPipelineSafeModeRule] WARN  balancer.ContainerBalancer (ContainerBalancer.java:shouldRun(131)) - Could not find persisted configuration for ContainerBalancer when checking if ContainerBalancer should run. ContainerBalancer should not run now.
2023-02-24 20:10:45,560 [c4d23d98-1525-4b13-84f6-c163d1520877@group-0F6BFDD8B04B-LeaderElection7-1] INFO  server.GrpcServerProtocolClient (GrpcServerProtocolClient.java:<init>(63)) - Build channel for 050a2386-abc0-44f5-8cc9-5549fa72667c
2023-02-24 20:10:45,569 [c4d23d98-1525-4b13-84f6-c163d1520877@group-0F6BFDD8B04B-LeaderElection7] INFO  server.RaftServerConfigKeys (ConfUtils.java:logFallback(53)) - raft.server.rpc.first-election.timeout.min = 5s (fallback to raft.server.rpc.timeout.min)
2023-02-24 20:10:45,569 [c4d23d98-1525-4b13-84f6-c163d1520877@group-0F6BFDD8B04B-LeaderElection7] INFO  server.RaftServerConfigKeys (ConfUtils.java:logFallback(53)) - raft.server.rpc.first-election.timeout.max = 5200ms (fallback to raft.server.rpc.timeout.max)
2023-02-24 20:10:45,569 [c4d23d98-1525-4b13-84f6-c163d1520877@group-0F6BFDD8B04B-LeaderElection7-2] INFO  server.GrpcServerProtocolClient (GrpcServerProtocolClient.java:<init>(63)) - Build channel for 1ecb19a6-f70e-45a1-a77e-d44e96361cb5
2023-02-24 20:10:45,577 [grpc-default-executor-0] INFO  server.RaftServer$Division (RaftServerImpl.java:requestVote(1218)) - c4d23d98-1525-4b13-84f6-c163d1520877@group-0F6BFDD8B04B: receive requestVote(PRE_VOTE, 050a2386-abc0-44f5-8cc9-5549fa72667c, group-0F6BFDD8B04B, 0, (t:0, i:0))
2023-02-24 20:10:45,578 [grpc-default-executor-0] INFO  impl.VoteContext (VoteContext.java:log(49)) - c4d23d98-1525-4b13-84f6-c163d1520877@group-0F6BFDD8B04B-CANDIDATE: accept PRE_VOTE from 050a2386-abc0-44f5-8cc9-5549fa72667c: our priority 0 <= candidate's priority 1
2023-02-24 20:10:45,578 [grpc-default-executor-0] INFO  server.RaftServer$Division (RaftServerImpl.java:requestVote(1251)) - c4d23d98-1525-4b13-84f6-c163d1520877@group-0F6BFDD8B04B replies to PRE_VOTE vote request: 050a2386-abc0-44f5-8cc9-5549fa72667c<-c4d23d98-1525-4b13-84f6-c163d1520877#0:OK-t0. Peer's state: c4d23d98-1525-4b13-84f6-c163d1520877@group-0F6BFDD8B04B:t0, leader=null, voted=, raftlog=Memoized:c4d23d98-1525-4b13-84f6-c163d1520877@group-0F6BFDD8B04B-SegmentedRaftLog:OPENED:c-1, conf=-1: peers:[c4d23d98-1525-4b13-84f6-c163d1520877|rpc:10.1.1.26:40053|dataStream:10.1.1.26:46437|priority:0|startupRole:FOLLOWER, 050a2386-abc0-44f5-8cc9-5549fa72667c|rpc:10.1.1.26:39301|dataStream:10.1.1.26:42849|priority:1|startupRole:FOLLOWER, 1ecb19a6-f70e-45a1-a77e-d44e96361cb5|rpc:10.1.1.26:36117|dataStream:10.1.1.26:36215|priority:0|startupRole:FOLLOWER]|listeners:[], old=null
2023-02-24 20:10:45,579 [grpc-default-executor-2] INFO  server.RaftServer$Division (RaftServerImpl.java:requestVote(1218)) - c4d23d98-1525-4b13-84f6-c163d1520877@group-0F6BFDD8B04B: receive requestVote(ELECTION, 050a2386-abc0-44f5-8cc9-5549fa72667c, group-0F6BFDD8B04B, 1, (t:0, i:0))
2023-02-24 20:10:45,579 [grpc-default-executor-2] INFO  impl.VoteContext (VoteContext.java:log(49)) - c4d23d98-1525-4b13-84f6-c163d1520877@group-0F6BFDD8B04B-CANDIDATE: accept ELECTION from 050a2386-abc0-44f5-8cc9-5549fa72667c: our priority 0 <= candidate's priority 1
2023-02-24 20:10:45,579 [grpc-default-executor-2] INFO  server.RaftServer$Division (RaftServerImpl.java:setRole(321)) - c4d23d98-1525-4b13-84f6-c163d1520877@group-0F6BFDD8B04B: changes role from CANDIDATE to FOLLOWER at term 1 for candidate:050a2386-abc0-44f5-8cc9-5549fa72667c
2023-02-24 20:10:45,579 [grpc-default-executor-2] INFO  impl.RoleInfo (RoleInfo.java:shutdownLeaderElection(130)) - c4d23d98-1525-4b13-84f6-c163d1520877: shutdown c4d23d98-1525-4b13-84f6-c163d1520877@group-0F6BFDD8B04B-LeaderElection7
2023-02-24 20:10:45,579 [grpc-default-executor-2] INFO  impl.RoleInfo (RoleInfo.java:updateAndGet(139)) - c4d23d98-1525-4b13-84f6-c163d1520877: start c4d23d98-1525-4b13-84f6-c163d1520877@group-0F6BFDD8B04B-FollowerState
2023-02-24 20:10:45,580 [1ecb19a6-f70e-45a1-a77e-d44e96361cb5@group-C367FAA5C9D6-LeaderElection5] INFO  server.RaftServerConfigKeys (ConfUtils.java:logGet(46)) - raft.server.log.appender.snapshot.chunk.size.max = 16MB (=16777216) (default)
2023-02-24 20:10:45,584 [1ecb19a6-f70e-45a1-a77e-d44e96361cb5@group-C367FAA5C9D6-LeaderElection5] INFO  server.RaftServerConfigKeys (ConfUtils.java:logGet(46)) - raft.server.log.appender.buffer.byte-limit = 33554432 (custom)
2023-02-24 20:10:45,585 [1ecb19a6-f70e-45a1-a77e-d44e96361cb5@group-C367FAA5C9D6-LeaderElection5] INFO  server.RaftServerConfigKeys (ConfUtils.java:logGet(46)) - raft.server.log.appender.buffer.element-limit = 1 (custom)
2023-02-24 20:10:45,584 [grpc-default-executor-2] INFO  server.RaftServer$Division (RaftServerImpl.java:requestVote(1251)) - c4d23d98-1525-4b13-84f6-c163d1520877@group-0F6BFDD8B04B replies to ELECTION vote request: 050a2386-abc0-44f5-8cc9-5549fa72667c<-c4d23d98-1525-4b13-84f6-c163d1520877#0:OK-t1. Peer's state: c4d23d98-1525-4b13-84f6-c163d1520877@group-0F6BFDD8B04B:t1, leader=null, voted=050a2386-abc0-44f5-8cc9-5549fa72667c, raftlog=Memoized:c4d23d98-1525-4b13-84f6-c163d1520877@group-0F6BFDD8B04B-SegmentedRaftLog:OPENED:c-1, conf=-1: peers:[c4d23d98-1525-4b13-84f6-c163d1520877|rpc:10.1.1.26:40053|dataStream:10.1.1.26:46437|priority:0|startupRole:FOLLOWER, 050a2386-abc0-44f5-8cc9-5549fa72667c|rpc:10.1.1.26:39301|dataStream:10.1.1.26:42849|priority:1|startupRole:FOLLOWER, 1ecb19a6-f70e-45a1-a77e-d44e96361cb5|rpc:10.1.1.26:36117|dataStream:10.1.1.26:36215|priority:0|startupRole:FOLLOWER]|listeners:[], old=null
2023-02-24 20:10:45,584 [grpc-default-executor-3] INFO  server.RaftServer$Division (RaftServerImpl.java:requestVote(1218)) - 1ecb19a6-f70e-45a1-a77e-d44e96361cb5@group-0F6BFDD8B04B: receive requestVote(ELECTION, 050a2386-abc0-44f5-8cc9-5549fa72667c, group-0F6BFDD8B04B, 1, (t:0, i:0))
2023-02-24 20:10:45,590 [c4d23d98-1525-4b13-84f6-c163d1520877@group-0F6BFDD8B04B-FollowerState] INFO  server.RaftServerConfigKeys (ConfUtils.java:logFallback(53)) - raft.server.rpc.first-election.timeout.min = 5s (fallback to raft.server.rpc.timeout.min)
2023-02-24 20:10:45,598 [050a2386-abc0-44f5-8cc9-5549fa72667c@group-0F6BFDD8B04B-LeaderElection6] INFO  impl.LeaderElection (LeaderElection.java:logAndReturn(90)) - 050a2386-abc0-44f5-8cc9-5549fa72667c@group-0F6BFDD8B04B-LeaderElection6: ELECTION PASSED received 1 response(s) and 0 exception(s):
2023-02-24 20:10:45,601 [050a2386-abc0-44f5-8cc9-5549fa72667c@group-0F6BFDD8B04B-LeaderElection6] INFO  impl.LeaderElection (LeaderElection.java:logAndReturn(94)) -   Response 0: 050a2386-abc0-44f5-8cc9-5549fa72667c<-c4d23d98-1525-4b13-84f6-c163d1520877#0:OK-t1
2023-02-24 20:10:45,601 [050a2386-abc0-44f5-8cc9-5549fa72667c@group-0F6BFDD8B04B-LeaderElection6] INFO  impl.LeaderElection (LeaderElection.java:askForVotes(314)) - 050a2386-abc0-44f5-8cc9-5549fa72667c@group-0F6BFDD8B04B-LeaderElection6 ELECTION round 0: result PASSED
2023-02-24 20:10:45,601 [050a2386-abc0-44f5-8cc9-5549fa72667c@group-0F6BFDD8B04B-LeaderElection6] INFO  impl.RoleInfo (RoleInfo.java:shutdownLeaderElection(130)) - 050a2386-abc0-44f5-8cc9-5549fa72667c: shutdown 050a2386-abc0-44f5-8cc9-5549fa72667c@group-0F6BFDD8B04B-LeaderElection6
2023-02-24 20:10:45,602 [050a2386-abc0-44f5-8cc9-5549fa72667c@group-0F6BFDD8B04B-LeaderElection6] INFO  server.RaftServer$Division (RaftServerImpl.java:setRole(321)) - 050a2386-abc0-44f5-8cc9-5549fa72667c@group-0F6BFDD8B04B: changes role from CANDIDATE to LEADER at term 1 for changeToLeader
2023-02-24 20:10:45,602 [050a2386-abc0-44f5-8cc9-5549fa72667c@group-0F6BFDD8B04B-LeaderElection6] INFO  ratis.XceiverServerRatis (XceiverServerRatis.java:handleLeaderChangedNotification(905)) - Leader change notification received for group: group-0F6BFDD8B04B with new leaderId: 050a2386-abc0-44f5-8cc9-5549fa72667c
2023-02-24 20:10:45,602 [050a2386-abc0-44f5-8cc9-5549fa72667c@group-0F6BFDD8B04B-LeaderElection6] INFO  server.RaftServer$Division (ServerState.java:setLeader(313)) - 050a2386-abc0-44f5-8cc9-5549fa72667c@group-0F6BFDD8B04B: change Leader from null to 050a2386-abc0-44f5-8cc9-5549fa72667c at term 1 for becomeLeader, leader elected after 5164ms
2023-02-24 20:10:45,602 [050a2386-abc0-44f5-8cc9-5549fa72667c@group-0F6BFDD8B04B-LeaderElection6] INFO  server.RaftServerConfigKeys (ConfUtils.java:logGet(46)) - raft.server.staging.catchup.gap = 1000 (default)
2023-02-24 20:10:45,602 [050a2386-abc0-44f5-8cc9-5549fa72667c@group-0F6BFDD8B04B-LeaderElection6] INFO  server.RaftServerConfigKeys (ConfUtils.java:logGet(46)) - raft.server.write.element-limit = 1024 (custom)
2023-02-24 20:10:45,602 [050a2386-abc0-44f5-8cc9-5549fa72667c@group-0F6BFDD8B04B-LeaderElection6] INFO  server.RaftServerConfigKeys (ConfUtils.java:logGet(46)) - raft.server.write.byte-limit = 1024 M (=1073741824) (custom)
2023-02-24 20:10:45,602 [050a2386-abc0-44f5-8cc9-5549fa72667c@group-0F6BFDD8B04B-LeaderElection6] INFO  server.RaftServerConfigKeys (ConfUtils.java:logGet(46)) - raft.server.watch.timeout = 180s (custom)
2023-02-24 20:10:45,602 [050a2386-abc0-44f5-8cc9-5549fa72667c@group-0F6BFDD8B04B-LeaderElection6] INFO  server.RaftServerConfigKeys (ConfUtils.java:logGet(46)) - raft.server.watch.timeout.denomination = 1s (default)
2023-02-24 20:10:45,602 [050a2386-abc0-44f5-8cc9-5549fa72667c@group-0F6BFDD8B04B-LeaderElection6] INFO  server.RaftServerConfigKeys (ConfUtils.java:logGet(46)) - raft.server.watch.element-limit = 65536 (default)
2023-02-24 20:10:45,602 [050a2386-abc0-44f5-8cc9-5549fa72667c@group-0F6BFDD8B04B-LeaderElection6] INFO  server.RaftServerConfigKeys (ConfUtils.java:logGet(46)) - raft.server.write.element-limit = 1024 (custom)
2023-02-24 20:10:45,602 [050a2386-abc0-44f5-8cc9-5549fa72667c@group-0F6BFDD8B04B-LeaderElection6] INFO  server.RaftServerConfigKeys (ConfUtils.java:logGet(46)) - raft.server.write.follower.gap.ratio.max = -1.0 (default)
2023-02-24 20:10:45,603 [050a2386-abc0-44f5-8cc9-5549fa72667c@group-0F6BFDD8B04B-LeaderElection6] INFO  server.RaftServerConfigKeys (ConfUtils.java:logGet(46)) - raft.server.log.appender.snapshot.chunk.size.max = 16MB (=16777216) (default)
2023-02-24 20:10:45,603 [050a2386-abc0-44f5-8cc9-5549fa72667c@group-0F6BFDD8B04B-LeaderElection6] INFO  server.RaftServerConfigKeys (ConfUtils.java:logGet(46)) - raft.server.log.appender.buffer.byte-limit = 33554432 (custom)
2023-02-24 20:10:45,603 [050a2386-abc0-44f5-8cc9-5549fa72667c@group-0F6BFDD8B04B-LeaderElection6] INFO  server.RaftServerConfigKeys (ConfUtils.java:logGet(46)) - raft.server.log.appender.buffer.element-limit = 1 (custom)
2023-02-24 20:10:45,595 [grpc-default-executor-3] INFO  impl.VoteContext (VoteContext.java:log(49)) - 1ecb19a6-f70e-45a1-a77e-d44e96361cb5@group-0F6BFDD8B04B-FOLLOWER: accept ELECTION from 050a2386-abc0-44f5-8cc9-5549fa72667c: our priority 0 <= candidate's priority 1
2023-02-24 20:10:45,609 [grpc-default-executor-3] INFO  server.RaftServer$Division (RaftServerImpl.java:setRole(321)) - 1ecb19a6-f70e-45a1-a77e-d44e96361cb5@group-0F6BFDD8B04B: changes role from  FOLLOWER to FOLLOWER at term 1 for candidate:050a2386-abc0-44f5-8cc9-5549fa72667c
2023-02-24 20:10:45,609 [grpc-default-executor-3] INFO  impl.RoleInfo (RoleInfo.java:shutdownFollowerState(110)) - 1ecb19a6-f70e-45a1-a77e-d44e96361cb5: shutdown 1ecb19a6-f70e-45a1-a77e-d44e96361cb5@group-0F6BFDD8B04B-FollowerState
2023-02-24 20:10:45,609 [grpc-default-executor-3] INFO  impl.RoleInfo (RoleInfo.java:updateAndGet(139)) - 1ecb19a6-f70e-45a1-a77e-d44e96361cb5: start 1ecb19a6-f70e-45a1-a77e-d44e96361cb5@group-0F6BFDD8B04B-FollowerState
2023-02-24 20:10:45,609 [EventQueue-PipelineReportForPipelineReportHandler] INFO  pipeline.PipelineManagerImpl (PipelineManagerImpl.java:openPipeline(367)) - Pipeline Pipeline[ Id: c6e6ba68-5493-494f-9c84-0f6bfdd8b04b, Nodes: 1ecb19a6-f70e-45a1-a77e-d44e96361cb5(fv-az204-30/10.1.1.26)050a2386-abc0-44f5-8cc9-5549fa72667c(fv-az204-30/10.1.1.26)c4d23d98-1525-4b13-84f6-c163d1520877(fv-az204-30/10.1.1.26), ReplicationConfig: RATIS/THREE, State:ALLOCATED, leaderId:050a2386-abc0-44f5-8cc9-5549fa72667c, CreationTimestamp2023-02-24T20:10:37.161Z[Etc/UTC]] moved to OPEN state
2023-02-24 20:10:45,598 [1ecb19a6-f70e-45a1-a77e-d44e96361cb5@group-C367FAA5C9D6-LeaderElection5] INFO  grpc.GrpcConfigKeys (ConfUtils.java:logGet(46)) - raft.grpc.server.leader.outstanding.appends.max = 128 (default)
2023-02-24 20:10:45,610 [1ecb19a6-f70e-45a1-a77e-d44e96361cb5@group-C367FAA5C9D6-LeaderElection5] INFO  server.RaftServerConfigKeys (ConfUtils.java:logGet(46)) - raft.server.rpc.request.timeout = 60s (custom)
2023-02-24 20:10:45,610 [1ecb19a6-f70e-45a1-a77e-d44e96361cb5@group-C367FAA5C9D6-LeaderElection5] INFO  server.RaftServerConfigKeys (ConfUtils.java:logGet(46)) - raft.server.log.appender.install.snapshot.enabled = false (custom)
2023-02-24 20:10:45,610 [1ecb19a6-f70e-45a1-a77e-d44e96361cb5@group-C367FAA5C9D6-LeaderElection5] INFO  grpc.GrpcConfigKeys (ConfUtils.java:logGet(46)) - raft.grpc.server.heartbeat.channel = true (default)
2023-02-24 20:10:45,610 [1ecb19a6-f70e-45a1-a77e-d44e96361cb5@group-0F6BFDD8B04B-FollowerState] INFO  impl.FollowerState (FollowerState.java:run(152)) - 1ecb19a6-f70e-45a1-a77e-d44e96361cb5@group-0F6BFDD8B04B-FollowerState was interrupted
2023-02-24 20:10:45,597 [grpc-default-executor-0] INFO  server.RaftServer$Division (RaftServerImpl.java:requestVote(1218)) - 050a2386-abc0-44f5-8cc9-5549fa72667c@group-0F6BFDD8B04B: receive requestVote(PRE_VOTE, c4d23d98-1525-4b13-84f6-c163d1520877, group-0F6BFDD8B04B, 0, (t:0, i:0))
2023-02-24 20:10:45,613 [grpc-default-executor-3] INFO  server.RaftServer$Division (RaftServerImpl.java:requestVote(1251)) - 1ecb19a6-f70e-45a1-a77e-d44e96361cb5@group-0F6BFDD8B04B replies to ELECTION vote request: 050a2386-abc0-44f5-8cc9-5549fa72667c<-1ecb19a6-f70e-45a1-a77e-d44e96361cb5#0:OK-t1. Peer's state: 1ecb19a6-f70e-45a1-a77e-d44e96361cb5@group-0F6BFDD8B04B:t1, leader=null, voted=050a2386-abc0-44f5-8cc9-5549fa72667c, raftlog=Memoized:1ecb19a6-f70e-45a1-a77e-d44e96361cb5@group-0F6BFDD8B04B-SegmentedRaftLog:OPENED:c-1, conf=-1: peers:[c4d23d98-1525-4b13-84f6-c163d1520877|rpc:10.1.1.26:40053|dataStream:10.1.1.26:46437|priority:0|startupRole:FOLLOWER, 050a2386-abc0-44f5-8cc9-5549fa72667c|rpc:10.1.1.26:39301|dataStream:10.1.1.26:42849|priority:1|startupRole:FOLLOWER, 1ecb19a6-f70e-45a1-a77e-d44e96361cb5|rpc:10.1.1.26:36117|dataStream:10.1.1.26:36215|priority:0|startupRole:FOLLOWER]|listeners:[], old=null
2023-02-24 20:10:45,596 [grpc-default-executor-4] INFO  server.RaftServer$Division (RaftServerImpl.java:requestVote(1218)) - 1ecb19a6-f70e-45a1-a77e-d44e96361cb5@group-0F6BFDD8B04B: receive requestVote(PRE_VOTE, c4d23d98-1525-4b13-84f6-c163d1520877, group-0F6BFDD8B04B, 0, (t:0, i:0))
2023-02-24 20:10:45,613 [grpc-default-executor-4] INFO  impl.VoteContext (VoteContext.java:log(49)) - 1ecb19a6-f70e-45a1-a77e-d44e96361cb5@group-0F6BFDD8B04B-FOLLOWER: accept PRE_VOTE from c4d23d98-1525-4b13-84f6-c163d1520877: our priority 0 <= candidate's priority 0
2023-02-24 20:10:45,613 [grpc-default-executor-4] INFO  server.RaftServer$Division (RaftServerImpl.java:requestVote(1251)) - 1ecb19a6-f70e-45a1-a77e-d44e96361cb5@group-0F6BFDD8B04B replies to PRE_VOTE vote request: c4d23d98-1525-4b13-84f6-c163d1520877<-1ecb19a6-f70e-45a1-a77e-d44e96361cb5#0:OK-t1. Peer's state: 1ecb19a6-f70e-45a1-a77e-d44e96361cb5@group-0F6BFDD8B04B:t1, leader=null, voted=050a2386-abc0-44f5-8cc9-5549fa72667c, raftlog=Memoized:1ecb19a6-f70e-45a1-a77e-d44e96361cb5@group-0F6BFDD8B04B-SegmentedRaftLog:OPENED:c-1, conf=-1: peers:[c4d23d98-1525-4b13-84f6-c163d1520877|rpc:10.1.1.26:40053|dataStream:10.1.1.26:46437|priority:0|startupRole:FOLLOWER, 050a2386-abc0-44f5-8cc9-5549fa72667c|rpc:10.1.1.26:39301|dataStream:10.1.1.26:42849|priority:1|startupRole:FOLLOWER, 1ecb19a6-f70e-45a1-a77e-d44e96361cb5|rpc:10.1.1.26:36117|dataStream:10.1.1.26:36215|priority:0|startupRole:FOLLOWER]|listeners:[], old=null
2023-02-24 20:10:45,611 [1ecb19a6-f70e-45a1-a77e-d44e96361cb5@group-0F6BFDD8B04B-FollowerState] INFO  server.RaftServerConfigKeys (ConfUtils.java:logFallback(53)) - raft.server.rpc.first-election.timeout.min = 5s (fallback to raft.server.rpc.timeout.min)
2023-02-24 20:10:45,610 [1ecb19a6-f70e-45a1-a77e-d44e96361cb5@group-C367FAA5C9D6-LeaderElection5] INFO  server.RaftServerConfigKeys (ConfUtils.java:logGet(46)) - raft.server.log.appender.wait-time.min = 10ms (default)
2023-02-24 20:10:45,617 [1ecb19a6-f70e-45a1-a77e-d44e96361cb5@group-C367FAA5C9D6-LeaderElection5] INFO  server.RaftServerConfigKeys (ConfUtils.java:logGet(46)) - raft.server.log.appender.snapshot.chunk.size.max = 16MB (=16777216) (default)
2023-02-24 20:10:45,618 [1ecb19a6-f70e-45a1-a77e-d44e96361cb5@group-C367FAA5C9D6-LeaderElection5] INFO  server.RaftServerConfigKeys (ConfUtils.java:logGet(46)) - raft.server.log.appender.buffer.byte-limit = 33554432 (custom)
2023-02-24 20:10:45,618 [1ecb19a6-f70e-45a1-a77e-d44e96361cb5@group-C367FAA5C9D6-LeaderElection5] INFO  server.RaftServerConfigKeys (ConfUtils.java:logGet(46)) - raft.server.log.appender.buffer.element-limit = 1 (custom)
2023-02-24 20:10:45,618 [1ecb19a6-f70e-45a1-a77e-d44e96361cb5@group-C367FAA5C9D6-LeaderElection5] INFO  grpc.GrpcConfigKeys (ConfUtils.java:logGet(46)) - raft.grpc.server.leader.outstanding.appends.max = 128 (default)
2023-02-24 20:10:45,618 [1ecb19a6-f70e-45a1-a77e-d44e96361cb5@group-C367FAA5C9D6-LeaderElection5] INFO  server.RaftServerConfigKeys (ConfUtils.java:logGet(46)) - raft.server.rpc.request.timeout = 60s (custom)
2023-02-24 20:10:45,618 [1ecb19a6-f70e-45a1-a77e-d44e96361cb5@group-C367FAA5C9D6-LeaderElection5] INFO  server.RaftServerConfigKeys (ConfUtils.java:logGet(46)) - raft.server.log.appender.install.snapshot.enabled = false (custom)
2023-02-24 20:10:45,618 [1ecb19a6-f70e-45a1-a77e-d44e96361cb5@group-C367FAA5C9D6-LeaderElection5] INFO  grpc.GrpcConfigKeys (ConfUtils.java:logGet(46)) - raft.grpc.server.heartbeat.channel = true (default)
2023-02-24 20:10:45,618 [1ecb19a6-f70e-45a1-a77e-d44e96361cb5@group-C367FAA5C9D6-LeaderElection5] INFO  server.RaftServerConfigKeys (ConfUtils.java:logGet(46)) - raft.server.log.appender.wait-time.min = 10ms (default)
2023-02-24 20:10:45,608 [c4d23d98-1525-4b13-84f6-c163d1520877@group-0F6BFDD8B04B-FollowerState] INFO  server.RaftServerConfigKeys (ConfUtils.java:logFallback(53)) - raft.server.rpc.first-election.timeout.max = 5200ms (fallback to raft.server.rpc.timeout.max)
2023-02-24 20:10:45,603 [050a2386-abc0-44f5-8cc9-5549fa72667c@group-0F6BFDD8B04B-LeaderElection6] INFO  grpc.GrpcConfigKeys (ConfUtils.java:logGet(46)) - raft.grpc.server.leader.outstanding.appends.max = 128 (default)
2023-02-24 20:10:45,619 [050a2386-abc0-44f5-8cc9-5549fa72667c@group-0F6BFDD8B04B-LeaderElection6] INFO  server.RaftServerConfigKeys (ConfUtils.java:logGet(46)) - raft.server.rpc.request.timeout = 60s (custom)
2023-02-24 20:10:45,619 [050a2386-abc0-44f5-8cc9-5549fa72667c@group-0F6BFDD8B04B-LeaderElection6] INFO  server.RaftServerConfigKeys (ConfUtils.java:logGet(46)) - raft.server.log.appender.install.snapshot.enabled = false (custom)
2023-02-24 20:10:45,619 [050a2386-abc0-44f5-8cc9-5549fa72667c@group-0F6BFDD8B04B-LeaderElection6] INFO  grpc.GrpcConfigKeys (ConfUtils.java:logGet(46)) - raft.grpc.server.heartbeat.channel = true (default)
2023-02-24 20:10:45,619 [050a2386-abc0-44f5-8cc9-5549fa72667c@group-0F6BFDD8B04B-LeaderElection6] INFO  server.RaftServerConfigKeys (ConfUtils.java:logGet(46)) - raft.server.log.appender.wait-time.min = 10ms (default)
2023-02-24 20:10:45,619 [050a2386-abc0-44f5-8cc9-5549fa72667c@group-0F6BFDD8B04B-LeaderElection6] INFO  server.RaftServerConfigKeys (ConfUtils.java:logGet(46)) - raft.server.log.appender.snapshot.chunk.size.max = 16MB (=16777216) (default)
2023-02-24 20:10:45,619 [050a2386-abc0-44f5-8cc9-5549fa72667c@group-0F6BFDD8B04B-LeaderElection6] INFO  server.RaftServerConfigKeys (ConfUtils.java:logGet(46)) - raft.server.log.appender.buffer.byte-limit = 33554432 (custom)
2023-02-24 20:10:45,619 [050a2386-abc0-44f5-8cc9-5549fa72667c@group-0F6BFDD8B04B-LeaderElection6] INFO  server.RaftServerConfigKeys (ConfUtils.java:logGet(46)) - raft.server.log.appender.buffer.element-limit = 1 (custom)
2023-02-24 20:10:45,619 [050a2386-abc0-44f5-8cc9-5549fa72667c@group-0F6BFDD8B04B-LeaderElection6] INFO  grpc.GrpcConfigKeys (ConfUtils.java:logGet(46)) - raft.grpc.server.leader.outstanding.appends.max = 128 (default)
2023-02-24 20:10:45,619 [050a2386-abc0-44f5-8cc9-5549fa72667c@group-0F6BFDD8B04B-LeaderElection6] INFO  server.RaftServerConfigKeys (ConfUtils.java:logGet(46)) - raft.server.rpc.request.timeout = 60s (custom)
2023-02-24 20:10:45,620 [050a2386-abc0-44f5-8cc9-5549fa72667c@group-0F6BFDD8B04B-LeaderElection6] INFO  server.RaftServerConfigKeys (ConfUtils.java:logGet(46)) - raft.server.log.appender.install.snapshot.enabled = false (custom)
2023-02-24 20:10:45,620 [050a2386-abc0-44f5-8cc9-5549fa72667c@group-0F6BFDD8B04B-LeaderElection6] INFO  grpc.GrpcConfigKeys (ConfUtils.java:logGet(46)) - raft.grpc.server.heartbeat.channel = true (default)
2023-02-24 20:10:45,620 [050a2386-abc0-44f5-8cc9-5549fa72667c@group-0F6BFDD8B04B-LeaderElection6] INFO  server.RaftServerConfigKeys (ConfUtils.java:logGet(46)) - raft.server.log.appender.wait-time.min = 10ms (default)
2023-02-24 20:10:45,620 [050a2386-abc0-44f5-8cc9-5549fa72667c@group-0F6BFDD8B04B-LeaderElection6] INFO  impl.RoleInfo (RoleInfo.java:updateAndGet(139)) - 050a2386-abc0-44f5-8cc9-5549fa72667c: start 050a2386-abc0-44f5-8cc9-5549fa72667c@group-0F6BFDD8B04B-LeaderStateImpl
2023-02-24 20:10:45,621 [050a2386-abc0-44f5-8cc9-5549fa72667c@group-0F6BFDD8B04B-LeaderElection6] INFO  segmented.SegmentedRaftLogWorker (SegmentedRaftLogWorker.java:startLogSegment(452)) - 050a2386-abc0-44f5-8cc9-5549fa72667c@group-0F6BFDD8B04B-SegmentedRaftLogWorker: Starting segment from index:0
2023-02-24 20:10:45,623 [1ecb19a6-f70e-45a1-a77e-d44e96361cb5@group-C367FAA5C9D6-LeaderElection5] INFO  impl.RoleInfo (RoleInfo.java:updateAndGet(139)) - 1ecb19a6-f70e-45a1-a77e-d44e96361cb5: start 1ecb19a6-f70e-45a1-a77e-d44e96361cb5@group-C367FAA5C9D6-LeaderStateImpl
2023-02-24 20:10:45,623 [1ecb19a6-f70e-45a1-a77e-d44e96361cb5@group-C367FAA5C9D6-LeaderElection5] INFO  segmented.SegmentedRaftLogWorker (SegmentedRaftLogWorker.java:startLogSegment(452)) - 1ecb19a6-f70e-45a1-a77e-d44e96361cb5@group-C367FAA5C9D6-SegmentedRaftLogWorker: Starting segment from index:0
2023-02-24 20:10:45,615 [1ecb19a6-f70e-45a1-a77e-d44e96361cb5@group-0F6BFDD8B04B-FollowerState] INFO  server.RaftServerConfigKeys (ConfUtils.java:logFallback(53)) - raft.server.rpc.first-election.timeout.max = 5200ms (fallback to raft.server.rpc.timeout.max)
2023-02-24 20:10:45,623 [050a2386-abc0-44f5-8cc9-5549fa72667c@group-0F6BFDD8B04B-SegmentedRaftLogWorker] INFO  segmented.SegmentedRaftLogWorker (SegmentedRaftLogWorker.java:execute(656)) - 050a2386-abc0-44f5-8cc9-5549fa72667c@group-0F6BFDD8B04B-SegmentedRaftLogWorker: created new log segment /home/runner/work/ozone/ozone/hadoop-ozone/integration-test/target/test-dir/MiniOzoneClusterImpl-ab6f6114-744a-42fd-85e1-7d45e58ce038/datanode-0/data/ratis/c6e6ba68-5493-494f-9c84-0f6bfdd8b04b/current/log_inprogress_0
2023-02-24 20:10:45,631 [da31d728-c4b4-485e-b457-41dedce51e8b@group-DD03463B6649-FollowerState] INFO  impl.FollowerState (FollowerState.java:run(143)) - da31d728-c4b4-485e-b457-41dedce51e8b@group-DD03463B6649-FollowerState: change to CANDIDATE, lastRpcElapsedTime:5014114990ns, electionTimeout:5013ms
2023-02-24 20:10:45,631 [da31d728-c4b4-485e-b457-41dedce51e8b@group-DD03463B6649-FollowerState] INFO  impl.RoleInfo (RoleInfo.java:shutdownFollowerState(110)) - da31d728-c4b4-485e-b457-41dedce51e8b: shutdown da31d728-c4b4-485e-b457-41dedce51e8b@group-DD03463B6649-FollowerState
2023-02-24 20:10:45,631 [da31d728-c4b4-485e-b457-41dedce51e8b@group-DD03463B6649-FollowerState] INFO  server.RaftServer$Division (RaftServerImpl.java:setRole(321)) - da31d728-c4b4-485e-b457-41dedce51e8b@group-DD03463B6649: changes role from  FOLLOWER to CANDIDATE at term 0 for changeToCandidate
2023-02-24 20:10:45,637 [050a2386-abc0-44f5-8cc9-5549fa72667c@group-0F6BFDD8B04B-LeaderElection6] INFO  server.RaftServer$Division (ServerState.java:setRaftConf(430)) - 050a2386-abc0-44f5-8cc9-5549fa72667c@group-0F6BFDD8B04B: set configuration 0: peers:[c4d23d98-1525-4b13-84f6-c163d1520877|rpc:10.1.1.26:40053|dataStream:10.1.1.26:46437|priority:0|startupRole:FOLLOWER, 050a2386-abc0-44f5-8cc9-5549fa72667c|rpc:10.1.1.26:39301|dataStream:10.1.1.26:42849|priority:1|startupRole:FOLLOWER, 1ecb19a6-f70e-45a1-a77e-d44e96361cb5|rpc:10.1.1.26:36117|dataStream:10.1.1.26:36215|priority:0|startupRole:FOLLOWER]|listeners:[], old=null
2023-02-24 20:10:45,638 [1ecb19a6-f70e-45a1-a77e-d44e96361cb5@group-C367FAA5C9D6-SegmentedRaftLogWorker] INFO  segmented.SegmentedRaftLogWorker (SegmentedRaftLogWorker.java:execute(656)) - 1ecb19a6-f70e-45a1-a77e-d44e96361cb5@group-C367FAA5C9D6-SegmentedRaftLogWorker: created new log segment /home/runner/work/ozone/ozone/hadoop-ozone/integration-test/target/test-dir/MiniOzoneClusterImpl-ab6f6114-744a-42fd-85e1-7d45e58ce038/datanode-2/data/ratis/314e1146-4ded-45f6-9fa5-c367faa5c9d6/current/log_inprogress_0
2023-02-24 20:10:45,645 [da31d728-c4b4-485e-b457-41dedce51e8b@group-DD03463B6649-FollowerState] INFO  server.RaftServerConfigKeys (ConfUtils.java:logGet(46)) - raft.server.leaderelection.pre-vote = true (default)
2023-02-24 20:10:45,646 [da31d728-c4b4-485e-b457-41dedce51e8b@group-DD03463B6649-FollowerState] INFO  impl.RoleInfo (RoleInfo.java:updateAndGet(139)) - da31d728-c4b4-485e-b457-41dedce51e8b: start da31d728-c4b4-485e-b457-41dedce51e8b@group-DD03463B6649-LeaderElection8
2023-02-24 20:10:45,646 [1ecb19a6-f70e-45a1-a77e-d44e96361cb5@group-C367FAA5C9D6-LeaderElection5] INFO  server.RaftServer$Division (ServerState.java:setRaftConf(430)) - 1ecb19a6-f70e-45a1-a77e-d44e96361cb5@group-C367FAA5C9D6: set configuration 0: peers:[c4d23d98-1525-4b13-84f6-c163d1520877|rpc:10.1.1.26:40053|dataStream:10.1.1.26:46437|priority:0|startupRole:FOLLOWER, 050a2386-abc0-44f5-8cc9-5549fa72667c|rpc:10.1.1.26:39301|dataStream:10.1.1.26:42849|priority:0|startupRole:FOLLOWER, 1ecb19a6-f70e-45a1-a77e-d44e96361cb5|rpc:10.1.1.26:36117|dataStream:10.1.1.26:36215|priority:1|startupRole:FOLLOWER]|listeners:[], old=null
2023-02-24 20:10:45,646 [c4d23d98-1525-4b13-84f6-c163d1520877@group-0F6BFDD8B04B-LeaderElection7] INFO  impl.LeaderElection (LeaderElection.java:logAndReturn(90)) - c4d23d98-1525-4b13-84f6-c163d1520877@group-0F6BFDD8B04B-LeaderElection7: PRE_VOTE DISCOVERED_A_NEW_TERM (term=1) received 1 response(s) and 0 exception(s):
2023-02-24 20:10:45,647 [c4d23d98-1525-4b13-84f6-c163d1520877@group-0F6BFDD8B04B-LeaderElection7] INFO  impl.LeaderElection (LeaderElection.java:logAndReturn(94)) -   Response 0: c4d23d98-1525-4b13-84f6-c163d1520877<-1ecb19a6-f70e-45a1-a77e-d44e96361cb5#0:OK-t1
2023-02-24 20:10:45,661 [c4d23d98-1525-4b13-84f6-c163d1520877@group-0F6BFDD8B04B-LeaderElection7] INFO  impl.LeaderElection (LeaderElection.java:askForVotes(314)) - c4d23d98-1525-4b13-84f6-c163d1520877@group-0F6BFDD8B04B-LeaderElection7 PRE_VOTE round 0: result DISCOVERED_A_NEW_TERM (term=1)
2023-02-24 20:10:45,668 [grpc-default-executor-0] INFO  impl.VoteContext (VoteContext.java:log(49)) - 050a2386-abc0-44f5-8cc9-5549fa72667c@group-0F6BFDD8B04B-LEADER: reject PRE_VOTE from c4d23d98-1525-4b13-84f6-c163d1520877: this server is the leader and still has leadership
2023-02-24 20:10:45,684 [grpc-default-executor-0] INFO  server.RaftServer$Division (RaftServerImpl.java:requestVote(1251)) - 050a2386-abc0-44f5-8cc9-5549fa72667c@group-0F6BFDD8B04B replies to PRE_VOTE vote request: c4d23d98-1525-4b13-84f6-c163d1520877<-050a2386-abc0-44f5-8cc9-5549fa72667c#0:FAIL-t1. Peer's state: 050a2386-abc0-44f5-8cc9-5549fa72667c@group-0F6BFDD8B04B:t1, leader=050a2386-abc0-44f5-8cc9-5549fa72667c, voted=050a2386-abc0-44f5-8cc9-5549fa72667c, raftlog=Memoized:050a2386-abc0-44f5-8cc9-5549fa72667c@group-0F6BFDD8B04B-SegmentedRaftLog:OPENED:c0, conf=0: peers:[c4d23d98-1525-4b13-84f6-c163d1520877|rpc:10.1.1.26:40053|dataStream:10.1.1.26:46437|priority:0|startupRole:FOLLOWER, 050a2386-abc0-44f5-8cc9-5549fa72667c|rpc:10.1.1.26:39301|dataStream:10.1.1.26:42849|priority:1|startupRole:FOLLOWER, 1ecb19a6-f70e-45a1-a77e-d44e96361cb5|rpc:10.1.1.26:36117|dataStream:10.1.1.26:36215|priority:0|startupRole:FOLLOWER]|listeners:[], old=null
2023-02-24 20:10:45,684 [da31d728-c4b4-485e-b457-41dedce51e8b@group-DD03463B6649-LeaderElection8] INFO  impl.LeaderElection (LeaderElection.java:askForVotes(312)) - da31d728-c4b4-485e-b457-41dedce51e8b@group-DD03463B6649-LeaderElection8 PRE_VOTE round 0: submit vote requests at term 0 for -1: peers:[da31d728-c4b4-485e-b457-41dedce51e8b|rpc:10.1.1.26:36499|dataStream:10.1.1.26:41933|priority:1|startupRole:FOLLOWER]|listeners:[], old=null
2023-02-24 20:10:45,685 [da31d728-c4b4-485e-b457-41dedce51e8b@group-DD03463B6649-LeaderElection8] INFO  impl.LeaderElection (LeaderElection.java:askForVotes(314)) - da31d728-c4b4-485e-b457-41dedce51e8b@group-DD03463B6649-LeaderElection8 PRE_VOTE round 0: result PASSED (term=0)
2023-02-24 20:10:45,686 [da31d728-c4b4-485e-b457-41dedce51e8b@group-DD03463B6649-LeaderElection8] INFO  impl.LeaderElection (LeaderElection.java:askForVotes(312)) - da31d728-c4b4-485e-b457-41dedce51e8b@group-DD03463B6649-LeaderElection8 ELECTION round 0: submit vote requests at term 1 for -1: peers:[da31d728-c4b4-485e-b457-41dedce51e8b|rpc:10.1.1.26:36499|dataStream:10.1.1.26:41933|priority:1|startupRole:FOLLOWER]|listeners:[], old=null
2023-02-24 20:10:45,687 [da31d728-c4b4-485e-b457-41dedce51e8b@group-DD03463B6649-LeaderElection8] INFO  impl.LeaderElection (LeaderElection.java:askForVotes(314)) - da31d728-c4b4-485e-b457-41dedce51e8b@group-DD03463B6649-LeaderElection8 ELECTION round 0: result PASSED (term=1)
2023-02-24 20:10:45,687 [da31d728-c4b4-485e-b457-41dedce51e8b@group-DD03463B6649-LeaderElection8] INFO  impl.RoleInfo (RoleInfo.java:shutdownLeaderElection(130)) - da31d728-c4b4-485e-b457-41dedce51e8b: shutdown da31d728-c4b4-485e-b457-41dedce51e8b@group-DD03463B6649-LeaderElection8
2023-02-24 20:10:45,687 [da31d728-c4b4-485e-b457-41dedce51e8b@group-DD03463B6649-LeaderElection8] INFO  server.RaftServer$Division (RaftServerImpl.java:setRole(321)) - da31d728-c4b4-485e-b457-41dedce51e8b@group-DD03463B6649: changes role from CANDIDATE to LEADER at term 1 for changeToLeader
2023-02-24 20:10:45,687 [da31d728-c4b4-485e-b457-41dedce51e8b@group-DD03463B6649-LeaderElection8] INFO  ratis.XceiverServerRatis (XceiverServerRatis.java:handleLeaderChangedNotification(905)) - Leader change notification received for group: group-DD03463B6649 with new leaderId: da31d728-c4b4-485e-b457-41dedce51e8b
2023-02-24 20:10:45,687 [da31d728-c4b4-485e-b457-41dedce51e8b@group-DD03463B6649-LeaderElection8] INFO  server.RaftServer$Division (ServerState.java:setLeader(313)) - da31d728-c4b4-485e-b457-41dedce51e8b@group-DD03463B6649: change Leader from null to da31d728-c4b4-485e-b457-41dedce51e8b at term 1 for becomeLeader, leader elected after 5106ms
2023-02-24 20:10:45,687 [da31d728-c4b4-485e-b457-41dedce51e8b@group-DD03463B6649-LeaderElection8] INFO  server.RaftServerConfigKeys (ConfUtils.java:logGet(46)) - raft.server.staging.catchup.gap = 1000 (default)
2023-02-24 20:10:45,692 [c4d23d98-1525-4b13-84f6-c163d1520877-server-thread1] INFO  ratis.XceiverServerRatis (XceiverServerRatis.java:handleLeaderChangedNotification(905)) - Leader change notification received for group: group-C367FAA5C9D6 with new leaderId: 1ecb19a6-f70e-45a1-a77e-d44e96361cb5
2023-02-24 20:10:45,693 [1ecb19a6-f70e-45a1-a77e-d44e96361cb5-server-thread1] INFO  ratis.XceiverServerRatis (XceiverServerRatis.java:handleLeaderChangedNotification(905)) - Leader change notification received for group: group-0F6BFDD8B04B with new leaderId: 050a2386-abc0-44f5-8cc9-5549fa72667c
2023-02-24 20:10:45,703 [1ecb19a6-f70e-45a1-a77e-d44e96361cb5-server-thread1] INFO  server.RaftServer$Division (ServerState.java:setLeader(313)) - 1ecb19a6-f70e-45a1-a77e-d44e96361cb5@group-0F6BFDD8B04B: change Leader from null to 050a2386-abc0-44f5-8cc9-5549fa72667c at term 1 for appendEntries, leader elected after 5170ms
2023-02-24 20:10:45,692 [c4d23d98-1525-4b13-84f6-c163d1520877-server-thread1] INFO  ratis.XceiverServerRatis (XceiverServerRatis.java:handleLeaderChangedNotification(905)) - Leader change notification received for group: group-0F6BFDD8B04B with new leaderId: 050a2386-abc0-44f5-8cc9-5549fa72667c
2023-02-24 20:10:45,704 [c4d23d98-1525-4b13-84f6-c163d1520877-server-thread1] INFO  server.RaftServer$Division (ServerState.java:setLeader(313)) - c4d23d98-1525-4b13-84f6-c163d1520877@group-0F6BFDD8B04B: change Leader from null to 050a2386-abc0-44f5-8cc9-5549fa72667c at term 1 for appendEntries, leader elected after 5226ms
2023-02-24 20:10:45,703 [c4d23d98-1525-4b13-84f6-c163d1520877-server-thread1] INFO  server.RaftServer$Division (ServerState.java:setLeader(313)) - c4d23d98-1525-4b13-84f6-c163d1520877@group-C367FAA5C9D6: change Leader from null to 1ecb19a6-f70e-45a1-a77e-d44e96361cb5 at term 1 for appendEntries, leader elected after 5872ms
2023-02-24 20:10:45,709 [da31d728-c4b4-485e-b457-41dedce51e8b@group-DD03463B6649-LeaderElection8] INFO  server.RaftServerConfigKeys (ConfUtils.java:logGet(46)) - raft.server.write.element-limit = 1024 (custom)
2023-02-24 20:10:45,709 [da31d728-c4b4-485e-b457-41dedce51e8b@group-DD03463B6649-LeaderElection8] INFO  server.RaftServerConfigKeys (ConfUtils.java:logGet(46)) - raft.server.write.byte-limit = 1024 M (=1073741824) (custom)
2023-02-24 20:10:45,709 [050a2386-abc0-44f5-8cc9-5549fa72667c-server-thread2] INFO  ratis.XceiverServerRatis (XceiverServerRatis.java:handleLeaderChangedNotification(905)) - Leader change notification received for group: group-C367FAA5C9D6 with new leaderId: 1ecb19a6-f70e-45a1-a77e-d44e96361cb5
2023-02-24 20:10:45,709 [050a2386-abc0-44f5-8cc9-5549fa72667c-server-thread2] INFO  server.RaftServer$Division (ServerState.java:setLeader(313)) - 050a2386-abc0-44f5-8cc9-5549fa72667c@group-C367FAA5C9D6: change Leader from null to 1ecb19a6-f70e-45a1-a77e-d44e96361cb5 at term 1 for appendEntries, leader elected after 6128ms
2023-02-24 20:10:45,709 [da31d728-c4b4-485e-b457-41dedce51e8b@group-DD03463B6649-LeaderElection8] INFO  server.RaftServerConfigKeys (ConfUtils.java:logGet(46)) - raft.server.watch.timeout = 180s (custom)
2023-02-24 20:10:45,709 [da31d728-c4b4-485e-b457-41dedce51e8b@group-DD03463B6649-LeaderElection8] INFO  server.RaftServerConfigKeys (ConfUtils.java:logGet(46)) - raft.server.watch.timeout.denomination = 1s (default)
2023-02-24 20:10:45,709 [da31d728-c4b4-485e-b457-41dedce51e8b@group-DD03463B6649-LeaderElection8] INFO  server.RaftServerConfigKeys (ConfUtils.java:logGet(46)) - raft.server.watch.element-limit = 65536 (default)
2023-02-24 20:10:45,709 [da31d728-c4b4-485e-b457-41dedce51e8b@group-DD03463B6649-LeaderElection8] INFO  server.RaftServerConfigKeys (ConfUtils.java:logGet(46)) - raft.server.write.element-limit = 1024 (custom)
2023-02-24 20:10:45,709 [da31d728-c4b4-485e-b457-41dedce51e8b@group-DD03463B6649-LeaderElection8] INFO  server.RaftServerConfigKeys (ConfUtils.java:logGet(46)) - raft.server.write.follower.gap.ratio.max = -1.0 (default)
2023-02-24 20:10:45,709 [da31d728-c4b4-485e-b457-41dedce51e8b@group-DD03463B6649-LeaderElection8] INFO  impl.RoleInfo (RoleInfo.java:updateAndGet(139)) - da31d728-c4b4-485e-b457-41dedce51e8b: start da31d728-c4b4-485e-b457-41dedce51e8b@group-DD03463B6649-LeaderStateImpl
2023-02-24 20:10:45,709 [da31d728-c4b4-485e-b457-41dedce51e8b@group-DD03463B6649-LeaderElection8] INFO  segmented.SegmentedRaftLogWorker (SegmentedRaftLogWorker.java:startLogSegment(452)) - da31d728-c4b4-485e-b457-41dedce51e8b@group-DD03463B6649-SegmentedRaftLogWorker: Starting segment from index:0
2023-02-24 20:10:45,716 [da31d728-c4b4-485e-b457-41dedce51e8b@group-DD03463B6649-LeaderElection8] INFO  server.RaftServer$Division (ServerState.java:setRaftConf(430)) - da31d728-c4b4-485e-b457-41dedce51e8b@group-DD03463B6649: set configuration 0: peers:[da31d728-c4b4-485e-b457-41dedce51e8b|rpc:10.1.1.26:36499|dataStream:10.1.1.26:41933|priority:1|startupRole:FOLLOWER]|listeners:[], old=null
2023-02-24 20:10:45,718 [c4d23d98-1525-4b13-84f6-c163d1520877-server-thread2] INFO  server.RaftServer$Division (ServerState.java:setRaftConf(430)) - c4d23d98-1525-4b13-84f6-c163d1520877@group-0F6BFDD8B04B: set configuration 0: peers:[c4d23d98-1525-4b13-84f6-c163d1520877|rpc:10.1.1.26:40053|dataStream:10.1.1.26:46437|priority:0|startupRole:FOLLOWER, 050a2386-abc0-44f5-8cc9-5549fa72667c|rpc:10.1.1.26:39301|dataStream:10.1.1.26:42849|priority:1|startupRole:FOLLOWER, 1ecb19a6-f70e-45a1-a77e-d44e96361cb5|rpc:10.1.1.26:36117|dataStream:10.1.1.26:36215|priority:0|startupRole:FOLLOWER]|listeners:[], old=null
2023-02-24 20:10:45,718 [050a2386-abc0-44f5-8cc9-5549fa72667c-server-thread2] INFO  server.RaftServer$Division (ServerState.java:setRaftConf(430)) - 050a2386-abc0-44f5-8cc9-5549fa72667c@group-C367FAA5C9D6: set configuration 0: peers:[c4d23d98-1525-4b13-84f6-c163d1520877|rpc:10.1.1.26:40053|dataStream:10.1.1.26:46437|priority:0|startupRole:FOLLOWER, 050a2386-abc0-44f5-8cc9-5549fa72667c|rpc:10.1.1.26:39301|dataStream:10.1.1.26:42849|priority:0|startupRole:FOLLOWER, 1ecb19a6-f70e-45a1-a77e-d44e96361cb5|rpc:10.1.1.26:36117|dataStream:10.1.1.26:36215|priority:1|startupRole:FOLLOWER]|listeners:[], old=null
2023-02-24 20:10:45,718 [c4d23d98-1525-4b13-84f6-c163d1520877-server-thread2] INFO  segmented.SegmentedRaftLogWorker (SegmentedRaftLogWorker.java:startLogSegment(452)) - c4d23d98-1525-4b13-84f6-c163d1520877@group-0F6BFDD8B04B-SegmentedRaftLogWorker: Starting segment from index:0
2023-02-24 20:10:45,731 [da31d728-c4b4-485e-b457-41dedce51e8b@group-DD03463B6649-SegmentedRaftLogWorker] INFO  segmented.SegmentedRaftLogWorker (SegmentedRaftLogWorker.java:execute(656)) - da31d728-c4b4-485e-b457-41dedce51e8b@group-DD03463B6649-SegmentedRaftLogWorker: created new log segment /home/runner/work/ozone/ozone/hadoop-ozone/integration-test/target/test-dir/MiniOzoneClusterImpl-ab6f6114-744a-42fd-85e1-7d45e58ce038/datanode-3/data/ratis/a55bbb5b-3fd5-4f7b-b115-dd03463b6649/current/log_inprogress_0
2023-02-24 20:10:45,718 [050a2386-abc0-44f5-8cc9-5549fa72667c-server-thread2] INFO  segmented.SegmentedRaftLogWorker (SegmentedRaftLogWorker.java:startLogSegment(452)) - 050a2386-abc0-44f5-8cc9-5549fa72667c@group-C367FAA5C9D6-SegmentedRaftLogWorker: Starting segment from index:0
2023-02-24 20:10:45,718 [c4d23d98-1525-4b13-84f6-c163d1520877-server-thread2] INFO  server.RaftServer$Division (ServerState.java:setRaftConf(430)) - c4d23d98-1525-4b13-84f6-c163d1520877@group-C367FAA5C9D6: set configuration 0: peers:[c4d23d98-1525-4b13-84f6-c163d1520877|rpc:10.1.1.26:40053|dataStream:10.1.1.26:46437|priority:0|startupRole:FOLLOWER, 050a2386-abc0-44f5-8cc9-5549fa72667c|rpc:10.1.1.26:39301|dataStream:10.1.1.26:42849|priority:0|startupRole:FOLLOWER, 1ecb19a6-f70e-45a1-a77e-d44e96361cb5|rpc:10.1.1.26:36117|dataStream:10.1.1.26:36215|priority:1|startupRole:FOLLOWER]|listeners:[], old=null
2023-02-24 20:10:45,734 [c4d23d98-1525-4b13-84f6-c163d1520877-server-thread2] INFO  segmented.SegmentedRaftLogWorker (SegmentedRaftLogWorker.java:startLogSegment(452)) - c4d23d98-1525-4b13-84f6-c163d1520877@group-C367FAA5C9D6-SegmentedRaftLogWorker: Starting segment from index:0
2023-02-24 20:10:45,734 [c4d23d98-1525-4b13-84f6-c163d1520877@group-0F6BFDD8B04B-SegmentedRaftLogWorker] INFO  segmented.SegmentedRaftLogWorker (SegmentedRaftLogWorker.java:execute(656)) - c4d23d98-1525-4b13-84f6-c163d1520877@group-0F6BFDD8B04B-SegmentedRaftLogWorker: created new log segment /home/runner/work/ozone/ozone/hadoop-ozone/integration-test/target/test-dir/MiniOzoneClusterImpl-ab6f6114-744a-42fd-85e1-7d45e58ce038/datanode-1/data/ratis/c6e6ba68-5493-494f-9c84-0f6bfdd8b04b/current/log_inprogress_0
2023-02-24 20:10:45,735 [c4d23d98-1525-4b13-84f6-c163d1520877@group-C367FAA5C9D6-SegmentedRaftLogWorker] INFO  segmented.SegmentedRaftLogWorker (SegmentedRaftLogWorker.java:execute(656)) - c4d23d98-1525-4b13-84f6-c163d1520877@group-C367FAA5C9D6-SegmentedRaftLogWorker: created new log segment /home/runner/work/ozone/ozone/hadoop-ozone/integration-test/target/test-dir/MiniOzoneClusterImpl-ab6f6114-744a-42fd-85e1-7d45e58ce038/datanode-1/data/ratis/314e1146-4ded-45f6-9fa5-c367faa5c9d6/current/log_inprogress_0
2023-02-24 20:10:45,737 [1ecb19a6-f70e-45a1-a77e-d44e96361cb5-server-thread3] INFO  server.RaftServer$Division (ServerState.java:setRaftConf(430)) - 1ecb19a6-f70e-45a1-a77e-d44e96361cb5@group-0F6BFDD8B04B: set configuration 0: peers:[c4d23d98-1525-4b13-84f6-c163d1520877|rpc:10.1.1.26:40053|dataStream:10.1.1.26:46437|priority:0|startupRole:FOLLOWER, 050a2386-abc0-44f5-8cc9-5549fa72667c|rpc:10.1.1.26:39301|dataStream:10.1.1.26:42849|priority:1|startupRole:FOLLOWER, 1ecb19a6-f70e-45a1-a77e-d44e96361cb5|rpc:10.1.1.26:36117|dataStream:10.1.1.26:36215|priority:0|startupRole:FOLLOWER]|listeners:[], old=null
2023-02-24 20:10:45,737 [1ecb19a6-f70e-45a1-a77e-d44e96361cb5-server-thread3] INFO  segmented.SegmentedRaftLogWorker (SegmentedRaftLogWorker.java:startLogSegment(452)) - 1ecb19a6-f70e-45a1-a77e-d44e96361cb5@group-0F6BFDD8B04B-SegmentedRaftLogWorker: Starting segment from index:0
2023-02-24 20:10:45,738 [1ecb19a6-f70e-45a1-a77e-d44e96361cb5@group-0F6BFDD8B04B-SegmentedRaftLogWorker] INFO  segmented.SegmentedRaftLogWorker (SegmentedRaftLogWorker.java:execute(656)) - 1ecb19a6-f70e-45a1-a77e-d44e96361cb5@group-0F6BFDD8B04B-SegmentedRaftLogWorker: created new log segment /home/runner/work/ozone/ozone/hadoop-ozone/integration-test/target/test-dir/MiniOzoneClusterImpl-ab6f6114-744a-42fd-85e1-7d45e58ce038/datanode-2/data/ratis/c6e6ba68-5493-494f-9c84-0f6bfdd8b04b/current/log_inprogress_0
2023-02-24 20:10:45,738 [050a2386-abc0-44f5-8cc9-5549fa72667c@group-C367FAA5C9D6-SegmentedRaftLogWorker] INFO  segmented.SegmentedRaftLogWorker (SegmentedRaftLogWorker.java:execute(656)) - 050a2386-abc0-44f5-8cc9-5549fa72667c@group-C367FAA5C9D6-SegmentedRaftLogWorker: created new log segment /home/runner/work/ozone/ozone/hadoop-ozone/integration-test/target/test-dir/MiniOzoneClusterImpl-ab6f6114-744a-42fd-85e1-7d45e58ce038/datanode-0/data/ratis/314e1146-4ded-45f6-9fa5-c367faa5c9d6/current/log_inprogress_0
2023-02-24 20:10:45,941 [Listener at 127.0.0.1/43437] INFO  ozone.MiniOzoneClusterImpl (MiniOzoneClusterImpl.java:lambda$waitForClusterToBeReady$0(218)) - Nodes are ready. Got 5 of 5 DN Heartbeats.
2023-02-24 20:10:45,941 [Listener at 127.0.0.1/43437] INFO  ozone.MiniOzoneClusterImpl (MiniOzoneClusterImpl.java:lambda$waitForClusterToBeReady$0(221)) - Cluster exits safe mode
2023-02-24 20:10:45,941 [Listener at 127.0.0.1/43437] INFO  ozone.MiniOzoneClusterImpl (MiniOzoneClusterImpl.java:lambda$waitForClusterToBeReady$0(223)) - SCM became leader
2023-02-24 20:10:45,994 [e58d4e55-d9f6-4c0d-a324-4cc474a0d238@group-C97288801BA9-FollowerState] INFO  impl.FollowerState (FollowerState.java:run(143)) - e58d4e55-d9f6-4c0d-a324-4cc474a0d238@group-C97288801BA9-FollowerState: change to CANDIDATE, lastRpcElapsedTime:5030391626ns, electionTimeout:5026ms
2023-02-24 20:10:45,995 [e58d4e55-d9f6-4c0d-a324-4cc474a0d238@group-C97288801BA9-FollowerState] INFO  impl.RoleInfo (RoleInfo.java:shutdownFollowerState(110)) - e58d4e55-d9f6-4c0d-a324-4cc474a0d238: shutdown e58d4e55-d9f6-4c0d-a324-4cc474a0d238@group-C97288801BA9-FollowerState
2023-02-24 20:10:45,995 [e58d4e55-d9f6-4c0d-a324-4cc474a0d238@group-C97288801BA9-FollowerState] INFO  server.RaftServer$Division (RaftServerImpl.java:setRole(321)) - e58d4e55-d9f6-4c0d-a324-4cc474a0d238@group-C97288801BA9: changes role from  FOLLOWER to CANDIDATE at term 0 for changeToCandidate
2023-02-24 20:10:45,995 [e58d4e55-d9f6-4c0d-a324-4cc474a0d238@group-C97288801BA9-FollowerState] INFO  server.RaftServerConfigKeys (ConfUtils.java:logGet(46)) - raft.server.leaderelection.pre-vote = true (default)
2023-02-24 20:10:45,995 [e58d4e55-d9f6-4c0d-a324-4cc474a0d238@group-C97288801BA9-FollowerState] INFO  impl.RoleInfo (RoleInfo.java:updateAndGet(139)) - e58d4e55-d9f6-4c0d-a324-4cc474a0d238: start e58d4e55-d9f6-4c0d-a324-4cc474a0d238@group-C97288801BA9-LeaderElection9
2023-02-24 20:10:46,006 [e58d4e55-d9f6-4c0d-a324-4cc474a0d238@group-C97288801BA9-LeaderElection9] INFO  impl.LeaderElection (LeaderElection.java:askForVotes(312)) - e58d4e55-d9f6-4c0d-a324-4cc474a0d238@group-C97288801BA9-LeaderElection9 PRE_VOTE round 0: submit vote requests at term 0 for -1: peers:[e58d4e55-d9f6-4c0d-a324-4cc474a0d238|rpc:10.1.1.26:33677|dataStream:10.1.1.26:46549|priority:1|startupRole:FOLLOWER]|listeners:[], old=null
2023-02-24 20:10:46,007 [e58d4e55-d9f6-4c0d-a324-4cc474a0d238@group-C97288801BA9-LeaderElection9] INFO  impl.LeaderElection (LeaderElection.java:askForVotes(314)) - e58d4e55-d9f6-4c0d-a324-4cc474a0d238@group-C97288801BA9-LeaderElection9 PRE_VOTE round 0: result PASSED (term=0)
2023-02-24 20:10:46,008 [e58d4e55-d9f6-4c0d-a324-4cc474a0d238@group-C97288801BA9-LeaderElection9] INFO  impl.LeaderElection (LeaderElection.java:askForVotes(312)) - e58d4e55-d9f6-4c0d-a324-4cc474a0d238@group-C97288801BA9-LeaderElection9 ELECTION round 0: submit vote requests at term 1 for -1: peers:[e58d4e55-d9f6-4c0d-a324-4cc474a0d238|rpc:10.1.1.26:33677|dataStream:10.1.1.26:46549|priority:1|startupRole:FOLLOWER]|listeners:[], old=null
2023-02-24 20:10:46,008 [e58d4e55-d9f6-4c0d-a324-4cc474a0d238@group-C97288801BA9-LeaderElection9] INFO  impl.LeaderElection (LeaderElection.java:askForVotes(314)) - e58d4e55-d9f6-4c0d-a324-4cc474a0d238@group-C97288801BA9-LeaderElection9 ELECTION round 0: result PASSED (term=1)
2023-02-24 20:10:46,008 [e58d4e55-d9f6-4c0d-a324-4cc474a0d238@group-C97288801BA9-LeaderElection9] INFO  impl.RoleInfo (RoleInfo.java:shutdownLeaderElection(130)) - e58d4e55-d9f6-4c0d-a324-4cc474a0d238: shutdown e58d4e55-d9f6-4c0d-a324-4cc474a0d238@group-C97288801BA9-LeaderElection9
2023-02-24 20:10:46,008 [e58d4e55-d9f6-4c0d-a324-4cc474a0d238@group-C97288801BA9-LeaderElection9] INFO  server.RaftServer$Division (RaftServerImpl.java:setRole(321)) - e58d4e55-d9f6-4c0d-a324-4cc474a0d238@group-C97288801BA9: changes role from CANDIDATE to LEADER at term 1 for changeToLeader
2023-02-24 20:10:46,008 [e58d4e55-d9f6-4c0d-a324-4cc474a0d238@group-C97288801BA9-LeaderElection9] INFO  ratis.XceiverServerRatis (XceiverServerRatis.java:handleLeaderChangedNotification(905)) - Leader change notification received for group: group-C97288801BA9 with new leaderId: e58d4e55-d9f6-4c0d-a324-4cc474a0d238
2023-02-24 20:10:46,008 [e58d4e55-d9f6-4c0d-a324-4cc474a0d238@group-C97288801BA9-LeaderElection9] INFO  server.RaftServer$Division (ServerState.java:setLeader(313)) - e58d4e55-d9f6-4c0d-a324-4cc474a0d238@group-C97288801BA9: change Leader from null to e58d4e55-d9f6-4c0d-a324-4cc474a0d238 at term 1 for becomeLeader, leader elected after 5065ms
2023-02-24 20:10:46,008 [e58d4e55-d9f6-4c0d-a324-4cc474a0d238@group-C97288801BA9-LeaderElection9] INFO  server.RaftServerConfigKeys (ConfUtils.java:logGet(46)) - raft.server.staging.catchup.gap = 1000 (default)
2023-02-24 20:10:46,019 [e58d4e55-d9f6-4c0d-a324-4cc474a0d238@group-C97288801BA9-LeaderElection9] INFO  server.RaftServerConfigKeys (ConfUtils.java:logGet(46)) - raft.server.write.element-limit = 1024 (custom)
2023-02-24 20:10:46,019 [e58d4e55-d9f6-4c0d-a324-4cc474a0d238@group-C97288801BA9-LeaderElection9] INFO  server.RaftServerConfigKeys (ConfUtils.java:logGet(46)) - raft.server.write.byte-limit = 1024 M (=1073741824) (custom)
2023-02-24 20:10:46,019 [e58d4e55-d9f6-4c0d-a324-4cc474a0d238@group-C97288801BA9-LeaderElection9] INFO  server.RaftServerConfigKeys (ConfUtils.java:logGet(46)) - raft.server.watch.timeout = 180s (custom)
2023-02-24 20:10:46,019 [e58d4e55-d9f6-4c0d-a324-4cc474a0d238@group-C97288801BA9-LeaderElection9] INFO  server.RaftServerConfigKeys (ConfUtils.java:logGet(46)) - raft.server.watch.timeout.denomination = 1s (default)
2023-02-24 20:10:46,019 [e58d4e55-d9f6-4c0d-a324-4cc474a0d238@group-C97288801BA9-LeaderElection9] INFO  server.RaftServerConfigKeys (ConfUtils.java:logGet(46)) - raft.server.watch.element-limit = 65536 (default)
2023-02-24 20:10:46,019 [e58d4e55-d9f6-4c0d-a324-4cc474a0d238@group-C97288801BA9-LeaderElection9] INFO  server.RaftServerConfigKeys (ConfUtils.java:logGet(46)) - raft.server.write.element-limit = 1024 (custom)
2023-02-24 20:10:46,019 [e58d4e55-d9f6-4c0d-a324-4cc474a0d238@group-C97288801BA9-LeaderElection9] INFO  server.RaftServerConfigKeys (ConfUtils.java:logGet(46)) - raft.server.write.follower.gap.ratio.max = -1.0 (default)
2023-02-24 20:10:46,019 [e58d4e55-d9f6-4c0d-a324-4cc474a0d238@group-C97288801BA9-LeaderElection9] INFO  impl.RoleInfo (RoleInfo.java:updateAndGet(139)) - e58d4e55-d9f6-4c0d-a324-4cc474a0d238: start e58d4e55-d9f6-4c0d-a324-4cc474a0d238@group-C97288801BA9-LeaderStateImpl
2023-02-24 20:10:46,020 [e58d4e55-d9f6-4c0d-a324-4cc474a0d238@group-C97288801BA9-LeaderElection9] INFO  segmented.SegmentedRaftLogWorker (SegmentedRaftLogWorker.java:startLogSegment(452)) - e58d4e55-d9f6-4c0d-a324-4cc474a0d238@group-C97288801BA9-SegmentedRaftLogWorker: Starting segment from index:0
2023-02-24 20:10:46,021 [e58d4e55-d9f6-4c0d-a324-4cc474a0d238@group-C97288801BA9-SegmentedRaftLogWorker] INFO  segmented.SegmentedRaftLogWorker (SegmentedRaftLogWorker.java:execute(656)) - e58d4e55-d9f6-4c0d-a324-4cc474a0d238@group-C97288801BA9-SegmentedRaftLogWorker: created new log segment /home/runner/work/ozone/ozone/hadoop-ozone/integration-test/target/test-dir/MiniOzoneClusterImpl-ab6f6114-744a-42fd-85e1-7d45e58ce038/datanode-4/data/ratis/8b037de7-a6e8-4eaf-be14-c97288801ba9/current/log_inprogress_0
2023-02-24 20:10:46,028 [e58d4e55-d9f6-4c0d-a324-4cc474a0d238@group-C97288801BA9-LeaderElection9] INFO  server.RaftServer$Division (ServerState.java:setRaftConf(430)) - e58d4e55-d9f6-4c0d-a324-4cc474a0d238@group-C97288801BA9: set configuration 0: peers:[e58d4e55-d9f6-4c0d-a324-4cc474a0d238|rpc:10.1.1.26:33677|dataStream:10.1.1.26:46549|priority:1|startupRole:FOLLOWER]|listeners:[], old=null
2023-02-24 20:10:46,619 [JvmPauseMonitor0] WARN  util.JvmPauseMonitor (JvmPauseMonitor.java:detectPause(126)) - JvmPauseMonitor-050a2386-abc0-44f5-8cc9-5549fa72667c: Detected pause in JVM or host machine (eg GC): pause of approximately 114158408ns.
GC pool 'PS MarkSweep' had collection(s): count=1 time=189ms
GC pool 'PS Scavenge' had collection(s): count=1 time=58ms
2023-02-24 20:10:46,619 [JvmPauseMonitor4] WARN  util.JvmPauseMonitor (JvmPauseMonitor.java:detectPause(126)) - JvmPauseMonitor-e58d4e55-d9f6-4c0d-a324-4cc474a0d238: Detected pause in JVM or host machine (eg GC): pause of approximately 138555862ns.
GC pool 'PS MarkSweep' had collection(s): count=1 time=189ms
GC pool 'PS Scavenge' had collection(s): count=1 time=58ms
2023-02-24 20:10:46,707 [Listener at 127.0.0.1/43437] INFO  rpc.RpcClient (RpcClient.java:createVolume(476)) - Creating Volume: volume59435, with user22598 as owner and space quota set to -1 bytes, counts quota set to -1
2023-02-24 20:10:46,767 [IPC Server handler 1 on default port 43437] INFO  volume.OMVolumeCreateRequest (OMVolumeCreateRequest.java:validateAndUpdateCache(195)) - created volume:volume59435 for user:user22598
2023-02-24 20:10:46,793 [Listener at 127.0.0.1/43437] INFO  rpc.RpcClient (RpcClient.java:createBucket(698)) - Creating Bucket: volume59435/bucket02424, with bucket layout FILE_SYSTEM_OPTIMIZED, runner as owner, Versioning false, Storage Type set to DISK and Encryption set to false, Replication Type set to server-side default replication type, Namespace Quota set to -1, Space Quota set to -1 
2023-02-24 20:10:46,815 [IPC Server handler 3 on default port 43437] INFO  bucket.OMBucketCreateRequest (OMBucketCreateRequest.java:validateAndUpdateCache(263)) - created bucket: bucket02424 of layout FILE_SYSTEM_OPTIMIZED in volume: volume59435
2023-02-24 20:10:47,025 [IPC Server handler 0 on default port 33799] INFO  ha.SequenceIdGenerator (SequenceIdGenerator.java:getNextId(128)) - Allocate a batch for containerId, change lastId from 0 to 1000.
2023-02-24 20:10:47,036 [IPC Server handler 0 on default port 33799] WARN  ha.SequenceIdGenerator (SequenceIdGenerator.java:allocateBatch(237)) - Failed to allocate a batch for localId, expected lastId is 0, actual lastId is 111677748019200000.
2023-02-24 20:10:47,037 [IPC Server handler 0 on default port 33799] INFO  ha.SequenceIdGenerator (SequenceIdGenerator.java:getNextId(128)) - Allocate a batch for localId, change lastId from 111677748019200000 to 111677748019201000.
2023-02-24 20:10:47,127 [Listener at 127.0.0.1/43437] INFO  impl.MetricsSystemImpl (MetricsSystemImpl.java:init(158)) - XceiverClientMetrics metrics system started (again)
]]></system-out>
  </testcase>
  <testcase name="testOfsHSync" classname="org.apache.hadoop.fs.ozone.TestHSync" time="3.758"/>
  <testcase name="testStreamCapability" classname="org.apache.hadoop.fs.ozone.TestHSync" time="0.034">
    <system-out><![CDATA[2023-02-24 20:10:51,893 [IPC Server handler 4 on default port 43437] INFO  key.OMKeyRequest (OMKeyRequest.java:wrapUncommittedBlocksAsPseudoKey(837)) - Detect allocated but uncommitted blocks [{blockID={containerID=4, localID=111677748019200027}, length=131072, offset=0, token=null, pipeline=null, createVersion=0, partNumber=0}] in key file.
]]></system-out>
  </testcase>
  <testcase name="testECStreamCapability" classname="org.apache.hadoop.fs.ozone.TestHSync" time="0.199">
    <system-out><![CDATA[2023-02-24 20:10:51,922 [Listener at 127.0.0.1/43437] INFO  rpc.RpcClient (RpcClient.java:createBucket(698)) - Creating Bucket: volume59435/21323216-e087-4cf9-98e0-6433c495c8c7, with bucket layout FILE_SYSTEM_OPTIMIZED, runner as owner, Versioning false, Storage Type set to DISK and Encryption set to false, Replication Type set to EC, Namespace Quota set to -1, Space Quota set to -1 
2023-02-24 20:10:51,928 [IPC Server handler 9 on default port 43437] INFO  bucket.OMBucketCreateRequest (OMBucketCreateRequest.java:validateAndUpdateCache(263)) - created bucket: 21323216-e087-4cf9-98e0-6433c495c8c7 of layout FILE_SYSTEM_OPTIMIZED in volume: volume59435
2023-02-24 20:10:51,954 [IPC Server handler 17 on default port 33799] INFO  pipeline.PipelineStateManagerImpl (PipelineStateManagerImpl.java:addPipeline(103)) - Created pipeline Pipeline[ Id: afd38318-a09a-40a1-8cc7-42d148055d71, Nodes: e58d4e55-d9f6-4c0d-a324-4cc474a0d238(fv-az204-30/10.1.1.26)c4d23d98-1525-4b13-84f6-c163d1520877(fv-az204-30/10.1.1.26)da31d728-c4b4-485e-b457-41dedce51e8b(fv-az204-30/10.1.1.26)1ecb19a6-f70e-45a1-a77e-d44e96361cb5(fv-az204-30/10.1.1.26)050a2386-abc0-44f5-8cc9-5549fa72667c(fv-az204-30/10.1.1.26), ReplicationConfig: EC/ECReplicationConfig{data=3, parity=2, ecChunkSize=1024, codec=rs}, State:ALLOCATED, leaderId:, CreationTimestamp2023-02-24T20:10:51.954Z[Etc/UTC]].
2023-02-24 20:10:51,955 [IPC Server handler 17 on default port 33799] INFO  pipeline.PipelineManagerImpl (PipelineManagerImpl.java:openPipeline(367)) - Pipeline Pipeline[ Id: afd38318-a09a-40a1-8cc7-42d148055d71, Nodes: e58d4e55-d9f6-4c0d-a324-4cc474a0d238(fv-az204-30/10.1.1.26)c4d23d98-1525-4b13-84f6-c163d1520877(fv-az204-30/10.1.1.26)da31d728-c4b4-485e-b457-41dedce51e8b(fv-az204-30/10.1.1.26)1ecb19a6-f70e-45a1-a77e-d44e96361cb5(fv-az204-30/10.1.1.26)050a2386-abc0-44f5-8cc9-5549fa72667c(fv-az204-30/10.1.1.26), ReplicationConfig: EC/ECReplicationConfig{data=3, parity=2, ecChunkSize=1024, codec=rs}, State:ALLOCATED, leaderId:, CreationTimestamp2023-02-24T20:10:51.954Z[Etc/UTC]] moved to OPEN state
2023-02-24 20:10:51,996 [Listener at 127.0.0.1/43437] WARN  erasurecode.ErasureCodeNative (ErasureCodeNative.java:<clinit>(55)) - ISA-L support is not available in your platform... using builtin-java codec where applicable
2023-02-24 20:10:52,090 [IPC Server handler 16 on default port 43437] INFO  key.OMKeyRequest (OMKeyRequest.java:wrapUncommittedBlocksAsPseudoKey(837)) - Detect allocated but uncommitted blocks [{blockID={containerID=5, localID=111677748019200028}, length=131072, offset=0, token=null, pipeline=null, createVersion=0, partNumber=0}] in key volume59435/bucket02424/file.
]]></system-out>
  </testcase>
</testsuite>