<?xml version="1.0" encoding="UTF-8"?>
<testsuite xmlns:xsi="http://www.w3.org/2001/XMLSchema-instance" xsi:noNamespaceSchemaLocation="https://maven.apache.org/surefire/maven-surefire-plugin/xsd/surefire-test-report-3.0.xsd" version="3.0" name="org.apache.hadoop.ozone.client.rpc.TestBlockOutputStreamWithFailures" time="587.022" tests="6" errors="1" skipped="0" failures="0">
  <properties>
    <property name="java.specification.version" value="17"/>
    <property name="sun.jnu.encoding" value="UTF-8"/>
    <property name="gradle.enterprise.listener.surefire.forkId" value="1"/>
    <property name="java.class.path" value="/home/runner/work/ozone/ozone/hadoop-ozone/integration-test/target/test-classes:/home/runner/work/ozone/ozone/hadoop-ozone/integration-test/target/classes:/home/runner/work/ozone/ozone/hadoop-ozone/common/target/classes:/home/runner/.m2/repository/io/grpc/grpc-netty/1.58.0/grpc-netty-1.58.0.jar:/home/runner/.m2/repository/io/grpc/grpc-core/1.58.0/grpc-core-1.58.0.jar:/home/runner/.m2/repository/com/google/android/annotations/4.1.1.4/annotations-4.1.1.4.jar:/home/runner/.m2/repository/org/codehaus/mojo/animal-sniffer-annotations/1.23/animal-sniffer-annotations-1.23.jar:/home/runner/.m2/repository/io/grpc/grpc-context/1.58.0/grpc-context-1.58.0.jar:/home/runner/.m2/repository/io/grpc/grpc-util/1.58.0/grpc-util-1.58.0.jar:/home/runner/.m2/repository/com/google/errorprone/error_prone_annotations/2.2.0/error_prone_annotations-2.2.0.jar:/home/runner/.m2/repository/io/perfmark/perfmark-api/0.26.0/perfmark-api-0.26.0.jar:/home/runner/.m2/repository/io/netty/netty-codec-http2/4.1.109.Final/netty-codec-http2-4.1.109.Final.jar:/home/runner/.m2/repository/io/netty/netty-common/4.1.109.Final/netty-common-4.1.109.Final.jar:/home/runner/.m2/repository/io/netty/netty-buffer/4.1.109.Final/netty-buffer-4.1.109.Final.jar:/home/runner/.m2/repository/io/netty/netty-codec-http/4.1.109.Final/netty-codec-http-4.1.109.Final.jar:/home/runner/.m2/repository/io/netty/netty-handler-proxy/4.1.109.Final/netty-handler-proxy-4.1.109.Final.jar:/home/runner/.m2/repository/io/netty/netty-codec-socks/4.1.109.Final/netty-codec-socks-4.1.109.Final.jar:/home/runner/.m2/repository/io/netty/netty-tcnative-boringssl-static/2.0.65.Final/netty-tcnative-boringssl-static-2.0.65.Final.jar:/home/runner/.m2/repository/io/netty/netty-tcnative-classes/2.0.65.Final/netty-tcnative-classes-2.0.65.Final.jar:/home/runner/.m2/repository/io/netty/netty-tcnative-boringssl-static/2.0.65.Final/netty-tcnative-boringssl-static-2.0.65.Final-linux-x86_64.jar:/home/runner/.m2/repository/io/netty/netty-tcnative-boringssl-static/2.0.65.Final/netty-tcnative-boringssl-static-2.0.65.Final-linux-aarch_64.jar:/home/runner/.m2/repository/io/netty/netty-tcnative-boringssl-static/2.0.65.Final/netty-tcnative-boringssl-static-2.0.65.Final-osx-x86_64.jar:/home/runner/.m2/repository/io/netty/netty-tcnative-boringssl-static/2.0.65.Final/netty-tcnative-boringssl-static-2.0.65.Final-osx-aarch_64.jar:/home/runner/.m2/repository/io/netty/netty-tcnative-boringssl-static/2.0.65.Final/netty-tcnative-boringssl-static-2.0.65.Final-windows-x86_64.jar:/home/runner/.m2/repository/org/apache/commons/commons-compress/1.26.0/commons-compress-1.26.0.jar:/home/runner/work/ozone/ozone/hadoop-hdds/common/target/classes:/home/runner/work/ozone/ozone/hadoop-hdds/client/target/classes:/home/runner/work/ozone/ozone/hadoop-ozone/interface-client/target/classes:/home/runner/.m2/repository/org/apache/hadoop/hadoop-hdfs-client/3.3.6/hadoop-hdfs-client-3.3.6.jar:/home/runner/.m2/repository/com/squareup/okhttp3/okhttp/4.12.0/okhttp-4.12.0.jar:/home/runner/.m2/repository/com/squareup/okio/okio/3.6.0/okio-3.6.0.jar:/home/runner/.m2/repository/com/squareup/okio/okio-jvm/3.6.0/okio-jvm-3.6.0.jar:/home/runner/.m2/repository/org/jetbrains/kotlin/kotlin-stdlib-jdk8/1.9.22/kotlin-stdlib-jdk8-1.9.22.jar:/home/runner/.m2/repository/org/jetbrains/kotlin/kotlin-stdlib-jdk7/1.9.22/kotlin-stdlib-jdk7-1.9.22.jar:/home/runner/.m2/repository/org/jetbrains/kotlin/kotlin-stdlib-common/1.9.22/kotlin-stdlib-common-1.9.22.jar:/home/runner/work/ozone/ozone/hadoop-hdds/test-utils/target/classes:/home/runner/.m2/repository/org/assertj/assertj-core/3.12.2/assertj-core-3.12.2.jar:/home/runner/.m2/repository/com/google/guava/guava/32.1.3-jre/guava-32.1.3-jre.jar:/home/runner/.m2/repository/com/google/guava/failureaccess/1.0.1/failureaccess-1.0.1.jar:/home/runner/.m2/repository/com/google/guava/listenablefuture/9999.0-empty-to-avoid-conflict-with-guava/listenablefuture-9999.0-empty-to-avoid-conflict-with-guava.jar:/home/runner/.m2/repository/org/checkerframework/checker-qual/3.37.0/checker-qual-3.37.0.jar:/home/runner/.m2/repository/com/google/j2objc/j2objc-annotations/2.8/j2objc-annotations-2.8.jar:/home/runner/.m2/repository/commons-io/commons-io/2.16.1/commons-io-2.16.1.jar:/home/runner/.m2/repository/commons-logging/commons-logging/1.2/commons-logging-1.2.jar:/home/runner/.m2/repository/org/junit/jupiter/junit-jupiter-api/5.10.2/junit-jupiter-api-5.10.2.jar:/home/runner/.m2/repository/org/opentest4j/opentest4j/1.3.0/opentest4j-1.3.0.jar:/home/runner/.m2/repository/org/junit/platform/junit-platform-commons/1.10.2/junit-platform-commons-1.10.2.jar:/home/runner/.m2/repository/ch/qos/reload4j/reload4j/1.2.25/reload4j-1.2.25.jar:/home/runner/.m2/repository/jakarta/annotation/jakarta.annotation-api/2.1.1/jakarta.annotation-api-2.1.1.jar:/home/runner/.m2/repository/org/slf4j/slf4j-api/2.0.12/slf4j-api-2.0.12.jar:/home/runner/.m2/repository/org/apache/logging/log4j/log4j-api/2.17.1/log4j-api-2.17.1.jar:/home/runner/work/ozone/ozone/hadoop-hdds/server-scm/target/classes:/home/runner/.m2/repository/com/google/protobuf/protobuf-java/2.5.0/protobuf-java-2.5.0.jar:/home/runner/work/ozone/ozone/hadoop-hdds/container-service/target/classes:/home/runner/work/ozone/ozone/hadoop-hdds/hadoop-dependency-server/target/classes:/home/runner/.m2/repository/com/nimbusds/nimbus-jose-jwt/9.37.2/nimbus-jose-jwt-9.37.2.jar:/home/runner/.m2/repository/com/github/stephenc/jcip/jcip-annotations/1.0-1/jcip-annotations-1.0-1.jar:/home/runner/.m2/repository/org/apache/hadoop/hadoop-hdfs/3.3.6/hadoop-hdfs-3.3.6.jar:/home/runner/.m2/repository/commons-daemon/commons-daemon/1.3.4/commons-daemon-1.3.4.jar:/home/runner/.m2/repository/org/apache/kerby/kerb-core/1.0.1/kerb-core-1.0.1.jar:/home/runner/.m2/repository/org/apache/kerby/kerby-pkix/1.0.1/kerby-pkix-1.0.1.jar:/home/runner/.m2/repository/org/apache/kerby/kerby-asn1/1.0.1/kerby-asn1-1.0.1.jar:/home/runner/.m2/repository/org/apache/kerby/kerby-util/1.0.1/kerby-util-1.0.1.jar:/home/runner/.m2/repository/org/apache/kerby/kerb-util/1.0.1/kerb-util-1.0.1.jar:/home/runner/.m2/repository/org/apache/kerby/kerby-config/1.0.1/kerby-config-1.0.1.jar:/home/runner/.m2/repository/org/apache/kerby/kerb-crypto/1.0.1/kerb-crypto-1.0.1.jar:/home/runner/.m2/repository/org/xerial/snappy/snappy-java/1.1.10.5/snappy-java-1.1.10.5.jar:/home/runner/work/ozone/ozone/hadoop-hdds/framework/target/classes:/home/runner/.m2/repository/org/bouncycastle/bcprov-jdk18on/1.78.1/bcprov-jdk18on-1.78.1.jar:/home/runner/.m2/repository/io/dropwizard/metrics/metrics-core/3.2.4/metrics-core-3.2.4.jar:/home/runner/.m2/repository/org/apache/commons/commons-text/1.11.0/commons-text-1.11.0.jar:/home/runner/work/ozone/ozone/hadoop-hdds/framework/target/test-classes:/home/runner/work/ozone/ozone/hadoop-hdds/interface-server/target/classes:/home/runner/work/ozone/ozone/hadoop-hdds/interface-admin/target/classes:/home/runner/work/ozone/ozone/hadoop-hdds/managed-rocksdb/target/classes:/home/runner/.m2/repository/org/rocksdb/rocksdbjni/7.7.3/rocksdbjni-7.7.3.jar:/home/runner/.m2/repository/org/slf4j/slf4j-reload4j/2.0.12/slf4j-reload4j-2.0.12.jar:/home/runner/.m2/repository/org/apache/commons/commons-configuration2/2.10.1/commons-configuration2-2.10.1.jar:/home/runner/.m2/repository/commons-fileupload/commons-fileupload/1.5/commons-fileupload-1.5.jar:/home/runner/.m2/repository/org/apache/logging/log4j/log4j-core/2.17.1/log4j-core-2.17.1.jar:/home/runner/.m2/repository/com/lmax/disruptor/3.4.4/disruptor-3.4.4.jar:/home/runner/.m2/repository/org/eclipse/jetty/jetty-util/9.4.54.v20240208/jetty-util-9.4.54.v20240208.jar:/home/runner/.m2/repository/org/eclipse/jetty/jetty-server/9.4.54.v20240208/jetty-server-9.4.54.v20240208.jar:/home/runner/.m2/repository/org/eclipse/jetty/jetty-http/9.4.54.v20240208/jetty-http-9.4.54.v20240208.jar:/home/runner/.m2/repository/org/eclipse/jetty/jetty-io/9.4.54.v20240208/jetty-io-9.4.54.v20240208.jar:/home/runner/.m2/repository/org/eclipse/jetty/jetty-servlet/9.4.54.v20240208/jetty-servlet-9.4.54.v20240208.jar:/home/runner/.m2/repository/org/eclipse/jetty/jetty-security/9.4.54.v20240208/jetty-security-9.4.54.v20240208.jar:/home/runner/.m2/repository/org/eclipse/jetty/jetty-util-ajax/9.4.54.v20240208/jetty-util-ajax-9.4.54.v20240208.jar:/home/runner/.m2/repository/org/eclipse/jetty/jetty-webapp/9.4.54.v20240208/jetty-webapp-9.4.54.v20240208.jar:/home/runner/.m2/repository/org/eclipse/jetty/jetty-xml/9.4.54.v20240208/jetty-xml-9.4.54.v20240208.jar:/home/runner/.m2/repository/org/apache/ratis/ratis-server/3.0.1/ratis-server-3.0.1.jar:/home/runner/.m2/repository/org/apache/ratis/ratis-thirdparty-misc/1.0.5/ratis-thirdparty-misc-1.0.5.jar:/home/runner/.m2/repository/org/apache/ratis/ratis-proto/3.0.1/ratis-proto-3.0.1.jar:/home/runner/.m2/repository/org/apache/ratis/ratis-common/3.0.1/ratis-common-3.0.1.jar:/home/runner/.m2/repository/org/apache/ratis/ratis-client/3.0.1/ratis-client-3.0.1.jar:/home/runner/.m2/repository/org/apache/ratis/ratis-server-api/3.0.1/ratis-server-api-3.0.1.jar:/home/runner/.m2/repository/org/apache/ratis/ratis-metrics-api/3.0.1/ratis-metrics-api-3.0.1.jar:/home/runner/.m2/repository/org/apache/ratis/ratis-metrics-dropwizard3/3.0.1/ratis-metrics-dropwizard3-3.0.1.jar:/home/runner/.m2/repository/io/prometheus/simpleclient_dropwizard/0.16.0/simpleclient_dropwizard-0.16.0.jar:/home/runner/.m2/repository/io/prometheus/simpleclient/0.16.0/simpleclient-0.16.0.jar:/home/runner/.m2/repository/io/prometheus/simpleclient_common/0.16.0/simpleclient_common-0.16.0.jar:/home/runner/.m2/repository/com/fasterxml/jackson/datatype/jackson-datatype-jsr310/2.16.1/jackson-datatype-jsr310-2.16.1.jar:/home/runner/.m2/repository/com/fasterxml/jackson/core/jackson-core/2.16.1/jackson-core-2.16.1.jar:/home/runner/work/ozone/ozone/hadoop-hdds/rocksdb-checkpoint-differ/target/classes:/home/runner/.m2/repository/org/jgrapht/jgrapht-core/1.4.0/jgrapht-core-1.4.0.jar:/home/runner/.m2/repository/org/jheaps/jheaps/0.11/jheaps-0.11.jar:/home/runner/.m2/repository/org/jgrapht/jgrapht-ext/1.4.0/jgrapht-ext-1.4.0.jar:/home/runner/.m2/repository/com/github/vlsi/mxgraph/jgraphx/3.9.8.1/jgraphx-3.9.8.1.jar:/home/runner/work/ozone/ozone/hadoop-ozone/ozone-manager/target/classes:/home/runner/.m2/repository/org/aspectj/aspectjrt/1.9.7/aspectjrt-1.9.7.jar:/home/runner/.m2/repository/org/aspectj/aspectjweaver/1.9.7/aspectjweaver-1.9.7.jar:/home/runner/work/ozone/ozone/hadoop-hdds/interface-client/target/classes:/home/runner/.m2/repository/org/apache/hadoop/thirdparty/hadoop-shaded-protobuf_3_7/1.1.1/hadoop-shaded-protobuf_3_7-1.1.1.jar:/home/runner/work/ozone/ozone/hadoop-ozone/interface-storage/target/classes:/home/runner/.m2/repository/org/reflections/reflections/0.10.2/reflections-0.10.2.jar:/home/runner/.m2/repository/com/sun/jersey/jersey-client/1.19.4/jersey-client-1.19.4.jar:/home/runner/.m2/repository/org/codehaus/jackson/jackson-core-asl/1.9.13/jackson-core-asl-1.9.13.jar:/home/runner/.m2/repository/org/codehaus/jackson/jackson-mapper-asl/1.9.13/jackson-mapper-asl-1.9.13.jar:/home/runner/.m2/repository/org/codehaus/jackson/jackson-jaxrs/1.9.13/jackson-jaxrs-1.9.13.jar:/home/runner/.m2/repository/org/apache/ranger/ranger-intg/2.3.0/ranger-intg-2.3.0.jar:/home/runner/.m2/repository/org/apache/ranger/ranger-plugins-common/2.3.0/ranger-plugins-common-2.3.0.jar:/home/runner/.m2/repository/commons-lang/commons-lang/2.6/commons-lang-2.6.jar:/home/runner/.m2/repository/org/apache/ranger/ranger-plugins-cred/2.3.0/ranger-plugins-cred-2.3.0.jar:/home/runner/.m2/repository/org/apache/ranger/ranger-plugins-audit/2.3.0/ranger-plugins-audit-2.3.0.jar:/home/runner/.m2/repository/org/eclipse/jetty/jetty-client/9.4.54.v20240208/jetty-client-9.4.54.v20240208.jar:/home/runner/.m2/repository/org/apache/httpcomponents/httpmime/4.5.6/httpmime-4.5.6.jar:/home/runner/.m2/repository/org/apache/httpcomponents/httpcore-nio/4.4.16/httpcore-nio-4.4.16.jar:/home/runner/.m2/repository/org/apache/httpcomponents/httpasyncclient/4.1.3/httpasyncclient-4.1.3.jar:/home/runner/.m2/repository/com/carrotsearch/hppc/0.8.0/hppc-0.8.0.jar:/home/runner/.m2/repository/org/apache/orc/orc-core/1.5.8/orc-core-1.5.8.jar:/home/runner/.m2/repository/net/java/dev/jna/jna/5.2.0/jna-5.2.0.jar:/home/runner/.m2/repository/net/java/dev/jna/jna-platform/5.2.0/jna-platform-5.2.0.jar:/home/runner/.m2/repository/com/kstruct/gethostname4j/0.0.2/gethostname4j-0.0.2.jar:/home/runner/.m2/repository/org/apache/ranger/ranger-plugin-classloader/2.3.0/ranger-plugin-classloader-2.3.0.jar:/home/runner/work/ozone/ozone/hadoop-hdds/rocks-native/target/classes:/home/runner/.m2/repository/org/apache/hadoop/hadoop-minikdc/3.3.6/hadoop-minikdc-3.3.6.jar:/home/runner/.m2/repository/org/apache/kerby/kerb-simplekdc/1.0.1/kerb-simplekdc-1.0.1.jar:/home/runner/.m2/repository/org/apache/kerby/kerb-client/1.0.1/kerb-client-1.0.1.jar:/home/runner/.m2/repository/org/apache/kerby/kerb-common/1.0.1/kerb-common-1.0.1.jar:/home/runner/.m2/repository/org/apache/kerby/token-provider/1.0.1/token-provider-1.0.1.jar:/home/runner/.m2/repository/org/apache/kerby/kerb-admin/1.0.1/kerb-admin-1.0.1.jar:/home/runner/.m2/repository/org/apache/kerby/kerb-server/1.0.1/kerb-server-1.0.1.jar:/home/runner/.m2/repository/org/apache/kerby/kerb-identity/1.0.1/kerb-identity-1.0.1.jar:/home/runner/.m2/repository/org/apache/kerby/kerby-xdr/1.0.1/kerby-xdr-1.0.1.jar:/home/runner/.m2/repository/junit/junit/4.13.2/junit-4.13.2.jar:/home/runner/.m2/repository/org/hamcrest/hamcrest-core/1.3/hamcrest-core-1.3.jar:/home/runner/work/ozone/ozone/hadoop-ozone/s3gateway/target/classes:/home/runner/.m2/repository/org/javassist/javassist/3.30.2-GA/javassist-3.30.2-GA.jar:/home/runner/.m2/repository/org/jboss/weld/servlet/weld-servlet-shaded/3.1.9.Final/weld-servlet-shaded-3.1.9.Final.jar:/home/runner/.m2/repository/org/glassfish/jersey/containers/jersey-container-servlet-core/2.42/jersey-container-servlet-core-2.42.jar:/home/runner/.m2/repository/org/glassfish/hk2/external/jakarta.inject/2.6.1/jakarta.inject-2.6.1.jar:/home/runner/.m2/repository/org/glassfish/jersey/core/jersey-common/2.42/jersey-common-2.42.jar:/home/runner/.m2/repository/jakarta/ws/rs/jakarta.ws.rs-api/2.1.6/jakarta.ws.rs-api-2.1.6.jar:/home/runner/.m2/repository/org/glassfish/jersey/ext/cdi/jersey-cdi1x/2.42/jersey-cdi1x-2.42.jar:/home/runner/.m2/repository/org/glassfish/jersey/inject/jersey-hk2/2.42/jersey-hk2-2.42.jar:/home/runner/.m2/repository/org/glassfish/hk2/hk2-locator/2.6.1/hk2-locator-2.6.1.jar:/home/runner/.m2/repository/org/glassfish/jersey/media/jersey-media-jaxb/2.42/jersey-media-jaxb-2.42.jar:/home/runner/.m2/repository/org/glassfish/hk2/osgi-resource-locator/1.0.3/osgi-resource-locator-1.0.3.jar:/home/runner/.m2/repository/org/glassfish/hk2/hk2-api/2.6.1/hk2-api-2.6.1.jar:/home/runner/.m2/repository/org/glassfish/hk2/hk2-utils/2.6.1/hk2-utils-2.6.1.jar:/home/runner/.m2/repository/org/glassfish/hk2/external/aopalliance-repackaged/2.6.1/aopalliance-repackaged-2.6.1.jar:/home/runner/.m2/repository/com/fasterxml/jackson/dataformat/jackson-dataformat-xml/2.16.1/jackson-dataformat-xml-2.16.1.jar:/home/runner/.m2/repository/org/codehaus/woodstox/stax2-api/4.2.2/stax2-api-4.2.2.jar:/home/runner/.m2/repository/com/fasterxml/woodstox/woodstox-core/5.4.0/woodstox-core-5.4.0.jar:/home/runner/.m2/repository/com/fasterxml/jackson/module/jackson-module-jaxb-annotations/2.16.1/jackson-module-jaxb-annotations-2.16.1.jar:/home/runner/.m2/repository/javax/enterprise/cdi-api/2.0/cdi-api-2.0.jar:/home/runner/.m2/repository/javax/el/javax.el-api/3.0.0/javax.el-api-3.0.0.jar:/home/runner/.m2/repository/javax/interceptor/javax.interceptor-api/1.2/javax.interceptor-api-1.2.jar:/home/runner/.m2/repository/javax/inject/javax.inject/1/javax.inject-1.jar:/home/runner/.m2/repository/jakarta/xml/bind/jakarta.xml.bind-api/2.3.3/jakarta.xml.bind-api-2.3.3.jar:/home/runner/.m2/repository/org/glassfish/jaxb/jaxb-runtime/2.3.9/jaxb-runtime-2.3.9.jar:/home/runner/.m2/repository/org/glassfish/jaxb/txw2/2.3.9/txw2-2.3.9.jar:/home/runner/.m2/repository/com/sun/istack/istack-commons-runtime/3.0.12/istack-commons-runtime-3.0.12.jar:/home/runner/.m2/repository/com/sun/activation/jakarta.activation/1.2.2/jakarta.activation-1.2.2.jar:/home/runner/.m2/repository/jakarta/activation/jakarta.activation-api/1.2.2/jakarta.activation-api-1.2.2.jar:/home/runner/.m2/repository/io/grpc/grpc-protobuf/1.58.0/grpc-protobuf-1.58.0.jar:/home/runner/.m2/repository/com/google/api/grpc/proto-google-common-protos/2.22.0/proto-google-common-protos-2.22.0.jar:/home/runner/.m2/repository/io/grpc/grpc-protobuf-lite/1.58.0/grpc-protobuf-lite-1.58.0.jar:/home/runner/.m2/repository/io/grpc/grpc-stub/1.58.0/grpc-stub-1.58.0.jar:/home/runner/.m2/repository/io/netty/netty-transport/4.1.109.Final/netty-transport-4.1.109.Final.jar:/home/runner/.m2/repository/io/netty/netty-resolver/4.1.109.Final/netty-resolver-4.1.109.Final.jar:/home/runner/work/ozone/ozone/hadoop-ozone/csi/target/classes:/home/runner/.m2/repository/com/google/protobuf/protobuf-java-util/3.19.6/protobuf-java-util-3.19.6.jar:/home/runner/.m2/repository/com/google/code/gson/gson/2.10.1/gson-2.10.1.jar:/home/runner/work/ozone/ozone/hadoop-hdds/config/target/classes:/home/runner/.m2/repository/io/netty/netty-transport-native-epoll/4.1.109.Final/netty-transport-native-epoll-4.1.109.Final-linux-x86_64.jar:/home/runner/.m2/repository/io/netty/netty-transport-classes-epoll/4.1.109.Final/netty-transport-classes-epoll-4.1.109.Final.jar:/home/runner/.m2/repository/io/netty/netty-transport-native-unix-common/4.1.109.Final/netty-transport-native-unix-common-4.1.109.Final.jar:/home/runner/work/ozone/ozone/hadoop-ozone/recon/target/classes:/home/runner/work/ozone/ozone/hadoop-ozone/recon-codegen/target/classes:/home/runner/.m2/repository/com/google/inject/guice/6.0.0/guice-6.0.0.jar:/home/runner/.m2/repository/jakarta/inject/jakarta.inject-api/2.0.1/jakarta.inject-api-2.0.1.jar:/home/runner/.m2/repository/aopalliance/aopalliance/1.0/aopalliance-1.0.jar:/home/runner/.m2/repository/com/google/inject/extensions/guice-assistedinject/6.0.0/guice-assistedinject-6.0.0.jar:/home/runner/.m2/repository/com/google/inject/extensions/guice-servlet/6.0.0/guice-servlet-6.0.0.jar:/home/runner/.m2/repository/org/glassfish/jersey/containers/jersey-container-servlet/2.42/jersey-container-servlet-2.42.jar:/home/runner/.m2/repository/org/glassfish/hk2/guice-bridge/2.6.1/guice-bridge-2.6.1.jar:/home/runner/.m2/repository/org/glassfish/jersey/core/jersey-server/2.42/jersey-server-2.42.jar:/home/runner/.m2/repository/org/glassfish/jersey/core/jersey-client/2.42/jersey-client-2.42.jar:/home/runner/.m2/repository/jakarta/validation/jakarta.validation-api/2.0.2/jakarta.validation-api-2.0.2.jar:/home/runner/.m2/repository/org/glassfish/jersey/media/jersey-media-json-jackson/2.42/jersey-media-json-jackson-2.42.jar:/home/runner/.m2/repository/org/glassfish/jersey/ext/jersey-entity-filtering/2.42/jersey-entity-filtering-2.42.jar:/home/runner/.m2/repository/org/jooq/jooq/3.11.10/jooq-3.11.10.jar:/home/runner/.m2/repository/org/jooq/jooq-meta/3.11.10/jooq-meta-3.11.10.jar:/home/runner/.m2/repository/org/jooq/jooq-codegen/3.11.10/jooq-codegen-3.11.10.jar:/home/runner/.m2/repository/com/jolbox/bonecp/0.8.0.RELEASE/bonecp-0.8.0.RELEASE.jar:/home/runner/.m2/repository/org/apache/derby/derby/10.14.2.0/derby-10.14.2.0.jar:/home/runner/.m2/repository/org/xerial/sqlite-jdbc/3.44.1.0/sqlite-jdbc-3.44.1.0.jar:/home/runner/.m2/repository/org/springframework/spring-jdbc/5.3.27/spring-jdbc-5.3.27.jar:/home/runner/.m2/repository/org/springframework/spring-beans/5.3.27/spring-beans-5.3.27.jar:/home/runner/.m2/repository/org/springframework/spring-core/5.3.27/spring-core-5.3.27.jar:/home/runner/.m2/repository/org/springframework/spring-tx/5.3.27/spring-tx-5.3.27.jar:/home/runner/work/ozone/ozone/hadoop-ozone/client/target/classes:/home/runner/work/ozone/ozone/hadoop-hdds/erasurecode/target/classes:/home/runner/work/ozone/ozone/hadoop-ozone/ozonefs/target/classes:/home/runner/work/ozone/ozone/hadoop-ozone/ozonefs-common/target/classes:/home/runner/work/ozone/ozone/hadoop-ozone/tools/target/classes:/home/runner/.m2/repository/com/amazonaws/aws-java-sdk-core/1.12.661/aws-java-sdk-core-1.12.661.jar:/home/runner/.m2/repository/org/apache/httpcomponents/httpclient/4.5.14/httpclient-4.5.14.jar:/home/runner/.m2/repository/org/apache/httpcomponents/httpcore/4.4.16/httpcore-4.4.16.jar:/home/runner/.m2/repository/com/fasterxml/jackson/dataformat/jackson-dataformat-cbor/2.16.1/jackson-dataformat-cbor-2.16.1.jar:/home/runner/.m2/repository/joda-time/joda-time/2.12.7/joda-time-2.12.7.jar:/home/runner/.m2/repository/com/amazonaws/aws-java-sdk-s3/1.12.661/aws-java-sdk-s3-1.12.661.jar:/home/runner/.m2/repository/com/amazonaws/aws-java-sdk-kms/1.12.661/aws-java-sdk-kms-1.12.661.jar:/home/runner/.m2/repository/com/amazonaws/jmespath-java/1.12.661/jmespath-java-1.12.661.jar:/home/runner/.m2/repository/org/kohsuke/metainf-services/metainf-services/1.11/metainf-services-1.11.jar:/home/runner/work/ozone/ozone/hadoop-hdds/tools/target/classes:/home/runner/.m2/repository/org/apache/ratis/ratis-tools/3.0.1/ratis-tools-3.0.1.jar:/home/runner/.m2/repository/commons-cli/commons-cli/1.6.0/commons-cli-1.6.0.jar:/home/runner/.m2/repository/org/apache/commons/commons-lang3/3.14.0/commons-lang3-3.14.0.jar:/home/runner/work/ozone/ozone/hadoop-ozone/ozone-manager/target/test-classes:/home/runner/work/ozone/ozone/hadoop-hdds/common/target/test-classes:/home/runner/work/ozone/ozone/hadoop-hdds/hadoop-dependency-client/target/classes:/home/runner/.m2/repository/info/picocli/picocli/4.7.5/picocli-4.7.5.jar:/home/runner/.m2/repository/com/fasterxml/jackson/core/jackson-annotations/2.16.1/jackson-annotations-2.16.1.jar:/home/runner/work/ozone/ozone/hadoop-hdds/annotations/target/classes:/home/runner/.m2/repository/javax/annotation/javax.annotation-api/1.3.2/javax.annotation-api-1.3.2.jar:/home/runner/.m2/repository/org/apache/ratis/ratis-netty/3.0.1/ratis-netty-3.0.1.jar:/home/runner/.m2/repository/org/apache/ratis/ratis-grpc/3.0.1/ratis-grpc-3.0.1.jar:/home/runner/.m2/repository/org/bouncycastle/bcpkix-jdk18on/1.78.1/bcpkix-jdk18on-1.78.1.jar:/home/runner/.m2/repository/org/bouncycastle/bcutil-jdk18on/1.78.1/bcutil-jdk18on-1.78.1.jar:/home/runner/.m2/repository/commons-validator/commons-validator/1.6/commons-validator-1.6.jar:/home/runner/.m2/repository/commons-beanutils/commons-beanutils/1.9.4/commons-beanutils-1.9.4.jar:/home/runner/.m2/repository/commons-digester/commons-digester/1.8.1/commons-digester-1.8.1.jar:/home/runner/.m2/repository/commons-collections/commons-collections/3.2.2/commons-collections-3.2.2.jar:/home/runner/.m2/repository/io/jaegertracing/jaeger-client/1.8.1/jaeger-client-1.8.1.jar:/home/runner/.m2/repository/io/jaegertracing/jaeger-thrift/1.8.1/jaeger-thrift-1.8.1.jar:/home/runner/.m2/repository/org/apache/thrift/libthrift/0.15.0/libthrift-0.15.0.jar:/home/runner/.m2/repository/io/jaegertracing/jaeger-core/1.8.1/jaeger-core-1.8.1.jar:/home/runner/.m2/repository/io/jaegertracing/jaeger-tracerresolver/1.8.1/jaeger-tracerresolver-1.8.1.jar:/home/runner/.m2/repository/io/opentracing/contrib/opentracing-tracerresolver/0.1.8/opentracing-tracerresolver-0.1.8.jar:/home/runner/.m2/repository/org/jetbrains/kotlin/kotlin-stdlib/1.9.22/kotlin-stdlib-1.9.22.jar:/home/runner/.m2/repository/org/jetbrains/annotations/13.0/annotations-13.0.jar:/home/runner/.m2/repository/io/opentracing/opentracing-util/0.33.0/opentracing-util-0.33.0.jar:/home/runner/.m2/repository/io/opentracing/opentracing-api/0.33.0/opentracing-api-0.33.0.jar:/home/runner/.m2/repository/io/opentracing/opentracing-noop/0.33.0/opentracing-noop-0.33.0.jar:/home/runner/.m2/repository/org/yaml/snakeyaml/2.0/snakeyaml-2.0.jar:/home/runner/.m2/repository/io/grpc/grpc-api/1.58.0/grpc-api-1.58.0.jar:/home/runner/.m2/repository/org/junit/platform/junit-platform-launcher/1.10.2/junit-platform-launcher-1.10.2.jar:/home/runner/.m2/repository/org/junit/platform/junit-platform-engine/1.10.2/junit-platform-engine-1.10.2.jar:/home/runner/.m2/repository/org/apiguardian/apiguardian-api/1.1.2/apiguardian-api-1.1.2.jar:/home/runner/.m2/repository/org/apache/hadoop/hadoop-kms/3.3.6/hadoop-kms-3.3.6.jar:/home/runner/.m2/repository/org/apache/hadoop/hadoop-auth/3.3.6/hadoop-auth-3.3.6.jar:/home/runner/.m2/repository/org/apache/zookeeper/zookeeper/3.8.4/zookeeper-3.8.4.jar:/home/runner/.m2/repository/org/apache/zookeeper/zookeeper-jute/3.8.4/zookeeper-jute-3.8.4.jar:/home/runner/.m2/repository/org/apache/yetus/audience-annotations/0.12.0/audience-annotations-0.12.0.jar:/home/runner/.m2/repository/org/apache/curator/curator-framework/4.2.0/curator-framework-4.2.0.jar:/home/runner/.m2/repository/org/apache/hadoop/thirdparty/hadoop-shaded-guava/1.2.0/hadoop-shaded-guava-1.2.0.jar:/home/runner/.m2/repository/com/sun/jersey/jersey-core/1.19.4/jersey-core-1.19.4.jar:/home/runner/.m2/repository/javax/ws/rs/jsr311-api/1.1.1/jsr311-api-1.1.1.jar:/home/runner/.m2/repository/com/sun/jersey/jersey-server/1.19.4/jersey-server-1.19.4.jar:/home/runner/.m2/repository/javax/servlet/javax.servlet-api/3.1.0/javax.servlet-api-3.1.0.jar:/home/runner/.m2/repository/org/apache/hadoop/hadoop-common/3.3.6/hadoop-common-3.3.6.jar:/home/runner/.m2/repository/org/apache/commons/commons-math3/3.6.1/commons-math3-3.6.1.jar:/home/runner/.m2/repository/commons-net/commons-net/3.10.0/commons-net-3.10.0.jar:/home/runner/.m2/repository/com/sun/jersey/jersey-servlet/1.19.4/jersey-servlet-1.19.4.jar:/home/runner/.m2/repository/com/github/pjfanning/jersey-json/1.20/jersey-json-1.20.jar:/home/runner/.m2/repository/org/codehaus/jettison/jettison/1.1/jettison-1.1.jar:/home/runner/.m2/repository/com/sun/xml/bind/jaxb-impl/2.2.3-1/jaxb-impl-2.2.3-1.jar:/home/runner/.m2/repository/com/google/re2j/re2j/1.7/re2j-1.7.jar:/home/runner/.m2/repository/com/jcraft/jsch/0.1.55/jsch-0.1.55.jar:/home/runner/.m2/repository/org/apache/curator/curator-client/4.2.0/curator-client-4.2.0.jar:/home/runner/.m2/repository/org/apache/curator/curator-recipes/5.2.0/curator-recipes-5.2.0.jar:/home/runner/.m2/repository/com/google/code/findbugs/jsr305/3.0.2/jsr305-3.0.2.jar:/home/runner/.m2/repository/dnsjava/dnsjava/2.1.9/dnsjava-2.1.9.jar:/home/runner/.m2/repository/com/fasterxml/jackson/core/jackson-databind/2.16.1/jackson-databind-2.16.1.jar:/home/runner/.m2/repository/org/apache/hadoop/hadoop-kms/3.3.6/hadoop-kms-3.3.6-tests.jar:/home/runner/work/ozone/ozone/hadoop-hdds/server-scm/target/test-classes:/home/runner/work/ozone/ozone/hadoop-hdds/container-service/target/test-classes:/home/runner/.m2/repository/com/github/luben/zstd-jni/1.5.6-2/zstd-jni-1.5.6-2.jar:/home/runner/.m2/repository/commons-codec/commons-codec/1.15/commons-codec-1.15.jar:/home/runner/.m2/repository/io/netty/netty-codec/4.1.109.Final/netty-codec-4.1.109.Final.jar:/home/runner/.m2/repository/io/netty/netty-handler/4.1.109.Final/netty-handler-4.1.109.Final.jar:/home/runner/work/ozone/ozone/hadoop-hdds/hadoop-dependency-test/target/classes:/home/runner/.m2/repository/org/apache/hadoop/hadoop-common/3.3.6/hadoop-common-3.3.6-tests.jar:/home/runner/.m2/repository/org/apache/hadoop/hadoop-hdfs/3.3.6/hadoop-hdfs-3.3.6-tests.jar:/home/runner/.m2/repository/org/junit/jupiter/junit-jupiter-engine/5.10.2/junit-jupiter-engine-5.10.2.jar:/home/runner/.m2/repository/org/junit/jupiter/junit-jupiter-params/5.10.2/junit-jupiter-params-5.10.2.jar:/home/runner/.m2/repository/org/mockito/mockito-core/4.11.0/mockito-core-4.11.0.jar:/home/runner/.m2/repository/net/bytebuddy/byte-buddy/1.12.19/byte-buddy-1.12.19.jar:/home/runner/.m2/repository/net/bytebuddy/byte-buddy-agent/1.12.19/byte-buddy-agent-1.12.19.jar:/home/runner/.m2/repository/org/objenesis/objenesis/3.3/objenesis-3.3.jar:/home/runner/.m2/repository/org/mockito/mockito-inline/4.11.0/mockito-inline-4.11.0.jar:/home/runner/.m2/repository/org/mockito/mockito-junit-jupiter/4.11.0/mockito-junit-jupiter-4.11.0.jar:/home/runner/.m2/repository/org/apache/hadoop/hadoop-distcp/3.3.6/hadoop-distcp-3.3.6.jar:/home/runner/.m2/repository/org/apache/hadoop/hadoop-mapreduce-client-jobclient/3.3.6/hadoop-mapreduce-client-jobclient-3.3.6.jar:/home/runner/.m2/repository/org/apache/hadoop/hadoop-mapreduce-client-common/3.3.6/hadoop-mapreduce-client-common-3.3.6.jar:/home/runner/.m2/repository/org/apache/hadoop/hadoop-yarn-common/3.3.6/hadoop-yarn-common-3.3.6.jar:/home/runner/.m2/repository/org/apache/hadoop/hadoop-yarn-api/3.3.6/hadoop-yarn-api-3.3.6.jar:/home/runner/.m2/repository/javax/xml/bind/jaxb-api/2.2.11/jaxb-api-2.2.11.jar:/home/runner/.m2/repository/com/sun/jersey/contribs/jersey-guice/1.19.4/jersey-guice-1.19.4.jar:/home/runner/.m2/repository/com/fasterxml/jackson/jaxrs/jackson-jaxrs-json-provider/2.16.1/jackson-jaxrs-json-provider-2.16.1.jar:/home/runner/.m2/repository/com/fasterxml/jackson/jaxrs/jackson-jaxrs-base/2.16.1/jackson-jaxrs-base-2.16.1.jar:/home/runner/.m2/repository/org/apache/hadoop/hadoop-yarn-client/3.3.6/hadoop-yarn-client-3.3.6.jar:/home/runner/.m2/repository/org/eclipse/jetty/websocket/websocket-client/9.4.51.v20230217/websocket-client-9.4.51.v20230217.jar:/home/runner/.m2/repository/org/eclipse/jetty/websocket/websocket-common/9.4.51.v20230217/websocket-common-9.4.51.v20230217.jar:/home/runner/.m2/repository/org/eclipse/jetty/websocket/websocket-api/9.4.51.v20230217/websocket-api-9.4.51.v20230217.jar:/home/runner/.m2/repository/org/jline/jline/3.9.0/jline-3.9.0.jar:/home/runner/.m2/repository/org/apache/hadoop/hadoop-mapreduce-client-core/3.3.6/hadoop-mapreduce-client-core-3.3.6.jar:/home/runner/.m2/repository/org/apache/avro/avro/1.7.7/avro-1.7.7.jar:/home/runner/.m2/repository/com/thoughtworks/paranamer/paranamer/2.3/paranamer-2.3.jar:/home/runner/.m2/repository/org/apache/hadoop/hadoop-annotations/3.3.6/hadoop-annotations-3.3.6.jar:/home/runner/.m2/repository/io/netty/netty/3.10.6.Final/netty-3.10.6.Final.jar:/home/runner/.m2/repository/org/apache/hadoop/hadoop-distcp/3.3.6/hadoop-distcp-3.3.6-tests.jar:/home/runner/.m2/repository/org/hamcrest/hamcrest/2.2/hamcrest-2.2.jar:/home/runner/.m2/repository/org/slf4j/jul-to-slf4j/2.0.12/jul-to-slf4j-2.0.12.jar:/home/runner/work/ozone/ozone/hadoop-ozone/integration-test/target/gradle-enterprise/test-listeners.jar:"/>
    <property name="java.vm.vendor" value="Eclipse Adoptium"/>
    <property name="sun.arch.data.model" value="64"/>
    <property name="test.build.dir" value="/home/runner/work/ozone/ozone/hadoop-ozone/integration-test/target/test-dir"/>
    <property name="test.cache.data" value=""/>
    <property name="java.vendor.url" value="https://adoptium.net/"/>
    <property name="user.timezone" value="Etc/UTC"/>
    <property name="maven-surefire-plugin.argLineAccessArgs" value=" --add-opens java.management/com.sun.jmx.mbeanserver=ALL-UNNAMED --add-exports java.management/com.sun.jmx.mbeanserver=ALL-UNNAMED --add-opens java.base/java.nio=ALL-UNNAMED --add-opens java.base/java.lang=ALL-UNNAMED --add-opens java.base/java.lang.reflect=ALL-UNNAMED"/>
    <property name="os.name" value="Linux"/>
    <property name="java.vm.specification.version" value="17"/>
    <property name="test.build.data" value="/home/runner/work/ozone/ozone/hadoop-ozone/integration-test/target/test-dir"/>
    <property name="sun.java.launcher" value="SUN_STANDARD"/>
    <property name="sun.boot.library.path" value="/usr/lib/jvm/temurin-17-jdk-amd64/lib"/>
    <property name="sun.java.command" value="/home/runner/work/ozone/ozone/hadoop-ozone/integration-test/target/surefire/surefirebooter3384577938793807047.jar /home/runner/work/ozone/ozone/hadoop-ozone/integration-test/target/surefire 2024-05-06T08-34-44_622-jvmRun1 surefire8927094441131492710tmp surefire_296548322450440610929tmp"/>
    <property name="jdk.debug" value="release"/>
    <property name="native.lib.tmp.dir" value="/tmp"/>
    <property name="surefire.test.class.path" value="/home/runner/work/ozone/ozone/hadoop-ozone/integration-test/target/test-classes:/home/runner/work/ozone/ozone/hadoop-ozone/integration-test/target/classes:/home/runner/work/ozone/ozone/hadoop-ozone/common/target/classes:/home/runner/.m2/repository/io/grpc/grpc-netty/1.58.0/grpc-netty-1.58.0.jar:/home/runner/.m2/repository/io/grpc/grpc-core/1.58.0/grpc-core-1.58.0.jar:/home/runner/.m2/repository/com/google/android/annotations/4.1.1.4/annotations-4.1.1.4.jar:/home/runner/.m2/repository/org/codehaus/mojo/animal-sniffer-annotations/1.23/animal-sniffer-annotations-1.23.jar:/home/runner/.m2/repository/io/grpc/grpc-context/1.58.0/grpc-context-1.58.0.jar:/home/runner/.m2/repository/io/grpc/grpc-util/1.58.0/grpc-util-1.58.0.jar:/home/runner/.m2/repository/com/google/errorprone/error_prone_annotations/2.2.0/error_prone_annotations-2.2.0.jar:/home/runner/.m2/repository/io/perfmark/perfmark-api/0.26.0/perfmark-api-0.26.0.jar:/home/runner/.m2/repository/io/netty/netty-codec-http2/4.1.109.Final/netty-codec-http2-4.1.109.Final.jar:/home/runner/.m2/repository/io/netty/netty-common/4.1.109.Final/netty-common-4.1.109.Final.jar:/home/runner/.m2/repository/io/netty/netty-buffer/4.1.109.Final/netty-buffer-4.1.109.Final.jar:/home/runner/.m2/repository/io/netty/netty-codec-http/4.1.109.Final/netty-codec-http-4.1.109.Final.jar:/home/runner/.m2/repository/io/netty/netty-handler-proxy/4.1.109.Final/netty-handler-proxy-4.1.109.Final.jar:/home/runner/.m2/repository/io/netty/netty-codec-socks/4.1.109.Final/netty-codec-socks-4.1.109.Final.jar:/home/runner/.m2/repository/io/netty/netty-tcnative-boringssl-static/2.0.65.Final/netty-tcnative-boringssl-static-2.0.65.Final.jar:/home/runner/.m2/repository/io/netty/netty-tcnative-classes/2.0.65.Final/netty-tcnative-classes-2.0.65.Final.jar:/home/runner/.m2/repository/io/netty/netty-tcnative-boringssl-static/2.0.65.Final/netty-tcnative-boringssl-static-2.0.65.Final-linux-x86_64.jar:/home/runner/.m2/repository/io/netty/netty-tcnative-boringssl-static/2.0.65.Final/netty-tcnative-boringssl-static-2.0.65.Final-linux-aarch_64.jar:/home/runner/.m2/repository/io/netty/netty-tcnative-boringssl-static/2.0.65.Final/netty-tcnative-boringssl-static-2.0.65.Final-osx-x86_64.jar:/home/runner/.m2/repository/io/netty/netty-tcnative-boringssl-static/2.0.65.Final/netty-tcnative-boringssl-static-2.0.65.Final-osx-aarch_64.jar:/home/runner/.m2/repository/io/netty/netty-tcnative-boringssl-static/2.0.65.Final/netty-tcnative-boringssl-static-2.0.65.Final-windows-x86_64.jar:/home/runner/.m2/repository/org/apache/commons/commons-compress/1.26.0/commons-compress-1.26.0.jar:/home/runner/work/ozone/ozone/hadoop-hdds/common/target/classes:/home/runner/work/ozone/ozone/hadoop-hdds/client/target/classes:/home/runner/work/ozone/ozone/hadoop-ozone/interface-client/target/classes:/home/runner/.m2/repository/org/apache/hadoop/hadoop-hdfs-client/3.3.6/hadoop-hdfs-client-3.3.6.jar:/home/runner/.m2/repository/com/squareup/okhttp3/okhttp/4.12.0/okhttp-4.12.0.jar:/home/runner/.m2/repository/com/squareup/okio/okio/3.6.0/okio-3.6.0.jar:/home/runner/.m2/repository/com/squareup/okio/okio-jvm/3.6.0/okio-jvm-3.6.0.jar:/home/runner/.m2/repository/org/jetbrains/kotlin/kotlin-stdlib-jdk8/1.9.22/kotlin-stdlib-jdk8-1.9.22.jar:/home/runner/.m2/repository/org/jetbrains/kotlin/kotlin-stdlib-jdk7/1.9.22/kotlin-stdlib-jdk7-1.9.22.jar:/home/runner/.m2/repository/org/jetbrains/kotlin/kotlin-stdlib-common/1.9.22/kotlin-stdlib-common-1.9.22.jar:/home/runner/work/ozone/ozone/hadoop-hdds/test-utils/target/classes:/home/runner/.m2/repository/org/assertj/assertj-core/3.12.2/assertj-core-3.12.2.jar:/home/runner/.m2/repository/com/google/guava/guava/32.1.3-jre/guava-32.1.3-jre.jar:/home/runner/.m2/repository/com/google/guava/failureaccess/1.0.1/failureaccess-1.0.1.jar:/home/runner/.m2/repository/com/google/guava/listenablefuture/9999.0-empty-to-avoid-conflict-with-guava/listenablefuture-9999.0-empty-to-avoid-conflict-with-guava.jar:/home/runner/.m2/repository/org/checkerframework/checker-qual/3.37.0/checker-qual-3.37.0.jar:/home/runner/.m2/repository/com/google/j2objc/j2objc-annotations/2.8/j2objc-annotations-2.8.jar:/home/runner/.m2/repository/commons-io/commons-io/2.16.1/commons-io-2.16.1.jar:/home/runner/.m2/repository/commons-logging/commons-logging/1.2/commons-logging-1.2.jar:/home/runner/.m2/repository/org/junit/jupiter/junit-jupiter-api/5.10.2/junit-jupiter-api-5.10.2.jar:/home/runner/.m2/repository/org/opentest4j/opentest4j/1.3.0/opentest4j-1.3.0.jar:/home/runner/.m2/repository/org/junit/platform/junit-platform-commons/1.10.2/junit-platform-commons-1.10.2.jar:/home/runner/.m2/repository/ch/qos/reload4j/reload4j/1.2.25/reload4j-1.2.25.jar:/home/runner/.m2/repository/jakarta/annotation/jakarta.annotation-api/2.1.1/jakarta.annotation-api-2.1.1.jar:/home/runner/.m2/repository/org/slf4j/slf4j-api/2.0.12/slf4j-api-2.0.12.jar:/home/runner/.m2/repository/org/apache/logging/log4j/log4j-api/2.17.1/log4j-api-2.17.1.jar:/home/runner/work/ozone/ozone/hadoop-hdds/server-scm/target/classes:/home/runner/.m2/repository/com/google/protobuf/protobuf-java/2.5.0/protobuf-java-2.5.0.jar:/home/runner/work/ozone/ozone/hadoop-hdds/container-service/target/classes:/home/runner/work/ozone/ozone/hadoop-hdds/hadoop-dependency-server/target/classes:/home/runner/.m2/repository/com/nimbusds/nimbus-jose-jwt/9.37.2/nimbus-jose-jwt-9.37.2.jar:/home/runner/.m2/repository/com/github/stephenc/jcip/jcip-annotations/1.0-1/jcip-annotations-1.0-1.jar:/home/runner/.m2/repository/org/apache/hadoop/hadoop-hdfs/3.3.6/hadoop-hdfs-3.3.6.jar:/home/runner/.m2/repository/commons-daemon/commons-daemon/1.3.4/commons-daemon-1.3.4.jar:/home/runner/.m2/repository/org/apache/kerby/kerb-core/1.0.1/kerb-core-1.0.1.jar:/home/runner/.m2/repository/org/apache/kerby/kerby-pkix/1.0.1/kerby-pkix-1.0.1.jar:/home/runner/.m2/repository/org/apache/kerby/kerby-asn1/1.0.1/kerby-asn1-1.0.1.jar:/home/runner/.m2/repository/org/apache/kerby/kerby-util/1.0.1/kerby-util-1.0.1.jar:/home/runner/.m2/repository/org/apache/kerby/kerb-util/1.0.1/kerb-util-1.0.1.jar:/home/runner/.m2/repository/org/apache/kerby/kerby-config/1.0.1/kerby-config-1.0.1.jar:/home/runner/.m2/repository/org/apache/kerby/kerb-crypto/1.0.1/kerb-crypto-1.0.1.jar:/home/runner/.m2/repository/org/xerial/snappy/snappy-java/1.1.10.5/snappy-java-1.1.10.5.jar:/home/runner/work/ozone/ozone/hadoop-hdds/framework/target/classes:/home/runner/.m2/repository/org/bouncycastle/bcprov-jdk18on/1.78.1/bcprov-jdk18on-1.78.1.jar:/home/runner/.m2/repository/io/dropwizard/metrics/metrics-core/3.2.4/metrics-core-3.2.4.jar:/home/runner/.m2/repository/org/apache/commons/commons-text/1.11.0/commons-text-1.11.0.jar:/home/runner/work/ozone/ozone/hadoop-hdds/framework/target/test-classes:/home/runner/work/ozone/ozone/hadoop-hdds/interface-server/target/classes:/home/runner/work/ozone/ozone/hadoop-hdds/interface-admin/target/classes:/home/runner/work/ozone/ozone/hadoop-hdds/managed-rocksdb/target/classes:/home/runner/.m2/repository/org/rocksdb/rocksdbjni/7.7.3/rocksdbjni-7.7.3.jar:/home/runner/.m2/repository/org/slf4j/slf4j-reload4j/2.0.12/slf4j-reload4j-2.0.12.jar:/home/runner/.m2/repository/org/apache/commons/commons-configuration2/2.10.1/commons-configuration2-2.10.1.jar:/home/runner/.m2/repository/commons-fileupload/commons-fileupload/1.5/commons-fileupload-1.5.jar:/home/runner/.m2/repository/org/apache/logging/log4j/log4j-core/2.17.1/log4j-core-2.17.1.jar:/home/runner/.m2/repository/com/lmax/disruptor/3.4.4/disruptor-3.4.4.jar:/home/runner/.m2/repository/org/eclipse/jetty/jetty-util/9.4.54.v20240208/jetty-util-9.4.54.v20240208.jar:/home/runner/.m2/repository/org/eclipse/jetty/jetty-server/9.4.54.v20240208/jetty-server-9.4.54.v20240208.jar:/home/runner/.m2/repository/org/eclipse/jetty/jetty-http/9.4.54.v20240208/jetty-http-9.4.54.v20240208.jar:/home/runner/.m2/repository/org/eclipse/jetty/jetty-io/9.4.54.v20240208/jetty-io-9.4.54.v20240208.jar:/home/runner/.m2/repository/org/eclipse/jetty/jetty-servlet/9.4.54.v20240208/jetty-servlet-9.4.54.v20240208.jar:/home/runner/.m2/repository/org/eclipse/jetty/jetty-security/9.4.54.v20240208/jetty-security-9.4.54.v20240208.jar:/home/runner/.m2/repository/org/eclipse/jetty/jetty-util-ajax/9.4.54.v20240208/jetty-util-ajax-9.4.54.v20240208.jar:/home/runner/.m2/repository/org/eclipse/jetty/jetty-webapp/9.4.54.v20240208/jetty-webapp-9.4.54.v20240208.jar:/home/runner/.m2/repository/org/eclipse/jetty/jetty-xml/9.4.54.v20240208/jetty-xml-9.4.54.v20240208.jar:/home/runner/.m2/repository/org/apache/ratis/ratis-server/3.0.1/ratis-server-3.0.1.jar:/home/runner/.m2/repository/org/apache/ratis/ratis-thirdparty-misc/1.0.5/ratis-thirdparty-misc-1.0.5.jar:/home/runner/.m2/repository/org/apache/ratis/ratis-proto/3.0.1/ratis-proto-3.0.1.jar:/home/runner/.m2/repository/org/apache/ratis/ratis-common/3.0.1/ratis-common-3.0.1.jar:/home/runner/.m2/repository/org/apache/ratis/ratis-client/3.0.1/ratis-client-3.0.1.jar:/home/runner/.m2/repository/org/apache/ratis/ratis-server-api/3.0.1/ratis-server-api-3.0.1.jar:/home/runner/.m2/repository/org/apache/ratis/ratis-metrics-api/3.0.1/ratis-metrics-api-3.0.1.jar:/home/runner/.m2/repository/org/apache/ratis/ratis-metrics-dropwizard3/3.0.1/ratis-metrics-dropwizard3-3.0.1.jar:/home/runner/.m2/repository/io/prometheus/simpleclient_dropwizard/0.16.0/simpleclient_dropwizard-0.16.0.jar:/home/runner/.m2/repository/io/prometheus/simpleclient/0.16.0/simpleclient-0.16.0.jar:/home/runner/.m2/repository/io/prometheus/simpleclient_common/0.16.0/simpleclient_common-0.16.0.jar:/home/runner/.m2/repository/com/fasterxml/jackson/datatype/jackson-datatype-jsr310/2.16.1/jackson-datatype-jsr310-2.16.1.jar:/home/runner/.m2/repository/com/fasterxml/jackson/core/jackson-core/2.16.1/jackson-core-2.16.1.jar:/home/runner/work/ozone/ozone/hadoop-hdds/rocksdb-checkpoint-differ/target/classes:/home/runner/.m2/repository/org/jgrapht/jgrapht-core/1.4.0/jgrapht-core-1.4.0.jar:/home/runner/.m2/repository/org/jheaps/jheaps/0.11/jheaps-0.11.jar:/home/runner/.m2/repository/org/jgrapht/jgrapht-ext/1.4.0/jgrapht-ext-1.4.0.jar:/home/runner/.m2/repository/com/github/vlsi/mxgraph/jgraphx/3.9.8.1/jgraphx-3.9.8.1.jar:/home/runner/work/ozone/ozone/hadoop-ozone/ozone-manager/target/classes:/home/runner/.m2/repository/org/aspectj/aspectjrt/1.9.7/aspectjrt-1.9.7.jar:/home/runner/.m2/repository/org/aspectj/aspectjweaver/1.9.7/aspectjweaver-1.9.7.jar:/home/runner/work/ozone/ozone/hadoop-hdds/interface-client/target/classes:/home/runner/.m2/repository/org/apache/hadoop/thirdparty/hadoop-shaded-protobuf_3_7/1.1.1/hadoop-shaded-protobuf_3_7-1.1.1.jar:/home/runner/work/ozone/ozone/hadoop-ozone/interface-storage/target/classes:/home/runner/.m2/repository/org/reflections/reflections/0.10.2/reflections-0.10.2.jar:/home/runner/.m2/repository/com/sun/jersey/jersey-client/1.19.4/jersey-client-1.19.4.jar:/home/runner/.m2/repository/org/codehaus/jackson/jackson-core-asl/1.9.13/jackson-core-asl-1.9.13.jar:/home/runner/.m2/repository/org/codehaus/jackson/jackson-mapper-asl/1.9.13/jackson-mapper-asl-1.9.13.jar:/home/runner/.m2/repository/org/codehaus/jackson/jackson-jaxrs/1.9.13/jackson-jaxrs-1.9.13.jar:/home/runner/.m2/repository/org/apache/ranger/ranger-intg/2.3.0/ranger-intg-2.3.0.jar:/home/runner/.m2/repository/org/apache/ranger/ranger-plugins-common/2.3.0/ranger-plugins-common-2.3.0.jar:/home/runner/.m2/repository/commons-lang/commons-lang/2.6/commons-lang-2.6.jar:/home/runner/.m2/repository/org/apache/ranger/ranger-plugins-cred/2.3.0/ranger-plugins-cred-2.3.0.jar:/home/runner/.m2/repository/org/apache/ranger/ranger-plugins-audit/2.3.0/ranger-plugins-audit-2.3.0.jar:/home/runner/.m2/repository/org/eclipse/jetty/jetty-client/9.4.54.v20240208/jetty-client-9.4.54.v20240208.jar:/home/runner/.m2/repository/org/apache/httpcomponents/httpmime/4.5.6/httpmime-4.5.6.jar:/home/runner/.m2/repository/org/apache/httpcomponents/httpcore-nio/4.4.16/httpcore-nio-4.4.16.jar:/home/runner/.m2/repository/org/apache/httpcomponents/httpasyncclient/4.1.3/httpasyncclient-4.1.3.jar:/home/runner/.m2/repository/com/carrotsearch/hppc/0.8.0/hppc-0.8.0.jar:/home/runner/.m2/repository/org/apache/orc/orc-core/1.5.8/orc-core-1.5.8.jar:/home/runner/.m2/repository/net/java/dev/jna/jna/5.2.0/jna-5.2.0.jar:/home/runner/.m2/repository/net/java/dev/jna/jna-platform/5.2.0/jna-platform-5.2.0.jar:/home/runner/.m2/repository/com/kstruct/gethostname4j/0.0.2/gethostname4j-0.0.2.jar:/home/runner/.m2/repository/org/apache/ranger/ranger-plugin-classloader/2.3.0/ranger-plugin-classloader-2.3.0.jar:/home/runner/work/ozone/ozone/hadoop-hdds/rocks-native/target/classes:/home/runner/.m2/repository/org/apache/hadoop/hadoop-minikdc/3.3.6/hadoop-minikdc-3.3.6.jar:/home/runner/.m2/repository/org/apache/kerby/kerb-simplekdc/1.0.1/kerb-simplekdc-1.0.1.jar:/home/runner/.m2/repository/org/apache/kerby/kerb-client/1.0.1/kerb-client-1.0.1.jar:/home/runner/.m2/repository/org/apache/kerby/kerb-common/1.0.1/kerb-common-1.0.1.jar:/home/runner/.m2/repository/org/apache/kerby/token-provider/1.0.1/token-provider-1.0.1.jar:/home/runner/.m2/repository/org/apache/kerby/kerb-admin/1.0.1/kerb-admin-1.0.1.jar:/home/runner/.m2/repository/org/apache/kerby/kerb-server/1.0.1/kerb-server-1.0.1.jar:/home/runner/.m2/repository/org/apache/kerby/kerb-identity/1.0.1/kerb-identity-1.0.1.jar:/home/runner/.m2/repository/org/apache/kerby/kerby-xdr/1.0.1/kerby-xdr-1.0.1.jar:/home/runner/.m2/repository/junit/junit/4.13.2/junit-4.13.2.jar:/home/runner/.m2/repository/org/hamcrest/hamcrest-core/1.3/hamcrest-core-1.3.jar:/home/runner/work/ozone/ozone/hadoop-ozone/s3gateway/target/classes:/home/runner/.m2/repository/org/javassist/javassist/3.30.2-GA/javassist-3.30.2-GA.jar:/home/runner/.m2/repository/org/jboss/weld/servlet/weld-servlet-shaded/3.1.9.Final/weld-servlet-shaded-3.1.9.Final.jar:/home/runner/.m2/repository/org/glassfish/jersey/containers/jersey-container-servlet-core/2.42/jersey-container-servlet-core-2.42.jar:/home/runner/.m2/repository/org/glassfish/hk2/external/jakarta.inject/2.6.1/jakarta.inject-2.6.1.jar:/home/runner/.m2/repository/org/glassfish/jersey/core/jersey-common/2.42/jersey-common-2.42.jar:/home/runner/.m2/repository/jakarta/ws/rs/jakarta.ws.rs-api/2.1.6/jakarta.ws.rs-api-2.1.6.jar:/home/runner/.m2/repository/org/glassfish/jersey/ext/cdi/jersey-cdi1x/2.42/jersey-cdi1x-2.42.jar:/home/runner/.m2/repository/org/glassfish/jersey/inject/jersey-hk2/2.42/jersey-hk2-2.42.jar:/home/runner/.m2/repository/org/glassfish/hk2/hk2-locator/2.6.1/hk2-locator-2.6.1.jar:/home/runner/.m2/repository/org/glassfish/jersey/media/jersey-media-jaxb/2.42/jersey-media-jaxb-2.42.jar:/home/runner/.m2/repository/org/glassfish/hk2/osgi-resource-locator/1.0.3/osgi-resource-locator-1.0.3.jar:/home/runner/.m2/repository/org/glassfish/hk2/hk2-api/2.6.1/hk2-api-2.6.1.jar:/home/runner/.m2/repository/org/glassfish/hk2/hk2-utils/2.6.1/hk2-utils-2.6.1.jar:/home/runner/.m2/repository/org/glassfish/hk2/external/aopalliance-repackaged/2.6.1/aopalliance-repackaged-2.6.1.jar:/home/runner/.m2/repository/com/fasterxml/jackson/dataformat/jackson-dataformat-xml/2.16.1/jackson-dataformat-xml-2.16.1.jar:/home/runner/.m2/repository/org/codehaus/woodstox/stax2-api/4.2.2/stax2-api-4.2.2.jar:/home/runner/.m2/repository/com/fasterxml/woodstox/woodstox-core/5.4.0/woodstox-core-5.4.0.jar:/home/runner/.m2/repository/com/fasterxml/jackson/module/jackson-module-jaxb-annotations/2.16.1/jackson-module-jaxb-annotations-2.16.1.jar:/home/runner/.m2/repository/javax/enterprise/cdi-api/2.0/cdi-api-2.0.jar:/home/runner/.m2/repository/javax/el/javax.el-api/3.0.0/javax.el-api-3.0.0.jar:/home/runner/.m2/repository/javax/interceptor/javax.interceptor-api/1.2/javax.interceptor-api-1.2.jar:/home/runner/.m2/repository/javax/inject/javax.inject/1/javax.inject-1.jar:/home/runner/.m2/repository/jakarta/xml/bind/jakarta.xml.bind-api/2.3.3/jakarta.xml.bind-api-2.3.3.jar:/home/runner/.m2/repository/org/glassfish/jaxb/jaxb-runtime/2.3.9/jaxb-runtime-2.3.9.jar:/home/runner/.m2/repository/org/glassfish/jaxb/txw2/2.3.9/txw2-2.3.9.jar:/home/runner/.m2/repository/com/sun/istack/istack-commons-runtime/3.0.12/istack-commons-runtime-3.0.12.jar:/home/runner/.m2/repository/com/sun/activation/jakarta.activation/1.2.2/jakarta.activation-1.2.2.jar:/home/runner/.m2/repository/jakarta/activation/jakarta.activation-api/1.2.2/jakarta.activation-api-1.2.2.jar:/home/runner/.m2/repository/io/grpc/grpc-protobuf/1.58.0/grpc-protobuf-1.58.0.jar:/home/runner/.m2/repository/com/google/api/grpc/proto-google-common-protos/2.22.0/proto-google-common-protos-2.22.0.jar:/home/runner/.m2/repository/io/grpc/grpc-protobuf-lite/1.58.0/grpc-protobuf-lite-1.58.0.jar:/home/runner/.m2/repository/io/grpc/grpc-stub/1.58.0/grpc-stub-1.58.0.jar:/home/runner/.m2/repository/io/netty/netty-transport/4.1.109.Final/netty-transport-4.1.109.Final.jar:/home/runner/.m2/repository/io/netty/netty-resolver/4.1.109.Final/netty-resolver-4.1.109.Final.jar:/home/runner/work/ozone/ozone/hadoop-ozone/csi/target/classes:/home/runner/.m2/repository/com/google/protobuf/protobuf-java-util/3.19.6/protobuf-java-util-3.19.6.jar:/home/runner/.m2/repository/com/google/code/gson/gson/2.10.1/gson-2.10.1.jar:/home/runner/work/ozone/ozone/hadoop-hdds/config/target/classes:/home/runner/.m2/repository/io/netty/netty-transport-native-epoll/4.1.109.Final/netty-transport-native-epoll-4.1.109.Final-linux-x86_64.jar:/home/runner/.m2/repository/io/netty/netty-transport-classes-epoll/4.1.109.Final/netty-transport-classes-epoll-4.1.109.Final.jar:/home/runner/.m2/repository/io/netty/netty-transport-native-unix-common/4.1.109.Final/netty-transport-native-unix-common-4.1.109.Final.jar:/home/runner/work/ozone/ozone/hadoop-ozone/recon/target/classes:/home/runner/work/ozone/ozone/hadoop-ozone/recon-codegen/target/classes:/home/runner/.m2/repository/com/google/inject/guice/6.0.0/guice-6.0.0.jar:/home/runner/.m2/repository/jakarta/inject/jakarta.inject-api/2.0.1/jakarta.inject-api-2.0.1.jar:/home/runner/.m2/repository/aopalliance/aopalliance/1.0/aopalliance-1.0.jar:/home/runner/.m2/repository/com/google/inject/extensions/guice-assistedinject/6.0.0/guice-assistedinject-6.0.0.jar:/home/runner/.m2/repository/com/google/inject/extensions/guice-servlet/6.0.0/guice-servlet-6.0.0.jar:/home/runner/.m2/repository/org/glassfish/jersey/containers/jersey-container-servlet/2.42/jersey-container-servlet-2.42.jar:/home/runner/.m2/repository/org/glassfish/hk2/guice-bridge/2.6.1/guice-bridge-2.6.1.jar:/home/runner/.m2/repository/org/glassfish/jersey/core/jersey-server/2.42/jersey-server-2.42.jar:/home/runner/.m2/repository/org/glassfish/jersey/core/jersey-client/2.42/jersey-client-2.42.jar:/home/runner/.m2/repository/jakarta/validation/jakarta.validation-api/2.0.2/jakarta.validation-api-2.0.2.jar:/home/runner/.m2/repository/org/glassfish/jersey/media/jersey-media-json-jackson/2.42/jersey-media-json-jackson-2.42.jar:/home/runner/.m2/repository/org/glassfish/jersey/ext/jersey-entity-filtering/2.42/jersey-entity-filtering-2.42.jar:/home/runner/.m2/repository/org/jooq/jooq/3.11.10/jooq-3.11.10.jar:/home/runner/.m2/repository/org/jooq/jooq-meta/3.11.10/jooq-meta-3.11.10.jar:/home/runner/.m2/repository/org/jooq/jooq-codegen/3.11.10/jooq-codegen-3.11.10.jar:/home/runner/.m2/repository/com/jolbox/bonecp/0.8.0.RELEASE/bonecp-0.8.0.RELEASE.jar:/home/runner/.m2/repository/org/apache/derby/derby/10.14.2.0/derby-10.14.2.0.jar:/home/runner/.m2/repository/org/xerial/sqlite-jdbc/3.44.1.0/sqlite-jdbc-3.44.1.0.jar:/home/runner/.m2/repository/org/springframework/spring-jdbc/5.3.27/spring-jdbc-5.3.27.jar:/home/runner/.m2/repository/org/springframework/spring-beans/5.3.27/spring-beans-5.3.27.jar:/home/runner/.m2/repository/org/springframework/spring-core/5.3.27/spring-core-5.3.27.jar:/home/runner/.m2/repository/org/springframework/spring-tx/5.3.27/spring-tx-5.3.27.jar:/home/runner/work/ozone/ozone/hadoop-ozone/client/target/classes:/home/runner/work/ozone/ozone/hadoop-hdds/erasurecode/target/classes:/home/runner/work/ozone/ozone/hadoop-ozone/ozonefs/target/classes:/home/runner/work/ozone/ozone/hadoop-ozone/ozonefs-common/target/classes:/home/runner/work/ozone/ozone/hadoop-ozone/tools/target/classes:/home/runner/.m2/repository/com/amazonaws/aws-java-sdk-core/1.12.661/aws-java-sdk-core-1.12.661.jar:/home/runner/.m2/repository/org/apache/httpcomponents/httpclient/4.5.14/httpclient-4.5.14.jar:/home/runner/.m2/repository/org/apache/httpcomponents/httpcore/4.4.16/httpcore-4.4.16.jar:/home/runner/.m2/repository/com/fasterxml/jackson/dataformat/jackson-dataformat-cbor/2.16.1/jackson-dataformat-cbor-2.16.1.jar:/home/runner/.m2/repository/joda-time/joda-time/2.12.7/joda-time-2.12.7.jar:/home/runner/.m2/repository/com/amazonaws/aws-java-sdk-s3/1.12.661/aws-java-sdk-s3-1.12.661.jar:/home/runner/.m2/repository/com/amazonaws/aws-java-sdk-kms/1.12.661/aws-java-sdk-kms-1.12.661.jar:/home/runner/.m2/repository/com/amazonaws/jmespath-java/1.12.661/jmespath-java-1.12.661.jar:/home/runner/.m2/repository/org/kohsuke/metainf-services/metainf-services/1.11/metainf-services-1.11.jar:/home/runner/work/ozone/ozone/hadoop-hdds/tools/target/classes:/home/runner/.m2/repository/org/apache/ratis/ratis-tools/3.0.1/ratis-tools-3.0.1.jar:/home/runner/.m2/repository/commons-cli/commons-cli/1.6.0/commons-cli-1.6.0.jar:/home/runner/.m2/repository/org/apache/commons/commons-lang3/3.14.0/commons-lang3-3.14.0.jar:/home/runner/work/ozone/ozone/hadoop-ozone/ozone-manager/target/test-classes:/home/runner/work/ozone/ozone/hadoop-hdds/common/target/test-classes:/home/runner/work/ozone/ozone/hadoop-hdds/hadoop-dependency-client/target/classes:/home/runner/.m2/repository/info/picocli/picocli/4.7.5/picocli-4.7.5.jar:/home/runner/.m2/repository/com/fasterxml/jackson/core/jackson-annotations/2.16.1/jackson-annotations-2.16.1.jar:/home/runner/work/ozone/ozone/hadoop-hdds/annotations/target/classes:/home/runner/.m2/repository/javax/annotation/javax.annotation-api/1.3.2/javax.annotation-api-1.3.2.jar:/home/runner/.m2/repository/org/apache/ratis/ratis-netty/3.0.1/ratis-netty-3.0.1.jar:/home/runner/.m2/repository/org/apache/ratis/ratis-grpc/3.0.1/ratis-grpc-3.0.1.jar:/home/runner/.m2/repository/org/bouncycastle/bcpkix-jdk18on/1.78.1/bcpkix-jdk18on-1.78.1.jar:/home/runner/.m2/repository/org/bouncycastle/bcutil-jdk18on/1.78.1/bcutil-jdk18on-1.78.1.jar:/home/runner/.m2/repository/commons-validator/commons-validator/1.6/commons-validator-1.6.jar:/home/runner/.m2/repository/commons-beanutils/commons-beanutils/1.9.4/commons-beanutils-1.9.4.jar:/home/runner/.m2/repository/commons-digester/commons-digester/1.8.1/commons-digester-1.8.1.jar:/home/runner/.m2/repository/commons-collections/commons-collections/3.2.2/commons-collections-3.2.2.jar:/home/runner/.m2/repository/io/jaegertracing/jaeger-client/1.8.1/jaeger-client-1.8.1.jar:/home/runner/.m2/repository/io/jaegertracing/jaeger-thrift/1.8.1/jaeger-thrift-1.8.1.jar:/home/runner/.m2/repository/org/apache/thrift/libthrift/0.15.0/libthrift-0.15.0.jar:/home/runner/.m2/repository/io/jaegertracing/jaeger-core/1.8.1/jaeger-core-1.8.1.jar:/home/runner/.m2/repository/io/jaegertracing/jaeger-tracerresolver/1.8.1/jaeger-tracerresolver-1.8.1.jar:/home/runner/.m2/repository/io/opentracing/contrib/opentracing-tracerresolver/0.1.8/opentracing-tracerresolver-0.1.8.jar:/home/runner/.m2/repository/org/jetbrains/kotlin/kotlin-stdlib/1.9.22/kotlin-stdlib-1.9.22.jar:/home/runner/.m2/repository/org/jetbrains/annotations/13.0/annotations-13.0.jar:/home/runner/.m2/repository/io/opentracing/opentracing-util/0.33.0/opentracing-util-0.33.0.jar:/home/runner/.m2/repository/io/opentracing/opentracing-api/0.33.0/opentracing-api-0.33.0.jar:/home/runner/.m2/repository/io/opentracing/opentracing-noop/0.33.0/opentracing-noop-0.33.0.jar:/home/runner/.m2/repository/org/yaml/snakeyaml/2.0/snakeyaml-2.0.jar:/home/runner/.m2/repository/io/grpc/grpc-api/1.58.0/grpc-api-1.58.0.jar:/home/runner/.m2/repository/org/junit/platform/junit-platform-launcher/1.10.2/junit-platform-launcher-1.10.2.jar:/home/runner/.m2/repository/org/junit/platform/junit-platform-engine/1.10.2/junit-platform-engine-1.10.2.jar:/home/runner/.m2/repository/org/apiguardian/apiguardian-api/1.1.2/apiguardian-api-1.1.2.jar:/home/runner/.m2/repository/org/apache/hadoop/hadoop-kms/3.3.6/hadoop-kms-3.3.6.jar:/home/runner/.m2/repository/org/apache/hadoop/hadoop-auth/3.3.6/hadoop-auth-3.3.6.jar:/home/runner/.m2/repository/org/apache/zookeeper/zookeeper/3.8.4/zookeeper-3.8.4.jar:/home/runner/.m2/repository/org/apache/zookeeper/zookeeper-jute/3.8.4/zookeeper-jute-3.8.4.jar:/home/runner/.m2/repository/org/apache/yetus/audience-annotations/0.12.0/audience-annotations-0.12.0.jar:/home/runner/.m2/repository/org/apache/curator/curator-framework/4.2.0/curator-framework-4.2.0.jar:/home/runner/.m2/repository/org/apache/hadoop/thirdparty/hadoop-shaded-guava/1.2.0/hadoop-shaded-guava-1.2.0.jar:/home/runner/.m2/repository/com/sun/jersey/jersey-core/1.19.4/jersey-core-1.19.4.jar:/home/runner/.m2/repository/javax/ws/rs/jsr311-api/1.1.1/jsr311-api-1.1.1.jar:/home/runner/.m2/repository/com/sun/jersey/jersey-server/1.19.4/jersey-server-1.19.4.jar:/home/runner/.m2/repository/javax/servlet/javax.servlet-api/3.1.0/javax.servlet-api-3.1.0.jar:/home/runner/.m2/repository/org/apache/hadoop/hadoop-common/3.3.6/hadoop-common-3.3.6.jar:/home/runner/.m2/repository/org/apache/commons/commons-math3/3.6.1/commons-math3-3.6.1.jar:/home/runner/.m2/repository/commons-net/commons-net/3.10.0/commons-net-3.10.0.jar:/home/runner/.m2/repository/com/sun/jersey/jersey-servlet/1.19.4/jersey-servlet-1.19.4.jar:/home/runner/.m2/repository/com/github/pjfanning/jersey-json/1.20/jersey-json-1.20.jar:/home/runner/.m2/repository/org/codehaus/jettison/jettison/1.1/jettison-1.1.jar:/home/runner/.m2/repository/com/sun/xml/bind/jaxb-impl/2.2.3-1/jaxb-impl-2.2.3-1.jar:/home/runner/.m2/repository/com/google/re2j/re2j/1.7/re2j-1.7.jar:/home/runner/.m2/repository/com/jcraft/jsch/0.1.55/jsch-0.1.55.jar:/home/runner/.m2/repository/org/apache/curator/curator-client/4.2.0/curator-client-4.2.0.jar:/home/runner/.m2/repository/org/apache/curator/curator-recipes/5.2.0/curator-recipes-5.2.0.jar:/home/runner/.m2/repository/com/google/code/findbugs/jsr305/3.0.2/jsr305-3.0.2.jar:/home/runner/.m2/repository/dnsjava/dnsjava/2.1.9/dnsjava-2.1.9.jar:/home/runner/.m2/repository/com/fasterxml/jackson/core/jackson-databind/2.16.1/jackson-databind-2.16.1.jar:/home/runner/.m2/repository/org/apache/hadoop/hadoop-kms/3.3.6/hadoop-kms-3.3.6-tests.jar:/home/runner/work/ozone/ozone/hadoop-hdds/server-scm/target/test-classes:/home/runner/work/ozone/ozone/hadoop-hdds/container-service/target/test-classes:/home/runner/.m2/repository/com/github/luben/zstd-jni/1.5.6-2/zstd-jni-1.5.6-2.jar:/home/runner/.m2/repository/commons-codec/commons-codec/1.15/commons-codec-1.15.jar:/home/runner/.m2/repository/io/netty/netty-codec/4.1.109.Final/netty-codec-4.1.109.Final.jar:/home/runner/.m2/repository/io/netty/netty-handler/4.1.109.Final/netty-handler-4.1.109.Final.jar:/home/runner/work/ozone/ozone/hadoop-hdds/hadoop-dependency-test/target/classes:/home/runner/.m2/repository/org/apache/hadoop/hadoop-common/3.3.6/hadoop-common-3.3.6-tests.jar:/home/runner/.m2/repository/org/apache/hadoop/hadoop-hdfs/3.3.6/hadoop-hdfs-3.3.6-tests.jar:/home/runner/.m2/repository/org/junit/jupiter/junit-jupiter-engine/5.10.2/junit-jupiter-engine-5.10.2.jar:/home/runner/.m2/repository/org/junit/jupiter/junit-jupiter-params/5.10.2/junit-jupiter-params-5.10.2.jar:/home/runner/.m2/repository/org/mockito/mockito-core/4.11.0/mockito-core-4.11.0.jar:/home/runner/.m2/repository/net/bytebuddy/byte-buddy/1.12.19/byte-buddy-1.12.19.jar:/home/runner/.m2/repository/net/bytebuddy/byte-buddy-agent/1.12.19/byte-buddy-agent-1.12.19.jar:/home/runner/.m2/repository/org/objenesis/objenesis/3.3/objenesis-3.3.jar:/home/runner/.m2/repository/org/mockito/mockito-inline/4.11.0/mockito-inline-4.11.0.jar:/home/runner/.m2/repository/org/mockito/mockito-junit-jupiter/4.11.0/mockito-junit-jupiter-4.11.0.jar:/home/runner/.m2/repository/org/apache/hadoop/hadoop-distcp/3.3.6/hadoop-distcp-3.3.6.jar:/home/runner/.m2/repository/org/apache/hadoop/hadoop-mapreduce-client-jobclient/3.3.6/hadoop-mapreduce-client-jobclient-3.3.6.jar:/home/runner/.m2/repository/org/apache/hadoop/hadoop-mapreduce-client-common/3.3.6/hadoop-mapreduce-client-common-3.3.6.jar:/home/runner/.m2/repository/org/apache/hadoop/hadoop-yarn-common/3.3.6/hadoop-yarn-common-3.3.6.jar:/home/runner/.m2/repository/org/apache/hadoop/hadoop-yarn-api/3.3.6/hadoop-yarn-api-3.3.6.jar:/home/runner/.m2/repository/javax/xml/bind/jaxb-api/2.2.11/jaxb-api-2.2.11.jar:/home/runner/.m2/repository/com/sun/jersey/contribs/jersey-guice/1.19.4/jersey-guice-1.19.4.jar:/home/runner/.m2/repository/com/fasterxml/jackson/jaxrs/jackson-jaxrs-json-provider/2.16.1/jackson-jaxrs-json-provider-2.16.1.jar:/home/runner/.m2/repository/com/fasterxml/jackson/jaxrs/jackson-jaxrs-base/2.16.1/jackson-jaxrs-base-2.16.1.jar:/home/runner/.m2/repository/org/apache/hadoop/hadoop-yarn-client/3.3.6/hadoop-yarn-client-3.3.6.jar:/home/runner/.m2/repository/org/eclipse/jetty/websocket/websocket-client/9.4.51.v20230217/websocket-client-9.4.51.v20230217.jar:/home/runner/.m2/repository/org/eclipse/jetty/websocket/websocket-common/9.4.51.v20230217/websocket-common-9.4.51.v20230217.jar:/home/runner/.m2/repository/org/eclipse/jetty/websocket/websocket-api/9.4.51.v20230217/websocket-api-9.4.51.v20230217.jar:/home/runner/.m2/repository/org/jline/jline/3.9.0/jline-3.9.0.jar:/home/runner/.m2/repository/org/apache/hadoop/hadoop-mapreduce-client-core/3.3.6/hadoop-mapreduce-client-core-3.3.6.jar:/home/runner/.m2/repository/org/apache/avro/avro/1.7.7/avro-1.7.7.jar:/home/runner/.m2/repository/com/thoughtworks/paranamer/paranamer/2.3/paranamer-2.3.jar:/home/runner/.m2/repository/org/apache/hadoop/hadoop-annotations/3.3.6/hadoop-annotations-3.3.6.jar:/home/runner/.m2/repository/io/netty/netty/3.10.6.Final/netty-3.10.6.Final.jar:/home/runner/.m2/repository/org/apache/hadoop/hadoop-distcp/3.3.6/hadoop-distcp-3.3.6-tests.jar:/home/runner/.m2/repository/org/hamcrest/hamcrest/2.2/hamcrest-2.2.jar:/home/runner/.m2/repository/org/slf4j/jul-to-slf4j/2.0.12/jul-to-slf4j-2.0.12.jar:/home/runner/work/ozone/ozone/hadoop-ozone/integration-test/target/gradle-enterprise/test-listeners.jar:"/>
    <property name="sun.cpu.endian" value="little"/>
    <property name="user.home" value="/home/runner"/>
    <property name="user.language" value="en"/>
    <property name="java.specification.vendor" value="Oracle Corporation"/>
    <property name="java.version.date" value="2024-01-16"/>
    <property name="java.home" value="/usr/lib/jvm/temurin-17-jdk-amd64"/>
    <property name="java.security.krb5.conf" value="/home/runner/work/ozone/ozone/hadoop-ozone/integration-test/target/test-classes/krb5.conf"/>
    <property name="file.separator" value="/"/>
    <property name="basedir" value="/home/runner/work/ozone/ozone/hadoop-ozone/integration-test"/>
    <property name="java.vm.compressedOopsMode" value="Zero based"/>
    <property name="line.separator" value="&#10;"/>
    <property name="java.vm.specification.vendor" value="Oracle Corporation"/>
    <property name="java.specification.name" value="Java Platform API Specification"/>
    <property name="skip.installnpx" value="true"/>
    <property name="surefire.real.class.path" value="/home/runner/work/ozone/ozone/hadoop-ozone/integration-test/target/surefire/surefirebooter3384577938793807047.jar"/>
    <property name="hadoop.log.dir" value="/home/runner/work/ozone/ozone/hadoop-ozone/integration-test/target/log"/>
    <property name="sun.management.compiler" value="HotSpot 64-Bit Tiered Compilers"/>
    <property name="java.runtime.version" value="17.0.10+7"/>
    <property name="skip.npx" value="true"/>
    <property name="user.name" value="runner"/>
    <property name="java.net.preferIPv4Stack" value="true"/>
    <property name="path.separator" value=":"/>
    <property name="java.security.egd" value="file:///dev/urandom"/>
    <property name="os.version" value="5.15.0-1061-azure"/>
    <property name="java.runtime.name" value="OpenJDK Runtime Environment"/>
    <property name="com.gradle.maven.scan.extension.test.listener.junitplatform.NestedExecutionSafeDelegatingTestExecutionListener" value="34f7cfd9"/>
    <property name="file.encoding" value="UTF-8"/>
    <property name="java.vm.name" value="OpenJDK 64-Bit Server VM"/>
    <property name="java.vendor.version" value="Temurin-17.0.10+7"/>
    <property name="test.build.webapps" value=""/>
    <property name="gradle.enterprise.listener.port" value="42547"/>
    <property name="localRepository" value="/home/runner/.m2/repository"/>
    <property name="java.vendor.url.bug" value="https://github.com/adoptium/adoptium-support/issues"/>
    <property name="jetty.git.hash" value="cef3fbd6d736a21e7d541a5db490381d95a2047d"/>
    <property name="java.io.tmpdir" value="/tmp"/>
    <property name="require.test.libhadoop" value=""/>
    <property name="java.version" value="17.0.10"/>
    <property name="user.dir" value="/home/runner/work/ozone/ozone/hadoop-ozone/integration-test"/>
    <property name="os.arch" value="amd64"/>
    <property name="java.vm.specification.name" value="Java Virtual Machine Specification"/>
    <property name="test.build.classes" value="/home/runner/work/ozone/ozone/hadoop-ozone/integration-test/target/test-classes"/>
    <property name="org.apache.ratis.thirdparty.io.netty.allocator.useCacheForAllThreads" value="false"/>
    <property name="native.encoding" value="UTF-8"/>
    <property name="hadoop.tmp.dir" value="/home/runner/work/ozone/ozone/hadoop-ozone/integration-test/target/tmp"/>
    <property name="java.library.path" value="/usr/java/packages/lib:/usr/lib64:/lib64:/lib:/usr/lib"/>
    <property name="java.vm.info" value="mixed mode, sharing"/>
    <property name="java.vendor" value="Eclipse Adoptium"/>
    <property name="java.vm.version" value="17.0.10+7"/>
    <property name="sun.io.unicode.encoding" value="UnicodeLittle"/>
    <property name="java.class.version" value="61.0"/>
  </properties>
  <testcase name="test2DatanodesFailure(boolean)[1]" classname="org.apache.hadoop.ozone.client.rpc.TestBlockOutputStreamWithFailures" time="48.729"/>
  <testcase name="test2DatanodesFailure(boolean)[2]" classname="org.apache.hadoop.ozone.client.rpc.TestBlockOutputStreamWithFailures" time="353.31">
    <error type="java.util.concurrent.TimeoutException"><![CDATA[java.util.concurrent.TimeoutException: test2DatanodesFailure(boolean) timed out after 300 seconds
	at java.base/java.util.stream.ForEachOps$ForEachOp$OfRef.accept(ForEachOps.java:183)
	at java.base/java.util.stream.ReferencePipeline$3$1.accept(ReferencePipeline.java:197)
	at java.base/java.util.stream.ReferencePipeline$2$1.accept(ReferencePipeline.java:179)
	at java.base/java.util.stream.ReferencePipeline$3$1.accept(ReferencePipeline.java:197)
	at java.base/java.util.stream.ForEachOps$ForEachOp$OfRef.accept(ForEachOps.java:183)
	at java.base/java.util.stream.ReferencePipeline$3$1.accept(ReferencePipeline.java:197)
	at java.base/java.util.stream.ReferencePipeline$3$1.accept(ReferencePipeline.java:197)
	at java.base/java.util.stream.ReferencePipeline$3$1.accept(ReferencePipeline.java:197)
	at java.base/java.util.stream.ForEachOps$ForEachOp$OfRef.accept(ForEachOps.java:183)
	at java.base/java.util.stream.ReferencePipeline$3$1.accept(ReferencePipeline.java:197)
	at java.base/java.util.Spliterators$ArraySpliterator.forEachRemaining(Spliterators.java:992)
	at java.base/java.util.stream.AbstractPipeline.copyInto(AbstractPipeline.java:509)
	at java.base/java.util.stream.AbstractPipeline.wrapAndCopyInto(AbstractPipeline.java:499)
	at java.base/java.util.stream.ForEachOps$ForEachOp.evaluateSequential(ForEachOps.java:150)
	at java.base/java.util.stream.ForEachOps$ForEachOp$OfRef.evaluateSequential(ForEachOps.java:173)
	at java.base/java.util.stream.AbstractPipeline.evaluate(AbstractPipeline.java:234)
	at java.base/java.util.stream.ReferencePipeline.forEach(ReferencePipeline.java:596)
	at java.base/java.util.stream.ReferencePipeline$7$1.accept(ReferencePipeline.java:276)
	at java.base/java.util.stream.ReferencePipeline$3$1.accept(ReferencePipeline.java:197)
	at java.base/java.util.stream.ReferencePipeline$3$1.accept(ReferencePipeline.java:197)
	at java.base/java.util.stream.ReferencePipeline$3$1.accept(ReferencePipeline.java:197)
	at java.base/java.util.ArrayList$ArrayListSpliterator.forEachRemaining(ArrayList.java:1625)
	at java.base/java.util.stream.AbstractPipeline.copyInto(AbstractPipeline.java:509)
	at java.base/java.util.stream.AbstractPipeline.wrapAndCopyInto(AbstractPipeline.java:499)
	at java.base/java.util.stream.ForEachOps$ForEachOp.evaluateSequential(ForEachOps.java:150)
	at java.base/java.util.stream.ForEachOps$ForEachOp$OfRef.evaluateSequential(ForEachOps.java:173)
	at java.base/java.util.stream.AbstractPipeline.evaluate(AbstractPipeline.java:234)
	at java.base/java.util.stream.ReferencePipeline.forEach(ReferencePipeline.java:596)
	at java.base/java.util.stream.ReferencePipeline$7$1.accept(ReferencePipeline.java:276)
	at java.base/java.util.ArrayList$ArrayListSpliterator.forEachRemaining(ArrayList.java:1625)
	at java.base/java.util.stream.AbstractPipeline.copyInto(AbstractPipeline.java:509)
	at java.base/java.util.stream.AbstractPipeline.wrapAndCopyInto(AbstractPipeline.java:499)
	at java.base/java.util.stream.ForEachOps$ForEachOp.evaluateSequential(ForEachOps.java:150)
	at java.base/java.util.stream.ForEachOps$ForEachOp$OfRef.evaluateSequential(ForEachOps.java:173)
	at java.base/java.util.stream.AbstractPipeline.evaluate(AbstractPipeline.java:234)
	at java.base/java.util.stream.ReferencePipeline.forEach(ReferencePipeline.java:596)
	at java.base/java.util.ArrayList.forEach(ArrayList.java:1511)
	at java.base/java.util.ArrayList.forEach(ArrayList.java:1511)
]]></error>
    <system-out><![CDATA[2024-05-06 08:59:18,645 [main] WARN  server.ServerUtils (ServerUtils.java:getScmDbDir(143)) - ozone.scm.db.dirs is not configured. We recommend adding this setting. Falling back to ozone.metadata.dirs instead.
2024-05-06 08:59:18,649 [main] WARN  server.ServerUtils (ServerUtils.java:getScmDbDir(143)) - ozone.scm.db.dirs is not configured. We recommend adding this setting. Falling back to ozone.metadata.dirs instead.
2024-05-06 08:59:18,649 [main] INFO  ha.SCMHANodeDetails (SCMHANodeDetails.java:loadSCMHAConfig(207)) - ServiceID for StorageContainerManager is null
2024-05-06 08:59:18,649 [main] INFO  ha.SCMHANodeDetails (SCMHANodeDetails.java:loadSCMHAConfig(212)) - ozone.scm.default.service.id is not defined, falling back to ozone.scm.service.ids to find serviceID for StorageContainerManager if it is HA enabled cluster
2024-05-06 08:59:18,650 [main] WARN  utils.HAUtils (HAUtils.java:getMetaDir(339)) - ozone.scm.db.dirs is not configured. We recommend adding this setting. Falling back to ozone.metadata.dirs instead.
2024-05-06 08:59:18,650 [main] WARN  db.DBStoreBuilder (DBStoreBuilder.java:applyDBDefinition(171)) - ozone.scm.db.dirs is not configured. We recommend adding this setting. Falling back to ozone.metadata.dirs instead.
2024-05-06 08:59:18,748 [main] INFO  net.NodeSchemaLoader (NodeSchemaLoader.java:loadSchemaFromFile(129)) - Loading schema from [file:/home/runner/work/ozone/ozone/hadoop-hdds/common/target/classes/network-topology-default.xml]
2024-05-06 08:59:18,748 [main] INFO  net.NodeSchemaLoader (NodeSchemaLoader.java:loadSchema(176)) - Loading network topology layer schema file
2024-05-06 08:59:18,751 [main] INFO  upgrade.AbstractLayoutVersionManager (AbstractLayoutVersionManager.java:init(83)) - Initializing Layout version manager with metadata layout = HADOOP_PRC_PORTS_IN_DATANODEDETAILS (version = 7), software layout = HADOOP_PRC_PORTS_IN_DATANODEDETAILS (version = 7)
2024-05-06 08:59:18,753 [main] INFO  ha.SequenceIdGenerator (SequenceIdGenerator.java:upgradeToSequenceId(370)) - upgrade localId to 113750153625600000
2024-05-06 08:59:18,754 [main] INFO  ha.SequenceIdGenerator (SequenceIdGenerator.java:upgradeToSequenceId(380)) - upgrade delTxnId to 0
2024-05-06 08:59:18,755 [main] INFO  ha.SequenceIdGenerator (SequenceIdGenerator.java:upgradeToSequenceId(397)) - upgrade containerId to 0
2024-05-06 08:59:18,757 [main] INFO  ha.SequenceIdGenerator (SequenceIdGenerator.java:upgradeToCertificateSequenceId(444)) - upgrade CertificateId to 2
2024-05-06 08:59:18,757 [main] INFO  ha.SequenceIdGenerator (SequenceIdGenerator.java:<init>(241)) - Init the HA SequenceIdGenerator.
2024-05-06 08:59:18,758 [main] INFO  node.SCMNodeManager (SCMNodeManager.java:<init>(177)) - Entering startup safe mode.
2024-05-06 08:59:18,758 [main] INFO  algorithms.ContainerPlacementPolicyFactory (ContainerPlacementPolicyFactory.java:getPolicyInternal(86)) - Create container placement policy of type org.apache.hadoop.hdds.scm.container.placement.algorithms.SCMContainerPlacementRackAware
2024-05-06 08:59:18,758 [main] INFO  algorithms.ContainerPlacementPolicyFactory (ContainerPlacementPolicyFactory.java:getPolicyInternal(86)) - Create container placement policy of type org.apache.hadoop.hdds.scm.container.placement.algorithms.SCMContainerPlacementRackScatter
2024-05-06 08:59:18,759 [main] INFO  pipeline.PipelineStateManagerImpl (PipelineStateManagerImpl.java:initialize(78)) - No pipeline exists in current db
2024-05-06 08:59:18,759 [main] INFO  algorithms.LeaderChoosePolicyFactory (LeaderChoosePolicyFactory.java:getPolicy(57)) - Create leader choose policy of type org.apache.hadoop.hdds.scm.pipeline.leader.choose.algorithms.MinLeaderCountChoosePolicy
2024-05-06 08:59:18,759 [main] INFO  algorithms.ContainerPlacementPolicyFactory (ContainerPlacementPolicyFactory.java:getPolicyInternal(86)) - Create container placement policy of type org.apache.hadoop.hdds.scm.container.placement.algorithms.SCMContainerPlacementRackScatter
2024-05-06 08:59:18,759 [main] INFO  ha.SCMServiceManager (SCMServiceManager.java:register(42)) - Registering service BackgroundPipelineCreator.
2024-05-06 08:59:18,759 [main] INFO  pipeline.BackgroundPipelineCreator (BackgroundPipelineCreator.java:start(127)) - Starting RatisPipelineUtilsThread.
2024-05-06 08:59:18,760 [main] INFO  BackgroundPipelineScrubber (BackgroundSCMService.java:start(65)) - Starting BackgroundPipelineScrubber Service.
2024-05-06 08:59:18,760 [main] INFO  ha.SCMServiceManager (SCMServiceManager.java:register(42)) - Registering service BackgroundPipelineScrubber.
2024-05-06 08:59:18,760 [main] INFO  ExpiredContainerReplicaOpScrubber (BackgroundSCMService.java:start(65)) - Starting ExpiredContainerReplicaOpScrubber Service.
2024-05-06 08:59:18,760 [main] INFO  ha.SCMServiceManager (SCMServiceManager.java:register(42)) - Registering service ExpiredContainerReplicaOpScrubber.
2024-05-06 08:59:18,761 [main] INFO  algorithms.PipelineChoosePolicyFactory (PipelineChoosePolicyFactory.java:createPipelineChoosePolicyFromClass(80)) - Create pipeline choose policy of type org.apache.hadoop.hdds.scm.pipeline.choose.algorithms.RandomPipelineChoosePolicy
2024-05-06 08:59:18,762 [main] INFO  algorithms.PipelineChoosePolicyFactory (PipelineChoosePolicyFactory.java:createPipelineChoosePolicyFromClass(80)) - Create pipeline choose policy of type org.apache.hadoop.hdds.scm.pipeline.choose.algorithms.RandomPipelineChoosePolicy
2024-05-06 08:59:18,762 [main] INFO  ha.SCMServiceManager (SCMServiceManager.java:register(42)) - Registering service SCMBlockDeletingService.
2024-05-06 08:59:18,763 [main] INFO  replication.ReplicationManager (ReplicationManager.java:start(296)) - Starting Replication Monitor Thread.
2024-05-06 08:59:18,767 [ReplicationMonitor] INFO  replication.ReplicationManager (ReplicationManager.java:processAll(373)) - Replication Manager is not ready to run until 3000ms after safemode exit
2024-05-06 08:59:18,767 [main] INFO  ha.SCMServiceManager (SCMServiceManager.java:register(42)) - Registering service ReplicationManager.
2024-05-06 08:59:18,768 [main] INFO  safemode.ContainerSafeModeRule (ContainerSafeModeRule.java:<init>(91)) - containers with one replica threshold count 0
2024-05-06 08:59:18,768 [main] INFO  safemode.HealthyPipelineSafeModeRule (HealthyPipelineSafeModeRule.java:initializeRule(176)) - Total pipeline count is 0, healthy pipeline threshold count is 1
2024-05-06 08:59:18,768 [main] INFO  safemode.OneReplicaPipelineSafeModeRule (OneReplicaPipelineSafeModeRule.java:initializeRule(193)) - Total pipeline count is 0, pipeline's with at least one datanode reported threshold count is 0
2024-05-06 08:59:18,769 [main] INFO  server.StorageContainerManager (StorageContainerManager.java:<init>(440)) - SCM start with adminUsers: [runner]
2024-05-06 08:59:18,769 [main] INFO  ipc.CallQueueManager (CallQueueManager.java:<init>(90)) - Using callQueue: class java.util.concurrent.LinkedBlockingQueue, queueCapacity: 10000, scheduler: class org.apache.hadoop.ipc.DefaultRpcScheduler, ipcBackoff: false.
2024-05-06 08:59:18,769 [main] INFO  ipc.Server (Server.java:<init>(1287)) - Listener at 0.0.0.0:15055
2024-05-06 08:59:18,770 [Socket Reader #1 for port 15055] INFO  ipc.Server (Server.java:run(1323)) - Starting Socket Reader #1 for port 15055
2024-05-06 08:59:18,771 [main] INFO  ipc.CallQueueManager (CallQueueManager.java:<init>(90)) - Using callQueue: class java.util.concurrent.LinkedBlockingQueue, queueCapacity: 10000, scheduler: class org.apache.hadoop.ipc.DefaultRpcScheduler, ipcBackoff: false.
2024-05-06 08:59:18,771 [main] INFO  ipc.Server (Server.java:<init>(1287)) - Listener at 0.0.0.0:15054
2024-05-06 08:59:18,771 [Socket Reader #1 for port 15054] INFO  ipc.Server (Server.java:run(1323)) - Starting Socket Reader #1 for port 15054
2024-05-06 08:59:18,772 [main] INFO  ipc.CallQueueManager (CallQueueManager.java:<init>(90)) - Using callQueue: class java.util.concurrent.LinkedBlockingQueue, queueCapacity: 10000, scheduler: class org.apache.hadoop.ipc.DefaultRpcScheduler, ipcBackoff: false.
2024-05-06 08:59:18,772 [main] INFO  ipc.Server (Server.java:<init>(1287)) - Listener at 0.0.0.0:15053
2024-05-06 08:59:18,775 [Socket Reader #1 for port 15053] INFO  ipc.Server (Server.java:run(1323)) - Starting Socket Reader #1 for port 15053
2024-05-06 08:59:18,779 [main] INFO  ha.SCMServiceManager (SCMServiceManager.java:register(42)) - Registering service ContainerBalancer.
2024-05-06 08:59:18,779 [main] INFO  ha.SCMContext (SCMContext.java:updateSafeModeStatus(225)) - Update SafeModeStatus from SafeModeStatus{safeModeStatus=true, preCheckPassed=false} to SafeModeStatus{safeModeStatus=true, preCheckPassed=false}.
2024-05-06 08:59:18,780 [main] INFO  server.StorageContainerManager (StorageContainerManager.java:start(1545)) - StorageContainerLocationProtocol RPC server is listening at /0.0.0.0:15053
2024-05-06 08:59:18,781 [main] WARN  impl.MetricsConfig (MetricsConfig.java:loadFirst(136)) - Cannot locate configuration: tried hadoop-metrics2-storagecontainermanager.properties,hadoop-metrics2.properties
2024-05-06 08:59:18,782 [main] INFO  impl.MetricsSystemImpl (MetricsSystemImpl.java:startTimer(378)) - Scheduled Metric snapshot period at 10 second(s).
2024-05-06 08:59:18,782 [main] INFO  impl.MetricsSystemImpl (MetricsSystemImpl.java:start(191)) - StorageContainerManager metrics system started
2024-05-06 08:59:18,787 [main] INFO  impl.MetricsSinkAdapter (MetricsSinkAdapter.java:start(204)) - Sink prometheus started
2024-05-06 08:59:18,787 [main] INFO  impl.MetricsSystemImpl (MetricsSystemImpl.java:registerSink(305)) - Registered sink prometheus
2024-05-06 08:59:18,804 [main] INFO  server.SCMClientProtocolServer (SCMClientProtocolServer.java:start(204)) - RPC server for Client  is listening at /0.0.0.0:15053
2024-05-06 08:59:18,804 [IPC Server Responder] INFO  ipc.Server (Server.java:run(1562)) - IPC Server Responder: starting
2024-05-06 08:59:18,804 [IPC Server listener on 15053] INFO  ipc.Server (Server.java:run(1402)) - IPC Server listener on 15053: starting
2024-05-06 08:59:18,820 [main] INFO  server.StorageContainerManager (StorageContainerManager.java:start(1558)) - ScmBlockLocationProtocol RPC server is listening at /0.0.0.0:15054
2024-05-06 08:59:18,821 [main] INFO  server.SCMBlockProtocolServer (SCMBlockProtocolServer.java:start(162)) - RPC server for Block Protocol is listening at /0.0.0.0:15054
2024-05-06 08:59:18,821 [IPC Server Responder] INFO  ipc.Server (Server.java:run(1562)) - IPC Server Responder: starting
2024-05-06 08:59:18,821 [IPC Server listener on 15054] INFO  ipc.Server (Server.java:run(1402)) - IPC Server listener on 15054: starting
2024-05-06 08:59:18,828 [main] INFO  server.SCMDatanodeProtocolServer (SCMDatanodeProtocolServer.java:start(194)) - ScmDatanodeProtocol RPC server for DataNodes is listening at /0.0.0.0:15055
2024-05-06 08:59:18,828 [IPC Server Responder] INFO  ipc.Server (Server.java:run(1562)) - IPC Server Responder: starting
2024-05-06 08:59:18,828 [IPC Server listener on 15055] INFO  ipc.Server (Server.java:run(1402)) - IPC Server listener on 15055: starting
2024-05-06 08:59:18,835 [JvmPauseMonitor7] INFO  util.JvmPauseMonitor (JvmPauseMonitor.java:run(146)) - JvmPauseMonitor-3416a1cf-4c6b-4feb-969c-647d1bed5876: Started
2024-05-06 08:59:18,836 [main] INFO  http.BaseHttpServer (BaseHttpServer.java:newHttpServer2BuilderForOzone(223)) - Starting Web-server for scm at: http://0.0.0.0:15056
2024-05-06 08:59:18,836 [main] INFO  http.BaseHttpServer (BaseHttpServer.java:<init>(110)) - Hadoop Security Enabled: false Ozone Security Enabled: false Ozone HTTP Security Enabled: false 
2024-05-06 08:59:18,837 [main] WARN  server.AuthenticationFilter (AuthenticationFilter.java:constructSecretProvider(240)) - Unable to initialize FileSignerSecretProvider, falling back to use random secrets. Reason: Could not read signature secret file: /home/runner/hadoop-http-auth-signature-secret
2024-05-06 08:59:18,838 [main] INFO  http.HttpRequestLog (HttpRequestLog.java:getRequestLog(86)) - Http request log for http.requests.scm is not defined
2024-05-06 08:59:18,839 [main] INFO  http.HttpServer2 (HttpServer2.java:addGlobalFilter(1036)) - Added global filter 'safety' (class=org.apache.hadoop.hdds.server.http.HttpServer2$QuotingInputFilter)
2024-05-06 08:59:18,840 [main] INFO  http.HttpServer2 (HttpServer2.java:addFilter(1012)) - Added filter static_user_filter (class=org.apache.hadoop.http.lib.StaticUserWebFilter$StaticUserFilter) to context scm
2024-05-06 08:59:18,840 [main] INFO  http.HttpServer2 (HttpServer2.java:addFilter(1020)) - Added filter static_user_filter (class=org.apache.hadoop.http.lib.StaticUserWebFilter$StaticUserFilter) to context static
2024-05-06 08:59:18,840 [main] INFO  http.HttpServer2 (HttpServer2.java:addFilter(1020)) - Added filter static_user_filter (class=org.apache.hadoop.http.lib.StaticUserWebFilter$StaticUserFilter) to context logs
2024-05-06 08:59:18,841 [main] INFO  http.BaseHttpServer (BaseHttpServer.java:<init>(189)) - HTTP server of scm uses base directory /home/runner/work/ozone/ozone/hadoop-ozone/integration-test/target/test-dir/MiniOzoneClusterImpl-f8a20603-669c-41d5-94ea-e080bd68b2ef/ozone-meta/webserver
2024-05-06 08:59:18,841 [main] INFO  http.HttpServer2 (HttpServer2.java:bindListener(1236)) - Jetty bound to port 15056
2024-05-06 08:59:18,841 [main] INFO  server.Server (Server.java:doStart(375)) - jetty-9.4.54.v20240208; built: 2024-02-08T19:42:39.027Z; git: cef3fbd6d736a21e7d541a5db490381d95a2047d; jvm 17.0.10+7
2024-05-06 08:59:18,842 [main] INFO  server.session (DefaultSessionIdManager.java:doStart(334)) - DefaultSessionIdManager workerName=node0
2024-05-06 08:59:18,842 [main] INFO  server.session (DefaultSessionIdManager.java:doStart(339)) - No SessionScavenger set, using defaults
2024-05-06 08:59:18,842 [main] INFO  server.session (HouseKeeper.java:startScavenging(132)) - node0 Scavenging every 660000ms
2024-05-06 08:59:18,844 [main] INFO  handler.ContextHandler (ContextHandler.java:doStart(921)) - Started o.e.j.s.ServletContextHandler@25cccd85{logs,/logs,file:///home/runner/work/ozone/ozone/hadoop-ozone/integration-test/target/log,AVAILABLE}
2024-05-06 08:59:18,844 [main] INFO  handler.ContextHandler (ContextHandler.java:doStart(921)) - Started o.e.j.s.ServletContextHandler@1e21c025{static,/static,file:///home/runner/work/ozone/ozone/hadoop-ozone/integration-test/target/test-classes/webapps/static,AVAILABLE}
2024-05-06 08:59:18,852 [main] INFO  handler.ContextHandler (ContextHandler.java:doStart(921)) - Started o.e.j.w.WebAppContext@17e9e99{scm,/,file:///home/runner/work/ozone/ozone/hadoop-ozone/integration-test/target/test-classes/webapps/scm/,AVAILABLE}{file:/home/runner/work/ozone/ozone/hadoop-ozone/integration-test/target/test-classes/webapps/scm}
2024-05-06 08:59:18,853 [main] INFO  server.AbstractConnector (AbstractConnector.java:doStart(333)) - Started ServerConnector@20d35171{HTTP/1.1, (http/1.1)}{0.0.0.0:15056}
2024-05-06 08:59:18,853 [main] INFO  server.Server (Server.java:doStart(415)) - Started @49822ms
2024-05-06 08:59:18,854 [main] WARN  impl.MetricsSystemImpl (MetricsSystemImpl.java:register(279)) - Sink prometheus already exists!
2024-05-06 08:59:18,854 [main] INFO  http.BaseHttpServer (BaseHttpServer.java:updateConnectorAddress(354)) - HTTP server of scm listening at http://0.0.0.0:15056
2024-05-06 08:59:18,855 [main] WARN  server.ServerUtils (ServerUtils.java:getDBPath(299)) - ozone.om.db.dirs is not configured. We recommend adding this setting. Falling back to ozone.metadata.dirs instead.
2024-05-06 08:59:18,856 [main] INFO  ha.OMHANodeDetails (OMHANodeDetails.java:loadOMHAConfig(115)) - ozone.om.internal.service.id is not defined, falling back to ozone.om.service.ids to find serviceID for OzoneManager if it is HA enabled cluster
2024-05-06 08:59:18,856 [main] INFO  ha.OMHANodeDetails (OMHANodeDetails.java:loadOMHAConfig(226)) - Configuration does not have ozone.om.address set. Falling back to the default OM address /127.0.0.1:15057
2024-05-06 08:59:18,856 [main] INFO  ha.OMHANodeDetails (OMHANodeDetails.java:getOMNodeDetailsForNonHA(254)) - OM Service ID is not set. Setting it to the default ID: omServiceIdDefault
2024-05-06 08:59:18,856 [main] INFO  ha.OMHANodeDetails (OMHANodeDetails.java:getOMNodeDetailsForNonHA(261)) - OM Node ID is not set. Setting it to the default ID: om1
2024-05-06 08:59:18,857 [main] WARN  server.ServerUtils (ServerUtils.java:getDBPath(299)) - ozone.om.db.dirs is not configured. We recommend adding this setting. Falling back to ozone.metadata.dirs instead.
2024-05-06 08:59:18,857 [main] INFO  upgrade.AbstractLayoutVersionManager (AbstractLayoutVersionManager.java:init(83)) - Initializing Layout version manager with metadata layout = QUOTA (version = 6), software layout = QUOTA (version = 6)
2024-05-06 08:59:18,894 [main] INFO  reflections.Reflections (Reflections.java:scan(219)) - Reflections took 36 ms to scan 2 urls, producing 188 keys and 545 values
2024-05-06 08:59:18,895 [main] INFO  upgrade.OMLayoutVersionManager (OMLayoutVersionManager.java:lambda$0(113)) - Skipping Upgrade Action QuotaRepairUpgradeAction since it has been finalized.
2024-05-06 08:59:18,895 [main] INFO  upgrade.OMLayoutVersionManager (OMLayoutVersionManager.java:lambda$0(113)) - Skipping Upgrade Action MockOmUpgradeAction since it has been finalized.
2024-05-06 08:59:18,896 [main] WARN  server.ServerUtils (ServerUtils.java:getDBPath(299)) - ozone.om.db.dirs is not configured. We recommend adding this setting. Falling back to ozone.metadata.dirs instead.
2024-05-06 08:59:18,897 [main] INFO  proxy.SCMBlockLocationFailoverProxyProvider (SCMBlockLocationFailoverProxyProvider.java:<init>(115)) - Created block location fail-over proxy with 1 nodes: [nodeId=scmNodeId,nodeAddress=/0.0.0.0:15054]
2024-05-06 08:59:18,899 [main] INFO  proxy.SCMBlockLocationFailoverProxyProvider (SCMBlockLocationFailoverProxyProvider.java:<init>(115)) - Created block location fail-over proxy with 1 nodes: [nodeId=scmNodeId,nodeAddress=/0.0.0.0:15054]
2024-05-06 08:59:18,906 [main] INFO  om.OzoneManager (OzoneManager.java:<init>(677)) - OM start with adminUsers: [runner]
2024-05-06 08:59:18,907 [main] WARN  server.ServerUtils (ServerUtils.java:getDBPath(299)) - ozone.om.db.dirs is not configured. We recommend adding this setting. Falling back to ozone.metadata.dirs instead.
2024-05-06 08:59:18,908 [main] INFO  helpers.OmKeyInfo (OmKeyInfo.java:getCodec(72)) - OmKeyInfo.getCodec ignorePipeline = true
2024-05-06 08:59:19,066 [main] INFO  om.OzoneManager (OzoneManager.java:instantiateServices(811)) - S3 Multi-Tenancy is disabled
2024-05-06 08:59:19,066 [main] INFO  om.OmSnapshotManager (OmSnapshotManager.java:<init>(179)) - Ozone filesystem snapshot feature is enabled.
2024-05-06 08:59:19,067 [main] WARN  server.ServerUtils (ServerUtils.java:getDBPath(299)) - ozone.om.snapshot.diff.db.dir is not configured. We recommend adding this setting. Falling back to ozone.metadata.dirs instead.
2024-05-06 08:59:19,088 [main] INFO  utils.NativeLibraryLoader (NativeLibraryLoader.java:loadLibrary(111)) - Loading Library: ozone_rocksdb_tools
2024-05-06 08:59:19,088 [main] ERROR snapshot.SnapshotDiffManager (SnapshotDiffManager.java:initNativeLibraryForEfficientDiff(287)) - Native Library for raw sst file reading loading failed.
org.apache.hadoop.hdds.utils.NativeLibraryNotLoadedException: Unable to load library ozone_rocksdb_tools from both java.library.path & resource file libozone_rocksdb_tools.so from jar.
	at org.apache.hadoop.hdds.utils.db.managed.ManagedRawSSTFileReader.loadLibrary(ManagedRawSSTFileReader.java:40)
	at org.apache.hadoop.ozone.om.snapshot.SnapshotDiffManager.initNativeLibraryForEfficientDiff(SnapshotDiffManager.java:285)
	at org.apache.hadoop.ozone.om.snapshot.SnapshotDiffManager.<init>(SnapshotDiffManager.java:259)
	at org.apache.hadoop.ozone.om.OmSnapshotManager.<init>(OmSnapshotManager.java:286)
	at org.apache.hadoop.ozone.om.OzoneManager.instantiateServices(OzoneManager.java:863)
	at org.apache.hadoop.ozone.om.OzoneManager.<init>(OzoneManager.java:687)
	at org.apache.hadoop.ozone.om.OzoneManager.createOm(OzoneManager.java:774)
	at org.apache.hadoop.ozone.MiniOzoneClusterImpl$Builder.createOM(MiniOzoneClusterImpl.java:689)
	at org.apache.hadoop.ozone.MiniOzoneClusterImpl$Builder.createAndStartSingleOM(MiniOzoneClusterImpl.java:673)
	at org.apache.hadoop.ozone.MiniOzoneClusterImpl$Builder.build(MiniOzoneClusterImpl.java:535)
	at org.apache.hadoop.ozone.client.rpc.TestBlockOutputStream.createCluster(TestBlockOutputStream.java:118)
	at org.apache.hadoop.ozone.client.rpc.TestBlockOutputStreamWithFailures.init(TestBlockOutputStreamWithFailures.java:72)
	at java.base/jdk.internal.reflect.NativeMethodAccessorImpl.invoke0(Native Method)
	at java.base/jdk.internal.reflect.NativeMethodAccessorImpl.invoke(NativeMethodAccessorImpl.java:77)
	at java.base/jdk.internal.reflect.DelegatingMethodAccessorImpl.invoke(DelegatingMethodAccessorImpl.java:43)
	at java.base/java.lang.reflect.Method.invoke(Method.java:568)
	at org.junit.platform.commons.util.ReflectionUtils.invokeMethod(ReflectionUtils.java:728)
	at org.junit.jupiter.engine.execution.MethodInvocation.proceed(MethodInvocation.java:60)
	at org.junit.jupiter.engine.execution.InvocationInterceptorChain$ValidatingInvocation.proceed(InvocationInterceptorChain.java:131)
	at org.junit.jupiter.engine.extension.TimeoutExtension.intercept(TimeoutExtension.java:156)
	at org.junit.jupiter.engine.extension.TimeoutExtension.interceptLifecycleMethod(TimeoutExtension.java:128)
	at org.junit.jupiter.engine.extension.TimeoutExtension.interceptBeforeEachMethod(TimeoutExtension.java:78)
	at org.junit.jupiter.engine.execution.InterceptingExecutableInvoker$ReflectiveInterceptorCall.lambda$ofVoidMethod$0(InterceptingExecutableInvoker.java:103)
	at org.junit.jupiter.engine.execution.InterceptingExecutableInvoker.lambda$invoke$0(InterceptingExecutableInvoker.java:93)
	at org.junit.jupiter.engine.execution.InvocationInterceptorChain$InterceptedInvocation.proceed(InvocationInterceptorChain.java:106)
	at org.junit.jupiter.engine.execution.InvocationInterceptorChain.proceed(InvocationInterceptorChain.java:64)
	at org.junit.jupiter.engine.execution.InvocationInterceptorChain.chainAndInvoke(InvocationInterceptorChain.java:45)
	at org.junit.jupiter.engine.execution.InvocationInterceptorChain.invoke(InvocationInterceptorChain.java:37)
	at org.junit.jupiter.engine.execution.InterceptingExecutableInvoker.invoke(InterceptingExecutableInvoker.java:92)
	at org.junit.jupiter.engine.execution.InterceptingExecutableInvoker.invoke(InterceptingExecutableInvoker.java:86)
	at org.junit.jupiter.engine.descriptor.ClassBasedTestDescriptor.invokeMethodInExtensionContext(ClassBasedTestDescriptor.java:521)
	at org.junit.jupiter.engine.descriptor.ClassBasedTestDescriptor.lambda$synthesizeBeforeEachMethodAdapter$23(ClassBasedTestDescriptor.java:506)
	at org.junit.jupiter.engine.descriptor.TestMethodTestDescriptor.lambda$invokeBeforeEachMethods$3(TestMethodTestDescriptor.java:175)
	at org.junit.jupiter.engine.descriptor.TestMethodTestDescriptor.lambda$invokeBeforeMethodsOrCallbacksUntilExceptionOccurs$6(TestMethodTestDescriptor.java:203)
	at org.junit.platform.engine.support.hierarchical.ThrowableCollector.execute(ThrowableCollector.java:73)
	at org.junit.jupiter.engine.descriptor.TestMethodTestDescriptor.invokeBeforeMethodsOrCallbacksUntilExceptionOccurs(TestMethodTestDescriptor.java:203)
	at org.junit.jupiter.engine.descriptor.TestMethodTestDescriptor.invokeBeforeEachMethods(TestMethodTestDescriptor.java:172)
	at org.junit.jupiter.engine.descriptor.TestMethodTestDescriptor.execute(TestMethodTestDescriptor.java:135)
	at org.junit.jupiter.engine.descriptor.TestMethodTestDescriptor.execute(TestMethodTestDescriptor.java:69)
	at org.junit.platform.engine.support.hierarchical.NodeTestTask.lambda$executeRecursively$6(NodeTestTask.java:151)
	at org.junit.platform.engine.support.hierarchical.ThrowableCollector.execute(ThrowableCollector.java:73)
	at org.junit.platform.engine.support.hierarchical.NodeTestTask.lambda$executeRecursively$8(NodeTestTask.java:141)
	at org.junit.platform.engine.support.hierarchical.Node.around(Node.java:137)
	at org.junit.platform.engine.support.hierarchical.NodeTestTask.lambda$executeRecursively$9(NodeTestTask.java:139)
	at org.junit.platform.engine.support.hierarchical.ThrowableCollector.execute(ThrowableCollector.java:73)
	at org.junit.platform.engine.support.hierarchical.NodeTestTask.executeRecursively(NodeTestTask.java:138)
	at org.junit.platform.engine.support.hierarchical.NodeTestTask.execute(NodeTestTask.java:95)
	at org.junit.platform.engine.support.hierarchical.SameThreadHierarchicalTestExecutorService.submit(SameThreadHierarchicalTestExecutorService.java:35)
	at org.junit.platform.engine.support.hierarchical.NodeTestTask$DefaultDynamicTestExecutor.execute(NodeTestTask.java:226)
	at org.junit.platform.engine.support.hierarchical.NodeTestTask$DefaultDynamicTestExecutor.execute(NodeTestTask.java:204)
	at org.junit.jupiter.engine.descriptor.TestTemplateTestDescriptor.execute(TestTemplateTestDescriptor.java:142)
	at org.junit.jupiter.engine.descriptor.TestTemplateTestDescriptor.lambda$execute$2(TestTemplateTestDescriptor.java:110)
	at java.base/java.util.stream.ForEachOps$ForEachOp$OfRef.accept(ForEachOps.java:183)
	at java.base/java.util.stream.ReferencePipeline$3$1.accept(ReferencePipeline.java:197)
	at java.base/java.util.stream.ReferencePipeline$2$1.accept(ReferencePipeline.java:179)
	at java.base/java.util.stream.ReferencePipeline$3$1.accept(ReferencePipeline.java:197)
	at java.base/java.util.stream.ForEachOps$ForEachOp$OfRef.accept(ForEachOps.java:183)
	at java.base/java.util.stream.ReferencePipeline$3$1.accept(ReferencePipeline.java:197)
	at java.base/java.util.stream.ReferencePipeline$3$1.accept(ReferencePipeline.java:197)
	at java.base/java.util.stream.ReferencePipeline$3$1.accept(ReferencePipeline.java:197)
	at java.base/java.util.stream.ForEachOps$ForEachOp$OfRef.accept(ForEachOps.java:183)
	at java.base/java.util.stream.ReferencePipeline$3$1.accept(ReferencePipeline.java:197)
	at java.base/java.util.Spliterators$ArraySpliterator.forEachRemaining(Spliterators.java:992)
	at java.base/java.util.stream.AbstractPipeline.copyInto(AbstractPipeline.java:509)
	at java.base/java.util.stream.AbstractPipeline.wrapAndCopyInto(AbstractPipeline.java:499)
	at java.base/java.util.stream.ForEachOps$ForEachOp.evaluateSequential(ForEachOps.java:150)
	at java.base/java.util.stream.ForEachOps$ForEachOp$OfRef.evaluateSequential(ForEachOps.java:173)
	at java.base/java.util.stream.AbstractPipeline.evaluate(AbstractPipeline.java:234)
	at java.base/java.util.stream.ReferencePipeline.forEach(ReferencePipeline.java:596)
	at java.base/java.util.stream.ReferencePipeline$7$1.accept(ReferencePipeline.java:276)
	at java.base/java.util.stream.ReferencePipeline$3$1.accept(ReferencePipeline.java:197)
	at java.base/java.util.stream.ReferencePipeline$3$1.accept(ReferencePipeline.java:197)
	at java.base/java.util.stream.ReferencePipeline$3$1.accept(ReferencePipeline.java:197)
	at java.base/java.util.ArrayList$ArrayListSpliterator.forEachRemaining(ArrayList.java:1625)
	at java.base/java.util.stream.AbstractPipeline.copyInto(AbstractPipeline.java:509)
	at java.base/java.util.stream.AbstractPipeline.wrapAndCopyInto(AbstractPipeline.java:499)
	at java.base/java.util.stream.ForEachOps$ForEachOp.evaluateSequential(ForEachOps.java:150)
	at java.base/java.util.stream.ForEachOps$ForEachOp$OfRef.evaluateSequential(ForEachOps.java:173)
	at java.base/java.util.stream.AbstractPipeline.evaluate(AbstractPipeline.java:234)
	at java.base/java.util.stream.ReferencePipeline.forEach(ReferencePipeline.java:596)
	at java.base/java.util.stream.ReferencePipeline$7$1.accept(ReferencePipeline.java:276)
	at java.base/java.util.ArrayList$ArrayListSpliterator.forEachRemaining(ArrayList.java:1625)
	at java.base/java.util.stream.AbstractPipeline.copyInto(AbstractPipeline.java:509)
	at java.base/java.util.stream.AbstractPipeline.wrapAndCopyInto(AbstractPipeline.java:499)
	at java.base/java.util.stream.ForEachOps$ForEachOp.evaluateSequential(ForEachOps.java:150)
	at java.base/java.util.stream.ForEachOps$ForEachOp$OfRef.evaluateSequential(ForEachOps.java:173)
	at java.base/java.util.stream.AbstractPipeline.evaluate(AbstractPipeline.java:234)
	at java.base/java.util.stream.ReferencePipeline.forEach(ReferencePipeline.java:596)
	at org.junit.jupiter.engine.descriptor.TestTemplateTestDescriptor.execute(TestTemplateTestDescriptor.java:110)
	at org.junit.jupiter.engine.descriptor.TestTemplateTestDescriptor.execute(TestTemplateTestDescriptor.java:44)
	at org.junit.platform.engine.support.hierarchical.NodeTestTask.lambda$executeRecursively$6(NodeTestTask.java:151)
	at org.junit.platform.engine.support.hierarchical.ThrowableCollector.execute(ThrowableCollector.java:73)
	at org.junit.platform.engine.support.hierarchical.NodeTestTask.lambda$executeRecursively$8(NodeTestTask.java:141)
	at org.junit.platform.engine.support.hierarchical.Node.around(Node.java:137)
	at org.junit.platform.engine.support.hierarchical.NodeTestTask.lambda$executeRecursively$9(NodeTestTask.java:139)
	at org.junit.platform.engine.support.hierarchical.ThrowableCollector.execute(ThrowableCollector.java:73)
	at org.junit.platform.engine.support.hierarchical.NodeTestTask.executeRecursively(NodeTestTask.java:138)
	at org.junit.platform.engine.support.hierarchical.NodeTestTask.execute(NodeTestTask.java:95)
	at java.base/java.util.ArrayList.forEach(ArrayList.java:1511)
	at org.junit.platform.engine.support.hierarchical.SameThreadHierarchicalTestExecutorService.invokeAll(SameThreadHierarchicalTestExecutorService.java:41)
	at org.junit.platform.engine.support.hierarchical.NodeTestTask.lambda$executeRecursively$6(NodeTestTask.java:155)
	at org.junit.platform.engine.support.hierarchical.ThrowableCollector.execute(ThrowableCollector.java:73)
	at org.junit.platform.engine.support.hierarchical.NodeTestTask.lambda$executeRecursively$8(NodeTestTask.java:141)
	at org.junit.platform.engine.support.hierarchical.Node.around(Node.java:137)
	at org.junit.platform.engine.support.hierarchical.NodeTestTask.lambda$executeRecursively$9(NodeTestTask.java:139)
	at org.junit.platform.engine.support.hierarchical.ThrowableCollector.execute(ThrowableCollector.java:73)
	at org.junit.platform.engine.support.hierarchical.NodeTestTask.executeRecursively(NodeTestTask.java:138)
	at org.junit.platform.engine.support.hierarchical.NodeTestTask.execute(NodeTestTask.java:95)
	at java.base/java.util.ArrayList.forEach(ArrayList.java:1511)
	at org.junit.platform.engine.support.hierarchical.SameThreadHierarchicalTestExecutorService.invokeAll(SameThreadHierarchicalTestExecutorService.java:41)
	at org.junit.platform.engine.support.hierarchical.NodeTestTask.lambda$executeRecursively$6(NodeTestTask.java:155)
	at org.junit.platform.engine.support.hierarchical.ThrowableCollector.execute(ThrowableCollector.java:73)
	at org.junit.platform.engine.support.hierarchical.NodeTestTask.lambda$executeRecursively$8(NodeTestTask.java:141)
	at org.junit.platform.engine.support.hierarchical.Node.around(Node.java:137)
	at org.junit.platform.engine.support.hierarchical.NodeTestTask.lambda$executeRecursively$9(NodeTestTask.java:139)
	at org.junit.platform.engine.support.hierarchical.ThrowableCollector.execute(ThrowableCollector.java:73)
	at org.junit.platform.engine.support.hierarchical.NodeTestTask.executeRecursively(NodeTestTask.java:138)
	at org.junit.platform.engine.support.hierarchical.NodeTestTask.execute(NodeTestTask.java:95)
	at org.junit.platform.engine.support.hierarchical.SameThreadHierarchicalTestExecutorService.submit(SameThreadHierarchicalTestExecutorService.java:35)
	at org.junit.platform.engine.support.hierarchical.HierarchicalTestExecutor.execute(HierarchicalTestExecutor.java:57)
	at org.junit.platform.engine.support.hierarchical.HierarchicalTestEngine.execute(HierarchicalTestEngine.java:54)
	at org.junit.platform.launcher.core.EngineExecutionOrchestrator.execute(EngineExecutionOrchestrator.java:198)
	at org.junit.platform.launcher.core.EngineExecutionOrchestrator.execute(EngineExecutionOrchestrator.java:169)
	at org.junit.platform.launcher.core.EngineExecutionOrchestrator.execute(EngineExecutionOrchestrator.java:93)
	at org.junit.platform.launcher.core.EngineExecutionOrchestrator.lambda$execute$0(EngineExecutionOrchestrator.java:58)
	at org.junit.platform.launcher.core.EngineExecutionOrchestrator.withInterceptedStreams(EngineExecutionOrchestrator.java:141)
	at org.junit.platform.launcher.core.EngineExecutionOrchestrator.execute(EngineExecutionOrchestrator.java:57)
	at org.junit.platform.launcher.core.DefaultLauncher.execute(DefaultLauncher.java:103)
	at org.junit.platform.launcher.core.DefaultLauncher.execute(DefaultLauncher.java:85)
	at org.junit.platform.launcher.core.DelegatingLauncher.execute(DelegatingLauncher.java:47)
	at org.junit.platform.launcher.core.SessionPerRequestLauncher.execute(SessionPerRequestLauncher.java:63)
	at org.apache.maven.surefire.junitplatform.JUnitPlatformProvider.invokeAllTests(JUnitPlatformProvider.java:154)
	at org.apache.maven.surefire.junitplatform.JUnitPlatformProvider.invoke(JUnitPlatformProvider.java:123)
	at org.apache.maven.surefire.booter.ForkedBooter.runSuitesInProcess(ForkedBooter.java:377)
	at org.apache.maven.surefire.booter.ForkedBooter.execute(ForkedBooter.java:138)
	at org.apache.maven.surefire.booter.ForkedBooter.run(ForkedBooter.java:465)
	at org.apache.maven.surefire.booter.ForkedBooter.main(ForkedBooter.java:451)
2024-05-06 08:59:19,090 [main] INFO  om.OzoneManager (OzoneManager.java:addS3GVolumeToDB(4463)) - Created Volume s3v With Owner runner required for S3Gateway operations.
2024-05-06 08:59:19,091 [main] WARN  server.ServerUtils (ServerUtils.java:getDefaultRatisDirectory(311)) - Storage directory for Ratis is not configured. It is a good idea to map this to an SSD disk. Falling back to ozone.metadata.dirs
2024-05-06 08:59:19,091 [main] WARN  utils.OzoneManagerRatisUtils (OzoneManagerRatisUtils.java:getOMRatisSnapshotDirectory(476)) - ozone.om.ratis.snapshot.dir is not configured. Falling back to ozone.metadata.dirs config
2024-05-06 08:59:19,091 [main] WARN  server.ServerUtils (ServerUtils.java:getDefaultRatisDirectory(311)) - Storage directory for Ratis is not configured. It is a good idea to map this to an SSD disk. Falling back to ozone.metadata.dirs
2024-05-06 08:59:19,093 [main] INFO  ratis.OzoneManagerRatisServer (OzoneManagerRatisServer.java:<init>(167)) - Instantiating OM Ratis server with groupID: omServiceIdDefault and peers: localhost:15060
2024-05-06 08:59:19,093 [main] INFO  ratis.OzoneManagerStateMachine (OzoneManagerStateMachine.java:loadSnapshotInfoFromDB(589)) - TransactionInfo not found in OM DB.
2024-05-06 08:59:19,094 [main] INFO  server.RaftServer (ConfUtils.java:logGet(46)) - raft.rpc.type = GRPC (default)
2024-05-06 08:59:19,094 [main] INFO  grpc.GrpcConfigKeys (ConfUtils.java:logFallback(53)) - raft.grpc.admin.host = null (fallback to raft.grpc.server.host)
2024-05-06 08:59:19,094 [main] INFO  grpc.GrpcConfigKeys (ConfUtils.java:logFallback(53)) - raft.grpc.admin.port = 15060 (fallback to raft.grpc.server.port)
2024-05-06 08:59:19,094 [main] INFO  grpc.GrpcConfigKeys (ConfUtils.java:logFallback(53)) - raft.grpc.client.host = null (fallback to raft.grpc.server.host)
2024-05-06 08:59:19,094 [main] INFO  grpc.GrpcConfigKeys (ConfUtils.java:logFallback(53)) - raft.grpc.client.port = 15060 (fallback to raft.grpc.server.port)
2024-05-06 08:59:19,094 [main] INFO  grpc.GrpcConfigKeys (ConfUtils.java:logGet(46)) - raft.grpc.server.host = null (default)
2024-05-06 08:59:19,094 [main] INFO  grpc.GrpcConfigKeys (ConfUtils.java:logGet(46)) - raft.grpc.server.port = 15060 (custom)
2024-05-06 08:59:19,095 [main] INFO  server.GrpcService (ConfUtils.java:logGet(46)) - raft.grpc.message.size.max = 4194304 (custom)
2024-05-06 08:59:19,095 [main] INFO  server.RaftServerConfigKeys (ConfUtils.java:logGet(46)) - raft.server.log.appender.buffer.byte-limit = 4194304 (custom)
2024-05-06 08:59:19,095 [main] INFO  server.GrpcService (ConfUtils.java:logGet(46)) - raft.grpc.flow.control.window = 1MB (=1048576) (default)
2024-05-06 08:59:19,095 [main] INFO  server.RaftServerConfigKeys (ConfUtils.java:logGet(46)) - raft.server.rpc.request.timeout = 3000ms (default)
2024-05-06 08:59:19,095 [main] INFO  grpc.GrpcConfigKeys (ConfUtils.java:logGet(46)) - raft.grpc.server.heartbeat.channel = true (default)
2024-05-06 08:59:19,095 [main] INFO  grpc.GrpcConfigKeys (ConfUtils.java:logGet(46)) - raft.grpc.server.async.request.thread.pool.cached = true (default)
2024-05-06 08:59:19,095 [main] INFO  grpc.GrpcConfigKeys (ConfUtils.java:logGet(46)) - raft.grpc.server.async.request.thread.pool.size = 32 (default)
2024-05-06 08:59:19,097 [main] INFO  impl.DataStreamServerImpl (ConfUtils.java:logGet(46)) - raft.datastream.type = DISABLED (default)
2024-05-06 08:59:19,097 [main] INFO  server.RaftServerConfigKeys (ConfUtils.java:logGet(46)) - raft.server.sleep.deviation.threshold = 300ms (default)
2024-05-06 08:59:19,097 [main] INFO  server.RaftServerConfigKeys (ConfUtils.java:logGet(46)) - raft.server.close.threshold = 60s (default)
2024-05-06 08:59:19,097 [main] INFO  server.RaftServerConfigKeys (ConfUtils.java:logGet(46)) - raft.server.leaderelection.leader.step-down.wait-time = 10s (default)
2024-05-06 08:59:19,097 [main] INFO  server.RaftServerConfigKeys (ConfUtils.java:logGet(46)) - raft.server.storage.dir = [/home/runner/work/ozone/ozone/hadoop-ozone/integration-test/target/test-dir/MiniOzoneClusterImpl-f8a20603-669c-41d5-94ea-e080bd68b2ef/ozone-meta/ratis] (custom)
2024-05-06 08:59:19,097 [main] INFO  server.RaftServerConfigKeys (ConfUtils.java:logGet(46)) - raft.server.threadpool.proxy.cached = true (default)
2024-05-06 08:59:19,097 [main] INFO  server.RaftServerConfigKeys (ConfUtils.java:logGet(46)) - raft.server.threadpool.proxy.size = 0 (default)
2024-05-06 08:59:19,098 [main] INFO  server.RaftServer (RaftServerProxy.java:addNew(100)) - om1: addNew group-C5BA1605619E:[om1|localhost:15060] returns group-C5BA1605619E:java.util.concurrent.CompletableFuture@d2aa65d[Not completed]
2024-05-06 08:59:19,098 [main] INFO  om.OzoneManager (OzoneManager.java:initializeRatisServer(2168)) - OzoneManager Ratis server initialized at port 15060
2024-05-06 08:59:19,098 [main] INFO  om.OzoneManager (OzoneManager.java:getRpcServer(1227)) - Creating RPC Server
2024-05-06 08:59:19,098 [om1-groupManagement] INFO  server.RaftServer$Division (RaftServerImpl.java:<init>(256)) - om1: new RaftServerImpl for group-C5BA1605619E:[om1|localhost:15060] with OzoneManagerStateMachine:uninitialized
2024-05-06 08:59:19,099 [om1-groupManagement] INFO  server.RaftServerConfigKeys (ConfUtils.java:logGet(46)) - raft.server.rpc.timeout.min = 1s (custom)
2024-05-06 08:59:19,099 [om1-groupManagement] INFO  server.RaftServerConfigKeys (ConfUtils.java:logGet(46)) - raft.server.rpc.timeout.max = 1200ms (custom)
2024-05-06 08:59:19,099 [om1-groupManagement] INFO  server.RaftServerConfigKeys (ConfUtils.java:logGet(46)) - raft.server.rpc.sleep.time = 25ms (default)
2024-05-06 08:59:19,099 [om1-groupManagement] INFO  server.RaftServerConfigKeys (ConfUtils.java:logGet(46)) - raft.server.rpc.slowness.timeout = 120s (custom)
2024-05-06 08:59:19,099 [om1-groupManagement] INFO  server.RaftServerConfigKeys (ConfUtils.java:logGet(46)) - raft.server.leaderelection.leader.step-down.wait-time = 10s (default)
2024-05-06 08:59:19,099 [om1-groupManagement] INFO  server.RaftServerConfigKeys (ConfUtils.java:logGet(46)) - raft.server.leaderelection.member.majority-add = false (default)
2024-05-06 08:59:19,099 [om1-groupManagement] INFO  server.RaftServerConfigKeys (ConfUtils.java:logGet(46)) - raft.server.sleep.deviation.threshold = 300ms (default)
2024-05-06 08:59:19,100 [om1-groupManagement] INFO  server.RaftServer$Division (ServerState.java:<init>(113)) - om1@group-C5BA1605619E: ConfigurationManager, init=-1: peers:[om1|localhost:15060]|listeners:[], old=null, confs=<EMPTY_MAP>
2024-05-06 08:59:19,100 [om1-groupManagement] INFO  server.RaftServerConfigKeys (ConfUtils.java:logGet(46)) - raft.server.notification.no-leader.timeout = 120s (custom)
2024-05-06 08:59:19,100 [om1-groupManagement] INFO  server.RaftServerConfigKeys (ConfUtils.java:logGet(46)) - raft.server.read.timeout = 10s (default)
2024-05-06 08:59:19,100 [om1-groupManagement] INFO  server.RaftServerConfigKeys (ConfUtils.java:logGet(46)) - raft.server.retrycache.expirytime = 300s (custom)
2024-05-06 08:59:19,100 [om1-groupManagement] INFO  server.RaftServerConfigKeys (ConfUtils.java:logGet(46)) - raft.server.retrycache.statistics.expirytime = 100ms (default)
2024-05-06 08:59:19,100 [om1-groupManagement] INFO  server.RaftServerConfigKeys (ConfUtils.java:logGet(46)) - raft.server.read.option = DEFAULT (default)
2024-05-06 08:59:19,100 [om1-groupManagement] INFO  server.RaftServerConfigKeys (ConfUtils.java:logGet(46)) - raft.server.read.read-after-write-consistent.write-index-cache.expiry-time = 60s (default)
2024-05-06 08:59:19,102 [om1-groupManagement] INFO  server.RaftServerConfigKeys (ConfUtils.java:logGet(46)) - raft.server.rpc.request.timeout = 3000ms (default)
2024-05-06 08:59:19,102 [om1-groupManagement] INFO  server.RaftServerConfigKeys (ConfUtils.java:logGet(46)) - raft.server.log.appender.install.snapshot.enabled = false (custom)
2024-05-06 08:59:19,102 [om1-groupManagement] INFO  server.RaftServerConfigKeys (ConfUtils.java:logGet(46)) - raft.server.threadpool.server.cached = true (default)
2024-05-06 08:59:19,102 [om1-groupManagement] INFO  server.RaftServerConfigKeys (ConfUtils.java:logGet(46)) - raft.server.threadpool.server.size = 0 (default)
2024-05-06 08:59:19,102 [om1-groupManagement] INFO  server.RaftServerConfigKeys (ConfUtils.java:logGet(46)) - raft.server.threadpool.client.cached = true (default)
2024-05-06 08:59:19,102 [om1-groupManagement] INFO  server.RaftServerConfigKeys (ConfUtils.java:logGet(46)) - raft.server.threadpool.client.size = 0 (default)
2024-05-06 08:59:19,396 [main] INFO  reflections.Reflections (Reflections.java:scan(219)) - Reflections took 297 ms to scan 20 urls, producing 58 keys and 6585 values
2024-05-06 08:59:19,398 [main] INFO  ipc.CallQueueManager (CallQueueManager.java:<init>(90)) - Using callQueue: class java.util.concurrent.LinkedBlockingQueue, queueCapacity: 2000, scheduler: class org.apache.hadoop.ipc.DefaultRpcScheduler, ipcBackoff: false.
2024-05-06 08:59:19,398 [main] INFO  ipc.Server (Server.java:<init>(1287)) - Listener at 127.0.0.1:15057
2024-05-06 08:59:19,399 [Socket Reader #1 for port 15057] INFO  ipc.Server (Server.java:run(1323)) - Starting Socket Reader #1 for port 15057
2024-05-06 08:59:19,421 [main] INFO  impl.MetricsSystemImpl (MetricsSystemImpl.java:init(158)) - OzoneManager metrics system started (again)
2024-05-06 08:59:19,433 [main] INFO  om.OzoneManager (OzoneManager.java:start(1649)) - OzoneManager RPC server is listening at localhost/127.0.0.1:15057
2024-05-06 08:59:19,433 [main] INFO  ratis.OzoneManagerRatisServer (OzoneManagerRatisServer.java:start(588)) - Starting OzoneManagerRatisServer om1 at port 15060
2024-05-06 08:59:19,433 [om1-impl-thread1] INFO  server.RaftServerConfigKeys (ConfUtils.java:logGet(46)) - raft.server.storage.free-space.min = 0MB (=0) (default)
2024-05-06 08:59:19,433 [om1-impl-thread1] INFO  server.RaftServerConfigKeys (ConfUtils.java:logGet(46)) - raft.server.log.corruption.policy = EXCEPTION (default)
2024-05-06 08:59:19,434 [om1-impl-thread1] INFO  server.RaftServerConfigKeys (ConfUtils.java:logGet(46)) - raft.server.storage.dir = [/home/runner/work/ozone/ozone/hadoop-ozone/integration-test/target/test-dir/MiniOzoneClusterImpl-f8a20603-669c-41d5-94ea-e080bd68b2ef/ozone-meta/ratis] (custom)
2024-05-06 08:59:19,434 [om1-impl-thread1] INFO  storage.RaftStorageDirectory (RaftStorageDirectoryImpl.java:analyzeStorage(138)) - The storage directory /home/runner/work/ozone/ozone/hadoop-ozone/integration-test/target/test-dir/MiniOzoneClusterImpl-f8a20603-669c-41d5-94ea-e080bd68b2ef/ozone-meta/ratis/bf265839-605b-3f16-9796-c5ba1605619e does not exist. Creating ...
2024-05-06 08:59:19,435 [om1-impl-thread1] INFO  storage.RaftStorageDirectory (RaftStorageDirectoryImpl.java:tryLock(228)) - Lock on /home/runner/work/ozone/ozone/hadoop-ozone/integration-test/target/test-dir/MiniOzoneClusterImpl-f8a20603-669c-41d5-94ea-e080bd68b2ef/ozone-meta/ratis/bf265839-605b-3f16-9796-c5ba1605619e/in_use.lock acquired by nodename 54013@fv-az699-623
2024-05-06 08:59:19,436 [om1-impl-thread1] INFO  storage.RaftStorage (RaftStorageImpl.java:format(99)) - Storage directory /home/runner/work/ozone/ozone/hadoop-ozone/integration-test/target/test-dir/MiniOzoneClusterImpl-f8a20603-669c-41d5-94ea-e080bd68b2ef/ozone-meta/ratis/bf265839-605b-3f16-9796-c5ba1605619e has been successfully formatted.
2024-05-06 08:59:19,436 [om1-impl-thread1] WARN  util.FileUtils (LogUtils.java:supplyAndLog(63)) - Failed to Files.newInputStream /home/runner/work/ozone/ozone/hadoop-ozone/integration-test/target/test-dir/MiniOzoneClusterImpl-f8a20603-669c-41d5-94ea-e080bd68b2ef/ozone-meta/ratis/bf265839-605b-3f16-9796-c5ba1605619e/current/raft-meta.conf with options []: java.nio.file.NoSuchFileException: /home/runner/work/ozone/ozone/hadoop-ozone/integration-test/target/test-dir/MiniOzoneClusterImpl-f8a20603-669c-41d5-94ea-e080bd68b2ef/ozone-meta/ratis/bf265839-605b-3f16-9796-c5ba1605619e/current/raft-meta.conf
2024-05-06 08:59:19,436 [om1-impl-thread1] INFO  server.RaftServerConfigKeys (ConfUtils.java:logGet(46)) - raft.server.log.use.memory = false (default)
2024-05-06 08:59:19,436 [om1-impl-thread1] INFO  server.RaftServerConfigKeys (ConfUtils.java:logGet(46)) - raft.server.log.purge.gap = 1000000 (custom)
2024-05-06 08:59:19,436 [om1-impl-thread1] INFO  server.RaftServerConfigKeys (ConfUtils.java:logGet(46)) - raft.server.log.appender.buffer.byte-limit = 4194304 (custom)
2024-05-06 08:59:19,437 [om1-impl-thread1] INFO  server.RaftServerConfigKeys (ConfUtils.java:logGet(46)) - raft.server.log.statemachine.data.read.timeout = 1000ms (default)
2024-05-06 08:59:19,437 [om1-impl-thread1] INFO  server.RaftServerConfigKeys (ConfUtils.java:logGet(46)) - raft.server.log.purge.preservation.log.num = 0 (default)
2024-05-06 08:59:19,437 [om1-impl-thread1] INFO  server.RaftServerConfigKeys (ConfUtils.java:logGet(46)) - raft.server.log.segment.size.max = 4194304 (custom)
2024-05-06 08:59:19,438 [om1-impl-thread1] INFO  server.RaftServerConfigKeys (ConfUtils.java:logGet(46)) - raft.server.log.segment.cache.num.max = 2 (custom)
2024-05-06 08:59:19,438 [om1-impl-thread1] INFO  server.RaftServerConfigKeys (ConfUtils.java:logGet(46)) - raft.server.log.segment.cache.size.max = 200MB (=209715200) (default)
2024-05-06 08:59:19,438 [om1-impl-thread1] INFO  server.RaftServerConfigKeys (ConfUtils.java:logGet(46)) - raft.server.log.appender.buffer.byte-limit = 4194304 (custom)
2024-05-06 08:59:19,439 [om1-impl-thread1] INFO  util.AwaitToRun (AwaitToRun.java:start(81)) - Thread[om1@group-C5BA1605619E-cacheEviction-AwaitToRun,5,main] started
2024-05-06 08:59:19,439 [om1-impl-thread1] INFO  segmented.SegmentedRaftLogWorker (SegmentedRaftLogWorker.java:<init>(182)) - new om1@group-C5BA1605619E-SegmentedRaftLogWorker for RaftStorageImpl:Storage Directory /home/runner/work/ozone/ozone/hadoop-ozone/integration-test/target/test-dir/MiniOzoneClusterImpl-f8a20603-669c-41d5-94ea-e080bd68b2ef/ozone-meta/ratis/bf265839-605b-3f16-9796-c5ba1605619e
2024-05-06 08:59:19,439 [om1-impl-thread1] INFO  server.RaftServerConfigKeys (ConfUtils.java:logGet(46)) - raft.server.log.queue.byte-limit = 64MB (=67108864) (default)
2024-05-06 08:59:19,439 [om1-impl-thread1] INFO  server.RaftServerConfigKeys (ConfUtils.java:logGet(46)) - raft.server.log.queue.element-limit = 4096 (default)
2024-05-06 08:59:19,439 [om1-impl-thread1] INFO  server.RaftServerConfigKeys (ConfUtils.java:logGet(46)) - raft.server.log.segment.size.max = 4194304 (custom)
2024-05-06 08:59:19,439 [om1-impl-thread1] INFO  server.RaftServerConfigKeys (ConfUtils.java:logGet(46)) - raft.server.log.preallocated.size = 4194304 (custom)
2024-05-06 08:59:19,439 [om1-impl-thread1] INFO  server.RaftServerConfigKeys (ConfUtils.java:logGet(46)) - raft.server.log.force.sync.num = 128 (default)
2024-05-06 08:59:19,439 [om1-impl-thread1] INFO  server.RaftServerConfigKeys (ConfUtils.java:logGet(46)) - raft.server.log.statemachine.data.sync = true (default)
2024-05-06 08:59:19,439 [om1-impl-thread1] INFO  server.RaftServerConfigKeys (ConfUtils.java:logGet(46)) - raft.server.log.statemachine.data.sync.timeout = 10s (default)
2024-05-06 08:59:19,439 [om1-impl-thread1] INFO  server.RaftServerConfigKeys (ConfUtils.java:logGet(46)) - raft.server.log.statemachine.data.sync.timeout.retry = -1 (default)
2024-05-06 08:59:19,440 [om1-impl-thread1] INFO  server.RaftServerConfigKeys (ConfUtils.java:logGet(46)) - raft.server.log.write.buffer.size = 4194312 (custom)
2024-05-06 08:59:19,441 [om1-impl-thread1] INFO  server.RaftServerConfigKeys (ConfUtils.java:logGet(46)) - raft.server.log.appender.buffer.byte-limit = 4194304 (custom)
2024-05-06 08:59:19,441 [om1-impl-thread1] INFO  server.RaftServerConfigKeys (ConfUtils.java:logGet(46)) - raft.server.log.unsafe-flush.enabled = false (default)
2024-05-06 08:59:19,441 [om1-impl-thread1] INFO  server.RaftServerConfigKeys (ConfUtils.java:logGet(46)) - raft.server.log.async-flush.enabled = false (default)
2024-05-06 08:59:19,441 [om1-impl-thread1] INFO  server.RaftServerConfigKeys (ConfUtils.java:logGet(46)) - raft.server.log.statemachine.data.caching.enabled = false (default)
2024-05-06 08:59:19,441 [om1-impl-thread1] INFO  segmented.SegmentedRaftLogWorker (SegmentedRaftLogWorker.java:lambda$new$0(134)) - om1@group-C5BA1605619E-SegmentedRaftLogWorker: flushIndex: setUnconditionally 0 -> -1
2024-05-06 08:59:19,441 [om1-impl-thread1] INFO  segmented.SegmentedRaftLogWorker (SegmentedRaftLogWorker.java:lambda$new$0(134)) - om1@group-C5BA1605619E-SegmentedRaftLogWorker: safeCacheEvictIndex: setUnconditionally 0 -> -1
2024-05-06 08:59:19,442 [om1-impl-thread1] INFO  server.RaftServer$Division (RaftServerImpl.java:start(396)) - om1@group-C5BA1605619E: start as a follower, conf=-1: peers:[om1|localhost:15060]|listeners:[], old=null
2024-05-06 08:59:19,442 [om1-impl-thread1] INFO  server.RaftServer$Division (RaftServerImpl.java:setRole(383)) - om1@group-C5BA1605619E: changes role from      null to FOLLOWER at term 0 for startAsFollower
2024-05-06 08:59:19,442 [om1-impl-thread1] INFO  impl.RoleInfo (RoleInfo.java:updateAndGet(139)) - om1: start om1@group-C5BA1605619E-FollowerState
2024-05-06 08:59:19,443 [om1-impl-thread1] INFO  util.JmxRegister (JmxRegister.java:tryRegister(44)) - Successfully registered JMX Bean with object name Ratis:service=RaftServer,group=group-C5BA1605619E,id=om1
2024-05-06 08:59:19,443 [om1-impl-thread1] INFO  server.RaftServerConfigKeys (ConfUtils.java:logGet(46)) - raft.server.snapshot.trigger-when-stop.enabled = true (default)
2024-05-06 08:59:19,443 [om1-impl-thread1] INFO  server.RaftServerConfigKeys (ConfUtils.java:logGet(46)) - raft.server.snapshot.auto.trigger.enabled = true (custom)
2024-05-06 08:59:19,443 [om1-impl-thread1] INFO  server.RaftServerConfigKeys (ConfUtils.java:logGet(46)) - raft.server.snapshot.auto.trigger.threshold = 400000 (default)
2024-05-06 08:59:19,443 [om1-impl-thread1] INFO  server.RaftServerConfigKeys (ConfUtils.java:logGet(46)) - raft.server.snapshot.retention.file.num = -1 (default)
2024-05-06 08:59:19,444 [om1-impl-thread1] INFO  server.RaftServerConfigKeys (ConfUtils.java:logGet(46)) - raft.server.log.purge.upto.snapshot.index = true (custom)
2024-05-06 08:59:19,444 [om1@group-C5BA1605619E-FollowerState] INFO  server.RaftServerConfigKeys (ConfUtils.java:logFallback(53)) - raft.server.rpc.first-election.timeout.min = 1s (fallback to raft.server.rpc.timeout.min)
2024-05-06 08:59:19,444 [om1@group-C5BA1605619E-FollowerState] INFO  server.RaftServerConfigKeys (ConfUtils.java:logFallback(53)) - raft.server.rpc.first-election.timeout.max = 1200ms (fallback to raft.server.rpc.timeout.max)
2024-05-06 08:59:19,446 [main] INFO  server.RaftServer (RaftServerProxy.java:startImpl(406)) - om1: start RPC server
2024-05-06 08:59:19,448 [main] INFO  server.GrpcService (GrpcService.java:startImpl(302)) - om1: GrpcService started, listening on 15060
2024-05-06 08:59:19,451 [JvmPauseMonitor8] INFO  util.JvmPauseMonitor (JvmPauseMonitor.java:run(146)) - JvmPauseMonitor-om1: Started
2024-05-06 08:59:19,451 [main] INFO  om.OzoneManager (OzoneManager.java:start(1665)) - Version File has different layout version (6) than OM DB (null). That is expected if this OM has never been finalized to a newer layout version.
2024-05-06 08:59:19,455 [main] INFO  client.ScmTopologyClient (ScmTopologyClient.java:start(72)) - Initial network topology fetched from SCM: /.
2024-05-06 08:59:19,456 [main] INFO  net.NodeSchemaLoader (NodeSchemaLoader.java:loadSchemaFromFile(129)) - Loading schema from [file:/home/runner/work/ozone/ozone/hadoop-hdds/common/target/classes/network-topology-default.xml]
2024-05-06 08:59:19,456 [main] INFO  net.NodeSchemaLoader (NodeSchemaLoader.java:loadSchema(176)) - Loading network topology layer schema file
2024-05-06 08:59:19,461 [main] INFO  http.BaseHttpServer (BaseHttpServer.java:newHttpServer2BuilderForOzone(223)) - Starting Web-server for ozoneManager at: http://0.0.0.0:15058
2024-05-06 08:59:19,462 [main] INFO  http.BaseHttpServer (BaseHttpServer.java:<init>(110)) - Hadoop Security Enabled: false Ozone Security Enabled: false Ozone HTTP Security Enabled: false 
2024-05-06 08:59:19,464 [main] WARN  server.AuthenticationFilter (AuthenticationFilter.java:constructSecretProvider(240)) - Unable to initialize FileSignerSecretProvider, falling back to use random secrets. Reason: Could not read signature secret file: /home/runner/hadoop-http-auth-signature-secret
2024-05-06 08:59:19,465 [main] INFO  http.HttpRequestLog (HttpRequestLog.java:getRequestLog(86)) - Http request log for http.requests.ozoneManager is not defined
2024-05-06 08:59:19,466 [main] INFO  http.HttpServer2 (HttpServer2.java:addGlobalFilter(1036)) - Added global filter 'safety' (class=org.apache.hadoop.hdds.server.http.HttpServer2$QuotingInputFilter)
2024-05-06 08:59:19,467 [main] INFO  http.HttpServer2 (HttpServer2.java:addFilter(1012)) - Added filter static_user_filter (class=org.apache.hadoop.http.lib.StaticUserWebFilter$StaticUserFilter) to context ozoneManager
2024-05-06 08:59:19,468 [main] INFO  http.HttpServer2 (HttpServer2.java:addFilter(1020)) - Added filter static_user_filter (class=org.apache.hadoop.http.lib.StaticUserWebFilter$StaticUserFilter) to context logs
2024-05-06 08:59:19,468 [main] INFO  http.HttpServer2 (HttpServer2.java:addFilter(1020)) - Added filter static_user_filter (class=org.apache.hadoop.http.lib.StaticUserWebFilter$StaticUserFilter) to context static
2024-05-06 08:59:19,469 [main] INFO  http.BaseHttpServer (BaseHttpServer.java:<init>(189)) - HTTP server of ozoneManager uses base directory /home/runner/work/ozone/ozone/hadoop-ozone/integration-test/target/test-dir/MiniOzoneClusterImpl-f8a20603-669c-41d5-94ea-e080bd68b2ef/ozone-meta/webserver
2024-05-06 08:59:19,469 [main] INFO  http.HttpServer2 (HttpServer2.java:bindListener(1236)) - Jetty bound to port 15058
2024-05-06 08:59:19,470 [main] INFO  server.Server (Server.java:doStart(375)) - jetty-9.4.54.v20240208; built: 2024-02-08T19:42:39.027Z; git: cef3fbd6d736a21e7d541a5db490381d95a2047d; jvm 17.0.10+7
2024-05-06 08:59:19,471 [main] INFO  server.session (DefaultSessionIdManager.java:doStart(334)) - DefaultSessionIdManager workerName=node0
2024-05-06 08:59:19,471 [main] INFO  server.session (DefaultSessionIdManager.java:doStart(339)) - No SessionScavenger set, using defaults
2024-05-06 08:59:19,472 [main] INFO  server.session (HouseKeeper.java:startScavenging(132)) - node0 Scavenging every 660000ms
2024-05-06 08:59:19,472 [main] INFO  handler.ContextHandler (ContextHandler.java:doStart(921)) - Started o.e.j.s.ServletContextHandler@27c2b83a{logs,/logs,file:///home/runner/work/ozone/ozone/hadoop-ozone/integration-test/target/log,AVAILABLE}
2024-05-06 08:59:19,473 [main] INFO  handler.ContextHandler (ContextHandler.java:doStart(921)) - Started o.e.j.s.ServletContextHandler@22445d8e{static,/static,file:///home/runner/work/ozone/ozone/hadoop-ozone/integration-test/target/test-classes/webapps/static,AVAILABLE}
2024-05-06 08:59:19,476 [main] INFO  handler.ContextHandler (ContextHandler.java:doStart(921)) - Started o.e.j.w.WebAppContext@5bc2fcc6{ozoneManager,/,file:///home/runner/work/ozone/ozone/hadoop-ozone/integration-test/target/test-classes/webapps/ozoneManager/,AVAILABLE}{file:/home/runner/work/ozone/ozone/hadoop-ozone/integration-test/target/test-classes/webapps/ozoneManager}
2024-05-06 08:59:19,477 [main] INFO  server.AbstractConnector (AbstractConnector.java:doStart(333)) - Started ServerConnector@1da9b95d{HTTP/1.1, (http/1.1)}{0.0.0.0:15058}
2024-05-06 08:59:19,477 [main] INFO  server.Server (Server.java:doStart(415)) - Started @50446ms
2024-05-06 08:59:19,478 [main] WARN  impl.MetricsSystemImpl (MetricsSystemImpl.java:register(279)) - Sink prometheus already exists!
2024-05-06 08:59:19,478 [main] INFO  http.BaseHttpServer (BaseHttpServer.java:updateConnectorAddress(354)) - HTTP server of ozoneManager listening at http://0.0.0.0:15058
2024-05-06 08:59:19,479 [IPC Server Responder] INFO  ipc.Server (Server.java:run(1562)) - IPC Server Responder: starting
2024-05-06 08:59:19,479 [IPC Server listener on 15057] INFO  ipc.Server (Server.java:run(1402)) - IPC Server listener on 15057: starting
2024-05-06 08:59:19,481 [main] INFO  om.OzoneManager (OzoneManager.java:startTrashEmptier(2121)) - Trash Interval set to 0. Files deleted won't move to trash
2024-05-06 08:59:19,494 [main] WARN  dropwizard3.Dm3MetricRegistriesImpl (Dm3MetricRegistriesImpl.java:addReporterRegistration(113)) - New reporters are added after registries were created. Some metrics will be missing from the reporter. Please add reporter before adding any new registry.
2024-05-06 08:59:19,494 [main] WARN  dropwizard3.Dm3MetricRegistriesImpl (Dm3MetricRegistriesImpl.java:addReporterRegistration(113)) - New reporters are added after registries were created. Some metrics will be missing from the reporter. Please add reporter before adding any new registry.
2024-05-06 08:59:19,495 [main] INFO  impl.MetricsSystemImpl (MetricsSystemImpl.java:init(158)) - HddsDatanode metrics system started (again)
2024-05-06 08:59:19,508 [main] INFO  ozone.HddsDatanodeService (HddsDatanodeService.java:start(240)) - HddsDatanodeService host:fv-az699-623.gws2011vpwuupmkks00dozwttg.bx.internal.cloudapp.net ip:10.1.0.52
2024-05-06 08:59:19,528 [main] INFO  upgrade.AbstractLayoutVersionManager (AbstractLayoutVersionManager.java:init(83)) - Initializing Layout version manager with metadata layout = HADOOP_PRC_PORTS_IN_DATANODEDETAILS (version = 7), software layout = HADOOP_PRC_PORTS_IN_DATANODEDETAILS (version = 7)
2024-05-06 08:59:19,528 [main] INFO  statemachine.DatanodeStateMachine (DatanodeStateMachine.java:getEndPointTaskThreadPoolSize(299)) - Datanode State Machine Task Thread Pool size 2
2024-05-06 08:59:19,530 [main] INFO  volume.HddsVolume (HddsVolume.java:<init>(126)) - Creating HddsVolume: /home/runner/work/ozone/ozone/hadoop-ozone/integration-test/target/test-dir/MiniOzoneClusterImpl-f8a20603-669c-41d5-94ea-e080bd68b2ef/ozone-meta/datanode-1/data-0/hdds of storage type : DISK capacity : 9222449699674390527
2024-05-06 08:59:19,531 [main] INFO  volume.MutableVolumeSet (MutableVolumeSet.java:initializeVolumeSet(173)) - Added Volume : /home/runner/work/ozone/ozone/hadoop-ozone/integration-test/target/test-dir/MiniOzoneClusterImpl-f8a20603-669c-41d5-94ea-e080bd68b2ef/ozone-meta/datanode-1/data-0/hdds to VolumeSet
2024-05-06 08:59:19,532 [main] INFO  volume.MutableVolumeSet (MutableVolumeSet.java:initializeVolumeSet(173)) - Added Volume : /home/runner/work/ozone/ozone/hadoop-ozone/integration-test/target/test-dir/MiniOzoneClusterImpl-f8a20603-669c-41d5-94ea-e080bd68b2ef/ozone-meta/datanode-1/ratis to VolumeSet
2024-05-06 08:59:19,535 [main] INFO  ozoneimpl.OzoneContainer (HddsVolumeUtil.java:loadAllHddsVolumeDbStore(103)) - Load 1 volumes DbStore cost: 1ms
2024-05-06 08:59:19,538 [main] INFO  server.RaftServer (ConfUtils.java:logGet(46)) - raft.rpc.type = GRPC (default)
2024-05-06 08:59:19,538 [main] INFO  grpc.GrpcConfigKeys (ConfUtils.java:logFallback(53)) - raft.grpc.admin.host = null (fallback to raft.grpc.server.host)
2024-05-06 08:59:19,538 [main] INFO  grpc.GrpcConfigKeys (ConfUtils.java:logGet(46)) - raft.grpc.admin.port = 15066 (custom)
2024-05-06 08:59:19,539 [main] INFO  grpc.GrpcConfigKeys (ConfUtils.java:logFallback(53)) - raft.grpc.client.host = null (fallback to raft.grpc.server.host)
2024-05-06 08:59:19,539 [main] INFO  grpc.GrpcConfigKeys (ConfUtils.java:logGet(46)) - raft.grpc.client.port = 15065 (custom)
2024-05-06 08:59:19,539 [main] INFO  grpc.GrpcConfigKeys (ConfUtils.java:logGet(46)) - raft.grpc.server.host = null (default)
2024-05-06 08:59:19,539 [main] INFO  grpc.GrpcConfigKeys (ConfUtils.java:logGet(46)) - raft.grpc.server.port = 15067 (custom)
2024-05-06 08:59:19,539 [main] INFO  server.GrpcService (ConfUtils.java:logGet(46)) - raft.grpc.message.size.max = 32MB (=33554432) (custom)
2024-05-06 08:59:19,539 [main] INFO  server.RaftServerConfigKeys (ConfUtils.java:logGet(46)) - raft.server.log.appender.buffer.byte-limit = 8388608 (custom)
2024-05-06 08:59:19,539 [main] INFO  server.GrpcService (ConfUtils.java:logGet(46)) - raft.grpc.flow.control.window = 5MB (=5242880) (custom)
2024-05-06 08:59:19,540 [main] INFO  server.RaftServerConfigKeys (ConfUtils.java:logGet(46)) - raft.server.rpc.request.timeout = 3000ms (default)
2024-05-06 08:59:19,540 [main] INFO  grpc.GrpcConfigKeys (ConfUtils.java:logGet(46)) - raft.grpc.server.heartbeat.channel = true (default)
2024-05-06 08:59:19,540 [main] INFO  grpc.GrpcConfigKeys (ConfUtils.java:logGet(46)) - raft.grpc.server.async.request.thread.pool.cached = true (default)
2024-05-06 08:59:19,540 [main] INFO  grpc.GrpcConfigKeys (ConfUtils.java:logGet(46)) - raft.grpc.server.async.request.thread.pool.size = 32 (default)
2024-05-06 08:59:19,542 [main] INFO  impl.DataStreamServerImpl (ConfUtils.java:logGet(46)) - raft.datastream.type = NETTY (custom)
2024-05-06 08:59:19,542 [main] INFO  server.RaftServerConfigKeys (ConfUtils.java:logGet(46)) - raft.server.data-stream.async.request.thread.pool.cached = false (default)
2024-05-06 08:59:19,542 [main] INFO  server.RaftServerConfigKeys (ConfUtils.java:logGet(46)) - raft.server.data-stream.async.request.thread.pool.size = 20 (custom)
2024-05-06 08:59:19,542 [main] INFO  server.RaftServerConfigKeys (ConfUtils.java:logGet(46)) - raft.server.data-stream.async.write.thread.pool.size = 16 (default)
2024-05-06 08:59:19,542 [main] INFO  netty.NettyConfigKeys$DataStream (ConfUtils.java:logGet(46)) - raft.netty.dataStream.server.channel.inactive.grace-period = 10min (default)
2024-05-06 08:59:19,542 [main] INFO  server.RaftServerConfigKeys (ConfUtils.java:logGet(46)) - raft.server.data-stream.client.pool.size = 10 (default)
2024-05-06 08:59:19,542 [main] INFO  netty.NettyConfigKeys$DataStream (ConfUtils.java:logGet(46)) - raft.netty.dataStream.server.use-epoll = true (default)
2024-05-06 08:59:19,543 [main] INFO  netty.NettyConfigKeys$DataStream (ConfUtils.java:logGet(46)) - raft.netty.dataStream.server.boss-group.size = 0 (default)
2024-05-06 08:59:19,543 [main] INFO  netty.NettyUtils (NettyUtils.java:newEventLoopGroup(69)) - Create EpollEventLoopGroup for 90b7064f-8397-4c9e-a509-54ea80c9149b-NettyServerStreamRpc-bossGroup; Thread size is 0.
2024-05-06 08:59:19,543 [main] INFO  netty.NettyConfigKeys$DataStream (ConfUtils.java:logGet(46)) - raft.netty.dataStream.server.worker-group.size = 0 (default)
2024-05-06 08:59:19,543 [main] INFO  netty.NettyUtils (NettyUtils.java:newEventLoopGroup(69)) - Create EpollEventLoopGroup for 90b7064f-8397-4c9e-a509-54ea80c9149b-NettyServerStreamRpc-workerGroup; Thread size is 0.
2024-05-06 08:59:19,544 [main] INFO  netty.NettyConfigKeys$DataStream (ConfUtils.java:logGet(46)) - raft.netty.dataStream.server.tls.conf = null (default)
2024-05-06 08:59:19,544 [main] INFO  netty.NettyConfigKeys$DataStream (ConfUtils.java:logGet(46)) - raft.netty.dataStream.host = null (default)
2024-05-06 08:59:19,544 [main] INFO  netty.NettyConfigKeys$DataStream (ConfUtils.java:logGet(46)) - raft.netty.dataStream.port = 15068 (custom)
2024-05-06 08:59:19,545 [main] INFO  server.RaftServerConfigKeys (ConfUtils.java:logGet(46)) - raft.server.sleep.deviation.threshold = 300ms (default)
2024-05-06 08:59:19,545 [main] INFO  server.RaftServerConfigKeys (ConfUtils.java:logGet(46)) - raft.server.close.threshold = 60s (default)
2024-05-06 08:59:19,545 [main] INFO  server.RaftServerConfigKeys (ConfUtils.java:logGet(46)) - raft.server.leaderelection.leader.step-down.wait-time = 10s (default)
2024-05-06 08:59:19,545 [main] INFO  server.RaftServerConfigKeys (ConfUtils.java:logGet(46)) - raft.server.storage.dir = [/home/runner/work/ozone/ozone/hadoop-ozone/integration-test/target/test-dir/MiniOzoneClusterImpl-f8a20603-669c-41d5-94ea-e080bd68b2ef/ozone-meta/datanode-1/ratis] (custom)
2024-05-06 08:59:19,545 [main] INFO  server.RaftServerConfigKeys (ConfUtils.java:logGet(46)) - raft.server.threadpool.proxy.cached = true (default)
2024-05-06 08:59:19,546 [main] INFO  server.RaftServerConfigKeys (ConfUtils.java:logGet(46)) - raft.server.threadpool.proxy.size = 0 (default)
2024-05-06 08:59:19,546 [90b7064f-8397-4c9e-a509-54ea80c9149b-NettyServerStreamRpc-bossGroup--thread1] INFO  logging.LoggingHandler (AbstractInternalLogger.java:log(148)) - [id: 0xaf0ad60c] REGISTERED
2024-05-06 08:59:19,547 [90b7064f-8397-4c9e-a509-54ea80c9149b-NettyServerStreamRpc-bossGroup--thread1] INFO  logging.LoggingHandler (AbstractInternalLogger.java:log(148)) - [id: 0xaf0ad60c] BIND: 0.0.0.0/0.0.0.0:15068
2024-05-06 08:59:19,547 [90b7064f-8397-4c9e-a509-54ea80c9149b-NettyServerStreamRpc-bossGroup--thread1] INFO  logging.LoggingHandler (AbstractInternalLogger.java:log(148)) - [id: 0xaf0ad60c, L:/0.0.0.0:15068] ACTIVE
2024-05-06 08:59:19,548 [90b7064f-8397-4c9e-a509-54ea80c9149b-impl-thread1] INFO  server.RaftServer (RaftServerProxy.java:initGroupDir(264)) - 90b7064f-8397-4c9e-a509-54ea80c9149b: found a subdirectory /home/runner/work/ozone/ozone/hadoop-ozone/integration-test/target/test-dir/MiniOzoneClusterImpl-f8a20603-669c-41d5-94ea-e080bd68b2ef/ozone-meta/datanode-1/ratis/tmp
2024-05-06 08:59:19,548 [90b7064f-8397-4c9e-a509-54ea80c9149b-impl-thread1] INFO  server.RaftServer (RaftServerProxy.java:initGroupDir(269)) - 90b7064f-8397-4c9e-a509-54ea80c9149b: The directory /home/runner/work/ozone/ozone/hadoop-ozone/integration-test/target/test-dir/MiniOzoneClusterImpl-f8a20603-669c-41d5-94ea-e080bd68b2ef/ozone-meta/datanode-1/ratis/tmp is not a group directory; ignoring it. 
2024-05-06 08:59:19,549 [main] INFO  replication.ReplicationServer (ReplicationServer.java:<init>(86)) - Initializing replication server with thread count = 10 queue length = 4096
2024-05-06 08:59:19,550 [main] INFO  server.XceiverServerGrpc (XceiverServerGrpc.java:<init>(141)) - GrpcServer channel type EpollServerSocketChannel
2024-05-06 08:59:19,552 [main] INFO  replication.ReplicationSupervisor (ReplicationSupervisor.java:build(157)) - Initializing replication supervisor with thread count = 10
2024-05-06 08:59:19,552 [main] INFO  replication.ReplicationSupervisor (ReplicationSupervisor.java:nodeStateUpdated(312)) - Node state updated to IN_SERVICE, scaling executor pool size to 10
2024-05-06 08:59:19,555 [main] INFO  http.BaseHttpServer (BaseHttpServer.java:newHttpServer2BuilderForOzone(223)) - Starting Web-server for hddsDatanode at: http://0.0.0.0:15062
2024-05-06 08:59:19,555 [main] INFO  http.BaseHttpServer (BaseHttpServer.java:<init>(110)) - Hadoop Security Enabled: false Ozone Security Enabled: false Ozone HTTP Security Enabled: false 
2024-05-06 08:59:19,556 [main] WARN  server.AuthenticationFilter (AuthenticationFilter.java:constructSecretProvider(240)) - Unable to initialize FileSignerSecretProvider, falling back to use random secrets. Reason: Could not read signature secret file: /home/runner/hadoop-http-auth-signature-secret
2024-05-06 08:59:19,557 [main] INFO  http.HttpRequestLog (HttpRequestLog.java:getRequestLog(86)) - Http request log for http.requests.hddsDatanode is not defined
2024-05-06 08:59:19,558 [main] INFO  http.HttpServer2 (HttpServer2.java:addGlobalFilter(1036)) - Added global filter 'safety' (class=org.apache.hadoop.hdds.server.http.HttpServer2$QuotingInputFilter)
2024-05-06 08:59:19,559 [main] INFO  http.HttpServer2 (HttpServer2.java:addFilter(1012)) - Added filter static_user_filter (class=org.apache.hadoop.http.lib.StaticUserWebFilter$StaticUserFilter) to context hddsDatanode
2024-05-06 08:59:19,559 [main] INFO  http.HttpServer2 (HttpServer2.java:addFilter(1020)) - Added filter static_user_filter (class=org.apache.hadoop.http.lib.StaticUserWebFilter$StaticUserFilter) to context static
2024-05-06 08:59:19,559 [main] INFO  http.HttpServer2 (HttpServer2.java:addFilter(1020)) - Added filter static_user_filter (class=org.apache.hadoop.http.lib.StaticUserWebFilter$StaticUserFilter) to context logs
2024-05-06 08:59:19,560 [main] INFO  http.BaseHttpServer (BaseHttpServer.java:<init>(189)) - HTTP server of hddsDatanode uses base directory /home/runner/work/ozone/ozone/hadoop-ozone/integration-test/target/test-dir/MiniOzoneClusterImpl-f8a20603-669c-41d5-94ea-e080bd68b2ef/ozone-meta/datanode-1/meta/webserver
2024-05-06 08:59:19,560 [main] INFO  http.HttpServer2 (HttpServer2.java:bindListener(1236)) - Jetty bound to port 15062
2024-05-06 08:59:19,560 [main] INFO  server.Server (Server.java:doStart(375)) - jetty-9.4.54.v20240208; built: 2024-02-08T19:42:39.027Z; git: cef3fbd6d736a21e7d541a5db490381d95a2047d; jvm 17.0.10+7
2024-05-06 08:59:19,564 [main] INFO  server.session (DefaultSessionIdManager.java:doStart(334)) - DefaultSessionIdManager workerName=node0
2024-05-06 08:59:19,564 [main] INFO  server.session (DefaultSessionIdManager.java:doStart(339)) - No SessionScavenger set, using defaults
2024-05-06 08:59:19,564 [main] INFO  server.session (HouseKeeper.java:startScavenging(132)) - node0 Scavenging every 660000ms
2024-05-06 08:59:19,564 [main] INFO  handler.ContextHandler (ContextHandler.java:doStart(921)) - Started o.e.j.s.ServletContextHandler@30dd9615{logs,/logs,file:///home/runner/work/ozone/ozone/hadoop-ozone/integration-test/target/log,AVAILABLE}
2024-05-06 08:59:19,565 [main] INFO  handler.ContextHandler (ContextHandler.java:doStart(921)) - Started o.e.j.s.ServletContextHandler@2c27e36{static,/static,file:///home/runner/work/ozone/ozone/hadoop-hdds/container-service/target/classes/webapps/static,AVAILABLE}
2024-05-06 08:59:19,568 [main] INFO  handler.ContextHandler (ContextHandler.java:doStart(921)) - Started o.e.j.w.WebAppContext@20f8bc45{hddsDatanode,/,file:///home/runner/work/ozone/ozone/hadoop-hdds/container-service/target/classes/webapps/hddsDatanode/,AVAILABLE}{file:/home/runner/work/ozone/ozone/hadoop-hdds/container-service/target/classes/webapps/hddsDatanode}
2024-05-06 08:59:19,569 [main] INFO  server.AbstractConnector (AbstractConnector.java:doStart(333)) - Started ServerConnector@65b4a0d2{HTTP/1.1, (http/1.1)}{0.0.0.0:15062}
2024-05-06 08:59:19,569 [main] INFO  server.Server (Server.java:doStart(415)) - Started @50537ms
2024-05-06 08:59:19,569 [main] WARN  impl.MetricsSystemImpl (MetricsSystemImpl.java:register(279)) - Sink prometheus already exists!
2024-05-06 08:59:19,570 [main] INFO  http.BaseHttpServer (BaseHttpServer.java:updateConnectorAddress(354)) - HTTP server of hddsDatanode listening at http://0.0.0.0:15062
2024-05-06 08:59:19,570 [main] INFO  ipc.CallQueueManager (CallQueueManager.java:<init>(90)) - Using callQueue: class java.util.concurrent.LinkedBlockingQueue, queueCapacity: 100, scheduler: class org.apache.hadoop.ipc.DefaultRpcScheduler, ipcBackoff: false.
2024-05-06 08:59:19,570 [main] INFO  ipc.Server (Server.java:<init>(1287)) - Listener at 0.0.0.0:15063
2024-05-06 08:59:19,572 [Socket Reader #1 for port 15063] INFO  ipc.Server (Server.java:run(1323)) - Starting Socket Reader #1 for port 15063
2024-05-06 08:59:19,574 [main] INFO  ozone.HddsDatanodeService (HddsDatanodeService.java:start(327)) - Datanode start with admins: [runner]
2024-05-06 08:59:19,576 [main] INFO  ozone.HddsDatanodeClientProtocolServer (HddsDatanodeClientProtocolServer.java:start(77)) - RPC server for Client /0.0.0.0:15063
2024-05-06 08:59:19,582 [IPC Server listener on 15063] INFO  ipc.Server (Server.java:run(1402)) - IPC Server listener on 15063: starting
2024-05-06 08:59:19,582 [main] WARN  dropwizard3.Dm3MetricRegistriesImpl (Dm3MetricRegistriesImpl.java:addReporterRegistration(113)) - New reporters are added after registries were created. Some metrics will be missing from the reporter. Please add reporter before adding any new registry.
2024-05-06 08:59:19,582 [main] WARN  dropwizard3.Dm3MetricRegistriesImpl (Dm3MetricRegistriesImpl.java:addReporterRegistration(113)) - New reporters are added after registries were created. Some metrics will be missing from the reporter. Please add reporter before adding any new registry.
2024-05-06 08:59:19,582 [90b7064f-8397-4c9e-a509-54ea80c9149b-DatanodeStateMachineDaemonThread] INFO  statemachine.DatanodeStateMachine (DatanodeStateMachine.java:lambda$startDaemon$1(555)) - Ozone container server started.
2024-05-06 08:59:19,582 [IPC Server Responder] INFO  ipc.Server (Server.java:run(1562)) - IPC Server Responder: starting
2024-05-06 08:59:19,583 [main] INFO  impl.MetricsSystemImpl (MetricsSystemImpl.java:init(158)) - HddsDatanode metrics system started (again)
2024-05-06 08:59:19,590 [90b7064f-8397-4c9e-a509-54ea80c9149b-DatanodeStateMachineTaskThread-0] INFO  datanode.InitDatanodeState (InitDatanodeState.java:persistContainerDatanodeDetails(139)) - DatanodeDetails is persisted to /home/runner/work/ozone/ozone/hadoop-ozone/integration-test/target/test-dir/MiniOzoneClusterImpl-f8a20603-669c-41d5-94ea-e080bd68b2ef/ozone-meta/datanode-1/meta/datanode.id
2024-05-06 08:59:19,593 [main] INFO  ozone.HddsDatanodeService (HddsDatanodeService.java:start(240)) - HddsDatanodeService host:fv-az699-623.gws2011vpwuupmkks00dozwttg.bx.internal.cloudapp.net ip:10.1.0.52
2024-05-06 08:59:19,610 [main] INFO  upgrade.AbstractLayoutVersionManager (AbstractLayoutVersionManager.java:init(83)) - Initializing Layout version manager with metadata layout = HADOOP_PRC_PORTS_IN_DATANODEDETAILS (version = 7), software layout = HADOOP_PRC_PORTS_IN_DATANODEDETAILS (version = 7)
2024-05-06 08:59:19,610 [main] INFO  statemachine.DatanodeStateMachine (DatanodeStateMachine.java:getEndPointTaskThreadPoolSize(299)) - Datanode State Machine Task Thread Pool size 2
2024-05-06 08:59:19,612 [main] INFO  volume.HddsVolume (HddsVolume.java:<init>(126)) - Creating HddsVolume: /home/runner/work/ozone/ozone/hadoop-ozone/integration-test/target/test-dir/MiniOzoneClusterImpl-f8a20603-669c-41d5-94ea-e080bd68b2ef/ozone-meta/datanode-2/data-0/hdds of storage type : DISK capacity : 9222449699674390527
2024-05-06 08:59:19,612 [main] INFO  volume.MutableVolumeSet (MutableVolumeSet.java:initializeVolumeSet(173)) - Added Volume : /home/runner/work/ozone/ozone/hadoop-ozone/integration-test/target/test-dir/MiniOzoneClusterImpl-f8a20603-669c-41d5-94ea-e080bd68b2ef/ozone-meta/datanode-2/data-0/hdds to VolumeSet
2024-05-06 08:59:19,613 [main] INFO  volume.MutableVolumeSet (MutableVolumeSet.java:initializeVolumeSet(173)) - Added Volume : /home/runner/work/ozone/ozone/hadoop-ozone/integration-test/target/test-dir/MiniOzoneClusterImpl-f8a20603-669c-41d5-94ea-e080bd68b2ef/ozone-meta/datanode-2/ratis to VolumeSet
2024-05-06 08:59:19,614 [main] INFO  ozoneimpl.OzoneContainer (HddsVolumeUtil.java:loadAllHddsVolumeDbStore(103)) - Load 1 volumes DbStore cost: 0ms
2024-05-06 08:59:19,616 [main] INFO  server.RaftServer (ConfUtils.java:logGet(46)) - raft.rpc.type = GRPC (default)
2024-05-06 08:59:19,616 [main] INFO  grpc.GrpcConfigKeys (ConfUtils.java:logFallback(53)) - raft.grpc.admin.host = null (fallback to raft.grpc.server.host)
2024-05-06 08:59:19,616 [main] INFO  grpc.GrpcConfigKeys (ConfUtils.java:logGet(46)) - raft.grpc.admin.port = 15075 (custom)
2024-05-06 08:59:19,617 [main] INFO  grpc.GrpcConfigKeys (ConfUtils.java:logFallback(53)) - raft.grpc.client.host = null (fallback to raft.grpc.server.host)
2024-05-06 08:59:19,617 [main] INFO  grpc.GrpcConfigKeys (ConfUtils.java:logGet(46)) - raft.grpc.client.port = 15074 (custom)
2024-05-06 08:59:19,617 [main] INFO  grpc.GrpcConfigKeys (ConfUtils.java:logGet(46)) - raft.grpc.server.host = null (default)
2024-05-06 08:59:19,617 [main] INFO  grpc.GrpcConfigKeys (ConfUtils.java:logGet(46)) - raft.grpc.server.port = 15076 (custom)
2024-05-06 08:59:19,617 [main] INFO  server.GrpcService (ConfUtils.java:logGet(46)) - raft.grpc.message.size.max = 32MB (=33554432) (custom)
2024-05-06 08:59:19,617 [main] INFO  server.RaftServerConfigKeys (ConfUtils.java:logGet(46)) - raft.server.log.appender.buffer.byte-limit = 8388608 (custom)
2024-05-06 08:59:19,617 [main] INFO  server.GrpcService (ConfUtils.java:logGet(46)) - raft.grpc.flow.control.window = 5MB (=5242880) (custom)
2024-05-06 08:59:19,617 [main] INFO  server.RaftServerConfigKeys (ConfUtils.java:logGet(46)) - raft.server.rpc.request.timeout = 3000ms (default)
2024-05-06 08:59:19,617 [main] INFO  grpc.GrpcConfigKeys (ConfUtils.java:logGet(46)) - raft.grpc.server.heartbeat.channel = true (default)
2024-05-06 08:59:19,617 [main] INFO  grpc.GrpcConfigKeys (ConfUtils.java:logGet(46)) - raft.grpc.server.async.request.thread.pool.cached = true (default)
2024-05-06 08:59:19,617 [main] INFO  grpc.GrpcConfigKeys (ConfUtils.java:logGet(46)) - raft.grpc.server.async.request.thread.pool.size = 32 (default)
2024-05-06 08:59:19,619 [main] INFO  impl.DataStreamServerImpl (ConfUtils.java:logGet(46)) - raft.datastream.type = NETTY (custom)
2024-05-06 08:59:19,620 [main] INFO  server.RaftServerConfigKeys (ConfUtils.java:logGet(46)) - raft.server.data-stream.async.request.thread.pool.cached = false (default)
2024-05-06 08:59:19,620 [main] INFO  server.RaftServerConfigKeys (ConfUtils.java:logGet(46)) - raft.server.data-stream.async.request.thread.pool.size = 20 (custom)
2024-05-06 08:59:19,620 [main] INFO  server.RaftServerConfigKeys (ConfUtils.java:logGet(46)) - raft.server.data-stream.async.write.thread.pool.size = 16 (default)
2024-05-06 08:59:19,620 [main] INFO  netty.NettyConfigKeys$DataStream (ConfUtils.java:logGet(46)) - raft.netty.dataStream.server.channel.inactive.grace-period = 10min (default)
2024-05-06 08:59:19,620 [main] INFO  server.RaftServerConfigKeys (ConfUtils.java:logGet(46)) - raft.server.data-stream.client.pool.size = 10 (default)
2024-05-06 08:59:19,620 [main] INFO  netty.NettyConfigKeys$DataStream (ConfUtils.java:logGet(46)) - raft.netty.dataStream.server.use-epoll = true (default)
2024-05-06 08:59:19,620 [main] INFO  netty.NettyConfigKeys$DataStream (ConfUtils.java:logGet(46)) - raft.netty.dataStream.server.boss-group.size = 0 (default)
2024-05-06 08:59:19,621 [main] INFO  netty.NettyUtils (NettyUtils.java:newEventLoopGroup(69)) - Create EpollEventLoopGroup for 784e0075-095e-4f49-808e-af9ec74479d6-NettyServerStreamRpc-bossGroup; Thread size is 0.
2024-05-06 08:59:19,621 [main] INFO  netty.NettyConfigKeys$DataStream (ConfUtils.java:logGet(46)) - raft.netty.dataStream.server.worker-group.size = 0 (default)
2024-05-06 08:59:19,621 [main] INFO  netty.NettyUtils (NettyUtils.java:newEventLoopGroup(69)) - Create EpollEventLoopGroup for 784e0075-095e-4f49-808e-af9ec74479d6-NettyServerStreamRpc-workerGroup; Thread size is 0.
2024-05-06 08:59:19,622 [main] INFO  netty.NettyConfigKeys$DataStream (ConfUtils.java:logGet(46)) - raft.netty.dataStream.server.tls.conf = null (default)
2024-05-06 08:59:19,622 [main] INFO  netty.NettyConfigKeys$DataStream (ConfUtils.java:logGet(46)) - raft.netty.dataStream.host = null (default)
2024-05-06 08:59:19,622 [main] INFO  netty.NettyConfigKeys$DataStream (ConfUtils.java:logGet(46)) - raft.netty.dataStream.port = 15077 (custom)
2024-05-06 08:59:19,623 [main] INFO  server.RaftServerConfigKeys (ConfUtils.java:logGet(46)) - raft.server.sleep.deviation.threshold = 300ms (default)
2024-05-06 08:59:19,623 [main] INFO  server.RaftServerConfigKeys (ConfUtils.java:logGet(46)) - raft.server.close.threshold = 60s (default)
2024-05-06 08:59:19,623 [main] INFO  server.RaftServerConfigKeys (ConfUtils.java:logGet(46)) - raft.server.leaderelection.leader.step-down.wait-time = 10s (default)
2024-05-06 08:59:19,623 [main] INFO  server.RaftServerConfigKeys (ConfUtils.java:logGet(46)) - raft.server.storage.dir = [/home/runner/work/ozone/ozone/hadoop-ozone/integration-test/target/test-dir/MiniOzoneClusterImpl-f8a20603-669c-41d5-94ea-e080bd68b2ef/ozone-meta/datanode-2/ratis] (custom)
2024-05-06 08:59:19,624 [784e0075-095e-4f49-808e-af9ec74479d6-NettyServerStreamRpc-bossGroup--thread1] INFO  logging.LoggingHandler (AbstractInternalLogger.java:log(148)) - [id: 0x00bf3335] REGISTERED
2024-05-06 08:59:19,624 [main] INFO  server.RaftServerConfigKeys (ConfUtils.java:logGet(46)) - raft.server.threadpool.proxy.cached = true (default)
2024-05-06 08:59:19,624 [784e0075-095e-4f49-808e-af9ec74479d6-NettyServerStreamRpc-bossGroup--thread1] INFO  logging.LoggingHandler (AbstractInternalLogger.java:log(148)) - [id: 0x00bf3335] BIND: 0.0.0.0/0.0.0.0:15077
2024-05-06 08:59:19,624 [main] INFO  server.RaftServerConfigKeys (ConfUtils.java:logGet(46)) - raft.server.threadpool.proxy.size = 0 (default)
2024-05-06 08:59:19,624 [784e0075-095e-4f49-808e-af9ec74479d6-NettyServerStreamRpc-bossGroup--thread1] INFO  logging.LoggingHandler (AbstractInternalLogger.java:log(148)) - [id: 0x00bf3335, L:/0.0.0.0:15077] ACTIVE
2024-05-06 08:59:19,625 [784e0075-095e-4f49-808e-af9ec74479d6-impl-thread1] INFO  server.RaftServer (RaftServerProxy.java:initGroupDir(264)) - 784e0075-095e-4f49-808e-af9ec74479d6: found a subdirectory /home/runner/work/ozone/ozone/hadoop-ozone/integration-test/target/test-dir/MiniOzoneClusterImpl-f8a20603-669c-41d5-94ea-e080bd68b2ef/ozone-meta/datanode-2/ratis/tmp
2024-05-06 08:59:19,625 [784e0075-095e-4f49-808e-af9ec74479d6-impl-thread1] INFO  server.RaftServer (RaftServerProxy.java:initGroupDir(269)) - 784e0075-095e-4f49-808e-af9ec74479d6: The directory /home/runner/work/ozone/ozone/hadoop-ozone/integration-test/target/test-dir/MiniOzoneClusterImpl-f8a20603-669c-41d5-94ea-e080bd68b2ef/ozone-meta/datanode-2/ratis/tmp is not a group directory; ignoring it. 
2024-05-06 08:59:19,626 [main] INFO  replication.ReplicationServer (ReplicationServer.java:<init>(86)) - Initializing replication server with thread count = 10 queue length = 4096
2024-05-06 08:59:19,627 [main] INFO  server.XceiverServerGrpc (XceiverServerGrpc.java:<init>(141)) - GrpcServer channel type EpollServerSocketChannel
2024-05-06 08:59:19,629 [main] INFO  replication.ReplicationSupervisor (ReplicationSupervisor.java:build(157)) - Initializing replication supervisor with thread count = 10
2024-05-06 08:59:19,629 [main] INFO  replication.ReplicationSupervisor (ReplicationSupervisor.java:nodeStateUpdated(312)) - Node state updated to IN_SERVICE, scaling executor pool size to 10
2024-05-06 08:59:19,632 [main] INFO  http.BaseHttpServer (BaseHttpServer.java:newHttpServer2BuilderForOzone(223)) - Starting Web-server for hddsDatanode at: http://0.0.0.0:15071
2024-05-06 08:59:19,632 [main] INFO  http.BaseHttpServer (BaseHttpServer.java:<init>(110)) - Hadoop Security Enabled: false Ozone Security Enabled: false Ozone HTTP Security Enabled: false 
2024-05-06 08:59:19,633 [main] WARN  server.AuthenticationFilter (AuthenticationFilter.java:constructSecretProvider(240)) - Unable to initialize FileSignerSecretProvider, falling back to use random secrets. Reason: Could not read signature secret file: /home/runner/hadoop-http-auth-signature-secret
2024-05-06 08:59:19,634 [main] INFO  http.HttpRequestLog (HttpRequestLog.java:getRequestLog(86)) - Http request log for http.requests.hddsDatanode is not defined
2024-05-06 08:59:19,635 [main] INFO  http.HttpServer2 (HttpServer2.java:addGlobalFilter(1036)) - Added global filter 'safety' (class=org.apache.hadoop.hdds.server.http.HttpServer2$QuotingInputFilter)
2024-05-06 08:59:19,635 [main] INFO  http.HttpServer2 (HttpServer2.java:addFilter(1012)) - Added filter static_user_filter (class=org.apache.hadoop.http.lib.StaticUserWebFilter$StaticUserFilter) to context hddsDatanode
2024-05-06 08:59:19,635 [main] INFO  http.HttpServer2 (HttpServer2.java:addFilter(1020)) - Added filter static_user_filter (class=org.apache.hadoop.http.lib.StaticUserWebFilter$StaticUserFilter) to context logs
2024-05-06 08:59:19,636 [main] INFO  http.HttpServer2 (HttpServer2.java:addFilter(1020)) - Added filter static_user_filter (class=org.apache.hadoop.http.lib.StaticUserWebFilter$StaticUserFilter) to context static
2024-05-06 08:59:19,636 [main] INFO  http.BaseHttpServer (BaseHttpServer.java:<init>(189)) - HTTP server of hddsDatanode uses base directory /home/runner/work/ozone/ozone/hadoop-ozone/integration-test/target/test-dir/MiniOzoneClusterImpl-f8a20603-669c-41d5-94ea-e080bd68b2ef/ozone-meta/datanode-2/meta/webserver
2024-05-06 08:59:19,636 [main] INFO  http.HttpServer2 (HttpServer2.java:bindListener(1236)) - Jetty bound to port 15071
2024-05-06 08:59:19,636 [main] INFO  server.Server (Server.java:doStart(375)) - jetty-9.4.54.v20240208; built: 2024-02-08T19:42:39.027Z; git: cef3fbd6d736a21e7d541a5db490381d95a2047d; jvm 17.0.10+7
2024-05-06 08:59:19,637 [main] INFO  server.session (DefaultSessionIdManager.java:doStart(334)) - DefaultSessionIdManager workerName=node0
2024-05-06 08:59:19,638 [main] INFO  server.session (DefaultSessionIdManager.java:doStart(339)) - No SessionScavenger set, using defaults
2024-05-06 08:59:19,638 [main] INFO  server.session (HouseKeeper.java:startScavenging(132)) - node0 Scavenging every 660000ms
2024-05-06 08:59:19,638 [main] INFO  handler.ContextHandler (ContextHandler.java:doStart(921)) - Started o.e.j.s.ServletContextHandler@413e4756{logs,/logs,file:///home/runner/work/ozone/ozone/hadoop-ozone/integration-test/target/log,AVAILABLE}
2024-05-06 08:59:19,639 [main] INFO  handler.ContextHandler (ContextHandler.java:doStart(921)) - Started o.e.j.s.ServletContextHandler@3763c93b{static,/static,file:///home/runner/work/ozone/ozone/hadoop-hdds/container-service/target/classes/webapps/static,AVAILABLE}
2024-05-06 08:59:19,642 [main] INFO  handler.ContextHandler (ContextHandler.java:doStart(921)) - Started o.e.j.w.WebAppContext@76117cac{hddsDatanode,/,file:///home/runner/work/ozone/ozone/hadoop-hdds/container-service/target/classes/webapps/hddsDatanode/,AVAILABLE}{file:/home/runner/work/ozone/ozone/hadoop-hdds/container-service/target/classes/webapps/hddsDatanode}
2024-05-06 08:59:19,643 [main] INFO  server.AbstractConnector (AbstractConnector.java:doStart(333)) - Started ServerConnector@6629ce82{HTTP/1.1, (http/1.1)}{0.0.0.0:15071}
2024-05-06 08:59:19,643 [main] INFO  server.Server (Server.java:doStart(415)) - Started @50611ms
2024-05-06 08:59:19,643 [main] WARN  impl.MetricsSystemImpl (MetricsSystemImpl.java:register(279)) - Sink prometheus already exists!
2024-05-06 08:59:19,643 [main] INFO  http.BaseHttpServer (BaseHttpServer.java:updateConnectorAddress(354)) - HTTP server of hddsDatanode listening at http://0.0.0.0:15071
2024-05-06 08:59:19,644 [main] INFO  ipc.CallQueueManager (CallQueueManager.java:<init>(90)) - Using callQueue: class java.util.concurrent.LinkedBlockingQueue, queueCapacity: 100, scheduler: class org.apache.hadoop.ipc.DefaultRpcScheduler, ipcBackoff: false.
2024-05-06 08:59:19,644 [main] INFO  ipc.Server (Server.java:<init>(1287)) - Listener at 0.0.0.0:15072
2024-05-06 08:59:19,645 [Socket Reader #1 for port 15072] INFO  ipc.Server (Server.java:run(1323)) - Starting Socket Reader #1 for port 15072
2024-05-06 08:59:19,647 [main] INFO  ozone.HddsDatanodeService (HddsDatanodeService.java:start(327)) - Datanode start with admins: [runner]
2024-05-06 08:59:19,647 [main] INFO  ozone.HddsDatanodeClientProtocolServer (HddsDatanodeClientProtocolServer.java:start(77)) - RPC server for Client /0.0.0.0:15072
2024-05-06 08:59:19,647 [IPC Server Responder] INFO  ipc.Server (Server.java:run(1562)) - IPC Server Responder: starting
2024-05-06 08:59:19,648 [784e0075-095e-4f49-808e-af9ec74479d6-DatanodeStateMachineDaemonThread] INFO  statemachine.DatanodeStateMachine (DatanodeStateMachine.java:lambda$startDaemon$1(555)) - Ozone container server started.
2024-05-06 08:59:19,648 [IPC Server listener on 15072] INFO  ipc.Server (Server.java:run(1402)) - IPC Server listener on 15072: starting
2024-05-06 08:59:19,648 [main] WARN  dropwizard3.Dm3MetricRegistriesImpl (Dm3MetricRegistriesImpl.java:addReporterRegistration(113)) - New reporters are added after registries were created. Some metrics will be missing from the reporter. Please add reporter before adding any new registry.
2024-05-06 08:59:19,648 [main] WARN  dropwizard3.Dm3MetricRegistriesImpl (Dm3MetricRegistriesImpl.java:addReporterRegistration(113)) - New reporters are added after registries were created. Some metrics will be missing from the reporter. Please add reporter before adding any new registry.
2024-05-06 08:59:19,648 [main] INFO  impl.MetricsSystemImpl (MetricsSystemImpl.java:init(158)) - HddsDatanode metrics system started (again)
2024-05-06 08:59:19,650 [784e0075-095e-4f49-808e-af9ec74479d6-DatanodeStateMachineTaskThread-0] INFO  datanode.InitDatanodeState (InitDatanodeState.java:persistContainerDatanodeDetails(139)) - DatanodeDetails is persisted to /home/runner/work/ozone/ozone/hadoop-ozone/integration-test/target/test-dir/MiniOzoneClusterImpl-f8a20603-669c-41d5-94ea-e080bd68b2ef/ozone-meta/datanode-2/meta/datanode.id
2024-05-06 08:59:19,657 [main] INFO  ozone.HddsDatanodeService (HddsDatanodeService.java:start(240)) - HddsDatanodeService host:fv-az699-623.gws2011vpwuupmkks00dozwttg.bx.internal.cloudapp.net ip:10.1.0.52
2024-05-06 08:59:19,673 [main] INFO  upgrade.AbstractLayoutVersionManager (AbstractLayoutVersionManager.java:init(83)) - Initializing Layout version manager with metadata layout = HADOOP_PRC_PORTS_IN_DATANODEDETAILS (version = 7), software layout = HADOOP_PRC_PORTS_IN_DATANODEDETAILS (version = 7)
2024-05-06 08:59:19,673 [main] INFO  statemachine.DatanodeStateMachine (DatanodeStateMachine.java:getEndPointTaskThreadPoolSize(299)) - Datanode State Machine Task Thread Pool size 2
2024-05-06 08:59:19,675 [main] INFO  volume.HddsVolume (HddsVolume.java:<init>(126)) - Creating HddsVolume: /home/runner/work/ozone/ozone/hadoop-ozone/integration-test/target/test-dir/MiniOzoneClusterImpl-f8a20603-669c-41d5-94ea-e080bd68b2ef/ozone-meta/datanode-3/data-0/hdds of storage type : DISK capacity : 9222449699674390527
2024-05-06 08:59:19,675 [main] INFO  volume.MutableVolumeSet (MutableVolumeSet.java:initializeVolumeSet(173)) - Added Volume : /home/runner/work/ozone/ozone/hadoop-ozone/integration-test/target/test-dir/MiniOzoneClusterImpl-f8a20603-669c-41d5-94ea-e080bd68b2ef/ozone-meta/datanode-3/data-0/hdds to VolumeSet
2024-05-06 08:59:19,676 [main] INFO  volume.MutableVolumeSet (MutableVolumeSet.java:initializeVolumeSet(173)) - Added Volume : /home/runner/work/ozone/ozone/hadoop-ozone/integration-test/target/test-dir/MiniOzoneClusterImpl-f8a20603-669c-41d5-94ea-e080bd68b2ef/ozone-meta/datanode-3/ratis to VolumeSet
2024-05-06 08:59:19,677 [main] INFO  ozoneimpl.OzoneContainer (HddsVolumeUtil.java:loadAllHddsVolumeDbStore(103)) - Load 1 volumes DbStore cost: 1ms
2024-05-06 08:59:19,680 [main] INFO  server.RaftServer (ConfUtils.java:logGet(46)) - raft.rpc.type = GRPC (default)
2024-05-06 08:59:19,680 [main] INFO  grpc.GrpcConfigKeys (ConfUtils.java:logFallback(53)) - raft.grpc.admin.host = null (fallback to raft.grpc.server.host)
2024-05-06 08:59:19,680 [main] INFO  grpc.GrpcConfigKeys (ConfUtils.java:logGet(46)) - raft.grpc.admin.port = 15084 (custom)
2024-05-06 08:59:19,680 [main] INFO  grpc.GrpcConfigKeys (ConfUtils.java:logFallback(53)) - raft.grpc.client.host = null (fallback to raft.grpc.server.host)
2024-05-06 08:59:19,680 [main] INFO  grpc.GrpcConfigKeys (ConfUtils.java:logGet(46)) - raft.grpc.client.port = 15083 (custom)
2024-05-06 08:59:19,680 [main] INFO  grpc.GrpcConfigKeys (ConfUtils.java:logGet(46)) - raft.grpc.server.host = null (default)
2024-05-06 08:59:19,680 [main] INFO  grpc.GrpcConfigKeys (ConfUtils.java:logGet(46)) - raft.grpc.server.port = 15085 (custom)
2024-05-06 08:59:19,681 [main] INFO  server.GrpcService (ConfUtils.java:logGet(46)) - raft.grpc.message.size.max = 32MB (=33554432) (custom)
2024-05-06 08:59:19,681 [main] INFO  server.RaftServerConfigKeys (ConfUtils.java:logGet(46)) - raft.server.log.appender.buffer.byte-limit = 8388608 (custom)
2024-05-06 08:59:19,681 [main] INFO  server.GrpcService (ConfUtils.java:logGet(46)) - raft.grpc.flow.control.window = 5MB (=5242880) (custom)
2024-05-06 08:59:19,681 [main] INFO  server.RaftServerConfigKeys (ConfUtils.java:logGet(46)) - raft.server.rpc.request.timeout = 3000ms (default)
2024-05-06 08:59:19,681 [main] INFO  grpc.GrpcConfigKeys (ConfUtils.java:logGet(46)) - raft.grpc.server.heartbeat.channel = true (default)
2024-05-06 08:59:19,681 [main] INFO  grpc.GrpcConfigKeys (ConfUtils.java:logGet(46)) - raft.grpc.server.async.request.thread.pool.cached = true (default)
2024-05-06 08:59:19,681 [main] INFO  grpc.GrpcConfigKeys (ConfUtils.java:logGet(46)) - raft.grpc.server.async.request.thread.pool.size = 32 (default)
2024-05-06 08:59:19,684 [main] INFO  impl.DataStreamServerImpl (ConfUtils.java:logGet(46)) - raft.datastream.type = NETTY (custom)
2024-05-06 08:59:19,684 [main] INFO  server.RaftServerConfigKeys (ConfUtils.java:logGet(46)) - raft.server.data-stream.async.request.thread.pool.cached = false (default)
2024-05-06 08:59:19,684 [main] INFO  server.RaftServerConfigKeys (ConfUtils.java:logGet(46)) - raft.server.data-stream.async.request.thread.pool.size = 20 (custom)
2024-05-06 08:59:19,684 [main] INFO  server.RaftServerConfigKeys (ConfUtils.java:logGet(46)) - raft.server.data-stream.async.write.thread.pool.size = 16 (default)
2024-05-06 08:59:19,684 [main] INFO  netty.NettyConfigKeys$DataStream (ConfUtils.java:logGet(46)) - raft.netty.dataStream.server.channel.inactive.grace-period = 10min (default)
2024-05-06 08:59:19,685 [main] INFO  server.RaftServerConfigKeys (ConfUtils.java:logGet(46)) - raft.server.data-stream.client.pool.size = 10 (default)
2024-05-06 08:59:19,685 [main] INFO  netty.NettyConfigKeys$DataStream (ConfUtils.java:logGet(46)) - raft.netty.dataStream.server.use-epoll = true (default)
2024-05-06 08:59:19,685 [main] INFO  netty.NettyConfigKeys$DataStream (ConfUtils.java:logGet(46)) - raft.netty.dataStream.server.boss-group.size = 0 (default)
2024-05-06 08:59:19,685 [main] INFO  netty.NettyUtils (NettyUtils.java:newEventLoopGroup(69)) - Create EpollEventLoopGroup for 0e9e7d01-6cef-4822-a23d-4188eb8fb4d0-NettyServerStreamRpc-bossGroup; Thread size is 0.
2024-05-06 08:59:19,686 [main] INFO  netty.NettyConfigKeys$DataStream (ConfUtils.java:logGet(46)) - raft.netty.dataStream.server.worker-group.size = 0 (default)
2024-05-06 08:59:19,686 [main] INFO  netty.NettyUtils (NettyUtils.java:newEventLoopGroup(69)) - Create EpollEventLoopGroup for 0e9e7d01-6cef-4822-a23d-4188eb8fb4d0-NettyServerStreamRpc-workerGroup; Thread size is 0.
2024-05-06 08:59:19,686 [main] INFO  netty.NettyConfigKeys$DataStream (ConfUtils.java:logGet(46)) - raft.netty.dataStream.server.tls.conf = null (default)
2024-05-06 08:59:19,686 [main] INFO  netty.NettyConfigKeys$DataStream (ConfUtils.java:logGet(46)) - raft.netty.dataStream.host = null (default)
2024-05-06 08:59:19,687 [main] INFO  netty.NettyConfigKeys$DataStream (ConfUtils.java:logGet(46)) - raft.netty.dataStream.port = 15086 (custom)
2024-05-06 08:59:19,691 [main] INFO  server.RaftServerConfigKeys (ConfUtils.java:logGet(46)) - raft.server.sleep.deviation.threshold = 300ms (default)
2024-05-06 08:59:19,691 [main] INFO  server.RaftServerConfigKeys (ConfUtils.java:logGet(46)) - raft.server.close.threshold = 60s (default)
2024-05-06 08:59:19,691 [main] INFO  server.RaftServerConfigKeys (ConfUtils.java:logGet(46)) - raft.server.leaderelection.leader.step-down.wait-time = 10s (default)
2024-05-06 08:59:19,691 [main] INFO  server.RaftServerConfigKeys (ConfUtils.java:logGet(46)) - raft.server.storage.dir = [/home/runner/work/ozone/ozone/hadoop-ozone/integration-test/target/test-dir/MiniOzoneClusterImpl-f8a20603-669c-41d5-94ea-e080bd68b2ef/ozone-meta/datanode-3/ratis] (custom)
2024-05-06 08:59:19,692 [main] INFO  server.RaftServerConfigKeys (ConfUtils.java:logGet(46)) - raft.server.threadpool.proxy.cached = true (default)
2024-05-06 08:59:19,692 [main] INFO  server.RaftServerConfigKeys (ConfUtils.java:logGet(46)) - raft.server.threadpool.proxy.size = 0 (default)
2024-05-06 08:59:19,692 [0e9e7d01-6cef-4822-a23d-4188eb8fb4d0-NettyServerStreamRpc-bossGroup--thread1] INFO  logging.LoggingHandler (AbstractInternalLogger.java:log(148)) - [id: 0xf2afd79a] REGISTERED
2024-05-06 08:59:19,692 [0e9e7d01-6cef-4822-a23d-4188eb8fb4d0-NettyServerStreamRpc-bossGroup--thread1] INFO  logging.LoggingHandler (AbstractInternalLogger.java:log(148)) - [id: 0xf2afd79a] BIND: 0.0.0.0/0.0.0.0:15086
2024-05-06 08:59:19,692 [0e9e7d01-6cef-4822-a23d-4188eb8fb4d0-NettyServerStreamRpc-bossGroup--thread1] INFO  logging.LoggingHandler (AbstractInternalLogger.java:log(148)) - [id: 0xf2afd79a, L:/0.0.0.0:15086] ACTIVE
2024-05-06 08:59:19,693 [0e9e7d01-6cef-4822-a23d-4188eb8fb4d0-impl-thread1] INFO  server.RaftServer (RaftServerProxy.java:initGroupDir(264)) - 0e9e7d01-6cef-4822-a23d-4188eb8fb4d0: found a subdirectory /home/runner/work/ozone/ozone/hadoop-ozone/integration-test/target/test-dir/MiniOzoneClusterImpl-f8a20603-669c-41d5-94ea-e080bd68b2ef/ozone-meta/datanode-3/ratis/tmp
2024-05-06 08:59:19,693 [0e9e7d01-6cef-4822-a23d-4188eb8fb4d0-impl-thread1] INFO  server.RaftServer (RaftServerProxy.java:initGroupDir(269)) - 0e9e7d01-6cef-4822-a23d-4188eb8fb4d0: The directory /home/runner/work/ozone/ozone/hadoop-ozone/integration-test/target/test-dir/MiniOzoneClusterImpl-f8a20603-669c-41d5-94ea-e080bd68b2ef/ozone-meta/datanode-3/ratis/tmp is not a group directory; ignoring it. 
2024-05-06 08:59:19,693 [main] INFO  replication.ReplicationServer (ReplicationServer.java:<init>(86)) - Initializing replication server with thread count = 10 queue length = 4096
2024-05-06 08:59:19,694 [main] INFO  server.XceiverServerGrpc (XceiverServerGrpc.java:<init>(141)) - GrpcServer channel type EpollServerSocketChannel
2024-05-06 08:59:19,696 [main] INFO  replication.ReplicationSupervisor (ReplicationSupervisor.java:build(157)) - Initializing replication supervisor with thread count = 10
2024-05-06 08:59:19,696 [main] INFO  replication.ReplicationSupervisor (ReplicationSupervisor.java:nodeStateUpdated(312)) - Node state updated to IN_SERVICE, scaling executor pool size to 10
2024-05-06 08:59:19,698 [main] INFO  http.BaseHttpServer (BaseHttpServer.java:newHttpServer2BuilderForOzone(223)) - Starting Web-server for hddsDatanode at: http://0.0.0.0:15080
2024-05-06 08:59:19,698 [main] INFO  http.BaseHttpServer (BaseHttpServer.java:<init>(110)) - Hadoop Security Enabled: false Ozone Security Enabled: false Ozone HTTP Security Enabled: false 
2024-05-06 08:59:19,699 [main] WARN  server.AuthenticationFilter (AuthenticationFilter.java:constructSecretProvider(240)) - Unable to initialize FileSignerSecretProvider, falling back to use random secrets. Reason: Could not read signature secret file: /home/runner/hadoop-http-auth-signature-secret
2024-05-06 08:59:19,699 [main] INFO  http.HttpRequestLog (HttpRequestLog.java:getRequestLog(86)) - Http request log for http.requests.hddsDatanode is not defined
2024-05-06 08:59:19,701 [main] INFO  http.HttpServer2 (HttpServer2.java:addGlobalFilter(1036)) - Added global filter 'safety' (class=org.apache.hadoop.hdds.server.http.HttpServer2$QuotingInputFilter)
2024-05-06 08:59:19,703 [main] INFO  http.HttpServer2 (HttpServer2.java:addFilter(1012)) - Added filter static_user_filter (class=org.apache.hadoop.http.lib.StaticUserWebFilter$StaticUserFilter) to context hddsDatanode
2024-05-06 08:59:19,703 [main] INFO  http.HttpServer2 (HttpServer2.java:addFilter(1020)) - Added filter static_user_filter (class=org.apache.hadoop.http.lib.StaticUserWebFilter$StaticUserFilter) to context static
2024-05-06 08:59:19,704 [main] INFO  http.HttpServer2 (HttpServer2.java:addFilter(1020)) - Added filter static_user_filter (class=org.apache.hadoop.http.lib.StaticUserWebFilter$StaticUserFilter) to context logs
2024-05-06 08:59:19,704 [main] INFO  http.BaseHttpServer (BaseHttpServer.java:<init>(189)) - HTTP server of hddsDatanode uses base directory /home/runner/work/ozone/ozone/hadoop-ozone/integration-test/target/test-dir/MiniOzoneClusterImpl-f8a20603-669c-41d5-94ea-e080bd68b2ef/ozone-meta/datanode-3/meta/webserver
2024-05-06 08:59:19,705 [main] INFO  http.HttpServer2 (HttpServer2.java:bindListener(1236)) - Jetty bound to port 15080
2024-05-06 08:59:19,705 [main] INFO  server.Server (Server.java:doStart(375)) - jetty-9.4.54.v20240208; built: 2024-02-08T19:42:39.027Z; git: cef3fbd6d736a21e7d541a5db490381d95a2047d; jvm 17.0.10+7
2024-05-06 08:59:19,706 [main] INFO  server.session (DefaultSessionIdManager.java:doStart(334)) - DefaultSessionIdManager workerName=node0
2024-05-06 08:59:19,706 [main] INFO  server.session (DefaultSessionIdManager.java:doStart(339)) - No SessionScavenger set, using defaults
2024-05-06 08:59:19,706 [main] INFO  server.session (HouseKeeper.java:startScavenging(132)) - node0 Scavenging every 660000ms
2024-05-06 08:59:19,707 [main] INFO  handler.ContextHandler (ContextHandler.java:doStart(921)) - Started o.e.j.s.ServletContextHandler@646a3bc5{logs,/logs,file:///home/runner/work/ozone/ozone/hadoop-ozone/integration-test/target/log,AVAILABLE}
2024-05-06 08:59:19,708 [main] INFO  handler.ContextHandler (ContextHandler.java:doStart(921)) - Started o.e.j.s.ServletContextHandler@74992312{static,/static,file:///home/runner/work/ozone/ozone/hadoop-hdds/container-service/target/classes/webapps/static,AVAILABLE}
2024-05-06 08:59:19,714 [main] INFO  handler.ContextHandler (ContextHandler.java:doStart(921)) - Started o.e.j.w.WebAppContext@1bbdd4a9{hddsDatanode,/,file:///home/runner/work/ozone/ozone/hadoop-hdds/container-service/target/classes/webapps/hddsDatanode/,AVAILABLE}{file:/home/runner/work/ozone/ozone/hadoop-hdds/container-service/target/classes/webapps/hddsDatanode}
2024-05-06 08:59:19,715 [main] INFO  server.AbstractConnector (AbstractConnector.java:doStart(333)) - Started ServerConnector@4c5bcc6e{HTTP/1.1, (http/1.1)}{0.0.0.0:15080}
2024-05-06 08:59:19,715 [main] INFO  server.Server (Server.java:doStart(415)) - Started @50683ms
2024-05-06 08:59:19,715 [main] WARN  impl.MetricsSystemImpl (MetricsSystemImpl.java:register(279)) - Sink prometheus already exists!
2024-05-06 08:59:19,715 [main] INFO  http.BaseHttpServer (BaseHttpServer.java:updateConnectorAddress(354)) - HTTP server of hddsDatanode listening at http://0.0.0.0:15080
2024-05-06 08:59:19,716 [main] INFO  ipc.CallQueueManager (CallQueueManager.java:<init>(90)) - Using callQueue: class java.util.concurrent.LinkedBlockingQueue, queueCapacity: 100, scheduler: class org.apache.hadoop.ipc.DefaultRpcScheduler, ipcBackoff: false.
2024-05-06 08:59:19,717 [main] INFO  ipc.Server (Server.java:<init>(1287)) - Listener at 0.0.0.0:15081
2024-05-06 08:59:19,717 [Socket Reader #1 for port 15081] INFO  ipc.Server (Server.java:run(1323)) - Starting Socket Reader #1 for port 15081
2024-05-06 08:59:19,722 [main] INFO  ozone.HddsDatanodeService (HddsDatanodeService.java:start(327)) - Datanode start with admins: [runner]
2024-05-06 08:59:19,723 [main] INFO  ozone.HddsDatanodeClientProtocolServer (HddsDatanodeClientProtocolServer.java:start(77)) - RPC server for Client /0.0.0.0:15081
2024-05-06 08:59:19,723 [IPC Server Responder] INFO  ipc.Server (Server.java:run(1562)) - IPC Server Responder: starting
2024-05-06 08:59:19,727 [IPC Server listener on 15081] INFO  ipc.Server (Server.java:run(1402)) - IPC Server listener on 15081: starting
2024-05-06 08:59:19,727 [0e9e7d01-6cef-4822-a23d-4188eb8fb4d0-DatanodeStateMachineDaemonThread] INFO  statemachine.DatanodeStateMachine (DatanodeStateMachine.java:lambda$startDaemon$1(555)) - Ozone container server started.
2024-05-06 08:59:19,728 [main] WARN  dropwizard3.Dm3MetricRegistriesImpl (Dm3MetricRegistriesImpl.java:addReporterRegistration(113)) - New reporters are added after registries were created. Some metrics will be missing from the reporter. Please add reporter before adding any new registry.
2024-05-06 08:59:19,728 [main] WARN  dropwizard3.Dm3MetricRegistriesImpl (Dm3MetricRegistriesImpl.java:addReporterRegistration(113)) - New reporters are added after registries were created. Some metrics will be missing from the reporter. Please add reporter before adding any new registry.
2024-05-06 08:59:19,728 [main] INFO  impl.MetricsSystemImpl (MetricsSystemImpl.java:init(158)) - HddsDatanode metrics system started (again)
2024-05-06 08:59:19,730 [0e9e7d01-6cef-4822-a23d-4188eb8fb4d0-DatanodeStateMachineTaskThread-0] INFO  datanode.InitDatanodeState (InitDatanodeState.java:persistContainerDatanodeDetails(139)) - DatanodeDetails is persisted to /home/runner/work/ozone/ozone/hadoop-ozone/integration-test/target/test-dir/MiniOzoneClusterImpl-f8a20603-669c-41d5-94ea-e080bd68b2ef/ozone-meta/datanode-3/meta/datanode.id
2024-05-06 08:59:19,741 [main] INFO  ozone.HddsDatanodeService (HddsDatanodeService.java:start(240)) - HddsDatanodeService host:fv-az699-623.gws2011vpwuupmkks00dozwttg.bx.internal.cloudapp.net ip:10.1.0.52
2024-05-06 08:59:19,761 [main] INFO  upgrade.AbstractLayoutVersionManager (AbstractLayoutVersionManager.java:init(83)) - Initializing Layout version manager with metadata layout = HADOOP_PRC_PORTS_IN_DATANODEDETAILS (version = 7), software layout = HADOOP_PRC_PORTS_IN_DATANODEDETAILS (version = 7)
2024-05-06 08:59:19,762 [main] INFO  statemachine.DatanodeStateMachine (DatanodeStateMachine.java:getEndPointTaskThreadPoolSize(299)) - Datanode State Machine Task Thread Pool size 2
2024-05-06 08:59:19,763 [main] INFO  volume.HddsVolume (HddsVolume.java:<init>(126)) - Creating HddsVolume: /home/runner/work/ozone/ozone/hadoop-ozone/integration-test/target/test-dir/MiniOzoneClusterImpl-f8a20603-669c-41d5-94ea-e080bd68b2ef/ozone-meta/datanode-4/data-0/hdds of storage type : DISK capacity : 9222449699674390527
2024-05-06 08:59:19,763 [main] INFO  volume.MutableVolumeSet (MutableVolumeSet.java:initializeVolumeSet(173)) - Added Volume : /home/runner/work/ozone/ozone/hadoop-ozone/integration-test/target/test-dir/MiniOzoneClusterImpl-f8a20603-669c-41d5-94ea-e080bd68b2ef/ozone-meta/datanode-4/data-0/hdds to VolumeSet
2024-05-06 08:59:19,764 [main] INFO  volume.MutableVolumeSet (MutableVolumeSet.java:initializeVolumeSet(173)) - Added Volume : /home/runner/work/ozone/ozone/hadoop-ozone/integration-test/target/test-dir/MiniOzoneClusterImpl-f8a20603-669c-41d5-94ea-e080bd68b2ef/ozone-meta/datanode-4/ratis to VolumeSet
2024-05-06 08:59:19,765 [main] INFO  ozoneimpl.OzoneContainer (HddsVolumeUtil.java:loadAllHddsVolumeDbStore(103)) - Load 1 volumes DbStore cost: 1ms
2024-05-06 08:59:19,767 [main] INFO  server.RaftServer (ConfUtils.java:logGet(46)) - raft.rpc.type = GRPC (default)
2024-05-06 08:59:19,767 [main] INFO  grpc.GrpcConfigKeys (ConfUtils.java:logFallback(53)) - raft.grpc.admin.host = null (fallback to raft.grpc.server.host)
2024-05-06 08:59:19,767 [main] INFO  grpc.GrpcConfigKeys (ConfUtils.java:logGet(46)) - raft.grpc.admin.port = 15093 (custom)
2024-05-06 08:59:19,767 [main] INFO  grpc.GrpcConfigKeys (ConfUtils.java:logFallback(53)) - raft.grpc.client.host = null (fallback to raft.grpc.server.host)
2024-05-06 08:59:19,767 [main] INFO  grpc.GrpcConfigKeys (ConfUtils.java:logGet(46)) - raft.grpc.client.port = 15092 (custom)
2024-05-06 08:59:19,767 [main] INFO  grpc.GrpcConfigKeys (ConfUtils.java:logGet(46)) - raft.grpc.server.host = null (default)
2024-05-06 08:59:19,768 [main] INFO  grpc.GrpcConfigKeys (ConfUtils.java:logGet(46)) - raft.grpc.server.port = 15094 (custom)
2024-05-06 08:59:19,768 [main] INFO  server.GrpcService (ConfUtils.java:logGet(46)) - raft.grpc.message.size.max = 32MB (=33554432) (custom)
2024-05-06 08:59:19,768 [main] INFO  server.RaftServerConfigKeys (ConfUtils.java:logGet(46)) - raft.server.log.appender.buffer.byte-limit = 8388608 (custom)
2024-05-06 08:59:19,768 [main] INFO  server.GrpcService (ConfUtils.java:logGet(46)) - raft.grpc.flow.control.window = 5MB (=5242880) (custom)
2024-05-06 08:59:19,768 [main] INFO  server.RaftServerConfigKeys (ConfUtils.java:logGet(46)) - raft.server.rpc.request.timeout = 3000ms (default)
2024-05-06 08:59:19,768 [main] INFO  grpc.GrpcConfigKeys (ConfUtils.java:logGet(46)) - raft.grpc.server.heartbeat.channel = true (default)
2024-05-06 08:59:19,768 [main] INFO  grpc.GrpcConfigKeys (ConfUtils.java:logGet(46)) - raft.grpc.server.async.request.thread.pool.cached = true (default)
2024-05-06 08:59:19,768 [main] INFO  grpc.GrpcConfigKeys (ConfUtils.java:logGet(46)) - raft.grpc.server.async.request.thread.pool.size = 32 (default)
2024-05-06 08:59:19,770 [main] INFO  impl.DataStreamServerImpl (ConfUtils.java:logGet(46)) - raft.datastream.type = NETTY (custom)
2024-05-06 08:59:19,770 [main] INFO  server.RaftServerConfigKeys (ConfUtils.java:logGet(46)) - raft.server.data-stream.async.request.thread.pool.cached = false (default)
2024-05-06 08:59:19,770 [main] INFO  server.RaftServerConfigKeys (ConfUtils.java:logGet(46)) - raft.server.data-stream.async.request.thread.pool.size = 20 (custom)
2024-05-06 08:59:19,770 [main] INFO  server.RaftServerConfigKeys (ConfUtils.java:logGet(46)) - raft.server.data-stream.async.write.thread.pool.size = 16 (default)
2024-05-06 08:59:19,771 [main] INFO  netty.NettyConfigKeys$DataStream (ConfUtils.java:logGet(46)) - raft.netty.dataStream.server.channel.inactive.grace-period = 10min (default)
2024-05-06 08:59:19,771 [main] INFO  server.RaftServerConfigKeys (ConfUtils.java:logGet(46)) - raft.server.data-stream.client.pool.size = 10 (default)
2024-05-06 08:59:19,771 [main] INFO  netty.NettyConfigKeys$DataStream (ConfUtils.java:logGet(46)) - raft.netty.dataStream.server.use-epoll = true (default)
2024-05-06 08:59:19,771 [main] INFO  netty.NettyConfigKeys$DataStream (ConfUtils.java:logGet(46)) - raft.netty.dataStream.server.boss-group.size = 0 (default)
2024-05-06 08:59:19,771 [main] INFO  netty.NettyUtils (NettyUtils.java:newEventLoopGroup(69)) - Create EpollEventLoopGroup for 2bd728a8-2257-45fc-a304-d79856c752fc-NettyServerStreamRpc-bossGroup; Thread size is 0.
2024-05-06 08:59:19,771 [main] INFO  netty.NettyConfigKeys$DataStream (ConfUtils.java:logGet(46)) - raft.netty.dataStream.server.worker-group.size = 0 (default)
2024-05-06 08:59:19,772 [main] INFO  netty.NettyUtils (NettyUtils.java:newEventLoopGroup(69)) - Create EpollEventLoopGroup for 2bd728a8-2257-45fc-a304-d79856c752fc-NettyServerStreamRpc-workerGroup; Thread size is 0.
2024-05-06 08:59:19,772 [main] INFO  netty.NettyConfigKeys$DataStream (ConfUtils.java:logGet(46)) - raft.netty.dataStream.server.tls.conf = null (default)
2024-05-06 08:59:19,772 [main] INFO  netty.NettyConfigKeys$DataStream (ConfUtils.java:logGet(46)) - raft.netty.dataStream.host = null (default)
2024-05-06 08:59:19,772 [main] INFO  netty.NettyConfigKeys$DataStream (ConfUtils.java:logGet(46)) - raft.netty.dataStream.port = 15095 (custom)
2024-05-06 08:59:19,772 [main] INFO  server.RaftServerConfigKeys (ConfUtils.java:logGet(46)) - raft.server.sleep.deviation.threshold = 300ms (default)
2024-05-06 08:59:19,772 [main] INFO  server.RaftServerConfigKeys (ConfUtils.java:logGet(46)) - raft.server.close.threshold = 60s (default)
2024-05-06 08:59:19,773 [main] INFO  server.RaftServerConfigKeys (ConfUtils.java:logGet(46)) - raft.server.leaderelection.leader.step-down.wait-time = 10s (default)
2024-05-06 08:59:19,773 [2bd728a8-2257-45fc-a304-d79856c752fc-NettyServerStreamRpc-bossGroup--thread1] INFO  logging.LoggingHandler (AbstractInternalLogger.java:log(148)) - [id: 0x8c058d77] REGISTERED
2024-05-06 08:59:19,773 [main] INFO  server.RaftServerConfigKeys (ConfUtils.java:logGet(46)) - raft.server.storage.dir = [/home/runner/work/ozone/ozone/hadoop-ozone/integration-test/target/test-dir/MiniOzoneClusterImpl-f8a20603-669c-41d5-94ea-e080bd68b2ef/ozone-meta/datanode-4/ratis] (custom)
2024-05-06 08:59:19,773 [2bd728a8-2257-45fc-a304-d79856c752fc-NettyServerStreamRpc-bossGroup--thread1] INFO  logging.LoggingHandler (AbstractInternalLogger.java:log(148)) - [id: 0x8c058d77] BIND: 0.0.0.0/0.0.0.0:15095
2024-05-06 08:59:19,773 [main] INFO  server.RaftServerConfigKeys (ConfUtils.java:logGet(46)) - raft.server.threadpool.proxy.cached = true (default)
2024-05-06 08:59:19,773 [2bd728a8-2257-45fc-a304-d79856c752fc-NettyServerStreamRpc-bossGroup--thread1] INFO  logging.LoggingHandler (AbstractInternalLogger.java:log(148)) - [id: 0x8c058d77, L:/0.0.0.0:15095] ACTIVE
2024-05-06 08:59:19,773 [main] INFO  server.RaftServerConfigKeys (ConfUtils.java:logGet(46)) - raft.server.threadpool.proxy.size = 0 (default)
2024-05-06 08:59:19,774 [2bd728a8-2257-45fc-a304-d79856c752fc-impl-thread1] INFO  server.RaftServer (RaftServerProxy.java:initGroupDir(264)) - 2bd728a8-2257-45fc-a304-d79856c752fc: found a subdirectory /home/runner/work/ozone/ozone/hadoop-ozone/integration-test/target/test-dir/MiniOzoneClusterImpl-f8a20603-669c-41d5-94ea-e080bd68b2ef/ozone-meta/datanode-4/ratis/tmp
2024-05-06 08:59:19,774 [2bd728a8-2257-45fc-a304-d79856c752fc-impl-thread1] INFO  server.RaftServer (RaftServerProxy.java:initGroupDir(269)) - 2bd728a8-2257-45fc-a304-d79856c752fc: The directory /home/runner/work/ozone/ozone/hadoop-ozone/integration-test/target/test-dir/MiniOzoneClusterImpl-f8a20603-669c-41d5-94ea-e080bd68b2ef/ozone-meta/datanode-4/ratis/tmp is not a group directory; ignoring it. 
2024-05-06 08:59:19,774 [main] INFO  replication.ReplicationServer (ReplicationServer.java:<init>(86)) - Initializing replication server with thread count = 10 queue length = 4096
2024-05-06 08:59:19,775 [main] INFO  server.XceiverServerGrpc (XceiverServerGrpc.java:<init>(141)) - GrpcServer channel type EpollServerSocketChannel
2024-05-06 08:59:19,776 [main] INFO  replication.ReplicationSupervisor (ReplicationSupervisor.java:build(157)) - Initializing replication supervisor with thread count = 10
2024-05-06 08:59:19,776 [main] INFO  replication.ReplicationSupervisor (ReplicationSupervisor.java:nodeStateUpdated(312)) - Node state updated to IN_SERVICE, scaling executor pool size to 10
2024-05-06 08:59:19,777 [main] INFO  http.BaseHttpServer (BaseHttpServer.java:newHttpServer2BuilderForOzone(223)) - Starting Web-server for hddsDatanode at: http://0.0.0.0:15089
2024-05-06 08:59:19,777 [main] INFO  http.BaseHttpServer (BaseHttpServer.java:<init>(110)) - Hadoop Security Enabled: false Ozone Security Enabled: false Ozone HTTP Security Enabled: false 
2024-05-06 08:59:19,778 [main] WARN  server.AuthenticationFilter (AuthenticationFilter.java:constructSecretProvider(240)) - Unable to initialize FileSignerSecretProvider, falling back to use random secrets. Reason: Could not read signature secret file: /home/runner/hadoop-http-auth-signature-secret
2024-05-06 08:59:19,779 [main] INFO  http.HttpRequestLog (HttpRequestLog.java:getRequestLog(86)) - Http request log for http.requests.hddsDatanode is not defined
2024-05-06 08:59:19,780 [main] INFO  http.HttpServer2 (HttpServer2.java:addGlobalFilter(1036)) - Added global filter 'safety' (class=org.apache.hadoop.hdds.server.http.HttpServer2$QuotingInputFilter)
2024-05-06 08:59:19,780 [main] INFO  http.HttpServer2 (HttpServer2.java:addFilter(1012)) - Added filter static_user_filter (class=org.apache.hadoop.http.lib.StaticUserWebFilter$StaticUserFilter) to context hddsDatanode
2024-05-06 08:59:19,780 [main] INFO  http.HttpServer2 (HttpServer2.java:addFilter(1020)) - Added filter static_user_filter (class=org.apache.hadoop.http.lib.StaticUserWebFilter$StaticUserFilter) to context static
2024-05-06 08:59:19,781 [main] INFO  http.HttpServer2 (HttpServer2.java:addFilter(1020)) - Added filter static_user_filter (class=org.apache.hadoop.http.lib.StaticUserWebFilter$StaticUserFilter) to context logs
2024-05-06 08:59:19,781 [main] INFO  http.BaseHttpServer (BaseHttpServer.java:<init>(189)) - HTTP server of hddsDatanode uses base directory /home/runner/work/ozone/ozone/hadoop-ozone/integration-test/target/test-dir/MiniOzoneClusterImpl-f8a20603-669c-41d5-94ea-e080bd68b2ef/ozone-meta/datanode-4/meta/webserver
2024-05-06 08:59:19,781 [main] INFO  http.HttpServer2 (HttpServer2.java:bindListener(1236)) - Jetty bound to port 15089
2024-05-06 08:59:19,781 [main] INFO  server.Server (Server.java:doStart(375)) - jetty-9.4.54.v20240208; built: 2024-02-08T19:42:39.027Z; git: cef3fbd6d736a21e7d541a5db490381d95a2047d; jvm 17.0.10+7
2024-05-06 08:59:19,783 [main] INFO  server.session (DefaultSessionIdManager.java:doStart(334)) - DefaultSessionIdManager workerName=node0
2024-05-06 08:59:19,783 [main] INFO  server.session (DefaultSessionIdManager.java:doStart(339)) - No SessionScavenger set, using defaults
2024-05-06 08:59:19,783 [main] INFO  server.session (HouseKeeper.java:startScavenging(132)) - node0 Scavenging every 600000ms
2024-05-06 08:59:19,783 [main] INFO  handler.ContextHandler (ContextHandler.java:doStart(921)) - Started o.e.j.s.ServletContextHandler@364c430a{logs,/logs,file:///home/runner/work/ozone/ozone/hadoop-ozone/integration-test/target/log,AVAILABLE}
2024-05-06 08:59:19,784 [main] INFO  handler.ContextHandler (ContextHandler.java:doStart(921)) - Started o.e.j.s.ServletContextHandler@694b818f{static,/static,file:///home/runner/work/ozone/ozone/hadoop-hdds/container-service/target/classes/webapps/static,AVAILABLE}
2024-05-06 08:59:19,788 [main] INFO  handler.ContextHandler (ContextHandler.java:doStart(921)) - Started o.e.j.w.WebAppContext@1c541176{hddsDatanode,/,file:///home/runner/work/ozone/ozone/hadoop-hdds/container-service/target/classes/webapps/hddsDatanode/,AVAILABLE}{file:/home/runner/work/ozone/ozone/hadoop-hdds/container-service/target/classes/webapps/hddsDatanode}
2024-05-06 08:59:19,789 [main] INFO  server.AbstractConnector (AbstractConnector.java:doStart(333)) - Started ServerConnector@41274a53{HTTP/1.1, (http/1.1)}{0.0.0.0:15089}
2024-05-06 08:59:19,789 [main] INFO  server.Server (Server.java:doStart(415)) - Started @50758ms
2024-05-06 08:59:19,789 [main] WARN  impl.MetricsSystemImpl (MetricsSystemImpl.java:register(279)) - Sink prometheus already exists!
2024-05-06 08:59:19,790 [main] INFO  http.BaseHttpServer (BaseHttpServer.java:updateConnectorAddress(354)) - HTTP server of hddsDatanode listening at http://0.0.0.0:15089
2024-05-06 08:59:19,790 [main] INFO  ipc.CallQueueManager (CallQueueManager.java:<init>(90)) - Using callQueue: class java.util.concurrent.LinkedBlockingQueue, queueCapacity: 100, scheduler: class org.apache.hadoop.ipc.DefaultRpcScheduler, ipcBackoff: false.
2024-05-06 08:59:19,790 [main] INFO  ipc.Server (Server.java:<init>(1287)) - Listener at 0.0.0.0:15090
2024-05-06 08:59:19,791 [Socket Reader #1 for port 15090] INFO  ipc.Server (Server.java:run(1323)) - Starting Socket Reader #1 for port 15090
2024-05-06 08:59:19,798 [main] INFO  ozone.HddsDatanodeService (HddsDatanodeService.java:start(327)) - Datanode start with admins: [runner]
2024-05-06 08:59:19,798 [main] INFO  ozone.HddsDatanodeClientProtocolServer (HddsDatanodeClientProtocolServer.java:start(77)) - RPC server for Client /0.0.0.0:15090
2024-05-06 08:59:19,799 [IPC Server Responder] INFO  ipc.Server (Server.java:run(1562)) - IPC Server Responder: starting
2024-05-06 08:59:19,799 [IPC Server listener on 15090] INFO  ipc.Server (Server.java:run(1402)) - IPC Server listener on 15090: starting
2024-05-06 08:59:19,799 [2bd728a8-2257-45fc-a304-d79856c752fc-DatanodeStateMachineDaemonThread] INFO  statemachine.DatanodeStateMachine (DatanodeStateMachine.java:lambda$startDaemon$1(555)) - Ozone container server started.
2024-05-06 08:59:19,799 [main] WARN  dropwizard3.Dm3MetricRegistriesImpl (Dm3MetricRegistriesImpl.java:addReporterRegistration(113)) - New reporters are added after registries were created. Some metrics will be missing from the reporter. Please add reporter before adding any new registry.
2024-05-06 08:59:19,800 [main] WARN  dropwizard3.Dm3MetricRegistriesImpl (Dm3MetricRegistriesImpl.java:addReporterRegistration(113)) - New reporters are added after registries were created. Some metrics will be missing from the reporter. Please add reporter before adding any new registry.
2024-05-06 08:59:19,800 [main] INFO  impl.MetricsSystemImpl (MetricsSystemImpl.java:init(158)) - HddsDatanode metrics system started (again)
2024-05-06 08:59:19,811 [main] INFO  ozone.HddsDatanodeService (HddsDatanodeService.java:start(240)) - HddsDatanodeService host:fv-az699-623.gws2011vpwuupmkks00dozwttg.bx.internal.cloudapp.net ip:10.1.0.52
2024-05-06 08:59:19,813 [2bd728a8-2257-45fc-a304-d79856c752fc-DatanodeStateMachineTaskThread-0] INFO  datanode.InitDatanodeState (InitDatanodeState.java:persistContainerDatanodeDetails(139)) - DatanodeDetails is persisted to /home/runner/work/ozone/ozone/hadoop-ozone/integration-test/target/test-dir/MiniOzoneClusterImpl-f8a20603-669c-41d5-94ea-e080bd68b2ef/ozone-meta/datanode-4/meta/datanode.id
2024-05-06 08:59:19,836 [main] INFO  upgrade.AbstractLayoutVersionManager (AbstractLayoutVersionManager.java:init(83)) - Initializing Layout version manager with metadata layout = HADOOP_PRC_PORTS_IN_DATANODEDETAILS (version = 7), software layout = HADOOP_PRC_PORTS_IN_DATANODEDETAILS (version = 7)
2024-05-06 08:59:19,837 [main] INFO  statemachine.DatanodeStateMachine (DatanodeStateMachine.java:getEndPointTaskThreadPoolSize(299)) - Datanode State Machine Task Thread Pool size 2
2024-05-06 08:59:19,838 [main] INFO  volume.HddsVolume (HddsVolume.java:<init>(126)) - Creating HddsVolume: /home/runner/work/ozone/ozone/hadoop-ozone/integration-test/target/test-dir/MiniOzoneClusterImpl-f8a20603-669c-41d5-94ea-e080bd68b2ef/ozone-meta/datanode-5/data-0/hdds of storage type : DISK capacity : 9222449699674390527
2024-05-06 08:59:19,838 [main] INFO  volume.MutableVolumeSet (MutableVolumeSet.java:initializeVolumeSet(173)) - Added Volume : /home/runner/work/ozone/ozone/hadoop-ozone/integration-test/target/test-dir/MiniOzoneClusterImpl-f8a20603-669c-41d5-94ea-e080bd68b2ef/ozone-meta/datanode-5/data-0/hdds to VolumeSet
2024-05-06 08:59:19,839 [main] INFO  volume.MutableVolumeSet (MutableVolumeSet.java:initializeVolumeSet(173)) - Added Volume : /home/runner/work/ozone/ozone/hadoop-ozone/integration-test/target/test-dir/MiniOzoneClusterImpl-f8a20603-669c-41d5-94ea-e080bd68b2ef/ozone-meta/datanode-5/ratis to VolumeSet
2024-05-06 08:59:19,843 [main] INFO  ozoneimpl.OzoneContainer (HddsVolumeUtil.java:loadAllHddsVolumeDbStore(103)) - Load 1 volumes DbStore cost: 4ms
2024-05-06 08:59:19,845 [main] INFO  server.RaftServer (ConfUtils.java:logGet(46)) - raft.rpc.type = GRPC (default)
2024-05-06 08:59:19,845 [main] INFO  grpc.GrpcConfigKeys (ConfUtils.java:logFallback(53)) - raft.grpc.admin.host = null (fallback to raft.grpc.server.host)
2024-05-06 08:59:19,845 [main] INFO  grpc.GrpcConfigKeys (ConfUtils.java:logGet(46)) - raft.grpc.admin.port = 15102 (custom)
2024-05-06 08:59:19,846 [main] INFO  grpc.GrpcConfigKeys (ConfUtils.java:logFallback(53)) - raft.grpc.client.host = null (fallback to raft.grpc.server.host)
2024-05-06 08:59:19,846 [main] INFO  grpc.GrpcConfigKeys (ConfUtils.java:logGet(46)) - raft.grpc.client.port = 15101 (custom)
2024-05-06 08:59:19,846 [main] INFO  grpc.GrpcConfigKeys (ConfUtils.java:logGet(46)) - raft.grpc.server.host = null (default)
2024-05-06 08:59:19,846 [main] INFO  grpc.GrpcConfigKeys (ConfUtils.java:logGet(46)) - raft.grpc.server.port = 15103 (custom)
2024-05-06 08:59:19,846 [main] INFO  server.GrpcService (ConfUtils.java:logGet(46)) - raft.grpc.message.size.max = 32MB (=33554432) (custom)
2024-05-06 08:59:19,846 [main] INFO  server.RaftServerConfigKeys (ConfUtils.java:logGet(46)) - raft.server.log.appender.buffer.byte-limit = 8388608 (custom)
2024-05-06 08:59:19,846 [main] INFO  server.GrpcService (ConfUtils.java:logGet(46)) - raft.grpc.flow.control.window = 5MB (=5242880) (custom)
2024-05-06 08:59:19,847 [main] INFO  server.RaftServerConfigKeys (ConfUtils.java:logGet(46)) - raft.server.rpc.request.timeout = 3000ms (default)
2024-05-06 08:59:19,847 [main] INFO  grpc.GrpcConfigKeys (ConfUtils.java:logGet(46)) - raft.grpc.server.heartbeat.channel = true (default)
2024-05-06 08:59:19,847 [main] INFO  grpc.GrpcConfigKeys (ConfUtils.java:logGet(46)) - raft.grpc.server.async.request.thread.pool.cached = true (default)
2024-05-06 08:59:19,847 [main] INFO  grpc.GrpcConfigKeys (ConfUtils.java:logGet(46)) - raft.grpc.server.async.request.thread.pool.size = 32 (default)
2024-05-06 08:59:19,849 [main] INFO  impl.DataStreamServerImpl (ConfUtils.java:logGet(46)) - raft.datastream.type = NETTY (custom)
2024-05-06 08:59:19,849 [main] INFO  server.RaftServerConfigKeys (ConfUtils.java:logGet(46)) - raft.server.data-stream.async.request.thread.pool.cached = false (default)
2024-05-06 08:59:19,849 [main] INFO  server.RaftServerConfigKeys (ConfUtils.java:logGet(46)) - raft.server.data-stream.async.request.thread.pool.size = 20 (custom)
2024-05-06 08:59:19,850 [main] INFO  server.RaftServerConfigKeys (ConfUtils.java:logGet(46)) - raft.server.data-stream.async.write.thread.pool.size = 16 (default)
2024-05-06 08:59:19,850 [main] INFO  netty.NettyConfigKeys$DataStream (ConfUtils.java:logGet(46)) - raft.netty.dataStream.server.channel.inactive.grace-period = 10min (default)
2024-05-06 08:59:19,850 [main] INFO  server.RaftServerConfigKeys (ConfUtils.java:logGet(46)) - raft.server.data-stream.client.pool.size = 10 (default)
2024-05-06 08:59:19,850 [main] INFO  netty.NettyConfigKeys$DataStream (ConfUtils.java:logGet(46)) - raft.netty.dataStream.server.use-epoll = true (default)
2024-05-06 08:59:19,850 [main] INFO  netty.NettyConfigKeys$DataStream (ConfUtils.java:logGet(46)) - raft.netty.dataStream.server.boss-group.size = 0 (default)
2024-05-06 08:59:19,850 [main] INFO  netty.NettyUtils (NettyUtils.java:newEventLoopGroup(69)) - Create EpollEventLoopGroup for fa7233c5-99c6-4a1a-a2f1-81d332223322-NettyServerStreamRpc-bossGroup; Thread size is 0.
2024-05-06 08:59:19,851 [main] INFO  netty.NettyConfigKeys$DataStream (ConfUtils.java:logGet(46)) - raft.netty.dataStream.server.worker-group.size = 0 (default)
2024-05-06 08:59:19,852 [main] INFO  netty.NettyUtils (NettyUtils.java:newEventLoopGroup(69)) - Create EpollEventLoopGroup for fa7233c5-99c6-4a1a-a2f1-81d332223322-NettyServerStreamRpc-workerGroup; Thread size is 0.
2024-05-06 08:59:19,853 [main] INFO  netty.NettyConfigKeys$DataStream (ConfUtils.java:logGet(46)) - raft.netty.dataStream.server.tls.conf = null (default)
2024-05-06 08:59:19,853 [main] INFO  netty.NettyConfigKeys$DataStream (ConfUtils.java:logGet(46)) - raft.netty.dataStream.host = null (default)
2024-05-06 08:59:19,853 [main] INFO  netty.NettyConfigKeys$DataStream (ConfUtils.java:logGet(46)) - raft.netty.dataStream.port = 15104 (custom)
2024-05-06 08:59:19,854 [main] INFO  server.RaftServerConfigKeys (ConfUtils.java:logGet(46)) - raft.server.sleep.deviation.threshold = 300ms (default)
2024-05-06 08:59:19,854 [main] INFO  server.RaftServerConfigKeys (ConfUtils.java:logGet(46)) - raft.server.close.threshold = 60s (default)
2024-05-06 08:59:19,854 [fa7233c5-99c6-4a1a-a2f1-81d332223322-NettyServerStreamRpc-bossGroup--thread1] INFO  logging.LoggingHandler (AbstractInternalLogger.java:log(148)) - [id: 0x753628e8] REGISTERED
2024-05-06 08:59:19,854 [main] INFO  server.RaftServerConfigKeys (ConfUtils.java:logGet(46)) - raft.server.leaderelection.leader.step-down.wait-time = 10s (default)
2024-05-06 08:59:19,854 [fa7233c5-99c6-4a1a-a2f1-81d332223322-NettyServerStreamRpc-bossGroup--thread1] INFO  logging.LoggingHandler (AbstractInternalLogger.java:log(148)) - [id: 0x753628e8] BIND: 0.0.0.0/0.0.0.0:15104
2024-05-06 08:59:19,854 [main] INFO  server.RaftServerConfigKeys (ConfUtils.java:logGet(46)) - raft.server.storage.dir = [/home/runner/work/ozone/ozone/hadoop-ozone/integration-test/target/test-dir/MiniOzoneClusterImpl-f8a20603-669c-41d5-94ea-e080bd68b2ef/ozone-meta/datanode-5/ratis] (custom)
2024-05-06 08:59:19,855 [fa7233c5-99c6-4a1a-a2f1-81d332223322-NettyServerStreamRpc-bossGroup--thread1] INFO  logging.LoggingHandler (AbstractInternalLogger.java:log(148)) - [id: 0x753628e8, L:/0.0.0.0:15104] ACTIVE
2024-05-06 08:59:19,855 [main] INFO  server.RaftServerConfigKeys (ConfUtils.java:logGet(46)) - raft.server.threadpool.proxy.cached = true (default)
2024-05-06 08:59:19,855 [main] INFO  server.RaftServerConfigKeys (ConfUtils.java:logGet(46)) - raft.server.threadpool.proxy.size = 0 (default)
2024-05-06 08:59:19,855 [fa7233c5-99c6-4a1a-a2f1-81d332223322-impl-thread1] INFO  server.RaftServer (RaftServerProxy.java:initGroupDir(264)) - fa7233c5-99c6-4a1a-a2f1-81d332223322: found a subdirectory /home/runner/work/ozone/ozone/hadoop-ozone/integration-test/target/test-dir/MiniOzoneClusterImpl-f8a20603-669c-41d5-94ea-e080bd68b2ef/ozone-meta/datanode-5/ratis/tmp
2024-05-06 08:59:19,856 [fa7233c5-99c6-4a1a-a2f1-81d332223322-impl-thread1] INFO  server.RaftServer (RaftServerProxy.java:initGroupDir(269)) - fa7233c5-99c6-4a1a-a2f1-81d332223322: The directory /home/runner/work/ozone/ozone/hadoop-ozone/integration-test/target/test-dir/MiniOzoneClusterImpl-f8a20603-669c-41d5-94ea-e080bd68b2ef/ozone-meta/datanode-5/ratis/tmp is not a group directory; ignoring it. 
2024-05-06 08:59:19,856 [main] INFO  replication.ReplicationServer (ReplicationServer.java:<init>(86)) - Initializing replication server with thread count = 10 queue length = 4096
2024-05-06 08:59:19,857 [main] INFO  server.XceiverServerGrpc (XceiverServerGrpc.java:<init>(141)) - GrpcServer channel type EpollServerSocketChannel
2024-05-06 08:59:19,858 [main] INFO  replication.ReplicationSupervisor (ReplicationSupervisor.java:build(157)) - Initializing replication supervisor with thread count = 10
2024-05-06 08:59:19,858 [main] INFO  replication.ReplicationSupervisor (ReplicationSupervisor.java:nodeStateUpdated(312)) - Node state updated to IN_SERVICE, scaling executor pool size to 10
2024-05-06 08:59:19,860 [main] INFO  http.BaseHttpServer (BaseHttpServer.java:newHttpServer2BuilderForOzone(223)) - Starting Web-server for hddsDatanode at: http://0.0.0.0:15098
2024-05-06 08:59:19,860 [main] INFO  http.BaseHttpServer (BaseHttpServer.java:<init>(110)) - Hadoop Security Enabled: false Ozone Security Enabled: false Ozone HTTP Security Enabled: false 
2024-05-06 08:59:19,861 [main] WARN  server.AuthenticationFilter (AuthenticationFilter.java:constructSecretProvider(240)) - Unable to initialize FileSignerSecretProvider, falling back to use random secrets. Reason: Could not read signature secret file: /home/runner/hadoop-http-auth-signature-secret
2024-05-06 08:59:19,862 [main] INFO  http.HttpRequestLog (HttpRequestLog.java:getRequestLog(86)) - Http request log for http.requests.hddsDatanode is not defined
2024-05-06 08:59:19,863 [main] INFO  http.HttpServer2 (HttpServer2.java:addGlobalFilter(1036)) - Added global filter 'safety' (class=org.apache.hadoop.hdds.server.http.HttpServer2$QuotingInputFilter)
2024-05-06 08:59:19,863 [main] INFO  http.HttpServer2 (HttpServer2.java:addFilter(1012)) - Added filter static_user_filter (class=org.apache.hadoop.http.lib.StaticUserWebFilter$StaticUserFilter) to context hddsDatanode
2024-05-06 08:59:19,863 [main] INFO  http.HttpServer2 (HttpServer2.java:addFilter(1020)) - Added filter static_user_filter (class=org.apache.hadoop.http.lib.StaticUserWebFilter$StaticUserFilter) to context static
2024-05-06 08:59:19,864 [main] INFO  http.HttpServer2 (HttpServer2.java:addFilter(1020)) - Added filter static_user_filter (class=org.apache.hadoop.http.lib.StaticUserWebFilter$StaticUserFilter) to context logs
2024-05-06 08:59:19,864 [main] INFO  http.BaseHttpServer (BaseHttpServer.java:<init>(189)) - HTTP server of hddsDatanode uses base directory /home/runner/work/ozone/ozone/hadoop-ozone/integration-test/target/test-dir/MiniOzoneClusterImpl-f8a20603-669c-41d5-94ea-e080bd68b2ef/ozone-meta/datanode-5/meta/webserver
2024-05-06 08:59:19,864 [main] INFO  http.HttpServer2 (HttpServer2.java:bindListener(1236)) - Jetty bound to port 15098
2024-05-06 08:59:19,864 [main] INFO  server.Server (Server.java:doStart(375)) - jetty-9.4.54.v20240208; built: 2024-02-08T19:42:39.027Z; git: cef3fbd6d736a21e7d541a5db490381d95a2047d; jvm 17.0.10+7
2024-05-06 08:59:19,866 [main] INFO  server.session (DefaultSessionIdManager.java:doStart(334)) - DefaultSessionIdManager workerName=node0
2024-05-06 08:59:19,866 [main] INFO  server.session (DefaultSessionIdManager.java:doStart(339)) - No SessionScavenger set, using defaults
2024-05-06 08:59:19,866 [main] INFO  server.session (HouseKeeper.java:startScavenging(132)) - node0 Scavenging every 660000ms
2024-05-06 08:59:19,866 [main] INFO  handler.ContextHandler (ContextHandler.java:doStart(921)) - Started o.e.j.s.ServletContextHandler@5e86dc1c{logs,/logs,file:///home/runner/work/ozone/ozone/hadoop-ozone/integration-test/target/log,AVAILABLE}
2024-05-06 08:59:19,867 [main] INFO  handler.ContextHandler (ContextHandler.java:doStart(921)) - Started o.e.j.s.ServletContextHandler@2ce01617{static,/static,file:///home/runner/work/ozone/ozone/hadoop-hdds/container-service/target/classes/webapps/static,AVAILABLE}
2024-05-06 08:59:19,870 [main] INFO  handler.ContextHandler (ContextHandler.java:doStart(921)) - Started o.e.j.w.WebAppContext@979c3cb{hddsDatanode,/,file:///home/runner/work/ozone/ozone/hadoop-hdds/container-service/target/classes/webapps/hddsDatanode/,AVAILABLE}{file:/home/runner/work/ozone/ozone/hadoop-hdds/container-service/target/classes/webapps/hddsDatanode}
2024-05-06 08:59:19,871 [main] INFO  server.AbstractConnector (AbstractConnector.java:doStart(333)) - Started ServerConnector@13e4acf6{HTTP/1.1, (http/1.1)}{0.0.0.0:15098}
2024-05-06 08:59:19,871 [main] INFO  server.Server (Server.java:doStart(415)) - Started @50839ms
2024-05-06 08:59:19,871 [main] WARN  impl.MetricsSystemImpl (MetricsSystemImpl.java:register(279)) - Sink prometheus already exists!
2024-05-06 08:59:19,871 [main] INFO  http.BaseHttpServer (BaseHttpServer.java:updateConnectorAddress(354)) - HTTP server of hddsDatanode listening at http://0.0.0.0:15098
2024-05-06 08:59:19,872 [main] INFO  ipc.CallQueueManager (CallQueueManager.java:<init>(90)) - Using callQueue: class java.util.concurrent.LinkedBlockingQueue, queueCapacity: 100, scheduler: class org.apache.hadoop.ipc.DefaultRpcScheduler, ipcBackoff: false.
2024-05-06 08:59:19,872 [main] INFO  ipc.Server (Server.java:<init>(1287)) - Listener at 0.0.0.0:15099
2024-05-06 08:59:19,872 [Socket Reader #1 for port 15099] INFO  ipc.Server (Server.java:run(1323)) - Starting Socket Reader #1 for port 15099
2024-05-06 08:59:19,873 [main] INFO  ozone.HddsDatanodeService (HddsDatanodeService.java:start(327)) - Datanode start with admins: [runner]
2024-05-06 08:59:19,873 [main] INFO  ozone.HddsDatanodeClientProtocolServer (HddsDatanodeClientProtocolServer.java:start(77)) - RPC server for Client /0.0.0.0:15099
2024-05-06 08:59:19,875 [IPC Server Responder] INFO  ipc.Server (Server.java:run(1562)) - IPC Server Responder: starting
2024-05-06 08:59:19,875 [IPC Server listener on 15099] INFO  ipc.Server (Server.java:run(1402)) - IPC Server listener on 15099: starting
2024-05-06 08:59:19,875 [fa7233c5-99c6-4a1a-a2f1-81d332223322-DatanodeStateMachineDaemonThread] INFO  statemachine.DatanodeStateMachine (DatanodeStateMachine.java:lambda$startDaemon$1(555)) - Ozone container server started.
2024-05-06 08:59:19,876 [main] INFO  ozone.MiniOzoneClusterImpl (MiniOzoneClusterImpl.java:lambda$waitForClusterToBeReady$0(194)) - Waiting for nodes to be ready. Got 0 of 5 DN Heartbeats.
2024-05-06 08:59:19,876 [main] INFO  ozone.MiniOzoneClusterImpl (MiniOzoneClusterImpl.java:lambda$waitForClusterToBeReady$0(197)) - Waiting for cluster to exit safe mode
2024-05-06 08:59:19,876 [main] INFO  ozone.MiniOzoneClusterImpl (MiniOzoneClusterImpl.java:lambda$waitForClusterToBeReady$0(199)) - SCM became leader
2024-05-06 08:59:19,878 [fa7233c5-99c6-4a1a-a2f1-81d332223322-DatanodeStateMachineTaskThread-0] INFO  datanode.InitDatanodeState (InitDatanodeState.java:persistContainerDatanodeDetails(139)) - DatanodeDetails is persisted to /home/runner/work/ozone/ozone/hadoop-ozone/integration-test/target/test-dir/MiniOzoneClusterImpl-f8a20603-669c-41d5-94ea-e080bd68b2ef/ozone-meta/datanode-5/meta/datanode.id
2024-05-06 08:59:20,534 [timer2] WARN  server.GrpcLogAppender (LogUtils.java:warn(121)) - 1de94804-8dea-4973-9977-2ed7f9c8b90c@group-137340845263->6c8187df-e6e7-4dca-96a6-f235f3ee8c1f-AppendLogResponseHandler: Failed appendEntries (Repeated 2 times in the last 5.000s): org.apache.ratis.thirdparty.io.grpc.StatusRuntimeException: CANCELLED: RST_STREAM closed stream. HTTP/2 error code: CANCEL
2024-05-06 08:59:20,534 [timer1] WARN  server.GrpcLogAppender (GrpcLogAppender.java:lambda$resetClient$1(217)) - 1de94804-8dea-4973-9977-2ed7f9c8b90c@group-137340845263->6c8187df-e6e7-4dca-96a6-f235f3ee8c1f-GrpcLogAppender: Follower failed (request=null, errorCount=2); keep nextIndex (17) unchanged and retry. (Repeated 2 times in the last 5.000s)
2024-05-06 08:59:20,538 [timer3] WARN  server.GrpcLogAppender (LogUtils.java:warn(121)) - 1de94804-8dea-4973-9977-2ed7f9c8b90c@group-137340845263->0b9b4ec4-de12-4018-a3ea-e21daf8c9e2e-AppendLogResponseHandler: Failed appendEntries (Repeated 2 times in the last 5.000s): org.apache.ratis.thirdparty.io.grpc.StatusRuntimeException: CANCELLED: RST_STREAM closed stream. HTTP/2 error code: CANCEL
2024-05-06 08:59:20,538 [timer4] WARN  server.GrpcLogAppender (GrpcLogAppender.java:lambda$resetClient$1(217)) - 1de94804-8dea-4973-9977-2ed7f9c8b90c@group-137340845263->0b9b4ec4-de12-4018-a3ea-e21daf8c9e2e-GrpcLogAppender: Follower failed (request=null, errorCount=2); keep nextIndex (17) unchanged and retry. (Repeated 2 times in the last 5.000s)
2024-05-06 08:59:20,632 [om1@group-C5BA1605619E-FollowerState] INFO  impl.FollowerState (FollowerState.java:run(143)) - om1@group-C5BA1605619E-FollowerState: change to CANDIDATE, lastRpcElapsedTime:1189793524ns, electionTimeout:1188ms
2024-05-06 08:59:20,632 [om1@group-C5BA1605619E-FollowerState] INFO  impl.RoleInfo (RoleInfo.java:shutdownFollowerState(110)) - om1: shutdown om1@group-C5BA1605619E-FollowerState
2024-05-06 08:59:20,632 [om1@group-C5BA1605619E-FollowerState] INFO  server.RaftServer$Division (RaftServerImpl.java:setRole(383)) - om1@group-C5BA1605619E: changes role from  FOLLOWER to CANDIDATE at term 0 for changeToCandidate
2024-05-06 08:59:20,632 [om1@group-C5BA1605619E-FollowerState] INFO  server.RaftServerConfigKeys (ConfUtils.java:logGet(46)) - raft.server.leaderelection.pre-vote = true (default)
2024-05-06 08:59:20,633 [om1@group-C5BA1605619E-FollowerState] INFO  impl.RoleInfo (RoleInfo.java:updateAndGet(139)) - om1: start om1@group-C5BA1605619E-LeaderElection13
2024-05-06 08:59:20,633 [om1@group-C5BA1605619E-LeaderElection13] INFO  impl.LeaderElection (LeaderElection.java:askForVotes(321)) - om1@group-C5BA1605619E-LeaderElection13 PRE_VOTE round 0: submit vote requests at term 0 for -1: peers:[om1|localhost:15060]|listeners:[], old=null
2024-05-06 08:59:20,633 [om1@group-C5BA1605619E-LeaderElection13] INFO  impl.LeaderElection (LeaderElection.java:askForVotes(323)) - om1@group-C5BA1605619E-LeaderElection13 PRE_VOTE round 0: result PASSED (term=0)
2024-05-06 08:59:20,634 [om1@group-C5BA1605619E-LeaderElection13] INFO  impl.LeaderElection (LeaderElection.java:askForVotes(321)) - om1@group-C5BA1605619E-LeaderElection13 ELECTION round 0: submit vote requests at term 1 for -1: peers:[om1|localhost:15060]|listeners:[], old=null
2024-05-06 08:59:20,635 [om1@group-C5BA1605619E-LeaderElection13] INFO  impl.LeaderElection (LeaderElection.java:askForVotes(323)) - om1@group-C5BA1605619E-LeaderElection13 ELECTION round 0: result PASSED (term=1)
2024-05-06 08:59:20,635 [om1@group-C5BA1605619E-LeaderElection13] INFO  impl.RoleInfo (RoleInfo.java:shutdownLeaderElection(130)) - om1: shutdown om1@group-C5BA1605619E-LeaderElection13
2024-05-06 08:59:20,635 [om1@group-C5BA1605619E-LeaderElection13] INFO  server.RaftServer$Division (RaftServerImpl.java:setRole(383)) - om1@group-C5BA1605619E: changes role from CANDIDATE to LEADER at term 1 for changeToLeader
2024-05-06 08:59:20,635 [om1@group-C5BA1605619E-LeaderElection13] INFO  server.RaftServerConfigKeys (ConfUtils.java:logGet(46)) - raft.server.staging.catchup.gap = 1000 (default)
2024-05-06 08:59:20,635 [om1@group-C5BA1605619E-LeaderElection13] INFO  server.RaftServerConfigKeys (ConfUtils.java:logGet(46)) - raft.server.write.element-limit = 4096 (default)
2024-05-06 08:59:20,635 [om1@group-C5BA1605619E-LeaderElection13] INFO  server.RaftServerConfigKeys (ConfUtils.java:logGet(46)) - raft.server.write.byte-limit = 64MB (=67108864) (default)
2024-05-06 08:59:20,635 [om1@group-C5BA1605619E-LeaderElection13] INFO  server.RaftServerConfigKeys (ConfUtils.java:logGet(46)) - raft.server.watch.timeout = 10s (default)
2024-05-06 08:59:20,635 [om1@group-C5BA1605619E-LeaderElection13] INFO  server.RaftServerConfigKeys (ConfUtils.java:logGet(46)) - raft.server.watch.timeout.denomination = 1s (default)
2024-05-06 08:59:20,635 [om1@group-C5BA1605619E-LeaderElection13] INFO  server.RaftServerConfigKeys (ConfUtils.java:logGet(46)) - raft.server.watch.element-limit = 65536 (default)
2024-05-06 08:59:20,636 [om1@group-C5BA1605619E-LeaderElection13] INFO  server.RaftServerConfigKeys (ConfUtils.java:logGet(46)) - raft.server.read.leader.lease.enabled = false (default)
2024-05-06 08:59:20,636 [om1@group-C5BA1605619E-LeaderElection13] INFO  server.RaftServerConfigKeys (ConfUtils.java:logGet(46)) - raft.server.read.leader.lease.timeout.ratio = 0.9 (default)
2024-05-06 08:59:20,636 [om1@group-C5BA1605619E-LeaderElection13] INFO  server.RaftServerConfigKeys (ConfUtils.java:logGet(46)) - raft.server.rpc.timeout.min = 1s (custom)
2024-05-06 08:59:20,636 [om1@group-C5BA1605619E-LeaderElection13] INFO  server.RaftServerConfigKeys (ConfUtils.java:logGet(46)) - raft.server.write.element-limit = 4096 (default)
2024-05-06 08:59:20,636 [om1@group-C5BA1605619E-LeaderElection13] INFO  server.RaftServerConfigKeys (ConfUtils.java:logGet(46)) - raft.server.write.follower.gap.ratio.max = -1.0 (default)
2024-05-06 08:59:20,636 [om1@group-C5BA1605619E-LeaderElection13] INFO  impl.RoleInfo (RoleInfo.java:updateAndGet(139)) - om1: start om1@group-C5BA1605619E-LeaderStateImpl
2024-05-06 08:59:20,636 [om1@group-C5BA1605619E-LeaderElection13] INFO  server.RaftServer$Division (RaftServerImpl.java:setFirstElection(574)) - om1@group-C5BA1605619E: set firstElectionSinceStartup to false for becomeLeader
2024-05-06 08:59:20,636 [om1@group-C5BA1605619E-LeaderElection13] INFO  server.RaftServer$Division (ServerState.java:setLeader(269)) - om1@group-C5BA1605619E: change Leader from null to om1 at term 1 for becomeLeader, leader elected after 1536ms
2024-05-06 08:59:20,636 [om1@group-C5BA1605619E-LeaderElection13] INFO  segmented.SegmentedRaftLogWorker (SegmentedRaftLogWorker.java:startLogSegment(430)) - om1@group-C5BA1605619E-SegmentedRaftLogWorker: Starting segment from index:0
2024-05-06 08:59:20,637 [om1@group-C5BA1605619E-LeaderElection13] INFO  server.RaftServer$Division (ServerState.java:setRaftConf(386)) - om1@group-C5BA1605619E: set configuration 0: peers:[om1|localhost:15060]|listeners:[], old=null
2024-05-06 08:59:20,637 [om1@group-C5BA1605619E-SegmentedRaftLogWorker] INFO  segmented.BufferedWriteChannel (BufferedWriteChannel.java:open(62)) - open log_inprogress_0 at position 0
2024-05-06 08:59:20,643 [om1@group-C5BA1605619E-SegmentedRaftLogWorker] INFO  segmented.SegmentedRaftLogWorker (SegmentedRaftLogWorker.java:execute(634)) - om1@group-C5BA1605619E-SegmentedRaftLogWorker: created new log segment /home/runner/work/ozone/ozone/hadoop-ozone/integration-test/target/test-dir/MiniOzoneClusterImpl-f8a20603-669c-41d5-94ea-e080bd68b2ef/ozone-meta/ratis/bf265839-605b-3f16-9796-c5ba1605619e/current/log_inprogress_0
2024-05-06 08:59:20,645 [om1@group-C5BA1605619E-StateMachineUpdater] INFO  ratis.OzoneManagerStateMachine (OzoneManagerStateMachine.java:notifyConfigurationChanged(212)) - Received Configuration change notification from Ratis. New Peer list:
[id: "om1"
address: "localhost:15060"
startupRole: FOLLOWER
]
2024-05-06 08:59:20,645 [om1@group-C5BA1605619E-StateMachineUpdater] INFO  server.RaftServer$Division (LeaderStateImpl.java:isApplied(320)) - leader is ready since appliedIndex == 0 >= startIndex == 0
2024-05-06 08:59:20,876 [main] INFO  ozone.MiniOzoneClusterImpl (MiniOzoneClusterImpl.java:lambda$waitForClusterToBeReady$0(194)) - Waiting for nodes to be ready. Got 0 of 5 DN Heartbeats.
2024-05-06 08:59:20,876 [main] INFO  ozone.MiniOzoneClusterImpl (MiniOzoneClusterImpl.java:lambda$waitForClusterToBeReady$0(197)) - Waiting for cluster to exit safe mode
2024-05-06 08:59:20,877 [main] INFO  ozone.MiniOzoneClusterImpl (MiniOzoneClusterImpl.java:lambda$waitForClusterToBeReady$0(199)) - SCM became leader
2024-05-06 08:59:21,605 [90b7064f-8397-4c9e-a509-54ea80c9149b-EndpointStateMachineTaskThread-/0.0.0.0:15055-0 ] INFO  utils.DatanodeStoreCache (DatanodeStoreCache.java:addDB(72)) - Added db /home/runner/work/ozone/ozone/hadoop-ozone/integration-test/target/test-dir/MiniOzoneClusterImpl-f8a20603-669c-41d5-94ea-e080bd68b2ef/ozone-meta/datanode-1/data-0/hdds/f8a20603-669c-41d5-94ea-e080bd68b2ef/DS-7185c0bd-95ed-4c6f-a70e-5f0c2c137208/container.db to cache
2024-05-06 08:59:21,605 [90b7064f-8397-4c9e-a509-54ea80c9149b-EndpointStateMachineTaskThread-/0.0.0.0:15055-0 ] INFO  volume.HddsVolume (HddsVolume.java:createDbStore(437)) - SchemaV3 db is created and loaded at /home/runner/work/ozone/ozone/hadoop-ozone/integration-test/target/test-dir/MiniOzoneClusterImpl-f8a20603-669c-41d5-94ea-e080bd68b2ef/ozone-meta/datanode-1/data-0/hdds/f8a20603-669c-41d5-94ea-e080bd68b2ef/DS-7185c0bd-95ed-4c6f-a70e-5f0c2c137208/container.db for volume DS-7185c0bd-95ed-4c6f-a70e-5f0c2c137208
2024-05-06 08:59:21,607 [90b7064f-8397-4c9e-a509-54ea80c9149b-ContainerReader-0] INFO  ozoneimpl.ContainerReader (ContainerReader.java:readVolume(148)) - Start to verify containers on volume /home/runner/work/ozone/ozone/hadoop-ozone/integration-test/target/test-dir/MiniOzoneClusterImpl-f8a20603-669c-41d5-94ea-e080bd68b2ef/ozone-meta/datanode-1/data-0/hdds
2024-05-06 08:59:21,607 [90b7064f-8397-4c9e-a509-54ea80c9149b-ContainerReader-0] INFO  ozoneimpl.ContainerReader (ContainerReader.java:readVolume(178)) - Finish verifying containers on volume /home/runner/work/ozone/ozone/hadoop-ozone/integration-test/target/test-dir/MiniOzoneClusterImpl-f8a20603-669c-41d5-94ea-e080bd68b2ef/ozone-meta/datanode-1/data-0/hdds
2024-05-06 08:59:21,607 [90b7064f-8397-4c9e-a509-54ea80c9149b-EndpointStateMachineTaskThread-/0.0.0.0:15055-0 ] INFO  ozoneimpl.OzoneContainer (OzoneContainer.java:buildContainerSet(328)) - Build ContainerSet costs 0s
2024-05-06 08:59:21,607 [90b7064f-8397-4c9e-a509-54ea80c9149b-EndpointStateMachineTaskThread-/0.0.0.0:15055-0 ] INFO  volume.ThrottledAsyncChecker (ThrottledAsyncChecker.java:schedule(141)) - Scheduling a check for /home/runner/work/ozone/ozone/hadoop-ozone/integration-test/target/test-dir/MiniOzoneClusterImpl-f8a20603-669c-41d5-94ea-e080bd68b2ef/ozone-meta/datanode-1/data-0/hdds
2024-05-06 08:59:21,607 [90b7064f-8397-4c9e-a509-54ea80c9149b-EndpointStateMachineTaskThread-/0.0.0.0:15055-0 ] INFO  volume.StorageVolumeChecker (StorageVolumeChecker.java:checkAllVolumes(218)) - Scheduled health check for volume /home/runner/work/ozone/ozone/hadoop-ozone/integration-test/target/test-dir/MiniOzoneClusterImpl-f8a20603-669c-41d5-94ea-e080bd68b2ef/ozone-meta/datanode-1/data-0/hdds
2024-05-06 08:59:21,608 [90b7064f-8397-4c9e-a509-54ea80c9149b-EndpointStateMachineTaskThread-/0.0.0.0:15055-0 ] INFO  volume.ThrottledAsyncChecker (ThrottledAsyncChecker.java:schedule(141)) - Scheduling a check for /home/runner/work/ozone/ozone/hadoop-ozone/integration-test/target/test-dir/MiniOzoneClusterImpl-f8a20603-669c-41d5-94ea-e080bd68b2ef/ozone-meta/datanode-1/ratis
2024-05-06 08:59:21,608 [90b7064f-8397-4c9e-a509-54ea80c9149b-EndpointStateMachineTaskThread-/0.0.0.0:15055-0 ] INFO  volume.StorageVolumeChecker (StorageVolumeChecker.java:checkAllVolumes(218)) - Scheduled health check for volume /home/runner/work/ozone/ozone/hadoop-ozone/integration-test/target/test-dir/MiniOzoneClusterImpl-f8a20603-669c-41d5-94ea-e080bd68b2ef/ozone-meta/datanode-1/ratis
2024-05-06 08:59:21,609 [90b7064f-8397-4c9e-a509-54ea80c9149b-EndpointStateMachineTaskThread-/0.0.0.0:15055-0 ] INFO  ozoneimpl.OzoneContainer (OzoneContainer.java:start(459)) - Attempting to start container services.
2024-05-06 08:59:21,609 [ContainerMetadataScanner] INFO  ozoneimpl.AbstractBackgroundContainerScanner (AbstractBackgroundContainerScanner.java:runIteration(87)) - Completed an iteration in 0 minutes. Number of iterations (since the data-node restart) : 1, Number of containers scanned in this iteration : 0, Number of unhealthy containers found in this iteration : 0
2024-05-06 08:59:21,610 [ContainerDataScanner(/home/runner/work/ozone/ozone/hadoop-ozone/integration-test/target/test-dir/MiniOzoneClusterImpl-f8a20603-669c-41d5-94ea-e080bd68b2ef/ozone-meta/datanode-1/data-0/hdds)] INFO  ozoneimpl.AbstractBackgroundContainerScanner (AbstractBackgroundContainerScanner.java:runIteration(87)) - Completed an iteration in 0 minutes. Number of iterations (since the data-node restart) : 1, Number of containers scanned in this iteration : 0, Number of unhealthy containers found in this iteration : 0
2024-05-06 08:59:21,610 [90b7064f-8397-4c9e-a509-54ea80c9149b-EndpointStateMachineTaskThread-/0.0.0.0:15055-0 ] INFO  replication.ReplicationServer (ReplicationServer.java:start(142)) - ReplicationServer is started using port 15069
2024-05-06 08:59:21,610 [90b7064f-8397-4c9e-a509-54ea80c9149b-EndpointStateMachineTaskThread-/0.0.0.0:15055-0 ] INFO  ratis.XceiverServerRatis (XceiverServerRatis.java:start(566)) - Starting XceiverServerRatis 90b7064f-8397-4c9e-a509-54ea80c9149b
2024-05-06 08:59:21,611 [90b7064f-8397-4c9e-a509-54ea80c9149b-EndpointStateMachineTaskThread-/0.0.0.0:15055-0 ] INFO  server.RaftServer (RaftServerProxy.java:startImpl(406)) - 90b7064f-8397-4c9e-a509-54ea80c9149b: start RPC server
2024-05-06 08:59:21,611 [90b7064f-8397-4c9e-a509-54ea80c9149b-EndpointStateMachineTaskThread-/0.0.0.0:15055-0 ] INFO  server.GrpcService (GrpcService.java:startImpl(302)) - 90b7064f-8397-4c9e-a509-54ea80c9149b: GrpcService started, listening on 15065
2024-05-06 08:59:21,611 [90b7064f-8397-4c9e-a509-54ea80c9149b-EndpointStateMachineTaskThread-/0.0.0.0:15055-0 ] INFO  server.GrpcService (GrpcService.java:startImpl(302)) - 90b7064f-8397-4c9e-a509-54ea80c9149b: GrpcService started, listening on 15067
2024-05-06 08:59:21,612 [90b7064f-8397-4c9e-a509-54ea80c9149b-EndpointStateMachineTaskThread-/0.0.0.0:15055-0 ] INFO  server.GrpcService (GrpcService.java:startImpl(302)) - 90b7064f-8397-4c9e-a509-54ea80c9149b: GrpcService started, listening on 15066
2024-05-06 08:59:21,612 [90b7064f-8397-4c9e-a509-54ea80c9149b-EndpointStateMachineTaskThread-/0.0.0.0:15055-0 ] INFO  ratis.XceiverServerRatis (XceiverServerRatis.java:getRealPort(592)) - XceiverServerRatis 90b7064f-8397-4c9e-a509-54ea80c9149b is started using port 15065 for RATIS
2024-05-06 08:59:21,612 [90b7064f-8397-4c9e-a509-54ea80c9149b-EndpointStateMachineTaskThread-/0.0.0.0:15055-0 ] INFO  ratis.XceiverServerRatis (XceiverServerRatis.java:getRealPort(592)) - XceiverServerRatis 90b7064f-8397-4c9e-a509-54ea80c9149b is started using port 15066 for RATIS_ADMIN
2024-05-06 08:59:21,612 [90b7064f-8397-4c9e-a509-54ea80c9149b-EndpointStateMachineTaskThread-/0.0.0.0:15055-0 ] INFO  ratis.XceiverServerRatis (XceiverServerRatis.java:getRealPort(592)) - XceiverServerRatis 90b7064f-8397-4c9e-a509-54ea80c9149b is started using port 15067 for RATIS_SERVER
2024-05-06 08:59:21,612 [90b7064f-8397-4c9e-a509-54ea80c9149b-EndpointStateMachineTaskThread-/0.0.0.0:15055-0 ] INFO  ratis.XceiverServerRatis (XceiverServerRatis.java:getRealPort(592)) - XceiverServerRatis 90b7064f-8397-4c9e-a509-54ea80c9149b is started using port 15068 for RATIS_DATASTREAM
2024-05-06 08:59:21,612 [JvmPauseMonitor9] INFO  util.JvmPauseMonitor (JvmPauseMonitor.java:run(146)) - JvmPauseMonitor-90b7064f-8397-4c9e-a509-54ea80c9149b: Started
2024-05-06 08:59:21,613 [90b7064f-8397-4c9e-a509-54ea80c9149b-BlockDeletingService#0] INFO  interfaces.ContainerDeletionChoosingPolicyTemplate (ContainerDeletionChoosingPolicyTemplate.java:chooseContainerForBlockDeletion(85)) - Chosen 0/5000 blocks from 0 candidate containers.
2024-05-06 08:59:21,666 [784e0075-095e-4f49-808e-af9ec74479d6-EndpointStateMachineTaskThread-/0.0.0.0:15055-0 ] INFO  utils.DatanodeStoreCache (DatanodeStoreCache.java:addDB(72)) - Added db /home/runner/work/ozone/ozone/hadoop-ozone/integration-test/target/test-dir/MiniOzoneClusterImpl-f8a20603-669c-41d5-94ea-e080bd68b2ef/ozone-meta/datanode-2/data-0/hdds/f8a20603-669c-41d5-94ea-e080bd68b2ef/DS-c8132939-4c8d-4f74-a73d-2bc9dca2d4c3/container.db to cache
2024-05-06 08:59:21,666 [784e0075-095e-4f49-808e-af9ec74479d6-EndpointStateMachineTaskThread-/0.0.0.0:15055-0 ] INFO  volume.HddsVolume (HddsVolume.java:createDbStore(437)) - SchemaV3 db is created and loaded at /home/runner/work/ozone/ozone/hadoop-ozone/integration-test/target/test-dir/MiniOzoneClusterImpl-f8a20603-669c-41d5-94ea-e080bd68b2ef/ozone-meta/datanode-2/data-0/hdds/f8a20603-669c-41d5-94ea-e080bd68b2ef/DS-c8132939-4c8d-4f74-a73d-2bc9dca2d4c3/container.db for volume DS-c8132939-4c8d-4f74-a73d-2bc9dca2d4c3
2024-05-06 08:59:21,668 [784e0075-095e-4f49-808e-af9ec74479d6-ContainerReader-0] INFO  ozoneimpl.ContainerReader (ContainerReader.java:readVolume(148)) - Start to verify containers on volume /home/runner/work/ozone/ozone/hadoop-ozone/integration-test/target/test-dir/MiniOzoneClusterImpl-f8a20603-669c-41d5-94ea-e080bd68b2ef/ozone-meta/datanode-2/data-0/hdds
2024-05-06 08:59:21,668 [784e0075-095e-4f49-808e-af9ec74479d6-ContainerReader-0] INFO  ozoneimpl.ContainerReader (ContainerReader.java:readVolume(178)) - Finish verifying containers on volume /home/runner/work/ozone/ozone/hadoop-ozone/integration-test/target/test-dir/MiniOzoneClusterImpl-f8a20603-669c-41d5-94ea-e080bd68b2ef/ozone-meta/datanode-2/data-0/hdds
2024-05-06 08:59:21,668 [784e0075-095e-4f49-808e-af9ec74479d6-EndpointStateMachineTaskThread-/0.0.0.0:15055-0 ] INFO  ozoneimpl.OzoneContainer (OzoneContainer.java:buildContainerSet(328)) - Build ContainerSet costs 0s
2024-05-06 08:59:21,668 [784e0075-095e-4f49-808e-af9ec74479d6-EndpointStateMachineTaskThread-/0.0.0.0:15055-0 ] INFO  volume.ThrottledAsyncChecker (ThrottledAsyncChecker.java:schedule(141)) - Scheduling a check for /home/runner/work/ozone/ozone/hadoop-ozone/integration-test/target/test-dir/MiniOzoneClusterImpl-f8a20603-669c-41d5-94ea-e080bd68b2ef/ozone-meta/datanode-2/data-0/hdds
2024-05-06 08:59:21,669 [784e0075-095e-4f49-808e-af9ec74479d6-EndpointStateMachineTaskThread-/0.0.0.0:15055-0 ] INFO  volume.StorageVolumeChecker (StorageVolumeChecker.java:checkAllVolumes(218)) - Scheduled health check for volume /home/runner/work/ozone/ozone/hadoop-ozone/integration-test/target/test-dir/MiniOzoneClusterImpl-f8a20603-669c-41d5-94ea-e080bd68b2ef/ozone-meta/datanode-2/data-0/hdds
2024-05-06 08:59:21,670 [784e0075-095e-4f49-808e-af9ec74479d6-EndpointStateMachineTaskThread-/0.0.0.0:15055-0 ] INFO  volume.ThrottledAsyncChecker (ThrottledAsyncChecker.java:schedule(141)) - Scheduling a check for /home/runner/work/ozone/ozone/hadoop-ozone/integration-test/target/test-dir/MiniOzoneClusterImpl-f8a20603-669c-41d5-94ea-e080bd68b2ef/ozone-meta/datanode-2/ratis
2024-05-06 08:59:21,670 [784e0075-095e-4f49-808e-af9ec74479d6-EndpointStateMachineTaskThread-/0.0.0.0:15055-0 ] INFO  volume.StorageVolumeChecker (StorageVolumeChecker.java:checkAllVolumes(218)) - Scheduled health check for volume /home/runner/work/ozone/ozone/hadoop-ozone/integration-test/target/test-dir/MiniOzoneClusterImpl-f8a20603-669c-41d5-94ea-e080bd68b2ef/ozone-meta/datanode-2/ratis
2024-05-06 08:59:21,671 [784e0075-095e-4f49-808e-af9ec74479d6-EndpointStateMachineTaskThread-/0.0.0.0:15055-0 ] INFO  ozoneimpl.OzoneContainer (OzoneContainer.java:start(459)) - Attempting to start container services.
2024-05-06 08:59:21,671 [784e0075-095e-4f49-808e-af9ec74479d6-EndpointStateMachineTaskThread-/0.0.0.0:15055-0 ] WARN  ozoneimpl.OnDemandContainerDataScanner (OnDemandContainerDataScanner.java:init(75)) - Trying to initialize on demand scanner a second time on a datanode.
2024-05-06 08:59:21,671 [ContainerMetadataScanner] INFO  ozoneimpl.AbstractBackgroundContainerScanner (AbstractBackgroundContainerScanner.java:runIteration(87)) - Completed an iteration in 0 minutes. Number of iterations (since the data-node restart) : 1, Number of containers scanned in this iteration : 0, Number of unhealthy containers found in this iteration : 0
2024-05-06 08:59:21,672 [784e0075-095e-4f49-808e-af9ec74479d6-EndpointStateMachineTaskThread-/0.0.0.0:15055-0 ] INFO  replication.ReplicationServer (ReplicationServer.java:start(142)) - ReplicationServer is started using port 15078
2024-05-06 08:59:21,672 [784e0075-095e-4f49-808e-af9ec74479d6-EndpointStateMachineTaskThread-/0.0.0.0:15055-0 ] INFO  ratis.XceiverServerRatis (XceiverServerRatis.java:start(566)) - Starting XceiverServerRatis 784e0075-095e-4f49-808e-af9ec74479d6
2024-05-06 08:59:21,672 [ContainerDataScanner(/home/runner/work/ozone/ozone/hadoop-ozone/integration-test/target/test-dir/MiniOzoneClusterImpl-f8a20603-669c-41d5-94ea-e080bd68b2ef/ozone-meta/datanode-2/data-0/hdds)] INFO  ozoneimpl.AbstractBackgroundContainerScanner (AbstractBackgroundContainerScanner.java:runIteration(87)) - Completed an iteration in 0 minutes. Number of iterations (since the data-node restart) : 1, Number of containers scanned in this iteration : 0, Number of unhealthy containers found in this iteration : 0
2024-05-06 08:59:21,675 [784e0075-095e-4f49-808e-af9ec74479d6-EndpointStateMachineTaskThread-/0.0.0.0:15055-0 ] INFO  server.RaftServer (RaftServerProxy.java:startImpl(406)) - 784e0075-095e-4f49-808e-af9ec74479d6: start RPC server
2024-05-06 08:59:21,675 [784e0075-095e-4f49-808e-af9ec74479d6-EndpointStateMachineTaskThread-/0.0.0.0:15055-0 ] INFO  server.GrpcService (GrpcService.java:startImpl(302)) - 784e0075-095e-4f49-808e-af9ec74479d6: GrpcService started, listening on 15074
2024-05-06 08:59:21,676 [784e0075-095e-4f49-808e-af9ec74479d6-EndpointStateMachineTaskThread-/0.0.0.0:15055-0 ] INFO  server.GrpcService (GrpcService.java:startImpl(302)) - 784e0075-095e-4f49-808e-af9ec74479d6: GrpcService started, listening on 15076
2024-05-06 08:59:21,676 [784e0075-095e-4f49-808e-af9ec74479d6-EndpointStateMachineTaskThread-/0.0.0.0:15055-0 ] INFO  server.GrpcService (GrpcService.java:startImpl(302)) - 784e0075-095e-4f49-808e-af9ec74479d6: GrpcService started, listening on 15075
2024-05-06 08:59:21,683 [784e0075-095e-4f49-808e-af9ec74479d6-EndpointStateMachineTaskThread-/0.0.0.0:15055-0 ] INFO  ratis.XceiverServerRatis (XceiverServerRatis.java:getRealPort(592)) - XceiverServerRatis 784e0075-095e-4f49-808e-af9ec74479d6 is started using port 15074 for RATIS
2024-05-06 08:59:21,683 [784e0075-095e-4f49-808e-af9ec74479d6-EndpointStateMachineTaskThread-/0.0.0.0:15055-0 ] INFO  ratis.XceiverServerRatis (XceiverServerRatis.java:getRealPort(592)) - XceiverServerRatis 784e0075-095e-4f49-808e-af9ec74479d6 is started using port 15075 for RATIS_ADMIN
2024-05-06 08:59:21,683 [784e0075-095e-4f49-808e-af9ec74479d6-EndpointStateMachineTaskThread-/0.0.0.0:15055-0 ] INFO  ratis.XceiverServerRatis (XceiverServerRatis.java:getRealPort(592)) - XceiverServerRatis 784e0075-095e-4f49-808e-af9ec74479d6 is started using port 15076 for RATIS_SERVER
2024-05-06 08:59:21,683 [784e0075-095e-4f49-808e-af9ec74479d6-EndpointStateMachineTaskThread-/0.0.0.0:15055-0 ] INFO  ratis.XceiverServerRatis (XceiverServerRatis.java:getRealPort(592)) - XceiverServerRatis 784e0075-095e-4f49-808e-af9ec74479d6 is started using port 15077 for RATIS_DATASTREAM
2024-05-06 08:59:21,683 [JvmPauseMonitor10] INFO  util.JvmPauseMonitor (JvmPauseMonitor.java:run(146)) - JvmPauseMonitor-784e0075-095e-4f49-808e-af9ec74479d6: Started
2024-05-06 08:59:21,689 [784e0075-095e-4f49-808e-af9ec74479d6-BlockDeletingService#0] INFO  interfaces.ContainerDeletionChoosingPolicyTemplate (ContainerDeletionChoosingPolicyTemplate.java:chooseContainerForBlockDeletion(85)) - Chosen 0/5000 blocks from 0 candidate containers.
2024-05-06 08:59:21,748 [0e9e7d01-6cef-4822-a23d-4188eb8fb4d0-EndpointStateMachineTaskThread-/0.0.0.0:15055-0 ] INFO  utils.DatanodeStoreCache (DatanodeStoreCache.java:addDB(72)) - Added db /home/runner/work/ozone/ozone/hadoop-ozone/integration-test/target/test-dir/MiniOzoneClusterImpl-f8a20603-669c-41d5-94ea-e080bd68b2ef/ozone-meta/datanode-3/data-0/hdds/f8a20603-669c-41d5-94ea-e080bd68b2ef/DS-45e862b6-aeed-4f8f-9e9e-19bf4ef9ac42/container.db to cache
2024-05-06 08:59:21,748 [0e9e7d01-6cef-4822-a23d-4188eb8fb4d0-EndpointStateMachineTaskThread-/0.0.0.0:15055-0 ] INFO  volume.HddsVolume (HddsVolume.java:createDbStore(437)) - SchemaV3 db is created and loaded at /home/runner/work/ozone/ozone/hadoop-ozone/integration-test/target/test-dir/MiniOzoneClusterImpl-f8a20603-669c-41d5-94ea-e080bd68b2ef/ozone-meta/datanode-3/data-0/hdds/f8a20603-669c-41d5-94ea-e080bd68b2ef/DS-45e862b6-aeed-4f8f-9e9e-19bf4ef9ac42/container.db for volume DS-45e862b6-aeed-4f8f-9e9e-19bf4ef9ac42
2024-05-06 08:59:21,750 [0e9e7d01-6cef-4822-a23d-4188eb8fb4d0-ContainerReader-0] INFO  ozoneimpl.ContainerReader (ContainerReader.java:readVolume(148)) - Start to verify containers on volume /home/runner/work/ozone/ozone/hadoop-ozone/integration-test/target/test-dir/MiniOzoneClusterImpl-f8a20603-669c-41d5-94ea-e080bd68b2ef/ozone-meta/datanode-3/data-0/hdds
2024-05-06 08:59:21,750 [0e9e7d01-6cef-4822-a23d-4188eb8fb4d0-ContainerReader-0] INFO  ozoneimpl.ContainerReader (ContainerReader.java:readVolume(178)) - Finish verifying containers on volume /home/runner/work/ozone/ozone/hadoop-ozone/integration-test/target/test-dir/MiniOzoneClusterImpl-f8a20603-669c-41d5-94ea-e080bd68b2ef/ozone-meta/datanode-3/data-0/hdds
2024-05-06 08:59:21,750 [0e9e7d01-6cef-4822-a23d-4188eb8fb4d0-EndpointStateMachineTaskThread-/0.0.0.0:15055-0 ] INFO  ozoneimpl.OzoneContainer (OzoneContainer.java:buildContainerSet(328)) - Build ContainerSet costs 0s
2024-05-06 08:59:21,750 [0e9e7d01-6cef-4822-a23d-4188eb8fb4d0-EndpointStateMachineTaskThread-/0.0.0.0:15055-0 ] INFO  volume.ThrottledAsyncChecker (ThrottledAsyncChecker.java:schedule(141)) - Scheduling a check for /home/runner/work/ozone/ozone/hadoop-ozone/integration-test/target/test-dir/MiniOzoneClusterImpl-f8a20603-669c-41d5-94ea-e080bd68b2ef/ozone-meta/datanode-3/data-0/hdds
2024-05-06 08:59:21,756 [0e9e7d01-6cef-4822-a23d-4188eb8fb4d0-EndpointStateMachineTaskThread-/0.0.0.0:15055-0 ] INFO  volume.StorageVolumeChecker (StorageVolumeChecker.java:checkAllVolumes(218)) - Scheduled health check for volume /home/runner/work/ozone/ozone/hadoop-ozone/integration-test/target/test-dir/MiniOzoneClusterImpl-f8a20603-669c-41d5-94ea-e080bd68b2ef/ozone-meta/datanode-3/data-0/hdds
2024-05-06 08:59:21,756 [0e9e7d01-6cef-4822-a23d-4188eb8fb4d0-EndpointStateMachineTaskThread-/0.0.0.0:15055-0 ] INFO  volume.ThrottledAsyncChecker (ThrottledAsyncChecker.java:schedule(141)) - Scheduling a check for /home/runner/work/ozone/ozone/hadoop-ozone/integration-test/target/test-dir/MiniOzoneClusterImpl-f8a20603-669c-41d5-94ea-e080bd68b2ef/ozone-meta/datanode-3/ratis
2024-05-06 08:59:21,756 [0e9e7d01-6cef-4822-a23d-4188eb8fb4d0-EndpointStateMachineTaskThread-/0.0.0.0:15055-0 ] INFO  volume.StorageVolumeChecker (StorageVolumeChecker.java:checkAllVolumes(218)) - Scheduled health check for volume /home/runner/work/ozone/ozone/hadoop-ozone/integration-test/target/test-dir/MiniOzoneClusterImpl-f8a20603-669c-41d5-94ea-e080bd68b2ef/ozone-meta/datanode-3/ratis
2024-05-06 08:59:21,757 [0e9e7d01-6cef-4822-a23d-4188eb8fb4d0-EndpointStateMachineTaskThread-/0.0.0.0:15055-0 ] INFO  ozoneimpl.OzoneContainer (OzoneContainer.java:start(459)) - Attempting to start container services.
2024-05-06 08:59:21,758 [0e9e7d01-6cef-4822-a23d-4188eb8fb4d0-EndpointStateMachineTaskThread-/0.0.0.0:15055-0 ] WARN  ozoneimpl.OnDemandContainerDataScanner (OnDemandContainerDataScanner.java:init(75)) - Trying to initialize on demand scanner a second time on a datanode.
2024-05-06 08:59:21,758 [ContainerMetadataScanner] INFO  ozoneimpl.AbstractBackgroundContainerScanner (AbstractBackgroundContainerScanner.java:runIteration(87)) - Completed an iteration in 0 minutes. Number of iterations (since the data-node restart) : 1, Number of containers scanned in this iteration : 0, Number of unhealthy containers found in this iteration : 0
2024-05-06 08:59:21,759 [ContainerDataScanner(/home/runner/work/ozone/ozone/hadoop-ozone/integration-test/target/test-dir/MiniOzoneClusterImpl-f8a20603-669c-41d5-94ea-e080bd68b2ef/ozone-meta/datanode-3/data-0/hdds)] INFO  ozoneimpl.AbstractBackgroundContainerScanner (AbstractBackgroundContainerScanner.java:runIteration(87)) - Completed an iteration in 0 minutes. Number of iterations (since the data-node restart) : 1, Number of containers scanned in this iteration : 0, Number of unhealthy containers found in this iteration : 0
2024-05-06 08:59:21,760 [0e9e7d01-6cef-4822-a23d-4188eb8fb4d0-EndpointStateMachineTaskThread-/0.0.0.0:15055-0 ] INFO  replication.ReplicationServer (ReplicationServer.java:start(142)) - ReplicationServer is started using port 15087
2024-05-06 08:59:21,760 [0e9e7d01-6cef-4822-a23d-4188eb8fb4d0-EndpointStateMachineTaskThread-/0.0.0.0:15055-0 ] INFO  ratis.XceiverServerRatis (XceiverServerRatis.java:start(566)) - Starting XceiverServerRatis 0e9e7d01-6cef-4822-a23d-4188eb8fb4d0
2024-05-06 08:59:21,760 [0e9e7d01-6cef-4822-a23d-4188eb8fb4d0-EndpointStateMachineTaskThread-/0.0.0.0:15055-0 ] INFO  server.RaftServer (RaftServerProxy.java:startImpl(406)) - 0e9e7d01-6cef-4822-a23d-4188eb8fb4d0: start RPC server
2024-05-06 08:59:21,761 [0e9e7d01-6cef-4822-a23d-4188eb8fb4d0-EndpointStateMachineTaskThread-/0.0.0.0:15055-0 ] INFO  server.GrpcService (GrpcService.java:startImpl(302)) - 0e9e7d01-6cef-4822-a23d-4188eb8fb4d0: GrpcService started, listening on 15083
2024-05-06 08:59:21,761 [0e9e7d01-6cef-4822-a23d-4188eb8fb4d0-EndpointStateMachineTaskThread-/0.0.0.0:15055-0 ] INFO  server.GrpcService (GrpcService.java:startImpl(302)) - 0e9e7d01-6cef-4822-a23d-4188eb8fb4d0: GrpcService started, listening on 15085
2024-05-06 08:59:21,761 [0e9e7d01-6cef-4822-a23d-4188eb8fb4d0-EndpointStateMachineTaskThread-/0.0.0.0:15055-0 ] INFO  server.GrpcService (GrpcService.java:startImpl(302)) - 0e9e7d01-6cef-4822-a23d-4188eb8fb4d0: GrpcService started, listening on 15084
2024-05-06 08:59:21,762 [0e9e7d01-6cef-4822-a23d-4188eb8fb4d0-EndpointStateMachineTaskThread-/0.0.0.0:15055-0 ] INFO  ratis.XceiverServerRatis (XceiverServerRatis.java:getRealPort(592)) - XceiverServerRatis 0e9e7d01-6cef-4822-a23d-4188eb8fb4d0 is started using port 15083 for RATIS
2024-05-06 08:59:21,762 [0e9e7d01-6cef-4822-a23d-4188eb8fb4d0-EndpointStateMachineTaskThread-/0.0.0.0:15055-0 ] INFO  ratis.XceiverServerRatis (XceiverServerRatis.java:getRealPort(592)) - XceiverServerRatis 0e9e7d01-6cef-4822-a23d-4188eb8fb4d0 is started using port 15084 for RATIS_ADMIN
2024-05-06 08:59:21,762 [0e9e7d01-6cef-4822-a23d-4188eb8fb4d0-EndpointStateMachineTaskThread-/0.0.0.0:15055-0 ] INFO  ratis.XceiverServerRatis (XceiverServerRatis.java:getRealPort(592)) - XceiverServerRatis 0e9e7d01-6cef-4822-a23d-4188eb8fb4d0 is started using port 15085 for RATIS_SERVER
2024-05-06 08:59:21,762 [0e9e7d01-6cef-4822-a23d-4188eb8fb4d0-EndpointStateMachineTaskThread-/0.0.0.0:15055-0 ] INFO  ratis.XceiverServerRatis (XceiverServerRatis.java:getRealPort(592)) - XceiverServerRatis 0e9e7d01-6cef-4822-a23d-4188eb8fb4d0 is started using port 15086 for RATIS_DATASTREAM
2024-05-06 08:59:21,762 [JvmPauseMonitor11] INFO  util.JvmPauseMonitor (JvmPauseMonitor.java:run(146)) - JvmPauseMonitor-0e9e7d01-6cef-4822-a23d-4188eb8fb4d0: Started
2024-05-06 08:59:21,763 [0e9e7d01-6cef-4822-a23d-4188eb8fb4d0-BlockDeletingService#0] INFO  interfaces.ContainerDeletionChoosingPolicyTemplate (ContainerDeletionChoosingPolicyTemplate.java:chooseContainerForBlockDeletion(85)) - Chosen 0/5000 blocks from 0 candidate containers.
2024-05-06 08:59:21,830 [2bd728a8-2257-45fc-a304-d79856c752fc-EndpointStateMachineTaskThread-/0.0.0.0:15055-0 ] INFO  utils.DatanodeStoreCache (DatanodeStoreCache.java:addDB(72)) - Added db /home/runner/work/ozone/ozone/hadoop-ozone/integration-test/target/test-dir/MiniOzoneClusterImpl-f8a20603-669c-41d5-94ea-e080bd68b2ef/ozone-meta/datanode-4/data-0/hdds/f8a20603-669c-41d5-94ea-e080bd68b2ef/DS-fd172fcf-7bc3-4fcd-aa5c-1e9a552bd511/container.db to cache
2024-05-06 08:59:21,830 [2bd728a8-2257-45fc-a304-d79856c752fc-EndpointStateMachineTaskThread-/0.0.0.0:15055-0 ] INFO  volume.HddsVolume (HddsVolume.java:createDbStore(437)) - SchemaV3 db is created and loaded at /home/runner/work/ozone/ozone/hadoop-ozone/integration-test/target/test-dir/MiniOzoneClusterImpl-f8a20603-669c-41d5-94ea-e080bd68b2ef/ozone-meta/datanode-4/data-0/hdds/f8a20603-669c-41d5-94ea-e080bd68b2ef/DS-fd172fcf-7bc3-4fcd-aa5c-1e9a552bd511/container.db for volume DS-fd172fcf-7bc3-4fcd-aa5c-1e9a552bd511
2024-05-06 08:59:21,831 [2bd728a8-2257-45fc-a304-d79856c752fc-ContainerReader-0] INFO  ozoneimpl.ContainerReader (ContainerReader.java:readVolume(148)) - Start to verify containers on volume /home/runner/work/ozone/ozone/hadoop-ozone/integration-test/target/test-dir/MiniOzoneClusterImpl-f8a20603-669c-41d5-94ea-e080bd68b2ef/ozone-meta/datanode-4/data-0/hdds
2024-05-06 08:59:21,831 [2bd728a8-2257-45fc-a304-d79856c752fc-ContainerReader-0] INFO  ozoneimpl.ContainerReader (ContainerReader.java:readVolume(178)) - Finish verifying containers on volume /home/runner/work/ozone/ozone/hadoop-ozone/integration-test/target/test-dir/MiniOzoneClusterImpl-f8a20603-669c-41d5-94ea-e080bd68b2ef/ozone-meta/datanode-4/data-0/hdds
2024-05-06 08:59:21,831 [2bd728a8-2257-45fc-a304-d79856c752fc-EndpointStateMachineTaskThread-/0.0.0.0:15055-0 ] INFO  ozoneimpl.OzoneContainer (OzoneContainer.java:buildContainerSet(328)) - Build ContainerSet costs 0s
2024-05-06 08:59:21,832 [2bd728a8-2257-45fc-a304-d79856c752fc-EndpointStateMachineTaskThread-/0.0.0.0:15055-0 ] INFO  volume.ThrottledAsyncChecker (ThrottledAsyncChecker.java:schedule(141)) - Scheduling a check for /home/runner/work/ozone/ozone/hadoop-ozone/integration-test/target/test-dir/MiniOzoneClusterImpl-f8a20603-669c-41d5-94ea-e080bd68b2ef/ozone-meta/datanode-4/data-0/hdds
2024-05-06 08:59:21,832 [2bd728a8-2257-45fc-a304-d79856c752fc-EndpointStateMachineTaskThread-/0.0.0.0:15055-0 ] INFO  volume.StorageVolumeChecker (StorageVolumeChecker.java:checkAllVolumes(218)) - Scheduled health check for volume /home/runner/work/ozone/ozone/hadoop-ozone/integration-test/target/test-dir/MiniOzoneClusterImpl-f8a20603-669c-41d5-94ea-e080bd68b2ef/ozone-meta/datanode-4/data-0/hdds
2024-05-06 08:59:21,833 [2bd728a8-2257-45fc-a304-d79856c752fc-EndpointStateMachineTaskThread-/0.0.0.0:15055-0 ] INFO  volume.ThrottledAsyncChecker (ThrottledAsyncChecker.java:schedule(141)) - Scheduling a check for /home/runner/work/ozone/ozone/hadoop-ozone/integration-test/target/test-dir/MiniOzoneClusterImpl-f8a20603-669c-41d5-94ea-e080bd68b2ef/ozone-meta/datanode-4/ratis
2024-05-06 08:59:21,833 [2bd728a8-2257-45fc-a304-d79856c752fc-EndpointStateMachineTaskThread-/0.0.0.0:15055-0 ] INFO  volume.StorageVolumeChecker (StorageVolumeChecker.java:checkAllVolumes(218)) - Scheduled health check for volume /home/runner/work/ozone/ozone/hadoop-ozone/integration-test/target/test-dir/MiniOzoneClusterImpl-f8a20603-669c-41d5-94ea-e080bd68b2ef/ozone-meta/datanode-4/ratis
2024-05-06 08:59:21,834 [2bd728a8-2257-45fc-a304-d79856c752fc-EndpointStateMachineTaskThread-/0.0.0.0:15055-0 ] INFO  ozoneimpl.OzoneContainer (OzoneContainer.java:start(459)) - Attempting to start container services.
2024-05-06 08:59:21,834 [2bd728a8-2257-45fc-a304-d79856c752fc-EndpointStateMachineTaskThread-/0.0.0.0:15055-0 ] WARN  ozoneimpl.OnDemandContainerDataScanner (OnDemandContainerDataScanner.java:init(75)) - Trying to initialize on demand scanner a second time on a datanode.
2024-05-06 08:59:21,834 [ContainerMetadataScanner] INFO  ozoneimpl.AbstractBackgroundContainerScanner (AbstractBackgroundContainerScanner.java:runIteration(87)) - Completed an iteration in 0 minutes. Number of iterations (since the data-node restart) : 1, Number of containers scanned in this iteration : 0, Number of unhealthy containers found in this iteration : 0
2024-05-06 08:59:21,835 [2bd728a8-2257-45fc-a304-d79856c752fc-EndpointStateMachineTaskThread-/0.0.0.0:15055-0 ] INFO  replication.ReplicationServer (ReplicationServer.java:start(142)) - ReplicationServer is started using port 15096
2024-05-06 08:59:21,835 [ContainerDataScanner(/home/runner/work/ozone/ozone/hadoop-ozone/integration-test/target/test-dir/MiniOzoneClusterImpl-f8a20603-669c-41d5-94ea-e080bd68b2ef/ozone-meta/datanode-4/data-0/hdds)] INFO  ozoneimpl.AbstractBackgroundContainerScanner (AbstractBackgroundContainerScanner.java:runIteration(87)) - Completed an iteration in 0 minutes. Number of iterations (since the data-node restart) : 1, Number of containers scanned in this iteration : 0, Number of unhealthy containers found in this iteration : 0
2024-05-06 08:59:21,835 [2bd728a8-2257-45fc-a304-d79856c752fc-EndpointStateMachineTaskThread-/0.0.0.0:15055-0 ] INFO  ratis.XceiverServerRatis (XceiverServerRatis.java:start(566)) - Starting XceiverServerRatis 2bd728a8-2257-45fc-a304-d79856c752fc
2024-05-06 08:59:21,838 [2bd728a8-2257-45fc-a304-d79856c752fc-EndpointStateMachineTaskThread-/0.0.0.0:15055-0 ] INFO  server.RaftServer (RaftServerProxy.java:startImpl(406)) - 2bd728a8-2257-45fc-a304-d79856c752fc: start RPC server
2024-05-06 08:59:21,838 [2bd728a8-2257-45fc-a304-d79856c752fc-EndpointStateMachineTaskThread-/0.0.0.0:15055-0 ] INFO  server.GrpcService (GrpcService.java:startImpl(302)) - 2bd728a8-2257-45fc-a304-d79856c752fc: GrpcService started, listening on 15092
2024-05-06 08:59:21,839 [2bd728a8-2257-45fc-a304-d79856c752fc-EndpointStateMachineTaskThread-/0.0.0.0:15055-0 ] INFO  server.GrpcService (GrpcService.java:startImpl(302)) - 2bd728a8-2257-45fc-a304-d79856c752fc: GrpcService started, listening on 15094
2024-05-06 08:59:21,839 [2bd728a8-2257-45fc-a304-d79856c752fc-EndpointStateMachineTaskThread-/0.0.0.0:15055-0 ] INFO  server.GrpcService (GrpcService.java:startImpl(302)) - 2bd728a8-2257-45fc-a304-d79856c752fc: GrpcService started, listening on 15093
2024-05-06 08:59:21,839 [2bd728a8-2257-45fc-a304-d79856c752fc-EndpointStateMachineTaskThread-/0.0.0.0:15055-0 ] INFO  ratis.XceiverServerRatis (XceiverServerRatis.java:getRealPort(592)) - XceiverServerRatis 2bd728a8-2257-45fc-a304-d79856c752fc is started using port 15092 for RATIS
2024-05-06 08:59:21,839 [2bd728a8-2257-45fc-a304-d79856c752fc-EndpointStateMachineTaskThread-/0.0.0.0:15055-0 ] INFO  ratis.XceiverServerRatis (XceiverServerRatis.java:getRealPort(592)) - XceiverServerRatis 2bd728a8-2257-45fc-a304-d79856c752fc is started using port 15093 for RATIS_ADMIN
2024-05-06 08:59:21,839 [2bd728a8-2257-45fc-a304-d79856c752fc-EndpointStateMachineTaskThread-/0.0.0.0:15055-0 ] INFO  ratis.XceiverServerRatis (XceiverServerRatis.java:getRealPort(592)) - XceiverServerRatis 2bd728a8-2257-45fc-a304-d79856c752fc is started using port 15094 for RATIS_SERVER
2024-05-06 08:59:21,839 [2bd728a8-2257-45fc-a304-d79856c752fc-EndpointStateMachineTaskThread-/0.0.0.0:15055-0 ] INFO  ratis.XceiverServerRatis (XceiverServerRatis.java:getRealPort(592)) - XceiverServerRatis 2bd728a8-2257-45fc-a304-d79856c752fc is started using port 15095 for RATIS_DATASTREAM
2024-05-06 08:59:21,839 [JvmPauseMonitor12] INFO  util.JvmPauseMonitor (JvmPauseMonitor.java:run(146)) - JvmPauseMonitor-2bd728a8-2257-45fc-a304-d79856c752fc: Started
2024-05-06 08:59:21,840 [2bd728a8-2257-45fc-a304-d79856c752fc-BlockDeletingService#0] INFO  interfaces.ContainerDeletionChoosingPolicyTemplate (ContainerDeletionChoosingPolicyTemplate.java:chooseContainerForBlockDeletion(85)) - Chosen 0/5000 blocks from 0 candidate containers.
2024-05-06 08:59:21,877 [main] INFO  ozone.MiniOzoneClusterImpl (MiniOzoneClusterImpl.java:lambda$waitForClusterToBeReady$0(194)) - Waiting for nodes to be ready. Got 0 of 5 DN Heartbeats.
2024-05-06 08:59:21,877 [main] INFO  ozone.MiniOzoneClusterImpl (MiniOzoneClusterImpl.java:lambda$waitForClusterToBeReady$0(197)) - Waiting for cluster to exit safe mode
2024-05-06 08:59:21,877 [main] INFO  ozone.MiniOzoneClusterImpl (MiniOzoneClusterImpl.java:lambda$waitForClusterToBeReady$0(199)) - SCM became leader
2024-05-06 08:59:21,896 [fa7233c5-99c6-4a1a-a2f1-81d332223322-EndpointStateMachineTaskThread-/0.0.0.0:15055-0 ] INFO  utils.DatanodeStoreCache (DatanodeStoreCache.java:addDB(72)) - Added db /home/runner/work/ozone/ozone/hadoop-ozone/integration-test/target/test-dir/MiniOzoneClusterImpl-f8a20603-669c-41d5-94ea-e080bd68b2ef/ozone-meta/datanode-5/data-0/hdds/f8a20603-669c-41d5-94ea-e080bd68b2ef/DS-44b7d6c6-fec8-467b-9c0c-2a4a3d36e626/container.db to cache
2024-05-06 08:59:21,896 [fa7233c5-99c6-4a1a-a2f1-81d332223322-EndpointStateMachineTaskThread-/0.0.0.0:15055-0 ] INFO  volume.HddsVolume (HddsVolume.java:createDbStore(437)) - SchemaV3 db is created and loaded at /home/runner/work/ozone/ozone/hadoop-ozone/integration-test/target/test-dir/MiniOzoneClusterImpl-f8a20603-669c-41d5-94ea-e080bd68b2ef/ozone-meta/datanode-5/data-0/hdds/f8a20603-669c-41d5-94ea-e080bd68b2ef/DS-44b7d6c6-fec8-467b-9c0c-2a4a3d36e626/container.db for volume DS-44b7d6c6-fec8-467b-9c0c-2a4a3d36e626
2024-05-06 08:59:21,897 [fa7233c5-99c6-4a1a-a2f1-81d332223322-ContainerReader-0] INFO  ozoneimpl.ContainerReader (ContainerReader.java:readVolume(148)) - Start to verify containers on volume /home/runner/work/ozone/ozone/hadoop-ozone/integration-test/target/test-dir/MiniOzoneClusterImpl-f8a20603-669c-41d5-94ea-e080bd68b2ef/ozone-meta/datanode-5/data-0/hdds
2024-05-06 08:59:21,897 [fa7233c5-99c6-4a1a-a2f1-81d332223322-ContainerReader-0] INFO  ozoneimpl.ContainerReader (ContainerReader.java:readVolume(178)) - Finish verifying containers on volume /home/runner/work/ozone/ozone/hadoop-ozone/integration-test/target/test-dir/MiniOzoneClusterImpl-f8a20603-669c-41d5-94ea-e080bd68b2ef/ozone-meta/datanode-5/data-0/hdds
2024-05-06 08:59:21,898 [fa7233c5-99c6-4a1a-a2f1-81d332223322-EndpointStateMachineTaskThread-/0.0.0.0:15055-0 ] INFO  ozoneimpl.OzoneContainer (OzoneContainer.java:buildContainerSet(328)) - Build ContainerSet costs 0s
2024-05-06 08:59:21,898 [fa7233c5-99c6-4a1a-a2f1-81d332223322-EndpointStateMachineTaskThread-/0.0.0.0:15055-0 ] INFO  volume.ThrottledAsyncChecker (ThrottledAsyncChecker.java:schedule(141)) - Scheduling a check for /home/runner/work/ozone/ozone/hadoop-ozone/integration-test/target/test-dir/MiniOzoneClusterImpl-f8a20603-669c-41d5-94ea-e080bd68b2ef/ozone-meta/datanode-5/data-0/hdds
2024-05-06 08:59:21,898 [fa7233c5-99c6-4a1a-a2f1-81d332223322-EndpointStateMachineTaskThread-/0.0.0.0:15055-0 ] INFO  volume.StorageVolumeChecker (StorageVolumeChecker.java:checkAllVolumes(218)) - Scheduled health check for volume /home/runner/work/ozone/ozone/hadoop-ozone/integration-test/target/test-dir/MiniOzoneClusterImpl-f8a20603-669c-41d5-94ea-e080bd68b2ef/ozone-meta/datanode-5/data-0/hdds
2024-05-06 08:59:21,899 [fa7233c5-99c6-4a1a-a2f1-81d332223322-EndpointStateMachineTaskThread-/0.0.0.0:15055-0 ] INFO  volume.ThrottledAsyncChecker (ThrottledAsyncChecker.java:schedule(141)) - Scheduling a check for /home/runner/work/ozone/ozone/hadoop-ozone/integration-test/target/test-dir/MiniOzoneClusterImpl-f8a20603-669c-41d5-94ea-e080bd68b2ef/ozone-meta/datanode-5/ratis
2024-05-06 08:59:21,899 [fa7233c5-99c6-4a1a-a2f1-81d332223322-EndpointStateMachineTaskThread-/0.0.0.0:15055-0 ] INFO  volume.StorageVolumeChecker (StorageVolumeChecker.java:checkAllVolumes(218)) - Scheduled health check for volume /home/runner/work/ozone/ozone/hadoop-ozone/integration-test/target/test-dir/MiniOzoneClusterImpl-f8a20603-669c-41d5-94ea-e080bd68b2ef/ozone-meta/datanode-5/ratis
2024-05-06 08:59:21,900 [fa7233c5-99c6-4a1a-a2f1-81d332223322-EndpointStateMachineTaskThread-/0.0.0.0:15055-0 ] INFO  ozoneimpl.OzoneContainer (OzoneContainer.java:start(459)) - Attempting to start container services.
2024-05-06 08:59:21,900 [fa7233c5-99c6-4a1a-a2f1-81d332223322-EndpointStateMachineTaskThread-/0.0.0.0:15055-0 ] WARN  ozoneimpl.OnDemandContainerDataScanner (OnDemandContainerDataScanner.java:init(75)) - Trying to initialize on demand scanner a second time on a datanode.
2024-05-06 08:59:21,900 [ContainerMetadataScanner] INFO  ozoneimpl.AbstractBackgroundContainerScanner (AbstractBackgroundContainerScanner.java:runIteration(87)) - Completed an iteration in 0 minutes. Number of iterations (since the data-node restart) : 1, Number of containers scanned in this iteration : 0, Number of unhealthy containers found in this iteration : 0
2024-05-06 08:59:21,901 [ContainerDataScanner(/home/runner/work/ozone/ozone/hadoop-ozone/integration-test/target/test-dir/MiniOzoneClusterImpl-f8a20603-669c-41d5-94ea-e080bd68b2ef/ozone-meta/datanode-5/data-0/hdds)] INFO  ozoneimpl.AbstractBackgroundContainerScanner (AbstractBackgroundContainerScanner.java:runIteration(87)) - Completed an iteration in 0 minutes. Number of iterations (since the data-node restart) : 1, Number of containers scanned in this iteration : 0, Number of unhealthy containers found in this iteration : 0
2024-05-06 08:59:21,901 [fa7233c5-99c6-4a1a-a2f1-81d332223322-EndpointStateMachineTaskThread-/0.0.0.0:15055-0 ] INFO  replication.ReplicationServer (ReplicationServer.java:start(142)) - ReplicationServer is started using port 15105
2024-05-06 08:59:21,901 [fa7233c5-99c6-4a1a-a2f1-81d332223322-EndpointStateMachineTaskThread-/0.0.0.0:15055-0 ] INFO  ratis.XceiverServerRatis (XceiverServerRatis.java:start(566)) - Starting XceiverServerRatis fa7233c5-99c6-4a1a-a2f1-81d332223322
2024-05-06 08:59:21,907 [fa7233c5-99c6-4a1a-a2f1-81d332223322-EndpointStateMachineTaskThread-/0.0.0.0:15055-0 ] INFO  server.RaftServer (RaftServerProxy.java:startImpl(406)) - fa7233c5-99c6-4a1a-a2f1-81d332223322: start RPC server
2024-05-06 08:59:21,907 [fa7233c5-99c6-4a1a-a2f1-81d332223322-EndpointStateMachineTaskThread-/0.0.0.0:15055-0 ] INFO  server.GrpcService (GrpcService.java:startImpl(302)) - fa7233c5-99c6-4a1a-a2f1-81d332223322: GrpcService started, listening on 15101
2024-05-06 08:59:21,908 [fa7233c5-99c6-4a1a-a2f1-81d332223322-EndpointStateMachineTaskThread-/0.0.0.0:15055-0 ] INFO  server.GrpcService (GrpcService.java:startImpl(302)) - fa7233c5-99c6-4a1a-a2f1-81d332223322: GrpcService started, listening on 15103
2024-05-06 08:59:21,908 [fa7233c5-99c6-4a1a-a2f1-81d332223322-EndpointStateMachineTaskThread-/0.0.0.0:15055-0 ] INFO  server.GrpcService (GrpcService.java:startImpl(302)) - fa7233c5-99c6-4a1a-a2f1-81d332223322: GrpcService started, listening on 15102
2024-05-06 08:59:21,908 [fa7233c5-99c6-4a1a-a2f1-81d332223322-EndpointStateMachineTaskThread-/0.0.0.0:15055-0 ] INFO  ratis.XceiverServerRatis (XceiverServerRatis.java:getRealPort(592)) - XceiverServerRatis fa7233c5-99c6-4a1a-a2f1-81d332223322 is started using port 15101 for RATIS
2024-05-06 08:59:21,909 [fa7233c5-99c6-4a1a-a2f1-81d332223322-EndpointStateMachineTaskThread-/0.0.0.0:15055-0 ] INFO  ratis.XceiverServerRatis (XceiverServerRatis.java:getRealPort(592)) - XceiverServerRatis fa7233c5-99c6-4a1a-a2f1-81d332223322 is started using port 15102 for RATIS_ADMIN
2024-05-06 08:59:21,909 [fa7233c5-99c6-4a1a-a2f1-81d332223322-EndpointStateMachineTaskThread-/0.0.0.0:15055-0 ] INFO  ratis.XceiverServerRatis (XceiverServerRatis.java:getRealPort(592)) - XceiverServerRatis fa7233c5-99c6-4a1a-a2f1-81d332223322 is started using port 15103 for RATIS_SERVER
2024-05-06 08:59:21,909 [fa7233c5-99c6-4a1a-a2f1-81d332223322-EndpointStateMachineTaskThread-/0.0.0.0:15055-0 ] INFO  ratis.XceiverServerRatis (XceiverServerRatis.java:getRealPort(592)) - XceiverServerRatis fa7233c5-99c6-4a1a-a2f1-81d332223322 is started using port 15104 for RATIS_DATASTREAM
2024-05-06 08:59:21,908 [JvmPauseMonitor13] INFO  util.JvmPauseMonitor (JvmPauseMonitor.java:run(146)) - JvmPauseMonitor-fa7233c5-99c6-4a1a-a2f1-81d332223322: Started
2024-05-06 08:59:21,910 [fa7233c5-99c6-4a1a-a2f1-81d332223322-BlockDeletingService#0] INFO  interfaces.ContainerDeletionChoosingPolicyTemplate (ContainerDeletionChoosingPolicyTemplate.java:chooseContainerForBlockDeletion(85)) - Chosen 0/5000 blocks from 0 candidate containers.
2024-05-06 08:59:22,877 [main] INFO  ozone.MiniOzoneClusterImpl (MiniOzoneClusterImpl.java:lambda$waitForClusterToBeReady$0(194)) - Waiting for nodes to be ready. Got 0 of 5 DN Heartbeats.
2024-05-06 08:59:22,878 [main] INFO  ozone.MiniOzoneClusterImpl (MiniOzoneClusterImpl.java:lambda$waitForClusterToBeReady$0(197)) - Waiting for cluster to exit safe mode
2024-05-06 08:59:22,878 [main] INFO  ozone.MiniOzoneClusterImpl (MiniOzoneClusterImpl.java:lambda$waitForClusterToBeReady$0(199)) - SCM became leader
2024-05-06 08:59:23,589 [IPC Server handler 1 on default port 15055] INFO  net.NetworkTopologyImpl (NetworkTopologyImpl.java:add(134)) - Added a new node: /default-rack/90b7064f-8397-4c9e-a509-54ea80c9149b
2024-05-06 08:59:23,589 [IPC Server handler 1 on default port 15055] INFO  node.SCMNodeManager (SCMNodeManager.java:register(421)) - Registered datanode: 90b7064f-8397-4c9e-a509-54ea80c9149b{ip: 127.0.0.1, host: localhost, ports: [HTTP=15062, CLIENT_RPC=15063, REPLICATION=15069, RATIS=15065, RATIS_ADMIN=15066, RATIS_SERVER=15067, RATIS_DATASTREAM=15068, STANDALONE=15064], networkLocation: /default-rack, certSerialId: null, persistedOpState: null, persistedOpStateExpiryEpochSec: 0}
2024-05-06 08:59:23,589 [EventQueue-NewNodeForNewNodeHandler] INFO  pipeline.BackgroundPipelineCreator (BackgroundPipelineCreator.java:notifyEventTriggered(280)) - trigger a one-shot run on RatisPipelineUtilsThread.
2024-05-06 08:59:23,590 [EventQueue-NodeRegistrationContainerReportForContainerSafeModeRule] INFO  safemode.SCMSafeModeManager (SCMSafeModeManager.java:validateSafeModeExitRules(203)) - ContainerSafeModeRule rule is successfully validated
2024-05-06 08:59:23,590 [RatisPipelineUtilsThread-0] INFO  pipeline.RatisPipelineProvider (RatisPipelineProvider.java:lambda$create$0(205)) - Sending CreatePipelineCommand for pipeline:PipelineID=0bd4f3f8-1b4b-4dd0-a617-c1a97fe0cd63 to datanode:90b7064f-8397-4c9e-a509-54ea80c9149b
2024-05-06 08:59:23,590 [EventQueue-NodeRegistrationContainerReportForDataNodeSafeModeRule] INFO  safemode.SCMSafeModeManager (DataNodeSafeModeRule.java:process(71)) - SCM in safe mode. 1 DataNodes registered, 3 required.
2024-05-06 08:59:23,591 [RatisPipelineUtilsThread-0] INFO  pipeline.BackgroundPipelineCreator (BackgroundPipelineCreator.java:createPipelines(236)) - Created new pipeline Pipeline[ Id: 0bd4f3f8-1b4b-4dd0-a617-c1a97fe0cd63, Nodes: 90b7064f-8397-4c9e-a509-54ea80c9149b(localhost/127.0.0.1), ReplicationConfig: RATIS/ONE, State:ALLOCATED, leaderId:, CreationTimestamp2024-05-06T08:59:23.590285605Z[Etc/UTC]]
2024-05-06 08:59:23,591 [EventQueue-PipelineReportForOneReplicaPipelineSafeModeRule] INFO  safemode.SCMSafeModeManager (SCMSafeModeManager.java:validateSafeModeExitRules(203)) - AtleastOneDatanodeReportedRule rule is successfully validated
2024-05-06 08:59:23,649 [IPC Server handler 2 on default port 15055] INFO  net.NetworkTopologyImpl (NetworkTopologyImpl.java:add(134)) - Added a new node: /default-rack/784e0075-095e-4f49-808e-af9ec74479d6
2024-05-06 08:59:23,649 [IPC Server handler 2 on default port 15055] INFO  node.SCMNodeManager (SCMNodeManager.java:register(421)) - Registered datanode: 784e0075-095e-4f49-808e-af9ec74479d6{ip: 127.0.0.1, host: localhost, ports: [HTTP=15071, CLIENT_RPC=15072, REPLICATION=15078, RATIS=15074, RATIS_ADMIN=15075, RATIS_SERVER=15076, RATIS_DATASTREAM=15077, STANDALONE=15073], networkLocation: /default-rack, certSerialId: null, persistedOpState: null, persistedOpStateExpiryEpochSec: 0}
2024-05-06 08:59:23,649 [EventQueue-NewNodeForNewNodeHandler] INFO  pipeline.BackgroundPipelineCreator (BackgroundPipelineCreator.java:notifyEventTriggered(280)) - trigger a one-shot run on RatisPipelineUtilsThread.
2024-05-06 08:59:23,649 [RatisPipelineUtilsThread-0] INFO  pipeline.RatisPipelineProvider (RatisPipelineProvider.java:lambda$create$0(205)) - Sending CreatePipelineCommand for pipeline:PipelineID=4e261f18-1c4a-4e78-8ec9-5cfe60bbc8fa to datanode:784e0075-095e-4f49-808e-af9ec74479d6
2024-05-06 08:59:23,650 [EventQueue-NodeRegistrationContainerReportForDataNodeSafeModeRule] INFO  safemode.SCMSafeModeManager (DataNodeSafeModeRule.java:process(71)) - SCM in safe mode. 2 DataNodes registered, 3 required.
2024-05-06 08:59:23,650 [RatisPipelineUtilsThread-0] INFO  pipeline.BackgroundPipelineCreator (BackgroundPipelineCreator.java:createPipelines(236)) - Created new pipeline Pipeline[ Id: 4e261f18-1c4a-4e78-8ec9-5cfe60bbc8fa, Nodes: 784e0075-095e-4f49-808e-af9ec74479d6(localhost/127.0.0.1), ReplicationConfig: RATIS/ONE, State:ALLOCATED, leaderId:, CreationTimestamp2024-05-06T08:59:23.649880421Z[Etc/UTC]]
2024-05-06 08:59:23,730 [IPC Server handler 3 on default port 15055] INFO  net.NetworkTopologyImpl (NetworkTopologyImpl.java:add(134)) - Added a new node: /default-rack/0e9e7d01-6cef-4822-a23d-4188eb8fb4d0
2024-05-06 08:59:23,730 [IPC Server handler 3 on default port 15055] INFO  node.SCMNodeManager (SCMNodeManager.java:register(421)) - Registered datanode: 0e9e7d01-6cef-4822-a23d-4188eb8fb4d0{ip: 127.0.0.1, host: localhost, ports: [HTTP=15080, CLIENT_RPC=15081, REPLICATION=15087, RATIS=15083, RATIS_ADMIN=15084, RATIS_SERVER=15085, RATIS_DATASTREAM=15086, STANDALONE=15082], networkLocation: /default-rack, certSerialId: null, persistedOpState: null, persistedOpStateExpiryEpochSec: 0}
2024-05-06 08:59:23,730 [EventQueue-NodeRegistrationContainerReportForDataNodeSafeModeRule] INFO  safemode.SCMSafeModeManager (DataNodeSafeModeRule.java:process(71)) - SCM in safe mode. 3 DataNodes registered, 3 required.
2024-05-06 08:59:23,730 [EventQueue-NodeRegistrationContainerReportForDataNodeSafeModeRule] INFO  safemode.SCMSafeModeManager (SCMSafeModeManager.java:validateSafeModeExitRules(203)) - DataNodeSafeModeRule rule is successfully validated
2024-05-06 08:59:23,730 [EventQueue-NodeRegistrationContainerReportForDataNodeSafeModeRule] INFO  safemode.SCMSafeModeManager (SCMSafeModeManager.java:completePreCheck(232)) - All SCM safe mode pre check rules have passed
2024-05-06 08:59:23,730 [EventQueue-NewNodeForNewNodeHandler] INFO  pipeline.BackgroundPipelineCreator (BackgroundPipelineCreator.java:notifyEventTriggered(280)) - trigger a one-shot run on RatisPipelineUtilsThread.
2024-05-06 08:59:23,730 [EventQueue-NodeRegistrationContainerReportForDataNodeSafeModeRule] INFO  ha.SCMContext (SCMContext.java:updateSafeModeStatus(225)) - Update SafeModeStatus from SafeModeStatus{safeModeStatus=true, preCheckPassed=false} to SafeModeStatus{safeModeStatus=true, preCheckPassed=true}.
2024-05-06 08:59:23,730 [EventQueue-NodeRegistrationContainerReportForDataNodeSafeModeRule] INFO  pipeline.BackgroundPipelineCreator (BackgroundPipelineCreator.java:notifyEventTriggered(280)) - trigger a one-shot run on RatisPipelineUtilsThread.
2024-05-06 08:59:23,731 [RatisPipelineUtilsThread-0] INFO  pipeline.RatisPipelineProvider (RatisPipelineProvider.java:lambda$create$0(205)) - Sending CreatePipelineCommand for pipeline:PipelineID=d6a6cf6b-3f93-4a7c-a0ee-d801cf8b2419 to datanode:0e9e7d01-6cef-4822-a23d-4188eb8fb4d0
2024-05-06 08:59:23,731 [RatisPipelineUtilsThread-0] INFO  pipeline.BackgroundPipelineCreator (BackgroundPipelineCreator.java:createPipelines(236)) - Created new pipeline Pipeline[ Id: d6a6cf6b-3f93-4a7c-a0ee-d801cf8b2419, Nodes: 0e9e7d01-6cef-4822-a23d-4188eb8fb4d0(localhost/127.0.0.1), ReplicationConfig: RATIS/ONE, State:ALLOCATED, leaderId:, CreationTimestamp2024-05-06T08:59:23.731215470Z[Etc/UTC]]
2024-05-06 08:59:23,731 [RatisPipelineUtilsThread-0] INFO  pipeline.RatisPipelineProvider (RatisPipelineProvider.java:lambda$create$0(205)) - Sending CreatePipelineCommand for pipeline:PipelineID=87f1befd-0e19-4082-a863-a9bf880e318f to datanode:784e0075-095e-4f49-808e-af9ec74479d6
2024-05-06 08:59:23,732 [RatisPipelineUtilsThread-0] INFO  pipeline.RatisPipelineProvider (RatisPipelineProvider.java:lambda$create$0(205)) - Sending CreatePipelineCommand for pipeline:PipelineID=87f1befd-0e19-4082-a863-a9bf880e318f to datanode:0e9e7d01-6cef-4822-a23d-4188eb8fb4d0
2024-05-06 08:59:23,732 [RatisPipelineUtilsThread-0] INFO  pipeline.RatisPipelineProvider (RatisPipelineProvider.java:lambda$create$0(205)) - Sending CreatePipelineCommand for pipeline:PipelineID=87f1befd-0e19-4082-a863-a9bf880e318f to datanode:90b7064f-8397-4c9e-a509-54ea80c9149b
2024-05-06 08:59:23,732 [RatisPipelineUtilsThread-0] INFO  pipeline.BackgroundPipelineCreator (BackgroundPipelineCreator.java:createPipelines(236)) - Created new pipeline Pipeline[ Id: 87f1befd-0e19-4082-a863-a9bf880e318f, Nodes: 784e0075-095e-4f49-808e-af9ec74479d6(localhost/127.0.0.1)0e9e7d01-6cef-4822-a23d-4188eb8fb4d0(localhost/127.0.0.1)90b7064f-8397-4c9e-a509-54ea80c9149b(localhost/127.0.0.1), ReplicationConfig: RATIS/THREE, State:ALLOCATED, leaderId:, CreationTimestamp2024-05-06T08:59:23.731953373Z[Etc/UTC]]
2024-05-06 08:59:23,733 [RatisPipelineUtilsThread-0] INFO  pipeline.RatisPipelineProvider (RatisPipelineProvider.java:lambda$create$0(205)) - Sending CreatePipelineCommand for pipeline:PipelineID=f9c5d62b-efaf-469a-aada-78ee1d651754 to datanode:90b7064f-8397-4c9e-a509-54ea80c9149b
2024-05-06 08:59:23,733 [RatisPipelineUtilsThread-0] INFO  pipeline.RatisPipelineProvider (RatisPipelineProvider.java:lambda$create$0(205)) - Sending CreatePipelineCommand for pipeline:PipelineID=f9c5d62b-efaf-469a-aada-78ee1d651754 to datanode:784e0075-095e-4f49-808e-af9ec74479d6
2024-05-06 08:59:23,733 [RatisPipelineUtilsThread-0] INFO  pipeline.RatisPipelineProvider (RatisPipelineProvider.java:lambda$create$0(205)) - Sending CreatePipelineCommand for pipeline:PipelineID=f9c5d62b-efaf-469a-aada-78ee1d651754 to datanode:0e9e7d01-6cef-4822-a23d-4188eb8fb4d0
2024-05-06 08:59:23,734 [RatisPipelineUtilsThread-0] INFO  pipeline.PipelineManagerImpl (PipelineManagerImpl.java:recordMetricsForPipeline(916)) - Pipeline: PipelineID=f9c5d62b-efaf-469a-aada-78ee1d651754 contains same datanodes as previous pipelines: PipelineID=87f1befd-0e19-4082-a863-a9bf880e318f nodeIds: 90b7064f-8397-4c9e-a509-54ea80c9149b, 784e0075-095e-4f49-808e-af9ec74479d6, 0e9e7d01-6cef-4822-a23d-4188eb8fb4d0
2024-05-06 08:59:23,734 [RatisPipelineUtilsThread-0] INFO  pipeline.BackgroundPipelineCreator (BackgroundPipelineCreator.java:createPipelines(236)) - Created new pipeline Pipeline[ Id: f9c5d62b-efaf-469a-aada-78ee1d651754, Nodes: 90b7064f-8397-4c9e-a509-54ea80c9149b(localhost/127.0.0.1)784e0075-095e-4f49-808e-af9ec74479d6(localhost/127.0.0.1)0e9e7d01-6cef-4822-a23d-4188eb8fb4d0(localhost/127.0.0.1), ReplicationConfig: RATIS/THREE, State:ALLOCATED, leaderId:, CreationTimestamp2024-05-06T08:59:23.733233245Z[Etc/UTC]]
2024-05-06 08:59:23,734 [RatisPipelineUtilsThread-0] INFO  pipeline.RatisPipelineProvider (RatisPipelineProvider.java:lambda$create$0(205)) - Sending CreatePipelineCommand for pipeline:PipelineID=bedcda76-b5f0-4b44-a916-8701510a3190 to datanode:0e9e7d01-6cef-4822-a23d-4188eb8fb4d0
2024-05-06 08:59:23,734 [RatisPipelineUtilsThread-0] INFO  pipeline.RatisPipelineProvider (RatisPipelineProvider.java:lambda$create$0(205)) - Sending CreatePipelineCommand for pipeline:PipelineID=bedcda76-b5f0-4b44-a916-8701510a3190 to datanode:90b7064f-8397-4c9e-a509-54ea80c9149b
2024-05-06 08:59:23,734 [RatisPipelineUtilsThread-0] INFO  pipeline.RatisPipelineProvider (RatisPipelineProvider.java:lambda$create$0(205)) - Sending CreatePipelineCommand for pipeline:PipelineID=bedcda76-b5f0-4b44-a916-8701510a3190 to datanode:784e0075-095e-4f49-808e-af9ec74479d6
2024-05-06 08:59:23,735 [RatisPipelineUtilsThread-0] INFO  pipeline.PipelineManagerImpl (PipelineManagerImpl.java:recordMetricsForPipeline(916)) - Pipeline: PipelineID=bedcda76-b5f0-4b44-a916-8701510a3190 contains same datanodes as previous pipelines: PipelineID=87f1befd-0e19-4082-a863-a9bf880e318f nodeIds: 0e9e7d01-6cef-4822-a23d-4188eb8fb4d0, 90b7064f-8397-4c9e-a509-54ea80c9149b, 784e0075-095e-4f49-808e-af9ec74479d6
2024-05-06 08:59:23,735 [RatisPipelineUtilsThread-0] INFO  pipeline.PipelineManagerImpl (PipelineManagerImpl.java:recordMetricsForPipeline(916)) - Pipeline: PipelineID=bedcda76-b5f0-4b44-a916-8701510a3190 contains same datanodes as previous pipelines: PipelineID=f9c5d62b-efaf-469a-aada-78ee1d651754 nodeIds: 0e9e7d01-6cef-4822-a23d-4188eb8fb4d0, 90b7064f-8397-4c9e-a509-54ea80c9149b, 784e0075-095e-4f49-808e-af9ec74479d6
2024-05-06 08:59:23,735 [RatisPipelineUtilsThread-0] INFO  pipeline.BackgroundPipelineCreator (BackgroundPipelineCreator.java:createPipelines(236)) - Created new pipeline Pipeline[ Id: bedcda76-b5f0-4b44-a916-8701510a3190, Nodes: 0e9e7d01-6cef-4822-a23d-4188eb8fb4d0(localhost/127.0.0.1)90b7064f-8397-4c9e-a509-54ea80c9149b(localhost/127.0.0.1)784e0075-095e-4f49-808e-af9ec74479d6(localhost/127.0.0.1), ReplicationConfig: RATIS/THREE, State:ALLOCATED, leaderId:, CreationTimestamp2024-05-06T08:59:23.734760316Z[Etc/UTC]]
2024-05-06 08:59:23,812 [IPC Server handler 4 on default port 15055] INFO  net.NetworkTopologyImpl (NetworkTopologyImpl.java:add(134)) - Added a new node: /default-rack/2bd728a8-2257-45fc-a304-d79856c752fc
2024-05-06 08:59:23,813 [IPC Server handler 4 on default port 15055] INFO  node.SCMNodeManager (SCMNodeManager.java:register(421)) - Registered datanode: 2bd728a8-2257-45fc-a304-d79856c752fc{ip: 127.0.0.1, host: localhost, ports: [HTTP=15089, CLIENT_RPC=15090, REPLICATION=15096, RATIS=15092, RATIS_ADMIN=15093, RATIS_SERVER=15094, RATIS_DATASTREAM=15095, STANDALONE=15091], networkLocation: /default-rack, certSerialId: null, persistedOpState: null, persistedOpStateExpiryEpochSec: 0}
2024-05-06 08:59:23,813 [EventQueue-NewNodeForNewNodeHandler] INFO  pipeline.BackgroundPipelineCreator (BackgroundPipelineCreator.java:notifyEventTriggered(280)) - trigger a one-shot run on RatisPipelineUtilsThread.
2024-05-06 08:59:23,813 [RatisPipelineUtilsThread-0] INFO  pipeline.RatisPipelineProvider (RatisPipelineProvider.java:lambda$create$0(205)) - Sending CreatePipelineCommand for pipeline:PipelineID=0a2986ce-992b-45d9-b321-c866081f3671 to datanode:2bd728a8-2257-45fc-a304-d79856c752fc
2024-05-06 08:59:23,814 [RatisPipelineUtilsThread-0] INFO  pipeline.BackgroundPipelineCreator (BackgroundPipelineCreator.java:createPipelines(236)) - Created new pipeline Pipeline[ Id: 0a2986ce-992b-45d9-b321-c866081f3671, Nodes: 2bd728a8-2257-45fc-a304-d79856c752fc(localhost/127.0.0.1), ReplicationConfig: RATIS/ONE, State:ALLOCATED, leaderId:, CreationTimestamp2024-05-06T08:59:23.813785929Z[Etc/UTC]]
2024-05-06 08:59:23,877 [IPC Server handler 0 on default port 15055] INFO  net.NetworkTopologyImpl (NetworkTopologyImpl.java:add(134)) - Added a new node: /default-rack/fa7233c5-99c6-4a1a-a2f1-81d332223322
2024-05-06 08:59:23,877 [IPC Server handler 0 on default port 15055] INFO  node.SCMNodeManager (SCMNodeManager.java:register(421)) - Registered datanode: fa7233c5-99c6-4a1a-a2f1-81d332223322{ip: 127.0.0.1, host: localhost, ports: [HTTP=15098, CLIENT_RPC=15099, REPLICATION=15105, RATIS=15101, RATIS_ADMIN=15102, RATIS_SERVER=15103, RATIS_DATASTREAM=15104, STANDALONE=15100], networkLocation: /default-rack, certSerialId: null, persistedOpState: null, persistedOpStateExpiryEpochSec: 0}
2024-05-06 08:59:23,877 [EventQueue-NewNodeForNewNodeHandler] INFO  pipeline.BackgroundPipelineCreator (BackgroundPipelineCreator.java:notifyEventTriggered(280)) - trigger a one-shot run on RatisPipelineUtilsThread.
2024-05-06 08:59:23,878 [RatisPipelineUtilsThread-0] INFO  pipeline.RatisPipelineProvider (RatisPipelineProvider.java:lambda$create$0(205)) - Sending CreatePipelineCommand for pipeline:PipelineID=2f94e1a1-2b39-455a-b934-1db2361a2323 to datanode:fa7233c5-99c6-4a1a-a2f1-81d332223322
2024-05-06 08:59:23,878 [main] INFO  ozone.MiniOzoneClusterImpl (MiniOzoneClusterImpl.java:lambda$waitForClusterToBeReady$0(194)) - Nodes are ready. Got 5 of 5 DN Heartbeats.
2024-05-06 08:59:23,878 [main] INFO  ozone.MiniOzoneClusterImpl (MiniOzoneClusterImpl.java:lambda$waitForClusterToBeReady$0(197)) - Waiting for cluster to exit safe mode
2024-05-06 08:59:23,878 [main] INFO  ozone.MiniOzoneClusterImpl (MiniOzoneClusterImpl.java:lambda$waitForClusterToBeReady$0(199)) - SCM became leader
2024-05-06 08:59:23,879 [RatisPipelineUtilsThread-0] INFO  pipeline.BackgroundPipelineCreator (BackgroundPipelineCreator.java:createPipelines(236)) - Created new pipeline Pipeline[ Id: 2f94e1a1-2b39-455a-b934-1db2361a2323, Nodes: fa7233c5-99c6-4a1a-a2f1-81d332223322(localhost/127.0.0.1), ReplicationConfig: RATIS/ONE, State:ALLOCATED, leaderId:, CreationTimestamp2024-05-06T08:59:23.878343540Z[Etc/UTC]]
2024-05-06 08:59:24,878 [main] INFO  ozone.MiniOzoneClusterImpl (MiniOzoneClusterImpl.java:lambda$waitForClusterToBeReady$0(194)) - Nodes are ready. Got 5 of 5 DN Heartbeats.
2024-05-06 08:59:24,879 [main] INFO  ozone.MiniOzoneClusterImpl (MiniOzoneClusterImpl.java:lambda$waitForClusterToBeReady$0(197)) - Waiting for cluster to exit safe mode
2024-05-06 08:59:24,879 [main] INFO  ozone.MiniOzoneClusterImpl (MiniOzoneClusterImpl.java:lambda$waitForClusterToBeReady$0(199)) - SCM became leader
2024-05-06 08:59:25,879 [main] INFO  ozone.MiniOzoneClusterImpl (MiniOzoneClusterImpl.java:lambda$waitForClusterToBeReady$0(194)) - Nodes are ready. Got 5 of 5 DN Heartbeats.
2024-05-06 08:59:25,879 [main] INFO  ozone.MiniOzoneClusterImpl (MiniOzoneClusterImpl.java:lambda$waitForClusterToBeReady$0(197)) - Waiting for cluster to exit safe mode
2024-05-06 08:59:25,879 [main] INFO  ozone.MiniOzoneClusterImpl (MiniOzoneClusterImpl.java:lambda$waitForClusterToBeReady$0(199)) - SCM became leader
2024-05-06 08:59:26,588 [90b7064f-8397-4c9e-a509-54ea80c9149b-PipelineCommandHandlerThread-0] INFO  server.RaftServer (RaftServerProxy.java:addNew(100)) - 90b7064f-8397-4c9e-a509-54ea80c9149b: addNew group-C1A97FE0CD63:[90b7064f-8397-4c9e-a509-54ea80c9149b|127.0.0.1:15067] returns group-C1A97FE0CD63:java.util.concurrent.CompletableFuture@57c0c79c[Not completed]
2024-05-06 08:59:26,589 [90b7064f-8397-4c9e-a509-54ea80c9149b-groupManagement] INFO  server.RaftServer$Division (RaftServerImpl.java:<init>(256)) - 90b7064f-8397-4c9e-a509-54ea80c9149b: new RaftServerImpl for group-C1A97FE0CD63:[90b7064f-8397-4c9e-a509-54ea80c9149b|127.0.0.1:15067] with ContainerStateMachine:uninitialized
2024-05-06 08:59:26,589 [90b7064f-8397-4c9e-a509-54ea80c9149b-groupManagement] INFO  server.RaftServerConfigKeys (ConfUtils.java:logGet(46)) - raft.server.rpc.timeout.min = 5s (custom)
2024-05-06 08:59:26,589 [90b7064f-8397-4c9e-a509-54ea80c9149b-groupManagement] INFO  server.RaftServerConfigKeys (ConfUtils.java:logGet(46)) - raft.server.rpc.timeout.max = 5200ms (custom)
2024-05-06 08:59:26,589 [90b7064f-8397-4c9e-a509-54ea80c9149b-groupManagement] INFO  server.RaftServerConfigKeys (ConfUtils.java:logGet(46)) - raft.server.rpc.sleep.time = 25ms (default)
2024-05-06 08:59:26,589 [90b7064f-8397-4c9e-a509-54ea80c9149b-groupManagement] INFO  server.RaftServerConfigKeys (ConfUtils.java:logGet(46)) - raft.server.rpc.slowness.timeout = 300000ms (custom)
2024-05-06 08:59:26,589 [90b7064f-8397-4c9e-a509-54ea80c9149b-groupManagement] INFO  server.RaftServerConfigKeys (ConfUtils.java:logGet(46)) - raft.server.leaderelection.leader.step-down.wait-time = 10s (default)
2024-05-06 08:59:26,589 [90b7064f-8397-4c9e-a509-54ea80c9149b-groupManagement] INFO  server.RaftServerConfigKeys (ConfUtils.java:logGet(46)) - raft.server.leaderelection.member.majority-add = false (default)
2024-05-06 08:59:26,590 [90b7064f-8397-4c9e-a509-54ea80c9149b-groupManagement] INFO  server.RaftServerConfigKeys (ConfUtils.java:logGet(46)) - raft.server.sleep.deviation.threshold = 300ms (default)
2024-05-06 08:59:26,590 [90b7064f-8397-4c9e-a509-54ea80c9149b-groupManagement] INFO  server.RaftServer$Division (ServerState.java:<init>(113)) - 90b7064f-8397-4c9e-a509-54ea80c9149b@group-C1A97FE0CD63: ConfigurationManager, init=-1: peers:[90b7064f-8397-4c9e-a509-54ea80c9149b|127.0.0.1:15067]|listeners:[], old=null, confs=<EMPTY_MAP>
2024-05-06 08:59:26,590 [90b7064f-8397-4c9e-a509-54ea80c9149b-groupManagement] INFO  server.RaftServerConfigKeys (ConfUtils.java:logGet(46)) - raft.server.notification.no-leader.timeout = 300000ms (custom)
2024-05-06 08:59:26,590 [90b7064f-8397-4c9e-a509-54ea80c9149b-groupManagement] INFO  server.RaftServerConfigKeys (ConfUtils.java:logGet(46)) - raft.server.read.timeout = 10s (default)
2024-05-06 08:59:26,590 [90b7064f-8397-4c9e-a509-54ea80c9149b-groupManagement] INFO  server.RaftServerConfigKeys (ConfUtils.java:logGet(46)) - raft.server.retrycache.expirytime = 600000ms (custom)
2024-05-06 08:59:26,590 [90b7064f-8397-4c9e-a509-54ea80c9149b-groupManagement] INFO  server.RaftServerConfigKeys (ConfUtils.java:logGet(46)) - raft.server.retrycache.statistics.expirytime = 100ms (default)
2024-05-06 08:59:26,590 [90b7064f-8397-4c9e-a509-54ea80c9149b-groupManagement] INFO  server.RaftServerConfigKeys (ConfUtils.java:logGet(46)) - raft.server.read.option = DEFAULT (default)
2024-05-06 08:59:26,590 [90b7064f-8397-4c9e-a509-54ea80c9149b-groupManagement] INFO  server.RaftServerConfigKeys (ConfUtils.java:logGet(46)) - raft.server.read.read-after-write-consistent.write-index-cache.expiry-time = 60s (default)
2024-05-06 08:59:26,592 [90b7064f-8397-4c9e-a509-54ea80c9149b-groupManagement] INFO  server.RaftServerConfigKeys (ConfUtils.java:logGet(46)) - raft.server.rpc.request.timeout = 3000ms (default)
2024-05-06 08:59:26,592 [90b7064f-8397-4c9e-a509-54ea80c9149b-groupManagement] INFO  server.RaftServerConfigKeys (ConfUtils.java:logGet(46)) - raft.server.log.appender.install.snapshot.enabled = false (custom)
2024-05-06 08:59:26,592 [90b7064f-8397-4c9e-a509-54ea80c9149b-groupManagement] INFO  server.RaftServerConfigKeys (ConfUtils.java:logGet(46)) - raft.server.threadpool.server.cached = true (default)
2024-05-06 08:59:26,592 [90b7064f-8397-4c9e-a509-54ea80c9149b-groupManagement] INFO  server.RaftServerConfigKeys (ConfUtils.java:logGet(46)) - raft.server.threadpool.server.size = 0 (default)
2024-05-06 08:59:26,592 [90b7064f-8397-4c9e-a509-54ea80c9149b-groupManagement] INFO  server.RaftServerConfigKeys (ConfUtils.java:logGet(46)) - raft.server.threadpool.client.cached = true (default)
2024-05-06 08:59:26,592 [90b7064f-8397-4c9e-a509-54ea80c9149b-groupManagement] INFO  server.RaftServerConfigKeys (ConfUtils.java:logGet(46)) - raft.server.threadpool.client.size = 0 (default)
2024-05-06 08:59:26,592 [90b7064f-8397-4c9e-a509-54ea80c9149b-groupManagement] INFO  server.RaftServerConfigKeys (ConfUtils.java:logGet(46)) - raft.server.storage.free-space.min = 0MB (=0) (default)
2024-05-06 08:59:26,592 [90b7064f-8397-4c9e-a509-54ea80c9149b-groupManagement] INFO  server.RaftServerConfigKeys (ConfUtils.java:logGet(46)) - raft.server.log.corruption.policy = EXCEPTION (default)
2024-05-06 08:59:26,592 [90b7064f-8397-4c9e-a509-54ea80c9149b-groupManagement] INFO  server.RaftServerConfigKeys (ConfUtils.java:logGet(46)) - raft.server.storage.dir = [/home/runner/work/ozone/ozone/hadoop-ozone/integration-test/target/test-dir/MiniOzoneClusterImpl-f8a20603-669c-41d5-94ea-e080bd68b2ef/ozone-meta/datanode-1/ratis] (custom)
2024-05-06 08:59:26,593 [90b7064f-8397-4c9e-a509-54ea80c9149b-groupManagement] INFO  storage.RaftStorageDirectory (RaftStorageDirectoryImpl.java:analyzeStorage(138)) - The storage directory /home/runner/work/ozone/ozone/hadoop-ozone/integration-test/target/test-dir/MiniOzoneClusterImpl-f8a20603-669c-41d5-94ea-e080bd68b2ef/ozone-meta/datanode-1/ratis/0bd4f3f8-1b4b-4dd0-a617-c1a97fe0cd63 does not exist. Creating ...
2024-05-06 08:59:26,593 [90b7064f-8397-4c9e-a509-54ea80c9149b-groupManagement] INFO  storage.RaftStorageDirectory (RaftStorageDirectoryImpl.java:tryLock(228)) - Lock on /home/runner/work/ozone/ozone/hadoop-ozone/integration-test/target/test-dir/MiniOzoneClusterImpl-f8a20603-669c-41d5-94ea-e080bd68b2ef/ozone-meta/datanode-1/ratis/0bd4f3f8-1b4b-4dd0-a617-c1a97fe0cd63/in_use.lock acquired by nodename 54013@fv-az699-623
2024-05-06 08:59:26,594 [90b7064f-8397-4c9e-a509-54ea80c9149b-groupManagement] INFO  storage.RaftStorage (RaftStorageImpl.java:format(99)) - Storage directory /home/runner/work/ozone/ozone/hadoop-ozone/integration-test/target/test-dir/MiniOzoneClusterImpl-f8a20603-669c-41d5-94ea-e080bd68b2ef/ozone-meta/datanode-1/ratis/0bd4f3f8-1b4b-4dd0-a617-c1a97fe0cd63 has been successfully formatted.
2024-05-06 08:59:26,595 [90b7064f-8397-4c9e-a509-54ea80c9149b-groupManagement] WARN  util.FileUtils (LogUtils.java:supplyAndLog(63)) - Failed to Files.newInputStream /home/runner/work/ozone/ozone/hadoop-ozone/integration-test/target/test-dir/MiniOzoneClusterImpl-f8a20603-669c-41d5-94ea-e080bd68b2ef/ozone-meta/datanode-1/ratis/0bd4f3f8-1b4b-4dd0-a617-c1a97fe0cd63/current/raft-meta.conf with options []: java.nio.file.NoSuchFileException: /home/runner/work/ozone/ozone/hadoop-ozone/integration-test/target/test-dir/MiniOzoneClusterImpl-f8a20603-669c-41d5-94ea-e080bd68b2ef/ozone-meta/datanode-1/ratis/0bd4f3f8-1b4b-4dd0-a617-c1a97fe0cd63/current/raft-meta.conf
2024-05-06 08:59:26,595 [90b7064f-8397-4c9e-a509-54ea80c9149b-groupManagement] INFO  ratis.ContainerStateMachine (ContainerStateMachine.java:loadSnapshot(287)) - group-C1A97FE0CD63: The snapshot info is null. Setting the last applied index to:(t:0, i:~)
2024-05-06 08:59:26,595 [90b7064f-8397-4c9e-a509-54ea80c9149b-groupManagement] INFO  server.RaftServerConfigKeys (ConfUtils.java:logGet(46)) - raft.server.log.use.memory = false (default)
2024-05-06 08:59:26,595 [90b7064f-8397-4c9e-a509-54ea80c9149b-groupManagement] INFO  server.RaftServerConfigKeys (ConfUtils.java:logGet(46)) - raft.server.log.purge.gap = 1000000 (custom)
2024-05-06 08:59:26,595 [90b7064f-8397-4c9e-a509-54ea80c9149b-groupManagement] INFO  server.RaftServerConfigKeys (ConfUtils.java:logGet(46)) - raft.server.log.appender.buffer.byte-limit = 8388608 (custom)
2024-05-06 08:59:26,595 [90b7064f-8397-4c9e-a509-54ea80c9149b-groupManagement] INFO  server.RaftServerConfigKeys (ConfUtils.java:logGet(46)) - raft.server.log.statemachine.data.read.timeout = 1000ms (default)
2024-05-06 08:59:26,595 [90b7064f-8397-4c9e-a509-54ea80c9149b-groupManagement] INFO  server.RaftServerConfigKeys (ConfUtils.java:logGet(46)) - raft.server.log.purge.preservation.log.num = 0 (default)
2024-05-06 08:59:26,596 [EventQueue-PipelineReportForPipelineReportHandler] INFO  pipeline.PipelineReportHandler (PipelineReportHandler.java:processPipelineReport(136)) - Opened pipeline PipelineID=0bd4f3f8-1b4b-4dd0-a617-c1a97fe0cd63
2024-05-06 08:59:26,597 [EventQueue-OpenPipelineForHealthyPipelineSafeModeRule] INFO  safemode.SCMSafeModeManager (HealthyPipelineSafeModeRule.java:process(140)) - SCM in safe mode. Healthy pipelines reported count is 0, required healthy pipeline reported count is 1
2024-05-06 08:59:26,597 [90b7064f-8397-4c9e-a509-54ea80c9149b-groupManagement] INFO  server.RaftServerConfigKeys (ConfUtils.java:logGet(46)) - raft.server.log.segment.size.max = 67108864 (custom)
2024-05-06 08:59:26,597 [90b7064f-8397-4c9e-a509-54ea80c9149b-groupManagement] INFO  server.RaftServerConfigKeys (ConfUtils.java:logGet(46)) - raft.server.log.segment.cache.num.max = 2 (custom)
2024-05-06 08:59:26,597 [90b7064f-8397-4c9e-a509-54ea80c9149b-groupManagement] INFO  server.RaftServerConfigKeys (ConfUtils.java:logGet(46)) - raft.server.log.segment.cache.size.max = 200MB (=209715200) (default)
2024-05-06 08:59:26,597 [90b7064f-8397-4c9e-a509-54ea80c9149b-groupManagement] INFO  server.RaftServerConfigKeys (ConfUtils.java:logGet(46)) - raft.server.log.appender.buffer.byte-limit = 8388608 (custom)
2024-05-06 08:59:26,597 [90b7064f-8397-4c9e-a509-54ea80c9149b-groupManagement] INFO  util.AwaitToRun (AwaitToRun.java:start(81)) - Thread[90b7064f-8397-4c9e-a509-54ea80c9149b@group-C1A97FE0CD63-cacheEviction-AwaitToRun,5,main] started
2024-05-06 08:59:26,597 [90b7064f-8397-4c9e-a509-54ea80c9149b-groupManagement] INFO  segmented.SegmentedRaftLogWorker (SegmentedRaftLogWorker.java:<init>(182)) - new 90b7064f-8397-4c9e-a509-54ea80c9149b@group-C1A97FE0CD63-SegmentedRaftLogWorker for RaftStorageImpl:Storage Directory /home/runner/work/ozone/ozone/hadoop-ozone/integration-test/target/test-dir/MiniOzoneClusterImpl-f8a20603-669c-41d5-94ea-e080bd68b2ef/ozone-meta/datanode-1/ratis/0bd4f3f8-1b4b-4dd0-a617-c1a97fe0cd63
2024-05-06 08:59:26,597 [90b7064f-8397-4c9e-a509-54ea80c9149b-groupManagement] INFO  server.RaftServerConfigKeys (ConfUtils.java:logGet(46)) - raft.server.log.queue.byte-limit = 4294967296 (custom)
2024-05-06 08:59:26,597 [90b7064f-8397-4c9e-a509-54ea80c9149b-groupManagement] INFO  server.RaftServerConfigKeys (ConfUtils.java:logGet(46)) - raft.server.log.queue.element-limit = 1024 (custom)
2024-05-06 08:59:26,598 [90b7064f-8397-4c9e-a509-54ea80c9149b-groupManagement] INFO  server.RaftServerConfigKeys (ConfUtils.java:logGet(46)) - raft.server.log.segment.size.max = 67108864 (custom)
2024-05-06 08:59:26,598 [90b7064f-8397-4c9e-a509-54ea80c9149b-groupManagement] INFO  server.RaftServerConfigKeys (ConfUtils.java:logGet(46)) - raft.server.log.preallocated.size = 4194304 (custom)
2024-05-06 08:59:26,598 [90b7064f-8397-4c9e-a509-54ea80c9149b-groupManagement] INFO  server.RaftServerConfigKeys (ConfUtils.java:logGet(46)) - raft.server.log.force.sync.num = 128 (default)
2024-05-06 08:59:26,598 [90b7064f-8397-4c9e-a509-54ea80c9149b-groupManagement] INFO  server.RaftServerConfigKeys (ConfUtils.java:logGet(46)) - raft.server.log.statemachine.data.sync = true (default)
2024-05-06 08:59:26,598 [90b7064f-8397-4c9e-a509-54ea80c9149b-groupManagement] INFO  server.RaftServerConfigKeys (ConfUtils.java:logGet(46)) - raft.server.log.statemachine.data.sync.timeout = 10s (default)
2024-05-06 08:59:26,598 [90b7064f-8397-4c9e-a509-54ea80c9149b-groupManagement] INFO  server.RaftServerConfigKeys (ConfUtils.java:logGet(46)) - raft.server.log.statemachine.data.sync.timeout.retry = 30 (custom)
2024-05-06 08:59:26,598 [90b7064f-8397-4c9e-a509-54ea80c9149b-groupManagement] INFO  server.RaftServerConfigKeys (ConfUtils.java:logGet(46)) - raft.server.log.write.buffer.size = 8388616 (custom)
2024-05-06 08:59:26,600 [90b7064f-8397-4c9e-a509-54ea80c9149b-groupManagement] INFO  server.RaftServerConfigKeys (ConfUtils.java:logGet(46)) - raft.server.log.appender.buffer.byte-limit = 8388608 (custom)
2024-05-06 08:59:26,600 [90b7064f-8397-4c9e-a509-54ea80c9149b-groupManagement] INFO  server.RaftServerConfigKeys (ConfUtils.java:logGet(46)) - raft.server.log.unsafe-flush.enabled = false (default)
2024-05-06 08:59:26,600 [90b7064f-8397-4c9e-a509-54ea80c9149b-groupManagement] INFO  server.RaftServerConfigKeys (ConfUtils.java:logGet(46)) - raft.server.log.async-flush.enabled = false (default)
2024-05-06 08:59:26,600 [90b7064f-8397-4c9e-a509-54ea80c9149b-groupManagement] INFO  server.RaftServerConfigKeys (ConfUtils.java:logGet(46)) - raft.server.log.statemachine.data.caching.enabled = true (custom)
2024-05-06 08:59:26,600 [90b7064f-8397-4c9e-a509-54ea80c9149b-groupManagement] INFO  segmented.SegmentedRaftLogWorker (SegmentedRaftLogWorker.java:lambda$new$0(134)) - 90b7064f-8397-4c9e-a509-54ea80c9149b@group-C1A97FE0CD63-SegmentedRaftLogWorker: flushIndex: setUnconditionally 0 -> -1
2024-05-06 08:59:26,600 [90b7064f-8397-4c9e-a509-54ea80c9149b-groupManagement] INFO  segmented.SegmentedRaftLogWorker (SegmentedRaftLogWorker.java:lambda$new$0(134)) - 90b7064f-8397-4c9e-a509-54ea80c9149b@group-C1A97FE0CD63-SegmentedRaftLogWorker: safeCacheEvictIndex: setUnconditionally 0 -> -1
2024-05-06 08:59:26,600 [90b7064f-8397-4c9e-a509-54ea80c9149b-groupManagement] INFO  server.RaftServer$Division (RaftServerImpl.java:start(396)) - 90b7064f-8397-4c9e-a509-54ea80c9149b@group-C1A97FE0CD63: start as a follower, conf=-1: peers:[90b7064f-8397-4c9e-a509-54ea80c9149b|127.0.0.1:15067]|listeners:[], old=null
2024-05-06 08:59:26,600 [90b7064f-8397-4c9e-a509-54ea80c9149b-groupManagement] INFO  server.RaftServer$Division (RaftServerImpl.java:setRole(383)) - 90b7064f-8397-4c9e-a509-54ea80c9149b@group-C1A97FE0CD63: changes role from      null to FOLLOWER at term 0 for startAsFollower
2024-05-06 08:59:26,600 [90b7064f-8397-4c9e-a509-54ea80c9149b-groupManagement] INFO  impl.RoleInfo (RoleInfo.java:updateAndGet(139)) - 90b7064f-8397-4c9e-a509-54ea80c9149b: start 90b7064f-8397-4c9e-a509-54ea80c9149b@group-C1A97FE0CD63-FollowerState
2024-05-06 08:59:26,601 [90b7064f-8397-4c9e-a509-54ea80c9149b@group-C1A97FE0CD63-FollowerState] INFO  server.RaftServerConfigKeys (ConfUtils.java:logFallback(53)) - raft.server.rpc.first-election.timeout.min = 5s (fallback to raft.server.rpc.timeout.min)
2024-05-06 08:59:26,601 [90b7064f-8397-4c9e-a509-54ea80c9149b-groupManagement] INFO  util.JmxRegister (JmxRegister.java:tryRegister(44)) - Successfully registered JMX Bean with object name Ratis:service=RaftServer,group=group-C1A97FE0CD63,id=90b7064f-8397-4c9e-a509-54ea80c9149b
2024-05-06 08:59:26,601 [90b7064f-8397-4c9e-a509-54ea80c9149b-groupManagement] INFO  server.RaftServerConfigKeys (ConfUtils.java:logGet(46)) - raft.server.snapshot.trigger-when-stop.enabled = true (default)
2024-05-06 08:59:26,601 [90b7064f-8397-4c9e-a509-54ea80c9149b-groupManagement] INFO  server.RaftServerConfigKeys (ConfUtils.java:logGet(46)) - raft.server.snapshot.auto.trigger.enabled = true (custom)
2024-05-06 08:59:26,601 [90b7064f-8397-4c9e-a509-54ea80c9149b-groupManagement] INFO  server.RaftServerConfigKeys (ConfUtils.java:logGet(46)) - raft.server.snapshot.auto.trigger.threshold = 10000 (custom)
2024-05-06 08:59:26,601 [90b7064f-8397-4c9e-a509-54ea80c9149b-groupManagement] INFO  server.RaftServerConfigKeys (ConfUtils.java:logGet(46)) - raft.server.snapshot.retention.file.num = 5 (custom)
2024-05-06 08:59:26,601 [90b7064f-8397-4c9e-a509-54ea80c9149b-groupManagement] INFO  server.RaftServerConfigKeys (ConfUtils.java:logGet(46)) - raft.server.log.purge.upto.snapshot.index = false (default)
2024-05-06 08:59:26,601 [90b7064f-8397-4c9e-a509-54ea80c9149b@group-C1A97FE0CD63-FollowerState] INFO  server.RaftServerConfigKeys (ConfUtils.java:logFallback(53)) - raft.server.rpc.first-election.timeout.max = 5200ms (fallback to raft.server.rpc.timeout.max)
2024-05-06 08:59:26,601 [90b7064f-8397-4c9e-a509-54ea80c9149b-PipelineCommandHandlerThread-0] INFO  ratis.XceiverServerRatis (XceiverServerRatis.java:addGroup(864)) - Created group PipelineID=0bd4f3f8-1b4b-4dd0-a617-c1a97fe0cd63
2024-05-06 08:59:26,602 [90b7064f-8397-4c9e-a509-54ea80c9149b-PipelineCommandHandlerThread-0] INFO  commandhandler.CreatePipelineCommandHandler (CreatePipelineCommandHandler.java:lambda$handle$2(124)) - Created Pipeline RATIS ONE PipelineID=0bd4f3f8-1b4b-4dd0-a617-c1a97fe0cd63.
2024-05-06 08:59:26,602 [90b7064f-8397-4c9e-a509-54ea80c9149b-PipelineCommandHandlerThread-0] INFO  server.RaftServer (RaftServerProxy.java:addNew(100)) - 90b7064f-8397-4c9e-a509-54ea80c9149b: addNew group-A9BF880E318F:[0e9e7d01-6cef-4822-a23d-4188eb8fb4d0|127.0.0.1:15085, 90b7064f-8397-4c9e-a509-54ea80c9149b|127.0.0.1:15067, 784e0075-095e-4f49-808e-af9ec74479d6|127.0.0.1:15076] returns group-A9BF880E318F:java.util.concurrent.CompletableFuture@53ff59bc[Not completed]
2024-05-06 08:59:26,603 [90b7064f-8397-4c9e-a509-54ea80c9149b-groupManagement] INFO  server.RaftServer$Division (RaftServerImpl.java:<init>(256)) - 90b7064f-8397-4c9e-a509-54ea80c9149b: new RaftServerImpl for group-A9BF880E318F:[0e9e7d01-6cef-4822-a23d-4188eb8fb4d0|127.0.0.1:15085, 90b7064f-8397-4c9e-a509-54ea80c9149b|127.0.0.1:15067, 784e0075-095e-4f49-808e-af9ec74479d6|127.0.0.1:15076] with ContainerStateMachine:uninitialized
2024-05-06 08:59:26,603 [90b7064f-8397-4c9e-a509-54ea80c9149b-groupManagement] INFO  server.RaftServerConfigKeys (ConfUtils.java:logGet(46)) - raft.server.rpc.timeout.min = 5s (custom)
2024-05-06 08:59:26,603 [90b7064f-8397-4c9e-a509-54ea80c9149b-groupManagement] INFO  server.RaftServerConfigKeys (ConfUtils.java:logGet(46)) - raft.server.rpc.timeout.max = 5200ms (custom)
2024-05-06 08:59:26,603 [90b7064f-8397-4c9e-a509-54ea80c9149b-groupManagement] INFO  server.RaftServerConfigKeys (ConfUtils.java:logGet(46)) - raft.server.rpc.sleep.time = 25ms (default)
2024-05-06 08:59:26,603 [90b7064f-8397-4c9e-a509-54ea80c9149b-groupManagement] INFO  server.RaftServerConfigKeys (ConfUtils.java:logGet(46)) - raft.server.rpc.slowness.timeout = 300000ms (custom)
2024-05-06 08:59:26,603 [90b7064f-8397-4c9e-a509-54ea80c9149b-groupManagement] INFO  server.RaftServerConfigKeys (ConfUtils.java:logGet(46)) - raft.server.leaderelection.leader.step-down.wait-time = 10s (default)
2024-05-06 08:59:26,603 [90b7064f-8397-4c9e-a509-54ea80c9149b-groupManagement] INFO  server.RaftServerConfigKeys (ConfUtils.java:logGet(46)) - raft.server.leaderelection.member.majority-add = false (default)
2024-05-06 08:59:26,603 [90b7064f-8397-4c9e-a509-54ea80c9149b-groupManagement] INFO  server.RaftServerConfigKeys (ConfUtils.java:logGet(46)) - raft.server.sleep.deviation.threshold = 300ms (default)
2024-05-06 08:59:26,603 [90b7064f-8397-4c9e-a509-54ea80c9149b-groupManagement] INFO  server.RaftServer$Division (ServerState.java:<init>(113)) - 90b7064f-8397-4c9e-a509-54ea80c9149b@group-A9BF880E318F: ConfigurationManager, init=-1: peers:[0e9e7d01-6cef-4822-a23d-4188eb8fb4d0|127.0.0.1:15085, 90b7064f-8397-4c9e-a509-54ea80c9149b|127.0.0.1:15067, 784e0075-095e-4f49-808e-af9ec74479d6|127.0.0.1:15076]|listeners:[], old=null, confs=<EMPTY_MAP>
2024-05-06 08:59:26,603 [90b7064f-8397-4c9e-a509-54ea80c9149b-groupManagement] INFO  server.RaftServerConfigKeys (ConfUtils.java:logGet(46)) - raft.server.notification.no-leader.timeout = 300000ms (custom)
2024-05-06 08:59:26,603 [90b7064f-8397-4c9e-a509-54ea80c9149b-groupManagement] INFO  server.RaftServerConfigKeys (ConfUtils.java:logGet(46)) - raft.server.read.timeout = 10s (default)
2024-05-06 08:59:26,603 [90b7064f-8397-4c9e-a509-54ea80c9149b-groupManagement] INFO  server.RaftServerConfigKeys (ConfUtils.java:logGet(46)) - raft.server.retrycache.expirytime = 600000ms (custom)
2024-05-06 08:59:26,603 [90b7064f-8397-4c9e-a509-54ea80c9149b-groupManagement] INFO  server.RaftServerConfigKeys (ConfUtils.java:logGet(46)) - raft.server.retrycache.statistics.expirytime = 100ms (default)
2024-05-06 08:59:26,603 [90b7064f-8397-4c9e-a509-54ea80c9149b-groupManagement] INFO  server.RaftServerConfigKeys (ConfUtils.java:logGet(46)) - raft.server.read.option = DEFAULT (default)
2024-05-06 08:59:26,603 [90b7064f-8397-4c9e-a509-54ea80c9149b-groupManagement] INFO  server.RaftServerConfigKeys (ConfUtils.java:logGet(46)) - raft.server.read.read-after-write-consistent.write-index-cache.expiry-time = 60s (default)
2024-05-06 08:59:26,605 [90b7064f-8397-4c9e-a509-54ea80c9149b-groupManagement] INFO  server.RaftServerConfigKeys (ConfUtils.java:logGet(46)) - raft.server.rpc.request.timeout = 3000ms (default)
2024-05-06 08:59:26,605 [90b7064f-8397-4c9e-a509-54ea80c9149b-groupManagement] INFO  server.RaftServerConfigKeys (ConfUtils.java:logGet(46)) - raft.server.log.appender.install.snapshot.enabled = false (custom)
2024-05-06 08:59:26,605 [90b7064f-8397-4c9e-a509-54ea80c9149b-groupManagement] INFO  server.RaftServerConfigKeys (ConfUtils.java:logGet(46)) - raft.server.threadpool.server.cached = true (default)
2024-05-06 08:59:26,605 [90b7064f-8397-4c9e-a509-54ea80c9149b-groupManagement] INFO  server.RaftServerConfigKeys (ConfUtils.java:logGet(46)) - raft.server.threadpool.server.size = 0 (default)
2024-05-06 08:59:26,605 [90b7064f-8397-4c9e-a509-54ea80c9149b-groupManagement] INFO  server.RaftServerConfigKeys (ConfUtils.java:logGet(46)) - raft.server.threadpool.client.cached = true (default)
2024-05-06 08:59:26,606 [90b7064f-8397-4c9e-a509-54ea80c9149b-groupManagement] INFO  server.RaftServerConfigKeys (ConfUtils.java:logGet(46)) - raft.server.threadpool.client.size = 0 (default)
2024-05-06 08:59:26,606 [90b7064f-8397-4c9e-a509-54ea80c9149b-groupManagement] INFO  server.RaftServerConfigKeys (ConfUtils.java:logGet(46)) - raft.server.storage.free-space.min = 0MB (=0) (default)
2024-05-06 08:59:26,606 [90b7064f-8397-4c9e-a509-54ea80c9149b-groupManagement] INFO  server.RaftServerConfigKeys (ConfUtils.java:logGet(46)) - raft.server.log.corruption.policy = EXCEPTION (default)
2024-05-06 08:59:26,606 [90b7064f-8397-4c9e-a509-54ea80c9149b-groupManagement] INFO  server.RaftServerConfigKeys (ConfUtils.java:logGet(46)) - raft.server.storage.dir = [/home/runner/work/ozone/ozone/hadoop-ozone/integration-test/target/test-dir/MiniOzoneClusterImpl-f8a20603-669c-41d5-94ea-e080bd68b2ef/ozone-meta/datanode-1/ratis] (custom)
2024-05-06 08:59:26,606 [90b7064f-8397-4c9e-a509-54ea80c9149b-groupManagement] INFO  storage.RaftStorageDirectory (RaftStorageDirectoryImpl.java:analyzeStorage(138)) - The storage directory /home/runner/work/ozone/ozone/hadoop-ozone/integration-test/target/test-dir/MiniOzoneClusterImpl-f8a20603-669c-41d5-94ea-e080bd68b2ef/ozone-meta/datanode-1/ratis/87f1befd-0e19-4082-a863-a9bf880e318f does not exist. Creating ...
2024-05-06 08:59:26,607 [90b7064f-8397-4c9e-a509-54ea80c9149b-groupManagement] INFO  storage.RaftStorageDirectory (RaftStorageDirectoryImpl.java:tryLock(228)) - Lock on /home/runner/work/ozone/ozone/hadoop-ozone/integration-test/target/test-dir/MiniOzoneClusterImpl-f8a20603-669c-41d5-94ea-e080bd68b2ef/ozone-meta/datanode-1/ratis/87f1befd-0e19-4082-a863-a9bf880e318f/in_use.lock acquired by nodename 54013@fv-az699-623
2024-05-06 08:59:26,608 [90b7064f-8397-4c9e-a509-54ea80c9149b-groupManagement] INFO  storage.RaftStorage (RaftStorageImpl.java:format(99)) - Storage directory /home/runner/work/ozone/ozone/hadoop-ozone/integration-test/target/test-dir/MiniOzoneClusterImpl-f8a20603-669c-41d5-94ea-e080bd68b2ef/ozone-meta/datanode-1/ratis/87f1befd-0e19-4082-a863-a9bf880e318f has been successfully formatted.
2024-05-06 08:59:26,608 [90b7064f-8397-4c9e-a509-54ea80c9149b-groupManagement] WARN  util.FileUtils (LogUtils.java:supplyAndLog(63)) - Failed to Files.newInputStream /home/runner/work/ozone/ozone/hadoop-ozone/integration-test/target/test-dir/MiniOzoneClusterImpl-f8a20603-669c-41d5-94ea-e080bd68b2ef/ozone-meta/datanode-1/ratis/87f1befd-0e19-4082-a863-a9bf880e318f/current/raft-meta.conf with options []: java.nio.file.NoSuchFileException: /home/runner/work/ozone/ozone/hadoop-ozone/integration-test/target/test-dir/MiniOzoneClusterImpl-f8a20603-669c-41d5-94ea-e080bd68b2ef/ozone-meta/datanode-1/ratis/87f1befd-0e19-4082-a863-a9bf880e318f/current/raft-meta.conf
2024-05-06 08:59:26,608 [90b7064f-8397-4c9e-a509-54ea80c9149b-groupManagement] INFO  ratis.ContainerStateMachine (ContainerStateMachine.java:loadSnapshot(287)) - group-A9BF880E318F: The snapshot info is null. Setting the last applied index to:(t:0, i:~)
2024-05-06 08:59:26,608 [90b7064f-8397-4c9e-a509-54ea80c9149b-groupManagement] INFO  server.RaftServerConfigKeys (ConfUtils.java:logGet(46)) - raft.server.log.use.memory = false (default)
2024-05-06 08:59:26,608 [90b7064f-8397-4c9e-a509-54ea80c9149b-groupManagement] INFO  server.RaftServerConfigKeys (ConfUtils.java:logGet(46)) - raft.server.log.purge.gap = 1000000 (custom)
2024-05-06 08:59:26,608 [90b7064f-8397-4c9e-a509-54ea80c9149b-groupManagement] INFO  server.RaftServerConfigKeys (ConfUtils.java:logGet(46)) - raft.server.log.appender.buffer.byte-limit = 8388608 (custom)
2024-05-06 08:59:26,608 [90b7064f-8397-4c9e-a509-54ea80c9149b-groupManagement] INFO  server.RaftServerConfigKeys (ConfUtils.java:logGet(46)) - raft.server.log.statemachine.data.read.timeout = 1000ms (default)
2024-05-06 08:59:26,608 [90b7064f-8397-4c9e-a509-54ea80c9149b-groupManagement] INFO  server.RaftServerConfigKeys (ConfUtils.java:logGet(46)) - raft.server.log.purge.preservation.log.num = 0 (default)
2024-05-06 08:59:26,609 [EventQueue-OpenPipelineForHealthyPipelineSafeModeRule] INFO  safemode.SCMSafeModeManager (HealthyPipelineSafeModeRule.java:process(140)) - SCM in safe mode. Healthy pipelines reported count is 0, required healthy pipeline reported count is 1
2024-05-06 08:59:26,610 [90b7064f-8397-4c9e-a509-54ea80c9149b-groupManagement] INFO  server.RaftServerConfigKeys (ConfUtils.java:logGet(46)) - raft.server.log.segment.size.max = 67108864 (custom)
2024-05-06 08:59:26,610 [90b7064f-8397-4c9e-a509-54ea80c9149b-groupManagement] INFO  server.RaftServerConfigKeys (ConfUtils.java:logGet(46)) - raft.server.log.segment.cache.num.max = 2 (custom)
2024-05-06 08:59:26,610 [90b7064f-8397-4c9e-a509-54ea80c9149b-groupManagement] INFO  server.RaftServerConfigKeys (ConfUtils.java:logGet(46)) - raft.server.log.segment.cache.size.max = 200MB (=209715200) (default)
2024-05-06 08:59:26,610 [90b7064f-8397-4c9e-a509-54ea80c9149b-groupManagement] INFO  server.RaftServerConfigKeys (ConfUtils.java:logGet(46)) - raft.server.log.appender.buffer.byte-limit = 8388608 (custom)
2024-05-06 08:59:26,610 [90b7064f-8397-4c9e-a509-54ea80c9149b-groupManagement] INFO  util.AwaitToRun (AwaitToRun.java:start(81)) - Thread[90b7064f-8397-4c9e-a509-54ea80c9149b@group-A9BF880E318F-cacheEviction-AwaitToRun,5,main] started
2024-05-06 08:59:26,610 [90b7064f-8397-4c9e-a509-54ea80c9149b-groupManagement] INFO  segmented.SegmentedRaftLogWorker (SegmentedRaftLogWorker.java:<init>(182)) - new 90b7064f-8397-4c9e-a509-54ea80c9149b@group-A9BF880E318F-SegmentedRaftLogWorker for RaftStorageImpl:Storage Directory /home/runner/work/ozone/ozone/hadoop-ozone/integration-test/target/test-dir/MiniOzoneClusterImpl-f8a20603-669c-41d5-94ea-e080bd68b2ef/ozone-meta/datanode-1/ratis/87f1befd-0e19-4082-a863-a9bf880e318f
2024-05-06 08:59:26,610 [90b7064f-8397-4c9e-a509-54ea80c9149b-groupManagement] INFO  server.RaftServerConfigKeys (ConfUtils.java:logGet(46)) - raft.server.log.queue.byte-limit = 4294967296 (custom)
2024-05-06 08:59:26,610 [90b7064f-8397-4c9e-a509-54ea80c9149b-groupManagement] INFO  server.RaftServerConfigKeys (ConfUtils.java:logGet(46)) - raft.server.log.queue.element-limit = 1024 (custom)
2024-05-06 08:59:26,610 [90b7064f-8397-4c9e-a509-54ea80c9149b-groupManagement] INFO  server.RaftServerConfigKeys (ConfUtils.java:logGet(46)) - raft.server.log.segment.size.max = 67108864 (custom)
2024-05-06 08:59:26,610 [90b7064f-8397-4c9e-a509-54ea80c9149b-groupManagement] INFO  server.RaftServerConfigKeys (ConfUtils.java:logGet(46)) - raft.server.log.preallocated.size = 4194304 (custom)
2024-05-06 08:59:26,610 [90b7064f-8397-4c9e-a509-54ea80c9149b-groupManagement] INFO  server.RaftServerConfigKeys (ConfUtils.java:logGet(46)) - raft.server.log.force.sync.num = 128 (default)
2024-05-06 08:59:26,610 [90b7064f-8397-4c9e-a509-54ea80c9149b-groupManagement] INFO  server.RaftServerConfigKeys (ConfUtils.java:logGet(46)) - raft.server.log.statemachine.data.sync = true (default)
2024-05-06 08:59:26,611 [90b7064f-8397-4c9e-a509-54ea80c9149b-groupManagement] INFO  server.RaftServerConfigKeys (ConfUtils.java:logGet(46)) - raft.server.log.statemachine.data.sync.timeout = 10s (default)
2024-05-06 08:59:26,611 [90b7064f-8397-4c9e-a509-54ea80c9149b-groupManagement] INFO  server.RaftServerConfigKeys (ConfUtils.java:logGet(46)) - raft.server.log.statemachine.data.sync.timeout.retry = 30 (custom)
2024-05-06 08:59:26,611 [90b7064f-8397-4c9e-a509-54ea80c9149b-groupManagement] INFO  server.RaftServerConfigKeys (ConfUtils.java:logGet(46)) - raft.server.log.write.buffer.size = 8388616 (custom)
2024-05-06 08:59:26,612 [90b7064f-8397-4c9e-a509-54ea80c9149b-groupManagement] INFO  server.RaftServerConfigKeys (ConfUtils.java:logGet(46)) - raft.server.log.appender.buffer.byte-limit = 8388608 (custom)
2024-05-06 08:59:26,612 [90b7064f-8397-4c9e-a509-54ea80c9149b-groupManagement] INFO  server.RaftServerConfigKeys (ConfUtils.java:logGet(46)) - raft.server.log.unsafe-flush.enabled = false (default)
2024-05-06 08:59:26,612 [90b7064f-8397-4c9e-a509-54ea80c9149b-groupManagement] INFO  server.RaftServerConfigKeys (ConfUtils.java:logGet(46)) - raft.server.log.async-flush.enabled = false (default)
2024-05-06 08:59:26,613 [90b7064f-8397-4c9e-a509-54ea80c9149b-groupManagement] INFO  server.RaftServerConfigKeys (ConfUtils.java:logGet(46)) - raft.server.log.statemachine.data.caching.enabled = true (custom)
2024-05-06 08:59:26,613 [90b7064f-8397-4c9e-a509-54ea80c9149b-groupManagement] INFO  segmented.SegmentedRaftLogWorker (SegmentedRaftLogWorker.java:lambda$new$0(134)) - 90b7064f-8397-4c9e-a509-54ea80c9149b@group-A9BF880E318F-SegmentedRaftLogWorker: flushIndex: setUnconditionally 0 -> -1
2024-05-06 08:59:26,613 [90b7064f-8397-4c9e-a509-54ea80c9149b-groupManagement] INFO  segmented.SegmentedRaftLogWorker (SegmentedRaftLogWorker.java:lambda$new$0(134)) - 90b7064f-8397-4c9e-a509-54ea80c9149b@group-A9BF880E318F-SegmentedRaftLogWorker: safeCacheEvictIndex: setUnconditionally 0 -> -1
2024-05-06 08:59:26,615 [90b7064f-8397-4c9e-a509-54ea80c9149b-groupManagement] INFO  server.RaftServer$Division (RaftServerImpl.java:start(396)) - 90b7064f-8397-4c9e-a509-54ea80c9149b@group-A9BF880E318F: start as a follower, conf=-1: peers:[0e9e7d01-6cef-4822-a23d-4188eb8fb4d0|127.0.0.1:15085, 90b7064f-8397-4c9e-a509-54ea80c9149b|127.0.0.1:15067, 784e0075-095e-4f49-808e-af9ec74479d6|127.0.0.1:15076]|listeners:[], old=null
2024-05-06 08:59:26,615 [90b7064f-8397-4c9e-a509-54ea80c9149b-groupManagement] INFO  server.RaftServer$Division (RaftServerImpl.java:setRole(383)) - 90b7064f-8397-4c9e-a509-54ea80c9149b@group-A9BF880E318F: changes role from      null to FOLLOWER at term 0 for startAsFollower
2024-05-06 08:59:26,615 [90b7064f-8397-4c9e-a509-54ea80c9149b-groupManagement] INFO  impl.RoleInfo (RoleInfo.java:updateAndGet(139)) - 90b7064f-8397-4c9e-a509-54ea80c9149b: start 90b7064f-8397-4c9e-a509-54ea80c9149b@group-A9BF880E318F-FollowerState
2024-05-06 08:59:26,615 [90b7064f-8397-4c9e-a509-54ea80c9149b-groupManagement] INFO  util.JmxRegister (JmxRegister.java:tryRegister(44)) - Successfully registered JMX Bean with object name Ratis:service=RaftServer,group=group-A9BF880E318F,id=90b7064f-8397-4c9e-a509-54ea80c9149b
2024-05-06 08:59:26,615 [90b7064f-8397-4c9e-a509-54ea80c9149b-groupManagement] INFO  server.RaftServerConfigKeys (ConfUtils.java:logGet(46)) - raft.server.snapshot.trigger-when-stop.enabled = true (default)
2024-05-06 08:59:26,615 [90b7064f-8397-4c9e-a509-54ea80c9149b-groupManagement] INFO  server.RaftServerConfigKeys (ConfUtils.java:logGet(46)) - raft.server.snapshot.auto.trigger.enabled = true (custom)
2024-05-06 08:59:26,615 [90b7064f-8397-4c9e-a509-54ea80c9149b-groupManagement] INFO  server.RaftServerConfigKeys (ConfUtils.java:logGet(46)) - raft.server.snapshot.auto.trigger.threshold = 10000 (custom)
2024-05-06 08:59:26,616 [90b7064f-8397-4c9e-a509-54ea80c9149b-groupManagement] INFO  server.RaftServerConfigKeys (ConfUtils.java:logGet(46)) - raft.server.snapshot.retention.file.num = 5 (custom)
2024-05-06 08:59:26,616 [90b7064f-8397-4c9e-a509-54ea80c9149b-groupManagement] INFO  server.RaftServerConfigKeys (ConfUtils.java:logGet(46)) - raft.server.log.purge.upto.snapshot.index = false (default)
2024-05-06 08:59:26,615 [90b7064f-8397-4c9e-a509-54ea80c9149b@group-A9BF880E318F-FollowerState] INFO  server.RaftServerConfigKeys (ConfUtils.java:logFallback(53)) - raft.server.rpc.first-election.timeout.min = 5s (fallback to raft.server.rpc.timeout.min)
2024-05-06 08:59:26,616 [90b7064f-8397-4c9e-a509-54ea80c9149b@group-A9BF880E318F-FollowerState] INFO  server.RaftServerConfigKeys (ConfUtils.java:logFallback(53)) - raft.server.rpc.first-election.timeout.max = 5200ms (fallback to raft.server.rpc.timeout.max)
2024-05-06 08:59:26,616 [90b7064f-8397-4c9e-a509-54ea80c9149b-PipelineCommandHandlerThread-0] INFO  ratis.XceiverServerRatis (XceiverServerRatis.java:addGroup(864)) - Created group PipelineID=87f1befd-0e19-4082-a863-a9bf880e318f
2024-05-06 08:59:26,640 [grpc-default-executor-0] INFO  server.RaftServer (RaftServerProxy.java:addNew(100)) - 784e0075-095e-4f49-808e-af9ec74479d6: addNew group-A9BF880E318F:[0e9e7d01-6cef-4822-a23d-4188eb8fb4d0|127.0.0.1:15085, 90b7064f-8397-4c9e-a509-54ea80c9149b|127.0.0.1:15067, 784e0075-095e-4f49-808e-af9ec74479d6|127.0.0.1:15076] returns group-A9BF880E318F:java.util.concurrent.CompletableFuture@2b8a1fa8[Not completed]
2024-05-06 08:59:26,642 [784e0075-095e-4f49-808e-af9ec74479d6-groupManagement] INFO  server.RaftServer$Division (RaftServerImpl.java:<init>(256)) - 784e0075-095e-4f49-808e-af9ec74479d6: new RaftServerImpl for group-A9BF880E318F:[0e9e7d01-6cef-4822-a23d-4188eb8fb4d0|127.0.0.1:15085, 90b7064f-8397-4c9e-a509-54ea80c9149b|127.0.0.1:15067, 784e0075-095e-4f49-808e-af9ec74479d6|127.0.0.1:15076] with ContainerStateMachine:uninitialized
2024-05-06 08:59:26,642 [784e0075-095e-4f49-808e-af9ec74479d6-groupManagement] INFO  server.RaftServerConfigKeys (ConfUtils.java:logGet(46)) - raft.server.rpc.timeout.min = 5s (custom)
2024-05-06 08:59:26,642 [784e0075-095e-4f49-808e-af9ec74479d6-groupManagement] INFO  server.RaftServerConfigKeys (ConfUtils.java:logGet(46)) - raft.server.rpc.timeout.max = 5200ms (custom)
2024-05-06 08:59:26,642 [784e0075-095e-4f49-808e-af9ec74479d6-groupManagement] INFO  server.RaftServerConfigKeys (ConfUtils.java:logGet(46)) - raft.server.rpc.sleep.time = 25ms (default)
2024-05-06 08:59:26,642 [784e0075-095e-4f49-808e-af9ec74479d6-groupManagement] INFO  server.RaftServerConfigKeys (ConfUtils.java:logGet(46)) - raft.server.rpc.slowness.timeout = 300000ms (custom)
2024-05-06 08:59:26,642 [784e0075-095e-4f49-808e-af9ec74479d6-groupManagement] INFO  server.RaftServerConfigKeys (ConfUtils.java:logGet(46)) - raft.server.leaderelection.leader.step-down.wait-time = 10s (default)
2024-05-06 08:59:26,642 [784e0075-095e-4f49-808e-af9ec74479d6-groupManagement] INFO  server.RaftServerConfigKeys (ConfUtils.java:logGet(46)) - raft.server.leaderelection.member.majority-add = false (default)
2024-05-06 08:59:26,642 [784e0075-095e-4f49-808e-af9ec74479d6-groupManagement] INFO  server.RaftServerConfigKeys (ConfUtils.java:logGet(46)) - raft.server.sleep.deviation.threshold = 300ms (default)
2024-05-06 08:59:26,642 [784e0075-095e-4f49-808e-af9ec74479d6-groupManagement] INFO  server.RaftServer$Division (ServerState.java:<init>(113)) - 784e0075-095e-4f49-808e-af9ec74479d6@group-A9BF880E318F: ConfigurationManager, init=-1: peers:[0e9e7d01-6cef-4822-a23d-4188eb8fb4d0|127.0.0.1:15085, 90b7064f-8397-4c9e-a509-54ea80c9149b|127.0.0.1:15067, 784e0075-095e-4f49-808e-af9ec74479d6|127.0.0.1:15076]|listeners:[], old=null, confs=<EMPTY_MAP>
2024-05-06 08:59:26,642 [784e0075-095e-4f49-808e-af9ec74479d6-groupManagement] INFO  server.RaftServerConfigKeys (ConfUtils.java:logGet(46)) - raft.server.notification.no-leader.timeout = 300000ms (custom)
2024-05-06 08:59:26,643 [784e0075-095e-4f49-808e-af9ec74479d6-groupManagement] INFO  server.RaftServerConfigKeys (ConfUtils.java:logGet(46)) - raft.server.read.timeout = 10s (default)
2024-05-06 08:59:26,643 [784e0075-095e-4f49-808e-af9ec74479d6-groupManagement] INFO  server.RaftServerConfigKeys (ConfUtils.java:logGet(46)) - raft.server.retrycache.expirytime = 600000ms (custom)
2024-05-06 08:59:26,643 [784e0075-095e-4f49-808e-af9ec74479d6-groupManagement] INFO  server.RaftServerConfigKeys (ConfUtils.java:logGet(46)) - raft.server.retrycache.statistics.expirytime = 100ms (default)
2024-05-06 08:59:26,643 [784e0075-095e-4f49-808e-af9ec74479d6-groupManagement] INFO  server.RaftServerConfigKeys (ConfUtils.java:logGet(46)) - raft.server.read.option = DEFAULT (default)
2024-05-06 08:59:26,643 [784e0075-095e-4f49-808e-af9ec74479d6-groupManagement] INFO  server.RaftServerConfigKeys (ConfUtils.java:logGet(46)) - raft.server.read.read-after-write-consistent.write-index-cache.expiry-time = 60s (default)
2024-05-06 08:59:26,645 [784e0075-095e-4f49-808e-af9ec74479d6-groupManagement] INFO  server.RaftServerConfigKeys (ConfUtils.java:logGet(46)) - raft.server.rpc.request.timeout = 3000ms (default)
2024-05-06 08:59:26,645 [784e0075-095e-4f49-808e-af9ec74479d6-groupManagement] INFO  server.RaftServerConfigKeys (ConfUtils.java:logGet(46)) - raft.server.log.appender.install.snapshot.enabled = false (custom)
2024-05-06 08:59:26,645 [784e0075-095e-4f49-808e-af9ec74479d6-groupManagement] INFO  server.RaftServerConfigKeys (ConfUtils.java:logGet(46)) - raft.server.threadpool.server.cached = true (default)
2024-05-06 08:59:26,645 [784e0075-095e-4f49-808e-af9ec74479d6-groupManagement] INFO  server.RaftServerConfigKeys (ConfUtils.java:logGet(46)) - raft.server.threadpool.server.size = 0 (default)
2024-05-06 08:59:26,646 [784e0075-095e-4f49-808e-af9ec74479d6-groupManagement] INFO  server.RaftServerConfigKeys (ConfUtils.java:logGet(46)) - raft.server.threadpool.client.cached = true (default)
2024-05-06 08:59:26,646 [784e0075-095e-4f49-808e-af9ec74479d6-groupManagement] INFO  server.RaftServerConfigKeys (ConfUtils.java:logGet(46)) - raft.server.threadpool.client.size = 0 (default)
2024-05-06 08:59:26,647 [784e0075-095e-4f49-808e-af9ec74479d6-groupManagement] INFO  server.RaftServerConfigKeys (ConfUtils.java:logGet(46)) - raft.server.storage.free-space.min = 0MB (=0) (default)
2024-05-06 08:59:26,647 [784e0075-095e-4f49-808e-af9ec74479d6-groupManagement] INFO  server.RaftServerConfigKeys (ConfUtils.java:logGet(46)) - raft.server.log.corruption.policy = EXCEPTION (default)
2024-05-06 08:59:26,647 [784e0075-095e-4f49-808e-af9ec74479d6-groupManagement] INFO  server.RaftServerConfigKeys (ConfUtils.java:logGet(46)) - raft.server.storage.dir = [/home/runner/work/ozone/ozone/hadoop-ozone/integration-test/target/test-dir/MiniOzoneClusterImpl-f8a20603-669c-41d5-94ea-e080bd68b2ef/ozone-meta/datanode-2/ratis] (custom)
2024-05-06 08:59:26,647 [784e0075-095e-4f49-808e-af9ec74479d6-groupManagement] INFO  storage.RaftStorageDirectory (RaftStorageDirectoryImpl.java:analyzeStorage(138)) - The storage directory /home/runner/work/ozone/ozone/hadoop-ozone/integration-test/target/test-dir/MiniOzoneClusterImpl-f8a20603-669c-41d5-94ea-e080bd68b2ef/ozone-meta/datanode-2/ratis/87f1befd-0e19-4082-a863-a9bf880e318f does not exist. Creating ...
2024-05-06 08:59:26,648 [784e0075-095e-4f49-808e-af9ec74479d6-groupManagement] INFO  storage.RaftStorageDirectory (RaftStorageDirectoryImpl.java:tryLock(228)) - Lock on /home/runner/work/ozone/ozone/hadoop-ozone/integration-test/target/test-dir/MiniOzoneClusterImpl-f8a20603-669c-41d5-94ea-e080bd68b2ef/ozone-meta/datanode-2/ratis/87f1befd-0e19-4082-a863-a9bf880e318f/in_use.lock acquired by nodename 54013@fv-az699-623
2024-05-06 08:59:26,649 [784e0075-095e-4f49-808e-af9ec74479d6-PipelineCommandHandlerThread-0] INFO  server.RaftServer (RaftServerProxy.java:addNew(100)) - 784e0075-095e-4f49-808e-af9ec74479d6: addNew group-5CFE60BBC8FA:[784e0075-095e-4f49-808e-af9ec74479d6|127.0.0.1:15076] returns group-5CFE60BBC8FA:java.util.concurrent.CompletableFuture@7fe15115[Not completed]
2024-05-06 08:59:26,650 [784e0075-095e-4f49-808e-af9ec74479d6-groupManagement] INFO  storage.RaftStorage (RaftStorageImpl.java:format(99)) - Storage directory /home/runner/work/ozone/ozone/hadoop-ozone/integration-test/target/test-dir/MiniOzoneClusterImpl-f8a20603-669c-41d5-94ea-e080bd68b2ef/ozone-meta/datanode-2/ratis/87f1befd-0e19-4082-a863-a9bf880e318f has been successfully formatted.
2024-05-06 08:59:26,650 [784e0075-095e-4f49-808e-af9ec74479d6-groupManagement] WARN  util.FileUtils (LogUtils.java:supplyAndLog(63)) - Failed to Files.newInputStream /home/runner/work/ozone/ozone/hadoop-ozone/integration-test/target/test-dir/MiniOzoneClusterImpl-f8a20603-669c-41d5-94ea-e080bd68b2ef/ozone-meta/datanode-2/ratis/87f1befd-0e19-4082-a863-a9bf880e318f/current/raft-meta.conf with options []: java.nio.file.NoSuchFileException: /home/runner/work/ozone/ozone/hadoop-ozone/integration-test/target/test-dir/MiniOzoneClusterImpl-f8a20603-669c-41d5-94ea-e080bd68b2ef/ozone-meta/datanode-2/ratis/87f1befd-0e19-4082-a863-a9bf880e318f/current/raft-meta.conf
2024-05-06 08:59:26,650 [784e0075-095e-4f49-808e-af9ec74479d6-groupManagement] INFO  ratis.ContainerStateMachine (ContainerStateMachine.java:loadSnapshot(287)) - group-A9BF880E318F: The snapshot info is null. Setting the last applied index to:(t:0, i:~)
2024-05-06 08:59:26,650 [784e0075-095e-4f49-808e-af9ec74479d6-groupManagement] INFO  server.RaftServerConfigKeys (ConfUtils.java:logGet(46)) - raft.server.log.use.memory = false (default)
2024-05-06 08:59:26,650 [784e0075-095e-4f49-808e-af9ec74479d6-groupManagement] INFO  server.RaftServerConfigKeys (ConfUtils.java:logGet(46)) - raft.server.log.purge.gap = 1000000 (custom)
2024-05-06 08:59:26,650 [784e0075-095e-4f49-808e-af9ec74479d6-groupManagement] INFO  server.RaftServerConfigKeys (ConfUtils.java:logGet(46)) - raft.server.log.appender.buffer.byte-limit = 8388608 (custom)
2024-05-06 08:59:26,650 [784e0075-095e-4f49-808e-af9ec74479d6-groupManagement] INFO  server.RaftServerConfigKeys (ConfUtils.java:logGet(46)) - raft.server.log.statemachine.data.read.timeout = 1000ms (default)
2024-05-06 08:59:26,651 [784e0075-095e-4f49-808e-af9ec74479d6-groupManagement] INFO  server.RaftServerConfigKeys (ConfUtils.java:logGet(46)) - raft.server.log.purge.preservation.log.num = 0 (default)
2024-05-06 08:59:26,651 [EventQueue-PipelineReportForPipelineReportHandler] INFO  pipeline.PipelineReportHandler (PipelineReportHandler.java:processPipelineReport(136)) - Opened pipeline PipelineID=4e261f18-1c4a-4e78-8ec9-5cfe60bbc8fa
2024-05-06 08:59:26,651 [EventQueue-OpenPipelineForHealthyPipelineSafeModeRule] INFO  safemode.SCMSafeModeManager (HealthyPipelineSafeModeRule.java:process(140)) - SCM in safe mode. Healthy pipelines reported count is 0, required healthy pipeline reported count is 1
2024-05-06 08:59:26,652 [784e0075-095e-4f49-808e-af9ec74479d6-groupManagement] INFO  server.RaftServerConfigKeys (ConfUtils.java:logGet(46)) - raft.server.log.segment.size.max = 67108864 (custom)
2024-05-06 08:59:26,653 [784e0075-095e-4f49-808e-af9ec74479d6-groupManagement] INFO  server.RaftServerConfigKeys (ConfUtils.java:logGet(46)) - raft.server.log.segment.cache.num.max = 2 (custom)
2024-05-06 08:59:26,653 [784e0075-095e-4f49-808e-af9ec74479d6-groupManagement] INFO  server.RaftServerConfigKeys (ConfUtils.java:logGet(46)) - raft.server.log.segment.cache.size.max = 200MB (=209715200) (default)
2024-05-06 08:59:26,653 [784e0075-095e-4f49-808e-af9ec74479d6-groupManagement] INFO  server.RaftServerConfigKeys (ConfUtils.java:logGet(46)) - raft.server.log.appender.buffer.byte-limit = 8388608 (custom)
2024-05-06 08:59:26,653 [784e0075-095e-4f49-808e-af9ec74479d6-groupManagement] INFO  util.AwaitToRun (AwaitToRun.java:start(81)) - Thread[784e0075-095e-4f49-808e-af9ec74479d6@group-A9BF880E318F-cacheEviction-AwaitToRun,5,main] started
2024-05-06 08:59:26,653 [784e0075-095e-4f49-808e-af9ec74479d6-groupManagement] INFO  segmented.SegmentedRaftLogWorker (SegmentedRaftLogWorker.java:<init>(182)) - new 784e0075-095e-4f49-808e-af9ec74479d6@group-A9BF880E318F-SegmentedRaftLogWorker for RaftStorageImpl:Storage Directory /home/runner/work/ozone/ozone/hadoop-ozone/integration-test/target/test-dir/MiniOzoneClusterImpl-f8a20603-669c-41d5-94ea-e080bd68b2ef/ozone-meta/datanode-2/ratis/87f1befd-0e19-4082-a863-a9bf880e318f
2024-05-06 08:59:26,653 [784e0075-095e-4f49-808e-af9ec74479d6-groupManagement] INFO  server.RaftServerConfigKeys (ConfUtils.java:logGet(46)) - raft.server.log.queue.byte-limit = 4294967296 (custom)
2024-05-06 08:59:26,653 [784e0075-095e-4f49-808e-af9ec74479d6-groupManagement] INFO  server.RaftServerConfigKeys (ConfUtils.java:logGet(46)) - raft.server.log.queue.element-limit = 1024 (custom)
2024-05-06 08:59:26,653 [784e0075-095e-4f49-808e-af9ec74479d6-groupManagement] INFO  server.RaftServerConfigKeys (ConfUtils.java:logGet(46)) - raft.server.log.segment.size.max = 67108864 (custom)
2024-05-06 08:59:26,653 [784e0075-095e-4f49-808e-af9ec74479d6-groupManagement] INFO  server.RaftServerConfigKeys (ConfUtils.java:logGet(46)) - raft.server.log.preallocated.size = 4194304 (custom)
2024-05-06 08:59:26,654 [784e0075-095e-4f49-808e-af9ec74479d6-groupManagement] INFO  server.RaftServerConfigKeys (ConfUtils.java:logGet(46)) - raft.server.log.force.sync.num = 128 (default)
2024-05-06 08:59:26,654 [784e0075-095e-4f49-808e-af9ec74479d6-groupManagement] INFO  server.RaftServerConfigKeys (ConfUtils.java:logGet(46)) - raft.server.log.statemachine.data.sync = true (default)
2024-05-06 08:59:26,654 [784e0075-095e-4f49-808e-af9ec74479d6-groupManagement] INFO  server.RaftServerConfigKeys (ConfUtils.java:logGet(46)) - raft.server.log.statemachine.data.sync.timeout = 10s (default)
2024-05-06 08:59:26,654 [784e0075-095e-4f49-808e-af9ec74479d6-groupManagement] INFO  server.RaftServerConfigKeys (ConfUtils.java:logGet(46)) - raft.server.log.statemachine.data.sync.timeout.retry = 30 (custom)
2024-05-06 08:59:26,654 [784e0075-095e-4f49-808e-af9ec74479d6-groupManagement] INFO  server.RaftServerConfigKeys (ConfUtils.java:logGet(46)) - raft.server.log.write.buffer.size = 8388616 (custom)
2024-05-06 08:59:26,656 [784e0075-095e-4f49-808e-af9ec74479d6-groupManagement] INFO  server.RaftServerConfigKeys (ConfUtils.java:logGet(46)) - raft.server.log.appender.buffer.byte-limit = 8388608 (custom)
2024-05-06 08:59:26,656 [784e0075-095e-4f49-808e-af9ec74479d6-groupManagement] INFO  server.RaftServerConfigKeys (ConfUtils.java:logGet(46)) - raft.server.log.unsafe-flush.enabled = false (default)
2024-05-06 08:59:26,656 [784e0075-095e-4f49-808e-af9ec74479d6-groupManagement] INFO  server.RaftServerConfigKeys (ConfUtils.java:logGet(46)) - raft.server.log.async-flush.enabled = false (default)
2024-05-06 08:59:26,656 [784e0075-095e-4f49-808e-af9ec74479d6-groupManagement] INFO  server.RaftServerConfigKeys (ConfUtils.java:logGet(46)) - raft.server.log.statemachine.data.caching.enabled = true (custom)
2024-05-06 08:59:26,656 [784e0075-095e-4f49-808e-af9ec74479d6-groupManagement] INFO  segmented.SegmentedRaftLogWorker (SegmentedRaftLogWorker.java:lambda$new$0(134)) - 784e0075-095e-4f49-808e-af9ec74479d6@group-A9BF880E318F-SegmentedRaftLogWorker: flushIndex: setUnconditionally 0 -> -1
2024-05-06 08:59:26,657 [784e0075-095e-4f49-808e-af9ec74479d6-groupManagement] INFO  segmented.SegmentedRaftLogWorker (SegmentedRaftLogWorker.java:lambda$new$0(134)) - 784e0075-095e-4f49-808e-af9ec74479d6@group-A9BF880E318F-SegmentedRaftLogWorker: safeCacheEvictIndex: setUnconditionally 0 -> -1
2024-05-06 08:59:26,657 [784e0075-095e-4f49-808e-af9ec74479d6-groupManagement] INFO  server.RaftServer$Division (RaftServerImpl.java:start(396)) - 784e0075-095e-4f49-808e-af9ec74479d6@group-A9BF880E318F: start as a follower, conf=-1: peers:[0e9e7d01-6cef-4822-a23d-4188eb8fb4d0|127.0.0.1:15085, 90b7064f-8397-4c9e-a509-54ea80c9149b|127.0.0.1:15067, 784e0075-095e-4f49-808e-af9ec74479d6|127.0.0.1:15076]|listeners:[], old=null
2024-05-06 08:59:26,657 [784e0075-095e-4f49-808e-af9ec74479d6-groupManagement] INFO  server.RaftServer$Division (RaftServerImpl.java:setRole(383)) - 784e0075-095e-4f49-808e-af9ec74479d6@group-A9BF880E318F: changes role from      null to FOLLOWER at term 0 for startAsFollower
2024-05-06 08:59:26,657 [784e0075-095e-4f49-808e-af9ec74479d6-groupManagement] INFO  impl.RoleInfo (RoleInfo.java:updateAndGet(139)) - 784e0075-095e-4f49-808e-af9ec74479d6: start 784e0075-095e-4f49-808e-af9ec74479d6@group-A9BF880E318F-FollowerState
2024-05-06 08:59:26,657 [784e0075-095e-4f49-808e-af9ec74479d6@group-A9BF880E318F-FollowerState] INFO  server.RaftServerConfigKeys (ConfUtils.java:logFallback(53)) - raft.server.rpc.first-election.timeout.min = 5s (fallback to raft.server.rpc.timeout.min)
2024-05-06 08:59:26,657 [784e0075-095e-4f49-808e-af9ec74479d6-groupManagement] INFO  util.JmxRegister (JmxRegister.java:tryRegister(44)) - Successfully registered JMX Bean with object name Ratis:service=RaftServer,group=group-A9BF880E318F,id=784e0075-095e-4f49-808e-af9ec74479d6
2024-05-06 08:59:26,657 [784e0075-095e-4f49-808e-af9ec74479d6@group-A9BF880E318F-FollowerState] INFO  server.RaftServerConfigKeys (ConfUtils.java:logFallback(53)) - raft.server.rpc.first-election.timeout.max = 5200ms (fallback to raft.server.rpc.timeout.max)
2024-05-06 08:59:26,657 [784e0075-095e-4f49-808e-af9ec74479d6-groupManagement] INFO  server.RaftServerConfigKeys (ConfUtils.java:logGet(46)) - raft.server.snapshot.trigger-when-stop.enabled = true (default)
2024-05-06 08:59:26,658 [784e0075-095e-4f49-808e-af9ec74479d6-groupManagement] INFO  server.RaftServerConfigKeys (ConfUtils.java:logGet(46)) - raft.server.snapshot.auto.trigger.enabled = true (custom)
2024-05-06 08:59:26,658 [784e0075-095e-4f49-808e-af9ec74479d6-groupManagement] INFO  server.RaftServerConfigKeys (ConfUtils.java:logGet(46)) - raft.server.snapshot.auto.trigger.threshold = 10000 (custom)
2024-05-06 08:59:26,658 [784e0075-095e-4f49-808e-af9ec74479d6-groupManagement] INFO  server.RaftServerConfigKeys (ConfUtils.java:logGet(46)) - raft.server.snapshot.retention.file.num = 5 (custom)
2024-05-06 08:59:26,658 [784e0075-095e-4f49-808e-af9ec74479d6-groupManagement] INFO  server.RaftServerConfigKeys (ConfUtils.java:logGet(46)) - raft.server.log.purge.upto.snapshot.index = false (default)
2024-05-06 08:59:26,661 [784e0075-095e-4f49-808e-af9ec74479d6-groupManagement] INFO  server.RaftServer$Division (RaftServerImpl.java:<init>(256)) - 784e0075-095e-4f49-808e-af9ec74479d6: new RaftServerImpl for group-5CFE60BBC8FA:[784e0075-095e-4f49-808e-af9ec74479d6|127.0.0.1:15076] with ContainerStateMachine:uninitialized
2024-05-06 08:59:26,661 [784e0075-095e-4f49-808e-af9ec74479d6-groupManagement] INFO  server.RaftServerConfigKeys (ConfUtils.java:logGet(46)) - raft.server.rpc.timeout.min = 5s (custom)
2024-05-06 08:59:26,661 [784e0075-095e-4f49-808e-af9ec74479d6-groupManagement] INFO  server.RaftServerConfigKeys (ConfUtils.java:logGet(46)) - raft.server.rpc.timeout.max = 5200ms (custom)
2024-05-06 08:59:26,661 [784e0075-095e-4f49-808e-af9ec74479d6-groupManagement] INFO  server.RaftServerConfigKeys (ConfUtils.java:logGet(46)) - raft.server.rpc.sleep.time = 25ms (default)
2024-05-06 08:59:26,661 [784e0075-095e-4f49-808e-af9ec74479d6-groupManagement] INFO  server.RaftServerConfigKeys (ConfUtils.java:logGet(46)) - raft.server.rpc.slowness.timeout = 300000ms (custom)
2024-05-06 08:59:26,661 [784e0075-095e-4f49-808e-af9ec74479d6-groupManagement] INFO  server.RaftServerConfigKeys (ConfUtils.java:logGet(46)) - raft.server.leaderelection.leader.step-down.wait-time = 10s (default)
2024-05-06 08:59:26,661 [784e0075-095e-4f49-808e-af9ec74479d6-groupManagement] INFO  server.RaftServerConfigKeys (ConfUtils.java:logGet(46)) - raft.server.leaderelection.member.majority-add = false (default)
2024-05-06 08:59:26,662 [784e0075-095e-4f49-808e-af9ec74479d6-groupManagement] INFO  server.RaftServerConfigKeys (ConfUtils.java:logGet(46)) - raft.server.sleep.deviation.threshold = 300ms (default)
2024-05-06 08:59:26,662 [784e0075-095e-4f49-808e-af9ec74479d6-groupManagement] INFO  server.RaftServer$Division (ServerState.java:<init>(113)) - 784e0075-095e-4f49-808e-af9ec74479d6@group-5CFE60BBC8FA: ConfigurationManager, init=-1: peers:[784e0075-095e-4f49-808e-af9ec74479d6|127.0.0.1:15076]|listeners:[], old=null, confs=<EMPTY_MAP>
2024-05-06 08:59:26,662 [784e0075-095e-4f49-808e-af9ec74479d6-groupManagement] INFO  server.RaftServerConfigKeys (ConfUtils.java:logGet(46)) - raft.server.notification.no-leader.timeout = 300000ms (custom)
2024-05-06 08:59:26,662 [784e0075-095e-4f49-808e-af9ec74479d6-groupManagement] INFO  server.RaftServerConfigKeys (ConfUtils.java:logGet(46)) - raft.server.read.timeout = 10s (default)
2024-05-06 08:59:26,662 [784e0075-095e-4f49-808e-af9ec74479d6-groupManagement] INFO  server.RaftServerConfigKeys (ConfUtils.java:logGet(46)) - raft.server.retrycache.expirytime = 600000ms (custom)
2024-05-06 08:59:26,662 [784e0075-095e-4f49-808e-af9ec74479d6-groupManagement] INFO  server.RaftServerConfigKeys (ConfUtils.java:logGet(46)) - raft.server.retrycache.statistics.expirytime = 100ms (default)
2024-05-06 08:59:26,662 [784e0075-095e-4f49-808e-af9ec74479d6-groupManagement] INFO  server.RaftServerConfigKeys (ConfUtils.java:logGet(46)) - raft.server.read.option = DEFAULT (default)
2024-05-06 08:59:26,662 [784e0075-095e-4f49-808e-af9ec74479d6-groupManagement] INFO  server.RaftServerConfigKeys (ConfUtils.java:logGet(46)) - raft.server.read.read-after-write-consistent.write-index-cache.expiry-time = 60s (default)
2024-05-06 08:59:26,664 [784e0075-095e-4f49-808e-af9ec74479d6-groupManagement] INFO  server.RaftServerConfigKeys (ConfUtils.java:logGet(46)) - raft.server.rpc.request.timeout = 3000ms (default)
2024-05-06 08:59:26,664 [784e0075-095e-4f49-808e-af9ec74479d6-groupManagement] INFO  server.RaftServerConfigKeys (ConfUtils.java:logGet(46)) - raft.server.log.appender.install.snapshot.enabled = false (custom)
2024-05-06 08:59:26,665 [784e0075-095e-4f49-808e-af9ec74479d6-groupManagement] INFO  server.RaftServerConfigKeys (ConfUtils.java:logGet(46)) - raft.server.threadpool.server.cached = true (default)
2024-05-06 08:59:26,665 [784e0075-095e-4f49-808e-af9ec74479d6-groupManagement] INFO  server.RaftServerConfigKeys (ConfUtils.java:logGet(46)) - raft.server.threadpool.server.size = 0 (default)
2024-05-06 08:59:26,665 [784e0075-095e-4f49-808e-af9ec74479d6-groupManagement] INFO  server.RaftServerConfigKeys (ConfUtils.java:logGet(46)) - raft.server.threadpool.client.cached = true (default)
2024-05-06 08:59:26,665 [784e0075-095e-4f49-808e-af9ec74479d6-groupManagement] INFO  server.RaftServerConfigKeys (ConfUtils.java:logGet(46)) - raft.server.threadpool.client.size = 0 (default)
2024-05-06 08:59:26,665 [784e0075-095e-4f49-808e-af9ec74479d6-groupManagement] INFO  server.RaftServerConfigKeys (ConfUtils.java:logGet(46)) - raft.server.storage.free-space.min = 0MB (=0) (default)
2024-05-06 08:59:26,665 [784e0075-095e-4f49-808e-af9ec74479d6-groupManagement] INFO  server.RaftServerConfigKeys (ConfUtils.java:logGet(46)) - raft.server.log.corruption.policy = EXCEPTION (default)
2024-05-06 08:59:26,665 [784e0075-095e-4f49-808e-af9ec74479d6-groupManagement] INFO  server.RaftServerConfigKeys (ConfUtils.java:logGet(46)) - raft.server.storage.dir = [/home/runner/work/ozone/ozone/hadoop-ozone/integration-test/target/test-dir/MiniOzoneClusterImpl-f8a20603-669c-41d5-94ea-e080bd68b2ef/ozone-meta/datanode-2/ratis] (custom)
2024-05-06 08:59:26,666 [784e0075-095e-4f49-808e-af9ec74479d6-groupManagement] INFO  storage.RaftStorageDirectory (RaftStorageDirectoryImpl.java:analyzeStorage(138)) - The storage directory /home/runner/work/ozone/ozone/hadoop-ozone/integration-test/target/test-dir/MiniOzoneClusterImpl-f8a20603-669c-41d5-94ea-e080bd68b2ef/ozone-meta/datanode-2/ratis/4e261f18-1c4a-4e78-8ec9-5cfe60bbc8fa does not exist. Creating ...
2024-05-06 08:59:26,666 [784e0075-095e-4f49-808e-af9ec74479d6-groupManagement] INFO  storage.RaftStorageDirectory (RaftStorageDirectoryImpl.java:tryLock(228)) - Lock on /home/runner/work/ozone/ozone/hadoop-ozone/integration-test/target/test-dir/MiniOzoneClusterImpl-f8a20603-669c-41d5-94ea-e080bd68b2ef/ozone-meta/datanode-2/ratis/4e261f18-1c4a-4e78-8ec9-5cfe60bbc8fa/in_use.lock acquired by nodename 54013@fv-az699-623
2024-05-06 08:59:26,667 [784e0075-095e-4f49-808e-af9ec74479d6-groupManagement] INFO  storage.RaftStorage (RaftStorageImpl.java:format(99)) - Storage directory /home/runner/work/ozone/ozone/hadoop-ozone/integration-test/target/test-dir/MiniOzoneClusterImpl-f8a20603-669c-41d5-94ea-e080bd68b2ef/ozone-meta/datanode-2/ratis/4e261f18-1c4a-4e78-8ec9-5cfe60bbc8fa has been successfully formatted.
2024-05-06 08:59:26,668 [784e0075-095e-4f49-808e-af9ec74479d6-groupManagement] WARN  util.FileUtils (LogUtils.java:supplyAndLog(63)) - Failed to Files.newInputStream /home/runner/work/ozone/ozone/hadoop-ozone/integration-test/target/test-dir/MiniOzoneClusterImpl-f8a20603-669c-41d5-94ea-e080bd68b2ef/ozone-meta/datanode-2/ratis/4e261f18-1c4a-4e78-8ec9-5cfe60bbc8fa/current/raft-meta.conf with options []: java.nio.file.NoSuchFileException: /home/runner/work/ozone/ozone/hadoop-ozone/integration-test/target/test-dir/MiniOzoneClusterImpl-f8a20603-669c-41d5-94ea-e080bd68b2ef/ozone-meta/datanode-2/ratis/4e261f18-1c4a-4e78-8ec9-5cfe60bbc8fa/current/raft-meta.conf
2024-05-06 08:59:26,668 [784e0075-095e-4f49-808e-af9ec74479d6-groupManagement] INFO  ratis.ContainerStateMachine (ContainerStateMachine.java:loadSnapshot(287)) - group-5CFE60BBC8FA: The snapshot info is null. Setting the last applied index to:(t:0, i:~)
2024-05-06 08:59:26,668 [784e0075-095e-4f49-808e-af9ec74479d6-groupManagement] INFO  server.RaftServerConfigKeys (ConfUtils.java:logGet(46)) - raft.server.log.use.memory = false (default)
2024-05-06 08:59:26,668 [784e0075-095e-4f49-808e-af9ec74479d6-groupManagement] INFO  server.RaftServerConfigKeys (ConfUtils.java:logGet(46)) - raft.server.log.purge.gap = 1000000 (custom)
2024-05-06 08:59:26,668 [784e0075-095e-4f49-808e-af9ec74479d6-groupManagement] INFO  server.RaftServerConfigKeys (ConfUtils.java:logGet(46)) - raft.server.log.appender.buffer.byte-limit = 8388608 (custom)
2024-05-06 08:59:26,668 [784e0075-095e-4f49-808e-af9ec74479d6-groupManagement] INFO  server.RaftServerConfigKeys (ConfUtils.java:logGet(46)) - raft.server.log.statemachine.data.read.timeout = 1000ms (default)
2024-05-06 08:59:26,668 [784e0075-095e-4f49-808e-af9ec74479d6-groupManagement] INFO  server.RaftServerConfigKeys (ConfUtils.java:logGet(46)) - raft.server.log.purge.preservation.log.num = 0 (default)
2024-05-06 08:59:26,669 [EventQueue-OpenPipelineForHealthyPipelineSafeModeRule] INFO  safemode.SCMSafeModeManager (HealthyPipelineSafeModeRule.java:process(140)) - SCM in safe mode. Healthy pipelines reported count is 0, required healthy pipeline reported count is 1
2024-05-06 08:59:26,671 [784e0075-095e-4f49-808e-af9ec74479d6-groupManagement] INFO  server.RaftServerConfigKeys (ConfUtils.java:logGet(46)) - raft.server.log.segment.size.max = 67108864 (custom)
2024-05-06 08:59:26,672 [784e0075-095e-4f49-808e-af9ec74479d6-groupManagement] INFO  server.RaftServerConfigKeys (ConfUtils.java:logGet(46)) - raft.server.log.segment.cache.num.max = 2 (custom)
2024-05-06 08:59:26,672 [784e0075-095e-4f49-808e-af9ec74479d6-groupManagement] INFO  server.RaftServerConfigKeys (ConfUtils.java:logGet(46)) - raft.server.log.segment.cache.size.max = 200MB (=209715200) (default)
2024-05-06 08:59:26,672 [784e0075-095e-4f49-808e-af9ec74479d6-groupManagement] INFO  server.RaftServerConfigKeys (ConfUtils.java:logGet(46)) - raft.server.log.appender.buffer.byte-limit = 8388608 (custom)
2024-05-06 08:59:26,674 [784e0075-095e-4f49-808e-af9ec74479d6-groupManagement] INFO  util.AwaitToRun (AwaitToRun.java:start(81)) - Thread[784e0075-095e-4f49-808e-af9ec74479d6@group-5CFE60BBC8FA-cacheEviction-AwaitToRun,5,main] started
2024-05-06 08:59:26,674 [784e0075-095e-4f49-808e-af9ec74479d6-groupManagement] INFO  segmented.SegmentedRaftLogWorker (SegmentedRaftLogWorker.java:<init>(182)) - new 784e0075-095e-4f49-808e-af9ec74479d6@group-5CFE60BBC8FA-SegmentedRaftLogWorker for RaftStorageImpl:Storage Directory /home/runner/work/ozone/ozone/hadoop-ozone/integration-test/target/test-dir/MiniOzoneClusterImpl-f8a20603-669c-41d5-94ea-e080bd68b2ef/ozone-meta/datanode-2/ratis/4e261f18-1c4a-4e78-8ec9-5cfe60bbc8fa
2024-05-06 08:59:26,674 [784e0075-095e-4f49-808e-af9ec74479d6-groupManagement] INFO  server.RaftServerConfigKeys (ConfUtils.java:logGet(46)) - raft.server.log.queue.byte-limit = 4294967296 (custom)
2024-05-06 08:59:26,674 [784e0075-095e-4f49-808e-af9ec74479d6-groupManagement] INFO  server.RaftServerConfigKeys (ConfUtils.java:logGet(46)) - raft.server.log.queue.element-limit = 1024 (custom)
2024-05-06 08:59:26,674 [784e0075-095e-4f49-808e-af9ec74479d6-groupManagement] INFO  server.RaftServerConfigKeys (ConfUtils.java:logGet(46)) - raft.server.log.segment.size.max = 67108864 (custom)
2024-05-06 08:59:26,674 [784e0075-095e-4f49-808e-af9ec74479d6-groupManagement] INFO  server.RaftServerConfigKeys (ConfUtils.java:logGet(46)) - raft.server.log.preallocated.size = 4194304 (custom)
2024-05-06 08:59:26,674 [784e0075-095e-4f49-808e-af9ec74479d6-groupManagement] INFO  server.RaftServerConfigKeys (ConfUtils.java:logGet(46)) - raft.server.log.force.sync.num = 128 (default)
2024-05-06 08:59:26,674 [784e0075-095e-4f49-808e-af9ec74479d6-groupManagement] INFO  server.RaftServerConfigKeys (ConfUtils.java:logGet(46)) - raft.server.log.statemachine.data.sync = true (default)
2024-05-06 08:59:26,674 [784e0075-095e-4f49-808e-af9ec74479d6-groupManagement] INFO  server.RaftServerConfigKeys (ConfUtils.java:logGet(46)) - raft.server.log.statemachine.data.sync.timeout = 10s (default)
2024-05-06 08:59:26,674 [784e0075-095e-4f49-808e-af9ec74479d6-groupManagement] INFO  server.RaftServerConfigKeys (ConfUtils.java:logGet(46)) - raft.server.log.statemachine.data.sync.timeout.retry = 30 (custom)
2024-05-06 08:59:26,675 [784e0075-095e-4f49-808e-af9ec74479d6-groupManagement] INFO  server.RaftServerConfigKeys (ConfUtils.java:logGet(46)) - raft.server.log.write.buffer.size = 8388616 (custom)
2024-05-06 08:59:26,676 [784e0075-095e-4f49-808e-af9ec74479d6-groupManagement] INFO  server.RaftServerConfigKeys (ConfUtils.java:logGet(46)) - raft.server.log.appender.buffer.byte-limit = 8388608 (custom)
2024-05-06 08:59:26,676 [784e0075-095e-4f49-808e-af9ec74479d6-groupManagement] INFO  server.RaftServerConfigKeys (ConfUtils.java:logGet(46)) - raft.server.log.unsafe-flush.enabled = false (default)
2024-05-06 08:59:26,677 [784e0075-095e-4f49-808e-af9ec74479d6-groupManagement] INFO  server.RaftServerConfigKeys (ConfUtils.java:logGet(46)) - raft.server.log.async-flush.enabled = false (default)
2024-05-06 08:59:26,677 [784e0075-095e-4f49-808e-af9ec74479d6-groupManagement] INFO  server.RaftServerConfigKeys (ConfUtils.java:logGet(46)) - raft.server.log.statemachine.data.caching.enabled = true (custom)
2024-05-06 08:59:26,677 [784e0075-095e-4f49-808e-af9ec74479d6-groupManagement] INFO  segmented.SegmentedRaftLogWorker (SegmentedRaftLogWorker.java:lambda$new$0(134)) - 784e0075-095e-4f49-808e-af9ec74479d6@group-5CFE60BBC8FA-SegmentedRaftLogWorker: flushIndex: setUnconditionally 0 -> -1
2024-05-06 08:59:26,677 [784e0075-095e-4f49-808e-af9ec74479d6-groupManagement] INFO  segmented.SegmentedRaftLogWorker (SegmentedRaftLogWorker.java:lambda$new$0(134)) - 784e0075-095e-4f49-808e-af9ec74479d6@group-5CFE60BBC8FA-SegmentedRaftLogWorker: safeCacheEvictIndex: setUnconditionally 0 -> -1
2024-05-06 08:59:26,678 [784e0075-095e-4f49-808e-af9ec74479d6-groupManagement] INFO  server.RaftServer$Division (RaftServerImpl.java:start(396)) - 784e0075-095e-4f49-808e-af9ec74479d6@group-5CFE60BBC8FA: start as a follower, conf=-1: peers:[784e0075-095e-4f49-808e-af9ec74479d6|127.0.0.1:15076]|listeners:[], old=null
2024-05-06 08:59:26,678 [784e0075-095e-4f49-808e-af9ec74479d6-groupManagement] INFO  server.RaftServer$Division (RaftServerImpl.java:setRole(383)) - 784e0075-095e-4f49-808e-af9ec74479d6@group-5CFE60BBC8FA: changes role from      null to FOLLOWER at term 0 for startAsFollower
2024-05-06 08:59:26,678 [784e0075-095e-4f49-808e-af9ec74479d6-groupManagement] INFO  impl.RoleInfo (RoleInfo.java:updateAndGet(139)) - 784e0075-095e-4f49-808e-af9ec74479d6: start 784e0075-095e-4f49-808e-af9ec74479d6@group-5CFE60BBC8FA-FollowerState
2024-05-06 08:59:26,679 [784e0075-095e-4f49-808e-af9ec74479d6-groupManagement] INFO  util.JmxRegister (JmxRegister.java:tryRegister(44)) - Successfully registered JMX Bean with object name Ratis:service=RaftServer,group=group-5CFE60BBC8FA,id=784e0075-095e-4f49-808e-af9ec74479d6
2024-05-06 08:59:26,679 [784e0075-095e-4f49-808e-af9ec74479d6-groupManagement] INFO  server.RaftServerConfigKeys (ConfUtils.java:logGet(46)) - raft.server.snapshot.trigger-when-stop.enabled = true (default)
2024-05-06 08:59:26,679 [784e0075-095e-4f49-808e-af9ec74479d6-groupManagement] INFO  server.RaftServerConfigKeys (ConfUtils.java:logGet(46)) - raft.server.snapshot.auto.trigger.enabled = true (custom)
2024-05-06 08:59:26,679 [784e0075-095e-4f49-808e-af9ec74479d6-groupManagement] INFO  server.RaftServerConfigKeys (ConfUtils.java:logGet(46)) - raft.server.snapshot.auto.trigger.threshold = 10000 (custom)
2024-05-06 08:59:26,679 [784e0075-095e-4f49-808e-af9ec74479d6-groupManagement] INFO  server.RaftServerConfigKeys (ConfUtils.java:logGet(46)) - raft.server.snapshot.retention.file.num = 5 (custom)
2024-05-06 08:59:26,679 [784e0075-095e-4f49-808e-af9ec74479d6-groupManagement] INFO  server.RaftServerConfigKeys (ConfUtils.java:logGet(46)) - raft.server.log.purge.upto.snapshot.index = false (default)
2024-05-06 08:59:26,680 [784e0075-095e-4f49-808e-af9ec74479d6@group-5CFE60BBC8FA-FollowerState] INFO  server.RaftServerConfigKeys (ConfUtils.java:logFallback(53)) - raft.server.rpc.first-election.timeout.min = 5s (fallback to raft.server.rpc.timeout.min)
2024-05-06 08:59:26,680 [784e0075-095e-4f49-808e-af9ec74479d6@group-5CFE60BBC8FA-FollowerState] INFO  server.RaftServerConfigKeys (ConfUtils.java:logFallback(53)) - raft.server.rpc.first-election.timeout.max = 5200ms (fallback to raft.server.rpc.timeout.max)
2024-05-06 08:59:26,683 [784e0075-095e-4f49-808e-af9ec74479d6-PipelineCommandHandlerThread-0] INFO  ratis.XceiverServerRatis (XceiverServerRatis.java:addGroup(864)) - Created group PipelineID=4e261f18-1c4a-4e78-8ec9-5cfe60bbc8fa
2024-05-06 08:59:26,683 [784e0075-095e-4f49-808e-af9ec74479d6-PipelineCommandHandlerThread-0] INFO  commandhandler.CreatePipelineCommandHandler (CreatePipelineCommandHandler.java:lambda$handle$2(124)) - Created Pipeline RATIS ONE PipelineID=4e261f18-1c4a-4e78-8ec9-5cfe60bbc8fa.
2024-05-06 08:59:26,683 [784e0075-095e-4f49-808e-af9ec74479d6-PipelineCommandHandlerThread-0] INFO  server.RaftServer (RaftServerProxy.java:addNew(100)) - 784e0075-095e-4f49-808e-af9ec74479d6: addNew group-78EE1D651754:[0e9e7d01-6cef-4822-a23d-4188eb8fb4d0|127.0.0.1:15085, 90b7064f-8397-4c9e-a509-54ea80c9149b|127.0.0.1:15067, 784e0075-095e-4f49-808e-af9ec74479d6|127.0.0.1:15076] returns group-78EE1D651754:java.util.concurrent.CompletableFuture@7126b099[Not completed]
2024-05-06 08:59:26,684 [784e0075-095e-4f49-808e-af9ec74479d6-groupManagement] INFO  server.RaftServer$Division (RaftServerImpl.java:<init>(256)) - 784e0075-095e-4f49-808e-af9ec74479d6: new RaftServerImpl for group-78EE1D651754:[0e9e7d01-6cef-4822-a23d-4188eb8fb4d0|127.0.0.1:15085, 90b7064f-8397-4c9e-a509-54ea80c9149b|127.0.0.1:15067, 784e0075-095e-4f49-808e-af9ec74479d6|127.0.0.1:15076] with ContainerStateMachine:uninitialized
2024-05-06 08:59:26,684 [784e0075-095e-4f49-808e-af9ec74479d6-groupManagement] INFO  server.RaftServerConfigKeys (ConfUtils.java:logGet(46)) - raft.server.rpc.timeout.min = 5s (custom)
2024-05-06 08:59:26,684 [784e0075-095e-4f49-808e-af9ec74479d6-groupManagement] INFO  server.RaftServerConfigKeys (ConfUtils.java:logGet(46)) - raft.server.rpc.timeout.max = 5200ms (custom)
2024-05-06 08:59:26,684 [784e0075-095e-4f49-808e-af9ec74479d6-groupManagement] INFO  server.RaftServerConfigKeys (ConfUtils.java:logGet(46)) - raft.server.rpc.sleep.time = 25ms (default)
2024-05-06 08:59:26,684 [784e0075-095e-4f49-808e-af9ec74479d6-groupManagement] INFO  server.RaftServerConfigKeys (ConfUtils.java:logGet(46)) - raft.server.rpc.slowness.timeout = 300000ms (custom)
2024-05-06 08:59:26,684 [784e0075-095e-4f49-808e-af9ec74479d6-groupManagement] INFO  server.RaftServerConfigKeys (ConfUtils.java:logGet(46)) - raft.server.leaderelection.leader.step-down.wait-time = 10s (default)
2024-05-06 08:59:26,685 [784e0075-095e-4f49-808e-af9ec74479d6-groupManagement] INFO  server.RaftServerConfigKeys (ConfUtils.java:logGet(46)) - raft.server.leaderelection.member.majority-add = false (default)
2024-05-06 08:59:26,685 [784e0075-095e-4f49-808e-af9ec74479d6-groupManagement] INFO  server.RaftServerConfigKeys (ConfUtils.java:logGet(46)) - raft.server.sleep.deviation.threshold = 300ms (default)
2024-05-06 08:59:26,685 [784e0075-095e-4f49-808e-af9ec74479d6-groupManagement] INFO  server.RaftServer$Division (ServerState.java:<init>(113)) - 784e0075-095e-4f49-808e-af9ec74479d6@group-78EE1D651754: ConfigurationManager, init=-1: peers:[0e9e7d01-6cef-4822-a23d-4188eb8fb4d0|127.0.0.1:15085, 90b7064f-8397-4c9e-a509-54ea80c9149b|127.0.0.1:15067, 784e0075-095e-4f49-808e-af9ec74479d6|127.0.0.1:15076]|listeners:[], old=null, confs=<EMPTY_MAP>
2024-05-06 08:59:26,685 [784e0075-095e-4f49-808e-af9ec74479d6-groupManagement] INFO  server.RaftServerConfigKeys (ConfUtils.java:logGet(46)) - raft.server.notification.no-leader.timeout = 300000ms (custom)
2024-05-06 08:59:26,685 [784e0075-095e-4f49-808e-af9ec74479d6-groupManagement] INFO  server.RaftServerConfigKeys (ConfUtils.java:logGet(46)) - raft.server.read.timeout = 10s (default)
2024-05-06 08:59:26,685 [784e0075-095e-4f49-808e-af9ec74479d6-groupManagement] INFO  server.RaftServerConfigKeys (ConfUtils.java:logGet(46)) - raft.server.retrycache.expirytime = 600000ms (custom)
2024-05-06 08:59:26,685 [784e0075-095e-4f49-808e-af9ec74479d6-groupManagement] INFO  server.RaftServerConfigKeys (ConfUtils.java:logGet(46)) - raft.server.retrycache.statistics.expirytime = 100ms (default)
2024-05-06 08:59:26,685 [784e0075-095e-4f49-808e-af9ec74479d6-groupManagement] INFO  server.RaftServerConfigKeys (ConfUtils.java:logGet(46)) - raft.server.read.option = DEFAULT (default)
2024-05-06 08:59:26,685 [784e0075-095e-4f49-808e-af9ec74479d6-groupManagement] INFO  server.RaftServerConfigKeys (ConfUtils.java:logGet(46)) - raft.server.read.read-after-write-consistent.write-index-cache.expiry-time = 60s (default)
2024-05-06 08:59:26,687 [grpc-default-executor-0] INFO  server.RaftServer (RaftServerProxy.java:addNew(100)) - 0e9e7d01-6cef-4822-a23d-4188eb8fb4d0: addNew group-A9BF880E318F:[0e9e7d01-6cef-4822-a23d-4188eb8fb4d0|127.0.0.1:15085, 90b7064f-8397-4c9e-a509-54ea80c9149b|127.0.0.1:15067, 784e0075-095e-4f49-808e-af9ec74479d6|127.0.0.1:15076] returns group-A9BF880E318F:java.util.concurrent.CompletableFuture@442c9652[Not completed]
2024-05-06 08:59:26,688 [784e0075-095e-4f49-808e-af9ec74479d6-groupManagement] INFO  server.RaftServerConfigKeys (ConfUtils.java:logGet(46)) - raft.server.rpc.request.timeout = 3000ms (default)
2024-05-06 08:59:26,688 [0e9e7d01-6cef-4822-a23d-4188eb8fb4d0-groupManagement] INFO  server.RaftServer$Division (RaftServerImpl.java:<init>(256)) - 0e9e7d01-6cef-4822-a23d-4188eb8fb4d0: new RaftServerImpl for group-A9BF880E318F:[0e9e7d01-6cef-4822-a23d-4188eb8fb4d0|127.0.0.1:15085, 90b7064f-8397-4c9e-a509-54ea80c9149b|127.0.0.1:15067, 784e0075-095e-4f49-808e-af9ec74479d6|127.0.0.1:15076] with ContainerStateMachine:uninitialized
2024-05-06 08:59:26,688 [0e9e7d01-6cef-4822-a23d-4188eb8fb4d0-groupManagement] INFO  server.RaftServerConfigKeys (ConfUtils.java:logGet(46)) - raft.server.rpc.timeout.min = 5s (custom)
2024-05-06 08:59:26,688 [0e9e7d01-6cef-4822-a23d-4188eb8fb4d0-groupManagement] INFO  server.RaftServerConfigKeys (ConfUtils.java:logGet(46)) - raft.server.rpc.timeout.max = 5200ms (custom)
2024-05-06 08:59:26,688 [0e9e7d01-6cef-4822-a23d-4188eb8fb4d0-groupManagement] INFO  server.RaftServerConfigKeys (ConfUtils.java:logGet(46)) - raft.server.rpc.sleep.time = 25ms (default)
2024-05-06 08:59:26,688 [0e9e7d01-6cef-4822-a23d-4188eb8fb4d0-groupManagement] INFO  server.RaftServerConfigKeys (ConfUtils.java:logGet(46)) - raft.server.rpc.slowness.timeout = 300000ms (custom)
2024-05-06 08:59:26,688 [0e9e7d01-6cef-4822-a23d-4188eb8fb4d0-groupManagement] INFO  server.RaftServerConfigKeys (ConfUtils.java:logGet(46)) - raft.server.leaderelection.leader.step-down.wait-time = 10s (default)
2024-05-06 08:59:26,688 [0e9e7d01-6cef-4822-a23d-4188eb8fb4d0-groupManagement] INFO  server.RaftServerConfigKeys (ConfUtils.java:logGet(46)) - raft.server.leaderelection.member.majority-add = false (default)
2024-05-06 08:59:26,688 [0e9e7d01-6cef-4822-a23d-4188eb8fb4d0-groupManagement] INFO  server.RaftServerConfigKeys (ConfUtils.java:logGet(46)) - raft.server.sleep.deviation.threshold = 300ms (default)
2024-05-06 08:59:26,688 [784e0075-095e-4f49-808e-af9ec74479d6-groupManagement] INFO  server.RaftServerConfigKeys (ConfUtils.java:logGet(46)) - raft.server.log.appender.install.snapshot.enabled = false (custom)
2024-05-06 08:59:26,688 [784e0075-095e-4f49-808e-af9ec74479d6-groupManagement] INFO  server.RaftServerConfigKeys (ConfUtils.java:logGet(46)) - raft.server.threadpool.server.cached = true (default)
2024-05-06 08:59:26,688 [784e0075-095e-4f49-808e-af9ec74479d6-groupManagement] INFO  server.RaftServerConfigKeys (ConfUtils.java:logGet(46)) - raft.server.threadpool.server.size = 0 (default)
2024-05-06 08:59:26,688 [784e0075-095e-4f49-808e-af9ec74479d6-groupManagement] INFO  server.RaftServerConfigKeys (ConfUtils.java:logGet(46)) - raft.server.threadpool.client.cached = true (default)
2024-05-06 08:59:26,688 [784e0075-095e-4f49-808e-af9ec74479d6-groupManagement] INFO  server.RaftServerConfigKeys (ConfUtils.java:logGet(46)) - raft.server.threadpool.client.size = 0 (default)
2024-05-06 08:59:26,689 [784e0075-095e-4f49-808e-af9ec74479d6-groupManagement] INFO  server.RaftServerConfigKeys (ConfUtils.java:logGet(46)) - raft.server.storage.free-space.min = 0MB (=0) (default)
2024-05-06 08:59:26,689 [784e0075-095e-4f49-808e-af9ec74479d6-groupManagement] INFO  server.RaftServerConfigKeys (ConfUtils.java:logGet(46)) - raft.server.log.corruption.policy = EXCEPTION (default)
2024-05-06 08:59:26,689 [784e0075-095e-4f49-808e-af9ec74479d6-groupManagement] INFO  server.RaftServerConfigKeys (ConfUtils.java:logGet(46)) - raft.server.storage.dir = [/home/runner/work/ozone/ozone/hadoop-ozone/integration-test/target/test-dir/MiniOzoneClusterImpl-f8a20603-669c-41d5-94ea-e080bd68b2ef/ozone-meta/datanode-2/ratis] (custom)
2024-05-06 08:59:26,689 [784e0075-095e-4f49-808e-af9ec74479d6-groupManagement] INFO  storage.RaftStorageDirectory (RaftStorageDirectoryImpl.java:analyzeStorage(138)) - The storage directory /home/runner/work/ozone/ozone/hadoop-ozone/integration-test/target/test-dir/MiniOzoneClusterImpl-f8a20603-669c-41d5-94ea-e080bd68b2ef/ozone-meta/datanode-2/ratis/f9c5d62b-efaf-469a-aada-78ee1d651754 does not exist. Creating ...
2024-05-06 08:59:26,688 [0e9e7d01-6cef-4822-a23d-4188eb8fb4d0-groupManagement] INFO  server.RaftServer$Division (ServerState.java:<init>(113)) - 0e9e7d01-6cef-4822-a23d-4188eb8fb4d0@group-A9BF880E318F: ConfigurationManager, init=-1: peers:[0e9e7d01-6cef-4822-a23d-4188eb8fb4d0|127.0.0.1:15085, 90b7064f-8397-4c9e-a509-54ea80c9149b|127.0.0.1:15067, 784e0075-095e-4f49-808e-af9ec74479d6|127.0.0.1:15076]|listeners:[], old=null, confs=<EMPTY_MAP>
2024-05-06 08:59:26,690 [0e9e7d01-6cef-4822-a23d-4188eb8fb4d0-groupManagement] INFO  server.RaftServerConfigKeys (ConfUtils.java:logGet(46)) - raft.server.notification.no-leader.timeout = 300000ms (custom)
2024-05-06 08:59:26,690 [0e9e7d01-6cef-4822-a23d-4188eb8fb4d0-groupManagement] INFO  server.RaftServerConfigKeys (ConfUtils.java:logGet(46)) - raft.server.read.timeout = 10s (default)
2024-05-06 08:59:26,690 [0e9e7d01-6cef-4822-a23d-4188eb8fb4d0-groupManagement] INFO  server.RaftServerConfigKeys (ConfUtils.java:logGet(46)) - raft.server.retrycache.expirytime = 600000ms (custom)
2024-05-06 08:59:26,690 [0e9e7d01-6cef-4822-a23d-4188eb8fb4d0-groupManagement] INFO  server.RaftServerConfigKeys (ConfUtils.java:logGet(46)) - raft.server.retrycache.statistics.expirytime = 100ms (default)
2024-05-06 08:59:26,690 [0e9e7d01-6cef-4822-a23d-4188eb8fb4d0-groupManagement] INFO  server.RaftServerConfigKeys (ConfUtils.java:logGet(46)) - raft.server.read.option = DEFAULT (default)
2024-05-06 08:59:26,690 [0e9e7d01-6cef-4822-a23d-4188eb8fb4d0-groupManagement] INFO  server.RaftServerConfigKeys (ConfUtils.java:logGet(46)) - raft.server.read.read-after-write-consistent.write-index-cache.expiry-time = 60s (default)
2024-05-06 08:59:26,690 [784e0075-095e-4f49-808e-af9ec74479d6-groupManagement] INFO  storage.RaftStorageDirectory (RaftStorageDirectoryImpl.java:tryLock(228)) - Lock on /home/runner/work/ozone/ozone/hadoop-ozone/integration-test/target/test-dir/MiniOzoneClusterImpl-f8a20603-669c-41d5-94ea-e080bd68b2ef/ozone-meta/datanode-2/ratis/f9c5d62b-efaf-469a-aada-78ee1d651754/in_use.lock acquired by nodename 54013@fv-az699-623
2024-05-06 08:59:26,692 [784e0075-095e-4f49-808e-af9ec74479d6-groupManagement] INFO  storage.RaftStorage (RaftStorageImpl.java:format(99)) - Storage directory /home/runner/work/ozone/ozone/hadoop-ozone/integration-test/target/test-dir/MiniOzoneClusterImpl-f8a20603-669c-41d5-94ea-e080bd68b2ef/ozone-meta/datanode-2/ratis/f9c5d62b-efaf-469a-aada-78ee1d651754 has been successfully formatted.
2024-05-06 08:59:26,692 [784e0075-095e-4f49-808e-af9ec74479d6-groupManagement] WARN  util.FileUtils (LogUtils.java:supplyAndLog(63)) - Failed to Files.newInputStream /home/runner/work/ozone/ozone/hadoop-ozone/integration-test/target/test-dir/MiniOzoneClusterImpl-f8a20603-669c-41d5-94ea-e080bd68b2ef/ozone-meta/datanode-2/ratis/f9c5d62b-efaf-469a-aada-78ee1d651754/current/raft-meta.conf with options []: java.nio.file.NoSuchFileException: /home/runner/work/ozone/ozone/hadoop-ozone/integration-test/target/test-dir/MiniOzoneClusterImpl-f8a20603-669c-41d5-94ea-e080bd68b2ef/ozone-meta/datanode-2/ratis/f9c5d62b-efaf-469a-aada-78ee1d651754/current/raft-meta.conf
2024-05-06 08:59:26,692 [784e0075-095e-4f49-808e-af9ec74479d6-groupManagement] INFO  ratis.ContainerStateMachine (ContainerStateMachine.java:loadSnapshot(287)) - group-78EE1D651754: The snapshot info is null. Setting the last applied index to:(t:0, i:~)
2024-05-06 08:59:26,692 [784e0075-095e-4f49-808e-af9ec74479d6-groupManagement] INFO  server.RaftServerConfigKeys (ConfUtils.java:logGet(46)) - raft.server.log.use.memory = false (default)
2024-05-06 08:59:26,693 [784e0075-095e-4f49-808e-af9ec74479d6-groupManagement] INFO  server.RaftServerConfigKeys (ConfUtils.java:logGet(46)) - raft.server.log.purge.gap = 1000000 (custom)
2024-05-06 08:59:26,693 [784e0075-095e-4f49-808e-af9ec74479d6-groupManagement] INFO  server.RaftServerConfigKeys (ConfUtils.java:logGet(46)) - raft.server.log.appender.buffer.byte-limit = 8388608 (custom)
2024-05-06 08:59:26,693 [784e0075-095e-4f49-808e-af9ec74479d6-groupManagement] INFO  server.RaftServerConfigKeys (ConfUtils.java:logGet(46)) - raft.server.log.statemachine.data.read.timeout = 1000ms (default)
2024-05-06 08:59:26,693 [784e0075-095e-4f49-808e-af9ec74479d6-groupManagement] INFO  server.RaftServerConfigKeys (ConfUtils.java:logGet(46)) - raft.server.log.purge.preservation.log.num = 0 (default)
2024-05-06 08:59:26,694 [EventQueue-OpenPipelineForHealthyPipelineSafeModeRule] INFO  safemode.SCMSafeModeManager (HealthyPipelineSafeModeRule.java:process(140)) - SCM in safe mode. Healthy pipelines reported count is 0, required healthy pipeline reported count is 1
2024-05-06 08:59:26,695 [784e0075-095e-4f49-808e-af9ec74479d6-groupManagement] INFO  server.RaftServerConfigKeys (ConfUtils.java:logGet(46)) - raft.server.log.segment.size.max = 67108864 (custom)
2024-05-06 08:59:26,695 [784e0075-095e-4f49-808e-af9ec74479d6-groupManagement] INFO  server.RaftServerConfigKeys (ConfUtils.java:logGet(46)) - raft.server.log.segment.cache.num.max = 2 (custom)
2024-05-06 08:59:26,695 [784e0075-095e-4f49-808e-af9ec74479d6-groupManagement] INFO  server.RaftServerConfigKeys (ConfUtils.java:logGet(46)) - raft.server.log.segment.cache.size.max = 200MB (=209715200) (default)
2024-05-06 08:59:26,695 [784e0075-095e-4f49-808e-af9ec74479d6-groupManagement] INFO  server.RaftServerConfigKeys (ConfUtils.java:logGet(46)) - raft.server.log.appender.buffer.byte-limit = 8388608 (custom)
2024-05-06 08:59:26,697 [0e9e7d01-6cef-4822-a23d-4188eb8fb4d0-groupManagement] INFO  server.RaftServerConfigKeys (ConfUtils.java:logGet(46)) - raft.server.rpc.request.timeout = 3000ms (default)
2024-05-06 08:59:26,697 [0e9e7d01-6cef-4822-a23d-4188eb8fb4d0-groupManagement] INFO  server.RaftServerConfigKeys (ConfUtils.java:logGet(46)) - raft.server.log.appender.install.snapshot.enabled = false (custom)
2024-05-06 08:59:26,697 [0e9e7d01-6cef-4822-a23d-4188eb8fb4d0-groupManagement] INFO  server.RaftServerConfigKeys (ConfUtils.java:logGet(46)) - raft.server.threadpool.server.cached = true (default)
2024-05-06 08:59:26,697 [0e9e7d01-6cef-4822-a23d-4188eb8fb4d0-groupManagement] INFO  server.RaftServerConfigKeys (ConfUtils.java:logGet(46)) - raft.server.threadpool.server.size = 0 (default)
2024-05-06 08:59:26,697 [0e9e7d01-6cef-4822-a23d-4188eb8fb4d0-groupManagement] INFO  server.RaftServerConfigKeys (ConfUtils.java:logGet(46)) - raft.server.threadpool.client.cached = true (default)
2024-05-06 08:59:26,697 [0e9e7d01-6cef-4822-a23d-4188eb8fb4d0-groupManagement] INFO  server.RaftServerConfigKeys (ConfUtils.java:logGet(46)) - raft.server.threadpool.client.size = 0 (default)
2024-05-06 08:59:26,697 [0e9e7d01-6cef-4822-a23d-4188eb8fb4d0-groupManagement] INFO  server.RaftServerConfigKeys (ConfUtils.java:logGet(46)) - raft.server.storage.free-space.min = 0MB (=0) (default)
2024-05-06 08:59:26,697 [0e9e7d01-6cef-4822-a23d-4188eb8fb4d0-groupManagement] INFO  server.RaftServerConfigKeys (ConfUtils.java:logGet(46)) - raft.server.log.corruption.policy = EXCEPTION (default)
2024-05-06 08:59:26,697 [0e9e7d01-6cef-4822-a23d-4188eb8fb4d0-groupManagement] INFO  server.RaftServerConfigKeys (ConfUtils.java:logGet(46)) - raft.server.storage.dir = [/home/runner/work/ozone/ozone/hadoop-ozone/integration-test/target/test-dir/MiniOzoneClusterImpl-f8a20603-669c-41d5-94ea-e080bd68b2ef/ozone-meta/datanode-3/ratis] (custom)
2024-05-06 08:59:26,697 [0e9e7d01-6cef-4822-a23d-4188eb8fb4d0-groupManagement] INFO  storage.RaftStorageDirectory (RaftStorageDirectoryImpl.java:analyzeStorage(138)) - The storage directory /home/runner/work/ozone/ozone/hadoop-ozone/integration-test/target/test-dir/MiniOzoneClusterImpl-f8a20603-669c-41d5-94ea-e080bd68b2ef/ozone-meta/datanode-3/ratis/87f1befd-0e19-4082-a863-a9bf880e318f does not exist. Creating ...
2024-05-06 08:59:26,698 [0e9e7d01-6cef-4822-a23d-4188eb8fb4d0-groupManagement] INFO  storage.RaftStorageDirectory (RaftStorageDirectoryImpl.java:tryLock(228)) - Lock on /home/runner/work/ozone/ozone/hadoop-ozone/integration-test/target/test-dir/MiniOzoneClusterImpl-f8a20603-669c-41d5-94ea-e080bd68b2ef/ozone-meta/datanode-3/ratis/87f1befd-0e19-4082-a863-a9bf880e318f/in_use.lock acquired by nodename 54013@fv-az699-623
2024-05-06 08:59:26,699 [784e0075-095e-4f49-808e-af9ec74479d6-groupManagement] INFO  util.AwaitToRun (AwaitToRun.java:start(81)) - Thread[784e0075-095e-4f49-808e-af9ec74479d6@group-78EE1D651754-cacheEviction-AwaitToRun,5,main] started
2024-05-06 08:59:26,699 [784e0075-095e-4f49-808e-af9ec74479d6-groupManagement] INFO  segmented.SegmentedRaftLogWorker (SegmentedRaftLogWorker.java:<init>(182)) - new 784e0075-095e-4f49-808e-af9ec74479d6@group-78EE1D651754-SegmentedRaftLogWorker for RaftStorageImpl:Storage Directory /home/runner/work/ozone/ozone/hadoop-ozone/integration-test/target/test-dir/MiniOzoneClusterImpl-f8a20603-669c-41d5-94ea-e080bd68b2ef/ozone-meta/datanode-2/ratis/f9c5d62b-efaf-469a-aada-78ee1d651754
2024-05-06 08:59:26,700 [784e0075-095e-4f49-808e-af9ec74479d6-groupManagement] INFO  server.RaftServerConfigKeys (ConfUtils.java:logGet(46)) - raft.server.log.queue.byte-limit = 4294967296 (custom)
2024-05-06 08:59:26,700 [784e0075-095e-4f49-808e-af9ec74479d6-groupManagement] INFO  server.RaftServerConfigKeys (ConfUtils.java:logGet(46)) - raft.server.log.queue.element-limit = 1024 (custom)
2024-05-06 08:59:26,700 [784e0075-095e-4f49-808e-af9ec74479d6-groupManagement] INFO  server.RaftServerConfigKeys (ConfUtils.java:logGet(46)) - raft.server.log.segment.size.max = 67108864 (custom)
2024-05-06 08:59:26,700 [784e0075-095e-4f49-808e-af9ec74479d6-groupManagement] INFO  server.RaftServerConfigKeys (ConfUtils.java:logGet(46)) - raft.server.log.preallocated.size = 4194304 (custom)
2024-05-06 08:59:26,700 [784e0075-095e-4f49-808e-af9ec74479d6-groupManagement] INFO  server.RaftServerConfigKeys (ConfUtils.java:logGet(46)) - raft.server.log.force.sync.num = 128 (default)
2024-05-06 08:59:26,700 [784e0075-095e-4f49-808e-af9ec74479d6-groupManagement] INFO  server.RaftServerConfigKeys (ConfUtils.java:logGet(46)) - raft.server.log.statemachine.data.sync = true (default)
2024-05-06 08:59:26,700 [784e0075-095e-4f49-808e-af9ec74479d6-groupManagement] INFO  server.RaftServerConfigKeys (ConfUtils.java:logGet(46)) - raft.server.log.statemachine.data.sync.timeout = 10s (default)
2024-05-06 08:59:26,700 [784e0075-095e-4f49-808e-af9ec74479d6-groupManagement] INFO  server.RaftServerConfigKeys (ConfUtils.java:logGet(46)) - raft.server.log.statemachine.data.sync.timeout.retry = 30 (custom)
2024-05-06 08:59:26,700 [784e0075-095e-4f49-808e-af9ec74479d6-groupManagement] INFO  server.RaftServerConfigKeys (ConfUtils.java:logGet(46)) - raft.server.log.write.buffer.size = 8388616 (custom)
2024-05-06 08:59:26,702 [784e0075-095e-4f49-808e-af9ec74479d6-groupManagement] INFO  server.RaftServerConfigKeys (ConfUtils.java:logGet(46)) - raft.server.log.appender.buffer.byte-limit = 8388608 (custom)
2024-05-06 08:59:26,702 [784e0075-095e-4f49-808e-af9ec74479d6-groupManagement] INFO  server.RaftServerConfigKeys (ConfUtils.java:logGet(46)) - raft.server.log.unsafe-flush.enabled = false (default)
2024-05-06 08:59:26,703 [784e0075-095e-4f49-808e-af9ec74479d6-groupManagement] INFO  server.RaftServerConfigKeys (ConfUtils.java:logGet(46)) - raft.server.log.async-flush.enabled = false (default)
2024-05-06 08:59:26,703 [784e0075-095e-4f49-808e-af9ec74479d6-groupManagement] INFO  server.RaftServerConfigKeys (ConfUtils.java:logGet(46)) - raft.server.log.statemachine.data.caching.enabled = true (custom)
2024-05-06 08:59:26,703 [784e0075-095e-4f49-808e-af9ec74479d6-groupManagement] INFO  segmented.SegmentedRaftLogWorker (SegmentedRaftLogWorker.java:lambda$new$0(134)) - 784e0075-095e-4f49-808e-af9ec74479d6@group-78EE1D651754-SegmentedRaftLogWorker: flushIndex: setUnconditionally 0 -> -1
2024-05-06 08:59:26,703 [784e0075-095e-4f49-808e-af9ec74479d6-groupManagement] INFO  segmented.SegmentedRaftLogWorker (SegmentedRaftLogWorker.java:lambda$new$0(134)) - 784e0075-095e-4f49-808e-af9ec74479d6@group-78EE1D651754-SegmentedRaftLogWorker: safeCacheEvictIndex: setUnconditionally 0 -> -1
2024-05-06 08:59:26,703 [0e9e7d01-6cef-4822-a23d-4188eb8fb4d0-groupManagement] INFO  storage.RaftStorage (RaftStorageImpl.java:format(99)) - Storage directory /home/runner/work/ozone/ozone/hadoop-ozone/integration-test/target/test-dir/MiniOzoneClusterImpl-f8a20603-669c-41d5-94ea-e080bd68b2ef/ozone-meta/datanode-3/ratis/87f1befd-0e19-4082-a863-a9bf880e318f has been successfully formatted.
2024-05-06 08:59:26,703 [0e9e7d01-6cef-4822-a23d-4188eb8fb4d0-groupManagement] WARN  util.FileUtils (LogUtils.java:supplyAndLog(63)) - Failed to Files.newInputStream /home/runner/work/ozone/ozone/hadoop-ozone/integration-test/target/test-dir/MiniOzoneClusterImpl-f8a20603-669c-41d5-94ea-e080bd68b2ef/ozone-meta/datanode-3/ratis/87f1befd-0e19-4082-a863-a9bf880e318f/current/raft-meta.conf with options []: java.nio.file.NoSuchFileException: /home/runner/work/ozone/ozone/hadoop-ozone/integration-test/target/test-dir/MiniOzoneClusterImpl-f8a20603-669c-41d5-94ea-e080bd68b2ef/ozone-meta/datanode-3/ratis/87f1befd-0e19-4082-a863-a9bf880e318f/current/raft-meta.conf
2024-05-06 08:59:26,704 [0e9e7d01-6cef-4822-a23d-4188eb8fb4d0-groupManagement] INFO  ratis.ContainerStateMachine (ContainerStateMachine.java:loadSnapshot(287)) - group-A9BF880E318F: The snapshot info is null. Setting the last applied index to:(t:0, i:~)
2024-05-06 08:59:26,704 [0e9e7d01-6cef-4822-a23d-4188eb8fb4d0-groupManagement] INFO  server.RaftServerConfigKeys (ConfUtils.java:logGet(46)) - raft.server.log.use.memory = false (default)
2024-05-06 08:59:26,704 [0e9e7d01-6cef-4822-a23d-4188eb8fb4d0-groupManagement] INFO  server.RaftServerConfigKeys (ConfUtils.java:logGet(46)) - raft.server.log.purge.gap = 1000000 (custom)
2024-05-06 08:59:26,704 [0e9e7d01-6cef-4822-a23d-4188eb8fb4d0-groupManagement] INFO  server.RaftServerConfigKeys (ConfUtils.java:logGet(46)) - raft.server.log.appender.buffer.byte-limit = 8388608 (custom)
2024-05-06 08:59:26,704 [0e9e7d01-6cef-4822-a23d-4188eb8fb4d0-groupManagement] INFO  server.RaftServerConfigKeys (ConfUtils.java:logGet(46)) - raft.server.log.statemachine.data.read.timeout = 1000ms (default)
2024-05-06 08:59:26,704 [0e9e7d01-6cef-4822-a23d-4188eb8fb4d0-groupManagement] INFO  server.RaftServerConfigKeys (ConfUtils.java:logGet(46)) - raft.server.log.purge.preservation.log.num = 0 (default)
2024-05-06 08:59:26,705 [0e9e7d01-6cef-4822-a23d-4188eb8fb4d0-groupManagement] INFO  server.RaftServerConfigKeys (ConfUtils.java:logGet(46)) - raft.server.log.segment.size.max = 67108864 (custom)
2024-05-06 08:59:26,706 [0e9e7d01-6cef-4822-a23d-4188eb8fb4d0-groupManagement] INFO  server.RaftServerConfigKeys (ConfUtils.java:logGet(46)) - raft.server.log.segment.cache.num.max = 2 (custom)
2024-05-06 08:59:26,706 [0e9e7d01-6cef-4822-a23d-4188eb8fb4d0-groupManagement] INFO  server.RaftServerConfigKeys (ConfUtils.java:logGet(46)) - raft.server.log.segment.cache.size.max = 200MB (=209715200) (default)
2024-05-06 08:59:26,706 [0e9e7d01-6cef-4822-a23d-4188eb8fb4d0-groupManagement] INFO  server.RaftServerConfigKeys (ConfUtils.java:logGet(46)) - raft.server.log.appender.buffer.byte-limit = 8388608 (custom)
2024-05-06 08:59:26,711 [784e0075-095e-4f49-808e-af9ec74479d6-groupManagement] INFO  server.RaftServer$Division (RaftServerImpl.java:start(396)) - 784e0075-095e-4f49-808e-af9ec74479d6@group-78EE1D651754: start as a follower, conf=-1: peers:[0e9e7d01-6cef-4822-a23d-4188eb8fb4d0|127.0.0.1:15085, 90b7064f-8397-4c9e-a509-54ea80c9149b|127.0.0.1:15067, 784e0075-095e-4f49-808e-af9ec74479d6|127.0.0.1:15076]|listeners:[], old=null
2024-05-06 08:59:26,711 [784e0075-095e-4f49-808e-af9ec74479d6-groupManagement] INFO  server.RaftServer$Division (RaftServerImpl.java:setRole(383)) - 784e0075-095e-4f49-808e-af9ec74479d6@group-78EE1D651754: changes role from      null to FOLLOWER at term 0 for startAsFollower
2024-05-06 08:59:26,712 [784e0075-095e-4f49-808e-af9ec74479d6-groupManagement] INFO  impl.RoleInfo (RoleInfo.java:updateAndGet(139)) - 784e0075-095e-4f49-808e-af9ec74479d6: start 784e0075-095e-4f49-808e-af9ec74479d6@group-78EE1D651754-FollowerState
2024-05-06 08:59:26,712 [784e0075-095e-4f49-808e-af9ec74479d6-groupManagement] INFO  util.JmxRegister (JmxRegister.java:tryRegister(44)) - Successfully registered JMX Bean with object name Ratis:service=RaftServer,group=group-78EE1D651754,id=784e0075-095e-4f49-808e-af9ec74479d6
2024-05-06 08:59:26,712 [784e0075-095e-4f49-808e-af9ec74479d6-groupManagement] INFO  server.RaftServerConfigKeys (ConfUtils.java:logGet(46)) - raft.server.snapshot.trigger-when-stop.enabled = true (default)
2024-05-06 08:59:26,713 [784e0075-095e-4f49-808e-af9ec74479d6-groupManagement] INFO  server.RaftServerConfigKeys (ConfUtils.java:logGet(46)) - raft.server.snapshot.auto.trigger.enabled = true (custom)
2024-05-06 08:59:26,713 [784e0075-095e-4f49-808e-af9ec74479d6-groupManagement] INFO  server.RaftServerConfigKeys (ConfUtils.java:logGet(46)) - raft.server.snapshot.auto.trigger.threshold = 10000 (custom)
2024-05-06 08:59:26,713 [784e0075-095e-4f49-808e-af9ec74479d6-groupManagement] INFO  server.RaftServerConfigKeys (ConfUtils.java:logGet(46)) - raft.server.snapshot.retention.file.num = 5 (custom)
2024-05-06 08:59:26,714 [784e0075-095e-4f49-808e-af9ec74479d6-groupManagement] INFO  server.RaftServerConfigKeys (ConfUtils.java:logGet(46)) - raft.server.log.purge.upto.snapshot.index = false (default)
2024-05-06 08:59:26,714 [784e0075-095e-4f49-808e-af9ec74479d6@group-78EE1D651754-FollowerState] INFO  server.RaftServerConfigKeys (ConfUtils.java:logFallback(53)) - raft.server.rpc.first-election.timeout.min = 5s (fallback to raft.server.rpc.timeout.min)
2024-05-06 08:59:26,715 [784e0075-095e-4f49-808e-af9ec74479d6@group-78EE1D651754-FollowerState] INFO  server.RaftServerConfigKeys (ConfUtils.java:logFallback(53)) - raft.server.rpc.first-election.timeout.max = 5200ms (fallback to raft.server.rpc.timeout.max)
2024-05-06 08:59:26,715 [0e9e7d01-6cef-4822-a23d-4188eb8fb4d0-groupManagement] INFO  util.AwaitToRun (AwaitToRun.java:start(81)) - Thread[0e9e7d01-6cef-4822-a23d-4188eb8fb4d0@group-A9BF880E318F-cacheEviction-AwaitToRun,5,main] started
2024-05-06 08:59:26,715 [0e9e7d01-6cef-4822-a23d-4188eb8fb4d0-groupManagement] INFO  segmented.SegmentedRaftLogWorker (SegmentedRaftLogWorker.java:<init>(182)) - new 0e9e7d01-6cef-4822-a23d-4188eb8fb4d0@group-A9BF880E318F-SegmentedRaftLogWorker for RaftStorageImpl:Storage Directory /home/runner/work/ozone/ozone/hadoop-ozone/integration-test/target/test-dir/MiniOzoneClusterImpl-f8a20603-669c-41d5-94ea-e080bd68b2ef/ozone-meta/datanode-3/ratis/87f1befd-0e19-4082-a863-a9bf880e318f
2024-05-06 08:59:26,715 [0e9e7d01-6cef-4822-a23d-4188eb8fb4d0-groupManagement] INFO  server.RaftServerConfigKeys (ConfUtils.java:logGet(46)) - raft.server.log.queue.byte-limit = 4294967296 (custom)
2024-05-06 08:59:26,715 [0e9e7d01-6cef-4822-a23d-4188eb8fb4d0-groupManagement] INFO  server.RaftServerConfigKeys (ConfUtils.java:logGet(46)) - raft.server.log.queue.element-limit = 1024 (custom)
2024-05-06 08:59:26,715 [0e9e7d01-6cef-4822-a23d-4188eb8fb4d0-groupManagement] INFO  server.RaftServerConfigKeys (ConfUtils.java:logGet(46)) - raft.server.log.segment.size.max = 67108864 (custom)
2024-05-06 08:59:26,715 [0e9e7d01-6cef-4822-a23d-4188eb8fb4d0-groupManagement] INFO  server.RaftServerConfigKeys (ConfUtils.java:logGet(46)) - raft.server.log.preallocated.size = 4194304 (custom)
2024-05-06 08:59:26,715 [0e9e7d01-6cef-4822-a23d-4188eb8fb4d0-groupManagement] INFO  server.RaftServerConfigKeys (ConfUtils.java:logGet(46)) - raft.server.log.force.sync.num = 128 (default)
2024-05-06 08:59:26,715 [0e9e7d01-6cef-4822-a23d-4188eb8fb4d0-groupManagement] INFO  server.RaftServerConfigKeys (ConfUtils.java:logGet(46)) - raft.server.log.statemachine.data.sync = true (default)
2024-05-06 08:59:26,715 [0e9e7d01-6cef-4822-a23d-4188eb8fb4d0-groupManagement] INFO  server.RaftServerConfigKeys (ConfUtils.java:logGet(46)) - raft.server.log.statemachine.data.sync.timeout = 10s (default)
2024-05-06 08:59:26,716 [0e9e7d01-6cef-4822-a23d-4188eb8fb4d0-groupManagement] INFO  server.RaftServerConfigKeys (ConfUtils.java:logGet(46)) - raft.server.log.statemachine.data.sync.timeout.retry = 30 (custom)
2024-05-06 08:59:26,716 [0e9e7d01-6cef-4822-a23d-4188eb8fb4d0-groupManagement] INFO  server.RaftServerConfigKeys (ConfUtils.java:logGet(46)) - raft.server.log.write.buffer.size = 8388616 (custom)
2024-05-06 08:59:26,717 [0e9e7d01-6cef-4822-a23d-4188eb8fb4d0-groupManagement] INFO  server.RaftServerConfigKeys (ConfUtils.java:logGet(46)) - raft.server.log.appender.buffer.byte-limit = 8388608 (custom)
2024-05-06 08:59:26,717 [0e9e7d01-6cef-4822-a23d-4188eb8fb4d0-groupManagement] INFO  server.RaftServerConfigKeys (ConfUtils.java:logGet(46)) - raft.server.log.unsafe-flush.enabled = false (default)
2024-05-06 08:59:26,717 [0e9e7d01-6cef-4822-a23d-4188eb8fb4d0-groupManagement] INFO  server.RaftServerConfigKeys (ConfUtils.java:logGet(46)) - raft.server.log.async-flush.enabled = false (default)
2024-05-06 08:59:26,717 [0e9e7d01-6cef-4822-a23d-4188eb8fb4d0-groupManagement] INFO  server.RaftServerConfigKeys (ConfUtils.java:logGet(46)) - raft.server.log.statemachine.data.caching.enabled = true (custom)
2024-05-06 08:59:26,717 [0e9e7d01-6cef-4822-a23d-4188eb8fb4d0-groupManagement] INFO  segmented.SegmentedRaftLogWorker (SegmentedRaftLogWorker.java:lambda$new$0(134)) - 0e9e7d01-6cef-4822-a23d-4188eb8fb4d0@group-A9BF880E318F-SegmentedRaftLogWorker: flushIndex: setUnconditionally 0 -> -1
2024-05-06 08:59:26,717 [0e9e7d01-6cef-4822-a23d-4188eb8fb4d0-groupManagement] INFO  segmented.SegmentedRaftLogWorker (SegmentedRaftLogWorker.java:lambda$new$0(134)) - 0e9e7d01-6cef-4822-a23d-4188eb8fb4d0@group-A9BF880E318F-SegmentedRaftLogWorker: safeCacheEvictIndex: setUnconditionally 0 -> -1
2024-05-06 08:59:26,718 [784e0075-095e-4f49-808e-af9ec74479d6-PipelineCommandHandlerThread-0] INFO  ratis.XceiverServerRatis (XceiverServerRatis.java:addGroup(864)) - Created group PipelineID=f9c5d62b-efaf-469a-aada-78ee1d651754
2024-05-06 08:59:26,719 [0e9e7d01-6cef-4822-a23d-4188eb8fb4d0-groupManagement] INFO  server.RaftServer$Division (RaftServerImpl.java:start(396)) - 0e9e7d01-6cef-4822-a23d-4188eb8fb4d0@group-A9BF880E318F: start as a follower, conf=-1: peers:[0e9e7d01-6cef-4822-a23d-4188eb8fb4d0|127.0.0.1:15085, 90b7064f-8397-4c9e-a509-54ea80c9149b|127.0.0.1:15067, 784e0075-095e-4f49-808e-af9ec74479d6|127.0.0.1:15076]|listeners:[], old=null
2024-05-06 08:59:26,719 [0e9e7d01-6cef-4822-a23d-4188eb8fb4d0-groupManagement] INFO  server.RaftServer$Division (RaftServerImpl.java:setRole(383)) - 0e9e7d01-6cef-4822-a23d-4188eb8fb4d0@group-A9BF880E318F: changes role from      null to FOLLOWER at term 0 for startAsFollower
2024-05-06 08:59:26,719 [0e9e7d01-6cef-4822-a23d-4188eb8fb4d0-groupManagement] INFO  impl.RoleInfo (RoleInfo.java:updateAndGet(139)) - 0e9e7d01-6cef-4822-a23d-4188eb8fb4d0: start 0e9e7d01-6cef-4822-a23d-4188eb8fb4d0@group-A9BF880E318F-FollowerState
2024-05-06 08:59:26,722 [0e9e7d01-6cef-4822-a23d-4188eb8fb4d0-groupManagement] INFO  util.JmxRegister (JmxRegister.java:tryRegister(44)) - Successfully registered JMX Bean with object name Ratis:service=RaftServer,group=group-A9BF880E318F,id=0e9e7d01-6cef-4822-a23d-4188eb8fb4d0
2024-05-06 08:59:26,722 [0e9e7d01-6cef-4822-a23d-4188eb8fb4d0@group-A9BF880E318F-FollowerState] INFO  server.RaftServerConfigKeys (ConfUtils.java:logFallback(53)) - raft.server.rpc.first-election.timeout.min = 5s (fallback to raft.server.rpc.timeout.min)
2024-05-06 08:59:26,722 [0e9e7d01-6cef-4822-a23d-4188eb8fb4d0-groupManagement] INFO  server.RaftServerConfigKeys (ConfUtils.java:logGet(46)) - raft.server.snapshot.trigger-when-stop.enabled = true (default)
2024-05-06 08:59:26,722 [0e9e7d01-6cef-4822-a23d-4188eb8fb4d0-groupManagement] INFO  server.RaftServerConfigKeys (ConfUtils.java:logGet(46)) - raft.server.snapshot.auto.trigger.enabled = true (custom)
2024-05-06 08:59:26,722 [0e9e7d01-6cef-4822-a23d-4188eb8fb4d0-groupManagement] INFO  server.RaftServerConfigKeys (ConfUtils.java:logGet(46)) - raft.server.snapshot.auto.trigger.threshold = 10000 (custom)
2024-05-06 08:59:26,722 [0e9e7d01-6cef-4822-a23d-4188eb8fb4d0-groupManagement] INFO  server.RaftServerConfigKeys (ConfUtils.java:logGet(46)) - raft.server.snapshot.retention.file.num = 5 (custom)
2024-05-06 08:59:26,722 [0e9e7d01-6cef-4822-a23d-4188eb8fb4d0-groupManagement] INFO  server.RaftServerConfigKeys (ConfUtils.java:logGet(46)) - raft.server.log.purge.upto.snapshot.index = false (default)
2024-05-06 08:59:26,722 [0e9e7d01-6cef-4822-a23d-4188eb8fb4d0@group-A9BF880E318F-FollowerState] INFO  server.RaftServerConfigKeys (ConfUtils.java:logFallback(53)) - raft.server.rpc.first-election.timeout.max = 5200ms (fallback to raft.server.rpc.timeout.max)
2024-05-06 08:59:26,726 [grpc-default-executor-0] INFO  server.RaftServer (RaftServerProxy.java:addNew(100)) - 90b7064f-8397-4c9e-a509-54ea80c9149b: addNew group-78EE1D651754:[0e9e7d01-6cef-4822-a23d-4188eb8fb4d0|127.0.0.1:15085, 90b7064f-8397-4c9e-a509-54ea80c9149b|127.0.0.1:15067, 784e0075-095e-4f49-808e-af9ec74479d6|127.0.0.1:15076] returns group-78EE1D651754:java.util.concurrent.CompletableFuture@2c4fd953[Not completed]
2024-05-06 08:59:26,727 [90b7064f-8397-4c9e-a509-54ea80c9149b-groupManagement] INFO  server.RaftServer$Division (RaftServerImpl.java:<init>(256)) - 90b7064f-8397-4c9e-a509-54ea80c9149b: new RaftServerImpl for group-78EE1D651754:[0e9e7d01-6cef-4822-a23d-4188eb8fb4d0|127.0.0.1:15085, 90b7064f-8397-4c9e-a509-54ea80c9149b|127.0.0.1:15067, 784e0075-095e-4f49-808e-af9ec74479d6|127.0.0.1:15076] with ContainerStateMachine:uninitialized
2024-05-06 08:59:26,727 [90b7064f-8397-4c9e-a509-54ea80c9149b-groupManagement] INFO  server.RaftServerConfigKeys (ConfUtils.java:logGet(46)) - raft.server.rpc.timeout.min = 5s (custom)
2024-05-06 08:59:26,727 [90b7064f-8397-4c9e-a509-54ea80c9149b-groupManagement] INFO  server.RaftServerConfigKeys (ConfUtils.java:logGet(46)) - raft.server.rpc.timeout.max = 5200ms (custom)
2024-05-06 08:59:26,727 [90b7064f-8397-4c9e-a509-54ea80c9149b-groupManagement] INFO  server.RaftServerConfigKeys (ConfUtils.java:logGet(46)) - raft.server.rpc.sleep.time = 25ms (default)
2024-05-06 08:59:26,727 [90b7064f-8397-4c9e-a509-54ea80c9149b-groupManagement] INFO  server.RaftServerConfigKeys (ConfUtils.java:logGet(46)) - raft.server.rpc.slowness.timeout = 300000ms (custom)
2024-05-06 08:59:26,727 [90b7064f-8397-4c9e-a509-54ea80c9149b-groupManagement] INFO  server.RaftServerConfigKeys (ConfUtils.java:logGet(46)) - raft.server.leaderelection.leader.step-down.wait-time = 10s (default)
2024-05-06 08:59:26,728 [90b7064f-8397-4c9e-a509-54ea80c9149b-groupManagement] INFO  server.RaftServerConfigKeys (ConfUtils.java:logGet(46)) - raft.server.leaderelection.member.majority-add = false (default)
2024-05-06 08:59:26,728 [90b7064f-8397-4c9e-a509-54ea80c9149b-groupManagement] INFO  server.RaftServerConfigKeys (ConfUtils.java:logGet(46)) - raft.server.sleep.deviation.threshold = 300ms (default)
2024-05-06 08:59:26,728 [90b7064f-8397-4c9e-a509-54ea80c9149b-groupManagement] INFO  server.RaftServer$Division (ServerState.java:<init>(113)) - 90b7064f-8397-4c9e-a509-54ea80c9149b@group-78EE1D651754: ConfigurationManager, init=-1: peers:[0e9e7d01-6cef-4822-a23d-4188eb8fb4d0|127.0.0.1:15085, 90b7064f-8397-4c9e-a509-54ea80c9149b|127.0.0.1:15067, 784e0075-095e-4f49-808e-af9ec74479d6|127.0.0.1:15076]|listeners:[], old=null, confs=<EMPTY_MAP>
2024-05-06 08:59:26,728 [90b7064f-8397-4c9e-a509-54ea80c9149b-groupManagement] INFO  server.RaftServerConfigKeys (ConfUtils.java:logGet(46)) - raft.server.notification.no-leader.timeout = 300000ms (custom)
2024-05-06 08:59:26,728 [90b7064f-8397-4c9e-a509-54ea80c9149b-groupManagement] INFO  server.RaftServerConfigKeys (ConfUtils.java:logGet(46)) - raft.server.read.timeout = 10s (default)
2024-05-06 08:59:26,728 [90b7064f-8397-4c9e-a509-54ea80c9149b-groupManagement] INFO  server.RaftServerConfigKeys (ConfUtils.java:logGet(46)) - raft.server.retrycache.expirytime = 600000ms (custom)
2024-05-06 08:59:26,728 [90b7064f-8397-4c9e-a509-54ea80c9149b-groupManagement] INFO  server.RaftServerConfigKeys (ConfUtils.java:logGet(46)) - raft.server.retrycache.statistics.expirytime = 100ms (default)
2024-05-06 08:59:26,728 [90b7064f-8397-4c9e-a509-54ea80c9149b-groupManagement] INFO  server.RaftServerConfigKeys (ConfUtils.java:logGet(46)) - raft.server.read.option = DEFAULT (default)
2024-05-06 08:59:26,728 [90b7064f-8397-4c9e-a509-54ea80c9149b-groupManagement] INFO  server.RaftServerConfigKeys (ConfUtils.java:logGet(46)) - raft.server.read.read-after-write-consistent.write-index-cache.expiry-time = 60s (default)
2024-05-06 08:59:26,730 [90b7064f-8397-4c9e-a509-54ea80c9149b-groupManagement] INFO  server.RaftServerConfigKeys (ConfUtils.java:logGet(46)) - raft.server.rpc.request.timeout = 3000ms (default)
2024-05-06 08:59:26,730 [0e9e7d01-6cef-4822-a23d-4188eb8fb4d0-PipelineCommandHandlerThread-0] INFO  server.RaftServer (RaftServerProxy.java:addNew(100)) - 0e9e7d01-6cef-4822-a23d-4188eb8fb4d0: addNew group-D801CF8B2419:[0e9e7d01-6cef-4822-a23d-4188eb8fb4d0|127.0.0.1:15085] returns group-D801CF8B2419:java.util.concurrent.CompletableFuture@cbf44e[Not completed]
2024-05-06 08:59:26,731 [0e9e7d01-6cef-4822-a23d-4188eb8fb4d0-groupManagement] INFO  server.RaftServer$Division (RaftServerImpl.java:<init>(256)) - 0e9e7d01-6cef-4822-a23d-4188eb8fb4d0: new RaftServerImpl for group-D801CF8B2419:[0e9e7d01-6cef-4822-a23d-4188eb8fb4d0|127.0.0.1:15085] with ContainerStateMachine:uninitialized
2024-05-06 08:59:26,730 [90b7064f-8397-4c9e-a509-54ea80c9149b-PipelineCommandHandlerThread-0] INFO  commandhandler.CreatePipelineCommandHandler (CreatePipelineCommandHandler.java:lambda$handle$2(124)) - Created Pipeline RATIS THREE PipelineID=87f1befd-0e19-4082-a863-a9bf880e318f.
2024-05-06 08:59:26,731 [90b7064f-8397-4c9e-a509-54ea80c9149b-PipelineCommandHandlerThread-0] INFO  server.RaftServer (RaftServerProxy.java:addNew(100)) - 90b7064f-8397-4c9e-a509-54ea80c9149b: addNew group-8701510A3190:[0e9e7d01-6cef-4822-a23d-4188eb8fb4d0|127.0.0.1:15085, 90b7064f-8397-4c9e-a509-54ea80c9149b|127.0.0.1:15067, 784e0075-095e-4f49-808e-af9ec74479d6|127.0.0.1:15076] returns group-8701510A3190:java.util.concurrent.CompletableFuture@9548547[Not completed]
2024-05-06 08:59:26,730 [90b7064f-8397-4c9e-a509-54ea80c9149b-groupManagement] INFO  server.RaftServerConfigKeys (ConfUtils.java:logGet(46)) - raft.server.log.appender.install.snapshot.enabled = false (custom)
2024-05-06 08:59:26,731 [0e9e7d01-6cef-4822-a23d-4188eb8fb4d0-groupManagement] INFO  server.RaftServerConfigKeys (ConfUtils.java:logGet(46)) - raft.server.rpc.timeout.min = 5s (custom)
2024-05-06 08:59:26,732 [0e9e7d01-6cef-4822-a23d-4188eb8fb4d0-groupManagement] INFO  server.RaftServerConfigKeys (ConfUtils.java:logGet(46)) - raft.server.rpc.timeout.max = 5200ms (custom)
2024-05-06 08:59:26,732 [0e9e7d01-6cef-4822-a23d-4188eb8fb4d0-groupManagement] INFO  server.RaftServerConfigKeys (ConfUtils.java:logGet(46)) - raft.server.rpc.sleep.time = 25ms (default)
2024-05-06 08:59:26,732 [0e9e7d01-6cef-4822-a23d-4188eb8fb4d0-groupManagement] INFO  server.RaftServerConfigKeys (ConfUtils.java:logGet(46)) - raft.server.rpc.slowness.timeout = 300000ms (custom)
2024-05-06 08:59:26,732 [0e9e7d01-6cef-4822-a23d-4188eb8fb4d0-groupManagement] INFO  server.RaftServerConfigKeys (ConfUtils.java:logGet(46)) - raft.server.leaderelection.leader.step-down.wait-time = 10s (default)
2024-05-06 08:59:26,732 [0e9e7d01-6cef-4822-a23d-4188eb8fb4d0-groupManagement] INFO  server.RaftServerConfigKeys (ConfUtils.java:logGet(46)) - raft.server.leaderelection.member.majority-add = false (default)
2024-05-06 08:59:26,732 [0e9e7d01-6cef-4822-a23d-4188eb8fb4d0-groupManagement] INFO  server.RaftServerConfigKeys (ConfUtils.java:logGet(46)) - raft.server.sleep.deviation.threshold = 300ms (default)
2024-05-06 08:59:26,732 [0e9e7d01-6cef-4822-a23d-4188eb8fb4d0-groupManagement] INFO  server.RaftServer$Division (ServerState.java:<init>(113)) - 0e9e7d01-6cef-4822-a23d-4188eb8fb4d0@group-D801CF8B2419: ConfigurationManager, init=-1: peers:[0e9e7d01-6cef-4822-a23d-4188eb8fb4d0|127.0.0.1:15085]|listeners:[], old=null, confs=<EMPTY_MAP>
2024-05-06 08:59:26,732 [0e9e7d01-6cef-4822-a23d-4188eb8fb4d0-groupManagement] INFO  server.RaftServerConfigKeys (ConfUtils.java:logGet(46)) - raft.server.notification.no-leader.timeout = 300000ms (custom)
2024-05-06 08:59:26,732 [0e9e7d01-6cef-4822-a23d-4188eb8fb4d0-groupManagement] INFO  server.RaftServerConfigKeys (ConfUtils.java:logGet(46)) - raft.server.read.timeout = 10s (default)
2024-05-06 08:59:26,732 [0e9e7d01-6cef-4822-a23d-4188eb8fb4d0-groupManagement] INFO  server.RaftServerConfigKeys (ConfUtils.java:logGet(46)) - raft.server.retrycache.expirytime = 600000ms (custom)
2024-05-06 08:59:26,732 [0e9e7d01-6cef-4822-a23d-4188eb8fb4d0-groupManagement] INFO  server.RaftServerConfigKeys (ConfUtils.java:logGet(46)) - raft.server.retrycache.statistics.expirytime = 100ms (default)
2024-05-06 08:59:26,732 [0e9e7d01-6cef-4822-a23d-4188eb8fb4d0-groupManagement] INFO  server.RaftServerConfigKeys (ConfUtils.java:logGet(46)) - raft.server.read.option = DEFAULT (default)
2024-05-06 08:59:26,732 [0e9e7d01-6cef-4822-a23d-4188eb8fb4d0-groupManagement] INFO  server.RaftServerConfigKeys (ConfUtils.java:logGet(46)) - raft.server.read.read-after-write-consistent.write-index-cache.expiry-time = 60s (default)
2024-05-06 08:59:26,734 [0e9e7d01-6cef-4822-a23d-4188eb8fb4d0-groupManagement] INFO  server.RaftServerConfigKeys (ConfUtils.java:logGet(46)) - raft.server.rpc.request.timeout = 3000ms (default)
2024-05-06 08:59:26,734 [0e9e7d01-6cef-4822-a23d-4188eb8fb4d0-groupManagement] INFO  server.RaftServerConfigKeys (ConfUtils.java:logGet(46)) - raft.server.log.appender.install.snapshot.enabled = false (custom)
2024-05-06 08:59:26,734 [0e9e7d01-6cef-4822-a23d-4188eb8fb4d0-groupManagement] INFO  server.RaftServerConfigKeys (ConfUtils.java:logGet(46)) - raft.server.threadpool.server.cached = true (default)
2024-05-06 08:59:26,734 [0e9e7d01-6cef-4822-a23d-4188eb8fb4d0-groupManagement] INFO  server.RaftServerConfigKeys (ConfUtils.java:logGet(46)) - raft.server.threadpool.server.size = 0 (default)
2024-05-06 08:59:26,734 [0e9e7d01-6cef-4822-a23d-4188eb8fb4d0-groupManagement] INFO  server.RaftServerConfigKeys (ConfUtils.java:logGet(46)) - raft.server.threadpool.client.cached = true (default)
2024-05-06 08:59:26,734 [0e9e7d01-6cef-4822-a23d-4188eb8fb4d0-groupManagement] INFO  server.RaftServerConfigKeys (ConfUtils.java:logGet(46)) - raft.server.threadpool.client.size = 0 (default)
2024-05-06 08:59:26,734 [0e9e7d01-6cef-4822-a23d-4188eb8fb4d0-groupManagement] INFO  server.RaftServerConfigKeys (ConfUtils.java:logGet(46)) - raft.server.storage.free-space.min = 0MB (=0) (default)
2024-05-06 08:59:26,734 [0e9e7d01-6cef-4822-a23d-4188eb8fb4d0-groupManagement] INFO  server.RaftServerConfigKeys (ConfUtils.java:logGet(46)) - raft.server.log.corruption.policy = EXCEPTION (default)
2024-05-06 08:59:26,735 [0e9e7d01-6cef-4822-a23d-4188eb8fb4d0-groupManagement] INFO  server.RaftServerConfigKeys (ConfUtils.java:logGet(46)) - raft.server.storage.dir = [/home/runner/work/ozone/ozone/hadoop-ozone/integration-test/target/test-dir/MiniOzoneClusterImpl-f8a20603-669c-41d5-94ea-e080bd68b2ef/ozone-meta/datanode-3/ratis] (custom)
2024-05-06 08:59:26,735 [0e9e7d01-6cef-4822-a23d-4188eb8fb4d0-groupManagement] INFO  storage.RaftStorageDirectory (RaftStorageDirectoryImpl.java:analyzeStorage(138)) - The storage directory /home/runner/work/ozone/ozone/hadoop-ozone/integration-test/target/test-dir/MiniOzoneClusterImpl-f8a20603-669c-41d5-94ea-e080bd68b2ef/ozone-meta/datanode-3/ratis/d6a6cf6b-3f93-4a7c-a0ee-d801cf8b2419 does not exist. Creating ...
2024-05-06 08:59:26,735 [90b7064f-8397-4c9e-a509-54ea80c9149b-groupManagement] INFO  server.RaftServerConfigKeys (ConfUtils.java:logGet(46)) - raft.server.threadpool.server.cached = true (default)
2024-05-06 08:59:26,735 [90b7064f-8397-4c9e-a509-54ea80c9149b-groupManagement] INFO  server.RaftServerConfigKeys (ConfUtils.java:logGet(46)) - raft.server.threadpool.server.size = 0 (default)
2024-05-06 08:59:26,735 [90b7064f-8397-4c9e-a509-54ea80c9149b-groupManagement] INFO  server.RaftServerConfigKeys (ConfUtils.java:logGet(46)) - raft.server.threadpool.client.cached = true (default)
2024-05-06 08:59:26,735 [90b7064f-8397-4c9e-a509-54ea80c9149b-groupManagement] INFO  server.RaftServerConfigKeys (ConfUtils.java:logGet(46)) - raft.server.threadpool.client.size = 0 (default)
2024-05-06 08:59:26,736 [0e9e7d01-6cef-4822-a23d-4188eb8fb4d0-groupManagement] INFO  storage.RaftStorageDirectory (RaftStorageDirectoryImpl.java:tryLock(228)) - Lock on /home/runner/work/ozone/ozone/hadoop-ozone/integration-test/target/test-dir/MiniOzoneClusterImpl-f8a20603-669c-41d5-94ea-e080bd68b2ef/ozone-meta/datanode-3/ratis/d6a6cf6b-3f93-4a7c-a0ee-d801cf8b2419/in_use.lock acquired by nodename 54013@fv-az699-623
2024-05-06 08:59:26,736 [90b7064f-8397-4c9e-a509-54ea80c9149b-groupManagement] INFO  server.RaftServer$Division (RaftServerImpl.java:<init>(256)) - 90b7064f-8397-4c9e-a509-54ea80c9149b: new RaftServerImpl for group-8701510A3190:[0e9e7d01-6cef-4822-a23d-4188eb8fb4d0|127.0.0.1:15085, 90b7064f-8397-4c9e-a509-54ea80c9149b|127.0.0.1:15067, 784e0075-095e-4f49-808e-af9ec74479d6|127.0.0.1:15076] with ContainerStateMachine:uninitialized
2024-05-06 08:59:26,736 [90b7064f-8397-4c9e-a509-54ea80c9149b-groupManagement] INFO  server.RaftServerConfigKeys (ConfUtils.java:logGet(46)) - raft.server.rpc.timeout.min = 5s (custom)
2024-05-06 08:59:26,736 [90b7064f-8397-4c9e-a509-54ea80c9149b-groupManagement] INFO  server.RaftServerConfigKeys (ConfUtils.java:logGet(46)) - raft.server.rpc.timeout.max = 5200ms (custom)
2024-05-06 08:59:26,736 [90b7064f-8397-4c9e-a509-54ea80c9149b-groupManagement] INFO  server.RaftServerConfigKeys (ConfUtils.java:logGet(46)) - raft.server.rpc.sleep.time = 25ms (default)
2024-05-06 08:59:26,736 [90b7064f-8397-4c9e-a509-54ea80c9149b-groupManagement] INFO  server.RaftServerConfigKeys (ConfUtils.java:logGet(46)) - raft.server.rpc.slowness.timeout = 300000ms (custom)
2024-05-06 08:59:26,736 [90b7064f-8397-4c9e-a509-54ea80c9149b-groupManagement] INFO  server.RaftServerConfigKeys (ConfUtils.java:logGet(46)) - raft.server.leaderelection.leader.step-down.wait-time = 10s (default)
2024-05-06 08:59:26,736 [90b7064f-8397-4c9e-a509-54ea80c9149b-groupManagement] INFO  server.RaftServerConfigKeys (ConfUtils.java:logGet(46)) - raft.server.leaderelection.member.majority-add = false (default)
2024-05-06 08:59:26,737 [90b7064f-8397-4c9e-a509-54ea80c9149b-groupManagement] INFO  server.RaftServerConfigKeys (ConfUtils.java:logGet(46)) - raft.server.sleep.deviation.threshold = 300ms (default)
2024-05-06 08:59:26,737 [0e9e7d01-6cef-4822-a23d-4188eb8fb4d0-groupManagement] INFO  storage.RaftStorage (RaftStorageImpl.java:format(99)) - Storage directory /home/runner/work/ozone/ozone/hadoop-ozone/integration-test/target/test-dir/MiniOzoneClusterImpl-f8a20603-669c-41d5-94ea-e080bd68b2ef/ozone-meta/datanode-3/ratis/d6a6cf6b-3f93-4a7c-a0ee-d801cf8b2419 has been successfully formatted.
2024-05-06 08:59:26,737 [0e9e7d01-6cef-4822-a23d-4188eb8fb4d0-groupManagement] WARN  util.FileUtils (LogUtils.java:supplyAndLog(63)) - Failed to Files.newInputStream /home/runner/work/ozone/ozone/hadoop-ozone/integration-test/target/test-dir/MiniOzoneClusterImpl-f8a20603-669c-41d5-94ea-e080bd68b2ef/ozone-meta/datanode-3/ratis/d6a6cf6b-3f93-4a7c-a0ee-d801cf8b2419/current/raft-meta.conf with options []: java.nio.file.NoSuchFileException: /home/runner/work/ozone/ozone/hadoop-ozone/integration-test/target/test-dir/MiniOzoneClusterImpl-f8a20603-669c-41d5-94ea-e080bd68b2ef/ozone-meta/datanode-3/ratis/d6a6cf6b-3f93-4a7c-a0ee-d801cf8b2419/current/raft-meta.conf
2024-05-06 08:59:26,737 [0e9e7d01-6cef-4822-a23d-4188eb8fb4d0-groupManagement] INFO  ratis.ContainerStateMachine (ContainerStateMachine.java:loadSnapshot(287)) - group-D801CF8B2419: The snapshot info is null. Setting the last applied index to:(t:0, i:~)
2024-05-06 08:59:26,737 [0e9e7d01-6cef-4822-a23d-4188eb8fb4d0-groupManagement] INFO  server.RaftServerConfigKeys (ConfUtils.java:logGet(46)) - raft.server.log.use.memory = false (default)
2024-05-06 08:59:26,737 [0e9e7d01-6cef-4822-a23d-4188eb8fb4d0-groupManagement] INFO  server.RaftServerConfigKeys (ConfUtils.java:logGet(46)) - raft.server.log.purge.gap = 1000000 (custom)
2024-05-06 08:59:26,737 [0e9e7d01-6cef-4822-a23d-4188eb8fb4d0-groupManagement] INFO  server.RaftServerConfigKeys (ConfUtils.java:logGet(46)) - raft.server.log.appender.buffer.byte-limit = 8388608 (custom)
2024-05-06 08:59:26,737 [0e9e7d01-6cef-4822-a23d-4188eb8fb4d0-groupManagement] INFO  server.RaftServerConfigKeys (ConfUtils.java:logGet(46)) - raft.server.log.statemachine.data.read.timeout = 1000ms (default)
2024-05-06 08:59:26,737 [0e9e7d01-6cef-4822-a23d-4188eb8fb4d0-groupManagement] INFO  server.RaftServerConfigKeys (ConfUtils.java:logGet(46)) - raft.server.log.purge.preservation.log.num = 0 (default)
2024-05-06 08:59:26,737 [90b7064f-8397-4c9e-a509-54ea80c9149b-groupManagement] INFO  server.RaftServer$Division (ServerState.java:<init>(113)) - 90b7064f-8397-4c9e-a509-54ea80c9149b@group-8701510A3190: ConfigurationManager, init=-1: peers:[0e9e7d01-6cef-4822-a23d-4188eb8fb4d0|127.0.0.1:15085, 90b7064f-8397-4c9e-a509-54ea80c9149b|127.0.0.1:15067, 784e0075-095e-4f49-808e-af9ec74479d6|127.0.0.1:15076]|listeners:[], old=null, confs=<EMPTY_MAP>
2024-05-06 08:59:26,739 [90b7064f-8397-4c9e-a509-54ea80c9149b-groupManagement] INFO  server.RaftServerConfigKeys (ConfUtils.java:logGet(46)) - raft.server.notification.no-leader.timeout = 300000ms (custom)
2024-05-06 08:59:26,739 [90b7064f-8397-4c9e-a509-54ea80c9149b-groupManagement] INFO  server.RaftServerConfigKeys (ConfUtils.java:logGet(46)) - raft.server.read.timeout = 10s (default)
2024-05-06 08:59:26,739 [EventQueue-PipelineReportForPipelineReportHandler] INFO  pipeline.PipelineReportHandler (PipelineReportHandler.java:processPipelineReport(136)) - Opened pipeline PipelineID=d6a6cf6b-3f93-4a7c-a0ee-d801cf8b2419
2024-05-06 08:59:26,739 [90b7064f-8397-4c9e-a509-54ea80c9149b-groupManagement] INFO  server.RaftServerConfigKeys (ConfUtils.java:logGet(46)) - raft.server.retrycache.expirytime = 600000ms (custom)
2024-05-06 08:59:26,739 [EventQueue-OpenPipelineForHealthyPipelineSafeModeRule] INFO  safemode.SCMSafeModeManager (HealthyPipelineSafeModeRule.java:process(140)) - SCM in safe mode. Healthy pipelines reported count is 0, required healthy pipeline reported count is 1
2024-05-06 08:59:26,739 [90b7064f-8397-4c9e-a509-54ea80c9149b-groupManagement] INFO  server.RaftServerConfigKeys (ConfUtils.java:logGet(46)) - raft.server.retrycache.statistics.expirytime = 100ms (default)
2024-05-06 08:59:26,740 [90b7064f-8397-4c9e-a509-54ea80c9149b-groupManagement] INFO  server.RaftServerConfigKeys (ConfUtils.java:logGet(46)) - raft.server.read.option = DEFAULT (default)
2024-05-06 08:59:26,740 [90b7064f-8397-4c9e-a509-54ea80c9149b-groupManagement] INFO  server.RaftServerConfigKeys (ConfUtils.java:logGet(46)) - raft.server.read.read-after-write-consistent.write-index-cache.expiry-time = 60s (default)
2024-05-06 08:59:26,741 [0e9e7d01-6cef-4822-a23d-4188eb8fb4d0-groupManagement] INFO  server.RaftServerConfigKeys (ConfUtils.java:logGet(46)) - raft.server.log.segment.size.max = 67108864 (custom)
2024-05-06 08:59:26,742 [0e9e7d01-6cef-4822-a23d-4188eb8fb4d0-groupManagement] INFO  server.RaftServerConfigKeys (ConfUtils.java:logGet(46)) - raft.server.log.segment.cache.num.max = 2 (custom)
2024-05-06 08:59:26,742 [0e9e7d01-6cef-4822-a23d-4188eb8fb4d0-groupManagement] INFO  server.RaftServerConfigKeys (ConfUtils.java:logGet(46)) - raft.server.log.segment.cache.size.max = 200MB (=209715200) (default)
2024-05-06 08:59:26,742 [0e9e7d01-6cef-4822-a23d-4188eb8fb4d0-groupManagement] INFO  server.RaftServerConfigKeys (ConfUtils.java:logGet(46)) - raft.server.log.appender.buffer.byte-limit = 8388608 (custom)
2024-05-06 08:59:26,742 [0e9e7d01-6cef-4822-a23d-4188eb8fb4d0-groupManagement] INFO  util.AwaitToRun (AwaitToRun.java:start(81)) - Thread[0e9e7d01-6cef-4822-a23d-4188eb8fb4d0@group-D801CF8B2419-cacheEviction-AwaitToRun,5,main] started
2024-05-06 08:59:26,742 [0e9e7d01-6cef-4822-a23d-4188eb8fb4d0-groupManagement] INFO  segmented.SegmentedRaftLogWorker (SegmentedRaftLogWorker.java:<init>(182)) - new 0e9e7d01-6cef-4822-a23d-4188eb8fb4d0@group-D801CF8B2419-SegmentedRaftLogWorker for RaftStorageImpl:Storage Directory /home/runner/work/ozone/ozone/hadoop-ozone/integration-test/target/test-dir/MiniOzoneClusterImpl-f8a20603-669c-41d5-94ea-e080bd68b2ef/ozone-meta/datanode-3/ratis/d6a6cf6b-3f93-4a7c-a0ee-d801cf8b2419
2024-05-06 08:59:26,742 [0e9e7d01-6cef-4822-a23d-4188eb8fb4d0-groupManagement] INFO  server.RaftServerConfigKeys (ConfUtils.java:logGet(46)) - raft.server.log.queue.byte-limit = 4294967296 (custom)
2024-05-06 08:59:26,742 [0e9e7d01-6cef-4822-a23d-4188eb8fb4d0-groupManagement] INFO  server.RaftServerConfigKeys (ConfUtils.java:logGet(46)) - raft.server.log.queue.element-limit = 1024 (custom)
2024-05-06 08:59:26,742 [0e9e7d01-6cef-4822-a23d-4188eb8fb4d0-groupManagement] INFO  server.RaftServerConfigKeys (ConfUtils.java:logGet(46)) - raft.server.log.segment.size.max = 67108864 (custom)
2024-05-06 08:59:26,742 [0e9e7d01-6cef-4822-a23d-4188eb8fb4d0-groupManagement] INFO  server.RaftServerConfigKeys (ConfUtils.java:logGet(46)) - raft.server.log.preallocated.size = 4194304 (custom)
2024-05-06 08:59:26,743 [0e9e7d01-6cef-4822-a23d-4188eb8fb4d0-groupManagement] INFO  server.RaftServerConfigKeys (ConfUtils.java:logGet(46)) - raft.server.log.force.sync.num = 128 (default)
2024-05-06 08:59:26,743 [0e9e7d01-6cef-4822-a23d-4188eb8fb4d0-groupManagement] INFO  server.RaftServerConfigKeys (ConfUtils.java:logGet(46)) - raft.server.log.statemachine.data.sync = true (default)
2024-05-06 08:59:26,743 [0e9e7d01-6cef-4822-a23d-4188eb8fb4d0-groupManagement] INFO  server.RaftServerConfigKeys (ConfUtils.java:logGet(46)) - raft.server.log.statemachine.data.sync.timeout = 10s (default)
2024-05-06 08:59:26,743 [0e9e7d01-6cef-4822-a23d-4188eb8fb4d0-groupManagement] INFO  server.RaftServerConfigKeys (ConfUtils.java:logGet(46)) - raft.server.log.statemachine.data.sync.timeout.retry = 30 (custom)
2024-05-06 08:59:26,743 [0e9e7d01-6cef-4822-a23d-4188eb8fb4d0-groupManagement] INFO  server.RaftServerConfigKeys (ConfUtils.java:logGet(46)) - raft.server.log.write.buffer.size = 8388616 (custom)
2024-05-06 08:59:26,744 [90b7064f-8397-4c9e-a509-54ea80c9149b-groupManagement] INFO  server.RaftServerConfigKeys (ConfUtils.java:logGet(46)) - raft.server.rpc.request.timeout = 3000ms (default)
2024-05-06 08:59:26,744 [90b7064f-8397-4c9e-a509-54ea80c9149b-groupManagement] INFO  server.RaftServerConfigKeys (ConfUtils.java:logGet(46)) - raft.server.log.appender.install.snapshot.enabled = false (custom)
2024-05-06 08:59:26,744 [90b7064f-8397-4c9e-a509-54ea80c9149b-groupManagement] INFO  server.RaftServerConfigKeys (ConfUtils.java:logGet(46)) - raft.server.threadpool.server.cached = true (default)
2024-05-06 08:59:26,744 [90b7064f-8397-4c9e-a509-54ea80c9149b-groupManagement] INFO  server.RaftServerConfigKeys (ConfUtils.java:logGet(46)) - raft.server.threadpool.server.size = 0 (default)
2024-05-06 08:59:26,744 [90b7064f-8397-4c9e-a509-54ea80c9149b-groupManagement] INFO  server.RaftServerConfigKeys (ConfUtils.java:logGet(46)) - raft.server.threadpool.client.cached = true (default)
2024-05-06 08:59:26,744 [90b7064f-8397-4c9e-a509-54ea80c9149b-groupManagement] INFO  server.RaftServerConfigKeys (ConfUtils.java:logGet(46)) - raft.server.threadpool.client.size = 0 (default)
2024-05-06 08:59:26,744 [90b7064f-8397-4c9e-a509-54ea80c9149b-groupManagement] INFO  server.RaftServerConfigKeys (ConfUtils.java:logGet(46)) - raft.server.storage.free-space.min = 0MB (=0) (default)
2024-05-06 08:59:26,744 [90b7064f-8397-4c9e-a509-54ea80c9149b-groupManagement] INFO  server.RaftServerConfigKeys (ConfUtils.java:logGet(46)) - raft.server.log.corruption.policy = EXCEPTION (default)
2024-05-06 08:59:26,744 [90b7064f-8397-4c9e-a509-54ea80c9149b-groupManagement] INFO  server.RaftServerConfigKeys (ConfUtils.java:logGet(46)) - raft.server.storage.dir = [/home/runner/work/ozone/ozone/hadoop-ozone/integration-test/target/test-dir/MiniOzoneClusterImpl-f8a20603-669c-41d5-94ea-e080bd68b2ef/ozone-meta/datanode-1/ratis] (custom)
2024-05-06 08:59:26,744 [90b7064f-8397-4c9e-a509-54ea80c9149b-groupManagement] INFO  storage.RaftStorageDirectory (RaftStorageDirectoryImpl.java:analyzeStorage(138)) - The storage directory /home/runner/work/ozone/ozone/hadoop-ozone/integration-test/target/test-dir/MiniOzoneClusterImpl-f8a20603-669c-41d5-94ea-e080bd68b2ef/ozone-meta/datanode-1/ratis/f9c5d62b-efaf-469a-aada-78ee1d651754 does not exist. Creating ...
2024-05-06 08:59:26,745 [0e9e7d01-6cef-4822-a23d-4188eb8fb4d0-groupManagement] INFO  server.RaftServerConfigKeys (ConfUtils.java:logGet(46)) - raft.server.log.appender.buffer.byte-limit = 8388608 (custom)
2024-05-06 08:59:26,745 [90b7064f-8397-4c9e-a509-54ea80c9149b-groupManagement] INFO  storage.RaftStorageDirectory (RaftStorageDirectoryImpl.java:tryLock(228)) - Lock on /home/runner/work/ozone/ozone/hadoop-ozone/integration-test/target/test-dir/MiniOzoneClusterImpl-f8a20603-669c-41d5-94ea-e080bd68b2ef/ozone-meta/datanode-1/ratis/f9c5d62b-efaf-469a-aada-78ee1d651754/in_use.lock acquired by nodename 54013@fv-az699-623
2024-05-06 08:59:26,745 [0e9e7d01-6cef-4822-a23d-4188eb8fb4d0-groupManagement] INFO  server.RaftServerConfigKeys (ConfUtils.java:logGet(46)) - raft.server.log.unsafe-flush.enabled = false (default)
2024-05-06 08:59:26,745 [0e9e7d01-6cef-4822-a23d-4188eb8fb4d0-groupManagement] INFO  server.RaftServerConfigKeys (ConfUtils.java:logGet(46)) - raft.server.log.async-flush.enabled = false (default)
2024-05-06 08:59:26,745 [0e9e7d01-6cef-4822-a23d-4188eb8fb4d0-groupManagement] INFO  server.RaftServerConfigKeys (ConfUtils.java:logGet(46)) - raft.server.log.statemachine.data.caching.enabled = true (custom)
2024-05-06 08:59:26,745 [0e9e7d01-6cef-4822-a23d-4188eb8fb4d0-groupManagement] INFO  segmented.SegmentedRaftLogWorker (SegmentedRaftLogWorker.java:lambda$new$0(134)) - 0e9e7d01-6cef-4822-a23d-4188eb8fb4d0@group-D801CF8B2419-SegmentedRaftLogWorker: flushIndex: setUnconditionally 0 -> -1
2024-05-06 08:59:26,746 [0e9e7d01-6cef-4822-a23d-4188eb8fb4d0-groupManagement] INFO  segmented.SegmentedRaftLogWorker (SegmentedRaftLogWorker.java:lambda$new$0(134)) - 0e9e7d01-6cef-4822-a23d-4188eb8fb4d0@group-D801CF8B2419-SegmentedRaftLogWorker: safeCacheEvictIndex: setUnconditionally 0 -> -1
2024-05-06 08:59:26,746 [0e9e7d01-6cef-4822-a23d-4188eb8fb4d0-groupManagement] INFO  server.RaftServer$Division (RaftServerImpl.java:start(396)) - 0e9e7d01-6cef-4822-a23d-4188eb8fb4d0@group-D801CF8B2419: start as a follower, conf=-1: peers:[0e9e7d01-6cef-4822-a23d-4188eb8fb4d0|127.0.0.1:15085]|listeners:[], old=null
2024-05-06 08:59:26,746 [0e9e7d01-6cef-4822-a23d-4188eb8fb4d0-groupManagement] INFO  server.RaftServer$Division (RaftServerImpl.java:setRole(383)) - 0e9e7d01-6cef-4822-a23d-4188eb8fb4d0@group-D801CF8B2419: changes role from      null to FOLLOWER at term 0 for startAsFollower
2024-05-06 08:59:26,746 [0e9e7d01-6cef-4822-a23d-4188eb8fb4d0-groupManagement] INFO  impl.RoleInfo (RoleInfo.java:updateAndGet(139)) - 0e9e7d01-6cef-4822-a23d-4188eb8fb4d0: start 0e9e7d01-6cef-4822-a23d-4188eb8fb4d0@group-D801CF8B2419-FollowerState
2024-05-06 08:59:26,746 [90b7064f-8397-4c9e-a509-54ea80c9149b-groupManagement] INFO  storage.RaftStorage (RaftStorageImpl.java:format(99)) - Storage directory /home/runner/work/ozone/ozone/hadoop-ozone/integration-test/target/test-dir/MiniOzoneClusterImpl-f8a20603-669c-41d5-94ea-e080bd68b2ef/ozone-meta/datanode-1/ratis/f9c5d62b-efaf-469a-aada-78ee1d651754 has been successfully formatted.
2024-05-06 08:59:26,746 [0e9e7d01-6cef-4822-a23d-4188eb8fb4d0-groupManagement] INFO  util.JmxRegister (JmxRegister.java:tryRegister(44)) - Successfully registered JMX Bean with object name Ratis:service=RaftServer,group=group-D801CF8B2419,id=0e9e7d01-6cef-4822-a23d-4188eb8fb4d0
2024-05-06 08:59:26,746 [0e9e7d01-6cef-4822-a23d-4188eb8fb4d0-groupManagement] INFO  server.RaftServerConfigKeys (ConfUtils.java:logGet(46)) - raft.server.snapshot.trigger-when-stop.enabled = true (default)
2024-05-06 08:59:26,746 [90b7064f-8397-4c9e-a509-54ea80c9149b-groupManagement] WARN  util.FileUtils (LogUtils.java:supplyAndLog(63)) - Failed to Files.newInputStream /home/runner/work/ozone/ozone/hadoop-ozone/integration-test/target/test-dir/MiniOzoneClusterImpl-f8a20603-669c-41d5-94ea-e080bd68b2ef/ozone-meta/datanode-1/ratis/f9c5d62b-efaf-469a-aada-78ee1d651754/current/raft-meta.conf with options []: java.nio.file.NoSuchFileException: /home/runner/work/ozone/ozone/hadoop-ozone/integration-test/target/test-dir/MiniOzoneClusterImpl-f8a20603-669c-41d5-94ea-e080bd68b2ef/ozone-meta/datanode-1/ratis/f9c5d62b-efaf-469a-aada-78ee1d651754/current/raft-meta.conf
2024-05-06 08:59:26,746 [0e9e7d01-6cef-4822-a23d-4188eb8fb4d0-groupManagement] INFO  server.RaftServerConfigKeys (ConfUtils.java:logGet(46)) - raft.server.snapshot.auto.trigger.enabled = true (custom)
2024-05-06 08:59:26,746 [0e9e7d01-6cef-4822-a23d-4188eb8fb4d0-groupManagement] INFO  server.RaftServerConfigKeys (ConfUtils.java:logGet(46)) - raft.server.snapshot.auto.trigger.threshold = 10000 (custom)
2024-05-06 08:59:26,746 [0e9e7d01-6cef-4822-a23d-4188eb8fb4d0-groupManagement] INFO  server.RaftServerConfigKeys (ConfUtils.java:logGet(46)) - raft.server.snapshot.retention.file.num = 5 (custom)
2024-05-06 08:59:26,746 [0e9e7d01-6cef-4822-a23d-4188eb8fb4d0-groupManagement] INFO  server.RaftServerConfigKeys (ConfUtils.java:logGet(46)) - raft.server.log.purge.upto.snapshot.index = false (default)
2024-05-06 08:59:26,747 [90b7064f-8397-4c9e-a509-54ea80c9149b-groupManagement] INFO  ratis.ContainerStateMachine (ContainerStateMachine.java:loadSnapshot(287)) - group-78EE1D651754: The snapshot info is null. Setting the last applied index to:(t:0, i:~)
2024-05-06 08:59:26,747 [90b7064f-8397-4c9e-a509-54ea80c9149b-groupManagement] INFO  server.RaftServerConfigKeys (ConfUtils.java:logGet(46)) - raft.server.log.use.memory = false (default)
2024-05-06 08:59:26,747 [90b7064f-8397-4c9e-a509-54ea80c9149b-groupManagement] INFO  server.RaftServerConfigKeys (ConfUtils.java:logGet(46)) - raft.server.log.purge.gap = 1000000 (custom)
2024-05-06 08:59:26,747 [90b7064f-8397-4c9e-a509-54ea80c9149b-groupManagement] INFO  server.RaftServerConfigKeys (ConfUtils.java:logGet(46)) - raft.server.log.appender.buffer.byte-limit = 8388608 (custom)
2024-05-06 08:59:26,747 [90b7064f-8397-4c9e-a509-54ea80c9149b-groupManagement] INFO  server.RaftServerConfigKeys (ConfUtils.java:logGet(46)) - raft.server.log.statemachine.data.read.timeout = 1000ms (default)
2024-05-06 08:59:26,747 [90b7064f-8397-4c9e-a509-54ea80c9149b-groupManagement] INFO  server.RaftServerConfigKeys (ConfUtils.java:logGet(46)) - raft.server.log.purge.preservation.log.num = 0 (default)
2024-05-06 08:59:26,748 [0e9e7d01-6cef-4822-a23d-4188eb8fb4d0@group-D801CF8B2419-FollowerState] INFO  server.RaftServerConfigKeys (ConfUtils.java:logFallback(53)) - raft.server.rpc.first-election.timeout.min = 5s (fallback to raft.server.rpc.timeout.min)
2024-05-06 08:59:26,748 [0e9e7d01-6cef-4822-a23d-4188eb8fb4d0@group-D801CF8B2419-FollowerState] INFO  server.RaftServerConfigKeys (ConfUtils.java:logFallback(53)) - raft.server.rpc.first-election.timeout.max = 5200ms (fallback to raft.server.rpc.timeout.max)
2024-05-06 08:59:26,748 [90b7064f-8397-4c9e-a509-54ea80c9149b-groupManagement] INFO  server.RaftServerConfigKeys (ConfUtils.java:logGet(46)) - raft.server.log.segment.size.max = 67108864 (custom)
2024-05-06 08:59:26,748 [90b7064f-8397-4c9e-a509-54ea80c9149b-groupManagement] INFO  server.RaftServerConfigKeys (ConfUtils.java:logGet(46)) - raft.server.log.segment.cache.num.max = 2 (custom)
2024-05-06 08:59:26,748 [90b7064f-8397-4c9e-a509-54ea80c9149b-groupManagement] INFO  server.RaftServerConfigKeys (ConfUtils.java:logGet(46)) - raft.server.log.segment.cache.size.max = 200MB (=209715200) (default)
2024-05-06 08:59:26,748 [90b7064f-8397-4c9e-a509-54ea80c9149b-groupManagement] INFO  server.RaftServerConfigKeys (ConfUtils.java:logGet(46)) - raft.server.log.appender.buffer.byte-limit = 8388608 (custom)
2024-05-06 08:59:26,749 [EventQueue-OpenPipelineForHealthyPipelineSafeModeRule] INFO  safemode.SCMSafeModeManager (HealthyPipelineSafeModeRule.java:process(140)) - SCM in safe mode. Healthy pipelines reported count is 0, required healthy pipeline reported count is 1
2024-05-06 08:59:26,749 [0e9e7d01-6cef-4822-a23d-4188eb8fb4d0-PipelineCommandHandlerThread-0] INFO  ratis.XceiverServerRatis (XceiverServerRatis.java:addGroup(864)) - Created group PipelineID=d6a6cf6b-3f93-4a7c-a0ee-d801cf8b2419
2024-05-06 08:59:26,749 [0e9e7d01-6cef-4822-a23d-4188eb8fb4d0-PipelineCommandHandlerThread-0] INFO  commandhandler.CreatePipelineCommandHandler (CreatePipelineCommandHandler.java:lambda$handle$2(124)) - Created Pipeline RATIS ONE PipelineID=d6a6cf6b-3f93-4a7c-a0ee-d801cf8b2419.
2024-05-06 08:59:26,750 [0e9e7d01-6cef-4822-a23d-4188eb8fb4d0-PipelineCommandHandlerThread-0] INFO  server.RaftServer (RaftServerProxy.java:addNew(100)) - 0e9e7d01-6cef-4822-a23d-4188eb8fb4d0: addNew group-78EE1D651754:[0e9e7d01-6cef-4822-a23d-4188eb8fb4d0|127.0.0.1:15085, 90b7064f-8397-4c9e-a509-54ea80c9149b|127.0.0.1:15067, 784e0075-095e-4f49-808e-af9ec74479d6|127.0.0.1:15076] returns group-78EE1D651754:java.util.concurrent.CompletableFuture@e0c0a27[Not completed]
2024-05-06 08:59:26,751 [0e9e7d01-6cef-4822-a23d-4188eb8fb4d0-groupManagement] INFO  server.RaftServer$Division (RaftServerImpl.java:<init>(256)) - 0e9e7d01-6cef-4822-a23d-4188eb8fb4d0: new RaftServerImpl for group-78EE1D651754:[0e9e7d01-6cef-4822-a23d-4188eb8fb4d0|127.0.0.1:15085, 90b7064f-8397-4c9e-a509-54ea80c9149b|127.0.0.1:15067, 784e0075-095e-4f49-808e-af9ec74479d6|127.0.0.1:15076] with ContainerStateMachine:uninitialized
2024-05-06 08:59:26,751 [0e9e7d01-6cef-4822-a23d-4188eb8fb4d0-groupManagement] INFO  server.RaftServerConfigKeys (ConfUtils.java:logGet(46)) - raft.server.rpc.timeout.min = 5s (custom)
2024-05-06 08:59:26,751 [0e9e7d01-6cef-4822-a23d-4188eb8fb4d0-groupManagement] INFO  server.RaftServerConfigKeys (ConfUtils.java:logGet(46)) - raft.server.rpc.timeout.max = 5200ms (custom)
2024-05-06 08:59:26,751 [0e9e7d01-6cef-4822-a23d-4188eb8fb4d0-groupManagement] INFO  server.RaftServerConfigKeys (ConfUtils.java:logGet(46)) - raft.server.rpc.sleep.time = 25ms (default)
2024-05-06 08:59:26,751 [0e9e7d01-6cef-4822-a23d-4188eb8fb4d0-groupManagement] INFO  server.RaftServerConfigKeys (ConfUtils.java:logGet(46)) - raft.server.rpc.slowness.timeout = 300000ms (custom)
2024-05-06 08:59:26,751 [0e9e7d01-6cef-4822-a23d-4188eb8fb4d0-groupManagement] INFO  server.RaftServerConfigKeys (ConfUtils.java:logGet(46)) - raft.server.leaderelection.leader.step-down.wait-time = 10s (default)
2024-05-06 08:59:26,751 [0e9e7d01-6cef-4822-a23d-4188eb8fb4d0-groupManagement] INFO  server.RaftServerConfigKeys (ConfUtils.java:logGet(46)) - raft.server.leaderelection.member.majority-add = false (default)
2024-05-06 08:59:26,751 [0e9e7d01-6cef-4822-a23d-4188eb8fb4d0-groupManagement] INFO  server.RaftServerConfigKeys (ConfUtils.java:logGet(46)) - raft.server.sleep.deviation.threshold = 300ms (default)
2024-05-06 08:59:26,751 [0e9e7d01-6cef-4822-a23d-4188eb8fb4d0-groupManagement] INFO  server.RaftServer$Division (ServerState.java:<init>(113)) - 0e9e7d01-6cef-4822-a23d-4188eb8fb4d0@group-78EE1D651754: ConfigurationManager, init=-1: peers:[0e9e7d01-6cef-4822-a23d-4188eb8fb4d0|127.0.0.1:15085, 90b7064f-8397-4c9e-a509-54ea80c9149b|127.0.0.1:15067, 784e0075-095e-4f49-808e-af9ec74479d6|127.0.0.1:15076]|listeners:[], old=null, confs=<EMPTY_MAP>
2024-05-06 08:59:26,751 [0e9e7d01-6cef-4822-a23d-4188eb8fb4d0-groupManagement] INFO  server.RaftServerConfigKeys (ConfUtils.java:logGet(46)) - raft.server.notification.no-leader.timeout = 300000ms (custom)
2024-05-06 08:59:26,751 [0e9e7d01-6cef-4822-a23d-4188eb8fb4d0-groupManagement] INFO  server.RaftServerConfigKeys (ConfUtils.java:logGet(46)) - raft.server.read.timeout = 10s (default)
2024-05-06 08:59:26,751 [0e9e7d01-6cef-4822-a23d-4188eb8fb4d0-groupManagement] INFO  server.RaftServerConfigKeys (ConfUtils.java:logGet(46)) - raft.server.retrycache.expirytime = 600000ms (custom)
2024-05-06 08:59:26,751 [0e9e7d01-6cef-4822-a23d-4188eb8fb4d0-groupManagement] INFO  server.RaftServerConfigKeys (ConfUtils.java:logGet(46)) - raft.server.retrycache.statistics.expirytime = 100ms (default)
2024-05-06 08:59:26,751 [0e9e7d01-6cef-4822-a23d-4188eb8fb4d0-groupManagement] INFO  server.RaftServerConfigKeys (ConfUtils.java:logGet(46)) - raft.server.read.option = DEFAULT (default)
2024-05-06 08:59:26,751 [0e9e7d01-6cef-4822-a23d-4188eb8fb4d0-groupManagement] INFO  server.RaftServerConfigKeys (ConfUtils.java:logGet(46)) - raft.server.read.read-after-write-consistent.write-index-cache.expiry-time = 60s (default)
2024-05-06 08:59:26,753 [0e9e7d01-6cef-4822-a23d-4188eb8fb4d0-groupManagement] INFO  server.RaftServerConfigKeys (ConfUtils.java:logGet(46)) - raft.server.rpc.request.timeout = 3000ms (default)
2024-05-06 08:59:26,753 [0e9e7d01-6cef-4822-a23d-4188eb8fb4d0-groupManagement] INFO  server.RaftServerConfigKeys (ConfUtils.java:logGet(46)) - raft.server.log.appender.install.snapshot.enabled = false (custom)
2024-05-06 08:59:26,753 [0e9e7d01-6cef-4822-a23d-4188eb8fb4d0-groupManagement] INFO  server.RaftServerConfigKeys (ConfUtils.java:logGet(46)) - raft.server.threadpool.server.cached = true (default)
2024-05-06 08:59:26,753 [0e9e7d01-6cef-4822-a23d-4188eb8fb4d0-groupManagement] INFO  server.RaftServerConfigKeys (ConfUtils.java:logGet(46)) - raft.server.threadpool.server.size = 0 (default)
2024-05-06 08:59:26,754 [0e9e7d01-6cef-4822-a23d-4188eb8fb4d0-groupManagement] INFO  server.RaftServerConfigKeys (ConfUtils.java:logGet(46)) - raft.server.threadpool.client.cached = true (default)
2024-05-06 08:59:26,754 [0e9e7d01-6cef-4822-a23d-4188eb8fb4d0-groupManagement] INFO  server.RaftServerConfigKeys (ConfUtils.java:logGet(46)) - raft.server.threadpool.client.size = 0 (default)
2024-05-06 08:59:26,754 [0e9e7d01-6cef-4822-a23d-4188eb8fb4d0-groupManagement] INFO  server.RaftServerConfigKeys (ConfUtils.java:logGet(46)) - raft.server.storage.free-space.min = 0MB (=0) (default)
2024-05-06 08:59:26,754 [0e9e7d01-6cef-4822-a23d-4188eb8fb4d0-groupManagement] INFO  server.RaftServerConfigKeys (ConfUtils.java:logGet(46)) - raft.server.log.corruption.policy = EXCEPTION (default)
2024-05-06 08:59:26,754 [0e9e7d01-6cef-4822-a23d-4188eb8fb4d0-groupManagement] INFO  server.RaftServerConfigKeys (ConfUtils.java:logGet(46)) - raft.server.storage.dir = [/home/runner/work/ozone/ozone/hadoop-ozone/integration-test/target/test-dir/MiniOzoneClusterImpl-f8a20603-669c-41d5-94ea-e080bd68b2ef/ozone-meta/datanode-3/ratis] (custom)
2024-05-06 08:59:26,754 [0e9e7d01-6cef-4822-a23d-4188eb8fb4d0-groupManagement] INFO  storage.RaftStorageDirectory (RaftStorageDirectoryImpl.java:analyzeStorage(138)) - The storage directory /home/runner/work/ozone/ozone/hadoop-ozone/integration-test/target/test-dir/MiniOzoneClusterImpl-f8a20603-669c-41d5-94ea-e080bd68b2ef/ozone-meta/datanode-3/ratis/f9c5d62b-efaf-469a-aada-78ee1d651754 does not exist. Creating ...
2024-05-06 08:59:26,755 [90b7064f-8397-4c9e-a509-54ea80c9149b-groupManagement] INFO  util.AwaitToRun (AwaitToRun.java:start(81)) - Thread[90b7064f-8397-4c9e-a509-54ea80c9149b@group-78EE1D651754-cacheEviction-AwaitToRun,5,main] started
2024-05-06 08:59:26,756 [90b7064f-8397-4c9e-a509-54ea80c9149b-groupManagement] INFO  segmented.SegmentedRaftLogWorker (SegmentedRaftLogWorker.java:<init>(182)) - new 90b7064f-8397-4c9e-a509-54ea80c9149b@group-78EE1D651754-SegmentedRaftLogWorker for RaftStorageImpl:Storage Directory /home/runner/work/ozone/ozone/hadoop-ozone/integration-test/target/test-dir/MiniOzoneClusterImpl-f8a20603-669c-41d5-94ea-e080bd68b2ef/ozone-meta/datanode-1/ratis/f9c5d62b-efaf-469a-aada-78ee1d651754
2024-05-06 08:59:26,756 [90b7064f-8397-4c9e-a509-54ea80c9149b-groupManagement] INFO  server.RaftServerConfigKeys (ConfUtils.java:logGet(46)) - raft.server.log.queue.byte-limit = 4294967296 (custom)
2024-05-06 08:59:26,756 [90b7064f-8397-4c9e-a509-54ea80c9149b-groupManagement] INFO  server.RaftServerConfigKeys (ConfUtils.java:logGet(46)) - raft.server.log.queue.element-limit = 1024 (custom)
2024-05-06 08:59:26,756 [90b7064f-8397-4c9e-a509-54ea80c9149b-groupManagement] INFO  server.RaftServerConfigKeys (ConfUtils.java:logGet(46)) - raft.server.log.segment.size.max = 67108864 (custom)
2024-05-06 08:59:26,756 [90b7064f-8397-4c9e-a509-54ea80c9149b-groupManagement] INFO  server.RaftServerConfigKeys (ConfUtils.java:logGet(46)) - raft.server.log.preallocated.size = 4194304 (custom)
2024-05-06 08:59:26,756 [0e9e7d01-6cef-4822-a23d-4188eb8fb4d0-groupManagement] INFO  storage.RaftStorageDirectory (RaftStorageDirectoryImpl.java:tryLock(228)) - Lock on /home/runner/work/ozone/ozone/hadoop-ozone/integration-test/target/test-dir/MiniOzoneClusterImpl-f8a20603-669c-41d5-94ea-e080bd68b2ef/ozone-meta/datanode-3/ratis/f9c5d62b-efaf-469a-aada-78ee1d651754/in_use.lock acquired by nodename 54013@fv-az699-623
2024-05-06 08:59:26,756 [90b7064f-8397-4c9e-a509-54ea80c9149b-groupManagement] INFO  server.RaftServerConfigKeys (ConfUtils.java:logGet(46)) - raft.server.log.force.sync.num = 128 (default)
2024-05-06 08:59:26,756 [90b7064f-8397-4c9e-a509-54ea80c9149b-groupManagement] INFO  server.RaftServerConfigKeys (ConfUtils.java:logGet(46)) - raft.server.log.statemachine.data.sync = true (default)
2024-05-06 08:59:26,756 [90b7064f-8397-4c9e-a509-54ea80c9149b-groupManagement] INFO  server.RaftServerConfigKeys (ConfUtils.java:logGet(46)) - raft.server.log.statemachine.data.sync.timeout = 10s (default)
2024-05-06 08:59:26,756 [90b7064f-8397-4c9e-a509-54ea80c9149b-groupManagement] INFO  server.RaftServerConfigKeys (ConfUtils.java:logGet(46)) - raft.server.log.statemachine.data.sync.timeout.retry = 30 (custom)
2024-05-06 08:59:26,756 [90b7064f-8397-4c9e-a509-54ea80c9149b-groupManagement] INFO  server.RaftServerConfigKeys (ConfUtils.java:logGet(46)) - raft.server.log.write.buffer.size = 8388616 (custom)
2024-05-06 08:59:26,757 [0e9e7d01-6cef-4822-a23d-4188eb8fb4d0-groupManagement] INFO  storage.RaftStorage (RaftStorageImpl.java:format(99)) - Storage directory /home/runner/work/ozone/ozone/hadoop-ozone/integration-test/target/test-dir/MiniOzoneClusterImpl-f8a20603-669c-41d5-94ea-e080bd68b2ef/ozone-meta/datanode-3/ratis/f9c5d62b-efaf-469a-aada-78ee1d651754 has been successfully formatted.
2024-05-06 08:59:26,757 [0e9e7d01-6cef-4822-a23d-4188eb8fb4d0-groupManagement] WARN  util.FileUtils (LogUtils.java:supplyAndLog(63)) - Failed to Files.newInputStream /home/runner/work/ozone/ozone/hadoop-ozone/integration-test/target/test-dir/MiniOzoneClusterImpl-f8a20603-669c-41d5-94ea-e080bd68b2ef/ozone-meta/datanode-3/ratis/f9c5d62b-efaf-469a-aada-78ee1d651754/current/raft-meta.conf with options []: java.nio.file.NoSuchFileException: /home/runner/work/ozone/ozone/hadoop-ozone/integration-test/target/test-dir/MiniOzoneClusterImpl-f8a20603-669c-41d5-94ea-e080bd68b2ef/ozone-meta/datanode-3/ratis/f9c5d62b-efaf-469a-aada-78ee1d651754/current/raft-meta.conf
2024-05-06 08:59:26,757 [0e9e7d01-6cef-4822-a23d-4188eb8fb4d0-groupManagement] INFO  ratis.ContainerStateMachine (ContainerStateMachine.java:loadSnapshot(287)) - group-78EE1D651754: The snapshot info is null. Setting the last applied index to:(t:0, i:~)
2024-05-06 08:59:26,757 [0e9e7d01-6cef-4822-a23d-4188eb8fb4d0-groupManagement] INFO  server.RaftServerConfigKeys (ConfUtils.java:logGet(46)) - raft.server.log.use.memory = false (default)
2024-05-06 08:59:26,757 [0e9e7d01-6cef-4822-a23d-4188eb8fb4d0-groupManagement] INFO  server.RaftServerConfigKeys (ConfUtils.java:logGet(46)) - raft.server.log.purge.gap = 1000000 (custom)
2024-05-06 08:59:26,757 [0e9e7d01-6cef-4822-a23d-4188eb8fb4d0-groupManagement] INFO  server.RaftServerConfigKeys (ConfUtils.java:logGet(46)) - raft.server.log.appender.buffer.byte-limit = 8388608 (custom)
2024-05-06 08:59:26,757 [0e9e7d01-6cef-4822-a23d-4188eb8fb4d0-groupManagement] INFO  server.RaftServerConfigKeys (ConfUtils.java:logGet(46)) - raft.server.log.statemachine.data.read.timeout = 1000ms (default)
2024-05-06 08:59:26,757 [0e9e7d01-6cef-4822-a23d-4188eb8fb4d0-groupManagement] INFO  server.RaftServerConfigKeys (ConfUtils.java:logGet(46)) - raft.server.log.purge.preservation.log.num = 0 (default)
2024-05-06 08:59:26,758 [90b7064f-8397-4c9e-a509-54ea80c9149b-groupManagement] INFO  server.RaftServerConfigKeys (ConfUtils.java:logGet(46)) - raft.server.log.appender.buffer.byte-limit = 8388608 (custom)
2024-05-06 08:59:26,758 [90b7064f-8397-4c9e-a509-54ea80c9149b-groupManagement] INFO  server.RaftServerConfigKeys (ConfUtils.java:logGet(46)) - raft.server.log.unsafe-flush.enabled = false (default)
2024-05-06 08:59:26,758 [90b7064f-8397-4c9e-a509-54ea80c9149b-groupManagement] INFO  server.RaftServerConfigKeys (ConfUtils.java:logGet(46)) - raft.server.log.async-flush.enabled = false (default)
2024-05-06 08:59:26,758 [90b7064f-8397-4c9e-a509-54ea80c9149b-groupManagement] INFO  server.RaftServerConfigKeys (ConfUtils.java:logGet(46)) - raft.server.log.statemachine.data.caching.enabled = true (custom)
2024-05-06 08:59:26,758 [90b7064f-8397-4c9e-a509-54ea80c9149b-groupManagement] INFO  segmented.SegmentedRaftLogWorker (SegmentedRaftLogWorker.java:lambda$new$0(134)) - 90b7064f-8397-4c9e-a509-54ea80c9149b@group-78EE1D651754-SegmentedRaftLogWorker: flushIndex: setUnconditionally 0 -> -1
2024-05-06 08:59:26,758 [90b7064f-8397-4c9e-a509-54ea80c9149b-groupManagement] INFO  segmented.SegmentedRaftLogWorker (SegmentedRaftLogWorker.java:lambda$new$0(134)) - 90b7064f-8397-4c9e-a509-54ea80c9149b@group-78EE1D651754-SegmentedRaftLogWorker: safeCacheEvictIndex: setUnconditionally 0 -> -1
2024-05-06 08:59:26,759 [0e9e7d01-6cef-4822-a23d-4188eb8fb4d0-groupManagement] INFO  server.RaftServerConfigKeys (ConfUtils.java:logGet(46)) - raft.server.log.segment.size.max = 67108864 (custom)
2024-05-06 08:59:26,759 [0e9e7d01-6cef-4822-a23d-4188eb8fb4d0-groupManagement] INFO  server.RaftServerConfigKeys (ConfUtils.java:logGet(46)) - raft.server.log.segment.cache.num.max = 2 (custom)
2024-05-06 08:59:26,759 [0e9e7d01-6cef-4822-a23d-4188eb8fb4d0-groupManagement] INFO  server.RaftServerConfigKeys (ConfUtils.java:logGet(46)) - raft.server.log.segment.cache.size.max = 200MB (=209715200) (default)
2024-05-06 08:59:26,759 [0e9e7d01-6cef-4822-a23d-4188eb8fb4d0-groupManagement] INFO  server.RaftServerConfigKeys (ConfUtils.java:logGet(46)) - raft.server.log.appender.buffer.byte-limit = 8388608 (custom)
2024-05-06 08:59:26,759 [EventQueue-OpenPipelineForHealthyPipelineSafeModeRule] INFO  safemode.SCMSafeModeManager (HealthyPipelineSafeModeRule.java:process(140)) - SCM in safe mode. Healthy pipelines reported count is 0, required healthy pipeline reported count is 1
2024-05-06 08:59:26,761 [90b7064f-8397-4c9e-a509-54ea80c9149b-groupManagement] INFO  server.RaftServer$Division (RaftServerImpl.java:start(396)) - 90b7064f-8397-4c9e-a509-54ea80c9149b@group-78EE1D651754: start as a follower, conf=-1: peers:[0e9e7d01-6cef-4822-a23d-4188eb8fb4d0|127.0.0.1:15085, 90b7064f-8397-4c9e-a509-54ea80c9149b|127.0.0.1:15067, 784e0075-095e-4f49-808e-af9ec74479d6|127.0.0.1:15076]|listeners:[], old=null
2024-05-06 08:59:26,761 [90b7064f-8397-4c9e-a509-54ea80c9149b-groupManagement] INFO  server.RaftServer$Division (RaftServerImpl.java:setRole(383)) - 90b7064f-8397-4c9e-a509-54ea80c9149b@group-78EE1D651754: changes role from      null to FOLLOWER at term 0 for startAsFollower
2024-05-06 08:59:26,761 [90b7064f-8397-4c9e-a509-54ea80c9149b-groupManagement] INFO  impl.RoleInfo (RoleInfo.java:updateAndGet(139)) - 90b7064f-8397-4c9e-a509-54ea80c9149b: start 90b7064f-8397-4c9e-a509-54ea80c9149b@group-78EE1D651754-FollowerState
2024-05-06 08:59:26,761 [0e9e7d01-6cef-4822-a23d-4188eb8fb4d0-groupManagement] INFO  util.AwaitToRun (AwaitToRun.java:start(81)) - Thread[0e9e7d01-6cef-4822-a23d-4188eb8fb4d0@group-78EE1D651754-cacheEviction-AwaitToRun,5,main] started
2024-05-06 08:59:26,762 [0e9e7d01-6cef-4822-a23d-4188eb8fb4d0-groupManagement] INFO  segmented.SegmentedRaftLogWorker (SegmentedRaftLogWorker.java:<init>(182)) - new 0e9e7d01-6cef-4822-a23d-4188eb8fb4d0@group-78EE1D651754-SegmentedRaftLogWorker for RaftStorageImpl:Storage Directory /home/runner/work/ozone/ozone/hadoop-ozone/integration-test/target/test-dir/MiniOzoneClusterImpl-f8a20603-669c-41d5-94ea-e080bd68b2ef/ozone-meta/datanode-3/ratis/f9c5d62b-efaf-469a-aada-78ee1d651754
2024-05-06 08:59:26,762 [0e9e7d01-6cef-4822-a23d-4188eb8fb4d0-groupManagement] INFO  server.RaftServerConfigKeys (ConfUtils.java:logGet(46)) - raft.server.log.queue.byte-limit = 4294967296 (custom)
2024-05-06 08:59:26,762 [0e9e7d01-6cef-4822-a23d-4188eb8fb4d0-groupManagement] INFO  server.RaftServerConfigKeys (ConfUtils.java:logGet(46)) - raft.server.log.queue.element-limit = 1024 (custom)
2024-05-06 08:59:26,762 [0e9e7d01-6cef-4822-a23d-4188eb8fb4d0-groupManagement] INFO  server.RaftServerConfigKeys (ConfUtils.java:logGet(46)) - raft.server.log.segment.size.max = 67108864 (custom)
2024-05-06 08:59:26,762 [0e9e7d01-6cef-4822-a23d-4188eb8fb4d0-groupManagement] INFO  server.RaftServerConfigKeys (ConfUtils.java:logGet(46)) - raft.server.log.preallocated.size = 4194304 (custom)
2024-05-06 08:59:26,762 [0e9e7d01-6cef-4822-a23d-4188eb8fb4d0-groupManagement] INFO  server.RaftServerConfigKeys (ConfUtils.java:logGet(46)) - raft.server.log.force.sync.num = 128 (default)
2024-05-06 08:59:26,762 [0e9e7d01-6cef-4822-a23d-4188eb8fb4d0-groupManagement] INFO  server.RaftServerConfigKeys (ConfUtils.java:logGet(46)) - raft.server.log.statemachine.data.sync = true (default)
2024-05-06 08:59:26,762 [0e9e7d01-6cef-4822-a23d-4188eb8fb4d0-groupManagement] INFO  server.RaftServerConfigKeys (ConfUtils.java:logGet(46)) - raft.server.log.statemachine.data.sync.timeout = 10s (default)
2024-05-06 08:59:26,762 [0e9e7d01-6cef-4822-a23d-4188eb8fb4d0-groupManagement] INFO  server.RaftServerConfigKeys (ConfUtils.java:logGet(46)) - raft.server.log.statemachine.data.sync.timeout.retry = 30 (custom)
2024-05-06 08:59:26,762 [0e9e7d01-6cef-4822-a23d-4188eb8fb4d0-groupManagement] INFO  server.RaftServerConfigKeys (ConfUtils.java:logGet(46)) - raft.server.log.write.buffer.size = 8388616 (custom)
2024-05-06 08:59:26,762 [90b7064f-8397-4c9e-a509-54ea80c9149b-groupManagement] INFO  util.JmxRegister (JmxRegister.java:tryRegister(44)) - Successfully registered JMX Bean with object name Ratis:service=RaftServer,group=group-78EE1D651754,id=90b7064f-8397-4c9e-a509-54ea80c9149b
2024-05-06 08:59:26,763 [90b7064f-8397-4c9e-a509-54ea80c9149b-groupManagement] INFO  server.RaftServerConfigKeys (ConfUtils.java:logGet(46)) - raft.server.snapshot.trigger-when-stop.enabled = true (default)
2024-05-06 08:59:26,763 [90b7064f-8397-4c9e-a509-54ea80c9149b-groupManagement] INFO  server.RaftServerConfigKeys (ConfUtils.java:logGet(46)) - raft.server.snapshot.auto.trigger.enabled = true (custom)
2024-05-06 08:59:26,763 [90b7064f-8397-4c9e-a509-54ea80c9149b-groupManagement] INFO  server.RaftServerConfigKeys (ConfUtils.java:logGet(46)) - raft.server.snapshot.auto.trigger.threshold = 10000 (custom)
2024-05-06 08:59:26,763 [90b7064f-8397-4c9e-a509-54ea80c9149b-groupManagement] INFO  server.RaftServerConfigKeys (ConfUtils.java:logGet(46)) - raft.server.snapshot.retention.file.num = 5 (custom)
2024-05-06 08:59:26,763 [90b7064f-8397-4c9e-a509-54ea80c9149b-groupManagement] INFO  server.RaftServerConfigKeys (ConfUtils.java:logGet(46)) - raft.server.log.purge.upto.snapshot.index = false (default)
2024-05-06 08:59:26,764 [0e9e7d01-6cef-4822-a23d-4188eb8fb4d0-groupManagement] INFO  server.RaftServerConfigKeys (ConfUtils.java:logGet(46)) - raft.server.log.appender.buffer.byte-limit = 8388608 (custom)
2024-05-06 08:59:26,764 [0e9e7d01-6cef-4822-a23d-4188eb8fb4d0-groupManagement] INFO  server.RaftServerConfigKeys (ConfUtils.java:logGet(46)) - raft.server.log.unsafe-flush.enabled = false (default)
2024-05-06 08:59:26,764 [0e9e7d01-6cef-4822-a23d-4188eb8fb4d0-groupManagement] INFO  server.RaftServerConfigKeys (ConfUtils.java:logGet(46)) - raft.server.log.async-flush.enabled = false (default)
2024-05-06 08:59:26,764 [0e9e7d01-6cef-4822-a23d-4188eb8fb4d0-groupManagement] INFO  server.RaftServerConfigKeys (ConfUtils.java:logGet(46)) - raft.server.log.statemachine.data.caching.enabled = true (custom)
2024-05-06 08:59:26,764 [0e9e7d01-6cef-4822-a23d-4188eb8fb4d0-groupManagement] INFO  segmented.SegmentedRaftLogWorker (SegmentedRaftLogWorker.java:lambda$new$0(134)) - 0e9e7d01-6cef-4822-a23d-4188eb8fb4d0@group-78EE1D651754-SegmentedRaftLogWorker: flushIndex: setUnconditionally 0 -> -1
2024-05-06 08:59:26,764 [0e9e7d01-6cef-4822-a23d-4188eb8fb4d0-groupManagement] INFO  segmented.SegmentedRaftLogWorker (SegmentedRaftLogWorker.java:lambda$new$0(134)) - 0e9e7d01-6cef-4822-a23d-4188eb8fb4d0@group-78EE1D651754-SegmentedRaftLogWorker: safeCacheEvictIndex: setUnconditionally 0 -> -1
2024-05-06 08:59:26,764 [0e9e7d01-6cef-4822-a23d-4188eb8fb4d0-groupManagement] INFO  server.RaftServer$Division (RaftServerImpl.java:start(396)) - 0e9e7d01-6cef-4822-a23d-4188eb8fb4d0@group-78EE1D651754: start as a follower, conf=-1: peers:[0e9e7d01-6cef-4822-a23d-4188eb8fb4d0|127.0.0.1:15085, 90b7064f-8397-4c9e-a509-54ea80c9149b|127.0.0.1:15067, 784e0075-095e-4f49-808e-af9ec74479d6|127.0.0.1:15076]|listeners:[], old=null
2024-05-06 08:59:26,764 [0e9e7d01-6cef-4822-a23d-4188eb8fb4d0-groupManagement] INFO  server.RaftServer$Division (RaftServerImpl.java:setRole(383)) - 0e9e7d01-6cef-4822-a23d-4188eb8fb4d0@group-78EE1D651754: changes role from      null to FOLLOWER at term 0 for startAsFollower
2024-05-06 08:59:26,764 [0e9e7d01-6cef-4822-a23d-4188eb8fb4d0-groupManagement] INFO  impl.RoleInfo (RoleInfo.java:updateAndGet(139)) - 0e9e7d01-6cef-4822-a23d-4188eb8fb4d0: start 0e9e7d01-6cef-4822-a23d-4188eb8fb4d0@group-78EE1D651754-FollowerState
2024-05-06 08:59:26,766 [90b7064f-8397-4c9e-a509-54ea80c9149b@group-78EE1D651754-FollowerState] INFO  server.RaftServerConfigKeys (ConfUtils.java:logFallback(53)) - raft.server.rpc.first-election.timeout.min = 5s (fallback to raft.server.rpc.timeout.min)
2024-05-06 08:59:26,766 [90b7064f-8397-4c9e-a509-54ea80c9149b@group-78EE1D651754-FollowerState] INFO  server.RaftServerConfigKeys (ConfUtils.java:logFallback(53)) - raft.server.rpc.first-election.timeout.max = 5200ms (fallback to raft.server.rpc.timeout.max)
2024-05-06 08:59:26,764 [90b7064f-8397-4c9e-a509-54ea80c9149b-groupManagement] INFO  server.RaftServerConfigKeys (ConfUtils.java:logGet(46)) - raft.server.storage.free-space.min = 0MB (=0) (default)
2024-05-06 08:59:26,767 [90b7064f-8397-4c9e-a509-54ea80c9149b-groupManagement] INFO  server.RaftServerConfigKeys (ConfUtils.java:logGet(46)) - raft.server.log.corruption.policy = EXCEPTION (default)
2024-05-06 08:59:26,767 [90b7064f-8397-4c9e-a509-54ea80c9149b-groupManagement] INFO  server.RaftServerConfigKeys (ConfUtils.java:logGet(46)) - raft.server.storage.dir = [/home/runner/work/ozone/ozone/hadoop-ozone/integration-test/target/test-dir/MiniOzoneClusterImpl-f8a20603-669c-41d5-94ea-e080bd68b2ef/ozone-meta/datanode-1/ratis] (custom)
2024-05-06 08:59:26,767 [90b7064f-8397-4c9e-a509-54ea80c9149b-groupManagement] INFO  storage.RaftStorageDirectory (RaftStorageDirectoryImpl.java:analyzeStorage(138)) - The storage directory /home/runner/work/ozone/ozone/hadoop-ozone/integration-test/target/test-dir/MiniOzoneClusterImpl-f8a20603-669c-41d5-94ea-e080bd68b2ef/ozone-meta/datanode-1/ratis/bedcda76-b5f0-4b44-a916-8701510a3190 does not exist. Creating ...
2024-05-06 08:59:26,767 [0e9e7d01-6cef-4822-a23d-4188eb8fb4d0-groupManagement] INFO  util.JmxRegister (JmxRegister.java:tryRegister(44)) - Successfully registered JMX Bean with object name Ratis:service=RaftServer,group=group-78EE1D651754,id=0e9e7d01-6cef-4822-a23d-4188eb8fb4d0
2024-05-06 08:59:26,767 [0e9e7d01-6cef-4822-a23d-4188eb8fb4d0-groupManagement] INFO  server.RaftServerConfigKeys (ConfUtils.java:logGet(46)) - raft.server.snapshot.trigger-when-stop.enabled = true (default)
2024-05-06 08:59:26,768 [0e9e7d01-6cef-4822-a23d-4188eb8fb4d0-groupManagement] INFO  server.RaftServerConfigKeys (ConfUtils.java:logGet(46)) - raft.server.snapshot.auto.trigger.enabled = true (custom)
2024-05-06 08:59:26,768 [0e9e7d01-6cef-4822-a23d-4188eb8fb4d0-groupManagement] INFO  server.RaftServerConfigKeys (ConfUtils.java:logGet(46)) - raft.server.snapshot.auto.trigger.threshold = 10000 (custom)
2024-05-06 08:59:26,768 [0e9e7d01-6cef-4822-a23d-4188eb8fb4d0-groupManagement] INFO  server.RaftServerConfigKeys (ConfUtils.java:logGet(46)) - raft.server.snapshot.retention.file.num = 5 (custom)
2024-05-06 08:59:26,768 [0e9e7d01-6cef-4822-a23d-4188eb8fb4d0-groupManagement] INFO  server.RaftServerConfigKeys (ConfUtils.java:logGet(46)) - raft.server.log.purge.upto.snapshot.index = false (default)
2024-05-06 08:59:26,768 [90b7064f-8397-4c9e-a509-54ea80c9149b-groupManagement] INFO  storage.RaftStorageDirectory (RaftStorageDirectoryImpl.java:tryLock(228)) - Lock on /home/runner/work/ozone/ozone/hadoop-ozone/integration-test/target/test-dir/MiniOzoneClusterImpl-f8a20603-669c-41d5-94ea-e080bd68b2ef/ozone-meta/datanode-1/ratis/bedcda76-b5f0-4b44-a916-8701510a3190/in_use.lock acquired by nodename 54013@fv-az699-623
2024-05-06 08:59:26,768 [0e9e7d01-6cef-4822-a23d-4188eb8fb4d0@group-78EE1D651754-FollowerState] INFO  server.RaftServerConfigKeys (ConfUtils.java:logFallback(53)) - raft.server.rpc.first-election.timeout.min = 5s (fallback to raft.server.rpc.timeout.min)
2024-05-06 08:59:26,768 [0e9e7d01-6cef-4822-a23d-4188eb8fb4d0@group-78EE1D651754-FollowerState] INFO  server.RaftServerConfigKeys (ConfUtils.java:logFallback(53)) - raft.server.rpc.first-election.timeout.max = 5200ms (fallback to raft.server.rpc.timeout.max)
2024-05-06 08:59:26,769 [90b7064f-8397-4c9e-a509-54ea80c9149b-groupManagement] INFO  storage.RaftStorage (RaftStorageImpl.java:format(99)) - Storage directory /home/runner/work/ozone/ozone/hadoop-ozone/integration-test/target/test-dir/MiniOzoneClusterImpl-f8a20603-669c-41d5-94ea-e080bd68b2ef/ozone-meta/datanode-1/ratis/bedcda76-b5f0-4b44-a916-8701510a3190 has been successfully formatted.
2024-05-06 08:59:26,770 [90b7064f-8397-4c9e-a509-54ea80c9149b-groupManagement] WARN  util.FileUtils (LogUtils.java:supplyAndLog(63)) - Failed to Files.newInputStream /home/runner/work/ozone/ozone/hadoop-ozone/integration-test/target/test-dir/MiniOzoneClusterImpl-f8a20603-669c-41d5-94ea-e080bd68b2ef/ozone-meta/datanode-1/ratis/bedcda76-b5f0-4b44-a916-8701510a3190/current/raft-meta.conf with options []: java.nio.file.NoSuchFileException: /home/runner/work/ozone/ozone/hadoop-ozone/integration-test/target/test-dir/MiniOzoneClusterImpl-f8a20603-669c-41d5-94ea-e080bd68b2ef/ozone-meta/datanode-1/ratis/bedcda76-b5f0-4b44-a916-8701510a3190/current/raft-meta.conf
2024-05-06 08:59:26,770 [90b7064f-8397-4c9e-a509-54ea80c9149b-groupManagement] INFO  ratis.ContainerStateMachine (ContainerStateMachine.java:loadSnapshot(287)) - group-8701510A3190: The snapshot info is null. Setting the last applied index to:(t:0, i:~)
2024-05-06 08:59:26,770 [90b7064f-8397-4c9e-a509-54ea80c9149b-groupManagement] INFO  server.RaftServerConfigKeys (ConfUtils.java:logGet(46)) - raft.server.log.use.memory = false (default)
2024-05-06 08:59:26,770 [90b7064f-8397-4c9e-a509-54ea80c9149b-groupManagement] INFO  server.RaftServerConfigKeys (ConfUtils.java:logGet(46)) - raft.server.log.purge.gap = 1000000 (custom)
2024-05-06 08:59:26,770 [90b7064f-8397-4c9e-a509-54ea80c9149b-groupManagement] INFO  server.RaftServerConfigKeys (ConfUtils.java:logGet(46)) - raft.server.log.appender.buffer.byte-limit = 8388608 (custom)
2024-05-06 08:59:26,770 [90b7064f-8397-4c9e-a509-54ea80c9149b-groupManagement] INFO  server.RaftServerConfigKeys (ConfUtils.java:logGet(46)) - raft.server.log.statemachine.data.read.timeout = 1000ms (default)
2024-05-06 08:59:26,770 [90b7064f-8397-4c9e-a509-54ea80c9149b-groupManagement] INFO  server.RaftServerConfigKeys (ConfUtils.java:logGet(46)) - raft.server.log.purge.preservation.log.num = 0 (default)
2024-05-06 08:59:26,771 [90b7064f-8397-4c9e-a509-54ea80c9149b-groupManagement] INFO  server.RaftServerConfigKeys (ConfUtils.java:logGet(46)) - raft.server.log.segment.size.max = 67108864 (custom)
2024-05-06 08:59:26,771 [90b7064f-8397-4c9e-a509-54ea80c9149b-groupManagement] INFO  server.RaftServerConfigKeys (ConfUtils.java:logGet(46)) - raft.server.log.segment.cache.num.max = 2 (custom)
2024-05-06 08:59:26,771 [90b7064f-8397-4c9e-a509-54ea80c9149b-groupManagement] INFO  server.RaftServerConfigKeys (ConfUtils.java:logGet(46)) - raft.server.log.segment.cache.size.max = 200MB (=209715200) (default)
2024-05-06 08:59:26,772 [90b7064f-8397-4c9e-a509-54ea80c9149b-groupManagement] INFO  server.RaftServerConfigKeys (ConfUtils.java:logGet(46)) - raft.server.log.appender.buffer.byte-limit = 8388608 (custom)
2024-05-06 08:59:26,775 [EventQueue-OpenPipelineForHealthyPipelineSafeModeRule] INFO  safemode.SCMSafeModeManager (HealthyPipelineSafeModeRule.java:process(140)) - SCM in safe mode. Healthy pipelines reported count is 0, required healthy pipeline reported count is 1
2024-05-06 08:59:26,779 [0e9e7d01-6cef-4822-a23d-4188eb8fb4d0-PipelineCommandHandlerThread-0] INFO  ratis.XceiverServerRatis (XceiverServerRatis.java:addGroup(864)) - Created group PipelineID=f9c5d62b-efaf-469a-aada-78ee1d651754
2024-05-06 08:59:26,782 [784e0075-095e-4f49-808e-af9ec74479d6-PipelineCommandHandlerThread-0] INFO  commandhandler.CreatePipelineCommandHandler (CreatePipelineCommandHandler.java:lambda$handle$2(124)) - Created Pipeline RATIS THREE PipelineID=f9c5d62b-efaf-469a-aada-78ee1d651754.
2024-05-06 08:59:26,782 [784e0075-095e-4f49-808e-af9ec74479d6-PipelineCommandHandlerThread-0] INFO  server.RaftServer (RaftServerProxy.java:addNew(100)) - 784e0075-095e-4f49-808e-af9ec74479d6: addNew group-8701510A3190:[0e9e7d01-6cef-4822-a23d-4188eb8fb4d0|127.0.0.1:15085, 90b7064f-8397-4c9e-a509-54ea80c9149b|127.0.0.1:15067, 784e0075-095e-4f49-808e-af9ec74479d6|127.0.0.1:15076] returns group-8701510A3190:java.util.concurrent.CompletableFuture@7b9d47d9[Not completed]
2024-05-06 08:59:26,783 [784e0075-095e-4f49-808e-af9ec74479d6-groupManagement] INFO  server.RaftServer$Division (RaftServerImpl.java:<init>(256)) - 784e0075-095e-4f49-808e-af9ec74479d6: new RaftServerImpl for group-8701510A3190:[0e9e7d01-6cef-4822-a23d-4188eb8fb4d0|127.0.0.1:15085, 90b7064f-8397-4c9e-a509-54ea80c9149b|127.0.0.1:15067, 784e0075-095e-4f49-808e-af9ec74479d6|127.0.0.1:15076] with ContainerStateMachine:uninitialized
2024-05-06 08:59:26,783 [784e0075-095e-4f49-808e-af9ec74479d6-groupManagement] INFO  server.RaftServerConfigKeys (ConfUtils.java:logGet(46)) - raft.server.rpc.timeout.min = 5s (custom)
2024-05-06 08:59:26,784 [784e0075-095e-4f49-808e-af9ec74479d6-groupManagement] INFO  server.RaftServerConfigKeys (ConfUtils.java:logGet(46)) - raft.server.rpc.timeout.max = 5200ms (custom)
2024-05-06 08:59:26,784 [784e0075-095e-4f49-808e-af9ec74479d6-groupManagement] INFO  server.RaftServerConfigKeys (ConfUtils.java:logGet(46)) - raft.server.rpc.sleep.time = 25ms (default)
2024-05-06 08:59:26,784 [784e0075-095e-4f49-808e-af9ec74479d6-groupManagement] INFO  server.RaftServerConfigKeys (ConfUtils.java:logGet(46)) - raft.server.rpc.slowness.timeout = 300000ms (custom)
2024-05-06 08:59:26,784 [784e0075-095e-4f49-808e-af9ec74479d6-groupManagement] INFO  server.RaftServerConfigKeys (ConfUtils.java:logGet(46)) - raft.server.leaderelection.leader.step-down.wait-time = 10s (default)
2024-05-06 08:59:26,784 [784e0075-095e-4f49-808e-af9ec74479d6-groupManagement] INFO  server.RaftServerConfigKeys (ConfUtils.java:logGet(46)) - raft.server.leaderelection.member.majority-add = false (default)
2024-05-06 08:59:26,784 [784e0075-095e-4f49-808e-af9ec74479d6-groupManagement] INFO  server.RaftServerConfigKeys (ConfUtils.java:logGet(46)) - raft.server.sleep.deviation.threshold = 300ms (default)
2024-05-06 08:59:26,784 [784e0075-095e-4f49-808e-af9ec74479d6-groupManagement] INFO  server.RaftServer$Division (ServerState.java:<init>(113)) - 784e0075-095e-4f49-808e-af9ec74479d6@group-8701510A3190: ConfigurationManager, init=-1: peers:[0e9e7d01-6cef-4822-a23d-4188eb8fb4d0|127.0.0.1:15085, 90b7064f-8397-4c9e-a509-54ea80c9149b|127.0.0.1:15067, 784e0075-095e-4f49-808e-af9ec74479d6|127.0.0.1:15076]|listeners:[], old=null, confs=<EMPTY_MAP>
2024-05-06 08:59:26,784 [784e0075-095e-4f49-808e-af9ec74479d6-groupManagement] INFO  server.RaftServerConfigKeys (ConfUtils.java:logGet(46)) - raft.server.notification.no-leader.timeout = 300000ms (custom)
2024-05-06 08:59:26,784 [784e0075-095e-4f49-808e-af9ec74479d6-groupManagement] INFO  server.RaftServerConfigKeys (ConfUtils.java:logGet(46)) - raft.server.read.timeout = 10s (default)
2024-05-06 08:59:26,784 [784e0075-095e-4f49-808e-af9ec74479d6-groupManagement] INFO  server.RaftServerConfigKeys (ConfUtils.java:logGet(46)) - raft.server.retrycache.expirytime = 600000ms (custom)
2024-05-06 08:59:26,784 [784e0075-095e-4f49-808e-af9ec74479d6-groupManagement] INFO  server.RaftServerConfigKeys (ConfUtils.java:logGet(46)) - raft.server.retrycache.statistics.expirytime = 100ms (default)
2024-05-06 08:59:26,784 [784e0075-095e-4f49-808e-af9ec74479d6-groupManagement] INFO  server.RaftServerConfigKeys (ConfUtils.java:logGet(46)) - raft.server.read.option = DEFAULT (default)
2024-05-06 08:59:26,784 [784e0075-095e-4f49-808e-af9ec74479d6-groupManagement] INFO  server.RaftServerConfigKeys (ConfUtils.java:logGet(46)) - raft.server.read.read-after-write-consistent.write-index-cache.expiry-time = 60s (default)
2024-05-06 08:59:26,785 [90b7064f-8397-4c9e-a509-54ea80c9149b-groupManagement] INFO  util.AwaitToRun (AwaitToRun.java:start(81)) - Thread[90b7064f-8397-4c9e-a509-54ea80c9149b@group-8701510A3190-cacheEviction-AwaitToRun,5,main] started
2024-05-06 08:59:26,785 [90b7064f-8397-4c9e-a509-54ea80c9149b-groupManagement] INFO  segmented.SegmentedRaftLogWorker (SegmentedRaftLogWorker.java:<init>(182)) - new 90b7064f-8397-4c9e-a509-54ea80c9149b@group-8701510A3190-SegmentedRaftLogWorker for RaftStorageImpl:Storage Directory /home/runner/work/ozone/ozone/hadoop-ozone/integration-test/target/test-dir/MiniOzoneClusterImpl-f8a20603-669c-41d5-94ea-e080bd68b2ef/ozone-meta/datanode-1/ratis/bedcda76-b5f0-4b44-a916-8701510a3190
2024-05-06 08:59:26,785 [90b7064f-8397-4c9e-a509-54ea80c9149b-groupManagement] INFO  server.RaftServerConfigKeys (ConfUtils.java:logGet(46)) - raft.server.log.queue.byte-limit = 4294967296 (custom)
2024-05-06 08:59:26,785 [90b7064f-8397-4c9e-a509-54ea80c9149b-groupManagement] INFO  server.RaftServerConfigKeys (ConfUtils.java:logGet(46)) - raft.server.log.queue.element-limit = 1024 (custom)
2024-05-06 08:59:26,785 [90b7064f-8397-4c9e-a509-54ea80c9149b-groupManagement] INFO  server.RaftServerConfigKeys (ConfUtils.java:logGet(46)) - raft.server.log.segment.size.max = 67108864 (custom)
2024-05-06 08:59:26,785 [90b7064f-8397-4c9e-a509-54ea80c9149b-groupManagement] INFO  server.RaftServerConfigKeys (ConfUtils.java:logGet(46)) - raft.server.log.preallocated.size = 4194304 (custom)
2024-05-06 08:59:26,785 [90b7064f-8397-4c9e-a509-54ea80c9149b-groupManagement] INFO  server.RaftServerConfigKeys (ConfUtils.java:logGet(46)) - raft.server.log.force.sync.num = 128 (default)
2024-05-06 08:59:26,785 [90b7064f-8397-4c9e-a509-54ea80c9149b-groupManagement] INFO  server.RaftServerConfigKeys (ConfUtils.java:logGet(46)) - raft.server.log.statemachine.data.sync = true (default)
2024-05-06 08:59:26,785 [90b7064f-8397-4c9e-a509-54ea80c9149b-groupManagement] INFO  server.RaftServerConfigKeys (ConfUtils.java:logGet(46)) - raft.server.log.statemachine.data.sync.timeout = 10s (default)
2024-05-06 08:59:26,785 [90b7064f-8397-4c9e-a509-54ea80c9149b-groupManagement] INFO  server.RaftServerConfigKeys (ConfUtils.java:logGet(46)) - raft.server.log.statemachine.data.sync.timeout.retry = 30 (custom)
2024-05-06 08:59:26,788 [90b7064f-8397-4c9e-a509-54ea80c9149b-groupManagement] INFO  server.RaftServerConfigKeys (ConfUtils.java:logGet(46)) - raft.server.log.write.buffer.size = 8388616 (custom)
2024-05-06 08:59:26,790 [784e0075-095e-4f49-808e-af9ec74479d6-groupManagement] INFO  server.RaftServerConfigKeys (ConfUtils.java:logGet(46)) - raft.server.rpc.request.timeout = 3000ms (default)
2024-05-06 08:59:26,791 [784e0075-095e-4f49-808e-af9ec74479d6-groupManagement] INFO  server.RaftServerConfigKeys (ConfUtils.java:logGet(46)) - raft.server.log.appender.install.snapshot.enabled = false (custom)
2024-05-06 08:59:26,791 [784e0075-095e-4f49-808e-af9ec74479d6-groupManagement] INFO  server.RaftServerConfigKeys (ConfUtils.java:logGet(46)) - raft.server.threadpool.server.cached = true (default)
2024-05-06 08:59:26,791 [784e0075-095e-4f49-808e-af9ec74479d6-groupManagement] INFO  server.RaftServerConfigKeys (ConfUtils.java:logGet(46)) - raft.server.threadpool.server.size = 0 (default)
2024-05-06 08:59:26,791 [784e0075-095e-4f49-808e-af9ec74479d6-groupManagement] INFO  server.RaftServerConfigKeys (ConfUtils.java:logGet(46)) - raft.server.threadpool.client.cached = true (default)
2024-05-06 08:59:26,791 [784e0075-095e-4f49-808e-af9ec74479d6-groupManagement] INFO  server.RaftServerConfigKeys (ConfUtils.java:logGet(46)) - raft.server.threadpool.client.size = 0 (default)
2024-05-06 08:59:26,791 [784e0075-095e-4f49-808e-af9ec74479d6-groupManagement] INFO  server.RaftServerConfigKeys (ConfUtils.java:logGet(46)) - raft.server.storage.free-space.min = 0MB (=0) (default)
2024-05-06 08:59:26,791 [784e0075-095e-4f49-808e-af9ec74479d6-groupManagement] INFO  server.RaftServerConfigKeys (ConfUtils.java:logGet(46)) - raft.server.log.corruption.policy = EXCEPTION (default)
2024-05-06 08:59:26,792 [784e0075-095e-4f49-808e-af9ec74479d6-groupManagement] INFO  server.RaftServerConfigKeys (ConfUtils.java:logGet(46)) - raft.server.storage.dir = [/home/runner/work/ozone/ozone/hadoop-ozone/integration-test/target/test-dir/MiniOzoneClusterImpl-f8a20603-669c-41d5-94ea-e080bd68b2ef/ozone-meta/datanode-2/ratis] (custom)
2024-05-06 08:59:26,792 [784e0075-095e-4f49-808e-af9ec74479d6-groupManagement] INFO  storage.RaftStorageDirectory (RaftStorageDirectoryImpl.java:analyzeStorage(138)) - The storage directory /home/runner/work/ozone/ozone/hadoop-ozone/integration-test/target/test-dir/MiniOzoneClusterImpl-f8a20603-669c-41d5-94ea-e080bd68b2ef/ozone-meta/datanode-2/ratis/bedcda76-b5f0-4b44-a916-8701510a3190 does not exist. Creating ...
2024-05-06 08:59:26,791 [90b7064f-8397-4c9e-a509-54ea80c9149b-groupManagement] INFO  server.RaftServerConfigKeys (ConfUtils.java:logGet(46)) - raft.server.log.appender.buffer.byte-limit = 8388608 (custom)
2024-05-06 08:59:26,792 [90b7064f-8397-4c9e-a509-54ea80c9149b-groupManagement] INFO  server.RaftServerConfigKeys (ConfUtils.java:logGet(46)) - raft.server.log.unsafe-flush.enabled = false (default)
2024-05-06 08:59:26,792 [90b7064f-8397-4c9e-a509-54ea80c9149b-groupManagement] INFO  server.RaftServerConfigKeys (ConfUtils.java:logGet(46)) - raft.server.log.async-flush.enabled = false (default)
2024-05-06 08:59:26,793 [90b7064f-8397-4c9e-a509-54ea80c9149b-groupManagement] INFO  server.RaftServerConfigKeys (ConfUtils.java:logGet(46)) - raft.server.log.statemachine.data.caching.enabled = true (custom)
2024-05-06 08:59:26,793 [90b7064f-8397-4c9e-a509-54ea80c9149b-groupManagement] INFO  segmented.SegmentedRaftLogWorker (SegmentedRaftLogWorker.java:lambda$new$0(134)) - 90b7064f-8397-4c9e-a509-54ea80c9149b@group-8701510A3190-SegmentedRaftLogWorker: flushIndex: setUnconditionally 0 -> -1
2024-05-06 08:59:26,793 [90b7064f-8397-4c9e-a509-54ea80c9149b-groupManagement] INFO  segmented.SegmentedRaftLogWorker (SegmentedRaftLogWorker.java:lambda$new$0(134)) - 90b7064f-8397-4c9e-a509-54ea80c9149b@group-8701510A3190-SegmentedRaftLogWorker: safeCacheEvictIndex: setUnconditionally 0 -> -1
2024-05-06 08:59:26,793 [784e0075-095e-4f49-808e-af9ec74479d6-groupManagement] INFO  storage.RaftStorageDirectory (RaftStorageDirectoryImpl.java:tryLock(228)) - Lock on /home/runner/work/ozone/ozone/hadoop-ozone/integration-test/target/test-dir/MiniOzoneClusterImpl-f8a20603-669c-41d5-94ea-e080bd68b2ef/ozone-meta/datanode-2/ratis/bedcda76-b5f0-4b44-a916-8701510a3190/in_use.lock acquired by nodename 54013@fv-az699-623
2024-05-06 08:59:26,794 [784e0075-095e-4f49-808e-af9ec74479d6-groupManagement] INFO  storage.RaftStorage (RaftStorageImpl.java:format(99)) - Storage directory /home/runner/work/ozone/ozone/hadoop-ozone/integration-test/target/test-dir/MiniOzoneClusterImpl-f8a20603-669c-41d5-94ea-e080bd68b2ef/ozone-meta/datanode-2/ratis/bedcda76-b5f0-4b44-a916-8701510a3190 has been successfully formatted.
2024-05-06 08:59:26,795 [784e0075-095e-4f49-808e-af9ec74479d6-groupManagement] WARN  util.FileUtils (LogUtils.java:supplyAndLog(63)) - Failed to Files.newInputStream /home/runner/work/ozone/ozone/hadoop-ozone/integration-test/target/test-dir/MiniOzoneClusterImpl-f8a20603-669c-41d5-94ea-e080bd68b2ef/ozone-meta/datanode-2/ratis/bedcda76-b5f0-4b44-a916-8701510a3190/current/raft-meta.conf with options []: java.nio.file.NoSuchFileException: /home/runner/work/ozone/ozone/hadoop-ozone/integration-test/target/test-dir/MiniOzoneClusterImpl-f8a20603-669c-41d5-94ea-e080bd68b2ef/ozone-meta/datanode-2/ratis/bedcda76-b5f0-4b44-a916-8701510a3190/current/raft-meta.conf
2024-05-06 08:59:26,795 [784e0075-095e-4f49-808e-af9ec74479d6-groupManagement] INFO  ratis.ContainerStateMachine (ContainerStateMachine.java:loadSnapshot(287)) - group-8701510A3190: The snapshot info is null. Setting the last applied index to:(t:0, i:~)
2024-05-06 08:59:26,795 [784e0075-095e-4f49-808e-af9ec74479d6-groupManagement] INFO  server.RaftServerConfigKeys (ConfUtils.java:logGet(46)) - raft.server.log.use.memory = false (default)
2024-05-06 08:59:26,795 [784e0075-095e-4f49-808e-af9ec74479d6-groupManagement] INFO  server.RaftServerConfigKeys (ConfUtils.java:logGet(46)) - raft.server.log.purge.gap = 1000000 (custom)
2024-05-06 08:59:26,795 [784e0075-095e-4f49-808e-af9ec74479d6-groupManagement] INFO  server.RaftServerConfigKeys (ConfUtils.java:logGet(46)) - raft.server.log.appender.buffer.byte-limit = 8388608 (custom)
2024-05-06 08:59:26,796 [784e0075-095e-4f49-808e-af9ec74479d6-groupManagement] INFO  server.RaftServerConfigKeys (ConfUtils.java:logGet(46)) - raft.server.log.statemachine.data.read.timeout = 1000ms (default)
2024-05-06 08:59:26,796 [784e0075-095e-4f49-808e-af9ec74479d6-groupManagement] INFO  server.RaftServerConfigKeys (ConfUtils.java:logGet(46)) - raft.server.log.purge.preservation.log.num = 0 (default)
2024-05-06 08:59:26,796 [EventQueue-OpenPipelineForHealthyPipelineSafeModeRule] INFO  safemode.SCMSafeModeManager (HealthyPipelineSafeModeRule.java:process(140)) - SCM in safe mode. Healthy pipelines reported count is 0, required healthy pipeline reported count is 1
2024-05-06 08:59:26,797 [784e0075-095e-4f49-808e-af9ec74479d6-groupManagement] INFO  server.RaftServerConfigKeys (ConfUtils.java:logGet(46)) - raft.server.log.segment.size.max = 67108864 (custom)
2024-05-06 08:59:26,797 [784e0075-095e-4f49-808e-af9ec74479d6-groupManagement] INFO  server.RaftServerConfigKeys (ConfUtils.java:logGet(46)) - raft.server.log.segment.cache.num.max = 2 (custom)
2024-05-06 08:59:26,798 [784e0075-095e-4f49-808e-af9ec74479d6-groupManagement] INFO  server.RaftServerConfigKeys (ConfUtils.java:logGet(46)) - raft.server.log.segment.cache.size.max = 200MB (=209715200) (default)
2024-05-06 08:59:26,798 [784e0075-095e-4f49-808e-af9ec74479d6-groupManagement] INFO  server.RaftServerConfigKeys (ConfUtils.java:logGet(46)) - raft.server.log.appender.buffer.byte-limit = 8388608 (custom)
2024-05-06 08:59:26,798 [90b7064f-8397-4c9e-a509-54ea80c9149b-groupManagement] INFO  server.RaftServer$Division (RaftServerImpl.java:start(396)) - 90b7064f-8397-4c9e-a509-54ea80c9149b@group-8701510A3190: start as a follower, conf=-1: peers:[0e9e7d01-6cef-4822-a23d-4188eb8fb4d0|127.0.0.1:15085, 90b7064f-8397-4c9e-a509-54ea80c9149b|127.0.0.1:15067, 784e0075-095e-4f49-808e-af9ec74479d6|127.0.0.1:15076]|listeners:[], old=null
2024-05-06 08:59:26,798 [90b7064f-8397-4c9e-a509-54ea80c9149b-groupManagement] INFO  server.RaftServer$Division (RaftServerImpl.java:setRole(383)) - 90b7064f-8397-4c9e-a509-54ea80c9149b@group-8701510A3190: changes role from      null to FOLLOWER at term 0 for startAsFollower
2024-05-06 08:59:26,798 [90b7064f-8397-4c9e-a509-54ea80c9149b-groupManagement] INFO  impl.RoleInfo (RoleInfo.java:updateAndGet(139)) - 90b7064f-8397-4c9e-a509-54ea80c9149b: start 90b7064f-8397-4c9e-a509-54ea80c9149b@group-8701510A3190-FollowerState
2024-05-06 08:59:26,799 [784e0075-095e-4f49-808e-af9ec74479d6-groupManagement] INFO  util.AwaitToRun (AwaitToRun.java:start(81)) - Thread[784e0075-095e-4f49-808e-af9ec74479d6@group-8701510A3190-cacheEviction-AwaitToRun,5,main] started
2024-05-06 08:59:26,799 [784e0075-095e-4f49-808e-af9ec74479d6-groupManagement] INFO  segmented.SegmentedRaftLogWorker (SegmentedRaftLogWorker.java:<init>(182)) - new 784e0075-095e-4f49-808e-af9ec74479d6@group-8701510A3190-SegmentedRaftLogWorker for RaftStorageImpl:Storage Directory /home/runner/work/ozone/ozone/hadoop-ozone/integration-test/target/test-dir/MiniOzoneClusterImpl-f8a20603-669c-41d5-94ea-e080bd68b2ef/ozone-meta/datanode-2/ratis/bedcda76-b5f0-4b44-a916-8701510a3190
2024-05-06 08:59:26,799 [784e0075-095e-4f49-808e-af9ec74479d6-groupManagement] INFO  server.RaftServerConfigKeys (ConfUtils.java:logGet(46)) - raft.server.log.queue.byte-limit = 4294967296 (custom)
2024-05-06 08:59:26,799 [784e0075-095e-4f49-808e-af9ec74479d6-groupManagement] INFO  server.RaftServerConfigKeys (ConfUtils.java:logGet(46)) - raft.server.log.queue.element-limit = 1024 (custom)
2024-05-06 08:59:26,799 [784e0075-095e-4f49-808e-af9ec74479d6-groupManagement] INFO  server.RaftServerConfigKeys (ConfUtils.java:logGet(46)) - raft.server.log.segment.size.max = 67108864 (custom)
2024-05-06 08:59:26,799 [784e0075-095e-4f49-808e-af9ec74479d6-groupManagement] INFO  server.RaftServerConfigKeys (ConfUtils.java:logGet(46)) - raft.server.log.preallocated.size = 4194304 (custom)
2024-05-06 08:59:26,799 [784e0075-095e-4f49-808e-af9ec74479d6-groupManagement] INFO  server.RaftServerConfigKeys (ConfUtils.java:logGet(46)) - raft.server.log.force.sync.num = 128 (default)
2024-05-06 08:59:26,799 [784e0075-095e-4f49-808e-af9ec74479d6-groupManagement] INFO  server.RaftServerConfigKeys (ConfUtils.java:logGet(46)) - raft.server.log.statemachine.data.sync = true (default)
2024-05-06 08:59:26,799 [784e0075-095e-4f49-808e-af9ec74479d6-groupManagement] INFO  server.RaftServerConfigKeys (ConfUtils.java:logGet(46)) - raft.server.log.statemachine.data.sync.timeout = 10s (default)
2024-05-06 08:59:26,799 [784e0075-095e-4f49-808e-af9ec74479d6-groupManagement] INFO  server.RaftServerConfigKeys (ConfUtils.java:logGet(46)) - raft.server.log.statemachine.data.sync.timeout.retry = 30 (custom)
2024-05-06 08:59:26,799 [784e0075-095e-4f49-808e-af9ec74479d6-groupManagement] INFO  server.RaftServerConfigKeys (ConfUtils.java:logGet(46)) - raft.server.log.write.buffer.size = 8388616 (custom)
2024-05-06 08:59:26,801 [784e0075-095e-4f49-808e-af9ec74479d6-groupManagement] INFO  server.RaftServerConfigKeys (ConfUtils.java:logGet(46)) - raft.server.log.appender.buffer.byte-limit = 8388608 (custom)
2024-05-06 08:59:26,801 [784e0075-095e-4f49-808e-af9ec74479d6-groupManagement] INFO  server.RaftServerConfigKeys (ConfUtils.java:logGet(46)) - raft.server.log.unsafe-flush.enabled = false (default)
2024-05-06 08:59:26,801 [784e0075-095e-4f49-808e-af9ec74479d6-groupManagement] INFO  server.RaftServerConfigKeys (ConfUtils.java:logGet(46)) - raft.server.log.async-flush.enabled = false (default)
2024-05-06 08:59:26,801 [784e0075-095e-4f49-808e-af9ec74479d6-groupManagement] INFO  server.RaftServerConfigKeys (ConfUtils.java:logGet(46)) - raft.server.log.statemachine.data.caching.enabled = true (custom)
2024-05-06 08:59:26,801 [784e0075-095e-4f49-808e-af9ec74479d6-groupManagement] INFO  segmented.SegmentedRaftLogWorker (SegmentedRaftLogWorker.java:lambda$new$0(134)) - 784e0075-095e-4f49-808e-af9ec74479d6@group-8701510A3190-SegmentedRaftLogWorker: flushIndex: setUnconditionally 0 -> -1
2024-05-06 08:59:26,801 [784e0075-095e-4f49-808e-af9ec74479d6-groupManagement] INFO  segmented.SegmentedRaftLogWorker (SegmentedRaftLogWorker.java:lambda$new$0(134)) - 784e0075-095e-4f49-808e-af9ec74479d6@group-8701510A3190-SegmentedRaftLogWorker: safeCacheEvictIndex: setUnconditionally 0 -> -1
2024-05-06 08:59:26,802 [784e0075-095e-4f49-808e-af9ec74479d6-groupManagement] INFO  server.RaftServer$Division (RaftServerImpl.java:start(396)) - 784e0075-095e-4f49-808e-af9ec74479d6@group-8701510A3190: start as a follower, conf=-1: peers:[0e9e7d01-6cef-4822-a23d-4188eb8fb4d0|127.0.0.1:15085, 90b7064f-8397-4c9e-a509-54ea80c9149b|127.0.0.1:15067, 784e0075-095e-4f49-808e-af9ec74479d6|127.0.0.1:15076]|listeners:[], old=null
2024-05-06 08:59:26,802 [784e0075-095e-4f49-808e-af9ec74479d6-groupManagement] INFO  server.RaftServer$Division (RaftServerImpl.java:setRole(383)) - 784e0075-095e-4f49-808e-af9ec74479d6@group-8701510A3190: changes role from      null to FOLLOWER at term 0 for startAsFollower
2024-05-06 08:59:26,802 [784e0075-095e-4f49-808e-af9ec74479d6-groupManagement] INFO  impl.RoleInfo (RoleInfo.java:updateAndGet(139)) - 784e0075-095e-4f49-808e-af9ec74479d6: start 784e0075-095e-4f49-808e-af9ec74479d6@group-8701510A3190-FollowerState
2024-05-06 08:59:26,802 [784e0075-095e-4f49-808e-af9ec74479d6-groupManagement] INFO  util.JmxRegister (JmxRegister.java:tryRegister(44)) - Successfully registered JMX Bean with object name Ratis:service=RaftServer,group=group-8701510A3190,id=784e0075-095e-4f49-808e-af9ec74479d6
2024-05-06 08:59:26,802 [784e0075-095e-4f49-808e-af9ec74479d6-groupManagement] INFO  server.RaftServerConfigKeys (ConfUtils.java:logGet(46)) - raft.server.snapshot.trigger-when-stop.enabled = true (default)
2024-05-06 08:59:26,802 [784e0075-095e-4f49-808e-af9ec74479d6-groupManagement] INFO  server.RaftServerConfigKeys (ConfUtils.java:logGet(46)) - raft.server.snapshot.auto.trigger.enabled = true (custom)
2024-05-06 08:59:26,802 [784e0075-095e-4f49-808e-af9ec74479d6-groupManagement] INFO  server.RaftServerConfigKeys (ConfUtils.java:logGet(46)) - raft.server.snapshot.auto.trigger.threshold = 10000 (custom)
2024-05-06 08:59:26,802 [784e0075-095e-4f49-808e-af9ec74479d6-groupManagement] INFO  server.RaftServerConfigKeys (ConfUtils.java:logGet(46)) - raft.server.snapshot.retention.file.num = 5 (custom)
2024-05-06 08:59:26,802 [784e0075-095e-4f49-808e-af9ec74479d6-groupManagement] INFO  server.RaftServerConfigKeys (ConfUtils.java:logGet(46)) - raft.server.log.purge.upto.snapshot.index = false (default)
2024-05-06 08:59:26,803 [90b7064f-8397-4c9e-a509-54ea80c9149b-groupManagement] INFO  util.JmxRegister (JmxRegister.java:tryRegister(44)) - Successfully registered JMX Bean with object name Ratis:service=RaftServer,group=group-8701510A3190,id=90b7064f-8397-4c9e-a509-54ea80c9149b
2024-05-06 08:59:26,803 [90b7064f-8397-4c9e-a509-54ea80c9149b-groupManagement] INFO  server.RaftServerConfigKeys (ConfUtils.java:logGet(46)) - raft.server.snapshot.trigger-when-stop.enabled = true (default)
2024-05-06 08:59:26,803 [90b7064f-8397-4c9e-a509-54ea80c9149b-groupManagement] INFO  server.RaftServerConfigKeys (ConfUtils.java:logGet(46)) - raft.server.snapshot.auto.trigger.enabled = true (custom)
2024-05-06 08:59:26,803 [90b7064f-8397-4c9e-a509-54ea80c9149b-groupManagement] INFO  server.RaftServerConfigKeys (ConfUtils.java:logGet(46)) - raft.server.snapshot.auto.trigger.threshold = 10000 (custom)
2024-05-06 08:59:26,803 [90b7064f-8397-4c9e-a509-54ea80c9149b-groupManagement] INFO  server.RaftServerConfigKeys (ConfUtils.java:logGet(46)) - raft.server.snapshot.retention.file.num = 5 (custom)
2024-05-06 08:59:26,803 [90b7064f-8397-4c9e-a509-54ea80c9149b-groupManagement] INFO  server.RaftServerConfigKeys (ConfUtils.java:logGet(46)) - raft.server.log.purge.upto.snapshot.index = false (default)
2024-05-06 08:59:26,803 [784e0075-095e-4f49-808e-af9ec74479d6@group-8701510A3190-FollowerState] INFO  server.RaftServerConfigKeys (ConfUtils.java:logFallback(53)) - raft.server.rpc.first-election.timeout.min = 5s (fallback to raft.server.rpc.timeout.min)
2024-05-06 08:59:26,803 [784e0075-095e-4f49-808e-af9ec74479d6@group-8701510A3190-FollowerState] INFO  server.RaftServerConfigKeys (ConfUtils.java:logFallback(53)) - raft.server.rpc.first-election.timeout.max = 5200ms (fallback to raft.server.rpc.timeout.max)
2024-05-06 08:59:26,803 [784e0075-095e-4f49-808e-af9ec74479d6-PipelineCommandHandlerThread-0] INFO  ratis.XceiverServerRatis (XceiverServerRatis.java:addGroup(864)) - Created group PipelineID=bedcda76-b5f0-4b44-a916-8701510a3190
2024-05-06 08:59:26,804 [90b7064f-8397-4c9e-a509-54ea80c9149b@group-8701510A3190-FollowerState] INFO  server.RaftServerConfigKeys (ConfUtils.java:logFallback(53)) - raft.server.rpc.first-election.timeout.min = 5s (fallback to raft.server.rpc.timeout.min)
2024-05-06 08:59:26,805 [90b7064f-8397-4c9e-a509-54ea80c9149b@group-8701510A3190-FollowerState] INFO  server.RaftServerConfigKeys (ConfUtils.java:logFallback(53)) - raft.server.rpc.first-election.timeout.max = 5200ms (fallback to raft.server.rpc.timeout.max)
2024-05-06 08:59:26,807 [90b7064f-8397-4c9e-a509-54ea80c9149b-PipelineCommandHandlerThread-0] INFO  ratis.XceiverServerRatis (XceiverServerRatis.java:addGroup(864)) - Created group PipelineID=bedcda76-b5f0-4b44-a916-8701510a3190
2024-05-06 08:59:26,812 [grpc-default-executor-0] INFO  server.RaftServer (RaftServerProxy.java:addNew(100)) - 0e9e7d01-6cef-4822-a23d-4188eb8fb4d0: addNew group-8701510A3190:[0e9e7d01-6cef-4822-a23d-4188eb8fb4d0|127.0.0.1:15085, 90b7064f-8397-4c9e-a509-54ea80c9149b|127.0.0.1:15067, 784e0075-095e-4f49-808e-af9ec74479d6|127.0.0.1:15076] returns group-8701510A3190:java.util.concurrent.CompletableFuture@2706db3e[Not completed]
2024-05-06 08:59:26,813 [0e9e7d01-6cef-4822-a23d-4188eb8fb4d0-groupManagement] INFO  server.RaftServer$Division (RaftServerImpl.java:<init>(256)) - 0e9e7d01-6cef-4822-a23d-4188eb8fb4d0: new RaftServerImpl for group-8701510A3190:[0e9e7d01-6cef-4822-a23d-4188eb8fb4d0|127.0.0.1:15085, 90b7064f-8397-4c9e-a509-54ea80c9149b|127.0.0.1:15067, 784e0075-095e-4f49-808e-af9ec74479d6|127.0.0.1:15076] with ContainerStateMachine:uninitialized
2024-05-06 08:59:26,813 [0e9e7d01-6cef-4822-a23d-4188eb8fb4d0-groupManagement] INFO  server.RaftServerConfigKeys (ConfUtils.java:logGet(46)) - raft.server.rpc.timeout.min = 5s (custom)
2024-05-06 08:59:26,813 [0e9e7d01-6cef-4822-a23d-4188eb8fb4d0-groupManagement] INFO  server.RaftServerConfigKeys (ConfUtils.java:logGet(46)) - raft.server.rpc.timeout.max = 5200ms (custom)
2024-05-06 08:59:26,813 [0e9e7d01-6cef-4822-a23d-4188eb8fb4d0-groupManagement] INFO  server.RaftServerConfigKeys (ConfUtils.java:logGet(46)) - raft.server.rpc.sleep.time = 25ms (default)
2024-05-06 08:59:26,813 [0e9e7d01-6cef-4822-a23d-4188eb8fb4d0-groupManagement] INFO  server.RaftServerConfigKeys (ConfUtils.java:logGet(46)) - raft.server.rpc.slowness.timeout = 300000ms (custom)
2024-05-06 08:59:26,813 [0e9e7d01-6cef-4822-a23d-4188eb8fb4d0-groupManagement] INFO  server.RaftServerConfigKeys (ConfUtils.java:logGet(46)) - raft.server.leaderelection.leader.step-down.wait-time = 10s (default)
2024-05-06 08:59:26,813 [0e9e7d01-6cef-4822-a23d-4188eb8fb4d0-groupManagement] INFO  server.RaftServerConfigKeys (ConfUtils.java:logGet(46)) - raft.server.leaderelection.member.majority-add = false (default)
2024-05-06 08:59:26,813 [0e9e7d01-6cef-4822-a23d-4188eb8fb4d0-groupManagement] INFO  server.RaftServerConfigKeys (ConfUtils.java:logGet(46)) - raft.server.sleep.deviation.threshold = 300ms (default)
2024-05-06 08:59:26,813 [0e9e7d01-6cef-4822-a23d-4188eb8fb4d0-groupManagement] INFO  server.RaftServer$Division (ServerState.java:<init>(113)) - 0e9e7d01-6cef-4822-a23d-4188eb8fb4d0@group-8701510A3190: ConfigurationManager, init=-1: peers:[0e9e7d01-6cef-4822-a23d-4188eb8fb4d0|127.0.0.1:15085, 90b7064f-8397-4c9e-a509-54ea80c9149b|127.0.0.1:15067, 784e0075-095e-4f49-808e-af9ec74479d6|127.0.0.1:15076]|listeners:[], old=null, confs=<EMPTY_MAP>
2024-05-06 08:59:26,813 [0e9e7d01-6cef-4822-a23d-4188eb8fb4d0-groupManagement] INFO  server.RaftServerConfigKeys (ConfUtils.java:logGet(46)) - raft.server.notification.no-leader.timeout = 300000ms (custom)
2024-05-06 08:59:26,813 [0e9e7d01-6cef-4822-a23d-4188eb8fb4d0-groupManagement] INFO  server.RaftServerConfigKeys (ConfUtils.java:logGet(46)) - raft.server.read.timeout = 10s (default)
2024-05-06 08:59:26,813 [0e9e7d01-6cef-4822-a23d-4188eb8fb4d0-groupManagement] INFO  server.RaftServerConfigKeys (ConfUtils.java:logGet(46)) - raft.server.retrycache.expirytime = 600000ms (custom)
2024-05-06 08:59:26,813 [0e9e7d01-6cef-4822-a23d-4188eb8fb4d0-groupManagement] INFO  server.RaftServerConfigKeys (ConfUtils.java:logGet(46)) - raft.server.retrycache.statistics.expirytime = 100ms (default)
2024-05-06 08:59:26,814 [0e9e7d01-6cef-4822-a23d-4188eb8fb4d0-groupManagement] INFO  server.RaftServerConfigKeys (ConfUtils.java:logGet(46)) - raft.server.read.option = DEFAULT (default)
2024-05-06 08:59:26,814 [0e9e7d01-6cef-4822-a23d-4188eb8fb4d0-groupManagement] INFO  server.RaftServerConfigKeys (ConfUtils.java:logGet(46)) - raft.server.read.read-after-write-consistent.write-index-cache.expiry-time = 60s (default)
2024-05-06 08:59:26,816 [0e9e7d01-6cef-4822-a23d-4188eb8fb4d0-groupManagement] INFO  server.RaftServerConfigKeys (ConfUtils.java:logGet(46)) - raft.server.rpc.request.timeout = 3000ms (default)
2024-05-06 08:59:26,816 [0e9e7d01-6cef-4822-a23d-4188eb8fb4d0-groupManagement] INFO  server.RaftServerConfigKeys (ConfUtils.java:logGet(46)) - raft.server.log.appender.install.snapshot.enabled = false (custom)
2024-05-06 08:59:26,816 [0e9e7d01-6cef-4822-a23d-4188eb8fb4d0-groupManagement] INFO  server.RaftServerConfigKeys (ConfUtils.java:logGet(46)) - raft.server.threadpool.server.cached = true (default)
2024-05-06 08:59:26,816 [0e9e7d01-6cef-4822-a23d-4188eb8fb4d0-groupManagement] INFO  server.RaftServerConfigKeys (ConfUtils.java:logGet(46)) - raft.server.threadpool.server.size = 0 (default)
2024-05-06 08:59:26,816 [0e9e7d01-6cef-4822-a23d-4188eb8fb4d0-groupManagement] INFO  server.RaftServerConfigKeys (ConfUtils.java:logGet(46)) - raft.server.threadpool.client.cached = true (default)
2024-05-06 08:59:26,816 [0e9e7d01-6cef-4822-a23d-4188eb8fb4d0-groupManagement] INFO  server.RaftServerConfigKeys (ConfUtils.java:logGet(46)) - raft.server.threadpool.client.size = 0 (default)
2024-05-06 08:59:26,816 [0e9e7d01-6cef-4822-a23d-4188eb8fb4d0-groupManagement] INFO  server.RaftServerConfigKeys (ConfUtils.java:logGet(46)) - raft.server.storage.free-space.min = 0MB (=0) (default)
2024-05-06 08:59:26,816 [0e9e7d01-6cef-4822-a23d-4188eb8fb4d0-groupManagement] INFO  server.RaftServerConfigKeys (ConfUtils.java:logGet(46)) - raft.server.log.corruption.policy = EXCEPTION (default)
2024-05-06 08:59:26,817 [0e9e7d01-6cef-4822-a23d-4188eb8fb4d0-groupManagement] INFO  server.RaftServerConfigKeys (ConfUtils.java:logGet(46)) - raft.server.storage.dir = [/home/runner/work/ozone/ozone/hadoop-ozone/integration-test/target/test-dir/MiniOzoneClusterImpl-f8a20603-669c-41d5-94ea-e080bd68b2ef/ozone-meta/datanode-3/ratis] (custom)
2024-05-06 08:59:26,817 [0e9e7d01-6cef-4822-a23d-4188eb8fb4d0-groupManagement] INFO  storage.RaftStorageDirectory (RaftStorageDirectoryImpl.java:analyzeStorage(138)) - The storage directory /home/runner/work/ozone/ozone/hadoop-ozone/integration-test/target/test-dir/MiniOzoneClusterImpl-f8a20603-669c-41d5-94ea-e080bd68b2ef/ozone-meta/datanode-3/ratis/bedcda76-b5f0-4b44-a916-8701510a3190 does not exist. Creating ...
2024-05-06 08:59:26,818 [0e9e7d01-6cef-4822-a23d-4188eb8fb4d0-groupManagement] INFO  storage.RaftStorageDirectory (RaftStorageDirectoryImpl.java:tryLock(228)) - Lock on /home/runner/work/ozone/ozone/hadoop-ozone/integration-test/target/test-dir/MiniOzoneClusterImpl-f8a20603-669c-41d5-94ea-e080bd68b2ef/ozone-meta/datanode-3/ratis/bedcda76-b5f0-4b44-a916-8701510a3190/in_use.lock acquired by nodename 54013@fv-az699-623
2024-05-06 08:59:26,819 [0e9e7d01-6cef-4822-a23d-4188eb8fb4d0-groupManagement] INFO  storage.RaftStorage (RaftStorageImpl.java:format(99)) - Storage directory /home/runner/work/ozone/ozone/hadoop-ozone/integration-test/target/test-dir/MiniOzoneClusterImpl-f8a20603-669c-41d5-94ea-e080bd68b2ef/ozone-meta/datanode-3/ratis/bedcda76-b5f0-4b44-a916-8701510a3190 has been successfully formatted.
2024-05-06 08:59:26,819 [0e9e7d01-6cef-4822-a23d-4188eb8fb4d0-groupManagement] WARN  util.FileUtils (LogUtils.java:supplyAndLog(63)) - Failed to Files.newInputStream /home/runner/work/ozone/ozone/hadoop-ozone/integration-test/target/test-dir/MiniOzoneClusterImpl-f8a20603-669c-41d5-94ea-e080bd68b2ef/ozone-meta/datanode-3/ratis/bedcda76-b5f0-4b44-a916-8701510a3190/current/raft-meta.conf with options []: java.nio.file.NoSuchFileException: /home/runner/work/ozone/ozone/hadoop-ozone/integration-test/target/test-dir/MiniOzoneClusterImpl-f8a20603-669c-41d5-94ea-e080bd68b2ef/ozone-meta/datanode-3/ratis/bedcda76-b5f0-4b44-a916-8701510a3190/current/raft-meta.conf
2024-05-06 08:59:26,820 [0e9e7d01-6cef-4822-a23d-4188eb8fb4d0-groupManagement] INFO  ratis.ContainerStateMachine (ContainerStateMachine.java:loadSnapshot(287)) - group-8701510A3190: The snapshot info is null. Setting the last applied index to:(t:0, i:~)
2024-05-06 08:59:26,820 [0e9e7d01-6cef-4822-a23d-4188eb8fb4d0-groupManagement] INFO  server.RaftServerConfigKeys (ConfUtils.java:logGet(46)) - raft.server.log.use.memory = false (default)
2024-05-06 08:59:26,820 [0e9e7d01-6cef-4822-a23d-4188eb8fb4d0-groupManagement] INFO  server.RaftServerConfigKeys (ConfUtils.java:logGet(46)) - raft.server.log.purge.gap = 1000000 (custom)
2024-05-06 08:59:26,820 [0e9e7d01-6cef-4822-a23d-4188eb8fb4d0-groupManagement] INFO  server.RaftServerConfigKeys (ConfUtils.java:logGet(46)) - raft.server.log.appender.buffer.byte-limit = 8388608 (custom)
2024-05-06 08:59:26,820 [0e9e7d01-6cef-4822-a23d-4188eb8fb4d0-groupManagement] INFO  server.RaftServerConfigKeys (ConfUtils.java:logGet(46)) - raft.server.log.statemachine.data.read.timeout = 1000ms (default)
2024-05-06 08:59:26,820 [0e9e7d01-6cef-4822-a23d-4188eb8fb4d0-groupManagement] INFO  server.RaftServerConfigKeys (ConfUtils.java:logGet(46)) - raft.server.log.purge.preservation.log.num = 0 (default)
2024-05-06 08:59:26,821 [EventQueue-OpenPipelineForHealthyPipelineSafeModeRule] INFO  safemode.SCMSafeModeManager (HealthyPipelineSafeModeRule.java:process(140)) - SCM in safe mode. Healthy pipelines reported count is 0, required healthy pipeline reported count is 1
2024-05-06 08:59:26,821 [0e9e7d01-6cef-4822-a23d-4188eb8fb4d0-groupManagement] INFO  server.RaftServerConfigKeys (ConfUtils.java:logGet(46)) - raft.server.log.segment.size.max = 67108864 (custom)
2024-05-06 08:59:26,822 [0e9e7d01-6cef-4822-a23d-4188eb8fb4d0-groupManagement] INFO  server.RaftServerConfigKeys (ConfUtils.java:logGet(46)) - raft.server.log.segment.cache.num.max = 2 (custom)
2024-05-06 08:59:26,822 [0e9e7d01-6cef-4822-a23d-4188eb8fb4d0-groupManagement] INFO  server.RaftServerConfigKeys (ConfUtils.java:logGet(46)) - raft.server.log.segment.cache.size.max = 200MB (=209715200) (default)
2024-05-06 08:59:26,822 [0e9e7d01-6cef-4822-a23d-4188eb8fb4d0-groupManagement] INFO  server.RaftServerConfigKeys (ConfUtils.java:logGet(46)) - raft.server.log.appender.buffer.byte-limit = 8388608 (custom)
2024-05-06 08:59:26,828 [0e9e7d01-6cef-4822-a23d-4188eb8fb4d0-groupManagement] INFO  util.AwaitToRun (AwaitToRun.java:start(81)) - Thread[0e9e7d01-6cef-4822-a23d-4188eb8fb4d0@group-8701510A3190-cacheEviction-AwaitToRun,5,main] started
2024-05-06 08:59:26,828 [0e9e7d01-6cef-4822-a23d-4188eb8fb4d0-groupManagement] INFO  segmented.SegmentedRaftLogWorker (SegmentedRaftLogWorker.java:<init>(182)) - new 0e9e7d01-6cef-4822-a23d-4188eb8fb4d0@group-8701510A3190-SegmentedRaftLogWorker for RaftStorageImpl:Storage Directory /home/runner/work/ozone/ozone/hadoop-ozone/integration-test/target/test-dir/MiniOzoneClusterImpl-f8a20603-669c-41d5-94ea-e080bd68b2ef/ozone-meta/datanode-3/ratis/bedcda76-b5f0-4b44-a916-8701510a3190
2024-05-06 08:59:26,828 [0e9e7d01-6cef-4822-a23d-4188eb8fb4d0-groupManagement] INFO  server.RaftServerConfigKeys (ConfUtils.java:logGet(46)) - raft.server.log.queue.byte-limit = 4294967296 (custom)
2024-05-06 08:59:26,828 [0e9e7d01-6cef-4822-a23d-4188eb8fb4d0-groupManagement] INFO  server.RaftServerConfigKeys (ConfUtils.java:logGet(46)) - raft.server.log.queue.element-limit = 1024 (custom)
2024-05-06 08:59:26,828 [0e9e7d01-6cef-4822-a23d-4188eb8fb4d0-groupManagement] INFO  server.RaftServerConfigKeys (ConfUtils.java:logGet(46)) - raft.server.log.segment.size.max = 67108864 (custom)
2024-05-06 08:59:26,828 [0e9e7d01-6cef-4822-a23d-4188eb8fb4d0-groupManagement] INFO  server.RaftServerConfigKeys (ConfUtils.java:logGet(46)) - raft.server.log.preallocated.size = 4194304 (custom)
2024-05-06 08:59:26,828 [0e9e7d01-6cef-4822-a23d-4188eb8fb4d0-groupManagement] INFO  server.RaftServerConfigKeys (ConfUtils.java:logGet(46)) - raft.server.log.force.sync.num = 128 (default)
2024-05-06 08:59:26,828 [0e9e7d01-6cef-4822-a23d-4188eb8fb4d0-groupManagement] INFO  server.RaftServerConfigKeys (ConfUtils.java:logGet(46)) - raft.server.log.statemachine.data.sync = true (default)
2024-05-06 08:59:26,828 [0e9e7d01-6cef-4822-a23d-4188eb8fb4d0-groupManagement] INFO  server.RaftServerConfigKeys (ConfUtils.java:logGet(46)) - raft.server.log.statemachine.data.sync.timeout = 10s (default)
2024-05-06 08:59:26,828 [0e9e7d01-6cef-4822-a23d-4188eb8fb4d0-groupManagement] INFO  server.RaftServerConfigKeys (ConfUtils.java:logGet(46)) - raft.server.log.statemachine.data.sync.timeout.retry = 30 (custom)
2024-05-06 08:59:26,829 [0e9e7d01-6cef-4822-a23d-4188eb8fb4d0-groupManagement] INFO  server.RaftServerConfigKeys (ConfUtils.java:logGet(46)) - raft.server.log.write.buffer.size = 8388616 (custom)
2024-05-06 08:59:26,830 [0e9e7d01-6cef-4822-a23d-4188eb8fb4d0-groupManagement] INFO  server.RaftServerConfigKeys (ConfUtils.java:logGet(46)) - raft.server.log.appender.buffer.byte-limit = 8388608 (custom)
2024-05-06 08:59:26,830 [0e9e7d01-6cef-4822-a23d-4188eb8fb4d0-groupManagement] INFO  server.RaftServerConfigKeys (ConfUtils.java:logGet(46)) - raft.server.log.unsafe-flush.enabled = false (default)
2024-05-06 08:59:26,831 [0e9e7d01-6cef-4822-a23d-4188eb8fb4d0-groupManagement] INFO  server.RaftServerConfigKeys (ConfUtils.java:logGet(46)) - raft.server.log.async-flush.enabled = false (default)
2024-05-06 08:59:26,831 [0e9e7d01-6cef-4822-a23d-4188eb8fb4d0-groupManagement] INFO  server.RaftServerConfigKeys (ConfUtils.java:logGet(46)) - raft.server.log.statemachine.data.caching.enabled = true (custom)
2024-05-06 08:59:26,831 [0e9e7d01-6cef-4822-a23d-4188eb8fb4d0-groupManagement] INFO  segmented.SegmentedRaftLogWorker (SegmentedRaftLogWorker.java:lambda$new$0(134)) - 0e9e7d01-6cef-4822-a23d-4188eb8fb4d0@group-8701510A3190-SegmentedRaftLogWorker: flushIndex: setUnconditionally 0 -> -1
2024-05-06 08:59:26,831 [0e9e7d01-6cef-4822-a23d-4188eb8fb4d0-groupManagement] INFO  segmented.SegmentedRaftLogWorker (SegmentedRaftLogWorker.java:lambda$new$0(134)) - 0e9e7d01-6cef-4822-a23d-4188eb8fb4d0@group-8701510A3190-SegmentedRaftLogWorker: safeCacheEvictIndex: setUnconditionally 0 -> -1
2024-05-06 08:59:26,832 [0e9e7d01-6cef-4822-a23d-4188eb8fb4d0-PipelineCommandHandlerThread-0] INFO  commandhandler.CreatePipelineCommandHandler (CreatePipelineCommandHandler.java:lambda$handle$2(124)) - Created Pipeline RATIS THREE PipelineID=f9c5d62b-efaf-469a-aada-78ee1d651754.
2024-05-06 08:59:26,835 [2bd728a8-2257-45fc-a304-d79856c752fc-PipelineCommandHandlerThread-0] INFO  server.RaftServer (RaftServerProxy.java:addNew(100)) - 2bd728a8-2257-45fc-a304-d79856c752fc: addNew group-C866081F3671:[2bd728a8-2257-45fc-a304-d79856c752fc|127.0.0.1:15094] returns group-C866081F3671:java.util.concurrent.CompletableFuture@19606062[Not completed]
2024-05-06 08:59:26,836 [2bd728a8-2257-45fc-a304-d79856c752fc-groupManagement] INFO  server.RaftServer$Division (RaftServerImpl.java:<init>(256)) - 2bd728a8-2257-45fc-a304-d79856c752fc: new RaftServerImpl for group-C866081F3671:[2bd728a8-2257-45fc-a304-d79856c752fc|127.0.0.1:15094] with ContainerStateMachine:uninitialized
2024-05-06 08:59:26,836 [2bd728a8-2257-45fc-a304-d79856c752fc-groupManagement] INFO  server.RaftServerConfigKeys (ConfUtils.java:logGet(46)) - raft.server.rpc.timeout.min = 5s (custom)
2024-05-06 08:59:26,836 [2bd728a8-2257-45fc-a304-d79856c752fc-groupManagement] INFO  server.RaftServerConfigKeys (ConfUtils.java:logGet(46)) - raft.server.rpc.timeout.max = 5200ms (custom)
2024-05-06 08:59:26,836 [2bd728a8-2257-45fc-a304-d79856c752fc-groupManagement] INFO  server.RaftServerConfigKeys (ConfUtils.java:logGet(46)) - raft.server.rpc.sleep.time = 25ms (default)
2024-05-06 08:59:26,837 [2bd728a8-2257-45fc-a304-d79856c752fc-groupManagement] INFO  server.RaftServerConfigKeys (ConfUtils.java:logGet(46)) - raft.server.rpc.slowness.timeout = 300000ms (custom)
2024-05-06 08:59:26,837 [2bd728a8-2257-45fc-a304-d79856c752fc-groupManagement] INFO  server.RaftServerConfigKeys (ConfUtils.java:logGet(46)) - raft.server.leaderelection.leader.step-down.wait-time = 10s (default)
2024-05-06 08:59:26,837 [2bd728a8-2257-45fc-a304-d79856c752fc-groupManagement] INFO  server.RaftServerConfigKeys (ConfUtils.java:logGet(46)) - raft.server.leaderelection.member.majority-add = false (default)
2024-05-06 08:59:26,837 [2bd728a8-2257-45fc-a304-d79856c752fc-groupManagement] INFO  server.RaftServerConfigKeys (ConfUtils.java:logGet(46)) - raft.server.sleep.deviation.threshold = 300ms (default)
2024-05-06 08:59:26,837 [2bd728a8-2257-45fc-a304-d79856c752fc-groupManagement] INFO  server.RaftServer$Division (ServerState.java:<init>(113)) - 2bd728a8-2257-45fc-a304-d79856c752fc@group-C866081F3671: ConfigurationManager, init=-1: peers:[2bd728a8-2257-45fc-a304-d79856c752fc|127.0.0.1:15094]|listeners:[], old=null, confs=<EMPTY_MAP>
2024-05-06 08:59:26,837 [2bd728a8-2257-45fc-a304-d79856c752fc-groupManagement] INFO  server.RaftServerConfigKeys (ConfUtils.java:logGet(46)) - raft.server.notification.no-leader.timeout = 300000ms (custom)
2024-05-06 08:59:26,837 [2bd728a8-2257-45fc-a304-d79856c752fc-groupManagement] INFO  server.RaftServerConfigKeys (ConfUtils.java:logGet(46)) - raft.server.read.timeout = 10s (default)
2024-05-06 08:59:26,837 [2bd728a8-2257-45fc-a304-d79856c752fc-groupManagement] INFO  server.RaftServerConfigKeys (ConfUtils.java:logGet(46)) - raft.server.retrycache.expirytime = 600000ms (custom)
2024-05-06 08:59:26,837 [2bd728a8-2257-45fc-a304-d79856c752fc-groupManagement] INFO  server.RaftServerConfigKeys (ConfUtils.java:logGet(46)) - raft.server.retrycache.statistics.expirytime = 100ms (default)
2024-05-06 08:59:26,837 [2bd728a8-2257-45fc-a304-d79856c752fc-groupManagement] INFO  server.RaftServerConfigKeys (ConfUtils.java:logGet(46)) - raft.server.read.option = DEFAULT (default)
2024-05-06 08:59:26,837 [2bd728a8-2257-45fc-a304-d79856c752fc-groupManagement] INFO  server.RaftServerConfigKeys (ConfUtils.java:logGet(46)) - raft.server.read.read-after-write-consistent.write-index-cache.expiry-time = 60s (default)
2024-05-06 08:59:26,839 [2bd728a8-2257-45fc-a304-d79856c752fc-groupManagement] INFO  server.RaftServerConfigKeys (ConfUtils.java:logGet(46)) - raft.server.rpc.request.timeout = 3000ms (default)
2024-05-06 08:59:26,839 [2bd728a8-2257-45fc-a304-d79856c752fc-groupManagement] INFO  server.RaftServerConfigKeys (ConfUtils.java:logGet(46)) - raft.server.log.appender.install.snapshot.enabled = false (custom)
2024-05-06 08:59:26,839 [2bd728a8-2257-45fc-a304-d79856c752fc-groupManagement] INFO  server.RaftServerConfigKeys (ConfUtils.java:logGet(46)) - raft.server.threadpool.server.cached = true (default)
2024-05-06 08:59:26,840 [2bd728a8-2257-45fc-a304-d79856c752fc-groupManagement] INFO  server.RaftServerConfigKeys (ConfUtils.java:logGet(46)) - raft.server.threadpool.server.size = 0 (default)
2024-05-06 08:59:26,840 [2bd728a8-2257-45fc-a304-d79856c752fc-groupManagement] INFO  server.RaftServerConfigKeys (ConfUtils.java:logGet(46)) - raft.server.threadpool.client.cached = true (default)
2024-05-06 08:59:26,840 [2bd728a8-2257-45fc-a304-d79856c752fc-groupManagement] INFO  server.RaftServerConfigKeys (ConfUtils.java:logGet(46)) - raft.server.threadpool.client.size = 0 (default)
2024-05-06 08:59:26,840 [2bd728a8-2257-45fc-a304-d79856c752fc-groupManagement] INFO  server.RaftServerConfigKeys (ConfUtils.java:logGet(46)) - raft.server.storage.free-space.min = 0MB (=0) (default)
2024-05-06 08:59:26,840 [2bd728a8-2257-45fc-a304-d79856c752fc-groupManagement] INFO  server.RaftServerConfigKeys (ConfUtils.java:logGet(46)) - raft.server.log.corruption.policy = EXCEPTION (default)
2024-05-06 08:59:26,840 [2bd728a8-2257-45fc-a304-d79856c752fc-groupManagement] INFO  server.RaftServerConfigKeys (ConfUtils.java:logGet(46)) - raft.server.storage.dir = [/home/runner/work/ozone/ozone/hadoop-ozone/integration-test/target/test-dir/MiniOzoneClusterImpl-f8a20603-669c-41d5-94ea-e080bd68b2ef/ozone-meta/datanode-4/ratis] (custom)
2024-05-06 08:59:26,840 [2bd728a8-2257-45fc-a304-d79856c752fc-groupManagement] INFO  storage.RaftStorageDirectory (RaftStorageDirectoryImpl.java:analyzeStorage(138)) - The storage directory /home/runner/work/ozone/ozone/hadoop-ozone/integration-test/target/test-dir/MiniOzoneClusterImpl-f8a20603-669c-41d5-94ea-e080bd68b2ef/ozone-meta/datanode-4/ratis/0a2986ce-992b-45d9-b321-c866081f3671 does not exist. Creating ...
2024-05-06 08:59:26,841 [2bd728a8-2257-45fc-a304-d79856c752fc-groupManagement] INFO  storage.RaftStorageDirectory (RaftStorageDirectoryImpl.java:tryLock(228)) - Lock on /home/runner/work/ozone/ozone/hadoop-ozone/integration-test/target/test-dir/MiniOzoneClusterImpl-f8a20603-669c-41d5-94ea-e080bd68b2ef/ozone-meta/datanode-4/ratis/0a2986ce-992b-45d9-b321-c866081f3671/in_use.lock acquired by nodename 54013@fv-az699-623
2024-05-06 08:59:26,842 [2bd728a8-2257-45fc-a304-d79856c752fc-groupManagement] INFO  storage.RaftStorage (RaftStorageImpl.java:format(99)) - Storage directory /home/runner/work/ozone/ozone/hadoop-ozone/integration-test/target/test-dir/MiniOzoneClusterImpl-f8a20603-669c-41d5-94ea-e080bd68b2ef/ozone-meta/datanode-4/ratis/0a2986ce-992b-45d9-b321-c866081f3671 has been successfully formatted.
2024-05-06 08:59:26,842 [2bd728a8-2257-45fc-a304-d79856c752fc-groupManagement] WARN  util.FileUtils (LogUtils.java:supplyAndLog(63)) - Failed to Files.newInputStream /home/runner/work/ozone/ozone/hadoop-ozone/integration-test/target/test-dir/MiniOzoneClusterImpl-f8a20603-669c-41d5-94ea-e080bd68b2ef/ozone-meta/datanode-4/ratis/0a2986ce-992b-45d9-b321-c866081f3671/current/raft-meta.conf with options []: java.nio.file.NoSuchFileException: /home/runner/work/ozone/ozone/hadoop-ozone/integration-test/target/test-dir/MiniOzoneClusterImpl-f8a20603-669c-41d5-94ea-e080bd68b2ef/ozone-meta/datanode-4/ratis/0a2986ce-992b-45d9-b321-c866081f3671/current/raft-meta.conf
2024-05-06 08:59:26,843 [2bd728a8-2257-45fc-a304-d79856c752fc-groupManagement] INFO  ratis.ContainerStateMachine (ContainerStateMachine.java:loadSnapshot(287)) - group-C866081F3671: The snapshot info is null. Setting the last applied index to:(t:0, i:~)
2024-05-06 08:59:26,843 [2bd728a8-2257-45fc-a304-d79856c752fc-groupManagement] INFO  server.RaftServerConfigKeys (ConfUtils.java:logGet(46)) - raft.server.log.use.memory = false (default)
2024-05-06 08:59:26,843 [2bd728a8-2257-45fc-a304-d79856c752fc-groupManagement] INFO  server.RaftServerConfigKeys (ConfUtils.java:logGet(46)) - raft.server.log.purge.gap = 1000000 (custom)
2024-05-06 08:59:26,843 [2bd728a8-2257-45fc-a304-d79856c752fc-groupManagement] INFO  server.RaftServerConfigKeys (ConfUtils.java:logGet(46)) - raft.server.log.appender.buffer.byte-limit = 8388608 (custom)
2024-05-06 08:59:26,843 [2bd728a8-2257-45fc-a304-d79856c752fc-groupManagement] INFO  server.RaftServerConfigKeys (ConfUtils.java:logGet(46)) - raft.server.log.statemachine.data.read.timeout = 1000ms (default)
2024-05-06 08:59:26,843 [2bd728a8-2257-45fc-a304-d79856c752fc-groupManagement] INFO  server.RaftServerConfigKeys (ConfUtils.java:logGet(46)) - raft.server.log.purge.preservation.log.num = 0 (default)
2024-05-06 08:59:26,844 [2bd728a8-2257-45fc-a304-d79856c752fc-groupManagement] INFO  server.RaftServerConfigKeys (ConfUtils.java:logGet(46)) - raft.server.log.segment.size.max = 67108864 (custom)
2024-05-06 08:59:26,844 [2bd728a8-2257-45fc-a304-d79856c752fc-groupManagement] INFO  server.RaftServerConfigKeys (ConfUtils.java:logGet(46)) - raft.server.log.segment.cache.num.max = 2 (custom)
2024-05-06 08:59:26,844 [2bd728a8-2257-45fc-a304-d79856c752fc-groupManagement] INFO  server.RaftServerConfigKeys (ConfUtils.java:logGet(46)) - raft.server.log.segment.cache.size.max = 200MB (=209715200) (default)
2024-05-06 08:59:26,844 [2bd728a8-2257-45fc-a304-d79856c752fc-groupManagement] INFO  server.RaftServerConfigKeys (ConfUtils.java:logGet(46)) - raft.server.log.appender.buffer.byte-limit = 8388608 (custom)
2024-05-06 08:59:26,845 [EventQueue-PipelineReportForPipelineReportHandler] INFO  pipeline.PipelineReportHandler (PipelineReportHandler.java:processPipelineReport(136)) - Opened pipeline PipelineID=0a2986ce-992b-45d9-b321-c866081f3671
2024-05-06 08:59:26,845 [EventQueue-OpenPipelineForHealthyPipelineSafeModeRule] INFO  safemode.SCMSafeModeManager (HealthyPipelineSafeModeRule.java:process(140)) - SCM in safe mode. Healthy pipelines reported count is 0, required healthy pipeline reported count is 1
2024-05-06 08:59:26,847 [0e9e7d01-6cef-4822-a23d-4188eb8fb4d0-groupManagement] INFO  server.RaftServer$Division (RaftServerImpl.java:start(396)) - 0e9e7d01-6cef-4822-a23d-4188eb8fb4d0@group-8701510A3190: start as a follower, conf=-1: peers:[0e9e7d01-6cef-4822-a23d-4188eb8fb4d0|127.0.0.1:15085, 90b7064f-8397-4c9e-a509-54ea80c9149b|127.0.0.1:15067, 784e0075-095e-4f49-808e-af9ec74479d6|127.0.0.1:15076]|listeners:[], old=null
2024-05-06 08:59:26,847 [2bd728a8-2257-45fc-a304-d79856c752fc-groupManagement] INFO  util.AwaitToRun (AwaitToRun.java:start(81)) - Thread[2bd728a8-2257-45fc-a304-d79856c752fc@group-C866081F3671-cacheEviction-AwaitToRun,5,main] started
2024-05-06 08:59:26,847 [0e9e7d01-6cef-4822-a23d-4188eb8fb4d0-groupManagement] INFO  server.RaftServer$Division (RaftServerImpl.java:setRole(383)) - 0e9e7d01-6cef-4822-a23d-4188eb8fb4d0@group-8701510A3190: changes role from      null to FOLLOWER at term 0 for startAsFollower
2024-05-06 08:59:26,847 [2bd728a8-2257-45fc-a304-d79856c752fc-groupManagement] INFO  segmented.SegmentedRaftLogWorker (SegmentedRaftLogWorker.java:<init>(182)) - new 2bd728a8-2257-45fc-a304-d79856c752fc@group-C866081F3671-SegmentedRaftLogWorker for RaftStorageImpl:Storage Directory /home/runner/work/ozone/ozone/hadoop-ozone/integration-test/target/test-dir/MiniOzoneClusterImpl-f8a20603-669c-41d5-94ea-e080bd68b2ef/ozone-meta/datanode-4/ratis/0a2986ce-992b-45d9-b321-c866081f3671
2024-05-06 08:59:26,847 [0e9e7d01-6cef-4822-a23d-4188eb8fb4d0-groupManagement] INFO  impl.RoleInfo (RoleInfo.java:updateAndGet(139)) - 0e9e7d01-6cef-4822-a23d-4188eb8fb4d0: start 0e9e7d01-6cef-4822-a23d-4188eb8fb4d0@group-8701510A3190-FollowerState
2024-05-06 08:59:26,847 [2bd728a8-2257-45fc-a304-d79856c752fc-groupManagement] INFO  server.RaftServerConfigKeys (ConfUtils.java:logGet(46)) - raft.server.log.queue.byte-limit = 4294967296 (custom)
2024-05-06 08:59:26,847 [2bd728a8-2257-45fc-a304-d79856c752fc-groupManagement] INFO  server.RaftServerConfigKeys (ConfUtils.java:logGet(46)) - raft.server.log.queue.element-limit = 1024 (custom)
2024-05-06 08:59:26,848 [2bd728a8-2257-45fc-a304-d79856c752fc-groupManagement] INFO  server.RaftServerConfigKeys (ConfUtils.java:logGet(46)) - raft.server.log.segment.size.max = 67108864 (custom)
2024-05-06 08:59:26,848 [2bd728a8-2257-45fc-a304-d79856c752fc-groupManagement] INFO  server.RaftServerConfigKeys (ConfUtils.java:logGet(46)) - raft.server.log.preallocated.size = 4194304 (custom)
2024-05-06 08:59:26,848 [2bd728a8-2257-45fc-a304-d79856c752fc-groupManagement] INFO  server.RaftServerConfigKeys (ConfUtils.java:logGet(46)) - raft.server.log.force.sync.num = 128 (default)
2024-05-06 08:59:26,848 [2bd728a8-2257-45fc-a304-d79856c752fc-groupManagement] INFO  server.RaftServerConfigKeys (ConfUtils.java:logGet(46)) - raft.server.log.statemachine.data.sync = true (default)
2024-05-06 08:59:26,848 [2bd728a8-2257-45fc-a304-d79856c752fc-groupManagement] INFO  server.RaftServerConfigKeys (ConfUtils.java:logGet(46)) - raft.server.log.statemachine.data.sync.timeout = 10s (default)
2024-05-06 08:59:26,848 [2bd728a8-2257-45fc-a304-d79856c752fc-groupManagement] INFO  server.RaftServerConfigKeys (ConfUtils.java:logGet(46)) - raft.server.log.statemachine.data.sync.timeout.retry = 30 (custom)
2024-05-06 08:59:26,848 [2bd728a8-2257-45fc-a304-d79856c752fc-groupManagement] INFO  server.RaftServerConfigKeys (ConfUtils.java:logGet(46)) - raft.server.log.write.buffer.size = 8388616 (custom)
2024-05-06 08:59:26,850 [2bd728a8-2257-45fc-a304-d79856c752fc-groupManagement] INFO  server.RaftServerConfigKeys (ConfUtils.java:logGet(46)) - raft.server.log.appender.buffer.byte-limit = 8388608 (custom)
2024-05-06 08:59:26,850 [2bd728a8-2257-45fc-a304-d79856c752fc-groupManagement] INFO  server.RaftServerConfigKeys (ConfUtils.java:logGet(46)) - raft.server.log.unsafe-flush.enabled = false (default)
2024-05-06 08:59:26,850 [2bd728a8-2257-45fc-a304-d79856c752fc-groupManagement] INFO  server.RaftServerConfigKeys (ConfUtils.java:logGet(46)) - raft.server.log.async-flush.enabled = false (default)
2024-05-06 08:59:26,850 [2bd728a8-2257-45fc-a304-d79856c752fc-groupManagement] INFO  server.RaftServerConfigKeys (ConfUtils.java:logGet(46)) - raft.server.log.statemachine.data.caching.enabled = true (custom)
2024-05-06 08:59:26,850 [2bd728a8-2257-45fc-a304-d79856c752fc-groupManagement] INFO  segmented.SegmentedRaftLogWorker (SegmentedRaftLogWorker.java:lambda$new$0(134)) - 2bd728a8-2257-45fc-a304-d79856c752fc@group-C866081F3671-SegmentedRaftLogWorker: flushIndex: setUnconditionally 0 -> -1
2024-05-06 08:59:26,850 [2bd728a8-2257-45fc-a304-d79856c752fc-groupManagement] INFO  segmented.SegmentedRaftLogWorker (SegmentedRaftLogWorker.java:lambda$new$0(134)) - 2bd728a8-2257-45fc-a304-d79856c752fc@group-C866081F3671-SegmentedRaftLogWorker: safeCacheEvictIndex: setUnconditionally 0 -> -1
2024-05-06 08:59:26,857 [0e9e7d01-6cef-4822-a23d-4188eb8fb4d0-groupManagement] INFO  util.JmxRegister (JmxRegister.java:tryRegister(44)) - Successfully registered JMX Bean with object name Ratis:service=RaftServer,group=group-8701510A3190,id=0e9e7d01-6cef-4822-a23d-4188eb8fb4d0
2024-05-06 08:59:26,857 [0e9e7d01-6cef-4822-a23d-4188eb8fb4d0-groupManagement] INFO  server.RaftServerConfigKeys (ConfUtils.java:logGet(46)) - raft.server.snapshot.trigger-when-stop.enabled = true (default)
2024-05-06 08:59:26,857 [0e9e7d01-6cef-4822-a23d-4188eb8fb4d0-groupManagement] INFO  server.RaftServerConfigKeys (ConfUtils.java:logGet(46)) - raft.server.snapshot.auto.trigger.enabled = true (custom)
2024-05-06 08:59:26,857 [0e9e7d01-6cef-4822-a23d-4188eb8fb4d0-groupManagement] INFO  server.RaftServerConfigKeys (ConfUtils.java:logGet(46)) - raft.server.snapshot.auto.trigger.threshold = 10000 (custom)
2024-05-06 08:59:26,857 [0e9e7d01-6cef-4822-a23d-4188eb8fb4d0-groupManagement] INFO  server.RaftServerConfigKeys (ConfUtils.java:logGet(46)) - raft.server.snapshot.retention.file.num = 5 (custom)
2024-05-06 08:59:26,857 [0e9e7d01-6cef-4822-a23d-4188eb8fb4d0-groupManagement] INFO  server.RaftServerConfigKeys (ConfUtils.java:logGet(46)) - raft.server.log.purge.upto.snapshot.index = false (default)
2024-05-06 08:59:26,861 [2bd728a8-2257-45fc-a304-d79856c752fc-groupManagement] INFO  server.RaftServer$Division (RaftServerImpl.java:start(396)) - 2bd728a8-2257-45fc-a304-d79856c752fc@group-C866081F3671: start as a follower, conf=-1: peers:[2bd728a8-2257-45fc-a304-d79856c752fc|127.0.0.1:15094]|listeners:[], old=null
2024-05-06 08:59:26,861 [2bd728a8-2257-45fc-a304-d79856c752fc-groupManagement] INFO  server.RaftServer$Division (RaftServerImpl.java:setRole(383)) - 2bd728a8-2257-45fc-a304-d79856c752fc@group-C866081F3671: changes role from      null to FOLLOWER at term 0 for startAsFollower
2024-05-06 08:59:26,861 [2bd728a8-2257-45fc-a304-d79856c752fc-groupManagement] INFO  impl.RoleInfo (RoleInfo.java:updateAndGet(139)) - 2bd728a8-2257-45fc-a304-d79856c752fc: start 2bd728a8-2257-45fc-a304-d79856c752fc@group-C866081F3671-FollowerState
2024-05-06 08:59:26,861 [0e9e7d01-6cef-4822-a23d-4188eb8fb4d0@group-8701510A3190-FollowerState] INFO  server.RaftServerConfigKeys (ConfUtils.java:logFallback(53)) - raft.server.rpc.first-election.timeout.min = 5s (fallback to raft.server.rpc.timeout.min)
2024-05-06 08:59:26,861 [0e9e7d01-6cef-4822-a23d-4188eb8fb4d0@group-8701510A3190-FollowerState] INFO  server.RaftServerConfigKeys (ConfUtils.java:logFallback(53)) - raft.server.rpc.first-election.timeout.max = 5200ms (fallback to raft.server.rpc.timeout.max)
2024-05-06 08:59:26,862 [2bd728a8-2257-45fc-a304-d79856c752fc-groupManagement] INFO  util.JmxRegister (JmxRegister.java:tryRegister(44)) - Successfully registered JMX Bean with object name Ratis:service=RaftServer,group=group-C866081F3671,id=2bd728a8-2257-45fc-a304-d79856c752fc
2024-05-06 08:59:26,862 [2bd728a8-2257-45fc-a304-d79856c752fc-groupManagement] INFO  server.RaftServerConfigKeys (ConfUtils.java:logGet(46)) - raft.server.snapshot.trigger-when-stop.enabled = true (default)
2024-05-06 08:59:26,862 [2bd728a8-2257-45fc-a304-d79856c752fc-groupManagement] INFO  server.RaftServerConfigKeys (ConfUtils.java:logGet(46)) - raft.server.snapshot.auto.trigger.enabled = true (custom)
2024-05-06 08:59:26,862 [2bd728a8-2257-45fc-a304-d79856c752fc-groupManagement] INFO  server.RaftServerConfigKeys (ConfUtils.java:logGet(46)) - raft.server.snapshot.auto.trigger.threshold = 10000 (custom)
2024-05-06 08:59:26,862 [2bd728a8-2257-45fc-a304-d79856c752fc-groupManagement] INFO  server.RaftServerConfigKeys (ConfUtils.java:logGet(46)) - raft.server.snapshot.retention.file.num = 5 (custom)
2024-05-06 08:59:26,862 [2bd728a8-2257-45fc-a304-d79856c752fc-groupManagement] INFO  server.RaftServerConfigKeys (ConfUtils.java:logGet(46)) - raft.server.log.purge.upto.snapshot.index = false (default)
2024-05-06 08:59:26,862 [2bd728a8-2257-45fc-a304-d79856c752fc@group-C866081F3671-FollowerState] INFO  server.RaftServerConfigKeys (ConfUtils.java:logFallback(53)) - raft.server.rpc.first-election.timeout.min = 5s (fallback to raft.server.rpc.timeout.min)
2024-05-06 08:59:26,862 [2bd728a8-2257-45fc-a304-d79856c752fc@group-C866081F3671-FollowerState] INFO  server.RaftServerConfigKeys (ConfUtils.java:logFallback(53)) - raft.server.rpc.first-election.timeout.max = 5200ms (fallback to raft.server.rpc.timeout.max)
2024-05-06 08:59:26,863 [2bd728a8-2257-45fc-a304-d79856c752fc-PipelineCommandHandlerThread-0] INFO  ratis.XceiverServerRatis (XceiverServerRatis.java:addGroup(864)) - Created group PipelineID=0a2986ce-992b-45d9-b321-c866081f3671
2024-05-06 08:59:26,863 [2bd728a8-2257-45fc-a304-d79856c752fc-PipelineCommandHandlerThread-0] INFO  commandhandler.CreatePipelineCommandHandler (CreatePipelineCommandHandler.java:lambda$handle$2(124)) - Created Pipeline RATIS ONE PipelineID=0a2986ce-992b-45d9-b321-c866081f3671.
2024-05-06 08:59:26,865 [784e0075-095e-4f49-808e-af9ec74479d6-PipelineCommandHandlerThread-0] INFO  commandhandler.CreatePipelineCommandHandler (CreatePipelineCommandHandler.java:lambda$handle$2(124)) - Created Pipeline RATIS THREE PipelineID=bedcda76-b5f0-4b44-a916-8701510a3190.
2024-05-06 08:59:26,880 [main] INFO  ozone.MiniOzoneClusterImpl (MiniOzoneClusterImpl.java:lambda$waitForClusterToBeReady$0(194)) - Nodes are ready. Got 5 of 5 DN Heartbeats.
2024-05-06 08:59:26,880 [main] INFO  ozone.MiniOzoneClusterImpl (MiniOzoneClusterImpl.java:lambda$waitForClusterToBeReady$0(197)) - Waiting for cluster to exit safe mode
2024-05-06 08:59:26,880 [main] INFO  ozone.MiniOzoneClusterImpl (MiniOzoneClusterImpl.java:lambda$waitForClusterToBeReady$0(199)) - SCM became leader
2024-05-06 08:59:26,886 [fa7233c5-99c6-4a1a-a2f1-81d332223322-PipelineCommandHandlerThread-0] INFO  server.RaftServer (RaftServerProxy.java:addNew(100)) - fa7233c5-99c6-4a1a-a2f1-81d332223322: addNew group-1DB2361A2323:[fa7233c5-99c6-4a1a-a2f1-81d332223322|127.0.0.1:15103] returns group-1DB2361A2323:java.util.concurrent.CompletableFuture@187f07ca[Not completed]
2024-05-06 08:59:26,888 [fa7233c5-99c6-4a1a-a2f1-81d332223322-groupManagement] INFO  server.RaftServer$Division (RaftServerImpl.java:<init>(256)) - fa7233c5-99c6-4a1a-a2f1-81d332223322: new RaftServerImpl for group-1DB2361A2323:[fa7233c5-99c6-4a1a-a2f1-81d332223322|127.0.0.1:15103] with ContainerStateMachine:uninitialized
2024-05-06 08:59:26,888 [fa7233c5-99c6-4a1a-a2f1-81d332223322-groupManagement] INFO  server.RaftServerConfigKeys (ConfUtils.java:logGet(46)) - raft.server.rpc.timeout.min = 5s (custom)
2024-05-06 08:59:26,888 [fa7233c5-99c6-4a1a-a2f1-81d332223322-groupManagement] INFO  server.RaftServerConfigKeys (ConfUtils.java:logGet(46)) - raft.server.rpc.timeout.max = 5200ms (custom)
2024-05-06 08:59:26,888 [fa7233c5-99c6-4a1a-a2f1-81d332223322-groupManagement] INFO  server.RaftServerConfigKeys (ConfUtils.java:logGet(46)) - raft.server.rpc.sleep.time = 25ms (default)
2024-05-06 08:59:26,888 [fa7233c5-99c6-4a1a-a2f1-81d332223322-groupManagement] INFO  server.RaftServerConfigKeys (ConfUtils.java:logGet(46)) - raft.server.rpc.slowness.timeout = 300000ms (custom)
2024-05-06 08:59:26,889 [fa7233c5-99c6-4a1a-a2f1-81d332223322-groupManagement] INFO  server.RaftServerConfigKeys (ConfUtils.java:logGet(46)) - raft.server.leaderelection.leader.step-down.wait-time = 10s (default)
2024-05-06 08:59:26,889 [fa7233c5-99c6-4a1a-a2f1-81d332223322-groupManagement] INFO  server.RaftServerConfigKeys (ConfUtils.java:logGet(46)) - raft.server.leaderelection.member.majority-add = false (default)
2024-05-06 08:59:26,889 [fa7233c5-99c6-4a1a-a2f1-81d332223322-groupManagement] INFO  server.RaftServerConfigKeys (ConfUtils.java:logGet(46)) - raft.server.sleep.deviation.threshold = 300ms (default)
2024-05-06 08:59:26,889 [fa7233c5-99c6-4a1a-a2f1-81d332223322-groupManagement] INFO  server.RaftServer$Division (ServerState.java:<init>(113)) - fa7233c5-99c6-4a1a-a2f1-81d332223322@group-1DB2361A2323: ConfigurationManager, init=-1: peers:[fa7233c5-99c6-4a1a-a2f1-81d332223322|127.0.0.1:15103]|listeners:[], old=null, confs=<EMPTY_MAP>
2024-05-06 08:59:26,890 [fa7233c5-99c6-4a1a-a2f1-81d332223322-groupManagement] INFO  server.RaftServerConfigKeys (ConfUtils.java:logGet(46)) - raft.server.notification.no-leader.timeout = 300000ms (custom)
2024-05-06 08:59:26,890 [fa7233c5-99c6-4a1a-a2f1-81d332223322-groupManagement] INFO  server.RaftServerConfigKeys (ConfUtils.java:logGet(46)) - raft.server.read.timeout = 10s (default)
2024-05-06 08:59:26,890 [fa7233c5-99c6-4a1a-a2f1-81d332223322-groupManagement] INFO  server.RaftServerConfigKeys (ConfUtils.java:logGet(46)) - raft.server.retrycache.expirytime = 600000ms (custom)
2024-05-06 08:59:26,890 [fa7233c5-99c6-4a1a-a2f1-81d332223322-groupManagement] INFO  server.RaftServerConfigKeys (ConfUtils.java:logGet(46)) - raft.server.retrycache.statistics.expirytime = 100ms (default)
2024-05-06 08:59:26,891 [fa7233c5-99c6-4a1a-a2f1-81d332223322-groupManagement] INFO  server.RaftServerConfigKeys (ConfUtils.java:logGet(46)) - raft.server.read.option = DEFAULT (default)
2024-05-06 08:59:26,891 [fa7233c5-99c6-4a1a-a2f1-81d332223322-groupManagement] INFO  server.RaftServerConfigKeys (ConfUtils.java:logGet(46)) - raft.server.read.read-after-write-consistent.write-index-cache.expiry-time = 60s (default)
2024-05-06 08:59:26,893 [fa7233c5-99c6-4a1a-a2f1-81d332223322-groupManagement] INFO  server.RaftServerConfigKeys (ConfUtils.java:logGet(46)) - raft.server.rpc.request.timeout = 3000ms (default)
2024-05-06 08:59:26,893 [fa7233c5-99c6-4a1a-a2f1-81d332223322-groupManagement] INFO  server.RaftServerConfigKeys (ConfUtils.java:logGet(46)) - raft.server.log.appender.install.snapshot.enabled = false (custom)
2024-05-06 08:59:26,893 [fa7233c5-99c6-4a1a-a2f1-81d332223322-groupManagement] INFO  server.RaftServerConfigKeys (ConfUtils.java:logGet(46)) - raft.server.threadpool.server.cached = true (default)
2024-05-06 08:59:26,893 [fa7233c5-99c6-4a1a-a2f1-81d332223322-groupManagement] INFO  server.RaftServerConfigKeys (ConfUtils.java:logGet(46)) - raft.server.threadpool.server.size = 0 (default)
2024-05-06 08:59:26,894 [fa7233c5-99c6-4a1a-a2f1-81d332223322-groupManagement] INFO  server.RaftServerConfigKeys (ConfUtils.java:logGet(46)) - raft.server.threadpool.client.cached = true (default)
2024-05-06 08:59:26,894 [fa7233c5-99c6-4a1a-a2f1-81d332223322-groupManagement] INFO  server.RaftServerConfigKeys (ConfUtils.java:logGet(46)) - raft.server.threadpool.client.size = 0 (default)
2024-05-06 08:59:26,894 [fa7233c5-99c6-4a1a-a2f1-81d332223322-groupManagement] INFO  server.RaftServerConfigKeys (ConfUtils.java:logGet(46)) - raft.server.storage.free-space.min = 0MB (=0) (default)
2024-05-06 08:59:26,894 [fa7233c5-99c6-4a1a-a2f1-81d332223322-groupManagement] INFO  server.RaftServerConfigKeys (ConfUtils.java:logGet(46)) - raft.server.log.corruption.policy = EXCEPTION (default)
2024-05-06 08:59:26,894 [fa7233c5-99c6-4a1a-a2f1-81d332223322-groupManagement] INFO  server.RaftServerConfigKeys (ConfUtils.java:logGet(46)) - raft.server.storage.dir = [/home/runner/work/ozone/ozone/hadoop-ozone/integration-test/target/test-dir/MiniOzoneClusterImpl-f8a20603-669c-41d5-94ea-e080bd68b2ef/ozone-meta/datanode-5/ratis] (custom)
2024-05-06 08:59:26,895 [fa7233c5-99c6-4a1a-a2f1-81d332223322-groupManagement] INFO  storage.RaftStorageDirectory (RaftStorageDirectoryImpl.java:analyzeStorage(138)) - The storage directory /home/runner/work/ozone/ozone/hadoop-ozone/integration-test/target/test-dir/MiniOzoneClusterImpl-f8a20603-669c-41d5-94ea-e080bd68b2ef/ozone-meta/datanode-5/ratis/2f94e1a1-2b39-455a-b934-1db2361a2323 does not exist. Creating ...
2024-05-06 08:59:26,895 [90b7064f-8397-4c9e-a509-54ea80c9149b-PipelineCommandHandlerThread-0] INFO  commandhandler.CreatePipelineCommandHandler (CreatePipelineCommandHandler.java:lambda$handle$2(124)) - Created Pipeline RATIS THREE PipelineID=bedcda76-b5f0-4b44-a916-8701510a3190.
2024-05-06 08:59:26,897 [fa7233c5-99c6-4a1a-a2f1-81d332223322-groupManagement] INFO  storage.RaftStorageDirectory (RaftStorageDirectoryImpl.java:tryLock(228)) - Lock on /home/runner/work/ozone/ozone/hadoop-ozone/integration-test/target/test-dir/MiniOzoneClusterImpl-f8a20603-669c-41d5-94ea-e080bd68b2ef/ozone-meta/datanode-5/ratis/2f94e1a1-2b39-455a-b934-1db2361a2323/in_use.lock acquired by nodename 54013@fv-az699-623
2024-05-06 08:59:26,898 [fa7233c5-99c6-4a1a-a2f1-81d332223322-groupManagement] INFO  storage.RaftStorage (RaftStorageImpl.java:format(99)) - Storage directory /home/runner/work/ozone/ozone/hadoop-ozone/integration-test/target/test-dir/MiniOzoneClusterImpl-f8a20603-669c-41d5-94ea-e080bd68b2ef/ozone-meta/datanode-5/ratis/2f94e1a1-2b39-455a-b934-1db2361a2323 has been successfully formatted.
2024-05-06 08:59:26,898 [fa7233c5-99c6-4a1a-a2f1-81d332223322-groupManagement] WARN  util.FileUtils (LogUtils.java:supplyAndLog(63)) - Failed to Files.newInputStream /home/runner/work/ozone/ozone/hadoop-ozone/integration-test/target/test-dir/MiniOzoneClusterImpl-f8a20603-669c-41d5-94ea-e080bd68b2ef/ozone-meta/datanode-5/ratis/2f94e1a1-2b39-455a-b934-1db2361a2323/current/raft-meta.conf with options []: java.nio.file.NoSuchFileException: /home/runner/work/ozone/ozone/hadoop-ozone/integration-test/target/test-dir/MiniOzoneClusterImpl-f8a20603-669c-41d5-94ea-e080bd68b2ef/ozone-meta/datanode-5/ratis/2f94e1a1-2b39-455a-b934-1db2361a2323/current/raft-meta.conf
2024-05-06 08:59:26,898 [fa7233c5-99c6-4a1a-a2f1-81d332223322-groupManagement] INFO  ratis.ContainerStateMachine (ContainerStateMachine.java:loadSnapshot(287)) - group-1DB2361A2323: The snapshot info is null. Setting the last applied index to:(t:0, i:~)
2024-05-06 08:59:26,898 [fa7233c5-99c6-4a1a-a2f1-81d332223322-groupManagement] INFO  server.RaftServerConfigKeys (ConfUtils.java:logGet(46)) - raft.server.log.use.memory = false (default)
2024-05-06 08:59:26,898 [fa7233c5-99c6-4a1a-a2f1-81d332223322-groupManagement] INFO  server.RaftServerConfigKeys (ConfUtils.java:logGet(46)) - raft.server.log.purge.gap = 1000000 (custom)
2024-05-06 08:59:26,898 [fa7233c5-99c6-4a1a-a2f1-81d332223322-groupManagement] INFO  server.RaftServerConfigKeys (ConfUtils.java:logGet(46)) - raft.server.log.appender.buffer.byte-limit = 8388608 (custom)
2024-05-06 08:59:26,898 [fa7233c5-99c6-4a1a-a2f1-81d332223322-groupManagement] INFO  server.RaftServerConfigKeys (ConfUtils.java:logGet(46)) - raft.server.log.statemachine.data.read.timeout = 1000ms (default)
2024-05-06 08:59:26,898 [fa7233c5-99c6-4a1a-a2f1-81d332223322-groupManagement] INFO  server.RaftServerConfigKeys (ConfUtils.java:logGet(46)) - raft.server.log.purge.preservation.log.num = 0 (default)
2024-05-06 08:59:26,900 [EventQueue-PipelineReportForPipelineReportHandler] INFO  pipeline.PipelineReportHandler (PipelineReportHandler.java:processPipelineReport(136)) - Opened pipeline PipelineID=2f94e1a1-2b39-455a-b934-1db2361a2323
2024-05-06 08:59:26,900 [fa7233c5-99c6-4a1a-a2f1-81d332223322-groupManagement] INFO  server.RaftServerConfigKeys (ConfUtils.java:logGet(46)) - raft.server.log.segment.size.max = 67108864 (custom)
2024-05-06 08:59:26,900 [EventQueue-OpenPipelineForHealthyPipelineSafeModeRule] INFO  safemode.SCMSafeModeManager (HealthyPipelineSafeModeRule.java:process(140)) - SCM in safe mode. Healthy pipelines reported count is 0, required healthy pipeline reported count is 1
2024-05-06 08:59:26,900 [fa7233c5-99c6-4a1a-a2f1-81d332223322-groupManagement] INFO  server.RaftServerConfigKeys (ConfUtils.java:logGet(46)) - raft.server.log.segment.cache.num.max = 2 (custom)
2024-05-06 08:59:26,900 [fa7233c5-99c6-4a1a-a2f1-81d332223322-groupManagement] INFO  server.RaftServerConfigKeys (ConfUtils.java:logGet(46)) - raft.server.log.segment.cache.size.max = 200MB (=209715200) (default)
2024-05-06 08:59:26,900 [fa7233c5-99c6-4a1a-a2f1-81d332223322-groupManagement] INFO  server.RaftServerConfigKeys (ConfUtils.java:logGet(46)) - raft.server.log.appender.buffer.byte-limit = 8388608 (custom)
2024-05-06 08:59:26,901 [fa7233c5-99c6-4a1a-a2f1-81d332223322-groupManagement] INFO  util.AwaitToRun (AwaitToRun.java:start(81)) - Thread[fa7233c5-99c6-4a1a-a2f1-81d332223322@group-1DB2361A2323-cacheEviction-AwaitToRun,5,main] started
2024-05-06 08:59:26,901 [fa7233c5-99c6-4a1a-a2f1-81d332223322-groupManagement] INFO  segmented.SegmentedRaftLogWorker (SegmentedRaftLogWorker.java:<init>(182)) - new fa7233c5-99c6-4a1a-a2f1-81d332223322@group-1DB2361A2323-SegmentedRaftLogWorker for RaftStorageImpl:Storage Directory /home/runner/work/ozone/ozone/hadoop-ozone/integration-test/target/test-dir/MiniOzoneClusterImpl-f8a20603-669c-41d5-94ea-e080bd68b2ef/ozone-meta/datanode-5/ratis/2f94e1a1-2b39-455a-b934-1db2361a2323
2024-05-06 08:59:26,901 [fa7233c5-99c6-4a1a-a2f1-81d332223322-groupManagement] INFO  server.RaftServerConfigKeys (ConfUtils.java:logGet(46)) - raft.server.log.queue.byte-limit = 4294967296 (custom)
2024-05-06 08:59:26,901 [fa7233c5-99c6-4a1a-a2f1-81d332223322-groupManagement] INFO  server.RaftServerConfigKeys (ConfUtils.java:logGet(46)) - raft.server.log.queue.element-limit = 1024 (custom)
2024-05-06 08:59:26,901 [fa7233c5-99c6-4a1a-a2f1-81d332223322-groupManagement] INFO  server.RaftServerConfigKeys (ConfUtils.java:logGet(46)) - raft.server.log.segment.size.max = 67108864 (custom)
2024-05-06 08:59:26,901 [fa7233c5-99c6-4a1a-a2f1-81d332223322-groupManagement] INFO  server.RaftServerConfigKeys (ConfUtils.java:logGet(46)) - raft.server.log.preallocated.size = 4194304 (custom)
2024-05-06 08:59:26,901 [fa7233c5-99c6-4a1a-a2f1-81d332223322-groupManagement] INFO  server.RaftServerConfigKeys (ConfUtils.java:logGet(46)) - raft.server.log.force.sync.num = 128 (default)
2024-05-06 08:59:26,901 [fa7233c5-99c6-4a1a-a2f1-81d332223322-groupManagement] INFO  server.RaftServerConfigKeys (ConfUtils.java:logGet(46)) - raft.server.log.statemachine.data.sync = true (default)
2024-05-06 08:59:26,901 [fa7233c5-99c6-4a1a-a2f1-81d332223322-groupManagement] INFO  server.RaftServerConfigKeys (ConfUtils.java:logGet(46)) - raft.server.log.statemachine.data.sync.timeout = 10s (default)
2024-05-06 08:59:26,901 [fa7233c5-99c6-4a1a-a2f1-81d332223322-groupManagement] INFO  server.RaftServerConfigKeys (ConfUtils.java:logGet(46)) - raft.server.log.statemachine.data.sync.timeout.retry = 30 (custom)
2024-05-06 08:59:26,901 [fa7233c5-99c6-4a1a-a2f1-81d332223322-groupManagement] INFO  server.RaftServerConfigKeys (ConfUtils.java:logGet(46)) - raft.server.log.write.buffer.size = 8388616 (custom)
2024-05-06 08:59:26,903 [fa7233c5-99c6-4a1a-a2f1-81d332223322-groupManagement] INFO  server.RaftServerConfigKeys (ConfUtils.java:logGet(46)) - raft.server.log.appender.buffer.byte-limit = 8388608 (custom)
2024-05-06 08:59:26,903 [fa7233c5-99c6-4a1a-a2f1-81d332223322-groupManagement] INFO  server.RaftServerConfigKeys (ConfUtils.java:logGet(46)) - raft.server.log.unsafe-flush.enabled = false (default)
2024-05-06 08:59:26,903 [fa7233c5-99c6-4a1a-a2f1-81d332223322-groupManagement] INFO  server.RaftServerConfigKeys (ConfUtils.java:logGet(46)) - raft.server.log.async-flush.enabled = false (default)
2024-05-06 08:59:26,903 [fa7233c5-99c6-4a1a-a2f1-81d332223322-groupManagement] INFO  server.RaftServerConfigKeys (ConfUtils.java:logGet(46)) - raft.server.log.statemachine.data.caching.enabled = true (custom)
2024-05-06 08:59:26,903 [fa7233c5-99c6-4a1a-a2f1-81d332223322-groupManagement] INFO  segmented.SegmentedRaftLogWorker (SegmentedRaftLogWorker.java:lambda$new$0(134)) - fa7233c5-99c6-4a1a-a2f1-81d332223322@group-1DB2361A2323-SegmentedRaftLogWorker: flushIndex: setUnconditionally 0 -> -1
2024-05-06 08:59:26,903 [fa7233c5-99c6-4a1a-a2f1-81d332223322-groupManagement] INFO  segmented.SegmentedRaftLogWorker (SegmentedRaftLogWorker.java:lambda$new$0(134)) - fa7233c5-99c6-4a1a-a2f1-81d332223322@group-1DB2361A2323-SegmentedRaftLogWorker: safeCacheEvictIndex: setUnconditionally 0 -> -1
2024-05-06 08:59:26,903 [fa7233c5-99c6-4a1a-a2f1-81d332223322-groupManagement] INFO  server.RaftServer$Division (RaftServerImpl.java:start(396)) - fa7233c5-99c6-4a1a-a2f1-81d332223322@group-1DB2361A2323: start as a follower, conf=-1: peers:[fa7233c5-99c6-4a1a-a2f1-81d332223322|127.0.0.1:15103]|listeners:[], old=null
2024-05-06 08:59:26,903 [fa7233c5-99c6-4a1a-a2f1-81d332223322-groupManagement] INFO  server.RaftServer$Division (RaftServerImpl.java:setRole(383)) - fa7233c5-99c6-4a1a-a2f1-81d332223322@group-1DB2361A2323: changes role from      null to FOLLOWER at term 0 for startAsFollower
2024-05-06 08:59:26,903 [fa7233c5-99c6-4a1a-a2f1-81d332223322-groupManagement] INFO  impl.RoleInfo (RoleInfo.java:updateAndGet(139)) - fa7233c5-99c6-4a1a-a2f1-81d332223322: start fa7233c5-99c6-4a1a-a2f1-81d332223322@group-1DB2361A2323-FollowerState
2024-05-06 08:59:26,903 [fa7233c5-99c6-4a1a-a2f1-81d332223322@group-1DB2361A2323-FollowerState] INFO  server.RaftServerConfigKeys (ConfUtils.java:logFallback(53)) - raft.server.rpc.first-election.timeout.min = 5s (fallback to raft.server.rpc.timeout.min)
2024-05-06 08:59:26,903 [fa7233c5-99c6-4a1a-a2f1-81d332223322-groupManagement] INFO  util.JmxRegister (JmxRegister.java:tryRegister(44)) - Successfully registered JMX Bean with object name Ratis:service=RaftServer,group=group-1DB2361A2323,id=fa7233c5-99c6-4a1a-a2f1-81d332223322
2024-05-06 08:59:26,904 [fa7233c5-99c6-4a1a-a2f1-81d332223322@group-1DB2361A2323-FollowerState] INFO  server.RaftServerConfigKeys (ConfUtils.java:logFallback(53)) - raft.server.rpc.first-election.timeout.max = 5200ms (fallback to raft.server.rpc.timeout.max)
2024-05-06 08:59:26,904 [fa7233c5-99c6-4a1a-a2f1-81d332223322-groupManagement] INFO  server.RaftServerConfigKeys (ConfUtils.java:logGet(46)) - raft.server.snapshot.trigger-when-stop.enabled = true (default)
2024-05-06 08:59:26,904 [fa7233c5-99c6-4a1a-a2f1-81d332223322-groupManagement] INFO  server.RaftServerConfigKeys (ConfUtils.java:logGet(46)) - raft.server.snapshot.auto.trigger.enabled = true (custom)
2024-05-06 08:59:26,904 [fa7233c5-99c6-4a1a-a2f1-81d332223322-groupManagement] INFO  server.RaftServerConfigKeys (ConfUtils.java:logGet(46)) - raft.server.snapshot.auto.trigger.threshold = 10000 (custom)
2024-05-06 08:59:26,904 [fa7233c5-99c6-4a1a-a2f1-81d332223322-groupManagement] INFO  server.RaftServerConfigKeys (ConfUtils.java:logGet(46)) - raft.server.snapshot.retention.file.num = 5 (custom)
2024-05-06 08:59:26,904 [fa7233c5-99c6-4a1a-a2f1-81d332223322-groupManagement] INFO  server.RaftServerConfigKeys (ConfUtils.java:logGet(46)) - raft.server.log.purge.upto.snapshot.index = false (default)
2024-05-06 08:59:26,904 [fa7233c5-99c6-4a1a-a2f1-81d332223322-PipelineCommandHandlerThread-0] INFO  ratis.XceiverServerRatis (XceiverServerRatis.java:addGroup(864)) - Created group PipelineID=2f94e1a1-2b39-455a-b934-1db2361a2323
2024-05-06 08:59:26,904 [fa7233c5-99c6-4a1a-a2f1-81d332223322-PipelineCommandHandlerThread-0] INFO  commandhandler.CreatePipelineCommandHandler (CreatePipelineCommandHandler.java:lambda$handle$2(124)) - Created Pipeline RATIS ONE PipelineID=2f94e1a1-2b39-455a-b934-1db2361a2323.
2024-05-06 08:59:27,880 [main] INFO  ozone.MiniOzoneClusterImpl (MiniOzoneClusterImpl.java:lambda$waitForClusterToBeReady$0(194)) - Nodes are ready. Got 5 of 5 DN Heartbeats.
2024-05-06 08:59:27,880 [main] INFO  ozone.MiniOzoneClusterImpl (MiniOzoneClusterImpl.java:lambda$waitForClusterToBeReady$0(197)) - Waiting for cluster to exit safe mode
2024-05-06 08:59:27,880 [main] INFO  ozone.MiniOzoneClusterImpl (MiniOzoneClusterImpl.java:lambda$waitForClusterToBeReady$0(199)) - SCM became leader
2024-05-06 08:59:28,881 [main] INFO  ozone.MiniOzoneClusterImpl (MiniOzoneClusterImpl.java:lambda$waitForClusterToBeReady$0(194)) - Nodes are ready. Got 5 of 5 DN Heartbeats.
2024-05-06 08:59:28,881 [main] INFO  ozone.MiniOzoneClusterImpl (MiniOzoneClusterImpl.java:lambda$waitForClusterToBeReady$0(197)) - Waiting for cluster to exit safe mode
2024-05-06 08:59:28,881 [main] INFO  ozone.MiniOzoneClusterImpl (MiniOzoneClusterImpl.java:lambda$waitForClusterToBeReady$0(199)) - SCM became leader
2024-05-06 08:59:29,881 [main] INFO  ozone.MiniOzoneClusterImpl (MiniOzoneClusterImpl.java:lambda$waitForClusterToBeReady$0(194)) - Nodes are ready. Got 5 of 5 DN Heartbeats.
2024-05-06 08:59:29,882 [main] INFO  ozone.MiniOzoneClusterImpl (MiniOzoneClusterImpl.java:lambda$waitForClusterToBeReady$0(197)) - Waiting for cluster to exit safe mode
2024-05-06 08:59:29,882 [main] INFO  ozone.MiniOzoneClusterImpl (MiniOzoneClusterImpl.java:lambda$waitForClusterToBeReady$0(199)) - SCM became leader
2024-05-06 08:59:30,882 [main] INFO  ozone.MiniOzoneClusterImpl (MiniOzoneClusterImpl.java:lambda$waitForClusterToBeReady$0(194)) - Nodes are ready. Got 5 of 5 DN Heartbeats.
2024-05-06 08:59:30,882 [main] INFO  ozone.MiniOzoneClusterImpl (MiniOzoneClusterImpl.java:lambda$waitForClusterToBeReady$0(197)) - Waiting for cluster to exit safe mode
2024-05-06 08:59:30,882 [main] INFO  ozone.MiniOzoneClusterImpl (MiniOzoneClusterImpl.java:lambda$waitForClusterToBeReady$0(199)) - SCM became leader
2024-05-06 08:59:31,714 [90b7064f-8397-4c9e-a509-54ea80c9149b@group-A9BF880E318F-FollowerState] INFO  impl.FollowerState (FollowerState.java:run(143)) - 90b7064f-8397-4c9e-a509-54ea80c9149b@group-A9BF880E318F-FollowerState: change to CANDIDATE, lastRpcElapsedTime:5098817300ns, electionTimeout:5098ms
2024-05-06 08:59:31,714 [90b7064f-8397-4c9e-a509-54ea80c9149b@group-A9BF880E318F-FollowerState] INFO  impl.RoleInfo (RoleInfo.java:shutdownFollowerState(110)) - 90b7064f-8397-4c9e-a509-54ea80c9149b: shutdown 90b7064f-8397-4c9e-a509-54ea80c9149b@group-A9BF880E318F-FollowerState
2024-05-06 08:59:31,714 [90b7064f-8397-4c9e-a509-54ea80c9149b@group-A9BF880E318F-FollowerState] INFO  server.RaftServer$Division (RaftServerImpl.java:setRole(383)) - 90b7064f-8397-4c9e-a509-54ea80c9149b@group-A9BF880E318F: changes role from  FOLLOWER to CANDIDATE at term 0 for changeToCandidate
2024-05-06 08:59:31,714 [90b7064f-8397-4c9e-a509-54ea80c9149b@group-A9BF880E318F-FollowerState] INFO  server.RaftServerConfigKeys (ConfUtils.java:logGet(46)) - raft.server.leaderelection.pre-vote = true (default)
2024-05-06 08:59:31,714 [90b7064f-8397-4c9e-a509-54ea80c9149b@group-A9BF880E318F-FollowerState] INFO  impl.RoleInfo (RoleInfo.java:updateAndGet(139)) - 90b7064f-8397-4c9e-a509-54ea80c9149b: start 90b7064f-8397-4c9e-a509-54ea80c9149b@group-A9BF880E318F-LeaderElection14
2024-05-06 08:59:31,715 [90b7064f-8397-4c9e-a509-54ea80c9149b@group-A9BF880E318F-LeaderElection14] INFO  impl.LeaderElection (LeaderElection.java:askForVotes(321)) - 90b7064f-8397-4c9e-a509-54ea80c9149b@group-A9BF880E318F-LeaderElection14 PRE_VOTE round 0: submit vote requests at term 0 for -1: peers:[0e9e7d01-6cef-4822-a23d-4188eb8fb4d0|127.0.0.1:15085, 90b7064f-8397-4c9e-a509-54ea80c9149b|127.0.0.1:15067, 784e0075-095e-4f49-808e-af9ec74479d6|127.0.0.1:15076]|listeners:[], old=null
2024-05-06 08:59:31,715 [90b7064f-8397-4c9e-a509-54ea80c9149b@group-A9BF880E318F-LeaderElection14-1] INFO  server.GrpcServerProtocolClient (GrpcServerProtocolClient.java:<init>(65)) - Build channel for 0e9e7d01-6cef-4822-a23d-4188eb8fb4d0|127.0.0.1:15085
2024-05-06 08:59:31,715 [90b7064f-8397-4c9e-a509-54ea80c9149b@group-A9BF880E318F-LeaderElection14-2] INFO  server.GrpcServerProtocolClient (GrpcServerProtocolClient.java:<init>(65)) - Build channel for 784e0075-095e-4f49-808e-af9ec74479d6|127.0.0.1:15076
2024-05-06 08:59:31,715 [90b7064f-8397-4c9e-a509-54ea80c9149b@group-A9BF880E318F-LeaderElection14] INFO  server.RaftServerConfigKeys (ConfUtils.java:logFallback(53)) - raft.server.rpc.first-election.timeout.min = 5s (fallback to raft.server.rpc.timeout.min)
2024-05-06 08:59:31,715 [90b7064f-8397-4c9e-a509-54ea80c9149b@group-A9BF880E318F-LeaderElection14] INFO  server.RaftServerConfigKeys (ConfUtils.java:logFallback(53)) - raft.server.rpc.first-election.timeout.max = 5200ms (fallback to raft.server.rpc.timeout.max)
2024-05-06 08:59:31,718 [784e0075-095e-4f49-808e-af9ec74479d6@group-5CFE60BBC8FA-FollowerState] INFO  impl.FollowerState (FollowerState.java:run(143)) - 784e0075-095e-4f49-808e-af9ec74479d6@group-5CFE60BBC8FA-FollowerState: change to CANDIDATE, lastRpcElapsedTime:5040323764ns, electionTimeout:5038ms
2024-05-06 08:59:31,718 [784e0075-095e-4f49-808e-af9ec74479d6@group-5CFE60BBC8FA-FollowerState] INFO  impl.RoleInfo (RoleInfo.java:shutdownFollowerState(110)) - 784e0075-095e-4f49-808e-af9ec74479d6: shutdown 784e0075-095e-4f49-808e-af9ec74479d6@group-5CFE60BBC8FA-FollowerState
2024-05-06 08:59:31,718 [784e0075-095e-4f49-808e-af9ec74479d6@group-5CFE60BBC8FA-FollowerState] INFO  server.RaftServer$Division (RaftServerImpl.java:setRole(383)) - 784e0075-095e-4f49-808e-af9ec74479d6@group-5CFE60BBC8FA: changes role from  FOLLOWER to CANDIDATE at term 0 for changeToCandidate
2024-05-06 08:59:31,718 [784e0075-095e-4f49-808e-af9ec74479d6@group-5CFE60BBC8FA-FollowerState] INFO  server.RaftServerConfigKeys (ConfUtils.java:logGet(46)) - raft.server.leaderelection.pre-vote = true (default)
2024-05-06 08:59:31,718 [784e0075-095e-4f49-808e-af9ec74479d6@group-5CFE60BBC8FA-FollowerState] INFO  impl.RoleInfo (RoleInfo.java:updateAndGet(139)) - 784e0075-095e-4f49-808e-af9ec74479d6: start 784e0075-095e-4f49-808e-af9ec74479d6@group-5CFE60BBC8FA-LeaderElection15
2024-05-06 08:59:31,719 [784e0075-095e-4f49-808e-af9ec74479d6@group-5CFE60BBC8FA-LeaderElection15] INFO  impl.LeaderElection (LeaderElection.java:askForVotes(321)) - 784e0075-095e-4f49-808e-af9ec74479d6@group-5CFE60BBC8FA-LeaderElection15 PRE_VOTE round 0: submit vote requests at term 0 for -1: peers:[784e0075-095e-4f49-808e-af9ec74479d6|127.0.0.1:15076]|listeners:[], old=null
2024-05-06 08:59:31,719 [784e0075-095e-4f49-808e-af9ec74479d6@group-5CFE60BBC8FA-LeaderElection15] INFO  impl.LeaderElection (LeaderElection.java:askForVotes(323)) - 784e0075-095e-4f49-808e-af9ec74479d6@group-5CFE60BBC8FA-LeaderElection15 PRE_VOTE round 0: result PASSED (term=0)
2024-05-06 08:59:31,720 [grpc-default-executor-1] INFO  server.RaftServer$Division (RaftServerImpl.java:requestVote(1389)) - 784e0075-095e-4f49-808e-af9ec74479d6@group-A9BF880E318F: receive requestVote(PRE_VOTE, 90b7064f-8397-4c9e-a509-54ea80c9149b, group-A9BF880E318F, 0, (t:0, i:0))
2024-05-06 08:59:31,720 [784e0075-095e-4f49-808e-af9ec74479d6@group-5CFE60BBC8FA-LeaderElection15] INFO  impl.LeaderElection (LeaderElection.java:askForVotes(321)) - 784e0075-095e-4f49-808e-af9ec74479d6@group-5CFE60BBC8FA-LeaderElection15 ELECTION round 0: submit vote requests at term 1 for -1: peers:[784e0075-095e-4f49-808e-af9ec74479d6|127.0.0.1:15076]|listeners:[], old=null
2024-05-06 08:59:31,720 [784e0075-095e-4f49-808e-af9ec74479d6@group-5CFE60BBC8FA-LeaderElection15] INFO  impl.LeaderElection (LeaderElection.java:askForVotes(323)) - 784e0075-095e-4f49-808e-af9ec74479d6@group-5CFE60BBC8FA-LeaderElection15 ELECTION round 0: result PASSED (term=1)
2024-05-06 08:59:31,720 [grpc-default-executor-0] INFO  server.RaftServer$Division (RaftServerImpl.java:requestVote(1389)) - 0e9e7d01-6cef-4822-a23d-4188eb8fb4d0@group-A9BF880E318F: receive requestVote(PRE_VOTE, 90b7064f-8397-4c9e-a509-54ea80c9149b, group-A9BF880E318F, 0, (t:0, i:0))
2024-05-06 08:59:31,720 [784e0075-095e-4f49-808e-af9ec74479d6@group-5CFE60BBC8FA-LeaderElection15] INFO  impl.RoleInfo (RoleInfo.java:shutdownLeaderElection(130)) - 784e0075-095e-4f49-808e-af9ec74479d6: shutdown 784e0075-095e-4f49-808e-af9ec74479d6@group-5CFE60BBC8FA-LeaderElection15
2024-05-06 08:59:31,720 [grpc-default-executor-0] INFO  impl.VoteContext (VoteContext.java:log(49)) - 0e9e7d01-6cef-4822-a23d-4188eb8fb4d0@group-A9BF880E318F-FOLLOWER: accept PRE_VOTE from 90b7064f-8397-4c9e-a509-54ea80c9149b: our priority 0 <= candidate's priority 1
2024-05-06 08:59:31,720 [grpc-default-executor-1] INFO  impl.VoteContext (VoteContext.java:log(49)) - 784e0075-095e-4f49-808e-af9ec74479d6@group-A9BF880E318F-FOLLOWER: accept PRE_VOTE from 90b7064f-8397-4c9e-a509-54ea80c9149b: our priority 0 <= candidate's priority 1
2024-05-06 08:59:31,721 [grpc-default-executor-0] INFO  server.RaftServer$Division (RaftServerImpl.java:requestVote(1422)) - 0e9e7d01-6cef-4822-a23d-4188eb8fb4d0@group-A9BF880E318F replies to PRE_VOTE vote request: 90b7064f-8397-4c9e-a509-54ea80c9149b<-0e9e7d01-6cef-4822-a23d-4188eb8fb4d0#0:OK-t0. Peer's state: 0e9e7d01-6cef-4822-a23d-4188eb8fb4d0@group-A9BF880E318F:t0, leader=null, voted=, raftlog=Memoized:0e9e7d01-6cef-4822-a23d-4188eb8fb4d0@group-A9BF880E318F-SegmentedRaftLog:OPENED:c-1, conf=-1: peers:[0e9e7d01-6cef-4822-a23d-4188eb8fb4d0|127.0.0.1:15085, 90b7064f-8397-4c9e-a509-54ea80c9149b|127.0.0.1:15067, 784e0075-095e-4f49-808e-af9ec74479d6|127.0.0.1:15076]|listeners:[], old=null
2024-05-06 08:59:31,721 [grpc-default-executor-1] INFO  server.RaftServer$Division (RaftServerImpl.java:requestVote(1422)) - 784e0075-095e-4f49-808e-af9ec74479d6@group-A9BF880E318F replies to PRE_VOTE vote request: 90b7064f-8397-4c9e-a509-54ea80c9149b<-784e0075-095e-4f49-808e-af9ec74479d6#0:OK-t0. Peer's state: 784e0075-095e-4f49-808e-af9ec74479d6@group-A9BF880E318F:t0, leader=null, voted=, raftlog=Memoized:784e0075-095e-4f49-808e-af9ec74479d6@group-A9BF880E318F-SegmentedRaftLog:OPENED:c-1, conf=-1: peers:[0e9e7d01-6cef-4822-a23d-4188eb8fb4d0|127.0.0.1:15085, 90b7064f-8397-4c9e-a509-54ea80c9149b|127.0.0.1:15067, 784e0075-095e-4f49-808e-af9ec74479d6|127.0.0.1:15076]|listeners:[], old=null
2024-05-06 08:59:31,720 [784e0075-095e-4f49-808e-af9ec74479d6@group-5CFE60BBC8FA-LeaderElection15] INFO  server.RaftServer$Division (RaftServerImpl.java:setRole(383)) - 784e0075-095e-4f49-808e-af9ec74479d6@group-5CFE60BBC8FA: changes role from CANDIDATE to LEADER at term 1 for changeToLeader
2024-05-06 08:59:31,721 [784e0075-095e-4f49-808e-af9ec74479d6@group-5CFE60BBC8FA-LeaderElection15] INFO  server.RaftServerConfigKeys (ConfUtils.java:logGet(46)) - raft.server.staging.catchup.gap = 1000 (default)
2024-05-06 08:59:31,721 [784e0075-095e-4f49-808e-af9ec74479d6@group-5CFE60BBC8FA-LeaderElection15] INFO  server.RaftServerConfigKeys (ConfUtils.java:logGet(46)) - raft.server.write.element-limit = 1024 (custom)
2024-05-06 08:59:31,722 [784e0075-095e-4f49-808e-af9ec74479d6@group-5CFE60BBC8FA-LeaderElection15] INFO  server.RaftServerConfigKeys (ConfUtils.java:logGet(46)) - raft.server.write.byte-limit = 1024 M (=1073741824) (custom)
2024-05-06 08:59:31,722 [784e0075-095e-4f49-808e-af9ec74479d6@group-5CFE60BBC8FA-LeaderElection15] INFO  server.RaftServerConfigKeys (ConfUtils.java:logGet(46)) - raft.server.watch.timeout = 3000ms (custom)
2024-05-06 08:59:31,722 [784e0075-095e-4f49-808e-af9ec74479d6@group-5CFE60BBC8FA-LeaderElection15] INFO  server.RaftServerConfigKeys (ConfUtils.java:logGet(46)) - raft.server.watch.timeout.denomination = 1s (default)
2024-05-06 08:59:31,722 [784e0075-095e-4f49-808e-af9ec74479d6@group-5CFE60BBC8FA-LeaderElection15] INFO  server.RaftServerConfigKeys (ConfUtils.java:logGet(46)) - raft.server.watch.element-limit = 65536 (default)
2024-05-06 08:59:31,722 [784e0075-095e-4f49-808e-af9ec74479d6@group-5CFE60BBC8FA-LeaderElection15] INFO  server.RaftServerConfigKeys (ConfUtils.java:logGet(46)) - raft.server.read.leader.lease.enabled = false (default)
2024-05-06 08:59:31,722 [784e0075-095e-4f49-808e-af9ec74479d6@group-5CFE60BBC8FA-LeaderElection15] INFO  server.RaftServerConfigKeys (ConfUtils.java:logGet(46)) - raft.server.read.leader.lease.timeout.ratio = 0.9 (default)
2024-05-06 08:59:31,722 [784e0075-095e-4f49-808e-af9ec74479d6@group-5CFE60BBC8FA-LeaderElection15] INFO  server.RaftServerConfigKeys (ConfUtils.java:logGet(46)) - raft.server.rpc.timeout.min = 5s (custom)
2024-05-06 08:59:31,722 [784e0075-095e-4f49-808e-af9ec74479d6@group-5CFE60BBC8FA-LeaderElection15] INFO  server.RaftServerConfigKeys (ConfUtils.java:logGet(46)) - raft.server.write.element-limit = 1024 (custom)
2024-05-06 08:59:31,722 [784e0075-095e-4f49-808e-af9ec74479d6@group-5CFE60BBC8FA-LeaderElection15] INFO  server.RaftServerConfigKeys (ConfUtils.java:logGet(46)) - raft.server.write.follower.gap.ratio.max = -1.0 (default)
2024-05-06 08:59:31,722 [784e0075-095e-4f49-808e-af9ec74479d6@group-5CFE60BBC8FA-LeaderElection15] INFO  impl.RoleInfo (RoleInfo.java:updateAndGet(139)) - 784e0075-095e-4f49-808e-af9ec74479d6: start 784e0075-095e-4f49-808e-af9ec74479d6@group-5CFE60BBC8FA-LeaderStateImpl
2024-05-06 08:59:31,722 [784e0075-095e-4f49-808e-af9ec74479d6@group-5CFE60BBC8FA-LeaderElection15] INFO  server.RaftServer$Division (RaftServerImpl.java:setFirstElection(574)) - 784e0075-095e-4f49-808e-af9ec74479d6@group-5CFE60BBC8FA: set firstElectionSinceStartup to false for becomeLeader
2024-05-06 08:59:31,722 [784e0075-095e-4f49-808e-af9ec74479d6@group-5CFE60BBC8FA-LeaderElection15] INFO  ratis.XceiverServerRatis (XceiverServerRatis.java:handleLeaderChangedNotification(966)) - Leader change notification received for group: group-5CFE60BBC8FA with new leaderId: 784e0075-095e-4f49-808e-af9ec74479d6
2024-05-06 08:59:31,723 [784e0075-095e-4f49-808e-af9ec74479d6@group-5CFE60BBC8FA-LeaderElection15] INFO  server.RaftServer$Division (ServerState.java:setLeader(269)) - 784e0075-095e-4f49-808e-af9ec74479d6@group-5CFE60BBC8FA: change Leader from null to 784e0075-095e-4f49-808e-af9ec74479d6 at term 1 for becomeLeader, leader elected after 5060ms
2024-05-06 08:59:31,723 [784e0075-095e-4f49-808e-af9ec74479d6@group-5CFE60BBC8FA-LeaderElection15] INFO  segmented.SegmentedRaftLogWorker (SegmentedRaftLogWorker.java:startLogSegment(430)) - 784e0075-095e-4f49-808e-af9ec74479d6@group-5CFE60BBC8FA-SegmentedRaftLogWorker: Starting segment from index:0
2024-05-06 08:59:31,723 [784e0075-095e-4f49-808e-af9ec74479d6@group-5CFE60BBC8FA-SegmentedRaftLogWorker] INFO  segmented.BufferedWriteChannel (BufferedWriteChannel.java:open(62)) - open log_inprogress_0 at position 0
2024-05-06 08:59:31,725 [90b7064f-8397-4c9e-a509-54ea80c9149b@group-A9BF880E318F-LeaderElection14] INFO  impl.LeaderElection (LeaderElection.java:logAndReturn(89)) - 90b7064f-8397-4c9e-a509-54ea80c9149b@group-A9BF880E318F-LeaderElection14: PRE_VOTE PASSED received 1 response(s) and 0 exception(s):
2024-05-06 08:59:31,725 [90b7064f-8397-4c9e-a509-54ea80c9149b@group-A9BF880E318F-LeaderElection14] INFO  impl.LeaderElection (LeaderElection.java:logAndReturn(93)) -   Response 0: 90b7064f-8397-4c9e-a509-54ea80c9149b<-0e9e7d01-6cef-4822-a23d-4188eb8fb4d0#0:OK-t0
2024-05-06 08:59:31,726 [90b7064f-8397-4c9e-a509-54ea80c9149b@group-A9BF880E318F-LeaderElection14] INFO  impl.LeaderElection (LeaderElection.java:askForVotes(323)) - 90b7064f-8397-4c9e-a509-54ea80c9149b@group-A9BF880E318F-LeaderElection14 PRE_VOTE round 0: result PASSED
2024-05-06 08:59:31,727 [90b7064f-8397-4c9e-a509-54ea80c9149b@group-A9BF880E318F-LeaderElection14] INFO  impl.LeaderElection (LeaderElection.java:askForVotes(321)) - 90b7064f-8397-4c9e-a509-54ea80c9149b@group-A9BF880E318F-LeaderElection14 ELECTION round 0: submit vote requests at term 1 for -1: peers:[0e9e7d01-6cef-4822-a23d-4188eb8fb4d0|127.0.0.1:15085, 90b7064f-8397-4c9e-a509-54ea80c9149b|127.0.0.1:15067, 784e0075-095e-4f49-808e-af9ec74479d6|127.0.0.1:15076]|listeners:[], old=null
2024-05-06 08:59:31,727 [EventQueue-OpenPipelineForHealthyPipelineSafeModeRule] INFO  safemode.SCMSafeModeManager (HealthyPipelineSafeModeRule.java:process(140)) - SCM in safe mode. Healthy pipelines reported count is 0, required healthy pipeline reported count is 1
2024-05-06 08:59:31,728 [784e0075-095e-4f49-808e-af9ec74479d6@group-5CFE60BBC8FA-LeaderElection15] INFO  server.RaftServer$Division (ServerState.java:setRaftConf(386)) - 784e0075-095e-4f49-808e-af9ec74479d6@group-5CFE60BBC8FA: set configuration 0: peers:[784e0075-095e-4f49-808e-af9ec74479d6|127.0.0.1:15076]|listeners:[], old=null
2024-05-06 08:59:31,728 [90b7064f-8397-4c9e-a509-54ea80c9149b@group-A9BF880E318F-LeaderElection14] INFO  server.RaftServerConfigKeys (ConfUtils.java:logFallback(53)) - raft.server.rpc.first-election.timeout.min = 5s (fallback to raft.server.rpc.timeout.min)
2024-05-06 08:59:31,729 [90b7064f-8397-4c9e-a509-54ea80c9149b@group-A9BF880E318F-LeaderElection14] INFO  server.RaftServerConfigKeys (ConfUtils.java:logFallback(53)) - raft.server.rpc.first-election.timeout.max = 5200ms (fallback to raft.server.rpc.timeout.max)
2024-05-06 08:59:31,729 [grpc-default-executor-1] INFO  server.RaftServer$Division (RaftServerImpl.java:requestVote(1389)) - 0e9e7d01-6cef-4822-a23d-4188eb8fb4d0@group-A9BF880E318F: receive requestVote(ELECTION, 90b7064f-8397-4c9e-a509-54ea80c9149b, group-A9BF880E318F, 1, (t:0, i:0))
2024-05-06 08:59:31,729 [grpc-default-executor-0] INFO  server.RaftServer$Division (RaftServerImpl.java:requestVote(1389)) - 784e0075-095e-4f49-808e-af9ec74479d6@group-A9BF880E318F: receive requestVote(ELECTION, 90b7064f-8397-4c9e-a509-54ea80c9149b, group-A9BF880E318F, 1, (t:0, i:0))
2024-05-06 08:59:31,730 [grpc-default-executor-1] INFO  impl.VoteContext (VoteContext.java:log(49)) - 0e9e7d01-6cef-4822-a23d-4188eb8fb4d0@group-A9BF880E318F-FOLLOWER: accept ELECTION from 90b7064f-8397-4c9e-a509-54ea80c9149b: our priority 0 <= candidate's priority 1
2024-05-06 08:59:31,730 [grpc-default-executor-0] INFO  impl.VoteContext (VoteContext.java:log(49)) - 784e0075-095e-4f49-808e-af9ec74479d6@group-A9BF880E318F-FOLLOWER: accept ELECTION from 90b7064f-8397-4c9e-a509-54ea80c9149b: our priority 0 <= candidate's priority 1
2024-05-06 08:59:31,730 [grpc-default-executor-1] INFO  server.RaftServer$Division (RaftServerImpl.java:setRole(383)) - 0e9e7d01-6cef-4822-a23d-4188eb8fb4d0@group-A9BF880E318F: changes role from  FOLLOWER to FOLLOWER at term 1 for candidate:90b7064f-8397-4c9e-a509-54ea80c9149b
2024-05-06 08:59:31,730 [grpc-default-executor-0] INFO  server.RaftServer$Division (RaftServerImpl.java:setRole(383)) - 784e0075-095e-4f49-808e-af9ec74479d6@group-A9BF880E318F: changes role from  FOLLOWER to FOLLOWER at term 1 for candidate:90b7064f-8397-4c9e-a509-54ea80c9149b
2024-05-06 08:59:31,730 [grpc-default-executor-0] INFO  impl.RoleInfo (RoleInfo.java:shutdownFollowerState(110)) - 784e0075-095e-4f49-808e-af9ec74479d6: shutdown 784e0075-095e-4f49-808e-af9ec74479d6@group-A9BF880E318F-FollowerState
2024-05-06 08:59:31,730 [grpc-default-executor-1] INFO  impl.RoleInfo (RoleInfo.java:shutdownFollowerState(110)) - 0e9e7d01-6cef-4822-a23d-4188eb8fb4d0: shutdown 0e9e7d01-6cef-4822-a23d-4188eb8fb4d0@group-A9BF880E318F-FollowerState
2024-05-06 08:59:31,730 [grpc-default-executor-1] INFO  impl.RoleInfo (RoleInfo.java:updateAndGet(139)) - 0e9e7d01-6cef-4822-a23d-4188eb8fb4d0: start 0e9e7d01-6cef-4822-a23d-4188eb8fb4d0@group-A9BF880E318F-FollowerState
2024-05-06 08:59:31,730 [grpc-default-executor-0] INFO  impl.RoleInfo (RoleInfo.java:updateAndGet(139)) - 784e0075-095e-4f49-808e-af9ec74479d6: start 784e0075-095e-4f49-808e-af9ec74479d6@group-A9BF880E318F-FollowerState
2024-05-06 08:59:31,730 [0e9e7d01-6cef-4822-a23d-4188eb8fb4d0@group-A9BF880E318F-FollowerState] INFO  impl.FollowerState (FollowerState.java:run(152)) - 0e9e7d01-6cef-4822-a23d-4188eb8fb4d0@group-A9BF880E318F-FollowerState was interrupted
2024-05-06 08:59:31,730 [784e0075-095e-4f49-808e-af9ec74479d6@group-A9BF880E318F-FollowerState] INFO  impl.FollowerState (FollowerState.java:run(152)) - 784e0075-095e-4f49-808e-af9ec74479d6@group-A9BF880E318F-FollowerState was interrupted
2024-05-06 08:59:31,730 [grpc-default-executor-0] INFO  server.RaftServer$Division (RaftServerImpl.java:setFirstElection(574)) - 784e0075-095e-4f49-808e-af9ec74479d6@group-A9BF880E318F: set firstElectionSinceStartup to false for candidate:90b7064f-8397-4c9e-a509-54ea80c9149b
2024-05-06 08:59:31,732 [784e0075-095e-4f49-808e-af9ec74479d6@group-5CFE60BBC8FA-SegmentedRaftLogWorker] INFO  segmented.SegmentedRaftLogWorker (SegmentedRaftLogWorker.java:execute(634)) - 784e0075-095e-4f49-808e-af9ec74479d6@group-5CFE60BBC8FA-SegmentedRaftLogWorker: created new log segment /home/runner/work/ozone/ozone/hadoop-ozone/integration-test/target/test-dir/MiniOzoneClusterImpl-f8a20603-669c-41d5-94ea-e080bd68b2ef/ozone-meta/datanode-2/ratis/4e261f18-1c4a-4e78-8ec9-5cfe60bbc8fa/current/log_inprogress_0
2024-05-06 08:59:31,732 [grpc-default-executor-0] INFO  server.RaftServer$Division (RaftServerImpl.java:requestVote(1422)) - 784e0075-095e-4f49-808e-af9ec74479d6@group-A9BF880E318F replies to ELECTION vote request: 90b7064f-8397-4c9e-a509-54ea80c9149b<-784e0075-095e-4f49-808e-af9ec74479d6#0:OK-t1. Peer's state: 784e0075-095e-4f49-808e-af9ec74479d6@group-A9BF880E318F:t1, leader=null, voted=90b7064f-8397-4c9e-a509-54ea80c9149b, raftlog=Memoized:784e0075-095e-4f49-808e-af9ec74479d6@group-A9BF880E318F-SegmentedRaftLog:OPENED:c-1, conf=-1: peers:[0e9e7d01-6cef-4822-a23d-4188eb8fb4d0|127.0.0.1:15085, 90b7064f-8397-4c9e-a509-54ea80c9149b|127.0.0.1:15067, 784e0075-095e-4f49-808e-af9ec74479d6|127.0.0.1:15076]|listeners:[], old=null
2024-05-06 08:59:31,732 [grpc-default-executor-1] INFO  server.RaftServer$Division (RaftServerImpl.java:setFirstElection(574)) - 0e9e7d01-6cef-4822-a23d-4188eb8fb4d0@group-A9BF880E318F: set firstElectionSinceStartup to false for candidate:90b7064f-8397-4c9e-a509-54ea80c9149b
2024-05-06 08:59:31,733 [grpc-default-executor-1] INFO  server.RaftServer$Division (RaftServerImpl.java:requestVote(1422)) - 0e9e7d01-6cef-4822-a23d-4188eb8fb4d0@group-A9BF880E318F replies to ELECTION vote request: 90b7064f-8397-4c9e-a509-54ea80c9149b<-0e9e7d01-6cef-4822-a23d-4188eb8fb4d0#0:OK-t1. Peer's state: 0e9e7d01-6cef-4822-a23d-4188eb8fb4d0@group-A9BF880E318F:t1, leader=null, voted=90b7064f-8397-4c9e-a509-54ea80c9149b, raftlog=Memoized:0e9e7d01-6cef-4822-a23d-4188eb8fb4d0@group-A9BF880E318F-SegmentedRaftLog:OPENED:c-1, conf=-1: peers:[0e9e7d01-6cef-4822-a23d-4188eb8fb4d0|127.0.0.1:15085, 90b7064f-8397-4c9e-a509-54ea80c9149b|127.0.0.1:15067, 784e0075-095e-4f49-808e-af9ec74479d6|127.0.0.1:15076]|listeners:[], old=null
2024-05-06 08:59:31,734 [90b7064f-8397-4c9e-a509-54ea80c9149b@group-A9BF880E318F-LeaderElection14] INFO  impl.LeaderElection (LeaderElection.java:logAndReturn(89)) - 90b7064f-8397-4c9e-a509-54ea80c9149b@group-A9BF880E318F-LeaderElection14: ELECTION PASSED received 1 response(s) and 0 exception(s):
2024-05-06 08:59:31,734 [90b7064f-8397-4c9e-a509-54ea80c9149b@group-A9BF880E318F-LeaderElection14] INFO  impl.LeaderElection (LeaderElection.java:logAndReturn(93)) -   Response 0: 90b7064f-8397-4c9e-a509-54ea80c9149b<-0e9e7d01-6cef-4822-a23d-4188eb8fb4d0#0:OK-t1
2024-05-06 08:59:31,734 [90b7064f-8397-4c9e-a509-54ea80c9149b@group-A9BF880E318F-LeaderElection14] INFO  impl.LeaderElection (LeaderElection.java:askForVotes(323)) - 90b7064f-8397-4c9e-a509-54ea80c9149b@group-A9BF880E318F-LeaderElection14 ELECTION round 0: result PASSED
2024-05-06 08:59:31,734 [90b7064f-8397-4c9e-a509-54ea80c9149b@group-A9BF880E318F-LeaderElection14] INFO  impl.RoleInfo (RoleInfo.java:shutdownLeaderElection(130)) - 90b7064f-8397-4c9e-a509-54ea80c9149b: shutdown 90b7064f-8397-4c9e-a509-54ea80c9149b@group-A9BF880E318F-LeaderElection14
2024-05-06 08:59:31,734 [90b7064f-8397-4c9e-a509-54ea80c9149b@group-A9BF880E318F-LeaderElection14] INFO  server.RaftServer$Division (RaftServerImpl.java:setRole(383)) - 90b7064f-8397-4c9e-a509-54ea80c9149b@group-A9BF880E318F: changes role from CANDIDATE to LEADER at term 1 for changeToLeader
2024-05-06 08:59:31,734 [90b7064f-8397-4c9e-a509-54ea80c9149b@group-A9BF880E318F-LeaderElection14] INFO  server.RaftServerConfigKeys (ConfUtils.java:logGet(46)) - raft.server.staging.catchup.gap = 1000 (default)
2024-05-06 08:59:31,734 [90b7064f-8397-4c9e-a509-54ea80c9149b@group-A9BF880E318F-LeaderElection14] INFO  server.RaftServerConfigKeys (ConfUtils.java:logGet(46)) - raft.server.write.element-limit = 1024 (custom)
2024-05-06 08:59:31,734 [90b7064f-8397-4c9e-a509-54ea80c9149b@group-A9BF880E318F-LeaderElection14] INFO  server.RaftServerConfigKeys (ConfUtils.java:logGet(46)) - raft.server.write.byte-limit = 1024 M (=1073741824) (custom)
2024-05-06 08:59:31,735 [90b7064f-8397-4c9e-a509-54ea80c9149b@group-A9BF880E318F-LeaderElection14] INFO  server.RaftServerConfigKeys (ConfUtils.java:logGet(46)) - raft.server.watch.timeout = 3000ms (custom)
2024-05-06 08:59:31,735 [90b7064f-8397-4c9e-a509-54ea80c9149b@group-A9BF880E318F-LeaderElection14] INFO  server.RaftServerConfigKeys (ConfUtils.java:logGet(46)) - raft.server.watch.timeout.denomination = 1s (default)
2024-05-06 08:59:31,735 [90b7064f-8397-4c9e-a509-54ea80c9149b@group-A9BF880E318F-LeaderElection14] INFO  server.RaftServerConfigKeys (ConfUtils.java:logGet(46)) - raft.server.watch.element-limit = 65536 (default)
2024-05-06 08:59:31,735 [90b7064f-8397-4c9e-a509-54ea80c9149b@group-A9BF880E318F-LeaderElection14] INFO  server.RaftServerConfigKeys (ConfUtils.java:logGet(46)) - raft.server.read.leader.lease.enabled = false (default)
2024-05-06 08:59:31,735 [90b7064f-8397-4c9e-a509-54ea80c9149b@group-A9BF880E318F-LeaderElection14] INFO  server.RaftServerConfigKeys (ConfUtils.java:logGet(46)) - raft.server.read.leader.lease.timeout.ratio = 0.9 (default)
2024-05-06 08:59:31,735 [90b7064f-8397-4c9e-a509-54ea80c9149b@group-A9BF880E318F-LeaderElection14] INFO  server.RaftServerConfigKeys (ConfUtils.java:logGet(46)) - raft.server.rpc.timeout.min = 5s (custom)
2024-05-06 08:59:31,735 [90b7064f-8397-4c9e-a509-54ea80c9149b@group-A9BF880E318F-LeaderElection14] INFO  server.RaftServerConfigKeys (ConfUtils.java:logGet(46)) - raft.server.write.element-limit = 1024 (custom)
2024-05-06 08:59:31,735 [90b7064f-8397-4c9e-a509-54ea80c9149b@group-A9BF880E318F-LeaderElection14] INFO  server.RaftServerConfigKeys (ConfUtils.java:logGet(46)) - raft.server.write.follower.gap.ratio.max = -1.0 (default)
2024-05-06 08:59:31,735 [90b7064f-8397-4c9e-a509-54ea80c9149b@group-A9BF880E318F-LeaderElection14] INFO  server.RaftServerConfigKeys (ConfUtils.java:logGet(46)) - raft.server.log.appender.snapshot.chunk.size.max = 16MB (=16777216) (default)
2024-05-06 08:59:31,736 [90b7064f-8397-4c9e-a509-54ea80c9149b@group-A9BF880E318F-LeaderElection14] INFO  server.RaftServerConfigKeys (ConfUtils.java:logGet(46)) - raft.server.log.appender.buffer.byte-limit = 8388608 (custom)
2024-05-06 08:59:31,736 [90b7064f-8397-4c9e-a509-54ea80c9149b@group-A9BF880E318F-LeaderElection14] INFO  server.RaftServerConfigKeys (ConfUtils.java:logGet(46)) - raft.server.log.appender.buffer.element-limit = 1 (custom)
2024-05-06 08:59:31,736 [90b7064f-8397-4c9e-a509-54ea80c9149b@group-A9BF880E318F-LeaderElection14] INFO  server.RaftServerConfigKeys (ConfUtils.java:logGet(46)) - raft.server.log.appender.wait-time.min = 0ms (custom)
2024-05-06 08:59:31,736 [90b7064f-8397-4c9e-a509-54ea80c9149b@group-A9BF880E318F-LeaderElection14] INFO  grpc.GrpcConfigKeys (ConfUtils.java:logGet(46)) - raft.grpc.server.leader.outstanding.appends.max = 8 (default)
2024-05-06 08:59:31,736 [90b7064f-8397-4c9e-a509-54ea80c9149b@group-A9BF880E318F-LeaderElection14] INFO  server.RaftServerConfigKeys (ConfUtils.java:logGet(46)) - raft.server.rpc.request.timeout = 3000ms (default)
2024-05-06 08:59:31,736 [90b7064f-8397-4c9e-a509-54ea80c9149b@group-A9BF880E318F-LeaderElection14] INFO  grpc.GrpcConfigKeys (ConfUtils.java:logGet(46)) - raft.grpc.server.install_snapshot.request.element-limit = 8 (default)
2024-05-06 08:59:31,736 [90b7064f-8397-4c9e-a509-54ea80c9149b@group-A9BF880E318F-LeaderElection14] INFO  grpc.GrpcConfigKeys (ConfUtils.java:logGet(46)) - raft.grpc.server.install_snapshot.request.timeout = 3000ms (default)
2024-05-06 08:59:31,736 [90b7064f-8397-4c9e-a509-54ea80c9149b@group-A9BF880E318F-LeaderElection14] INFO  grpc.GrpcConfigKeys (ConfUtils.java:logGet(46)) - raft.grpc.server.log-message.batch.duration = 5s (default)
2024-05-06 08:59:31,736 [90b7064f-8397-4c9e-a509-54ea80c9149b@group-A9BF880E318F-LeaderElection14] INFO  server.RaftServerConfigKeys (ConfUtils.java:logGet(46)) - raft.server.log.appender.install.snapshot.enabled = false (custom)
2024-05-06 08:59:31,736 [90b7064f-8397-4c9e-a509-54ea80c9149b@group-A9BF880E318F-LeaderElection14] INFO  grpc.GrpcConfigKeys (ConfUtils.java:logGet(46)) - raft.grpc.server.heartbeat.channel = true (default)
2024-05-06 08:59:31,737 [90b7064f-8397-4c9e-a509-54ea80c9149b@group-A9BF880E318F-LeaderElection14] INFO  server.RaftServerConfigKeys (ConfUtils.java:logGet(46)) - raft.server.log.appender.snapshot.chunk.size.max = 16MB (=16777216) (default)
2024-05-06 08:59:31,737 [90b7064f-8397-4c9e-a509-54ea80c9149b@group-A9BF880E318F-LeaderElection14] INFO  server.RaftServerConfigKeys (ConfUtils.java:logGet(46)) - raft.server.log.appender.buffer.byte-limit = 8388608 (custom)
2024-05-06 08:59:31,737 [90b7064f-8397-4c9e-a509-54ea80c9149b@group-A9BF880E318F-LeaderElection14] INFO  server.RaftServerConfigKeys (ConfUtils.java:logGet(46)) - raft.server.log.appender.buffer.element-limit = 1 (custom)
2024-05-06 08:59:31,737 [90b7064f-8397-4c9e-a509-54ea80c9149b@group-A9BF880E318F-LeaderElection14] INFO  server.RaftServerConfigKeys (ConfUtils.java:logGet(46)) - raft.server.log.appender.wait-time.min = 0ms (custom)
2024-05-06 08:59:31,737 [90b7064f-8397-4c9e-a509-54ea80c9149b@group-A9BF880E318F-LeaderElection14] INFO  grpc.GrpcConfigKeys (ConfUtils.java:logGet(46)) - raft.grpc.server.leader.outstanding.appends.max = 8 (default)
2024-05-06 08:59:31,737 [90b7064f-8397-4c9e-a509-54ea80c9149b@group-A9BF880E318F-LeaderElection14] INFO  server.RaftServerConfigKeys (ConfUtils.java:logGet(46)) - raft.server.rpc.request.timeout = 3000ms (default)
2024-05-06 08:59:31,737 [90b7064f-8397-4c9e-a509-54ea80c9149b@group-A9BF880E318F-LeaderElection14] INFO  grpc.GrpcConfigKeys (ConfUtils.java:logGet(46)) - raft.grpc.server.install_snapshot.request.element-limit = 8 (default)
2024-05-06 08:59:31,737 [90b7064f-8397-4c9e-a509-54ea80c9149b@group-A9BF880E318F-LeaderElection14] INFO  grpc.GrpcConfigKeys (ConfUtils.java:logGet(46)) - raft.grpc.server.install_snapshot.request.timeout = 3000ms (default)
2024-05-06 08:59:31,738 [90b7064f-8397-4c9e-a509-54ea80c9149b@group-A9BF880E318F-LeaderElection14] INFO  grpc.GrpcConfigKeys (ConfUtils.java:logGet(46)) - raft.grpc.server.log-message.batch.duration = 5s (default)
2024-05-06 08:59:31,738 [90b7064f-8397-4c9e-a509-54ea80c9149b@group-A9BF880E318F-LeaderElection14] INFO  server.RaftServerConfigKeys (ConfUtils.java:logGet(46)) - raft.server.log.appender.install.snapshot.enabled = false (custom)
2024-05-06 08:59:31,738 [90b7064f-8397-4c9e-a509-54ea80c9149b@group-A9BF880E318F-LeaderElection14] INFO  grpc.GrpcConfigKeys (ConfUtils.java:logGet(46)) - raft.grpc.server.heartbeat.channel = true (default)
2024-05-06 08:59:31,738 [90b7064f-8397-4c9e-a509-54ea80c9149b@group-A9BF880E318F-LeaderElection14] INFO  impl.RoleInfo (RoleInfo.java:updateAndGet(139)) - 90b7064f-8397-4c9e-a509-54ea80c9149b: start 90b7064f-8397-4c9e-a509-54ea80c9149b@group-A9BF880E318F-LeaderStateImpl
2024-05-06 08:59:31,738 [90b7064f-8397-4c9e-a509-54ea80c9149b@group-A9BF880E318F-LeaderElection14] INFO  server.RaftServer$Division (RaftServerImpl.java:setFirstElection(574)) - 90b7064f-8397-4c9e-a509-54ea80c9149b@group-A9BF880E318F: set firstElectionSinceStartup to false for becomeLeader
2024-05-06 08:59:31,738 [90b7064f-8397-4c9e-a509-54ea80c9149b@group-A9BF880E318F-LeaderElection14] INFO  ratis.XceiverServerRatis (XceiverServerRatis.java:handleLeaderChangedNotification(966)) - Leader change notification received for group: group-A9BF880E318F with new leaderId: 90b7064f-8397-4c9e-a509-54ea80c9149b
2024-05-06 08:59:31,738 [90b7064f-8397-4c9e-a509-54ea80c9149b@group-A9BF880E318F-LeaderElection14] INFO  server.RaftServer$Division (ServerState.java:setLeader(269)) - 90b7064f-8397-4c9e-a509-54ea80c9149b@group-A9BF880E318F: change Leader from null to 90b7064f-8397-4c9e-a509-54ea80c9149b at term 1 for becomeLeader, leader elected after 5134ms
2024-05-06 08:59:31,738 [90b7064f-8397-4c9e-a509-54ea80c9149b@group-A9BF880E318F-LeaderElection14] INFO  segmented.SegmentedRaftLogWorker (SegmentedRaftLogWorker.java:startLogSegment(430)) - 90b7064f-8397-4c9e-a509-54ea80c9149b@group-A9BF880E318F-SegmentedRaftLogWorker: Starting segment from index:0
2024-05-06 08:59:31,739 [90b7064f-8397-4c9e-a509-54ea80c9149b@group-A9BF880E318F-SegmentedRaftLogWorker] INFO  segmented.BufferedWriteChannel (BufferedWriteChannel.java:open(62)) - open log_inprogress_0 at position 0
2024-05-06 08:59:31,740 [784e0075-095e-4f49-808e-af9ec74479d6@group-5CFE60BBC8FA-StateMachineUpdater] INFO  server.RaftServer$Division (LeaderStateImpl.java:isApplied(320)) - leader is ready since appliedIndex == 0 >= startIndex == 0
2024-05-06 08:59:31,740 [EventQueue-PipelineReportForPipelineReportHandler] INFO  pipeline.PipelineReportHandler (PipelineReportHandler.java:processPipelineReport(136)) - Opened pipeline PipelineID=87f1befd-0e19-4082-a863-a9bf880e318f
2024-05-06 08:59:31,740 [EventQueue-OpenPipelineForHealthyPipelineSafeModeRule] INFO  safemode.SCMSafeModeManager (HealthyPipelineSafeModeRule.java:process(140)) - SCM in safe mode. Healthy pipelines reported count is 0, required healthy pipeline reported count is 1
2024-05-06 08:59:31,740 [EventQueue-OpenPipelineForHealthyPipelineSafeModeRule] INFO  safemode.SCMSafeModeManager (HealthyPipelineSafeModeRule.java:process(140)) - SCM in safe mode. Healthy pipelines reported count is 1, required healthy pipeline reported count is 1
2024-05-06 08:59:31,740 [EventQueue-OpenPipelineForHealthyPipelineSafeModeRule] INFO  safemode.SCMSafeModeManager (SCMSafeModeManager.java:validateSafeModeExitRules(203)) - HealthyPipelineSafeModeRule rule is successfully validated
2024-05-06 08:59:31,740 [EventQueue-OpenPipelineForHealthyPipelineSafeModeRule] INFO  safemode.SCMSafeModeManager (SCMSafeModeManager.java:validateSafeModeExitRules(218)) - ScmSafeModeManager, all rules are successfully validated
2024-05-06 08:59:31,740 [EventQueue-OpenPipelineForHealthyPipelineSafeModeRule] INFO  safemode.SCMSafeModeManager (SCMSafeModeManager.java:exitSafeMode(248)) - SCM exiting safe mode.
2024-05-06 08:59:31,740 [EventQueue-OpenPipelineForHealthyPipelineSafeModeRule] INFO  ha.SCMContext (SCMContext.java:updateSafeModeStatus(225)) - Update SafeModeStatus from SafeModeStatus{safeModeStatus=true, preCheckPassed=true} to SafeModeStatus{safeModeStatus=false, preCheckPassed=true}.
2024-05-06 08:59:31,740 [EventQueue-OpenPipelineForHealthyPipelineSafeModeRule] INFO  pipeline.BackgroundPipelineCreator (BackgroundPipelineCreator.java:notifyStatusChanged(258)) - Service BackgroundPipelineCreator transitions to RUNNING.
2024-05-06 08:59:31,740 [EventQueue-OpenPipelineForHealthyPipelineSafeModeRule] INFO  BackgroundPipelineScrubber (BackgroundSCMService.java:notifyStatusChanged(79)) - Service BackgroundPipelineScrubber transitions to RUNNING.
2024-05-06 08:59:31,740 [EventQueue-OpenPipelineForHealthyPipelineSafeModeRule] INFO  ExpiredContainerReplicaOpScrubber (BackgroundSCMService.java:notifyStatusChanged(79)) - Service ExpiredContainerReplicaOpScrubber transitions to RUNNING.
2024-05-06 08:59:31,740 [EventQueue-OpenPipelineForHealthyPipelineSafeModeRule] INFO  block.SCMBlockDeletingService (SCMBlockDeletingService.java:notifyStatusChanged(247)) - notifyStatusChanged:RUNNING
2024-05-06 08:59:31,740 [EventQueue-OpenPipelineForHealthyPipelineSafeModeRule] INFO  replication.ReplicationManager (ReplicationManager.java:notifyStatusChanged(1406)) - Service ReplicationManager transitions to RUNNING.
2024-05-06 08:59:31,741 [EventQueue-OpenPipelineForHealthyPipelineSafeModeRule] WARN  balancer.ContainerBalancer (ContainerBalancer.java:shouldRun(134)) - Could not find persisted configuration for ContainerBalancer when checking if ContainerBalancer should run. ContainerBalancer should not run now.
2024-05-06 08:59:31,742 [90b7064f-8397-4c9e-a509-54ea80c9149b@group-A9BF880E318F-LeaderElection14] INFO  server.RaftServer$Division (ServerState.java:setRaftConf(386)) - 90b7064f-8397-4c9e-a509-54ea80c9149b@group-A9BF880E318F: set configuration 0: peers:[0e9e7d01-6cef-4822-a23d-4188eb8fb4d0|127.0.0.1:15085, 90b7064f-8397-4c9e-a509-54ea80c9149b|127.0.0.1:15067, 784e0075-095e-4f49-808e-af9ec74479d6|127.0.0.1:15076]|listeners:[], old=null
2024-05-06 08:59:31,746 [90b7064f-8397-4c9e-a509-54ea80c9149b@group-A9BF880E318F-SegmentedRaftLogWorker] INFO  segmented.SegmentedRaftLogWorker (SegmentedRaftLogWorker.java:execute(634)) - 90b7064f-8397-4c9e-a509-54ea80c9149b@group-A9BF880E318F-SegmentedRaftLogWorker: created new log segment /home/runner/work/ozone/ozone/hadoop-ozone/integration-test/target/test-dir/MiniOzoneClusterImpl-f8a20603-669c-41d5-94ea-e080bd68b2ef/ozone-meta/datanode-1/ratis/87f1befd-0e19-4082-a863-a9bf880e318f/current/log_inprogress_0
2024-05-06 08:59:31,751 [784e0075-095e-4f49-808e-af9ec74479d6-server-thread1] INFO  ratis.XceiverServerRatis (XceiverServerRatis.java:handleLeaderChangedNotification(966)) - Leader change notification received for group: group-A9BF880E318F with new leaderId: 90b7064f-8397-4c9e-a509-54ea80c9149b
2024-05-06 08:59:31,751 [784e0075-095e-4f49-808e-af9ec74479d6-server-thread1] INFO  server.RaftServer$Division (ServerState.java:setLeader(269)) - 784e0075-095e-4f49-808e-af9ec74479d6@group-A9BF880E318F: change Leader from null to 90b7064f-8397-4c9e-a509-54ea80c9149b at term 1 for appendEntries, leader elected after 5108ms
2024-05-06 08:59:31,754 [784e0075-095e-4f49-808e-af9ec74479d6-server-thread3] INFO  server.RaftServer$Division (ServerState.java:setRaftConf(386)) - 784e0075-095e-4f49-808e-af9ec74479d6@group-A9BF880E318F: set configuration 0: peers:[0e9e7d01-6cef-4822-a23d-4188eb8fb4d0|127.0.0.1:15085, 90b7064f-8397-4c9e-a509-54ea80c9149b|127.0.0.1:15067, 784e0075-095e-4f49-808e-af9ec74479d6|127.0.0.1:15076]|listeners:[], old=null
2024-05-06 08:59:31,754 [784e0075-095e-4f49-808e-af9ec74479d6-server-thread3] INFO  segmented.SegmentedRaftLogWorker (SegmentedRaftLogWorker.java:startLogSegment(430)) - 784e0075-095e-4f49-808e-af9ec74479d6@group-A9BF880E318F-SegmentedRaftLogWorker: Starting segment from index:0
2024-05-06 08:59:31,754 [0e9e7d01-6cef-4822-a23d-4188eb8fb4d0-server-thread1] INFO  ratis.XceiverServerRatis (XceiverServerRatis.java:handleLeaderChangedNotification(966)) - Leader change notification received for group: group-A9BF880E318F with new leaderId: 90b7064f-8397-4c9e-a509-54ea80c9149b
2024-05-06 08:59:31,754 [784e0075-095e-4f49-808e-af9ec74479d6@group-A9BF880E318F-SegmentedRaftLogWorker] INFO  segmented.BufferedWriteChannel (BufferedWriteChannel.java:open(62)) - open log_inprogress_0 at position 0
2024-05-06 08:59:31,754 [0e9e7d01-6cef-4822-a23d-4188eb8fb4d0-server-thread1] INFO  server.RaftServer$Division (ServerState.java:setLeader(269)) - 0e9e7d01-6cef-4822-a23d-4188eb8fb4d0@group-A9BF880E318F: change Leader from null to 90b7064f-8397-4c9e-a509-54ea80c9149b at term 1 for appendEntries, leader elected after 5064ms
2024-05-06 08:59:31,755 [0e9e7d01-6cef-4822-a23d-4188eb8fb4d0-server-thread1] INFO  server.RaftServer$Division (ServerState.java:setRaftConf(386)) - 0e9e7d01-6cef-4822-a23d-4188eb8fb4d0@group-A9BF880E318F: set configuration 0: peers:[0e9e7d01-6cef-4822-a23d-4188eb8fb4d0|127.0.0.1:15085, 90b7064f-8397-4c9e-a509-54ea80c9149b|127.0.0.1:15067, 784e0075-095e-4f49-808e-af9ec74479d6|127.0.0.1:15076]|listeners:[], old=null
2024-05-06 08:59:31,755 [0e9e7d01-6cef-4822-a23d-4188eb8fb4d0-server-thread1] INFO  segmented.SegmentedRaftLogWorker (SegmentedRaftLogWorker.java:startLogSegment(430)) - 0e9e7d01-6cef-4822-a23d-4188eb8fb4d0@group-A9BF880E318F-SegmentedRaftLogWorker: Starting segment from index:0
2024-05-06 08:59:31,755 [0e9e7d01-6cef-4822-a23d-4188eb8fb4d0@group-A9BF880E318F-SegmentedRaftLogWorker] INFO  segmented.BufferedWriteChannel (BufferedWriteChannel.java:open(62)) - open log_inprogress_0 at position 0
2024-05-06 08:59:31,757 [784e0075-095e-4f49-808e-af9ec74479d6@group-78EE1D651754-FollowerState] INFO  impl.FollowerState (FollowerState.java:run(143)) - 784e0075-095e-4f49-808e-af9ec74479d6@group-78EE1D651754-FollowerState: change to CANDIDATE, lastRpcElapsedTime:5045533617ns, electionTimeout:5042ms
2024-05-06 08:59:31,757 [784e0075-095e-4f49-808e-af9ec74479d6@group-78EE1D651754-FollowerState] INFO  impl.RoleInfo (RoleInfo.java:shutdownFollowerState(110)) - 784e0075-095e-4f49-808e-af9ec74479d6: shutdown 784e0075-095e-4f49-808e-af9ec74479d6@group-78EE1D651754-FollowerState
2024-05-06 08:59:31,757 [784e0075-095e-4f49-808e-af9ec74479d6@group-78EE1D651754-FollowerState] INFO  server.RaftServer$Division (RaftServerImpl.java:setRole(383)) - 784e0075-095e-4f49-808e-af9ec74479d6@group-78EE1D651754: changes role from  FOLLOWER to CANDIDATE at term 0 for changeToCandidate
2024-05-06 08:59:31,757 [784e0075-095e-4f49-808e-af9ec74479d6@group-78EE1D651754-FollowerState] INFO  server.RaftServerConfigKeys (ConfUtils.java:logGet(46)) - raft.server.leaderelection.pre-vote = true (default)
2024-05-06 08:59:31,757 [784e0075-095e-4f49-808e-af9ec74479d6@group-78EE1D651754-FollowerState] INFO  impl.RoleInfo (RoleInfo.java:updateAndGet(139)) - 784e0075-095e-4f49-808e-af9ec74479d6: start 784e0075-095e-4f49-808e-af9ec74479d6@group-78EE1D651754-LeaderElection16
2024-05-06 08:59:31,758 [784e0075-095e-4f49-808e-af9ec74479d6@group-78EE1D651754-LeaderElection16] INFO  impl.LeaderElection (LeaderElection.java:askForVotes(321)) - 784e0075-095e-4f49-808e-af9ec74479d6@group-78EE1D651754-LeaderElection16 PRE_VOTE round 0: submit vote requests at term 0 for -1: peers:[0e9e7d01-6cef-4822-a23d-4188eb8fb4d0|127.0.0.1:15085, 90b7064f-8397-4c9e-a509-54ea80c9149b|127.0.0.1:15067, 784e0075-095e-4f49-808e-af9ec74479d6|127.0.0.1:15076]|listeners:[], old=null
2024-05-06 08:59:31,758 [784e0075-095e-4f49-808e-af9ec74479d6@group-78EE1D651754-LeaderElection16-1] INFO  server.GrpcServerProtocolClient (GrpcServerProtocolClient.java:<init>(65)) - Build channel for 0e9e7d01-6cef-4822-a23d-4188eb8fb4d0|127.0.0.1:15085
2024-05-06 08:59:31,760 [784e0075-095e-4f49-808e-af9ec74479d6@group-78EE1D651754-LeaderElection16] INFO  server.RaftServerConfigKeys (ConfUtils.java:logFallback(53)) - raft.server.rpc.first-election.timeout.min = 5s (fallback to raft.server.rpc.timeout.min)
2024-05-06 08:59:31,760 [784e0075-095e-4f49-808e-af9ec74479d6@group-78EE1D651754-LeaderElection16] INFO  server.RaftServerConfigKeys (ConfUtils.java:logFallback(53)) - raft.server.rpc.first-election.timeout.max = 5200ms (fallback to raft.server.rpc.timeout.max)
2024-05-06 08:59:31,760 [784e0075-095e-4f49-808e-af9ec74479d6@group-78EE1D651754-LeaderElection16-2] INFO  server.GrpcServerProtocolClient (GrpcServerProtocolClient.java:<init>(65)) - Build channel for 90b7064f-8397-4c9e-a509-54ea80c9149b|127.0.0.1:15067
2024-05-06 08:59:31,763 [grpc-default-executor-3] INFO  server.RaftServer$Division (RaftServerImpl.java:requestVote(1389)) - 90b7064f-8397-4c9e-a509-54ea80c9149b@group-78EE1D651754: receive requestVote(PRE_VOTE, 784e0075-095e-4f49-808e-af9ec74479d6, group-78EE1D651754, 0, (t:0, i:0))
2024-05-06 08:59:31,764 [grpc-default-executor-2] INFO  server.RaftServer$Division (RaftServerImpl.java:requestVote(1389)) - 0e9e7d01-6cef-4822-a23d-4188eb8fb4d0@group-78EE1D651754: receive requestVote(PRE_VOTE, 784e0075-095e-4f49-808e-af9ec74479d6, group-78EE1D651754, 0, (t:0, i:0))
2024-05-06 08:59:31,764 [grpc-default-executor-3] INFO  impl.VoteContext (VoteContext.java:log(49)) - 90b7064f-8397-4c9e-a509-54ea80c9149b@group-78EE1D651754-FOLLOWER: accept PRE_VOTE from 784e0075-095e-4f49-808e-af9ec74479d6: our priority 0 <= candidate's priority 0
2024-05-06 08:59:31,764 [grpc-default-executor-3] INFO  server.RaftServer$Division (RaftServerImpl.java:requestVote(1422)) - 90b7064f-8397-4c9e-a509-54ea80c9149b@group-78EE1D651754 replies to PRE_VOTE vote request: 784e0075-095e-4f49-808e-af9ec74479d6<-90b7064f-8397-4c9e-a509-54ea80c9149b#0:OK-t0. Peer's state: 90b7064f-8397-4c9e-a509-54ea80c9149b@group-78EE1D651754:t0, leader=null, voted=, raftlog=Memoized:90b7064f-8397-4c9e-a509-54ea80c9149b@group-78EE1D651754-SegmentedRaftLog:OPENED:c-1, conf=-1: peers:[0e9e7d01-6cef-4822-a23d-4188eb8fb4d0|127.0.0.1:15085, 90b7064f-8397-4c9e-a509-54ea80c9149b|127.0.0.1:15067, 784e0075-095e-4f49-808e-af9ec74479d6|127.0.0.1:15076]|listeners:[], old=null
2024-05-06 08:59:31,764 [grpc-default-executor-2] INFO  impl.VoteContext (VoteContext.java:log(49)) - 0e9e7d01-6cef-4822-a23d-4188eb8fb4d0@group-78EE1D651754-FOLLOWER: reject PRE_VOTE from 784e0075-095e-4f49-808e-af9ec74479d6: our priority 1 > candidate's priority 0
2024-05-06 08:59:31,764 [grpc-default-executor-2] INFO  server.RaftServer$Division (RaftServerImpl.java:requestVote(1422)) - 0e9e7d01-6cef-4822-a23d-4188eb8fb4d0@group-78EE1D651754 replies to PRE_VOTE vote request: 784e0075-095e-4f49-808e-af9ec74479d6<-0e9e7d01-6cef-4822-a23d-4188eb8fb4d0#0:FAIL-t0. Peer's state: 0e9e7d01-6cef-4822-a23d-4188eb8fb4d0@group-78EE1D651754:t0, leader=null, voted=, raftlog=Memoized:0e9e7d01-6cef-4822-a23d-4188eb8fb4d0@group-78EE1D651754-SegmentedRaftLog:OPENED:c-1, conf=-1: peers:[0e9e7d01-6cef-4822-a23d-4188eb8fb4d0|127.0.0.1:15085, 90b7064f-8397-4c9e-a509-54ea80c9149b|127.0.0.1:15067, 784e0075-095e-4f49-808e-af9ec74479d6|127.0.0.1:15076]|listeners:[], old=null
2024-05-06 08:59:31,765 [0e9e7d01-6cef-4822-a23d-4188eb8fb4d0@group-A9BF880E318F-SegmentedRaftLogWorker] INFO  segmented.SegmentedRaftLogWorker (SegmentedRaftLogWorker.java:execute(634)) - 0e9e7d01-6cef-4822-a23d-4188eb8fb4d0@group-A9BF880E318F-SegmentedRaftLogWorker: created new log segment /home/runner/work/ozone/ozone/hadoop-ozone/integration-test/target/test-dir/MiniOzoneClusterImpl-f8a20603-669c-41d5-94ea-e080bd68b2ef/ozone-meta/datanode-3/ratis/87f1befd-0e19-4082-a863-a9bf880e318f/current/log_inprogress_0
2024-05-06 08:59:31,765 [784e0075-095e-4f49-808e-af9ec74479d6@group-A9BF880E318F-SegmentedRaftLogWorker] INFO  segmented.SegmentedRaftLogWorker (SegmentedRaftLogWorker.java:execute(634)) - 784e0075-095e-4f49-808e-af9ec74479d6@group-A9BF880E318F-SegmentedRaftLogWorker: created new log segment /home/runner/work/ozone/ozone/hadoop-ozone/integration-test/target/test-dir/MiniOzoneClusterImpl-f8a20603-669c-41d5-94ea-e080bd68b2ef/ozone-meta/datanode-2/ratis/87f1befd-0e19-4082-a863-a9bf880e318f/current/log_inprogress_0
2024-05-06 08:59:31,766 [784e0075-095e-4f49-808e-af9ec74479d6@group-78EE1D651754-LeaderElection16] INFO  impl.LeaderElection (LeaderElection.java:logAndReturn(89)) - 784e0075-095e-4f49-808e-af9ec74479d6@group-78EE1D651754-LeaderElection16: PRE_VOTE REJECTED received 1 response(s) and 0 exception(s):
2024-05-06 08:59:31,766 [784e0075-095e-4f49-808e-af9ec74479d6@group-78EE1D651754-LeaderElection16] INFO  impl.LeaderElection (LeaderElection.java:logAndReturn(93)) -   Response 0: 784e0075-095e-4f49-808e-af9ec74479d6<-0e9e7d01-6cef-4822-a23d-4188eb8fb4d0#0:FAIL-t0
2024-05-06 08:59:31,766 [784e0075-095e-4f49-808e-af9ec74479d6@group-78EE1D651754-LeaderElection16] INFO  impl.LeaderElection (LeaderElection.java:askForVotes(323)) - 784e0075-095e-4f49-808e-af9ec74479d6@group-78EE1D651754-LeaderElection16 PRE_VOTE round 0: result REJECTED
2024-05-06 08:59:31,766 [784e0075-095e-4f49-808e-af9ec74479d6@group-78EE1D651754-LeaderElection16] INFO  server.RaftServer$Division (RaftServerImpl.java:setRole(383)) - 784e0075-095e-4f49-808e-af9ec74479d6@group-78EE1D651754: changes role from CANDIDATE to FOLLOWER at term 0 for REJECTED
2024-05-06 08:59:31,766 [784e0075-095e-4f49-808e-af9ec74479d6@group-78EE1D651754-LeaderElection16] INFO  impl.RoleInfo (RoleInfo.java:shutdownLeaderElection(130)) - 784e0075-095e-4f49-808e-af9ec74479d6: shutdown 784e0075-095e-4f49-808e-af9ec74479d6@group-78EE1D651754-LeaderElection16
2024-05-06 08:59:31,766 [784e0075-095e-4f49-808e-af9ec74479d6@group-78EE1D651754-LeaderElection16] INFO  impl.RoleInfo (RoleInfo.java:updateAndGet(139)) - 784e0075-095e-4f49-808e-af9ec74479d6: start 784e0075-095e-4f49-808e-af9ec74479d6@group-78EE1D651754-FollowerState
2024-05-06 08:59:31,766 [784e0075-095e-4f49-808e-af9ec74479d6@group-78EE1D651754-LeaderElection16] INFO  server.RaftServer$Division (RaftServerImpl.java:setFirstElection(574)) - 784e0075-095e-4f49-808e-af9ec74479d6@group-78EE1D651754: set firstElectionSinceStartup to false for REJECTED
2024-05-06 08:59:31,773 [90b7064f-8397-4c9e-a509-54ea80c9149b@group-A9BF880E318F-StateMachineUpdater] INFO  server.RaftServer$Division (LeaderStateImpl.java:isApplied(320)) - leader is ready since appliedIndex == 0 >= startIndex == 0
2024-05-06 08:59:31,780 [90b7064f-8397-4c9e-a509-54ea80c9149b@group-C1A97FE0CD63-FollowerState] INFO  impl.FollowerState (FollowerState.java:run(143)) - 90b7064f-8397-4c9e-a509-54ea80c9149b@group-C1A97FE0CD63-FollowerState: change to CANDIDATE, lastRpcElapsedTime:5180069557ns, electionTimeout:5179ms
2024-05-06 08:59:31,780 [90b7064f-8397-4c9e-a509-54ea80c9149b@group-C1A97FE0CD63-FollowerState] INFO  impl.RoleInfo (RoleInfo.java:shutdownFollowerState(110)) - 90b7064f-8397-4c9e-a509-54ea80c9149b: shutdown 90b7064f-8397-4c9e-a509-54ea80c9149b@group-C1A97FE0CD63-FollowerState
2024-05-06 08:59:31,781 [90b7064f-8397-4c9e-a509-54ea80c9149b@group-C1A97FE0CD63-FollowerState] INFO  server.RaftServer$Division (RaftServerImpl.java:setRole(383)) - 90b7064f-8397-4c9e-a509-54ea80c9149b@group-C1A97FE0CD63: changes role from  FOLLOWER to CANDIDATE at term 0 for changeToCandidate
2024-05-06 08:59:31,781 [90b7064f-8397-4c9e-a509-54ea80c9149b@group-C1A97FE0CD63-FollowerState] INFO  server.RaftServerConfigKeys (ConfUtils.java:logGet(46)) - raft.server.leaderelection.pre-vote = true (default)
2024-05-06 08:59:31,781 [90b7064f-8397-4c9e-a509-54ea80c9149b@group-C1A97FE0CD63-FollowerState] INFO  impl.RoleInfo (RoleInfo.java:updateAndGet(139)) - 90b7064f-8397-4c9e-a509-54ea80c9149b: start 90b7064f-8397-4c9e-a509-54ea80c9149b@group-C1A97FE0CD63-LeaderElection17
2024-05-06 08:59:31,781 [90b7064f-8397-4c9e-a509-54ea80c9149b@group-C1A97FE0CD63-LeaderElection17] INFO  impl.LeaderElection (LeaderElection.java:askForVotes(321)) - 90b7064f-8397-4c9e-a509-54ea80c9149b@group-C1A97FE0CD63-LeaderElection17 PRE_VOTE round 0: submit vote requests at term 0 for -1: peers:[90b7064f-8397-4c9e-a509-54ea80c9149b|127.0.0.1:15067]|listeners:[], old=null
2024-05-06 08:59:31,781 [90b7064f-8397-4c9e-a509-54ea80c9149b@group-C1A97FE0CD63-LeaderElection17] INFO  impl.LeaderElection (LeaderElection.java:askForVotes(323)) - 90b7064f-8397-4c9e-a509-54ea80c9149b@group-C1A97FE0CD63-LeaderElection17 PRE_VOTE round 0: result PASSED (term=0)
2024-05-06 08:59:31,782 [90b7064f-8397-4c9e-a509-54ea80c9149b@group-C1A97FE0CD63-LeaderElection17] INFO  impl.LeaderElection (LeaderElection.java:askForVotes(321)) - 90b7064f-8397-4c9e-a509-54ea80c9149b@group-C1A97FE0CD63-LeaderElection17 ELECTION round 0: submit vote requests at term 1 for -1: peers:[90b7064f-8397-4c9e-a509-54ea80c9149b|127.0.0.1:15067]|listeners:[], old=null
2024-05-06 08:59:31,782 [90b7064f-8397-4c9e-a509-54ea80c9149b@group-C1A97FE0CD63-LeaderElection17] INFO  impl.LeaderElection (LeaderElection.java:askForVotes(323)) - 90b7064f-8397-4c9e-a509-54ea80c9149b@group-C1A97FE0CD63-LeaderElection17 ELECTION round 0: result PASSED (term=1)
2024-05-06 08:59:31,782 [90b7064f-8397-4c9e-a509-54ea80c9149b@group-C1A97FE0CD63-LeaderElection17] INFO  impl.RoleInfo (RoleInfo.java:shutdownLeaderElection(130)) - 90b7064f-8397-4c9e-a509-54ea80c9149b: shutdown 90b7064f-8397-4c9e-a509-54ea80c9149b@group-C1A97FE0CD63-LeaderElection17
2024-05-06 08:59:31,782 [90b7064f-8397-4c9e-a509-54ea80c9149b@group-C1A97FE0CD63-LeaderElection17] INFO  server.RaftServer$Division (RaftServerImpl.java:setRole(383)) - 90b7064f-8397-4c9e-a509-54ea80c9149b@group-C1A97FE0CD63: changes role from CANDIDATE to LEADER at term 1 for changeToLeader
2024-05-06 08:59:31,782 [90b7064f-8397-4c9e-a509-54ea80c9149b@group-C1A97FE0CD63-LeaderElection17] INFO  server.RaftServerConfigKeys (ConfUtils.java:logGet(46)) - raft.server.staging.catchup.gap = 1000 (default)
2024-05-06 08:59:31,782 [90b7064f-8397-4c9e-a509-54ea80c9149b@group-C1A97FE0CD63-LeaderElection17] INFO  server.RaftServerConfigKeys (ConfUtils.java:logGet(46)) - raft.server.write.element-limit = 1024 (custom)
2024-05-06 08:59:31,782 [90b7064f-8397-4c9e-a509-54ea80c9149b@group-C1A97FE0CD63-LeaderElection17] INFO  server.RaftServerConfigKeys (ConfUtils.java:logGet(46)) - raft.server.write.byte-limit = 1024 M (=1073741824) (custom)
2024-05-06 08:59:31,782 [90b7064f-8397-4c9e-a509-54ea80c9149b@group-C1A97FE0CD63-LeaderElection17] INFO  server.RaftServerConfigKeys (ConfUtils.java:logGet(46)) - raft.server.watch.timeout = 3000ms (custom)
2024-05-06 08:59:31,783 [90b7064f-8397-4c9e-a509-54ea80c9149b@group-C1A97FE0CD63-LeaderElection17] INFO  server.RaftServerConfigKeys (ConfUtils.java:logGet(46)) - raft.server.watch.timeout.denomination = 1s (default)
2024-05-06 08:59:31,783 [90b7064f-8397-4c9e-a509-54ea80c9149b@group-C1A97FE0CD63-LeaderElection17] INFO  server.RaftServerConfigKeys (ConfUtils.java:logGet(46)) - raft.server.watch.element-limit = 65536 (default)
2024-05-06 08:59:31,783 [90b7064f-8397-4c9e-a509-54ea80c9149b@group-C1A97FE0CD63-LeaderElection17] INFO  server.RaftServerConfigKeys (ConfUtils.java:logGet(46)) - raft.server.read.leader.lease.enabled = false (default)
2024-05-06 08:59:31,783 [90b7064f-8397-4c9e-a509-54ea80c9149b@group-C1A97FE0CD63-LeaderElection17] INFO  server.RaftServerConfigKeys (ConfUtils.java:logGet(46)) - raft.server.read.leader.lease.timeout.ratio = 0.9 (default)
2024-05-06 08:59:31,783 [90b7064f-8397-4c9e-a509-54ea80c9149b@group-C1A97FE0CD63-LeaderElection17] INFO  server.RaftServerConfigKeys (ConfUtils.java:logGet(46)) - raft.server.rpc.timeout.min = 5s (custom)
2024-05-06 08:59:31,783 [90b7064f-8397-4c9e-a509-54ea80c9149b@group-C1A97FE0CD63-LeaderElection17] INFO  server.RaftServerConfigKeys (ConfUtils.java:logGet(46)) - raft.server.write.element-limit = 1024 (custom)
2024-05-06 08:59:31,783 [90b7064f-8397-4c9e-a509-54ea80c9149b@group-C1A97FE0CD63-LeaderElection17] INFO  server.RaftServerConfigKeys (ConfUtils.java:logGet(46)) - raft.server.write.follower.gap.ratio.max = -1.0 (default)
2024-05-06 08:59:31,783 [90b7064f-8397-4c9e-a509-54ea80c9149b@group-C1A97FE0CD63-LeaderElection17] INFO  impl.RoleInfo (RoleInfo.java:updateAndGet(139)) - 90b7064f-8397-4c9e-a509-54ea80c9149b: start 90b7064f-8397-4c9e-a509-54ea80c9149b@group-C1A97FE0CD63-LeaderStateImpl
2024-05-06 08:59:31,783 [90b7064f-8397-4c9e-a509-54ea80c9149b@group-C1A97FE0CD63-LeaderElection17] INFO  server.RaftServer$Division (RaftServerImpl.java:setFirstElection(574)) - 90b7064f-8397-4c9e-a509-54ea80c9149b@group-C1A97FE0CD63: set firstElectionSinceStartup to false for becomeLeader
2024-05-06 08:59:31,784 [90b7064f-8397-4c9e-a509-54ea80c9149b@group-C1A97FE0CD63-LeaderElection17] INFO  ratis.XceiverServerRatis (XceiverServerRatis.java:handleLeaderChangedNotification(966)) - Leader change notification received for group: group-C1A97FE0CD63 with new leaderId: 90b7064f-8397-4c9e-a509-54ea80c9149b
2024-05-06 08:59:31,784 [90b7064f-8397-4c9e-a509-54ea80c9149b@group-C1A97FE0CD63-LeaderElection17] INFO  server.RaftServer$Division (ServerState.java:setLeader(269)) - 90b7064f-8397-4c9e-a509-54ea80c9149b@group-C1A97FE0CD63: change Leader from null to 90b7064f-8397-4c9e-a509-54ea80c9149b at term 1 for becomeLeader, leader elected after 5193ms
2024-05-06 08:59:31,784 [90b7064f-8397-4c9e-a509-54ea80c9149b@group-C1A97FE0CD63-LeaderElection17] INFO  segmented.SegmentedRaftLogWorker (SegmentedRaftLogWorker.java:startLogSegment(430)) - 90b7064f-8397-4c9e-a509-54ea80c9149b@group-C1A97FE0CD63-SegmentedRaftLogWorker: Starting segment from index:0
2024-05-06 08:59:31,785 [90b7064f-8397-4c9e-a509-54ea80c9149b@group-C1A97FE0CD63-SegmentedRaftLogWorker] INFO  segmented.BufferedWriteChannel (BufferedWriteChannel.java:open(62)) - open log_inprogress_0 at position 0
2024-05-06 08:59:31,787 [90b7064f-8397-4c9e-a509-54ea80c9149b@group-C1A97FE0CD63-LeaderElection17] INFO  server.RaftServer$Division (ServerState.java:setRaftConf(386)) - 90b7064f-8397-4c9e-a509-54ea80c9149b@group-C1A97FE0CD63: set configuration 0: peers:[90b7064f-8397-4c9e-a509-54ea80c9149b|127.0.0.1:15067]|listeners:[], old=null
2024-05-06 08:59:31,794 [90b7064f-8397-4c9e-a509-54ea80c9149b@group-C1A97FE0CD63-SegmentedRaftLogWorker] INFO  segmented.SegmentedRaftLogWorker (SegmentedRaftLogWorker.java:execute(634)) - 90b7064f-8397-4c9e-a509-54ea80c9149b@group-C1A97FE0CD63-SegmentedRaftLogWorker: created new log segment /home/runner/work/ozone/ozone/hadoop-ozone/integration-test/target/test-dir/MiniOzoneClusterImpl-f8a20603-669c-41d5-94ea-e080bd68b2ef/ozone-meta/datanode-1/ratis/0bd4f3f8-1b4b-4dd0-a617-c1a97fe0cd63/current/log_inprogress_0
2024-05-06 08:59:31,795 [90b7064f-8397-4c9e-a509-54ea80c9149b@group-78EE1D651754-FollowerState] INFO  server.RaftServerConfigKeys (ConfUtils.java:logFallback(53)) - raft.server.rpc.first-election.timeout.min = 5s (fallback to raft.server.rpc.timeout.min)
2024-05-06 08:59:31,795 [90b7064f-8397-4c9e-a509-54ea80c9149b@group-78EE1D651754-FollowerState] INFO  server.RaftServerConfigKeys (ConfUtils.java:logFallback(53)) - raft.server.rpc.first-election.timeout.max = 5200ms (fallback to raft.server.rpc.timeout.max)
2024-05-06 08:59:31,796 [90b7064f-8397-4c9e-a509-54ea80c9149b@group-C1A97FE0CD63-StateMachineUpdater] INFO  server.RaftServer$Division (LeaderStateImpl.java:isApplied(320)) - leader is ready since appliedIndex == 0 >= startIndex == 0
2024-05-06 08:59:31,801 [0e9e7d01-6cef-4822-a23d-4188eb8fb4d0@group-D801CF8B2419-FollowerState] INFO  impl.FollowerState (FollowerState.java:run(143)) - 0e9e7d01-6cef-4822-a23d-4188eb8fb4d0@group-D801CF8B2419-FollowerState: change to CANDIDATE, lastRpcElapsedTime:5054985513ns, electionTimeout:5053ms
2024-05-06 08:59:31,801 [0e9e7d01-6cef-4822-a23d-4188eb8fb4d0@group-D801CF8B2419-FollowerState] INFO  impl.RoleInfo (RoleInfo.java:shutdownFollowerState(110)) - 0e9e7d01-6cef-4822-a23d-4188eb8fb4d0: shutdown 0e9e7d01-6cef-4822-a23d-4188eb8fb4d0@group-D801CF8B2419-FollowerState
2024-05-06 08:59:31,801 [0e9e7d01-6cef-4822-a23d-4188eb8fb4d0@group-D801CF8B2419-FollowerState] INFO  server.RaftServer$Division (RaftServerImpl.java:setRole(383)) - 0e9e7d01-6cef-4822-a23d-4188eb8fb4d0@group-D801CF8B2419: changes role from  FOLLOWER to CANDIDATE at term 0 for changeToCandidate
2024-05-06 08:59:31,801 [0e9e7d01-6cef-4822-a23d-4188eb8fb4d0@group-D801CF8B2419-FollowerState] INFO  server.RaftServerConfigKeys (ConfUtils.java:logGet(46)) - raft.server.leaderelection.pre-vote = true (default)
2024-05-06 08:59:31,801 [0e9e7d01-6cef-4822-a23d-4188eb8fb4d0@group-D801CF8B2419-FollowerState] INFO  impl.RoleInfo (RoleInfo.java:updateAndGet(139)) - 0e9e7d01-6cef-4822-a23d-4188eb8fb4d0: start 0e9e7d01-6cef-4822-a23d-4188eb8fb4d0@group-D801CF8B2419-LeaderElection18
2024-05-06 08:59:31,802 [0e9e7d01-6cef-4822-a23d-4188eb8fb4d0@group-D801CF8B2419-LeaderElection18] INFO  impl.LeaderElection (LeaderElection.java:askForVotes(321)) - 0e9e7d01-6cef-4822-a23d-4188eb8fb4d0@group-D801CF8B2419-LeaderElection18 PRE_VOTE round 0: submit vote requests at term 0 for -1: peers:[0e9e7d01-6cef-4822-a23d-4188eb8fb4d0|127.0.0.1:15085]|listeners:[], old=null
2024-05-06 08:59:31,802 [0e9e7d01-6cef-4822-a23d-4188eb8fb4d0@group-D801CF8B2419-LeaderElection18] INFO  impl.LeaderElection (LeaderElection.java:askForVotes(323)) - 0e9e7d01-6cef-4822-a23d-4188eb8fb4d0@group-D801CF8B2419-LeaderElection18 PRE_VOTE round 0: result PASSED (term=0)
2024-05-06 08:59:31,803 [0e9e7d01-6cef-4822-a23d-4188eb8fb4d0@group-D801CF8B2419-LeaderElection18] INFO  impl.LeaderElection (LeaderElection.java:askForVotes(321)) - 0e9e7d01-6cef-4822-a23d-4188eb8fb4d0@group-D801CF8B2419-LeaderElection18 ELECTION round 0: submit vote requests at term 1 for -1: peers:[0e9e7d01-6cef-4822-a23d-4188eb8fb4d0|127.0.0.1:15085]|listeners:[], old=null
2024-05-06 08:59:31,803 [0e9e7d01-6cef-4822-a23d-4188eb8fb4d0@group-D801CF8B2419-LeaderElection18] INFO  impl.LeaderElection (LeaderElection.java:askForVotes(323)) - 0e9e7d01-6cef-4822-a23d-4188eb8fb4d0@group-D801CF8B2419-LeaderElection18 ELECTION round 0: result PASSED (term=1)
2024-05-06 08:59:31,803 [0e9e7d01-6cef-4822-a23d-4188eb8fb4d0@group-D801CF8B2419-LeaderElection18] INFO  impl.RoleInfo (RoleInfo.java:shutdownLeaderElection(130)) - 0e9e7d01-6cef-4822-a23d-4188eb8fb4d0: shutdown 0e9e7d01-6cef-4822-a23d-4188eb8fb4d0@group-D801CF8B2419-LeaderElection18
2024-05-06 08:59:31,803 [0e9e7d01-6cef-4822-a23d-4188eb8fb4d0@group-D801CF8B2419-LeaderElection18] INFO  server.RaftServer$Division (RaftServerImpl.java:setRole(383)) - 0e9e7d01-6cef-4822-a23d-4188eb8fb4d0@group-D801CF8B2419: changes role from CANDIDATE to LEADER at term 1 for changeToLeader
2024-05-06 08:59:31,803 [0e9e7d01-6cef-4822-a23d-4188eb8fb4d0@group-D801CF8B2419-LeaderElection18] INFO  server.RaftServerConfigKeys (ConfUtils.java:logGet(46)) - raft.server.staging.catchup.gap = 1000 (default)
2024-05-06 08:59:31,803 [0e9e7d01-6cef-4822-a23d-4188eb8fb4d0@group-D801CF8B2419-LeaderElection18] INFO  server.RaftServerConfigKeys (ConfUtils.java:logGet(46)) - raft.server.write.element-limit = 1024 (custom)
2024-05-06 08:59:31,804 [0e9e7d01-6cef-4822-a23d-4188eb8fb4d0@group-D801CF8B2419-LeaderElection18] INFO  server.RaftServerConfigKeys (ConfUtils.java:logGet(46)) - raft.server.write.byte-limit = 1024 M (=1073741824) (custom)
2024-05-06 08:59:31,804 [0e9e7d01-6cef-4822-a23d-4188eb8fb4d0@group-D801CF8B2419-LeaderElection18] INFO  server.RaftServerConfigKeys (ConfUtils.java:logGet(46)) - raft.server.watch.timeout = 3000ms (custom)
2024-05-06 08:59:31,804 [0e9e7d01-6cef-4822-a23d-4188eb8fb4d0@group-D801CF8B2419-LeaderElection18] INFO  server.RaftServerConfigKeys (ConfUtils.java:logGet(46)) - raft.server.watch.timeout.denomination = 1s (default)
2024-05-06 08:59:31,804 [0e9e7d01-6cef-4822-a23d-4188eb8fb4d0@group-D801CF8B2419-LeaderElection18] INFO  server.RaftServerConfigKeys (ConfUtils.java:logGet(46)) - raft.server.watch.element-limit = 65536 (default)
2024-05-06 08:59:31,804 [0e9e7d01-6cef-4822-a23d-4188eb8fb4d0@group-D801CF8B2419-LeaderElection18] INFO  server.RaftServerConfigKeys (ConfUtils.java:logGet(46)) - raft.server.read.leader.lease.enabled = false (default)
2024-05-06 08:59:31,804 [0e9e7d01-6cef-4822-a23d-4188eb8fb4d0@group-D801CF8B2419-LeaderElection18] INFO  server.RaftServerConfigKeys (ConfUtils.java:logGet(46)) - raft.server.read.leader.lease.timeout.ratio = 0.9 (default)
2024-05-06 08:59:31,804 [0e9e7d01-6cef-4822-a23d-4188eb8fb4d0@group-D801CF8B2419-LeaderElection18] INFO  server.RaftServerConfigKeys (ConfUtils.java:logGet(46)) - raft.server.rpc.timeout.min = 5s (custom)
2024-05-06 08:59:31,804 [0e9e7d01-6cef-4822-a23d-4188eb8fb4d0@group-D801CF8B2419-LeaderElection18] INFO  server.RaftServerConfigKeys (ConfUtils.java:logGet(46)) - raft.server.write.element-limit = 1024 (custom)
2024-05-06 08:59:31,804 [0e9e7d01-6cef-4822-a23d-4188eb8fb4d0@group-D801CF8B2419-LeaderElection18] INFO  server.RaftServerConfigKeys (ConfUtils.java:logGet(46)) - raft.server.write.follower.gap.ratio.max = -1.0 (default)
2024-05-06 08:59:31,804 [0e9e7d01-6cef-4822-a23d-4188eb8fb4d0@group-D801CF8B2419-LeaderElection18] INFO  impl.RoleInfo (RoleInfo.java:updateAndGet(139)) - 0e9e7d01-6cef-4822-a23d-4188eb8fb4d0: start 0e9e7d01-6cef-4822-a23d-4188eb8fb4d0@group-D801CF8B2419-LeaderStateImpl
2024-05-06 08:59:31,804 [0e9e7d01-6cef-4822-a23d-4188eb8fb4d0@group-D801CF8B2419-LeaderElection18] INFO  server.RaftServer$Division (RaftServerImpl.java:setFirstElection(574)) - 0e9e7d01-6cef-4822-a23d-4188eb8fb4d0@group-D801CF8B2419: set firstElectionSinceStartup to false for becomeLeader
2024-05-06 08:59:31,804 [0e9e7d01-6cef-4822-a23d-4188eb8fb4d0@group-D801CF8B2419-LeaderElection18] INFO  ratis.XceiverServerRatis (XceiverServerRatis.java:handleLeaderChangedNotification(966)) - Leader change notification received for group: group-D801CF8B2419 with new leaderId: 0e9e7d01-6cef-4822-a23d-4188eb8fb4d0
2024-05-06 08:59:31,805 [0e9e7d01-6cef-4822-a23d-4188eb8fb4d0@group-D801CF8B2419-LeaderElection18] INFO  server.RaftServer$Division (ServerState.java:setLeader(269)) - 0e9e7d01-6cef-4822-a23d-4188eb8fb4d0@group-D801CF8B2419: change Leader from null to 0e9e7d01-6cef-4822-a23d-4188eb8fb4d0 at term 1 for becomeLeader, leader elected after 5072ms
2024-05-06 08:59:31,805 [0e9e7d01-6cef-4822-a23d-4188eb8fb4d0@group-D801CF8B2419-LeaderElection18] INFO  segmented.SegmentedRaftLogWorker (SegmentedRaftLogWorker.java:startLogSegment(430)) - 0e9e7d01-6cef-4822-a23d-4188eb8fb4d0@group-D801CF8B2419-SegmentedRaftLogWorker: Starting segment from index:0
2024-05-06 08:59:31,805 [0e9e7d01-6cef-4822-a23d-4188eb8fb4d0@group-D801CF8B2419-SegmentedRaftLogWorker] INFO  segmented.BufferedWriteChannel (BufferedWriteChannel.java:open(62)) - open log_inprogress_0 at position 0
2024-05-06 08:59:31,807 [0e9e7d01-6cef-4822-a23d-4188eb8fb4d0@group-D801CF8B2419-LeaderElection18] INFO  server.RaftServer$Division (ServerState.java:setRaftConf(386)) - 0e9e7d01-6cef-4822-a23d-4188eb8fb4d0@group-D801CF8B2419: set configuration 0: peers:[0e9e7d01-6cef-4822-a23d-4188eb8fb4d0|127.0.0.1:15085]|listeners:[], old=null
2024-05-06 08:59:31,813 [0e9e7d01-6cef-4822-a23d-4188eb8fb4d0@group-D801CF8B2419-SegmentedRaftLogWorker] INFO  segmented.SegmentedRaftLogWorker (SegmentedRaftLogWorker.java:execute(634)) - 0e9e7d01-6cef-4822-a23d-4188eb8fb4d0@group-D801CF8B2419-SegmentedRaftLogWorker: created new log segment /home/runner/work/ozone/ozone/hadoop-ozone/integration-test/target/test-dir/MiniOzoneClusterImpl-f8a20603-669c-41d5-94ea-e080bd68b2ef/ozone-meta/datanode-3/ratis/d6a6cf6b-3f93-4a7c-a0ee-d801cf8b2419/current/log_inprogress_0
2024-05-06 08:59:31,815 [0e9e7d01-6cef-4822-a23d-4188eb8fb4d0@group-D801CF8B2419-StateMachineUpdater] INFO  server.RaftServer$Division (LeaderStateImpl.java:isApplied(320)) - leader is ready since appliedIndex == 0 >= startIndex == 0
2024-05-06 08:59:31,882 [main] INFO  ozone.MiniOzoneClusterImpl (MiniOzoneClusterImpl.java:lambda$waitForClusterToBeReady$0(194)) - Nodes are ready. Got 5 of 5 DN Heartbeats.
2024-05-06 08:59:31,883 [main] INFO  ozone.MiniOzoneClusterImpl (MiniOzoneClusterImpl.java:lambda$waitForClusterToBeReady$0(197)) - Cluster exits safe mode
2024-05-06 08:59:31,883 [main] INFO  ozone.MiniOzoneClusterImpl (MiniOzoneClusterImpl.java:lambda$waitForClusterToBeReady$0(199)) - SCM became leader
2024-05-06 08:59:31,884 [main] INFO  protocolPB.OmTransportFactory (OmTransportFactory.java:createFactory(62)) - Loading OM transport implementation org.apache.hadoop.ozone.om.protocolPB.Hadoop3OmTransportFactory as specified by configuration.
2024-05-06 08:59:31,888 [main] INFO  rpc.RpcClient (RpcClient.java:createVolume(470)) - Creating Volume: testblockoutputstream, with runner as owner and space quota set to -1 bytes, counts quota set to -1
2024-05-06 08:59:31,891 [om1-OMStateMachineApplyTransactionThread - 0] INFO  volume.OMVolumeCreateRequest (OMVolumeCreateRequest.java:validateAndUpdateCache(198)) - created volume:testblockoutputstream for user:runner
2024-05-06 08:59:31,894 [main] INFO  rpc.RpcClient (RpcClient.java:createBucket(696)) - Creating Bucket: testblockoutputstream/testblockoutputstream, with server-side default bucket layout, runner as owner, Versioning false, Storage Type set to DISK and Encryption set to false, Replication Type set to server-side default replication type, Namespace Quota set to -1, Space Quota set to -1 
2024-05-06 08:59:31,896 [om1-OMStateMachineApplyTransactionThread - 0] INFO  bucket.OMBucketCreateRequest (OMBucketCreateRequest.java:validateAndUpdateCache(293)) - created bucket: testblockoutputstream of layout FILE_SYSTEM_OPTIMIZED in volume: testblockoutputstream
2024-05-06 08:59:31,898 [main] INFO  protocolPB.OmTransportFactory (OmTransportFactory.java:createFactory(62)) - Loading OM transport implementation org.apache.hadoop.ozone.om.protocolPB.Hadoop3OmTransportFactory as specified by configuration.
2024-05-06 08:59:31,906 [0e9e7d01-6cef-4822-a23d-4188eb8fb4d0@group-78EE1D651754-FollowerState] INFO  impl.FollowerState (FollowerState.java:run(143)) - 0e9e7d01-6cef-4822-a23d-4188eb8fb4d0@group-78EE1D651754-FollowerState: change to CANDIDATE, lastRpcElapsedTime:5141749325ns, electionTimeout:5138ms
2024-05-06 08:59:31,906 [0e9e7d01-6cef-4822-a23d-4188eb8fb4d0@group-78EE1D651754-FollowerState] INFO  impl.RoleInfo (RoleInfo.java:shutdownFollowerState(110)) - 0e9e7d01-6cef-4822-a23d-4188eb8fb4d0: shutdown 0e9e7d01-6cef-4822-a23d-4188eb8fb4d0@group-78EE1D651754-FollowerState
2024-05-06 08:59:31,906 [0e9e7d01-6cef-4822-a23d-4188eb8fb4d0@group-78EE1D651754-FollowerState] INFO  server.RaftServer$Division (RaftServerImpl.java:setRole(383)) - 0e9e7d01-6cef-4822-a23d-4188eb8fb4d0@group-78EE1D651754: changes role from  FOLLOWER to CANDIDATE at term 0 for changeToCandidate
2024-05-06 08:59:31,906 [0e9e7d01-6cef-4822-a23d-4188eb8fb4d0@group-78EE1D651754-FollowerState] INFO  server.RaftServerConfigKeys (ConfUtils.java:logGet(46)) - raft.server.leaderelection.pre-vote = true (default)
2024-05-06 08:59:31,907 [0e9e7d01-6cef-4822-a23d-4188eb8fb4d0@group-78EE1D651754-FollowerState] INFO  impl.RoleInfo (RoleInfo.java:updateAndGet(139)) - 0e9e7d01-6cef-4822-a23d-4188eb8fb4d0: start 0e9e7d01-6cef-4822-a23d-4188eb8fb4d0@group-78EE1D651754-LeaderElection19
2024-05-06 08:59:31,907 [IPC Server handler 1 on default port 15054] INFO  ha.SequenceIdGenerator (SequenceIdGenerator.java:getNextId(145)) - Allocate a batch for containerId, change lastId from 0 to 1000.
2024-05-06 08:59:31,908 [IPC Server handler 1 on default port 15054] WARN  ha.SequenceIdGenerator (SequenceIdGenerator.java:allocateBatch(258)) - Failed to allocate a batch for localId, expected lastId is 0, actual lastId is 113750153625600000.
2024-05-06 08:59:31,908 [IPC Server handler 1 on default port 15054] INFO  ha.SequenceIdGenerator (SequenceIdGenerator.java:getNextId(145)) - Allocate a batch for localId, change lastId from 113750153625600000 to 113750153625601000.
2024-05-06 08:59:31,912 [0e9e7d01-6cef-4822-a23d-4188eb8fb4d0@group-78EE1D651754-LeaderElection19] INFO  impl.LeaderElection (LeaderElection.java:askForVotes(321)) - 0e9e7d01-6cef-4822-a23d-4188eb8fb4d0@group-78EE1D651754-LeaderElection19 PRE_VOTE round 0: submit vote requests at term 0 for -1: peers:[0e9e7d01-6cef-4822-a23d-4188eb8fb4d0|127.0.0.1:15085, 90b7064f-8397-4c9e-a509-54ea80c9149b|127.0.0.1:15067, 784e0075-095e-4f49-808e-af9ec74479d6|127.0.0.1:15076]|listeners:[], old=null
2024-05-06 08:59:31,912 [0e9e7d01-6cef-4822-a23d-4188eb8fb4d0@group-78EE1D651754-LeaderElection19-1] INFO  server.GrpcServerProtocolClient (GrpcServerProtocolClient.java:<init>(65)) - Build channel for 90b7064f-8397-4c9e-a509-54ea80c9149b|127.0.0.1:15067
2024-05-06 08:59:31,913 [0e9e7d01-6cef-4822-a23d-4188eb8fb4d0@group-78EE1D651754-LeaderElection19] INFO  server.RaftServerConfigKeys (ConfUtils.java:logFallback(53)) - raft.server.rpc.first-election.timeout.min = 5s (fallback to raft.server.rpc.timeout.min)
2024-05-06 08:59:31,913 [0e9e7d01-6cef-4822-a23d-4188eb8fb4d0@group-78EE1D651754-LeaderElection19-2] INFO  server.GrpcServerProtocolClient (GrpcServerProtocolClient.java:<init>(65)) - Build channel for 784e0075-095e-4f49-808e-af9ec74479d6|127.0.0.1:15076
2024-05-06 08:59:31,913 [0e9e7d01-6cef-4822-a23d-4188eb8fb4d0@group-78EE1D651754-LeaderElection19] INFO  server.RaftServerConfigKeys (ConfUtils.java:logFallback(53)) - raft.server.rpc.first-election.timeout.max = 5200ms (fallback to raft.server.rpc.timeout.max)
2024-05-06 08:59:31,918 [grpc-default-executor-3] INFO  server.RaftServer$Division (RaftServerImpl.java:requestVote(1389)) - 90b7064f-8397-4c9e-a509-54ea80c9149b@group-78EE1D651754: receive requestVote(PRE_VOTE, 0e9e7d01-6cef-4822-a23d-4188eb8fb4d0, group-78EE1D651754, 0, (t:0, i:0))
2024-05-06 08:59:31,918 [grpc-default-executor-3] INFO  impl.VoteContext (VoteContext.java:log(49)) - 90b7064f-8397-4c9e-a509-54ea80c9149b@group-78EE1D651754-FOLLOWER: accept PRE_VOTE from 0e9e7d01-6cef-4822-a23d-4188eb8fb4d0: our priority 0 <= candidate's priority 1
2024-05-06 08:59:31,918 [grpc-default-executor-3] INFO  server.RaftServer$Division (RaftServerImpl.java:requestVote(1422)) - 90b7064f-8397-4c9e-a509-54ea80c9149b@group-78EE1D651754 replies to PRE_VOTE vote request: 0e9e7d01-6cef-4822-a23d-4188eb8fb4d0<-90b7064f-8397-4c9e-a509-54ea80c9149b#0:OK-t0. Peer's state: 90b7064f-8397-4c9e-a509-54ea80c9149b@group-78EE1D651754:t0, leader=null, voted=, raftlog=Memoized:90b7064f-8397-4c9e-a509-54ea80c9149b@group-78EE1D651754-SegmentedRaftLog:OPENED:c-1, conf=-1: peers:[0e9e7d01-6cef-4822-a23d-4188eb8fb4d0|127.0.0.1:15085, 90b7064f-8397-4c9e-a509-54ea80c9149b|127.0.0.1:15067, 784e0075-095e-4f49-808e-af9ec74479d6|127.0.0.1:15076]|listeners:[], old=null
2024-05-06 08:59:31,919 [grpc-default-executor-3] INFO  server.RaftServer$Division (RaftServerImpl.java:requestVote(1389)) - 784e0075-095e-4f49-808e-af9ec74479d6@group-78EE1D651754: receive requestVote(PRE_VOTE, 0e9e7d01-6cef-4822-a23d-4188eb8fb4d0, group-78EE1D651754, 0, (t:0, i:0))
2024-05-06 08:59:31,920 [grpc-default-executor-3] INFO  impl.VoteContext (VoteContext.java:log(49)) - 784e0075-095e-4f49-808e-af9ec74479d6@group-78EE1D651754-FOLLOWER: accept PRE_VOTE from 0e9e7d01-6cef-4822-a23d-4188eb8fb4d0: our priority 0 <= candidate's priority 1
2024-05-06 08:59:31,920 [grpc-default-executor-3] INFO  server.RaftServer$Division (RaftServerImpl.java:requestVote(1422)) - 784e0075-095e-4f49-808e-af9ec74479d6@group-78EE1D651754 replies to PRE_VOTE vote request: 0e9e7d01-6cef-4822-a23d-4188eb8fb4d0<-784e0075-095e-4f49-808e-af9ec74479d6#0:OK-t0. Peer's state: 784e0075-095e-4f49-808e-af9ec74479d6@group-78EE1D651754:t0, leader=null, voted=, raftlog=Memoized:784e0075-095e-4f49-808e-af9ec74479d6@group-78EE1D651754-SegmentedRaftLog:OPENED:c-1, conf=-1: peers:[0e9e7d01-6cef-4822-a23d-4188eb8fb4d0|127.0.0.1:15085, 90b7064f-8397-4c9e-a509-54ea80c9149b|127.0.0.1:15067, 784e0075-095e-4f49-808e-af9ec74479d6|127.0.0.1:15076]|listeners:[], old=null
2024-05-06 08:59:31,920 [0e9e7d01-6cef-4822-a23d-4188eb8fb4d0@group-78EE1D651754-LeaderElection19] INFO  impl.LeaderElection (LeaderElection.java:logAndReturn(89)) - 0e9e7d01-6cef-4822-a23d-4188eb8fb4d0@group-78EE1D651754-LeaderElection19: PRE_VOTE PASSED received 1 response(s) and 0 exception(s):
2024-05-06 08:59:31,920 [0e9e7d01-6cef-4822-a23d-4188eb8fb4d0@group-78EE1D651754-LeaderElection19] INFO  impl.LeaderElection (LeaderElection.java:logAndReturn(93)) -   Response 0: 0e9e7d01-6cef-4822-a23d-4188eb8fb4d0<-90b7064f-8397-4c9e-a509-54ea80c9149b#0:OK-t0
2024-05-06 08:59:31,920 [0e9e7d01-6cef-4822-a23d-4188eb8fb4d0@group-78EE1D651754-LeaderElection19] INFO  impl.LeaderElection (LeaderElection.java:askForVotes(323)) - 0e9e7d01-6cef-4822-a23d-4188eb8fb4d0@group-78EE1D651754-LeaderElection19 PRE_VOTE round 0: result PASSED
2024-05-06 08:59:31,921 [0e9e7d01-6cef-4822-a23d-4188eb8fb4d0@group-78EE1D651754-LeaderElection19] INFO  impl.LeaderElection (LeaderElection.java:askForVotes(321)) - 0e9e7d01-6cef-4822-a23d-4188eb8fb4d0@group-78EE1D651754-LeaderElection19 ELECTION round 0: submit vote requests at term 1 for -1: peers:[0e9e7d01-6cef-4822-a23d-4188eb8fb4d0|127.0.0.1:15085, 90b7064f-8397-4c9e-a509-54ea80c9149b|127.0.0.1:15067, 784e0075-095e-4f49-808e-af9ec74479d6|127.0.0.1:15076]|listeners:[], old=null
2024-05-06 08:59:31,923 [0e9e7d01-6cef-4822-a23d-4188eb8fb4d0@group-78EE1D651754-LeaderElection19] INFO  server.RaftServerConfigKeys (ConfUtils.java:logFallback(53)) - raft.server.rpc.first-election.timeout.min = 5s (fallback to raft.server.rpc.timeout.min)
2024-05-06 08:59:31,923 [0e9e7d01-6cef-4822-a23d-4188eb8fb4d0@group-78EE1D651754-LeaderElection19] INFO  server.RaftServerConfigKeys (ConfUtils.java:logFallback(53)) - raft.server.rpc.first-election.timeout.max = 5200ms (fallback to raft.server.rpc.timeout.max)
2024-05-06 08:59:31,924 [grpc-default-executor-3] INFO  server.RaftServer$Division (RaftServerImpl.java:requestVote(1389)) - 90b7064f-8397-4c9e-a509-54ea80c9149b@group-78EE1D651754: receive requestVote(ELECTION, 0e9e7d01-6cef-4822-a23d-4188eb8fb4d0, group-78EE1D651754, 1, (t:0, i:0))
2024-05-06 08:59:31,924 [grpc-default-executor-3] INFO  impl.VoteContext (VoteContext.java:log(49)) - 90b7064f-8397-4c9e-a509-54ea80c9149b@group-78EE1D651754-FOLLOWER: accept ELECTION from 0e9e7d01-6cef-4822-a23d-4188eb8fb4d0: our priority 0 <= candidate's priority 1
2024-05-06 08:59:31,924 [grpc-default-executor-3] INFO  server.RaftServer$Division (RaftServerImpl.java:setRole(383)) - 90b7064f-8397-4c9e-a509-54ea80c9149b@group-78EE1D651754: changes role from  FOLLOWER to FOLLOWER at term 1 for candidate:0e9e7d01-6cef-4822-a23d-4188eb8fb4d0
2024-05-06 08:59:31,924 [grpc-default-executor-3] INFO  impl.RoleInfo (RoleInfo.java:shutdownFollowerState(110)) - 90b7064f-8397-4c9e-a509-54ea80c9149b: shutdown 90b7064f-8397-4c9e-a509-54ea80c9149b@group-78EE1D651754-FollowerState
2024-05-06 08:59:31,925 [grpc-default-executor-3] INFO  impl.RoleInfo (RoleInfo.java:updateAndGet(139)) - 90b7064f-8397-4c9e-a509-54ea80c9149b: start 90b7064f-8397-4c9e-a509-54ea80c9149b@group-78EE1D651754-FollowerState
2024-05-06 08:59:31,925 [90b7064f-8397-4c9e-a509-54ea80c9149b@group-78EE1D651754-FollowerState] INFO  impl.FollowerState (FollowerState.java:run(152)) - 90b7064f-8397-4c9e-a509-54ea80c9149b@group-78EE1D651754-FollowerState was interrupted
2024-05-06 08:59:31,925 [90b7064f-8397-4c9e-a509-54ea80c9149b@group-8701510A3190-FollowerState] INFO  impl.FollowerState (FollowerState.java:run(143)) - 90b7064f-8397-4c9e-a509-54ea80c9149b@group-8701510A3190-FollowerState: change to CANDIDATE, lastRpcElapsedTime:5126678153ns, electionTimeout:5120ms
2024-05-06 08:59:31,925 [90b7064f-8397-4c9e-a509-54ea80c9149b@group-8701510A3190-FollowerState] INFO  impl.RoleInfo (RoleInfo.java:shutdownFollowerState(110)) - 90b7064f-8397-4c9e-a509-54ea80c9149b: shutdown 90b7064f-8397-4c9e-a509-54ea80c9149b@group-8701510A3190-FollowerState
2024-05-06 08:59:31,925 [90b7064f-8397-4c9e-a509-54ea80c9149b@group-8701510A3190-FollowerState] INFO  server.RaftServer$Division (RaftServerImpl.java:setRole(383)) - 90b7064f-8397-4c9e-a509-54ea80c9149b@group-8701510A3190: changes role from  FOLLOWER to CANDIDATE at term 0 for changeToCandidate
2024-05-06 08:59:31,925 [90b7064f-8397-4c9e-a509-54ea80c9149b@group-8701510A3190-FollowerState] INFO  server.RaftServerConfigKeys (ConfUtils.java:logGet(46)) - raft.server.leaderelection.pre-vote = true (default)
2024-05-06 08:59:31,925 [90b7064f-8397-4c9e-a509-54ea80c9149b@group-8701510A3190-FollowerState] INFO  impl.RoleInfo (RoleInfo.java:updateAndGet(139)) - 90b7064f-8397-4c9e-a509-54ea80c9149b: start 90b7064f-8397-4c9e-a509-54ea80c9149b@group-8701510A3190-LeaderElection20
2024-05-06 08:59:31,925 [grpc-default-executor-0] INFO  server.RaftServer$Division (RaftServerImpl.java:requestVote(1389)) - 784e0075-095e-4f49-808e-af9ec74479d6@group-78EE1D651754: receive requestVote(ELECTION, 0e9e7d01-6cef-4822-a23d-4188eb8fb4d0, group-78EE1D651754, 1, (t:0, i:0))
2024-05-06 08:59:31,925 [grpc-default-executor-0] INFO  impl.VoteContext (VoteContext.java:log(49)) - 784e0075-095e-4f49-808e-af9ec74479d6@group-78EE1D651754-FOLLOWER: accept ELECTION from 0e9e7d01-6cef-4822-a23d-4188eb8fb4d0: our priority 0 <= candidate's priority 1
2024-05-06 08:59:31,925 [grpc-default-executor-0] INFO  server.RaftServer$Division (RaftServerImpl.java:setRole(383)) - 784e0075-095e-4f49-808e-af9ec74479d6@group-78EE1D651754: changes role from  FOLLOWER to FOLLOWER at term 1 for candidate:0e9e7d01-6cef-4822-a23d-4188eb8fb4d0
2024-05-06 08:59:31,925 [grpc-default-executor-0] INFO  impl.RoleInfo (RoleInfo.java:shutdownFollowerState(110)) - 784e0075-095e-4f49-808e-af9ec74479d6: shutdown 784e0075-095e-4f49-808e-af9ec74479d6@group-78EE1D651754-FollowerState
2024-05-06 08:59:31,926 [grpc-default-executor-0] INFO  impl.RoleInfo (RoleInfo.java:updateAndGet(139)) - 784e0075-095e-4f49-808e-af9ec74479d6: start 784e0075-095e-4f49-808e-af9ec74479d6@group-78EE1D651754-FollowerState
2024-05-06 08:59:31,927 [784e0075-095e-4f49-808e-af9ec74479d6@group-78EE1D651754-FollowerState] INFO  impl.FollowerState (FollowerState.java:run(152)) - 784e0075-095e-4f49-808e-af9ec74479d6@group-78EE1D651754-FollowerState was interrupted
2024-05-06 08:59:31,927 [grpc-default-executor-3] INFO  server.RaftServer$Division (RaftServerImpl.java:setFirstElection(574)) - 90b7064f-8397-4c9e-a509-54ea80c9149b@group-78EE1D651754: set firstElectionSinceStartup to false for candidate:0e9e7d01-6cef-4822-a23d-4188eb8fb4d0
2024-05-06 08:59:31,928 [grpc-default-executor-3] INFO  server.RaftServer$Division (RaftServerImpl.java:requestVote(1422)) - 90b7064f-8397-4c9e-a509-54ea80c9149b@group-78EE1D651754 replies to ELECTION vote request: 0e9e7d01-6cef-4822-a23d-4188eb8fb4d0<-90b7064f-8397-4c9e-a509-54ea80c9149b#0:OK-t1. Peer's state: 90b7064f-8397-4c9e-a509-54ea80c9149b@group-78EE1D651754:t1, leader=null, voted=0e9e7d01-6cef-4822-a23d-4188eb8fb4d0, raftlog=Memoized:90b7064f-8397-4c9e-a509-54ea80c9149b@group-78EE1D651754-SegmentedRaftLog:OPENED:c-1, conf=-1: peers:[0e9e7d01-6cef-4822-a23d-4188eb8fb4d0|127.0.0.1:15085, 90b7064f-8397-4c9e-a509-54ea80c9149b|127.0.0.1:15067, 784e0075-095e-4f49-808e-af9ec74479d6|127.0.0.1:15076]|listeners:[], old=null
2024-05-06 08:59:31,940 [0e9e7d01-6cef-4822-a23d-4188eb8fb4d0@group-78EE1D651754-LeaderElection19] INFO  impl.LeaderElection (LeaderElection.java:logAndReturn(89)) - 0e9e7d01-6cef-4822-a23d-4188eb8fb4d0@group-78EE1D651754-LeaderElection19: ELECTION PASSED received 1 response(s) and 0 exception(s):
2024-05-06 08:59:31,940 [0e9e7d01-6cef-4822-a23d-4188eb8fb4d0@group-78EE1D651754-LeaderElection19] INFO  impl.LeaderElection (LeaderElection.java:logAndReturn(93)) -   Response 0: 0e9e7d01-6cef-4822-a23d-4188eb8fb4d0<-90b7064f-8397-4c9e-a509-54ea80c9149b#0:OK-t1
2024-05-06 08:59:31,940 [0e9e7d01-6cef-4822-a23d-4188eb8fb4d0@group-78EE1D651754-LeaderElection19] INFO  impl.LeaderElection (LeaderElection.java:askForVotes(323)) - 0e9e7d01-6cef-4822-a23d-4188eb8fb4d0@group-78EE1D651754-LeaderElection19 ELECTION round 0: result PASSED
2024-05-06 08:59:31,940 [0e9e7d01-6cef-4822-a23d-4188eb8fb4d0@group-78EE1D651754-LeaderElection19] INFO  impl.RoleInfo (RoleInfo.java:shutdownLeaderElection(130)) - 0e9e7d01-6cef-4822-a23d-4188eb8fb4d0: shutdown 0e9e7d01-6cef-4822-a23d-4188eb8fb4d0@group-78EE1D651754-LeaderElection19
2024-05-06 08:59:31,941 [0e9e7d01-6cef-4822-a23d-4188eb8fb4d0@group-78EE1D651754-LeaderElection19] INFO  server.RaftServer$Division (RaftServerImpl.java:setRole(383)) - 0e9e7d01-6cef-4822-a23d-4188eb8fb4d0@group-78EE1D651754: changes role from CANDIDATE to LEADER at term 1 for changeToLeader
2024-05-06 08:59:31,941 [0e9e7d01-6cef-4822-a23d-4188eb8fb4d0@group-78EE1D651754-LeaderElection19] INFO  server.RaftServerConfigKeys (ConfUtils.java:logGet(46)) - raft.server.staging.catchup.gap = 1000 (default)
2024-05-06 08:59:31,941 [0e9e7d01-6cef-4822-a23d-4188eb8fb4d0@group-78EE1D651754-LeaderElection19] INFO  server.RaftServerConfigKeys (ConfUtils.java:logGet(46)) - raft.server.write.element-limit = 1024 (custom)
2024-05-06 08:59:31,941 [0e9e7d01-6cef-4822-a23d-4188eb8fb4d0@group-78EE1D651754-LeaderElection19] INFO  server.RaftServerConfigKeys (ConfUtils.java:logGet(46)) - raft.server.write.byte-limit = 1024 M (=1073741824) (custom)
2024-05-06 08:59:31,941 [0e9e7d01-6cef-4822-a23d-4188eb8fb4d0@group-78EE1D651754-LeaderElection19] INFO  server.RaftServerConfigKeys (ConfUtils.java:logGet(46)) - raft.server.watch.timeout = 3000ms (custom)
2024-05-06 08:59:31,941 [0e9e7d01-6cef-4822-a23d-4188eb8fb4d0@group-78EE1D651754-LeaderElection19] INFO  server.RaftServerConfigKeys (ConfUtils.java:logGet(46)) - raft.server.watch.timeout.denomination = 1s (default)
2024-05-06 08:59:31,941 [0e9e7d01-6cef-4822-a23d-4188eb8fb4d0@group-78EE1D651754-LeaderElection19] INFO  server.RaftServerConfigKeys (ConfUtils.java:logGet(46)) - raft.server.watch.element-limit = 65536 (default)
2024-05-06 08:59:31,941 [0e9e7d01-6cef-4822-a23d-4188eb8fb4d0@group-78EE1D651754-LeaderElection19] INFO  server.RaftServerConfigKeys (ConfUtils.java:logGet(46)) - raft.server.read.leader.lease.enabled = false (default)
2024-05-06 08:59:31,941 [0e9e7d01-6cef-4822-a23d-4188eb8fb4d0@group-78EE1D651754-LeaderElection19] INFO  server.RaftServerConfigKeys (ConfUtils.java:logGet(46)) - raft.server.read.leader.lease.timeout.ratio = 0.9 (default)
2024-05-06 08:59:31,941 [0e9e7d01-6cef-4822-a23d-4188eb8fb4d0@group-78EE1D651754-LeaderElection19] INFO  server.RaftServerConfigKeys (ConfUtils.java:logGet(46)) - raft.server.rpc.timeout.min = 5s (custom)
2024-05-06 08:59:31,941 [0e9e7d01-6cef-4822-a23d-4188eb8fb4d0@group-78EE1D651754-LeaderElection19] INFO  server.RaftServerConfigKeys (ConfUtils.java:logGet(46)) - raft.server.write.element-limit = 1024 (custom)
2024-05-06 08:59:31,941 [0e9e7d01-6cef-4822-a23d-4188eb8fb4d0@group-78EE1D651754-LeaderElection19] INFO  server.RaftServerConfigKeys (ConfUtils.java:logGet(46)) - raft.server.write.follower.gap.ratio.max = -1.0 (default)
2024-05-06 08:59:31,942 [0e9e7d01-6cef-4822-a23d-4188eb8fb4d0@group-78EE1D651754-LeaderElection19] INFO  server.RaftServerConfigKeys (ConfUtils.java:logGet(46)) - raft.server.log.appender.snapshot.chunk.size.max = 16MB (=16777216) (default)
2024-05-06 08:59:31,942 [0e9e7d01-6cef-4822-a23d-4188eb8fb4d0@group-78EE1D651754-LeaderElection19] INFO  server.RaftServerConfigKeys (ConfUtils.java:logGet(46)) - raft.server.log.appender.buffer.byte-limit = 8388608 (custom)
2024-05-06 08:59:31,942 [0e9e7d01-6cef-4822-a23d-4188eb8fb4d0@group-78EE1D651754-LeaderElection19] INFO  server.RaftServerConfigKeys (ConfUtils.java:logGet(46)) - raft.server.log.appender.buffer.element-limit = 1 (custom)
2024-05-06 08:59:31,942 [0e9e7d01-6cef-4822-a23d-4188eb8fb4d0@group-78EE1D651754-LeaderElection19] INFO  server.RaftServerConfigKeys (ConfUtils.java:logGet(46)) - raft.server.log.appender.wait-time.min = 0ms (custom)
2024-05-06 08:59:31,942 [0e9e7d01-6cef-4822-a23d-4188eb8fb4d0@group-78EE1D651754-LeaderElection19] INFO  grpc.GrpcConfigKeys (ConfUtils.java:logGet(46)) - raft.grpc.server.leader.outstanding.appends.max = 8 (default)
2024-05-06 08:59:31,942 [0e9e7d01-6cef-4822-a23d-4188eb8fb4d0@group-78EE1D651754-LeaderElection19] INFO  server.RaftServerConfigKeys (ConfUtils.java:logGet(46)) - raft.server.rpc.request.timeout = 3000ms (default)
2024-05-06 08:59:31,942 [0e9e7d01-6cef-4822-a23d-4188eb8fb4d0@group-78EE1D651754-LeaderElection19] INFO  grpc.GrpcConfigKeys (ConfUtils.java:logGet(46)) - raft.grpc.server.install_snapshot.request.element-limit = 8 (default)
2024-05-06 08:59:31,942 [0e9e7d01-6cef-4822-a23d-4188eb8fb4d0@group-78EE1D651754-LeaderElection19] INFO  grpc.GrpcConfigKeys (ConfUtils.java:logGet(46)) - raft.grpc.server.install_snapshot.request.timeout = 3000ms (default)
2024-05-06 08:59:31,942 [0e9e7d01-6cef-4822-a23d-4188eb8fb4d0@group-78EE1D651754-LeaderElection19] INFO  grpc.GrpcConfigKeys (ConfUtils.java:logGet(46)) - raft.grpc.server.log-message.batch.duration = 5s (default)
2024-05-06 08:59:31,942 [0e9e7d01-6cef-4822-a23d-4188eb8fb4d0@group-78EE1D651754-LeaderElection19] INFO  server.RaftServerConfigKeys (ConfUtils.java:logGet(46)) - raft.server.log.appender.install.snapshot.enabled = false (custom)
2024-05-06 08:59:31,942 [0e9e7d01-6cef-4822-a23d-4188eb8fb4d0@group-78EE1D651754-LeaderElection19] INFO  grpc.GrpcConfigKeys (ConfUtils.java:logGet(46)) - raft.grpc.server.heartbeat.channel = true (default)
2024-05-06 08:59:31,944 [0e9e7d01-6cef-4822-a23d-4188eb8fb4d0@group-78EE1D651754-LeaderElection19] INFO  server.RaftServerConfigKeys (ConfUtils.java:logGet(46)) - raft.server.log.appender.snapshot.chunk.size.max = 16MB (=16777216) (default)
2024-05-06 08:59:31,944 [0e9e7d01-6cef-4822-a23d-4188eb8fb4d0@group-78EE1D651754-LeaderElection19] INFO  server.RaftServerConfigKeys (ConfUtils.java:logGet(46)) - raft.server.log.appender.buffer.byte-limit = 8388608 (custom)
2024-05-06 08:59:31,944 [0e9e7d01-6cef-4822-a23d-4188eb8fb4d0@group-78EE1D651754-LeaderElection19] INFO  server.RaftServerConfigKeys (ConfUtils.java:logGet(46)) - raft.server.log.appender.buffer.element-limit = 1 (custom)
2024-05-06 08:59:31,946 [0e9e7d01-6cef-4822-a23d-4188eb8fb4d0@group-78EE1D651754-LeaderElection19] INFO  server.RaftServerConfigKeys (ConfUtils.java:logGet(46)) - raft.server.log.appender.wait-time.min = 0ms (custom)
2024-05-06 08:59:31,947 [0e9e7d01-6cef-4822-a23d-4188eb8fb4d0@group-78EE1D651754-LeaderElection19] INFO  grpc.GrpcConfigKeys (ConfUtils.java:logGet(46)) - raft.grpc.server.leader.outstanding.appends.max = 8 (default)
2024-05-06 08:59:31,947 [0e9e7d01-6cef-4822-a23d-4188eb8fb4d0@group-78EE1D651754-LeaderElection19] INFO  server.RaftServerConfigKeys (ConfUtils.java:logGet(46)) - raft.server.rpc.request.timeout = 3000ms (default)
2024-05-06 08:59:31,947 [0e9e7d01-6cef-4822-a23d-4188eb8fb4d0@group-78EE1D651754-LeaderElection19] INFO  grpc.GrpcConfigKeys (ConfUtils.java:logGet(46)) - raft.grpc.server.install_snapshot.request.element-limit = 8 (default)
2024-05-06 08:59:31,947 [0e9e7d01-6cef-4822-a23d-4188eb8fb4d0@group-78EE1D651754-LeaderElection19] INFO  grpc.GrpcConfigKeys (ConfUtils.java:logGet(46)) - raft.grpc.server.install_snapshot.request.timeout = 3000ms (default)
2024-05-06 08:59:31,947 [0e9e7d01-6cef-4822-a23d-4188eb8fb4d0@group-78EE1D651754-LeaderElection19] INFO  grpc.GrpcConfigKeys (ConfUtils.java:logGet(46)) - raft.grpc.server.log-message.batch.duration = 5s (default)
2024-05-06 08:59:31,947 [0e9e7d01-6cef-4822-a23d-4188eb8fb4d0@group-78EE1D651754-LeaderElection19] INFO  server.RaftServerConfigKeys (ConfUtils.java:logGet(46)) - raft.server.log.appender.install.snapshot.enabled = false (custom)
2024-05-06 08:59:31,948 [0e9e7d01-6cef-4822-a23d-4188eb8fb4d0@group-78EE1D651754-LeaderElection19] INFO  grpc.GrpcConfigKeys (ConfUtils.java:logGet(46)) - raft.grpc.server.heartbeat.channel = true (default)
2024-05-06 08:59:31,948 [0e9e7d01-6cef-4822-a23d-4188eb8fb4d0@group-78EE1D651754-LeaderElection19] INFO  impl.RoleInfo (RoleInfo.java:updateAndGet(139)) - 0e9e7d01-6cef-4822-a23d-4188eb8fb4d0: start 0e9e7d01-6cef-4822-a23d-4188eb8fb4d0@group-78EE1D651754-LeaderStateImpl
2024-05-06 08:59:31,948 [0e9e7d01-6cef-4822-a23d-4188eb8fb4d0@group-78EE1D651754-LeaderElection19] INFO  server.RaftServer$Division (RaftServerImpl.java:setFirstElection(574)) - 0e9e7d01-6cef-4822-a23d-4188eb8fb4d0@group-78EE1D651754: set firstElectionSinceStartup to false for becomeLeader
2024-05-06 08:59:31,948 [0e9e7d01-6cef-4822-a23d-4188eb8fb4d0@group-78EE1D651754-LeaderElection19] INFO  ratis.XceiverServerRatis (XceiverServerRatis.java:handleLeaderChangedNotification(966)) - Leader change notification received for group: group-78EE1D651754 with new leaderId: 0e9e7d01-6cef-4822-a23d-4188eb8fb4d0
2024-05-06 08:59:31,948 [0e9e7d01-6cef-4822-a23d-4188eb8fb4d0@group-78EE1D651754-LeaderElection19] INFO  server.RaftServer$Division (ServerState.java:setLeader(269)) - 0e9e7d01-6cef-4822-a23d-4188eb8fb4d0@group-78EE1D651754: change Leader from null to 0e9e7d01-6cef-4822-a23d-4188eb8fb4d0 at term 1 for becomeLeader, leader elected after 5196ms
2024-05-06 08:59:31,948 [0e9e7d01-6cef-4822-a23d-4188eb8fb4d0@group-78EE1D651754-LeaderElection19] INFO  segmented.SegmentedRaftLogWorker (SegmentedRaftLogWorker.java:startLogSegment(430)) - 0e9e7d01-6cef-4822-a23d-4188eb8fb4d0@group-78EE1D651754-SegmentedRaftLogWorker: Starting segment from index:0
2024-05-06 08:59:31,945 [90b7064f-8397-4c9e-a509-54ea80c9149b@group-8701510A3190-LeaderElection20] INFO  impl.LeaderElection (LeaderElection.java:askForVotes(321)) - 90b7064f-8397-4c9e-a509-54ea80c9149b@group-8701510A3190-LeaderElection20 PRE_VOTE round 0: submit vote requests at term 0 for -1: peers:[0e9e7d01-6cef-4822-a23d-4188eb8fb4d0|127.0.0.1:15085, 90b7064f-8397-4c9e-a509-54ea80c9149b|127.0.0.1:15067, 784e0075-095e-4f49-808e-af9ec74479d6|127.0.0.1:15076]|listeners:[], old=null
2024-05-06 08:59:31,947 [grpc-default-executor-0] INFO  server.RaftServer$Division (RaftServerImpl.java:requestVote(1422)) - 784e0075-095e-4f49-808e-af9ec74479d6@group-78EE1D651754 replies to ELECTION vote request: 0e9e7d01-6cef-4822-a23d-4188eb8fb4d0<-784e0075-095e-4f49-808e-af9ec74479d6#0:OK-t1. Peer's state: 784e0075-095e-4f49-808e-af9ec74479d6@group-78EE1D651754:t1, leader=null, voted=0e9e7d01-6cef-4822-a23d-4188eb8fb4d0, raftlog=Memoized:784e0075-095e-4f49-808e-af9ec74479d6@group-78EE1D651754-SegmentedRaftLog:OPENED:c-1, conf=-1: peers:[0e9e7d01-6cef-4822-a23d-4188eb8fb4d0|127.0.0.1:15085, 90b7064f-8397-4c9e-a509-54ea80c9149b|127.0.0.1:15067, 784e0075-095e-4f49-808e-af9ec74479d6|127.0.0.1:15076]|listeners:[], old=null
2024-05-06 08:59:31,949 [0e9e7d01-6cef-4822-a23d-4188eb8fb4d0@group-78EE1D651754-SegmentedRaftLogWorker] INFO  segmented.BufferedWriteChannel (BufferedWriteChannel.java:open(62)) - open log_inprogress_0 at position 0
2024-05-06 08:59:31,951 [EventQueue-PipelineReportForPipelineReportHandler] INFO  pipeline.PipelineReportHandler (PipelineReportHandler.java:processPipelineReport(136)) - Opened pipeline PipelineID=f9c5d62b-efaf-469a-aada-78ee1d651754
2024-05-06 08:59:31,952 [2bd728a8-2257-45fc-a304-d79856c752fc@group-C866081F3671-FollowerState] INFO  impl.FollowerState (FollowerState.java:run(143)) - 2bd728a8-2257-45fc-a304-d79856c752fc@group-C866081F3671-FollowerState: change to CANDIDATE, lastRpcElapsedTime:5091304589ns, electionTimeout:5090ms
2024-05-06 08:59:31,953 [2bd728a8-2257-45fc-a304-d79856c752fc@group-C866081F3671-FollowerState] INFO  impl.RoleInfo (RoleInfo.java:shutdownFollowerState(110)) - 2bd728a8-2257-45fc-a304-d79856c752fc: shutdown 2bd728a8-2257-45fc-a304-d79856c752fc@group-C866081F3671-FollowerState
2024-05-06 08:59:31,953 [2bd728a8-2257-45fc-a304-d79856c752fc@group-C866081F3671-FollowerState] INFO  server.RaftServer$Division (RaftServerImpl.java:setRole(383)) - 2bd728a8-2257-45fc-a304-d79856c752fc@group-C866081F3671: changes role from  FOLLOWER to CANDIDATE at term 0 for changeToCandidate
2024-05-06 08:59:31,953 [2bd728a8-2257-45fc-a304-d79856c752fc@group-C866081F3671-FollowerState] INFO  server.RaftServerConfigKeys (ConfUtils.java:logGet(46)) - raft.server.leaderelection.pre-vote = true (default)
2024-05-06 08:59:31,953 [2bd728a8-2257-45fc-a304-d79856c752fc@group-C866081F3671-FollowerState] INFO  impl.RoleInfo (RoleInfo.java:updateAndGet(139)) - 2bd728a8-2257-45fc-a304-d79856c752fc: start 2bd728a8-2257-45fc-a304-d79856c752fc@group-C866081F3671-LeaderElection21
2024-05-06 08:59:31,953 [0e9e7d01-6cef-4822-a23d-4188eb8fb4d0@group-78EE1D651754-LeaderElection19] INFO  server.RaftServer$Division (ServerState.java:setRaftConf(386)) - 0e9e7d01-6cef-4822-a23d-4188eb8fb4d0@group-78EE1D651754: set configuration 0: peers:[0e9e7d01-6cef-4822-a23d-4188eb8fb4d0|127.0.0.1:15085, 90b7064f-8397-4c9e-a509-54ea80c9149b|127.0.0.1:15067, 784e0075-095e-4f49-808e-af9ec74479d6|127.0.0.1:15076]|listeners:[], old=null
2024-05-06 08:59:31,955 [90b7064f-8397-4c9e-a509-54ea80c9149b@group-8701510A3190-LeaderElection20] INFO  server.RaftServerConfigKeys (ConfUtils.java:logFallback(53)) - raft.server.rpc.first-election.timeout.min = 5s (fallback to raft.server.rpc.timeout.min)
2024-05-06 08:59:31,955 [90b7064f-8397-4c9e-a509-54ea80c9149b@group-8701510A3190-LeaderElection20] INFO  server.RaftServerConfigKeys (ConfUtils.java:logFallback(53)) - raft.server.rpc.first-election.timeout.max = 5200ms (fallback to raft.server.rpc.timeout.max)
2024-05-06 08:59:31,958 [0e9e7d01-6cef-4822-a23d-4188eb8fb4d0@group-78EE1D651754-SegmentedRaftLogWorker] INFO  segmented.SegmentedRaftLogWorker (SegmentedRaftLogWorker.java:execute(634)) - 0e9e7d01-6cef-4822-a23d-4188eb8fb4d0@group-78EE1D651754-SegmentedRaftLogWorker: created new log segment /home/runner/work/ozone/ozone/hadoop-ozone/integration-test/target/test-dir/MiniOzoneClusterImpl-f8a20603-669c-41d5-94ea-e080bd68b2ef/ozone-meta/datanode-3/ratis/f9c5d62b-efaf-469a-aada-78ee1d651754/current/log_inprogress_0
2024-05-06 08:59:31,960 [2bd728a8-2257-45fc-a304-d79856c752fc@group-C866081F3671-LeaderElection21] INFO  impl.LeaderElection (LeaderElection.java:askForVotes(321)) - 2bd728a8-2257-45fc-a304-d79856c752fc@group-C866081F3671-LeaderElection21 PRE_VOTE round 0: submit vote requests at term 0 for -1: peers:[2bd728a8-2257-45fc-a304-d79856c752fc|127.0.0.1:15094]|listeners:[], old=null
2024-05-06 08:59:31,960 [2bd728a8-2257-45fc-a304-d79856c752fc@group-C866081F3671-LeaderElection21] INFO  impl.LeaderElection (LeaderElection.java:askForVotes(323)) - 2bd728a8-2257-45fc-a304-d79856c752fc@group-C866081F3671-LeaderElection21 PRE_VOTE round 0: result PASSED (term=0)
2024-05-06 08:59:31,961 [2bd728a8-2257-45fc-a304-d79856c752fc@group-C866081F3671-LeaderElection21] INFO  impl.LeaderElection (LeaderElection.java:askForVotes(321)) - 2bd728a8-2257-45fc-a304-d79856c752fc@group-C866081F3671-LeaderElection21 ELECTION round 0: submit vote requests at term 1 for -1: peers:[2bd728a8-2257-45fc-a304-d79856c752fc|127.0.0.1:15094]|listeners:[], old=null
2024-05-06 08:59:31,961 [2bd728a8-2257-45fc-a304-d79856c752fc@group-C866081F3671-LeaderElection21] INFO  impl.LeaderElection (LeaderElection.java:askForVotes(323)) - 2bd728a8-2257-45fc-a304-d79856c752fc@group-C866081F3671-LeaderElection21 ELECTION round 0: result PASSED (term=1)
2024-05-06 08:59:31,961 [2bd728a8-2257-45fc-a304-d79856c752fc@group-C866081F3671-LeaderElection21] INFO  impl.RoleInfo (RoleInfo.java:shutdownLeaderElection(130)) - 2bd728a8-2257-45fc-a304-d79856c752fc: shutdown 2bd728a8-2257-45fc-a304-d79856c752fc@group-C866081F3671-LeaderElection21
2024-05-06 08:59:31,961 [2bd728a8-2257-45fc-a304-d79856c752fc@group-C866081F3671-LeaderElection21] INFO  server.RaftServer$Division (RaftServerImpl.java:setRole(383)) - 2bd728a8-2257-45fc-a304-d79856c752fc@group-C866081F3671: changes role from CANDIDATE to LEADER at term 1 for changeToLeader
2024-05-06 08:59:31,961 [2bd728a8-2257-45fc-a304-d79856c752fc@group-C866081F3671-LeaderElection21] INFO  server.RaftServerConfigKeys (ConfUtils.java:logGet(46)) - raft.server.staging.catchup.gap = 1000 (default)
2024-05-06 08:59:31,962 [2bd728a8-2257-45fc-a304-d79856c752fc@group-C866081F3671-LeaderElection21] INFO  server.RaftServerConfigKeys (ConfUtils.java:logGet(46)) - raft.server.write.element-limit = 1024 (custom)
2024-05-06 08:59:31,962 [2bd728a8-2257-45fc-a304-d79856c752fc@group-C866081F3671-LeaderElection21] INFO  server.RaftServerConfigKeys (ConfUtils.java:logGet(46)) - raft.server.write.byte-limit = 1024 M (=1073741824) (custom)
2024-05-06 08:59:31,962 [2bd728a8-2257-45fc-a304-d79856c752fc@group-C866081F3671-LeaderElection21] INFO  server.RaftServerConfigKeys (ConfUtils.java:logGet(46)) - raft.server.watch.timeout = 3000ms (custom)
2024-05-06 08:59:31,962 [2bd728a8-2257-45fc-a304-d79856c752fc@group-C866081F3671-LeaderElection21] INFO  server.RaftServerConfigKeys (ConfUtils.java:logGet(46)) - raft.server.watch.timeout.denomination = 1s (default)
2024-05-06 08:59:31,962 [2bd728a8-2257-45fc-a304-d79856c752fc@group-C866081F3671-LeaderElection21] INFO  server.RaftServerConfigKeys (ConfUtils.java:logGet(46)) - raft.server.watch.element-limit = 65536 (default)
2024-05-06 08:59:31,962 [2bd728a8-2257-45fc-a304-d79856c752fc@group-C866081F3671-LeaderElection21] INFO  server.RaftServerConfigKeys (ConfUtils.java:logGet(46)) - raft.server.read.leader.lease.enabled = false (default)
2024-05-06 08:59:31,962 [2bd728a8-2257-45fc-a304-d79856c752fc@group-C866081F3671-LeaderElection21] INFO  server.RaftServerConfigKeys (ConfUtils.java:logGet(46)) - raft.server.read.leader.lease.timeout.ratio = 0.9 (default)
2024-05-06 08:59:31,962 [2bd728a8-2257-45fc-a304-d79856c752fc@group-C866081F3671-LeaderElection21] INFO  server.RaftServerConfigKeys (ConfUtils.java:logGet(46)) - raft.server.rpc.timeout.min = 5s (custom)
2024-05-06 08:59:31,962 [2bd728a8-2257-45fc-a304-d79856c752fc@group-C866081F3671-LeaderElection21] INFO  server.RaftServerConfigKeys (ConfUtils.java:logGet(46)) - raft.server.write.element-limit = 1024 (custom)
2024-05-06 08:59:31,962 [2bd728a8-2257-45fc-a304-d79856c752fc@group-C866081F3671-LeaderElection21] INFO  server.RaftServerConfigKeys (ConfUtils.java:logGet(46)) - raft.server.write.follower.gap.ratio.max = -1.0 (default)
2024-05-06 08:59:31,963 [2bd728a8-2257-45fc-a304-d79856c752fc@group-C866081F3671-LeaderElection21] INFO  impl.RoleInfo (RoleInfo.java:updateAndGet(139)) - 2bd728a8-2257-45fc-a304-d79856c752fc: start 2bd728a8-2257-45fc-a304-d79856c752fc@group-C866081F3671-LeaderStateImpl
2024-05-06 08:59:31,963 [2bd728a8-2257-45fc-a304-d79856c752fc@group-C866081F3671-LeaderElection21] INFO  server.RaftServer$Division (RaftServerImpl.java:setFirstElection(574)) - 2bd728a8-2257-45fc-a304-d79856c752fc@group-C866081F3671: set firstElectionSinceStartup to false for becomeLeader
2024-05-06 08:59:31,963 [2bd728a8-2257-45fc-a304-d79856c752fc@group-C866081F3671-LeaderElection21] INFO  ratis.XceiverServerRatis (XceiverServerRatis.java:handleLeaderChangedNotification(966)) - Leader change notification received for group: group-C866081F3671 with new leaderId: 2bd728a8-2257-45fc-a304-d79856c752fc
2024-05-06 08:59:31,963 [0e9e7d01-6cef-4822-a23d-4188eb8fb4d0@group-8701510A3190-FollowerState] INFO  impl.FollowerState (FollowerState.java:run(143)) - 0e9e7d01-6cef-4822-a23d-4188eb8fb4d0@group-8701510A3190-FollowerState: change to CANDIDATE, lastRpcElapsedTime:5115223908ns, electionTimeout:5101ms
2024-05-06 08:59:31,963 [0e9e7d01-6cef-4822-a23d-4188eb8fb4d0@group-8701510A3190-FollowerState] INFO  impl.RoleInfo (RoleInfo.java:shutdownFollowerState(110)) - 0e9e7d01-6cef-4822-a23d-4188eb8fb4d0: shutdown 0e9e7d01-6cef-4822-a23d-4188eb8fb4d0@group-8701510A3190-FollowerState
2024-05-06 08:59:31,963 [0e9e7d01-6cef-4822-a23d-4188eb8fb4d0@group-8701510A3190-FollowerState] INFO  server.RaftServer$Division (RaftServerImpl.java:setRole(383)) - 0e9e7d01-6cef-4822-a23d-4188eb8fb4d0@group-8701510A3190: changes role from  FOLLOWER to CANDIDATE at term 0 for changeToCandidate
2024-05-06 08:59:31,963 [0e9e7d01-6cef-4822-a23d-4188eb8fb4d0@group-8701510A3190-FollowerState] INFO  server.RaftServerConfigKeys (ConfUtils.java:logGet(46)) - raft.server.leaderelection.pre-vote = true (default)
2024-05-06 08:59:31,963 [0e9e7d01-6cef-4822-a23d-4188eb8fb4d0@group-8701510A3190-FollowerState] INFO  impl.RoleInfo (RoleInfo.java:updateAndGet(139)) - 0e9e7d01-6cef-4822-a23d-4188eb8fb4d0: start 0e9e7d01-6cef-4822-a23d-4188eb8fb4d0@group-8701510A3190-LeaderElection22
2024-05-06 08:59:31,963 [2bd728a8-2257-45fc-a304-d79856c752fc@group-C866081F3671-LeaderElection21] INFO  server.RaftServer$Division (ServerState.java:setLeader(269)) - 2bd728a8-2257-45fc-a304-d79856c752fc@group-C866081F3671: change Leader from null to 2bd728a8-2257-45fc-a304-d79856c752fc at term 1 for becomeLeader, leader elected after 5125ms
2024-05-06 08:59:31,963 [2bd728a8-2257-45fc-a304-d79856c752fc@group-C866081F3671-LeaderElection21] INFO  segmented.SegmentedRaftLogWorker (SegmentedRaftLogWorker.java:startLogSegment(430)) - 2bd728a8-2257-45fc-a304-d79856c752fc@group-C866081F3671-SegmentedRaftLogWorker: Starting segment from index:0
2024-05-06 08:59:31,963 [2bd728a8-2257-45fc-a304-d79856c752fc@group-C866081F3671-LeaderElection21] INFO  server.RaftServer$Division (ServerState.java:setRaftConf(386)) - 2bd728a8-2257-45fc-a304-d79856c752fc@group-C866081F3671: set configuration 0: peers:[2bd728a8-2257-45fc-a304-d79856c752fc|127.0.0.1:15094]|listeners:[], old=null
2024-05-06 08:59:31,963 [2bd728a8-2257-45fc-a304-d79856c752fc@group-C866081F3671-SegmentedRaftLogWorker] INFO  segmented.BufferedWriteChannel (BufferedWriteChannel.java:open(62)) - open log_inprogress_0 at position 0
2024-05-06 08:59:31,966 [grpc-default-executor-1] INFO  server.RaftServer$Division (RaftServerImpl.java:requestVote(1389)) - 784e0075-095e-4f49-808e-af9ec74479d6@group-8701510A3190: receive requestVote(PRE_VOTE, 90b7064f-8397-4c9e-a509-54ea80c9149b, group-8701510A3190, 0, (t:0, i:0))
2024-05-06 08:59:31,966 [grpc-default-executor-1] INFO  impl.VoteContext (VoteContext.java:log(49)) - 784e0075-095e-4f49-808e-af9ec74479d6@group-8701510A3190-FOLLOWER: reject PRE_VOTE from 90b7064f-8397-4c9e-a509-54ea80c9149b: our priority 1 > candidate's priority 0
2024-05-06 08:59:31,966 [grpc-default-executor-1] INFO  server.RaftServer$Division (RaftServerImpl.java:requestVote(1422)) - 784e0075-095e-4f49-808e-af9ec74479d6@group-8701510A3190 replies to PRE_VOTE vote request: 90b7064f-8397-4c9e-a509-54ea80c9149b<-784e0075-095e-4f49-808e-af9ec74479d6#0:FAIL-t0. Peer's state: 784e0075-095e-4f49-808e-af9ec74479d6@group-8701510A3190:t0, leader=null, voted=, raftlog=Memoized:784e0075-095e-4f49-808e-af9ec74479d6@group-8701510A3190-SegmentedRaftLog:OPENED:c-1, conf=-1: peers:[0e9e7d01-6cef-4822-a23d-4188eb8fb4d0|127.0.0.1:15085, 90b7064f-8397-4c9e-a509-54ea80c9149b|127.0.0.1:15067, 784e0075-095e-4f49-808e-af9ec74479d6|127.0.0.1:15076]|listeners:[], old=null
2024-05-06 08:59:31,970 [90b7064f-8397-4c9e-a509-54ea80c9149b@group-8701510A3190-LeaderElection20] INFO  impl.LeaderElection (LeaderElection.java:logAndReturn(89)) - 90b7064f-8397-4c9e-a509-54ea80c9149b@group-8701510A3190-LeaderElection20: PRE_VOTE REJECTED received 1 response(s) and 0 exception(s):
2024-05-06 08:59:31,970 [90b7064f-8397-4c9e-a509-54ea80c9149b@group-8701510A3190-LeaderElection20] INFO  impl.LeaderElection (LeaderElection.java:logAndReturn(93)) -   Response 0: 90b7064f-8397-4c9e-a509-54ea80c9149b<-784e0075-095e-4f49-808e-af9ec74479d6#0:FAIL-t0
2024-05-06 08:59:31,970 [90b7064f-8397-4c9e-a509-54ea80c9149b@group-8701510A3190-LeaderElection20] INFO  impl.LeaderElection (LeaderElection.java:askForVotes(323)) - 90b7064f-8397-4c9e-a509-54ea80c9149b@group-8701510A3190-LeaderElection20 PRE_VOTE round 0: result REJECTED
2024-05-06 08:59:31,970 [90b7064f-8397-4c9e-a509-54ea80c9149b@group-8701510A3190-LeaderElection20] INFO  server.RaftServer$Division (RaftServerImpl.java:setRole(383)) - 90b7064f-8397-4c9e-a509-54ea80c9149b@group-8701510A3190: changes role from CANDIDATE to FOLLOWER at term 0 for REJECTED
2024-05-06 08:59:31,970 [90b7064f-8397-4c9e-a509-54ea80c9149b@group-8701510A3190-LeaderElection20] INFO  impl.RoleInfo (RoleInfo.java:shutdownLeaderElection(130)) - 90b7064f-8397-4c9e-a509-54ea80c9149b: shutdown 90b7064f-8397-4c9e-a509-54ea80c9149b@group-8701510A3190-LeaderElection20
2024-05-06 08:59:31,970 [90b7064f-8397-4c9e-a509-54ea80c9149b@group-8701510A3190-LeaderElection20] INFO  impl.RoleInfo (RoleInfo.java:updateAndGet(139)) - 90b7064f-8397-4c9e-a509-54ea80c9149b: start 90b7064f-8397-4c9e-a509-54ea80c9149b@group-8701510A3190-FollowerState
2024-05-06 08:59:31,974 [2bd728a8-2257-45fc-a304-d79856c752fc@group-C866081F3671-SegmentedRaftLogWorker] INFO  segmented.SegmentedRaftLogWorker (SegmentedRaftLogWorker.java:execute(634)) - 2bd728a8-2257-45fc-a304-d79856c752fc@group-C866081F3671-SegmentedRaftLogWorker: created new log segment /home/runner/work/ozone/ozone/hadoop-ozone/integration-test/target/test-dir/MiniOzoneClusterImpl-f8a20603-669c-41d5-94ea-e080bd68b2ef/ozone-meta/datanode-4/ratis/0a2986ce-992b-45d9-b321-c866081f3671/current/log_inprogress_0
2024-05-06 08:59:31,977 [784e0075-095e-4f49-808e-af9ec74479d6@group-8701510A3190-FollowerState] INFO  impl.FollowerState (FollowerState.java:run(143)) - 784e0075-095e-4f49-808e-af9ec74479d6@group-8701510A3190-FollowerState: change to CANDIDATE, lastRpcElapsedTime:5175176681ns, electionTimeout:5174ms
2024-05-06 08:59:31,977 [784e0075-095e-4f49-808e-af9ec74479d6@group-8701510A3190-FollowerState] INFO  impl.RoleInfo (RoleInfo.java:shutdownFollowerState(110)) - 784e0075-095e-4f49-808e-af9ec74479d6: shutdown 784e0075-095e-4f49-808e-af9ec74479d6@group-8701510A3190-FollowerState
2024-05-06 08:59:31,977 [784e0075-095e-4f49-808e-af9ec74479d6@group-8701510A3190-FollowerState] INFO  server.RaftServer$Division (RaftServerImpl.java:setRole(383)) - 784e0075-095e-4f49-808e-af9ec74479d6@group-8701510A3190: changes role from  FOLLOWER to CANDIDATE at term 0 for changeToCandidate
2024-05-06 08:59:31,977 [784e0075-095e-4f49-808e-af9ec74479d6@group-8701510A3190-FollowerState] INFO  server.RaftServerConfigKeys (ConfUtils.java:logGet(46)) - raft.server.leaderelection.pre-vote = true (default)
2024-05-06 08:59:31,977 [784e0075-095e-4f49-808e-af9ec74479d6@group-8701510A3190-FollowerState] INFO  impl.RoleInfo (RoleInfo.java:updateAndGet(139)) - 784e0075-095e-4f49-808e-af9ec74479d6: start 784e0075-095e-4f49-808e-af9ec74479d6@group-8701510A3190-LeaderElection23
2024-05-06 08:59:31,980 [grpc-default-executor-6] INFO  server.RaftServer$Division (RaftServerImpl.java:requestVote(1389)) - 0e9e7d01-6cef-4822-a23d-4188eb8fb4d0@group-8701510A3190: receive requestVote(PRE_VOTE, 90b7064f-8397-4c9e-a509-54ea80c9149b, group-8701510A3190, 0, (t:0, i:0))
2024-05-06 08:59:31,983 [grpc-default-executor-6] INFO  impl.VoteContext (VoteContext.java:log(49)) - 0e9e7d01-6cef-4822-a23d-4188eb8fb4d0@group-8701510A3190-CANDIDATE: accept PRE_VOTE from 90b7064f-8397-4c9e-a509-54ea80c9149b: our priority 0 <= candidate's priority 0
2024-05-06 08:59:31,983 [grpc-default-executor-6] INFO  server.RaftServer$Division (RaftServerImpl.java:requestVote(1422)) - 0e9e7d01-6cef-4822-a23d-4188eb8fb4d0@group-8701510A3190 replies to PRE_VOTE vote request: 90b7064f-8397-4c9e-a509-54ea80c9149b<-0e9e7d01-6cef-4822-a23d-4188eb8fb4d0#0:OK-t0. Peer's state: 0e9e7d01-6cef-4822-a23d-4188eb8fb4d0@group-8701510A3190:t0, leader=null, voted=, raftlog=Memoized:0e9e7d01-6cef-4822-a23d-4188eb8fb4d0@group-8701510A3190-SegmentedRaftLog:OPENED:c-1, conf=-1: peers:[0e9e7d01-6cef-4822-a23d-4188eb8fb4d0|127.0.0.1:15085, 90b7064f-8397-4c9e-a509-54ea80c9149b|127.0.0.1:15067, 784e0075-095e-4f49-808e-af9ec74479d6|127.0.0.1:15076]|listeners:[], old=null
2024-05-06 08:59:31,986 [90b7064f-8397-4c9e-a509-54ea80c9149b-server-thread1] INFO  ratis.XceiverServerRatis (XceiverServerRatis.java:handleLeaderChangedNotification(966)) - Leader change notification received for group: group-78EE1D651754 with new leaderId: 0e9e7d01-6cef-4822-a23d-4188eb8fb4d0
2024-05-06 08:59:31,986 [90b7064f-8397-4c9e-a509-54ea80c9149b-server-thread1] INFO  server.RaftServer$Division (ServerState.java:setLeader(269)) - 90b7064f-8397-4c9e-a509-54ea80c9149b@group-78EE1D651754: change Leader from null to 0e9e7d01-6cef-4822-a23d-4188eb8fb4d0 at term 1 for appendEntries, leader elected after 5258ms
2024-05-06 08:59:31,986 [90b7064f-8397-4c9e-a509-54ea80c9149b@group-8701510A3190-LeaderElection20] INFO  server.RaftServer$Division (RaftServerImpl.java:setFirstElection(574)) - 90b7064f-8397-4c9e-a509-54ea80c9149b@group-8701510A3190: set firstElectionSinceStartup to false for REJECTED
2024-05-06 08:59:31,990 [784e0075-095e-4f49-808e-af9ec74479d6-server-thread1] INFO  ratis.XceiverServerRatis (XceiverServerRatis.java:handleLeaderChangedNotification(966)) - Leader change notification received for group: group-78EE1D651754 with new leaderId: 0e9e7d01-6cef-4822-a23d-4188eb8fb4d0
2024-05-06 08:59:31,990 [784e0075-095e-4f49-808e-af9ec74479d6-server-thread1] INFO  server.RaftServer$Division (ServerState.java:setLeader(269)) - 784e0075-095e-4f49-808e-af9ec74479d6@group-78EE1D651754: change Leader from null to 0e9e7d01-6cef-4822-a23d-4188eb8fb4d0 at term 1 for appendEntries, leader elected after 5305ms
2024-05-06 08:59:31,990 [0e9e7d01-6cef-4822-a23d-4188eb8fb4d0@group-8701510A3190-LeaderElection22] INFO  impl.LeaderElection (LeaderElection.java:askForVotes(321)) - 0e9e7d01-6cef-4822-a23d-4188eb8fb4d0@group-8701510A3190-LeaderElection22 PRE_VOTE round 0: submit vote requests at term 0 for -1: peers:[0e9e7d01-6cef-4822-a23d-4188eb8fb4d0|127.0.0.1:15085, 90b7064f-8397-4c9e-a509-54ea80c9149b|127.0.0.1:15067, 784e0075-095e-4f49-808e-af9ec74479d6|127.0.0.1:15076]|listeners:[], old=null
2024-05-06 08:59:31,990 [784e0075-095e-4f49-808e-af9ec74479d6@group-8701510A3190-LeaderElection23] INFO  impl.LeaderElection (LeaderElection.java:askForVotes(321)) - 784e0075-095e-4f49-808e-af9ec74479d6@group-8701510A3190-LeaderElection23 PRE_VOTE round 0: submit vote requests at term 0 for -1: peers:[0e9e7d01-6cef-4822-a23d-4188eb8fb4d0|127.0.0.1:15085, 90b7064f-8397-4c9e-a509-54ea80c9149b|127.0.0.1:15067, 784e0075-095e-4f49-808e-af9ec74479d6|127.0.0.1:15076]|listeners:[], old=null
2024-05-06 08:59:31,990 [784e0075-095e-4f49-808e-af9ec74479d6-server-thread2] INFO  server.RaftServer$Division (ServerState.java:setRaftConf(386)) - 784e0075-095e-4f49-808e-af9ec74479d6@group-78EE1D651754: set configuration 0: peers:[0e9e7d01-6cef-4822-a23d-4188eb8fb4d0|127.0.0.1:15085, 90b7064f-8397-4c9e-a509-54ea80c9149b|127.0.0.1:15067, 784e0075-095e-4f49-808e-af9ec74479d6|127.0.0.1:15076]|listeners:[], old=null
2024-05-06 08:59:31,991 [784e0075-095e-4f49-808e-af9ec74479d6-server-thread2] INFO  segmented.SegmentedRaftLogWorker (SegmentedRaftLogWorker.java:startLogSegment(430)) - 784e0075-095e-4f49-808e-af9ec74479d6@group-78EE1D651754-SegmentedRaftLogWorker: Starting segment from index:0
2024-05-06 08:59:31,991 [784e0075-095e-4f49-808e-af9ec74479d6@group-78EE1D651754-SegmentedRaftLogWorker] INFO  segmented.BufferedWriteChannel (BufferedWriteChannel.java:open(62)) - open log_inprogress_0 at position 0
2024-05-06 08:59:31,990 [90b7064f-8397-4c9e-a509-54ea80c9149b-server-thread2] INFO  server.RaftServer$Division (ServerState.java:setRaftConf(386)) - 90b7064f-8397-4c9e-a509-54ea80c9149b@group-78EE1D651754: set configuration 0: peers:[0e9e7d01-6cef-4822-a23d-4188eb8fb4d0|127.0.0.1:15085, 90b7064f-8397-4c9e-a509-54ea80c9149b|127.0.0.1:15067, 784e0075-095e-4f49-808e-af9ec74479d6|127.0.0.1:15076]|listeners:[], old=null
2024-05-06 08:59:31,991 [90b7064f-8397-4c9e-a509-54ea80c9149b-server-thread2] INFO  segmented.SegmentedRaftLogWorker (SegmentedRaftLogWorker.java:startLogSegment(430)) - 90b7064f-8397-4c9e-a509-54ea80c9149b@group-78EE1D651754-SegmentedRaftLogWorker: Starting segment from index:0
2024-05-06 08:59:31,991 [90b7064f-8397-4c9e-a509-54ea80c9149b@group-78EE1D651754-SegmentedRaftLogWorker] INFO  segmented.BufferedWriteChannel (BufferedWriteChannel.java:open(62)) - open log_inprogress_0 at position 0
2024-05-06 08:59:32,002 [784e0075-095e-4f49-808e-af9ec74479d6@group-78EE1D651754-SegmentedRaftLogWorker] INFO  segmented.SegmentedRaftLogWorker (SegmentedRaftLogWorker.java:execute(634)) - 784e0075-095e-4f49-808e-af9ec74479d6@group-78EE1D651754-SegmentedRaftLogWorker: created new log segment /home/runner/work/ozone/ozone/hadoop-ozone/integration-test/target/test-dir/MiniOzoneClusterImpl-f8a20603-669c-41d5-94ea-e080bd68b2ef/ozone-meta/datanode-2/ratis/f9c5d62b-efaf-469a-aada-78ee1d651754/current/log_inprogress_0
2024-05-06 08:59:32,002 [90b7064f-8397-4c9e-a509-54ea80c9149b@group-78EE1D651754-SegmentedRaftLogWorker] INFO  segmented.SegmentedRaftLogWorker (SegmentedRaftLogWorker.java:execute(634)) - 90b7064f-8397-4c9e-a509-54ea80c9149b@group-78EE1D651754-SegmentedRaftLogWorker: created new log segment /home/runner/work/ozone/ozone/hadoop-ozone/integration-test/target/test-dir/MiniOzoneClusterImpl-f8a20603-669c-41d5-94ea-e080bd68b2ef/ozone-meta/datanode-1/ratis/f9c5d62b-efaf-469a-aada-78ee1d651754/current/log_inprogress_0
2024-05-06 08:59:32,004 [2bd728a8-2257-45fc-a304-d79856c752fc@group-C866081F3671-StateMachineUpdater] INFO  server.RaftServer$Division (LeaderStateImpl.java:isApplied(320)) - leader is ready since appliedIndex == 0 >= startIndex == 0
2024-05-06 08:59:32,005 [0e9e7d01-6cef-4822-a23d-4188eb8fb4d0@group-78EE1D651754-StateMachineUpdater] INFO  server.RaftServer$Division (LeaderStateImpl.java:isApplied(320)) - leader is ready since appliedIndex == 0 >= startIndex == 0
2024-05-06 08:59:32,014 [0e9e7d01-6cef-4822-a23d-4188eb8fb4d0@group-8701510A3190-LeaderElection22] INFO  server.RaftServerConfigKeys (ConfUtils.java:logFallback(53)) - raft.server.rpc.first-election.timeout.min = 5s (fallback to raft.server.rpc.timeout.min)
2024-05-06 08:59:32,014 [0e9e7d01-6cef-4822-a23d-4188eb8fb4d0@group-8701510A3190-LeaderElection22] INFO  server.RaftServerConfigKeys (ConfUtils.java:logFallback(53)) - raft.server.rpc.first-election.timeout.max = 5200ms (fallback to raft.server.rpc.timeout.max)
2024-05-06 08:59:32,017 [grpc-default-executor-7] INFO  server.RaftServer$Division (RaftServerImpl.java:requestVote(1389)) - 784e0075-095e-4f49-808e-af9ec74479d6@group-8701510A3190: receive requestVote(PRE_VOTE, 0e9e7d01-6cef-4822-a23d-4188eb8fb4d0, group-8701510A3190, 0, (t:0, i:0))
2024-05-06 08:59:32,017 [grpc-default-executor-7] INFO  impl.VoteContext (VoteContext.java:log(49)) - 784e0075-095e-4f49-808e-af9ec74479d6@group-8701510A3190-CANDIDATE: reject PRE_VOTE from 0e9e7d01-6cef-4822-a23d-4188eb8fb4d0: our priority 1 > candidate's priority 0
2024-05-06 08:59:32,017 [grpc-default-executor-7] INFO  server.RaftServer$Division (RaftServerImpl.java:requestVote(1422)) - 784e0075-095e-4f49-808e-af9ec74479d6@group-8701510A3190 replies to PRE_VOTE vote request: 0e9e7d01-6cef-4822-a23d-4188eb8fb4d0<-784e0075-095e-4f49-808e-af9ec74479d6#0:FAIL-t0. Peer's state: 784e0075-095e-4f49-808e-af9ec74479d6@group-8701510A3190:t0, leader=null, voted=, raftlog=Memoized:784e0075-095e-4f49-808e-af9ec74479d6@group-8701510A3190-SegmentedRaftLog:OPENED:c-1, conf=-1: peers:[0e9e7d01-6cef-4822-a23d-4188eb8fb4d0|127.0.0.1:15085, 90b7064f-8397-4c9e-a509-54ea80c9149b|127.0.0.1:15067, 784e0075-095e-4f49-808e-af9ec74479d6|127.0.0.1:15076]|listeners:[], old=null
2024-05-06 08:59:32,018 [0e9e7d01-6cef-4822-a23d-4188eb8fb4d0@group-8701510A3190-LeaderElection22] INFO  impl.LeaderElection (LeaderElection.java:logAndReturn(89)) - 0e9e7d01-6cef-4822-a23d-4188eb8fb4d0@group-8701510A3190-LeaderElection22: PRE_VOTE REJECTED received 1 response(s) and 0 exception(s):
2024-05-06 08:59:32,018 [0e9e7d01-6cef-4822-a23d-4188eb8fb4d0@group-8701510A3190-LeaderElection22] INFO  impl.LeaderElection (LeaderElection.java:logAndReturn(93)) -   Response 0: 0e9e7d01-6cef-4822-a23d-4188eb8fb4d0<-784e0075-095e-4f49-808e-af9ec74479d6#0:FAIL-t0
2024-05-06 08:59:32,018 [0e9e7d01-6cef-4822-a23d-4188eb8fb4d0@group-8701510A3190-LeaderElection22] INFO  impl.LeaderElection (LeaderElection.java:askForVotes(323)) - 0e9e7d01-6cef-4822-a23d-4188eb8fb4d0@group-8701510A3190-LeaderElection22 PRE_VOTE round 0: result REJECTED
2024-05-06 08:59:32,018 [0e9e7d01-6cef-4822-a23d-4188eb8fb4d0@group-8701510A3190-LeaderElection22] INFO  server.RaftServer$Division (RaftServerImpl.java:setRole(383)) - 0e9e7d01-6cef-4822-a23d-4188eb8fb4d0@group-8701510A3190: changes role from CANDIDATE to FOLLOWER at term 0 for REJECTED
2024-05-06 08:59:32,018 [0e9e7d01-6cef-4822-a23d-4188eb8fb4d0@group-8701510A3190-LeaderElection22] INFO  impl.RoleInfo (RoleInfo.java:shutdownLeaderElection(130)) - 0e9e7d01-6cef-4822-a23d-4188eb8fb4d0: shutdown 0e9e7d01-6cef-4822-a23d-4188eb8fb4d0@group-8701510A3190-LeaderElection22
2024-05-06 08:59:32,018 [0e9e7d01-6cef-4822-a23d-4188eb8fb4d0@group-8701510A3190-LeaderElection22] INFO  impl.RoleInfo (RoleInfo.java:updateAndGet(139)) - 0e9e7d01-6cef-4822-a23d-4188eb8fb4d0: start 0e9e7d01-6cef-4822-a23d-4188eb8fb4d0@group-8701510A3190-FollowerState
2024-05-06 08:59:32,019 [784e0075-095e-4f49-808e-af9ec74479d6@group-8701510A3190-LeaderElection23] INFO  server.RaftServerConfigKeys (ConfUtils.java:logFallback(53)) - raft.server.rpc.first-election.timeout.min = 5s (fallback to raft.server.rpc.timeout.min)
2024-05-06 08:59:32,019 [784e0075-095e-4f49-808e-af9ec74479d6@group-8701510A3190-LeaderElection23] INFO  server.RaftServerConfigKeys (ConfUtils.java:logFallback(53)) - raft.server.rpc.first-election.timeout.max = 5200ms (fallback to raft.server.rpc.timeout.max)
2024-05-06 08:59:32,019 [0e9e7d01-6cef-4822-a23d-4188eb8fb4d0@group-8701510A3190-LeaderElection22] INFO  server.RaftServer$Division (RaftServerImpl.java:setFirstElection(574)) - 0e9e7d01-6cef-4822-a23d-4188eb8fb4d0@group-8701510A3190: set firstElectionSinceStartup to false for REJECTED
2024-05-06 08:59:32,021 [grpc-default-executor-1] INFO  server.RaftServer$Division (RaftServerImpl.java:requestVote(1389)) - 90b7064f-8397-4c9e-a509-54ea80c9149b@group-8701510A3190: receive requestVote(PRE_VOTE, 0e9e7d01-6cef-4822-a23d-4188eb8fb4d0, group-8701510A3190, 0, (t:0, i:0))
2024-05-06 08:59:32,021 [grpc-default-executor-1] INFO  impl.VoteContext (VoteContext.java:log(49)) - 90b7064f-8397-4c9e-a509-54ea80c9149b@group-8701510A3190-FOLLOWER: accept PRE_VOTE from 0e9e7d01-6cef-4822-a23d-4188eb8fb4d0: our priority 0 <= candidate's priority 0
2024-05-06 08:59:32,021 [grpc-default-executor-1] INFO  server.RaftServer$Division (RaftServerImpl.java:requestVote(1422)) - 90b7064f-8397-4c9e-a509-54ea80c9149b@group-8701510A3190 replies to PRE_VOTE vote request: 0e9e7d01-6cef-4822-a23d-4188eb8fb4d0<-90b7064f-8397-4c9e-a509-54ea80c9149b#0:OK-t0. Peer's state: 90b7064f-8397-4c9e-a509-54ea80c9149b@group-8701510A3190:t0, leader=null, voted=, raftlog=Memoized:90b7064f-8397-4c9e-a509-54ea80c9149b@group-8701510A3190-SegmentedRaftLog:OPENED:c-1, conf=-1: peers:[0e9e7d01-6cef-4822-a23d-4188eb8fb4d0|127.0.0.1:15085, 90b7064f-8397-4c9e-a509-54ea80c9149b|127.0.0.1:15067, 784e0075-095e-4f49-808e-af9ec74479d6|127.0.0.1:15076]|listeners:[], old=null
2024-05-06 08:59:32,026 [grpc-default-executor-2] INFO  server.RaftServer$Division (RaftServerImpl.java:requestVote(1389)) - 90b7064f-8397-4c9e-a509-54ea80c9149b@group-8701510A3190: receive requestVote(PRE_VOTE, 784e0075-095e-4f49-808e-af9ec74479d6, group-8701510A3190, 0, (t:0, i:0))
2024-05-06 08:59:32,026 [grpc-default-executor-2] INFO  impl.VoteContext (VoteContext.java:log(49)) - 90b7064f-8397-4c9e-a509-54ea80c9149b@group-8701510A3190-FOLLOWER: accept PRE_VOTE from 784e0075-095e-4f49-808e-af9ec74479d6: our priority 0 <= candidate's priority 1
2024-05-06 08:59:32,026 [grpc-default-executor-2] INFO  server.RaftServer$Division (RaftServerImpl.java:requestVote(1422)) - 90b7064f-8397-4c9e-a509-54ea80c9149b@group-8701510A3190 replies to PRE_VOTE vote request: 784e0075-095e-4f49-808e-af9ec74479d6<-90b7064f-8397-4c9e-a509-54ea80c9149b#0:OK-t0. Peer's state: 90b7064f-8397-4c9e-a509-54ea80c9149b@group-8701510A3190:t0, leader=null, voted=, raftlog=Memoized:90b7064f-8397-4c9e-a509-54ea80c9149b@group-8701510A3190-SegmentedRaftLog:OPENED:c-1, conf=-1: peers:[0e9e7d01-6cef-4822-a23d-4188eb8fb4d0|127.0.0.1:15085, 90b7064f-8397-4c9e-a509-54ea80c9149b|127.0.0.1:15067, 784e0075-095e-4f49-808e-af9ec74479d6|127.0.0.1:15076]|listeners:[], old=null
2024-05-06 08:59:32,028 [grpc-default-executor-7] INFO  server.RaftServer$Division (RaftServerImpl.java:requestVote(1389)) - 0e9e7d01-6cef-4822-a23d-4188eb8fb4d0@group-8701510A3190: receive requestVote(PRE_VOTE, 784e0075-095e-4f49-808e-af9ec74479d6, group-8701510A3190, 0, (t:0, i:0))
2024-05-06 08:59:32,029 [grpc-default-executor-7] INFO  impl.VoteContext (VoteContext.java:log(49)) - 0e9e7d01-6cef-4822-a23d-4188eb8fb4d0@group-8701510A3190-FOLLOWER: accept PRE_VOTE from 784e0075-095e-4f49-808e-af9ec74479d6: our priority 0 <= candidate's priority 1
2024-05-06 08:59:32,029 [grpc-default-executor-7] INFO  server.RaftServer$Division (RaftServerImpl.java:requestVote(1422)) - 0e9e7d01-6cef-4822-a23d-4188eb8fb4d0@group-8701510A3190 replies to PRE_VOTE vote request: 784e0075-095e-4f49-808e-af9ec74479d6<-0e9e7d01-6cef-4822-a23d-4188eb8fb4d0#0:OK-t0. Peer's state: 0e9e7d01-6cef-4822-a23d-4188eb8fb4d0@group-8701510A3190:t0, leader=null, voted=, raftlog=Memoized:0e9e7d01-6cef-4822-a23d-4188eb8fb4d0@group-8701510A3190-SegmentedRaftLog:OPENED:c-1, conf=-1: peers:[0e9e7d01-6cef-4822-a23d-4188eb8fb4d0|127.0.0.1:15085, 90b7064f-8397-4c9e-a509-54ea80c9149b|127.0.0.1:15067, 784e0075-095e-4f49-808e-af9ec74479d6|127.0.0.1:15076]|listeners:[], old=null
2024-05-06 08:59:32,029 [784e0075-095e-4f49-808e-af9ec74479d6@group-8701510A3190-LeaderElection23] INFO  impl.LeaderElection (LeaderElection.java:logAndReturn(89)) - 784e0075-095e-4f49-808e-af9ec74479d6@group-8701510A3190-LeaderElection23: PRE_VOTE PASSED received 1 response(s) and 0 exception(s):
2024-05-06 08:59:32,029 [784e0075-095e-4f49-808e-af9ec74479d6@group-8701510A3190-LeaderElection23] INFO  impl.LeaderElection (LeaderElection.java:logAndReturn(93)) -   Response 0: 784e0075-095e-4f49-808e-af9ec74479d6<-90b7064f-8397-4c9e-a509-54ea80c9149b#0:OK-t0
2024-05-06 08:59:32,029 [784e0075-095e-4f49-808e-af9ec74479d6@group-8701510A3190-LeaderElection23] INFO  impl.LeaderElection (LeaderElection.java:askForVotes(323)) - 784e0075-095e-4f49-808e-af9ec74479d6@group-8701510A3190-LeaderElection23 PRE_VOTE round 0: result PASSED
2024-05-06 08:59:32,031 [784e0075-095e-4f49-808e-af9ec74479d6@group-8701510A3190-LeaderElection23] INFO  impl.LeaderElection (LeaderElection.java:askForVotes(321)) - 784e0075-095e-4f49-808e-af9ec74479d6@group-8701510A3190-LeaderElection23 ELECTION round 0: submit vote requests at term 1 for -1: peers:[0e9e7d01-6cef-4822-a23d-4188eb8fb4d0|127.0.0.1:15085, 90b7064f-8397-4c9e-a509-54ea80c9149b|127.0.0.1:15067, 784e0075-095e-4f49-808e-af9ec74479d6|127.0.0.1:15076]|listeners:[], old=null
2024-05-06 08:59:32,039 [784e0075-095e-4f49-808e-af9ec74479d6@group-8701510A3190-LeaderElection23] INFO  server.RaftServerConfigKeys (ConfUtils.java:logFallback(53)) - raft.server.rpc.first-election.timeout.min = 5s (fallback to raft.server.rpc.timeout.min)
2024-05-06 08:59:32,039 [784e0075-095e-4f49-808e-af9ec74479d6@group-8701510A3190-LeaderElection23] INFO  server.RaftServerConfigKeys (ConfUtils.java:logFallback(53)) - raft.server.rpc.first-election.timeout.max = 5200ms (fallback to raft.server.rpc.timeout.max)
2024-05-06 08:59:32,040 [grpc-default-executor-2] INFO  server.RaftServer$Division (RaftServerImpl.java:requestVote(1389)) - 90b7064f-8397-4c9e-a509-54ea80c9149b@group-8701510A3190: receive requestVote(ELECTION, 784e0075-095e-4f49-808e-af9ec74479d6, group-8701510A3190, 1, (t:0, i:0))
2024-05-06 08:59:32,040 [grpc-default-executor-2] INFO  impl.VoteContext (VoteContext.java:log(49)) - 90b7064f-8397-4c9e-a509-54ea80c9149b@group-8701510A3190-FOLLOWER: accept ELECTION from 784e0075-095e-4f49-808e-af9ec74479d6: our priority 0 <= candidate's priority 1
2024-05-06 08:59:32,040 [grpc-default-executor-2] INFO  server.RaftServer$Division (RaftServerImpl.java:setRole(383)) - 90b7064f-8397-4c9e-a509-54ea80c9149b@group-8701510A3190: changes role from  FOLLOWER to FOLLOWER at term 1 for candidate:784e0075-095e-4f49-808e-af9ec74479d6
2024-05-06 08:59:32,040 [grpc-default-executor-2] INFO  impl.RoleInfo (RoleInfo.java:shutdownFollowerState(110)) - 90b7064f-8397-4c9e-a509-54ea80c9149b: shutdown 90b7064f-8397-4c9e-a509-54ea80c9149b@group-8701510A3190-FollowerState
2024-05-06 08:59:32,041 [grpc-default-executor-2] INFO  impl.RoleInfo (RoleInfo.java:updateAndGet(139)) - 90b7064f-8397-4c9e-a509-54ea80c9149b: start 90b7064f-8397-4c9e-a509-54ea80c9149b@group-8701510A3190-FollowerState
2024-05-06 08:59:32,041 [90b7064f-8397-4c9e-a509-54ea80c9149b@group-8701510A3190-FollowerState] INFO  impl.FollowerState (FollowerState.java:run(152)) - 90b7064f-8397-4c9e-a509-54ea80c9149b@group-8701510A3190-FollowerState was interrupted
2024-05-06 08:59:32,041 [grpc-default-executor-7] INFO  server.RaftServer$Division (RaftServerImpl.java:requestVote(1389)) - 0e9e7d01-6cef-4822-a23d-4188eb8fb4d0@group-8701510A3190: receive requestVote(ELECTION, 784e0075-095e-4f49-808e-af9ec74479d6, group-8701510A3190, 1, (t:0, i:0))
2024-05-06 08:59:32,041 [grpc-default-executor-7] INFO  impl.VoteContext (VoteContext.java:log(49)) - 0e9e7d01-6cef-4822-a23d-4188eb8fb4d0@group-8701510A3190-FOLLOWER: accept ELECTION from 784e0075-095e-4f49-808e-af9ec74479d6: our priority 0 <= candidate's priority 1
2024-05-06 08:59:32,041 [grpc-default-executor-7] INFO  server.RaftServer$Division (RaftServerImpl.java:setRole(383)) - 0e9e7d01-6cef-4822-a23d-4188eb8fb4d0@group-8701510A3190: changes role from  FOLLOWER to FOLLOWER at term 1 for candidate:784e0075-095e-4f49-808e-af9ec74479d6
2024-05-06 08:59:32,041 [grpc-default-executor-7] INFO  impl.RoleInfo (RoleInfo.java:shutdownFollowerState(110)) - 0e9e7d01-6cef-4822-a23d-4188eb8fb4d0: shutdown 0e9e7d01-6cef-4822-a23d-4188eb8fb4d0@group-8701510A3190-FollowerState
2024-05-06 08:59:32,041 [grpc-default-executor-7] INFO  impl.RoleInfo (RoleInfo.java:updateAndGet(139)) - 0e9e7d01-6cef-4822-a23d-4188eb8fb4d0: start 0e9e7d01-6cef-4822-a23d-4188eb8fb4d0@group-8701510A3190-FollowerState
2024-05-06 08:59:32,041 [0e9e7d01-6cef-4822-a23d-4188eb8fb4d0@group-8701510A3190-FollowerState] INFO  impl.FollowerState (FollowerState.java:run(152)) - 0e9e7d01-6cef-4822-a23d-4188eb8fb4d0@group-8701510A3190-FollowerState was interrupted
2024-05-06 08:59:32,044 [fa7233c5-99c6-4a1a-a2f1-81d332223322@group-1DB2361A2323-FollowerState] INFO  impl.FollowerState (FollowerState.java:run(143)) - fa7233c5-99c6-4a1a-a2f1-81d332223322@group-1DB2361A2323-FollowerState: change to CANDIDATE, lastRpcElapsedTime:5140463237ns, electionTimeout:5140ms
2024-05-06 08:59:32,044 [fa7233c5-99c6-4a1a-a2f1-81d332223322@group-1DB2361A2323-FollowerState] INFO  impl.RoleInfo (RoleInfo.java:shutdownFollowerState(110)) - fa7233c5-99c6-4a1a-a2f1-81d332223322: shutdown fa7233c5-99c6-4a1a-a2f1-81d332223322@group-1DB2361A2323-FollowerState
2024-05-06 08:59:32,044 [fa7233c5-99c6-4a1a-a2f1-81d332223322@group-1DB2361A2323-FollowerState] INFO  server.RaftServer$Division (RaftServerImpl.java:setRole(383)) - fa7233c5-99c6-4a1a-a2f1-81d332223322@group-1DB2361A2323: changes role from  FOLLOWER to CANDIDATE at term 0 for changeToCandidate
2024-05-06 08:59:32,044 [fa7233c5-99c6-4a1a-a2f1-81d332223322@group-1DB2361A2323-FollowerState] INFO  server.RaftServerConfigKeys (ConfUtils.java:logGet(46)) - raft.server.leaderelection.pre-vote = true (default)
2024-05-06 08:59:32,045 [fa7233c5-99c6-4a1a-a2f1-81d332223322@group-1DB2361A2323-FollowerState] INFO  impl.RoleInfo (RoleInfo.java:updateAndGet(139)) - fa7233c5-99c6-4a1a-a2f1-81d332223322: start fa7233c5-99c6-4a1a-a2f1-81d332223322@group-1DB2361A2323-LeaderElection24
2024-05-06 08:59:32,045 [grpc-default-executor-2] INFO  server.RaftServer$Division (RaftServerImpl.java:requestVote(1422)) - 90b7064f-8397-4c9e-a509-54ea80c9149b@group-8701510A3190 replies to ELECTION vote request: 784e0075-095e-4f49-808e-af9ec74479d6<-90b7064f-8397-4c9e-a509-54ea80c9149b#0:OK-t1. Peer's state: 90b7064f-8397-4c9e-a509-54ea80c9149b@group-8701510A3190:t1, leader=null, voted=784e0075-095e-4f49-808e-af9ec74479d6, raftlog=Memoized:90b7064f-8397-4c9e-a509-54ea80c9149b@group-8701510A3190-SegmentedRaftLog:OPENED:c-1, conf=-1: peers:[0e9e7d01-6cef-4822-a23d-4188eb8fb4d0|127.0.0.1:15085, 90b7064f-8397-4c9e-a509-54ea80c9149b|127.0.0.1:15067, 784e0075-095e-4f49-808e-af9ec74479d6|127.0.0.1:15076]|listeners:[], old=null
2024-05-06 08:59:32,046 [784e0075-095e-4f49-808e-af9ec74479d6@group-8701510A3190-LeaderElection23] INFO  impl.LeaderElection (LeaderElection.java:logAndReturn(89)) - 784e0075-095e-4f49-808e-af9ec74479d6@group-8701510A3190-LeaderElection23: ELECTION PASSED received 1 response(s) and 0 exception(s):
2024-05-06 08:59:32,046 [784e0075-095e-4f49-808e-af9ec74479d6@group-8701510A3190-LeaderElection23] INFO  impl.LeaderElection (LeaderElection.java:logAndReturn(93)) -   Response 0: 784e0075-095e-4f49-808e-af9ec74479d6<-90b7064f-8397-4c9e-a509-54ea80c9149b#0:OK-t1
2024-05-06 08:59:32,046 [784e0075-095e-4f49-808e-af9ec74479d6@group-8701510A3190-LeaderElection23] INFO  impl.LeaderElection (LeaderElection.java:askForVotes(323)) - 784e0075-095e-4f49-808e-af9ec74479d6@group-8701510A3190-LeaderElection23 ELECTION round 0: result PASSED
2024-05-06 08:59:32,046 [784e0075-095e-4f49-808e-af9ec74479d6@group-8701510A3190-LeaderElection23] INFO  impl.RoleInfo (RoleInfo.java:shutdownLeaderElection(130)) - 784e0075-095e-4f49-808e-af9ec74479d6: shutdown 784e0075-095e-4f49-808e-af9ec74479d6@group-8701510A3190-LeaderElection23
2024-05-06 08:59:32,046 [784e0075-095e-4f49-808e-af9ec74479d6@group-8701510A3190-LeaderElection23] INFO  server.RaftServer$Division (RaftServerImpl.java:setRole(383)) - 784e0075-095e-4f49-808e-af9ec74479d6@group-8701510A3190: changes role from CANDIDATE to LEADER at term 1 for changeToLeader
2024-05-06 08:59:32,046 [784e0075-095e-4f49-808e-af9ec74479d6@group-8701510A3190-LeaderElection23] INFO  server.RaftServerConfigKeys (ConfUtils.java:logGet(46)) - raft.server.staging.catchup.gap = 1000 (default)
2024-05-06 08:59:32,046 [784e0075-095e-4f49-808e-af9ec74479d6@group-8701510A3190-LeaderElection23] INFO  server.RaftServerConfigKeys (ConfUtils.java:logGet(46)) - raft.server.write.element-limit = 1024 (custom)
2024-05-06 08:59:32,046 [784e0075-095e-4f49-808e-af9ec74479d6@group-8701510A3190-LeaderElection23] INFO  server.RaftServerConfigKeys (ConfUtils.java:logGet(46)) - raft.server.write.byte-limit = 1024 M (=1073741824) (custom)
2024-05-06 08:59:32,046 [784e0075-095e-4f49-808e-af9ec74479d6@group-8701510A3190-LeaderElection23] INFO  server.RaftServerConfigKeys (ConfUtils.java:logGet(46)) - raft.server.watch.timeout = 3000ms (custom)
2024-05-06 08:59:32,046 [784e0075-095e-4f49-808e-af9ec74479d6@group-8701510A3190-LeaderElection23] INFO  server.RaftServerConfigKeys (ConfUtils.java:logGet(46)) - raft.server.watch.timeout.denomination = 1s (default)
2024-05-06 08:59:32,046 [784e0075-095e-4f49-808e-af9ec74479d6@group-8701510A3190-LeaderElection23] INFO  server.RaftServerConfigKeys (ConfUtils.java:logGet(46)) - raft.server.watch.element-limit = 65536 (default)
2024-05-06 08:59:32,046 [784e0075-095e-4f49-808e-af9ec74479d6@group-8701510A3190-LeaderElection23] INFO  server.RaftServerConfigKeys (ConfUtils.java:logGet(46)) - raft.server.read.leader.lease.enabled = false (default)
2024-05-06 08:59:32,046 [784e0075-095e-4f49-808e-af9ec74479d6@group-8701510A3190-LeaderElection23] INFO  server.RaftServerConfigKeys (ConfUtils.java:logGet(46)) - raft.server.read.leader.lease.timeout.ratio = 0.9 (default)
2024-05-06 08:59:32,046 [784e0075-095e-4f49-808e-af9ec74479d6@group-8701510A3190-LeaderElection23] INFO  server.RaftServerConfigKeys (ConfUtils.java:logGet(46)) - raft.server.rpc.timeout.min = 5s (custom)
2024-05-06 08:59:32,046 [784e0075-095e-4f49-808e-af9ec74479d6@group-8701510A3190-LeaderElection23] INFO  server.RaftServerConfigKeys (ConfUtils.java:logGet(46)) - raft.server.write.element-limit = 1024 (custom)
2024-05-06 08:59:32,046 [784e0075-095e-4f49-808e-af9ec74479d6@group-8701510A3190-LeaderElection23] INFO  server.RaftServerConfigKeys (ConfUtils.java:logGet(46)) - raft.server.write.follower.gap.ratio.max = -1.0 (default)
2024-05-06 08:59:32,045 [grpc-default-executor-7] INFO  server.RaftServer$Division (RaftServerImpl.java:requestVote(1422)) - 0e9e7d01-6cef-4822-a23d-4188eb8fb4d0@group-8701510A3190 replies to ELECTION vote request: 784e0075-095e-4f49-808e-af9ec74479d6<-0e9e7d01-6cef-4822-a23d-4188eb8fb4d0#0:OK-t1. Peer's state: 0e9e7d01-6cef-4822-a23d-4188eb8fb4d0@group-8701510A3190:t1, leader=null, voted=784e0075-095e-4f49-808e-af9ec74479d6, raftlog=Memoized:0e9e7d01-6cef-4822-a23d-4188eb8fb4d0@group-8701510A3190-SegmentedRaftLog:OPENED:c-1, conf=-1: peers:[0e9e7d01-6cef-4822-a23d-4188eb8fb4d0|127.0.0.1:15085, 90b7064f-8397-4c9e-a509-54ea80c9149b|127.0.0.1:15067, 784e0075-095e-4f49-808e-af9ec74479d6|127.0.0.1:15076]|listeners:[], old=null
2024-05-06 08:59:32,047 [784e0075-095e-4f49-808e-af9ec74479d6@group-8701510A3190-LeaderElection23] INFO  server.RaftServerConfigKeys (ConfUtils.java:logGet(46)) - raft.server.log.appender.snapshot.chunk.size.max = 16MB (=16777216) (default)
2024-05-06 08:59:32,047 [784e0075-095e-4f49-808e-af9ec74479d6@group-8701510A3190-LeaderElection23] INFO  server.RaftServerConfigKeys (ConfUtils.java:logGet(46)) - raft.server.log.appender.buffer.byte-limit = 8388608 (custom)
2024-05-06 08:59:32,047 [784e0075-095e-4f49-808e-af9ec74479d6@group-8701510A3190-LeaderElection23] INFO  server.RaftServerConfigKeys (ConfUtils.java:logGet(46)) - raft.server.log.appender.buffer.element-limit = 1 (custom)
2024-05-06 08:59:32,047 [784e0075-095e-4f49-808e-af9ec74479d6@group-8701510A3190-LeaderElection23] INFO  server.RaftServerConfigKeys (ConfUtils.java:logGet(46)) - raft.server.log.appender.wait-time.min = 0ms (custom)
2024-05-06 08:59:32,047 [784e0075-095e-4f49-808e-af9ec74479d6@group-8701510A3190-LeaderElection23] INFO  grpc.GrpcConfigKeys (ConfUtils.java:logGet(46)) - raft.grpc.server.leader.outstanding.appends.max = 8 (default)
2024-05-06 08:59:32,047 [784e0075-095e-4f49-808e-af9ec74479d6@group-8701510A3190-LeaderElection23] INFO  server.RaftServerConfigKeys (ConfUtils.java:logGet(46)) - raft.server.rpc.request.timeout = 3000ms (default)
2024-05-06 08:59:32,047 [784e0075-095e-4f49-808e-af9ec74479d6@group-8701510A3190-LeaderElection23] INFO  grpc.GrpcConfigKeys (ConfUtils.java:logGet(46)) - raft.grpc.server.install_snapshot.request.element-limit = 8 (default)
2024-05-06 08:59:32,047 [784e0075-095e-4f49-808e-af9ec74479d6@group-8701510A3190-LeaderElection23] INFO  grpc.GrpcConfigKeys (ConfUtils.java:logGet(46)) - raft.grpc.server.install_snapshot.request.timeout = 3000ms (default)
2024-05-06 08:59:32,047 [784e0075-095e-4f49-808e-af9ec74479d6@group-8701510A3190-LeaderElection23] INFO  grpc.GrpcConfigKeys (ConfUtils.java:logGet(46)) - raft.grpc.server.log-message.batch.duration = 5s (default)
2024-05-06 08:59:32,047 [784e0075-095e-4f49-808e-af9ec74479d6@group-8701510A3190-LeaderElection23] INFO  server.RaftServerConfigKeys (ConfUtils.java:logGet(46)) - raft.server.log.appender.install.snapshot.enabled = false (custom)
2024-05-06 08:59:32,047 [784e0075-095e-4f49-808e-af9ec74479d6@group-8701510A3190-LeaderElection23] INFO  grpc.GrpcConfigKeys (ConfUtils.java:logGet(46)) - raft.grpc.server.heartbeat.channel = true (default)
2024-05-06 08:59:32,048 [784e0075-095e-4f49-808e-af9ec74479d6@group-8701510A3190-LeaderElection23] INFO  server.RaftServerConfigKeys (ConfUtils.java:logGet(46)) - raft.server.log.appender.snapshot.chunk.size.max = 16MB (=16777216) (default)
2024-05-06 08:59:32,048 [784e0075-095e-4f49-808e-af9ec74479d6@group-8701510A3190-LeaderElection23] INFO  server.RaftServerConfigKeys (ConfUtils.java:logGet(46)) - raft.server.log.appender.buffer.byte-limit = 8388608 (custom)
2024-05-06 08:59:32,048 [784e0075-095e-4f49-808e-af9ec74479d6@group-8701510A3190-LeaderElection23] INFO  server.RaftServerConfigKeys (ConfUtils.java:logGet(46)) - raft.server.log.appender.buffer.element-limit = 1 (custom)
2024-05-06 08:59:32,048 [784e0075-095e-4f49-808e-af9ec74479d6@group-8701510A3190-LeaderElection23] INFO  server.RaftServerConfigKeys (ConfUtils.java:logGet(46)) - raft.server.log.appender.wait-time.min = 0ms (custom)
2024-05-06 08:59:32,048 [784e0075-095e-4f49-808e-af9ec74479d6@group-8701510A3190-LeaderElection23] INFO  grpc.GrpcConfigKeys (ConfUtils.java:logGet(46)) - raft.grpc.server.leader.outstanding.appends.max = 8 (default)
2024-05-06 08:59:32,048 [784e0075-095e-4f49-808e-af9ec74479d6@group-8701510A3190-LeaderElection23] INFO  server.RaftServerConfigKeys (ConfUtils.java:logGet(46)) - raft.server.rpc.request.timeout = 3000ms (default)
2024-05-06 08:59:32,048 [784e0075-095e-4f49-808e-af9ec74479d6@group-8701510A3190-LeaderElection23] INFO  grpc.GrpcConfigKeys (ConfUtils.java:logGet(46)) - raft.grpc.server.install_snapshot.request.element-limit = 8 (default)
2024-05-06 08:59:32,048 [784e0075-095e-4f49-808e-af9ec74479d6@group-8701510A3190-LeaderElection23] INFO  grpc.GrpcConfigKeys (ConfUtils.java:logGet(46)) - raft.grpc.server.install_snapshot.request.timeout = 3000ms (default)
2024-05-06 08:59:32,048 [784e0075-095e-4f49-808e-af9ec74479d6@group-8701510A3190-LeaderElection23] INFO  grpc.GrpcConfigKeys (ConfUtils.java:logGet(46)) - raft.grpc.server.log-message.batch.duration = 5s (default)
2024-05-06 08:59:32,048 [784e0075-095e-4f49-808e-af9ec74479d6@group-8701510A3190-LeaderElection23] INFO  server.RaftServerConfigKeys (ConfUtils.java:logGet(46)) - raft.server.log.appender.install.snapshot.enabled = false (custom)
2024-05-06 08:59:32,048 [784e0075-095e-4f49-808e-af9ec74479d6@group-8701510A3190-LeaderElection23] INFO  grpc.GrpcConfigKeys (ConfUtils.java:logGet(46)) - raft.grpc.server.heartbeat.channel = true (default)
2024-05-06 08:59:32,048 [784e0075-095e-4f49-808e-af9ec74479d6@group-8701510A3190-LeaderElection23] INFO  impl.RoleInfo (RoleInfo.java:updateAndGet(139)) - 784e0075-095e-4f49-808e-af9ec74479d6: start 784e0075-095e-4f49-808e-af9ec74479d6@group-8701510A3190-LeaderStateImpl
2024-05-06 08:59:32,048 [784e0075-095e-4f49-808e-af9ec74479d6@group-8701510A3190-LeaderElection23] INFO  server.RaftServer$Division (RaftServerImpl.java:setFirstElection(574)) - 784e0075-095e-4f49-808e-af9ec74479d6@group-8701510A3190: set firstElectionSinceStartup to false for becomeLeader
2024-05-06 08:59:32,048 [784e0075-095e-4f49-808e-af9ec74479d6@group-8701510A3190-LeaderElection23] INFO  ratis.XceiverServerRatis (XceiverServerRatis.java:handleLeaderChangedNotification(966)) - Leader change notification received for group: group-8701510A3190 with new leaderId: 784e0075-095e-4f49-808e-af9ec74479d6
2024-05-06 08:59:32,048 [784e0075-095e-4f49-808e-af9ec74479d6@group-8701510A3190-LeaderElection23] INFO  server.RaftServer$Division (ServerState.java:setLeader(269)) - 784e0075-095e-4f49-808e-af9ec74479d6@group-8701510A3190: change Leader from null to 784e0075-095e-4f49-808e-af9ec74479d6 at term 1 for becomeLeader, leader elected after 5264ms
2024-05-06 08:59:32,048 [784e0075-095e-4f49-808e-af9ec74479d6@group-8701510A3190-LeaderElection23] INFO  segmented.SegmentedRaftLogWorker (SegmentedRaftLogWorker.java:startLogSegment(430)) - 784e0075-095e-4f49-808e-af9ec74479d6@group-8701510A3190-SegmentedRaftLogWorker: Starting segment from index:0
2024-05-06 08:59:32,048 [784e0075-095e-4f49-808e-af9ec74479d6@group-8701510A3190-LeaderElection23] INFO  server.RaftServer$Division (ServerState.java:setRaftConf(386)) - 784e0075-095e-4f49-808e-af9ec74479d6@group-8701510A3190: set configuration 0: peers:[0e9e7d01-6cef-4822-a23d-4188eb8fb4d0|127.0.0.1:15085, 90b7064f-8397-4c9e-a509-54ea80c9149b|127.0.0.1:15067, 784e0075-095e-4f49-808e-af9ec74479d6|127.0.0.1:15076]|listeners:[], old=null
2024-05-06 08:59:32,049 [784e0075-095e-4f49-808e-af9ec74479d6@group-8701510A3190-SegmentedRaftLogWorker] INFO  segmented.BufferedWriteChannel (BufferedWriteChannel.java:open(62)) - open log_inprogress_0 at position 0
2024-05-06 08:59:32,051 [EventQueue-PipelineReportForPipelineReportHandler] INFO  pipeline.PipelineReportHandler (PipelineReportHandler.java:processPipelineReport(136)) - Opened pipeline PipelineID=bedcda76-b5f0-4b44-a916-8701510a3190
2024-05-06 08:59:32,057 [784e0075-095e-4f49-808e-af9ec74479d6@group-8701510A3190-SegmentedRaftLogWorker] INFO  segmented.SegmentedRaftLogWorker (SegmentedRaftLogWorker.java:execute(634)) - 784e0075-095e-4f49-808e-af9ec74479d6@group-8701510A3190-SegmentedRaftLogWorker: created new log segment /home/runner/work/ozone/ozone/hadoop-ozone/integration-test/target/test-dir/MiniOzoneClusterImpl-f8a20603-669c-41d5-94ea-e080bd68b2ef/ozone-meta/datanode-2/ratis/bedcda76-b5f0-4b44-a916-8701510a3190/current/log_inprogress_0
2024-05-06 08:59:32,058 [main] INFO  ozoneimpl.OzoneContainer (OzoneContainer.java:stop(481)) - Attempting to stop container services.
2024-05-06 08:59:32,058 [ContainerMetadataScanner] WARN  ozoneimpl.AbstractBackgroundContainerScanner (AbstractBackgroundContainerScanner.java:handleRemainingSleep(134)) - Background container scan was interrupted.
2024-05-06 08:59:32,058 [ContainerMetadataScanner] INFO  ozoneimpl.AbstractBackgroundContainerScanner (AbstractBackgroundContainerScanner.java:run(61)) - Thread[ContainerMetadataScanner,5,main] exiting.
2024-05-06 08:59:32,059 [main] INFO  ozoneimpl.BackgroundContainerDataScanner (BackgroundContainerDataScanner.java:shutdown(141)) - ContainerDataScanner(/home/runner/work/ozone/ozone/hadoop-ozone/integration-test/target/test-dir/MiniOzoneClusterImpl-f8a20603-669c-41d5-94ea-e080bd68b2ef/ozone-meta/datanode-2/data-0/hdds) is shutting down. 
2024-05-06 08:59:32,059 [ContainerDataScanner(/home/runner/work/ozone/ozone/hadoop-ozone/integration-test/target/test-dir/MiniOzoneClusterImpl-f8a20603-669c-41d5-94ea-e080bd68b2ef/ozone-meta/datanode-2/data-0/hdds)] WARN  ozoneimpl.AbstractBackgroundContainerScanner (AbstractBackgroundContainerScanner.java:handleRemainingSleep(134)) - Background container scan was interrupted.
2024-05-06 08:59:32,059 [ContainerDataScanner(/home/runner/work/ozone/ozone/hadoop-ozone/integration-test/target/test-dir/MiniOzoneClusterImpl-f8a20603-669c-41d5-94ea-e080bd68b2ef/ozone-meta/datanode-2/data-0/hdds)] INFO  ozoneimpl.AbstractBackgroundContainerScanner (AbstractBackgroundContainerScanner.java:run(61)) - ContainerDataScanner(/home/runner/work/ozone/ozone/hadoop-ozone/integration-test/target/test-dir/MiniOzoneClusterImpl-f8a20603-669c-41d5-94ea-e080bd68b2ef/ozone-meta/datanode-2/data-0/hdds, DS-c8132939-4c8d-4f74-a73d-2bc9dca2d4c3) exiting.
2024-05-06 08:59:32,059 [main] INFO  ozoneimpl.OnDemandContainerDataScanner (OnDemandContainerDataScanner.java:shutdownScanner(206)) - On-demand container scanner is shutting down.
2024-05-06 08:59:32,059 [main] INFO  server.RaftServer (RaftServerProxy.java:lambda$close$9(416)) - 784e0075-095e-4f49-808e-af9ec74479d6: close
2024-05-06 08:59:32,059 [784e0075-095e-4f49-808e-af9ec74479d6-impl-thread1] INFO  server.RaftServer$Division (RaftServerImpl.java:lambda$close$3(526)) - 784e0075-095e-4f49-808e-af9ec74479d6@group-8701510A3190: shutdown
2024-05-06 08:59:32,059 [784e0075-095e-4f49-808e-af9ec74479d6-impl-thread1] INFO  util.JmxRegister (JmxRegister.java:unregister(73)) - Successfully un-registered JMX Bean with object name Ratis:service=RaftServer,group=group-8701510A3190,id=784e0075-095e-4f49-808e-af9ec74479d6
2024-05-06 08:59:32,060 [784e0075-095e-4f49-808e-af9ec74479d6-impl-thread1] INFO  impl.RoleInfo (RoleInfo.java:shutdownLeaderState(94)) - 784e0075-095e-4f49-808e-af9ec74479d6: shutdown 784e0075-095e-4f49-808e-af9ec74479d6@group-8701510A3190-LeaderStateImpl
2024-05-06 08:59:32,060 [784e0075-095e-4f49-808e-af9ec74479d6-impl-thread1] INFO  impl.PendingRequests (PendingRequests.java:sendNotLeaderResponses(289)) - 784e0075-095e-4f49-808e-af9ec74479d6@group-8701510A3190-PendingRequests: sendNotLeaderResponses
2024-05-06 08:59:32,067 [fa7233c5-99c6-4a1a-a2f1-81d332223322@group-1DB2361A2323-LeaderElection24] INFO  impl.LeaderElection (LeaderElection.java:askForVotes(321)) - fa7233c5-99c6-4a1a-a2f1-81d332223322@group-1DB2361A2323-LeaderElection24 PRE_VOTE round 0: submit vote requests at term 0 for -1: peers:[fa7233c5-99c6-4a1a-a2f1-81d332223322|127.0.0.1:15103]|listeners:[], old=null
2024-05-06 08:59:32,067 [fa7233c5-99c6-4a1a-a2f1-81d332223322@group-1DB2361A2323-LeaderElection24] INFO  impl.LeaderElection (LeaderElection.java:askForVotes(323)) - fa7233c5-99c6-4a1a-a2f1-81d332223322@group-1DB2361A2323-LeaderElection24 PRE_VOTE round 0: result PASSED (term=0)
2024-05-06 08:59:32,068 [fa7233c5-99c6-4a1a-a2f1-81d332223322@group-1DB2361A2323-LeaderElection24] INFO  impl.LeaderElection (LeaderElection.java:askForVotes(321)) - fa7233c5-99c6-4a1a-a2f1-81d332223322@group-1DB2361A2323-LeaderElection24 ELECTION round 0: submit vote requests at term 1 for -1: peers:[fa7233c5-99c6-4a1a-a2f1-81d332223322|127.0.0.1:15103]|listeners:[], old=null
2024-05-06 08:59:32,068 [fa7233c5-99c6-4a1a-a2f1-81d332223322@group-1DB2361A2323-LeaderElection24] INFO  impl.LeaderElection (LeaderElection.java:askForVotes(323)) - fa7233c5-99c6-4a1a-a2f1-81d332223322@group-1DB2361A2323-LeaderElection24 ELECTION round 0: result PASSED (term=1)
2024-05-06 08:59:32,068 [fa7233c5-99c6-4a1a-a2f1-81d332223322@group-1DB2361A2323-LeaderElection24] INFO  impl.RoleInfo (RoleInfo.java:shutdownLeaderElection(130)) - fa7233c5-99c6-4a1a-a2f1-81d332223322: shutdown fa7233c5-99c6-4a1a-a2f1-81d332223322@group-1DB2361A2323-LeaderElection24
2024-05-06 08:59:32,068 [fa7233c5-99c6-4a1a-a2f1-81d332223322@group-1DB2361A2323-LeaderElection24] INFO  server.RaftServer$Division (RaftServerImpl.java:setRole(383)) - fa7233c5-99c6-4a1a-a2f1-81d332223322@group-1DB2361A2323: changes role from CANDIDATE to LEADER at term 1 for changeToLeader
2024-05-06 08:59:32,068 [fa7233c5-99c6-4a1a-a2f1-81d332223322@group-1DB2361A2323-LeaderElection24] INFO  server.RaftServerConfigKeys (ConfUtils.java:logGet(46)) - raft.server.staging.catchup.gap = 1000 (default)
2024-05-06 08:59:32,068 [fa7233c5-99c6-4a1a-a2f1-81d332223322@group-1DB2361A2323-LeaderElection24] INFO  server.RaftServerConfigKeys (ConfUtils.java:logGet(46)) - raft.server.write.element-limit = 1024 (custom)
2024-05-06 08:59:32,068 [fa7233c5-99c6-4a1a-a2f1-81d332223322@group-1DB2361A2323-LeaderElection24] INFO  server.RaftServerConfigKeys (ConfUtils.java:logGet(46)) - raft.server.write.byte-limit = 1024 M (=1073741824) (custom)
2024-05-06 08:59:32,069 [fa7233c5-99c6-4a1a-a2f1-81d332223322@group-1DB2361A2323-LeaderElection24] INFO  server.RaftServerConfigKeys (ConfUtils.java:logGet(46)) - raft.server.watch.timeout = 3000ms (custom)
2024-05-06 08:59:32,069 [fa7233c5-99c6-4a1a-a2f1-81d332223322@group-1DB2361A2323-LeaderElection24] INFO  server.RaftServerConfigKeys (ConfUtils.java:logGet(46)) - raft.server.watch.timeout.denomination = 1s (default)
2024-05-06 08:59:32,069 [fa7233c5-99c6-4a1a-a2f1-81d332223322@group-1DB2361A2323-LeaderElection24] INFO  server.RaftServerConfigKeys (ConfUtils.java:logGet(46)) - raft.server.watch.element-limit = 65536 (default)
2024-05-06 08:59:32,069 [fa7233c5-99c6-4a1a-a2f1-81d332223322@group-1DB2361A2323-LeaderElection24] INFO  server.RaftServerConfigKeys (ConfUtils.java:logGet(46)) - raft.server.read.leader.lease.enabled = false (default)
2024-05-06 08:59:32,069 [fa7233c5-99c6-4a1a-a2f1-81d332223322@group-1DB2361A2323-LeaderElection24] INFO  server.RaftServerConfigKeys (ConfUtils.java:logGet(46)) - raft.server.read.leader.lease.timeout.ratio = 0.9 (default)
2024-05-06 08:59:32,069 [fa7233c5-99c6-4a1a-a2f1-81d332223322@group-1DB2361A2323-LeaderElection24] INFO  server.RaftServerConfigKeys (ConfUtils.java:logGet(46)) - raft.server.rpc.timeout.min = 5s (custom)
2024-05-06 08:59:32,069 [fa7233c5-99c6-4a1a-a2f1-81d332223322@group-1DB2361A2323-LeaderElection24] INFO  server.RaftServerConfigKeys (ConfUtils.java:logGet(46)) - raft.server.write.element-limit = 1024 (custom)
2024-05-06 08:59:32,069 [fa7233c5-99c6-4a1a-a2f1-81d332223322@group-1DB2361A2323-LeaderElection24] INFO  server.RaftServerConfigKeys (ConfUtils.java:logGet(46)) - raft.server.write.follower.gap.ratio.max = -1.0 (default)
2024-05-06 08:59:32,069 [fa7233c5-99c6-4a1a-a2f1-81d332223322@group-1DB2361A2323-LeaderElection24] INFO  impl.RoleInfo (RoleInfo.java:updateAndGet(139)) - fa7233c5-99c6-4a1a-a2f1-81d332223322: start fa7233c5-99c6-4a1a-a2f1-81d332223322@group-1DB2361A2323-LeaderStateImpl
2024-05-06 08:59:32,069 [fa7233c5-99c6-4a1a-a2f1-81d332223322@group-1DB2361A2323-LeaderElection24] INFO  server.RaftServer$Division (RaftServerImpl.java:setFirstElection(574)) - fa7233c5-99c6-4a1a-a2f1-81d332223322@group-1DB2361A2323: set firstElectionSinceStartup to false for becomeLeader
2024-05-06 08:59:32,069 [fa7233c5-99c6-4a1a-a2f1-81d332223322@group-1DB2361A2323-LeaderElection24] INFO  ratis.XceiverServerRatis (XceiverServerRatis.java:handleLeaderChangedNotification(966)) - Leader change notification received for group: group-1DB2361A2323 with new leaderId: fa7233c5-99c6-4a1a-a2f1-81d332223322
2024-05-06 08:59:32,069 [fa7233c5-99c6-4a1a-a2f1-81d332223322@group-1DB2361A2323-LeaderElection24] INFO  server.RaftServer$Division (ServerState.java:setLeader(269)) - fa7233c5-99c6-4a1a-a2f1-81d332223322@group-1DB2361A2323: change Leader from null to fa7233c5-99c6-4a1a-a2f1-81d332223322 at term 1 for becomeLeader, leader elected after 5179ms
2024-05-06 08:59:32,071 [fa7233c5-99c6-4a1a-a2f1-81d332223322@group-1DB2361A2323-LeaderElection24] INFO  segmented.SegmentedRaftLogWorker (SegmentedRaftLogWorker.java:startLogSegment(430)) - fa7233c5-99c6-4a1a-a2f1-81d332223322@group-1DB2361A2323-SegmentedRaftLogWorker: Starting segment from index:0
2024-05-06 08:59:32,071 [fa7233c5-99c6-4a1a-a2f1-81d332223322@group-1DB2361A2323-SegmentedRaftLogWorker] INFO  segmented.BufferedWriteChannel (BufferedWriteChannel.java:open(62)) - open log_inprogress_0 at position 0
2024-05-06 08:59:32,075 [fa7233c5-99c6-4a1a-a2f1-81d332223322@group-1DB2361A2323-LeaderElection24] INFO  server.RaftServer$Division (ServerState.java:setRaftConf(386)) - fa7233c5-99c6-4a1a-a2f1-81d332223322@group-1DB2361A2323: set configuration 0: peers:[fa7233c5-99c6-4a1a-a2f1-81d332223322|127.0.0.1:15103]|listeners:[], old=null
2024-05-06 08:59:32,076 [main] INFO  server.GrpcService (GrpcService.java:closeImpl(311)) - 784e0075-095e-4f49-808e-af9ec74479d6: shutdown server org.apache.ratis.grpc.server.GrpcClientProtocolService now
2024-05-06 08:59:32,076 [784e0075-095e-4f49-808e-af9ec74479d6-impl-thread4] INFO  server.RaftServer$Division (RaftServerImpl.java:lambda$close$3(526)) - 784e0075-095e-4f49-808e-af9ec74479d6@group-78EE1D651754: shutdown
2024-05-06 08:59:32,077 [784e0075-095e-4f49-808e-af9ec74479d6-impl-thread4] INFO  util.JmxRegister (JmxRegister.java:unregister(73)) - Successfully un-registered JMX Bean with object name Ratis:service=RaftServer,group=group-78EE1D651754,id=784e0075-095e-4f49-808e-af9ec74479d6
2024-05-06 08:59:32,077 [784e0075-095e-4f49-808e-af9ec74479d6-impl-thread4] INFO  impl.RoleInfo (RoleInfo.java:shutdownFollowerState(110)) - 784e0075-095e-4f49-808e-af9ec74479d6: shutdown 784e0075-095e-4f49-808e-af9ec74479d6@group-78EE1D651754-FollowerState
2024-05-06 08:59:32,077 [784e0075-095e-4f49-808e-af9ec74479d6@group-78EE1D651754-FollowerState] INFO  impl.FollowerState (FollowerState.java:run(152)) - 784e0075-095e-4f49-808e-af9ec74479d6@group-78EE1D651754-FollowerState was interrupted
2024-05-06 08:59:32,077 [784e0075-095e-4f49-808e-af9ec74479d6-impl-thread3] INFO  server.RaftServer$Division (RaftServerImpl.java:lambda$close$3(526)) - 784e0075-095e-4f49-808e-af9ec74479d6@group-5CFE60BBC8FA: shutdown
2024-05-06 08:59:32,077 [784e0075-095e-4f49-808e-af9ec74479d6-impl-thread3] INFO  util.JmxRegister (JmxRegister.java:unregister(73)) - Successfully un-registered JMX Bean with object name Ratis:service=RaftServer,group=group-5CFE60BBC8FA,id=784e0075-095e-4f49-808e-af9ec74479d6
2024-05-06 08:59:32,077 [784e0075-095e-4f49-808e-af9ec74479d6-impl-thread3] INFO  impl.RoleInfo (RoleInfo.java:shutdownLeaderState(94)) - 784e0075-095e-4f49-808e-af9ec74479d6: shutdown 784e0075-095e-4f49-808e-af9ec74479d6@group-5CFE60BBC8FA-LeaderStateImpl
2024-05-06 08:59:32,077 [784e0075-095e-4f49-808e-af9ec74479d6-impl-thread3] INFO  impl.PendingRequests (PendingRequests.java:sendNotLeaderResponses(289)) - 784e0075-095e-4f49-808e-af9ec74479d6@group-5CFE60BBC8FA-PendingRequests: sendNotLeaderResponses
2024-05-06 08:59:32,078 [784e0075-095e-4f49-808e-af9ec74479d6@group-5CFE60BBC8FA-StateMachineUpdater] INFO  ratis.ContainerStateMachine (ContainerStateMachine.java:takeSnapshot(355)) - group-5CFE60BBC8FA: Taking a snapshot at:(t:1, i:0) file /home/runner/work/ozone/ozone/hadoop-ozone/integration-test/target/test-dir/MiniOzoneClusterImpl-f8a20603-669c-41d5-94ea-e080bd68b2ef/ozone-meta/datanode-2/ratis/4e261f18-1c4a-4e78-8ec9-5cfe60bbc8fa/sm/snapshot.1_0
2024-05-06 08:59:32,078 [784e0075-095e-4f49-808e-af9ec74479d6-impl-thread2] INFO  server.RaftServer$Division (RaftServerImpl.java:lambda$close$3(526)) - 784e0075-095e-4f49-808e-af9ec74479d6@group-A9BF880E318F: shutdown
2024-05-06 08:59:32,078 [784e0075-095e-4f49-808e-af9ec74479d6-impl-thread3] INFO  impl.StateMachineUpdater (StateMachineUpdater.java:stopAndJoin(157)) - 784e0075-095e-4f49-808e-af9ec74479d6@group-5CFE60BBC8FA-StateMachineUpdater: set stopIndex = 0
2024-05-06 08:59:32,078 [784e0075-095e-4f49-808e-af9ec74479d6-impl-thread4] INFO  impl.StateMachineUpdater (StateMachineUpdater.java:stopAndJoin(157)) - 784e0075-095e-4f49-808e-af9ec74479d6@group-78EE1D651754-StateMachineUpdater: set stopIndex = -1
2024-05-06 08:59:32,078 [784e0075-095e-4f49-808e-af9ec74479d6-impl-thread4] INFO  server.RaftServer$Division (ServerState.java:close(427)) - 784e0075-095e-4f49-808e-af9ec74479d6@group-78EE1D651754: applyIndex: -1
2024-05-06 08:59:32,079 [784e0075-095e-4f49-808e-af9ec74479d6@group-78EE1D651754-cacheEviction-AwaitToRun] INFO  util.AwaitToRun (AwaitToRun.java:run(49)) - 784e0075-095e-4f49-808e-af9ec74479d6@group-78EE1D651754-cacheEviction-AwaitToRun-AwaitForSignal is interrupted
2024-05-06 08:59:32,079 [fa7233c5-99c6-4a1a-a2f1-81d332223322@group-1DB2361A2323-SegmentedRaftLogWorker] INFO  segmented.SegmentedRaftLogWorker (SegmentedRaftLogWorker.java:execute(634)) - fa7233c5-99c6-4a1a-a2f1-81d332223322@group-1DB2361A2323-SegmentedRaftLogWorker: created new log segment /home/runner/work/ozone/ozone/hadoop-ozone/integration-test/target/test-dir/MiniOzoneClusterImpl-f8a20603-669c-41d5-94ea-e080bd68b2ef/ozone-meta/datanode-5/ratis/2f94e1a1-2b39-455a-b934-1db2361a2323/current/log_inprogress_0
2024-05-06 08:59:32,078 [784e0075-095e-4f49-808e-af9ec74479d6-impl-thread2] INFO  util.JmxRegister (JmxRegister.java:unregister(73)) - Successfully un-registered JMX Bean with object name Ratis:service=RaftServer,group=group-A9BF880E318F,id=784e0075-095e-4f49-808e-af9ec74479d6
2024-05-06 08:59:32,079 [784e0075-095e-4f49-808e-af9ec74479d6@group-5CFE60BBC8FA-StateMachineUpdater] INFO  ratis.ContainerStateMachine (ContainerStateMachine.java:takeSnapshot(366)) - group-5CFE60BBC8FA: Finished taking a snapshot at:(t:1, i:0) file:/home/runner/work/ozone/ozone/hadoop-ozone/integration-test/target/test-dir/MiniOzoneClusterImpl-f8a20603-669c-41d5-94ea-e080bd68b2ef/ozone-meta/datanode-2/ratis/4e261f18-1c4a-4e78-8ec9-5cfe60bbc8fa/sm/snapshot.1_0 took: 1 ms
2024-05-06 08:59:32,080 [784e0075-095e-4f49-808e-af9ec74479d6@group-5CFE60BBC8FA-StateMachineUpdater] INFO  impl.StateMachineUpdater (StateMachineUpdater.java:takeSnapshot(295)) - 784e0075-095e-4f49-808e-af9ec74479d6@group-5CFE60BBC8FA-StateMachineUpdater: Took a snapshot at index 0
2024-05-06 08:59:32,080 [784e0075-095e-4f49-808e-af9ec74479d6@group-5CFE60BBC8FA-StateMachineUpdater] INFO  impl.StateMachineUpdater (StateMachineUpdater.java:lambda$new$0(98)) - 784e0075-095e-4f49-808e-af9ec74479d6@group-5CFE60BBC8FA-StateMachineUpdater: snapshotIndex: updateIncreasingly -1 -> 0
2024-05-06 08:59:32,080 [784e0075-095e-4f49-808e-af9ec74479d6-impl-thread2] INFO  impl.RoleInfo (RoleInfo.java:shutdownFollowerState(110)) - 784e0075-095e-4f49-808e-af9ec74479d6: shutdown 784e0075-095e-4f49-808e-af9ec74479d6@group-A9BF880E318F-FollowerState
2024-05-06 08:59:32,081 [784e0075-095e-4f49-808e-af9ec74479d6@group-A9BF880E318F-StateMachineUpdater] INFO  ratis.ContainerStateMachine (ContainerStateMachine.java:takeSnapshot(355)) - group-A9BF880E318F: Taking a snapshot at:(t:1, i:14) file /home/runner/work/ozone/ozone/hadoop-ozone/integration-test/target/test-dir/MiniOzoneClusterImpl-f8a20603-669c-41d5-94ea-e080bd68b2ef/ozone-meta/datanode-2/ratis/87f1befd-0e19-4082-a863-a9bf880e318f/sm/snapshot.1_14
2024-05-06 08:59:32,080 [fa7233c5-99c6-4a1a-a2f1-81d332223322@group-1DB2361A2323-StateMachineUpdater] INFO  server.RaftServer$Division (LeaderStateImpl.java:isApplied(320)) - leader is ready since appliedIndex == 0 >= startIndex == 0
2024-05-06 08:59:32,080 [784e0075-095e-4f49-808e-af9ec74479d6-impl-thread3] INFO  server.RaftServer$Division (ServerState.java:close(427)) - 784e0075-095e-4f49-808e-af9ec74479d6@group-5CFE60BBC8FA: applyIndex: 0
2024-05-06 08:59:32,081 [784e0075-095e-4f49-808e-af9ec74479d6-impl-thread2] INFO  impl.StateMachineUpdater (StateMachineUpdater.java:stopAndJoin(157)) - 784e0075-095e-4f49-808e-af9ec74479d6@group-A9BF880E318F-StateMachineUpdater: set stopIndex = 14
2024-05-06 08:59:32,081 [784e0075-095e-4f49-808e-af9ec74479d6@group-A9BF880E318F-StateMachineUpdater] INFO  ratis.ContainerStateMachine (ContainerStateMachine.java:takeSnapshot(366)) - group-A9BF880E318F: Finished taking a snapshot at:(t:1, i:14) file:/home/runner/work/ozone/ozone/hadoop-ozone/integration-test/target/test-dir/MiniOzoneClusterImpl-f8a20603-669c-41d5-94ea-e080bd68b2ef/ozone-meta/datanode-2/ratis/87f1befd-0e19-4082-a863-a9bf880e318f/sm/snapshot.1_14 took: 1 ms
2024-05-06 08:59:32,081 [784e0075-095e-4f49-808e-af9ec74479d6@group-A9BF880E318F-FollowerState] INFO  impl.FollowerState (FollowerState.java:run(152)) - 784e0075-095e-4f49-808e-af9ec74479d6@group-A9BF880E318F-FollowerState was interrupted
2024-05-06 08:59:32,082 [784e0075-095e-4f49-808e-af9ec74479d6@group-A9BF880E318F-StateMachineUpdater] INFO  impl.StateMachineUpdater (StateMachineUpdater.java:takeSnapshot(295)) - 784e0075-095e-4f49-808e-af9ec74479d6@group-A9BF880E318F-StateMachineUpdater: Took a snapshot at index 14
2024-05-06 08:59:32,081 [784e0075-095e-4f49-808e-af9ec74479d6@group-5CFE60BBC8FA-cacheEviction-AwaitToRun] INFO  util.AwaitToRun (AwaitToRun.java:run(49)) - 784e0075-095e-4f49-808e-af9ec74479d6@group-5CFE60BBC8FA-cacheEviction-AwaitToRun-AwaitForSignal is interrupted
2024-05-06 08:59:32,082 [784e0075-095e-4f49-808e-af9ec74479d6@group-A9BF880E318F-StateMachineUpdater] INFO  impl.StateMachineUpdater (StateMachineUpdater.java:lambda$new$0(98)) - 784e0075-095e-4f49-808e-af9ec74479d6@group-A9BF880E318F-StateMachineUpdater: snapshotIndex: updateIncreasingly -1 -> 14
2024-05-06 08:59:32,083 [Thread-1753] INFO  server.GrpcServerProtocolClient (GrpcServerProtocolClient.java:close(103)) - 0e9e7d01-6cef-4822-a23d-4188eb8fb4d0 Close channels
2024-05-06 08:59:32,084 [784e0075-095e-4f49-808e-af9ec74479d6-impl-thread2] INFO  server.RaftServer$Division (ServerState.java:close(427)) - 784e0075-095e-4f49-808e-af9ec74479d6@group-A9BF880E318F: applyIndex: 14
2024-05-06 08:59:32,084 [784e0075-095e-4f49-808e-af9ec74479d6@group-A9BF880E318F-cacheEviction-AwaitToRun] INFO  util.AwaitToRun (AwaitToRun.java:run(49)) - 784e0075-095e-4f49-808e-af9ec74479d6@group-A9BF880E318F-cacheEviction-AwaitToRun-AwaitForSignal is interrupted
2024-05-06 08:59:32,086 [Thread-1754] INFO  server.GrpcServerProtocolClient (GrpcServerProtocolClient.java:close(103)) - 90b7064f-8397-4c9e-a509-54ea80c9149b Close channels
2024-05-06 08:59:32,091 [main] INFO  server.GrpcService (GrpcService.java:closeImpl(320)) - 784e0075-095e-4f49-808e-af9ec74479d6: shutdown server org.apache.ratis.grpc.server.GrpcClientProtocolService successfully
2024-05-06 08:59:32,091 [main] INFO  server.GrpcService (GrpcService.java:closeImpl(311)) - 784e0075-095e-4f49-808e-af9ec74479d6: shutdown server GrpcServerProtocolService now
2024-05-06 08:59:32,092 [grpc-default-executor-6] WARN  server.GrpcServerProtocolService (LogUtils.java:warn(121)) - 784e0075-095e-4f49-808e-af9ec74479d6: APPEND_ENTRIES onError, lastRequest: null: org.apache.ratis.thirdparty.io.grpc.StatusRuntimeException: CANCELLED: client cancelled
2024-05-06 08:59:32,093 [grpc-default-executor-0] WARN  server.GrpcLogAppender (LogUtils.java:warn(121)) - 0e9e7d01-6cef-4822-a23d-4188eb8fb4d0@group-78EE1D651754->784e0075-095e-4f49-808e-af9ec74479d6-AppendLogResponseHandler: Failed appendEntries: org.apache.ratis.thirdparty.io.grpc.StatusRuntimeException: CANCELLED: RST_STREAM closed stream. HTTP/2 error code: CANCEL
2024-05-06 08:59:32,093 [grpc-default-executor-4] WARN  server.GrpcLogAppender (LogUtils.java:warn(121)) - 90b7064f-8397-4c9e-a509-54ea80c9149b@group-A9BF880E318F->784e0075-095e-4f49-808e-af9ec74479d6-AppendLogResponseHandler: Failed appendEntries: org.apache.ratis.thirdparty.io.grpc.StatusRuntimeException: CANCELLED: RST_STREAM closed stream. HTTP/2 error code: CANCEL
2024-05-06 08:59:32,093 [grpc-default-executor-0] WARN  server.GrpcLogAppender (GrpcLogAppender.java:lambda$resetClient$1(217)) - 0e9e7d01-6cef-4822-a23d-4188eb8fb4d0@group-78EE1D651754->784e0075-095e-4f49-808e-af9ec74479d6-GrpcLogAppender: Follower failed (request=null, errorCount=1); keep nextIndex (1) unchanged and retry.
2024-05-06 08:59:32,093 [grpc-default-executor-1] WARN  server.GrpcServerProtocolService (LogUtils.java:warn(121)) - 784e0075-095e-4f49-808e-af9ec74479d6: APPEND_ENTRIES onError, lastRequest: 90b7064f-8397-4c9e-a509-54ea80c9149b->784e0075-095e-4f49-808e-af9ec74479d6#34-t1,previous=(t:1, i:15),leaderCommit=14,initializing? false,entries: size=1, first=(t:1, i:16), METADATAENTRY(c:14): org.apache.ratis.thirdparty.io.grpc.StatusRuntimeException: CANCELLED: client cancelled
2024-05-06 08:59:32,094 [grpc-default-executor-5] WARN  server.GrpcServerProtocolService (LogUtils.java:warn(121)) - 784e0075-095e-4f49-808e-af9ec74479d6: APPEND_ENTRIES onError, lastRequest: null: org.apache.ratis.thirdparty.io.grpc.StatusRuntimeException: CANCELLED: client cancelled
2024-05-06 08:59:32,093 [grpc-default-executor-4] WARN  server.GrpcLogAppender (GrpcLogAppender.java:lambda$resetClient$1(217)) - 90b7064f-8397-4c9e-a509-54ea80c9149b@group-A9BF880E318F->784e0075-095e-4f49-808e-af9ec74479d6-GrpcLogAppender: Follower failed (request=null, errorCount=1); keep nextIndex (17) unchanged and retry.
2024-05-06 08:59:32,093 [grpc-default-executor-8] WARN  server.GrpcServerProtocolService (LogUtils.java:warn(121)) - 784e0075-095e-4f49-808e-af9ec74479d6: APPEND_ENTRIES onError, lastRequest: 0e9e7d01-6cef-4822-a23d-4188eb8fb4d0->784e0075-095e-4f49-808e-af9ec74479d6#1-t1,previous=(t:0, i:0),leaderCommit=-1,initializing? false,entries: size=1, first=(t:1, i:0), CONFIGURATIONENTRY(current:id: "0e9e7d01-6cef-4822-a23d-4188eb8fb4d0"
address: "127.0.0.1:15085"
priority: 1
dataStreamAddress: "127.0.0.1:15086"
clientAddress: "127.0.0.1:15083"
adminAddress: "127.0.0.1:15084"
startupRole: FOLLOWER
,id: "90b7064f-8397-4c9e-a509-54ea80c9149b"
address: "127.0.0.1:15067"
dataStreamAddress: "127.0.0.1:15068"
clientAddress: "127.0.0.1:15065"
adminAddress: "127.0.0.1:15066"
startupRole: FOLLOWER
,id: "784e0075-095e-4f49-808e-af9ec74479d6"
address: "127.0.0.1:15076"
dataStreamAddress: "127.0.0.1:15077"
clientAddress: "127.0.0.1:15074"
adminAddress: "127.0.0.1:15075"
startupRole: FOLLOWER
, old:): org.apache.ratis.thirdparty.io.grpc.StatusRuntimeException: CANCELLED: client cancelled
2024-05-06 08:59:32,099 [main] INFO  server.GrpcService (GrpcService.java:closeImpl(320)) - 784e0075-095e-4f49-808e-af9ec74479d6: shutdown server GrpcServerProtocolService successfully
2024-05-06 08:59:32,099 [main] INFO  server.GrpcService (GrpcService.java:closeImpl(311)) - 784e0075-095e-4f49-808e-af9ec74479d6: shutdown server org.apache.ratis.grpc.server.GrpcAdminProtocolService now
2024-05-06 08:59:32,100 [main] INFO  server.GrpcService (GrpcService.java:closeImpl(320)) - 784e0075-095e-4f49-808e-af9ec74479d6: shutdown server org.apache.ratis.grpc.server.GrpcAdminProtocolService successfully
2024-05-06 08:59:32,108 [784e0075-095e-4f49-808e-af9ec74479d6-NettyServerStreamRpc-bossGroup--thread1] INFO  logging.LoggingHandler (AbstractInternalLogger.java:log(148)) - [id: 0x00bf3335, L:/0.0.0.0:15077] CLOSE
2024-05-06 08:59:32,108 [784e0075-095e-4f49-808e-af9ec74479d6-NettyServerStreamRpc-bossGroup--thread1] INFO  logging.LoggingHandler (AbstractInternalLogger.java:log(148)) - [id: 0x00bf3335, L:/0.0.0.0:15077] INACTIVE
2024-05-06 08:59:32,108 [784e0075-095e-4f49-808e-af9ec74479d6-NettyServerStreamRpc-bossGroup--thread1] INFO  logging.LoggingHandler (AbstractInternalLogger.java:log(148)) - [id: 0x00bf3335, L:/0.0.0.0:15077] UNREGISTERED
2024-05-06 08:59:32,733 [784e0075-095e-4f49-808e-af9ec74479d6-impl-thread3] INFO  segmented.SegmentedRaftLogWorker (SegmentedRaftLogWorker.java:close(245)) - 784e0075-095e-4f49-808e-af9ec74479d6@group-5CFE60BBC8FA-SegmentedRaftLogWorker close()
2024-05-06 08:59:33,003 [784e0075-095e-4f49-808e-af9ec74479d6-impl-thread4] INFO  segmented.SegmentedRaftLogWorker (SegmentedRaftLogWorker.java:close(245)) - 784e0075-095e-4f49-808e-af9ec74479d6@group-78EE1D651754-SegmentedRaftLogWorker close()
2024-05-06 08:59:33,034 [784e0075-095e-4f49-808e-af9ec74479d6-impl-thread2] INFO  segmented.SegmentedRaftLogWorker (SegmentedRaftLogWorker.java:close(245)) - 784e0075-095e-4f49-808e-af9ec74479d6@group-A9BF880E318F-SegmentedRaftLogWorker close()
2024-05-06 08:59:35,080 [EventQueue-StaleNodeForStaleNodeHandler] INFO  node.StaleNodeHandler (StaleNodeHandler.java:onMessage(57)) - Datanode 784e0075-095e-4f49-808e-af9ec74479d6(localhost/127.0.0.1) moved to stale state. Finalizing its pipelines [PipelineID=bedcda76-b5f0-4b44-a916-8701510a3190, PipelineID=4e261f18-1c4a-4e78-8ec9-5cfe60bbc8fa, PipelineID=87f1befd-0e19-4082-a863-a9bf880e318f, PipelineID=f9c5d62b-efaf-469a-aada-78ee1d651754]
2024-05-06 08:59:35,080 [EventQueue-StaleNodeForStaleNodeHandler] INFO  pipeline.PipelineManagerImpl (PipelineManagerImpl.java:closePipeline(518)) - Pipeline PipelineID=bedcda76-b5f0-4b44-a916-8701510a3190 moved to CLOSED state
2024-05-06 08:59:35,081 [EventQueue-StaleNodeForStaleNodeHandler] INFO  pipeline.PipelineManagerImpl (PipelineManagerImpl.java:closePipeline(518)) - Pipeline PipelineID=4e261f18-1c4a-4e78-8ec9-5cfe60bbc8fa moved to CLOSED state
2024-05-06 08:59:35,081 [EventQueue-StaleNodeForStaleNodeHandler] INFO  pipeline.PipelineManagerImpl (PipelineManagerImpl.java:closeContainersForPipeline(484)) - Container #1 closed for pipeline=PipelineID=87f1befd-0e19-4082-a863-a9bf880e318f
2024-05-06 08:59:35,081 [EventQueue-CloseContainerForCloseContainerEventHandler] INFO  container.CloseContainerEventHandler (CloseContainerEventHandler.java:onMessage(88)) - Close container Event triggered for container : #1, current state: CLOSING
2024-05-06 08:59:35,081 [EventQueue-StaleNodeForStaleNodeHandler] INFO  pipeline.PipelineManagerImpl (PipelineManagerImpl.java:closePipeline(518)) - Pipeline PipelineID=87f1befd-0e19-4082-a863-a9bf880e318f moved to CLOSED state
2024-05-06 08:59:35,082 [EventQueue-StaleNodeForStaleNodeHandler] INFO  pipeline.PipelineManagerImpl (PipelineManagerImpl.java:closePipeline(518)) - Pipeline PipelineID=f9c5d62b-efaf-469a-aada-78ee1d651754 moved to CLOSED state
2024-05-06 08:59:37,093 [timer1] WARN  server.GrpcLogAppender (LogUtils.java:warn(121)) - 90b7064f-8397-4c9e-a509-54ea80c9149b@group-A9BF880E318F->784e0075-095e-4f49-808e-af9ec74479d6-AppendLogResponseHandler: Failed appendEntries (Repeated 8 times in the last 5.000s): org.apache.ratis.thirdparty.io.grpc.StatusRuntimeException: UNAVAILABLE: io exception
2024-05-06 08:59:37,093 [timer2] WARN  server.GrpcLogAppender (GrpcLogAppender.java:lambda$resetClient$1(217)) - 0e9e7d01-6cef-4822-a23d-4188eb8fb4d0@group-78EE1D651754->784e0075-095e-4f49-808e-af9ec74479d6-GrpcLogAppender: Follower failed (request=null, errorCount=8); keep nextIndex (1) unchanged and retry. (Repeated 8 times in the last 5.000s)
2024-05-06 08:59:37,093 [timer0] WARN  server.GrpcLogAppender (LogUtils.java:warn(121)) - 0e9e7d01-6cef-4822-a23d-4188eb8fb4d0@group-78EE1D651754->784e0075-095e-4f49-808e-af9ec74479d6-AppendLogResponseHandler: Failed appendEntries (Repeated 8 times in the last 5.001s): org.apache.ratis.thirdparty.io.grpc.StatusRuntimeException: UNAVAILABLE: io exception
2024-05-06 08:59:37,094 [timer3] WARN  server.GrpcLogAppender (GrpcLogAppender.java:lambda$resetClient$1(217)) - 90b7064f-8397-4c9e-a509-54ea80c9149b@group-A9BF880E318F->784e0075-095e-4f49-808e-af9ec74479d6-GrpcLogAppender: Follower failed (request=null, errorCount=8); keep nextIndex (17) unchanged and retry. (Repeated 8 times in the last 5.001s)
2024-05-06 08:59:37,935 [grpc-default-executor-8] WARN  server.GrpcLogAppender (LogUtils.java:warn(121)) - 90b7064f-8397-4c9e-a509-54ea80c9149b@group-A9BF880E318F->784e0075-095e-4f49-808e-af9ec74479d6-AppendLogResponseHandler: Failed appendEntries: org.apache.ratis.thirdparty.io.grpc.StatusRuntimeException: UNAVAILABLE: io exception
2024-05-06 08:59:37,936 [grpc-default-executor-4] WARN  server.GrpcLogAppender (GrpcLogAppender.java:lambda$resetClient$1(217)) - 90b7064f-8397-4c9e-a509-54ea80c9149b@group-A9BF880E318F->784e0075-095e-4f49-808e-af9ec74479d6-GrpcLogAppender: Follower failed (request=null, errorCount=9); keep nextIndex (18) unchanged and retry.
2024-05-06 08:59:37,938 [grpc-default-executor-8] WARN  server.GrpcLogAppender (GrpcLogAppender.java:lambda$resetClient$1(217)) - 90b7064f-8397-4c9e-a509-54ea80c9149b@group-A9BF880E318F->784e0075-095e-4f49-808e-af9ec74479d6-GrpcLogAppender: Follower failed (request=null, errorCount=11); keep nextIndex (19) unchanged and retry.
2024-05-06 08:59:37,941 [0e9e7d01-6cef-4822-a23d-4188eb8fb4d0-ContainerOp-87f1befd-0e19-4082-a863-a9bf880e318f-8] INFO  keyvalue.KeyValueContainer (KeyValueContainer.java:flushAndSyncDB(522)) - Container 1 is synced with bcsId 14.
2024-05-06 08:59:37,941 [0e9e7d01-6cef-4822-a23d-4188eb8fb4d0-ContainerOp-87f1befd-0e19-4082-a863-a9bf880e318f-8] INFO  keyvalue.KeyValueContainer (KeyValueContainer.java:flushAndSyncDB(522)) - Container 1 is synced with bcsId 14.
2024-05-06 08:59:37,943 [0e9e7d01-6cef-4822-a23d-4188eb8fb4d0-ContainerOp-87f1befd-0e19-4082-a863-a9bf880e318f-8] INFO  keyvalue.KeyValueContainer (KeyValueContainer.java:close(437)) - Container 1 is closed with bcsId 14.
2024-05-06 08:59:37,945 [FixedThreadPoolWithAffinityExecutor-9-0] INFO  container.IncrementalContainerReportHandler (AbstractContainerReportHandler.java:updateContainerState(312)) - Moving container #1 to CLOSED state, datanode 0e9e7d01-6cef-4822-a23d-4188eb8fb4d0(localhost/127.0.0.1) reported CLOSED replica with index 0.
2024-05-06 08:59:37,947 [90b7064f-8397-4c9e-a509-54ea80c9149b-ContainerOp-87f1befd-0e19-4082-a863-a9bf880e318f-8] INFO  keyvalue.KeyValueContainer (KeyValueContainer.java:flushAndSyncDB(522)) - Container 1 is synced with bcsId 14.
2024-05-06 08:59:37,947 [90b7064f-8397-4c9e-a509-54ea80c9149b-ContainerOp-87f1befd-0e19-4082-a863-a9bf880e318f-8] INFO  keyvalue.KeyValueContainer (KeyValueContainer.java:flushAndSyncDB(522)) - Container 1 is synced with bcsId 14.
2024-05-06 08:59:37,949 [90b7064f-8397-4c9e-a509-54ea80c9149b-ContainerOp-87f1befd-0e19-4082-a863-a9bf880e318f-8] INFO  keyvalue.KeyValueContainer (KeyValueContainer.java:close(437)) - Container 1 is closed with bcsId 14.
2024-05-06 08:59:38,082 [EventQueue-DeadNodeForDeadNodeHandler] INFO  node.DeadNodeHandler (DeadNodeHandler.java:onMessage(95)) - A dead datanode is detected. 784e0075-095e-4f49-808e-af9ec74479d6(localhost/127.0.0.1)
2024-05-06 08:59:38,082 [EventQueue-DeadNodeForDeadNodeHandler] INFO  pipeline.RatisPipelineProvider (RatisPipelineProvider.java:lambda$close$4(270)) - Send pipeline:PipelineID=bedcda76-b5f0-4b44-a916-8701510a3190 close command to datanode 0e9e7d01-6cef-4822-a23d-4188eb8fb4d0
2024-05-06 08:59:38,082 [EventQueue-DeadNodeForDeadNodeHandler] INFO  pipeline.RatisPipelineProvider (RatisPipelineProvider.java:lambda$close$4(270)) - Send pipeline:PipelineID=bedcda76-b5f0-4b44-a916-8701510a3190 close command to datanode 90b7064f-8397-4c9e-a509-54ea80c9149b
2024-05-06 08:59:38,082 [EventQueue-DeadNodeForDeadNodeHandler] INFO  pipeline.RatisPipelineProvider (RatisPipelineProvider.java:lambda$close$4(270)) - Send pipeline:PipelineID=bedcda76-b5f0-4b44-a916-8701510a3190 close command to datanode 784e0075-095e-4f49-808e-af9ec74479d6
2024-05-06 08:59:38,083 [EventQueue-DeadNodeForDeadNodeHandler] INFO  pipeline.PipelineManagerImpl (PipelineManagerImpl.java:removePipeline(459)) - Pipeline Pipeline[ Id: bedcda76-b5f0-4b44-a916-8701510a3190, Nodes: 0e9e7d01-6cef-4822-a23d-4188eb8fb4d0(localhost/127.0.0.1)90b7064f-8397-4c9e-a509-54ea80c9149b(localhost/127.0.0.1)784e0075-095e-4f49-808e-af9ec74479d6(localhost/127.0.0.1), ReplicationConfig: RATIS/THREE, State:CLOSED, leaderId:784e0075-095e-4f49-808e-af9ec74479d6, CreationTimestamp2024-05-06T08:59:23.734Z[Etc/UTC]] removed.
2024-05-06 08:59:38,083 [EventQueue-DeadNodeForDeadNodeHandler] INFO  pipeline.RatisPipelineProvider (RatisPipelineProvider.java:lambda$close$4(270)) - Send pipeline:PipelineID=4e261f18-1c4a-4e78-8ec9-5cfe60bbc8fa close command to datanode 784e0075-095e-4f49-808e-af9ec74479d6
2024-05-06 08:59:38,083 [EventQueue-DeadNodeForDeadNodeHandler] INFO  pipeline.PipelineManagerImpl (PipelineManagerImpl.java:removePipeline(459)) - Pipeline Pipeline[ Id: 4e261f18-1c4a-4e78-8ec9-5cfe60bbc8fa, Nodes: 784e0075-095e-4f49-808e-af9ec74479d6(localhost/127.0.0.1), ReplicationConfig: RATIS/ONE, State:CLOSED, leaderId:784e0075-095e-4f49-808e-af9ec74479d6, CreationTimestamp2024-05-06T08:59:23.649Z[Etc/UTC]] removed.
2024-05-06 08:59:38,083 [EventQueue-DeadNodeForDeadNodeHandler] INFO  pipeline.RatisPipelineProvider (RatisPipelineProvider.java:lambda$close$4(270)) - Send pipeline:PipelineID=87f1befd-0e19-4082-a863-a9bf880e318f close command to datanode 784e0075-095e-4f49-808e-af9ec74479d6
2024-05-06 08:59:38,083 [EventQueue-DeadNodeForDeadNodeHandler] INFO  pipeline.RatisPipelineProvider (RatisPipelineProvider.java:lambda$close$4(270)) - Send pipeline:PipelineID=87f1befd-0e19-4082-a863-a9bf880e318f close command to datanode 0e9e7d01-6cef-4822-a23d-4188eb8fb4d0
2024-05-06 08:59:38,084 [EventQueue-DeadNodeForDeadNodeHandler] INFO  pipeline.RatisPipelineProvider (RatisPipelineProvider.java:lambda$close$4(270)) - Send pipeline:PipelineID=87f1befd-0e19-4082-a863-a9bf880e318f close command to datanode 90b7064f-8397-4c9e-a509-54ea80c9149b
2024-05-06 08:59:38,084 [EventQueue-DeadNodeForDeadNodeHandler] INFO  pipeline.PipelineManagerImpl (PipelineManagerImpl.java:removePipeline(459)) - Pipeline Pipeline[ Id: 87f1befd-0e19-4082-a863-a9bf880e318f, Nodes: 784e0075-095e-4f49-808e-af9ec74479d6(localhost/127.0.0.1)0e9e7d01-6cef-4822-a23d-4188eb8fb4d0(localhost/127.0.0.1)90b7064f-8397-4c9e-a509-54ea80c9149b(localhost/127.0.0.1), ReplicationConfig: RATIS/THREE, State:CLOSED, leaderId:90b7064f-8397-4c9e-a509-54ea80c9149b, CreationTimestamp2024-05-06T08:59:23.731Z[Etc/UTC]] removed.
2024-05-06 08:59:38,084 [EventQueue-DeadNodeForDeadNodeHandler] INFO  pipeline.RatisPipelineProvider (RatisPipelineProvider.java:lambda$close$4(270)) - Send pipeline:PipelineID=f9c5d62b-efaf-469a-aada-78ee1d651754 close command to datanode 90b7064f-8397-4c9e-a509-54ea80c9149b
2024-05-06 08:59:38,084 [EventQueue-DeadNodeForDeadNodeHandler] INFO  pipeline.RatisPipelineProvider (RatisPipelineProvider.java:lambda$close$4(270)) - Send pipeline:PipelineID=f9c5d62b-efaf-469a-aada-78ee1d651754 close command to datanode 784e0075-095e-4f49-808e-af9ec74479d6
2024-05-06 08:59:38,084 [EventQueue-DeadNodeForDeadNodeHandler] INFO  pipeline.RatisPipelineProvider (RatisPipelineProvider.java:lambda$close$4(270)) - Send pipeline:PipelineID=f9c5d62b-efaf-469a-aada-78ee1d651754 close command to datanode 0e9e7d01-6cef-4822-a23d-4188eb8fb4d0
2024-05-06 08:59:38,084 [EventQueue-DeadNodeForDeadNodeHandler] INFO  pipeline.PipelineManagerImpl (PipelineManagerImpl.java:removePipeline(459)) - Pipeline Pipeline[ Id: f9c5d62b-efaf-469a-aada-78ee1d651754, Nodes: 90b7064f-8397-4c9e-a509-54ea80c9149b(localhost/127.0.0.1)784e0075-095e-4f49-808e-af9ec74479d6(localhost/127.0.0.1)0e9e7d01-6cef-4822-a23d-4188eb8fb4d0(localhost/127.0.0.1), ReplicationConfig: RATIS/THREE, State:CLOSED, leaderId:0e9e7d01-6cef-4822-a23d-4188eb8fb4d0, CreationTimestamp2024-05-06T08:59:23.733Z[Etc/UTC]] removed.
2024-05-06 08:59:38,084 [EventQueue-DeadNodeForDeadNodeHandler] INFO  node.DeadNodeHandler (DeadNodeHandler.java:onMessage(108)) - Clearing command queue of size 5 for DN 784e0075-095e-4f49-808e-af9ec74479d6(localhost/127.0.0.1)
2024-05-06 08:59:38,085 [EventQueue-DeadNodeForDeadNodeHandler] INFO  net.NetworkTopologyImpl (NetworkTopologyImpl.java:remove(212)) - Removed a node: /default-rack/784e0075-095e-4f49-808e-af9ec74479d6
2024-05-06 08:59:38,277 [grpc-default-executor-1] WARN  server.GrpcLogAppender (LogUtils.java:warn(121)) - 0e9e7d01-6cef-4822-a23d-4188eb8fb4d0@group-78EE1D651754->784e0075-095e-4f49-808e-af9ec74479d6-AppendLogResponseHandler: Failed appendEntries: org.apache.ratis.thirdparty.io.grpc.StatusRuntimeException: UNAVAILABLE: io exception
2024-05-06 08:59:38,277 [grpc-default-executor-8] WARN  server.GrpcLogAppender (GrpcLogAppender.java:lambda$resetClient$1(217)) - 0e9e7d01-6cef-4822-a23d-4188eb8fb4d0@group-78EE1D651754->784e0075-095e-4f49-808e-af9ec74479d6-GrpcLogAppender: Follower failed (request=null, errorCount=9); keep nextIndex (1) unchanged and retry.
2024-05-06 08:59:39,932 [90b7064f-8397-4c9e-a509-54ea80c9149b-PipelineCommandHandlerThread-0] INFO  server.RaftServer (RaftServerProxy.java:remove(111)) - 90b7064f-8397-4c9e-a509-54ea80c9149b: remove  FOLLOWER 90b7064f-8397-4c9e-a509-54ea80c9149b@group-8701510A3190:t1, leader=null, voted=784e0075-095e-4f49-808e-af9ec74479d6, raftlog=Memoized:90b7064f-8397-4c9e-a509-54ea80c9149b@group-8701510A3190-SegmentedRaftLog:OPENED:c-1, conf=-1: peers:[0e9e7d01-6cef-4822-a23d-4188eb8fb4d0|127.0.0.1:15085, 90b7064f-8397-4c9e-a509-54ea80c9149b|127.0.0.1:15067, 784e0075-095e-4f49-808e-af9ec74479d6|127.0.0.1:15076]|listeners:[], old=null RUNNING
2024-05-06 08:59:39,932 [90b7064f-8397-4c9e-a509-54ea80c9149b-PipelineCommandHandlerThread-0] INFO  server.RaftServer$Division (RaftServerImpl.java:lambda$close$3(526)) - 90b7064f-8397-4c9e-a509-54ea80c9149b@group-8701510A3190: shutdown
2024-05-06 08:59:39,932 [90b7064f-8397-4c9e-a509-54ea80c9149b-PipelineCommandHandlerThread-0] INFO  util.JmxRegister (JmxRegister.java:unregister(73)) - Successfully un-registered JMX Bean with object name Ratis:service=RaftServer,group=group-8701510A3190,id=90b7064f-8397-4c9e-a509-54ea80c9149b
2024-05-06 08:59:39,932 [90b7064f-8397-4c9e-a509-54ea80c9149b-PipelineCommandHandlerThread-0] INFO  impl.RoleInfo (RoleInfo.java:shutdownFollowerState(110)) - 90b7064f-8397-4c9e-a509-54ea80c9149b: shutdown 90b7064f-8397-4c9e-a509-54ea80c9149b@group-8701510A3190-FollowerState
2024-05-06 08:59:39,932 [90b7064f-8397-4c9e-a509-54ea80c9149b-PipelineCommandHandlerThread-0] INFO  impl.StateMachineUpdater (StateMachineUpdater.java:stopAndJoin(157)) - 90b7064f-8397-4c9e-a509-54ea80c9149b@group-8701510A3190-StateMachineUpdater: set stopIndex = -1
2024-05-06 08:59:39,932 [90b7064f-8397-4c9e-a509-54ea80c9149b@group-8701510A3190-FollowerState] INFO  impl.FollowerState (FollowerState.java:run(152)) - 90b7064f-8397-4c9e-a509-54ea80c9149b@group-8701510A3190-FollowerState was interrupted
2024-05-06 08:59:39,932 [90b7064f-8397-4c9e-a509-54ea80c9149b-PipelineCommandHandlerThread-0] INFO  server.RaftServer$Division (ServerState.java:close(427)) - 90b7064f-8397-4c9e-a509-54ea80c9149b@group-8701510A3190: applyIndex: -1
2024-05-06 08:59:39,933 [90b7064f-8397-4c9e-a509-54ea80c9149b@group-8701510A3190-cacheEviction-AwaitToRun] INFO  util.AwaitToRun (AwaitToRun.java:run(49)) - 90b7064f-8397-4c9e-a509-54ea80c9149b@group-8701510A3190-cacheEviction-AwaitToRun-AwaitForSignal is interrupted
2024-05-06 08:59:39,943 [0e9e7d01-6cef-4822-a23d-4188eb8fb4d0-PipelineCommandHandlerThread-0] INFO  server.RaftServer (RaftServerProxy.java:remove(111)) - 0e9e7d01-6cef-4822-a23d-4188eb8fb4d0: remove  FOLLOWER 0e9e7d01-6cef-4822-a23d-4188eb8fb4d0@group-8701510A3190:t1, leader=null, voted=784e0075-095e-4f49-808e-af9ec74479d6, raftlog=Memoized:0e9e7d01-6cef-4822-a23d-4188eb8fb4d0@group-8701510A3190-SegmentedRaftLog:OPENED:c-1, conf=-1: peers:[0e9e7d01-6cef-4822-a23d-4188eb8fb4d0|127.0.0.1:15085, 90b7064f-8397-4c9e-a509-54ea80c9149b|127.0.0.1:15067, 784e0075-095e-4f49-808e-af9ec74479d6|127.0.0.1:15076]|listeners:[], old=null RUNNING
2024-05-06 08:59:39,943 [0e9e7d01-6cef-4822-a23d-4188eb8fb4d0-PipelineCommandHandlerThread-0] INFO  server.RaftServer$Division (RaftServerImpl.java:lambda$close$3(526)) - 0e9e7d01-6cef-4822-a23d-4188eb8fb4d0@group-8701510A3190: shutdown
2024-05-06 08:59:39,943 [0e9e7d01-6cef-4822-a23d-4188eb8fb4d0-PipelineCommandHandlerThread-0] INFO  util.JmxRegister (JmxRegister.java:unregister(73)) - Successfully un-registered JMX Bean with object name Ratis:service=RaftServer,group=group-8701510A3190,id=0e9e7d01-6cef-4822-a23d-4188eb8fb4d0
2024-05-06 08:59:39,943 [0e9e7d01-6cef-4822-a23d-4188eb8fb4d0-PipelineCommandHandlerThread-0] INFO  impl.RoleInfo (RoleInfo.java:shutdownFollowerState(110)) - 0e9e7d01-6cef-4822-a23d-4188eb8fb4d0: shutdown 0e9e7d01-6cef-4822-a23d-4188eb8fb4d0@group-8701510A3190-FollowerState
2024-05-06 08:59:39,943 [0e9e7d01-6cef-4822-a23d-4188eb8fb4d0-PipelineCommandHandlerThread-0] INFO  impl.StateMachineUpdater (StateMachineUpdater.java:stopAndJoin(157)) - 0e9e7d01-6cef-4822-a23d-4188eb8fb4d0@group-8701510A3190-StateMachineUpdater: set stopIndex = -1
2024-05-06 08:59:39,944 [0e9e7d01-6cef-4822-a23d-4188eb8fb4d0@group-8701510A3190-FollowerState] INFO  impl.FollowerState (FollowerState.java:run(152)) - 0e9e7d01-6cef-4822-a23d-4188eb8fb4d0@group-8701510A3190-FollowerState was interrupted
2024-05-06 08:59:39,944 [0e9e7d01-6cef-4822-a23d-4188eb8fb4d0-PipelineCommandHandlerThread-0] INFO  server.RaftServer$Division (ServerState.java:close(427)) - 0e9e7d01-6cef-4822-a23d-4188eb8fb4d0@group-8701510A3190: applyIndex: -1
2024-05-06 08:59:39,944 [0e9e7d01-6cef-4822-a23d-4188eb8fb4d0@group-8701510A3190-cacheEviction-AwaitToRun] INFO  util.AwaitToRun (AwaitToRun.java:run(49)) - 0e9e7d01-6cef-4822-a23d-4188eb8fb4d0@group-8701510A3190-cacheEviction-AwaitToRun-AwaitForSignal is interrupted
2024-05-06 08:59:40,803 [90b7064f-8397-4c9e-a509-54ea80c9149b-PipelineCommandHandlerThread-0] INFO  segmented.SegmentedRaftLogWorker (SegmentedRaftLogWorker.java:close(245)) - 90b7064f-8397-4c9e-a509-54ea80c9149b@group-8701510A3190-SegmentedRaftLogWorker close()
2024-05-06 08:59:40,804 [90b7064f-8397-4c9e-a509-54ea80c9149b-PipelineCommandHandlerThread-0] INFO  server.RaftServer$Division (RaftServerImpl.java:groupRemove(496)) - 90b7064f-8397-4c9e-a509-54ea80c9149b@group-8701510A3190: Succeed to remove RaftStorageDirectory Storage Directory /home/runner/work/ozone/ozone/hadoop-ozone/integration-test/target/test-dir/MiniOzoneClusterImpl-f8a20603-669c-41d5-94ea-e080bd68b2ef/ozone-meta/datanode-1/ratis/bedcda76-b5f0-4b44-a916-8701510a3190
2024-05-06 08:59:40,804 [90b7064f-8397-4c9e-a509-54ea80c9149b-PipelineCommandHandlerThread-0] ERROR commandhandler.ClosePipelineCommandHandler (ClosePipelineCommandHandler.java:lambda$handle$2(137)) - Can't close pipeline PipelineID=bedcda76-b5f0-4b44-a916-8701510a3190
org.apache.ratis.protocol.exceptions.GroupMismatchException: 90b7064f-8397-4c9e-a509-54ea80c9149b: group-8701510A3190 not found.
	at org.apache.ratis.server.impl.RaftServerProxy$ImplMap.get(RaftServerProxy.java:154)
	at org.apache.ratis.server.impl.RaftServerProxy.getImplFuture(RaftServerProxy.java:364)
	at org.apache.ratis.server.impl.RaftServerProxy.getImpl(RaftServerProxy.java:373)
	at org.apache.ratis.server.impl.RaftServerProxy.getDivision(RaftServerProxy.java:386)
	at org.apache.hadoop.ozone.container.common.transport.server.ratis.XceiverServerRatis.getRaftPeersInPipeline(XceiverServerRatis.java:951)
	at org.apache.hadoop.ozone.container.common.statemachine.commandhandler.ClosePipelineCommandHandler.lambda$handle$2(ClosePipelineCommandHandler.java:114)
	at java.base/java.util.concurrent.CompletableFuture$AsyncRun.run(CompletableFuture.java:1804)
	at java.base/java.util.concurrent.ThreadPoolExecutor.runWorker(ThreadPoolExecutor.java:1136)
	at java.base/java.util.concurrent.ThreadPoolExecutor$Worker.run(ThreadPoolExecutor.java:635)
	at java.base/java.lang.Thread.run(Thread.java:840)
2024-05-06 08:59:40,804 [90b7064f-8397-4c9e-a509-54ea80c9149b-PipelineCommandHandlerThread-0] INFO  server.RaftServer (RaftServerProxy.java:remove(111)) - 90b7064f-8397-4c9e-a509-54ea80c9149b: remove    LEADER 90b7064f-8397-4c9e-a509-54ea80c9149b@group-A9BF880E318F:t1, leader=90b7064f-8397-4c9e-a509-54ea80c9149b, voted=90b7064f-8397-4c9e-a509-54ea80c9149b, raftlog=Memoized:90b7064f-8397-4c9e-a509-54ea80c9149b@group-A9BF880E318F-SegmentedRaftLog:OPENED:c18, conf=0: peers:[0e9e7d01-6cef-4822-a23d-4188eb8fb4d0|127.0.0.1:15085, 90b7064f-8397-4c9e-a509-54ea80c9149b|127.0.0.1:15067, 784e0075-095e-4f49-808e-af9ec74479d6|127.0.0.1:15076]|listeners:[], old=null RUNNING
2024-05-06 08:59:40,804 [90b7064f-8397-4c9e-a509-54ea80c9149b-PipelineCommandHandlerThread-0] INFO  server.RaftServer$Division (RaftServerImpl.java:lambda$close$3(526)) - 90b7064f-8397-4c9e-a509-54ea80c9149b@group-A9BF880E318F: shutdown
2024-05-06 08:59:40,804 [90b7064f-8397-4c9e-a509-54ea80c9149b-PipelineCommandHandlerThread-0] INFO  util.JmxRegister (JmxRegister.java:unregister(73)) - Successfully un-registered JMX Bean with object name Ratis:service=RaftServer,group=group-A9BF880E318F,id=90b7064f-8397-4c9e-a509-54ea80c9149b
2024-05-06 08:59:40,804 [90b7064f-8397-4c9e-a509-54ea80c9149b-PipelineCommandHandlerThread-0] INFO  impl.RoleInfo (RoleInfo.java:shutdownLeaderState(94)) - 90b7064f-8397-4c9e-a509-54ea80c9149b: shutdown 90b7064f-8397-4c9e-a509-54ea80c9149b@group-A9BF880E318F-LeaderStateImpl
2024-05-06 08:59:40,805 [90b7064f-8397-4c9e-a509-54ea80c9149b-PipelineCommandHandlerThread-0] INFO  impl.PendingRequests (PendingRequests.java:sendNotLeaderResponses(289)) - 90b7064f-8397-4c9e-a509-54ea80c9149b@group-A9BF880E318F-PendingRequests: sendNotLeaderResponses
2024-05-06 08:59:40,805 [90b7064f-8397-4c9e-a509-54ea80c9149b@group-A9BF880E318F->0e9e7d01-6cef-4822-a23d-4188eb8fb4d0-GrpcLogAppender-LogAppenderDaemon] WARN  server.GrpcLogAppender (GrpcLogAppender.java:mayWait(289)) - 90b7064f-8397-4c9e-a509-54ea80c9149b@group-A9BF880E318F->0e9e7d01-6cef-4822-a23d-4188eb8fb4d0-GrpcLogAppender: Wait interrupted by java.lang.InterruptedException
2024-05-06 08:59:40,805 [90b7064f-8397-4c9e-a509-54ea80c9149b@group-A9BF880E318F->784e0075-095e-4f49-808e-af9ec74479d6-GrpcLogAppender-LogAppenderDaemon] WARN  server.GrpcLogAppender (GrpcLogAppender.java:mayWait(289)) - 90b7064f-8397-4c9e-a509-54ea80c9149b@group-A9BF880E318F->784e0075-095e-4f49-808e-af9ec74479d6-GrpcLogAppender: Wait interrupted by java.lang.InterruptedException
2024-05-06 08:59:40,805 [90b7064f-8397-4c9e-a509-54ea80c9149b-PipelineCommandHandlerThread-0] INFO  impl.StateMachineUpdater (StateMachineUpdater.java:stopAndJoin(157)) - 90b7064f-8397-4c9e-a509-54ea80c9149b@group-A9BF880E318F-StateMachineUpdater: set stopIndex = 18
2024-05-06 08:59:40,805 [90b7064f-8397-4c9e-a509-54ea80c9149b@group-A9BF880E318F-StateMachineUpdater] INFO  ratis.ContainerStateMachine (ContainerStateMachine.java:takeSnapshot(355)) - group-A9BF880E318F: Taking a snapshot at:(t:1, i:18) file /home/runner/work/ozone/ozone/hadoop-ozone/integration-test/target/test-dir/MiniOzoneClusterImpl-f8a20603-669c-41d5-94ea-e080bd68b2ef/ozone-meta/datanode-1/ratis/87f1befd-0e19-4082-a863-a9bf880e318f/sm/snapshot.1_18
2024-05-06 08:59:40,806 [grpc-default-executor-8] INFO  server.GrpcServerProtocolService (GrpcServerProtocolService.java:onCompleted(157)) - 0e9e7d01-6cef-4822-a23d-4188eb8fb4d0: Completed APPEND_ENTRIES, lastRequest: null
2024-05-06 08:59:40,806 [grpc-default-executor-1] INFO  server.GrpcServerProtocolService (GrpcServerProtocolService.java:onCompleted(157)) - 0e9e7d01-6cef-4822-a23d-4188eb8fb4d0: Completed APPEND_ENTRIES, lastRequest: 90b7064f-8397-4c9e-a509-54ea80c9149b->0e9e7d01-6cef-4822-a23d-4188eb8fb4d0#52-t1,previous=(t:1, i:17),leaderCommit=17,initializing? false,entries: size=1, first=(t:1, i:18), METADATAENTRY(c:17)
2024-05-06 08:59:40,806 [grpc-default-executor-1] INFO  server.GrpcServerProtocolService (GrpcServerProtocolService.java:lambda$onCompleted$5(159)) - 0e9e7d01-6cef-4822-a23d-4188eb8fb4d0: Completed APPEND_ENTRIES, lastReply: null
2024-05-06 08:59:40,806 [grpc-default-executor-8] INFO  server.GrpcServerProtocolService (GrpcServerProtocolService.java:lambda$onCompleted$5(159)) - 0e9e7d01-6cef-4822-a23d-4188eb8fb4d0: Completed APPEND_ENTRIES, lastReply: serverReply {
  requestorId: "90b7064f-8397-4c9e-a509-54ea80c9149b"
  replyId: "0e9e7d01-6cef-4822-a23d-4188eb8fb4d0"
  raftGroupId {
    id: "\207\361\276\375\016\031@\202\250c\251\277\210\0161\217"
  }
  callId: 54
  success: true
}
term: 1
nextIndex: 19
followerCommit: 18
matchIndex: 18446744073709551615
isHearbeat: true

2024-05-06 08:59:40,806 [90b7064f-8397-4c9e-a509-54ea80c9149b@group-A9BF880E318F-StateMachineUpdater] INFO  ratis.ContainerStateMachine (ContainerStateMachine.java:takeSnapshot(366)) - group-A9BF880E318F: Finished taking a snapshot at:(t:1, i:18) file:/home/runner/work/ozone/ozone/hadoop-ozone/integration-test/target/test-dir/MiniOzoneClusterImpl-f8a20603-669c-41d5-94ea-e080bd68b2ef/ozone-meta/datanode-1/ratis/87f1befd-0e19-4082-a863-a9bf880e318f/sm/snapshot.1_18 took: 1 ms
2024-05-06 08:59:40,806 [90b7064f-8397-4c9e-a509-54ea80c9149b@group-A9BF880E318F-StateMachineUpdater] INFO  impl.StateMachineUpdater (StateMachineUpdater.java:takeSnapshot(295)) - 90b7064f-8397-4c9e-a509-54ea80c9149b@group-A9BF880E318F-StateMachineUpdater: Took a snapshot at index 18
2024-05-06 08:59:40,806 [90b7064f-8397-4c9e-a509-54ea80c9149b@group-A9BF880E318F-StateMachineUpdater] INFO  impl.StateMachineUpdater (StateMachineUpdater.java:lambda$new$0(98)) - 90b7064f-8397-4c9e-a509-54ea80c9149b@group-A9BF880E318F-StateMachineUpdater: snapshotIndex: updateIncreasingly -1 -> 18
2024-05-06 08:59:40,806 [grpc-default-executor-1] INFO  server.GrpcLogAppender (GrpcLogAppender.java:onCompleted(546)) - 90b7064f-8397-4c9e-a509-54ea80c9149b@group-A9BF880E318F->0e9e7d01-6cef-4822-a23d-4188eb8fb4d0-AppendLogResponseHandler: follower responses appendEntries COMPLETED
2024-05-06 08:59:40,807 [grpc-default-executor-8] INFO  server.GrpcLogAppender (GrpcLogAppender.java:onCompleted(546)) - 90b7064f-8397-4c9e-a509-54ea80c9149b@group-A9BF880E318F->0e9e7d01-6cef-4822-a23d-4188eb8fb4d0-AppendLogResponseHandler: follower responses appendEntries COMPLETED
2024-05-06 08:59:40,807 [90b7064f-8397-4c9e-a509-54ea80c9149b-PipelineCommandHandlerThread-0] INFO  server.RaftServer$Division (ServerState.java:close(427)) - 90b7064f-8397-4c9e-a509-54ea80c9149b@group-A9BF880E318F: applyIndex: 18
2024-05-06 08:59:40,808 [90b7064f-8397-4c9e-a509-54ea80c9149b@group-A9BF880E318F-cacheEviction-AwaitToRun] INFO  util.AwaitToRun (AwaitToRun.java:run(49)) - 90b7064f-8397-4c9e-a509-54ea80c9149b@group-A9BF880E318F-cacheEviction-AwaitToRun-AwaitForSignal is interrupted
2024-05-06 08:59:40,848 [0e9e7d01-6cef-4822-a23d-4188eb8fb4d0-PipelineCommandHandlerThread-0] INFO  segmented.SegmentedRaftLogWorker (SegmentedRaftLogWorker.java:close(245)) - 0e9e7d01-6cef-4822-a23d-4188eb8fb4d0@group-8701510A3190-SegmentedRaftLogWorker close()
2024-05-06 08:59:40,848 [0e9e7d01-6cef-4822-a23d-4188eb8fb4d0-PipelineCommandHandlerThread-0] INFO  server.RaftServer$Division (RaftServerImpl.java:groupRemove(496)) - 0e9e7d01-6cef-4822-a23d-4188eb8fb4d0@group-8701510A3190: Succeed to remove RaftStorageDirectory Storage Directory /home/runner/work/ozone/ozone/hadoop-ozone/integration-test/target/test-dir/MiniOzoneClusterImpl-f8a20603-669c-41d5-94ea-e080bd68b2ef/ozone-meta/datanode-3/ratis/bedcda76-b5f0-4b44-a916-8701510a3190
2024-05-06 08:59:40,849 [0e9e7d01-6cef-4822-a23d-4188eb8fb4d0-PipelineCommandHandlerThread-0] ERROR commandhandler.ClosePipelineCommandHandler (ClosePipelineCommandHandler.java:lambda$handle$2(137)) - Can't close pipeline PipelineID=bedcda76-b5f0-4b44-a916-8701510a3190
org.apache.ratis.protocol.exceptions.GroupMismatchException: 0e9e7d01-6cef-4822-a23d-4188eb8fb4d0: group-8701510A3190 not found.
	at org.apache.ratis.server.impl.RaftServerProxy$ImplMap.get(RaftServerProxy.java:154)
	at org.apache.ratis.server.impl.RaftServerProxy.getImplFuture(RaftServerProxy.java:364)
	at org.apache.ratis.server.impl.RaftServerProxy.getImpl(RaftServerProxy.java:373)
	at org.apache.ratis.server.impl.RaftServerProxy.getDivision(RaftServerProxy.java:386)
	at org.apache.hadoop.ozone.container.common.transport.server.ratis.XceiverServerRatis.getRaftPeersInPipeline(XceiverServerRatis.java:951)
	at org.apache.hadoop.ozone.container.common.statemachine.commandhandler.ClosePipelineCommandHandler.lambda$handle$2(ClosePipelineCommandHandler.java:114)
	at java.base/java.util.concurrent.CompletableFuture$AsyncRun.run(CompletableFuture.java:1804)
	at java.base/java.util.concurrent.ThreadPoolExecutor.runWorker(ThreadPoolExecutor.java:1136)
	at java.base/java.util.concurrent.ThreadPoolExecutor$Worker.run(ThreadPoolExecutor.java:635)
	at java.base/java.lang.Thread.run(Thread.java:840)
2024-05-06 08:59:40,849 [0e9e7d01-6cef-4822-a23d-4188eb8fb4d0-PipelineCommandHandlerThread-0] INFO  server.RaftServer (RaftServerProxy.java:remove(111)) - 0e9e7d01-6cef-4822-a23d-4188eb8fb4d0: remove  FOLLOWER 0e9e7d01-6cef-4822-a23d-4188eb8fb4d0@group-A9BF880E318F:t1, leader=90b7064f-8397-4c9e-a509-54ea80c9149b, voted=90b7064f-8397-4c9e-a509-54ea80c9149b, raftlog=Memoized:0e9e7d01-6cef-4822-a23d-4188eb8fb4d0@group-A9BF880E318F-SegmentedRaftLog:OPENED:c18, conf=0: peers:[0e9e7d01-6cef-4822-a23d-4188eb8fb4d0|127.0.0.1:15085, 90b7064f-8397-4c9e-a509-54ea80c9149b|127.0.0.1:15067, 784e0075-095e-4f49-808e-af9ec74479d6|127.0.0.1:15076]|listeners:[], old=null RUNNING
2024-05-06 08:59:40,849 [0e9e7d01-6cef-4822-a23d-4188eb8fb4d0-PipelineCommandHandlerThread-0] INFO  server.RaftServer$Division (RaftServerImpl.java:lambda$close$3(526)) - 0e9e7d01-6cef-4822-a23d-4188eb8fb4d0@group-A9BF880E318F: shutdown
2024-05-06 08:59:40,849 [0e9e7d01-6cef-4822-a23d-4188eb8fb4d0-PipelineCommandHandlerThread-0] INFO  util.JmxRegister (JmxRegister.java:unregister(73)) - Successfully un-registered JMX Bean with object name Ratis:service=RaftServer,group=group-A9BF880E318F,id=0e9e7d01-6cef-4822-a23d-4188eb8fb4d0
2024-05-06 08:59:40,849 [0e9e7d01-6cef-4822-a23d-4188eb8fb4d0-PipelineCommandHandlerThread-0] INFO  impl.RoleInfo (RoleInfo.java:shutdownFollowerState(110)) - 0e9e7d01-6cef-4822-a23d-4188eb8fb4d0: shutdown 0e9e7d01-6cef-4822-a23d-4188eb8fb4d0@group-A9BF880E318F-FollowerState
2024-05-06 08:59:40,849 [0e9e7d01-6cef-4822-a23d-4188eb8fb4d0-PipelineCommandHandlerThread-0] INFO  impl.StateMachineUpdater (StateMachineUpdater.java:stopAndJoin(157)) - 0e9e7d01-6cef-4822-a23d-4188eb8fb4d0@group-A9BF880E318F-StateMachineUpdater: set stopIndex = 18
2024-05-06 08:59:40,849 [0e9e7d01-6cef-4822-a23d-4188eb8fb4d0@group-A9BF880E318F-FollowerState] INFO  impl.FollowerState (FollowerState.java:run(152)) - 0e9e7d01-6cef-4822-a23d-4188eb8fb4d0@group-A9BF880E318F-FollowerState was interrupted
2024-05-06 08:59:40,849 [0e9e7d01-6cef-4822-a23d-4188eb8fb4d0@group-A9BF880E318F-StateMachineUpdater] INFO  ratis.ContainerStateMachine (ContainerStateMachine.java:takeSnapshot(355)) - group-A9BF880E318F: Taking a snapshot at:(t:1, i:18) file /home/runner/work/ozone/ozone/hadoop-ozone/integration-test/target/test-dir/MiniOzoneClusterImpl-f8a20603-669c-41d5-94ea-e080bd68b2ef/ozone-meta/datanode-3/ratis/87f1befd-0e19-4082-a863-a9bf880e318f/sm/snapshot.1_18
2024-05-06 08:59:40,850 [0e9e7d01-6cef-4822-a23d-4188eb8fb4d0@group-A9BF880E318F-StateMachineUpdater] INFO  ratis.ContainerStateMachine (ContainerStateMachine.java:takeSnapshot(366)) - group-A9BF880E318F: Finished taking a snapshot at:(t:1, i:18) file:/home/runner/work/ozone/ozone/hadoop-ozone/integration-test/target/test-dir/MiniOzoneClusterImpl-f8a20603-669c-41d5-94ea-e080bd68b2ef/ozone-meta/datanode-3/ratis/87f1befd-0e19-4082-a863-a9bf880e318f/sm/snapshot.1_18 took: 1 ms
2024-05-06 08:59:40,850 [0e9e7d01-6cef-4822-a23d-4188eb8fb4d0@group-A9BF880E318F-StateMachineUpdater] INFO  impl.StateMachineUpdater (StateMachineUpdater.java:takeSnapshot(295)) - 0e9e7d01-6cef-4822-a23d-4188eb8fb4d0@group-A9BF880E318F-StateMachineUpdater: Took a snapshot at index 18
2024-05-06 08:59:40,850 [0e9e7d01-6cef-4822-a23d-4188eb8fb4d0@group-A9BF880E318F-StateMachineUpdater] INFO  impl.StateMachineUpdater (StateMachineUpdater.java:lambda$new$0(98)) - 0e9e7d01-6cef-4822-a23d-4188eb8fb4d0@group-A9BF880E318F-StateMachineUpdater: snapshotIndex: updateIncreasingly -1 -> 18
2024-05-06 08:59:40,850 [0e9e7d01-6cef-4822-a23d-4188eb8fb4d0-PipelineCommandHandlerThread-0] INFO  server.RaftServer$Division (ServerState.java:close(427)) - 0e9e7d01-6cef-4822-a23d-4188eb8fb4d0@group-A9BF880E318F: applyIndex: 18
2024-05-06 08:59:40,850 [0e9e7d01-6cef-4822-a23d-4188eb8fb4d0@group-A9BF880E318F-cacheEviction-AwaitToRun] INFO  util.AwaitToRun (AwaitToRun.java:run(49)) - 0e9e7d01-6cef-4822-a23d-4188eb8fb4d0@group-A9BF880E318F-cacheEviction-AwaitToRun-AwaitForSignal is interrupted
2024-05-06 08:59:40,938 [90b7064f-8397-4c9e-a509-54ea80c9149b-PipelineCommandHandlerThread-0] INFO  segmented.SegmentedRaftLogWorker (SegmentedRaftLogWorker.java:close(245)) - 90b7064f-8397-4c9e-a509-54ea80c9149b@group-A9BF880E318F-SegmentedRaftLogWorker close()
2024-05-06 08:59:40,939 [0e9e7d01-6cef-4822-a23d-4188eb8fb4d0-PipelineCommandHandlerThread-0] INFO  segmented.SegmentedRaftLogWorker (SegmentedRaftLogWorker.java:close(245)) - 0e9e7d01-6cef-4822-a23d-4188eb8fb4d0@group-A9BF880E318F-SegmentedRaftLogWorker close()
2024-05-06 08:59:40,939 [90b7064f-8397-4c9e-a509-54ea80c9149b-PipelineCommandHandlerThread-0] INFO  server.RaftServer$Division (RaftServerImpl.java:groupRemove(496)) - 90b7064f-8397-4c9e-a509-54ea80c9149b@group-A9BF880E318F: Succeed to remove RaftStorageDirectory Storage Directory /home/runner/work/ozone/ozone/hadoop-ozone/integration-test/target/test-dir/MiniOzoneClusterImpl-f8a20603-669c-41d5-94ea-e080bd68b2ef/ozone-meta/datanode-1/ratis/87f1befd-0e19-4082-a863-a9bf880e318f
2024-05-06 08:59:40,939 [90b7064f-8397-4c9e-a509-54ea80c9149b-PipelineCommandHandlerThread-0] ERROR commandhandler.ClosePipelineCommandHandler (ClosePipelineCommandHandler.java:lambda$handle$2(137)) - Can't close pipeline PipelineID=87f1befd-0e19-4082-a863-a9bf880e318f
org.apache.ratis.protocol.exceptions.GroupMismatchException: 90b7064f-8397-4c9e-a509-54ea80c9149b: group-A9BF880E318F not found.
	at org.apache.ratis.server.impl.RaftServerProxy$ImplMap.get(RaftServerProxy.java:154)
	at org.apache.ratis.server.impl.RaftServerProxy.getImplFuture(RaftServerProxy.java:364)
	at org.apache.ratis.server.impl.RaftServerProxy.getImpl(RaftServerProxy.java:373)
	at org.apache.ratis.server.impl.RaftServerProxy.getDivision(RaftServerProxy.java:386)
	at org.apache.hadoop.ozone.container.common.transport.server.ratis.XceiverServerRatis.getRaftPeersInPipeline(XceiverServerRatis.java:951)
	at org.apache.hadoop.ozone.container.common.statemachine.commandhandler.ClosePipelineCommandHandler.lambda$handle$2(ClosePipelineCommandHandler.java:114)
	at java.base/java.util.concurrent.CompletableFuture$AsyncRun.run(CompletableFuture.java:1804)
	at java.base/java.util.concurrent.ThreadPoolExecutor.runWorker(ThreadPoolExecutor.java:1136)
	at java.base/java.util.concurrent.ThreadPoolExecutor$Worker.run(ThreadPoolExecutor.java:635)
	at java.base/java.lang.Thread.run(Thread.java:840)
2024-05-06 08:59:40,940 [90b7064f-8397-4c9e-a509-54ea80c9149b-PipelineCommandHandlerThread-0] INFO  server.RaftServer (RaftServerProxy.java:remove(111)) - 90b7064f-8397-4c9e-a509-54ea80c9149b: remove  FOLLOWER 90b7064f-8397-4c9e-a509-54ea80c9149b@group-78EE1D651754:t1, leader=0e9e7d01-6cef-4822-a23d-4188eb8fb4d0, voted=0e9e7d01-6cef-4822-a23d-4188eb8fb4d0, raftlog=Memoized:90b7064f-8397-4c9e-a509-54ea80c9149b@group-78EE1D651754-SegmentedRaftLog:OPENED:c0, conf=0: peers:[0e9e7d01-6cef-4822-a23d-4188eb8fb4d0|127.0.0.1:15085, 90b7064f-8397-4c9e-a509-54ea80c9149b|127.0.0.1:15067, 784e0075-095e-4f49-808e-af9ec74479d6|127.0.0.1:15076]|listeners:[], old=null RUNNING
2024-05-06 08:59:40,940 [90b7064f-8397-4c9e-a509-54ea80c9149b-PipelineCommandHandlerThread-0] INFO  server.RaftServer$Division (RaftServerImpl.java:lambda$close$3(526)) - 90b7064f-8397-4c9e-a509-54ea80c9149b@group-78EE1D651754: shutdown
2024-05-06 08:59:40,940 [90b7064f-8397-4c9e-a509-54ea80c9149b-PipelineCommandHandlerThread-0] INFO  util.JmxRegister (JmxRegister.java:unregister(73)) - Successfully un-registered JMX Bean with object name Ratis:service=RaftServer,group=group-78EE1D651754,id=90b7064f-8397-4c9e-a509-54ea80c9149b
2024-05-06 08:59:40,940 [90b7064f-8397-4c9e-a509-54ea80c9149b-PipelineCommandHandlerThread-0] INFO  impl.RoleInfo (RoleInfo.java:shutdownFollowerState(110)) - 90b7064f-8397-4c9e-a509-54ea80c9149b: shutdown 90b7064f-8397-4c9e-a509-54ea80c9149b@group-78EE1D651754-FollowerState
2024-05-06 08:59:40,940 [90b7064f-8397-4c9e-a509-54ea80c9149b@group-78EE1D651754-StateMachineUpdater] INFO  ratis.ContainerStateMachine (ContainerStateMachine.java:takeSnapshot(355)) - group-78EE1D651754: Taking a snapshot at:(t:1, i:0) file /home/runner/work/ozone/ozone/hadoop-ozone/integration-test/target/test-dir/MiniOzoneClusterImpl-f8a20603-669c-41d5-94ea-e080bd68b2ef/ozone-meta/datanode-1/ratis/f9c5d62b-efaf-469a-aada-78ee1d651754/sm/snapshot.1_0
2024-05-06 08:59:40,940 [0e9e7d01-6cef-4822-a23d-4188eb8fb4d0-PipelineCommandHandlerThread-0] INFO  server.RaftServer$Division (RaftServerImpl.java:groupRemove(496)) - 0e9e7d01-6cef-4822-a23d-4188eb8fb4d0@group-A9BF880E318F: Succeed to remove RaftStorageDirectory Storage Directory /home/runner/work/ozone/ozone/hadoop-ozone/integration-test/target/test-dir/MiniOzoneClusterImpl-f8a20603-669c-41d5-94ea-e080bd68b2ef/ozone-meta/datanode-3/ratis/87f1befd-0e19-4082-a863-a9bf880e318f
2024-05-06 08:59:40,940 [90b7064f-8397-4c9e-a509-54ea80c9149b-PipelineCommandHandlerThread-0] INFO  impl.StateMachineUpdater (StateMachineUpdater.java:stopAndJoin(157)) - 90b7064f-8397-4c9e-a509-54ea80c9149b@group-78EE1D651754-StateMachineUpdater: set stopIndex = 0
2024-05-06 08:59:40,940 [90b7064f-8397-4c9e-a509-54ea80c9149b@group-78EE1D651754-FollowerState] INFO  impl.FollowerState (FollowerState.java:run(152)) - 90b7064f-8397-4c9e-a509-54ea80c9149b@group-78EE1D651754-FollowerState was interrupted
2024-05-06 08:59:40,940 [0e9e7d01-6cef-4822-a23d-4188eb8fb4d0-PipelineCommandHandlerThread-0] ERROR commandhandler.ClosePipelineCommandHandler (ClosePipelineCommandHandler.java:lambda$handle$2(137)) - Can't close pipeline PipelineID=87f1befd-0e19-4082-a863-a9bf880e318f
org.apache.ratis.protocol.exceptions.GroupMismatchException: 0e9e7d01-6cef-4822-a23d-4188eb8fb4d0: group-A9BF880E318F not found.
	at org.apache.ratis.server.impl.RaftServerProxy$ImplMap.get(RaftServerProxy.java:154)
	at org.apache.ratis.server.impl.RaftServerProxy.getImplFuture(RaftServerProxy.java:364)
	at org.apache.ratis.server.impl.RaftServerProxy.getImpl(RaftServerProxy.java:373)
	at org.apache.ratis.server.impl.RaftServerProxy.getDivision(RaftServerProxy.java:386)
	at org.apache.hadoop.ozone.container.common.transport.server.ratis.XceiverServerRatis.getRaftPeersInPipeline(XceiverServerRatis.java:951)
	at org.apache.hadoop.ozone.container.common.statemachine.commandhandler.ClosePipelineCommandHandler.lambda$handle$2(ClosePipelineCommandHandler.java:114)
	at java.base/java.util.concurrent.CompletableFuture$AsyncRun.run(CompletableFuture.java:1804)
	at java.base/java.util.concurrent.ThreadPoolExecutor.runWorker(ThreadPoolExecutor.java:1136)
	at java.base/java.util.concurrent.ThreadPoolExecutor$Worker.run(ThreadPoolExecutor.java:635)
	at java.base/java.lang.Thread.run(Thread.java:840)
2024-05-06 08:59:40,940 [0e9e7d01-6cef-4822-a23d-4188eb8fb4d0-PipelineCommandHandlerThread-0] INFO  server.RaftServer (RaftServerProxy.java:remove(111)) - 0e9e7d01-6cef-4822-a23d-4188eb8fb4d0: remove    LEADER 0e9e7d01-6cef-4822-a23d-4188eb8fb4d0@group-78EE1D651754:t1, leader=0e9e7d01-6cef-4822-a23d-4188eb8fb4d0, voted=0e9e7d01-6cef-4822-a23d-4188eb8fb4d0, raftlog=Memoized:0e9e7d01-6cef-4822-a23d-4188eb8fb4d0@group-78EE1D651754-SegmentedRaftLog:OPENED:c0, conf=0: peers:[0e9e7d01-6cef-4822-a23d-4188eb8fb4d0|127.0.0.1:15085, 90b7064f-8397-4c9e-a509-54ea80c9149b|127.0.0.1:15067, 784e0075-095e-4f49-808e-af9ec74479d6|127.0.0.1:15076]|listeners:[], old=null RUNNING
2024-05-06 08:59:40,940 [0e9e7d01-6cef-4822-a23d-4188eb8fb4d0-PipelineCommandHandlerThread-0] INFO  server.RaftServer$Division (RaftServerImpl.java:lambda$close$3(526)) - 0e9e7d01-6cef-4822-a23d-4188eb8fb4d0@group-78EE1D651754: shutdown
2024-05-06 08:59:40,941 [0e9e7d01-6cef-4822-a23d-4188eb8fb4d0-PipelineCommandHandlerThread-0] INFO  util.JmxRegister (JmxRegister.java:unregister(73)) - Successfully un-registered JMX Bean with object name Ratis:service=RaftServer,group=group-78EE1D651754,id=0e9e7d01-6cef-4822-a23d-4188eb8fb4d0
2024-05-06 08:59:40,941 [0e9e7d01-6cef-4822-a23d-4188eb8fb4d0-PipelineCommandHandlerThread-0] INFO  impl.RoleInfo (RoleInfo.java:shutdownLeaderState(94)) - 0e9e7d01-6cef-4822-a23d-4188eb8fb4d0: shutdown 0e9e7d01-6cef-4822-a23d-4188eb8fb4d0@group-78EE1D651754-LeaderStateImpl
2024-05-06 08:59:40,941 [0e9e7d01-6cef-4822-a23d-4188eb8fb4d0@group-78EE1D651754->90b7064f-8397-4c9e-a509-54ea80c9149b-GrpcLogAppender-LogAppenderDaemon] WARN  server.GrpcLogAppender (GrpcLogAppender.java:mayWait(289)) - 0e9e7d01-6cef-4822-a23d-4188eb8fb4d0@group-78EE1D651754->90b7064f-8397-4c9e-a509-54ea80c9149b-GrpcLogAppender: Wait interrupted by java.lang.InterruptedException
2024-05-06 08:59:40,941 [0e9e7d01-6cef-4822-a23d-4188eb8fb4d0-PipelineCommandHandlerThread-0] INFO  impl.PendingRequests (PendingRequests.java:sendNotLeaderResponses(289)) - 0e9e7d01-6cef-4822-a23d-4188eb8fb4d0@group-78EE1D651754-PendingRequests: sendNotLeaderResponses
2024-05-06 08:59:40,941 [0e9e7d01-6cef-4822-a23d-4188eb8fb4d0@group-78EE1D651754->784e0075-095e-4f49-808e-af9ec74479d6-GrpcLogAppender-LogAppenderDaemon] WARN  server.GrpcLogAppender (GrpcLogAppender.java:mayWait(289)) - 0e9e7d01-6cef-4822-a23d-4188eb8fb4d0@group-78EE1D651754->784e0075-095e-4f49-808e-af9ec74479d6-GrpcLogAppender: Wait interrupted by java.lang.InterruptedException
2024-05-06 08:59:40,941 [0e9e7d01-6cef-4822-a23d-4188eb8fb4d0-PipelineCommandHandlerThread-0] INFO  impl.StateMachineUpdater (StateMachineUpdater.java:stopAndJoin(157)) - 0e9e7d01-6cef-4822-a23d-4188eb8fb4d0@group-78EE1D651754-StateMachineUpdater: set stopIndex = 0
2024-05-06 08:59:40,941 [grpc-default-executor-1] INFO  server.GrpcServerProtocolService (GrpcServerProtocolService.java:onCompleted(157)) - 90b7064f-8397-4c9e-a509-54ea80c9149b: Completed APPEND_ENTRIES, lastRequest: null
2024-05-06 08:59:40,941 [grpc-default-executor-8] INFO  server.GrpcServerProtocolService (GrpcServerProtocolService.java:onCompleted(157)) - 90b7064f-8397-4c9e-a509-54ea80c9149b: Completed APPEND_ENTRIES, lastRequest: 0e9e7d01-6cef-4822-a23d-4188eb8fb4d0->90b7064f-8397-4c9e-a509-54ea80c9149b#1-t1,previous=(t:0, i:0),leaderCommit=-1,initializing? false,entries: size=1, first=(t:1, i:0), CONFIGURATIONENTRY(current:id: "0e9e7d01-6cef-4822-a23d-4188eb8fb4d0"
address: "127.0.0.1:15085"
priority: 1
dataStreamAddress: "127.0.0.1:15086"
clientAddress: "127.0.0.1:15083"
adminAddress: "127.0.0.1:15084"
startupRole: FOLLOWER
,id: "90b7064f-8397-4c9e-a509-54ea80c9149b"
address: "127.0.0.1:15067"
dataStreamAddress: "127.0.0.1:15068"
clientAddress: "127.0.0.1:15065"
adminAddress: "127.0.0.1:15066"
startupRole: FOLLOWER
,id: "784e0075-095e-4f49-808e-af9ec74479d6"
address: "127.0.0.1:15076"
dataStreamAddress: "127.0.0.1:15077"
clientAddress: "127.0.0.1:15074"
adminAddress: "127.0.0.1:15075"
startupRole: FOLLOWER
, old:)
2024-05-06 08:59:40,942 [grpc-default-executor-8] INFO  server.GrpcServerProtocolService (GrpcServerProtocolService.java:lambda$onCompleted$5(159)) - 90b7064f-8397-4c9e-a509-54ea80c9149b: Completed APPEND_ENTRIES, lastReply: null
2024-05-06 08:59:40,941 [0e9e7d01-6cef-4822-a23d-4188eb8fb4d0@group-78EE1D651754-StateMachineUpdater] INFO  ratis.ContainerStateMachine (ContainerStateMachine.java:takeSnapshot(355)) - group-78EE1D651754: Taking a snapshot at:(t:1, i:0) file /home/runner/work/ozone/ozone/hadoop-ozone/integration-test/target/test-dir/MiniOzoneClusterImpl-f8a20603-669c-41d5-94ea-e080bd68b2ef/ozone-meta/datanode-3/ratis/f9c5d62b-efaf-469a-aada-78ee1d651754/sm/snapshot.1_0
2024-05-06 08:59:40,941 [grpc-default-executor-1] INFO  server.GrpcServerProtocolService (GrpcServerProtocolService.java:lambda$onCompleted$5(159)) - 90b7064f-8397-4c9e-a509-54ea80c9149b: Completed APPEND_ENTRIES, lastReply: serverReply {
  requestorId: "0e9e7d01-6cef-4822-a23d-4188eb8fb4d0"
  replyId: "90b7064f-8397-4c9e-a509-54ea80c9149b"
  raftGroupId {
    id: "\371\305\326+\357\257F\232\252\332x\356\035e\027T"
  }
  callId: 5
  success: true
}
term: 1
nextIndex: 1
matchIndex: 18446744073709551615
isHearbeat: true

2024-05-06 08:59:40,942 [grpc-default-executor-4] INFO  server.GrpcLogAppender (GrpcLogAppender.java:onCompleted(546)) - 0e9e7d01-6cef-4822-a23d-4188eb8fb4d0@group-78EE1D651754->90b7064f-8397-4c9e-a509-54ea80c9149b-AppendLogResponseHandler: follower responses appendEntries COMPLETED
2024-05-06 08:59:40,942 [grpc-default-executor-4] INFO  server.GrpcLogAppender (GrpcLogAppender.java:onCompleted(546)) - 0e9e7d01-6cef-4822-a23d-4188eb8fb4d0@group-78EE1D651754->90b7064f-8397-4c9e-a509-54ea80c9149b-AppendLogResponseHandler: follower responses appendEntries COMPLETED
2024-05-06 08:59:40,943 [90b7064f-8397-4c9e-a509-54ea80c9149b@group-78EE1D651754-StateMachineUpdater] INFO  ratis.ContainerStateMachine (ContainerStateMachine.java:takeSnapshot(366)) - group-78EE1D651754: Finished taking a snapshot at:(t:1, i:0) file:/home/runner/work/ozone/ozone/hadoop-ozone/integration-test/target/test-dir/MiniOzoneClusterImpl-f8a20603-669c-41d5-94ea-e080bd68b2ef/ozone-meta/datanode-1/ratis/f9c5d62b-efaf-469a-aada-78ee1d651754/sm/snapshot.1_0 took: 3 ms
2024-05-06 08:59:40,943 [90b7064f-8397-4c9e-a509-54ea80c9149b@group-78EE1D651754-StateMachineUpdater] INFO  impl.StateMachineUpdater (StateMachineUpdater.java:takeSnapshot(295)) - 90b7064f-8397-4c9e-a509-54ea80c9149b@group-78EE1D651754-StateMachineUpdater: Took a snapshot at index 0
2024-05-06 08:59:40,943 [0e9e7d01-6cef-4822-a23d-4188eb8fb4d0@group-78EE1D651754-StateMachineUpdater] INFO  ratis.ContainerStateMachine (ContainerStateMachine.java:takeSnapshot(366)) - group-78EE1D651754: Finished taking a snapshot at:(t:1, i:0) file:/home/runner/work/ozone/ozone/hadoop-ozone/integration-test/target/test-dir/MiniOzoneClusterImpl-f8a20603-669c-41d5-94ea-e080bd68b2ef/ozone-meta/datanode-3/ratis/f9c5d62b-efaf-469a-aada-78ee1d651754/sm/snapshot.1_0 took: 1 ms
2024-05-06 08:59:40,943 [90b7064f-8397-4c9e-a509-54ea80c9149b@group-78EE1D651754-StateMachineUpdater] INFO  impl.StateMachineUpdater (StateMachineUpdater.java:lambda$new$0(98)) - 90b7064f-8397-4c9e-a509-54ea80c9149b@group-78EE1D651754-StateMachineUpdater: snapshotIndex: updateIncreasingly -1 -> 0
2024-05-06 08:59:40,943 [0e9e7d01-6cef-4822-a23d-4188eb8fb4d0@group-78EE1D651754-StateMachineUpdater] INFO  impl.StateMachineUpdater (StateMachineUpdater.java:takeSnapshot(295)) - 0e9e7d01-6cef-4822-a23d-4188eb8fb4d0@group-78EE1D651754-StateMachineUpdater: Took a snapshot at index 0
2024-05-06 08:59:40,943 [0e9e7d01-6cef-4822-a23d-4188eb8fb4d0@group-78EE1D651754-StateMachineUpdater] INFO  impl.StateMachineUpdater (StateMachineUpdater.java:lambda$new$0(98)) - 0e9e7d01-6cef-4822-a23d-4188eb8fb4d0@group-78EE1D651754-StateMachineUpdater: snapshotIndex: updateIncreasingly -1 -> 0
2024-05-06 08:59:40,943 [0e9e7d01-6cef-4822-a23d-4188eb8fb4d0-PipelineCommandHandlerThread-0] INFO  server.RaftServer$Division (ServerState.java:close(427)) - 0e9e7d01-6cef-4822-a23d-4188eb8fb4d0@group-78EE1D651754: applyIndex: 0
2024-05-06 08:59:40,943 [0e9e7d01-6cef-4822-a23d-4188eb8fb4d0@group-78EE1D651754-cacheEviction-AwaitToRun] INFO  util.AwaitToRun (AwaitToRun.java:run(49)) - 0e9e7d01-6cef-4822-a23d-4188eb8fb4d0@group-78EE1D651754-cacheEviction-AwaitToRun-AwaitForSignal is interrupted
2024-05-06 08:59:40,944 [90b7064f-8397-4c9e-a509-54ea80c9149b-PipelineCommandHandlerThread-0] INFO  server.RaftServer$Division (ServerState.java:close(427)) - 90b7064f-8397-4c9e-a509-54ea80c9149b@group-78EE1D651754: applyIndex: 0
2024-05-06 08:59:40,944 [90b7064f-8397-4c9e-a509-54ea80c9149b@group-78EE1D651754-cacheEviction-AwaitToRun] INFO  util.AwaitToRun (AwaitToRun.java:run(49)) - 90b7064f-8397-4c9e-a509-54ea80c9149b@group-78EE1D651754-cacheEviction-AwaitToRun-AwaitForSignal is interrupted
2024-05-06 08:59:40,960 [0e9e7d01-6cef-4822-a23d-4188eb8fb4d0-PipelineCommandHandlerThread-0] INFO  segmented.SegmentedRaftLogWorker (SegmentedRaftLogWorker.java:close(245)) - 0e9e7d01-6cef-4822-a23d-4188eb8fb4d0@group-78EE1D651754-SegmentedRaftLogWorker close()
2024-05-06 08:59:40,960 [0e9e7d01-6cef-4822-a23d-4188eb8fb4d0-PipelineCommandHandlerThread-0] INFO  server.RaftServer$Division (RaftServerImpl.java:groupRemove(496)) - 0e9e7d01-6cef-4822-a23d-4188eb8fb4d0@group-78EE1D651754: Succeed to remove RaftStorageDirectory Storage Directory /home/runner/work/ozone/ozone/hadoop-ozone/integration-test/target/test-dir/MiniOzoneClusterImpl-f8a20603-669c-41d5-94ea-e080bd68b2ef/ozone-meta/datanode-3/ratis/f9c5d62b-efaf-469a-aada-78ee1d651754
2024-05-06 08:59:40,960 [0e9e7d01-6cef-4822-a23d-4188eb8fb4d0-PipelineCommandHandlerThread-0] ERROR commandhandler.ClosePipelineCommandHandler (ClosePipelineCommandHandler.java:lambda$handle$2(137)) - Can't close pipeline PipelineID=f9c5d62b-efaf-469a-aada-78ee1d651754
org.apache.ratis.protocol.exceptions.GroupMismatchException: 0e9e7d01-6cef-4822-a23d-4188eb8fb4d0: group-78EE1D651754 not found.
	at org.apache.ratis.server.impl.RaftServerProxy$ImplMap.get(RaftServerProxy.java:154)
	at org.apache.ratis.server.impl.RaftServerProxy.getImplFuture(RaftServerProxy.java:364)
	at org.apache.ratis.server.impl.RaftServerProxy.getImpl(RaftServerProxy.java:373)
	at org.apache.ratis.server.impl.RaftServerProxy.getDivision(RaftServerProxy.java:386)
	at org.apache.hadoop.ozone.container.common.transport.server.ratis.XceiverServerRatis.getRaftPeersInPipeline(XceiverServerRatis.java:951)
	at org.apache.hadoop.ozone.container.common.statemachine.commandhandler.ClosePipelineCommandHandler.lambda$handle$2(ClosePipelineCommandHandler.java:114)
	at java.base/java.util.concurrent.CompletableFuture$AsyncRun.run(CompletableFuture.java:1804)
	at java.base/java.util.concurrent.ThreadPoolExecutor.runWorker(ThreadPoolExecutor.java:1136)
	at java.base/java.util.concurrent.ThreadPoolExecutor$Worker.run(ThreadPoolExecutor.java:635)
	at java.base/java.lang.Thread.run(Thread.java:840)
2024-05-06 08:59:41,004 [90b7064f-8397-4c9e-a509-54ea80c9149b-PipelineCommandHandlerThread-0] INFO  segmented.SegmentedRaftLogWorker (SegmentedRaftLogWorker.java:close(245)) - 90b7064f-8397-4c9e-a509-54ea80c9149b@group-78EE1D651754-SegmentedRaftLogWorker close()
2024-05-06 08:59:41,005 [90b7064f-8397-4c9e-a509-54ea80c9149b-PipelineCommandHandlerThread-0] INFO  server.RaftServer$Division (RaftServerImpl.java:groupRemove(496)) - 90b7064f-8397-4c9e-a509-54ea80c9149b@group-78EE1D651754: Succeed to remove RaftStorageDirectory Storage Directory /home/runner/work/ozone/ozone/hadoop-ozone/integration-test/target/test-dir/MiniOzoneClusterImpl-f8a20603-669c-41d5-94ea-e080bd68b2ef/ozone-meta/datanode-1/ratis/f9c5d62b-efaf-469a-aada-78ee1d651754
2024-05-06 08:59:41,005 [90b7064f-8397-4c9e-a509-54ea80c9149b-PipelineCommandHandlerThread-0] ERROR commandhandler.ClosePipelineCommandHandler (ClosePipelineCommandHandler.java:lambda$handle$2(137)) - Can't close pipeline PipelineID=f9c5d62b-efaf-469a-aada-78ee1d651754
org.apache.ratis.protocol.exceptions.GroupMismatchException: 90b7064f-8397-4c9e-a509-54ea80c9149b: group-78EE1D651754 not found.
	at org.apache.ratis.server.impl.RaftServerProxy$ImplMap.get(RaftServerProxy.java:154)
	at org.apache.ratis.server.impl.RaftServerProxy.getImplFuture(RaftServerProxy.java:364)
	at org.apache.ratis.server.impl.RaftServerProxy.getImpl(RaftServerProxy.java:373)
	at org.apache.ratis.server.impl.RaftServerProxy.getDivision(RaftServerProxy.java:386)
	at org.apache.hadoop.ozone.container.common.transport.server.ratis.XceiverServerRatis.getRaftPeersInPipeline(XceiverServerRatis.java:951)
	at org.apache.hadoop.ozone.container.common.statemachine.commandhandler.ClosePipelineCommandHandler.lambda$handle$2(ClosePipelineCommandHandler.java:114)
	at java.base/java.util.concurrent.CompletableFuture$AsyncRun.run(CompletableFuture.java:1804)
	at java.base/java.util.concurrent.ThreadPoolExecutor.runWorker(ThreadPoolExecutor.java:1136)
	at java.base/java.util.concurrent.ThreadPoolExecutor$Worker.run(ThreadPoolExecutor.java:635)
	at java.base/java.lang.Thread.run(Thread.java:840)
2024-05-06 08:59:42,935 [timer0] WARN  server.GrpcLogAppender (LogUtils.java:warn(121)) - 90b7064f-8397-4c9e-a509-54ea80c9149b@group-A9BF880E318F->784e0075-095e-4f49-808e-af9ec74479d6-AppendLogResponseHandler: Failed appendEntries (Repeated 6 times in the last 4.999s): org.apache.ratis.thirdparty.io.grpc.StatusRuntimeException: UNAVAILABLE: io exception
2024-05-06 08:59:42,936 [timer1] WARN  server.GrpcLogAppender (GrpcLogAppender.java:lambda$resetClient$1(217)) - 90b7064f-8397-4c9e-a509-54ea80c9149b@group-A9BF880E318F->784e0075-095e-4f49-808e-af9ec74479d6-GrpcLogAppender: Follower failed (request=null, errorCount=10); keep nextIndex (18) unchanged and retry. (Repeated 2 times in the last 5.000s)
2024-05-06 08:59:42,938 [timer4] WARN  server.GrpcLogAppender (GrpcLogAppender.java:lambda$resetClient$1(217)) - 90b7064f-8397-4c9e-a509-54ea80c9149b@group-A9BF880E318F->784e0075-095e-4f49-808e-af9ec74479d6-GrpcLogAppender: Follower failed (request=null, errorCount=14); keep nextIndex (19) unchanged and retry. (Repeated 4 times in the last 5.000s)
2024-05-06 08:59:43,277 [timer7] WARN  server.GrpcLogAppender (GrpcLogAppender.java:lambda$resetClient$1(217)) - 0e9e7d01-6cef-4822-a23d-4188eb8fb4d0@group-78EE1D651754->784e0075-095e-4f49-808e-af9ec74479d6-GrpcLogAppender: Follower failed (request=null, errorCount=12); keep nextIndex (1) unchanged and retry. (Repeated 4 times in the last 5.000s)
2024-05-06 08:59:43,277 [timer6] WARN  server.GrpcLogAppender (LogUtils.java:warn(121)) - 0e9e7d01-6cef-4822-a23d-4188eb8fb4d0@group-78EE1D651754->784e0075-095e-4f49-808e-af9ec74479d6-AppendLogResponseHandler: Failed appendEntries (Repeated 4 times in the last 5.001s): org.apache.ratis.thirdparty.io.grpc.StatusRuntimeException: UNAVAILABLE: io exception
2024-05-06 09:00:21,613 [90b7064f-8397-4c9e-a509-54ea80c9149b-BlockDeletingService#0] INFO  interfaces.ContainerDeletionChoosingPolicyTemplate (ContainerDeletionChoosingPolicyTemplate.java:chooseContainerForBlockDeletion(85)) - Chosen 0/5000 blocks from 0 candidate containers.
2024-05-06 09:00:21,689 [784e0075-095e-4f49-808e-af9ec74479d6-BlockDeletingService#0] INFO  interfaces.ContainerDeletionChoosingPolicyTemplate (ContainerDeletionChoosingPolicyTemplate.java:chooseContainerForBlockDeletion(85)) - Chosen 0/5000 blocks from 0 candidate containers.
2024-05-06 09:00:21,763 [0e9e7d01-6cef-4822-a23d-4188eb8fb4d0-BlockDeletingService#0] INFO  interfaces.ContainerDeletionChoosingPolicyTemplate (ContainerDeletionChoosingPolicyTemplate.java:chooseContainerForBlockDeletion(85)) - Chosen 0/5000 blocks from 0 candidate containers.
2024-05-06 09:00:21,841 [2bd728a8-2257-45fc-a304-d79856c752fc-BlockDeletingService#0] INFO  interfaces.ContainerDeletionChoosingPolicyTemplate (ContainerDeletionChoosingPolicyTemplate.java:chooseContainerForBlockDeletion(85)) - Chosen 0/5000 blocks from 0 candidate containers.
2024-05-06 09:00:21,910 [fa7233c5-99c6-4a1a-a2f1-81d332223322-BlockDeletingService#0] INFO  interfaces.ContainerDeletionChoosingPolicyTemplate (ContainerDeletionChoosingPolicyTemplate.java:chooseContainerForBlockDeletion(85)) - Chosen 0/5000 blocks from 0 candidate containers.
2024-05-06 09:01:21,614 [90b7064f-8397-4c9e-a509-54ea80c9149b-BlockDeletingService#1] INFO  interfaces.ContainerDeletionChoosingPolicyTemplate (ContainerDeletionChoosingPolicyTemplate.java:chooseContainerForBlockDeletion(85)) - Chosen 0/5000 blocks from 0 candidate containers.
2024-05-06 09:01:21,689 [784e0075-095e-4f49-808e-af9ec74479d6-BlockDeletingService#1] INFO  interfaces.ContainerDeletionChoosingPolicyTemplate (ContainerDeletionChoosingPolicyTemplate.java:chooseContainerForBlockDeletion(85)) - Chosen 0/5000 blocks from 0 candidate containers.
2024-05-06 09:01:21,763 [0e9e7d01-6cef-4822-a23d-4188eb8fb4d0-BlockDeletingService#1] INFO  interfaces.ContainerDeletionChoosingPolicyTemplate (ContainerDeletionChoosingPolicyTemplate.java:chooseContainerForBlockDeletion(85)) - Chosen 0/5000 blocks from 0 candidate containers.
2024-05-06 09:01:21,841 [2bd728a8-2257-45fc-a304-d79856c752fc-BlockDeletingService#1] INFO  interfaces.ContainerDeletionChoosingPolicyTemplate (ContainerDeletionChoosingPolicyTemplate.java:chooseContainerForBlockDeletion(85)) - Chosen 0/5000 blocks from 0 candidate containers.
2024-05-06 09:01:21,910 [fa7233c5-99c6-4a1a-a2f1-81d332223322-BlockDeletingService#1] INFO  interfaces.ContainerDeletionChoosingPolicyTemplate (ContainerDeletionChoosingPolicyTemplate.java:chooseContainerForBlockDeletion(85)) - Chosen 0/5000 blocks from 0 candidate containers.
2024-05-06 09:01:23,880 [RatisPipelineUtilsThread-0] INFO  pipeline.RatisPipelineProvider (RatisPipelineProvider.java:lambda$create$0(205)) - Sending CreatePipelineCommand for pipeline:PipelineID=d0d47bde-0ccd-412d-ba0a-dfbfd2cd5eb9 to datanode:2bd728a8-2257-45fc-a304-d79856c752fc
2024-05-06 09:01:23,880 [RatisPipelineUtilsThread-0] INFO  pipeline.RatisPipelineProvider (RatisPipelineProvider.java:lambda$create$0(205)) - Sending CreatePipelineCommand for pipeline:PipelineID=d0d47bde-0ccd-412d-ba0a-dfbfd2cd5eb9 to datanode:fa7233c5-99c6-4a1a-a2f1-81d332223322
2024-05-06 09:01:23,880 [RatisPipelineUtilsThread-0] INFO  pipeline.RatisPipelineProvider (RatisPipelineProvider.java:lambda$create$0(205)) - Sending CreatePipelineCommand for pipeline:PipelineID=d0d47bde-0ccd-412d-ba0a-dfbfd2cd5eb9 to datanode:0e9e7d01-6cef-4822-a23d-4188eb8fb4d0
2024-05-06 09:01:23,881 [RatisPipelineUtilsThread-0] INFO  pipeline.BackgroundPipelineCreator (BackgroundPipelineCreator.java:createPipelines(236)) - Created new pipeline Pipeline[ Id: d0d47bde-0ccd-412d-ba0a-dfbfd2cd5eb9, Nodes: 2bd728a8-2257-45fc-a304-d79856c752fc(localhost/127.0.0.1)fa7233c5-99c6-4a1a-a2f1-81d332223322(localhost/127.0.0.1)0e9e7d01-6cef-4822-a23d-4188eb8fb4d0(localhost/127.0.0.1), ReplicationConfig: RATIS/THREE, State:ALLOCATED, leaderId:, CreationTimestamp2024-05-06T09:01:23.880325597Z[Etc/UTC]]
2024-05-06 09:01:23,881 [RatisPipelineUtilsThread-0] INFO  pipeline.RatisPipelineProvider (RatisPipelineProvider.java:lambda$create$0(205)) - Sending CreatePipelineCommand for pipeline:PipelineID=209a26b5-cef4-449e-ba4b-572e3b93379d to datanode:0e9e7d01-6cef-4822-a23d-4188eb8fb4d0
2024-05-06 09:01:23,881 [RatisPipelineUtilsThread-0] INFO  pipeline.RatisPipelineProvider (RatisPipelineProvider.java:lambda$create$0(205)) - Sending CreatePipelineCommand for pipeline:PipelineID=209a26b5-cef4-449e-ba4b-572e3b93379d to datanode:90b7064f-8397-4c9e-a509-54ea80c9149b
2024-05-06 09:01:23,881 [RatisPipelineUtilsThread-0] INFO  pipeline.RatisPipelineProvider (RatisPipelineProvider.java:lambda$create$0(205)) - Sending CreatePipelineCommand for pipeline:PipelineID=209a26b5-cef4-449e-ba4b-572e3b93379d to datanode:fa7233c5-99c6-4a1a-a2f1-81d332223322
2024-05-06 09:01:23,882 [RatisPipelineUtilsThread-0] INFO  pipeline.BackgroundPipelineCreator (BackgroundPipelineCreator.java:createPipelines(236)) - Created new pipeline Pipeline[ Id: 209a26b5-cef4-449e-ba4b-572e3b93379d, Nodes: 0e9e7d01-6cef-4822-a23d-4188eb8fb4d0(localhost/127.0.0.1)90b7064f-8397-4c9e-a509-54ea80c9149b(localhost/127.0.0.1)fa7233c5-99c6-4a1a-a2f1-81d332223322(localhost/127.0.0.1), ReplicationConfig: RATIS/THREE, State:ALLOCATED, leaderId:, CreationTimestamp2024-05-06T09:01:23.881651255Z[Etc/UTC]]
2024-05-06 09:01:23,882 [RatisPipelineUtilsThread-0] INFO  pipeline.RatisPipelineProvider (RatisPipelineProvider.java:lambda$create$0(205)) - Sending CreatePipelineCommand for pipeline:PipelineID=24bfffb9-f71d-40ca-a219-ffa1cd4ec552 to datanode:0e9e7d01-6cef-4822-a23d-4188eb8fb4d0
2024-05-06 09:01:23,882 [RatisPipelineUtilsThread-0] INFO  pipeline.RatisPipelineProvider (RatisPipelineProvider.java:lambda$create$0(205)) - Sending CreatePipelineCommand for pipeline:PipelineID=24bfffb9-f71d-40ca-a219-ffa1cd4ec552 to datanode:90b7064f-8397-4c9e-a509-54ea80c9149b
2024-05-06 09:01:23,882 [RatisPipelineUtilsThread-0] INFO  pipeline.RatisPipelineProvider (RatisPipelineProvider.java:lambda$create$0(205)) - Sending CreatePipelineCommand for pipeline:PipelineID=24bfffb9-f71d-40ca-a219-ffa1cd4ec552 to datanode:2bd728a8-2257-45fc-a304-d79856c752fc
2024-05-06 09:01:23,882 [RatisPipelineUtilsThread-0] INFO  pipeline.BackgroundPipelineCreator (BackgroundPipelineCreator.java:createPipelines(236)) - Created new pipeline Pipeline[ Id: 24bfffb9-f71d-40ca-a219-ffa1cd4ec552, Nodes: 0e9e7d01-6cef-4822-a23d-4188eb8fb4d0(localhost/127.0.0.1)90b7064f-8397-4c9e-a509-54ea80c9149b(localhost/127.0.0.1)2bd728a8-2257-45fc-a304-d79856c752fc(localhost/127.0.0.1), ReplicationConfig: RATIS/THREE, State:ALLOCATED, leaderId:, CreationTimestamp2024-05-06T09:01:23.882460821Z[Etc/UTC]]
2024-05-06 09:01:23,883 [RatisPipelineUtilsThread-0] INFO  pipeline.RatisPipelineProvider (RatisPipelineProvider.java:lambda$create$0(205)) - Sending CreatePipelineCommand for pipeline:PipelineID=02411cfa-4be8-485c-be5f-d8ada5fcf697 to datanode:2bd728a8-2257-45fc-a304-d79856c752fc
2024-05-06 09:01:23,883 [RatisPipelineUtilsThread-0] INFO  pipeline.RatisPipelineProvider (RatisPipelineProvider.java:lambda$create$0(205)) - Sending CreatePipelineCommand for pipeline:PipelineID=02411cfa-4be8-485c-be5f-d8ada5fcf697 to datanode:90b7064f-8397-4c9e-a509-54ea80c9149b
2024-05-06 09:01:23,883 [RatisPipelineUtilsThread-0] INFO  pipeline.RatisPipelineProvider (RatisPipelineProvider.java:lambda$create$0(205)) - Sending CreatePipelineCommand for pipeline:PipelineID=02411cfa-4be8-485c-be5f-d8ada5fcf697 to datanode:fa7233c5-99c6-4a1a-a2f1-81d332223322
2024-05-06 09:01:23,883 [RatisPipelineUtilsThread-0] INFO  pipeline.BackgroundPipelineCreator (BackgroundPipelineCreator.java:createPipelines(236)) - Created new pipeline Pipeline[ Id: 02411cfa-4be8-485c-be5f-d8ada5fcf697, Nodes: 2bd728a8-2257-45fc-a304-d79856c752fc(localhost/127.0.0.1)90b7064f-8397-4c9e-a509-54ea80c9149b(localhost/127.0.0.1)fa7233c5-99c6-4a1a-a2f1-81d332223322(localhost/127.0.0.1), ReplicationConfig: RATIS/THREE, State:ALLOCATED, leaderId:, CreationTimestamp2024-05-06T09:01:23.883254478Z[Etc/UTC]]
2024-05-06 09:01:24,965 [90b7064f-8397-4c9e-a509-54ea80c9149b-PipelineCommandHandlerThread-0] INFO  server.RaftServer (RaftServerProxy.java:addNew(100)) - 90b7064f-8397-4c9e-a509-54ea80c9149b: addNew group-572E3B93379D:[0e9e7d01-6cef-4822-a23d-4188eb8fb4d0|127.0.0.1:15085, fa7233c5-99c6-4a1a-a2f1-81d332223322|127.0.0.1:15103, 90b7064f-8397-4c9e-a509-54ea80c9149b|127.0.0.1:15067] returns group-572E3B93379D:java.util.concurrent.CompletableFuture@715b8164[Not completed]
2024-05-06 09:01:24,966 [90b7064f-8397-4c9e-a509-54ea80c9149b-groupManagement] INFO  server.RaftServer$Division (RaftServerImpl.java:<init>(256)) - 90b7064f-8397-4c9e-a509-54ea80c9149b: new RaftServerImpl for group-572E3B93379D:[0e9e7d01-6cef-4822-a23d-4188eb8fb4d0|127.0.0.1:15085, fa7233c5-99c6-4a1a-a2f1-81d332223322|127.0.0.1:15103, 90b7064f-8397-4c9e-a509-54ea80c9149b|127.0.0.1:15067] with ContainerStateMachine:uninitialized
2024-05-06 09:01:24,966 [90b7064f-8397-4c9e-a509-54ea80c9149b-groupManagement] INFO  server.RaftServerConfigKeys (ConfUtils.java:logGet(46)) - raft.server.rpc.timeout.min = 5s (custom)
2024-05-06 09:01:24,966 [90b7064f-8397-4c9e-a509-54ea80c9149b-groupManagement] INFO  server.RaftServerConfigKeys (ConfUtils.java:logGet(46)) - raft.server.rpc.timeout.max = 5200ms (custom)
2024-05-06 09:01:24,966 [90b7064f-8397-4c9e-a509-54ea80c9149b-groupManagement] INFO  server.RaftServerConfigKeys (ConfUtils.java:logGet(46)) - raft.server.rpc.sleep.time = 25ms (default)
2024-05-06 09:01:24,966 [90b7064f-8397-4c9e-a509-54ea80c9149b-groupManagement] INFO  server.RaftServerConfigKeys (ConfUtils.java:logGet(46)) - raft.server.rpc.slowness.timeout = 300000ms (custom)
2024-05-06 09:01:24,966 [90b7064f-8397-4c9e-a509-54ea80c9149b-groupManagement] INFO  server.RaftServerConfigKeys (ConfUtils.java:logGet(46)) - raft.server.leaderelection.leader.step-down.wait-time = 10s (default)
2024-05-06 09:01:24,966 [90b7064f-8397-4c9e-a509-54ea80c9149b-groupManagement] INFO  server.RaftServerConfigKeys (ConfUtils.java:logGet(46)) - raft.server.leaderelection.member.majority-add = false (default)
2024-05-06 09:01:24,966 [90b7064f-8397-4c9e-a509-54ea80c9149b-groupManagement] INFO  server.RaftServerConfigKeys (ConfUtils.java:logGet(46)) - raft.server.sleep.deviation.threshold = 300ms (default)
2024-05-06 09:01:24,966 [90b7064f-8397-4c9e-a509-54ea80c9149b-groupManagement] INFO  server.RaftServer$Division (ServerState.java:<init>(113)) - 90b7064f-8397-4c9e-a509-54ea80c9149b@group-572E3B93379D: ConfigurationManager, init=-1: peers:[0e9e7d01-6cef-4822-a23d-4188eb8fb4d0|127.0.0.1:15085, fa7233c5-99c6-4a1a-a2f1-81d332223322|127.0.0.1:15103, 90b7064f-8397-4c9e-a509-54ea80c9149b|127.0.0.1:15067]|listeners:[], old=null, confs=<EMPTY_MAP>
2024-05-06 09:01:24,966 [90b7064f-8397-4c9e-a509-54ea80c9149b-groupManagement] INFO  server.RaftServerConfigKeys (ConfUtils.java:logGet(46)) - raft.server.notification.no-leader.timeout = 300000ms (custom)
2024-05-06 09:01:24,966 [90b7064f-8397-4c9e-a509-54ea80c9149b-groupManagement] INFO  server.RaftServerConfigKeys (ConfUtils.java:logGet(46)) - raft.server.read.timeout = 10s (default)
2024-05-06 09:01:24,967 [90b7064f-8397-4c9e-a509-54ea80c9149b-groupManagement] INFO  server.RaftServerConfigKeys (ConfUtils.java:logGet(46)) - raft.server.retrycache.expirytime = 600000ms (custom)
2024-05-06 09:01:24,967 [90b7064f-8397-4c9e-a509-54ea80c9149b-groupManagement] INFO  server.RaftServerConfigKeys (ConfUtils.java:logGet(46)) - raft.server.retrycache.statistics.expirytime = 100ms (default)
2024-05-06 09:01:24,967 [90b7064f-8397-4c9e-a509-54ea80c9149b-groupManagement] INFO  server.RaftServerConfigKeys (ConfUtils.java:logGet(46)) - raft.server.read.option = DEFAULT (default)
2024-05-06 09:01:24,967 [90b7064f-8397-4c9e-a509-54ea80c9149b-groupManagement] INFO  server.RaftServerConfigKeys (ConfUtils.java:logGet(46)) - raft.server.read.read-after-write-consistent.write-index-cache.expiry-time = 60s (default)
2024-05-06 09:01:24,968 [90b7064f-8397-4c9e-a509-54ea80c9149b-groupManagement] INFO  server.RaftServerConfigKeys (ConfUtils.java:logGet(46)) - raft.server.rpc.request.timeout = 3000ms (default)
2024-05-06 09:01:24,968 [90b7064f-8397-4c9e-a509-54ea80c9149b-groupManagement] INFO  server.RaftServerConfigKeys (ConfUtils.java:logGet(46)) - raft.server.log.appender.install.snapshot.enabled = false (custom)
2024-05-06 09:01:24,968 [90b7064f-8397-4c9e-a509-54ea80c9149b-groupManagement] INFO  server.RaftServerConfigKeys (ConfUtils.java:logGet(46)) - raft.server.threadpool.server.cached = true (default)
2024-05-06 09:01:24,968 [90b7064f-8397-4c9e-a509-54ea80c9149b-groupManagement] INFO  server.RaftServerConfigKeys (ConfUtils.java:logGet(46)) - raft.server.threadpool.server.size = 0 (default)
2024-05-06 09:01:24,968 [90b7064f-8397-4c9e-a509-54ea80c9149b-groupManagement] INFO  server.RaftServerConfigKeys (ConfUtils.java:logGet(46)) - raft.server.threadpool.client.cached = true (default)
2024-05-06 09:01:24,968 [90b7064f-8397-4c9e-a509-54ea80c9149b-groupManagement] INFO  server.RaftServerConfigKeys (ConfUtils.java:logGet(46)) - raft.server.threadpool.client.size = 0 (default)
2024-05-06 09:01:24,969 [90b7064f-8397-4c9e-a509-54ea80c9149b-groupManagement] INFO  server.RaftServerConfigKeys (ConfUtils.java:logGet(46)) - raft.server.storage.free-space.min = 0MB (=0) (default)
2024-05-06 09:01:24,969 [90b7064f-8397-4c9e-a509-54ea80c9149b-groupManagement] INFO  server.RaftServerConfigKeys (ConfUtils.java:logGet(46)) - raft.server.log.corruption.policy = EXCEPTION (default)
2024-05-06 09:01:24,969 [90b7064f-8397-4c9e-a509-54ea80c9149b-groupManagement] INFO  server.RaftServerConfigKeys (ConfUtils.java:logGet(46)) - raft.server.storage.dir = [/home/runner/work/ozone/ozone/hadoop-ozone/integration-test/target/test-dir/MiniOzoneClusterImpl-f8a20603-669c-41d5-94ea-e080bd68b2ef/ozone-meta/datanode-1/ratis] (custom)
2024-05-06 09:01:24,969 [90b7064f-8397-4c9e-a509-54ea80c9149b-groupManagement] INFO  storage.RaftStorageDirectory (RaftStorageDirectoryImpl.java:analyzeStorage(138)) - The storage directory /home/runner/work/ozone/ozone/hadoop-ozone/integration-test/target/test-dir/MiniOzoneClusterImpl-f8a20603-669c-41d5-94ea-e080bd68b2ef/ozone-meta/datanode-1/ratis/209a26b5-cef4-449e-ba4b-572e3b93379d does not exist. Creating ...
2024-05-06 09:01:24,969 [2bd728a8-2257-45fc-a304-d79856c752fc-PipelineCommandHandlerThread-0] INFO  server.RaftServer (RaftServerProxy.java:addNew(100)) - 2bd728a8-2257-45fc-a304-d79856c752fc: addNew group-DFBFD2CD5EB9:[0e9e7d01-6cef-4822-a23d-4188eb8fb4d0|127.0.0.1:15085, fa7233c5-99c6-4a1a-a2f1-81d332223322|127.0.0.1:15103, 2bd728a8-2257-45fc-a304-d79856c752fc|127.0.0.1:15094] returns group-DFBFD2CD5EB9:java.util.concurrent.CompletableFuture@1d5ff796[Not completed]
2024-05-06 09:01:24,970 [90b7064f-8397-4c9e-a509-54ea80c9149b-groupManagement] INFO  storage.RaftStorageDirectory (RaftStorageDirectoryImpl.java:tryLock(228)) - Lock on /home/runner/work/ozone/ozone/hadoop-ozone/integration-test/target/test-dir/MiniOzoneClusterImpl-f8a20603-669c-41d5-94ea-e080bd68b2ef/ozone-meta/datanode-1/ratis/209a26b5-cef4-449e-ba4b-572e3b93379d/in_use.lock acquired by nodename 54013@fv-az699-623
2024-05-06 09:01:24,970 [2bd728a8-2257-45fc-a304-d79856c752fc-groupManagement] INFO  server.RaftServer$Division (RaftServerImpl.java:<init>(256)) - 2bd728a8-2257-45fc-a304-d79856c752fc: new RaftServerImpl for group-DFBFD2CD5EB9:[0e9e7d01-6cef-4822-a23d-4188eb8fb4d0|127.0.0.1:15085, fa7233c5-99c6-4a1a-a2f1-81d332223322|127.0.0.1:15103, 2bd728a8-2257-45fc-a304-d79856c752fc|127.0.0.1:15094] with ContainerStateMachine:uninitialized
2024-05-06 09:01:24,970 [2bd728a8-2257-45fc-a304-d79856c752fc-groupManagement] INFO  server.RaftServerConfigKeys (ConfUtils.java:logGet(46)) - raft.server.rpc.timeout.min = 5s (custom)
2024-05-06 09:01:24,970 [2bd728a8-2257-45fc-a304-d79856c752fc-groupManagement] INFO  server.RaftServerConfigKeys (ConfUtils.java:logGet(46)) - raft.server.rpc.timeout.max = 5200ms (custom)
2024-05-06 09:01:24,970 [2bd728a8-2257-45fc-a304-d79856c752fc-groupManagement] INFO  server.RaftServerConfigKeys (ConfUtils.java:logGet(46)) - raft.server.rpc.sleep.time = 25ms (default)
2024-05-06 09:01:24,970 [2bd728a8-2257-45fc-a304-d79856c752fc-groupManagement] INFO  server.RaftServerConfigKeys (ConfUtils.java:logGet(46)) - raft.server.rpc.slowness.timeout = 300000ms (custom)
2024-05-06 09:01:24,970 [2bd728a8-2257-45fc-a304-d79856c752fc-groupManagement] INFO  server.RaftServerConfigKeys (ConfUtils.java:logGet(46)) - raft.server.leaderelection.leader.step-down.wait-time = 10s (default)
2024-05-06 09:01:24,970 [2bd728a8-2257-45fc-a304-d79856c752fc-groupManagement] INFO  server.RaftServerConfigKeys (ConfUtils.java:logGet(46)) - raft.server.leaderelection.member.majority-add = false (default)
2024-05-06 09:01:24,970 [2bd728a8-2257-45fc-a304-d79856c752fc-groupManagement] INFO  server.RaftServerConfigKeys (ConfUtils.java:logGet(46)) - raft.server.sleep.deviation.threshold = 300ms (default)
2024-05-06 09:01:24,970 [2bd728a8-2257-45fc-a304-d79856c752fc-groupManagement] INFO  server.RaftServer$Division (ServerState.java:<init>(113)) - 2bd728a8-2257-45fc-a304-d79856c752fc@group-DFBFD2CD5EB9: ConfigurationManager, init=-1: peers:[0e9e7d01-6cef-4822-a23d-4188eb8fb4d0|127.0.0.1:15085, fa7233c5-99c6-4a1a-a2f1-81d332223322|127.0.0.1:15103, 2bd728a8-2257-45fc-a304-d79856c752fc|127.0.0.1:15094]|listeners:[], old=null, confs=<EMPTY_MAP>
2024-05-06 09:01:24,970 [2bd728a8-2257-45fc-a304-d79856c752fc-groupManagement] INFO  server.RaftServerConfigKeys (ConfUtils.java:logGet(46)) - raft.server.notification.no-leader.timeout = 300000ms (custom)
2024-05-06 09:01:24,970 [2bd728a8-2257-45fc-a304-d79856c752fc-groupManagement] INFO  server.RaftServerConfigKeys (ConfUtils.java:logGet(46)) - raft.server.read.timeout = 10s (default)
2024-05-06 09:01:24,970 [2bd728a8-2257-45fc-a304-d79856c752fc-groupManagement] INFO  server.RaftServerConfigKeys (ConfUtils.java:logGet(46)) - raft.server.retrycache.expirytime = 600000ms (custom)
2024-05-06 09:01:24,970 [2bd728a8-2257-45fc-a304-d79856c752fc-groupManagement] INFO  server.RaftServerConfigKeys (ConfUtils.java:logGet(46)) - raft.server.retrycache.statistics.expirytime = 100ms (default)
2024-05-06 09:01:24,971 [2bd728a8-2257-45fc-a304-d79856c752fc-groupManagement] INFO  server.RaftServerConfigKeys (ConfUtils.java:logGet(46)) - raft.server.read.option = DEFAULT (default)
2024-05-06 09:01:24,971 [2bd728a8-2257-45fc-a304-d79856c752fc-groupManagement] INFO  server.RaftServerConfigKeys (ConfUtils.java:logGet(46)) - raft.server.read.read-after-write-consistent.write-index-cache.expiry-time = 60s (default)
2024-05-06 09:01:24,972 [90b7064f-8397-4c9e-a509-54ea80c9149b-groupManagement] INFO  storage.RaftStorage (RaftStorageImpl.java:format(99)) - Storage directory /home/runner/work/ozone/ozone/hadoop-ozone/integration-test/target/test-dir/MiniOzoneClusterImpl-f8a20603-669c-41d5-94ea-e080bd68b2ef/ozone-meta/datanode-1/ratis/209a26b5-cef4-449e-ba4b-572e3b93379d has been successfully formatted.
2024-05-06 09:01:24,972 [90b7064f-8397-4c9e-a509-54ea80c9149b-groupManagement] WARN  util.FileUtils (LogUtils.java:supplyAndLog(63)) - Failed to Files.newInputStream /home/runner/work/ozone/ozone/hadoop-ozone/integration-test/target/test-dir/MiniOzoneClusterImpl-f8a20603-669c-41d5-94ea-e080bd68b2ef/ozone-meta/datanode-1/ratis/209a26b5-cef4-449e-ba4b-572e3b93379d/current/raft-meta.conf with options []: java.nio.file.NoSuchFileException: /home/runner/work/ozone/ozone/hadoop-ozone/integration-test/target/test-dir/MiniOzoneClusterImpl-f8a20603-669c-41d5-94ea-e080bd68b2ef/ozone-meta/datanode-1/ratis/209a26b5-cef4-449e-ba4b-572e3b93379d/current/raft-meta.conf
2024-05-06 09:01:24,972 [2bd728a8-2257-45fc-a304-d79856c752fc-groupManagement] INFO  server.RaftServerConfigKeys (ConfUtils.java:logGet(46)) - raft.server.rpc.request.timeout = 3000ms (default)
2024-05-06 09:01:24,972 [2bd728a8-2257-45fc-a304-d79856c752fc-groupManagement] INFO  server.RaftServerConfigKeys (ConfUtils.java:logGet(46)) - raft.server.log.appender.install.snapshot.enabled = false (custom)
2024-05-06 09:01:24,972 [2bd728a8-2257-45fc-a304-d79856c752fc-groupManagement] INFO  server.RaftServerConfigKeys (ConfUtils.java:logGet(46)) - raft.server.threadpool.server.cached = true (default)
2024-05-06 09:01:24,972 [2bd728a8-2257-45fc-a304-d79856c752fc-groupManagement] INFO  server.RaftServerConfigKeys (ConfUtils.java:logGet(46)) - raft.server.threadpool.server.size = 0 (default)
2024-05-06 09:01:24,972 [2bd728a8-2257-45fc-a304-d79856c752fc-groupManagement] INFO  server.RaftServerConfigKeys (ConfUtils.java:logGet(46)) - raft.server.threadpool.client.cached = true (default)
2024-05-06 09:01:24,972 [2bd728a8-2257-45fc-a304-d79856c752fc-groupManagement] INFO  server.RaftServerConfigKeys (ConfUtils.java:logGet(46)) - raft.server.threadpool.client.size = 0 (default)
2024-05-06 09:01:24,972 [2bd728a8-2257-45fc-a304-d79856c752fc-groupManagement] INFO  server.RaftServerConfigKeys (ConfUtils.java:logGet(46)) - raft.server.storage.free-space.min = 0MB (=0) (default)
2024-05-06 09:01:24,972 [2bd728a8-2257-45fc-a304-d79856c752fc-groupManagement] INFO  server.RaftServerConfigKeys (ConfUtils.java:logGet(46)) - raft.server.log.corruption.policy = EXCEPTION (default)
2024-05-06 09:01:24,972 [2bd728a8-2257-45fc-a304-d79856c752fc-groupManagement] INFO  server.RaftServerConfigKeys (ConfUtils.java:logGet(46)) - raft.server.storage.dir = [/home/runner/work/ozone/ozone/hadoop-ozone/integration-test/target/test-dir/MiniOzoneClusterImpl-f8a20603-669c-41d5-94ea-e080bd68b2ef/ozone-meta/datanode-4/ratis] (custom)
2024-05-06 09:01:24,973 [2bd728a8-2257-45fc-a304-d79856c752fc-groupManagement] INFO  storage.RaftStorageDirectory (RaftStorageDirectoryImpl.java:analyzeStorage(138)) - The storage directory /home/runner/work/ozone/ozone/hadoop-ozone/integration-test/target/test-dir/MiniOzoneClusterImpl-f8a20603-669c-41d5-94ea-e080bd68b2ef/ozone-meta/datanode-4/ratis/d0d47bde-0ccd-412d-ba0a-dfbfd2cd5eb9 does not exist. Creating ...
2024-05-06 09:01:24,972 [90b7064f-8397-4c9e-a509-54ea80c9149b-groupManagement] INFO  ratis.ContainerStateMachine (ContainerStateMachine.java:loadSnapshot(287)) - group-572E3B93379D: The snapshot info is null. Setting the last applied index to:(t:0, i:~)
2024-05-06 09:01:24,973 [90b7064f-8397-4c9e-a509-54ea80c9149b-groupManagement] INFO  server.RaftServerConfigKeys (ConfUtils.java:logGet(46)) - raft.server.log.use.memory = false (default)
2024-05-06 09:01:24,973 [90b7064f-8397-4c9e-a509-54ea80c9149b-groupManagement] INFO  server.RaftServerConfigKeys (ConfUtils.java:logGet(46)) - raft.server.log.purge.gap = 1000000 (custom)
2024-05-06 09:01:24,973 [90b7064f-8397-4c9e-a509-54ea80c9149b-groupManagement] INFO  server.RaftServerConfigKeys (ConfUtils.java:logGet(46)) - raft.server.log.appender.buffer.byte-limit = 8388608 (custom)
2024-05-06 09:01:24,973 [90b7064f-8397-4c9e-a509-54ea80c9149b-groupManagement] INFO  server.RaftServerConfigKeys (ConfUtils.java:logGet(46)) - raft.server.log.statemachine.data.read.timeout = 1000ms (default)
2024-05-06 09:01:24,973 [90b7064f-8397-4c9e-a509-54ea80c9149b-groupManagement] INFO  server.RaftServerConfigKeys (ConfUtils.java:logGet(46)) - raft.server.log.purge.preservation.log.num = 0 (default)
2024-05-06 09:01:24,973 [2bd728a8-2257-45fc-a304-d79856c752fc-groupManagement] INFO  storage.RaftStorageDirectory (RaftStorageDirectoryImpl.java:tryLock(228)) - Lock on /home/runner/work/ozone/ozone/hadoop-ozone/integration-test/target/test-dir/MiniOzoneClusterImpl-f8a20603-669c-41d5-94ea-e080bd68b2ef/ozone-meta/datanode-4/ratis/d0d47bde-0ccd-412d-ba0a-dfbfd2cd5eb9/in_use.lock acquired by nodename 54013@fv-az699-623
2024-05-06 09:01:24,974 [90b7064f-8397-4c9e-a509-54ea80c9149b-groupManagement] INFO  server.RaftServerConfigKeys (ConfUtils.java:logGet(46)) - raft.server.log.segment.size.max = 67108864 (custom)
2024-05-06 09:01:24,974 [90b7064f-8397-4c9e-a509-54ea80c9149b-groupManagement] INFO  server.RaftServerConfigKeys (ConfUtils.java:logGet(46)) - raft.server.log.segment.cache.num.max = 2 (custom)
2024-05-06 09:01:24,974 [90b7064f-8397-4c9e-a509-54ea80c9149b-groupManagement] INFO  server.RaftServerConfigKeys (ConfUtils.java:logGet(46)) - raft.server.log.segment.cache.size.max = 200MB (=209715200) (default)
2024-05-06 09:01:24,974 [90b7064f-8397-4c9e-a509-54ea80c9149b-groupManagement] INFO  server.RaftServerConfigKeys (ConfUtils.java:logGet(46)) - raft.server.log.appender.buffer.byte-limit = 8388608 (custom)
2024-05-06 09:01:24,975 [90b7064f-8397-4c9e-a509-54ea80c9149b-groupManagement] INFO  util.AwaitToRun (AwaitToRun.java:start(81)) - Thread[90b7064f-8397-4c9e-a509-54ea80c9149b@group-572E3B93379D-cacheEviction-AwaitToRun,5,main] started
2024-05-06 09:01:24,975 [90b7064f-8397-4c9e-a509-54ea80c9149b-groupManagement] INFO  segmented.SegmentedRaftLogWorker (SegmentedRaftLogWorker.java:<init>(182)) - new 90b7064f-8397-4c9e-a509-54ea80c9149b@group-572E3B93379D-SegmentedRaftLogWorker for RaftStorageImpl:Storage Directory /home/runner/work/ozone/ozone/hadoop-ozone/integration-test/target/test-dir/MiniOzoneClusterImpl-f8a20603-669c-41d5-94ea-e080bd68b2ef/ozone-meta/datanode-1/ratis/209a26b5-cef4-449e-ba4b-572e3b93379d
2024-05-06 09:01:24,975 [90b7064f-8397-4c9e-a509-54ea80c9149b-groupManagement] INFO  server.RaftServerConfigKeys (ConfUtils.java:logGet(46)) - raft.server.log.queue.byte-limit = 4294967296 (custom)
2024-05-06 09:01:24,975 [90b7064f-8397-4c9e-a509-54ea80c9149b-groupManagement] INFO  server.RaftServerConfigKeys (ConfUtils.java:logGet(46)) - raft.server.log.queue.element-limit = 1024 (custom)
2024-05-06 09:01:24,975 [90b7064f-8397-4c9e-a509-54ea80c9149b-groupManagement] INFO  server.RaftServerConfigKeys (ConfUtils.java:logGet(46)) - raft.server.log.segment.size.max = 67108864 (custom)
2024-05-06 09:01:24,975 [90b7064f-8397-4c9e-a509-54ea80c9149b-groupManagement] INFO  server.RaftServerConfigKeys (ConfUtils.java:logGet(46)) - raft.server.log.preallocated.size = 4194304 (custom)
2024-05-06 09:01:24,975 [90b7064f-8397-4c9e-a509-54ea80c9149b-groupManagement] INFO  server.RaftServerConfigKeys (ConfUtils.java:logGet(46)) - raft.server.log.force.sync.num = 128 (default)
2024-05-06 09:01:24,975 [90b7064f-8397-4c9e-a509-54ea80c9149b-groupManagement] INFO  server.RaftServerConfigKeys (ConfUtils.java:logGet(46)) - raft.server.log.statemachine.data.sync = true (default)
2024-05-06 09:01:24,975 [90b7064f-8397-4c9e-a509-54ea80c9149b-groupManagement] INFO  server.RaftServerConfigKeys (ConfUtils.java:logGet(46)) - raft.server.log.statemachine.data.sync.timeout = 10s (default)
2024-05-06 09:01:24,975 [90b7064f-8397-4c9e-a509-54ea80c9149b-groupManagement] INFO  server.RaftServerConfigKeys (ConfUtils.java:logGet(46)) - raft.server.log.statemachine.data.sync.timeout.retry = 30 (custom)
2024-05-06 09:01:24,975 [90b7064f-8397-4c9e-a509-54ea80c9149b-groupManagement] INFO  server.RaftServerConfigKeys (ConfUtils.java:logGet(46)) - raft.server.log.write.buffer.size = 8388616 (custom)
2024-05-06 09:01:24,975 [2bd728a8-2257-45fc-a304-d79856c752fc-groupManagement] INFO  storage.RaftStorage (RaftStorageImpl.java:format(99)) - Storage directory /home/runner/work/ozone/ozone/hadoop-ozone/integration-test/target/test-dir/MiniOzoneClusterImpl-f8a20603-669c-41d5-94ea-e080bd68b2ef/ozone-meta/datanode-4/ratis/d0d47bde-0ccd-412d-ba0a-dfbfd2cd5eb9 has been successfully formatted.
2024-05-06 09:01:24,976 [2bd728a8-2257-45fc-a304-d79856c752fc-groupManagement] WARN  util.FileUtils (LogUtils.java:supplyAndLog(63)) - Failed to Files.newInputStream /home/runner/work/ozone/ozone/hadoop-ozone/integration-test/target/test-dir/MiniOzoneClusterImpl-f8a20603-669c-41d5-94ea-e080bd68b2ef/ozone-meta/datanode-4/ratis/d0d47bde-0ccd-412d-ba0a-dfbfd2cd5eb9/current/raft-meta.conf with options []: java.nio.file.NoSuchFileException: /home/runner/work/ozone/ozone/hadoop-ozone/integration-test/target/test-dir/MiniOzoneClusterImpl-f8a20603-669c-41d5-94ea-e080bd68b2ef/ozone-meta/datanode-4/ratis/d0d47bde-0ccd-412d-ba0a-dfbfd2cd5eb9/current/raft-meta.conf
2024-05-06 09:01:24,976 [2bd728a8-2257-45fc-a304-d79856c752fc-groupManagement] INFO  ratis.ContainerStateMachine (ContainerStateMachine.java:loadSnapshot(287)) - group-DFBFD2CD5EB9: The snapshot info is null. Setting the last applied index to:(t:0, i:~)
2024-05-06 09:01:24,976 [2bd728a8-2257-45fc-a304-d79856c752fc-groupManagement] INFO  server.RaftServerConfigKeys (ConfUtils.java:logGet(46)) - raft.server.log.use.memory = false (default)
2024-05-06 09:01:24,977 [2bd728a8-2257-45fc-a304-d79856c752fc-groupManagement] INFO  server.RaftServerConfigKeys (ConfUtils.java:logGet(46)) - raft.server.log.purge.gap = 1000000 (custom)
2024-05-06 09:01:24,977 [2bd728a8-2257-45fc-a304-d79856c752fc-groupManagement] INFO  server.RaftServerConfigKeys (ConfUtils.java:logGet(46)) - raft.server.log.appender.buffer.byte-limit = 8388608 (custom)
2024-05-06 09:01:24,977 [2bd728a8-2257-45fc-a304-d79856c752fc-groupManagement] INFO  server.RaftServerConfigKeys (ConfUtils.java:logGet(46)) - raft.server.log.statemachine.data.read.timeout = 1000ms (default)
2024-05-06 09:01:24,977 [2bd728a8-2257-45fc-a304-d79856c752fc-groupManagement] INFO  server.RaftServerConfigKeys (ConfUtils.java:logGet(46)) - raft.server.log.purge.preservation.log.num = 0 (default)
2024-05-06 09:01:24,977 [90b7064f-8397-4c9e-a509-54ea80c9149b-groupManagement] INFO  server.RaftServerConfigKeys (ConfUtils.java:logGet(46)) - raft.server.log.appender.buffer.byte-limit = 8388608 (custom)
2024-05-06 09:01:24,977 [90b7064f-8397-4c9e-a509-54ea80c9149b-groupManagement] INFO  server.RaftServerConfigKeys (ConfUtils.java:logGet(46)) - raft.server.log.unsafe-flush.enabled = false (default)
2024-05-06 09:01:24,977 [90b7064f-8397-4c9e-a509-54ea80c9149b-groupManagement] INFO  server.RaftServerConfigKeys (ConfUtils.java:logGet(46)) - raft.server.log.async-flush.enabled = false (default)
2024-05-06 09:01:24,977 [90b7064f-8397-4c9e-a509-54ea80c9149b-groupManagement] INFO  server.RaftServerConfigKeys (ConfUtils.java:logGet(46)) - raft.server.log.statemachine.data.caching.enabled = true (custom)
2024-05-06 09:01:24,978 [90b7064f-8397-4c9e-a509-54ea80c9149b-groupManagement] INFO  segmented.SegmentedRaftLogWorker (SegmentedRaftLogWorker.java:lambda$new$0(134)) - 90b7064f-8397-4c9e-a509-54ea80c9149b@group-572E3B93379D-SegmentedRaftLogWorker: flushIndex: setUnconditionally 0 -> -1
2024-05-06 09:01:24,978 [2bd728a8-2257-45fc-a304-d79856c752fc-groupManagement] INFO  server.RaftServerConfigKeys (ConfUtils.java:logGet(46)) - raft.server.log.segment.size.max = 67108864 (custom)
2024-05-06 09:01:24,978 [90b7064f-8397-4c9e-a509-54ea80c9149b-groupManagement] INFO  segmented.SegmentedRaftLogWorker (SegmentedRaftLogWorker.java:lambda$new$0(134)) - 90b7064f-8397-4c9e-a509-54ea80c9149b@group-572E3B93379D-SegmentedRaftLogWorker: safeCacheEvictIndex: setUnconditionally 0 -> -1
2024-05-06 09:01:24,978 [2bd728a8-2257-45fc-a304-d79856c752fc-groupManagement] INFO  server.RaftServerConfigKeys (ConfUtils.java:logGet(46)) - raft.server.log.segment.cache.num.max = 2 (custom)
2024-05-06 09:01:24,978 [2bd728a8-2257-45fc-a304-d79856c752fc-groupManagement] INFO  server.RaftServerConfigKeys (ConfUtils.java:logGet(46)) - raft.server.log.segment.cache.size.max = 200MB (=209715200) (default)
2024-05-06 09:01:24,978 [2bd728a8-2257-45fc-a304-d79856c752fc-groupManagement] INFO  server.RaftServerConfigKeys (ConfUtils.java:logGet(46)) - raft.server.log.appender.buffer.byte-limit = 8388608 (custom)
2024-05-06 09:01:24,978 [90b7064f-8397-4c9e-a509-54ea80c9149b-groupManagement] INFO  server.RaftServer$Division (RaftServerImpl.java:start(396)) - 90b7064f-8397-4c9e-a509-54ea80c9149b@group-572E3B93379D: start as a follower, conf=-1: peers:[0e9e7d01-6cef-4822-a23d-4188eb8fb4d0|127.0.0.1:15085, fa7233c5-99c6-4a1a-a2f1-81d332223322|127.0.0.1:15103, 90b7064f-8397-4c9e-a509-54ea80c9149b|127.0.0.1:15067]|listeners:[], old=null
2024-05-06 09:01:24,978 [2bd728a8-2257-45fc-a304-d79856c752fc-groupManagement] INFO  util.AwaitToRun (AwaitToRun.java:start(81)) - Thread[2bd728a8-2257-45fc-a304-d79856c752fc@group-DFBFD2CD5EB9-cacheEviction-AwaitToRun,5,main] started
2024-05-06 09:01:24,978 [2bd728a8-2257-45fc-a304-d79856c752fc-groupManagement] INFO  segmented.SegmentedRaftLogWorker (SegmentedRaftLogWorker.java:<init>(182)) - new 2bd728a8-2257-45fc-a304-d79856c752fc@group-DFBFD2CD5EB9-SegmentedRaftLogWorker for RaftStorageImpl:Storage Directory /home/runner/work/ozone/ozone/hadoop-ozone/integration-test/target/test-dir/MiniOzoneClusterImpl-f8a20603-669c-41d5-94ea-e080bd68b2ef/ozone-meta/datanode-4/ratis/d0d47bde-0ccd-412d-ba0a-dfbfd2cd5eb9
2024-05-06 09:01:24,978 [2bd728a8-2257-45fc-a304-d79856c752fc-groupManagement] INFO  server.RaftServerConfigKeys (ConfUtils.java:logGet(46)) - raft.server.log.queue.byte-limit = 4294967296 (custom)
2024-05-06 09:01:24,978 [2bd728a8-2257-45fc-a304-d79856c752fc-groupManagement] INFO  server.RaftServerConfigKeys (ConfUtils.java:logGet(46)) - raft.server.log.queue.element-limit = 1024 (custom)
2024-05-06 09:01:24,978 [2bd728a8-2257-45fc-a304-d79856c752fc-groupManagement] INFO  server.RaftServerConfigKeys (ConfUtils.java:logGet(46)) - raft.server.log.segment.size.max = 67108864 (custom)
2024-05-06 09:01:24,978 [2bd728a8-2257-45fc-a304-d79856c752fc-groupManagement] INFO  server.RaftServerConfigKeys (ConfUtils.java:logGet(46)) - raft.server.log.preallocated.size = 4194304 (custom)
2024-05-06 09:01:24,978 [2bd728a8-2257-45fc-a304-d79856c752fc-groupManagement] INFO  server.RaftServerConfigKeys (ConfUtils.java:logGet(46)) - raft.server.log.force.sync.num = 128 (default)
2024-05-06 09:01:24,979 [2bd728a8-2257-45fc-a304-d79856c752fc-groupManagement] INFO  server.RaftServerConfigKeys (ConfUtils.java:logGet(46)) - raft.server.log.statemachine.data.sync = true (default)
2024-05-06 09:01:24,979 [2bd728a8-2257-45fc-a304-d79856c752fc-groupManagement] INFO  server.RaftServerConfigKeys (ConfUtils.java:logGet(46)) - raft.server.log.statemachine.data.sync.timeout = 10s (default)
2024-05-06 09:01:24,979 [2bd728a8-2257-45fc-a304-d79856c752fc-groupManagement] INFO  server.RaftServerConfigKeys (ConfUtils.java:logGet(46)) - raft.server.log.statemachine.data.sync.timeout.retry = 30 (custom)
2024-05-06 09:01:24,978 [90b7064f-8397-4c9e-a509-54ea80c9149b-groupManagement] INFO  server.RaftServer$Division (RaftServerImpl.java:setRole(383)) - 90b7064f-8397-4c9e-a509-54ea80c9149b@group-572E3B93379D: changes role from      null to FOLLOWER at term 0 for startAsFollower
2024-05-06 09:01:24,979 [90b7064f-8397-4c9e-a509-54ea80c9149b-groupManagement] INFO  impl.RoleInfo (RoleInfo.java:updateAndGet(139)) - 90b7064f-8397-4c9e-a509-54ea80c9149b: start 90b7064f-8397-4c9e-a509-54ea80c9149b@group-572E3B93379D-FollowerState
2024-05-06 09:01:24,979 [2bd728a8-2257-45fc-a304-d79856c752fc-groupManagement] INFO  server.RaftServerConfigKeys (ConfUtils.java:logGet(46)) - raft.server.log.write.buffer.size = 8388616 (custom)
2024-05-06 09:01:24,979 [90b7064f-8397-4c9e-a509-54ea80c9149b@group-572E3B93379D-FollowerState] INFO  server.RaftServerConfigKeys (ConfUtils.java:logFallback(53)) - raft.server.rpc.first-election.timeout.min = 5s (fallback to raft.server.rpc.timeout.min)
2024-05-06 09:01:24,979 [90b7064f-8397-4c9e-a509-54ea80c9149b@group-572E3B93379D-FollowerState] INFO  server.RaftServerConfigKeys (ConfUtils.java:logFallback(53)) - raft.server.rpc.first-election.timeout.max = 5200ms (fallback to raft.server.rpc.timeout.max)
2024-05-06 09:01:24,980 [90b7064f-8397-4c9e-a509-54ea80c9149b-groupManagement] INFO  util.JmxRegister (JmxRegister.java:tryRegister(44)) - Successfully registered JMX Bean with object name Ratis:service=RaftServer,group=group-572E3B93379D,id=90b7064f-8397-4c9e-a509-54ea80c9149b
2024-05-06 09:01:24,980 [90b7064f-8397-4c9e-a509-54ea80c9149b-groupManagement] INFO  server.RaftServerConfigKeys (ConfUtils.java:logGet(46)) - raft.server.snapshot.trigger-when-stop.enabled = true (default)
2024-05-06 09:01:24,980 [90b7064f-8397-4c9e-a509-54ea80c9149b-groupManagement] INFO  server.RaftServerConfigKeys (ConfUtils.java:logGet(46)) - raft.server.snapshot.auto.trigger.enabled = true (custom)
2024-05-06 09:01:24,980 [90b7064f-8397-4c9e-a509-54ea80c9149b-groupManagement] INFO  server.RaftServerConfigKeys (ConfUtils.java:logGet(46)) - raft.server.snapshot.auto.trigger.threshold = 10000 (custom)
2024-05-06 09:01:24,980 [90b7064f-8397-4c9e-a509-54ea80c9149b-groupManagement] INFO  server.RaftServerConfigKeys (ConfUtils.java:logGet(46)) - raft.server.snapshot.retention.file.num = 5 (custom)
2024-05-06 09:01:24,980 [90b7064f-8397-4c9e-a509-54ea80c9149b-groupManagement] INFO  server.RaftServerConfigKeys (ConfUtils.java:logGet(46)) - raft.server.log.purge.upto.snapshot.index = false (default)
2024-05-06 09:01:24,981 [2bd728a8-2257-45fc-a304-d79856c752fc-groupManagement] INFO  server.RaftServerConfigKeys (ConfUtils.java:logGet(46)) - raft.server.log.appender.buffer.byte-limit = 8388608 (custom)
2024-05-06 09:01:24,981 [2bd728a8-2257-45fc-a304-d79856c752fc-groupManagement] INFO  server.RaftServerConfigKeys (ConfUtils.java:logGet(46)) - raft.server.log.unsafe-flush.enabled = false (default)
2024-05-06 09:01:24,981 [90b7064f-8397-4c9e-a509-54ea80c9149b-PipelineCommandHandlerThread-0] INFO  ratis.XceiverServerRatis (XceiverServerRatis.java:addGroup(864)) - Created group PipelineID=209a26b5-cef4-449e-ba4b-572e3b93379d
2024-05-06 09:01:24,981 [2bd728a8-2257-45fc-a304-d79856c752fc-groupManagement] INFO  server.RaftServerConfigKeys (ConfUtils.java:logGet(46)) - raft.server.log.async-flush.enabled = false (default)
2024-05-06 09:01:24,981 [2bd728a8-2257-45fc-a304-d79856c752fc-groupManagement] INFO  server.RaftServerConfigKeys (ConfUtils.java:logGet(46)) - raft.server.log.statemachine.data.caching.enabled = true (custom)
2024-05-06 09:01:24,981 [2bd728a8-2257-45fc-a304-d79856c752fc-groupManagement] INFO  segmented.SegmentedRaftLogWorker (SegmentedRaftLogWorker.java:lambda$new$0(134)) - 2bd728a8-2257-45fc-a304-d79856c752fc@group-DFBFD2CD5EB9-SegmentedRaftLogWorker: flushIndex: setUnconditionally 0 -> -1
2024-05-06 09:01:24,981 [2bd728a8-2257-45fc-a304-d79856c752fc-groupManagement] INFO  segmented.SegmentedRaftLogWorker (SegmentedRaftLogWorker.java:lambda$new$0(134)) - 2bd728a8-2257-45fc-a304-d79856c752fc@group-DFBFD2CD5EB9-SegmentedRaftLogWorker: safeCacheEvictIndex: setUnconditionally 0 -> -1
2024-05-06 09:01:24,981 [2bd728a8-2257-45fc-a304-d79856c752fc-groupManagement] INFO  server.RaftServer$Division (RaftServerImpl.java:start(396)) - 2bd728a8-2257-45fc-a304-d79856c752fc@group-DFBFD2CD5EB9: start as a follower, conf=-1: peers:[0e9e7d01-6cef-4822-a23d-4188eb8fb4d0|127.0.0.1:15085, fa7233c5-99c6-4a1a-a2f1-81d332223322|127.0.0.1:15103, 2bd728a8-2257-45fc-a304-d79856c752fc|127.0.0.1:15094]|listeners:[], old=null
2024-05-06 09:01:24,981 [2bd728a8-2257-45fc-a304-d79856c752fc-groupManagement] INFO  server.RaftServer$Division (RaftServerImpl.java:setRole(383)) - 2bd728a8-2257-45fc-a304-d79856c752fc@group-DFBFD2CD5EB9: changes role from      null to FOLLOWER at term 0 for startAsFollower
2024-05-06 09:01:24,981 [2bd728a8-2257-45fc-a304-d79856c752fc-groupManagement] INFO  impl.RoleInfo (RoleInfo.java:updateAndGet(139)) - 2bd728a8-2257-45fc-a304-d79856c752fc: start 2bd728a8-2257-45fc-a304-d79856c752fc@group-DFBFD2CD5EB9-FollowerState
2024-05-06 09:01:24,982 [2bd728a8-2257-45fc-a304-d79856c752fc-groupManagement] INFO  util.JmxRegister (JmxRegister.java:tryRegister(44)) - Successfully registered JMX Bean with object name Ratis:service=RaftServer,group=group-DFBFD2CD5EB9,id=2bd728a8-2257-45fc-a304-d79856c752fc
2024-05-06 09:01:24,982 [2bd728a8-2257-45fc-a304-d79856c752fc@group-DFBFD2CD5EB9-FollowerState] INFO  server.RaftServerConfigKeys (ConfUtils.java:logFallback(53)) - raft.server.rpc.first-election.timeout.min = 5s (fallback to raft.server.rpc.timeout.min)
2024-05-06 09:01:24,982 [2bd728a8-2257-45fc-a304-d79856c752fc-groupManagement] INFO  server.RaftServerConfigKeys (ConfUtils.java:logGet(46)) - raft.server.snapshot.trigger-when-stop.enabled = true (default)
2024-05-06 09:01:24,982 [2bd728a8-2257-45fc-a304-d79856c752fc-groupManagement] INFO  server.RaftServerConfigKeys (ConfUtils.java:logGet(46)) - raft.server.snapshot.auto.trigger.enabled = true (custom)
2024-05-06 09:01:24,982 [2bd728a8-2257-45fc-a304-d79856c752fc-groupManagement] INFO  server.RaftServerConfigKeys (ConfUtils.java:logGet(46)) - raft.server.snapshot.auto.trigger.threshold = 10000 (custom)
2024-05-06 09:01:24,982 [2bd728a8-2257-45fc-a304-d79856c752fc-groupManagement] INFO  server.RaftServerConfigKeys (ConfUtils.java:logGet(46)) - raft.server.snapshot.retention.file.num = 5 (custom)
2024-05-06 09:01:24,982 [2bd728a8-2257-45fc-a304-d79856c752fc-groupManagement] INFO  server.RaftServerConfigKeys (ConfUtils.java:logGet(46)) - raft.server.log.purge.upto.snapshot.index = false (default)
2024-05-06 09:01:24,982 [2bd728a8-2257-45fc-a304-d79856c752fc@group-DFBFD2CD5EB9-FollowerState] INFO  server.RaftServerConfigKeys (ConfUtils.java:logFallback(53)) - raft.server.rpc.first-election.timeout.max = 5200ms (fallback to raft.server.rpc.timeout.max)
2024-05-06 09:01:24,982 [2bd728a8-2257-45fc-a304-d79856c752fc-PipelineCommandHandlerThread-0] INFO  ratis.XceiverServerRatis (XceiverServerRatis.java:addGroup(864)) - Created group PipelineID=d0d47bde-0ccd-412d-ba0a-dfbfd2cd5eb9
2024-05-06 09:01:24,991 [grpc-default-executor-9] INFO  server.RaftServer (RaftServerProxy.java:addNew(100)) - 0e9e7d01-6cef-4822-a23d-4188eb8fb4d0: addNew group-572E3B93379D:[0e9e7d01-6cef-4822-a23d-4188eb8fb4d0|127.0.0.1:15085, fa7233c5-99c6-4a1a-a2f1-81d332223322|127.0.0.1:15103, 90b7064f-8397-4c9e-a509-54ea80c9149b|127.0.0.1:15067] returns group-572E3B93379D:java.util.concurrent.CompletableFuture@21da57ac[Not completed]
2024-05-06 09:01:24,992 [0e9e7d01-6cef-4822-a23d-4188eb8fb4d0-groupManagement] INFO  server.RaftServer$Division (RaftServerImpl.java:<init>(256)) - 0e9e7d01-6cef-4822-a23d-4188eb8fb4d0: new RaftServerImpl for group-572E3B93379D:[0e9e7d01-6cef-4822-a23d-4188eb8fb4d0|127.0.0.1:15085, fa7233c5-99c6-4a1a-a2f1-81d332223322|127.0.0.1:15103, 90b7064f-8397-4c9e-a509-54ea80c9149b|127.0.0.1:15067] with ContainerStateMachine:uninitialized
2024-05-06 09:01:24,992 [0e9e7d01-6cef-4822-a23d-4188eb8fb4d0-groupManagement] INFO  server.RaftServerConfigKeys (ConfUtils.java:logGet(46)) - raft.server.rpc.timeout.min = 5s (custom)
2024-05-06 09:01:24,992 [0e9e7d01-6cef-4822-a23d-4188eb8fb4d0-groupManagement] INFO  server.RaftServerConfigKeys (ConfUtils.java:logGet(46)) - raft.server.rpc.timeout.max = 5200ms (custom)
2024-05-06 09:01:24,992 [0e9e7d01-6cef-4822-a23d-4188eb8fb4d0-groupManagement] INFO  server.RaftServerConfigKeys (ConfUtils.java:logGet(46)) - raft.server.rpc.sleep.time = 25ms (default)
2024-05-06 09:01:24,992 [0e9e7d01-6cef-4822-a23d-4188eb8fb4d0-groupManagement] INFO  server.RaftServerConfigKeys (ConfUtils.java:logGet(46)) - raft.server.rpc.slowness.timeout = 300000ms (custom)
2024-05-06 09:01:24,992 [0e9e7d01-6cef-4822-a23d-4188eb8fb4d0-groupManagement] INFO  server.RaftServerConfigKeys (ConfUtils.java:logGet(46)) - raft.server.leaderelection.leader.step-down.wait-time = 10s (default)
2024-05-06 09:01:24,992 [0e9e7d01-6cef-4822-a23d-4188eb8fb4d0-groupManagement] INFO  server.RaftServerConfigKeys (ConfUtils.java:logGet(46)) - raft.server.leaderelection.member.majority-add = false (default)
2024-05-06 09:01:24,992 [0e9e7d01-6cef-4822-a23d-4188eb8fb4d0-groupManagement] INFO  server.RaftServerConfigKeys (ConfUtils.java:logGet(46)) - raft.server.sleep.deviation.threshold = 300ms (default)
2024-05-06 09:01:24,992 [0e9e7d01-6cef-4822-a23d-4188eb8fb4d0-groupManagement] INFO  server.RaftServer$Division (ServerState.java:<init>(113)) - 0e9e7d01-6cef-4822-a23d-4188eb8fb4d0@group-572E3B93379D: ConfigurationManager, init=-1: peers:[0e9e7d01-6cef-4822-a23d-4188eb8fb4d0|127.0.0.1:15085, fa7233c5-99c6-4a1a-a2f1-81d332223322|127.0.0.1:15103, 90b7064f-8397-4c9e-a509-54ea80c9149b|127.0.0.1:15067]|listeners:[], old=null, confs=<EMPTY_MAP>
2024-05-06 09:01:24,992 [0e9e7d01-6cef-4822-a23d-4188eb8fb4d0-groupManagement] INFO  server.RaftServerConfigKeys (ConfUtils.java:logGet(46)) - raft.server.notification.no-leader.timeout = 300000ms (custom)
2024-05-06 09:01:24,992 [0e9e7d01-6cef-4822-a23d-4188eb8fb4d0-groupManagement] INFO  server.RaftServerConfigKeys (ConfUtils.java:logGet(46)) - raft.server.read.timeout = 10s (default)
2024-05-06 09:01:24,992 [0e9e7d01-6cef-4822-a23d-4188eb8fb4d0-groupManagement] INFO  server.RaftServerConfigKeys (ConfUtils.java:logGet(46)) - raft.server.retrycache.expirytime = 600000ms (custom)
2024-05-06 09:01:24,992 [0e9e7d01-6cef-4822-a23d-4188eb8fb4d0-groupManagement] INFO  server.RaftServerConfigKeys (ConfUtils.java:logGet(46)) - raft.server.retrycache.statistics.expirytime = 100ms (default)
2024-05-06 09:01:24,992 [0e9e7d01-6cef-4822-a23d-4188eb8fb4d0-groupManagement] INFO  server.RaftServerConfigKeys (ConfUtils.java:logGet(46)) - raft.server.read.option = DEFAULT (default)
2024-05-06 09:01:24,992 [0e9e7d01-6cef-4822-a23d-4188eb8fb4d0-groupManagement] INFO  server.RaftServerConfigKeys (ConfUtils.java:logGet(46)) - raft.server.read.read-after-write-consistent.write-index-cache.expiry-time = 60s (default)
2024-05-06 09:01:24,994 [0e9e7d01-6cef-4822-a23d-4188eb8fb4d0-groupManagement] INFO  server.RaftServerConfigKeys (ConfUtils.java:logGet(46)) - raft.server.rpc.request.timeout = 3000ms (default)
2024-05-06 09:01:24,994 [0e9e7d01-6cef-4822-a23d-4188eb8fb4d0-groupManagement] INFO  server.RaftServerConfigKeys (ConfUtils.java:logGet(46)) - raft.server.log.appender.install.snapshot.enabled = false (custom)
2024-05-06 09:01:24,994 [0e9e7d01-6cef-4822-a23d-4188eb8fb4d0-groupManagement] INFO  server.RaftServerConfigKeys (ConfUtils.java:logGet(46)) - raft.server.threadpool.server.cached = true (default)
2024-05-06 09:01:24,994 [0e9e7d01-6cef-4822-a23d-4188eb8fb4d0-groupManagement] INFO  server.RaftServerConfigKeys (ConfUtils.java:logGet(46)) - raft.server.threadpool.server.size = 0 (default)
2024-05-06 09:01:24,994 [0e9e7d01-6cef-4822-a23d-4188eb8fb4d0-groupManagement] INFO  server.RaftServerConfigKeys (ConfUtils.java:logGet(46)) - raft.server.threadpool.client.cached = true (default)
2024-05-06 09:01:24,994 [0e9e7d01-6cef-4822-a23d-4188eb8fb4d0-groupManagement] INFO  server.RaftServerConfigKeys (ConfUtils.java:logGet(46)) - raft.server.threadpool.client.size = 0 (default)
2024-05-06 09:01:24,994 [0e9e7d01-6cef-4822-a23d-4188eb8fb4d0-groupManagement] INFO  server.RaftServerConfigKeys (ConfUtils.java:logGet(46)) - raft.server.storage.free-space.min = 0MB (=0) (default)
2024-05-06 09:01:24,994 [0e9e7d01-6cef-4822-a23d-4188eb8fb4d0-groupManagement] INFO  server.RaftServerConfigKeys (ConfUtils.java:logGet(46)) - raft.server.log.corruption.policy = EXCEPTION (default)
2024-05-06 09:01:24,994 [0e9e7d01-6cef-4822-a23d-4188eb8fb4d0-groupManagement] INFO  server.RaftServerConfigKeys (ConfUtils.java:logGet(46)) - raft.server.storage.dir = [/home/runner/work/ozone/ozone/hadoop-ozone/integration-test/target/test-dir/MiniOzoneClusterImpl-f8a20603-669c-41d5-94ea-e080bd68b2ef/ozone-meta/datanode-3/ratis] (custom)
2024-05-06 09:01:24,994 [0e9e7d01-6cef-4822-a23d-4188eb8fb4d0-groupManagement] INFO  storage.RaftStorageDirectory (RaftStorageDirectoryImpl.java:analyzeStorage(138)) - The storage directory /home/runner/work/ozone/ozone/hadoop-ozone/integration-test/target/test-dir/MiniOzoneClusterImpl-f8a20603-669c-41d5-94ea-e080bd68b2ef/ozone-meta/datanode-3/ratis/209a26b5-cef4-449e-ba4b-572e3b93379d does not exist. Creating ...
2024-05-06 09:01:24,995 [grpc-default-executor-8] INFO  server.RaftServer (RaftServerProxy.java:addNew(100)) - fa7233c5-99c6-4a1a-a2f1-81d332223322: addNew group-DFBFD2CD5EB9:[0e9e7d01-6cef-4822-a23d-4188eb8fb4d0|127.0.0.1:15085, fa7233c5-99c6-4a1a-a2f1-81d332223322|127.0.0.1:15103, 2bd728a8-2257-45fc-a304-d79856c752fc|127.0.0.1:15094] returns group-DFBFD2CD5EB9:java.util.concurrent.CompletableFuture@66a248de[Not completed]
2024-05-06 09:01:24,995 [fa7233c5-99c6-4a1a-a2f1-81d332223322-groupManagement] INFO  server.RaftServer$Division (RaftServerImpl.java:<init>(256)) - fa7233c5-99c6-4a1a-a2f1-81d332223322: new RaftServerImpl for group-DFBFD2CD5EB9:[0e9e7d01-6cef-4822-a23d-4188eb8fb4d0|127.0.0.1:15085, fa7233c5-99c6-4a1a-a2f1-81d332223322|127.0.0.1:15103, 2bd728a8-2257-45fc-a304-d79856c752fc|127.0.0.1:15094] with ContainerStateMachine:uninitialized
2024-05-06 09:01:24,995 [fa7233c5-99c6-4a1a-a2f1-81d332223322-groupManagement] INFO  server.RaftServerConfigKeys (ConfUtils.java:logGet(46)) - raft.server.rpc.timeout.min = 5s (custom)
2024-05-06 09:01:24,995 [fa7233c5-99c6-4a1a-a2f1-81d332223322-groupManagement] INFO  server.RaftServerConfigKeys (ConfUtils.java:logGet(46)) - raft.server.rpc.timeout.max = 5200ms (custom)
2024-05-06 09:01:24,995 [fa7233c5-99c6-4a1a-a2f1-81d332223322-groupManagement] INFO  server.RaftServerConfigKeys (ConfUtils.java:logGet(46)) - raft.server.rpc.sleep.time = 25ms (default)
2024-05-06 09:01:24,996 [fa7233c5-99c6-4a1a-a2f1-81d332223322-groupManagement] INFO  server.RaftServerConfigKeys (ConfUtils.java:logGet(46)) - raft.server.rpc.slowness.timeout = 300000ms (custom)
2024-05-06 09:01:24,996 [fa7233c5-99c6-4a1a-a2f1-81d332223322-groupManagement] INFO  server.RaftServerConfigKeys (ConfUtils.java:logGet(46)) - raft.server.leaderelection.leader.step-down.wait-time = 10s (default)
2024-05-06 09:01:24,996 [fa7233c5-99c6-4a1a-a2f1-81d332223322-groupManagement] INFO  server.RaftServerConfigKeys (ConfUtils.java:logGet(46)) - raft.server.leaderelection.member.majority-add = false (default)
2024-05-06 09:01:24,996 [fa7233c5-99c6-4a1a-a2f1-81d332223322-groupManagement] INFO  server.RaftServerConfigKeys (ConfUtils.java:logGet(46)) - raft.server.sleep.deviation.threshold = 300ms (default)
2024-05-06 09:01:24,996 [fa7233c5-99c6-4a1a-a2f1-81d332223322-groupManagement] INFO  server.RaftServer$Division (ServerState.java:<init>(113)) - fa7233c5-99c6-4a1a-a2f1-81d332223322@group-DFBFD2CD5EB9: ConfigurationManager, init=-1: peers:[0e9e7d01-6cef-4822-a23d-4188eb8fb4d0|127.0.0.1:15085, fa7233c5-99c6-4a1a-a2f1-81d332223322|127.0.0.1:15103, 2bd728a8-2257-45fc-a304-d79856c752fc|127.0.0.1:15094]|listeners:[], old=null, confs=<EMPTY_MAP>
2024-05-06 09:01:24,996 [fa7233c5-99c6-4a1a-a2f1-81d332223322-groupManagement] INFO  server.RaftServerConfigKeys (ConfUtils.java:logGet(46)) - raft.server.notification.no-leader.timeout = 300000ms (custom)
2024-05-06 09:01:24,996 [fa7233c5-99c6-4a1a-a2f1-81d332223322-groupManagement] INFO  server.RaftServerConfigKeys (ConfUtils.java:logGet(46)) - raft.server.read.timeout = 10s (default)
2024-05-06 09:01:24,996 [fa7233c5-99c6-4a1a-a2f1-81d332223322-groupManagement] INFO  server.RaftServerConfigKeys (ConfUtils.java:logGet(46)) - raft.server.retrycache.expirytime = 600000ms (custom)
2024-05-06 09:01:24,996 [fa7233c5-99c6-4a1a-a2f1-81d332223322-groupManagement] INFO  server.RaftServerConfigKeys (ConfUtils.java:logGet(46)) - raft.server.retrycache.statistics.expirytime = 100ms (default)
2024-05-06 09:01:24,996 [fa7233c5-99c6-4a1a-a2f1-81d332223322-groupManagement] INFO  server.RaftServerConfigKeys (ConfUtils.java:logGet(46)) - raft.server.read.option = DEFAULT (default)
2024-05-06 09:01:24,996 [fa7233c5-99c6-4a1a-a2f1-81d332223322-groupManagement] INFO  server.RaftServerConfigKeys (ConfUtils.java:logGet(46)) - raft.server.read.read-after-write-consistent.write-index-cache.expiry-time = 60s (default)
2024-05-06 09:01:24,997 [0e9e7d01-6cef-4822-a23d-4188eb8fb4d0-groupManagement] INFO  storage.RaftStorageDirectory (RaftStorageDirectoryImpl.java:tryLock(228)) - Lock on /home/runner/work/ozone/ozone/hadoop-ozone/integration-test/target/test-dir/MiniOzoneClusterImpl-f8a20603-669c-41d5-94ea-e080bd68b2ef/ozone-meta/datanode-3/ratis/209a26b5-cef4-449e-ba4b-572e3b93379d/in_use.lock acquired by nodename 54013@fv-az699-623
2024-05-06 09:01:24,998 [0e9e7d01-6cef-4822-a23d-4188eb8fb4d0-groupManagement] INFO  storage.RaftStorage (RaftStorageImpl.java:format(99)) - Storage directory /home/runner/work/ozone/ozone/hadoop-ozone/integration-test/target/test-dir/MiniOzoneClusterImpl-f8a20603-669c-41d5-94ea-e080bd68b2ef/ozone-meta/datanode-3/ratis/209a26b5-cef4-449e-ba4b-572e3b93379d has been successfully formatted.
2024-05-06 09:01:24,998 [fa7233c5-99c6-4a1a-a2f1-81d332223322-groupManagement] INFO  server.RaftServerConfigKeys (ConfUtils.java:logGet(46)) - raft.server.rpc.request.timeout = 3000ms (default)
2024-05-06 09:01:24,998 [fa7233c5-99c6-4a1a-a2f1-81d332223322-groupManagement] INFO  server.RaftServerConfigKeys (ConfUtils.java:logGet(46)) - raft.server.log.appender.install.snapshot.enabled = false (custom)
2024-05-06 09:01:24,998 [fa7233c5-99c6-4a1a-a2f1-81d332223322-groupManagement] INFO  server.RaftServerConfigKeys (ConfUtils.java:logGet(46)) - raft.server.threadpool.server.cached = true (default)
2024-05-06 09:01:24,998 [fa7233c5-99c6-4a1a-a2f1-81d332223322-groupManagement] INFO  server.RaftServerConfigKeys (ConfUtils.java:logGet(46)) - raft.server.threadpool.server.size = 0 (default)
2024-05-06 09:01:24,998 [0e9e7d01-6cef-4822-a23d-4188eb8fb4d0-groupManagement] WARN  util.FileUtils (LogUtils.java:supplyAndLog(63)) - Failed to Files.newInputStream /home/runner/work/ozone/ozone/hadoop-ozone/integration-test/target/test-dir/MiniOzoneClusterImpl-f8a20603-669c-41d5-94ea-e080bd68b2ef/ozone-meta/datanode-3/ratis/209a26b5-cef4-449e-ba4b-572e3b93379d/current/raft-meta.conf with options []: java.nio.file.NoSuchFileException: /home/runner/work/ozone/ozone/hadoop-ozone/integration-test/target/test-dir/MiniOzoneClusterImpl-f8a20603-669c-41d5-94ea-e080bd68b2ef/ozone-meta/datanode-3/ratis/209a26b5-cef4-449e-ba4b-572e3b93379d/current/raft-meta.conf
2024-05-06 09:01:24,998 [fa7233c5-99c6-4a1a-a2f1-81d332223322-groupManagement] INFO  server.RaftServerConfigKeys (ConfUtils.java:logGet(46)) - raft.server.threadpool.client.cached = true (default)
2024-05-06 09:01:24,998 [fa7233c5-99c6-4a1a-a2f1-81d332223322-groupManagement] INFO  server.RaftServerConfigKeys (ConfUtils.java:logGet(46)) - raft.server.threadpool.client.size = 0 (default)
2024-05-06 09:01:24,998 [fa7233c5-99c6-4a1a-a2f1-81d332223322-groupManagement] INFO  server.RaftServerConfigKeys (ConfUtils.java:logGet(46)) - raft.server.storage.free-space.min = 0MB (=0) (default)
2024-05-06 09:01:24,998 [fa7233c5-99c6-4a1a-a2f1-81d332223322-groupManagement] INFO  server.RaftServerConfigKeys (ConfUtils.java:logGet(46)) - raft.server.log.corruption.policy = EXCEPTION (default)
2024-05-06 09:01:24,999 [fa7233c5-99c6-4a1a-a2f1-81d332223322-groupManagement] INFO  server.RaftServerConfigKeys (ConfUtils.java:logGet(46)) - raft.server.storage.dir = [/home/runner/work/ozone/ozone/hadoop-ozone/integration-test/target/test-dir/MiniOzoneClusterImpl-f8a20603-669c-41d5-94ea-e080bd68b2ef/ozone-meta/datanode-5/ratis] (custom)
2024-05-06 09:01:24,999 [fa7233c5-99c6-4a1a-a2f1-81d332223322-groupManagement] INFO  storage.RaftStorageDirectory (RaftStorageDirectoryImpl.java:analyzeStorage(138)) - The storage directory /home/runner/work/ozone/ozone/hadoop-ozone/integration-test/target/test-dir/MiniOzoneClusterImpl-f8a20603-669c-41d5-94ea-e080bd68b2ef/ozone-meta/datanode-5/ratis/d0d47bde-0ccd-412d-ba0a-dfbfd2cd5eb9 does not exist. Creating ...
2024-05-06 09:01:24,998 [0e9e7d01-6cef-4822-a23d-4188eb8fb4d0-groupManagement] INFO  ratis.ContainerStateMachine (ContainerStateMachine.java:loadSnapshot(287)) - group-572E3B93379D: The snapshot info is null. Setting the last applied index to:(t:0, i:~)
2024-05-06 09:01:24,999 [0e9e7d01-6cef-4822-a23d-4188eb8fb4d0-groupManagement] INFO  server.RaftServerConfigKeys (ConfUtils.java:logGet(46)) - raft.server.log.use.memory = false (default)
2024-05-06 09:01:24,999 [0e9e7d01-6cef-4822-a23d-4188eb8fb4d0-groupManagement] INFO  server.RaftServerConfigKeys (ConfUtils.java:logGet(46)) - raft.server.log.purge.gap = 1000000 (custom)
2024-05-06 09:01:24,999 [0e9e7d01-6cef-4822-a23d-4188eb8fb4d0-groupManagement] INFO  server.RaftServerConfigKeys (ConfUtils.java:logGet(46)) - raft.server.log.appender.buffer.byte-limit = 8388608 (custom)
2024-05-06 09:01:25,000 [0e9e7d01-6cef-4822-a23d-4188eb8fb4d0-groupManagement] INFO  server.RaftServerConfigKeys (ConfUtils.java:logGet(46)) - raft.server.log.statemachine.data.read.timeout = 1000ms (default)
2024-05-06 09:01:25,000 [0e9e7d01-6cef-4822-a23d-4188eb8fb4d0-groupManagement] INFO  server.RaftServerConfigKeys (ConfUtils.java:logGet(46)) - raft.server.log.purge.preservation.log.num = 0 (default)
2024-05-06 09:01:25,000 [0e9e7d01-6cef-4822-a23d-4188eb8fb4d0-groupManagement] INFO  server.RaftServerConfigKeys (ConfUtils.java:logGet(46)) - raft.server.log.segment.size.max = 67108864 (custom)
2024-05-06 09:01:25,001 [0e9e7d01-6cef-4822-a23d-4188eb8fb4d0-groupManagement] INFO  server.RaftServerConfigKeys (ConfUtils.java:logGet(46)) - raft.server.log.segment.cache.num.max = 2 (custom)
2024-05-06 09:01:25,001 [0e9e7d01-6cef-4822-a23d-4188eb8fb4d0-groupManagement] INFO  server.RaftServerConfigKeys (ConfUtils.java:logGet(46)) - raft.server.log.segment.cache.size.max = 200MB (=209715200) (default)
2024-05-06 09:01:25,001 [0e9e7d01-6cef-4822-a23d-4188eb8fb4d0-groupManagement] INFO  server.RaftServerConfigKeys (ConfUtils.java:logGet(46)) - raft.server.log.appender.buffer.byte-limit = 8388608 (custom)
2024-05-06 09:01:25,001 [0e9e7d01-6cef-4822-a23d-4188eb8fb4d0-groupManagement] INFO  util.AwaitToRun (AwaitToRun.java:start(81)) - Thread[0e9e7d01-6cef-4822-a23d-4188eb8fb4d0@group-572E3B93379D-cacheEviction-AwaitToRun,5,main] started
2024-05-06 09:01:25,001 [0e9e7d01-6cef-4822-a23d-4188eb8fb4d0-groupManagement] INFO  segmented.SegmentedRaftLogWorker (SegmentedRaftLogWorker.java:<init>(182)) - new 0e9e7d01-6cef-4822-a23d-4188eb8fb4d0@group-572E3B93379D-SegmentedRaftLogWorker for RaftStorageImpl:Storage Directory /home/runner/work/ozone/ozone/hadoop-ozone/integration-test/target/test-dir/MiniOzoneClusterImpl-f8a20603-669c-41d5-94ea-e080bd68b2ef/ozone-meta/datanode-3/ratis/209a26b5-cef4-449e-ba4b-572e3b93379d
2024-05-06 09:01:25,001 [0e9e7d01-6cef-4822-a23d-4188eb8fb4d0-groupManagement] INFO  server.RaftServerConfigKeys (ConfUtils.java:logGet(46)) - raft.server.log.queue.byte-limit = 4294967296 (custom)
2024-05-06 09:01:25,001 [0e9e7d01-6cef-4822-a23d-4188eb8fb4d0-groupManagement] INFO  server.RaftServerConfigKeys (ConfUtils.java:logGet(46)) - raft.server.log.queue.element-limit = 1024 (custom)
2024-05-06 09:01:25,001 [0e9e7d01-6cef-4822-a23d-4188eb8fb4d0-groupManagement] INFO  server.RaftServerConfigKeys (ConfUtils.java:logGet(46)) - raft.server.log.segment.size.max = 67108864 (custom)
2024-05-06 09:01:25,001 [0e9e7d01-6cef-4822-a23d-4188eb8fb4d0-groupManagement] INFO  server.RaftServerConfigKeys (ConfUtils.java:logGet(46)) - raft.server.log.preallocated.size = 4194304 (custom)
2024-05-06 09:01:25,001 [0e9e7d01-6cef-4822-a23d-4188eb8fb4d0-groupManagement] INFO  server.RaftServerConfigKeys (ConfUtils.java:logGet(46)) - raft.server.log.force.sync.num = 128 (default)
2024-05-06 09:01:25,001 [0e9e7d01-6cef-4822-a23d-4188eb8fb4d0-groupManagement] INFO  server.RaftServerConfigKeys (ConfUtils.java:logGet(46)) - raft.server.log.statemachine.data.sync = true (default)
2024-05-06 09:01:25,001 [0e9e7d01-6cef-4822-a23d-4188eb8fb4d0-groupManagement] INFO  server.RaftServerConfigKeys (ConfUtils.java:logGet(46)) - raft.server.log.statemachine.data.sync.timeout = 10s (default)
2024-05-06 09:01:25,001 [0e9e7d01-6cef-4822-a23d-4188eb8fb4d0-groupManagement] INFO  server.RaftServerConfigKeys (ConfUtils.java:logGet(46)) - raft.server.log.statemachine.data.sync.timeout.retry = 30 (custom)
2024-05-06 09:01:25,001 [0e9e7d01-6cef-4822-a23d-4188eb8fb4d0-groupManagement] INFO  server.RaftServerConfigKeys (ConfUtils.java:logGet(46)) - raft.server.log.write.buffer.size = 8388616 (custom)
2024-05-06 09:01:25,003 [0e9e7d01-6cef-4822-a23d-4188eb8fb4d0-groupManagement] INFO  server.RaftServerConfigKeys (ConfUtils.java:logGet(46)) - raft.server.log.appender.buffer.byte-limit = 8388608 (custom)
2024-05-06 09:01:25,003 [0e9e7d01-6cef-4822-a23d-4188eb8fb4d0-groupManagement] INFO  server.RaftServerConfigKeys (ConfUtils.java:logGet(46)) - raft.server.log.unsafe-flush.enabled = false (default)
2024-05-06 09:01:25,003 [0e9e7d01-6cef-4822-a23d-4188eb8fb4d0-groupManagement] INFO  server.RaftServerConfigKeys (ConfUtils.java:logGet(46)) - raft.server.log.async-flush.enabled = false (default)
2024-05-06 09:01:25,003 [0e9e7d01-6cef-4822-a23d-4188eb8fb4d0-groupManagement] INFO  server.RaftServerConfigKeys (ConfUtils.java:logGet(46)) - raft.server.log.statemachine.data.caching.enabled = true (custom)
2024-05-06 09:01:25,003 [0e9e7d01-6cef-4822-a23d-4188eb8fb4d0-groupManagement] INFO  segmented.SegmentedRaftLogWorker (SegmentedRaftLogWorker.java:lambda$new$0(134)) - 0e9e7d01-6cef-4822-a23d-4188eb8fb4d0@group-572E3B93379D-SegmentedRaftLogWorker: flushIndex: setUnconditionally 0 -> -1
2024-05-06 09:01:25,003 [0e9e7d01-6cef-4822-a23d-4188eb8fb4d0-groupManagement] INFO  segmented.SegmentedRaftLogWorker (SegmentedRaftLogWorker.java:lambda$new$0(134)) - 0e9e7d01-6cef-4822-a23d-4188eb8fb4d0@group-572E3B93379D-SegmentedRaftLogWorker: safeCacheEvictIndex: setUnconditionally 0 -> -1
2024-05-06 09:01:25,003 [0e9e7d01-6cef-4822-a23d-4188eb8fb4d0-groupManagement] INFO  server.RaftServer$Division (RaftServerImpl.java:start(396)) - 0e9e7d01-6cef-4822-a23d-4188eb8fb4d0@group-572E3B93379D: start as a follower, conf=-1: peers:[0e9e7d01-6cef-4822-a23d-4188eb8fb4d0|127.0.0.1:15085, fa7233c5-99c6-4a1a-a2f1-81d332223322|127.0.0.1:15103, 90b7064f-8397-4c9e-a509-54ea80c9149b|127.0.0.1:15067]|listeners:[], old=null
2024-05-06 09:01:25,003 [0e9e7d01-6cef-4822-a23d-4188eb8fb4d0-groupManagement] INFO  server.RaftServer$Division (RaftServerImpl.java:setRole(383)) - 0e9e7d01-6cef-4822-a23d-4188eb8fb4d0@group-572E3B93379D: changes role from      null to FOLLOWER at term 0 for startAsFollower
2024-05-06 09:01:25,003 [0e9e7d01-6cef-4822-a23d-4188eb8fb4d0-groupManagement] INFO  impl.RoleInfo (RoleInfo.java:updateAndGet(139)) - 0e9e7d01-6cef-4822-a23d-4188eb8fb4d0: start 0e9e7d01-6cef-4822-a23d-4188eb8fb4d0@group-572E3B93379D-FollowerState
2024-05-06 09:01:25,003 [fa7233c5-99c6-4a1a-a2f1-81d332223322-groupManagement] INFO  storage.RaftStorageDirectory (RaftStorageDirectoryImpl.java:tryLock(228)) - Lock on /home/runner/work/ozone/ozone/hadoop-ozone/integration-test/target/test-dir/MiniOzoneClusterImpl-f8a20603-669c-41d5-94ea-e080bd68b2ef/ozone-meta/datanode-5/ratis/d0d47bde-0ccd-412d-ba0a-dfbfd2cd5eb9/in_use.lock acquired by nodename 54013@fv-az699-623
2024-05-06 09:01:25,004 [0e9e7d01-6cef-4822-a23d-4188eb8fb4d0-groupManagement] INFO  util.JmxRegister (JmxRegister.java:tryRegister(44)) - Successfully registered JMX Bean with object name Ratis:service=RaftServer,group=group-572E3B93379D,id=0e9e7d01-6cef-4822-a23d-4188eb8fb4d0
2024-05-06 09:01:25,004 [0e9e7d01-6cef-4822-a23d-4188eb8fb4d0@group-572E3B93379D-FollowerState] INFO  server.RaftServerConfigKeys (ConfUtils.java:logFallback(53)) - raft.server.rpc.first-election.timeout.min = 5s (fallback to raft.server.rpc.timeout.min)
2024-05-06 09:01:25,004 [0e9e7d01-6cef-4822-a23d-4188eb8fb4d0-groupManagement] INFO  server.RaftServerConfigKeys (ConfUtils.java:logGet(46)) - raft.server.snapshot.trigger-when-stop.enabled = true (default)
2024-05-06 09:01:25,004 [0e9e7d01-6cef-4822-a23d-4188eb8fb4d0-groupManagement] INFO  server.RaftServerConfigKeys (ConfUtils.java:logGet(46)) - raft.server.snapshot.auto.trigger.enabled = true (custom)
2024-05-06 09:01:25,004 [0e9e7d01-6cef-4822-a23d-4188eb8fb4d0@group-572E3B93379D-FollowerState] INFO  server.RaftServerConfigKeys (ConfUtils.java:logFallback(53)) - raft.server.rpc.first-election.timeout.max = 5200ms (fallback to raft.server.rpc.timeout.max)
2024-05-06 09:01:25,004 [0e9e7d01-6cef-4822-a23d-4188eb8fb4d0-groupManagement] INFO  server.RaftServerConfigKeys (ConfUtils.java:logGet(46)) - raft.server.snapshot.auto.trigger.threshold = 10000 (custom)
2024-05-06 09:01:25,004 [0e9e7d01-6cef-4822-a23d-4188eb8fb4d0-groupManagement] INFO  server.RaftServerConfigKeys (ConfUtils.java:logGet(46)) - raft.server.snapshot.retention.file.num = 5 (custom)
2024-05-06 09:01:25,004 [0e9e7d01-6cef-4822-a23d-4188eb8fb4d0-groupManagement] INFO  server.RaftServerConfigKeys (ConfUtils.java:logGet(46)) - raft.server.log.purge.upto.snapshot.index = false (default)
2024-05-06 09:01:25,004 [fa7233c5-99c6-4a1a-a2f1-81d332223322-groupManagement] INFO  storage.RaftStorage (RaftStorageImpl.java:format(99)) - Storage directory /home/runner/work/ozone/ozone/hadoop-ozone/integration-test/target/test-dir/MiniOzoneClusterImpl-f8a20603-669c-41d5-94ea-e080bd68b2ef/ozone-meta/datanode-5/ratis/d0d47bde-0ccd-412d-ba0a-dfbfd2cd5eb9 has been successfully formatted.
2024-05-06 09:01:25,005 [fa7233c5-99c6-4a1a-a2f1-81d332223322-groupManagement] WARN  util.FileUtils (LogUtils.java:supplyAndLog(63)) - Failed to Files.newInputStream /home/runner/work/ozone/ozone/hadoop-ozone/integration-test/target/test-dir/MiniOzoneClusterImpl-f8a20603-669c-41d5-94ea-e080bd68b2ef/ozone-meta/datanode-5/ratis/d0d47bde-0ccd-412d-ba0a-dfbfd2cd5eb9/current/raft-meta.conf with options []: java.nio.file.NoSuchFileException: /home/runner/work/ozone/ozone/hadoop-ozone/integration-test/target/test-dir/MiniOzoneClusterImpl-f8a20603-669c-41d5-94ea-e080bd68b2ef/ozone-meta/datanode-5/ratis/d0d47bde-0ccd-412d-ba0a-dfbfd2cd5eb9/current/raft-meta.conf
2024-05-06 09:01:25,005 [fa7233c5-99c6-4a1a-a2f1-81d332223322-groupManagement] INFO  ratis.ContainerStateMachine (ContainerStateMachine.java:loadSnapshot(287)) - group-DFBFD2CD5EB9: The snapshot info is null. Setting the last applied index to:(t:0, i:~)
2024-05-06 09:01:25,005 [fa7233c5-99c6-4a1a-a2f1-81d332223322-groupManagement] INFO  server.RaftServerConfigKeys (ConfUtils.java:logGet(46)) - raft.server.log.use.memory = false (default)
2024-05-06 09:01:25,005 [fa7233c5-99c6-4a1a-a2f1-81d332223322-groupManagement] INFO  server.RaftServerConfigKeys (ConfUtils.java:logGet(46)) - raft.server.log.purge.gap = 1000000 (custom)
2024-05-06 09:01:25,005 [fa7233c5-99c6-4a1a-a2f1-81d332223322-groupManagement] INFO  server.RaftServerConfigKeys (ConfUtils.java:logGet(46)) - raft.server.log.appender.buffer.byte-limit = 8388608 (custom)
2024-05-06 09:01:25,005 [fa7233c5-99c6-4a1a-a2f1-81d332223322-groupManagement] INFO  server.RaftServerConfigKeys (ConfUtils.java:logGet(46)) - raft.server.log.statemachine.data.read.timeout = 1000ms (default)
2024-05-06 09:01:25,005 [fa7233c5-99c6-4a1a-a2f1-81d332223322-groupManagement] INFO  server.RaftServerConfigKeys (ConfUtils.java:logGet(46)) - raft.server.log.purge.preservation.log.num = 0 (default)
2024-05-06 09:01:25,006 [fa7233c5-99c6-4a1a-a2f1-81d332223322-groupManagement] INFO  server.RaftServerConfigKeys (ConfUtils.java:logGet(46)) - raft.server.log.segment.size.max = 67108864 (custom)
2024-05-06 09:01:25,006 [fa7233c5-99c6-4a1a-a2f1-81d332223322-groupManagement] INFO  server.RaftServerConfigKeys (ConfUtils.java:logGet(46)) - raft.server.log.segment.cache.num.max = 2 (custom)
2024-05-06 09:01:25,006 [fa7233c5-99c6-4a1a-a2f1-81d332223322-groupManagement] INFO  server.RaftServerConfigKeys (ConfUtils.java:logGet(46)) - raft.server.log.segment.cache.size.max = 200MB (=209715200) (default)
2024-05-06 09:01:25,006 [fa7233c5-99c6-4a1a-a2f1-81d332223322-groupManagement] INFO  server.RaftServerConfigKeys (ConfUtils.java:logGet(46)) - raft.server.log.appender.buffer.byte-limit = 8388608 (custom)
2024-05-06 09:01:25,007 [fa7233c5-99c6-4a1a-a2f1-81d332223322-groupManagement] INFO  util.AwaitToRun (AwaitToRun.java:start(81)) - Thread[fa7233c5-99c6-4a1a-a2f1-81d332223322@group-DFBFD2CD5EB9-cacheEviction-AwaitToRun,5,main] started
2024-05-06 09:01:25,007 [fa7233c5-99c6-4a1a-a2f1-81d332223322-groupManagement] INFO  segmented.SegmentedRaftLogWorker (SegmentedRaftLogWorker.java:<init>(182)) - new fa7233c5-99c6-4a1a-a2f1-81d332223322@group-DFBFD2CD5EB9-SegmentedRaftLogWorker for RaftStorageImpl:Storage Directory /home/runner/work/ozone/ozone/hadoop-ozone/integration-test/target/test-dir/MiniOzoneClusterImpl-f8a20603-669c-41d5-94ea-e080bd68b2ef/ozone-meta/datanode-5/ratis/d0d47bde-0ccd-412d-ba0a-dfbfd2cd5eb9
2024-05-06 09:01:25,007 [fa7233c5-99c6-4a1a-a2f1-81d332223322-groupManagement] INFO  server.RaftServerConfigKeys (ConfUtils.java:logGet(46)) - raft.server.log.queue.byte-limit = 4294967296 (custom)
2024-05-06 09:01:25,007 [fa7233c5-99c6-4a1a-a2f1-81d332223322-groupManagement] INFO  server.RaftServerConfigKeys (ConfUtils.java:logGet(46)) - raft.server.log.queue.element-limit = 1024 (custom)
2024-05-06 09:01:25,007 [fa7233c5-99c6-4a1a-a2f1-81d332223322-groupManagement] INFO  server.RaftServerConfigKeys (ConfUtils.java:logGet(46)) - raft.server.log.segment.size.max = 67108864 (custom)
2024-05-06 09:01:25,007 [fa7233c5-99c6-4a1a-a2f1-81d332223322-groupManagement] INFO  server.RaftServerConfigKeys (ConfUtils.java:logGet(46)) - raft.server.log.preallocated.size = 4194304 (custom)
2024-05-06 09:01:25,007 [fa7233c5-99c6-4a1a-a2f1-81d332223322-groupManagement] INFO  server.RaftServerConfigKeys (ConfUtils.java:logGet(46)) - raft.server.log.force.sync.num = 128 (default)
2024-05-06 09:01:25,007 [fa7233c5-99c6-4a1a-a2f1-81d332223322-groupManagement] INFO  server.RaftServerConfigKeys (ConfUtils.java:logGet(46)) - raft.server.log.statemachine.data.sync = true (default)
2024-05-06 09:01:25,007 [fa7233c5-99c6-4a1a-a2f1-81d332223322-groupManagement] INFO  server.RaftServerConfigKeys (ConfUtils.java:logGet(46)) - raft.server.log.statemachine.data.sync.timeout = 10s (default)
2024-05-06 09:01:25,007 [fa7233c5-99c6-4a1a-a2f1-81d332223322-groupManagement] INFO  server.RaftServerConfigKeys (ConfUtils.java:logGet(46)) - raft.server.log.statemachine.data.sync.timeout.retry = 30 (custom)
2024-05-06 09:01:25,007 [fa7233c5-99c6-4a1a-a2f1-81d332223322-groupManagement] INFO  server.RaftServerConfigKeys (ConfUtils.java:logGet(46)) - raft.server.log.write.buffer.size = 8388616 (custom)
2024-05-06 09:01:25,009 [fa7233c5-99c6-4a1a-a2f1-81d332223322-groupManagement] INFO  server.RaftServerConfigKeys (ConfUtils.java:logGet(46)) - raft.server.log.appender.buffer.byte-limit = 8388608 (custom)
2024-05-06 09:01:25,009 [fa7233c5-99c6-4a1a-a2f1-81d332223322-groupManagement] INFO  server.RaftServerConfigKeys (ConfUtils.java:logGet(46)) - raft.server.log.unsafe-flush.enabled = false (default)
2024-05-06 09:01:25,009 [fa7233c5-99c6-4a1a-a2f1-81d332223322-groupManagement] INFO  server.RaftServerConfigKeys (ConfUtils.java:logGet(46)) - raft.server.log.async-flush.enabled = false (default)
2024-05-06 09:01:25,009 [fa7233c5-99c6-4a1a-a2f1-81d332223322-groupManagement] INFO  server.RaftServerConfigKeys (ConfUtils.java:logGet(46)) - raft.server.log.statemachine.data.caching.enabled = true (custom)
2024-05-06 09:01:25,009 [fa7233c5-99c6-4a1a-a2f1-81d332223322-groupManagement] INFO  segmented.SegmentedRaftLogWorker (SegmentedRaftLogWorker.java:lambda$new$0(134)) - fa7233c5-99c6-4a1a-a2f1-81d332223322@group-DFBFD2CD5EB9-SegmentedRaftLogWorker: flushIndex: setUnconditionally 0 -> -1
2024-05-06 09:01:25,009 [fa7233c5-99c6-4a1a-a2f1-81d332223322-groupManagement] INFO  segmented.SegmentedRaftLogWorker (SegmentedRaftLogWorker.java:lambda$new$0(134)) - fa7233c5-99c6-4a1a-a2f1-81d332223322@group-DFBFD2CD5EB9-SegmentedRaftLogWorker: safeCacheEvictIndex: setUnconditionally 0 -> -1
2024-05-06 09:01:25,009 [fa7233c5-99c6-4a1a-a2f1-81d332223322-groupManagement] INFO  server.RaftServer$Division (RaftServerImpl.java:start(396)) - fa7233c5-99c6-4a1a-a2f1-81d332223322@group-DFBFD2CD5EB9: start as a follower, conf=-1: peers:[0e9e7d01-6cef-4822-a23d-4188eb8fb4d0|127.0.0.1:15085, fa7233c5-99c6-4a1a-a2f1-81d332223322|127.0.0.1:15103, 2bd728a8-2257-45fc-a304-d79856c752fc|127.0.0.1:15094]|listeners:[], old=null
2024-05-06 09:01:25,009 [fa7233c5-99c6-4a1a-a2f1-81d332223322-groupManagement] INFO  server.RaftServer$Division (RaftServerImpl.java:setRole(383)) - fa7233c5-99c6-4a1a-a2f1-81d332223322@group-DFBFD2CD5EB9: changes role from      null to FOLLOWER at term 0 for startAsFollower
2024-05-06 09:01:25,009 [fa7233c5-99c6-4a1a-a2f1-81d332223322-groupManagement] INFO  impl.RoleInfo (RoleInfo.java:updateAndGet(139)) - fa7233c5-99c6-4a1a-a2f1-81d332223322: start fa7233c5-99c6-4a1a-a2f1-81d332223322@group-DFBFD2CD5EB9-FollowerState
2024-05-06 09:01:25,010 [fa7233c5-99c6-4a1a-a2f1-81d332223322-groupManagement] INFO  util.JmxRegister (JmxRegister.java:tryRegister(44)) - Successfully registered JMX Bean with object name Ratis:service=RaftServer,group=group-DFBFD2CD5EB9,id=fa7233c5-99c6-4a1a-a2f1-81d332223322
2024-05-06 09:01:25,010 [fa7233c5-99c6-4a1a-a2f1-81d332223322@group-DFBFD2CD5EB9-FollowerState] INFO  server.RaftServerConfigKeys (ConfUtils.java:logFallback(53)) - raft.server.rpc.first-election.timeout.min = 5s (fallback to raft.server.rpc.timeout.min)
2024-05-06 09:01:25,010 [fa7233c5-99c6-4a1a-a2f1-81d332223322-groupManagement] INFO  server.RaftServerConfigKeys (ConfUtils.java:logGet(46)) - raft.server.snapshot.trigger-when-stop.enabled = true (default)
2024-05-06 09:01:25,010 [fa7233c5-99c6-4a1a-a2f1-81d332223322@group-DFBFD2CD5EB9-FollowerState] INFO  server.RaftServerConfigKeys (ConfUtils.java:logFallback(53)) - raft.server.rpc.first-election.timeout.max = 5200ms (fallback to raft.server.rpc.timeout.max)
2024-05-06 09:01:25,010 [fa7233c5-99c6-4a1a-a2f1-81d332223322-groupManagement] INFO  server.RaftServerConfigKeys (ConfUtils.java:logGet(46)) - raft.server.snapshot.auto.trigger.enabled = true (custom)
2024-05-06 09:01:25,010 [fa7233c5-99c6-4a1a-a2f1-81d332223322-groupManagement] INFO  server.RaftServerConfigKeys (ConfUtils.java:logGet(46)) - raft.server.snapshot.auto.trigger.threshold = 10000 (custom)
2024-05-06 09:01:25,010 [fa7233c5-99c6-4a1a-a2f1-81d332223322-groupManagement] INFO  server.RaftServerConfigKeys (ConfUtils.java:logGet(46)) - raft.server.snapshot.retention.file.num = 5 (custom)
2024-05-06 09:01:25,010 [fa7233c5-99c6-4a1a-a2f1-81d332223322-groupManagement] INFO  server.RaftServerConfigKeys (ConfUtils.java:logGet(46)) - raft.server.log.purge.upto.snapshot.index = false (default)
2024-05-06 09:01:25,017 [grpc-default-executor-9] INFO  server.RaftServer (RaftServerProxy.java:addNew(100)) - 0e9e7d01-6cef-4822-a23d-4188eb8fb4d0: addNew group-DFBFD2CD5EB9:[0e9e7d01-6cef-4822-a23d-4188eb8fb4d0|127.0.0.1:15085, fa7233c5-99c6-4a1a-a2f1-81d332223322|127.0.0.1:15103, 2bd728a8-2257-45fc-a304-d79856c752fc|127.0.0.1:15094] returns group-DFBFD2CD5EB9:java.util.concurrent.CompletableFuture@3261fe34[Not completed]
2024-05-06 09:01:25,018 [0e9e7d01-6cef-4822-a23d-4188eb8fb4d0-groupManagement] INFO  server.RaftServer$Division (RaftServerImpl.java:<init>(256)) - 0e9e7d01-6cef-4822-a23d-4188eb8fb4d0: new RaftServerImpl for group-DFBFD2CD5EB9:[0e9e7d01-6cef-4822-a23d-4188eb8fb4d0|127.0.0.1:15085, fa7233c5-99c6-4a1a-a2f1-81d332223322|127.0.0.1:15103, 2bd728a8-2257-45fc-a304-d79856c752fc|127.0.0.1:15094] with ContainerStateMachine:uninitialized
2024-05-06 09:01:25,018 [0e9e7d01-6cef-4822-a23d-4188eb8fb4d0-groupManagement] INFO  server.RaftServerConfigKeys (ConfUtils.java:logGet(46)) - raft.server.rpc.timeout.min = 5s (custom)
2024-05-06 09:01:25,018 [0e9e7d01-6cef-4822-a23d-4188eb8fb4d0-groupManagement] INFO  server.RaftServerConfigKeys (ConfUtils.java:logGet(46)) - raft.server.rpc.timeout.max = 5200ms (custom)
2024-05-06 09:01:25,018 [0e9e7d01-6cef-4822-a23d-4188eb8fb4d0-groupManagement] INFO  server.RaftServerConfigKeys (ConfUtils.java:logGet(46)) - raft.server.rpc.sleep.time = 25ms (default)
2024-05-06 09:01:25,018 [0e9e7d01-6cef-4822-a23d-4188eb8fb4d0-groupManagement] INFO  server.RaftServerConfigKeys (ConfUtils.java:logGet(46)) - raft.server.rpc.slowness.timeout = 300000ms (custom)
2024-05-06 09:01:25,018 [0e9e7d01-6cef-4822-a23d-4188eb8fb4d0-groupManagement] INFO  server.RaftServerConfigKeys (ConfUtils.java:logGet(46)) - raft.server.leaderelection.leader.step-down.wait-time = 10s (default)
2024-05-06 09:01:25,018 [0e9e7d01-6cef-4822-a23d-4188eb8fb4d0-groupManagement] INFO  server.RaftServerConfigKeys (ConfUtils.java:logGet(46)) - raft.server.leaderelection.member.majority-add = false (default)
2024-05-06 09:01:25,018 [0e9e7d01-6cef-4822-a23d-4188eb8fb4d0-groupManagement] INFO  server.RaftServerConfigKeys (ConfUtils.java:logGet(46)) - raft.server.sleep.deviation.threshold = 300ms (default)
2024-05-06 09:01:25,018 [0e9e7d01-6cef-4822-a23d-4188eb8fb4d0-groupManagement] INFO  server.RaftServer$Division (ServerState.java:<init>(113)) - 0e9e7d01-6cef-4822-a23d-4188eb8fb4d0@group-DFBFD2CD5EB9: ConfigurationManager, init=-1: peers:[0e9e7d01-6cef-4822-a23d-4188eb8fb4d0|127.0.0.1:15085, fa7233c5-99c6-4a1a-a2f1-81d332223322|127.0.0.1:15103, 2bd728a8-2257-45fc-a304-d79856c752fc|127.0.0.1:15094]|listeners:[], old=null, confs=<EMPTY_MAP>
2024-05-06 09:01:25,018 [0e9e7d01-6cef-4822-a23d-4188eb8fb4d0-groupManagement] INFO  server.RaftServerConfigKeys (ConfUtils.java:logGet(46)) - raft.server.notification.no-leader.timeout = 300000ms (custom)
2024-05-06 09:01:25,018 [0e9e7d01-6cef-4822-a23d-4188eb8fb4d0-groupManagement] INFO  server.RaftServerConfigKeys (ConfUtils.java:logGet(46)) - raft.server.read.timeout = 10s (default)
2024-05-06 09:01:25,018 [0e9e7d01-6cef-4822-a23d-4188eb8fb4d0-groupManagement] INFO  server.RaftServerConfigKeys (ConfUtils.java:logGet(46)) - raft.server.retrycache.expirytime = 600000ms (custom)
2024-05-06 09:01:25,018 [0e9e7d01-6cef-4822-a23d-4188eb8fb4d0-groupManagement] INFO  server.RaftServerConfigKeys (ConfUtils.java:logGet(46)) - raft.server.retrycache.statistics.expirytime = 100ms (default)
2024-05-06 09:01:25,018 [0e9e7d01-6cef-4822-a23d-4188eb8fb4d0-groupManagement] INFO  server.RaftServerConfigKeys (ConfUtils.java:logGet(46)) - raft.server.read.option = DEFAULT (default)
2024-05-06 09:01:25,018 [0e9e7d01-6cef-4822-a23d-4188eb8fb4d0-groupManagement] INFO  server.RaftServerConfigKeys (ConfUtils.java:logGet(46)) - raft.server.read.read-after-write-consistent.write-index-cache.expiry-time = 60s (default)
2024-05-06 09:01:25,020 [0e9e7d01-6cef-4822-a23d-4188eb8fb4d0-groupManagement] INFO  server.RaftServerConfigKeys (ConfUtils.java:logGet(46)) - raft.server.rpc.request.timeout = 3000ms (default)
2024-05-06 09:01:25,020 [0e9e7d01-6cef-4822-a23d-4188eb8fb4d0-groupManagement] INFO  server.RaftServerConfigKeys (ConfUtils.java:logGet(46)) - raft.server.log.appender.install.snapshot.enabled = false (custom)
2024-05-06 09:01:25,020 [0e9e7d01-6cef-4822-a23d-4188eb8fb4d0-groupManagement] INFO  server.RaftServerConfigKeys (ConfUtils.java:logGet(46)) - raft.server.threadpool.server.cached = true (default)
2024-05-06 09:01:25,020 [0e9e7d01-6cef-4822-a23d-4188eb8fb4d0-groupManagement] INFO  server.RaftServerConfigKeys (ConfUtils.java:logGet(46)) - raft.server.threadpool.server.size = 0 (default)
2024-05-06 09:01:25,020 [0e9e7d01-6cef-4822-a23d-4188eb8fb4d0-groupManagement] INFO  server.RaftServerConfigKeys (ConfUtils.java:logGet(46)) - raft.server.threadpool.client.cached = true (default)
2024-05-06 09:01:25,020 [0e9e7d01-6cef-4822-a23d-4188eb8fb4d0-groupManagement] INFO  server.RaftServerConfigKeys (ConfUtils.java:logGet(46)) - raft.server.threadpool.client.size = 0 (default)
2024-05-06 09:01:25,020 [0e9e7d01-6cef-4822-a23d-4188eb8fb4d0-groupManagement] INFO  server.RaftServerConfigKeys (ConfUtils.java:logGet(46)) - raft.server.storage.free-space.min = 0MB (=0) (default)
2024-05-06 09:01:25,020 [0e9e7d01-6cef-4822-a23d-4188eb8fb4d0-groupManagement] INFO  server.RaftServerConfigKeys (ConfUtils.java:logGet(46)) - raft.server.log.corruption.policy = EXCEPTION (default)
2024-05-06 09:01:25,020 [0e9e7d01-6cef-4822-a23d-4188eb8fb4d0-groupManagement] INFO  server.RaftServerConfigKeys (ConfUtils.java:logGet(46)) - raft.server.storage.dir = [/home/runner/work/ozone/ozone/hadoop-ozone/integration-test/target/test-dir/MiniOzoneClusterImpl-f8a20603-669c-41d5-94ea-e080bd68b2ef/ozone-meta/datanode-3/ratis] (custom)
2024-05-06 09:01:25,020 [0e9e7d01-6cef-4822-a23d-4188eb8fb4d0-groupManagement] INFO  storage.RaftStorageDirectory (RaftStorageDirectoryImpl.java:analyzeStorage(138)) - The storage directory /home/runner/work/ozone/ozone/hadoop-ozone/integration-test/target/test-dir/MiniOzoneClusterImpl-f8a20603-669c-41d5-94ea-e080bd68b2ef/ozone-meta/datanode-3/ratis/d0d47bde-0ccd-412d-ba0a-dfbfd2cd5eb9 does not exist. Creating ...
2024-05-06 09:01:25,021 [0e9e7d01-6cef-4822-a23d-4188eb8fb4d0-groupManagement] INFO  storage.RaftStorageDirectory (RaftStorageDirectoryImpl.java:tryLock(228)) - Lock on /home/runner/work/ozone/ozone/hadoop-ozone/integration-test/target/test-dir/MiniOzoneClusterImpl-f8a20603-669c-41d5-94ea-e080bd68b2ef/ozone-meta/datanode-3/ratis/d0d47bde-0ccd-412d-ba0a-dfbfd2cd5eb9/in_use.lock acquired by nodename 54013@fv-az699-623
2024-05-06 09:01:25,022 [grpc-default-executor-9] INFO  server.RaftServer (RaftServerProxy.java:addNew(100)) - fa7233c5-99c6-4a1a-a2f1-81d332223322: addNew group-572E3B93379D:[0e9e7d01-6cef-4822-a23d-4188eb8fb4d0|127.0.0.1:15085, fa7233c5-99c6-4a1a-a2f1-81d332223322|127.0.0.1:15103, 90b7064f-8397-4c9e-a509-54ea80c9149b|127.0.0.1:15067] returns group-572E3B93379D:java.util.concurrent.CompletableFuture@41f5a8e3[Not completed]
2024-05-06 09:01:25,023 [fa7233c5-99c6-4a1a-a2f1-81d332223322-groupManagement] INFO  server.RaftServer$Division (RaftServerImpl.java:<init>(256)) - fa7233c5-99c6-4a1a-a2f1-81d332223322: new RaftServerImpl for group-572E3B93379D:[0e9e7d01-6cef-4822-a23d-4188eb8fb4d0|127.0.0.1:15085, fa7233c5-99c6-4a1a-a2f1-81d332223322|127.0.0.1:15103, 90b7064f-8397-4c9e-a509-54ea80c9149b|127.0.0.1:15067] with ContainerStateMachine:uninitialized
2024-05-06 09:01:25,023 [fa7233c5-99c6-4a1a-a2f1-81d332223322-groupManagement] INFO  server.RaftServerConfigKeys (ConfUtils.java:logGet(46)) - raft.server.rpc.timeout.min = 5s (custom)
2024-05-06 09:01:25,023 [fa7233c5-99c6-4a1a-a2f1-81d332223322-groupManagement] INFO  server.RaftServerConfigKeys (ConfUtils.java:logGet(46)) - raft.server.rpc.timeout.max = 5200ms (custom)
2024-05-06 09:01:25,023 [fa7233c5-99c6-4a1a-a2f1-81d332223322-groupManagement] INFO  server.RaftServerConfigKeys (ConfUtils.java:logGet(46)) - raft.server.rpc.sleep.time = 25ms (default)
2024-05-06 09:01:25,023 [fa7233c5-99c6-4a1a-a2f1-81d332223322-groupManagement] INFO  server.RaftServerConfigKeys (ConfUtils.java:logGet(46)) - raft.server.rpc.slowness.timeout = 300000ms (custom)
2024-05-06 09:01:25,023 [fa7233c5-99c6-4a1a-a2f1-81d332223322-groupManagement] INFO  server.RaftServerConfigKeys (ConfUtils.java:logGet(46)) - raft.server.leaderelection.leader.step-down.wait-time = 10s (default)
2024-05-06 09:01:25,023 [fa7233c5-99c6-4a1a-a2f1-81d332223322-groupManagement] INFO  server.RaftServerConfigKeys (ConfUtils.java:logGet(46)) - raft.server.leaderelection.member.majority-add = false (default)
2024-05-06 09:01:25,023 [fa7233c5-99c6-4a1a-a2f1-81d332223322-groupManagement] INFO  server.RaftServerConfigKeys (ConfUtils.java:logGet(46)) - raft.server.sleep.deviation.threshold = 300ms (default)
2024-05-06 09:01:25,023 [fa7233c5-99c6-4a1a-a2f1-81d332223322-groupManagement] INFO  server.RaftServer$Division (ServerState.java:<init>(113)) - fa7233c5-99c6-4a1a-a2f1-81d332223322@group-572E3B93379D: ConfigurationManager, init=-1: peers:[0e9e7d01-6cef-4822-a23d-4188eb8fb4d0|127.0.0.1:15085, fa7233c5-99c6-4a1a-a2f1-81d332223322|127.0.0.1:15103, 90b7064f-8397-4c9e-a509-54ea80c9149b|127.0.0.1:15067]|listeners:[], old=null, confs=<EMPTY_MAP>
2024-05-06 09:01:25,023 [fa7233c5-99c6-4a1a-a2f1-81d332223322-groupManagement] INFO  server.RaftServerConfigKeys (ConfUtils.java:logGet(46)) - raft.server.notification.no-leader.timeout = 300000ms (custom)
2024-05-06 09:01:25,023 [fa7233c5-99c6-4a1a-a2f1-81d332223322-groupManagement] INFO  server.RaftServerConfigKeys (ConfUtils.java:logGet(46)) - raft.server.read.timeout = 10s (default)
2024-05-06 09:01:25,023 [fa7233c5-99c6-4a1a-a2f1-81d332223322-groupManagement] INFO  server.RaftServerConfigKeys (ConfUtils.java:logGet(46)) - raft.server.retrycache.expirytime = 600000ms (custom)
2024-05-06 09:01:25,023 [fa7233c5-99c6-4a1a-a2f1-81d332223322-groupManagement] INFO  server.RaftServerConfigKeys (ConfUtils.java:logGet(46)) - raft.server.retrycache.statistics.expirytime = 100ms (default)
2024-05-06 09:01:25,023 [fa7233c5-99c6-4a1a-a2f1-81d332223322-groupManagement] INFO  server.RaftServerConfigKeys (ConfUtils.java:logGet(46)) - raft.server.read.option = DEFAULT (default)
2024-05-06 09:01:25,023 [fa7233c5-99c6-4a1a-a2f1-81d332223322-groupManagement] INFO  server.RaftServerConfigKeys (ConfUtils.java:logGet(46)) - raft.server.read.read-after-write-consistent.write-index-cache.expiry-time = 60s (default)
2024-05-06 09:01:25,025 [fa7233c5-99c6-4a1a-a2f1-81d332223322-groupManagement] INFO  server.RaftServerConfigKeys (ConfUtils.java:logGet(46)) - raft.server.rpc.request.timeout = 3000ms (default)
2024-05-06 09:01:25,025 [fa7233c5-99c6-4a1a-a2f1-81d332223322-groupManagement] INFO  server.RaftServerConfigKeys (ConfUtils.java:logGet(46)) - raft.server.log.appender.install.snapshot.enabled = false (custom)
2024-05-06 09:01:25,025 [fa7233c5-99c6-4a1a-a2f1-81d332223322-groupManagement] INFO  server.RaftServerConfigKeys (ConfUtils.java:logGet(46)) - raft.server.threadpool.server.cached = true (default)
2024-05-06 09:01:25,025 [fa7233c5-99c6-4a1a-a2f1-81d332223322-groupManagement] INFO  server.RaftServerConfigKeys (ConfUtils.java:logGet(46)) - raft.server.threadpool.server.size = 0 (default)
2024-05-06 09:01:25,025 [fa7233c5-99c6-4a1a-a2f1-81d332223322-groupManagement] INFO  server.RaftServerConfigKeys (ConfUtils.java:logGet(46)) - raft.server.threadpool.client.cached = true (default)
2024-05-06 09:01:25,025 [fa7233c5-99c6-4a1a-a2f1-81d332223322-groupManagement] INFO  server.RaftServerConfigKeys (ConfUtils.java:logGet(46)) - raft.server.threadpool.client.size = 0 (default)
2024-05-06 09:01:25,025 [fa7233c5-99c6-4a1a-a2f1-81d332223322-groupManagement] INFO  server.RaftServerConfigKeys (ConfUtils.java:logGet(46)) - raft.server.storage.free-space.min = 0MB (=0) (default)
2024-05-06 09:01:25,025 [fa7233c5-99c6-4a1a-a2f1-81d332223322-groupManagement] INFO  server.RaftServerConfigKeys (ConfUtils.java:logGet(46)) - raft.server.log.corruption.policy = EXCEPTION (default)
2024-05-06 09:01:25,025 [fa7233c5-99c6-4a1a-a2f1-81d332223322-groupManagement] INFO  server.RaftServerConfigKeys (ConfUtils.java:logGet(46)) - raft.server.storage.dir = [/home/runner/work/ozone/ozone/hadoop-ozone/integration-test/target/test-dir/MiniOzoneClusterImpl-f8a20603-669c-41d5-94ea-e080bd68b2ef/ozone-meta/datanode-5/ratis] (custom)
2024-05-06 09:01:25,026 [fa7233c5-99c6-4a1a-a2f1-81d332223322-groupManagement] INFO  storage.RaftStorageDirectory (RaftStorageDirectoryImpl.java:analyzeStorage(138)) - The storage directory /home/runner/work/ozone/ozone/hadoop-ozone/integration-test/target/test-dir/MiniOzoneClusterImpl-f8a20603-669c-41d5-94ea-e080bd68b2ef/ozone-meta/datanode-5/ratis/209a26b5-cef4-449e-ba4b-572e3b93379d does not exist. Creating ...
2024-05-06 09:01:25,026 [0e9e7d01-6cef-4822-a23d-4188eb8fb4d0-groupManagement] INFO  storage.RaftStorage (RaftStorageImpl.java:format(99)) - Storage directory /home/runner/work/ozone/ozone/hadoop-ozone/integration-test/target/test-dir/MiniOzoneClusterImpl-f8a20603-669c-41d5-94ea-e080bd68b2ef/ozone-meta/datanode-3/ratis/d0d47bde-0ccd-412d-ba0a-dfbfd2cd5eb9 has been successfully formatted.
2024-05-06 09:01:25,026 [0e9e7d01-6cef-4822-a23d-4188eb8fb4d0-groupManagement] WARN  util.FileUtils (LogUtils.java:supplyAndLog(63)) - Failed to Files.newInputStream /home/runner/work/ozone/ozone/hadoop-ozone/integration-test/target/test-dir/MiniOzoneClusterImpl-f8a20603-669c-41d5-94ea-e080bd68b2ef/ozone-meta/datanode-3/ratis/d0d47bde-0ccd-412d-ba0a-dfbfd2cd5eb9/current/raft-meta.conf with options []: java.nio.file.NoSuchFileException: /home/runner/work/ozone/ozone/hadoop-ozone/integration-test/target/test-dir/MiniOzoneClusterImpl-f8a20603-669c-41d5-94ea-e080bd68b2ef/ozone-meta/datanode-3/ratis/d0d47bde-0ccd-412d-ba0a-dfbfd2cd5eb9/current/raft-meta.conf
2024-05-06 09:01:25,027 [fa7233c5-99c6-4a1a-a2f1-81d332223322-groupManagement] INFO  storage.RaftStorageDirectory (RaftStorageDirectoryImpl.java:tryLock(228)) - Lock on /home/runner/work/ozone/ozone/hadoop-ozone/integration-test/target/test-dir/MiniOzoneClusterImpl-f8a20603-669c-41d5-94ea-e080bd68b2ef/ozone-meta/datanode-5/ratis/209a26b5-cef4-449e-ba4b-572e3b93379d/in_use.lock acquired by nodename 54013@fv-az699-623
2024-05-06 09:01:25,027 [0e9e7d01-6cef-4822-a23d-4188eb8fb4d0-groupManagement] INFO  ratis.ContainerStateMachine (ContainerStateMachine.java:loadSnapshot(287)) - group-DFBFD2CD5EB9: The snapshot info is null. Setting the last applied index to:(t:0, i:~)
2024-05-06 09:01:25,027 [0e9e7d01-6cef-4822-a23d-4188eb8fb4d0-groupManagement] INFO  server.RaftServerConfigKeys (ConfUtils.java:logGet(46)) - raft.server.log.use.memory = false (default)
2024-05-06 09:01:25,027 [0e9e7d01-6cef-4822-a23d-4188eb8fb4d0-groupManagement] INFO  server.RaftServerConfigKeys (ConfUtils.java:logGet(46)) - raft.server.log.purge.gap = 1000000 (custom)
2024-05-06 09:01:25,028 [0e9e7d01-6cef-4822-a23d-4188eb8fb4d0-groupManagement] INFO  server.RaftServerConfigKeys (ConfUtils.java:logGet(46)) - raft.server.log.appender.buffer.byte-limit = 8388608 (custom)
2024-05-06 09:01:25,028 [0e9e7d01-6cef-4822-a23d-4188eb8fb4d0-groupManagement] INFO  server.RaftServerConfigKeys (ConfUtils.java:logGet(46)) - raft.server.log.statemachine.data.read.timeout = 1000ms (default)
2024-05-06 09:01:25,028 [0e9e7d01-6cef-4822-a23d-4188eb8fb4d0-groupManagement] INFO  server.RaftServerConfigKeys (ConfUtils.java:logGet(46)) - raft.server.log.purge.preservation.log.num = 0 (default)
2024-05-06 09:01:25,029 [0e9e7d01-6cef-4822-a23d-4188eb8fb4d0-groupManagement] INFO  server.RaftServerConfigKeys (ConfUtils.java:logGet(46)) - raft.server.log.segment.size.max = 67108864 (custom)
2024-05-06 09:01:25,029 [0e9e7d01-6cef-4822-a23d-4188eb8fb4d0-groupManagement] INFO  server.RaftServerConfigKeys (ConfUtils.java:logGet(46)) - raft.server.log.segment.cache.num.max = 2 (custom)
2024-05-06 09:01:25,029 [0e9e7d01-6cef-4822-a23d-4188eb8fb4d0-groupManagement] INFO  server.RaftServerConfigKeys (ConfUtils.java:logGet(46)) - raft.server.log.segment.cache.size.max = 200MB (=209715200) (default)
2024-05-06 09:01:25,029 [0e9e7d01-6cef-4822-a23d-4188eb8fb4d0-groupManagement] INFO  server.RaftServerConfigKeys (ConfUtils.java:logGet(46)) - raft.server.log.appender.buffer.byte-limit = 8388608 (custom)
2024-05-06 09:01:25,029 [fa7233c5-99c6-4a1a-a2f1-81d332223322-groupManagement] INFO  storage.RaftStorage (RaftStorageImpl.java:format(99)) - Storage directory /home/runner/work/ozone/ozone/hadoop-ozone/integration-test/target/test-dir/MiniOzoneClusterImpl-f8a20603-669c-41d5-94ea-e080bd68b2ef/ozone-meta/datanode-5/ratis/209a26b5-cef4-449e-ba4b-572e3b93379d has been successfully formatted.
2024-05-06 09:01:25,029 [fa7233c5-99c6-4a1a-a2f1-81d332223322-groupManagement] WARN  util.FileUtils (LogUtils.java:supplyAndLog(63)) - Failed to Files.newInputStream /home/runner/work/ozone/ozone/hadoop-ozone/integration-test/target/test-dir/MiniOzoneClusterImpl-f8a20603-669c-41d5-94ea-e080bd68b2ef/ozone-meta/datanode-5/ratis/209a26b5-cef4-449e-ba4b-572e3b93379d/current/raft-meta.conf with options []: java.nio.file.NoSuchFileException: /home/runner/work/ozone/ozone/hadoop-ozone/integration-test/target/test-dir/MiniOzoneClusterImpl-f8a20603-669c-41d5-94ea-e080bd68b2ef/ozone-meta/datanode-5/ratis/209a26b5-cef4-449e-ba4b-572e3b93379d/current/raft-meta.conf
2024-05-06 09:01:25,029 [fa7233c5-99c6-4a1a-a2f1-81d332223322-groupManagement] INFO  ratis.ContainerStateMachine (ContainerStateMachine.java:loadSnapshot(287)) - group-572E3B93379D: The snapshot info is null. Setting the last applied index to:(t:0, i:~)
2024-05-06 09:01:25,030 [fa7233c5-99c6-4a1a-a2f1-81d332223322-groupManagement] INFO  server.RaftServerConfigKeys (ConfUtils.java:logGet(46)) - raft.server.log.use.memory = false (default)
2024-05-06 09:01:25,030 [fa7233c5-99c6-4a1a-a2f1-81d332223322-groupManagement] INFO  server.RaftServerConfigKeys (ConfUtils.java:logGet(46)) - raft.server.log.purge.gap = 1000000 (custom)
2024-05-06 09:01:25,030 [fa7233c5-99c6-4a1a-a2f1-81d332223322-groupManagement] INFO  server.RaftServerConfigKeys (ConfUtils.java:logGet(46)) - raft.server.log.appender.buffer.byte-limit = 8388608 (custom)
2024-05-06 09:01:25,030 [fa7233c5-99c6-4a1a-a2f1-81d332223322-groupManagement] INFO  server.RaftServerConfigKeys (ConfUtils.java:logGet(46)) - raft.server.log.statemachine.data.read.timeout = 1000ms (default)
2024-05-06 09:01:25,030 [fa7233c5-99c6-4a1a-a2f1-81d332223322-groupManagement] INFO  server.RaftServerConfigKeys (ConfUtils.java:logGet(46)) - raft.server.log.purge.preservation.log.num = 0 (default)
2024-05-06 09:01:25,031 [fa7233c5-99c6-4a1a-a2f1-81d332223322-groupManagement] INFO  server.RaftServerConfigKeys (ConfUtils.java:logGet(46)) - raft.server.log.segment.size.max = 67108864 (custom)
2024-05-06 09:01:25,032 [fa7233c5-99c6-4a1a-a2f1-81d332223322-groupManagement] INFO  server.RaftServerConfigKeys (ConfUtils.java:logGet(46)) - raft.server.log.segment.cache.num.max = 2 (custom)
2024-05-06 09:01:25,032 [fa7233c5-99c6-4a1a-a2f1-81d332223322-groupManagement] INFO  server.RaftServerConfigKeys (ConfUtils.java:logGet(46)) - raft.server.log.segment.cache.size.max = 200MB (=209715200) (default)
2024-05-06 09:01:25,032 [fa7233c5-99c6-4a1a-a2f1-81d332223322-groupManagement] INFO  server.RaftServerConfigKeys (ConfUtils.java:logGet(46)) - raft.server.log.appender.buffer.byte-limit = 8388608 (custom)
2024-05-06 09:01:25,032 [0e9e7d01-6cef-4822-a23d-4188eb8fb4d0-groupManagement] INFO  util.AwaitToRun (AwaitToRun.java:start(81)) - Thread[0e9e7d01-6cef-4822-a23d-4188eb8fb4d0@group-DFBFD2CD5EB9-cacheEviction-AwaitToRun,5,main] started
2024-05-06 09:01:25,032 [0e9e7d01-6cef-4822-a23d-4188eb8fb4d0-groupManagement] INFO  segmented.SegmentedRaftLogWorker (SegmentedRaftLogWorker.java:<init>(182)) - new 0e9e7d01-6cef-4822-a23d-4188eb8fb4d0@group-DFBFD2CD5EB9-SegmentedRaftLogWorker for RaftStorageImpl:Storage Directory /home/runner/work/ozone/ozone/hadoop-ozone/integration-test/target/test-dir/MiniOzoneClusterImpl-f8a20603-669c-41d5-94ea-e080bd68b2ef/ozone-meta/datanode-3/ratis/d0d47bde-0ccd-412d-ba0a-dfbfd2cd5eb9
2024-05-06 09:01:25,032 [0e9e7d01-6cef-4822-a23d-4188eb8fb4d0-groupManagement] INFO  server.RaftServerConfigKeys (ConfUtils.java:logGet(46)) - raft.server.log.queue.byte-limit = 4294967296 (custom)
2024-05-06 09:01:25,032 [0e9e7d01-6cef-4822-a23d-4188eb8fb4d0-groupManagement] INFO  server.RaftServerConfigKeys (ConfUtils.java:logGet(46)) - raft.server.log.queue.element-limit = 1024 (custom)
2024-05-06 09:01:25,032 [0e9e7d01-6cef-4822-a23d-4188eb8fb4d0-groupManagement] INFO  server.RaftServerConfigKeys (ConfUtils.java:logGet(46)) - raft.server.log.segment.size.max = 67108864 (custom)
2024-05-06 09:01:25,032 [0e9e7d01-6cef-4822-a23d-4188eb8fb4d0-groupManagement] INFO  server.RaftServerConfigKeys (ConfUtils.java:logGet(46)) - raft.server.log.preallocated.size = 4194304 (custom)
2024-05-06 09:01:25,032 [0e9e7d01-6cef-4822-a23d-4188eb8fb4d0-groupManagement] INFO  server.RaftServerConfigKeys (ConfUtils.java:logGet(46)) - raft.server.log.force.sync.num = 128 (default)
2024-05-06 09:01:25,032 [0e9e7d01-6cef-4822-a23d-4188eb8fb4d0-groupManagement] INFO  server.RaftServerConfigKeys (ConfUtils.java:logGet(46)) - raft.server.log.statemachine.data.sync = true (default)
2024-05-06 09:01:25,032 [0e9e7d01-6cef-4822-a23d-4188eb8fb4d0-groupManagement] INFO  server.RaftServerConfigKeys (ConfUtils.java:logGet(46)) - raft.server.log.statemachine.data.sync.timeout = 10s (default)
2024-05-06 09:01:25,032 [0e9e7d01-6cef-4822-a23d-4188eb8fb4d0-groupManagement] INFO  server.RaftServerConfigKeys (ConfUtils.java:logGet(46)) - raft.server.log.statemachine.data.sync.timeout.retry = 30 (custom)
2024-05-06 09:01:25,032 [0e9e7d01-6cef-4822-a23d-4188eb8fb4d0-groupManagement] INFO  server.RaftServerConfigKeys (ConfUtils.java:logGet(46)) - raft.server.log.write.buffer.size = 8388616 (custom)
2024-05-06 09:01:25,034 [0e9e7d01-6cef-4822-a23d-4188eb8fb4d0-groupManagement] INFO  server.RaftServerConfigKeys (ConfUtils.java:logGet(46)) - raft.server.log.appender.buffer.byte-limit = 8388608 (custom)
2024-05-06 09:01:25,034 [0e9e7d01-6cef-4822-a23d-4188eb8fb4d0-groupManagement] INFO  server.RaftServerConfigKeys (ConfUtils.java:logGet(46)) - raft.server.log.unsafe-flush.enabled = false (default)
2024-05-06 09:01:25,034 [0e9e7d01-6cef-4822-a23d-4188eb8fb4d0-groupManagement] INFO  server.RaftServerConfigKeys (ConfUtils.java:logGet(46)) - raft.server.log.async-flush.enabled = false (default)
2024-05-06 09:01:25,034 [0e9e7d01-6cef-4822-a23d-4188eb8fb4d0-groupManagement] INFO  server.RaftServerConfigKeys (ConfUtils.java:logGet(46)) - raft.server.log.statemachine.data.caching.enabled = true (custom)
2024-05-06 09:01:25,034 [0e9e7d01-6cef-4822-a23d-4188eb8fb4d0-groupManagement] INFO  segmented.SegmentedRaftLogWorker (SegmentedRaftLogWorker.java:lambda$new$0(134)) - 0e9e7d01-6cef-4822-a23d-4188eb8fb4d0@group-DFBFD2CD5EB9-SegmentedRaftLogWorker: flushIndex: setUnconditionally 0 -> -1
2024-05-06 09:01:25,034 [0e9e7d01-6cef-4822-a23d-4188eb8fb4d0-groupManagement] INFO  segmented.SegmentedRaftLogWorker (SegmentedRaftLogWorker.java:lambda$new$0(134)) - 0e9e7d01-6cef-4822-a23d-4188eb8fb4d0@group-DFBFD2CD5EB9-SegmentedRaftLogWorker: safeCacheEvictIndex: setUnconditionally 0 -> -1
2024-05-06 09:01:25,035 [fa7233c5-99c6-4a1a-a2f1-81d332223322-groupManagement] INFO  util.AwaitToRun (AwaitToRun.java:start(81)) - Thread[fa7233c5-99c6-4a1a-a2f1-81d332223322@group-572E3B93379D-cacheEviction-AwaitToRun,5,main] started
2024-05-06 09:01:25,035 [fa7233c5-99c6-4a1a-a2f1-81d332223322-groupManagement] INFO  segmented.SegmentedRaftLogWorker (SegmentedRaftLogWorker.java:<init>(182)) - new fa7233c5-99c6-4a1a-a2f1-81d332223322@group-572E3B93379D-SegmentedRaftLogWorker for RaftStorageImpl:Storage Directory /home/runner/work/ozone/ozone/hadoop-ozone/integration-test/target/test-dir/MiniOzoneClusterImpl-f8a20603-669c-41d5-94ea-e080bd68b2ef/ozone-meta/datanode-5/ratis/209a26b5-cef4-449e-ba4b-572e3b93379d
2024-05-06 09:01:25,035 [fa7233c5-99c6-4a1a-a2f1-81d332223322-groupManagement] INFO  server.RaftServerConfigKeys (ConfUtils.java:logGet(46)) - raft.server.log.queue.byte-limit = 4294967296 (custom)
2024-05-06 09:01:25,035 [fa7233c5-99c6-4a1a-a2f1-81d332223322-groupManagement] INFO  server.RaftServerConfigKeys (ConfUtils.java:logGet(46)) - raft.server.log.queue.element-limit = 1024 (custom)
2024-05-06 09:01:25,035 [fa7233c5-99c6-4a1a-a2f1-81d332223322-groupManagement] INFO  server.RaftServerConfigKeys (ConfUtils.java:logGet(46)) - raft.server.log.segment.size.max = 67108864 (custom)
2024-05-06 09:01:25,035 [fa7233c5-99c6-4a1a-a2f1-81d332223322-groupManagement] INFO  server.RaftServerConfigKeys (ConfUtils.java:logGet(46)) - raft.server.log.preallocated.size = 4194304 (custom)
2024-05-06 09:01:25,035 [fa7233c5-99c6-4a1a-a2f1-81d332223322-groupManagement] INFO  server.RaftServerConfigKeys (ConfUtils.java:logGet(46)) - raft.server.log.force.sync.num = 128 (default)
2024-05-06 09:01:25,035 [fa7233c5-99c6-4a1a-a2f1-81d332223322-groupManagement] INFO  server.RaftServerConfigKeys (ConfUtils.java:logGet(46)) - raft.server.log.statemachine.data.sync = true (default)
2024-05-06 09:01:25,035 [fa7233c5-99c6-4a1a-a2f1-81d332223322-groupManagement] INFO  server.RaftServerConfigKeys (ConfUtils.java:logGet(46)) - raft.server.log.statemachine.data.sync.timeout = 10s (default)
2024-05-06 09:01:25,035 [fa7233c5-99c6-4a1a-a2f1-81d332223322-groupManagement] INFO  server.RaftServerConfigKeys (ConfUtils.java:logGet(46)) - raft.server.log.statemachine.data.sync.timeout.retry = 30 (custom)
2024-05-06 09:01:25,035 [fa7233c5-99c6-4a1a-a2f1-81d332223322-groupManagement] INFO  server.RaftServerConfigKeys (ConfUtils.java:logGet(46)) - raft.server.log.write.buffer.size = 8388616 (custom)
2024-05-06 09:01:25,037 [fa7233c5-99c6-4a1a-a2f1-81d332223322-groupManagement] INFO  server.RaftServerConfigKeys (ConfUtils.java:logGet(46)) - raft.server.log.appender.buffer.byte-limit = 8388608 (custom)
2024-05-06 09:01:25,037 [fa7233c5-99c6-4a1a-a2f1-81d332223322-groupManagement] INFO  server.RaftServerConfigKeys (ConfUtils.java:logGet(46)) - raft.server.log.unsafe-flush.enabled = false (default)
2024-05-06 09:01:25,037 [fa7233c5-99c6-4a1a-a2f1-81d332223322-groupManagement] INFO  server.RaftServerConfigKeys (ConfUtils.java:logGet(46)) - raft.server.log.async-flush.enabled = false (default)
2024-05-06 09:01:25,037 [fa7233c5-99c6-4a1a-a2f1-81d332223322-groupManagement] INFO  server.RaftServerConfigKeys (ConfUtils.java:logGet(46)) - raft.server.log.statemachine.data.caching.enabled = true (custom)
2024-05-06 09:01:25,037 [fa7233c5-99c6-4a1a-a2f1-81d332223322-groupManagement] INFO  segmented.SegmentedRaftLogWorker (SegmentedRaftLogWorker.java:lambda$new$0(134)) - fa7233c5-99c6-4a1a-a2f1-81d332223322@group-572E3B93379D-SegmentedRaftLogWorker: flushIndex: setUnconditionally 0 -> -1
2024-05-06 09:01:25,037 [fa7233c5-99c6-4a1a-a2f1-81d332223322-groupManagement] INFO  segmented.SegmentedRaftLogWorker (SegmentedRaftLogWorker.java:lambda$new$0(134)) - fa7233c5-99c6-4a1a-a2f1-81d332223322@group-572E3B93379D-SegmentedRaftLogWorker: safeCacheEvictIndex: setUnconditionally 0 -> -1
2024-05-06 09:01:25,037 [fa7233c5-99c6-4a1a-a2f1-81d332223322-groupManagement] INFO  server.RaftServer$Division (RaftServerImpl.java:start(396)) - fa7233c5-99c6-4a1a-a2f1-81d332223322@group-572E3B93379D: start as a follower, conf=-1: peers:[0e9e7d01-6cef-4822-a23d-4188eb8fb4d0|127.0.0.1:15085, fa7233c5-99c6-4a1a-a2f1-81d332223322|127.0.0.1:15103, 90b7064f-8397-4c9e-a509-54ea80c9149b|127.0.0.1:15067]|listeners:[], old=null
2024-05-06 09:01:25,037 [fa7233c5-99c6-4a1a-a2f1-81d332223322-groupManagement] INFO  server.RaftServer$Division (RaftServerImpl.java:setRole(383)) - fa7233c5-99c6-4a1a-a2f1-81d332223322@group-572E3B93379D: changes role from      null to FOLLOWER at term 0 for startAsFollower
2024-05-06 09:01:25,037 [fa7233c5-99c6-4a1a-a2f1-81d332223322-groupManagement] INFO  impl.RoleInfo (RoleInfo.java:updateAndGet(139)) - fa7233c5-99c6-4a1a-a2f1-81d332223322: start fa7233c5-99c6-4a1a-a2f1-81d332223322@group-572E3B93379D-FollowerState
2024-05-06 09:01:25,037 [0e9e7d01-6cef-4822-a23d-4188eb8fb4d0-groupManagement] INFO  server.RaftServer$Division (RaftServerImpl.java:start(396)) - 0e9e7d01-6cef-4822-a23d-4188eb8fb4d0@group-DFBFD2CD5EB9: start as a follower, conf=-1: peers:[0e9e7d01-6cef-4822-a23d-4188eb8fb4d0|127.0.0.1:15085, fa7233c5-99c6-4a1a-a2f1-81d332223322|127.0.0.1:15103, 2bd728a8-2257-45fc-a304-d79856c752fc|127.0.0.1:15094]|listeners:[], old=null
2024-05-06 09:01:25,038 [0e9e7d01-6cef-4822-a23d-4188eb8fb4d0-groupManagement] INFO  server.RaftServer$Division (RaftServerImpl.java:setRole(383)) - 0e9e7d01-6cef-4822-a23d-4188eb8fb4d0@group-DFBFD2CD5EB9: changes role from      null to FOLLOWER at term 0 for startAsFollower
2024-05-06 09:01:25,038 [0e9e7d01-6cef-4822-a23d-4188eb8fb4d0-groupManagement] INFO  impl.RoleInfo (RoleInfo.java:updateAndGet(139)) - 0e9e7d01-6cef-4822-a23d-4188eb8fb4d0: start 0e9e7d01-6cef-4822-a23d-4188eb8fb4d0@group-DFBFD2CD5EB9-FollowerState
2024-05-06 09:01:25,038 [fa7233c5-99c6-4a1a-a2f1-81d332223322@group-572E3B93379D-FollowerState] INFO  server.RaftServerConfigKeys (ConfUtils.java:logFallback(53)) - raft.server.rpc.first-election.timeout.min = 5s (fallback to raft.server.rpc.timeout.min)
2024-05-06 09:01:25,038 [fa7233c5-99c6-4a1a-a2f1-81d332223322@group-572E3B93379D-FollowerState] INFO  server.RaftServerConfigKeys (ConfUtils.java:logFallback(53)) - raft.server.rpc.first-election.timeout.max = 5200ms (fallback to raft.server.rpc.timeout.max)
2024-05-06 09:01:25,038 [fa7233c5-99c6-4a1a-a2f1-81d332223322-groupManagement] INFO  util.JmxRegister (JmxRegister.java:tryRegister(44)) - Successfully registered JMX Bean with object name Ratis:service=RaftServer,group=group-572E3B93379D,id=fa7233c5-99c6-4a1a-a2f1-81d332223322
2024-05-06 09:01:25,038 [fa7233c5-99c6-4a1a-a2f1-81d332223322-groupManagement] INFO  server.RaftServerConfigKeys (ConfUtils.java:logGet(46)) - raft.server.snapshot.trigger-when-stop.enabled = true (default)
2024-05-06 09:01:25,038 [fa7233c5-99c6-4a1a-a2f1-81d332223322-groupManagement] INFO  server.RaftServerConfigKeys (ConfUtils.java:logGet(46)) - raft.server.snapshot.auto.trigger.enabled = true (custom)
2024-05-06 09:01:25,038 [fa7233c5-99c6-4a1a-a2f1-81d332223322-groupManagement] INFO  server.RaftServerConfigKeys (ConfUtils.java:logGet(46)) - raft.server.snapshot.auto.trigger.threshold = 10000 (custom)
2024-05-06 09:01:25,038 [fa7233c5-99c6-4a1a-a2f1-81d332223322-groupManagement] INFO  server.RaftServerConfigKeys (ConfUtils.java:logGet(46)) - raft.server.snapshot.retention.file.num = 5 (custom)
2024-05-06 09:01:25,038 [fa7233c5-99c6-4a1a-a2f1-81d332223322-groupManagement] INFO  server.RaftServerConfigKeys (ConfUtils.java:logGet(46)) - raft.server.log.purge.upto.snapshot.index = false (default)
2024-05-06 09:01:25,042 [0e9e7d01-6cef-4822-a23d-4188eb8fb4d0-groupManagement] INFO  util.JmxRegister (JmxRegister.java:tryRegister(44)) - Successfully registered JMX Bean with object name Ratis:service=RaftServer,group=group-DFBFD2CD5EB9,id=0e9e7d01-6cef-4822-a23d-4188eb8fb4d0
2024-05-06 09:01:25,042 [0e9e7d01-6cef-4822-a23d-4188eb8fb4d0-groupManagement] INFO  server.RaftServerConfigKeys (ConfUtils.java:logGet(46)) - raft.server.snapshot.trigger-when-stop.enabled = true (default)
2024-05-06 09:01:25,042 [0e9e7d01-6cef-4822-a23d-4188eb8fb4d0@group-DFBFD2CD5EB9-FollowerState] INFO  server.RaftServerConfigKeys (ConfUtils.java:logFallback(53)) - raft.server.rpc.first-election.timeout.min = 5s (fallback to raft.server.rpc.timeout.min)
2024-05-06 09:01:25,042 [0e9e7d01-6cef-4822-a23d-4188eb8fb4d0@group-DFBFD2CD5EB9-FollowerState] INFO  server.RaftServerConfigKeys (ConfUtils.java:logFallback(53)) - raft.server.rpc.first-election.timeout.max = 5200ms (fallback to raft.server.rpc.timeout.max)
2024-05-06 09:01:25,042 [0e9e7d01-6cef-4822-a23d-4188eb8fb4d0-groupManagement] INFO  server.RaftServerConfigKeys (ConfUtils.java:logGet(46)) - raft.server.snapshot.auto.trigger.enabled = true (custom)
2024-05-06 09:01:25,042 [0e9e7d01-6cef-4822-a23d-4188eb8fb4d0-groupManagement] INFO  server.RaftServerConfigKeys (ConfUtils.java:logGet(46)) - raft.server.snapshot.auto.trigger.threshold = 10000 (custom)
2024-05-06 09:01:25,042 [0e9e7d01-6cef-4822-a23d-4188eb8fb4d0-groupManagement] INFO  server.RaftServerConfigKeys (ConfUtils.java:logGet(46)) - raft.server.snapshot.retention.file.num = 5 (custom)
2024-05-06 09:01:25,042 [0e9e7d01-6cef-4822-a23d-4188eb8fb4d0-groupManagement] INFO  server.RaftServerConfigKeys (ConfUtils.java:logGet(46)) - raft.server.log.purge.upto.snapshot.index = false (default)
2024-05-06 09:01:25,049 [90b7064f-8397-4c9e-a509-54ea80c9149b-PipelineCommandHandlerThread-0] INFO  commandhandler.CreatePipelineCommandHandler (CreatePipelineCommandHandler.java:lambda$handle$2(124)) - Created Pipeline RATIS THREE PipelineID=209a26b5-cef4-449e-ba4b-572e3b93379d.
2024-05-06 09:01:25,049 [90b7064f-8397-4c9e-a509-54ea80c9149b-PipelineCommandHandlerThread-0] INFO  server.RaftServer (RaftServerProxy.java:addNew(100)) - 90b7064f-8397-4c9e-a509-54ea80c9149b: addNew group-FFA1CD4EC552:[0e9e7d01-6cef-4822-a23d-4188eb8fb4d0|127.0.0.1:15085, 90b7064f-8397-4c9e-a509-54ea80c9149b|127.0.0.1:15067, 2bd728a8-2257-45fc-a304-d79856c752fc|127.0.0.1:15094] returns group-FFA1CD4EC552:java.util.concurrent.CompletableFuture@4d0552e7[Not completed]
2024-05-06 09:01:25,050 [90b7064f-8397-4c9e-a509-54ea80c9149b-groupManagement] INFO  server.RaftServer$Division (RaftServerImpl.java:<init>(256)) - 90b7064f-8397-4c9e-a509-54ea80c9149b: new RaftServerImpl for group-FFA1CD4EC552:[0e9e7d01-6cef-4822-a23d-4188eb8fb4d0|127.0.0.1:15085, 90b7064f-8397-4c9e-a509-54ea80c9149b|127.0.0.1:15067, 2bd728a8-2257-45fc-a304-d79856c752fc|127.0.0.1:15094] with ContainerStateMachine:uninitialized
2024-05-06 09:01:25,050 [90b7064f-8397-4c9e-a509-54ea80c9149b-groupManagement] INFO  server.RaftServerConfigKeys (ConfUtils.java:logGet(46)) - raft.server.rpc.timeout.min = 5s (custom)
2024-05-06 09:01:25,050 [90b7064f-8397-4c9e-a509-54ea80c9149b-groupManagement] INFO  server.RaftServerConfigKeys (ConfUtils.java:logGet(46)) - raft.server.rpc.timeout.max = 5200ms (custom)
2024-05-06 09:01:25,050 [90b7064f-8397-4c9e-a509-54ea80c9149b-groupManagement] INFO  server.RaftServerConfigKeys (ConfUtils.java:logGet(46)) - raft.server.rpc.sleep.time = 25ms (default)
2024-05-06 09:01:25,050 [90b7064f-8397-4c9e-a509-54ea80c9149b-groupManagement] INFO  server.RaftServerConfigKeys (ConfUtils.java:logGet(46)) - raft.server.rpc.slowness.timeout = 300000ms (custom)
2024-05-06 09:01:25,050 [90b7064f-8397-4c9e-a509-54ea80c9149b-groupManagement] INFO  server.RaftServerConfigKeys (ConfUtils.java:logGet(46)) - raft.server.leaderelection.leader.step-down.wait-time = 10s (default)
2024-05-06 09:01:25,050 [90b7064f-8397-4c9e-a509-54ea80c9149b-groupManagement] INFO  server.RaftServerConfigKeys (ConfUtils.java:logGet(46)) - raft.server.leaderelection.member.majority-add = false (default)
2024-05-06 09:01:25,050 [90b7064f-8397-4c9e-a509-54ea80c9149b-groupManagement] INFO  server.RaftServerConfigKeys (ConfUtils.java:logGet(46)) - raft.server.sleep.deviation.threshold = 300ms (default)
2024-05-06 09:01:25,050 [90b7064f-8397-4c9e-a509-54ea80c9149b-groupManagement] INFO  server.RaftServer$Division (ServerState.java:<init>(113)) - 90b7064f-8397-4c9e-a509-54ea80c9149b@group-FFA1CD4EC552: ConfigurationManager, init=-1: peers:[0e9e7d01-6cef-4822-a23d-4188eb8fb4d0|127.0.0.1:15085, 90b7064f-8397-4c9e-a509-54ea80c9149b|127.0.0.1:15067, 2bd728a8-2257-45fc-a304-d79856c752fc|127.0.0.1:15094]|listeners:[], old=null, confs=<EMPTY_MAP>
2024-05-06 09:01:25,050 [90b7064f-8397-4c9e-a509-54ea80c9149b-groupManagement] INFO  server.RaftServerConfigKeys (ConfUtils.java:logGet(46)) - raft.server.notification.no-leader.timeout = 300000ms (custom)
2024-05-06 09:01:25,050 [90b7064f-8397-4c9e-a509-54ea80c9149b-groupManagement] INFO  server.RaftServerConfigKeys (ConfUtils.java:logGet(46)) - raft.server.read.timeout = 10s (default)
2024-05-06 09:01:25,050 [90b7064f-8397-4c9e-a509-54ea80c9149b-groupManagement] INFO  server.RaftServerConfigKeys (ConfUtils.java:logGet(46)) - raft.server.retrycache.expirytime = 600000ms (custom)
2024-05-06 09:01:25,050 [90b7064f-8397-4c9e-a509-54ea80c9149b-groupManagement] INFO  server.RaftServerConfigKeys (ConfUtils.java:logGet(46)) - raft.server.retrycache.statistics.expirytime = 100ms (default)
2024-05-06 09:01:25,050 [90b7064f-8397-4c9e-a509-54ea80c9149b-groupManagement] INFO  server.RaftServerConfigKeys (ConfUtils.java:logGet(46)) - raft.server.read.option = DEFAULT (default)
2024-05-06 09:01:25,050 [90b7064f-8397-4c9e-a509-54ea80c9149b-groupManagement] INFO  server.RaftServerConfigKeys (ConfUtils.java:logGet(46)) - raft.server.read.read-after-write-consistent.write-index-cache.expiry-time = 60s (default)
2024-05-06 09:01:25,051 [90b7064f-8397-4c9e-a509-54ea80c9149b-groupManagement] INFO  server.RaftServerConfigKeys (ConfUtils.java:logGet(46)) - raft.server.rpc.request.timeout = 3000ms (default)
2024-05-06 09:01:25,051 [90b7064f-8397-4c9e-a509-54ea80c9149b-groupManagement] INFO  server.RaftServerConfigKeys (ConfUtils.java:logGet(46)) - raft.server.log.appender.install.snapshot.enabled = false (custom)
2024-05-06 09:01:25,051 [90b7064f-8397-4c9e-a509-54ea80c9149b-groupManagement] INFO  server.RaftServerConfigKeys (ConfUtils.java:logGet(46)) - raft.server.threadpool.server.cached = true (default)
2024-05-06 09:01:25,051 [90b7064f-8397-4c9e-a509-54ea80c9149b-groupManagement] INFO  server.RaftServerConfigKeys (ConfUtils.java:logGet(46)) - raft.server.threadpool.server.size = 0 (default)
2024-05-06 09:01:25,051 [90b7064f-8397-4c9e-a509-54ea80c9149b-groupManagement] INFO  server.RaftServerConfigKeys (ConfUtils.java:logGet(46)) - raft.server.threadpool.client.cached = true (default)
2024-05-06 09:01:25,051 [90b7064f-8397-4c9e-a509-54ea80c9149b-groupManagement] INFO  server.RaftServerConfigKeys (ConfUtils.java:logGet(46)) - raft.server.threadpool.client.size = 0 (default)
2024-05-06 09:01:25,051 [90b7064f-8397-4c9e-a509-54ea80c9149b-groupManagement] INFO  server.RaftServerConfigKeys (ConfUtils.java:logGet(46)) - raft.server.storage.free-space.min = 0MB (=0) (default)
2024-05-06 09:01:25,052 [90b7064f-8397-4c9e-a509-54ea80c9149b-groupManagement] INFO  server.RaftServerConfigKeys (ConfUtils.java:logGet(46)) - raft.server.log.corruption.policy = EXCEPTION (default)
2024-05-06 09:01:25,052 [90b7064f-8397-4c9e-a509-54ea80c9149b-groupManagement] INFO  server.RaftServerConfigKeys (ConfUtils.java:logGet(46)) - raft.server.storage.dir = [/home/runner/work/ozone/ozone/hadoop-ozone/integration-test/target/test-dir/MiniOzoneClusterImpl-f8a20603-669c-41d5-94ea-e080bd68b2ef/ozone-meta/datanode-1/ratis] (custom)
2024-05-06 09:01:25,052 [90b7064f-8397-4c9e-a509-54ea80c9149b-groupManagement] INFO  storage.RaftStorageDirectory (RaftStorageDirectoryImpl.java:analyzeStorage(138)) - The storage directory /home/runner/work/ozone/ozone/hadoop-ozone/integration-test/target/test-dir/MiniOzoneClusterImpl-f8a20603-669c-41d5-94ea-e080bd68b2ef/ozone-meta/datanode-1/ratis/24bfffb9-f71d-40ca-a219-ffa1cd4ec552 does not exist. Creating ...
2024-05-06 09:01:25,053 [90b7064f-8397-4c9e-a509-54ea80c9149b-groupManagement] INFO  storage.RaftStorageDirectory (RaftStorageDirectoryImpl.java:tryLock(228)) - Lock on /home/runner/work/ozone/ozone/hadoop-ozone/integration-test/target/test-dir/MiniOzoneClusterImpl-f8a20603-669c-41d5-94ea-e080bd68b2ef/ozone-meta/datanode-1/ratis/24bfffb9-f71d-40ca-a219-ffa1cd4ec552/in_use.lock acquired by nodename 54013@fv-az699-623
2024-05-06 09:01:25,053 [90b7064f-8397-4c9e-a509-54ea80c9149b-groupManagement] INFO  storage.RaftStorage (RaftStorageImpl.java:format(99)) - Storage directory /home/runner/work/ozone/ozone/hadoop-ozone/integration-test/target/test-dir/MiniOzoneClusterImpl-f8a20603-669c-41d5-94ea-e080bd68b2ef/ozone-meta/datanode-1/ratis/24bfffb9-f71d-40ca-a219-ffa1cd4ec552 has been successfully formatted.
2024-05-06 09:01:25,054 [90b7064f-8397-4c9e-a509-54ea80c9149b-groupManagement] WARN  util.FileUtils (LogUtils.java:supplyAndLog(63)) - Failed to Files.newInputStream /home/runner/work/ozone/ozone/hadoop-ozone/integration-test/target/test-dir/MiniOzoneClusterImpl-f8a20603-669c-41d5-94ea-e080bd68b2ef/ozone-meta/datanode-1/ratis/24bfffb9-f71d-40ca-a219-ffa1cd4ec552/current/raft-meta.conf with options []: java.nio.file.NoSuchFileException: /home/runner/work/ozone/ozone/hadoop-ozone/integration-test/target/test-dir/MiniOzoneClusterImpl-f8a20603-669c-41d5-94ea-e080bd68b2ef/ozone-meta/datanode-1/ratis/24bfffb9-f71d-40ca-a219-ffa1cd4ec552/current/raft-meta.conf
2024-05-06 09:01:25,054 [90b7064f-8397-4c9e-a509-54ea80c9149b-groupManagement] INFO  ratis.ContainerStateMachine (ContainerStateMachine.java:loadSnapshot(287)) - group-FFA1CD4EC552: The snapshot info is null. Setting the last applied index to:(t:0, i:~)
2024-05-06 09:01:25,054 [90b7064f-8397-4c9e-a509-54ea80c9149b-groupManagement] INFO  server.RaftServerConfigKeys (ConfUtils.java:logGet(46)) - raft.server.log.use.memory = false (default)
2024-05-06 09:01:25,054 [90b7064f-8397-4c9e-a509-54ea80c9149b-groupManagement] INFO  server.RaftServerConfigKeys (ConfUtils.java:logGet(46)) - raft.server.log.purge.gap = 1000000 (custom)
2024-05-06 09:01:25,054 [90b7064f-8397-4c9e-a509-54ea80c9149b-groupManagement] INFO  server.RaftServerConfigKeys (ConfUtils.java:logGet(46)) - raft.server.log.appender.buffer.byte-limit = 8388608 (custom)
2024-05-06 09:01:25,054 [90b7064f-8397-4c9e-a509-54ea80c9149b-groupManagement] INFO  server.RaftServerConfigKeys (ConfUtils.java:logGet(46)) - raft.server.log.statemachine.data.read.timeout = 1000ms (default)
2024-05-06 09:01:25,054 [90b7064f-8397-4c9e-a509-54ea80c9149b-groupManagement] INFO  server.RaftServerConfigKeys (ConfUtils.java:logGet(46)) - raft.server.log.purge.preservation.log.num = 0 (default)
2024-05-06 09:01:25,056 [90b7064f-8397-4c9e-a509-54ea80c9149b-groupManagement] INFO  server.RaftServerConfigKeys (ConfUtils.java:logGet(46)) - raft.server.log.segment.size.max = 67108864 (custom)
2024-05-06 09:01:25,056 [90b7064f-8397-4c9e-a509-54ea80c9149b-groupManagement] INFO  server.RaftServerConfigKeys (ConfUtils.java:logGet(46)) - raft.server.log.segment.cache.num.max = 2 (custom)
2024-05-06 09:01:25,056 [90b7064f-8397-4c9e-a509-54ea80c9149b-groupManagement] INFO  server.RaftServerConfigKeys (ConfUtils.java:logGet(46)) - raft.server.log.segment.cache.size.max = 200MB (=209715200) (default)
2024-05-06 09:01:25,056 [90b7064f-8397-4c9e-a509-54ea80c9149b-groupManagement] INFO  server.RaftServerConfigKeys (ConfUtils.java:logGet(46)) - raft.server.log.appender.buffer.byte-limit = 8388608 (custom)
2024-05-06 09:01:25,059 [90b7064f-8397-4c9e-a509-54ea80c9149b-groupManagement] INFO  util.AwaitToRun (AwaitToRun.java:start(81)) - Thread[90b7064f-8397-4c9e-a509-54ea80c9149b@group-FFA1CD4EC552-cacheEviction-AwaitToRun,5,main] started
2024-05-06 09:01:25,059 [90b7064f-8397-4c9e-a509-54ea80c9149b-groupManagement] INFO  segmented.SegmentedRaftLogWorker (SegmentedRaftLogWorker.java:<init>(182)) - new 90b7064f-8397-4c9e-a509-54ea80c9149b@group-FFA1CD4EC552-SegmentedRaftLogWorker for RaftStorageImpl:Storage Directory /home/runner/work/ozone/ozone/hadoop-ozone/integration-test/target/test-dir/MiniOzoneClusterImpl-f8a20603-669c-41d5-94ea-e080bd68b2ef/ozone-meta/datanode-1/ratis/24bfffb9-f71d-40ca-a219-ffa1cd4ec552
2024-05-06 09:01:25,059 [90b7064f-8397-4c9e-a509-54ea80c9149b-groupManagement] INFO  server.RaftServerConfigKeys (ConfUtils.java:logGet(46)) - raft.server.log.queue.byte-limit = 4294967296 (custom)
2024-05-06 09:01:25,059 [90b7064f-8397-4c9e-a509-54ea80c9149b-groupManagement] INFO  server.RaftServerConfigKeys (ConfUtils.java:logGet(46)) - raft.server.log.queue.element-limit = 1024 (custom)
2024-05-06 09:01:25,059 [90b7064f-8397-4c9e-a509-54ea80c9149b-groupManagement] INFO  server.RaftServerConfigKeys (ConfUtils.java:logGet(46)) - raft.server.log.segment.size.max = 67108864 (custom)
2024-05-06 09:01:25,059 [90b7064f-8397-4c9e-a509-54ea80c9149b-groupManagement] INFO  server.RaftServerConfigKeys (ConfUtils.java:logGet(46)) - raft.server.log.preallocated.size = 4194304 (custom)
2024-05-06 09:01:25,059 [90b7064f-8397-4c9e-a509-54ea80c9149b-groupManagement] INFO  server.RaftServerConfigKeys (ConfUtils.java:logGet(46)) - raft.server.log.force.sync.num = 128 (default)
2024-05-06 09:01:25,059 [90b7064f-8397-4c9e-a509-54ea80c9149b-groupManagement] INFO  server.RaftServerConfigKeys (ConfUtils.java:logGet(46)) - raft.server.log.statemachine.data.sync = true (default)
2024-05-06 09:01:25,059 [90b7064f-8397-4c9e-a509-54ea80c9149b-groupManagement] INFO  server.RaftServerConfigKeys (ConfUtils.java:logGet(46)) - raft.server.log.statemachine.data.sync.timeout = 10s (default)
2024-05-06 09:01:25,059 [90b7064f-8397-4c9e-a509-54ea80c9149b-groupManagement] INFO  server.RaftServerConfigKeys (ConfUtils.java:logGet(46)) - raft.server.log.statemachine.data.sync.timeout.retry = 30 (custom)
2024-05-06 09:01:25,060 [90b7064f-8397-4c9e-a509-54ea80c9149b-groupManagement] INFO  server.RaftServerConfigKeys (ConfUtils.java:logGet(46)) - raft.server.log.write.buffer.size = 8388616 (custom)
2024-05-06 09:01:25,062 [90b7064f-8397-4c9e-a509-54ea80c9149b-groupManagement] INFO  server.RaftServerConfigKeys (ConfUtils.java:logGet(46)) - raft.server.log.appender.buffer.byte-limit = 8388608 (custom)
2024-05-06 09:01:25,062 [90b7064f-8397-4c9e-a509-54ea80c9149b-groupManagement] INFO  server.RaftServerConfigKeys (ConfUtils.java:logGet(46)) - raft.server.log.unsafe-flush.enabled = false (default)
2024-05-06 09:01:25,062 [90b7064f-8397-4c9e-a509-54ea80c9149b-groupManagement] INFO  server.RaftServerConfigKeys (ConfUtils.java:logGet(46)) - raft.server.log.async-flush.enabled = false (default)
2024-05-06 09:01:25,062 [90b7064f-8397-4c9e-a509-54ea80c9149b-groupManagement] INFO  server.RaftServerConfigKeys (ConfUtils.java:logGet(46)) - raft.server.log.statemachine.data.caching.enabled = true (custom)
2024-05-06 09:01:25,062 [90b7064f-8397-4c9e-a509-54ea80c9149b-groupManagement] INFO  segmented.SegmentedRaftLogWorker (SegmentedRaftLogWorker.java:lambda$new$0(134)) - 90b7064f-8397-4c9e-a509-54ea80c9149b@group-FFA1CD4EC552-SegmentedRaftLogWorker: flushIndex: setUnconditionally 0 -> -1
2024-05-06 09:01:25,063 [90b7064f-8397-4c9e-a509-54ea80c9149b-groupManagement] INFO  segmented.SegmentedRaftLogWorker (SegmentedRaftLogWorker.java:lambda$new$0(134)) - 90b7064f-8397-4c9e-a509-54ea80c9149b@group-FFA1CD4EC552-SegmentedRaftLogWorker: safeCacheEvictIndex: setUnconditionally 0 -> -1
2024-05-06 09:01:25,063 [90b7064f-8397-4c9e-a509-54ea80c9149b-groupManagement] INFO  server.RaftServer$Division (RaftServerImpl.java:start(396)) - 90b7064f-8397-4c9e-a509-54ea80c9149b@group-FFA1CD4EC552: start as a follower, conf=-1: peers:[0e9e7d01-6cef-4822-a23d-4188eb8fb4d0|127.0.0.1:15085, 90b7064f-8397-4c9e-a509-54ea80c9149b|127.0.0.1:15067, 2bd728a8-2257-45fc-a304-d79856c752fc|127.0.0.1:15094]|listeners:[], old=null
2024-05-06 09:01:25,063 [90b7064f-8397-4c9e-a509-54ea80c9149b-groupManagement] INFO  server.RaftServer$Division (RaftServerImpl.java:setRole(383)) - 90b7064f-8397-4c9e-a509-54ea80c9149b@group-FFA1CD4EC552: changes role from      null to FOLLOWER at term 0 for startAsFollower
2024-05-06 09:01:25,063 [90b7064f-8397-4c9e-a509-54ea80c9149b-groupManagement] INFO  impl.RoleInfo (RoleInfo.java:updateAndGet(139)) - 90b7064f-8397-4c9e-a509-54ea80c9149b: start 90b7064f-8397-4c9e-a509-54ea80c9149b@group-FFA1CD4EC552-FollowerState
2024-05-06 09:01:25,063 [2bd728a8-2257-45fc-a304-d79856c752fc-PipelineCommandHandlerThread-0] INFO  commandhandler.CreatePipelineCommandHandler (CreatePipelineCommandHandler.java:lambda$handle$2(124)) - Created Pipeline RATIS THREE PipelineID=d0d47bde-0ccd-412d-ba0a-dfbfd2cd5eb9.
2024-05-06 09:01:25,063 [2bd728a8-2257-45fc-a304-d79856c752fc-PipelineCommandHandlerThread-0] INFO  server.RaftServer (RaftServerProxy.java:addNew(100)) - 2bd728a8-2257-45fc-a304-d79856c752fc: addNew group-FFA1CD4EC552:[0e9e7d01-6cef-4822-a23d-4188eb8fb4d0|127.0.0.1:15085, 90b7064f-8397-4c9e-a509-54ea80c9149b|127.0.0.1:15067, 2bd728a8-2257-45fc-a304-d79856c752fc|127.0.0.1:15094] returns group-FFA1CD4EC552:java.util.concurrent.CompletableFuture@40499af4[Not completed]
2024-05-06 09:01:25,064 [2bd728a8-2257-45fc-a304-d79856c752fc-groupManagement] INFO  server.RaftServer$Division (RaftServerImpl.java:<init>(256)) - 2bd728a8-2257-45fc-a304-d79856c752fc: new RaftServerImpl for group-FFA1CD4EC552:[0e9e7d01-6cef-4822-a23d-4188eb8fb4d0|127.0.0.1:15085, 90b7064f-8397-4c9e-a509-54ea80c9149b|127.0.0.1:15067, 2bd728a8-2257-45fc-a304-d79856c752fc|127.0.0.1:15094] with ContainerStateMachine:uninitialized
2024-05-06 09:01:25,064 [2bd728a8-2257-45fc-a304-d79856c752fc-groupManagement] INFO  server.RaftServerConfigKeys (ConfUtils.java:logGet(46)) - raft.server.rpc.timeout.min = 5s (custom)
2024-05-06 09:01:25,064 [2bd728a8-2257-45fc-a304-d79856c752fc-groupManagement] INFO  server.RaftServerConfigKeys (ConfUtils.java:logGet(46)) - raft.server.rpc.timeout.max = 5200ms (custom)
2024-05-06 09:01:25,064 [2bd728a8-2257-45fc-a304-d79856c752fc-groupManagement] INFO  server.RaftServerConfigKeys (ConfUtils.java:logGet(46)) - raft.server.rpc.sleep.time = 25ms (default)
2024-05-06 09:01:25,064 [2bd728a8-2257-45fc-a304-d79856c752fc-groupManagement] INFO  server.RaftServerConfigKeys (ConfUtils.java:logGet(46)) - raft.server.rpc.slowness.timeout = 300000ms (custom)
2024-05-06 09:01:25,064 [2bd728a8-2257-45fc-a304-d79856c752fc-groupManagement] INFO  server.RaftServerConfigKeys (ConfUtils.java:logGet(46)) - raft.server.leaderelection.leader.step-down.wait-time = 10s (default)
2024-05-06 09:01:25,064 [2bd728a8-2257-45fc-a304-d79856c752fc-groupManagement] INFO  server.RaftServerConfigKeys (ConfUtils.java:logGet(46)) - raft.server.leaderelection.member.majority-add = false (default)
2024-05-06 09:01:25,064 [2bd728a8-2257-45fc-a304-d79856c752fc-groupManagement] INFO  server.RaftServerConfigKeys (ConfUtils.java:logGet(46)) - raft.server.sleep.deviation.threshold = 300ms (default)
2024-05-06 09:01:25,065 [2bd728a8-2257-45fc-a304-d79856c752fc-groupManagement] INFO  server.RaftServer$Division (ServerState.java:<init>(113)) - 2bd728a8-2257-45fc-a304-d79856c752fc@group-FFA1CD4EC552: ConfigurationManager, init=-1: peers:[0e9e7d01-6cef-4822-a23d-4188eb8fb4d0|127.0.0.1:15085, 90b7064f-8397-4c9e-a509-54ea80c9149b|127.0.0.1:15067, 2bd728a8-2257-45fc-a304-d79856c752fc|127.0.0.1:15094]|listeners:[], old=null, confs=<EMPTY_MAP>
2024-05-06 09:01:25,065 [2bd728a8-2257-45fc-a304-d79856c752fc-groupManagement] INFO  server.RaftServerConfigKeys (ConfUtils.java:logGet(46)) - raft.server.notification.no-leader.timeout = 300000ms (custom)
2024-05-06 09:01:25,065 [2bd728a8-2257-45fc-a304-d79856c752fc-groupManagement] INFO  server.RaftServerConfigKeys (ConfUtils.java:logGet(46)) - raft.server.read.timeout = 10s (default)
2024-05-06 09:01:25,065 [2bd728a8-2257-45fc-a304-d79856c752fc-groupManagement] INFO  server.RaftServerConfigKeys (ConfUtils.java:logGet(46)) - raft.server.retrycache.expirytime = 600000ms (custom)
2024-05-06 09:01:25,065 [2bd728a8-2257-45fc-a304-d79856c752fc-groupManagement] INFO  server.RaftServerConfigKeys (ConfUtils.java:logGet(46)) - raft.server.retrycache.statistics.expirytime = 100ms (default)
2024-05-06 09:01:25,065 [2bd728a8-2257-45fc-a304-d79856c752fc-groupManagement] INFO  server.RaftServerConfigKeys (ConfUtils.java:logGet(46)) - raft.server.read.option = DEFAULT (default)
2024-05-06 09:01:25,065 [2bd728a8-2257-45fc-a304-d79856c752fc-groupManagement] INFO  server.RaftServerConfigKeys (ConfUtils.java:logGet(46)) - raft.server.read.read-after-write-consistent.write-index-cache.expiry-time = 60s (default)
2024-05-06 09:01:25,066 [2bd728a8-2257-45fc-a304-d79856c752fc-groupManagement] INFO  server.RaftServerConfigKeys (ConfUtils.java:logGet(46)) - raft.server.rpc.request.timeout = 3000ms (default)
2024-05-06 09:01:25,066 [2bd728a8-2257-45fc-a304-d79856c752fc-groupManagement] INFO  server.RaftServerConfigKeys (ConfUtils.java:logGet(46)) - raft.server.log.appender.install.snapshot.enabled = false (custom)
2024-05-06 09:01:25,066 [2bd728a8-2257-45fc-a304-d79856c752fc-groupManagement] INFO  server.RaftServerConfigKeys (ConfUtils.java:logGet(46)) - raft.server.threadpool.server.cached = true (default)
2024-05-06 09:01:25,066 [2bd728a8-2257-45fc-a304-d79856c752fc-groupManagement] INFO  server.RaftServerConfigKeys (ConfUtils.java:logGet(46)) - raft.server.threadpool.server.size = 0 (default)
2024-05-06 09:01:25,066 [2bd728a8-2257-45fc-a304-d79856c752fc-groupManagement] INFO  server.RaftServerConfigKeys (ConfUtils.java:logGet(46)) - raft.server.threadpool.client.cached = true (default)
2024-05-06 09:01:25,066 [2bd728a8-2257-45fc-a304-d79856c752fc-groupManagement] INFO  server.RaftServerConfigKeys (ConfUtils.java:logGet(46)) - raft.server.threadpool.client.size = 0 (default)
2024-05-06 09:01:25,066 [2bd728a8-2257-45fc-a304-d79856c752fc-groupManagement] INFO  server.RaftServerConfigKeys (ConfUtils.java:logGet(46)) - raft.server.storage.free-space.min = 0MB (=0) (default)
2024-05-06 09:01:25,066 [2bd728a8-2257-45fc-a304-d79856c752fc-groupManagement] INFO  server.RaftServerConfigKeys (ConfUtils.java:logGet(46)) - raft.server.log.corruption.policy = EXCEPTION (default)
2024-05-06 09:01:25,066 [2bd728a8-2257-45fc-a304-d79856c752fc-groupManagement] INFO  server.RaftServerConfigKeys (ConfUtils.java:logGet(46)) - raft.server.storage.dir = [/home/runner/work/ozone/ozone/hadoop-ozone/integration-test/target/test-dir/MiniOzoneClusterImpl-f8a20603-669c-41d5-94ea-e080bd68b2ef/ozone-meta/datanode-4/ratis] (custom)
2024-05-06 09:01:25,066 [2bd728a8-2257-45fc-a304-d79856c752fc-groupManagement] INFO  storage.RaftStorageDirectory (RaftStorageDirectoryImpl.java:analyzeStorage(138)) - The storage directory /home/runner/work/ozone/ozone/hadoop-ozone/integration-test/target/test-dir/MiniOzoneClusterImpl-f8a20603-669c-41d5-94ea-e080bd68b2ef/ozone-meta/datanode-4/ratis/24bfffb9-f71d-40ca-a219-ffa1cd4ec552 does not exist. Creating ...
2024-05-06 09:01:25,067 [90b7064f-8397-4c9e-a509-54ea80c9149b-groupManagement] INFO  util.JmxRegister (JmxRegister.java:tryRegister(44)) - Successfully registered JMX Bean with object name Ratis:service=RaftServer,group=group-FFA1CD4EC552,id=90b7064f-8397-4c9e-a509-54ea80c9149b
2024-05-06 09:01:25,067 [90b7064f-8397-4c9e-a509-54ea80c9149b-groupManagement] INFO  server.RaftServerConfigKeys (ConfUtils.java:logGet(46)) - raft.server.snapshot.trigger-when-stop.enabled = true (default)
2024-05-06 09:01:25,067 [90b7064f-8397-4c9e-a509-54ea80c9149b-groupManagement] INFO  server.RaftServerConfigKeys (ConfUtils.java:logGet(46)) - raft.server.snapshot.auto.trigger.enabled = true (custom)
2024-05-06 09:01:25,067 [90b7064f-8397-4c9e-a509-54ea80c9149b-groupManagement] INFO  server.RaftServerConfigKeys (ConfUtils.java:logGet(46)) - raft.server.snapshot.auto.trigger.threshold = 10000 (custom)
2024-05-06 09:01:25,067 [90b7064f-8397-4c9e-a509-54ea80c9149b-groupManagement] INFO  server.RaftServerConfigKeys (ConfUtils.java:logGet(46)) - raft.server.snapshot.retention.file.num = 5 (custom)
2024-05-06 09:01:25,067 [90b7064f-8397-4c9e-a509-54ea80c9149b-groupManagement] INFO  server.RaftServerConfigKeys (ConfUtils.java:logGet(46)) - raft.server.log.purge.upto.snapshot.index = false (default)
2024-05-06 09:01:25,067 [90b7064f-8397-4c9e-a509-54ea80c9149b@group-FFA1CD4EC552-FollowerState] INFO  server.RaftServerConfigKeys (ConfUtils.java:logFallback(53)) - raft.server.rpc.first-election.timeout.min = 5s (fallback to raft.server.rpc.timeout.min)
2024-05-06 09:01:25,067 [90b7064f-8397-4c9e-a509-54ea80c9149b@group-FFA1CD4EC552-FollowerState] INFO  server.RaftServerConfigKeys (ConfUtils.java:logFallback(53)) - raft.server.rpc.first-election.timeout.max = 5200ms (fallback to raft.server.rpc.timeout.max)
2024-05-06 09:01:25,067 [90b7064f-8397-4c9e-a509-54ea80c9149b-PipelineCommandHandlerThread-0] INFO  ratis.XceiverServerRatis (XceiverServerRatis.java:addGroup(864)) - Created group PipelineID=24bfffb9-f71d-40ca-a219-ffa1cd4ec552
2024-05-06 09:01:25,070 [2bd728a8-2257-45fc-a304-d79856c752fc-groupManagement] INFO  storage.RaftStorageDirectory (RaftStorageDirectoryImpl.java:tryLock(228)) - Lock on /home/runner/work/ozone/ozone/hadoop-ozone/integration-test/target/test-dir/MiniOzoneClusterImpl-f8a20603-669c-41d5-94ea-e080bd68b2ef/ozone-meta/datanode-4/ratis/24bfffb9-f71d-40ca-a219-ffa1cd4ec552/in_use.lock acquired by nodename 54013@fv-az699-623
2024-05-06 09:01:25,072 [2bd728a8-2257-45fc-a304-d79856c752fc-groupManagement] INFO  storage.RaftStorage (RaftStorageImpl.java:format(99)) - Storage directory /home/runner/work/ozone/ozone/hadoop-ozone/integration-test/target/test-dir/MiniOzoneClusterImpl-f8a20603-669c-41d5-94ea-e080bd68b2ef/ozone-meta/datanode-4/ratis/24bfffb9-f71d-40ca-a219-ffa1cd4ec552 has been successfully formatted.
2024-05-06 09:01:25,072 [2bd728a8-2257-45fc-a304-d79856c752fc-groupManagement] WARN  util.FileUtils (LogUtils.java:supplyAndLog(63)) - Failed to Files.newInputStream /home/runner/work/ozone/ozone/hadoop-ozone/integration-test/target/test-dir/MiniOzoneClusterImpl-f8a20603-669c-41d5-94ea-e080bd68b2ef/ozone-meta/datanode-4/ratis/24bfffb9-f71d-40ca-a219-ffa1cd4ec552/current/raft-meta.conf with options []: java.nio.file.NoSuchFileException: /home/runner/work/ozone/ozone/hadoop-ozone/integration-test/target/test-dir/MiniOzoneClusterImpl-f8a20603-669c-41d5-94ea-e080bd68b2ef/ozone-meta/datanode-4/ratis/24bfffb9-f71d-40ca-a219-ffa1cd4ec552/current/raft-meta.conf
2024-05-06 09:01:25,072 [2bd728a8-2257-45fc-a304-d79856c752fc-groupManagement] INFO  ratis.ContainerStateMachine (ContainerStateMachine.java:loadSnapshot(287)) - group-FFA1CD4EC552: The snapshot info is null. Setting the last applied index to:(t:0, i:~)
2024-05-06 09:01:25,072 [2bd728a8-2257-45fc-a304-d79856c752fc-groupManagement] INFO  server.RaftServerConfigKeys (ConfUtils.java:logGet(46)) - raft.server.log.use.memory = false (default)
2024-05-06 09:01:25,072 [2bd728a8-2257-45fc-a304-d79856c752fc-groupManagement] INFO  server.RaftServerConfigKeys (ConfUtils.java:logGet(46)) - raft.server.log.purge.gap = 1000000 (custom)
2024-05-06 09:01:25,072 [2bd728a8-2257-45fc-a304-d79856c752fc-groupManagement] INFO  server.RaftServerConfigKeys (ConfUtils.java:logGet(46)) - raft.server.log.appender.buffer.byte-limit = 8388608 (custom)
2024-05-06 09:01:25,072 [2bd728a8-2257-45fc-a304-d79856c752fc-groupManagement] INFO  server.RaftServerConfigKeys (ConfUtils.java:logGet(46)) - raft.server.log.statemachine.data.read.timeout = 1000ms (default)
2024-05-06 09:01:25,072 [2bd728a8-2257-45fc-a304-d79856c752fc-groupManagement] INFO  server.RaftServerConfigKeys (ConfUtils.java:logGet(46)) - raft.server.log.purge.preservation.log.num = 0 (default)
2024-05-06 09:01:25,072 [grpc-default-executor-9] INFO  server.RaftServer (RaftServerProxy.java:addNew(100)) - 0e9e7d01-6cef-4822-a23d-4188eb8fb4d0: addNew group-FFA1CD4EC552:[0e9e7d01-6cef-4822-a23d-4188eb8fb4d0|127.0.0.1:15085, 90b7064f-8397-4c9e-a509-54ea80c9149b|127.0.0.1:15067, 2bd728a8-2257-45fc-a304-d79856c752fc|127.0.0.1:15094] returns group-FFA1CD4EC552:java.util.concurrent.CompletableFuture@45bb15a7[Not completed]
2024-05-06 09:01:25,073 [2bd728a8-2257-45fc-a304-d79856c752fc-groupManagement] INFO  server.RaftServerConfigKeys (ConfUtils.java:logGet(46)) - raft.server.log.segment.size.max = 67108864 (custom)
2024-05-06 09:01:25,074 [2bd728a8-2257-45fc-a304-d79856c752fc-groupManagement] INFO  server.RaftServerConfigKeys (ConfUtils.java:logGet(46)) - raft.server.log.segment.cache.num.max = 2 (custom)
2024-05-06 09:01:25,074 [2bd728a8-2257-45fc-a304-d79856c752fc-groupManagement] INFO  server.RaftServerConfigKeys (ConfUtils.java:logGet(46)) - raft.server.log.segment.cache.size.max = 200MB (=209715200) (default)
2024-05-06 09:01:25,074 [2bd728a8-2257-45fc-a304-d79856c752fc-groupManagement] INFO  server.RaftServerConfigKeys (ConfUtils.java:logGet(46)) - raft.server.log.appender.buffer.byte-limit = 8388608 (custom)
2024-05-06 09:01:25,074 [2bd728a8-2257-45fc-a304-d79856c752fc-groupManagement] INFO  util.AwaitToRun (AwaitToRun.java:start(81)) - Thread[2bd728a8-2257-45fc-a304-d79856c752fc@group-FFA1CD4EC552-cacheEviction-AwaitToRun,5,main] started
2024-05-06 09:01:25,074 [2bd728a8-2257-45fc-a304-d79856c752fc-groupManagement] INFO  segmented.SegmentedRaftLogWorker (SegmentedRaftLogWorker.java:<init>(182)) - new 2bd728a8-2257-45fc-a304-d79856c752fc@group-FFA1CD4EC552-SegmentedRaftLogWorker for RaftStorageImpl:Storage Directory /home/runner/work/ozone/ozone/hadoop-ozone/integration-test/target/test-dir/MiniOzoneClusterImpl-f8a20603-669c-41d5-94ea-e080bd68b2ef/ozone-meta/datanode-4/ratis/24bfffb9-f71d-40ca-a219-ffa1cd4ec552
2024-05-06 09:01:25,074 [2bd728a8-2257-45fc-a304-d79856c752fc-groupManagement] INFO  server.RaftServerConfigKeys (ConfUtils.java:logGet(46)) - raft.server.log.queue.byte-limit = 4294967296 (custom)
2024-05-06 09:01:25,074 [2bd728a8-2257-45fc-a304-d79856c752fc-groupManagement] INFO  server.RaftServerConfigKeys (ConfUtils.java:logGet(46)) - raft.server.log.queue.element-limit = 1024 (custom)
2024-05-06 09:01:25,074 [2bd728a8-2257-45fc-a304-d79856c752fc-groupManagement] INFO  server.RaftServerConfigKeys (ConfUtils.java:logGet(46)) - raft.server.log.segment.size.max = 67108864 (custom)
2024-05-06 09:01:25,074 [2bd728a8-2257-45fc-a304-d79856c752fc-groupManagement] INFO  server.RaftServerConfigKeys (ConfUtils.java:logGet(46)) - raft.server.log.preallocated.size = 4194304 (custom)
2024-05-06 09:01:25,074 [2bd728a8-2257-45fc-a304-d79856c752fc-groupManagement] INFO  server.RaftServerConfigKeys (ConfUtils.java:logGet(46)) - raft.server.log.force.sync.num = 128 (default)
2024-05-06 09:01:25,074 [2bd728a8-2257-45fc-a304-d79856c752fc-groupManagement] INFO  server.RaftServerConfigKeys (ConfUtils.java:logGet(46)) - raft.server.log.statemachine.data.sync = true (default)
2024-05-06 09:01:25,074 [2bd728a8-2257-45fc-a304-d79856c752fc-groupManagement] INFO  server.RaftServerConfigKeys (ConfUtils.java:logGet(46)) - raft.server.log.statemachine.data.sync.timeout = 10s (default)
2024-05-06 09:01:25,074 [2bd728a8-2257-45fc-a304-d79856c752fc-groupManagement] INFO  server.RaftServerConfigKeys (ConfUtils.java:logGet(46)) - raft.server.log.statemachine.data.sync.timeout.retry = 30 (custom)
2024-05-06 09:01:25,074 [2bd728a8-2257-45fc-a304-d79856c752fc-groupManagement] INFO  server.RaftServerConfigKeys (ConfUtils.java:logGet(46)) - raft.server.log.write.buffer.size = 8388616 (custom)
2024-05-06 09:01:25,074 [0e9e7d01-6cef-4822-a23d-4188eb8fb4d0-groupManagement] INFO  server.RaftServer$Division (RaftServerImpl.java:<init>(256)) - 0e9e7d01-6cef-4822-a23d-4188eb8fb4d0: new RaftServerImpl for group-FFA1CD4EC552:[0e9e7d01-6cef-4822-a23d-4188eb8fb4d0|127.0.0.1:15085, 90b7064f-8397-4c9e-a509-54ea80c9149b|127.0.0.1:15067, 2bd728a8-2257-45fc-a304-d79856c752fc|127.0.0.1:15094] with ContainerStateMachine:uninitialized
2024-05-06 09:01:25,075 [0e9e7d01-6cef-4822-a23d-4188eb8fb4d0-groupManagement] INFO  server.RaftServerConfigKeys (ConfUtils.java:logGet(46)) - raft.server.rpc.timeout.min = 5s (custom)
2024-05-06 09:01:25,075 [0e9e7d01-6cef-4822-a23d-4188eb8fb4d0-groupManagement] INFO  server.RaftServerConfigKeys (ConfUtils.java:logGet(46)) - raft.server.rpc.timeout.max = 5200ms (custom)
2024-05-06 09:01:25,075 [0e9e7d01-6cef-4822-a23d-4188eb8fb4d0-groupManagement] INFO  server.RaftServerConfigKeys (ConfUtils.java:logGet(46)) - raft.server.rpc.sleep.time = 25ms (default)
2024-05-06 09:01:25,075 [0e9e7d01-6cef-4822-a23d-4188eb8fb4d0-groupManagement] INFO  server.RaftServerConfigKeys (ConfUtils.java:logGet(46)) - raft.server.rpc.slowness.timeout = 300000ms (custom)
2024-05-06 09:01:25,075 [0e9e7d01-6cef-4822-a23d-4188eb8fb4d0-groupManagement] INFO  server.RaftServerConfigKeys (ConfUtils.java:logGet(46)) - raft.server.leaderelection.leader.step-down.wait-time = 10s (default)
2024-05-06 09:01:25,075 [0e9e7d01-6cef-4822-a23d-4188eb8fb4d0-groupManagement] INFO  server.RaftServerConfigKeys (ConfUtils.java:logGet(46)) - raft.server.leaderelection.member.majority-add = false (default)
2024-05-06 09:01:25,075 [0e9e7d01-6cef-4822-a23d-4188eb8fb4d0-groupManagement] INFO  server.RaftServerConfigKeys (ConfUtils.java:logGet(46)) - raft.server.sleep.deviation.threshold = 300ms (default)
2024-05-06 09:01:25,075 [0e9e7d01-6cef-4822-a23d-4188eb8fb4d0-groupManagement] INFO  server.RaftServer$Division (ServerState.java:<init>(113)) - 0e9e7d01-6cef-4822-a23d-4188eb8fb4d0@group-FFA1CD4EC552: ConfigurationManager, init=-1: peers:[0e9e7d01-6cef-4822-a23d-4188eb8fb4d0|127.0.0.1:15085, 90b7064f-8397-4c9e-a509-54ea80c9149b|127.0.0.1:15067, 2bd728a8-2257-45fc-a304-d79856c752fc|127.0.0.1:15094]|listeners:[], old=null, confs=<EMPTY_MAP>
2024-05-06 09:01:25,075 [0e9e7d01-6cef-4822-a23d-4188eb8fb4d0-groupManagement] INFO  server.RaftServerConfigKeys (ConfUtils.java:logGet(46)) - raft.server.notification.no-leader.timeout = 300000ms (custom)
2024-05-06 09:01:25,075 [0e9e7d01-6cef-4822-a23d-4188eb8fb4d0-groupManagement] INFO  server.RaftServerConfigKeys (ConfUtils.java:logGet(46)) - raft.server.read.timeout = 10s (default)
2024-05-06 09:01:25,075 [0e9e7d01-6cef-4822-a23d-4188eb8fb4d0-groupManagement] INFO  server.RaftServerConfigKeys (ConfUtils.java:logGet(46)) - raft.server.retrycache.expirytime = 600000ms (custom)
2024-05-06 09:01:25,075 [0e9e7d01-6cef-4822-a23d-4188eb8fb4d0-groupManagement] INFO  server.RaftServerConfigKeys (ConfUtils.java:logGet(46)) - raft.server.retrycache.statistics.expirytime = 100ms (default)
2024-05-06 09:01:25,075 [0e9e7d01-6cef-4822-a23d-4188eb8fb4d0-groupManagement] INFO  server.RaftServerConfigKeys (ConfUtils.java:logGet(46)) - raft.server.read.option = DEFAULT (default)
2024-05-06 09:01:25,075 [0e9e7d01-6cef-4822-a23d-4188eb8fb4d0-groupManagement] INFO  server.RaftServerConfigKeys (ConfUtils.java:logGet(46)) - raft.server.read.read-after-write-consistent.write-index-cache.expiry-time = 60s (default)
2024-05-06 09:01:25,076 [2bd728a8-2257-45fc-a304-d79856c752fc-groupManagement] INFO  server.RaftServerConfigKeys (ConfUtils.java:logGet(46)) - raft.server.log.appender.buffer.byte-limit = 8388608 (custom)
2024-05-06 09:01:25,076 [2bd728a8-2257-45fc-a304-d79856c752fc-groupManagement] INFO  server.RaftServerConfigKeys (ConfUtils.java:logGet(46)) - raft.server.log.unsafe-flush.enabled = false (default)
2024-05-06 09:01:25,076 [2bd728a8-2257-45fc-a304-d79856c752fc-groupManagement] INFO  server.RaftServerConfigKeys (ConfUtils.java:logGet(46)) - raft.server.log.async-flush.enabled = false (default)
2024-05-06 09:01:25,076 [2bd728a8-2257-45fc-a304-d79856c752fc-groupManagement] INFO  server.RaftServerConfigKeys (ConfUtils.java:logGet(46)) - raft.server.log.statemachine.data.caching.enabled = true (custom)
2024-05-06 09:01:25,076 [0e9e7d01-6cef-4822-a23d-4188eb8fb4d0-groupManagement] INFO  server.RaftServerConfigKeys (ConfUtils.java:logGet(46)) - raft.server.rpc.request.timeout = 3000ms (default)
2024-05-06 09:01:25,076 [2bd728a8-2257-45fc-a304-d79856c752fc-groupManagement] INFO  segmented.SegmentedRaftLogWorker (SegmentedRaftLogWorker.java:lambda$new$0(134)) - 2bd728a8-2257-45fc-a304-d79856c752fc@group-FFA1CD4EC552-SegmentedRaftLogWorker: flushIndex: setUnconditionally 0 -> -1
2024-05-06 09:01:25,077 [2bd728a8-2257-45fc-a304-d79856c752fc-groupManagement] INFO  segmented.SegmentedRaftLogWorker (SegmentedRaftLogWorker.java:lambda$new$0(134)) - 2bd728a8-2257-45fc-a304-d79856c752fc@group-FFA1CD4EC552-SegmentedRaftLogWorker: safeCacheEvictIndex: setUnconditionally 0 -> -1
2024-05-06 09:01:25,077 [0e9e7d01-6cef-4822-a23d-4188eb8fb4d0-groupManagement] INFO  server.RaftServerConfigKeys (ConfUtils.java:logGet(46)) - raft.server.log.appender.install.snapshot.enabled = false (custom)
2024-05-06 09:01:25,077 [0e9e7d01-6cef-4822-a23d-4188eb8fb4d0-groupManagement] INFO  server.RaftServerConfigKeys (ConfUtils.java:logGet(46)) - raft.server.threadpool.server.cached = true (default)
2024-05-06 09:01:25,077 [0e9e7d01-6cef-4822-a23d-4188eb8fb4d0-groupManagement] INFO  server.RaftServerConfigKeys (ConfUtils.java:logGet(46)) - raft.server.threadpool.server.size = 0 (default)
2024-05-06 09:01:25,077 [0e9e7d01-6cef-4822-a23d-4188eb8fb4d0-groupManagement] INFO  server.RaftServerConfigKeys (ConfUtils.java:logGet(46)) - raft.server.threadpool.client.cached = true (default)
2024-05-06 09:01:25,077 [0e9e7d01-6cef-4822-a23d-4188eb8fb4d0-groupManagement] INFO  server.RaftServerConfigKeys (ConfUtils.java:logGet(46)) - raft.server.threadpool.client.size = 0 (default)
2024-05-06 09:01:25,077 [0e9e7d01-6cef-4822-a23d-4188eb8fb4d0-groupManagement] INFO  server.RaftServerConfigKeys (ConfUtils.java:logGet(46)) - raft.server.storage.free-space.min = 0MB (=0) (default)
2024-05-06 09:01:25,077 [0e9e7d01-6cef-4822-a23d-4188eb8fb4d0-groupManagement] INFO  server.RaftServerConfigKeys (ConfUtils.java:logGet(46)) - raft.server.log.corruption.policy = EXCEPTION (default)
2024-05-06 09:01:25,077 [0e9e7d01-6cef-4822-a23d-4188eb8fb4d0-groupManagement] INFO  server.RaftServerConfigKeys (ConfUtils.java:logGet(46)) - raft.server.storage.dir = [/home/runner/work/ozone/ozone/hadoop-ozone/integration-test/target/test-dir/MiniOzoneClusterImpl-f8a20603-669c-41d5-94ea-e080bd68b2ef/ozone-meta/datanode-3/ratis] (custom)
2024-05-06 09:01:25,077 [0e9e7d01-6cef-4822-a23d-4188eb8fb4d0-groupManagement] INFO  storage.RaftStorageDirectory (RaftStorageDirectoryImpl.java:analyzeStorage(138)) - The storage directory /home/runner/work/ozone/ozone/hadoop-ozone/integration-test/target/test-dir/MiniOzoneClusterImpl-f8a20603-669c-41d5-94ea-e080bd68b2ef/ozone-meta/datanode-3/ratis/24bfffb9-f71d-40ca-a219-ffa1cd4ec552 does not exist. Creating ...
2024-05-06 09:01:25,078 [2bd728a8-2257-45fc-a304-d79856c752fc-groupManagement] INFO  server.RaftServer$Division (RaftServerImpl.java:start(396)) - 2bd728a8-2257-45fc-a304-d79856c752fc@group-FFA1CD4EC552: start as a follower, conf=-1: peers:[0e9e7d01-6cef-4822-a23d-4188eb8fb4d0|127.0.0.1:15085, 90b7064f-8397-4c9e-a509-54ea80c9149b|127.0.0.1:15067, 2bd728a8-2257-45fc-a304-d79856c752fc|127.0.0.1:15094]|listeners:[], old=null
2024-05-06 09:01:25,078 [2bd728a8-2257-45fc-a304-d79856c752fc-groupManagement] INFO  server.RaftServer$Division (RaftServerImpl.java:setRole(383)) - 2bd728a8-2257-45fc-a304-d79856c752fc@group-FFA1CD4EC552: changes role from      null to FOLLOWER at term 0 for startAsFollower
2024-05-06 09:01:25,078 [2bd728a8-2257-45fc-a304-d79856c752fc-groupManagement] INFO  impl.RoleInfo (RoleInfo.java:updateAndGet(139)) - 2bd728a8-2257-45fc-a304-d79856c752fc: start 2bd728a8-2257-45fc-a304-d79856c752fc@group-FFA1CD4EC552-FollowerState
2024-05-06 09:01:25,078 [0e9e7d01-6cef-4822-a23d-4188eb8fb4d0-groupManagement] INFO  storage.RaftStorageDirectory (RaftStorageDirectoryImpl.java:tryLock(228)) - Lock on /home/runner/work/ozone/ozone/hadoop-ozone/integration-test/target/test-dir/MiniOzoneClusterImpl-f8a20603-669c-41d5-94ea-e080bd68b2ef/ozone-meta/datanode-3/ratis/24bfffb9-f71d-40ca-a219-ffa1cd4ec552/in_use.lock acquired by nodename 54013@fv-az699-623
2024-05-06 09:01:25,078 [2bd728a8-2257-45fc-a304-d79856c752fc-groupManagement] INFO  util.JmxRegister (JmxRegister.java:tryRegister(44)) - Successfully registered JMX Bean with object name Ratis:service=RaftServer,group=group-FFA1CD4EC552,id=2bd728a8-2257-45fc-a304-d79856c752fc
2024-05-06 09:01:25,078 [2bd728a8-2257-45fc-a304-d79856c752fc-groupManagement] INFO  server.RaftServerConfigKeys (ConfUtils.java:logGet(46)) - raft.server.snapshot.trigger-when-stop.enabled = true (default)
2024-05-06 09:01:25,078 [2bd728a8-2257-45fc-a304-d79856c752fc-groupManagement] INFO  server.RaftServerConfigKeys (ConfUtils.java:logGet(46)) - raft.server.snapshot.auto.trigger.enabled = true (custom)
2024-05-06 09:01:25,078 [2bd728a8-2257-45fc-a304-d79856c752fc-groupManagement] INFO  server.RaftServerConfigKeys (ConfUtils.java:logGet(46)) - raft.server.snapshot.auto.trigger.threshold = 10000 (custom)
2024-05-06 09:01:25,078 [2bd728a8-2257-45fc-a304-d79856c752fc-groupManagement] INFO  server.RaftServerConfigKeys (ConfUtils.java:logGet(46)) - raft.server.snapshot.retention.file.num = 5 (custom)
2024-05-06 09:01:25,078 [2bd728a8-2257-45fc-a304-d79856c752fc-groupManagement] INFO  server.RaftServerConfigKeys (ConfUtils.java:logGet(46)) - raft.server.log.purge.upto.snapshot.index = false (default)
2024-05-06 09:01:25,079 [0e9e7d01-6cef-4822-a23d-4188eb8fb4d0-groupManagement] INFO  storage.RaftStorage (RaftStorageImpl.java:format(99)) - Storage directory /home/runner/work/ozone/ozone/hadoop-ozone/integration-test/target/test-dir/MiniOzoneClusterImpl-f8a20603-669c-41d5-94ea-e080bd68b2ef/ozone-meta/datanode-3/ratis/24bfffb9-f71d-40ca-a219-ffa1cd4ec552 has been successfully formatted.
2024-05-06 09:01:25,079 [2bd728a8-2257-45fc-a304-d79856c752fc-PipelineCommandHandlerThread-0] INFO  ratis.XceiverServerRatis (XceiverServerRatis.java:addGroup(864)) - Created group PipelineID=24bfffb9-f71d-40ca-a219-ffa1cd4ec552
2024-05-06 09:01:25,079 [0e9e7d01-6cef-4822-a23d-4188eb8fb4d0-groupManagement] WARN  util.FileUtils (LogUtils.java:supplyAndLog(63)) - Failed to Files.newInputStream /home/runner/work/ozone/ozone/hadoop-ozone/integration-test/target/test-dir/MiniOzoneClusterImpl-f8a20603-669c-41d5-94ea-e080bd68b2ef/ozone-meta/datanode-3/ratis/24bfffb9-f71d-40ca-a219-ffa1cd4ec552/current/raft-meta.conf with options []: java.nio.file.NoSuchFileException: /home/runner/work/ozone/ozone/hadoop-ozone/integration-test/target/test-dir/MiniOzoneClusterImpl-f8a20603-669c-41d5-94ea-e080bd68b2ef/ozone-meta/datanode-3/ratis/24bfffb9-f71d-40ca-a219-ffa1cd4ec552/current/raft-meta.conf
2024-05-06 09:01:25,079 [0e9e7d01-6cef-4822-a23d-4188eb8fb4d0-groupManagement] INFO  ratis.ContainerStateMachine (ContainerStateMachine.java:loadSnapshot(287)) - group-FFA1CD4EC552: The snapshot info is null. Setting the last applied index to:(t:0, i:~)
2024-05-06 09:01:25,082 [fa7233c5-99c6-4a1a-a2f1-81d332223322-PipelineCommandHandlerThread-0] INFO  server.RaftServer (RaftServerProxy.java:addNew(100)) - fa7233c5-99c6-4a1a-a2f1-81d332223322: addNew group-D8ADA5FCF697:[fa7233c5-99c6-4a1a-a2f1-81d332223322|127.0.0.1:15103, 90b7064f-8397-4c9e-a509-54ea80c9149b|127.0.0.1:15067, 2bd728a8-2257-45fc-a304-d79856c752fc|127.0.0.1:15094] returns group-D8ADA5FCF697:java.util.concurrent.CompletableFuture@1c40801d[Not completed]
2024-05-06 09:01:25,083 [fa7233c5-99c6-4a1a-a2f1-81d332223322-groupManagement] INFO  server.RaftServer$Division (RaftServerImpl.java:<init>(256)) - fa7233c5-99c6-4a1a-a2f1-81d332223322: new RaftServerImpl for group-D8ADA5FCF697:[fa7233c5-99c6-4a1a-a2f1-81d332223322|127.0.0.1:15103, 90b7064f-8397-4c9e-a509-54ea80c9149b|127.0.0.1:15067, 2bd728a8-2257-45fc-a304-d79856c752fc|127.0.0.1:15094] with ContainerStateMachine:uninitialized
2024-05-06 09:01:25,079 [2bd728a8-2257-45fc-a304-d79856c752fc@group-FFA1CD4EC552-FollowerState] INFO  server.RaftServerConfigKeys (ConfUtils.java:logFallback(53)) - raft.server.rpc.first-election.timeout.min = 5s (fallback to raft.server.rpc.timeout.min)
2024-05-06 09:01:25,080 [0e9e7d01-6cef-4822-a23d-4188eb8fb4d0-groupManagement] INFO  server.RaftServerConfigKeys (ConfUtils.java:logGet(46)) - raft.server.log.use.memory = false (default)
2024-05-06 09:01:25,087 [0e9e7d01-6cef-4822-a23d-4188eb8fb4d0-groupManagement] INFO  server.RaftServerConfigKeys (ConfUtils.java:logGet(46)) - raft.server.log.purge.gap = 1000000 (custom)
2024-05-06 09:01:25,087 [0e9e7d01-6cef-4822-a23d-4188eb8fb4d0-groupManagement] INFO  server.RaftServerConfigKeys (ConfUtils.java:logGet(46)) - raft.server.log.appender.buffer.byte-limit = 8388608 (custom)
2024-05-06 09:01:25,087 [0e9e7d01-6cef-4822-a23d-4188eb8fb4d0-groupManagement] INFO  server.RaftServerConfigKeys (ConfUtils.java:logGet(46)) - raft.server.log.statemachine.data.read.timeout = 1000ms (default)
2024-05-06 09:01:25,087 [0e9e7d01-6cef-4822-a23d-4188eb8fb4d0-groupManagement] INFO  server.RaftServerConfigKeys (ConfUtils.java:logGet(46)) - raft.server.log.purge.preservation.log.num = 0 (default)
2024-05-06 09:01:25,088 [0e9e7d01-6cef-4822-a23d-4188eb8fb4d0-groupManagement] INFO  server.RaftServerConfigKeys (ConfUtils.java:logGet(46)) - raft.server.log.segment.size.max = 67108864 (custom)
2024-05-06 09:01:25,088 [0e9e7d01-6cef-4822-a23d-4188eb8fb4d0-groupManagement] INFO  server.RaftServerConfigKeys (ConfUtils.java:logGet(46)) - raft.server.log.segment.cache.num.max = 2 (custom)
2024-05-06 09:01:25,088 [0e9e7d01-6cef-4822-a23d-4188eb8fb4d0-groupManagement] INFO  server.RaftServerConfigKeys (ConfUtils.java:logGet(46)) - raft.server.log.segment.cache.size.max = 200MB (=209715200) (default)
2024-05-06 09:01:25,088 [0e9e7d01-6cef-4822-a23d-4188eb8fb4d0-groupManagement] INFO  server.RaftServerConfigKeys (ConfUtils.java:logGet(46)) - raft.server.log.appender.buffer.byte-limit = 8388608 (custom)
2024-05-06 09:01:25,083 [fa7233c5-99c6-4a1a-a2f1-81d332223322-groupManagement] INFO  server.RaftServerConfigKeys (ConfUtils.java:logGet(46)) - raft.server.rpc.timeout.min = 5s (custom)
2024-05-06 09:01:25,088 [fa7233c5-99c6-4a1a-a2f1-81d332223322-groupManagement] INFO  server.RaftServerConfigKeys (ConfUtils.java:logGet(46)) - raft.server.rpc.timeout.max = 5200ms (custom)
2024-05-06 09:01:25,088 [fa7233c5-99c6-4a1a-a2f1-81d332223322-groupManagement] INFO  server.RaftServerConfigKeys (ConfUtils.java:logGet(46)) - raft.server.rpc.sleep.time = 25ms (default)
2024-05-06 09:01:25,088 [fa7233c5-99c6-4a1a-a2f1-81d332223322-groupManagement] INFO  server.RaftServerConfigKeys (ConfUtils.java:logGet(46)) - raft.server.rpc.slowness.timeout = 300000ms (custom)
2024-05-06 09:01:25,088 [fa7233c5-99c6-4a1a-a2f1-81d332223322-groupManagement] INFO  server.RaftServerConfigKeys (ConfUtils.java:logGet(46)) - raft.server.leaderelection.leader.step-down.wait-time = 10s (default)
2024-05-06 09:01:25,089 [fa7233c5-99c6-4a1a-a2f1-81d332223322-groupManagement] INFO  server.RaftServerConfigKeys (ConfUtils.java:logGet(46)) - raft.server.leaderelection.member.majority-add = false (default)
2024-05-06 09:01:25,089 [fa7233c5-99c6-4a1a-a2f1-81d332223322-groupManagement] INFO  server.RaftServerConfigKeys (ConfUtils.java:logGet(46)) - raft.server.sleep.deviation.threshold = 300ms (default)
2024-05-06 09:01:25,089 [fa7233c5-99c6-4a1a-a2f1-81d332223322-groupManagement] INFO  server.RaftServer$Division (ServerState.java:<init>(113)) - fa7233c5-99c6-4a1a-a2f1-81d332223322@group-D8ADA5FCF697: ConfigurationManager, init=-1: peers:[fa7233c5-99c6-4a1a-a2f1-81d332223322|127.0.0.1:15103, 90b7064f-8397-4c9e-a509-54ea80c9149b|127.0.0.1:15067, 2bd728a8-2257-45fc-a304-d79856c752fc|127.0.0.1:15094]|listeners:[], old=null, confs=<EMPTY_MAP>
2024-05-06 09:01:25,089 [fa7233c5-99c6-4a1a-a2f1-81d332223322-groupManagement] INFO  server.RaftServerConfigKeys (ConfUtils.java:logGet(46)) - raft.server.notification.no-leader.timeout = 300000ms (custom)
2024-05-06 09:01:25,089 [fa7233c5-99c6-4a1a-a2f1-81d332223322-groupManagement] INFO  server.RaftServerConfigKeys (ConfUtils.java:logGet(46)) - raft.server.read.timeout = 10s (default)
2024-05-06 09:01:25,089 [fa7233c5-99c6-4a1a-a2f1-81d332223322-groupManagement] INFO  server.RaftServerConfigKeys (ConfUtils.java:logGet(46)) - raft.server.retrycache.expirytime = 600000ms (custom)
2024-05-06 09:01:25,089 [fa7233c5-99c6-4a1a-a2f1-81d332223322-groupManagement] INFO  server.RaftServerConfigKeys (ConfUtils.java:logGet(46)) - raft.server.retrycache.statistics.expirytime = 100ms (default)
2024-05-06 09:01:25,089 [fa7233c5-99c6-4a1a-a2f1-81d332223322-groupManagement] INFO  server.RaftServerConfigKeys (ConfUtils.java:logGet(46)) - raft.server.read.option = DEFAULT (default)
2024-05-06 09:01:25,089 [fa7233c5-99c6-4a1a-a2f1-81d332223322-groupManagement] INFO  server.RaftServerConfigKeys (ConfUtils.java:logGet(46)) - raft.server.read.read-after-write-consistent.write-index-cache.expiry-time = 60s (default)
2024-05-06 09:01:25,091 [fa7233c5-99c6-4a1a-a2f1-81d332223322-groupManagement] INFO  server.RaftServerConfigKeys (ConfUtils.java:logGet(46)) - raft.server.rpc.request.timeout = 3000ms (default)
2024-05-06 09:01:25,091 [fa7233c5-99c6-4a1a-a2f1-81d332223322-groupManagement] INFO  server.RaftServerConfigKeys (ConfUtils.java:logGet(46)) - raft.server.log.appender.install.snapshot.enabled = false (custom)
2024-05-06 09:01:25,091 [fa7233c5-99c6-4a1a-a2f1-81d332223322-groupManagement] INFO  server.RaftServerConfigKeys (ConfUtils.java:logGet(46)) - raft.server.threadpool.server.cached = true (default)
2024-05-06 09:01:25,091 [fa7233c5-99c6-4a1a-a2f1-81d332223322-groupManagement] INFO  server.RaftServerConfigKeys (ConfUtils.java:logGet(46)) - raft.server.threadpool.server.size = 0 (default)
2024-05-06 09:01:25,091 [fa7233c5-99c6-4a1a-a2f1-81d332223322-groupManagement] INFO  server.RaftServerConfigKeys (ConfUtils.java:logGet(46)) - raft.server.threadpool.client.cached = true (default)
2024-05-06 09:01:25,091 [fa7233c5-99c6-4a1a-a2f1-81d332223322-groupManagement] INFO  server.RaftServerConfigKeys (ConfUtils.java:logGet(46)) - raft.server.threadpool.client.size = 0 (default)
2024-05-06 09:01:25,091 [fa7233c5-99c6-4a1a-a2f1-81d332223322-groupManagement] INFO  server.RaftServerConfigKeys (ConfUtils.java:logGet(46)) - raft.server.storage.free-space.min = 0MB (=0) (default)
2024-05-06 09:01:25,091 [fa7233c5-99c6-4a1a-a2f1-81d332223322-groupManagement] INFO  server.RaftServerConfigKeys (ConfUtils.java:logGet(46)) - raft.server.log.corruption.policy = EXCEPTION (default)
2024-05-06 09:01:25,091 [fa7233c5-99c6-4a1a-a2f1-81d332223322-groupManagement] INFO  server.RaftServerConfigKeys (ConfUtils.java:logGet(46)) - raft.server.storage.dir = [/home/runner/work/ozone/ozone/hadoop-ozone/integration-test/target/test-dir/MiniOzoneClusterImpl-f8a20603-669c-41d5-94ea-e080bd68b2ef/ozone-meta/datanode-5/ratis] (custom)
2024-05-06 09:01:25,087 [2bd728a8-2257-45fc-a304-d79856c752fc@group-FFA1CD4EC552-FollowerState] INFO  server.RaftServerConfigKeys (ConfUtils.java:logFallback(53)) - raft.server.rpc.first-election.timeout.max = 5200ms (fallback to raft.server.rpc.timeout.max)
2024-05-06 09:01:25,099 [fa7233c5-99c6-4a1a-a2f1-81d332223322-groupManagement] INFO  storage.RaftStorageDirectory (RaftStorageDirectoryImpl.java:analyzeStorage(138)) - The storage directory /home/runner/work/ozone/ozone/hadoop-ozone/integration-test/target/test-dir/MiniOzoneClusterImpl-f8a20603-669c-41d5-94ea-e080bd68b2ef/ozone-meta/datanode-5/ratis/02411cfa-4be8-485c-be5f-d8ada5fcf697 does not exist. Creating ...
2024-05-06 09:01:25,092 [0e9e7d01-6cef-4822-a23d-4188eb8fb4d0-groupManagement] INFO  util.AwaitToRun (AwaitToRun.java:start(81)) - Thread[0e9e7d01-6cef-4822-a23d-4188eb8fb4d0@group-FFA1CD4EC552-cacheEviction-AwaitToRun,5,main] started
2024-05-06 09:01:25,100 [0e9e7d01-6cef-4822-a23d-4188eb8fb4d0-groupManagement] INFO  segmented.SegmentedRaftLogWorker (SegmentedRaftLogWorker.java:<init>(182)) - new 0e9e7d01-6cef-4822-a23d-4188eb8fb4d0@group-FFA1CD4EC552-SegmentedRaftLogWorker for RaftStorageImpl:Storage Directory /home/runner/work/ozone/ozone/hadoop-ozone/integration-test/target/test-dir/MiniOzoneClusterImpl-f8a20603-669c-41d5-94ea-e080bd68b2ef/ozone-meta/datanode-3/ratis/24bfffb9-f71d-40ca-a219-ffa1cd4ec552
2024-05-06 09:01:25,100 [0e9e7d01-6cef-4822-a23d-4188eb8fb4d0-groupManagement] INFO  server.RaftServerConfigKeys (ConfUtils.java:logGet(46)) - raft.server.log.queue.byte-limit = 4294967296 (custom)
2024-05-06 09:01:25,100 [0e9e7d01-6cef-4822-a23d-4188eb8fb4d0-groupManagement] INFO  server.RaftServerConfigKeys (ConfUtils.java:logGet(46)) - raft.server.log.queue.element-limit = 1024 (custom)
2024-05-06 09:01:25,100 [0e9e7d01-6cef-4822-a23d-4188eb8fb4d0-groupManagement] INFO  server.RaftServerConfigKeys (ConfUtils.java:logGet(46)) - raft.server.log.segment.size.max = 67108864 (custom)
2024-05-06 09:01:25,100 [0e9e7d01-6cef-4822-a23d-4188eb8fb4d0-groupManagement] INFO  server.RaftServerConfigKeys (ConfUtils.java:logGet(46)) - raft.server.log.preallocated.size = 4194304 (custom)
2024-05-06 09:01:25,100 [0e9e7d01-6cef-4822-a23d-4188eb8fb4d0-groupManagement] INFO  server.RaftServerConfigKeys (ConfUtils.java:logGet(46)) - raft.server.log.force.sync.num = 128 (default)
2024-05-06 09:01:25,101 [0e9e7d01-6cef-4822-a23d-4188eb8fb4d0-groupManagement] INFO  server.RaftServerConfigKeys (ConfUtils.java:logGet(46)) - raft.server.log.statemachine.data.sync = true (default)
2024-05-06 09:01:25,101 [0e9e7d01-6cef-4822-a23d-4188eb8fb4d0-groupManagement] INFO  server.RaftServerConfigKeys (ConfUtils.java:logGet(46)) - raft.server.log.statemachine.data.sync.timeout = 10s (default)
2024-05-06 09:01:25,101 [0e9e7d01-6cef-4822-a23d-4188eb8fb4d0-groupManagement] INFO  server.RaftServerConfigKeys (ConfUtils.java:logGet(46)) - raft.server.log.statemachine.data.sync.timeout.retry = 30 (custom)
2024-05-06 09:01:25,101 [0e9e7d01-6cef-4822-a23d-4188eb8fb4d0-groupManagement] INFO  server.RaftServerConfigKeys (ConfUtils.java:logGet(46)) - raft.server.log.write.buffer.size = 8388616 (custom)
2024-05-06 09:01:25,102 [0e9e7d01-6cef-4822-a23d-4188eb8fb4d0-groupManagement] INFO  server.RaftServerConfigKeys (ConfUtils.java:logGet(46)) - raft.server.log.appender.buffer.byte-limit = 8388608 (custom)
2024-05-06 09:01:25,102 [0e9e7d01-6cef-4822-a23d-4188eb8fb4d0-groupManagement] INFO  server.RaftServerConfigKeys (ConfUtils.java:logGet(46)) - raft.server.log.unsafe-flush.enabled = false (default)
2024-05-06 09:01:25,102 [0e9e7d01-6cef-4822-a23d-4188eb8fb4d0-groupManagement] INFO  server.RaftServerConfigKeys (ConfUtils.java:logGet(46)) - raft.server.log.async-flush.enabled = false (default)
2024-05-06 09:01:25,102 [0e9e7d01-6cef-4822-a23d-4188eb8fb4d0-groupManagement] INFO  server.RaftServerConfigKeys (ConfUtils.java:logGet(46)) - raft.server.log.statemachine.data.caching.enabled = true (custom)
2024-05-06 09:01:25,102 [0e9e7d01-6cef-4822-a23d-4188eb8fb4d0-groupManagement] INFO  segmented.SegmentedRaftLogWorker (SegmentedRaftLogWorker.java:lambda$new$0(134)) - 0e9e7d01-6cef-4822-a23d-4188eb8fb4d0@group-FFA1CD4EC552-SegmentedRaftLogWorker: flushIndex: setUnconditionally 0 -> -1
2024-05-06 09:01:25,102 [0e9e7d01-6cef-4822-a23d-4188eb8fb4d0-groupManagement] INFO  segmented.SegmentedRaftLogWorker (SegmentedRaftLogWorker.java:lambda$new$0(134)) - 0e9e7d01-6cef-4822-a23d-4188eb8fb4d0@group-FFA1CD4EC552-SegmentedRaftLogWorker: safeCacheEvictIndex: setUnconditionally 0 -> -1
2024-05-06 09:01:25,103 [0e9e7d01-6cef-4822-a23d-4188eb8fb4d0-groupManagement] INFO  server.RaftServer$Division (RaftServerImpl.java:start(396)) - 0e9e7d01-6cef-4822-a23d-4188eb8fb4d0@group-FFA1CD4EC552: start as a follower, conf=-1: peers:[0e9e7d01-6cef-4822-a23d-4188eb8fb4d0|127.0.0.1:15085, 90b7064f-8397-4c9e-a509-54ea80c9149b|127.0.0.1:15067, 2bd728a8-2257-45fc-a304-d79856c752fc|127.0.0.1:15094]|listeners:[], old=null
2024-05-06 09:01:25,103 [0e9e7d01-6cef-4822-a23d-4188eb8fb4d0-groupManagement] INFO  server.RaftServer$Division (RaftServerImpl.java:setRole(383)) - 0e9e7d01-6cef-4822-a23d-4188eb8fb4d0@group-FFA1CD4EC552: changes role from      null to FOLLOWER at term 0 for startAsFollower
2024-05-06 09:01:25,103 [0e9e7d01-6cef-4822-a23d-4188eb8fb4d0-groupManagement] INFO  impl.RoleInfo (RoleInfo.java:updateAndGet(139)) - 0e9e7d01-6cef-4822-a23d-4188eb8fb4d0: start 0e9e7d01-6cef-4822-a23d-4188eb8fb4d0@group-FFA1CD4EC552-FollowerState
2024-05-06 09:01:25,103 [0e9e7d01-6cef-4822-a23d-4188eb8fb4d0@group-FFA1CD4EC552-FollowerState] INFO  server.RaftServerConfigKeys (ConfUtils.java:logFallback(53)) - raft.server.rpc.first-election.timeout.min = 5s (fallback to raft.server.rpc.timeout.min)
2024-05-06 09:01:25,103 [fa7233c5-99c6-4a1a-a2f1-81d332223322-groupManagement] INFO  storage.RaftStorageDirectory (RaftStorageDirectoryImpl.java:tryLock(228)) - Lock on /home/runner/work/ozone/ozone/hadoop-ozone/integration-test/target/test-dir/MiniOzoneClusterImpl-f8a20603-669c-41d5-94ea-e080bd68b2ef/ozone-meta/datanode-5/ratis/02411cfa-4be8-485c-be5f-d8ada5fcf697/in_use.lock acquired by nodename 54013@fv-az699-623
2024-05-06 09:01:25,103 [0e9e7d01-6cef-4822-a23d-4188eb8fb4d0-groupManagement] INFO  util.JmxRegister (JmxRegister.java:tryRegister(44)) - Successfully registered JMX Bean with object name Ratis:service=RaftServer,group=group-FFA1CD4EC552,id=0e9e7d01-6cef-4822-a23d-4188eb8fb4d0
2024-05-06 09:01:25,104 [0e9e7d01-6cef-4822-a23d-4188eb8fb4d0-groupManagement] INFO  server.RaftServerConfigKeys (ConfUtils.java:logGet(46)) - raft.server.snapshot.trigger-when-stop.enabled = true (default)
2024-05-06 09:01:25,104 [0e9e7d01-6cef-4822-a23d-4188eb8fb4d0-groupManagement] INFO  server.RaftServerConfigKeys (ConfUtils.java:logGet(46)) - raft.server.snapshot.auto.trigger.enabled = true (custom)
2024-05-06 09:01:25,104 [0e9e7d01-6cef-4822-a23d-4188eb8fb4d0-groupManagement] INFO  server.RaftServerConfigKeys (ConfUtils.java:logGet(46)) - raft.server.snapshot.auto.trigger.threshold = 10000 (custom)
2024-05-06 09:01:25,104 [0e9e7d01-6cef-4822-a23d-4188eb8fb4d0-groupManagement] INFO  server.RaftServerConfigKeys (ConfUtils.java:logGet(46)) - raft.server.snapshot.retention.file.num = 5 (custom)
2024-05-06 09:01:25,104 [0e9e7d01-6cef-4822-a23d-4188eb8fb4d0-groupManagement] INFO  server.RaftServerConfigKeys (ConfUtils.java:logGet(46)) - raft.server.log.purge.upto.snapshot.index = false (default)
2024-05-06 09:01:25,103 [0e9e7d01-6cef-4822-a23d-4188eb8fb4d0@group-FFA1CD4EC552-FollowerState] INFO  server.RaftServerConfigKeys (ConfUtils.java:logFallback(53)) - raft.server.rpc.first-election.timeout.max = 5200ms (fallback to raft.server.rpc.timeout.max)
2024-05-06 09:01:25,105 [fa7233c5-99c6-4a1a-a2f1-81d332223322-groupManagement] INFO  storage.RaftStorage (RaftStorageImpl.java:format(99)) - Storage directory /home/runner/work/ozone/ozone/hadoop-ozone/integration-test/target/test-dir/MiniOzoneClusterImpl-f8a20603-669c-41d5-94ea-e080bd68b2ef/ozone-meta/datanode-5/ratis/02411cfa-4be8-485c-be5f-d8ada5fcf697 has been successfully formatted.
2024-05-06 09:01:25,105 [fa7233c5-99c6-4a1a-a2f1-81d332223322-groupManagement] WARN  util.FileUtils (LogUtils.java:supplyAndLog(63)) - Failed to Files.newInputStream /home/runner/work/ozone/ozone/hadoop-ozone/integration-test/target/test-dir/MiniOzoneClusterImpl-f8a20603-669c-41d5-94ea-e080bd68b2ef/ozone-meta/datanode-5/ratis/02411cfa-4be8-485c-be5f-d8ada5fcf697/current/raft-meta.conf with options []: java.nio.file.NoSuchFileException: /home/runner/work/ozone/ozone/hadoop-ozone/integration-test/target/test-dir/MiniOzoneClusterImpl-f8a20603-669c-41d5-94ea-e080bd68b2ef/ozone-meta/datanode-5/ratis/02411cfa-4be8-485c-be5f-d8ada5fcf697/current/raft-meta.conf
2024-05-06 09:01:25,107 [fa7233c5-99c6-4a1a-a2f1-81d332223322-groupManagement] INFO  ratis.ContainerStateMachine (ContainerStateMachine.java:loadSnapshot(287)) - group-D8ADA5FCF697: The snapshot info is null. Setting the last applied index to:(t:0, i:~)
2024-05-06 09:01:25,107 [fa7233c5-99c6-4a1a-a2f1-81d332223322-groupManagement] INFO  server.RaftServerConfigKeys (ConfUtils.java:logGet(46)) - raft.server.log.use.memory = false (default)
2024-05-06 09:01:25,107 [fa7233c5-99c6-4a1a-a2f1-81d332223322-groupManagement] INFO  server.RaftServerConfigKeys (ConfUtils.java:logGet(46)) - raft.server.log.purge.gap = 1000000 (custom)
2024-05-06 09:01:25,107 [fa7233c5-99c6-4a1a-a2f1-81d332223322-groupManagement] INFO  server.RaftServerConfigKeys (ConfUtils.java:logGet(46)) - raft.server.log.appender.buffer.byte-limit = 8388608 (custom)
2024-05-06 09:01:25,108 [fa7233c5-99c6-4a1a-a2f1-81d332223322-groupManagement] INFO  server.RaftServerConfigKeys (ConfUtils.java:logGet(46)) - raft.server.log.statemachine.data.read.timeout = 1000ms (default)
2024-05-06 09:01:25,108 [fa7233c5-99c6-4a1a-a2f1-81d332223322-groupManagement] INFO  server.RaftServerConfigKeys (ConfUtils.java:logGet(46)) - raft.server.log.purge.preservation.log.num = 0 (default)
2024-05-06 09:01:25,109 [fa7233c5-99c6-4a1a-a2f1-81d332223322-groupManagement] INFO  server.RaftServerConfigKeys (ConfUtils.java:logGet(46)) - raft.server.log.segment.size.max = 67108864 (custom)
2024-05-06 09:01:25,110 [fa7233c5-99c6-4a1a-a2f1-81d332223322-groupManagement] INFO  server.RaftServerConfigKeys (ConfUtils.java:logGet(46)) - raft.server.log.segment.cache.num.max = 2 (custom)
2024-05-06 09:01:25,110 [fa7233c5-99c6-4a1a-a2f1-81d332223322-groupManagement] INFO  server.RaftServerConfigKeys (ConfUtils.java:logGet(46)) - raft.server.log.segment.cache.size.max = 200MB (=209715200) (default)
2024-05-06 09:01:25,110 [fa7233c5-99c6-4a1a-a2f1-81d332223322-groupManagement] INFO  server.RaftServerConfigKeys (ConfUtils.java:logGet(46)) - raft.server.log.appender.buffer.byte-limit = 8388608 (custom)
2024-05-06 09:01:25,115 [fa7233c5-99c6-4a1a-a2f1-81d332223322-groupManagement] INFO  util.AwaitToRun (AwaitToRun.java:start(81)) - Thread[fa7233c5-99c6-4a1a-a2f1-81d332223322@group-D8ADA5FCF697-cacheEviction-AwaitToRun,5,main] started
2024-05-06 09:01:25,115 [fa7233c5-99c6-4a1a-a2f1-81d332223322-groupManagement] INFO  segmented.SegmentedRaftLogWorker (SegmentedRaftLogWorker.java:<init>(182)) - new fa7233c5-99c6-4a1a-a2f1-81d332223322@group-D8ADA5FCF697-SegmentedRaftLogWorker for RaftStorageImpl:Storage Directory /home/runner/work/ozone/ozone/hadoop-ozone/integration-test/target/test-dir/MiniOzoneClusterImpl-f8a20603-669c-41d5-94ea-e080bd68b2ef/ozone-meta/datanode-5/ratis/02411cfa-4be8-485c-be5f-d8ada5fcf697
2024-05-06 09:01:25,115 [fa7233c5-99c6-4a1a-a2f1-81d332223322-groupManagement] INFO  server.RaftServerConfigKeys (ConfUtils.java:logGet(46)) - raft.server.log.queue.byte-limit = 4294967296 (custom)
2024-05-06 09:01:25,115 [fa7233c5-99c6-4a1a-a2f1-81d332223322-groupManagement] INFO  server.RaftServerConfigKeys (ConfUtils.java:logGet(46)) - raft.server.log.queue.element-limit = 1024 (custom)
2024-05-06 09:01:25,115 [fa7233c5-99c6-4a1a-a2f1-81d332223322-groupManagement] INFO  server.RaftServerConfigKeys (ConfUtils.java:logGet(46)) - raft.server.log.segment.size.max = 67108864 (custom)
2024-05-06 09:01:25,115 [fa7233c5-99c6-4a1a-a2f1-81d332223322-groupManagement] INFO  server.RaftServerConfigKeys (ConfUtils.java:logGet(46)) - raft.server.log.preallocated.size = 4194304 (custom)
2024-05-06 09:01:25,115 [fa7233c5-99c6-4a1a-a2f1-81d332223322-groupManagement] INFO  server.RaftServerConfigKeys (ConfUtils.java:logGet(46)) - raft.server.log.force.sync.num = 128 (default)
2024-05-06 09:01:25,115 [fa7233c5-99c6-4a1a-a2f1-81d332223322-groupManagement] INFO  server.RaftServerConfigKeys (ConfUtils.java:logGet(46)) - raft.server.log.statemachine.data.sync = true (default)
2024-05-06 09:01:25,115 [fa7233c5-99c6-4a1a-a2f1-81d332223322-groupManagement] INFO  server.RaftServerConfigKeys (ConfUtils.java:logGet(46)) - raft.server.log.statemachine.data.sync.timeout = 10s (default)
2024-05-06 09:01:25,116 [fa7233c5-99c6-4a1a-a2f1-81d332223322-groupManagement] INFO  server.RaftServerConfigKeys (ConfUtils.java:logGet(46)) - raft.server.log.statemachine.data.sync.timeout.retry = 30 (custom)
2024-05-06 09:01:25,116 [fa7233c5-99c6-4a1a-a2f1-81d332223322-groupManagement] INFO  server.RaftServerConfigKeys (ConfUtils.java:logGet(46)) - raft.server.log.write.buffer.size = 8388616 (custom)
2024-05-06 09:01:25,119 [fa7233c5-99c6-4a1a-a2f1-81d332223322-groupManagement] INFO  server.RaftServerConfigKeys (ConfUtils.java:logGet(46)) - raft.server.log.appender.buffer.byte-limit = 8388608 (custom)
2024-05-06 09:01:25,119 [fa7233c5-99c6-4a1a-a2f1-81d332223322-groupManagement] INFO  server.RaftServerConfigKeys (ConfUtils.java:logGet(46)) - raft.server.log.unsafe-flush.enabled = false (default)
2024-05-06 09:01:25,119 [fa7233c5-99c6-4a1a-a2f1-81d332223322-groupManagement] INFO  server.RaftServerConfigKeys (ConfUtils.java:logGet(46)) - raft.server.log.async-flush.enabled = false (default)
2024-05-06 09:01:25,119 [fa7233c5-99c6-4a1a-a2f1-81d332223322-groupManagement] INFO  server.RaftServerConfigKeys (ConfUtils.java:logGet(46)) - raft.server.log.statemachine.data.caching.enabled = true (custom)
2024-05-06 09:01:25,119 [fa7233c5-99c6-4a1a-a2f1-81d332223322-groupManagement] INFO  segmented.SegmentedRaftLogWorker (SegmentedRaftLogWorker.java:lambda$new$0(134)) - fa7233c5-99c6-4a1a-a2f1-81d332223322@group-D8ADA5FCF697-SegmentedRaftLogWorker: flushIndex: setUnconditionally 0 -> -1
2024-05-06 09:01:25,120 [fa7233c5-99c6-4a1a-a2f1-81d332223322-groupManagement] INFO  segmented.SegmentedRaftLogWorker (SegmentedRaftLogWorker.java:lambda$new$0(134)) - fa7233c5-99c6-4a1a-a2f1-81d332223322@group-D8ADA5FCF697-SegmentedRaftLogWorker: safeCacheEvictIndex: setUnconditionally 0 -> -1
2024-05-06 09:01:25,125 [2bd728a8-2257-45fc-a304-d79856c752fc-PipelineCommandHandlerThread-0] INFO  commandhandler.CreatePipelineCommandHandler (CreatePipelineCommandHandler.java:lambda$handle$2(124)) - Created Pipeline RATIS THREE PipelineID=24bfffb9-f71d-40ca-a219-ffa1cd4ec552.
2024-05-06 09:01:25,125 [2bd728a8-2257-45fc-a304-d79856c752fc-PipelineCommandHandlerThread-0] INFO  server.RaftServer (RaftServerProxy.java:addNew(100)) - 2bd728a8-2257-45fc-a304-d79856c752fc: addNew group-D8ADA5FCF697:[fa7233c5-99c6-4a1a-a2f1-81d332223322|127.0.0.1:15103, 90b7064f-8397-4c9e-a509-54ea80c9149b|127.0.0.1:15067, 2bd728a8-2257-45fc-a304-d79856c752fc|127.0.0.1:15094] returns group-D8ADA5FCF697:java.util.concurrent.CompletableFuture@216ebd32[Not completed]
2024-05-06 09:01:25,126 [fa7233c5-99c6-4a1a-a2f1-81d332223322-groupManagement] INFO  server.RaftServer$Division (RaftServerImpl.java:start(396)) - fa7233c5-99c6-4a1a-a2f1-81d332223322@group-D8ADA5FCF697: start as a follower, conf=-1: peers:[fa7233c5-99c6-4a1a-a2f1-81d332223322|127.0.0.1:15103, 90b7064f-8397-4c9e-a509-54ea80c9149b|127.0.0.1:15067, 2bd728a8-2257-45fc-a304-d79856c752fc|127.0.0.1:15094]|listeners:[], old=null
2024-05-06 09:01:25,126 [fa7233c5-99c6-4a1a-a2f1-81d332223322-groupManagement] INFO  server.RaftServer$Division (RaftServerImpl.java:setRole(383)) - fa7233c5-99c6-4a1a-a2f1-81d332223322@group-D8ADA5FCF697: changes role from      null to FOLLOWER at term 0 for startAsFollower
2024-05-06 09:01:25,126 [fa7233c5-99c6-4a1a-a2f1-81d332223322-groupManagement] INFO  impl.RoleInfo (RoleInfo.java:updateAndGet(139)) - fa7233c5-99c6-4a1a-a2f1-81d332223322: start fa7233c5-99c6-4a1a-a2f1-81d332223322@group-D8ADA5FCF697-FollowerState
2024-05-06 09:01:25,126 [fa7233c5-99c6-4a1a-a2f1-81d332223322@group-D8ADA5FCF697-FollowerState] INFO  server.RaftServerConfigKeys (ConfUtils.java:logFallback(53)) - raft.server.rpc.first-election.timeout.min = 5s (fallback to raft.server.rpc.timeout.min)
2024-05-06 09:01:25,126 [fa7233c5-99c6-4a1a-a2f1-81d332223322-groupManagement] INFO  util.JmxRegister (JmxRegister.java:tryRegister(44)) - Successfully registered JMX Bean with object name Ratis:service=RaftServer,group=group-D8ADA5FCF697,id=fa7233c5-99c6-4a1a-a2f1-81d332223322
2024-05-06 09:01:25,126 [fa7233c5-99c6-4a1a-a2f1-81d332223322@group-D8ADA5FCF697-FollowerState] INFO  server.RaftServerConfigKeys (ConfUtils.java:logFallback(53)) - raft.server.rpc.first-election.timeout.max = 5200ms (fallback to raft.server.rpc.timeout.max)
2024-05-06 09:01:25,126 [fa7233c5-99c6-4a1a-a2f1-81d332223322-groupManagement] INFO  server.RaftServerConfigKeys (ConfUtils.java:logGet(46)) - raft.server.snapshot.trigger-when-stop.enabled = true (default)
2024-05-06 09:01:25,126 [2bd728a8-2257-45fc-a304-d79856c752fc-groupManagement] INFO  server.RaftServer$Division (RaftServerImpl.java:<init>(256)) - 2bd728a8-2257-45fc-a304-d79856c752fc: new RaftServerImpl for group-D8ADA5FCF697:[fa7233c5-99c6-4a1a-a2f1-81d332223322|127.0.0.1:15103, 90b7064f-8397-4c9e-a509-54ea80c9149b|127.0.0.1:15067, 2bd728a8-2257-45fc-a304-d79856c752fc|127.0.0.1:15094] with ContainerStateMachine:uninitialized
2024-05-06 09:01:25,126 [fa7233c5-99c6-4a1a-a2f1-81d332223322-groupManagement] INFO  server.RaftServerConfigKeys (ConfUtils.java:logGet(46)) - raft.server.snapshot.auto.trigger.enabled = true (custom)
2024-05-06 09:01:25,126 [2bd728a8-2257-45fc-a304-d79856c752fc-groupManagement] INFO  server.RaftServerConfigKeys (ConfUtils.java:logGet(46)) - raft.server.rpc.timeout.min = 5s (custom)
2024-05-06 09:01:25,126 [fa7233c5-99c6-4a1a-a2f1-81d332223322-groupManagement] INFO  server.RaftServerConfigKeys (ConfUtils.java:logGet(46)) - raft.server.snapshot.auto.trigger.threshold = 10000 (custom)
2024-05-06 09:01:25,126 [2bd728a8-2257-45fc-a304-d79856c752fc-groupManagement] INFO  server.RaftServerConfigKeys (ConfUtils.java:logGet(46)) - raft.server.rpc.timeout.max = 5200ms (custom)
2024-05-06 09:01:25,126 [fa7233c5-99c6-4a1a-a2f1-81d332223322-groupManagement] INFO  server.RaftServerConfigKeys (ConfUtils.java:logGet(46)) - raft.server.snapshot.retention.file.num = 5 (custom)
2024-05-06 09:01:25,126 [2bd728a8-2257-45fc-a304-d79856c752fc-groupManagement] INFO  server.RaftServerConfigKeys (ConfUtils.java:logGet(46)) - raft.server.rpc.sleep.time = 25ms (default)
2024-05-06 09:01:25,127 [2bd728a8-2257-45fc-a304-d79856c752fc-groupManagement] INFO  server.RaftServerConfigKeys (ConfUtils.java:logGet(46)) - raft.server.rpc.slowness.timeout = 300000ms (custom)
2024-05-06 09:01:25,127 [2bd728a8-2257-45fc-a304-d79856c752fc-groupManagement] INFO  server.RaftServerConfigKeys (ConfUtils.java:logGet(46)) - raft.server.leaderelection.leader.step-down.wait-time = 10s (default)
2024-05-06 09:01:25,127 [2bd728a8-2257-45fc-a304-d79856c752fc-groupManagement] INFO  server.RaftServerConfigKeys (ConfUtils.java:logGet(46)) - raft.server.leaderelection.member.majority-add = false (default)
2024-05-06 09:01:25,127 [2bd728a8-2257-45fc-a304-d79856c752fc-groupManagement] INFO  server.RaftServerConfigKeys (ConfUtils.java:logGet(46)) - raft.server.sleep.deviation.threshold = 300ms (default)
2024-05-06 09:01:25,127 [2bd728a8-2257-45fc-a304-d79856c752fc-groupManagement] INFO  server.RaftServer$Division (ServerState.java:<init>(113)) - 2bd728a8-2257-45fc-a304-d79856c752fc@group-D8ADA5FCF697: ConfigurationManager, init=-1: peers:[fa7233c5-99c6-4a1a-a2f1-81d332223322|127.0.0.1:15103, 90b7064f-8397-4c9e-a509-54ea80c9149b|127.0.0.1:15067, 2bd728a8-2257-45fc-a304-d79856c752fc|127.0.0.1:15094]|listeners:[], old=null, confs=<EMPTY_MAP>
2024-05-06 09:01:25,127 [2bd728a8-2257-45fc-a304-d79856c752fc-groupManagement] INFO  server.RaftServerConfigKeys (ConfUtils.java:logGet(46)) - raft.server.notification.no-leader.timeout = 300000ms (custom)
2024-05-06 09:01:25,127 [2bd728a8-2257-45fc-a304-d79856c752fc-groupManagement] INFO  server.RaftServerConfigKeys (ConfUtils.java:logGet(46)) - raft.server.read.timeout = 10s (default)
2024-05-06 09:01:25,127 [2bd728a8-2257-45fc-a304-d79856c752fc-groupManagement] INFO  server.RaftServerConfigKeys (ConfUtils.java:logGet(46)) - raft.server.retrycache.expirytime = 600000ms (custom)
2024-05-06 09:01:25,127 [2bd728a8-2257-45fc-a304-d79856c752fc-groupManagement] INFO  server.RaftServerConfigKeys (ConfUtils.java:logGet(46)) - raft.server.retrycache.statistics.expirytime = 100ms (default)
2024-05-06 09:01:25,127 [2bd728a8-2257-45fc-a304-d79856c752fc-groupManagement] INFO  server.RaftServerConfigKeys (ConfUtils.java:logGet(46)) - raft.server.read.option = DEFAULT (default)
2024-05-06 09:01:25,127 [2bd728a8-2257-45fc-a304-d79856c752fc-groupManagement] INFO  server.RaftServerConfigKeys (ConfUtils.java:logGet(46)) - raft.server.read.read-after-write-consistent.write-index-cache.expiry-time = 60s (default)
2024-05-06 09:01:25,129 [2bd728a8-2257-45fc-a304-d79856c752fc-groupManagement] INFO  server.RaftServerConfigKeys (ConfUtils.java:logGet(46)) - raft.server.rpc.request.timeout = 3000ms (default)
2024-05-06 09:01:25,129 [2bd728a8-2257-45fc-a304-d79856c752fc-groupManagement] INFO  server.RaftServerConfigKeys (ConfUtils.java:logGet(46)) - raft.server.log.appender.install.snapshot.enabled = false (custom)
2024-05-06 09:01:25,129 [2bd728a8-2257-45fc-a304-d79856c752fc-groupManagement] INFO  server.RaftServerConfigKeys (ConfUtils.java:logGet(46)) - raft.server.threadpool.server.cached = true (default)
2024-05-06 09:01:25,129 [2bd728a8-2257-45fc-a304-d79856c752fc-groupManagement] INFO  server.RaftServerConfigKeys (ConfUtils.java:logGet(46)) - raft.server.threadpool.server.size = 0 (default)
2024-05-06 09:01:25,129 [2bd728a8-2257-45fc-a304-d79856c752fc-groupManagement] INFO  server.RaftServerConfigKeys (ConfUtils.java:logGet(46)) - raft.server.threadpool.client.cached = true (default)
2024-05-06 09:01:25,129 [2bd728a8-2257-45fc-a304-d79856c752fc-groupManagement] INFO  server.RaftServerConfigKeys (ConfUtils.java:logGet(46)) - raft.server.threadpool.client.size = 0 (default)
2024-05-06 09:01:25,129 [2bd728a8-2257-45fc-a304-d79856c752fc-groupManagement] INFO  server.RaftServerConfigKeys (ConfUtils.java:logGet(46)) - raft.server.storage.free-space.min = 0MB (=0) (default)
2024-05-06 09:01:25,129 [2bd728a8-2257-45fc-a304-d79856c752fc-groupManagement] INFO  server.RaftServerConfigKeys (ConfUtils.java:logGet(46)) - raft.server.log.corruption.policy = EXCEPTION (default)
2024-05-06 09:01:25,129 [2bd728a8-2257-45fc-a304-d79856c752fc-groupManagement] INFO  server.RaftServerConfigKeys (ConfUtils.java:logGet(46)) - raft.server.storage.dir = [/home/runner/work/ozone/ozone/hadoop-ozone/integration-test/target/test-dir/MiniOzoneClusterImpl-f8a20603-669c-41d5-94ea-e080bd68b2ef/ozone-meta/datanode-4/ratis] (custom)
2024-05-06 09:01:25,130 [2bd728a8-2257-45fc-a304-d79856c752fc-groupManagement] INFO  storage.RaftStorageDirectory (RaftStorageDirectoryImpl.java:analyzeStorage(138)) - The storage directory /home/runner/work/ozone/ozone/hadoop-ozone/integration-test/target/test-dir/MiniOzoneClusterImpl-f8a20603-669c-41d5-94ea-e080bd68b2ef/ozone-meta/datanode-4/ratis/02411cfa-4be8-485c-be5f-d8ada5fcf697 does not exist. Creating ...
2024-05-06 09:01:25,126 [fa7233c5-99c6-4a1a-a2f1-81d332223322-groupManagement] INFO  server.RaftServerConfigKeys (ConfUtils.java:logGet(46)) - raft.server.log.purge.upto.snapshot.index = false (default)
2024-05-06 09:01:25,131 [fa7233c5-99c6-4a1a-a2f1-81d332223322-PipelineCommandHandlerThread-0] INFO  ratis.XceiverServerRatis (XceiverServerRatis.java:addGroup(864)) - Created group PipelineID=02411cfa-4be8-485c-be5f-d8ada5fcf697
2024-05-06 09:01:25,134 [2bd728a8-2257-45fc-a304-d79856c752fc-groupManagement] INFO  storage.RaftStorageDirectory (RaftStorageDirectoryImpl.java:tryLock(228)) - Lock on /home/runner/work/ozone/ozone/hadoop-ozone/integration-test/target/test-dir/MiniOzoneClusterImpl-f8a20603-669c-41d5-94ea-e080bd68b2ef/ozone-meta/datanode-4/ratis/02411cfa-4be8-485c-be5f-d8ada5fcf697/in_use.lock acquired by nodename 54013@fv-az699-623
2024-05-06 09:01:25,138 [2bd728a8-2257-45fc-a304-d79856c752fc-groupManagement] INFO  storage.RaftStorage (RaftStorageImpl.java:format(99)) - Storage directory /home/runner/work/ozone/ozone/hadoop-ozone/integration-test/target/test-dir/MiniOzoneClusterImpl-f8a20603-669c-41d5-94ea-e080bd68b2ef/ozone-meta/datanode-4/ratis/02411cfa-4be8-485c-be5f-d8ada5fcf697 has been successfully formatted.
2024-05-06 09:01:25,138 [2bd728a8-2257-45fc-a304-d79856c752fc-groupManagement] WARN  util.FileUtils (LogUtils.java:supplyAndLog(63)) - Failed to Files.newInputStream /home/runner/work/ozone/ozone/hadoop-ozone/integration-test/target/test-dir/MiniOzoneClusterImpl-f8a20603-669c-41d5-94ea-e080bd68b2ef/ozone-meta/datanode-4/ratis/02411cfa-4be8-485c-be5f-d8ada5fcf697/current/raft-meta.conf with options []: java.nio.file.NoSuchFileException: /home/runner/work/ozone/ozone/hadoop-ozone/integration-test/target/test-dir/MiniOzoneClusterImpl-f8a20603-669c-41d5-94ea-e080bd68b2ef/ozone-meta/datanode-4/ratis/02411cfa-4be8-485c-be5f-d8ada5fcf697/current/raft-meta.conf
2024-05-06 09:01:25,139 [2bd728a8-2257-45fc-a304-d79856c752fc-groupManagement] INFO  ratis.ContainerStateMachine (ContainerStateMachine.java:loadSnapshot(287)) - group-D8ADA5FCF697: The snapshot info is null. Setting the last applied index to:(t:0, i:~)
2024-05-06 09:01:25,139 [2bd728a8-2257-45fc-a304-d79856c752fc-groupManagement] INFO  server.RaftServerConfigKeys (ConfUtils.java:logGet(46)) - raft.server.log.use.memory = false (default)
2024-05-06 09:01:25,139 [2bd728a8-2257-45fc-a304-d79856c752fc-groupManagement] INFO  server.RaftServerConfigKeys (ConfUtils.java:logGet(46)) - raft.server.log.purge.gap = 1000000 (custom)
2024-05-06 09:01:25,139 [2bd728a8-2257-45fc-a304-d79856c752fc-groupManagement] INFO  server.RaftServerConfigKeys (ConfUtils.java:logGet(46)) - raft.server.log.appender.buffer.byte-limit = 8388608 (custom)
2024-05-06 09:01:25,139 [2bd728a8-2257-45fc-a304-d79856c752fc-groupManagement] INFO  server.RaftServerConfigKeys (ConfUtils.java:logGet(46)) - raft.server.log.statemachine.data.read.timeout = 1000ms (default)
2024-05-06 09:01:25,139 [2bd728a8-2257-45fc-a304-d79856c752fc-groupManagement] INFO  server.RaftServerConfigKeys (ConfUtils.java:logGet(46)) - raft.server.log.purge.preservation.log.num = 0 (default)
2024-05-06 09:01:25,140 [2bd728a8-2257-45fc-a304-d79856c752fc-groupManagement] INFO  server.RaftServerConfigKeys (ConfUtils.java:logGet(46)) - raft.server.log.segment.size.max = 67108864 (custom)
2024-05-06 09:01:25,140 [2bd728a8-2257-45fc-a304-d79856c752fc-groupManagement] INFO  server.RaftServerConfigKeys (ConfUtils.java:logGet(46)) - raft.server.log.segment.cache.num.max = 2 (custom)
2024-05-06 09:01:25,140 [2bd728a8-2257-45fc-a304-d79856c752fc-groupManagement] INFO  server.RaftServerConfigKeys (ConfUtils.java:logGet(46)) - raft.server.log.segment.cache.size.max = 200MB (=209715200) (default)
2024-05-06 09:01:25,140 [2bd728a8-2257-45fc-a304-d79856c752fc-groupManagement] INFO  server.RaftServerConfigKeys (ConfUtils.java:logGet(46)) - raft.server.log.appender.buffer.byte-limit = 8388608 (custom)
2024-05-06 09:01:25,141 [90b7064f-8397-4c9e-a509-54ea80c9149b-PipelineCommandHandlerThread-0] INFO  commandhandler.CreatePipelineCommandHandler (CreatePipelineCommandHandler.java:lambda$handle$2(124)) - Created Pipeline RATIS THREE PipelineID=24bfffb9-f71d-40ca-a219-ffa1cd4ec552.
2024-05-06 09:01:25,141 [90b7064f-8397-4c9e-a509-54ea80c9149b-PipelineCommandHandlerThread-0] INFO  server.RaftServer (RaftServerProxy.java:addNew(100)) - 90b7064f-8397-4c9e-a509-54ea80c9149b: addNew group-D8ADA5FCF697:[fa7233c5-99c6-4a1a-a2f1-81d332223322|127.0.0.1:15103, 90b7064f-8397-4c9e-a509-54ea80c9149b|127.0.0.1:15067, 2bd728a8-2257-45fc-a304-d79856c752fc|127.0.0.1:15094] returns group-D8ADA5FCF697:java.util.concurrent.CompletableFuture@6d50ff8e[Not completed]
2024-05-06 09:01:25,142 [90b7064f-8397-4c9e-a509-54ea80c9149b-groupManagement] INFO  server.RaftServer$Division (RaftServerImpl.java:<init>(256)) - 90b7064f-8397-4c9e-a509-54ea80c9149b: new RaftServerImpl for group-D8ADA5FCF697:[fa7233c5-99c6-4a1a-a2f1-81d332223322|127.0.0.1:15103, 90b7064f-8397-4c9e-a509-54ea80c9149b|127.0.0.1:15067, 2bd728a8-2257-45fc-a304-d79856c752fc|127.0.0.1:15094] with ContainerStateMachine:uninitialized
2024-05-06 09:01:25,142 [90b7064f-8397-4c9e-a509-54ea80c9149b-groupManagement] INFO  server.RaftServerConfigKeys (ConfUtils.java:logGet(46)) - raft.server.rpc.timeout.min = 5s (custom)
2024-05-06 09:01:25,142 [90b7064f-8397-4c9e-a509-54ea80c9149b-groupManagement] INFO  server.RaftServerConfigKeys (ConfUtils.java:logGet(46)) - raft.server.rpc.timeout.max = 5200ms (custom)
2024-05-06 09:01:25,142 [90b7064f-8397-4c9e-a509-54ea80c9149b-groupManagement] INFO  server.RaftServerConfigKeys (ConfUtils.java:logGet(46)) - raft.server.rpc.sleep.time = 25ms (default)
2024-05-06 09:01:25,142 [90b7064f-8397-4c9e-a509-54ea80c9149b-groupManagement] INFO  server.RaftServerConfigKeys (ConfUtils.java:logGet(46)) - raft.server.rpc.slowness.timeout = 300000ms (custom)
2024-05-06 09:01:25,142 [90b7064f-8397-4c9e-a509-54ea80c9149b-groupManagement] INFO  server.RaftServerConfigKeys (ConfUtils.java:logGet(46)) - raft.server.leaderelection.leader.step-down.wait-time = 10s (default)
2024-05-06 09:01:25,142 [90b7064f-8397-4c9e-a509-54ea80c9149b-groupManagement] INFO  server.RaftServerConfigKeys (ConfUtils.java:logGet(46)) - raft.server.leaderelection.member.majority-add = false (default)
2024-05-06 09:01:25,142 [90b7064f-8397-4c9e-a509-54ea80c9149b-groupManagement] INFO  server.RaftServerConfigKeys (ConfUtils.java:logGet(46)) - raft.server.sleep.deviation.threshold = 300ms (default)
2024-05-06 09:01:25,142 [90b7064f-8397-4c9e-a509-54ea80c9149b-groupManagement] INFO  server.RaftServer$Division (ServerState.java:<init>(113)) - 90b7064f-8397-4c9e-a509-54ea80c9149b@group-D8ADA5FCF697: ConfigurationManager, init=-1: peers:[fa7233c5-99c6-4a1a-a2f1-81d332223322|127.0.0.1:15103, 90b7064f-8397-4c9e-a509-54ea80c9149b|127.0.0.1:15067, 2bd728a8-2257-45fc-a304-d79856c752fc|127.0.0.1:15094]|listeners:[], old=null, confs=<EMPTY_MAP>
2024-05-06 09:01:25,142 [90b7064f-8397-4c9e-a509-54ea80c9149b-groupManagement] INFO  server.RaftServerConfigKeys (ConfUtils.java:logGet(46)) - raft.server.notification.no-leader.timeout = 300000ms (custom)
2024-05-06 09:01:25,142 [90b7064f-8397-4c9e-a509-54ea80c9149b-groupManagement] INFO  server.RaftServerConfigKeys (ConfUtils.java:logGet(46)) - raft.server.read.timeout = 10s (default)
2024-05-06 09:01:25,142 [90b7064f-8397-4c9e-a509-54ea80c9149b-groupManagement] INFO  server.RaftServerConfigKeys (ConfUtils.java:logGet(46)) - raft.server.retrycache.expirytime = 600000ms (custom)
2024-05-06 09:01:25,143 [90b7064f-8397-4c9e-a509-54ea80c9149b-groupManagement] INFO  server.RaftServerConfigKeys (ConfUtils.java:logGet(46)) - raft.server.retrycache.statistics.expirytime = 100ms (default)
2024-05-06 09:01:25,143 [90b7064f-8397-4c9e-a509-54ea80c9149b-groupManagement] INFO  server.RaftServerConfigKeys (ConfUtils.java:logGet(46)) - raft.server.read.option = DEFAULT (default)
2024-05-06 09:01:25,143 [90b7064f-8397-4c9e-a509-54ea80c9149b-groupManagement] INFO  server.RaftServerConfigKeys (ConfUtils.java:logGet(46)) - raft.server.read.read-after-write-consistent.write-index-cache.expiry-time = 60s (default)
2024-05-06 09:01:25,144 [2bd728a8-2257-45fc-a304-d79856c752fc-groupManagement] INFO  util.AwaitToRun (AwaitToRun.java:start(81)) - Thread[2bd728a8-2257-45fc-a304-d79856c752fc@group-D8ADA5FCF697-cacheEviction-AwaitToRun,5,main] started
2024-05-06 09:01:25,144 [2bd728a8-2257-45fc-a304-d79856c752fc-groupManagement] INFO  segmented.SegmentedRaftLogWorker (SegmentedRaftLogWorker.java:<init>(182)) - new 2bd728a8-2257-45fc-a304-d79856c752fc@group-D8ADA5FCF697-SegmentedRaftLogWorker for RaftStorageImpl:Storage Directory /home/runner/work/ozone/ozone/hadoop-ozone/integration-test/target/test-dir/MiniOzoneClusterImpl-f8a20603-669c-41d5-94ea-e080bd68b2ef/ozone-meta/datanode-4/ratis/02411cfa-4be8-485c-be5f-d8ada5fcf697
2024-05-06 09:01:25,144 [2bd728a8-2257-45fc-a304-d79856c752fc-groupManagement] INFO  server.RaftServerConfigKeys (ConfUtils.java:logGet(46)) - raft.server.log.queue.byte-limit = 4294967296 (custom)
2024-05-06 09:01:25,144 [2bd728a8-2257-45fc-a304-d79856c752fc-groupManagement] INFO  server.RaftServerConfigKeys (ConfUtils.java:logGet(46)) - raft.server.log.queue.element-limit = 1024 (custom)
2024-05-06 09:01:25,144 [2bd728a8-2257-45fc-a304-d79856c752fc-groupManagement] INFO  server.RaftServerConfigKeys (ConfUtils.java:logGet(46)) - raft.server.log.segment.size.max = 67108864 (custom)
2024-05-06 09:01:25,144 [2bd728a8-2257-45fc-a304-d79856c752fc-groupManagement] INFO  server.RaftServerConfigKeys (ConfUtils.java:logGet(46)) - raft.server.log.preallocated.size = 4194304 (custom)
2024-05-06 09:01:25,144 [2bd728a8-2257-45fc-a304-d79856c752fc-groupManagement] INFO  server.RaftServerConfigKeys (ConfUtils.java:logGet(46)) - raft.server.log.force.sync.num = 128 (default)
2024-05-06 09:01:25,144 [2bd728a8-2257-45fc-a304-d79856c752fc-groupManagement] INFO  server.RaftServerConfigKeys (ConfUtils.java:logGet(46)) - raft.server.log.statemachine.data.sync = true (default)
2024-05-06 09:01:25,144 [2bd728a8-2257-45fc-a304-d79856c752fc-groupManagement] INFO  server.RaftServerConfigKeys (ConfUtils.java:logGet(46)) - raft.server.log.statemachine.data.sync.timeout = 10s (default)
2024-05-06 09:01:25,144 [2bd728a8-2257-45fc-a304-d79856c752fc-groupManagement] INFO  server.RaftServerConfigKeys (ConfUtils.java:logGet(46)) - raft.server.log.statemachine.data.sync.timeout.retry = 30 (custom)
2024-05-06 09:01:25,145 [2bd728a8-2257-45fc-a304-d79856c752fc-groupManagement] INFO  server.RaftServerConfigKeys (ConfUtils.java:logGet(46)) - raft.server.log.write.buffer.size = 8388616 (custom)
2024-05-06 09:01:25,147 [2bd728a8-2257-45fc-a304-d79856c752fc-groupManagement] INFO  server.RaftServerConfigKeys (ConfUtils.java:logGet(46)) - raft.server.log.appender.buffer.byte-limit = 8388608 (custom)
2024-05-06 09:01:25,147 [2bd728a8-2257-45fc-a304-d79856c752fc-groupManagement] INFO  server.RaftServerConfigKeys (ConfUtils.java:logGet(46)) - raft.server.log.unsafe-flush.enabled = false (default)
2024-05-06 09:01:25,147 [2bd728a8-2257-45fc-a304-d79856c752fc-groupManagement] INFO  server.RaftServerConfigKeys (ConfUtils.java:logGet(46)) - raft.server.log.async-flush.enabled = false (default)
2024-05-06 09:01:25,147 [2bd728a8-2257-45fc-a304-d79856c752fc-groupManagement] INFO  server.RaftServerConfigKeys (ConfUtils.java:logGet(46)) - raft.server.log.statemachine.data.caching.enabled = true (custom)
2024-05-06 09:01:25,147 [2bd728a8-2257-45fc-a304-d79856c752fc-groupManagement] INFO  segmented.SegmentedRaftLogWorker (SegmentedRaftLogWorker.java:lambda$new$0(134)) - 2bd728a8-2257-45fc-a304-d79856c752fc@group-D8ADA5FCF697-SegmentedRaftLogWorker: flushIndex: setUnconditionally 0 -> -1
2024-05-06 09:01:25,147 [2bd728a8-2257-45fc-a304-d79856c752fc-groupManagement] INFO  segmented.SegmentedRaftLogWorker (SegmentedRaftLogWorker.java:lambda$new$0(134)) - 2bd728a8-2257-45fc-a304-d79856c752fc@group-D8ADA5FCF697-SegmentedRaftLogWorker: safeCacheEvictIndex: setUnconditionally 0 -> -1
2024-05-06 09:01:25,151 [2bd728a8-2257-45fc-a304-d79856c752fc-groupManagement] INFO  server.RaftServer$Division (RaftServerImpl.java:start(396)) - 2bd728a8-2257-45fc-a304-d79856c752fc@group-D8ADA5FCF697: start as a follower, conf=-1: peers:[fa7233c5-99c6-4a1a-a2f1-81d332223322|127.0.0.1:15103, 90b7064f-8397-4c9e-a509-54ea80c9149b|127.0.0.1:15067, 2bd728a8-2257-45fc-a304-d79856c752fc|127.0.0.1:15094]|listeners:[], old=null
2024-05-06 09:01:25,151 [2bd728a8-2257-45fc-a304-d79856c752fc-groupManagement] INFO  server.RaftServer$Division (RaftServerImpl.java:setRole(383)) - 2bd728a8-2257-45fc-a304-d79856c752fc@group-D8ADA5FCF697: changes role from      null to FOLLOWER at term 0 for startAsFollower
2024-05-06 09:01:25,151 [2bd728a8-2257-45fc-a304-d79856c752fc-groupManagement] INFO  impl.RoleInfo (RoleInfo.java:updateAndGet(139)) - 2bd728a8-2257-45fc-a304-d79856c752fc: start 2bd728a8-2257-45fc-a304-d79856c752fc@group-D8ADA5FCF697-FollowerState
2024-05-06 09:01:25,151 [2bd728a8-2257-45fc-a304-d79856c752fc@group-D8ADA5FCF697-FollowerState] INFO  server.RaftServerConfigKeys (ConfUtils.java:logFallback(53)) - raft.server.rpc.first-election.timeout.min = 5s (fallback to raft.server.rpc.timeout.min)
2024-05-06 09:01:25,151 [2bd728a8-2257-45fc-a304-d79856c752fc@group-D8ADA5FCF697-FollowerState] INFO  server.RaftServerConfigKeys (ConfUtils.java:logFallback(53)) - raft.server.rpc.first-election.timeout.max = 5200ms (fallback to raft.server.rpc.timeout.max)
2024-05-06 09:01:25,152 [2bd728a8-2257-45fc-a304-d79856c752fc-groupManagement] INFO  util.JmxRegister (JmxRegister.java:tryRegister(44)) - Successfully registered JMX Bean with object name Ratis:service=RaftServer,group=group-D8ADA5FCF697,id=2bd728a8-2257-45fc-a304-d79856c752fc
2024-05-06 09:01:25,152 [2bd728a8-2257-45fc-a304-d79856c752fc-groupManagement] INFO  server.RaftServerConfigKeys (ConfUtils.java:logGet(46)) - raft.server.snapshot.trigger-when-stop.enabled = true (default)
2024-05-06 09:01:25,152 [2bd728a8-2257-45fc-a304-d79856c752fc-groupManagement] INFO  server.RaftServerConfigKeys (ConfUtils.java:logGet(46)) - raft.server.snapshot.auto.trigger.enabled = true (custom)
2024-05-06 09:01:25,152 [2bd728a8-2257-45fc-a304-d79856c752fc-groupManagement] INFO  server.RaftServerConfigKeys (ConfUtils.java:logGet(46)) - raft.server.snapshot.auto.trigger.threshold = 10000 (custom)
2024-05-06 09:01:25,152 [2bd728a8-2257-45fc-a304-d79856c752fc-groupManagement] INFO  server.RaftServerConfigKeys (ConfUtils.java:logGet(46)) - raft.server.snapshot.retention.file.num = 5 (custom)
2024-05-06 09:01:25,152 [2bd728a8-2257-45fc-a304-d79856c752fc-groupManagement] INFO  server.RaftServerConfigKeys (ConfUtils.java:logGet(46)) - raft.server.log.purge.upto.snapshot.index = false (default)
2024-05-06 09:01:25,153 [90b7064f-8397-4c9e-a509-54ea80c9149b-groupManagement] INFO  server.RaftServerConfigKeys (ConfUtils.java:logGet(46)) - raft.server.rpc.request.timeout = 3000ms (default)
2024-05-06 09:01:25,153 [90b7064f-8397-4c9e-a509-54ea80c9149b-groupManagement] INFO  server.RaftServerConfigKeys (ConfUtils.java:logGet(46)) - raft.server.log.appender.install.snapshot.enabled = false (custom)
2024-05-06 09:01:25,153 [90b7064f-8397-4c9e-a509-54ea80c9149b-groupManagement] INFO  server.RaftServerConfigKeys (ConfUtils.java:logGet(46)) - raft.server.threadpool.server.cached = true (default)
2024-05-06 09:01:25,154 [90b7064f-8397-4c9e-a509-54ea80c9149b-groupManagement] INFO  server.RaftServerConfigKeys (ConfUtils.java:logGet(46)) - raft.server.threadpool.server.size = 0 (default)
2024-05-06 09:01:25,154 [90b7064f-8397-4c9e-a509-54ea80c9149b-groupManagement] INFO  server.RaftServerConfigKeys (ConfUtils.java:logGet(46)) - raft.server.threadpool.client.cached = true (default)
2024-05-06 09:01:25,154 [90b7064f-8397-4c9e-a509-54ea80c9149b-groupManagement] INFO  server.RaftServerConfigKeys (ConfUtils.java:logGet(46)) - raft.server.threadpool.client.size = 0 (default)
2024-05-06 09:01:25,154 [90b7064f-8397-4c9e-a509-54ea80c9149b-groupManagement] INFO  server.RaftServerConfigKeys (ConfUtils.java:logGet(46)) - raft.server.storage.free-space.min = 0MB (=0) (default)
2024-05-06 09:01:25,154 [90b7064f-8397-4c9e-a509-54ea80c9149b-groupManagement] INFO  server.RaftServerConfigKeys (ConfUtils.java:logGet(46)) - raft.server.log.corruption.policy = EXCEPTION (default)
2024-05-06 09:01:25,154 [90b7064f-8397-4c9e-a509-54ea80c9149b-groupManagement] INFO  server.RaftServerConfigKeys (ConfUtils.java:logGet(46)) - raft.server.storage.dir = [/home/runner/work/ozone/ozone/hadoop-ozone/integration-test/target/test-dir/MiniOzoneClusterImpl-f8a20603-669c-41d5-94ea-e080bd68b2ef/ozone-meta/datanode-1/ratis] (custom)
2024-05-06 09:01:25,155 [90b7064f-8397-4c9e-a509-54ea80c9149b-groupManagement] INFO  storage.RaftStorageDirectory (RaftStorageDirectoryImpl.java:analyzeStorage(138)) - The storage directory /home/runner/work/ozone/ozone/hadoop-ozone/integration-test/target/test-dir/MiniOzoneClusterImpl-f8a20603-669c-41d5-94ea-e080bd68b2ef/ozone-meta/datanode-1/ratis/02411cfa-4be8-485c-be5f-d8ada5fcf697 does not exist. Creating ...
2024-05-06 09:01:25,156 [90b7064f-8397-4c9e-a509-54ea80c9149b-groupManagement] INFO  storage.RaftStorageDirectory (RaftStorageDirectoryImpl.java:tryLock(228)) - Lock on /home/runner/work/ozone/ozone/hadoop-ozone/integration-test/target/test-dir/MiniOzoneClusterImpl-f8a20603-669c-41d5-94ea-e080bd68b2ef/ozone-meta/datanode-1/ratis/02411cfa-4be8-485c-be5f-d8ada5fcf697/in_use.lock acquired by nodename 54013@fv-az699-623
2024-05-06 09:01:25,157 [90b7064f-8397-4c9e-a509-54ea80c9149b-groupManagement] INFO  storage.RaftStorage (RaftStorageImpl.java:format(99)) - Storage directory /home/runner/work/ozone/ozone/hadoop-ozone/integration-test/target/test-dir/MiniOzoneClusterImpl-f8a20603-669c-41d5-94ea-e080bd68b2ef/ozone-meta/datanode-1/ratis/02411cfa-4be8-485c-be5f-d8ada5fcf697 has been successfully formatted.
2024-05-06 09:01:25,157 [90b7064f-8397-4c9e-a509-54ea80c9149b-groupManagement] WARN  util.FileUtils (LogUtils.java:supplyAndLog(63)) - Failed to Files.newInputStream /home/runner/work/ozone/ozone/hadoop-ozone/integration-test/target/test-dir/MiniOzoneClusterImpl-f8a20603-669c-41d5-94ea-e080bd68b2ef/ozone-meta/datanode-1/ratis/02411cfa-4be8-485c-be5f-d8ada5fcf697/current/raft-meta.conf with options []: java.nio.file.NoSuchFileException: /home/runner/work/ozone/ozone/hadoop-ozone/integration-test/target/test-dir/MiniOzoneClusterImpl-f8a20603-669c-41d5-94ea-e080bd68b2ef/ozone-meta/datanode-1/ratis/02411cfa-4be8-485c-be5f-d8ada5fcf697/current/raft-meta.conf
2024-05-06 09:01:25,157 [90b7064f-8397-4c9e-a509-54ea80c9149b-groupManagement] INFO  ratis.ContainerStateMachine (ContainerStateMachine.java:loadSnapshot(287)) - group-D8ADA5FCF697: The snapshot info is null. Setting the last applied index to:(t:0, i:~)
2024-05-06 09:01:25,157 [90b7064f-8397-4c9e-a509-54ea80c9149b-groupManagement] INFO  server.RaftServerConfigKeys (ConfUtils.java:logGet(46)) - raft.server.log.use.memory = false (default)
2024-05-06 09:01:25,157 [90b7064f-8397-4c9e-a509-54ea80c9149b-groupManagement] INFO  server.RaftServerConfigKeys (ConfUtils.java:logGet(46)) - raft.server.log.purge.gap = 1000000 (custom)
2024-05-06 09:01:25,158 [90b7064f-8397-4c9e-a509-54ea80c9149b-groupManagement] INFO  server.RaftServerConfigKeys (ConfUtils.java:logGet(46)) - raft.server.log.appender.buffer.byte-limit = 8388608 (custom)
2024-05-06 09:01:25,158 [90b7064f-8397-4c9e-a509-54ea80c9149b-groupManagement] INFO  server.RaftServerConfigKeys (ConfUtils.java:logGet(46)) - raft.server.log.statemachine.data.read.timeout = 1000ms (default)
2024-05-06 09:01:25,158 [90b7064f-8397-4c9e-a509-54ea80c9149b-groupManagement] INFO  server.RaftServerConfigKeys (ConfUtils.java:logGet(46)) - raft.server.log.purge.preservation.log.num = 0 (default)
2024-05-06 09:01:25,158 [90b7064f-8397-4c9e-a509-54ea80c9149b-groupManagement] INFO  server.RaftServerConfigKeys (ConfUtils.java:logGet(46)) - raft.server.log.segment.size.max = 67108864 (custom)
2024-05-06 09:01:25,159 [90b7064f-8397-4c9e-a509-54ea80c9149b-groupManagement] INFO  server.RaftServerConfigKeys (ConfUtils.java:logGet(46)) - raft.server.log.segment.cache.num.max = 2 (custom)
2024-05-06 09:01:25,159 [90b7064f-8397-4c9e-a509-54ea80c9149b-groupManagement] INFO  server.RaftServerConfigKeys (ConfUtils.java:logGet(46)) - raft.server.log.segment.cache.size.max = 200MB (=209715200) (default)
2024-05-06 09:01:25,159 [90b7064f-8397-4c9e-a509-54ea80c9149b-groupManagement] INFO  server.RaftServerConfigKeys (ConfUtils.java:logGet(46)) - raft.server.log.appender.buffer.byte-limit = 8388608 (custom)
2024-05-06 09:01:25,163 [2bd728a8-2257-45fc-a304-d79856c752fc-PipelineCommandHandlerThread-0] INFO  ratis.XceiverServerRatis (XceiverServerRatis.java:addGroup(864)) - Created group PipelineID=02411cfa-4be8-485c-be5f-d8ada5fcf697
2024-05-06 09:01:25,167 [90b7064f-8397-4c9e-a509-54ea80c9149b-groupManagement] INFO  util.AwaitToRun (AwaitToRun.java:start(81)) - Thread[90b7064f-8397-4c9e-a509-54ea80c9149b@group-D8ADA5FCF697-cacheEviction-AwaitToRun,5,main] started
2024-05-06 09:01:25,167 [90b7064f-8397-4c9e-a509-54ea80c9149b-groupManagement] INFO  segmented.SegmentedRaftLogWorker (SegmentedRaftLogWorker.java:<init>(182)) - new 90b7064f-8397-4c9e-a509-54ea80c9149b@group-D8ADA5FCF697-SegmentedRaftLogWorker for RaftStorageImpl:Storage Directory /home/runner/work/ozone/ozone/hadoop-ozone/integration-test/target/test-dir/MiniOzoneClusterImpl-f8a20603-669c-41d5-94ea-e080bd68b2ef/ozone-meta/datanode-1/ratis/02411cfa-4be8-485c-be5f-d8ada5fcf697
2024-05-06 09:01:25,167 [90b7064f-8397-4c9e-a509-54ea80c9149b-groupManagement] INFO  server.RaftServerConfigKeys (ConfUtils.java:logGet(46)) - raft.server.log.queue.byte-limit = 4294967296 (custom)
2024-05-06 09:01:25,167 [90b7064f-8397-4c9e-a509-54ea80c9149b-groupManagement] INFO  server.RaftServerConfigKeys (ConfUtils.java:logGet(46)) - raft.server.log.queue.element-limit = 1024 (custom)
2024-05-06 09:01:25,167 [90b7064f-8397-4c9e-a509-54ea80c9149b-groupManagement] INFO  server.RaftServerConfigKeys (ConfUtils.java:logGet(46)) - raft.server.log.segment.size.max = 67108864 (custom)
2024-05-06 09:01:25,167 [90b7064f-8397-4c9e-a509-54ea80c9149b-groupManagement] INFO  server.RaftServerConfigKeys (ConfUtils.java:logGet(46)) - raft.server.log.preallocated.size = 4194304 (custom)
2024-05-06 09:01:25,167 [90b7064f-8397-4c9e-a509-54ea80c9149b-groupManagement] INFO  server.RaftServerConfigKeys (ConfUtils.java:logGet(46)) - raft.server.log.force.sync.num = 128 (default)
2024-05-06 09:01:25,167 [90b7064f-8397-4c9e-a509-54ea80c9149b-groupManagement] INFO  server.RaftServerConfigKeys (ConfUtils.java:logGet(46)) - raft.server.log.statemachine.data.sync = true (default)
2024-05-06 09:01:25,167 [90b7064f-8397-4c9e-a509-54ea80c9149b-groupManagement] INFO  server.RaftServerConfigKeys (ConfUtils.java:logGet(46)) - raft.server.log.statemachine.data.sync.timeout = 10s (default)
2024-05-06 09:01:25,167 [90b7064f-8397-4c9e-a509-54ea80c9149b-groupManagement] INFO  server.RaftServerConfigKeys (ConfUtils.java:logGet(46)) - raft.server.log.statemachine.data.sync.timeout.retry = 30 (custom)
2024-05-06 09:01:25,168 [90b7064f-8397-4c9e-a509-54ea80c9149b-groupManagement] INFO  server.RaftServerConfigKeys (ConfUtils.java:logGet(46)) - raft.server.log.write.buffer.size = 8388616 (custom)
2024-05-06 09:01:25,169 [90b7064f-8397-4c9e-a509-54ea80c9149b-groupManagement] INFO  server.RaftServerConfigKeys (ConfUtils.java:logGet(46)) - raft.server.log.appender.buffer.byte-limit = 8388608 (custom)
2024-05-06 09:01:25,169 [90b7064f-8397-4c9e-a509-54ea80c9149b-groupManagement] INFO  server.RaftServerConfigKeys (ConfUtils.java:logGet(46)) - raft.server.log.unsafe-flush.enabled = false (default)
2024-05-06 09:01:25,169 [90b7064f-8397-4c9e-a509-54ea80c9149b-groupManagement] INFO  server.RaftServerConfigKeys (ConfUtils.java:logGet(46)) - raft.server.log.async-flush.enabled = false (default)
2024-05-06 09:01:25,169 [90b7064f-8397-4c9e-a509-54ea80c9149b-groupManagement] INFO  server.RaftServerConfigKeys (ConfUtils.java:logGet(46)) - raft.server.log.statemachine.data.caching.enabled = true (custom)
2024-05-06 09:01:25,169 [90b7064f-8397-4c9e-a509-54ea80c9149b-groupManagement] INFO  segmented.SegmentedRaftLogWorker (SegmentedRaftLogWorker.java:lambda$new$0(134)) - 90b7064f-8397-4c9e-a509-54ea80c9149b@group-D8ADA5FCF697-SegmentedRaftLogWorker: flushIndex: setUnconditionally 0 -> -1
2024-05-06 09:01:25,169 [90b7064f-8397-4c9e-a509-54ea80c9149b-groupManagement] INFO  segmented.SegmentedRaftLogWorker (SegmentedRaftLogWorker.java:lambda$new$0(134)) - 90b7064f-8397-4c9e-a509-54ea80c9149b@group-D8ADA5FCF697-SegmentedRaftLogWorker: safeCacheEvictIndex: setUnconditionally 0 -> -1
2024-05-06 09:01:25,175 [90b7064f-8397-4c9e-a509-54ea80c9149b-groupManagement] INFO  server.RaftServer$Division (RaftServerImpl.java:start(396)) - 90b7064f-8397-4c9e-a509-54ea80c9149b@group-D8ADA5FCF697: start as a follower, conf=-1: peers:[fa7233c5-99c6-4a1a-a2f1-81d332223322|127.0.0.1:15103, 90b7064f-8397-4c9e-a509-54ea80c9149b|127.0.0.1:15067, 2bd728a8-2257-45fc-a304-d79856c752fc|127.0.0.1:15094]|listeners:[], old=null
2024-05-06 09:01:25,175 [90b7064f-8397-4c9e-a509-54ea80c9149b-groupManagement] INFO  server.RaftServer$Division (RaftServerImpl.java:setRole(383)) - 90b7064f-8397-4c9e-a509-54ea80c9149b@group-D8ADA5FCF697: changes role from      null to FOLLOWER at term 0 for startAsFollower
2024-05-06 09:01:25,175 [90b7064f-8397-4c9e-a509-54ea80c9149b-groupManagement] INFO  impl.RoleInfo (RoleInfo.java:updateAndGet(139)) - 90b7064f-8397-4c9e-a509-54ea80c9149b: start 90b7064f-8397-4c9e-a509-54ea80c9149b@group-D8ADA5FCF697-FollowerState
2024-05-06 09:01:25,175 [fa7233c5-99c6-4a1a-a2f1-81d332223322-PipelineCommandHandlerThread-0] INFO  commandhandler.CreatePipelineCommandHandler (CreatePipelineCommandHandler.java:lambda$handle$2(124)) - Created Pipeline RATIS THREE PipelineID=02411cfa-4be8-485c-be5f-d8ada5fcf697.
2024-05-06 09:01:25,176 [90b7064f-8397-4c9e-a509-54ea80c9149b-groupManagement] INFO  util.JmxRegister (JmxRegister.java:tryRegister(44)) - Successfully registered JMX Bean with object name Ratis:service=RaftServer,group=group-D8ADA5FCF697,id=90b7064f-8397-4c9e-a509-54ea80c9149b
2024-05-06 09:01:25,176 [90b7064f-8397-4c9e-a509-54ea80c9149b-groupManagement] INFO  server.RaftServerConfigKeys (ConfUtils.java:logGet(46)) - raft.server.snapshot.trigger-when-stop.enabled = true (default)
2024-05-06 09:01:25,176 [90b7064f-8397-4c9e-a509-54ea80c9149b-groupManagement] INFO  server.RaftServerConfigKeys (ConfUtils.java:logGet(46)) - raft.server.snapshot.auto.trigger.enabled = true (custom)
2024-05-06 09:01:25,176 [90b7064f-8397-4c9e-a509-54ea80c9149b-groupManagement] INFO  server.RaftServerConfigKeys (ConfUtils.java:logGet(46)) - raft.server.snapshot.auto.trigger.threshold = 10000 (custom)
2024-05-06 09:01:25,176 [90b7064f-8397-4c9e-a509-54ea80c9149b-groupManagement] INFO  server.RaftServerConfigKeys (ConfUtils.java:logGet(46)) - raft.server.snapshot.retention.file.num = 5 (custom)
2024-05-06 09:01:25,176 [90b7064f-8397-4c9e-a509-54ea80c9149b-groupManagement] INFO  server.RaftServerConfigKeys (ConfUtils.java:logGet(46)) - raft.server.log.purge.upto.snapshot.index = false (default)
2024-05-06 09:01:25,176 [90b7064f-8397-4c9e-a509-54ea80c9149b@group-D8ADA5FCF697-FollowerState] INFO  server.RaftServerConfigKeys (ConfUtils.java:logFallback(53)) - raft.server.rpc.first-election.timeout.min = 5s (fallback to raft.server.rpc.timeout.min)
2024-05-06 09:01:25,176 [90b7064f-8397-4c9e-a509-54ea80c9149b@group-D8ADA5FCF697-FollowerState] INFO  server.RaftServerConfigKeys (ConfUtils.java:logFallback(53)) - raft.server.rpc.first-election.timeout.max = 5200ms (fallback to raft.server.rpc.timeout.max)
2024-05-06 09:01:25,179 [90b7064f-8397-4c9e-a509-54ea80c9149b-PipelineCommandHandlerThread-0] INFO  ratis.XceiverServerRatis (XceiverServerRatis.java:addGroup(864)) - Created group PipelineID=02411cfa-4be8-485c-be5f-d8ada5fcf697
2024-05-06 09:01:25,203 [2bd728a8-2257-45fc-a304-d79856c752fc-PipelineCommandHandlerThread-0] INFO  commandhandler.CreatePipelineCommandHandler (CreatePipelineCommandHandler.java:lambda$handle$2(124)) - Created Pipeline RATIS THREE PipelineID=02411cfa-4be8-485c-be5f-d8ada5fcf697.
2024-05-06 09:01:25,206 [90b7064f-8397-4c9e-a509-54ea80c9149b-PipelineCommandHandlerThread-0] INFO  commandhandler.CreatePipelineCommandHandler (CreatePipelineCommandHandler.java:lambda$handle$2(124)) - Created Pipeline RATIS THREE PipelineID=02411cfa-4be8-485c-be5f-d8ada5fcf697.
2024-05-06 09:01:30,025 [0e9e7d01-6cef-4822-a23d-4188eb8fb4d0@group-572E3B93379D-FollowerState] INFO  impl.FollowerState (FollowerState.java:run(143)) - 0e9e7d01-6cef-4822-a23d-4188eb8fb4d0@group-572E3B93379D-FollowerState: change to CANDIDATE, lastRpcElapsedTime:5021897168ns, electionTimeout:5021ms
2024-05-06 09:01:30,025 [0e9e7d01-6cef-4822-a23d-4188eb8fb4d0@group-572E3B93379D-FollowerState] INFO  impl.RoleInfo (RoleInfo.java:shutdownFollowerState(110)) - 0e9e7d01-6cef-4822-a23d-4188eb8fb4d0: shutdown 0e9e7d01-6cef-4822-a23d-4188eb8fb4d0@group-572E3B93379D-FollowerState
2024-05-06 09:01:30,025 [0e9e7d01-6cef-4822-a23d-4188eb8fb4d0@group-572E3B93379D-FollowerState] INFO  server.RaftServer$Division (RaftServerImpl.java:setRole(383)) - 0e9e7d01-6cef-4822-a23d-4188eb8fb4d0@group-572E3B93379D: changes role from  FOLLOWER to CANDIDATE at term 0 for changeToCandidate
2024-05-06 09:01:30,025 [0e9e7d01-6cef-4822-a23d-4188eb8fb4d0@group-572E3B93379D-FollowerState] INFO  server.RaftServerConfigKeys (ConfUtils.java:logGet(46)) - raft.server.leaderelection.pre-vote = true (default)
2024-05-06 09:01:30,026 [0e9e7d01-6cef-4822-a23d-4188eb8fb4d0@group-572E3B93379D-FollowerState] INFO  impl.RoleInfo (RoleInfo.java:updateAndGet(139)) - 0e9e7d01-6cef-4822-a23d-4188eb8fb4d0: start 0e9e7d01-6cef-4822-a23d-4188eb8fb4d0@group-572E3B93379D-LeaderElection25
2024-05-06 09:01:30,026 [0e9e7d01-6cef-4822-a23d-4188eb8fb4d0@group-572E3B93379D-LeaderElection25] INFO  impl.LeaderElection (LeaderElection.java:askForVotes(321)) - 0e9e7d01-6cef-4822-a23d-4188eb8fb4d0@group-572E3B93379D-LeaderElection25 PRE_VOTE round 0: submit vote requests at term 0 for -1: peers:[0e9e7d01-6cef-4822-a23d-4188eb8fb4d0|127.0.0.1:15085, fa7233c5-99c6-4a1a-a2f1-81d332223322|127.0.0.1:15103, 90b7064f-8397-4c9e-a509-54ea80c9149b|127.0.0.1:15067]|listeners:[], old=null
2024-05-06 09:01:30,026 [0e9e7d01-6cef-4822-a23d-4188eb8fb4d0@group-572E3B93379D-LeaderElection25-1] INFO  server.GrpcServerProtocolClient (GrpcServerProtocolClient.java:<init>(65)) - Build channel for fa7233c5-99c6-4a1a-a2f1-81d332223322|127.0.0.1:15103
2024-05-06 09:01:30,026 [0e9e7d01-6cef-4822-a23d-4188eb8fb4d0@group-572E3B93379D-LeaderElection25] INFO  server.RaftServerConfigKeys (ConfUtils.java:logFallback(53)) - raft.server.rpc.first-election.timeout.min = 5s (fallback to raft.server.rpc.timeout.min)
2024-05-06 09:01:30,026 [0e9e7d01-6cef-4822-a23d-4188eb8fb4d0@group-572E3B93379D-LeaderElection25] INFO  server.RaftServerConfigKeys (ConfUtils.java:logFallback(53)) - raft.server.rpc.first-election.timeout.max = 5200ms (fallback to raft.server.rpc.timeout.max)
2024-05-06 09:01:30,028 [grpc-default-executor-9] INFO  server.RaftServer$Division (RaftServerImpl.java:requestVote(1389)) - 90b7064f-8397-4c9e-a509-54ea80c9149b@group-572E3B93379D: receive requestVote(PRE_VOTE, 0e9e7d01-6cef-4822-a23d-4188eb8fb4d0, group-572E3B93379D, 0, (t:0, i:0))
2024-05-06 09:01:30,028 [grpc-default-executor-9] INFO  impl.VoteContext (VoteContext.java:log(49)) - 90b7064f-8397-4c9e-a509-54ea80c9149b@group-572E3B93379D-FOLLOWER: reject PRE_VOTE from 0e9e7d01-6cef-4822-a23d-4188eb8fb4d0: our priority 1 > candidate's priority 0
2024-05-06 09:01:30,028 [grpc-default-executor-9] INFO  server.RaftServer$Division (RaftServerImpl.java:requestVote(1422)) - 90b7064f-8397-4c9e-a509-54ea80c9149b@group-572E3B93379D replies to PRE_VOTE vote request: 0e9e7d01-6cef-4822-a23d-4188eb8fb4d0<-90b7064f-8397-4c9e-a509-54ea80c9149b#0:FAIL-t0. Peer's state: 90b7064f-8397-4c9e-a509-54ea80c9149b@group-572E3B93379D:t0, leader=null, voted=, raftlog=Memoized:90b7064f-8397-4c9e-a509-54ea80c9149b@group-572E3B93379D-SegmentedRaftLog:OPENED:c-1, conf=-1: peers:[0e9e7d01-6cef-4822-a23d-4188eb8fb4d0|127.0.0.1:15085, fa7233c5-99c6-4a1a-a2f1-81d332223322|127.0.0.1:15103, 90b7064f-8397-4c9e-a509-54ea80c9149b|127.0.0.1:15067]|listeners:[], old=null
2024-05-06 09:01:30,030 [0e9e7d01-6cef-4822-a23d-4188eb8fb4d0@group-572E3B93379D-LeaderElection25] INFO  impl.LeaderElection (LeaderElection.java:logAndReturn(89)) - 0e9e7d01-6cef-4822-a23d-4188eb8fb4d0@group-572E3B93379D-LeaderElection25: PRE_VOTE REJECTED received 1 response(s) and 0 exception(s):
2024-05-06 09:01:30,030 [0e9e7d01-6cef-4822-a23d-4188eb8fb4d0@group-572E3B93379D-LeaderElection25] INFO  impl.LeaderElection (LeaderElection.java:logAndReturn(93)) -   Response 0: 0e9e7d01-6cef-4822-a23d-4188eb8fb4d0<-90b7064f-8397-4c9e-a509-54ea80c9149b#0:FAIL-t0
2024-05-06 09:01:30,030 [0e9e7d01-6cef-4822-a23d-4188eb8fb4d0@group-572E3B93379D-LeaderElection25] INFO  impl.LeaderElection (LeaderElection.java:askForVotes(323)) - 0e9e7d01-6cef-4822-a23d-4188eb8fb4d0@group-572E3B93379D-LeaderElection25 PRE_VOTE round 0: result REJECTED
2024-05-06 09:01:30,030 [0e9e7d01-6cef-4822-a23d-4188eb8fb4d0@group-572E3B93379D-LeaderElection25] INFO  server.RaftServer$Division (RaftServerImpl.java:setRole(383)) - 0e9e7d01-6cef-4822-a23d-4188eb8fb4d0@group-572E3B93379D: changes role from CANDIDATE to FOLLOWER at term 0 for REJECTED
2024-05-06 09:01:30,030 [0e9e7d01-6cef-4822-a23d-4188eb8fb4d0@group-572E3B93379D-LeaderElection25] INFO  impl.RoleInfo (RoleInfo.java:shutdownLeaderElection(130)) - 0e9e7d01-6cef-4822-a23d-4188eb8fb4d0: shutdown 0e9e7d01-6cef-4822-a23d-4188eb8fb4d0@group-572E3B93379D-LeaderElection25
2024-05-06 09:01:30,030 [0e9e7d01-6cef-4822-a23d-4188eb8fb4d0@group-572E3B93379D-LeaderElection25] INFO  impl.RoleInfo (RoleInfo.java:updateAndGet(139)) - 0e9e7d01-6cef-4822-a23d-4188eb8fb4d0: start 0e9e7d01-6cef-4822-a23d-4188eb8fb4d0@group-572E3B93379D-FollowerState
2024-05-06 09:01:30,030 [0e9e7d01-6cef-4822-a23d-4188eb8fb4d0@group-572E3B93379D-LeaderElection25] INFO  server.RaftServer$Division (RaftServerImpl.java:setFirstElection(574)) - 0e9e7d01-6cef-4822-a23d-4188eb8fb4d0@group-572E3B93379D: set firstElectionSinceStartup to false for REJECTED
2024-05-06 09:01:30,032 [grpc-default-executor-8] INFO  server.RaftServer$Division (RaftServerImpl.java:requestVote(1389)) - fa7233c5-99c6-4a1a-a2f1-81d332223322@group-572E3B93379D: receive requestVote(PRE_VOTE, 0e9e7d01-6cef-4822-a23d-4188eb8fb4d0, group-572E3B93379D, 0, (t:0, i:0))
2024-05-06 09:01:30,032 [grpc-default-executor-8] INFO  impl.VoteContext (VoteContext.java:log(49)) - fa7233c5-99c6-4a1a-a2f1-81d332223322@group-572E3B93379D-FOLLOWER: accept PRE_VOTE from 0e9e7d01-6cef-4822-a23d-4188eb8fb4d0: our priority 0 <= candidate's priority 0
2024-05-06 09:01:30,033 [grpc-default-executor-8] INFO  server.RaftServer$Division (RaftServerImpl.java:requestVote(1422)) - fa7233c5-99c6-4a1a-a2f1-81d332223322@group-572E3B93379D replies to PRE_VOTE vote request: 0e9e7d01-6cef-4822-a23d-4188eb8fb4d0<-fa7233c5-99c6-4a1a-a2f1-81d332223322#0:OK-t0. Peer's state: fa7233c5-99c6-4a1a-a2f1-81d332223322@group-572E3B93379D:t0, leader=null, voted=, raftlog=Memoized:fa7233c5-99c6-4a1a-a2f1-81d332223322@group-572E3B93379D-SegmentedRaftLog:OPENED:c-1, conf=-1: peers:[0e9e7d01-6cef-4822-a23d-4188eb8fb4d0|127.0.0.1:15085, fa7233c5-99c6-4a1a-a2f1-81d332223322|127.0.0.1:15103, 90b7064f-8397-4c9e-a509-54ea80c9149b|127.0.0.1:15067]|listeners:[], old=null
2024-05-06 09:01:30,120 [fa7233c5-99c6-4a1a-a2f1-81d332223322@group-572E3B93379D-FollowerState] INFO  server.RaftServerConfigKeys (ConfUtils.java:logFallback(53)) - raft.server.rpc.first-election.timeout.min = 5s (fallback to raft.server.rpc.timeout.min)
2024-05-06 09:01:30,120 [fa7233c5-99c6-4a1a-a2f1-81d332223322@group-572E3B93379D-FollowerState] INFO  server.RaftServerConfigKeys (ConfUtils.java:logFallback(53)) - raft.server.rpc.first-election.timeout.max = 5200ms (fallback to raft.server.rpc.timeout.max)
2024-05-06 09:01:30,126 [0e9e7d01-6cef-4822-a23d-4188eb8fb4d0@group-FFA1CD4EC552-FollowerState] INFO  impl.FollowerState (FollowerState.java:run(143)) - 0e9e7d01-6cef-4822-a23d-4188eb8fb4d0@group-FFA1CD4EC552-FollowerState: change to CANDIDATE, lastRpcElapsedTime:5022794587ns, electionTimeout:5021ms
2024-05-06 09:01:30,126 [0e9e7d01-6cef-4822-a23d-4188eb8fb4d0@group-FFA1CD4EC552-FollowerState] INFO  impl.RoleInfo (RoleInfo.java:shutdownFollowerState(110)) - 0e9e7d01-6cef-4822-a23d-4188eb8fb4d0: shutdown 0e9e7d01-6cef-4822-a23d-4188eb8fb4d0@group-FFA1CD4EC552-FollowerState
2024-05-06 09:01:30,126 [0e9e7d01-6cef-4822-a23d-4188eb8fb4d0@group-FFA1CD4EC552-FollowerState] INFO  server.RaftServer$Division (RaftServerImpl.java:setRole(383)) - 0e9e7d01-6cef-4822-a23d-4188eb8fb4d0@group-FFA1CD4EC552: changes role from  FOLLOWER to CANDIDATE at term 0 for changeToCandidate
2024-05-06 09:01:30,126 [0e9e7d01-6cef-4822-a23d-4188eb8fb4d0@group-FFA1CD4EC552-FollowerState] INFO  server.RaftServerConfigKeys (ConfUtils.java:logGet(46)) - raft.server.leaderelection.pre-vote = true (default)
2024-05-06 09:01:30,126 [0e9e7d01-6cef-4822-a23d-4188eb8fb4d0@group-FFA1CD4EC552-FollowerState] INFO  impl.RoleInfo (RoleInfo.java:updateAndGet(139)) - 0e9e7d01-6cef-4822-a23d-4188eb8fb4d0: start 0e9e7d01-6cef-4822-a23d-4188eb8fb4d0@group-FFA1CD4EC552-LeaderElection26
2024-05-06 09:01:30,126 [0e9e7d01-6cef-4822-a23d-4188eb8fb4d0@group-FFA1CD4EC552-LeaderElection26] INFO  impl.LeaderElection (LeaderElection.java:askForVotes(321)) - 0e9e7d01-6cef-4822-a23d-4188eb8fb4d0@group-FFA1CD4EC552-LeaderElection26 PRE_VOTE round 0: submit vote requests at term 0 for -1: peers:[0e9e7d01-6cef-4822-a23d-4188eb8fb4d0|127.0.0.1:15085, 90b7064f-8397-4c9e-a509-54ea80c9149b|127.0.0.1:15067, 2bd728a8-2257-45fc-a304-d79856c752fc|127.0.0.1:15094]|listeners:[], old=null
2024-05-06 09:01:30,126 [0e9e7d01-6cef-4822-a23d-4188eb8fb4d0@group-FFA1CD4EC552-LeaderElection26] INFO  server.RaftServerConfigKeys (ConfUtils.java:logFallback(53)) - raft.server.rpc.first-election.timeout.min = 5s (fallback to raft.server.rpc.timeout.min)
2024-05-06 09:01:30,126 [0e9e7d01-6cef-4822-a23d-4188eb8fb4d0@group-FFA1CD4EC552-LeaderElection26] INFO  server.RaftServerConfigKeys (ConfUtils.java:logFallback(53)) - raft.server.rpc.first-election.timeout.max = 5200ms (fallback to raft.server.rpc.timeout.max)
2024-05-06 09:01:30,127 [0e9e7d01-6cef-4822-a23d-4188eb8fb4d0@group-FFA1CD4EC552-LeaderElection26-2] INFO  server.GrpcServerProtocolClient (GrpcServerProtocolClient.java:<init>(65)) - Build channel for 2bd728a8-2257-45fc-a304-d79856c752fc|127.0.0.1:15094
2024-05-06 09:01:30,127 [grpc-default-executor-8] INFO  server.RaftServer$Division (RaftServerImpl.java:requestVote(1389)) - 90b7064f-8397-4c9e-a509-54ea80c9149b@group-FFA1CD4EC552: receive requestVote(PRE_VOTE, 0e9e7d01-6cef-4822-a23d-4188eb8fb4d0, group-FFA1CD4EC552, 0, (t:0, i:0))
2024-05-06 09:01:30,127 [grpc-default-executor-8] INFO  impl.VoteContext (VoteContext.java:log(49)) - 90b7064f-8397-4c9e-a509-54ea80c9149b@group-FFA1CD4EC552-FOLLOWER: accept PRE_VOTE from 0e9e7d01-6cef-4822-a23d-4188eb8fb4d0: our priority 0 <= candidate's priority 1
2024-05-06 09:01:30,127 [grpc-default-executor-8] INFO  server.RaftServer$Division (RaftServerImpl.java:requestVote(1422)) - 90b7064f-8397-4c9e-a509-54ea80c9149b@group-FFA1CD4EC552 replies to PRE_VOTE vote request: 0e9e7d01-6cef-4822-a23d-4188eb8fb4d0<-90b7064f-8397-4c9e-a509-54ea80c9149b#0:OK-t0. Peer's state: 90b7064f-8397-4c9e-a509-54ea80c9149b@group-FFA1CD4EC552:t0, leader=null, voted=, raftlog=Memoized:90b7064f-8397-4c9e-a509-54ea80c9149b@group-FFA1CD4EC552-SegmentedRaftLog:OPENED:c-1, conf=-1: peers:[0e9e7d01-6cef-4822-a23d-4188eb8fb4d0|127.0.0.1:15085, 90b7064f-8397-4c9e-a509-54ea80c9149b|127.0.0.1:15067, 2bd728a8-2257-45fc-a304-d79856c752fc|127.0.0.1:15094]|listeners:[], old=null
2024-05-06 09:01:30,130 [grpc-default-executor-8] INFO  server.RaftServer$Division (RaftServerImpl.java:requestVote(1389)) - 2bd728a8-2257-45fc-a304-d79856c752fc@group-FFA1CD4EC552: receive requestVote(PRE_VOTE, 0e9e7d01-6cef-4822-a23d-4188eb8fb4d0, group-FFA1CD4EC552, 0, (t:0, i:0))
2024-05-06 09:01:30,130 [grpc-default-executor-8] INFO  impl.VoteContext (VoteContext.java:log(49)) - 2bd728a8-2257-45fc-a304-d79856c752fc@group-FFA1CD4EC552-FOLLOWER: accept PRE_VOTE from 0e9e7d01-6cef-4822-a23d-4188eb8fb4d0: our priority 0 <= candidate's priority 1
2024-05-06 09:01:30,130 [grpc-default-executor-8] INFO  server.RaftServer$Division (RaftServerImpl.java:requestVote(1422)) - 2bd728a8-2257-45fc-a304-d79856c752fc@group-FFA1CD4EC552 replies to PRE_VOTE vote request: 0e9e7d01-6cef-4822-a23d-4188eb8fb4d0<-2bd728a8-2257-45fc-a304-d79856c752fc#0:OK-t0. Peer's state: 2bd728a8-2257-45fc-a304-d79856c752fc@group-FFA1CD4EC552:t0, leader=null, voted=, raftlog=Memoized:2bd728a8-2257-45fc-a304-d79856c752fc@group-FFA1CD4EC552-SegmentedRaftLog:OPENED:c-1, conf=-1: peers:[0e9e7d01-6cef-4822-a23d-4188eb8fb4d0|127.0.0.1:15085, 90b7064f-8397-4c9e-a509-54ea80c9149b|127.0.0.1:15067, 2bd728a8-2257-45fc-a304-d79856c752fc|127.0.0.1:15094]|listeners:[], old=null
2024-05-06 09:01:30,132 [0e9e7d01-6cef-4822-a23d-4188eb8fb4d0@group-FFA1CD4EC552-LeaderElection26] INFO  impl.LeaderElection (LeaderElection.java:logAndReturn(89)) - 0e9e7d01-6cef-4822-a23d-4188eb8fb4d0@group-FFA1CD4EC552-LeaderElection26: PRE_VOTE PASSED received 1 response(s) and 0 exception(s):
2024-05-06 09:01:30,132 [0e9e7d01-6cef-4822-a23d-4188eb8fb4d0@group-FFA1CD4EC552-LeaderElection26] INFO  impl.LeaderElection (LeaderElection.java:logAndReturn(93)) -   Response 0: 0e9e7d01-6cef-4822-a23d-4188eb8fb4d0<-90b7064f-8397-4c9e-a509-54ea80c9149b#0:OK-t0
2024-05-06 09:01:30,132 [0e9e7d01-6cef-4822-a23d-4188eb8fb4d0@group-FFA1CD4EC552-LeaderElection26] INFO  impl.LeaderElection (LeaderElection.java:askForVotes(323)) - 0e9e7d01-6cef-4822-a23d-4188eb8fb4d0@group-FFA1CD4EC552-LeaderElection26 PRE_VOTE round 0: result PASSED
2024-05-06 09:01:30,133 [0e9e7d01-6cef-4822-a23d-4188eb8fb4d0@group-FFA1CD4EC552-LeaderElection26] INFO  impl.LeaderElection (LeaderElection.java:askForVotes(321)) - 0e9e7d01-6cef-4822-a23d-4188eb8fb4d0@group-FFA1CD4EC552-LeaderElection26 ELECTION round 0: submit vote requests at term 1 for -1: peers:[0e9e7d01-6cef-4822-a23d-4188eb8fb4d0|127.0.0.1:15085, 90b7064f-8397-4c9e-a509-54ea80c9149b|127.0.0.1:15067, 2bd728a8-2257-45fc-a304-d79856c752fc|127.0.0.1:15094]|listeners:[], old=null
2024-05-06 09:01:30,133 [2bd728a8-2257-45fc-a304-d79856c752fc@group-DFBFD2CD5EB9-FollowerState] INFO  impl.FollowerState (FollowerState.java:run(143)) - 2bd728a8-2257-45fc-a304-d79856c752fc@group-DFBFD2CD5EB9-FollowerState: change to CANDIDATE, lastRpcElapsedTime:5151925044ns, electionTimeout:5151ms
2024-05-06 09:01:30,133 [2bd728a8-2257-45fc-a304-d79856c752fc@group-DFBFD2CD5EB9-FollowerState] INFO  impl.RoleInfo (RoleInfo.java:shutdownFollowerState(110)) - 2bd728a8-2257-45fc-a304-d79856c752fc: shutdown 2bd728a8-2257-45fc-a304-d79856c752fc@group-DFBFD2CD5EB9-FollowerState
2024-05-06 09:01:30,133 [0e9e7d01-6cef-4822-a23d-4188eb8fb4d0@group-FFA1CD4EC552-LeaderElection26] INFO  server.RaftServerConfigKeys (ConfUtils.java:logFallback(53)) - raft.server.rpc.first-election.timeout.min = 5s (fallback to raft.server.rpc.timeout.min)
2024-05-06 09:01:30,133 [0e9e7d01-6cef-4822-a23d-4188eb8fb4d0@group-FFA1CD4EC552-LeaderElection26] INFO  server.RaftServerConfigKeys (ConfUtils.java:logFallback(53)) - raft.server.rpc.first-election.timeout.max = 5200ms (fallback to raft.server.rpc.timeout.max)
2024-05-06 09:01:30,133 [2bd728a8-2257-45fc-a304-d79856c752fc@group-DFBFD2CD5EB9-FollowerState] INFO  server.RaftServer$Division (RaftServerImpl.java:setRole(383)) - 2bd728a8-2257-45fc-a304-d79856c752fc@group-DFBFD2CD5EB9: changes role from  FOLLOWER to CANDIDATE at term 0 for changeToCandidate
2024-05-06 09:01:30,134 [2bd728a8-2257-45fc-a304-d79856c752fc@group-DFBFD2CD5EB9-FollowerState] INFO  server.RaftServerConfigKeys (ConfUtils.java:logGet(46)) - raft.server.leaderelection.pre-vote = true (default)
2024-05-06 09:01:30,134 [2bd728a8-2257-45fc-a304-d79856c752fc@group-DFBFD2CD5EB9-FollowerState] INFO  impl.RoleInfo (RoleInfo.java:updateAndGet(139)) - 2bd728a8-2257-45fc-a304-d79856c752fc: start 2bd728a8-2257-45fc-a304-d79856c752fc@group-DFBFD2CD5EB9-LeaderElection27
2024-05-06 09:01:30,134 [2bd728a8-2257-45fc-a304-d79856c752fc@group-DFBFD2CD5EB9-LeaderElection27] INFO  impl.LeaderElection (LeaderElection.java:askForVotes(321)) - 2bd728a8-2257-45fc-a304-d79856c752fc@group-DFBFD2CD5EB9-LeaderElection27 PRE_VOTE round 0: submit vote requests at term 0 for -1: peers:[0e9e7d01-6cef-4822-a23d-4188eb8fb4d0|127.0.0.1:15085, fa7233c5-99c6-4a1a-a2f1-81d332223322|127.0.0.1:15103, 2bd728a8-2257-45fc-a304-d79856c752fc|127.0.0.1:15094]|listeners:[], old=null
2024-05-06 09:01:30,134 [2bd728a8-2257-45fc-a304-d79856c752fc@group-DFBFD2CD5EB9-LeaderElection27-1] INFO  server.GrpcServerProtocolClient (GrpcServerProtocolClient.java:<init>(65)) - Build channel for 0e9e7d01-6cef-4822-a23d-4188eb8fb4d0|127.0.0.1:15085
2024-05-06 09:01:30,134 [2bd728a8-2257-45fc-a304-d79856c752fc@group-DFBFD2CD5EB9-LeaderElection27] INFO  server.RaftServerConfigKeys (ConfUtils.java:logFallback(53)) - raft.server.rpc.first-election.timeout.min = 5s (fallback to raft.server.rpc.timeout.min)
2024-05-06 09:01:30,134 [2bd728a8-2257-45fc-a304-d79856c752fc@group-DFBFD2CD5EB9-LeaderElection27] INFO  server.RaftServerConfigKeys (ConfUtils.java:logFallback(53)) - raft.server.rpc.first-election.timeout.max = 5200ms (fallback to raft.server.rpc.timeout.max)
2024-05-06 09:01:30,135 [grpc-default-executor-8] INFO  server.RaftServer$Division (RaftServerImpl.java:requestVote(1389)) - 2bd728a8-2257-45fc-a304-d79856c752fc@group-FFA1CD4EC552: receive requestVote(ELECTION, 0e9e7d01-6cef-4822-a23d-4188eb8fb4d0, group-FFA1CD4EC552, 1, (t:0, i:0))
2024-05-06 09:01:30,135 [grpc-default-executor-8] INFO  impl.VoteContext (VoteContext.java:log(49)) - 2bd728a8-2257-45fc-a304-d79856c752fc@group-FFA1CD4EC552-FOLLOWER: accept ELECTION from 0e9e7d01-6cef-4822-a23d-4188eb8fb4d0: our priority 0 <= candidate's priority 1
2024-05-06 09:01:30,135 [grpc-default-executor-8] INFO  server.RaftServer$Division (RaftServerImpl.java:setRole(383)) - 2bd728a8-2257-45fc-a304-d79856c752fc@group-FFA1CD4EC552: changes role from  FOLLOWER to FOLLOWER at term 1 for candidate:0e9e7d01-6cef-4822-a23d-4188eb8fb4d0
2024-05-06 09:01:30,135 [grpc-default-executor-8] INFO  impl.RoleInfo (RoleInfo.java:shutdownFollowerState(110)) - 2bd728a8-2257-45fc-a304-d79856c752fc: shutdown 2bd728a8-2257-45fc-a304-d79856c752fc@group-FFA1CD4EC552-FollowerState
2024-05-06 09:01:30,135 [grpc-default-executor-8] INFO  impl.RoleInfo (RoleInfo.java:updateAndGet(139)) - 2bd728a8-2257-45fc-a304-d79856c752fc: start 2bd728a8-2257-45fc-a304-d79856c752fc@group-FFA1CD4EC552-FollowerState
2024-05-06 09:01:30,135 [grpc-default-executor-8] INFO  server.RaftServer$Division (RaftServerImpl.java:setFirstElection(574)) - 2bd728a8-2257-45fc-a304-d79856c752fc@group-FFA1CD4EC552: set firstElectionSinceStartup to false for candidate:0e9e7d01-6cef-4822-a23d-4188eb8fb4d0
2024-05-06 09:01:30,136 [grpc-default-executor-8] INFO  server.RaftServer$Division (RaftServerImpl.java:requestVote(1422)) - 2bd728a8-2257-45fc-a304-d79856c752fc@group-FFA1CD4EC552 replies to ELECTION vote request: 0e9e7d01-6cef-4822-a23d-4188eb8fb4d0<-2bd728a8-2257-45fc-a304-d79856c752fc#0:OK-t1. Peer's state: 2bd728a8-2257-45fc-a304-d79856c752fc@group-FFA1CD4EC552:t1, leader=null, voted=0e9e7d01-6cef-4822-a23d-4188eb8fb4d0, raftlog=Memoized:2bd728a8-2257-45fc-a304-d79856c752fc@group-FFA1CD4EC552-SegmentedRaftLog:OPENED:c-1, conf=-1: peers:[0e9e7d01-6cef-4822-a23d-4188eb8fb4d0|127.0.0.1:15085, 90b7064f-8397-4c9e-a509-54ea80c9149b|127.0.0.1:15067, 2bd728a8-2257-45fc-a304-d79856c752fc|127.0.0.1:15094]|listeners:[], old=null
2024-05-06 09:01:30,137 [0e9e7d01-6cef-4822-a23d-4188eb8fb4d0@group-FFA1CD4EC552-LeaderElection26] INFO  impl.LeaderElection (LeaderElection.java:logAndReturn(89)) - 0e9e7d01-6cef-4822-a23d-4188eb8fb4d0@group-FFA1CD4EC552-LeaderElection26: ELECTION PASSED received 1 response(s) and 0 exception(s):
2024-05-06 09:01:30,137 [0e9e7d01-6cef-4822-a23d-4188eb8fb4d0@group-FFA1CD4EC552-LeaderElection26] INFO  impl.LeaderElection (LeaderElection.java:logAndReturn(93)) -   Response 0: 0e9e7d01-6cef-4822-a23d-4188eb8fb4d0<-2bd728a8-2257-45fc-a304-d79856c752fc#0:OK-t1
2024-05-06 09:01:30,137 [0e9e7d01-6cef-4822-a23d-4188eb8fb4d0@group-FFA1CD4EC552-LeaderElection26] INFO  impl.LeaderElection (LeaderElection.java:askForVotes(323)) - 0e9e7d01-6cef-4822-a23d-4188eb8fb4d0@group-FFA1CD4EC552-LeaderElection26 ELECTION round 0: result PASSED
2024-05-06 09:01:30,137 [0e9e7d01-6cef-4822-a23d-4188eb8fb4d0@group-FFA1CD4EC552-LeaderElection26] INFO  impl.RoleInfo (RoleInfo.java:shutdownLeaderElection(130)) - 0e9e7d01-6cef-4822-a23d-4188eb8fb4d0: shutdown 0e9e7d01-6cef-4822-a23d-4188eb8fb4d0@group-FFA1CD4EC552-LeaderElection26
2024-05-06 09:01:30,137 [0e9e7d01-6cef-4822-a23d-4188eb8fb4d0@group-FFA1CD4EC552-LeaderElection26] INFO  server.RaftServer$Division (RaftServerImpl.java:setRole(383)) - 0e9e7d01-6cef-4822-a23d-4188eb8fb4d0@group-FFA1CD4EC552: changes role from CANDIDATE to LEADER at term 1 for changeToLeader
2024-05-06 09:01:30,137 [0e9e7d01-6cef-4822-a23d-4188eb8fb4d0@group-FFA1CD4EC552-LeaderElection26] INFO  server.RaftServerConfigKeys (ConfUtils.java:logGet(46)) - raft.server.staging.catchup.gap = 1000 (default)
2024-05-06 09:01:30,137 [0e9e7d01-6cef-4822-a23d-4188eb8fb4d0@group-FFA1CD4EC552-LeaderElection26] INFO  server.RaftServerConfigKeys (ConfUtils.java:logGet(46)) - raft.server.write.element-limit = 1024 (custom)
2024-05-06 09:01:30,137 [0e9e7d01-6cef-4822-a23d-4188eb8fb4d0@group-FFA1CD4EC552-LeaderElection26] INFO  server.RaftServerConfigKeys (ConfUtils.java:logGet(46)) - raft.server.write.byte-limit = 1024 M (=1073741824) (custom)
2024-05-06 09:01:30,138 [0e9e7d01-6cef-4822-a23d-4188eb8fb4d0@group-FFA1CD4EC552-LeaderElection26] INFO  server.RaftServerConfigKeys (ConfUtils.java:logGet(46)) - raft.server.watch.timeout = 3000ms (custom)
2024-05-06 09:01:30,138 [0e9e7d01-6cef-4822-a23d-4188eb8fb4d0@group-FFA1CD4EC552-LeaderElection26] INFO  server.RaftServerConfigKeys (ConfUtils.java:logGet(46)) - raft.server.watch.timeout.denomination = 1s (default)
2024-05-06 09:01:30,138 [0e9e7d01-6cef-4822-a23d-4188eb8fb4d0@group-FFA1CD4EC552-LeaderElection26] INFO  server.RaftServerConfigKeys (ConfUtils.java:logGet(46)) - raft.server.watch.element-limit = 65536 (default)
2024-05-06 09:01:30,138 [0e9e7d01-6cef-4822-a23d-4188eb8fb4d0@group-FFA1CD4EC552-LeaderElection26] INFO  server.RaftServerConfigKeys (ConfUtils.java:logGet(46)) - raft.server.read.leader.lease.enabled = false (default)
2024-05-06 09:01:30,138 [0e9e7d01-6cef-4822-a23d-4188eb8fb4d0@group-FFA1CD4EC552-LeaderElection26] INFO  server.RaftServerConfigKeys (ConfUtils.java:logGet(46)) - raft.server.read.leader.lease.timeout.ratio = 0.9 (default)
2024-05-06 09:01:30,138 [0e9e7d01-6cef-4822-a23d-4188eb8fb4d0@group-FFA1CD4EC552-LeaderElection26] INFO  server.RaftServerConfigKeys (ConfUtils.java:logGet(46)) - raft.server.rpc.timeout.min = 5s (custom)
2024-05-06 09:01:30,138 [0e9e7d01-6cef-4822-a23d-4188eb8fb4d0@group-FFA1CD4EC552-LeaderElection26] INFO  server.RaftServerConfigKeys (ConfUtils.java:logGet(46)) - raft.server.write.element-limit = 1024 (custom)
2024-05-06 09:01:30,138 [0e9e7d01-6cef-4822-a23d-4188eb8fb4d0@group-FFA1CD4EC552-LeaderElection26] INFO  server.RaftServerConfigKeys (ConfUtils.java:logGet(46)) - raft.server.write.follower.gap.ratio.max = -1.0 (default)
2024-05-06 09:01:30,138 [0e9e7d01-6cef-4822-a23d-4188eb8fb4d0@group-FFA1CD4EC552-LeaderElection26] INFO  server.RaftServerConfigKeys (ConfUtils.java:logGet(46)) - raft.server.log.appender.snapshot.chunk.size.max = 16MB (=16777216) (default)
2024-05-06 09:01:30,138 [0e9e7d01-6cef-4822-a23d-4188eb8fb4d0@group-FFA1CD4EC552-LeaderElection26] INFO  server.RaftServerConfigKeys (ConfUtils.java:logGet(46)) - raft.server.log.appender.buffer.byte-limit = 8388608 (custom)
2024-05-06 09:01:30,138 [0e9e7d01-6cef-4822-a23d-4188eb8fb4d0@group-FFA1CD4EC552-LeaderElection26] INFO  server.RaftServerConfigKeys (ConfUtils.java:logGet(46)) - raft.server.log.appender.buffer.element-limit = 1 (custom)
2024-05-06 09:01:30,138 [0e9e7d01-6cef-4822-a23d-4188eb8fb4d0@group-FFA1CD4EC552-LeaderElection26] INFO  server.RaftServerConfigKeys (ConfUtils.java:logGet(46)) - raft.server.log.appender.wait-time.min = 0ms (custom)
2024-05-06 09:01:30,139 [0e9e7d01-6cef-4822-a23d-4188eb8fb4d0@group-FFA1CD4EC552-LeaderElection26] INFO  grpc.GrpcConfigKeys (ConfUtils.java:logGet(46)) - raft.grpc.server.leader.outstanding.appends.max = 8 (default)
2024-05-06 09:01:30,139 [0e9e7d01-6cef-4822-a23d-4188eb8fb4d0@group-FFA1CD4EC552-LeaderElection26] INFO  server.RaftServerConfigKeys (ConfUtils.java:logGet(46)) - raft.server.rpc.request.timeout = 3000ms (default)
2024-05-06 09:01:30,139 [0e9e7d01-6cef-4822-a23d-4188eb8fb4d0@group-FFA1CD4EC552-LeaderElection26] INFO  grpc.GrpcConfigKeys (ConfUtils.java:logGet(46)) - raft.grpc.server.install_snapshot.request.element-limit = 8 (default)
2024-05-06 09:01:30,139 [0e9e7d01-6cef-4822-a23d-4188eb8fb4d0@group-FFA1CD4EC552-LeaderElection26] INFO  grpc.GrpcConfigKeys (ConfUtils.java:logGet(46)) - raft.grpc.server.install_snapshot.request.timeout = 3000ms (default)
2024-05-06 09:01:30,139 [0e9e7d01-6cef-4822-a23d-4188eb8fb4d0@group-FFA1CD4EC552-LeaderElection26] INFO  grpc.GrpcConfigKeys (ConfUtils.java:logGet(46)) - raft.grpc.server.log-message.batch.duration = 5s (default)
2024-05-06 09:01:30,139 [0e9e7d01-6cef-4822-a23d-4188eb8fb4d0@group-FFA1CD4EC552-LeaderElection26] INFO  server.RaftServerConfigKeys (ConfUtils.java:logGet(46)) - raft.server.log.appender.install.snapshot.enabled = false (custom)
2024-05-06 09:01:30,135 [2bd728a8-2257-45fc-a304-d79856c752fc@group-DFBFD2CD5EB9-LeaderElection27-2] INFO  server.GrpcServerProtocolClient (GrpcServerProtocolClient.java:<init>(65)) - Build channel for fa7233c5-99c6-4a1a-a2f1-81d332223322|127.0.0.1:15103
2024-05-06 09:01:30,139 [0e9e7d01-6cef-4822-a23d-4188eb8fb4d0@group-FFA1CD4EC552-LeaderElection26] INFO  grpc.GrpcConfigKeys (ConfUtils.java:logGet(46)) - raft.grpc.server.heartbeat.channel = true (default)
2024-05-06 09:01:30,138 [grpc-default-executor-8] INFO  server.RaftServer$Division (RaftServerImpl.java:requestVote(1389)) - 0e9e7d01-6cef-4822-a23d-4188eb8fb4d0@group-DFBFD2CD5EB9: receive requestVote(PRE_VOTE, 2bd728a8-2257-45fc-a304-d79856c752fc, group-DFBFD2CD5EB9, 0, (t:0, i:0))
2024-05-06 09:01:30,140 [grpc-default-executor-8] INFO  impl.VoteContext (VoteContext.java:log(49)) - 0e9e7d01-6cef-4822-a23d-4188eb8fb4d0@group-DFBFD2CD5EB9-FOLLOWER: accept PRE_VOTE from 2bd728a8-2257-45fc-a304-d79856c752fc: our priority 0 <= candidate's priority 1
2024-05-06 09:01:30,140 [grpc-default-executor-8] INFO  server.RaftServer$Division (RaftServerImpl.java:requestVote(1422)) - 0e9e7d01-6cef-4822-a23d-4188eb8fb4d0@group-DFBFD2CD5EB9 replies to PRE_VOTE vote request: 2bd728a8-2257-45fc-a304-d79856c752fc<-0e9e7d01-6cef-4822-a23d-4188eb8fb4d0#0:OK-t0. Peer's state: 0e9e7d01-6cef-4822-a23d-4188eb8fb4d0@group-DFBFD2CD5EB9:t0, leader=null, voted=, raftlog=Memoized:0e9e7d01-6cef-4822-a23d-4188eb8fb4d0@group-DFBFD2CD5EB9-SegmentedRaftLog:OPENED:c-1, conf=-1: peers:[0e9e7d01-6cef-4822-a23d-4188eb8fb4d0|127.0.0.1:15085, fa7233c5-99c6-4a1a-a2f1-81d332223322|127.0.0.1:15103, 2bd728a8-2257-45fc-a304-d79856c752fc|127.0.0.1:15094]|listeners:[], old=null
2024-05-06 09:01:30,135 [2bd728a8-2257-45fc-a304-d79856c752fc@group-FFA1CD4EC552-FollowerState] INFO  impl.FollowerState (FollowerState.java:run(152)) - 2bd728a8-2257-45fc-a304-d79856c752fc@group-FFA1CD4EC552-FollowerState was interrupted
2024-05-06 09:01:30,140 [0e9e7d01-6cef-4822-a23d-4188eb8fb4d0@group-FFA1CD4EC552-LeaderElection26] INFO  server.RaftServerConfigKeys (ConfUtils.java:logGet(46)) - raft.server.log.appender.snapshot.chunk.size.max = 16MB (=16777216) (default)
2024-05-06 09:01:30,140 [0e9e7d01-6cef-4822-a23d-4188eb8fb4d0@group-FFA1CD4EC552-LeaderElection26] INFO  server.RaftServerConfigKeys (ConfUtils.java:logGet(46)) - raft.server.log.appender.buffer.byte-limit = 8388608 (custom)
2024-05-06 09:01:30,140 [0e9e7d01-6cef-4822-a23d-4188eb8fb4d0@group-FFA1CD4EC552-LeaderElection26] INFO  server.RaftServerConfigKeys (ConfUtils.java:logGet(46)) - raft.server.log.appender.buffer.element-limit = 1 (custom)
2024-05-06 09:01:30,140 [0e9e7d01-6cef-4822-a23d-4188eb8fb4d0@group-FFA1CD4EC552-LeaderElection26] INFO  server.RaftServerConfigKeys (ConfUtils.java:logGet(46)) - raft.server.log.appender.wait-time.min = 0ms (custom)
2024-05-06 09:01:30,140 [2bd728a8-2257-45fc-a304-d79856c752fc@group-DFBFD2CD5EB9-LeaderElection27] INFO  impl.LeaderElection (LeaderElection.java:logAndReturn(89)) - 2bd728a8-2257-45fc-a304-d79856c752fc@group-DFBFD2CD5EB9-LeaderElection27: PRE_VOTE PASSED received 1 response(s) and 0 exception(s):
2024-05-06 09:01:30,140 [2bd728a8-2257-45fc-a304-d79856c752fc@group-DFBFD2CD5EB9-LeaderElection27] INFO  impl.LeaderElection (LeaderElection.java:logAndReturn(93)) -   Response 0: 2bd728a8-2257-45fc-a304-d79856c752fc<-0e9e7d01-6cef-4822-a23d-4188eb8fb4d0#0:OK-t0
2024-05-06 09:01:30,141 [2bd728a8-2257-45fc-a304-d79856c752fc@group-DFBFD2CD5EB9-LeaderElection27] INFO  impl.LeaderElection (LeaderElection.java:askForVotes(323)) - 2bd728a8-2257-45fc-a304-d79856c752fc@group-DFBFD2CD5EB9-LeaderElection27 PRE_VOTE round 0: result PASSED
2024-05-06 09:01:30,140 [0e9e7d01-6cef-4822-a23d-4188eb8fb4d0@group-FFA1CD4EC552-LeaderElection26] INFO  grpc.GrpcConfigKeys (ConfUtils.java:logGet(46)) - raft.grpc.server.leader.outstanding.appends.max = 8 (default)
2024-05-06 09:01:30,141 [0e9e7d01-6cef-4822-a23d-4188eb8fb4d0@group-FFA1CD4EC552-LeaderElection26] INFO  server.RaftServerConfigKeys (ConfUtils.java:logGet(46)) - raft.server.rpc.request.timeout = 3000ms (default)
2024-05-06 09:01:30,142 [0e9e7d01-6cef-4822-a23d-4188eb8fb4d0@group-FFA1CD4EC552-LeaderElection26] INFO  grpc.GrpcConfigKeys (ConfUtils.java:logGet(46)) - raft.grpc.server.install_snapshot.request.element-limit = 8 (default)
2024-05-06 09:01:30,142 [0e9e7d01-6cef-4822-a23d-4188eb8fb4d0@group-FFA1CD4EC552-LeaderElection26] INFO  grpc.GrpcConfigKeys (ConfUtils.java:logGet(46)) - raft.grpc.server.install_snapshot.request.timeout = 3000ms (default)
2024-05-06 09:01:30,142 [0e9e7d01-6cef-4822-a23d-4188eb8fb4d0@group-FFA1CD4EC552-LeaderElection26] INFO  grpc.GrpcConfigKeys (ConfUtils.java:logGet(46)) - raft.grpc.server.log-message.batch.duration = 5s (default)
2024-05-06 09:01:30,142 [0e9e7d01-6cef-4822-a23d-4188eb8fb4d0@group-FFA1CD4EC552-LeaderElection26] INFO  server.RaftServerConfigKeys (ConfUtils.java:logGet(46)) - raft.server.log.appender.install.snapshot.enabled = false (custom)
2024-05-06 09:01:30,142 [0e9e7d01-6cef-4822-a23d-4188eb8fb4d0@group-FFA1CD4EC552-LeaderElection26] INFO  grpc.GrpcConfigKeys (ConfUtils.java:logGet(46)) - raft.grpc.server.heartbeat.channel = true (default)
2024-05-06 09:01:30,142 [grpc-default-executor-9] INFO  server.RaftServer$Division (RaftServerImpl.java:requestVote(1389)) - 90b7064f-8397-4c9e-a509-54ea80c9149b@group-FFA1CD4EC552: receive requestVote(ELECTION, 0e9e7d01-6cef-4822-a23d-4188eb8fb4d0, group-FFA1CD4EC552, 1, (t:0, i:0))
2024-05-06 09:01:30,142 [2bd728a8-2257-45fc-a304-d79856c752fc@group-DFBFD2CD5EB9-LeaderElection27] INFO  impl.LeaderElection (LeaderElection.java:askForVotes(321)) - 2bd728a8-2257-45fc-a304-d79856c752fc@group-DFBFD2CD5EB9-LeaderElection27 ELECTION round 0: submit vote requests at term 1 for -1: peers:[0e9e7d01-6cef-4822-a23d-4188eb8fb4d0|127.0.0.1:15085, fa7233c5-99c6-4a1a-a2f1-81d332223322|127.0.0.1:15103, 2bd728a8-2257-45fc-a304-d79856c752fc|127.0.0.1:15094]|listeners:[], old=null
2024-05-06 09:01:30,143 [grpc-default-executor-9] INFO  impl.VoteContext (VoteContext.java:log(49)) - 90b7064f-8397-4c9e-a509-54ea80c9149b@group-FFA1CD4EC552-FOLLOWER: accept ELECTION from 0e9e7d01-6cef-4822-a23d-4188eb8fb4d0: our priority 0 <= candidate's priority 1
2024-05-06 09:01:30,143 [grpc-default-executor-9] INFO  server.RaftServer$Division (RaftServerImpl.java:setRole(383)) - 90b7064f-8397-4c9e-a509-54ea80c9149b@group-FFA1CD4EC552: changes role from  FOLLOWER to FOLLOWER at term 1 for candidate:0e9e7d01-6cef-4822-a23d-4188eb8fb4d0
2024-05-06 09:01:30,143 [grpc-default-executor-9] INFO  impl.RoleInfo (RoleInfo.java:shutdownFollowerState(110)) - 90b7064f-8397-4c9e-a509-54ea80c9149b: shutdown 90b7064f-8397-4c9e-a509-54ea80c9149b@group-FFA1CD4EC552-FollowerState
2024-05-06 09:01:30,143 [grpc-default-executor-9] INFO  impl.RoleInfo (RoleInfo.java:updateAndGet(139)) - 90b7064f-8397-4c9e-a509-54ea80c9149b: start 90b7064f-8397-4c9e-a509-54ea80c9149b@group-FFA1CD4EC552-FollowerState
2024-05-06 09:01:30,143 [0e9e7d01-6cef-4822-a23d-4188eb8fb4d0@group-FFA1CD4EC552-LeaderElection26] INFO  impl.RoleInfo (RoleInfo.java:updateAndGet(139)) - 0e9e7d01-6cef-4822-a23d-4188eb8fb4d0: start 0e9e7d01-6cef-4822-a23d-4188eb8fb4d0@group-FFA1CD4EC552-LeaderStateImpl
2024-05-06 09:01:30,143 [0e9e7d01-6cef-4822-a23d-4188eb8fb4d0@group-FFA1CD4EC552-LeaderElection26] INFO  server.RaftServer$Division (RaftServerImpl.java:setFirstElection(574)) - 0e9e7d01-6cef-4822-a23d-4188eb8fb4d0@group-FFA1CD4EC552: set firstElectionSinceStartup to false for becomeLeader
2024-05-06 09:01:30,143 [0e9e7d01-6cef-4822-a23d-4188eb8fb4d0@group-FFA1CD4EC552-LeaderElection26] INFO  ratis.XceiverServerRatis (XceiverServerRatis.java:handleLeaderChangedNotification(966)) - Leader change notification received for group: group-FFA1CD4EC552 with new leaderId: 0e9e7d01-6cef-4822-a23d-4188eb8fb4d0
2024-05-06 09:01:30,143 [0e9e7d01-6cef-4822-a23d-4188eb8fb4d0@group-FFA1CD4EC552-LeaderElection26] INFO  server.RaftServer$Division (ServerState.java:setLeader(269)) - 0e9e7d01-6cef-4822-a23d-4188eb8fb4d0@group-FFA1CD4EC552: change Leader from null to 0e9e7d01-6cef-4822-a23d-4188eb8fb4d0 at term 1 for becomeLeader, leader elected after 5067ms
2024-05-06 09:01:30,144 [0e9e7d01-6cef-4822-a23d-4188eb8fb4d0@group-FFA1CD4EC552-LeaderElection26] INFO  segmented.SegmentedRaftLogWorker (SegmentedRaftLogWorker.java:startLogSegment(430)) - 0e9e7d01-6cef-4822-a23d-4188eb8fb4d0@group-FFA1CD4EC552-SegmentedRaftLogWorker: Starting segment from index:0
2024-05-06 09:01:30,144 [EventQueue-PipelineReportForPipelineReportHandler] INFO  pipeline.PipelineReportHandler (PipelineReportHandler.java:processPipelineReport(136)) - Opened pipeline PipelineID=24bfffb9-f71d-40ca-a219-ffa1cd4ec552
2024-05-06 09:01:30,145 [0e9e7d01-6cef-4822-a23d-4188eb8fb4d0@group-FFA1CD4EC552-SegmentedRaftLogWorker] INFO  segmented.BufferedWriteChannel (BufferedWriteChannel.java:open(62)) - open log_inprogress_0 at position 0
2024-05-06 09:01:30,147 [grpc-default-executor-8] INFO  server.RaftServer$Division (RaftServerImpl.java:requestVote(1389)) - 0e9e7d01-6cef-4822-a23d-4188eb8fb4d0@group-DFBFD2CD5EB9: receive requestVote(ELECTION, 2bd728a8-2257-45fc-a304-d79856c752fc, group-DFBFD2CD5EB9, 1, (t:0, i:0))
2024-05-06 09:01:30,147 [grpc-default-executor-8] INFO  impl.VoteContext (VoteContext.java:log(49)) - 0e9e7d01-6cef-4822-a23d-4188eb8fb4d0@group-DFBFD2CD5EB9-FOLLOWER: accept ELECTION from 2bd728a8-2257-45fc-a304-d79856c752fc: our priority 0 <= candidate's priority 1
2024-05-06 09:01:30,147 [grpc-default-executor-8] INFO  server.RaftServer$Division (RaftServerImpl.java:setRole(383)) - 0e9e7d01-6cef-4822-a23d-4188eb8fb4d0@group-DFBFD2CD5EB9: changes role from  FOLLOWER to FOLLOWER at term 1 for candidate:2bd728a8-2257-45fc-a304-d79856c752fc
2024-05-06 09:01:30,147 [grpc-default-executor-8] INFO  impl.RoleInfo (RoleInfo.java:shutdownFollowerState(110)) - 0e9e7d01-6cef-4822-a23d-4188eb8fb4d0: shutdown 0e9e7d01-6cef-4822-a23d-4188eb8fb4d0@group-DFBFD2CD5EB9-FollowerState
2024-05-06 09:01:30,147 [grpc-default-executor-8] INFO  impl.RoleInfo (RoleInfo.java:updateAndGet(139)) - 0e9e7d01-6cef-4822-a23d-4188eb8fb4d0: start 0e9e7d01-6cef-4822-a23d-4188eb8fb4d0@group-DFBFD2CD5EB9-FollowerState
2024-05-06 09:01:30,147 [0e9e7d01-6cef-4822-a23d-4188eb8fb4d0@group-DFBFD2CD5EB9-FollowerState] INFO  impl.FollowerState (FollowerState.java:run(152)) - 0e9e7d01-6cef-4822-a23d-4188eb8fb4d0@group-DFBFD2CD5EB9-FollowerState was interrupted
2024-05-06 09:01:30,148 [0e9e7d01-6cef-4822-a23d-4188eb8fb4d0@group-FFA1CD4EC552-LeaderElection26] INFO  server.RaftServer$Division (ServerState.java:setRaftConf(386)) - 0e9e7d01-6cef-4822-a23d-4188eb8fb4d0@group-FFA1CD4EC552: set configuration 0: peers:[0e9e7d01-6cef-4822-a23d-4188eb8fb4d0|127.0.0.1:15085, 90b7064f-8397-4c9e-a509-54ea80c9149b|127.0.0.1:15067, 2bd728a8-2257-45fc-a304-d79856c752fc|127.0.0.1:15094]|listeners:[], old=null
2024-05-06 09:01:30,142 [grpc-default-executor-10] INFO  server.RaftServer$Division (RaftServerImpl.java:requestVote(1389)) - fa7233c5-99c6-4a1a-a2f1-81d332223322@group-DFBFD2CD5EB9: receive requestVote(PRE_VOTE, 2bd728a8-2257-45fc-a304-d79856c752fc, group-DFBFD2CD5EB9, 0, (t:0, i:0))
2024-05-06 09:01:30,148 [grpc-default-executor-9] INFO  server.RaftServer$Division (RaftServerImpl.java:setFirstElection(574)) - 90b7064f-8397-4c9e-a509-54ea80c9149b@group-FFA1CD4EC552: set firstElectionSinceStartup to false for candidate:0e9e7d01-6cef-4822-a23d-4188eb8fb4d0
2024-05-06 09:01:30,143 [90b7064f-8397-4c9e-a509-54ea80c9149b@group-FFA1CD4EC552-FollowerState] INFO  impl.FollowerState (FollowerState.java:run(152)) - 90b7064f-8397-4c9e-a509-54ea80c9149b@group-FFA1CD4EC552-FollowerState was interrupted
2024-05-06 09:01:30,149 [2bd728a8-2257-45fc-a304-d79856c752fc@group-DFBFD2CD5EB9-LeaderElection27] INFO  server.RaftServerConfigKeys (ConfUtils.java:logFallback(53)) - raft.server.rpc.first-election.timeout.min = 5s (fallback to raft.server.rpc.timeout.min)
2024-05-06 09:01:30,149 [grpc-default-executor-8] INFO  server.RaftServer$Division (RaftServerImpl.java:setFirstElection(574)) - 0e9e7d01-6cef-4822-a23d-4188eb8fb4d0@group-DFBFD2CD5EB9: set firstElectionSinceStartup to false for candidate:2bd728a8-2257-45fc-a304-d79856c752fc
2024-05-06 09:01:30,149 [2bd728a8-2257-45fc-a304-d79856c752fc@group-DFBFD2CD5EB9-LeaderElection27] INFO  server.RaftServerConfigKeys (ConfUtils.java:logFallback(53)) - raft.server.rpc.first-election.timeout.max = 5200ms (fallback to raft.server.rpc.timeout.max)
2024-05-06 09:01:30,149 [grpc-default-executor-9] INFO  server.RaftServer$Division (RaftServerImpl.java:requestVote(1422)) - 90b7064f-8397-4c9e-a509-54ea80c9149b@group-FFA1CD4EC552 replies to ELECTION vote request: 0e9e7d01-6cef-4822-a23d-4188eb8fb4d0<-90b7064f-8397-4c9e-a509-54ea80c9149b#0:OK-t1. Peer's state: 90b7064f-8397-4c9e-a509-54ea80c9149b@group-FFA1CD4EC552:t1, leader=null, voted=0e9e7d01-6cef-4822-a23d-4188eb8fb4d0, raftlog=Memoized:90b7064f-8397-4c9e-a509-54ea80c9149b@group-FFA1CD4EC552-SegmentedRaftLog:OPENED:c-1, conf=-1: peers:[0e9e7d01-6cef-4822-a23d-4188eb8fb4d0|127.0.0.1:15085, 90b7064f-8397-4c9e-a509-54ea80c9149b|127.0.0.1:15067, 2bd728a8-2257-45fc-a304-d79856c752fc|127.0.0.1:15094]|listeners:[], old=null
2024-05-06 09:01:30,150 [grpc-default-executor-11] INFO  server.RaftServer$Division (RaftServerImpl.java:requestVote(1389)) - fa7233c5-99c6-4a1a-a2f1-81d332223322@group-DFBFD2CD5EB9: receive requestVote(ELECTION, 2bd728a8-2257-45fc-a304-d79856c752fc, group-DFBFD2CD5EB9, 1, (t:0, i:0))
2024-05-06 09:01:30,150 [grpc-default-executor-10] INFO  impl.VoteContext (VoteContext.java:log(49)) - fa7233c5-99c6-4a1a-a2f1-81d332223322@group-DFBFD2CD5EB9-FOLLOWER: accept PRE_VOTE from 2bd728a8-2257-45fc-a304-d79856c752fc: our priority 0 <= candidate's priority 1
2024-05-06 09:01:30,150 [grpc-default-executor-10] INFO  server.RaftServer$Division (RaftServerImpl.java:requestVote(1422)) - fa7233c5-99c6-4a1a-a2f1-81d332223322@group-DFBFD2CD5EB9 replies to PRE_VOTE vote request: 2bd728a8-2257-45fc-a304-d79856c752fc<-fa7233c5-99c6-4a1a-a2f1-81d332223322#0:OK-t0. Peer's state: fa7233c5-99c6-4a1a-a2f1-81d332223322@group-DFBFD2CD5EB9:t0, leader=null, voted=, raftlog=Memoized:fa7233c5-99c6-4a1a-a2f1-81d332223322@group-DFBFD2CD5EB9-SegmentedRaftLog:OPENED:c-1, conf=-1: peers:[0e9e7d01-6cef-4822-a23d-4188eb8fb4d0|127.0.0.1:15085, fa7233c5-99c6-4a1a-a2f1-81d332223322|127.0.0.1:15103, 2bd728a8-2257-45fc-a304-d79856c752fc|127.0.0.1:15094]|listeners:[], old=null
2024-05-06 09:01:30,150 [grpc-default-executor-11] INFO  impl.VoteContext (VoteContext.java:log(49)) - fa7233c5-99c6-4a1a-a2f1-81d332223322@group-DFBFD2CD5EB9-FOLLOWER: accept ELECTION from 2bd728a8-2257-45fc-a304-d79856c752fc: our priority 0 <= candidate's priority 1
2024-05-06 09:01:30,150 [grpc-default-executor-11] INFO  server.RaftServer$Division (RaftServerImpl.java:setRole(383)) - fa7233c5-99c6-4a1a-a2f1-81d332223322@group-DFBFD2CD5EB9: changes role from  FOLLOWER to FOLLOWER at term 1 for candidate:2bd728a8-2257-45fc-a304-d79856c752fc
2024-05-06 09:01:30,151 [grpc-default-executor-11] INFO  impl.RoleInfo (RoleInfo.java:shutdownFollowerState(110)) - fa7233c5-99c6-4a1a-a2f1-81d332223322: shutdown fa7233c5-99c6-4a1a-a2f1-81d332223322@group-DFBFD2CD5EB9-FollowerState
2024-05-06 09:01:30,151 [fa7233c5-99c6-4a1a-a2f1-81d332223322@group-DFBFD2CD5EB9-FollowerState] INFO  impl.FollowerState (FollowerState.java:run(152)) - fa7233c5-99c6-4a1a-a2f1-81d332223322@group-DFBFD2CD5EB9-FollowerState was interrupted
2024-05-06 09:01:30,151 [grpc-default-executor-11] INFO  impl.RoleInfo (RoleInfo.java:updateAndGet(139)) - fa7233c5-99c6-4a1a-a2f1-81d332223322: start fa7233c5-99c6-4a1a-a2f1-81d332223322@group-DFBFD2CD5EB9-FollowerState
2024-05-06 09:01:30,151 [grpc-default-executor-11] INFO  server.RaftServer$Division (RaftServerImpl.java:setFirstElection(574)) - fa7233c5-99c6-4a1a-a2f1-81d332223322@group-DFBFD2CD5EB9: set firstElectionSinceStartup to false for candidate:2bd728a8-2257-45fc-a304-d79856c752fc
2024-05-06 09:01:30,153 [90b7064f-8397-4c9e-a509-54ea80c9149b-server-thread1] INFO  ratis.XceiverServerRatis (XceiverServerRatis.java:handleLeaderChangedNotification(966)) - Leader change notification received for group: group-FFA1CD4EC552 with new leaderId: 0e9e7d01-6cef-4822-a23d-4188eb8fb4d0
2024-05-06 09:01:30,153 [90b7064f-8397-4c9e-a509-54ea80c9149b-server-thread1] INFO  server.RaftServer$Division (ServerState.java:setLeader(269)) - 90b7064f-8397-4c9e-a509-54ea80c9149b@group-FFA1CD4EC552: change Leader from null to 0e9e7d01-6cef-4822-a23d-4188eb8fb4d0 at term 1 for appendEntries, leader elected after 5102ms
2024-05-06 09:01:30,154 [0e9e7d01-6cef-4822-a23d-4188eb8fb4d0@group-FFA1CD4EC552-SegmentedRaftLogWorker] INFO  segmented.SegmentedRaftLogWorker (SegmentedRaftLogWorker.java:execute(634)) - 0e9e7d01-6cef-4822-a23d-4188eb8fb4d0@group-FFA1CD4EC552-SegmentedRaftLogWorker: created new log segment /home/runner/work/ozone/ozone/hadoop-ozone/integration-test/target/test-dir/MiniOzoneClusterImpl-f8a20603-669c-41d5-94ea-e080bd68b2ef/ozone-meta/datanode-3/ratis/24bfffb9-f71d-40ca-a219-ffa1cd4ec552/current/log_inprogress_0
2024-05-06 09:01:30,154 [grpc-default-executor-8] INFO  server.RaftServer$Division (RaftServerImpl.java:requestVote(1422)) - 0e9e7d01-6cef-4822-a23d-4188eb8fb4d0@group-DFBFD2CD5EB9 replies to ELECTION vote request: 2bd728a8-2257-45fc-a304-d79856c752fc<-0e9e7d01-6cef-4822-a23d-4188eb8fb4d0#0:OK-t1. Peer's state: 0e9e7d01-6cef-4822-a23d-4188eb8fb4d0@group-DFBFD2CD5EB9:t1, leader=null, voted=2bd728a8-2257-45fc-a304-d79856c752fc, raftlog=Memoized:0e9e7d01-6cef-4822-a23d-4188eb8fb4d0@group-DFBFD2CD5EB9-SegmentedRaftLog:OPENED:c-1, conf=-1: peers:[0e9e7d01-6cef-4822-a23d-4188eb8fb4d0|127.0.0.1:15085, fa7233c5-99c6-4a1a-a2f1-81d332223322|127.0.0.1:15103, 2bd728a8-2257-45fc-a304-d79856c752fc|127.0.0.1:15094]|listeners:[], old=null
2024-05-06 09:01:30,154 [90b7064f-8397-4c9e-a509-54ea80c9149b-server-thread2] INFO  server.RaftServer$Division (ServerState.java:setRaftConf(386)) - 90b7064f-8397-4c9e-a509-54ea80c9149b@group-FFA1CD4EC552: set configuration 0: peers:[0e9e7d01-6cef-4822-a23d-4188eb8fb4d0|127.0.0.1:15085, 90b7064f-8397-4c9e-a509-54ea80c9149b|127.0.0.1:15067, 2bd728a8-2257-45fc-a304-d79856c752fc|127.0.0.1:15094]|listeners:[], old=null
2024-05-06 09:01:30,154 [90b7064f-8397-4c9e-a509-54ea80c9149b-server-thread2] INFO  segmented.SegmentedRaftLogWorker (SegmentedRaftLogWorker.java:startLogSegment(430)) - 90b7064f-8397-4c9e-a509-54ea80c9149b@group-FFA1CD4EC552-SegmentedRaftLogWorker: Starting segment from index:0
2024-05-06 09:01:30,155 [90b7064f-8397-4c9e-a509-54ea80c9149b@group-FFA1CD4EC552-SegmentedRaftLogWorker] INFO  segmented.BufferedWriteChannel (BufferedWriteChannel.java:open(62)) - open log_inprogress_0 at position 0
2024-05-06 09:01:30,155 [2bd728a8-2257-45fc-a304-d79856c752fc@group-DFBFD2CD5EB9-LeaderElection27] INFO  impl.LeaderElection (LeaderElection.java:logAndReturn(89)) - 2bd728a8-2257-45fc-a304-d79856c752fc@group-DFBFD2CD5EB9-LeaderElection27: ELECTION PASSED received 1 response(s) and 0 exception(s):
2024-05-06 09:01:30,155 [2bd728a8-2257-45fc-a304-d79856c752fc@group-DFBFD2CD5EB9-LeaderElection27] INFO  impl.LeaderElection (LeaderElection.java:logAndReturn(93)) -   Response 0: 2bd728a8-2257-45fc-a304-d79856c752fc<-0e9e7d01-6cef-4822-a23d-4188eb8fb4d0#0:OK-t1
2024-05-06 09:01:30,155 [2bd728a8-2257-45fc-a304-d79856c752fc@group-DFBFD2CD5EB9-LeaderElection27] INFO  impl.LeaderElection (LeaderElection.java:askForVotes(323)) - 2bd728a8-2257-45fc-a304-d79856c752fc@group-DFBFD2CD5EB9-LeaderElection27 ELECTION round 0: result PASSED
2024-05-06 09:01:30,155 [2bd728a8-2257-45fc-a304-d79856c752fc@group-DFBFD2CD5EB9-LeaderElection27] INFO  impl.RoleInfo (RoleInfo.java:shutdownLeaderElection(130)) - 2bd728a8-2257-45fc-a304-d79856c752fc: shutdown 2bd728a8-2257-45fc-a304-d79856c752fc@group-DFBFD2CD5EB9-LeaderElection27
2024-05-06 09:01:30,155 [2bd728a8-2257-45fc-a304-d79856c752fc@group-DFBFD2CD5EB9-LeaderElection27] INFO  server.RaftServer$Division (RaftServerImpl.java:setRole(383)) - 2bd728a8-2257-45fc-a304-d79856c752fc@group-DFBFD2CD5EB9: changes role from CANDIDATE to LEADER at term 1 for changeToLeader
2024-05-06 09:01:30,155 [2bd728a8-2257-45fc-a304-d79856c752fc@group-DFBFD2CD5EB9-LeaderElection27] INFO  server.RaftServerConfigKeys (ConfUtils.java:logGet(46)) - raft.server.staging.catchup.gap = 1000 (default)
2024-05-06 09:01:30,155 [2bd728a8-2257-45fc-a304-d79856c752fc@group-DFBFD2CD5EB9-LeaderElection27] INFO  server.RaftServerConfigKeys (ConfUtils.java:logGet(46)) - raft.server.write.element-limit = 1024 (custom)
2024-05-06 09:01:30,155 [2bd728a8-2257-45fc-a304-d79856c752fc@group-DFBFD2CD5EB9-LeaderElection27] INFO  server.RaftServerConfigKeys (ConfUtils.java:logGet(46)) - raft.server.write.byte-limit = 1024 M (=1073741824) (custom)
2024-05-06 09:01:30,155 [2bd728a8-2257-45fc-a304-d79856c752fc@group-DFBFD2CD5EB9-LeaderElection27] INFO  server.RaftServerConfigKeys (ConfUtils.java:logGet(46)) - raft.server.watch.timeout = 3000ms (custom)
2024-05-06 09:01:30,156 [2bd728a8-2257-45fc-a304-d79856c752fc@group-DFBFD2CD5EB9-LeaderElection27] INFO  server.RaftServerConfigKeys (ConfUtils.java:logGet(46)) - raft.server.watch.timeout.denomination = 1s (default)
2024-05-06 09:01:30,156 [2bd728a8-2257-45fc-a304-d79856c752fc@group-DFBFD2CD5EB9-LeaderElection27] INFO  server.RaftServerConfigKeys (ConfUtils.java:logGet(46)) - raft.server.watch.element-limit = 65536 (default)
2024-05-06 09:01:30,156 [2bd728a8-2257-45fc-a304-d79856c752fc@group-DFBFD2CD5EB9-LeaderElection27] INFO  server.RaftServerConfigKeys (ConfUtils.java:logGet(46)) - raft.server.read.leader.lease.enabled = false (default)
2024-05-06 09:01:30,156 [2bd728a8-2257-45fc-a304-d79856c752fc@group-DFBFD2CD5EB9-LeaderElection27] INFO  server.RaftServerConfigKeys (ConfUtils.java:logGet(46)) - raft.server.read.leader.lease.timeout.ratio = 0.9 (default)
2024-05-06 09:01:30,156 [2bd728a8-2257-45fc-a304-d79856c752fc@group-DFBFD2CD5EB9-LeaderElection27] INFO  server.RaftServerConfigKeys (ConfUtils.java:logGet(46)) - raft.server.rpc.timeout.min = 5s (custom)
2024-05-06 09:01:30,156 [2bd728a8-2257-45fc-a304-d79856c752fc@group-DFBFD2CD5EB9-LeaderElection27] INFO  server.RaftServerConfigKeys (ConfUtils.java:logGet(46)) - raft.server.write.element-limit = 1024 (custom)
2024-05-06 09:01:30,156 [2bd728a8-2257-45fc-a304-d79856c752fc@group-DFBFD2CD5EB9-LeaderElection27] INFO  server.RaftServerConfigKeys (ConfUtils.java:logGet(46)) - raft.server.write.follower.gap.ratio.max = -1.0 (default)
2024-05-06 09:01:30,155 [grpc-default-executor-11] INFO  server.RaftServer$Division (RaftServerImpl.java:requestVote(1422)) - fa7233c5-99c6-4a1a-a2f1-81d332223322@group-DFBFD2CD5EB9 replies to ELECTION vote request: 2bd728a8-2257-45fc-a304-d79856c752fc<-fa7233c5-99c6-4a1a-a2f1-81d332223322#0:OK-t1. Peer's state: fa7233c5-99c6-4a1a-a2f1-81d332223322@group-DFBFD2CD5EB9:t1, leader=null, voted=2bd728a8-2257-45fc-a304-d79856c752fc, raftlog=Memoized:fa7233c5-99c6-4a1a-a2f1-81d332223322@group-DFBFD2CD5EB9-SegmentedRaftLog:OPENED:c-1, conf=-1: peers:[0e9e7d01-6cef-4822-a23d-4188eb8fb4d0|127.0.0.1:15085, fa7233c5-99c6-4a1a-a2f1-81d332223322|127.0.0.1:15103, 2bd728a8-2257-45fc-a304-d79856c752fc|127.0.0.1:15094]|listeners:[], old=null
2024-05-06 09:01:30,156 [2bd728a8-2257-45fc-a304-d79856c752fc@group-DFBFD2CD5EB9-LeaderElection27] INFO  server.RaftServerConfigKeys (ConfUtils.java:logGet(46)) - raft.server.log.appender.snapshot.chunk.size.max = 16MB (=16777216) (default)
2024-05-06 09:01:30,156 [2bd728a8-2257-45fc-a304-d79856c752fc@group-DFBFD2CD5EB9-LeaderElection27] INFO  server.RaftServerConfigKeys (ConfUtils.java:logGet(46)) - raft.server.log.appender.buffer.byte-limit = 8388608 (custom)
2024-05-06 09:01:30,156 [2bd728a8-2257-45fc-a304-d79856c752fc@group-DFBFD2CD5EB9-LeaderElection27] INFO  server.RaftServerConfigKeys (ConfUtils.java:logGet(46)) - raft.server.log.appender.buffer.element-limit = 1 (custom)
2024-05-06 09:01:30,156 [2bd728a8-2257-45fc-a304-d79856c752fc@group-DFBFD2CD5EB9-LeaderElection27] INFO  server.RaftServerConfigKeys (ConfUtils.java:logGet(46)) - raft.server.log.appender.wait-time.min = 0ms (custom)
2024-05-06 09:01:30,156 [2bd728a8-2257-45fc-a304-d79856c752fc@group-DFBFD2CD5EB9-LeaderElection27] INFO  grpc.GrpcConfigKeys (ConfUtils.java:logGet(46)) - raft.grpc.server.leader.outstanding.appends.max = 8 (default)
2024-05-06 09:01:30,156 [2bd728a8-2257-45fc-a304-d79856c752fc@group-DFBFD2CD5EB9-LeaderElection27] INFO  server.RaftServerConfigKeys (ConfUtils.java:logGet(46)) - raft.server.rpc.request.timeout = 3000ms (default)
2024-05-06 09:01:30,157 [2bd728a8-2257-45fc-a304-d79856c752fc@group-DFBFD2CD5EB9-LeaderElection27] INFO  grpc.GrpcConfigKeys (ConfUtils.java:logGet(46)) - raft.grpc.server.install_snapshot.request.element-limit = 8 (default)
2024-05-06 09:01:30,157 [2bd728a8-2257-45fc-a304-d79856c752fc@group-DFBFD2CD5EB9-LeaderElection27] INFO  grpc.GrpcConfigKeys (ConfUtils.java:logGet(46)) - raft.grpc.server.install_snapshot.request.timeout = 3000ms (default)
2024-05-06 09:01:30,157 [2bd728a8-2257-45fc-a304-d79856c752fc@group-DFBFD2CD5EB9-LeaderElection27] INFO  grpc.GrpcConfigKeys (ConfUtils.java:logGet(46)) - raft.grpc.server.log-message.batch.duration = 5s (default)
2024-05-06 09:01:30,157 [2bd728a8-2257-45fc-a304-d79856c752fc@group-DFBFD2CD5EB9-LeaderElection27] INFO  server.RaftServerConfigKeys (ConfUtils.java:logGet(46)) - raft.server.log.appender.install.snapshot.enabled = false (custom)
2024-05-06 09:01:30,157 [2bd728a8-2257-45fc-a304-d79856c752fc@group-DFBFD2CD5EB9-LeaderElection27] INFO  grpc.GrpcConfigKeys (ConfUtils.java:logGet(46)) - raft.grpc.server.heartbeat.channel = true (default)
2024-05-06 09:01:30,157 [2bd728a8-2257-45fc-a304-d79856c752fc@group-DFBFD2CD5EB9-LeaderElection27] INFO  server.RaftServerConfigKeys (ConfUtils.java:logGet(46)) - raft.server.log.appender.snapshot.chunk.size.max = 16MB (=16777216) (default)
2024-05-06 09:01:30,157 [2bd728a8-2257-45fc-a304-d79856c752fc@group-DFBFD2CD5EB9-LeaderElection27] INFO  server.RaftServerConfigKeys (ConfUtils.java:logGet(46)) - raft.server.log.appender.buffer.byte-limit = 8388608 (custom)
2024-05-06 09:01:30,158 [2bd728a8-2257-45fc-a304-d79856c752fc@group-DFBFD2CD5EB9-LeaderElection27] INFO  server.RaftServerConfigKeys (ConfUtils.java:logGet(46)) - raft.server.log.appender.buffer.element-limit = 1 (custom)
2024-05-06 09:01:30,158 [2bd728a8-2257-45fc-a304-d79856c752fc@group-DFBFD2CD5EB9-LeaderElection27] INFO  server.RaftServerConfigKeys (ConfUtils.java:logGet(46)) - raft.server.log.appender.wait-time.min = 0ms (custom)
2024-05-06 09:01:30,158 [2bd728a8-2257-45fc-a304-d79856c752fc@group-DFBFD2CD5EB9-LeaderElection27] INFO  grpc.GrpcConfigKeys (ConfUtils.java:logGet(46)) - raft.grpc.server.leader.outstanding.appends.max = 8 (default)
2024-05-06 09:01:30,158 [2bd728a8-2257-45fc-a304-d79856c752fc@group-DFBFD2CD5EB9-LeaderElection27] INFO  server.RaftServerConfigKeys (ConfUtils.java:logGet(46)) - raft.server.rpc.request.timeout = 3000ms (default)
2024-05-06 09:01:30,158 [2bd728a8-2257-45fc-a304-d79856c752fc@group-DFBFD2CD5EB9-LeaderElection27] INFO  grpc.GrpcConfigKeys (ConfUtils.java:logGet(46)) - raft.grpc.server.install_snapshot.request.element-limit = 8 (default)
2024-05-06 09:01:30,158 [2bd728a8-2257-45fc-a304-d79856c752fc@group-DFBFD2CD5EB9-LeaderElection27] INFO  grpc.GrpcConfigKeys (ConfUtils.java:logGet(46)) - raft.grpc.server.install_snapshot.request.timeout = 3000ms (default)
2024-05-06 09:01:30,158 [2bd728a8-2257-45fc-a304-d79856c752fc@group-DFBFD2CD5EB9-LeaderElection27] INFO  grpc.GrpcConfigKeys (ConfUtils.java:logGet(46)) - raft.grpc.server.log-message.batch.duration = 5s (default)
2024-05-06 09:01:30,158 [2bd728a8-2257-45fc-a304-d79856c752fc@group-DFBFD2CD5EB9-LeaderElection27] INFO  server.RaftServerConfigKeys (ConfUtils.java:logGet(46)) - raft.server.log.appender.install.snapshot.enabled = false (custom)
2024-05-06 09:01:30,158 [2bd728a8-2257-45fc-a304-d79856c752fc@group-DFBFD2CD5EB9-LeaderElection27] INFO  grpc.GrpcConfigKeys (ConfUtils.java:logGet(46)) - raft.grpc.server.heartbeat.channel = true (default)
2024-05-06 09:01:30,158 [2bd728a8-2257-45fc-a304-d79856c752fc@group-DFBFD2CD5EB9-LeaderElection27] INFO  impl.RoleInfo (RoleInfo.java:updateAndGet(139)) - 2bd728a8-2257-45fc-a304-d79856c752fc: start 2bd728a8-2257-45fc-a304-d79856c752fc@group-DFBFD2CD5EB9-LeaderStateImpl
2024-05-06 09:01:30,158 [2bd728a8-2257-45fc-a304-d79856c752fc@group-DFBFD2CD5EB9-LeaderElection27] INFO  server.RaftServer$Division (RaftServerImpl.java:setFirstElection(574)) - 2bd728a8-2257-45fc-a304-d79856c752fc@group-DFBFD2CD5EB9: set firstElectionSinceStartup to false for becomeLeader
2024-05-06 09:01:30,158 [2bd728a8-2257-45fc-a304-d79856c752fc@group-DFBFD2CD5EB9-LeaderElection27] INFO  ratis.XceiverServerRatis (XceiverServerRatis.java:handleLeaderChangedNotification(966)) - Leader change notification received for group: group-DFBFD2CD5EB9 with new leaderId: 2bd728a8-2257-45fc-a304-d79856c752fc
2024-05-06 09:01:30,159 [2bd728a8-2257-45fc-a304-d79856c752fc@group-DFBFD2CD5EB9-LeaderElection27] INFO  server.RaftServer$Division (ServerState.java:setLeader(269)) - 2bd728a8-2257-45fc-a304-d79856c752fc@group-DFBFD2CD5EB9: change Leader from null to 2bd728a8-2257-45fc-a304-d79856c752fc at term 1 for becomeLeader, leader elected after 5187ms
2024-05-06 09:01:30,159 [2bd728a8-2257-45fc-a304-d79856c752fc@group-DFBFD2CD5EB9-LeaderElection27] INFO  segmented.SegmentedRaftLogWorker (SegmentedRaftLogWorker.java:startLogSegment(430)) - 2bd728a8-2257-45fc-a304-d79856c752fc@group-DFBFD2CD5EB9-SegmentedRaftLogWorker: Starting segment from index:0
2024-05-06 09:01:30,159 [2bd728a8-2257-45fc-a304-d79856c752fc@group-DFBFD2CD5EB9-LeaderElection27] INFO  server.RaftServer$Division (ServerState.java:setRaftConf(386)) - 2bd728a8-2257-45fc-a304-d79856c752fc@group-DFBFD2CD5EB9: set configuration 0: peers:[0e9e7d01-6cef-4822-a23d-4188eb8fb4d0|127.0.0.1:15085, fa7233c5-99c6-4a1a-a2f1-81d332223322|127.0.0.1:15103, 2bd728a8-2257-45fc-a304-d79856c752fc|127.0.0.1:15094]|listeners:[], old=null
2024-05-06 09:01:30,159 [2bd728a8-2257-45fc-a304-d79856c752fc@group-DFBFD2CD5EB9-SegmentedRaftLogWorker] INFO  segmented.BufferedWriteChannel (BufferedWriteChannel.java:open(62)) - open log_inprogress_0 at position 0
2024-05-06 09:01:30,160 [EventQueue-PipelineReportForPipelineReportHandler] INFO  pipeline.PipelineReportHandler (PipelineReportHandler.java:processPipelineReport(136)) - Opened pipeline PipelineID=d0d47bde-0ccd-412d-ba0a-dfbfd2cd5eb9
2024-05-06 09:01:30,161 [2bd728a8-2257-45fc-a304-d79856c752fc-server-thread1] INFO  ratis.XceiverServerRatis (XceiverServerRatis.java:handleLeaderChangedNotification(966)) - Leader change notification received for group: group-FFA1CD4EC552 with new leaderId: 0e9e7d01-6cef-4822-a23d-4188eb8fb4d0
2024-05-06 09:01:30,161 [2bd728a8-2257-45fc-a304-d79856c752fc-server-thread1] INFO  server.RaftServer$Division (ServerState.java:setLeader(269)) - 2bd728a8-2257-45fc-a304-d79856c752fc@group-FFA1CD4EC552: change Leader from null to 0e9e7d01-6cef-4822-a23d-4188eb8fb4d0 at term 1 for appendEntries, leader elected after 5096ms
2024-05-06 09:01:30,162 [2bd728a8-2257-45fc-a304-d79856c752fc-server-thread2] INFO  server.RaftServer$Division (ServerState.java:setRaftConf(386)) - 2bd728a8-2257-45fc-a304-d79856c752fc@group-FFA1CD4EC552: set configuration 0: peers:[0e9e7d01-6cef-4822-a23d-4188eb8fb4d0|127.0.0.1:15085, 90b7064f-8397-4c9e-a509-54ea80c9149b|127.0.0.1:15067, 2bd728a8-2257-45fc-a304-d79856c752fc|127.0.0.1:15094]|listeners:[], old=null
2024-05-06 09:01:30,162 [2bd728a8-2257-45fc-a304-d79856c752fc-server-thread2] INFO  segmented.SegmentedRaftLogWorker (SegmentedRaftLogWorker.java:startLogSegment(430)) - 2bd728a8-2257-45fc-a304-d79856c752fc@group-FFA1CD4EC552-SegmentedRaftLogWorker: Starting segment from index:0
2024-05-06 09:01:30,162 [2bd728a8-2257-45fc-a304-d79856c752fc@group-FFA1CD4EC552-SegmentedRaftLogWorker] INFO  segmented.BufferedWriteChannel (BufferedWriteChannel.java:open(62)) - open log_inprogress_0 at position 0
2024-05-06 09:01:30,166 [0e9e7d01-6cef-4822-a23d-4188eb8fb4d0-server-thread1] INFO  ratis.XceiverServerRatis (XceiverServerRatis.java:handleLeaderChangedNotification(966)) - Leader change notification received for group: group-DFBFD2CD5EB9 with new leaderId: 2bd728a8-2257-45fc-a304-d79856c752fc
2024-05-06 09:01:30,166 [0e9e7d01-6cef-4822-a23d-4188eb8fb4d0-server-thread1] INFO  server.RaftServer$Division (ServerState.java:setLeader(269)) - 0e9e7d01-6cef-4822-a23d-4188eb8fb4d0@group-DFBFD2CD5EB9: change Leader from null to 2bd728a8-2257-45fc-a304-d79856c752fc at term 1 for appendEntries, leader elected after 5147ms
2024-05-06 09:01:30,166 [0e9e7d01-6cef-4822-a23d-4188eb8fb4d0-server-thread2] INFO  server.RaftServer$Division (ServerState.java:setRaftConf(386)) - 0e9e7d01-6cef-4822-a23d-4188eb8fb4d0@group-DFBFD2CD5EB9: set configuration 0: peers:[0e9e7d01-6cef-4822-a23d-4188eb8fb4d0|127.0.0.1:15085, fa7233c5-99c6-4a1a-a2f1-81d332223322|127.0.0.1:15103, 2bd728a8-2257-45fc-a304-d79856c752fc|127.0.0.1:15094]|listeners:[], old=null
2024-05-06 09:01:30,166 [0e9e7d01-6cef-4822-a23d-4188eb8fb4d0-server-thread2] INFO  segmented.SegmentedRaftLogWorker (SegmentedRaftLogWorker.java:startLogSegment(430)) - 0e9e7d01-6cef-4822-a23d-4188eb8fb4d0@group-DFBFD2CD5EB9-SegmentedRaftLogWorker: Starting segment from index:0
2024-05-06 09:01:30,167 [0e9e7d01-6cef-4822-a23d-4188eb8fb4d0@group-DFBFD2CD5EB9-SegmentedRaftLogWorker] INFO  segmented.BufferedWriteChannel (BufferedWriteChannel.java:open(62)) - open log_inprogress_0 at position 0
2024-05-06 09:01:30,167 [90b7064f-8397-4c9e-a509-54ea80c9149b@group-FFA1CD4EC552-SegmentedRaftLogWorker] INFO  segmented.SegmentedRaftLogWorker (SegmentedRaftLogWorker.java:execute(634)) - 90b7064f-8397-4c9e-a509-54ea80c9149b@group-FFA1CD4EC552-SegmentedRaftLogWorker: created new log segment /home/runner/work/ozone/ozone/hadoop-ozone/integration-test/target/test-dir/MiniOzoneClusterImpl-f8a20603-669c-41d5-94ea-e080bd68b2ef/ozone-meta/datanode-1/ratis/24bfffb9-f71d-40ca-a219-ffa1cd4ec552/current/log_inprogress_0
2024-05-06 09:01:30,171 [fa7233c5-99c6-4a1a-a2f1-81d332223322-server-thread1] INFO  ratis.XceiverServerRatis (XceiverServerRatis.java:handleLeaderChangedNotification(966)) - Leader change notification received for group: group-DFBFD2CD5EB9 with new leaderId: 2bd728a8-2257-45fc-a304-d79856c752fc
2024-05-06 09:01:30,171 [fa7233c5-99c6-4a1a-a2f1-81d332223322-server-thread1] INFO  server.RaftServer$Division (ServerState.java:setLeader(269)) - fa7233c5-99c6-4a1a-a2f1-81d332223322@group-DFBFD2CD5EB9: change Leader from null to 2bd728a8-2257-45fc-a304-d79856c752fc at term 1 for appendEntries, leader elected after 5175ms
2024-05-06 09:01:30,172 [fa7233c5-99c6-4a1a-a2f1-81d332223322-server-thread2] INFO  server.RaftServer$Division (ServerState.java:setRaftConf(386)) - fa7233c5-99c6-4a1a-a2f1-81d332223322@group-DFBFD2CD5EB9: set configuration 0: peers:[0e9e7d01-6cef-4822-a23d-4188eb8fb4d0|127.0.0.1:15085, fa7233c5-99c6-4a1a-a2f1-81d332223322|127.0.0.1:15103, 2bd728a8-2257-45fc-a304-d79856c752fc|127.0.0.1:15094]|listeners:[], old=null
2024-05-06 09:01:30,172 [fa7233c5-99c6-4a1a-a2f1-81d332223322-server-thread2] INFO  segmented.SegmentedRaftLogWorker (SegmentedRaftLogWorker.java:startLogSegment(430)) - fa7233c5-99c6-4a1a-a2f1-81d332223322@group-DFBFD2CD5EB9-SegmentedRaftLogWorker: Starting segment from index:0
2024-05-06 09:01:30,172 [fa7233c5-99c6-4a1a-a2f1-81d332223322@group-DFBFD2CD5EB9-SegmentedRaftLogWorker] INFO  segmented.BufferedWriteChannel (BufferedWriteChannel.java:open(62)) - open log_inprogress_0 at position 0
2024-05-06 09:01:30,178 [2bd728a8-2257-45fc-a304-d79856c752fc@group-DFBFD2CD5EB9-SegmentedRaftLogWorker] INFO  segmented.SegmentedRaftLogWorker (SegmentedRaftLogWorker.java:execute(634)) - 2bd728a8-2257-45fc-a304-d79856c752fc@group-DFBFD2CD5EB9-SegmentedRaftLogWorker: created new log segment /home/runner/work/ozone/ozone/hadoop-ozone/integration-test/target/test-dir/MiniOzoneClusterImpl-f8a20603-669c-41d5-94ea-e080bd68b2ef/ozone-meta/datanode-4/ratis/d0d47bde-0ccd-412d-ba0a-dfbfd2cd5eb9/current/log_inprogress_0
2024-05-06 09:01:30,178 [90b7064f-8397-4c9e-a509-54ea80c9149b@group-572E3B93379D-FollowerState] INFO  impl.FollowerState (FollowerState.java:run(143)) - 90b7064f-8397-4c9e-a509-54ea80c9149b@group-572E3B93379D-FollowerState: change to CANDIDATE, lastRpcElapsedTime:5199671109ns, electionTimeout:5199ms
2024-05-06 09:01:30,179 [90b7064f-8397-4c9e-a509-54ea80c9149b@group-572E3B93379D-FollowerState] INFO  impl.RoleInfo (RoleInfo.java:shutdownFollowerState(110)) - 90b7064f-8397-4c9e-a509-54ea80c9149b: shutdown 90b7064f-8397-4c9e-a509-54ea80c9149b@group-572E3B93379D-FollowerState
2024-05-06 09:01:30,179 [90b7064f-8397-4c9e-a509-54ea80c9149b@group-572E3B93379D-FollowerState] INFO  server.RaftServer$Division (RaftServerImpl.java:setRole(383)) - 90b7064f-8397-4c9e-a509-54ea80c9149b@group-572E3B93379D: changes role from  FOLLOWER to CANDIDATE at term 0 for changeToCandidate
2024-05-06 09:01:30,179 [90b7064f-8397-4c9e-a509-54ea80c9149b@group-572E3B93379D-FollowerState] INFO  server.RaftServerConfigKeys (ConfUtils.java:logGet(46)) - raft.server.leaderelection.pre-vote = true (default)
2024-05-06 09:01:30,179 [90b7064f-8397-4c9e-a509-54ea80c9149b@group-572E3B93379D-FollowerState] INFO  impl.RoleInfo (RoleInfo.java:updateAndGet(139)) - 90b7064f-8397-4c9e-a509-54ea80c9149b: start 90b7064f-8397-4c9e-a509-54ea80c9149b@group-572E3B93379D-LeaderElection28
2024-05-06 09:01:30,181 [90b7064f-8397-4c9e-a509-54ea80c9149b@group-572E3B93379D-LeaderElection28] INFO  impl.LeaderElection (LeaderElection.java:askForVotes(321)) - 90b7064f-8397-4c9e-a509-54ea80c9149b@group-572E3B93379D-LeaderElection28 PRE_VOTE round 0: submit vote requests at term 0 for -1: peers:[0e9e7d01-6cef-4822-a23d-4188eb8fb4d0|127.0.0.1:15085, fa7233c5-99c6-4a1a-a2f1-81d332223322|127.0.0.1:15103, 90b7064f-8397-4c9e-a509-54ea80c9149b|127.0.0.1:15067]|listeners:[], old=null
2024-05-06 09:01:30,182 [0e9e7d01-6cef-4822-a23d-4188eb8fb4d0@group-DFBFD2CD5EB9-SegmentedRaftLogWorker] INFO  segmented.SegmentedRaftLogWorker (SegmentedRaftLogWorker.java:execute(634)) - 0e9e7d01-6cef-4822-a23d-4188eb8fb4d0@group-DFBFD2CD5EB9-SegmentedRaftLogWorker: created new log segment /home/runner/work/ozone/ozone/hadoop-ozone/integration-test/target/test-dir/MiniOzoneClusterImpl-f8a20603-669c-41d5-94ea-e080bd68b2ef/ozone-meta/datanode-3/ratis/d0d47bde-0ccd-412d-ba0a-dfbfd2cd5eb9/current/log_inprogress_0
2024-05-06 09:01:30,182 [0e9e7d01-6cef-4822-a23d-4188eb8fb4d0@group-FFA1CD4EC552-StateMachineUpdater] INFO  server.RaftServer$Division (LeaderStateImpl.java:isApplied(320)) - leader is ready since appliedIndex == 0 >= startIndex == 0
2024-05-06 09:01:30,182 [fa7233c5-99c6-4a1a-a2f1-81d332223322@group-DFBFD2CD5EB9-SegmentedRaftLogWorker] INFO  segmented.SegmentedRaftLogWorker (SegmentedRaftLogWorker.java:execute(634)) - fa7233c5-99c6-4a1a-a2f1-81d332223322@group-DFBFD2CD5EB9-SegmentedRaftLogWorker: created new log segment /home/runner/work/ozone/ozone/hadoop-ozone/integration-test/target/test-dir/MiniOzoneClusterImpl-f8a20603-669c-41d5-94ea-e080bd68b2ef/ozone-meta/datanode-5/ratis/d0d47bde-0ccd-412d-ba0a-dfbfd2cd5eb9/current/log_inprogress_0
2024-05-06 09:01:30,182 [2bd728a8-2257-45fc-a304-d79856c752fc@group-FFA1CD4EC552-SegmentedRaftLogWorker] INFO  segmented.SegmentedRaftLogWorker (SegmentedRaftLogWorker.java:execute(634)) - 2bd728a8-2257-45fc-a304-d79856c752fc@group-FFA1CD4EC552-SegmentedRaftLogWorker: created new log segment /home/runner/work/ozone/ozone/hadoop-ozone/integration-test/target/test-dir/MiniOzoneClusterImpl-f8a20603-669c-41d5-94ea-e080bd68b2ef/ozone-meta/datanode-4/ratis/24bfffb9-f71d-40ca-a219-ffa1cd4ec552/current/log_inprogress_0
2024-05-06 09:01:30,184 [2bd728a8-2257-45fc-a304-d79856c752fc@group-DFBFD2CD5EB9-StateMachineUpdater] INFO  server.RaftServer$Division (LeaderStateImpl.java:isApplied(320)) - leader is ready since appliedIndex == 0 >= startIndex == 0
2024-05-06 09:01:30,190 [90b7064f-8397-4c9e-a509-54ea80c9149b@group-572E3B93379D-LeaderElection28] INFO  server.RaftServerConfigKeys (ConfUtils.java:logFallback(53)) - raft.server.rpc.first-election.timeout.min = 5s (fallback to raft.server.rpc.timeout.min)
2024-05-06 09:01:30,190 [90b7064f-8397-4c9e-a509-54ea80c9149b@group-572E3B93379D-LeaderElection28] INFO  server.RaftServerConfigKeys (ConfUtils.java:logFallback(53)) - raft.server.rpc.first-election.timeout.max = 5200ms (fallback to raft.server.rpc.timeout.max)
2024-05-06 09:01:30,190 [90b7064f-8397-4c9e-a509-54ea80c9149b@group-572E3B93379D-LeaderElection28-2] INFO  server.GrpcServerProtocolClient (GrpcServerProtocolClient.java:<init>(65)) - Build channel for fa7233c5-99c6-4a1a-a2f1-81d332223322|127.0.0.1:15103
2024-05-06 09:01:30,191 [grpc-default-executor-10] INFO  server.RaftServer$Division (RaftServerImpl.java:requestVote(1389)) - 0e9e7d01-6cef-4822-a23d-4188eb8fb4d0@group-572E3B93379D: receive requestVote(PRE_VOTE, 90b7064f-8397-4c9e-a509-54ea80c9149b, group-572E3B93379D, 0, (t:0, i:0))
2024-05-06 09:01:30,191 [grpc-default-executor-10] INFO  impl.VoteContext (VoteContext.java:log(49)) - 0e9e7d01-6cef-4822-a23d-4188eb8fb4d0@group-572E3B93379D-FOLLOWER: accept PRE_VOTE from 90b7064f-8397-4c9e-a509-54ea80c9149b: our priority 0 <= candidate's priority 1
2024-05-06 09:01:30,191 [grpc-default-executor-10] INFO  server.RaftServer$Division (RaftServerImpl.java:requestVote(1422)) - 0e9e7d01-6cef-4822-a23d-4188eb8fb4d0@group-572E3B93379D replies to PRE_VOTE vote request: 90b7064f-8397-4c9e-a509-54ea80c9149b<-0e9e7d01-6cef-4822-a23d-4188eb8fb4d0#0:OK-t0. Peer's state: 0e9e7d01-6cef-4822-a23d-4188eb8fb4d0@group-572E3B93379D:t0, leader=null, voted=, raftlog=Memoized:0e9e7d01-6cef-4822-a23d-4188eb8fb4d0@group-572E3B93379D-SegmentedRaftLog:OPENED:c-1, conf=-1: peers:[0e9e7d01-6cef-4822-a23d-4188eb8fb4d0|127.0.0.1:15085, fa7233c5-99c6-4a1a-a2f1-81d332223322|127.0.0.1:15103, 90b7064f-8397-4c9e-a509-54ea80c9149b|127.0.0.1:15067]|listeners:[], old=null
2024-05-06 09:01:30,192 [90b7064f-8397-4c9e-a509-54ea80c9149b@group-572E3B93379D-LeaderElection28] INFO  impl.LeaderElection (LeaderElection.java:logAndReturn(89)) - 90b7064f-8397-4c9e-a509-54ea80c9149b@group-572E3B93379D-LeaderElection28: PRE_VOTE PASSED received 1 response(s) and 0 exception(s):
2024-05-06 09:01:30,192 [90b7064f-8397-4c9e-a509-54ea80c9149b@group-572E3B93379D-LeaderElection28] INFO  impl.LeaderElection (LeaderElection.java:logAndReturn(93)) -   Response 0: 90b7064f-8397-4c9e-a509-54ea80c9149b<-0e9e7d01-6cef-4822-a23d-4188eb8fb4d0#0:OK-t0
2024-05-06 09:01:30,192 [90b7064f-8397-4c9e-a509-54ea80c9149b@group-572E3B93379D-LeaderElection28] INFO  impl.LeaderElection (LeaderElection.java:askForVotes(323)) - 90b7064f-8397-4c9e-a509-54ea80c9149b@group-572E3B93379D-LeaderElection28 PRE_VOTE round 0: result PASSED
2024-05-06 09:01:30,193 [90b7064f-8397-4c9e-a509-54ea80c9149b@group-572E3B93379D-LeaderElection28] INFO  impl.LeaderElection (LeaderElection.java:askForVotes(321)) - 90b7064f-8397-4c9e-a509-54ea80c9149b@group-572E3B93379D-LeaderElection28 ELECTION round 0: submit vote requests at term 1 for -1: peers:[0e9e7d01-6cef-4822-a23d-4188eb8fb4d0|127.0.0.1:15085, fa7233c5-99c6-4a1a-a2f1-81d332223322|127.0.0.1:15103, 90b7064f-8397-4c9e-a509-54ea80c9149b|127.0.0.1:15067]|listeners:[], old=null
2024-05-06 09:01:30,195 [grpc-default-executor-10] INFO  server.RaftServer$Division (RaftServerImpl.java:requestVote(1389)) - fa7233c5-99c6-4a1a-a2f1-81d332223322@group-572E3B93379D: receive requestVote(PRE_VOTE, 90b7064f-8397-4c9e-a509-54ea80c9149b, group-572E3B93379D, 0, (t:0, i:0))
2024-05-06 09:01:30,195 [grpc-default-executor-10] INFO  impl.VoteContext (VoteContext.java:log(49)) - fa7233c5-99c6-4a1a-a2f1-81d332223322@group-572E3B93379D-FOLLOWER: accept PRE_VOTE from 90b7064f-8397-4c9e-a509-54ea80c9149b: our priority 0 <= candidate's priority 1
2024-05-06 09:01:30,195 [grpc-default-executor-10] INFO  server.RaftServer$Division (RaftServerImpl.java:requestVote(1422)) - fa7233c5-99c6-4a1a-a2f1-81d332223322@group-572E3B93379D replies to PRE_VOTE vote request: 90b7064f-8397-4c9e-a509-54ea80c9149b<-fa7233c5-99c6-4a1a-a2f1-81d332223322#0:OK-t0. Peer's state: fa7233c5-99c6-4a1a-a2f1-81d332223322@group-572E3B93379D:t0, leader=null, voted=, raftlog=Memoized:fa7233c5-99c6-4a1a-a2f1-81d332223322@group-572E3B93379D-SegmentedRaftLog:OPENED:c-1, conf=-1: peers:[0e9e7d01-6cef-4822-a23d-4188eb8fb4d0|127.0.0.1:15085, fa7233c5-99c6-4a1a-a2f1-81d332223322|127.0.0.1:15103, 90b7064f-8397-4c9e-a509-54ea80c9149b|127.0.0.1:15067]|listeners:[], old=null
2024-05-06 09:01:30,195 [90b7064f-8397-4c9e-a509-54ea80c9149b@group-572E3B93379D-LeaderElection28] INFO  server.RaftServerConfigKeys (ConfUtils.java:logFallback(53)) - raft.server.rpc.first-election.timeout.min = 5s (fallback to raft.server.rpc.timeout.min)
2024-05-06 09:01:30,195 [90b7064f-8397-4c9e-a509-54ea80c9149b@group-572E3B93379D-LeaderElection28] INFO  server.RaftServerConfigKeys (ConfUtils.java:logFallback(53)) - raft.server.rpc.first-election.timeout.max = 5200ms (fallback to raft.server.rpc.timeout.max)
2024-05-06 09:01:30,196 [grpc-default-executor-11] INFO  server.RaftServer$Division (RaftServerImpl.java:requestVote(1389)) - 0e9e7d01-6cef-4822-a23d-4188eb8fb4d0@group-572E3B93379D: receive requestVote(ELECTION, 90b7064f-8397-4c9e-a509-54ea80c9149b, group-572E3B93379D, 1, (t:0, i:0))
2024-05-06 09:01:30,196 [grpc-default-executor-11] INFO  impl.VoteContext (VoteContext.java:log(49)) - 0e9e7d01-6cef-4822-a23d-4188eb8fb4d0@group-572E3B93379D-FOLLOWER: accept ELECTION from 90b7064f-8397-4c9e-a509-54ea80c9149b: our priority 0 <= candidate's priority 1
2024-05-06 09:01:30,196 [grpc-default-executor-11] INFO  server.RaftServer$Division (RaftServerImpl.java:setRole(383)) - 0e9e7d01-6cef-4822-a23d-4188eb8fb4d0@group-572E3B93379D: changes role from  FOLLOWER to FOLLOWER at term 1 for candidate:90b7064f-8397-4c9e-a509-54ea80c9149b
2024-05-06 09:01:30,196 [grpc-default-executor-11] INFO  impl.RoleInfo (RoleInfo.java:shutdownFollowerState(110)) - 0e9e7d01-6cef-4822-a23d-4188eb8fb4d0: shutdown 0e9e7d01-6cef-4822-a23d-4188eb8fb4d0@group-572E3B93379D-FollowerState
2024-05-06 09:01:30,196 [grpc-default-executor-11] INFO  impl.RoleInfo (RoleInfo.java:updateAndGet(139)) - 0e9e7d01-6cef-4822-a23d-4188eb8fb4d0: start 0e9e7d01-6cef-4822-a23d-4188eb8fb4d0@group-572E3B93379D-FollowerState
2024-05-06 09:01:30,197 [grpc-default-executor-8] INFO  server.RaftServer$Division (RaftServerImpl.java:requestVote(1389)) - fa7233c5-99c6-4a1a-a2f1-81d332223322@group-572E3B93379D: receive requestVote(ELECTION, 90b7064f-8397-4c9e-a509-54ea80c9149b, group-572E3B93379D, 1, (t:0, i:0))
2024-05-06 09:01:30,197 [grpc-default-executor-8] INFO  impl.VoteContext (VoteContext.java:log(49)) - fa7233c5-99c6-4a1a-a2f1-81d332223322@group-572E3B93379D-FOLLOWER: accept ELECTION from 90b7064f-8397-4c9e-a509-54ea80c9149b: our priority 0 <= candidate's priority 1
2024-05-06 09:01:30,197 [0e9e7d01-6cef-4822-a23d-4188eb8fb4d0@group-572E3B93379D-FollowerState] INFO  impl.FollowerState (FollowerState.java:run(152)) - 0e9e7d01-6cef-4822-a23d-4188eb8fb4d0@group-572E3B93379D-FollowerState was interrupted
2024-05-06 09:01:30,197 [grpc-default-executor-8] INFO  server.RaftServer$Division (RaftServerImpl.java:setRole(383)) - fa7233c5-99c6-4a1a-a2f1-81d332223322@group-572E3B93379D: changes role from  FOLLOWER to FOLLOWER at term 1 for candidate:90b7064f-8397-4c9e-a509-54ea80c9149b
2024-05-06 09:01:30,197 [grpc-default-executor-8] INFO  impl.RoleInfo (RoleInfo.java:shutdownFollowerState(110)) - fa7233c5-99c6-4a1a-a2f1-81d332223322: shutdown fa7233c5-99c6-4a1a-a2f1-81d332223322@group-572E3B93379D-FollowerState
2024-05-06 09:01:30,197 [grpc-default-executor-8] INFO  impl.RoleInfo (RoleInfo.java:updateAndGet(139)) - fa7233c5-99c6-4a1a-a2f1-81d332223322: start fa7233c5-99c6-4a1a-a2f1-81d332223322@group-572E3B93379D-FollowerState
2024-05-06 09:01:30,197 [fa7233c5-99c6-4a1a-a2f1-81d332223322@group-572E3B93379D-FollowerState] INFO  impl.FollowerState (FollowerState.java:run(152)) - fa7233c5-99c6-4a1a-a2f1-81d332223322@group-572E3B93379D-FollowerState was interrupted
2024-05-06 09:01:30,198 [grpc-default-executor-8] INFO  server.RaftServer$Division (RaftServerImpl.java:setFirstElection(574)) - fa7233c5-99c6-4a1a-a2f1-81d332223322@group-572E3B93379D: set firstElectionSinceStartup to false for candidate:90b7064f-8397-4c9e-a509-54ea80c9149b
2024-05-06 09:01:30,199 [grpc-default-executor-11] INFO  server.RaftServer$Division (RaftServerImpl.java:requestVote(1422)) - 0e9e7d01-6cef-4822-a23d-4188eb8fb4d0@group-572E3B93379D replies to ELECTION vote request: 90b7064f-8397-4c9e-a509-54ea80c9149b<-0e9e7d01-6cef-4822-a23d-4188eb8fb4d0#0:OK-t1. Peer's state: 0e9e7d01-6cef-4822-a23d-4188eb8fb4d0@group-572E3B93379D:t1, leader=null, voted=90b7064f-8397-4c9e-a509-54ea80c9149b, raftlog=Memoized:0e9e7d01-6cef-4822-a23d-4188eb8fb4d0@group-572E3B93379D-SegmentedRaftLog:OPENED:c-1, conf=-1: peers:[0e9e7d01-6cef-4822-a23d-4188eb8fb4d0|127.0.0.1:15085, fa7233c5-99c6-4a1a-a2f1-81d332223322|127.0.0.1:15103, 90b7064f-8397-4c9e-a509-54ea80c9149b|127.0.0.1:15067]|listeners:[], old=null
2024-05-06 09:01:30,200 [grpc-default-executor-8] INFO  server.RaftServer$Division (RaftServerImpl.java:requestVote(1422)) - fa7233c5-99c6-4a1a-a2f1-81d332223322@group-572E3B93379D replies to ELECTION vote request: 90b7064f-8397-4c9e-a509-54ea80c9149b<-fa7233c5-99c6-4a1a-a2f1-81d332223322#0:OK-t1. Peer's state: fa7233c5-99c6-4a1a-a2f1-81d332223322@group-572E3B93379D:t1, leader=null, voted=90b7064f-8397-4c9e-a509-54ea80c9149b, raftlog=Memoized:fa7233c5-99c6-4a1a-a2f1-81d332223322@group-572E3B93379D-SegmentedRaftLog:OPENED:c-1, conf=-1: peers:[0e9e7d01-6cef-4822-a23d-4188eb8fb4d0|127.0.0.1:15085, fa7233c5-99c6-4a1a-a2f1-81d332223322|127.0.0.1:15103, 90b7064f-8397-4c9e-a509-54ea80c9149b|127.0.0.1:15067]|listeners:[], old=null
2024-05-06 09:01:30,200 [90b7064f-8397-4c9e-a509-54ea80c9149b@group-572E3B93379D-LeaderElection28] INFO  impl.LeaderElection (LeaderElection.java:logAndReturn(89)) - 90b7064f-8397-4c9e-a509-54ea80c9149b@group-572E3B93379D-LeaderElection28: ELECTION PASSED received 1 response(s) and 0 exception(s):
2024-05-06 09:01:30,200 [90b7064f-8397-4c9e-a509-54ea80c9149b@group-572E3B93379D-LeaderElection28] INFO  impl.LeaderElection (LeaderElection.java:logAndReturn(93)) -   Response 0: 90b7064f-8397-4c9e-a509-54ea80c9149b<-0e9e7d01-6cef-4822-a23d-4188eb8fb4d0#0:OK-t1
2024-05-06 09:01:30,200 [90b7064f-8397-4c9e-a509-54ea80c9149b@group-572E3B93379D-LeaderElection28] INFO  impl.LeaderElection (LeaderElection.java:askForVotes(323)) - 90b7064f-8397-4c9e-a509-54ea80c9149b@group-572E3B93379D-LeaderElection28 ELECTION round 0: result PASSED
2024-05-06 09:01:30,200 [90b7064f-8397-4c9e-a509-54ea80c9149b@group-572E3B93379D-LeaderElection28] INFO  impl.RoleInfo (RoleInfo.java:shutdownLeaderElection(130)) - 90b7064f-8397-4c9e-a509-54ea80c9149b: shutdown 90b7064f-8397-4c9e-a509-54ea80c9149b@group-572E3B93379D-LeaderElection28
2024-05-06 09:01:30,200 [90b7064f-8397-4c9e-a509-54ea80c9149b@group-572E3B93379D-LeaderElection28] INFO  server.RaftServer$Division (RaftServerImpl.java:setRole(383)) - 90b7064f-8397-4c9e-a509-54ea80c9149b@group-572E3B93379D: changes role from CANDIDATE to LEADER at term 1 for changeToLeader
2024-05-06 09:01:30,200 [90b7064f-8397-4c9e-a509-54ea80c9149b@group-572E3B93379D-LeaderElection28] INFO  server.RaftServerConfigKeys (ConfUtils.java:logGet(46)) - raft.server.staging.catchup.gap = 1000 (default)
2024-05-06 09:01:30,200 [90b7064f-8397-4c9e-a509-54ea80c9149b@group-572E3B93379D-LeaderElection28] INFO  server.RaftServerConfigKeys (ConfUtils.java:logGet(46)) - raft.server.write.element-limit = 1024 (custom)
2024-05-06 09:01:30,200 [90b7064f-8397-4c9e-a509-54ea80c9149b@group-572E3B93379D-LeaderElection28] INFO  server.RaftServerConfigKeys (ConfUtils.java:logGet(46)) - raft.server.write.byte-limit = 1024 M (=1073741824) (custom)
2024-05-06 09:01:30,200 [90b7064f-8397-4c9e-a509-54ea80c9149b@group-572E3B93379D-LeaderElection28] INFO  server.RaftServerConfigKeys (ConfUtils.java:logGet(46)) - raft.server.watch.timeout = 3000ms (custom)
2024-05-06 09:01:30,200 [90b7064f-8397-4c9e-a509-54ea80c9149b@group-572E3B93379D-LeaderElection28] INFO  server.RaftServerConfigKeys (ConfUtils.java:logGet(46)) - raft.server.watch.timeout.denomination = 1s (default)
2024-05-06 09:01:30,201 [90b7064f-8397-4c9e-a509-54ea80c9149b@group-572E3B93379D-LeaderElection28] INFO  server.RaftServerConfigKeys (ConfUtils.java:logGet(46)) - raft.server.watch.element-limit = 65536 (default)
2024-05-06 09:01:30,201 [90b7064f-8397-4c9e-a509-54ea80c9149b@group-572E3B93379D-LeaderElection28] INFO  server.RaftServerConfigKeys (ConfUtils.java:logGet(46)) - raft.server.read.leader.lease.enabled = false (default)
2024-05-06 09:01:30,201 [90b7064f-8397-4c9e-a509-54ea80c9149b@group-572E3B93379D-LeaderElection28] INFO  server.RaftServerConfigKeys (ConfUtils.java:logGet(46)) - raft.server.read.leader.lease.timeout.ratio = 0.9 (default)
2024-05-06 09:01:30,201 [90b7064f-8397-4c9e-a509-54ea80c9149b@group-572E3B93379D-LeaderElection28] INFO  server.RaftServerConfigKeys (ConfUtils.java:logGet(46)) - raft.server.rpc.timeout.min = 5s (custom)
2024-05-06 09:01:30,201 [90b7064f-8397-4c9e-a509-54ea80c9149b@group-572E3B93379D-LeaderElection28] INFO  server.RaftServerConfigKeys (ConfUtils.java:logGet(46)) - raft.server.write.element-limit = 1024 (custom)
2024-05-06 09:01:30,201 [90b7064f-8397-4c9e-a509-54ea80c9149b@group-572E3B93379D-LeaderElection28] INFO  server.RaftServerConfigKeys (ConfUtils.java:logGet(46)) - raft.server.write.follower.gap.ratio.max = -1.0 (default)
2024-05-06 09:01:30,201 [90b7064f-8397-4c9e-a509-54ea80c9149b@group-572E3B93379D-LeaderElection28] INFO  server.RaftServerConfigKeys (ConfUtils.java:logGet(46)) - raft.server.log.appender.snapshot.chunk.size.max = 16MB (=16777216) (default)
2024-05-06 09:01:30,201 [90b7064f-8397-4c9e-a509-54ea80c9149b@group-572E3B93379D-LeaderElection28] INFO  server.RaftServerConfigKeys (ConfUtils.java:logGet(46)) - raft.server.log.appender.buffer.byte-limit = 8388608 (custom)
2024-05-06 09:01:30,201 [90b7064f-8397-4c9e-a509-54ea80c9149b@group-572E3B93379D-LeaderElection28] INFO  server.RaftServerConfigKeys (ConfUtils.java:logGet(46)) - raft.server.log.appender.buffer.element-limit = 1 (custom)
2024-05-06 09:01:30,202 [90b7064f-8397-4c9e-a509-54ea80c9149b@group-572E3B93379D-LeaderElection28] INFO  server.RaftServerConfigKeys (ConfUtils.java:logGet(46)) - raft.server.log.appender.wait-time.min = 0ms (custom)
2024-05-06 09:01:30,202 [90b7064f-8397-4c9e-a509-54ea80c9149b@group-572E3B93379D-LeaderElection28] INFO  grpc.GrpcConfigKeys (ConfUtils.java:logGet(46)) - raft.grpc.server.leader.outstanding.appends.max = 8 (default)
2024-05-06 09:01:30,202 [90b7064f-8397-4c9e-a509-54ea80c9149b@group-572E3B93379D-LeaderElection28] INFO  server.RaftServerConfigKeys (ConfUtils.java:logGet(46)) - raft.server.rpc.request.timeout = 3000ms (default)
2024-05-06 09:01:30,202 [90b7064f-8397-4c9e-a509-54ea80c9149b@group-572E3B93379D-LeaderElection28] INFO  grpc.GrpcConfigKeys (ConfUtils.java:logGet(46)) - raft.grpc.server.install_snapshot.request.element-limit = 8 (default)
2024-05-06 09:01:30,202 [90b7064f-8397-4c9e-a509-54ea80c9149b@group-572E3B93379D-LeaderElection28] INFO  grpc.GrpcConfigKeys (ConfUtils.java:logGet(46)) - raft.grpc.server.install_snapshot.request.timeout = 3000ms (default)
2024-05-06 09:01:30,202 [90b7064f-8397-4c9e-a509-54ea80c9149b@group-572E3B93379D-LeaderElection28] INFO  grpc.GrpcConfigKeys (ConfUtils.java:logGet(46)) - raft.grpc.server.log-message.batch.duration = 5s (default)
2024-05-06 09:01:30,202 [90b7064f-8397-4c9e-a509-54ea80c9149b@group-572E3B93379D-LeaderElection28] INFO  server.RaftServerConfigKeys (ConfUtils.java:logGet(46)) - raft.server.log.appender.install.snapshot.enabled = false (custom)
2024-05-06 09:01:30,202 [90b7064f-8397-4c9e-a509-54ea80c9149b@group-572E3B93379D-LeaderElection28] INFO  grpc.GrpcConfigKeys (ConfUtils.java:logGet(46)) - raft.grpc.server.heartbeat.channel = true (default)
2024-05-06 09:01:30,203 [90b7064f-8397-4c9e-a509-54ea80c9149b@group-572E3B93379D-LeaderElection28] INFO  server.RaftServerConfigKeys (ConfUtils.java:logGet(46)) - raft.server.log.appender.snapshot.chunk.size.max = 16MB (=16777216) (default)
2024-05-06 09:01:30,203 [90b7064f-8397-4c9e-a509-54ea80c9149b@group-572E3B93379D-LeaderElection28] INFO  server.RaftServerConfigKeys (ConfUtils.java:logGet(46)) - raft.server.log.appender.buffer.byte-limit = 8388608 (custom)
2024-05-06 09:01:30,203 [90b7064f-8397-4c9e-a509-54ea80c9149b@group-572E3B93379D-LeaderElection28] INFO  server.RaftServerConfigKeys (ConfUtils.java:logGet(46)) - raft.server.log.appender.buffer.element-limit = 1 (custom)
2024-05-06 09:01:30,203 [90b7064f-8397-4c9e-a509-54ea80c9149b@group-572E3B93379D-LeaderElection28] INFO  server.RaftServerConfigKeys (ConfUtils.java:logGet(46)) - raft.server.log.appender.wait-time.min = 0ms (custom)
2024-05-06 09:01:30,203 [90b7064f-8397-4c9e-a509-54ea80c9149b@group-572E3B93379D-LeaderElection28] INFO  grpc.GrpcConfigKeys (ConfUtils.java:logGet(46)) - raft.grpc.server.leader.outstanding.appends.max = 8 (default)
2024-05-06 09:01:30,203 [90b7064f-8397-4c9e-a509-54ea80c9149b@group-572E3B93379D-LeaderElection28] INFO  server.RaftServerConfigKeys (ConfUtils.java:logGet(46)) - raft.server.rpc.request.timeout = 3000ms (default)
2024-05-06 09:01:30,203 [90b7064f-8397-4c9e-a509-54ea80c9149b@group-572E3B93379D-LeaderElection28] INFO  grpc.GrpcConfigKeys (ConfUtils.java:logGet(46)) - raft.grpc.server.install_snapshot.request.element-limit = 8 (default)
2024-05-06 09:01:30,203 [90b7064f-8397-4c9e-a509-54ea80c9149b@group-572E3B93379D-LeaderElection28] INFO  grpc.GrpcConfigKeys (ConfUtils.java:logGet(46)) - raft.grpc.server.install_snapshot.request.timeout = 3000ms (default)
2024-05-06 09:01:30,203 [90b7064f-8397-4c9e-a509-54ea80c9149b@group-572E3B93379D-LeaderElection28] INFO  grpc.GrpcConfigKeys (ConfUtils.java:logGet(46)) - raft.grpc.server.log-message.batch.duration = 5s (default)
2024-05-06 09:01:30,203 [90b7064f-8397-4c9e-a509-54ea80c9149b@group-572E3B93379D-LeaderElection28] INFO  server.RaftServerConfigKeys (ConfUtils.java:logGet(46)) - raft.server.log.appender.install.snapshot.enabled = false (custom)
2024-05-06 09:01:30,203 [90b7064f-8397-4c9e-a509-54ea80c9149b@group-572E3B93379D-LeaderElection28] INFO  grpc.GrpcConfigKeys (ConfUtils.java:logGet(46)) - raft.grpc.server.heartbeat.channel = true (default)
2024-05-06 09:01:30,203 [90b7064f-8397-4c9e-a509-54ea80c9149b@group-572E3B93379D-LeaderElection28] INFO  impl.RoleInfo (RoleInfo.java:updateAndGet(139)) - 90b7064f-8397-4c9e-a509-54ea80c9149b: start 90b7064f-8397-4c9e-a509-54ea80c9149b@group-572E3B93379D-LeaderStateImpl
2024-05-06 09:01:30,203 [90b7064f-8397-4c9e-a509-54ea80c9149b@group-572E3B93379D-LeaderElection28] INFO  server.RaftServer$Division (RaftServerImpl.java:setFirstElection(574)) - 90b7064f-8397-4c9e-a509-54ea80c9149b@group-572E3B93379D: set firstElectionSinceStartup to false for becomeLeader
2024-05-06 09:01:30,203 [90b7064f-8397-4c9e-a509-54ea80c9149b@group-572E3B93379D-LeaderElection28] INFO  ratis.XceiverServerRatis (XceiverServerRatis.java:handleLeaderChangedNotification(966)) - Leader change notification received for group: group-572E3B93379D with new leaderId: 90b7064f-8397-4c9e-a509-54ea80c9149b
2024-05-06 09:01:30,204 [90b7064f-8397-4c9e-a509-54ea80c9149b@group-572E3B93379D-LeaderElection28] INFO  server.RaftServer$Division (ServerState.java:setLeader(269)) - 90b7064f-8397-4c9e-a509-54ea80c9149b@group-572E3B93379D: change Leader from null to 90b7064f-8397-4c9e-a509-54ea80c9149b at term 1 for becomeLeader, leader elected after 5237ms
2024-05-06 09:01:30,204 [90b7064f-8397-4c9e-a509-54ea80c9149b@group-572E3B93379D-LeaderElection28] INFO  segmented.SegmentedRaftLogWorker (SegmentedRaftLogWorker.java:startLogSegment(430)) - 90b7064f-8397-4c9e-a509-54ea80c9149b@group-572E3B93379D-SegmentedRaftLogWorker: Starting segment from index:0
2024-05-06 09:01:30,204 [90b7064f-8397-4c9e-a509-54ea80c9149b@group-572E3B93379D-SegmentedRaftLogWorker] INFO  segmented.BufferedWriteChannel (BufferedWriteChannel.java:open(62)) - open log_inprogress_0 at position 0
2024-05-06 09:01:30,205 [EventQueue-PipelineReportForPipelineReportHandler] INFO  pipeline.PipelineReportHandler (PipelineReportHandler.java:processPipelineReport(136)) - Opened pipeline PipelineID=209a26b5-cef4-449e-ba4b-572e3b93379d
2024-05-06 09:01:30,207 [90b7064f-8397-4c9e-a509-54ea80c9149b@group-572E3B93379D-LeaderElection28] INFO  server.RaftServer$Division (ServerState.java:setRaftConf(386)) - 90b7064f-8397-4c9e-a509-54ea80c9149b@group-572E3B93379D: set configuration 0: peers:[0e9e7d01-6cef-4822-a23d-4188eb8fb4d0|127.0.0.1:15085, fa7233c5-99c6-4a1a-a2f1-81d332223322|127.0.0.1:15103, 90b7064f-8397-4c9e-a509-54ea80c9149b|127.0.0.1:15067]|listeners:[], old=null
2024-05-06 09:01:30,209 [0e9e7d01-6cef-4822-a23d-4188eb8fb4d0-server-thread1] INFO  ratis.XceiverServerRatis (XceiverServerRatis.java:handleLeaderChangedNotification(966)) - Leader change notification received for group: group-572E3B93379D with new leaderId: 90b7064f-8397-4c9e-a509-54ea80c9149b
2024-05-06 09:01:30,209 [0e9e7d01-6cef-4822-a23d-4188eb8fb4d0-server-thread1] INFO  server.RaftServer$Division (ServerState.java:setLeader(269)) - 0e9e7d01-6cef-4822-a23d-4188eb8fb4d0@group-572E3B93379D: change Leader from null to 90b7064f-8397-4c9e-a509-54ea80c9149b at term 1 for appendEntries, leader elected after 5216ms
2024-05-06 09:01:30,211 [90b7064f-8397-4c9e-a509-54ea80c9149b@group-572E3B93379D-SegmentedRaftLogWorker] INFO  segmented.SegmentedRaftLogWorker (SegmentedRaftLogWorker.java:execute(634)) - 90b7064f-8397-4c9e-a509-54ea80c9149b@group-572E3B93379D-SegmentedRaftLogWorker: created new log segment /home/runner/work/ozone/ozone/hadoop-ozone/integration-test/target/test-dir/MiniOzoneClusterImpl-f8a20603-669c-41d5-94ea-e080bd68b2ef/ozone-meta/datanode-1/ratis/209a26b5-cef4-449e-ba4b-572e3b93379d/current/log_inprogress_0
2024-05-06 09:01:30,213 [0e9e7d01-6cef-4822-a23d-4188eb8fb4d0-server-thread2] INFO  server.RaftServer$Division (ServerState.java:setRaftConf(386)) - 0e9e7d01-6cef-4822-a23d-4188eb8fb4d0@group-572E3B93379D: set configuration 0: peers:[0e9e7d01-6cef-4822-a23d-4188eb8fb4d0|127.0.0.1:15085, fa7233c5-99c6-4a1a-a2f1-81d332223322|127.0.0.1:15103, 90b7064f-8397-4c9e-a509-54ea80c9149b|127.0.0.1:15067]|listeners:[], old=null
2024-05-06 09:01:30,214 [0e9e7d01-6cef-4822-a23d-4188eb8fb4d0-server-thread2] INFO  segmented.SegmentedRaftLogWorker (SegmentedRaftLogWorker.java:startLogSegment(430)) - 0e9e7d01-6cef-4822-a23d-4188eb8fb4d0@group-572E3B93379D-SegmentedRaftLogWorker: Starting segment from index:0
2024-05-06 09:01:30,214 [fa7233c5-99c6-4a1a-a2f1-81d332223322-server-thread1] INFO  ratis.XceiverServerRatis (XceiverServerRatis.java:handleLeaderChangedNotification(966)) - Leader change notification received for group: group-572E3B93379D with new leaderId: 90b7064f-8397-4c9e-a509-54ea80c9149b
2024-05-06 09:01:30,214 [0e9e7d01-6cef-4822-a23d-4188eb8fb4d0@group-572E3B93379D-SegmentedRaftLogWorker] INFO  segmented.BufferedWriteChannel (BufferedWriteChannel.java:open(62)) - open log_inprogress_0 at position 0
2024-05-06 09:01:30,214 [fa7233c5-99c6-4a1a-a2f1-81d332223322-server-thread1] INFO  server.RaftServer$Division (ServerState.java:setLeader(269)) - fa7233c5-99c6-4a1a-a2f1-81d332223322@group-572E3B93379D: change Leader from null to 90b7064f-8397-4c9e-a509-54ea80c9149b at term 1 for appendEntries, leader elected after 5190ms
2024-05-06 09:01:30,214 [fa7233c5-99c6-4a1a-a2f1-81d332223322-server-thread2] INFO  server.RaftServer$Division (ServerState.java:setRaftConf(386)) - fa7233c5-99c6-4a1a-a2f1-81d332223322@group-572E3B93379D: set configuration 0: peers:[0e9e7d01-6cef-4822-a23d-4188eb8fb4d0|127.0.0.1:15085, fa7233c5-99c6-4a1a-a2f1-81d332223322|127.0.0.1:15103, 90b7064f-8397-4c9e-a509-54ea80c9149b|127.0.0.1:15067]|listeners:[], old=null
2024-05-06 09:01:30,214 [fa7233c5-99c6-4a1a-a2f1-81d332223322-server-thread2] INFO  segmented.SegmentedRaftLogWorker (SegmentedRaftLogWorker.java:startLogSegment(430)) - fa7233c5-99c6-4a1a-a2f1-81d332223322@group-572E3B93379D-SegmentedRaftLogWorker: Starting segment from index:0
2024-05-06 09:01:30,215 [fa7233c5-99c6-4a1a-a2f1-81d332223322@group-572E3B93379D-SegmentedRaftLogWorker] INFO  segmented.BufferedWriteChannel (BufferedWriteChannel.java:open(62)) - open log_inprogress_0 at position 0
2024-05-06 09:01:30,217 [90b7064f-8397-4c9e-a509-54ea80c9149b@group-D8ADA5FCF697-FollowerState] INFO  impl.FollowerState (FollowerState.java:run(143)) - 90b7064f-8397-4c9e-a509-54ea80c9149b@group-D8ADA5FCF697-FollowerState: change to CANDIDATE, lastRpcElapsedTime:5041643688ns, electionTimeout:5040ms
2024-05-06 09:01:30,217 [90b7064f-8397-4c9e-a509-54ea80c9149b@group-D8ADA5FCF697-FollowerState] INFO  impl.RoleInfo (RoleInfo.java:shutdownFollowerState(110)) - 90b7064f-8397-4c9e-a509-54ea80c9149b: shutdown 90b7064f-8397-4c9e-a509-54ea80c9149b@group-D8ADA5FCF697-FollowerState
2024-05-06 09:01:30,217 [90b7064f-8397-4c9e-a509-54ea80c9149b@group-D8ADA5FCF697-FollowerState] INFO  server.RaftServer$Division (RaftServerImpl.java:setRole(383)) - 90b7064f-8397-4c9e-a509-54ea80c9149b@group-D8ADA5FCF697: changes role from  FOLLOWER to CANDIDATE at term 0 for changeToCandidate
2024-05-06 09:01:30,217 [90b7064f-8397-4c9e-a509-54ea80c9149b@group-D8ADA5FCF697-FollowerState] INFO  server.RaftServerConfigKeys (ConfUtils.java:logGet(46)) - raft.server.leaderelection.pre-vote = true (default)
2024-05-06 09:01:30,217 [90b7064f-8397-4c9e-a509-54ea80c9149b@group-D8ADA5FCF697-FollowerState] INFO  impl.RoleInfo (RoleInfo.java:updateAndGet(139)) - 90b7064f-8397-4c9e-a509-54ea80c9149b: start 90b7064f-8397-4c9e-a509-54ea80c9149b@group-D8ADA5FCF697-LeaderElection29
2024-05-06 09:01:30,217 [90b7064f-8397-4c9e-a509-54ea80c9149b@group-D8ADA5FCF697-LeaderElection29] INFO  impl.LeaderElection (LeaderElection.java:askForVotes(321)) - 90b7064f-8397-4c9e-a509-54ea80c9149b@group-D8ADA5FCF697-LeaderElection29 PRE_VOTE round 0: submit vote requests at term 0 for -1: peers:[fa7233c5-99c6-4a1a-a2f1-81d332223322|127.0.0.1:15103, 90b7064f-8397-4c9e-a509-54ea80c9149b|127.0.0.1:15067, 2bd728a8-2257-45fc-a304-d79856c752fc|127.0.0.1:15094]|listeners:[], old=null
2024-05-06 09:01:30,218 [90b7064f-8397-4c9e-a509-54ea80c9149b@group-D8ADA5FCF697-LeaderElection29] INFO  server.RaftServerConfigKeys (ConfUtils.java:logFallback(53)) - raft.server.rpc.first-election.timeout.min = 5s (fallback to raft.server.rpc.timeout.min)
2024-05-06 09:01:30,218 [90b7064f-8397-4c9e-a509-54ea80c9149b@group-D8ADA5FCF697-LeaderElection29-2] INFO  server.GrpcServerProtocolClient (GrpcServerProtocolClient.java:<init>(65)) - Build channel for 2bd728a8-2257-45fc-a304-d79856c752fc|127.0.0.1:15094
2024-05-06 09:01:30,218 [90b7064f-8397-4c9e-a509-54ea80c9149b@group-D8ADA5FCF697-LeaderElection29] INFO  server.RaftServerConfigKeys (ConfUtils.java:logFallback(53)) - raft.server.rpc.first-election.timeout.max = 5200ms (fallback to raft.server.rpc.timeout.max)
2024-05-06 09:01:30,220 [grpc-default-executor-8] INFO  server.RaftServer$Division (RaftServerImpl.java:requestVote(1389)) - fa7233c5-99c6-4a1a-a2f1-81d332223322@group-D8ADA5FCF697: receive requestVote(PRE_VOTE, 90b7064f-8397-4c9e-a509-54ea80c9149b, group-D8ADA5FCF697, 0, (t:0, i:0))
2024-05-06 09:01:30,220 [grpc-default-executor-8] INFO  impl.VoteContext (VoteContext.java:log(49)) - fa7233c5-99c6-4a1a-a2f1-81d332223322@group-D8ADA5FCF697-FOLLOWER: reject PRE_VOTE from 90b7064f-8397-4c9e-a509-54ea80c9149b: our priority 1 > candidate's priority 0
2024-05-06 09:01:30,220 [grpc-default-executor-8] INFO  server.RaftServer$Division (RaftServerImpl.java:requestVote(1422)) - fa7233c5-99c6-4a1a-a2f1-81d332223322@group-D8ADA5FCF697 replies to PRE_VOTE vote request: 90b7064f-8397-4c9e-a509-54ea80c9149b<-fa7233c5-99c6-4a1a-a2f1-81d332223322#0:FAIL-t0. Peer's state: fa7233c5-99c6-4a1a-a2f1-81d332223322@group-D8ADA5FCF697:t0, leader=null, voted=, raftlog=Memoized:fa7233c5-99c6-4a1a-a2f1-81d332223322@group-D8ADA5FCF697-SegmentedRaftLog:OPENED:c-1, conf=-1: peers:[fa7233c5-99c6-4a1a-a2f1-81d332223322|127.0.0.1:15103, 90b7064f-8397-4c9e-a509-54ea80c9149b|127.0.0.1:15067, 2bd728a8-2257-45fc-a304-d79856c752fc|127.0.0.1:15094]|listeners:[], old=null
2024-05-06 09:01:30,220 [90b7064f-8397-4c9e-a509-54ea80c9149b@group-D8ADA5FCF697-LeaderElection29] INFO  impl.LeaderElection (LeaderElection.java:logAndReturn(89)) - 90b7064f-8397-4c9e-a509-54ea80c9149b@group-D8ADA5FCF697-LeaderElection29: PRE_VOTE REJECTED received 1 response(s) and 0 exception(s):
2024-05-06 09:01:30,221 [90b7064f-8397-4c9e-a509-54ea80c9149b@group-D8ADA5FCF697-LeaderElection29] INFO  impl.LeaderElection (LeaderElection.java:logAndReturn(93)) -   Response 0: 90b7064f-8397-4c9e-a509-54ea80c9149b<-fa7233c5-99c6-4a1a-a2f1-81d332223322#0:FAIL-t0
2024-05-06 09:01:30,221 [90b7064f-8397-4c9e-a509-54ea80c9149b@group-D8ADA5FCF697-LeaderElection29] INFO  impl.LeaderElection (LeaderElection.java:askForVotes(323)) - 90b7064f-8397-4c9e-a509-54ea80c9149b@group-D8ADA5FCF697-LeaderElection29 PRE_VOTE round 0: result REJECTED
2024-05-06 09:01:30,221 [90b7064f-8397-4c9e-a509-54ea80c9149b@group-D8ADA5FCF697-LeaderElection29] INFO  server.RaftServer$Division (RaftServerImpl.java:setRole(383)) - 90b7064f-8397-4c9e-a509-54ea80c9149b@group-D8ADA5FCF697: changes role from CANDIDATE to FOLLOWER at term 0 for REJECTED
2024-05-06 09:01:30,221 [90b7064f-8397-4c9e-a509-54ea80c9149b@group-D8ADA5FCF697-LeaderElection29] INFO  impl.RoleInfo (RoleInfo.java:shutdownLeaderElection(130)) - 90b7064f-8397-4c9e-a509-54ea80c9149b: shutdown 90b7064f-8397-4c9e-a509-54ea80c9149b@group-D8ADA5FCF697-LeaderElection29
2024-05-06 09:01:30,222 [90b7064f-8397-4c9e-a509-54ea80c9149b@group-D8ADA5FCF697-LeaderElection29] INFO  impl.RoleInfo (RoleInfo.java:updateAndGet(139)) - 90b7064f-8397-4c9e-a509-54ea80c9149b: start 90b7064f-8397-4c9e-a509-54ea80c9149b@group-D8ADA5FCF697-FollowerState
2024-05-06 09:01:30,222 [90b7064f-8397-4c9e-a509-54ea80c9149b@group-D8ADA5FCF697-LeaderElection29] INFO  server.RaftServer$Division (RaftServerImpl.java:setFirstElection(574)) - 90b7064f-8397-4c9e-a509-54ea80c9149b@group-D8ADA5FCF697: set firstElectionSinceStartup to false for REJECTED
2024-05-06 09:01:30,222 [grpc-default-executor-8] INFO  server.RaftServer$Division (RaftServerImpl.java:requestVote(1389)) - 2bd728a8-2257-45fc-a304-d79856c752fc@group-D8ADA5FCF697: receive requestVote(PRE_VOTE, 90b7064f-8397-4c9e-a509-54ea80c9149b, group-D8ADA5FCF697, 0, (t:0, i:0))
2024-05-06 09:01:30,222 [grpc-default-executor-8] INFO  impl.VoteContext (VoteContext.java:log(49)) - 2bd728a8-2257-45fc-a304-d79856c752fc@group-D8ADA5FCF697-FOLLOWER: accept PRE_VOTE from 90b7064f-8397-4c9e-a509-54ea80c9149b: our priority 0 <= candidate's priority 0
2024-05-06 09:01:30,223 [grpc-default-executor-8] INFO  server.RaftServer$Division (RaftServerImpl.java:requestVote(1422)) - 2bd728a8-2257-45fc-a304-d79856c752fc@group-D8ADA5FCF697 replies to PRE_VOTE vote request: 90b7064f-8397-4c9e-a509-54ea80c9149b<-2bd728a8-2257-45fc-a304-d79856c752fc#0:OK-t0. Peer's state: 2bd728a8-2257-45fc-a304-d79856c752fc@group-D8ADA5FCF697:t0, leader=null, voted=, raftlog=Memoized:2bd728a8-2257-45fc-a304-d79856c752fc@group-D8ADA5FCF697-SegmentedRaftLog:OPENED:c-1, conf=-1: peers:[fa7233c5-99c6-4a1a-a2f1-81d332223322|127.0.0.1:15103, 90b7064f-8397-4c9e-a509-54ea80c9149b|127.0.0.1:15067, 2bd728a8-2257-45fc-a304-d79856c752fc|127.0.0.1:15094]|listeners:[], old=null
2024-05-06 09:01:30,224 [0e9e7d01-6cef-4822-a23d-4188eb8fb4d0@group-572E3B93379D-SegmentedRaftLogWorker] INFO  segmented.SegmentedRaftLogWorker (SegmentedRaftLogWorker.java:execute(634)) - 0e9e7d01-6cef-4822-a23d-4188eb8fb4d0@group-572E3B93379D-SegmentedRaftLogWorker: created new log segment /home/runner/work/ozone/ozone/hadoop-ozone/integration-test/target/test-dir/MiniOzoneClusterImpl-f8a20603-669c-41d5-94ea-e080bd68b2ef/ozone-meta/datanode-3/ratis/209a26b5-cef4-449e-ba4b-572e3b93379d/current/log_inprogress_0
2024-05-06 09:01:30,224 [fa7233c5-99c6-4a1a-a2f1-81d332223322@group-572E3B93379D-SegmentedRaftLogWorker] INFO  segmented.SegmentedRaftLogWorker (SegmentedRaftLogWorker.java:execute(634)) - fa7233c5-99c6-4a1a-a2f1-81d332223322@group-572E3B93379D-SegmentedRaftLogWorker: created new log segment /home/runner/work/ozone/ozone/hadoop-ozone/integration-test/target/test-dir/MiniOzoneClusterImpl-f8a20603-669c-41d5-94ea-e080bd68b2ef/ozone-meta/datanode-5/ratis/209a26b5-cef4-449e-ba4b-572e3b93379d/current/log_inprogress_0
2024-05-06 09:01:30,226 [90b7064f-8397-4c9e-a509-54ea80c9149b@group-572E3B93379D-StateMachineUpdater] INFO  server.RaftServer$Division (LeaderStateImpl.java:isApplied(320)) - leader is ready since appliedIndex == 0 >= startIndex == 0
2024-05-06 09:01:30,298 [fa7233c5-99c6-4a1a-a2f1-81d332223322@group-D8ADA5FCF697-FollowerState] INFO  impl.FollowerState (FollowerState.java:run(143)) - fa7233c5-99c6-4a1a-a2f1-81d332223322@group-D8ADA5FCF697-FollowerState: change to CANDIDATE, lastRpcElapsedTime:5172407164ns, electionTimeout:5172ms
2024-05-06 09:01:30,298 [fa7233c5-99c6-4a1a-a2f1-81d332223322@group-D8ADA5FCF697-FollowerState] INFO  impl.RoleInfo (RoleInfo.java:shutdownFollowerState(110)) - fa7233c5-99c6-4a1a-a2f1-81d332223322: shutdown fa7233c5-99c6-4a1a-a2f1-81d332223322@group-D8ADA5FCF697-FollowerState
2024-05-06 09:01:30,298 [fa7233c5-99c6-4a1a-a2f1-81d332223322@group-D8ADA5FCF697-FollowerState] INFO  server.RaftServer$Division (RaftServerImpl.java:setRole(383)) - fa7233c5-99c6-4a1a-a2f1-81d332223322@group-D8ADA5FCF697: changes role from  FOLLOWER to CANDIDATE at term 0 for changeToCandidate
2024-05-06 09:01:30,298 [fa7233c5-99c6-4a1a-a2f1-81d332223322@group-D8ADA5FCF697-FollowerState] INFO  server.RaftServerConfigKeys (ConfUtils.java:logGet(46)) - raft.server.leaderelection.pre-vote = true (default)
2024-05-06 09:01:30,298 [fa7233c5-99c6-4a1a-a2f1-81d332223322@group-D8ADA5FCF697-FollowerState] INFO  impl.RoleInfo (RoleInfo.java:updateAndGet(139)) - fa7233c5-99c6-4a1a-a2f1-81d332223322: start fa7233c5-99c6-4a1a-a2f1-81d332223322@group-D8ADA5FCF697-LeaderElection30
2024-05-06 09:01:30,299 [fa7233c5-99c6-4a1a-a2f1-81d332223322@group-D8ADA5FCF697-LeaderElection30] INFO  impl.LeaderElection (LeaderElection.java:askForVotes(321)) - fa7233c5-99c6-4a1a-a2f1-81d332223322@group-D8ADA5FCF697-LeaderElection30 PRE_VOTE round 0: submit vote requests at term 0 for -1: peers:[fa7233c5-99c6-4a1a-a2f1-81d332223322|127.0.0.1:15103, 90b7064f-8397-4c9e-a509-54ea80c9149b|127.0.0.1:15067, 2bd728a8-2257-45fc-a304-d79856c752fc|127.0.0.1:15094]|listeners:[], old=null
2024-05-06 09:01:30,299 [fa7233c5-99c6-4a1a-a2f1-81d332223322@group-D8ADA5FCF697-LeaderElection30-1] INFO  server.GrpcServerProtocolClient (GrpcServerProtocolClient.java:<init>(65)) - Build channel for 90b7064f-8397-4c9e-a509-54ea80c9149b|127.0.0.1:15067
2024-05-06 09:01:30,299 [fa7233c5-99c6-4a1a-a2f1-81d332223322@group-D8ADA5FCF697-LeaderElection30-2] INFO  server.GrpcServerProtocolClient (GrpcServerProtocolClient.java:<init>(65)) - Build channel for 2bd728a8-2257-45fc-a304-d79856c752fc|127.0.0.1:15094
2024-05-06 09:01:30,299 [fa7233c5-99c6-4a1a-a2f1-81d332223322@group-D8ADA5FCF697-LeaderElection30] INFO  server.RaftServerConfigKeys (ConfUtils.java:logFallback(53)) - raft.server.rpc.first-election.timeout.min = 5s (fallback to raft.server.rpc.timeout.min)
2024-05-06 09:01:30,299 [fa7233c5-99c6-4a1a-a2f1-81d332223322@group-D8ADA5FCF697-LeaderElection30] INFO  server.RaftServerConfigKeys (ConfUtils.java:logFallback(53)) - raft.server.rpc.first-election.timeout.max = 5200ms (fallback to raft.server.rpc.timeout.max)
2024-05-06 09:01:30,303 [grpc-default-executor-11] INFO  server.RaftServer$Division (RaftServerImpl.java:requestVote(1389)) - 90b7064f-8397-4c9e-a509-54ea80c9149b@group-D8ADA5FCF697: receive requestVote(PRE_VOTE, fa7233c5-99c6-4a1a-a2f1-81d332223322, group-D8ADA5FCF697, 0, (t:0, i:0))
2024-05-06 09:01:30,303 [grpc-default-executor-11] INFO  impl.VoteContext (VoteContext.java:log(49)) - 90b7064f-8397-4c9e-a509-54ea80c9149b@group-D8ADA5FCF697-FOLLOWER: accept PRE_VOTE from fa7233c5-99c6-4a1a-a2f1-81d332223322: our priority 0 <= candidate's priority 1
2024-05-06 09:01:30,303 [grpc-default-executor-11] INFO  server.RaftServer$Division (RaftServerImpl.java:requestVote(1422)) - 90b7064f-8397-4c9e-a509-54ea80c9149b@group-D8ADA5FCF697 replies to PRE_VOTE vote request: fa7233c5-99c6-4a1a-a2f1-81d332223322<-90b7064f-8397-4c9e-a509-54ea80c9149b#0:OK-t0. Peer's state: 90b7064f-8397-4c9e-a509-54ea80c9149b@group-D8ADA5FCF697:t0, leader=null, voted=, raftlog=Memoized:90b7064f-8397-4c9e-a509-54ea80c9149b@group-D8ADA5FCF697-SegmentedRaftLog:OPENED:c-1, conf=-1: peers:[fa7233c5-99c6-4a1a-a2f1-81d332223322|127.0.0.1:15103, 90b7064f-8397-4c9e-a509-54ea80c9149b|127.0.0.1:15067, 2bd728a8-2257-45fc-a304-d79856c752fc|127.0.0.1:15094]|listeners:[], old=null
2024-05-06 09:01:30,303 [grpc-default-executor-8] INFO  server.RaftServer$Division (RaftServerImpl.java:requestVote(1389)) - 2bd728a8-2257-45fc-a304-d79856c752fc@group-D8ADA5FCF697: receive requestVote(PRE_VOTE, fa7233c5-99c6-4a1a-a2f1-81d332223322, group-D8ADA5FCF697, 0, (t:0, i:0))
2024-05-06 09:01:30,303 [grpc-default-executor-8] INFO  impl.VoteContext (VoteContext.java:log(49)) - 2bd728a8-2257-45fc-a304-d79856c752fc@group-D8ADA5FCF697-FOLLOWER: accept PRE_VOTE from fa7233c5-99c6-4a1a-a2f1-81d332223322: our priority 0 <= candidate's priority 1
2024-05-06 09:01:30,303 [grpc-default-executor-8] INFO  server.RaftServer$Division (RaftServerImpl.java:requestVote(1422)) - 2bd728a8-2257-45fc-a304-d79856c752fc@group-D8ADA5FCF697 replies to PRE_VOTE vote request: fa7233c5-99c6-4a1a-a2f1-81d332223322<-2bd728a8-2257-45fc-a304-d79856c752fc#0:OK-t0. Peer's state: 2bd728a8-2257-45fc-a304-d79856c752fc@group-D8ADA5FCF697:t0, leader=null, voted=, raftlog=Memoized:2bd728a8-2257-45fc-a304-d79856c752fc@group-D8ADA5FCF697-SegmentedRaftLog:OPENED:c-1, conf=-1: peers:[fa7233c5-99c6-4a1a-a2f1-81d332223322|127.0.0.1:15103, 90b7064f-8397-4c9e-a509-54ea80c9149b|127.0.0.1:15067, 2bd728a8-2257-45fc-a304-d79856c752fc|127.0.0.1:15094]|listeners:[], old=null
2024-05-06 09:01:30,304 [fa7233c5-99c6-4a1a-a2f1-81d332223322@group-D8ADA5FCF697-LeaderElection30] INFO  impl.LeaderElection (LeaderElection.java:logAndReturn(89)) - fa7233c5-99c6-4a1a-a2f1-81d332223322@group-D8ADA5FCF697-LeaderElection30: PRE_VOTE PASSED received 1 response(s) and 0 exception(s):
2024-05-06 09:01:30,304 [fa7233c5-99c6-4a1a-a2f1-81d332223322@group-D8ADA5FCF697-LeaderElection30] INFO  impl.LeaderElection (LeaderElection.java:logAndReturn(93)) -   Response 0: fa7233c5-99c6-4a1a-a2f1-81d332223322<-90b7064f-8397-4c9e-a509-54ea80c9149b#0:OK-t0
2024-05-06 09:01:30,304 [fa7233c5-99c6-4a1a-a2f1-81d332223322@group-D8ADA5FCF697-LeaderElection30] INFO  impl.LeaderElection (LeaderElection.java:askForVotes(323)) - fa7233c5-99c6-4a1a-a2f1-81d332223322@group-D8ADA5FCF697-LeaderElection30 PRE_VOTE round 0: result PASSED
2024-05-06 09:01:30,305 [fa7233c5-99c6-4a1a-a2f1-81d332223322@group-D8ADA5FCF697-LeaderElection30] INFO  impl.LeaderElection (LeaderElection.java:askForVotes(321)) - fa7233c5-99c6-4a1a-a2f1-81d332223322@group-D8ADA5FCF697-LeaderElection30 ELECTION round 0: submit vote requests at term 1 for -1: peers:[fa7233c5-99c6-4a1a-a2f1-81d332223322|127.0.0.1:15103, 90b7064f-8397-4c9e-a509-54ea80c9149b|127.0.0.1:15067, 2bd728a8-2257-45fc-a304-d79856c752fc|127.0.0.1:15094]|listeners:[], old=null
2024-05-06 09:01:30,305 [fa7233c5-99c6-4a1a-a2f1-81d332223322@group-D8ADA5FCF697-LeaderElection30] INFO  server.RaftServerConfigKeys (ConfUtils.java:logFallback(53)) - raft.server.rpc.first-election.timeout.min = 5s (fallback to raft.server.rpc.timeout.min)
2024-05-06 09:01:30,305 [fa7233c5-99c6-4a1a-a2f1-81d332223322@group-D8ADA5FCF697-LeaderElection30] INFO  server.RaftServerConfigKeys (ConfUtils.java:logFallback(53)) - raft.server.rpc.first-election.timeout.max = 5200ms (fallback to raft.server.rpc.timeout.max)
2024-05-06 09:01:30,306 [grpc-default-executor-8] INFO  server.RaftServer$Division (RaftServerImpl.java:requestVote(1389)) - 2bd728a8-2257-45fc-a304-d79856c752fc@group-D8ADA5FCF697: receive requestVote(ELECTION, fa7233c5-99c6-4a1a-a2f1-81d332223322, group-D8ADA5FCF697, 1, (t:0, i:0))
2024-05-06 09:01:30,306 [grpc-default-executor-8] INFO  impl.VoteContext (VoteContext.java:log(49)) - 2bd728a8-2257-45fc-a304-d79856c752fc@group-D8ADA5FCF697-FOLLOWER: accept ELECTION from fa7233c5-99c6-4a1a-a2f1-81d332223322: our priority 0 <= candidate's priority 1
2024-05-06 09:01:30,306 [grpc-default-executor-11] INFO  server.RaftServer$Division (RaftServerImpl.java:requestVote(1389)) - 90b7064f-8397-4c9e-a509-54ea80c9149b@group-D8ADA5FCF697: receive requestVote(ELECTION, fa7233c5-99c6-4a1a-a2f1-81d332223322, group-D8ADA5FCF697, 1, (t:0, i:0))
2024-05-06 09:01:30,306 [grpc-default-executor-8] INFO  server.RaftServer$Division (RaftServerImpl.java:setRole(383)) - 2bd728a8-2257-45fc-a304-d79856c752fc@group-D8ADA5FCF697: changes role from  FOLLOWER to FOLLOWER at term 1 for candidate:fa7233c5-99c6-4a1a-a2f1-81d332223322
2024-05-06 09:01:30,306 [grpc-default-executor-8] INFO  impl.RoleInfo (RoleInfo.java:shutdownFollowerState(110)) - 2bd728a8-2257-45fc-a304-d79856c752fc: shutdown 2bd728a8-2257-45fc-a304-d79856c752fc@group-D8ADA5FCF697-FollowerState
2024-05-06 09:01:30,306 [grpc-default-executor-8] INFO  impl.RoleInfo (RoleInfo.java:updateAndGet(139)) - 2bd728a8-2257-45fc-a304-d79856c752fc: start 2bd728a8-2257-45fc-a304-d79856c752fc@group-D8ADA5FCF697-FollowerState
2024-05-06 09:01:30,306 [grpc-default-executor-11] INFO  impl.VoteContext (VoteContext.java:log(49)) - 90b7064f-8397-4c9e-a509-54ea80c9149b@group-D8ADA5FCF697-FOLLOWER: accept ELECTION from fa7233c5-99c6-4a1a-a2f1-81d332223322: our priority 0 <= candidate's priority 1
2024-05-06 09:01:30,306 [grpc-default-executor-11] INFO  server.RaftServer$Division (RaftServerImpl.java:setRole(383)) - 90b7064f-8397-4c9e-a509-54ea80c9149b@group-D8ADA5FCF697: changes role from  FOLLOWER to FOLLOWER at term 1 for candidate:fa7233c5-99c6-4a1a-a2f1-81d332223322
2024-05-06 09:01:30,307 [grpc-default-executor-11] INFO  impl.RoleInfo (RoleInfo.java:shutdownFollowerState(110)) - 90b7064f-8397-4c9e-a509-54ea80c9149b: shutdown 90b7064f-8397-4c9e-a509-54ea80c9149b@group-D8ADA5FCF697-FollowerState
2024-05-06 09:01:30,307 [grpc-default-executor-11] INFO  impl.RoleInfo (RoleInfo.java:updateAndGet(139)) - 90b7064f-8397-4c9e-a509-54ea80c9149b: start 90b7064f-8397-4c9e-a509-54ea80c9149b@group-D8ADA5FCF697-FollowerState
2024-05-06 09:01:30,306 [2bd728a8-2257-45fc-a304-d79856c752fc@group-D8ADA5FCF697-FollowerState] INFO  impl.FollowerState (FollowerState.java:run(152)) - 2bd728a8-2257-45fc-a304-d79856c752fc@group-D8ADA5FCF697-FollowerState was interrupted
2024-05-06 09:01:30,307 [90b7064f-8397-4c9e-a509-54ea80c9149b@group-D8ADA5FCF697-FollowerState] INFO  impl.FollowerState (FollowerState.java:run(152)) - 90b7064f-8397-4c9e-a509-54ea80c9149b@group-D8ADA5FCF697-FollowerState was interrupted
2024-05-06 09:01:30,306 [grpc-default-executor-8] INFO  server.RaftServer$Division (RaftServerImpl.java:setFirstElection(574)) - 2bd728a8-2257-45fc-a304-d79856c752fc@group-D8ADA5FCF697: set firstElectionSinceStartup to false for candidate:fa7233c5-99c6-4a1a-a2f1-81d332223322
2024-05-06 09:01:30,308 [grpc-default-executor-8] INFO  server.RaftServer$Division (RaftServerImpl.java:requestVote(1422)) - 2bd728a8-2257-45fc-a304-d79856c752fc@group-D8ADA5FCF697 replies to ELECTION vote request: fa7233c5-99c6-4a1a-a2f1-81d332223322<-2bd728a8-2257-45fc-a304-d79856c752fc#0:OK-t1. Peer's state: 2bd728a8-2257-45fc-a304-d79856c752fc@group-D8ADA5FCF697:t1, leader=null, voted=fa7233c5-99c6-4a1a-a2f1-81d332223322, raftlog=Memoized:2bd728a8-2257-45fc-a304-d79856c752fc@group-D8ADA5FCF697-SegmentedRaftLog:OPENED:c-1, conf=-1: peers:[fa7233c5-99c6-4a1a-a2f1-81d332223322|127.0.0.1:15103, 90b7064f-8397-4c9e-a509-54ea80c9149b|127.0.0.1:15067, 2bd728a8-2257-45fc-a304-d79856c752fc|127.0.0.1:15094]|listeners:[], old=null
2024-05-06 09:01:30,309 [grpc-default-executor-11] INFO  server.RaftServer$Division (RaftServerImpl.java:requestVote(1422)) - 90b7064f-8397-4c9e-a509-54ea80c9149b@group-D8ADA5FCF697 replies to ELECTION vote request: fa7233c5-99c6-4a1a-a2f1-81d332223322<-90b7064f-8397-4c9e-a509-54ea80c9149b#0:OK-t1. Peer's state: 90b7064f-8397-4c9e-a509-54ea80c9149b@group-D8ADA5FCF697:t1, leader=null, voted=fa7233c5-99c6-4a1a-a2f1-81d332223322, raftlog=Memoized:90b7064f-8397-4c9e-a509-54ea80c9149b@group-D8ADA5FCF697-SegmentedRaftLog:OPENED:c-1, conf=-1: peers:[fa7233c5-99c6-4a1a-a2f1-81d332223322|127.0.0.1:15103, 90b7064f-8397-4c9e-a509-54ea80c9149b|127.0.0.1:15067, 2bd728a8-2257-45fc-a304-d79856c752fc|127.0.0.1:15094]|listeners:[], old=null
2024-05-06 09:01:30,309 [fa7233c5-99c6-4a1a-a2f1-81d332223322@group-D8ADA5FCF697-LeaderElection30] INFO  impl.LeaderElection (LeaderElection.java:logAndReturn(89)) - fa7233c5-99c6-4a1a-a2f1-81d332223322@group-D8ADA5FCF697-LeaderElection30: ELECTION PASSED received 1 response(s) and 0 exception(s):
2024-05-06 09:01:30,309 [fa7233c5-99c6-4a1a-a2f1-81d332223322@group-D8ADA5FCF697-LeaderElection30] INFO  impl.LeaderElection (LeaderElection.java:logAndReturn(93)) -   Response 0: fa7233c5-99c6-4a1a-a2f1-81d332223322<-90b7064f-8397-4c9e-a509-54ea80c9149b#0:OK-t1
2024-05-06 09:01:30,309 [fa7233c5-99c6-4a1a-a2f1-81d332223322@group-D8ADA5FCF697-LeaderElection30] INFO  impl.LeaderElection (LeaderElection.java:askForVotes(323)) - fa7233c5-99c6-4a1a-a2f1-81d332223322@group-D8ADA5FCF697-LeaderElection30 ELECTION round 0: result PASSED
2024-05-06 09:01:30,309 [fa7233c5-99c6-4a1a-a2f1-81d332223322@group-D8ADA5FCF697-LeaderElection30] INFO  impl.RoleInfo (RoleInfo.java:shutdownLeaderElection(130)) - fa7233c5-99c6-4a1a-a2f1-81d332223322: shutdown fa7233c5-99c6-4a1a-a2f1-81d332223322@group-D8ADA5FCF697-LeaderElection30
2024-05-06 09:01:30,309 [fa7233c5-99c6-4a1a-a2f1-81d332223322@group-D8ADA5FCF697-LeaderElection30] INFO  server.RaftServer$Division (RaftServerImpl.java:setRole(383)) - fa7233c5-99c6-4a1a-a2f1-81d332223322@group-D8ADA5FCF697: changes role from CANDIDATE to LEADER at term 1 for changeToLeader
2024-05-06 09:01:30,309 [fa7233c5-99c6-4a1a-a2f1-81d332223322@group-D8ADA5FCF697-LeaderElection30] INFO  server.RaftServerConfigKeys (ConfUtils.java:logGet(46)) - raft.server.staging.catchup.gap = 1000 (default)
2024-05-06 09:01:30,310 [fa7233c5-99c6-4a1a-a2f1-81d332223322@group-D8ADA5FCF697-LeaderElection30] INFO  server.RaftServerConfigKeys (ConfUtils.java:logGet(46)) - raft.server.write.element-limit = 1024 (custom)
2024-05-06 09:01:30,310 [fa7233c5-99c6-4a1a-a2f1-81d332223322@group-D8ADA5FCF697-LeaderElection30] INFO  server.RaftServerConfigKeys (ConfUtils.java:logGet(46)) - raft.server.write.byte-limit = 1024 M (=1073741824) (custom)
2024-05-06 09:01:30,310 [fa7233c5-99c6-4a1a-a2f1-81d332223322@group-D8ADA5FCF697-LeaderElection30] INFO  server.RaftServerConfigKeys (ConfUtils.java:logGet(46)) - raft.server.watch.timeout = 3000ms (custom)
2024-05-06 09:01:30,310 [fa7233c5-99c6-4a1a-a2f1-81d332223322@group-D8ADA5FCF697-LeaderElection30] INFO  server.RaftServerConfigKeys (ConfUtils.java:logGet(46)) - raft.server.watch.timeout.denomination = 1s (default)
2024-05-06 09:01:30,310 [fa7233c5-99c6-4a1a-a2f1-81d332223322@group-D8ADA5FCF697-LeaderElection30] INFO  server.RaftServerConfigKeys (ConfUtils.java:logGet(46)) - raft.server.watch.element-limit = 65536 (default)
2024-05-06 09:01:30,310 [fa7233c5-99c6-4a1a-a2f1-81d332223322@group-D8ADA5FCF697-LeaderElection30] INFO  server.RaftServerConfigKeys (ConfUtils.java:logGet(46)) - raft.server.read.leader.lease.enabled = false (default)
2024-05-06 09:01:30,310 [fa7233c5-99c6-4a1a-a2f1-81d332223322@group-D8ADA5FCF697-LeaderElection30] INFO  server.RaftServerConfigKeys (ConfUtils.java:logGet(46)) - raft.server.read.leader.lease.timeout.ratio = 0.9 (default)
2024-05-06 09:01:30,310 [fa7233c5-99c6-4a1a-a2f1-81d332223322@group-D8ADA5FCF697-LeaderElection30] INFO  server.RaftServerConfigKeys (ConfUtils.java:logGet(46)) - raft.server.rpc.timeout.min = 5s (custom)
2024-05-06 09:01:30,310 [fa7233c5-99c6-4a1a-a2f1-81d332223322@group-D8ADA5FCF697-LeaderElection30] INFO  server.RaftServerConfigKeys (ConfUtils.java:logGet(46)) - raft.server.write.element-limit = 1024 (custom)
2024-05-06 09:01:30,310 [fa7233c5-99c6-4a1a-a2f1-81d332223322@group-D8ADA5FCF697-LeaderElection30] INFO  server.RaftServerConfigKeys (ConfUtils.java:logGet(46)) - raft.server.write.follower.gap.ratio.max = -1.0 (default)
2024-05-06 09:01:30,311 [fa7233c5-99c6-4a1a-a2f1-81d332223322@group-D8ADA5FCF697-LeaderElection30] INFO  server.RaftServerConfigKeys (ConfUtils.java:logGet(46)) - raft.server.log.appender.snapshot.chunk.size.max = 16MB (=16777216) (default)
2024-05-06 09:01:30,311 [fa7233c5-99c6-4a1a-a2f1-81d332223322@group-D8ADA5FCF697-LeaderElection30] INFO  server.RaftServerConfigKeys (ConfUtils.java:logGet(46)) - raft.server.log.appender.buffer.byte-limit = 8388608 (custom)
2024-05-06 09:01:30,311 [fa7233c5-99c6-4a1a-a2f1-81d332223322@group-D8ADA5FCF697-LeaderElection30] INFO  server.RaftServerConfigKeys (ConfUtils.java:logGet(46)) - raft.server.log.appender.buffer.element-limit = 1 (custom)
2024-05-06 09:01:30,311 [fa7233c5-99c6-4a1a-a2f1-81d332223322@group-D8ADA5FCF697-LeaderElection30] INFO  server.RaftServerConfigKeys (ConfUtils.java:logGet(46)) - raft.server.log.appender.wait-time.min = 0ms (custom)
2024-05-06 09:01:30,311 [fa7233c5-99c6-4a1a-a2f1-81d332223322@group-D8ADA5FCF697-LeaderElection30] INFO  grpc.GrpcConfigKeys (ConfUtils.java:logGet(46)) - raft.grpc.server.leader.outstanding.appends.max = 8 (default)
2024-05-06 09:01:30,311 [fa7233c5-99c6-4a1a-a2f1-81d332223322@group-D8ADA5FCF697-LeaderElection30] INFO  server.RaftServerConfigKeys (ConfUtils.java:logGet(46)) - raft.server.rpc.request.timeout = 3000ms (default)
2024-05-06 09:01:30,311 [fa7233c5-99c6-4a1a-a2f1-81d332223322@group-D8ADA5FCF697-LeaderElection30] INFO  grpc.GrpcConfigKeys (ConfUtils.java:logGet(46)) - raft.grpc.server.install_snapshot.request.element-limit = 8 (default)
2024-05-06 09:01:30,311 [fa7233c5-99c6-4a1a-a2f1-81d332223322@group-D8ADA5FCF697-LeaderElection30] INFO  grpc.GrpcConfigKeys (ConfUtils.java:logGet(46)) - raft.grpc.server.install_snapshot.request.timeout = 3000ms (default)
2024-05-06 09:01:30,311 [fa7233c5-99c6-4a1a-a2f1-81d332223322@group-D8ADA5FCF697-LeaderElection30] INFO  grpc.GrpcConfigKeys (ConfUtils.java:logGet(46)) - raft.grpc.server.log-message.batch.duration = 5s (default)
2024-05-06 09:01:30,311 [fa7233c5-99c6-4a1a-a2f1-81d332223322@group-D8ADA5FCF697-LeaderElection30] INFO  server.RaftServerConfigKeys (ConfUtils.java:logGet(46)) - raft.server.log.appender.install.snapshot.enabled = false (custom)
2024-05-06 09:01:30,311 [fa7233c5-99c6-4a1a-a2f1-81d332223322@group-D8ADA5FCF697-LeaderElection30] INFO  grpc.GrpcConfigKeys (ConfUtils.java:logGet(46)) - raft.grpc.server.heartbeat.channel = true (default)
2024-05-06 09:01:30,312 [fa7233c5-99c6-4a1a-a2f1-81d332223322@group-D8ADA5FCF697-LeaderElection30] INFO  server.RaftServerConfigKeys (ConfUtils.java:logGet(46)) - raft.server.log.appender.snapshot.chunk.size.max = 16MB (=16777216) (default)
2024-05-06 09:01:30,312 [fa7233c5-99c6-4a1a-a2f1-81d332223322@group-D8ADA5FCF697-LeaderElection30] INFO  server.RaftServerConfigKeys (ConfUtils.java:logGet(46)) - raft.server.log.appender.buffer.byte-limit = 8388608 (custom)
2024-05-06 09:01:30,312 [fa7233c5-99c6-4a1a-a2f1-81d332223322@group-D8ADA5FCF697-LeaderElection30] INFO  server.RaftServerConfigKeys (ConfUtils.java:logGet(46)) - raft.server.log.appender.buffer.element-limit = 1 (custom)
2024-05-06 09:01:30,312 [fa7233c5-99c6-4a1a-a2f1-81d332223322@group-D8ADA5FCF697-LeaderElection30] INFO  server.RaftServerConfigKeys (ConfUtils.java:logGet(46)) - raft.server.log.appender.wait-time.min = 0ms (custom)
2024-05-06 09:01:30,312 [fa7233c5-99c6-4a1a-a2f1-81d332223322@group-D8ADA5FCF697-LeaderElection30] INFO  grpc.GrpcConfigKeys (ConfUtils.java:logGet(46)) - raft.grpc.server.leader.outstanding.appends.max = 8 (default)
2024-05-06 09:01:30,312 [fa7233c5-99c6-4a1a-a2f1-81d332223322@group-D8ADA5FCF697-LeaderElection30] INFO  server.RaftServerConfigKeys (ConfUtils.java:logGet(46)) - raft.server.rpc.request.timeout = 3000ms (default)
2024-05-06 09:01:30,312 [fa7233c5-99c6-4a1a-a2f1-81d332223322@group-D8ADA5FCF697-LeaderElection30] INFO  grpc.GrpcConfigKeys (ConfUtils.java:logGet(46)) - raft.grpc.server.install_snapshot.request.element-limit = 8 (default)
2024-05-06 09:01:30,312 [fa7233c5-99c6-4a1a-a2f1-81d332223322@group-D8ADA5FCF697-LeaderElection30] INFO  grpc.GrpcConfigKeys (ConfUtils.java:logGet(46)) - raft.grpc.server.install_snapshot.request.timeout = 3000ms (default)
2024-05-06 09:01:30,313 [fa7233c5-99c6-4a1a-a2f1-81d332223322@group-D8ADA5FCF697-LeaderElection30] INFO  grpc.GrpcConfigKeys (ConfUtils.java:logGet(46)) - raft.grpc.server.log-message.batch.duration = 5s (default)
2024-05-06 09:01:30,313 [fa7233c5-99c6-4a1a-a2f1-81d332223322@group-D8ADA5FCF697-LeaderElection30] INFO  server.RaftServerConfigKeys (ConfUtils.java:logGet(46)) - raft.server.log.appender.install.snapshot.enabled = false (custom)
2024-05-06 09:01:30,313 [fa7233c5-99c6-4a1a-a2f1-81d332223322@group-D8ADA5FCF697-LeaderElection30] INFO  grpc.GrpcConfigKeys (ConfUtils.java:logGet(46)) - raft.grpc.server.heartbeat.channel = true (default)
2024-05-06 09:01:30,313 [fa7233c5-99c6-4a1a-a2f1-81d332223322@group-D8ADA5FCF697-LeaderElection30] INFO  impl.RoleInfo (RoleInfo.java:updateAndGet(139)) - fa7233c5-99c6-4a1a-a2f1-81d332223322: start fa7233c5-99c6-4a1a-a2f1-81d332223322@group-D8ADA5FCF697-LeaderStateImpl
2024-05-06 09:01:30,313 [fa7233c5-99c6-4a1a-a2f1-81d332223322@group-D8ADA5FCF697-LeaderElection30] INFO  server.RaftServer$Division (RaftServerImpl.java:setFirstElection(574)) - fa7233c5-99c6-4a1a-a2f1-81d332223322@group-D8ADA5FCF697: set firstElectionSinceStartup to false for becomeLeader
2024-05-06 09:01:30,313 [fa7233c5-99c6-4a1a-a2f1-81d332223322@group-D8ADA5FCF697-LeaderElection30] INFO  ratis.XceiverServerRatis (XceiverServerRatis.java:handleLeaderChangedNotification(966)) - Leader change notification received for group: group-D8ADA5FCF697 with new leaderId: fa7233c5-99c6-4a1a-a2f1-81d332223322
2024-05-06 09:01:30,313 [fa7233c5-99c6-4a1a-a2f1-81d332223322@group-D8ADA5FCF697-LeaderElection30] INFO  server.RaftServer$Division (ServerState.java:setLeader(269)) - fa7233c5-99c6-4a1a-a2f1-81d332223322@group-D8ADA5FCF697: change Leader from null to fa7233c5-99c6-4a1a-a2f1-81d332223322 at term 1 for becomeLeader, leader elected after 5224ms
2024-05-06 09:01:30,313 [fa7233c5-99c6-4a1a-a2f1-81d332223322@group-D8ADA5FCF697-LeaderElection30] INFO  segmented.SegmentedRaftLogWorker (SegmentedRaftLogWorker.java:startLogSegment(430)) - fa7233c5-99c6-4a1a-a2f1-81d332223322@group-D8ADA5FCF697-SegmentedRaftLogWorker: Starting segment from index:0
2024-05-06 09:01:30,313 [fa7233c5-99c6-4a1a-a2f1-81d332223322@group-D8ADA5FCF697-LeaderElection30] INFO  server.RaftServer$Division (ServerState.java:setRaftConf(386)) - fa7233c5-99c6-4a1a-a2f1-81d332223322@group-D8ADA5FCF697: set configuration 0: peers:[fa7233c5-99c6-4a1a-a2f1-81d332223322|127.0.0.1:15103, 90b7064f-8397-4c9e-a509-54ea80c9149b|127.0.0.1:15067, 2bd728a8-2257-45fc-a304-d79856c752fc|127.0.0.1:15094]|listeners:[], old=null
2024-05-06 09:01:30,313 [fa7233c5-99c6-4a1a-a2f1-81d332223322@group-D8ADA5FCF697-SegmentedRaftLogWorker] INFO  segmented.BufferedWriteChannel (BufferedWriteChannel.java:open(62)) - open log_inprogress_0 at position 0
2024-05-06 09:01:30,314 [EventQueue-PipelineReportForPipelineReportHandler] INFO  pipeline.PipelineReportHandler (PipelineReportHandler.java:processPipelineReport(136)) - Opened pipeline PipelineID=02411cfa-4be8-485c-be5f-d8ada5fcf697
2024-05-06 09:01:30,322 [fa7233c5-99c6-4a1a-a2f1-81d332223322@group-D8ADA5FCF697-SegmentedRaftLogWorker] INFO  segmented.SegmentedRaftLogWorker (SegmentedRaftLogWorker.java:execute(634)) - fa7233c5-99c6-4a1a-a2f1-81d332223322@group-D8ADA5FCF697-SegmentedRaftLogWorker: created new log segment /home/runner/work/ozone/ozone/hadoop-ozone/integration-test/target/test-dir/MiniOzoneClusterImpl-f8a20603-669c-41d5-94ea-e080bd68b2ef/ozone-meta/datanode-5/ratis/02411cfa-4be8-485c-be5f-d8ada5fcf697/current/log_inprogress_0
2024-05-06 09:01:30,327 [2bd728a8-2257-45fc-a304-d79856c752fc-server-thread1] INFO  ratis.XceiverServerRatis (XceiverServerRatis.java:handleLeaderChangedNotification(966)) - Leader change notification received for group: group-D8ADA5FCF697 with new leaderId: fa7233c5-99c6-4a1a-a2f1-81d332223322
2024-05-06 09:01:30,327 [2bd728a8-2257-45fc-a304-d79856c752fc-server-thread1] INFO  server.RaftServer$Division (ServerState.java:setLeader(269)) - 2bd728a8-2257-45fc-a304-d79856c752fc@group-D8ADA5FCF697: change Leader from null to fa7233c5-99c6-4a1a-a2f1-81d332223322 at term 1 for appendEntries, leader elected after 5200ms
2024-05-06 09:01:30,327 [90b7064f-8397-4c9e-a509-54ea80c9149b-server-thread1] INFO  ratis.XceiverServerRatis (XceiverServerRatis.java:handleLeaderChangedNotification(966)) - Leader change notification received for group: group-D8ADA5FCF697 with new leaderId: fa7233c5-99c6-4a1a-a2f1-81d332223322
2024-05-06 09:01:30,328 [90b7064f-8397-4c9e-a509-54ea80c9149b-server-thread1] INFO  server.RaftServer$Division (ServerState.java:setLeader(269)) - 90b7064f-8397-4c9e-a509-54ea80c9149b@group-D8ADA5FCF697: change Leader from null to fa7233c5-99c6-4a1a-a2f1-81d332223322 at term 1 for appendEntries, leader elected after 5184ms
2024-05-06 09:01:30,331 [2bd728a8-2257-45fc-a304-d79856c752fc-server-thread2] INFO  server.RaftServer$Division (ServerState.java:setRaftConf(386)) - 2bd728a8-2257-45fc-a304-d79856c752fc@group-D8ADA5FCF697: set configuration 0: peers:[fa7233c5-99c6-4a1a-a2f1-81d332223322|127.0.0.1:15103, 90b7064f-8397-4c9e-a509-54ea80c9149b|127.0.0.1:15067, 2bd728a8-2257-45fc-a304-d79856c752fc|127.0.0.1:15094]|listeners:[], old=null
2024-05-06 09:01:30,331 [2bd728a8-2257-45fc-a304-d79856c752fc-server-thread2] INFO  segmented.SegmentedRaftLogWorker (SegmentedRaftLogWorker.java:startLogSegment(430)) - 2bd728a8-2257-45fc-a304-d79856c752fc@group-D8ADA5FCF697-SegmentedRaftLogWorker: Starting segment from index:0
2024-05-06 09:01:30,332 [2bd728a8-2257-45fc-a304-d79856c752fc@group-D8ADA5FCF697-SegmentedRaftLogWorker] INFO  segmented.BufferedWriteChannel (BufferedWriteChannel.java:open(62)) - open log_inprogress_0 at position 0
2024-05-06 09:01:30,335 [90b7064f-8397-4c9e-a509-54ea80c9149b-server-thread3] INFO  server.RaftServer$Division (ServerState.java:setRaftConf(386)) - 90b7064f-8397-4c9e-a509-54ea80c9149b@group-D8ADA5FCF697: set configuration 0: peers:[fa7233c5-99c6-4a1a-a2f1-81d332223322|127.0.0.1:15103, 90b7064f-8397-4c9e-a509-54ea80c9149b|127.0.0.1:15067, 2bd728a8-2257-45fc-a304-d79856c752fc|127.0.0.1:15094]|listeners:[], old=null
2024-05-06 09:01:30,336 [90b7064f-8397-4c9e-a509-54ea80c9149b-server-thread3] INFO  segmented.SegmentedRaftLogWorker (SegmentedRaftLogWorker.java:startLogSegment(430)) - 90b7064f-8397-4c9e-a509-54ea80c9149b@group-D8ADA5FCF697-SegmentedRaftLogWorker: Starting segment from index:0
2024-05-06 09:01:30,336 [90b7064f-8397-4c9e-a509-54ea80c9149b@group-D8ADA5FCF697-SegmentedRaftLogWorker] INFO  segmented.BufferedWriteChannel (BufferedWriteChannel.java:open(62)) - open log_inprogress_0 at position 0
2024-05-06 09:01:30,344 [2bd728a8-2257-45fc-a304-d79856c752fc@group-D8ADA5FCF697-SegmentedRaftLogWorker] INFO  segmented.SegmentedRaftLogWorker (SegmentedRaftLogWorker.java:execute(634)) - 2bd728a8-2257-45fc-a304-d79856c752fc@group-D8ADA5FCF697-SegmentedRaftLogWorker: created new log segment /home/runner/work/ozone/ozone/hadoop-ozone/integration-test/target/test-dir/MiniOzoneClusterImpl-f8a20603-669c-41d5-94ea-e080bd68b2ef/ozone-meta/datanode-4/ratis/02411cfa-4be8-485c-be5f-d8ada5fcf697/current/log_inprogress_0
2024-05-06 09:01:30,344 [90b7064f-8397-4c9e-a509-54ea80c9149b@group-D8ADA5FCF697-SegmentedRaftLogWorker] INFO  segmented.SegmentedRaftLogWorker (SegmentedRaftLogWorker.java:execute(634)) - 90b7064f-8397-4c9e-a509-54ea80c9149b@group-D8ADA5FCF697-SegmentedRaftLogWorker: created new log segment /home/runner/work/ozone/ozone/hadoop-ozone/integration-test/target/test-dir/MiniOzoneClusterImpl-f8a20603-669c-41d5-94ea-e080bd68b2ef/ozone-meta/datanode-1/ratis/02411cfa-4be8-485c-be5f-d8ada5fcf697/current/log_inprogress_0
2024-05-06 09:01:30,346 [fa7233c5-99c6-4a1a-a2f1-81d332223322@group-D8ADA5FCF697-StateMachineUpdater] INFO  server.RaftServer$Division (LeaderStateImpl.java:isApplied(320)) - leader is ready since appliedIndex == 0 >= startIndex == 0
2024-05-06 09:02:21,614 [90b7064f-8397-4c9e-a509-54ea80c9149b-BlockDeletingService#0] INFO  interfaces.ContainerDeletionChoosingPolicyTemplate (ContainerDeletionChoosingPolicyTemplate.java:chooseContainerForBlockDeletion(85)) - Chosen 0/5000 blocks from 0 candidate containers.
2024-05-06 09:02:21,689 [784e0075-095e-4f49-808e-af9ec74479d6-BlockDeletingService#0] INFO  interfaces.ContainerDeletionChoosingPolicyTemplate (ContainerDeletionChoosingPolicyTemplate.java:chooseContainerForBlockDeletion(85)) - Chosen 0/5000 blocks from 0 candidate containers.
2024-05-06 09:02:21,764 [0e9e7d01-6cef-4822-a23d-4188eb8fb4d0-BlockDeletingService#0] INFO  interfaces.ContainerDeletionChoosingPolicyTemplate (ContainerDeletionChoosingPolicyTemplate.java:chooseContainerForBlockDeletion(85)) - Chosen 0/5000 blocks from 0 candidate containers.
2024-05-06 09:02:21,841 [2bd728a8-2257-45fc-a304-d79856c752fc-BlockDeletingService#0] INFO  interfaces.ContainerDeletionChoosingPolicyTemplate (ContainerDeletionChoosingPolicyTemplate.java:chooseContainerForBlockDeletion(85)) - Chosen 0/5000 blocks from 0 candidate containers.
2024-05-06 09:02:21,910 [fa7233c5-99c6-4a1a-a2f1-81d332223322-BlockDeletingService#0] INFO  interfaces.ContainerDeletionChoosingPolicyTemplate (ContainerDeletionChoosingPolicyTemplate.java:chooseContainerForBlockDeletion(85)) - Chosen 0/5000 blocks from 0 candidate containers.
2024-05-06 09:03:21,614 [90b7064f-8397-4c9e-a509-54ea80c9149b-BlockDeletingService#2] INFO  interfaces.ContainerDeletionChoosingPolicyTemplate (ContainerDeletionChoosingPolicyTemplate.java:chooseContainerForBlockDeletion(85)) - Chosen 0/5000 blocks from 0 candidate containers.
2024-05-06 09:03:21,690 [784e0075-095e-4f49-808e-af9ec74479d6-BlockDeletingService#2] INFO  interfaces.ContainerDeletionChoosingPolicyTemplate (ContainerDeletionChoosingPolicyTemplate.java:chooseContainerForBlockDeletion(85)) - Chosen 0/5000 blocks from 0 candidate containers.
2024-05-06 09:03:21,764 [0e9e7d01-6cef-4822-a23d-4188eb8fb4d0-BlockDeletingService#2] INFO  interfaces.ContainerDeletionChoosingPolicyTemplate (ContainerDeletionChoosingPolicyTemplate.java:chooseContainerForBlockDeletion(85)) - Chosen 0/5000 blocks from 0 candidate containers.
2024-05-06 09:03:21,841 [2bd728a8-2257-45fc-a304-d79856c752fc-BlockDeletingService#2] INFO  interfaces.ContainerDeletionChoosingPolicyTemplate (ContainerDeletionChoosingPolicyTemplate.java:chooseContainerForBlockDeletion(85)) - Chosen 0/5000 blocks from 0 candidate containers.
2024-05-06 09:03:21,910 [fa7233c5-99c6-4a1a-a2f1-81d332223322-BlockDeletingService#2] INFO  interfaces.ContainerDeletionChoosingPolicyTemplate (ContainerDeletionChoosingPolicyTemplate.java:chooseContainerForBlockDeletion(85)) - Chosen 0/5000 blocks from 0 candidate containers.
2024-05-06 09:04:18,770 [ReplicationMonitor] INFO  replication.ReplicationManager (ReplicationManager.java:processAll(402)) - Replication Monitor Thread took 3 milliseconds for processing 1 containers.
2024-05-06 09:04:21,615 [90b7064f-8397-4c9e-a509-54ea80c9149b-BlockDeletingService#1] INFO  interfaces.ContainerDeletionChoosingPolicyTemplate (ContainerDeletionChoosingPolicyTemplate.java:chooseContainerForBlockDeletion(85)) - Chosen 0/5000 blocks from 0 candidate containers.
2024-05-06 09:04:21,690 [784e0075-095e-4f49-808e-af9ec74479d6-BlockDeletingService#1] INFO  interfaces.ContainerDeletionChoosingPolicyTemplate (ContainerDeletionChoosingPolicyTemplate.java:chooseContainerForBlockDeletion(85)) - Chosen 0/5000 blocks from 0 candidate containers.
2024-05-06 09:04:21,764 [0e9e7d01-6cef-4822-a23d-4188eb8fb4d0-BlockDeletingService#1] INFO  interfaces.ContainerDeletionChoosingPolicyTemplate (ContainerDeletionChoosingPolicyTemplate.java:chooseContainerForBlockDeletion(85)) - Chosen 0/5000 blocks from 0 candidate containers.
2024-05-06 09:04:21,841 [2bd728a8-2257-45fc-a304-d79856c752fc-BlockDeletingService#1] INFO  interfaces.ContainerDeletionChoosingPolicyTemplate (ContainerDeletionChoosingPolicyTemplate.java:chooseContainerForBlockDeletion(85)) - Chosen 0/5000 blocks from 0 candidate containers.
2024-05-06 09:04:21,910 [fa7233c5-99c6-4a1a-a2f1-81d332223322-BlockDeletingService#1] INFO  interfaces.ContainerDeletionChoosingPolicyTemplate (ContainerDeletionChoosingPolicyTemplate.java:chooseContainerForBlockDeletion(85)) - Chosen 0/5000 blocks from 0 candidate containers.
2024-05-06 09:04:31,897 [JvmPauseMonitor10] INFO  util.JvmPauseMonitor (JvmPauseMonitor.java:run(152)) - JvmPauseMonitor-784e0075-095e-4f49-808e-af9ec74479d6: Stopped
2024-05-06 09:04:31,898 [main] ERROR server.XceiverServerGrpc (XceiverServerGrpc.java:stop(216)) - failed to shutdown XceiverServerGrpc
java.lang.InterruptedException
	at java.base/java.lang.Object.wait(Native Method)
	at java.base/java.lang.Object.wait(Object.java:472)
	at java.base/java.util.concurrent.TimeUnit.timedWait(TimeUnit.java:408)
	at org.apache.ratis.thirdparty.io.grpc.internal.ServerImpl.awaitTermination(ServerImpl.java:312)
	at org.apache.hadoop.ozone.container.common.transport.server.XceiverServerGrpc.stop(XceiverServerGrpc.java:213)
	at org.apache.hadoop.ozone.container.ozoneimpl.OzoneContainer.stop(OzoneContainer.java:485)
	at org.apache.hadoop.ozone.container.common.statemachine.DatanodeStateMachine.close(DatanodeStateMachine.java:447)
	at org.apache.hadoop.ozone.container.common.statemachine.DatanodeStateMachine.stopDaemon(DatanodeStateMachine.java:637)
	at org.apache.hadoop.ozone.HddsDatanodeService.stop(HddsDatanodeService.java:550)
	at org.apache.hadoop.ozone.MiniOzoneClusterImpl.stopDatanode(MiniOzoneClusterImpl.java:479)
	at org.apache.hadoop.ozone.MiniOzoneClusterImpl.shutdownHddsDatanode(MiniOzoneClusterImpl.java:381)
	at org.apache.hadoop.ozone.MiniOzoneClusterImpl.shutdownHddsDatanode(MiniOzoneClusterImpl.java:386)
	at org.apache.hadoop.ozone.client.rpc.TestBlockOutputStreamWithFailures.test2DatanodesFailure(TestBlockOutputStreamWithFailures.java:319)
	at java.base/jdk.internal.reflect.NativeMethodAccessorImpl.invoke0(Native Method)
	at java.base/jdk.internal.reflect.NativeMethodAccessorImpl.invoke(NativeMethodAccessorImpl.java:77)
	at java.base/jdk.internal.reflect.DelegatingMethodAccessorImpl.invoke(DelegatingMethodAccessorImpl.java:43)
	at java.base/java.lang.reflect.Method.invoke(Method.java:568)
	at org.junit.platform.commons.util.ReflectionUtils.invokeMethod(ReflectionUtils.java:728)
	at org.junit.jupiter.engine.execution.MethodInvocation.proceed(MethodInvocation.java:60)
	at org.junit.jupiter.engine.execution.InvocationInterceptorChain$ValidatingInvocation.proceed(InvocationInterceptorChain.java:131)
	at org.junit.jupiter.engine.extension.SameThreadTimeoutInvocation.proceed(SameThreadTimeoutInvocation.java:45)
	at org.junit.jupiter.engine.extension.TimeoutExtension.intercept(TimeoutExtension.java:156)
	at org.junit.jupiter.engine.extension.TimeoutExtension.interceptTestableMethod(TimeoutExtension.java:147)
	at org.junit.jupiter.engine.extension.TimeoutExtension.interceptTestTemplateMethod(TimeoutExtension.java:94)
	at org.junit.jupiter.engine.execution.InterceptingExecutableInvoker$ReflectiveInterceptorCall.lambda$ofVoidMethod$0(InterceptingExecutableInvoker.java:103)
	at org.junit.jupiter.engine.execution.InterceptingExecutableInvoker.lambda$invoke$0(InterceptingExecutableInvoker.java:93)
	at org.junit.jupiter.engine.execution.InvocationInterceptorChain$InterceptedInvocation.proceed(InvocationInterceptorChain.java:106)
	at org.junit.jupiter.engine.execution.InvocationInterceptorChain.proceed(InvocationInterceptorChain.java:64)
	at org.junit.jupiter.engine.execution.InvocationInterceptorChain.chainAndInvoke(InvocationInterceptorChain.java:45)
	at org.junit.jupiter.engine.execution.InvocationInterceptorChain.invoke(InvocationInterceptorChain.java:37)
	at org.junit.jupiter.engine.execution.InterceptingExecutableInvoker.invoke(InterceptingExecutableInvoker.java:92)
	at org.junit.jupiter.engine.execution.InterceptingExecutableInvoker.invoke(InterceptingExecutableInvoker.java:86)
	at org.junit.jupiter.engine.descriptor.TestMethodTestDescriptor.lambda$invokeTestMethod$7(TestMethodTestDescriptor.java:218)
	at org.junit.platform.engine.support.hierarchical.ThrowableCollector.execute(ThrowableCollector.java:73)
	at org.junit.jupiter.engine.descriptor.TestMethodTestDescriptor.invokeTestMethod(TestMethodTestDescriptor.java:214)
	at org.junit.jupiter.engine.descriptor.TestMethodTestDescriptor.execute(TestMethodTestDescriptor.java:139)
	at org.junit.jupiter.engine.descriptor.TestMethodTestDescriptor.execute(TestMethodTestDescriptor.java:69)
	at org.junit.platform.engine.support.hierarchical.NodeTestTask.lambda$executeRecursively$6(NodeTestTask.java:151)
	at org.junit.platform.engine.support.hierarchical.ThrowableCollector.execute(ThrowableCollector.java:73)
	at org.junit.platform.engine.support.hierarchical.NodeTestTask.lambda$executeRecursively$8(NodeTestTask.java:141)
	at org.junit.platform.engine.support.hierarchical.Node.around(Node.java:137)
	at org.junit.platform.engine.support.hierarchical.NodeTestTask.lambda$executeRecursively$9(NodeTestTask.java:139)
	at org.junit.platform.engine.support.hierarchical.ThrowableCollector.execute(ThrowableCollector.java:73)
	at org.junit.platform.engine.support.hierarchical.NodeTestTask.executeRecursively(NodeTestTask.java:138)
	at org.junit.platform.engine.support.hierarchical.NodeTestTask.execute(NodeTestTask.java:95)
	at org.junit.platform.engine.support.hierarchical.SameThreadHierarchicalTestExecutorService.submit(SameThreadHierarchicalTestExecutorService.java:35)
	at org.junit.platform.engine.support.hierarchical.NodeTestTask$DefaultDynamicTestExecutor.execute(NodeTestTask.java:226)
	at org.junit.platform.engine.support.hierarchical.NodeTestTask$DefaultDynamicTestExecutor.execute(NodeTestTask.java:204)
	at org.junit.jupiter.engine.descriptor.TestTemplateTestDescriptor.execute(TestTemplateTestDescriptor.java:142)
	at org.junit.jupiter.engine.descriptor.TestTemplateTestDescriptor.lambda$execute$2(TestTemplateTestDescriptor.java:110)
	at java.base/java.util.stream.ForEachOps$ForEachOp$OfRef.accept(ForEachOps.java:183)
	at java.base/java.util.stream.ReferencePipeline$3$1.accept(ReferencePipeline.java:197)
	at java.base/java.util.stream.ReferencePipeline$2$1.accept(ReferencePipeline.java:179)
	at java.base/java.util.stream.ReferencePipeline$3$1.accept(ReferencePipeline.java:197)
	at java.base/java.util.stream.ForEachOps$ForEachOp$OfRef.accept(ForEachOps.java:183)
	at java.base/java.util.stream.ReferencePipeline$3$1.accept(ReferencePipeline.java:197)
	at java.base/java.util.stream.ReferencePipeline$3$1.accept(ReferencePipeline.java:197)
	at java.base/java.util.stream.ReferencePipeline$3$1.accept(ReferencePipeline.java:197)
	at java.base/java.util.stream.ForEachOps$ForEachOp$OfRef.accept(ForEachOps.java:183)
	at java.base/java.util.stream.ReferencePipeline$3$1.accept(ReferencePipeline.java:197)
	at java.base/java.util.Spliterators$ArraySpliterator.forEachRemaining(Spliterators.java:992)
	at java.base/java.util.stream.AbstractPipeline.copyInto(AbstractPipeline.java:509)
	at java.base/java.util.stream.AbstractPipeline.wrapAndCopyInto(AbstractPipeline.java:499)
	at java.base/java.util.stream.ForEachOps$ForEachOp.evaluateSequential(ForEachOps.java:150)
	at java.base/java.util.stream.ForEachOps$ForEachOp$OfRef.evaluateSequential(ForEachOps.java:173)
	at java.base/java.util.stream.AbstractPipeline.evaluate(AbstractPipeline.java:234)
	at java.base/java.util.stream.ReferencePipeline.forEach(ReferencePipeline.java:596)
	at java.base/java.util.stream.ReferencePipeline$7$1.accept(ReferencePipeline.java:276)
	at java.base/java.util.stream.ReferencePipeline$3$1.accept(ReferencePipeline.java:197)
	at java.base/java.util.stream.ReferencePipeline$3$1.accept(ReferencePipeline.java:197)
	at java.base/java.util.stream.ReferencePipeline$3$1.accept(ReferencePipeline.java:197)
	at java.base/java.util.ArrayList$ArrayListSpliterator.forEachRemaining(ArrayList.java:1625)
	at java.base/java.util.stream.AbstractPipeline.copyInto(AbstractPipeline.java:509)
	at java.base/java.util.stream.AbstractPipeline.wrapAndCopyInto(AbstractPipeline.java:499)
	at java.base/java.util.stream.ForEachOps$ForEachOp.evaluateSequential(ForEachOps.java:150)
	at java.base/java.util.stream.ForEachOps$ForEachOp$OfRef.evaluateSequential(ForEachOps.java:173)
	at java.base/java.util.stream.AbstractPipeline.evaluate(AbstractPipeline.java:234)
	at java.base/java.util.stream.ReferencePipeline.forEach(ReferencePipeline.java:596)
	at java.base/java.util.stream.ReferencePipeline$7$1.accept(ReferencePipeline.java:276)
	at java.base/java.util.ArrayList$ArrayListSpliterator.forEachRemaining(ArrayList.java:1625)
	at java.base/java.util.stream.AbstractPipeline.copyInto(AbstractPipeline.java:509)
	at java.base/java.util.stream.AbstractPipeline.wrapAndCopyInto(AbstractPipeline.java:499)
	at java.base/java.util.stream.ForEachOps$ForEachOp.evaluateSequential(ForEachOps.java:150)
	at java.base/java.util.stream.ForEachOps$ForEachOp$OfRef.evaluateSequential(ForEachOps.java:173)
	at java.base/java.util.stream.AbstractPipeline.evaluate(AbstractPipeline.java:234)
	at java.base/java.util.stream.ReferencePipeline.forEach(ReferencePipeline.java:596)
	at org.junit.jupiter.engine.descriptor.TestTemplateTestDescriptor.execute(TestTemplateTestDescriptor.java:110)
	at org.junit.jupiter.engine.descriptor.TestTemplateTestDescriptor.execute(TestTemplateTestDescriptor.java:44)
	at org.junit.platform.engine.support.hierarchical.NodeTestTask.lambda$executeRecursively$6(NodeTestTask.java:151)
	at org.junit.platform.engine.support.hierarchical.ThrowableCollector.execute(ThrowableCollector.java:73)
	at org.junit.platform.engine.support.hierarchical.NodeTestTask.lambda$executeRecursively$8(NodeTestTask.java:141)
	at org.junit.platform.engine.support.hierarchical.Node.around(Node.java:137)
	at org.junit.platform.engine.support.hierarchical.NodeTestTask.lambda$executeRecursively$9(NodeTestTask.java:139)
	at org.junit.platform.engine.support.hierarchical.ThrowableCollector.execute(ThrowableCollector.java:73)
	at org.junit.platform.engine.support.hierarchical.NodeTestTask.executeRecursively(NodeTestTask.java:138)
	at org.junit.platform.engine.support.hierarchical.NodeTestTask.execute(NodeTestTask.java:95)
	at java.base/java.util.ArrayList.forEach(ArrayList.java:1511)
	at org.junit.platform.engine.support.hierarchical.SameThreadHierarchicalTestExecutorService.invokeAll(SameThreadHierarchicalTestExecutorService.java:41)
	at org.junit.platform.engine.support.hierarchical.NodeTestTask.lambda$executeRecursively$6(NodeTestTask.java:155)
	at org.junit.platform.engine.support.hierarchical.ThrowableCollector.execute(ThrowableCollector.java:73)
	at org.junit.platform.engine.support.hierarchical.NodeTestTask.lambda$executeRecursively$8(NodeTestTask.java:141)
	at org.junit.platform.engine.support.hierarchical.Node.around(Node.java:137)
	at org.junit.platform.engine.support.hierarchical.NodeTestTask.lambda$executeRecursively$9(NodeTestTask.java:139)
	at org.junit.platform.engine.support.hierarchical.ThrowableCollector.execute(ThrowableCollector.java:73)
	at org.junit.platform.engine.support.hierarchical.NodeTestTask.executeRecursively(NodeTestTask.java:138)
	at org.junit.platform.engine.support.hierarchical.NodeTestTask.execute(NodeTestTask.java:95)
	at java.base/java.util.ArrayList.forEach(ArrayList.java:1511)
	at org.junit.platform.engine.support.hierarchical.SameThreadHierarchicalTestExecutorService.invokeAll(SameThreadHierarchicalTestExecutorService.java:41)
	at org.junit.platform.engine.support.hierarchical.NodeTestTask.lambda$executeRecursively$6(NodeTestTask.java:155)
	at org.junit.platform.engine.support.hierarchical.ThrowableCollector.execute(ThrowableCollector.java:73)
	at org.junit.platform.engine.support.hierarchical.NodeTestTask.lambda$executeRecursively$8(NodeTestTask.java:141)
	at org.junit.platform.engine.support.hierarchical.Node.around(Node.java:137)
	at org.junit.platform.engine.support.hierarchical.NodeTestTask.lambda$executeRecursively$9(NodeTestTask.java:139)
	at org.junit.platform.engine.support.hierarchical.ThrowableCollector.execute(ThrowableCollector.java:73)
	at org.junit.platform.engine.support.hierarchical.NodeTestTask.executeRecursively(NodeTestTask.java:138)
	at org.junit.platform.engine.support.hierarchical.NodeTestTask.execute(NodeTestTask.java:95)
	at org.junit.platform.engine.support.hierarchical.SameThreadHierarchicalTestExecutorService.submit(SameThreadHierarchicalTestExecutorService.java:35)
	at org.junit.platform.engine.support.hierarchical.HierarchicalTestExecutor.execute(HierarchicalTestExecutor.java:57)
	at org.junit.platform.engine.support.hierarchical.HierarchicalTestEngine.execute(HierarchicalTestEngine.java:54)
	at org.junit.platform.launcher.core.EngineExecutionOrchestrator.execute(EngineExecutionOrchestrator.java:198)
	at org.junit.platform.launcher.core.EngineExecutionOrchestrator.execute(EngineExecutionOrchestrator.java:169)
	at org.junit.platform.launcher.core.EngineExecutionOrchestrator.execute(EngineExecutionOrchestrator.java:93)
	at org.junit.platform.launcher.core.EngineExecutionOrchestrator.lambda$execute$0(EngineExecutionOrchestrator.java:58)
	at org.junit.platform.launcher.core.EngineExecutionOrchestrator.withInterceptedStreams(EngineExecutionOrchestrator.java:141)
	at org.junit.platform.launcher.core.EngineExecutionOrchestrator.execute(EngineExecutionOrchestrator.java:57)
	at org.junit.platform.launcher.core.DefaultLauncher.execute(DefaultLauncher.java:103)
	at org.junit.platform.launcher.core.DefaultLauncher.execute(DefaultLauncher.java:85)
	at org.junit.platform.launcher.core.DelegatingLauncher.execute(DelegatingLauncher.java:47)
	at org.junit.platform.launcher.core.SessionPerRequestLauncher.execute(SessionPerRequestLauncher.java:63)
	at org.apache.maven.surefire.junitplatform.JUnitPlatformProvider.invokeAllTests(JUnitPlatformProvider.java:154)
	at org.apache.maven.surefire.junitplatform.JUnitPlatformProvider.invoke(JUnitPlatformProvider.java:123)
	at org.apache.maven.surefire.booter.ForkedBooter.runSuitesInProcess(ForkedBooter.java:377)
	at org.apache.maven.surefire.booter.ForkedBooter.execute(ForkedBooter.java:138)
	at org.apache.maven.surefire.booter.ForkedBooter.run(ForkedBooter.java:465)
	at org.apache.maven.surefire.booter.ForkedBooter.main(ForkedBooter.java:451)
2024-05-06 09:04:31,898 [main] INFO  utils.DatanodeStoreCache (DatanodeStoreCache.java:shutdownCache(116)) - Skip clearing cache in mini cluster mode. Entries left: [/home/runner/work/ozone/ozone/hadoop-ozone/integration-test/target/test-dir/MiniOzoneClusterImpl-f8a20603-669c-41d5-94ea-e080bd68b2ef/ozone-meta/datanode-1/data-0/hdds/f8a20603-669c-41d5-94ea-e080bd68b2ef/DS-7185c0bd-95ed-4c6f-a70e-5f0c2c137208/container.db, /home/runner/work/ozone/ozone/hadoop-ozone/integration-test/target/test-dir/MiniOzoneClusterImpl-f8a20603-669c-41d5-94ea-e080bd68b2ef/ozone-meta/datanode-2/data-0/hdds/f8a20603-669c-41d5-94ea-e080bd68b2ef/DS-c8132939-4c8d-4f74-a73d-2bc9dca2d4c3/container.db, /home/runner/work/ozone/ozone/hadoop-ozone/integration-test/target/test-dir/MiniOzoneClusterImpl-f8a20603-669c-41d5-94ea-e080bd68b2ef/ozone-meta/datanode-3/data-0/hdds/f8a20603-669c-41d5-94ea-e080bd68b2ef/DS-45e862b6-aeed-4f8f-9e9e-19bf4ef9ac42/container.db, /home/runner/work/ozone/ozone/hadoop-ozone/integration-test/target/test-dir/MiniOzoneClusterImpl-f8a20603-669c-41d5-94ea-e080bd68b2ef/ozone-meta/datanode-4/data-0/hdds/f8a20603-669c-41d5-94ea-e080bd68b2ef/DS-fd172fcf-7bc3-4fcd-aa5c-1e9a552bd511/container.db, /home/runner/work/ozone/ozone/hadoop-ozone/integration-test/target/test-dir/MiniOzoneClusterImpl-f8a20603-669c-41d5-94ea-e080bd68b2ef/ozone-meta/datanode-5/data-0/hdds/f8a20603-669c-41d5-94ea-e080bd68b2ef/DS-44b7d6c6-fec8-467b-9c0c-2a4a3d36e626/container.db]
2024-05-06 09:04:31,899 [main] INFO  utils.DatanodeStoreCache (DatanodeStoreCache.java:removeDB(110)) - Removed db /home/runner/work/ozone/ozone/hadoop-ozone/integration-test/target/test-dir/MiniOzoneClusterImpl-f8a20603-669c-41d5-94ea-e080bd68b2ef/ozone-meta/datanode-2/data-0/hdds/f8a20603-669c-41d5-94ea-e080bd68b2ef/DS-c8132939-4c8d-4f74-a73d-2bc9dca2d4c3/container.db from cache
2024-05-06 09:04:31,899 [main] INFO  volume.HddsVolume (HddsVolume.java:closeDbStore(470)) - SchemaV3 db is stopped at /home/runner/work/ozone/ozone/hadoop-ozone/integration-test/target/test-dir/MiniOzoneClusterImpl-f8a20603-669c-41d5-94ea-e080bd68b2ef/ozone-meta/datanode-2/data-0/hdds/f8a20603-669c-41d5-94ea-e080bd68b2ef/DS-c8132939-4c8d-4f74-a73d-2bc9dca2d4c3/container.db for volume DS-c8132939-4c8d-4f74-a73d-2bc9dca2d4c3
2024-05-06 09:04:31,900 [main] INFO  utils.BackgroundService (BackgroundService.java:shutdown(160)) - Shutting down service BlockDeletingService
2024-05-06 09:04:31,900 [main] INFO  utils.BackgroundService (BackgroundService.java:shutdown(160)) - Shutting down service StaleRecoveringContainerScrubbingService
2024-05-06 09:04:31,901 [main] INFO  statemachine.DatanodeStateMachine (DatanodeStateMachine.java:stopDaemon(638)) - Ozone container server stopped.
2024-05-06 09:04:31,902 [main] INFO  handler.ContextHandler (ContextHandler.java:doStop(1159)) - Stopped o.e.j.w.WebAppContext@76117cac{hddsDatanode,/,null,STOPPED}{file:/home/runner/work/ozone/ozone/hadoop-hdds/container-service/target/classes/webapps/hddsDatanode}
2024-05-06 09:04:31,902 [main] INFO  server.session (HouseKeeper.java:stopScavenging(149)) - node0 Stopped scavenging
2024-05-06 09:04:31,902 [main] INFO  server.AbstractConnector (AbstractConnector.java:doStop(383)) - Stopped ServerConnector@6629ce82{HTTP/1.1, (http/1.1)}{0.0.0.0:15071}
2024-05-06 09:04:31,902 [main] INFO  handler.ContextHandler (ContextHandler.java:doStop(1159)) - Stopped o.e.j.s.ServletContextHandler@3763c93b{static,/static,file:///home/runner/work/ozone/ozone/hadoop-hdds/container-service/target/classes/webapps/static,STOPPED}
2024-05-06 09:04:31,903 [main] INFO  handler.ContextHandler (ContextHandler.java:doStop(1159)) - Stopped o.e.j.s.ServletContextHandler@413e4756{logs,/logs,file:///home/runner/work/ozone/ozone/hadoop-ozone/integration-test/target/log,STOPPED}
2024-05-06 09:04:31,903 [main] ERROR http.HttpServer2 (HttpServer2.java:stop(1366)) - Error while stopping web server for webapp hddsDatanode
java.lang.InterruptedException
	at java.base/java.util.concurrent.locks.AbstractQueuedSynchronizer.tryAcquireSharedNanos(AbstractQueuedSynchronizer.java:1081)
	at java.base/java.util.concurrent.CountDownLatch.await(CountDownLatch.java:276)
	at org.eclipse.jetty.server.AbstractConnector.doStop(AbstractConnector.java:373)
	at org.eclipse.jetty.server.AbstractNetworkConnector.doStop(AbstractNetworkConnector.java:88)
	at org.eclipse.jetty.server.ServerConnector.doStop(ServerConnector.java:246)
	at org.eclipse.jetty.util.component.AbstractLifeCycle.stop(AbstractLifeCycle.java:94)
	at org.eclipse.jetty.server.Server.doStop(Server.java:459)
	at org.eclipse.jetty.util.component.AbstractLifeCycle.stop(AbstractLifeCycle.java:94)
	at org.apache.hadoop.hdds.server.http.HttpServer2.stop(HttpServer2.java:1364)
	at org.apache.hadoop.hdds.server.http.BaseHttpServer.stop(BaseHttpServer.java:339)
	at org.apache.hadoop.ozone.HddsDatanodeService.stop(HddsDatanodeService.java:554)
	at org.apache.hadoop.ozone.MiniOzoneClusterImpl.stopDatanode(MiniOzoneClusterImpl.java:479)
	at org.apache.hadoop.ozone.MiniOzoneClusterImpl.shutdownHddsDatanode(MiniOzoneClusterImpl.java:381)
	at org.apache.hadoop.ozone.MiniOzoneClusterImpl.shutdownHddsDatanode(MiniOzoneClusterImpl.java:386)
	at org.apache.hadoop.ozone.client.rpc.TestBlockOutputStreamWithFailures.test2DatanodesFailure(TestBlockOutputStreamWithFailures.java:319)
	at java.base/jdk.internal.reflect.NativeMethodAccessorImpl.invoke0(Native Method)
	at java.base/jdk.internal.reflect.NativeMethodAccessorImpl.invoke(NativeMethodAccessorImpl.java:77)
	at java.base/jdk.internal.reflect.DelegatingMethodAccessorImpl.invoke(DelegatingMethodAccessorImpl.java:43)
	at java.base/java.lang.reflect.Method.invoke(Method.java:568)
	at org.junit.platform.commons.util.ReflectionUtils.invokeMethod(ReflectionUtils.java:728)
	at org.junit.jupiter.engine.execution.MethodInvocation.proceed(MethodInvocation.java:60)
	at org.junit.jupiter.engine.execution.InvocationInterceptorChain$ValidatingInvocation.proceed(InvocationInterceptorChain.java:131)
	at org.junit.jupiter.engine.extension.SameThreadTimeoutInvocation.proceed(SameThreadTimeoutInvocation.java:45)
	at org.junit.jupiter.engine.extension.TimeoutExtension.intercept(TimeoutExtension.java:156)
	at org.junit.jupiter.engine.extension.TimeoutExtension.interceptTestableMethod(TimeoutExtension.java:147)
	at org.junit.jupiter.engine.extension.TimeoutExtension.interceptTestTemplateMethod(TimeoutExtension.java:94)
	at org.junit.jupiter.engine.execution.InterceptingExecutableInvoker$ReflectiveInterceptorCall.lambda$ofVoidMethod$0(InterceptingExecutableInvoker.java:103)
	at org.junit.jupiter.engine.execution.InterceptingExecutableInvoker.lambda$invoke$0(InterceptingExecutableInvoker.java:93)
	at org.junit.jupiter.engine.execution.InvocationInterceptorChain$InterceptedInvocation.proceed(InvocationInterceptorChain.java:106)
	at org.junit.jupiter.engine.execution.InvocationInterceptorChain.proceed(InvocationInterceptorChain.java:64)
	at org.junit.jupiter.engine.execution.InvocationInterceptorChain.chainAndInvoke(InvocationInterceptorChain.java:45)
	at org.junit.jupiter.engine.execution.InvocationInterceptorChain.invoke(InvocationInterceptorChain.java:37)
	at org.junit.jupiter.engine.execution.InterceptingExecutableInvoker.invoke(InterceptingExecutableInvoker.java:92)
	at org.junit.jupiter.engine.execution.InterceptingExecutableInvoker.invoke(InterceptingExecutableInvoker.java:86)
	at org.junit.jupiter.engine.descriptor.TestMethodTestDescriptor.lambda$invokeTestMethod$7(TestMethodTestDescriptor.java:218)
	at org.junit.platform.engine.support.hierarchical.ThrowableCollector.execute(ThrowableCollector.java:73)
	at org.junit.jupiter.engine.descriptor.TestMethodTestDescriptor.invokeTestMethod(TestMethodTestDescriptor.java:214)
	at org.junit.jupiter.engine.descriptor.TestMethodTestDescriptor.execute(TestMethodTestDescriptor.java:139)
	at org.junit.jupiter.engine.descriptor.TestMethodTestDescriptor.execute(TestMethodTestDescriptor.java:69)
	at org.junit.platform.engine.support.hierarchical.NodeTestTask.lambda$executeRecursively$6(NodeTestTask.java:151)
	at org.junit.platform.engine.support.hierarchical.ThrowableCollector.execute(ThrowableCollector.java:73)
	at org.junit.platform.engine.support.hierarchical.NodeTestTask.lambda$executeRecursively$8(NodeTestTask.java:141)
	at org.junit.platform.engine.support.hierarchical.Node.around(Node.java:137)
	at org.junit.platform.engine.support.hierarchical.NodeTestTask.lambda$executeRecursively$9(NodeTestTask.java:139)
	at org.junit.platform.engine.support.hierarchical.ThrowableCollector.execute(ThrowableCollector.java:73)
	at org.junit.platform.engine.support.hierarchical.NodeTestTask.executeRecursively(NodeTestTask.java:138)
	at org.junit.platform.engine.support.hierarchical.NodeTestTask.execute(NodeTestTask.java:95)
	at org.junit.platform.engine.support.hierarchical.SameThreadHierarchicalTestExecutorService.submit(SameThreadHierarchicalTestExecutorService.java:35)
	at org.junit.platform.engine.support.hierarchical.NodeTestTask$DefaultDynamicTestExecutor.execute(NodeTestTask.java:226)
	at org.junit.platform.engine.support.hierarchical.NodeTestTask$DefaultDynamicTestExecutor.execute(NodeTestTask.java:204)
	at org.junit.jupiter.engine.descriptor.TestTemplateTestDescriptor.execute(TestTemplateTestDescriptor.java:142)
	at org.junit.jupiter.engine.descriptor.TestTemplateTestDescriptor.lambda$execute$2(TestTemplateTestDescriptor.java:110)
	at java.base/java.util.stream.ForEachOps$ForEachOp$OfRef.accept(ForEachOps.java:183)
	at java.base/java.util.stream.ReferencePipeline$3$1.accept(ReferencePipeline.java:197)
	at java.base/java.util.stream.ReferencePipeline$2$1.accept(ReferencePipeline.java:179)
	at java.base/java.util.stream.ReferencePipeline$3$1.accept(ReferencePipeline.java:197)
	at java.base/java.util.stream.ForEachOps$ForEachOp$OfRef.accept(ForEachOps.java:183)
	at java.base/java.util.stream.ReferencePipeline$3$1.accept(ReferencePipeline.java:197)
	at java.base/java.util.stream.ReferencePipeline$3$1.accept(ReferencePipeline.java:197)
	at java.base/java.util.stream.ReferencePipeline$3$1.accept(ReferencePipeline.java:197)
	at java.base/java.util.stream.ForEachOps$ForEachOp$OfRef.accept(ForEachOps.java:183)
	at java.base/java.util.stream.ReferencePipeline$3$1.accept(ReferencePipeline.java:197)
	at java.base/java.util.Spliterators$ArraySpliterator.forEachRemaining(Spliterators.java:992)
	at java.base/java.util.stream.AbstractPipeline.copyInto(AbstractPipeline.java:509)
	at java.base/java.util.stream.AbstractPipeline.wrapAndCopyInto(AbstractPipeline.java:499)
	at java.base/java.util.stream.ForEachOps$ForEachOp.evaluateSequential(ForEachOps.java:150)
	at java.base/java.util.stream.ForEachOps$ForEachOp$OfRef.evaluateSequential(ForEachOps.java:173)
	at java.base/java.util.stream.AbstractPipeline.evaluate(AbstractPipeline.java:234)
	at java.base/java.util.stream.ReferencePipeline.forEach(ReferencePipeline.java:596)
	at java.base/java.util.stream.ReferencePipeline$7$1.accept(ReferencePipeline.java:276)
	at java.base/java.util.stream.ReferencePipeline$3$1.accept(ReferencePipeline.java:197)
	at java.base/java.util.stream.ReferencePipeline$3$1.accept(ReferencePipeline.java:197)
	at java.base/java.util.stream.ReferencePipeline$3$1.accept(ReferencePipeline.java:197)
	at java.base/java.util.ArrayList$ArrayListSpliterator.forEachRemaining(ArrayList.java:1625)
	at java.base/java.util.stream.AbstractPipeline.copyInto(AbstractPipeline.java:509)
	at java.base/java.util.stream.AbstractPipeline.wrapAndCopyInto(AbstractPipeline.java:499)
	at java.base/java.util.stream.ForEachOps$ForEachOp.evaluateSequential(ForEachOps.java:150)
	at java.base/java.util.stream.ForEachOps$ForEachOp$OfRef.evaluateSequential(ForEachOps.java:173)
	at java.base/java.util.stream.AbstractPipeline.evaluate(AbstractPipeline.java:234)
	at java.base/java.util.stream.ReferencePipeline.forEach(ReferencePipeline.java:596)
	at java.base/java.util.stream.ReferencePipeline$7$1.accept(ReferencePipeline.java:276)
	at java.base/java.util.ArrayList$ArrayListSpliterator.forEachRemaining(ArrayList.java:1625)
	at java.base/java.util.stream.AbstractPipeline.copyInto(AbstractPipeline.java:509)
	at java.base/java.util.stream.AbstractPipeline.wrapAndCopyInto(AbstractPipeline.java:499)
	at java.base/java.util.stream.ForEachOps$ForEachOp.evaluateSequential(ForEachOps.java:150)
	at java.base/java.util.stream.ForEachOps$ForEachOp$OfRef.evaluateSequential(ForEachOps.java:173)
	at java.base/java.util.stream.AbstractPipeline.evaluate(AbstractPipeline.java:234)
	at java.base/java.util.stream.ReferencePipeline.forEach(ReferencePipeline.java:596)
	at org.junit.jupiter.engine.descriptor.TestTemplateTestDescriptor.execute(TestTemplateTestDescriptor.java:110)
	at org.junit.jupiter.engine.descriptor.TestTemplateTestDescriptor.execute(TestTemplateTestDescriptor.java:44)
	at org.junit.platform.engine.support.hierarchical.NodeTestTask.lambda$executeRecursively$6(NodeTestTask.java:151)
	at org.junit.platform.engine.support.hierarchical.ThrowableCollector.execute(ThrowableCollector.java:73)
	at org.junit.platform.engine.support.hierarchical.NodeTestTask.lambda$executeRecursively$8(NodeTestTask.java:141)
	at org.junit.platform.engine.support.hierarchical.Node.around(Node.java:137)
	at org.junit.platform.engine.support.hierarchical.NodeTestTask.lambda$executeRecursively$9(NodeTestTask.java:139)
	at org.junit.platform.engine.support.hierarchical.ThrowableCollector.execute(ThrowableCollector.java:73)
	at org.junit.platform.engine.support.hierarchical.NodeTestTask.executeRecursively(NodeTestTask.java:138)
	at org.junit.platform.engine.support.hierarchical.NodeTestTask.execute(NodeTestTask.java:95)
	at java.base/java.util.ArrayList.forEach(ArrayList.java:1511)
	at org.junit.platform.engine.support.hierarchical.SameThreadHierarchicalTestExecutorService.invokeAll(SameThreadHierarchicalTestExecutorService.java:41)
	at org.junit.platform.engine.support.hierarchical.NodeTestTask.lambda$executeRecursively$6(NodeTestTask.java:155)
	at org.junit.platform.engine.support.hierarchical.ThrowableCollector.execute(ThrowableCollector.java:73)
	at org.junit.platform.engine.support.hierarchical.NodeTestTask.lambda$executeRecursively$8(NodeTestTask.java:141)
	at org.junit.platform.engine.support.hierarchical.Node.around(Node.java:137)
	at org.junit.platform.engine.support.hierarchical.NodeTestTask.lambda$executeRecursively$9(NodeTestTask.java:139)
	at org.junit.platform.engine.support.hierarchical.ThrowableCollector.execute(ThrowableCollector.java:73)
	at org.junit.platform.engine.support.hierarchical.NodeTestTask.executeRecursively(NodeTestTask.java:138)
	at org.junit.platform.engine.support.hierarchical.NodeTestTask.execute(NodeTestTask.java:95)
	at java.base/java.util.ArrayList.forEach(ArrayList.java:1511)
	at org.junit.platform.engine.support.hierarchical.SameThreadHierarchicalTestExecutorService.invokeAll(SameThreadHierarchicalTestExecutorService.java:41)
	at org.junit.platform.engine.support.hierarchical.NodeTestTask.lambda$executeRecursively$6(NodeTestTask.java:155)
	at org.junit.platform.engine.support.hierarchical.ThrowableCollector.execute(ThrowableCollector.java:73)
	at org.junit.platform.engine.support.hierarchical.NodeTestTask.lambda$executeRecursively$8(NodeTestTask.java:141)
	at org.junit.platform.engine.support.hierarchical.Node.around(Node.java:137)
	at org.junit.platform.engine.support.hierarchical.NodeTestTask.lambda$executeRecursively$9(NodeTestTask.java:139)
	at org.junit.platform.engine.support.hierarchical.ThrowableCollector.execute(ThrowableCollector.java:73)
	at org.junit.platform.engine.support.hierarchical.NodeTestTask.executeRecursively(NodeTestTask.java:138)
	at org.junit.platform.engine.support.hierarchical.NodeTestTask.execute(NodeTestTask.java:95)
	at org.junit.platform.engine.support.hierarchical.SameThreadHierarchicalTestExecutorService.submit(SameThreadHierarchicalTestExecutorService.java:35)
	at org.junit.platform.engine.support.hierarchical.HierarchicalTestExecutor.execute(HierarchicalTestExecutor.java:57)
	at org.junit.platform.engine.support.hierarchical.HierarchicalTestEngine.execute(HierarchicalTestEngine.java:54)
	at org.junit.platform.launcher.core.EngineExecutionOrchestrator.execute(EngineExecutionOrchestrator.java:198)
	at org.junit.platform.launcher.core.EngineExecutionOrchestrator.execute(EngineExecutionOrchestrator.java:169)
	at org.junit.platform.launcher.core.EngineExecutionOrchestrator.execute(EngineExecutionOrchestrator.java:93)
	at org.junit.platform.launcher.core.EngineExecutionOrchestrator.lambda$execute$0(EngineExecutionOrchestrator.java:58)
	at org.junit.platform.launcher.core.EngineExecutionOrchestrator.withInterceptedStreams(EngineExecutionOrchestrator.java:141)
	at org.junit.platform.launcher.core.EngineExecutionOrchestrator.execute(EngineExecutionOrchestrator.java:57)
	at org.junit.platform.launcher.core.DefaultLauncher.execute(DefaultLauncher.java:103)
	at org.junit.platform.launcher.core.DefaultLauncher.execute(DefaultLauncher.java:85)
	at org.junit.platform.launcher.core.DelegatingLauncher.execute(DelegatingLauncher.java:47)
	at org.junit.platform.launcher.core.SessionPerRequestLauncher.execute(SessionPerRequestLauncher.java:63)
	at org.apache.maven.surefire.junitplatform.JUnitPlatformProvider.invokeAllTests(JUnitPlatformProvider.java:154)
	at org.apache.maven.surefire.junitplatform.JUnitPlatformProvider.invoke(JUnitPlatformProvider.java:123)
	at org.apache.maven.surefire.booter.ForkedBooter.runSuitesInProcess(ForkedBooter.java:377)
	at org.apache.maven.surefire.booter.ForkedBooter.execute(ForkedBooter.java:138)
	at org.apache.maven.surefire.booter.ForkedBooter.run(ForkedBooter.java:465)
	at org.apache.maven.surefire.booter.ForkedBooter.main(ForkedBooter.java:451)
2024-05-06 09:04:31,904 [main] ERROR ozone.HddsDatanodeService (HddsDatanodeService.java:stop(556)) - Stopping HttpServer is failed.
java.lang.InterruptedException
	at java.base/java.util.concurrent.locks.AbstractQueuedSynchronizer.tryAcquireSharedNanos(AbstractQueuedSynchronizer.java:1081)
	at java.base/java.util.concurrent.CountDownLatch.await(CountDownLatch.java:276)
	at org.eclipse.jetty.server.AbstractConnector.doStop(AbstractConnector.java:373)
	at org.eclipse.jetty.server.AbstractNetworkConnector.doStop(AbstractNetworkConnector.java:88)
	at org.eclipse.jetty.server.ServerConnector.doStop(ServerConnector.java:246)
	at org.eclipse.jetty.util.component.AbstractLifeCycle.stop(AbstractLifeCycle.java:94)
	at org.eclipse.jetty.server.Server.doStop(Server.java:459)
	at org.eclipse.jetty.util.component.AbstractLifeCycle.stop(AbstractLifeCycle.java:94)
	at org.apache.hadoop.hdds.server.http.HttpServer2.stop(HttpServer2.java:1364)
	at org.apache.hadoop.hdds.server.http.BaseHttpServer.stop(BaseHttpServer.java:339)
	at org.apache.hadoop.ozone.HddsDatanodeService.stop(HddsDatanodeService.java:554)
	at org.apache.hadoop.ozone.MiniOzoneClusterImpl.stopDatanode(MiniOzoneClusterImpl.java:479)
	at org.apache.hadoop.ozone.MiniOzoneClusterImpl.shutdownHddsDatanode(MiniOzoneClusterImpl.java:381)
	at org.apache.hadoop.ozone.MiniOzoneClusterImpl.shutdownHddsDatanode(MiniOzoneClusterImpl.java:386)
	at org.apache.hadoop.ozone.client.rpc.TestBlockOutputStreamWithFailures.test2DatanodesFailure(TestBlockOutputStreamWithFailures.java:319)
	at java.base/jdk.internal.reflect.NativeMethodAccessorImpl.invoke0(Native Method)
	at java.base/jdk.internal.reflect.NativeMethodAccessorImpl.invoke(NativeMethodAccessorImpl.java:77)
	at java.base/jdk.internal.reflect.DelegatingMethodAccessorImpl.invoke(DelegatingMethodAccessorImpl.java:43)
	at java.base/java.lang.reflect.Method.invoke(Method.java:568)
	at org.junit.platform.commons.util.ReflectionUtils.invokeMethod(ReflectionUtils.java:728)
	at org.junit.jupiter.engine.execution.MethodInvocation.proceed(MethodInvocation.java:60)
	at org.junit.jupiter.engine.execution.InvocationInterceptorChain$ValidatingInvocation.proceed(InvocationInterceptorChain.java:131)
	at org.junit.jupiter.engine.extension.SameThreadTimeoutInvocation.proceed(SameThreadTimeoutInvocation.java:45)
	at org.junit.jupiter.engine.extension.TimeoutExtension.intercept(TimeoutExtension.java:156)
	at org.junit.jupiter.engine.extension.TimeoutExtension.interceptTestableMethod(TimeoutExtension.java:147)
	at org.junit.jupiter.engine.extension.TimeoutExtension.interceptTestTemplateMethod(TimeoutExtension.java:94)
	at org.junit.jupiter.engine.execution.InterceptingExecutableInvoker$ReflectiveInterceptorCall.lambda$ofVoidMethod$0(InterceptingExecutableInvoker.java:103)
	at org.junit.jupiter.engine.execution.InterceptingExecutableInvoker.lambda$invoke$0(InterceptingExecutableInvoker.java:93)
	at org.junit.jupiter.engine.execution.InvocationInterceptorChain$InterceptedInvocation.proceed(InvocationInterceptorChain.java:106)
	at org.junit.jupiter.engine.execution.InvocationInterceptorChain.proceed(InvocationInterceptorChain.java:64)
	at org.junit.jupiter.engine.execution.InvocationInterceptorChain.chainAndInvoke(InvocationInterceptorChain.java:45)
	at org.junit.jupiter.engine.execution.InvocationInterceptorChain.invoke(InvocationInterceptorChain.java:37)
	at org.junit.jupiter.engine.execution.InterceptingExecutableInvoker.invoke(InterceptingExecutableInvoker.java:92)
	at org.junit.jupiter.engine.execution.InterceptingExecutableInvoker.invoke(InterceptingExecutableInvoker.java:86)
	at org.junit.jupiter.engine.descriptor.TestMethodTestDescriptor.lambda$invokeTestMethod$7(TestMethodTestDescriptor.java:218)
	at org.junit.platform.engine.support.hierarchical.ThrowableCollector.execute(ThrowableCollector.java:73)
	at org.junit.jupiter.engine.descriptor.TestMethodTestDescriptor.invokeTestMethod(TestMethodTestDescriptor.java:214)
	at org.junit.jupiter.engine.descriptor.TestMethodTestDescriptor.execute(TestMethodTestDescriptor.java:139)
	at org.junit.jupiter.engine.descriptor.TestMethodTestDescriptor.execute(TestMethodTestDescriptor.java:69)
	at org.junit.platform.engine.support.hierarchical.NodeTestTask.lambda$executeRecursively$6(NodeTestTask.java:151)
	at org.junit.platform.engine.support.hierarchical.ThrowableCollector.execute(ThrowableCollector.java:73)
	at org.junit.platform.engine.support.hierarchical.NodeTestTask.lambda$executeRecursively$8(NodeTestTask.java:141)
	at org.junit.platform.engine.support.hierarchical.Node.around(Node.java:137)
	at org.junit.platform.engine.support.hierarchical.NodeTestTask.lambda$executeRecursively$9(NodeTestTask.java:139)
	at org.junit.platform.engine.support.hierarchical.ThrowableCollector.execute(ThrowableCollector.java:73)
	at org.junit.platform.engine.support.hierarchical.NodeTestTask.executeRecursively(NodeTestTask.java:138)
	at org.junit.platform.engine.support.hierarchical.NodeTestTask.execute(NodeTestTask.java:95)
	at org.junit.platform.engine.support.hierarchical.SameThreadHierarchicalTestExecutorService.submit(SameThreadHierarchicalTestExecutorService.java:35)
	at org.junit.platform.engine.support.hierarchical.NodeTestTask$DefaultDynamicTestExecutor.execute(NodeTestTask.java:226)
	at org.junit.platform.engine.support.hierarchical.NodeTestTask$DefaultDynamicTestExecutor.execute(NodeTestTask.java:204)
	at org.junit.jupiter.engine.descriptor.TestTemplateTestDescriptor.execute(TestTemplateTestDescriptor.java:142)
	at org.junit.jupiter.engine.descriptor.TestTemplateTestDescriptor.lambda$execute$2(TestTemplateTestDescriptor.java:110)
	at java.base/java.util.stream.ForEachOps$ForEachOp$OfRef.accept(ForEachOps.java:183)
	at java.base/java.util.stream.ReferencePipeline$3$1.accept(ReferencePipeline.java:197)
	at java.base/java.util.stream.ReferencePipeline$2$1.accept(ReferencePipeline.java:179)
	at java.base/java.util.stream.ReferencePipeline$3$1.accept(ReferencePipeline.java:197)
	at java.base/java.util.stream.ForEachOps$ForEachOp$OfRef.accept(ForEachOps.java:183)
	at java.base/java.util.stream.ReferencePipeline$3$1.accept(ReferencePipeline.java:197)
	at java.base/java.util.stream.ReferencePipeline$3$1.accept(ReferencePipeline.java:197)
	at java.base/java.util.stream.ReferencePipeline$3$1.accept(ReferencePipeline.java:197)
	at java.base/java.util.stream.ForEachOps$ForEachOp$OfRef.accept(ForEachOps.java:183)
	at java.base/java.util.stream.ReferencePipeline$3$1.accept(ReferencePipeline.java:197)
	at java.base/java.util.Spliterators$ArraySpliterator.forEachRemaining(Spliterators.java:992)
	at java.base/java.util.stream.AbstractPipeline.copyInto(AbstractPipeline.java:509)
	at java.base/java.util.stream.AbstractPipeline.wrapAndCopyInto(AbstractPipeline.java:499)
	at java.base/java.util.stream.ForEachOps$ForEachOp.evaluateSequential(ForEachOps.java:150)
	at java.base/java.util.stream.ForEachOps$ForEachOp$OfRef.evaluateSequential(ForEachOps.java:173)
	at java.base/java.util.stream.AbstractPipeline.evaluate(AbstractPipeline.java:234)
	at java.base/java.util.stream.ReferencePipeline.forEach(ReferencePipeline.java:596)
	at java.base/java.util.stream.ReferencePipeline$7$1.accept(ReferencePipeline.java:276)
	at java.base/java.util.stream.ReferencePipeline$3$1.accept(ReferencePipeline.java:197)
	at java.base/java.util.stream.ReferencePipeline$3$1.accept(ReferencePipeline.java:197)
	at java.base/java.util.stream.ReferencePipeline$3$1.accept(ReferencePipeline.java:197)
	at java.base/java.util.ArrayList$ArrayListSpliterator.forEachRemaining(ArrayList.java:1625)
	at java.base/java.util.stream.AbstractPipeline.copyInto(AbstractPipeline.java:509)
	at java.base/java.util.stream.AbstractPipeline.wrapAndCopyInto(AbstractPipeline.java:499)
	at java.base/java.util.stream.ForEachOps$ForEachOp.evaluateSequential(ForEachOps.java:150)
	at java.base/java.util.stream.ForEachOps$ForEachOp$OfRef.evaluateSequential(ForEachOps.java:173)
	at java.base/java.util.stream.AbstractPipeline.evaluate(AbstractPipeline.java:234)
	at java.base/java.util.stream.ReferencePipeline.forEach(ReferencePipeline.java:596)
	at java.base/java.util.stream.ReferencePipeline$7$1.accept(ReferencePipeline.java:276)
	at java.base/java.util.ArrayList$ArrayListSpliterator.forEachRemaining(ArrayList.java:1625)
	at java.base/java.util.stream.AbstractPipeline.copyInto(AbstractPipeline.java:509)
	at java.base/java.util.stream.AbstractPipeline.wrapAndCopyInto(AbstractPipeline.java:499)
	at java.base/java.util.stream.ForEachOps$ForEachOp.evaluateSequential(ForEachOps.java:150)
	at java.base/java.util.stream.ForEachOps$ForEachOp$OfRef.evaluateSequential(ForEachOps.java:173)
	at java.base/java.util.stream.AbstractPipeline.evaluate(AbstractPipeline.java:234)
	at java.base/java.util.stream.ReferencePipeline.forEach(ReferencePipeline.java:596)
	at org.junit.jupiter.engine.descriptor.TestTemplateTestDescriptor.execute(TestTemplateTestDescriptor.java:110)
	at org.junit.jupiter.engine.descriptor.TestTemplateTestDescriptor.execute(TestTemplateTestDescriptor.java:44)
	at org.junit.platform.engine.support.hierarchical.NodeTestTask.lambda$executeRecursively$6(NodeTestTask.java:151)
	at org.junit.platform.engine.support.hierarchical.ThrowableCollector.execute(ThrowableCollector.java:73)
	at org.junit.platform.engine.support.hierarchical.NodeTestTask.lambda$executeRecursively$8(NodeTestTask.java:141)
	at org.junit.platform.engine.support.hierarchical.Node.around(Node.java:137)
	at org.junit.platform.engine.support.hierarchical.NodeTestTask.lambda$executeRecursively$9(NodeTestTask.java:139)
	at org.junit.platform.engine.support.hierarchical.ThrowableCollector.execute(ThrowableCollector.java:73)
	at org.junit.platform.engine.support.hierarchical.NodeTestTask.executeRecursively(NodeTestTask.java:138)
	at org.junit.platform.engine.support.hierarchical.NodeTestTask.execute(NodeTestTask.java:95)
	at java.base/java.util.ArrayList.forEach(ArrayList.java:1511)
	at org.junit.platform.engine.support.hierarchical.SameThreadHierarchicalTestExecutorService.invokeAll(SameThreadHierarchicalTestExecutorService.java:41)
	at org.junit.platform.engine.support.hierarchical.NodeTestTask.lambda$executeRecursively$6(NodeTestTask.java:155)
	at org.junit.platform.engine.support.hierarchical.ThrowableCollector.execute(ThrowableCollector.java:73)
	at org.junit.platform.engine.support.hierarchical.NodeTestTask.lambda$executeRecursively$8(NodeTestTask.java:141)
	at org.junit.platform.engine.support.hierarchical.Node.around(Node.java:137)
	at org.junit.platform.engine.support.hierarchical.NodeTestTask.lambda$executeRecursively$9(NodeTestTask.java:139)
	at org.junit.platform.engine.support.hierarchical.ThrowableCollector.execute(ThrowableCollector.java:73)
	at org.junit.platform.engine.support.hierarchical.NodeTestTask.executeRecursively(NodeTestTask.java:138)
	at org.junit.platform.engine.support.hierarchical.NodeTestTask.execute(NodeTestTask.java:95)
	at java.base/java.util.ArrayList.forEach(ArrayList.java:1511)
	at org.junit.platform.engine.support.hierarchical.SameThreadHierarchicalTestExecutorService.invokeAll(SameThreadHierarchicalTestExecutorService.java:41)
	at org.junit.platform.engine.support.hierarchical.NodeTestTask.lambda$executeRecursively$6(NodeTestTask.java:155)
	at org.junit.platform.engine.support.hierarchical.ThrowableCollector.execute(ThrowableCollector.java:73)
	at org.junit.platform.engine.support.hierarchical.NodeTestTask.lambda$executeRecursively$8(NodeTestTask.java:141)
	at org.junit.platform.engine.support.hierarchical.Node.around(Node.java:137)
	at org.junit.platform.engine.support.hierarchical.NodeTestTask.lambda$executeRecursively$9(NodeTestTask.java:139)
	at org.junit.platform.engine.support.hierarchical.ThrowableCollector.execute(ThrowableCollector.java:73)
	at org.junit.platform.engine.support.hierarchical.NodeTestTask.executeRecursively(NodeTestTask.java:138)
	at org.junit.platform.engine.support.hierarchical.NodeTestTask.execute(NodeTestTask.java:95)
	at org.junit.platform.engine.support.hierarchical.SameThreadHierarchicalTestExecutorService.submit(SameThreadHierarchicalTestExecutorService.java:35)
	at org.junit.platform.engine.support.hierarchical.HierarchicalTestExecutor.execute(HierarchicalTestExecutor.java:57)
	at org.junit.platform.engine.support.hierarchical.HierarchicalTestEngine.execute(HierarchicalTestEngine.java:54)
	at org.junit.platform.launcher.core.EngineExecutionOrchestrator.execute(EngineExecutionOrchestrator.java:198)
	at org.junit.platform.launcher.core.EngineExecutionOrchestrator.execute(EngineExecutionOrchestrator.java:169)
	at org.junit.platform.launcher.core.EngineExecutionOrchestrator.execute(EngineExecutionOrchestrator.java:93)
	at org.junit.platform.launcher.core.EngineExecutionOrchestrator.lambda$execute$0(EngineExecutionOrchestrator.java:58)
	at org.junit.platform.launcher.core.EngineExecutionOrchestrator.withInterceptedStreams(EngineExecutionOrchestrator.java:141)
	at org.junit.platform.launcher.core.EngineExecutionOrchestrator.execute(EngineExecutionOrchestrator.java:57)
	at org.junit.platform.launcher.core.DefaultLauncher.execute(DefaultLauncher.java:103)
	at org.junit.platform.launcher.core.DefaultLauncher.execute(DefaultLauncher.java:85)
	at org.junit.platform.launcher.core.DelegatingLauncher.execute(DelegatingLauncher.java:47)
	at org.junit.platform.launcher.core.SessionPerRequestLauncher.execute(SessionPerRequestLauncher.java:63)
	at org.apache.maven.surefire.junitplatform.JUnitPlatformProvider.invokeAllTests(JUnitPlatformProvider.java:154)
	at org.apache.maven.surefire.junitplatform.JUnitPlatformProvider.invoke(JUnitPlatformProvider.java:123)
	at org.apache.maven.surefire.booter.ForkedBooter.runSuitesInProcess(ForkedBooter.java:377)
	at org.apache.maven.surefire.booter.ForkedBooter.execute(ForkedBooter.java:138)
	at org.apache.maven.surefire.booter.ForkedBooter.run(ForkedBooter.java:465)
	at org.apache.maven.surefire.booter.ForkedBooter.main(ForkedBooter.java:451)
2024-05-06 09:04:31,904 [main] INFO  ozone.HddsDatanodeClientProtocolServer (HddsDatanodeClientProtocolServer.java:stop(83)) - Stopping the RPC server for Client Protocol
2024-05-06 09:04:31,904 [main] INFO  ipc.Server (Server.java:stop(3523)) - Stopping server on 15072
2024-05-06 09:04:31,905 [IPC Server Responder] INFO  ipc.Server (Server.java:run(1567)) - Stopping IPC Server Responder
2024-05-06 09:04:31,905 [IPC Server listener on 15072] INFO  ipc.Server (Server.java:run(1434)) - Stopping IPC Server listener on 15072
2024-05-06 09:04:31,906 [main] INFO  ozoneimpl.OzoneContainer (OzoneContainer.java:stop(481)) - Attempting to stop container services.
2024-05-06 09:04:31,906 [ContainerMetadataScanner] WARN  ozoneimpl.AbstractBackgroundContainerScanner (AbstractBackgroundContainerScanner.java:handleRemainingSleep(134)) - Background container scan was interrupted.
2024-05-06 09:04:31,906 [ContainerMetadataScanner] INFO  ozoneimpl.AbstractBackgroundContainerScanner (AbstractBackgroundContainerScanner.java:run(61)) - Thread[ContainerMetadataScanner,5,main] exiting.
2024-05-06 09:04:31,906 [main] INFO  ozoneimpl.BackgroundContainerDataScanner (BackgroundContainerDataScanner.java:shutdown(141)) - ContainerDataScanner(/home/runner/work/ozone/ozone/hadoop-ozone/integration-test/target/test-dir/MiniOzoneClusterImpl-f8a20603-669c-41d5-94ea-e080bd68b2ef/ozone-meta/datanode-3/data-0/hdds) is shutting down. 
2024-05-06 09:04:31,907 [ContainerDataScanner(/home/runner/work/ozone/ozone/hadoop-ozone/integration-test/target/test-dir/MiniOzoneClusterImpl-f8a20603-669c-41d5-94ea-e080bd68b2ef/ozone-meta/datanode-3/data-0/hdds)] WARN  ozoneimpl.AbstractBackgroundContainerScanner (AbstractBackgroundContainerScanner.java:handleRemainingSleep(134)) - Background container scan was interrupted.
2024-05-06 09:04:31,907 [ContainerDataScanner(/home/runner/work/ozone/ozone/hadoop-ozone/integration-test/target/test-dir/MiniOzoneClusterImpl-f8a20603-669c-41d5-94ea-e080bd68b2ef/ozone-meta/datanode-3/data-0/hdds)] INFO  ozoneimpl.AbstractBackgroundContainerScanner (AbstractBackgroundContainerScanner.java:run(61)) - ContainerDataScanner(/home/runner/work/ozone/ozone/hadoop-ozone/integration-test/target/test-dir/MiniOzoneClusterImpl-f8a20603-669c-41d5-94ea-e080bd68b2ef/ozone-meta/datanode-3/data-0/hdds, DS-45e862b6-aeed-4f8f-9e9e-19bf4ef9ac42) exiting.
2024-05-06 09:04:31,907 [main] INFO  server.RaftServer (RaftServerProxy.java:lambda$close$9(416)) - 0e9e7d01-6cef-4822-a23d-4188eb8fb4d0: close
2024-05-06 09:04:31,907 [0e9e7d01-6cef-4822-a23d-4188eb8fb4d0-impl-thread2] INFO  server.RaftServer$Division (RaftServerImpl.java:lambda$close$3(526)) - 0e9e7d01-6cef-4822-a23d-4188eb8fb4d0@group-FFA1CD4EC552: shutdown
2024-05-06 09:04:31,907 [0e9e7d01-6cef-4822-a23d-4188eb8fb4d0-impl-thread3] INFO  server.RaftServer$Division (RaftServerImpl.java:lambda$close$3(526)) - 0e9e7d01-6cef-4822-a23d-4188eb8fb4d0@group-DFBFD2CD5EB9: shutdown
2024-05-06 09:04:31,908 [0e9e7d01-6cef-4822-a23d-4188eb8fb4d0-impl-thread3] INFO  util.JmxRegister (JmxRegister.java:unregister(73)) - Successfully un-registered JMX Bean with object name Ratis:service=RaftServer,group=group-DFBFD2CD5EB9,id=0e9e7d01-6cef-4822-a23d-4188eb8fb4d0
2024-05-06 09:04:31,908 [0e9e7d01-6cef-4822-a23d-4188eb8fb4d0-impl-thread3] INFO  impl.RoleInfo (RoleInfo.java:shutdownFollowerState(110)) - 0e9e7d01-6cef-4822-a23d-4188eb8fb4d0: shutdown 0e9e7d01-6cef-4822-a23d-4188eb8fb4d0@group-DFBFD2CD5EB9-FollowerState
2024-05-06 09:04:31,908 [0e9e7d01-6cef-4822-a23d-4188eb8fb4d0@group-DFBFD2CD5EB9-FollowerState] INFO  impl.FollowerState (FollowerState.java:run(152)) - 0e9e7d01-6cef-4822-a23d-4188eb8fb4d0@group-DFBFD2CD5EB9-FollowerState was interrupted
2024-05-06 09:04:31,908 [0e9e7d01-6cef-4822-a23d-4188eb8fb4d0-impl-thread4] INFO  server.RaftServer$Division (RaftServerImpl.java:lambda$close$3(526)) - 0e9e7d01-6cef-4822-a23d-4188eb8fb4d0@group-572E3B93379D: shutdown
2024-05-06 09:04:31,908 [0e9e7d01-6cef-4822-a23d-4188eb8fb4d0-impl-thread4] INFO  util.JmxRegister (JmxRegister.java:unregister(73)) - Successfully un-registered JMX Bean with object name Ratis:service=RaftServer,group=group-572E3B93379D,id=0e9e7d01-6cef-4822-a23d-4188eb8fb4d0
2024-05-06 09:04:31,908 [0e9e7d01-6cef-4822-a23d-4188eb8fb4d0-impl-thread2] INFO  util.JmxRegister (JmxRegister.java:unregister(73)) - Successfully un-registered JMX Bean with object name Ratis:service=RaftServer,group=group-FFA1CD4EC552,id=0e9e7d01-6cef-4822-a23d-4188eb8fb4d0
2024-05-06 09:04:31,908 [0e9e7d01-6cef-4822-a23d-4188eb8fb4d0-impl-thread2] INFO  impl.RoleInfo (RoleInfo.java:shutdownLeaderState(94)) - 0e9e7d01-6cef-4822-a23d-4188eb8fb4d0: shutdown 0e9e7d01-6cef-4822-a23d-4188eb8fb4d0@group-FFA1CD4EC552-LeaderStateImpl
2024-05-06 09:04:31,908 [0e9e7d01-6cef-4822-a23d-4188eb8fb4d0@group-FFA1CD4EC552->90b7064f-8397-4c9e-a509-54ea80c9149b-GrpcLogAppender-LogAppenderDaemon] WARN  server.GrpcLogAppender (GrpcLogAppender.java:mayWait(289)) - 0e9e7d01-6cef-4822-a23d-4188eb8fb4d0@group-FFA1CD4EC552->90b7064f-8397-4c9e-a509-54ea80c9149b-GrpcLogAppender: Wait interrupted by java.lang.InterruptedException
2024-05-06 09:04:31,908 [0e9e7d01-6cef-4822-a23d-4188eb8fb4d0-impl-thread4] INFO  impl.RoleInfo (RoleInfo.java:shutdownFollowerState(110)) - 0e9e7d01-6cef-4822-a23d-4188eb8fb4d0: shutdown 0e9e7d01-6cef-4822-a23d-4188eb8fb4d0@group-572E3B93379D-FollowerState
2024-05-06 09:04:31,909 [grpc-default-executor-10] INFO  server.GrpcServerProtocolService (GrpcServerProtocolService.java:onCompleted(157)) - 90b7064f-8397-4c9e-a509-54ea80c9149b: Completed APPEND_ENTRIES, lastRequest: null
2024-05-06 09:04:31,909 [grpc-default-executor-13] INFO  server.GrpcServerProtocolService (GrpcServerProtocolService.java:onCompleted(157)) - 90b7064f-8397-4c9e-a509-54ea80c9149b: Completed APPEND_ENTRIES, lastRequest: 0e9e7d01-6cef-4822-a23d-4188eb8fb4d0->90b7064f-8397-4c9e-a509-54ea80c9149b#1-t1,previous=(t:0, i:0),leaderCommit=-1,initializing? false,entries: size=1, first=(t:1, i:0), CONFIGURATIONENTRY(current:id: "0e9e7d01-6cef-4822-a23d-4188eb8fb4d0"
address: "127.0.0.1:15085"
priority: 1
dataStreamAddress: "127.0.0.1:15086"
clientAddress: "127.0.0.1:15083"
adminAddress: "127.0.0.1:15084"
startupRole: FOLLOWER
,id: "90b7064f-8397-4c9e-a509-54ea80c9149b"
address: "127.0.0.1:15067"
dataStreamAddress: "127.0.0.1:15068"
clientAddress: "127.0.0.1:15065"
adminAddress: "127.0.0.1:15066"
startupRole: FOLLOWER
,id: "2bd728a8-2257-45fc-a304-d79856c752fc"
address: "127.0.0.1:15094"
dataStreamAddress: "127.0.0.1:15095"
clientAddress: "127.0.0.1:15092"
adminAddress: "127.0.0.1:15093"
startupRole: FOLLOWER
, old:)
2024-05-06 09:04:31,909 [grpc-default-executor-13] INFO  server.GrpcServerProtocolService (GrpcServerProtocolService.java:lambda$onCompleted$5(159)) - 90b7064f-8397-4c9e-a509-54ea80c9149b: Completed APPEND_ENTRIES, lastReply: null
2024-05-06 09:04:31,908 [0e9e7d01-6cef-4822-a23d-4188eb8fb4d0-impl-thread5] INFO  server.RaftServer$Division (RaftServerImpl.java:lambda$close$3(526)) - 0e9e7d01-6cef-4822-a23d-4188eb8fb4d0@group-D801CF8B2419: shutdown
2024-05-06 09:04:31,910 [0e9e7d01-6cef-4822-a23d-4188eb8fb4d0-impl-thread5] INFO  util.JmxRegister (JmxRegister.java:unregister(73)) - Successfully un-registered JMX Bean with object name Ratis:service=RaftServer,group=group-D801CF8B2419,id=0e9e7d01-6cef-4822-a23d-4188eb8fb4d0
2024-05-06 09:04:31,910 [0e9e7d01-6cef-4822-a23d-4188eb8fb4d0-impl-thread5] INFO  impl.RoleInfo (RoleInfo.java:shutdownLeaderState(94)) - 0e9e7d01-6cef-4822-a23d-4188eb8fb4d0: shutdown 0e9e7d01-6cef-4822-a23d-4188eb8fb4d0@group-D801CF8B2419-LeaderStateImpl
2024-05-06 09:04:31,908 [main] INFO  server.GrpcService (GrpcService.java:closeImpl(311)) - 0e9e7d01-6cef-4822-a23d-4188eb8fb4d0: shutdown server org.apache.ratis.grpc.server.GrpcClientProtocolService now
2024-05-06 09:04:31,910 [0e9e7d01-6cef-4822-a23d-4188eb8fb4d0@group-572E3B93379D-StateMachineUpdater] INFO  ratis.ContainerStateMachine (ContainerStateMachine.java:takeSnapshot(355)) - group-572E3B93379D: Taking a snapshot at:(t:1, i:0) file /home/runner/work/ozone/ozone/hadoop-ozone/integration-test/target/test-dir/MiniOzoneClusterImpl-f8a20603-669c-41d5-94ea-e080bd68b2ef/ozone-meta/datanode-3/ratis/209a26b5-cef4-449e-ba4b-572e3b93379d/sm/snapshot.1_0
2024-05-06 09:04:31,908 [0e9e7d01-6cef-4822-a23d-4188eb8fb4d0@group-DFBFD2CD5EB9-StateMachineUpdater] INFO  ratis.ContainerStateMachine (ContainerStateMachine.java:takeSnapshot(355)) - group-DFBFD2CD5EB9: Taking a snapshot at:(t:1, i:0) file /home/runner/work/ozone/ozone/hadoop-ozone/integration-test/target/test-dir/MiniOzoneClusterImpl-f8a20603-669c-41d5-94ea-e080bd68b2ef/ozone-meta/datanode-3/ratis/d0d47bde-0ccd-412d-ba0a-dfbfd2cd5eb9/sm/snapshot.1_0
2024-05-06 09:04:31,908 [0e9e7d01-6cef-4822-a23d-4188eb8fb4d0-impl-thread3] INFO  impl.StateMachineUpdater (StateMachineUpdater.java:stopAndJoin(157)) - 0e9e7d01-6cef-4822-a23d-4188eb8fb4d0@group-DFBFD2CD5EB9-StateMachineUpdater: set stopIndex = 0
2024-05-06 09:04:31,911 [grpc-default-executor-9] INFO  server.GrpcLogAppender (GrpcLogAppender.java:onCompleted(546)) - 0e9e7d01-6cef-4822-a23d-4188eb8fb4d0@group-FFA1CD4EC552->90b7064f-8397-4c9e-a509-54ea80c9149b-AppendLogResponseHandler: follower responses appendEntries COMPLETED
2024-05-06 09:04:31,911 [Thread-2019] INFO  server.GrpcServerProtocolClient (GrpcServerProtocolClient.java:close(103)) - 2bd728a8-2257-45fc-a304-d79856c752fc Close channels
2024-05-06 09:04:31,911 [Thread-2020] INFO  server.GrpcServerProtocolClient (GrpcServerProtocolClient.java:close(103)) - 784e0075-095e-4f49-808e-af9ec74479d6 Close channels
2024-05-06 09:04:31,911 [0e9e7d01-6cef-4822-a23d-4188eb8fb4d0@group-572E3B93379D-StateMachineUpdater] INFO  ratis.ContainerStateMachine (ContainerStateMachine.java:takeSnapshot(366)) - group-572E3B93379D: Finished taking a snapshot at:(t:1, i:0) file:/home/runner/work/ozone/ozone/hadoop-ozone/integration-test/target/test-dir/MiniOzoneClusterImpl-f8a20603-669c-41d5-94ea-e080bd68b2ef/ozone-meta/datanode-3/ratis/209a26b5-cef4-449e-ba4b-572e3b93379d/sm/snapshot.1_0 took: 1 ms
2024-05-06 09:04:31,911 [0e9e7d01-6cef-4822-a23d-4188eb8fb4d0@group-572E3B93379D-StateMachineUpdater] INFO  impl.StateMachineUpdater (StateMachineUpdater.java:takeSnapshot(295)) - 0e9e7d01-6cef-4822-a23d-4188eb8fb4d0@group-572E3B93379D-StateMachineUpdater: Took a snapshot at index 0
2024-05-06 09:04:31,911 [0e9e7d01-6cef-4822-a23d-4188eb8fb4d0@group-572E3B93379D-StateMachineUpdater] INFO  impl.StateMachineUpdater (StateMachineUpdater.java:lambda$new$0(98)) - 0e9e7d01-6cef-4822-a23d-4188eb8fb4d0@group-572E3B93379D-StateMachineUpdater: snapshotIndex: updateIncreasingly -1 -> 0
2024-05-06 09:04:31,910 [0e9e7d01-6cef-4822-a23d-4188eb8fb4d0@group-FFA1CD4EC552->2bd728a8-2257-45fc-a304-d79856c752fc-GrpcLogAppender-LogAppenderDaemon] WARN  server.GrpcLogAppender (GrpcLogAppender.java:mayWait(289)) - 0e9e7d01-6cef-4822-a23d-4188eb8fb4d0@group-FFA1CD4EC552->2bd728a8-2257-45fc-a304-d79856c752fc-GrpcLogAppender: Wait interrupted by java.lang.InterruptedException
2024-05-06 09:04:31,910 [0e9e7d01-6cef-4822-a23d-4188eb8fb4d0-impl-thread4] INFO  impl.StateMachineUpdater (StateMachineUpdater.java:stopAndJoin(157)) - 0e9e7d01-6cef-4822-a23d-4188eb8fb4d0@group-572E3B93379D-StateMachineUpdater: set stopIndex = 0
2024-05-06 09:04:31,910 [0e9e7d01-6cef-4822-a23d-4188eb8fb4d0@group-572E3B93379D-FollowerState] INFO  impl.FollowerState (FollowerState.java:run(152)) - 0e9e7d01-6cef-4822-a23d-4188eb8fb4d0@group-572E3B93379D-FollowerState was interrupted
2024-05-06 09:04:31,912 [0e9e7d01-6cef-4822-a23d-4188eb8fb4d0-impl-thread4] INFO  server.RaftServer$Division (ServerState.java:close(427)) - 0e9e7d01-6cef-4822-a23d-4188eb8fb4d0@group-572E3B93379D: applyIndex: 0
2024-05-06 09:04:31,912 [grpc-default-executor-13] INFO  server.GrpcServerProtocolService (GrpcServerProtocolService.java:onCompleted(157)) - 2bd728a8-2257-45fc-a304-d79856c752fc: Completed APPEND_ENTRIES, lastRequest: 0e9e7d01-6cef-4822-a23d-4188eb8fb4d0->2bd728a8-2257-45fc-a304-d79856c752fc#1-t1,previous=(t:0, i:0),leaderCommit=-1,initializing? false,entries: size=1, first=(t:1, i:0), CONFIGURATIONENTRY(current:id: "0e9e7d01-6cef-4822-a23d-4188eb8fb4d0"
address: "127.0.0.1:15085"
priority: 1
dataStreamAddress: "127.0.0.1:15086"
clientAddress: "127.0.0.1:15083"
adminAddress: "127.0.0.1:15084"
startupRole: FOLLOWER
,id: "90b7064f-8397-4c9e-a509-54ea80c9149b"
address: "127.0.0.1:15067"
dataStreamAddress: "127.0.0.1:15068"
clientAddress: "127.0.0.1:15065"
adminAddress: "127.0.0.1:15066"
startupRole: FOLLOWER
,id: "2bd728a8-2257-45fc-a304-d79856c752fc"
address: "127.0.0.1:15094"
dataStreamAddress: "127.0.0.1:15095"
clientAddress: "127.0.0.1:15092"
adminAddress: "127.0.0.1:15093"
startupRole: FOLLOWER
, old:)
2024-05-06 09:04:31,912 [grpc-default-executor-13] INFO  server.GrpcServerProtocolService (GrpcServerProtocolService.java:lambda$onCompleted$5(159)) - 2bd728a8-2257-45fc-a304-d79856c752fc: Completed APPEND_ENTRIES, lastReply: null
2024-05-06 09:04:31,910 [0e9e7d01-6cef-4822-a23d-4188eb8fb4d0-impl-thread5] INFO  impl.PendingRequests (PendingRequests.java:sendNotLeaderResponses(289)) - 0e9e7d01-6cef-4822-a23d-4188eb8fb4d0@group-D801CF8B2419-PendingRequests: sendNotLeaderResponses
2024-05-06 09:04:31,909 [grpc-default-executor-10] INFO  server.GrpcServerProtocolService (GrpcServerProtocolService.java:lambda$onCompleted$5(159)) - 90b7064f-8397-4c9e-a509-54ea80c9149b: Completed APPEND_ENTRIES, lastReply: serverReply {
  requestorId: "0e9e7d01-6cef-4822-a23d-4188eb8fb4d0"
  replyId: "90b7064f-8397-4c9e-a509-54ea80c9149b"
  raftGroupId {
    id: "$\277\377\271\367\035@\312\242\031\377\241\315N\305R"
  }
  callId: 74
  success: true
}
term: 1
nextIndex: 1
matchIndex: 18446744073709551615
isHearbeat: true

2024-05-06 09:04:31,909 [0e9e7d01-6cef-4822-a23d-4188eb8fb4d0-impl-thread2] INFO  impl.PendingRequests (PendingRequests.java:sendNotLeaderResponses(289)) - 0e9e7d01-6cef-4822-a23d-4188eb8fb4d0@group-FFA1CD4EC552-PendingRequests: sendNotLeaderResponses
2024-05-06 09:04:31,912 [0e9e7d01-6cef-4822-a23d-4188eb8fb4d0@group-572E3B93379D-cacheEviction-AwaitToRun] INFO  util.AwaitToRun (AwaitToRun.java:run(49)) - 0e9e7d01-6cef-4822-a23d-4188eb8fb4d0@group-572E3B93379D-cacheEviction-AwaitToRun-AwaitForSignal is interrupted
2024-05-06 09:04:31,911 [grpc-default-executor-9] WARN  server.GrpcLogAppender (GrpcLogAppender.java:resetClient(226)) - 0e9e7d01-6cef-4822-a23d-4188eb8fb4d0@group-FFA1CD4EC552->90b7064f-8397-4c9e-a509-54ea80c9149b-GrpcLogAppender: Failed to getClient for 90b7064f-8397-4c9e-a509-54ea80c9149b
org.apache.ratis.protocol.exceptions.AlreadyClosedException: 0e9e7d01-6cef-4822-a23d-4188eb8fb4d0 is already CLOSED
	at org.apache.ratis.util.PeerProxyMap$PeerAndProxy.getProxy(PeerProxyMap.java:65)
	at org.apache.ratis.util.PeerProxyMap.getProxy(PeerProxyMap.java:114)
	at org.apache.ratis.grpc.server.GrpcLogAppender.getClient(GrpcLogAppender.java:196)
	at org.apache.ratis.grpc.server.GrpcLogAppender.resetClient(GrpcLogAppender.java:201)
	at org.apache.ratis.grpc.server.GrpcLogAppender.access$800(GrpcLogAppender.java:62)
	at org.apache.ratis.grpc.server.GrpcLogAppender$AppendLogResponseHandler.onCompleted(GrpcLogAppender.java:547)
	at org.apache.ratis.thirdparty.io.grpc.stub.ClientCalls$StreamObserverToCallListenerAdapter.onClose(ClientCalls.java:479)
	at org.apache.ratis.thirdparty.io.grpc.internal.ClientCallImpl.closeObserver(ClientCallImpl.java:567)
	at org.apache.ratis.thirdparty.io.grpc.internal.ClientCallImpl.access$300(ClientCallImpl.java:71)
	at org.apache.ratis.thirdparty.io.grpc.internal.ClientCallImpl$ClientStreamListenerImpl$1StreamClosed.runInternal(ClientCallImpl.java:735)
	at org.apache.ratis.thirdparty.io.grpc.internal.ClientCallImpl$ClientStreamListenerImpl$1StreamClosed.runInContext(ClientCallImpl.java:716)
	at org.apache.ratis.thirdparty.io.grpc.internal.ContextRunnable.run(ContextRunnable.java:37)
	at org.apache.ratis.thirdparty.io.grpc.internal.SerializingExecutor.run(SerializingExecutor.java:133)
	at java.base/java.util.concurrent.ThreadPoolExecutor.runWorker(ThreadPoolExecutor.java:1136)
	at java.base/java.util.concurrent.ThreadPoolExecutor$Worker.run(ThreadPoolExecutor.java:635)
	at java.base/java.lang.Thread.run(Thread.java:840)
2024-05-06 09:04:31,913 [0e9e7d01-6cef-4822-a23d-4188eb8fb4d0-impl-thread2] INFO  impl.StateMachineUpdater (StateMachineUpdater.java:stopAndJoin(157)) - 0e9e7d01-6cef-4822-a23d-4188eb8fb4d0@group-FFA1CD4EC552-StateMachineUpdater: set stopIndex = 0
2024-05-06 09:04:31,911 [0e9e7d01-6cef-4822-a23d-4188eb8fb4d0@group-DFBFD2CD5EB9-StateMachineUpdater] INFO  ratis.ContainerStateMachine (ContainerStateMachine.java:takeSnapshot(366)) - group-DFBFD2CD5EB9: Finished taking a snapshot at:(t:1, i:0) file:/home/runner/work/ozone/ozone/hadoop-ozone/integration-test/target/test-dir/MiniOzoneClusterImpl-f8a20603-669c-41d5-94ea-e080bd68b2ef/ozone-meta/datanode-3/ratis/d0d47bde-0ccd-412d-ba0a-dfbfd2cd5eb9/sm/snapshot.1_0 took: 3 ms
2024-05-06 09:04:31,913 [0e9e7d01-6cef-4822-a23d-4188eb8fb4d0-impl-thread5] INFO  impl.StateMachineUpdater (StateMachineUpdater.java:stopAndJoin(157)) - 0e9e7d01-6cef-4822-a23d-4188eb8fb4d0@group-D801CF8B2419-StateMachineUpdater: set stopIndex = 0
2024-05-06 09:04:31,911 [Thread-2017] INFO  server.GrpcServerProtocolClient (GrpcServerProtocolClient.java:close(103)) - fa7233c5-99c6-4a1a-a2f1-81d332223322 Close channels
2024-05-06 09:04:31,911 [Thread-2018] INFO  server.GrpcServerProtocolClient (GrpcServerProtocolClient.java:close(103)) - 90b7064f-8397-4c9e-a509-54ea80c9149b Close channels
2024-05-06 09:04:31,913 [0e9e7d01-6cef-4822-a23d-4188eb8fb4d0@group-D801CF8B2419-StateMachineUpdater] INFO  ratis.ContainerStateMachine (ContainerStateMachine.java:takeSnapshot(355)) - group-D801CF8B2419: Taking a snapshot at:(t:1, i:0) file /home/runner/work/ozone/ozone/hadoop-ozone/integration-test/target/test-dir/MiniOzoneClusterImpl-f8a20603-669c-41d5-94ea-e080bd68b2ef/ozone-meta/datanode-3/ratis/d6a6cf6b-3f93-4a7c-a0ee-d801cf8b2419/sm/snapshot.1_0
2024-05-06 09:04:31,913 [0e9e7d01-6cef-4822-a23d-4188eb8fb4d0@group-DFBFD2CD5EB9-StateMachineUpdater] INFO  impl.StateMachineUpdater (StateMachineUpdater.java:takeSnapshot(295)) - 0e9e7d01-6cef-4822-a23d-4188eb8fb4d0@group-DFBFD2CD5EB9-StateMachineUpdater: Took a snapshot at index 0
2024-05-06 09:04:31,913 [0e9e7d01-6cef-4822-a23d-4188eb8fb4d0@group-DFBFD2CD5EB9-StateMachineUpdater] INFO  impl.StateMachineUpdater (StateMachineUpdater.java:lambda$new$0(98)) - 0e9e7d01-6cef-4822-a23d-4188eb8fb4d0@group-DFBFD2CD5EB9-StateMachineUpdater: snapshotIndex: updateIncreasingly -1 -> 0
2024-05-06 09:04:31,913 [0e9e7d01-6cef-4822-a23d-4188eb8fb4d0-impl-thread3] INFO  server.RaftServer$Division (ServerState.java:close(427)) - 0e9e7d01-6cef-4822-a23d-4188eb8fb4d0@group-DFBFD2CD5EB9: applyIndex: 0
2024-05-06 09:04:31,913 [0e9e7d01-6cef-4822-a23d-4188eb8fb4d0@group-FFA1CD4EC552-StateMachineUpdater] INFO  ratis.ContainerStateMachine (ContainerStateMachine.java:takeSnapshot(355)) - group-FFA1CD4EC552: Taking a snapshot at:(t:1, i:0) file /home/runner/work/ozone/ozone/hadoop-ozone/integration-test/target/test-dir/MiniOzoneClusterImpl-f8a20603-669c-41d5-94ea-e080bd68b2ef/ozone-meta/datanode-3/ratis/24bfffb9-f71d-40ca-a219-ffa1cd4ec552/sm/snapshot.1_0
2024-05-06 09:04:31,914 [0e9e7d01-6cef-4822-a23d-4188eb8fb4d0@group-D801CF8B2419-StateMachineUpdater] INFO  ratis.ContainerStateMachine (ContainerStateMachine.java:takeSnapshot(366)) - group-D801CF8B2419: Finished taking a snapshot at:(t:1, i:0) file:/home/runner/work/ozone/ozone/hadoop-ozone/integration-test/target/test-dir/MiniOzoneClusterImpl-f8a20603-669c-41d5-94ea-e080bd68b2ef/ozone-meta/datanode-3/ratis/d6a6cf6b-3f93-4a7c-a0ee-d801cf8b2419/sm/snapshot.1_0 took: 0 ms
2024-05-06 09:04:31,914 [0e9e7d01-6cef-4822-a23d-4188eb8fb4d0@group-DFBFD2CD5EB9-cacheEviction-AwaitToRun] INFO  util.AwaitToRun (AwaitToRun.java:run(49)) - 0e9e7d01-6cef-4822-a23d-4188eb8fb4d0@group-DFBFD2CD5EB9-cacheEviction-AwaitToRun-AwaitForSignal is interrupted
2024-05-06 09:04:31,914 [0e9e7d01-6cef-4822-a23d-4188eb8fb4d0@group-D801CF8B2419-StateMachineUpdater] INFO  impl.StateMachineUpdater (StateMachineUpdater.java:takeSnapshot(295)) - 0e9e7d01-6cef-4822-a23d-4188eb8fb4d0@group-D801CF8B2419-StateMachineUpdater: Took a snapshot at index 0
2024-05-06 09:04:31,914 [0e9e7d01-6cef-4822-a23d-4188eb8fb4d0@group-D801CF8B2419-StateMachineUpdater] INFO  impl.StateMachineUpdater (StateMachineUpdater.java:lambda$new$0(98)) - 0e9e7d01-6cef-4822-a23d-4188eb8fb4d0@group-D801CF8B2419-StateMachineUpdater: snapshotIndex: updateIncreasingly -1 -> 0
2024-05-06 09:04:31,914 [grpc-default-executor-15] INFO  server.GrpcLogAppender (GrpcLogAppender.java:onCompleted(546)) - 0e9e7d01-6cef-4822-a23d-4188eb8fb4d0@group-FFA1CD4EC552->2bd728a8-2257-45fc-a304-d79856c752fc-AppendLogResponseHandler: follower responses appendEntries COMPLETED
2024-05-06 09:04:31,914 [grpc-default-executor-15] WARN  server.GrpcLogAppender (GrpcLogAppender.java:resetClient(226)) - 0e9e7d01-6cef-4822-a23d-4188eb8fb4d0@group-FFA1CD4EC552->2bd728a8-2257-45fc-a304-d79856c752fc-GrpcLogAppender: Failed to getClient for 2bd728a8-2257-45fc-a304-d79856c752fc
org.apache.ratis.protocol.exceptions.AlreadyClosedException: 0e9e7d01-6cef-4822-a23d-4188eb8fb4d0 is already CLOSED
	at org.apache.ratis.util.PeerProxyMap$PeerAndProxy.getProxy(PeerProxyMap.java:65)
	at org.apache.ratis.util.PeerProxyMap.getProxy(PeerProxyMap.java:114)
	at org.apache.ratis.grpc.server.GrpcLogAppender.getClient(GrpcLogAppender.java:196)
	at org.apache.ratis.grpc.server.GrpcLogAppender.resetClient(GrpcLogAppender.java:201)
	at org.apache.ratis.grpc.server.GrpcLogAppender.access$800(GrpcLogAppender.java:62)
	at org.apache.ratis.grpc.server.GrpcLogAppender$AppendLogResponseHandler.onCompleted(GrpcLogAppender.java:547)
	at org.apache.ratis.thirdparty.io.grpc.stub.ClientCalls$StreamObserverToCallListenerAdapter.onClose(ClientCalls.java:479)
	at org.apache.ratis.thirdparty.io.grpc.internal.ClientCallImpl.closeObserver(ClientCallImpl.java:567)
	at org.apache.ratis.thirdparty.io.grpc.internal.ClientCallImpl.access$300(ClientCallImpl.java:71)
	at org.apache.ratis.thirdparty.io.grpc.internal.ClientCallImpl$ClientStreamListenerImpl$1StreamClosed.runInternal(ClientCallImpl.java:735)
	at org.apache.ratis.thirdparty.io.grpc.internal.ClientCallImpl$ClientStreamListenerImpl$1StreamClosed.runInContext(ClientCallImpl.java:716)
	at org.apache.ratis.thirdparty.io.grpc.internal.ContextRunnable.run(ContextRunnable.java:37)
	at org.apache.ratis.thirdparty.io.grpc.internal.SerializingExecutor.run(SerializingExecutor.java:133)
	at java.base/java.util.concurrent.ThreadPoolExecutor.runWorker(ThreadPoolExecutor.java:1136)
	at java.base/java.util.concurrent.ThreadPoolExecutor$Worker.run(ThreadPoolExecutor.java:635)
	at java.base/java.lang.Thread.run(Thread.java:840)
2024-05-06 09:04:31,914 [0e9e7d01-6cef-4822-a23d-4188eb8fb4d0@group-FFA1CD4EC552-StateMachineUpdater] INFO  ratis.ContainerStateMachine (ContainerStateMachine.java:takeSnapshot(366)) - group-FFA1CD4EC552: Finished taking a snapshot at:(t:1, i:0) file:/home/runner/work/ozone/ozone/hadoop-ozone/integration-test/target/test-dir/MiniOzoneClusterImpl-f8a20603-669c-41d5-94ea-e080bd68b2ef/ozone-meta/datanode-3/ratis/24bfffb9-f71d-40ca-a219-ffa1cd4ec552/sm/snapshot.1_0 took: 2 ms
2024-05-06 09:04:31,914 [grpc-default-executor-9] INFO  server.GrpcLogAppender (GrpcLogAppender.java:onCompleted(546)) - 0e9e7d01-6cef-4822-a23d-4188eb8fb4d0@group-FFA1CD4EC552->90b7064f-8397-4c9e-a509-54ea80c9149b-AppendLogResponseHandler: follower responses appendEntries COMPLETED
2024-05-06 09:04:31,915 [0e9e7d01-6cef-4822-a23d-4188eb8fb4d0@group-FFA1CD4EC552-StateMachineUpdater] INFO  impl.StateMachineUpdater (StateMachineUpdater.java:takeSnapshot(295)) - 0e9e7d01-6cef-4822-a23d-4188eb8fb4d0@group-FFA1CD4EC552-StateMachineUpdater: Took a snapshot at index 0
2024-05-06 09:04:31,915 [0e9e7d01-6cef-4822-a23d-4188eb8fb4d0@group-FFA1CD4EC552-StateMachineUpdater] INFO  impl.StateMachineUpdater (StateMachineUpdater.java:lambda$new$0(98)) - 0e9e7d01-6cef-4822-a23d-4188eb8fb4d0@group-FFA1CD4EC552-StateMachineUpdater: snapshotIndex: updateIncreasingly -1 -> 0
2024-05-06 09:04:31,915 [0e9e7d01-6cef-4822-a23d-4188eb8fb4d0-impl-thread2] INFO  server.RaftServer$Division (ServerState.java:close(427)) - 0e9e7d01-6cef-4822-a23d-4188eb8fb4d0@group-FFA1CD4EC552: applyIndex: 0
2024-05-06 09:04:31,915 [grpc-default-executor-9] WARN  server.GrpcLogAppender (GrpcLogAppender.java:resetClient(226)) - 0e9e7d01-6cef-4822-a23d-4188eb8fb4d0@group-FFA1CD4EC552->90b7064f-8397-4c9e-a509-54ea80c9149b-GrpcLogAppender: Failed to getClient for 90b7064f-8397-4c9e-a509-54ea80c9149b
org.apache.ratis.protocol.exceptions.AlreadyClosedException: 0e9e7d01-6cef-4822-a23d-4188eb8fb4d0 is already CLOSED
	at org.apache.ratis.util.PeerProxyMap$PeerAndProxy.getProxy(PeerProxyMap.java:65)
	at org.apache.ratis.util.PeerProxyMap.getProxy(PeerProxyMap.java:114)
	at org.apache.ratis.grpc.server.GrpcLogAppender.getClient(GrpcLogAppender.java:196)
	at org.apache.ratis.grpc.server.GrpcLogAppender.resetClient(GrpcLogAppender.java:201)
	at org.apache.ratis.grpc.server.GrpcLogAppender.access$800(GrpcLogAppender.java:62)
	at org.apache.ratis.grpc.server.GrpcLogAppender$AppendLogResponseHandler.onCompleted(GrpcLogAppender.java:547)
	at org.apache.ratis.thirdparty.io.grpc.stub.ClientCalls$StreamObserverToCallListenerAdapter.onClose(ClientCalls.java:479)
	at org.apache.ratis.thirdparty.io.grpc.internal.ClientCallImpl.closeObserver(ClientCallImpl.java:567)
	at org.apache.ratis.thirdparty.io.grpc.internal.ClientCallImpl.access$300(ClientCallImpl.java:71)
	at org.apache.ratis.thirdparty.io.grpc.internal.ClientCallImpl$ClientStreamListenerImpl$1StreamClosed.runInternal(ClientCallImpl.java:735)
	at org.apache.ratis.thirdparty.io.grpc.internal.ClientCallImpl$ClientStreamListenerImpl$1StreamClosed.runInContext(ClientCallImpl.java:716)
	at org.apache.ratis.thirdparty.io.grpc.internal.ContextRunnable.run(ContextRunnable.java:37)
	at org.apache.ratis.thirdparty.io.grpc.internal.SerializingExecutor.run(SerializingExecutor.java:133)
	at java.base/java.util.concurrent.ThreadPoolExecutor.runWorker(ThreadPoolExecutor.java:1136)
	at java.base/java.util.concurrent.ThreadPoolExecutor$Worker.run(ThreadPoolExecutor.java:635)
	at java.base/java.lang.Thread.run(Thread.java:840)
2024-05-06 09:04:31,915 [0e9e7d01-6cef-4822-a23d-4188eb8fb4d0@group-FFA1CD4EC552-cacheEviction-AwaitToRun] INFO  util.AwaitToRun (AwaitToRun.java:run(49)) - 0e9e7d01-6cef-4822-a23d-4188eb8fb4d0@group-FFA1CD4EC552-cacheEviction-AwaitToRun-AwaitForSignal is interrupted
2024-05-06 09:04:31,915 [0e9e7d01-6cef-4822-a23d-4188eb8fb4d0-impl-thread5] INFO  server.RaftServer$Division (ServerState.java:close(427)) - 0e9e7d01-6cef-4822-a23d-4188eb8fb4d0@group-D801CF8B2419: applyIndex: 0
2024-05-06 09:04:31,915 [0e9e7d01-6cef-4822-a23d-4188eb8fb4d0@group-D801CF8B2419-cacheEviction-AwaitToRun] INFO  util.AwaitToRun (AwaitToRun.java:run(49)) - 0e9e7d01-6cef-4822-a23d-4188eb8fb4d0@group-D801CF8B2419-cacheEviction-AwaitToRun-AwaitForSignal is interrupted
2024-05-06 09:04:31,923 [grpc-default-executor-14] INFO  server.GrpcServerProtocolService (GrpcServerProtocolService.java:onCompleted(157)) - 2bd728a8-2257-45fc-a304-d79856c752fc: Completed APPEND_ENTRIES, lastRequest: null
2024-05-06 09:04:31,923 [grpc-default-executor-14] INFO  server.GrpcServerProtocolService (GrpcServerProtocolService.java:lambda$onCompleted$5(159)) - 2bd728a8-2257-45fc-a304-d79856c752fc: Completed APPEND_ENTRIES, lastReply: serverReply {
  requestorId: "0e9e7d01-6cef-4822-a23d-4188eb8fb4d0"
  replyId: "2bd728a8-2257-45fc-a304-d79856c752fc"
  raftGroupId {
    id: "$\277\377\271\367\035@\312\242\031\377\241\315N\305R"
  }
  callId: 76
  success: true
}
term: 1
nextIndex: 1
matchIndex: 18446744073709551615
isHearbeat: true

2024-05-06 09:04:31,924 [grpc-default-executor-14] INFO  server.GrpcLogAppender (GrpcLogAppender.java:onCompleted(546)) - 0e9e7d01-6cef-4822-a23d-4188eb8fb4d0@group-FFA1CD4EC552->2bd728a8-2257-45fc-a304-d79856c752fc-AppendLogResponseHandler: follower responses appendEntries COMPLETED
2024-05-06 09:04:31,924 [grpc-default-executor-14] WARN  server.GrpcLogAppender (GrpcLogAppender.java:resetClient(226)) - 0e9e7d01-6cef-4822-a23d-4188eb8fb4d0@group-FFA1CD4EC552->2bd728a8-2257-45fc-a304-d79856c752fc-GrpcLogAppender: Failed to getClient for 2bd728a8-2257-45fc-a304-d79856c752fc
org.apache.ratis.protocol.exceptions.AlreadyClosedException: 0e9e7d01-6cef-4822-a23d-4188eb8fb4d0 is already CLOSED
	at org.apache.ratis.util.PeerProxyMap$PeerAndProxy.getProxy(PeerProxyMap.java:65)
	at org.apache.ratis.util.PeerProxyMap.getProxy(PeerProxyMap.java:114)
	at org.apache.ratis.grpc.server.GrpcLogAppender.getClient(GrpcLogAppender.java:196)
	at org.apache.ratis.grpc.server.GrpcLogAppender.resetClient(GrpcLogAppender.java:201)
	at org.apache.ratis.grpc.server.GrpcLogAppender.access$800(GrpcLogAppender.java:62)
	at org.apache.ratis.grpc.server.GrpcLogAppender$AppendLogResponseHandler.onCompleted(GrpcLogAppender.java:547)
	at org.apache.ratis.thirdparty.io.grpc.stub.ClientCalls$StreamObserverToCallListenerAdapter.onClose(ClientCalls.java:479)
	at org.apache.ratis.thirdparty.io.grpc.internal.DelayedClientCall$DelayedListener$3.run(DelayedClientCall.java:489)
	at org.apache.ratis.thirdparty.io.grpc.internal.DelayedClientCall$DelayedListener.delayOrExecute(DelayedClientCall.java:453)
	at org.apache.ratis.thirdparty.io.grpc.internal.DelayedClientCall$DelayedListener.onClose(DelayedClientCall.java:486)
	at org.apache.ratis.thirdparty.io.grpc.internal.ClientCallImpl.closeObserver(ClientCallImpl.java:567)
	at org.apache.ratis.thirdparty.io.grpc.internal.ClientCallImpl.access$300(ClientCallImpl.java:71)
	at org.apache.ratis.thirdparty.io.grpc.internal.ClientCallImpl$ClientStreamListenerImpl$1StreamClosed.runInternal(ClientCallImpl.java:735)
	at org.apache.ratis.thirdparty.io.grpc.internal.ClientCallImpl$ClientStreamListenerImpl$1StreamClosed.runInContext(ClientCallImpl.java:716)
	at org.apache.ratis.thirdparty.io.grpc.internal.ContextRunnable.run(ContextRunnable.java:37)
	at org.apache.ratis.thirdparty.io.grpc.internal.SerializingExecutor.run(SerializingExecutor.java:133)
	at java.base/java.util.concurrent.ThreadPoolExecutor.runWorker(ThreadPoolExecutor.java:1136)
	at java.base/java.util.concurrent.ThreadPoolExecutor$Worker.run(ThreadPoolExecutor.java:635)
	at java.base/java.lang.Thread.run(Thread.java:840)
2024-05-06 09:04:31,924 [main] INFO  server.GrpcService (GrpcService.java:closeImpl(320)) - 0e9e7d01-6cef-4822-a23d-4188eb8fb4d0: shutdown server org.apache.ratis.grpc.server.GrpcClientProtocolService successfully
2024-05-06 09:04:31,924 [main] INFO  server.GrpcService (GrpcService.java:closeImpl(311)) - 0e9e7d01-6cef-4822-a23d-4188eb8fb4d0: shutdown server GrpcServerProtocolService now
2024-05-06 09:04:31,925 [grpc-default-executor-9] WARN  server.GrpcServerProtocolService (LogUtils.java:warn(121)) - 0e9e7d01-6cef-4822-a23d-4188eb8fb4d0: APPEND_ENTRIES onError, lastRequest: 2bd728a8-2257-45fc-a304-d79856c752fc->0e9e7d01-6cef-4822-a23d-4188eb8fb4d0#1-t1,previous=(t:0, i:0),leaderCommit=-1,initializing? false,entries: size=1, first=(t:1, i:0), CONFIGURATIONENTRY(current:id: "0e9e7d01-6cef-4822-a23d-4188eb8fb4d0"
address: "127.0.0.1:15085"
dataStreamAddress: "127.0.0.1:15086"
clientAddress: "127.0.0.1:15083"
adminAddress: "127.0.0.1:15084"
startupRole: FOLLOWER
,id: "fa7233c5-99c6-4a1a-a2f1-81d332223322"
address: "127.0.0.1:15103"
dataStreamAddress: "127.0.0.1:15104"
clientAddress: "127.0.0.1:15101"
adminAddress: "127.0.0.1:15102"
startupRole: FOLLOWER
,id: "2bd728a8-2257-45fc-a304-d79856c752fc"
address: "127.0.0.1:15094"
priority: 1
dataStreamAddress: "127.0.0.1:15095"
clientAddress: "127.0.0.1:15092"
adminAddress: "127.0.0.1:15093"
startupRole: FOLLOWER
, old:): org.apache.ratis.thirdparty.io.grpc.StatusRuntimeException: CANCELLED: client cancelled
2024-05-06 09:04:31,925 [grpc-default-executor-10] WARN  server.GrpcServerProtocolService (LogUtils.java:warn(121)) - 0e9e7d01-6cef-4822-a23d-4188eb8fb4d0: APPEND_ENTRIES onError, lastRequest: null: org.apache.ratis.thirdparty.io.grpc.StatusRuntimeException: CANCELLED: client cancelled
2024-05-06 09:04:31,926 [grpc-default-executor-10] WARN  server.GrpcLogAppender (LogUtils.java:warn(121)) - 90b7064f-8397-4c9e-a509-54ea80c9149b@group-572E3B93379D->0e9e7d01-6cef-4822-a23d-4188eb8fb4d0-AppendLogResponseHandler: Failed appendEntries: org.apache.ratis.thirdparty.io.grpc.StatusRuntimeException: CANCELLED: RST_STREAM closed stream. HTTP/2 error code: CANCEL
2024-05-06 09:04:31,926 [grpc-default-executor-9] WARN  server.GrpcServerProtocolService (LogUtils.java:warn(121)) - 0e9e7d01-6cef-4822-a23d-4188eb8fb4d0: APPEND_ENTRIES onError, lastRequest: 90b7064f-8397-4c9e-a509-54ea80c9149b->0e9e7d01-6cef-4822-a23d-4188eb8fb4d0#1-t1,previous=(t:0, i:0),leaderCommit=-1,initializing? false,entries: size=1, first=(t:1, i:0), CONFIGURATIONENTRY(current:id: "0e9e7d01-6cef-4822-a23d-4188eb8fb4d0"
address: "127.0.0.1:15085"
dataStreamAddress: "127.0.0.1:15086"
clientAddress: "127.0.0.1:15083"
adminAddress: "127.0.0.1:15084"
startupRole: FOLLOWER
,id: "fa7233c5-99c6-4a1a-a2f1-81d332223322"
address: "127.0.0.1:15103"
dataStreamAddress: "127.0.0.1:15104"
clientAddress: "127.0.0.1:15101"
adminAddress: "127.0.0.1:15102"
startupRole: FOLLOWER
,id: "90b7064f-8397-4c9e-a509-54ea80c9149b"
address: "127.0.0.1:15067"
priority: 1
dataStreamAddress: "127.0.0.1:15068"
clientAddress: "127.0.0.1:15065"
adminAddress: "127.0.0.1:15066"
startupRole: FOLLOWER
, old:): org.apache.ratis.thirdparty.io.grpc.StatusRuntimeException: CANCELLED: client cancelled
2024-05-06 09:04:31,926 [grpc-default-executor-10] WARN  server.GrpcLogAppender (GrpcLogAppender.java:lambda$resetClient$1(217)) - 90b7064f-8397-4c9e-a509-54ea80c9149b@group-572E3B93379D->0e9e7d01-6cef-4822-a23d-4188eb8fb4d0-GrpcLogAppender: Follower failed (request=null, errorCount=1); keep nextIndex (1) unchanged and retry.
2024-05-06 09:04:31,927 [grpc-default-executor-16] WARN  server.GrpcLogAppender (LogUtils.java:warn(121)) - 2bd728a8-2257-45fc-a304-d79856c752fc@group-DFBFD2CD5EB9->0e9e7d01-6cef-4822-a23d-4188eb8fb4d0-AppendLogResponseHandler: Failed appendEntries: org.apache.ratis.thirdparty.io.grpc.StatusRuntimeException: CANCELLED: RST_STREAM closed stream. HTTP/2 error code: CANCEL
2024-05-06 09:04:31,928 [grpc-default-executor-17] WARN  server.GrpcServerProtocolService (LogUtils.java:warn(121)) - 0e9e7d01-6cef-4822-a23d-4188eb8fb4d0: APPEND_ENTRIES onError, lastRequest: null: org.apache.ratis.thirdparty.io.grpc.StatusRuntimeException: CANCELLED: client cancelled
2024-05-06 09:04:31,939 [main] INFO  server.GrpcService (GrpcService.java:closeImpl(320)) - 0e9e7d01-6cef-4822-a23d-4188eb8fb4d0: shutdown server GrpcServerProtocolService successfully
2024-05-06 09:04:31,939 [main] INFO  server.GrpcService (GrpcService.java:closeImpl(311)) - 0e9e7d01-6cef-4822-a23d-4188eb8fb4d0: shutdown server org.apache.ratis.grpc.server.GrpcAdminProtocolService now
2024-05-06 09:04:31,940 [main] INFO  server.GrpcService (GrpcService.java:closeImpl(320)) - 0e9e7d01-6cef-4822-a23d-4188eb8fb4d0: shutdown server org.apache.ratis.grpc.server.GrpcAdminProtocolService successfully
2024-05-06 09:04:31,947 [0e9e7d01-6cef-4822-a23d-4188eb8fb4d0-NettyServerStreamRpc-bossGroup--thread1] INFO  logging.LoggingHandler (AbstractInternalLogger.java:log(148)) - [id: 0xf2afd79a, L:/0.0.0.0:15086] CLOSE
2024-05-06 09:04:31,947 [0e9e7d01-6cef-4822-a23d-4188eb8fb4d0-NettyServerStreamRpc-bossGroup--thread1] INFO  logging.LoggingHandler (AbstractInternalLogger.java:log(148)) - [id: 0xf2afd79a, L:/0.0.0.0:15086] INACTIVE
2024-05-06 09:04:31,947 [0e9e7d01-6cef-4822-a23d-4188eb8fb4d0-NettyServerStreamRpc-bossGroup--thread1] INFO  logging.LoggingHandler (AbstractInternalLogger.java:log(148)) - [id: 0xf2afd79a, L:/0.0.0.0:15086] UNREGISTERED
2024-05-06 09:04:32,167 [0e9e7d01-6cef-4822-a23d-4188eb8fb4d0-impl-thread2] INFO  segmented.SegmentedRaftLogWorker (SegmentedRaftLogWorker.java:close(245)) - 0e9e7d01-6cef-4822-a23d-4188eb8fb4d0@group-FFA1CD4EC552-SegmentedRaftLogWorker close()
2024-05-06 09:04:32,194 [0e9e7d01-6cef-4822-a23d-4188eb8fb4d0-impl-thread3] INFO  segmented.SegmentedRaftLogWorker (SegmentedRaftLogWorker.java:close(245)) - 0e9e7d01-6cef-4822-a23d-4188eb8fb4d0@group-DFBFD2CD5EB9-SegmentedRaftLogWorker close()
2024-05-06 09:04:32,236 [0e9e7d01-6cef-4822-a23d-4188eb8fb4d0-impl-thread4] INFO  segmented.SegmentedRaftLogWorker (SegmentedRaftLogWorker.java:close(245)) - 0e9e7d01-6cef-4822-a23d-4188eb8fb4d0@group-572E3B93379D-SegmentedRaftLogWorker close()
2024-05-06 09:04:32,833 [0e9e7d01-6cef-4822-a23d-4188eb8fb4d0-impl-thread5] INFO  segmented.SegmentedRaftLogWorker (SegmentedRaftLogWorker.java:close(245)) - 0e9e7d01-6cef-4822-a23d-4188eb8fb4d0@group-D801CF8B2419-SegmentedRaftLogWorker close()
2024-05-06 09:04:32,834 [JvmPauseMonitor11] INFO  util.JvmPauseMonitor (JvmPauseMonitor.java:run(152)) - JvmPauseMonitor-0e9e7d01-6cef-4822-a23d-4188eb8fb4d0: Stopped
2024-05-06 09:04:34,198 [EventQueue-StaleNodeForStaleNodeHandler] INFO  node.StaleNodeHandler (StaleNodeHandler.java:onMessage(57)) - Datanode 0e9e7d01-6cef-4822-a23d-4188eb8fb4d0(localhost/127.0.0.1) moved to stale state. Finalizing its pipelines [PipelineID=24bfffb9-f71d-40ca-a219-ffa1cd4ec552, PipelineID=d0d47bde-0ccd-412d-ba0a-dfbfd2cd5eb9, PipelineID=209a26b5-cef4-449e-ba4b-572e3b93379d, PipelineID=d6a6cf6b-3f93-4a7c-a0ee-d801cf8b2419]
2024-05-06 09:04:34,198 [EventQueue-StaleNodeForStaleNodeHandler] INFO  pipeline.PipelineManagerImpl (PipelineManagerImpl.java:closePipeline(518)) - Pipeline PipelineID=24bfffb9-f71d-40ca-a219-ffa1cd4ec552 moved to CLOSED state
2024-05-06 09:04:34,199 [EventQueue-StaleNodeForStaleNodeHandler] INFO  pipeline.PipelineManagerImpl (PipelineManagerImpl.java:closePipeline(518)) - Pipeline PipelineID=d0d47bde-0ccd-412d-ba0a-dfbfd2cd5eb9 moved to CLOSED state
2024-05-06 09:04:34,199 [EventQueue-StaleNodeForStaleNodeHandler] INFO  pipeline.PipelineManagerImpl (PipelineManagerImpl.java:closePipeline(518)) - Pipeline PipelineID=209a26b5-cef4-449e-ba4b-572e3b93379d moved to CLOSED state
2024-05-06 09:04:34,199 [EventQueue-StaleNodeForStaleNodeHandler] INFO  pipeline.PipelineManagerImpl (PipelineManagerImpl.java:closePipeline(518)) - Pipeline PipelineID=d6a6cf6b-3f93-4a7c-a0ee-d801cf8b2419 moved to CLOSED state
2024-05-06 09:04:34,836 [main] INFO  utils.DatanodeStoreCache (DatanodeStoreCache.java:shutdownCache(116)) - Skip clearing cache in mini cluster mode. Entries left: [/home/runner/work/ozone/ozone/hadoop-ozone/integration-test/target/test-dir/MiniOzoneClusterImpl-f8a20603-669c-41d5-94ea-e080bd68b2ef/ozone-meta/datanode-1/data-0/hdds/f8a20603-669c-41d5-94ea-e080bd68b2ef/DS-7185c0bd-95ed-4c6f-a70e-5f0c2c137208/container.db, /home/runner/work/ozone/ozone/hadoop-ozone/integration-test/target/test-dir/MiniOzoneClusterImpl-f8a20603-669c-41d5-94ea-e080bd68b2ef/ozone-meta/datanode-3/data-0/hdds/f8a20603-669c-41d5-94ea-e080bd68b2ef/DS-45e862b6-aeed-4f8f-9e9e-19bf4ef9ac42/container.db, /home/runner/work/ozone/ozone/hadoop-ozone/integration-test/target/test-dir/MiniOzoneClusterImpl-f8a20603-669c-41d5-94ea-e080bd68b2ef/ozone-meta/datanode-4/data-0/hdds/f8a20603-669c-41d5-94ea-e080bd68b2ef/DS-fd172fcf-7bc3-4fcd-aa5c-1e9a552bd511/container.db, /home/runner/work/ozone/ozone/hadoop-ozone/integration-test/target/test-dir/MiniOzoneClusterImpl-f8a20603-669c-41d5-94ea-e080bd68b2ef/ozone-meta/datanode-5/data-0/hdds/f8a20603-669c-41d5-94ea-e080bd68b2ef/DS-44b7d6c6-fec8-467b-9c0c-2a4a3d36e626/container.db]
2024-05-06 09:04:34,837 [main] INFO  utils.DatanodeStoreCache (DatanodeStoreCache.java:removeDB(110)) - Removed db /home/runner/work/ozone/ozone/hadoop-ozone/integration-test/target/test-dir/MiniOzoneClusterImpl-f8a20603-669c-41d5-94ea-e080bd68b2ef/ozone-meta/datanode-3/data-0/hdds/f8a20603-669c-41d5-94ea-e080bd68b2ef/DS-45e862b6-aeed-4f8f-9e9e-19bf4ef9ac42/container.db from cache
2024-05-06 09:04:34,837 [main] INFO  volume.HddsVolume (HddsVolume.java:closeDbStore(470)) - SchemaV3 db is stopped at /home/runner/work/ozone/ozone/hadoop-ozone/integration-test/target/test-dir/MiniOzoneClusterImpl-f8a20603-669c-41d5-94ea-e080bd68b2ef/ozone-meta/datanode-3/data-0/hdds/f8a20603-669c-41d5-94ea-e080bd68b2ef/DS-45e862b6-aeed-4f8f-9e9e-19bf4ef9ac42/container.db for volume DS-45e862b6-aeed-4f8f-9e9e-19bf4ef9ac42
2024-05-06 09:04:34,838 [main] INFO  utils.BackgroundService (BackgroundService.java:shutdown(160)) - Shutting down service BlockDeletingService
2024-05-06 09:04:34,838 [main] INFO  utils.BackgroundService (BackgroundService.java:shutdown(160)) - Shutting down service StaleRecoveringContainerScrubbingService
2024-05-06 09:04:34,839 [main] INFO  statemachine.DatanodeStateMachine (DatanodeStateMachine.java:stopDaemon(638)) - Ozone container server stopped.
2024-05-06 09:04:34,839 [main] INFO  handler.ContextHandler (ContextHandler.java:doStop(1159)) - Stopped o.e.j.w.WebAppContext@1bbdd4a9{hddsDatanode,/,null,STOPPED}{file:/home/runner/work/ozone/ozone/hadoop-hdds/container-service/target/classes/webapps/hddsDatanode}
2024-05-06 09:04:34,840 [main] INFO  server.AbstractConnector (AbstractConnector.java:doStop(383)) - Stopped ServerConnector@4c5bcc6e{HTTP/1.1, (http/1.1)}{0.0.0.0:15080}
2024-05-06 09:04:34,840 [main] INFO  server.session (HouseKeeper.java:stopScavenging(149)) - node0 Stopped scavenging
2024-05-06 09:04:34,840 [main] INFO  handler.ContextHandler (ContextHandler.java:doStop(1159)) - Stopped o.e.j.s.ServletContextHandler@74992312{static,/static,file:///home/runner/work/ozone/ozone/hadoop-hdds/container-service/target/classes/webapps/static,STOPPED}
2024-05-06 09:04:34,841 [main] INFO  handler.ContextHandler (ContextHandler.java:doStop(1159)) - Stopped o.e.j.s.ServletContextHandler@646a3bc5{logs,/logs,file:///home/runner/work/ozone/ozone/hadoop-ozone/integration-test/target/log,STOPPED}
2024-05-06 09:04:34,842 [main] INFO  ozone.HddsDatanodeClientProtocolServer (HddsDatanodeClientProtocolServer.java:stop(83)) - Stopping the RPC server for Client Protocol
2024-05-06 09:04:34,842 [main] INFO  ipc.Server (Server.java:stop(3523)) - Stopping server on 15081
2024-05-06 09:04:34,842 [IPC Server Responder] INFO  ipc.Server (Server.java:run(1567)) - Stopping IPC Server Responder
2024-05-06 09:04:34,843 [IPC Server listener on 15081] INFO  ipc.Server (Server.java:run(1434)) - Stopping IPC Server listener on 15081
2024-05-06 09:04:34,844 [main] ERROR impl.OrderedAsync (OrderedAsync.java:lambda$sendRequest$9(247)) - client-3CCDD3794440: Failed* RaftClientRequest:client-3CCDD3794440->90b7064f-8397-4c9e-a509-54ea80c9149b@group-A9BF880E318F, cid=77, seq=10, RW, cmdType: WriteChunk
traceID: ""
containerID: 1
datanodeUuid: "784e0075-095e-4f49-808e-af9ec74479d6"
writeChunk {
  blockID {
    containerID: 1
    localID: 113750153625600001
    blockCommitSequenceId: 14
    replicaIndex: 0
  }
  chunkData {
    chunkName: "113750153625600001_chunk_6"
    offset: 500
    len: 100
    checksumData {
      type: NONE
      bytesPerChecksum: 1048576
    }
  }
}
, data.size=100
java.util.concurrent.CompletionException: org.apache.ratis.protocol.exceptions.AlreadyClosedException: client-3CCDD3794440->90b7064f-8397-4c9e-a509-54ea80c9149b is closed.
	at java.base/java.util.concurrent.CompletableFuture.encodeThrowable(CompletableFuture.java:332)
	at java.base/java.util.concurrent.CompletableFuture.uniApplyNow(CompletableFuture.java:674)
	at java.base/java.util.concurrent.CompletableFuture.uniApplyStage(CompletableFuture.java:662)
	at java.base/java.util.concurrent.CompletableFuture.thenApply(CompletableFuture.java:2168)
	at org.apache.ratis.client.impl.OrderedAsync.sendRequest(OrderedAsync.java:239)
	at org.apache.ratis.client.impl.OrderedAsync.sendRequestWithRetry(OrderedAsync.java:203)
	at org.apache.ratis.util.SlidingWindow$Client.sendOrDelayRequest(SlidingWindow.java:303)
	at org.apache.ratis.util.SlidingWindow$Client.submitNewRequest(SlidingWindow.java:291)
	at org.apache.ratis.client.impl.OrderedAsync.send(OrderedAsync.java:171)
	at org.apache.ratis.client.impl.AsyncImpl.send(AsyncImpl.java:41)
	at org.apache.ratis.client.impl.AsyncImpl.send(AsyncImpl.java:46)
	at org.apache.hadoop.hdds.scm.XceiverClientRatis.lambda$sendRequestAsync$2(XceiverClientRatis.java:238)
	at org.apache.hadoop.hdds.tracing.TracingUtil.executeInSpan(TracingUtil.java:169)
	at org.apache.hadoop.hdds.tracing.TracingUtil.executeInNewSpan(TracingUtil.java:159)
	at org.apache.hadoop.hdds.scm.XceiverClientRatis.sendRequestAsync(XceiverClientRatis.java:223)
	at org.apache.hadoop.hdds.scm.XceiverClientRatis.sendCommandAsync(XceiverClientRatis.java:326)
	at org.apache.hadoop.hdds.scm.storage.ContainerProtocolCalls.writeChunkAsync(ContainerProtocolCalls.java:434)
	at org.apache.hadoop.hdds.scm.storage.BlockOutputStream.writeChunkToContainer(BlockOutputStream.java:720)
	at org.apache.hadoop.hdds.scm.storage.BlockOutputStream.writeChunk(BlockOutputStream.java:538)
	at org.apache.hadoop.hdds.scm.storage.BlockOutputStream.writeChunkIfNeeded(BlockOutputStream.java:267)
	at org.apache.hadoop.hdds.scm.storage.BlockOutputStream.write(BlockOutputStream.java:290)
	at org.apache.hadoop.ozone.client.io.BlockOutputStreamEntry.write(BlockOutputStreamEntry.java:137)
	at org.apache.hadoop.ozone.client.io.KeyOutputStream.writeToOutputStream(KeyOutputStream.java:250)
	at org.apache.hadoop.ozone.client.io.KeyOutputStream.handleWrite(KeyOutputStream.java:228)
	at org.apache.hadoop.ozone.client.io.KeyOutputStream.write(KeyOutputStream.java:208)
	at org.apache.hadoop.ozone.client.io.OzoneOutputStream.write(OzoneOutputStream.java:94)
	at java.base/java.io.OutputStream.write(OutputStream.java:127)
	at org.apache.hadoop.ozone.client.rpc.TestBlockOutputStreamWithFailures.test2DatanodesFailure(TestBlockOutputStreamWithFailures.java:327)
	at java.base/jdk.internal.reflect.NativeMethodAccessorImpl.invoke0(Native Method)
	at java.base/jdk.internal.reflect.NativeMethodAccessorImpl.invoke(NativeMethodAccessorImpl.java:77)
	at java.base/jdk.internal.reflect.DelegatingMethodAccessorImpl.invoke(DelegatingMethodAccessorImpl.java:43)
	at java.base/java.lang.reflect.Method.invoke(Method.java:568)
	at org.junit.platform.commons.util.ReflectionUtils.invokeMethod(ReflectionUtils.java:728)
	at org.junit.jupiter.engine.execution.MethodInvocation.proceed(MethodInvocation.java:60)
	at org.junit.jupiter.engine.execution.InvocationInterceptorChain$ValidatingInvocation.proceed(InvocationInterceptorChain.java:131)
	at org.junit.jupiter.engine.extension.SameThreadTimeoutInvocation.proceed(SameThreadTimeoutInvocation.java:45)
	at org.junit.jupiter.engine.extension.TimeoutExtension.intercept(TimeoutExtension.java:156)
	at org.junit.jupiter.engine.extension.TimeoutExtension.interceptTestableMethod(TimeoutExtension.java:147)
	at org.junit.jupiter.engine.extension.TimeoutExtension.interceptTestTemplateMethod(TimeoutExtension.java:94)
	at org.junit.jupiter.engine.execution.InterceptingExecutableInvoker$ReflectiveInterceptorCall.lambda$ofVoidMethod$0(InterceptingExecutableInvoker.java:103)
	at org.junit.jupiter.engine.execution.InterceptingExecutableInvoker.lambda$invoke$0(InterceptingExecutableInvoker.java:93)
	at org.junit.jupiter.engine.execution.InvocationInterceptorChain$InterceptedInvocation.proceed(InvocationInterceptorChain.java:106)
	at org.junit.jupiter.engine.execution.InvocationInterceptorChain.proceed(InvocationInterceptorChain.java:64)
	at org.junit.jupiter.engine.execution.InvocationInterceptorChain.chainAndInvoke(InvocationInterceptorChain.java:45)
	at org.junit.jupiter.engine.execution.InvocationInterceptorChain.invoke(InvocationInterceptorChain.java:37)
	at org.junit.jupiter.engine.execution.InterceptingExecutableInvoker.invoke(InterceptingExecutableInvoker.java:92)
	at org.junit.jupiter.engine.execution.InterceptingExecutableInvoker.invoke(InterceptingExecutableInvoker.java:86)
	at org.junit.jupiter.engine.descriptor.TestMethodTestDescriptor.lambda$invokeTestMethod$7(TestMethodTestDescriptor.java:218)
	at org.junit.platform.engine.support.hierarchical.ThrowableCollector.execute(ThrowableCollector.java:73)
	at org.junit.jupiter.engine.descriptor.TestMethodTestDescriptor.invokeTestMethod(TestMethodTestDescriptor.java:214)
	at org.junit.jupiter.engine.descriptor.TestMethodTestDescriptor.execute(TestMethodTestDescriptor.java:139)
	at org.junit.jupiter.engine.descriptor.TestMethodTestDescriptor.execute(TestMethodTestDescriptor.java:69)
	at org.junit.platform.engine.support.hierarchical.NodeTestTask.lambda$executeRecursively$6(NodeTestTask.java:151)
	at org.junit.platform.engine.support.hierarchical.ThrowableCollector.execute(ThrowableCollector.java:73)
	at org.junit.platform.engine.support.hierarchical.NodeTestTask.lambda$executeRecursively$8(NodeTestTask.java:141)
	at org.junit.platform.engine.support.hierarchical.Node.around(Node.java:137)
	at org.junit.platform.engine.support.hierarchical.NodeTestTask.lambda$executeRecursively$9(NodeTestTask.java:139)
	at org.junit.platform.engine.support.hierarchical.ThrowableCollector.execute(ThrowableCollector.java:73)
	at org.junit.platform.engine.support.hierarchical.NodeTestTask.executeRecursively(NodeTestTask.java:138)
	at org.junit.platform.engine.support.hierarchical.NodeTestTask.execute(NodeTestTask.java:95)
	at org.junit.platform.engine.support.hierarchical.SameThreadHierarchicalTestExecutorService.submit(SameThreadHierarchicalTestExecutorService.java:35)
	at org.junit.platform.engine.support.hierarchical.NodeTestTask$DefaultDynamicTestExecutor.execute(NodeTestTask.java:226)
	at org.junit.platform.engine.support.hierarchical.NodeTestTask$DefaultDynamicTestExecutor.execute(NodeTestTask.java:204)
	at org.junit.jupiter.engine.descriptor.TestTemplateTestDescriptor.execute(TestTemplateTestDescriptor.java:142)
	at org.junit.jupiter.engine.descriptor.TestTemplateTestDescriptor.lambda$execute$2(TestTemplateTestDescriptor.java:110)
	at java.base/java.util.stream.ForEachOps$ForEachOp$OfRef.accept(ForEachOps.java:183)
	at java.base/java.util.stream.ReferencePipeline$3$1.accept(ReferencePipeline.java:197)
	at java.base/java.util.stream.ReferencePipeline$2$1.accept(ReferencePipeline.java:179)
	at java.base/java.util.stream.ReferencePipeline$3$1.accept(ReferencePipeline.java:197)
	at java.base/java.util.stream.ForEachOps$ForEachOp$OfRef.accept(ForEachOps.java:183)
	at java.base/java.util.stream.ReferencePipeline$3$1.accept(ReferencePipeline.java:197)
	at java.base/java.util.stream.ReferencePipeline$3$1.accept(ReferencePipeline.java:197)
	at java.base/java.util.stream.ReferencePipeline$3$1.accept(ReferencePipeline.java:197)
	at java.base/java.util.stream.ForEachOps$ForEachOp$OfRef.accept(ForEachOps.java:183)
	at java.base/java.util.stream.ReferencePipeline$3$1.accept(ReferencePipeline.java:197)
	at java.base/java.util.Spliterators$ArraySpliterator.forEachRemaining(Spliterators.java:992)
	at java.base/java.util.stream.AbstractPipeline.copyInto(AbstractPipeline.java:509)
	at java.base/java.util.stream.AbstractPipeline.wrapAndCopyInto(AbstractPipeline.java:499)
	at java.base/java.util.stream.ForEachOps$ForEachOp.evaluateSequential(ForEachOps.java:150)
	at java.base/java.util.stream.ForEachOps$ForEachOp$OfRef.evaluateSequential(ForEachOps.java:173)
	at java.base/java.util.stream.AbstractPipeline.evaluate(AbstractPipeline.java:234)
	at java.base/java.util.stream.ReferencePipeline.forEach(ReferencePipeline.java:596)
	at java.base/java.util.stream.ReferencePipeline$7$1.accept(ReferencePipeline.java:276)
	at java.base/java.util.stream.ReferencePipeline$3$1.accept(ReferencePipeline.java:197)
	at java.base/java.util.stream.ReferencePipeline$3$1.accept(ReferencePipeline.java:197)
	at java.base/java.util.stream.ReferencePipeline$3$1.accept(ReferencePipeline.java:197)
	at java.base/java.util.ArrayList$ArrayListSpliterator.forEachRemaining(ArrayList.java:1625)
	at java.base/java.util.stream.AbstractPipeline.copyInto(AbstractPipeline.java:509)
	at java.base/java.util.stream.AbstractPipeline.wrapAndCopyInto(AbstractPipeline.java:499)
	at java.base/java.util.stream.ForEachOps$ForEachOp.evaluateSequential(ForEachOps.java:150)
	at java.base/java.util.stream.ForEachOps$ForEachOp$OfRef.evaluateSequential(ForEachOps.java:173)
	at java.base/java.util.stream.AbstractPipeline.evaluate(AbstractPipeline.java:234)
	at java.base/java.util.stream.ReferencePipeline.forEach(ReferencePipeline.java:596)
	at java.base/java.util.stream.ReferencePipeline$7$1.accept(ReferencePipeline.java:276)
	at java.base/java.util.ArrayList$ArrayListSpliterator.forEachRemaining(ArrayList.java:1625)
	at java.base/java.util.stream.AbstractPipeline.copyInto(AbstractPipeline.java:509)
	at java.base/java.util.stream.AbstractPipeline.wrapAndCopyInto(AbstractPipeline.java:499)
	at java.base/java.util.stream.ForEachOps$ForEachOp.evaluateSequential(ForEachOps.java:150)
	at java.base/java.util.stream.ForEachOps$ForEachOp$OfRef.evaluateSequential(ForEachOps.java:173)
	at java.base/java.util.stream.AbstractPipeline.evaluate(AbstractPipeline.java:234)
	at java.base/java.util.stream.ReferencePipeline.forEach(ReferencePipeline.java:596)
	at org.junit.jupiter.engine.descriptor.TestTemplateTestDescriptor.execute(TestTemplateTestDescriptor.java:110)
	at org.junit.jupiter.engine.descriptor.TestTemplateTestDescriptor.execute(TestTemplateTestDescriptor.java:44)
	at org.junit.platform.engine.support.hierarchical.NodeTestTask.lambda$executeRecursively$6(NodeTestTask.java:151)
	at org.junit.platform.engine.support.hierarchical.ThrowableCollector.execute(ThrowableCollector.java:73)
	at org.junit.platform.engine.support.hierarchical.NodeTestTask.lambda$executeRecursively$8(NodeTestTask.java:141)
	at org.junit.platform.engine.support.hierarchical.Node.around(Node.java:137)
	at org.junit.platform.engine.support.hierarchical.NodeTestTask.lambda$executeRecursively$9(NodeTestTask.java:139)
	at org.junit.platform.engine.support.hierarchical.ThrowableCollector.execute(ThrowableCollector.java:73)
	at org.junit.platform.engine.support.hierarchical.NodeTestTask.executeRecursively(NodeTestTask.java:138)
	at org.junit.platform.engine.support.hierarchical.NodeTestTask.execute(NodeTestTask.java:95)
	at java.base/java.util.ArrayList.forEach(ArrayList.java:1511)
	at org.junit.platform.engine.support.hierarchical.SameThreadHierarchicalTestExecutorService.invokeAll(SameThreadHierarchicalTestExecutorService.java:41)
	at org.junit.platform.engine.support.hierarchical.NodeTestTask.lambda$executeRecursively$6(NodeTestTask.java:155)
	at org.junit.platform.engine.support.hierarchical.ThrowableCollector.execute(ThrowableCollector.java:73)
	at org.junit.platform.engine.support.hierarchical.NodeTestTask.lambda$executeRecursively$8(NodeTestTask.java:141)
	at org.junit.platform.engine.support.hierarchical.Node.around(Node.java:137)
	at org.junit.platform.engine.support.hierarchical.NodeTestTask.lambda$executeRecursively$9(NodeTestTask.java:139)
	at org.junit.platform.engine.support.hierarchical.ThrowableCollector.execute(ThrowableCollector.java:73)
	at org.junit.platform.engine.support.hierarchical.NodeTestTask.executeRecursively(NodeTestTask.java:138)
	at org.junit.platform.engine.support.hierarchical.NodeTestTask.execute(NodeTestTask.java:95)
	at java.base/java.util.ArrayList.forEach(ArrayList.java:1511)
	at org.junit.platform.engine.support.hierarchical.SameThreadHierarchicalTestExecutorService.invokeAll(SameThreadHierarchicalTestExecutorService.java:41)
	at org.junit.platform.engine.support.hierarchical.NodeTestTask.lambda$executeRecursively$6(NodeTestTask.java:155)
	at org.junit.platform.engine.support.hierarchical.ThrowableCollector.execute(ThrowableCollector.java:73)
	at org.junit.platform.engine.support.hierarchical.NodeTestTask.lambda$executeRecursively$8(NodeTestTask.java:141)
	at org.junit.platform.engine.support.hierarchical.Node.around(Node.java:137)
	at org.junit.platform.engine.support.hierarchical.NodeTestTask.lambda$executeRecursively$9(NodeTestTask.java:139)
	at org.junit.platform.engine.support.hierarchical.ThrowableCollector.execute(ThrowableCollector.java:73)
	at org.junit.platform.engine.support.hierarchical.NodeTestTask.executeRecursively(NodeTestTask.java:138)
	at org.junit.platform.engine.support.hierarchical.NodeTestTask.execute(NodeTestTask.java:95)
	at org.junit.platform.engine.support.hierarchical.SameThreadHierarchicalTestExecutorService.submit(SameThreadHierarchicalTestExecutorService.java:35)
	at org.junit.platform.engine.support.hierarchical.HierarchicalTestExecutor.execute(HierarchicalTestExecutor.java:57)
	at org.junit.platform.engine.support.hierarchical.HierarchicalTestEngine.execute(HierarchicalTestEngine.java:54)
	at org.junit.platform.launcher.core.EngineExecutionOrchestrator.execute(EngineExecutionOrchestrator.java:198)
	at org.junit.platform.launcher.core.EngineExecutionOrchestrator.execute(EngineExecutionOrchestrator.java:169)
	at org.junit.platform.launcher.core.EngineExecutionOrchestrator.execute(EngineExecutionOrchestrator.java:93)
	at org.junit.platform.launcher.core.EngineExecutionOrchestrator.lambda$execute$0(EngineExecutionOrchestrator.java:58)
	at org.junit.platform.launcher.core.EngineExecutionOrchestrator.withInterceptedStreams(EngineExecutionOrchestrator.java:141)
	at org.junit.platform.launcher.core.EngineExecutionOrchestrator.execute(EngineExecutionOrchestrator.java:57)
	at org.junit.platform.launcher.core.DefaultLauncher.execute(DefaultLauncher.java:103)
	at org.junit.platform.launcher.core.DefaultLauncher.execute(DefaultLauncher.java:85)
	at org.junit.platform.launcher.core.DelegatingLauncher.execute(DelegatingLauncher.java:47)
	at org.junit.platform.launcher.core.SessionPerRequestLauncher.execute(SessionPerRequestLauncher.java:63)
	at org.apache.maven.surefire.junitplatform.JUnitPlatformProvider.invokeAllTests(JUnitPlatformProvider.java:154)
	at org.apache.maven.surefire.junitplatform.JUnitPlatformProvider.invoke(JUnitPlatformProvider.java:123)
	at org.apache.maven.surefire.booter.ForkedBooter.runSuitesInProcess(ForkedBooter.java:377)
	at org.apache.maven.surefire.booter.ForkedBooter.execute(ForkedBooter.java:138)
	at org.apache.maven.surefire.booter.ForkedBooter.run(ForkedBooter.java:465)
	at org.apache.maven.surefire.booter.ForkedBooter.main(ForkedBooter.java:451)
Caused by: org.apache.ratis.protocol.exceptions.AlreadyClosedException: client-3CCDD3794440->90b7064f-8397-4c9e-a509-54ea80c9149b is closed.
	at org.apache.ratis.grpc.client.GrpcClientProtocolClient$AsyncStreamObservers.onNext(GrpcClientProtocolClient.java:349)
	at org.apache.ratis.grpc.client.GrpcClientRpc.sendRequestAsync(GrpcClientRpc.java:71)
	... 146 more
2024-05-06 09:04:36,926 [timer2] WARN  server.GrpcLogAppender (GrpcLogAppender.java:lambda$resetClient$1(217)) - 90b7064f-8397-4c9e-a509-54ea80c9149b@group-572E3B93379D->0e9e7d01-6cef-4822-a23d-4188eb8fb4d0-GrpcLogAppender: Follower failed (request=null, errorCount=10); keep nextIndex (1) unchanged and retry. (Repeated 20 times in the last 5.000s)
2024-05-06 09:04:36,926 [timer1] WARN  server.GrpcLogAppender (LogUtils.java:warn(121)) - 90b7064f-8397-4c9e-a509-54ea80c9149b@group-572E3B93379D->0e9e7d01-6cef-4822-a23d-4188eb8fb4d0-AppendLogResponseHandler: Failed appendEntries (Repeated 10 times in the last 5.000s): org.apache.ratis.thirdparty.io.grpc.StatusRuntimeException: UNAVAILABLE: io exception
2024-05-06 09:04:36,928 [timer3] WARN  server.GrpcLogAppender (LogUtils.java:warn(121)) - 2bd728a8-2257-45fc-a304-d79856c752fc@group-DFBFD2CD5EB9->0e9e7d01-6cef-4822-a23d-4188eb8fb4d0-AppendLogResponseHandler: Failed appendEntries (Repeated 10 times in the last 5.001s): org.apache.ratis.thirdparty.io.grpc.StatusRuntimeException: UNAVAILABLE: io exception
2024-05-06 09:04:37,200 [EventQueue-DeadNodeForDeadNodeHandler] INFO  node.DeadNodeHandler (DeadNodeHandler.java:onMessage(95)) - A dead datanode is detected. 0e9e7d01-6cef-4822-a23d-4188eb8fb4d0(localhost/127.0.0.1)
2024-05-06 09:04:37,200 [EventQueue-DeadNodeForDeadNodeHandler] INFO  pipeline.RatisPipelineProvider (RatisPipelineProvider.java:lambda$close$4(270)) - Send pipeline:PipelineID=24bfffb9-f71d-40ca-a219-ffa1cd4ec552 close command to datanode 0e9e7d01-6cef-4822-a23d-4188eb8fb4d0
2024-05-06 09:04:37,200 [EventQueue-DeadNodeForDeadNodeHandler] INFO  pipeline.RatisPipelineProvider (RatisPipelineProvider.java:lambda$close$4(270)) - Send pipeline:PipelineID=24bfffb9-f71d-40ca-a219-ffa1cd4ec552 close command to datanode 90b7064f-8397-4c9e-a509-54ea80c9149b
2024-05-06 09:04:37,200 [EventQueue-DeadNodeForDeadNodeHandler] INFO  pipeline.RatisPipelineProvider (RatisPipelineProvider.java:lambda$close$4(270)) - Send pipeline:PipelineID=24bfffb9-f71d-40ca-a219-ffa1cd4ec552 close command to datanode 2bd728a8-2257-45fc-a304-d79856c752fc
2024-05-06 09:04:37,200 [EventQueue-DeadNodeForDeadNodeHandler] INFO  pipeline.PipelineManagerImpl (PipelineManagerImpl.java:removePipeline(459)) - Pipeline Pipeline[ Id: 24bfffb9-f71d-40ca-a219-ffa1cd4ec552, Nodes: 0e9e7d01-6cef-4822-a23d-4188eb8fb4d0(localhost/127.0.0.1)90b7064f-8397-4c9e-a509-54ea80c9149b(localhost/127.0.0.1)2bd728a8-2257-45fc-a304-d79856c752fc(localhost/127.0.0.1), ReplicationConfig: RATIS/THREE, State:CLOSED, leaderId:0e9e7d01-6cef-4822-a23d-4188eb8fb4d0, CreationTimestamp2024-05-06T09:01:23.882Z[Etc/UTC]] removed.
2024-05-06 09:04:37,201 [EventQueue-DeadNodeForDeadNodeHandler] INFO  pipeline.RatisPipelineProvider (RatisPipelineProvider.java:lambda$close$4(270)) - Send pipeline:PipelineID=d0d47bde-0ccd-412d-ba0a-dfbfd2cd5eb9 close command to datanode 2bd728a8-2257-45fc-a304-d79856c752fc
2024-05-06 09:04:37,201 [EventQueue-DeadNodeForDeadNodeHandler] INFO  pipeline.RatisPipelineProvider (RatisPipelineProvider.java:lambda$close$4(270)) - Send pipeline:PipelineID=d0d47bde-0ccd-412d-ba0a-dfbfd2cd5eb9 close command to datanode fa7233c5-99c6-4a1a-a2f1-81d332223322
2024-05-06 09:04:37,201 [EventQueue-DeadNodeForDeadNodeHandler] INFO  pipeline.RatisPipelineProvider (RatisPipelineProvider.java:lambda$close$4(270)) - Send pipeline:PipelineID=d0d47bde-0ccd-412d-ba0a-dfbfd2cd5eb9 close command to datanode 0e9e7d01-6cef-4822-a23d-4188eb8fb4d0
2024-05-06 09:04:37,201 [EventQueue-DeadNodeForDeadNodeHandler] INFO  pipeline.PipelineManagerImpl (PipelineManagerImpl.java:removePipeline(459)) - Pipeline Pipeline[ Id: d0d47bde-0ccd-412d-ba0a-dfbfd2cd5eb9, Nodes: 2bd728a8-2257-45fc-a304-d79856c752fc(localhost/127.0.0.1)fa7233c5-99c6-4a1a-a2f1-81d332223322(localhost/127.0.0.1)0e9e7d01-6cef-4822-a23d-4188eb8fb4d0(localhost/127.0.0.1), ReplicationConfig: RATIS/THREE, State:CLOSED, leaderId:2bd728a8-2257-45fc-a304-d79856c752fc, CreationTimestamp2024-05-06T09:01:23.880Z[Etc/UTC]] removed.
2024-05-06 09:04:37,201 [EventQueue-DeadNodeForDeadNodeHandler] INFO  pipeline.RatisPipelineProvider (RatisPipelineProvider.java:lambda$close$4(270)) - Send pipeline:PipelineID=209a26b5-cef4-449e-ba4b-572e3b93379d close command to datanode 0e9e7d01-6cef-4822-a23d-4188eb8fb4d0
2024-05-06 09:04:37,201 [EventQueue-DeadNodeForDeadNodeHandler] INFO  pipeline.RatisPipelineProvider (RatisPipelineProvider.java:lambda$close$4(270)) - Send pipeline:PipelineID=209a26b5-cef4-449e-ba4b-572e3b93379d close command to datanode 90b7064f-8397-4c9e-a509-54ea80c9149b
2024-05-06 09:04:37,201 [EventQueue-DeadNodeForDeadNodeHandler] INFO  pipeline.RatisPipelineProvider (RatisPipelineProvider.java:lambda$close$4(270)) - Send pipeline:PipelineID=209a26b5-cef4-449e-ba4b-572e3b93379d close command to datanode fa7233c5-99c6-4a1a-a2f1-81d332223322
2024-05-06 09:04:37,201 [EventQueue-DeadNodeForDeadNodeHandler] INFO  pipeline.PipelineManagerImpl (PipelineManagerImpl.java:removePipeline(459)) - Pipeline Pipeline[ Id: 209a26b5-cef4-449e-ba4b-572e3b93379d, Nodes: 0e9e7d01-6cef-4822-a23d-4188eb8fb4d0(localhost/127.0.0.1)90b7064f-8397-4c9e-a509-54ea80c9149b(localhost/127.0.0.1)fa7233c5-99c6-4a1a-a2f1-81d332223322(localhost/127.0.0.1), ReplicationConfig: RATIS/THREE, State:CLOSED, leaderId:90b7064f-8397-4c9e-a509-54ea80c9149b, CreationTimestamp2024-05-06T09:01:23.881Z[Etc/UTC]] removed.
2024-05-06 09:04:37,201 [EventQueue-DeadNodeForDeadNodeHandler] INFO  pipeline.RatisPipelineProvider (RatisPipelineProvider.java:lambda$close$4(270)) - Send pipeline:PipelineID=d6a6cf6b-3f93-4a7c-a0ee-d801cf8b2419 close command to datanode 0e9e7d01-6cef-4822-a23d-4188eb8fb4d0
2024-05-06 09:04:37,201 [EventQueue-DeadNodeForDeadNodeHandler] INFO  pipeline.PipelineManagerImpl (PipelineManagerImpl.java:removePipeline(459)) - Pipeline Pipeline[ Id: d6a6cf6b-3f93-4a7c-a0ee-d801cf8b2419, Nodes: 0e9e7d01-6cef-4822-a23d-4188eb8fb4d0(localhost/127.0.0.1), ReplicationConfig: RATIS/ONE, State:CLOSED, leaderId:0e9e7d01-6cef-4822-a23d-4188eb8fb4d0, CreationTimestamp2024-05-06T08:59:23.731Z[Etc/UTC]] removed.
2024-05-06 09:04:37,202 [EventQueue-DeadNodeForDeadNodeHandler] INFO  node.DeadNodeHandler (DeadNodeHandler.java:onMessage(108)) - Clearing command queue of size 4 for DN 0e9e7d01-6cef-4822-a23d-4188eb8fb4d0(localhost/127.0.0.1)
2024-05-06 09:04:37,202 [EventQueue-DeadNodeForDeadNodeHandler] INFO  net.NetworkTopologyImpl (NetworkTopologyImpl.java:remove(212)) - Removed a node: /default-rack/0e9e7d01-6cef-4822-a23d-4188eb8fb4d0
2024-05-06 09:04:37,783 [grpc-default-executor-17] WARN  server.GrpcLogAppender (LogUtils.java:warn(121)) - 2bd728a8-2257-45fc-a304-d79856c752fc@group-DFBFD2CD5EB9->0e9e7d01-6cef-4822-a23d-4188eb8fb4d0-AppendLogResponseHandler: Failed appendEntries: org.apache.ratis.thirdparty.io.grpc.StatusRuntimeException: UNAVAILABLE: io exception
2024-05-06 09:04:37,783 [grpc-default-executor-16] WARN  server.GrpcLogAppender (GrpcLogAppender.java:lambda$resetClient$1(217)) - 2bd728a8-2257-45fc-a304-d79856c752fc@group-DFBFD2CD5EB9->0e9e7d01-6cef-4822-a23d-4188eb8fb4d0-GrpcLogAppender: Follower failed (request=null, errorCount=11); keep nextIndex (1) unchanged and retry.
2024-05-06 09:04:37,812 [grpc-default-executor-17] WARN  server.GrpcLogAppender (LogUtils.java:warn(121)) - 90b7064f-8397-4c9e-a509-54ea80c9149b@group-572E3B93379D->0e9e7d01-6cef-4822-a23d-4188eb8fb4d0-AppendLogResponseHandler: Failed appendEntries: org.apache.ratis.thirdparty.io.grpc.StatusRuntimeException: UNAVAILABLE: io exception
2024-05-06 09:04:38,216 [90b7064f-8397-4c9e-a509-54ea80c9149b-PipelineCommandHandlerThread-0] INFO  server.RaftServer (RaftServerProxy.java:remove(111)) - 90b7064f-8397-4c9e-a509-54ea80c9149b: remove  FOLLOWER 90b7064f-8397-4c9e-a509-54ea80c9149b@group-FFA1CD4EC552:t1, leader=0e9e7d01-6cef-4822-a23d-4188eb8fb4d0, voted=0e9e7d01-6cef-4822-a23d-4188eb8fb4d0, raftlog=Memoized:90b7064f-8397-4c9e-a509-54ea80c9149b@group-FFA1CD4EC552-SegmentedRaftLog:OPENED:c0, conf=0: peers:[0e9e7d01-6cef-4822-a23d-4188eb8fb4d0|127.0.0.1:15085, 90b7064f-8397-4c9e-a509-54ea80c9149b|127.0.0.1:15067, 2bd728a8-2257-45fc-a304-d79856c752fc|127.0.0.1:15094]|listeners:[], old=null RUNNING
2024-05-06 09:04:38,216 [90b7064f-8397-4c9e-a509-54ea80c9149b-PipelineCommandHandlerThread-0] INFO  server.RaftServer$Division (RaftServerImpl.java:lambda$close$3(526)) - 90b7064f-8397-4c9e-a509-54ea80c9149b@group-FFA1CD4EC552: shutdown
2024-05-06 09:04:38,216 [90b7064f-8397-4c9e-a509-54ea80c9149b-PipelineCommandHandlerThread-0] INFO  util.JmxRegister (JmxRegister.java:unregister(73)) - Successfully un-registered JMX Bean with object name Ratis:service=RaftServer,group=group-FFA1CD4EC552,id=90b7064f-8397-4c9e-a509-54ea80c9149b
2024-05-06 09:04:38,216 [90b7064f-8397-4c9e-a509-54ea80c9149b-PipelineCommandHandlerThread-0] INFO  impl.RoleInfo (RoleInfo.java:shutdownFollowerState(110)) - 90b7064f-8397-4c9e-a509-54ea80c9149b: shutdown 90b7064f-8397-4c9e-a509-54ea80c9149b@group-FFA1CD4EC552-FollowerState
2024-05-06 09:04:38,216 [90b7064f-8397-4c9e-a509-54ea80c9149b-PipelineCommandHandlerThread-0] INFO  impl.StateMachineUpdater (StateMachineUpdater.java:stopAndJoin(157)) - 90b7064f-8397-4c9e-a509-54ea80c9149b@group-FFA1CD4EC552-StateMachineUpdater: set stopIndex = 0
2024-05-06 09:04:38,217 [90b7064f-8397-4c9e-a509-54ea80c9149b@group-FFA1CD4EC552-FollowerState] INFO  impl.FollowerState (FollowerState.java:run(152)) - 90b7064f-8397-4c9e-a509-54ea80c9149b@group-FFA1CD4EC552-FollowerState was interrupted
2024-05-06 09:04:38,217 [90b7064f-8397-4c9e-a509-54ea80c9149b@group-FFA1CD4EC552-StateMachineUpdater] INFO  ratis.ContainerStateMachine (ContainerStateMachine.java:takeSnapshot(355)) - group-FFA1CD4EC552: Taking a snapshot at:(t:1, i:0) file /home/runner/work/ozone/ozone/hadoop-ozone/integration-test/target/test-dir/MiniOzoneClusterImpl-f8a20603-669c-41d5-94ea-e080bd68b2ef/ozone-meta/datanode-1/ratis/24bfffb9-f71d-40ca-a219-ffa1cd4ec552/sm/snapshot.1_0
2024-05-06 09:04:38,217 [90b7064f-8397-4c9e-a509-54ea80c9149b@group-FFA1CD4EC552-StateMachineUpdater] INFO  ratis.ContainerStateMachine (ContainerStateMachine.java:takeSnapshot(366)) - group-FFA1CD4EC552: Finished taking a snapshot at:(t:1, i:0) file:/home/runner/work/ozone/ozone/hadoop-ozone/integration-test/target/test-dir/MiniOzoneClusterImpl-f8a20603-669c-41d5-94ea-e080bd68b2ef/ozone-meta/datanode-1/ratis/24bfffb9-f71d-40ca-a219-ffa1cd4ec552/sm/snapshot.1_0 took: 1 ms
2024-05-06 09:04:38,217 [90b7064f-8397-4c9e-a509-54ea80c9149b@group-FFA1CD4EC552-StateMachineUpdater] INFO  impl.StateMachineUpdater (StateMachineUpdater.java:takeSnapshot(295)) - 90b7064f-8397-4c9e-a509-54ea80c9149b@group-FFA1CD4EC552-StateMachineUpdater: Took a snapshot at index 0
2024-05-06 09:04:38,218 [90b7064f-8397-4c9e-a509-54ea80c9149b@group-FFA1CD4EC552-StateMachineUpdater] INFO  impl.StateMachineUpdater (StateMachineUpdater.java:lambda$new$0(98)) - 90b7064f-8397-4c9e-a509-54ea80c9149b@group-FFA1CD4EC552-StateMachineUpdater: snapshotIndex: updateIncreasingly -1 -> 0
2024-05-06 09:04:38,218 [90b7064f-8397-4c9e-a509-54ea80c9149b-PipelineCommandHandlerThread-0] INFO  server.RaftServer$Division (ServerState.java:close(427)) - 90b7064f-8397-4c9e-a509-54ea80c9149b@group-FFA1CD4EC552: applyIndex: 0
2024-05-06 09:04:38,218 [90b7064f-8397-4c9e-a509-54ea80c9149b@group-FFA1CD4EC552-cacheEviction-AwaitToRun] INFO  util.AwaitToRun (AwaitToRun.java:run(49)) - 90b7064f-8397-4c9e-a509-54ea80c9149b@group-FFA1CD4EC552-cacheEviction-AwaitToRun-AwaitForSignal is interrupted
2024-05-06 09:04:39,180 [90b7064f-8397-4c9e-a509-54ea80c9149b-PipelineCommandHandlerThread-0] INFO  segmented.SegmentedRaftLogWorker (SegmentedRaftLogWorker.java:close(245)) - 90b7064f-8397-4c9e-a509-54ea80c9149b@group-FFA1CD4EC552-SegmentedRaftLogWorker close()
2024-05-06 09:04:39,181 [90b7064f-8397-4c9e-a509-54ea80c9149b-PipelineCommandHandlerThread-0] INFO  server.RaftServer$Division (RaftServerImpl.java:groupRemove(496)) - 90b7064f-8397-4c9e-a509-54ea80c9149b@group-FFA1CD4EC552: Succeed to remove RaftStorageDirectory Storage Directory /home/runner/work/ozone/ozone/hadoop-ozone/integration-test/target/test-dir/MiniOzoneClusterImpl-f8a20603-669c-41d5-94ea-e080bd68b2ef/ozone-meta/datanode-1/ratis/24bfffb9-f71d-40ca-a219-ffa1cd4ec552
2024-05-06 09:04:39,181 [90b7064f-8397-4c9e-a509-54ea80c9149b-PipelineCommandHandlerThread-0] ERROR commandhandler.ClosePipelineCommandHandler (ClosePipelineCommandHandler.java:lambda$handle$2(137)) - Can't close pipeline PipelineID=24bfffb9-f71d-40ca-a219-ffa1cd4ec552
org.apache.ratis.protocol.exceptions.GroupMismatchException: 90b7064f-8397-4c9e-a509-54ea80c9149b: group-FFA1CD4EC552 not found.
	at org.apache.ratis.server.impl.RaftServerProxy$ImplMap.get(RaftServerProxy.java:154)
	at org.apache.ratis.server.impl.RaftServerProxy.getImplFuture(RaftServerProxy.java:364)
	at org.apache.ratis.server.impl.RaftServerProxy.getImpl(RaftServerProxy.java:373)
	at org.apache.ratis.server.impl.RaftServerProxy.getDivision(RaftServerProxy.java:386)
	at org.apache.hadoop.ozone.container.common.transport.server.ratis.XceiverServerRatis.getRaftPeersInPipeline(XceiverServerRatis.java:951)
	at org.apache.hadoop.ozone.container.common.statemachine.commandhandler.ClosePipelineCommandHandler.lambda$handle$2(ClosePipelineCommandHandler.java:114)
	at java.base/java.util.concurrent.CompletableFuture$AsyncRun.run(CompletableFuture.java:1804)
	at java.base/java.util.concurrent.ThreadPoolExecutor.runWorker(ThreadPoolExecutor.java:1136)
	at java.base/java.util.concurrent.ThreadPoolExecutor$Worker.run(ThreadPoolExecutor.java:635)
	at java.base/java.lang.Thread.run(Thread.java:840)
2024-05-06 09:04:39,182 [90b7064f-8397-4c9e-a509-54ea80c9149b-PipelineCommandHandlerThread-0] INFO  server.RaftServer (RaftServerProxy.java:remove(111)) - 90b7064f-8397-4c9e-a509-54ea80c9149b: remove    LEADER 90b7064f-8397-4c9e-a509-54ea80c9149b@group-572E3B93379D:t1, leader=90b7064f-8397-4c9e-a509-54ea80c9149b, voted=90b7064f-8397-4c9e-a509-54ea80c9149b, raftlog=Memoized:90b7064f-8397-4c9e-a509-54ea80c9149b@group-572E3B93379D-SegmentedRaftLog:OPENED:c0, conf=0: peers:[0e9e7d01-6cef-4822-a23d-4188eb8fb4d0|127.0.0.1:15085, fa7233c5-99c6-4a1a-a2f1-81d332223322|127.0.0.1:15103, 90b7064f-8397-4c9e-a509-54ea80c9149b|127.0.0.1:15067]|listeners:[], old=null RUNNING
2024-05-06 09:04:39,182 [90b7064f-8397-4c9e-a509-54ea80c9149b-PipelineCommandHandlerThread-0] INFO  server.RaftServer$Division (RaftServerImpl.java:lambda$close$3(526)) - 90b7064f-8397-4c9e-a509-54ea80c9149b@group-572E3B93379D: shutdown
2024-05-06 09:04:39,182 [90b7064f-8397-4c9e-a509-54ea80c9149b-PipelineCommandHandlerThread-0] INFO  util.JmxRegister (JmxRegister.java:unregister(73)) - Successfully un-registered JMX Bean with object name Ratis:service=RaftServer,group=group-572E3B93379D,id=90b7064f-8397-4c9e-a509-54ea80c9149b
2024-05-06 09:04:39,182 [90b7064f-8397-4c9e-a509-54ea80c9149b-PipelineCommandHandlerThread-0] INFO  impl.RoleInfo (RoleInfo.java:shutdownLeaderState(94)) - 90b7064f-8397-4c9e-a509-54ea80c9149b: shutdown 90b7064f-8397-4c9e-a509-54ea80c9149b@group-572E3B93379D-LeaderStateImpl
2024-05-06 09:04:39,182 [90b7064f-8397-4c9e-a509-54ea80c9149b@group-572E3B93379D->fa7233c5-99c6-4a1a-a2f1-81d332223322-GrpcLogAppender-LogAppenderDaemon] WARN  server.GrpcLogAppender (GrpcLogAppender.java:mayWait(289)) - 90b7064f-8397-4c9e-a509-54ea80c9149b@group-572E3B93379D->fa7233c5-99c6-4a1a-a2f1-81d332223322-GrpcLogAppender: Wait interrupted by java.lang.InterruptedException
2024-05-06 09:04:39,182 [90b7064f-8397-4c9e-a509-54ea80c9149b@group-572E3B93379D->0e9e7d01-6cef-4822-a23d-4188eb8fb4d0-GrpcLogAppender-LogAppenderDaemon] WARN  server.GrpcLogAppender (GrpcLogAppender.java:mayWait(289)) - 90b7064f-8397-4c9e-a509-54ea80c9149b@group-572E3B93379D->0e9e7d01-6cef-4822-a23d-4188eb8fb4d0-GrpcLogAppender: Wait interrupted by java.lang.InterruptedException
2024-05-06 09:04:39,182 [90b7064f-8397-4c9e-a509-54ea80c9149b-PipelineCommandHandlerThread-0] INFO  impl.PendingRequests (PendingRequests.java:sendNotLeaderResponses(289)) - 90b7064f-8397-4c9e-a509-54ea80c9149b@group-572E3B93379D-PendingRequests: sendNotLeaderResponses
2024-05-06 09:04:39,182 [90b7064f-8397-4c9e-a509-54ea80c9149b-PipelineCommandHandlerThread-0] INFO  impl.StateMachineUpdater (StateMachineUpdater.java:stopAndJoin(157)) - 90b7064f-8397-4c9e-a509-54ea80c9149b@group-572E3B93379D-StateMachineUpdater: set stopIndex = 0
2024-05-06 09:04:39,182 [90b7064f-8397-4c9e-a509-54ea80c9149b@group-572E3B93379D-StateMachineUpdater] INFO  ratis.ContainerStateMachine (ContainerStateMachine.java:takeSnapshot(355)) - group-572E3B93379D: Taking a snapshot at:(t:1, i:0) file /home/runner/work/ozone/ozone/hadoop-ozone/integration-test/target/test-dir/MiniOzoneClusterImpl-f8a20603-669c-41d5-94ea-e080bd68b2ef/ozone-meta/datanode-1/ratis/209a26b5-cef4-449e-ba4b-572e3b93379d/sm/snapshot.1_0
2024-05-06 09:04:39,183 [grpc-default-executor-16] INFO  server.GrpcServerProtocolService (GrpcServerProtocolService.java:onCompleted(157)) - fa7233c5-99c6-4a1a-a2f1-81d332223322: Completed APPEND_ENTRIES, lastRequest: 90b7064f-8397-4c9e-a509-54ea80c9149b->fa7233c5-99c6-4a1a-a2f1-81d332223322#1-t1,previous=(t:0, i:0),leaderCommit=-1,initializing? false,entries: size=1, first=(t:1, i:0), CONFIGURATIONENTRY(current:id: "0e9e7d01-6cef-4822-a23d-4188eb8fb4d0"
address: "127.0.0.1:15085"
dataStreamAddress: "127.0.0.1:15086"
clientAddress: "127.0.0.1:15083"
adminAddress: "127.0.0.1:15084"
startupRole: FOLLOWER
,id: "fa7233c5-99c6-4a1a-a2f1-81d332223322"
address: "127.0.0.1:15103"
dataStreamAddress: "127.0.0.1:15104"
clientAddress: "127.0.0.1:15101"
adminAddress: "127.0.0.1:15102"
startupRole: FOLLOWER
,id: "90b7064f-8397-4c9e-a509-54ea80c9149b"
address: "127.0.0.1:15067"
priority: 1
dataStreamAddress: "127.0.0.1:15068"
clientAddress: "127.0.0.1:15065"
adminAddress: "127.0.0.1:15066"
startupRole: FOLLOWER
, old:)
2024-05-06 09:04:39,183 [grpc-default-executor-16] INFO  server.GrpcServerProtocolService (GrpcServerProtocolService.java:lambda$onCompleted$5(159)) - fa7233c5-99c6-4a1a-a2f1-81d332223322: Completed APPEND_ENTRIES, lastReply: null
2024-05-06 09:04:39,183 [90b7064f-8397-4c9e-a509-54ea80c9149b@group-572E3B93379D-StateMachineUpdater] INFO  ratis.ContainerStateMachine (ContainerStateMachine.java:takeSnapshot(366)) - group-572E3B93379D: Finished taking a snapshot at:(t:1, i:0) file:/home/runner/work/ozone/ozone/hadoop-ozone/integration-test/target/test-dir/MiniOzoneClusterImpl-f8a20603-669c-41d5-94ea-e080bd68b2ef/ozone-meta/datanode-1/ratis/209a26b5-cef4-449e-ba4b-572e3b93379d/sm/snapshot.1_0 took: 1 ms
2024-05-06 09:04:39,183 [grpc-default-executor-17] INFO  server.GrpcServerProtocolService (GrpcServerProtocolService.java:onCompleted(157)) - fa7233c5-99c6-4a1a-a2f1-81d332223322: Completed APPEND_ENTRIES, lastRequest: null
2024-05-06 09:04:39,183 [90b7064f-8397-4c9e-a509-54ea80c9149b@group-572E3B93379D-StateMachineUpdater] INFO  impl.StateMachineUpdater (StateMachineUpdater.java:takeSnapshot(295)) - 90b7064f-8397-4c9e-a509-54ea80c9149b@group-572E3B93379D-StateMachineUpdater: Took a snapshot at index 0
2024-05-06 09:04:39,183 [90b7064f-8397-4c9e-a509-54ea80c9149b@group-572E3B93379D-StateMachineUpdater] INFO  impl.StateMachineUpdater (StateMachineUpdater.java:lambda$new$0(98)) - 90b7064f-8397-4c9e-a509-54ea80c9149b@group-572E3B93379D-StateMachineUpdater: snapshotIndex: updateIncreasingly -1 -> 0
2024-05-06 09:04:39,184 [grpc-default-executor-16] INFO  server.GrpcLogAppender (GrpcLogAppender.java:onCompleted(546)) - 90b7064f-8397-4c9e-a509-54ea80c9149b@group-572E3B93379D->fa7233c5-99c6-4a1a-a2f1-81d332223322-AppendLogResponseHandler: follower responses appendEntries COMPLETED
2024-05-06 09:04:39,184 [90b7064f-8397-4c9e-a509-54ea80c9149b-PipelineCommandHandlerThread-0] INFO  server.RaftServer$Division (ServerState.java:close(427)) - 90b7064f-8397-4c9e-a509-54ea80c9149b@group-572E3B93379D: applyIndex: 0
2024-05-06 09:04:39,184 [90b7064f-8397-4c9e-a509-54ea80c9149b@group-572E3B93379D-cacheEviction-AwaitToRun] INFO  util.AwaitToRun (AwaitToRun.java:run(49)) - 90b7064f-8397-4c9e-a509-54ea80c9149b@group-572E3B93379D-cacheEviction-AwaitToRun-AwaitForSignal is interrupted
2024-05-06 09:04:39,185 [grpc-default-executor-17] INFO  server.GrpcServerProtocolService (GrpcServerProtocolService.java:lambda$onCompleted$5(159)) - fa7233c5-99c6-4a1a-a2f1-81d332223322: Completed APPEND_ENTRIES, lastReply: serverReply {
  requestorId: "90b7064f-8397-4c9e-a509-54ea80c9149b"
  replyId: "fa7233c5-99c6-4a1a-a2f1-81d332223322"
  raftGroupId {
    id: " \232&\265\316\364D\236\272KW.;\2237\235"
  }
  callId: 78
  success: true
}
term: 1
nextIndex: 1
matchIndex: 18446744073709551615
isHearbeat: true

2024-05-06 09:04:39,185 [grpc-default-executor-17] INFO  server.GrpcLogAppender (GrpcLogAppender.java:onCompleted(546)) - 90b7064f-8397-4c9e-a509-54ea80c9149b@group-572E3B93379D->fa7233c5-99c6-4a1a-a2f1-81d332223322-AppendLogResponseHandler: follower responses appendEntries COMPLETED
2024-05-06 09:04:39,224 [90b7064f-8397-4c9e-a509-54ea80c9149b-PipelineCommandHandlerThread-0] INFO  segmented.SegmentedRaftLogWorker (SegmentedRaftLogWorker.java:close(245)) - 90b7064f-8397-4c9e-a509-54ea80c9149b@group-572E3B93379D-SegmentedRaftLogWorker close()
2024-05-06 09:04:39,224 [90b7064f-8397-4c9e-a509-54ea80c9149b-PipelineCommandHandlerThread-0] INFO  server.RaftServer$Division (RaftServerImpl.java:groupRemove(496)) - 90b7064f-8397-4c9e-a509-54ea80c9149b@group-572E3B93379D: Succeed to remove RaftStorageDirectory Storage Directory /home/runner/work/ozone/ozone/hadoop-ozone/integration-test/target/test-dir/MiniOzoneClusterImpl-f8a20603-669c-41d5-94ea-e080bd68b2ef/ozone-meta/datanode-1/ratis/209a26b5-cef4-449e-ba4b-572e3b93379d
2024-05-06 09:04:39,225 [90b7064f-8397-4c9e-a509-54ea80c9149b-PipelineCommandHandlerThread-0] ERROR commandhandler.ClosePipelineCommandHandler (ClosePipelineCommandHandler.java:lambda$handle$2(137)) - Can't close pipeline PipelineID=209a26b5-cef4-449e-ba4b-572e3b93379d
org.apache.ratis.protocol.exceptions.GroupMismatchException: 90b7064f-8397-4c9e-a509-54ea80c9149b: group-572E3B93379D not found.
	at org.apache.ratis.server.impl.RaftServerProxy$ImplMap.get(RaftServerProxy.java:154)
	at org.apache.ratis.server.impl.RaftServerProxy.getImplFuture(RaftServerProxy.java:364)
	at org.apache.ratis.server.impl.RaftServerProxy.getImpl(RaftServerProxy.java:373)
	at org.apache.ratis.server.impl.RaftServerProxy.getDivision(RaftServerProxy.java:386)
	at org.apache.hadoop.ozone.container.common.transport.server.ratis.XceiverServerRatis.getRaftPeersInPipeline(XceiverServerRatis.java:951)
	at org.apache.hadoop.ozone.container.common.statemachine.commandhandler.ClosePipelineCommandHandler.lambda$handle$2(ClosePipelineCommandHandler.java:114)
	at java.base/java.util.concurrent.CompletableFuture$AsyncRun.run(CompletableFuture.java:1804)
	at java.base/java.util.concurrent.ThreadPoolExecutor.runWorker(ThreadPoolExecutor.java:1136)
	at java.base/java.util.concurrent.ThreadPoolExecutor$Worker.run(ThreadPoolExecutor.java:635)
	at java.base/java.lang.Thread.run(Thread.java:840)
2024-05-06 09:04:39,325 [fa7233c5-99c6-4a1a-a2f1-81d332223322-PipelineCommandHandlerThread-0] INFO  server.RaftServer (RaftServerProxy.java:remove(111)) - fa7233c5-99c6-4a1a-a2f1-81d332223322: remove  FOLLOWER fa7233c5-99c6-4a1a-a2f1-81d332223322@group-DFBFD2CD5EB9:t1, leader=2bd728a8-2257-45fc-a304-d79856c752fc, voted=2bd728a8-2257-45fc-a304-d79856c752fc, raftlog=Memoized:fa7233c5-99c6-4a1a-a2f1-81d332223322@group-DFBFD2CD5EB9-SegmentedRaftLog:OPENED:c0, conf=0: peers:[0e9e7d01-6cef-4822-a23d-4188eb8fb4d0|127.0.0.1:15085, fa7233c5-99c6-4a1a-a2f1-81d332223322|127.0.0.1:15103, 2bd728a8-2257-45fc-a304-d79856c752fc|127.0.0.1:15094]|listeners:[], old=null RUNNING
2024-05-06 09:04:39,325 [fa7233c5-99c6-4a1a-a2f1-81d332223322-PipelineCommandHandlerThread-0] INFO  server.RaftServer$Division (RaftServerImpl.java:lambda$close$3(526)) - fa7233c5-99c6-4a1a-a2f1-81d332223322@group-DFBFD2CD5EB9: shutdown
2024-05-06 09:04:39,325 [fa7233c5-99c6-4a1a-a2f1-81d332223322-PipelineCommandHandlerThread-0] INFO  util.JmxRegister (JmxRegister.java:unregister(73)) - Successfully un-registered JMX Bean with object name Ratis:service=RaftServer,group=group-DFBFD2CD5EB9,id=fa7233c5-99c6-4a1a-a2f1-81d332223322
2024-05-06 09:04:39,325 [fa7233c5-99c6-4a1a-a2f1-81d332223322-PipelineCommandHandlerThread-0] INFO  impl.RoleInfo (RoleInfo.java:shutdownFollowerState(110)) - fa7233c5-99c6-4a1a-a2f1-81d332223322: shutdown fa7233c5-99c6-4a1a-a2f1-81d332223322@group-DFBFD2CD5EB9-FollowerState
2024-05-06 09:04:39,326 [fa7233c5-99c6-4a1a-a2f1-81d332223322-PipelineCommandHandlerThread-0] INFO  impl.StateMachineUpdater (StateMachineUpdater.java:stopAndJoin(157)) - fa7233c5-99c6-4a1a-a2f1-81d332223322@group-DFBFD2CD5EB9-StateMachineUpdater: set stopIndex = 0
2024-05-06 09:04:39,326 [fa7233c5-99c6-4a1a-a2f1-81d332223322@group-DFBFD2CD5EB9-FollowerState] INFO  impl.FollowerState (FollowerState.java:run(152)) - fa7233c5-99c6-4a1a-a2f1-81d332223322@group-DFBFD2CD5EB9-FollowerState was interrupted
2024-05-06 09:04:39,326 [fa7233c5-99c6-4a1a-a2f1-81d332223322@group-DFBFD2CD5EB9-StateMachineUpdater] INFO  ratis.ContainerStateMachine (ContainerStateMachine.java:takeSnapshot(355)) - group-DFBFD2CD5EB9: Taking a snapshot at:(t:1, i:0) file /home/runner/work/ozone/ozone/hadoop-ozone/integration-test/target/test-dir/MiniOzoneClusterImpl-f8a20603-669c-41d5-94ea-e080bd68b2ef/ozone-meta/datanode-5/ratis/d0d47bde-0ccd-412d-ba0a-dfbfd2cd5eb9/sm/snapshot.1_0
2024-05-06 09:04:39,327 [fa7233c5-99c6-4a1a-a2f1-81d332223322@group-DFBFD2CD5EB9-StateMachineUpdater] INFO  ratis.ContainerStateMachine (ContainerStateMachine.java:takeSnapshot(366)) - group-DFBFD2CD5EB9: Finished taking a snapshot at:(t:1, i:0) file:/home/runner/work/ozone/ozone/hadoop-ozone/integration-test/target/test-dir/MiniOzoneClusterImpl-f8a20603-669c-41d5-94ea-e080bd68b2ef/ozone-meta/datanode-5/ratis/d0d47bde-0ccd-412d-ba0a-dfbfd2cd5eb9/sm/snapshot.1_0 took: 0 ms
2024-05-06 09:04:39,327 [fa7233c5-99c6-4a1a-a2f1-81d332223322@group-DFBFD2CD5EB9-StateMachineUpdater] INFO  impl.StateMachineUpdater (StateMachineUpdater.java:takeSnapshot(295)) - fa7233c5-99c6-4a1a-a2f1-81d332223322@group-DFBFD2CD5EB9-StateMachineUpdater: Took a snapshot at index 0
2024-05-06 09:04:39,327 [fa7233c5-99c6-4a1a-a2f1-81d332223322@group-DFBFD2CD5EB9-StateMachineUpdater] INFO  impl.StateMachineUpdater (StateMachineUpdater.java:lambda$new$0(98)) - fa7233c5-99c6-4a1a-a2f1-81d332223322@group-DFBFD2CD5EB9-StateMachineUpdater: snapshotIndex: updateIncreasingly -1 -> 0
2024-05-06 09:04:39,327 [fa7233c5-99c6-4a1a-a2f1-81d332223322-PipelineCommandHandlerThread-0] INFO  server.RaftServer$Division (ServerState.java:close(427)) - fa7233c5-99c6-4a1a-a2f1-81d332223322@group-DFBFD2CD5EB9: applyIndex: 0
2024-05-06 09:04:39,330 [fa7233c5-99c6-4a1a-a2f1-81d332223322@group-DFBFD2CD5EB9-cacheEviction-AwaitToRun] INFO  util.AwaitToRun (AwaitToRun.java:run(49)) - fa7233c5-99c6-4a1a-a2f1-81d332223322@group-DFBFD2CD5EB9-cacheEviction-AwaitToRun-AwaitForSignal is interrupted
2024-05-06 09:04:39,439 [2bd728a8-2257-45fc-a304-d79856c752fc@group-FFA1CD4EC552-FollowerState] INFO  impl.FollowerState (FollowerState.java:run(143)) - 2bd728a8-2257-45fc-a304-d79856c752fc@group-FFA1CD4EC552-FollowerState: change to CANDIDATE, lastRpcElapsedTime:9166114708ns, electionTimeout:5166ms
2024-05-06 09:04:39,439 [2bd728a8-2257-45fc-a304-d79856c752fc@group-FFA1CD4EC552-FollowerState] INFO  impl.RoleInfo (RoleInfo.java:shutdownFollowerState(110)) - 2bd728a8-2257-45fc-a304-d79856c752fc: shutdown 2bd728a8-2257-45fc-a304-d79856c752fc@group-FFA1CD4EC552-FollowerState
2024-05-06 09:04:39,439 [2bd728a8-2257-45fc-a304-d79856c752fc@group-FFA1CD4EC552-FollowerState] INFO  server.RaftServer$Division (RaftServerImpl.java:setRole(383)) - 2bd728a8-2257-45fc-a304-d79856c752fc@group-FFA1CD4EC552: changes role from  FOLLOWER to CANDIDATE at term 1 for changeToCandidate
2024-05-06 09:04:39,440 [2bd728a8-2257-45fc-a304-d79856c752fc@group-FFA1CD4EC552-FollowerState] INFO  server.RaftServerConfigKeys (ConfUtils.java:logGet(46)) - raft.server.leaderelection.pre-vote = true (default)
2024-05-06 09:04:39,440 [2bd728a8-2257-45fc-a304-d79856c752fc@group-FFA1CD4EC552-FollowerState] INFO  impl.RoleInfo (RoleInfo.java:updateAndGet(139)) - 2bd728a8-2257-45fc-a304-d79856c752fc: start 2bd728a8-2257-45fc-a304-d79856c752fc@group-FFA1CD4EC552-LeaderElection31
2024-05-06 09:04:39,440 [2bd728a8-2257-45fc-a304-d79856c752fc@group-FFA1CD4EC552-LeaderElection31] INFO  server.RaftServer$Division (ServerState.java:setLeader(269)) - 2bd728a8-2257-45fc-a304-d79856c752fc@group-FFA1CD4EC552: change Leader from 0e9e7d01-6cef-4822-a23d-4188eb8fb4d0 to null at term 1 for PRE_VOTE
2024-05-06 09:04:39,440 [2bd728a8-2257-45fc-a304-d79856c752fc@group-FFA1CD4EC552-LeaderElection31] INFO  impl.LeaderElection (LeaderElection.java:askForVotes(321)) - 2bd728a8-2257-45fc-a304-d79856c752fc@group-FFA1CD4EC552-LeaderElection31 PRE_VOTE round 0: submit vote requests at term 1 for 0: peers:[0e9e7d01-6cef-4822-a23d-4188eb8fb4d0|127.0.0.1:15085, 90b7064f-8397-4c9e-a509-54ea80c9149b|127.0.0.1:15067, 2bd728a8-2257-45fc-a304-d79856c752fc|127.0.0.1:15094]|listeners:[], old=null
2024-05-06 09:04:39,440 [2bd728a8-2257-45fc-a304-d79856c752fc@group-FFA1CD4EC552-LeaderElection31-2] INFO  server.GrpcServerProtocolClient (GrpcServerProtocolClient.java:<init>(65)) - Build channel for 90b7064f-8397-4c9e-a509-54ea80c9149b|127.0.0.1:15067
2024-05-06 09:04:39,441 [2bd728a8-2257-45fc-a304-d79856c752fc@group-FFA1CD4EC552-LeaderElection31] INFO  impl.LeaderElection (LogUtils.java:infoOrTrace(136)) - 2bd728a8-2257-45fc-a304-d79856c752fc@group-FFA1CD4EC552-LeaderElection31 got exception when requesting votes: java.util.concurrent.ExecutionException: org.apache.ratis.thirdparty.io.grpc.StatusRuntimeException: UNAVAILABLE: io exception
2024-05-06 09:04:39,444 [grpc-default-executor-15] WARN  server.GrpcServerProtocolService (LogUtils.java:warn(123)) - 90b7064f-8397-4c9e-a509-54ea80c9149b: Failed requestVote 2bd728a8-2257-45fc-a304-d79856c752fc->90b7064f-8397-4c9e-a509-54ea80c9149b#0
org.apache.ratis.protocol.exceptions.GroupMismatchException: 90b7064f-8397-4c9e-a509-54ea80c9149b: group-FFA1CD4EC552 not found.
	at org.apache.ratis.server.impl.RaftServerProxy$ImplMap.get(RaftServerProxy.java:154)
	at org.apache.ratis.server.impl.RaftServerProxy.getImplFuture(RaftServerProxy.java:364)
	at org.apache.ratis.server.impl.RaftServerProxy.getImpl(RaftServerProxy.java:373)
	at org.apache.ratis.server.impl.RaftServerProxy.getImpl(RaftServerProxy.java:368)
	at org.apache.ratis.server.impl.RaftServerProxy.requestVote(RaftServerProxy.java:632)
	at org.apache.ratis.grpc.server.GrpcServerProtocolService.requestVote(GrpcServerProtocolService.java:192)
	at org.apache.ratis.proto.grpc.RaftServerProtocolServiceGrpc$MethodHandlers.invoke(RaftServerProtocolServiceGrpc.java:428)
	at org.apache.ratis.thirdparty.io.grpc.stub.ServerCalls$UnaryServerCallHandler$UnaryServerCallListener.onHalfClose(ServerCalls.java:182)
	at org.apache.ratis.thirdparty.io.grpc.PartialForwardingServerCallListener.onHalfClose(PartialForwardingServerCallListener.java:35)
	at org.apache.ratis.thirdparty.io.grpc.ForwardingServerCallListener.onHalfClose(ForwardingServerCallListener.java:23)
	at org.apache.ratis.thirdparty.io.grpc.internal.ServerCallImpl$ServerStreamListenerImpl.halfClosed(ServerCallImpl.java:351)
	at org.apache.ratis.thirdparty.io.grpc.internal.ServerImpl$JumpToApplicationThreadServerStreamListener$1HalfClosed.runInContext(ServerImpl.java:860)
	at org.apache.ratis.thirdparty.io.grpc.internal.ContextRunnable.run(ContextRunnable.java:37)
	at org.apache.ratis.thirdparty.io.grpc.internal.SerializingExecutor.run(SerializingExecutor.java:133)
	at java.base/java.util.concurrent.ThreadPoolExecutor.runWorker(ThreadPoolExecutor.java:1136)
	at java.base/java.util.concurrent.ThreadPoolExecutor$Worker.run(ThreadPoolExecutor.java:635)
	at java.base/java.lang.Thread.run(Thread.java:840)
2024-05-06 09:04:39,446 [2bd728a8-2257-45fc-a304-d79856c752fc@group-FFA1CD4EC552-LeaderElection31] INFO  impl.LeaderElection (LogUtils.java:infoOrTrace(136)) - 2bd728a8-2257-45fc-a304-d79856c752fc@group-FFA1CD4EC552-LeaderElection31 got exception when requesting votes: java.util.concurrent.ExecutionException: org.apache.ratis.thirdparty.io.grpc.StatusRuntimeException: INTERNAL: 90b7064f-8397-4c9e-a509-54ea80c9149b: group-FFA1CD4EC552 not found.
2024-05-06 09:04:39,446 [2bd728a8-2257-45fc-a304-d79856c752fc@group-FFA1CD4EC552-LeaderElection31] INFO  impl.LeaderElection (LeaderElection.java:logAndReturn(89)) - 2bd728a8-2257-45fc-a304-d79856c752fc@group-FFA1CD4EC552-LeaderElection31: PRE_VOTE REJECTED received 0 response(s) and 2 exception(s):
2024-05-06 09:04:39,446 [2bd728a8-2257-45fc-a304-d79856c752fc@group-FFA1CD4EC552-LeaderElection31] INFO  impl.LeaderElection (LogUtils.java:infoOrTrace(136)) -   Exception 0: java.util.concurrent.ExecutionException: org.apache.ratis.thirdparty.io.grpc.StatusRuntimeException: UNAVAILABLE: io exception
2024-05-06 09:04:39,446 [2bd728a8-2257-45fc-a304-d79856c752fc@group-FFA1CD4EC552-LeaderElection31] INFO  impl.LeaderElection (LogUtils.java:infoOrTrace(136)) -   Exception 1: java.util.concurrent.ExecutionException: org.apache.ratis.thirdparty.io.grpc.StatusRuntimeException: INTERNAL: 90b7064f-8397-4c9e-a509-54ea80c9149b: group-FFA1CD4EC552 not found.
2024-05-06 09:04:39,446 [2bd728a8-2257-45fc-a304-d79856c752fc@group-FFA1CD4EC552-LeaderElection31] INFO  impl.LeaderElection (LeaderElection.java:askForVotes(323)) - 2bd728a8-2257-45fc-a304-d79856c752fc@group-FFA1CD4EC552-LeaderElection31 PRE_VOTE round 0: result REJECTED
2024-05-06 09:04:39,446 [2bd728a8-2257-45fc-a304-d79856c752fc@group-FFA1CD4EC552-LeaderElection31] INFO  server.RaftServer$Division (RaftServerImpl.java:setRole(383)) - 2bd728a8-2257-45fc-a304-d79856c752fc@group-FFA1CD4EC552: changes role from CANDIDATE to FOLLOWER at term 1 for REJECTED
2024-05-06 09:04:39,446 [2bd728a8-2257-45fc-a304-d79856c752fc@group-FFA1CD4EC552-LeaderElection31] INFO  impl.RoleInfo (RoleInfo.java:shutdownLeaderElection(130)) - 2bd728a8-2257-45fc-a304-d79856c752fc: shutdown 2bd728a8-2257-45fc-a304-d79856c752fc@group-FFA1CD4EC552-LeaderElection31
2024-05-06 09:04:39,447 [2bd728a8-2257-45fc-a304-d79856c752fc@group-FFA1CD4EC552-LeaderElection31] INFO  impl.RoleInfo (RoleInfo.java:updateAndGet(139)) - 2bd728a8-2257-45fc-a304-d79856c752fc: start 2bd728a8-2257-45fc-a304-d79856c752fc@group-FFA1CD4EC552-FollowerState
2024-05-06 09:04:40,169 [2bd728a8-2257-45fc-a304-d79856c752fc-PipelineCommandHandlerThread-0] INFO  server.RaftServer (RaftServerProxy.java:remove(111)) - 2bd728a8-2257-45fc-a304-d79856c752fc: remove  FOLLOWER 2bd728a8-2257-45fc-a304-d79856c752fc@group-FFA1CD4EC552:t1, leader=null, voted=0e9e7d01-6cef-4822-a23d-4188eb8fb4d0, raftlog=Memoized:2bd728a8-2257-45fc-a304-d79856c752fc@group-FFA1CD4EC552-SegmentedRaftLog:OPENED:c0, conf=0: peers:[0e9e7d01-6cef-4822-a23d-4188eb8fb4d0|127.0.0.1:15085, 90b7064f-8397-4c9e-a509-54ea80c9149b|127.0.0.1:15067, 2bd728a8-2257-45fc-a304-d79856c752fc|127.0.0.1:15094]|listeners:[], old=null RUNNING
2024-05-06 09:04:40,169 [2bd728a8-2257-45fc-a304-d79856c752fc-PipelineCommandHandlerThread-0] INFO  server.RaftServer$Division (RaftServerImpl.java:lambda$close$3(526)) - 2bd728a8-2257-45fc-a304-d79856c752fc@group-FFA1CD4EC552: shutdown
2024-05-06 09:04:40,169 [2bd728a8-2257-45fc-a304-d79856c752fc-PipelineCommandHandlerThread-0] INFO  util.JmxRegister (JmxRegister.java:unregister(73)) - Successfully un-registered JMX Bean with object name Ratis:service=RaftServer,group=group-FFA1CD4EC552,id=2bd728a8-2257-45fc-a304-d79856c752fc
2024-05-06 09:04:40,169 [2bd728a8-2257-45fc-a304-d79856c752fc-PipelineCommandHandlerThread-0] INFO  impl.RoleInfo (RoleInfo.java:shutdownFollowerState(110)) - 2bd728a8-2257-45fc-a304-d79856c752fc: shutdown 2bd728a8-2257-45fc-a304-d79856c752fc@group-FFA1CD4EC552-FollowerState
2024-05-06 09:04:40,169 [2bd728a8-2257-45fc-a304-d79856c752fc-PipelineCommandHandlerThread-0] INFO  impl.StateMachineUpdater (StateMachineUpdater.java:stopAndJoin(157)) - 2bd728a8-2257-45fc-a304-d79856c752fc@group-FFA1CD4EC552-StateMachineUpdater: set stopIndex = 0
2024-05-06 09:04:40,170 [2bd728a8-2257-45fc-a304-d79856c752fc@group-FFA1CD4EC552-StateMachineUpdater] INFO  ratis.ContainerStateMachine (ContainerStateMachine.java:takeSnapshot(355)) - group-FFA1CD4EC552: Taking a snapshot at:(t:1, i:0) file /home/runner/work/ozone/ozone/hadoop-ozone/integration-test/target/test-dir/MiniOzoneClusterImpl-f8a20603-669c-41d5-94ea-e080bd68b2ef/ozone-meta/datanode-4/ratis/24bfffb9-f71d-40ca-a219-ffa1cd4ec552/sm/snapshot.1_0
2024-05-06 09:04:40,170 [2bd728a8-2257-45fc-a304-d79856c752fc@group-FFA1CD4EC552-StateMachineUpdater] INFO  ratis.ContainerStateMachine (ContainerStateMachine.java:takeSnapshot(366)) - group-FFA1CD4EC552: Finished taking a snapshot at:(t:1, i:0) file:/home/runner/work/ozone/ozone/hadoop-ozone/integration-test/target/test-dir/MiniOzoneClusterImpl-f8a20603-669c-41d5-94ea-e080bd68b2ef/ozone-meta/datanode-4/ratis/24bfffb9-f71d-40ca-a219-ffa1cd4ec552/sm/snapshot.1_0 took: 1 ms
2024-05-06 09:04:40,170 [2bd728a8-2257-45fc-a304-d79856c752fc@group-FFA1CD4EC552-FollowerState] INFO  impl.FollowerState (FollowerState.java:run(152)) - 2bd728a8-2257-45fc-a304-d79856c752fc@group-FFA1CD4EC552-FollowerState was interrupted
2024-05-06 09:04:40,170 [2bd728a8-2257-45fc-a304-d79856c752fc@group-FFA1CD4EC552-StateMachineUpdater] INFO  impl.StateMachineUpdater (StateMachineUpdater.java:takeSnapshot(295)) - 2bd728a8-2257-45fc-a304-d79856c752fc@group-FFA1CD4EC552-StateMachineUpdater: Took a snapshot at index 0
2024-05-06 09:04:40,170 [2bd728a8-2257-45fc-a304-d79856c752fc@group-FFA1CD4EC552-StateMachineUpdater] INFO  impl.StateMachineUpdater (StateMachineUpdater.java:lambda$new$0(98)) - 2bd728a8-2257-45fc-a304-d79856c752fc@group-FFA1CD4EC552-StateMachineUpdater: snapshotIndex: updateIncreasingly -1 -> 0
2024-05-06 09:04:40,171 [2bd728a8-2257-45fc-a304-d79856c752fc-PipelineCommandHandlerThread-0] INFO  server.RaftServer$Division (ServerState.java:close(427)) - 2bd728a8-2257-45fc-a304-d79856c752fc@group-FFA1CD4EC552: applyIndex: 0
2024-05-06 09:04:40,171 [2bd728a8-2257-45fc-a304-d79856c752fc@group-FFA1CD4EC552-cacheEviction-AwaitToRun] INFO  util.AwaitToRun (AwaitToRun.java:run(49)) - 2bd728a8-2257-45fc-a304-d79856c752fc@group-FFA1CD4EC552-cacheEviction-AwaitToRun-AwaitForSignal is interrupted
2024-05-06 09:04:40,195 [fa7233c5-99c6-4a1a-a2f1-81d332223322-PipelineCommandHandlerThread-0] INFO  segmented.SegmentedRaftLogWorker (SegmentedRaftLogWorker.java:close(245)) - fa7233c5-99c6-4a1a-a2f1-81d332223322@group-DFBFD2CD5EB9-SegmentedRaftLogWorker close()
2024-05-06 09:04:40,195 [2bd728a8-2257-45fc-a304-d79856c752fc-PipelineCommandHandlerThread-0] INFO  segmented.SegmentedRaftLogWorker (SegmentedRaftLogWorker.java:close(245)) - 2bd728a8-2257-45fc-a304-d79856c752fc@group-FFA1CD4EC552-SegmentedRaftLogWorker close()
2024-05-06 09:04:40,196 [fa7233c5-99c6-4a1a-a2f1-81d332223322-PipelineCommandHandlerThread-0] INFO  server.RaftServer$Division (RaftServerImpl.java:groupRemove(496)) - fa7233c5-99c6-4a1a-a2f1-81d332223322@group-DFBFD2CD5EB9: Succeed to remove RaftStorageDirectory Storage Directory /home/runner/work/ozone/ozone/hadoop-ozone/integration-test/target/test-dir/MiniOzoneClusterImpl-f8a20603-669c-41d5-94ea-e080bd68b2ef/ozone-meta/datanode-5/ratis/d0d47bde-0ccd-412d-ba0a-dfbfd2cd5eb9
2024-05-06 09:04:40,196 [fa7233c5-99c6-4a1a-a2f1-81d332223322-PipelineCommandHandlerThread-0] ERROR commandhandler.ClosePipelineCommandHandler (ClosePipelineCommandHandler.java:lambda$handle$2(137)) - Can't close pipeline PipelineID=d0d47bde-0ccd-412d-ba0a-dfbfd2cd5eb9
org.apache.ratis.protocol.exceptions.GroupMismatchException: fa7233c5-99c6-4a1a-a2f1-81d332223322: group-DFBFD2CD5EB9 not found.
	at org.apache.ratis.server.impl.RaftServerProxy$ImplMap.get(RaftServerProxy.java:154)
	at org.apache.ratis.server.impl.RaftServerProxy.getImplFuture(RaftServerProxy.java:364)
	at org.apache.ratis.server.impl.RaftServerProxy.getImpl(RaftServerProxy.java:373)
	at org.apache.ratis.server.impl.RaftServerProxy.getDivision(RaftServerProxy.java:386)
	at org.apache.hadoop.ozone.container.common.transport.server.ratis.XceiverServerRatis.getRaftPeersInPipeline(XceiverServerRatis.java:951)
	at org.apache.hadoop.ozone.container.common.statemachine.commandhandler.ClosePipelineCommandHandler.lambda$handle$2(ClosePipelineCommandHandler.java:114)
	at java.base/java.util.concurrent.CompletableFuture$AsyncRun.run(CompletableFuture.java:1804)
	at java.base/java.util.concurrent.ThreadPoolExecutor.runWorker(ThreadPoolExecutor.java:1136)
	at java.base/java.util.concurrent.ThreadPoolExecutor$Worker.run(ThreadPoolExecutor.java:635)
	at java.base/java.lang.Thread.run(Thread.java:840)
2024-05-06 09:04:40,196 [fa7233c5-99c6-4a1a-a2f1-81d332223322-PipelineCommandHandlerThread-0] INFO  server.RaftServer (RaftServerProxy.java:remove(111)) - fa7233c5-99c6-4a1a-a2f1-81d332223322: remove  FOLLOWER fa7233c5-99c6-4a1a-a2f1-81d332223322@group-572E3B93379D:t1, leader=90b7064f-8397-4c9e-a509-54ea80c9149b, voted=90b7064f-8397-4c9e-a509-54ea80c9149b, raftlog=Memoized:fa7233c5-99c6-4a1a-a2f1-81d332223322@group-572E3B93379D-SegmentedRaftLog:OPENED:c0, conf=0: peers:[0e9e7d01-6cef-4822-a23d-4188eb8fb4d0|127.0.0.1:15085, fa7233c5-99c6-4a1a-a2f1-81d332223322|127.0.0.1:15103, 90b7064f-8397-4c9e-a509-54ea80c9149b|127.0.0.1:15067]|listeners:[], old=null RUNNING
2024-05-06 09:04:40,196 [fa7233c5-99c6-4a1a-a2f1-81d332223322-PipelineCommandHandlerThread-0] INFO  server.RaftServer$Division (RaftServerImpl.java:lambda$close$3(526)) - fa7233c5-99c6-4a1a-a2f1-81d332223322@group-572E3B93379D: shutdown
2024-05-06 09:04:40,196 [fa7233c5-99c6-4a1a-a2f1-81d332223322-PipelineCommandHandlerThread-0] INFO  util.JmxRegister (JmxRegister.java:unregister(73)) - Successfully un-registered JMX Bean with object name Ratis:service=RaftServer,group=group-572E3B93379D,id=fa7233c5-99c6-4a1a-a2f1-81d332223322
2024-05-06 09:04:40,196 [fa7233c5-99c6-4a1a-a2f1-81d332223322-PipelineCommandHandlerThread-0] INFO  impl.RoleInfo (RoleInfo.java:shutdownFollowerState(110)) - fa7233c5-99c6-4a1a-a2f1-81d332223322: shutdown fa7233c5-99c6-4a1a-a2f1-81d332223322@group-572E3B93379D-FollowerState
2024-05-06 09:04:40,196 [fa7233c5-99c6-4a1a-a2f1-81d332223322-PipelineCommandHandlerThread-0] INFO  impl.StateMachineUpdater (StateMachineUpdater.java:stopAndJoin(157)) - fa7233c5-99c6-4a1a-a2f1-81d332223322@group-572E3B93379D-StateMachineUpdater: set stopIndex = 0
2024-05-06 09:04:40,196 [fa7233c5-99c6-4a1a-a2f1-81d332223322@group-572E3B93379D-StateMachineUpdater] INFO  ratis.ContainerStateMachine (ContainerStateMachine.java:takeSnapshot(355)) - group-572E3B93379D: Taking a snapshot at:(t:1, i:0) file /home/runner/work/ozone/ozone/hadoop-ozone/integration-test/target/test-dir/MiniOzoneClusterImpl-f8a20603-669c-41d5-94ea-e080bd68b2ef/ozone-meta/datanode-5/ratis/209a26b5-cef4-449e-ba4b-572e3b93379d/sm/snapshot.1_0
2024-05-06 09:04:40,196 [fa7233c5-99c6-4a1a-a2f1-81d332223322@group-572E3B93379D-FollowerState] INFO  impl.FollowerState (FollowerState.java:run(152)) - fa7233c5-99c6-4a1a-a2f1-81d332223322@group-572E3B93379D-FollowerState was interrupted
2024-05-06 09:04:40,197 [fa7233c5-99c6-4a1a-a2f1-81d332223322@group-572E3B93379D-StateMachineUpdater] INFO  ratis.ContainerStateMachine (ContainerStateMachine.java:takeSnapshot(366)) - group-572E3B93379D: Finished taking a snapshot at:(t:1, i:0) file:/home/runner/work/ozone/ozone/hadoop-ozone/integration-test/target/test-dir/MiniOzoneClusterImpl-f8a20603-669c-41d5-94ea-e080bd68b2ef/ozone-meta/datanode-5/ratis/209a26b5-cef4-449e-ba4b-572e3b93379d/sm/snapshot.1_0 took: 1 ms
2024-05-06 09:04:40,197 [fa7233c5-99c6-4a1a-a2f1-81d332223322@group-572E3B93379D-StateMachineUpdater] INFO  impl.StateMachineUpdater (StateMachineUpdater.java:takeSnapshot(295)) - fa7233c5-99c6-4a1a-a2f1-81d332223322@group-572E3B93379D-StateMachineUpdater: Took a snapshot at index 0
2024-05-06 09:04:40,197 [2bd728a8-2257-45fc-a304-d79856c752fc-PipelineCommandHandlerThread-0] INFO  server.RaftServer$Division (RaftServerImpl.java:groupRemove(496)) - 2bd728a8-2257-45fc-a304-d79856c752fc@group-FFA1CD4EC552: Succeed to remove RaftStorageDirectory Storage Directory /home/runner/work/ozone/ozone/hadoop-ozone/integration-test/target/test-dir/MiniOzoneClusterImpl-f8a20603-669c-41d5-94ea-e080bd68b2ef/ozone-meta/datanode-4/ratis/24bfffb9-f71d-40ca-a219-ffa1cd4ec552
2024-05-06 09:04:40,197 [fa7233c5-99c6-4a1a-a2f1-81d332223322@group-572E3B93379D-StateMachineUpdater] INFO  impl.StateMachineUpdater (StateMachineUpdater.java:lambda$new$0(98)) - fa7233c5-99c6-4a1a-a2f1-81d332223322@group-572E3B93379D-StateMachineUpdater: snapshotIndex: updateIncreasingly -1 -> 0
2024-05-06 09:04:40,197 [fa7233c5-99c6-4a1a-a2f1-81d332223322-PipelineCommandHandlerThread-0] INFO  server.RaftServer$Division (ServerState.java:close(427)) - fa7233c5-99c6-4a1a-a2f1-81d332223322@group-572E3B93379D: applyIndex: 0
2024-05-06 09:04:40,198 [fa7233c5-99c6-4a1a-a2f1-81d332223322@group-572E3B93379D-cacheEviction-AwaitToRun] INFO  util.AwaitToRun (AwaitToRun.java:run(49)) - fa7233c5-99c6-4a1a-a2f1-81d332223322@group-572E3B93379D-cacheEviction-AwaitToRun-AwaitForSignal is interrupted
2024-05-06 09:04:40,197 [2bd728a8-2257-45fc-a304-d79856c752fc-PipelineCommandHandlerThread-0] ERROR commandhandler.ClosePipelineCommandHandler (ClosePipelineCommandHandler.java:lambda$handle$2(137)) - Can't close pipeline PipelineID=24bfffb9-f71d-40ca-a219-ffa1cd4ec552
org.apache.ratis.protocol.exceptions.GroupMismatchException: 2bd728a8-2257-45fc-a304-d79856c752fc: group-FFA1CD4EC552 not found.
	at org.apache.ratis.server.impl.RaftServerProxy$ImplMap.get(RaftServerProxy.java:154)
	at org.apache.ratis.server.impl.RaftServerProxy.getImplFuture(RaftServerProxy.java:364)
	at org.apache.ratis.server.impl.RaftServerProxy.getImpl(RaftServerProxy.java:373)
	at org.apache.ratis.server.impl.RaftServerProxy.getDivision(RaftServerProxy.java:386)
	at org.apache.hadoop.ozone.container.common.transport.server.ratis.XceiverServerRatis.getRaftPeersInPipeline(XceiverServerRatis.java:951)
	at org.apache.hadoop.ozone.container.common.statemachine.commandhandler.ClosePipelineCommandHandler.lambda$handle$2(ClosePipelineCommandHandler.java:114)
	at java.base/java.util.concurrent.CompletableFuture$AsyncRun.run(CompletableFuture.java:1804)
	at java.base/java.util.concurrent.ThreadPoolExecutor.runWorker(ThreadPoolExecutor.java:1136)
	at java.base/java.util.concurrent.ThreadPoolExecutor$Worker.run(ThreadPoolExecutor.java:635)
	at java.base/java.lang.Thread.run(Thread.java:840)
2024-05-06 09:04:40,198 [2bd728a8-2257-45fc-a304-d79856c752fc-PipelineCommandHandlerThread-0] INFO  server.RaftServer (RaftServerProxy.java:remove(111)) - 2bd728a8-2257-45fc-a304-d79856c752fc: remove    LEADER 2bd728a8-2257-45fc-a304-d79856c752fc@group-DFBFD2CD5EB9:t1, leader=2bd728a8-2257-45fc-a304-d79856c752fc, voted=2bd728a8-2257-45fc-a304-d79856c752fc, raftlog=Memoized:2bd728a8-2257-45fc-a304-d79856c752fc@group-DFBFD2CD5EB9-SegmentedRaftLog:OPENED:c0, conf=0: peers:[0e9e7d01-6cef-4822-a23d-4188eb8fb4d0|127.0.0.1:15085, fa7233c5-99c6-4a1a-a2f1-81d332223322|127.0.0.1:15103, 2bd728a8-2257-45fc-a304-d79856c752fc|127.0.0.1:15094]|listeners:[], old=null RUNNING
2024-05-06 09:04:40,198 [2bd728a8-2257-45fc-a304-d79856c752fc-PipelineCommandHandlerThread-0] INFO  server.RaftServer$Division (RaftServerImpl.java:lambda$close$3(526)) - 2bd728a8-2257-45fc-a304-d79856c752fc@group-DFBFD2CD5EB9: shutdown
2024-05-06 09:04:40,198 [2bd728a8-2257-45fc-a304-d79856c752fc-PipelineCommandHandlerThread-0] INFO  util.JmxRegister (JmxRegister.java:unregister(73)) - Successfully un-registered JMX Bean with object name Ratis:service=RaftServer,group=group-DFBFD2CD5EB9,id=2bd728a8-2257-45fc-a304-d79856c752fc
2024-05-06 09:04:40,198 [2bd728a8-2257-45fc-a304-d79856c752fc-PipelineCommandHandlerThread-0] INFO  impl.RoleInfo (RoleInfo.java:shutdownLeaderState(94)) - 2bd728a8-2257-45fc-a304-d79856c752fc: shutdown 2bd728a8-2257-45fc-a304-d79856c752fc@group-DFBFD2CD5EB9-LeaderStateImpl
2024-05-06 09:04:40,198 [2bd728a8-2257-45fc-a304-d79856c752fc@group-DFBFD2CD5EB9->0e9e7d01-6cef-4822-a23d-4188eb8fb4d0-GrpcLogAppender-LogAppenderDaemon] WARN  server.GrpcLogAppender (GrpcLogAppender.java:mayWait(289)) - 2bd728a8-2257-45fc-a304-d79856c752fc@group-DFBFD2CD5EB9->0e9e7d01-6cef-4822-a23d-4188eb8fb4d0-GrpcLogAppender: Wait interrupted by java.lang.InterruptedException
2024-05-06 09:04:40,198 [2bd728a8-2257-45fc-a304-d79856c752fc@group-DFBFD2CD5EB9->fa7233c5-99c6-4a1a-a2f1-81d332223322-GrpcLogAppender-LogAppenderDaemon] WARN  server.GrpcLogAppender (GrpcLogAppender.java:mayWait(289)) - 2bd728a8-2257-45fc-a304-d79856c752fc@group-DFBFD2CD5EB9->fa7233c5-99c6-4a1a-a2f1-81d332223322-GrpcLogAppender: Wait interrupted by java.lang.InterruptedException
2024-05-06 09:04:40,198 [2bd728a8-2257-45fc-a304-d79856c752fc-PipelineCommandHandlerThread-0] INFO  impl.PendingRequests (PendingRequests.java:sendNotLeaderResponses(289)) - 2bd728a8-2257-45fc-a304-d79856c752fc@group-DFBFD2CD5EB9-PendingRequests: sendNotLeaderResponses
2024-05-06 09:04:40,199 [2bd728a8-2257-45fc-a304-d79856c752fc-PipelineCommandHandlerThread-0] INFO  impl.StateMachineUpdater (StateMachineUpdater.java:stopAndJoin(157)) - 2bd728a8-2257-45fc-a304-d79856c752fc@group-DFBFD2CD5EB9-StateMachineUpdater: set stopIndex = 0
2024-05-06 09:04:40,199 [grpc-default-executor-15] INFO  server.GrpcServerProtocolService (GrpcServerProtocolService.java:onCompleted(157)) - fa7233c5-99c6-4a1a-a2f1-81d332223322: Completed APPEND_ENTRIES, lastRequest: 2bd728a8-2257-45fc-a304-d79856c752fc->fa7233c5-99c6-4a1a-a2f1-81d332223322#1-t1,previous=(t:0, i:0),leaderCommit=-1,initializing? false,entries: size=1, first=(t:1, i:0), CONFIGURATIONENTRY(current:id: "0e9e7d01-6cef-4822-a23d-4188eb8fb4d0"
address: "127.0.0.1:15085"
dataStreamAddress: "127.0.0.1:15086"
clientAddress: "127.0.0.1:15083"
adminAddress: "127.0.0.1:15084"
startupRole: FOLLOWER
,id: "fa7233c5-99c6-4a1a-a2f1-81d332223322"
address: "127.0.0.1:15103"
dataStreamAddress: "127.0.0.1:15104"
clientAddress: "127.0.0.1:15101"
adminAddress: "127.0.0.1:15102"
startupRole: FOLLOWER
,id: "2bd728a8-2257-45fc-a304-d79856c752fc"
address: "127.0.0.1:15094"
priority: 1
dataStreamAddress: "127.0.0.1:15095"
clientAddress: "127.0.0.1:15092"
adminAddress: "127.0.0.1:15093"
startupRole: FOLLOWER
, old:)
2024-05-06 09:04:40,199 [grpc-default-executor-15] INFO  server.GrpcServerProtocolService (GrpcServerProtocolService.java:lambda$onCompleted$5(159)) - fa7233c5-99c6-4a1a-a2f1-81d332223322: Completed APPEND_ENTRIES, lastReply: null
2024-05-06 09:04:40,199 [grpc-default-executor-17] INFO  server.GrpcServerProtocolService (GrpcServerProtocolService.java:onCompleted(157)) - fa7233c5-99c6-4a1a-a2f1-81d332223322: Completed APPEND_ENTRIES, lastRequest: null
2024-05-06 09:04:40,200 [grpc-default-executor-17] INFO  server.GrpcServerProtocolService (GrpcServerProtocolService.java:lambda$onCompleted$5(159)) - fa7233c5-99c6-4a1a-a2f1-81d332223322: Completed APPEND_ENTRIES, lastReply: serverReply {
  requestorId: "2bd728a8-2257-45fc-a304-d79856c752fc"
  replyId: "fa7233c5-99c6-4a1a-a2f1-81d332223322"
  raftGroupId {
    id: "\320\324{\336\f\315A-\272\n\337\277\322\315^\271"
  }
  callId: 80
  success: true
}
term: 1
nextIndex: 1
matchIndex: 18446744073709551615
isHearbeat: true

2024-05-06 09:04:40,200 [2bd728a8-2257-45fc-a304-d79856c752fc@group-DFBFD2CD5EB9-StateMachineUpdater] INFO  ratis.ContainerStateMachine (ContainerStateMachine.java:takeSnapshot(355)) - group-DFBFD2CD5EB9: Taking a snapshot at:(t:1, i:0) file /home/runner/work/ozone/ozone/hadoop-ozone/integration-test/target/test-dir/MiniOzoneClusterImpl-f8a20603-669c-41d5-94ea-e080bd68b2ef/ozone-meta/datanode-4/ratis/d0d47bde-0ccd-412d-ba0a-dfbfd2cd5eb9/sm/snapshot.1_0
2024-05-06 09:04:40,201 [2bd728a8-2257-45fc-a304-d79856c752fc@group-DFBFD2CD5EB9-StateMachineUpdater] INFO  ratis.ContainerStateMachine (ContainerStateMachine.java:takeSnapshot(366)) - group-DFBFD2CD5EB9: Finished taking a snapshot at:(t:1, i:0) file:/home/runner/work/ozone/ozone/hadoop-ozone/integration-test/target/test-dir/MiniOzoneClusterImpl-f8a20603-669c-41d5-94ea-e080bd68b2ef/ozone-meta/datanode-4/ratis/d0d47bde-0ccd-412d-ba0a-dfbfd2cd5eb9/sm/snapshot.1_0 took: 0 ms
2024-05-06 09:04:40,201 [grpc-default-executor-17] INFO  server.GrpcLogAppender (GrpcLogAppender.java:onCompleted(546)) - 2bd728a8-2257-45fc-a304-d79856c752fc@group-DFBFD2CD5EB9->fa7233c5-99c6-4a1a-a2f1-81d332223322-AppendLogResponseHandler: follower responses appendEntries COMPLETED
2024-05-06 09:04:40,201 [grpc-default-executor-17] INFO  server.GrpcLogAppender (GrpcLogAppender.java:onCompleted(546)) - 2bd728a8-2257-45fc-a304-d79856c752fc@group-DFBFD2CD5EB9->fa7233c5-99c6-4a1a-a2f1-81d332223322-AppendLogResponseHandler: follower responses appendEntries COMPLETED
2024-05-06 09:04:40,201 [2bd728a8-2257-45fc-a304-d79856c752fc@group-DFBFD2CD5EB9-StateMachineUpdater] INFO  impl.StateMachineUpdater (StateMachineUpdater.java:takeSnapshot(295)) - 2bd728a8-2257-45fc-a304-d79856c752fc@group-DFBFD2CD5EB9-StateMachineUpdater: Took a snapshot at index 0
2024-05-06 09:04:40,201 [2bd728a8-2257-45fc-a304-d79856c752fc@group-DFBFD2CD5EB9-StateMachineUpdater] INFO  impl.StateMachineUpdater (StateMachineUpdater.java:lambda$new$0(98)) - 2bd728a8-2257-45fc-a304-d79856c752fc@group-DFBFD2CD5EB9-StateMachineUpdater: snapshotIndex: updateIncreasingly -1 -> 0
2024-05-06 09:04:40,201 [2bd728a8-2257-45fc-a304-d79856c752fc-PipelineCommandHandlerThread-0] INFO  server.RaftServer$Division (ServerState.java:close(427)) - 2bd728a8-2257-45fc-a304-d79856c752fc@group-DFBFD2CD5EB9: applyIndex: 0
2024-05-06 09:04:40,202 [2bd728a8-2257-45fc-a304-d79856c752fc@group-DFBFD2CD5EB9-cacheEviction-AwaitToRun] INFO  util.AwaitToRun (AwaitToRun.java:run(49)) - 2bd728a8-2257-45fc-a304-d79856c752fc@group-DFBFD2CD5EB9-cacheEviction-AwaitToRun-AwaitForSignal is interrupted
2024-05-06 09:04:40,237 [fa7233c5-99c6-4a1a-a2f1-81d332223322-PipelineCommandHandlerThread-0] INFO  segmented.SegmentedRaftLogWorker (SegmentedRaftLogWorker.java:close(245)) - fa7233c5-99c6-4a1a-a2f1-81d332223322@group-572E3B93379D-SegmentedRaftLogWorker close()
2024-05-06 09:04:40,237 [fa7233c5-99c6-4a1a-a2f1-81d332223322-PipelineCommandHandlerThread-0] INFO  server.RaftServer$Division (RaftServerImpl.java:groupRemove(496)) - fa7233c5-99c6-4a1a-a2f1-81d332223322@group-572E3B93379D: Succeed to remove RaftStorageDirectory Storage Directory /home/runner/work/ozone/ozone/hadoop-ozone/integration-test/target/test-dir/MiniOzoneClusterImpl-f8a20603-669c-41d5-94ea-e080bd68b2ef/ozone-meta/datanode-5/ratis/209a26b5-cef4-449e-ba4b-572e3b93379d
2024-05-06 09:04:40,238 [fa7233c5-99c6-4a1a-a2f1-81d332223322-PipelineCommandHandlerThread-0] ERROR commandhandler.ClosePipelineCommandHandler (ClosePipelineCommandHandler.java:lambda$handle$2(137)) - Can't close pipeline PipelineID=209a26b5-cef4-449e-ba4b-572e3b93379d
org.apache.ratis.protocol.exceptions.GroupMismatchException: fa7233c5-99c6-4a1a-a2f1-81d332223322: group-572E3B93379D not found.
	at org.apache.ratis.server.impl.RaftServerProxy$ImplMap.get(RaftServerProxy.java:154)
	at org.apache.ratis.server.impl.RaftServerProxy.getImplFuture(RaftServerProxy.java:364)
	at org.apache.ratis.server.impl.RaftServerProxy.getImpl(RaftServerProxy.java:373)
	at org.apache.ratis.server.impl.RaftServerProxy.getDivision(RaftServerProxy.java:386)
	at org.apache.hadoop.ozone.container.common.transport.server.ratis.XceiverServerRatis.getRaftPeersInPipeline(XceiverServerRatis.java:951)
	at org.apache.hadoop.ozone.container.common.statemachine.commandhandler.ClosePipelineCommandHandler.lambda$handle$2(ClosePipelineCommandHandler.java:114)
	at java.base/java.util.concurrent.CompletableFuture$AsyncRun.run(CompletableFuture.java:1804)
	at java.base/java.util.concurrent.ThreadPoolExecutor.runWorker(ThreadPoolExecutor.java:1136)
	at java.base/java.util.concurrent.ThreadPoolExecutor$Worker.run(ThreadPoolExecutor.java:635)
	at java.base/java.lang.Thread.run(Thread.java:840)
2024-05-06 09:04:41,194 [2bd728a8-2257-45fc-a304-d79856c752fc-PipelineCommandHandlerThread-0] INFO  segmented.SegmentedRaftLogWorker (SegmentedRaftLogWorker.java:close(245)) - 2bd728a8-2257-45fc-a304-d79856c752fc@group-DFBFD2CD5EB9-SegmentedRaftLogWorker close()
2024-05-06 09:04:41,195 [2bd728a8-2257-45fc-a304-d79856c752fc-PipelineCommandHandlerThread-0] INFO  server.RaftServer$Division (RaftServerImpl.java:groupRemove(496)) - 2bd728a8-2257-45fc-a304-d79856c752fc@group-DFBFD2CD5EB9: Succeed to remove RaftStorageDirectory Storage Directory /home/runner/work/ozone/ozone/hadoop-ozone/integration-test/target/test-dir/MiniOzoneClusterImpl-f8a20603-669c-41d5-94ea-e080bd68b2ef/ozone-meta/datanode-4/ratis/d0d47bde-0ccd-412d-ba0a-dfbfd2cd5eb9
2024-05-06 09:04:41,195 [2bd728a8-2257-45fc-a304-d79856c752fc-PipelineCommandHandlerThread-0] ERROR commandhandler.ClosePipelineCommandHandler (ClosePipelineCommandHandler.java:lambda$handle$2(137)) - Can't close pipeline PipelineID=d0d47bde-0ccd-412d-ba0a-dfbfd2cd5eb9
org.apache.ratis.protocol.exceptions.GroupMismatchException: 2bd728a8-2257-45fc-a304-d79856c752fc: group-DFBFD2CD5EB9 not found.
	at org.apache.ratis.server.impl.RaftServerProxy$ImplMap.get(RaftServerProxy.java:154)
	at org.apache.ratis.server.impl.RaftServerProxy.getImplFuture(RaftServerProxy.java:364)
	at org.apache.ratis.server.impl.RaftServerProxy.getImpl(RaftServerProxy.java:373)
	at org.apache.ratis.server.impl.RaftServerProxy.getDivision(RaftServerProxy.java:386)
	at org.apache.hadoop.ozone.container.common.transport.server.ratis.XceiverServerRatis.getRaftPeersInPipeline(XceiverServerRatis.java:951)
	at org.apache.hadoop.ozone.container.common.statemachine.commandhandler.ClosePipelineCommandHandler.lambda$handle$2(ClosePipelineCommandHandler.java:114)
	at java.base/java.util.concurrent.CompletableFuture$AsyncRun.run(CompletableFuture.java:1804)
	at java.base/java.util.concurrent.ThreadPoolExecutor.runWorker(ThreadPoolExecutor.java:1136)
	at java.base/java.util.concurrent.ThreadPoolExecutor$Worker.run(ThreadPoolExecutor.java:635)
	at java.base/java.lang.Thread.run(Thread.java:840)
2024-05-06 09:04:41,643 [grpc-default-executor-15] ERROR impl.OrderedAsync (OrderedAsync.java:lambda$sendRequest$9(247)) - client-3CCDD3794440: Failed* RaftClientRequest:client-3CCDD3794440->784e0075-095e-4f49-808e-af9ec74479d6@group-A9BF880E318F, cid=77, seq=10*, RW, cmdType: WriteChunk
traceID: ""
containerID: 1
datanodeUuid: "784e0075-095e-4f49-808e-af9ec74479d6"
writeChunk {
  blockID {
    containerID: 1
    localID: 113750153625600001
    blockCommitSequenceId: 14
    replicaIndex: 0
  }
  chunkData {
    chunkName: "113750153625600001_chunk_6"
    offset: 500
    len: 100
    checksumData {
      type: NONE
      bytesPerChecksum: 1048576
    }
  }
}
, data.size=100
java.util.concurrent.CompletionException: java.io.IOException: org.apache.ratis.thirdparty.io.grpc.StatusRuntimeException: UNAVAILABLE: io exception
	at java.base/java.util.concurrent.CompletableFuture.encodeThrowable(CompletableFuture.java:332)
	at java.base/java.util.concurrent.CompletableFuture.completeThrowable(CompletableFuture.java:347)
	at java.base/java.util.concurrent.CompletableFuture$UniApply.tryFire(CompletableFuture.java:636)
	at java.base/java.util.concurrent.CompletableFuture.postComplete(CompletableFuture.java:510)
	at java.base/java.util.concurrent.CompletableFuture.completeExceptionally(CompletableFuture.java:2162)
	at org.apache.ratis.grpc.client.GrpcClientProtocolClient$AsyncStreamObservers.completeReplyExceptionally(GrpcClientProtocolClient.java:394)
	at org.apache.ratis.grpc.client.GrpcClientProtocolClient$AsyncStreamObservers.access$000(GrpcClientProtocolClient.java:300)
	at org.apache.ratis.grpc.client.GrpcClientProtocolClient$AsyncStreamObservers$1.onError(GrpcClientProtocolClient.java:331)
	at org.apache.ratis.thirdparty.io.grpc.stub.ClientCalls$StreamObserverToCallListenerAdapter.onClose(ClientCalls.java:481)
	at org.apache.ratis.thirdparty.io.grpc.PartialForwardingClientCallListener.onClose(PartialForwardingClientCallListener.java:39)
	at org.apache.ratis.thirdparty.io.grpc.ForwardingClientCallListener.onClose(ForwardingClientCallListener.java:23)
	at org.apache.ratis.grpc.metrics.intercept.client.MetricClientCallListener.onClose(MetricClientCallListener.java:47)
	at org.apache.ratis.thirdparty.io.grpc.internal.DelayedClientCall$DelayedListener$3.run(DelayedClientCall.java:489)
	at org.apache.ratis.thirdparty.io.grpc.internal.DelayedClientCall$DelayedListener.delayOrExecute(DelayedClientCall.java:453)
	at org.apache.ratis.thirdparty.io.grpc.internal.DelayedClientCall$DelayedListener.onClose(DelayedClientCall.java:486)
	at org.apache.ratis.thirdparty.io.grpc.internal.ClientCallImpl.closeObserver(ClientCallImpl.java:567)
	at org.apache.ratis.thirdparty.io.grpc.internal.ClientCallImpl.access$300(ClientCallImpl.java:71)
	at org.apache.ratis.thirdparty.io.grpc.internal.ClientCallImpl$ClientStreamListenerImpl$1StreamClosed.runInternal(ClientCallImpl.java:735)
	at org.apache.ratis.thirdparty.io.grpc.internal.ClientCallImpl$ClientStreamListenerImpl$1StreamClosed.runInContext(ClientCallImpl.java:716)
	at org.apache.ratis.thirdparty.io.grpc.internal.ContextRunnable.run(ContextRunnable.java:37)
	at org.apache.ratis.thirdparty.io.grpc.internal.SerializingExecutor.run(SerializingExecutor.java:133)
	at java.base/java.util.concurrent.ThreadPoolExecutor.runWorker(ThreadPoolExecutor.java:1136)
	at java.base/java.util.concurrent.ThreadPoolExecutor$Worker.run(ThreadPoolExecutor.java:635)
	at java.base/java.lang.Thread.run(Thread.java:840)
Caused by: java.io.IOException: org.apache.ratis.thirdparty.io.grpc.StatusRuntimeException: UNAVAILABLE: io exception
	at org.apache.ratis.grpc.GrpcUtil.unwrapException(GrpcUtil.java:99)
	at org.apache.ratis.grpc.GrpcUtil.unwrapIOException(GrpcUtil.java:159)
	at org.apache.ratis.grpc.client.GrpcClientProtocolClient$AsyncStreamObservers$1.onError(GrpcClientProtocolClient.java:330)
	... 16 more
Caused by: org.apache.ratis.thirdparty.io.grpc.StatusRuntimeException: UNAVAILABLE: io exception
	at org.apache.ratis.thirdparty.io.grpc.Status.asRuntimeException(Status.java:537)
	... 16 more
Caused by: org.apache.ratis.thirdparty.io.netty.channel.AbstractChannel$AnnotatedConnectException: finishConnect(..) failed: Connection refused: /127.0.0.1:15074
Caused by: java.net.ConnectException: finishConnect(..) failed: Connection refused
	at org.apache.ratis.thirdparty.io.netty.channel.unix.Errors.newConnectException0(Errors.java:166)
	at org.apache.ratis.thirdparty.io.netty.channel.unix.Errors.handleConnectErrno(Errors.java:131)
	at org.apache.ratis.thirdparty.io.netty.channel.unix.Socket.finishConnect(Socket.java:359)
	at org.apache.ratis.thirdparty.io.netty.channel.epoll.AbstractEpollChannel$AbstractEpollUnsafe.doFinishConnect(AbstractEpollChannel.java:710)
	at org.apache.ratis.thirdparty.io.netty.channel.epoll.AbstractEpollChannel$AbstractEpollUnsafe.finishConnect(AbstractEpollChannel.java:687)
	at org.apache.ratis.thirdparty.io.netty.channel.epoll.AbstractEpollChannel$AbstractEpollUnsafe.epollOutReady(AbstractEpollChannel.java:567)
	at org.apache.ratis.thirdparty.io.netty.channel.epoll.EpollEventLoop.processReady(EpollEventLoop.java:499)
	at org.apache.ratis.thirdparty.io.netty.channel.epoll.EpollEventLoop.run(EpollEventLoop.java:407)
	at org.apache.ratis.thirdparty.io.netty.util.concurrent.SingleThreadEventExecutor$4.run(SingleThreadEventExecutor.java:997)
	at org.apache.ratis.thirdparty.io.netty.util.internal.ThreadExecutorMap$2.run(ThreadExecutorMap.java:74)
	at org.apache.ratis.thirdparty.io.netty.util.concurrent.FastThreadLocalRunnable.run(FastThreadLocalRunnable.java:30)
	at java.base/java.lang.Thread.run(Thread.java:840)
2024-05-06 09:04:42,783 [timer4] WARN  server.GrpcLogAppender (GrpcLogAppender.java:lambda$resetClient$1(217)) - 2bd728a8-2257-45fc-a304-d79856c752fc@group-DFBFD2CD5EB9->0e9e7d01-6cef-4822-a23d-4188eb8fb4d0-GrpcLogAppender: Follower failed (request=null, errorCount=14); keep nextIndex (1) unchanged and retry. (Repeated 6 times in the last 5.000s)
2024-05-06 09:04:42,783 [timer3] WARN  server.GrpcLogAppender (LogUtils.java:warn(121)) - 2bd728a8-2257-45fc-a304-d79856c752fc@group-DFBFD2CD5EB9->0e9e7d01-6cef-4822-a23d-4188eb8fb4d0-AppendLogResponseHandler: Failed appendEntries (Repeated 4 times in the last 5.000s): org.apache.ratis.thirdparty.io.grpc.StatusRuntimeException: UNAVAILABLE: io exception
2024-05-06 09:04:42,812 [timer7] WARN  server.GrpcLogAppender (LogUtils.java:warn(121)) - 90b7064f-8397-4c9e-a509-54ea80c9149b@group-572E3B93379D->0e9e7d01-6cef-4822-a23d-4188eb8fb4d0-AppendLogResponseHandler: Failed appendEntries (Repeated 2 times in the last 5.001s): org.apache.ratis.thirdparty.io.grpc.StatusRuntimeException: UNAVAILABLE: io exception
2024-05-06 09:04:45,369 [grpc-default-executor-14] ERROR impl.OrderedAsync (OrderedAsync.java:lambda$sendRequest$9(247)) - client-3CCDD3794440: Failed* RaftClientRequest:client-3CCDD3794440->0e9e7d01-6cef-4822-a23d-4188eb8fb4d0@group-A9BF880E318F, cid=77, seq=10*, RW, cmdType: WriteChunk
traceID: ""
containerID: 1
datanodeUuid: "784e0075-095e-4f49-808e-af9ec74479d6"
writeChunk {
  blockID {
    containerID: 1
    localID: 113750153625600001
    blockCommitSequenceId: 14
    replicaIndex: 0
  }
  chunkData {
    chunkName: "113750153625600001_chunk_6"
    offset: 500
    len: 100
    checksumData {
      type: NONE
      bytesPerChecksum: 1048576
    }
  }
}
, data.size=100
java.util.concurrent.CompletionException: java.io.IOException: org.apache.ratis.thirdparty.io.grpc.StatusRuntimeException: UNAVAILABLE: io exception
	at java.base/java.util.concurrent.CompletableFuture.encodeThrowable(CompletableFuture.java:332)
	at java.base/java.util.concurrent.CompletableFuture.completeThrowable(CompletableFuture.java:347)
	at java.base/java.util.concurrent.CompletableFuture$UniApply.tryFire(CompletableFuture.java:636)
	at java.base/java.util.concurrent.CompletableFuture.postComplete(CompletableFuture.java:510)
	at java.base/java.util.concurrent.CompletableFuture.completeExceptionally(CompletableFuture.java:2162)
	at org.apache.ratis.grpc.client.GrpcClientProtocolClient$AsyncStreamObservers.completeReplyExceptionally(GrpcClientProtocolClient.java:394)
	at org.apache.ratis.grpc.client.GrpcClientProtocolClient$AsyncStreamObservers.access$000(GrpcClientProtocolClient.java:300)
	at org.apache.ratis.grpc.client.GrpcClientProtocolClient$AsyncStreamObservers$1.onError(GrpcClientProtocolClient.java:331)
	at org.apache.ratis.thirdparty.io.grpc.stub.ClientCalls$StreamObserverToCallListenerAdapter.onClose(ClientCalls.java:481)
	at org.apache.ratis.thirdparty.io.grpc.PartialForwardingClientCallListener.onClose(PartialForwardingClientCallListener.java:39)
	at org.apache.ratis.thirdparty.io.grpc.ForwardingClientCallListener.onClose(ForwardingClientCallListener.java:23)
	at org.apache.ratis.grpc.metrics.intercept.client.MetricClientCallListener.onClose(MetricClientCallListener.java:47)
	at org.apache.ratis.thirdparty.io.grpc.internal.DelayedClientCall$DelayedListener$3.run(DelayedClientCall.java:489)
	at org.apache.ratis.thirdparty.io.grpc.internal.DelayedClientCall$DelayedListener.delayOrExecute(DelayedClientCall.java:453)
	at org.apache.ratis.thirdparty.io.grpc.internal.DelayedClientCall$DelayedListener.onClose(DelayedClientCall.java:486)
	at org.apache.ratis.thirdparty.io.grpc.internal.ClientCallImpl.closeObserver(ClientCallImpl.java:567)
	at org.apache.ratis.thirdparty.io.grpc.internal.ClientCallImpl.access$300(ClientCallImpl.java:71)
	at org.apache.ratis.thirdparty.io.grpc.internal.ClientCallImpl$ClientStreamListenerImpl$1StreamClosed.runInternal(ClientCallImpl.java:735)
	at org.apache.ratis.thirdparty.io.grpc.internal.ClientCallImpl$ClientStreamListenerImpl$1StreamClosed.runInContext(ClientCallImpl.java:716)
	at org.apache.ratis.thirdparty.io.grpc.internal.ContextRunnable.run(ContextRunnable.java:37)
	at org.apache.ratis.thirdparty.io.grpc.internal.SerializingExecutor.run(SerializingExecutor.java:133)
	at java.base/java.util.concurrent.ThreadPoolExecutor.runWorker(ThreadPoolExecutor.java:1136)
	at java.base/java.util.concurrent.ThreadPoolExecutor$Worker.run(ThreadPoolExecutor.java:635)
	at java.base/java.lang.Thread.run(Thread.java:840)
Caused by: java.io.IOException: org.apache.ratis.thirdparty.io.grpc.StatusRuntimeException: UNAVAILABLE: io exception
	at org.apache.ratis.grpc.GrpcUtil.unwrapException(GrpcUtil.java:99)
	at org.apache.ratis.grpc.GrpcUtil.unwrapIOException(GrpcUtil.java:159)
	at org.apache.ratis.grpc.client.GrpcClientProtocolClient$AsyncStreamObservers$1.onError(GrpcClientProtocolClient.java:330)
	... 16 more
Caused by: org.apache.ratis.thirdparty.io.grpc.StatusRuntimeException: UNAVAILABLE: io exception
	at org.apache.ratis.thirdparty.io.grpc.Status.asRuntimeException(Status.java:537)
	... 16 more
Caused by: org.apache.ratis.thirdparty.io.netty.channel.AbstractChannel$AnnotatedConnectException: finishConnect(..) failed: Connection refused: /127.0.0.1:15083
Caused by: java.net.ConnectException: finishConnect(..) failed: Connection refused
	at org.apache.ratis.thirdparty.io.netty.channel.unix.Errors.newConnectException0(Errors.java:166)
	at org.apache.ratis.thirdparty.io.netty.channel.unix.Errors.handleConnectErrno(Errors.java:131)
	at org.apache.ratis.thirdparty.io.netty.channel.unix.Socket.finishConnect(Socket.java:359)
	at org.apache.ratis.thirdparty.io.netty.channel.epoll.AbstractEpollChannel$AbstractEpollUnsafe.doFinishConnect(AbstractEpollChannel.java:710)
	at org.apache.ratis.thirdparty.io.netty.channel.epoll.AbstractEpollChannel$AbstractEpollUnsafe.finishConnect(AbstractEpollChannel.java:687)
	at org.apache.ratis.thirdparty.io.netty.channel.epoll.AbstractEpollChannel$AbstractEpollUnsafe.epollOutReady(AbstractEpollChannel.java:567)
	at org.apache.ratis.thirdparty.io.netty.channel.epoll.EpollEventLoop.processReady(EpollEventLoop.java:499)
	at org.apache.ratis.thirdparty.io.netty.channel.epoll.EpollEventLoop.run(EpollEventLoop.java:407)
	at org.apache.ratis.thirdparty.io.netty.util.concurrent.SingleThreadEventExecutor$4.run(SingleThreadEventExecutor.java:997)
	at org.apache.ratis.thirdparty.io.netty.util.internal.ThreadExecutorMap$2.run(ThreadExecutorMap.java:74)
	at org.apache.ratis.thirdparty.io.netty.util.concurrent.FastThreadLocalRunnable.run(FastThreadLocalRunnable.java:30)
	at java.base/java.lang.Thread.run(Thread.java:840)
2024-05-06 09:04:48,770 [UnderReplicatedProcessor] INFO  net.NetworkTopologyImpl (NetworkTopologyImpl.java:chooseNodeInternal(672)) - No available node in (scope="/" excludedScope="[/default-rack/fa7233c5-99c6-4a1a-a2f1-81d332223322, /default-rack/90b7064f-8397-4c9e-a509-54ea80c9149b]" excludedNodes="[90b7064f-8397-4c9e-a509-54ea80c9149b(localhost/127.0.0.1)]"  ancestorGen="1").
2024-05-06 09:04:48,770 [UnderReplicatedProcessor] WARN  algorithms.SCMContainerPlacementRackAware (SCMContainerPlacementRackAware.java:chooseNode(485)) - Failed to find the datanode for container. excludedNodes:[90b7064f-8397-4c9e-a509-54ea80c9149b(localhost/127.0.0.1)], affinityNode:
2024-05-06 09:04:48,771 [UnderReplicatedProcessor] INFO  replication.ReplicationManager (ReplicationManager.java:sendDatanodeCommand(682)) - Sending command [replicateContainerCommand: containerId=1, replicaIndex=0, targetNode=fa7233c5-99c6-4a1a-a2f1-81d332223322(localhost/127.0.0.1), priority=NORMAL] for container ContainerInfo{id=#1, state=CLOSED, stateEnterTime=2024-05-06T08:59:37.945561317Z, pipelineID=PipelineID=87f1befd-0e19-4082-a863-a9bf880e318f, owner=omServiceIdDefault} to 90b7064f-8397-4c9e-a509-54ea80c9149b(localhost/127.0.0.1) with datanode deadline 1714986858771 and scm deadline 1714986888771
2024-05-06 09:04:48,771 [UnderReplicatedProcessor] INFO  replication.ReplicationManager (ReplicationManager.java:sendDatanodeCommand(682)) - Sending command [replicateContainerCommand: containerId=1, replicaIndex=0, targetNode=2bd728a8-2257-45fc-a304-d79856c752fc(localhost/127.0.0.1), priority=NORMAL] for container ContainerInfo{id=#1, state=CLOSED, stateEnterTime=2024-05-06T08:59:37.945561317Z, pipelineID=PipelineID=87f1befd-0e19-4082-a863-a9bf880e318f, owner=omServiceIdDefault} to 90b7064f-8397-4c9e-a509-54ea80c9149b(localhost/127.0.0.1) with datanode deadline 1714986858771 and scm deadline 1714986888771
2024-05-06 09:04:48,772 [UnderReplicatedProcessor] INFO  replication.UnhealthyReplicationProcessor (UnhealthyReplicationProcessor.java:processAll(138)) - Processed 1 containers with health state counts {UNDER_REPLICATED=1}, failed processing 0, deferred due to load 0
2024-05-06 09:04:49,358 [grpc-default-executor-17] ERROR impl.OrderedAsync (OrderedAsync.java:lambda$sendRequest$9(247)) - client-3CCDD3794440: Failed* RaftClientRequest:client-3CCDD3794440->784e0075-095e-4f49-808e-af9ec74479d6@group-A9BF880E318F, cid=77, seq=10*, RW, cmdType: WriteChunk
traceID: ""
containerID: 1
datanodeUuid: "784e0075-095e-4f49-808e-af9ec74479d6"
writeChunk {
  blockID {
    containerID: 1
    localID: 113750153625600001
    blockCommitSequenceId: 14
    replicaIndex: 0
  }
  chunkData {
    chunkName: "113750153625600001_chunk_6"
    offset: 500
    len: 100
    checksumData {
      type: NONE
      bytesPerChecksum: 1048576
    }
  }
}
, data.size=100
java.util.concurrent.CompletionException: java.io.IOException: org.apache.ratis.thirdparty.io.grpc.StatusRuntimeException: UNAVAILABLE: io exception
	at java.base/java.util.concurrent.CompletableFuture.encodeThrowable(CompletableFuture.java:332)
	at java.base/java.util.concurrent.CompletableFuture.completeThrowable(CompletableFuture.java:347)
	at java.base/java.util.concurrent.CompletableFuture$UniApply.tryFire(CompletableFuture.java:636)
	at java.base/java.util.concurrent.CompletableFuture.postComplete(CompletableFuture.java:510)
	at java.base/java.util.concurrent.CompletableFuture.completeExceptionally(CompletableFuture.java:2162)
	at org.apache.ratis.grpc.client.GrpcClientProtocolClient$AsyncStreamObservers.completeReplyExceptionally(GrpcClientProtocolClient.java:394)
	at org.apache.ratis.grpc.client.GrpcClientProtocolClient$AsyncStreamObservers.access$000(GrpcClientProtocolClient.java:300)
	at org.apache.ratis.grpc.client.GrpcClientProtocolClient$AsyncStreamObservers$1.onError(GrpcClientProtocolClient.java:331)
	at org.apache.ratis.thirdparty.io.grpc.stub.ClientCalls$StreamObserverToCallListenerAdapter.onClose(ClientCalls.java:481)
	at org.apache.ratis.thirdparty.io.grpc.PartialForwardingClientCallListener.onClose(PartialForwardingClientCallListener.java:39)
	at org.apache.ratis.thirdparty.io.grpc.ForwardingClientCallListener.onClose(ForwardingClientCallListener.java:23)
	at org.apache.ratis.grpc.metrics.intercept.client.MetricClientCallListener.onClose(MetricClientCallListener.java:47)
	at org.apache.ratis.thirdparty.io.grpc.internal.DelayedClientCall$DelayedListener$3.run(DelayedClientCall.java:489)
	at org.apache.ratis.thirdparty.io.grpc.internal.DelayedClientCall$DelayedListener.delayOrExecute(DelayedClientCall.java:453)
	at org.apache.ratis.thirdparty.io.grpc.internal.DelayedClientCall$DelayedListener.onClose(DelayedClientCall.java:486)
	at org.apache.ratis.thirdparty.io.grpc.internal.ClientCallImpl.closeObserver(ClientCallImpl.java:567)
	at org.apache.ratis.thirdparty.io.grpc.internal.ClientCallImpl.access$300(ClientCallImpl.java:71)
	at org.apache.ratis.thirdparty.io.grpc.internal.ClientCallImpl$ClientStreamListenerImpl$1StreamClosed.runInternal(ClientCallImpl.java:735)
	at org.apache.ratis.thirdparty.io.grpc.internal.ClientCallImpl$ClientStreamListenerImpl$1StreamClosed.runInContext(ClientCallImpl.java:716)
	at org.apache.ratis.thirdparty.io.grpc.internal.ContextRunnable.run(ContextRunnable.java:37)
	at org.apache.ratis.thirdparty.io.grpc.internal.SerializingExecutor.run(SerializingExecutor.java:133)
	at java.base/java.util.concurrent.ThreadPoolExecutor.runWorker(ThreadPoolExecutor.java:1136)
	at java.base/java.util.concurrent.ThreadPoolExecutor$Worker.run(ThreadPoolExecutor.java:635)
	at java.base/java.lang.Thread.run(Thread.java:840)
Caused by: java.io.IOException: org.apache.ratis.thirdparty.io.grpc.StatusRuntimeException: UNAVAILABLE: io exception
	at org.apache.ratis.grpc.GrpcUtil.unwrapException(GrpcUtil.java:99)
	at org.apache.ratis.grpc.GrpcUtil.unwrapIOException(GrpcUtil.java:159)
	at org.apache.ratis.grpc.client.GrpcClientProtocolClient$AsyncStreamObservers$1.onError(GrpcClientProtocolClient.java:330)
	... 16 more
Caused by: org.apache.ratis.thirdparty.io.grpc.StatusRuntimeException: UNAVAILABLE: io exception
	at org.apache.ratis.thirdparty.io.grpc.Status.asRuntimeException(Status.java:537)
	... 16 more
Caused by: org.apache.ratis.thirdparty.io.netty.channel.AbstractChannel$AnnotatedConnectException: finishConnect(..) failed: Connection refused: /127.0.0.1:15074
Caused by: java.net.ConnectException: finishConnect(..) failed: Connection refused
	at org.apache.ratis.thirdparty.io.netty.channel.unix.Errors.newConnectException0(Errors.java:166)
	at org.apache.ratis.thirdparty.io.netty.channel.unix.Errors.handleConnectErrno(Errors.java:131)
	at org.apache.ratis.thirdparty.io.netty.channel.unix.Socket.finishConnect(Socket.java:359)
	at org.apache.ratis.thirdparty.io.netty.channel.epoll.AbstractEpollChannel$AbstractEpollUnsafe.doFinishConnect(AbstractEpollChannel.java:710)
	at org.apache.ratis.thirdparty.io.netty.channel.epoll.AbstractEpollChannel$AbstractEpollUnsafe.finishConnect(AbstractEpollChannel.java:687)
	at org.apache.ratis.thirdparty.io.netty.channel.epoll.AbstractEpollChannel$AbstractEpollUnsafe.epollOutReady(AbstractEpollChannel.java:567)
	at org.apache.ratis.thirdparty.io.netty.channel.epoll.EpollEventLoop.processReady(EpollEventLoop.java:499)
	at org.apache.ratis.thirdparty.io.netty.channel.epoll.EpollEventLoop.run(EpollEventLoop.java:407)
	at org.apache.ratis.thirdparty.io.netty.util.concurrent.SingleThreadEventExecutor$4.run(SingleThreadEventExecutor.java:997)
	at org.apache.ratis.thirdparty.io.netty.util.internal.ThreadExecutorMap$2.run(ThreadExecutorMap.java:74)
	at org.apache.ratis.thirdparty.io.netty.util.concurrent.FastThreadLocalRunnable.run(FastThreadLocalRunnable.java:30)
	at java.base/java.lang.Thread.run(Thread.java:840)
2024-05-06 09:04:50,220 [90b7064f-8397-4c9e-a509-54ea80c9149b-ContainerReplicationThread-1] INFO  replication.PushReplicator (PushReplicator.java:replicate(58)) - Starting replication of container 1 to 2bd728a8-2257-45fc-a304-d79856c752fc(localhost/127.0.0.1) using NO_COMPRESSION
2024-05-06 09:04:50,220 [90b7064f-8397-4c9e-a509-54ea80c9149b-ContainerReplicationThread-0] INFO  replication.PushReplicator (PushReplicator.java:replicate(58)) - Starting replication of container 1 to fa7233c5-99c6-4a1a-a2f1-81d332223322(localhost/127.0.0.1) using NO_COMPRESSION
2024-05-06 09:04:50,248 [90b7064f-8397-4c9e-a509-54ea80c9149b-ContainerReplicationThread-0] INFO  replication.GrpcOutputStream (GrpcOutputStream.java:close(116)) - Sent 16384 bytes for container 1
2024-05-06 09:04:50,250 [fa7233c5-99c6-4a1a-a2f1-81d332223322-ReplicationContainerReader-1] INFO  replication.SendContainerRequestHandler (SendContainerRequestHandler.java:onNext(96)) - Accepting container 1
2024-05-06 09:04:50,250 [fa7233c5-99c6-4a1a-a2f1-81d332223322-ReplicationContainerReader-1] INFO  replication.SendContainerRequestHandler (SendContainerRequestHandler.java:onCompleted(131)) - Container 1 is downloaded with size 16384, starting to import.
2024-05-06 09:04:50,283 [fa7233c5-99c6-4a1a-a2f1-81d332223322-ReplicationContainerReader-1] INFO  replication.SendContainerRequestHandler (SendContainerRequestHandler.java:onCompleted(137)) - Container 1 is replicated successfully
2024-05-06 09:04:50,286 [grpc-default-executor-17] INFO  replication.GrpcContainerUploader (GrpcContainerUploader.java:onCompleted(132)) - Finished uploading container 1 to fa7233c5-99c6-4a1a-a2f1-81d332223322(localhost/127.0.0.1)
2024-05-06 09:04:50,286 [90b7064f-8397-4c9e-a509-54ea80c9149b-ContainerReplicationThread-0] INFO  replication.ReplicationSupervisor (ReplicationSupervisor.java:run(369)) - Successful DONE replicateContainerCommand: containerId=1, replicaIndex=0, targetNode=fa7233c5-99c6-4a1a-a2f1-81d332223322(localhost/127.0.0.1), priority=NORMAL, transferred 16384 bytes
2024-05-06 09:04:50,292 [90b7064f-8397-4c9e-a509-54ea80c9149b-ContainerReplicationThread-1] INFO  replication.GrpcOutputStream (GrpcOutputStream.java:close(116)) - Sent 16384 bytes for container 1
2024-05-06 09:04:50,293 [2bd728a8-2257-45fc-a304-d79856c752fc-ReplicationContainerReader-1] INFO  replication.SendContainerRequestHandler (SendContainerRequestHandler.java:onNext(96)) - Accepting container 1
2024-05-06 09:04:50,293 [2bd728a8-2257-45fc-a304-d79856c752fc-ReplicationContainerReader-1] INFO  replication.SendContainerRequestHandler (SendContainerRequestHandler.java:onCompleted(131)) - Container 1 is downloaded with size 16384, starting to import.
2024-05-06 09:04:50,306 [2bd728a8-2257-45fc-a304-d79856c752fc-ReplicationContainerReader-1] INFO  replication.SendContainerRequestHandler (SendContainerRequestHandler.java:onCompleted(137)) - Container 1 is replicated successfully
2024-05-06 09:04:50,307 [grpc-default-executor-14] INFO  replication.GrpcContainerUploader (GrpcContainerUploader.java:onCompleted(132)) - Finished uploading container 1 to 2bd728a8-2257-45fc-a304-d79856c752fc(localhost/127.0.0.1)
2024-05-06 09:04:50,307 [90b7064f-8397-4c9e-a509-54ea80c9149b-ContainerReplicationThread-1] INFO  replication.ReplicationSupervisor (ReplicationSupervisor.java:run(369)) - Successful DONE replicateContainerCommand: containerId=1, replicaIndex=0, targetNode=2bd728a8-2257-45fc-a304-d79856c752fc(localhost/127.0.0.1), priority=NORMAL, transferred 16384 bytes
2024-05-06 09:04:56,099 [grpc-default-executor-15] ERROR impl.OrderedAsync (OrderedAsync.java:lambda$sendRequest$9(247)) - client-3CCDD3794440: Failed* RaftClientRequest:client-3CCDD3794440->0e9e7d01-6cef-4822-a23d-4188eb8fb4d0@group-A9BF880E318F, cid=77, seq=10*, RW, cmdType: WriteChunk
traceID: ""
containerID: 1
datanodeUuid: "784e0075-095e-4f49-808e-af9ec74479d6"
writeChunk {
  blockID {
    containerID: 1
    localID: 113750153625600001
    blockCommitSequenceId: 14
    replicaIndex: 0
  }
  chunkData {
    chunkName: "113750153625600001_chunk_6"
    offset: 500
    len: 100
    checksumData {
      type: NONE
      bytesPerChecksum: 1048576
    }
  }
}
, data.size=100
java.util.concurrent.CompletionException: java.io.IOException: org.apache.ratis.thirdparty.io.grpc.StatusRuntimeException: UNAVAILABLE: io exception
	at java.base/java.util.concurrent.CompletableFuture.encodeThrowable(CompletableFuture.java:332)
	at java.base/java.util.concurrent.CompletableFuture.completeThrowable(CompletableFuture.java:347)
	at java.base/java.util.concurrent.CompletableFuture$UniApply.tryFire(CompletableFuture.java:636)
	at java.base/java.util.concurrent.CompletableFuture.postComplete(CompletableFuture.java:510)
	at java.base/java.util.concurrent.CompletableFuture.completeExceptionally(CompletableFuture.java:2162)
	at org.apache.ratis.grpc.client.GrpcClientProtocolClient$AsyncStreamObservers.completeReplyExceptionally(GrpcClientProtocolClient.java:394)
	at org.apache.ratis.grpc.client.GrpcClientProtocolClient$AsyncStreamObservers.access$000(GrpcClientProtocolClient.java:300)
	at org.apache.ratis.grpc.client.GrpcClientProtocolClient$AsyncStreamObservers$1.onError(GrpcClientProtocolClient.java:331)
	at org.apache.ratis.thirdparty.io.grpc.stub.ClientCalls$StreamObserverToCallListenerAdapter.onClose(ClientCalls.java:481)
	at org.apache.ratis.thirdparty.io.grpc.PartialForwardingClientCallListener.onClose(PartialForwardingClientCallListener.java:39)
	at org.apache.ratis.thirdparty.io.grpc.ForwardingClientCallListener.onClose(ForwardingClientCallListener.java:23)
	at org.apache.ratis.grpc.metrics.intercept.client.MetricClientCallListener.onClose(MetricClientCallListener.java:47)
	at org.apache.ratis.thirdparty.io.grpc.internal.DelayedClientCall$DelayedListener$3.run(DelayedClientCall.java:489)
	at org.apache.ratis.thirdparty.io.grpc.internal.DelayedClientCall$DelayedListener.delayOrExecute(DelayedClientCall.java:453)
	at org.apache.ratis.thirdparty.io.grpc.internal.DelayedClientCall$DelayedListener.onClose(DelayedClientCall.java:486)
	at org.apache.ratis.thirdparty.io.grpc.internal.ClientCallImpl.closeObserver(ClientCallImpl.java:567)
	at org.apache.ratis.thirdparty.io.grpc.internal.ClientCallImpl.access$300(ClientCallImpl.java:71)
	at org.apache.ratis.thirdparty.io.grpc.internal.ClientCallImpl$ClientStreamListenerImpl$1StreamClosed.runInternal(ClientCallImpl.java:735)
	at org.apache.ratis.thirdparty.io.grpc.internal.ClientCallImpl$ClientStreamListenerImpl$1StreamClosed.runInContext(ClientCallImpl.java:716)
	at org.apache.ratis.thirdparty.io.grpc.internal.ContextRunnable.run(ContextRunnable.java:37)
	at org.apache.ratis.thirdparty.io.grpc.internal.SerializingExecutor.run(SerializingExecutor.java:133)
	at java.base/java.util.concurrent.ThreadPoolExecutor.runWorker(ThreadPoolExecutor.java:1136)
	at java.base/java.util.concurrent.ThreadPoolExecutor$Worker.run(ThreadPoolExecutor.java:635)
	at java.base/java.lang.Thread.run(Thread.java:840)
Caused by: java.io.IOException: org.apache.ratis.thirdparty.io.grpc.StatusRuntimeException: UNAVAILABLE: io exception
	at org.apache.ratis.grpc.GrpcUtil.unwrapException(GrpcUtil.java:99)
	at org.apache.ratis.grpc.GrpcUtil.unwrapIOException(GrpcUtil.java:159)
	at org.apache.ratis.grpc.client.GrpcClientProtocolClient$AsyncStreamObservers$1.onError(GrpcClientProtocolClient.java:330)
	... 16 more
Caused by: org.apache.ratis.thirdparty.io.grpc.StatusRuntimeException: UNAVAILABLE: io exception
	at org.apache.ratis.thirdparty.io.grpc.Status.asRuntimeException(Status.java:537)
	... 16 more
Caused by: org.apache.ratis.thirdparty.io.netty.channel.AbstractChannel$AnnotatedConnectException: finishConnect(..) failed: Connection refused: /127.0.0.1:15083
Caused by: java.net.ConnectException: finishConnect(..) failed: Connection refused
	at org.apache.ratis.thirdparty.io.netty.channel.unix.Errors.newConnectException0(Errors.java:166)
	at org.apache.ratis.thirdparty.io.netty.channel.unix.Errors.handleConnectErrno(Errors.java:131)
	at org.apache.ratis.thirdparty.io.netty.channel.unix.Socket.finishConnect(Socket.java:359)
	at org.apache.ratis.thirdparty.io.netty.channel.epoll.AbstractEpollChannel$AbstractEpollUnsafe.doFinishConnect(AbstractEpollChannel.java:710)
	at org.apache.ratis.thirdparty.io.netty.channel.epoll.AbstractEpollChannel$AbstractEpollUnsafe.finishConnect(AbstractEpollChannel.java:687)
	at org.apache.ratis.thirdparty.io.netty.channel.epoll.AbstractEpollChannel$AbstractEpollUnsafe.epollOutReady(AbstractEpollChannel.java:567)
	at org.apache.ratis.thirdparty.io.netty.channel.epoll.EpollEventLoop.processReady(EpollEventLoop.java:499)
	at org.apache.ratis.thirdparty.io.netty.channel.epoll.EpollEventLoop.run(EpollEventLoop.java:407)
	at org.apache.ratis.thirdparty.io.netty.util.concurrent.SingleThreadEventExecutor$4.run(SingleThreadEventExecutor.java:997)
	at org.apache.ratis.thirdparty.io.netty.util.internal.ThreadExecutorMap$2.run(ThreadExecutorMap.java:74)
	at org.apache.ratis.thirdparty.io.netty.util.concurrent.FastThreadLocalRunnable.run(FastThreadLocalRunnable.java:30)
	at java.base/java.lang.Thread.run(Thread.java:840)
2024-05-06 09:05:01,389 [grpc-default-executor-15] ERROR impl.OrderedAsync (OrderedAsync.java:lambda$sendRequest$9(247)) - client-3CCDD3794440: Failed* RaftClientRequest:client-3CCDD3794440->784e0075-095e-4f49-808e-af9ec74479d6@group-A9BF880E318F, cid=77, seq=10*, RW, cmdType: WriteChunk
traceID: ""
containerID: 1
datanodeUuid: "784e0075-095e-4f49-808e-af9ec74479d6"
writeChunk {
  blockID {
    containerID: 1
    localID: 113750153625600001
    blockCommitSequenceId: 14
    replicaIndex: 0
  }
  chunkData {
    chunkName: "113750153625600001_chunk_6"
    offset: 500
    len: 100
    checksumData {
      type: NONE
      bytesPerChecksum: 1048576
    }
  }
}
, data.size=100
java.util.concurrent.CompletionException: java.io.IOException: org.apache.ratis.thirdparty.io.grpc.StatusRuntimeException: UNAVAILABLE: io exception
	at java.base/java.util.concurrent.CompletableFuture.encodeThrowable(CompletableFuture.java:332)
	at java.base/java.util.concurrent.CompletableFuture.completeThrowable(CompletableFuture.java:347)
	at java.base/java.util.concurrent.CompletableFuture$UniApply.tryFire(CompletableFuture.java:636)
	at java.base/java.util.concurrent.CompletableFuture.postComplete(CompletableFuture.java:510)
	at java.base/java.util.concurrent.CompletableFuture.completeExceptionally(CompletableFuture.java:2162)
	at org.apache.ratis.grpc.client.GrpcClientProtocolClient$AsyncStreamObservers.completeReplyExceptionally(GrpcClientProtocolClient.java:394)
	at org.apache.ratis.grpc.client.GrpcClientProtocolClient$AsyncStreamObservers.access$000(GrpcClientProtocolClient.java:300)
	at org.apache.ratis.grpc.client.GrpcClientProtocolClient$AsyncStreamObservers$1.onError(GrpcClientProtocolClient.java:331)
	at org.apache.ratis.thirdparty.io.grpc.stub.ClientCalls$StreamObserverToCallListenerAdapter.onClose(ClientCalls.java:481)
	at org.apache.ratis.thirdparty.io.grpc.PartialForwardingClientCallListener.onClose(PartialForwardingClientCallListener.java:39)
	at org.apache.ratis.thirdparty.io.grpc.ForwardingClientCallListener.onClose(ForwardingClientCallListener.java:23)
	at org.apache.ratis.grpc.metrics.intercept.client.MetricClientCallListener.onClose(MetricClientCallListener.java:47)
	at org.apache.ratis.thirdparty.io.grpc.internal.DelayedClientCall$DelayedListener$3.run(DelayedClientCall.java:489)
	at org.apache.ratis.thirdparty.io.grpc.internal.DelayedClientCall$DelayedListener.delayOrExecute(DelayedClientCall.java:453)
	at org.apache.ratis.thirdparty.io.grpc.internal.DelayedClientCall$DelayedListener.onClose(DelayedClientCall.java:486)
	at org.apache.ratis.thirdparty.io.grpc.internal.ClientCallImpl.closeObserver(ClientCallImpl.java:567)
	at org.apache.ratis.thirdparty.io.grpc.internal.ClientCallImpl.access$300(ClientCallImpl.java:71)
	at org.apache.ratis.thirdparty.io.grpc.internal.ClientCallImpl$ClientStreamListenerImpl$1StreamClosed.runInternal(ClientCallImpl.java:735)
	at org.apache.ratis.thirdparty.io.grpc.internal.ClientCallImpl$ClientStreamListenerImpl$1StreamClosed.runInContext(ClientCallImpl.java:716)
	at org.apache.ratis.thirdparty.io.grpc.internal.ContextRunnable.run(ContextRunnable.java:37)
	at org.apache.ratis.thirdparty.io.grpc.internal.SerializingExecutor.run(SerializingExecutor.java:133)
	at java.base/java.util.concurrent.ThreadPoolExecutor.runWorker(ThreadPoolExecutor.java:1136)
	at java.base/java.util.concurrent.ThreadPoolExecutor$Worker.run(ThreadPoolExecutor.java:635)
	at java.base/java.lang.Thread.run(Thread.java:840)
Caused by: java.io.IOException: org.apache.ratis.thirdparty.io.grpc.StatusRuntimeException: UNAVAILABLE: io exception
	at org.apache.ratis.grpc.GrpcUtil.unwrapException(GrpcUtil.java:99)
	at org.apache.ratis.grpc.GrpcUtil.unwrapIOException(GrpcUtil.java:159)
	at org.apache.ratis.grpc.client.GrpcClientProtocolClient$AsyncStreamObservers$1.onError(GrpcClientProtocolClient.java:330)
	... 16 more
Caused by: org.apache.ratis.thirdparty.io.grpc.StatusRuntimeException: UNAVAILABLE: io exception
	at org.apache.ratis.thirdparty.io.grpc.Status.asRuntimeException(Status.java:537)
	... 16 more
Caused by: org.apache.ratis.thirdparty.io.netty.channel.AbstractChannel$AnnotatedConnectException: finishConnect(..) failed: Connection refused: /127.0.0.1:15074
Caused by: java.net.ConnectException: finishConnect(..) failed: Connection refused
	at org.apache.ratis.thirdparty.io.netty.channel.unix.Errors.newConnectException0(Errors.java:166)
	at org.apache.ratis.thirdparty.io.netty.channel.unix.Errors.handleConnectErrno(Errors.java:131)
	at org.apache.ratis.thirdparty.io.netty.channel.unix.Socket.finishConnect(Socket.java:359)
	at org.apache.ratis.thirdparty.io.netty.channel.epoll.AbstractEpollChannel$AbstractEpollUnsafe.doFinishConnect(AbstractEpollChannel.java:710)
	at org.apache.ratis.thirdparty.io.netty.channel.epoll.AbstractEpollChannel$AbstractEpollUnsafe.finishConnect(AbstractEpollChannel.java:687)
	at org.apache.ratis.thirdparty.io.netty.channel.epoll.AbstractEpollChannel$AbstractEpollUnsafe.epollOutReady(AbstractEpollChannel.java:567)
	at org.apache.ratis.thirdparty.io.netty.channel.epoll.EpollEventLoop.processReady(EpollEventLoop.java:499)
	at org.apache.ratis.thirdparty.io.netty.channel.epoll.EpollEventLoop.run(EpollEventLoop.java:407)
	at org.apache.ratis.thirdparty.io.netty.util.concurrent.SingleThreadEventExecutor$4.run(SingleThreadEventExecutor.java:997)
	at org.apache.ratis.thirdparty.io.netty.util.internal.ThreadExecutorMap$2.run(ThreadExecutorMap.java:74)
	at org.apache.ratis.thirdparty.io.netty.util.concurrent.FastThreadLocalRunnable.run(FastThreadLocalRunnable.java:30)
	at java.base/java.lang.Thread.run(Thread.java:840)
2024-05-06 09:05:07,697 [grpc-default-executor-15] ERROR impl.OrderedAsync (OrderedAsync.java:lambda$sendRequest$9(247)) - client-3CCDD3794440: Failed* RaftClientRequest:client-3CCDD3794440->90b7064f-8397-4c9e-a509-54ea80c9149b@group-A9BF880E318F, cid=77, seq=10*, RW, cmdType: WriteChunk
traceID: ""
containerID: 1
datanodeUuid: "784e0075-095e-4f49-808e-af9ec74479d6"
writeChunk {
  blockID {
    containerID: 1
    localID: 113750153625600001
    blockCommitSequenceId: 14
    replicaIndex: 0
  }
  chunkData {
    chunkName: "113750153625600001_chunk_6"
    offset: 500
    len: 100
    checksumData {
      type: NONE
      bytesPerChecksum: 1048576
    }
  }
}
, data.size=100
java.util.concurrent.CompletionException: org.apache.ratis.protocol.exceptions.GroupMismatchException: 90b7064f-8397-4c9e-a509-54ea80c9149b: group-A9BF880E318F not found.
	at java.base/java.util.concurrent.CompletableFuture.encodeThrowable(CompletableFuture.java:332)
	at java.base/java.util.concurrent.CompletableFuture.completeThrowable(CompletableFuture.java:347)
	at java.base/java.util.concurrent.CompletableFuture$UniApply.tryFire(CompletableFuture.java:636)
	at java.base/java.util.concurrent.CompletableFuture.postComplete(CompletableFuture.java:510)
	at java.base/java.util.concurrent.CompletableFuture.completeExceptionally(CompletableFuture.java:2162)
	at org.apache.ratis.grpc.client.GrpcClientProtocolClient$AsyncStreamObservers.completeReplyExceptionally(GrpcClientProtocolClient.java:394)
	at org.apache.ratis.grpc.client.GrpcClientProtocolClient$AsyncStreamObservers.access$000(GrpcClientProtocolClient.java:300)
	at org.apache.ratis.grpc.client.GrpcClientProtocolClient$AsyncStreamObservers$1.onError(GrpcClientProtocolClient.java:331)
	at org.apache.ratis.thirdparty.io.grpc.stub.ClientCalls$StreamObserverToCallListenerAdapter.onClose(ClientCalls.java:481)
	at org.apache.ratis.thirdparty.io.grpc.PartialForwardingClientCallListener.onClose(PartialForwardingClientCallListener.java:39)
	at org.apache.ratis.thirdparty.io.grpc.ForwardingClientCallListener.onClose(ForwardingClientCallListener.java:23)
	at org.apache.ratis.grpc.metrics.intercept.client.MetricClientCallListener.onClose(MetricClientCallListener.java:47)
	at org.apache.ratis.thirdparty.io.grpc.internal.DelayedClientCall$DelayedListener$3.run(DelayedClientCall.java:489)
	at org.apache.ratis.thirdparty.io.grpc.internal.DelayedClientCall$DelayedListener.delayOrExecute(DelayedClientCall.java:453)
	at org.apache.ratis.thirdparty.io.grpc.internal.DelayedClientCall$DelayedListener.onClose(DelayedClientCall.java:486)
	at org.apache.ratis.thirdparty.io.grpc.internal.ClientCallImpl.closeObserver(ClientCallImpl.java:567)
	at org.apache.ratis.thirdparty.io.grpc.internal.ClientCallImpl.access$300(ClientCallImpl.java:71)
	at org.apache.ratis.thirdparty.io.grpc.internal.ClientCallImpl$ClientStreamListenerImpl$1StreamClosed.runInternal(ClientCallImpl.java:735)
	at org.apache.ratis.thirdparty.io.grpc.internal.ClientCallImpl$ClientStreamListenerImpl$1StreamClosed.runInContext(ClientCallImpl.java:716)
	at org.apache.ratis.thirdparty.io.grpc.internal.ContextRunnable.run(ContextRunnable.java:37)
	at org.apache.ratis.thirdparty.io.grpc.internal.SerializingExecutor.run(SerializingExecutor.java:133)
	at java.base/java.util.concurrent.ThreadPoolExecutor.runWorker(ThreadPoolExecutor.java:1136)
	at java.base/java.util.concurrent.ThreadPoolExecutor$Worker.run(ThreadPoolExecutor.java:635)
	at java.base/java.lang.Thread.run(Thread.java:840)
Caused by: org.apache.ratis.protocol.exceptions.GroupMismatchException: 90b7064f-8397-4c9e-a509-54ea80c9149b: group-A9BF880E318F not found.
	at org.apache.ratis.server.impl.RaftServerProxy$ImplMap.get(RaftServerProxy.java:154)
	at org.apache.ratis.server.impl.RaftServerProxy.getImplFuture(RaftServerProxy.java:364)
	at org.apache.ratis.server.impl.RaftServerProxy.submitClientRequestAsync(RaftServerProxy.java:448)
	at org.apache.ratis.grpc.server.GrpcClientProtocolService$RequestStreamObserver.processClientRequest(GrpcClientProtocolService.java:226)
	at org.apache.ratis.grpc.server.GrpcClientProtocolService$OrderedRequestStreamObserver.processClientRequest(GrpcClientProtocolService.java:332)
	at org.apache.ratis.util.SlidingWindow$Server.processRequestsFromHead(SlidingWindow.java:459)
	at org.apache.ratis.util.SlidingWindow$Server.receivedRequest(SlidingWindow.java:451)
	at org.apache.ratis.grpc.server.GrpcClientProtocolService$OrderedRequestStreamObserver.processClientRequest(GrpcClientProtocolService.java:356)
	at org.apache.ratis.grpc.server.GrpcClientProtocolService$RequestStreamObserver.onNext(GrpcClientProtocolService.java:246)
	at org.apache.ratis.grpc.server.GrpcClientProtocolService$RequestStreamObserver.onNext(GrpcClientProtocolService.java:169)
	at org.apache.ratis.thirdparty.io.grpc.stub.ServerCalls$StreamingServerCallHandler$StreamingServerCallListener.onMessage(ServerCalls.java:262)
	at org.apache.ratis.thirdparty.io.grpc.ForwardingServerCallListener.onMessage(ForwardingServerCallListener.java:33)
	at org.apache.ratis.thirdparty.io.grpc.internal.ServerCallImpl$ServerStreamListenerImpl.messagesAvailableInternal(ServerCallImpl.java:329)
	at org.apache.ratis.thirdparty.io.grpc.internal.ServerCallImpl$ServerStreamListenerImpl.messagesAvailable(ServerCallImpl.java:314)
	at org.apache.ratis.thirdparty.io.grpc.internal.ServerImpl$JumpToApplicationThreadServerStreamListener$1MessagesAvailable.runInContext(ServerImpl.java:833)
	... 5 more
2024-05-06 09:05:07,702 [grpc-default-executor-15] ERROR impl.OrderedAsync (OrderedAsync.java:lambda$send$4(179)) - Failed to send request, message=cmdType: WriteChunk
traceID: ""
containerID: 1
datanodeUuid: "784e0075-095e-4f49-808e-af9ec74479d6"
writeChunk {
  blockID {
    containerID: 1
    localID: 113750153625600001
    blockCommitSequenceId: 14
    replicaIndex: 0
  }
  chunkData {
    chunkName: "113750153625600001_chunk_6"
    offset: 500
    len: 100
    checksumData {
      type: NONE
      bytesPerChecksum: 1048576
    }
  }
}
, data.size=100
java.util.concurrent.CompletionException: org.apache.ratis.protocol.exceptions.GroupMismatchException: 90b7064f-8397-4c9e-a509-54ea80c9149b: group-A9BF880E318F not found.
	at java.base/java.util.concurrent.CompletableFuture.encodeThrowable(CompletableFuture.java:332)
	at java.base/java.util.concurrent.CompletableFuture.completeThrowable(CompletableFuture.java:347)
	at java.base/java.util.concurrent.CompletableFuture$UniApply.tryFire(CompletableFuture.java:636)
	at java.base/java.util.concurrent.CompletableFuture.postComplete(CompletableFuture.java:510)
	at java.base/java.util.concurrent.CompletableFuture.completeExceptionally(CompletableFuture.java:2162)
	at org.apache.ratis.client.impl.OrderedAsync$PendingOrderedRequest.fail(OrderedAsync.java:105)
	at org.apache.ratis.util.SlidingWindow$Client.fail(SlidingWindow.java:392)
	at org.apache.ratis.client.impl.OrderedAsync.failAllAsyncRequests(OrderedAsync.java:149)
	at org.apache.ratis.client.impl.OrderedAsync.lambda$sendRequest$9(OrderedAsync.java:264)
	at java.base/java.util.concurrent.CompletableFuture.uniExceptionally(CompletableFuture.java:990)
	at java.base/java.util.concurrent.CompletableFuture$UniExceptionally.tryFire(CompletableFuture.java:974)
	at java.base/java.util.concurrent.CompletableFuture.postComplete(CompletableFuture.java:510)
	at java.base/java.util.concurrent.CompletableFuture.completeExceptionally(CompletableFuture.java:2162)
	at org.apache.ratis.grpc.client.GrpcClientProtocolClient$AsyncStreamObservers.completeReplyExceptionally(GrpcClientProtocolClient.java:394)
	at org.apache.ratis.grpc.client.GrpcClientProtocolClient$AsyncStreamObservers.access$000(GrpcClientProtocolClient.java:300)
	at org.apache.ratis.grpc.client.GrpcClientProtocolClient$AsyncStreamObservers$1.onError(GrpcClientProtocolClient.java:331)
	at org.apache.ratis.thirdparty.io.grpc.stub.ClientCalls$StreamObserverToCallListenerAdapter.onClose(ClientCalls.java:481)
	at org.apache.ratis.thirdparty.io.grpc.PartialForwardingClientCallListener.onClose(PartialForwardingClientCallListener.java:39)
	at org.apache.ratis.thirdparty.io.grpc.ForwardingClientCallListener.onClose(ForwardingClientCallListener.java:23)
	at org.apache.ratis.grpc.metrics.intercept.client.MetricClientCallListener.onClose(MetricClientCallListener.java:47)
	at org.apache.ratis.thirdparty.io.grpc.internal.DelayedClientCall$DelayedListener$3.run(DelayedClientCall.java:489)
	at org.apache.ratis.thirdparty.io.grpc.internal.DelayedClientCall$DelayedListener.delayOrExecute(DelayedClientCall.java:453)
	at org.apache.ratis.thirdparty.io.grpc.internal.DelayedClientCall$DelayedListener.onClose(DelayedClientCall.java:486)
	at org.apache.ratis.thirdparty.io.grpc.internal.ClientCallImpl.closeObserver(ClientCallImpl.java:567)
	at org.apache.ratis.thirdparty.io.grpc.internal.ClientCallImpl.access$300(ClientCallImpl.java:71)
	at org.apache.ratis.thirdparty.io.grpc.internal.ClientCallImpl$ClientStreamListenerImpl$1StreamClosed.runInternal(ClientCallImpl.java:735)
	at org.apache.ratis.thirdparty.io.grpc.internal.ClientCallImpl$ClientStreamListenerImpl$1StreamClosed.runInContext(ClientCallImpl.java:716)
	at org.apache.ratis.thirdparty.io.grpc.internal.ContextRunnable.run(ContextRunnable.java:37)
	at org.apache.ratis.thirdparty.io.grpc.internal.SerializingExecutor.run(SerializingExecutor.java:133)
	at java.base/java.util.concurrent.ThreadPoolExecutor.runWorker(ThreadPoolExecutor.java:1136)
	at java.base/java.util.concurrent.ThreadPoolExecutor$Worker.run(ThreadPoolExecutor.java:635)
	at java.base/java.lang.Thread.run(Thread.java:840)
Caused by: org.apache.ratis.protocol.exceptions.GroupMismatchException: 90b7064f-8397-4c9e-a509-54ea80c9149b: group-A9BF880E318F not found.
	at org.apache.ratis.server.impl.RaftServerProxy$ImplMap.get(RaftServerProxy.java:154)
	at org.apache.ratis.server.impl.RaftServerProxy.getImplFuture(RaftServerProxy.java:364)
	at org.apache.ratis.server.impl.RaftServerProxy.submitClientRequestAsync(RaftServerProxy.java:448)
	at org.apache.ratis.grpc.server.GrpcClientProtocolService$RequestStreamObserver.processClientRequest(GrpcClientProtocolService.java:226)
	at org.apache.ratis.grpc.server.GrpcClientProtocolService$OrderedRequestStreamObserver.processClientRequest(GrpcClientProtocolService.java:332)
	at org.apache.ratis.util.SlidingWindow$Server.processRequestsFromHead(SlidingWindow.java:459)
	at org.apache.ratis.util.SlidingWindow$Server.receivedRequest(SlidingWindow.java:451)
	at org.apache.ratis.grpc.server.GrpcClientProtocolService$OrderedRequestStreamObserver.processClientRequest(GrpcClientProtocolService.java:356)
	at org.apache.ratis.grpc.server.GrpcClientProtocolService$RequestStreamObserver.onNext(GrpcClientProtocolService.java:246)
	at org.apache.ratis.grpc.server.GrpcClientProtocolService$RequestStreamObserver.onNext(GrpcClientProtocolService.java:169)
	at org.apache.ratis.thirdparty.io.grpc.stub.ServerCalls$StreamingServerCallHandler$StreamingServerCallListener.onMessage(ServerCalls.java:262)
	at org.apache.ratis.thirdparty.io.grpc.ForwardingServerCallListener.onMessage(ForwardingServerCallListener.java:33)
	at org.apache.ratis.thirdparty.io.grpc.internal.ServerCallImpl$ServerStreamListenerImpl.messagesAvailableInternal(ServerCallImpl.java:329)
	at org.apache.ratis.thirdparty.io.grpc.internal.ServerCallImpl$ServerStreamListenerImpl.messagesAvailable(ServerCallImpl.java:314)
	at org.apache.ratis.thirdparty.io.grpc.internal.ServerImpl$JumpToApplicationThreadServerStreamListener$1MessagesAvailable.runInContext(ServerImpl.java:833)
	... 5 more
2024-05-06 09:05:07,702 [grpc-default-executor-15] ERROR impl.OrderedAsync (OrderedAsync.java:lambda$send$4(177)) - Failed to send request, message=cmdType: WriteChunk
traceID: ""
containerID: 1
datanodeUuid: "784e0075-095e-4f49-808e-af9ec74479d6"
writeChunk {
  blockID {
    containerID: 1
    localID: 113750153625600001
    blockCommitSequenceId: 14
    replicaIndex: 0
  }
  chunkData {
    chunkName: "113750153625600001_chunk_7"
    offset: 600
    len: 100
    checksumData {
      type: NONE
      bytesPerChecksum: 1048576
    }
  }
}
, data.size=100 due to java.util.concurrent.CompletionException: org.apache.ratis.protocol.exceptions.AlreadyClosedException: SlidingWindow$Client:client-3CCDD3794440->RAFT is closed.
2024-05-06 09:05:07,703 [grpc-default-executor-15] ERROR impl.OrderedAsync (OrderedAsync.java:lambda$send$4(177)) - Failed to send request, message=cmdType: PutBlock
traceID: ""
containerID: 1
datanodeUuid: "784e0075-095e-4f49-808e-af9ec74479d6"
putBlock {
  blockData {
    blockID {
      containerID: 1
      localID: 113750153625600001
      blockCommitSequenceId: 0
    }
    metadata {
      key: "TYPE"
      value: "KEY"
    }
    chunks {
      chunkName: "113750153625600001_chunk_1"
      offset: 0
      len: 100
      checksumData {
        type: NONE
        bytesPerChecksum: 1048576
      }
    }
    chunks {
      chunkName: "113750153625600001_chunk_2"
      offset: 100
      len: 100
      checksumData {
        type: NONE
        bytesPerChecksum: 1048576
      }
    }
    chunks {
      chunkName: "113750153625600001_chunk_3"
      offset: 200
      len: 100
      checksumData {
        type: NONE
        bytesPerChecksum: 1048576
      }
    }
    chunks {
      chunkName: "113750153625600001_chunk_4"
      offset: 300
      len: 100
      checksumData {
        type: NONE
        bytesPerChecksum: 1048576
      }
    }
    chunks {
      chunkName: "113750153625600001_chunk_5"
      offset: 400
      len: 100
      checksumData {
        type: NONE
        bytesPerChecksum: 1048576
      }
    }
    chunks {
      chunkName: "113750153625600001_chunk_6"
      offset: 500
      len: 100
      checksumData {
        type: NONE
        bytesPerChecksum: 1048576
      }
    }
    chunks {
      chunkName: "113750153625600001_chunk_7"
      offset: 600
      len: 100
      checksumData {
        type: NONE
        bytesPerChecksum: 1048576
      }
    }
  }
  eof: false
}
, data.size=0 due to java.util.concurrent.CompletionException: org.apache.ratis.protocol.exceptions.AlreadyClosedException: SlidingWindow$Client:client-3CCDD3794440->RAFT is closed.
2024-05-06 09:05:07,704 [grpc-default-executor-15] ERROR impl.OrderedAsync (OrderedAsync.java:lambda$send$4(177)) - Failed to send request, message=cmdType: WriteChunk
traceID: ""
containerID: 1
datanodeUuid: "784e0075-095e-4f49-808e-af9ec74479d6"
writeChunk {
  blockID {
    containerID: 1
    localID: 113750153625600001
    blockCommitSequenceId: 14
    replicaIndex: 0
  }
  chunkData {
    chunkName: "113750153625600001_chunk_8"
    offset: 700
    len: 100
    checksumData {
      type: NONE
      bytesPerChecksum: 1048576
    }
  }
}
, data.size=100 due to java.util.concurrent.CompletionException: org.apache.ratis.protocol.exceptions.AlreadyClosedException: SlidingWindow$Client:client-3CCDD3794440->RAFT is closed.
2024-05-06 09:05:07,704 [grpc-default-executor-15] ERROR impl.OrderedAsync (OrderedAsync.java:lambda$send$4(177)) - Failed to send request, message=cmdType: PutBlock
traceID: ""
containerID: 1
datanodeUuid: "784e0075-095e-4f49-808e-af9ec74479d6"
putBlock {
  blockData {
    blockID {
      containerID: 1
      localID: 113750153625600001
      blockCommitSequenceId: 0
    }
    metadata {
      key: "TYPE"
      value: "KEY"
    }
    chunks {
      chunkName: "113750153625600001_chunk_1"
      offset: 0
      len: 100
      checksumData {
        type: NONE
        bytesPerChecksum: 1048576
      }
    }
    chunks {
      chunkName: "113750153625600001_chunk_2"
      offset: 100
      len: 100
      checksumData {
        type: NONE
        bytesPerChecksum: 1048576
      }
    }
    chunks {
      chunkName: "113750153625600001_chunk_3"
      offset: 200
      len: 100
      checksumData {
        type: NONE
        bytesPerChecksum: 1048576
      }
    }
    chunks {
      chunkName: "113750153625600001_chunk_4"
      offset: 300
      len: 100
      checksumData {
        type: NONE
        bytesPerChecksum: 1048576
      }
    }
    chunks {
      chunkName: "113750153625600001_chunk_5"
      offset: 400
      len: 100
      checksumData {
        type: NONE
        bytesPerChecksum: 1048576
      }
    }
    chunks {
      chunkName: "113750153625600001_chunk_6"
      offset: 500
      len: 100
      checksumData {
        type: NONE
        bytesPerChecksum: 1048576
      }
    }
    chunks {
      chunkName: "113750153625600001_chunk_7"
      offset: 600
      len: 100
      checksumData {
        type: NONE
        bytesPerChecksum: 1048576
      }
    }
    chunks {
      chunkName: "113750153625600001_chunk_8"
      offset: 700
      len: 100
      checksumData {
        type: NONE
        bytesPerChecksum: 1048576
      }
    }
  }
  eof: true
}
, data.size=0 due to java.util.concurrent.CompletionException: org.apache.ratis.protocol.exceptions.AlreadyClosedException: SlidingWindow$Client:client-3CCDD3794440->RAFT is closed.
2024-05-06 09:05:07,705 [main] WARN  io.KeyOutputStream (KeyOutputStream.java:handleException(305)) - Encountered exception java.io.IOException: Unexpected Storage Container Exception: java.util.concurrent.CompletionException: Failed to write chunk 113750153625600001_chunk_6 into block conID: 1 locID: 113750153625600001 bcsId: 14 on the pipeline Pipeline[ Id: 87f1befd-0e19-4082-a863-a9bf880e318f, Nodes: 784e0075-095e-4f49-808e-af9ec74479d6(localhost/127.0.0.1)0e9e7d01-6cef-4822-a23d-4188eb8fb4d0(localhost/127.0.0.1)90b7064f-8397-4c9e-a509-54ea80c9149b(localhost/127.0.0.1), ReplicationConfig: RATIS/THREE, State:OPEN, leaderId:90b7064f-8397-4c9e-a509-54ea80c9149b, CreationTimestamp2024-05-06T08:59:23.731Z[Etc/UTC]]. The last committed block length is 500, uncommitted data length is 300 retry count 0
2024-05-06 09:05:07,819 [main] INFO  ozone.MiniOzoneClusterImpl (MiniOzoneClusterImpl.java:shutdown(396)) - Shutting down the Mini Ozone Cluster
2024-05-06 09:05:07,819 [main] INFO  db.CodecTestUtil (CodecTestUtil.java:gc(50)) - gc 0
2024-05-06 09:05:07,991 [main] INFO  ozone.MiniOzoneClusterImpl (MiniOzoneClusterImpl.java:stop(412)) - Stopping the Mini Ozone Cluster
2024-05-06 09:05:07,991 [main] INFO  om.OzoneManager (OzoneManager.java:stop(2232)) - om1[localhost:15057]: Stopping Ozone Manager
2024-05-06 09:05:07,991 [main] INFO  ipc.Server (Server.java:stop(3523)) - Stopping server on 15057
2024-05-06 09:05:07,992 [IPC Server listener on 15057] INFO  ipc.Server (Server.java:run(1434)) - Stopping IPC Server listener on 15057
2024-05-06 09:05:07,993 [IPC Server Responder] INFO  ipc.Server (Server.java:run(1567)) - Stopping IPC Server Responder
2024-05-06 09:05:07,993 [main] INFO  ratis.OzoneManagerRatisServer (OzoneManagerRatisServer.java:stop(594)) - Stopping org.apache.hadoop.ozone.om.ratis.OzoneManagerRatisServer@6ba4d5ff at port 15060
2024-05-06 09:05:07,993 [main] INFO  server.RaftServer (RaftServerProxy.java:lambda$close$9(416)) - om1: close
2024-05-06 09:05:07,993 [main] INFO  server.GrpcService (GrpcService.java:closeImpl(311)) - om1: shutdown server GrpcServerProtocolService now
2024-05-06 09:05:07,994 [om1-impl-thread2] INFO  server.RaftServer$Division (RaftServerImpl.java:lambda$close$3(526)) - om1@group-C5BA1605619E: shutdown
2024-05-06 09:05:07,994 [main] INFO  server.GrpcService (GrpcService.java:closeImpl(320)) - om1: shutdown server GrpcServerProtocolService successfully
2024-05-06 09:05:07,994 [om1-impl-thread2] INFO  util.JmxRegister (JmxRegister.java:unregister(73)) - Successfully un-registered JMX Bean with object name Ratis:service=RaftServer,group=group-C5BA1605619E,id=om1
2024-05-06 09:05:07,994 [om1-impl-thread2] INFO  impl.RoleInfo (RoleInfo.java:shutdownLeaderState(94)) - om1: shutdown om1@group-C5BA1605619E-LeaderStateImpl
2024-05-06 09:05:07,994 [om1-impl-thread2] INFO  impl.PendingRequests (PendingRequests.java:sendNotLeaderResponses(289)) - om1@group-C5BA1605619E-PendingRequests: sendNotLeaderResponses
2024-05-06 09:05:07,994 [om1-impl-thread2] INFO  impl.StateMachineUpdater (StateMachineUpdater.java:stopAndJoin(157)) - om1@group-C5BA1605619E-StateMachineUpdater: set stopIndex = 10
2024-05-06 09:05:07,994 [om1@group-C5BA1605619E-StateMachineUpdater] INFO  ratis.OzoneManagerStateMachine (OzoneManagerStateMachine.java:takeSnapshotImpl(481)) -  applied = (t:1, i:10)
2024-05-06 09:05:07,994 [om1@group-C5BA1605619E-StateMachineUpdater] INFO  ratis.OzoneManagerStateMachine (OzoneManagerStateMachine.java:takeSnapshotImpl(482)) -  skipped = 9
2024-05-06 09:05:07,994 [om1@group-C5BA1605619E-StateMachineUpdater] INFO  ratis.OzoneManagerStateMachine (OzoneManagerStateMachine.java:takeSnapshotImpl(483)) - notified = (t:1, i:10)
2024-05-06 09:05:07,994 [om1@group-C5BA1605619E-StateMachineUpdater] INFO  ratis.OzoneManagerStateMachine (OzoneManagerStateMachine.java:takeSnapshotImpl(484)) - snapshot = (t:1, i:10)
2024-05-06 09:05:08,008 [om1@group-C5BA1605619E-StateMachineUpdater] INFO  impl.StateMachineUpdater (StateMachineUpdater.java:takeSnapshot(295)) - om1@group-C5BA1605619E-StateMachineUpdater: Took a snapshot at index 10
2024-05-06 09:05:08,008 [om1@group-C5BA1605619E-StateMachineUpdater] INFO  impl.StateMachineUpdater (StateMachineUpdater.java:lambda$new$0(98)) - om1@group-C5BA1605619E-StateMachineUpdater: snapshotIndex: updateIncreasingly -1 -> 10
2024-05-06 09:05:08,008 [om1@group-C5BA1605619E-StateMachineUpdater] INFO  ratis.OzoneManagerStateMachine (OzoneManagerStateMachine.java:close(527)) - Stopping OzoneManagerStateMachine:om1:group-C5BA1605619E.
2024-05-06 09:05:08,008 [om1@group-C5BA1605619E-StateMachineUpdater] INFO  ratis.OzoneManagerDoubleBuffer (OzoneManagerDoubleBuffer.java:stopDaemon(517)) - Stopping OMDoubleBuffer flush thread
2024-05-06 09:05:08,008 [om1-OMDoubleBufferFlushThread] INFO  ratis.OzoneManagerDoubleBuffer (OzoneManagerDoubleBuffer.java:canFlush(581)) - OMDoubleBuffer flush thread om1-OMDoubleBufferFlushThread is interrupted and will exit.
2024-05-06 09:05:08,008 [om1-impl-thread2] INFO  server.RaftServer$Division (ServerState.java:close(427)) - om1@group-C5BA1605619E: applyIndex: 10
2024-05-06 09:05:08,008 [om1@group-C5BA1605619E-cacheEviction-AwaitToRun] INFO  util.AwaitToRun (AwaitToRun.java:run(49)) - om1@group-C5BA1605619E-cacheEviction-AwaitToRun-AwaitForSignal is interrupted
2024-05-06 09:05:08,783 [om1-impl-thread2] INFO  segmented.SegmentedRaftLogWorker (SegmentedRaftLogWorker.java:close(245)) - om1@group-C5BA1605619E-SegmentedRaftLogWorker close()
2024-05-06 09:05:08,787 [JvmPauseMonitor8] INFO  util.JvmPauseMonitor (JvmPauseMonitor.java:run(152)) - JvmPauseMonitor-om1: Stopped
2024-05-06 09:05:08,788 [main] INFO  utils.BackgroundService (BackgroundService.java:shutdown(160)) - Shutting down service KeyDeletingService
2024-05-06 09:05:08,789 [main] INFO  utils.BackgroundService (BackgroundService.java:shutdown(160)) - Shutting down service DirectoryDeletingService
2024-05-06 09:05:08,789 [main] INFO  utils.BackgroundService (BackgroundService.java:shutdown(160)) - Shutting down service OpenKeyCleanupService
2024-05-06 09:05:08,790 [main] INFO  utils.BackgroundService (BackgroundService.java:shutdown(160)) - Shutting down service SstFilteringService
2024-05-06 09:05:08,790 [main] INFO  utils.BackgroundService (BackgroundService.java:shutdown(160)) - Shutting down service SnapshotDeletingService
2024-05-06 09:05:08,790 [main] INFO  utils.BackgroundService (BackgroundService.java:shutdown(160)) - Shutting down service MultipartUploadCleanupService
2024-05-06 09:05:08,791 [main] INFO  utils.BackgroundService (BackgroundService.java:shutdown(160)) - Shutting down service SnapshotDirectoryCleaningService
2024-05-06 09:05:08,792 [main] INFO  handler.ContextHandler (ContextHandler.java:doStop(1159)) - Stopped o.e.j.w.WebAppContext@5bc2fcc6{ozoneManager,/,null,STOPPED}{file:/home/runner/work/ozone/ozone/hadoop-ozone/integration-test/target/test-classes/webapps/ozoneManager}
2024-05-06 09:05:08,793 [main] INFO  server.AbstractConnector (AbstractConnector.java:doStop(383)) - Stopped ServerConnector@1da9b95d{HTTP/1.1, (http/1.1)}{0.0.0.0:15058}
2024-05-06 09:05:08,793 [main] INFO  server.session (HouseKeeper.java:stopScavenging(149)) - node0 Stopped scavenging
2024-05-06 09:05:08,793 [main] INFO  handler.ContextHandler (ContextHandler.java:doStop(1159)) - Stopped o.e.j.s.ServletContextHandler@22445d8e{static,/static,file:///home/runner/work/ozone/ozone/hadoop-ozone/integration-test/target/test-classes/webapps/static,STOPPED}
2024-05-06 09:05:08,794 [main] INFO  handler.ContextHandler (ContextHandler.java:doStop(1159)) - Stopped o.e.j.s.ServletContextHandler@27c2b83a{logs,/logs,file:///home/runner/work/ozone/ozone/hadoop-ozone/integration-test/target/log,STOPPED}
2024-05-06 09:05:08,795 [main] INFO  rocksdiff.RocksDBCheckpointDiffer (RocksDBCheckpointDiffer.java:close(309)) - Shutting down CompactionDagPruningService.
2024-05-06 09:05:08,797 [main] INFO  snapshot.SnapshotDiffManager (SnapshotDiffManager.java:closeExecutorService(1657)) - Shutting down executorService: 'SnapDiffExecutor'
2024-05-06 09:05:08,797 [main] INFO  utils.BackgroundService (BackgroundService.java:shutdown(160)) - Shutting down service SnapshotDiffCleanupService
2024-05-06 09:05:08,798 [main] INFO  ozone.MiniOzoneClusterImpl (MiniOzoneClusterImpl.java:stopDatanodes(471)) - Stopping the HddsDatanodes
2024-05-06 09:05:08,800 [ForkJoinPool.commonPool-worker-7] INFO  ozoneimpl.OzoneContainer (OzoneContainer.java:stop(481)) - Attempting to stop container services.
2024-05-06 09:05:08,800 [ContainerMetadataScanner] WARN  ozoneimpl.AbstractBackgroundContainerScanner (AbstractBackgroundContainerScanner.java:handleRemainingSleep(134)) - Background container scan was interrupted.
2024-05-06 09:05:08,800 [ContainerMetadataScanner] INFO  ozoneimpl.AbstractBackgroundContainerScanner (AbstractBackgroundContainerScanner.java:run(61)) - Thread[ContainerMetadataScanner,5,main] exiting.
2024-05-06 09:05:08,800 [ForkJoinPool.commonPool-worker-7] INFO  ozoneimpl.BackgroundContainerDataScanner (BackgroundContainerDataScanner.java:shutdown(141)) - ContainerDataScanner(/home/runner/work/ozone/ozone/hadoop-ozone/integration-test/target/test-dir/MiniOzoneClusterImpl-f8a20603-669c-41d5-94ea-e080bd68b2ef/ozone-meta/datanode-4/data-0/hdds) is shutting down. 
2024-05-06 09:05:08,801 [ContainerDataScanner(/home/runner/work/ozone/ozone/hadoop-ozone/integration-test/target/test-dir/MiniOzoneClusterImpl-f8a20603-669c-41d5-94ea-e080bd68b2ef/ozone-meta/datanode-4/data-0/hdds)] WARN  ozoneimpl.AbstractBackgroundContainerScanner (AbstractBackgroundContainerScanner.java:handleRemainingSleep(134)) - Background container scan was interrupted.
2024-05-06 09:05:08,801 [ContainerDataScanner(/home/runner/work/ozone/ozone/hadoop-ozone/integration-test/target/test-dir/MiniOzoneClusterImpl-f8a20603-669c-41d5-94ea-e080bd68b2ef/ozone-meta/datanode-4/data-0/hdds)] INFO  ozoneimpl.AbstractBackgroundContainerScanner (AbstractBackgroundContainerScanner.java:run(61)) - ContainerDataScanner(/home/runner/work/ozone/ozone/hadoop-ozone/integration-test/target/test-dir/MiniOzoneClusterImpl-f8a20603-669c-41d5-94ea-e080bd68b2ef/ozone-meta/datanode-4/data-0/hdds, DS-fd172fcf-7bc3-4fcd-aa5c-1e9a552bd511) exiting.
2024-05-06 09:05:08,801 [ForkJoinPool.commonPool-worker-7] INFO  server.RaftServer (RaftServerProxy.java:lambda$close$9(416)) - 2bd728a8-2257-45fc-a304-d79856c752fc: close
2024-05-06 09:05:08,802 [ForkJoinPool.commonPool-worker-4] INFO  ozoneimpl.OzoneContainer (OzoneContainer.java:stop(481)) - Attempting to stop container services.
2024-05-06 09:05:08,802 [2bd728a8-2257-45fc-a304-d79856c752fc-impl-thread2] INFO  server.RaftServer$Division (RaftServerImpl.java:lambda$close$3(526)) - 2bd728a8-2257-45fc-a304-d79856c752fc@group-D8ADA5FCF697: shutdown
2024-05-06 09:05:08,802 [ForkJoinPool.commonPool-worker-6] INFO  ozoneimpl.OzoneContainer (OzoneContainer.java:stop(481)) - Attempting to stop container services.
2024-05-06 09:05:08,802 [ContainerMetadataScanner] WARN  ozoneimpl.AbstractBackgroundContainerScanner (AbstractBackgroundContainerScanner.java:handleRemainingSleep(134)) - Background container scan was interrupted.
2024-05-06 09:05:08,802 [ContainerMetadataScanner] WARN  ozoneimpl.AbstractBackgroundContainerScanner (AbstractBackgroundContainerScanner.java:handleRemainingSleep(134)) - Background container scan was interrupted.
2024-05-06 09:05:08,802 [ContainerMetadataScanner] INFO  ozoneimpl.AbstractBackgroundContainerScanner (AbstractBackgroundContainerScanner.java:run(61)) - Thread[ContainerMetadataScanner,5,main] exiting.
2024-05-06 09:05:08,802 [ForkJoinPool.commonPool-worker-6] INFO  ozoneimpl.BackgroundContainerDataScanner (BackgroundContainerDataScanner.java:shutdown(141)) - ContainerDataScanner(/home/runner/work/ozone/ozone/hadoop-ozone/integration-test/target/test-dir/MiniOzoneClusterImpl-f8a20603-669c-41d5-94ea-e080bd68b2ef/ozone-meta/datanode-1/data-0/hdds) is shutting down. 
2024-05-06 09:05:08,802 [ContainerDataScanner(/home/runner/work/ozone/ozone/hadoop-ozone/integration-test/target/test-dir/MiniOzoneClusterImpl-f8a20603-669c-41d5-94ea-e080bd68b2ef/ozone-meta/datanode-1/data-0/hdds)] WARN  ozoneimpl.AbstractBackgroundContainerScanner (AbstractBackgroundContainerScanner.java:handleRemainingSleep(134)) - Background container scan was interrupted.
2024-05-06 09:05:08,802 [ContainerDataScanner(/home/runner/work/ozone/ozone/hadoop-ozone/integration-test/target/test-dir/MiniOzoneClusterImpl-f8a20603-669c-41d5-94ea-e080bd68b2ef/ozone-meta/datanode-1/data-0/hdds)] INFO  ozoneimpl.AbstractBackgroundContainerScanner (AbstractBackgroundContainerScanner.java:run(61)) - ContainerDataScanner(/home/runner/work/ozone/ozone/hadoop-ozone/integration-test/target/test-dir/MiniOzoneClusterImpl-f8a20603-669c-41d5-94ea-e080bd68b2ef/ozone-meta/datanode-1/data-0/hdds, DS-7185c0bd-95ed-4c6f-a70e-5f0c2c137208) exiting.
2024-05-06 09:05:08,802 [ForkJoinPool.commonPool-worker-6] INFO  server.RaftServer (RaftServerProxy.java:lambda$close$9(416)) - 90b7064f-8397-4c9e-a509-54ea80c9149b: close
2024-05-06 09:05:08,802 [2bd728a8-2257-45fc-a304-d79856c752fc-impl-thread2] INFO  util.JmxRegister (JmxRegister.java:unregister(73)) - Successfully un-registered JMX Bean with object name Ratis:service=RaftServer,group=group-D8ADA5FCF697,id=2bd728a8-2257-45fc-a304-d79856c752fc
2024-05-06 09:05:08,802 [ContainerMetadataScanner] INFO  ozoneimpl.AbstractBackgroundContainerScanner (AbstractBackgroundContainerScanner.java:run(61)) - Thread[ContainerMetadataScanner,5,main] exiting.
2024-05-06 09:05:08,803 [2bd728a8-2257-45fc-a304-d79856c752fc-impl-thread2] INFO  impl.RoleInfo (RoleInfo.java:shutdownFollowerState(110)) - 2bd728a8-2257-45fc-a304-d79856c752fc: shutdown 2bd728a8-2257-45fc-a304-d79856c752fc@group-D8ADA5FCF697-FollowerState
2024-05-06 09:05:08,803 [ForkJoinPool.commonPool-worker-4] INFO  ozoneimpl.BackgroundContainerDataScanner (BackgroundContainerDataScanner.java:shutdown(141)) - ContainerDataScanner(/home/runner/work/ozone/ozone/hadoop-ozone/integration-test/target/test-dir/MiniOzoneClusterImpl-f8a20603-669c-41d5-94ea-e080bd68b2ef/ozone-meta/datanode-5/data-0/hdds) is shutting down. 
2024-05-06 09:05:08,803 [ContainerDataScanner(/home/runner/work/ozone/ozone/hadoop-ozone/integration-test/target/test-dir/MiniOzoneClusterImpl-f8a20603-669c-41d5-94ea-e080bd68b2ef/ozone-meta/datanode-5/data-0/hdds)] WARN  ozoneimpl.AbstractBackgroundContainerScanner (AbstractBackgroundContainerScanner.java:handleRemainingSleep(134)) - Background container scan was interrupted.
2024-05-06 09:05:08,803 [2bd728a8-2257-45fc-a304-d79856c752fc@group-D8ADA5FCF697-StateMachineUpdater] INFO  ratis.ContainerStateMachine (ContainerStateMachine.java:takeSnapshot(355)) - group-D8ADA5FCF697: Taking a snapshot at:(t:1, i:16) file /home/runner/work/ozone/ozone/hadoop-ozone/integration-test/target/test-dir/MiniOzoneClusterImpl-f8a20603-669c-41d5-94ea-e080bd68b2ef/ozone-meta/datanode-4/ratis/02411cfa-4be8-485c-be5f-d8ada5fcf697/sm/snapshot.1_16
2024-05-06 09:05:08,803 [2bd728a8-2257-45fc-a304-d79856c752fc@group-D8ADA5FCF697-FollowerState] INFO  impl.FollowerState (FollowerState.java:run(152)) - 2bd728a8-2257-45fc-a304-d79856c752fc@group-D8ADA5FCF697-FollowerState was interrupted
2024-05-06 09:05:08,803 [ContainerDataScanner(/home/runner/work/ozone/ozone/hadoop-ozone/integration-test/target/test-dir/MiniOzoneClusterImpl-f8a20603-669c-41d5-94ea-e080bd68b2ef/ozone-meta/datanode-5/data-0/hdds)] INFO  ozoneimpl.AbstractBackgroundContainerScanner (AbstractBackgroundContainerScanner.java:run(61)) - ContainerDataScanner(/home/runner/work/ozone/ozone/hadoop-ozone/integration-test/target/test-dir/MiniOzoneClusterImpl-f8a20603-669c-41d5-94ea-e080bd68b2ef/ozone-meta/datanode-5/data-0/hdds, DS-44b7d6c6-fec8-467b-9c0c-2a4a3d36e626) exiting.
2024-05-06 09:05:08,803 [2bd728a8-2257-45fc-a304-d79856c752fc-impl-thread2] INFO  impl.StateMachineUpdater (StateMachineUpdater.java:stopAndJoin(157)) - 2bd728a8-2257-45fc-a304-d79856c752fc@group-D8ADA5FCF697-StateMachineUpdater: set stopIndex = 16
2024-05-06 09:05:08,803 [ForkJoinPool.commonPool-worker-4] INFO  server.RaftServer (RaftServerProxy.java:lambda$close$9(416)) - fa7233c5-99c6-4a1a-a2f1-81d332223322: close
2024-05-06 09:05:08,804 [2bd728a8-2257-45fc-a304-d79856c752fc@group-D8ADA5FCF697-StateMachineUpdater] INFO  ratis.ContainerStateMachine (ContainerStateMachine.java:takeSnapshot(366)) - group-D8ADA5FCF697: Finished taking a snapshot at:(t:1, i:16) file:/home/runner/work/ozone/ozone/hadoop-ozone/integration-test/target/test-dir/MiniOzoneClusterImpl-f8a20603-669c-41d5-94ea-e080bd68b2ef/ozone-meta/datanode-4/ratis/02411cfa-4be8-485c-be5f-d8ada5fcf697/sm/snapshot.1_16 took: 1 ms
2024-05-06 09:05:08,804 [2bd728a8-2257-45fc-a304-d79856c752fc@group-D8ADA5FCF697-StateMachineUpdater] INFO  impl.StateMachineUpdater (StateMachineUpdater.java:takeSnapshot(295)) - 2bd728a8-2257-45fc-a304-d79856c752fc@group-D8ADA5FCF697-StateMachineUpdater: Took a snapshot at index 16
2024-05-06 09:05:08,804 [2bd728a8-2257-45fc-a304-d79856c752fc@group-D8ADA5FCF697-StateMachineUpdater] INFO  impl.StateMachineUpdater (StateMachineUpdater.java:lambda$new$0(98)) - 2bd728a8-2257-45fc-a304-d79856c752fc@group-D8ADA5FCF697-StateMachineUpdater: snapshotIndex: updateIncreasingly -1 -> 16
2024-05-06 09:05:08,807 [ForkJoinPool.commonPool-worker-7] INFO  server.GrpcService (GrpcService.java:closeImpl(311)) - 2bd728a8-2257-45fc-a304-d79856c752fc: shutdown server org.apache.ratis.grpc.server.GrpcClientProtocolService now
2024-05-06 09:05:08,807 [2bd728a8-2257-45fc-a304-d79856c752fc-impl-thread3] INFO  server.RaftServer$Division (RaftServerImpl.java:lambda$close$3(526)) - 2bd728a8-2257-45fc-a304-d79856c752fc@group-C866081F3671: shutdown
2024-05-06 09:05:08,807 [2bd728a8-2257-45fc-a304-d79856c752fc-impl-thread3] INFO  util.JmxRegister (JmxRegister.java:unregister(73)) - Successfully un-registered JMX Bean with object name Ratis:service=RaftServer,group=group-C866081F3671,id=2bd728a8-2257-45fc-a304-d79856c752fc
2024-05-06 09:05:08,807 [2bd728a8-2257-45fc-a304-d79856c752fc-impl-thread3] INFO  impl.RoleInfo (RoleInfo.java:shutdownLeaderState(94)) - 2bd728a8-2257-45fc-a304-d79856c752fc: shutdown 2bd728a8-2257-45fc-a304-d79856c752fc@group-C866081F3671-LeaderStateImpl
2024-05-06 09:05:08,808 [2bd728a8-2257-45fc-a304-d79856c752fc-impl-thread3] INFO  impl.PendingRequests (PendingRequests.java:sendNotLeaderResponses(289)) - 2bd728a8-2257-45fc-a304-d79856c752fc@group-C866081F3671-PendingRequests: sendNotLeaderResponses
2024-05-06 09:05:08,808 [2bd728a8-2257-45fc-a304-d79856c752fc-impl-thread3] INFO  impl.StateMachineUpdater (StateMachineUpdater.java:stopAndJoin(157)) - 2bd728a8-2257-45fc-a304-d79856c752fc@group-C866081F3671-StateMachineUpdater: set stopIndex = 0
2024-05-06 09:05:08,807 [2bd728a8-2257-45fc-a304-d79856c752fc-impl-thread2] INFO  server.RaftServer$Division (ServerState.java:close(427)) - 2bd728a8-2257-45fc-a304-d79856c752fc@group-D8ADA5FCF697: applyIndex: 16
2024-05-06 09:05:08,808 [2bd728a8-2257-45fc-a304-d79856c752fc@group-C866081F3671-StateMachineUpdater] INFO  ratis.ContainerStateMachine (ContainerStateMachine.java:takeSnapshot(355)) - group-C866081F3671: Taking a snapshot at:(t:1, i:0) file /home/runner/work/ozone/ozone/hadoop-ozone/integration-test/target/test-dir/MiniOzoneClusterImpl-f8a20603-669c-41d5-94ea-e080bd68b2ef/ozone-meta/datanode-4/ratis/0a2986ce-992b-45d9-b321-c866081f3671/sm/snapshot.1_0
2024-05-06 09:05:08,811 [90b7064f-8397-4c9e-a509-54ea80c9149b-impl-thread2] INFO  server.RaftServer$Division (RaftServerImpl.java:lambda$close$3(526)) - 90b7064f-8397-4c9e-a509-54ea80c9149b@group-D8ADA5FCF697: shutdown
2024-05-06 09:05:08,808 [Thread-2184] INFO  server.GrpcServerProtocolClient (GrpcServerProtocolClient.java:close(103)) - fa7233c5-99c6-4a1a-a2f1-81d332223322 Close channels
2024-05-06 09:05:08,807 [Thread-2183] INFO  server.GrpcServerProtocolClient (GrpcServerProtocolClient.java:close(103)) - 0e9e7d01-6cef-4822-a23d-4188eb8fb4d0 Close channels
2024-05-06 09:05:08,815 [90b7064f-8397-4c9e-a509-54ea80c9149b-impl-thread2] INFO  util.JmxRegister (JmxRegister.java:unregister(73)) - Successfully un-registered JMX Bean with object name Ratis:service=RaftServer,group=group-D8ADA5FCF697,id=90b7064f-8397-4c9e-a509-54ea80c9149b
2024-05-06 09:05:08,815 [90b7064f-8397-4c9e-a509-54ea80c9149b-impl-thread2] INFO  impl.RoleInfo (RoleInfo.java:shutdownFollowerState(110)) - 90b7064f-8397-4c9e-a509-54ea80c9149b: shutdown 90b7064f-8397-4c9e-a509-54ea80c9149b@group-D8ADA5FCF697-FollowerState
2024-05-06 09:05:08,815 [90b7064f-8397-4c9e-a509-54ea80c9149b-impl-thread2] INFO  impl.StateMachineUpdater (StateMachineUpdater.java:stopAndJoin(157)) - 90b7064f-8397-4c9e-a509-54ea80c9149b@group-D8ADA5FCF697-StateMachineUpdater: set stopIndex = 16
2024-05-06 09:05:08,812 [2bd728a8-2257-45fc-a304-d79856c752fc@group-C866081F3671-StateMachineUpdater] INFO  ratis.ContainerStateMachine (ContainerStateMachine.java:takeSnapshot(366)) - group-C866081F3671: Finished taking a snapshot at:(t:1, i:0) file:/home/runner/work/ozone/ozone/hadoop-ozone/integration-test/target/test-dir/MiniOzoneClusterImpl-f8a20603-669c-41d5-94ea-e080bd68b2ef/ozone-meta/datanode-4/ratis/0a2986ce-992b-45d9-b321-c866081f3671/sm/snapshot.1_0 took: 3 ms
2024-05-06 09:05:08,816 [2bd728a8-2257-45fc-a304-d79856c752fc@group-C866081F3671-StateMachineUpdater] INFO  impl.StateMachineUpdater (StateMachineUpdater.java:takeSnapshot(295)) - 2bd728a8-2257-45fc-a304-d79856c752fc@group-C866081F3671-StateMachineUpdater: Took a snapshot at index 0
2024-05-06 09:05:08,816 [2bd728a8-2257-45fc-a304-d79856c752fc@group-C866081F3671-StateMachineUpdater] INFO  impl.StateMachineUpdater (StateMachineUpdater.java:lambda$new$0(98)) - 2bd728a8-2257-45fc-a304-d79856c752fc@group-C866081F3671-StateMachineUpdater: snapshotIndex: updateIncreasingly -1 -> 0
2024-05-06 09:05:08,811 [90b7064f-8397-4c9e-a509-54ea80c9149b-impl-thread3] INFO  server.RaftServer$Division (RaftServerImpl.java:lambda$close$3(526)) - 90b7064f-8397-4c9e-a509-54ea80c9149b@group-C1A97FE0CD63: shutdown
2024-05-06 09:05:08,811 [2bd728a8-2257-45fc-a304-d79856c752fc@group-D8ADA5FCF697-cacheEviction-AwaitToRun] INFO  util.AwaitToRun (AwaitToRun.java:run(49)) - 2bd728a8-2257-45fc-a304-d79856c752fc@group-D8ADA5FCF697-cacheEviction-AwaitToRun-AwaitForSignal is interrupted
2024-05-06 09:05:08,811 [ForkJoinPool.commonPool-worker-6] INFO  server.GrpcService (GrpcService.java:closeImpl(311)) - 90b7064f-8397-4c9e-a509-54ea80c9149b: shutdown server org.apache.ratis.grpc.server.GrpcClientProtocolService now
2024-05-06 09:05:08,816 [2bd728a8-2257-45fc-a304-d79856c752fc-impl-thread3] INFO  server.RaftServer$Division (ServerState.java:close(427)) - 2bd728a8-2257-45fc-a304-d79856c752fc@group-C866081F3671: applyIndex: 0
2024-05-06 09:05:08,815 [90b7064f-8397-4c9e-a509-54ea80c9149b@group-D8ADA5FCF697-StateMachineUpdater] INFO  ratis.ContainerStateMachine (ContainerStateMachine.java:takeSnapshot(355)) - group-D8ADA5FCF697: Taking a snapshot at:(t:1, i:16) file /home/runner/work/ozone/ozone/hadoop-ozone/integration-test/target/test-dir/MiniOzoneClusterImpl-f8a20603-669c-41d5-94ea-e080bd68b2ef/ozone-meta/datanode-1/ratis/02411cfa-4be8-485c-be5f-d8ada5fcf697/sm/snapshot.1_16
2024-05-06 09:05:08,816 [2bd728a8-2257-45fc-a304-d79856c752fc@group-C866081F3671-cacheEviction-AwaitToRun] INFO  util.AwaitToRun (AwaitToRun.java:run(49)) - 2bd728a8-2257-45fc-a304-d79856c752fc@group-C866081F3671-cacheEviction-AwaitToRun-AwaitForSignal is interrupted
2024-05-06 09:05:08,815 [90b7064f-8397-4c9e-a509-54ea80c9149b@group-D8ADA5FCF697-FollowerState] INFO  impl.FollowerState (FollowerState.java:run(152)) - 90b7064f-8397-4c9e-a509-54ea80c9149b@group-D8ADA5FCF697-FollowerState was interrupted
2024-05-06 09:05:08,816 [90b7064f-8397-4c9e-a509-54ea80c9149b-impl-thread3] INFO  util.JmxRegister (JmxRegister.java:unregister(73)) - Successfully un-registered JMX Bean with object name Ratis:service=RaftServer,group=group-C1A97FE0CD63,id=90b7064f-8397-4c9e-a509-54ea80c9149b
2024-05-06 09:05:08,817 [90b7064f-8397-4c9e-a509-54ea80c9149b-impl-thread3] INFO  impl.RoleInfo (RoleInfo.java:shutdownLeaderState(94)) - 90b7064f-8397-4c9e-a509-54ea80c9149b: shutdown 90b7064f-8397-4c9e-a509-54ea80c9149b@group-C1A97FE0CD63-LeaderStateImpl
2024-05-06 09:05:08,817 [90b7064f-8397-4c9e-a509-54ea80c9149b-impl-thread3] INFO  impl.PendingRequests (PendingRequests.java:sendNotLeaderResponses(289)) - 90b7064f-8397-4c9e-a509-54ea80c9149b@group-C1A97FE0CD63-PendingRequests: sendNotLeaderResponses
2024-05-06 09:05:08,817 [90b7064f-8397-4c9e-a509-54ea80c9149b@group-D8ADA5FCF697-StateMachineUpdater] INFO  ratis.ContainerStateMachine (ContainerStateMachine.java:takeSnapshot(366)) - group-D8ADA5FCF697: Finished taking a snapshot at:(t:1, i:16) file:/home/runner/work/ozone/ozone/hadoop-ozone/integration-test/target/test-dir/MiniOzoneClusterImpl-f8a20603-669c-41d5-94ea-e080bd68b2ef/ozone-meta/datanode-1/ratis/02411cfa-4be8-485c-be5f-d8ada5fcf697/sm/snapshot.1_16 took: 1 ms
2024-05-06 09:05:08,817 [90b7064f-8397-4c9e-a509-54ea80c9149b@group-D8ADA5FCF697-StateMachineUpdater] INFO  impl.StateMachineUpdater (StateMachineUpdater.java:takeSnapshot(295)) - 90b7064f-8397-4c9e-a509-54ea80c9149b@group-D8ADA5FCF697-StateMachineUpdater: Took a snapshot at index 16
2024-05-06 09:05:08,817 [90b7064f-8397-4c9e-a509-54ea80c9149b@group-D8ADA5FCF697-StateMachineUpdater] INFO  impl.StateMachineUpdater (StateMachineUpdater.java:lambda$new$0(98)) - 90b7064f-8397-4c9e-a509-54ea80c9149b@group-D8ADA5FCF697-StateMachineUpdater: snapshotIndex: updateIncreasingly -1 -> 16
2024-05-06 09:05:08,817 [90b7064f-8397-4c9e-a509-54ea80c9149b-impl-thread2] INFO  server.RaftServer$Division (ServerState.java:close(427)) - 90b7064f-8397-4c9e-a509-54ea80c9149b@group-D8ADA5FCF697: applyIndex: 16
2024-05-06 09:05:08,818 [90b7064f-8397-4c9e-a509-54ea80c9149b@group-D8ADA5FCF697-cacheEviction-AwaitToRun] INFO  util.AwaitToRun (AwaitToRun.java:run(49)) - 90b7064f-8397-4c9e-a509-54ea80c9149b@group-D8ADA5FCF697-cacheEviction-AwaitToRun-AwaitForSignal is interrupted
2024-05-06 09:05:08,818 [90b7064f-8397-4c9e-a509-54ea80c9149b-impl-thread3] INFO  impl.StateMachineUpdater (StateMachineUpdater.java:stopAndJoin(157)) - 90b7064f-8397-4c9e-a509-54ea80c9149b@group-C1A97FE0CD63-StateMachineUpdater: set stopIndex = 0
2024-05-06 09:05:08,818 [90b7064f-8397-4c9e-a509-54ea80c9149b@group-C1A97FE0CD63-StateMachineUpdater] INFO  ratis.ContainerStateMachine (ContainerStateMachine.java:takeSnapshot(355)) - group-C1A97FE0CD63: Taking a snapshot at:(t:1, i:0) file /home/runner/work/ozone/ozone/hadoop-ozone/integration-test/target/test-dir/MiniOzoneClusterImpl-f8a20603-669c-41d5-94ea-e080bd68b2ef/ozone-meta/datanode-1/ratis/0bd4f3f8-1b4b-4dd0-a617-c1a97fe0cd63/sm/snapshot.1_0
2024-05-06 09:05:08,819 [90b7064f-8397-4c9e-a509-54ea80c9149b@group-C1A97FE0CD63-StateMachineUpdater] INFO  ratis.ContainerStateMachine (ContainerStateMachine.java:takeSnapshot(366)) - group-C1A97FE0CD63: Finished taking a snapshot at:(t:1, i:0) file:/home/runner/work/ozone/ozone/hadoop-ozone/integration-test/target/test-dir/MiniOzoneClusterImpl-f8a20603-669c-41d5-94ea-e080bd68b2ef/ozone-meta/datanode-1/ratis/0bd4f3f8-1b4b-4dd0-a617-c1a97fe0cd63/sm/snapshot.1_0 took: 0 ms
2024-05-06 09:05:08,819 [90b7064f-8397-4c9e-a509-54ea80c9149b@group-C1A97FE0CD63-StateMachineUpdater] INFO  impl.StateMachineUpdater (StateMachineUpdater.java:takeSnapshot(295)) - 90b7064f-8397-4c9e-a509-54ea80c9149b@group-C1A97FE0CD63-StateMachineUpdater: Took a snapshot at index 0
2024-05-06 09:05:08,819 [90b7064f-8397-4c9e-a509-54ea80c9149b@group-C1A97FE0CD63-StateMachineUpdater] INFO  impl.StateMachineUpdater (StateMachineUpdater.java:lambda$new$0(98)) - 90b7064f-8397-4c9e-a509-54ea80c9149b@group-C1A97FE0CD63-StateMachineUpdater: snapshotIndex: updateIncreasingly -1 -> 0
2024-05-06 09:05:08,819 [90b7064f-8397-4c9e-a509-54ea80c9149b-impl-thread3] INFO  server.RaftServer$Division (ServerState.java:close(427)) - 90b7064f-8397-4c9e-a509-54ea80c9149b@group-C1A97FE0CD63: applyIndex: 0
2024-05-06 09:05:08,819 [90b7064f-8397-4c9e-a509-54ea80c9149b@group-C1A97FE0CD63-cacheEviction-AwaitToRun] INFO  util.AwaitToRun (AwaitToRun.java:run(49)) - 90b7064f-8397-4c9e-a509-54ea80c9149b@group-C1A97FE0CD63-cacheEviction-AwaitToRun-AwaitForSignal is interrupted
2024-05-06 09:05:08,823 [fa7233c5-99c6-4a1a-a2f1-81d332223322-impl-thread2] INFO  server.RaftServer$Division (RaftServerImpl.java:lambda$close$3(526)) - fa7233c5-99c6-4a1a-a2f1-81d332223322@group-D8ADA5FCF697: shutdown
2024-05-06 09:05:08,823 [fa7233c5-99c6-4a1a-a2f1-81d332223322-impl-thread2] INFO  util.JmxRegister (JmxRegister.java:unregister(73)) - Successfully un-registered JMX Bean with object name Ratis:service=RaftServer,group=group-D8ADA5FCF697,id=fa7233c5-99c6-4a1a-a2f1-81d332223322
2024-05-06 09:05:08,823 [fa7233c5-99c6-4a1a-a2f1-81d332223322-impl-thread2] INFO  impl.RoleInfo (RoleInfo.java:shutdownLeaderState(94)) - fa7233c5-99c6-4a1a-a2f1-81d332223322: shutdown fa7233c5-99c6-4a1a-a2f1-81d332223322@group-D8ADA5FCF697-LeaderStateImpl
2024-05-06 09:05:08,823 [fa7233c5-99c6-4a1a-a2f1-81d332223322-impl-thread2] INFO  impl.PendingRequests (PendingRequests.java:sendNotLeaderResponses(289)) - fa7233c5-99c6-4a1a-a2f1-81d332223322@group-D8ADA5FCF697-PendingRequests: sendNotLeaderResponses
2024-05-06 09:05:08,823 [fa7233c5-99c6-4a1a-a2f1-81d332223322@group-D8ADA5FCF697->2bd728a8-2257-45fc-a304-d79856c752fc-GrpcLogAppender-LogAppenderDaemon] WARN  server.GrpcLogAppender (GrpcLogAppender.java:mayWait(289)) - fa7233c5-99c6-4a1a-a2f1-81d332223322@group-D8ADA5FCF697->2bd728a8-2257-45fc-a304-d79856c752fc-GrpcLogAppender: Wait interrupted by java.lang.InterruptedException
2024-05-06 09:05:08,823 [fa7233c5-99c6-4a1a-a2f1-81d332223322@group-D8ADA5FCF697->90b7064f-8397-4c9e-a509-54ea80c9149b-GrpcLogAppender-LogAppenderDaemon] WARN  server.GrpcLogAppender (GrpcLogAppender.java:mayWait(289)) - fa7233c5-99c6-4a1a-a2f1-81d332223322@group-D8ADA5FCF697->90b7064f-8397-4c9e-a509-54ea80c9149b-GrpcLogAppender: Wait interrupted by java.lang.InterruptedException
2024-05-06 09:05:08,824 [fa7233c5-99c6-4a1a-a2f1-81d332223322-impl-thread2] INFO  impl.StateMachineUpdater (StateMachineUpdater.java:stopAndJoin(157)) - fa7233c5-99c6-4a1a-a2f1-81d332223322@group-D8ADA5FCF697-StateMachineUpdater: set stopIndex = 17
2024-05-06 09:05:08,824 [grpc-default-executor-17] INFO  server.GrpcServerProtocolService (GrpcServerProtocolService.java:onCompleted(157)) - 90b7064f-8397-4c9e-a509-54ea80c9149b: Completed APPEND_ENTRIES, lastRequest: fa7233c5-99c6-4a1a-a2f1-81d332223322->90b7064f-8397-4c9e-a509-54ea80c9149b#125-t1,previous=(t:1, i:16),leaderCommit=16,initializing? false,entries: size=1, first=(t:1, i:17), METADATAENTRY(c:16)
2024-05-06 09:05:08,824 [grpc-default-executor-14] INFO  server.GrpcServerProtocolService (GrpcServerProtocolService.java:onCompleted(157)) - 2bd728a8-2257-45fc-a304-d79856c752fc: Completed APPEND_ENTRIES, lastRequest: fa7233c5-99c6-4a1a-a2f1-81d332223322->2bd728a8-2257-45fc-a304-d79856c752fc#123-t1,previous=(t:1, i:16),leaderCommit=16,initializing? false,entries: size=1, first=(t:1, i:17), METADATAENTRY(c:16)
2024-05-06 09:05:08,824 [grpc-default-executor-14] INFO  server.GrpcServerProtocolService (GrpcServerProtocolService.java:lambda$onCompleted$5(159)) - 2bd728a8-2257-45fc-a304-d79856c752fc: Completed APPEND_ENTRIES, lastReply: null
2024-05-06 09:05:08,824 [grpc-default-executor-15] INFO  server.GrpcServerProtocolService (GrpcServerProtocolService.java:onCompleted(157)) - 90b7064f-8397-4c9e-a509-54ea80c9149b: Completed APPEND_ENTRIES, lastRequest: null
2024-05-06 09:05:08,824 [grpc-default-executor-13] INFO  server.GrpcLogAppender (GrpcLogAppender.java:onCompleted(546)) - fa7233c5-99c6-4a1a-a2f1-81d332223322@group-D8ADA5FCF697->2bd728a8-2257-45fc-a304-d79856c752fc-AppendLogResponseHandler: follower responses appendEntries COMPLETED
2024-05-06 09:05:08,824 [grpc-default-executor-16] INFO  server.GrpcServerProtocolService (GrpcServerProtocolService.java:onCompleted(157)) - 2bd728a8-2257-45fc-a304-d79856c752fc: Completed APPEND_ENTRIES, lastRequest: null
2024-05-06 09:05:08,824 [fa7233c5-99c6-4a1a-a2f1-81d332223322@group-D8ADA5FCF697-StateMachineUpdater] INFO  ratis.ContainerStateMachine (ContainerStateMachine.java:takeSnapshot(355)) - group-D8ADA5FCF697: Taking a snapshot at:(t:1, i:17) file /home/runner/work/ozone/ozone/hadoop-ozone/integration-test/target/test-dir/MiniOzoneClusterImpl-f8a20603-669c-41d5-94ea-e080bd68b2ef/ozone-meta/datanode-5/ratis/02411cfa-4be8-485c-be5f-d8ada5fcf697/sm/snapshot.1_17
2024-05-06 09:05:08,825 [fa7233c5-99c6-4a1a-a2f1-81d332223322@group-D8ADA5FCF697-StateMachineUpdater] INFO  ratis.ContainerStateMachine (ContainerStateMachine.java:takeSnapshot(366)) - group-D8ADA5FCF697: Finished taking a snapshot at:(t:1, i:17) file:/home/runner/work/ozone/ozone/hadoop-ozone/integration-test/target/test-dir/MiniOzoneClusterImpl-f8a20603-669c-41d5-94ea-e080bd68b2ef/ozone-meta/datanode-5/ratis/02411cfa-4be8-485c-be5f-d8ada5fcf697/sm/snapshot.1_17 took: 2 ms
2024-05-06 09:05:08,825 [fa7233c5-99c6-4a1a-a2f1-81d332223322@group-D8ADA5FCF697-StateMachineUpdater] INFO  impl.StateMachineUpdater (StateMachineUpdater.java:takeSnapshot(295)) - fa7233c5-99c6-4a1a-a2f1-81d332223322@group-D8ADA5FCF697-StateMachineUpdater: Took a snapshot at index 17
2024-05-06 09:05:08,825 [fa7233c5-99c6-4a1a-a2f1-81d332223322@group-D8ADA5FCF697-StateMachineUpdater] INFO  impl.StateMachineUpdater (StateMachineUpdater.java:lambda$new$0(98)) - fa7233c5-99c6-4a1a-a2f1-81d332223322@group-D8ADA5FCF697-StateMachineUpdater: snapshotIndex: updateIncreasingly -1 -> 17
2024-05-06 09:05:08,825 [grpc-default-executor-16] INFO  server.GrpcServerProtocolService (GrpcServerProtocolService.java:lambda$onCompleted$5(159)) - 2bd728a8-2257-45fc-a304-d79856c752fc: Completed APPEND_ENTRIES, lastReply: serverReply {
  requestorId: "fa7233c5-99c6-4a1a-a2f1-81d332223322"
  replyId: "2bd728a8-2257-45fc-a304-d79856c752fc"
  raftGroupId {
    id: "\002A\034\372K\350H\\\276_\330\255\245\374\366\227"
  }
  callId: 88
  success: true
}
term: 1
nextIndex: 1
matchIndex: 18446744073709551615
isHearbeat: true

2024-05-06 09:05:08,825 [fa7233c5-99c6-4a1a-a2f1-81d332223322-impl-thread2] INFO  server.RaftServer$Division (ServerState.java:close(427)) - fa7233c5-99c6-4a1a-a2f1-81d332223322@group-D8ADA5FCF697: applyIndex: 17
2024-05-06 09:05:08,826 [fa7233c5-99c6-4a1a-a2f1-81d332223322@group-D8ADA5FCF697-cacheEviction-AwaitToRun] INFO  util.AwaitToRun (AwaitToRun.java:run(49)) - fa7233c5-99c6-4a1a-a2f1-81d332223322@group-D8ADA5FCF697-cacheEviction-AwaitToRun-AwaitForSignal is interrupted
2024-05-06 09:05:08,824 [grpc-default-executor-15] INFO  server.GrpcServerProtocolService (GrpcServerProtocolService.java:lambda$onCompleted$5(159)) - 90b7064f-8397-4c9e-a509-54ea80c9149b: Completed APPEND_ENTRIES, lastReply: serverReply {
  requestorId: "fa7233c5-99c6-4a1a-a2f1-81d332223322"
  replyId: "90b7064f-8397-4c9e-a509-54ea80c9149b"
  raftGroupId {
    id: "\002A\034\372K\350H\\\276_\330\255\245\374\366\227"
  }
  callId: 99
  success: true
}
term: 1
nextIndex: 7
followerCommit: 1
matchIndex: 18446744073709551615
isHearbeat: true

2024-05-06 09:05:08,824 [grpc-default-executor-17] INFO  server.GrpcServerProtocolService (GrpcServerProtocolService.java:lambda$onCompleted$5(159)) - 90b7064f-8397-4c9e-a509-54ea80c9149b: Completed APPEND_ENTRIES, lastReply: null
2024-05-06 09:05:08,826 [grpc-default-executor-17] INFO  server.GrpcLogAppender (GrpcLogAppender.java:onCompleted(546)) - fa7233c5-99c6-4a1a-a2f1-81d332223322@group-D8ADA5FCF697->90b7064f-8397-4c9e-a509-54ea80c9149b-AppendLogResponseHandler: follower responses appendEntries COMPLETED
2024-05-06 09:05:08,826 [grpc-default-executor-10] INFO  server.GrpcLogAppender (GrpcLogAppender.java:onCompleted(546)) - fa7233c5-99c6-4a1a-a2f1-81d332223322@group-D8ADA5FCF697->90b7064f-8397-4c9e-a509-54ea80c9149b-AppendLogResponseHandler: follower responses appendEntries COMPLETED
2024-05-06 09:05:08,826 [grpc-default-executor-16] INFO  server.GrpcLogAppender (GrpcLogAppender.java:onCompleted(546)) - fa7233c5-99c6-4a1a-a2f1-81d332223322@group-D8ADA5FCF697->2bd728a8-2257-45fc-a304-d79856c752fc-AppendLogResponseHandler: follower responses appendEntries COMPLETED
2024-05-06 09:05:08,831 [ForkJoinPool.commonPool-worker-4] INFO  server.GrpcService (GrpcService.java:closeImpl(311)) - fa7233c5-99c6-4a1a-a2f1-81d332223322: shutdown server org.apache.ratis.grpc.server.GrpcClientProtocolService now
2024-05-06 09:05:08,831 [fa7233c5-99c6-4a1a-a2f1-81d332223322-impl-thread3] INFO  server.RaftServer$Division (RaftServerImpl.java:lambda$close$3(526)) - fa7233c5-99c6-4a1a-a2f1-81d332223322@group-1DB2361A2323: shutdown
2024-05-06 09:05:08,831 [fa7233c5-99c6-4a1a-a2f1-81d332223322-impl-thread3] INFO  util.JmxRegister (JmxRegister.java:unregister(73)) - Successfully un-registered JMX Bean with object name Ratis:service=RaftServer,group=group-1DB2361A2323,id=fa7233c5-99c6-4a1a-a2f1-81d332223322
2024-05-06 09:05:08,831 [fa7233c5-99c6-4a1a-a2f1-81d332223322-impl-thread3] INFO  impl.RoleInfo (RoleInfo.java:shutdownLeaderState(94)) - fa7233c5-99c6-4a1a-a2f1-81d332223322: shutdown fa7233c5-99c6-4a1a-a2f1-81d332223322@group-1DB2361A2323-LeaderStateImpl
2024-05-06 09:05:08,831 [fa7233c5-99c6-4a1a-a2f1-81d332223322-impl-thread3] INFO  impl.PendingRequests (PendingRequests.java:sendNotLeaderResponses(289)) - fa7233c5-99c6-4a1a-a2f1-81d332223322@group-1DB2361A2323-PendingRequests: sendNotLeaderResponses
2024-05-06 09:05:08,832 [fa7233c5-99c6-4a1a-a2f1-81d332223322-impl-thread3] INFO  impl.StateMachineUpdater (StateMachineUpdater.java:stopAndJoin(157)) - fa7233c5-99c6-4a1a-a2f1-81d332223322@group-1DB2361A2323-StateMachineUpdater: set stopIndex = 0
2024-05-06 09:05:08,832 [fa7233c5-99c6-4a1a-a2f1-81d332223322@group-1DB2361A2323-StateMachineUpdater] INFO  ratis.ContainerStateMachine (ContainerStateMachine.java:takeSnapshot(355)) - group-1DB2361A2323: Taking a snapshot at:(t:1, i:0) file /home/runner/work/ozone/ozone/hadoop-ozone/integration-test/target/test-dir/MiniOzoneClusterImpl-f8a20603-669c-41d5-94ea-e080bd68b2ef/ozone-meta/datanode-5/ratis/2f94e1a1-2b39-455a-b934-1db2361a2323/sm/snapshot.1_0
2024-05-06 09:05:08,832 [fa7233c5-99c6-4a1a-a2f1-81d332223322@group-1DB2361A2323-StateMachineUpdater] INFO  ratis.ContainerStateMachine (ContainerStateMachine.java:takeSnapshot(366)) - group-1DB2361A2323: Finished taking a snapshot at:(t:1, i:0) file:/home/runner/work/ozone/ozone/hadoop-ozone/integration-test/target/test-dir/MiniOzoneClusterImpl-f8a20603-669c-41d5-94ea-e080bd68b2ef/ozone-meta/datanode-5/ratis/2f94e1a1-2b39-455a-b934-1db2361a2323/sm/snapshot.1_0 took: 1 ms
2024-05-06 09:05:08,832 [fa7233c5-99c6-4a1a-a2f1-81d332223322@group-1DB2361A2323-StateMachineUpdater] INFO  impl.StateMachineUpdater (StateMachineUpdater.java:takeSnapshot(295)) - fa7233c5-99c6-4a1a-a2f1-81d332223322@group-1DB2361A2323-StateMachineUpdater: Took a snapshot at index 0
2024-05-06 09:05:08,832 [fa7233c5-99c6-4a1a-a2f1-81d332223322@group-1DB2361A2323-StateMachineUpdater] INFO  impl.StateMachineUpdater (StateMachineUpdater.java:lambda$new$0(98)) - fa7233c5-99c6-4a1a-a2f1-81d332223322@group-1DB2361A2323-StateMachineUpdater: snapshotIndex: updateIncreasingly -1 -> 0
2024-05-06 09:05:08,833 [fa7233c5-99c6-4a1a-a2f1-81d332223322-impl-thread3] INFO  server.RaftServer$Division (ServerState.java:close(427)) - fa7233c5-99c6-4a1a-a2f1-81d332223322@group-1DB2361A2323: applyIndex: 0
2024-05-06 09:05:08,833 [fa7233c5-99c6-4a1a-a2f1-81d332223322@group-1DB2361A2323-cacheEviction-AwaitToRun] INFO  util.AwaitToRun (AwaitToRun.java:run(49)) - fa7233c5-99c6-4a1a-a2f1-81d332223322@group-1DB2361A2323-cacheEviction-AwaitToRun-AwaitForSignal is interrupted
2024-05-06 09:05:08,839 [Thread-2187] INFO  server.GrpcServerProtocolClient (GrpcServerProtocolClient.java:close(103)) - 0e9e7d01-6cef-4822-a23d-4188eb8fb4d0 Close channels
2024-05-06 09:05:08,843 [Thread-2191] INFO  server.GrpcServerProtocolClient (GrpcServerProtocolClient.java:close(103)) - fa7233c5-99c6-4a1a-a2f1-81d332223322 Close channels
2024-05-06 09:05:08,851 [Thread-2193] INFO  server.GrpcServerProtocolClient (GrpcServerProtocolClient.java:close(103)) - 2bd728a8-2257-45fc-a304-d79856c752fc Close channels
2024-05-06 09:05:08,855 [Thread-2194] INFO  server.GrpcServerProtocolClient (GrpcServerProtocolClient.java:close(103)) - 784e0075-095e-4f49-808e-af9ec74479d6 Close channels
2024-05-06 09:05:08,855 [ForkJoinPool.commonPool-worker-6] INFO  server.GrpcService (GrpcService.java:closeImpl(320)) - 90b7064f-8397-4c9e-a509-54ea80c9149b: shutdown server org.apache.ratis.grpc.server.GrpcClientProtocolService successfully
2024-05-06 09:05:08,855 [ForkJoinPool.commonPool-worker-6] INFO  server.GrpcService (GrpcService.java:closeImpl(311)) - 90b7064f-8397-4c9e-a509-54ea80c9149b: shutdown server GrpcServerProtocolService now
2024-05-06 09:05:08,870 [ForkJoinPool.commonPool-worker-6] INFO  server.GrpcService (GrpcService.java:closeImpl(320)) - 90b7064f-8397-4c9e-a509-54ea80c9149b: shutdown server GrpcServerProtocolService successfully
2024-05-06 09:05:08,870 [ForkJoinPool.commonPool-worker-6] INFO  server.GrpcService (GrpcService.java:closeImpl(311)) - 90b7064f-8397-4c9e-a509-54ea80c9149b: shutdown server org.apache.ratis.grpc.server.GrpcAdminProtocolService now
2024-05-06 09:05:08,879 [Thread-2205] INFO  server.GrpcServerProtocolClient (GrpcServerProtocolClient.java:close(103)) - 2bd728a8-2257-45fc-a304-d79856c752fc Close channels
2024-05-06 09:05:08,879 [Thread-2204] INFO  server.GrpcServerProtocolClient (GrpcServerProtocolClient.java:close(103)) - 90b7064f-8397-4c9e-a509-54ea80c9149b Close channels
2024-05-06 09:05:08,881 [ForkJoinPool.commonPool-worker-4] INFO  server.GrpcService (GrpcService.java:closeImpl(320)) - fa7233c5-99c6-4a1a-a2f1-81d332223322: shutdown server org.apache.ratis.grpc.server.GrpcClientProtocolService successfully
2024-05-06 09:05:08,881 [ForkJoinPool.commonPool-worker-4] INFO  server.GrpcService (GrpcService.java:closeImpl(311)) - fa7233c5-99c6-4a1a-a2f1-81d332223322: shutdown server GrpcServerProtocolService now
2024-05-06 09:05:08,887 [ForkJoinPool.commonPool-worker-6] INFO  server.GrpcService (GrpcService.java:closeImpl(320)) - 90b7064f-8397-4c9e-a509-54ea80c9149b: shutdown server org.apache.ratis.grpc.server.GrpcAdminProtocolService successfully
2024-05-06 09:05:08,891 [Thread-2185] INFO  server.GrpcServerProtocolClient (GrpcServerProtocolClient.java:close(103)) - 90b7064f-8397-4c9e-a509-54ea80c9149b Close channels
2024-05-06 09:05:08,900 [ForkJoinPool.commonPool-worker-7] INFO  server.GrpcService (GrpcService.java:closeImpl(320)) - 2bd728a8-2257-45fc-a304-d79856c752fc: shutdown server org.apache.ratis.grpc.server.GrpcClientProtocolService successfully
2024-05-06 09:05:08,900 [ForkJoinPool.commonPool-worker-7] INFO  server.GrpcService (GrpcService.java:closeImpl(311)) - 2bd728a8-2257-45fc-a304-d79856c752fc: shutdown server GrpcServerProtocolService now
2024-05-06 09:05:08,901 [ForkJoinPool.commonPool-worker-4] INFO  server.GrpcService (GrpcService.java:closeImpl(320)) - fa7233c5-99c6-4a1a-a2f1-81d332223322: shutdown server GrpcServerProtocolService successfully
2024-05-06 09:05:08,901 [ForkJoinPool.commonPool-worker-4] INFO  server.GrpcService (GrpcService.java:closeImpl(311)) - fa7233c5-99c6-4a1a-a2f1-81d332223322: shutdown server org.apache.ratis.grpc.server.GrpcAdminProtocolService now
2024-05-06 09:05:08,914 [ForkJoinPool.commonPool-worker-4] INFO  server.GrpcService (GrpcService.java:closeImpl(320)) - fa7233c5-99c6-4a1a-a2f1-81d332223322: shutdown server org.apache.ratis.grpc.server.GrpcAdminProtocolService successfully
2024-05-06 09:05:08,919 [ForkJoinPool.commonPool-worker-7] INFO  server.GrpcService (GrpcService.java:closeImpl(320)) - 2bd728a8-2257-45fc-a304-d79856c752fc: shutdown server GrpcServerProtocolService successfully
2024-05-06 09:05:08,919 [ForkJoinPool.commonPool-worker-7] INFO  server.GrpcService (GrpcService.java:closeImpl(311)) - 2bd728a8-2257-45fc-a304-d79856c752fc: shutdown server org.apache.ratis.grpc.server.GrpcAdminProtocolService now
2024-05-06 09:05:08,928 [ForkJoinPool.commonPool-worker-7] INFO  server.GrpcService (GrpcService.java:closeImpl(320)) - 2bd728a8-2257-45fc-a304-d79856c752fc: shutdown server org.apache.ratis.grpc.server.GrpcAdminProtocolService successfully
2024-05-06 09:05:08,936 [2bd728a8-2257-45fc-a304-d79856c752fc-NettyServerStreamRpc-bossGroup--thread1] INFO  logging.LoggingHandler (AbstractInternalLogger.java:log(148)) - [id: 0x8c058d77, L:/0.0.0.0:15095] CLOSE
2024-05-06 09:05:08,936 [2bd728a8-2257-45fc-a304-d79856c752fc-NettyServerStreamRpc-bossGroup--thread1] INFO  logging.LoggingHandler (AbstractInternalLogger.java:log(148)) - [id: 0x8c058d77, L:/0.0.0.0:15095] INACTIVE
2024-05-06 09:05:08,936 [2bd728a8-2257-45fc-a304-d79856c752fc-NettyServerStreamRpc-bossGroup--thread1] INFO  logging.LoggingHandler (AbstractInternalLogger.java:log(148)) - [id: 0x8c058d77, L:/0.0.0.0:15095] UNREGISTERED
2024-05-06 09:05:08,944 [90b7064f-8397-4c9e-a509-54ea80c9149b-NettyServerStreamRpc-bossGroup--thread1] INFO  logging.LoggingHandler (AbstractInternalLogger.java:log(148)) - [id: 0xaf0ad60c, L:/0.0.0.0:15068] CLOSE
2024-05-06 09:05:08,944 [90b7064f-8397-4c9e-a509-54ea80c9149b-NettyServerStreamRpc-bossGroup--thread1] INFO  logging.LoggingHandler (AbstractInternalLogger.java:log(148)) - [id: 0xaf0ad60c, L:/0.0.0.0:15068] INACTIVE
2024-05-06 09:05:08,944 [90b7064f-8397-4c9e-a509-54ea80c9149b-NettyServerStreamRpc-bossGroup--thread1] INFO  logging.LoggingHandler (AbstractInternalLogger.java:log(148)) - [id: 0xaf0ad60c, L:/0.0.0.0:15068] UNREGISTERED
2024-05-06 09:05:08,951 [fa7233c5-99c6-4a1a-a2f1-81d332223322-NettyServerStreamRpc-bossGroup--thread1] INFO  logging.LoggingHandler (AbstractInternalLogger.java:log(148)) - [id: 0x753628e8, L:/0.0.0.0:15104] CLOSE
2024-05-06 09:05:08,951 [fa7233c5-99c6-4a1a-a2f1-81d332223322-NettyServerStreamRpc-bossGroup--thread1] INFO  logging.LoggingHandler (AbstractInternalLogger.java:log(148)) - [id: 0x753628e8, L:/0.0.0.0:15104] INACTIVE
2024-05-06 09:05:08,952 [fa7233c5-99c6-4a1a-a2f1-81d332223322-NettyServerStreamRpc-bossGroup--thread1] INFO  logging.LoggingHandler (AbstractInternalLogger.java:log(148)) - [id: 0x753628e8, L:/0.0.0.0:15104] UNREGISTERED
2024-05-06 09:05:08,997 [2bd728a8-2257-45fc-a304-d79856c752fc-impl-thread3] INFO  segmented.SegmentedRaftLogWorker (SegmentedRaftLogWorker.java:close(245)) - 2bd728a8-2257-45fc-a304-d79856c752fc@group-C866081F3671-SegmentedRaftLogWorker close()
2024-05-06 09:05:09,101 [fa7233c5-99c6-4a1a-a2f1-81d332223322-impl-thread3] INFO  segmented.SegmentedRaftLogWorker (SegmentedRaftLogWorker.java:close(245)) - fa7233c5-99c6-4a1a-a2f1-81d332223322@group-1DB2361A2323-SegmentedRaftLogWorker close()
2024-05-06 09:05:09,778 [fa7233c5-99c6-4a1a-a2f1-81d332223322-impl-thread2] INFO  segmented.SegmentedRaftLogWorker (SegmentedRaftLogWorker.java:close(245)) - fa7233c5-99c6-4a1a-a2f1-81d332223322@group-D8ADA5FCF697-SegmentedRaftLogWorker close()
2024-05-06 09:05:09,778 [90b7064f-8397-4c9e-a509-54ea80c9149b-impl-thread2] INFO  segmented.SegmentedRaftLogWorker (SegmentedRaftLogWorker.java:close(245)) - 90b7064f-8397-4c9e-a509-54ea80c9149b@group-D8ADA5FCF697-SegmentedRaftLogWorker close()
2024-05-06 09:05:09,779 [2bd728a8-2257-45fc-a304-d79856c752fc-impl-thread2] INFO  segmented.SegmentedRaftLogWorker (SegmentedRaftLogWorker.java:close(245)) - 2bd728a8-2257-45fc-a304-d79856c752fc@group-D8ADA5FCF697-SegmentedRaftLogWorker close()
2024-05-06 09:05:09,779 [JvmPauseMonitor13] INFO  util.JvmPauseMonitor (JvmPauseMonitor.java:run(152)) - JvmPauseMonitor-fa7233c5-99c6-4a1a-a2f1-81d332223322: Stopped
2024-05-06 09:05:09,779 [JvmPauseMonitor12] INFO  util.JvmPauseMonitor (JvmPauseMonitor.java:run(152)) - JvmPauseMonitor-2bd728a8-2257-45fc-a304-d79856c752fc: Stopped
2024-05-06 09:05:09,817 [90b7064f-8397-4c9e-a509-54ea80c9149b-impl-thread3] INFO  segmented.SegmentedRaftLogWorker (SegmentedRaftLogWorker.java:close(245)) - 90b7064f-8397-4c9e-a509-54ea80c9149b@group-C1A97FE0CD63-SegmentedRaftLogWorker close()
2024-05-06 09:05:09,817 [JvmPauseMonitor9] INFO  util.JvmPauseMonitor (JvmPauseMonitor.java:run(152)) - JvmPauseMonitor-90b7064f-8397-4c9e-a509-54ea80c9149b: Stopped
2024-05-06 09:05:11,781 [ForkJoinPool.commonPool-worker-4] INFO  utils.DatanodeStoreCache (DatanodeStoreCache.java:shutdownCache(116)) - Skip clearing cache in mini cluster mode. Entries left: [/home/runner/work/ozone/ozone/hadoop-ozone/integration-test/target/test-dir/MiniOzoneClusterImpl-f8a20603-669c-41d5-94ea-e080bd68b2ef/ozone-meta/datanode-1/data-0/hdds/f8a20603-669c-41d5-94ea-e080bd68b2ef/DS-7185c0bd-95ed-4c6f-a70e-5f0c2c137208/container.db, /home/runner/work/ozone/ozone/hadoop-ozone/integration-test/target/test-dir/MiniOzoneClusterImpl-f8a20603-669c-41d5-94ea-e080bd68b2ef/ozone-meta/datanode-4/data-0/hdds/f8a20603-669c-41d5-94ea-e080bd68b2ef/DS-fd172fcf-7bc3-4fcd-aa5c-1e9a552bd511/container.db, /home/runner/work/ozone/ozone/hadoop-ozone/integration-test/target/test-dir/MiniOzoneClusterImpl-f8a20603-669c-41d5-94ea-e080bd68b2ef/ozone-meta/datanode-5/data-0/hdds/f8a20603-669c-41d5-94ea-e080bd68b2ef/DS-44b7d6c6-fec8-467b-9c0c-2a4a3d36e626/container.db]
2024-05-06 09:05:11,781 [ForkJoinPool.commonPool-worker-7] INFO  utils.DatanodeStoreCache (DatanodeStoreCache.java:shutdownCache(116)) - Skip clearing cache in mini cluster mode. Entries left: [/home/runner/work/ozone/ozone/hadoop-ozone/integration-test/target/test-dir/MiniOzoneClusterImpl-f8a20603-669c-41d5-94ea-e080bd68b2ef/ozone-meta/datanode-1/data-0/hdds/f8a20603-669c-41d5-94ea-e080bd68b2ef/DS-7185c0bd-95ed-4c6f-a70e-5f0c2c137208/container.db, /home/runner/work/ozone/ozone/hadoop-ozone/integration-test/target/test-dir/MiniOzoneClusterImpl-f8a20603-669c-41d5-94ea-e080bd68b2ef/ozone-meta/datanode-4/data-0/hdds/f8a20603-669c-41d5-94ea-e080bd68b2ef/DS-fd172fcf-7bc3-4fcd-aa5c-1e9a552bd511/container.db, /home/runner/work/ozone/ozone/hadoop-ozone/integration-test/target/test-dir/MiniOzoneClusterImpl-f8a20603-669c-41d5-94ea-e080bd68b2ef/ozone-meta/datanode-5/data-0/hdds/f8a20603-669c-41d5-94ea-e080bd68b2ef/DS-44b7d6c6-fec8-467b-9c0c-2a4a3d36e626/container.db]
2024-05-06 09:05:11,783 [ForkJoinPool.commonPool-worker-7] INFO  utils.DatanodeStoreCache (DatanodeStoreCache.java:removeDB(110)) - Removed db /home/runner/work/ozone/ozone/hadoop-ozone/integration-test/target/test-dir/MiniOzoneClusterImpl-f8a20603-669c-41d5-94ea-e080bd68b2ef/ozone-meta/datanode-4/data-0/hdds/f8a20603-669c-41d5-94ea-e080bd68b2ef/DS-fd172fcf-7bc3-4fcd-aa5c-1e9a552bd511/container.db from cache
2024-05-06 09:05:11,783 [ForkJoinPool.commonPool-worker-7] INFO  volume.HddsVolume (HddsVolume.java:closeDbStore(470)) - SchemaV3 db is stopped at /home/runner/work/ozone/ozone/hadoop-ozone/integration-test/target/test-dir/MiniOzoneClusterImpl-f8a20603-669c-41d5-94ea-e080bd68b2ef/ozone-meta/datanode-4/data-0/hdds/f8a20603-669c-41d5-94ea-e080bd68b2ef/DS-fd172fcf-7bc3-4fcd-aa5c-1e9a552bd511/container.db for volume DS-fd172fcf-7bc3-4fcd-aa5c-1e9a552bd511
2024-05-06 09:05:11,783 [ForkJoinPool.commonPool-worker-4] INFO  utils.DatanodeStoreCache (DatanodeStoreCache.java:removeDB(110)) - Removed db /home/runner/work/ozone/ozone/hadoop-ozone/integration-test/target/test-dir/MiniOzoneClusterImpl-f8a20603-669c-41d5-94ea-e080bd68b2ef/ozone-meta/datanode-5/data-0/hdds/f8a20603-669c-41d5-94ea-e080bd68b2ef/DS-44b7d6c6-fec8-467b-9c0c-2a4a3d36e626/container.db from cache
2024-05-06 09:05:11,783 [ForkJoinPool.commonPool-worker-4] INFO  volume.HddsVolume (HddsVolume.java:closeDbStore(470)) - SchemaV3 db is stopped at /home/runner/work/ozone/ozone/hadoop-ozone/integration-test/target/test-dir/MiniOzoneClusterImpl-f8a20603-669c-41d5-94ea-e080bd68b2ef/ozone-meta/datanode-5/data-0/hdds/f8a20603-669c-41d5-94ea-e080bd68b2ef/DS-44b7d6c6-fec8-467b-9c0c-2a4a3d36e626/container.db for volume DS-44b7d6c6-fec8-467b-9c0c-2a4a3d36e626
2024-05-06 09:05:11,783 [ForkJoinPool.commonPool-worker-7] INFO  utils.BackgroundService (BackgroundService.java:shutdown(160)) - Shutting down service BlockDeletingService
2024-05-06 09:05:11,783 [ForkJoinPool.commonPool-worker-4] INFO  utils.BackgroundService (BackgroundService.java:shutdown(160)) - Shutting down service BlockDeletingService
2024-05-06 09:05:11,784 [ForkJoinPool.commonPool-worker-7] INFO  utils.BackgroundService (BackgroundService.java:shutdown(160)) - Shutting down service StaleRecoveringContainerScrubbingService
2024-05-06 09:05:11,784 [ForkJoinPool.commonPool-worker-4] INFO  utils.BackgroundService (BackgroundService.java:shutdown(160)) - Shutting down service StaleRecoveringContainerScrubbingService
2024-05-06 09:05:11,784 [ForkJoinPool.commonPool-worker-7] INFO  statemachine.DatanodeStateMachine (DatanodeStateMachine.java:stopDaemon(638)) - Ozone container server stopped.
2024-05-06 09:05:11,785 [ForkJoinPool.commonPool-worker-7] INFO  handler.ContextHandler (ContextHandler.java:doStop(1159)) - Stopped o.e.j.w.WebAppContext@1c541176{hddsDatanode,/,null,STOPPED}{file:/home/runner/work/ozone/ozone/hadoop-hdds/container-service/target/classes/webapps/hddsDatanode}
2024-05-06 09:05:11,785 [ForkJoinPool.commonPool-worker-7] INFO  server.AbstractConnector (AbstractConnector.java:doStop(383)) - Stopped ServerConnector@41274a53{HTTP/1.1, (http/1.1)}{0.0.0.0:15089}
2024-05-06 09:05:11,785 [ForkJoinPool.commonPool-worker-7] INFO  server.session (HouseKeeper.java:stopScavenging(149)) - node0 Stopped scavenging
2024-05-06 09:05:11,786 [ForkJoinPool.commonPool-worker-7] INFO  handler.ContextHandler (ContextHandler.java:doStop(1159)) - Stopped o.e.j.s.ServletContextHandler@694b818f{static,/static,file:///home/runner/work/ozone/ozone/hadoop-hdds/container-service/target/classes/webapps/static,STOPPED}
2024-05-06 09:05:11,786 [ForkJoinPool.commonPool-worker-7] INFO  handler.ContextHandler (ContextHandler.java:doStop(1159)) - Stopped o.e.j.s.ServletContextHandler@364c430a{logs,/logs,file:///home/runner/work/ozone/ozone/hadoop-ozone/integration-test/target/log,STOPPED}
2024-05-06 09:05:11,786 [ForkJoinPool.commonPool-worker-7] INFO  ozone.HddsDatanodeClientProtocolServer (HddsDatanodeClientProtocolServer.java:stop(83)) - Stopping the RPC server for Client Protocol
2024-05-06 09:05:11,786 [ForkJoinPool.commonPool-worker-4] INFO  statemachine.DatanodeStateMachine (DatanodeStateMachine.java:stopDaemon(638)) - Ozone container server stopped.
2024-05-06 09:05:11,786 [ForkJoinPool.commonPool-worker-4] INFO  handler.ContextHandler (ContextHandler.java:doStop(1159)) - Stopped o.e.j.w.WebAppContext@979c3cb{hddsDatanode,/,null,STOPPED}{file:/home/runner/work/ozone/ozone/hadoop-hdds/container-service/target/classes/webapps/hddsDatanode}
2024-05-06 09:05:11,787 [ForkJoinPool.commonPool-worker-4] INFO  server.AbstractConnector (AbstractConnector.java:doStop(383)) - Stopped ServerConnector@13e4acf6{HTTP/1.1, (http/1.1)}{0.0.0.0:15098}
2024-05-06 09:05:11,786 [ForkJoinPool.commonPool-worker-7] INFO  ipc.Server (Server.java:stop(3523)) - Stopping server on 15090
2024-05-06 09:05:11,787 [ForkJoinPool.commonPool-worker-4] INFO  server.session (HouseKeeper.java:stopScavenging(149)) - node0 Stopped scavenging
2024-05-06 09:05:11,787 [ForkJoinPool.commonPool-worker-4] INFO  handler.ContextHandler (ContextHandler.java:doStop(1159)) - Stopped o.e.j.s.ServletContextHandler@2ce01617{static,/static,file:///home/runner/work/ozone/ozone/hadoop-hdds/container-service/target/classes/webapps/static,STOPPED}
2024-05-06 09:05:11,787 [IPC Server Responder] INFO  ipc.Server (Server.java:run(1567)) - Stopping IPC Server Responder
2024-05-06 09:05:11,787 [ForkJoinPool.commonPool-worker-4] INFO  handler.ContextHandler (ContextHandler.java:doStop(1159)) - Stopped o.e.j.s.ServletContextHandler@5e86dc1c{logs,/logs,file:///home/runner/work/ozone/ozone/hadoop-ozone/integration-test/target/log,STOPPED}
2024-05-06 09:05:11,787 [IPC Server listener on 15090] INFO  ipc.Server (Server.java:run(1434)) - Stopping IPC Server listener on 15090
2024-05-06 09:05:11,788 [ForkJoinPool.commonPool-worker-4] INFO  ozone.HddsDatanodeClientProtocolServer (HddsDatanodeClientProtocolServer.java:stop(83)) - Stopping the RPC server for Client Protocol
2024-05-06 09:05:11,788 [ForkJoinPool.commonPool-worker-4] INFO  ipc.Server (Server.java:stop(3523)) - Stopping server on 15099
2024-05-06 09:05:11,788 [IPC Server Responder] INFO  ipc.Server (Server.java:run(1567)) - Stopping IPC Server Responder
2024-05-06 09:05:11,789 [IPC Server listener on 15099] INFO  ipc.Server (Server.java:run(1434)) - Stopping IPC Server listener on 15099
2024-05-06 09:05:11,794 [EventQueue-StaleNodeForStaleNodeHandler] INFO  node.StaleNodeHandler (StaleNodeHandler.java:onMessage(57)) - Datanode 90b7064f-8397-4c9e-a509-54ea80c9149b(localhost/127.0.0.1) moved to stale state. Finalizing its pipelines [PipelineID=02411cfa-4be8-485c-be5f-d8ada5fcf697, PipelineID=0bd4f3f8-1b4b-4dd0-a617-c1a97fe0cd63]
2024-05-06 09:05:11,795 [EventQueue-StaleNodeForStaleNodeHandler] INFO  pipeline.PipelineManagerImpl (PipelineManagerImpl.java:closeContainersForPipeline(484)) - Container #2 closed for pipeline=PipelineID=02411cfa-4be8-485c-be5f-d8ada5fcf697
2024-05-06 09:05:11,795 [EventQueue-CloseContainerForCloseContainerEventHandler] INFO  container.CloseContainerEventHandler (CloseContainerEventHandler.java:onMessage(88)) - Close container Event triggered for container : #2, current state: CLOSING
2024-05-06 09:05:11,795 [EventQueue-StaleNodeForStaleNodeHandler] INFO  pipeline.PipelineManagerImpl (PipelineManagerImpl.java:closePipeline(518)) - Pipeline PipelineID=02411cfa-4be8-485c-be5f-d8ada5fcf697 moved to CLOSED state
2024-05-06 09:05:11,795 [EventQueue-StaleNodeForStaleNodeHandler] INFO  pipeline.PipelineManagerImpl (PipelineManagerImpl.java:closePipeline(518)) - Pipeline PipelineID=0bd4f3f8-1b4b-4dd0-a617-c1a97fe0cd63 moved to CLOSED state
2024-05-06 09:05:11,795 [EventQueue-StaleNodeForStaleNodeHandler] INFO  node.StaleNodeHandler (StaleNodeHandler.java:onMessage(57)) - Datanode 2bd728a8-2257-45fc-a304-d79856c752fc(localhost/127.0.0.1) moved to stale state. Finalizing its pipelines [PipelineID=02411cfa-4be8-485c-be5f-d8ada5fcf697, PipelineID=0a2986ce-992b-45d9-b321-c866081f3671]
2024-05-06 09:05:11,796 [EventQueue-StaleNodeForStaleNodeHandler] INFO  pipeline.PipelineManagerImpl (PipelineManagerImpl.java:closePipeline(518)) - Pipeline PipelineID=0a2986ce-992b-45d9-b321-c866081f3671 moved to CLOSED state
2024-05-06 09:05:11,796 [EventQueue-StaleNodeForStaleNodeHandler] INFO  node.StaleNodeHandler (StaleNodeHandler.java:onMessage(57)) - Datanode fa7233c5-99c6-4a1a-a2f1-81d332223322(localhost/127.0.0.1) moved to stale state. Finalizing its pipelines [PipelineID=02411cfa-4be8-485c-be5f-d8ada5fcf697, PipelineID=2f94e1a1-2b39-455a-b934-1db2361a2323]
2024-05-06 09:05:11,796 [EventQueue-StaleNodeForStaleNodeHandler] INFO  pipeline.PipelineManagerImpl (PipelineManagerImpl.java:closePipeline(518)) - Pipeline PipelineID=2f94e1a1-2b39-455a-b934-1db2361a2323 moved to CLOSED state
2024-05-06 09:05:11,820 [ForkJoinPool.commonPool-worker-6] INFO  utils.DatanodeStoreCache (DatanodeStoreCache.java:shutdownCache(116)) - Skip clearing cache in mini cluster mode. Entries left: [/home/runner/work/ozone/ozone/hadoop-ozone/integration-test/target/test-dir/MiniOzoneClusterImpl-f8a20603-669c-41d5-94ea-e080bd68b2ef/ozone-meta/datanode-1/data-0/hdds/f8a20603-669c-41d5-94ea-e080bd68b2ef/DS-7185c0bd-95ed-4c6f-a70e-5f0c2c137208/container.db]
2024-05-06 09:05:11,820 [ForkJoinPool.commonPool-worker-6] INFO  utils.DatanodeStoreCache (DatanodeStoreCache.java:removeDB(110)) - Removed db /home/runner/work/ozone/ozone/hadoop-ozone/integration-test/target/test-dir/MiniOzoneClusterImpl-f8a20603-669c-41d5-94ea-e080bd68b2ef/ozone-meta/datanode-1/data-0/hdds/f8a20603-669c-41d5-94ea-e080bd68b2ef/DS-7185c0bd-95ed-4c6f-a70e-5f0c2c137208/container.db from cache
2024-05-06 09:05:11,820 [ForkJoinPool.commonPool-worker-6] INFO  volume.HddsVolume (HddsVolume.java:closeDbStore(470)) - SchemaV3 db is stopped at /home/runner/work/ozone/ozone/hadoop-ozone/integration-test/target/test-dir/MiniOzoneClusterImpl-f8a20603-669c-41d5-94ea-e080bd68b2ef/ozone-meta/datanode-1/data-0/hdds/f8a20603-669c-41d5-94ea-e080bd68b2ef/DS-7185c0bd-95ed-4c6f-a70e-5f0c2c137208/container.db for volume DS-7185c0bd-95ed-4c6f-a70e-5f0c2c137208
2024-05-06 09:05:11,820 [ForkJoinPool.commonPool-worker-6] INFO  utils.BackgroundService (BackgroundService.java:shutdown(160)) - Shutting down service BlockDeletingService
2024-05-06 09:05:11,821 [ForkJoinPool.commonPool-worker-6] INFO  utils.BackgroundService (BackgroundService.java:shutdown(160)) - Shutting down service StaleRecoveringContainerScrubbingService
2024-05-06 09:05:11,821 [ForkJoinPool.commonPool-worker-6] INFO  statemachine.DatanodeStateMachine (DatanodeStateMachine.java:stopDaemon(638)) - Ozone container server stopped.
2024-05-06 09:05:11,821 [ForkJoinPool.commonPool-worker-6] INFO  handler.ContextHandler (ContextHandler.java:doStop(1159)) - Stopped o.e.j.w.WebAppContext@20f8bc45{hddsDatanode,/,null,STOPPED}{file:/home/runner/work/ozone/ozone/hadoop-hdds/container-service/target/classes/webapps/hddsDatanode}
2024-05-06 09:05:11,822 [ForkJoinPool.commonPool-worker-6] INFO  server.AbstractConnector (AbstractConnector.java:doStop(383)) - Stopped ServerConnector@65b4a0d2{HTTP/1.1, (http/1.1)}{0.0.0.0:15062}
2024-05-06 09:05:11,822 [ForkJoinPool.commonPool-worker-6] INFO  server.session (HouseKeeper.java:stopScavenging(149)) - node0 Stopped scavenging
2024-05-06 09:05:11,822 [ForkJoinPool.commonPool-worker-6] INFO  handler.ContextHandler (ContextHandler.java:doStop(1159)) - Stopped o.e.j.s.ServletContextHandler@2c27e36{static,/static,file:///home/runner/work/ozone/ozone/hadoop-hdds/container-service/target/classes/webapps/static,STOPPED}
2024-05-06 09:05:11,822 [ForkJoinPool.commonPool-worker-6] INFO  handler.ContextHandler (ContextHandler.java:doStop(1159)) - Stopped o.e.j.s.ServletContextHandler@30dd9615{logs,/logs,file:///home/runner/work/ozone/ozone/hadoop-ozone/integration-test/target/log,STOPPED}
2024-05-06 09:05:11,822 [ForkJoinPool.commonPool-worker-6] INFO  ozone.HddsDatanodeClientProtocolServer (HddsDatanodeClientProtocolServer.java:stop(83)) - Stopping the RPC server for Client Protocol
2024-05-06 09:05:11,823 [ForkJoinPool.commonPool-worker-6] INFO  ipc.Server (Server.java:stop(3523)) - Stopping server on 15063
2024-05-06 09:05:11,823 [IPC Server Responder] INFO  ipc.Server (Server.java:run(1567)) - Stopping IPC Server Responder
2024-05-06 09:05:11,823 [IPC Server listener on 15063] INFO  ipc.Server (Server.java:run(1434)) - Stopping IPC Server listener on 15063
2024-05-06 09:05:11,823 [main] INFO  ozone.MiniOzoneClusterImpl (MiniOzoneClusterImpl.java:stopSCM(486)) - Stopping the StorageContainerManager
2024-05-06 09:05:11,824 [main] INFO  server.StorageContainerManager (StorageContainerManager.java:stop(1653)) - Container Balancer is not running.
2024-05-06 09:05:11,824 [main] INFO  server.StorageContainerManager (StorageContainerManager.java:stopReplicationManager(1786)) - Stopping Replication Manager Service.
2024-05-06 09:05:11,824 [main] INFO  replication.ReplicationManager (ReplicationManager.java:stop(329)) - Stopping Replication Monitor Thread.
2024-05-06 09:05:11,824 [main] INFO  server.StorageContainerManager (StorageContainerManager.java:stop(1662)) - Stopping the Datanode Admin Monitor.
2024-05-06 09:05:11,824 [main] INFO  server.StorageContainerManager (StorageContainerManager.java:stop(1669)) - Stopping datanode service RPC server
2024-05-06 09:05:11,824 [main] INFO  server.SCMDatanodeProtocolServer (SCMDatanodeProtocolServer.java:stop(425)) - Stopping the RPC server for DataNodes
2024-05-06 09:05:11,824 [main] INFO  ipc.Server (Server.java:stop(3523)) - Stopping server on 15055
2024-05-06 09:05:11,824 [OverReplicatedProcessor] WARN  replication.UnhealthyReplicationProcessor (UnhealthyReplicationProcessor.java:run(180)) - OverReplicatedProcessor interrupted. Exiting...
2024-05-06 09:05:11,825 [UnderReplicatedProcessor] WARN  replication.UnhealthyReplicationProcessor (UnhealthyReplicationProcessor.java:run(180)) - UnderReplicatedProcessor interrupted. Exiting...
2024-05-06 09:05:11,825 [ReplicationMonitor] INFO  replication.ReplicationManager (ReplicationManager.java:run(938)) - Replication Monitor Thread is stopped
2024-05-06 09:05:11,826 [IPC Server Responder] INFO  ipc.Server (Server.java:run(1567)) - Stopping IPC Server Responder
2024-05-06 09:05:11,826 [IPC Server listener on 15055] INFO  ipc.Server (Server.java:run(1434)) - Stopping IPC Server listener on 15055
2024-05-06 09:05:11,894 [SCMHeartbeatProcessor-0] WARN  node.NodeStateManager (NodeStateManager.java:scheduleNextHealthCheck(878)) - Current Thread is interrupted, shutting down HB processing thread for Node Manager.
2024-05-06 09:05:11,894 [main] INFO  server.StorageContainerManager (StorageContainerManager.java:stop(1677)) - Stopping block service RPC server
2024-05-06 09:05:11,894 [main] INFO  server.SCMBlockProtocolServer (SCMBlockProtocolServer.java:stop(171)) - Stopping the RPC server for Block Protocol
2024-05-06 09:05:11,895 [main] INFO  ipc.Server (Server.java:stop(3523)) - Stopping server on 15054
2024-05-06 09:05:11,895 [IPC Server listener on 15054] INFO  ipc.Server (Server.java:run(1434)) - Stopping IPC Server listener on 15054
2024-05-06 09:05:11,896 [IPC Server Responder] INFO  ipc.Server (Server.java:run(1567)) - Stopping IPC Server Responder
2024-05-06 09:05:11,896 [main] INFO  server.StorageContainerManager (StorageContainerManager.java:stop(1684)) - Stopping the StorageContainerLocationProtocol RPC server
2024-05-06 09:05:11,896 [main] INFO  server.SCMClientProtocolServer (SCMClientProtocolServer.java:stop(213)) - Stopping the RPC server for Client Protocol
2024-05-06 09:05:11,896 [main] INFO  ipc.Server (Server.java:stop(3523)) - Stopping server on 15053
2024-05-06 09:05:11,897 [IPC Server listener on 15053] INFO  ipc.Server (Server.java:run(1434)) - Stopping IPC Server listener on 15053
2024-05-06 09:05:11,897 [IPC Server Responder] INFO  ipc.Server (Server.java:run(1567)) - Stopping IPC Server Responder
2024-05-06 09:05:11,898 [main] INFO  server.StorageContainerManager (StorageContainerManager.java:stop(1691)) - Stopping Storage Container Manager HTTP server.
2024-05-06 09:05:11,898 [main] INFO  handler.ContextHandler (ContextHandler.java:doStop(1159)) - Stopped o.e.j.w.WebAppContext@17e9e99{scm,/,null,STOPPED}{file:/home/runner/work/ozone/ozone/hadoop-ozone/integration-test/target/test-classes/webapps/scm}
2024-05-06 09:05:11,899 [main] INFO  server.AbstractConnector (AbstractConnector.java:doStop(383)) - Stopped ServerConnector@20d35171{HTTP/1.1, (http/1.1)}{0.0.0.0:15056}
2024-05-06 09:05:11,899 [main] INFO  server.session (HouseKeeper.java:stopScavenging(149)) - node0 Stopped scavenging
2024-05-06 09:05:11,900 [main] INFO  handler.ContextHandler (ContextHandler.java:doStop(1159)) - Stopped o.e.j.s.ServletContextHandler@1e21c025{static,/static,file:///home/runner/work/ozone/ozone/hadoop-ozone/integration-test/target/test-classes/webapps/static,STOPPED}
2024-05-06 09:05:11,901 [main] INFO  handler.ContextHandler (ContextHandler.java:doStop(1159)) - Stopped o.e.j.s.ServletContextHandler@25cccd85{logs,/logs,file:///home/runner/work/ozone/ozone/hadoop-ozone/integration-test/target/log,STOPPED}
2024-05-06 09:05:11,902 [main] INFO  server.StorageContainerManager (StorageContainerManager.java:stop(1699)) - Stopping SCM LayoutVersionManager Service.
2024-05-06 09:05:11,902 [main] INFO  server.StorageContainerManager (StorageContainerManager.java:stop(1711)) - Stopping Block Manager Service.
2024-05-06 09:05:11,903 [main] INFO  utils.BackgroundService (BackgroundService.java:shutdown(160)) - Shutting down service SCMBlockDeletingService
2024-05-06 09:05:11,903 [main] INFO  utils.BackgroundService (BackgroundService.java:shutdown(160)) - Shutting down service SCMBlockDeletingService
2024-05-06 09:05:11,903 [main] INFO  server.StorageContainerManager (StorageContainerManager.java:stop(1731)) - Stopping SCM Event Queue.
2024-05-06 09:05:11,904 [JvmPauseMonitor7] INFO  util.JvmPauseMonitor (JvmPauseMonitor.java:run(152)) - JvmPauseMonitor-3416a1cf-4c6b-4feb-969c-647d1bed5876: Stopped
2024-05-06 09:05:11,905 [main] INFO  server.StorageContainerManager (StorageContainerManager.java:stop(1742)) - Stopping SCM HA services.
2024-05-06 09:05:11,905 [main] INFO  pipeline.BackgroundPipelineCreator (BackgroundPipelineCreator.java:stop(152)) - Stopping RatisPipelineUtilsThread.
2024-05-06 09:05:11,905 [RatisPipelineUtilsThread-0] WARN  pipeline.BackgroundPipelineCreator (BackgroundPipelineCreator.java:run(183)) - RatisPipelineUtilsThread is interrupted.
2024-05-06 09:05:11,905 [main] INFO  BackgroundPipelineScrubber (BackgroundSCMService.java:stop(128)) - Stopping BackgroundPipelineScrubber Service.
2024-05-06 09:05:11,905 [BackgroundPipelineScrubber] WARN  BackgroundPipelineScrubber (BackgroundSCMService.java:run(112)) - BackgroundPipelineScrubber is interrupted, exit
2024-05-06 09:05:11,906 [main] INFO  impl.MetricsSystemImpl (MetricsSystemImpl.java:stop(210)) - Stopping HddsDatanode metrics system...
2024-05-06 09:05:11,907 [prometheus] INFO  impl.MetricsSinkAdapter (MetricsSinkAdapter.java:publishMetricsFromQueue(141)) - prometheus thread interrupted.
2024-05-06 09:05:11,907 [main] INFO  impl.MetricsSystemImpl (MetricsSystemImpl.java:stop(216)) - HddsDatanode metrics system stopped.
2024-05-06 09:05:11,908 [main] WARN  pipeline.BackgroundPipelineCreator (BackgroundPipelineCreator.java:stop(148)) - RatisPipelineUtilsThread is not running, just ignore.
2024-05-06 09:05:11,908 [main] INFO  BackgroundPipelineScrubber (BackgroundSCMService.java:stop(123)) - BackgroundPipelineScrubber Service is not running, skip stop.
2024-05-06 09:05:11,908 [ExpiredContainerReplicaOpScrubber] WARN  ExpiredContainerReplicaOpScrubber (BackgroundSCMService.java:run(112)) - ExpiredContainerReplicaOpScrubber is interrupted, exit
2024-05-06 09:05:11,909 [main] INFO  ExpiredContainerReplicaOpScrubber (BackgroundSCMService.java:stop(128)) - Stopping ExpiredContainerReplicaOpScrubber Service.
2024-05-06 09:05:11,909 [main] INFO  utils.BackgroundService (BackgroundService.java:shutdown(160)) - Shutting down service SCMBlockDeletingService
2024-05-06 09:05:11,909 [main] INFO  replication.ReplicationManager (ReplicationManager.java:stop(339)) - Replication Monitor Thread is not running.
2024-05-06 09:05:11,909 [main] WARN  balancer.ContainerBalancer (ContainerBalancer.java:stop(327)) - Cannot stop Container Balancer because it's not running or stopping
2024-05-06 09:05:11,910 [main] INFO  server.StorageContainerManager (StorageContainerManager.java:stop(1777)) - Stopping SCM MetadataStore.
]]></system-out>
  </testcase>
  <testcase name="testDatanodeFailureWithPreAllocation(boolean)[1]" classname="org.apache.hadoop.ozone.client.rpc.TestBlockOutputStreamWithFailures" time="58.553"/>
  <testcase name="testDatanodeFailureWithPreAllocation(boolean)[2]" classname="org.apache.hadoop.ozone.client.rpc.TestBlockOutputStreamWithFailures" time="64.276"/>
  <testcase name="testContainerClose(boolean)[1]" classname="org.apache.hadoop.ozone.client.rpc.TestBlockOutputStreamWithFailures" time="30.599"/>
  <testcase name="testContainerClose(boolean)[2]" classname="org.apache.hadoop.ozone.client.rpc.TestBlockOutputStreamWithFailures" time="31.484"/>
</testsuite>