<?xml version="1.0" encoding="UTF-8"?>
<testsuite xmlns:xsi="http://www.w3.org/2001/XMLSchema-instance" xsi:noNamespaceSchemaLocation="https://maven.apache.org/surefire/maven-surefire-plugin/xsd/surefire-test-report.xsd" name="org.apache.hadoop.ozone.client.rpc.TestDeleteWithSlowFollower" time="35.27" tests="1" errors="0" skipped="0" failures="1">
  <properties>
    <property name="awt.toolkit" value="sun.awt.X11.XToolkit"/>
    <property name="file.encoding.pkg" value="sun.io"/>
    <property name="java.specification.version" value="1.8"/>
    <property name="sun.cpu.isalist" value=""/>
    <property name="sun.jnu.encoding" value="ANSI_X3.4-1968"/>
    <property name="java.class.path" value="/github/workspace/mnt/ozone/hadoop-ozone/integration-test/target/test-classes:/github/workspace/mnt/ozone/hadoop-ozone/integration-test/target/classes:/home/user/.m2/repository/org/apache/hadoop/hadoop-ozone-common/0.6.0-SNAPSHOT/hadoop-ozone-common-0.6.0-SNAPSHOT.jar:/home/user/.m2/repository/org/apache/commons/commons-compress/1.4.1/commons-compress-1.4.1.jar:/home/user/.m2/repository/org/tukaani/xz/1.0/xz-1.0.jar:/home/user/.m2/repository/org/apache/hadoop/hadoop-hdds-common/0.6.0-SNAPSHOT/hadoop-hdds-common-0.6.0-SNAPSHOT.jar:/home/user/.m2/repository/org/apache/hadoop/hadoop-hdds-hadoop-dependency-client/0.6.0-SNAPSHOT/hadoop-hdds-hadoop-dependency-client-0.6.0-SNAPSHOT.jar:/home/user/.m2/repository/info/picocli/picocli/3.9.6/picocli-3.9.6.jar:/home/user/.m2/repository/com/fasterxml/jackson/core/jackson-annotations/2.10.3/jackson-annotations-2.10.3.jar:/home/user/.m2/repository/javax/annotation/javax.annotation-api/1.2/javax.annotation-api-1.2.jar:/home/user/.m2/repository/org/apache/ratis/ratis-server/1.0.0/ratis-server-1.0.0.jar:/home/user/.m2/repository/org/apache/ratis/ratis-client/1.0.0/ratis-client-1.0.0.jar:/home/user/.m2/repository/org/apache/ratis/ratis-metrics/1.0.0/ratis-metrics-1.0.0.jar:/home/user/.m2/repository/org/apache/ratis/ratis-netty/1.0.0/ratis-netty-1.0.0.jar:/home/user/.m2/repository/org/apache/ratis/ratis-grpc/1.0.0/ratis-grpc-1.0.0.jar:/home/user/.m2/repository/org/apache/logging/log4j/log4j-api/2.11.0/log4j-api-2.11.0.jar:/home/user/.m2/repository/org/apache/logging/log4j/log4j-core/2.11.0/log4j-core-2.11.0.jar:/home/user/.m2/repository/com/lmax/disruptor/3.4.2/disruptor-3.4.2.jar:/home/user/.m2/repository/org/apache/commons/commons-pool2/2.6.0/commons-pool2-2.6.0.jar:/home/user/.m2/repository/org/bouncycastle/bcpkix-jdk15on/1.60/bcpkix-jdk15on-1.60.jar:/home/user/.m2/repository/commons-validator/commons-validator/1.6/commons-validator-1.6.jar:/home/user/.m2/repository/commons-digester/commons-digester/1.8.1/commons-digester-1.8.1.jar:/home/user/.m2/repository/io/jaegertracing/jaeger-client/1.2.0/jaeger-client-1.2.0.jar:/home/user/.m2/repository/io/jaegertracing/jaeger-thrift/1.2.0/jaeger-thrift-1.2.0.jar:/home/user/.m2/repository/org/apache/thrift/libthrift/0.13.0/libthrift-0.13.0.jar:/home/user/.m2/repository/com/squareup/okhttp3/okhttp/4.2.2/okhttp-4.2.2.jar:/home/user/.m2/repository/com/squareup/okio/okio/2.2.2/okio-2.2.2.jar:/home/user/.m2/repository/org/jetbrains/kotlin/kotlin-stdlib/1.3.50/kotlin-stdlib-1.3.50.jar:/home/user/.m2/repository/org/jetbrains/kotlin/kotlin-stdlib-common/1.3.50/kotlin-stdlib-common-1.3.50.jar:/home/user/.m2/repository/org/jetbrains/annotations/13.0/annotations-13.0.jar:/home/user/.m2/repository/io/jaegertracing/jaeger-core/1.2.0/jaeger-core-1.2.0.jar:/home/user/.m2/repository/io/jaegertracing/jaeger-tracerresolver/1.2.0/jaeger-tracerresolver-1.2.0.jar:/home/user/.m2/repository/io/opentracing/contrib/opentracing-tracerresolver/0.1.8/opentracing-tracerresolver-0.1.8.jar:/home/user/.m2/repository/io/opentracing/opentracing-util/0.33.0/opentracing-util-0.33.0.jar:/home/user/.m2/repository/io/opentracing/opentracing-api/0.33.0/opentracing-api-0.33.0.jar:/home/user/.m2/repository/io/opentracing/opentracing-noop/0.33.0/opentracing-noop-0.33.0.jar:/home/user/.m2/repository/org/apache/hadoop/hadoop-hdds-client/0.6.0-SNAPSHOT/hadoop-hdds-client-0.6.0-SNAPSHOT.jar:/home/user/.m2/repository/org/apache/hadoop/hadoop-ozone-interface-client/0.6.0-SNAPSHOT/hadoop-ozone-interface-client-0.6.0-SNAPSHOT.jar:/home/user/.m2/repository/org/apache/hadoop/hadoop-hdds-test-utils/0.6.0-SNAPSHOT/hadoop-hdds-test-utils-0.6.0-SNAPSHOT.jar:/home/user/.m2/repository/com/google/guava/guava/28.2-jre/guava-28.2-jre.jar:/home/user/.m2/repository/com/google/guava/failureaccess/1.0.1/failureaccess-1.0.1.jar:/home/user/.m2/repository/com/google/guava/listenablefuture/9999.0-empty-to-avoid-conflict-with-guava/listenablefuture-9999.0-empty-to-avoid-conflict-with-guava.jar:/home/user/.m2/repository/com/google/code/findbugs/jsr305/3.0.0/jsr305-3.0.0.jar:/home/user/.m2/repository/org/checkerframework/checker-qual/2.10.0/checker-qual-2.10.0.jar:/home/user/.m2/repository/com/google/errorprone/error_prone_annotations/2.2.0/error_prone_annotations-2.2.0.jar:/home/user/.m2/repository/com/google/j2objc/j2objc-annotations/1.3/j2objc-annotations-1.3.jar:/home/user/.m2/repository/commons-io/commons-io/2.5/commons-io-2.5.jar:/home/user/.m2/repository/commons-logging/commons-logging/1.2/commons-logging-1.2.jar:/home/user/.m2/repository/log4j/log4j/1.2.17/log4j-1.2.17.jar:/home/user/.m2/repository/org/slf4j/slf4j-api/1.7.25/slf4j-api-1.7.25.jar:/home/user/.m2/repository/org/apache/hadoop/hadoop-hdds-server-scm/0.6.0-SNAPSHOT/hadoop-hdds-server-scm-0.6.0-SNAPSHOT.jar:/home/user/.m2/repository/org/apache/hadoop/hadoop-hdds-container-service/0.6.0-SNAPSHOT/hadoop-hdds-container-service-0.6.0-SNAPSHOT.jar:/home/user/.m2/repository/org/apache/hadoop/hadoop-hdds-hadoop-dependency-server/0.6.0-SNAPSHOT/hadoop-hdds-hadoop-dependency-server-0.6.0-SNAPSHOT.jar:/home/user/.m2/repository/org/apache/hadoop/hadoop-hdds-server-framework/0.6.0-SNAPSHOT/hadoop-hdds-server-framework-0.6.0-SNAPSHOT.jar:/home/user/.m2/repository/org/apache/hadoop/hadoop-hdds-interface-server/0.6.0-SNAPSHOT/hadoop-hdds-interface-server-0.6.0-SNAPSHOT.jar:/home/user/.m2/repository/org/apache/hadoop/hadoop-hdds-interface-admin/0.6.0-SNAPSHOT/hadoop-hdds-interface-admin-0.6.0-SNAPSHOT.jar:/home/user/.m2/repository/org/rocksdb/rocksdbjni/6.8.1/rocksdbjni-6.8.1.jar:/home/user/.m2/repository/io/prometheus/simpleclient_dropwizard/0.7.0/simpleclient_dropwizard-0.7.0.jar:/home/user/.m2/repository/io/prometheus/simpleclient/0.7.0/simpleclient-0.7.0.jar:/home/user/.m2/repository/io/prometheus/simpleclient_common/0.7.0/simpleclient_common-0.7.0.jar:/home/user/.m2/repository/com/fasterxml/jackson/datatype/jackson-datatype-jsr310/2.10.3/jackson-datatype-jsr310-2.10.3.jar:/home/user/.m2/repository/org/apache/hadoop/hadoop-hdds-docs/0.6.0-SNAPSHOT/hadoop-hdds-docs-0.6.0-SNAPSHOT.jar:/home/user/.m2/repository/io/dropwizard/metrics/metrics-core/3.2.4/metrics-core-3.2.4.jar:/home/user/.m2/repository/org/apache/hadoop/hadoop-hdfs-client/3.2.1/hadoop-hdfs-client-3.2.1.jar:/home/user/.m2/repository/org/bouncycastle/bcprov-jdk15on/1.60/bcprov-jdk15on-1.60.jar:/home/user/.m2/repository/org/apache/hadoop/hadoop-ozone-ozone-manager/0.6.0-SNAPSHOT/hadoop-ozone-ozone-manager-0.6.0-SNAPSHOT.jar:/home/user/.m2/repository/org/apache/hadoop/hadoop-hdds-interface-client/0.6.0-SNAPSHOT/hadoop-hdds-interface-client-0.6.0-SNAPSHOT.jar:/home/user/.m2/repository/org/apache/ratis/ratis-thirdparty-misc/0.5.0/ratis-thirdparty-misc-0.5.0.jar:/home/user/.m2/repository/org/apache/hadoop/hadoop-minikdc/3.2.1/hadoop-minikdc-3.2.1.jar:/home/user/.m2/repository/org/apache/kerby/kerb-simplekdc/1.0.1/kerb-simplekdc-1.0.1.jar:/home/user/.m2/repository/org/apache/kerby/kerb-client/1.0.1/kerb-client-1.0.1.jar:/home/user/.m2/repository/org/apache/kerby/kerby-config/1.0.1/kerby-config-1.0.1.jar:/home/user/.m2/repository/org/apache/kerby/kerb-core/1.0.1/kerb-core-1.0.1.jar:/home/user/.m2/repository/org/apache/kerby/kerby-pkix/1.0.1/kerby-pkix-1.0.1.jar:/home/user/.m2/repository/org/apache/kerby/kerby-asn1/1.0.1/kerby-asn1-1.0.1.jar:/home/user/.m2/repository/org/apache/kerby/kerby-util/1.0.1/kerby-util-1.0.1.jar:/home/user/.m2/repository/org/apache/kerby/kerb-common/1.0.1/kerb-common-1.0.1.jar:/home/user/.m2/repository/org/apache/kerby/kerb-crypto/1.0.1/kerb-crypto-1.0.1.jar:/home/user/.m2/repository/org/apache/kerby/kerb-util/1.0.1/kerb-util-1.0.1.jar:/home/user/.m2/repository/org/apache/kerby/token-provider/1.0.1/token-provider-1.0.1.jar:/home/user/.m2/repository/org/apache/kerby/kerb-admin/1.0.1/kerb-admin-1.0.1.jar:/home/user/.m2/repository/org/apache/kerby/kerb-server/1.0.1/kerb-server-1.0.1.jar:/home/user/.m2/repository/org/apache/kerby/kerb-identity/1.0.1/kerb-identity-1.0.1.jar:/home/user/.m2/repository/org/apache/kerby/kerby-xdr/1.0.1/kerby-xdr-1.0.1.jar:/home/user/.m2/repository/org/slf4j/slf4j-log4j12/1.7.25/slf4j-log4j12-1.7.25.jar:/home/user/.m2/repository/org/apache/hadoop/hadoop-ozone-s3gateway/0.6.0-SNAPSHOT/hadoop-ozone-s3gateway-0.6.0-SNAPSHOT.jar:/home/user/.m2/repository/org/jboss/weld/servlet/weld-servlet/2.4.7.Final/weld-servlet-2.4.7.Final.jar:/home/user/.m2/repository/org/glassfish/jersey/containers/jersey-container-servlet-core/2.27/jersey-container-servlet-core-2.27.jar:/home/user/.m2/repository/org/glassfish/hk2/external/javax.inject/2.5.0-b42/javax.inject-2.5.0-b42.jar:/home/user/.m2/repository/org/glassfish/jersey/core/jersey-common/2.27/jersey-common-2.27.jar:/home/user/.m2/repository/org/glassfish/hk2/osgi-resource-locator/1.0.1/osgi-resource-locator-1.0.1.jar:/home/user/.m2/repository/javax/ws/rs/javax.ws.rs-api/2.1/javax.ws.rs-api-2.1.jar:/home/user/.m2/repository/org/glassfish/jersey/ext/cdi/jersey-cdi1x/2.27/jersey-cdi1x-2.27.jar:/home/user/.m2/repository/org/glassfish/jersey/inject/jersey-hk2/2.27/jersey-hk2-2.27.jar:/home/user/.m2/repository/org/glassfish/hk2/hk2-locator/2.5.0-b42/hk2-locator-2.5.0-b42.jar:/home/user/.m2/repository/org/javassist/javassist/3.22.0-CR2/javassist-3.22.0-CR2.jar:/home/user/.m2/repository/org/glassfish/hk2/hk2-api/2.5.0/hk2-api-2.5.0.jar:/home/user/.m2/repository/org/glassfish/hk2/external/jakarta.inject/2.5.0/jakarta.inject-2.5.0.jar:/home/user/.m2/repository/org/glassfish/hk2/hk2-utils/2.5.0/hk2-utils-2.5.0.jar:/home/user/.m2/repository/jakarta/annotation/jakarta.annotation-api/1.3.4/jakarta.annotation-api-1.3.4.jar:/home/user/.m2/repository/org/glassfish/hk2/external/aopalliance-repackaged/2.5.0/aopalliance-repackaged-2.5.0.jar:/home/user/.m2/repository/com/fasterxml/jackson/dataformat/jackson-dataformat-xml/2.10.3/jackson-dataformat-xml-2.10.3.jar:/home/user/.m2/repository/com/fasterxml/jackson/core/jackson-core/2.10.3/jackson-core-2.10.3.jar:/home/user/.m2/repository/com/fasterxml/jackson/module/jackson-module-jaxb-annotations/2.10.3/jackson-module-jaxb-annotations-2.10.3.jar:/home/user/.m2/repository/jakarta/xml/bind/jakarta.xml.bind-api/2.3.2/jakarta.xml.bind-api-2.3.2.jar:/home/user/.m2/repository/jakarta/activation/jakarta.activation-api/1.2.1/jakarta.activation-api-1.2.1.jar:/home/user/.m2/repository/org/codehaus/woodstox/stax2-api/3.1.4/stax2-api-3.1.4.jar:/home/user/.m2/repository/com/fasterxml/woodstox/woodstox-core/5.0.3/woodstox-core-5.0.3.jar:/home/user/.m2/repository/javax/enterprise/cdi-api/1.2/cdi-api-1.2.jar:/home/user/.m2/repository/javax/el/javax.el-api/3.0.0/javax.el-api-3.0.0.jar:/home/user/.m2/repository/javax/interceptor/javax.interceptor-api/1.2/javax.interceptor-api-1.2.jar:/home/user/.m2/repository/javax/inject/javax.inject/1/javax.inject-1.jar:/home/user/.m2/repository/com/sun/xml/bind/jaxb-impl/2.3.0.1/jaxb-impl-2.3.0.1.jar:/home/user/.m2/repository/com/sun/xml/bind/jaxb-core/2.3.0.1/jaxb-core-2.3.0.1.jar:/home/user/.m2/repository/javax/xml/bind/jaxb-api/2.3.0/jaxb-api-2.3.0.jar:/home/user/.m2/repository/javax/activation/activation/1.1.1/activation-1.1.1.jar:/home/user/.m2/repository/org/apache/hadoop/hadoop-ozone-csi/0.6.0-SNAPSHOT/hadoop-ozone-csi-0.6.0-SNAPSHOT.jar:/home/user/.m2/repository/com/google/protobuf/protobuf-java-util/3.11.0/protobuf-java-util-3.11.0.jar:/home/user/.m2/repository/com/google/code/gson/gson/2.2.4/gson-2.2.4.jar:/home/user/.m2/repository/org/apache/hadoop/hadoop-hdds-config/0.6.0-SNAPSHOT/hadoop-hdds-config-0.6.0-SNAPSHOT.jar:/home/user/.m2/repository/com/google/protobuf/protobuf-java/2.5.0/protobuf-java-2.5.0.jar:/home/user/.m2/repository/io/grpc/grpc-netty/1.29.0/grpc-netty-1.29.0.jar:/home/user/.m2/repository/io/grpc/grpc-core/1.29.0/grpc-core-1.29.0.jar:/home/user/.m2/repository/com/google/android/annotations/4.1.1.4/annotations-4.1.1.4.jar:/home/user/.m2/repository/io/perfmark/perfmark-api/0.19.0/perfmark-api-0.19.0.jar:/home/user/.m2/repository/io/netty/netty-codec-http2/4.1.48.Final/netty-codec-http2-4.1.48.Final.jar:/home/user/.m2/repository/io/netty/netty-codec/4.1.48.Final/netty-codec-4.1.48.Final.jar:/home/user/.m2/repository/io/netty/netty-handler/4.1.48.Final/netty-handler-4.1.48.Final.jar:/home/user/.m2/repository/io/netty/netty-codec-http/4.1.48.Final/netty-codec-http-4.1.48.Final.jar:/home/user/.m2/repository/io/netty/netty-handler-proxy/4.1.48.Final/netty-handler-proxy-4.1.48.Final.jar:/home/user/.m2/repository/io/netty/netty-codec-socks/4.1.48.Final/netty-codec-socks-4.1.48.Final.jar:/home/user/.m2/repository/io/netty/netty-transport-native-epoll/4.1.48.Final/netty-transport-native-epoll-4.1.48.Final.jar:/home/user/.m2/repository/io/netty/netty-common/4.1.48.Final/netty-common-4.1.48.Final.jar:/home/user/.m2/repository/io/netty/netty-buffer/4.1.48.Final/netty-buffer-4.1.48.Final.jar:/home/user/.m2/repository/io/netty/netty-transport/4.1.48.Final/netty-transport-4.1.48.Final.jar:/home/user/.m2/repository/io/netty/netty-resolver/4.1.48.Final/netty-resolver-4.1.48.Final.jar:/home/user/.m2/repository/io/netty/netty-transport-native-unix-common/4.1.48.Final/netty-transport-native-unix-common-4.1.48.Final.jar:/home/user/.m2/repository/io/grpc/grpc-protobuf/1.29.0/grpc-protobuf-1.29.0.jar:/home/user/.m2/repository/io/grpc/grpc-api/1.29.0/grpc-api-1.29.0.jar:/home/user/.m2/repository/io/grpc/grpc-context/1.29.0/grpc-context-1.29.0.jar:/home/user/.m2/repository/org/codehaus/mojo/animal-sniffer-annotations/1.18/animal-sniffer-annotations-1.18.jar:/home/user/.m2/repository/com/google/api/grpc/proto-google-common-protos/1.17.0/proto-google-common-protos-1.17.0.jar:/home/user/.m2/repository/io/grpc/grpc-protobuf-lite/1.29.0/grpc-protobuf-lite-1.29.0.jar:/home/user/.m2/repository/io/grpc/grpc-stub/1.29.0/grpc-stub-1.29.0.jar:/home/user/.m2/repository/org/apache/hadoop/hadoop-ozone-recon/0.6.0-SNAPSHOT/hadoop-ozone-recon-0.6.0-SNAPSHOT.jar:/home/user/.m2/repository/org/apache/hadoop/hadoop-ozone-reconcodegen/0.6.0-SNAPSHOT/hadoop-ozone-reconcodegen-0.6.0-SNAPSHOT.jar:/home/user/.m2/repository/com/google/inject/extensions/guice-multibindings/4.0/guice-multibindings-4.0.jar:/home/user/.m2/repository/com/google/inject/guice/4.0/guice-4.0.jar:/home/user/.m2/repository/aopalliance/aopalliance/1.0/aopalliance-1.0.jar:/home/user/.m2/repository/com/google/inject/extensions/guice-assistedinject/4.0/guice-assistedinject-4.0.jar:/home/user/.m2/repository/com/google/inject/extensions/guice-servlet/4.0/guice-servlet-4.0.jar:/home/user/.m2/repository/org/glassfish/jersey/containers/jersey-container-servlet/2.27/jersey-container-servlet-2.27.jar:/home/user/.m2/repository/org/glassfish/hk2/guice-bridge/2.5.0/guice-bridge-2.5.0.jar:/home/user/.m2/repository/org/glassfish/jersey/core/jersey-server/2.27/jersey-server-2.27.jar:/home/user/.m2/repository/org/glassfish/jersey/core/jersey-client/2.27/jersey-client-2.27.jar:/home/user/.m2/repository/org/glassfish/jersey/media/jersey-media-jaxb/2.27/jersey-media-jaxb-2.27.jar:/home/user/.m2/repository/javax/validation/validation-api/1.1.0.Final/validation-api-1.1.0.Final.jar:/home/user/.m2/repository/org/glassfish/jersey/media/jersey-media-json-jackson/2.27/jersey-media-json-jackson-2.27.jar:/home/user/.m2/repository/org/glassfish/jersey/ext/jersey-entity-filtering/2.27/jersey-entity-filtering-2.27.jar:/home/user/.m2/repository/org/jooq/jooq/3.11.10/jooq-3.11.10.jar:/home/user/.m2/repository/org/jooq/jooq-meta/3.11.10/jooq-meta-3.11.10.jar:/home/user/.m2/repository/org/jooq/jooq-codegen/3.11.10/jooq-codegen-3.11.10.jar:/home/user/.m2/repository/com/jolbox/bonecp/0.8.0.RELEASE/bonecp-0.8.0.RELEASE.jar:/home/user/.m2/repository/org/apache/derby/derby/10.14.2.0/derby-10.14.2.0.jar:/home/user/.m2/repository/org/xerial/sqlite-jdbc/3.25.2/sqlite-jdbc-3.25.2.jar:/home/user/.m2/repository/org/springframework/spring-jdbc/5.2.5.RELEASE/spring-jdbc-5.2.5.RELEASE.jar:/home/user/.m2/repository/org/springframework/spring-beans/5.2.5.RELEASE/spring-beans-5.2.5.RELEASE.jar:/home/user/.m2/repository/org/springframework/spring-core/5.2.5.RELEASE/spring-core-5.2.5.RELEASE.jar:/home/user/.m2/repository/org/springframework/spring-jcl/5.2.5.RELEASE/spring-jcl-5.2.5.RELEASE.jar:/home/user/.m2/repository/org/springframework/spring-tx/5.2.5.RELEASE/spring-tx-5.2.5.RELEASE.jar:/home/user/.m2/repository/org/apache/hadoop/hadoop-ozone-client/0.6.0-SNAPSHOT/hadoop-ozone-client-0.6.0-SNAPSHOT.jar:/home/user/.m2/repository/org/apache/hadoop/hadoop-ozone-filesystem/0.6.0-SNAPSHOT/hadoop-ozone-filesystem-0.6.0-SNAPSHOT.jar:/home/user/.m2/repository/org/apache/hadoop/hadoop-ozone-filesystem-common/0.6.0-SNAPSHOT/hadoop-ozone-filesystem-common-0.6.0-SNAPSHOT.jar:/home/user/.m2/repository/org/apache/hadoop/hadoop-ozone-tools/0.6.0-SNAPSHOT/hadoop-ozone-tools-0.6.0-SNAPSHOT.jar:/home/user/.m2/repository/org/apache/hadoop/hadoop-hdfs/3.2.1/hadoop-hdfs-3.2.1.jar:/home/user/.m2/repository/org/apache/ratis/ratis-tools/1.0.0/ratis-tools-1.0.0.jar:/home/user/.m2/repository/org/apache/ratis/ratis-proto/1.0.0/ratis-proto-1.0.0.jar:/home/user/.m2/repository/org/apache/ratis/ratis-common/1.0.0/ratis-common-1.0.0.jar:/home/user/.m2/repository/com/amazonaws/aws-java-sdk-core/1.11.615/aws-java-sdk-core-1.11.615.jar:/home/user/.m2/repository/org/apache/httpcomponents/httpclient/4.5.2/httpclient-4.5.2.jar:/home/user/.m2/repository/org/apache/httpcomponents/httpcore/4.4.4/httpcore-4.4.4.jar:/home/user/.m2/repository/software/amazon/ion/ion-java/1.0.2/ion-java-1.0.2.jar:/home/user/.m2/repository/com/fasterxml/jackson/dataformat/jackson-dataformat-cbor/2.10.3/jackson-dataformat-cbor-2.10.3.jar:/home/user/.m2/repository/joda-time/joda-time/2.8.1/joda-time-2.8.1.jar:/home/user/.m2/repository/com/amazonaws/aws-java-sdk-s3/1.11.615/aws-java-sdk-s3-1.11.615.jar:/home/user/.m2/repository/com/amazonaws/aws-java-sdk-kms/1.11.615/aws-java-sdk-kms-1.11.615.jar:/home/user/.m2/repository/com/amazonaws/jmespath-java/1.11.615/jmespath-java-1.11.615.jar:/home/user/.m2/repository/org/apache/hadoop/hadoop-hdds-tools/0.6.0-SNAPSHOT/hadoop-hdds-tools-0.6.0-SNAPSHOT.jar:/home/user/.m2/repository/commons-cli/commons-cli/1.2/commons-cli-1.2.jar:/home/user/.m2/repository/org/apache/commons/commons-lang3/3.7/commons-lang3-3.7.jar:/home/user/.m2/repository/org/apache/hadoop/hadoop-ozone-ozone-manager/0.6.0-SNAPSHOT/hadoop-ozone-ozone-manager-0.6.0-SNAPSHOT-tests.jar:/home/user/.m2/repository/junit/junit/4.11/junit-4.11.jar:/home/user/.m2/repository/org/hamcrest/hamcrest-core/1.3/hamcrest-core-1.3.jar:/home/user/.m2/repository/org/openjdk/jmh/jmh-core/1.19/jmh-core-1.19.jar:/home/user/.m2/repository/net/sf/jopt-simple/jopt-simple/4.6/jopt-simple-4.6.jar:/home/user/.m2/repository/org/apache/commons/commons-math3/3.1.1/commons-math3-3.1.1.jar:/home/user/.m2/repository/org/openjdk/jmh/jmh-generator-annprocess/1.19/jmh-generator-annprocess-1.19.jar:/home/user/.m2/repository/org/mockito/mockito-all/1.8.5/mockito-all-1.8.5.jar:/home/user/.m2/repository/org/apache/hadoop/hadoop-kms/3.2.1/hadoop-kms-3.2.1.jar:/home/user/.m2/repository/org/apache/hadoop/hadoop-auth/3.2.1/hadoop-auth-3.2.1.jar:/home/user/.m2/repository/com/nimbusds/nimbus-jose-jwt/7.9/nimbus-jose-jwt-7.9.jar:/home/user/.m2/repository/com/github/stephenc/jcip/jcip-annotations/1.0-1/jcip-annotations-1.0-1.jar:/home/user/.m2/repository/net/minidev/json-smart/2.3/json-smart-2.3.jar:/home/user/.m2/repository/net/minidev/accessors-smart/1.2/accessors-smart-1.2.jar:/home/user/.m2/repository/org/ow2/asm/asm/5.0.4/asm-5.0.4.jar:/home/user/.m2/repository/org/apache/zookeeper/zookeeper/3.4.13/zookeeper-3.4.13.jar:/home/user/.m2/repository/org/apache/yetus/audience-annotations/0.5.0/audience-annotations-0.5.0.jar:/home/user/.m2/repository/org/apache/curator/curator-framework/2.13.0/curator-framework-2.13.0.jar:/home/user/.m2/repository/com/sun/jersey/jersey-core/1.19/jersey-core-1.19.jar:/home/user/.m2/repository/javax/ws/rs/jsr311-api/1.1.1/jsr311-api-1.1.1.jar:/home/user/.m2/repository/com/sun/jersey/jersey-server/1.19/jersey-server-1.19.jar:/home/user/.m2/repository/javax/servlet/javax.servlet-api/3.1.0/javax.servlet-api-3.1.0.jar:/home/user/.m2/repository/org/eclipse/jetty/jetty-server/9.4.26.v20200117/jetty-server-9.4.26.v20200117.jar:/home/user/.m2/repository/org/eclipse/jetty/jetty-http/9.4.26.v20200117/jetty-http-9.4.26.v20200117.jar:/home/user/.m2/repository/org/eclipse/jetty/jetty-io/9.4.26.v20200117/jetty-io-9.4.26.v20200117.jar:/home/user/.m2/repository/org/eclipse/jetty/jetty-webapp/9.4.26.v20200117/jetty-webapp-9.4.26.v20200117.jar:/home/user/.m2/repository/org/eclipse/jetty/jetty-xml/9.4.26.v20200117/jetty-xml-9.4.26.v20200117.jar:/home/user/.m2/repository/org/eclipse/jetty/jetty-servlet/9.4.26.v20200117/jetty-servlet-9.4.26.v20200117.jar:/home/user/.m2/repository/org/eclipse/jetty/jetty-security/9.4.26.v20200117/jetty-security-9.4.26.v20200117.jar:/home/user/.m2/repository/org/apache/hadoop/hadoop-common/3.2.1/hadoop-common-3.2.1.jar:/home/user/.m2/repository/commons-net/commons-net/3.6/commons-net-3.6.jar:/home/user/.m2/repository/commons-collections/commons-collections/3.2.2/commons-collections-3.2.2.jar:/home/user/.m2/repository/com/sun/jersey/jersey-servlet/1.19/jersey-servlet-1.19.jar:/home/user/.m2/repository/com/sun/jersey/jersey-json/1.19/jersey-json-1.19.jar:/home/user/.m2/repository/org/codehaus/jettison/jettison/1.1/jettison-1.1.jar:/home/user/.m2/repository/org/codehaus/jackson/jackson-jaxrs/1.9.2/jackson-jaxrs-1.9.2.jar:/home/user/.m2/repository/org/codehaus/jackson/jackson-xc/1.9.2/jackson-xc-1.9.2.jar:/home/user/.m2/repository/commons-beanutils/commons-beanutils/1.9.4/commons-beanutils-1.9.4.jar:/home/user/.m2/repository/org/apache/commons/commons-configuration2/2.1.1/commons-configuration2-2.1.1.jar:/home/user/.m2/repository/org/apache/commons/commons-text/1.4/commons-text-1.4.jar:/home/user/.m2/repository/com/google/re2j/re2j/1.1/re2j-1.1.jar:/home/user/.m2/repository/com/jcraft/jsch/0.1.54/jsch-0.1.54.jar:/home/user/.m2/repository/org/apache/curator/curator-client/2.13.0/curator-client-2.13.0.jar:/home/user/.m2/repository/org/apache/curator/curator-recipes/2.13.0/curator-recipes-2.13.0.jar:/home/user/.m2/repository/dnsjava/dnsjava/2.1.7/dnsjava-2.1.7.jar:/home/user/.m2/repository/org/slf4j/jul-to-slf4j/1.7.25/jul-to-slf4j-1.7.25.jar:/home/user/.m2/repository/org/eclipse/jetty/jetty-util/9.4.26.v20200117/jetty-util-9.4.26.v20200117.jar:/home/user/.m2/repository/com/fasterxml/jackson/core/jackson-databind/2.10.3/jackson-databind-2.10.3.jar:/home/user/.m2/repository/org/apache/hadoop/hadoop-kms/3.2.1/hadoop-kms-3.2.1-tests.jar:/home/user/.m2/repository/org/apache/hadoop/hadoop-hdds-server-scm/0.6.0-SNAPSHOT/hadoop-hdds-server-scm-0.6.0-SNAPSHOT-tests.jar:/home/user/.m2/repository/org/apache/hadoop/hadoop-hdds-container-service/0.6.0-SNAPSHOT/hadoop-hdds-container-service-0.6.0-SNAPSHOT-tests.jar:/home/user/.m2/repository/org/apache/hadoop/hadoop-hdds-common/0.6.0-SNAPSHOT/hadoop-hdds-common-0.6.0-SNAPSHOT-tests.jar:/home/user/.m2/repository/org/yaml/snakeyaml/1.16/snakeyaml-1.16.jar:/home/user/.m2/repository/org/apache/hadoop/hadoop-hdds-hadoop-dependency-test/0.6.0-SNAPSHOT/hadoop-hdds-hadoop-dependency-test-0.6.0-SNAPSHOT.jar:/home/user/.m2/repository/org/apache/hadoop/hadoop-common/3.2.1/hadoop-common-3.2.1-tests.jar:/home/user/.m2/repository/javax/servlet/jsp/jsp-api/2.1/jsp-api-2.1.jar:/home/user/.m2/repository/org/apache/hadoop/hadoop-hdfs/3.2.1/hadoop-hdfs-3.2.1-tests.jar:/home/user/.m2/repository/org/eclipse/jetty/jetty-util-ajax/9.4.26.v20200117/jetty-util-ajax-9.4.26.v20200117.jar:/home/user/.m2/repository/commons-codec/commons-codec/1.11/commons-codec-1.11.jar:/home/user/.m2/repository/commons-daemon/commons-daemon/1.0.13/commons-daemon-1.0.13.jar:/home/user/.m2/repository/io/netty/netty/3.10.5.Final/netty-3.10.5.Final.jar:/home/user/.m2/repository/io/netty/netty-all/4.1.48.Final/netty-all-4.1.48.Final.jar:/home/user/.m2/repository/org/apache/htrace/htrace-core4/4.1.0-incubating/htrace-core4-4.1.0-incubating.jar:/home/user/.m2/repository/org/fusesource/leveldbjni/leveldbjni-all/1.8/leveldbjni-all-1.8.jar:/home/user/.m2/repository/org/apache/hadoop/hadoop-distcp/3.2.1/hadoop-distcp-3.2.1.jar:/home/user/.m2/repository/org/apache/hadoop/hadoop-mapreduce-client-jobclient/3.2.1/hadoop-mapreduce-client-jobclient-3.2.1.jar:/home/user/.m2/repository/org/apache/hadoop/hadoop-mapreduce-client-common/3.2.1/hadoop-mapreduce-client-common-3.2.1.jar:/home/user/.m2/repository/org/apache/hadoop/hadoop-yarn-common/3.2.1/hadoop-yarn-common-3.2.1.jar:/home/user/.m2/repository/org/apache/hadoop/hadoop-yarn-api/3.2.1/hadoop-yarn-api-3.2.1.jar:/home/user/.m2/repository/com/sun/jersey/jersey-client/1.19/jersey-client-1.19.jar:/home/user/.m2/repository/com/sun/jersey/contribs/jersey-guice/1.19/jersey-guice-1.19.jar:/home/user/.m2/repository/com/fasterxml/jackson/jaxrs/jackson-jaxrs-json-provider/2.10.3/jackson-jaxrs-json-provider-2.10.3.jar:/home/user/.m2/repository/com/fasterxml/jackson/jaxrs/jackson-jaxrs-base/2.10.3/jackson-jaxrs-base-2.10.3.jar:/home/user/.m2/repository/org/apache/hadoop/hadoop-yarn-client/3.2.1/hadoop-yarn-client-3.2.1.jar:/home/user/.m2/repository/org/apache/hadoop/hadoop-mapreduce-client-core/3.2.1/hadoop-mapreduce-client-core-3.2.1.jar:/home/user/.m2/repository/org/apache/avro/avro/1.7.7/avro-1.7.7.jar:/home/user/.m2/repository/org/codehaus/jackson/jackson-core-asl/1.9.13/jackson-core-asl-1.9.13.jar:/home/user/.m2/repository/org/codehaus/jackson/jackson-mapper-asl/1.9.13/jackson-mapper-asl-1.9.13.jar:/home/user/.m2/repository/com/thoughtworks/paranamer/paranamer/2.3/paranamer-2.3.jar:/home/user/.m2/repository/org/xerial/snappy/snappy-java/1.0.5/snappy-java-1.0.5.jar:/home/user/.m2/repository/org/apache/hadoop/hadoop-annotations/3.2.1/hadoop-annotations-3.2.1.jar:/usr/lib/jvm/java-1.8.0-openjdk-1.8.0.232.b09-0.el7_7.x86_64/jre/../lib/tools.jar:/home/user/.m2/repository/org/apache/hadoop/hadoop-distcp/3.2.1/hadoop-distcp-3.2.1-tests.jar:"/>
    <property name="java.vm.vendor" value="Oracle Corporation"/>
    <property name="sun.arch.data.model" value="64"/>
    <property name="test.build.dir" value="/github/workspace/mnt/ozone/hadoop-ozone/integration-test/target/test-dir"/>
    <property name="test.cache.data" value=""/>
    <property name="java.vendor.url" value="http://java.oracle.com/"/>
    <property name="user.timezone" value=""/>
    <property name="java.vm.specification.version" value="1.8"/>
    <property name="os.name" value="Linux"/>
    <property name="test.build.data" value="/github/workspace/mnt/ozone/hadoop-ozone/integration-test/target/test-dir"/>
    <property name="user.country" value="US"/>
    <property name="sun.java.launcher" value="SUN_STANDARD"/>
    <property name="sun.boot.library.path" value="/usr/lib/jvm/java-1.8.0-openjdk-1.8.0.232.b09-0.el7_7.x86_64/jre/lib/amd64"/>
    <property name="sun.java.command" value="/github/workspace/mnt/ozone/hadoop-ozone/integration-test/target/surefire/surefirebooter377143640854411344.jar /github/workspace/mnt/ozone/hadoop-ozone/integration-test/target/surefire 2020-08-03T12-42-12_099-jvmRun1 surefire6386679323986753900tmp surefire_194760128479800808724tmp"/>
    <property name="surefire.test.class.path" value="/github/workspace/mnt/ozone/hadoop-ozone/integration-test/target/test-classes:/github/workspace/mnt/ozone/hadoop-ozone/integration-test/target/classes:/home/user/.m2/repository/org/apache/hadoop/hadoop-ozone-common/0.6.0-SNAPSHOT/hadoop-ozone-common-0.6.0-SNAPSHOT.jar:/home/user/.m2/repository/org/apache/commons/commons-compress/1.4.1/commons-compress-1.4.1.jar:/home/user/.m2/repository/org/tukaani/xz/1.0/xz-1.0.jar:/home/user/.m2/repository/org/apache/hadoop/hadoop-hdds-common/0.6.0-SNAPSHOT/hadoop-hdds-common-0.6.0-SNAPSHOT.jar:/home/user/.m2/repository/org/apache/hadoop/hadoop-hdds-hadoop-dependency-client/0.6.0-SNAPSHOT/hadoop-hdds-hadoop-dependency-client-0.6.0-SNAPSHOT.jar:/home/user/.m2/repository/info/picocli/picocli/3.9.6/picocli-3.9.6.jar:/home/user/.m2/repository/com/fasterxml/jackson/core/jackson-annotations/2.10.3/jackson-annotations-2.10.3.jar:/home/user/.m2/repository/javax/annotation/javax.annotation-api/1.2/javax.annotation-api-1.2.jar:/home/user/.m2/repository/org/apache/ratis/ratis-server/1.0.0/ratis-server-1.0.0.jar:/home/user/.m2/repository/org/apache/ratis/ratis-client/1.0.0/ratis-client-1.0.0.jar:/home/user/.m2/repository/org/apache/ratis/ratis-metrics/1.0.0/ratis-metrics-1.0.0.jar:/home/user/.m2/repository/org/apache/ratis/ratis-netty/1.0.0/ratis-netty-1.0.0.jar:/home/user/.m2/repository/org/apache/ratis/ratis-grpc/1.0.0/ratis-grpc-1.0.0.jar:/home/user/.m2/repository/org/apache/logging/log4j/log4j-api/2.11.0/log4j-api-2.11.0.jar:/home/user/.m2/repository/org/apache/logging/log4j/log4j-core/2.11.0/log4j-core-2.11.0.jar:/home/user/.m2/repository/com/lmax/disruptor/3.4.2/disruptor-3.4.2.jar:/home/user/.m2/repository/org/apache/commons/commons-pool2/2.6.0/commons-pool2-2.6.0.jar:/home/user/.m2/repository/org/bouncycastle/bcpkix-jdk15on/1.60/bcpkix-jdk15on-1.60.jar:/home/user/.m2/repository/commons-validator/commons-validator/1.6/commons-validator-1.6.jar:/home/user/.m2/repository/commons-digester/commons-digester/1.8.1/commons-digester-1.8.1.jar:/home/user/.m2/repository/io/jaegertracing/jaeger-client/1.2.0/jaeger-client-1.2.0.jar:/home/user/.m2/repository/io/jaegertracing/jaeger-thrift/1.2.0/jaeger-thrift-1.2.0.jar:/home/user/.m2/repository/org/apache/thrift/libthrift/0.13.0/libthrift-0.13.0.jar:/home/user/.m2/repository/com/squareup/okhttp3/okhttp/4.2.2/okhttp-4.2.2.jar:/home/user/.m2/repository/com/squareup/okio/okio/2.2.2/okio-2.2.2.jar:/home/user/.m2/repository/org/jetbrains/kotlin/kotlin-stdlib/1.3.50/kotlin-stdlib-1.3.50.jar:/home/user/.m2/repository/org/jetbrains/kotlin/kotlin-stdlib-common/1.3.50/kotlin-stdlib-common-1.3.50.jar:/home/user/.m2/repository/org/jetbrains/annotations/13.0/annotations-13.0.jar:/home/user/.m2/repository/io/jaegertracing/jaeger-core/1.2.0/jaeger-core-1.2.0.jar:/home/user/.m2/repository/io/jaegertracing/jaeger-tracerresolver/1.2.0/jaeger-tracerresolver-1.2.0.jar:/home/user/.m2/repository/io/opentracing/contrib/opentracing-tracerresolver/0.1.8/opentracing-tracerresolver-0.1.8.jar:/home/user/.m2/repository/io/opentracing/opentracing-util/0.33.0/opentracing-util-0.33.0.jar:/home/user/.m2/repository/io/opentracing/opentracing-api/0.33.0/opentracing-api-0.33.0.jar:/home/user/.m2/repository/io/opentracing/opentracing-noop/0.33.0/opentracing-noop-0.33.0.jar:/home/user/.m2/repository/org/apache/hadoop/hadoop-hdds-client/0.6.0-SNAPSHOT/hadoop-hdds-client-0.6.0-SNAPSHOT.jar:/home/user/.m2/repository/org/apache/hadoop/hadoop-ozone-interface-client/0.6.0-SNAPSHOT/hadoop-ozone-interface-client-0.6.0-SNAPSHOT.jar:/home/user/.m2/repository/org/apache/hadoop/hadoop-hdds-test-utils/0.6.0-SNAPSHOT/hadoop-hdds-test-utils-0.6.0-SNAPSHOT.jar:/home/user/.m2/repository/com/google/guava/guava/28.2-jre/guava-28.2-jre.jar:/home/user/.m2/repository/com/google/guava/failureaccess/1.0.1/failureaccess-1.0.1.jar:/home/user/.m2/repository/com/google/guava/listenablefuture/9999.0-empty-to-avoid-conflict-with-guava/listenablefuture-9999.0-empty-to-avoid-conflict-with-guava.jar:/home/user/.m2/repository/com/google/code/findbugs/jsr305/3.0.0/jsr305-3.0.0.jar:/home/user/.m2/repository/org/checkerframework/checker-qual/2.10.0/checker-qual-2.10.0.jar:/home/user/.m2/repository/com/google/errorprone/error_prone_annotations/2.2.0/error_prone_annotations-2.2.0.jar:/home/user/.m2/repository/com/google/j2objc/j2objc-annotations/1.3/j2objc-annotations-1.3.jar:/home/user/.m2/repository/commons-io/commons-io/2.5/commons-io-2.5.jar:/home/user/.m2/repository/commons-logging/commons-logging/1.2/commons-logging-1.2.jar:/home/user/.m2/repository/log4j/log4j/1.2.17/log4j-1.2.17.jar:/home/user/.m2/repository/org/slf4j/slf4j-api/1.7.25/slf4j-api-1.7.25.jar:/home/user/.m2/repository/org/apache/hadoop/hadoop-hdds-server-scm/0.6.0-SNAPSHOT/hadoop-hdds-server-scm-0.6.0-SNAPSHOT.jar:/home/user/.m2/repository/org/apache/hadoop/hadoop-hdds-container-service/0.6.0-SNAPSHOT/hadoop-hdds-container-service-0.6.0-SNAPSHOT.jar:/home/user/.m2/repository/org/apache/hadoop/hadoop-hdds-hadoop-dependency-server/0.6.0-SNAPSHOT/hadoop-hdds-hadoop-dependency-server-0.6.0-SNAPSHOT.jar:/home/user/.m2/repository/org/apache/hadoop/hadoop-hdds-server-framework/0.6.0-SNAPSHOT/hadoop-hdds-server-framework-0.6.0-SNAPSHOT.jar:/home/user/.m2/repository/org/apache/hadoop/hadoop-hdds-interface-server/0.6.0-SNAPSHOT/hadoop-hdds-interface-server-0.6.0-SNAPSHOT.jar:/home/user/.m2/repository/org/apache/hadoop/hadoop-hdds-interface-admin/0.6.0-SNAPSHOT/hadoop-hdds-interface-admin-0.6.0-SNAPSHOT.jar:/home/user/.m2/repository/org/rocksdb/rocksdbjni/6.8.1/rocksdbjni-6.8.1.jar:/home/user/.m2/repository/io/prometheus/simpleclient_dropwizard/0.7.0/simpleclient_dropwizard-0.7.0.jar:/home/user/.m2/repository/io/prometheus/simpleclient/0.7.0/simpleclient-0.7.0.jar:/home/user/.m2/repository/io/prometheus/simpleclient_common/0.7.0/simpleclient_common-0.7.0.jar:/home/user/.m2/repository/com/fasterxml/jackson/datatype/jackson-datatype-jsr310/2.10.3/jackson-datatype-jsr310-2.10.3.jar:/home/user/.m2/repository/org/apache/hadoop/hadoop-hdds-docs/0.6.0-SNAPSHOT/hadoop-hdds-docs-0.6.0-SNAPSHOT.jar:/home/user/.m2/repository/io/dropwizard/metrics/metrics-core/3.2.4/metrics-core-3.2.4.jar:/home/user/.m2/repository/org/apache/hadoop/hadoop-hdfs-client/3.2.1/hadoop-hdfs-client-3.2.1.jar:/home/user/.m2/repository/org/bouncycastle/bcprov-jdk15on/1.60/bcprov-jdk15on-1.60.jar:/home/user/.m2/repository/org/apache/hadoop/hadoop-ozone-ozone-manager/0.6.0-SNAPSHOT/hadoop-ozone-ozone-manager-0.6.0-SNAPSHOT.jar:/home/user/.m2/repository/org/apache/hadoop/hadoop-hdds-interface-client/0.6.0-SNAPSHOT/hadoop-hdds-interface-client-0.6.0-SNAPSHOT.jar:/home/user/.m2/repository/org/apache/ratis/ratis-thirdparty-misc/0.5.0/ratis-thirdparty-misc-0.5.0.jar:/home/user/.m2/repository/org/apache/hadoop/hadoop-minikdc/3.2.1/hadoop-minikdc-3.2.1.jar:/home/user/.m2/repository/org/apache/kerby/kerb-simplekdc/1.0.1/kerb-simplekdc-1.0.1.jar:/home/user/.m2/repository/org/apache/kerby/kerb-client/1.0.1/kerb-client-1.0.1.jar:/home/user/.m2/repository/org/apache/kerby/kerby-config/1.0.1/kerby-config-1.0.1.jar:/home/user/.m2/repository/org/apache/kerby/kerb-core/1.0.1/kerb-core-1.0.1.jar:/home/user/.m2/repository/org/apache/kerby/kerby-pkix/1.0.1/kerby-pkix-1.0.1.jar:/home/user/.m2/repository/org/apache/kerby/kerby-asn1/1.0.1/kerby-asn1-1.0.1.jar:/home/user/.m2/repository/org/apache/kerby/kerby-util/1.0.1/kerby-util-1.0.1.jar:/home/user/.m2/repository/org/apache/kerby/kerb-common/1.0.1/kerb-common-1.0.1.jar:/home/user/.m2/repository/org/apache/kerby/kerb-crypto/1.0.1/kerb-crypto-1.0.1.jar:/home/user/.m2/repository/org/apache/kerby/kerb-util/1.0.1/kerb-util-1.0.1.jar:/home/user/.m2/repository/org/apache/kerby/token-provider/1.0.1/token-provider-1.0.1.jar:/home/user/.m2/repository/org/apache/kerby/kerb-admin/1.0.1/kerb-admin-1.0.1.jar:/home/user/.m2/repository/org/apache/kerby/kerb-server/1.0.1/kerb-server-1.0.1.jar:/home/user/.m2/repository/org/apache/kerby/kerb-identity/1.0.1/kerb-identity-1.0.1.jar:/home/user/.m2/repository/org/apache/kerby/kerby-xdr/1.0.1/kerby-xdr-1.0.1.jar:/home/user/.m2/repository/org/slf4j/slf4j-log4j12/1.7.25/slf4j-log4j12-1.7.25.jar:/home/user/.m2/repository/org/apache/hadoop/hadoop-ozone-s3gateway/0.6.0-SNAPSHOT/hadoop-ozone-s3gateway-0.6.0-SNAPSHOT.jar:/home/user/.m2/repository/org/jboss/weld/servlet/weld-servlet/2.4.7.Final/weld-servlet-2.4.7.Final.jar:/home/user/.m2/repository/org/glassfish/jersey/containers/jersey-container-servlet-core/2.27/jersey-container-servlet-core-2.27.jar:/home/user/.m2/repository/org/glassfish/hk2/external/javax.inject/2.5.0-b42/javax.inject-2.5.0-b42.jar:/home/user/.m2/repository/org/glassfish/jersey/core/jersey-common/2.27/jersey-common-2.27.jar:/home/user/.m2/repository/org/glassfish/hk2/osgi-resource-locator/1.0.1/osgi-resource-locator-1.0.1.jar:/home/user/.m2/repository/javax/ws/rs/javax.ws.rs-api/2.1/javax.ws.rs-api-2.1.jar:/home/user/.m2/repository/org/glassfish/jersey/ext/cdi/jersey-cdi1x/2.27/jersey-cdi1x-2.27.jar:/home/user/.m2/repository/org/glassfish/jersey/inject/jersey-hk2/2.27/jersey-hk2-2.27.jar:/home/user/.m2/repository/org/glassfish/hk2/hk2-locator/2.5.0-b42/hk2-locator-2.5.0-b42.jar:/home/user/.m2/repository/org/javassist/javassist/3.22.0-CR2/javassist-3.22.0-CR2.jar:/home/user/.m2/repository/org/glassfish/hk2/hk2-api/2.5.0/hk2-api-2.5.0.jar:/home/user/.m2/repository/org/glassfish/hk2/external/jakarta.inject/2.5.0/jakarta.inject-2.5.0.jar:/home/user/.m2/repository/org/glassfish/hk2/hk2-utils/2.5.0/hk2-utils-2.5.0.jar:/home/user/.m2/repository/jakarta/annotation/jakarta.annotation-api/1.3.4/jakarta.annotation-api-1.3.4.jar:/home/user/.m2/repository/org/glassfish/hk2/external/aopalliance-repackaged/2.5.0/aopalliance-repackaged-2.5.0.jar:/home/user/.m2/repository/com/fasterxml/jackson/dataformat/jackson-dataformat-xml/2.10.3/jackson-dataformat-xml-2.10.3.jar:/home/user/.m2/repository/com/fasterxml/jackson/core/jackson-core/2.10.3/jackson-core-2.10.3.jar:/home/user/.m2/repository/com/fasterxml/jackson/module/jackson-module-jaxb-annotations/2.10.3/jackson-module-jaxb-annotations-2.10.3.jar:/home/user/.m2/repository/jakarta/xml/bind/jakarta.xml.bind-api/2.3.2/jakarta.xml.bind-api-2.3.2.jar:/home/user/.m2/repository/jakarta/activation/jakarta.activation-api/1.2.1/jakarta.activation-api-1.2.1.jar:/home/user/.m2/repository/org/codehaus/woodstox/stax2-api/3.1.4/stax2-api-3.1.4.jar:/home/user/.m2/repository/com/fasterxml/woodstox/woodstox-core/5.0.3/woodstox-core-5.0.3.jar:/home/user/.m2/repository/javax/enterprise/cdi-api/1.2/cdi-api-1.2.jar:/home/user/.m2/repository/javax/el/javax.el-api/3.0.0/javax.el-api-3.0.0.jar:/home/user/.m2/repository/javax/interceptor/javax.interceptor-api/1.2/javax.interceptor-api-1.2.jar:/home/user/.m2/repository/javax/inject/javax.inject/1/javax.inject-1.jar:/home/user/.m2/repository/com/sun/xml/bind/jaxb-impl/2.3.0.1/jaxb-impl-2.3.0.1.jar:/home/user/.m2/repository/com/sun/xml/bind/jaxb-core/2.3.0.1/jaxb-core-2.3.0.1.jar:/home/user/.m2/repository/javax/xml/bind/jaxb-api/2.3.0/jaxb-api-2.3.0.jar:/home/user/.m2/repository/javax/activation/activation/1.1.1/activation-1.1.1.jar:/home/user/.m2/repository/org/apache/hadoop/hadoop-ozone-csi/0.6.0-SNAPSHOT/hadoop-ozone-csi-0.6.0-SNAPSHOT.jar:/home/user/.m2/repository/com/google/protobuf/protobuf-java-util/3.11.0/protobuf-java-util-3.11.0.jar:/home/user/.m2/repository/com/google/code/gson/gson/2.2.4/gson-2.2.4.jar:/home/user/.m2/repository/org/apache/hadoop/hadoop-hdds-config/0.6.0-SNAPSHOT/hadoop-hdds-config-0.6.0-SNAPSHOT.jar:/home/user/.m2/repository/com/google/protobuf/protobuf-java/2.5.0/protobuf-java-2.5.0.jar:/home/user/.m2/repository/io/grpc/grpc-netty/1.29.0/grpc-netty-1.29.0.jar:/home/user/.m2/repository/io/grpc/grpc-core/1.29.0/grpc-core-1.29.0.jar:/home/user/.m2/repository/com/google/android/annotations/4.1.1.4/annotations-4.1.1.4.jar:/home/user/.m2/repository/io/perfmark/perfmark-api/0.19.0/perfmark-api-0.19.0.jar:/home/user/.m2/repository/io/netty/netty-codec-http2/4.1.48.Final/netty-codec-http2-4.1.48.Final.jar:/home/user/.m2/repository/io/netty/netty-codec/4.1.48.Final/netty-codec-4.1.48.Final.jar:/home/user/.m2/repository/io/netty/netty-handler/4.1.48.Final/netty-handler-4.1.48.Final.jar:/home/user/.m2/repository/io/netty/netty-codec-http/4.1.48.Final/netty-codec-http-4.1.48.Final.jar:/home/user/.m2/repository/io/netty/netty-handler-proxy/4.1.48.Final/netty-handler-proxy-4.1.48.Final.jar:/home/user/.m2/repository/io/netty/netty-codec-socks/4.1.48.Final/netty-codec-socks-4.1.48.Final.jar:/home/user/.m2/repository/io/netty/netty-transport-native-epoll/4.1.48.Final/netty-transport-native-epoll-4.1.48.Final.jar:/home/user/.m2/repository/io/netty/netty-common/4.1.48.Final/netty-common-4.1.48.Final.jar:/home/user/.m2/repository/io/netty/netty-buffer/4.1.48.Final/netty-buffer-4.1.48.Final.jar:/home/user/.m2/repository/io/netty/netty-transport/4.1.48.Final/netty-transport-4.1.48.Final.jar:/home/user/.m2/repository/io/netty/netty-resolver/4.1.48.Final/netty-resolver-4.1.48.Final.jar:/home/user/.m2/repository/io/netty/netty-transport-native-unix-common/4.1.48.Final/netty-transport-native-unix-common-4.1.48.Final.jar:/home/user/.m2/repository/io/grpc/grpc-protobuf/1.29.0/grpc-protobuf-1.29.0.jar:/home/user/.m2/repository/io/grpc/grpc-api/1.29.0/grpc-api-1.29.0.jar:/home/user/.m2/repository/io/grpc/grpc-context/1.29.0/grpc-context-1.29.0.jar:/home/user/.m2/repository/org/codehaus/mojo/animal-sniffer-annotations/1.18/animal-sniffer-annotations-1.18.jar:/home/user/.m2/repository/com/google/api/grpc/proto-google-common-protos/1.17.0/proto-google-common-protos-1.17.0.jar:/home/user/.m2/repository/io/grpc/grpc-protobuf-lite/1.29.0/grpc-protobuf-lite-1.29.0.jar:/home/user/.m2/repository/io/grpc/grpc-stub/1.29.0/grpc-stub-1.29.0.jar:/home/user/.m2/repository/org/apache/hadoop/hadoop-ozone-recon/0.6.0-SNAPSHOT/hadoop-ozone-recon-0.6.0-SNAPSHOT.jar:/home/user/.m2/repository/org/apache/hadoop/hadoop-ozone-reconcodegen/0.6.0-SNAPSHOT/hadoop-ozone-reconcodegen-0.6.0-SNAPSHOT.jar:/home/user/.m2/repository/com/google/inject/extensions/guice-multibindings/4.0/guice-multibindings-4.0.jar:/home/user/.m2/repository/com/google/inject/guice/4.0/guice-4.0.jar:/home/user/.m2/repository/aopalliance/aopalliance/1.0/aopalliance-1.0.jar:/home/user/.m2/repository/com/google/inject/extensions/guice-assistedinject/4.0/guice-assistedinject-4.0.jar:/home/user/.m2/repository/com/google/inject/extensions/guice-servlet/4.0/guice-servlet-4.0.jar:/home/user/.m2/repository/org/glassfish/jersey/containers/jersey-container-servlet/2.27/jersey-container-servlet-2.27.jar:/home/user/.m2/repository/org/glassfish/hk2/guice-bridge/2.5.0/guice-bridge-2.5.0.jar:/home/user/.m2/repository/org/glassfish/jersey/core/jersey-server/2.27/jersey-server-2.27.jar:/home/user/.m2/repository/org/glassfish/jersey/core/jersey-client/2.27/jersey-client-2.27.jar:/home/user/.m2/repository/org/glassfish/jersey/media/jersey-media-jaxb/2.27/jersey-media-jaxb-2.27.jar:/home/user/.m2/repository/javax/validation/validation-api/1.1.0.Final/validation-api-1.1.0.Final.jar:/home/user/.m2/repository/org/glassfish/jersey/media/jersey-media-json-jackson/2.27/jersey-media-json-jackson-2.27.jar:/home/user/.m2/repository/org/glassfish/jersey/ext/jersey-entity-filtering/2.27/jersey-entity-filtering-2.27.jar:/home/user/.m2/repository/org/jooq/jooq/3.11.10/jooq-3.11.10.jar:/home/user/.m2/repository/org/jooq/jooq-meta/3.11.10/jooq-meta-3.11.10.jar:/home/user/.m2/repository/org/jooq/jooq-codegen/3.11.10/jooq-codegen-3.11.10.jar:/home/user/.m2/repository/com/jolbox/bonecp/0.8.0.RELEASE/bonecp-0.8.0.RELEASE.jar:/home/user/.m2/repository/org/apache/derby/derby/10.14.2.0/derby-10.14.2.0.jar:/home/user/.m2/repository/org/xerial/sqlite-jdbc/3.25.2/sqlite-jdbc-3.25.2.jar:/home/user/.m2/repository/org/springframework/spring-jdbc/5.2.5.RELEASE/spring-jdbc-5.2.5.RELEASE.jar:/home/user/.m2/repository/org/springframework/spring-beans/5.2.5.RELEASE/spring-beans-5.2.5.RELEASE.jar:/home/user/.m2/repository/org/springframework/spring-core/5.2.5.RELEASE/spring-core-5.2.5.RELEASE.jar:/home/user/.m2/repository/org/springframework/spring-jcl/5.2.5.RELEASE/spring-jcl-5.2.5.RELEASE.jar:/home/user/.m2/repository/org/springframework/spring-tx/5.2.5.RELEASE/spring-tx-5.2.5.RELEASE.jar:/home/user/.m2/repository/org/apache/hadoop/hadoop-ozone-client/0.6.0-SNAPSHOT/hadoop-ozone-client-0.6.0-SNAPSHOT.jar:/home/user/.m2/repository/org/apache/hadoop/hadoop-ozone-filesystem/0.6.0-SNAPSHOT/hadoop-ozone-filesystem-0.6.0-SNAPSHOT.jar:/home/user/.m2/repository/org/apache/hadoop/hadoop-ozone-filesystem-common/0.6.0-SNAPSHOT/hadoop-ozone-filesystem-common-0.6.0-SNAPSHOT.jar:/home/user/.m2/repository/org/apache/hadoop/hadoop-ozone-tools/0.6.0-SNAPSHOT/hadoop-ozone-tools-0.6.0-SNAPSHOT.jar:/home/user/.m2/repository/org/apache/hadoop/hadoop-hdfs/3.2.1/hadoop-hdfs-3.2.1.jar:/home/user/.m2/repository/org/apache/ratis/ratis-tools/1.0.0/ratis-tools-1.0.0.jar:/home/user/.m2/repository/org/apache/ratis/ratis-proto/1.0.0/ratis-proto-1.0.0.jar:/home/user/.m2/repository/org/apache/ratis/ratis-common/1.0.0/ratis-common-1.0.0.jar:/home/user/.m2/repository/com/amazonaws/aws-java-sdk-core/1.11.615/aws-java-sdk-core-1.11.615.jar:/home/user/.m2/repository/org/apache/httpcomponents/httpclient/4.5.2/httpclient-4.5.2.jar:/home/user/.m2/repository/org/apache/httpcomponents/httpcore/4.4.4/httpcore-4.4.4.jar:/home/user/.m2/repository/software/amazon/ion/ion-java/1.0.2/ion-java-1.0.2.jar:/home/user/.m2/repository/com/fasterxml/jackson/dataformat/jackson-dataformat-cbor/2.10.3/jackson-dataformat-cbor-2.10.3.jar:/home/user/.m2/repository/joda-time/joda-time/2.8.1/joda-time-2.8.1.jar:/home/user/.m2/repository/com/amazonaws/aws-java-sdk-s3/1.11.615/aws-java-sdk-s3-1.11.615.jar:/home/user/.m2/repository/com/amazonaws/aws-java-sdk-kms/1.11.615/aws-java-sdk-kms-1.11.615.jar:/home/user/.m2/repository/com/amazonaws/jmespath-java/1.11.615/jmespath-java-1.11.615.jar:/home/user/.m2/repository/org/apache/hadoop/hadoop-hdds-tools/0.6.0-SNAPSHOT/hadoop-hdds-tools-0.6.0-SNAPSHOT.jar:/home/user/.m2/repository/commons-cli/commons-cli/1.2/commons-cli-1.2.jar:/home/user/.m2/repository/org/apache/commons/commons-lang3/3.7/commons-lang3-3.7.jar:/home/user/.m2/repository/org/apache/hadoop/hadoop-ozone-ozone-manager/0.6.0-SNAPSHOT/hadoop-ozone-ozone-manager-0.6.0-SNAPSHOT-tests.jar:/home/user/.m2/repository/junit/junit/4.11/junit-4.11.jar:/home/user/.m2/repository/org/hamcrest/hamcrest-core/1.3/hamcrest-core-1.3.jar:/home/user/.m2/repository/org/openjdk/jmh/jmh-core/1.19/jmh-core-1.19.jar:/home/user/.m2/repository/net/sf/jopt-simple/jopt-simple/4.6/jopt-simple-4.6.jar:/home/user/.m2/repository/org/apache/commons/commons-math3/3.1.1/commons-math3-3.1.1.jar:/home/user/.m2/repository/org/openjdk/jmh/jmh-generator-annprocess/1.19/jmh-generator-annprocess-1.19.jar:/home/user/.m2/repository/org/mockito/mockito-all/1.8.5/mockito-all-1.8.5.jar:/home/user/.m2/repository/org/apache/hadoop/hadoop-kms/3.2.1/hadoop-kms-3.2.1.jar:/home/user/.m2/repository/org/apache/hadoop/hadoop-auth/3.2.1/hadoop-auth-3.2.1.jar:/home/user/.m2/repository/com/nimbusds/nimbus-jose-jwt/7.9/nimbus-jose-jwt-7.9.jar:/home/user/.m2/repository/com/github/stephenc/jcip/jcip-annotations/1.0-1/jcip-annotations-1.0-1.jar:/home/user/.m2/repository/net/minidev/json-smart/2.3/json-smart-2.3.jar:/home/user/.m2/repository/net/minidev/accessors-smart/1.2/accessors-smart-1.2.jar:/home/user/.m2/repository/org/ow2/asm/asm/5.0.4/asm-5.0.4.jar:/home/user/.m2/repository/org/apache/zookeeper/zookeeper/3.4.13/zookeeper-3.4.13.jar:/home/user/.m2/repository/org/apache/yetus/audience-annotations/0.5.0/audience-annotations-0.5.0.jar:/home/user/.m2/repository/org/apache/curator/curator-framework/2.13.0/curator-framework-2.13.0.jar:/home/user/.m2/repository/com/sun/jersey/jersey-core/1.19/jersey-core-1.19.jar:/home/user/.m2/repository/javax/ws/rs/jsr311-api/1.1.1/jsr311-api-1.1.1.jar:/home/user/.m2/repository/com/sun/jersey/jersey-server/1.19/jersey-server-1.19.jar:/home/user/.m2/repository/javax/servlet/javax.servlet-api/3.1.0/javax.servlet-api-3.1.0.jar:/home/user/.m2/repository/org/eclipse/jetty/jetty-server/9.4.26.v20200117/jetty-server-9.4.26.v20200117.jar:/home/user/.m2/repository/org/eclipse/jetty/jetty-http/9.4.26.v20200117/jetty-http-9.4.26.v20200117.jar:/home/user/.m2/repository/org/eclipse/jetty/jetty-io/9.4.26.v20200117/jetty-io-9.4.26.v20200117.jar:/home/user/.m2/repository/org/eclipse/jetty/jetty-webapp/9.4.26.v20200117/jetty-webapp-9.4.26.v20200117.jar:/home/user/.m2/repository/org/eclipse/jetty/jetty-xml/9.4.26.v20200117/jetty-xml-9.4.26.v20200117.jar:/home/user/.m2/repository/org/eclipse/jetty/jetty-servlet/9.4.26.v20200117/jetty-servlet-9.4.26.v20200117.jar:/home/user/.m2/repository/org/eclipse/jetty/jetty-security/9.4.26.v20200117/jetty-security-9.4.26.v20200117.jar:/home/user/.m2/repository/org/apache/hadoop/hadoop-common/3.2.1/hadoop-common-3.2.1.jar:/home/user/.m2/repository/commons-net/commons-net/3.6/commons-net-3.6.jar:/home/user/.m2/repository/commons-collections/commons-collections/3.2.2/commons-collections-3.2.2.jar:/home/user/.m2/repository/com/sun/jersey/jersey-servlet/1.19/jersey-servlet-1.19.jar:/home/user/.m2/repository/com/sun/jersey/jersey-json/1.19/jersey-json-1.19.jar:/home/user/.m2/repository/org/codehaus/jettison/jettison/1.1/jettison-1.1.jar:/home/user/.m2/repository/org/codehaus/jackson/jackson-jaxrs/1.9.2/jackson-jaxrs-1.9.2.jar:/home/user/.m2/repository/org/codehaus/jackson/jackson-xc/1.9.2/jackson-xc-1.9.2.jar:/home/user/.m2/repository/commons-beanutils/commons-beanutils/1.9.4/commons-beanutils-1.9.4.jar:/home/user/.m2/repository/org/apache/commons/commons-configuration2/2.1.1/commons-configuration2-2.1.1.jar:/home/user/.m2/repository/org/apache/commons/commons-text/1.4/commons-text-1.4.jar:/home/user/.m2/repository/com/google/re2j/re2j/1.1/re2j-1.1.jar:/home/user/.m2/repository/com/jcraft/jsch/0.1.54/jsch-0.1.54.jar:/home/user/.m2/repository/org/apache/curator/curator-client/2.13.0/curator-client-2.13.0.jar:/home/user/.m2/repository/org/apache/curator/curator-recipes/2.13.0/curator-recipes-2.13.0.jar:/home/user/.m2/repository/dnsjava/dnsjava/2.1.7/dnsjava-2.1.7.jar:/home/user/.m2/repository/org/slf4j/jul-to-slf4j/1.7.25/jul-to-slf4j-1.7.25.jar:/home/user/.m2/repository/org/eclipse/jetty/jetty-util/9.4.26.v20200117/jetty-util-9.4.26.v20200117.jar:/home/user/.m2/repository/com/fasterxml/jackson/core/jackson-databind/2.10.3/jackson-databind-2.10.3.jar:/home/user/.m2/repository/org/apache/hadoop/hadoop-kms/3.2.1/hadoop-kms-3.2.1-tests.jar:/home/user/.m2/repository/org/apache/hadoop/hadoop-hdds-server-scm/0.6.0-SNAPSHOT/hadoop-hdds-server-scm-0.6.0-SNAPSHOT-tests.jar:/home/user/.m2/repository/org/apache/hadoop/hadoop-hdds-container-service/0.6.0-SNAPSHOT/hadoop-hdds-container-service-0.6.0-SNAPSHOT-tests.jar:/home/user/.m2/repository/org/apache/hadoop/hadoop-hdds-common/0.6.0-SNAPSHOT/hadoop-hdds-common-0.6.0-SNAPSHOT-tests.jar:/home/user/.m2/repository/org/yaml/snakeyaml/1.16/snakeyaml-1.16.jar:/home/user/.m2/repository/org/apache/hadoop/hadoop-hdds-hadoop-dependency-test/0.6.0-SNAPSHOT/hadoop-hdds-hadoop-dependency-test-0.6.0-SNAPSHOT.jar:/home/user/.m2/repository/org/apache/hadoop/hadoop-common/3.2.1/hadoop-common-3.2.1-tests.jar:/home/user/.m2/repository/javax/servlet/jsp/jsp-api/2.1/jsp-api-2.1.jar:/home/user/.m2/repository/org/apache/hadoop/hadoop-hdfs/3.2.1/hadoop-hdfs-3.2.1-tests.jar:/home/user/.m2/repository/org/eclipse/jetty/jetty-util-ajax/9.4.26.v20200117/jetty-util-ajax-9.4.26.v20200117.jar:/home/user/.m2/repository/commons-codec/commons-codec/1.11/commons-codec-1.11.jar:/home/user/.m2/repository/commons-daemon/commons-daemon/1.0.13/commons-daemon-1.0.13.jar:/home/user/.m2/repository/io/netty/netty/3.10.5.Final/netty-3.10.5.Final.jar:/home/user/.m2/repository/io/netty/netty-all/4.1.48.Final/netty-all-4.1.48.Final.jar:/home/user/.m2/repository/org/apache/htrace/htrace-core4/4.1.0-incubating/htrace-core4-4.1.0-incubating.jar:/home/user/.m2/repository/org/fusesource/leveldbjni/leveldbjni-all/1.8/leveldbjni-all-1.8.jar:/home/user/.m2/repository/org/apache/hadoop/hadoop-distcp/3.2.1/hadoop-distcp-3.2.1.jar:/home/user/.m2/repository/org/apache/hadoop/hadoop-mapreduce-client-jobclient/3.2.1/hadoop-mapreduce-client-jobclient-3.2.1.jar:/home/user/.m2/repository/org/apache/hadoop/hadoop-mapreduce-client-common/3.2.1/hadoop-mapreduce-client-common-3.2.1.jar:/home/user/.m2/repository/org/apache/hadoop/hadoop-yarn-common/3.2.1/hadoop-yarn-common-3.2.1.jar:/home/user/.m2/repository/org/apache/hadoop/hadoop-yarn-api/3.2.1/hadoop-yarn-api-3.2.1.jar:/home/user/.m2/repository/com/sun/jersey/jersey-client/1.19/jersey-client-1.19.jar:/home/user/.m2/repository/com/sun/jersey/contribs/jersey-guice/1.19/jersey-guice-1.19.jar:/home/user/.m2/repository/com/fasterxml/jackson/jaxrs/jackson-jaxrs-json-provider/2.10.3/jackson-jaxrs-json-provider-2.10.3.jar:/home/user/.m2/repository/com/fasterxml/jackson/jaxrs/jackson-jaxrs-base/2.10.3/jackson-jaxrs-base-2.10.3.jar:/home/user/.m2/repository/org/apache/hadoop/hadoop-yarn-client/3.2.1/hadoop-yarn-client-3.2.1.jar:/home/user/.m2/repository/org/apache/hadoop/hadoop-mapreduce-client-core/3.2.1/hadoop-mapreduce-client-core-3.2.1.jar:/home/user/.m2/repository/org/apache/avro/avro/1.7.7/avro-1.7.7.jar:/home/user/.m2/repository/org/codehaus/jackson/jackson-core-asl/1.9.13/jackson-core-asl-1.9.13.jar:/home/user/.m2/repository/org/codehaus/jackson/jackson-mapper-asl/1.9.13/jackson-mapper-asl-1.9.13.jar:/home/user/.m2/repository/com/thoughtworks/paranamer/paranamer/2.3/paranamer-2.3.jar:/home/user/.m2/repository/org/xerial/snappy/snappy-java/1.0.5/snappy-java-1.0.5.jar:/home/user/.m2/repository/org/apache/hadoop/hadoop-annotations/3.2.1/hadoop-annotations-3.2.1.jar:/usr/lib/jvm/java-1.8.0-openjdk-1.8.0.232.b09-0.el7_7.x86_64/jre/../lib/tools.jar:/home/user/.m2/repository/org/apache/hadoop/hadoop-distcp/3.2.1/hadoop-distcp-3.2.1-tests.jar:"/>
    <property name="sun.cpu.endian" value="little"/>
    <property name="user.home" value="/home/user"/>
    <property name="user.language" value="en"/>
    <property name="java.specification.vendor" value="Oracle Corporation"/>
    <property name="java.home" value="/usr/lib/jvm/java-1.8.0-openjdk-1.8.0.232.b09-0.el7_7.x86_64/jre"/>
    <property name="java.security.krb5.conf" value="/github/workspace/mnt/ozone/hadoop-ozone/integration-test/target/test-classes/krb5.conf"/>
    <property name="basedir" value="/github/workspace/mnt/ozone/hadoop-ozone/integration-test"/>
    <property name="file.separator" value="/"/>
    <property name="line.separator" value="&#10;"/>
    <property name="java.vm.specification.vendor" value="Oracle Corporation"/>
    <property name="java.specification.name" value="Java Platform API Specification"/>
    <property name="java.awt.graphicsenv" value="sun.awt.X11GraphicsEnvironment"/>
    <property name="skip.installnpx" value="true"/>
    <property name="surefire.real.class.path" value="/github/workspace/mnt/ozone/hadoop-ozone/integration-test/target/surefire/surefirebooter377143640854411344.jar:/home/user/.m2/repository/org/jacoco/org.jacoco.agent/0.8.5/org.jacoco.agent-0.8.5-runtime.jar"/>
    <property name="hadoop.log.dir" value="/github/workspace/mnt/ozone/hadoop-ozone/integration-test/target/log"/>
    <property name="sun.boot.class.path" value="/usr/lib/jvm/java-1.8.0-openjdk-1.8.0.232.b09-0.el7_7.x86_64/jre/lib/resources.jar:/usr/lib/jvm/java-1.8.0-openjdk-1.8.0.232.b09-0.el7_7.x86_64/jre/lib/rt.jar:/usr/lib/jvm/java-1.8.0-openjdk-1.8.0.232.b09-0.el7_7.x86_64/jre/lib/sunrsasign.jar:/usr/lib/jvm/java-1.8.0-openjdk-1.8.0.232.b09-0.el7_7.x86_64/jre/lib/jsse.jar:/usr/lib/jvm/java-1.8.0-openjdk-1.8.0.232.b09-0.el7_7.x86_64/jre/lib/jce.jar:/usr/lib/jvm/java-1.8.0-openjdk-1.8.0.232.b09-0.el7_7.x86_64/jre/lib/charsets.jar:/usr/lib/jvm/java-1.8.0-openjdk-1.8.0.232.b09-0.el7_7.x86_64/jre/lib/jfr.jar:/usr/lib/jvm/java-1.8.0-openjdk-1.8.0.232.b09-0.el7_7.x86_64/jre/classes"/>
    <property name="sun.management.compiler" value="HotSpot 64-Bit Tiered Compilers"/>
    <property name="skip.npx" value="true"/>
    <property name="java.runtime.version" value="1.8.0_232-b09"/>
    <property name="java.net.preferIPv4Stack" value="true"/>
    <property name="user.name" value="jenkins1001"/>
    <property name="path.separator" value=":"/>
    <property name="java.security.egd" value="file:///dev/urandom"/>
    <property name="os.version" value="5.3.0-1032-azure"/>
    <property name="java.endorsed.dirs" value="/usr/lib/jvm/java-1.8.0-openjdk-1.8.0.232.b09-0.el7_7.x86_64/jre/lib/endorsed"/>
    <property name="java.runtime.name" value="OpenJDK Runtime Environment"/>
    <property name="file.encoding" value="ANSI_X3.4-1968"/>
    <property name="java.vm.name" value="OpenJDK 64-Bit Server VM"/>
    <property name="test.build.webapps" value=""/>
    <property name="localRepository" value="/home/user/.m2/repository"/>
    <property name="java.vendor.url.bug" value="http://bugreport.sun.com/bugreport/"/>
    <property name="java.io.tmpdir" value="/tmp"/>
    <property name="require.test.libhadoop" value=""/>
    <property name="java.version" value="1.8.0_232"/>
    <property name="user.dir" value="/github/workspace/mnt/ozone/hadoop-ozone/integration-test"/>
    <property name="os.arch" value="amd64"/>
    <property name="java.vm.specification.name" value="Java Virtual Machine Specification"/>
    <property name="test.build.classes" value="/github/workspace/mnt/ozone/hadoop-ozone/integration-test/target/test-classes"/>
    <property name="java.awt.printerjob" value="sun.print.PSPrinterJob"/>
    <property name="sun.os.patch.level" value="unknown"/>
    <property name="hadoop.tmp.dir" value="/github/workspace/mnt/ozone/hadoop-ozone/integration-test/target/tmp"/>
    <property name="java.library.path" value="/usr/lib:/usr/java/packages/lib/amd64:/usr/lib64:/lib64:/lib:/usr/lib"/>
    <property name="java.vm.info" value="mixed mode"/>
    <property name="java.vendor" value="Oracle Corporation"/>
    <property name="java.vm.version" value="25.232-b09"/>
    <property name="java.ext.dirs" value="/usr/lib/jvm/java-1.8.0-openjdk-1.8.0.232.b09-0.el7_7.x86_64/jre/lib/ext:/usr/java/packages/lib/ext"/>
    <property name="sun.io.unicode.encoding" value="UnicodeLittle"/>
    <property name="java.class.version" value="52.0"/>
  </properties>
  <testcase name="testDeleteKeyWithSlowFollower" classname="org.apache.hadoop.ozone.client.rpc.TestDeleteWithSlowFollower" time="11.695">
    <failure type="java.lang.AssertionError">java.lang.AssertionError
	at org.junit.Assert.fail(Assert.java:86)
	at org.junit.Assert.assertTrue(Assert.java:41)
	at org.junit.Assert.assertTrue(Assert.java:52)
	at org.apache.hadoop.ozone.client.rpc.TestDeleteWithSlowFollower.testDeleteKeyWithSlowFollower(TestDeleteWithSlowFollower.java:272)
	at sun.reflect.NativeMethodAccessorImpl.invoke0(Native Method)
	at sun.reflect.NativeMethodAccessorImpl.invoke(NativeMethodAccessorImpl.java:62)
	at sun.reflect.DelegatingMethodAccessorImpl.invoke(DelegatingMethodAccessorImpl.java:43)
	at java.lang.reflect.Method.invoke(Method.java:498)
	at org.junit.runners.model.FrameworkMethod$1.runReflectiveCall(FrameworkMethod.java:47)
	at org.junit.internal.runners.model.ReflectiveCallable.run(ReflectiveCallable.java:12)
	at org.junit.runners.model.FrameworkMethod.invokeExplosively(FrameworkMethod.java:44)
	at org.junit.internal.runners.statements.InvokeMethod.evaluate(InvokeMethod.java:17)
	at org.junit.runners.ParentRunner.runLeaf(ParentRunner.java:271)
	at org.junit.runners.BlockJUnit4ClassRunner.runChild(BlockJUnit4ClassRunner.java:70)
	at org.junit.runners.BlockJUnit4ClassRunner.runChild(BlockJUnit4ClassRunner.java:50)
	at org.junit.runners.ParentRunner$3.run(ParentRunner.java:238)
	at org.junit.runners.ParentRunner$1.schedule(ParentRunner.java:63)
	at org.junit.runners.ParentRunner.runChildren(ParentRunner.java:236)
	at org.junit.runners.ParentRunner.access$000(ParentRunner.java:53)
	at org.junit.runners.ParentRunner$2.evaluate(ParentRunner.java:229)
	at org.junit.internal.runners.statements.RunBefores.evaluate(RunBefores.java:26)
	at org.junit.internal.runners.statements.RunAfters.evaluate(RunAfters.java:27)
	at org.junit.runners.ParentRunner.run(ParentRunner.java:309)
	at org.apache.maven.surefire.junit4.JUnit4Provider.execute(JUnit4Provider.java:365)
	at org.apache.maven.surefire.junit4.JUnit4Provider.executeWithRerun(JUnit4Provider.java:273)
	at org.apache.maven.surefire.junit4.JUnit4Provider.executeTestSet(JUnit4Provider.java:238)
	at org.apache.maven.surefire.junit4.JUnit4Provider.invoke(JUnit4Provider.java:159)
	at org.apache.maven.surefire.booter.ForkedBooter.invokeProviderInSameClassLoader(ForkedBooter.java:384)
	at org.apache.maven.surefire.booter.ForkedBooter.runSuitesInProcess(ForkedBooter.java:345)
	at org.apache.maven.surefire.booter.ForkedBooter.execute(ForkedBooter.java:126)
	at org.apache.maven.surefire.booter.ForkedBooter.main(ForkedBooter.java:418)
</failure>
    <system-out><![CDATA[2020-08-03 13:16:24,565 [main] WARN  server.ServerUtils (ServerUtils.java:getScmDbDir(148)) - ozone.scm.db.dirs is not configured. We recommend adding this setting. Falling back to ozone.metadata.dirs instead.
2020-08-03 13:16:24,637 [main] WARN  server.ServerUtils (ServerUtils.java:getScmDbDir(148)) - ozone.scm.db.dirs is not configured. We recommend adding this setting. Falling back to ozone.metadata.dirs instead.
2020-08-03 13:16:24,791 [main] WARN  db.DBStoreBuilder (DBStoreBuilder.java:createDBStoreBuilder(277)) - ozone.scm.db.dirs is not configured. We recommend adding this setting. Falling back to ozone.metadata.dirs instead.
2020-08-03 13:16:24,941 [main] INFO  net.NodeSchemaLoader (NodeSchemaLoader.java:loadSchemaFromFile(126)) - Loading file from sun.misc.CompoundEnumeration@361c294e
2020-08-03 13:16:24,943 [main] INFO  net.NodeSchemaLoader (NodeSchemaLoader.java:loadSchema(172)) - Loading network topology layer schema file
2020-08-03 13:16:25,023 [main] WARN  server.ServerUtils (ServerUtils.java:sanitizeUserArgs(73)) - ozone.scm.stale.node.interval value = 1000000 is larger than max = 100000 based on the key value of ozone.scm.heartbeat.thread.interval, reset to the max value 100000.
2020-08-03 13:16:25,024 [main] WARN  server.ServerUtils (ServerUtils.java:sanitizeUserArgs(73)) - ozone.scm.stale.node.interval value = 1000000 is larger than max = 100000 based on the key value of ozone.scm.heartbeat.thread.interval, reset to the max value 100000.
2020-08-03 13:16:25,028 [main] INFO  node.SCMNodeManager (SCMNodeManager.java:<init>(117)) - Entering startup safe mode.
2020-08-03 13:16:25,147 [main] INFO  algorithms.ContainerPlacementPolicyFactory (ContainerPlacementPolicyFactory.java:getPolicy(60)) - Create container placement policy of type org.apache.hadoop.hdds.scm.container.placement.algorithms.SCMContainerPlacementRandom
2020-08-03 13:16:25,172 [main] INFO  pipeline.SCMPipelineManager (SCMPipelineManager.java:initializePipelineState(161)) - No pipeline exists in current db
2020-08-03 13:16:25,257 [main] INFO  safemode.HealthyPipelineSafeModeRule (HealthyPipelineSafeModeRule.java:<init>(89)) - Total pipeline count is 0, healthy pipeline threshold count is 0
2020-08-03 13:16:25,261 [main] INFO  safemode.OneReplicaPipelineSafeModeRule (OneReplicaPipelineSafeModeRule.java:<init>(79)) - Total pipeline count is 0, pipeline's with at least one datanode reported threshold count is 0
2020-08-03 13:16:25,671 [main] INFO  ipc.CallQueueManager (CallQueueManager.java:<init>(84)) - Using callQueue: class java.util.concurrent.LinkedBlockingQueue, queueCapacity: 2000, scheduler: class org.apache.hadoop.ipc.DefaultRpcScheduler, ipcBackoff: false.
2020-08-03 13:16:25,696 [Socket Reader #1 for port 0] INFO  ipc.Server (Server.java:run(1219)) - Starting Socket Reader #1 for port 0
2020-08-03 13:16:25,725 [Listener at 0.0.0.0/40705] INFO  ipc.CallQueueManager (CallQueueManager.java:<init>(84)) - Using callQueue: class java.util.concurrent.LinkedBlockingQueue, queueCapacity: 2000, scheduler: class org.apache.hadoop.ipc.DefaultRpcScheduler, ipcBackoff: false.
2020-08-03 13:16:25,726 [Socket Reader #1 for port 0] INFO  ipc.Server (Server.java:run(1219)) - Starting Socket Reader #1 for port 0
2020-08-03 13:16:25,743 [Listener at 0.0.0.0/46579] INFO  ipc.CallQueueManager (CallQueueManager.java:<init>(84)) - Using callQueue: class java.util.concurrent.LinkedBlockingQueue, queueCapacity: 2000, scheduler: class org.apache.hadoop.ipc.DefaultRpcScheduler, ipcBackoff: false.
2020-08-03 13:16:25,744 [Socket Reader #1 for port 0] INFO  ipc.Server (Server.java:run(1219)) - Starting Socket Reader #1 for port 0
2020-08-03 13:16:25,765 [Listener at 0.0.0.0/34057] INFO  http.BaseHttpServer (BaseHttpServer.java:newHttpServer2BuilderForOzone(207)) - Starting Web-server for scm at: http://0.0.0.0:0
2020-08-03 13:16:25,766 [Listener at 0.0.0.0/34057] INFO  http.BaseHttpServer (BaseHttpServer.java:<init>(106)) - Hadoop Security Enabled: false Ozone Security Enabled: false Ozone HTTP Security Enabled: false 
2020-08-03 13:16:25,792 [Listener at 0.0.0.0/34057] INFO  util.log (Log.java:initialized(169)) - Logging initialized @2366ms to org.eclipse.jetty.util.log.Slf4jLog
2020-08-03 13:16:25,917 [Listener at 0.0.0.0/34057] INFO  server.AuthenticationFilter (AuthenticationFilter.java:constructSecretProvider(240)) - Unable to initialize FileSignerSecretProvider, falling back to use random secrets.
2020-08-03 13:16:25,932 [Listener at 0.0.0.0/34057] WARN  http.HttpRequestLog (HttpRequestLog.java:getRequestLog(103)) - Jetty request log can only be enabled using Log4j
2020-08-03 13:16:25,938 [Listener at 0.0.0.0/34057] INFO  http.HttpServer2 (HttpServer2.java:addGlobalFilter(1019)) - Added global filter 'safety' (class=org.apache.hadoop.hdds.server.http.HttpServer2$QuotingInputFilter)
2020-08-03 13:16:25,940 [Listener at 0.0.0.0/34057] INFO  http.HttpServer2 (HttpServer2.java:addFilter(995)) - Added filter static_user_filter (class=org.apache.hadoop.http.lib.StaticUserWebFilter$StaticUserFilter) to context scm
2020-08-03 13:16:25,940 [Listener at 0.0.0.0/34057] INFO  http.HttpServer2 (HttpServer2.java:addFilter(1003)) - Added filter static_user_filter (class=org.apache.hadoop.http.lib.StaticUserWebFilter$StaticUserFilter) to context static
2020-08-03 13:16:25,940 [Listener at 0.0.0.0/34057] INFO  http.HttpServer2 (HttpServer2.java:addFilter(1003)) - Added filter static_user_filter (class=org.apache.hadoop.http.lib.StaticUserWebFilter$StaticUserFilter) to context logs
2020-08-03 13:16:25,985 [Listener at 0.0.0.0/34057] INFO  server.StorageContainerManager (StorageContainerManager.java:start(785)) - StorageContainerLocationProtocol RPC server is listening at /0.0.0.0:34057
2020-08-03 13:16:26,041 [Listener at 0.0.0.0/34057] WARN  impl.MetricsConfig (MetricsConfig.java:loadFirst(134)) - Cannot locate configuration: tried hadoop-metrics2-storagecontainermanager.properties,hadoop-metrics2.properties
2020-08-03 13:16:26,053 [Listener at 0.0.0.0/34057] INFO  impl.MetricsSystemImpl (MetricsSystemImpl.java:startTimer(374)) - Scheduled Metric snapshot period at 10 second(s).
2020-08-03 13:16:26,054 [Listener at 0.0.0.0/34057] INFO  impl.MetricsSystemImpl (MetricsSystemImpl.java:start(191)) - StorageContainerManager metrics system started
2020-08-03 13:16:26,286 [Listener at 0.0.0.0/34057] INFO  server.SCMClientProtocolServer (SCMClientProtocolServer.java:start(156)) - RPC server for Client  is listening at /0.0.0.0:34057
2020-08-03 13:16:26,290 [IPC Server Responder] INFO  ipc.Server (Server.java:run(1460)) - IPC Server Responder: starting
2020-08-03 13:16:26,292 [IPC Server listener on 0] INFO  ipc.Server (Server.java:run(1298)) - IPC Server listener on 0: starting
2020-08-03 13:16:26,299 [Listener at 0.0.0.0/34057] INFO  server.StorageContainerManager (StorageContainerManager.java:start(797)) - ScmBlockLocationProtocol RPC server is listening at /0.0.0.0:46579
2020-08-03 13:16:26,300 [Listener at 0.0.0.0/34057] INFO  server.SCMBlockProtocolServer (SCMBlockProtocolServer.java:start(149)) - RPC server for Block Protocol is listening at /0.0.0.0:46579
2020-08-03 13:16:26,300 [IPC Server Responder] INFO  ipc.Server (Server.java:run(1460)) - IPC Server Responder: starting
2020-08-03 13:16:26,300 [IPC Server listener on 0] INFO  ipc.Server (Server.java:run(1298)) - IPC Server listener on 0: starting
2020-08-03 13:16:26,303 [Listener at 0.0.0.0/34057] INFO  server.StorageContainerManager (StorageContainerManager.java:start(803)) - ScmDatanodeProtocl RPC server is listening at /0.0.0.0:40705
2020-08-03 13:16:26,304 [Listener at 0.0.0.0/34057] INFO  server.SCMDatanodeProtocolServer (SCMDatanodeProtocolServer.java:start(172)) - RPC server for DataNodes is listening at /0.0.0.0:40705
2020-08-03 13:16:26,304 [IPC Server Responder] INFO  ipc.Server (Server.java:run(1460)) - IPC Server Responder: starting
2020-08-03 13:16:26,305 [IPC Server listener on 0] INFO  ipc.Server (Server.java:run(1298)) - IPC Server listener on 0: starting
2020-08-03 13:16:26,312 [Listener at 0.0.0.0/34057] INFO  http.HttpServer2 (HttpServer2.java:bindListener(1237)) - Jetty bound to port 39215
2020-08-03 13:16:26,314 [Listener at 0.0.0.0/34057] INFO  server.Server (Server.java:doStart(359)) - jetty-9.4.26.v20200117; built: 2020-01-17T12:35:33.676Z; git: 7b38981d25d14afb4a12ff1f2596756144edf695; jvm 1.8.0_232-b09
2020-08-03 13:16:26,349 [Listener at 0.0.0.0/34057] INFO  server.session (DefaultSessionIdManager.java:doStart(333)) - DefaultSessionIdManager workerName=node0
2020-08-03 13:16:26,349 [Listener at 0.0.0.0/34057] INFO  server.session (DefaultSessionIdManager.java:doStart(338)) - No SessionScavenger set, using defaults
2020-08-03 13:16:26,351 [Listener at 0.0.0.0/34057] INFO  server.session (HouseKeeper.java:startScavenging(140)) - node0 Scavenging every 660000ms
2020-08-03 13:16:26,364 [Listener at 0.0.0.0/34057] INFO  handler.ContextHandler (ContextHandler.java:doStart(825)) - Started o.e.j.s.ServletContextHandler@1e225820{logs,/logs,file:///github/workspace/mnt/ozone/hadoop-ozone/integration-test/target/log,AVAILABLE}
2020-08-03 13:16:26,365 [Listener at 0.0.0.0/34057] INFO  handler.ContextHandler (ContextHandler.java:doStart(825)) - Started o.e.j.s.ServletContextHandler@5f366587{static,/static,file:///github/workspace/mnt/ozone/hadoop-ozone/integration-test/target/test-classes/webapps/static,AVAILABLE}
2020-08-03 13:16:26,409 [Listener at 0.0.0.0/34057] INFO  handler.ContextHandler (ContextHandler.java:doStart(825)) - Started o.e.j.w.WebAppContext@58b311ba{scm,/,file:///github/workspace/mnt/ozone/hadoop-ozone/integration-test/target/test-classes/webapps/scm/,AVAILABLE}{file:/github/workspace/mnt/ozone/hadoop-ozone/integration-test/target/test-classes/webapps/scm}
2020-08-03 13:16:26,418 [Listener at 0.0.0.0/34057] INFO  server.AbstractConnector (AbstractConnector.java:doStart(330)) - Started ServerConnector@21ae657b{HTTP/1.1,[http/1.1]}{0.0.0.0:39215}
2020-08-03 13:16:26,419 [Listener at 0.0.0.0/34057] INFO  server.Server (Server.java:doStart(399)) - Started @2993ms
2020-08-03 13:16:26,421 [Listener at 0.0.0.0/34057] INFO  impl.MetricsSinkAdapter (MetricsSinkAdapter.java:start(204)) - Sink prometheus started
2020-08-03 13:16:26,421 [Listener at 0.0.0.0/34057] INFO  impl.MetricsSystemImpl (MetricsSystemImpl.java:registerSink(301)) - Registered sink prometheus
2020-08-03 13:16:26,426 [Listener at 0.0.0.0/34057] INFO  http.BaseHttpServer (BaseHttpServer.java:updateConnectorAddress(327)) - HTTP server of scm listening at http://0.0.0.0:39215
2020-08-03 13:16:26,438 [Listener at 0.0.0.0/34057] WARN  server.ServerUtils (ServerUtils.java:getDBPath(225)) - ozone.om.db.dirs is not configured. We recommend adding this setting. Falling back to ozone.metadata.dirs instead.
2020-08-03 13:16:26,438 [org.apache.hadoop.util.JvmPauseMonitor$Monitor@6424e613] INFO  util.JvmPauseMonitor (JvmPauseMonitor.java:run(188)) - Starting JVM pause monitor
2020-08-03 13:16:26,543 [Listener at 0.0.0.0/34057] INFO  ha.OMHANodeDetails (OMHANodeDetails.java:loadOMHAConfig(104)) - ozone.om.internal.service.id is not defined, falling back to ozone.om.service.ids to find serviceID for OzoneManager if it is HA enabled cluster
2020-08-03 13:16:26,546 [Listener at 0.0.0.0/34057] INFO  ha.OMHANodeDetails (OMHANodeDetails.java:loadOMHAConfig(213)) - Configuration either no ozone.om.address set. Falling back to the default OM address /127.0.0.1:0
2020-08-03 13:16:26,547 [Listener at 0.0.0.0/34057] INFO  ha.OMHANodeDetails (OMHANodeDetails.java:getOMNodeDetails(241)) - OM Service ID is not set. Setting it to the default ID: omServiceIdDefault
2020-08-03 13:16:26,549 [Listener at 0.0.0.0/34057] WARN  server.ServerUtils (ServerUtils.java:getDBPath(225)) - ozone.om.db.dirs is not configured. We recommend adding this setting. Falling back to ozone.metadata.dirs instead.
2020-08-03 13:16:26,550 [Listener at 0.0.0.0/34057] WARN  server.ServerUtils (ServerUtils.java:getDBPath(225)) - ozone.om.db.dirs is not configured. We recommend adding this setting. Falling back to ozone.metadata.dirs instead.
2020-08-03 13:16:27,264 [Listener at 0.0.0.0/34057] WARN  server.ServerUtils (ServerUtils.java:getDBPath(225)) - ozone.om.db.dirs is not configured. We recommend adding this setting. Falling back to ozone.metadata.dirs instead.
2020-08-03 13:16:27,270 [Listener at 0.0.0.0/34057] INFO  codec.OmKeyInfoCodec (OmKeyInfoCodec.java:<init>(41)) - OmKeyInfoCodec ignorePipeline = true
2020-08-03 13:16:27,271 [Listener at 0.0.0.0/34057] INFO  codec.RepeatedOmKeyInfoCodec (RepeatedOmKeyInfoCodec.java:<init>(40)) - RepeatedOmKeyInfoCodec ignorePipeline = true
2020-08-03 13:16:27,416 [Listener at 0.0.0.0/34057] INFO  om.OzoneManager (OzoneManager.java:addS3GVolumeToDB(3576)) - Created Volume s3v With Owner jenkins1001 required for S3Gateway operations.
2020-08-03 13:16:27,440 [Listener at 0.0.0.0/34057] INFO  ipc.CallQueueManager (CallQueueManager.java:<init>(84)) - Using callQueue: class java.util.concurrent.LinkedBlockingQueue, queueCapacity: 2000, scheduler: class org.apache.hadoop.ipc.DefaultRpcScheduler, ipcBackoff: false.
2020-08-03 13:16:27,441 [Socket Reader #1 for port 0] INFO  ipc.Server (Server.java:run(1219)) - Starting Socket Reader #1 for port 0
2020-08-03 13:16:27,466 [Listener at 127.0.0.1/33105] INFO  impl.MetricsSystemImpl (MetricsSystemImpl.java:init(158)) - OzoneManager metrics system started (again)
2020-08-03 13:16:27,467 [Listener at 127.0.0.1/33105] INFO  om.OzoneManager (OzoneManager.java:start(1116)) - OzoneManager RPC server is listening at localhost/127.0.0.1:33105
2020-08-03 13:16:27,502 [Listener at 127.0.0.1/33105] INFO  http.BaseHttpServer (BaseHttpServer.java:newHttpServer2BuilderForOzone(207)) - Starting Web-server for ozoneManager at: http://0.0.0.0:0
2020-08-03 13:16:27,502 [Listener at 127.0.0.1/33105] INFO  http.BaseHttpServer (BaseHttpServer.java:<init>(106)) - Hadoop Security Enabled: false Ozone Security Enabled: false Ozone HTTP Security Enabled: false 
2020-08-03 13:16:27,504 [Listener at 127.0.0.1/33105] INFO  server.AuthenticationFilter (AuthenticationFilter.java:constructSecretProvider(240)) - Unable to initialize FileSignerSecretProvider, falling back to use random secrets.
2020-08-03 13:16:27,505 [Listener at 127.0.0.1/33105] WARN  http.HttpRequestLog (HttpRequestLog.java:getRequestLog(103)) - Jetty request log can only be enabled using Log4j
2020-08-03 13:16:27,506 [Listener at 127.0.0.1/33105] INFO  http.HttpServer2 (HttpServer2.java:addGlobalFilter(1019)) - Added global filter 'safety' (class=org.apache.hadoop.hdds.server.http.HttpServer2$QuotingInputFilter)
2020-08-03 13:16:27,507 [Listener at 127.0.0.1/33105] INFO  http.HttpServer2 (HttpServer2.java:addFilter(995)) - Added filter static_user_filter (class=org.apache.hadoop.http.lib.StaticUserWebFilter$StaticUserFilter) to context ozoneManager
2020-08-03 13:16:27,507 [Listener at 127.0.0.1/33105] INFO  http.HttpServer2 (HttpServer2.java:addFilter(1003)) - Added filter static_user_filter (class=org.apache.hadoop.http.lib.StaticUserWebFilter$StaticUserFilter) to context logs
2020-08-03 13:16:27,507 [Listener at 127.0.0.1/33105] INFO  http.HttpServer2 (HttpServer2.java:addFilter(1003)) - Added filter static_user_filter (class=org.apache.hadoop.http.lib.StaticUserWebFilter$StaticUserFilter) to context static
2020-08-03 13:16:27,510 [Listener at 127.0.0.1/33105] INFO  http.HttpServer2 (HttpServer2.java:bindListener(1237)) - Jetty bound to port 38549
2020-08-03 13:16:27,510 [Listener at 127.0.0.1/33105] INFO  server.Server (Server.java:doStart(359)) - jetty-9.4.26.v20200117; built: 2020-01-17T12:35:33.676Z; git: 7b38981d25d14afb4a12ff1f2596756144edf695; jvm 1.8.0_232-b09
2020-08-03 13:16:27,512 [Listener at 127.0.0.1/33105] INFO  server.session (DefaultSessionIdManager.java:doStart(333)) - DefaultSessionIdManager workerName=node0
2020-08-03 13:16:27,512 [Listener at 127.0.0.1/33105] INFO  server.session (DefaultSessionIdManager.java:doStart(338)) - No SessionScavenger set, using defaults
2020-08-03 13:16:27,513 [Listener at 127.0.0.1/33105] INFO  server.session (HouseKeeper.java:startScavenging(140)) - node0 Scavenging every 600000ms
2020-08-03 13:16:27,515 [Listener at 127.0.0.1/33105] INFO  handler.ContextHandler (ContextHandler.java:doStart(825)) - Started o.e.j.s.ServletContextHandler@862624f{logs,/logs,file:///github/workspace/mnt/ozone/hadoop-ozone/integration-test/target/log,AVAILABLE}
2020-08-03 13:16:27,515 [Listener at 127.0.0.1/33105] INFO  handler.ContextHandler (ContextHandler.java:doStart(825)) - Started o.e.j.s.ServletContextHandler@78e7b83{static,/static,file:///github/workspace/mnt/ozone/hadoop-ozone/integration-test/target/test-classes/webapps/static,AVAILABLE}
2020-08-03 13:16:27,520 [Listener at 127.0.0.1/33105] INFO  handler.ContextHandler (ContextHandler.java:doStart(825)) - Started o.e.j.w.WebAppContext@573f2e67{ozoneManager,/,file:///github/workspace/mnt/ozone/hadoop-ozone/integration-test/target/test-classes/webapps/ozoneManager/,AVAILABLE}{file:/github/workspace/mnt/ozone/hadoop-ozone/integration-test/target/test-classes/webapps/ozoneManager}
2020-08-03 13:16:27,520 [Listener at 127.0.0.1/33105] INFO  server.AbstractConnector (AbstractConnector.java:doStart(330)) - Started ServerConnector@34ff08c6{HTTP/1.1,[http/1.1]}{0.0.0.0:38549}
2020-08-03 13:16:27,521 [Listener at 127.0.0.1/33105] INFO  server.Server (Server.java:doStart(399)) - Started @4095ms
2020-08-03 13:16:27,521 [Listener at 127.0.0.1/33105] WARN  impl.MetricsSystemImpl (MetricsSystemImpl.java:register(276)) - Sink prometheus already exists!
2020-08-03 13:16:27,527 [Listener at 127.0.0.1/33105] INFO  http.BaseHttpServer (BaseHttpServer.java:updateConnectorAddress(327)) - HTTP server of ozoneManager listening at http://0.0.0.0:38549
2020-08-03 13:16:27,527 [IPC Server Responder] INFO  ipc.Server (Server.java:run(1460)) - IPC Server Responder: starting
2020-08-03 13:16:27,528 [IPC Server listener on 0] INFO  ipc.Server (Server.java:run(1298)) - IPC Server listener on 0: starting
2020-08-03 13:16:27,533 [org.apache.hadoop.util.JvmPauseMonitor$Monitor@9715d26] INFO  util.JvmPauseMonitor (JvmPauseMonitor.java:run(188)) - Starting JVM pause monitor
2020-08-03 13:16:27,648 [Listener at 127.0.0.1/33105] INFO  metrics.MetricRegistries (MetricRegistriesLoader.java:load(64)) - Loaded MetricRegistries class org.apache.ratis.metrics.impl.MetricRegistriesImpl
2020-08-03 13:16:27,650 [Listener at 127.0.0.1/33105] INFO  impl.MetricsSystemImpl (MetricsSystemImpl.java:init(158)) - HddsDatanode metrics system started (again)
2020-08-03 13:16:27,654 [Listener at 127.0.0.1/33105] INFO  ozone.HddsDatanodeService (HddsDatanodeService.java:start(217)) - HddsDatanodeService host:21919eb6eecd ip:172.17.0.2
2020-08-03 13:16:27,719 [Listener at 127.0.0.1/33105] INFO  volume.HddsVolume (HddsVolume.java:<init>(176)) - Creating Volume: /github/workspace/mnt/ozone/hadoop-ozone/integration-test/target/test-dir/MiniOzoneClusterImpl-26b81ed5-7fce-4977-a58f-0134b52d8c65/datanode-0/data-0/containers/hdds of storage type : DISK and capacity : 9223372036854775807
2020-08-03 13:16:27,725 [Listener at 127.0.0.1/33105] INFO  volume.MutableVolumeSet (MutableVolumeSet.java:initializeVolumeSet(179)) - Added Volume : /github/workspace/mnt/ozone/hadoop-ozone/integration-test/target/test-dir/MiniOzoneClusterImpl-26b81ed5-7fce-4977-a58f-0134b52d8c65/datanode-0/data-0/containers/hdds to VolumeSet
2020-08-03 13:16:27,727 [Listener at 127.0.0.1/33105] INFO  volume.ThrottledAsyncChecker (ThrottledAsyncChecker.java:schedule(141)) - Scheduling a check for /github/workspace/mnt/ozone/hadoop-ozone/integration-test/target/test-dir/MiniOzoneClusterImpl-26b81ed5-7fce-4977-a58f-0134b52d8c65/datanode-0/data-0/containers/hdds
2020-08-03 13:16:27,764 [Listener at 127.0.0.1/33105] INFO  volume.HddsVolumeChecker (HddsVolumeChecker.java:checkAllVolumes(200)) - Scheduled health check for volume /github/workspace/mnt/ozone/hadoop-ozone/integration-test/target/test-dir/MiniOzoneClusterImpl-26b81ed5-7fce-4977-a58f-0134b52d8c65/datanode-0/data-0/containers/hdds
2020-08-03 13:16:27,791 [Thread-130] INFO  ozoneimpl.ContainerReader (ContainerReader.java:readVolume(123)) - Start to verify containers on volume /github/workspace/mnt/ozone/hadoop-ozone/integration-test/target/test-dir/MiniOzoneClusterImpl-26b81ed5-7fce-4977-a58f-0134b52d8c65/datanode-0/data-0/containers/hdds
2020-08-03 13:16:27,791 [Thread-130] INFO  ozoneimpl.ContainerReader (ContainerReader.java:readVolume(148)) - Finish verifying containers on volume /github/workspace/mnt/ozone/hadoop-ozone/integration-test/target/test-dir/MiniOzoneClusterImpl-26b81ed5-7fce-4977-a58f-0134b52d8c65/datanode-0/data-0/containers/hdds
2020-08-03 13:16:27,791 [Listener at 127.0.0.1/33105] INFO  ozoneimpl.OzoneContainer (OzoneContainer.java:buildContainerSet(196)) - Build ContainerSet costs 0s
2020-08-03 13:16:27,936 [Listener at 127.0.0.1/33105] INFO  impl.RaftServerProxy (ConfUtils.java:logGet(44)) - raft.rpc.type = GRPC (default)
2020-08-03 13:16:28,015 [Listener at 127.0.0.1/33105] INFO  grpc.GrpcFactory (GrpcFactory.java:checkPooledByteBufAllocatorUseCacheForAllThreads(45)) - PERFORMANCE WARNING: useCacheForAllThreads is true that may cause Netty to create a lot garbage objects and, as a result, trigger GC.
	It is recommended to disable useCacheForAllThreads by setting -Dorg.apache.ratis.thirdparty.io.netty.allocator.useCacheForAllThreads=false in command line.
2020-08-03 13:16:28,020 [Listener at 127.0.0.1/33105] INFO  grpc.GrpcConfigKeys (ConfUtils.java:logGet(44)) - raft.grpc.server.port = 0 (default)
2020-08-03 13:16:28,020 [Listener at 127.0.0.1/33105] INFO  server.GrpcService (ConfUtils.java:logGet(44)) - raft.grpc.message.size.max = 32MB (=33554432) (custom)
2020-08-03 13:16:28,021 [Listener at 127.0.0.1/33105] INFO  server.RaftServerConfigKeys (ConfUtils.java:logGet(44)) - raft.server.log.appender.buffer.byte-limit = 33554432 (custom)
2020-08-03 13:16:28,022 [Listener at 127.0.0.1/33105] INFO  server.GrpcService (ConfUtils.java:logGet(44)) - raft.grpc.flow.control.window = 5MB (=5242880) (custom)
2020-08-03 13:16:28,022 [Listener at 127.0.0.1/33105] INFO  server.RaftServerConfigKeys (ConfUtils.java:logGet(44)) - raft.server.rpc.request.timeout = 3000ms (default)
2020-08-03 13:16:28,258 [Listener at 127.0.0.1/33105] INFO  server.RaftServerConfigKeys (ConfUtils.java:logGet(44)) - raft.server.storage.dir = [/github/workspace/mnt/ozone/hadoop-ozone/integration-test/target/test-dir/MiniOzoneClusterImpl-26b81ed5-7fce-4977-a58f-0134b52d8c65/datanode-0/data/ratis] (custom)
2020-08-03 13:16:28,353 [Listener at 127.0.0.1/33105] INFO  http.BaseHttpServer (BaseHttpServer.java:newHttpServer2BuilderForOzone(207)) - Starting Web-server for hddsDatanode at: http://0.0.0.0:0
2020-08-03 13:16:28,354 [Listener at 127.0.0.1/33105] INFO  http.BaseHttpServer (BaseHttpServer.java:<init>(106)) - Hadoop Security Enabled: false Ozone Security Enabled: false Ozone HTTP Security Enabled: false 
2020-08-03 13:16:28,355 [Listener at 127.0.0.1/33105] INFO  server.AuthenticationFilter (AuthenticationFilter.java:constructSecretProvider(240)) - Unable to initialize FileSignerSecretProvider, falling back to use random secrets.
2020-08-03 13:16:28,356 [Listener at 127.0.0.1/33105] WARN  http.HttpRequestLog (HttpRequestLog.java:getRequestLog(103)) - Jetty request log can only be enabled using Log4j
2020-08-03 13:16:28,357 [Listener at 127.0.0.1/33105] INFO  http.HttpServer2 (HttpServer2.java:addGlobalFilter(1019)) - Added global filter 'safety' (class=org.apache.hadoop.hdds.server.http.HttpServer2$QuotingInputFilter)
2020-08-03 13:16:28,357 [Listener at 127.0.0.1/33105] INFO  http.HttpServer2 (HttpServer2.java:addFilter(995)) - Added filter static_user_filter (class=org.apache.hadoop.http.lib.StaticUserWebFilter$StaticUserFilter) to context hddsDatanode
2020-08-03 13:16:28,358 [Listener at 127.0.0.1/33105] INFO  http.HttpServer2 (HttpServer2.java:addFilter(1003)) - Added filter static_user_filter (class=org.apache.hadoop.http.lib.StaticUserWebFilter$StaticUserFilter) to context logs
2020-08-03 13:16:28,358 [Listener at 127.0.0.1/33105] INFO  http.HttpServer2 (HttpServer2.java:addFilter(1003)) - Added filter static_user_filter (class=org.apache.hadoop.http.lib.StaticUserWebFilter$StaticUserFilter) to context static
2020-08-03 13:16:28,359 [Listener at 127.0.0.1/33105] INFO  http.HttpServer2 (HttpServer2.java:bindListener(1237)) - Jetty bound to port 44013
2020-08-03 13:16:28,360 [Listener at 127.0.0.1/33105] INFO  server.Server (Server.java:doStart(359)) - jetty-9.4.26.v20200117; built: 2020-01-17T12:35:33.676Z; git: 7b38981d25d14afb4a12ff1f2596756144edf695; jvm 1.8.0_232-b09
2020-08-03 13:16:28,362 [Listener at 127.0.0.1/33105] INFO  server.session (DefaultSessionIdManager.java:doStart(333)) - DefaultSessionIdManager workerName=node0
2020-08-03 13:16:28,362 [Listener at 127.0.0.1/33105] INFO  server.session (DefaultSessionIdManager.java:doStart(338)) - No SessionScavenger set, using defaults
2020-08-03 13:16:28,362 [Listener at 127.0.0.1/33105] INFO  server.session (HouseKeeper.java:startScavenging(140)) - node0 Scavenging every 660000ms
2020-08-03 13:16:28,363 [Listener at 127.0.0.1/33105] INFO  handler.ContextHandler (ContextHandler.java:doStart(825)) - Started o.e.j.s.ServletContextHandler@238cac6{logs,/logs,file:///github/workspace/mnt/ozone/hadoop-ozone/integration-test/target/log,AVAILABLE}
2020-08-03 13:16:28,363 [Listener at 127.0.0.1/33105] INFO  handler.ContextHandler (ContextHandler.java:doStart(825)) - Started o.e.j.s.ServletContextHandler@45cce4c2{static,/static,jar:file:/home/user/.m2/repository/org/apache/hadoop/hadoop-hdds-container-service/0.6.0-SNAPSHOT/hadoop-hdds-container-service-0.6.0-SNAPSHOT.jar!/webapps/static,AVAILABLE}
2020-08-03 13:16:28,465 [Listener at 127.0.0.1/33105] INFO  handler.ContextHandler (ContextHandler.java:doStart(825)) - Started o.e.j.w.WebAppContext@48682f91{hddsDatanode,/,file:///tmp/jetty-0_0_0_0-44013-hadoop-hdds-container-service-0_6_0-SNAPSHOT_jar-_-any-3278911319882179011.dir/webapp/,AVAILABLE}{jar:file:/home/user/.m2/repository/org/apache/hadoop/hadoop-hdds-container-service/0.6.0-SNAPSHOT/hadoop-hdds-container-service-0.6.0-SNAPSHOT.jar!/webapps/hddsDatanode}
2020-08-03 13:16:28,468 [Listener at 127.0.0.1/33105] INFO  server.AbstractConnector (AbstractConnector.java:doStart(330)) - Started ServerConnector@373c367{HTTP/1.1,[http/1.1]}{0.0.0.0:44013}
2020-08-03 13:16:28,468 [Listener at 127.0.0.1/33105] INFO  server.Server (Server.java:doStart(399)) - Started @5042ms
2020-08-03 13:16:28,468 [Listener at 127.0.0.1/33105] WARN  impl.MetricsSystemImpl (MetricsSystemImpl.java:register(276)) - Sink prometheus already exists!
2020-08-03 13:16:28,474 [Listener at 127.0.0.1/33105] INFO  http.BaseHttpServer (BaseHttpServer.java:updateConnectorAddress(327)) - HTTP server of hddsDatanode listening at http://0.0.0.0:44013
2020-08-03 13:16:28,476 [Listener at 127.0.0.1/33105] INFO  impl.MetricsSystemImpl (MetricsSystemImpl.java:init(158)) - HddsDatanode metrics system started (again)
2020-08-03 13:16:28,477 [Listener at 127.0.0.1/33105] INFO  ozone.HddsDatanodeService (HddsDatanodeService.java:start(217)) - HddsDatanodeService host:21919eb6eecd ip:172.17.0.2
2020-08-03 13:16:28,482 [Listener at 127.0.0.1/33105] INFO  volume.HddsVolume (HddsVolume.java:<init>(176)) - Creating Volume: /github/workspace/mnt/ozone/hadoop-ozone/integration-test/target/test-dir/MiniOzoneClusterImpl-26b81ed5-7fce-4977-a58f-0134b52d8c65/datanode-1/data-0/containers/hdds of storage type : DISK and capacity : 9223372036854775807
2020-08-03 13:16:28,482 [Listener at 127.0.0.1/33105] INFO  volume.MutableVolumeSet (MutableVolumeSet.java:initializeVolumeSet(179)) - Added Volume : /github/workspace/mnt/ozone/hadoop-ozone/integration-test/target/test-dir/MiniOzoneClusterImpl-26b81ed5-7fce-4977-a58f-0134b52d8c65/datanode-1/data-0/containers/hdds to VolumeSet
2020-08-03 13:16:28,482 [Listener at 127.0.0.1/33105] INFO  volume.ThrottledAsyncChecker (ThrottledAsyncChecker.java:schedule(141)) - Scheduling a check for /github/workspace/mnt/ozone/hadoop-ozone/integration-test/target/test-dir/MiniOzoneClusterImpl-26b81ed5-7fce-4977-a58f-0134b52d8c65/datanode-1/data-0/containers/hdds
2020-08-03 13:16:28,483 [Listener at 127.0.0.1/33105] INFO  volume.HddsVolumeChecker (HddsVolumeChecker.java:checkAllVolumes(200)) - Scheduled health check for volume /github/workspace/mnt/ozone/hadoop-ozone/integration-test/target/test-dir/MiniOzoneClusterImpl-26b81ed5-7fce-4977-a58f-0134b52d8c65/datanode-1/data-0/containers/hdds
2020-08-03 13:16:28,508 [Thread-139] INFO  ozoneimpl.ContainerReader (ContainerReader.java:readVolume(123)) - Start to verify containers on volume /github/workspace/mnt/ozone/hadoop-ozone/integration-test/target/test-dir/MiniOzoneClusterImpl-26b81ed5-7fce-4977-a58f-0134b52d8c65/datanode-1/data-0/containers/hdds
2020-08-03 13:16:28,508 [Thread-139] INFO  ozoneimpl.ContainerReader (ContainerReader.java:readVolume(148)) - Finish verifying containers on volume /github/workspace/mnt/ozone/hadoop-ozone/integration-test/target/test-dir/MiniOzoneClusterImpl-26b81ed5-7fce-4977-a58f-0134b52d8c65/datanode-1/data-0/containers/hdds
2020-08-03 13:16:28,508 [Listener at 127.0.0.1/33105] INFO  ozoneimpl.OzoneContainer (OzoneContainer.java:buildContainerSet(196)) - Build ContainerSet costs 0s
2020-08-03 13:16:28,512 [Listener at 127.0.0.1/33105] INFO  impl.RaftServerProxy (ConfUtils.java:logGet(44)) - raft.rpc.type = GRPC (default)
2020-08-03 13:16:28,513 [org.apache.hadoop.util.JvmPauseMonitor$Monitor@dbf2cd7] INFO  util.JvmPauseMonitor (JvmPauseMonitor.java:run(188)) - Starting JVM pause monitor
2020-08-03 13:16:28,513 [Listener at 127.0.0.1/33105] INFO  grpc.GrpcFactory (GrpcFactory.java:checkPooledByteBufAllocatorUseCacheForAllThreads(45)) - PERFORMANCE WARNING: useCacheForAllThreads is true that may cause Netty to create a lot garbage objects and, as a result, trigger GC.
	It is recommended to disable useCacheForAllThreads by setting -Dorg.apache.ratis.thirdparty.io.netty.allocator.useCacheForAllThreads=false in command line.
2020-08-03 13:16:28,513 [Listener at 127.0.0.1/33105] INFO  grpc.GrpcConfigKeys (ConfUtils.java:logGet(44)) - raft.grpc.server.port = 0 (default)
2020-08-03 13:16:28,514 [Listener at 127.0.0.1/33105] INFO  server.GrpcService (ConfUtils.java:logGet(44)) - raft.grpc.message.size.max = 32MB (=33554432) (custom)
2020-08-03 13:16:28,514 [Listener at 127.0.0.1/33105] INFO  server.RaftServerConfigKeys (ConfUtils.java:logGet(44)) - raft.server.log.appender.buffer.byte-limit = 33554432 (custom)
2020-08-03 13:16:28,514 [Listener at 127.0.0.1/33105] INFO  server.GrpcService (ConfUtils.java:logGet(44)) - raft.grpc.flow.control.window = 5MB (=5242880) (custom)
2020-08-03 13:16:28,514 [Listener at 127.0.0.1/33105] INFO  server.RaftServerConfigKeys (ConfUtils.java:logGet(44)) - raft.server.rpc.request.timeout = 3000ms (default)
2020-08-03 13:16:28,517 [Listener at 127.0.0.1/33105] INFO  server.RaftServerConfigKeys (ConfUtils.java:logGet(44)) - raft.server.storage.dir = [/github/workspace/mnt/ozone/hadoop-ozone/integration-test/target/test-dir/MiniOzoneClusterImpl-26b81ed5-7fce-4977-a58f-0134b52d8c65/datanode-1/data/ratis] (custom)
2020-08-03 13:16:28,536 [Listener at 127.0.0.1/33105] INFO  http.BaseHttpServer (BaseHttpServer.java:newHttpServer2BuilderForOzone(207)) - Starting Web-server for hddsDatanode at: http://0.0.0.0:0
2020-08-03 13:16:28,536 [Listener at 127.0.0.1/33105] INFO  http.BaseHttpServer (BaseHttpServer.java:<init>(106)) - Hadoop Security Enabled: false Ozone Security Enabled: false Ozone HTTP Security Enabled: false 
2020-08-03 13:16:28,538 [Listener at 127.0.0.1/33105] INFO  server.AuthenticationFilter (AuthenticationFilter.java:constructSecretProvider(240)) - Unable to initialize FileSignerSecretProvider, falling back to use random secrets.
2020-08-03 13:16:28,542 [Listener at 127.0.0.1/33105] WARN  http.HttpRequestLog (HttpRequestLog.java:getRequestLog(103)) - Jetty request log can only be enabled using Log4j
2020-08-03 13:16:28,543 [Listener at 127.0.0.1/33105] INFO  http.HttpServer2 (HttpServer2.java:addGlobalFilter(1019)) - Added global filter 'safety' (class=org.apache.hadoop.hdds.server.http.HttpServer2$QuotingInputFilter)
2020-08-03 13:16:28,544 [Listener at 127.0.0.1/33105] INFO  http.HttpServer2 (HttpServer2.java:addFilter(995)) - Added filter static_user_filter (class=org.apache.hadoop.http.lib.StaticUserWebFilter$StaticUserFilter) to context hddsDatanode
2020-08-03 13:16:28,544 [Listener at 127.0.0.1/33105] INFO  http.HttpServer2 (HttpServer2.java:addFilter(1003)) - Added filter static_user_filter (class=org.apache.hadoop.http.lib.StaticUserWebFilter$StaticUserFilter) to context logs
2020-08-03 13:16:28,544 [Listener at 127.0.0.1/33105] INFO  http.HttpServer2 (HttpServer2.java:addFilter(1003)) - Added filter static_user_filter (class=org.apache.hadoop.http.lib.StaticUserWebFilter$StaticUserFilter) to context static
2020-08-03 13:16:28,544 [Listener at 127.0.0.1/33105] INFO  http.HttpServer2 (HttpServer2.java:bindListener(1237)) - Jetty bound to port 37301
2020-08-03 13:16:28,545 [Listener at 127.0.0.1/33105] INFO  server.Server (Server.java:doStart(359)) - jetty-9.4.26.v20200117; built: 2020-01-17T12:35:33.676Z; git: 7b38981d25d14afb4a12ff1f2596756144edf695; jvm 1.8.0_232-b09
2020-08-03 13:16:28,605 [Listener at 127.0.0.1/33105] INFO  server.session (DefaultSessionIdManager.java:doStart(333)) - DefaultSessionIdManager workerName=node0
2020-08-03 13:16:28,605 [Listener at 127.0.0.1/33105] INFO  server.session (DefaultSessionIdManager.java:doStart(338)) - No SessionScavenger set, using defaults
2020-08-03 13:16:28,606 [Listener at 127.0.0.1/33105] INFO  server.session (HouseKeeper.java:startScavenging(140)) - node0 Scavenging every 600000ms
2020-08-03 13:16:28,615 [Listener at 127.0.0.1/33105] INFO  handler.ContextHandler (ContextHandler.java:doStart(825)) - Started o.e.j.s.ServletContextHandler@293dd4b3{logs,/logs,file:///github/workspace/mnt/ozone/hadoop-ozone/integration-test/target/log,AVAILABLE}
2020-08-03 13:16:28,616 [Listener at 127.0.0.1/33105] INFO  handler.ContextHandler (ContextHandler.java:doStart(825)) - Started o.e.j.s.ServletContextHandler@51577fc8{static,/static,jar:file:/home/user/.m2/repository/org/apache/hadoop/hadoop-hdds-container-service/0.6.0-SNAPSHOT/hadoop-hdds-container-service-0.6.0-SNAPSHOT.jar!/webapps/static,AVAILABLE}
2020-08-03 13:16:28,646 [Datanode State Machine Task Thread - 0] INFO  datanode.InitDatanodeState (InitDatanodeState.java:persistContainerDatanodeDetails(145)) - DatanodeDetails is persisted to /github/workspace/mnt/ozone/hadoop-ozone/integration-test/target/test-dir/MiniOzoneClusterImpl-26b81ed5-7fce-4977-a58f-0134b52d8c65/datanode-0/meta/datanode.id
2020-08-03 13:16:28,718 [Listener at 127.0.0.1/33105] INFO  handler.ContextHandler (ContextHandler.java:doStart(825)) - Started o.e.j.w.WebAppContext@221ef0f0{hddsDatanode,/,file:///tmp/jetty-0_0_0_0-37301-hadoop-hdds-container-service-0_6_0-SNAPSHOT_jar-_-any-5914821329538930857.dir/webapp/,AVAILABLE}{jar:file:/home/user/.m2/repository/org/apache/hadoop/hadoop-hdds-container-service/0.6.0-SNAPSHOT/hadoop-hdds-container-service-0.6.0-SNAPSHOT.jar!/webapps/hddsDatanode}
2020-08-03 13:16:28,720 [Listener at 127.0.0.1/33105] INFO  server.AbstractConnector (AbstractConnector.java:doStart(330)) - Started ServerConnector@4203190{HTTP/1.1,[http/1.1]}{0.0.0.0:37301}
2020-08-03 13:16:28,721 [Listener at 127.0.0.1/33105] INFO  server.Server (Server.java:doStart(399)) - Started @5295ms
2020-08-03 13:16:28,721 [Listener at 127.0.0.1/33105] WARN  impl.MetricsSystemImpl (MetricsSystemImpl.java:register(276)) - Sink prometheus already exists!
2020-08-03 13:16:28,727 [Listener at 127.0.0.1/33105] INFO  http.BaseHttpServer (BaseHttpServer.java:updateConnectorAddress(327)) - HTTP server of hddsDatanode listening at http://0.0.0.0:37301
2020-08-03 13:16:28,728 [Listener at 127.0.0.1/33105] INFO  impl.MetricsSystemImpl (MetricsSystemImpl.java:init(158)) - HddsDatanode metrics system started (again)
2020-08-03 13:16:28,729 [Listener at 127.0.0.1/33105] INFO  ozone.HddsDatanodeService (HddsDatanodeService.java:start(217)) - HddsDatanodeService host:21919eb6eecd ip:172.17.0.2
2020-08-03 13:16:28,732 [Listener at 127.0.0.1/33105] INFO  volume.HddsVolume (HddsVolume.java:<init>(176)) - Creating Volume: /github/workspace/mnt/ozone/hadoop-ozone/integration-test/target/test-dir/MiniOzoneClusterImpl-26b81ed5-7fce-4977-a58f-0134b52d8c65/datanode-2/data-0/containers/hdds of storage type : DISK and capacity : 9223372036854775807
2020-08-03 13:16:28,732 [Listener at 127.0.0.1/33105] INFO  volume.MutableVolumeSet (MutableVolumeSet.java:initializeVolumeSet(179)) - Added Volume : /github/workspace/mnt/ozone/hadoop-ozone/integration-test/target/test-dir/MiniOzoneClusterImpl-26b81ed5-7fce-4977-a58f-0134b52d8c65/datanode-2/data-0/containers/hdds to VolumeSet
2020-08-03 13:16:28,732 [Listener at 127.0.0.1/33105] INFO  volume.ThrottledAsyncChecker (ThrottledAsyncChecker.java:schedule(141)) - Scheduling a check for /github/workspace/mnt/ozone/hadoop-ozone/integration-test/target/test-dir/MiniOzoneClusterImpl-26b81ed5-7fce-4977-a58f-0134b52d8c65/datanode-2/data-0/containers/hdds
2020-08-03 13:16:28,733 [Listener at 127.0.0.1/33105] INFO  volume.HddsVolumeChecker (HddsVolumeChecker.java:checkAllVolumes(200)) - Scheduled health check for volume /github/workspace/mnt/ozone/hadoop-ozone/integration-test/target/test-dir/MiniOzoneClusterImpl-26b81ed5-7fce-4977-a58f-0134b52d8c65/datanode-2/data-0/containers/hdds
2020-08-03 13:16:28,758 [org.apache.hadoop.util.JvmPauseMonitor$Monitor@1f573305] INFO  util.JvmPauseMonitor (JvmPauseMonitor.java:run(188)) - Starting JVM pause monitor
2020-08-03 13:16:28,769 [Datanode State Machine Task Thread - 0] INFO  datanode.InitDatanodeState (InitDatanodeState.java:persistContainerDatanodeDetails(145)) - DatanodeDetails is persisted to /github/workspace/mnt/ozone/hadoop-ozone/integration-test/target/test-dir/MiniOzoneClusterImpl-26b81ed5-7fce-4977-a58f-0134b52d8c65/datanode-1/meta/datanode.id
2020-08-03 13:16:28,770 [Thread-150] INFO  ozoneimpl.ContainerReader (ContainerReader.java:readVolume(123)) - Start to verify containers on volume /github/workspace/mnt/ozone/hadoop-ozone/integration-test/target/test-dir/MiniOzoneClusterImpl-26b81ed5-7fce-4977-a58f-0134b52d8c65/datanode-2/data-0/containers/hdds
2020-08-03 13:16:28,770 [Thread-150] INFO  ozoneimpl.ContainerReader (ContainerReader.java:readVolume(148)) - Finish verifying containers on volume /github/workspace/mnt/ozone/hadoop-ozone/integration-test/target/test-dir/MiniOzoneClusterImpl-26b81ed5-7fce-4977-a58f-0134b52d8c65/datanode-2/data-0/containers/hdds
2020-08-03 13:16:28,770 [Listener at 127.0.0.1/33105] INFO  ozoneimpl.OzoneContainer (OzoneContainer.java:buildContainerSet(196)) - Build ContainerSet costs 0s
2020-08-03 13:16:28,773 [Listener at 127.0.0.1/33105] INFO  impl.RaftServerProxy (ConfUtils.java:logGet(44)) - raft.rpc.type = GRPC (default)
2020-08-03 13:16:28,773 [Listener at 127.0.0.1/33105] INFO  grpc.GrpcFactory (GrpcFactory.java:checkPooledByteBufAllocatorUseCacheForAllThreads(45)) - PERFORMANCE WARNING: useCacheForAllThreads is true that may cause Netty to create a lot garbage objects and, as a result, trigger GC.
	It is recommended to disable useCacheForAllThreads by setting -Dorg.apache.ratis.thirdparty.io.netty.allocator.useCacheForAllThreads=false in command line.
2020-08-03 13:16:28,773 [Listener at 127.0.0.1/33105] INFO  grpc.GrpcConfigKeys (ConfUtils.java:logGet(44)) - raft.grpc.server.port = 0 (default)
2020-08-03 13:16:28,773 [Listener at 127.0.0.1/33105] INFO  server.GrpcService (ConfUtils.java:logGet(44)) - raft.grpc.message.size.max = 32MB (=33554432) (custom)
2020-08-03 13:16:28,773 [Listener at 127.0.0.1/33105] INFO  server.RaftServerConfigKeys (ConfUtils.java:logGet(44)) - raft.server.log.appender.buffer.byte-limit = 33554432 (custom)
2020-08-03 13:16:28,774 [Listener at 127.0.0.1/33105] INFO  server.GrpcService (ConfUtils.java:logGet(44)) - raft.grpc.flow.control.window = 5MB (=5242880) (custom)
2020-08-03 13:16:28,774 [Listener at 127.0.0.1/33105] INFO  server.RaftServerConfigKeys (ConfUtils.java:logGet(44)) - raft.server.rpc.request.timeout = 3000ms (default)
2020-08-03 13:16:28,776 [Listener at 127.0.0.1/33105] INFO  server.RaftServerConfigKeys (ConfUtils.java:logGet(44)) - raft.server.storage.dir = [/github/workspace/mnt/ozone/hadoop-ozone/integration-test/target/test-dir/MiniOzoneClusterImpl-26b81ed5-7fce-4977-a58f-0134b52d8c65/datanode-2/data/ratis] (custom)
2020-08-03 13:16:28,785 [Listener at 127.0.0.1/33105] INFO  http.BaseHttpServer (BaseHttpServer.java:newHttpServer2BuilderForOzone(207)) - Starting Web-server for hddsDatanode at: http://0.0.0.0:0
2020-08-03 13:16:28,786 [Listener at 127.0.0.1/33105] INFO  http.BaseHttpServer (BaseHttpServer.java:<init>(106)) - Hadoop Security Enabled: false Ozone Security Enabled: false Ozone HTTP Security Enabled: false 
2020-08-03 13:16:28,788 [Listener at 127.0.0.1/33105] INFO  server.AuthenticationFilter (AuthenticationFilter.java:constructSecretProvider(240)) - Unable to initialize FileSignerSecretProvider, falling back to use random secrets.
2020-08-03 13:16:28,788 [Listener at 127.0.0.1/33105] WARN  http.HttpRequestLog (HttpRequestLog.java:getRequestLog(103)) - Jetty request log can only be enabled using Log4j
2020-08-03 13:16:28,789 [Listener at 127.0.0.1/33105] INFO  http.HttpServer2 (HttpServer2.java:addGlobalFilter(1019)) - Added global filter 'safety' (class=org.apache.hadoop.hdds.server.http.HttpServer2$QuotingInputFilter)
2020-08-03 13:16:28,790 [Listener at 127.0.0.1/33105] INFO  http.HttpServer2 (HttpServer2.java:addFilter(995)) - Added filter static_user_filter (class=org.apache.hadoop.http.lib.StaticUserWebFilter$StaticUserFilter) to context hddsDatanode
2020-08-03 13:16:28,790 [Listener at 127.0.0.1/33105] INFO  http.HttpServer2 (HttpServer2.java:addFilter(1003)) - Added filter static_user_filter (class=org.apache.hadoop.http.lib.StaticUserWebFilter$StaticUserFilter) to context logs
2020-08-03 13:16:28,790 [Listener at 127.0.0.1/33105] INFO  http.HttpServer2 (HttpServer2.java:addFilter(1003)) - Added filter static_user_filter (class=org.apache.hadoop.http.lib.StaticUserWebFilter$StaticUserFilter) to context static
2020-08-03 13:16:28,791 [Listener at 127.0.0.1/33105] INFO  http.HttpServer2 (HttpServer2.java:bindListener(1237)) - Jetty bound to port 41405
2020-08-03 13:16:28,791 [Listener at 127.0.0.1/33105] INFO  server.Server (Server.java:doStart(359)) - jetty-9.4.26.v20200117; built: 2020-01-17T12:35:33.676Z; git: 7b38981d25d14afb4a12ff1f2596756144edf695; jvm 1.8.0_232-b09
2020-08-03 13:16:28,793 [Listener at 127.0.0.1/33105] INFO  server.session (DefaultSessionIdManager.java:doStart(333)) - DefaultSessionIdManager workerName=node0
2020-08-03 13:16:28,793 [Listener at 127.0.0.1/33105] INFO  server.session (DefaultSessionIdManager.java:doStart(338)) - No SessionScavenger set, using defaults
2020-08-03 13:16:28,793 [Listener at 127.0.0.1/33105] INFO  server.session (HouseKeeper.java:startScavenging(140)) - node0 Scavenging every 600000ms
2020-08-03 13:16:28,795 [Listener at 127.0.0.1/33105] INFO  handler.ContextHandler (ContextHandler.java:doStart(825)) - Started o.e.j.s.ServletContextHandler@f1e8753{logs,/logs,file:///github/workspace/mnt/ozone/hadoop-ozone/integration-test/target/log,AVAILABLE}
2020-08-03 13:16:28,795 [Listener at 127.0.0.1/33105] INFO  handler.ContextHandler (ContextHandler.java:doStart(825)) - Started o.e.j.s.ServletContextHandler@1ed763aa{static,/static,jar:file:/home/user/.m2/repository/org/apache/hadoop/hadoop-hdds-container-service/0.6.0-SNAPSHOT/hadoop-hdds-container-service-0.6.0-SNAPSHOT.jar!/webapps/static,AVAILABLE}
2020-08-03 13:16:28,869 [Listener at 127.0.0.1/33105] INFO  handler.ContextHandler (ContextHandler.java:doStart(825)) - Started o.e.j.w.WebAppContext@62a09668{hddsDatanode,/,file:///tmp/jetty-0_0_0_0-41405-hadoop-hdds-container-service-0_6_0-SNAPSHOT_jar-_-any-4909366485038990013.dir/webapp/,AVAILABLE}{jar:file:/home/user/.m2/repository/org/apache/hadoop/hadoop-hdds-container-service/0.6.0-SNAPSHOT/hadoop-hdds-container-service-0.6.0-SNAPSHOT.jar!/webapps/hddsDatanode}
2020-08-03 13:16:28,872 [Listener at 127.0.0.1/33105] INFO  server.AbstractConnector (AbstractConnector.java:doStart(330)) - Started ServerConnector@20ed6de{HTTP/1.1,[http/1.1]}{0.0.0.0:41405}
2020-08-03 13:16:28,872 [Listener at 127.0.0.1/33105] INFO  server.Server (Server.java:doStart(399)) - Started @5446ms
2020-08-03 13:16:28,872 [Listener at 127.0.0.1/33105] WARN  impl.MetricsSystemImpl (MetricsSystemImpl.java:register(276)) - Sink prometheus already exists!
2020-08-03 13:16:28,878 [Listener at 127.0.0.1/33105] INFO  http.BaseHttpServer (BaseHttpServer.java:updateConnectorAddress(327)) - HTTP server of hddsDatanode listening at http://0.0.0.0:41405
2020-08-03 13:16:28,879 [Listener at 127.0.0.1/33105] INFO  ozone.MiniOzoneClusterImpl (MiniOzoneClusterImpl.java:lambda$waitForClusterToBeReady$0(177)) - Waiting for nodes to be ready. Got 0 of 3 DN Heartbeats.
2020-08-03 13:16:28,879 [Listener at 127.0.0.1/33105] INFO  ozone.MiniOzoneClusterImpl (MiniOzoneClusterImpl.java:lambda$waitForClusterToBeReady$0(180)) - Waiting for cluster to exit safe mode
2020-08-03 13:16:28,890 [org.apache.hadoop.util.JvmPauseMonitor$Monitor@31c90da4] INFO  util.JvmPauseMonitor (JvmPauseMonitor.java:run(188)) - Starting JVM pause monitor
2020-08-03 13:16:28,892 [Datanode State Machine Task Thread - 0] INFO  datanode.InitDatanodeState (InitDatanodeState.java:persistContainerDatanodeDetails(145)) - DatanodeDetails is persisted to /github/workspace/mnt/ozone/hadoop-ozone/integration-test/target/test-dir/MiniOzoneClusterImpl-26b81ed5-7fce-4977-a58f-0134b52d8c65/datanode-2/meta/datanode.id
2020-08-03 13:16:29,880 [Listener at 127.0.0.1/33105] INFO  ozone.MiniOzoneClusterImpl (MiniOzoneClusterImpl.java:lambda$waitForClusterToBeReady$0(177)) - Waiting for nodes to be ready. Got 0 of 3 DN Heartbeats.
2020-08-03 13:16:29,880 [Listener at 127.0.0.1/33105] INFO  ozone.MiniOzoneClusterImpl (MiniOzoneClusterImpl.java:lambda$waitForClusterToBeReady$0(180)) - Waiting for cluster to exit safe mode
2020-08-03 13:16:30,572 [Datanode State Machine Task Thread - 1] INFO  ozoneimpl.OzoneContainer (OzoneContainer.java:start(245)) - Attempting to start container services.
2020-08-03 13:16:30,573 [Datanode State Machine Task Thread - 1] INFO  ozoneimpl.OzoneContainer (OzoneContainer.java:startContainerScrub(209)) - Background container scanner has been disabled.
2020-08-03 13:16:30,573 [Datanode State Machine Task Thread - 1] INFO  ratis.XceiverServerRatis (XceiverServerRatis.java:start(440)) - Starting XceiverServerRatis 4e2fb976-3d8c-4aa0-85dc-e2a3a74bd48f at port 0
2020-08-03 13:16:30,583 [Datanode State Machine Task Thread - 1] INFO  impl.RaftServerProxy (RaftServerProxy.java:lambda$start$3(304)) - 4e2fb976-3d8c-4aa0-85dc-e2a3a74bd48f: start RPC server
2020-08-03 13:16:30,642 [Datanode State Machine Task Thread - 1] INFO  server.GrpcService (GrpcService.java:startImpl(160)) - 4e2fb976-3d8c-4aa0-85dc-e2a3a74bd48f: GrpcService started, listening on 0.0.0.0/0.0.0.0:35669
2020-08-03 13:16:30,642 [Datanode State Machine Task Thread - 1] INFO  ratis.XceiverServerRatis (XceiverServerRatis.java:start(452)) - XceiverServerRatis 4e2fb976-3d8c-4aa0-85dc-e2a3a74bd48f is started using port 35669
2020-08-03 13:16:30,646 [Datanode State Machine Task Thread - 1] INFO  server.XceiverServerGrpc (XceiverServerGrpc.java:start(145)) - XceiverServerGrpc 4e2fb976-3d8c-4aa0-85dc-e2a3a74bd48f is started using port 36569
2020-08-03 13:16:30,764 [Datanode State Machine Task Thread - 1] INFO  ozoneimpl.OzoneContainer (OzoneContainer.java:start(245)) - Attempting to start container services.
2020-08-03 13:16:30,767 [Datanode State Machine Task Thread - 1] INFO  ozoneimpl.OzoneContainer (OzoneContainer.java:startContainerScrub(209)) - Background container scanner has been disabled.
2020-08-03 13:16:30,767 [Datanode State Machine Task Thread - 1] INFO  ratis.XceiverServerRatis (XceiverServerRatis.java:start(440)) - Starting XceiverServerRatis 86f0f98e-23cf-4f3b-8199-5ed948c98077 at port 0
2020-08-03 13:16:30,771 [Datanode State Machine Task Thread - 1] INFO  impl.RaftServerProxy (RaftServerProxy.java:lambda$start$3(304)) - 86f0f98e-23cf-4f3b-8199-5ed948c98077: start RPC server
2020-08-03 13:16:30,775 [Datanode State Machine Task Thread - 1] INFO  server.GrpcService (GrpcService.java:startImpl(160)) - 86f0f98e-23cf-4f3b-8199-5ed948c98077: GrpcService started, listening on 0.0.0.0/0.0.0.0:40879
2020-08-03 13:16:30,775 [Datanode State Machine Task Thread - 1] INFO  ratis.XceiverServerRatis (XceiverServerRatis.java:start(452)) - XceiverServerRatis 86f0f98e-23cf-4f3b-8199-5ed948c98077 is started using port 40879
2020-08-03 13:16:30,777 [Datanode State Machine Task Thread - 1] INFO  server.XceiverServerGrpc (XceiverServerGrpc.java:start(145)) - XceiverServerGrpc 86f0f98e-23cf-4f3b-8199-5ed948c98077 is started using port 38465
2020-08-03 13:16:30,880 [Listener at 127.0.0.1/33105] INFO  ozone.MiniOzoneClusterImpl (MiniOzoneClusterImpl.java:lambda$waitForClusterToBeReady$0(177)) - Waiting for nodes to be ready. Got 0 of 3 DN Heartbeats.
2020-08-03 13:16:30,880 [Listener at 127.0.0.1/33105] INFO  ozone.MiniOzoneClusterImpl (MiniOzoneClusterImpl.java:lambda$waitForClusterToBeReady$0(180)) - Waiting for cluster to exit safe mode
2020-08-03 13:16:30,896 [Datanode State Machine Task Thread - 1] INFO  ozoneimpl.OzoneContainer (OzoneContainer.java:start(245)) - Attempting to start container services.
2020-08-03 13:16:30,896 [Datanode State Machine Task Thread - 1] INFO  ozoneimpl.OzoneContainer (OzoneContainer.java:startContainerScrub(209)) - Background container scanner has been disabled.
2020-08-03 13:16:30,896 [Datanode State Machine Task Thread - 1] INFO  ratis.XceiverServerRatis (XceiverServerRatis.java:start(440)) - Starting XceiverServerRatis 8eb359cf-ee67-4045-b6ec-0ab075cb664f at port 0
2020-08-03 13:16:30,898 [Datanode State Machine Task Thread - 1] INFO  impl.RaftServerProxy (RaftServerProxy.java:lambda$start$3(304)) - 8eb359cf-ee67-4045-b6ec-0ab075cb664f: start RPC server
2020-08-03 13:16:30,910 [Datanode State Machine Task Thread - 1] INFO  server.GrpcService (GrpcService.java:startImpl(160)) - 8eb359cf-ee67-4045-b6ec-0ab075cb664f: GrpcService started, listening on 0.0.0.0/0.0.0.0:37433
2020-08-03 13:16:30,910 [Datanode State Machine Task Thread - 1] INFO  ratis.XceiverServerRatis (XceiverServerRatis.java:start(452)) - XceiverServerRatis 8eb359cf-ee67-4045-b6ec-0ab075cb664f is started using port 37433
2020-08-03 13:16:30,911 [Datanode State Machine Task Thread - 1] INFO  server.XceiverServerGrpc (XceiverServerGrpc.java:start(145)) - XceiverServerGrpc 8eb359cf-ee67-4045-b6ec-0ab075cb664f is started using port 35365
2020-08-03 13:16:31,881 [Listener at 127.0.0.1/33105] INFO  ozone.MiniOzoneClusterImpl (MiniOzoneClusterImpl.java:lambda$waitForClusterToBeReady$0(177)) - Waiting for nodes to be ready. Got 0 of 3 DN Heartbeats.
2020-08-03 13:16:31,881 [Listener at 127.0.0.1/33105] INFO  ozone.MiniOzoneClusterImpl (MiniOzoneClusterImpl.java:lambda$waitForClusterToBeReady$0(180)) - Waiting for cluster to exit safe mode
2020-08-03 13:16:32,542 [IPC Server handler 0 on default port 40705] INFO  net.NetworkTopology (NetworkTopologyImpl.java:add(111)) - Added a new node: /default-rack/4e2fb976-3d8c-4aa0-85dc-e2a3a74bd48f
2020-08-03 13:16:32,545 [IPC Server handler 0 on default port 40705] INFO  node.SCMNodeManager (SCMNodeManager.java:register(274)) - Registered Data node : 4e2fb976-3d8c-4aa0-85dc-e2a3a74bd48f{ip: 172.17.0.2, host: 21919eb6eecd, networkLocation: /default-rack, certSerialId: null}
2020-08-03 13:16:32,550 [EventQueue-NodeRegistrationContainerReportForContainerSafeModeRule] INFO  safemode.SCMSafeModeManager (SCMSafeModeManager.java:validateSafeModeExitRules(214)) - ContainerSafeModeRule rule is successfully validated
2020-08-03 13:16:32,551 [EventQueue-NodeRegistrationContainerReportForDataNodeSafeModeRule] INFO  safemode.SCMSafeModeManager (DataNodeSafeModeRule.java:process(71)) - SCM in safe mode. 1 DataNodes registered, 1 required.
2020-08-03 13:16:32,551 [EventQueue-NodeRegistrationContainerReportForDataNodeSafeModeRule] INFO  safemode.SCMSafeModeManager (SCMSafeModeManager.java:validateSafeModeExitRules(214)) - DataNodeSafeModeRule rule is successfully validated
2020-08-03 13:16:32,551 [EventQueue-NodeRegistrationContainerReportForDataNodeSafeModeRule] INFO  safemode.SCMSafeModeManager (SCMSafeModeManager.java:completePreCheck(242)) - All SCM safe mode pre check rules have passed
2020-08-03 13:16:32,561 [RatisPipelineUtilsThread] INFO  pipeline.RatisPipelineProvider (RatisPipelineProvider.java:lambda$create$0(138)) - Sending CreatePipelineCommand for pipeline:PipelineID=3328a86c-f9de-4028-a3d9-42ab510f3fb9 to datanode:4e2fb976-3d8c-4aa0-85dc-e2a3a74bd48f
2020-08-03 13:16:32,576 [RatisPipelineUtilsThread] INFO  pipeline.PipelineStateManager (PipelineStateManager.java:addPipeline(54)) - Created pipeline Pipeline[ Id: 3328a86c-f9de-4028-a3d9-42ab510f3fb9, Nodes: 4e2fb976-3d8c-4aa0-85dc-e2a3a74bd48f{ip: 172.17.0.2, host: 21919eb6eecd, networkLocation: /default-rack, certSerialId: null}, Type:RATIS, Factor:ONE, State:ALLOCATED, leaderId:, CreationTimestamp2020-08-03T13:16:32.558Z]
2020-08-03 13:16:32,579 [RatisPipelineUtilsThread] WARN  pipeline.PipelinePlacementPolicy (PipelinePlacementPolicy.java:filterViableNodes(133)) - Pipeline creation failed due to no sufficient healthy datanodes. Required 3. Found 1.
2020-08-03 13:16:32,761 [IPC Server handler 1 on default port 40705] INFO  net.NetworkTopology (NetworkTopologyImpl.java:add(111)) - Added a new node: /default-rack/86f0f98e-23cf-4f3b-8199-5ed948c98077
2020-08-03 13:16:32,762 [IPC Server handler 1 on default port 40705] INFO  node.SCMNodeManager (SCMNodeManager.java:register(274)) - Registered Data node : 86f0f98e-23cf-4f3b-8199-5ed948c98077{ip: 172.17.0.2, host: 21919eb6eecd, networkLocation: /default-rack, certSerialId: null}
2020-08-03 13:16:32,762 [EventQueue-NodeRegistrationContainerReportForContainerSafeModeRule] INFO  safemode.SCMSafeModeManager (SCMSafeModeManager.java:validateSafeModeExitRules(214)) - ContainerSafeModeRule rule is successfully validated
2020-08-03 13:16:32,763 [EventQueue-NodeRegistrationContainerReportForDataNodeSafeModeRule] INFO  safemode.SCMSafeModeManager (SCMSafeModeManager.java:validateSafeModeExitRules(214)) - DataNodeSafeModeRule rule is successfully validated
2020-08-03 13:16:32,764 [RatisPipelineUtilsThread] INFO  pipeline.RatisPipelineProvider (RatisPipelineProvider.java:lambda$create$0(138)) - Sending CreatePipelineCommand for pipeline:PipelineID=3ec83bea-3bc3-4bb1-9dac-611680db3c11 to datanode:86f0f98e-23cf-4f3b-8199-5ed948c98077
2020-08-03 13:16:32,765 [RatisPipelineUtilsThread] INFO  pipeline.PipelineStateManager (PipelineStateManager.java:addPipeline(54)) - Created pipeline Pipeline[ Id: 3ec83bea-3bc3-4bb1-9dac-611680db3c11, Nodes: 86f0f98e-23cf-4f3b-8199-5ed948c98077{ip: 172.17.0.2, host: 21919eb6eecd, networkLocation: /default-rack, certSerialId: null}, Type:RATIS, Factor:ONE, State:ALLOCATED, leaderId:, CreationTimestamp2020-08-03T13:16:32.764Z]
2020-08-03 13:16:32,765 [RatisPipelineUtilsThread] WARN  pipeline.PipelinePlacementPolicy (PipelinePlacementPolicy.java:filterViableNodes(133)) - Pipeline creation failed due to no sufficient healthy datanodes. Required 3. Found 2.
2020-08-03 13:16:32,881 [Listener at 127.0.0.1/33105] INFO  ozone.MiniOzoneClusterImpl (MiniOzoneClusterImpl.java:lambda$waitForClusterToBeReady$0(177)) - Waiting for nodes to be ready. Got 2 of 3 DN Heartbeats.
2020-08-03 13:16:32,882 [Listener at 127.0.0.1/33105] INFO  ozone.MiniOzoneClusterImpl (MiniOzoneClusterImpl.java:lambda$waitForClusterToBeReady$0(180)) - Waiting for cluster to exit safe mode
2020-08-03 13:16:32,894 [IPC Server handler 2 on default port 40705] INFO  net.NetworkTopology (NetworkTopologyImpl.java:add(111)) - Added a new node: /default-rack/8eb359cf-ee67-4045-b6ec-0ab075cb664f
2020-08-03 13:16:32,894 [IPC Server handler 2 on default port 40705] INFO  node.SCMNodeManager (SCMNodeManager.java:register(274)) - Registered Data node : 8eb359cf-ee67-4045-b6ec-0ab075cb664f{ip: 172.17.0.2, host: 21919eb6eecd, networkLocation: /default-rack, certSerialId: null}
2020-08-03 13:16:32,895 [EventQueue-NodeRegistrationContainerReportForDataNodeSafeModeRule] INFO  safemode.SCMSafeModeManager (SCMSafeModeManager.java:validateSafeModeExitRules(214)) - DataNodeSafeModeRule rule is successfully validated
2020-08-03 13:16:32,895 [EventQueue-NodeRegistrationContainerReportForContainerSafeModeRule] INFO  safemode.SCMSafeModeManager (SCMSafeModeManager.java:validateSafeModeExitRules(214)) - ContainerSafeModeRule rule is successfully validated
2020-08-03 13:16:32,895 [RatisPipelineUtilsThread] INFO  pipeline.RatisPipelineProvider (RatisPipelineProvider.java:lambda$create$0(138)) - Sending CreatePipelineCommand for pipeline:PipelineID=714730e6-97e6-4c43-b0e0-cb7ffa8c530f to datanode:8eb359cf-ee67-4045-b6ec-0ab075cb664f
2020-08-03 13:16:32,896 [RatisPipelineUtilsThread] INFO  pipeline.PipelineStateManager (PipelineStateManager.java:addPipeline(54)) - Created pipeline Pipeline[ Id: 714730e6-97e6-4c43-b0e0-cb7ffa8c530f, Nodes: 8eb359cf-ee67-4045-b6ec-0ab075cb664f{ip: 172.17.0.2, host: 21919eb6eecd, networkLocation: /default-rack, certSerialId: null}, Type:RATIS, Factor:ONE, State:ALLOCATED, leaderId:, CreationTimestamp2020-08-03T13:16:32.895Z]
2020-08-03 13:16:32,901 [RatisPipelineUtilsThread] INFO  pipeline.RatisPipelineProvider (RatisPipelineProvider.java:lambda$create$0(138)) - Sending CreatePipelineCommand for pipeline:PipelineID=e0846cd6-5e87-404c-a762-73ffbb5af31c to datanode:86f0f98e-23cf-4f3b-8199-5ed948c98077
2020-08-03 13:16:32,901 [RatisPipelineUtilsThread] INFO  pipeline.RatisPipelineProvider (RatisPipelineProvider.java:lambda$create$0(138)) - Sending CreatePipelineCommand for pipeline:PipelineID=e0846cd6-5e87-404c-a762-73ffbb5af31c to datanode:8eb359cf-ee67-4045-b6ec-0ab075cb664f
2020-08-03 13:16:32,901 [RatisPipelineUtilsThread] INFO  pipeline.RatisPipelineProvider (RatisPipelineProvider.java:lambda$create$0(138)) - Sending CreatePipelineCommand for pipeline:PipelineID=e0846cd6-5e87-404c-a762-73ffbb5af31c to datanode:4e2fb976-3d8c-4aa0-85dc-e2a3a74bd48f
2020-08-03 13:16:32,902 [RatisPipelineUtilsThread] INFO  pipeline.PipelineStateManager (PipelineStateManager.java:addPipeline(54)) - Created pipeline Pipeline[ Id: e0846cd6-5e87-404c-a762-73ffbb5af31c, Nodes: 86f0f98e-23cf-4f3b-8199-5ed948c98077{ip: 172.17.0.2, host: 21919eb6eecd, networkLocation: /default-rack, certSerialId: null}8eb359cf-ee67-4045-b6ec-0ab075cb664f{ip: 172.17.0.2, host: 21919eb6eecd, networkLocation: /default-rack, certSerialId: null}4e2fb976-3d8c-4aa0-85dc-e2a3a74bd48f{ip: 172.17.0.2, host: 21919eb6eecd, networkLocation: /default-rack, certSerialId: null}, Type:RATIS, Factor:THREE, State:ALLOCATED, leaderId:, CreationTimestamp2020-08-03T13:16:32.901Z]
2020-08-03 13:16:33,882 [Listener at 127.0.0.1/33105] INFO  ozone.MiniOzoneClusterImpl (MiniOzoneClusterImpl.java:lambda$waitForClusterToBeReady$0(177)) - Nodes are ready. Got 3 of 3 DN Heartbeats.
2020-08-03 13:16:33,882 [Listener at 127.0.0.1/33105] INFO  ozone.MiniOzoneClusterImpl (MiniOzoneClusterImpl.java:lambda$waitForClusterToBeReady$0(180)) - Waiting for cluster to exit safe mode
2020-08-03 13:16:34,883 [Listener at 127.0.0.1/33105] INFO  ozone.MiniOzoneClusterImpl (MiniOzoneClusterImpl.java:lambda$waitForClusterToBeReady$0(177)) - Nodes are ready. Got 3 of 3 DN Heartbeats.
2020-08-03 13:16:34,883 [Listener at 127.0.0.1/33105] INFO  ozone.MiniOzoneClusterImpl (MiniOzoneClusterImpl.java:lambda$waitForClusterToBeReady$0(180)) - Waiting for cluster to exit safe mode
2020-08-03 13:16:35,530 [Command processor thread] INFO  impl.RaftServerProxy (RaftServerProxy.java:addNew(89)) - 4e2fb976-3d8c-4aa0-85dc-e2a3a74bd48f: addNew group-42AB510F3FB9:[4e2fb976-3d8c-4aa0-85dc-e2a3a74bd48f:172.17.0.2:35669] returns group-42AB510F3FB9:java.util.concurrent.CompletableFuture@3409acb8[Not completed]
2020-08-03 13:16:35,567 [pool-33-thread-1] INFO  impl.RaftServerImpl (RaftServerImpl.java:<init>(107)) - 4e2fb976-3d8c-4aa0-85dc-e2a3a74bd48f: new RaftServerImpl for group-42AB510F3FB9:[4e2fb976-3d8c-4aa0-85dc-e2a3a74bd48f:172.17.0.2:35669] with ContainerStateMachine:uninitialized
2020-08-03 13:16:35,569 [pool-33-thread-1] INFO  server.RaftServerConfigKeys (ConfUtils.java:logGet(44)) - raft.server.rpc.timeout.min = 5s (custom)
2020-08-03 13:16:35,569 [pool-33-thread-1] INFO  server.RaftServerConfigKeys (ConfUtils.java:logGet(44)) - raft.server.rpc.timeout.max = 5200ms (custom)
2020-08-03 13:16:35,569 [pool-33-thread-1] INFO  server.RaftServerConfigKeys (ConfUtils.java:logGet(44)) - raft.server.rpcslowness.timeout = 1000000ms (custom)
2020-08-03 13:16:35,570 [pool-33-thread-1] INFO  server.RaftServerConfigKeys (ConfUtils.java:logGet(44)) - raft.server.sleep.deviation.threshold = 300 (default)
2020-08-03 13:16:35,570 [pool-33-thread-1] INFO  server.RaftServerConfigKeys (ConfUtils.java:logGet(44)) - raft.server.log.appender.install.snapshot.enabled = false (custom)
2020-08-03 13:16:35,576 [pool-33-thread-1] INFO  impl.RaftServerImpl (ServerState.java:<init>(103)) - 4e2fb976-3d8c-4aa0-85dc-e2a3a74bd48f@group-42AB510F3FB9: ConfigurationManager, init=-1: [4e2fb976-3d8c-4aa0-85dc-e2a3a74bd48f:172.17.0.2:35669], old=null, confs=<EMPTY_MAP>
2020-08-03 13:16:35,577 [pool-33-thread-1] INFO  server.RaftServerConfigKeys (ConfUtils.java:logGet(44)) - raft.server.storage.dir = [/github/workspace/mnt/ozone/hadoop-ozone/integration-test/target/test-dir/MiniOzoneClusterImpl-26b81ed5-7fce-4977-a58f-0134b52d8c65/datanode-0/data/ratis] (custom)
2020-08-03 13:16:35,581 [pool-33-thread-1] INFO  server.RaftServerConfigKeys (ConfUtils.java:logGet(44)) - raft.server.log.corruption.policy = EXCEPTION (default)
2020-08-03 13:16:35,583 [pool-33-thread-1] INFO  storage.RaftStorageDirectory (RaftStorageDirectory.java:analyzeStorage(261)) - The storage directory /github/workspace/mnt/ozone/hadoop-ozone/integration-test/target/test-dir/MiniOzoneClusterImpl-26b81ed5-7fce-4977-a58f-0134b52d8c65/datanode-0/data/ratis/3328a86c-f9de-4028-a3d9-42ab510f3fb9 does not exist. Creating ...
2020-08-03 13:16:35,587 [pool-33-thread-1] INFO  storage.RaftStorageDirectory (RaftStorageDirectory.java:tryLock(343)) - Lock on /github/workspace/mnt/ozone/hadoop-ozone/integration-test/target/test-dir/MiniOzoneClusterImpl-26b81ed5-7fce-4977-a58f-0134b52d8c65/datanode-0/data/ratis/3328a86c-f9de-4028-a3d9-42ab510f3fb9/in_use.lock acquired by nodename 35108@21919eb6eecd
2020-08-03 13:16:35,590 [pool-33-thread-1] INFO  storage.RaftStorage (RaftStorage.java:format(84)) - Storage directory /github/workspace/mnt/ozone/hadoop-ozone/integration-test/target/test-dir/MiniOzoneClusterImpl-26b81ed5-7fce-4977-a58f-0134b52d8c65/datanode-0/data/ratis/3328a86c-f9de-4028-a3d9-42ab510f3fb9 has been successfully formatted.
2020-08-03 13:16:35,596 [Datanode State Machine Thread - 0] WARN  statemachine.DatanodeStateMachine (DatanodeStateMachine.java:start(245)) - Interrupt the execution.
java.lang.InterruptedException: sleep interrupted
	at java.lang.Thread.sleep(Native Method)
	at org.apache.hadoop.ozone.container.common.statemachine.DatanodeStateMachine.start(DatanodeStateMachine.java:243)
	at org.apache.hadoop.ozone.container.common.statemachine.DatanodeStateMachine.lambda$startDaemon$0(DatanodeStateMachine.java:405)
	at java.lang.Thread.run(Thread.java:748)
2020-08-03 13:16:35,599 [pool-33-thread-1] INFO  ratis.ContainerStateMachine (ContainerStateMachine.java:loadSnapshot(225)) - group-42AB510F3FB9: The snapshot info is null. Setting the last applied indexto:(t:0, i:~)
2020-08-03 13:16:35,599 [EventQueue-PipelineReportForPipelineReportHandler] INFO  pipeline.PipelineStateManager (PipelineStateManager.java:openPipeline(131)) - Pipeline Pipeline[ Id: 3328a86c-f9de-4028-a3d9-42ab510f3fb9, Nodes: 4e2fb976-3d8c-4aa0-85dc-e2a3a74bd48f{ip: 172.17.0.2, host: 21919eb6eecd, networkLocation: /default-rack, certSerialId: null}, Type:RATIS, Factor:ONE, State:ALLOCATED, leaderId:4e2fb976-3d8c-4aa0-85dc-e2a3a74bd48f, CreationTimestamp2020-08-03T13:16:32.558Z] moved to OPEN state
2020-08-03 13:16:35,601 [EventQueue-OpenPipelineForHealthyPipelineSafeModeRule] INFO  safemode.SCMSafeModeManager (HealthyPipelineSafeModeRule.java:process(129)) - SCM in safe mode. Healthy pipelines reported count is 0, required healthy pipeline reported count is 1
2020-08-03 13:16:35,603 [pool-33-thread-1] INFO  server.RaftServerConfigKeys (ConfUtils.java:logGet(44)) - raft.server.notification.no-leader.timeout = 1000000ms (custom)
2020-08-03 13:16:35,605 [pool-33-thread-1] INFO  server.RaftServerConfigKeys (ConfUtils.java:logGet(44)) - raft.server.log.use.memory = false (default)
2020-08-03 13:16:35,608 [EventQueue-OpenPipelineForOneReplicaPipelineSafeModeRule] INFO  safemode.SCMSafeModeManager (SCMSafeModeManager.java:validateSafeModeExitRules(214)) - AtleastOneDatanodeReportedRule rule is successfully validated
2020-08-03 13:16:35,611 [pool-33-thread-1] INFO  server.RaftServerConfigKeys (ConfUtils.java:logGet(44)) - raft.server.log.purge.gap = 1000000 (custom)
2020-08-03 13:16:35,614 [pool-33-thread-1] INFO  metrics.RatisMetrics (RatisMetrics.java:lambda$create$0(36)) - Creating Metrics Registry : ratis.log_worker.4e2fb976-3d8c-4aa0-85dc-e2a3a74bd48f@group-42AB510F3FB9
2020-08-03 13:16:35,621 [pool-33-thread-1] INFO  server.RaftServerConfigKeys (ConfUtils.java:logGet(44)) - raft.server.log.appender.buffer.byte-limit = 33554432 (custom)
2020-08-03 13:16:35,624 [pool-33-thread-1] INFO  server.RaftServerConfigKeys (ConfUtils.java:logGet(44)) - raft.server.log.segment.size.max = 1048576 (custom)
2020-08-03 13:16:35,631 [pool-33-thread-1] INFO  server.RaftServerConfigKeys (ConfUtils.java:logGet(44)) - raft.server.log.segment.cache.num.max = 2 (custom)
2020-08-03 13:16:35,637 [pool-33-thread-1] INFO  segmented.SegmentedRaftLogWorker (SegmentedRaftLogWorker.java:<init>(180)) - new 4e2fb976-3d8c-4aa0-85dc-e2a3a74bd48f@group-42AB510F3FB9-SegmentedRaftLogWorker for RaftStorage:Storage Directory /github/workspace/mnt/ozone/hadoop-ozone/integration-test/target/test-dir/MiniOzoneClusterImpl-26b81ed5-7fce-4977-a58f-0134b52d8c65/datanode-0/data/ratis/3328a86c-f9de-4028-a3d9-42ab510f3fb9
2020-08-03 13:16:35,638 [pool-33-thread-1] INFO  server.RaftServerConfigKeys (ConfUtils.java:logGet(44)) - raft.server.log.queue.byte-limit = 2147483647 (custom)
2020-08-03 13:16:35,639 [pool-33-thread-1] INFO  server.RaftServerConfigKeys (ConfUtils.java:logGet(44)) - raft.server.log.queue.element-limit = 1024 (custom)
2020-08-03 13:16:35,640 [pool-33-thread-1] INFO  server.RaftServerConfigKeys (ConfUtils.java:logGet(44)) - raft.server.log.segment.size.max = 1048576 (custom)
2020-08-03 13:16:35,640 [pool-33-thread-1] INFO  server.RaftServerConfigKeys (ConfUtils.java:logGet(44)) - raft.server.log.preallocated.size = 16384 (custom)
2020-08-03 13:16:35,642 [pool-33-thread-1] INFO  server.RaftServerConfigKeys (ConfUtils.java:logGet(44)) - raft.server.log.write.buffer.size = 1048576 (custom)
2020-08-03 13:16:35,644 [pool-33-thread-1] INFO  server.RaftServerConfigKeys (ConfUtils.java:logGet(44)) - raft.server.log.force.sync.num = 128 (default)
2020-08-03 13:16:35,645 [pool-33-thread-1] INFO  server.RaftServerConfigKeys (ConfUtils.java:logGet(44)) - raft.server.log.statemachine.data.sync = true (default)
2020-08-03 13:16:35,646 [pool-33-thread-1] INFO  server.RaftServerConfigKeys (ConfUtils.java:logGet(44)) - raft.server.log.statemachine.data.sync.timeout = 10s (default)
2020-08-03 13:16:35,646 [pool-33-thread-1] INFO  server.RaftServerConfigKeys (ConfUtils.java:logGet(44)) - raft.server.log.statemachine.data.sync.timeout.retry = -1 (default)
2020-08-03 13:16:35,658 [pool-33-thread-1] INFO  server.RaftServerConfigKeys (ConfUtils.java:logGet(44)) - raft.server.log.statemachine.data.caching.enabled = true (custom)
2020-08-03 13:16:35,665 [pool-33-thread-1] INFO  segmented.SegmentedRaftLogWorker (SegmentedRaftLogWorker.java:lambda$new$0(129)) - 4e2fb976-3d8c-4aa0-85dc-e2a3a74bd48f@group-42AB510F3FB9-SegmentedRaftLogWorker: flushIndex: setUnconditionally 0 -> -1
2020-08-03 13:16:35,665 [pool-33-thread-1] INFO  segmented.SegmentedRaftLogWorker (SegmentedRaftLogWorker.java:lambda$new$0(129)) - 4e2fb976-3d8c-4aa0-85dc-e2a3a74bd48f@group-42AB510F3FB9-SegmentedRaftLogWorker: safeCacheEvictIndex: setUnconditionally 0 -> -1
2020-08-03 13:16:35,669 [pool-33-thread-1] INFO  server.RaftServerConfigKeys (ConfUtils.java:logGet(44)) - raft.server.snapshot.auto.trigger.enabled = true (custom)
2020-08-03 13:16:35,672 [pool-33-thread-1] INFO  server.RaftServerConfigKeys (ConfUtils.java:logGet(44)) - raft.server.snapshot.auto.trigger.threshold = 10000 (custom)
2020-08-03 13:16:35,672 [pool-33-thread-1] INFO  server.RaftServerConfigKeys (ConfUtils.java:logGet(44)) - raft.server.snapshot.retention.file.num = 5 (custom)
2020-08-03 13:16:35,673 [pool-33-thread-1] INFO  server.RaftServerConfigKeys (ConfUtils.java:logGet(44)) - raft.server.log.purge.upto.snapshot.index = false (default)
2020-08-03 13:16:35,674 [pool-33-thread-1] INFO  server.RaftServerConfigKeys (ConfUtils.java:logGet(44)) - raft.server.retrycache.expirytime = 600000ms (custom)
2020-08-03 13:16:35,701 [pool-33-thread-1] INFO  metrics.RatisMetrics (RatisMetrics.java:lambda$create$0(36)) - Creating Metrics Registry : ratis.leader_election.4e2fb976-3d8c-4aa0-85dc-e2a3a74bd48f@group-42AB510F3FB9
2020-08-03 13:16:35,706 [pool-33-thread-1] INFO  metrics.RatisMetrics (RatisMetrics.java:lambda$create$0(36)) - Creating Metrics Registry : ratis.server.4e2fb976-3d8c-4aa0-85dc-e2a3a74bd48f@group-42AB510F3FB9
2020-08-03 13:16:35,712 [pool-33-thread-1] INFO  impl.RaftServerImpl (RaftServerImpl.java:start(196)) - 4e2fb976-3d8c-4aa0-85dc-e2a3a74bd48f@group-42AB510F3FB9: start as a follower, conf=-1: [4e2fb976-3d8c-4aa0-85dc-e2a3a74bd48f:172.17.0.2:35669], old=null
2020-08-03 13:16:35,713 [pool-33-thread-1] INFO  impl.RaftServerImpl (RaftServerImpl.java:setRole(185)) - 4e2fb976-3d8c-4aa0-85dc-e2a3a74bd48f@group-42AB510F3FB9: changes role from      null to FOLLOWER at term 0 for startAsFollower
2020-08-03 13:16:35,714 [pool-33-thread-1] INFO  impl.RoleInfo (RoleInfo.java:updateAndGet(143)) - 4e2fb976-3d8c-4aa0-85dc-e2a3a74bd48f: start FollowerState
2020-08-03 13:16:35,721 [pool-33-thread-1] INFO  util.JmxRegister (JmxRegister.java:tryRegister(44)) - Successfully registered JMX Bean with object name Ratis:service=RaftServer,group=group-42AB510F3FB9,id=4e2fb976-3d8c-4aa0-85dc-e2a3a74bd48f
2020-08-03 13:16:35,722 [pool-33-thread-1] INFO  metrics.RatisMetrics (RatisMetrics.java:lambda$create$0(36)) - Creating Metrics Registry : ratis.state_machine.4e2fb976-3d8c-4aa0-85dc-e2a3a74bd48f@group-42AB510F3FB9
2020-08-03 13:16:35,743 [Command processor thread] INFO  commandhandler.CreatePipelineCommandHandler (CreatePipelineCommandHandler.java:handle(110)) - Created Pipeline RATIS ONE #id: "3328a86c-f9de-4028-a3d9-42ab510f3fb9"
uuid128 {
  mostSigBits: 3686381481004777512
  leastSigBits: -6640202872014291015
}
.
2020-08-03 13:16:35,743 [Command processor thread] INFO  impl.RaftServerProxy (RaftServerProxy.java:addNew(89)) - 4e2fb976-3d8c-4aa0-85dc-e2a3a74bd48f: addNew group-73FFBB5AF31C:[8eb359cf-ee67-4045-b6ec-0ab075cb664f:172.17.0.2:37433, 4e2fb976-3d8c-4aa0-85dc-e2a3a74bd48f:172.17.0.2:35669, 86f0f98e-23cf-4f3b-8199-5ed948c98077:172.17.0.2:40879] returns group-73FFBB5AF31C:java.util.concurrent.CompletableFuture@37751f0[Not completed]
2020-08-03 13:16:35,746 [pool-33-thread-1] INFO  impl.RaftServerImpl (RaftServerImpl.java:<init>(107)) - 4e2fb976-3d8c-4aa0-85dc-e2a3a74bd48f: new RaftServerImpl for group-73FFBB5AF31C:[8eb359cf-ee67-4045-b6ec-0ab075cb664f:172.17.0.2:37433, 4e2fb976-3d8c-4aa0-85dc-e2a3a74bd48f:172.17.0.2:35669, 86f0f98e-23cf-4f3b-8199-5ed948c98077:172.17.0.2:40879] with ContainerStateMachine:uninitialized
2020-08-03 13:16:35,749 [pool-33-thread-1] INFO  server.RaftServerConfigKeys (ConfUtils.java:logGet(44)) - raft.server.rpc.timeout.min = 5s (custom)
2020-08-03 13:16:35,750 [pool-33-thread-1] INFO  server.RaftServerConfigKeys (ConfUtils.java:logGet(44)) - raft.server.rpc.timeout.max = 5200ms (custom)
2020-08-03 13:16:35,750 [pool-33-thread-1] INFO  server.RaftServerConfigKeys (ConfUtils.java:logGet(44)) - raft.server.rpcslowness.timeout = 1000000ms (custom)
2020-08-03 13:16:35,750 [pool-33-thread-1] INFO  server.RaftServerConfigKeys (ConfUtils.java:logGet(44)) - raft.server.sleep.deviation.threshold = 300 (default)
2020-08-03 13:16:35,750 [pool-33-thread-1] INFO  server.RaftServerConfigKeys (ConfUtils.java:logGet(44)) - raft.server.log.appender.install.snapshot.enabled = false (custom)
2020-08-03 13:16:35,750 [pool-33-thread-1] INFO  impl.RaftServerImpl (ServerState.java:<init>(103)) - 4e2fb976-3d8c-4aa0-85dc-e2a3a74bd48f@group-73FFBB5AF31C: ConfigurationManager, init=-1: [8eb359cf-ee67-4045-b6ec-0ab075cb664f:172.17.0.2:37433, 4e2fb976-3d8c-4aa0-85dc-e2a3a74bd48f:172.17.0.2:35669, 86f0f98e-23cf-4f3b-8199-5ed948c98077:172.17.0.2:40879], old=null, confs=<EMPTY_MAP>
2020-08-03 13:16:35,750 [pool-33-thread-1] INFO  server.RaftServerConfigKeys (ConfUtils.java:logGet(44)) - raft.server.storage.dir = [/github/workspace/mnt/ozone/hadoop-ozone/integration-test/target/test-dir/MiniOzoneClusterImpl-26b81ed5-7fce-4977-a58f-0134b52d8c65/datanode-0/data/ratis] (custom)
2020-08-03 13:16:35,751 [pool-33-thread-1] INFO  server.RaftServerConfigKeys (ConfUtils.java:logGet(44)) - raft.server.log.corruption.policy = EXCEPTION (default)
2020-08-03 13:16:35,751 [pool-33-thread-1] INFO  storage.RaftStorageDirectory (RaftStorageDirectory.java:analyzeStorage(261)) - The storage directory /github/workspace/mnt/ozone/hadoop-ozone/integration-test/target/test-dir/MiniOzoneClusterImpl-26b81ed5-7fce-4977-a58f-0134b52d8c65/datanode-0/data/ratis/e0846cd6-5e87-404c-a762-73ffbb5af31c does not exist. Creating ...
2020-08-03 13:16:35,754 [pool-33-thread-1] INFO  storage.RaftStorageDirectory (RaftStorageDirectory.java:tryLock(343)) - Lock on /github/workspace/mnt/ozone/hadoop-ozone/integration-test/target/test-dir/MiniOzoneClusterImpl-26b81ed5-7fce-4977-a58f-0134b52d8c65/datanode-0/data/ratis/e0846cd6-5e87-404c-a762-73ffbb5af31c/in_use.lock acquired by nodename 35108@21919eb6eecd
2020-08-03 13:16:35,756 [pool-33-thread-1] INFO  storage.RaftStorage (RaftStorage.java:format(84)) - Storage directory /github/workspace/mnt/ozone/hadoop-ozone/integration-test/target/test-dir/MiniOzoneClusterImpl-26b81ed5-7fce-4977-a58f-0134b52d8c65/datanode-0/data/ratis/e0846cd6-5e87-404c-a762-73ffbb5af31c has been successfully formatted.
2020-08-03 13:16:35,756 [Datanode State Machine Thread - 0] WARN  statemachine.DatanodeStateMachine (DatanodeStateMachine.java:start(245)) - Interrupt the execution.
java.lang.InterruptedException: sleep interrupted
	at java.lang.Thread.sleep(Native Method)
	at org.apache.hadoop.ozone.container.common.statemachine.DatanodeStateMachine.start(DatanodeStateMachine.java:243)
	at org.apache.hadoop.ozone.container.common.statemachine.DatanodeStateMachine.lambda$startDaemon$0(DatanodeStateMachine.java:405)
	at java.lang.Thread.run(Thread.java:748)
2020-08-03 13:16:35,756 [pool-33-thread-1] INFO  ratis.ContainerStateMachine (ContainerStateMachine.java:loadSnapshot(225)) - group-73FFBB5AF31C: The snapshot info is null. Setting the last applied indexto:(t:0, i:~)
2020-08-03 13:16:35,757 [pool-33-thread-1] INFO  server.RaftServerConfigKeys (ConfUtils.java:logGet(44)) - raft.server.notification.no-leader.timeout = 1000000ms (custom)
2020-08-03 13:16:35,757 [pool-33-thread-1] INFO  server.RaftServerConfigKeys (ConfUtils.java:logGet(44)) - raft.server.log.use.memory = false (default)
2020-08-03 13:16:35,757 [pool-33-thread-1] INFO  server.RaftServerConfigKeys (ConfUtils.java:logGet(44)) - raft.server.log.purge.gap = 1000000 (custom)
2020-08-03 13:16:35,758 [pool-33-thread-1] INFO  metrics.RatisMetrics (RatisMetrics.java:lambda$create$0(36)) - Creating Metrics Registry : ratis.log_worker.4e2fb976-3d8c-4aa0-85dc-e2a3a74bd48f@group-73FFBB5AF31C
2020-08-03 13:16:35,765 [Command processor thread] INFO  impl.RaftServerProxy (RaftServerProxy.java:addNew(89)) - 86f0f98e-23cf-4f3b-8199-5ed948c98077: addNew group-611680DB3C11:[86f0f98e-23cf-4f3b-8199-5ed948c98077:172.17.0.2:40879] returns group-611680DB3C11:java.util.concurrent.CompletableFuture@267041af[Not completed]
2020-08-03 13:16:35,771 [pool-33-thread-1] INFO  server.RaftServerConfigKeys (ConfUtils.java:logGet(44)) - raft.server.log.appender.buffer.byte-limit = 33554432 (custom)
2020-08-03 13:16:35,771 [pool-33-thread-1] INFO  server.RaftServerConfigKeys (ConfUtils.java:logGet(44)) - raft.server.log.segment.size.max = 1048576 (custom)
2020-08-03 13:16:35,772 [pool-33-thread-1] INFO  server.RaftServerConfigKeys (ConfUtils.java:logGet(44)) - raft.server.log.segment.cache.num.max = 2 (custom)
2020-08-03 13:16:35,772 [pool-33-thread-1] INFO  segmented.SegmentedRaftLogWorker (SegmentedRaftLogWorker.java:<init>(180)) - new 4e2fb976-3d8c-4aa0-85dc-e2a3a74bd48f@group-73FFBB5AF31C-SegmentedRaftLogWorker for RaftStorage:Storage Directory /github/workspace/mnt/ozone/hadoop-ozone/integration-test/target/test-dir/MiniOzoneClusterImpl-26b81ed5-7fce-4977-a58f-0134b52d8c65/datanode-0/data/ratis/e0846cd6-5e87-404c-a762-73ffbb5af31c
2020-08-03 13:16:35,772 [pool-33-thread-1] INFO  server.RaftServerConfigKeys (ConfUtils.java:logGet(44)) - raft.server.log.queue.byte-limit = 2147483647 (custom)
2020-08-03 13:16:35,772 [pool-33-thread-1] INFO  server.RaftServerConfigKeys (ConfUtils.java:logGet(44)) - raft.server.log.queue.element-limit = 1024 (custom)
2020-08-03 13:16:35,772 [pool-33-thread-1] INFO  server.RaftServerConfigKeys (ConfUtils.java:logGet(44)) - raft.server.log.segment.size.max = 1048576 (custom)
2020-08-03 13:16:35,772 [pool-33-thread-1] INFO  server.RaftServerConfigKeys (ConfUtils.java:logGet(44)) - raft.server.log.preallocated.size = 16384 (custom)
2020-08-03 13:16:35,772 [pool-33-thread-1] INFO  server.RaftServerConfigKeys (ConfUtils.java:logGet(44)) - raft.server.log.write.buffer.size = 1048576 (custom)
2020-08-03 13:16:35,772 [pool-33-thread-1] INFO  server.RaftServerConfigKeys (ConfUtils.java:logGet(44)) - raft.server.log.force.sync.num = 128 (default)
2020-08-03 13:16:35,772 [pool-33-thread-1] INFO  server.RaftServerConfigKeys (ConfUtils.java:logGet(44)) - raft.server.log.statemachine.data.sync = true (default)
2020-08-03 13:16:35,772 [pool-33-thread-1] INFO  server.RaftServerConfigKeys (ConfUtils.java:logGet(44)) - raft.server.log.statemachine.data.sync.timeout = 10s (default)
2020-08-03 13:16:35,772 [pool-33-thread-1] INFO  server.RaftServerConfigKeys (ConfUtils.java:logGet(44)) - raft.server.log.statemachine.data.sync.timeout.retry = -1 (default)
2020-08-03 13:16:35,774 [pool-33-thread-1] INFO  server.RaftServerConfigKeys (ConfUtils.java:logGet(44)) - raft.server.log.statemachine.data.caching.enabled = true (custom)
2020-08-03 13:16:35,776 [pool-33-thread-1] INFO  segmented.SegmentedRaftLogWorker (SegmentedRaftLogWorker.java:lambda$new$0(129)) - 4e2fb976-3d8c-4aa0-85dc-e2a3a74bd48f@group-73FFBB5AF31C-SegmentedRaftLogWorker: flushIndex: setUnconditionally 0 -> -1
2020-08-03 13:16:35,777 [pool-33-thread-1] INFO  segmented.SegmentedRaftLogWorker (SegmentedRaftLogWorker.java:lambda$new$0(129)) - 4e2fb976-3d8c-4aa0-85dc-e2a3a74bd48f@group-73FFBB5AF31C-SegmentedRaftLogWorker: safeCacheEvictIndex: setUnconditionally 0 -> -1
2020-08-03 13:16:35,777 [pool-33-thread-1] INFO  server.RaftServerConfigKeys (ConfUtils.java:logGet(44)) - raft.server.snapshot.auto.trigger.enabled = true (custom)
2020-08-03 13:16:35,783 [pool-33-thread-1] INFO  server.RaftServerConfigKeys (ConfUtils.java:logGet(44)) - raft.server.snapshot.auto.trigger.threshold = 10000 (custom)
2020-08-03 13:16:35,783 [pool-33-thread-1] INFO  server.RaftServerConfigKeys (ConfUtils.java:logGet(44)) - raft.server.snapshot.retention.file.num = 5 (custom)
2020-08-03 13:16:35,783 [pool-33-thread-1] INFO  server.RaftServerConfigKeys (ConfUtils.java:logGet(44)) - raft.server.log.purge.upto.snapshot.index = false (default)
2020-08-03 13:16:35,783 [pool-33-thread-1] INFO  server.RaftServerConfigKeys (ConfUtils.java:logGet(44)) - raft.server.retrycache.expirytime = 600000ms (custom)
2020-08-03 13:16:35,783 [pool-33-thread-1] INFO  metrics.RatisMetrics (RatisMetrics.java:lambda$create$0(36)) - Creating Metrics Registry : ratis.leader_election.4e2fb976-3d8c-4aa0-85dc-e2a3a74bd48f@group-73FFBB5AF31C
2020-08-03 13:16:35,784 [pool-33-thread-1] INFO  metrics.RatisMetrics (RatisMetrics.java:lambda$create$0(36)) - Creating Metrics Registry : ratis.server.4e2fb976-3d8c-4aa0-85dc-e2a3a74bd48f@group-73FFBB5AF31C
2020-08-03 13:16:35,786 [pool-33-thread-1] INFO  impl.RaftServerImpl (RaftServerImpl.java:start(196)) - 4e2fb976-3d8c-4aa0-85dc-e2a3a74bd48f@group-73FFBB5AF31C: start as a follower, conf=-1: [8eb359cf-ee67-4045-b6ec-0ab075cb664f:172.17.0.2:37433, 4e2fb976-3d8c-4aa0-85dc-e2a3a74bd48f:172.17.0.2:35669, 86f0f98e-23cf-4f3b-8199-5ed948c98077:172.17.0.2:40879], old=null
2020-08-03 13:16:35,787 [pool-33-thread-1] INFO  impl.RaftServerImpl (RaftServerImpl.java:setRole(185)) - 4e2fb976-3d8c-4aa0-85dc-e2a3a74bd48f@group-73FFBB5AF31C: changes role from      null to FOLLOWER at term 0 for startAsFollower
2020-08-03 13:16:35,793 [pool-33-thread-1] INFO  impl.RoleInfo (RoleInfo.java:updateAndGet(143)) - 4e2fb976-3d8c-4aa0-85dc-e2a3a74bd48f: start FollowerState
2020-08-03 13:16:35,793 [pool-33-thread-1] INFO  util.JmxRegister (JmxRegister.java:tryRegister(44)) - Successfully registered JMX Bean with object name Ratis:service=RaftServer,group=group-73FFBB5AF31C,id=4e2fb976-3d8c-4aa0-85dc-e2a3a74bd48f
2020-08-03 13:16:35,793 [pool-33-thread-1] INFO  metrics.RatisMetrics (RatisMetrics.java:lambda$create$0(36)) - Creating Metrics Registry : ratis.state_machine.4e2fb976-3d8c-4aa0-85dc-e2a3a74bd48f@group-73FFBB5AF31C
2020-08-03 13:16:35,815 [pool-48-thread-1] INFO  impl.RaftServerImpl (RaftServerImpl.java:<init>(107)) - 86f0f98e-23cf-4f3b-8199-5ed948c98077: new RaftServerImpl for group-611680DB3C11:[86f0f98e-23cf-4f3b-8199-5ed948c98077:172.17.0.2:40879] with ContainerStateMachine:uninitialized
2020-08-03 13:16:35,817 [pool-48-thread-1] INFO  server.RaftServerConfigKeys (ConfUtils.java:logGet(44)) - raft.server.rpc.timeout.min = 5s (custom)
2020-08-03 13:16:35,817 [pool-48-thread-1] INFO  server.RaftServerConfigKeys (ConfUtils.java:logGet(44)) - raft.server.rpc.timeout.max = 5200ms (custom)
2020-08-03 13:16:35,817 [pool-48-thread-1] INFO  server.RaftServerConfigKeys (ConfUtils.java:logGet(44)) - raft.server.rpcslowness.timeout = 1000000ms (custom)
2020-08-03 13:16:35,817 [pool-48-thread-1] INFO  server.RaftServerConfigKeys (ConfUtils.java:logGet(44)) - raft.server.sleep.deviation.threshold = 300 (default)
2020-08-03 13:16:35,817 [pool-48-thread-1] INFO  server.RaftServerConfigKeys (ConfUtils.java:logGet(44)) - raft.server.log.appender.install.snapshot.enabled = false (custom)
2020-08-03 13:16:35,817 [pool-48-thread-1] INFO  impl.RaftServerImpl (ServerState.java:<init>(103)) - 86f0f98e-23cf-4f3b-8199-5ed948c98077@group-611680DB3C11: ConfigurationManager, init=-1: [86f0f98e-23cf-4f3b-8199-5ed948c98077:172.17.0.2:40879], old=null, confs=<EMPTY_MAP>
2020-08-03 13:16:35,817 [pool-48-thread-1] INFO  server.RaftServerConfigKeys (ConfUtils.java:logGet(44)) - raft.server.storage.dir = [/github/workspace/mnt/ozone/hadoop-ozone/integration-test/target/test-dir/MiniOzoneClusterImpl-26b81ed5-7fce-4977-a58f-0134b52d8c65/datanode-1/data/ratis] (custom)
2020-08-03 13:16:35,818 [pool-48-thread-1] INFO  server.RaftServerConfigKeys (ConfUtils.java:logGet(44)) - raft.server.log.corruption.policy = EXCEPTION (default)
2020-08-03 13:16:35,818 [pool-48-thread-1] INFO  storage.RaftStorageDirectory (RaftStorageDirectory.java:analyzeStorage(261)) - The storage directory /github/workspace/mnt/ozone/hadoop-ozone/integration-test/target/test-dir/MiniOzoneClusterImpl-26b81ed5-7fce-4977-a58f-0134b52d8c65/datanode-1/data/ratis/3ec83bea-3bc3-4bb1-9dac-611680db3c11 does not exist. Creating ...
2020-08-03 13:16:35,820 [pool-48-thread-1] INFO  storage.RaftStorageDirectory (RaftStorageDirectory.java:tryLock(343)) - Lock on /github/workspace/mnt/ozone/hadoop-ozone/integration-test/target/test-dir/MiniOzoneClusterImpl-26b81ed5-7fce-4977-a58f-0134b52d8c65/datanode-1/data/ratis/3ec83bea-3bc3-4bb1-9dac-611680db3c11/in_use.lock acquired by nodename 35108@21919eb6eecd
2020-08-03 13:16:35,821 [pool-48-thread-1] INFO  storage.RaftStorage (RaftStorage.java:format(84)) - Storage directory /github/workspace/mnt/ozone/hadoop-ozone/integration-test/target/test-dir/MiniOzoneClusterImpl-26b81ed5-7fce-4977-a58f-0134b52d8c65/datanode-1/data/ratis/3ec83bea-3bc3-4bb1-9dac-611680db3c11 has been successfully formatted.
2020-08-03 13:16:35,822 [Datanode State Machine Thread - 0] WARN  statemachine.DatanodeStateMachine (DatanodeStateMachine.java:start(245)) - Interrupt the execution.
java.lang.InterruptedException: sleep interrupted
	at java.lang.Thread.sleep(Native Method)
	at org.apache.hadoop.ozone.container.common.statemachine.DatanodeStateMachine.start(DatanodeStateMachine.java:243)
	at org.apache.hadoop.ozone.container.common.statemachine.DatanodeStateMachine.lambda$startDaemon$0(DatanodeStateMachine.java:405)
	at java.lang.Thread.run(Thread.java:748)
2020-08-03 13:16:35,821 [pool-48-thread-1] INFO  ratis.ContainerStateMachine (ContainerStateMachine.java:loadSnapshot(225)) - group-611680DB3C11: The snapshot info is null. Setting the last applied indexto:(t:0, i:~)
2020-08-03 13:16:35,822 [pool-48-thread-1] INFO  server.RaftServerConfigKeys (ConfUtils.java:logGet(44)) - raft.server.notification.no-leader.timeout = 1000000ms (custom)
2020-08-03 13:16:35,822 [pool-48-thread-1] INFO  server.RaftServerConfigKeys (ConfUtils.java:logGet(44)) - raft.server.log.use.memory = false (default)
2020-08-03 13:16:35,823 [pool-48-thread-1] INFO  server.RaftServerConfigKeys (ConfUtils.java:logGet(44)) - raft.server.log.purge.gap = 1000000 (custom)
2020-08-03 13:16:35,823 [pool-48-thread-1] INFO  metrics.RatisMetrics (RatisMetrics.java:lambda$create$0(36)) - Creating Metrics Registry : ratis.log_worker.86f0f98e-23cf-4f3b-8199-5ed948c98077@group-611680DB3C11
2020-08-03 13:16:35,823 [pool-48-thread-1] INFO  server.RaftServerConfigKeys (ConfUtils.java:logGet(44)) - raft.server.log.appender.buffer.byte-limit = 33554432 (custom)
2020-08-03 13:16:35,824 [pool-48-thread-1] INFO  server.RaftServerConfigKeys (ConfUtils.java:logGet(44)) - raft.server.log.segment.size.max = 1048576 (custom)
2020-08-03 13:16:35,824 [EventQueue-PipelineReportForPipelineReportHandler] INFO  pipeline.PipelineStateManager (PipelineStateManager.java:openPipeline(131)) - Pipeline Pipeline[ Id: 3ec83bea-3bc3-4bb1-9dac-611680db3c11, Nodes: 86f0f98e-23cf-4f3b-8199-5ed948c98077{ip: 172.17.0.2, host: 21919eb6eecd, networkLocation: /default-rack, certSerialId: null}, Type:RATIS, Factor:ONE, State:ALLOCATED, leaderId:86f0f98e-23cf-4f3b-8199-5ed948c98077, CreationTimestamp2020-08-03T13:16:32.764Z] moved to OPEN state
2020-08-03 13:16:35,824 [EventQueue-OpenPipelineForHealthyPipelineSafeModeRule] INFO  safemode.SCMSafeModeManager (HealthyPipelineSafeModeRule.java:process(129)) - SCM in safe mode. Healthy pipelines reported count is 0, required healthy pipeline reported count is 1
2020-08-03 13:16:35,824 [EventQueue-OpenPipelineForOneReplicaPipelineSafeModeRule] INFO  safemode.SCMSafeModeManager (SCMSafeModeManager.java:validateSafeModeExitRules(214)) - AtleastOneDatanodeReportedRule rule is successfully validated
2020-08-03 13:16:35,828 [pool-48-thread-1] INFO  server.RaftServerConfigKeys (ConfUtils.java:logGet(44)) - raft.server.log.segment.cache.num.max = 2 (custom)
2020-08-03 13:16:35,829 [pool-48-thread-1] INFO  segmented.SegmentedRaftLogWorker (SegmentedRaftLogWorker.java:<init>(180)) - new 86f0f98e-23cf-4f3b-8199-5ed948c98077@group-611680DB3C11-SegmentedRaftLogWorker for RaftStorage:Storage Directory /github/workspace/mnt/ozone/hadoop-ozone/integration-test/target/test-dir/MiniOzoneClusterImpl-26b81ed5-7fce-4977-a58f-0134b52d8c65/datanode-1/data/ratis/3ec83bea-3bc3-4bb1-9dac-611680db3c11
2020-08-03 13:16:35,832 [pool-48-thread-1] INFO  server.RaftServerConfigKeys (ConfUtils.java:logGet(44)) - raft.server.log.queue.byte-limit = 2147483647 (custom)
2020-08-03 13:16:35,832 [pool-48-thread-1] INFO  server.RaftServerConfigKeys (ConfUtils.java:logGet(44)) - raft.server.log.queue.element-limit = 1024 (custom)
2020-08-03 13:16:35,832 [pool-48-thread-1] INFO  server.RaftServerConfigKeys (ConfUtils.java:logGet(44)) - raft.server.log.segment.size.max = 1048576 (custom)
2020-08-03 13:16:35,832 [pool-48-thread-1] INFO  server.RaftServerConfigKeys (ConfUtils.java:logGet(44)) - raft.server.log.preallocated.size = 16384 (custom)
2020-08-03 13:16:35,832 [pool-48-thread-1] INFO  server.RaftServerConfigKeys (ConfUtils.java:logGet(44)) - raft.server.log.write.buffer.size = 1048576 (custom)
2020-08-03 13:16:35,832 [pool-48-thread-1] INFO  server.RaftServerConfigKeys (ConfUtils.java:logGet(44)) - raft.server.log.force.sync.num = 128 (default)
2020-08-03 13:16:35,832 [pool-48-thread-1] INFO  server.RaftServerConfigKeys (ConfUtils.java:logGet(44)) - raft.server.log.statemachine.data.sync = true (default)
2020-08-03 13:16:35,832 [pool-48-thread-1] INFO  server.RaftServerConfigKeys (ConfUtils.java:logGet(44)) - raft.server.log.statemachine.data.sync.timeout = 10s (default)
2020-08-03 13:16:35,832 [pool-48-thread-1] INFO  server.RaftServerConfigKeys (ConfUtils.java:logGet(44)) - raft.server.log.statemachine.data.sync.timeout.retry = -1 (default)
2020-08-03 13:16:35,834 [pool-48-thread-1] INFO  server.RaftServerConfigKeys (ConfUtils.java:logGet(44)) - raft.server.log.statemachine.data.caching.enabled = true (custom)
2020-08-03 13:16:35,834 [pool-48-thread-1] INFO  segmented.SegmentedRaftLogWorker (SegmentedRaftLogWorker.java:lambda$new$0(129)) - 86f0f98e-23cf-4f3b-8199-5ed948c98077@group-611680DB3C11-SegmentedRaftLogWorker: flushIndex: setUnconditionally 0 -> -1
2020-08-03 13:16:35,834 [pool-48-thread-1] INFO  segmented.SegmentedRaftLogWorker (SegmentedRaftLogWorker.java:lambda$new$0(129)) - 86f0f98e-23cf-4f3b-8199-5ed948c98077@group-611680DB3C11-SegmentedRaftLogWorker: safeCacheEvictIndex: setUnconditionally 0 -> -1
2020-08-03 13:16:35,838 [pool-48-thread-1] INFO  server.RaftServerConfigKeys (ConfUtils.java:logGet(44)) - raft.server.snapshot.auto.trigger.enabled = true (custom)
2020-08-03 13:16:35,838 [pool-48-thread-1] INFO  server.RaftServerConfigKeys (ConfUtils.java:logGet(44)) - raft.server.snapshot.auto.trigger.threshold = 10000 (custom)
2020-08-03 13:16:35,839 [pool-48-thread-1] INFO  server.RaftServerConfigKeys (ConfUtils.java:logGet(44)) - raft.server.snapshot.retention.file.num = 5 (custom)
2020-08-03 13:16:35,839 [pool-48-thread-1] INFO  server.RaftServerConfigKeys (ConfUtils.java:logGet(44)) - raft.server.log.purge.upto.snapshot.index = false (default)
2020-08-03 13:16:35,839 [pool-48-thread-1] INFO  server.RaftServerConfigKeys (ConfUtils.java:logGet(44)) - raft.server.retrycache.expirytime = 600000ms (custom)
2020-08-03 13:16:35,839 [pool-48-thread-1] INFO  metrics.RatisMetrics (RatisMetrics.java:lambda$create$0(36)) - Creating Metrics Registry : ratis.leader_election.86f0f98e-23cf-4f3b-8199-5ed948c98077@group-611680DB3C11
2020-08-03 13:16:35,839 [pool-48-thread-1] INFO  metrics.RatisMetrics (RatisMetrics.java:lambda$create$0(36)) - Creating Metrics Registry : ratis.server.86f0f98e-23cf-4f3b-8199-5ed948c98077@group-611680DB3C11
2020-08-03 13:16:35,840 [pool-48-thread-1] INFO  impl.RaftServerImpl (RaftServerImpl.java:start(196)) - 86f0f98e-23cf-4f3b-8199-5ed948c98077@group-611680DB3C11: start as a follower, conf=-1: [86f0f98e-23cf-4f3b-8199-5ed948c98077:172.17.0.2:40879], old=null
2020-08-03 13:16:35,846 [pool-48-thread-1] INFO  impl.RaftServerImpl (RaftServerImpl.java:setRole(185)) - 86f0f98e-23cf-4f3b-8199-5ed948c98077@group-611680DB3C11: changes role from      null to FOLLOWER at term 0 for startAsFollower
2020-08-03 13:16:35,846 [pool-48-thread-1] INFO  impl.RoleInfo (RoleInfo.java:updateAndGet(143)) - 86f0f98e-23cf-4f3b-8199-5ed948c98077: start FollowerState
2020-08-03 13:16:35,855 [pool-48-thread-1] INFO  util.JmxRegister (JmxRegister.java:tryRegister(44)) - Successfully registered JMX Bean with object name Ratis:service=RaftServer,group=group-611680DB3C11,id=86f0f98e-23cf-4f3b-8199-5ed948c98077
2020-08-03 13:16:35,862 [pool-48-thread-1] INFO  metrics.RatisMetrics (RatisMetrics.java:lambda$create$0(36)) - Creating Metrics Registry : ratis.state_machine.86f0f98e-23cf-4f3b-8199-5ed948c98077@group-611680DB3C11
2020-08-03 13:16:35,871 [Command processor thread] INFO  commandhandler.CreatePipelineCommandHandler (CreatePipelineCommandHandler.java:handle(110)) - Created Pipeline RATIS ONE #id: "3ec83bea-3bc3-4bb1-9dac-611680db3c11"
uuid128 {
  mostSigBits: 4523931702904703921
  leastSigBits: -7085181364481606639
}
.
2020-08-03 13:16:35,878 [Command processor thread] INFO  impl.RaftServerProxy (RaftServerProxy.java:addNew(89)) - 86f0f98e-23cf-4f3b-8199-5ed948c98077: addNew group-73FFBB5AF31C:[8eb359cf-ee67-4045-b6ec-0ab075cb664f:172.17.0.2:37433, 4e2fb976-3d8c-4aa0-85dc-e2a3a74bd48f:172.17.0.2:35669, 86f0f98e-23cf-4f3b-8199-5ed948c98077:172.17.0.2:40879] returns group-73FFBB5AF31C:java.util.concurrent.CompletableFuture@224fd1b9[Not completed]
2020-08-03 13:16:35,879 [pool-48-thread-1] INFO  impl.RaftServerImpl (RaftServerImpl.java:<init>(107)) - 86f0f98e-23cf-4f3b-8199-5ed948c98077: new RaftServerImpl for group-73FFBB5AF31C:[8eb359cf-ee67-4045-b6ec-0ab075cb664f:172.17.0.2:37433, 4e2fb976-3d8c-4aa0-85dc-e2a3a74bd48f:172.17.0.2:35669, 86f0f98e-23cf-4f3b-8199-5ed948c98077:172.17.0.2:40879] with ContainerStateMachine:uninitialized
2020-08-03 13:16:35,879 [pool-48-thread-1] INFO  server.RaftServerConfigKeys (ConfUtils.java:logGet(44)) - raft.server.rpc.timeout.min = 5s (custom)
2020-08-03 13:16:35,879 [pool-48-thread-1] INFO  server.RaftServerConfigKeys (ConfUtils.java:logGet(44)) - raft.server.rpc.timeout.max = 5200ms (custom)
2020-08-03 13:16:35,879 [pool-48-thread-1] INFO  server.RaftServerConfigKeys (ConfUtils.java:logGet(44)) - raft.server.rpcslowness.timeout = 1000000ms (custom)
2020-08-03 13:16:35,879 [pool-48-thread-1] INFO  server.RaftServerConfigKeys (ConfUtils.java:logGet(44)) - raft.server.sleep.deviation.threshold = 300 (default)
2020-08-03 13:16:35,879 [pool-48-thread-1] INFO  server.RaftServerConfigKeys (ConfUtils.java:logGet(44)) - raft.server.log.appender.install.snapshot.enabled = false (custom)
2020-08-03 13:16:35,879 [pool-48-thread-1] INFO  impl.RaftServerImpl (ServerState.java:<init>(103)) - 86f0f98e-23cf-4f3b-8199-5ed948c98077@group-73FFBB5AF31C: ConfigurationManager, init=-1: [8eb359cf-ee67-4045-b6ec-0ab075cb664f:172.17.0.2:37433, 4e2fb976-3d8c-4aa0-85dc-e2a3a74bd48f:172.17.0.2:35669, 86f0f98e-23cf-4f3b-8199-5ed948c98077:172.17.0.2:40879], old=null, confs=<EMPTY_MAP>
2020-08-03 13:16:35,879 [pool-48-thread-1] INFO  server.RaftServerConfigKeys (ConfUtils.java:logGet(44)) - raft.server.storage.dir = [/github/workspace/mnt/ozone/hadoop-ozone/integration-test/target/test-dir/MiniOzoneClusterImpl-26b81ed5-7fce-4977-a58f-0134b52d8c65/datanode-1/data/ratis] (custom)
2020-08-03 13:16:35,880 [pool-48-thread-1] INFO  server.RaftServerConfigKeys (ConfUtils.java:logGet(44)) - raft.server.log.corruption.policy = EXCEPTION (default)
2020-08-03 13:16:35,880 [pool-48-thread-1] INFO  storage.RaftStorageDirectory (RaftStorageDirectory.java:analyzeStorage(261)) - The storage directory /github/workspace/mnt/ozone/hadoop-ozone/integration-test/target/test-dir/MiniOzoneClusterImpl-26b81ed5-7fce-4977-a58f-0134b52d8c65/datanode-1/data/ratis/e0846cd6-5e87-404c-a762-73ffbb5af31c does not exist. Creating ...
2020-08-03 13:16:35,881 [pool-48-thread-1] INFO  storage.RaftStorageDirectory (RaftStorageDirectory.java:tryLock(343)) - Lock on /github/workspace/mnt/ozone/hadoop-ozone/integration-test/target/test-dir/MiniOzoneClusterImpl-26b81ed5-7fce-4977-a58f-0134b52d8c65/datanode-1/data/ratis/e0846cd6-5e87-404c-a762-73ffbb5af31c/in_use.lock acquired by nodename 35108@21919eb6eecd
2020-08-03 13:16:35,883 [pool-48-thread-1] INFO  storage.RaftStorage (RaftStorage.java:format(84)) - Storage directory /github/workspace/mnt/ozone/hadoop-ozone/integration-test/target/test-dir/MiniOzoneClusterImpl-26b81ed5-7fce-4977-a58f-0134b52d8c65/datanode-1/data/ratis/e0846cd6-5e87-404c-a762-73ffbb5af31c has been successfully formatted.
2020-08-03 13:16:35,883 [pool-48-thread-1] INFO  ratis.ContainerStateMachine (ContainerStateMachine.java:loadSnapshot(225)) - group-73FFBB5AF31C: The snapshot info is null. Setting the last applied indexto:(t:0, i:~)
2020-08-03 13:16:35,883 [Datanode State Machine Thread - 0] WARN  statemachine.DatanodeStateMachine (DatanodeStateMachine.java:start(245)) - Interrupt the execution.
java.lang.InterruptedException: sleep interrupted
	at java.lang.Thread.sleep(Native Method)
	at org.apache.hadoop.ozone.container.common.statemachine.DatanodeStateMachine.start(DatanodeStateMachine.java:243)
	at org.apache.hadoop.ozone.container.common.statemachine.DatanodeStateMachine.lambda$startDaemon$0(DatanodeStateMachine.java:405)
	at java.lang.Thread.run(Thread.java:748)
2020-08-03 13:16:35,883 [pool-48-thread-1] INFO  server.RaftServerConfigKeys (ConfUtils.java:logGet(44)) - raft.server.notification.no-leader.timeout = 1000000ms (custom)
2020-08-03 13:16:35,884 [pool-48-thread-1] INFO  server.RaftServerConfigKeys (ConfUtils.java:logGet(44)) - raft.server.log.use.memory = false (default)
2020-08-03 13:16:35,884 [pool-48-thread-1] INFO  server.RaftServerConfigKeys (ConfUtils.java:logGet(44)) - raft.server.log.purge.gap = 1000000 (custom)
2020-08-03 13:16:35,884 [pool-48-thread-1] INFO  metrics.RatisMetrics (RatisMetrics.java:lambda$create$0(36)) - Creating Metrics Registry : ratis.log_worker.86f0f98e-23cf-4f3b-8199-5ed948c98077@group-73FFBB5AF31C
2020-08-03 13:16:35,884 [pool-48-thread-1] INFO  server.RaftServerConfigKeys (ConfUtils.java:logGet(44)) - raft.server.log.appender.buffer.byte-limit = 33554432 (custom)
2020-08-03 13:16:35,884 [pool-48-thread-1] INFO  server.RaftServerConfigKeys (ConfUtils.java:logGet(44)) - raft.server.log.segment.size.max = 1048576 (custom)
2020-08-03 13:16:35,884 [pool-48-thread-1] INFO  server.RaftServerConfigKeys (ConfUtils.java:logGet(44)) - raft.server.log.segment.cache.num.max = 2 (custom)
2020-08-03 13:16:35,885 [pool-48-thread-1] INFO  segmented.SegmentedRaftLogWorker (SegmentedRaftLogWorker.java:<init>(180)) - new 86f0f98e-23cf-4f3b-8199-5ed948c98077@group-73FFBB5AF31C-SegmentedRaftLogWorker for RaftStorage:Storage Directory /github/workspace/mnt/ozone/hadoop-ozone/integration-test/target/test-dir/MiniOzoneClusterImpl-26b81ed5-7fce-4977-a58f-0134b52d8c65/datanode-1/data/ratis/e0846cd6-5e87-404c-a762-73ffbb5af31c
2020-08-03 13:16:35,885 [pool-48-thread-1] INFO  server.RaftServerConfigKeys (ConfUtils.java:logGet(44)) - raft.server.log.queue.byte-limit = 2147483647 (custom)
2020-08-03 13:16:35,885 [pool-48-thread-1] INFO  server.RaftServerConfigKeys (ConfUtils.java:logGet(44)) - raft.server.log.queue.element-limit = 1024 (custom)
2020-08-03 13:16:35,885 [pool-48-thread-1] INFO  server.RaftServerConfigKeys (ConfUtils.java:logGet(44)) - raft.server.log.segment.size.max = 1048576 (custom)
2020-08-03 13:16:35,885 [pool-48-thread-1] INFO  server.RaftServerConfigKeys (ConfUtils.java:logGet(44)) - raft.server.log.preallocated.size = 16384 (custom)
2020-08-03 13:16:35,885 [pool-48-thread-1] INFO  server.RaftServerConfigKeys (ConfUtils.java:logGet(44)) - raft.server.log.write.buffer.size = 1048576 (custom)
2020-08-03 13:16:35,884 [Listener at 127.0.0.1/33105] INFO  ozone.MiniOzoneClusterImpl (MiniOzoneClusterImpl.java:lambda$waitForClusterToBeReady$0(177)) - Nodes are ready. Got 3 of 3 DN Heartbeats.
2020-08-03 13:16:35,885 [Listener at 127.0.0.1/33105] INFO  ozone.MiniOzoneClusterImpl (MiniOzoneClusterImpl.java:lambda$waitForClusterToBeReady$0(180)) - Waiting for cluster to exit safe mode
2020-08-03 13:16:35,885 [pool-48-thread-1] INFO  server.RaftServerConfigKeys (ConfUtils.java:logGet(44)) - raft.server.log.force.sync.num = 128 (default)
2020-08-03 13:16:35,885 [pool-48-thread-1] INFO  server.RaftServerConfigKeys (ConfUtils.java:logGet(44)) - raft.server.log.statemachine.data.sync = true (default)
2020-08-03 13:16:35,885 [pool-48-thread-1] INFO  server.RaftServerConfigKeys (ConfUtils.java:logGet(44)) - raft.server.log.statemachine.data.sync.timeout = 10s (default)
2020-08-03 13:16:35,885 [pool-48-thread-1] INFO  server.RaftServerConfigKeys (ConfUtils.java:logGet(44)) - raft.server.log.statemachine.data.sync.timeout.retry = -1 (default)
2020-08-03 13:16:35,887 [pool-48-thread-1] INFO  server.RaftServerConfigKeys (ConfUtils.java:logGet(44)) - raft.server.log.statemachine.data.caching.enabled = true (custom)
2020-08-03 13:16:35,887 [pool-48-thread-1] INFO  segmented.SegmentedRaftLogWorker (SegmentedRaftLogWorker.java:lambda$new$0(129)) - 86f0f98e-23cf-4f3b-8199-5ed948c98077@group-73FFBB5AF31C-SegmentedRaftLogWorker: flushIndex: setUnconditionally 0 -> -1
2020-08-03 13:16:35,887 [pool-48-thread-1] INFO  segmented.SegmentedRaftLogWorker (SegmentedRaftLogWorker.java:lambda$new$0(129)) - 86f0f98e-23cf-4f3b-8199-5ed948c98077@group-73FFBB5AF31C-SegmentedRaftLogWorker: safeCacheEvictIndex: setUnconditionally 0 -> -1
2020-08-03 13:16:35,896 [pool-48-thread-1] INFO  server.RaftServerConfigKeys (ConfUtils.java:logGet(44)) - raft.server.snapshot.auto.trigger.enabled = true (custom)
2020-08-03 13:16:35,896 [pool-48-thread-1] INFO  server.RaftServerConfigKeys (ConfUtils.java:logGet(44)) - raft.server.snapshot.auto.trigger.threshold = 10000 (custom)
2020-08-03 13:16:35,896 [pool-48-thread-1] INFO  server.RaftServerConfigKeys (ConfUtils.java:logGet(44)) - raft.server.snapshot.retention.file.num = 5 (custom)
2020-08-03 13:16:35,896 [pool-48-thread-1] INFO  server.RaftServerConfigKeys (ConfUtils.java:logGet(44)) - raft.server.log.purge.upto.snapshot.index = false (default)
2020-08-03 13:16:35,896 [pool-48-thread-1] INFO  server.RaftServerConfigKeys (ConfUtils.java:logGet(44)) - raft.server.retrycache.expirytime = 600000ms (custom)
2020-08-03 13:16:35,896 [pool-48-thread-1] INFO  metrics.RatisMetrics (RatisMetrics.java:lambda$create$0(36)) - Creating Metrics Registry : ratis.leader_election.86f0f98e-23cf-4f3b-8199-5ed948c98077@group-73FFBB5AF31C
2020-08-03 13:16:35,896 [pool-48-thread-1] INFO  metrics.RatisMetrics (RatisMetrics.java:lambda$create$0(36)) - Creating Metrics Registry : ratis.server.86f0f98e-23cf-4f3b-8199-5ed948c98077@group-73FFBB5AF31C
2020-08-03 13:16:35,897 [pool-48-thread-1] INFO  impl.RaftServerImpl (RaftServerImpl.java:start(196)) - 86f0f98e-23cf-4f3b-8199-5ed948c98077@group-73FFBB5AF31C: start as a follower, conf=-1: [8eb359cf-ee67-4045-b6ec-0ab075cb664f:172.17.0.2:37433, 4e2fb976-3d8c-4aa0-85dc-e2a3a74bd48f:172.17.0.2:35669, 86f0f98e-23cf-4f3b-8199-5ed948c98077:172.17.0.2:40879], old=null
2020-08-03 13:16:35,897 [pool-48-thread-1] INFO  impl.RaftServerImpl (RaftServerImpl.java:setRole(185)) - 86f0f98e-23cf-4f3b-8199-5ed948c98077@group-73FFBB5AF31C: changes role from      null to FOLLOWER at term 0 for startAsFollower
2020-08-03 13:16:35,897 [pool-48-thread-1] INFO  impl.RoleInfo (RoleInfo.java:updateAndGet(143)) - 86f0f98e-23cf-4f3b-8199-5ed948c98077: start FollowerState
2020-08-03 13:16:35,908 [pool-48-thread-1] INFO  util.JmxRegister (JmxRegister.java:tryRegister(44)) - Successfully registered JMX Bean with object name Ratis:service=RaftServer,group=group-73FFBB5AF31C,id=86f0f98e-23cf-4f3b-8199-5ed948c98077
2020-08-03 13:16:35,908 [Command processor thread] INFO  impl.RaftServerProxy (RaftServerProxy.java:addNew(89)) - 8eb359cf-ee67-4045-b6ec-0ab075cb664f: addNew group-CB7FFA8C530F:[8eb359cf-ee67-4045-b6ec-0ab075cb664f:172.17.0.2:37433] returns group-CB7FFA8C530F:java.util.concurrent.CompletableFuture@7469432c[Not completed]
2020-08-03 13:16:35,912 [pool-48-thread-1] INFO  metrics.RatisMetrics (RatisMetrics.java:lambda$create$0(36)) - Creating Metrics Registry : ratis.state_machine.86f0f98e-23cf-4f3b-8199-5ed948c98077@group-73FFBB5AF31C
2020-08-03 13:16:35,950 [pool-63-thread-1] INFO  impl.RaftServerImpl (RaftServerImpl.java:<init>(107)) - 8eb359cf-ee67-4045-b6ec-0ab075cb664f: new RaftServerImpl for group-CB7FFA8C530F:[8eb359cf-ee67-4045-b6ec-0ab075cb664f:172.17.0.2:37433] with ContainerStateMachine:uninitialized
2020-08-03 13:16:35,952 [pool-63-thread-1] INFO  server.RaftServerConfigKeys (ConfUtils.java:logGet(44)) - raft.server.rpc.timeout.min = 5s (custom)
2020-08-03 13:16:35,952 [pool-63-thread-1] INFO  server.RaftServerConfigKeys (ConfUtils.java:logGet(44)) - raft.server.rpc.timeout.max = 5200ms (custom)
2020-08-03 13:16:35,952 [pool-63-thread-1] INFO  server.RaftServerConfigKeys (ConfUtils.java:logGet(44)) - raft.server.rpcslowness.timeout = 1000000ms (custom)
2020-08-03 13:16:35,952 [pool-63-thread-1] INFO  server.RaftServerConfigKeys (ConfUtils.java:logGet(44)) - raft.server.sleep.deviation.threshold = 300 (default)
2020-08-03 13:16:35,952 [pool-63-thread-1] INFO  server.RaftServerConfigKeys (ConfUtils.java:logGet(44)) - raft.server.log.appender.install.snapshot.enabled = false (custom)
2020-08-03 13:16:35,952 [pool-63-thread-1] INFO  impl.RaftServerImpl (ServerState.java:<init>(103)) - 8eb359cf-ee67-4045-b6ec-0ab075cb664f@group-CB7FFA8C530F: ConfigurationManager, init=-1: [8eb359cf-ee67-4045-b6ec-0ab075cb664f:172.17.0.2:37433], old=null, confs=<EMPTY_MAP>
2020-08-03 13:16:35,952 [pool-63-thread-1] INFO  server.RaftServerConfigKeys (ConfUtils.java:logGet(44)) - raft.server.storage.dir = [/github/workspace/mnt/ozone/hadoop-ozone/integration-test/target/test-dir/MiniOzoneClusterImpl-26b81ed5-7fce-4977-a58f-0134b52d8c65/datanode-2/data/ratis] (custom)
2020-08-03 13:16:35,953 [pool-63-thread-1] INFO  server.RaftServerConfigKeys (ConfUtils.java:logGet(44)) - raft.server.log.corruption.policy = EXCEPTION (default)
2020-08-03 13:16:35,953 [pool-63-thread-1] INFO  storage.RaftStorageDirectory (RaftStorageDirectory.java:analyzeStorage(261)) - The storage directory /github/workspace/mnt/ozone/hadoop-ozone/integration-test/target/test-dir/MiniOzoneClusterImpl-26b81ed5-7fce-4977-a58f-0134b52d8c65/datanode-2/data/ratis/714730e6-97e6-4c43-b0e0-cb7ffa8c530f does not exist. Creating ...
2020-08-03 13:16:35,958 [pool-63-thread-1] INFO  storage.RaftStorageDirectory (RaftStorageDirectory.java:tryLock(343)) - Lock on /github/workspace/mnt/ozone/hadoop-ozone/integration-test/target/test-dir/MiniOzoneClusterImpl-26b81ed5-7fce-4977-a58f-0134b52d8c65/datanode-2/data/ratis/714730e6-97e6-4c43-b0e0-cb7ffa8c530f/in_use.lock acquired by nodename 35108@21919eb6eecd
2020-08-03 13:16:35,960 [pool-63-thread-1] INFO  storage.RaftStorage (RaftStorage.java:format(84)) - Storage directory /github/workspace/mnt/ozone/hadoop-ozone/integration-test/target/test-dir/MiniOzoneClusterImpl-26b81ed5-7fce-4977-a58f-0134b52d8c65/datanode-2/data/ratis/714730e6-97e6-4c43-b0e0-cb7ffa8c530f has been successfully formatted.
2020-08-03 13:16:35,960 [pool-63-thread-1] INFO  ratis.ContainerStateMachine (ContainerStateMachine.java:loadSnapshot(225)) - group-CB7FFA8C530F: The snapshot info is null. Setting the last applied indexto:(t:0, i:~)
2020-08-03 13:16:35,960 [Datanode State Machine Thread - 0] WARN  statemachine.DatanodeStateMachine (DatanodeStateMachine.java:start(245)) - Interrupt the execution.
java.lang.InterruptedException: sleep interrupted
	at java.lang.Thread.sleep(Native Method)
	at org.apache.hadoop.ozone.container.common.statemachine.DatanodeStateMachine.start(DatanodeStateMachine.java:243)
	at org.apache.hadoop.ozone.container.common.statemachine.DatanodeStateMachine.lambda$startDaemon$0(DatanodeStateMachine.java:405)
	at java.lang.Thread.run(Thread.java:748)
2020-08-03 13:16:35,960 [pool-63-thread-1] INFO  server.RaftServerConfigKeys (ConfUtils.java:logGet(44)) - raft.server.notification.no-leader.timeout = 1000000ms (custom)
2020-08-03 13:16:35,961 [pool-63-thread-1] INFO  server.RaftServerConfigKeys (ConfUtils.java:logGet(44)) - raft.server.log.use.memory = false (default)
2020-08-03 13:16:35,961 [pool-63-thread-1] INFO  server.RaftServerConfigKeys (ConfUtils.java:logGet(44)) - raft.server.log.purge.gap = 1000000 (custom)
2020-08-03 13:16:35,961 [pool-63-thread-1] INFO  metrics.RatisMetrics (RatisMetrics.java:lambda$create$0(36)) - Creating Metrics Registry : ratis.log_worker.8eb359cf-ee67-4045-b6ec-0ab075cb664f@group-CB7FFA8C530F
2020-08-03 13:16:35,962 [pool-63-thread-1] INFO  server.RaftServerConfigKeys (ConfUtils.java:logGet(44)) - raft.server.log.appender.buffer.byte-limit = 33554432 (custom)
2020-08-03 13:16:35,962 [pool-63-thread-1] INFO  server.RaftServerConfigKeys (ConfUtils.java:logGet(44)) - raft.server.log.segment.size.max = 1048576 (custom)
2020-08-03 13:16:35,962 [EventQueue-PipelineReportForPipelineReportHandler] INFO  pipeline.PipelineStateManager (PipelineStateManager.java:openPipeline(131)) - Pipeline Pipeline[ Id: 714730e6-97e6-4c43-b0e0-cb7ffa8c530f, Nodes: 8eb359cf-ee67-4045-b6ec-0ab075cb664f{ip: 172.17.0.2, host: 21919eb6eecd, networkLocation: /default-rack, certSerialId: null}, Type:RATIS, Factor:ONE, State:ALLOCATED, leaderId:8eb359cf-ee67-4045-b6ec-0ab075cb664f, CreationTimestamp2020-08-03T13:16:32.895Z] moved to OPEN state
2020-08-03 13:16:35,962 [EventQueue-OpenPipelineForHealthyPipelineSafeModeRule] INFO  safemode.SCMSafeModeManager (HealthyPipelineSafeModeRule.java:process(129)) - SCM in safe mode. Healthy pipelines reported count is 0, required healthy pipeline reported count is 1
2020-08-03 13:16:35,962 [EventQueue-OpenPipelineForOneReplicaPipelineSafeModeRule] INFO  safemode.SCMSafeModeManager (SCMSafeModeManager.java:validateSafeModeExitRules(214)) - AtleastOneDatanodeReportedRule rule is successfully validated
2020-08-03 13:16:35,962 [pool-63-thread-1] INFO  server.RaftServerConfigKeys (ConfUtils.java:logGet(44)) - raft.server.log.segment.cache.num.max = 2 (custom)
2020-08-03 13:16:35,964 [pool-63-thread-1] INFO  segmented.SegmentedRaftLogWorker (SegmentedRaftLogWorker.java:<init>(180)) - new 8eb359cf-ee67-4045-b6ec-0ab075cb664f@group-CB7FFA8C530F-SegmentedRaftLogWorker for RaftStorage:Storage Directory /github/workspace/mnt/ozone/hadoop-ozone/integration-test/target/test-dir/MiniOzoneClusterImpl-26b81ed5-7fce-4977-a58f-0134b52d8c65/datanode-2/data/ratis/714730e6-97e6-4c43-b0e0-cb7ffa8c530f
2020-08-03 13:16:35,965 [pool-63-thread-1] INFO  server.RaftServerConfigKeys (ConfUtils.java:logGet(44)) - raft.server.log.queue.byte-limit = 2147483647 (custom)
2020-08-03 13:16:35,965 [pool-63-thread-1] INFO  server.RaftServerConfigKeys (ConfUtils.java:logGet(44)) - raft.server.log.queue.element-limit = 1024 (custom)
2020-08-03 13:16:35,965 [pool-63-thread-1] INFO  server.RaftServerConfigKeys (ConfUtils.java:logGet(44)) - raft.server.log.segment.size.max = 1048576 (custom)
2020-08-03 13:16:35,965 [pool-63-thread-1] INFO  server.RaftServerConfigKeys (ConfUtils.java:logGet(44)) - raft.server.log.preallocated.size = 16384 (custom)
2020-08-03 13:16:35,965 [pool-63-thread-1] INFO  server.RaftServerConfigKeys (ConfUtils.java:logGet(44)) - raft.server.log.write.buffer.size = 1048576 (custom)
2020-08-03 13:16:35,965 [pool-63-thread-1] INFO  server.RaftServerConfigKeys (ConfUtils.java:logGet(44)) - raft.server.log.force.sync.num = 128 (default)
2020-08-03 13:16:35,965 [pool-63-thread-1] INFO  server.RaftServerConfigKeys (ConfUtils.java:logGet(44)) - raft.server.log.statemachine.data.sync = true (default)
2020-08-03 13:16:35,965 [pool-63-thread-1] INFO  server.RaftServerConfigKeys (ConfUtils.java:logGet(44)) - raft.server.log.statemachine.data.sync.timeout = 10s (default)
2020-08-03 13:16:35,965 [pool-63-thread-1] INFO  server.RaftServerConfigKeys (ConfUtils.java:logGet(44)) - raft.server.log.statemachine.data.sync.timeout.retry = -1 (default)
2020-08-03 13:16:35,967 [pool-63-thread-1] INFO  server.RaftServerConfigKeys (ConfUtils.java:logGet(44)) - raft.server.log.statemachine.data.caching.enabled = true (custom)
2020-08-03 13:16:35,967 [pool-63-thread-1] INFO  segmented.SegmentedRaftLogWorker (SegmentedRaftLogWorker.java:lambda$new$0(129)) - 8eb359cf-ee67-4045-b6ec-0ab075cb664f@group-CB7FFA8C530F-SegmentedRaftLogWorker: flushIndex: setUnconditionally 0 -> -1
2020-08-03 13:16:35,967 [pool-63-thread-1] INFO  segmented.SegmentedRaftLogWorker (SegmentedRaftLogWorker.java:lambda$new$0(129)) - 8eb359cf-ee67-4045-b6ec-0ab075cb664f@group-CB7FFA8C530F-SegmentedRaftLogWorker: safeCacheEvictIndex: setUnconditionally 0 -> -1
2020-08-03 13:16:35,967 [pool-63-thread-1] INFO  server.RaftServerConfigKeys (ConfUtils.java:logGet(44)) - raft.server.snapshot.auto.trigger.enabled = true (custom)
2020-08-03 13:16:35,967 [pool-63-thread-1] INFO  server.RaftServerConfigKeys (ConfUtils.java:logGet(44)) - raft.server.snapshot.auto.trigger.threshold = 10000 (custom)
2020-08-03 13:16:35,967 [pool-63-thread-1] INFO  server.RaftServerConfigKeys (ConfUtils.java:logGet(44)) - raft.server.snapshot.retention.file.num = 5 (custom)
2020-08-03 13:16:35,968 [pool-63-thread-1] INFO  server.RaftServerConfigKeys (ConfUtils.java:logGet(44)) - raft.server.log.purge.upto.snapshot.index = false (default)
2020-08-03 13:16:35,968 [pool-63-thread-1] INFO  server.RaftServerConfigKeys (ConfUtils.java:logGet(44)) - raft.server.retrycache.expirytime = 600000ms (custom)
2020-08-03 13:16:35,968 [pool-63-thread-1] INFO  metrics.RatisMetrics (RatisMetrics.java:lambda$create$0(36)) - Creating Metrics Registry : ratis.leader_election.8eb359cf-ee67-4045-b6ec-0ab075cb664f@group-CB7FFA8C530F
2020-08-03 13:16:35,968 [pool-63-thread-1] INFO  metrics.RatisMetrics (RatisMetrics.java:lambda$create$0(36)) - Creating Metrics Registry : ratis.server.8eb359cf-ee67-4045-b6ec-0ab075cb664f@group-CB7FFA8C530F
2020-08-03 13:16:35,969 [pool-63-thread-1] INFO  impl.RaftServerImpl (RaftServerImpl.java:start(196)) - 8eb359cf-ee67-4045-b6ec-0ab075cb664f@group-CB7FFA8C530F: start as a follower, conf=-1: [8eb359cf-ee67-4045-b6ec-0ab075cb664f:172.17.0.2:37433], old=null
2020-08-03 13:16:35,969 [pool-63-thread-1] INFO  impl.RaftServerImpl (RaftServerImpl.java:setRole(185)) - 8eb359cf-ee67-4045-b6ec-0ab075cb664f@group-CB7FFA8C530F: changes role from      null to FOLLOWER at term 0 for startAsFollower
2020-08-03 13:16:35,969 [pool-63-thread-1] INFO  impl.RoleInfo (RoleInfo.java:updateAndGet(143)) - 8eb359cf-ee67-4045-b6ec-0ab075cb664f: start FollowerState
2020-08-03 13:16:35,969 [pool-63-thread-1] INFO  util.JmxRegister (JmxRegister.java:tryRegister(44)) - Successfully registered JMX Bean with object name Ratis:service=RaftServer,group=group-CB7FFA8C530F,id=8eb359cf-ee67-4045-b6ec-0ab075cb664f
2020-08-03 13:16:35,970 [pool-63-thread-1] INFO  metrics.RatisMetrics (RatisMetrics.java:lambda$create$0(36)) - Creating Metrics Registry : ratis.state_machine.8eb359cf-ee67-4045-b6ec-0ab075cb664f@group-CB7FFA8C530F
2020-08-03 13:16:35,970 [Command processor thread] INFO  commandhandler.CreatePipelineCommandHandler (CreatePipelineCommandHandler.java:handle(110)) - Created Pipeline RATIS ONE #id: "714730e6-97e6-4c43-b0e0-cb7ffa8c530f"
uuid128 {
  mostSigBits: 8162546616581377091
  leastSigBits: -5701333377726262513
}
.
2020-08-03 13:16:35,971 [Command processor thread] INFO  impl.RaftServerProxy (RaftServerProxy.java:addNew(89)) - 8eb359cf-ee67-4045-b6ec-0ab075cb664f: addNew group-73FFBB5AF31C:[8eb359cf-ee67-4045-b6ec-0ab075cb664f:172.17.0.2:37433, 4e2fb976-3d8c-4aa0-85dc-e2a3a74bd48f:172.17.0.2:35669, 86f0f98e-23cf-4f3b-8199-5ed948c98077:172.17.0.2:40879] returns group-73FFBB5AF31C:java.util.concurrent.CompletableFuture@7056c979[Not completed]
2020-08-03 13:16:35,972 [pool-63-thread-1] INFO  impl.RaftServerImpl (RaftServerImpl.java:<init>(107)) - 8eb359cf-ee67-4045-b6ec-0ab075cb664f: new RaftServerImpl for group-73FFBB5AF31C:[8eb359cf-ee67-4045-b6ec-0ab075cb664f:172.17.0.2:37433, 4e2fb976-3d8c-4aa0-85dc-e2a3a74bd48f:172.17.0.2:35669, 86f0f98e-23cf-4f3b-8199-5ed948c98077:172.17.0.2:40879] with ContainerStateMachine:uninitialized
2020-08-03 13:16:35,972 [pool-63-thread-1] INFO  server.RaftServerConfigKeys (ConfUtils.java:logGet(44)) - raft.server.rpc.timeout.min = 5s (custom)
2020-08-03 13:16:35,972 [pool-63-thread-1] INFO  server.RaftServerConfigKeys (ConfUtils.java:logGet(44)) - raft.server.rpc.timeout.max = 5200ms (custom)
2020-08-03 13:16:35,972 [pool-63-thread-1] INFO  server.RaftServerConfigKeys (ConfUtils.java:logGet(44)) - raft.server.rpcslowness.timeout = 1000000ms (custom)
2020-08-03 13:16:35,972 [pool-63-thread-1] INFO  server.RaftServerConfigKeys (ConfUtils.java:logGet(44)) - raft.server.sleep.deviation.threshold = 300 (default)
2020-08-03 13:16:35,972 [pool-63-thread-1] INFO  server.RaftServerConfigKeys (ConfUtils.java:logGet(44)) - raft.server.log.appender.install.snapshot.enabled = false (custom)
2020-08-03 13:16:35,972 [pool-63-thread-1] INFO  impl.RaftServerImpl (ServerState.java:<init>(103)) - 8eb359cf-ee67-4045-b6ec-0ab075cb664f@group-73FFBB5AF31C: ConfigurationManager, init=-1: [8eb359cf-ee67-4045-b6ec-0ab075cb664f:172.17.0.2:37433, 4e2fb976-3d8c-4aa0-85dc-e2a3a74bd48f:172.17.0.2:35669, 86f0f98e-23cf-4f3b-8199-5ed948c98077:172.17.0.2:40879], old=null, confs=<EMPTY_MAP>
2020-08-03 13:16:35,973 [pool-63-thread-1] INFO  server.RaftServerConfigKeys (ConfUtils.java:logGet(44)) - raft.server.storage.dir = [/github/workspace/mnt/ozone/hadoop-ozone/integration-test/target/test-dir/MiniOzoneClusterImpl-26b81ed5-7fce-4977-a58f-0134b52d8c65/datanode-2/data/ratis] (custom)
2020-08-03 13:16:35,973 [pool-63-thread-1] INFO  server.RaftServerConfigKeys (ConfUtils.java:logGet(44)) - raft.server.log.corruption.policy = EXCEPTION (default)
2020-08-03 13:16:35,973 [pool-63-thread-1] INFO  storage.RaftStorageDirectory (RaftStorageDirectory.java:analyzeStorage(261)) - The storage directory /github/workspace/mnt/ozone/hadoop-ozone/integration-test/target/test-dir/MiniOzoneClusterImpl-26b81ed5-7fce-4977-a58f-0134b52d8c65/datanode-2/data/ratis/e0846cd6-5e87-404c-a762-73ffbb5af31c does not exist. Creating ...
2020-08-03 13:16:35,974 [pool-63-thread-1] INFO  storage.RaftStorageDirectory (RaftStorageDirectory.java:tryLock(343)) - Lock on /github/workspace/mnt/ozone/hadoop-ozone/integration-test/target/test-dir/MiniOzoneClusterImpl-26b81ed5-7fce-4977-a58f-0134b52d8c65/datanode-2/data/ratis/e0846cd6-5e87-404c-a762-73ffbb5af31c/in_use.lock acquired by nodename 35108@21919eb6eecd
2020-08-03 13:16:35,975 [pool-63-thread-1] INFO  storage.RaftStorage (RaftStorage.java:format(84)) - Storage directory /github/workspace/mnt/ozone/hadoop-ozone/integration-test/target/test-dir/MiniOzoneClusterImpl-26b81ed5-7fce-4977-a58f-0134b52d8c65/datanode-2/data/ratis/e0846cd6-5e87-404c-a762-73ffbb5af31c has been successfully formatted.
2020-08-03 13:16:35,976 [pool-63-thread-1] INFO  ratis.ContainerStateMachine (ContainerStateMachine.java:loadSnapshot(225)) - group-73FFBB5AF31C: The snapshot info is null. Setting the last applied indexto:(t:0, i:~)
2020-08-03 13:16:35,976 [Datanode State Machine Thread - 0] WARN  statemachine.DatanodeStateMachine (DatanodeStateMachine.java:start(245)) - Interrupt the execution.
java.lang.InterruptedException: sleep interrupted
	at java.lang.Thread.sleep(Native Method)
	at org.apache.hadoop.ozone.container.common.statemachine.DatanodeStateMachine.start(DatanodeStateMachine.java:243)
	at org.apache.hadoop.ozone.container.common.statemachine.DatanodeStateMachine.lambda$startDaemon$0(DatanodeStateMachine.java:405)
	at java.lang.Thread.run(Thread.java:748)
2020-08-03 13:16:35,976 [pool-63-thread-1] INFO  server.RaftServerConfigKeys (ConfUtils.java:logGet(44)) - raft.server.notification.no-leader.timeout = 1000000ms (custom)
2020-08-03 13:16:35,977 [pool-63-thread-1] INFO  server.RaftServerConfigKeys (ConfUtils.java:logGet(44)) - raft.server.log.use.memory = false (default)
2020-08-03 13:16:35,978 [pool-63-thread-1] INFO  server.RaftServerConfigKeys (ConfUtils.java:logGet(44)) - raft.server.log.purge.gap = 1000000 (custom)
2020-08-03 13:16:35,978 [pool-63-thread-1] INFO  metrics.RatisMetrics (RatisMetrics.java:lambda$create$0(36)) - Creating Metrics Registry : ratis.log_worker.8eb359cf-ee67-4045-b6ec-0ab075cb664f@group-73FFBB5AF31C
2020-08-03 13:16:35,978 [pool-63-thread-1] INFO  server.RaftServerConfigKeys (ConfUtils.java:logGet(44)) - raft.server.log.appender.buffer.byte-limit = 33554432 (custom)
2020-08-03 13:16:35,978 [pool-63-thread-1] INFO  server.RaftServerConfigKeys (ConfUtils.java:logGet(44)) - raft.server.log.segment.size.max = 1048576 (custom)
2020-08-03 13:16:35,978 [pool-63-thread-1] INFO  server.RaftServerConfigKeys (ConfUtils.java:logGet(44)) - raft.server.log.segment.cache.num.max = 2 (custom)
2020-08-03 13:16:35,978 [pool-63-thread-1] INFO  segmented.SegmentedRaftLogWorker (SegmentedRaftLogWorker.java:<init>(180)) - new 8eb359cf-ee67-4045-b6ec-0ab075cb664f@group-73FFBB5AF31C-SegmentedRaftLogWorker for RaftStorage:Storage Directory /github/workspace/mnt/ozone/hadoop-ozone/integration-test/target/test-dir/MiniOzoneClusterImpl-26b81ed5-7fce-4977-a58f-0134b52d8c65/datanode-2/data/ratis/e0846cd6-5e87-404c-a762-73ffbb5af31c
2020-08-03 13:16:35,979 [pool-63-thread-1] INFO  server.RaftServerConfigKeys (ConfUtils.java:logGet(44)) - raft.server.log.queue.byte-limit = 2147483647 (custom)
2020-08-03 13:16:35,979 [pool-63-thread-1] INFO  server.RaftServerConfigKeys (ConfUtils.java:logGet(44)) - raft.server.log.queue.element-limit = 1024 (custom)
2020-08-03 13:16:35,979 [pool-63-thread-1] INFO  server.RaftServerConfigKeys (ConfUtils.java:logGet(44)) - raft.server.log.segment.size.max = 1048576 (custom)
2020-08-03 13:16:35,979 [pool-63-thread-1] INFO  server.RaftServerConfigKeys (ConfUtils.java:logGet(44)) - raft.server.log.preallocated.size = 16384 (custom)
2020-08-03 13:16:35,979 [pool-63-thread-1] INFO  server.RaftServerConfigKeys (ConfUtils.java:logGet(44)) - raft.server.log.write.buffer.size = 1048576 (custom)
2020-08-03 13:16:35,979 [pool-63-thread-1] INFO  server.RaftServerConfigKeys (ConfUtils.java:logGet(44)) - raft.server.log.force.sync.num = 128 (default)
2020-08-03 13:16:35,979 [pool-63-thread-1] INFO  server.RaftServerConfigKeys (ConfUtils.java:logGet(44)) - raft.server.log.statemachine.data.sync = true (default)
2020-08-03 13:16:35,979 [pool-63-thread-1] INFO  server.RaftServerConfigKeys (ConfUtils.java:logGet(44)) - raft.server.log.statemachine.data.sync.timeout = 10s (default)
2020-08-03 13:16:35,979 [pool-63-thread-1] INFO  server.RaftServerConfigKeys (ConfUtils.java:logGet(44)) - raft.server.log.statemachine.data.sync.timeout.retry = -1 (default)
2020-08-03 13:16:35,981 [pool-63-thread-1] INFO  server.RaftServerConfigKeys (ConfUtils.java:logGet(44)) - raft.server.log.statemachine.data.caching.enabled = true (custom)
2020-08-03 13:16:35,982 [pool-63-thread-1] INFO  segmented.SegmentedRaftLogWorker (SegmentedRaftLogWorker.java:lambda$new$0(129)) - 8eb359cf-ee67-4045-b6ec-0ab075cb664f@group-73FFBB5AF31C-SegmentedRaftLogWorker: flushIndex: setUnconditionally 0 -> -1
2020-08-03 13:16:35,982 [pool-63-thread-1] INFO  segmented.SegmentedRaftLogWorker (SegmentedRaftLogWorker.java:lambda$new$0(129)) - 8eb359cf-ee67-4045-b6ec-0ab075cb664f@group-73FFBB5AF31C-SegmentedRaftLogWorker: safeCacheEvictIndex: setUnconditionally 0 -> -1
2020-08-03 13:16:35,982 [pool-63-thread-1] INFO  server.RaftServerConfigKeys (ConfUtils.java:logGet(44)) - raft.server.snapshot.auto.trigger.enabled = true (custom)
2020-08-03 13:16:35,982 [pool-63-thread-1] INFO  server.RaftServerConfigKeys (ConfUtils.java:logGet(44)) - raft.server.snapshot.auto.trigger.threshold = 10000 (custom)
2020-08-03 13:16:35,982 [pool-63-thread-1] INFO  server.RaftServerConfigKeys (ConfUtils.java:logGet(44)) - raft.server.snapshot.retention.file.num = 5 (custom)
2020-08-03 13:16:35,982 [pool-63-thread-1] INFO  server.RaftServerConfigKeys (ConfUtils.java:logGet(44)) - raft.server.log.purge.upto.snapshot.index = false (default)
2020-08-03 13:16:35,982 [pool-63-thread-1] INFO  server.RaftServerConfigKeys (ConfUtils.java:logGet(44)) - raft.server.retrycache.expirytime = 600000ms (custom)
2020-08-03 13:16:35,983 [pool-63-thread-1] INFO  metrics.RatisMetrics (RatisMetrics.java:lambda$create$0(36)) - Creating Metrics Registry : ratis.leader_election.8eb359cf-ee67-4045-b6ec-0ab075cb664f@group-73FFBB5AF31C
2020-08-03 13:16:35,983 [pool-63-thread-1] INFO  metrics.RatisMetrics (RatisMetrics.java:lambda$create$0(36)) - Creating Metrics Registry : ratis.server.8eb359cf-ee67-4045-b6ec-0ab075cb664f@group-73FFBB5AF31C
2020-08-03 13:16:35,984 [pool-63-thread-1] INFO  impl.RaftServerImpl (RaftServerImpl.java:start(196)) - 8eb359cf-ee67-4045-b6ec-0ab075cb664f@group-73FFBB5AF31C: start as a follower, conf=-1: [8eb359cf-ee67-4045-b6ec-0ab075cb664f:172.17.0.2:37433, 4e2fb976-3d8c-4aa0-85dc-e2a3a74bd48f:172.17.0.2:35669, 86f0f98e-23cf-4f3b-8199-5ed948c98077:172.17.0.2:40879], old=null
2020-08-03 13:16:35,984 [pool-63-thread-1] INFO  impl.RaftServerImpl (RaftServerImpl.java:setRole(185)) - 8eb359cf-ee67-4045-b6ec-0ab075cb664f@group-73FFBB5AF31C: changes role from      null to FOLLOWER at term 0 for startAsFollower
2020-08-03 13:16:35,984 [pool-63-thread-1] INFO  impl.RoleInfo (RoleInfo.java:updateAndGet(143)) - 8eb359cf-ee67-4045-b6ec-0ab075cb664f: start FollowerState
2020-08-03 13:16:35,986 [pool-63-thread-1] INFO  util.JmxRegister (JmxRegister.java:tryRegister(44)) - Successfully registered JMX Bean with object name Ratis:service=RaftServer,group=group-73FFBB5AF31C,id=8eb359cf-ee67-4045-b6ec-0ab075cb664f
2020-08-03 13:16:35,986 [pool-63-thread-1] INFO  metrics.RatisMetrics (RatisMetrics.java:lambda$create$0(36)) - Creating Metrics Registry : ratis.state_machine.8eb359cf-ee67-4045-b6ec-0ab075cb664f@group-73FFBB5AF31C
2020-08-03 13:16:36,611 [Command processor thread] INFO  commandhandler.CreatePipelineCommandHandler (CreatePipelineCommandHandler.java:handle(110)) - Created Pipeline RATIS THREE #id: "e0846cd6-5e87-404c-a762-73ffbb5af31c"
uuid128 {
  mostSigBits: -2268568644323164084
  leastSigBits: -6385413779460787428
}
.
2020-08-03 13:16:36,617 [Command processor thread] INFO  commandhandler.CreatePipelineCommandHandler (CreatePipelineCommandHandler.java:handle(110)) - Created Pipeline RATIS THREE #id: "e0846cd6-5e87-404c-a762-73ffbb5af31c"
uuid128 {
  mostSigBits: -2268568644323164084
  leastSigBits: -6385413779460787428
}
.
2020-08-03 13:16:36,619 [Command processor thread] INFO  commandhandler.CreatePipelineCommandHandler (CreatePipelineCommandHandler.java:handle(110)) - Created Pipeline RATIS THREE #id: "e0846cd6-5e87-404c-a762-73ffbb5af31c"
uuid128 {
  mostSigBits: -2268568644323164084
  leastSigBits: -6385413779460787428
}
.
2020-08-03 13:16:36,885 [Listener at 127.0.0.1/33105] INFO  ozone.MiniOzoneClusterImpl (MiniOzoneClusterImpl.java:lambda$waitForClusterToBeReady$0(177)) - Nodes are ready. Got 3 of 3 DN Heartbeats.
2020-08-03 13:16:36,886 [Listener at 127.0.0.1/33105] INFO  ozone.MiniOzoneClusterImpl (MiniOzoneClusterImpl.java:lambda$waitForClusterToBeReady$0(180)) - Waiting for cluster to exit safe mode
2020-08-03 13:16:37,886 [Listener at 127.0.0.1/33105] INFO  ozone.MiniOzoneClusterImpl (MiniOzoneClusterImpl.java:lambda$waitForClusterToBeReady$0(177)) - Nodes are ready. Got 3 of 3 DN Heartbeats.
2020-08-03 13:16:37,886 [Listener at 127.0.0.1/33105] INFO  ozone.MiniOzoneClusterImpl (MiniOzoneClusterImpl.java:lambda$waitForClusterToBeReady$0(180)) - Waiting for cluster to exit safe mode
2020-08-03 13:16:38,886 [Listener at 127.0.0.1/33105] INFO  ozone.MiniOzoneClusterImpl (MiniOzoneClusterImpl.java:lambda$waitForClusterToBeReady$0(177)) - Nodes are ready. Got 3 of 3 DN Heartbeats.
2020-08-03 13:16:38,886 [Listener at 127.0.0.1/33105] INFO  ozone.MiniOzoneClusterImpl (MiniOzoneClusterImpl.java:lambda$waitForClusterToBeReady$0(180)) - Waiting for cluster to exit safe mode
2020-08-03 13:16:39,887 [Listener at 127.0.0.1/33105] INFO  ozone.MiniOzoneClusterImpl (MiniOzoneClusterImpl.java:lambda$waitForClusterToBeReady$0(177)) - Nodes are ready. Got 3 of 3 DN Heartbeats.
2020-08-03 13:16:39,887 [Listener at 127.0.0.1/33105] INFO  ozone.MiniOzoneClusterImpl (MiniOzoneClusterImpl.java:lambda$waitForClusterToBeReady$0(180)) - Waiting for cluster to exit safe mode
2020-08-03 13:16:40,862 [Thread-192] INFO  impl.FollowerState (FollowerState.java:run(108)) - 4e2fb976-3d8c-4aa0-85dc-e2a3a74bd48f@group-42AB510F3FB9-FollowerState: change to CANDIDATE, lastRpcTime:5148ms, electionTimeout:5141ms
2020-08-03 13:16:40,864 [Thread-192] INFO  impl.RoleInfo (RoleInfo.java:shutdownFollowerState(121)) - 4e2fb976-3d8c-4aa0-85dc-e2a3a74bd48f: shutdown FollowerState
2020-08-03 13:16:40,865 [Thread-192] INFO  impl.RaftServerImpl (RaftServerImpl.java:setRole(185)) - 4e2fb976-3d8c-4aa0-85dc-e2a3a74bd48f@group-42AB510F3FB9: changes role from  FOLLOWER to CANDIDATE at term 0 for changeToCandidate
2020-08-03 13:16:40,866 [Thread-197] INFO  impl.FollowerState (FollowerState.java:run(108)) - 86f0f98e-23cf-4f3b-8199-5ed948c98077@group-611680DB3C11-FollowerState: change to CANDIDATE, lastRpcTime:5019ms, electionTimeout:5011ms
2020-08-03 13:16:40,867 [Thread-197] INFO  impl.RoleInfo (RoleInfo.java:shutdownFollowerState(121)) - 86f0f98e-23cf-4f3b-8199-5ed948c98077: shutdown FollowerState
2020-08-03 13:16:40,867 [Thread-197] INFO  impl.RaftServerImpl (RaftServerImpl.java:setRole(185)) - 86f0f98e-23cf-4f3b-8199-5ed948c98077@group-611680DB3C11: changes role from  FOLLOWER to CANDIDATE at term 0 for changeToCandidate
2020-08-03 13:16:40,869 [Thread-192] INFO  impl.RoleInfo (RoleInfo.java:updateAndGet(143)) - 4e2fb976-3d8c-4aa0-85dc-e2a3a74bd48f: start LeaderElection
2020-08-03 13:16:40,869 [Thread-197] INFO  impl.RoleInfo (RoleInfo.java:updateAndGet(143)) - 86f0f98e-23cf-4f3b-8199-5ed948c98077: start LeaderElection
2020-08-03 13:16:40,879 [4e2fb976-3d8c-4aa0-85dc-e2a3a74bd48f@group-42AB510F3FB9-LeaderElection1] INFO  impl.LeaderElection (LeaderElection.java:askForVotes(209)) - 4e2fb976-3d8c-4aa0-85dc-e2a3a74bd48f@group-42AB510F3FB9-LeaderElection1: begin an election at term 1 for -1: [4e2fb976-3d8c-4aa0-85dc-e2a3a74bd48f:172.17.0.2:35669], old=null
2020-08-03 13:16:40,880 [4e2fb976-3d8c-4aa0-85dc-e2a3a74bd48f@group-42AB510F3FB9-LeaderElection1] INFO  impl.RoleInfo (RoleInfo.java:shutdownLeaderElection(134)) - 4e2fb976-3d8c-4aa0-85dc-e2a3a74bd48f: shutdown LeaderElection
2020-08-03 13:16:40,880 [4e2fb976-3d8c-4aa0-85dc-e2a3a74bd48f@group-42AB510F3FB9-LeaderElection1] INFO  impl.RaftServerImpl (RaftServerImpl.java:setRole(185)) - 4e2fb976-3d8c-4aa0-85dc-e2a3a74bd48f@group-42AB510F3FB9: changes role from CANDIDATE to LEADER at term 1 for changeToLeader
2020-08-03 13:16:40,881 [4e2fb976-3d8c-4aa0-85dc-e2a3a74bd48f@group-42AB510F3FB9-LeaderElection1] INFO  ratis.XceiverServerRatis (XceiverServerRatis.java:handleLeaderChangedNotification(822)) - Leader change notification received for group: group-42AB510F3FB9 with new leaderId: 4e2fb976-3d8c-4aa0-85dc-e2a3a74bd48f
2020-08-03 13:16:40,881 [Datanode State Machine Thread - 0] WARN  statemachine.DatanodeStateMachine (DatanodeStateMachine.java:start(245)) - Interrupt the execution.
java.lang.InterruptedException: sleep interrupted
	at java.lang.Thread.sleep(Native Method)
	at org.apache.hadoop.ozone.container.common.statemachine.DatanodeStateMachine.start(DatanodeStateMachine.java:243)
	at org.apache.hadoop.ozone.container.common.statemachine.DatanodeStateMachine.lambda$startDaemon$0(DatanodeStateMachine.java:405)
	at java.lang.Thread.run(Thread.java:748)
2020-08-03 13:16:40,881 [4e2fb976-3d8c-4aa0-85dc-e2a3a74bd48f@group-42AB510F3FB9-LeaderElection1] INFO  impl.RaftServerImpl (ServerState.java:setLeader(255)) - 4e2fb976-3d8c-4aa0-85dc-e2a3a74bd48f@group-42AB510F3FB9: change Leader from null to 4e2fb976-3d8c-4aa0-85dc-e2a3a74bd48f at term 1 for becomeLeader, leader elected after 5281ms
2020-08-03 13:16:40,886 [4e2fb976-3d8c-4aa0-85dc-e2a3a74bd48f@group-42AB510F3FB9-LeaderElection1] INFO  server.RaftServerConfigKeys (ConfUtils.java:logGet(44)) - raft.server.staging.catchup.gap = 1000 (default)
2020-08-03 13:16:40,886 [4e2fb976-3d8c-4aa0-85dc-e2a3a74bd48f@group-42AB510F3FB9-LeaderElection1] INFO  server.RaftServerConfigKeys (ConfUtils.java:logGet(44)) - raft.server.rpc.sleep.time = 25ms (default)
2020-08-03 13:16:40,887 [Listener at 127.0.0.1/33105] INFO  ozone.MiniOzoneClusterImpl (MiniOzoneClusterImpl.java:lambda$waitForClusterToBeReady$0(177)) - Nodes are ready. Got 3 of 3 DN Heartbeats.
2020-08-03 13:16:40,887 [Listener at 127.0.0.1/33105] INFO  ozone.MiniOzoneClusterImpl (MiniOzoneClusterImpl.java:lambda$waitForClusterToBeReady$0(180)) - Waiting for cluster to exit safe mode
2020-08-03 13:16:40,888 [86f0f98e-23cf-4f3b-8199-5ed948c98077@group-611680DB3C11-LeaderElection2] INFO  impl.LeaderElection (LeaderElection.java:askForVotes(209)) - 86f0f98e-23cf-4f3b-8199-5ed948c98077@group-611680DB3C11-LeaderElection2: begin an election at term 1 for -1: [86f0f98e-23cf-4f3b-8199-5ed948c98077:172.17.0.2:40879], old=null
2020-08-03 13:16:40,890 [86f0f98e-23cf-4f3b-8199-5ed948c98077@group-611680DB3C11-LeaderElection2] INFO  impl.RoleInfo (RoleInfo.java:shutdownLeaderElection(134)) - 86f0f98e-23cf-4f3b-8199-5ed948c98077: shutdown LeaderElection
2020-08-03 13:16:40,890 [86f0f98e-23cf-4f3b-8199-5ed948c98077@group-611680DB3C11-LeaderElection2] INFO  impl.RaftServerImpl (RaftServerImpl.java:setRole(185)) - 86f0f98e-23cf-4f3b-8199-5ed948c98077@group-611680DB3C11: changes role from CANDIDATE to LEADER at term 1 for changeToLeader
2020-08-03 13:16:40,890 [86f0f98e-23cf-4f3b-8199-5ed948c98077@group-611680DB3C11-LeaderElection2] INFO  ratis.XceiverServerRatis (XceiverServerRatis.java:handleLeaderChangedNotification(822)) - Leader change notification received for group: group-611680DB3C11 with new leaderId: 86f0f98e-23cf-4f3b-8199-5ed948c98077
2020-08-03 13:16:40,890 [Datanode State Machine Thread - 0] WARN  statemachine.DatanodeStateMachine (DatanodeStateMachine.java:start(245)) - Interrupt the execution.
java.lang.InterruptedException: sleep interrupted
	at java.lang.Thread.sleep(Native Method)
	at org.apache.hadoop.ozone.container.common.statemachine.DatanodeStateMachine.start(DatanodeStateMachine.java:243)
	at org.apache.hadoop.ozone.container.common.statemachine.DatanodeStateMachine.lambda$startDaemon$0(DatanodeStateMachine.java:405)
	at java.lang.Thread.run(Thread.java:748)
2020-08-03 13:16:40,891 [86f0f98e-23cf-4f3b-8199-5ed948c98077@group-611680DB3C11-LeaderElection2] INFO  impl.RaftServerImpl (ServerState.java:setLeader(255)) - 86f0f98e-23cf-4f3b-8199-5ed948c98077@group-611680DB3C11: change Leader from null to 86f0f98e-23cf-4f3b-8199-5ed948c98077 at term 1 for becomeLeader, leader elected after 5067ms
2020-08-03 13:16:40,891 [86f0f98e-23cf-4f3b-8199-5ed948c98077@group-611680DB3C11-LeaderElection2] INFO  server.RaftServerConfigKeys (ConfUtils.java:logGet(44)) - raft.server.staging.catchup.gap = 1000 (default)
2020-08-03 13:16:40,891 [86f0f98e-23cf-4f3b-8199-5ed948c98077@group-611680DB3C11-LeaderElection2] INFO  server.RaftServerConfigKeys (ConfUtils.java:logGet(44)) - raft.server.rpc.sleep.time = 25ms (default)
2020-08-03 13:16:40,896 [86f0f98e-23cf-4f3b-8199-5ed948c98077@group-611680DB3C11-LeaderElection2] INFO  metrics.RatisMetrics (RatisMetrics.java:lambda$create$0(36)) - Creating Metrics Registry : ratis.log_appender.86f0f98e-23cf-4f3b-8199-5ed948c98077@group-611680DB3C11
2020-08-03 13:16:40,896 [4e2fb976-3d8c-4aa0-85dc-e2a3a74bd48f@group-42AB510F3FB9-LeaderElection1] INFO  metrics.RatisMetrics (RatisMetrics.java:lambda$create$0(36)) - Creating Metrics Registry : ratis.log_appender.4e2fb976-3d8c-4aa0-85dc-e2a3a74bd48f@group-42AB510F3FB9
2020-08-03 13:16:40,897 [86f0f98e-23cf-4f3b-8199-5ed948c98077@group-611680DB3C11-LeaderElection2] INFO  server.RaftServerConfigKeys (ConfUtils.java:logGet(44)) - raft.server.write.element-limit = 1024 (custom)
2020-08-03 13:16:40,897 [4e2fb976-3d8c-4aa0-85dc-e2a3a74bd48f@group-42AB510F3FB9-LeaderElection1] INFO  server.RaftServerConfigKeys (ConfUtils.java:logGet(44)) - raft.server.write.element-limit = 1024 (custom)
2020-08-03 13:16:40,898 [86f0f98e-23cf-4f3b-8199-5ed948c98077@group-611680DB3C11-LeaderElection2] INFO  server.RaftServerConfigKeys (ConfUtils.java:logGet(44)) - raft.server.write.byte-limit = 1073741824 (custom)
2020-08-03 13:16:40,898 [4e2fb976-3d8c-4aa0-85dc-e2a3a74bd48f@group-42AB510F3FB9-LeaderElection1] INFO  server.RaftServerConfigKeys (ConfUtils.java:logGet(44)) - raft.server.write.byte-limit = 1073741824 (custom)
2020-08-03 13:16:40,907 [4e2fb976-3d8c-4aa0-85dc-e2a3a74bd48f@group-42AB510F3FB9-LeaderElection1] INFO  server.RaftServerConfigKeys (ConfUtils.java:logGet(44)) - raft.server.watch.timeout = 3000ms (custom)
2020-08-03 13:16:40,907 [4e2fb976-3d8c-4aa0-85dc-e2a3a74bd48f@group-42AB510F3FB9-LeaderElection1] INFO  server.RaftServerConfigKeys (ConfUtils.java:logGet(44)) - raft.server.watch.timeout.denomination = 1s (default)
2020-08-03 13:16:40,907 [4e2fb976-3d8c-4aa0-85dc-e2a3a74bd48f@group-42AB510F3FB9-LeaderElection1] INFO  server.RaftServerConfigKeys (ConfUtils.java:logGet(44)) - raft.server.watch.element-limit = 65536 (default)
2020-08-03 13:16:40,907 [86f0f98e-23cf-4f3b-8199-5ed948c98077@group-611680DB3C11-LeaderElection2] INFO  server.RaftServerConfigKeys (ConfUtils.java:logGet(44)) - raft.server.watch.timeout = 3000ms (custom)
2020-08-03 13:16:40,913 [4e2fb976-3d8c-4aa0-85dc-e2a3a74bd48f@group-42AB510F3FB9-LeaderElection1] INFO  impl.RoleInfo (RoleInfo.java:updateAndGet(143)) - 4e2fb976-3d8c-4aa0-85dc-e2a3a74bd48f: start LeaderState
2020-08-03 13:16:40,913 [86f0f98e-23cf-4f3b-8199-5ed948c98077@group-611680DB3C11-LeaderElection2] INFO  server.RaftServerConfigKeys (ConfUtils.java:logGet(44)) - raft.server.watch.timeout.denomination = 1s (default)
2020-08-03 13:16:40,916 [86f0f98e-23cf-4f3b-8199-5ed948c98077@group-611680DB3C11-LeaderElection2] INFO  server.RaftServerConfigKeys (ConfUtils.java:logGet(44)) - raft.server.watch.element-limit = 65536 (default)
2020-08-03 13:16:40,916 [86f0f98e-23cf-4f3b-8199-5ed948c98077@group-611680DB3C11-LeaderElection2] INFO  impl.RoleInfo (RoleInfo.java:updateAndGet(143)) - 86f0f98e-23cf-4f3b-8199-5ed948c98077: start LeaderState
2020-08-03 13:16:40,934 [4e2fb976-3d8c-4aa0-85dc-e2a3a74bd48f@group-42AB510F3FB9-LeaderElection1] INFO  segmented.SegmentedRaftLogWorker (SegmentedRaftLogWorker.java:startLogSegment(397)) - 4e2fb976-3d8c-4aa0-85dc-e2a3a74bd48f@group-42AB510F3FB9-SegmentedRaftLogWorker: Starting segment from index:0
2020-08-03 13:16:40,934 [86f0f98e-23cf-4f3b-8199-5ed948c98077@group-611680DB3C11-LeaderElection2] INFO  segmented.SegmentedRaftLogWorker (SegmentedRaftLogWorker.java:startLogSegment(397)) - 86f0f98e-23cf-4f3b-8199-5ed948c98077@group-611680DB3C11-SegmentedRaftLogWorker: Starting segment from index:0
2020-08-03 13:16:40,959 [4e2fb976-3d8c-4aa0-85dc-e2a3a74bd48f@group-42AB510F3FB9-LeaderElection1] INFO  impl.RaftServerImpl (ServerState.java:setRaftConf(356)) - 4e2fb976-3d8c-4aa0-85dc-e2a3a74bd48f@group-42AB510F3FB9: set configuration 0: [4e2fb976-3d8c-4aa0-85dc-e2a3a74bd48f:172.17.0.2:35669], old=null at 0
2020-08-03 13:16:40,971 [86f0f98e-23cf-4f3b-8199-5ed948c98077@group-611680DB3C11-LeaderElection2] INFO  impl.RaftServerImpl (ServerState.java:setRaftConf(356)) - 86f0f98e-23cf-4f3b-8199-5ed948c98077@group-611680DB3C11: set configuration 0: [86f0f98e-23cf-4f3b-8199-5ed948c98077:172.17.0.2:40879], old=null at 0
2020-08-03 13:16:40,972 [Thread-195] INFO  impl.FollowerState (FollowerState.java:run(108)) - 4e2fb976-3d8c-4aa0-85dc-e2a3a74bd48f@group-73FFBB5AF31C-FollowerState: change to CANDIDATE, lastRpcTime:5178ms, electionTimeout:5164ms
2020-08-03 13:16:40,972 [Thread-195] INFO  impl.RoleInfo (RoleInfo.java:shutdownFollowerState(121)) - 4e2fb976-3d8c-4aa0-85dc-e2a3a74bd48f: shutdown FollowerState
2020-08-03 13:16:40,972 [Thread-195] INFO  impl.RaftServerImpl (RaftServerImpl.java:setRole(185)) - 4e2fb976-3d8c-4aa0-85dc-e2a3a74bd48f@group-73FFBB5AF31C: changes role from  FOLLOWER to CANDIDATE at term 0 for changeToCandidate
2020-08-03 13:16:40,972 [Thread-195] INFO  impl.RoleInfo (RoleInfo.java:updateAndGet(143)) - 4e2fb976-3d8c-4aa0-85dc-e2a3a74bd48f: start LeaderElection
2020-08-03 13:16:40,987 [4e2fb976-3d8c-4aa0-85dc-e2a3a74bd48f@group-73FFBB5AF31C-LeaderElection3] INFO  impl.LeaderElection (LeaderElection.java:askForVotes(209)) - 4e2fb976-3d8c-4aa0-85dc-e2a3a74bd48f@group-73FFBB5AF31C-LeaderElection3: begin an election at term 1 for -1: [8eb359cf-ee67-4045-b6ec-0ab075cb664f:172.17.0.2:37433, 4e2fb976-3d8c-4aa0-85dc-e2a3a74bd48f:172.17.0.2:35669, 86f0f98e-23cf-4f3b-8199-5ed948c98077:172.17.0.2:40879], old=null
2020-08-03 13:16:41,026 [grpc-default-executor-0] INFO  impl.RaftServerImpl (RaftServerImpl.java:setRole(185)) - 86f0f98e-23cf-4f3b-8199-5ed948c98077@group-73FFBB5AF31C: changes role from  FOLLOWER to FOLLOWER at term 1 for recognizeCandidate:4e2fb976-3d8c-4aa0-85dc-e2a3a74bd48f
2020-08-03 13:16:41,026 [grpc-default-executor-0] INFO  impl.RoleInfo (RoleInfo.java:shutdownFollowerState(121)) - 86f0f98e-23cf-4f3b-8199-5ed948c98077: shutdown FollowerState
2020-08-03 13:16:41,026 [grpc-default-executor-0] INFO  impl.RoleInfo (RoleInfo.java:updateAndGet(143)) - 86f0f98e-23cf-4f3b-8199-5ed948c98077: start FollowerState
2020-08-03 13:16:41,026 [Thread-199] INFO  impl.FollowerState (FollowerState.java:run(117)) - 86f0f98e-23cf-4f3b-8199-5ed948c98077@group-73FFBB5AF31C-FollowerState was interrupted: java.lang.InterruptedException: sleep interrupted
2020-08-03 13:16:41,036 [grpc-default-executor-2] INFO  impl.RaftServerImpl (RaftServerImpl.java:setRole(185)) - 8eb359cf-ee67-4045-b6ec-0ab075cb664f@group-73FFBB5AF31C: changes role from  FOLLOWER to FOLLOWER at term 1 for recognizeCandidate:4e2fb976-3d8c-4aa0-85dc-e2a3a74bd48f
2020-08-03 13:16:41,036 [grpc-default-executor-2] INFO  impl.RoleInfo (RoleInfo.java:shutdownFollowerState(121)) - 8eb359cf-ee67-4045-b6ec-0ab075cb664f: shutdown FollowerState
2020-08-03 13:16:41,036 [grpc-default-executor-2] INFO  impl.RoleInfo (RoleInfo.java:updateAndGet(143)) - 8eb359cf-ee67-4045-b6ec-0ab075cb664f: start FollowerState
2020-08-03 13:16:41,036 [Thread-204] INFO  impl.FollowerState (FollowerState.java:run(117)) - 8eb359cf-ee67-4045-b6ec-0ab075cb664f@group-73FFBB5AF31C-FollowerState was interrupted: java.lang.InterruptedException: sleep interrupted
2020-08-03 13:16:41,052 [4e2fb976-3d8c-4aa0-85dc-e2a3a74bd48f@group-73FFBB5AF31C-LeaderElection3] INFO  impl.LeaderElection (LeaderElection.java:logAndReturn(61)) - 4e2fb976-3d8c-4aa0-85dc-e2a3a74bd48f@group-73FFBB5AF31C-LeaderElection3: Election PASSED; received 1 response(s) [4e2fb976-3d8c-4aa0-85dc-e2a3a74bd48f<-86f0f98e-23cf-4f3b-8199-5ed948c98077#0:OK-t1] and 0 exception(s); 4e2fb976-3d8c-4aa0-85dc-e2a3a74bd48f@group-73FFBB5AF31C:t1, leader=null, voted=4e2fb976-3d8c-4aa0-85dc-e2a3a74bd48f, raftlog=4e2fb976-3d8c-4aa0-85dc-e2a3a74bd48f@group-73FFBB5AF31C-SegmentedRaftLog:OPENED:c-1,f-1,i0, conf=-1: [8eb359cf-ee67-4045-b6ec-0ab075cb664f:172.17.0.2:37433, 4e2fb976-3d8c-4aa0-85dc-e2a3a74bd48f:172.17.0.2:35669, 86f0f98e-23cf-4f3b-8199-5ed948c98077:172.17.0.2:40879], old=null
2020-08-03 13:16:41,052 [4e2fb976-3d8c-4aa0-85dc-e2a3a74bd48f@group-73FFBB5AF31C-LeaderElection3] INFO  impl.RoleInfo (RoleInfo.java:shutdownLeaderElection(134)) - 4e2fb976-3d8c-4aa0-85dc-e2a3a74bd48f: shutdown LeaderElection
2020-08-03 13:16:41,052 [4e2fb976-3d8c-4aa0-85dc-e2a3a74bd48f@group-73FFBB5AF31C-LeaderElection3] INFO  impl.RaftServerImpl (RaftServerImpl.java:setRole(185)) - 4e2fb976-3d8c-4aa0-85dc-e2a3a74bd48f@group-73FFBB5AF31C: changes role from CANDIDATE to LEADER at term 1 for changeToLeader
2020-08-03 13:16:41,053 [4e2fb976-3d8c-4aa0-85dc-e2a3a74bd48f@group-73FFBB5AF31C-LeaderElection3] INFO  ratis.XceiverServerRatis (XceiverServerRatis.java:handleLeaderChangedNotification(822)) - Leader change notification received for group: group-73FFBB5AF31C with new leaderId: 4e2fb976-3d8c-4aa0-85dc-e2a3a74bd48f
2020-08-03 13:16:41,053 [4e2fb976-3d8c-4aa0-85dc-e2a3a74bd48f@group-73FFBB5AF31C-LeaderElection3] INFO  impl.RaftServerImpl (ServerState.java:setLeader(255)) - 4e2fb976-3d8c-4aa0-85dc-e2a3a74bd48f@group-73FFBB5AF31C: change Leader from null to 4e2fb976-3d8c-4aa0-85dc-e2a3a74bd48f at term 1 for becomeLeader, leader elected after 5295ms
2020-08-03 13:16:41,053 [Datanode State Machine Thread - 0] WARN  statemachine.DatanodeStateMachine (DatanodeStateMachine.java:start(245)) - Interrupt the execution.
java.lang.InterruptedException: sleep interrupted
	at java.lang.Thread.sleep(Native Method)
	at org.apache.hadoop.ozone.container.common.statemachine.DatanodeStateMachine.start(DatanodeStateMachine.java:243)
	at org.apache.hadoop.ozone.container.common.statemachine.DatanodeStateMachine.lambda$startDaemon$0(DatanodeStateMachine.java:405)
	at java.lang.Thread.run(Thread.java:748)
2020-08-03 13:16:41,054 [4e2fb976-3d8c-4aa0-85dc-e2a3a74bd48f@group-73FFBB5AF31C-LeaderElection3] INFO  server.RaftServerConfigKeys (ConfUtils.java:logGet(44)) - raft.server.staging.catchup.gap = 1000 (default)
2020-08-03 13:16:41,054 [4e2fb976-3d8c-4aa0-85dc-e2a3a74bd48f@group-73FFBB5AF31C-LeaderElection3] INFO  server.RaftServerConfigKeys (ConfUtils.java:logGet(44)) - raft.server.rpc.sleep.time = 25ms (default)
2020-08-03 13:16:41,054 [4e2fb976-3d8c-4aa0-85dc-e2a3a74bd48f@group-73FFBB5AF31C-LeaderElection3] INFO  metrics.RatisMetrics (RatisMetrics.java:lambda$create$0(36)) - Creating Metrics Registry : ratis.log_appender.4e2fb976-3d8c-4aa0-85dc-e2a3a74bd48f@group-73FFBB5AF31C
2020-08-03 13:16:41,054 [4e2fb976-3d8c-4aa0-85dc-e2a3a74bd48f@group-73FFBB5AF31C-LeaderElection3] INFO  server.RaftServerConfigKeys (ConfUtils.java:logGet(44)) - raft.server.write.element-limit = 1024 (custom)
2020-08-03 13:16:41,054 [4e2fb976-3d8c-4aa0-85dc-e2a3a74bd48f@group-73FFBB5AF31C-LeaderElection3] INFO  server.RaftServerConfigKeys (ConfUtils.java:logGet(44)) - raft.server.write.byte-limit = 1073741824 (custom)
2020-08-03 13:16:41,055 [EventQueue-PipelineReportForPipelineReportHandler] INFO  pipeline.PipelineStateManager (PipelineStateManager.java:openPipeline(131)) - Pipeline Pipeline[ Id: e0846cd6-5e87-404c-a762-73ffbb5af31c, Nodes: 86f0f98e-23cf-4f3b-8199-5ed948c98077{ip: 172.17.0.2, host: 21919eb6eecd, networkLocation: /default-rack, certSerialId: null}8eb359cf-ee67-4045-b6ec-0ab075cb664f{ip: 172.17.0.2, host: 21919eb6eecd, networkLocation: /default-rack, certSerialId: null}4e2fb976-3d8c-4aa0-85dc-e2a3a74bd48f{ip: 172.17.0.2, host: 21919eb6eecd, networkLocation: /default-rack, certSerialId: null}, Type:RATIS, Factor:THREE, State:ALLOCATED, leaderId:4e2fb976-3d8c-4aa0-85dc-e2a3a74bd48f, CreationTimestamp2020-08-03T13:16:32.901Z] moved to OPEN state
2020-08-03 13:16:41,055 [EventQueue-OpenPipelineForOneReplicaPipelineSafeModeRule] INFO  safemode.SCMSafeModeManager (SCMSafeModeManager.java:validateSafeModeExitRules(214)) - AtleastOneDatanodeReportedRule rule is successfully validated
2020-08-03 13:16:41,055 [EventQueue-OpenPipelineForHealthyPipelineSafeModeRule] INFO  safemode.SCMSafeModeManager (HealthyPipelineSafeModeRule.java:process(129)) - SCM in safe mode. Healthy pipelines reported count is 1, required healthy pipeline reported count is 1
2020-08-03 13:16:41,062 [EventQueue-OpenPipelineForHealthyPipelineSafeModeRule] INFO  safemode.SCMSafeModeManager (SCMSafeModeManager.java:validateSafeModeExitRules(214)) - HealthyPipelineSafeModeRule rule is successfully validated
2020-08-03 13:16:41,062 [EventQueue-OpenPipelineForHealthyPipelineSafeModeRule] INFO  safemode.SCMSafeModeManager (SCMSafeModeManager.java:validateSafeModeExitRules(228)) - ScmSafeModeManager, all rules are successfully validated
2020-08-03 13:16:41,062 [EventQueue-OpenPipelineForHealthyPipelineSafeModeRule] INFO  safemode.SCMSafeModeManager (SCMSafeModeManager.java:exitSafeMode(257)) - SCM exiting safe mode.
2020-08-03 13:16:41,063 [4e2fb976-3d8c-4aa0-85dc-e2a3a74bd48f@group-73FFBB5AF31C-LeaderElection3] INFO  server.RaftServerConfigKeys (ConfUtils.java:logGet(44)) - raft.server.watch.timeout = 3000ms (custom)
2020-08-03 13:16:41,063 [4e2fb976-3d8c-4aa0-85dc-e2a3a74bd48f@group-73FFBB5AF31C-LeaderElection3] INFO  server.RaftServerConfigKeys (ConfUtils.java:logGet(44)) - raft.server.watch.timeout.denomination = 1s (default)
2020-08-03 13:16:41,063 [4e2fb976-3d8c-4aa0-85dc-e2a3a74bd48f@group-73FFBB5AF31C-LeaderElection3] INFO  server.RaftServerConfigKeys (ConfUtils.java:logGet(44)) - raft.server.watch.element-limit = 65536 (default)
2020-08-03 13:16:41,067 [4e2fb976-3d8c-4aa0-85dc-e2a3a74bd48f@group-73FFBB5AF31C-LeaderElection3] INFO  server.RaftServerConfigKeys (ConfUtils.java:logGet(44)) - raft.server.log.appender.snapshot.chunk.size.max = 16MB (=16777216) (default)
2020-08-03 13:16:41,067 [4e2fb976-3d8c-4aa0-85dc-e2a3a74bd48f@group-73FFBB5AF31C-LeaderElection3] INFO  server.RaftServerConfigKeys (ConfUtils.java:logGet(44)) - raft.server.log.appender.buffer.byte-limit = 33554432 (custom)
2020-08-03 13:16:41,067 [4e2fb976-3d8c-4aa0-85dc-e2a3a74bd48f@group-73FFBB5AF31C-LeaderElection3] INFO  server.RaftServerConfigKeys (ConfUtils.java:logGet(44)) - raft.server.log.appender.buffer.element-limit = 1 (custom)
2020-08-03 13:16:41,070 [4e2fb976-3d8c-4aa0-85dc-e2a3a74bd48f@group-73FFBB5AF31C-LeaderElection3] INFO  grpc.GrpcConfigKeys (ConfUtils.java:logGet(44)) - raft.grpc.server.leader.outstanding.appends.max = 128 (default)
2020-08-03 13:16:41,071 [4e2fb976-3d8c-4aa0-85dc-e2a3a74bd48f@group-73FFBB5AF31C-LeaderElection3] INFO  server.RaftServerConfigKeys (ConfUtils.java:logGet(44)) - raft.server.rpc.request.timeout = 3000ms (default)
2020-08-03 13:16:41,071 [4e2fb976-3d8c-4aa0-85dc-e2a3a74bd48f@group-73FFBB5AF31C-LeaderElection3] INFO  server.RaftServerConfigKeys (ConfUtils.java:logGet(44)) - raft.server.log.appender.install.snapshot.enabled = false (custom)
2020-08-03 13:16:41,072 [4e2fb976-3d8c-4aa0-85dc-e2a3a74bd48f@group-73FFBB5AF31C-LeaderElection3] INFO  metrics.RatisMetrics (RatisMetrics.java:lambda$create$0(36)) - Creating Metrics Registry : ratis_grpc.log_appender.4e2fb976-3d8c-4aa0-85dc-e2a3a74bd48f@group-73FFBB5AF31C
2020-08-03 13:16:41,075 [4e2fb976-3d8c-4aa0-85dc-e2a3a74bd48f@group-73FFBB5AF31C-LeaderElection3] INFO  server.RaftServerConfigKeys (ConfUtils.java:logGet(44)) - raft.server.log.appender.snapshot.chunk.size.max = 16MB (=16777216) (default)
2020-08-03 13:16:41,075 [4e2fb976-3d8c-4aa0-85dc-e2a3a74bd48f@group-73FFBB5AF31C-LeaderElection3] INFO  server.RaftServerConfigKeys (ConfUtils.java:logGet(44)) - raft.server.log.appender.buffer.byte-limit = 33554432 (custom)
2020-08-03 13:16:41,075 [4e2fb976-3d8c-4aa0-85dc-e2a3a74bd48f@group-73FFBB5AF31C-LeaderElection3] INFO  server.RaftServerConfigKeys (ConfUtils.java:logGet(44)) - raft.server.log.appender.buffer.element-limit = 1 (custom)
2020-08-03 13:16:41,075 [4e2fb976-3d8c-4aa0-85dc-e2a3a74bd48f@group-73FFBB5AF31C-LeaderElection3] INFO  grpc.GrpcConfigKeys (ConfUtils.java:logGet(44)) - raft.grpc.server.leader.outstanding.appends.max = 128 (default)
2020-08-03 13:16:41,076 [4e2fb976-3d8c-4aa0-85dc-e2a3a74bd48f@group-73FFBB5AF31C-LeaderElection3] INFO  server.RaftServerConfigKeys (ConfUtils.java:logGet(44)) - raft.server.rpc.request.timeout = 3000ms (default)
2020-08-03 13:16:41,076 [4e2fb976-3d8c-4aa0-85dc-e2a3a74bd48f@group-73FFBB5AF31C-LeaderElection3] INFO  server.RaftServerConfigKeys (ConfUtils.java:logGet(44)) - raft.server.log.appender.install.snapshot.enabled = false (custom)
2020-08-03 13:16:41,077 [4e2fb976-3d8c-4aa0-85dc-e2a3a74bd48f@group-73FFBB5AF31C-LeaderElection3] INFO  impl.RoleInfo (RoleInfo.java:updateAndGet(143)) - 4e2fb976-3d8c-4aa0-85dc-e2a3a74bd48f: start LeaderState
2020-08-03 13:16:41,078 [4e2fb976-3d8c-4aa0-85dc-e2a3a74bd48f@group-73FFBB5AF31C-LeaderElection3] INFO  segmented.SegmentedRaftLogWorker (SegmentedRaftLogWorker.java:startLogSegment(397)) - 4e2fb976-3d8c-4aa0-85dc-e2a3a74bd48f@group-73FFBB5AF31C-SegmentedRaftLogWorker: Starting segment from index:0
2020-08-03 13:16:41,079 [4e2fb976-3d8c-4aa0-85dc-e2a3a74bd48f@group-73FFBB5AF31C-LeaderElection3] INFO  impl.RaftServerImpl (ServerState.java:setRaftConf(356)) - 4e2fb976-3d8c-4aa0-85dc-e2a3a74bd48f@group-73FFBB5AF31C: set configuration 0: [8eb359cf-ee67-4045-b6ec-0ab075cb664f:172.17.0.2:37433, 4e2fb976-3d8c-4aa0-85dc-e2a3a74bd48f:172.17.0.2:35669, 86f0f98e-23cf-4f3b-8199-5ed948c98077:172.17.0.2:40879], old=null at 0
2020-08-03 13:16:41,107 [Thread-202] INFO  impl.FollowerState (FollowerState.java:run(108)) - 8eb359cf-ee67-4045-b6ec-0ab075cb664f@group-CB7FFA8C530F-FollowerState: change to CANDIDATE, lastRpcTime:5138ms, electionTimeout:5137ms
2020-08-03 13:16:41,107 [Thread-202] INFO  impl.RoleInfo (RoleInfo.java:shutdownFollowerState(121)) - 8eb359cf-ee67-4045-b6ec-0ab075cb664f: shutdown FollowerState
2020-08-03 13:16:41,108 [Thread-202] INFO  impl.RaftServerImpl (RaftServerImpl.java:setRole(185)) - 8eb359cf-ee67-4045-b6ec-0ab075cb664f@group-CB7FFA8C530F: changes role from  FOLLOWER to CANDIDATE at term 0 for changeToCandidate
2020-08-03 13:16:41,108 [Thread-202] INFO  impl.RoleInfo (RoleInfo.java:updateAndGet(143)) - 8eb359cf-ee67-4045-b6ec-0ab075cb664f: start LeaderElection
2020-08-03 13:16:41,115 [grpc-default-executor-2] INFO  ratis.XceiverServerRatis (XceiverServerRatis.java:handleLeaderChangedNotification(822)) - Leader change notification received for group: group-73FFBB5AF31C with new leaderId: 4e2fb976-3d8c-4aa0-85dc-e2a3a74bd48f
2020-08-03 13:16:41,116 [grpc-default-executor-2] INFO  impl.RaftServerImpl (ServerState.java:setLeader(255)) - 8eb359cf-ee67-4045-b6ec-0ab075cb664f@group-73FFBB5AF31C: change Leader from null to 4e2fb976-3d8c-4aa0-85dc-e2a3a74bd48f at term 1 for appendEntries, leader elected after 5139ms
2020-08-03 13:16:41,121 [grpc-default-executor-1] INFO  ratis.XceiverServerRatis (XceiverServerRatis.java:handleLeaderChangedNotification(822)) - Leader change notification received for group: group-73FFBB5AF31C with new leaderId: 4e2fb976-3d8c-4aa0-85dc-e2a3a74bd48f
2020-08-03 13:16:41,121 [grpc-default-executor-1] INFO  impl.RaftServerImpl (ServerState.java:setLeader(255)) - 86f0f98e-23cf-4f3b-8199-5ed948c98077@group-73FFBB5AF31C: change Leader from null to 4e2fb976-3d8c-4aa0-85dc-e2a3a74bd48f at term 1 for appendEntries, leader elected after 5237ms
2020-08-03 13:16:41,146 [grpc-default-executor-2] INFO  impl.RaftServerImpl (ServerState.java:setRaftConf(356)) - 8eb359cf-ee67-4045-b6ec-0ab075cb664f@group-73FFBB5AF31C: set configuration 0: [8eb359cf-ee67-4045-b6ec-0ab075cb664f:172.17.0.2:37433, 4e2fb976-3d8c-4aa0-85dc-e2a3a74bd48f:172.17.0.2:35669, 86f0f98e-23cf-4f3b-8199-5ed948c98077:172.17.0.2:40879], old=null at 0
2020-08-03 13:16:41,148 [grpc-default-executor-2] INFO  segmented.SegmentedRaftLogWorker (SegmentedRaftLogWorker.java:startLogSegment(397)) - 8eb359cf-ee67-4045-b6ec-0ab075cb664f@group-73FFBB5AF31C-SegmentedRaftLogWorker: Starting segment from index:0
2020-08-03 13:16:41,156 [grpc-default-executor-1] INFO  impl.RaftServerImpl (ServerState.java:setRaftConf(356)) - 86f0f98e-23cf-4f3b-8199-5ed948c98077@group-73FFBB5AF31C: set configuration 0: [8eb359cf-ee67-4045-b6ec-0ab075cb664f:172.17.0.2:37433, 4e2fb976-3d8c-4aa0-85dc-e2a3a74bd48f:172.17.0.2:35669, 86f0f98e-23cf-4f3b-8199-5ed948c98077:172.17.0.2:40879], old=null at 0
2020-08-03 13:16:41,156 [grpc-default-executor-1] INFO  segmented.SegmentedRaftLogWorker (SegmentedRaftLogWorker.java:startLogSegment(397)) - 86f0f98e-23cf-4f3b-8199-5ed948c98077@group-73FFBB5AF31C-SegmentedRaftLogWorker: Starting segment from index:0
2020-08-03 13:16:41,188 [8eb359cf-ee67-4045-b6ec-0ab075cb664f@group-CB7FFA8C530F-LeaderElection4] INFO  impl.LeaderElection (LeaderElection.java:askForVotes(209)) - 8eb359cf-ee67-4045-b6ec-0ab075cb664f@group-CB7FFA8C530F-LeaderElection4: begin an election at term 1 for -1: [8eb359cf-ee67-4045-b6ec-0ab075cb664f:172.17.0.2:37433], old=null
2020-08-03 13:16:41,188 [8eb359cf-ee67-4045-b6ec-0ab075cb664f@group-CB7FFA8C530F-LeaderElection4] INFO  impl.RoleInfo (RoleInfo.java:shutdownLeaderElection(134)) - 8eb359cf-ee67-4045-b6ec-0ab075cb664f: shutdown LeaderElection
2020-08-03 13:16:41,189 [8eb359cf-ee67-4045-b6ec-0ab075cb664f@group-CB7FFA8C530F-LeaderElection4] INFO  impl.RaftServerImpl (RaftServerImpl.java:setRole(185)) - 8eb359cf-ee67-4045-b6ec-0ab075cb664f@group-CB7FFA8C530F: changes role from CANDIDATE to LEADER at term 1 for changeToLeader
2020-08-03 13:16:41,189 [8eb359cf-ee67-4045-b6ec-0ab075cb664f@group-CB7FFA8C530F-LeaderElection4] INFO  ratis.XceiverServerRatis (XceiverServerRatis.java:handleLeaderChangedNotification(822)) - Leader change notification received for group: group-CB7FFA8C530F with new leaderId: 8eb359cf-ee67-4045-b6ec-0ab075cb664f
2020-08-03 13:16:41,189 [8eb359cf-ee67-4045-b6ec-0ab075cb664f@group-CB7FFA8C530F-LeaderElection4] INFO  impl.RaftServerImpl (ServerState.java:setLeader(255)) - 8eb359cf-ee67-4045-b6ec-0ab075cb664f@group-CB7FFA8C530F: change Leader from null to 8eb359cf-ee67-4045-b6ec-0ab075cb664f at term 1 for becomeLeader, leader elected after 5228ms
2020-08-03 13:16:41,189 [8eb359cf-ee67-4045-b6ec-0ab075cb664f@group-CB7FFA8C530F-LeaderElection4] INFO  server.RaftServerConfigKeys (ConfUtils.java:logGet(44)) - raft.server.staging.catchup.gap = 1000 (default)
2020-08-03 13:16:41,189 [8eb359cf-ee67-4045-b6ec-0ab075cb664f@group-CB7FFA8C530F-LeaderElection4] INFO  server.RaftServerConfigKeys (ConfUtils.java:logGet(44)) - raft.server.rpc.sleep.time = 25ms (default)
2020-08-03 13:16:41,189 [8eb359cf-ee67-4045-b6ec-0ab075cb664f@group-CB7FFA8C530F-LeaderElection4] INFO  metrics.RatisMetrics (RatisMetrics.java:lambda$create$0(36)) - Creating Metrics Registry : ratis.log_appender.8eb359cf-ee67-4045-b6ec-0ab075cb664f@group-CB7FFA8C530F
2020-08-03 13:16:41,189 [8eb359cf-ee67-4045-b6ec-0ab075cb664f@group-CB7FFA8C530F-LeaderElection4] INFO  server.RaftServerConfigKeys (ConfUtils.java:logGet(44)) - raft.server.write.element-limit = 1024 (custom)
2020-08-03 13:16:41,189 [8eb359cf-ee67-4045-b6ec-0ab075cb664f@group-CB7FFA8C530F-LeaderElection4] INFO  server.RaftServerConfigKeys (ConfUtils.java:logGet(44)) - raft.server.write.byte-limit = 1073741824 (custom)
2020-08-03 13:16:41,190 [8eb359cf-ee67-4045-b6ec-0ab075cb664f@group-CB7FFA8C530F-LeaderElection4] INFO  server.RaftServerConfigKeys (ConfUtils.java:logGet(44)) - raft.server.watch.timeout = 3000ms (custom)
2020-08-03 13:16:41,190 [8eb359cf-ee67-4045-b6ec-0ab075cb664f@group-CB7FFA8C530F-LeaderElection4] INFO  server.RaftServerConfigKeys (ConfUtils.java:logGet(44)) - raft.server.watch.timeout.denomination = 1s (default)
2020-08-03 13:16:41,190 [8eb359cf-ee67-4045-b6ec-0ab075cb664f@group-CB7FFA8C530F-LeaderElection4] INFO  server.RaftServerConfigKeys (ConfUtils.java:logGet(44)) - raft.server.watch.element-limit = 65536 (default)
2020-08-03 13:16:41,190 [8eb359cf-ee67-4045-b6ec-0ab075cb664f@group-CB7FFA8C530F-LeaderElection4] INFO  impl.RoleInfo (RoleInfo.java:updateAndGet(143)) - 8eb359cf-ee67-4045-b6ec-0ab075cb664f: start LeaderState
2020-08-03 13:16:41,190 [Datanode State Machine Thread - 0] WARN  statemachine.DatanodeStateMachine (DatanodeStateMachine.java:start(245)) - Interrupt the execution.
java.lang.InterruptedException: sleep interrupted
	at java.lang.Thread.sleep(Native Method)
	at org.apache.hadoop.ozone.container.common.statemachine.DatanodeStateMachine.start(DatanodeStateMachine.java:243)
	at org.apache.hadoop.ozone.container.common.statemachine.DatanodeStateMachine.lambda$startDaemon$0(DatanodeStateMachine.java:405)
	at java.lang.Thread.run(Thread.java:748)
2020-08-03 13:16:41,193 [8eb359cf-ee67-4045-b6ec-0ab075cb664f@group-CB7FFA8C530F-LeaderElection4] INFO  segmented.SegmentedRaftLogWorker (SegmentedRaftLogWorker.java:startLogSegment(397)) - 8eb359cf-ee67-4045-b6ec-0ab075cb664f@group-CB7FFA8C530F-SegmentedRaftLogWorker: Starting segment from index:0
2020-08-03 13:16:41,198 [8eb359cf-ee67-4045-b6ec-0ab075cb664f@group-CB7FFA8C530F-LeaderElection4] INFO  impl.RaftServerImpl (ServerState.java:setRaftConf(356)) - 8eb359cf-ee67-4045-b6ec-0ab075cb664f@group-CB7FFA8C530F: set configuration 0: [8eb359cf-ee67-4045-b6ec-0ab075cb664f:172.17.0.2:37433], old=null at 0
2020-08-03 13:16:41,344 [86f0f98e-23cf-4f3b-8199-5ed948c98077@group-611680DB3C11-SegmentedRaftLogWorker] INFO  segmented.SegmentedRaftLogWorker (SegmentedRaftLogWorker.java:execute(596)) - 86f0f98e-23cf-4f3b-8199-5ed948c98077@group-611680DB3C11-SegmentedRaftLogWorker: created new log segment /github/workspace/mnt/ozone/hadoop-ozone/integration-test/target/test-dir/MiniOzoneClusterImpl-26b81ed5-7fce-4977-a58f-0134b52d8c65/datanode-1/data/ratis/3ec83bea-3bc3-4bb1-9dac-611680db3c11/current/log_inprogress_0
2020-08-03 13:16:41,346 [8eb359cf-ee67-4045-b6ec-0ab075cb664f@group-73FFBB5AF31C-SegmentedRaftLogWorker] INFO  segmented.SegmentedRaftLogWorker (SegmentedRaftLogWorker.java:execute(596)) - 8eb359cf-ee67-4045-b6ec-0ab075cb664f@group-73FFBB5AF31C-SegmentedRaftLogWorker: created new log segment /github/workspace/mnt/ozone/hadoop-ozone/integration-test/target/test-dir/MiniOzoneClusterImpl-26b81ed5-7fce-4977-a58f-0134b52d8c65/datanode-2/data/ratis/e0846cd6-5e87-404c-a762-73ffbb5af31c/current/log_inprogress_0
2020-08-03 13:16:41,347 [4e2fb976-3d8c-4aa0-85dc-e2a3a74bd48f@group-73FFBB5AF31C-SegmentedRaftLogWorker] INFO  segmented.SegmentedRaftLogWorker (SegmentedRaftLogWorker.java:execute(596)) - 4e2fb976-3d8c-4aa0-85dc-e2a3a74bd48f@group-73FFBB5AF31C-SegmentedRaftLogWorker: created new log segment /github/workspace/mnt/ozone/hadoop-ozone/integration-test/target/test-dir/MiniOzoneClusterImpl-26b81ed5-7fce-4977-a58f-0134b52d8c65/datanode-0/data/ratis/e0846cd6-5e87-404c-a762-73ffbb5af31c/current/log_inprogress_0
2020-08-03 13:16:41,347 [86f0f98e-23cf-4f3b-8199-5ed948c98077@group-73FFBB5AF31C-SegmentedRaftLogWorker] INFO  segmented.SegmentedRaftLogWorker (SegmentedRaftLogWorker.java:execute(596)) - 86f0f98e-23cf-4f3b-8199-5ed948c98077@group-73FFBB5AF31C-SegmentedRaftLogWorker: created new log segment /github/workspace/mnt/ozone/hadoop-ozone/integration-test/target/test-dir/MiniOzoneClusterImpl-26b81ed5-7fce-4977-a58f-0134b52d8c65/datanode-1/data/ratis/e0846cd6-5e87-404c-a762-73ffbb5af31c/current/log_inprogress_0
2020-08-03 13:16:41,347 [8eb359cf-ee67-4045-b6ec-0ab075cb664f@group-CB7FFA8C530F-SegmentedRaftLogWorker] INFO  segmented.SegmentedRaftLogWorker (SegmentedRaftLogWorker.java:execute(596)) - 8eb359cf-ee67-4045-b6ec-0ab075cb664f@group-CB7FFA8C530F-SegmentedRaftLogWorker: created new log segment /github/workspace/mnt/ozone/hadoop-ozone/integration-test/target/test-dir/MiniOzoneClusterImpl-26b81ed5-7fce-4977-a58f-0134b52d8c65/datanode-2/data/ratis/714730e6-97e6-4c43-b0e0-cb7ffa8c530f/current/log_inprogress_0
2020-08-03 13:16:41,350 [4e2fb976-3d8c-4aa0-85dc-e2a3a74bd48f@group-42AB510F3FB9-SegmentedRaftLogWorker] INFO  segmented.SegmentedRaftLogWorker (SegmentedRaftLogWorker.java:execute(596)) - 4e2fb976-3d8c-4aa0-85dc-e2a3a74bd48f@group-42AB510F3FB9-SegmentedRaftLogWorker: created new log segment /github/workspace/mnt/ozone/hadoop-ozone/integration-test/target/test-dir/MiniOzoneClusterImpl-26b81ed5-7fce-4977-a58f-0134b52d8c65/datanode-0/data/ratis/3328a86c-f9de-4028-a3d9-42ab510f3fb9/current/log_inprogress_0
2020-08-03 13:16:41,888 [Listener at 127.0.0.1/33105] INFO  ozone.MiniOzoneClusterImpl (MiniOzoneClusterImpl.java:lambda$waitForClusterToBeReady$0(177)) - Nodes are ready. Got 3 of 3 DN Heartbeats.
2020-08-03 13:16:41,888 [Listener at 127.0.0.1/33105] INFO  ozone.MiniOzoneClusterImpl (MiniOzoneClusterImpl.java:lambda$waitForClusterToBeReady$0(180)) - Cluster exits safe mode
2020-08-03 13:16:42,335 [Listener at 127.0.0.1/33105] INFO  rpc.RpcClient (RpcClient.java:createVolume(314)) - Creating Volume: testcontainerstatemachinefailures, with jenkins1001 as owner.
2020-08-03 13:16:42,411 [IPC Server handler 2 on default port 33105] INFO  volume.OMVolumeCreateRequest (OMVolumeCreateRequest.java:validateAndUpdateCache(195)) - created volume:testcontainerstatemachinefailures for user:jenkins1001
2020-08-03 13:16:42,427 [Listener at 127.0.0.1/33105] INFO  rpc.RpcClient (RpcClient.java:createBucket(459)) - Creating Bucket: testcontainerstatemachinefailures/testcontainerstatemachinefailures, with Versioning false and Storage Type set to DISK and Encryption set to false 
2020-08-03 13:16:42,586 [Listener at 127.0.0.1/33105] INFO  impl.MetricsSystemImpl (MetricsSystemImpl.java:init(158)) - XceiverClientMetrics metrics system started (again)
2020-08-03 13:16:42,641 [Datanode State Machine Thread - 0] INFO  statemachine.DatanodeStateMachine (DatanodeStateMachine.java:lambda$startDaemon$0(406)) - Ozone container server started.
2020-08-03 13:16:44,069 [EventQueue-Delayed safe mode statusForReplicationManager] INFO  container.ReplicationManager (ReplicationManager.java:start(177)) - Starting Replication Monitor Thread.
2020-08-03 13:16:44,073 [ReplicationMonitor] INFO  container.ReplicationManager (ReplicationManager.java:run(241)) - Replication Monitor Thread took 3 milliseconds for processing 1 containers.
2020-08-03 13:16:44,073 [EventQueue-CloseContainerForCloseContainerEventHandler] INFO  container.CloseContainerEventHandler (CloseContainerEventHandler.java:onMessage(61)) - Close container Event triggered for container : #1
2020-08-03 13:16:44,748 [Command processor thread] ERROR commandhandler.CloseContainerCommandHandler (CloseContainerCommandHandler.java:handle(85)) - Container #1 does not exist in datanode. Container close failed.
2020-08-03 13:16:44,845 [Command processor thread] ERROR commandhandler.CloseContainerCommandHandler (CloseContainerCommandHandler.java:handle(85)) - Container #1 does not exist in datanode. Container close failed.
2020-08-03 13:16:47,602 [Listener at 127.0.0.1/33105] INFO  ozoneimpl.OzoneContainer (OzoneContainer.java:stop(259)) - Attempting to stop container services.
2020-08-03 13:16:47,603 [Listener at 127.0.0.1/33105] INFO  impl.RaftServerProxy (RaftServerProxy.java:lambda$close$4(319)) - 8eb359cf-ee67-4045-b6ec-0ab075cb664f: close
2020-08-03 13:16:47,605 [Listener at 127.0.0.1/33105] INFO  impl.RaftServerImpl (RaftServerImpl.java:lambda$shutdown$3(263)) - 8eb359cf-ee67-4045-b6ec-0ab075cb664f@group-73FFBB5AF31C: shutdown
2020-08-03 13:16:47,605 [Listener at 127.0.0.1/33105] INFO  util.JmxRegister (JmxRegister.java:unregister(73)) - Successfully un-registered JMX Bean with object name Ratis:service=RaftServer,group=group-73FFBB5AF31C,id=8eb359cf-ee67-4045-b6ec-0ab075cb664f
2020-08-03 13:16:47,605 [ForkJoinPool.commonPool-worker-1] INFO  impl.RaftServerImpl (RaftServerImpl.java:lambda$shutdown$3(263)) - 8eb359cf-ee67-4045-b6ec-0ab075cb664f@group-CB7FFA8C530F: shutdown
2020-08-03 13:16:47,606 [Listener at 127.0.0.1/33105] INFO  impl.RoleInfo (RoleInfo.java:shutdownFollowerState(121)) - 8eb359cf-ee67-4045-b6ec-0ab075cb664f: shutdown FollowerState
2020-08-03 13:16:47,606 [ForkJoinPool.commonPool-worker-1] INFO  util.JmxRegister (JmxRegister.java:unregister(73)) - Successfully un-registered JMX Bean with object name Ratis:service=RaftServer,group=group-CB7FFA8C530F,id=8eb359cf-ee67-4045-b6ec-0ab075cb664f
2020-08-03 13:16:47,607 [ForkJoinPool.commonPool-worker-1] INFO  impl.RoleInfo (RoleInfo.java:shutdownLeaderState(104)) - 8eb359cf-ee67-4045-b6ec-0ab075cb664f: shutdown LeaderState
2020-08-03 13:16:47,606 [Thread-228] INFO  impl.FollowerState (FollowerState.java:run(117)) - 8eb359cf-ee67-4045-b6ec-0ab075cb664f@group-73FFBB5AF31C-FollowerState was interrupted: java.lang.InterruptedException: sleep interrupted
2020-08-03 13:16:47,606 [8eb359cf-ee67-4045-b6ec-0ab075cb664f@group-73FFBB5AF31C-StateMachineUpdater] INFO  ratis.ContainerStateMachine (ContainerStateMachine.java:takeSnapshot(293)) - group-73FFBB5AF31C: Taking a snapshot at:(t:1, i:0) file /github/workspace/mnt/ozone/hadoop-ozone/integration-test/target/test-dir/MiniOzoneClusterImpl-26b81ed5-7fce-4977-a58f-0134b52d8c65/datanode-2/data/ratis/e0846cd6-5e87-404c-a762-73ffbb5af31c/sm/snapshot.1_0
2020-08-03 13:16:47,611 [ForkJoinPool.commonPool-worker-1] INFO  impl.PendingRequests (PendingRequests.java:sendNotLeaderResponses(249)) - 8eb359cf-ee67-4045-b6ec-0ab075cb664f@group-CB7FFA8C530F-PendingRequests: sendNotLeaderResponses
2020-08-03 13:16:47,612 [ForkJoinPool.commonPool-worker-1] INFO  metrics.RatisMetrics (RatisMetrics.java:unregister(43)) - Unregistering Metrics Registry : ratis.log_appender.8eb359cf-ee67-4045-b6ec-0ab075cb664f@group-CB7FFA8C530F
2020-08-03 13:16:47,613 [ForkJoinPool.commonPool-worker-1] INFO  metrics.RatisMetrics (RatisMetrics.java:unregister(43)) - Unregistering Metrics Registry : ratis.server.8eb359cf-ee67-4045-b6ec-0ab075cb664f@group-CB7FFA8C530F
2020-08-03 13:16:47,606 [Listener at 127.0.0.1/33105] INFO  impl.StateMachineUpdater (StateMachineUpdater.java:stopAndJoin(142)) - 8eb359cf-ee67-4045-b6ec-0ab075cb664f@group-73FFBB5AF31C-StateMachineUpdater: set stopIndex = 0
2020-08-03 13:16:47,613 [ForkJoinPool.commonPool-worker-1] INFO  impl.StateMachineUpdater (StateMachineUpdater.java:stopAndJoin(142)) - 8eb359cf-ee67-4045-b6ec-0ab075cb664f@group-CB7FFA8C530F-StateMachineUpdater: set stopIndex = 0
2020-08-03 13:16:47,615 [8eb359cf-ee67-4045-b6ec-0ab075cb664f@group-CB7FFA8C530F-StateMachineUpdater] INFO  ratis.ContainerStateMachine (ContainerStateMachine.java:takeSnapshot(293)) - group-CB7FFA8C530F: Taking a snapshot at:(t:1, i:0) file /github/workspace/mnt/ozone/hadoop-ozone/integration-test/target/test-dir/MiniOzoneClusterImpl-26b81ed5-7fce-4977-a58f-0134b52d8c65/datanode-2/data/ratis/714730e6-97e6-4c43-b0e0-cb7ffa8c530f/sm/snapshot.1_0
2020-08-03 13:16:47,674 [8eb359cf-ee67-4045-b6ec-0ab075cb664f@group-CB7FFA8C530F-StateMachineUpdater] INFO  ratis.ContainerStateMachine (ContainerStateMachine.java:takeSnapshot(304)) - group-CB7FFA8C530F: Finished taking a snapshot at:(t:1, i:0) file:/github/workspace/mnt/ozone/hadoop-ozone/integration-test/target/test-dir/MiniOzoneClusterImpl-26b81ed5-7fce-4977-a58f-0134b52d8c65/datanode-2/data/ratis/714730e6-97e6-4c43-b0e0-cb7ffa8c530f/sm/snapshot.1_0 time:58
2020-08-03 13:16:47,675 [8eb359cf-ee67-4045-b6ec-0ab075cb664f@group-CB7FFA8C530F-StateMachineUpdater] INFO  impl.StateMachineUpdater (StateMachineUpdater.java:takeSnapshot(277)) - 8eb359cf-ee67-4045-b6ec-0ab075cb664f@group-CB7FFA8C530F-StateMachineUpdater: Took a snapshot at index 0
2020-08-03 13:16:47,675 [8eb359cf-ee67-4045-b6ec-0ab075cb664f@group-CB7FFA8C530F-StateMachineUpdater] INFO  impl.StateMachineUpdater (StateMachineUpdater.java:lambda$new$0(87)) - 8eb359cf-ee67-4045-b6ec-0ab075cb664f@group-CB7FFA8C530F-StateMachineUpdater: snapshotIndex: updateIncreasingly -1 -> 0
2020-08-03 13:16:47,678 [8eb359cf-ee67-4045-b6ec-0ab075cb664f@group-CB7FFA8C530F-StateMachineUpdater] INFO  metrics.RatisMetrics (RatisMetrics.java:unregister(43)) - Unregistering Metrics Registry : ratis.state_machine.8eb359cf-ee67-4045-b6ec-0ab075cb664f@group-CB7FFA8C530F
2020-08-03 13:16:47,678 [ForkJoinPool.commonPool-worker-1] INFO  impl.RaftServerImpl (ServerState.java:close(387)) - 8eb359cf-ee67-4045-b6ec-0ab075cb664f@group-CB7FFA8C530F: closes. applyIndex: 0
2020-08-03 13:16:47,678 [8eb359cf-ee67-4045-b6ec-0ab075cb664f@group-73FFBB5AF31C-StateMachineUpdater] INFO  ratis.ContainerStateMachine (ContainerStateMachine.java:takeSnapshot(304)) - group-73FFBB5AF31C: Finished taking a snapshot at:(t:1, i:0) file:/github/workspace/mnt/ozone/hadoop-ozone/integration-test/target/test-dir/MiniOzoneClusterImpl-26b81ed5-7fce-4977-a58f-0134b52d8c65/datanode-2/data/ratis/e0846cd6-5e87-404c-a762-73ffbb5af31c/sm/snapshot.1_0 time:68
2020-08-03 13:16:47,678 [8eb359cf-ee67-4045-b6ec-0ab075cb664f@group-73FFBB5AF31C-StateMachineUpdater] INFO  impl.StateMachineUpdater (StateMachineUpdater.java:takeSnapshot(277)) - 8eb359cf-ee67-4045-b6ec-0ab075cb664f@group-73FFBB5AF31C-StateMachineUpdater: Took a snapshot at index 0
2020-08-03 13:16:47,678 [8eb359cf-ee67-4045-b6ec-0ab075cb664f@group-73FFBB5AF31C-StateMachineUpdater] INFO  impl.StateMachineUpdater (StateMachineUpdater.java:lambda$new$0(87)) - 8eb359cf-ee67-4045-b6ec-0ab075cb664f@group-73FFBB5AF31C-StateMachineUpdater: snapshotIndex: updateIncreasingly -1 -> 0
2020-08-03 13:16:47,679 [8eb359cf-ee67-4045-b6ec-0ab075cb664f@group-73FFBB5AF31C-StateMachineUpdater] INFO  metrics.RatisMetrics (RatisMetrics.java:unregister(43)) - Unregistering Metrics Registry : ratis.state_machine.8eb359cf-ee67-4045-b6ec-0ab075cb664f@group-73FFBB5AF31C
2020-08-03 13:16:47,679 [Listener at 127.0.0.1/33105] INFO  impl.RaftServerImpl (ServerState.java:close(387)) - 8eb359cf-ee67-4045-b6ec-0ab075cb664f@group-73FFBB5AF31C: closes. applyIndex: 0
2020-08-03 13:16:47,679 [8eb359cf-ee67-4045-b6ec-0ab075cb664f@group-73FFBB5AF31C-SegmentedRaftLogWorker] INFO  segmented.SegmentedRaftLogWorker (SegmentedRaftLogWorker.java:run(327)) - 8eb359cf-ee67-4045-b6ec-0ab075cb664f@group-73FFBB5AF31C-SegmentedRaftLogWorker was interrupted, exiting. There are 0 tasks remaining in the queue.
2020-08-03 13:16:47,680 [8eb359cf-ee67-4045-b6ec-0ab075cb664f@group-CB7FFA8C530F-SegmentedRaftLogWorker] INFO  segmented.SegmentedRaftLogWorker (SegmentedRaftLogWorker.java:run(327)) - 8eb359cf-ee67-4045-b6ec-0ab075cb664f@group-CB7FFA8C530F-SegmentedRaftLogWorker was interrupted, exiting. There are 0 tasks remaining in the queue.
2020-08-03 13:16:47,687 [Listener at 127.0.0.1/33105] INFO  segmented.SegmentedRaftLogWorker (SegmentedRaftLogWorker.java:close(234)) - 8eb359cf-ee67-4045-b6ec-0ab075cb664f@group-73FFBB5AF31C-SegmentedRaftLogWorker close()
2020-08-03 13:16:47,688 [Listener at 127.0.0.1/33105] INFO  metrics.RatisMetrics (RatisMetrics.java:unregister(43)) - Unregistering Metrics Registry : ratis.log_worker.8eb359cf-ee67-4045-b6ec-0ab075cb664f@group-73FFBB5AF31C
2020-08-03 13:16:47,688 [Listener at 127.0.0.1/33105] INFO  metrics.RatisMetrics (RatisMetrics.java:unregister(43)) - Unregistering Metrics Registry : ratis.leader_election.8eb359cf-ee67-4045-b6ec-0ab075cb664f@group-73FFBB5AF31C
2020-08-03 13:16:47,688 [Listener at 127.0.0.1/33105] INFO  metrics.RatisMetrics (RatisMetrics.java:unregister(43)) - Unregistering Metrics Registry : ratis.server.8eb359cf-ee67-4045-b6ec-0ab075cb664f@group-73FFBB5AF31C
2020-08-03 13:16:47,689 [ForkJoinPool.commonPool-worker-1] INFO  segmented.SegmentedRaftLogWorker (SegmentedRaftLogWorker.java:close(234)) - 8eb359cf-ee67-4045-b6ec-0ab075cb664f@group-CB7FFA8C530F-SegmentedRaftLogWorker close()
2020-08-03 13:16:47,690 [ForkJoinPool.commonPool-worker-1] INFO  metrics.RatisMetrics (RatisMetrics.java:unregister(43)) - Unregistering Metrics Registry : ratis.log_worker.8eb359cf-ee67-4045-b6ec-0ab075cb664f@group-CB7FFA8C530F
2020-08-03 13:16:47,690 [ForkJoinPool.commonPool-worker-1] INFO  metrics.RatisMetrics (RatisMetrics.java:unregister(43)) - Unregistering Metrics Registry : ratis.leader_election.8eb359cf-ee67-4045-b6ec-0ab075cb664f@group-CB7FFA8C530F
2020-08-03 13:16:47,690 [ForkJoinPool.commonPool-worker-1] INFO  metrics.RatisMetrics (RatisMetrics.java:unregister(43)) - Unregistering Metrics Registry : ratis.server.8eb359cf-ee67-4045-b6ec-0ab075cb664f@group-CB7FFA8C530F
2020-08-03 13:16:47,690 [Listener at 127.0.0.1/33105] INFO  server.GrpcService (GrpcService.java:closeImpl(166)) - 8eb359cf-ee67-4045-b6ec-0ab075cb664f: shutdown server with port 37433 now
2020-08-03 13:16:47,696 [grpc-default-executor-2] WARN  server.GrpcServerProtocolService (LogUtils.java:warn(122)) - 8eb359cf-ee67-4045-b6ec-0ab075cb664f: installSnapshot onError, lastRequest: 4e2fb976-3d8c-4aa0-85dc-e2a3a74bd48f->8eb359cf-ee67-4045-b6ec-0ab075cb664f#1-t1, previous=(t:0, i:0), leaderCommit=-1, initializing? false, entries: size=1, first=(t:1, i:0), CONFIGURATIONENTRY: org.apache.ratis.thirdparty.io.grpc.StatusRuntimeException: CANCELLED: cancelled before receiving half close
2020-08-03 13:16:47,697 [Listener at 127.0.0.1/33105] INFO  server.GrpcService (GrpcService.java:closeImpl(174)) - 8eb359cf-ee67-4045-b6ec-0ab075cb664f: shutdown server with port 37433 successfully
2020-08-03 13:16:47,699 [Listener at 127.0.0.1/33105] INFO  utils.BackgroundService (BackgroundService.java:shutdown(157)) - Shutting down service BlockDeletingService
2020-08-03 13:16:47,702 [Listener at 127.0.0.1/33105] INFO  statemachine.DatanodeStateMachine (DatanodeStateMachine.java:stopDaemon(454)) - Ozone container server stopped.
2020-08-03 13:16:47,709 [Listener at 127.0.0.1/33105] INFO  handler.ContextHandler (ContextHandler.java:doStop(1016)) - Stopped o.e.j.w.WebAppContext@62a09668{hddsDatanode,/,null,UNAVAILABLE}{jar:file:/home/user/.m2/repository/org/apache/hadoop/hadoop-hdds-container-service/0.6.0-SNAPSHOT/hadoop-hdds-container-service-0.6.0-SNAPSHOT.jar!/webapps/hddsDatanode}
2020-08-03 13:16:47,711 [grpc-default-executor-2] WARN  server.GrpcLogAppender (LogUtils.java:warn(122)) - 4e2fb976-3d8c-4aa0-85dc-e2a3a74bd48f@group-73FFBB5AF31C->8eb359cf-ee67-4045-b6ec-0ab075cb664f-AppendLogResponseHandler: Failed appendEntries: org.apache.ratis.thirdparty.io.grpc.StatusRuntimeException: CANCELLED: HTTP/2 error code: CANCEL
Received Rst Stream
2020-08-03 13:16:47,715 [grpc-default-executor-2] INFO  impl.FollowerInfo (FollowerInfo.java:lambda$new$0(51)) - 4e2fb976-3d8c-4aa0-85dc-e2a3a74bd48f@group-73FFBB5AF31C->8eb359cf-ee67-4045-b6ec-0ab075cb664f: nextIndex: updateUnconditionally 1 -> 0
2020-08-03 13:16:47,725 [Listener at 127.0.0.1/33105] INFO  server.AbstractConnector (AbstractConnector.java:doStop(380)) - Stopped ServerConnector@20ed6de{HTTP/1.1,[http/1.1]}{0.0.0.0:0}
2020-08-03 13:16:47,725 [Listener at 127.0.0.1/33105] INFO  server.session (HouseKeeper.java:stopScavenging(158)) - node0 Stopped scavenging
2020-08-03 13:16:47,725 [Listener at 127.0.0.1/33105] INFO  handler.ContextHandler (ContextHandler.java:doStop(1016)) - Stopped o.e.j.s.ServletContextHandler@1ed763aa{static,/static,jar:file:/home/user/.m2/repository/org/apache/hadoop/hadoop-hdds-container-service/0.6.0-SNAPSHOT/hadoop-hdds-container-service-0.6.0-SNAPSHOT.jar!/webapps/static,UNAVAILABLE}
2020-08-03 13:16:47,726 [Listener at 127.0.0.1/33105] INFO  handler.ContextHandler (ContextHandler.java:doStop(1016)) - Stopped o.e.j.s.ServletContextHandler@f1e8753{logs,/logs,file:///github/workspace/mnt/ozone/hadoop-ozone/integration-test/target/log,UNAVAILABLE}
2020-08-03 13:16:47,898 [grpc-default-executor-0] WARN  server.GrpcLogAppender (LogUtils.java:warn(122)) - 4e2fb976-3d8c-4aa0-85dc-e2a3a74bd48f@group-73FFBB5AF31C->8eb359cf-ee67-4045-b6ec-0ab075cb664f-AppendLogResponseHandler: Failed appendEntries: org.apache.ratis.thirdparty.io.grpc.StatusRuntimeException: UNAVAILABLE: io exception
2020-08-03 13:16:47,907 [grpc-default-executor-0] INFO  impl.FollowerInfo (FollowerInfo.java:lambda$new$0(51)) - 4e2fb976-3d8c-4aa0-85dc-e2a3a74bd48f@group-73FFBB5AF31C->8eb359cf-ee67-4045-b6ec-0ab075cb664f: nextIndex: updateUnconditionally 1 -> 0
2020-08-03 13:16:47,924 [grpc-default-executor-0] WARN  server.GrpcLogAppender (LogUtils.java:warn(122)) - 4e2fb976-3d8c-4aa0-85dc-e2a3a74bd48f@group-73FFBB5AF31C->8eb359cf-ee67-4045-b6ec-0ab075cb664f-AppendLogResponseHandler: Failed appendEntries: org.apache.ratis.thirdparty.io.grpc.StatusRuntimeException: UNAVAILABLE: io exception
2020-08-03 13:16:47,925 [grpc-default-executor-0] INFO  impl.FollowerInfo (FollowerInfo.java:lambda$new$0(51)) - 4e2fb976-3d8c-4aa0-85dc-e2a3a74bd48f@group-73FFBB5AF31C->8eb359cf-ee67-4045-b6ec-0ab075cb664f: nextIndex: updateUnconditionally 1 -> 0
2020-08-03 13:16:47,989 [Datanode State Machine Thread - 0] WARN  statemachine.DatanodeStateMachine (DatanodeStateMachine.java:start(245)) - Interrupt the execution.
java.lang.InterruptedException: sleep interrupted
	at java.lang.Thread.sleep(Native Method)
	at org.apache.hadoop.ozone.container.common.statemachine.DatanodeStateMachine.start(DatanodeStateMachine.java:243)
	at org.apache.hadoop.ozone.container.common.statemachine.DatanodeStateMachine.lambda$startDaemon$0(DatanodeStateMachine.java:405)
	at java.lang.Thread.run(Thread.java:748)
2020-08-03 13:16:47,990 [Datanode State Machine Thread - 0] WARN  statemachine.DatanodeStateMachine (DatanodeStateMachine.java:start(245)) - Interrupt the execution.
java.lang.InterruptedException: sleep interrupted
	at java.lang.Thread.sleep(Native Method)
	at org.apache.hadoop.ozone.container.common.statemachine.DatanodeStateMachine.start(DatanodeStateMachine.java:243)
	at org.apache.hadoop.ozone.container.common.statemachine.DatanodeStateMachine.lambda$startDaemon$0(DatanodeStateMachine.java:405)
	at java.lang.Thread.run(Thread.java:748)
2020-08-03 13:16:48,058 [grpc-default-executor-2] WARN  server.GrpcLogAppender (LogUtils.java:warn(122)) - 4e2fb976-3d8c-4aa0-85dc-e2a3a74bd48f@group-73FFBB5AF31C->8eb359cf-ee67-4045-b6ec-0ab075cb664f-AppendLogResponseHandler: Failed appendEntries: org.apache.ratis.thirdparty.io.grpc.StatusRuntimeException: UNAVAILABLE: io exception
2020-08-03 13:16:48,079 [grpc-default-executor-2] INFO  impl.FollowerInfo (FollowerInfo.java:lambda$new$0(51)) - 4e2fb976-3d8c-4aa0-85dc-e2a3a74bd48f@group-73FFBB5AF31C->8eb359cf-ee67-4045-b6ec-0ab075cb664f: nextIndex: updateUnconditionally 1 -> 0
2020-08-03 13:16:48,090 [grpc-default-executor-1] WARN  server.GrpcLogAppender (LogUtils.java:warn(122)) - 4e2fb976-3d8c-4aa0-85dc-e2a3a74bd48f@group-73FFBB5AF31C->8eb359cf-ee67-4045-b6ec-0ab075cb664f-AppendLogResponseHandler: Failed appendEntries: org.apache.ratis.thirdparty.io.grpc.StatusRuntimeException: UNAVAILABLE: io exception
2020-08-03 13:16:48,104 [grpc-default-executor-1] INFO  impl.FollowerInfo (FollowerInfo.java:lambda$new$0(51)) - 4e2fb976-3d8c-4aa0-85dc-e2a3a74bd48f@group-73FFBB5AF31C->8eb359cf-ee67-4045-b6ec-0ab075cb664f: nextIndex: updateUnconditionally 1 -> 0
2020-08-03 13:16:48,112 [grpc-default-executor-1] WARN  server.GrpcLogAppender (LogUtils.java:warn(122)) - 4e2fb976-3d8c-4aa0-85dc-e2a3a74bd48f@group-73FFBB5AF31C->8eb359cf-ee67-4045-b6ec-0ab075cb664f-AppendLogResponseHandler: Failed appendEntries: org.apache.ratis.thirdparty.io.grpc.StatusRuntimeException: UNAVAILABLE: io exception
2020-08-03 13:16:48,113 [grpc-default-executor-1] INFO  impl.FollowerInfo (FollowerInfo.java:lambda$new$0(51)) - 4e2fb976-3d8c-4aa0-85dc-e2a3a74bd48f@group-73FFBB5AF31C->8eb359cf-ee67-4045-b6ec-0ab075cb664f: nextIndex: updateUnconditionally 1 -> 0
2020-08-03 13:16:50,610 [grpc-default-executor-1] WARN  server.GrpcLogAppender (LogUtils.java:warn(122)) - 4e2fb976-3d8c-4aa0-85dc-e2a3a74bd48f@group-73FFBB5AF31C->8eb359cf-ee67-4045-b6ec-0ab075cb664f-AppendLogResponseHandler: Failed appendEntries: org.apache.ratis.thirdparty.io.grpc.StatusRuntimeException: UNAVAILABLE: io exception
2020-08-03 13:16:50,611 [grpc-default-executor-1] INFO  impl.FollowerInfo (FollowerInfo.java:lambda$new$0(51)) - 4e2fb976-3d8c-4aa0-85dc-e2a3a74bd48f@group-73FFBB5AF31C->8eb359cf-ee67-4045-b6ec-0ab075cb664f: nextIndex: updateUnconditionally 1 -> 0
2020-08-03 13:16:51,938 [Thread-259] INFO  client.GrpcClientProtocolService (GrpcClientProtocolService.java:lambda$processClientRequest$0(283)) - Failed RaftClientRequest:client-A60529E283F3->4e2fb976-3d8c-4aa0-85dc-e2a3a74bd48f@group-73FFBB5AF31C, cid=9, seq=0, Watch-ALL_COMMITTED(2), Message:<EMPTY>, reply=RaftClientReply:client-A60529E283F3->4e2fb976-3d8c-4aa0-85dc-e2a3a74bd48f@group-73FFBB5AF31C, cid=9, FAILED org.apache.ratis.protocol.NotReplicatedException: Request with call Id 9 and log index 2 is not yet replicated to ALL_COMMITTED, logIndex=2, commits[4e2fb976-3d8c-4aa0-85dc-e2a3a74bd48f:c4, 8eb359cf-ee67-4045-b6ec-0ab075cb664f:c0, 86f0f98e-23cf-4f3b-8199-5ed948c98077:c4]
2020-08-03 13:16:51,945 [Listener at 127.0.0.1/33105] WARN  scm.XceiverClientRatis (XceiverClientRatis.java:watchForCommit(265)) - 3 way commit failed on pipeline Pipeline[ Id: e0846cd6-5e87-404c-a762-73ffbb5af31c, Nodes: 86f0f98e-23cf-4f3b-8199-5ed948c98077{ip: 172.17.0.2, host: 21919eb6eecd, networkLocation: /default-rack, certSerialId: null}8eb359cf-ee67-4045-b6ec-0ab075cb664f{ip: 172.17.0.2, host: 21919eb6eecd, networkLocation: /default-rack, certSerialId: null}4e2fb976-3d8c-4aa0-85dc-e2a3a74bd48f{ip: 172.17.0.2, host: 21919eb6eecd, networkLocation: /default-rack, certSerialId: null}, Type:RATIS, Factor:THREE, State:OPEN, leaderId:4e2fb976-3d8c-4aa0-85dc-e2a3a74bd48f, CreationTimestamp2020-08-03T13:16:32.901Z]
java.util.concurrent.ExecutionException: org.apache.ratis.protocol.NotReplicatedException: Request with call Id 9 and log index 2 is not yet replicated to ALL_COMMITTED
	at java.util.concurrent.CompletableFuture.reportGet(CompletableFuture.java:357)
	at java.util.concurrent.CompletableFuture.get(CompletableFuture.java:1908)
	at org.apache.hadoop.hdds.scm.XceiverClientRatis.watchForCommit(XceiverClientRatis.java:262)
	at org.apache.hadoop.hdds.scm.storage.CommitWatcher.watchForCommit(CommitWatcher.java:190)
	at org.apache.hadoop.hdds.scm.storage.CommitWatcher.watchOnLastIndex(CommitWatcher.java:157)
	at org.apache.hadoop.hdds.scm.storage.BlockOutputStream.watchForCommit(BlockOutputStream.java:351)
	at org.apache.hadoop.hdds.scm.storage.BlockOutputStream.handleFlush(BlockOutputStream.java:500)
	at org.apache.hadoop.hdds.scm.storage.BlockOutputStream.close(BlockOutputStream.java:514)
	at org.apache.hadoop.ozone.client.io.BlockOutputStreamEntry.close(BlockOutputStreamEntry.java:149)
	at org.apache.hadoop.ozone.client.io.KeyOutputStream.handleStreamAction(KeyOutputStream.java:483)
	at org.apache.hadoop.ozone.client.io.KeyOutputStream.handleFlushOrClose(KeyOutputStream.java:457)
	at org.apache.hadoop.ozone.client.io.KeyOutputStream.close(KeyOutputStream.java:510)
	at org.apache.hadoop.ozone.client.io.OzoneOutputStream.close(OzoneOutputStream.java:60)
	at org.apache.hadoop.ozone.client.rpc.TestDeleteWithSlowFollower.testDeleteKeyWithSlowFollower(TestDeleteWithSlowFollower.java:224)
	at sun.reflect.NativeMethodAccessorImpl.invoke0(Native Method)
	at sun.reflect.NativeMethodAccessorImpl.invoke(NativeMethodAccessorImpl.java:62)
	at sun.reflect.DelegatingMethodAccessorImpl.invoke(DelegatingMethodAccessorImpl.java:43)
	at java.lang.reflect.Method.invoke(Method.java:498)
	at org.junit.runners.model.FrameworkMethod$1.runReflectiveCall(FrameworkMethod.java:47)
	at org.junit.internal.runners.model.ReflectiveCallable.run(ReflectiveCallable.java:12)
	at org.junit.runners.model.FrameworkMethod.invokeExplosively(FrameworkMethod.java:44)
	at org.junit.internal.runners.statements.InvokeMethod.evaluate(InvokeMethod.java:17)
	at org.junit.runners.ParentRunner.runLeaf(ParentRunner.java:271)
	at org.junit.runners.BlockJUnit4ClassRunner.runChild(BlockJUnit4ClassRunner.java:70)
	at org.junit.runners.BlockJUnit4ClassRunner.runChild(BlockJUnit4ClassRunner.java:50)
	at org.junit.runners.ParentRunner$3.run(ParentRunner.java:238)
	at org.junit.runners.ParentRunner$1.schedule(ParentRunner.java:63)
	at org.junit.runners.ParentRunner.runChildren(ParentRunner.java:236)
	at org.junit.runners.ParentRunner.access$000(ParentRunner.java:53)
	at org.junit.runners.ParentRunner$2.evaluate(ParentRunner.java:229)
	at org.junit.internal.runners.statements.RunBefores.evaluate(RunBefores.java:26)
	at org.junit.internal.runners.statements.RunAfters.evaluate(RunAfters.java:27)
	at org.junit.runners.ParentRunner.run(ParentRunner.java:309)
	at org.apache.maven.surefire.junit4.JUnit4Provider.execute(JUnit4Provider.java:365)
	at org.apache.maven.surefire.junit4.JUnit4Provider.executeWithRerun(JUnit4Provider.java:273)
	at org.apache.maven.surefire.junit4.JUnit4Provider.executeTestSet(JUnit4Provider.java:238)
	at org.apache.maven.surefire.junit4.JUnit4Provider.invoke(JUnit4Provider.java:159)
	at org.apache.maven.surefire.booter.ForkedBooter.invokeProviderInSameClassLoader(ForkedBooter.java:384)
	at org.apache.maven.surefire.booter.ForkedBooter.runSuitesInProcess(ForkedBooter.java:345)
	at org.apache.maven.surefire.booter.ForkedBooter.execute(ForkedBooter.java:126)
	at org.apache.maven.surefire.booter.ForkedBooter.main(ForkedBooter.java:418)
Caused by: org.apache.ratis.protocol.NotReplicatedException: Request with call Id 9 and log index 2 is not yet replicated to ALL_COMMITTED
	at org.apache.ratis.client.impl.ClientProtoUtils.toRaftClientReply(ClientProtoUtils.java:274)
	at org.apache.ratis.grpc.client.GrpcClientProtocolClient$AsyncStreamObservers$1.onNext(GrpcClientProtocolClient.java:268)
	at org.apache.ratis.grpc.client.GrpcClientProtocolClient$AsyncStreamObservers$1.onNext(GrpcClientProtocolClient.java:263)
	at org.apache.ratis.thirdparty.io.grpc.stub.ClientCalls$StreamObserverToCallListenerAdapter.onMessage(ClientCalls.java:440)
	at org.apache.ratis.thirdparty.io.grpc.internal.ClientCallImpl$ClientStreamListenerImpl$1MessagesAvailable.runInternal(ClientCallImpl.java:658)
	at org.apache.ratis.thirdparty.io.grpc.internal.ClientCallImpl$ClientStreamListenerImpl$1MessagesAvailable.runInContext(ClientCallImpl.java:643)
	at org.apache.ratis.thirdparty.io.grpc.internal.ContextRunnable.run(ContextRunnable.java:37)
	at org.apache.ratis.thirdparty.io.grpc.internal.SerializingExecutor.run(SerializingExecutor.java:123)
	at java.util.concurrent.ThreadPoolExecutor.runWorker(ThreadPoolExecutor.java:1149)
	at java.util.concurrent.ThreadPoolExecutor$Worker.run(ThreadPoolExecutor.java:624)
	at java.lang.Thread.run(Thread.java:748)
2020-08-03 13:16:51,949 [Listener at 127.0.0.1/33105] INFO  scm.XceiverClientRatis (XceiverClientRatis.java:lambda$watchForCommit$6(283)) - Could not commit index 2 on pipeline Pipeline[ Id: e0846cd6-5e87-404c-a762-73ffbb5af31c, Nodes: 86f0f98e-23cf-4f3b-8199-5ed948c98077{ip: 172.17.0.2, host: 21919eb6eecd, networkLocation: /default-rack, certSerialId: null}8eb359cf-ee67-4045-b6ec-0ab075cb664f{ip: 172.17.0.2, host: 21919eb6eecd, networkLocation: /default-rack, certSerialId: null}4e2fb976-3d8c-4aa0-85dc-e2a3a74bd48f{ip: 172.17.0.2, host: 21919eb6eecd, networkLocation: /default-rack, certSerialId: null}, Type:RATIS, Factor:THREE, State:OPEN, leaderId:4e2fb976-3d8c-4aa0-85dc-e2a3a74bd48f, CreationTimestamp2020-08-03T13:16:32.901Z] to all the nodes. Server 8eb359cf-ee67-4045-b6ec-0ab075cb664f has failed. Committed by majority.
2020-08-03 13:16:51,950 [Listener at 127.0.0.1/33105] WARN  storage.BlockOutputStream (BlockOutputStream.java:watchForCommit(357)) - Failed to commit BlockId conID: 1 locID: 104625642045767680 bcsId: 2 on Pipeline[ Id: e0846cd6-5e87-404c-a762-73ffbb5af31c, Nodes: 86f0f98e-23cf-4f3b-8199-5ed948c98077{ip: 172.17.0.2, host: 21919eb6eecd, networkLocation: /default-rack, certSerialId: null}8eb359cf-ee67-4045-b6ec-0ab075cb664f{ip: 172.17.0.2, host: 21919eb6eecd, networkLocation: /default-rack, certSerialId: null}4e2fb976-3d8c-4aa0-85dc-e2a3a74bd48f{ip: 172.17.0.2, host: 21919eb6eecd, networkLocation: /default-rack, certSerialId: null}, Type:RATIS, Factor:THREE, State:OPEN, leaderId:4e2fb976-3d8c-4aa0-85dc-e2a3a74bd48f, CreationTimestamp2020-08-03T13:16:32.901Z]. Failed nodes: [8eb359cf-ee67-4045-b6ec-0ab075cb664f{ip: null, host: null, networkLocation: /default-rack, certSerialId: null}]
2020-08-03 13:16:51,987 [grpc-default-executor-0] WARN  server.GrpcLogAppender (LogUtils.java:warn(122)) - 4e2fb976-3d8c-4aa0-85dc-e2a3a74bd48f@group-73FFBB5AF31C->8eb359cf-ee67-4045-b6ec-0ab075cb664f-AppendLogResponseHandler: Failed appendEntries: org.apache.ratis.thirdparty.io.grpc.StatusRuntimeException: UNAVAILABLE: io exception
2020-08-03 13:16:51,988 [grpc-default-executor-0] INFO  impl.FollowerInfo (FollowerInfo.java:lambda$new$0(51)) - 4e2fb976-3d8c-4aa0-85dc-e2a3a74bd48f@group-73FFBB5AF31C->8eb359cf-ee67-4045-b6ec-0ab075cb664f: nextIndex: updateUnconditionally 1 -> 0
2020-08-03 13:16:51,998 [Datanode State Machine Thread - 0] WARN  statemachine.DatanodeStateMachine (DatanodeStateMachine.java:start(245)) - Interrupt the execution.
java.lang.InterruptedException: sleep interrupted
	at java.lang.Thread.sleep(Native Method)
	at org.apache.hadoop.ozone.container.common.statemachine.DatanodeStateMachine.start(DatanodeStateMachine.java:243)
	at org.apache.hadoop.ozone.container.common.statemachine.DatanodeStateMachine.lambda$startDaemon$0(DatanodeStateMachine.java:405)
	at java.lang.Thread.run(Thread.java:748)
2020-08-03 13:16:52,003 [RatisApplyTransactionExecutor 1] INFO  interfaces.Container (KeyValueContainer.java:flushAndSyncDB(382)) - Container 1 is synced with bcsId 2.
2020-08-03 13:16:52,003 [RatisApplyTransactionExecutor 1] INFO  interfaces.Container (KeyValueContainer.java:flushAndSyncDB(382)) - Container 1 is synced with bcsId 2.
2020-08-03 13:16:52,004 [grpc-default-executor-1] WARN  server.GrpcLogAppender (LogUtils.java:warn(122)) - 4e2fb976-3d8c-4aa0-85dc-e2a3a74bd48f@group-73FFBB5AF31C->8eb359cf-ee67-4045-b6ec-0ab075cb664f-AppendLogResponseHandler: Failed appendEntries: org.apache.ratis.thirdparty.io.grpc.StatusRuntimeException: UNAVAILABLE: io exception
2020-08-03 13:16:52,005 [grpc-default-executor-1] INFO  impl.FollowerInfo (FollowerInfo.java:lambda$new$0(51)) - 4e2fb976-3d8c-4aa0-85dc-e2a3a74bd48f@group-73FFBB5AF31C->8eb359cf-ee67-4045-b6ec-0ab075cb664f: nextIndex: updateUnconditionally 1 -> 0
2020-08-03 13:16:52,013 [grpc-default-executor-0] WARN  server.GrpcLogAppender (LogUtils.java:warn(122)) - 4e2fb976-3d8c-4aa0-85dc-e2a3a74bd48f@group-73FFBB5AF31C->8eb359cf-ee67-4045-b6ec-0ab075cb664f-AppendLogResponseHandler: Failed appendEntries: org.apache.ratis.thirdparty.io.grpc.StatusRuntimeException: UNAVAILABLE: io exception
2020-08-03 13:16:52,014 [grpc-default-executor-0] INFO  impl.FollowerInfo (FollowerInfo.java:lambda$new$0(51)) - 4e2fb976-3d8c-4aa0-85dc-e2a3a74bd48f@group-73FFBB5AF31C->8eb359cf-ee67-4045-b6ec-0ab075cb664f: nextIndex: updateUnconditionally 1 -> 0
2020-08-03 13:16:52,014 [Datanode State Machine Thread - 0] WARN  statemachine.DatanodeStateMachine (DatanodeStateMachine.java:start(245)) - Interrupt the execution.
java.lang.InterruptedException: sleep interrupted
	at java.lang.Thread.sleep(Native Method)
	at org.apache.hadoop.ozone.container.common.statemachine.DatanodeStateMachine.start(DatanodeStateMachine.java:243)
	at org.apache.hadoop.ozone.container.common.statemachine.DatanodeStateMachine.lambda$startDaemon$0(DatanodeStateMachine.java:405)
	at java.lang.Thread.run(Thread.java:748)
2020-08-03 13:16:52,014 [RatisApplyTransactionExecutor 1] INFO  interfaces.Container (KeyValueContainer.java:close(320)) - Container 1 is closed with bcsId 2.
2020-08-03 13:16:52,015 [Datanode State Machine Thread - 0] WARN  statemachine.DatanodeStateMachine (DatanodeStateMachine.java:start(245)) - Interrupt the execution.
java.lang.InterruptedException: sleep interrupted
	at java.lang.Thread.sleep(Native Method)
	at org.apache.hadoop.ozone.container.common.statemachine.DatanodeStateMachine.start(DatanodeStateMachine.java:243)
	at org.apache.hadoop.ozone.container.common.statemachine.DatanodeStateMachine.lambda$startDaemon$0(DatanodeStateMachine.java:405)
	at java.lang.Thread.run(Thread.java:748)
2020-08-03 13:16:52,016 [EventQueue-IncrementalContainerReportForIncrementalContainerReportHandler] INFO  container.IncrementalContainerReportHandler (AbstractContainerReportHandler.java:updateContainerState(171)) - Moving container #1 to CLOSED state, datanode 4e2fb976-3d8c-4aa0-85dc-e2a3a74bd48f{ip: 172.17.0.2, host: 21919eb6eecd, networkLocation: /default-rack, certSerialId: null} reported CLOSED replica.
2020-08-03 13:16:52,016 [RatisApplyTransactionExecutor 1] INFO  interfaces.Container (KeyValueContainer.java:flushAndSyncDB(382)) - Container 1 is synced with bcsId 2.
2020-08-03 13:16:52,019 [RatisApplyTransactionExecutor 1] INFO  interfaces.Container (KeyValueContainer.java:flushAndSyncDB(382)) - Container 1 is synced with bcsId 2.
2020-08-03 13:16:52,022 [RatisApplyTransactionExecutor 1] INFO  interfaces.Container (KeyValueContainer.java:close(320)) - Container 1 is closed with bcsId 2.
2020-08-03 13:16:52,022 [Datanode State Machine Thread - 0] WARN  statemachine.DatanodeStateMachine (DatanodeStateMachine.java:start(245)) - Interrupt the execution.
java.lang.InterruptedException: sleep interrupted
	at java.lang.Thread.sleep(Native Method)
	at org.apache.hadoop.ozone.container.common.statemachine.DatanodeStateMachine.start(DatanodeStateMachine.java:243)
	at org.apache.hadoop.ozone.container.common.statemachine.DatanodeStateMachine.lambda$startDaemon$0(DatanodeStateMachine.java:405)
	at java.lang.Thread.run(Thread.java:748)
2020-08-03 13:16:52,520 [IPC Server handler 0 on default port 46579] INFO  server.SCMBlockProtocolServer (SCMBlockProtocolServer.java:deleteKeyBlocks(220)) - SCM is informed by OM to delete 1 blocks
2020-08-03 13:16:52,520 [IPC Server handler 0 on default port 46579] INFO  block.BlockManagerImpl (BlockManagerImpl.java:deleteBlocks(290)) - Deleting blocks conID: 1 locID: 104625642045767680 bcsId: 0
2020-08-03 13:16:52,674 [BlockDeletingService#2] WARN  background.BlockDeletingService (BlockDeletingService.java:isDeletionAllowed(186)) - Close Container log Index 2 is not replicated across all the servers in the pipeline e0846cd6-5e87-404c-a762-73ffbb5af31c as the min replicated index is 0. Deletion is not allowed in this container yet.
2020-08-03 13:16:52,793 [BlockDeletingService#2] WARN  background.BlockDeletingService (BlockDeletingService.java:isDeletionAllowed(186)) - Close Container log Index 2 is not replicated across all the servers in the pipeline e0846cd6-5e87-404c-a762-73ffbb5af31c as the min replicated index is 0. Deletion is not allowed in this container yet.
2020-08-03 13:16:53,459 [SCMBlockDeletingService#0] INFO  block.SCMBlockDeletingService (SCMBlockDeletingService.java:call(181)) - Totally added 2 delete blocks command for 2 datanodes, task elapsed time: 5ms
2020-08-03 13:16:53,459 [CommandWatcher-LeaseManager#LeaseMonitor] ERROR lease.LeaseManager (LeaseManager.java:run(238)) - Execution was interrupted 
java.lang.InterruptedException: sleep interrupted
	at java.lang.Thread.sleep(Native Method)
	at org.apache.hadoop.ozone.lease.LeaseManager$LeaseMonitor.run(LeaseManager.java:234)
	at java.lang.Thread.run(Thread.java:748)
2020-08-03 13:16:53,460 [CommandWatcher-LeaseManager#LeaseMonitor] ERROR lease.LeaseManager (LeaseManager.java:run(238)) - Execution was interrupted 
java.lang.InterruptedException: sleep interrupted
	at java.lang.Thread.sleep(Native Method)
	at org.apache.hadoop.ozone.lease.LeaseManager$LeaseMonitor.run(LeaseManager.java:234)
	at java.lang.Thread.run(Thread.java:748)
2020-08-03 13:16:53,527 [EventQueue-PendingDeleteStatusForPendingDeleteHandler] INFO  block.SCMBlockDeletingService (SCMBlockDeletingService.java:handlePendingDeletes(112)) - Block deletion txnID mismatch in datanode 86f0f98e-23cf-4f3b-8199-5ed948c98077 for containerID 1. Datanode delete txnID: 0, SCM txnID: 1
2020-08-03 13:16:53,675 [BlockDeletingService#2] WARN  background.BlockDeletingService (BlockDeletingService.java:isDeletionAllowed(186)) - Close Container log Index 2 is not replicated across all the servers in the pipeline e0846cd6-5e87-404c-a762-73ffbb5af31c as the min replicated index is 0. Deletion is not allowed in this container yet.
2020-08-03 13:16:53,725 [EventQueue-PendingDeleteStatusForPendingDeleteHandler] INFO  block.SCMBlockDeletingService (SCMBlockDeletingService.java:handlePendingDeletes(112)) - Block deletion txnID mismatch in datanode 86f0f98e-23cf-4f3b-8199-5ed948c98077 for containerID 1. Datanode delete txnID: 0, SCM txnID: 1
2020-08-03 13:16:53,795 [BlockDeletingService#2] WARN  background.BlockDeletingService (BlockDeletingService.java:isDeletionAllowed(186)) - Close Container log Index 2 is not replicated across all the servers in the pipeline e0846cd6-5e87-404c-a762-73ffbb5af31c as the min replicated index is 0. Deletion is not allowed in this container yet.
2020-08-03 13:16:53,821 [EventQueue-PendingDeleteStatusForPendingDeleteHandler] INFO  block.SCMBlockDeletingService (SCMBlockDeletingService.java:handlePendingDeletes(112)) - Block deletion txnID mismatch in datanode 4e2fb976-3d8c-4aa0-85dc-e2a3a74bd48f for containerID 1. Datanode delete txnID: 0, SCM txnID: 1
2020-08-03 13:16:54,120 [Command processor thread] INFO  commandhandler.DeleteBlocksCommandHandler (DeleteBlocksCommandHandler.java:handle(108)) - Start to delete container blocks, TXIDs=[1(0)], numOfContainers=1, numOfBlocks=1
2020-08-03 13:16:54,122 [EventQueue-PendingDeleteStatusForPendingDeleteHandler] INFO  block.SCMBlockDeletingService (SCMBlockDeletingService.java:handlePendingDeletes(112)) - Block deletion txnID mismatch in datanode 4e2fb976-3d8c-4aa0-85dc-e2a3a74bd48f for containerID 1. Datanode delete txnID: 0, SCM txnID: 1
2020-08-03 13:16:54,125 [EventQueue-PendingDeleteStatusForPendingDeleteHandler] INFO  block.SCMBlockDeletingService (SCMBlockDeletingService.java:handlePendingDeletes(112)) - Block deletion txnID mismatch in datanode 86f0f98e-23cf-4f3b-8199-5ed948c98077 for containerID 1. Datanode delete txnID: 0, SCM txnID: 1
]]></system-out>
    <system-err><![CDATA[ERROR StatusLogger No Log4j 2 configuration file found. Using default configuration (logging only errors to the console), or user programmatically provided configurations. Set system property 'log4j2.debug' to show Log4j 2 internal initialization logging. See https://logging.apache.org/log4j/2.x/manual/configuration.html for instructions on how to configure Log4j 2
]]></system-err>
  </testcase>
</testsuite>