<?xml version="1.0" encoding="UTF-8"?>
<testsuite xmlns:xsi="http://www.w3.org/2001/XMLSchema-instance" xsi:noNamespaceSchemaLocation="https://maven.apache.org/surefire/maven-surefire-plugin/xsd/surefire-test-report.xsd" name="org.apache.hadoop.ozone.client.rpc.TestWatchForCommit" time="213.784" tests="4" errors="1" skipped="0" failures="0">
  <properties>
    <property name="awt.toolkit" value="sun.awt.X11.XToolkit"/>
    <property name="file.encoding.pkg" value="sun.io"/>
    <property name="java.specification.version" value="1.8"/>
    <property name="sun.cpu.isalist" value=""/>
    <property name="sun.jnu.encoding" value="ANSI_X3.4-1968"/>
    <property name="java.class.path" value="/github/workspace/mnt/ozone/hadoop-ozone/integration-test/target/test-classes:/github/workspace/mnt/ozone/hadoop-ozone/integration-test/target/classes:/home/user/.m2/repository/org/apache/hadoop/hadoop-ozone-common/0.6.0-SNAPSHOT/hadoop-ozone-common-0.6.0-SNAPSHOT.jar:/home/user/.m2/repository/org/apache/commons/commons-compress/1.4.1/commons-compress-1.4.1.jar:/home/user/.m2/repository/org/tukaani/xz/1.0/xz-1.0.jar:/home/user/.m2/repository/org/apache/hadoop/hadoop-hdds-common/0.6.0-SNAPSHOT/hadoop-hdds-common-0.6.0-SNAPSHOT.jar:/home/user/.m2/repository/org/apache/hadoop/hadoop-hdds-hadoop-dependency-client/0.6.0-SNAPSHOT/hadoop-hdds-hadoop-dependency-client-0.6.0-SNAPSHOT.jar:/home/user/.m2/repository/info/picocli/picocli/3.9.6/picocli-3.9.6.jar:/home/user/.m2/repository/com/fasterxml/jackson/core/jackson-annotations/2.10.3/jackson-annotations-2.10.3.jar:/home/user/.m2/repository/javax/annotation/javax.annotation-api/1.2/javax.annotation-api-1.2.jar:/home/user/.m2/repository/org/apache/ratis/ratis-server/1.0.0/ratis-server-1.0.0.jar:/home/user/.m2/repository/org/apache/ratis/ratis-client/1.0.0/ratis-client-1.0.0.jar:/home/user/.m2/repository/org/apache/ratis/ratis-metrics/1.0.0/ratis-metrics-1.0.0.jar:/home/user/.m2/repository/org/apache/ratis/ratis-netty/1.0.0/ratis-netty-1.0.0.jar:/home/user/.m2/repository/org/apache/ratis/ratis-grpc/1.0.0/ratis-grpc-1.0.0.jar:/home/user/.m2/repository/org/apache/logging/log4j/log4j-api/2.11.0/log4j-api-2.11.0.jar:/home/user/.m2/repository/org/apache/logging/log4j/log4j-core/2.11.0/log4j-core-2.11.0.jar:/home/user/.m2/repository/com/lmax/disruptor/3.4.2/disruptor-3.4.2.jar:/home/user/.m2/repository/org/apache/commons/commons-pool2/2.6.0/commons-pool2-2.6.0.jar:/home/user/.m2/repository/org/bouncycastle/bcpkix-jdk15on/1.60/bcpkix-jdk15on-1.60.jar:/home/user/.m2/repository/commons-validator/commons-validator/1.6/commons-validator-1.6.jar:/home/user/.m2/repository/commons-digester/commons-digester/1.8.1/commons-digester-1.8.1.jar:/home/user/.m2/repository/io/jaegertracing/jaeger-client/1.2.0/jaeger-client-1.2.0.jar:/home/user/.m2/repository/io/jaegertracing/jaeger-thrift/1.2.0/jaeger-thrift-1.2.0.jar:/home/user/.m2/repository/org/apache/thrift/libthrift/0.13.0/libthrift-0.13.0.jar:/home/user/.m2/repository/com/squareup/okhttp3/okhttp/4.2.2/okhttp-4.2.2.jar:/home/user/.m2/repository/com/squareup/okio/okio/2.2.2/okio-2.2.2.jar:/home/user/.m2/repository/org/jetbrains/kotlin/kotlin-stdlib/1.3.50/kotlin-stdlib-1.3.50.jar:/home/user/.m2/repository/org/jetbrains/kotlin/kotlin-stdlib-common/1.3.50/kotlin-stdlib-common-1.3.50.jar:/home/user/.m2/repository/org/jetbrains/annotations/13.0/annotations-13.0.jar:/home/user/.m2/repository/io/jaegertracing/jaeger-core/1.2.0/jaeger-core-1.2.0.jar:/home/user/.m2/repository/io/jaegertracing/jaeger-tracerresolver/1.2.0/jaeger-tracerresolver-1.2.0.jar:/home/user/.m2/repository/io/opentracing/contrib/opentracing-tracerresolver/0.1.8/opentracing-tracerresolver-0.1.8.jar:/home/user/.m2/repository/io/opentracing/opentracing-util/0.33.0/opentracing-util-0.33.0.jar:/home/user/.m2/repository/io/opentracing/opentracing-api/0.33.0/opentracing-api-0.33.0.jar:/home/user/.m2/repository/io/opentracing/opentracing-noop/0.33.0/opentracing-noop-0.33.0.jar:/home/user/.m2/repository/org/apache/hadoop/hadoop-hdds-client/0.6.0-SNAPSHOT/hadoop-hdds-client-0.6.0-SNAPSHOT.jar:/home/user/.m2/repository/org/apache/hadoop/hadoop-ozone-interface-client/0.6.0-SNAPSHOT/hadoop-ozone-interface-client-0.6.0-SNAPSHOT.jar:/home/user/.m2/repository/org/apache/hadoop/hadoop-hdds-test-utils/0.6.0-SNAPSHOT/hadoop-hdds-test-utils-0.6.0-SNAPSHOT.jar:/home/user/.m2/repository/com/google/guava/guava/28.2-jre/guava-28.2-jre.jar:/home/user/.m2/repository/com/google/guava/failureaccess/1.0.1/failureaccess-1.0.1.jar:/home/user/.m2/repository/com/google/guava/listenablefuture/9999.0-empty-to-avoid-conflict-with-guava/listenablefuture-9999.0-empty-to-avoid-conflict-with-guava.jar:/home/user/.m2/repository/com/google/code/findbugs/jsr305/3.0.0/jsr305-3.0.0.jar:/home/user/.m2/repository/org/checkerframework/checker-qual/2.10.0/checker-qual-2.10.0.jar:/home/user/.m2/repository/com/google/errorprone/error_prone_annotations/2.2.0/error_prone_annotations-2.2.0.jar:/home/user/.m2/repository/com/google/j2objc/j2objc-annotations/1.3/j2objc-annotations-1.3.jar:/home/user/.m2/repository/commons-io/commons-io/2.5/commons-io-2.5.jar:/home/user/.m2/repository/commons-logging/commons-logging/1.2/commons-logging-1.2.jar:/home/user/.m2/repository/log4j/log4j/1.2.17/log4j-1.2.17.jar:/home/user/.m2/repository/org/slf4j/slf4j-api/1.7.25/slf4j-api-1.7.25.jar:/home/user/.m2/repository/org/apache/hadoop/hadoop-hdds-server-scm/0.6.0-SNAPSHOT/hadoop-hdds-server-scm-0.6.0-SNAPSHOT.jar:/home/user/.m2/repository/org/apache/hadoop/hadoop-hdds-container-service/0.6.0-SNAPSHOT/hadoop-hdds-container-service-0.6.0-SNAPSHOT.jar:/home/user/.m2/repository/org/apache/hadoop/hadoop-hdds-hadoop-dependency-server/0.6.0-SNAPSHOT/hadoop-hdds-hadoop-dependency-server-0.6.0-SNAPSHOT.jar:/home/user/.m2/repository/org/apache/hadoop/hadoop-hdds-server-framework/0.6.0-SNAPSHOT/hadoop-hdds-server-framework-0.6.0-SNAPSHOT.jar:/home/user/.m2/repository/org/apache/hadoop/hadoop-hdds-interface-server/0.6.0-SNAPSHOT/hadoop-hdds-interface-server-0.6.0-SNAPSHOT.jar:/home/user/.m2/repository/org/apache/hadoop/hadoop-hdds-interface-admin/0.6.0-SNAPSHOT/hadoop-hdds-interface-admin-0.6.0-SNAPSHOT.jar:/home/user/.m2/repository/org/rocksdb/rocksdbjni/6.8.1/rocksdbjni-6.8.1.jar:/home/user/.m2/repository/io/prometheus/simpleclient_dropwizard/0.7.0/simpleclient_dropwizard-0.7.0.jar:/home/user/.m2/repository/io/prometheus/simpleclient/0.7.0/simpleclient-0.7.0.jar:/home/user/.m2/repository/io/prometheus/simpleclient_common/0.7.0/simpleclient_common-0.7.0.jar:/home/user/.m2/repository/com/fasterxml/jackson/datatype/jackson-datatype-jsr310/2.10.3/jackson-datatype-jsr310-2.10.3.jar:/home/user/.m2/repository/org/apache/hadoop/hadoop-hdds-docs/0.6.0-SNAPSHOT/hadoop-hdds-docs-0.6.0-SNAPSHOT.jar:/home/user/.m2/repository/io/dropwizard/metrics/metrics-core/3.2.4/metrics-core-3.2.4.jar:/home/user/.m2/repository/org/apache/hadoop/hadoop-hdfs-client/3.2.1/hadoop-hdfs-client-3.2.1.jar:/home/user/.m2/repository/org/bouncycastle/bcprov-jdk15on/1.60/bcprov-jdk15on-1.60.jar:/home/user/.m2/repository/org/apache/hadoop/hadoop-ozone-ozone-manager/0.6.0-SNAPSHOT/hadoop-ozone-ozone-manager-0.6.0-SNAPSHOT.jar:/home/user/.m2/repository/org/apache/hadoop/hadoop-hdds-interface-client/0.6.0-SNAPSHOT/hadoop-hdds-interface-client-0.6.0-SNAPSHOT.jar:/home/user/.m2/repository/org/apache/ratis/ratis-thirdparty-misc/0.5.0/ratis-thirdparty-misc-0.5.0.jar:/home/user/.m2/repository/org/apache/hadoop/hadoop-minikdc/3.2.1/hadoop-minikdc-3.2.1.jar:/home/user/.m2/repository/org/apache/kerby/kerb-simplekdc/1.0.1/kerb-simplekdc-1.0.1.jar:/home/user/.m2/repository/org/apache/kerby/kerb-client/1.0.1/kerb-client-1.0.1.jar:/home/user/.m2/repository/org/apache/kerby/kerby-config/1.0.1/kerby-config-1.0.1.jar:/home/user/.m2/repository/org/apache/kerby/kerb-core/1.0.1/kerb-core-1.0.1.jar:/home/user/.m2/repository/org/apache/kerby/kerby-pkix/1.0.1/kerby-pkix-1.0.1.jar:/home/user/.m2/repository/org/apache/kerby/kerby-asn1/1.0.1/kerby-asn1-1.0.1.jar:/home/user/.m2/repository/org/apache/kerby/kerby-util/1.0.1/kerby-util-1.0.1.jar:/home/user/.m2/repository/org/apache/kerby/kerb-common/1.0.1/kerb-common-1.0.1.jar:/home/user/.m2/repository/org/apache/kerby/kerb-crypto/1.0.1/kerb-crypto-1.0.1.jar:/home/user/.m2/repository/org/apache/kerby/kerb-util/1.0.1/kerb-util-1.0.1.jar:/home/user/.m2/repository/org/apache/kerby/token-provider/1.0.1/token-provider-1.0.1.jar:/home/user/.m2/repository/org/apache/kerby/kerb-admin/1.0.1/kerb-admin-1.0.1.jar:/home/user/.m2/repository/org/apache/kerby/kerb-server/1.0.1/kerb-server-1.0.1.jar:/home/user/.m2/repository/org/apache/kerby/kerb-identity/1.0.1/kerb-identity-1.0.1.jar:/home/user/.m2/repository/org/apache/kerby/kerby-xdr/1.0.1/kerby-xdr-1.0.1.jar:/home/user/.m2/repository/org/slf4j/slf4j-log4j12/1.7.25/slf4j-log4j12-1.7.25.jar:/home/user/.m2/repository/org/apache/hadoop/hadoop-ozone-s3gateway/0.6.0-SNAPSHOT/hadoop-ozone-s3gateway-0.6.0-SNAPSHOT.jar:/home/user/.m2/repository/org/jboss/weld/servlet/weld-servlet/2.4.7.Final/weld-servlet-2.4.7.Final.jar:/home/user/.m2/repository/org/glassfish/jersey/containers/jersey-container-servlet-core/2.27/jersey-container-servlet-core-2.27.jar:/home/user/.m2/repository/org/glassfish/hk2/external/javax.inject/2.5.0-b42/javax.inject-2.5.0-b42.jar:/home/user/.m2/repository/org/glassfish/jersey/core/jersey-common/2.27/jersey-common-2.27.jar:/home/user/.m2/repository/org/glassfish/hk2/osgi-resource-locator/1.0.1/osgi-resource-locator-1.0.1.jar:/home/user/.m2/repository/javax/ws/rs/javax.ws.rs-api/2.1/javax.ws.rs-api-2.1.jar:/home/user/.m2/repository/org/glassfish/jersey/ext/cdi/jersey-cdi1x/2.27/jersey-cdi1x-2.27.jar:/home/user/.m2/repository/org/glassfish/jersey/inject/jersey-hk2/2.27/jersey-hk2-2.27.jar:/home/user/.m2/repository/org/glassfish/hk2/hk2-locator/2.5.0-b42/hk2-locator-2.5.0-b42.jar:/home/user/.m2/repository/org/javassist/javassist/3.22.0-CR2/javassist-3.22.0-CR2.jar:/home/user/.m2/repository/org/glassfish/hk2/hk2-api/2.5.0/hk2-api-2.5.0.jar:/home/user/.m2/repository/org/glassfish/hk2/external/jakarta.inject/2.5.0/jakarta.inject-2.5.0.jar:/home/user/.m2/repository/org/glassfish/hk2/hk2-utils/2.5.0/hk2-utils-2.5.0.jar:/home/user/.m2/repository/jakarta/annotation/jakarta.annotation-api/1.3.4/jakarta.annotation-api-1.3.4.jar:/home/user/.m2/repository/org/glassfish/hk2/external/aopalliance-repackaged/2.5.0/aopalliance-repackaged-2.5.0.jar:/home/user/.m2/repository/com/fasterxml/jackson/dataformat/jackson-dataformat-xml/2.10.3/jackson-dataformat-xml-2.10.3.jar:/home/user/.m2/repository/com/fasterxml/jackson/core/jackson-core/2.10.3/jackson-core-2.10.3.jar:/home/user/.m2/repository/com/fasterxml/jackson/module/jackson-module-jaxb-annotations/2.10.3/jackson-module-jaxb-annotations-2.10.3.jar:/home/user/.m2/repository/jakarta/xml/bind/jakarta.xml.bind-api/2.3.2/jakarta.xml.bind-api-2.3.2.jar:/home/user/.m2/repository/jakarta/activation/jakarta.activation-api/1.2.1/jakarta.activation-api-1.2.1.jar:/home/user/.m2/repository/org/codehaus/woodstox/stax2-api/3.1.4/stax2-api-3.1.4.jar:/home/user/.m2/repository/com/fasterxml/woodstox/woodstox-core/5.0.3/woodstox-core-5.0.3.jar:/home/user/.m2/repository/javax/enterprise/cdi-api/1.2/cdi-api-1.2.jar:/home/user/.m2/repository/javax/el/javax.el-api/3.0.0/javax.el-api-3.0.0.jar:/home/user/.m2/repository/javax/interceptor/javax.interceptor-api/1.2/javax.interceptor-api-1.2.jar:/home/user/.m2/repository/javax/inject/javax.inject/1/javax.inject-1.jar:/home/user/.m2/repository/com/sun/xml/bind/jaxb-impl/2.3.0.1/jaxb-impl-2.3.0.1.jar:/home/user/.m2/repository/com/sun/xml/bind/jaxb-core/2.3.0.1/jaxb-core-2.3.0.1.jar:/home/user/.m2/repository/javax/xml/bind/jaxb-api/2.3.0/jaxb-api-2.3.0.jar:/home/user/.m2/repository/javax/activation/activation/1.1.1/activation-1.1.1.jar:/home/user/.m2/repository/org/apache/hadoop/hadoop-ozone-csi/0.6.0-SNAPSHOT/hadoop-ozone-csi-0.6.0-SNAPSHOT.jar:/home/user/.m2/repository/com/google/protobuf/protobuf-java-util/3.11.0/protobuf-java-util-3.11.0.jar:/home/user/.m2/repository/com/google/code/gson/gson/2.2.4/gson-2.2.4.jar:/home/user/.m2/repository/org/apache/hadoop/hadoop-hdds-config/0.6.0-SNAPSHOT/hadoop-hdds-config-0.6.0-SNAPSHOT.jar:/home/user/.m2/repository/com/google/protobuf/protobuf-java/2.5.0/protobuf-java-2.5.0.jar:/home/user/.m2/repository/io/grpc/grpc-netty/1.29.0/grpc-netty-1.29.0.jar:/home/user/.m2/repository/io/grpc/grpc-core/1.29.0/grpc-core-1.29.0.jar:/home/user/.m2/repository/com/google/android/annotations/4.1.1.4/annotations-4.1.1.4.jar:/home/user/.m2/repository/io/perfmark/perfmark-api/0.19.0/perfmark-api-0.19.0.jar:/home/user/.m2/repository/io/netty/netty-codec-http2/4.1.48.Final/netty-codec-http2-4.1.48.Final.jar:/home/user/.m2/repository/io/netty/netty-codec/4.1.48.Final/netty-codec-4.1.48.Final.jar:/home/user/.m2/repository/io/netty/netty-handler/4.1.48.Final/netty-handler-4.1.48.Final.jar:/home/user/.m2/repository/io/netty/netty-codec-http/4.1.48.Final/netty-codec-http-4.1.48.Final.jar:/home/user/.m2/repository/io/netty/netty-handler-proxy/4.1.48.Final/netty-handler-proxy-4.1.48.Final.jar:/home/user/.m2/repository/io/netty/netty-codec-socks/4.1.48.Final/netty-codec-socks-4.1.48.Final.jar:/home/user/.m2/repository/io/netty/netty-transport-native-epoll/4.1.48.Final/netty-transport-native-epoll-4.1.48.Final.jar:/home/user/.m2/repository/io/netty/netty-common/4.1.48.Final/netty-common-4.1.48.Final.jar:/home/user/.m2/repository/io/netty/netty-buffer/4.1.48.Final/netty-buffer-4.1.48.Final.jar:/home/user/.m2/repository/io/netty/netty-transport/4.1.48.Final/netty-transport-4.1.48.Final.jar:/home/user/.m2/repository/io/netty/netty-resolver/4.1.48.Final/netty-resolver-4.1.48.Final.jar:/home/user/.m2/repository/io/netty/netty-transport-native-unix-common/4.1.48.Final/netty-transport-native-unix-common-4.1.48.Final.jar:/home/user/.m2/repository/io/grpc/grpc-protobuf/1.29.0/grpc-protobuf-1.29.0.jar:/home/user/.m2/repository/io/grpc/grpc-api/1.29.0/grpc-api-1.29.0.jar:/home/user/.m2/repository/io/grpc/grpc-context/1.29.0/grpc-context-1.29.0.jar:/home/user/.m2/repository/org/codehaus/mojo/animal-sniffer-annotations/1.18/animal-sniffer-annotations-1.18.jar:/home/user/.m2/repository/com/google/api/grpc/proto-google-common-protos/1.17.0/proto-google-common-protos-1.17.0.jar:/home/user/.m2/repository/io/grpc/grpc-protobuf-lite/1.29.0/grpc-protobuf-lite-1.29.0.jar:/home/user/.m2/repository/io/grpc/grpc-stub/1.29.0/grpc-stub-1.29.0.jar:/home/user/.m2/repository/org/apache/hadoop/hadoop-ozone-recon/0.6.0-SNAPSHOT/hadoop-ozone-recon-0.6.0-SNAPSHOT.jar:/home/user/.m2/repository/org/apache/hadoop/hadoop-ozone-reconcodegen/0.6.0-SNAPSHOT/hadoop-ozone-reconcodegen-0.6.0-SNAPSHOT.jar:/home/user/.m2/repository/com/google/inject/extensions/guice-multibindings/4.0/guice-multibindings-4.0.jar:/home/user/.m2/repository/com/google/inject/guice/4.0/guice-4.0.jar:/home/user/.m2/repository/aopalliance/aopalliance/1.0/aopalliance-1.0.jar:/home/user/.m2/repository/com/google/inject/extensions/guice-assistedinject/4.0/guice-assistedinject-4.0.jar:/home/user/.m2/repository/com/google/inject/extensions/guice-servlet/4.0/guice-servlet-4.0.jar:/home/user/.m2/repository/org/glassfish/jersey/containers/jersey-container-servlet/2.27/jersey-container-servlet-2.27.jar:/home/user/.m2/repository/org/glassfish/hk2/guice-bridge/2.5.0/guice-bridge-2.5.0.jar:/home/user/.m2/repository/org/glassfish/jersey/core/jersey-server/2.27/jersey-server-2.27.jar:/home/user/.m2/repository/org/glassfish/jersey/core/jersey-client/2.27/jersey-client-2.27.jar:/home/user/.m2/repository/org/glassfish/jersey/media/jersey-media-jaxb/2.27/jersey-media-jaxb-2.27.jar:/home/user/.m2/repository/javax/validation/validation-api/1.1.0.Final/validation-api-1.1.0.Final.jar:/home/user/.m2/repository/org/glassfish/jersey/media/jersey-media-json-jackson/2.27/jersey-media-json-jackson-2.27.jar:/home/user/.m2/repository/org/glassfish/jersey/ext/jersey-entity-filtering/2.27/jersey-entity-filtering-2.27.jar:/home/user/.m2/repository/org/jooq/jooq/3.11.10/jooq-3.11.10.jar:/home/user/.m2/repository/org/jooq/jooq-meta/3.11.10/jooq-meta-3.11.10.jar:/home/user/.m2/repository/org/jooq/jooq-codegen/3.11.10/jooq-codegen-3.11.10.jar:/home/user/.m2/repository/com/jolbox/bonecp/0.8.0.RELEASE/bonecp-0.8.0.RELEASE.jar:/home/user/.m2/repository/org/apache/derby/derby/10.14.2.0/derby-10.14.2.0.jar:/home/user/.m2/repository/org/xerial/sqlite-jdbc/3.25.2/sqlite-jdbc-3.25.2.jar:/home/user/.m2/repository/org/springframework/spring-jdbc/5.2.5.RELEASE/spring-jdbc-5.2.5.RELEASE.jar:/home/user/.m2/repository/org/springframework/spring-beans/5.2.5.RELEASE/spring-beans-5.2.5.RELEASE.jar:/home/user/.m2/repository/org/springframework/spring-core/5.2.5.RELEASE/spring-core-5.2.5.RELEASE.jar:/home/user/.m2/repository/org/springframework/spring-jcl/5.2.5.RELEASE/spring-jcl-5.2.5.RELEASE.jar:/home/user/.m2/repository/org/springframework/spring-tx/5.2.5.RELEASE/spring-tx-5.2.5.RELEASE.jar:/home/user/.m2/repository/org/apache/hadoop/hadoop-ozone-client/0.6.0-SNAPSHOT/hadoop-ozone-client-0.6.0-SNAPSHOT.jar:/home/user/.m2/repository/org/apache/hadoop/hadoop-ozone-filesystem/0.6.0-SNAPSHOT/hadoop-ozone-filesystem-0.6.0-SNAPSHOT.jar:/home/user/.m2/repository/org/apache/hadoop/hadoop-ozone-filesystem-common/0.6.0-SNAPSHOT/hadoop-ozone-filesystem-common-0.6.0-SNAPSHOT.jar:/home/user/.m2/repository/org/apache/hadoop/hadoop-ozone-tools/0.6.0-SNAPSHOT/hadoop-ozone-tools-0.6.0-SNAPSHOT.jar:/home/user/.m2/repository/org/apache/hadoop/hadoop-hdfs/3.2.1/hadoop-hdfs-3.2.1.jar:/home/user/.m2/repository/org/apache/ratis/ratis-tools/1.0.0/ratis-tools-1.0.0.jar:/home/user/.m2/repository/org/apache/ratis/ratis-proto/1.0.0/ratis-proto-1.0.0.jar:/home/user/.m2/repository/org/apache/ratis/ratis-common/1.0.0/ratis-common-1.0.0.jar:/home/user/.m2/repository/com/amazonaws/aws-java-sdk-core/1.11.615/aws-java-sdk-core-1.11.615.jar:/home/user/.m2/repository/org/apache/httpcomponents/httpclient/4.5.2/httpclient-4.5.2.jar:/home/user/.m2/repository/org/apache/httpcomponents/httpcore/4.4.4/httpcore-4.4.4.jar:/home/user/.m2/repository/software/amazon/ion/ion-java/1.0.2/ion-java-1.0.2.jar:/home/user/.m2/repository/com/fasterxml/jackson/dataformat/jackson-dataformat-cbor/2.10.3/jackson-dataformat-cbor-2.10.3.jar:/home/user/.m2/repository/joda-time/joda-time/2.8.1/joda-time-2.8.1.jar:/home/user/.m2/repository/com/amazonaws/aws-java-sdk-s3/1.11.615/aws-java-sdk-s3-1.11.615.jar:/home/user/.m2/repository/com/amazonaws/aws-java-sdk-kms/1.11.615/aws-java-sdk-kms-1.11.615.jar:/home/user/.m2/repository/com/amazonaws/jmespath-java/1.11.615/jmespath-java-1.11.615.jar:/home/user/.m2/repository/org/apache/hadoop/hadoop-hdds-tools/0.6.0-SNAPSHOT/hadoop-hdds-tools-0.6.0-SNAPSHOT.jar:/home/user/.m2/repository/commons-cli/commons-cli/1.2/commons-cli-1.2.jar:/home/user/.m2/repository/org/apache/commons/commons-lang3/3.7/commons-lang3-3.7.jar:/home/user/.m2/repository/org/apache/hadoop/hadoop-ozone-ozone-manager/0.6.0-SNAPSHOT/hadoop-ozone-ozone-manager-0.6.0-SNAPSHOT-tests.jar:/home/user/.m2/repository/junit/junit/4.11/junit-4.11.jar:/home/user/.m2/repository/org/hamcrest/hamcrest-core/1.3/hamcrest-core-1.3.jar:/home/user/.m2/repository/org/openjdk/jmh/jmh-core/1.19/jmh-core-1.19.jar:/home/user/.m2/repository/net/sf/jopt-simple/jopt-simple/4.6/jopt-simple-4.6.jar:/home/user/.m2/repository/org/apache/commons/commons-math3/3.1.1/commons-math3-3.1.1.jar:/home/user/.m2/repository/org/openjdk/jmh/jmh-generator-annprocess/1.19/jmh-generator-annprocess-1.19.jar:/home/user/.m2/repository/org/mockito/mockito-all/1.8.5/mockito-all-1.8.5.jar:/home/user/.m2/repository/org/apache/hadoop/hadoop-kms/3.2.1/hadoop-kms-3.2.1.jar:/home/user/.m2/repository/org/apache/hadoop/hadoop-auth/3.2.1/hadoop-auth-3.2.1.jar:/home/user/.m2/repository/com/nimbusds/nimbus-jose-jwt/7.9/nimbus-jose-jwt-7.9.jar:/home/user/.m2/repository/com/github/stephenc/jcip/jcip-annotations/1.0-1/jcip-annotations-1.0-1.jar:/home/user/.m2/repository/net/minidev/json-smart/2.3/json-smart-2.3.jar:/home/user/.m2/repository/net/minidev/accessors-smart/1.2/accessors-smart-1.2.jar:/home/user/.m2/repository/org/ow2/asm/asm/5.0.4/asm-5.0.4.jar:/home/user/.m2/repository/org/apache/zookeeper/zookeeper/3.4.13/zookeeper-3.4.13.jar:/home/user/.m2/repository/org/apache/yetus/audience-annotations/0.5.0/audience-annotations-0.5.0.jar:/home/user/.m2/repository/org/apache/curator/curator-framework/2.13.0/curator-framework-2.13.0.jar:/home/user/.m2/repository/com/sun/jersey/jersey-core/1.19/jersey-core-1.19.jar:/home/user/.m2/repository/javax/ws/rs/jsr311-api/1.1.1/jsr311-api-1.1.1.jar:/home/user/.m2/repository/com/sun/jersey/jersey-server/1.19/jersey-server-1.19.jar:/home/user/.m2/repository/javax/servlet/javax.servlet-api/3.1.0/javax.servlet-api-3.1.0.jar:/home/user/.m2/repository/org/eclipse/jetty/jetty-server/9.4.26.v20200117/jetty-server-9.4.26.v20200117.jar:/home/user/.m2/repository/org/eclipse/jetty/jetty-http/9.4.26.v20200117/jetty-http-9.4.26.v20200117.jar:/home/user/.m2/repository/org/eclipse/jetty/jetty-io/9.4.26.v20200117/jetty-io-9.4.26.v20200117.jar:/home/user/.m2/repository/org/eclipse/jetty/jetty-webapp/9.4.26.v20200117/jetty-webapp-9.4.26.v20200117.jar:/home/user/.m2/repository/org/eclipse/jetty/jetty-xml/9.4.26.v20200117/jetty-xml-9.4.26.v20200117.jar:/home/user/.m2/repository/org/eclipse/jetty/jetty-servlet/9.4.26.v20200117/jetty-servlet-9.4.26.v20200117.jar:/home/user/.m2/repository/org/eclipse/jetty/jetty-security/9.4.26.v20200117/jetty-security-9.4.26.v20200117.jar:/home/user/.m2/repository/org/apache/hadoop/hadoop-common/3.2.1/hadoop-common-3.2.1.jar:/home/user/.m2/repository/commons-net/commons-net/3.6/commons-net-3.6.jar:/home/user/.m2/repository/commons-collections/commons-collections/3.2.2/commons-collections-3.2.2.jar:/home/user/.m2/repository/com/sun/jersey/jersey-servlet/1.19/jersey-servlet-1.19.jar:/home/user/.m2/repository/com/sun/jersey/jersey-json/1.19/jersey-json-1.19.jar:/home/user/.m2/repository/org/codehaus/jettison/jettison/1.1/jettison-1.1.jar:/home/user/.m2/repository/org/codehaus/jackson/jackson-jaxrs/1.9.2/jackson-jaxrs-1.9.2.jar:/home/user/.m2/repository/org/codehaus/jackson/jackson-xc/1.9.2/jackson-xc-1.9.2.jar:/home/user/.m2/repository/commons-beanutils/commons-beanutils/1.9.4/commons-beanutils-1.9.4.jar:/home/user/.m2/repository/org/apache/commons/commons-configuration2/2.1.1/commons-configuration2-2.1.1.jar:/home/user/.m2/repository/org/apache/commons/commons-text/1.4/commons-text-1.4.jar:/home/user/.m2/repository/com/google/re2j/re2j/1.1/re2j-1.1.jar:/home/user/.m2/repository/com/jcraft/jsch/0.1.54/jsch-0.1.54.jar:/home/user/.m2/repository/org/apache/curator/curator-client/2.13.0/curator-client-2.13.0.jar:/home/user/.m2/repository/org/apache/curator/curator-recipes/2.13.0/curator-recipes-2.13.0.jar:/home/user/.m2/repository/dnsjava/dnsjava/2.1.7/dnsjava-2.1.7.jar:/home/user/.m2/repository/org/slf4j/jul-to-slf4j/1.7.25/jul-to-slf4j-1.7.25.jar:/home/user/.m2/repository/org/eclipse/jetty/jetty-util/9.4.26.v20200117/jetty-util-9.4.26.v20200117.jar:/home/user/.m2/repository/com/fasterxml/jackson/core/jackson-databind/2.10.3/jackson-databind-2.10.3.jar:/home/user/.m2/repository/org/apache/hadoop/hadoop-kms/3.2.1/hadoop-kms-3.2.1-tests.jar:/home/user/.m2/repository/org/apache/hadoop/hadoop-hdds-server-scm/0.6.0-SNAPSHOT/hadoop-hdds-server-scm-0.6.0-SNAPSHOT-tests.jar:/home/user/.m2/repository/org/apache/hadoop/hadoop-hdds-container-service/0.6.0-SNAPSHOT/hadoop-hdds-container-service-0.6.0-SNAPSHOT-tests.jar:/home/user/.m2/repository/org/apache/hadoop/hadoop-hdds-common/0.6.0-SNAPSHOT/hadoop-hdds-common-0.6.0-SNAPSHOT-tests.jar:/home/user/.m2/repository/org/yaml/snakeyaml/1.16/snakeyaml-1.16.jar:/home/user/.m2/repository/org/apache/hadoop/hadoop-hdds-hadoop-dependency-test/0.6.0-SNAPSHOT/hadoop-hdds-hadoop-dependency-test-0.6.0-SNAPSHOT.jar:/home/user/.m2/repository/org/apache/hadoop/hadoop-common/3.2.1/hadoop-common-3.2.1-tests.jar:/home/user/.m2/repository/javax/servlet/jsp/jsp-api/2.1/jsp-api-2.1.jar:/home/user/.m2/repository/org/apache/hadoop/hadoop-hdfs/3.2.1/hadoop-hdfs-3.2.1-tests.jar:/home/user/.m2/repository/org/eclipse/jetty/jetty-util-ajax/9.4.26.v20200117/jetty-util-ajax-9.4.26.v20200117.jar:/home/user/.m2/repository/commons-codec/commons-codec/1.11/commons-codec-1.11.jar:/home/user/.m2/repository/commons-daemon/commons-daemon/1.0.13/commons-daemon-1.0.13.jar:/home/user/.m2/repository/io/netty/netty/3.10.5.Final/netty-3.10.5.Final.jar:/home/user/.m2/repository/io/netty/netty-all/4.1.48.Final/netty-all-4.1.48.Final.jar:/home/user/.m2/repository/org/apache/htrace/htrace-core4/4.1.0-incubating/htrace-core4-4.1.0-incubating.jar:/home/user/.m2/repository/org/fusesource/leveldbjni/leveldbjni-all/1.8/leveldbjni-all-1.8.jar:/home/user/.m2/repository/org/apache/hadoop/hadoop-distcp/3.2.1/hadoop-distcp-3.2.1.jar:/home/user/.m2/repository/org/apache/hadoop/hadoop-mapreduce-client-jobclient/3.2.1/hadoop-mapreduce-client-jobclient-3.2.1.jar:/home/user/.m2/repository/org/apache/hadoop/hadoop-mapreduce-client-common/3.2.1/hadoop-mapreduce-client-common-3.2.1.jar:/home/user/.m2/repository/org/apache/hadoop/hadoop-yarn-common/3.2.1/hadoop-yarn-common-3.2.1.jar:/home/user/.m2/repository/org/apache/hadoop/hadoop-yarn-api/3.2.1/hadoop-yarn-api-3.2.1.jar:/home/user/.m2/repository/com/sun/jersey/jersey-client/1.19/jersey-client-1.19.jar:/home/user/.m2/repository/com/sun/jersey/contribs/jersey-guice/1.19/jersey-guice-1.19.jar:/home/user/.m2/repository/com/fasterxml/jackson/jaxrs/jackson-jaxrs-json-provider/2.10.3/jackson-jaxrs-json-provider-2.10.3.jar:/home/user/.m2/repository/com/fasterxml/jackson/jaxrs/jackson-jaxrs-base/2.10.3/jackson-jaxrs-base-2.10.3.jar:/home/user/.m2/repository/org/apache/hadoop/hadoop-yarn-client/3.2.1/hadoop-yarn-client-3.2.1.jar:/home/user/.m2/repository/org/apache/hadoop/hadoop-mapreduce-client-core/3.2.1/hadoop-mapreduce-client-core-3.2.1.jar:/home/user/.m2/repository/org/apache/avro/avro/1.7.7/avro-1.7.7.jar:/home/user/.m2/repository/org/codehaus/jackson/jackson-core-asl/1.9.13/jackson-core-asl-1.9.13.jar:/home/user/.m2/repository/org/codehaus/jackson/jackson-mapper-asl/1.9.13/jackson-mapper-asl-1.9.13.jar:/home/user/.m2/repository/com/thoughtworks/paranamer/paranamer/2.3/paranamer-2.3.jar:/home/user/.m2/repository/org/xerial/snappy/snappy-java/1.0.5/snappy-java-1.0.5.jar:/home/user/.m2/repository/org/apache/hadoop/hadoop-annotations/3.2.1/hadoop-annotations-3.2.1.jar:/usr/lib/jvm/java-1.8.0-openjdk-1.8.0.232.b09-0.el7_7.x86_64/jre/../lib/tools.jar:/home/user/.m2/repository/org/apache/hadoop/hadoop-distcp/3.2.1/hadoop-distcp-3.2.1-tests.jar:"/>
    <property name="java.vm.vendor" value="Oracle Corporation"/>
    <property name="sun.arch.data.model" value="64"/>
    <property name="test.build.dir" value="/github/workspace/mnt/ozone/hadoop-ozone/integration-test/target/test-dir"/>
    <property name="test.cache.data" value=""/>
    <property name="java.vendor.url" value="http://java.oracle.com/"/>
    <property name="user.timezone" value=""/>
    <property name="java.vm.specification.version" value="1.8"/>
    <property name="os.name" value="Linux"/>
    <property name="test.build.data" value="/github/workspace/mnt/ozone/hadoop-ozone/integration-test/target/test-dir"/>
    <property name="user.country" value="US"/>
    <property name="sun.java.launcher" value="SUN_STANDARD"/>
    <property name="sun.boot.library.path" value="/usr/lib/jvm/java-1.8.0-openjdk-1.8.0.232.b09-0.el7_7.x86_64/jre/lib/amd64"/>
    <property name="sun.java.command" value="/github/workspace/mnt/ozone/hadoop-ozone/integration-test/target/surefire/surefirebooter7431553952999637942.jar /github/workspace/mnt/ozone/hadoop-ozone/integration-test/target/surefire 2020-08-03T12-42-12_099-jvmRun1 surefire1433511511385842788tmp surefire_252368404923064276838tmp"/>
    <property name="surefire.test.class.path" value="/github/workspace/mnt/ozone/hadoop-ozone/integration-test/target/test-classes:/github/workspace/mnt/ozone/hadoop-ozone/integration-test/target/classes:/home/user/.m2/repository/org/apache/hadoop/hadoop-ozone-common/0.6.0-SNAPSHOT/hadoop-ozone-common-0.6.0-SNAPSHOT.jar:/home/user/.m2/repository/org/apache/commons/commons-compress/1.4.1/commons-compress-1.4.1.jar:/home/user/.m2/repository/org/tukaani/xz/1.0/xz-1.0.jar:/home/user/.m2/repository/org/apache/hadoop/hadoop-hdds-common/0.6.0-SNAPSHOT/hadoop-hdds-common-0.6.0-SNAPSHOT.jar:/home/user/.m2/repository/org/apache/hadoop/hadoop-hdds-hadoop-dependency-client/0.6.0-SNAPSHOT/hadoop-hdds-hadoop-dependency-client-0.6.0-SNAPSHOT.jar:/home/user/.m2/repository/info/picocli/picocli/3.9.6/picocli-3.9.6.jar:/home/user/.m2/repository/com/fasterxml/jackson/core/jackson-annotations/2.10.3/jackson-annotations-2.10.3.jar:/home/user/.m2/repository/javax/annotation/javax.annotation-api/1.2/javax.annotation-api-1.2.jar:/home/user/.m2/repository/org/apache/ratis/ratis-server/1.0.0/ratis-server-1.0.0.jar:/home/user/.m2/repository/org/apache/ratis/ratis-client/1.0.0/ratis-client-1.0.0.jar:/home/user/.m2/repository/org/apache/ratis/ratis-metrics/1.0.0/ratis-metrics-1.0.0.jar:/home/user/.m2/repository/org/apache/ratis/ratis-netty/1.0.0/ratis-netty-1.0.0.jar:/home/user/.m2/repository/org/apache/ratis/ratis-grpc/1.0.0/ratis-grpc-1.0.0.jar:/home/user/.m2/repository/org/apache/logging/log4j/log4j-api/2.11.0/log4j-api-2.11.0.jar:/home/user/.m2/repository/org/apache/logging/log4j/log4j-core/2.11.0/log4j-core-2.11.0.jar:/home/user/.m2/repository/com/lmax/disruptor/3.4.2/disruptor-3.4.2.jar:/home/user/.m2/repository/org/apache/commons/commons-pool2/2.6.0/commons-pool2-2.6.0.jar:/home/user/.m2/repository/org/bouncycastle/bcpkix-jdk15on/1.60/bcpkix-jdk15on-1.60.jar:/home/user/.m2/repository/commons-validator/commons-validator/1.6/commons-validator-1.6.jar:/home/user/.m2/repository/commons-digester/commons-digester/1.8.1/commons-digester-1.8.1.jar:/home/user/.m2/repository/io/jaegertracing/jaeger-client/1.2.0/jaeger-client-1.2.0.jar:/home/user/.m2/repository/io/jaegertracing/jaeger-thrift/1.2.0/jaeger-thrift-1.2.0.jar:/home/user/.m2/repository/org/apache/thrift/libthrift/0.13.0/libthrift-0.13.0.jar:/home/user/.m2/repository/com/squareup/okhttp3/okhttp/4.2.2/okhttp-4.2.2.jar:/home/user/.m2/repository/com/squareup/okio/okio/2.2.2/okio-2.2.2.jar:/home/user/.m2/repository/org/jetbrains/kotlin/kotlin-stdlib/1.3.50/kotlin-stdlib-1.3.50.jar:/home/user/.m2/repository/org/jetbrains/kotlin/kotlin-stdlib-common/1.3.50/kotlin-stdlib-common-1.3.50.jar:/home/user/.m2/repository/org/jetbrains/annotations/13.0/annotations-13.0.jar:/home/user/.m2/repository/io/jaegertracing/jaeger-core/1.2.0/jaeger-core-1.2.0.jar:/home/user/.m2/repository/io/jaegertracing/jaeger-tracerresolver/1.2.0/jaeger-tracerresolver-1.2.0.jar:/home/user/.m2/repository/io/opentracing/contrib/opentracing-tracerresolver/0.1.8/opentracing-tracerresolver-0.1.8.jar:/home/user/.m2/repository/io/opentracing/opentracing-util/0.33.0/opentracing-util-0.33.0.jar:/home/user/.m2/repository/io/opentracing/opentracing-api/0.33.0/opentracing-api-0.33.0.jar:/home/user/.m2/repository/io/opentracing/opentracing-noop/0.33.0/opentracing-noop-0.33.0.jar:/home/user/.m2/repository/org/apache/hadoop/hadoop-hdds-client/0.6.0-SNAPSHOT/hadoop-hdds-client-0.6.0-SNAPSHOT.jar:/home/user/.m2/repository/org/apache/hadoop/hadoop-ozone-interface-client/0.6.0-SNAPSHOT/hadoop-ozone-interface-client-0.6.0-SNAPSHOT.jar:/home/user/.m2/repository/org/apache/hadoop/hadoop-hdds-test-utils/0.6.0-SNAPSHOT/hadoop-hdds-test-utils-0.6.0-SNAPSHOT.jar:/home/user/.m2/repository/com/google/guava/guava/28.2-jre/guava-28.2-jre.jar:/home/user/.m2/repository/com/google/guava/failureaccess/1.0.1/failureaccess-1.0.1.jar:/home/user/.m2/repository/com/google/guava/listenablefuture/9999.0-empty-to-avoid-conflict-with-guava/listenablefuture-9999.0-empty-to-avoid-conflict-with-guava.jar:/home/user/.m2/repository/com/google/code/findbugs/jsr305/3.0.0/jsr305-3.0.0.jar:/home/user/.m2/repository/org/checkerframework/checker-qual/2.10.0/checker-qual-2.10.0.jar:/home/user/.m2/repository/com/google/errorprone/error_prone_annotations/2.2.0/error_prone_annotations-2.2.0.jar:/home/user/.m2/repository/com/google/j2objc/j2objc-annotations/1.3/j2objc-annotations-1.3.jar:/home/user/.m2/repository/commons-io/commons-io/2.5/commons-io-2.5.jar:/home/user/.m2/repository/commons-logging/commons-logging/1.2/commons-logging-1.2.jar:/home/user/.m2/repository/log4j/log4j/1.2.17/log4j-1.2.17.jar:/home/user/.m2/repository/org/slf4j/slf4j-api/1.7.25/slf4j-api-1.7.25.jar:/home/user/.m2/repository/org/apache/hadoop/hadoop-hdds-server-scm/0.6.0-SNAPSHOT/hadoop-hdds-server-scm-0.6.0-SNAPSHOT.jar:/home/user/.m2/repository/org/apache/hadoop/hadoop-hdds-container-service/0.6.0-SNAPSHOT/hadoop-hdds-container-service-0.6.0-SNAPSHOT.jar:/home/user/.m2/repository/org/apache/hadoop/hadoop-hdds-hadoop-dependency-server/0.6.0-SNAPSHOT/hadoop-hdds-hadoop-dependency-server-0.6.0-SNAPSHOT.jar:/home/user/.m2/repository/org/apache/hadoop/hadoop-hdds-server-framework/0.6.0-SNAPSHOT/hadoop-hdds-server-framework-0.6.0-SNAPSHOT.jar:/home/user/.m2/repository/org/apache/hadoop/hadoop-hdds-interface-server/0.6.0-SNAPSHOT/hadoop-hdds-interface-server-0.6.0-SNAPSHOT.jar:/home/user/.m2/repository/org/apache/hadoop/hadoop-hdds-interface-admin/0.6.0-SNAPSHOT/hadoop-hdds-interface-admin-0.6.0-SNAPSHOT.jar:/home/user/.m2/repository/org/rocksdb/rocksdbjni/6.8.1/rocksdbjni-6.8.1.jar:/home/user/.m2/repository/io/prometheus/simpleclient_dropwizard/0.7.0/simpleclient_dropwizard-0.7.0.jar:/home/user/.m2/repository/io/prometheus/simpleclient/0.7.0/simpleclient-0.7.0.jar:/home/user/.m2/repository/io/prometheus/simpleclient_common/0.7.0/simpleclient_common-0.7.0.jar:/home/user/.m2/repository/com/fasterxml/jackson/datatype/jackson-datatype-jsr310/2.10.3/jackson-datatype-jsr310-2.10.3.jar:/home/user/.m2/repository/org/apache/hadoop/hadoop-hdds-docs/0.6.0-SNAPSHOT/hadoop-hdds-docs-0.6.0-SNAPSHOT.jar:/home/user/.m2/repository/io/dropwizard/metrics/metrics-core/3.2.4/metrics-core-3.2.4.jar:/home/user/.m2/repository/org/apache/hadoop/hadoop-hdfs-client/3.2.1/hadoop-hdfs-client-3.2.1.jar:/home/user/.m2/repository/org/bouncycastle/bcprov-jdk15on/1.60/bcprov-jdk15on-1.60.jar:/home/user/.m2/repository/org/apache/hadoop/hadoop-ozone-ozone-manager/0.6.0-SNAPSHOT/hadoop-ozone-ozone-manager-0.6.0-SNAPSHOT.jar:/home/user/.m2/repository/org/apache/hadoop/hadoop-hdds-interface-client/0.6.0-SNAPSHOT/hadoop-hdds-interface-client-0.6.0-SNAPSHOT.jar:/home/user/.m2/repository/org/apache/ratis/ratis-thirdparty-misc/0.5.0/ratis-thirdparty-misc-0.5.0.jar:/home/user/.m2/repository/org/apache/hadoop/hadoop-minikdc/3.2.1/hadoop-minikdc-3.2.1.jar:/home/user/.m2/repository/org/apache/kerby/kerb-simplekdc/1.0.1/kerb-simplekdc-1.0.1.jar:/home/user/.m2/repository/org/apache/kerby/kerb-client/1.0.1/kerb-client-1.0.1.jar:/home/user/.m2/repository/org/apache/kerby/kerby-config/1.0.1/kerby-config-1.0.1.jar:/home/user/.m2/repository/org/apache/kerby/kerb-core/1.0.1/kerb-core-1.0.1.jar:/home/user/.m2/repository/org/apache/kerby/kerby-pkix/1.0.1/kerby-pkix-1.0.1.jar:/home/user/.m2/repository/org/apache/kerby/kerby-asn1/1.0.1/kerby-asn1-1.0.1.jar:/home/user/.m2/repository/org/apache/kerby/kerby-util/1.0.1/kerby-util-1.0.1.jar:/home/user/.m2/repository/org/apache/kerby/kerb-common/1.0.1/kerb-common-1.0.1.jar:/home/user/.m2/repository/org/apache/kerby/kerb-crypto/1.0.1/kerb-crypto-1.0.1.jar:/home/user/.m2/repository/org/apache/kerby/kerb-util/1.0.1/kerb-util-1.0.1.jar:/home/user/.m2/repository/org/apache/kerby/token-provider/1.0.1/token-provider-1.0.1.jar:/home/user/.m2/repository/org/apache/kerby/kerb-admin/1.0.1/kerb-admin-1.0.1.jar:/home/user/.m2/repository/org/apache/kerby/kerb-server/1.0.1/kerb-server-1.0.1.jar:/home/user/.m2/repository/org/apache/kerby/kerb-identity/1.0.1/kerb-identity-1.0.1.jar:/home/user/.m2/repository/org/apache/kerby/kerby-xdr/1.0.1/kerby-xdr-1.0.1.jar:/home/user/.m2/repository/org/slf4j/slf4j-log4j12/1.7.25/slf4j-log4j12-1.7.25.jar:/home/user/.m2/repository/org/apache/hadoop/hadoop-ozone-s3gateway/0.6.0-SNAPSHOT/hadoop-ozone-s3gateway-0.6.0-SNAPSHOT.jar:/home/user/.m2/repository/org/jboss/weld/servlet/weld-servlet/2.4.7.Final/weld-servlet-2.4.7.Final.jar:/home/user/.m2/repository/org/glassfish/jersey/containers/jersey-container-servlet-core/2.27/jersey-container-servlet-core-2.27.jar:/home/user/.m2/repository/org/glassfish/hk2/external/javax.inject/2.5.0-b42/javax.inject-2.5.0-b42.jar:/home/user/.m2/repository/org/glassfish/jersey/core/jersey-common/2.27/jersey-common-2.27.jar:/home/user/.m2/repository/org/glassfish/hk2/osgi-resource-locator/1.0.1/osgi-resource-locator-1.0.1.jar:/home/user/.m2/repository/javax/ws/rs/javax.ws.rs-api/2.1/javax.ws.rs-api-2.1.jar:/home/user/.m2/repository/org/glassfish/jersey/ext/cdi/jersey-cdi1x/2.27/jersey-cdi1x-2.27.jar:/home/user/.m2/repository/org/glassfish/jersey/inject/jersey-hk2/2.27/jersey-hk2-2.27.jar:/home/user/.m2/repository/org/glassfish/hk2/hk2-locator/2.5.0-b42/hk2-locator-2.5.0-b42.jar:/home/user/.m2/repository/org/javassist/javassist/3.22.0-CR2/javassist-3.22.0-CR2.jar:/home/user/.m2/repository/org/glassfish/hk2/hk2-api/2.5.0/hk2-api-2.5.0.jar:/home/user/.m2/repository/org/glassfish/hk2/external/jakarta.inject/2.5.0/jakarta.inject-2.5.0.jar:/home/user/.m2/repository/org/glassfish/hk2/hk2-utils/2.5.0/hk2-utils-2.5.0.jar:/home/user/.m2/repository/jakarta/annotation/jakarta.annotation-api/1.3.4/jakarta.annotation-api-1.3.4.jar:/home/user/.m2/repository/org/glassfish/hk2/external/aopalliance-repackaged/2.5.0/aopalliance-repackaged-2.5.0.jar:/home/user/.m2/repository/com/fasterxml/jackson/dataformat/jackson-dataformat-xml/2.10.3/jackson-dataformat-xml-2.10.3.jar:/home/user/.m2/repository/com/fasterxml/jackson/core/jackson-core/2.10.3/jackson-core-2.10.3.jar:/home/user/.m2/repository/com/fasterxml/jackson/module/jackson-module-jaxb-annotations/2.10.3/jackson-module-jaxb-annotations-2.10.3.jar:/home/user/.m2/repository/jakarta/xml/bind/jakarta.xml.bind-api/2.3.2/jakarta.xml.bind-api-2.3.2.jar:/home/user/.m2/repository/jakarta/activation/jakarta.activation-api/1.2.1/jakarta.activation-api-1.2.1.jar:/home/user/.m2/repository/org/codehaus/woodstox/stax2-api/3.1.4/stax2-api-3.1.4.jar:/home/user/.m2/repository/com/fasterxml/woodstox/woodstox-core/5.0.3/woodstox-core-5.0.3.jar:/home/user/.m2/repository/javax/enterprise/cdi-api/1.2/cdi-api-1.2.jar:/home/user/.m2/repository/javax/el/javax.el-api/3.0.0/javax.el-api-3.0.0.jar:/home/user/.m2/repository/javax/interceptor/javax.interceptor-api/1.2/javax.interceptor-api-1.2.jar:/home/user/.m2/repository/javax/inject/javax.inject/1/javax.inject-1.jar:/home/user/.m2/repository/com/sun/xml/bind/jaxb-impl/2.3.0.1/jaxb-impl-2.3.0.1.jar:/home/user/.m2/repository/com/sun/xml/bind/jaxb-core/2.3.0.1/jaxb-core-2.3.0.1.jar:/home/user/.m2/repository/javax/xml/bind/jaxb-api/2.3.0/jaxb-api-2.3.0.jar:/home/user/.m2/repository/javax/activation/activation/1.1.1/activation-1.1.1.jar:/home/user/.m2/repository/org/apache/hadoop/hadoop-ozone-csi/0.6.0-SNAPSHOT/hadoop-ozone-csi-0.6.0-SNAPSHOT.jar:/home/user/.m2/repository/com/google/protobuf/protobuf-java-util/3.11.0/protobuf-java-util-3.11.0.jar:/home/user/.m2/repository/com/google/code/gson/gson/2.2.4/gson-2.2.4.jar:/home/user/.m2/repository/org/apache/hadoop/hadoop-hdds-config/0.6.0-SNAPSHOT/hadoop-hdds-config-0.6.0-SNAPSHOT.jar:/home/user/.m2/repository/com/google/protobuf/protobuf-java/2.5.0/protobuf-java-2.5.0.jar:/home/user/.m2/repository/io/grpc/grpc-netty/1.29.0/grpc-netty-1.29.0.jar:/home/user/.m2/repository/io/grpc/grpc-core/1.29.0/grpc-core-1.29.0.jar:/home/user/.m2/repository/com/google/android/annotations/4.1.1.4/annotations-4.1.1.4.jar:/home/user/.m2/repository/io/perfmark/perfmark-api/0.19.0/perfmark-api-0.19.0.jar:/home/user/.m2/repository/io/netty/netty-codec-http2/4.1.48.Final/netty-codec-http2-4.1.48.Final.jar:/home/user/.m2/repository/io/netty/netty-codec/4.1.48.Final/netty-codec-4.1.48.Final.jar:/home/user/.m2/repository/io/netty/netty-handler/4.1.48.Final/netty-handler-4.1.48.Final.jar:/home/user/.m2/repository/io/netty/netty-codec-http/4.1.48.Final/netty-codec-http-4.1.48.Final.jar:/home/user/.m2/repository/io/netty/netty-handler-proxy/4.1.48.Final/netty-handler-proxy-4.1.48.Final.jar:/home/user/.m2/repository/io/netty/netty-codec-socks/4.1.48.Final/netty-codec-socks-4.1.48.Final.jar:/home/user/.m2/repository/io/netty/netty-transport-native-epoll/4.1.48.Final/netty-transport-native-epoll-4.1.48.Final.jar:/home/user/.m2/repository/io/netty/netty-common/4.1.48.Final/netty-common-4.1.48.Final.jar:/home/user/.m2/repository/io/netty/netty-buffer/4.1.48.Final/netty-buffer-4.1.48.Final.jar:/home/user/.m2/repository/io/netty/netty-transport/4.1.48.Final/netty-transport-4.1.48.Final.jar:/home/user/.m2/repository/io/netty/netty-resolver/4.1.48.Final/netty-resolver-4.1.48.Final.jar:/home/user/.m2/repository/io/netty/netty-transport-native-unix-common/4.1.48.Final/netty-transport-native-unix-common-4.1.48.Final.jar:/home/user/.m2/repository/io/grpc/grpc-protobuf/1.29.0/grpc-protobuf-1.29.0.jar:/home/user/.m2/repository/io/grpc/grpc-api/1.29.0/grpc-api-1.29.0.jar:/home/user/.m2/repository/io/grpc/grpc-context/1.29.0/grpc-context-1.29.0.jar:/home/user/.m2/repository/org/codehaus/mojo/animal-sniffer-annotations/1.18/animal-sniffer-annotations-1.18.jar:/home/user/.m2/repository/com/google/api/grpc/proto-google-common-protos/1.17.0/proto-google-common-protos-1.17.0.jar:/home/user/.m2/repository/io/grpc/grpc-protobuf-lite/1.29.0/grpc-protobuf-lite-1.29.0.jar:/home/user/.m2/repository/io/grpc/grpc-stub/1.29.0/grpc-stub-1.29.0.jar:/home/user/.m2/repository/org/apache/hadoop/hadoop-ozone-recon/0.6.0-SNAPSHOT/hadoop-ozone-recon-0.6.0-SNAPSHOT.jar:/home/user/.m2/repository/org/apache/hadoop/hadoop-ozone-reconcodegen/0.6.0-SNAPSHOT/hadoop-ozone-reconcodegen-0.6.0-SNAPSHOT.jar:/home/user/.m2/repository/com/google/inject/extensions/guice-multibindings/4.0/guice-multibindings-4.0.jar:/home/user/.m2/repository/com/google/inject/guice/4.0/guice-4.0.jar:/home/user/.m2/repository/aopalliance/aopalliance/1.0/aopalliance-1.0.jar:/home/user/.m2/repository/com/google/inject/extensions/guice-assistedinject/4.0/guice-assistedinject-4.0.jar:/home/user/.m2/repository/com/google/inject/extensions/guice-servlet/4.0/guice-servlet-4.0.jar:/home/user/.m2/repository/org/glassfish/jersey/containers/jersey-container-servlet/2.27/jersey-container-servlet-2.27.jar:/home/user/.m2/repository/org/glassfish/hk2/guice-bridge/2.5.0/guice-bridge-2.5.0.jar:/home/user/.m2/repository/org/glassfish/jersey/core/jersey-server/2.27/jersey-server-2.27.jar:/home/user/.m2/repository/org/glassfish/jersey/core/jersey-client/2.27/jersey-client-2.27.jar:/home/user/.m2/repository/org/glassfish/jersey/media/jersey-media-jaxb/2.27/jersey-media-jaxb-2.27.jar:/home/user/.m2/repository/javax/validation/validation-api/1.1.0.Final/validation-api-1.1.0.Final.jar:/home/user/.m2/repository/org/glassfish/jersey/media/jersey-media-json-jackson/2.27/jersey-media-json-jackson-2.27.jar:/home/user/.m2/repository/org/glassfish/jersey/ext/jersey-entity-filtering/2.27/jersey-entity-filtering-2.27.jar:/home/user/.m2/repository/org/jooq/jooq/3.11.10/jooq-3.11.10.jar:/home/user/.m2/repository/org/jooq/jooq-meta/3.11.10/jooq-meta-3.11.10.jar:/home/user/.m2/repository/org/jooq/jooq-codegen/3.11.10/jooq-codegen-3.11.10.jar:/home/user/.m2/repository/com/jolbox/bonecp/0.8.0.RELEASE/bonecp-0.8.0.RELEASE.jar:/home/user/.m2/repository/org/apache/derby/derby/10.14.2.0/derby-10.14.2.0.jar:/home/user/.m2/repository/org/xerial/sqlite-jdbc/3.25.2/sqlite-jdbc-3.25.2.jar:/home/user/.m2/repository/org/springframework/spring-jdbc/5.2.5.RELEASE/spring-jdbc-5.2.5.RELEASE.jar:/home/user/.m2/repository/org/springframework/spring-beans/5.2.5.RELEASE/spring-beans-5.2.5.RELEASE.jar:/home/user/.m2/repository/org/springframework/spring-core/5.2.5.RELEASE/spring-core-5.2.5.RELEASE.jar:/home/user/.m2/repository/org/springframework/spring-jcl/5.2.5.RELEASE/spring-jcl-5.2.5.RELEASE.jar:/home/user/.m2/repository/org/springframework/spring-tx/5.2.5.RELEASE/spring-tx-5.2.5.RELEASE.jar:/home/user/.m2/repository/org/apache/hadoop/hadoop-ozone-client/0.6.0-SNAPSHOT/hadoop-ozone-client-0.6.0-SNAPSHOT.jar:/home/user/.m2/repository/org/apache/hadoop/hadoop-ozone-filesystem/0.6.0-SNAPSHOT/hadoop-ozone-filesystem-0.6.0-SNAPSHOT.jar:/home/user/.m2/repository/org/apache/hadoop/hadoop-ozone-filesystem-common/0.6.0-SNAPSHOT/hadoop-ozone-filesystem-common-0.6.0-SNAPSHOT.jar:/home/user/.m2/repository/org/apache/hadoop/hadoop-ozone-tools/0.6.0-SNAPSHOT/hadoop-ozone-tools-0.6.0-SNAPSHOT.jar:/home/user/.m2/repository/org/apache/hadoop/hadoop-hdfs/3.2.1/hadoop-hdfs-3.2.1.jar:/home/user/.m2/repository/org/apache/ratis/ratis-tools/1.0.0/ratis-tools-1.0.0.jar:/home/user/.m2/repository/org/apache/ratis/ratis-proto/1.0.0/ratis-proto-1.0.0.jar:/home/user/.m2/repository/org/apache/ratis/ratis-common/1.0.0/ratis-common-1.0.0.jar:/home/user/.m2/repository/com/amazonaws/aws-java-sdk-core/1.11.615/aws-java-sdk-core-1.11.615.jar:/home/user/.m2/repository/org/apache/httpcomponents/httpclient/4.5.2/httpclient-4.5.2.jar:/home/user/.m2/repository/org/apache/httpcomponents/httpcore/4.4.4/httpcore-4.4.4.jar:/home/user/.m2/repository/software/amazon/ion/ion-java/1.0.2/ion-java-1.0.2.jar:/home/user/.m2/repository/com/fasterxml/jackson/dataformat/jackson-dataformat-cbor/2.10.3/jackson-dataformat-cbor-2.10.3.jar:/home/user/.m2/repository/joda-time/joda-time/2.8.1/joda-time-2.8.1.jar:/home/user/.m2/repository/com/amazonaws/aws-java-sdk-s3/1.11.615/aws-java-sdk-s3-1.11.615.jar:/home/user/.m2/repository/com/amazonaws/aws-java-sdk-kms/1.11.615/aws-java-sdk-kms-1.11.615.jar:/home/user/.m2/repository/com/amazonaws/jmespath-java/1.11.615/jmespath-java-1.11.615.jar:/home/user/.m2/repository/org/apache/hadoop/hadoop-hdds-tools/0.6.0-SNAPSHOT/hadoop-hdds-tools-0.6.0-SNAPSHOT.jar:/home/user/.m2/repository/commons-cli/commons-cli/1.2/commons-cli-1.2.jar:/home/user/.m2/repository/org/apache/commons/commons-lang3/3.7/commons-lang3-3.7.jar:/home/user/.m2/repository/org/apache/hadoop/hadoop-ozone-ozone-manager/0.6.0-SNAPSHOT/hadoop-ozone-ozone-manager-0.6.0-SNAPSHOT-tests.jar:/home/user/.m2/repository/junit/junit/4.11/junit-4.11.jar:/home/user/.m2/repository/org/hamcrest/hamcrest-core/1.3/hamcrest-core-1.3.jar:/home/user/.m2/repository/org/openjdk/jmh/jmh-core/1.19/jmh-core-1.19.jar:/home/user/.m2/repository/net/sf/jopt-simple/jopt-simple/4.6/jopt-simple-4.6.jar:/home/user/.m2/repository/org/apache/commons/commons-math3/3.1.1/commons-math3-3.1.1.jar:/home/user/.m2/repository/org/openjdk/jmh/jmh-generator-annprocess/1.19/jmh-generator-annprocess-1.19.jar:/home/user/.m2/repository/org/mockito/mockito-all/1.8.5/mockito-all-1.8.5.jar:/home/user/.m2/repository/org/apache/hadoop/hadoop-kms/3.2.1/hadoop-kms-3.2.1.jar:/home/user/.m2/repository/org/apache/hadoop/hadoop-auth/3.2.1/hadoop-auth-3.2.1.jar:/home/user/.m2/repository/com/nimbusds/nimbus-jose-jwt/7.9/nimbus-jose-jwt-7.9.jar:/home/user/.m2/repository/com/github/stephenc/jcip/jcip-annotations/1.0-1/jcip-annotations-1.0-1.jar:/home/user/.m2/repository/net/minidev/json-smart/2.3/json-smart-2.3.jar:/home/user/.m2/repository/net/minidev/accessors-smart/1.2/accessors-smart-1.2.jar:/home/user/.m2/repository/org/ow2/asm/asm/5.0.4/asm-5.0.4.jar:/home/user/.m2/repository/org/apache/zookeeper/zookeeper/3.4.13/zookeeper-3.4.13.jar:/home/user/.m2/repository/org/apache/yetus/audience-annotations/0.5.0/audience-annotations-0.5.0.jar:/home/user/.m2/repository/org/apache/curator/curator-framework/2.13.0/curator-framework-2.13.0.jar:/home/user/.m2/repository/com/sun/jersey/jersey-core/1.19/jersey-core-1.19.jar:/home/user/.m2/repository/javax/ws/rs/jsr311-api/1.1.1/jsr311-api-1.1.1.jar:/home/user/.m2/repository/com/sun/jersey/jersey-server/1.19/jersey-server-1.19.jar:/home/user/.m2/repository/javax/servlet/javax.servlet-api/3.1.0/javax.servlet-api-3.1.0.jar:/home/user/.m2/repository/org/eclipse/jetty/jetty-server/9.4.26.v20200117/jetty-server-9.4.26.v20200117.jar:/home/user/.m2/repository/org/eclipse/jetty/jetty-http/9.4.26.v20200117/jetty-http-9.4.26.v20200117.jar:/home/user/.m2/repository/org/eclipse/jetty/jetty-io/9.4.26.v20200117/jetty-io-9.4.26.v20200117.jar:/home/user/.m2/repository/org/eclipse/jetty/jetty-webapp/9.4.26.v20200117/jetty-webapp-9.4.26.v20200117.jar:/home/user/.m2/repository/org/eclipse/jetty/jetty-xml/9.4.26.v20200117/jetty-xml-9.4.26.v20200117.jar:/home/user/.m2/repository/org/eclipse/jetty/jetty-servlet/9.4.26.v20200117/jetty-servlet-9.4.26.v20200117.jar:/home/user/.m2/repository/org/eclipse/jetty/jetty-security/9.4.26.v20200117/jetty-security-9.4.26.v20200117.jar:/home/user/.m2/repository/org/apache/hadoop/hadoop-common/3.2.1/hadoop-common-3.2.1.jar:/home/user/.m2/repository/commons-net/commons-net/3.6/commons-net-3.6.jar:/home/user/.m2/repository/commons-collections/commons-collections/3.2.2/commons-collections-3.2.2.jar:/home/user/.m2/repository/com/sun/jersey/jersey-servlet/1.19/jersey-servlet-1.19.jar:/home/user/.m2/repository/com/sun/jersey/jersey-json/1.19/jersey-json-1.19.jar:/home/user/.m2/repository/org/codehaus/jettison/jettison/1.1/jettison-1.1.jar:/home/user/.m2/repository/org/codehaus/jackson/jackson-jaxrs/1.9.2/jackson-jaxrs-1.9.2.jar:/home/user/.m2/repository/org/codehaus/jackson/jackson-xc/1.9.2/jackson-xc-1.9.2.jar:/home/user/.m2/repository/commons-beanutils/commons-beanutils/1.9.4/commons-beanutils-1.9.4.jar:/home/user/.m2/repository/org/apache/commons/commons-configuration2/2.1.1/commons-configuration2-2.1.1.jar:/home/user/.m2/repository/org/apache/commons/commons-text/1.4/commons-text-1.4.jar:/home/user/.m2/repository/com/google/re2j/re2j/1.1/re2j-1.1.jar:/home/user/.m2/repository/com/jcraft/jsch/0.1.54/jsch-0.1.54.jar:/home/user/.m2/repository/org/apache/curator/curator-client/2.13.0/curator-client-2.13.0.jar:/home/user/.m2/repository/org/apache/curator/curator-recipes/2.13.0/curator-recipes-2.13.0.jar:/home/user/.m2/repository/dnsjava/dnsjava/2.1.7/dnsjava-2.1.7.jar:/home/user/.m2/repository/org/slf4j/jul-to-slf4j/1.7.25/jul-to-slf4j-1.7.25.jar:/home/user/.m2/repository/org/eclipse/jetty/jetty-util/9.4.26.v20200117/jetty-util-9.4.26.v20200117.jar:/home/user/.m2/repository/com/fasterxml/jackson/core/jackson-databind/2.10.3/jackson-databind-2.10.3.jar:/home/user/.m2/repository/org/apache/hadoop/hadoop-kms/3.2.1/hadoop-kms-3.2.1-tests.jar:/home/user/.m2/repository/org/apache/hadoop/hadoop-hdds-server-scm/0.6.0-SNAPSHOT/hadoop-hdds-server-scm-0.6.0-SNAPSHOT-tests.jar:/home/user/.m2/repository/org/apache/hadoop/hadoop-hdds-container-service/0.6.0-SNAPSHOT/hadoop-hdds-container-service-0.6.0-SNAPSHOT-tests.jar:/home/user/.m2/repository/org/apache/hadoop/hadoop-hdds-common/0.6.0-SNAPSHOT/hadoop-hdds-common-0.6.0-SNAPSHOT-tests.jar:/home/user/.m2/repository/org/yaml/snakeyaml/1.16/snakeyaml-1.16.jar:/home/user/.m2/repository/org/apache/hadoop/hadoop-hdds-hadoop-dependency-test/0.6.0-SNAPSHOT/hadoop-hdds-hadoop-dependency-test-0.6.0-SNAPSHOT.jar:/home/user/.m2/repository/org/apache/hadoop/hadoop-common/3.2.1/hadoop-common-3.2.1-tests.jar:/home/user/.m2/repository/javax/servlet/jsp/jsp-api/2.1/jsp-api-2.1.jar:/home/user/.m2/repository/org/apache/hadoop/hadoop-hdfs/3.2.1/hadoop-hdfs-3.2.1-tests.jar:/home/user/.m2/repository/org/eclipse/jetty/jetty-util-ajax/9.4.26.v20200117/jetty-util-ajax-9.4.26.v20200117.jar:/home/user/.m2/repository/commons-codec/commons-codec/1.11/commons-codec-1.11.jar:/home/user/.m2/repository/commons-daemon/commons-daemon/1.0.13/commons-daemon-1.0.13.jar:/home/user/.m2/repository/io/netty/netty/3.10.5.Final/netty-3.10.5.Final.jar:/home/user/.m2/repository/io/netty/netty-all/4.1.48.Final/netty-all-4.1.48.Final.jar:/home/user/.m2/repository/org/apache/htrace/htrace-core4/4.1.0-incubating/htrace-core4-4.1.0-incubating.jar:/home/user/.m2/repository/org/fusesource/leveldbjni/leveldbjni-all/1.8/leveldbjni-all-1.8.jar:/home/user/.m2/repository/org/apache/hadoop/hadoop-distcp/3.2.1/hadoop-distcp-3.2.1.jar:/home/user/.m2/repository/org/apache/hadoop/hadoop-mapreduce-client-jobclient/3.2.1/hadoop-mapreduce-client-jobclient-3.2.1.jar:/home/user/.m2/repository/org/apache/hadoop/hadoop-mapreduce-client-common/3.2.1/hadoop-mapreduce-client-common-3.2.1.jar:/home/user/.m2/repository/org/apache/hadoop/hadoop-yarn-common/3.2.1/hadoop-yarn-common-3.2.1.jar:/home/user/.m2/repository/org/apache/hadoop/hadoop-yarn-api/3.2.1/hadoop-yarn-api-3.2.1.jar:/home/user/.m2/repository/com/sun/jersey/jersey-client/1.19/jersey-client-1.19.jar:/home/user/.m2/repository/com/sun/jersey/contribs/jersey-guice/1.19/jersey-guice-1.19.jar:/home/user/.m2/repository/com/fasterxml/jackson/jaxrs/jackson-jaxrs-json-provider/2.10.3/jackson-jaxrs-json-provider-2.10.3.jar:/home/user/.m2/repository/com/fasterxml/jackson/jaxrs/jackson-jaxrs-base/2.10.3/jackson-jaxrs-base-2.10.3.jar:/home/user/.m2/repository/org/apache/hadoop/hadoop-yarn-client/3.2.1/hadoop-yarn-client-3.2.1.jar:/home/user/.m2/repository/org/apache/hadoop/hadoop-mapreduce-client-core/3.2.1/hadoop-mapreduce-client-core-3.2.1.jar:/home/user/.m2/repository/org/apache/avro/avro/1.7.7/avro-1.7.7.jar:/home/user/.m2/repository/org/codehaus/jackson/jackson-core-asl/1.9.13/jackson-core-asl-1.9.13.jar:/home/user/.m2/repository/org/codehaus/jackson/jackson-mapper-asl/1.9.13/jackson-mapper-asl-1.9.13.jar:/home/user/.m2/repository/com/thoughtworks/paranamer/paranamer/2.3/paranamer-2.3.jar:/home/user/.m2/repository/org/xerial/snappy/snappy-java/1.0.5/snappy-java-1.0.5.jar:/home/user/.m2/repository/org/apache/hadoop/hadoop-annotations/3.2.1/hadoop-annotations-3.2.1.jar:/usr/lib/jvm/java-1.8.0-openjdk-1.8.0.232.b09-0.el7_7.x86_64/jre/../lib/tools.jar:/home/user/.m2/repository/org/apache/hadoop/hadoop-distcp/3.2.1/hadoop-distcp-3.2.1-tests.jar:"/>
    <property name="sun.cpu.endian" value="little"/>
    <property name="user.home" value="/home/user"/>
    <property name="user.language" value="en"/>
    <property name="java.specification.vendor" value="Oracle Corporation"/>
    <property name="java.home" value="/usr/lib/jvm/java-1.8.0-openjdk-1.8.0.232.b09-0.el7_7.x86_64/jre"/>
    <property name="java.security.krb5.conf" value="/github/workspace/mnt/ozone/hadoop-ozone/integration-test/target/test-classes/krb5.conf"/>
    <property name="basedir" value="/github/workspace/mnt/ozone/hadoop-ozone/integration-test"/>
    <property name="file.separator" value="/"/>
    <property name="line.separator" value="&#10;"/>
    <property name="java.vm.specification.vendor" value="Oracle Corporation"/>
    <property name="java.specification.name" value="Java Platform API Specification"/>
    <property name="java.awt.graphicsenv" value="sun.awt.X11GraphicsEnvironment"/>
    <property name="skip.installnpx" value="true"/>
    <property name="surefire.real.class.path" value="/github/workspace/mnt/ozone/hadoop-ozone/integration-test/target/surefire/surefirebooter7431553952999637942.jar:/home/user/.m2/repository/org/jacoco/org.jacoco.agent/0.8.5/org.jacoco.agent-0.8.5-runtime.jar"/>
    <property name="hadoop.log.dir" value="/github/workspace/mnt/ozone/hadoop-ozone/integration-test/target/log"/>
    <property name="sun.boot.class.path" value="/usr/lib/jvm/java-1.8.0-openjdk-1.8.0.232.b09-0.el7_7.x86_64/jre/lib/resources.jar:/usr/lib/jvm/java-1.8.0-openjdk-1.8.0.232.b09-0.el7_7.x86_64/jre/lib/rt.jar:/usr/lib/jvm/java-1.8.0-openjdk-1.8.0.232.b09-0.el7_7.x86_64/jre/lib/sunrsasign.jar:/usr/lib/jvm/java-1.8.0-openjdk-1.8.0.232.b09-0.el7_7.x86_64/jre/lib/jsse.jar:/usr/lib/jvm/java-1.8.0-openjdk-1.8.0.232.b09-0.el7_7.x86_64/jre/lib/jce.jar:/usr/lib/jvm/java-1.8.0-openjdk-1.8.0.232.b09-0.el7_7.x86_64/jre/lib/charsets.jar:/usr/lib/jvm/java-1.8.0-openjdk-1.8.0.232.b09-0.el7_7.x86_64/jre/lib/jfr.jar:/usr/lib/jvm/java-1.8.0-openjdk-1.8.0.232.b09-0.el7_7.x86_64/jre/classes"/>
    <property name="sun.management.compiler" value="HotSpot 64-Bit Tiered Compilers"/>
    <property name="skip.npx" value="true"/>
    <property name="java.runtime.version" value="1.8.0_232-b09"/>
    <property name="java.net.preferIPv4Stack" value="true"/>
    <property name="user.name" value="jenkins1001"/>
    <property name="path.separator" value=":"/>
    <property name="java.security.egd" value="file:///dev/urandom"/>
    <property name="os.version" value="5.3.0-1032-azure"/>
    <property name="java.endorsed.dirs" value="/usr/lib/jvm/java-1.8.0-openjdk-1.8.0.232.b09-0.el7_7.x86_64/jre/lib/endorsed"/>
    <property name="java.runtime.name" value="OpenJDK Runtime Environment"/>
    <property name="file.encoding" value="ANSI_X3.4-1968"/>
    <property name="java.vm.name" value="OpenJDK 64-Bit Server VM"/>
    <property name="test.build.webapps" value=""/>
    <property name="localRepository" value="/home/user/.m2/repository"/>
    <property name="java.vendor.url.bug" value="http://bugreport.sun.com/bugreport/"/>
    <property name="java.io.tmpdir" value="/tmp"/>
    <property name="require.test.libhadoop" value=""/>
    <property name="java.version" value="1.8.0_232"/>
    <property name="user.dir" value="/github/workspace/mnt/ozone/hadoop-ozone/integration-test"/>
    <property name="os.arch" value="amd64"/>
    <property name="java.vm.specification.name" value="Java Virtual Machine Specification"/>
    <property name="test.build.classes" value="/github/workspace/mnt/ozone/hadoop-ozone/integration-test/target/test-classes"/>
    <property name="java.awt.printerjob" value="sun.print.PSPrinterJob"/>
    <property name="sun.os.patch.level" value="unknown"/>
    <property name="hadoop.tmp.dir" value="/github/workspace/mnt/ozone/hadoop-ozone/integration-test/target/tmp"/>
    <property name="java.library.path" value="/usr/lib:/usr/java/packages/lib/amd64:/usr/lib64:/lib64:/lib:/usr/lib"/>
    <property name="java.vm.info" value="mixed mode"/>
    <property name="java.vendor" value="Oracle Corporation"/>
    <property name="java.vm.version" value="25.232-b09"/>
    <property name="java.ext.dirs" value="/usr/lib/jvm/java-1.8.0-openjdk-1.8.0.232.b09-0.el7_7.x86_64/jre/lib/ext:/usr/java/packages/lib/ext"/>
    <property name="sun.io.unicode.encoding" value="UnicodeLittle"/>
    <property name="java.class.version" value="52.0"/>
  </properties>
  <testcase name="testWatchForCommitWithKeyWrite" classname="org.apache.hadoop.ozone.client.rpc.TestWatchForCommit" time="61.834"/>
  <testcase name="testWatchForCommitForRetryfailure" classname="org.apache.hadoop.ozone.client.rpc.TestWatchForCommit" time="69.93"/>
  <testcase name="testWatchForCommitForGroupMismatchException" classname="org.apache.hadoop.ozone.client.rpc.TestWatchForCommit" time="39.072">
    <error message="5328ae2d-dffa-4840-b00a-ab3fd52ea77e: Group group-76977C293D21 not found." type="java.io.IOException">java.io.IOException: 5328ae2d-dffa-4840-b00a-ab3fd52ea77e: Group group-76977C293D21 not found.
	at org.apache.hadoop.ozone.container.common.transport.server.ratis.XceiverServerRatis.removeGroup(XceiverServerRatis.java:742)
	at org.apache.hadoop.ozone.container.TestHelper.waitForPipelineClose(TestHelper.java:220)
	at org.apache.hadoop.ozone.client.rpc.TestWatchForCommit.testWatchForCommitForGroupMismatchException(TestWatchForCommit.java:344)
	at sun.reflect.NativeMethodAccessorImpl.invoke0(Native Method)
	at sun.reflect.NativeMethodAccessorImpl.invoke(NativeMethodAccessorImpl.java:62)
	at sun.reflect.DelegatingMethodAccessorImpl.invoke(DelegatingMethodAccessorImpl.java:43)
	at java.lang.reflect.Method.invoke(Method.java:498)
	at org.junit.runners.model.FrameworkMethod$1.runReflectiveCall(FrameworkMethod.java:47)
	at org.junit.internal.runners.model.ReflectiveCallable.run(ReflectiveCallable.java:12)
	at org.junit.runners.model.FrameworkMethod.invokeExplosively(FrameworkMethod.java:44)
	at org.junit.internal.runners.statements.InvokeMethod.evaluate(InvokeMethod.java:17)
	at org.junit.internal.runners.statements.RunBefores.evaluate(RunBefores.java:26)
	at org.junit.internal.runners.statements.RunAfters.evaluate(RunAfters.java:27)
	at org.junit.runners.ParentRunner.runLeaf(ParentRunner.java:271)
	at org.junit.runners.BlockJUnit4ClassRunner.runChild(BlockJUnit4ClassRunner.java:70)
	at org.junit.runners.BlockJUnit4ClassRunner.runChild(BlockJUnit4ClassRunner.java:50)
	at org.junit.runners.ParentRunner$3.run(ParentRunner.java:238)
	at org.junit.runners.ParentRunner$1.schedule(ParentRunner.java:63)
	at org.junit.runners.ParentRunner.runChildren(ParentRunner.java:236)
	at org.junit.runners.ParentRunner.access$000(ParentRunner.java:53)
	at org.junit.runners.ParentRunner$2.evaluate(ParentRunner.java:229)
	at org.junit.runners.ParentRunner.run(ParentRunner.java:309)
	at org.apache.maven.surefire.junit4.JUnit4Provider.execute(JUnit4Provider.java:365)
	at org.apache.maven.surefire.junit4.JUnit4Provider.executeWithRerun(JUnit4Provider.java:273)
	at org.apache.maven.surefire.junit4.JUnit4Provider.executeTestSet(JUnit4Provider.java:238)
	at org.apache.maven.surefire.junit4.JUnit4Provider.invoke(JUnit4Provider.java:159)
	at org.apache.maven.surefire.booter.ForkedBooter.invokeProviderInSameClassLoader(ForkedBooter.java:384)
	at org.apache.maven.surefire.booter.ForkedBooter.runSuitesInProcess(ForkedBooter.java:345)
	at org.apache.maven.surefire.booter.ForkedBooter.execute(ForkedBooter.java:126)
	at org.apache.maven.surefire.booter.ForkedBooter.main(ForkedBooter.java:418)
Caused by: org.apache.ratis.protocol.GroupMismatchException: 5328ae2d-dffa-4840-b00a-ab3fd52ea77e: Group group-76977C293D21 not found.
	at org.apache.ratis.server.impl.RaftServerProxy.groupRemoveAsync(RaftServerProxy.java:414)
	at org.apache.ratis.server.impl.RaftServerProxy.groupManagementAsync(RaftServerProxy.java:372)
	at org.apache.ratis.server.impl.RaftServerProxy.groupManagement(RaftServerProxy.java:355)
	at org.apache.hadoop.ozone.container.common.transport.server.ratis.XceiverServerRatis.removeGroup(XceiverServerRatis.java:740)
	... 29 more
</error>
    <system-out><![CDATA[2020-08-03 13:23:47,461 [Listener at 127.0.0.1/36357] WARN  server.ServerUtils (ServerUtils.java:getScmDbDir(148)) - ozone.scm.db.dirs is not configured. We recommend adding this setting. Falling back to ozone.metadata.dirs instead.
2020-08-03 13:23:47,463 [Listener at 127.0.0.1/36357] WARN  server.ServerUtils (ServerUtils.java:getScmDbDir(148)) - ozone.scm.db.dirs is not configured. We recommend adding this setting. Falling back to ozone.metadata.dirs instead.
2020-08-03 13:23:47,463 [Listener at 127.0.0.1/36357] WARN  db.DBStoreBuilder (DBStoreBuilder.java:createDBStoreBuilder(277)) - ozone.scm.db.dirs is not configured. We recommend adding this setting. Falling back to ozone.metadata.dirs instead.
2020-08-03 13:23:47,490 [Listener at 127.0.0.1/36357] INFO  net.NodeSchemaLoader (NodeSchemaLoader.java:loadSchemaFromFile(126)) - Loading file from sun.misc.CompoundEnumeration@c2de6ec
2020-08-03 13:23:47,490 [Listener at 127.0.0.1/36357] INFO  net.NodeSchemaLoader (NodeSchemaLoader.java:loadSchema(172)) - Loading network topology layer schema file
2020-08-03 13:23:47,494 [Listener at 127.0.0.1/36357] INFO  node.SCMNodeManager (SCMNodeManager.java:<init>(117)) - Entering startup safe mode.
2020-08-03 13:23:47,494 [Listener at 127.0.0.1/36357] INFO  algorithms.ContainerPlacementPolicyFactory (ContainerPlacementPolicyFactory.java:getPolicy(60)) - Create container placement policy of type org.apache.hadoop.hdds.scm.container.placement.algorithms.SCMContainerPlacementRandom
2020-08-03 13:23:47,495 [Listener at 127.0.0.1/36357] INFO  pipeline.SCMPipelineManager (SCMPipelineManager.java:initializePipelineState(161)) - No pipeline exists in current db
2020-08-03 13:23:47,496 [Listener at 127.0.0.1/36357] INFO  safemode.HealthyPipelineSafeModeRule (HealthyPipelineSafeModeRule.java:<init>(89)) - Total pipeline count is 0, healthy pipeline threshold count is 0
2020-08-03 13:23:47,496 [Listener at 127.0.0.1/36357] INFO  safemode.OneReplicaPipelineSafeModeRule (OneReplicaPipelineSafeModeRule.java:<init>(79)) - Total pipeline count is 0, pipeline's with at least one datanode reported threshold count is 0
2020-08-03 13:23:47,497 [Listener at 127.0.0.1/36357] INFO  ipc.CallQueueManager (CallQueueManager.java:<init>(84)) - Using callQueue: class java.util.concurrent.LinkedBlockingQueue, queueCapacity: 2000, scheduler: class org.apache.hadoop.ipc.DefaultRpcScheduler, ipcBackoff: false.
2020-08-03 13:23:47,497 [Socket Reader #1 for port 0] INFO  ipc.Server (Server.java:run(1219)) - Starting Socket Reader #1 for port 0
2020-08-03 13:23:47,503 [Listener at 0.0.0.0/34077] INFO  ipc.CallQueueManager (CallQueueManager.java:<init>(84)) - Using callQueue: class java.util.concurrent.LinkedBlockingQueue, queueCapacity: 2000, scheduler: class org.apache.hadoop.ipc.DefaultRpcScheduler, ipcBackoff: false.
2020-08-03 13:23:47,503 [Socket Reader #1 for port 0] INFO  ipc.Server (Server.java:run(1219)) - Starting Socket Reader #1 for port 0
2020-08-03 13:23:47,504 [Listener at 0.0.0.0/41563] INFO  ipc.CallQueueManager (CallQueueManager.java:<init>(84)) - Using callQueue: class java.util.concurrent.LinkedBlockingQueue, queueCapacity: 2000, scheduler: class org.apache.hadoop.ipc.DefaultRpcScheduler, ipcBackoff: false.
2020-08-03 13:23:47,506 [Socket Reader #1 for port 0] INFO  ipc.Server (Server.java:run(1219)) - Starting Socket Reader #1 for port 0
2020-08-03 13:23:47,513 [Listener at 0.0.0.0/33433] INFO  http.BaseHttpServer (BaseHttpServer.java:newHttpServer2BuilderForOzone(207)) - Starting Web-server for scm at: http://0.0.0.0:0
2020-08-03 13:23:47,513 [Listener at 0.0.0.0/33433] INFO  http.BaseHttpServer (BaseHttpServer.java:<init>(106)) - Hadoop Security Enabled: false Ozone Security Enabled: false Ozone HTTP Security Enabled: false 
2020-08-03 13:23:47,514 [Listener at 0.0.0.0/33433] INFO  server.AuthenticationFilter (AuthenticationFilter.java:constructSecretProvider(240)) - Unable to initialize FileSignerSecretProvider, falling back to use random secrets.
2020-08-03 13:23:47,515 [Listener at 0.0.0.0/33433] WARN  http.HttpRequestLog (HttpRequestLog.java:getRequestLog(103)) - Jetty request log can only be enabled using Log4j
2020-08-03 13:23:47,515 [Listener at 0.0.0.0/33433] INFO  http.HttpServer2 (HttpServer2.java:addGlobalFilter(1019)) - Added global filter 'safety' (class=org.apache.hadoop.hdds.server.http.HttpServer2$QuotingInputFilter)
2020-08-03 13:23:47,516 [Listener at 0.0.0.0/33433] INFO  http.HttpServer2 (HttpServer2.java:addFilter(995)) - Added filter static_user_filter (class=org.apache.hadoop.http.lib.StaticUserWebFilter$StaticUserFilter) to context scm
2020-08-03 13:23:47,516 [Listener at 0.0.0.0/33433] INFO  http.HttpServer2 (HttpServer2.java:addFilter(1003)) - Added filter static_user_filter (class=org.apache.hadoop.http.lib.StaticUserWebFilter$StaticUserFilter) to context static
2020-08-03 13:23:47,516 [Listener at 0.0.0.0/33433] INFO  http.HttpServer2 (HttpServer2.java:addFilter(1003)) - Added filter static_user_filter (class=org.apache.hadoop.http.lib.StaticUserWebFilter$StaticUserFilter) to context logs
2020-08-03 13:23:47,518 [Listener at 0.0.0.0/33433] INFO  server.StorageContainerManager (StorageContainerManager.java:start(785)) - StorageContainerLocationProtocol RPC server is listening at /0.0.0.0:33433
2020-08-03 13:23:47,520 [Listener at 0.0.0.0/33433] WARN  impl.MetricsConfig (MetricsConfig.java:loadFirst(134)) - Cannot locate configuration: tried hadoop-metrics2-storagecontainermanager.properties,hadoop-metrics2.properties
2020-08-03 13:23:47,523 [Listener at 0.0.0.0/33433] INFO  impl.MetricsSystemImpl (MetricsSystemImpl.java:startTimer(374)) - Scheduled Metric snapshot period at 10 second(s).
2020-08-03 13:23:47,523 [Listener at 0.0.0.0/33433] INFO  impl.MetricsSystemImpl (MetricsSystemImpl.java:start(191)) - StorageContainerManager metrics system started
2020-08-03 13:23:47,549 [Listener at 0.0.0.0/33433] WARN  impl.MetricsSystemImpl (MetricsSystemImpl.java:register(276)) - Sink prometheus already exists!
2020-08-03 13:23:47,559 [Listener at 0.0.0.0/33433] INFO  server.SCMClientProtocolServer (SCMClientProtocolServer.java:start(156)) - RPC server for Client  is listening at /0.0.0.0:33433
2020-08-03 13:23:47,559 [IPC Server Responder] INFO  ipc.Server (Server.java:run(1460)) - IPC Server Responder: starting
2020-08-03 13:23:47,563 [IPC Server listener on 0] INFO  ipc.Server (Server.java:run(1298)) - IPC Server listener on 0: starting
2020-08-03 13:23:47,575 [Listener at 0.0.0.0/33433] INFO  server.StorageContainerManager (StorageContainerManager.java:start(797)) - ScmBlockLocationProtocol RPC server is listening at /0.0.0.0:41563
2020-08-03 13:23:47,575 [Listener at 0.0.0.0/33433] INFO  server.SCMBlockProtocolServer (SCMBlockProtocolServer.java:start(149)) - RPC server for Block Protocol is listening at /0.0.0.0:41563
2020-08-03 13:23:47,577 [IPC Server Responder] INFO  ipc.Server (Server.java:run(1460)) - IPC Server Responder: starting
2020-08-03 13:23:47,577 [IPC Server listener on 0] INFO  ipc.Server (Server.java:run(1298)) - IPC Server listener on 0: starting
2020-08-03 13:23:47,582 [Listener at 0.0.0.0/33433] INFO  server.StorageContainerManager (StorageContainerManager.java:start(803)) - ScmDatanodeProtocl RPC server is listening at /0.0.0.0:34077
2020-08-03 13:23:47,582 [Listener at 0.0.0.0/33433] INFO  server.SCMDatanodeProtocolServer (SCMDatanodeProtocolServer.java:start(172)) - RPC server for DataNodes is listening at /0.0.0.0:34077
2020-08-03 13:23:47,583 [IPC Server Responder] INFO  ipc.Server (Server.java:run(1460)) - IPC Server Responder: starting
2020-08-03 13:23:47,583 [IPC Server listener on 0] INFO  ipc.Server (Server.java:run(1298)) - IPC Server listener on 0: starting
2020-08-03 13:23:47,592 [Listener at 0.0.0.0/33433] INFO  http.HttpServer2 (HttpServer2.java:bindListener(1237)) - Jetty bound to port 44975
2020-08-03 13:23:47,592 [Listener at 0.0.0.0/33433] INFO  server.Server (Server.java:doStart(359)) - jetty-9.4.26.v20200117; built: 2020-01-17T12:35:33.676Z; git: 7b38981d25d14afb4a12ff1f2596756144edf695; jvm 1.8.0_232-b09
2020-08-03 13:23:47,593 [Listener at 0.0.0.0/33433] INFO  server.session (DefaultSessionIdManager.java:doStart(333)) - DefaultSessionIdManager workerName=node0
2020-08-03 13:23:47,594 [Listener at 0.0.0.0/33433] INFO  server.session (DefaultSessionIdManager.java:doStart(338)) - No SessionScavenger set, using defaults
2020-08-03 13:23:47,594 [Listener at 0.0.0.0/33433] INFO  server.session (HouseKeeper.java:startScavenging(140)) - node0 Scavenging every 660000ms
2020-08-03 13:23:47,594 [Listener at 0.0.0.0/33433] INFO  handler.ContextHandler (ContextHandler.java:doStart(825)) - Started o.e.j.s.ServletContextHandler@44eee485{logs,/logs,file:///github/workspace/mnt/ozone/hadoop-ozone/integration-test/target/log,AVAILABLE}
2020-08-03 13:23:47,595 [Listener at 0.0.0.0/33433] INFO  handler.ContextHandler (ContextHandler.java:doStart(825)) - Started o.e.j.s.ServletContextHandler@2d8ef86b{static,/static,file:///github/workspace/mnt/ozone/hadoop-ozone/integration-test/target/test-classes/webapps/static,AVAILABLE}
2020-08-03 13:23:47,599 [Listener at 0.0.0.0/33433] INFO  handler.ContextHandler (ContextHandler.java:doStart(825)) - Started o.e.j.w.WebAppContext@5a8bcae1{scm,/,file:///github/workspace/mnt/ozone/hadoop-ozone/integration-test/target/test-classes/webapps/scm/,AVAILABLE}{file:/github/workspace/mnt/ozone/hadoop-ozone/integration-test/target/test-classes/webapps/scm}
2020-08-03 13:23:47,600 [Listener at 0.0.0.0/33433] INFO  server.AbstractConnector (AbstractConnector.java:doStart(330)) - Started ServerConnector@68172eeb{HTTP/1.1,[http/1.1]}{0.0.0.0:44975}
2020-08-03 13:23:47,600 [Listener at 0.0.0.0/33433] INFO  server.Server (Server.java:doStart(399)) - Started @132643ms
2020-08-03 13:23:47,600 [Listener at 0.0.0.0/33433] WARN  impl.MetricsSystemImpl (MetricsSystemImpl.java:register(276)) - Sink prometheus already exists!
2020-08-03 13:23:47,604 [Listener at 0.0.0.0/33433] INFO  http.BaseHttpServer (BaseHttpServer.java:updateConnectorAddress(327)) - HTTP server of scm listening at http://0.0.0.0:44975
2020-08-03 13:23:47,607 [Listener at 0.0.0.0/33433] WARN  server.ServerUtils (ServerUtils.java:getDBPath(225)) - ozone.om.db.dirs is not configured. We recommend adding this setting. Falling back to ozone.metadata.dirs instead.
2020-08-03 13:23:47,609 [Listener at 0.0.0.0/33433] INFO  ha.OMHANodeDetails (OMHANodeDetails.java:loadOMHAConfig(104)) - ozone.om.internal.service.id is not defined, falling back to ozone.om.service.ids to find serviceID for OzoneManager if it is HA enabled cluster
2020-08-03 13:23:47,609 [Listener at 0.0.0.0/33433] INFO  ha.OMHANodeDetails (OMHANodeDetails.java:loadOMHAConfig(213)) - Configuration either no ozone.om.address set. Falling back to the default OM address /127.0.0.1:0
2020-08-03 13:23:47,609 [Listener at 0.0.0.0/33433] INFO  ha.OMHANodeDetails (OMHANodeDetails.java:getOMNodeDetails(241)) - OM Service ID is not set. Setting it to the default ID: omServiceIdDefault
2020-08-03 13:23:47,610 [Listener at 0.0.0.0/33433] WARN  server.ServerUtils (ServerUtils.java:getDBPath(225)) - ozone.om.db.dirs is not configured. We recommend adding this setting. Falling back to ozone.metadata.dirs instead.
2020-08-03 13:23:47,610 [Listener at 0.0.0.0/33433] WARN  server.ServerUtils (ServerUtils.java:getDBPath(225)) - ozone.om.db.dirs is not configured. We recommend adding this setting. Falling back to ozone.metadata.dirs instead.
2020-08-03 13:23:47,609 [org.apache.hadoop.util.JvmPauseMonitor$Monitor@5fb65af5] INFO  util.JvmPauseMonitor (JvmPauseMonitor.java:run(188)) - Starting JVM pause monitor
2020-08-03 13:23:47,614 [Listener at 0.0.0.0/33433] WARN  server.ServerUtils (ServerUtils.java:getDBPath(225)) - ozone.om.db.dirs is not configured. We recommend adding this setting. Falling back to ozone.metadata.dirs instead.
2020-08-03 13:23:47,614 [Listener at 0.0.0.0/33433] INFO  codec.OmKeyInfoCodec (OmKeyInfoCodec.java:<init>(41)) - OmKeyInfoCodec ignorePipeline = true
2020-08-03 13:23:47,614 [Listener at 0.0.0.0/33433] INFO  codec.RepeatedOmKeyInfoCodec (RepeatedOmKeyInfoCodec.java:<init>(40)) - RepeatedOmKeyInfoCodec ignorePipeline = true
2020-08-03 13:23:47,670 [Listener at 0.0.0.0/33433] INFO  om.OzoneManager (OzoneManager.java:addS3GVolumeToDB(3576)) - Created Volume s3v With Owner jenkins1001 required for S3Gateway operations.
2020-08-03 13:23:47,671 [Listener at 0.0.0.0/33433] INFO  ipc.CallQueueManager (CallQueueManager.java:<init>(84)) - Using callQueue: class java.util.concurrent.LinkedBlockingQueue, queueCapacity: 2000, scheduler: class org.apache.hadoop.ipc.DefaultRpcScheduler, ipcBackoff: false.
2020-08-03 13:23:47,675 [Socket Reader #1 for port 0] INFO  ipc.Server (Server.java:run(1219)) - Starting Socket Reader #1 for port 0
2020-08-03 13:23:47,692 [Listener at 127.0.0.1/37329] INFO  impl.MetricsSystemImpl (MetricsSystemImpl.java:init(158)) - OzoneManager metrics system started (again)
2020-08-03 13:23:47,693 [Listener at 127.0.0.1/37329] INFO  om.OzoneManager (OzoneManager.java:start(1116)) - OzoneManager RPC server is listening at localhost/127.0.0.1:37329
2020-08-03 13:23:47,699 [Listener at 127.0.0.1/37329] INFO  http.BaseHttpServer (BaseHttpServer.java:newHttpServer2BuilderForOzone(207)) - Starting Web-server for ozoneManager at: http://0.0.0.0:0
2020-08-03 13:23:47,699 [Listener at 127.0.0.1/37329] INFO  http.BaseHttpServer (BaseHttpServer.java:<init>(106)) - Hadoop Security Enabled: false Ozone Security Enabled: false Ozone HTTP Security Enabled: false 
2020-08-03 13:23:47,700 [Listener at 127.0.0.1/37329] INFO  server.AuthenticationFilter (AuthenticationFilter.java:constructSecretProvider(240)) - Unable to initialize FileSignerSecretProvider, falling back to use random secrets.
2020-08-03 13:23:47,700 [Listener at 127.0.0.1/37329] WARN  http.HttpRequestLog (HttpRequestLog.java:getRequestLog(103)) - Jetty request log can only be enabled using Log4j
2020-08-03 13:23:47,701 [Listener at 127.0.0.1/37329] INFO  http.HttpServer2 (HttpServer2.java:addGlobalFilter(1019)) - Added global filter 'safety' (class=org.apache.hadoop.hdds.server.http.HttpServer2$QuotingInputFilter)
2020-08-03 13:23:47,702 [Listener at 127.0.0.1/37329] INFO  http.HttpServer2 (HttpServer2.java:addFilter(995)) - Added filter static_user_filter (class=org.apache.hadoop.http.lib.StaticUserWebFilter$StaticUserFilter) to context ozoneManager
2020-08-03 13:23:47,702 [Listener at 127.0.0.1/37329] INFO  http.HttpServer2 (HttpServer2.java:addFilter(1003)) - Added filter static_user_filter (class=org.apache.hadoop.http.lib.StaticUserWebFilter$StaticUserFilter) to context static
2020-08-03 13:23:47,702 [Listener at 127.0.0.1/37329] INFO  http.HttpServer2 (HttpServer2.java:addFilter(1003)) - Added filter static_user_filter (class=org.apache.hadoop.http.lib.StaticUserWebFilter$StaticUserFilter) to context logs
2020-08-03 13:23:47,702 [Listener at 127.0.0.1/37329] INFO  http.HttpServer2 (HttpServer2.java:bindListener(1237)) - Jetty bound to port 34407
2020-08-03 13:23:47,703 [Listener at 127.0.0.1/37329] INFO  server.Server (Server.java:doStart(359)) - jetty-9.4.26.v20200117; built: 2020-01-17T12:35:33.676Z; git: 7b38981d25d14afb4a12ff1f2596756144edf695; jvm 1.8.0_232-b09
2020-08-03 13:23:47,706 [Listener at 127.0.0.1/37329] INFO  server.session (DefaultSessionIdManager.java:doStart(333)) - DefaultSessionIdManager workerName=node0
2020-08-03 13:23:47,707 [Listener at 127.0.0.1/37329] INFO  server.session (DefaultSessionIdManager.java:doStart(338)) - No SessionScavenger set, using defaults
2020-08-03 13:23:47,707 [Listener at 127.0.0.1/37329] INFO  server.session (HouseKeeper.java:startScavenging(140)) - node0 Scavenging every 600000ms
2020-08-03 13:23:47,707 [Listener at 127.0.0.1/37329] INFO  handler.ContextHandler (ContextHandler.java:doStart(825)) - Started o.e.j.s.ServletContextHandler@307a0097{logs,/logs,file:///github/workspace/mnt/ozone/hadoop-ozone/integration-test/target/log,AVAILABLE}
2020-08-03 13:23:47,708 [Listener at 127.0.0.1/37329] INFO  handler.ContextHandler (ContextHandler.java:doStart(825)) - Started o.e.j.s.ServletContextHandler@52ac7989{static,/static,file:///github/workspace/mnt/ozone/hadoop-ozone/integration-test/target/test-classes/webapps/static,AVAILABLE}
2020-08-03 13:23:47,710 [Listener at 127.0.0.1/37329] INFO  handler.ContextHandler (ContextHandler.java:doStart(825)) - Started o.e.j.w.WebAppContext@674502f9{ozoneManager,/,file:///github/workspace/mnt/ozone/hadoop-ozone/integration-test/target/test-classes/webapps/ozoneManager/,AVAILABLE}{file:/github/workspace/mnt/ozone/hadoop-ozone/integration-test/target/test-classes/webapps/ozoneManager}
2020-08-03 13:23:47,711 [Listener at 127.0.0.1/37329] INFO  server.AbstractConnector (AbstractConnector.java:doStart(330)) - Started ServerConnector@4d760ddb{HTTP/1.1,[http/1.1]}{0.0.0.0:34407}
2020-08-03 13:23:47,711 [Listener at 127.0.0.1/37329] INFO  server.Server (Server.java:doStart(399)) - Started @132754ms
2020-08-03 13:23:47,711 [Listener at 127.0.0.1/37329] WARN  impl.MetricsSystemImpl (MetricsSystemImpl.java:register(276)) - Sink prometheus already exists!
2020-08-03 13:23:47,715 [Listener at 127.0.0.1/37329] INFO  http.BaseHttpServer (BaseHttpServer.java:updateConnectorAddress(327)) - HTTP server of ozoneManager listening at http://0.0.0.0:34407
2020-08-03 13:23:47,716 [IPC Server Responder] INFO  ipc.Server (Server.java:run(1460)) - IPC Server Responder: starting
2020-08-03 13:23:47,720 [IPC Server listener on 0] INFO  ipc.Server (Server.java:run(1298)) - IPC Server listener on 0: starting
2020-08-03 13:23:47,726 [org.apache.hadoop.util.JvmPauseMonitor$Monitor@786a4eb2] INFO  util.JvmPauseMonitor (JvmPauseMonitor.java:run(188)) - Starting JVM pause monitor
2020-08-03 13:23:47,741 [Listener at 127.0.0.1/37329] INFO  impl.MetricsSystemImpl (MetricsSystemImpl.java:init(158)) - HddsDatanode metrics system started (again)
2020-08-03 13:23:47,742 [Listener at 127.0.0.1/37329] INFO  ozone.HddsDatanodeService (HddsDatanodeService.java:start(217)) - HddsDatanodeService host:21919eb6eecd ip:172.17.0.2
2020-08-03 13:23:47,743 [Listener at 127.0.0.1/37329] INFO  volume.HddsVolume (HddsVolume.java:<init>(176)) - Creating Volume: /github/workspace/mnt/ozone/hadoop-ozone/integration-test/target/test-dir/MiniOzoneClusterImpl-7e68a8b4-1ba8-49bf-9ad5-192f3c798a38/datanode-0/data-0/containers/hdds of storage type : DISK and capacity : 9223372036854775807
2020-08-03 13:23:47,743 [Listener at 127.0.0.1/37329] INFO  volume.MutableVolumeSet (MutableVolumeSet.java:initializeVolumeSet(179)) - Added Volume : /github/workspace/mnt/ozone/hadoop-ozone/integration-test/target/test-dir/MiniOzoneClusterImpl-7e68a8b4-1ba8-49bf-9ad5-192f3c798a38/datanode-0/data-0/containers/hdds to VolumeSet
2020-08-03 13:23:47,743 [Listener at 127.0.0.1/37329] INFO  volume.ThrottledAsyncChecker (ThrottledAsyncChecker.java:schedule(141)) - Scheduling a check for /github/workspace/mnt/ozone/hadoop-ozone/integration-test/target/test-dir/MiniOzoneClusterImpl-7e68a8b4-1ba8-49bf-9ad5-192f3c798a38/datanode-0/data-0/containers/hdds
2020-08-03 13:23:47,744 [Listener at 127.0.0.1/37329] INFO  volume.HddsVolumeChecker (HddsVolumeChecker.java:checkAllVolumes(200)) - Scheduled health check for volume /github/workspace/mnt/ozone/hadoop-ozone/integration-test/target/test-dir/MiniOzoneClusterImpl-7e68a8b4-1ba8-49bf-9ad5-192f3c798a38/datanode-0/data-0/containers/hdds
2020-08-03 13:23:47,756 [Thread-1135] INFO  ozoneimpl.ContainerReader (ContainerReader.java:readVolume(123)) - Start to verify containers on volume /github/workspace/mnt/ozone/hadoop-ozone/integration-test/target/test-dir/MiniOzoneClusterImpl-7e68a8b4-1ba8-49bf-9ad5-192f3c798a38/datanode-0/data-0/containers/hdds
2020-08-03 13:23:47,756 [Thread-1135] INFO  ozoneimpl.ContainerReader (ContainerReader.java:readVolume(148)) - Finish verifying containers on volume /github/workspace/mnt/ozone/hadoop-ozone/integration-test/target/test-dir/MiniOzoneClusterImpl-7e68a8b4-1ba8-49bf-9ad5-192f3c798a38/datanode-0/data-0/containers/hdds
2020-08-03 13:23:47,756 [Listener at 127.0.0.1/37329] INFO  ozoneimpl.OzoneContainer (OzoneContainer.java:buildContainerSet(196)) - Build ContainerSet costs 0s
2020-08-03 13:23:47,758 [Listener at 127.0.0.1/37329] INFO  impl.RaftServerProxy (ConfUtils.java:logGet(44)) - raft.rpc.type = GRPC (default)
2020-08-03 13:23:47,758 [Listener at 127.0.0.1/37329] INFO  grpc.GrpcFactory (GrpcFactory.java:checkPooledByteBufAllocatorUseCacheForAllThreads(45)) - PERFORMANCE WARNING: useCacheForAllThreads is true that may cause Netty to create a lot garbage objects and, as a result, trigger GC.
	It is recommended to disable useCacheForAllThreads by setting -Dorg.apache.ratis.thirdparty.io.netty.allocator.useCacheForAllThreads=false in command line.
2020-08-03 13:23:47,758 [Listener at 127.0.0.1/37329] INFO  grpc.GrpcConfigKeys (ConfUtils.java:logGet(44)) - raft.grpc.server.port = 0 (default)
2020-08-03 13:23:47,758 [Listener at 127.0.0.1/37329] INFO  server.GrpcService (ConfUtils.java:logGet(44)) - raft.grpc.message.size.max = 32MB (=33554432) (custom)
2020-08-03 13:23:47,758 [Listener at 127.0.0.1/37329] INFO  server.RaftServerConfigKeys (ConfUtils.java:logGet(44)) - raft.server.log.appender.buffer.byte-limit = 33554432 (custom)
2020-08-03 13:23:47,759 [Listener at 127.0.0.1/37329] INFO  server.GrpcService (ConfUtils.java:logGet(44)) - raft.grpc.flow.control.window = 5MB (=5242880) (custom)
2020-08-03 13:23:47,759 [Listener at 127.0.0.1/37329] INFO  server.RaftServerConfigKeys (ConfUtils.java:logGet(44)) - raft.server.rpc.request.timeout = 3000ms (default)
2020-08-03 13:23:47,760 [Listener at 127.0.0.1/37329] INFO  server.RaftServerConfigKeys (ConfUtils.java:logGet(44)) - raft.server.storage.dir = [/github/workspace/mnt/ozone/hadoop-ozone/integration-test/target/test-dir/MiniOzoneClusterImpl-7e68a8b4-1ba8-49bf-9ad5-192f3c798a38/datanode-0/data/ratis] (custom)
2020-08-03 13:23:47,766 [Listener at 127.0.0.1/37329] INFO  http.BaseHttpServer (BaseHttpServer.java:newHttpServer2BuilderForOzone(207)) - Starting Web-server for hddsDatanode at: http://0.0.0.0:0
2020-08-03 13:23:47,766 [Listener at 127.0.0.1/37329] INFO  http.BaseHttpServer (BaseHttpServer.java:<init>(106)) - Hadoop Security Enabled: false Ozone Security Enabled: false Ozone HTTP Security Enabled: false 
2020-08-03 13:23:47,767 [Listener at 127.0.0.1/37329] INFO  server.AuthenticationFilter (AuthenticationFilter.java:constructSecretProvider(240)) - Unable to initialize FileSignerSecretProvider, falling back to use random secrets.
2020-08-03 13:23:47,767 [Listener at 127.0.0.1/37329] WARN  http.HttpRequestLog (HttpRequestLog.java:getRequestLog(103)) - Jetty request log can only be enabled using Log4j
2020-08-03 13:23:47,768 [Listener at 127.0.0.1/37329] INFO  http.HttpServer2 (HttpServer2.java:addGlobalFilter(1019)) - Added global filter 'safety' (class=org.apache.hadoop.hdds.server.http.HttpServer2$QuotingInputFilter)
2020-08-03 13:23:47,769 [Listener at 127.0.0.1/37329] INFO  http.HttpServer2 (HttpServer2.java:addFilter(995)) - Added filter static_user_filter (class=org.apache.hadoop.http.lib.StaticUserWebFilter$StaticUserFilter) to context hddsDatanode
2020-08-03 13:23:47,769 [Listener at 127.0.0.1/37329] INFO  http.HttpServer2 (HttpServer2.java:addFilter(1003)) - Added filter static_user_filter (class=org.apache.hadoop.http.lib.StaticUserWebFilter$StaticUserFilter) to context logs
2020-08-03 13:23:47,769 [Listener at 127.0.0.1/37329] INFO  http.HttpServer2 (HttpServer2.java:addFilter(1003)) - Added filter static_user_filter (class=org.apache.hadoop.http.lib.StaticUserWebFilter$StaticUserFilter) to context static
2020-08-03 13:23:47,769 [Listener at 127.0.0.1/37329] INFO  http.HttpServer2 (HttpServer2.java:bindListener(1237)) - Jetty bound to port 34873
2020-08-03 13:23:47,769 [Listener at 127.0.0.1/37329] INFO  server.Server (Server.java:doStart(359)) - jetty-9.4.26.v20200117; built: 2020-01-17T12:35:33.676Z; git: 7b38981d25d14afb4a12ff1f2596756144edf695; jvm 1.8.0_232-b09
2020-08-03 13:23:47,771 [Listener at 127.0.0.1/37329] INFO  server.session (DefaultSessionIdManager.java:doStart(333)) - DefaultSessionIdManager workerName=node0
2020-08-03 13:23:47,771 [Listener at 127.0.0.1/37329] INFO  server.session (DefaultSessionIdManager.java:doStart(338)) - No SessionScavenger set, using defaults
2020-08-03 13:23:47,771 [Listener at 127.0.0.1/37329] INFO  server.session (HouseKeeper.java:startScavenging(140)) - node0 Scavenging every 600000ms
2020-08-03 13:23:47,772 [Listener at 127.0.0.1/37329] INFO  handler.ContextHandler (ContextHandler.java:doStart(825)) - Started o.e.j.s.ServletContextHandler@7cff8996{logs,/logs,file:///github/workspace/mnt/ozone/hadoop-ozone/integration-test/target/log,AVAILABLE}
2020-08-03 13:23:47,772 [Listener at 127.0.0.1/37329] INFO  handler.ContextHandler (ContextHandler.java:doStart(825)) - Started o.e.j.s.ServletContextHandler@25dee62{static,/static,jar:file:/home/user/.m2/repository/org/apache/hadoop/hadoop-hdds-container-service/0.6.0-SNAPSHOT/hadoop-hdds-container-service-0.6.0-SNAPSHOT.jar!/webapps/static,AVAILABLE}
2020-08-03 13:23:47,846 [Listener at 127.0.0.1/37329] INFO  handler.ContextHandler (ContextHandler.java:doStart(825)) - Started o.e.j.w.WebAppContext@13de7bba{hddsDatanode,/,file:///tmp/jetty-0_0_0_0-34873-hadoop-hdds-container-service-0_6_0-SNAPSHOT_jar-_-any-5692376338748657858.dir/webapp/,AVAILABLE}{jar:file:/home/user/.m2/repository/org/apache/hadoop/hadoop-hdds-container-service/0.6.0-SNAPSHOT/hadoop-hdds-container-service-0.6.0-SNAPSHOT.jar!/webapps/hddsDatanode}
2020-08-03 13:23:47,847 [Listener at 127.0.0.1/37329] INFO  server.AbstractConnector (AbstractConnector.java:doStart(330)) - Started ServerConnector@2081b4a8{HTTP/1.1,[http/1.1]}{0.0.0.0:34873}
2020-08-03 13:23:47,847 [Listener at 127.0.0.1/37329] INFO  server.Server (Server.java:doStart(399)) - Started @132890ms
2020-08-03 13:23:47,847 [Listener at 127.0.0.1/37329] WARN  impl.MetricsSystemImpl (MetricsSystemImpl.java:register(276)) - Sink prometheus already exists!
2020-08-03 13:23:47,851 [Listener at 127.0.0.1/37329] INFO  http.BaseHttpServer (BaseHttpServer.java:updateConnectorAddress(327)) - HTTP server of hddsDatanode listening at http://0.0.0.0:34873
2020-08-03 13:23:47,852 [Listener at 127.0.0.1/37329] INFO  impl.MetricsSystemImpl (MetricsSystemImpl.java:init(158)) - HddsDatanode metrics system started (again)
2020-08-03 13:23:47,854 [Datanode State Machine Task Thread - 0] INFO  datanode.InitDatanodeState (InitDatanodeState.java:persistContainerDatanodeDetails(145)) - DatanodeDetails is persisted to /github/workspace/mnt/ozone/hadoop-ozone/integration-test/target/test-dir/MiniOzoneClusterImpl-7e68a8b4-1ba8-49bf-9ad5-192f3c798a38/datanode-0/meta/datanode.id
2020-08-03 13:23:47,855 [org.apache.hadoop.util.JvmPauseMonitor$Monitor@5be58b8d] INFO  util.JvmPauseMonitor (JvmPauseMonitor.java:run(188)) - Starting JVM pause monitor
2020-08-03 13:23:47,856 [Listener at 127.0.0.1/37329] INFO  ozone.HddsDatanodeService (HddsDatanodeService.java:start(217)) - HddsDatanodeService host:21919eb6eecd ip:172.17.0.2
2020-08-03 13:23:47,857 [Listener at 127.0.0.1/37329] INFO  volume.HddsVolume (HddsVolume.java:<init>(176)) - Creating Volume: /github/workspace/mnt/ozone/hadoop-ozone/integration-test/target/test-dir/MiniOzoneClusterImpl-7e68a8b4-1ba8-49bf-9ad5-192f3c798a38/datanode-1/data-0/containers/hdds of storage type : DISK and capacity : 9223372036854775807
2020-08-03 13:23:47,857 [Listener at 127.0.0.1/37329] INFO  volume.MutableVolumeSet (MutableVolumeSet.java:initializeVolumeSet(179)) - Added Volume : /github/workspace/mnt/ozone/hadoop-ozone/integration-test/target/test-dir/MiniOzoneClusterImpl-7e68a8b4-1ba8-49bf-9ad5-192f3c798a38/datanode-1/data-0/containers/hdds to VolumeSet
2020-08-03 13:23:47,857 [Listener at 127.0.0.1/37329] INFO  volume.ThrottledAsyncChecker (ThrottledAsyncChecker.java:schedule(141)) - Scheduling a check for /github/workspace/mnt/ozone/hadoop-ozone/integration-test/target/test-dir/MiniOzoneClusterImpl-7e68a8b4-1ba8-49bf-9ad5-192f3c798a38/datanode-1/data-0/containers/hdds
2020-08-03 13:23:47,857 [Listener at 127.0.0.1/37329] INFO  volume.HddsVolumeChecker (HddsVolumeChecker.java:checkAllVolumes(200)) - Scheduled health check for volume /github/workspace/mnt/ozone/hadoop-ozone/integration-test/target/test-dir/MiniOzoneClusterImpl-7e68a8b4-1ba8-49bf-9ad5-192f3c798a38/datanode-1/data-0/containers/hdds
2020-08-03 13:23:47,870 [Thread-1146] INFO  ozoneimpl.ContainerReader (ContainerReader.java:readVolume(123)) - Start to verify containers on volume /github/workspace/mnt/ozone/hadoop-ozone/integration-test/target/test-dir/MiniOzoneClusterImpl-7e68a8b4-1ba8-49bf-9ad5-192f3c798a38/datanode-1/data-0/containers/hdds
2020-08-03 13:23:47,870 [Thread-1146] INFO  ozoneimpl.ContainerReader (ContainerReader.java:readVolume(148)) - Finish verifying containers on volume /github/workspace/mnt/ozone/hadoop-ozone/integration-test/target/test-dir/MiniOzoneClusterImpl-7e68a8b4-1ba8-49bf-9ad5-192f3c798a38/datanode-1/data-0/containers/hdds
2020-08-03 13:23:47,870 [Listener at 127.0.0.1/37329] INFO  ozoneimpl.OzoneContainer (OzoneContainer.java:buildContainerSet(196)) - Build ContainerSet costs 0s
2020-08-03 13:23:47,872 [Listener at 127.0.0.1/37329] INFO  impl.RaftServerProxy (ConfUtils.java:logGet(44)) - raft.rpc.type = GRPC (default)
2020-08-03 13:23:47,872 [Listener at 127.0.0.1/37329] INFO  grpc.GrpcFactory (GrpcFactory.java:checkPooledByteBufAllocatorUseCacheForAllThreads(45)) - PERFORMANCE WARNING: useCacheForAllThreads is true that may cause Netty to create a lot garbage objects and, as a result, trigger GC.
	It is recommended to disable useCacheForAllThreads by setting -Dorg.apache.ratis.thirdparty.io.netty.allocator.useCacheForAllThreads=false in command line.
2020-08-03 13:23:47,872 [Listener at 127.0.0.1/37329] INFO  grpc.GrpcConfigKeys (ConfUtils.java:logGet(44)) - raft.grpc.server.port = 0 (default)
2020-08-03 13:23:47,872 [Listener at 127.0.0.1/37329] INFO  server.GrpcService (ConfUtils.java:logGet(44)) - raft.grpc.message.size.max = 32MB (=33554432) (custom)
2020-08-03 13:23:47,872 [Listener at 127.0.0.1/37329] INFO  server.RaftServerConfigKeys (ConfUtils.java:logGet(44)) - raft.server.log.appender.buffer.byte-limit = 33554432 (custom)
2020-08-03 13:23:47,872 [Listener at 127.0.0.1/37329] INFO  server.GrpcService (ConfUtils.java:logGet(44)) - raft.grpc.flow.control.window = 5MB (=5242880) (custom)
2020-08-03 13:23:47,873 [Listener at 127.0.0.1/37329] INFO  server.RaftServerConfigKeys (ConfUtils.java:logGet(44)) - raft.server.rpc.request.timeout = 3000ms (default)
2020-08-03 13:23:47,873 [Listener at 127.0.0.1/37329] INFO  server.RaftServerConfigKeys (ConfUtils.java:logGet(44)) - raft.server.storage.dir = [/github/workspace/mnt/ozone/hadoop-ozone/integration-test/target/test-dir/MiniOzoneClusterImpl-7e68a8b4-1ba8-49bf-9ad5-192f3c798a38/datanode-1/data/ratis] (custom)
2020-08-03 13:23:47,879 [Listener at 127.0.0.1/37329] INFO  http.BaseHttpServer (BaseHttpServer.java:newHttpServer2BuilderForOzone(207)) - Starting Web-server for hddsDatanode at: http://0.0.0.0:0
2020-08-03 13:23:47,880 [Listener at 127.0.0.1/37329] INFO  http.BaseHttpServer (BaseHttpServer.java:<init>(106)) - Hadoop Security Enabled: false Ozone Security Enabled: false Ozone HTTP Security Enabled: false 
2020-08-03 13:23:47,880 [Listener at 127.0.0.1/37329] INFO  server.AuthenticationFilter (AuthenticationFilter.java:constructSecretProvider(240)) - Unable to initialize FileSignerSecretProvider, falling back to use random secrets.
2020-08-03 13:23:47,881 [Listener at 127.0.0.1/37329] WARN  http.HttpRequestLog (HttpRequestLog.java:getRequestLog(103)) - Jetty request log can only be enabled using Log4j
2020-08-03 13:23:47,881 [Listener at 127.0.0.1/37329] INFO  http.HttpServer2 (HttpServer2.java:addGlobalFilter(1019)) - Added global filter 'safety' (class=org.apache.hadoop.hdds.server.http.HttpServer2$QuotingInputFilter)
2020-08-03 13:23:47,882 [Listener at 127.0.0.1/37329] INFO  http.HttpServer2 (HttpServer2.java:addFilter(995)) - Added filter static_user_filter (class=org.apache.hadoop.http.lib.StaticUserWebFilter$StaticUserFilter) to context hddsDatanode
2020-08-03 13:23:47,882 [Listener at 127.0.0.1/37329] INFO  http.HttpServer2 (HttpServer2.java:addFilter(1003)) - Added filter static_user_filter (class=org.apache.hadoop.http.lib.StaticUserWebFilter$StaticUserFilter) to context static
2020-08-03 13:23:47,882 [Listener at 127.0.0.1/37329] INFO  http.HttpServer2 (HttpServer2.java:addFilter(1003)) - Added filter static_user_filter (class=org.apache.hadoop.http.lib.StaticUserWebFilter$StaticUserFilter) to context logs
2020-08-03 13:23:47,883 [Listener at 127.0.0.1/37329] INFO  http.HttpServer2 (HttpServer2.java:bindListener(1237)) - Jetty bound to port 34103
2020-08-03 13:23:47,883 [Listener at 127.0.0.1/37329] INFO  server.Server (Server.java:doStart(359)) - jetty-9.4.26.v20200117; built: 2020-01-17T12:35:33.676Z; git: 7b38981d25d14afb4a12ff1f2596756144edf695; jvm 1.8.0_232-b09
2020-08-03 13:23:47,884 [Listener at 127.0.0.1/37329] INFO  server.session (DefaultSessionIdManager.java:doStart(333)) - DefaultSessionIdManager workerName=node0
2020-08-03 13:23:47,884 [Listener at 127.0.0.1/37329] INFO  server.session (DefaultSessionIdManager.java:doStart(338)) - No SessionScavenger set, using defaults
2020-08-03 13:23:47,885 [Listener at 127.0.0.1/37329] INFO  server.session (HouseKeeper.java:startScavenging(140)) - node0 Scavenging every 660000ms
2020-08-03 13:23:47,885 [Listener at 127.0.0.1/37329] INFO  handler.ContextHandler (ContextHandler.java:doStart(825)) - Started o.e.j.s.ServletContextHandler@6636e1dd{logs,/logs,file:///github/workspace/mnt/ozone/hadoop-ozone/integration-test/target/log,AVAILABLE}
2020-08-03 13:23:47,885 [Listener at 127.0.0.1/37329] INFO  handler.ContextHandler (ContextHandler.java:doStart(825)) - Started o.e.j.s.ServletContextHandler@784df46e{static,/static,jar:file:/home/user/.m2/repository/org/apache/hadoop/hadoop-hdds-container-service/0.6.0-SNAPSHOT/hadoop-hdds-container-service-0.6.0-SNAPSHOT.jar!/webapps/static,AVAILABLE}
2020-08-03 13:23:47,959 [Listener at 127.0.0.1/37329] INFO  handler.ContextHandler (ContextHandler.java:doStart(825)) - Started o.e.j.w.WebAppContext@15a7fda8{hddsDatanode,/,file:///tmp/jetty-0_0_0_0-34103-hadoop-hdds-container-service-0_6_0-SNAPSHOT_jar-_-any-9008880035436085637.dir/webapp/,AVAILABLE}{jar:file:/home/user/.m2/repository/org/apache/hadoop/hadoop-hdds-container-service/0.6.0-SNAPSHOT/hadoop-hdds-container-service-0.6.0-SNAPSHOT.jar!/webapps/hddsDatanode}
2020-08-03 13:23:47,960 [Listener at 127.0.0.1/37329] INFO  server.AbstractConnector (AbstractConnector.java:doStart(330)) - Started ServerConnector@4968bd4e{HTTP/1.1,[http/1.1]}{0.0.0.0:34103}
2020-08-03 13:23:47,961 [Listener at 127.0.0.1/37329] INFO  server.Server (Server.java:doStart(399)) - Started @133003ms
2020-08-03 13:23:47,961 [Listener at 127.0.0.1/37329] WARN  impl.MetricsSystemImpl (MetricsSystemImpl.java:register(276)) - Sink prometheus already exists!
2020-08-03 13:23:47,965 [Listener at 127.0.0.1/37329] INFO  http.BaseHttpServer (BaseHttpServer.java:updateConnectorAddress(327)) - HTTP server of hddsDatanode listening at http://0.0.0.0:34103
2020-08-03 13:23:47,966 [Listener at 127.0.0.1/37329] INFO  impl.MetricsSystemImpl (MetricsSystemImpl.java:init(158)) - HddsDatanode metrics system started (again)
2020-08-03 13:23:47,968 [Listener at 127.0.0.1/37329] INFO  ozone.HddsDatanodeService (HddsDatanodeService.java:start(217)) - HddsDatanodeService host:21919eb6eecd ip:172.17.0.2
2020-08-03 13:23:47,968 [Datanode State Machine Task Thread - 0] INFO  datanode.InitDatanodeState (InitDatanodeState.java:persistContainerDatanodeDetails(145)) - DatanodeDetails is persisted to /github/workspace/mnt/ozone/hadoop-ozone/integration-test/target/test-dir/MiniOzoneClusterImpl-7e68a8b4-1ba8-49bf-9ad5-192f3c798a38/datanode-1/meta/datanode.id
2020-08-03 13:23:47,970 [org.apache.hadoop.util.JvmPauseMonitor$Monitor@5ad31359] INFO  util.JvmPauseMonitor (JvmPauseMonitor.java:run(188)) - Starting JVM pause monitor
2020-08-03 13:23:47,970 [Listener at 127.0.0.1/37329] INFO  volume.HddsVolume (HddsVolume.java:<init>(176)) - Creating Volume: /github/workspace/mnt/ozone/hadoop-ozone/integration-test/target/test-dir/MiniOzoneClusterImpl-7e68a8b4-1ba8-49bf-9ad5-192f3c798a38/datanode-2/data-0/containers/hdds of storage type : DISK and capacity : 9223372036854775807
2020-08-03 13:23:47,971 [Listener at 127.0.0.1/37329] INFO  volume.MutableVolumeSet (MutableVolumeSet.java:initializeVolumeSet(179)) - Added Volume : /github/workspace/mnt/ozone/hadoop-ozone/integration-test/target/test-dir/MiniOzoneClusterImpl-7e68a8b4-1ba8-49bf-9ad5-192f3c798a38/datanode-2/data-0/containers/hdds to VolumeSet
2020-08-03 13:23:47,971 [Listener at 127.0.0.1/37329] INFO  volume.ThrottledAsyncChecker (ThrottledAsyncChecker.java:schedule(141)) - Scheduling a check for /github/workspace/mnt/ozone/hadoop-ozone/integration-test/target/test-dir/MiniOzoneClusterImpl-7e68a8b4-1ba8-49bf-9ad5-192f3c798a38/datanode-2/data-0/containers/hdds
2020-08-03 13:23:47,971 [Listener at 127.0.0.1/37329] INFO  volume.HddsVolumeChecker (HddsVolumeChecker.java:checkAllVolumes(200)) - Scheduled health check for volume /github/workspace/mnt/ozone/hadoop-ozone/integration-test/target/test-dir/MiniOzoneClusterImpl-7e68a8b4-1ba8-49bf-9ad5-192f3c798a38/datanode-2/data-0/containers/hdds
2020-08-03 13:23:47,983 [Thread-1157] INFO  ozoneimpl.ContainerReader (ContainerReader.java:readVolume(123)) - Start to verify containers on volume /github/workspace/mnt/ozone/hadoop-ozone/integration-test/target/test-dir/MiniOzoneClusterImpl-7e68a8b4-1ba8-49bf-9ad5-192f3c798a38/datanode-2/data-0/containers/hdds
2020-08-03 13:23:47,983 [Thread-1157] INFO  ozoneimpl.ContainerReader (ContainerReader.java:readVolume(148)) - Finish verifying containers on volume /github/workspace/mnt/ozone/hadoop-ozone/integration-test/target/test-dir/MiniOzoneClusterImpl-7e68a8b4-1ba8-49bf-9ad5-192f3c798a38/datanode-2/data-0/containers/hdds
2020-08-03 13:23:47,983 [Listener at 127.0.0.1/37329] INFO  ozoneimpl.OzoneContainer (OzoneContainer.java:buildContainerSet(196)) - Build ContainerSet costs 0s
2020-08-03 13:23:47,984 [Listener at 127.0.0.1/37329] INFO  impl.RaftServerProxy (ConfUtils.java:logGet(44)) - raft.rpc.type = GRPC (default)
2020-08-03 13:23:47,985 [Listener at 127.0.0.1/37329] INFO  grpc.GrpcFactory (GrpcFactory.java:checkPooledByteBufAllocatorUseCacheForAllThreads(45)) - PERFORMANCE WARNING: useCacheForAllThreads is true that may cause Netty to create a lot garbage objects and, as a result, trigger GC.
	It is recommended to disable useCacheForAllThreads by setting -Dorg.apache.ratis.thirdparty.io.netty.allocator.useCacheForAllThreads=false in command line.
2020-08-03 13:23:47,985 [Listener at 127.0.0.1/37329] INFO  grpc.GrpcConfigKeys (ConfUtils.java:logGet(44)) - raft.grpc.server.port = 0 (default)
2020-08-03 13:23:47,985 [Listener at 127.0.0.1/37329] INFO  server.GrpcService (ConfUtils.java:logGet(44)) - raft.grpc.message.size.max = 32MB (=33554432) (custom)
2020-08-03 13:23:47,985 [Listener at 127.0.0.1/37329] INFO  server.RaftServerConfigKeys (ConfUtils.java:logGet(44)) - raft.server.log.appender.buffer.byte-limit = 33554432 (custom)
2020-08-03 13:23:47,985 [Listener at 127.0.0.1/37329] INFO  server.GrpcService (ConfUtils.java:logGet(44)) - raft.grpc.flow.control.window = 5MB (=5242880) (custom)
2020-08-03 13:23:47,986 [Listener at 127.0.0.1/37329] INFO  server.RaftServerConfigKeys (ConfUtils.java:logGet(44)) - raft.server.rpc.request.timeout = 3000ms (default)
2020-08-03 13:23:47,986 [Listener at 127.0.0.1/37329] INFO  server.RaftServerConfigKeys (ConfUtils.java:logGet(44)) - raft.server.storage.dir = [/github/workspace/mnt/ozone/hadoop-ozone/integration-test/target/test-dir/MiniOzoneClusterImpl-7e68a8b4-1ba8-49bf-9ad5-192f3c798a38/datanode-2/data/ratis] (custom)
2020-08-03 13:23:47,992 [Listener at 127.0.0.1/37329] INFO  http.BaseHttpServer (BaseHttpServer.java:newHttpServer2BuilderForOzone(207)) - Starting Web-server for hddsDatanode at: http://0.0.0.0:0
2020-08-03 13:23:47,992 [Listener at 127.0.0.1/37329] INFO  http.BaseHttpServer (BaseHttpServer.java:<init>(106)) - Hadoop Security Enabled: false Ozone Security Enabled: false Ozone HTTP Security Enabled: false 
2020-08-03 13:23:47,993 [Listener at 127.0.0.1/37329] INFO  server.AuthenticationFilter (AuthenticationFilter.java:constructSecretProvider(240)) - Unable to initialize FileSignerSecretProvider, falling back to use random secrets.
2020-08-03 13:23:47,994 [Listener at 127.0.0.1/37329] WARN  http.HttpRequestLog (HttpRequestLog.java:getRequestLog(103)) - Jetty request log can only be enabled using Log4j
2020-08-03 13:23:47,994 [Listener at 127.0.0.1/37329] INFO  http.HttpServer2 (HttpServer2.java:addGlobalFilter(1019)) - Added global filter 'safety' (class=org.apache.hadoop.hdds.server.http.HttpServer2$QuotingInputFilter)
2020-08-03 13:23:47,995 [Listener at 127.0.0.1/37329] INFO  http.HttpServer2 (HttpServer2.java:addFilter(995)) - Added filter static_user_filter (class=org.apache.hadoop.http.lib.StaticUserWebFilter$StaticUserFilter) to context hddsDatanode
2020-08-03 13:23:47,995 [Listener at 127.0.0.1/37329] INFO  http.HttpServer2 (HttpServer2.java:addFilter(1003)) - Added filter static_user_filter (class=org.apache.hadoop.http.lib.StaticUserWebFilter$StaticUserFilter) to context static
2020-08-03 13:23:47,995 [Listener at 127.0.0.1/37329] INFO  http.HttpServer2 (HttpServer2.java:addFilter(1003)) - Added filter static_user_filter (class=org.apache.hadoop.http.lib.StaticUserWebFilter$StaticUserFilter) to context logs
2020-08-03 13:23:47,995 [Listener at 127.0.0.1/37329] INFO  http.HttpServer2 (HttpServer2.java:bindListener(1237)) - Jetty bound to port 33441
2020-08-03 13:23:47,995 [Listener at 127.0.0.1/37329] INFO  server.Server (Server.java:doStart(359)) - jetty-9.4.26.v20200117; built: 2020-01-17T12:35:33.676Z; git: 7b38981d25d14afb4a12ff1f2596756144edf695; jvm 1.8.0_232-b09
2020-08-03 13:23:47,997 [Listener at 127.0.0.1/37329] INFO  server.session (DefaultSessionIdManager.java:doStart(333)) - DefaultSessionIdManager workerName=node0
2020-08-03 13:23:47,997 [Listener at 127.0.0.1/37329] INFO  server.session (DefaultSessionIdManager.java:doStart(338)) - No SessionScavenger set, using defaults
2020-08-03 13:23:47,997 [Listener at 127.0.0.1/37329] INFO  server.session (HouseKeeper.java:startScavenging(140)) - node0 Scavenging every 600000ms
2020-08-03 13:23:47,998 [Listener at 127.0.0.1/37329] INFO  handler.ContextHandler (ContextHandler.java:doStart(825)) - Started o.e.j.s.ServletContextHandler@589b0021{logs,/logs,file:///github/workspace/mnt/ozone/hadoop-ozone/integration-test/target/log,AVAILABLE}
2020-08-03 13:23:47,998 [Listener at 127.0.0.1/37329] INFO  handler.ContextHandler (ContextHandler.java:doStart(825)) - Started o.e.j.s.ServletContextHandler@64b3ba13{static,/static,jar:file:/home/user/.m2/repository/org/apache/hadoop/hadoop-hdds-container-service/0.6.0-SNAPSHOT/hadoop-hdds-container-service-0.6.0-SNAPSHOT.jar!/webapps/static,AVAILABLE}
2020-08-03 13:23:48,130 [Listener at 127.0.0.1/37329] INFO  handler.ContextHandler (ContextHandler.java:doStart(825)) - Started o.e.j.w.WebAppContext@455805b3{hddsDatanode,/,file:///tmp/jetty-0_0_0_0-33441-hadoop-hdds-container-service-0_6_0-SNAPSHOT_jar-_-any-4438204536765676016.dir/webapp/,AVAILABLE}{jar:file:/home/user/.m2/repository/org/apache/hadoop/hadoop-hdds-container-service/0.6.0-SNAPSHOT/hadoop-hdds-container-service-0.6.0-SNAPSHOT.jar!/webapps/hddsDatanode}
2020-08-03 13:23:48,131 [Listener at 127.0.0.1/37329] INFO  server.AbstractConnector (AbstractConnector.java:doStart(330)) - Started ServerConnector@1e32be24{HTTP/1.1,[http/1.1]}{0.0.0.0:33441}
2020-08-03 13:23:48,131 [Listener at 127.0.0.1/37329] INFO  server.Server (Server.java:doStart(399)) - Started @133174ms
2020-08-03 13:23:48,131 [Listener at 127.0.0.1/37329] WARN  impl.MetricsSystemImpl (MetricsSystemImpl.java:register(276)) - Sink prometheus already exists!
2020-08-03 13:23:48,136 [Listener at 127.0.0.1/37329] INFO  http.BaseHttpServer (BaseHttpServer.java:updateConnectorAddress(327)) - HTTP server of hddsDatanode listening at http://0.0.0.0:33441
2020-08-03 13:23:48,137 [Listener at 127.0.0.1/37329] INFO  impl.MetricsSystemImpl (MetricsSystemImpl.java:init(158)) - HddsDatanode metrics system started (again)
2020-08-03 13:23:48,138 [Listener at 127.0.0.1/37329] INFO  ozone.HddsDatanodeService (HddsDatanodeService.java:start(217)) - HddsDatanodeService host:21919eb6eecd ip:172.17.0.2
2020-08-03 13:23:48,138 [org.apache.hadoop.util.JvmPauseMonitor$Monitor@5632c259] INFO  util.JvmPauseMonitor (JvmPauseMonitor.java:run(188)) - Starting JVM pause monitor
2020-08-03 13:23:48,139 [Listener at 127.0.0.1/37329] INFO  volume.HddsVolume (HddsVolume.java:<init>(176)) - Creating Volume: /github/workspace/mnt/ozone/hadoop-ozone/integration-test/target/test-dir/MiniOzoneClusterImpl-7e68a8b4-1ba8-49bf-9ad5-192f3c798a38/datanode-3/data-0/containers/hdds of storage type : DISK and capacity : 9223372036854775807
2020-08-03 13:23:48,139 [Listener at 127.0.0.1/37329] INFO  volume.MutableVolumeSet (MutableVolumeSet.java:initializeVolumeSet(179)) - Added Volume : /github/workspace/mnt/ozone/hadoop-ozone/integration-test/target/test-dir/MiniOzoneClusterImpl-7e68a8b4-1ba8-49bf-9ad5-192f3c798a38/datanode-3/data-0/containers/hdds to VolumeSet
2020-08-03 13:23:48,139 [Listener at 127.0.0.1/37329] INFO  volume.ThrottledAsyncChecker (ThrottledAsyncChecker.java:schedule(141)) - Scheduling a check for /github/workspace/mnt/ozone/hadoop-ozone/integration-test/target/test-dir/MiniOzoneClusterImpl-7e68a8b4-1ba8-49bf-9ad5-192f3c798a38/datanode-3/data-0/containers/hdds
2020-08-03 13:23:48,139 [Datanode State Machine Task Thread - 0] INFO  datanode.InitDatanodeState (InitDatanodeState.java:persistContainerDatanodeDetails(145)) - DatanodeDetails is persisted to /github/workspace/mnt/ozone/hadoop-ozone/integration-test/target/test-dir/MiniOzoneClusterImpl-7e68a8b4-1ba8-49bf-9ad5-192f3c798a38/datanode-2/meta/datanode.id
2020-08-03 13:23:48,139 [Listener at 127.0.0.1/37329] INFO  volume.HddsVolumeChecker (HddsVolumeChecker.java:checkAllVolumes(200)) - Scheduled health check for volume /github/workspace/mnt/ozone/hadoop-ozone/integration-test/target/test-dir/MiniOzoneClusterImpl-7e68a8b4-1ba8-49bf-9ad5-192f3c798a38/datanode-3/data-0/containers/hdds
2020-08-03 13:23:48,154 [Thread-1168] INFO  ozoneimpl.ContainerReader (ContainerReader.java:readVolume(123)) - Start to verify containers on volume /github/workspace/mnt/ozone/hadoop-ozone/integration-test/target/test-dir/MiniOzoneClusterImpl-7e68a8b4-1ba8-49bf-9ad5-192f3c798a38/datanode-3/data-0/containers/hdds
2020-08-03 13:23:48,155 [Thread-1168] INFO  ozoneimpl.ContainerReader (ContainerReader.java:readVolume(148)) - Finish verifying containers on volume /github/workspace/mnt/ozone/hadoop-ozone/integration-test/target/test-dir/MiniOzoneClusterImpl-7e68a8b4-1ba8-49bf-9ad5-192f3c798a38/datanode-3/data-0/containers/hdds
2020-08-03 13:23:48,155 [Listener at 127.0.0.1/37329] INFO  ozoneimpl.OzoneContainer (OzoneContainer.java:buildContainerSet(196)) - Build ContainerSet costs 0s
2020-08-03 13:23:48,156 [Listener at 127.0.0.1/37329] INFO  impl.RaftServerProxy (ConfUtils.java:logGet(44)) - raft.rpc.type = GRPC (default)
2020-08-03 13:23:48,156 [Listener at 127.0.0.1/37329] INFO  grpc.GrpcFactory (GrpcFactory.java:checkPooledByteBufAllocatorUseCacheForAllThreads(45)) - PERFORMANCE WARNING: useCacheForAllThreads is true that may cause Netty to create a lot garbage objects and, as a result, trigger GC.
	It is recommended to disable useCacheForAllThreads by setting -Dorg.apache.ratis.thirdparty.io.netty.allocator.useCacheForAllThreads=false in command line.
2020-08-03 13:23:48,156 [Listener at 127.0.0.1/37329] INFO  grpc.GrpcConfigKeys (ConfUtils.java:logGet(44)) - raft.grpc.server.port = 0 (default)
2020-08-03 13:23:48,157 [Listener at 127.0.0.1/37329] INFO  server.GrpcService (ConfUtils.java:logGet(44)) - raft.grpc.message.size.max = 32MB (=33554432) (custom)
2020-08-03 13:23:48,157 [Listener at 127.0.0.1/37329] INFO  server.RaftServerConfigKeys (ConfUtils.java:logGet(44)) - raft.server.log.appender.buffer.byte-limit = 33554432 (custom)
2020-08-03 13:23:48,157 [Listener at 127.0.0.1/37329] INFO  server.GrpcService (ConfUtils.java:logGet(44)) - raft.grpc.flow.control.window = 5MB (=5242880) (custom)
2020-08-03 13:23:48,157 [Listener at 127.0.0.1/37329] INFO  server.RaftServerConfigKeys (ConfUtils.java:logGet(44)) - raft.server.rpc.request.timeout = 3000ms (default)
2020-08-03 13:23:48,158 [Listener at 127.0.0.1/37329] INFO  server.RaftServerConfigKeys (ConfUtils.java:logGet(44)) - raft.server.storage.dir = [/github/workspace/mnt/ozone/hadoop-ozone/integration-test/target/test-dir/MiniOzoneClusterImpl-7e68a8b4-1ba8-49bf-9ad5-192f3c798a38/datanode-3/data/ratis] (custom)
2020-08-03 13:23:48,164 [Listener at 127.0.0.1/37329] INFO  http.BaseHttpServer (BaseHttpServer.java:newHttpServer2BuilderForOzone(207)) - Starting Web-server for hddsDatanode at: http://0.0.0.0:0
2020-08-03 13:23:48,165 [Listener at 127.0.0.1/37329] INFO  http.BaseHttpServer (BaseHttpServer.java:<init>(106)) - Hadoop Security Enabled: false Ozone Security Enabled: false Ozone HTTP Security Enabled: false 
2020-08-03 13:23:48,165 [Listener at 127.0.0.1/37329] INFO  server.AuthenticationFilter (AuthenticationFilter.java:constructSecretProvider(240)) - Unable to initialize FileSignerSecretProvider, falling back to use random secrets.
2020-08-03 13:23:48,166 [Listener at 127.0.0.1/37329] WARN  http.HttpRequestLog (HttpRequestLog.java:getRequestLog(103)) - Jetty request log can only be enabled using Log4j
2020-08-03 13:23:48,166 [Listener at 127.0.0.1/37329] INFO  http.HttpServer2 (HttpServer2.java:addGlobalFilter(1019)) - Added global filter 'safety' (class=org.apache.hadoop.hdds.server.http.HttpServer2$QuotingInputFilter)
2020-08-03 13:23:48,167 [Listener at 127.0.0.1/37329] INFO  http.HttpServer2 (HttpServer2.java:addFilter(995)) - Added filter static_user_filter (class=org.apache.hadoop.http.lib.StaticUserWebFilter$StaticUserFilter) to context hddsDatanode
2020-08-03 13:23:48,167 [Listener at 127.0.0.1/37329] INFO  http.HttpServer2 (HttpServer2.java:addFilter(1003)) - Added filter static_user_filter (class=org.apache.hadoop.http.lib.StaticUserWebFilter$StaticUserFilter) to context logs
2020-08-03 13:23:48,167 [Listener at 127.0.0.1/37329] INFO  http.HttpServer2 (HttpServer2.java:addFilter(1003)) - Added filter static_user_filter (class=org.apache.hadoop.http.lib.StaticUserWebFilter$StaticUserFilter) to context static
2020-08-03 13:23:48,167 [Listener at 127.0.0.1/37329] INFO  http.HttpServer2 (HttpServer2.java:bindListener(1237)) - Jetty bound to port 40291
2020-08-03 13:23:48,168 [Listener at 127.0.0.1/37329] INFO  server.Server (Server.java:doStart(359)) - jetty-9.4.26.v20200117; built: 2020-01-17T12:35:33.676Z; git: 7b38981d25d14afb4a12ff1f2596756144edf695; jvm 1.8.0_232-b09
2020-08-03 13:23:48,170 [Listener at 127.0.0.1/37329] INFO  server.session (DefaultSessionIdManager.java:doStart(333)) - DefaultSessionIdManager workerName=node0
2020-08-03 13:23:48,170 [Listener at 127.0.0.1/37329] INFO  server.session (DefaultSessionIdManager.java:doStart(338)) - No SessionScavenger set, using defaults
2020-08-03 13:23:48,170 [Listener at 127.0.0.1/37329] INFO  server.session (HouseKeeper.java:startScavenging(140)) - node0 Scavenging every 660000ms
2020-08-03 13:23:48,171 [Listener at 127.0.0.1/37329] INFO  handler.ContextHandler (ContextHandler.java:doStart(825)) - Started o.e.j.s.ServletContextHandler@23295bac{logs,/logs,file:///github/workspace/mnt/ozone/hadoop-ozone/integration-test/target/log,AVAILABLE}
2020-08-03 13:23:48,171 [Listener at 127.0.0.1/37329] INFO  handler.ContextHandler (ContextHandler.java:doStart(825)) - Started o.e.j.s.ServletContextHandler@6ec2108c{static,/static,jar:file:/home/user/.m2/repository/org/apache/hadoop/hadoop-hdds-container-service/0.6.0-SNAPSHOT/hadoop-hdds-container-service-0.6.0-SNAPSHOT.jar!/webapps/static,AVAILABLE}
2020-08-03 13:23:48,243 [Listener at 127.0.0.1/37329] INFO  handler.ContextHandler (ContextHandler.java:doStart(825)) - Started o.e.j.w.WebAppContext@23fb943e{hddsDatanode,/,file:///tmp/jetty-0_0_0_0-40291-hadoop-hdds-container-service-0_6_0-SNAPSHOT_jar-_-any-6575734997915903354.dir/webapp/,AVAILABLE}{jar:file:/home/user/.m2/repository/org/apache/hadoop/hadoop-hdds-container-service/0.6.0-SNAPSHOT/hadoop-hdds-container-service-0.6.0-SNAPSHOT.jar!/webapps/hddsDatanode}
2020-08-03 13:23:48,244 [Listener at 127.0.0.1/37329] INFO  server.AbstractConnector (AbstractConnector.java:doStart(330)) - Started ServerConnector@33d102c9{HTTP/1.1,[http/1.1]}{0.0.0.0:40291}
2020-08-03 13:23:48,244 [Listener at 127.0.0.1/37329] INFO  server.Server (Server.java:doStart(399)) - Started @133287ms
2020-08-03 13:23:48,244 [Listener at 127.0.0.1/37329] WARN  impl.MetricsSystemImpl (MetricsSystemImpl.java:register(276)) - Sink prometheus already exists!
2020-08-03 13:23:48,251 [Listener at 127.0.0.1/37329] INFO  http.BaseHttpServer (BaseHttpServer.java:updateConnectorAddress(327)) - HTTP server of hddsDatanode listening at http://0.0.0.0:40291
2020-08-03 13:23:48,253 [Listener at 127.0.0.1/37329] INFO  impl.MetricsSystemImpl (MetricsSystemImpl.java:init(158)) - HddsDatanode metrics system started (again)
2020-08-03 13:23:48,254 [org.apache.hadoop.util.JvmPauseMonitor$Monitor@431edceb] INFO  util.JvmPauseMonitor (JvmPauseMonitor.java:run(188)) - Starting JVM pause monitor
2020-08-03 13:23:48,254 [Listener at 127.0.0.1/37329] INFO  ozone.HddsDatanodeService (HddsDatanodeService.java:start(217)) - HddsDatanodeService host:21919eb6eecd ip:172.17.0.2
2020-08-03 13:23:48,255 [Datanode State Machine Task Thread - 0] INFO  datanode.InitDatanodeState (InitDatanodeState.java:persistContainerDatanodeDetails(145)) - DatanodeDetails is persisted to /github/workspace/mnt/ozone/hadoop-ozone/integration-test/target/test-dir/MiniOzoneClusterImpl-7e68a8b4-1ba8-49bf-9ad5-192f3c798a38/datanode-3/meta/datanode.id
2020-08-03 13:23:48,256 [Listener at 127.0.0.1/37329] INFO  volume.HddsVolume (HddsVolume.java:<init>(176)) - Creating Volume: /github/workspace/mnt/ozone/hadoop-ozone/integration-test/target/test-dir/MiniOzoneClusterImpl-7e68a8b4-1ba8-49bf-9ad5-192f3c798a38/datanode-4/data-0/containers/hdds of storage type : DISK and capacity : 9223372036854775807
2020-08-03 13:23:48,256 [Listener at 127.0.0.1/37329] INFO  volume.MutableVolumeSet (MutableVolumeSet.java:initializeVolumeSet(179)) - Added Volume : /github/workspace/mnt/ozone/hadoop-ozone/integration-test/target/test-dir/MiniOzoneClusterImpl-7e68a8b4-1ba8-49bf-9ad5-192f3c798a38/datanode-4/data-0/containers/hdds to VolumeSet
2020-08-03 13:23:48,256 [Listener at 127.0.0.1/37329] INFO  volume.ThrottledAsyncChecker (ThrottledAsyncChecker.java:schedule(141)) - Scheduling a check for /github/workspace/mnt/ozone/hadoop-ozone/integration-test/target/test-dir/MiniOzoneClusterImpl-7e68a8b4-1ba8-49bf-9ad5-192f3c798a38/datanode-4/data-0/containers/hdds
2020-08-03 13:23:48,257 [Listener at 127.0.0.1/37329] INFO  volume.HddsVolumeChecker (HddsVolumeChecker.java:checkAllVolumes(200)) - Scheduled health check for volume /github/workspace/mnt/ozone/hadoop-ozone/integration-test/target/test-dir/MiniOzoneClusterImpl-7e68a8b4-1ba8-49bf-9ad5-192f3c798a38/datanode-4/data-0/containers/hdds
2020-08-03 13:23:48,269 [Thread-1179] INFO  ozoneimpl.ContainerReader (ContainerReader.java:readVolume(123)) - Start to verify containers on volume /github/workspace/mnt/ozone/hadoop-ozone/integration-test/target/test-dir/MiniOzoneClusterImpl-7e68a8b4-1ba8-49bf-9ad5-192f3c798a38/datanode-4/data-0/containers/hdds
2020-08-03 13:23:48,269 [Thread-1179] INFO  ozoneimpl.ContainerReader (ContainerReader.java:readVolume(148)) - Finish verifying containers on volume /github/workspace/mnt/ozone/hadoop-ozone/integration-test/target/test-dir/MiniOzoneClusterImpl-7e68a8b4-1ba8-49bf-9ad5-192f3c798a38/datanode-4/data-0/containers/hdds
2020-08-03 13:23:48,269 [Listener at 127.0.0.1/37329] INFO  ozoneimpl.OzoneContainer (OzoneContainer.java:buildContainerSet(196)) - Build ContainerSet costs 0s
2020-08-03 13:23:48,272 [Listener at 127.0.0.1/37329] INFO  impl.RaftServerProxy (ConfUtils.java:logGet(44)) - raft.rpc.type = GRPC (default)
2020-08-03 13:23:48,272 [Listener at 127.0.0.1/37329] INFO  grpc.GrpcFactory (GrpcFactory.java:checkPooledByteBufAllocatorUseCacheForAllThreads(45)) - PERFORMANCE WARNING: useCacheForAllThreads is true that may cause Netty to create a lot garbage objects and, as a result, trigger GC.
	It is recommended to disable useCacheForAllThreads by setting -Dorg.apache.ratis.thirdparty.io.netty.allocator.useCacheForAllThreads=false in command line.
2020-08-03 13:23:48,273 [Listener at 127.0.0.1/37329] INFO  grpc.GrpcConfigKeys (ConfUtils.java:logGet(44)) - raft.grpc.server.port = 0 (default)
2020-08-03 13:23:48,273 [Listener at 127.0.0.1/37329] INFO  server.GrpcService (ConfUtils.java:logGet(44)) - raft.grpc.message.size.max = 32MB (=33554432) (custom)
2020-08-03 13:23:48,273 [Listener at 127.0.0.1/37329] INFO  server.RaftServerConfigKeys (ConfUtils.java:logGet(44)) - raft.server.log.appender.buffer.byte-limit = 33554432 (custom)
2020-08-03 13:23:48,273 [Listener at 127.0.0.1/37329] INFO  server.GrpcService (ConfUtils.java:logGet(44)) - raft.grpc.flow.control.window = 5MB (=5242880) (custom)
2020-08-03 13:23:48,273 [Listener at 127.0.0.1/37329] INFO  server.RaftServerConfigKeys (ConfUtils.java:logGet(44)) - raft.server.rpc.request.timeout = 3000ms (default)
2020-08-03 13:23:48,274 [Listener at 127.0.0.1/37329] INFO  server.RaftServerConfigKeys (ConfUtils.java:logGet(44)) - raft.server.storage.dir = [/github/workspace/mnt/ozone/hadoop-ozone/integration-test/target/test-dir/MiniOzoneClusterImpl-7e68a8b4-1ba8-49bf-9ad5-192f3c798a38/datanode-4/data/ratis] (custom)
2020-08-03 13:23:48,281 [Listener at 127.0.0.1/37329] INFO  http.BaseHttpServer (BaseHttpServer.java:newHttpServer2BuilderForOzone(207)) - Starting Web-server for hddsDatanode at: http://0.0.0.0:0
2020-08-03 13:23:48,281 [Listener at 127.0.0.1/37329] INFO  http.BaseHttpServer (BaseHttpServer.java:<init>(106)) - Hadoop Security Enabled: false Ozone Security Enabled: false Ozone HTTP Security Enabled: false 
2020-08-03 13:23:48,283 [Listener at 127.0.0.1/37329] INFO  server.AuthenticationFilter (AuthenticationFilter.java:constructSecretProvider(240)) - Unable to initialize FileSignerSecretProvider, falling back to use random secrets.
2020-08-03 13:23:48,283 [Listener at 127.0.0.1/37329] WARN  http.HttpRequestLog (HttpRequestLog.java:getRequestLog(103)) - Jetty request log can only be enabled using Log4j
2020-08-03 13:23:48,284 [Listener at 127.0.0.1/37329] INFO  http.HttpServer2 (HttpServer2.java:addGlobalFilter(1019)) - Added global filter 'safety' (class=org.apache.hadoop.hdds.server.http.HttpServer2$QuotingInputFilter)
2020-08-03 13:23:48,284 [Listener at 127.0.0.1/37329] INFO  http.HttpServer2 (HttpServer2.java:addFilter(995)) - Added filter static_user_filter (class=org.apache.hadoop.http.lib.StaticUserWebFilter$StaticUserFilter) to context hddsDatanode
2020-08-03 13:23:48,284 [Listener at 127.0.0.1/37329] INFO  http.HttpServer2 (HttpServer2.java:addFilter(1003)) - Added filter static_user_filter (class=org.apache.hadoop.http.lib.StaticUserWebFilter$StaticUserFilter) to context logs
2020-08-03 13:23:48,284 [Listener at 127.0.0.1/37329] INFO  http.HttpServer2 (HttpServer2.java:addFilter(1003)) - Added filter static_user_filter (class=org.apache.hadoop.http.lib.StaticUserWebFilter$StaticUserFilter) to context static
2020-08-03 13:23:48,285 [Listener at 127.0.0.1/37329] INFO  http.HttpServer2 (HttpServer2.java:bindListener(1237)) - Jetty bound to port 43795
2020-08-03 13:23:48,285 [Listener at 127.0.0.1/37329] INFO  server.Server (Server.java:doStart(359)) - jetty-9.4.26.v20200117; built: 2020-01-17T12:35:33.676Z; git: 7b38981d25d14afb4a12ff1f2596756144edf695; jvm 1.8.0_232-b09
2020-08-03 13:23:48,286 [Listener at 127.0.0.1/37329] INFO  server.session (DefaultSessionIdManager.java:doStart(333)) - DefaultSessionIdManager workerName=node0
2020-08-03 13:23:48,286 [Listener at 127.0.0.1/37329] INFO  server.session (DefaultSessionIdManager.java:doStart(338)) - No SessionScavenger set, using defaults
2020-08-03 13:23:48,286 [Listener at 127.0.0.1/37329] INFO  server.session (HouseKeeper.java:startScavenging(140)) - node0 Scavenging every 660000ms
2020-08-03 13:23:48,287 [Listener at 127.0.0.1/37329] INFO  handler.ContextHandler (ContextHandler.java:doStart(825)) - Started o.e.j.s.ServletContextHandler@2fc6e673{logs,/logs,file:///github/workspace/mnt/ozone/hadoop-ozone/integration-test/target/log,AVAILABLE}
2020-08-03 13:23:48,287 [Listener at 127.0.0.1/37329] INFO  handler.ContextHandler (ContextHandler.java:doStart(825)) - Started o.e.j.s.ServletContextHandler@1a8b7423{static,/static,jar:file:/home/user/.m2/repository/org/apache/hadoop/hadoop-hdds-container-service/0.6.0-SNAPSHOT/hadoop-hdds-container-service-0.6.0-SNAPSHOT.jar!/webapps/static,AVAILABLE}
2020-08-03 13:23:48,357 [Listener at 127.0.0.1/37329] INFO  handler.ContextHandler (ContextHandler.java:doStart(825)) - Started o.e.j.w.WebAppContext@54875db0{hddsDatanode,/,file:///tmp/jetty-0_0_0_0-43795-hadoop-hdds-container-service-0_6_0-SNAPSHOT_jar-_-any-8669670777147307327.dir/webapp/,AVAILABLE}{jar:file:/home/user/.m2/repository/org/apache/hadoop/hadoop-hdds-container-service/0.6.0-SNAPSHOT/hadoop-hdds-container-service-0.6.0-SNAPSHOT.jar!/webapps/hddsDatanode}
2020-08-03 13:23:48,358 [Listener at 127.0.0.1/37329] INFO  server.AbstractConnector (AbstractConnector.java:doStart(330)) - Started ServerConnector@1d51de61{HTTP/1.1,[http/1.1]}{0.0.0.0:43795}
2020-08-03 13:23:48,359 [Listener at 127.0.0.1/37329] INFO  server.Server (Server.java:doStart(399)) - Started @133401ms
2020-08-03 13:23:48,359 [Listener at 127.0.0.1/37329] WARN  impl.MetricsSystemImpl (MetricsSystemImpl.java:register(276)) - Sink prometheus already exists!
2020-08-03 13:23:48,365 [Listener at 127.0.0.1/37329] INFO  http.BaseHttpServer (BaseHttpServer.java:updateConnectorAddress(327)) - HTTP server of hddsDatanode listening at http://0.0.0.0:43795
2020-08-03 13:23:48,366 [Listener at 127.0.0.1/37329] INFO  impl.MetricsSystemImpl (MetricsSystemImpl.java:init(158)) - HddsDatanode metrics system started (again)
2020-08-03 13:23:48,369 [org.apache.hadoop.util.JvmPauseMonitor$Monitor@715afa8e] INFO  util.JvmPauseMonitor (JvmPauseMonitor.java:run(188)) - Starting JVM pause monitor
2020-08-03 13:23:48,369 [Listener at 127.0.0.1/37329] INFO  ozone.HddsDatanodeService (HddsDatanodeService.java:start(217)) - HddsDatanodeService host:21919eb6eecd ip:172.17.0.2
2020-08-03 13:23:48,370 [Datanode State Machine Task Thread - 0] INFO  datanode.InitDatanodeState (InitDatanodeState.java:persistContainerDatanodeDetails(145)) - DatanodeDetails is persisted to /github/workspace/mnt/ozone/hadoop-ozone/integration-test/target/test-dir/MiniOzoneClusterImpl-7e68a8b4-1ba8-49bf-9ad5-192f3c798a38/datanode-4/meta/datanode.id
2020-08-03 13:23:48,370 [Listener at 127.0.0.1/37329] INFO  volume.HddsVolume (HddsVolume.java:<init>(176)) - Creating Volume: /github/workspace/mnt/ozone/hadoop-ozone/integration-test/target/test-dir/MiniOzoneClusterImpl-7e68a8b4-1ba8-49bf-9ad5-192f3c798a38/datanode-5/data-0/containers/hdds of storage type : DISK and capacity : 9223372036854775807
2020-08-03 13:23:48,371 [Listener at 127.0.0.1/37329] INFO  volume.MutableVolumeSet (MutableVolumeSet.java:initializeVolumeSet(179)) - Added Volume : /github/workspace/mnt/ozone/hadoop-ozone/integration-test/target/test-dir/MiniOzoneClusterImpl-7e68a8b4-1ba8-49bf-9ad5-192f3c798a38/datanode-5/data-0/containers/hdds to VolumeSet
2020-08-03 13:23:48,371 [Listener at 127.0.0.1/37329] INFO  volume.ThrottledAsyncChecker (ThrottledAsyncChecker.java:schedule(141)) - Scheduling a check for /github/workspace/mnt/ozone/hadoop-ozone/integration-test/target/test-dir/MiniOzoneClusterImpl-7e68a8b4-1ba8-49bf-9ad5-192f3c798a38/datanode-5/data-0/containers/hdds
2020-08-03 13:23:48,371 [Listener at 127.0.0.1/37329] INFO  volume.HddsVolumeChecker (HddsVolumeChecker.java:checkAllVolumes(200)) - Scheduled health check for volume /github/workspace/mnt/ozone/hadoop-ozone/integration-test/target/test-dir/MiniOzoneClusterImpl-7e68a8b4-1ba8-49bf-9ad5-192f3c798a38/datanode-5/data-0/containers/hdds
2020-08-03 13:23:48,384 [Thread-1190] INFO  ozoneimpl.ContainerReader (ContainerReader.java:readVolume(123)) - Start to verify containers on volume /github/workspace/mnt/ozone/hadoop-ozone/integration-test/target/test-dir/MiniOzoneClusterImpl-7e68a8b4-1ba8-49bf-9ad5-192f3c798a38/datanode-5/data-0/containers/hdds
2020-08-03 13:23:48,384 [Thread-1190] INFO  ozoneimpl.ContainerReader (ContainerReader.java:readVolume(148)) - Finish verifying containers on volume /github/workspace/mnt/ozone/hadoop-ozone/integration-test/target/test-dir/MiniOzoneClusterImpl-7e68a8b4-1ba8-49bf-9ad5-192f3c798a38/datanode-5/data-0/containers/hdds
2020-08-03 13:23:48,384 [Listener at 127.0.0.1/37329] INFO  ozoneimpl.OzoneContainer (OzoneContainer.java:buildContainerSet(196)) - Build ContainerSet costs 0s
2020-08-03 13:23:48,385 [Listener at 127.0.0.1/37329] INFO  impl.RaftServerProxy (ConfUtils.java:logGet(44)) - raft.rpc.type = GRPC (default)
2020-08-03 13:23:48,386 [Listener at 127.0.0.1/37329] INFO  grpc.GrpcFactory (GrpcFactory.java:checkPooledByteBufAllocatorUseCacheForAllThreads(45)) - PERFORMANCE WARNING: useCacheForAllThreads is true that may cause Netty to create a lot garbage objects and, as a result, trigger GC.
	It is recommended to disable useCacheForAllThreads by setting -Dorg.apache.ratis.thirdparty.io.netty.allocator.useCacheForAllThreads=false in command line.
2020-08-03 13:23:48,386 [Listener at 127.0.0.1/37329] INFO  grpc.GrpcConfigKeys (ConfUtils.java:logGet(44)) - raft.grpc.server.port = 0 (default)
2020-08-03 13:23:48,386 [Listener at 127.0.0.1/37329] INFO  server.GrpcService (ConfUtils.java:logGet(44)) - raft.grpc.message.size.max = 32MB (=33554432) (custom)
2020-08-03 13:23:48,386 [Listener at 127.0.0.1/37329] INFO  server.RaftServerConfigKeys (ConfUtils.java:logGet(44)) - raft.server.log.appender.buffer.byte-limit = 33554432 (custom)
2020-08-03 13:23:48,386 [Listener at 127.0.0.1/37329] INFO  server.GrpcService (ConfUtils.java:logGet(44)) - raft.grpc.flow.control.window = 5MB (=5242880) (custom)
2020-08-03 13:23:48,386 [Listener at 127.0.0.1/37329] INFO  server.RaftServerConfigKeys (ConfUtils.java:logGet(44)) - raft.server.rpc.request.timeout = 3000ms (default)
2020-08-03 13:23:48,387 [Listener at 127.0.0.1/37329] INFO  server.RaftServerConfigKeys (ConfUtils.java:logGet(44)) - raft.server.storage.dir = [/github/workspace/mnt/ozone/hadoop-ozone/integration-test/target/test-dir/MiniOzoneClusterImpl-7e68a8b4-1ba8-49bf-9ad5-192f3c798a38/datanode-5/data/ratis] (custom)
2020-08-03 13:23:48,394 [Listener at 127.0.0.1/37329] INFO  http.BaseHttpServer (BaseHttpServer.java:newHttpServer2BuilderForOzone(207)) - Starting Web-server for hddsDatanode at: http://0.0.0.0:0
2020-08-03 13:23:48,394 [Listener at 127.0.0.1/37329] INFO  http.BaseHttpServer (BaseHttpServer.java:<init>(106)) - Hadoop Security Enabled: false Ozone Security Enabled: false Ozone HTTP Security Enabled: false 
2020-08-03 13:23:48,395 [Listener at 127.0.0.1/37329] INFO  server.AuthenticationFilter (AuthenticationFilter.java:constructSecretProvider(240)) - Unable to initialize FileSignerSecretProvider, falling back to use random secrets.
2020-08-03 13:23:48,395 [Listener at 127.0.0.1/37329] WARN  http.HttpRequestLog (HttpRequestLog.java:getRequestLog(103)) - Jetty request log can only be enabled using Log4j
2020-08-03 13:23:48,396 [Listener at 127.0.0.1/37329] INFO  http.HttpServer2 (HttpServer2.java:addGlobalFilter(1019)) - Added global filter 'safety' (class=org.apache.hadoop.hdds.server.http.HttpServer2$QuotingInputFilter)
2020-08-03 13:23:48,396 [Listener at 127.0.0.1/37329] INFO  http.HttpServer2 (HttpServer2.java:addFilter(995)) - Added filter static_user_filter (class=org.apache.hadoop.http.lib.StaticUserWebFilter$StaticUserFilter) to context hddsDatanode
2020-08-03 13:23:48,396 [Listener at 127.0.0.1/37329] INFO  http.HttpServer2 (HttpServer2.java:addFilter(1003)) - Added filter static_user_filter (class=org.apache.hadoop.http.lib.StaticUserWebFilter$StaticUserFilter) to context static
2020-08-03 13:23:48,396 [Listener at 127.0.0.1/37329] INFO  http.HttpServer2 (HttpServer2.java:addFilter(1003)) - Added filter static_user_filter (class=org.apache.hadoop.http.lib.StaticUserWebFilter$StaticUserFilter) to context logs
2020-08-03 13:23:48,397 [Listener at 127.0.0.1/37329] INFO  http.HttpServer2 (HttpServer2.java:bindListener(1237)) - Jetty bound to port 33041
2020-08-03 13:23:48,397 [Listener at 127.0.0.1/37329] INFO  server.Server (Server.java:doStart(359)) - jetty-9.4.26.v20200117; built: 2020-01-17T12:35:33.676Z; git: 7b38981d25d14afb4a12ff1f2596756144edf695; jvm 1.8.0_232-b09
2020-08-03 13:23:48,401 [Listener at 127.0.0.1/37329] INFO  server.session (DefaultSessionIdManager.java:doStart(333)) - DefaultSessionIdManager workerName=node0
2020-08-03 13:23:48,401 [Listener at 127.0.0.1/37329] INFO  server.session (DefaultSessionIdManager.java:doStart(338)) - No SessionScavenger set, using defaults
2020-08-03 13:23:48,401 [Listener at 127.0.0.1/37329] INFO  server.session (HouseKeeper.java:startScavenging(140)) - node0 Scavenging every 600000ms
2020-08-03 13:23:48,402 [Listener at 127.0.0.1/37329] INFO  handler.ContextHandler (ContextHandler.java:doStart(825)) - Started o.e.j.s.ServletContextHandler@4e4892bf{logs,/logs,file:///github/workspace/mnt/ozone/hadoop-ozone/integration-test/target/log,AVAILABLE}
2020-08-03 13:23:48,402 [Listener at 127.0.0.1/37329] INFO  handler.ContextHandler (ContextHandler.java:doStart(825)) - Started o.e.j.s.ServletContextHandler@11cf7dd{static,/static,jar:file:/home/user/.m2/repository/org/apache/hadoop/hadoop-hdds-container-service/0.6.0-SNAPSHOT/hadoop-hdds-container-service-0.6.0-SNAPSHOT.jar!/webapps/static,AVAILABLE}
2020-08-03 13:23:48,475 [Listener at 127.0.0.1/37329] INFO  handler.ContextHandler (ContextHandler.java:doStart(825)) - Started o.e.j.w.WebAppContext@31daef26{hddsDatanode,/,file:///tmp/jetty-0_0_0_0-33041-hadoop-hdds-container-service-0_6_0-SNAPSHOT_jar-_-any-8888698418224461614.dir/webapp/,AVAILABLE}{jar:file:/home/user/.m2/repository/org/apache/hadoop/hadoop-hdds-container-service/0.6.0-SNAPSHOT/hadoop-hdds-container-service-0.6.0-SNAPSHOT.jar!/webapps/hddsDatanode}
2020-08-03 13:23:48,476 [Listener at 127.0.0.1/37329] INFO  server.AbstractConnector (AbstractConnector.java:doStart(330)) - Started ServerConnector@5eb11bb7{HTTP/1.1,[http/1.1]}{0.0.0.0:33041}
2020-08-03 13:23:48,476 [Listener at 127.0.0.1/37329] INFO  server.Server (Server.java:doStart(399)) - Started @133519ms
2020-08-03 13:23:48,476 [Listener at 127.0.0.1/37329] WARN  impl.MetricsSystemImpl (MetricsSystemImpl.java:register(276)) - Sink prometheus already exists!
2020-08-03 13:23:48,483 [Listener at 127.0.0.1/37329] INFO  http.BaseHttpServer (BaseHttpServer.java:updateConnectorAddress(327)) - HTTP server of hddsDatanode listening at http://0.0.0.0:33041
2020-08-03 13:23:48,483 [Listener at 127.0.0.1/37329] INFO  impl.MetricsSystemImpl (MetricsSystemImpl.java:init(158)) - HddsDatanode metrics system started (again)
2020-08-03 13:23:48,490 [org.apache.hadoop.util.JvmPauseMonitor$Monitor@6a2a94af] INFO  util.JvmPauseMonitor (JvmPauseMonitor.java:run(188)) - Starting JVM pause monitor
2020-08-03 13:23:48,492 [Listener at 127.0.0.1/37329] INFO  ozone.HddsDatanodeService (HddsDatanodeService.java:start(217)) - HddsDatanodeService host:21919eb6eecd ip:172.17.0.2
2020-08-03 13:23:48,492 [Listener at 127.0.0.1/37329] INFO  volume.HddsVolume (HddsVolume.java:<init>(176)) - Creating Volume: /github/workspace/mnt/ozone/hadoop-ozone/integration-test/target/test-dir/MiniOzoneClusterImpl-7e68a8b4-1ba8-49bf-9ad5-192f3c798a38/datanode-6/data-0/containers/hdds of storage type : DISK and capacity : 9223372036854775807
2020-08-03 13:23:48,493 [Listener at 127.0.0.1/37329] INFO  volume.MutableVolumeSet (MutableVolumeSet.java:initializeVolumeSet(179)) - Added Volume : /github/workspace/mnt/ozone/hadoop-ozone/integration-test/target/test-dir/MiniOzoneClusterImpl-7e68a8b4-1ba8-49bf-9ad5-192f3c798a38/datanode-6/data-0/containers/hdds to VolumeSet
2020-08-03 13:23:48,493 [Datanode State Machine Task Thread - 0] INFO  datanode.InitDatanodeState (InitDatanodeState.java:persistContainerDatanodeDetails(145)) - DatanodeDetails is persisted to /github/workspace/mnt/ozone/hadoop-ozone/integration-test/target/test-dir/MiniOzoneClusterImpl-7e68a8b4-1ba8-49bf-9ad5-192f3c798a38/datanode-5/meta/datanode.id
2020-08-03 13:23:48,493 [Listener at 127.0.0.1/37329] INFO  volume.ThrottledAsyncChecker (ThrottledAsyncChecker.java:schedule(141)) - Scheduling a check for /github/workspace/mnt/ozone/hadoop-ozone/integration-test/target/test-dir/MiniOzoneClusterImpl-7e68a8b4-1ba8-49bf-9ad5-192f3c798a38/datanode-6/data-0/containers/hdds
2020-08-03 13:23:48,493 [Listener at 127.0.0.1/37329] INFO  volume.HddsVolumeChecker (HddsVolumeChecker.java:checkAllVolumes(200)) - Scheduled health check for volume /github/workspace/mnt/ozone/hadoop-ozone/integration-test/target/test-dir/MiniOzoneClusterImpl-7e68a8b4-1ba8-49bf-9ad5-192f3c798a38/datanode-6/data-0/containers/hdds
2020-08-03 13:23:48,508 [Thread-1201] INFO  ozoneimpl.ContainerReader (ContainerReader.java:readVolume(123)) - Start to verify containers on volume /github/workspace/mnt/ozone/hadoop-ozone/integration-test/target/test-dir/MiniOzoneClusterImpl-7e68a8b4-1ba8-49bf-9ad5-192f3c798a38/datanode-6/data-0/containers/hdds
2020-08-03 13:23:48,509 [Thread-1201] INFO  ozoneimpl.ContainerReader (ContainerReader.java:readVolume(148)) - Finish verifying containers on volume /github/workspace/mnt/ozone/hadoop-ozone/integration-test/target/test-dir/MiniOzoneClusterImpl-7e68a8b4-1ba8-49bf-9ad5-192f3c798a38/datanode-6/data-0/containers/hdds
2020-08-03 13:23:48,509 [Listener at 127.0.0.1/37329] INFO  ozoneimpl.OzoneContainer (OzoneContainer.java:buildContainerSet(196)) - Build ContainerSet costs 0s
2020-08-03 13:23:48,510 [Listener at 127.0.0.1/37329] INFO  impl.RaftServerProxy (ConfUtils.java:logGet(44)) - raft.rpc.type = GRPC (default)
2020-08-03 13:23:48,510 [Listener at 127.0.0.1/37329] INFO  grpc.GrpcFactory (GrpcFactory.java:checkPooledByteBufAllocatorUseCacheForAllThreads(45)) - PERFORMANCE WARNING: useCacheForAllThreads is true that may cause Netty to create a lot garbage objects and, as a result, trigger GC.
	It is recommended to disable useCacheForAllThreads by setting -Dorg.apache.ratis.thirdparty.io.netty.allocator.useCacheForAllThreads=false in command line.
2020-08-03 13:23:48,510 [Listener at 127.0.0.1/37329] INFO  grpc.GrpcConfigKeys (ConfUtils.java:logGet(44)) - raft.grpc.server.port = 0 (default)
2020-08-03 13:23:48,510 [Listener at 127.0.0.1/37329] INFO  server.GrpcService (ConfUtils.java:logGet(44)) - raft.grpc.message.size.max = 32MB (=33554432) (custom)
2020-08-03 13:23:48,510 [Listener at 127.0.0.1/37329] INFO  server.RaftServerConfigKeys (ConfUtils.java:logGet(44)) - raft.server.log.appender.buffer.byte-limit = 33554432 (custom)
2020-08-03 13:23:48,511 [Listener at 127.0.0.1/37329] INFO  server.GrpcService (ConfUtils.java:logGet(44)) - raft.grpc.flow.control.window = 5MB (=5242880) (custom)
2020-08-03 13:23:48,511 [Listener at 127.0.0.1/37329] INFO  server.RaftServerConfigKeys (ConfUtils.java:logGet(44)) - raft.server.rpc.request.timeout = 3000ms (default)
2020-08-03 13:23:48,511 [Listener at 127.0.0.1/37329] INFO  server.RaftServerConfigKeys (ConfUtils.java:logGet(44)) - raft.server.storage.dir = [/github/workspace/mnt/ozone/hadoop-ozone/integration-test/target/test-dir/MiniOzoneClusterImpl-7e68a8b4-1ba8-49bf-9ad5-192f3c798a38/datanode-6/data/ratis] (custom)
2020-08-03 13:23:48,517 [Listener at 127.0.0.1/37329] INFO  http.BaseHttpServer (BaseHttpServer.java:newHttpServer2BuilderForOzone(207)) - Starting Web-server for hddsDatanode at: http://0.0.0.0:0
2020-08-03 13:23:48,517 [Listener at 127.0.0.1/37329] INFO  http.BaseHttpServer (BaseHttpServer.java:<init>(106)) - Hadoop Security Enabled: false Ozone Security Enabled: false Ozone HTTP Security Enabled: false 
2020-08-03 13:23:48,518 [Listener at 127.0.0.1/37329] INFO  server.AuthenticationFilter (AuthenticationFilter.java:constructSecretProvider(240)) - Unable to initialize FileSignerSecretProvider, falling back to use random secrets.
2020-08-03 13:23:48,518 [Listener at 127.0.0.1/37329] WARN  http.HttpRequestLog (HttpRequestLog.java:getRequestLog(103)) - Jetty request log can only be enabled using Log4j
2020-08-03 13:23:48,519 [Listener at 127.0.0.1/37329] INFO  http.HttpServer2 (HttpServer2.java:addGlobalFilter(1019)) - Added global filter 'safety' (class=org.apache.hadoop.hdds.server.http.HttpServer2$QuotingInputFilter)
2020-08-03 13:23:48,519 [Listener at 127.0.0.1/37329] INFO  http.HttpServer2 (HttpServer2.java:addFilter(995)) - Added filter static_user_filter (class=org.apache.hadoop.http.lib.StaticUserWebFilter$StaticUserFilter) to context hddsDatanode
2020-08-03 13:23:48,519 [Listener at 127.0.0.1/37329] INFO  http.HttpServer2 (HttpServer2.java:addFilter(1003)) - Added filter static_user_filter (class=org.apache.hadoop.http.lib.StaticUserWebFilter$StaticUserFilter) to context logs
2020-08-03 13:23:48,519 [Listener at 127.0.0.1/37329] INFO  http.HttpServer2 (HttpServer2.java:addFilter(1003)) - Added filter static_user_filter (class=org.apache.hadoop.http.lib.StaticUserWebFilter$StaticUserFilter) to context static
2020-08-03 13:23:48,520 [Listener at 127.0.0.1/37329] INFO  http.HttpServer2 (HttpServer2.java:bindListener(1237)) - Jetty bound to port 42971
2020-08-03 13:23:48,520 [Listener at 127.0.0.1/37329] INFO  server.Server (Server.java:doStart(359)) - jetty-9.4.26.v20200117; built: 2020-01-17T12:35:33.676Z; git: 7b38981d25d14afb4a12ff1f2596756144edf695; jvm 1.8.0_232-b09
2020-08-03 13:23:48,521 [Listener at 127.0.0.1/37329] INFO  server.session (DefaultSessionIdManager.java:doStart(333)) - DefaultSessionIdManager workerName=node0
2020-08-03 13:23:48,522 [Listener at 127.0.0.1/37329] INFO  server.session (DefaultSessionIdManager.java:doStart(338)) - No SessionScavenger set, using defaults
2020-08-03 13:23:48,522 [Listener at 127.0.0.1/37329] INFO  server.session (HouseKeeper.java:startScavenging(140)) - node0 Scavenging every 660000ms
2020-08-03 13:23:48,523 [Listener at 127.0.0.1/37329] INFO  handler.ContextHandler (ContextHandler.java:doStart(825)) - Started o.e.j.s.ServletContextHandler@67c907b0{logs,/logs,file:///github/workspace/mnt/ozone/hadoop-ozone/integration-test/target/log,AVAILABLE}
2020-08-03 13:23:48,523 [Listener at 127.0.0.1/37329] INFO  handler.ContextHandler (ContextHandler.java:doStart(825)) - Started o.e.j.s.ServletContextHandler@2dddf634{static,/static,jar:file:/home/user/.m2/repository/org/apache/hadoop/hadoop-hdds-container-service/0.6.0-SNAPSHOT/hadoop-hdds-container-service-0.6.0-SNAPSHOT.jar!/webapps/static,AVAILABLE}
2020-08-03 13:23:48,598 [Listener at 127.0.0.1/37329] INFO  handler.ContextHandler (ContextHandler.java:doStart(825)) - Started o.e.j.w.WebAppContext@5bafbe15{hddsDatanode,/,file:///tmp/jetty-0_0_0_0-42971-hadoop-hdds-container-service-0_6_0-SNAPSHOT_jar-_-any-5041661962122458206.dir/webapp/,AVAILABLE}{jar:file:/home/user/.m2/repository/org/apache/hadoop/hadoop-hdds-container-service/0.6.0-SNAPSHOT/hadoop-hdds-container-service-0.6.0-SNAPSHOT.jar!/webapps/hddsDatanode}
2020-08-03 13:23:48,599 [Listener at 127.0.0.1/37329] INFO  server.AbstractConnector (AbstractConnector.java:doStart(330)) - Started ServerConnector@54c77b89{HTTP/1.1,[http/1.1]}{0.0.0.0:42971}
2020-08-03 13:23:48,599 [Listener at 127.0.0.1/37329] INFO  server.Server (Server.java:doStart(399)) - Started @133642ms
2020-08-03 13:23:48,599 [Listener at 127.0.0.1/37329] WARN  impl.MetricsSystemImpl (MetricsSystemImpl.java:register(276)) - Sink prometheus already exists!
2020-08-03 13:23:48,605 [Listener at 127.0.0.1/37329] INFO  http.BaseHttpServer (BaseHttpServer.java:updateConnectorAddress(327)) - HTTP server of hddsDatanode listening at http://0.0.0.0:42971
2020-08-03 13:23:48,606 [Listener at 127.0.0.1/37329] INFO  impl.MetricsSystemImpl (MetricsSystemImpl.java:init(158)) - HddsDatanode metrics system started (again)
2020-08-03 13:23:48,607 [Listener at 127.0.0.1/37329] INFO  ozone.HddsDatanodeService (HddsDatanodeService.java:start(217)) - HddsDatanodeService host:21919eb6eecd ip:172.17.0.2
2020-08-03 13:23:48,608 [Listener at 127.0.0.1/37329] INFO  volume.HddsVolume (HddsVolume.java:<init>(176)) - Creating Volume: /github/workspace/mnt/ozone/hadoop-ozone/integration-test/target/test-dir/MiniOzoneClusterImpl-7e68a8b4-1ba8-49bf-9ad5-192f3c798a38/datanode-7/data-0/containers/hdds of storage type : DISK and capacity : 9223372036854775807
2020-08-03 13:23:48,609 [Listener at 127.0.0.1/37329] INFO  volume.MutableVolumeSet (MutableVolumeSet.java:initializeVolumeSet(179)) - Added Volume : /github/workspace/mnt/ozone/hadoop-ozone/integration-test/target/test-dir/MiniOzoneClusterImpl-7e68a8b4-1ba8-49bf-9ad5-192f3c798a38/datanode-7/data-0/containers/hdds to VolumeSet
2020-08-03 13:23:48,609 [Listener at 127.0.0.1/37329] INFO  volume.ThrottledAsyncChecker (ThrottledAsyncChecker.java:schedule(141)) - Scheduling a check for /github/workspace/mnt/ozone/hadoop-ozone/integration-test/target/test-dir/MiniOzoneClusterImpl-7e68a8b4-1ba8-49bf-9ad5-192f3c798a38/datanode-7/data-0/containers/hdds
2020-08-03 13:23:48,614 [org.apache.hadoop.util.JvmPauseMonitor$Monitor@54c41bec] INFO  util.JvmPauseMonitor (JvmPauseMonitor.java:run(188)) - Starting JVM pause monitor
2020-08-03 13:23:48,615 [Listener at 127.0.0.1/37329] INFO  volume.HddsVolumeChecker (HddsVolumeChecker.java:checkAllVolumes(200)) - Scheduled health check for volume /github/workspace/mnt/ozone/hadoop-ozone/integration-test/target/test-dir/MiniOzoneClusterImpl-7e68a8b4-1ba8-49bf-9ad5-192f3c798a38/datanode-7/data-0/containers/hdds
2020-08-03 13:23:48,624 [Datanode State Machine Task Thread - 0] INFO  datanode.InitDatanodeState (InitDatanodeState.java:persistContainerDatanodeDetails(145)) - DatanodeDetails is persisted to /github/workspace/mnt/ozone/hadoop-ozone/integration-test/target/test-dir/MiniOzoneClusterImpl-7e68a8b4-1ba8-49bf-9ad5-192f3c798a38/datanode-6/meta/datanode.id
2020-08-03 13:23:48,627 [Thread-1212] INFO  ozoneimpl.ContainerReader (ContainerReader.java:readVolume(123)) - Start to verify containers on volume /github/workspace/mnt/ozone/hadoop-ozone/integration-test/target/test-dir/MiniOzoneClusterImpl-7e68a8b4-1ba8-49bf-9ad5-192f3c798a38/datanode-7/data-0/containers/hdds
2020-08-03 13:23:48,627 [Thread-1212] INFO  ozoneimpl.ContainerReader (ContainerReader.java:readVolume(148)) - Finish verifying containers on volume /github/workspace/mnt/ozone/hadoop-ozone/integration-test/target/test-dir/MiniOzoneClusterImpl-7e68a8b4-1ba8-49bf-9ad5-192f3c798a38/datanode-7/data-0/containers/hdds
2020-08-03 13:23:48,627 [Listener at 127.0.0.1/37329] INFO  ozoneimpl.OzoneContainer (OzoneContainer.java:buildContainerSet(196)) - Build ContainerSet costs 0s
2020-08-03 13:23:48,629 [Listener at 127.0.0.1/37329] INFO  impl.RaftServerProxy (ConfUtils.java:logGet(44)) - raft.rpc.type = GRPC (default)
2020-08-03 13:23:48,629 [Listener at 127.0.0.1/37329] INFO  grpc.GrpcFactory (GrpcFactory.java:checkPooledByteBufAllocatorUseCacheForAllThreads(45)) - PERFORMANCE WARNING: useCacheForAllThreads is true that may cause Netty to create a lot garbage objects and, as a result, trigger GC.
	It is recommended to disable useCacheForAllThreads by setting -Dorg.apache.ratis.thirdparty.io.netty.allocator.useCacheForAllThreads=false in command line.
2020-08-03 13:23:48,629 [Listener at 127.0.0.1/37329] INFO  grpc.GrpcConfigKeys (ConfUtils.java:logGet(44)) - raft.grpc.server.port = 0 (default)
2020-08-03 13:23:48,629 [Listener at 127.0.0.1/37329] INFO  server.GrpcService (ConfUtils.java:logGet(44)) - raft.grpc.message.size.max = 32MB (=33554432) (custom)
2020-08-03 13:23:48,629 [Listener at 127.0.0.1/37329] INFO  server.RaftServerConfigKeys (ConfUtils.java:logGet(44)) - raft.server.log.appender.buffer.byte-limit = 33554432 (custom)
2020-08-03 13:23:48,629 [Listener at 127.0.0.1/37329] INFO  server.GrpcService (ConfUtils.java:logGet(44)) - raft.grpc.flow.control.window = 5MB (=5242880) (custom)
2020-08-03 13:23:48,630 [Listener at 127.0.0.1/37329] INFO  server.RaftServerConfigKeys (ConfUtils.java:logGet(44)) - raft.server.rpc.request.timeout = 3000ms (default)
2020-08-03 13:23:48,630 [Listener at 127.0.0.1/37329] INFO  server.RaftServerConfigKeys (ConfUtils.java:logGet(44)) - raft.server.storage.dir = [/github/workspace/mnt/ozone/hadoop-ozone/integration-test/target/test-dir/MiniOzoneClusterImpl-7e68a8b4-1ba8-49bf-9ad5-192f3c798a38/datanode-7/data/ratis] (custom)
2020-08-03 13:23:48,638 [Listener at 127.0.0.1/37329] INFO  http.BaseHttpServer (BaseHttpServer.java:newHttpServer2BuilderForOzone(207)) - Starting Web-server for hddsDatanode at: http://0.0.0.0:0
2020-08-03 13:23:48,638 [Listener at 127.0.0.1/37329] INFO  http.BaseHttpServer (BaseHttpServer.java:<init>(106)) - Hadoop Security Enabled: false Ozone Security Enabled: false Ozone HTTP Security Enabled: false 
2020-08-03 13:23:48,639 [Listener at 127.0.0.1/37329] INFO  server.AuthenticationFilter (AuthenticationFilter.java:constructSecretProvider(240)) - Unable to initialize FileSignerSecretProvider, falling back to use random secrets.
2020-08-03 13:23:48,639 [Listener at 127.0.0.1/37329] WARN  http.HttpRequestLog (HttpRequestLog.java:getRequestLog(103)) - Jetty request log can only be enabled using Log4j
2020-08-03 13:23:48,640 [Listener at 127.0.0.1/37329] INFO  http.HttpServer2 (HttpServer2.java:addGlobalFilter(1019)) - Added global filter 'safety' (class=org.apache.hadoop.hdds.server.http.HttpServer2$QuotingInputFilter)
2020-08-03 13:23:48,640 [Listener at 127.0.0.1/37329] INFO  http.HttpServer2 (HttpServer2.java:addFilter(995)) - Added filter static_user_filter (class=org.apache.hadoop.http.lib.StaticUserWebFilter$StaticUserFilter) to context hddsDatanode
2020-08-03 13:23:48,640 [Listener at 127.0.0.1/37329] INFO  http.HttpServer2 (HttpServer2.java:addFilter(1003)) - Added filter static_user_filter (class=org.apache.hadoop.http.lib.StaticUserWebFilter$StaticUserFilter) to context logs
2020-08-03 13:23:48,640 [Listener at 127.0.0.1/37329] INFO  http.HttpServer2 (HttpServer2.java:addFilter(1003)) - Added filter static_user_filter (class=org.apache.hadoop.http.lib.StaticUserWebFilter$StaticUserFilter) to context static
2020-08-03 13:23:48,641 [Listener at 127.0.0.1/37329] INFO  http.HttpServer2 (HttpServer2.java:bindListener(1237)) - Jetty bound to port 45743
2020-08-03 13:23:48,641 [Listener at 127.0.0.1/37329] INFO  server.Server (Server.java:doStart(359)) - jetty-9.4.26.v20200117; built: 2020-01-17T12:35:33.676Z; git: 7b38981d25d14afb4a12ff1f2596756144edf695; jvm 1.8.0_232-b09
2020-08-03 13:23:48,642 [Listener at 127.0.0.1/37329] INFO  server.session (DefaultSessionIdManager.java:doStart(333)) - DefaultSessionIdManager workerName=node0
2020-08-03 13:23:48,643 [Listener at 127.0.0.1/37329] INFO  server.session (DefaultSessionIdManager.java:doStart(338)) - No SessionScavenger set, using defaults
2020-08-03 13:23:48,643 [Listener at 127.0.0.1/37329] INFO  server.session (HouseKeeper.java:startScavenging(140)) - node0 Scavenging every 600000ms
2020-08-03 13:23:48,643 [Listener at 127.0.0.1/37329] INFO  handler.ContextHandler (ContextHandler.java:doStart(825)) - Started o.e.j.s.ServletContextHandler@7ce15695{logs,/logs,file:///github/workspace/mnt/ozone/hadoop-ozone/integration-test/target/log,AVAILABLE}
2020-08-03 13:23:48,644 [Listener at 127.0.0.1/37329] INFO  handler.ContextHandler (ContextHandler.java:doStart(825)) - Started o.e.j.s.ServletContextHandler@23339a25{static,/static,jar:file:/home/user/.m2/repository/org/apache/hadoop/hadoop-hdds-container-service/0.6.0-SNAPSHOT/hadoop-hdds-container-service-0.6.0-SNAPSHOT.jar!/webapps/static,AVAILABLE}
2020-08-03 13:23:48,713 [Listener at 127.0.0.1/37329] INFO  handler.ContextHandler (ContextHandler.java:doStart(825)) - Started o.e.j.w.WebAppContext@4b453c61{hddsDatanode,/,file:///tmp/jetty-0_0_0_0-45743-hadoop-hdds-container-service-0_6_0-SNAPSHOT_jar-_-any-492089620271564934.dir/webapp/,AVAILABLE}{jar:file:/home/user/.m2/repository/org/apache/hadoop/hadoop-hdds-container-service/0.6.0-SNAPSHOT/hadoop-hdds-container-service-0.6.0-SNAPSHOT.jar!/webapps/hddsDatanode}
2020-08-03 13:23:48,715 [Listener at 127.0.0.1/37329] INFO  server.AbstractConnector (AbstractConnector.java:doStart(330)) - Started ServerConnector@9a99c10{HTTP/1.1,[http/1.1]}{0.0.0.0:45743}
2020-08-03 13:23:48,715 [Listener at 127.0.0.1/37329] INFO  server.Server (Server.java:doStart(399)) - Started @133757ms
2020-08-03 13:23:48,715 [Listener at 127.0.0.1/37329] WARN  impl.MetricsSystemImpl (MetricsSystemImpl.java:register(276)) - Sink prometheus already exists!
2020-08-03 13:23:48,722 [Listener at 127.0.0.1/37329] INFO  http.BaseHttpServer (BaseHttpServer.java:updateConnectorAddress(327)) - HTTP server of hddsDatanode listening at http://0.0.0.0:45743
2020-08-03 13:23:48,722 [Listener at 127.0.0.1/37329] INFO  impl.MetricsSystemImpl (MetricsSystemImpl.java:init(158)) - HddsDatanode metrics system started (again)
2020-08-03 13:23:48,724 [Listener at 127.0.0.1/37329] INFO  ozone.HddsDatanodeService (HddsDatanodeService.java:start(217)) - HddsDatanodeService host:21919eb6eecd ip:172.17.0.2
2020-08-03 13:23:48,726 [org.apache.hadoop.util.JvmPauseMonitor$Monitor@1c664e4f] INFO  util.JvmPauseMonitor (JvmPauseMonitor.java:run(188)) - Starting JVM pause monitor
2020-08-03 13:23:48,726 [Listener at 127.0.0.1/37329] INFO  volume.HddsVolume (HddsVolume.java:<init>(176)) - Creating Volume: /github/workspace/mnt/ozone/hadoop-ozone/integration-test/target/test-dir/MiniOzoneClusterImpl-7e68a8b4-1ba8-49bf-9ad5-192f3c798a38/datanode-8/data-0/containers/hdds of storage type : DISK and capacity : 9223372036854775807
2020-08-03 13:23:48,726 [Listener at 127.0.0.1/37329] INFO  volume.MutableVolumeSet (MutableVolumeSet.java:initializeVolumeSet(179)) - Added Volume : /github/workspace/mnt/ozone/hadoop-ozone/integration-test/target/test-dir/MiniOzoneClusterImpl-7e68a8b4-1ba8-49bf-9ad5-192f3c798a38/datanode-8/data-0/containers/hdds to VolumeSet
2020-08-03 13:23:48,726 [Listener at 127.0.0.1/37329] INFO  volume.ThrottledAsyncChecker (ThrottledAsyncChecker.java:schedule(141)) - Scheduling a check for /github/workspace/mnt/ozone/hadoop-ozone/integration-test/target/test-dir/MiniOzoneClusterImpl-7e68a8b4-1ba8-49bf-9ad5-192f3c798a38/datanode-8/data-0/containers/hdds
2020-08-03 13:23:48,727 [Listener at 127.0.0.1/37329] INFO  volume.HddsVolumeChecker (HddsVolumeChecker.java:checkAllVolumes(200)) - Scheduled health check for volume /github/workspace/mnt/ozone/hadoop-ozone/integration-test/target/test-dir/MiniOzoneClusterImpl-7e68a8b4-1ba8-49bf-9ad5-192f3c798a38/datanode-8/data-0/containers/hdds
2020-08-03 13:23:48,729 [Datanode State Machine Task Thread - 0] INFO  datanode.InitDatanodeState (InitDatanodeState.java:persistContainerDatanodeDetails(145)) - DatanodeDetails is persisted to /github/workspace/mnt/ozone/hadoop-ozone/integration-test/target/test-dir/MiniOzoneClusterImpl-7e68a8b4-1ba8-49bf-9ad5-192f3c798a38/datanode-7/meta/datanode.id
2020-08-03 13:23:48,740 [Thread-1223] INFO  ozoneimpl.ContainerReader (ContainerReader.java:readVolume(123)) - Start to verify containers on volume /github/workspace/mnt/ozone/hadoop-ozone/integration-test/target/test-dir/MiniOzoneClusterImpl-7e68a8b4-1ba8-49bf-9ad5-192f3c798a38/datanode-8/data-0/containers/hdds
2020-08-03 13:23:48,740 [Thread-1223] INFO  ozoneimpl.ContainerReader (ContainerReader.java:readVolume(148)) - Finish verifying containers on volume /github/workspace/mnt/ozone/hadoop-ozone/integration-test/target/test-dir/MiniOzoneClusterImpl-7e68a8b4-1ba8-49bf-9ad5-192f3c798a38/datanode-8/data-0/containers/hdds
2020-08-03 13:23:48,740 [Listener at 127.0.0.1/37329] INFO  ozoneimpl.OzoneContainer (OzoneContainer.java:buildContainerSet(196)) - Build ContainerSet costs 0s
2020-08-03 13:23:48,741 [Listener at 127.0.0.1/37329] INFO  impl.RaftServerProxy (ConfUtils.java:logGet(44)) - raft.rpc.type = GRPC (default)
2020-08-03 13:23:48,742 [Listener at 127.0.0.1/37329] INFO  grpc.GrpcFactory (GrpcFactory.java:checkPooledByteBufAllocatorUseCacheForAllThreads(45)) - PERFORMANCE WARNING: useCacheForAllThreads is true that may cause Netty to create a lot garbage objects and, as a result, trigger GC.
	It is recommended to disable useCacheForAllThreads by setting -Dorg.apache.ratis.thirdparty.io.netty.allocator.useCacheForAllThreads=false in command line.
2020-08-03 13:23:48,742 [Listener at 127.0.0.1/37329] INFO  grpc.GrpcConfigKeys (ConfUtils.java:logGet(44)) - raft.grpc.server.port = 0 (default)
2020-08-03 13:23:48,742 [Listener at 127.0.0.1/37329] INFO  server.GrpcService (ConfUtils.java:logGet(44)) - raft.grpc.message.size.max = 32MB (=33554432) (custom)
2020-08-03 13:23:48,742 [Listener at 127.0.0.1/37329] INFO  server.RaftServerConfigKeys (ConfUtils.java:logGet(44)) - raft.server.log.appender.buffer.byte-limit = 33554432 (custom)
2020-08-03 13:23:48,742 [Listener at 127.0.0.1/37329] INFO  server.GrpcService (ConfUtils.java:logGet(44)) - raft.grpc.flow.control.window = 5MB (=5242880) (custom)
2020-08-03 13:23:48,742 [Listener at 127.0.0.1/37329] INFO  server.RaftServerConfigKeys (ConfUtils.java:logGet(44)) - raft.server.rpc.request.timeout = 3000ms (default)
2020-08-03 13:23:48,743 [Listener at 127.0.0.1/37329] INFO  server.RaftServerConfigKeys (ConfUtils.java:logGet(44)) - raft.server.storage.dir = [/github/workspace/mnt/ozone/hadoop-ozone/integration-test/target/test-dir/MiniOzoneClusterImpl-7e68a8b4-1ba8-49bf-9ad5-192f3c798a38/datanode-8/data/ratis] (custom)
2020-08-03 13:23:48,749 [Listener at 127.0.0.1/37329] INFO  http.BaseHttpServer (BaseHttpServer.java:newHttpServer2BuilderForOzone(207)) - Starting Web-server for hddsDatanode at: http://0.0.0.0:0
2020-08-03 13:23:48,749 [Listener at 127.0.0.1/37329] INFO  http.BaseHttpServer (BaseHttpServer.java:<init>(106)) - Hadoop Security Enabled: false Ozone Security Enabled: false Ozone HTTP Security Enabled: false 
2020-08-03 13:23:48,750 [Listener at 127.0.0.1/37329] INFO  server.AuthenticationFilter (AuthenticationFilter.java:constructSecretProvider(240)) - Unable to initialize FileSignerSecretProvider, falling back to use random secrets.
2020-08-03 13:23:48,750 [Listener at 127.0.0.1/37329] WARN  http.HttpRequestLog (HttpRequestLog.java:getRequestLog(103)) - Jetty request log can only be enabled using Log4j
2020-08-03 13:23:48,751 [Listener at 127.0.0.1/37329] INFO  http.HttpServer2 (HttpServer2.java:addGlobalFilter(1019)) - Added global filter 'safety' (class=org.apache.hadoop.hdds.server.http.HttpServer2$QuotingInputFilter)
2020-08-03 13:23:48,752 [Listener at 127.0.0.1/37329] INFO  http.HttpServer2 (HttpServer2.java:addFilter(995)) - Added filter static_user_filter (class=org.apache.hadoop.http.lib.StaticUserWebFilter$StaticUserFilter) to context hddsDatanode
2020-08-03 13:23:48,752 [Listener at 127.0.0.1/37329] INFO  http.HttpServer2 (HttpServer2.java:addFilter(1003)) - Added filter static_user_filter (class=org.apache.hadoop.http.lib.StaticUserWebFilter$StaticUserFilter) to context logs
2020-08-03 13:23:48,752 [Listener at 127.0.0.1/37329] INFO  http.HttpServer2 (HttpServer2.java:addFilter(1003)) - Added filter static_user_filter (class=org.apache.hadoop.http.lib.StaticUserWebFilter$StaticUserFilter) to context static
2020-08-03 13:23:48,752 [Listener at 127.0.0.1/37329] INFO  http.HttpServer2 (HttpServer2.java:bindListener(1237)) - Jetty bound to port 32859
2020-08-03 13:23:48,752 [Listener at 127.0.0.1/37329] INFO  server.Server (Server.java:doStart(359)) - jetty-9.4.26.v20200117; built: 2020-01-17T12:35:33.676Z; git: 7b38981d25d14afb4a12ff1f2596756144edf695; jvm 1.8.0_232-b09
2020-08-03 13:23:48,753 [Listener at 127.0.0.1/37329] INFO  server.session (DefaultSessionIdManager.java:doStart(333)) - DefaultSessionIdManager workerName=node0
2020-08-03 13:23:48,754 [Listener at 127.0.0.1/37329] INFO  server.session (DefaultSessionIdManager.java:doStart(338)) - No SessionScavenger set, using defaults
2020-08-03 13:23:48,754 [Listener at 127.0.0.1/37329] INFO  server.session (HouseKeeper.java:startScavenging(140)) - node0 Scavenging every 660000ms
2020-08-03 13:23:48,754 [Listener at 127.0.0.1/37329] INFO  handler.ContextHandler (ContextHandler.java:doStart(825)) - Started o.e.j.s.ServletContextHandler@79a4f733{logs,/logs,file:///github/workspace/mnt/ozone/hadoop-ozone/integration-test/target/log,AVAILABLE}
2020-08-03 13:23:48,755 [Listener at 127.0.0.1/37329] INFO  handler.ContextHandler (ContextHandler.java:doStart(825)) - Started o.e.j.s.ServletContextHandler@448ec893{static,/static,jar:file:/home/user/.m2/repository/org/apache/hadoop/hadoop-hdds-container-service/0.6.0-SNAPSHOT/hadoop-hdds-container-service-0.6.0-SNAPSHOT.jar!/webapps/static,AVAILABLE}
2020-08-03 13:23:48,826 [Listener at 127.0.0.1/37329] INFO  handler.ContextHandler (ContextHandler.java:doStart(825)) - Started o.e.j.w.WebAppContext@7ca16621{hddsDatanode,/,file:///tmp/jetty-0_0_0_0-32859-hadoop-hdds-container-service-0_6_0-SNAPSHOT_jar-_-any-8540587720173023571.dir/webapp/,AVAILABLE}{jar:file:/home/user/.m2/repository/org/apache/hadoop/hadoop-hdds-container-service/0.6.0-SNAPSHOT/hadoop-hdds-container-service-0.6.0-SNAPSHOT.jar!/webapps/hddsDatanode}
2020-08-03 13:23:48,827 [Listener at 127.0.0.1/37329] INFO  server.AbstractConnector (AbstractConnector.java:doStart(330)) - Started ServerConnector@5c3fb4e6{HTTP/1.1,[http/1.1]}{0.0.0.0:32859}
2020-08-03 13:23:48,827 [Listener at 127.0.0.1/37329] INFO  server.Server (Server.java:doStart(399)) - Started @133870ms
2020-08-03 13:23:48,827 [Listener at 127.0.0.1/37329] WARN  impl.MetricsSystemImpl (MetricsSystemImpl.java:register(276)) - Sink prometheus already exists!
2020-08-03 13:23:48,833 [Listener at 127.0.0.1/37329] INFO  http.BaseHttpServer (BaseHttpServer.java:updateConnectorAddress(327)) - HTTP server of hddsDatanode listening at http://0.0.0.0:32859
2020-08-03 13:23:48,833 [Listener at 127.0.0.1/37329] INFO  ozone.MiniOzoneClusterImpl (MiniOzoneClusterImpl.java:lambda$waitForClusterToBeReady$0(177)) - Waiting for nodes to be ready. Got 0 of 9 DN Heartbeats.
2020-08-03 13:23:48,833 [Listener at 127.0.0.1/37329] INFO  ozone.MiniOzoneClusterImpl (MiniOzoneClusterImpl.java:lambda$waitForClusterToBeReady$0(180)) - Waiting for cluster to exit safe mode
2020-08-03 13:23:48,839 [org.apache.hadoop.util.JvmPauseMonitor$Monitor@6892a629] INFO  util.JvmPauseMonitor (JvmPauseMonitor.java:run(188)) - Starting JVM pause monitor
2020-08-03 13:23:48,839 [Datanode State Machine Task Thread - 0] INFO  datanode.InitDatanodeState (InitDatanodeState.java:persistContainerDatanodeDetails(145)) - DatanodeDetails is persisted to /github/workspace/mnt/ozone/hadoop-ozone/integration-test/target/test-dir/MiniOzoneClusterImpl-7e68a8b4-1ba8-49bf-9ad5-192f3c798a38/datanode-8/meta/datanode.id
2020-08-03 13:23:49,834 [Listener at 127.0.0.1/37329] INFO  ozone.MiniOzoneClusterImpl (MiniOzoneClusterImpl.java:lambda$waitForClusterToBeReady$0(177)) - Waiting for nodes to be ready. Got 0 of 9 DN Heartbeats.
2020-08-03 13:23:49,834 [Listener at 127.0.0.1/37329] INFO  ozone.MiniOzoneClusterImpl (MiniOzoneClusterImpl.java:lambda$waitForClusterToBeReady$0(180)) - Waiting for cluster to exit safe mode
2020-08-03 13:23:49,859 [Datanode State Machine Task Thread - 1] INFO  ozoneimpl.OzoneContainer (OzoneContainer.java:start(245)) - Attempting to start container services.
2020-08-03 13:23:49,859 [Datanode State Machine Task Thread - 1] INFO  ozoneimpl.OzoneContainer (OzoneContainer.java:startContainerScrub(209)) - Background container scanner has been disabled.
2020-08-03 13:23:49,859 [Datanode State Machine Task Thread - 1] INFO  ratis.XceiverServerRatis (XceiverServerRatis.java:start(440)) - Starting XceiverServerRatis 1f92ab39-7028-4d7a-b43e-fc630492ec6f at port 0
2020-08-03 13:23:49,860 [Datanode State Machine Task Thread - 1] INFO  impl.RaftServerProxy (RaftServerProxy.java:lambda$start$3(304)) - 1f92ab39-7028-4d7a-b43e-fc630492ec6f: start RPC server
2020-08-03 13:23:49,861 [Datanode State Machine Task Thread - 1] INFO  server.GrpcService (GrpcService.java:startImpl(160)) - 1f92ab39-7028-4d7a-b43e-fc630492ec6f: GrpcService started, listening on 0.0.0.0/0.0.0.0:38387
2020-08-03 13:23:49,861 [Datanode State Machine Task Thread - 1] INFO  ratis.XceiverServerRatis (XceiverServerRatis.java:start(452)) - XceiverServerRatis 1f92ab39-7028-4d7a-b43e-fc630492ec6f is started using port 38387
2020-08-03 13:23:49,862 [Datanode State Machine Task Thread - 1] INFO  server.XceiverServerGrpc (XceiverServerGrpc.java:start(145)) - XceiverServerGrpc 1f92ab39-7028-4d7a-b43e-fc630492ec6f is started using port 36187
2020-08-03 13:23:49,972 [Datanode State Machine Task Thread - 1] INFO  ozoneimpl.OzoneContainer (OzoneContainer.java:start(245)) - Attempting to start container services.
2020-08-03 13:23:49,972 [Datanode State Machine Task Thread - 1] INFO  ozoneimpl.OzoneContainer (OzoneContainer.java:startContainerScrub(209)) - Background container scanner has been disabled.
2020-08-03 13:23:49,972 [Datanode State Machine Task Thread - 1] INFO  ratis.XceiverServerRatis (XceiverServerRatis.java:start(440)) - Starting XceiverServerRatis 5328ae2d-dffa-4840-b00a-ab3fd52ea77e at port 0
2020-08-03 13:23:49,973 [Datanode State Machine Task Thread - 1] INFO  impl.RaftServerProxy (RaftServerProxy.java:lambda$start$3(304)) - 5328ae2d-dffa-4840-b00a-ab3fd52ea77e: start RPC server
2020-08-03 13:23:49,974 [Datanode State Machine Task Thread - 1] INFO  server.GrpcService (GrpcService.java:startImpl(160)) - 5328ae2d-dffa-4840-b00a-ab3fd52ea77e: GrpcService started, listening on 0.0.0.0/0.0.0.0:38393
2020-08-03 13:23:49,974 [Datanode State Machine Task Thread - 1] INFO  ratis.XceiverServerRatis (XceiverServerRatis.java:start(452)) - XceiverServerRatis 5328ae2d-dffa-4840-b00a-ab3fd52ea77e is started using port 38393
2020-08-03 13:23:49,975 [Datanode State Machine Task Thread - 1] INFO  server.XceiverServerGrpc (XceiverServerGrpc.java:start(145)) - XceiverServerGrpc 5328ae2d-dffa-4840-b00a-ab3fd52ea77e is started using port 41639
2020-08-03 13:23:50,142 [Datanode State Machine Task Thread - 1] INFO  ozoneimpl.OzoneContainer (OzoneContainer.java:start(245)) - Attempting to start container services.
2020-08-03 13:23:50,142 [Datanode State Machine Task Thread - 1] INFO  ozoneimpl.OzoneContainer (OzoneContainer.java:startContainerScrub(209)) - Background container scanner has been disabled.
2020-08-03 13:23:50,142 [Datanode State Machine Task Thread - 1] INFO  ratis.XceiverServerRatis (XceiverServerRatis.java:start(440)) - Starting XceiverServerRatis ec3eb439-3e1f-444b-933e-76c1f64dd6e5 at port 0
2020-08-03 13:23:50,143 [Datanode State Machine Task Thread - 1] INFO  impl.RaftServerProxy (RaftServerProxy.java:lambda$start$3(304)) - ec3eb439-3e1f-444b-933e-76c1f64dd6e5: start RPC server
2020-08-03 13:23:50,144 [Datanode State Machine Task Thread - 1] INFO  server.GrpcService (GrpcService.java:startImpl(160)) - ec3eb439-3e1f-444b-933e-76c1f64dd6e5: GrpcService started, listening on 0.0.0.0/0.0.0.0:40825
2020-08-03 13:23:50,144 [Datanode State Machine Task Thread - 1] INFO  ratis.XceiverServerRatis (XceiverServerRatis.java:start(452)) - XceiverServerRatis ec3eb439-3e1f-444b-933e-76c1f64dd6e5 is started using port 40825
2020-08-03 13:23:50,144 [Datanode State Machine Task Thread - 1] INFO  server.XceiverServerGrpc (XceiverServerGrpc.java:start(145)) - XceiverServerGrpc ec3eb439-3e1f-444b-933e-76c1f64dd6e5 is started using port 36685
2020-08-03 13:23:50,256 [Datanode State Machine Task Thread - 1] INFO  ozoneimpl.OzoneContainer (OzoneContainer.java:start(245)) - Attempting to start container services.
2020-08-03 13:23:50,256 [Datanode State Machine Task Thread - 1] INFO  ozoneimpl.OzoneContainer (OzoneContainer.java:startContainerScrub(209)) - Background container scanner has been disabled.
2020-08-03 13:23:50,256 [Datanode State Machine Task Thread - 1] INFO  ratis.XceiverServerRatis (XceiverServerRatis.java:start(440)) - Starting XceiverServerRatis a8a1d134-8af3-42c4-83e7-63760987018e at port 0
2020-08-03 13:23:50,257 [Datanode State Machine Task Thread - 1] INFO  impl.RaftServerProxy (RaftServerProxy.java:lambda$start$3(304)) - a8a1d134-8af3-42c4-83e7-63760987018e: start RPC server
2020-08-03 13:23:50,258 [Datanode State Machine Task Thread - 1] INFO  server.GrpcService (GrpcService.java:startImpl(160)) - a8a1d134-8af3-42c4-83e7-63760987018e: GrpcService started, listening on 0.0.0.0/0.0.0.0:42655
2020-08-03 13:23:50,258 [Datanode State Machine Task Thread - 1] INFO  ratis.XceiverServerRatis (XceiverServerRatis.java:start(452)) - XceiverServerRatis a8a1d134-8af3-42c4-83e7-63760987018e is started using port 42655
2020-08-03 13:23:50,258 [Datanode State Machine Task Thread - 1] INFO  server.XceiverServerGrpc (XceiverServerGrpc.java:start(145)) - XceiverServerGrpc a8a1d134-8af3-42c4-83e7-63760987018e is started using port 37207
2020-08-03 13:23:50,371 [Datanode State Machine Task Thread - 1] INFO  ozoneimpl.OzoneContainer (OzoneContainer.java:start(245)) - Attempting to start container services.
2020-08-03 13:23:50,372 [Datanode State Machine Task Thread - 1] INFO  ozoneimpl.OzoneContainer (OzoneContainer.java:startContainerScrub(209)) - Background container scanner has been disabled.
2020-08-03 13:23:50,372 [Datanode State Machine Task Thread - 1] INFO  ratis.XceiverServerRatis (XceiverServerRatis.java:start(440)) - Starting XceiverServerRatis fdbc600f-3b5f-4aad-829a-89e7c71c96d8 at port 0
2020-08-03 13:23:50,373 [Datanode State Machine Task Thread - 1] INFO  impl.RaftServerProxy (RaftServerProxy.java:lambda$start$3(304)) - fdbc600f-3b5f-4aad-829a-89e7c71c96d8: start RPC server
2020-08-03 13:23:50,374 [Datanode State Machine Task Thread - 1] INFO  server.GrpcService (GrpcService.java:startImpl(160)) - fdbc600f-3b5f-4aad-829a-89e7c71c96d8: GrpcService started, listening on 0.0.0.0/0.0.0.0:42365
2020-08-03 13:23:50,374 [Datanode State Machine Task Thread - 1] INFO  ratis.XceiverServerRatis (XceiverServerRatis.java:start(452)) - XceiverServerRatis fdbc600f-3b5f-4aad-829a-89e7c71c96d8 is started using port 42365
2020-08-03 13:23:50,375 [Datanode State Machine Task Thread - 1] INFO  server.XceiverServerGrpc (XceiverServerGrpc.java:start(145)) - XceiverServerGrpc fdbc600f-3b5f-4aad-829a-89e7c71c96d8 is started using port 42765
2020-08-03 13:23:50,493 [Datanode State Machine Task Thread - 1] INFO  ozoneimpl.OzoneContainer (OzoneContainer.java:start(245)) - Attempting to start container services.
2020-08-03 13:23:50,496 [Datanode State Machine Task Thread - 1] INFO  ozoneimpl.OzoneContainer (OzoneContainer.java:startContainerScrub(209)) - Background container scanner has been disabled.
2020-08-03 13:23:50,496 [Datanode State Machine Task Thread - 1] INFO  ratis.XceiverServerRatis (XceiverServerRatis.java:start(440)) - Starting XceiverServerRatis 8889aacf-63e0-4224-910f-f37fd04a741c at port 0
2020-08-03 13:23:50,497 [Datanode State Machine Task Thread - 1] INFO  impl.RaftServerProxy (RaftServerProxy.java:lambda$start$3(304)) - 8889aacf-63e0-4224-910f-f37fd04a741c: start RPC server
2020-08-03 13:23:50,497 [Datanode State Machine Task Thread - 1] INFO  server.GrpcService (GrpcService.java:startImpl(160)) - 8889aacf-63e0-4224-910f-f37fd04a741c: GrpcService started, listening on 0.0.0.0/0.0.0.0:41647
2020-08-03 13:23:50,497 [Datanode State Machine Task Thread - 1] INFO  ratis.XceiverServerRatis (XceiverServerRatis.java:start(452)) - XceiverServerRatis 8889aacf-63e0-4224-910f-f37fd04a741c is started using port 41647
2020-08-03 13:23:50,498 [Datanode State Machine Task Thread - 1] INFO  server.XceiverServerGrpc (XceiverServerGrpc.java:start(145)) - XceiverServerGrpc 8889aacf-63e0-4224-910f-f37fd04a741c is started using port 43045
2020-08-03 13:23:50,618 [Datanode State Machine Task Thread - 1] INFO  ozoneimpl.OzoneContainer (OzoneContainer.java:start(245)) - Attempting to start container services.
2020-08-03 13:23:50,618 [Datanode State Machine Task Thread - 1] INFO  ozoneimpl.OzoneContainer (OzoneContainer.java:startContainerScrub(209)) - Background container scanner has been disabled.
2020-08-03 13:23:50,618 [Datanode State Machine Task Thread - 1] INFO  ratis.XceiverServerRatis (XceiverServerRatis.java:start(440)) - Starting XceiverServerRatis 0a736a62-de9a-4ec3-9e43-f4a7dc0d3b3f at port 0
2020-08-03 13:23:50,619 [Datanode State Machine Task Thread - 1] INFO  impl.RaftServerProxy (RaftServerProxy.java:lambda$start$3(304)) - 0a736a62-de9a-4ec3-9e43-f4a7dc0d3b3f: start RPC server
2020-08-03 13:23:50,619 [Datanode State Machine Task Thread - 1] INFO  server.GrpcService (GrpcService.java:startImpl(160)) - 0a736a62-de9a-4ec3-9e43-f4a7dc0d3b3f: GrpcService started, listening on 0.0.0.0/0.0.0.0:39385
2020-08-03 13:23:50,620 [Datanode State Machine Task Thread - 1] INFO  ratis.XceiverServerRatis (XceiverServerRatis.java:start(452)) - XceiverServerRatis 0a736a62-de9a-4ec3-9e43-f4a7dc0d3b3f is started using port 39385
2020-08-03 13:23:50,621 [Datanode State Machine Task Thread - 1] INFO  server.XceiverServerGrpc (XceiverServerGrpc.java:start(145)) - XceiverServerGrpc 0a736a62-de9a-4ec3-9e43-f4a7dc0d3b3f is started using port 45473
2020-08-03 13:23:50,728 [Datanode State Machine Task Thread - 1] INFO  ozoneimpl.OzoneContainer (OzoneContainer.java:start(245)) - Attempting to start container services.
2020-08-03 13:23:50,728 [Datanode State Machine Task Thread - 1] INFO  ozoneimpl.OzoneContainer (OzoneContainer.java:startContainerScrub(209)) - Background container scanner has been disabled.
2020-08-03 13:23:50,728 [Datanode State Machine Task Thread - 1] INFO  ratis.XceiverServerRatis (XceiverServerRatis.java:start(440)) - Starting XceiverServerRatis c093d91c-53d9-47ac-8afb-a6fc9c740374 at port 0
2020-08-03 13:23:50,729 [Datanode State Machine Task Thread - 1] INFO  impl.RaftServerProxy (RaftServerProxy.java:lambda$start$3(304)) - c093d91c-53d9-47ac-8afb-a6fc9c740374: start RPC server
2020-08-03 13:23:50,730 [Datanode State Machine Task Thread - 1] INFO  server.GrpcService (GrpcService.java:startImpl(160)) - c093d91c-53d9-47ac-8afb-a6fc9c740374: GrpcService started, listening on 0.0.0.0/0.0.0.0:33407
2020-08-03 13:23:50,730 [Datanode State Machine Task Thread - 1] INFO  ratis.XceiverServerRatis (XceiverServerRatis.java:start(452)) - XceiverServerRatis c093d91c-53d9-47ac-8afb-a6fc9c740374 is started using port 33407
2020-08-03 13:23:50,730 [Datanode State Machine Task Thread - 1] INFO  server.XceiverServerGrpc (XceiverServerGrpc.java:start(145)) - XceiverServerGrpc c093d91c-53d9-47ac-8afb-a6fc9c740374 is started using port 45385
2020-08-03 13:23:50,834 [Listener at 127.0.0.1/37329] INFO  ozone.MiniOzoneClusterImpl (MiniOzoneClusterImpl.java:lambda$waitForClusterToBeReady$0(177)) - Waiting for nodes to be ready. Got 0 of 9 DN Heartbeats.
2020-08-03 13:23:50,834 [Listener at 127.0.0.1/37329] INFO  ozone.MiniOzoneClusterImpl (MiniOzoneClusterImpl.java:lambda$waitForClusterToBeReady$0(180)) - Waiting for cluster to exit safe mode
2020-08-03 13:23:50,841 [Datanode State Machine Task Thread - 1] INFO  ozoneimpl.OzoneContainer (OzoneContainer.java:start(245)) - Attempting to start container services.
2020-08-03 13:23:50,841 [Datanode State Machine Task Thread - 1] INFO  ozoneimpl.OzoneContainer (OzoneContainer.java:startContainerScrub(209)) - Background container scanner has been disabled.
2020-08-03 13:23:50,841 [Datanode State Machine Task Thread - 1] INFO  ratis.XceiverServerRatis (XceiverServerRatis.java:start(440)) - Starting XceiverServerRatis 9d0aaa75-f47f-4170-948a-e39c1e601cf1 at port 0
2020-08-03 13:23:50,842 [Datanode State Machine Task Thread - 1] INFO  impl.RaftServerProxy (RaftServerProxy.java:lambda$start$3(304)) - 9d0aaa75-f47f-4170-948a-e39c1e601cf1: start RPC server
2020-08-03 13:23:50,843 [Datanode State Machine Task Thread - 1] INFO  server.GrpcService (GrpcService.java:startImpl(160)) - 9d0aaa75-f47f-4170-948a-e39c1e601cf1: GrpcService started, listening on 0.0.0.0/0.0.0.0:43521
2020-08-03 13:23:50,843 [Datanode State Machine Task Thread - 1] INFO  ratis.XceiverServerRatis (XceiverServerRatis.java:start(452)) - XceiverServerRatis 9d0aaa75-f47f-4170-948a-e39c1e601cf1 is started using port 43521
2020-08-03 13:23:50,843 [Datanode State Machine Task Thread - 1] INFO  server.XceiverServerGrpc (XceiverServerGrpc.java:start(145)) - XceiverServerGrpc 9d0aaa75-f47f-4170-948a-e39c1e601cf1 is started using port 40141
2020-08-03 13:23:51,835 [Listener at 127.0.0.1/37329] INFO  ozone.MiniOzoneClusterImpl (MiniOzoneClusterImpl.java:lambda$waitForClusterToBeReady$0(177)) - Waiting for nodes to be ready. Got 0 of 9 DN Heartbeats.
2020-08-03 13:23:51,835 [Listener at 127.0.0.1/37329] INFO  ozone.MiniOzoneClusterImpl (MiniOzoneClusterImpl.java:lambda$waitForClusterToBeReady$0(180)) - Waiting for cluster to exit safe mode
2020-08-03 13:23:51,855 [IPC Server handler 3 on default port 34077] INFO  net.NetworkTopology (NetworkTopologyImpl.java:add(111)) - Added a new node: /default-rack/1f92ab39-7028-4d7a-b43e-fc630492ec6f
2020-08-03 13:23:51,857 [IPC Server handler 3 on default port 34077] INFO  node.SCMNodeManager (SCMNodeManager.java:register(274)) - Registered Data node : 1f92ab39-7028-4d7a-b43e-fc630492ec6f{ip: 172.17.0.2, host: 21919eb6eecd, networkLocation: /default-rack, certSerialId: null}
2020-08-03 13:23:51,857 [RatisPipelineUtilsThread] INFO  pipeline.RatisPipelineProvider (RatisPipelineProvider.java:lambda$create$0(138)) - Sending CreatePipelineCommand for pipeline:PipelineID=29fbe4a6-c6b9-48b5-a83c-1d955f22e1d5 to datanode:1f92ab39-7028-4d7a-b43e-fc630492ec6f
2020-08-03 13:23:51,857 [EventQueue-NodeRegistrationContainerReportForContainerSafeModeRule] INFO  safemode.SCMSafeModeManager (SCMSafeModeManager.java:validateSafeModeExitRules(214)) - ContainerSafeModeRule rule is successfully validated
2020-08-03 13:23:51,858 [RatisPipelineUtilsThread] INFO  pipeline.PipelineStateManager (PipelineStateManager.java:addPipeline(54)) - Created pipeline Pipeline[ Id: 29fbe4a6-c6b9-48b5-a83c-1d955f22e1d5, Nodes: 1f92ab39-7028-4d7a-b43e-fc630492ec6f{ip: 172.17.0.2, host: 21919eb6eecd, networkLocation: /default-rack, certSerialId: null}, Type:RATIS, Factor:ONE, State:ALLOCATED, leaderId:, CreationTimestamp2020-08-03T13:23:51.857Z]
2020-08-03 13:23:51,859 [EventQueue-NodeRegistrationContainerReportForDataNodeSafeModeRule] INFO  safemode.SCMSafeModeManager (DataNodeSafeModeRule.java:process(71)) - SCM in safe mode. 1 DataNodes registered, 1 required.
2020-08-03 13:23:51,860 [EventQueue-NodeRegistrationContainerReportForDataNodeSafeModeRule] INFO  safemode.SCMSafeModeManager (SCMSafeModeManager.java:validateSafeModeExitRules(214)) - DataNodeSafeModeRule rule is successfully validated
2020-08-03 13:23:51,860 [EventQueue-NodeRegistrationContainerReportForDataNodeSafeModeRule] INFO  safemode.SCMSafeModeManager (SCMSafeModeManager.java:completePreCheck(242)) - All SCM safe mode pre check rules have passed
2020-08-03 13:23:51,860 [RatisPipelineUtilsThread] WARN  pipeline.PipelinePlacementPolicy (PipelinePlacementPolicy.java:filterViableNodes(133)) - Pipeline creation failed due to no sufficient healthy datanodes. Required 3. Found 1.
2020-08-03 13:23:51,972 [IPC Server handler 4 on default port 34077] INFO  net.NetworkTopology (NetworkTopologyImpl.java:add(111)) - Added a new node: /default-rack/5328ae2d-dffa-4840-b00a-ab3fd52ea77e
2020-08-03 13:23:51,972 [IPC Server handler 4 on default port 34077] INFO  node.SCMNodeManager (SCMNodeManager.java:register(274)) - Registered Data node : 5328ae2d-dffa-4840-b00a-ab3fd52ea77e{ip: 172.17.0.2, host: 21919eb6eecd, networkLocation: /default-rack, certSerialId: null}
2020-08-03 13:23:51,972 [EventQueue-NodeRegistrationContainerReportForContainerSafeModeRule] INFO  safemode.SCMSafeModeManager (SCMSafeModeManager.java:validateSafeModeExitRules(214)) - ContainerSafeModeRule rule is successfully validated
2020-08-03 13:23:51,973 [RatisPipelineUtilsThread] INFO  pipeline.RatisPipelineProvider (RatisPipelineProvider.java:lambda$create$0(138)) - Sending CreatePipelineCommand for pipeline:PipelineID=5d51b031-8848-4cbb-aa59-0b3f279b954a to datanode:5328ae2d-dffa-4840-b00a-ab3fd52ea77e
2020-08-03 13:23:51,973 [EventQueue-NodeRegistrationContainerReportForDataNodeSafeModeRule] INFO  safemode.SCMSafeModeManager (SCMSafeModeManager.java:validateSafeModeExitRules(214)) - DataNodeSafeModeRule rule is successfully validated
2020-08-03 13:23:51,973 [RatisPipelineUtilsThread] INFO  pipeline.PipelineStateManager (PipelineStateManager.java:addPipeline(54)) - Created pipeline Pipeline[ Id: 5d51b031-8848-4cbb-aa59-0b3f279b954a, Nodes: 5328ae2d-dffa-4840-b00a-ab3fd52ea77e{ip: 172.17.0.2, host: 21919eb6eecd, networkLocation: /default-rack, certSerialId: null}, Type:RATIS, Factor:ONE, State:ALLOCATED, leaderId:, CreationTimestamp2020-08-03T13:23:51.973Z]
2020-08-03 13:23:51,974 [RatisPipelineUtilsThread] WARN  pipeline.PipelinePlacementPolicy (PipelinePlacementPolicy.java:filterViableNodes(133)) - Pipeline creation failed due to no sufficient healthy datanodes. Required 3. Found 2.
2020-08-03 13:23:52,139 [IPC Server handler 5 on default port 34077] INFO  net.NetworkTopology (NetworkTopologyImpl.java:add(111)) - Added a new node: /default-rack/ec3eb439-3e1f-444b-933e-76c1f64dd6e5
2020-08-03 13:23:52,140 [IPC Server handler 5 on default port 34077] INFO  node.SCMNodeManager (SCMNodeManager.java:register(274)) - Registered Data node : ec3eb439-3e1f-444b-933e-76c1f64dd6e5{ip: 172.17.0.2, host: 21919eb6eecd, networkLocation: /default-rack, certSerialId: null}
2020-08-03 13:23:52,140 [RatisPipelineUtilsThread] INFO  pipeline.RatisPipelineProvider (RatisPipelineProvider.java:lambda$create$0(138)) - Sending CreatePipelineCommand for pipeline:PipelineID=730fdb49-a755-4b42-b737-04815e802af4 to datanode:ec3eb439-3e1f-444b-933e-76c1f64dd6e5
2020-08-03 13:23:52,140 [RatisPipelineUtilsThread] INFO  pipeline.PipelineStateManager (PipelineStateManager.java:addPipeline(54)) - Created pipeline Pipeline[ Id: 730fdb49-a755-4b42-b737-04815e802af4, Nodes: ec3eb439-3e1f-444b-933e-76c1f64dd6e5{ip: 172.17.0.2, host: 21919eb6eecd, networkLocation: /default-rack, certSerialId: null}, Type:RATIS, Factor:ONE, State:ALLOCATED, leaderId:, CreationTimestamp2020-08-03T13:23:52.140Z]
2020-08-03 13:23:52,141 [RatisPipelineUtilsThread] INFO  pipeline.RatisPipelineProvider (RatisPipelineProvider.java:lambda$create$0(138)) - Sending CreatePipelineCommand for pipeline:PipelineID=df8875c0-a74b-4e9b-9cc2-76977c293d21 to datanode:ec3eb439-3e1f-444b-933e-76c1f64dd6e5
2020-08-03 13:23:52,142 [RatisPipelineUtilsThread] INFO  pipeline.RatisPipelineProvider (RatisPipelineProvider.java:lambda$create$0(138)) - Sending CreatePipelineCommand for pipeline:PipelineID=df8875c0-a74b-4e9b-9cc2-76977c293d21 to datanode:1f92ab39-7028-4d7a-b43e-fc630492ec6f
2020-08-03 13:23:52,142 [RatisPipelineUtilsThread] INFO  pipeline.RatisPipelineProvider (RatisPipelineProvider.java:lambda$create$0(138)) - Sending CreatePipelineCommand for pipeline:PipelineID=df8875c0-a74b-4e9b-9cc2-76977c293d21 to datanode:5328ae2d-dffa-4840-b00a-ab3fd52ea77e
2020-08-03 13:23:52,141 [EventQueue-NodeRegistrationContainerReportForDataNodeSafeModeRule] INFO  safemode.SCMSafeModeManager (SCMSafeModeManager.java:validateSafeModeExitRules(214)) - DataNodeSafeModeRule rule is successfully validated
2020-08-03 13:23:52,142 [RatisPipelineUtilsThread] INFO  pipeline.PipelineStateManager (PipelineStateManager.java:addPipeline(54)) - Created pipeline Pipeline[ Id: df8875c0-a74b-4e9b-9cc2-76977c293d21, Nodes: ec3eb439-3e1f-444b-933e-76c1f64dd6e5{ip: 172.17.0.2, host: 21919eb6eecd, networkLocation: /default-rack, certSerialId: null}1f92ab39-7028-4d7a-b43e-fc630492ec6f{ip: 172.17.0.2, host: 21919eb6eecd, networkLocation: /default-rack, certSerialId: null}5328ae2d-dffa-4840-b00a-ab3fd52ea77e{ip: 172.17.0.2, host: 21919eb6eecd, networkLocation: /default-rack, certSerialId: null}, Type:RATIS, Factor:THREE, State:ALLOCATED, leaderId:, CreationTimestamp2020-08-03T13:23:52.141Z]
2020-08-03 13:23:52,142 [EventQueue-NodeRegistrationContainerReportForContainerSafeModeRule] INFO  safemode.SCMSafeModeManager (SCMSafeModeManager.java:validateSafeModeExitRules(214)) - ContainerSafeModeRule rule is successfully validated
2020-08-03 13:23:52,254 [IPC Server handler 6 on default port 34077] INFO  net.NetworkTopology (NetworkTopologyImpl.java:add(111)) - Added a new node: /default-rack/a8a1d134-8af3-42c4-83e7-63760987018e
2020-08-03 13:23:52,256 [IPC Server handler 6 on default port 34077] INFO  node.SCMNodeManager (SCMNodeManager.java:register(274)) - Registered Data node : a8a1d134-8af3-42c4-83e7-63760987018e{ip: 172.17.0.2, host: 21919eb6eecd, networkLocation: /default-rack, certSerialId: null}
2020-08-03 13:23:52,256 [EventQueue-NodeRegistrationContainerReportForContainerSafeModeRule] INFO  safemode.SCMSafeModeManager (SCMSafeModeManager.java:validateSafeModeExitRules(214)) - ContainerSafeModeRule rule is successfully validated
2020-08-03 13:23:52,256 [EventQueue-NodeRegistrationContainerReportForDataNodeSafeModeRule] INFO  safemode.SCMSafeModeManager (SCMSafeModeManager.java:validateSafeModeExitRules(214)) - DataNodeSafeModeRule rule is successfully validated
2020-08-03 13:23:52,256 [RatisPipelineUtilsThread] INFO  pipeline.RatisPipelineProvider (RatisPipelineProvider.java:lambda$create$0(138)) - Sending CreatePipelineCommand for pipeline:PipelineID=b509197a-093e-4369-9aca-b3f7b0c25fab to datanode:a8a1d134-8af3-42c4-83e7-63760987018e
2020-08-03 13:23:52,257 [RatisPipelineUtilsThread] INFO  pipeline.PipelineStateManager (PipelineStateManager.java:addPipeline(54)) - Created pipeline Pipeline[ Id: b509197a-093e-4369-9aca-b3f7b0c25fab, Nodes: a8a1d134-8af3-42c4-83e7-63760987018e{ip: 172.17.0.2, host: 21919eb6eecd, networkLocation: /default-rack, certSerialId: null}, Type:RATIS, Factor:ONE, State:ALLOCATED, leaderId:, CreationTimestamp2020-08-03T13:23:52.256Z]
2020-08-03 13:23:52,370 [IPC Server handler 7 on default port 34077] INFO  net.NetworkTopology (NetworkTopologyImpl.java:add(111)) - Added a new node: /default-rack/fdbc600f-3b5f-4aad-829a-89e7c71c96d8
2020-08-03 13:23:52,370 [IPC Server handler 7 on default port 34077] INFO  node.SCMNodeManager (SCMNodeManager.java:register(274)) - Registered Data node : fdbc600f-3b5f-4aad-829a-89e7c71c96d8{ip: 172.17.0.2, host: 21919eb6eecd, networkLocation: /default-rack, certSerialId: null}
2020-08-03 13:23:52,370 [RatisPipelineUtilsThread] INFO  pipeline.RatisPipelineProvider (RatisPipelineProvider.java:lambda$create$0(138)) - Sending CreatePipelineCommand for pipeline:PipelineID=b48c2cff-d3c3-4aea-8caa-efa63faa243a to datanode:fdbc600f-3b5f-4aad-829a-89e7c71c96d8
2020-08-03 13:23:52,371 [EventQueue-NodeRegistrationContainerReportForContainerSafeModeRule] INFO  safemode.SCMSafeModeManager (SCMSafeModeManager.java:validateSafeModeExitRules(214)) - ContainerSafeModeRule rule is successfully validated
2020-08-03 13:23:52,371 [RatisPipelineUtilsThread] INFO  pipeline.PipelineStateManager (PipelineStateManager.java:addPipeline(54)) - Created pipeline Pipeline[ Id: b48c2cff-d3c3-4aea-8caa-efa63faa243a, Nodes: fdbc600f-3b5f-4aad-829a-89e7c71c96d8{ip: 172.17.0.2, host: 21919eb6eecd, networkLocation: /default-rack, certSerialId: null}, Type:RATIS, Factor:ONE, State:ALLOCATED, leaderId:, CreationTimestamp2020-08-03T13:23:52.370Z]
2020-08-03 13:23:52,371 [EventQueue-NodeRegistrationContainerReportForDataNodeSafeModeRule] INFO  safemode.SCMSafeModeManager (SCMSafeModeManager.java:validateSafeModeExitRules(214)) - DataNodeSafeModeRule rule is successfully validated
2020-08-03 13:23:52,491 [IPC Server handler 8 on default port 34077] INFO  net.NetworkTopology (NetworkTopologyImpl.java:add(111)) - Added a new node: /default-rack/8889aacf-63e0-4224-910f-f37fd04a741c
2020-08-03 13:23:52,492 [IPC Server handler 8 on default port 34077] INFO  node.SCMNodeManager (SCMNodeManager.java:register(274)) - Registered Data node : 8889aacf-63e0-4224-910f-f37fd04a741c{ip: 172.17.0.2, host: 21919eb6eecd, networkLocation: /default-rack, certSerialId: null}
2020-08-03 13:23:52,492 [EventQueue-NodeRegistrationContainerReportForContainerSafeModeRule] INFO  safemode.SCMSafeModeManager (SCMSafeModeManager.java:validateSafeModeExitRules(214)) - ContainerSafeModeRule rule is successfully validated
2020-08-03 13:23:52,492 [EventQueue-NodeRegistrationContainerReportForDataNodeSafeModeRule] INFO  safemode.SCMSafeModeManager (SCMSafeModeManager.java:validateSafeModeExitRules(214)) - DataNodeSafeModeRule rule is successfully validated
2020-08-03 13:23:52,492 [RatisPipelineUtilsThread] INFO  pipeline.RatisPipelineProvider (RatisPipelineProvider.java:lambda$create$0(138)) - Sending CreatePipelineCommand for pipeline:PipelineID=c9a5f12c-1188-473b-9dd7-91c9f9160810 to datanode:8889aacf-63e0-4224-910f-f37fd04a741c
2020-08-03 13:23:52,493 [RatisPipelineUtilsThread] INFO  pipeline.PipelineStateManager (PipelineStateManager.java:addPipeline(54)) - Created pipeline Pipeline[ Id: c9a5f12c-1188-473b-9dd7-91c9f9160810, Nodes: 8889aacf-63e0-4224-910f-f37fd04a741c{ip: 172.17.0.2, host: 21919eb6eecd, networkLocation: /default-rack, certSerialId: null}, Type:RATIS, Factor:ONE, State:ALLOCATED, leaderId:, CreationTimestamp2020-08-03T13:23:52.492Z]
2020-08-03 13:23:52,493 [RatisPipelineUtilsThread] INFO  pipeline.RatisPipelineProvider (RatisPipelineProvider.java:lambda$create$0(138)) - Sending CreatePipelineCommand for pipeline:PipelineID=080d282a-1c82-40b2-9ecc-791de9edd5f7 to datanode:8889aacf-63e0-4224-910f-f37fd04a741c
2020-08-03 13:23:52,494 [RatisPipelineUtilsThread] INFO  pipeline.RatisPipelineProvider (RatisPipelineProvider.java:lambda$create$0(138)) - Sending CreatePipelineCommand for pipeline:PipelineID=080d282a-1c82-40b2-9ecc-791de9edd5f7 to datanode:fdbc600f-3b5f-4aad-829a-89e7c71c96d8
2020-08-03 13:23:52,494 [RatisPipelineUtilsThread] INFO  pipeline.RatisPipelineProvider (RatisPipelineProvider.java:lambda$create$0(138)) - Sending CreatePipelineCommand for pipeline:PipelineID=080d282a-1c82-40b2-9ecc-791de9edd5f7 to datanode:a8a1d134-8af3-42c4-83e7-63760987018e
2020-08-03 13:23:52,494 [RatisPipelineUtilsThread] INFO  pipeline.PipelineStateManager (PipelineStateManager.java:addPipeline(54)) - Created pipeline Pipeline[ Id: 080d282a-1c82-40b2-9ecc-791de9edd5f7, Nodes: 8889aacf-63e0-4224-910f-f37fd04a741c{ip: 172.17.0.2, host: 21919eb6eecd, networkLocation: /default-rack, certSerialId: null}fdbc600f-3b5f-4aad-829a-89e7c71c96d8{ip: 172.17.0.2, host: 21919eb6eecd, networkLocation: /default-rack, certSerialId: null}a8a1d134-8af3-42c4-83e7-63760987018e{ip: 172.17.0.2, host: 21919eb6eecd, networkLocation: /default-rack, certSerialId: null}, Type:RATIS, Factor:THREE, State:ALLOCATED, leaderId:, CreationTimestamp2020-08-03T13:23:52.493Z]
2020-08-03 13:23:52,615 [IPC Server handler 0 on default port 34077] INFO  net.NetworkTopology (NetworkTopologyImpl.java:add(111)) - Added a new node: /default-rack/0a736a62-de9a-4ec3-9e43-f4a7dc0d3b3f
2020-08-03 13:23:52,616 [IPC Server handler 0 on default port 34077] INFO  node.SCMNodeManager (SCMNodeManager.java:register(274)) - Registered Data node : 0a736a62-de9a-4ec3-9e43-f4a7dc0d3b3f{ip: 172.17.0.2, host: 21919eb6eecd, networkLocation: /default-rack, certSerialId: null}
2020-08-03 13:23:52,616 [EventQueue-NodeRegistrationContainerReportForContainerSafeModeRule] INFO  safemode.SCMSafeModeManager (SCMSafeModeManager.java:validateSafeModeExitRules(214)) - ContainerSafeModeRule rule is successfully validated
2020-08-03 13:23:52,618 [EventQueue-NodeRegistrationContainerReportForDataNodeSafeModeRule] INFO  safemode.SCMSafeModeManager (SCMSafeModeManager.java:validateSafeModeExitRules(214)) - DataNodeSafeModeRule rule is successfully validated
2020-08-03 13:23:52,618 [RatisPipelineUtilsThread] INFO  pipeline.RatisPipelineProvider (RatisPipelineProvider.java:lambda$create$0(138)) - Sending CreatePipelineCommand for pipeline:PipelineID=e999ba5f-573c-402f-ae64-f2057df216ce to datanode:0a736a62-de9a-4ec3-9e43-f4a7dc0d3b3f
2020-08-03 13:23:52,618 [RatisPipelineUtilsThread] INFO  pipeline.PipelineStateManager (PipelineStateManager.java:addPipeline(54)) - Created pipeline Pipeline[ Id: e999ba5f-573c-402f-ae64-f2057df216ce, Nodes: 0a736a62-de9a-4ec3-9e43-f4a7dc0d3b3f{ip: 172.17.0.2, host: 21919eb6eecd, networkLocation: /default-rack, certSerialId: null}, Type:RATIS, Factor:ONE, State:ALLOCATED, leaderId:, CreationTimestamp2020-08-03T13:23:52.618Z]
2020-08-03 13:23:52,727 [IPC Server handler 1 on default port 34077] INFO  net.NetworkTopology (NetworkTopologyImpl.java:add(111)) - Added a new node: /default-rack/c093d91c-53d9-47ac-8afb-a6fc9c740374
2020-08-03 13:23:52,727 [IPC Server handler 1 on default port 34077] INFO  node.SCMNodeManager (SCMNodeManager.java:register(274)) - Registered Data node : c093d91c-53d9-47ac-8afb-a6fc9c740374{ip: 172.17.0.2, host: 21919eb6eecd, networkLocation: /default-rack, certSerialId: null}
2020-08-03 13:23:52,727 [EventQueue-NodeRegistrationContainerReportForContainerSafeModeRule] INFO  safemode.SCMSafeModeManager (SCMSafeModeManager.java:validateSafeModeExitRules(214)) - ContainerSafeModeRule rule is successfully validated
2020-08-03 13:23:52,728 [RatisPipelineUtilsThread] INFO  pipeline.RatisPipelineProvider (RatisPipelineProvider.java:lambda$create$0(138)) - Sending CreatePipelineCommand for pipeline:PipelineID=ff6053d6-fac6-40e5-9987-01893416b324 to datanode:c093d91c-53d9-47ac-8afb-a6fc9c740374
2020-08-03 13:23:52,729 [RatisPipelineUtilsThread] INFO  pipeline.PipelineStateManager (PipelineStateManager.java:addPipeline(54)) - Created pipeline Pipeline[ Id: ff6053d6-fac6-40e5-9987-01893416b324, Nodes: c093d91c-53d9-47ac-8afb-a6fc9c740374{ip: 172.17.0.2, host: 21919eb6eecd, networkLocation: /default-rack, certSerialId: null}, Type:RATIS, Factor:ONE, State:ALLOCATED, leaderId:, CreationTimestamp2020-08-03T13:23:52.728Z]
2020-08-03 13:23:52,728 [EventQueue-NodeRegistrationContainerReportForDataNodeSafeModeRule] INFO  safemode.SCMSafeModeManager (SCMSafeModeManager.java:validateSafeModeExitRules(214)) - DataNodeSafeModeRule rule is successfully validated
2020-08-03 13:23:52,835 [Listener at 127.0.0.1/37329] INFO  ozone.MiniOzoneClusterImpl (MiniOzoneClusterImpl.java:lambda$waitForClusterToBeReady$0(177)) - Waiting for nodes to be ready. Got 8 of 9 DN Heartbeats.
2020-08-03 13:23:52,836 [Listener at 127.0.0.1/37329] INFO  ozone.MiniOzoneClusterImpl (MiniOzoneClusterImpl.java:lambda$waitForClusterToBeReady$0(180)) - Waiting for cluster to exit safe mode
2020-08-03 13:23:52,840 [IPC Server handler 2 on default port 34077] INFO  net.NetworkTopology (NetworkTopologyImpl.java:add(111)) - Added a new node: /default-rack/9d0aaa75-f47f-4170-948a-e39c1e601cf1
2020-08-03 13:23:52,840 [IPC Server handler 2 on default port 34077] INFO  node.SCMNodeManager (SCMNodeManager.java:register(274)) - Registered Data node : 9d0aaa75-f47f-4170-948a-e39c1e601cf1{ip: 172.17.0.2, host: 21919eb6eecd, networkLocation: /default-rack, certSerialId: null}
2020-08-03 13:23:52,841 [EventQueue-NodeRegistrationContainerReportForContainerSafeModeRule] INFO  safemode.SCMSafeModeManager (SCMSafeModeManager.java:validateSafeModeExitRules(214)) - ContainerSafeModeRule rule is successfully validated
2020-08-03 13:23:52,841 [EventQueue-NodeRegistrationContainerReportForDataNodeSafeModeRule] INFO  safemode.SCMSafeModeManager (SCMSafeModeManager.java:validateSafeModeExitRules(214)) - DataNodeSafeModeRule rule is successfully validated
2020-08-03 13:23:52,842 [RatisPipelineUtilsThread] INFO  pipeline.RatisPipelineProvider (RatisPipelineProvider.java:lambda$create$0(138)) - Sending CreatePipelineCommand for pipeline:PipelineID=100b437e-5748-4a65-9c12-68e6f028faab to datanode:9d0aaa75-f47f-4170-948a-e39c1e601cf1
2020-08-03 13:23:52,842 [RatisPipelineUtilsThread] INFO  pipeline.PipelineStateManager (PipelineStateManager.java:addPipeline(54)) - Created pipeline Pipeline[ Id: 100b437e-5748-4a65-9c12-68e6f028faab, Nodes: 9d0aaa75-f47f-4170-948a-e39c1e601cf1{ip: 172.17.0.2, host: 21919eb6eecd, networkLocation: /default-rack, certSerialId: null}, Type:RATIS, Factor:ONE, State:ALLOCATED, leaderId:, CreationTimestamp2020-08-03T13:23:52.842Z]
2020-08-03 13:23:52,843 [RatisPipelineUtilsThread] INFO  pipeline.RatisPipelineProvider (RatisPipelineProvider.java:lambda$create$0(138)) - Sending CreatePipelineCommand for pipeline:PipelineID=34e2d6a7-fb30-4cfb-a18a-66a8d4ecf519 to datanode:9d0aaa75-f47f-4170-948a-e39c1e601cf1
2020-08-03 13:23:52,843 [RatisPipelineUtilsThread] INFO  pipeline.RatisPipelineProvider (RatisPipelineProvider.java:lambda$create$0(138)) - Sending CreatePipelineCommand for pipeline:PipelineID=34e2d6a7-fb30-4cfb-a18a-66a8d4ecf519 to datanode:c093d91c-53d9-47ac-8afb-a6fc9c740374
2020-08-03 13:23:52,843 [RatisPipelineUtilsThread] INFO  pipeline.RatisPipelineProvider (RatisPipelineProvider.java:lambda$create$0(138)) - Sending CreatePipelineCommand for pipeline:PipelineID=34e2d6a7-fb30-4cfb-a18a-66a8d4ecf519 to datanode:0a736a62-de9a-4ec3-9e43-f4a7dc0d3b3f
2020-08-03 13:23:52,844 [RatisPipelineUtilsThread] INFO  pipeline.PipelineStateManager (PipelineStateManager.java:addPipeline(54)) - Created pipeline Pipeline[ Id: 34e2d6a7-fb30-4cfb-a18a-66a8d4ecf519, Nodes: 9d0aaa75-f47f-4170-948a-e39c1e601cf1{ip: 172.17.0.2, host: 21919eb6eecd, networkLocation: /default-rack, certSerialId: null}c093d91c-53d9-47ac-8afb-a6fc9c740374{ip: 172.17.0.2, host: 21919eb6eecd, networkLocation: /default-rack, certSerialId: null}0a736a62-de9a-4ec3-9e43-f4a7dc0d3b3f{ip: 172.17.0.2, host: 21919eb6eecd, networkLocation: /default-rack, certSerialId: null}, Type:RATIS, Factor:THREE, State:ALLOCATED, leaderId:, CreationTimestamp2020-08-03T13:23:52.843Z]
2020-08-03 13:23:53,836 [Listener at 127.0.0.1/37329] INFO  ozone.MiniOzoneClusterImpl (MiniOzoneClusterImpl.java:lambda$waitForClusterToBeReady$0(177)) - Nodes are ready. Got 9 of 9 DN Heartbeats.
2020-08-03 13:23:53,836 [Listener at 127.0.0.1/37329] INFO  ozone.MiniOzoneClusterImpl (MiniOzoneClusterImpl.java:lambda$waitForClusterToBeReady$0(180)) - Waiting for cluster to exit safe mode
2020-08-03 13:23:54,836 [Listener at 127.0.0.1/37329] INFO  ozone.MiniOzoneClusterImpl (MiniOzoneClusterImpl.java:lambda$waitForClusterToBeReady$0(177)) - Nodes are ready. Got 9 of 9 DN Heartbeats.
2020-08-03 13:23:54,837 [Listener at 127.0.0.1/37329] INFO  ozone.MiniOzoneClusterImpl (MiniOzoneClusterImpl.java:lambda$waitForClusterToBeReady$0(180)) - Waiting for cluster to exit safe mode
2020-08-03 13:23:54,853 [Command processor thread] INFO  impl.RaftServerProxy (RaftServerProxy.java:addNew(89)) - 1f92ab39-7028-4d7a-b43e-fc630492ec6f: addNew group-1D955F22E1D5:[1f92ab39-7028-4d7a-b43e-fc630492ec6f:172.17.0.2:38387] returns group-1D955F22E1D5:java.util.concurrent.CompletableFuture@5ed3f069[Not completed]
2020-08-03 13:23:54,858 [pool-347-thread-1] INFO  impl.RaftServerImpl (RaftServerImpl.java:<init>(107)) - 1f92ab39-7028-4d7a-b43e-fc630492ec6f: new RaftServerImpl for group-1D955F22E1D5:[1f92ab39-7028-4d7a-b43e-fc630492ec6f:172.17.0.2:38387] with ContainerStateMachine:uninitialized
2020-08-03 13:23:54,858 [pool-347-thread-1] INFO  server.RaftServerConfigKeys (ConfUtils.java:logGet(44)) - raft.server.rpc.timeout.min = 5s (custom)
2020-08-03 13:23:54,858 [pool-347-thread-1] INFO  server.RaftServerConfigKeys (ConfUtils.java:logGet(44)) - raft.server.rpc.timeout.max = 5200ms (custom)
2020-08-03 13:23:54,858 [pool-347-thread-1] INFO  server.RaftServerConfigKeys (ConfUtils.java:logGet(44)) - raft.server.rpcslowness.timeout = 300000ms (custom)
2020-08-03 13:23:54,858 [pool-347-thread-1] INFO  server.RaftServerConfigKeys (ConfUtils.java:logGet(44)) - raft.server.sleep.deviation.threshold = 300 (default)
2020-08-03 13:23:54,858 [pool-347-thread-1] INFO  server.RaftServerConfigKeys (ConfUtils.java:logGet(44)) - raft.server.log.appender.install.snapshot.enabled = false (custom)
2020-08-03 13:23:54,858 [pool-347-thread-1] INFO  impl.RaftServerImpl (ServerState.java:<init>(103)) - 1f92ab39-7028-4d7a-b43e-fc630492ec6f@group-1D955F22E1D5: ConfigurationManager, init=-1: [1f92ab39-7028-4d7a-b43e-fc630492ec6f:172.17.0.2:38387], old=null, confs=<EMPTY_MAP>
2020-08-03 13:23:54,858 [pool-347-thread-1] INFO  server.RaftServerConfigKeys (ConfUtils.java:logGet(44)) - raft.server.storage.dir = [/github/workspace/mnt/ozone/hadoop-ozone/integration-test/target/test-dir/MiniOzoneClusterImpl-7e68a8b4-1ba8-49bf-9ad5-192f3c798a38/datanode-0/data/ratis] (custom)
2020-08-03 13:23:54,859 [pool-347-thread-1] INFO  server.RaftServerConfigKeys (ConfUtils.java:logGet(44)) - raft.server.log.corruption.policy = EXCEPTION (default)
2020-08-03 13:23:54,859 [pool-347-thread-1] INFO  storage.RaftStorageDirectory (RaftStorageDirectory.java:analyzeStorage(261)) - The storage directory /github/workspace/mnt/ozone/hadoop-ozone/integration-test/target/test-dir/MiniOzoneClusterImpl-7e68a8b4-1ba8-49bf-9ad5-192f3c798a38/datanode-0/data/ratis/29fbe4a6-c6b9-48b5-a83c-1d955f22e1d5 does not exist. Creating ...
2020-08-03 13:23:54,860 [pool-347-thread-1] INFO  storage.RaftStorageDirectory (RaftStorageDirectory.java:tryLock(343)) - Lock on /github/workspace/mnt/ozone/hadoop-ozone/integration-test/target/test-dir/MiniOzoneClusterImpl-7e68a8b4-1ba8-49bf-9ad5-192f3c798a38/datanode-0/data/ratis/29fbe4a6-c6b9-48b5-a83c-1d955f22e1d5/in_use.lock acquired by nodename 41175@21919eb6eecd
2020-08-03 13:23:54,864 [pool-347-thread-1] INFO  storage.RaftStorage (RaftStorage.java:format(84)) - Storage directory /github/workspace/mnt/ozone/hadoop-ozone/integration-test/target/test-dir/MiniOzoneClusterImpl-7e68a8b4-1ba8-49bf-9ad5-192f3c798a38/datanode-0/data/ratis/29fbe4a6-c6b9-48b5-a83c-1d955f22e1d5 has been successfully formatted.
2020-08-03 13:23:54,864 [pool-347-thread-1] INFO  ratis.ContainerStateMachine (ContainerStateMachine.java:loadSnapshot(225)) - group-1D955F22E1D5: The snapshot info is null. Setting the last applied indexto:(t:0, i:~)
2020-08-03 13:23:54,864 [pool-347-thread-1] INFO  server.RaftServerConfigKeys (ConfUtils.java:logGet(44)) - raft.server.notification.no-leader.timeout = 300000ms (custom)
2020-08-03 13:23:54,864 [pool-347-thread-1] INFO  server.RaftServerConfigKeys (ConfUtils.java:logGet(44)) - raft.server.log.use.memory = false (default)
2020-08-03 13:23:54,864 [pool-347-thread-1] INFO  server.RaftServerConfigKeys (ConfUtils.java:logGet(44)) - raft.server.log.purge.gap = 1000000 (custom)
2020-08-03 13:23:54,864 [pool-347-thread-1] INFO  metrics.RatisMetrics (RatisMetrics.java:lambda$create$0(36)) - Creating Metrics Registry : ratis.log_worker.1f92ab39-7028-4d7a-b43e-fc630492ec6f@group-1D955F22E1D5
2020-08-03 13:23:54,865 [pool-347-thread-1] INFO  server.RaftServerConfigKeys (ConfUtils.java:logGet(44)) - raft.server.log.appender.buffer.byte-limit = 33554432 (custom)
2020-08-03 13:23:54,865 [pool-347-thread-1] INFO  server.RaftServerConfigKeys (ConfUtils.java:logGet(44)) - raft.server.log.segment.size.max = 1048576 (custom)
2020-08-03 13:23:54,865 [pool-347-thread-1] INFO  server.RaftServerConfigKeys (ConfUtils.java:logGet(44)) - raft.server.log.segment.cache.num.max = 2 (custom)
2020-08-03 13:23:54,865 [pool-347-thread-1] INFO  segmented.SegmentedRaftLogWorker (SegmentedRaftLogWorker.java:<init>(180)) - new 1f92ab39-7028-4d7a-b43e-fc630492ec6f@group-1D955F22E1D5-SegmentedRaftLogWorker for RaftStorage:Storage Directory /github/workspace/mnt/ozone/hadoop-ozone/integration-test/target/test-dir/MiniOzoneClusterImpl-7e68a8b4-1ba8-49bf-9ad5-192f3c798a38/datanode-0/data/ratis/29fbe4a6-c6b9-48b5-a83c-1d955f22e1d5
2020-08-03 13:23:54,865 [pool-347-thread-1] INFO  server.RaftServerConfigKeys (ConfUtils.java:logGet(44)) - raft.server.log.queue.byte-limit = 2147483647 (custom)
2020-08-03 13:23:54,865 [pool-347-thread-1] INFO  server.RaftServerConfigKeys (ConfUtils.java:logGet(44)) - raft.server.log.queue.element-limit = 1024 (custom)
2020-08-03 13:23:54,865 [pool-347-thread-1] INFO  server.RaftServerConfigKeys (ConfUtils.java:logGet(44)) - raft.server.log.segment.size.max = 1048576 (custom)
2020-08-03 13:23:54,866 [pool-347-thread-1] INFO  server.RaftServerConfigKeys (ConfUtils.java:logGet(44)) - raft.server.log.preallocated.size = 16384 (custom)
2020-08-03 13:23:54,866 [pool-347-thread-1] INFO  server.RaftServerConfigKeys (ConfUtils.java:logGet(44)) - raft.server.log.write.buffer.size = 1048576 (custom)
2020-08-03 13:23:54,866 [pool-347-thread-1] INFO  server.RaftServerConfigKeys (ConfUtils.java:logGet(44)) - raft.server.log.force.sync.num = 128 (default)
2020-08-03 13:23:54,866 [pool-347-thread-1] INFO  server.RaftServerConfigKeys (ConfUtils.java:logGet(44)) - raft.server.log.statemachine.data.sync = true (default)
2020-08-03 13:23:54,866 [pool-347-thread-1] INFO  server.RaftServerConfigKeys (ConfUtils.java:logGet(44)) - raft.server.log.statemachine.data.sync.timeout = 10s (default)
2020-08-03 13:23:54,866 [pool-347-thread-1] INFO  server.RaftServerConfigKeys (ConfUtils.java:logGet(44)) - raft.server.log.statemachine.data.sync.timeout.retry = -1 (default)
2020-08-03 13:23:54,866 [Datanode State Machine Thread - 0] WARN  statemachine.DatanodeStateMachine (DatanodeStateMachine.java:start(245)) - Interrupt the execution.
java.lang.InterruptedException: sleep interrupted
	at java.lang.Thread.sleep(Native Method)
	at org.apache.hadoop.ozone.container.common.statemachine.DatanodeStateMachine.start(DatanodeStateMachine.java:243)
	at org.apache.hadoop.ozone.container.common.statemachine.DatanodeStateMachine.lambda$startDaemon$0(DatanodeStateMachine.java:405)
	at java.lang.Thread.run(Thread.java:748)
2020-08-03 13:23:54,867 [EventQueue-PipelineReportForPipelineReportHandler] INFO  pipeline.PipelineStateManager (PipelineStateManager.java:openPipeline(131)) - Pipeline Pipeline[ Id: 29fbe4a6-c6b9-48b5-a83c-1d955f22e1d5, Nodes: 1f92ab39-7028-4d7a-b43e-fc630492ec6f{ip: 172.17.0.2, host: 21919eb6eecd, networkLocation: /default-rack, certSerialId: null}, Type:RATIS, Factor:ONE, State:ALLOCATED, leaderId:1f92ab39-7028-4d7a-b43e-fc630492ec6f, CreationTimestamp2020-08-03T13:23:51.857Z] moved to OPEN state
2020-08-03 13:23:54,868 [EventQueue-OpenPipelineForHealthyPipelineSafeModeRule] INFO  safemode.SCMSafeModeManager (HealthyPipelineSafeModeRule.java:process(129)) - SCM in safe mode. Healthy pipelines reported count is 0, required healthy pipeline reported count is 1
2020-08-03 13:23:54,870 [EventQueue-OpenPipelineForOneReplicaPipelineSafeModeRule] INFO  safemode.SCMSafeModeManager (SCMSafeModeManager.java:validateSafeModeExitRules(214)) - AtleastOneDatanodeReportedRule rule is successfully validated
2020-08-03 13:23:54,872 [pool-347-thread-1] INFO  server.RaftServerConfigKeys (ConfUtils.java:logGet(44)) - raft.server.log.statemachine.data.caching.enabled = true (custom)
2020-08-03 13:23:54,872 [pool-347-thread-1] INFO  segmented.SegmentedRaftLogWorker (SegmentedRaftLogWorker.java:lambda$new$0(129)) - 1f92ab39-7028-4d7a-b43e-fc630492ec6f@group-1D955F22E1D5-SegmentedRaftLogWorker: flushIndex: setUnconditionally 0 -> -1
2020-08-03 13:23:54,872 [pool-347-thread-1] INFO  segmented.SegmentedRaftLogWorker (SegmentedRaftLogWorker.java:lambda$new$0(129)) - 1f92ab39-7028-4d7a-b43e-fc630492ec6f@group-1D955F22E1D5-SegmentedRaftLogWorker: safeCacheEvictIndex: setUnconditionally 0 -> -1
2020-08-03 13:23:54,872 [pool-347-thread-1] INFO  server.RaftServerConfigKeys (ConfUtils.java:logGet(44)) - raft.server.snapshot.auto.trigger.enabled = true (custom)
2020-08-03 13:23:54,872 [pool-347-thread-1] INFO  server.RaftServerConfigKeys (ConfUtils.java:logGet(44)) - raft.server.snapshot.auto.trigger.threshold = 10000 (custom)
2020-08-03 13:23:54,872 [pool-347-thread-1] INFO  server.RaftServerConfigKeys (ConfUtils.java:logGet(44)) - raft.server.snapshot.retention.file.num = 5 (custom)
2020-08-03 13:23:54,872 [pool-347-thread-1] INFO  server.RaftServerConfigKeys (ConfUtils.java:logGet(44)) - raft.server.log.purge.upto.snapshot.index = false (default)
2020-08-03 13:23:54,872 [pool-347-thread-1] INFO  server.RaftServerConfigKeys (ConfUtils.java:logGet(44)) - raft.server.retrycache.expirytime = 600000ms (custom)
2020-08-03 13:23:54,872 [pool-347-thread-1] INFO  metrics.RatisMetrics (RatisMetrics.java:lambda$create$0(36)) - Creating Metrics Registry : ratis.leader_election.1f92ab39-7028-4d7a-b43e-fc630492ec6f@group-1D955F22E1D5
2020-08-03 13:23:54,873 [pool-347-thread-1] INFO  metrics.RatisMetrics (RatisMetrics.java:lambda$create$0(36)) - Creating Metrics Registry : ratis.server.1f92ab39-7028-4d7a-b43e-fc630492ec6f@group-1D955F22E1D5
2020-08-03 13:23:54,874 [pool-347-thread-1] INFO  impl.RaftServerImpl (RaftServerImpl.java:start(196)) - 1f92ab39-7028-4d7a-b43e-fc630492ec6f@group-1D955F22E1D5: start as a follower, conf=-1: [1f92ab39-7028-4d7a-b43e-fc630492ec6f:172.17.0.2:38387], old=null
2020-08-03 13:23:54,874 [pool-347-thread-1] INFO  impl.RaftServerImpl (RaftServerImpl.java:setRole(185)) - 1f92ab39-7028-4d7a-b43e-fc630492ec6f@group-1D955F22E1D5: changes role from      null to FOLLOWER at term 0 for startAsFollower
2020-08-03 13:23:54,874 [pool-347-thread-1] INFO  impl.RoleInfo (RoleInfo.java:updateAndGet(143)) - 1f92ab39-7028-4d7a-b43e-fc630492ec6f: start FollowerState
2020-08-03 13:23:54,875 [pool-347-thread-1] INFO  util.JmxRegister (JmxRegister.java:tryRegister(44)) - Successfully registered JMX Bean with object name Ratis:service=RaftServer,group=group-1D955F22E1D5,id=1f92ab39-7028-4d7a-b43e-fc630492ec6f
2020-08-03 13:23:54,875 [pool-347-thread-1] INFO  metrics.RatisMetrics (RatisMetrics.java:lambda$create$0(36)) - Creating Metrics Registry : ratis.state_machine.1f92ab39-7028-4d7a-b43e-fc630492ec6f@group-1D955F22E1D5
2020-08-03 13:23:54,876 [Command processor thread] INFO  commandhandler.CreatePipelineCommandHandler (CreatePipelineCommandHandler.java:handle(110)) - Created Pipeline RATIS ONE #id: "29fbe4a6-c6b9-48b5-a83c-1d955f22e1d5"
uuid128 {
  mostSigBits: 3025262979659155637
  leastSigBits: -6324147249351564843
}
.
2020-08-03 13:23:54,876 [Command processor thread] INFO  impl.RaftServerProxy (RaftServerProxy.java:addNew(89)) - 1f92ab39-7028-4d7a-b43e-fc630492ec6f: addNew group-76977C293D21:[ec3eb439-3e1f-444b-933e-76c1f64dd6e5:172.17.0.2:40825, 5328ae2d-dffa-4840-b00a-ab3fd52ea77e:172.17.0.2:38393, 1f92ab39-7028-4d7a-b43e-fc630492ec6f:172.17.0.2:38387] returns group-76977C293D21:java.util.concurrent.CompletableFuture@5aec7f6b[Not completed]
2020-08-03 13:23:54,877 [pool-347-thread-1] INFO  impl.RaftServerImpl (RaftServerImpl.java:<init>(107)) - 1f92ab39-7028-4d7a-b43e-fc630492ec6f: new RaftServerImpl for group-76977C293D21:[ec3eb439-3e1f-444b-933e-76c1f64dd6e5:172.17.0.2:40825, 5328ae2d-dffa-4840-b00a-ab3fd52ea77e:172.17.0.2:38393, 1f92ab39-7028-4d7a-b43e-fc630492ec6f:172.17.0.2:38387] with ContainerStateMachine:uninitialized
2020-08-03 13:23:54,877 [pool-347-thread-1] INFO  server.RaftServerConfigKeys (ConfUtils.java:logGet(44)) - raft.server.rpc.timeout.min = 5s (custom)
2020-08-03 13:23:54,877 [pool-347-thread-1] INFO  server.RaftServerConfigKeys (ConfUtils.java:logGet(44)) - raft.server.rpc.timeout.max = 5200ms (custom)
2020-08-03 13:23:54,877 [pool-347-thread-1] INFO  server.RaftServerConfigKeys (ConfUtils.java:logGet(44)) - raft.server.rpcslowness.timeout = 300000ms (custom)
2020-08-03 13:23:54,877 [pool-347-thread-1] INFO  server.RaftServerConfigKeys (ConfUtils.java:logGet(44)) - raft.server.sleep.deviation.threshold = 300 (default)
2020-08-03 13:23:54,877 [pool-347-thread-1] INFO  server.RaftServerConfigKeys (ConfUtils.java:logGet(44)) - raft.server.log.appender.install.snapshot.enabled = false (custom)
2020-08-03 13:23:54,877 [pool-347-thread-1] INFO  impl.RaftServerImpl (ServerState.java:<init>(103)) - 1f92ab39-7028-4d7a-b43e-fc630492ec6f@group-76977C293D21: ConfigurationManager, init=-1: [ec3eb439-3e1f-444b-933e-76c1f64dd6e5:172.17.0.2:40825, 5328ae2d-dffa-4840-b00a-ab3fd52ea77e:172.17.0.2:38393, 1f92ab39-7028-4d7a-b43e-fc630492ec6f:172.17.0.2:38387], old=null, confs=<EMPTY_MAP>
2020-08-03 13:23:54,877 [pool-347-thread-1] INFO  server.RaftServerConfigKeys (ConfUtils.java:logGet(44)) - raft.server.storage.dir = [/github/workspace/mnt/ozone/hadoop-ozone/integration-test/target/test-dir/MiniOzoneClusterImpl-7e68a8b4-1ba8-49bf-9ad5-192f3c798a38/datanode-0/data/ratis] (custom)
2020-08-03 13:23:54,877 [pool-347-thread-1] INFO  server.RaftServerConfigKeys (ConfUtils.java:logGet(44)) - raft.server.log.corruption.policy = EXCEPTION (default)
2020-08-03 13:23:54,877 [pool-347-thread-1] INFO  storage.RaftStorageDirectory (RaftStorageDirectory.java:analyzeStorage(261)) - The storage directory /github/workspace/mnt/ozone/hadoop-ozone/integration-test/target/test-dir/MiniOzoneClusterImpl-7e68a8b4-1ba8-49bf-9ad5-192f3c798a38/datanode-0/data/ratis/df8875c0-a74b-4e9b-9cc2-76977c293d21 does not exist. Creating ...
2020-08-03 13:23:54,878 [pool-347-thread-1] INFO  storage.RaftStorageDirectory (RaftStorageDirectory.java:tryLock(343)) - Lock on /github/workspace/mnt/ozone/hadoop-ozone/integration-test/target/test-dir/MiniOzoneClusterImpl-7e68a8b4-1ba8-49bf-9ad5-192f3c798a38/datanode-0/data/ratis/df8875c0-a74b-4e9b-9cc2-76977c293d21/in_use.lock acquired by nodename 41175@21919eb6eecd
2020-08-03 13:23:54,879 [pool-347-thread-1] INFO  storage.RaftStorage (RaftStorage.java:format(84)) - Storage directory /github/workspace/mnt/ozone/hadoop-ozone/integration-test/target/test-dir/MiniOzoneClusterImpl-7e68a8b4-1ba8-49bf-9ad5-192f3c798a38/datanode-0/data/ratis/df8875c0-a74b-4e9b-9cc2-76977c293d21 has been successfully formatted.
2020-08-03 13:23:54,880 [pool-347-thread-1] INFO  ratis.ContainerStateMachine (ContainerStateMachine.java:loadSnapshot(225)) - group-76977C293D21: The snapshot info is null. Setting the last applied indexto:(t:0, i:~)
2020-08-03 13:23:54,880 [pool-347-thread-1] INFO  server.RaftServerConfigKeys (ConfUtils.java:logGet(44)) - raft.server.notification.no-leader.timeout = 300000ms (custom)
2020-08-03 13:23:54,880 [pool-347-thread-1] INFO  server.RaftServerConfigKeys (ConfUtils.java:logGet(44)) - raft.server.log.use.memory = false (default)
2020-08-03 13:23:54,880 [pool-347-thread-1] INFO  server.RaftServerConfigKeys (ConfUtils.java:logGet(44)) - raft.server.log.purge.gap = 1000000 (custom)
2020-08-03 13:23:54,880 [pool-347-thread-1] INFO  metrics.RatisMetrics (RatisMetrics.java:lambda$create$0(36)) - Creating Metrics Registry : ratis.log_worker.1f92ab39-7028-4d7a-b43e-fc630492ec6f@group-76977C293D21
2020-08-03 13:23:54,880 [pool-347-thread-1] INFO  server.RaftServerConfigKeys (ConfUtils.java:logGet(44)) - raft.server.log.appender.buffer.byte-limit = 33554432 (custom)
2020-08-03 13:23:54,880 [pool-347-thread-1] INFO  server.RaftServerConfigKeys (ConfUtils.java:logGet(44)) - raft.server.log.segment.size.max = 1048576 (custom)
2020-08-03 13:23:54,880 [Datanode State Machine Thread - 0] WARN  statemachine.DatanodeStateMachine (DatanodeStateMachine.java:start(245)) - Interrupt the execution.
java.lang.InterruptedException: sleep interrupted
	at java.lang.Thread.sleep(Native Method)
	at org.apache.hadoop.ozone.container.common.statemachine.DatanodeStateMachine.start(DatanodeStateMachine.java:243)
	at org.apache.hadoop.ozone.container.common.statemachine.DatanodeStateMachine.lambda$startDaemon$0(DatanodeStateMachine.java:405)
	at java.lang.Thread.run(Thread.java:748)
2020-08-03 13:23:54,883 [pool-347-thread-1] INFO  server.RaftServerConfigKeys (ConfUtils.java:logGet(44)) - raft.server.log.segment.cache.num.max = 2 (custom)
2020-08-03 13:23:54,883 [pool-347-thread-1] INFO  segmented.SegmentedRaftLogWorker (SegmentedRaftLogWorker.java:<init>(180)) - new 1f92ab39-7028-4d7a-b43e-fc630492ec6f@group-76977C293D21-SegmentedRaftLogWorker for RaftStorage:Storage Directory /github/workspace/mnt/ozone/hadoop-ozone/integration-test/target/test-dir/MiniOzoneClusterImpl-7e68a8b4-1ba8-49bf-9ad5-192f3c798a38/datanode-0/data/ratis/df8875c0-a74b-4e9b-9cc2-76977c293d21
2020-08-03 13:23:54,883 [pool-347-thread-1] INFO  server.RaftServerConfigKeys (ConfUtils.java:logGet(44)) - raft.server.log.queue.byte-limit = 2147483647 (custom)
2020-08-03 13:23:54,883 [pool-347-thread-1] INFO  server.RaftServerConfigKeys (ConfUtils.java:logGet(44)) - raft.server.log.queue.element-limit = 1024 (custom)
2020-08-03 13:23:54,883 [pool-347-thread-1] INFO  server.RaftServerConfigKeys (ConfUtils.java:logGet(44)) - raft.server.log.segment.size.max = 1048576 (custom)
2020-08-03 13:23:54,883 [pool-347-thread-1] INFO  server.RaftServerConfigKeys (ConfUtils.java:logGet(44)) - raft.server.log.preallocated.size = 16384 (custom)
2020-08-03 13:23:54,883 [pool-347-thread-1] INFO  server.RaftServerConfigKeys (ConfUtils.java:logGet(44)) - raft.server.log.write.buffer.size = 1048576 (custom)
2020-08-03 13:23:54,883 [pool-347-thread-1] INFO  server.RaftServerConfigKeys (ConfUtils.java:logGet(44)) - raft.server.log.force.sync.num = 128 (default)
2020-08-03 13:23:54,883 [pool-347-thread-1] INFO  server.RaftServerConfigKeys (ConfUtils.java:logGet(44)) - raft.server.log.statemachine.data.sync = true (default)
2020-08-03 13:23:54,883 [pool-347-thread-1] INFO  server.RaftServerConfigKeys (ConfUtils.java:logGet(44)) - raft.server.log.statemachine.data.sync.timeout = 10s (default)
2020-08-03 13:23:54,883 [pool-347-thread-1] INFO  server.RaftServerConfigKeys (ConfUtils.java:logGet(44)) - raft.server.log.statemachine.data.sync.timeout.retry = -1 (default)
2020-08-03 13:23:54,885 [pool-347-thread-1] INFO  server.RaftServerConfigKeys (ConfUtils.java:logGet(44)) - raft.server.log.statemachine.data.caching.enabled = true (custom)
2020-08-03 13:23:54,885 [pool-347-thread-1] INFO  segmented.SegmentedRaftLogWorker (SegmentedRaftLogWorker.java:lambda$new$0(129)) - 1f92ab39-7028-4d7a-b43e-fc630492ec6f@group-76977C293D21-SegmentedRaftLogWorker: flushIndex: setUnconditionally 0 -> -1
2020-08-03 13:23:54,885 [pool-347-thread-1] INFO  segmented.SegmentedRaftLogWorker (SegmentedRaftLogWorker.java:lambda$new$0(129)) - 1f92ab39-7028-4d7a-b43e-fc630492ec6f@group-76977C293D21-SegmentedRaftLogWorker: safeCacheEvictIndex: setUnconditionally 0 -> -1
2020-08-03 13:23:54,890 [pool-347-thread-1] INFO  server.RaftServerConfigKeys (ConfUtils.java:logGet(44)) - raft.server.snapshot.auto.trigger.enabled = true (custom)
2020-08-03 13:23:54,890 [pool-347-thread-1] INFO  server.RaftServerConfigKeys (ConfUtils.java:logGet(44)) - raft.server.snapshot.auto.trigger.threshold = 10000 (custom)
2020-08-03 13:23:54,891 [pool-347-thread-1] INFO  server.RaftServerConfigKeys (ConfUtils.java:logGet(44)) - raft.server.snapshot.retention.file.num = 5 (custom)
2020-08-03 13:23:54,891 [pool-347-thread-1] INFO  server.RaftServerConfigKeys (ConfUtils.java:logGet(44)) - raft.server.log.purge.upto.snapshot.index = false (default)
2020-08-03 13:23:54,891 [pool-347-thread-1] INFO  server.RaftServerConfigKeys (ConfUtils.java:logGet(44)) - raft.server.retrycache.expirytime = 600000ms (custom)
2020-08-03 13:23:54,892 [pool-347-thread-1] INFO  metrics.RatisMetrics (RatisMetrics.java:lambda$create$0(36)) - Creating Metrics Registry : ratis.leader_election.1f92ab39-7028-4d7a-b43e-fc630492ec6f@group-76977C293D21
2020-08-03 13:23:54,893 [pool-347-thread-1] INFO  metrics.RatisMetrics (RatisMetrics.java:lambda$create$0(36)) - Creating Metrics Registry : ratis.server.1f92ab39-7028-4d7a-b43e-fc630492ec6f@group-76977C293D21
2020-08-03 13:23:54,894 [pool-347-thread-1] INFO  impl.RaftServerImpl (RaftServerImpl.java:start(196)) - 1f92ab39-7028-4d7a-b43e-fc630492ec6f@group-76977C293D21: start as a follower, conf=-1: [ec3eb439-3e1f-444b-933e-76c1f64dd6e5:172.17.0.2:40825, 5328ae2d-dffa-4840-b00a-ab3fd52ea77e:172.17.0.2:38393, 1f92ab39-7028-4d7a-b43e-fc630492ec6f:172.17.0.2:38387], old=null
2020-08-03 13:23:54,894 [pool-347-thread-1] INFO  impl.RaftServerImpl (RaftServerImpl.java:setRole(185)) - 1f92ab39-7028-4d7a-b43e-fc630492ec6f@group-76977C293D21: changes role from      null to FOLLOWER at term 0 for startAsFollower
2020-08-03 13:23:54,894 [pool-347-thread-1] INFO  impl.RoleInfo (RoleInfo.java:updateAndGet(143)) - 1f92ab39-7028-4d7a-b43e-fc630492ec6f: start FollowerState
2020-08-03 13:23:54,894 [pool-347-thread-1] INFO  util.JmxRegister (JmxRegister.java:tryRegister(44)) - Successfully registered JMX Bean with object name Ratis:service=RaftServer,group=group-76977C293D21,id=1f92ab39-7028-4d7a-b43e-fc630492ec6f
2020-08-03 13:23:54,895 [pool-347-thread-1] INFO  metrics.RatisMetrics (RatisMetrics.java:lambda$create$0(36)) - Creating Metrics Registry : ratis.state_machine.1f92ab39-7028-4d7a-b43e-fc630492ec6f@group-76977C293D21
2020-08-03 13:23:54,910 [grpc-default-executor-3] INFO  impl.RaftServerProxy (RaftServerProxy.java:addNew(89)) - ec3eb439-3e1f-444b-933e-76c1f64dd6e5: addNew group-76977C293D21:[ec3eb439-3e1f-444b-933e-76c1f64dd6e5:172.17.0.2:40825, 5328ae2d-dffa-4840-b00a-ab3fd52ea77e:172.17.0.2:38393, 1f92ab39-7028-4d7a-b43e-fc630492ec6f:172.17.0.2:38387] returns group-76977C293D21:java.util.concurrent.CompletableFuture@2f036fc8[Not completed]
2020-08-03 13:23:54,911 [pool-377-thread-1] INFO  impl.RaftServerImpl (RaftServerImpl.java:<init>(107)) - ec3eb439-3e1f-444b-933e-76c1f64dd6e5: new RaftServerImpl for group-76977C293D21:[ec3eb439-3e1f-444b-933e-76c1f64dd6e5:172.17.0.2:40825, 5328ae2d-dffa-4840-b00a-ab3fd52ea77e:172.17.0.2:38393, 1f92ab39-7028-4d7a-b43e-fc630492ec6f:172.17.0.2:38387] with ContainerStateMachine:uninitialized
2020-08-03 13:23:54,912 [pool-377-thread-1] INFO  server.RaftServerConfigKeys (ConfUtils.java:logGet(44)) - raft.server.rpc.timeout.min = 5s (custom)
2020-08-03 13:23:54,912 [pool-377-thread-1] INFO  server.RaftServerConfigKeys (ConfUtils.java:logGet(44)) - raft.server.rpc.timeout.max = 5200ms (custom)
2020-08-03 13:23:54,912 [pool-377-thread-1] INFO  server.RaftServerConfigKeys (ConfUtils.java:logGet(44)) - raft.server.rpcslowness.timeout = 300000ms (custom)
2020-08-03 13:23:54,912 [pool-377-thread-1] INFO  server.RaftServerConfigKeys (ConfUtils.java:logGet(44)) - raft.server.sleep.deviation.threshold = 300 (default)
2020-08-03 13:23:54,912 [pool-377-thread-1] INFO  server.RaftServerConfigKeys (ConfUtils.java:logGet(44)) - raft.server.log.appender.install.snapshot.enabled = false (custom)
2020-08-03 13:23:54,912 [pool-377-thread-1] INFO  impl.RaftServerImpl (ServerState.java:<init>(103)) - ec3eb439-3e1f-444b-933e-76c1f64dd6e5@group-76977C293D21: ConfigurationManager, init=-1: [ec3eb439-3e1f-444b-933e-76c1f64dd6e5:172.17.0.2:40825, 5328ae2d-dffa-4840-b00a-ab3fd52ea77e:172.17.0.2:38393, 1f92ab39-7028-4d7a-b43e-fc630492ec6f:172.17.0.2:38387], old=null, confs=<EMPTY_MAP>
2020-08-03 13:23:54,912 [pool-377-thread-1] INFO  server.RaftServerConfigKeys (ConfUtils.java:logGet(44)) - raft.server.storage.dir = [/github/workspace/mnt/ozone/hadoop-ozone/integration-test/target/test-dir/MiniOzoneClusterImpl-7e68a8b4-1ba8-49bf-9ad5-192f3c798a38/datanode-2/data/ratis] (custom)
2020-08-03 13:23:54,912 [pool-377-thread-1] INFO  server.RaftServerConfigKeys (ConfUtils.java:logGet(44)) - raft.server.log.corruption.policy = EXCEPTION (default)
2020-08-03 13:23:54,912 [pool-377-thread-1] INFO  storage.RaftStorageDirectory (RaftStorageDirectory.java:analyzeStorage(261)) - The storage directory /github/workspace/mnt/ozone/hadoop-ozone/integration-test/target/test-dir/MiniOzoneClusterImpl-7e68a8b4-1ba8-49bf-9ad5-192f3c798a38/datanode-2/data/ratis/df8875c0-a74b-4e9b-9cc2-76977c293d21 does not exist. Creating ...
2020-08-03 13:23:54,913 [pool-377-thread-1] INFO  storage.RaftStorageDirectory (RaftStorageDirectory.java:tryLock(343)) - Lock on /github/workspace/mnt/ozone/hadoop-ozone/integration-test/target/test-dir/MiniOzoneClusterImpl-7e68a8b4-1ba8-49bf-9ad5-192f3c798a38/datanode-2/data/ratis/df8875c0-a74b-4e9b-9cc2-76977c293d21/in_use.lock acquired by nodename 41175@21919eb6eecd
2020-08-03 13:23:54,914 [pool-377-thread-1] INFO  storage.RaftStorage (RaftStorage.java:format(84)) - Storage directory /github/workspace/mnt/ozone/hadoop-ozone/integration-test/target/test-dir/MiniOzoneClusterImpl-7e68a8b4-1ba8-49bf-9ad5-192f3c798a38/datanode-2/data/ratis/df8875c0-a74b-4e9b-9cc2-76977c293d21 has been successfully formatted.
2020-08-03 13:23:54,915 [Datanode State Machine Thread - 0] WARN  statemachine.DatanodeStateMachine (DatanodeStateMachine.java:start(245)) - Interrupt the execution.
java.lang.InterruptedException: sleep interrupted
	at java.lang.Thread.sleep(Native Method)
	at org.apache.hadoop.ozone.container.common.statemachine.DatanodeStateMachine.start(DatanodeStateMachine.java:243)
	at org.apache.hadoop.ozone.container.common.statemachine.DatanodeStateMachine.lambda$startDaemon$0(DatanodeStateMachine.java:405)
	at java.lang.Thread.run(Thread.java:748)
2020-08-03 13:23:54,917 [pool-377-thread-1] INFO  ratis.ContainerStateMachine (ContainerStateMachine.java:loadSnapshot(225)) - group-76977C293D21: The snapshot info is null. Setting the last applied indexto:(t:0, i:~)
2020-08-03 13:23:54,917 [pool-377-thread-1] INFO  server.RaftServerConfigKeys (ConfUtils.java:logGet(44)) - raft.server.notification.no-leader.timeout = 300000ms (custom)
2020-08-03 13:23:54,917 [pool-377-thread-1] INFO  server.RaftServerConfigKeys (ConfUtils.java:logGet(44)) - raft.server.log.use.memory = false (default)
2020-08-03 13:23:54,917 [pool-377-thread-1] INFO  server.RaftServerConfigKeys (ConfUtils.java:logGet(44)) - raft.server.log.purge.gap = 1000000 (custom)
2020-08-03 13:23:54,917 [pool-377-thread-1] INFO  metrics.RatisMetrics (RatisMetrics.java:lambda$create$0(36)) - Creating Metrics Registry : ratis.log_worker.ec3eb439-3e1f-444b-933e-76c1f64dd6e5@group-76977C293D21
2020-08-03 13:23:54,917 [pool-377-thread-1] INFO  server.RaftServerConfigKeys (ConfUtils.java:logGet(44)) - raft.server.log.appender.buffer.byte-limit = 33554432 (custom)
2020-08-03 13:23:54,918 [pool-377-thread-1] INFO  server.RaftServerConfigKeys (ConfUtils.java:logGet(44)) - raft.server.log.segment.size.max = 1048576 (custom)
2020-08-03 13:23:54,919 [pool-377-thread-1] INFO  server.RaftServerConfigKeys (ConfUtils.java:logGet(44)) - raft.server.log.segment.cache.num.max = 2 (custom)
2020-08-03 13:23:54,919 [pool-377-thread-1] INFO  segmented.SegmentedRaftLogWorker (SegmentedRaftLogWorker.java:<init>(180)) - new ec3eb439-3e1f-444b-933e-76c1f64dd6e5@group-76977C293D21-SegmentedRaftLogWorker for RaftStorage:Storage Directory /github/workspace/mnt/ozone/hadoop-ozone/integration-test/target/test-dir/MiniOzoneClusterImpl-7e68a8b4-1ba8-49bf-9ad5-192f3c798a38/datanode-2/data/ratis/df8875c0-a74b-4e9b-9cc2-76977c293d21
2020-08-03 13:23:54,919 [pool-377-thread-1] INFO  server.RaftServerConfigKeys (ConfUtils.java:logGet(44)) - raft.server.log.queue.byte-limit = 2147483647 (custom)
2020-08-03 13:23:54,919 [pool-377-thread-1] INFO  server.RaftServerConfigKeys (ConfUtils.java:logGet(44)) - raft.server.log.queue.element-limit = 1024 (custom)
2020-08-03 13:23:54,919 [pool-377-thread-1] INFO  server.RaftServerConfigKeys (ConfUtils.java:logGet(44)) - raft.server.log.segment.size.max = 1048576 (custom)
2020-08-03 13:23:54,919 [pool-377-thread-1] INFO  server.RaftServerConfigKeys (ConfUtils.java:logGet(44)) - raft.server.log.preallocated.size = 16384 (custom)
2020-08-03 13:23:54,919 [pool-377-thread-1] INFO  server.RaftServerConfigKeys (ConfUtils.java:logGet(44)) - raft.server.log.write.buffer.size = 1048576 (custom)
2020-08-03 13:23:54,919 [pool-377-thread-1] INFO  server.RaftServerConfigKeys (ConfUtils.java:logGet(44)) - raft.server.log.force.sync.num = 128 (default)
2020-08-03 13:23:54,919 [pool-377-thread-1] INFO  server.RaftServerConfigKeys (ConfUtils.java:logGet(44)) - raft.server.log.statemachine.data.sync = true (default)
2020-08-03 13:23:54,919 [pool-377-thread-1] INFO  server.RaftServerConfigKeys (ConfUtils.java:logGet(44)) - raft.server.log.statemachine.data.sync.timeout = 10s (default)
2020-08-03 13:23:54,919 [pool-377-thread-1] INFO  server.RaftServerConfigKeys (ConfUtils.java:logGet(44)) - raft.server.log.statemachine.data.sync.timeout.retry = -1 (default)
2020-08-03 13:23:54,921 [pool-377-thread-1] INFO  server.RaftServerConfigKeys (ConfUtils.java:logGet(44)) - raft.server.log.statemachine.data.caching.enabled = true (custom)
2020-08-03 13:23:54,922 [pool-377-thread-1] INFO  segmented.SegmentedRaftLogWorker (SegmentedRaftLogWorker.java:lambda$new$0(129)) - ec3eb439-3e1f-444b-933e-76c1f64dd6e5@group-76977C293D21-SegmentedRaftLogWorker: flushIndex: setUnconditionally 0 -> -1
2020-08-03 13:23:54,922 [pool-377-thread-1] INFO  segmented.SegmentedRaftLogWorker (SegmentedRaftLogWorker.java:lambda$new$0(129)) - ec3eb439-3e1f-444b-933e-76c1f64dd6e5@group-76977C293D21-SegmentedRaftLogWorker: safeCacheEvictIndex: setUnconditionally 0 -> -1
2020-08-03 13:23:54,922 [pool-377-thread-1] INFO  server.RaftServerConfigKeys (ConfUtils.java:logGet(44)) - raft.server.snapshot.auto.trigger.enabled = true (custom)
2020-08-03 13:23:54,922 [pool-377-thread-1] INFO  server.RaftServerConfigKeys (ConfUtils.java:logGet(44)) - raft.server.snapshot.auto.trigger.threshold = 10000 (custom)
2020-08-03 13:23:54,922 [pool-377-thread-1] INFO  server.RaftServerConfigKeys (ConfUtils.java:logGet(44)) - raft.server.snapshot.retention.file.num = 5 (custom)
2020-08-03 13:23:54,922 [pool-377-thread-1] INFO  server.RaftServerConfigKeys (ConfUtils.java:logGet(44)) - raft.server.log.purge.upto.snapshot.index = false (default)
2020-08-03 13:23:54,923 [pool-377-thread-1] INFO  server.RaftServerConfigKeys (ConfUtils.java:logGet(44)) - raft.server.retrycache.expirytime = 600000ms (custom)
2020-08-03 13:23:54,923 [pool-377-thread-1] INFO  metrics.RatisMetrics (RatisMetrics.java:lambda$create$0(36)) - Creating Metrics Registry : ratis.leader_election.ec3eb439-3e1f-444b-933e-76c1f64dd6e5@group-76977C293D21
2020-08-03 13:23:54,923 [pool-377-thread-1] INFO  metrics.RatisMetrics (RatisMetrics.java:lambda$create$0(36)) - Creating Metrics Registry : ratis.server.ec3eb439-3e1f-444b-933e-76c1f64dd6e5@group-76977C293D21
2020-08-03 13:23:54,925 [pool-377-thread-1] INFO  impl.RaftServerImpl (RaftServerImpl.java:start(196)) - ec3eb439-3e1f-444b-933e-76c1f64dd6e5@group-76977C293D21: start as a follower, conf=-1: [ec3eb439-3e1f-444b-933e-76c1f64dd6e5:172.17.0.2:40825, 5328ae2d-dffa-4840-b00a-ab3fd52ea77e:172.17.0.2:38393, 1f92ab39-7028-4d7a-b43e-fc630492ec6f:172.17.0.2:38387], old=null
2020-08-03 13:23:54,925 [pool-377-thread-1] INFO  impl.RaftServerImpl (RaftServerImpl.java:setRole(185)) - ec3eb439-3e1f-444b-933e-76c1f64dd6e5@group-76977C293D21: changes role from      null to FOLLOWER at term 0 for startAsFollower
2020-08-03 13:23:54,925 [pool-377-thread-1] INFO  impl.RoleInfo (RoleInfo.java:updateAndGet(143)) - ec3eb439-3e1f-444b-933e-76c1f64dd6e5: start FollowerState
2020-08-03 13:23:54,926 [pool-377-thread-1] INFO  util.JmxRegister (JmxRegister.java:tryRegister(44)) - Successfully registered JMX Bean with object name Ratis:service=RaftServer,group=group-76977C293D21,id=ec3eb439-3e1f-444b-933e-76c1f64dd6e5
2020-08-03 13:23:54,926 [pool-377-thread-1] INFO  metrics.RatisMetrics (RatisMetrics.java:lambda$create$0(36)) - Creating Metrics Registry : ratis.state_machine.ec3eb439-3e1f-444b-933e-76c1f64dd6e5@group-76977C293D21
2020-08-03 13:23:54,946 [grpc-default-executor-3] INFO  impl.RaftServerProxy (RaftServerProxy.java:addNew(89)) - 5328ae2d-dffa-4840-b00a-ab3fd52ea77e: addNew group-76977C293D21:[ec3eb439-3e1f-444b-933e-76c1f64dd6e5:172.17.0.2:40825, 5328ae2d-dffa-4840-b00a-ab3fd52ea77e:172.17.0.2:38393, 1f92ab39-7028-4d7a-b43e-fc630492ec6f:172.17.0.2:38387] returns group-76977C293D21:java.util.concurrent.CompletableFuture@1b998567[Not completed]
2020-08-03 13:23:54,947 [pool-362-thread-1] INFO  impl.RaftServerImpl (RaftServerImpl.java:<init>(107)) - 5328ae2d-dffa-4840-b00a-ab3fd52ea77e: new RaftServerImpl for group-76977C293D21:[ec3eb439-3e1f-444b-933e-76c1f64dd6e5:172.17.0.2:40825, 5328ae2d-dffa-4840-b00a-ab3fd52ea77e:172.17.0.2:38393, 1f92ab39-7028-4d7a-b43e-fc630492ec6f:172.17.0.2:38387] with ContainerStateMachine:uninitialized
2020-08-03 13:23:54,947 [pool-362-thread-1] INFO  server.RaftServerConfigKeys (ConfUtils.java:logGet(44)) - raft.server.rpc.timeout.min = 5s (custom)
2020-08-03 13:23:54,948 [pool-362-thread-1] INFO  server.RaftServerConfigKeys (ConfUtils.java:logGet(44)) - raft.server.rpc.timeout.max = 5200ms (custom)
2020-08-03 13:23:54,948 [pool-362-thread-1] INFO  server.RaftServerConfigKeys (ConfUtils.java:logGet(44)) - raft.server.rpcslowness.timeout = 300000ms (custom)
2020-08-03 13:23:54,948 [pool-362-thread-1] INFO  server.RaftServerConfigKeys (ConfUtils.java:logGet(44)) - raft.server.sleep.deviation.threshold = 300 (default)
2020-08-03 13:23:54,948 [pool-362-thread-1] INFO  server.RaftServerConfigKeys (ConfUtils.java:logGet(44)) - raft.server.log.appender.install.snapshot.enabled = false (custom)
2020-08-03 13:23:54,948 [pool-362-thread-1] INFO  impl.RaftServerImpl (ServerState.java:<init>(103)) - 5328ae2d-dffa-4840-b00a-ab3fd52ea77e@group-76977C293D21: ConfigurationManager, init=-1: [ec3eb439-3e1f-444b-933e-76c1f64dd6e5:172.17.0.2:40825, 5328ae2d-dffa-4840-b00a-ab3fd52ea77e:172.17.0.2:38393, 1f92ab39-7028-4d7a-b43e-fc630492ec6f:172.17.0.2:38387], old=null, confs=<EMPTY_MAP>
2020-08-03 13:23:54,948 [pool-362-thread-1] INFO  server.RaftServerConfigKeys (ConfUtils.java:logGet(44)) - raft.server.storage.dir = [/github/workspace/mnt/ozone/hadoop-ozone/integration-test/target/test-dir/MiniOzoneClusterImpl-7e68a8b4-1ba8-49bf-9ad5-192f3c798a38/datanode-1/data/ratis] (custom)
2020-08-03 13:23:54,948 [pool-362-thread-1] INFO  server.RaftServerConfigKeys (ConfUtils.java:logGet(44)) - raft.server.log.corruption.policy = EXCEPTION (default)
2020-08-03 13:23:54,948 [pool-362-thread-1] INFO  storage.RaftStorageDirectory (RaftStorageDirectory.java:analyzeStorage(261)) - The storage directory /github/workspace/mnt/ozone/hadoop-ozone/integration-test/target/test-dir/MiniOzoneClusterImpl-7e68a8b4-1ba8-49bf-9ad5-192f3c798a38/datanode-1/data/ratis/df8875c0-a74b-4e9b-9cc2-76977c293d21 does not exist. Creating ...
2020-08-03 13:23:54,949 [pool-362-thread-1] INFO  storage.RaftStorageDirectory (RaftStorageDirectory.java:tryLock(343)) - Lock on /github/workspace/mnt/ozone/hadoop-ozone/integration-test/target/test-dir/MiniOzoneClusterImpl-7e68a8b4-1ba8-49bf-9ad5-192f3c798a38/datanode-1/data/ratis/df8875c0-a74b-4e9b-9cc2-76977c293d21/in_use.lock acquired by nodename 41175@21919eb6eecd
2020-08-03 13:23:54,950 [pool-362-thread-1] INFO  storage.RaftStorage (RaftStorage.java:format(84)) - Storage directory /github/workspace/mnt/ozone/hadoop-ozone/integration-test/target/test-dir/MiniOzoneClusterImpl-7e68a8b4-1ba8-49bf-9ad5-192f3c798a38/datanode-1/data/ratis/df8875c0-a74b-4e9b-9cc2-76977c293d21 has been successfully formatted.
2020-08-03 13:23:54,951 [Datanode State Machine Thread - 0] WARN  statemachine.DatanodeStateMachine (DatanodeStateMachine.java:start(245)) - Interrupt the execution.
java.lang.InterruptedException: sleep interrupted
	at java.lang.Thread.sleep(Native Method)
	at org.apache.hadoop.ozone.container.common.statemachine.DatanodeStateMachine.start(DatanodeStateMachine.java:243)
	at org.apache.hadoop.ozone.container.common.statemachine.DatanodeStateMachine.lambda$startDaemon$0(DatanodeStateMachine.java:405)
	at java.lang.Thread.run(Thread.java:748)
2020-08-03 13:23:54,951 [pool-362-thread-1] INFO  ratis.ContainerStateMachine (ContainerStateMachine.java:loadSnapshot(225)) - group-76977C293D21: The snapshot info is null. Setting the last applied indexto:(t:0, i:~)
2020-08-03 13:23:54,952 [pool-362-thread-1] INFO  server.RaftServerConfigKeys (ConfUtils.java:logGet(44)) - raft.server.notification.no-leader.timeout = 300000ms (custom)
2020-08-03 13:23:54,953 [pool-362-thread-1] INFO  server.RaftServerConfigKeys (ConfUtils.java:logGet(44)) - raft.server.log.use.memory = false (default)
2020-08-03 13:23:54,953 [pool-362-thread-1] INFO  server.RaftServerConfigKeys (ConfUtils.java:logGet(44)) - raft.server.log.purge.gap = 1000000 (custom)
2020-08-03 13:23:54,953 [pool-362-thread-1] INFO  metrics.RatisMetrics (RatisMetrics.java:lambda$create$0(36)) - Creating Metrics Registry : ratis.log_worker.5328ae2d-dffa-4840-b00a-ab3fd52ea77e@group-76977C293D21
2020-08-03 13:23:54,954 [pool-362-thread-1] INFO  server.RaftServerConfigKeys (ConfUtils.java:logGet(44)) - raft.server.log.appender.buffer.byte-limit = 33554432 (custom)
2020-08-03 13:23:54,954 [pool-362-thread-1] INFO  server.RaftServerConfigKeys (ConfUtils.java:logGet(44)) - raft.server.log.segment.size.max = 1048576 (custom)
2020-08-03 13:23:54,955 [pool-362-thread-1] INFO  server.RaftServerConfigKeys (ConfUtils.java:logGet(44)) - raft.server.log.segment.cache.num.max = 2 (custom)
2020-08-03 13:23:54,955 [pool-362-thread-1] INFO  segmented.SegmentedRaftLogWorker (SegmentedRaftLogWorker.java:<init>(180)) - new 5328ae2d-dffa-4840-b00a-ab3fd52ea77e@group-76977C293D21-SegmentedRaftLogWorker for RaftStorage:Storage Directory /github/workspace/mnt/ozone/hadoop-ozone/integration-test/target/test-dir/MiniOzoneClusterImpl-7e68a8b4-1ba8-49bf-9ad5-192f3c798a38/datanode-1/data/ratis/df8875c0-a74b-4e9b-9cc2-76977c293d21
2020-08-03 13:23:54,955 [pool-362-thread-1] INFO  server.RaftServerConfigKeys (ConfUtils.java:logGet(44)) - raft.server.log.queue.byte-limit = 2147483647 (custom)
2020-08-03 13:23:54,955 [pool-362-thread-1] INFO  server.RaftServerConfigKeys (ConfUtils.java:logGet(44)) - raft.server.log.queue.element-limit = 1024 (custom)
2020-08-03 13:23:54,955 [pool-362-thread-1] INFO  server.RaftServerConfigKeys (ConfUtils.java:logGet(44)) - raft.server.log.segment.size.max = 1048576 (custom)
2020-08-03 13:23:54,955 [pool-362-thread-1] INFO  server.RaftServerConfigKeys (ConfUtils.java:logGet(44)) - raft.server.log.preallocated.size = 16384 (custom)
2020-08-03 13:23:54,955 [pool-362-thread-1] INFO  server.RaftServerConfigKeys (ConfUtils.java:logGet(44)) - raft.server.log.write.buffer.size = 1048576 (custom)
2020-08-03 13:23:54,955 [pool-362-thread-1] INFO  server.RaftServerConfigKeys (ConfUtils.java:logGet(44)) - raft.server.log.force.sync.num = 128 (default)
2020-08-03 13:23:54,955 [pool-362-thread-1] INFO  server.RaftServerConfigKeys (ConfUtils.java:logGet(44)) - raft.server.log.statemachine.data.sync = true (default)
2020-08-03 13:23:54,955 [pool-362-thread-1] INFO  server.RaftServerConfigKeys (ConfUtils.java:logGet(44)) - raft.server.log.statemachine.data.sync.timeout = 10s (default)
2020-08-03 13:23:54,955 [pool-362-thread-1] INFO  server.RaftServerConfigKeys (ConfUtils.java:logGet(44)) - raft.server.log.statemachine.data.sync.timeout.retry = -1 (default)
2020-08-03 13:23:54,958 [pool-362-thread-1] INFO  server.RaftServerConfigKeys (ConfUtils.java:logGet(44)) - raft.server.log.statemachine.data.caching.enabled = true (custom)
2020-08-03 13:23:54,958 [pool-362-thread-1] INFO  segmented.SegmentedRaftLogWorker (SegmentedRaftLogWorker.java:lambda$new$0(129)) - 5328ae2d-dffa-4840-b00a-ab3fd52ea77e@group-76977C293D21-SegmentedRaftLogWorker: flushIndex: setUnconditionally 0 -> -1
2020-08-03 13:23:54,958 [pool-362-thread-1] INFO  segmented.SegmentedRaftLogWorker (SegmentedRaftLogWorker.java:lambda$new$0(129)) - 5328ae2d-dffa-4840-b00a-ab3fd52ea77e@group-76977C293D21-SegmentedRaftLogWorker: safeCacheEvictIndex: setUnconditionally 0 -> -1
2020-08-03 13:23:54,962 [pool-362-thread-1] INFO  server.RaftServerConfigKeys (ConfUtils.java:logGet(44)) - raft.server.snapshot.auto.trigger.enabled = true (custom)
2020-08-03 13:23:54,962 [pool-362-thread-1] INFO  server.RaftServerConfigKeys (ConfUtils.java:logGet(44)) - raft.server.snapshot.auto.trigger.threshold = 10000 (custom)
2020-08-03 13:23:54,962 [pool-362-thread-1] INFO  server.RaftServerConfigKeys (ConfUtils.java:logGet(44)) - raft.server.snapshot.retention.file.num = 5 (custom)
2020-08-03 13:23:54,962 [pool-362-thread-1] INFO  server.RaftServerConfigKeys (ConfUtils.java:logGet(44)) - raft.server.log.purge.upto.snapshot.index = false (default)
2020-08-03 13:23:54,962 [pool-362-thread-1] INFO  server.RaftServerConfigKeys (ConfUtils.java:logGet(44)) - raft.server.retrycache.expirytime = 600000ms (custom)
2020-08-03 13:23:54,962 [pool-362-thread-1] INFO  metrics.RatisMetrics (RatisMetrics.java:lambda$create$0(36)) - Creating Metrics Registry : ratis.leader_election.5328ae2d-dffa-4840-b00a-ab3fd52ea77e@group-76977C293D21
2020-08-03 13:23:54,963 [pool-362-thread-1] INFO  metrics.RatisMetrics (RatisMetrics.java:lambda$create$0(36)) - Creating Metrics Registry : ratis.server.5328ae2d-dffa-4840-b00a-ab3fd52ea77e@group-76977C293D21
2020-08-03 13:23:54,964 [pool-362-thread-1] INFO  impl.RaftServerImpl (RaftServerImpl.java:start(196)) - 5328ae2d-dffa-4840-b00a-ab3fd52ea77e@group-76977C293D21: start as a follower, conf=-1: [ec3eb439-3e1f-444b-933e-76c1f64dd6e5:172.17.0.2:40825, 5328ae2d-dffa-4840-b00a-ab3fd52ea77e:172.17.0.2:38393, 1f92ab39-7028-4d7a-b43e-fc630492ec6f:172.17.0.2:38387], old=null
2020-08-03 13:23:54,964 [pool-362-thread-1] INFO  impl.RaftServerImpl (RaftServerImpl.java:setRole(185)) - 5328ae2d-dffa-4840-b00a-ab3fd52ea77e@group-76977C293D21: changes role from      null to FOLLOWER at term 0 for startAsFollower
2020-08-03 13:23:54,964 [pool-362-thread-1] INFO  impl.RoleInfo (RoleInfo.java:updateAndGet(143)) - 5328ae2d-dffa-4840-b00a-ab3fd52ea77e: start FollowerState
2020-08-03 13:23:54,965 [pool-362-thread-1] INFO  util.JmxRegister (JmxRegister.java:tryRegister(44)) - Successfully registered JMX Bean with object name Ratis:service=RaftServer,group=group-76977C293D21,id=5328ae2d-dffa-4840-b00a-ab3fd52ea77e
2020-08-03 13:23:54,965 [pool-362-thread-1] INFO  metrics.RatisMetrics (RatisMetrics.java:lambda$create$0(36)) - Creating Metrics Registry : ratis.state_machine.5328ae2d-dffa-4840-b00a-ab3fd52ea77e@group-76977C293D21
2020-08-03 13:23:54,968 [Command processor thread] INFO  impl.RaftServerProxy (RaftServerProxy.java:addNew(89)) - 5328ae2d-dffa-4840-b00a-ab3fd52ea77e: addNew group-0B3F279B954A:[5328ae2d-dffa-4840-b00a-ab3fd52ea77e:172.17.0.2:38393] returns group-0B3F279B954A:java.util.concurrent.CompletableFuture@4eac3442[Not completed]
2020-08-03 13:23:54,968 [Command processor thread] INFO  commandhandler.CreatePipelineCommandHandler (CreatePipelineCommandHandler.java:handle(110)) - Created Pipeline RATIS THREE #id: "df8875c0-a74b-4e9b-9cc2-76977c293d21"
uuid128 {
  mostSigBits: -2339490536118071653
  leastSigBits: -7151022865315709663
}
.
2020-08-03 13:23:54,968 [pool-362-thread-1] INFO  impl.RaftServerImpl (RaftServerImpl.java:<init>(107)) - 5328ae2d-dffa-4840-b00a-ab3fd52ea77e: new RaftServerImpl for group-0B3F279B954A:[5328ae2d-dffa-4840-b00a-ab3fd52ea77e:172.17.0.2:38393] with ContainerStateMachine:uninitialized
2020-08-03 13:23:54,969 [pool-362-thread-1] INFO  server.RaftServerConfigKeys (ConfUtils.java:logGet(44)) - raft.server.rpc.timeout.min = 5s (custom)
2020-08-03 13:23:54,969 [pool-362-thread-1] INFO  server.RaftServerConfigKeys (ConfUtils.java:logGet(44)) - raft.server.rpc.timeout.max = 5200ms (custom)
2020-08-03 13:23:54,969 [pool-362-thread-1] INFO  server.RaftServerConfigKeys (ConfUtils.java:logGet(44)) - raft.server.rpcslowness.timeout = 300000ms (custom)
2020-08-03 13:23:54,969 [pool-362-thread-1] INFO  server.RaftServerConfigKeys (ConfUtils.java:logGet(44)) - raft.server.sleep.deviation.threshold = 300 (default)
2020-08-03 13:23:54,969 [pool-362-thread-1] INFO  server.RaftServerConfigKeys (ConfUtils.java:logGet(44)) - raft.server.log.appender.install.snapshot.enabled = false (custom)
2020-08-03 13:23:54,969 [pool-362-thread-1] INFO  impl.RaftServerImpl (ServerState.java:<init>(103)) - 5328ae2d-dffa-4840-b00a-ab3fd52ea77e@group-0B3F279B954A: ConfigurationManager, init=-1: [5328ae2d-dffa-4840-b00a-ab3fd52ea77e:172.17.0.2:38393], old=null, confs=<EMPTY_MAP>
2020-08-03 13:23:54,969 [pool-362-thread-1] INFO  server.RaftServerConfigKeys (ConfUtils.java:logGet(44)) - raft.server.storage.dir = [/github/workspace/mnt/ozone/hadoop-ozone/integration-test/target/test-dir/MiniOzoneClusterImpl-7e68a8b4-1ba8-49bf-9ad5-192f3c798a38/datanode-1/data/ratis] (custom)
2020-08-03 13:23:54,969 [pool-362-thread-1] INFO  server.RaftServerConfigKeys (ConfUtils.java:logGet(44)) - raft.server.log.corruption.policy = EXCEPTION (default)
2020-08-03 13:23:54,969 [pool-362-thread-1] INFO  storage.RaftStorageDirectory (RaftStorageDirectory.java:analyzeStorage(261)) - The storage directory /github/workspace/mnt/ozone/hadoop-ozone/integration-test/target/test-dir/MiniOzoneClusterImpl-7e68a8b4-1ba8-49bf-9ad5-192f3c798a38/datanode-1/data/ratis/5d51b031-8848-4cbb-aa59-0b3f279b954a does not exist. Creating ...
2020-08-03 13:23:54,970 [pool-362-thread-1] INFO  storage.RaftStorageDirectory (RaftStorageDirectory.java:tryLock(343)) - Lock on /github/workspace/mnt/ozone/hadoop-ozone/integration-test/target/test-dir/MiniOzoneClusterImpl-7e68a8b4-1ba8-49bf-9ad5-192f3c798a38/datanode-1/data/ratis/5d51b031-8848-4cbb-aa59-0b3f279b954a/in_use.lock acquired by nodename 41175@21919eb6eecd
2020-08-03 13:23:54,971 [pool-362-thread-1] INFO  storage.RaftStorage (RaftStorage.java:format(84)) - Storage directory /github/workspace/mnt/ozone/hadoop-ozone/integration-test/target/test-dir/MiniOzoneClusterImpl-7e68a8b4-1ba8-49bf-9ad5-192f3c798a38/datanode-1/data/ratis/5d51b031-8848-4cbb-aa59-0b3f279b954a has been successfully formatted.
2020-08-03 13:23:54,972 [pool-362-thread-1] INFO  ratis.ContainerStateMachine (ContainerStateMachine.java:loadSnapshot(225)) - group-0B3F279B954A: The snapshot info is null. Setting the last applied indexto:(t:0, i:~)
2020-08-03 13:23:54,972 [Datanode State Machine Thread - 0] WARN  statemachine.DatanodeStateMachine (DatanodeStateMachine.java:start(245)) - Interrupt the execution.
java.lang.InterruptedException: sleep interrupted
	at java.lang.Thread.sleep(Native Method)
	at org.apache.hadoop.ozone.container.common.statemachine.DatanodeStateMachine.start(DatanodeStateMachine.java:243)
	at org.apache.hadoop.ozone.container.common.statemachine.DatanodeStateMachine.lambda$startDaemon$0(DatanodeStateMachine.java:405)
	at java.lang.Thread.run(Thread.java:748)
2020-08-03 13:23:54,973 [EventQueue-PipelineReportForPipelineReportHandler] INFO  pipeline.PipelineStateManager (PipelineStateManager.java:openPipeline(131)) - Pipeline Pipeline[ Id: 5d51b031-8848-4cbb-aa59-0b3f279b954a, Nodes: 5328ae2d-dffa-4840-b00a-ab3fd52ea77e{ip: 172.17.0.2, host: 21919eb6eecd, networkLocation: /default-rack, certSerialId: null}, Type:RATIS, Factor:ONE, State:ALLOCATED, leaderId:5328ae2d-dffa-4840-b00a-ab3fd52ea77e, CreationTimestamp2020-08-03T13:23:51.973Z] moved to OPEN state
2020-08-03 13:23:54,973 [EventQueue-OpenPipelineForHealthyPipelineSafeModeRule] INFO  safemode.SCMSafeModeManager (HealthyPipelineSafeModeRule.java:process(129)) - SCM in safe mode. Healthy pipelines reported count is 0, required healthy pipeline reported count is 1
2020-08-03 13:23:54,973 [EventQueue-OpenPipelineForOneReplicaPipelineSafeModeRule] INFO  safemode.SCMSafeModeManager (SCMSafeModeManager.java:validateSafeModeExitRules(214)) - AtleastOneDatanodeReportedRule rule is successfully validated
2020-08-03 13:23:54,972 [pool-362-thread-1] INFO  server.RaftServerConfigKeys (ConfUtils.java:logGet(44)) - raft.server.notification.no-leader.timeout = 300000ms (custom)
2020-08-03 13:23:54,973 [pool-362-thread-1] INFO  server.RaftServerConfigKeys (ConfUtils.java:logGet(44)) - raft.server.log.use.memory = false (default)
2020-08-03 13:23:54,973 [pool-362-thread-1] INFO  server.RaftServerConfigKeys (ConfUtils.java:logGet(44)) - raft.server.log.purge.gap = 1000000 (custom)
2020-08-03 13:23:54,973 [pool-362-thread-1] INFO  metrics.RatisMetrics (RatisMetrics.java:lambda$create$0(36)) - Creating Metrics Registry : ratis.log_worker.5328ae2d-dffa-4840-b00a-ab3fd52ea77e@group-0B3F279B954A
2020-08-03 13:23:54,974 [pool-362-thread-1] INFO  server.RaftServerConfigKeys (ConfUtils.java:logGet(44)) - raft.server.log.appender.buffer.byte-limit = 33554432 (custom)
2020-08-03 13:23:54,974 [pool-362-thread-1] INFO  server.RaftServerConfigKeys (ConfUtils.java:logGet(44)) - raft.server.log.segment.size.max = 1048576 (custom)
2020-08-03 13:23:54,974 [pool-362-thread-1] INFO  server.RaftServerConfigKeys (ConfUtils.java:logGet(44)) - raft.server.log.segment.cache.num.max = 2 (custom)
2020-08-03 13:23:54,974 [pool-362-thread-1] INFO  segmented.SegmentedRaftLogWorker (SegmentedRaftLogWorker.java:<init>(180)) - new 5328ae2d-dffa-4840-b00a-ab3fd52ea77e@group-0B3F279B954A-SegmentedRaftLogWorker for RaftStorage:Storage Directory /github/workspace/mnt/ozone/hadoop-ozone/integration-test/target/test-dir/MiniOzoneClusterImpl-7e68a8b4-1ba8-49bf-9ad5-192f3c798a38/datanode-1/data/ratis/5d51b031-8848-4cbb-aa59-0b3f279b954a
2020-08-03 13:23:54,974 [pool-362-thread-1] INFO  server.RaftServerConfigKeys (ConfUtils.java:logGet(44)) - raft.server.log.queue.byte-limit = 2147483647 (custom)
2020-08-03 13:23:54,975 [pool-362-thread-1] INFO  server.RaftServerConfigKeys (ConfUtils.java:logGet(44)) - raft.server.log.queue.element-limit = 1024 (custom)
2020-08-03 13:23:54,975 [pool-362-thread-1] INFO  server.RaftServerConfigKeys (ConfUtils.java:logGet(44)) - raft.server.log.segment.size.max = 1048576 (custom)
2020-08-03 13:23:54,975 [pool-362-thread-1] INFO  server.RaftServerConfigKeys (ConfUtils.java:logGet(44)) - raft.server.log.preallocated.size = 16384 (custom)
2020-08-03 13:23:54,975 [pool-362-thread-1] INFO  server.RaftServerConfigKeys (ConfUtils.java:logGet(44)) - raft.server.log.write.buffer.size = 1048576 (custom)
2020-08-03 13:23:54,975 [pool-362-thread-1] INFO  server.RaftServerConfigKeys (ConfUtils.java:logGet(44)) - raft.server.log.force.sync.num = 128 (default)
2020-08-03 13:23:54,975 [pool-362-thread-1] INFO  server.RaftServerConfigKeys (ConfUtils.java:logGet(44)) - raft.server.log.statemachine.data.sync = true (default)
2020-08-03 13:23:54,975 [pool-362-thread-1] INFO  server.RaftServerConfigKeys (ConfUtils.java:logGet(44)) - raft.server.log.statemachine.data.sync.timeout = 10s (default)
2020-08-03 13:23:54,975 [pool-362-thread-1] INFO  server.RaftServerConfigKeys (ConfUtils.java:logGet(44)) - raft.server.log.statemachine.data.sync.timeout.retry = -1 (default)
2020-08-03 13:23:54,977 [pool-362-thread-1] INFO  server.RaftServerConfigKeys (ConfUtils.java:logGet(44)) - raft.server.log.statemachine.data.caching.enabled = true (custom)
2020-08-03 13:23:54,977 [pool-362-thread-1] INFO  segmented.SegmentedRaftLogWorker (SegmentedRaftLogWorker.java:lambda$new$0(129)) - 5328ae2d-dffa-4840-b00a-ab3fd52ea77e@group-0B3F279B954A-SegmentedRaftLogWorker: flushIndex: setUnconditionally 0 -> -1
2020-08-03 13:23:54,977 [pool-362-thread-1] INFO  segmented.SegmentedRaftLogWorker (SegmentedRaftLogWorker.java:lambda$new$0(129)) - 5328ae2d-dffa-4840-b00a-ab3fd52ea77e@group-0B3F279B954A-SegmentedRaftLogWorker: safeCacheEvictIndex: setUnconditionally 0 -> -1
2020-08-03 13:23:54,978 [pool-362-thread-1] INFO  server.RaftServerConfigKeys (ConfUtils.java:logGet(44)) - raft.server.snapshot.auto.trigger.enabled = true (custom)
2020-08-03 13:23:54,978 [pool-362-thread-1] INFO  server.RaftServerConfigKeys (ConfUtils.java:logGet(44)) - raft.server.snapshot.auto.trigger.threshold = 10000 (custom)
2020-08-03 13:23:54,978 [pool-362-thread-1] INFO  server.RaftServerConfigKeys (ConfUtils.java:logGet(44)) - raft.server.snapshot.retention.file.num = 5 (custom)
2020-08-03 13:23:54,978 [pool-362-thread-1] INFO  server.RaftServerConfigKeys (ConfUtils.java:logGet(44)) - raft.server.log.purge.upto.snapshot.index = false (default)
2020-08-03 13:23:54,978 [pool-362-thread-1] INFO  server.RaftServerConfigKeys (ConfUtils.java:logGet(44)) - raft.server.retrycache.expirytime = 600000ms (custom)
2020-08-03 13:23:54,979 [pool-362-thread-1] INFO  metrics.RatisMetrics (RatisMetrics.java:lambda$create$0(36)) - Creating Metrics Registry : ratis.leader_election.5328ae2d-dffa-4840-b00a-ab3fd52ea77e@group-0B3F279B954A
2020-08-03 13:23:54,979 [pool-362-thread-1] INFO  metrics.RatisMetrics (RatisMetrics.java:lambda$create$0(36)) - Creating Metrics Registry : ratis.server.5328ae2d-dffa-4840-b00a-ab3fd52ea77e@group-0B3F279B954A
2020-08-03 13:23:54,980 [pool-362-thread-1] INFO  impl.RaftServerImpl (RaftServerImpl.java:start(196)) - 5328ae2d-dffa-4840-b00a-ab3fd52ea77e@group-0B3F279B954A: start as a follower, conf=-1: [5328ae2d-dffa-4840-b00a-ab3fd52ea77e:172.17.0.2:38393], old=null
2020-08-03 13:23:54,980 [pool-362-thread-1] INFO  impl.RaftServerImpl (RaftServerImpl.java:setRole(185)) - 5328ae2d-dffa-4840-b00a-ab3fd52ea77e@group-0B3F279B954A: changes role from      null to FOLLOWER at term 0 for startAsFollower
2020-08-03 13:23:54,980 [pool-362-thread-1] INFO  impl.RoleInfo (RoleInfo.java:updateAndGet(143)) - 5328ae2d-dffa-4840-b00a-ab3fd52ea77e: start FollowerState
2020-08-03 13:23:54,982 [pool-362-thread-1] INFO  util.JmxRegister (JmxRegister.java:tryRegister(44)) - Successfully registered JMX Bean with object name Ratis:service=RaftServer,group=group-0B3F279B954A,id=5328ae2d-dffa-4840-b00a-ab3fd52ea77e
2020-08-03 13:23:54,983 [pool-362-thread-1] INFO  metrics.RatisMetrics (RatisMetrics.java:lambda$create$0(36)) - Creating Metrics Registry : ratis.state_machine.5328ae2d-dffa-4840-b00a-ab3fd52ea77e@group-0B3F279B954A
2020-08-03 13:23:54,983 [Command processor thread] INFO  commandhandler.CreatePipelineCommandHandler (CreatePipelineCommandHandler.java:handle(110)) - Created Pipeline RATIS ONE #id: "5d51b031-8848-4cbb-aa59-0b3f279b954a"
uuid128 {
  mostSigBits: 6724349445427186875
  leastSigBits: -6171889448459201206
}
.
2020-08-03 13:23:55,139 [Command processor thread] INFO  impl.RaftServerProxy (RaftServerProxy.java:addNew(89)) - ec3eb439-3e1f-444b-933e-76c1f64dd6e5: addNew group-04815E802AF4:[ec3eb439-3e1f-444b-933e-76c1f64dd6e5:172.17.0.2:40825] returns group-04815E802AF4:java.util.concurrent.CompletableFuture@10e8a98a[Not completed]
2020-08-03 13:23:55,140 [pool-377-thread-1] INFO  impl.RaftServerImpl (RaftServerImpl.java:<init>(107)) - ec3eb439-3e1f-444b-933e-76c1f64dd6e5: new RaftServerImpl for group-04815E802AF4:[ec3eb439-3e1f-444b-933e-76c1f64dd6e5:172.17.0.2:40825] with ContainerStateMachine:uninitialized
2020-08-03 13:23:55,140 [pool-377-thread-1] INFO  server.RaftServerConfigKeys (ConfUtils.java:logGet(44)) - raft.server.rpc.timeout.min = 5s (custom)
2020-08-03 13:23:55,141 [pool-377-thread-1] INFO  server.RaftServerConfigKeys (ConfUtils.java:logGet(44)) - raft.server.rpc.timeout.max = 5200ms (custom)
2020-08-03 13:23:55,141 [pool-377-thread-1] INFO  server.RaftServerConfigKeys (ConfUtils.java:logGet(44)) - raft.server.rpcslowness.timeout = 300000ms (custom)
2020-08-03 13:23:55,141 [pool-377-thread-1] INFO  server.RaftServerConfigKeys (ConfUtils.java:logGet(44)) - raft.server.sleep.deviation.threshold = 300 (default)
2020-08-03 13:23:55,141 [pool-377-thread-1] INFO  server.RaftServerConfigKeys (ConfUtils.java:logGet(44)) - raft.server.log.appender.install.snapshot.enabled = false (custom)
2020-08-03 13:23:55,141 [pool-377-thread-1] INFO  impl.RaftServerImpl (ServerState.java:<init>(103)) - ec3eb439-3e1f-444b-933e-76c1f64dd6e5@group-04815E802AF4: ConfigurationManager, init=-1: [ec3eb439-3e1f-444b-933e-76c1f64dd6e5:172.17.0.2:40825], old=null, confs=<EMPTY_MAP>
2020-08-03 13:23:55,141 [pool-377-thread-1] INFO  server.RaftServerConfigKeys (ConfUtils.java:logGet(44)) - raft.server.storage.dir = [/github/workspace/mnt/ozone/hadoop-ozone/integration-test/target/test-dir/MiniOzoneClusterImpl-7e68a8b4-1ba8-49bf-9ad5-192f3c798a38/datanode-2/data/ratis] (custom)
2020-08-03 13:23:55,141 [pool-377-thread-1] INFO  server.RaftServerConfigKeys (ConfUtils.java:logGet(44)) - raft.server.log.corruption.policy = EXCEPTION (default)
2020-08-03 13:23:55,142 [pool-377-thread-1] INFO  storage.RaftStorageDirectory (RaftStorageDirectory.java:analyzeStorage(261)) - The storage directory /github/workspace/mnt/ozone/hadoop-ozone/integration-test/target/test-dir/MiniOzoneClusterImpl-7e68a8b4-1ba8-49bf-9ad5-192f3c798a38/datanode-2/data/ratis/730fdb49-a755-4b42-b737-04815e802af4 does not exist. Creating ...
2020-08-03 13:23:55,143 [pool-377-thread-1] INFO  storage.RaftStorageDirectory (RaftStorageDirectory.java:tryLock(343)) - Lock on /github/workspace/mnt/ozone/hadoop-ozone/integration-test/target/test-dir/MiniOzoneClusterImpl-7e68a8b4-1ba8-49bf-9ad5-192f3c798a38/datanode-2/data/ratis/730fdb49-a755-4b42-b737-04815e802af4/in_use.lock acquired by nodename 41175@21919eb6eecd
2020-08-03 13:23:55,146 [pool-377-thread-1] INFO  storage.RaftStorage (RaftStorage.java:format(84)) - Storage directory /github/workspace/mnt/ozone/hadoop-ozone/integration-test/target/test-dir/MiniOzoneClusterImpl-7e68a8b4-1ba8-49bf-9ad5-192f3c798a38/datanode-2/data/ratis/730fdb49-a755-4b42-b737-04815e802af4 has been successfully formatted.
2020-08-03 13:23:55,146 [pool-377-thread-1] INFO  ratis.ContainerStateMachine (ContainerStateMachine.java:loadSnapshot(225)) - group-04815E802AF4: The snapshot info is null. Setting the last applied indexto:(t:0, i:~)
2020-08-03 13:23:55,146 [Datanode State Machine Thread - 0] WARN  statemachine.DatanodeStateMachine (DatanodeStateMachine.java:start(245)) - Interrupt the execution.
java.lang.InterruptedException: sleep interrupted
	at java.lang.Thread.sleep(Native Method)
	at org.apache.hadoop.ozone.container.common.statemachine.DatanodeStateMachine.start(DatanodeStateMachine.java:243)
	at org.apache.hadoop.ozone.container.common.statemachine.DatanodeStateMachine.lambda$startDaemon$0(DatanodeStateMachine.java:405)
	at java.lang.Thread.run(Thread.java:748)
2020-08-03 13:23:55,146 [pool-377-thread-1] INFO  server.RaftServerConfigKeys (ConfUtils.java:logGet(44)) - raft.server.notification.no-leader.timeout = 300000ms (custom)
2020-08-03 13:23:55,147 [pool-377-thread-1] INFO  server.RaftServerConfigKeys (ConfUtils.java:logGet(44)) - raft.server.log.use.memory = false (default)
2020-08-03 13:23:55,147 [pool-377-thread-1] INFO  server.RaftServerConfigKeys (ConfUtils.java:logGet(44)) - raft.server.log.purge.gap = 1000000 (custom)
2020-08-03 13:23:55,147 [pool-377-thread-1] INFO  metrics.RatisMetrics (RatisMetrics.java:lambda$create$0(36)) - Creating Metrics Registry : ratis.log_worker.ec3eb439-3e1f-444b-933e-76c1f64dd6e5@group-04815E802AF4
2020-08-03 13:23:55,147 [EventQueue-PipelineReportForPipelineReportHandler] INFO  pipeline.PipelineStateManager (PipelineStateManager.java:openPipeline(131)) - Pipeline Pipeline[ Id: 730fdb49-a755-4b42-b737-04815e802af4, Nodes: ec3eb439-3e1f-444b-933e-76c1f64dd6e5{ip: 172.17.0.2, host: 21919eb6eecd, networkLocation: /default-rack, certSerialId: null}, Type:RATIS, Factor:ONE, State:ALLOCATED, leaderId:ec3eb439-3e1f-444b-933e-76c1f64dd6e5, CreationTimestamp2020-08-03T13:23:52.140Z] moved to OPEN state
2020-08-03 13:23:55,148 [pool-377-thread-1] INFO  server.RaftServerConfigKeys (ConfUtils.java:logGet(44)) - raft.server.log.appender.buffer.byte-limit = 33554432 (custom)
2020-08-03 13:23:55,148 [EventQueue-OpenPipelineForOneReplicaPipelineSafeModeRule] INFO  safemode.SCMSafeModeManager (SCMSafeModeManager.java:validateSafeModeExitRules(214)) - AtleastOneDatanodeReportedRule rule is successfully validated
2020-08-03 13:23:55,148 [EventQueue-OpenPipelineForHealthyPipelineSafeModeRule] INFO  safemode.SCMSafeModeManager (HealthyPipelineSafeModeRule.java:process(129)) - SCM in safe mode. Healthy pipelines reported count is 0, required healthy pipeline reported count is 1
2020-08-03 13:23:55,148 [pool-377-thread-1] INFO  server.RaftServerConfigKeys (ConfUtils.java:logGet(44)) - raft.server.log.segment.size.max = 1048576 (custom)
2020-08-03 13:23:55,149 [pool-377-thread-1] INFO  server.RaftServerConfigKeys (ConfUtils.java:logGet(44)) - raft.server.log.segment.cache.num.max = 2 (custom)
2020-08-03 13:23:55,149 [pool-377-thread-1] INFO  segmented.SegmentedRaftLogWorker (SegmentedRaftLogWorker.java:<init>(180)) - new ec3eb439-3e1f-444b-933e-76c1f64dd6e5@group-04815E802AF4-SegmentedRaftLogWorker for RaftStorage:Storage Directory /github/workspace/mnt/ozone/hadoop-ozone/integration-test/target/test-dir/MiniOzoneClusterImpl-7e68a8b4-1ba8-49bf-9ad5-192f3c798a38/datanode-2/data/ratis/730fdb49-a755-4b42-b737-04815e802af4
2020-08-03 13:23:55,149 [pool-377-thread-1] INFO  server.RaftServerConfigKeys (ConfUtils.java:logGet(44)) - raft.server.log.queue.byte-limit = 2147483647 (custom)
2020-08-03 13:23:55,149 [pool-377-thread-1] INFO  server.RaftServerConfigKeys (ConfUtils.java:logGet(44)) - raft.server.log.queue.element-limit = 1024 (custom)
2020-08-03 13:23:55,149 [pool-377-thread-1] INFO  server.RaftServerConfigKeys (ConfUtils.java:logGet(44)) - raft.server.log.segment.size.max = 1048576 (custom)
2020-08-03 13:23:55,149 [pool-377-thread-1] INFO  server.RaftServerConfigKeys (ConfUtils.java:logGet(44)) - raft.server.log.preallocated.size = 16384 (custom)
2020-08-03 13:23:55,149 [pool-377-thread-1] INFO  server.RaftServerConfigKeys (ConfUtils.java:logGet(44)) - raft.server.log.write.buffer.size = 1048576 (custom)
2020-08-03 13:23:55,149 [pool-377-thread-1] INFO  server.RaftServerConfigKeys (ConfUtils.java:logGet(44)) - raft.server.log.force.sync.num = 128 (default)
2020-08-03 13:23:55,150 [pool-377-thread-1] INFO  server.RaftServerConfigKeys (ConfUtils.java:logGet(44)) - raft.server.log.statemachine.data.sync = true (default)
2020-08-03 13:23:55,150 [pool-377-thread-1] INFO  server.RaftServerConfigKeys (ConfUtils.java:logGet(44)) - raft.server.log.statemachine.data.sync.timeout = 10s (default)
2020-08-03 13:23:55,150 [pool-377-thread-1] INFO  server.RaftServerConfigKeys (ConfUtils.java:logGet(44)) - raft.server.log.statemachine.data.sync.timeout.retry = -1 (default)
2020-08-03 13:23:55,151 [pool-377-thread-1] INFO  server.RaftServerConfigKeys (ConfUtils.java:logGet(44)) - raft.server.log.statemachine.data.caching.enabled = true (custom)
2020-08-03 13:23:55,151 [pool-377-thread-1] INFO  segmented.SegmentedRaftLogWorker (SegmentedRaftLogWorker.java:lambda$new$0(129)) - ec3eb439-3e1f-444b-933e-76c1f64dd6e5@group-04815E802AF4-SegmentedRaftLogWorker: flushIndex: setUnconditionally 0 -> -1
2020-08-03 13:23:55,151 [pool-377-thread-1] INFO  segmented.SegmentedRaftLogWorker (SegmentedRaftLogWorker.java:lambda$new$0(129)) - ec3eb439-3e1f-444b-933e-76c1f64dd6e5@group-04815E802AF4-SegmentedRaftLogWorker: safeCacheEvictIndex: setUnconditionally 0 -> -1
2020-08-03 13:23:55,152 [pool-377-thread-1] INFO  server.RaftServerConfigKeys (ConfUtils.java:logGet(44)) - raft.server.snapshot.auto.trigger.enabled = true (custom)
2020-08-03 13:23:55,152 [pool-377-thread-1] INFO  server.RaftServerConfigKeys (ConfUtils.java:logGet(44)) - raft.server.snapshot.auto.trigger.threshold = 10000 (custom)
2020-08-03 13:23:55,152 [pool-377-thread-1] INFO  server.RaftServerConfigKeys (ConfUtils.java:logGet(44)) - raft.server.snapshot.retention.file.num = 5 (custom)
2020-08-03 13:23:55,152 [pool-377-thread-1] INFO  server.RaftServerConfigKeys (ConfUtils.java:logGet(44)) - raft.server.log.purge.upto.snapshot.index = false (default)
2020-08-03 13:23:55,152 [pool-377-thread-1] INFO  server.RaftServerConfigKeys (ConfUtils.java:logGet(44)) - raft.server.retrycache.expirytime = 600000ms (custom)
2020-08-03 13:23:55,152 [pool-377-thread-1] INFO  metrics.RatisMetrics (RatisMetrics.java:lambda$create$0(36)) - Creating Metrics Registry : ratis.leader_election.ec3eb439-3e1f-444b-933e-76c1f64dd6e5@group-04815E802AF4
2020-08-03 13:23:55,152 [pool-377-thread-1] INFO  metrics.RatisMetrics (RatisMetrics.java:lambda$create$0(36)) - Creating Metrics Registry : ratis.server.ec3eb439-3e1f-444b-933e-76c1f64dd6e5@group-04815E802AF4
2020-08-03 13:23:55,154 [pool-377-thread-1] INFO  impl.RaftServerImpl (RaftServerImpl.java:start(196)) - ec3eb439-3e1f-444b-933e-76c1f64dd6e5@group-04815E802AF4: start as a follower, conf=-1: [ec3eb439-3e1f-444b-933e-76c1f64dd6e5:172.17.0.2:40825], old=null
2020-08-03 13:23:55,154 [pool-377-thread-1] INFO  impl.RaftServerImpl (RaftServerImpl.java:setRole(185)) - ec3eb439-3e1f-444b-933e-76c1f64dd6e5@group-04815E802AF4: changes role from      null to FOLLOWER at term 0 for startAsFollower
2020-08-03 13:23:55,154 [pool-377-thread-1] INFO  impl.RoleInfo (RoleInfo.java:updateAndGet(143)) - ec3eb439-3e1f-444b-933e-76c1f64dd6e5: start FollowerState
2020-08-03 13:23:55,154 [pool-377-thread-1] INFO  util.JmxRegister (JmxRegister.java:tryRegister(44)) - Successfully registered JMX Bean with object name Ratis:service=RaftServer,group=group-04815E802AF4,id=ec3eb439-3e1f-444b-933e-76c1f64dd6e5
2020-08-03 13:23:55,154 [pool-377-thread-1] INFO  metrics.RatisMetrics (RatisMetrics.java:lambda$create$0(36)) - Creating Metrics Registry : ratis.state_machine.ec3eb439-3e1f-444b-933e-76c1f64dd6e5@group-04815E802AF4
2020-08-03 13:23:55,155 [Command processor thread] INFO  commandhandler.CreatePipelineCommandHandler (CreatePipelineCommandHandler.java:handle(110)) - Created Pipeline RATIS ONE #id: "730fdb49-a755-4b42-b737-04815e802af4"
uuid128 {
  mostSigBits: 8291086548398852930
  leastSigBits: -5244718287366903052
}
.
2020-08-03 13:23:55,257 [Command processor thread] INFO  impl.RaftServerProxy (RaftServerProxy.java:addNew(89)) - a8a1d134-8af3-42c4-83e7-63760987018e: addNew group-B3F7B0C25FAB:[a8a1d134-8af3-42c4-83e7-63760987018e:172.17.0.2:42655] returns group-B3F7B0C25FAB:java.util.concurrent.CompletableFuture@5e18983[Not completed]
2020-08-03 13:23:55,258 [pool-392-thread-1] INFO  impl.RaftServerImpl (RaftServerImpl.java:<init>(107)) - a8a1d134-8af3-42c4-83e7-63760987018e: new RaftServerImpl for group-B3F7B0C25FAB:[a8a1d134-8af3-42c4-83e7-63760987018e:172.17.0.2:42655] with ContainerStateMachine:uninitialized
2020-08-03 13:23:55,259 [pool-392-thread-1] INFO  server.RaftServerConfigKeys (ConfUtils.java:logGet(44)) - raft.server.rpc.timeout.min = 5s (custom)
2020-08-03 13:23:55,259 [pool-392-thread-1] INFO  server.RaftServerConfigKeys (ConfUtils.java:logGet(44)) - raft.server.rpc.timeout.max = 5200ms (custom)
2020-08-03 13:23:55,259 [pool-392-thread-1] INFO  server.RaftServerConfigKeys (ConfUtils.java:logGet(44)) - raft.server.rpcslowness.timeout = 300000ms (custom)
2020-08-03 13:23:55,259 [pool-392-thread-1] INFO  server.RaftServerConfigKeys (ConfUtils.java:logGet(44)) - raft.server.sleep.deviation.threshold = 300 (default)
2020-08-03 13:23:55,259 [pool-392-thread-1] INFO  server.RaftServerConfigKeys (ConfUtils.java:logGet(44)) - raft.server.log.appender.install.snapshot.enabled = false (custom)
2020-08-03 13:23:55,259 [pool-392-thread-1] INFO  impl.RaftServerImpl (ServerState.java:<init>(103)) - a8a1d134-8af3-42c4-83e7-63760987018e@group-B3F7B0C25FAB: ConfigurationManager, init=-1: [a8a1d134-8af3-42c4-83e7-63760987018e:172.17.0.2:42655], old=null, confs=<EMPTY_MAP>
2020-08-03 13:23:55,259 [pool-392-thread-1] INFO  server.RaftServerConfigKeys (ConfUtils.java:logGet(44)) - raft.server.storage.dir = [/github/workspace/mnt/ozone/hadoop-ozone/integration-test/target/test-dir/MiniOzoneClusterImpl-7e68a8b4-1ba8-49bf-9ad5-192f3c798a38/datanode-3/data/ratis] (custom)
2020-08-03 13:23:55,260 [pool-392-thread-1] INFO  server.RaftServerConfigKeys (ConfUtils.java:logGet(44)) - raft.server.log.corruption.policy = EXCEPTION (default)
2020-08-03 13:23:55,260 [pool-392-thread-1] INFO  storage.RaftStorageDirectory (RaftStorageDirectory.java:analyzeStorage(261)) - The storage directory /github/workspace/mnt/ozone/hadoop-ozone/integration-test/target/test-dir/MiniOzoneClusterImpl-7e68a8b4-1ba8-49bf-9ad5-192f3c798a38/datanode-3/data/ratis/b509197a-093e-4369-9aca-b3f7b0c25fab does not exist. Creating ...
2020-08-03 13:23:55,261 [pool-392-thread-1] INFO  storage.RaftStorageDirectory (RaftStorageDirectory.java:tryLock(343)) - Lock on /github/workspace/mnt/ozone/hadoop-ozone/integration-test/target/test-dir/MiniOzoneClusterImpl-7e68a8b4-1ba8-49bf-9ad5-192f3c798a38/datanode-3/data/ratis/b509197a-093e-4369-9aca-b3f7b0c25fab/in_use.lock acquired by nodename 41175@21919eb6eecd
2020-08-03 13:23:55,262 [pool-392-thread-1] INFO  storage.RaftStorage (RaftStorage.java:format(84)) - Storage directory /github/workspace/mnt/ozone/hadoop-ozone/integration-test/target/test-dir/MiniOzoneClusterImpl-7e68a8b4-1ba8-49bf-9ad5-192f3c798a38/datanode-3/data/ratis/b509197a-093e-4369-9aca-b3f7b0c25fab has been successfully formatted.
2020-08-03 13:23:55,262 [Datanode State Machine Thread - 0] WARN  statemachine.DatanodeStateMachine (DatanodeStateMachine.java:start(245)) - Interrupt the execution.
java.lang.InterruptedException: sleep interrupted
	at java.lang.Thread.sleep(Native Method)
	at org.apache.hadoop.ozone.container.common.statemachine.DatanodeStateMachine.start(DatanodeStateMachine.java:243)
	at org.apache.hadoop.ozone.container.common.statemachine.DatanodeStateMachine.lambda$startDaemon$0(DatanodeStateMachine.java:405)
	at java.lang.Thread.run(Thread.java:748)
2020-08-03 13:23:55,262 [pool-392-thread-1] INFO  ratis.ContainerStateMachine (ContainerStateMachine.java:loadSnapshot(225)) - group-B3F7B0C25FAB: The snapshot info is null. Setting the last applied indexto:(t:0, i:~)
2020-08-03 13:23:55,263 [pool-392-thread-1] INFO  server.RaftServerConfigKeys (ConfUtils.java:logGet(44)) - raft.server.notification.no-leader.timeout = 300000ms (custom)
2020-08-03 13:23:55,263 [pool-392-thread-1] INFO  server.RaftServerConfigKeys (ConfUtils.java:logGet(44)) - raft.server.log.use.memory = false (default)
2020-08-03 13:23:55,263 [pool-392-thread-1] INFO  server.RaftServerConfigKeys (ConfUtils.java:logGet(44)) - raft.server.log.purge.gap = 1000000 (custom)
2020-08-03 13:23:55,263 [pool-392-thread-1] INFO  metrics.RatisMetrics (RatisMetrics.java:lambda$create$0(36)) - Creating Metrics Registry : ratis.log_worker.a8a1d134-8af3-42c4-83e7-63760987018e@group-B3F7B0C25FAB
2020-08-03 13:23:55,263 [pool-392-thread-1] INFO  server.RaftServerConfigKeys (ConfUtils.java:logGet(44)) - raft.server.log.appender.buffer.byte-limit = 33554432 (custom)
2020-08-03 13:23:55,263 [EventQueue-PipelineReportForPipelineReportHandler] INFO  pipeline.PipelineStateManager (PipelineStateManager.java:openPipeline(131)) - Pipeline Pipeline[ Id: b509197a-093e-4369-9aca-b3f7b0c25fab, Nodes: a8a1d134-8af3-42c4-83e7-63760987018e{ip: 172.17.0.2, host: 21919eb6eecd, networkLocation: /default-rack, certSerialId: null}, Type:RATIS, Factor:ONE, State:ALLOCATED, leaderId:a8a1d134-8af3-42c4-83e7-63760987018e, CreationTimestamp2020-08-03T13:23:52.256Z] moved to OPEN state
2020-08-03 13:23:55,263 [pool-392-thread-1] INFO  server.RaftServerConfigKeys (ConfUtils.java:logGet(44)) - raft.server.log.segment.size.max = 1048576 (custom)
2020-08-03 13:23:55,263 [EventQueue-OpenPipelineForHealthyPipelineSafeModeRule] INFO  safemode.SCMSafeModeManager (HealthyPipelineSafeModeRule.java:process(129)) - SCM in safe mode. Healthy pipelines reported count is 0, required healthy pipeline reported count is 1
2020-08-03 13:23:55,263 [EventQueue-OpenPipelineForOneReplicaPipelineSafeModeRule] INFO  safemode.SCMSafeModeManager (SCMSafeModeManager.java:validateSafeModeExitRules(214)) - AtleastOneDatanodeReportedRule rule is successfully validated
2020-08-03 13:23:55,264 [pool-392-thread-1] INFO  server.RaftServerConfigKeys (ConfUtils.java:logGet(44)) - raft.server.log.segment.cache.num.max = 2 (custom)
2020-08-03 13:23:55,264 [pool-392-thread-1] INFO  segmented.SegmentedRaftLogWorker (SegmentedRaftLogWorker.java:<init>(180)) - new a8a1d134-8af3-42c4-83e7-63760987018e@group-B3F7B0C25FAB-SegmentedRaftLogWorker for RaftStorage:Storage Directory /github/workspace/mnt/ozone/hadoop-ozone/integration-test/target/test-dir/MiniOzoneClusterImpl-7e68a8b4-1ba8-49bf-9ad5-192f3c798a38/datanode-3/data/ratis/b509197a-093e-4369-9aca-b3f7b0c25fab
2020-08-03 13:23:55,264 [pool-392-thread-1] INFO  server.RaftServerConfigKeys (ConfUtils.java:logGet(44)) - raft.server.log.queue.byte-limit = 2147483647 (custom)
2020-08-03 13:23:55,264 [pool-392-thread-1] INFO  server.RaftServerConfigKeys (ConfUtils.java:logGet(44)) - raft.server.log.queue.element-limit = 1024 (custom)
2020-08-03 13:23:55,264 [pool-392-thread-1] INFO  server.RaftServerConfigKeys (ConfUtils.java:logGet(44)) - raft.server.log.segment.size.max = 1048576 (custom)
2020-08-03 13:23:55,264 [pool-392-thread-1] INFO  server.RaftServerConfigKeys (ConfUtils.java:logGet(44)) - raft.server.log.preallocated.size = 16384 (custom)
2020-08-03 13:23:55,264 [pool-392-thread-1] INFO  server.RaftServerConfigKeys (ConfUtils.java:logGet(44)) - raft.server.log.write.buffer.size = 1048576 (custom)
2020-08-03 13:23:55,264 [pool-392-thread-1] INFO  server.RaftServerConfigKeys (ConfUtils.java:logGet(44)) - raft.server.log.force.sync.num = 128 (default)
2020-08-03 13:23:55,264 [pool-392-thread-1] INFO  server.RaftServerConfigKeys (ConfUtils.java:logGet(44)) - raft.server.log.statemachine.data.sync = true (default)
2020-08-03 13:23:55,265 [pool-392-thread-1] INFO  server.RaftServerConfigKeys (ConfUtils.java:logGet(44)) - raft.server.log.statemachine.data.sync.timeout = 10s (default)
2020-08-03 13:23:55,265 [pool-392-thread-1] INFO  server.RaftServerConfigKeys (ConfUtils.java:logGet(44)) - raft.server.log.statemachine.data.sync.timeout.retry = -1 (default)
2020-08-03 13:23:55,267 [pool-392-thread-1] INFO  server.RaftServerConfigKeys (ConfUtils.java:logGet(44)) - raft.server.log.statemachine.data.caching.enabled = true (custom)
2020-08-03 13:23:55,267 [pool-392-thread-1] INFO  segmented.SegmentedRaftLogWorker (SegmentedRaftLogWorker.java:lambda$new$0(129)) - a8a1d134-8af3-42c4-83e7-63760987018e@group-B3F7B0C25FAB-SegmentedRaftLogWorker: flushIndex: setUnconditionally 0 -> -1
2020-08-03 13:23:55,267 [pool-392-thread-1] INFO  segmented.SegmentedRaftLogWorker (SegmentedRaftLogWorker.java:lambda$new$0(129)) - a8a1d134-8af3-42c4-83e7-63760987018e@group-B3F7B0C25FAB-SegmentedRaftLogWorker: safeCacheEvictIndex: setUnconditionally 0 -> -1
2020-08-03 13:23:55,267 [pool-392-thread-1] INFO  server.RaftServerConfigKeys (ConfUtils.java:logGet(44)) - raft.server.snapshot.auto.trigger.enabled = true (custom)
2020-08-03 13:23:55,267 [pool-392-thread-1] INFO  server.RaftServerConfigKeys (ConfUtils.java:logGet(44)) - raft.server.snapshot.auto.trigger.threshold = 10000 (custom)
2020-08-03 13:23:55,267 [pool-392-thread-1] INFO  server.RaftServerConfigKeys (ConfUtils.java:logGet(44)) - raft.server.snapshot.retention.file.num = 5 (custom)
2020-08-03 13:23:55,267 [pool-392-thread-1] INFO  server.RaftServerConfigKeys (ConfUtils.java:logGet(44)) - raft.server.log.purge.upto.snapshot.index = false (default)
2020-08-03 13:23:55,267 [pool-392-thread-1] INFO  server.RaftServerConfigKeys (ConfUtils.java:logGet(44)) - raft.server.retrycache.expirytime = 600000ms (custom)
2020-08-03 13:23:55,268 [pool-392-thread-1] INFO  metrics.RatisMetrics (RatisMetrics.java:lambda$create$0(36)) - Creating Metrics Registry : ratis.leader_election.a8a1d134-8af3-42c4-83e7-63760987018e@group-B3F7B0C25FAB
2020-08-03 13:23:55,268 [pool-392-thread-1] INFO  metrics.RatisMetrics (RatisMetrics.java:lambda$create$0(36)) - Creating Metrics Registry : ratis.server.a8a1d134-8af3-42c4-83e7-63760987018e@group-B3F7B0C25FAB
2020-08-03 13:23:55,269 [pool-392-thread-1] INFO  impl.RaftServerImpl (RaftServerImpl.java:start(196)) - a8a1d134-8af3-42c4-83e7-63760987018e@group-B3F7B0C25FAB: start as a follower, conf=-1: [a8a1d134-8af3-42c4-83e7-63760987018e:172.17.0.2:42655], old=null
2020-08-03 13:23:55,269 [pool-392-thread-1] INFO  impl.RaftServerImpl (RaftServerImpl.java:setRole(185)) - a8a1d134-8af3-42c4-83e7-63760987018e@group-B3F7B0C25FAB: changes role from      null to FOLLOWER at term 0 for startAsFollower
2020-08-03 13:23:55,269 [pool-392-thread-1] INFO  impl.RoleInfo (RoleInfo.java:updateAndGet(143)) - a8a1d134-8af3-42c4-83e7-63760987018e: start FollowerState
2020-08-03 13:23:55,270 [pool-392-thread-1] INFO  util.JmxRegister (JmxRegister.java:tryRegister(44)) - Successfully registered JMX Bean with object name Ratis:service=RaftServer,group=group-B3F7B0C25FAB,id=a8a1d134-8af3-42c4-83e7-63760987018e
2020-08-03 13:23:55,270 [pool-392-thread-1] INFO  metrics.RatisMetrics (RatisMetrics.java:lambda$create$0(36)) - Creating Metrics Registry : ratis.state_machine.a8a1d134-8af3-42c4-83e7-63760987018e@group-B3F7B0C25FAB
2020-08-03 13:23:55,270 [Command processor thread] INFO  commandhandler.CreatePipelineCommandHandler (CreatePipelineCommandHandler.java:handle(110)) - Created Pipeline RATIS ONE #id: "b509197a-093e-4369-9aca-b3f7b0c25fab"
uuid128 {
  mostSigBits: -5401758266122419351
  leastSigBits: -7292818770169274453
}
.
2020-08-03 13:23:55,271 [Command processor thread] INFO  impl.RaftServerProxy (RaftServerProxy.java:addNew(89)) - a8a1d134-8af3-42c4-83e7-63760987018e: addNew group-791DE9EDD5F7:[a8a1d134-8af3-42c4-83e7-63760987018e:172.17.0.2:42655, 8889aacf-63e0-4224-910f-f37fd04a741c:172.17.0.2:41647, fdbc600f-3b5f-4aad-829a-89e7c71c96d8:172.17.0.2:42365] returns group-791DE9EDD5F7:java.util.concurrent.CompletableFuture@1de1de7[Not completed]
2020-08-03 13:23:55,271 [pool-392-thread-1] INFO  impl.RaftServerImpl (RaftServerImpl.java:<init>(107)) - a8a1d134-8af3-42c4-83e7-63760987018e: new RaftServerImpl for group-791DE9EDD5F7:[a8a1d134-8af3-42c4-83e7-63760987018e:172.17.0.2:42655, 8889aacf-63e0-4224-910f-f37fd04a741c:172.17.0.2:41647, fdbc600f-3b5f-4aad-829a-89e7c71c96d8:172.17.0.2:42365] with ContainerStateMachine:uninitialized
2020-08-03 13:23:55,271 [pool-392-thread-1] INFO  server.RaftServerConfigKeys (ConfUtils.java:logGet(44)) - raft.server.rpc.timeout.min = 5s (custom)
2020-08-03 13:23:55,271 [pool-392-thread-1] INFO  server.RaftServerConfigKeys (ConfUtils.java:logGet(44)) - raft.server.rpc.timeout.max = 5200ms (custom)
2020-08-03 13:23:55,272 [pool-392-thread-1] INFO  server.RaftServerConfigKeys (ConfUtils.java:logGet(44)) - raft.server.rpcslowness.timeout = 300000ms (custom)
2020-08-03 13:23:55,272 [pool-392-thread-1] INFO  server.RaftServerConfigKeys (ConfUtils.java:logGet(44)) - raft.server.sleep.deviation.threshold = 300 (default)
2020-08-03 13:23:55,272 [pool-392-thread-1] INFO  server.RaftServerConfigKeys (ConfUtils.java:logGet(44)) - raft.server.log.appender.install.snapshot.enabled = false (custom)
2020-08-03 13:23:55,272 [pool-392-thread-1] INFO  impl.RaftServerImpl (ServerState.java:<init>(103)) - a8a1d134-8af3-42c4-83e7-63760987018e@group-791DE9EDD5F7: ConfigurationManager, init=-1: [a8a1d134-8af3-42c4-83e7-63760987018e:172.17.0.2:42655, 8889aacf-63e0-4224-910f-f37fd04a741c:172.17.0.2:41647, fdbc600f-3b5f-4aad-829a-89e7c71c96d8:172.17.0.2:42365], old=null, confs=<EMPTY_MAP>
2020-08-03 13:23:55,272 [pool-392-thread-1] INFO  server.RaftServerConfigKeys (ConfUtils.java:logGet(44)) - raft.server.storage.dir = [/github/workspace/mnt/ozone/hadoop-ozone/integration-test/target/test-dir/MiniOzoneClusterImpl-7e68a8b4-1ba8-49bf-9ad5-192f3c798a38/datanode-3/data/ratis] (custom)
2020-08-03 13:23:55,272 [pool-392-thread-1] INFO  server.RaftServerConfigKeys (ConfUtils.java:logGet(44)) - raft.server.log.corruption.policy = EXCEPTION (default)
2020-08-03 13:23:55,272 [pool-392-thread-1] INFO  storage.RaftStorageDirectory (RaftStorageDirectory.java:analyzeStorage(261)) - The storage directory /github/workspace/mnt/ozone/hadoop-ozone/integration-test/target/test-dir/MiniOzoneClusterImpl-7e68a8b4-1ba8-49bf-9ad5-192f3c798a38/datanode-3/data/ratis/080d282a-1c82-40b2-9ecc-791de9edd5f7 does not exist. Creating ...
2020-08-03 13:23:55,273 [pool-392-thread-1] INFO  storage.RaftStorageDirectory (RaftStorageDirectory.java:tryLock(343)) - Lock on /github/workspace/mnt/ozone/hadoop-ozone/integration-test/target/test-dir/MiniOzoneClusterImpl-7e68a8b4-1ba8-49bf-9ad5-192f3c798a38/datanode-3/data/ratis/080d282a-1c82-40b2-9ecc-791de9edd5f7/in_use.lock acquired by nodename 41175@21919eb6eecd
2020-08-03 13:23:55,274 [pool-392-thread-1] INFO  storage.RaftStorage (RaftStorage.java:format(84)) - Storage directory /github/workspace/mnt/ozone/hadoop-ozone/integration-test/target/test-dir/MiniOzoneClusterImpl-7e68a8b4-1ba8-49bf-9ad5-192f3c798a38/datanode-3/data/ratis/080d282a-1c82-40b2-9ecc-791de9edd5f7 has been successfully formatted.
2020-08-03 13:23:55,274 [Datanode State Machine Thread - 0] WARN  statemachine.DatanodeStateMachine (DatanodeStateMachine.java:start(245)) - Interrupt the execution.
java.lang.InterruptedException: sleep interrupted
	at java.lang.Thread.sleep(Native Method)
	at org.apache.hadoop.ozone.container.common.statemachine.DatanodeStateMachine.start(DatanodeStateMachine.java:243)
	at org.apache.hadoop.ozone.container.common.statemachine.DatanodeStateMachine.lambda$startDaemon$0(DatanodeStateMachine.java:405)
	at java.lang.Thread.run(Thread.java:748)
2020-08-03 13:23:55,275 [pool-392-thread-1] INFO  ratis.ContainerStateMachine (ContainerStateMachine.java:loadSnapshot(225)) - group-791DE9EDD5F7: The snapshot info is null. Setting the last applied indexto:(t:0, i:~)
2020-08-03 13:23:55,275 [pool-392-thread-1] INFO  server.RaftServerConfigKeys (ConfUtils.java:logGet(44)) - raft.server.notification.no-leader.timeout = 300000ms (custom)
2020-08-03 13:23:55,275 [pool-392-thread-1] INFO  server.RaftServerConfigKeys (ConfUtils.java:logGet(44)) - raft.server.log.use.memory = false (default)
2020-08-03 13:23:55,275 [pool-392-thread-1] INFO  server.RaftServerConfigKeys (ConfUtils.java:logGet(44)) - raft.server.log.purge.gap = 1000000 (custom)
2020-08-03 13:23:55,275 [pool-392-thread-1] INFO  metrics.RatisMetrics (RatisMetrics.java:lambda$create$0(36)) - Creating Metrics Registry : ratis.log_worker.a8a1d134-8af3-42c4-83e7-63760987018e@group-791DE9EDD5F7
2020-08-03 13:23:55,276 [pool-392-thread-1] INFO  server.RaftServerConfigKeys (ConfUtils.java:logGet(44)) - raft.server.log.appender.buffer.byte-limit = 33554432 (custom)
2020-08-03 13:23:55,276 [pool-392-thread-1] INFO  server.RaftServerConfigKeys (ConfUtils.java:logGet(44)) - raft.server.log.segment.size.max = 1048576 (custom)
2020-08-03 13:23:55,276 [pool-392-thread-1] INFO  server.RaftServerConfigKeys (ConfUtils.java:logGet(44)) - raft.server.log.segment.cache.num.max = 2 (custom)
2020-08-03 13:23:55,276 [pool-392-thread-1] INFO  segmented.SegmentedRaftLogWorker (SegmentedRaftLogWorker.java:<init>(180)) - new a8a1d134-8af3-42c4-83e7-63760987018e@group-791DE9EDD5F7-SegmentedRaftLogWorker for RaftStorage:Storage Directory /github/workspace/mnt/ozone/hadoop-ozone/integration-test/target/test-dir/MiniOzoneClusterImpl-7e68a8b4-1ba8-49bf-9ad5-192f3c798a38/datanode-3/data/ratis/080d282a-1c82-40b2-9ecc-791de9edd5f7
2020-08-03 13:23:55,276 [pool-392-thread-1] INFO  server.RaftServerConfigKeys (ConfUtils.java:logGet(44)) - raft.server.log.queue.byte-limit = 2147483647 (custom)
2020-08-03 13:23:55,276 [pool-392-thread-1] INFO  server.RaftServerConfigKeys (ConfUtils.java:logGet(44)) - raft.server.log.queue.element-limit = 1024 (custom)
2020-08-03 13:23:55,276 [pool-392-thread-1] INFO  server.RaftServerConfigKeys (ConfUtils.java:logGet(44)) - raft.server.log.segment.size.max = 1048576 (custom)
2020-08-03 13:23:55,277 [pool-392-thread-1] INFO  server.RaftServerConfigKeys (ConfUtils.java:logGet(44)) - raft.server.log.preallocated.size = 16384 (custom)
2020-08-03 13:23:55,277 [pool-392-thread-1] INFO  server.RaftServerConfigKeys (ConfUtils.java:logGet(44)) - raft.server.log.write.buffer.size = 1048576 (custom)
2020-08-03 13:23:55,277 [pool-392-thread-1] INFO  server.RaftServerConfigKeys (ConfUtils.java:logGet(44)) - raft.server.log.force.sync.num = 128 (default)
2020-08-03 13:23:55,277 [pool-392-thread-1] INFO  server.RaftServerConfigKeys (ConfUtils.java:logGet(44)) - raft.server.log.statemachine.data.sync = true (default)
2020-08-03 13:23:55,277 [pool-392-thread-1] INFO  server.RaftServerConfigKeys (ConfUtils.java:logGet(44)) - raft.server.log.statemachine.data.sync.timeout = 10s (default)
2020-08-03 13:23:55,277 [pool-392-thread-1] INFO  server.RaftServerConfigKeys (ConfUtils.java:logGet(44)) - raft.server.log.statemachine.data.sync.timeout.retry = -1 (default)
2020-08-03 13:23:55,279 [pool-392-thread-1] INFO  server.RaftServerConfigKeys (ConfUtils.java:logGet(44)) - raft.server.log.statemachine.data.caching.enabled = true (custom)
2020-08-03 13:23:55,279 [pool-392-thread-1] INFO  segmented.SegmentedRaftLogWorker (SegmentedRaftLogWorker.java:lambda$new$0(129)) - a8a1d134-8af3-42c4-83e7-63760987018e@group-791DE9EDD5F7-SegmentedRaftLogWorker: flushIndex: setUnconditionally 0 -> -1
2020-08-03 13:23:55,279 [pool-392-thread-1] INFO  segmented.SegmentedRaftLogWorker (SegmentedRaftLogWorker.java:lambda$new$0(129)) - a8a1d134-8af3-42c4-83e7-63760987018e@group-791DE9EDD5F7-SegmentedRaftLogWorker: safeCacheEvictIndex: setUnconditionally 0 -> -1
2020-08-03 13:23:55,279 [pool-392-thread-1] INFO  server.RaftServerConfigKeys (ConfUtils.java:logGet(44)) - raft.server.snapshot.auto.trigger.enabled = true (custom)
2020-08-03 13:23:55,279 [pool-392-thread-1] INFO  server.RaftServerConfigKeys (ConfUtils.java:logGet(44)) - raft.server.snapshot.auto.trigger.threshold = 10000 (custom)
2020-08-03 13:23:55,279 [pool-392-thread-1] INFO  server.RaftServerConfigKeys (ConfUtils.java:logGet(44)) - raft.server.snapshot.retention.file.num = 5 (custom)
2020-08-03 13:23:55,279 [pool-392-thread-1] INFO  server.RaftServerConfigKeys (ConfUtils.java:logGet(44)) - raft.server.log.purge.upto.snapshot.index = false (default)
2020-08-03 13:23:55,279 [pool-392-thread-1] INFO  server.RaftServerConfigKeys (ConfUtils.java:logGet(44)) - raft.server.retrycache.expirytime = 600000ms (custom)
2020-08-03 13:23:55,280 [pool-392-thread-1] INFO  metrics.RatisMetrics (RatisMetrics.java:lambda$create$0(36)) - Creating Metrics Registry : ratis.leader_election.a8a1d134-8af3-42c4-83e7-63760987018e@group-791DE9EDD5F7
2020-08-03 13:23:55,280 [pool-392-thread-1] INFO  metrics.RatisMetrics (RatisMetrics.java:lambda$create$0(36)) - Creating Metrics Registry : ratis.server.a8a1d134-8af3-42c4-83e7-63760987018e@group-791DE9EDD5F7
2020-08-03 13:23:55,281 [pool-392-thread-1] INFO  impl.RaftServerImpl (RaftServerImpl.java:start(196)) - a8a1d134-8af3-42c4-83e7-63760987018e@group-791DE9EDD5F7: start as a follower, conf=-1: [a8a1d134-8af3-42c4-83e7-63760987018e:172.17.0.2:42655, 8889aacf-63e0-4224-910f-f37fd04a741c:172.17.0.2:41647, fdbc600f-3b5f-4aad-829a-89e7c71c96d8:172.17.0.2:42365], old=null
2020-08-03 13:23:55,281 [pool-392-thread-1] INFO  impl.RaftServerImpl (RaftServerImpl.java:setRole(185)) - a8a1d134-8af3-42c4-83e7-63760987018e@group-791DE9EDD5F7: changes role from      null to FOLLOWER at term 0 for startAsFollower
2020-08-03 13:23:55,281 [pool-392-thread-1] INFO  impl.RoleInfo (RoleInfo.java:updateAndGet(143)) - a8a1d134-8af3-42c4-83e7-63760987018e: start FollowerState
2020-08-03 13:23:55,282 [pool-392-thread-1] INFO  util.JmxRegister (JmxRegister.java:tryRegister(44)) - Successfully registered JMX Bean with object name Ratis:service=RaftServer,group=group-791DE9EDD5F7,id=a8a1d134-8af3-42c4-83e7-63760987018e
2020-08-03 13:23:55,283 [pool-392-thread-1] INFO  metrics.RatisMetrics (RatisMetrics.java:lambda$create$0(36)) - Creating Metrics Registry : ratis.state_machine.a8a1d134-8af3-42c4-83e7-63760987018e@group-791DE9EDD5F7
2020-08-03 13:23:55,291 [grpc-default-executor-3] INFO  impl.RaftServerProxy (RaftServerProxy.java:addNew(89)) - 8889aacf-63e0-4224-910f-f37fd04a741c: addNew group-791DE9EDD5F7:[a8a1d134-8af3-42c4-83e7-63760987018e:172.17.0.2:42655, 8889aacf-63e0-4224-910f-f37fd04a741c:172.17.0.2:41647, fdbc600f-3b5f-4aad-829a-89e7c71c96d8:172.17.0.2:42365] returns group-791DE9EDD5F7:java.util.concurrent.CompletableFuture@f887b3d[Not completed]
2020-08-03 13:23:55,292 [pool-422-thread-1] INFO  impl.RaftServerImpl (RaftServerImpl.java:<init>(107)) - 8889aacf-63e0-4224-910f-f37fd04a741c: new RaftServerImpl for group-791DE9EDD5F7:[a8a1d134-8af3-42c4-83e7-63760987018e:172.17.0.2:42655, 8889aacf-63e0-4224-910f-f37fd04a741c:172.17.0.2:41647, fdbc600f-3b5f-4aad-829a-89e7c71c96d8:172.17.0.2:42365] with ContainerStateMachine:uninitialized
2020-08-03 13:23:55,292 [pool-422-thread-1] INFO  server.RaftServerConfigKeys (ConfUtils.java:logGet(44)) - raft.server.rpc.timeout.min = 5s (custom)
2020-08-03 13:23:55,292 [pool-422-thread-1] INFO  server.RaftServerConfigKeys (ConfUtils.java:logGet(44)) - raft.server.rpc.timeout.max = 5200ms (custom)
2020-08-03 13:23:55,292 [pool-422-thread-1] INFO  server.RaftServerConfigKeys (ConfUtils.java:logGet(44)) - raft.server.rpcslowness.timeout = 300000ms (custom)
2020-08-03 13:23:55,292 [pool-422-thread-1] INFO  server.RaftServerConfigKeys (ConfUtils.java:logGet(44)) - raft.server.sleep.deviation.threshold = 300 (default)
2020-08-03 13:23:55,292 [pool-422-thread-1] INFO  server.RaftServerConfigKeys (ConfUtils.java:logGet(44)) - raft.server.log.appender.install.snapshot.enabled = false (custom)
2020-08-03 13:23:55,292 [pool-422-thread-1] INFO  impl.RaftServerImpl (ServerState.java:<init>(103)) - 8889aacf-63e0-4224-910f-f37fd04a741c@group-791DE9EDD5F7: ConfigurationManager, init=-1: [a8a1d134-8af3-42c4-83e7-63760987018e:172.17.0.2:42655, 8889aacf-63e0-4224-910f-f37fd04a741c:172.17.0.2:41647, fdbc600f-3b5f-4aad-829a-89e7c71c96d8:172.17.0.2:42365], old=null, confs=<EMPTY_MAP>
2020-08-03 13:23:55,292 [pool-422-thread-1] INFO  server.RaftServerConfigKeys (ConfUtils.java:logGet(44)) - raft.server.storage.dir = [/github/workspace/mnt/ozone/hadoop-ozone/integration-test/target/test-dir/MiniOzoneClusterImpl-7e68a8b4-1ba8-49bf-9ad5-192f3c798a38/datanode-5/data/ratis] (custom)
2020-08-03 13:23:55,292 [pool-422-thread-1] INFO  server.RaftServerConfigKeys (ConfUtils.java:logGet(44)) - raft.server.log.corruption.policy = EXCEPTION (default)
2020-08-03 13:23:55,292 [pool-422-thread-1] INFO  storage.RaftStorageDirectory (RaftStorageDirectory.java:analyzeStorage(261)) - The storage directory /github/workspace/mnt/ozone/hadoop-ozone/integration-test/target/test-dir/MiniOzoneClusterImpl-7e68a8b4-1ba8-49bf-9ad5-192f3c798a38/datanode-5/data/ratis/080d282a-1c82-40b2-9ecc-791de9edd5f7 does not exist. Creating ...
2020-08-03 13:23:55,294 [pool-422-thread-1] INFO  storage.RaftStorageDirectory (RaftStorageDirectory.java:tryLock(343)) - Lock on /github/workspace/mnt/ozone/hadoop-ozone/integration-test/target/test-dir/MiniOzoneClusterImpl-7e68a8b4-1ba8-49bf-9ad5-192f3c798a38/datanode-5/data/ratis/080d282a-1c82-40b2-9ecc-791de9edd5f7/in_use.lock acquired by nodename 41175@21919eb6eecd
2020-08-03 13:23:55,295 [pool-422-thread-1] INFO  storage.RaftStorage (RaftStorage.java:format(84)) - Storage directory /github/workspace/mnt/ozone/hadoop-ozone/integration-test/target/test-dir/MiniOzoneClusterImpl-7e68a8b4-1ba8-49bf-9ad5-192f3c798a38/datanode-5/data/ratis/080d282a-1c82-40b2-9ecc-791de9edd5f7 has been successfully formatted.
2020-08-03 13:23:55,296 [pool-422-thread-1] INFO  ratis.ContainerStateMachine (ContainerStateMachine.java:loadSnapshot(225)) - group-791DE9EDD5F7: The snapshot info is null. Setting the last applied indexto:(t:0, i:~)
2020-08-03 13:23:55,296 [Datanode State Machine Thread - 0] WARN  statemachine.DatanodeStateMachine (DatanodeStateMachine.java:start(245)) - Interrupt the execution.
java.lang.InterruptedException: sleep interrupted
	at java.lang.Thread.sleep(Native Method)
	at org.apache.hadoop.ozone.container.common.statemachine.DatanodeStateMachine.start(DatanodeStateMachine.java:243)
	at org.apache.hadoop.ozone.container.common.statemachine.DatanodeStateMachine.lambda$startDaemon$0(DatanodeStateMachine.java:405)
	at java.lang.Thread.run(Thread.java:748)
2020-08-03 13:23:55,296 [pool-422-thread-1] INFO  server.RaftServerConfigKeys (ConfUtils.java:logGet(44)) - raft.server.notification.no-leader.timeout = 300000ms (custom)
2020-08-03 13:23:55,297 [pool-422-thread-1] INFO  server.RaftServerConfigKeys (ConfUtils.java:logGet(44)) - raft.server.log.use.memory = false (default)
2020-08-03 13:23:55,298 [pool-422-thread-1] INFO  server.RaftServerConfigKeys (ConfUtils.java:logGet(44)) - raft.server.log.purge.gap = 1000000 (custom)
2020-08-03 13:23:55,298 [pool-422-thread-1] INFO  metrics.RatisMetrics (RatisMetrics.java:lambda$create$0(36)) - Creating Metrics Registry : ratis.log_worker.8889aacf-63e0-4224-910f-f37fd04a741c@group-791DE9EDD5F7
2020-08-03 13:23:55,299 [pool-422-thread-1] INFO  server.RaftServerConfigKeys (ConfUtils.java:logGet(44)) - raft.server.log.appender.buffer.byte-limit = 33554432 (custom)
2020-08-03 13:23:55,299 [pool-422-thread-1] INFO  server.RaftServerConfigKeys (ConfUtils.java:logGet(44)) - raft.server.log.segment.size.max = 1048576 (custom)
2020-08-03 13:23:55,299 [pool-422-thread-1] INFO  server.RaftServerConfigKeys (ConfUtils.java:logGet(44)) - raft.server.log.segment.cache.num.max = 2 (custom)
2020-08-03 13:23:55,299 [pool-422-thread-1] INFO  segmented.SegmentedRaftLogWorker (SegmentedRaftLogWorker.java:<init>(180)) - new 8889aacf-63e0-4224-910f-f37fd04a741c@group-791DE9EDD5F7-SegmentedRaftLogWorker for RaftStorage:Storage Directory /github/workspace/mnt/ozone/hadoop-ozone/integration-test/target/test-dir/MiniOzoneClusterImpl-7e68a8b4-1ba8-49bf-9ad5-192f3c798a38/datanode-5/data/ratis/080d282a-1c82-40b2-9ecc-791de9edd5f7
2020-08-03 13:23:55,299 [pool-422-thread-1] INFO  server.RaftServerConfigKeys (ConfUtils.java:logGet(44)) - raft.server.log.queue.byte-limit = 2147483647 (custom)
2020-08-03 13:23:55,299 [pool-422-thread-1] INFO  server.RaftServerConfigKeys (ConfUtils.java:logGet(44)) - raft.server.log.queue.element-limit = 1024 (custom)
2020-08-03 13:23:55,299 [pool-422-thread-1] INFO  server.RaftServerConfigKeys (ConfUtils.java:logGet(44)) - raft.server.log.segment.size.max = 1048576 (custom)
2020-08-03 13:23:55,299 [pool-422-thread-1] INFO  server.RaftServerConfigKeys (ConfUtils.java:logGet(44)) - raft.server.log.preallocated.size = 16384 (custom)
2020-08-03 13:23:55,300 [pool-422-thread-1] INFO  server.RaftServerConfigKeys (ConfUtils.java:logGet(44)) - raft.server.log.write.buffer.size = 1048576 (custom)
2020-08-03 13:23:55,300 [pool-422-thread-1] INFO  server.RaftServerConfigKeys (ConfUtils.java:logGet(44)) - raft.server.log.force.sync.num = 128 (default)
2020-08-03 13:23:55,300 [pool-422-thread-1] INFO  server.RaftServerConfigKeys (ConfUtils.java:logGet(44)) - raft.server.log.statemachine.data.sync = true (default)
2020-08-03 13:23:55,300 [pool-422-thread-1] INFO  server.RaftServerConfigKeys (ConfUtils.java:logGet(44)) - raft.server.log.statemachine.data.sync.timeout = 10s (default)
2020-08-03 13:23:55,300 [pool-422-thread-1] INFO  server.RaftServerConfigKeys (ConfUtils.java:logGet(44)) - raft.server.log.statemachine.data.sync.timeout.retry = -1 (default)
2020-08-03 13:23:55,307 [pool-422-thread-1] INFO  server.RaftServerConfigKeys (ConfUtils.java:logGet(44)) - raft.server.log.statemachine.data.caching.enabled = true (custom)
2020-08-03 13:23:55,307 [pool-422-thread-1] INFO  segmented.SegmentedRaftLogWorker (SegmentedRaftLogWorker.java:lambda$new$0(129)) - 8889aacf-63e0-4224-910f-f37fd04a741c@group-791DE9EDD5F7-SegmentedRaftLogWorker: flushIndex: setUnconditionally 0 -> -1
2020-08-03 13:23:55,307 [pool-422-thread-1] INFO  segmented.SegmentedRaftLogWorker (SegmentedRaftLogWorker.java:lambda$new$0(129)) - 8889aacf-63e0-4224-910f-f37fd04a741c@group-791DE9EDD5F7-SegmentedRaftLogWorker: safeCacheEvictIndex: setUnconditionally 0 -> -1
2020-08-03 13:23:55,308 [pool-422-thread-1] INFO  server.RaftServerConfigKeys (ConfUtils.java:logGet(44)) - raft.server.snapshot.auto.trigger.enabled = true (custom)
2020-08-03 13:23:55,308 [pool-422-thread-1] INFO  server.RaftServerConfigKeys (ConfUtils.java:logGet(44)) - raft.server.snapshot.auto.trigger.threshold = 10000 (custom)
2020-08-03 13:23:55,308 [pool-422-thread-1] INFO  server.RaftServerConfigKeys (ConfUtils.java:logGet(44)) - raft.server.snapshot.retention.file.num = 5 (custom)
2020-08-03 13:23:55,308 [pool-422-thread-1] INFO  server.RaftServerConfigKeys (ConfUtils.java:logGet(44)) - raft.server.log.purge.upto.snapshot.index = false (default)
2020-08-03 13:23:55,308 [pool-422-thread-1] INFO  server.RaftServerConfigKeys (ConfUtils.java:logGet(44)) - raft.server.retrycache.expirytime = 600000ms (custom)
2020-08-03 13:23:55,308 [pool-422-thread-1] INFO  metrics.RatisMetrics (RatisMetrics.java:lambda$create$0(36)) - Creating Metrics Registry : ratis.leader_election.8889aacf-63e0-4224-910f-f37fd04a741c@group-791DE9EDD5F7
2020-08-03 13:23:55,308 [pool-422-thread-1] INFO  metrics.RatisMetrics (RatisMetrics.java:lambda$create$0(36)) - Creating Metrics Registry : ratis.server.8889aacf-63e0-4224-910f-f37fd04a741c@group-791DE9EDD5F7
2020-08-03 13:23:55,309 [pool-422-thread-1] INFO  impl.RaftServerImpl (RaftServerImpl.java:start(196)) - 8889aacf-63e0-4224-910f-f37fd04a741c@group-791DE9EDD5F7: start as a follower, conf=-1: [a8a1d134-8af3-42c4-83e7-63760987018e:172.17.0.2:42655, 8889aacf-63e0-4224-910f-f37fd04a741c:172.17.0.2:41647, fdbc600f-3b5f-4aad-829a-89e7c71c96d8:172.17.0.2:42365], old=null
2020-08-03 13:23:55,310 [pool-422-thread-1] INFO  impl.RaftServerImpl (RaftServerImpl.java:setRole(185)) - 8889aacf-63e0-4224-910f-f37fd04a741c@group-791DE9EDD5F7: changes role from      null to FOLLOWER at term 0 for startAsFollower
2020-08-03 13:23:55,310 [pool-422-thread-1] INFO  impl.RoleInfo (RoleInfo.java:updateAndGet(143)) - 8889aacf-63e0-4224-910f-f37fd04a741c: start FollowerState
2020-08-03 13:23:55,310 [pool-422-thread-1] INFO  util.JmxRegister (JmxRegister.java:tryRegister(44)) - Successfully registered JMX Bean with object name Ratis:service=RaftServer,group=group-791DE9EDD5F7,id=8889aacf-63e0-4224-910f-f37fd04a741c
2020-08-03 13:23:55,310 [pool-422-thread-1] INFO  metrics.RatisMetrics (RatisMetrics.java:lambda$create$0(36)) - Creating Metrics Registry : ratis.state_machine.8889aacf-63e0-4224-910f-f37fd04a741c@group-791DE9EDD5F7
2020-08-03 13:23:55,321 [grpc-default-executor-3] INFO  impl.RaftServerProxy (RaftServerProxy.java:addNew(89)) - fdbc600f-3b5f-4aad-829a-89e7c71c96d8: addNew group-791DE9EDD5F7:[a8a1d134-8af3-42c4-83e7-63760987018e:172.17.0.2:42655, 8889aacf-63e0-4224-910f-f37fd04a741c:172.17.0.2:41647, fdbc600f-3b5f-4aad-829a-89e7c71c96d8:172.17.0.2:42365] returns group-791DE9EDD5F7:java.util.concurrent.CompletableFuture@2631cde8[Not completed]
2020-08-03 13:23:55,322 [pool-407-thread-1] INFO  impl.RaftServerImpl (RaftServerImpl.java:<init>(107)) - fdbc600f-3b5f-4aad-829a-89e7c71c96d8: new RaftServerImpl for group-791DE9EDD5F7:[a8a1d134-8af3-42c4-83e7-63760987018e:172.17.0.2:42655, 8889aacf-63e0-4224-910f-f37fd04a741c:172.17.0.2:41647, fdbc600f-3b5f-4aad-829a-89e7c71c96d8:172.17.0.2:42365] with ContainerStateMachine:uninitialized
2020-08-03 13:23:55,322 [pool-407-thread-1] INFO  server.RaftServerConfigKeys (ConfUtils.java:logGet(44)) - raft.server.rpc.timeout.min = 5s (custom)
2020-08-03 13:23:55,322 [pool-407-thread-1] INFO  server.RaftServerConfigKeys (ConfUtils.java:logGet(44)) - raft.server.rpc.timeout.max = 5200ms (custom)
2020-08-03 13:23:55,322 [pool-407-thread-1] INFO  server.RaftServerConfigKeys (ConfUtils.java:logGet(44)) - raft.server.rpcslowness.timeout = 300000ms (custom)
2020-08-03 13:23:55,322 [pool-407-thread-1] INFO  server.RaftServerConfigKeys (ConfUtils.java:logGet(44)) - raft.server.sleep.deviation.threshold = 300 (default)
2020-08-03 13:23:55,322 [pool-407-thread-1] INFO  server.RaftServerConfigKeys (ConfUtils.java:logGet(44)) - raft.server.log.appender.install.snapshot.enabled = false (custom)
2020-08-03 13:23:55,322 [pool-407-thread-1] INFO  impl.RaftServerImpl (ServerState.java:<init>(103)) - fdbc600f-3b5f-4aad-829a-89e7c71c96d8@group-791DE9EDD5F7: ConfigurationManager, init=-1: [a8a1d134-8af3-42c4-83e7-63760987018e:172.17.0.2:42655, 8889aacf-63e0-4224-910f-f37fd04a741c:172.17.0.2:41647, fdbc600f-3b5f-4aad-829a-89e7c71c96d8:172.17.0.2:42365], old=null, confs=<EMPTY_MAP>
2020-08-03 13:23:55,322 [pool-407-thread-1] INFO  server.RaftServerConfigKeys (ConfUtils.java:logGet(44)) - raft.server.storage.dir = [/github/workspace/mnt/ozone/hadoop-ozone/integration-test/target/test-dir/MiniOzoneClusterImpl-7e68a8b4-1ba8-49bf-9ad5-192f3c798a38/datanode-4/data/ratis] (custom)
2020-08-03 13:23:55,323 [pool-407-thread-1] INFO  server.RaftServerConfigKeys (ConfUtils.java:logGet(44)) - raft.server.log.corruption.policy = EXCEPTION (default)
2020-08-03 13:23:55,323 [pool-407-thread-1] INFO  storage.RaftStorageDirectory (RaftStorageDirectory.java:analyzeStorage(261)) - The storage directory /github/workspace/mnt/ozone/hadoop-ozone/integration-test/target/test-dir/MiniOzoneClusterImpl-7e68a8b4-1ba8-49bf-9ad5-192f3c798a38/datanode-4/data/ratis/080d282a-1c82-40b2-9ecc-791de9edd5f7 does not exist. Creating ...
2020-08-03 13:23:55,324 [pool-407-thread-1] INFO  storage.RaftStorageDirectory (RaftStorageDirectory.java:tryLock(343)) - Lock on /github/workspace/mnt/ozone/hadoop-ozone/integration-test/target/test-dir/MiniOzoneClusterImpl-7e68a8b4-1ba8-49bf-9ad5-192f3c798a38/datanode-4/data/ratis/080d282a-1c82-40b2-9ecc-791de9edd5f7/in_use.lock acquired by nodename 41175@21919eb6eecd
2020-08-03 13:23:55,325 [pool-407-thread-1] INFO  storage.RaftStorage (RaftStorage.java:format(84)) - Storage directory /github/workspace/mnt/ozone/hadoop-ozone/integration-test/target/test-dir/MiniOzoneClusterImpl-7e68a8b4-1ba8-49bf-9ad5-192f3c798a38/datanode-4/data/ratis/080d282a-1c82-40b2-9ecc-791de9edd5f7 has been successfully formatted.
2020-08-03 13:23:55,327 [pool-407-thread-1] INFO  ratis.ContainerStateMachine (ContainerStateMachine.java:loadSnapshot(225)) - group-791DE9EDD5F7: The snapshot info is null. Setting the last applied indexto:(t:0, i:~)
2020-08-03 13:23:55,327 [Datanode State Machine Thread - 0] WARN  statemachine.DatanodeStateMachine (DatanodeStateMachine.java:start(245)) - Interrupt the execution.
java.lang.InterruptedException: sleep interrupted
	at java.lang.Thread.sleep(Native Method)
	at org.apache.hadoop.ozone.container.common.statemachine.DatanodeStateMachine.start(DatanodeStateMachine.java:243)
	at org.apache.hadoop.ozone.container.common.statemachine.DatanodeStateMachine.lambda$startDaemon$0(DatanodeStateMachine.java:405)
	at java.lang.Thread.run(Thread.java:748)
2020-08-03 13:23:55,327 [pool-407-thread-1] INFO  server.RaftServerConfigKeys (ConfUtils.java:logGet(44)) - raft.server.notification.no-leader.timeout = 300000ms (custom)
2020-08-03 13:23:55,327 [pool-407-thread-1] INFO  server.RaftServerConfigKeys (ConfUtils.java:logGet(44)) - raft.server.log.use.memory = false (default)
2020-08-03 13:23:55,327 [pool-407-thread-1] INFO  server.RaftServerConfigKeys (ConfUtils.java:logGet(44)) - raft.server.log.purge.gap = 1000000 (custom)
2020-08-03 13:23:55,328 [pool-407-thread-1] INFO  metrics.RatisMetrics (RatisMetrics.java:lambda$create$0(36)) - Creating Metrics Registry : ratis.log_worker.fdbc600f-3b5f-4aad-829a-89e7c71c96d8@group-791DE9EDD5F7
2020-08-03 13:23:55,328 [pool-407-thread-1] INFO  server.RaftServerConfigKeys (ConfUtils.java:logGet(44)) - raft.server.log.appender.buffer.byte-limit = 33554432 (custom)
2020-08-03 13:23:55,329 [pool-407-thread-1] INFO  server.RaftServerConfigKeys (ConfUtils.java:logGet(44)) - raft.server.log.segment.size.max = 1048576 (custom)
2020-08-03 13:23:55,330 [pool-407-thread-1] INFO  server.RaftServerConfigKeys (ConfUtils.java:logGet(44)) - raft.server.log.segment.cache.num.max = 2 (custom)
2020-08-03 13:23:55,330 [pool-407-thread-1] INFO  segmented.SegmentedRaftLogWorker (SegmentedRaftLogWorker.java:<init>(180)) - new fdbc600f-3b5f-4aad-829a-89e7c71c96d8@group-791DE9EDD5F7-SegmentedRaftLogWorker for RaftStorage:Storage Directory /github/workspace/mnt/ozone/hadoop-ozone/integration-test/target/test-dir/MiniOzoneClusterImpl-7e68a8b4-1ba8-49bf-9ad5-192f3c798a38/datanode-4/data/ratis/080d282a-1c82-40b2-9ecc-791de9edd5f7
2020-08-03 13:23:55,330 [pool-407-thread-1] INFO  server.RaftServerConfigKeys (ConfUtils.java:logGet(44)) - raft.server.log.queue.byte-limit = 2147483647 (custom)
2020-08-03 13:23:55,330 [pool-407-thread-1] INFO  server.RaftServerConfigKeys (ConfUtils.java:logGet(44)) - raft.server.log.queue.element-limit = 1024 (custom)
2020-08-03 13:23:55,330 [pool-407-thread-1] INFO  server.RaftServerConfigKeys (ConfUtils.java:logGet(44)) - raft.server.log.segment.size.max = 1048576 (custom)
2020-08-03 13:23:55,330 [pool-407-thread-1] INFO  server.RaftServerConfigKeys (ConfUtils.java:logGet(44)) - raft.server.log.preallocated.size = 16384 (custom)
2020-08-03 13:23:55,330 [pool-407-thread-1] INFO  server.RaftServerConfigKeys (ConfUtils.java:logGet(44)) - raft.server.log.write.buffer.size = 1048576 (custom)
2020-08-03 13:23:55,331 [pool-407-thread-1] INFO  server.RaftServerConfigKeys (ConfUtils.java:logGet(44)) - raft.server.log.force.sync.num = 128 (default)
2020-08-03 13:23:55,331 [pool-407-thread-1] INFO  server.RaftServerConfigKeys (ConfUtils.java:logGet(44)) - raft.server.log.statemachine.data.sync = true (default)
2020-08-03 13:23:55,331 [pool-407-thread-1] INFO  server.RaftServerConfigKeys (ConfUtils.java:logGet(44)) - raft.server.log.statemachine.data.sync.timeout = 10s (default)
2020-08-03 13:23:55,331 [pool-407-thread-1] INFO  server.RaftServerConfigKeys (ConfUtils.java:logGet(44)) - raft.server.log.statemachine.data.sync.timeout.retry = -1 (default)
2020-08-03 13:23:55,333 [pool-407-thread-1] INFO  server.RaftServerConfigKeys (ConfUtils.java:logGet(44)) - raft.server.log.statemachine.data.caching.enabled = true (custom)
2020-08-03 13:23:55,333 [pool-407-thread-1] INFO  segmented.SegmentedRaftLogWorker (SegmentedRaftLogWorker.java:lambda$new$0(129)) - fdbc600f-3b5f-4aad-829a-89e7c71c96d8@group-791DE9EDD5F7-SegmentedRaftLogWorker: flushIndex: setUnconditionally 0 -> -1
2020-08-03 13:23:55,333 [pool-407-thread-1] INFO  segmented.SegmentedRaftLogWorker (SegmentedRaftLogWorker.java:lambda$new$0(129)) - fdbc600f-3b5f-4aad-829a-89e7c71c96d8@group-791DE9EDD5F7-SegmentedRaftLogWorker: safeCacheEvictIndex: setUnconditionally 0 -> -1
2020-08-03 13:23:55,334 [pool-407-thread-1] INFO  server.RaftServerConfigKeys (ConfUtils.java:logGet(44)) - raft.server.snapshot.auto.trigger.enabled = true (custom)
2020-08-03 13:23:55,334 [pool-407-thread-1] INFO  server.RaftServerConfigKeys (ConfUtils.java:logGet(44)) - raft.server.snapshot.auto.trigger.threshold = 10000 (custom)
2020-08-03 13:23:55,334 [pool-407-thread-1] INFO  server.RaftServerConfigKeys (ConfUtils.java:logGet(44)) - raft.server.snapshot.retention.file.num = 5 (custom)
2020-08-03 13:23:55,334 [pool-407-thread-1] INFO  server.RaftServerConfigKeys (ConfUtils.java:logGet(44)) - raft.server.log.purge.upto.snapshot.index = false (default)
2020-08-03 13:23:55,335 [pool-407-thread-1] INFO  server.RaftServerConfigKeys (ConfUtils.java:logGet(44)) - raft.server.retrycache.expirytime = 600000ms (custom)
2020-08-03 13:23:55,335 [pool-407-thread-1] INFO  metrics.RatisMetrics (RatisMetrics.java:lambda$create$0(36)) - Creating Metrics Registry : ratis.leader_election.fdbc600f-3b5f-4aad-829a-89e7c71c96d8@group-791DE9EDD5F7
2020-08-03 13:23:55,335 [pool-407-thread-1] INFO  metrics.RatisMetrics (RatisMetrics.java:lambda$create$0(36)) - Creating Metrics Registry : ratis.server.fdbc600f-3b5f-4aad-829a-89e7c71c96d8@group-791DE9EDD5F7
2020-08-03 13:23:55,336 [pool-407-thread-1] INFO  impl.RaftServerImpl (RaftServerImpl.java:start(196)) - fdbc600f-3b5f-4aad-829a-89e7c71c96d8@group-791DE9EDD5F7: start as a follower, conf=-1: [a8a1d134-8af3-42c4-83e7-63760987018e:172.17.0.2:42655, 8889aacf-63e0-4224-910f-f37fd04a741c:172.17.0.2:41647, fdbc600f-3b5f-4aad-829a-89e7c71c96d8:172.17.0.2:42365], old=null
2020-08-03 13:23:55,336 [pool-407-thread-1] INFO  impl.RaftServerImpl (RaftServerImpl.java:setRole(185)) - fdbc600f-3b5f-4aad-829a-89e7c71c96d8@group-791DE9EDD5F7: changes role from      null to FOLLOWER at term 0 for startAsFollower
2020-08-03 13:23:55,336 [pool-407-thread-1] INFO  impl.RoleInfo (RoleInfo.java:updateAndGet(143)) - fdbc600f-3b5f-4aad-829a-89e7c71c96d8: start FollowerState
2020-08-03 13:23:55,337 [pool-407-thread-1] INFO  util.JmxRegister (JmxRegister.java:tryRegister(44)) - Successfully registered JMX Bean with object name Ratis:service=RaftServer,group=group-791DE9EDD5F7,id=fdbc600f-3b5f-4aad-829a-89e7c71c96d8
2020-08-03 13:23:55,337 [pool-407-thread-1] INFO  metrics.RatisMetrics (RatisMetrics.java:lambda$create$0(36)) - Creating Metrics Registry : ratis.state_machine.fdbc600f-3b5f-4aad-829a-89e7c71c96d8@group-791DE9EDD5F7
2020-08-03 13:23:55,348 [Command processor thread] INFO  commandhandler.CreatePipelineCommandHandler (CreatePipelineCommandHandler.java:handle(110)) - Created Pipeline RATIS THREE #id: "080d282a-1c82-40b2-9ecc-791de9edd5f7"
uuid128 {
  mostSigBits: 580164088332697778
  leastSigBits: -7004090151082273289
}
.
2020-08-03 13:23:55,369 [Command processor thread] INFO  impl.RaftServerProxy (RaftServerProxy.java:addNew(89)) - fdbc600f-3b5f-4aad-829a-89e7c71c96d8: addNew group-EFA63FAA243A:[fdbc600f-3b5f-4aad-829a-89e7c71c96d8:172.17.0.2:42365] returns group-EFA63FAA243A:java.util.concurrent.CompletableFuture@5847c020[Not completed]
2020-08-03 13:23:55,369 [pool-407-thread-1] INFO  impl.RaftServerImpl (RaftServerImpl.java:<init>(107)) - fdbc600f-3b5f-4aad-829a-89e7c71c96d8: new RaftServerImpl for group-EFA63FAA243A:[fdbc600f-3b5f-4aad-829a-89e7c71c96d8:172.17.0.2:42365] with ContainerStateMachine:uninitialized
2020-08-03 13:23:55,370 [pool-407-thread-1] INFO  server.RaftServerConfigKeys (ConfUtils.java:logGet(44)) - raft.server.rpc.timeout.min = 5s (custom)
2020-08-03 13:23:55,370 [pool-407-thread-1] INFO  server.RaftServerConfigKeys (ConfUtils.java:logGet(44)) - raft.server.rpc.timeout.max = 5200ms (custom)
2020-08-03 13:23:55,370 [pool-407-thread-1] INFO  server.RaftServerConfigKeys (ConfUtils.java:logGet(44)) - raft.server.rpcslowness.timeout = 300000ms (custom)
2020-08-03 13:23:55,370 [pool-407-thread-1] INFO  server.RaftServerConfigKeys (ConfUtils.java:logGet(44)) - raft.server.sleep.deviation.threshold = 300 (default)
2020-08-03 13:23:55,370 [pool-407-thread-1] INFO  server.RaftServerConfigKeys (ConfUtils.java:logGet(44)) - raft.server.log.appender.install.snapshot.enabled = false (custom)
2020-08-03 13:23:55,370 [pool-407-thread-1] INFO  impl.RaftServerImpl (ServerState.java:<init>(103)) - fdbc600f-3b5f-4aad-829a-89e7c71c96d8@group-EFA63FAA243A: ConfigurationManager, init=-1: [fdbc600f-3b5f-4aad-829a-89e7c71c96d8:172.17.0.2:42365], old=null, confs=<EMPTY_MAP>
2020-08-03 13:23:55,370 [pool-407-thread-1] INFO  server.RaftServerConfigKeys (ConfUtils.java:logGet(44)) - raft.server.storage.dir = [/github/workspace/mnt/ozone/hadoop-ozone/integration-test/target/test-dir/MiniOzoneClusterImpl-7e68a8b4-1ba8-49bf-9ad5-192f3c798a38/datanode-4/data/ratis] (custom)
2020-08-03 13:23:55,370 [pool-407-thread-1] INFO  server.RaftServerConfigKeys (ConfUtils.java:logGet(44)) - raft.server.log.corruption.policy = EXCEPTION (default)
2020-08-03 13:23:55,370 [pool-407-thread-1] INFO  storage.RaftStorageDirectory (RaftStorageDirectory.java:analyzeStorage(261)) - The storage directory /github/workspace/mnt/ozone/hadoop-ozone/integration-test/target/test-dir/MiniOzoneClusterImpl-7e68a8b4-1ba8-49bf-9ad5-192f3c798a38/datanode-4/data/ratis/b48c2cff-d3c3-4aea-8caa-efa63faa243a does not exist. Creating ...
2020-08-03 13:23:55,371 [pool-407-thread-1] INFO  storage.RaftStorageDirectory (RaftStorageDirectory.java:tryLock(343)) - Lock on /github/workspace/mnt/ozone/hadoop-ozone/integration-test/target/test-dir/MiniOzoneClusterImpl-7e68a8b4-1ba8-49bf-9ad5-192f3c798a38/datanode-4/data/ratis/b48c2cff-d3c3-4aea-8caa-efa63faa243a/in_use.lock acquired by nodename 41175@21919eb6eecd
2020-08-03 13:23:55,372 [pool-407-thread-1] INFO  storage.RaftStorage (RaftStorage.java:format(84)) - Storage directory /github/workspace/mnt/ozone/hadoop-ozone/integration-test/target/test-dir/MiniOzoneClusterImpl-7e68a8b4-1ba8-49bf-9ad5-192f3c798a38/datanode-4/data/ratis/b48c2cff-d3c3-4aea-8caa-efa63faa243a has been successfully formatted.
2020-08-03 13:23:55,372 [Datanode State Machine Thread - 0] WARN  statemachine.DatanodeStateMachine (DatanodeStateMachine.java:start(245)) - Interrupt the execution.
java.lang.InterruptedException: sleep interrupted
	at java.lang.Thread.sleep(Native Method)
	at org.apache.hadoop.ozone.container.common.statemachine.DatanodeStateMachine.start(DatanodeStateMachine.java:243)
	at org.apache.hadoop.ozone.container.common.statemachine.DatanodeStateMachine.lambda$startDaemon$0(DatanodeStateMachine.java:405)
	at java.lang.Thread.run(Thread.java:748)
2020-08-03 13:23:55,373 [pool-407-thread-1] INFO  ratis.ContainerStateMachine (ContainerStateMachine.java:loadSnapshot(225)) - group-EFA63FAA243A: The snapshot info is null. Setting the last applied indexto:(t:0, i:~)
2020-08-03 13:23:55,373 [EventQueue-PipelineReportForPipelineReportHandler] INFO  pipeline.PipelineStateManager (PipelineStateManager.java:openPipeline(131)) - Pipeline Pipeline[ Id: b48c2cff-d3c3-4aea-8caa-efa63faa243a, Nodes: fdbc600f-3b5f-4aad-829a-89e7c71c96d8{ip: 172.17.0.2, host: 21919eb6eecd, networkLocation: /default-rack, certSerialId: null}, Type:RATIS, Factor:ONE, State:ALLOCATED, leaderId:fdbc600f-3b5f-4aad-829a-89e7c71c96d8, CreationTimestamp2020-08-03T13:23:52.370Z] moved to OPEN state
2020-08-03 13:23:55,374 [EventQueue-OpenPipelineForHealthyPipelineSafeModeRule] INFO  safemode.SCMSafeModeManager (HealthyPipelineSafeModeRule.java:process(129)) - SCM in safe mode. Healthy pipelines reported count is 0, required healthy pipeline reported count is 1
2020-08-03 13:23:55,374 [EventQueue-OpenPipelineForOneReplicaPipelineSafeModeRule] INFO  safemode.SCMSafeModeManager (SCMSafeModeManager.java:validateSafeModeExitRules(214)) - AtleastOneDatanodeReportedRule rule is successfully validated
2020-08-03 13:23:55,374 [pool-407-thread-1] INFO  server.RaftServerConfigKeys (ConfUtils.java:logGet(44)) - raft.server.notification.no-leader.timeout = 300000ms (custom)
2020-08-03 13:23:55,374 [pool-407-thread-1] INFO  server.RaftServerConfigKeys (ConfUtils.java:logGet(44)) - raft.server.log.use.memory = false (default)
2020-08-03 13:23:55,375 [pool-407-thread-1] INFO  server.RaftServerConfigKeys (ConfUtils.java:logGet(44)) - raft.server.log.purge.gap = 1000000 (custom)
2020-08-03 13:23:55,376 [pool-407-thread-1] INFO  metrics.RatisMetrics (RatisMetrics.java:lambda$create$0(36)) - Creating Metrics Registry : ratis.log_worker.fdbc600f-3b5f-4aad-829a-89e7c71c96d8@group-EFA63FAA243A
2020-08-03 13:23:55,376 [pool-407-thread-1] INFO  server.RaftServerConfigKeys (ConfUtils.java:logGet(44)) - raft.server.log.appender.buffer.byte-limit = 33554432 (custom)
2020-08-03 13:23:55,376 [pool-407-thread-1] INFO  server.RaftServerConfigKeys (ConfUtils.java:logGet(44)) - raft.server.log.segment.size.max = 1048576 (custom)
2020-08-03 13:23:55,376 [pool-407-thread-1] INFO  server.RaftServerConfigKeys (ConfUtils.java:logGet(44)) - raft.server.log.segment.cache.num.max = 2 (custom)
2020-08-03 13:23:55,377 [pool-407-thread-1] INFO  segmented.SegmentedRaftLogWorker (SegmentedRaftLogWorker.java:<init>(180)) - new fdbc600f-3b5f-4aad-829a-89e7c71c96d8@group-EFA63FAA243A-SegmentedRaftLogWorker for RaftStorage:Storage Directory /github/workspace/mnt/ozone/hadoop-ozone/integration-test/target/test-dir/MiniOzoneClusterImpl-7e68a8b4-1ba8-49bf-9ad5-192f3c798a38/datanode-4/data/ratis/b48c2cff-d3c3-4aea-8caa-efa63faa243a
2020-08-03 13:23:55,377 [pool-407-thread-1] INFO  server.RaftServerConfigKeys (ConfUtils.java:logGet(44)) - raft.server.log.queue.byte-limit = 2147483647 (custom)
2020-08-03 13:23:55,377 [pool-407-thread-1] INFO  server.RaftServerConfigKeys (ConfUtils.java:logGet(44)) - raft.server.log.queue.element-limit = 1024 (custom)
2020-08-03 13:23:55,377 [pool-407-thread-1] INFO  server.RaftServerConfigKeys (ConfUtils.java:logGet(44)) - raft.server.log.segment.size.max = 1048576 (custom)
2020-08-03 13:23:55,377 [pool-407-thread-1] INFO  server.RaftServerConfigKeys (ConfUtils.java:logGet(44)) - raft.server.log.preallocated.size = 16384 (custom)
2020-08-03 13:23:55,377 [pool-407-thread-1] INFO  server.RaftServerConfigKeys (ConfUtils.java:logGet(44)) - raft.server.log.write.buffer.size = 1048576 (custom)
2020-08-03 13:23:55,377 [pool-407-thread-1] INFO  server.RaftServerConfigKeys (ConfUtils.java:logGet(44)) - raft.server.log.force.sync.num = 128 (default)
2020-08-03 13:23:55,377 [pool-407-thread-1] INFO  server.RaftServerConfigKeys (ConfUtils.java:logGet(44)) - raft.server.log.statemachine.data.sync = true (default)
2020-08-03 13:23:55,377 [pool-407-thread-1] INFO  server.RaftServerConfigKeys (ConfUtils.java:logGet(44)) - raft.server.log.statemachine.data.sync.timeout = 10s (default)
2020-08-03 13:23:55,377 [pool-407-thread-1] INFO  server.RaftServerConfigKeys (ConfUtils.java:logGet(44)) - raft.server.log.statemachine.data.sync.timeout.retry = -1 (default)
2020-08-03 13:23:55,379 [pool-407-thread-1] INFO  server.RaftServerConfigKeys (ConfUtils.java:logGet(44)) - raft.server.log.statemachine.data.caching.enabled = true (custom)
2020-08-03 13:23:55,379 [pool-407-thread-1] INFO  segmented.SegmentedRaftLogWorker (SegmentedRaftLogWorker.java:lambda$new$0(129)) - fdbc600f-3b5f-4aad-829a-89e7c71c96d8@group-EFA63FAA243A-SegmentedRaftLogWorker: flushIndex: setUnconditionally 0 -> -1
2020-08-03 13:23:55,379 [pool-407-thread-1] INFO  segmented.SegmentedRaftLogWorker (SegmentedRaftLogWorker.java:lambda$new$0(129)) - fdbc600f-3b5f-4aad-829a-89e7c71c96d8@group-EFA63FAA243A-SegmentedRaftLogWorker: safeCacheEvictIndex: setUnconditionally 0 -> -1
2020-08-03 13:23:55,379 [pool-407-thread-1] INFO  server.RaftServerConfigKeys (ConfUtils.java:logGet(44)) - raft.server.snapshot.auto.trigger.enabled = true (custom)
2020-08-03 13:23:55,380 [pool-407-thread-1] INFO  server.RaftServerConfigKeys (ConfUtils.java:logGet(44)) - raft.server.snapshot.auto.trigger.threshold = 10000 (custom)
2020-08-03 13:23:55,380 [pool-407-thread-1] INFO  server.RaftServerConfigKeys (ConfUtils.java:logGet(44)) - raft.server.snapshot.retention.file.num = 5 (custom)
2020-08-03 13:23:55,380 [pool-407-thread-1] INFO  server.RaftServerConfigKeys (ConfUtils.java:logGet(44)) - raft.server.log.purge.upto.snapshot.index = false (default)
2020-08-03 13:23:55,380 [pool-407-thread-1] INFO  server.RaftServerConfigKeys (ConfUtils.java:logGet(44)) - raft.server.retrycache.expirytime = 600000ms (custom)
2020-08-03 13:23:55,380 [pool-407-thread-1] INFO  metrics.RatisMetrics (RatisMetrics.java:lambda$create$0(36)) - Creating Metrics Registry : ratis.leader_election.fdbc600f-3b5f-4aad-829a-89e7c71c96d8@group-EFA63FAA243A
2020-08-03 13:23:55,380 [pool-407-thread-1] INFO  metrics.RatisMetrics (RatisMetrics.java:lambda$create$0(36)) - Creating Metrics Registry : ratis.server.fdbc600f-3b5f-4aad-829a-89e7c71c96d8@group-EFA63FAA243A
2020-08-03 13:23:55,381 [pool-407-thread-1] INFO  impl.RaftServerImpl (RaftServerImpl.java:start(196)) - fdbc600f-3b5f-4aad-829a-89e7c71c96d8@group-EFA63FAA243A: start as a follower, conf=-1: [fdbc600f-3b5f-4aad-829a-89e7c71c96d8:172.17.0.2:42365], old=null
2020-08-03 13:23:55,382 [pool-407-thread-1] INFO  impl.RaftServerImpl (RaftServerImpl.java:setRole(185)) - fdbc600f-3b5f-4aad-829a-89e7c71c96d8@group-EFA63FAA243A: changes role from      null to FOLLOWER at term 0 for startAsFollower
2020-08-03 13:23:55,382 [pool-407-thread-1] INFO  impl.RoleInfo (RoleInfo.java:updateAndGet(143)) - fdbc600f-3b5f-4aad-829a-89e7c71c96d8: start FollowerState
2020-08-03 13:23:55,382 [pool-407-thread-1] INFO  util.JmxRegister (JmxRegister.java:tryRegister(44)) - Successfully registered JMX Bean with object name Ratis:service=RaftServer,group=group-EFA63FAA243A,id=fdbc600f-3b5f-4aad-829a-89e7c71c96d8
2020-08-03 13:23:55,382 [pool-407-thread-1] INFO  metrics.RatisMetrics (RatisMetrics.java:lambda$create$0(36)) - Creating Metrics Registry : ratis.state_machine.fdbc600f-3b5f-4aad-829a-89e7c71c96d8@group-EFA63FAA243A
2020-08-03 13:23:55,383 [Command processor thread] INFO  commandhandler.CreatePipelineCommandHandler (CreatePipelineCommandHandler.java:handle(110)) - Created Pipeline RATIS ONE #id: "b48c2cff-d3c3-4aea-8caa-efa63faa243a"
uuid128 {
  mostSigBits: -5436921172861957398
  leastSigBits: -8310566665047104454
}
.
2020-08-03 13:23:55,490 [Command processor thread] INFO  impl.RaftServerProxy (RaftServerProxy.java:addNew(89)) - 8889aacf-63e0-4224-910f-f37fd04a741c: addNew group-91C9F9160810:[8889aacf-63e0-4224-910f-f37fd04a741c:172.17.0.2:41647] returns group-91C9F9160810:java.util.concurrent.CompletableFuture@45ba0cef[Not completed]
2020-08-03 13:23:55,491 [pool-422-thread-1] INFO  impl.RaftServerImpl (RaftServerImpl.java:<init>(107)) - 8889aacf-63e0-4224-910f-f37fd04a741c: new RaftServerImpl for group-91C9F9160810:[8889aacf-63e0-4224-910f-f37fd04a741c:172.17.0.2:41647] with ContainerStateMachine:uninitialized
2020-08-03 13:23:55,491 [pool-422-thread-1] INFO  server.RaftServerConfigKeys (ConfUtils.java:logGet(44)) - raft.server.rpc.timeout.min = 5s (custom)
2020-08-03 13:23:55,491 [pool-422-thread-1] INFO  server.RaftServerConfigKeys (ConfUtils.java:logGet(44)) - raft.server.rpc.timeout.max = 5200ms (custom)
2020-08-03 13:23:55,491 [pool-422-thread-1] INFO  server.RaftServerConfigKeys (ConfUtils.java:logGet(44)) - raft.server.rpcslowness.timeout = 300000ms (custom)
2020-08-03 13:23:55,491 [pool-422-thread-1] INFO  server.RaftServerConfigKeys (ConfUtils.java:logGet(44)) - raft.server.sleep.deviation.threshold = 300 (default)
2020-08-03 13:23:55,492 [pool-422-thread-1] INFO  server.RaftServerConfigKeys (ConfUtils.java:logGet(44)) - raft.server.log.appender.install.snapshot.enabled = false (custom)
2020-08-03 13:23:55,492 [pool-422-thread-1] INFO  impl.RaftServerImpl (ServerState.java:<init>(103)) - 8889aacf-63e0-4224-910f-f37fd04a741c@group-91C9F9160810: ConfigurationManager, init=-1: [8889aacf-63e0-4224-910f-f37fd04a741c:172.17.0.2:41647], old=null, confs=<EMPTY_MAP>
2020-08-03 13:23:55,492 [pool-422-thread-1] INFO  server.RaftServerConfigKeys (ConfUtils.java:logGet(44)) - raft.server.storage.dir = [/github/workspace/mnt/ozone/hadoop-ozone/integration-test/target/test-dir/MiniOzoneClusterImpl-7e68a8b4-1ba8-49bf-9ad5-192f3c798a38/datanode-5/data/ratis] (custom)
2020-08-03 13:23:55,492 [pool-422-thread-1] INFO  server.RaftServerConfigKeys (ConfUtils.java:logGet(44)) - raft.server.log.corruption.policy = EXCEPTION (default)
2020-08-03 13:23:55,492 [pool-422-thread-1] INFO  storage.RaftStorageDirectory (RaftStorageDirectory.java:analyzeStorage(261)) - The storage directory /github/workspace/mnt/ozone/hadoop-ozone/integration-test/target/test-dir/MiniOzoneClusterImpl-7e68a8b4-1ba8-49bf-9ad5-192f3c798a38/datanode-5/data/ratis/c9a5f12c-1188-473b-9dd7-91c9f9160810 does not exist. Creating ...
2020-08-03 13:23:55,494 [pool-422-thread-1] INFO  storage.RaftStorageDirectory (RaftStorageDirectory.java:tryLock(343)) - Lock on /github/workspace/mnt/ozone/hadoop-ozone/integration-test/target/test-dir/MiniOzoneClusterImpl-7e68a8b4-1ba8-49bf-9ad5-192f3c798a38/datanode-5/data/ratis/c9a5f12c-1188-473b-9dd7-91c9f9160810/in_use.lock acquired by nodename 41175@21919eb6eecd
2020-08-03 13:23:55,495 [pool-422-thread-1] INFO  storage.RaftStorage (RaftStorage.java:format(84)) - Storage directory /github/workspace/mnt/ozone/hadoop-ozone/integration-test/target/test-dir/MiniOzoneClusterImpl-7e68a8b4-1ba8-49bf-9ad5-192f3c798a38/datanode-5/data/ratis/c9a5f12c-1188-473b-9dd7-91c9f9160810 has been successfully formatted.
2020-08-03 13:23:55,495 [pool-422-thread-1] INFO  ratis.ContainerStateMachine (ContainerStateMachine.java:loadSnapshot(225)) - group-91C9F9160810: The snapshot info is null. Setting the last applied indexto:(t:0, i:~)
2020-08-03 13:23:55,495 [Datanode State Machine Thread - 0] WARN  statemachine.DatanodeStateMachine (DatanodeStateMachine.java:start(245)) - Interrupt the execution.
java.lang.InterruptedException: sleep interrupted
	at java.lang.Thread.sleep(Native Method)
	at org.apache.hadoop.ozone.container.common.statemachine.DatanodeStateMachine.start(DatanodeStateMachine.java:243)
	at org.apache.hadoop.ozone.container.common.statemachine.DatanodeStateMachine.lambda$startDaemon$0(DatanodeStateMachine.java:405)
	at java.lang.Thread.run(Thread.java:748)
2020-08-03 13:23:55,496 [pool-422-thread-1] INFO  server.RaftServerConfigKeys (ConfUtils.java:logGet(44)) - raft.server.notification.no-leader.timeout = 300000ms (custom)
2020-08-03 13:23:55,496 [pool-422-thread-1] INFO  server.RaftServerConfigKeys (ConfUtils.java:logGet(44)) - raft.server.log.use.memory = false (default)
2020-08-03 13:23:55,496 [pool-422-thread-1] INFO  server.RaftServerConfigKeys (ConfUtils.java:logGet(44)) - raft.server.log.purge.gap = 1000000 (custom)
2020-08-03 13:23:55,496 [pool-422-thread-1] INFO  metrics.RatisMetrics (RatisMetrics.java:lambda$create$0(36)) - Creating Metrics Registry : ratis.log_worker.8889aacf-63e0-4224-910f-f37fd04a741c@group-91C9F9160810
2020-08-03 13:23:55,496 [pool-422-thread-1] INFO  server.RaftServerConfigKeys (ConfUtils.java:logGet(44)) - raft.server.log.appender.buffer.byte-limit = 33554432 (custom)
2020-08-03 13:23:55,496 [pool-422-thread-1] INFO  server.RaftServerConfigKeys (ConfUtils.java:logGet(44)) - raft.server.log.segment.size.max = 1048576 (custom)
2020-08-03 13:23:55,497 [EventQueue-PipelineReportForPipelineReportHandler] INFO  pipeline.PipelineStateManager (PipelineStateManager.java:openPipeline(131)) - Pipeline Pipeline[ Id: c9a5f12c-1188-473b-9dd7-91c9f9160810, Nodes: 8889aacf-63e0-4224-910f-f37fd04a741c{ip: 172.17.0.2, host: 21919eb6eecd, networkLocation: /default-rack, certSerialId: null}, Type:RATIS, Factor:ONE, State:ALLOCATED, leaderId:8889aacf-63e0-4224-910f-f37fd04a741c, CreationTimestamp2020-08-03T13:23:52.492Z] moved to OPEN state
2020-08-03 13:23:55,497 [EventQueue-OpenPipelineForHealthyPipelineSafeModeRule] INFO  safemode.SCMSafeModeManager (HealthyPipelineSafeModeRule.java:process(129)) - SCM in safe mode. Healthy pipelines reported count is 0, required healthy pipeline reported count is 1
2020-08-03 13:23:55,497 [EventQueue-OpenPipelineForOneReplicaPipelineSafeModeRule] INFO  safemode.SCMSafeModeManager (SCMSafeModeManager.java:validateSafeModeExitRules(214)) - AtleastOneDatanodeReportedRule rule is successfully validated
2020-08-03 13:23:55,497 [pool-422-thread-1] INFO  server.RaftServerConfigKeys (ConfUtils.java:logGet(44)) - raft.server.log.segment.cache.num.max = 2 (custom)
2020-08-03 13:23:55,497 [pool-422-thread-1] INFO  segmented.SegmentedRaftLogWorker (SegmentedRaftLogWorker.java:<init>(180)) - new 8889aacf-63e0-4224-910f-f37fd04a741c@group-91C9F9160810-SegmentedRaftLogWorker for RaftStorage:Storage Directory /github/workspace/mnt/ozone/hadoop-ozone/integration-test/target/test-dir/MiniOzoneClusterImpl-7e68a8b4-1ba8-49bf-9ad5-192f3c798a38/datanode-5/data/ratis/c9a5f12c-1188-473b-9dd7-91c9f9160810
2020-08-03 13:23:55,497 [pool-422-thread-1] INFO  server.RaftServerConfigKeys (ConfUtils.java:logGet(44)) - raft.server.log.queue.byte-limit = 2147483647 (custom)
2020-08-03 13:23:55,497 [pool-422-thread-1] INFO  server.RaftServerConfigKeys (ConfUtils.java:logGet(44)) - raft.server.log.queue.element-limit = 1024 (custom)
2020-08-03 13:23:55,498 [pool-422-thread-1] INFO  server.RaftServerConfigKeys (ConfUtils.java:logGet(44)) - raft.server.log.segment.size.max = 1048576 (custom)
2020-08-03 13:23:55,498 [pool-422-thread-1] INFO  server.RaftServerConfigKeys (ConfUtils.java:logGet(44)) - raft.server.log.preallocated.size = 16384 (custom)
2020-08-03 13:23:55,498 [pool-422-thread-1] INFO  server.RaftServerConfigKeys (ConfUtils.java:logGet(44)) - raft.server.log.write.buffer.size = 1048576 (custom)
2020-08-03 13:23:55,498 [pool-422-thread-1] INFO  server.RaftServerConfigKeys (ConfUtils.java:logGet(44)) - raft.server.log.force.sync.num = 128 (default)
2020-08-03 13:23:55,498 [pool-422-thread-1] INFO  server.RaftServerConfigKeys (ConfUtils.java:logGet(44)) - raft.server.log.statemachine.data.sync = true (default)
2020-08-03 13:23:55,498 [pool-422-thread-1] INFO  server.RaftServerConfigKeys (ConfUtils.java:logGet(44)) - raft.server.log.statemachine.data.sync.timeout = 10s (default)
2020-08-03 13:23:55,498 [pool-422-thread-1] INFO  server.RaftServerConfigKeys (ConfUtils.java:logGet(44)) - raft.server.log.statemachine.data.sync.timeout.retry = -1 (default)
2020-08-03 13:23:55,499 [pool-422-thread-1] INFO  server.RaftServerConfigKeys (ConfUtils.java:logGet(44)) - raft.server.log.statemachine.data.caching.enabled = true (custom)
2020-08-03 13:23:55,500 [pool-422-thread-1] INFO  segmented.SegmentedRaftLogWorker (SegmentedRaftLogWorker.java:lambda$new$0(129)) - 8889aacf-63e0-4224-910f-f37fd04a741c@group-91C9F9160810-SegmentedRaftLogWorker: flushIndex: setUnconditionally 0 -> -1
2020-08-03 13:23:55,500 [pool-422-thread-1] INFO  segmented.SegmentedRaftLogWorker (SegmentedRaftLogWorker.java:lambda$new$0(129)) - 8889aacf-63e0-4224-910f-f37fd04a741c@group-91C9F9160810-SegmentedRaftLogWorker: safeCacheEvictIndex: setUnconditionally 0 -> -1
2020-08-03 13:23:55,500 [pool-422-thread-1] INFO  server.RaftServerConfigKeys (ConfUtils.java:logGet(44)) - raft.server.snapshot.auto.trigger.enabled = true (custom)
2020-08-03 13:23:55,500 [pool-422-thread-1] INFO  server.RaftServerConfigKeys (ConfUtils.java:logGet(44)) - raft.server.snapshot.auto.trigger.threshold = 10000 (custom)
2020-08-03 13:23:55,500 [pool-422-thread-1] INFO  server.RaftServerConfigKeys (ConfUtils.java:logGet(44)) - raft.server.snapshot.retention.file.num = 5 (custom)
2020-08-03 13:23:55,500 [pool-422-thread-1] INFO  server.RaftServerConfigKeys (ConfUtils.java:logGet(44)) - raft.server.log.purge.upto.snapshot.index = false (default)
2020-08-03 13:23:55,500 [pool-422-thread-1] INFO  server.RaftServerConfigKeys (ConfUtils.java:logGet(44)) - raft.server.retrycache.expirytime = 600000ms (custom)
2020-08-03 13:23:55,501 [pool-422-thread-1] INFO  metrics.RatisMetrics (RatisMetrics.java:lambda$create$0(36)) - Creating Metrics Registry : ratis.leader_election.8889aacf-63e0-4224-910f-f37fd04a741c@group-91C9F9160810
2020-08-03 13:23:55,501 [pool-422-thread-1] INFO  metrics.RatisMetrics (RatisMetrics.java:lambda$create$0(36)) - Creating Metrics Registry : ratis.server.8889aacf-63e0-4224-910f-f37fd04a741c@group-91C9F9160810
2020-08-03 13:23:55,511 [pool-422-thread-1] INFO  impl.RaftServerImpl (RaftServerImpl.java:start(196)) - 8889aacf-63e0-4224-910f-f37fd04a741c@group-91C9F9160810: start as a follower, conf=-1: [8889aacf-63e0-4224-910f-f37fd04a741c:172.17.0.2:41647], old=null
2020-08-03 13:23:55,511 [pool-422-thread-1] INFO  impl.RaftServerImpl (RaftServerImpl.java:setRole(185)) - 8889aacf-63e0-4224-910f-f37fd04a741c@group-91C9F9160810: changes role from      null to FOLLOWER at term 0 for startAsFollower
2020-08-03 13:23:55,511 [pool-422-thread-1] INFO  impl.RoleInfo (RoleInfo.java:updateAndGet(143)) - 8889aacf-63e0-4224-910f-f37fd04a741c: start FollowerState
2020-08-03 13:23:55,512 [pool-422-thread-1] INFO  util.JmxRegister (JmxRegister.java:tryRegister(44)) - Successfully registered JMX Bean with object name Ratis:service=RaftServer,group=group-91C9F9160810,id=8889aacf-63e0-4224-910f-f37fd04a741c
2020-08-03 13:23:55,512 [pool-422-thread-1] INFO  metrics.RatisMetrics (RatisMetrics.java:lambda$create$0(36)) - Creating Metrics Registry : ratis.state_machine.8889aacf-63e0-4224-910f-f37fd04a741c@group-91C9F9160810
2020-08-03 13:23:55,519 [Command processor thread] INFO  commandhandler.CreatePipelineCommandHandler (CreatePipelineCommandHandler.java:handle(110)) - Created Pipeline RATIS ONE #id: "c9a5f12c-1188-473b-9dd7-91c9f9160810"
uuid128 {
  mostSigBits: -3916459129353779397
  leastSigBits: -7073024393108649968
}
.
2020-08-03 13:23:55,618 [Command processor thread] INFO  impl.RaftServerProxy (RaftServerProxy.java:addNew(89)) - 0a736a62-de9a-4ec3-9e43-f4a7dc0d3b3f: addNew group-F2057DF216CE:[0a736a62-de9a-4ec3-9e43-f4a7dc0d3b3f:172.17.0.2:39385] returns group-F2057DF216CE:java.util.concurrent.CompletableFuture@51d6b713[Not completed]
2020-08-03 13:23:55,619 [pool-437-thread-1] INFO  impl.RaftServerImpl (RaftServerImpl.java:<init>(107)) - 0a736a62-de9a-4ec3-9e43-f4a7dc0d3b3f: new RaftServerImpl for group-F2057DF216CE:[0a736a62-de9a-4ec3-9e43-f4a7dc0d3b3f:172.17.0.2:39385] with ContainerStateMachine:uninitialized
2020-08-03 13:23:55,619 [pool-437-thread-1] INFO  server.RaftServerConfigKeys (ConfUtils.java:logGet(44)) - raft.server.rpc.timeout.min = 5s (custom)
2020-08-03 13:23:55,620 [pool-437-thread-1] INFO  server.RaftServerConfigKeys (ConfUtils.java:logGet(44)) - raft.server.rpc.timeout.max = 5200ms (custom)
2020-08-03 13:23:55,620 [pool-437-thread-1] INFO  server.RaftServerConfigKeys (ConfUtils.java:logGet(44)) - raft.server.rpcslowness.timeout = 300000ms (custom)
2020-08-03 13:23:55,620 [pool-437-thread-1] INFO  server.RaftServerConfigKeys (ConfUtils.java:logGet(44)) - raft.server.sleep.deviation.threshold = 300 (default)
2020-08-03 13:23:55,620 [pool-437-thread-1] INFO  server.RaftServerConfigKeys (ConfUtils.java:logGet(44)) - raft.server.log.appender.install.snapshot.enabled = false (custom)
2020-08-03 13:23:55,620 [pool-437-thread-1] INFO  impl.RaftServerImpl (ServerState.java:<init>(103)) - 0a736a62-de9a-4ec3-9e43-f4a7dc0d3b3f@group-F2057DF216CE: ConfigurationManager, init=-1: [0a736a62-de9a-4ec3-9e43-f4a7dc0d3b3f:172.17.0.2:39385], old=null, confs=<EMPTY_MAP>
2020-08-03 13:23:55,620 [pool-437-thread-1] INFO  server.RaftServerConfigKeys (ConfUtils.java:logGet(44)) - raft.server.storage.dir = [/github/workspace/mnt/ozone/hadoop-ozone/integration-test/target/test-dir/MiniOzoneClusterImpl-7e68a8b4-1ba8-49bf-9ad5-192f3c798a38/datanode-6/data/ratis] (custom)
2020-08-03 13:23:55,620 [pool-437-thread-1] INFO  server.RaftServerConfigKeys (ConfUtils.java:logGet(44)) - raft.server.log.corruption.policy = EXCEPTION (default)
2020-08-03 13:23:55,620 [pool-437-thread-1] INFO  storage.RaftStorageDirectory (RaftStorageDirectory.java:analyzeStorage(261)) - The storage directory /github/workspace/mnt/ozone/hadoop-ozone/integration-test/target/test-dir/MiniOzoneClusterImpl-7e68a8b4-1ba8-49bf-9ad5-192f3c798a38/datanode-6/data/ratis/e999ba5f-573c-402f-ae64-f2057df216ce does not exist. Creating ...
2020-08-03 13:23:55,621 [pool-437-thread-1] INFO  storage.RaftStorageDirectory (RaftStorageDirectory.java:tryLock(343)) - Lock on /github/workspace/mnt/ozone/hadoop-ozone/integration-test/target/test-dir/MiniOzoneClusterImpl-7e68a8b4-1ba8-49bf-9ad5-192f3c798a38/datanode-6/data/ratis/e999ba5f-573c-402f-ae64-f2057df216ce/in_use.lock acquired by nodename 41175@21919eb6eecd
2020-08-03 13:23:55,623 [pool-437-thread-1] INFO  storage.RaftStorage (RaftStorage.java:format(84)) - Storage directory /github/workspace/mnt/ozone/hadoop-ozone/integration-test/target/test-dir/MiniOzoneClusterImpl-7e68a8b4-1ba8-49bf-9ad5-192f3c798a38/datanode-6/data/ratis/e999ba5f-573c-402f-ae64-f2057df216ce has been successfully formatted.
2020-08-03 13:23:55,623 [pool-437-thread-1] INFO  ratis.ContainerStateMachine (ContainerStateMachine.java:loadSnapshot(225)) - group-F2057DF216CE: The snapshot info is null. Setting the last applied indexto:(t:0, i:~)
2020-08-03 13:23:55,623 [Datanode State Machine Thread - 0] WARN  statemachine.DatanodeStateMachine (DatanodeStateMachine.java:start(245)) - Interrupt the execution.
java.lang.InterruptedException: sleep interrupted
	at java.lang.Thread.sleep(Native Method)
	at org.apache.hadoop.ozone.container.common.statemachine.DatanodeStateMachine.start(DatanodeStateMachine.java:243)
	at org.apache.hadoop.ozone.container.common.statemachine.DatanodeStateMachine.lambda$startDaemon$0(DatanodeStateMachine.java:405)
	at java.lang.Thread.run(Thread.java:748)
2020-08-03 13:23:55,624 [pool-437-thread-1] INFO  server.RaftServerConfigKeys (ConfUtils.java:logGet(44)) - raft.server.notification.no-leader.timeout = 300000ms (custom)
2020-08-03 13:23:55,626 [EventQueue-PipelineReportForPipelineReportHandler] INFO  pipeline.PipelineStateManager (PipelineStateManager.java:openPipeline(131)) - Pipeline Pipeline[ Id: e999ba5f-573c-402f-ae64-f2057df216ce, Nodes: 0a736a62-de9a-4ec3-9e43-f4a7dc0d3b3f{ip: 172.17.0.2, host: 21919eb6eecd, networkLocation: /default-rack, certSerialId: null}, Type:RATIS, Factor:ONE, State:ALLOCATED, leaderId:0a736a62-de9a-4ec3-9e43-f4a7dc0d3b3f, CreationTimestamp2020-08-03T13:23:52.618Z] moved to OPEN state
2020-08-03 13:23:55,626 [pool-437-thread-1] INFO  server.RaftServerConfigKeys (ConfUtils.java:logGet(44)) - raft.server.log.use.memory = false (default)
2020-08-03 13:23:55,627 [EventQueue-OpenPipelineForOneReplicaPipelineSafeModeRule] INFO  safemode.SCMSafeModeManager (SCMSafeModeManager.java:validateSafeModeExitRules(214)) - AtleastOneDatanodeReportedRule rule is successfully validated
2020-08-03 13:23:55,627 [EventQueue-OpenPipelineForHealthyPipelineSafeModeRule] INFO  safemode.SCMSafeModeManager (HealthyPipelineSafeModeRule.java:process(129)) - SCM in safe mode. Healthy pipelines reported count is 0, required healthy pipeline reported count is 1
2020-08-03 13:23:55,627 [pool-437-thread-1] INFO  server.RaftServerConfigKeys (ConfUtils.java:logGet(44)) - raft.server.log.purge.gap = 1000000 (custom)
2020-08-03 13:23:55,627 [pool-437-thread-1] INFO  metrics.RatisMetrics (RatisMetrics.java:lambda$create$0(36)) - Creating Metrics Registry : ratis.log_worker.0a736a62-de9a-4ec3-9e43-f4a7dc0d3b3f@group-F2057DF216CE
2020-08-03 13:23:55,627 [pool-437-thread-1] INFO  server.RaftServerConfigKeys (ConfUtils.java:logGet(44)) - raft.server.log.appender.buffer.byte-limit = 33554432 (custom)
2020-08-03 13:23:55,628 [pool-437-thread-1] INFO  server.RaftServerConfigKeys (ConfUtils.java:logGet(44)) - raft.server.log.segment.size.max = 1048576 (custom)
2020-08-03 13:23:55,629 [pool-437-thread-1] INFO  server.RaftServerConfigKeys (ConfUtils.java:logGet(44)) - raft.server.log.segment.cache.num.max = 2 (custom)
2020-08-03 13:23:55,629 [pool-437-thread-1] INFO  segmented.SegmentedRaftLogWorker (SegmentedRaftLogWorker.java:<init>(180)) - new 0a736a62-de9a-4ec3-9e43-f4a7dc0d3b3f@group-F2057DF216CE-SegmentedRaftLogWorker for RaftStorage:Storage Directory /github/workspace/mnt/ozone/hadoop-ozone/integration-test/target/test-dir/MiniOzoneClusterImpl-7e68a8b4-1ba8-49bf-9ad5-192f3c798a38/datanode-6/data/ratis/e999ba5f-573c-402f-ae64-f2057df216ce
2020-08-03 13:23:55,629 [pool-437-thread-1] INFO  server.RaftServerConfigKeys (ConfUtils.java:logGet(44)) - raft.server.log.queue.byte-limit = 2147483647 (custom)
2020-08-03 13:23:55,629 [pool-437-thread-1] INFO  server.RaftServerConfigKeys (ConfUtils.java:logGet(44)) - raft.server.log.queue.element-limit = 1024 (custom)
2020-08-03 13:23:55,629 [pool-437-thread-1] INFO  server.RaftServerConfigKeys (ConfUtils.java:logGet(44)) - raft.server.log.segment.size.max = 1048576 (custom)
2020-08-03 13:23:55,629 [pool-437-thread-1] INFO  server.RaftServerConfigKeys (ConfUtils.java:logGet(44)) - raft.server.log.preallocated.size = 16384 (custom)
2020-08-03 13:23:55,629 [pool-437-thread-1] INFO  server.RaftServerConfigKeys (ConfUtils.java:logGet(44)) - raft.server.log.write.buffer.size = 1048576 (custom)
2020-08-03 13:23:55,629 [pool-437-thread-1] INFO  server.RaftServerConfigKeys (ConfUtils.java:logGet(44)) - raft.server.log.force.sync.num = 128 (default)
2020-08-03 13:23:55,629 [pool-437-thread-1] INFO  server.RaftServerConfigKeys (ConfUtils.java:logGet(44)) - raft.server.log.statemachine.data.sync = true (default)
2020-08-03 13:23:55,630 [pool-437-thread-1] INFO  server.RaftServerConfigKeys (ConfUtils.java:logGet(44)) - raft.server.log.statemachine.data.sync.timeout = 10s (default)
2020-08-03 13:23:55,630 [pool-437-thread-1] INFO  server.RaftServerConfigKeys (ConfUtils.java:logGet(44)) - raft.server.log.statemachine.data.sync.timeout.retry = -1 (default)
2020-08-03 13:23:55,632 [pool-437-thread-1] INFO  server.RaftServerConfigKeys (ConfUtils.java:logGet(44)) - raft.server.log.statemachine.data.caching.enabled = true (custom)
2020-08-03 13:23:55,632 [pool-437-thread-1] INFO  segmented.SegmentedRaftLogWorker (SegmentedRaftLogWorker.java:lambda$new$0(129)) - 0a736a62-de9a-4ec3-9e43-f4a7dc0d3b3f@group-F2057DF216CE-SegmentedRaftLogWorker: flushIndex: setUnconditionally 0 -> -1
2020-08-03 13:23:55,632 [pool-437-thread-1] INFO  segmented.SegmentedRaftLogWorker (SegmentedRaftLogWorker.java:lambda$new$0(129)) - 0a736a62-de9a-4ec3-9e43-f4a7dc0d3b3f@group-F2057DF216CE-SegmentedRaftLogWorker: safeCacheEvictIndex: setUnconditionally 0 -> -1
2020-08-03 13:23:55,632 [pool-437-thread-1] INFO  server.RaftServerConfigKeys (ConfUtils.java:logGet(44)) - raft.server.snapshot.auto.trigger.enabled = true (custom)
2020-08-03 13:23:55,632 [pool-437-thread-1] INFO  server.RaftServerConfigKeys (ConfUtils.java:logGet(44)) - raft.server.snapshot.auto.trigger.threshold = 10000 (custom)
2020-08-03 13:23:55,632 [pool-437-thread-1] INFO  server.RaftServerConfigKeys (ConfUtils.java:logGet(44)) - raft.server.snapshot.retention.file.num = 5 (custom)
2020-08-03 13:23:55,632 [pool-437-thread-1] INFO  server.RaftServerConfigKeys (ConfUtils.java:logGet(44)) - raft.server.log.purge.upto.snapshot.index = false (default)
2020-08-03 13:23:55,632 [pool-437-thread-1] INFO  server.RaftServerConfigKeys (ConfUtils.java:logGet(44)) - raft.server.retrycache.expirytime = 600000ms (custom)
2020-08-03 13:23:55,633 [pool-437-thread-1] INFO  metrics.RatisMetrics (RatisMetrics.java:lambda$create$0(36)) - Creating Metrics Registry : ratis.leader_election.0a736a62-de9a-4ec3-9e43-f4a7dc0d3b3f@group-F2057DF216CE
2020-08-03 13:23:55,633 [pool-437-thread-1] INFO  metrics.RatisMetrics (RatisMetrics.java:lambda$create$0(36)) - Creating Metrics Registry : ratis.server.0a736a62-de9a-4ec3-9e43-f4a7dc0d3b3f@group-F2057DF216CE
2020-08-03 13:23:55,634 [pool-437-thread-1] INFO  impl.RaftServerImpl (RaftServerImpl.java:start(196)) - 0a736a62-de9a-4ec3-9e43-f4a7dc0d3b3f@group-F2057DF216CE: start as a follower, conf=-1: [0a736a62-de9a-4ec3-9e43-f4a7dc0d3b3f:172.17.0.2:39385], old=null
2020-08-03 13:23:55,634 [pool-437-thread-1] INFO  impl.RaftServerImpl (RaftServerImpl.java:setRole(185)) - 0a736a62-de9a-4ec3-9e43-f4a7dc0d3b3f@group-F2057DF216CE: changes role from      null to FOLLOWER at term 0 for startAsFollower
2020-08-03 13:23:55,634 [pool-437-thread-1] INFO  impl.RoleInfo (RoleInfo.java:updateAndGet(143)) - 0a736a62-de9a-4ec3-9e43-f4a7dc0d3b3f: start FollowerState
2020-08-03 13:23:55,635 [pool-437-thread-1] INFO  util.JmxRegister (JmxRegister.java:tryRegister(44)) - Successfully registered JMX Bean with object name Ratis:service=RaftServer,group=group-F2057DF216CE,id=0a736a62-de9a-4ec3-9e43-f4a7dc0d3b3f
2020-08-03 13:23:55,635 [pool-437-thread-1] INFO  metrics.RatisMetrics (RatisMetrics.java:lambda$create$0(36)) - Creating Metrics Registry : ratis.state_machine.0a736a62-de9a-4ec3-9e43-f4a7dc0d3b3f@group-F2057DF216CE
2020-08-03 13:23:55,635 [Command processor thread] INFO  commandhandler.CreatePipelineCommandHandler (CreatePipelineCommandHandler.java:handle(110)) - Created Pipeline RATIS ONE #id: "e999ba5f-573c-402f-ae64-f2057df216ce"
uuid128 {
  mostSigBits: -1614054072787386321
  leastSigBits: -5880309108037249330
}
.
2020-08-03 13:23:55,636 [Command processor thread] INFO  impl.RaftServerProxy (RaftServerProxy.java:addNew(89)) - 0a736a62-de9a-4ec3-9e43-f4a7dc0d3b3f: addNew group-66A8D4ECF519:[9d0aaa75-f47f-4170-948a-e39c1e601cf1:172.17.0.2:43521, c093d91c-53d9-47ac-8afb-a6fc9c740374:172.17.0.2:33407, 0a736a62-de9a-4ec3-9e43-f4a7dc0d3b3f:172.17.0.2:39385] returns group-66A8D4ECF519:java.util.concurrent.CompletableFuture@55e939f1[Not completed]
2020-08-03 13:23:55,636 [pool-437-thread-1] INFO  impl.RaftServerImpl (RaftServerImpl.java:<init>(107)) - 0a736a62-de9a-4ec3-9e43-f4a7dc0d3b3f: new RaftServerImpl for group-66A8D4ECF519:[9d0aaa75-f47f-4170-948a-e39c1e601cf1:172.17.0.2:43521, c093d91c-53d9-47ac-8afb-a6fc9c740374:172.17.0.2:33407, 0a736a62-de9a-4ec3-9e43-f4a7dc0d3b3f:172.17.0.2:39385] with ContainerStateMachine:uninitialized
2020-08-03 13:23:55,636 [pool-437-thread-1] INFO  server.RaftServerConfigKeys (ConfUtils.java:logGet(44)) - raft.server.rpc.timeout.min = 5s (custom)
2020-08-03 13:23:55,637 [pool-437-thread-1] INFO  server.RaftServerConfigKeys (ConfUtils.java:logGet(44)) - raft.server.rpc.timeout.max = 5200ms (custom)
2020-08-03 13:23:55,637 [pool-437-thread-1] INFO  server.RaftServerConfigKeys (ConfUtils.java:logGet(44)) - raft.server.rpcslowness.timeout = 300000ms (custom)
2020-08-03 13:23:55,637 [pool-437-thread-1] INFO  server.RaftServerConfigKeys (ConfUtils.java:logGet(44)) - raft.server.sleep.deviation.threshold = 300 (default)
2020-08-03 13:23:55,637 [pool-437-thread-1] INFO  server.RaftServerConfigKeys (ConfUtils.java:logGet(44)) - raft.server.log.appender.install.snapshot.enabled = false (custom)
2020-08-03 13:23:55,637 [pool-437-thread-1] INFO  impl.RaftServerImpl (ServerState.java:<init>(103)) - 0a736a62-de9a-4ec3-9e43-f4a7dc0d3b3f@group-66A8D4ECF519: ConfigurationManager, init=-1: [9d0aaa75-f47f-4170-948a-e39c1e601cf1:172.17.0.2:43521, c093d91c-53d9-47ac-8afb-a6fc9c740374:172.17.0.2:33407, 0a736a62-de9a-4ec3-9e43-f4a7dc0d3b3f:172.17.0.2:39385], old=null, confs=<EMPTY_MAP>
2020-08-03 13:23:55,637 [pool-437-thread-1] INFO  server.RaftServerConfigKeys (ConfUtils.java:logGet(44)) - raft.server.storage.dir = [/github/workspace/mnt/ozone/hadoop-ozone/integration-test/target/test-dir/MiniOzoneClusterImpl-7e68a8b4-1ba8-49bf-9ad5-192f3c798a38/datanode-6/data/ratis] (custom)
2020-08-03 13:23:55,637 [pool-437-thread-1] INFO  server.RaftServerConfigKeys (ConfUtils.java:logGet(44)) - raft.server.log.corruption.policy = EXCEPTION (default)
2020-08-03 13:23:55,637 [pool-437-thread-1] INFO  storage.RaftStorageDirectory (RaftStorageDirectory.java:analyzeStorage(261)) - The storage directory /github/workspace/mnt/ozone/hadoop-ozone/integration-test/target/test-dir/MiniOzoneClusterImpl-7e68a8b4-1ba8-49bf-9ad5-192f3c798a38/datanode-6/data/ratis/34e2d6a7-fb30-4cfb-a18a-66a8d4ecf519 does not exist. Creating ...
2020-08-03 13:23:55,638 [pool-437-thread-1] INFO  storage.RaftStorageDirectory (RaftStorageDirectory.java:tryLock(343)) - Lock on /github/workspace/mnt/ozone/hadoop-ozone/integration-test/target/test-dir/MiniOzoneClusterImpl-7e68a8b4-1ba8-49bf-9ad5-192f3c798a38/datanode-6/data/ratis/34e2d6a7-fb30-4cfb-a18a-66a8d4ecf519/in_use.lock acquired by nodename 41175@21919eb6eecd
2020-08-03 13:23:55,640 [pool-437-thread-1] INFO  storage.RaftStorage (RaftStorage.java:format(84)) - Storage directory /github/workspace/mnt/ozone/hadoop-ozone/integration-test/target/test-dir/MiniOzoneClusterImpl-7e68a8b4-1ba8-49bf-9ad5-192f3c798a38/datanode-6/data/ratis/34e2d6a7-fb30-4cfb-a18a-66a8d4ecf519 has been successfully formatted.
2020-08-03 13:23:55,640 [pool-437-thread-1] INFO  ratis.ContainerStateMachine (ContainerStateMachine.java:loadSnapshot(225)) - group-66A8D4ECF519: The snapshot info is null. Setting the last applied indexto:(t:0, i:~)
2020-08-03 13:23:55,640 [Datanode State Machine Thread - 0] WARN  statemachine.DatanodeStateMachine (DatanodeStateMachine.java:start(245)) - Interrupt the execution.
java.lang.InterruptedException: sleep interrupted
	at java.lang.Thread.sleep(Native Method)
	at org.apache.hadoop.ozone.container.common.statemachine.DatanodeStateMachine.start(DatanodeStateMachine.java:243)
	at org.apache.hadoop.ozone.container.common.statemachine.DatanodeStateMachine.lambda$startDaemon$0(DatanodeStateMachine.java:405)
	at java.lang.Thread.run(Thread.java:748)
2020-08-03 13:23:55,640 [pool-437-thread-1] INFO  server.RaftServerConfigKeys (ConfUtils.java:logGet(44)) - raft.server.notification.no-leader.timeout = 300000ms (custom)
2020-08-03 13:23:55,640 [pool-437-thread-1] INFO  server.RaftServerConfigKeys (ConfUtils.java:logGet(44)) - raft.server.log.use.memory = false (default)
2020-08-03 13:23:55,640 [pool-437-thread-1] INFO  server.RaftServerConfigKeys (ConfUtils.java:logGet(44)) - raft.server.log.purge.gap = 1000000 (custom)
2020-08-03 13:23:55,640 [pool-437-thread-1] INFO  metrics.RatisMetrics (RatisMetrics.java:lambda$create$0(36)) - Creating Metrics Registry : ratis.log_worker.0a736a62-de9a-4ec3-9e43-f4a7dc0d3b3f@group-66A8D4ECF519
2020-08-03 13:23:55,641 [pool-437-thread-1] INFO  server.RaftServerConfigKeys (ConfUtils.java:logGet(44)) - raft.server.log.appender.buffer.byte-limit = 33554432 (custom)
2020-08-03 13:23:55,642 [pool-437-thread-1] INFO  server.RaftServerConfigKeys (ConfUtils.java:logGet(44)) - raft.server.log.segment.size.max = 1048576 (custom)
2020-08-03 13:23:55,643 [pool-437-thread-1] INFO  server.RaftServerConfigKeys (ConfUtils.java:logGet(44)) - raft.server.log.segment.cache.num.max = 2 (custom)
2020-08-03 13:23:55,643 [pool-437-thread-1] INFO  segmented.SegmentedRaftLogWorker (SegmentedRaftLogWorker.java:<init>(180)) - new 0a736a62-de9a-4ec3-9e43-f4a7dc0d3b3f@group-66A8D4ECF519-SegmentedRaftLogWorker for RaftStorage:Storage Directory /github/workspace/mnt/ozone/hadoop-ozone/integration-test/target/test-dir/MiniOzoneClusterImpl-7e68a8b4-1ba8-49bf-9ad5-192f3c798a38/datanode-6/data/ratis/34e2d6a7-fb30-4cfb-a18a-66a8d4ecf519
2020-08-03 13:23:55,643 [pool-437-thread-1] INFO  server.RaftServerConfigKeys (ConfUtils.java:logGet(44)) - raft.server.log.queue.byte-limit = 2147483647 (custom)
2020-08-03 13:23:55,643 [pool-437-thread-1] INFO  server.RaftServerConfigKeys (ConfUtils.java:logGet(44)) - raft.server.log.queue.element-limit = 1024 (custom)
2020-08-03 13:23:55,643 [pool-437-thread-1] INFO  server.RaftServerConfigKeys (ConfUtils.java:logGet(44)) - raft.server.log.segment.size.max = 1048576 (custom)
2020-08-03 13:23:55,643 [pool-437-thread-1] INFO  server.RaftServerConfigKeys (ConfUtils.java:logGet(44)) - raft.server.log.preallocated.size = 16384 (custom)
2020-08-03 13:23:55,643 [pool-437-thread-1] INFO  server.RaftServerConfigKeys (ConfUtils.java:logGet(44)) - raft.server.log.write.buffer.size = 1048576 (custom)
2020-08-03 13:23:55,643 [pool-437-thread-1] INFO  server.RaftServerConfigKeys (ConfUtils.java:logGet(44)) - raft.server.log.force.sync.num = 128 (default)
2020-08-03 13:23:55,643 [pool-437-thread-1] INFO  server.RaftServerConfigKeys (ConfUtils.java:logGet(44)) - raft.server.log.statemachine.data.sync = true (default)
2020-08-03 13:23:55,644 [pool-437-thread-1] INFO  server.RaftServerConfigKeys (ConfUtils.java:logGet(44)) - raft.server.log.statemachine.data.sync.timeout = 10s (default)
2020-08-03 13:23:55,644 [pool-437-thread-1] INFO  server.RaftServerConfigKeys (ConfUtils.java:logGet(44)) - raft.server.log.statemachine.data.sync.timeout.retry = -1 (default)
2020-08-03 13:23:55,645 [pool-437-thread-1] INFO  server.RaftServerConfigKeys (ConfUtils.java:logGet(44)) - raft.server.log.statemachine.data.caching.enabled = true (custom)
2020-08-03 13:23:55,645 [pool-437-thread-1] INFO  segmented.SegmentedRaftLogWorker (SegmentedRaftLogWorker.java:lambda$new$0(129)) - 0a736a62-de9a-4ec3-9e43-f4a7dc0d3b3f@group-66A8D4ECF519-SegmentedRaftLogWorker: flushIndex: setUnconditionally 0 -> -1
2020-08-03 13:23:55,645 [pool-437-thread-1] INFO  segmented.SegmentedRaftLogWorker (SegmentedRaftLogWorker.java:lambda$new$0(129)) - 0a736a62-de9a-4ec3-9e43-f4a7dc0d3b3f@group-66A8D4ECF519-SegmentedRaftLogWorker: safeCacheEvictIndex: setUnconditionally 0 -> -1
2020-08-03 13:23:55,650 [pool-437-thread-1] INFO  server.RaftServerConfigKeys (ConfUtils.java:logGet(44)) - raft.server.snapshot.auto.trigger.enabled = true (custom)
2020-08-03 13:23:55,650 [pool-437-thread-1] INFO  server.RaftServerConfigKeys (ConfUtils.java:logGet(44)) - raft.server.snapshot.auto.trigger.threshold = 10000 (custom)
2020-08-03 13:23:55,651 [pool-437-thread-1] INFO  server.RaftServerConfigKeys (ConfUtils.java:logGet(44)) - raft.server.snapshot.retention.file.num = 5 (custom)
2020-08-03 13:23:55,651 [pool-437-thread-1] INFO  server.RaftServerConfigKeys (ConfUtils.java:logGet(44)) - raft.server.log.purge.upto.snapshot.index = false (default)
2020-08-03 13:23:55,651 [pool-437-thread-1] INFO  server.RaftServerConfigKeys (ConfUtils.java:logGet(44)) - raft.server.retrycache.expirytime = 600000ms (custom)
2020-08-03 13:23:55,651 [pool-437-thread-1] INFO  metrics.RatisMetrics (RatisMetrics.java:lambda$create$0(36)) - Creating Metrics Registry : ratis.leader_election.0a736a62-de9a-4ec3-9e43-f4a7dc0d3b3f@group-66A8D4ECF519
2020-08-03 13:23:55,651 [pool-437-thread-1] INFO  metrics.RatisMetrics (RatisMetrics.java:lambda$create$0(36)) - Creating Metrics Registry : ratis.server.0a736a62-de9a-4ec3-9e43-f4a7dc0d3b3f@group-66A8D4ECF519
2020-08-03 13:23:55,652 [pool-437-thread-1] INFO  impl.RaftServerImpl (RaftServerImpl.java:start(196)) - 0a736a62-de9a-4ec3-9e43-f4a7dc0d3b3f@group-66A8D4ECF519: start as a follower, conf=-1: [9d0aaa75-f47f-4170-948a-e39c1e601cf1:172.17.0.2:43521, c093d91c-53d9-47ac-8afb-a6fc9c740374:172.17.0.2:33407, 0a736a62-de9a-4ec3-9e43-f4a7dc0d3b3f:172.17.0.2:39385], old=null
2020-08-03 13:23:55,652 [pool-437-thread-1] INFO  impl.RaftServerImpl (RaftServerImpl.java:setRole(185)) - 0a736a62-de9a-4ec3-9e43-f4a7dc0d3b3f@group-66A8D4ECF519: changes role from      null to FOLLOWER at term 0 for startAsFollower
2020-08-03 13:23:55,653 [pool-437-thread-1] INFO  impl.RoleInfo (RoleInfo.java:updateAndGet(143)) - 0a736a62-de9a-4ec3-9e43-f4a7dc0d3b3f: start FollowerState
2020-08-03 13:23:55,653 [pool-437-thread-1] INFO  util.JmxRegister (JmxRegister.java:tryRegister(44)) - Successfully registered JMX Bean with object name Ratis:service=RaftServer,group=group-66A8D4ECF519,id=0a736a62-de9a-4ec3-9e43-f4a7dc0d3b3f
2020-08-03 13:23:55,653 [pool-437-thread-1] INFO  metrics.RatisMetrics (RatisMetrics.java:lambda$create$0(36)) - Creating Metrics Registry : ratis.state_machine.0a736a62-de9a-4ec3-9e43-f4a7dc0d3b3f@group-66A8D4ECF519
2020-08-03 13:23:55,662 [grpc-default-executor-3] INFO  impl.RaftServerProxy (RaftServerProxy.java:addNew(89)) - 9d0aaa75-f47f-4170-948a-e39c1e601cf1: addNew group-66A8D4ECF519:[9d0aaa75-f47f-4170-948a-e39c1e601cf1:172.17.0.2:43521, c093d91c-53d9-47ac-8afb-a6fc9c740374:172.17.0.2:33407, 0a736a62-de9a-4ec3-9e43-f4a7dc0d3b3f:172.17.0.2:39385] returns group-66A8D4ECF519:java.util.concurrent.CompletableFuture@595a8616[Not completed]
2020-08-03 13:23:55,664 [pool-467-thread-1] INFO  impl.RaftServerImpl (RaftServerImpl.java:<init>(107)) - 9d0aaa75-f47f-4170-948a-e39c1e601cf1: new RaftServerImpl for group-66A8D4ECF519:[9d0aaa75-f47f-4170-948a-e39c1e601cf1:172.17.0.2:43521, c093d91c-53d9-47ac-8afb-a6fc9c740374:172.17.0.2:33407, 0a736a62-de9a-4ec3-9e43-f4a7dc0d3b3f:172.17.0.2:39385] with ContainerStateMachine:uninitialized
2020-08-03 13:23:55,664 [pool-467-thread-1] INFO  server.RaftServerConfigKeys (ConfUtils.java:logGet(44)) - raft.server.rpc.timeout.min = 5s (custom)
2020-08-03 13:23:55,664 [pool-467-thread-1] INFO  server.RaftServerConfigKeys (ConfUtils.java:logGet(44)) - raft.server.rpc.timeout.max = 5200ms (custom)
2020-08-03 13:23:55,664 [pool-467-thread-1] INFO  server.RaftServerConfigKeys (ConfUtils.java:logGet(44)) - raft.server.rpcslowness.timeout = 300000ms (custom)
2020-08-03 13:23:55,664 [pool-467-thread-1] INFO  server.RaftServerConfigKeys (ConfUtils.java:logGet(44)) - raft.server.sleep.deviation.threshold = 300 (default)
2020-08-03 13:23:55,664 [pool-467-thread-1] INFO  server.RaftServerConfigKeys (ConfUtils.java:logGet(44)) - raft.server.log.appender.install.snapshot.enabled = false (custom)
2020-08-03 13:23:55,664 [pool-467-thread-1] INFO  impl.RaftServerImpl (ServerState.java:<init>(103)) - 9d0aaa75-f47f-4170-948a-e39c1e601cf1@group-66A8D4ECF519: ConfigurationManager, init=-1: [9d0aaa75-f47f-4170-948a-e39c1e601cf1:172.17.0.2:43521, c093d91c-53d9-47ac-8afb-a6fc9c740374:172.17.0.2:33407, 0a736a62-de9a-4ec3-9e43-f4a7dc0d3b3f:172.17.0.2:39385], old=null, confs=<EMPTY_MAP>
2020-08-03 13:23:55,664 [pool-467-thread-1] INFO  server.RaftServerConfigKeys (ConfUtils.java:logGet(44)) - raft.server.storage.dir = [/github/workspace/mnt/ozone/hadoop-ozone/integration-test/target/test-dir/MiniOzoneClusterImpl-7e68a8b4-1ba8-49bf-9ad5-192f3c798a38/datanode-8/data/ratis] (custom)
2020-08-03 13:23:55,664 [pool-467-thread-1] INFO  server.RaftServerConfigKeys (ConfUtils.java:logGet(44)) - raft.server.log.corruption.policy = EXCEPTION (default)
2020-08-03 13:23:55,665 [pool-467-thread-1] INFO  storage.RaftStorageDirectory (RaftStorageDirectory.java:analyzeStorage(261)) - The storage directory /github/workspace/mnt/ozone/hadoop-ozone/integration-test/target/test-dir/MiniOzoneClusterImpl-7e68a8b4-1ba8-49bf-9ad5-192f3c798a38/datanode-8/data/ratis/34e2d6a7-fb30-4cfb-a18a-66a8d4ecf519 does not exist. Creating ...
2020-08-03 13:23:55,666 [pool-467-thread-1] INFO  storage.RaftStorageDirectory (RaftStorageDirectory.java:tryLock(343)) - Lock on /github/workspace/mnt/ozone/hadoop-ozone/integration-test/target/test-dir/MiniOzoneClusterImpl-7e68a8b4-1ba8-49bf-9ad5-192f3c798a38/datanode-8/data/ratis/34e2d6a7-fb30-4cfb-a18a-66a8d4ecf519/in_use.lock acquired by nodename 41175@21919eb6eecd
2020-08-03 13:23:55,666 [pool-467-thread-1] INFO  storage.RaftStorage (RaftStorage.java:format(84)) - Storage directory /github/workspace/mnt/ozone/hadoop-ozone/integration-test/target/test-dir/MiniOzoneClusterImpl-7e68a8b4-1ba8-49bf-9ad5-192f3c798a38/datanode-8/data/ratis/34e2d6a7-fb30-4cfb-a18a-66a8d4ecf519 has been successfully formatted.
2020-08-03 13:23:55,667 [pool-467-thread-1] INFO  ratis.ContainerStateMachine (ContainerStateMachine.java:loadSnapshot(225)) - group-66A8D4ECF519: The snapshot info is null. Setting the last applied indexto:(t:0, i:~)
2020-08-03 13:23:55,667 [pool-467-thread-1] INFO  server.RaftServerConfigKeys (ConfUtils.java:logGet(44)) - raft.server.notification.no-leader.timeout = 300000ms (custom)
2020-08-03 13:23:55,667 [pool-467-thread-1] INFO  server.RaftServerConfigKeys (ConfUtils.java:logGet(44)) - raft.server.log.use.memory = false (default)
2020-08-03 13:23:55,667 [pool-467-thread-1] INFO  server.RaftServerConfigKeys (ConfUtils.java:logGet(44)) - raft.server.log.purge.gap = 1000000 (custom)
2020-08-03 13:23:55,667 [pool-467-thread-1] INFO  metrics.RatisMetrics (RatisMetrics.java:lambda$create$0(36)) - Creating Metrics Registry : ratis.log_worker.9d0aaa75-f47f-4170-948a-e39c1e601cf1@group-66A8D4ECF519
2020-08-03 13:23:55,667 [Datanode State Machine Thread - 0] WARN  statemachine.DatanodeStateMachine (DatanodeStateMachine.java:start(245)) - Interrupt the execution.
java.lang.InterruptedException: sleep interrupted
	at java.lang.Thread.sleep(Native Method)
	at org.apache.hadoop.ozone.container.common.statemachine.DatanodeStateMachine.start(DatanodeStateMachine.java:243)
	at org.apache.hadoop.ozone.container.common.statemachine.DatanodeStateMachine.lambda$startDaemon$0(DatanodeStateMachine.java:405)
	at java.lang.Thread.run(Thread.java:748)
2020-08-03 13:23:55,667 [pool-467-thread-1] INFO  server.RaftServerConfigKeys (ConfUtils.java:logGet(44)) - raft.server.log.appender.buffer.byte-limit = 33554432 (custom)
2020-08-03 13:23:55,668 [pool-467-thread-1] INFO  server.RaftServerConfigKeys (ConfUtils.java:logGet(44)) - raft.server.log.segment.size.max = 1048576 (custom)
2020-08-03 13:23:55,669 [pool-467-thread-1] INFO  server.RaftServerConfigKeys (ConfUtils.java:logGet(44)) - raft.server.log.segment.cache.num.max = 2 (custom)
2020-08-03 13:23:55,669 [pool-467-thread-1] INFO  segmented.SegmentedRaftLogWorker (SegmentedRaftLogWorker.java:<init>(180)) - new 9d0aaa75-f47f-4170-948a-e39c1e601cf1@group-66A8D4ECF519-SegmentedRaftLogWorker for RaftStorage:Storage Directory /github/workspace/mnt/ozone/hadoop-ozone/integration-test/target/test-dir/MiniOzoneClusterImpl-7e68a8b4-1ba8-49bf-9ad5-192f3c798a38/datanode-8/data/ratis/34e2d6a7-fb30-4cfb-a18a-66a8d4ecf519
2020-08-03 13:23:55,669 [pool-467-thread-1] INFO  server.RaftServerConfigKeys (ConfUtils.java:logGet(44)) - raft.server.log.queue.byte-limit = 2147483647 (custom)
2020-08-03 13:23:55,669 [pool-467-thread-1] INFO  server.RaftServerConfigKeys (ConfUtils.java:logGet(44)) - raft.server.log.queue.element-limit = 1024 (custom)
2020-08-03 13:23:55,669 [pool-467-thread-1] INFO  server.RaftServerConfigKeys (ConfUtils.java:logGet(44)) - raft.server.log.segment.size.max = 1048576 (custom)
2020-08-03 13:23:55,670 [pool-467-thread-1] INFO  server.RaftServerConfigKeys (ConfUtils.java:logGet(44)) - raft.server.log.preallocated.size = 16384 (custom)
2020-08-03 13:23:55,670 [pool-467-thread-1] INFO  server.RaftServerConfigKeys (ConfUtils.java:logGet(44)) - raft.server.log.write.buffer.size = 1048576 (custom)
2020-08-03 13:23:55,670 [pool-467-thread-1] INFO  server.RaftServerConfigKeys (ConfUtils.java:logGet(44)) - raft.server.log.force.sync.num = 128 (default)
2020-08-03 13:23:55,670 [pool-467-thread-1] INFO  server.RaftServerConfigKeys (ConfUtils.java:logGet(44)) - raft.server.log.statemachine.data.sync = true (default)
2020-08-03 13:23:55,670 [pool-467-thread-1] INFO  server.RaftServerConfigKeys (ConfUtils.java:logGet(44)) - raft.server.log.statemachine.data.sync.timeout = 10s (default)
2020-08-03 13:23:55,670 [pool-467-thread-1] INFO  server.RaftServerConfigKeys (ConfUtils.java:logGet(44)) - raft.server.log.statemachine.data.sync.timeout.retry = -1 (default)
2020-08-03 13:23:55,671 [pool-467-thread-1] INFO  server.RaftServerConfigKeys (ConfUtils.java:logGet(44)) - raft.server.log.statemachine.data.caching.enabled = true (custom)
2020-08-03 13:23:55,672 [pool-467-thread-1] INFO  segmented.SegmentedRaftLogWorker (SegmentedRaftLogWorker.java:lambda$new$0(129)) - 9d0aaa75-f47f-4170-948a-e39c1e601cf1@group-66A8D4ECF519-SegmentedRaftLogWorker: flushIndex: setUnconditionally 0 -> -1
2020-08-03 13:23:55,672 [pool-467-thread-1] INFO  segmented.SegmentedRaftLogWorker (SegmentedRaftLogWorker.java:lambda$new$0(129)) - 9d0aaa75-f47f-4170-948a-e39c1e601cf1@group-66A8D4ECF519-SegmentedRaftLogWorker: safeCacheEvictIndex: setUnconditionally 0 -> -1
2020-08-03 13:23:55,672 [pool-467-thread-1] INFO  server.RaftServerConfigKeys (ConfUtils.java:logGet(44)) - raft.server.snapshot.auto.trigger.enabled = true (custom)
2020-08-03 13:23:55,672 [pool-467-thread-1] INFO  server.RaftServerConfigKeys (ConfUtils.java:logGet(44)) - raft.server.snapshot.auto.trigger.threshold = 10000 (custom)
2020-08-03 13:23:55,672 [pool-467-thread-1] INFO  server.RaftServerConfigKeys (ConfUtils.java:logGet(44)) - raft.server.snapshot.retention.file.num = 5 (custom)
2020-08-03 13:23:55,672 [pool-467-thread-1] INFO  server.RaftServerConfigKeys (ConfUtils.java:logGet(44)) - raft.server.log.purge.upto.snapshot.index = false (default)
2020-08-03 13:23:55,672 [pool-467-thread-1] INFO  server.RaftServerConfigKeys (ConfUtils.java:logGet(44)) - raft.server.retrycache.expirytime = 600000ms (custom)
2020-08-03 13:23:55,672 [pool-467-thread-1] INFO  metrics.RatisMetrics (RatisMetrics.java:lambda$create$0(36)) - Creating Metrics Registry : ratis.leader_election.9d0aaa75-f47f-4170-948a-e39c1e601cf1@group-66A8D4ECF519
2020-08-03 13:23:55,673 [pool-467-thread-1] INFO  metrics.RatisMetrics (RatisMetrics.java:lambda$create$0(36)) - Creating Metrics Registry : ratis.server.9d0aaa75-f47f-4170-948a-e39c1e601cf1@group-66A8D4ECF519
2020-08-03 13:23:55,674 [pool-467-thread-1] INFO  impl.RaftServerImpl (RaftServerImpl.java:start(196)) - 9d0aaa75-f47f-4170-948a-e39c1e601cf1@group-66A8D4ECF519: start as a follower, conf=-1: [9d0aaa75-f47f-4170-948a-e39c1e601cf1:172.17.0.2:43521, c093d91c-53d9-47ac-8afb-a6fc9c740374:172.17.0.2:33407, 0a736a62-de9a-4ec3-9e43-f4a7dc0d3b3f:172.17.0.2:39385], old=null
2020-08-03 13:23:55,674 [pool-467-thread-1] INFO  impl.RaftServerImpl (RaftServerImpl.java:setRole(185)) - 9d0aaa75-f47f-4170-948a-e39c1e601cf1@group-66A8D4ECF519: changes role from      null to FOLLOWER at term 0 for startAsFollower
2020-08-03 13:23:55,674 [pool-467-thread-1] INFO  impl.RoleInfo (RoleInfo.java:updateAndGet(143)) - 9d0aaa75-f47f-4170-948a-e39c1e601cf1: start FollowerState
2020-08-03 13:23:55,674 [pool-467-thread-1] INFO  util.JmxRegister (JmxRegister.java:tryRegister(44)) - Successfully registered JMX Bean with object name Ratis:service=RaftServer,group=group-66A8D4ECF519,id=9d0aaa75-f47f-4170-948a-e39c1e601cf1
2020-08-03 13:23:55,674 [pool-467-thread-1] INFO  metrics.RatisMetrics (RatisMetrics.java:lambda$create$0(36)) - Creating Metrics Registry : ratis.state_machine.9d0aaa75-f47f-4170-948a-e39c1e601cf1@group-66A8D4ECF519
2020-08-03 13:23:55,683 [grpc-default-executor-3] INFO  impl.RaftServerProxy (RaftServerProxy.java:addNew(89)) - c093d91c-53d9-47ac-8afb-a6fc9c740374: addNew group-66A8D4ECF519:[9d0aaa75-f47f-4170-948a-e39c1e601cf1:172.17.0.2:43521, c093d91c-53d9-47ac-8afb-a6fc9c740374:172.17.0.2:33407, 0a736a62-de9a-4ec3-9e43-f4a7dc0d3b3f:172.17.0.2:39385] returns group-66A8D4ECF519:java.util.concurrent.CompletableFuture@1e8b98da[Not completed]
2020-08-03 13:23:55,683 [pool-452-thread-1] INFO  impl.RaftServerImpl (RaftServerImpl.java:<init>(107)) - c093d91c-53d9-47ac-8afb-a6fc9c740374: new RaftServerImpl for group-66A8D4ECF519:[9d0aaa75-f47f-4170-948a-e39c1e601cf1:172.17.0.2:43521, c093d91c-53d9-47ac-8afb-a6fc9c740374:172.17.0.2:33407, 0a736a62-de9a-4ec3-9e43-f4a7dc0d3b3f:172.17.0.2:39385] with ContainerStateMachine:uninitialized
2020-08-03 13:23:55,683 [pool-452-thread-1] INFO  server.RaftServerConfigKeys (ConfUtils.java:logGet(44)) - raft.server.rpc.timeout.min = 5s (custom)
2020-08-03 13:23:55,684 [pool-452-thread-1] INFO  server.RaftServerConfigKeys (ConfUtils.java:logGet(44)) - raft.server.rpc.timeout.max = 5200ms (custom)
2020-08-03 13:23:55,684 [pool-452-thread-1] INFO  server.RaftServerConfigKeys (ConfUtils.java:logGet(44)) - raft.server.rpcslowness.timeout = 300000ms (custom)
2020-08-03 13:23:55,684 [pool-452-thread-1] INFO  server.RaftServerConfigKeys (ConfUtils.java:logGet(44)) - raft.server.sleep.deviation.threshold = 300 (default)
2020-08-03 13:23:55,684 [pool-452-thread-1] INFO  server.RaftServerConfigKeys (ConfUtils.java:logGet(44)) - raft.server.log.appender.install.snapshot.enabled = false (custom)
2020-08-03 13:23:55,684 [pool-452-thread-1] INFO  impl.RaftServerImpl (ServerState.java:<init>(103)) - c093d91c-53d9-47ac-8afb-a6fc9c740374@group-66A8D4ECF519: ConfigurationManager, init=-1: [9d0aaa75-f47f-4170-948a-e39c1e601cf1:172.17.0.2:43521, c093d91c-53d9-47ac-8afb-a6fc9c740374:172.17.0.2:33407, 0a736a62-de9a-4ec3-9e43-f4a7dc0d3b3f:172.17.0.2:39385], old=null, confs=<EMPTY_MAP>
2020-08-03 13:23:55,684 [pool-452-thread-1] INFO  server.RaftServerConfigKeys (ConfUtils.java:logGet(44)) - raft.server.storage.dir = [/github/workspace/mnt/ozone/hadoop-ozone/integration-test/target/test-dir/MiniOzoneClusterImpl-7e68a8b4-1ba8-49bf-9ad5-192f3c798a38/datanode-7/data/ratis] (custom)
2020-08-03 13:23:55,684 [pool-452-thread-1] INFO  server.RaftServerConfigKeys (ConfUtils.java:logGet(44)) - raft.server.log.corruption.policy = EXCEPTION (default)
2020-08-03 13:23:55,684 [pool-452-thread-1] INFO  storage.RaftStorageDirectory (RaftStorageDirectory.java:analyzeStorage(261)) - The storage directory /github/workspace/mnt/ozone/hadoop-ozone/integration-test/target/test-dir/MiniOzoneClusterImpl-7e68a8b4-1ba8-49bf-9ad5-192f3c798a38/datanode-7/data/ratis/34e2d6a7-fb30-4cfb-a18a-66a8d4ecf519 does not exist. Creating ...
2020-08-03 13:23:55,685 [pool-452-thread-1] INFO  storage.RaftStorageDirectory (RaftStorageDirectory.java:tryLock(343)) - Lock on /github/workspace/mnt/ozone/hadoop-ozone/integration-test/target/test-dir/MiniOzoneClusterImpl-7e68a8b4-1ba8-49bf-9ad5-192f3c798a38/datanode-7/data/ratis/34e2d6a7-fb30-4cfb-a18a-66a8d4ecf519/in_use.lock acquired by nodename 41175@21919eb6eecd
2020-08-03 13:23:55,686 [pool-452-thread-1] INFO  storage.RaftStorage (RaftStorage.java:format(84)) - Storage directory /github/workspace/mnt/ozone/hadoop-ozone/integration-test/target/test-dir/MiniOzoneClusterImpl-7e68a8b4-1ba8-49bf-9ad5-192f3c798a38/datanode-7/data/ratis/34e2d6a7-fb30-4cfb-a18a-66a8d4ecf519 has been successfully formatted.
2020-08-03 13:23:55,687 [pool-452-thread-1] INFO  ratis.ContainerStateMachine (ContainerStateMachine.java:loadSnapshot(225)) - group-66A8D4ECF519: The snapshot info is null. Setting the last applied indexto:(t:0, i:~)
2020-08-03 13:23:55,687 [Datanode State Machine Thread - 0] WARN  statemachine.DatanodeStateMachine (DatanodeStateMachine.java:start(245)) - Interrupt the execution.
java.lang.InterruptedException: sleep interrupted
	at java.lang.Thread.sleep(Native Method)
	at org.apache.hadoop.ozone.container.common.statemachine.DatanodeStateMachine.start(DatanodeStateMachine.java:243)
	at org.apache.hadoop.ozone.container.common.statemachine.DatanodeStateMachine.lambda$startDaemon$0(DatanodeStateMachine.java:405)
	at java.lang.Thread.run(Thread.java:748)
2020-08-03 13:23:55,687 [pool-452-thread-1] INFO  server.RaftServerConfigKeys (ConfUtils.java:logGet(44)) - raft.server.notification.no-leader.timeout = 300000ms (custom)
2020-08-03 13:23:55,688 [pool-452-thread-1] INFO  server.RaftServerConfigKeys (ConfUtils.java:logGet(44)) - raft.server.log.use.memory = false (default)
2020-08-03 13:23:55,689 [pool-452-thread-1] INFO  server.RaftServerConfigKeys (ConfUtils.java:logGet(44)) - raft.server.log.purge.gap = 1000000 (custom)
2020-08-03 13:23:55,689 [pool-452-thread-1] INFO  metrics.RatisMetrics (RatisMetrics.java:lambda$create$0(36)) - Creating Metrics Registry : ratis.log_worker.c093d91c-53d9-47ac-8afb-a6fc9c740374@group-66A8D4ECF519
2020-08-03 13:23:55,689 [pool-452-thread-1] INFO  server.RaftServerConfigKeys (ConfUtils.java:logGet(44)) - raft.server.log.appender.buffer.byte-limit = 33554432 (custom)
2020-08-03 13:23:55,690 [pool-452-thread-1] INFO  server.RaftServerConfigKeys (ConfUtils.java:logGet(44)) - raft.server.log.segment.size.max = 1048576 (custom)
2020-08-03 13:23:55,691 [pool-452-thread-1] INFO  server.RaftServerConfigKeys (ConfUtils.java:logGet(44)) - raft.server.log.segment.cache.num.max = 2 (custom)
2020-08-03 13:23:55,691 [pool-452-thread-1] INFO  segmented.SegmentedRaftLogWorker (SegmentedRaftLogWorker.java:<init>(180)) - new c093d91c-53d9-47ac-8afb-a6fc9c740374@group-66A8D4ECF519-SegmentedRaftLogWorker for RaftStorage:Storage Directory /github/workspace/mnt/ozone/hadoop-ozone/integration-test/target/test-dir/MiniOzoneClusterImpl-7e68a8b4-1ba8-49bf-9ad5-192f3c798a38/datanode-7/data/ratis/34e2d6a7-fb30-4cfb-a18a-66a8d4ecf519
2020-08-03 13:23:55,691 [pool-452-thread-1] INFO  server.RaftServerConfigKeys (ConfUtils.java:logGet(44)) - raft.server.log.queue.byte-limit = 2147483647 (custom)
2020-08-03 13:23:55,691 [pool-452-thread-1] INFO  server.RaftServerConfigKeys (ConfUtils.java:logGet(44)) - raft.server.log.queue.element-limit = 1024 (custom)
2020-08-03 13:23:55,691 [pool-452-thread-1] INFO  server.RaftServerConfigKeys (ConfUtils.java:logGet(44)) - raft.server.log.segment.size.max = 1048576 (custom)
2020-08-03 13:23:55,691 [pool-452-thread-1] INFO  server.RaftServerConfigKeys (ConfUtils.java:logGet(44)) - raft.server.log.preallocated.size = 16384 (custom)
2020-08-03 13:23:55,691 [pool-452-thread-1] INFO  server.RaftServerConfigKeys (ConfUtils.java:logGet(44)) - raft.server.log.write.buffer.size = 1048576 (custom)
2020-08-03 13:23:55,691 [pool-452-thread-1] INFO  server.RaftServerConfigKeys (ConfUtils.java:logGet(44)) - raft.server.log.force.sync.num = 128 (default)
2020-08-03 13:23:55,691 [pool-452-thread-1] INFO  server.RaftServerConfigKeys (ConfUtils.java:logGet(44)) - raft.server.log.statemachine.data.sync = true (default)
2020-08-03 13:23:55,691 [pool-452-thread-1] INFO  server.RaftServerConfigKeys (ConfUtils.java:logGet(44)) - raft.server.log.statemachine.data.sync.timeout = 10s (default)
2020-08-03 13:23:55,691 [pool-452-thread-1] INFO  server.RaftServerConfigKeys (ConfUtils.java:logGet(44)) - raft.server.log.statemachine.data.sync.timeout.retry = -1 (default)
2020-08-03 13:23:55,694 [pool-452-thread-1] INFO  server.RaftServerConfigKeys (ConfUtils.java:logGet(44)) - raft.server.log.statemachine.data.caching.enabled = true (custom)
2020-08-03 13:23:55,694 [pool-452-thread-1] INFO  segmented.SegmentedRaftLogWorker (SegmentedRaftLogWorker.java:lambda$new$0(129)) - c093d91c-53d9-47ac-8afb-a6fc9c740374@group-66A8D4ECF519-SegmentedRaftLogWorker: flushIndex: setUnconditionally 0 -> -1
2020-08-03 13:23:55,694 [pool-452-thread-1] INFO  segmented.SegmentedRaftLogWorker (SegmentedRaftLogWorker.java:lambda$new$0(129)) - c093d91c-53d9-47ac-8afb-a6fc9c740374@group-66A8D4ECF519-SegmentedRaftLogWorker: safeCacheEvictIndex: setUnconditionally 0 -> -1
2020-08-03 13:23:55,694 [pool-452-thread-1] INFO  server.RaftServerConfigKeys (ConfUtils.java:logGet(44)) - raft.server.snapshot.auto.trigger.enabled = true (custom)
2020-08-03 13:23:55,694 [pool-452-thread-1] INFO  server.RaftServerConfigKeys (ConfUtils.java:logGet(44)) - raft.server.snapshot.auto.trigger.threshold = 10000 (custom)
2020-08-03 13:23:55,694 [pool-452-thread-1] INFO  server.RaftServerConfigKeys (ConfUtils.java:logGet(44)) - raft.server.snapshot.retention.file.num = 5 (custom)
2020-08-03 13:23:55,694 [pool-452-thread-1] INFO  server.RaftServerConfigKeys (ConfUtils.java:logGet(44)) - raft.server.log.purge.upto.snapshot.index = false (default)
2020-08-03 13:23:55,694 [pool-452-thread-1] INFO  server.RaftServerConfigKeys (ConfUtils.java:logGet(44)) - raft.server.retrycache.expirytime = 600000ms (custom)
2020-08-03 13:23:55,695 [pool-452-thread-1] INFO  metrics.RatisMetrics (RatisMetrics.java:lambda$create$0(36)) - Creating Metrics Registry : ratis.leader_election.c093d91c-53d9-47ac-8afb-a6fc9c740374@group-66A8D4ECF519
2020-08-03 13:23:55,695 [pool-452-thread-1] INFO  metrics.RatisMetrics (RatisMetrics.java:lambda$create$0(36)) - Creating Metrics Registry : ratis.server.c093d91c-53d9-47ac-8afb-a6fc9c740374@group-66A8D4ECF519
2020-08-03 13:23:55,696 [pool-452-thread-1] INFO  impl.RaftServerImpl (RaftServerImpl.java:start(196)) - c093d91c-53d9-47ac-8afb-a6fc9c740374@group-66A8D4ECF519: start as a follower, conf=-1: [9d0aaa75-f47f-4170-948a-e39c1e601cf1:172.17.0.2:43521, c093d91c-53d9-47ac-8afb-a6fc9c740374:172.17.0.2:33407, 0a736a62-de9a-4ec3-9e43-f4a7dc0d3b3f:172.17.0.2:39385], old=null
2020-08-03 13:23:55,696 [pool-452-thread-1] INFO  impl.RaftServerImpl (RaftServerImpl.java:setRole(185)) - c093d91c-53d9-47ac-8afb-a6fc9c740374@group-66A8D4ECF519: changes role from      null to FOLLOWER at term 0 for startAsFollower
2020-08-03 13:23:55,696 [pool-452-thread-1] INFO  impl.RoleInfo (RoleInfo.java:updateAndGet(143)) - c093d91c-53d9-47ac-8afb-a6fc9c740374: start FollowerState
2020-08-03 13:23:55,697 [pool-452-thread-1] INFO  util.JmxRegister (JmxRegister.java:tryRegister(44)) - Successfully registered JMX Bean with object name Ratis:service=RaftServer,group=group-66A8D4ECF519,id=c093d91c-53d9-47ac-8afb-a6fc9c740374
2020-08-03 13:23:55,697 [pool-452-thread-1] INFO  metrics.RatisMetrics (RatisMetrics.java:lambda$create$0(36)) - Creating Metrics Registry : ratis.state_machine.c093d91c-53d9-47ac-8afb-a6fc9c740374@group-66A8D4ECF519
2020-08-03 13:23:55,700 [Command processor thread] INFO  commandhandler.CreatePipelineCommandHandler (CreatePipelineCommandHandler.java:handle(110)) - Created Pipeline RATIS THREE #id: "34e2d6a7-fb30-4cfb-a18a-66a8d4ecf519"
uuid128 {
  mostSigBits: 3810844251670990075
  leastSigBits: -6806515011504245479
}
.
2020-08-03 13:23:55,726 [Command processor thread] INFO  impl.RaftServerProxy (RaftServerProxy.java:addNew(89)) - c093d91c-53d9-47ac-8afb-a6fc9c740374: addNew group-01893416B324:[c093d91c-53d9-47ac-8afb-a6fc9c740374:172.17.0.2:33407] returns group-01893416B324:java.util.concurrent.CompletableFuture@4830cf70[Not completed]
2020-08-03 13:23:55,727 [pool-452-thread-1] INFO  impl.RaftServerImpl (RaftServerImpl.java:<init>(107)) - c093d91c-53d9-47ac-8afb-a6fc9c740374: new RaftServerImpl for group-01893416B324:[c093d91c-53d9-47ac-8afb-a6fc9c740374:172.17.0.2:33407] with ContainerStateMachine:uninitialized
2020-08-03 13:23:55,727 [pool-452-thread-1] INFO  server.RaftServerConfigKeys (ConfUtils.java:logGet(44)) - raft.server.rpc.timeout.min = 5s (custom)
2020-08-03 13:23:55,727 [pool-452-thread-1] INFO  server.RaftServerConfigKeys (ConfUtils.java:logGet(44)) - raft.server.rpc.timeout.max = 5200ms (custom)
2020-08-03 13:23:55,727 [pool-452-thread-1] INFO  server.RaftServerConfigKeys (ConfUtils.java:logGet(44)) - raft.server.rpcslowness.timeout = 300000ms (custom)
2020-08-03 13:23:55,727 [pool-452-thread-1] INFO  server.RaftServerConfigKeys (ConfUtils.java:logGet(44)) - raft.server.sleep.deviation.threshold = 300 (default)
2020-08-03 13:23:55,727 [pool-452-thread-1] INFO  server.RaftServerConfigKeys (ConfUtils.java:logGet(44)) - raft.server.log.appender.install.snapshot.enabled = false (custom)
2020-08-03 13:23:55,727 [pool-452-thread-1] INFO  impl.RaftServerImpl (ServerState.java:<init>(103)) - c093d91c-53d9-47ac-8afb-a6fc9c740374@group-01893416B324: ConfigurationManager, init=-1: [c093d91c-53d9-47ac-8afb-a6fc9c740374:172.17.0.2:33407], old=null, confs=<EMPTY_MAP>
2020-08-03 13:23:55,727 [pool-452-thread-1] INFO  server.RaftServerConfigKeys (ConfUtils.java:logGet(44)) - raft.server.storage.dir = [/github/workspace/mnt/ozone/hadoop-ozone/integration-test/target/test-dir/MiniOzoneClusterImpl-7e68a8b4-1ba8-49bf-9ad5-192f3c798a38/datanode-7/data/ratis] (custom)
2020-08-03 13:23:55,728 [pool-452-thread-1] INFO  server.RaftServerConfigKeys (ConfUtils.java:logGet(44)) - raft.server.log.corruption.policy = EXCEPTION (default)
2020-08-03 13:23:55,728 [pool-452-thread-1] INFO  storage.RaftStorageDirectory (RaftStorageDirectory.java:analyzeStorage(261)) - The storage directory /github/workspace/mnt/ozone/hadoop-ozone/integration-test/target/test-dir/MiniOzoneClusterImpl-7e68a8b4-1ba8-49bf-9ad5-192f3c798a38/datanode-7/data/ratis/ff6053d6-fac6-40e5-9987-01893416b324 does not exist. Creating ...
2020-08-03 13:23:55,729 [pool-452-thread-1] INFO  storage.RaftStorageDirectory (RaftStorageDirectory.java:tryLock(343)) - Lock on /github/workspace/mnt/ozone/hadoop-ozone/integration-test/target/test-dir/MiniOzoneClusterImpl-7e68a8b4-1ba8-49bf-9ad5-192f3c798a38/datanode-7/data/ratis/ff6053d6-fac6-40e5-9987-01893416b324/in_use.lock acquired by nodename 41175@21919eb6eecd
2020-08-03 13:23:55,731 [pool-452-thread-1] INFO  storage.RaftStorage (RaftStorage.java:format(84)) - Storage directory /github/workspace/mnt/ozone/hadoop-ozone/integration-test/target/test-dir/MiniOzoneClusterImpl-7e68a8b4-1ba8-49bf-9ad5-192f3c798a38/datanode-7/data/ratis/ff6053d6-fac6-40e5-9987-01893416b324 has been successfully formatted.
2020-08-03 13:23:55,731 [Datanode State Machine Thread - 0] WARN  statemachine.DatanodeStateMachine (DatanodeStateMachine.java:start(245)) - Interrupt the execution.
java.lang.InterruptedException: sleep interrupted
	at java.lang.Thread.sleep(Native Method)
	at org.apache.hadoop.ozone.container.common.statemachine.DatanodeStateMachine.start(DatanodeStateMachine.java:243)
	at org.apache.hadoop.ozone.container.common.statemachine.DatanodeStateMachine.lambda$startDaemon$0(DatanodeStateMachine.java:405)
	at java.lang.Thread.run(Thread.java:748)
2020-08-03 13:23:55,731 [pool-452-thread-1] INFO  ratis.ContainerStateMachine (ContainerStateMachine.java:loadSnapshot(225)) - group-01893416B324: The snapshot info is null. Setting the last applied indexto:(t:0, i:~)
2020-08-03 13:23:55,734 [pool-452-thread-1] INFO  server.RaftServerConfigKeys (ConfUtils.java:logGet(44)) - raft.server.notification.no-leader.timeout = 300000ms (custom)
2020-08-03 13:23:55,734 [pool-452-thread-1] INFO  server.RaftServerConfigKeys (ConfUtils.java:logGet(44)) - raft.server.log.use.memory = false (default)
2020-08-03 13:23:55,734 [pool-452-thread-1] INFO  server.RaftServerConfigKeys (ConfUtils.java:logGet(44)) - raft.server.log.purge.gap = 1000000 (custom)
2020-08-03 13:23:55,734 [pool-452-thread-1] INFO  metrics.RatisMetrics (RatisMetrics.java:lambda$create$0(36)) - Creating Metrics Registry : ratis.log_worker.c093d91c-53d9-47ac-8afb-a6fc9c740374@group-01893416B324
2020-08-03 13:23:55,734 [pool-452-thread-1] INFO  server.RaftServerConfigKeys (ConfUtils.java:logGet(44)) - raft.server.log.appender.buffer.byte-limit = 33554432 (custom)
2020-08-03 13:23:55,734 [EventQueue-PipelineReportForPipelineReportHandler] INFO  pipeline.PipelineStateManager (PipelineStateManager.java:openPipeline(131)) - Pipeline Pipeline[ Id: ff6053d6-fac6-40e5-9987-01893416b324, Nodes: c093d91c-53d9-47ac-8afb-a6fc9c740374{ip: 172.17.0.2, host: 21919eb6eecd, networkLocation: /default-rack, certSerialId: null}, Type:RATIS, Factor:ONE, State:ALLOCATED, leaderId:c093d91c-53d9-47ac-8afb-a6fc9c740374, CreationTimestamp2020-08-03T13:23:52.728Z] moved to OPEN state
2020-08-03 13:23:55,736 [EventQueue-OpenPipelineForHealthyPipelineSafeModeRule] INFO  safemode.SCMSafeModeManager (HealthyPipelineSafeModeRule.java:process(129)) - SCM in safe mode. Healthy pipelines reported count is 0, required healthy pipeline reported count is 1
2020-08-03 13:23:55,736 [EventQueue-OpenPipelineForOneReplicaPipelineSafeModeRule] INFO  safemode.SCMSafeModeManager (SCMSafeModeManager.java:validateSafeModeExitRules(214)) - AtleastOneDatanodeReportedRule rule is successfully validated
2020-08-03 13:23:55,734 [pool-452-thread-1] INFO  server.RaftServerConfigKeys (ConfUtils.java:logGet(44)) - raft.server.log.segment.size.max = 1048576 (custom)
2020-08-03 13:23:55,737 [pool-452-thread-1] INFO  server.RaftServerConfigKeys (ConfUtils.java:logGet(44)) - raft.server.log.segment.cache.num.max = 2 (custom)
2020-08-03 13:23:55,737 [pool-452-thread-1] INFO  segmented.SegmentedRaftLogWorker (SegmentedRaftLogWorker.java:<init>(180)) - new c093d91c-53d9-47ac-8afb-a6fc9c740374@group-01893416B324-SegmentedRaftLogWorker for RaftStorage:Storage Directory /github/workspace/mnt/ozone/hadoop-ozone/integration-test/target/test-dir/MiniOzoneClusterImpl-7e68a8b4-1ba8-49bf-9ad5-192f3c798a38/datanode-7/data/ratis/ff6053d6-fac6-40e5-9987-01893416b324
2020-08-03 13:23:55,737 [pool-452-thread-1] INFO  server.RaftServerConfigKeys (ConfUtils.java:logGet(44)) - raft.server.log.queue.byte-limit = 2147483647 (custom)
2020-08-03 13:23:55,737 [pool-452-thread-1] INFO  server.RaftServerConfigKeys (ConfUtils.java:logGet(44)) - raft.server.log.queue.element-limit = 1024 (custom)
2020-08-03 13:23:55,737 [pool-452-thread-1] INFO  server.RaftServerConfigKeys (ConfUtils.java:logGet(44)) - raft.server.log.segment.size.max = 1048576 (custom)
2020-08-03 13:23:55,737 [pool-452-thread-1] INFO  server.RaftServerConfigKeys (ConfUtils.java:logGet(44)) - raft.server.log.preallocated.size = 16384 (custom)
2020-08-03 13:23:55,737 [pool-452-thread-1] INFO  server.RaftServerConfigKeys (ConfUtils.java:logGet(44)) - raft.server.log.write.buffer.size = 1048576 (custom)
2020-08-03 13:23:55,737 [pool-452-thread-1] INFO  server.RaftServerConfigKeys (ConfUtils.java:logGet(44)) - raft.server.log.force.sync.num = 128 (default)
2020-08-03 13:23:55,737 [pool-452-thread-1] INFO  server.RaftServerConfigKeys (ConfUtils.java:logGet(44)) - raft.server.log.statemachine.data.sync = true (default)
2020-08-03 13:23:55,737 [pool-452-thread-1] INFO  server.RaftServerConfigKeys (ConfUtils.java:logGet(44)) - raft.server.log.statemachine.data.sync.timeout = 10s (default)
2020-08-03 13:23:55,738 [pool-452-thread-1] INFO  server.RaftServerConfigKeys (ConfUtils.java:logGet(44)) - raft.server.log.statemachine.data.sync.timeout.retry = -1 (default)
2020-08-03 13:23:55,739 [pool-452-thread-1] INFO  server.RaftServerConfigKeys (ConfUtils.java:logGet(44)) - raft.server.log.statemachine.data.caching.enabled = true (custom)
2020-08-03 13:23:55,739 [pool-452-thread-1] INFO  segmented.SegmentedRaftLogWorker (SegmentedRaftLogWorker.java:lambda$new$0(129)) - c093d91c-53d9-47ac-8afb-a6fc9c740374@group-01893416B324-SegmentedRaftLogWorker: flushIndex: setUnconditionally 0 -> -1
2020-08-03 13:23:55,739 [pool-452-thread-1] INFO  segmented.SegmentedRaftLogWorker (SegmentedRaftLogWorker.java:lambda$new$0(129)) - c093d91c-53d9-47ac-8afb-a6fc9c740374@group-01893416B324-SegmentedRaftLogWorker: safeCacheEvictIndex: setUnconditionally 0 -> -1
2020-08-03 13:23:55,739 [pool-452-thread-1] INFO  server.RaftServerConfigKeys (ConfUtils.java:logGet(44)) - raft.server.snapshot.auto.trigger.enabled = true (custom)
2020-08-03 13:23:55,739 [pool-452-thread-1] INFO  server.RaftServerConfigKeys (ConfUtils.java:logGet(44)) - raft.server.snapshot.auto.trigger.threshold = 10000 (custom)
2020-08-03 13:23:55,740 [pool-452-thread-1] INFO  server.RaftServerConfigKeys (ConfUtils.java:logGet(44)) - raft.server.snapshot.retention.file.num = 5 (custom)
2020-08-03 13:23:55,740 [pool-452-thread-1] INFO  server.RaftServerConfigKeys (ConfUtils.java:logGet(44)) - raft.server.log.purge.upto.snapshot.index = false (default)
2020-08-03 13:23:55,740 [pool-452-thread-1] INFO  server.RaftServerConfigKeys (ConfUtils.java:logGet(44)) - raft.server.retrycache.expirytime = 600000ms (custom)
2020-08-03 13:23:55,740 [pool-452-thread-1] INFO  metrics.RatisMetrics (RatisMetrics.java:lambda$create$0(36)) - Creating Metrics Registry : ratis.leader_election.c093d91c-53d9-47ac-8afb-a6fc9c740374@group-01893416B324
2020-08-03 13:23:55,740 [pool-452-thread-1] INFO  metrics.RatisMetrics (RatisMetrics.java:lambda$create$0(36)) - Creating Metrics Registry : ratis.server.c093d91c-53d9-47ac-8afb-a6fc9c740374@group-01893416B324
2020-08-03 13:23:55,741 [pool-452-thread-1] INFO  impl.RaftServerImpl (RaftServerImpl.java:start(196)) - c093d91c-53d9-47ac-8afb-a6fc9c740374@group-01893416B324: start as a follower, conf=-1: [c093d91c-53d9-47ac-8afb-a6fc9c740374:172.17.0.2:33407], old=null
2020-08-03 13:23:55,741 [pool-452-thread-1] INFO  impl.RaftServerImpl (RaftServerImpl.java:setRole(185)) - c093d91c-53d9-47ac-8afb-a6fc9c740374@group-01893416B324: changes role from      null to FOLLOWER at term 0 for startAsFollower
2020-08-03 13:23:55,741 [pool-452-thread-1] INFO  impl.RoleInfo (RoleInfo.java:updateAndGet(143)) - c093d91c-53d9-47ac-8afb-a6fc9c740374: start FollowerState
2020-08-03 13:23:55,742 [pool-452-thread-1] INFO  util.JmxRegister (JmxRegister.java:tryRegister(44)) - Successfully registered JMX Bean with object name Ratis:service=RaftServer,group=group-01893416B324,id=c093d91c-53d9-47ac-8afb-a6fc9c740374
2020-08-03 13:23:55,742 [pool-452-thread-1] INFO  metrics.RatisMetrics (RatisMetrics.java:lambda$create$0(36)) - Creating Metrics Registry : ratis.state_machine.c093d91c-53d9-47ac-8afb-a6fc9c740374@group-01893416B324
2020-08-03 13:23:55,743 [Command processor thread] INFO  commandhandler.CreatePipelineCommandHandler (CreatePipelineCommandHandler.java:handle(110)) - Created Pipeline RATIS ONE #id: "ff6053d6-fac6-40e5-9987-01893416b324"
uuid128 {
  mostSigBits: -44943813478301467
  leastSigBits: -7383931375254588636
}
.
2020-08-03 13:23:55,837 [Listener at 127.0.0.1/37329] INFO  ozone.MiniOzoneClusterImpl (MiniOzoneClusterImpl.java:lambda$waitForClusterToBeReady$0(177)) - Nodes are ready. Got 9 of 9 DN Heartbeats.
2020-08-03 13:23:55,837 [Listener at 127.0.0.1/37329] INFO  ozone.MiniOzoneClusterImpl (MiniOzoneClusterImpl.java:lambda$waitForClusterToBeReady$0(180)) - Waiting for cluster to exit safe mode
2020-08-03 13:23:55,840 [Command processor thread] INFO  impl.RaftServerProxy (RaftServerProxy.java:addNew(89)) - 9d0aaa75-f47f-4170-948a-e39c1e601cf1: addNew group-68E6F028FAAB:[9d0aaa75-f47f-4170-948a-e39c1e601cf1:172.17.0.2:43521] returns group-68E6F028FAAB:java.util.concurrent.CompletableFuture@1731274e[Not completed]
2020-08-03 13:23:55,841 [pool-467-thread-1] INFO  impl.RaftServerImpl (RaftServerImpl.java:<init>(107)) - 9d0aaa75-f47f-4170-948a-e39c1e601cf1: new RaftServerImpl for group-68E6F028FAAB:[9d0aaa75-f47f-4170-948a-e39c1e601cf1:172.17.0.2:43521] with ContainerStateMachine:uninitialized
2020-08-03 13:23:55,841 [pool-467-thread-1] INFO  server.RaftServerConfigKeys (ConfUtils.java:logGet(44)) - raft.server.rpc.timeout.min = 5s (custom)
2020-08-03 13:23:55,841 [pool-467-thread-1] INFO  server.RaftServerConfigKeys (ConfUtils.java:logGet(44)) - raft.server.rpc.timeout.max = 5200ms (custom)
2020-08-03 13:23:55,841 [pool-467-thread-1] INFO  server.RaftServerConfigKeys (ConfUtils.java:logGet(44)) - raft.server.rpcslowness.timeout = 300000ms (custom)
2020-08-03 13:23:55,841 [pool-467-thread-1] INFO  server.RaftServerConfigKeys (ConfUtils.java:logGet(44)) - raft.server.sleep.deviation.threshold = 300 (default)
2020-08-03 13:23:55,841 [pool-467-thread-1] INFO  server.RaftServerConfigKeys (ConfUtils.java:logGet(44)) - raft.server.log.appender.install.snapshot.enabled = false (custom)
2020-08-03 13:23:55,841 [pool-467-thread-1] INFO  impl.RaftServerImpl (ServerState.java:<init>(103)) - 9d0aaa75-f47f-4170-948a-e39c1e601cf1@group-68E6F028FAAB: ConfigurationManager, init=-1: [9d0aaa75-f47f-4170-948a-e39c1e601cf1:172.17.0.2:43521], old=null, confs=<EMPTY_MAP>
2020-08-03 13:23:55,841 [pool-467-thread-1] INFO  server.RaftServerConfigKeys (ConfUtils.java:logGet(44)) - raft.server.storage.dir = [/github/workspace/mnt/ozone/hadoop-ozone/integration-test/target/test-dir/MiniOzoneClusterImpl-7e68a8b4-1ba8-49bf-9ad5-192f3c798a38/datanode-8/data/ratis] (custom)
2020-08-03 13:23:55,842 [pool-467-thread-1] INFO  server.RaftServerConfigKeys (ConfUtils.java:logGet(44)) - raft.server.log.corruption.policy = EXCEPTION (default)
2020-08-03 13:23:55,842 [pool-467-thread-1] INFO  storage.RaftStorageDirectory (RaftStorageDirectory.java:analyzeStorage(261)) - The storage directory /github/workspace/mnt/ozone/hadoop-ozone/integration-test/target/test-dir/MiniOzoneClusterImpl-7e68a8b4-1ba8-49bf-9ad5-192f3c798a38/datanode-8/data/ratis/100b437e-5748-4a65-9c12-68e6f028faab does not exist. Creating ...
2020-08-03 13:23:55,843 [pool-467-thread-1] INFO  storage.RaftStorageDirectory (RaftStorageDirectory.java:tryLock(343)) - Lock on /github/workspace/mnt/ozone/hadoop-ozone/integration-test/target/test-dir/MiniOzoneClusterImpl-7e68a8b4-1ba8-49bf-9ad5-192f3c798a38/datanode-8/data/ratis/100b437e-5748-4a65-9c12-68e6f028faab/in_use.lock acquired by nodename 41175@21919eb6eecd
2020-08-03 13:23:55,844 [pool-467-thread-1] INFO  storage.RaftStorage (RaftStorage.java:format(84)) - Storage directory /github/workspace/mnt/ozone/hadoop-ozone/integration-test/target/test-dir/MiniOzoneClusterImpl-7e68a8b4-1ba8-49bf-9ad5-192f3c798a38/datanode-8/data/ratis/100b437e-5748-4a65-9c12-68e6f028faab has been successfully formatted.
2020-08-03 13:23:55,844 [pool-467-thread-1] INFO  ratis.ContainerStateMachine (ContainerStateMachine.java:loadSnapshot(225)) - group-68E6F028FAAB: The snapshot info is null. Setting the last applied indexto:(t:0, i:~)
2020-08-03 13:23:55,844 [Datanode State Machine Thread - 0] WARN  statemachine.DatanodeStateMachine (DatanodeStateMachine.java:start(245)) - Interrupt the execution.
java.lang.InterruptedException: sleep interrupted
	at java.lang.Thread.sleep(Native Method)
	at org.apache.hadoop.ozone.container.common.statemachine.DatanodeStateMachine.start(DatanodeStateMachine.java:243)
	at org.apache.hadoop.ozone.container.common.statemachine.DatanodeStateMachine.lambda$startDaemon$0(DatanodeStateMachine.java:405)
	at java.lang.Thread.run(Thread.java:748)
2020-08-03 13:23:55,844 [pool-467-thread-1] INFO  server.RaftServerConfigKeys (ConfUtils.java:logGet(44)) - raft.server.notification.no-leader.timeout = 300000ms (custom)
2020-08-03 13:23:55,849 [pool-467-thread-1] INFO  server.RaftServerConfigKeys (ConfUtils.java:logGet(44)) - raft.server.log.use.memory = false (default)
2020-08-03 13:23:55,849 [pool-467-thread-1] INFO  server.RaftServerConfigKeys (ConfUtils.java:logGet(44)) - raft.server.log.purge.gap = 1000000 (custom)
2020-08-03 13:23:55,849 [pool-467-thread-1] INFO  metrics.RatisMetrics (RatisMetrics.java:lambda$create$0(36)) - Creating Metrics Registry : ratis.log_worker.9d0aaa75-f47f-4170-948a-e39c1e601cf1@group-68E6F028FAAB
2020-08-03 13:23:55,849 [EventQueue-PipelineReportForPipelineReportHandler] INFO  pipeline.PipelineStateManager (PipelineStateManager.java:openPipeline(131)) - Pipeline Pipeline[ Id: 100b437e-5748-4a65-9c12-68e6f028faab, Nodes: 9d0aaa75-f47f-4170-948a-e39c1e601cf1{ip: 172.17.0.2, host: 21919eb6eecd, networkLocation: /default-rack, certSerialId: null}, Type:RATIS, Factor:ONE, State:ALLOCATED, leaderId:9d0aaa75-f47f-4170-948a-e39c1e601cf1, CreationTimestamp2020-08-03T13:23:52.842Z] moved to OPEN state
2020-08-03 13:23:55,849 [pool-467-thread-1] INFO  server.RaftServerConfigKeys (ConfUtils.java:logGet(44)) - raft.server.log.appender.buffer.byte-limit = 33554432 (custom)
2020-08-03 13:23:55,850 [pool-467-thread-1] INFO  server.RaftServerConfigKeys (ConfUtils.java:logGet(44)) - raft.server.log.segment.size.max = 1048576 (custom)
2020-08-03 13:23:55,850 [EventQueue-OpenPipelineForOneReplicaPipelineSafeModeRule] INFO  safemode.SCMSafeModeManager (SCMSafeModeManager.java:validateSafeModeExitRules(214)) - AtleastOneDatanodeReportedRule rule is successfully validated
2020-08-03 13:23:55,849 [EventQueue-OpenPipelineForHealthyPipelineSafeModeRule] INFO  safemode.SCMSafeModeManager (HealthyPipelineSafeModeRule.java:process(129)) - SCM in safe mode. Healthy pipelines reported count is 0, required healthy pipeline reported count is 1
2020-08-03 13:23:55,850 [pool-467-thread-1] INFO  server.RaftServerConfigKeys (ConfUtils.java:logGet(44)) - raft.server.log.segment.cache.num.max = 2 (custom)
2020-08-03 13:23:55,850 [pool-467-thread-1] INFO  segmented.SegmentedRaftLogWorker (SegmentedRaftLogWorker.java:<init>(180)) - new 9d0aaa75-f47f-4170-948a-e39c1e601cf1@group-68E6F028FAAB-SegmentedRaftLogWorker for RaftStorage:Storage Directory /github/workspace/mnt/ozone/hadoop-ozone/integration-test/target/test-dir/MiniOzoneClusterImpl-7e68a8b4-1ba8-49bf-9ad5-192f3c798a38/datanode-8/data/ratis/100b437e-5748-4a65-9c12-68e6f028faab
2020-08-03 13:23:55,850 [pool-467-thread-1] INFO  server.RaftServerConfigKeys (ConfUtils.java:logGet(44)) - raft.server.log.queue.byte-limit = 2147483647 (custom)
2020-08-03 13:23:55,850 [pool-467-thread-1] INFO  server.RaftServerConfigKeys (ConfUtils.java:logGet(44)) - raft.server.log.queue.element-limit = 1024 (custom)
2020-08-03 13:23:55,850 [pool-467-thread-1] INFO  server.RaftServerConfigKeys (ConfUtils.java:logGet(44)) - raft.server.log.segment.size.max = 1048576 (custom)
2020-08-03 13:23:55,850 [pool-467-thread-1] INFO  server.RaftServerConfigKeys (ConfUtils.java:logGet(44)) - raft.server.log.preallocated.size = 16384 (custom)
2020-08-03 13:23:55,850 [pool-467-thread-1] INFO  server.RaftServerConfigKeys (ConfUtils.java:logGet(44)) - raft.server.log.write.buffer.size = 1048576 (custom)
2020-08-03 13:23:55,851 [pool-467-thread-1] INFO  server.RaftServerConfigKeys (ConfUtils.java:logGet(44)) - raft.server.log.force.sync.num = 128 (default)
2020-08-03 13:23:55,851 [pool-467-thread-1] INFO  server.RaftServerConfigKeys (ConfUtils.java:logGet(44)) - raft.server.log.statemachine.data.sync = true (default)
2020-08-03 13:23:55,851 [pool-467-thread-1] INFO  server.RaftServerConfigKeys (ConfUtils.java:logGet(44)) - raft.server.log.statemachine.data.sync.timeout = 10s (default)
2020-08-03 13:23:55,851 [pool-467-thread-1] INFO  server.RaftServerConfigKeys (ConfUtils.java:logGet(44)) - raft.server.log.statemachine.data.sync.timeout.retry = -1 (default)
2020-08-03 13:23:55,852 [pool-467-thread-1] INFO  server.RaftServerConfigKeys (ConfUtils.java:logGet(44)) - raft.server.log.statemachine.data.caching.enabled = true (custom)
2020-08-03 13:23:55,852 [pool-467-thread-1] INFO  segmented.SegmentedRaftLogWorker (SegmentedRaftLogWorker.java:lambda$new$0(129)) - 9d0aaa75-f47f-4170-948a-e39c1e601cf1@group-68E6F028FAAB-SegmentedRaftLogWorker: flushIndex: setUnconditionally 0 -> -1
2020-08-03 13:23:55,852 [pool-467-thread-1] INFO  segmented.SegmentedRaftLogWorker (SegmentedRaftLogWorker.java:lambda$new$0(129)) - 9d0aaa75-f47f-4170-948a-e39c1e601cf1@group-68E6F028FAAB-SegmentedRaftLogWorker: safeCacheEvictIndex: setUnconditionally 0 -> -1
2020-08-03 13:23:55,853 [pool-467-thread-1] INFO  server.RaftServerConfigKeys (ConfUtils.java:logGet(44)) - raft.server.snapshot.auto.trigger.enabled = true (custom)
2020-08-03 13:23:55,853 [pool-467-thread-1] INFO  server.RaftServerConfigKeys (ConfUtils.java:logGet(44)) - raft.server.snapshot.auto.trigger.threshold = 10000 (custom)
2020-08-03 13:23:55,853 [pool-467-thread-1] INFO  server.RaftServerConfigKeys (ConfUtils.java:logGet(44)) - raft.server.snapshot.retention.file.num = 5 (custom)
2020-08-03 13:23:55,853 [pool-467-thread-1] INFO  server.RaftServerConfigKeys (ConfUtils.java:logGet(44)) - raft.server.log.purge.upto.snapshot.index = false (default)
2020-08-03 13:23:55,853 [pool-467-thread-1] INFO  server.RaftServerConfigKeys (ConfUtils.java:logGet(44)) - raft.server.retrycache.expirytime = 600000ms (custom)
2020-08-03 13:23:55,853 [pool-467-thread-1] INFO  metrics.RatisMetrics (RatisMetrics.java:lambda$create$0(36)) - Creating Metrics Registry : ratis.leader_election.9d0aaa75-f47f-4170-948a-e39c1e601cf1@group-68E6F028FAAB
2020-08-03 13:23:55,853 [pool-467-thread-1] INFO  metrics.RatisMetrics (RatisMetrics.java:lambda$create$0(36)) - Creating Metrics Registry : ratis.server.9d0aaa75-f47f-4170-948a-e39c1e601cf1@group-68E6F028FAAB
2020-08-03 13:23:55,855 [pool-467-thread-1] INFO  impl.RaftServerImpl (RaftServerImpl.java:start(196)) - 9d0aaa75-f47f-4170-948a-e39c1e601cf1@group-68E6F028FAAB: start as a follower, conf=-1: [9d0aaa75-f47f-4170-948a-e39c1e601cf1:172.17.0.2:43521], old=null
2020-08-03 13:23:55,855 [pool-467-thread-1] INFO  impl.RaftServerImpl (RaftServerImpl.java:setRole(185)) - 9d0aaa75-f47f-4170-948a-e39c1e601cf1@group-68E6F028FAAB: changes role from      null to FOLLOWER at term 0 for startAsFollower
2020-08-03 13:23:55,855 [pool-467-thread-1] INFO  impl.RoleInfo (RoleInfo.java:updateAndGet(143)) - 9d0aaa75-f47f-4170-948a-e39c1e601cf1: start FollowerState
2020-08-03 13:23:55,855 [pool-467-thread-1] INFO  util.JmxRegister (JmxRegister.java:tryRegister(44)) - Successfully registered JMX Bean with object name Ratis:service=RaftServer,group=group-68E6F028FAAB,id=9d0aaa75-f47f-4170-948a-e39c1e601cf1
2020-08-03 13:23:55,855 [pool-467-thread-1] INFO  metrics.RatisMetrics (RatisMetrics.java:lambda$create$0(36)) - Creating Metrics Registry : ratis.state_machine.9d0aaa75-f47f-4170-948a-e39c1e601cf1@group-68E6F028FAAB
2020-08-03 13:23:55,856 [Command processor thread] INFO  commandhandler.CreatePipelineCommandHandler (CreatePipelineCommandHandler.java:handle(110)) - Created Pipeline RATIS ONE #id: "100b437e-5748-4a65-9c12-68e6f028faab"
uuid128 {
  mostSigBits: 1156091939259959909
  leastSigBits: -7200577513131017557
}
.
2020-08-03 13:23:56,838 [Listener at 127.0.0.1/37329] INFO  ozone.MiniOzoneClusterImpl (MiniOzoneClusterImpl.java:lambda$waitForClusterToBeReady$0(177)) - Nodes are ready. Got 9 of 9 DN Heartbeats.
2020-08-03 13:23:56,838 [Listener at 127.0.0.1/37329] INFO  ozone.MiniOzoneClusterImpl (MiniOzoneClusterImpl.java:lambda$waitForClusterToBeReady$0(180)) - Waiting for cluster to exit safe mode
2020-08-03 13:23:57,838 [Listener at 127.0.0.1/37329] INFO  ozone.MiniOzoneClusterImpl (MiniOzoneClusterImpl.java:lambda$waitForClusterToBeReady$0(177)) - Nodes are ready. Got 9 of 9 DN Heartbeats.
2020-08-03 13:23:57,839 [Listener at 127.0.0.1/37329] INFO  ozone.MiniOzoneClusterImpl (MiniOzoneClusterImpl.java:lambda$waitForClusterToBeReady$0(180)) - Waiting for cluster to exit safe mode
2020-08-03 13:23:58,839 [Listener at 127.0.0.1/37329] INFO  ozone.MiniOzoneClusterImpl (MiniOzoneClusterImpl.java:lambda$waitForClusterToBeReady$0(177)) - Nodes are ready. Got 9 of 9 DN Heartbeats.
2020-08-03 13:23:58,839 [Listener at 127.0.0.1/37329] INFO  ozone.MiniOzoneClusterImpl (MiniOzoneClusterImpl.java:lambda$waitForClusterToBeReady$0(180)) - Waiting for cluster to exit safe mode
2020-08-03 13:23:59,840 [Listener at 127.0.0.1/37329] INFO  ozone.MiniOzoneClusterImpl (MiniOzoneClusterImpl.java:lambda$waitForClusterToBeReady$0(177)) - Nodes are ready. Got 9 of 9 DN Heartbeats.
2020-08-03 13:23:59,840 [Listener at 127.0.0.1/37329] INFO  ozone.MiniOzoneClusterImpl (MiniOzoneClusterImpl.java:lambda$waitForClusterToBeReady$0(180)) - Waiting for cluster to exit safe mode
2020-08-03 13:23:59,925 [Thread-1262] INFO  impl.FollowerState (FollowerState.java:run(108)) - 1f92ab39-7028-4d7a-b43e-fc630492ec6f@group-1D955F22E1D5-FollowerState: change to CANDIDATE, lastRpcTime:5050ms, electionTimeout:5049ms
2020-08-03 13:23:59,925 [Thread-1262] INFO  impl.RoleInfo (RoleInfo.java:shutdownFollowerState(121)) - 1f92ab39-7028-4d7a-b43e-fc630492ec6f: shutdown FollowerState
2020-08-03 13:23:59,925 [Thread-1262] INFO  impl.RaftServerImpl (RaftServerImpl.java:setRole(185)) - 1f92ab39-7028-4d7a-b43e-fc630492ec6f@group-1D955F22E1D5: changes role from  FOLLOWER to CANDIDATE at term 0 for changeToCandidate
2020-08-03 13:23:59,926 [Thread-1262] INFO  impl.RoleInfo (RoleInfo.java:updateAndGet(143)) - 1f92ab39-7028-4d7a-b43e-fc630492ec6f: start LeaderElection
2020-08-03 13:23:59,929 [1f92ab39-7028-4d7a-b43e-fc630492ec6f@group-1D955F22E1D5-LeaderElection32] INFO  impl.LeaderElection (LeaderElection.java:askForVotes(209)) - 1f92ab39-7028-4d7a-b43e-fc630492ec6f@group-1D955F22E1D5-LeaderElection32: begin an election at term 1 for -1: [1f92ab39-7028-4d7a-b43e-fc630492ec6f:172.17.0.2:38387], old=null
2020-08-03 13:23:59,929 [1f92ab39-7028-4d7a-b43e-fc630492ec6f@group-1D955F22E1D5-LeaderElection32] INFO  impl.RoleInfo (RoleInfo.java:shutdownLeaderElection(134)) - 1f92ab39-7028-4d7a-b43e-fc630492ec6f: shutdown LeaderElection
2020-08-03 13:23:59,929 [1f92ab39-7028-4d7a-b43e-fc630492ec6f@group-1D955F22E1D5-LeaderElection32] INFO  impl.RaftServerImpl (RaftServerImpl.java:setRole(185)) - 1f92ab39-7028-4d7a-b43e-fc630492ec6f@group-1D955F22E1D5: changes role from CANDIDATE to LEADER at term 1 for changeToLeader
2020-08-03 13:23:59,930 [1f92ab39-7028-4d7a-b43e-fc630492ec6f@group-1D955F22E1D5-LeaderElection32] INFO  ratis.XceiverServerRatis (XceiverServerRatis.java:handleLeaderChangedNotification(822)) - Leader change notification received for group: group-1D955F22E1D5 with new leaderId: 1f92ab39-7028-4d7a-b43e-fc630492ec6f
2020-08-03 13:23:59,930 [1f92ab39-7028-4d7a-b43e-fc630492ec6f@group-1D955F22E1D5-LeaderElection32] INFO  impl.RaftServerImpl (ServerState.java:setLeader(255)) - 1f92ab39-7028-4d7a-b43e-fc630492ec6f@group-1D955F22E1D5: change Leader from null to 1f92ab39-7028-4d7a-b43e-fc630492ec6f at term 1 for becomeLeader, leader elected after 5065ms
2020-08-03 13:23:59,930 [Datanode State Machine Thread - 0] WARN  statemachine.DatanodeStateMachine (DatanodeStateMachine.java:start(245)) - Interrupt the execution.
java.lang.InterruptedException: sleep interrupted
	at java.lang.Thread.sleep(Native Method)
	at org.apache.hadoop.ozone.container.common.statemachine.DatanodeStateMachine.start(DatanodeStateMachine.java:243)
	at org.apache.hadoop.ozone.container.common.statemachine.DatanodeStateMachine.lambda$startDaemon$0(DatanodeStateMachine.java:405)
	at java.lang.Thread.run(Thread.java:748)
2020-08-03 13:23:59,930 [1f92ab39-7028-4d7a-b43e-fc630492ec6f@group-1D955F22E1D5-LeaderElection32] INFO  server.RaftServerConfigKeys (ConfUtils.java:logGet(44)) - raft.server.staging.catchup.gap = 1000 (default)
2020-08-03 13:23:59,930 [1f92ab39-7028-4d7a-b43e-fc630492ec6f@group-1D955F22E1D5-LeaderElection32] INFO  server.RaftServerConfigKeys (ConfUtils.java:logGet(44)) - raft.server.rpc.sleep.time = 25ms (default)
2020-08-03 13:23:59,930 [1f92ab39-7028-4d7a-b43e-fc630492ec6f@group-1D955F22E1D5-LeaderElection32] INFO  metrics.RatisMetrics (RatisMetrics.java:lambda$create$0(36)) - Creating Metrics Registry : ratis.log_appender.1f92ab39-7028-4d7a-b43e-fc630492ec6f@group-1D955F22E1D5
2020-08-03 13:23:59,931 [1f92ab39-7028-4d7a-b43e-fc630492ec6f@group-1D955F22E1D5-LeaderElection32] INFO  server.RaftServerConfigKeys (ConfUtils.java:logGet(44)) - raft.server.write.element-limit = 1024 (custom)
2020-08-03 13:23:59,931 [1f92ab39-7028-4d7a-b43e-fc630492ec6f@group-1D955F22E1D5-LeaderElection32] INFO  server.RaftServerConfigKeys (ConfUtils.java:logGet(44)) - raft.server.write.byte-limit = 1073741824 (custom)
2020-08-03 13:23:59,931 [1f92ab39-7028-4d7a-b43e-fc630492ec6f@group-1D955F22E1D5-LeaderElection32] INFO  server.RaftServerConfigKeys (ConfUtils.java:logGet(44)) - raft.server.watch.timeout = 3000ms (custom)
2020-08-03 13:23:59,931 [1f92ab39-7028-4d7a-b43e-fc630492ec6f@group-1D955F22E1D5-LeaderElection32] INFO  server.RaftServerConfigKeys (ConfUtils.java:logGet(44)) - raft.server.watch.timeout.denomination = 1s (default)
2020-08-03 13:23:59,931 [1f92ab39-7028-4d7a-b43e-fc630492ec6f@group-1D955F22E1D5-LeaderElection32] INFO  server.RaftServerConfigKeys (ConfUtils.java:logGet(44)) - raft.server.watch.element-limit = 65536 (default)
2020-08-03 13:23:59,931 [1f92ab39-7028-4d7a-b43e-fc630492ec6f@group-1D955F22E1D5-LeaderElection32] INFO  impl.RoleInfo (RoleInfo.java:updateAndGet(143)) - 1f92ab39-7028-4d7a-b43e-fc630492ec6f: start LeaderState
2020-08-03 13:23:59,932 [1f92ab39-7028-4d7a-b43e-fc630492ec6f@group-1D955F22E1D5-LeaderElection32] INFO  segmented.SegmentedRaftLogWorker (SegmentedRaftLogWorker.java:startLogSegment(397)) - 1f92ab39-7028-4d7a-b43e-fc630492ec6f@group-1D955F22E1D5-SegmentedRaftLogWorker: Starting segment from index:0
2020-08-03 13:23:59,933 [1f92ab39-7028-4d7a-b43e-fc630492ec6f@group-1D955F22E1D5-SegmentedRaftLogWorker] INFO  segmented.SegmentedRaftLogWorker (SegmentedRaftLogWorker.java:execute(596)) - 1f92ab39-7028-4d7a-b43e-fc630492ec6f@group-1D955F22E1D5-SegmentedRaftLogWorker: created new log segment /github/workspace/mnt/ozone/hadoop-ozone/integration-test/target/test-dir/MiniOzoneClusterImpl-7e68a8b4-1ba8-49bf-9ad5-192f3c798a38/datanode-0/data/ratis/29fbe4a6-c6b9-48b5-a83c-1d955f22e1d5/current/log_inprogress_0
2020-08-03 13:23:59,936 [1f92ab39-7028-4d7a-b43e-fc630492ec6f@group-1D955F22E1D5-LeaderElection32] INFO  impl.RaftServerImpl (ServerState.java:setRaftConf(356)) - 1f92ab39-7028-4d7a-b43e-fc630492ec6f@group-1D955F22E1D5: set configuration 0: [1f92ab39-7028-4d7a-b43e-fc630492ec6f:172.17.0.2:38387], old=null at 0
2020-08-03 13:23:59,972 [Thread-1264] INFO  impl.FollowerState (FollowerState.java:run(108)) - 1f92ab39-7028-4d7a-b43e-fc630492ec6f@group-76977C293D21-FollowerState: change to CANDIDATE, lastRpcTime:5078ms, electionTimeout:5077ms
2020-08-03 13:23:59,973 [Thread-1264] INFO  impl.RoleInfo (RoleInfo.java:shutdownFollowerState(121)) - 1f92ab39-7028-4d7a-b43e-fc630492ec6f: shutdown FollowerState
2020-08-03 13:23:59,973 [Thread-1264] INFO  impl.RaftServerImpl (RaftServerImpl.java:setRole(185)) - 1f92ab39-7028-4d7a-b43e-fc630492ec6f@group-76977C293D21: changes role from  FOLLOWER to CANDIDATE at term 0 for changeToCandidate
2020-08-03 13:23:59,973 [Thread-1264] INFO  impl.RoleInfo (RoleInfo.java:updateAndGet(143)) - 1f92ab39-7028-4d7a-b43e-fc630492ec6f: start LeaderElection
2020-08-03 13:23:59,978 [1f92ab39-7028-4d7a-b43e-fc630492ec6f@group-76977C293D21-LeaderElection33] INFO  impl.LeaderElection (LeaderElection.java:askForVotes(209)) - 1f92ab39-7028-4d7a-b43e-fc630492ec6f@group-76977C293D21-LeaderElection33: begin an election at term 1 for -1: [ec3eb439-3e1f-444b-933e-76c1f64dd6e5:172.17.0.2:40825, 5328ae2d-dffa-4840-b00a-ab3fd52ea77e:172.17.0.2:38393, 1f92ab39-7028-4d7a-b43e-fc630492ec6f:172.17.0.2:38387], old=null
2020-08-03 13:23:59,982 [Thread-1266] INFO  impl.FollowerState (FollowerState.java:run(108)) - ec3eb439-3e1f-444b-933e-76c1f64dd6e5@group-76977C293D21-FollowerState: change to CANDIDATE, lastRpcTime:5057ms, electionTimeout:5054ms
2020-08-03 13:23:59,982 [Thread-1266] INFO  impl.RoleInfo (RoleInfo.java:shutdownFollowerState(121)) - ec3eb439-3e1f-444b-933e-76c1f64dd6e5: shutdown FollowerState
2020-08-03 13:23:59,982 [Thread-1266] INFO  impl.RaftServerImpl (RaftServerImpl.java:setRole(185)) - ec3eb439-3e1f-444b-933e-76c1f64dd6e5@group-76977C293D21: changes role from  FOLLOWER to CANDIDATE at term 0 for changeToCandidate
2020-08-03 13:23:59,983 [Thread-1266] INFO  impl.RoleInfo (RoleInfo.java:updateAndGet(143)) - ec3eb439-3e1f-444b-933e-76c1f64dd6e5: start LeaderElection
2020-08-03 13:23:59,992 [grpc-default-executor-3] INFO  impl.RaftServerImpl (RaftServerImpl.java:setRole(185)) - ec3eb439-3e1f-444b-933e-76c1f64dd6e5@group-76977C293D21: changes role from CANDIDATE to FOLLOWER at term 1 for recognizeCandidate:1f92ab39-7028-4d7a-b43e-fc630492ec6f
2020-08-03 13:23:59,992 [grpc-default-executor-3] INFO  impl.RoleInfo (RoleInfo.java:shutdownLeaderElection(134)) - ec3eb439-3e1f-444b-933e-76c1f64dd6e5: shutdown LeaderElection
2020-08-03 13:23:59,992 [grpc-default-executor-3] INFO  impl.RoleInfo (RoleInfo.java:updateAndGet(143)) - ec3eb439-3e1f-444b-933e-76c1f64dd6e5: start FollowerState
2020-08-03 13:23:59,998 [grpc-default-executor-2] INFO  impl.RaftServerImpl (RaftServerImpl.java:setRole(185)) - 5328ae2d-dffa-4840-b00a-ab3fd52ea77e@group-76977C293D21: changes role from  FOLLOWER to FOLLOWER at term 1 for recognizeCandidate:1f92ab39-7028-4d7a-b43e-fc630492ec6f
2020-08-03 13:23:59,998 [grpc-default-executor-2] INFO  impl.RoleInfo (RoleInfo.java:shutdownFollowerState(121)) - 5328ae2d-dffa-4840-b00a-ab3fd52ea77e: shutdown FollowerState
2020-08-03 13:23:59,998 [grpc-default-executor-2] INFO  impl.RoleInfo (RoleInfo.java:updateAndGet(143)) - 5328ae2d-dffa-4840-b00a-ab3fd52ea77e: start FollowerState
2020-08-03 13:23:59,998 [Thread-1269] INFO  impl.FollowerState (FollowerState.java:run(117)) - 5328ae2d-dffa-4840-b00a-ab3fd52ea77e@group-76977C293D21-FollowerState was interrupted: java.lang.InterruptedException: sleep interrupted
2020-08-03 13:24:00,003 [1f92ab39-7028-4d7a-b43e-fc630492ec6f@group-76977C293D21-LeaderElection33] INFO  impl.LeaderElection (LeaderElection.java:logAndReturn(61)) - 1f92ab39-7028-4d7a-b43e-fc630492ec6f@group-76977C293D21-LeaderElection33: Election PASSED; received 2 response(s) [1f92ab39-7028-4d7a-b43e-fc630492ec6f<-ec3eb439-3e1f-444b-933e-76c1f64dd6e5#0:FAIL-t1, 1f92ab39-7028-4d7a-b43e-fc630492ec6f<-5328ae2d-dffa-4840-b00a-ab3fd52ea77e#0:OK-t1] and 0 exception(s); 1f92ab39-7028-4d7a-b43e-fc630492ec6f@group-76977C293D21:t1, leader=null, voted=1f92ab39-7028-4d7a-b43e-fc630492ec6f, raftlog=1f92ab39-7028-4d7a-b43e-fc630492ec6f@group-76977C293D21-SegmentedRaftLog:OPENED:c-1,f-1,i0, conf=-1: [ec3eb439-3e1f-444b-933e-76c1f64dd6e5:172.17.0.2:40825, 5328ae2d-dffa-4840-b00a-ab3fd52ea77e:172.17.0.2:38393, 1f92ab39-7028-4d7a-b43e-fc630492ec6f:172.17.0.2:38387], old=null
2020-08-03 13:24:00,003 [1f92ab39-7028-4d7a-b43e-fc630492ec6f@group-76977C293D21-LeaderElection33] INFO  impl.RoleInfo (RoleInfo.java:shutdownLeaderElection(134)) - 1f92ab39-7028-4d7a-b43e-fc630492ec6f: shutdown LeaderElection
2020-08-03 13:24:00,003 [1f92ab39-7028-4d7a-b43e-fc630492ec6f@group-76977C293D21-LeaderElection33] INFO  impl.RaftServerImpl (RaftServerImpl.java:setRole(185)) - 1f92ab39-7028-4d7a-b43e-fc630492ec6f@group-76977C293D21: changes role from CANDIDATE to LEADER at term 1 for changeToLeader
2020-08-03 13:24:00,003 [1f92ab39-7028-4d7a-b43e-fc630492ec6f@group-76977C293D21-LeaderElection33] INFO  ratis.XceiverServerRatis (XceiverServerRatis.java:handleLeaderChangedNotification(822)) - Leader change notification received for group: group-76977C293D21 with new leaderId: 1f92ab39-7028-4d7a-b43e-fc630492ec6f
2020-08-03 13:24:00,003 [1f92ab39-7028-4d7a-b43e-fc630492ec6f@group-76977C293D21-LeaderElection33] INFO  impl.RaftServerImpl (ServerState.java:setLeader(255)) - 1f92ab39-7028-4d7a-b43e-fc630492ec6f@group-76977C293D21: change Leader from null to 1f92ab39-7028-4d7a-b43e-fc630492ec6f at term 1 for becomeLeader, leader elected after 5123ms
2020-08-03 13:24:00,003 [Datanode State Machine Thread - 0] WARN  statemachine.DatanodeStateMachine (DatanodeStateMachine.java:start(245)) - Interrupt the execution.
java.lang.InterruptedException: sleep interrupted
	at java.lang.Thread.sleep(Native Method)
	at org.apache.hadoop.ozone.container.common.statemachine.DatanodeStateMachine.start(DatanodeStateMachine.java:243)
	at org.apache.hadoop.ozone.container.common.statemachine.DatanodeStateMachine.lambda$startDaemon$0(DatanodeStateMachine.java:405)
	at java.lang.Thread.run(Thread.java:748)
2020-08-03 13:24:00,003 [1f92ab39-7028-4d7a-b43e-fc630492ec6f@group-76977C293D21-LeaderElection33] INFO  server.RaftServerConfigKeys (ConfUtils.java:logGet(44)) - raft.server.staging.catchup.gap = 1000 (default)
2020-08-03 13:24:00,004 [1f92ab39-7028-4d7a-b43e-fc630492ec6f@group-76977C293D21-LeaderElection33] INFO  server.RaftServerConfigKeys (ConfUtils.java:logGet(44)) - raft.server.rpc.sleep.time = 25ms (default)
2020-08-03 13:24:00,005 [1f92ab39-7028-4d7a-b43e-fc630492ec6f@group-76977C293D21-LeaderElection33] INFO  metrics.RatisMetrics (RatisMetrics.java:lambda$create$0(36)) - Creating Metrics Registry : ratis.log_appender.1f92ab39-7028-4d7a-b43e-fc630492ec6f@group-76977C293D21
2020-08-03 13:24:00,005 [1f92ab39-7028-4d7a-b43e-fc630492ec6f@group-76977C293D21-LeaderElection33] INFO  server.RaftServerConfigKeys (ConfUtils.java:logGet(44)) - raft.server.write.element-limit = 1024 (custom)
2020-08-03 13:24:00,005 [1f92ab39-7028-4d7a-b43e-fc630492ec6f@group-76977C293D21-LeaderElection33] INFO  server.RaftServerConfigKeys (ConfUtils.java:logGet(44)) - raft.server.write.byte-limit = 1073741824 (custom)
2020-08-03 13:24:00,005 [1f92ab39-7028-4d7a-b43e-fc630492ec6f@group-76977C293D21-LeaderElection33] INFO  server.RaftServerConfigKeys (ConfUtils.java:logGet(44)) - raft.server.watch.timeout = 3000ms (custom)
2020-08-03 13:24:00,005 [1f92ab39-7028-4d7a-b43e-fc630492ec6f@group-76977C293D21-LeaderElection33] INFO  server.RaftServerConfigKeys (ConfUtils.java:logGet(44)) - raft.server.watch.timeout.denomination = 1s (default)
2020-08-03 13:24:00,005 [1f92ab39-7028-4d7a-b43e-fc630492ec6f@group-76977C293D21-LeaderElection33] INFO  server.RaftServerConfigKeys (ConfUtils.java:logGet(44)) - raft.server.watch.element-limit = 65536 (default)
2020-08-03 13:24:00,005 [1f92ab39-7028-4d7a-b43e-fc630492ec6f@group-76977C293D21-LeaderElection33] INFO  server.RaftServerConfigKeys (ConfUtils.java:logGet(44)) - raft.server.log.appender.snapshot.chunk.size.max = 16MB (=16777216) (default)
2020-08-03 13:24:00,005 [1f92ab39-7028-4d7a-b43e-fc630492ec6f@group-76977C293D21-LeaderElection33] INFO  server.RaftServerConfigKeys (ConfUtils.java:logGet(44)) - raft.server.log.appender.buffer.byte-limit = 33554432 (custom)
2020-08-03 13:24:00,006 [1f92ab39-7028-4d7a-b43e-fc630492ec6f@group-76977C293D21-LeaderElection33] INFO  server.RaftServerConfigKeys (ConfUtils.java:logGet(44)) - raft.server.log.appender.buffer.element-limit = 1 (custom)
2020-08-03 13:24:00,006 [1f92ab39-7028-4d7a-b43e-fc630492ec6f@group-76977C293D21-LeaderElection33] INFO  grpc.GrpcConfigKeys (ConfUtils.java:logGet(44)) - raft.grpc.server.leader.outstanding.appends.max = 128 (default)
2020-08-03 13:24:00,006 [1f92ab39-7028-4d7a-b43e-fc630492ec6f@group-76977C293D21-LeaderElection33] INFO  server.RaftServerConfigKeys (ConfUtils.java:logGet(44)) - raft.server.rpc.request.timeout = 3000ms (default)
2020-08-03 13:24:00,006 [1f92ab39-7028-4d7a-b43e-fc630492ec6f@group-76977C293D21-LeaderElection33] INFO  server.RaftServerConfigKeys (ConfUtils.java:logGet(44)) - raft.server.log.appender.install.snapshot.enabled = false (custom)
2020-08-03 13:24:00,006 [1f92ab39-7028-4d7a-b43e-fc630492ec6f@group-76977C293D21-LeaderElection33] INFO  metrics.RatisMetrics (RatisMetrics.java:lambda$create$0(36)) - Creating Metrics Registry : ratis_grpc.log_appender.1f92ab39-7028-4d7a-b43e-fc630492ec6f@group-76977C293D21
2020-08-03 13:24:00,007 [1f92ab39-7028-4d7a-b43e-fc630492ec6f@group-76977C293D21-LeaderElection33] INFO  server.RaftServerConfigKeys (ConfUtils.java:logGet(44)) - raft.server.log.appender.snapshot.chunk.size.max = 16MB (=16777216) (default)
2020-08-03 13:24:00,007 [1f92ab39-7028-4d7a-b43e-fc630492ec6f@group-76977C293D21-LeaderElection33] INFO  server.RaftServerConfigKeys (ConfUtils.java:logGet(44)) - raft.server.log.appender.buffer.byte-limit = 33554432 (custom)
2020-08-03 13:24:00,007 [1f92ab39-7028-4d7a-b43e-fc630492ec6f@group-76977C293D21-LeaderElection33] INFO  server.RaftServerConfigKeys (ConfUtils.java:logGet(44)) - raft.server.log.appender.buffer.element-limit = 1 (custom)
2020-08-03 13:24:00,007 [1f92ab39-7028-4d7a-b43e-fc630492ec6f@group-76977C293D21-LeaderElection33] INFO  grpc.GrpcConfigKeys (ConfUtils.java:logGet(44)) - raft.grpc.server.leader.outstanding.appends.max = 128 (default)
2020-08-03 13:24:00,007 [1f92ab39-7028-4d7a-b43e-fc630492ec6f@group-76977C293D21-LeaderElection33] INFO  server.RaftServerConfigKeys (ConfUtils.java:logGet(44)) - raft.server.rpc.request.timeout = 3000ms (default)
2020-08-03 13:24:00,008 [1f92ab39-7028-4d7a-b43e-fc630492ec6f@group-76977C293D21-LeaderElection33] INFO  server.RaftServerConfigKeys (ConfUtils.java:logGet(44)) - raft.server.log.appender.install.snapshot.enabled = false (custom)
2020-08-03 13:24:00,009 [1f92ab39-7028-4d7a-b43e-fc630492ec6f@group-76977C293D21-LeaderElection33] INFO  impl.RoleInfo (RoleInfo.java:updateAndGet(143)) - 1f92ab39-7028-4d7a-b43e-fc630492ec6f: start LeaderState
2020-08-03 13:24:00,009 [1f92ab39-7028-4d7a-b43e-fc630492ec6f@group-76977C293D21-LeaderElection33] INFO  segmented.SegmentedRaftLogWorker (SegmentedRaftLogWorker.java:startLogSegment(397)) - 1f92ab39-7028-4d7a-b43e-fc630492ec6f@group-76977C293D21-SegmentedRaftLogWorker: Starting segment from index:0
2020-08-03 13:24:00,010 [EventQueue-PipelineReportForPipelineReportHandler] INFO  pipeline.PipelineStateManager (PipelineStateManager.java:openPipeline(131)) - Pipeline Pipeline[ Id: df8875c0-a74b-4e9b-9cc2-76977c293d21, Nodes: ec3eb439-3e1f-444b-933e-76c1f64dd6e5{ip: 172.17.0.2, host: 21919eb6eecd, networkLocation: /default-rack, certSerialId: null}1f92ab39-7028-4d7a-b43e-fc630492ec6f{ip: 172.17.0.2, host: 21919eb6eecd, networkLocation: /default-rack, certSerialId: null}5328ae2d-dffa-4840-b00a-ab3fd52ea77e{ip: 172.17.0.2, host: 21919eb6eecd, networkLocation: /default-rack, certSerialId: null}, Type:RATIS, Factor:THREE, State:ALLOCATED, leaderId:1f92ab39-7028-4d7a-b43e-fc630492ec6f, CreationTimestamp2020-08-03T13:23:52.141Z] moved to OPEN state
2020-08-03 13:24:00,010 [EventQueue-OpenPipelineForHealthyPipelineSafeModeRule] INFO  safemode.SCMSafeModeManager (HealthyPipelineSafeModeRule.java:process(129)) - SCM in safe mode. Healthy pipelines reported count is 1, required healthy pipeline reported count is 1
2020-08-03 13:24:00,010 [EventQueue-OpenPipelineForHealthyPipelineSafeModeRule] INFO  safemode.SCMSafeModeManager (SCMSafeModeManager.java:validateSafeModeExitRules(214)) - HealthyPipelineSafeModeRule rule is successfully validated
2020-08-03 13:24:00,010 [EventQueue-OpenPipelineForHealthyPipelineSafeModeRule] INFO  safemode.SCMSafeModeManager (SCMSafeModeManager.java:validateSafeModeExitRules(228)) - ScmSafeModeManager, all rules are successfully validated
2020-08-03 13:24:00,010 [EventQueue-OpenPipelineForHealthyPipelineSafeModeRule] INFO  safemode.SCMSafeModeManager (SCMSafeModeManager.java:exitSafeMode(257)) - SCM exiting safe mode.
2020-08-03 13:24:00,011 [1f92ab39-7028-4d7a-b43e-fc630492ec6f@group-76977C293D21-SegmentedRaftLogWorker] INFO  segmented.SegmentedRaftLogWorker (SegmentedRaftLogWorker.java:execute(596)) - 1f92ab39-7028-4d7a-b43e-fc630492ec6f@group-76977C293D21-SegmentedRaftLogWorker: created new log segment /github/workspace/mnt/ozone/hadoop-ozone/integration-test/target/test-dir/MiniOzoneClusterImpl-7e68a8b4-1ba8-49bf-9ad5-192f3c798a38/datanode-0/data/ratis/df8875c0-a74b-4e9b-9cc2-76977c293d21/current/log_inprogress_0
2020-08-03 13:24:00,014 [1f92ab39-7028-4d7a-b43e-fc630492ec6f@group-76977C293D21-LeaderElection33] INFO  impl.RaftServerImpl (ServerState.java:setRaftConf(356)) - 1f92ab39-7028-4d7a-b43e-fc630492ec6f@group-76977C293D21: set configuration 0: [ec3eb439-3e1f-444b-933e-76c1f64dd6e5:172.17.0.2:40825, 5328ae2d-dffa-4840-b00a-ab3fd52ea77e:172.17.0.2:38393, 1f92ab39-7028-4d7a-b43e-fc630492ec6f:172.17.0.2:38387], old=null at 0
2020-08-03 13:24:00,012 [Thread-1272] INFO  impl.FollowerState (FollowerState.java:run(108)) - 5328ae2d-dffa-4840-b00a-ab3fd52ea77e@group-0B3F279B954A-FollowerState: change to CANDIDATE, lastRpcTime:5032ms, electionTimeout:5029ms
2020-08-03 13:24:00,017 [EventQueue-OpenPipelineForOneReplicaPipelineSafeModeRule] INFO  safemode.SCMSafeModeManager (SCMSafeModeManager.java:validateSafeModeExitRules(214)) - AtleastOneDatanodeReportedRule rule is successfully validated
2020-08-03 13:24:00,018 [EventQueue-OpenPipelineForOneReplicaPipelineSafeModeRule] INFO  safemode.SCMSafeModeManager (SCMSafeModeManager.java:validateSafeModeExitRules(228)) - ScmSafeModeManager, all rules are successfully validated
2020-08-03 13:24:00,018 [EventQueue-OpenPipelineForOneReplicaPipelineSafeModeRule] INFO  safemode.SCMSafeModeManager (SCMSafeModeManager.java:exitSafeMode(257)) - SCM exiting safe mode.
2020-08-03 13:24:00,020 [Thread-1272] INFO  impl.RoleInfo (RoleInfo.java:shutdownFollowerState(121)) - 5328ae2d-dffa-4840-b00a-ab3fd52ea77e: shutdown FollowerState
2020-08-03 13:24:00,021 [Thread-1272] INFO  impl.RaftServerImpl (RaftServerImpl.java:setRole(185)) - 5328ae2d-dffa-4840-b00a-ab3fd52ea77e@group-0B3F279B954A: changes role from  FOLLOWER to CANDIDATE at term 0 for changeToCandidate
2020-08-03 13:24:00,021 [Thread-1272] INFO  impl.RoleInfo (RoleInfo.java:updateAndGet(143)) - 5328ae2d-dffa-4840-b00a-ab3fd52ea77e: start LeaderElection
2020-08-03 13:24:00,027 [grpc-default-executor-2] INFO  ratis.XceiverServerRatis (XceiverServerRatis.java:handleLeaderChangedNotification(822)) - Leader change notification received for group: group-76977C293D21 with new leaderId: 1f92ab39-7028-4d7a-b43e-fc630492ec6f
2020-08-03 13:24:00,027 [grpc-default-executor-2] INFO  impl.RaftServerImpl (ServerState.java:setLeader(255)) - ec3eb439-3e1f-444b-933e-76c1f64dd6e5@group-76977C293D21: change Leader from null to 1f92ab39-7028-4d7a-b43e-fc630492ec6f at term 1 for appendEntries, leader elected after 5109ms
2020-08-03 13:24:00,035 [grpc-default-executor-4] INFO  ratis.XceiverServerRatis (XceiverServerRatis.java:handleLeaderChangedNotification(822)) - Leader change notification received for group: group-76977C293D21 with new leaderId: 1f92ab39-7028-4d7a-b43e-fc630492ec6f
2020-08-03 13:24:00,035 [grpc-default-executor-4] INFO  impl.RaftServerImpl (ServerState.java:setLeader(255)) - 5328ae2d-dffa-4840-b00a-ab3fd52ea77e@group-76977C293D21: change Leader from null to 1f92ab39-7028-4d7a-b43e-fc630492ec6f at term 1 for appendEntries, leader elected after 5082ms
2020-08-03 13:24:00,036 [grpc-default-executor-4] INFO  impl.RaftServerImpl (ServerState.java:setRaftConf(356)) - 5328ae2d-dffa-4840-b00a-ab3fd52ea77e@group-76977C293D21: set configuration 0: [ec3eb439-3e1f-444b-933e-76c1f64dd6e5:172.17.0.2:40825, 5328ae2d-dffa-4840-b00a-ab3fd52ea77e:172.17.0.2:38393, 1f92ab39-7028-4d7a-b43e-fc630492ec6f:172.17.0.2:38387], old=null at 0
2020-08-03 13:24:00,036 [grpc-default-executor-4] INFO  segmented.SegmentedRaftLogWorker (SegmentedRaftLogWorker.java:startLogSegment(397)) - 5328ae2d-dffa-4840-b00a-ab3fd52ea77e@group-76977C293D21-SegmentedRaftLogWorker: Starting segment from index:0
2020-08-03 13:24:00,037 [grpc-default-executor-2] INFO  impl.RaftServerImpl (ServerState.java:setRaftConf(356)) - ec3eb439-3e1f-444b-933e-76c1f64dd6e5@group-76977C293D21: set configuration 0: [ec3eb439-3e1f-444b-933e-76c1f64dd6e5:172.17.0.2:40825, 5328ae2d-dffa-4840-b00a-ab3fd52ea77e:172.17.0.2:38393, 1f92ab39-7028-4d7a-b43e-fc630492ec6f:172.17.0.2:38387], old=null at 0
2020-08-03 13:24:00,038 [grpc-default-executor-2] INFO  segmented.SegmentedRaftLogWorker (SegmentedRaftLogWorker.java:startLogSegment(397)) - ec3eb439-3e1f-444b-933e-76c1f64dd6e5@group-76977C293D21-SegmentedRaftLogWorker: Starting segment from index:0
2020-08-03 13:24:00,038 [5328ae2d-dffa-4840-b00a-ab3fd52ea77e@group-76977C293D21-SegmentedRaftLogWorker] INFO  segmented.SegmentedRaftLogWorker (SegmentedRaftLogWorker.java:execute(596)) - 5328ae2d-dffa-4840-b00a-ab3fd52ea77e@group-76977C293D21-SegmentedRaftLogWorker: created new log segment /github/workspace/mnt/ozone/hadoop-ozone/integration-test/target/test-dir/MiniOzoneClusterImpl-7e68a8b4-1ba8-49bf-9ad5-192f3c798a38/datanode-1/data/ratis/df8875c0-a74b-4e9b-9cc2-76977c293d21/current/log_inprogress_0
2020-08-03 13:24:00,039 [5328ae2d-dffa-4840-b00a-ab3fd52ea77e@group-0B3F279B954A-LeaderElection35] INFO  impl.LeaderElection (LeaderElection.java:askForVotes(209)) - 5328ae2d-dffa-4840-b00a-ab3fd52ea77e@group-0B3F279B954A-LeaderElection35: begin an election at term 1 for -1: [5328ae2d-dffa-4840-b00a-ab3fd52ea77e:172.17.0.2:38393], old=null
2020-08-03 13:24:00,039 [5328ae2d-dffa-4840-b00a-ab3fd52ea77e@group-0B3F279B954A-LeaderElection35] INFO  impl.RoleInfo (RoleInfo.java:shutdownLeaderElection(134)) - 5328ae2d-dffa-4840-b00a-ab3fd52ea77e: shutdown LeaderElection
2020-08-03 13:24:00,039 [5328ae2d-dffa-4840-b00a-ab3fd52ea77e@group-0B3F279B954A-LeaderElection35] INFO  impl.RaftServerImpl (RaftServerImpl.java:setRole(185)) - 5328ae2d-dffa-4840-b00a-ab3fd52ea77e@group-0B3F279B954A: changes role from CANDIDATE to LEADER at term 1 for changeToLeader
2020-08-03 13:24:00,040 [5328ae2d-dffa-4840-b00a-ab3fd52ea77e@group-0B3F279B954A-LeaderElection35] INFO  ratis.XceiverServerRatis (XceiverServerRatis.java:handleLeaderChangedNotification(822)) - Leader change notification received for group: group-0B3F279B954A with new leaderId: 5328ae2d-dffa-4840-b00a-ab3fd52ea77e
2020-08-03 13:24:00,040 [ec3eb439-3e1f-444b-933e-76c1f64dd6e5@group-76977C293D21-SegmentedRaftLogWorker] INFO  segmented.SegmentedRaftLogWorker (SegmentedRaftLogWorker.java:execute(596)) - ec3eb439-3e1f-444b-933e-76c1f64dd6e5@group-76977C293D21-SegmentedRaftLogWorker: created new log segment /github/workspace/mnt/ozone/hadoop-ozone/integration-test/target/test-dir/MiniOzoneClusterImpl-7e68a8b4-1ba8-49bf-9ad5-192f3c798a38/datanode-2/data/ratis/df8875c0-a74b-4e9b-9cc2-76977c293d21/current/log_inprogress_0
2020-08-03 13:24:00,042 [Datanode State Machine Thread - 0] WARN  statemachine.DatanodeStateMachine (DatanodeStateMachine.java:start(245)) - Interrupt the execution.
java.lang.InterruptedException: sleep interrupted
	at java.lang.Thread.sleep(Native Method)
	at org.apache.hadoop.ozone.container.common.statemachine.DatanodeStateMachine.start(DatanodeStateMachine.java:243)
	at org.apache.hadoop.ozone.container.common.statemachine.DatanodeStateMachine.lambda$startDaemon$0(DatanodeStateMachine.java:405)
	at java.lang.Thread.run(Thread.java:748)
2020-08-03 13:24:00,043 [5328ae2d-dffa-4840-b00a-ab3fd52ea77e@group-0B3F279B954A-LeaderElection35] INFO  impl.RaftServerImpl (ServerState.java:setLeader(255)) - 5328ae2d-dffa-4840-b00a-ab3fd52ea77e@group-0B3F279B954A: change Leader from null to 5328ae2d-dffa-4840-b00a-ab3fd52ea77e at term 1 for becomeLeader, leader elected after 5067ms
2020-08-03 13:24:00,043 [5328ae2d-dffa-4840-b00a-ab3fd52ea77e@group-0B3F279B954A-LeaderElection35] INFO  server.RaftServerConfigKeys (ConfUtils.java:logGet(44)) - raft.server.staging.catchup.gap = 1000 (default)
2020-08-03 13:24:00,043 [5328ae2d-dffa-4840-b00a-ab3fd52ea77e@group-0B3F279B954A-LeaderElection35] INFO  server.RaftServerConfigKeys (ConfUtils.java:logGet(44)) - raft.server.rpc.sleep.time = 25ms (default)
2020-08-03 13:24:00,043 [5328ae2d-dffa-4840-b00a-ab3fd52ea77e@group-0B3F279B954A-LeaderElection35] INFO  metrics.RatisMetrics (RatisMetrics.java:lambda$create$0(36)) - Creating Metrics Registry : ratis.log_appender.5328ae2d-dffa-4840-b00a-ab3fd52ea77e@group-0B3F279B954A
2020-08-03 13:24:00,043 [5328ae2d-dffa-4840-b00a-ab3fd52ea77e@group-0B3F279B954A-LeaderElection35] INFO  server.RaftServerConfigKeys (ConfUtils.java:logGet(44)) - raft.server.write.element-limit = 1024 (custom)
2020-08-03 13:24:00,043 [5328ae2d-dffa-4840-b00a-ab3fd52ea77e@group-0B3F279B954A-LeaderElection35] INFO  server.RaftServerConfigKeys (ConfUtils.java:logGet(44)) - raft.server.write.byte-limit = 1073741824 (custom)
2020-08-03 13:24:00,044 [5328ae2d-dffa-4840-b00a-ab3fd52ea77e@group-0B3F279B954A-LeaderElection35] INFO  server.RaftServerConfigKeys (ConfUtils.java:logGet(44)) - raft.server.watch.timeout = 3000ms (custom)
2020-08-03 13:24:00,044 [5328ae2d-dffa-4840-b00a-ab3fd52ea77e@group-0B3F279B954A-LeaderElection35] INFO  server.RaftServerConfigKeys (ConfUtils.java:logGet(44)) - raft.server.watch.timeout.denomination = 1s (default)
2020-08-03 13:24:00,044 [5328ae2d-dffa-4840-b00a-ab3fd52ea77e@group-0B3F279B954A-LeaderElection35] INFO  server.RaftServerConfigKeys (ConfUtils.java:logGet(44)) - raft.server.watch.element-limit = 65536 (default)
2020-08-03 13:24:00,044 [5328ae2d-dffa-4840-b00a-ab3fd52ea77e@group-0B3F279B954A-LeaderElection35] INFO  impl.RoleInfo (RoleInfo.java:updateAndGet(143)) - 5328ae2d-dffa-4840-b00a-ab3fd52ea77e: start LeaderState
2020-08-03 13:24:00,044 [5328ae2d-dffa-4840-b00a-ab3fd52ea77e@group-0B3F279B954A-LeaderElection35] INFO  segmented.SegmentedRaftLogWorker (SegmentedRaftLogWorker.java:startLogSegment(397)) - 5328ae2d-dffa-4840-b00a-ab3fd52ea77e@group-0B3F279B954A-SegmentedRaftLogWorker: Starting segment from index:0
2020-08-03 13:24:00,045 [5328ae2d-dffa-4840-b00a-ab3fd52ea77e@group-0B3F279B954A-SegmentedRaftLogWorker] INFO  segmented.SegmentedRaftLogWorker (SegmentedRaftLogWorker.java:execute(596)) - 5328ae2d-dffa-4840-b00a-ab3fd52ea77e@group-0B3F279B954A-SegmentedRaftLogWorker: created new log segment /github/workspace/mnt/ozone/hadoop-ozone/integration-test/target/test-dir/MiniOzoneClusterImpl-7e68a8b4-1ba8-49bf-9ad5-192f3c798a38/datanode-1/data/ratis/5d51b031-8848-4cbb-aa59-0b3f279b954a/current/log_inprogress_0
2020-08-03 13:24:00,049 [5328ae2d-dffa-4840-b00a-ab3fd52ea77e@group-0B3F279B954A-LeaderElection35] INFO  impl.RaftServerImpl (ServerState.java:setRaftConf(356)) - 5328ae2d-dffa-4840-b00a-ab3fd52ea77e@group-0B3F279B954A: set configuration 0: [5328ae2d-dffa-4840-b00a-ab3fd52ea77e:172.17.0.2:38393], old=null at 0
2020-08-03 13:24:00,196 [Thread-1274] INFO  impl.FollowerState (FollowerState.java:run(108)) - ec3eb439-3e1f-444b-933e-76c1f64dd6e5@group-04815E802AF4-FollowerState: change to CANDIDATE, lastRpcTime:5042ms, electionTimeout:5042ms
2020-08-03 13:24:00,197 [Thread-1274] INFO  impl.RoleInfo (RoleInfo.java:shutdownFollowerState(121)) - ec3eb439-3e1f-444b-933e-76c1f64dd6e5: shutdown FollowerState
2020-08-03 13:24:00,197 [Thread-1274] INFO  impl.RaftServerImpl (RaftServerImpl.java:setRole(185)) - ec3eb439-3e1f-444b-933e-76c1f64dd6e5@group-04815E802AF4: changes role from  FOLLOWER to CANDIDATE at term 0 for changeToCandidate
2020-08-03 13:24:00,197 [Thread-1274] INFO  impl.RoleInfo (RoleInfo.java:updateAndGet(143)) - ec3eb439-3e1f-444b-933e-76c1f64dd6e5: start LeaderElection
2020-08-03 13:24:00,201 [ec3eb439-3e1f-444b-933e-76c1f64dd6e5@group-04815E802AF4-LeaderElection36] INFO  impl.LeaderElection (LeaderElection.java:askForVotes(209)) - ec3eb439-3e1f-444b-933e-76c1f64dd6e5@group-04815E802AF4-LeaderElection36: begin an election at term 1 for -1: [ec3eb439-3e1f-444b-933e-76c1f64dd6e5:172.17.0.2:40825], old=null
2020-08-03 13:24:00,201 [ec3eb439-3e1f-444b-933e-76c1f64dd6e5@group-04815E802AF4-LeaderElection36] INFO  impl.RoleInfo (RoleInfo.java:shutdownLeaderElection(134)) - ec3eb439-3e1f-444b-933e-76c1f64dd6e5: shutdown LeaderElection
2020-08-03 13:24:00,201 [ec3eb439-3e1f-444b-933e-76c1f64dd6e5@group-04815E802AF4-LeaderElection36] INFO  impl.RaftServerImpl (RaftServerImpl.java:setRole(185)) - ec3eb439-3e1f-444b-933e-76c1f64dd6e5@group-04815E802AF4: changes role from CANDIDATE to LEADER at term 1 for changeToLeader
2020-08-03 13:24:00,201 [ec3eb439-3e1f-444b-933e-76c1f64dd6e5@group-04815E802AF4-LeaderElection36] INFO  ratis.XceiverServerRatis (XceiverServerRatis.java:handleLeaderChangedNotification(822)) - Leader change notification received for group: group-04815E802AF4 with new leaderId: ec3eb439-3e1f-444b-933e-76c1f64dd6e5
2020-08-03 13:24:00,201 [ec3eb439-3e1f-444b-933e-76c1f64dd6e5@group-04815E802AF4-LeaderElection36] INFO  impl.RaftServerImpl (ServerState.java:setLeader(255)) - ec3eb439-3e1f-444b-933e-76c1f64dd6e5@group-04815E802AF4: change Leader from null to ec3eb439-3e1f-444b-933e-76c1f64dd6e5 at term 1 for becomeLeader, leader elected after 5054ms
2020-08-03 13:24:00,201 [Datanode State Machine Thread - 0] WARN  statemachine.DatanodeStateMachine (DatanodeStateMachine.java:start(245)) - Interrupt the execution.
java.lang.InterruptedException: sleep interrupted
	at java.lang.Thread.sleep(Native Method)
	at org.apache.hadoop.ozone.container.common.statemachine.DatanodeStateMachine.start(DatanodeStateMachine.java:243)
	at org.apache.hadoop.ozone.container.common.statemachine.DatanodeStateMachine.lambda$startDaemon$0(DatanodeStateMachine.java:405)
	at java.lang.Thread.run(Thread.java:748)
2020-08-03 13:24:00,201 [ec3eb439-3e1f-444b-933e-76c1f64dd6e5@group-04815E802AF4-LeaderElection36] INFO  server.RaftServerConfigKeys (ConfUtils.java:logGet(44)) - raft.server.staging.catchup.gap = 1000 (default)
2020-08-03 13:24:00,202 [ec3eb439-3e1f-444b-933e-76c1f64dd6e5@group-04815E802AF4-LeaderElection36] INFO  server.RaftServerConfigKeys (ConfUtils.java:logGet(44)) - raft.server.rpc.sleep.time = 25ms (default)
2020-08-03 13:24:00,202 [ec3eb439-3e1f-444b-933e-76c1f64dd6e5@group-04815E802AF4-LeaderElection36] INFO  metrics.RatisMetrics (RatisMetrics.java:lambda$create$0(36)) - Creating Metrics Registry : ratis.log_appender.ec3eb439-3e1f-444b-933e-76c1f64dd6e5@group-04815E802AF4
2020-08-03 13:24:00,202 [ec3eb439-3e1f-444b-933e-76c1f64dd6e5@group-04815E802AF4-LeaderElection36] INFO  server.RaftServerConfigKeys (ConfUtils.java:logGet(44)) - raft.server.write.element-limit = 1024 (custom)
2020-08-03 13:24:00,202 [ec3eb439-3e1f-444b-933e-76c1f64dd6e5@group-04815E802AF4-LeaderElection36] INFO  server.RaftServerConfigKeys (ConfUtils.java:logGet(44)) - raft.server.write.byte-limit = 1073741824 (custom)
2020-08-03 13:24:00,203 [ec3eb439-3e1f-444b-933e-76c1f64dd6e5@group-04815E802AF4-LeaderElection36] INFO  server.RaftServerConfigKeys (ConfUtils.java:logGet(44)) - raft.server.watch.timeout = 3000ms (custom)
2020-08-03 13:24:00,203 [ec3eb439-3e1f-444b-933e-76c1f64dd6e5@group-04815E802AF4-LeaderElection36] INFO  server.RaftServerConfigKeys (ConfUtils.java:logGet(44)) - raft.server.watch.timeout.denomination = 1s (default)
2020-08-03 13:24:00,203 [ec3eb439-3e1f-444b-933e-76c1f64dd6e5@group-04815E802AF4-LeaderElection36] INFO  server.RaftServerConfigKeys (ConfUtils.java:logGet(44)) - raft.server.watch.element-limit = 65536 (default)
2020-08-03 13:24:00,203 [ec3eb439-3e1f-444b-933e-76c1f64dd6e5@group-04815E802AF4-LeaderElection36] INFO  impl.RoleInfo (RoleInfo.java:updateAndGet(143)) - ec3eb439-3e1f-444b-933e-76c1f64dd6e5: start LeaderState
2020-08-03 13:24:00,204 [ec3eb439-3e1f-444b-933e-76c1f64dd6e5@group-04815E802AF4-LeaderElection36] INFO  segmented.SegmentedRaftLogWorker (SegmentedRaftLogWorker.java:startLogSegment(397)) - ec3eb439-3e1f-444b-933e-76c1f64dd6e5@group-04815E802AF4-SegmentedRaftLogWorker: Starting segment from index:0
2020-08-03 13:24:00,204 [ec3eb439-3e1f-444b-933e-76c1f64dd6e5@group-04815E802AF4-LeaderElection36] INFO  impl.RaftServerImpl (ServerState.java:setRaftConf(356)) - ec3eb439-3e1f-444b-933e-76c1f64dd6e5@group-04815E802AF4: set configuration 0: [ec3eb439-3e1f-444b-933e-76c1f64dd6e5:172.17.0.2:40825], old=null at 0
2020-08-03 13:24:00,206 [ec3eb439-3e1f-444b-933e-76c1f64dd6e5@group-04815E802AF4-SegmentedRaftLogWorker] INFO  segmented.SegmentedRaftLogWorker (SegmentedRaftLogWorker.java:execute(596)) - ec3eb439-3e1f-444b-933e-76c1f64dd6e5@group-04815E802AF4-SegmentedRaftLogWorker: created new log segment /github/workspace/mnt/ozone/hadoop-ozone/integration-test/target/test-dir/MiniOzoneClusterImpl-7e68a8b4-1ba8-49bf-9ad5-192f3c798a38/datanode-2/data/ratis/730fdb49-a755-4b42-b737-04815e802af4/current/log_inprogress_0
2020-08-03 13:24:00,348 [Thread-1276] INFO  impl.FollowerState (FollowerState.java:run(108)) - a8a1d134-8af3-42c4-83e7-63760987018e@group-B3F7B0C25FAB-FollowerState: change to CANDIDATE, lastRpcTime:5078ms, electionTimeout:5078ms
2020-08-03 13:24:00,348 [Thread-1276] INFO  impl.RoleInfo (RoleInfo.java:shutdownFollowerState(121)) - a8a1d134-8af3-42c4-83e7-63760987018e: shutdown FollowerState
2020-08-03 13:24:00,348 [Thread-1276] INFO  impl.RaftServerImpl (RaftServerImpl.java:setRole(185)) - a8a1d134-8af3-42c4-83e7-63760987018e@group-B3F7B0C25FAB: changes role from  FOLLOWER to CANDIDATE at term 0 for changeToCandidate
2020-08-03 13:24:00,349 [Thread-1276] INFO  impl.RoleInfo (RoleInfo.java:updateAndGet(143)) - a8a1d134-8af3-42c4-83e7-63760987018e: start LeaderElection
2020-08-03 13:24:00,353 [a8a1d134-8af3-42c4-83e7-63760987018e@group-B3F7B0C25FAB-LeaderElection37] INFO  impl.LeaderElection (LeaderElection.java:askForVotes(209)) - a8a1d134-8af3-42c4-83e7-63760987018e@group-B3F7B0C25FAB-LeaderElection37: begin an election at term 1 for -1: [a8a1d134-8af3-42c4-83e7-63760987018e:172.17.0.2:42655], old=null
2020-08-03 13:24:00,353 [a8a1d134-8af3-42c4-83e7-63760987018e@group-B3F7B0C25FAB-LeaderElection37] INFO  impl.RoleInfo (RoleInfo.java:shutdownLeaderElection(134)) - a8a1d134-8af3-42c4-83e7-63760987018e: shutdown LeaderElection
2020-08-03 13:24:00,353 [a8a1d134-8af3-42c4-83e7-63760987018e@group-B3F7B0C25FAB-LeaderElection37] INFO  impl.RaftServerImpl (RaftServerImpl.java:setRole(185)) - a8a1d134-8af3-42c4-83e7-63760987018e@group-B3F7B0C25FAB: changes role from CANDIDATE to LEADER at term 1 for changeToLeader
2020-08-03 13:24:00,353 [a8a1d134-8af3-42c4-83e7-63760987018e@group-B3F7B0C25FAB-LeaderElection37] INFO  ratis.XceiverServerRatis (XceiverServerRatis.java:handleLeaderChangedNotification(822)) - Leader change notification received for group: group-B3F7B0C25FAB with new leaderId: a8a1d134-8af3-42c4-83e7-63760987018e
2020-08-03 13:24:00,353 [a8a1d134-8af3-42c4-83e7-63760987018e@group-B3F7B0C25FAB-LeaderElection37] INFO  impl.RaftServerImpl (ServerState.java:setLeader(255)) - a8a1d134-8af3-42c4-83e7-63760987018e@group-B3F7B0C25FAB: change Leader from null to a8a1d134-8af3-42c4-83e7-63760987018e at term 1 for becomeLeader, leader elected after 5090ms
2020-08-03 13:24:00,353 [Datanode State Machine Thread - 0] WARN  statemachine.DatanodeStateMachine (DatanodeStateMachine.java:start(245)) - Interrupt the execution.
java.lang.InterruptedException: sleep interrupted
	at java.lang.Thread.sleep(Native Method)
	at org.apache.hadoop.ozone.container.common.statemachine.DatanodeStateMachine.start(DatanodeStateMachine.java:243)
	at org.apache.hadoop.ozone.container.common.statemachine.DatanodeStateMachine.lambda$startDaemon$0(DatanodeStateMachine.java:405)
	at java.lang.Thread.run(Thread.java:748)
2020-08-03 13:24:00,353 [a8a1d134-8af3-42c4-83e7-63760987018e@group-B3F7B0C25FAB-LeaderElection37] INFO  server.RaftServerConfigKeys (ConfUtils.java:logGet(44)) - raft.server.staging.catchup.gap = 1000 (default)
2020-08-03 13:24:00,354 [a8a1d134-8af3-42c4-83e7-63760987018e@group-B3F7B0C25FAB-LeaderElection37] INFO  server.RaftServerConfigKeys (ConfUtils.java:logGet(44)) - raft.server.rpc.sleep.time = 25ms (default)
2020-08-03 13:24:00,354 [a8a1d134-8af3-42c4-83e7-63760987018e@group-B3F7B0C25FAB-LeaderElection37] INFO  metrics.RatisMetrics (RatisMetrics.java:lambda$create$0(36)) - Creating Metrics Registry : ratis.log_appender.a8a1d134-8af3-42c4-83e7-63760987018e@group-B3F7B0C25FAB
2020-08-03 13:24:00,354 [a8a1d134-8af3-42c4-83e7-63760987018e@group-B3F7B0C25FAB-LeaderElection37] INFO  server.RaftServerConfigKeys (ConfUtils.java:logGet(44)) - raft.server.write.element-limit = 1024 (custom)
2020-08-03 13:24:00,354 [a8a1d134-8af3-42c4-83e7-63760987018e@group-B3F7B0C25FAB-LeaderElection37] INFO  server.RaftServerConfigKeys (ConfUtils.java:logGet(44)) - raft.server.write.byte-limit = 1073741824 (custom)
2020-08-03 13:24:00,355 [a8a1d134-8af3-42c4-83e7-63760987018e@group-B3F7B0C25FAB-LeaderElection37] INFO  server.RaftServerConfigKeys (ConfUtils.java:logGet(44)) - raft.server.watch.timeout = 3000ms (custom)
2020-08-03 13:24:00,355 [a8a1d134-8af3-42c4-83e7-63760987018e@group-B3F7B0C25FAB-LeaderElection37] INFO  server.RaftServerConfigKeys (ConfUtils.java:logGet(44)) - raft.server.watch.timeout.denomination = 1s (default)
2020-08-03 13:24:00,355 [a8a1d134-8af3-42c4-83e7-63760987018e@group-B3F7B0C25FAB-LeaderElection37] INFO  server.RaftServerConfigKeys (ConfUtils.java:logGet(44)) - raft.server.watch.element-limit = 65536 (default)
2020-08-03 13:24:00,355 [a8a1d134-8af3-42c4-83e7-63760987018e@group-B3F7B0C25FAB-LeaderElection37] INFO  impl.RoleInfo (RoleInfo.java:updateAndGet(143)) - a8a1d134-8af3-42c4-83e7-63760987018e: start LeaderState
2020-08-03 13:24:00,356 [a8a1d134-8af3-42c4-83e7-63760987018e@group-B3F7B0C25FAB-LeaderElection37] INFO  segmented.SegmentedRaftLogWorker (SegmentedRaftLogWorker.java:startLogSegment(397)) - a8a1d134-8af3-42c4-83e7-63760987018e@group-B3F7B0C25FAB-SegmentedRaftLogWorker: Starting segment from index:0
2020-08-03 13:24:00,357 [a8a1d134-8af3-42c4-83e7-63760987018e@group-B3F7B0C25FAB-SegmentedRaftLogWorker] INFO  segmented.SegmentedRaftLogWorker (SegmentedRaftLogWorker.java:execute(596)) - a8a1d134-8af3-42c4-83e7-63760987018e@group-B3F7B0C25FAB-SegmentedRaftLogWorker: created new log segment /github/workspace/mnt/ozone/hadoop-ozone/integration-test/target/test-dir/MiniOzoneClusterImpl-7e68a8b4-1ba8-49bf-9ad5-192f3c798a38/datanode-3/data/ratis/b509197a-093e-4369-9aca-b3f7b0c25fab/current/log_inprogress_0
2020-08-03 13:24:00,358 [a8a1d134-8af3-42c4-83e7-63760987018e@group-B3F7B0C25FAB-LeaderElection37] INFO  impl.RaftServerImpl (ServerState.java:setRaftConf(356)) - a8a1d134-8af3-42c4-83e7-63760987018e@group-B3F7B0C25FAB: set configuration 0: [a8a1d134-8af3-42c4-83e7-63760987018e:172.17.0.2:42655], old=null at 0
2020-08-03 13:24:00,378 [Thread-1278] INFO  impl.FollowerState (FollowerState.java:run(108)) - a8a1d134-8af3-42c4-83e7-63760987018e@group-791DE9EDD5F7-FollowerState: change to CANDIDATE, lastRpcTime:5096ms, electionTimeout:5095ms
2020-08-03 13:24:00,378 [Thread-1278] INFO  impl.RoleInfo (RoleInfo.java:shutdownFollowerState(121)) - a8a1d134-8af3-42c4-83e7-63760987018e: shutdown FollowerState
2020-08-03 13:24:00,378 [Thread-1278] INFO  impl.RaftServerImpl (RaftServerImpl.java:setRole(185)) - a8a1d134-8af3-42c4-83e7-63760987018e@group-791DE9EDD5F7: changes role from  FOLLOWER to CANDIDATE at term 0 for changeToCandidate
2020-08-03 13:24:00,378 [Thread-1278] INFO  impl.RoleInfo (RoleInfo.java:updateAndGet(143)) - a8a1d134-8af3-42c4-83e7-63760987018e: start LeaderElection
2020-08-03 13:24:00,381 [a8a1d134-8af3-42c4-83e7-63760987018e@group-791DE9EDD5F7-LeaderElection38] INFO  impl.LeaderElection (LeaderElection.java:askForVotes(209)) - a8a1d134-8af3-42c4-83e7-63760987018e@group-791DE9EDD5F7-LeaderElection38: begin an election at term 1 for -1: [a8a1d134-8af3-42c4-83e7-63760987018e:172.17.0.2:42655, 8889aacf-63e0-4224-910f-f37fd04a741c:172.17.0.2:41647, fdbc600f-3b5f-4aad-829a-89e7c71c96d8:172.17.0.2:42365], old=null
2020-08-03 13:24:00,391 [grpc-default-executor-4] INFO  impl.RaftServerImpl (RaftServerImpl.java:setRole(185)) - 8889aacf-63e0-4224-910f-f37fd04a741c@group-791DE9EDD5F7: changes role from  FOLLOWER to FOLLOWER at term 1 for recognizeCandidate:a8a1d134-8af3-42c4-83e7-63760987018e
2020-08-03 13:24:00,391 [grpc-default-executor-4] INFO  impl.RoleInfo (RoleInfo.java:shutdownFollowerState(121)) - 8889aacf-63e0-4224-910f-f37fd04a741c: shutdown FollowerState
2020-08-03 13:24:00,391 [grpc-default-executor-4] INFO  impl.RoleInfo (RoleInfo.java:updateAndGet(143)) - 8889aacf-63e0-4224-910f-f37fd04a741c: start FollowerState
2020-08-03 13:24:00,391 [Thread-1280] INFO  impl.FollowerState (FollowerState.java:run(117)) - 8889aacf-63e0-4224-910f-f37fd04a741c@group-791DE9EDD5F7-FollowerState was interrupted: java.lang.InterruptedException: sleep interrupted
2020-08-03 13:24:00,400 [a8a1d134-8af3-42c4-83e7-63760987018e@group-791DE9EDD5F7-LeaderElection38] INFO  impl.LeaderElection (LeaderElection.java:logAndReturn(61)) - a8a1d134-8af3-42c4-83e7-63760987018e@group-791DE9EDD5F7-LeaderElection38: Election PASSED; received 1 response(s) [a8a1d134-8af3-42c4-83e7-63760987018e<-8889aacf-63e0-4224-910f-f37fd04a741c#0:OK-t1] and 0 exception(s); a8a1d134-8af3-42c4-83e7-63760987018e@group-791DE9EDD5F7:t1, leader=null, voted=a8a1d134-8af3-42c4-83e7-63760987018e, raftlog=a8a1d134-8af3-42c4-83e7-63760987018e@group-791DE9EDD5F7-SegmentedRaftLog:OPENED:c-1,f-1,i0, conf=-1: [a8a1d134-8af3-42c4-83e7-63760987018e:172.17.0.2:42655, 8889aacf-63e0-4224-910f-f37fd04a741c:172.17.0.2:41647, fdbc600f-3b5f-4aad-829a-89e7c71c96d8:172.17.0.2:42365], old=null
2020-08-03 13:24:00,400 [a8a1d134-8af3-42c4-83e7-63760987018e@group-791DE9EDD5F7-LeaderElection38] INFO  impl.RoleInfo (RoleInfo.java:shutdownLeaderElection(134)) - a8a1d134-8af3-42c4-83e7-63760987018e: shutdown LeaderElection
2020-08-03 13:24:00,401 [a8a1d134-8af3-42c4-83e7-63760987018e@group-791DE9EDD5F7-LeaderElection38] INFO  impl.RaftServerImpl (RaftServerImpl.java:setRole(185)) - a8a1d134-8af3-42c4-83e7-63760987018e@group-791DE9EDD5F7: changes role from CANDIDATE to LEADER at term 1 for changeToLeader
2020-08-03 13:24:00,402 [a8a1d134-8af3-42c4-83e7-63760987018e@group-791DE9EDD5F7-LeaderElection38] INFO  ratis.XceiverServerRatis (XceiverServerRatis.java:handleLeaderChangedNotification(822)) - Leader change notification received for group: group-791DE9EDD5F7 with new leaderId: a8a1d134-8af3-42c4-83e7-63760987018e
2020-08-03 13:24:00,402 [a8a1d134-8af3-42c4-83e7-63760987018e@group-791DE9EDD5F7-LeaderElection38] INFO  impl.RaftServerImpl (ServerState.java:setLeader(255)) - a8a1d134-8af3-42c4-83e7-63760987018e@group-791DE9EDD5F7: change Leader from null to a8a1d134-8af3-42c4-83e7-63760987018e at term 1 for becomeLeader, leader elected after 5126ms
2020-08-03 13:24:00,402 [Datanode State Machine Thread - 0] WARN  statemachine.DatanodeStateMachine (DatanodeStateMachine.java:start(245)) - Interrupt the execution.
java.lang.InterruptedException: sleep interrupted
	at java.lang.Thread.sleep(Native Method)
	at org.apache.hadoop.ozone.container.common.statemachine.DatanodeStateMachine.start(DatanodeStateMachine.java:243)
	at org.apache.hadoop.ozone.container.common.statemachine.DatanodeStateMachine.lambda$startDaemon$0(DatanodeStateMachine.java:405)
	at java.lang.Thread.run(Thread.java:748)
2020-08-03 13:24:00,403 [a8a1d134-8af3-42c4-83e7-63760987018e@group-791DE9EDD5F7-LeaderElection38] INFO  server.RaftServerConfigKeys (ConfUtils.java:logGet(44)) - raft.server.staging.catchup.gap = 1000 (default)
2020-08-03 13:24:00,404 [grpc-default-executor-4] INFO  impl.RaftServerImpl (RaftServerImpl.java:setRole(185)) - fdbc600f-3b5f-4aad-829a-89e7c71c96d8@group-791DE9EDD5F7: changes role from  FOLLOWER to FOLLOWER at term 1 for recognizeCandidate:a8a1d134-8af3-42c4-83e7-63760987018e
2020-08-03 13:24:00,404 [grpc-default-executor-4] INFO  impl.RoleInfo (RoleInfo.java:shutdownFollowerState(121)) - fdbc600f-3b5f-4aad-829a-89e7c71c96d8: shutdown FollowerState
2020-08-03 13:24:00,404 [grpc-default-executor-4] INFO  impl.RoleInfo (RoleInfo.java:updateAndGet(143)) - fdbc600f-3b5f-4aad-829a-89e7c71c96d8: start FollowerState
2020-08-03 13:24:00,405 [Thread-1283] INFO  impl.FollowerState (FollowerState.java:run(117)) - fdbc600f-3b5f-4aad-829a-89e7c71c96d8@group-791DE9EDD5F7-FollowerState was interrupted: java.lang.InterruptedException: sleep interrupted
2020-08-03 13:24:00,405 [a8a1d134-8af3-42c4-83e7-63760987018e@group-791DE9EDD5F7-LeaderElection38] INFO  server.RaftServerConfigKeys (ConfUtils.java:logGet(44)) - raft.server.rpc.sleep.time = 25ms (default)
2020-08-03 13:24:00,405 [EventQueue-PipelineReportForPipelineReportHandler] INFO  pipeline.PipelineStateManager (PipelineStateManager.java:openPipeline(131)) - Pipeline Pipeline[ Id: 080d282a-1c82-40b2-9ecc-791de9edd5f7, Nodes: 8889aacf-63e0-4224-910f-f37fd04a741c{ip: 172.17.0.2, host: 21919eb6eecd, networkLocation: /default-rack, certSerialId: null}fdbc600f-3b5f-4aad-829a-89e7c71c96d8{ip: 172.17.0.2, host: 21919eb6eecd, networkLocation: /default-rack, certSerialId: null}a8a1d134-8af3-42c4-83e7-63760987018e{ip: 172.17.0.2, host: 21919eb6eecd, networkLocation: /default-rack, certSerialId: null}, Type:RATIS, Factor:THREE, State:ALLOCATED, leaderId:a8a1d134-8af3-42c4-83e7-63760987018e, CreationTimestamp2020-08-03T13:23:52.493Z] moved to OPEN state
2020-08-03 13:24:00,407 [a8a1d134-8af3-42c4-83e7-63760987018e@group-791DE9EDD5F7-LeaderElection38] INFO  metrics.RatisMetrics (RatisMetrics.java:lambda$create$0(36)) - Creating Metrics Registry : ratis.log_appender.a8a1d134-8af3-42c4-83e7-63760987018e@group-791DE9EDD5F7
2020-08-03 13:24:00,408 [a8a1d134-8af3-42c4-83e7-63760987018e@group-791DE9EDD5F7-LeaderElection38] INFO  server.RaftServerConfigKeys (ConfUtils.java:logGet(44)) - raft.server.write.element-limit = 1024 (custom)
2020-08-03 13:24:00,408 [a8a1d134-8af3-42c4-83e7-63760987018e@group-791DE9EDD5F7-LeaderElection38] INFO  server.RaftServerConfigKeys (ConfUtils.java:logGet(44)) - raft.server.write.byte-limit = 1073741824 (custom)
2020-08-03 13:24:00,408 [a8a1d134-8af3-42c4-83e7-63760987018e@group-791DE9EDD5F7-LeaderElection38] INFO  server.RaftServerConfigKeys (ConfUtils.java:logGet(44)) - raft.server.watch.timeout = 3000ms (custom)
2020-08-03 13:24:00,408 [a8a1d134-8af3-42c4-83e7-63760987018e@group-791DE9EDD5F7-LeaderElection38] INFO  server.RaftServerConfigKeys (ConfUtils.java:logGet(44)) - raft.server.watch.timeout.denomination = 1s (default)
2020-08-03 13:24:00,408 [a8a1d134-8af3-42c4-83e7-63760987018e@group-791DE9EDD5F7-LeaderElection38] INFO  server.RaftServerConfigKeys (ConfUtils.java:logGet(44)) - raft.server.watch.element-limit = 65536 (default)
2020-08-03 13:24:00,408 [a8a1d134-8af3-42c4-83e7-63760987018e@group-791DE9EDD5F7-LeaderElection38] INFO  server.RaftServerConfigKeys (ConfUtils.java:logGet(44)) - raft.server.log.appender.snapshot.chunk.size.max = 16MB (=16777216) (default)
2020-08-03 13:24:00,408 [a8a1d134-8af3-42c4-83e7-63760987018e@group-791DE9EDD5F7-LeaderElection38] INFO  server.RaftServerConfigKeys (ConfUtils.java:logGet(44)) - raft.server.log.appender.buffer.byte-limit = 33554432 (custom)
2020-08-03 13:24:00,408 [a8a1d134-8af3-42c4-83e7-63760987018e@group-791DE9EDD5F7-LeaderElection38] INFO  server.RaftServerConfigKeys (ConfUtils.java:logGet(44)) - raft.server.log.appender.buffer.element-limit = 1 (custom)
2020-08-03 13:24:00,408 [a8a1d134-8af3-42c4-83e7-63760987018e@group-791DE9EDD5F7-LeaderElection38] INFO  grpc.GrpcConfigKeys (ConfUtils.java:logGet(44)) - raft.grpc.server.leader.outstanding.appends.max = 128 (default)
2020-08-03 13:24:00,408 [a8a1d134-8af3-42c4-83e7-63760987018e@group-791DE9EDD5F7-LeaderElection38] INFO  server.RaftServerConfigKeys (ConfUtils.java:logGet(44)) - raft.server.rpc.request.timeout = 3000ms (default)
2020-08-03 13:24:00,408 [a8a1d134-8af3-42c4-83e7-63760987018e@group-791DE9EDD5F7-LeaderElection38] INFO  server.RaftServerConfigKeys (ConfUtils.java:logGet(44)) - raft.server.log.appender.install.snapshot.enabled = false (custom)
2020-08-03 13:24:00,409 [a8a1d134-8af3-42c4-83e7-63760987018e@group-791DE9EDD5F7-LeaderElection38] INFO  metrics.RatisMetrics (RatisMetrics.java:lambda$create$0(36)) - Creating Metrics Registry : ratis_grpc.log_appender.a8a1d134-8af3-42c4-83e7-63760987018e@group-791DE9EDD5F7
2020-08-03 13:24:00,410 [a8a1d134-8af3-42c4-83e7-63760987018e@group-791DE9EDD5F7-LeaderElection38] INFO  server.RaftServerConfigKeys (ConfUtils.java:logGet(44)) - raft.server.log.appender.snapshot.chunk.size.max = 16MB (=16777216) (default)
2020-08-03 13:24:00,410 [a8a1d134-8af3-42c4-83e7-63760987018e@group-791DE9EDD5F7-LeaderElection38] INFO  server.RaftServerConfigKeys (ConfUtils.java:logGet(44)) - raft.server.log.appender.buffer.byte-limit = 33554432 (custom)
2020-08-03 13:24:00,410 [a8a1d134-8af3-42c4-83e7-63760987018e@group-791DE9EDD5F7-LeaderElection38] INFO  server.RaftServerConfigKeys (ConfUtils.java:logGet(44)) - raft.server.log.appender.buffer.element-limit = 1 (custom)
2020-08-03 13:24:00,410 [a8a1d134-8af3-42c4-83e7-63760987018e@group-791DE9EDD5F7-LeaderElection38] INFO  grpc.GrpcConfigKeys (ConfUtils.java:logGet(44)) - raft.grpc.server.leader.outstanding.appends.max = 128 (default)
2020-08-03 13:24:00,410 [a8a1d134-8af3-42c4-83e7-63760987018e@group-791DE9EDD5F7-LeaderElection38] INFO  server.RaftServerConfigKeys (ConfUtils.java:logGet(44)) - raft.server.rpc.request.timeout = 3000ms (default)
2020-08-03 13:24:00,410 [a8a1d134-8af3-42c4-83e7-63760987018e@group-791DE9EDD5F7-LeaderElection38] INFO  server.RaftServerConfigKeys (ConfUtils.java:logGet(44)) - raft.server.log.appender.install.snapshot.enabled = false (custom)
2020-08-03 13:24:00,411 [a8a1d134-8af3-42c4-83e7-63760987018e@group-791DE9EDD5F7-LeaderElection38] INFO  impl.RoleInfo (RoleInfo.java:updateAndGet(143)) - a8a1d134-8af3-42c4-83e7-63760987018e: start LeaderState
2020-08-03 13:24:00,413 [a8a1d134-8af3-42c4-83e7-63760987018e@group-791DE9EDD5F7-LeaderElection38] INFO  segmented.SegmentedRaftLogWorker (SegmentedRaftLogWorker.java:startLogSegment(397)) - a8a1d134-8af3-42c4-83e7-63760987018e@group-791DE9EDD5F7-SegmentedRaftLogWorker: Starting segment from index:0
2020-08-03 13:24:00,414 [a8a1d134-8af3-42c4-83e7-63760987018e@group-791DE9EDD5F7-SegmentedRaftLogWorker] INFO  segmented.SegmentedRaftLogWorker (SegmentedRaftLogWorker.java:execute(596)) - a8a1d134-8af3-42c4-83e7-63760987018e@group-791DE9EDD5F7-SegmentedRaftLogWorker: created new log segment /github/workspace/mnt/ozone/hadoop-ozone/integration-test/target/test-dir/MiniOzoneClusterImpl-7e68a8b4-1ba8-49bf-9ad5-192f3c798a38/datanode-3/data/ratis/080d282a-1c82-40b2-9ecc-791de9edd5f7/current/log_inprogress_0
2020-08-03 13:24:00,419 [a8a1d134-8af3-42c4-83e7-63760987018e@group-791DE9EDD5F7-LeaderElection38] INFO  impl.RaftServerImpl (ServerState.java:setRaftConf(356)) - a8a1d134-8af3-42c4-83e7-63760987018e@group-791DE9EDD5F7: set configuration 0: [a8a1d134-8af3-42c4-83e7-63760987018e:172.17.0.2:42655, 8889aacf-63e0-4224-910f-f37fd04a741c:172.17.0.2:41647, fdbc600f-3b5f-4aad-829a-89e7c71c96d8:172.17.0.2:42365], old=null at 0
2020-08-03 13:24:00,430 [grpc-default-executor-4] INFO  ratis.XceiverServerRatis (XceiverServerRatis.java:handleLeaderChangedNotification(822)) - Leader change notification received for group: group-791DE9EDD5F7 with new leaderId: a8a1d134-8af3-42c4-83e7-63760987018e
2020-08-03 13:24:00,430 [grpc-default-executor-4] INFO  impl.RaftServerImpl (ServerState.java:setLeader(255)) - fdbc600f-3b5f-4aad-829a-89e7c71c96d8@group-791DE9EDD5F7: change Leader from null to a8a1d134-8af3-42c4-83e7-63760987018e at term 1 for appendEntries, leader elected after 5103ms
2020-08-03 13:24:00,435 [grpc-default-executor-2] INFO  ratis.XceiverServerRatis (XceiverServerRatis.java:handleLeaderChangedNotification(822)) - Leader change notification received for group: group-791DE9EDD5F7 with new leaderId: a8a1d134-8af3-42c4-83e7-63760987018e
2020-08-03 13:24:00,435 [grpc-default-executor-2] INFO  impl.RaftServerImpl (ServerState.java:setLeader(255)) - 8889aacf-63e0-4224-910f-f37fd04a741c@group-791DE9EDD5F7: change Leader from null to a8a1d134-8af3-42c4-83e7-63760987018e at term 1 for appendEntries, leader elected after 5138ms
2020-08-03 13:24:00,436 [grpc-default-executor-4] INFO  impl.RaftServerImpl (ServerState.java:setRaftConf(356)) - fdbc600f-3b5f-4aad-829a-89e7c71c96d8@group-791DE9EDD5F7: set configuration 0: [a8a1d134-8af3-42c4-83e7-63760987018e:172.17.0.2:42655, 8889aacf-63e0-4224-910f-f37fd04a741c:172.17.0.2:41647, fdbc600f-3b5f-4aad-829a-89e7c71c96d8:172.17.0.2:42365], old=null at 0
2020-08-03 13:24:00,436 [grpc-default-executor-4] INFO  segmented.SegmentedRaftLogWorker (SegmentedRaftLogWorker.java:startLogSegment(397)) - fdbc600f-3b5f-4aad-829a-89e7c71c96d8@group-791DE9EDD5F7-SegmentedRaftLogWorker: Starting segment from index:0
2020-08-03 13:24:00,444 [fdbc600f-3b5f-4aad-829a-89e7c71c96d8@group-791DE9EDD5F7-SegmentedRaftLogWorker] INFO  segmented.SegmentedRaftLogWorker (SegmentedRaftLogWorker.java:execute(596)) - fdbc600f-3b5f-4aad-829a-89e7c71c96d8@group-791DE9EDD5F7-SegmentedRaftLogWorker: created new log segment /github/workspace/mnt/ozone/hadoop-ozone/integration-test/target/test-dir/MiniOzoneClusterImpl-7e68a8b4-1ba8-49bf-9ad5-192f3c798a38/datanode-4/data/ratis/080d282a-1c82-40b2-9ecc-791de9edd5f7/current/log_inprogress_0
2020-08-03 13:24:00,445 [grpc-default-executor-2] INFO  impl.RaftServerImpl (ServerState.java:setRaftConf(356)) - 8889aacf-63e0-4224-910f-f37fd04a741c@group-791DE9EDD5F7: set configuration 0: [a8a1d134-8af3-42c4-83e7-63760987018e:172.17.0.2:42655, 8889aacf-63e0-4224-910f-f37fd04a741c:172.17.0.2:41647, fdbc600f-3b5f-4aad-829a-89e7c71c96d8:172.17.0.2:42365], old=null at 0
2020-08-03 13:24:00,451 [grpc-default-executor-2] INFO  segmented.SegmentedRaftLogWorker (SegmentedRaftLogWorker.java:startLogSegment(397)) - 8889aacf-63e0-4224-910f-f37fd04a741c@group-791DE9EDD5F7-SegmentedRaftLogWorker: Starting segment from index:0
2020-08-03 13:24:00,453 [8889aacf-63e0-4224-910f-f37fd04a741c@group-791DE9EDD5F7-SegmentedRaftLogWorker] INFO  segmented.SegmentedRaftLogWorker (SegmentedRaftLogWorker.java:execute(596)) - 8889aacf-63e0-4224-910f-f37fd04a741c@group-791DE9EDD5F7-SegmentedRaftLogWorker: created new log segment /github/workspace/mnt/ozone/hadoop-ozone/integration-test/target/test-dir/MiniOzoneClusterImpl-7e68a8b4-1ba8-49bf-9ad5-192f3c798a38/datanode-5/data/ratis/080d282a-1c82-40b2-9ecc-791de9edd5f7/current/log_inprogress_0
2020-08-03 13:24:00,485 [Thread-1286] INFO  impl.FollowerState (FollowerState.java:run(108)) - fdbc600f-3b5f-4aad-829a-89e7c71c96d8@group-EFA63FAA243A-FollowerState: change to CANDIDATE, lastRpcTime:5103ms, electionTimeout:5102ms
2020-08-03 13:24:00,485 [Thread-1286] INFO  impl.RoleInfo (RoleInfo.java:shutdownFollowerState(121)) - fdbc600f-3b5f-4aad-829a-89e7c71c96d8: shutdown FollowerState
2020-08-03 13:24:00,485 [Thread-1286] INFO  impl.RaftServerImpl (RaftServerImpl.java:setRole(185)) - fdbc600f-3b5f-4aad-829a-89e7c71c96d8@group-EFA63FAA243A: changes role from  FOLLOWER to CANDIDATE at term 0 for changeToCandidate
2020-08-03 13:24:00,485 [Thread-1286] INFO  impl.RoleInfo (RoleInfo.java:updateAndGet(143)) - fdbc600f-3b5f-4aad-829a-89e7c71c96d8: start LeaderElection
2020-08-03 13:24:00,490 [fdbc600f-3b5f-4aad-829a-89e7c71c96d8@group-EFA63FAA243A-LeaderElection39] INFO  impl.LeaderElection (LeaderElection.java:askForVotes(209)) - fdbc600f-3b5f-4aad-829a-89e7c71c96d8@group-EFA63FAA243A-LeaderElection39: begin an election at term 1 for -1: [fdbc600f-3b5f-4aad-829a-89e7c71c96d8:172.17.0.2:42365], old=null
2020-08-03 13:24:00,490 [fdbc600f-3b5f-4aad-829a-89e7c71c96d8@group-EFA63FAA243A-LeaderElection39] INFO  impl.RoleInfo (RoleInfo.java:shutdownLeaderElection(134)) - fdbc600f-3b5f-4aad-829a-89e7c71c96d8: shutdown LeaderElection
2020-08-03 13:24:00,490 [fdbc600f-3b5f-4aad-829a-89e7c71c96d8@group-EFA63FAA243A-LeaderElection39] INFO  impl.RaftServerImpl (RaftServerImpl.java:setRole(185)) - fdbc600f-3b5f-4aad-829a-89e7c71c96d8@group-EFA63FAA243A: changes role from CANDIDATE to LEADER at term 1 for changeToLeader
2020-08-03 13:24:00,490 [fdbc600f-3b5f-4aad-829a-89e7c71c96d8@group-EFA63FAA243A-LeaderElection39] INFO  ratis.XceiverServerRatis (XceiverServerRatis.java:handleLeaderChangedNotification(822)) - Leader change notification received for group: group-EFA63FAA243A with new leaderId: fdbc600f-3b5f-4aad-829a-89e7c71c96d8
2020-08-03 13:24:00,491 [fdbc600f-3b5f-4aad-829a-89e7c71c96d8@group-EFA63FAA243A-LeaderElection39] INFO  impl.RaftServerImpl (ServerState.java:setLeader(255)) - fdbc600f-3b5f-4aad-829a-89e7c71c96d8@group-EFA63FAA243A: change Leader from null to fdbc600f-3b5f-4aad-829a-89e7c71c96d8 at term 1 for becomeLeader, leader elected after 5117ms
2020-08-03 13:24:00,491 [Datanode State Machine Thread - 0] WARN  statemachine.DatanodeStateMachine (DatanodeStateMachine.java:start(245)) - Interrupt the execution.
java.lang.InterruptedException: sleep interrupted
	at java.lang.Thread.sleep(Native Method)
	at org.apache.hadoop.ozone.container.common.statemachine.DatanodeStateMachine.start(DatanodeStateMachine.java:243)
	at org.apache.hadoop.ozone.container.common.statemachine.DatanodeStateMachine.lambda$startDaemon$0(DatanodeStateMachine.java:405)
	at java.lang.Thread.run(Thread.java:748)
2020-08-03 13:24:00,491 [fdbc600f-3b5f-4aad-829a-89e7c71c96d8@group-EFA63FAA243A-LeaderElection39] INFO  server.RaftServerConfigKeys (ConfUtils.java:logGet(44)) - raft.server.staging.catchup.gap = 1000 (default)
2020-08-03 13:24:00,491 [fdbc600f-3b5f-4aad-829a-89e7c71c96d8@group-EFA63FAA243A-LeaderElection39] INFO  server.RaftServerConfigKeys (ConfUtils.java:logGet(44)) - raft.server.rpc.sleep.time = 25ms (default)
2020-08-03 13:24:00,491 [fdbc600f-3b5f-4aad-829a-89e7c71c96d8@group-EFA63FAA243A-LeaderElection39] INFO  metrics.RatisMetrics (RatisMetrics.java:lambda$create$0(36)) - Creating Metrics Registry : ratis.log_appender.fdbc600f-3b5f-4aad-829a-89e7c71c96d8@group-EFA63FAA243A
2020-08-03 13:24:00,491 [fdbc600f-3b5f-4aad-829a-89e7c71c96d8@group-EFA63FAA243A-LeaderElection39] INFO  server.RaftServerConfigKeys (ConfUtils.java:logGet(44)) - raft.server.write.element-limit = 1024 (custom)
2020-08-03 13:24:00,491 [fdbc600f-3b5f-4aad-829a-89e7c71c96d8@group-EFA63FAA243A-LeaderElection39] INFO  server.RaftServerConfigKeys (ConfUtils.java:logGet(44)) - raft.server.write.byte-limit = 1073741824 (custom)
2020-08-03 13:24:00,492 [fdbc600f-3b5f-4aad-829a-89e7c71c96d8@group-EFA63FAA243A-LeaderElection39] INFO  server.RaftServerConfigKeys (ConfUtils.java:logGet(44)) - raft.server.watch.timeout = 3000ms (custom)
2020-08-03 13:24:00,492 [fdbc600f-3b5f-4aad-829a-89e7c71c96d8@group-EFA63FAA243A-LeaderElection39] INFO  server.RaftServerConfigKeys (ConfUtils.java:logGet(44)) - raft.server.watch.timeout.denomination = 1s (default)
2020-08-03 13:24:00,492 [fdbc600f-3b5f-4aad-829a-89e7c71c96d8@group-EFA63FAA243A-LeaderElection39] INFO  server.RaftServerConfigKeys (ConfUtils.java:logGet(44)) - raft.server.watch.element-limit = 65536 (default)
2020-08-03 13:24:00,492 [fdbc600f-3b5f-4aad-829a-89e7c71c96d8@group-EFA63FAA243A-LeaderElection39] INFO  impl.RoleInfo (RoleInfo.java:updateAndGet(143)) - fdbc600f-3b5f-4aad-829a-89e7c71c96d8: start LeaderState
2020-08-03 13:24:00,493 [fdbc600f-3b5f-4aad-829a-89e7c71c96d8@group-EFA63FAA243A-LeaderElection39] INFO  segmented.SegmentedRaftLogWorker (SegmentedRaftLogWorker.java:startLogSegment(397)) - fdbc600f-3b5f-4aad-829a-89e7c71c96d8@group-EFA63FAA243A-SegmentedRaftLogWorker: Starting segment from index:0
2020-08-03 13:24:00,493 [fdbc600f-3b5f-4aad-829a-89e7c71c96d8@group-EFA63FAA243A-LeaderElection39] INFO  impl.RaftServerImpl (ServerState.java:setRaftConf(356)) - fdbc600f-3b5f-4aad-829a-89e7c71c96d8@group-EFA63FAA243A: set configuration 0: [fdbc600f-3b5f-4aad-829a-89e7c71c96d8:172.17.0.2:42365], old=null at 0
2020-08-03 13:24:00,496 [fdbc600f-3b5f-4aad-829a-89e7c71c96d8@group-EFA63FAA243A-SegmentedRaftLogWorker] INFO  segmented.SegmentedRaftLogWorker (SegmentedRaftLogWorker.java:execute(596)) - fdbc600f-3b5f-4aad-829a-89e7c71c96d8@group-EFA63FAA243A-SegmentedRaftLogWorker: created new log segment /github/workspace/mnt/ozone/hadoop-ozone/integration-test/target/test-dir/MiniOzoneClusterImpl-7e68a8b4-1ba8-49bf-9ad5-192f3c798a38/datanode-4/data/ratis/b48c2cff-d3c3-4aea-8caa-efa63faa243a/current/log_inprogress_0
2020-08-03 13:24:00,712 [Thread-1288] INFO  impl.FollowerState (FollowerState.java:run(108)) - 8889aacf-63e0-4224-910f-f37fd04a741c@group-91C9F9160810-FollowerState: change to CANDIDATE, lastRpcTime:5200ms, electionTimeout:5199ms
2020-08-03 13:24:00,713 [Thread-1288] INFO  impl.RoleInfo (RoleInfo.java:shutdownFollowerState(121)) - 8889aacf-63e0-4224-910f-f37fd04a741c: shutdown FollowerState
2020-08-03 13:24:00,713 [Thread-1288] INFO  impl.RaftServerImpl (RaftServerImpl.java:setRole(185)) - 8889aacf-63e0-4224-910f-f37fd04a741c@group-91C9F9160810: changes role from  FOLLOWER to CANDIDATE at term 0 for changeToCandidate
2020-08-03 13:24:00,713 [Thread-1288] INFO  impl.RoleInfo (RoleInfo.java:updateAndGet(143)) - 8889aacf-63e0-4224-910f-f37fd04a741c: start LeaderElection
2020-08-03 13:24:00,717 [8889aacf-63e0-4224-910f-f37fd04a741c@group-91C9F9160810-LeaderElection40] INFO  impl.LeaderElection (LeaderElection.java:askForVotes(209)) - 8889aacf-63e0-4224-910f-f37fd04a741c@group-91C9F9160810-LeaderElection40: begin an election at term 1 for -1: [8889aacf-63e0-4224-910f-f37fd04a741c:172.17.0.2:41647], old=null
2020-08-03 13:24:00,717 [8889aacf-63e0-4224-910f-f37fd04a741c@group-91C9F9160810-LeaderElection40] INFO  impl.RoleInfo (RoleInfo.java:shutdownLeaderElection(134)) - 8889aacf-63e0-4224-910f-f37fd04a741c: shutdown LeaderElection
2020-08-03 13:24:00,717 [8889aacf-63e0-4224-910f-f37fd04a741c@group-91C9F9160810-LeaderElection40] INFO  impl.RaftServerImpl (RaftServerImpl.java:setRole(185)) - 8889aacf-63e0-4224-910f-f37fd04a741c@group-91C9F9160810: changes role from CANDIDATE to LEADER at term 1 for changeToLeader
2020-08-03 13:24:00,717 [8889aacf-63e0-4224-910f-f37fd04a741c@group-91C9F9160810-LeaderElection40] INFO  ratis.XceiverServerRatis (XceiverServerRatis.java:handleLeaderChangedNotification(822)) - Leader change notification received for group: group-91C9F9160810 with new leaderId: 8889aacf-63e0-4224-910f-f37fd04a741c
2020-08-03 13:24:00,717 [8889aacf-63e0-4224-910f-f37fd04a741c@group-91C9F9160810-LeaderElection40] INFO  impl.RaftServerImpl (ServerState.java:setLeader(255)) - 8889aacf-63e0-4224-910f-f37fd04a741c@group-91C9F9160810: change Leader from null to 8889aacf-63e0-4224-910f-f37fd04a741c at term 1 for becomeLeader, leader elected after 5221ms
2020-08-03 13:24:00,717 [Datanode State Machine Thread - 0] WARN  statemachine.DatanodeStateMachine (DatanodeStateMachine.java:start(245)) - Interrupt the execution.
java.lang.InterruptedException: sleep interrupted
	at java.lang.Thread.sleep(Native Method)
	at org.apache.hadoop.ozone.container.common.statemachine.DatanodeStateMachine.start(DatanodeStateMachine.java:243)
	at org.apache.hadoop.ozone.container.common.statemachine.DatanodeStateMachine.lambda$startDaemon$0(DatanodeStateMachine.java:405)
	at java.lang.Thread.run(Thread.java:748)
2020-08-03 13:24:00,717 [8889aacf-63e0-4224-910f-f37fd04a741c@group-91C9F9160810-LeaderElection40] INFO  server.RaftServerConfigKeys (ConfUtils.java:logGet(44)) - raft.server.staging.catchup.gap = 1000 (default)
2020-08-03 13:24:00,717 [8889aacf-63e0-4224-910f-f37fd04a741c@group-91C9F9160810-LeaderElection40] INFO  server.RaftServerConfigKeys (ConfUtils.java:logGet(44)) - raft.server.rpc.sleep.time = 25ms (default)
2020-08-03 13:24:00,717 [8889aacf-63e0-4224-910f-f37fd04a741c@group-91C9F9160810-LeaderElection40] INFO  metrics.RatisMetrics (RatisMetrics.java:lambda$create$0(36)) - Creating Metrics Registry : ratis.log_appender.8889aacf-63e0-4224-910f-f37fd04a741c@group-91C9F9160810
2020-08-03 13:24:00,718 [8889aacf-63e0-4224-910f-f37fd04a741c@group-91C9F9160810-LeaderElection40] INFO  server.RaftServerConfigKeys (ConfUtils.java:logGet(44)) - raft.server.write.element-limit = 1024 (custom)
2020-08-03 13:24:00,718 [8889aacf-63e0-4224-910f-f37fd04a741c@group-91C9F9160810-LeaderElection40] INFO  server.RaftServerConfigKeys (ConfUtils.java:logGet(44)) - raft.server.write.byte-limit = 1073741824 (custom)
2020-08-03 13:24:00,719 [8889aacf-63e0-4224-910f-f37fd04a741c@group-91C9F9160810-LeaderElection40] INFO  server.RaftServerConfigKeys (ConfUtils.java:logGet(44)) - raft.server.watch.timeout = 3000ms (custom)
2020-08-03 13:24:00,719 [8889aacf-63e0-4224-910f-f37fd04a741c@group-91C9F9160810-LeaderElection40] INFO  server.RaftServerConfigKeys (ConfUtils.java:logGet(44)) - raft.server.watch.timeout.denomination = 1s (default)
2020-08-03 13:24:00,719 [8889aacf-63e0-4224-910f-f37fd04a741c@group-91C9F9160810-LeaderElection40] INFO  server.RaftServerConfigKeys (ConfUtils.java:logGet(44)) - raft.server.watch.element-limit = 65536 (default)
2020-08-03 13:24:00,719 [8889aacf-63e0-4224-910f-f37fd04a741c@group-91C9F9160810-LeaderElection40] INFO  impl.RoleInfo (RoleInfo.java:updateAndGet(143)) - 8889aacf-63e0-4224-910f-f37fd04a741c: start LeaderState
2020-08-03 13:24:00,719 [8889aacf-63e0-4224-910f-f37fd04a741c@group-91C9F9160810-LeaderElection40] INFO  segmented.SegmentedRaftLogWorker (SegmentedRaftLogWorker.java:startLogSegment(397)) - 8889aacf-63e0-4224-910f-f37fd04a741c@group-91C9F9160810-SegmentedRaftLogWorker: Starting segment from index:0
2020-08-03 13:24:00,720 [8889aacf-63e0-4224-910f-f37fd04a741c@group-91C9F9160810-SegmentedRaftLogWorker] INFO  segmented.SegmentedRaftLogWorker (SegmentedRaftLogWorker.java:execute(596)) - 8889aacf-63e0-4224-910f-f37fd04a741c@group-91C9F9160810-SegmentedRaftLogWorker: created new log segment /github/workspace/mnt/ozone/hadoop-ozone/integration-test/target/test-dir/MiniOzoneClusterImpl-7e68a8b4-1ba8-49bf-9ad5-192f3c798a38/datanode-5/data/ratis/c9a5f12c-1188-473b-9dd7-91c9f9160810/current/log_inprogress_0
2020-08-03 13:24:00,721 [8889aacf-63e0-4224-910f-f37fd04a741c@group-91C9F9160810-LeaderElection40] INFO  impl.RaftServerImpl (ServerState.java:setRaftConf(356)) - 8889aacf-63e0-4224-910f-f37fd04a741c@group-91C9F9160810: set configuration 0: [8889aacf-63e0-4224-910f-f37fd04a741c:172.17.0.2:41647], old=null at 0
2020-08-03 13:24:00,731 [Thread-1292] INFO  impl.FollowerState (FollowerState.java:run(108)) - 0a736a62-de9a-4ec3-9e43-f4a7dc0d3b3f@group-66A8D4ECF519-FollowerState: change to CANDIDATE, lastRpcTime:5078ms, electionTimeout:5077ms
2020-08-03 13:24:00,731 [Thread-1292] INFO  impl.RoleInfo (RoleInfo.java:shutdownFollowerState(121)) - 0a736a62-de9a-4ec3-9e43-f4a7dc0d3b3f: shutdown FollowerState
2020-08-03 13:24:00,731 [Thread-1292] INFO  impl.RaftServerImpl (RaftServerImpl.java:setRole(185)) - 0a736a62-de9a-4ec3-9e43-f4a7dc0d3b3f@group-66A8D4ECF519: changes role from  FOLLOWER to CANDIDATE at term 0 for changeToCandidate
2020-08-03 13:24:00,731 [Thread-1292] INFO  impl.RoleInfo (RoleInfo.java:updateAndGet(143)) - 0a736a62-de9a-4ec3-9e43-f4a7dc0d3b3f: start LeaderElection
2020-08-03 13:24:00,734 [0a736a62-de9a-4ec3-9e43-f4a7dc0d3b3f@group-66A8D4ECF519-LeaderElection41] INFO  impl.LeaderElection (LeaderElection.java:askForVotes(209)) - 0a736a62-de9a-4ec3-9e43-f4a7dc0d3b3f@group-66A8D4ECF519-LeaderElection41: begin an election at term 1 for -1: [9d0aaa75-f47f-4170-948a-e39c1e601cf1:172.17.0.2:43521, c093d91c-53d9-47ac-8afb-a6fc9c740374:172.17.0.2:33407, 0a736a62-de9a-4ec3-9e43-f4a7dc0d3b3f:172.17.0.2:39385], old=null
2020-08-03 13:24:00,746 [grpc-default-executor-4] INFO  impl.RaftServerImpl (RaftServerImpl.java:setRole(185)) - c093d91c-53d9-47ac-8afb-a6fc9c740374@group-66A8D4ECF519: changes role from  FOLLOWER to FOLLOWER at term 1 for recognizeCandidate:0a736a62-de9a-4ec3-9e43-f4a7dc0d3b3f
2020-08-03 13:24:00,746 [grpc-default-executor-4] INFO  impl.RoleInfo (RoleInfo.java:shutdownFollowerState(121)) - c093d91c-53d9-47ac-8afb-a6fc9c740374: shutdown FollowerState
2020-08-03 13:24:00,747 [grpc-default-executor-4] INFO  impl.RoleInfo (RoleInfo.java:updateAndGet(143)) - c093d91c-53d9-47ac-8afb-a6fc9c740374: start FollowerState
2020-08-03 13:24:00,747 [Thread-1297] INFO  impl.FollowerState (FollowerState.java:run(117)) - c093d91c-53d9-47ac-8afb-a6fc9c740374@group-66A8D4ECF519-FollowerState was interrupted: java.lang.InterruptedException: sleep interrupted
2020-08-03 13:24:00,747 [grpc-default-executor-2] INFO  impl.RaftServerImpl (RaftServerImpl.java:setRole(185)) - 9d0aaa75-f47f-4170-948a-e39c1e601cf1@group-66A8D4ECF519: changes role from  FOLLOWER to FOLLOWER at term 1 for recognizeCandidate:0a736a62-de9a-4ec3-9e43-f4a7dc0d3b3f
2020-08-03 13:24:00,747 [grpc-default-executor-2] INFO  impl.RoleInfo (RoleInfo.java:shutdownFollowerState(121)) - 9d0aaa75-f47f-4170-948a-e39c1e601cf1: shutdown FollowerState
2020-08-03 13:24:00,747 [grpc-default-executor-2] INFO  impl.RoleInfo (RoleInfo.java:updateAndGet(143)) - 9d0aaa75-f47f-4170-948a-e39c1e601cf1: start FollowerState
2020-08-03 13:24:00,747 [Thread-1294] INFO  impl.FollowerState (FollowerState.java:run(117)) - 9d0aaa75-f47f-4170-948a-e39c1e601cf1@group-66A8D4ECF519-FollowerState was interrupted: java.lang.InterruptedException: sleep interrupted
2020-08-03 13:24:00,754 [0a736a62-de9a-4ec3-9e43-f4a7dc0d3b3f@group-66A8D4ECF519-LeaderElection41] INFO  impl.LeaderElection (LeaderElection.java:logAndReturn(61)) - 0a736a62-de9a-4ec3-9e43-f4a7dc0d3b3f@group-66A8D4ECF519-LeaderElection41: Election PASSED; received 1 response(s) [0a736a62-de9a-4ec3-9e43-f4a7dc0d3b3f<-c093d91c-53d9-47ac-8afb-a6fc9c740374#0:OK-t1] and 0 exception(s); 0a736a62-de9a-4ec3-9e43-f4a7dc0d3b3f@group-66A8D4ECF519:t1, leader=null, voted=0a736a62-de9a-4ec3-9e43-f4a7dc0d3b3f, raftlog=0a736a62-de9a-4ec3-9e43-f4a7dc0d3b3f@group-66A8D4ECF519-SegmentedRaftLog:OPENED:c-1,f-1,i0, conf=-1: [9d0aaa75-f47f-4170-948a-e39c1e601cf1:172.17.0.2:43521, c093d91c-53d9-47ac-8afb-a6fc9c740374:172.17.0.2:33407, 0a736a62-de9a-4ec3-9e43-f4a7dc0d3b3f:172.17.0.2:39385], old=null
2020-08-03 13:24:00,755 [0a736a62-de9a-4ec3-9e43-f4a7dc0d3b3f@group-66A8D4ECF519-LeaderElection41] INFO  impl.RoleInfo (RoleInfo.java:shutdownLeaderElection(134)) - 0a736a62-de9a-4ec3-9e43-f4a7dc0d3b3f: shutdown LeaderElection
2020-08-03 13:24:00,755 [0a736a62-de9a-4ec3-9e43-f4a7dc0d3b3f@group-66A8D4ECF519-LeaderElection41] INFO  impl.RaftServerImpl (RaftServerImpl.java:setRole(185)) - 0a736a62-de9a-4ec3-9e43-f4a7dc0d3b3f@group-66A8D4ECF519: changes role from CANDIDATE to LEADER at term 1 for changeToLeader
2020-08-03 13:24:00,755 [0a736a62-de9a-4ec3-9e43-f4a7dc0d3b3f@group-66A8D4ECF519-LeaderElection41] INFO  ratis.XceiverServerRatis (XceiverServerRatis.java:handleLeaderChangedNotification(822)) - Leader change notification received for group: group-66A8D4ECF519 with new leaderId: 0a736a62-de9a-4ec3-9e43-f4a7dc0d3b3f
2020-08-03 13:24:00,755 [0a736a62-de9a-4ec3-9e43-f4a7dc0d3b3f@group-66A8D4ECF519-LeaderElection41] INFO  impl.RaftServerImpl (ServerState.java:setLeader(255)) - 0a736a62-de9a-4ec3-9e43-f4a7dc0d3b3f@group-66A8D4ECF519: change Leader from null to 0a736a62-de9a-4ec3-9e43-f4a7dc0d3b3f at term 1 for becomeLeader, leader elected after 5114ms
2020-08-03 13:24:00,755 [0a736a62-de9a-4ec3-9e43-f4a7dc0d3b3f@group-66A8D4ECF519-LeaderElection41] INFO  server.RaftServerConfigKeys (ConfUtils.java:logGet(44)) - raft.server.staging.catchup.gap = 1000 (default)
2020-08-03 13:24:00,755 [0a736a62-de9a-4ec3-9e43-f4a7dc0d3b3f@group-66A8D4ECF519-LeaderElection41] INFO  server.RaftServerConfigKeys (ConfUtils.java:logGet(44)) - raft.server.rpc.sleep.time = 25ms (default)
2020-08-03 13:24:00,755 [0a736a62-de9a-4ec3-9e43-f4a7dc0d3b3f@group-66A8D4ECF519-LeaderElection41] INFO  metrics.RatisMetrics (RatisMetrics.java:lambda$create$0(36)) - Creating Metrics Registry : ratis.log_appender.0a736a62-de9a-4ec3-9e43-f4a7dc0d3b3f@group-66A8D4ECF519
2020-08-03 13:24:00,755 [0a736a62-de9a-4ec3-9e43-f4a7dc0d3b3f@group-66A8D4ECF519-LeaderElection41] INFO  server.RaftServerConfigKeys (ConfUtils.java:logGet(44)) - raft.server.write.element-limit = 1024 (custom)
2020-08-03 13:24:00,755 [0a736a62-de9a-4ec3-9e43-f4a7dc0d3b3f@group-66A8D4ECF519-LeaderElection41] INFO  server.RaftServerConfigKeys (ConfUtils.java:logGet(44)) - raft.server.write.byte-limit = 1073741824 (custom)
2020-08-03 13:24:00,756 [0a736a62-de9a-4ec3-9e43-f4a7dc0d3b3f@group-66A8D4ECF519-LeaderElection41] INFO  server.RaftServerConfigKeys (ConfUtils.java:logGet(44)) - raft.server.watch.timeout = 3000ms (custom)
2020-08-03 13:24:00,756 [0a736a62-de9a-4ec3-9e43-f4a7dc0d3b3f@group-66A8D4ECF519-LeaderElection41] INFO  server.RaftServerConfigKeys (ConfUtils.java:logGet(44)) - raft.server.watch.timeout.denomination = 1s (default)
2020-08-03 13:24:00,756 [0a736a62-de9a-4ec3-9e43-f4a7dc0d3b3f@group-66A8D4ECF519-LeaderElection41] INFO  server.RaftServerConfigKeys (ConfUtils.java:logGet(44)) - raft.server.watch.element-limit = 65536 (default)
2020-08-03 13:24:00,756 [0a736a62-de9a-4ec3-9e43-f4a7dc0d3b3f@group-66A8D4ECF519-LeaderElection41] INFO  server.RaftServerConfigKeys (ConfUtils.java:logGet(44)) - raft.server.log.appender.snapshot.chunk.size.max = 16MB (=16777216) (default)
2020-08-03 13:24:00,756 [0a736a62-de9a-4ec3-9e43-f4a7dc0d3b3f@group-66A8D4ECF519-LeaderElection41] INFO  server.RaftServerConfigKeys (ConfUtils.java:logGet(44)) - raft.server.log.appender.buffer.byte-limit = 33554432 (custom)
2020-08-03 13:24:00,756 [0a736a62-de9a-4ec3-9e43-f4a7dc0d3b3f@group-66A8D4ECF519-LeaderElection41] INFO  server.RaftServerConfigKeys (ConfUtils.java:logGet(44)) - raft.server.log.appender.buffer.element-limit = 1 (custom)
2020-08-03 13:24:00,756 [0a736a62-de9a-4ec3-9e43-f4a7dc0d3b3f@group-66A8D4ECF519-LeaderElection41] INFO  grpc.GrpcConfigKeys (ConfUtils.java:logGet(44)) - raft.grpc.server.leader.outstanding.appends.max = 128 (default)
2020-08-03 13:24:00,756 [0a736a62-de9a-4ec3-9e43-f4a7dc0d3b3f@group-66A8D4ECF519-LeaderElection41] INFO  server.RaftServerConfigKeys (ConfUtils.java:logGet(44)) - raft.server.rpc.request.timeout = 3000ms (default)
2020-08-03 13:24:00,756 [0a736a62-de9a-4ec3-9e43-f4a7dc0d3b3f@group-66A8D4ECF519-LeaderElection41] INFO  server.RaftServerConfigKeys (ConfUtils.java:logGet(44)) - raft.server.log.appender.install.snapshot.enabled = false (custom)
2020-08-03 13:24:00,756 [0a736a62-de9a-4ec3-9e43-f4a7dc0d3b3f@group-66A8D4ECF519-LeaderElection41] INFO  metrics.RatisMetrics (RatisMetrics.java:lambda$create$0(36)) - Creating Metrics Registry : ratis_grpc.log_appender.0a736a62-de9a-4ec3-9e43-f4a7dc0d3b3f@group-66A8D4ECF519
2020-08-03 13:24:00,758 [0a736a62-de9a-4ec3-9e43-f4a7dc0d3b3f@group-66A8D4ECF519-LeaderElection41] INFO  server.RaftServerConfigKeys (ConfUtils.java:logGet(44)) - raft.server.log.appender.snapshot.chunk.size.max = 16MB (=16777216) (default)
2020-08-03 13:24:00,758 [0a736a62-de9a-4ec3-9e43-f4a7dc0d3b3f@group-66A8D4ECF519-LeaderElection41] INFO  server.RaftServerConfigKeys (ConfUtils.java:logGet(44)) - raft.server.log.appender.buffer.byte-limit = 33554432 (custom)
2020-08-03 13:24:00,758 [0a736a62-de9a-4ec3-9e43-f4a7dc0d3b3f@group-66A8D4ECF519-LeaderElection41] INFO  server.RaftServerConfigKeys (ConfUtils.java:logGet(44)) - raft.server.log.appender.buffer.element-limit = 1 (custom)
2020-08-03 13:24:00,758 [0a736a62-de9a-4ec3-9e43-f4a7dc0d3b3f@group-66A8D4ECF519-LeaderElection41] INFO  grpc.GrpcConfigKeys (ConfUtils.java:logGet(44)) - raft.grpc.server.leader.outstanding.appends.max = 128 (default)
2020-08-03 13:24:00,758 [0a736a62-de9a-4ec3-9e43-f4a7dc0d3b3f@group-66A8D4ECF519-LeaderElection41] INFO  server.RaftServerConfigKeys (ConfUtils.java:logGet(44)) - raft.server.rpc.request.timeout = 3000ms (default)
2020-08-03 13:24:00,758 [0a736a62-de9a-4ec3-9e43-f4a7dc0d3b3f@group-66A8D4ECF519-LeaderElection41] INFO  server.RaftServerConfigKeys (ConfUtils.java:logGet(44)) - raft.server.log.appender.install.snapshot.enabled = false (custom)
2020-08-03 13:24:00,759 [Datanode State Machine Thread - 0] WARN  statemachine.DatanodeStateMachine (DatanodeStateMachine.java:start(245)) - Interrupt the execution.
java.lang.InterruptedException: sleep interrupted
	at java.lang.Thread.sleep(Native Method)
	at org.apache.hadoop.ozone.container.common.statemachine.DatanodeStateMachine.start(DatanodeStateMachine.java:243)
	at org.apache.hadoop.ozone.container.common.statemachine.DatanodeStateMachine.lambda$startDaemon$0(DatanodeStateMachine.java:405)
	at java.lang.Thread.run(Thread.java:748)
2020-08-03 13:24:00,759 [0a736a62-de9a-4ec3-9e43-f4a7dc0d3b3f@group-66A8D4ECF519-LeaderElection41] INFO  impl.RoleInfo (RoleInfo.java:updateAndGet(143)) - 0a736a62-de9a-4ec3-9e43-f4a7dc0d3b3f: start LeaderState
2020-08-03 13:24:00,766 [EventQueue-PipelineReportForPipelineReportHandler] INFO  pipeline.PipelineStateManager (PipelineStateManager.java:openPipeline(131)) - Pipeline Pipeline[ Id: 34e2d6a7-fb30-4cfb-a18a-66a8d4ecf519, Nodes: 9d0aaa75-f47f-4170-948a-e39c1e601cf1{ip: 172.17.0.2, host: 21919eb6eecd, networkLocation: /default-rack, certSerialId: null}c093d91c-53d9-47ac-8afb-a6fc9c740374{ip: 172.17.0.2, host: 21919eb6eecd, networkLocation: /default-rack, certSerialId: null}0a736a62-de9a-4ec3-9e43-f4a7dc0d3b3f{ip: 172.17.0.2, host: 21919eb6eecd, networkLocation: /default-rack, certSerialId: null}, Type:RATIS, Factor:THREE, State:ALLOCATED, leaderId:0a736a62-de9a-4ec3-9e43-f4a7dc0d3b3f, CreationTimestamp2020-08-03T13:23:52.843Z] moved to OPEN state
2020-08-03 13:24:00,767 [0a736a62-de9a-4ec3-9e43-f4a7dc0d3b3f@group-66A8D4ECF519-LeaderElection41] INFO  segmented.SegmentedRaftLogWorker (SegmentedRaftLogWorker.java:startLogSegment(397)) - 0a736a62-de9a-4ec3-9e43-f4a7dc0d3b3f@group-66A8D4ECF519-SegmentedRaftLogWorker: Starting segment from index:0
2020-08-03 13:24:00,768 [0a736a62-de9a-4ec3-9e43-f4a7dc0d3b3f@group-66A8D4ECF519-SegmentedRaftLogWorker] INFO  segmented.SegmentedRaftLogWorker (SegmentedRaftLogWorker.java:execute(596)) - 0a736a62-de9a-4ec3-9e43-f4a7dc0d3b3f@group-66A8D4ECF519-SegmentedRaftLogWorker: created new log segment /github/workspace/mnt/ozone/hadoop-ozone/integration-test/target/test-dir/MiniOzoneClusterImpl-7e68a8b4-1ba8-49bf-9ad5-192f3c798a38/datanode-6/data/ratis/34e2d6a7-fb30-4cfb-a18a-66a8d4ecf519/current/log_inprogress_0
2020-08-03 13:24:00,770 [0a736a62-de9a-4ec3-9e43-f4a7dc0d3b3f@group-66A8D4ECF519-LeaderElection41] INFO  impl.RaftServerImpl (ServerState.java:setRaftConf(356)) - 0a736a62-de9a-4ec3-9e43-f4a7dc0d3b3f@group-66A8D4ECF519: set configuration 0: [9d0aaa75-f47f-4170-948a-e39c1e601cf1:172.17.0.2:43521, c093d91c-53d9-47ac-8afb-a6fc9c740374:172.17.0.2:33407, 0a736a62-de9a-4ec3-9e43-f4a7dc0d3b3f:172.17.0.2:39385], old=null at 0
2020-08-03 13:24:00,770 [Thread-1290] INFO  impl.FollowerState (FollowerState.java:run(108)) - 0a736a62-de9a-4ec3-9e43-f4a7dc0d3b3f@group-F2057DF216CE-FollowerState: change to CANDIDATE, lastRpcTime:5135ms, electionTimeout:5135ms
2020-08-03 13:24:00,772 [Thread-1290] INFO  impl.RoleInfo (RoleInfo.java:shutdownFollowerState(121)) - 0a736a62-de9a-4ec3-9e43-f4a7dc0d3b3f: shutdown FollowerState
2020-08-03 13:24:00,772 [Thread-1290] INFO  impl.RaftServerImpl (RaftServerImpl.java:setRole(185)) - 0a736a62-de9a-4ec3-9e43-f4a7dc0d3b3f@group-F2057DF216CE: changes role from  FOLLOWER to CANDIDATE at term 0 for changeToCandidate
2020-08-03 13:24:00,772 [Thread-1290] INFO  impl.RoleInfo (RoleInfo.java:updateAndGet(143)) - 0a736a62-de9a-4ec3-9e43-f4a7dc0d3b3f: start LeaderElection
2020-08-03 13:24:00,783 [grpc-default-executor-2] INFO  ratis.XceiverServerRatis (XceiverServerRatis.java:handleLeaderChangedNotification(822)) - Leader change notification received for group: group-66A8D4ECF519 with new leaderId: 0a736a62-de9a-4ec3-9e43-f4a7dc0d3b3f
2020-08-03 13:24:00,784 [grpc-default-executor-2] INFO  impl.RaftServerImpl (ServerState.java:setLeader(255)) - c093d91c-53d9-47ac-8afb-a6fc9c740374@group-66A8D4ECF519: change Leader from null to 0a736a62-de9a-4ec3-9e43-f4a7dc0d3b3f at term 1 for appendEntries, leader elected after 5096ms
2020-08-03 13:24:00,784 [grpc-default-executor-2] INFO  impl.RaftServerImpl (ServerState.java:setRaftConf(356)) - c093d91c-53d9-47ac-8afb-a6fc9c740374@group-66A8D4ECF519: set configuration 0: [9d0aaa75-f47f-4170-948a-e39c1e601cf1:172.17.0.2:43521, c093d91c-53d9-47ac-8afb-a6fc9c740374:172.17.0.2:33407, 0a736a62-de9a-4ec3-9e43-f4a7dc0d3b3f:172.17.0.2:39385], old=null at 0
2020-08-03 13:24:00,785 [grpc-default-executor-2] INFO  segmented.SegmentedRaftLogWorker (SegmentedRaftLogWorker.java:startLogSegment(397)) - c093d91c-53d9-47ac-8afb-a6fc9c740374@group-66A8D4ECF519-SegmentedRaftLogWorker: Starting segment from index:0
2020-08-03 13:24:00,785 [0a736a62-de9a-4ec3-9e43-f4a7dc0d3b3f@group-F2057DF216CE-LeaderElection42] INFO  impl.LeaderElection (LeaderElection.java:askForVotes(209)) - 0a736a62-de9a-4ec3-9e43-f4a7dc0d3b3f@group-F2057DF216CE-LeaderElection42: begin an election at term 1 for -1: [0a736a62-de9a-4ec3-9e43-f4a7dc0d3b3f:172.17.0.2:39385], old=null
2020-08-03 13:24:00,785 [0a736a62-de9a-4ec3-9e43-f4a7dc0d3b3f@group-F2057DF216CE-LeaderElection42] INFO  impl.RoleInfo (RoleInfo.java:shutdownLeaderElection(134)) - 0a736a62-de9a-4ec3-9e43-f4a7dc0d3b3f: shutdown LeaderElection
2020-08-03 13:24:00,785 [0a736a62-de9a-4ec3-9e43-f4a7dc0d3b3f@group-F2057DF216CE-LeaderElection42] INFO  impl.RaftServerImpl (RaftServerImpl.java:setRole(185)) - 0a736a62-de9a-4ec3-9e43-f4a7dc0d3b3f@group-F2057DF216CE: changes role from CANDIDATE to LEADER at term 1 for changeToLeader
2020-08-03 13:24:00,785 [0a736a62-de9a-4ec3-9e43-f4a7dc0d3b3f@group-F2057DF216CE-LeaderElection42] INFO  ratis.XceiverServerRatis (XceiverServerRatis.java:handleLeaderChangedNotification(822)) - Leader change notification received for group: group-F2057DF216CE with new leaderId: 0a736a62-de9a-4ec3-9e43-f4a7dc0d3b3f
2020-08-03 13:24:00,785 [Datanode State Machine Thread - 0] WARN  statemachine.DatanodeStateMachine (DatanodeStateMachine.java:start(245)) - Interrupt the execution.
java.lang.InterruptedException: sleep interrupted
	at java.lang.Thread.sleep(Native Method)
	at org.apache.hadoop.ozone.container.common.statemachine.DatanodeStateMachine.start(DatanodeStateMachine.java:243)
	at org.apache.hadoop.ozone.container.common.statemachine.DatanodeStateMachine.lambda$startDaemon$0(DatanodeStateMachine.java:405)
	at java.lang.Thread.run(Thread.java:748)
2020-08-03 13:24:00,786 [0a736a62-de9a-4ec3-9e43-f4a7dc0d3b3f@group-F2057DF216CE-LeaderElection42] INFO  impl.RaftServerImpl (ServerState.java:setLeader(255)) - 0a736a62-de9a-4ec3-9e43-f4a7dc0d3b3f@group-F2057DF216CE: change Leader from null to 0a736a62-de9a-4ec3-9e43-f4a7dc0d3b3f at term 1 for becomeLeader, leader elected after 5161ms
2020-08-03 13:24:00,786 [0a736a62-de9a-4ec3-9e43-f4a7dc0d3b3f@group-F2057DF216CE-LeaderElection42] INFO  server.RaftServerConfigKeys (ConfUtils.java:logGet(44)) - raft.server.staging.catchup.gap = 1000 (default)
2020-08-03 13:24:00,786 [0a736a62-de9a-4ec3-9e43-f4a7dc0d3b3f@group-F2057DF216CE-LeaderElection42] INFO  server.RaftServerConfigKeys (ConfUtils.java:logGet(44)) - raft.server.rpc.sleep.time = 25ms (default)
2020-08-03 13:24:00,786 [0a736a62-de9a-4ec3-9e43-f4a7dc0d3b3f@group-F2057DF216CE-LeaderElection42] INFO  metrics.RatisMetrics (RatisMetrics.java:lambda$create$0(36)) - Creating Metrics Registry : ratis.log_appender.0a736a62-de9a-4ec3-9e43-f4a7dc0d3b3f@group-F2057DF216CE
2020-08-03 13:24:00,786 [0a736a62-de9a-4ec3-9e43-f4a7dc0d3b3f@group-F2057DF216CE-LeaderElection42] INFO  server.RaftServerConfigKeys (ConfUtils.java:logGet(44)) - raft.server.write.element-limit = 1024 (custom)
2020-08-03 13:24:00,786 [0a736a62-de9a-4ec3-9e43-f4a7dc0d3b3f@group-F2057DF216CE-LeaderElection42] INFO  server.RaftServerConfigKeys (ConfUtils.java:logGet(44)) - raft.server.write.byte-limit = 1073741824 (custom)
2020-08-03 13:24:00,787 [c093d91c-53d9-47ac-8afb-a6fc9c740374@group-66A8D4ECF519-SegmentedRaftLogWorker] INFO  segmented.SegmentedRaftLogWorker (SegmentedRaftLogWorker.java:execute(596)) - c093d91c-53d9-47ac-8afb-a6fc9c740374@group-66A8D4ECF519-SegmentedRaftLogWorker: created new log segment /github/workspace/mnt/ozone/hadoop-ozone/integration-test/target/test-dir/MiniOzoneClusterImpl-7e68a8b4-1ba8-49bf-9ad5-192f3c798a38/datanode-7/data/ratis/34e2d6a7-fb30-4cfb-a18a-66a8d4ecf519/current/log_inprogress_0
2020-08-03 13:24:00,787 [0a736a62-de9a-4ec3-9e43-f4a7dc0d3b3f@group-F2057DF216CE-LeaderElection42] INFO  server.RaftServerConfigKeys (ConfUtils.java:logGet(44)) - raft.server.watch.timeout = 3000ms (custom)
2020-08-03 13:24:00,787 [0a736a62-de9a-4ec3-9e43-f4a7dc0d3b3f@group-F2057DF216CE-LeaderElection42] INFO  server.RaftServerConfigKeys (ConfUtils.java:logGet(44)) - raft.server.watch.timeout.denomination = 1s (default)
2020-08-03 13:24:00,787 [0a736a62-de9a-4ec3-9e43-f4a7dc0d3b3f@group-F2057DF216CE-LeaderElection42] INFO  server.RaftServerConfigKeys (ConfUtils.java:logGet(44)) - raft.server.watch.element-limit = 65536 (default)
2020-08-03 13:24:00,788 [0a736a62-de9a-4ec3-9e43-f4a7dc0d3b3f@group-F2057DF216CE-LeaderElection42] INFO  impl.RoleInfo (RoleInfo.java:updateAndGet(143)) - 0a736a62-de9a-4ec3-9e43-f4a7dc0d3b3f: start LeaderState
2020-08-03 13:24:00,788 [0a736a62-de9a-4ec3-9e43-f4a7dc0d3b3f@group-F2057DF216CE-LeaderElection42] INFO  segmented.SegmentedRaftLogWorker (SegmentedRaftLogWorker.java:startLogSegment(397)) - 0a736a62-de9a-4ec3-9e43-f4a7dc0d3b3f@group-F2057DF216CE-SegmentedRaftLogWorker: Starting segment from index:0
2020-08-03 13:24:00,789 [grpc-default-executor-2] INFO  ratis.XceiverServerRatis (XceiverServerRatis.java:handleLeaderChangedNotification(822)) - Leader change notification received for group: group-66A8D4ECF519 with new leaderId: 0a736a62-de9a-4ec3-9e43-f4a7dc0d3b3f
2020-08-03 13:24:00,790 [grpc-default-executor-2] INFO  impl.RaftServerImpl (ServerState.java:setLeader(255)) - 9d0aaa75-f47f-4170-948a-e39c1e601cf1@group-66A8D4ECF519: change Leader from null to 0a736a62-de9a-4ec3-9e43-f4a7dc0d3b3f at term 1 for appendEntries, leader elected after 5122ms
2020-08-03 13:24:00,799 [0a736a62-de9a-4ec3-9e43-f4a7dc0d3b3f@group-F2057DF216CE-LeaderElection42] INFO  impl.RaftServerImpl (ServerState.java:setRaftConf(356)) - 0a736a62-de9a-4ec3-9e43-f4a7dc0d3b3f@group-F2057DF216CE: set configuration 0: [0a736a62-de9a-4ec3-9e43-f4a7dc0d3b3f:172.17.0.2:39385], old=null at 0
2020-08-03 13:24:00,801 [grpc-default-executor-2] INFO  impl.RaftServerImpl (ServerState.java:setRaftConf(356)) - 9d0aaa75-f47f-4170-948a-e39c1e601cf1@group-66A8D4ECF519: set configuration 0: [9d0aaa75-f47f-4170-948a-e39c1e601cf1:172.17.0.2:43521, c093d91c-53d9-47ac-8afb-a6fc9c740374:172.17.0.2:33407, 0a736a62-de9a-4ec3-9e43-f4a7dc0d3b3f:172.17.0.2:39385], old=null at 0
2020-08-03 13:24:00,803 [0a736a62-de9a-4ec3-9e43-f4a7dc0d3b3f@group-F2057DF216CE-SegmentedRaftLogWorker] INFO  segmented.SegmentedRaftLogWorker (SegmentedRaftLogWorker.java:execute(596)) - 0a736a62-de9a-4ec3-9e43-f4a7dc0d3b3f@group-F2057DF216CE-SegmentedRaftLogWorker: created new log segment /github/workspace/mnt/ozone/hadoop-ozone/integration-test/target/test-dir/MiniOzoneClusterImpl-7e68a8b4-1ba8-49bf-9ad5-192f3c798a38/datanode-6/data/ratis/e999ba5f-573c-402f-ae64-f2057df216ce/current/log_inprogress_0
2020-08-03 13:24:00,805 [grpc-default-executor-2] INFO  segmented.SegmentedRaftLogWorker (SegmentedRaftLogWorker.java:startLogSegment(397)) - 9d0aaa75-f47f-4170-948a-e39c1e601cf1@group-66A8D4ECF519-SegmentedRaftLogWorker: Starting segment from index:0
2020-08-03 13:24:00,807 [9d0aaa75-f47f-4170-948a-e39c1e601cf1@group-66A8D4ECF519-SegmentedRaftLogWorker] INFO  segmented.SegmentedRaftLogWorker (SegmentedRaftLogWorker.java:execute(596)) - 9d0aaa75-f47f-4170-948a-e39c1e601cf1@group-66A8D4ECF519-SegmentedRaftLogWorker: created new log segment /github/workspace/mnt/ozone/hadoop-ozone/integration-test/target/test-dir/MiniOzoneClusterImpl-7e68a8b4-1ba8-49bf-9ad5-192f3c798a38/datanode-8/data/ratis/34e2d6a7-fb30-4cfb-a18a-66a8d4ecf519/current/log_inprogress_0
2020-08-03 13:24:00,840 [Listener at 127.0.0.1/37329] INFO  ozone.MiniOzoneClusterImpl (MiniOzoneClusterImpl.java:lambda$waitForClusterToBeReady$0(177)) - Nodes are ready. Got 9 of 9 DN Heartbeats.
2020-08-03 13:24:00,841 [Listener at 127.0.0.1/37329] INFO  ozone.MiniOzoneClusterImpl (MiniOzoneClusterImpl.java:lambda$waitForClusterToBeReady$0(180)) - Cluster exits safe mode
2020-08-03 13:24:00,854 [Listener at 127.0.0.1/37329] INFO  rpc.RpcClient (RpcClient.java:createVolume(314)) - Creating Volume: watchforcommithandlingtest, with jenkins1001 as owner.
2020-08-03 13:24:00,855 [IPC Server handler 0 on default port 37329] INFO  volume.OMVolumeCreateRequest (OMVolumeCreateRequest.java:validateAndUpdateCache(195)) - created volume:watchforcommithandlingtest for user:jenkins1001
2020-08-03 13:24:00,860 [Listener at 127.0.0.1/37329] INFO  rpc.RpcClient (RpcClient.java:createBucket(459)) - Creating Bucket: watchforcommithandlingtest/watchforcommithandlingtest, with Versioning false and Storage Type set to DISK and Encryption set to false 
2020-08-03 13:24:00,862 [Listener at 127.0.0.1/37329] INFO  ozone.MiniOzoneClusterImpl (MiniOzoneClusterImpl.java:getStorageContainerLocationClient(289)) - Creating StorageContainerLocationProtocol RPC client with address /0.0.0.0:33433
2020-08-03 13:24:00,895 [Thread-1300] INFO  impl.FollowerState (FollowerState.java:run(108)) - c093d91c-53d9-47ac-8afb-a6fc9c740374@group-01893416B324-FollowerState: change to CANDIDATE, lastRpcTime:5153ms, electionTimeout:5153ms
2020-08-03 13:24:00,895 [Thread-1300] INFO  impl.RoleInfo (RoleInfo.java:shutdownFollowerState(121)) - c093d91c-53d9-47ac-8afb-a6fc9c740374: shutdown FollowerState
2020-08-03 13:24:00,895 [Thread-1300] INFO  impl.RaftServerImpl (RaftServerImpl.java:setRole(185)) - c093d91c-53d9-47ac-8afb-a6fc9c740374@group-01893416B324: changes role from  FOLLOWER to CANDIDATE at term 0 for changeToCandidate
2020-08-03 13:24:00,898 [Thread-1300] INFO  impl.RoleInfo (RoleInfo.java:updateAndGet(143)) - c093d91c-53d9-47ac-8afb-a6fc9c740374: start LeaderElection
2020-08-03 13:24:00,932 [Datanode State Machine Thread - 0] WARN  statemachine.DatanodeStateMachine (DatanodeStateMachine.java:start(245)) - Interrupt the execution.
java.lang.InterruptedException: sleep interrupted
	at java.lang.Thread.sleep(Native Method)
	at org.apache.hadoop.ozone.container.common.statemachine.DatanodeStateMachine.start(DatanodeStateMachine.java:243)
	at org.apache.hadoop.ozone.container.common.statemachine.DatanodeStateMachine.lambda$startDaemon$0(DatanodeStateMachine.java:405)
	at java.lang.Thread.run(Thread.java:748)
2020-08-03 13:24:00,933 [Datanode State Machine Thread - 0] WARN  statemachine.DatanodeStateMachine (DatanodeStateMachine.java:start(245)) - Interrupt the execution.
java.lang.InterruptedException: sleep interrupted
	at java.lang.Thread.sleep(Native Method)
	at org.apache.hadoop.ozone.container.common.statemachine.DatanodeStateMachine.start(DatanodeStateMachine.java:243)
	at org.apache.hadoop.ozone.container.common.statemachine.DatanodeStateMachine.lambda$startDaemon$0(DatanodeStateMachine.java:405)
	at java.lang.Thread.run(Thread.java:748)
2020-08-03 13:24:00,952 [Listener at 127.0.0.1/37329] INFO  pipeline.SCMPipelineManager (SCMPipelineManager.java:finalizeAndDestroyPipeline(460)) - Destroying pipeline:Pipeline[ Id: df8875c0-a74b-4e9b-9cc2-76977c293d21, Nodes: ec3eb439-3e1f-444b-933e-76c1f64dd6e5{ip: 172.17.0.2, host: 21919eb6eecd, networkLocation: /default-rack, certSerialId: null}1f92ab39-7028-4d7a-b43e-fc630492ec6f{ip: 172.17.0.2, host: 21919eb6eecd, networkLocation: /default-rack, certSerialId: null}5328ae2d-dffa-4840-b00a-ab3fd52ea77e{ip: 172.17.0.2, host: 21919eb6eecd, networkLocation: /default-rack, certSerialId: null}, Type:RATIS, Factor:THREE, State:OPEN, leaderId:1f92ab39-7028-4d7a-b43e-fc630492ec6f, CreationTimestamp2020-08-03T13:23:52.141Z]
2020-08-03 13:24:00,953 [Listener at 127.0.0.1/37329] INFO  pipeline.PipelineStateManager (PipelineStateManager.java:finalizePipeline(120)) - Pipeline Pipeline[ Id: df8875c0-a74b-4e9b-9cc2-76977c293d21, Nodes: ec3eb439-3e1f-444b-933e-76c1f64dd6e5{ip: 172.17.0.2, host: 21919eb6eecd, networkLocation: /default-rack, certSerialId: null}1f92ab39-7028-4d7a-b43e-fc630492ec6f{ip: 172.17.0.2, host: 21919eb6eecd, networkLocation: /default-rack, certSerialId: null}5328ae2d-dffa-4840-b00a-ab3fd52ea77e{ip: 172.17.0.2, host: 21919eb6eecd, networkLocation: /default-rack, certSerialId: null}, Type:RATIS, Factor:THREE, State:CLOSED, leaderId:1f92ab39-7028-4d7a-b43e-fc630492ec6f, CreationTimestamp2020-08-03T13:23:52.141Z] moved to CLOSED state
2020-08-03 13:24:00,952 [c093d91c-53d9-47ac-8afb-a6fc9c740374@group-01893416B324-LeaderElection43] INFO  impl.LeaderElection (LeaderElection.java:askForVotes(209)) - c093d91c-53d9-47ac-8afb-a6fc9c740374@group-01893416B324-LeaderElection43: begin an election at term 1 for -1: [c093d91c-53d9-47ac-8afb-a6fc9c740374:172.17.0.2:33407], old=null
2020-08-03 13:24:00,955 [c093d91c-53d9-47ac-8afb-a6fc9c740374@group-01893416B324-LeaderElection43] INFO  impl.RoleInfo (RoleInfo.java:shutdownLeaderElection(134)) - c093d91c-53d9-47ac-8afb-a6fc9c740374: shutdown LeaderElection
2020-08-03 13:24:00,955 [c093d91c-53d9-47ac-8afb-a6fc9c740374@group-01893416B324-LeaderElection43] INFO  impl.RaftServerImpl (RaftServerImpl.java:setRole(185)) - c093d91c-53d9-47ac-8afb-a6fc9c740374@group-01893416B324: changes role from CANDIDATE to LEADER at term 1 for changeToLeader
2020-08-03 13:24:00,955 [c093d91c-53d9-47ac-8afb-a6fc9c740374@group-01893416B324-LeaderElection43] INFO  ratis.XceiverServerRatis (XceiverServerRatis.java:handleLeaderChangedNotification(822)) - Leader change notification received for group: group-01893416B324 with new leaderId: c093d91c-53d9-47ac-8afb-a6fc9c740374
2020-08-03 13:24:00,955 [c093d91c-53d9-47ac-8afb-a6fc9c740374@group-01893416B324-LeaderElection43] INFO  impl.RaftServerImpl (ServerState.java:setLeader(255)) - c093d91c-53d9-47ac-8afb-a6fc9c740374@group-01893416B324: change Leader from null to c093d91c-53d9-47ac-8afb-a6fc9c740374 at term 1 for becomeLeader, leader elected after 5221ms
2020-08-03 13:24:00,955 [c093d91c-53d9-47ac-8afb-a6fc9c740374@group-01893416B324-LeaderElection43] INFO  server.RaftServerConfigKeys (ConfUtils.java:logGet(44)) - raft.server.staging.catchup.gap = 1000 (default)
2020-08-03 13:24:00,955 [c093d91c-53d9-47ac-8afb-a6fc9c740374@group-01893416B324-LeaderElection43] INFO  server.RaftServerConfigKeys (ConfUtils.java:logGet(44)) - raft.server.rpc.sleep.time = 25ms (default)
2020-08-03 13:24:00,955 [c093d91c-53d9-47ac-8afb-a6fc9c740374@group-01893416B324-LeaderElection43] INFO  metrics.RatisMetrics (RatisMetrics.java:lambda$create$0(36)) - Creating Metrics Registry : ratis.log_appender.c093d91c-53d9-47ac-8afb-a6fc9c740374@group-01893416B324
2020-08-03 13:24:00,956 [Datanode State Machine Thread - 0] WARN  statemachine.DatanodeStateMachine (DatanodeStateMachine.java:start(245)) - Interrupt the execution.
java.lang.InterruptedException: sleep interrupted
	at java.lang.Thread.sleep(Native Method)
	at org.apache.hadoop.ozone.container.common.statemachine.DatanodeStateMachine.start(DatanodeStateMachine.java:243)
	at org.apache.hadoop.ozone.container.common.statemachine.DatanodeStateMachine.lambda$startDaemon$0(DatanodeStateMachine.java:405)
	at java.lang.Thread.run(Thread.java:748)
2020-08-03 13:24:00,953 [Listener at 127.0.0.1/37329] INFO  pipeline.RatisPipelineProvider (RatisPipelineProvider.java:lambda$close$1(176)) - Send pipeline:PipelineID=df8875c0-a74b-4e9b-9cc2-76977c293d21 close command to datanode ec3eb439-3e1f-444b-933e-76c1f64dd6e5
2020-08-03 13:24:00,958 [Listener at 127.0.0.1/37329] INFO  pipeline.RatisPipelineProvider (RatisPipelineProvider.java:lambda$close$1(176)) - Send pipeline:PipelineID=df8875c0-a74b-4e9b-9cc2-76977c293d21 close command to datanode 1f92ab39-7028-4d7a-b43e-fc630492ec6f
2020-08-03 13:24:00,958 [Listener at 127.0.0.1/37329] INFO  pipeline.RatisPipelineProvider (RatisPipelineProvider.java:lambda$close$1(176)) - Send pipeline:PipelineID=df8875c0-a74b-4e9b-9cc2-76977c293d21 close command to datanode 5328ae2d-dffa-4840-b00a-ab3fd52ea77e
2020-08-03 13:24:00,958 [Listener at 127.0.0.1/37329] INFO  pipeline.PipelineStateManager (PipelineStateManager.java:removePipeline(105)) - Pipeline Pipeline[ Id: df8875c0-a74b-4e9b-9cc2-76977c293d21, Nodes: ec3eb439-3e1f-444b-933e-76c1f64dd6e5{ip: 172.17.0.2, host: 21919eb6eecd, networkLocation: /default-rack, certSerialId: null}1f92ab39-7028-4d7a-b43e-fc630492ec6f{ip: 172.17.0.2, host: 21919eb6eecd, networkLocation: /default-rack, certSerialId: null}5328ae2d-dffa-4840-b00a-ab3fd52ea77e{ip: 172.17.0.2, host: 21919eb6eecd, networkLocation: /default-rack, certSerialId: null}, Type:RATIS, Factor:THREE, State:CLOSED, leaderId:1f92ab39-7028-4d7a-b43e-fc630492ec6f, CreationTimestamp2020-08-03T13:23:52.141Z] removed from db
2020-08-03 13:24:00,957 [EventQueue-CloseContainerForCloseContainerEventHandler] INFO  container.CloseContainerEventHandler (CloseContainerEventHandler.java:onMessage(61)) - Close container Event triggered for container : #1
2020-08-03 13:24:00,956 [c093d91c-53d9-47ac-8afb-a6fc9c740374@group-01893416B324-LeaderElection43] INFO  server.RaftServerConfigKeys (ConfUtils.java:logGet(44)) - raft.server.write.element-limit = 1024 (custom)
2020-08-03 13:24:00,960 [c093d91c-53d9-47ac-8afb-a6fc9c740374@group-01893416B324-LeaderElection43] INFO  server.RaftServerConfigKeys (ConfUtils.java:logGet(44)) - raft.server.write.byte-limit = 1073741824 (custom)
2020-08-03 13:24:00,960 [Listener at 127.0.0.1/37329] INFO  impl.RaftServerProxy (RaftServerProxy.java:remove(100)) - ec3eb439-3e1f-444b-933e-76c1f64dd6e5: remove  FOLLOWER ec3eb439-3e1f-444b-933e-76c1f64dd6e5@group-76977C293D21:t1, leader=1f92ab39-7028-4d7a-b43e-fc630492ec6f, voted=null, raftlog=ec3eb439-3e1f-444b-933e-76c1f64dd6e5@group-76977C293D21-SegmentedRaftLog:OPENED:c1,f2,i2, conf=0: [ec3eb439-3e1f-444b-933e-76c1f64dd6e5:172.17.0.2:40825, 5328ae2d-dffa-4840-b00a-ab3fd52ea77e:172.17.0.2:38393, 1f92ab39-7028-4d7a-b43e-fc630492ec6f:172.17.0.2:38387], old=null RUNNING
2020-08-03 13:24:00,960 [c093d91c-53d9-47ac-8afb-a6fc9c740374@group-01893416B324-LeaderElection43] INFO  server.RaftServerConfigKeys (ConfUtils.java:logGet(44)) - raft.server.watch.timeout = 3000ms (custom)
2020-08-03 13:24:00,961 [c093d91c-53d9-47ac-8afb-a6fc9c740374@group-01893416B324-LeaderElection43] INFO  server.RaftServerConfigKeys (ConfUtils.java:logGet(44)) - raft.server.watch.timeout.denomination = 1s (default)
2020-08-03 13:24:00,961 [c093d91c-53d9-47ac-8afb-a6fc9c740374@group-01893416B324-LeaderElection43] INFO  server.RaftServerConfigKeys (ConfUtils.java:logGet(44)) - raft.server.watch.element-limit = 65536 (default)
2020-08-03 13:24:00,961 [c093d91c-53d9-47ac-8afb-a6fc9c740374@group-01893416B324-LeaderElection43] INFO  impl.RoleInfo (RoleInfo.java:updateAndGet(143)) - c093d91c-53d9-47ac-8afb-a6fc9c740374: start LeaderState
2020-08-03 13:24:00,961 [Listener at 127.0.0.1/37329] INFO  impl.RaftServerImpl (RaftServerImpl.java:lambda$shutdown$3(263)) - ec3eb439-3e1f-444b-933e-76c1f64dd6e5@group-76977C293D21: shutdown
2020-08-03 13:24:00,962 [c093d91c-53d9-47ac-8afb-a6fc9c740374@group-01893416B324-LeaderElection43] INFO  segmented.SegmentedRaftLogWorker (SegmentedRaftLogWorker.java:startLogSegment(397)) - c093d91c-53d9-47ac-8afb-a6fc9c740374@group-01893416B324-SegmentedRaftLogWorker: Starting segment from index:0
2020-08-03 13:24:00,959 [Datanode State Machine Thread - 0] WARN  statemachine.DatanodeStateMachine (DatanodeStateMachine.java:start(245)) - Interrupt the execution.
java.lang.InterruptedException: sleep interrupted
	at java.lang.Thread.sleep(Native Method)
	at org.apache.hadoop.ozone.container.common.statemachine.DatanodeStateMachine.start(DatanodeStateMachine.java:243)
	at org.apache.hadoop.ozone.container.common.statemachine.DatanodeStateMachine.lambda$startDaemon$0(DatanodeStateMachine.java:405)
	at java.lang.Thread.run(Thread.java:748)
2020-08-03 13:24:00,962 [Listener at 127.0.0.1/37329] INFO  util.JmxRegister (JmxRegister.java:unregister(73)) - Successfully un-registered JMX Bean with object name Ratis:service=RaftServer,group=group-76977C293D21,id=ec3eb439-3e1f-444b-933e-76c1f64dd6e5
2020-08-03 13:24:00,962 [Listener at 127.0.0.1/37329] INFO  impl.RoleInfo (RoleInfo.java:shutdownFollowerState(121)) - ec3eb439-3e1f-444b-933e-76c1f64dd6e5: shutdown FollowerState
2020-08-03 13:24:00,962 [Thread-1309] INFO  impl.FollowerState (FollowerState.java:run(117)) - ec3eb439-3e1f-444b-933e-76c1f64dd6e5@group-76977C293D21-FollowerState was interrupted: java.lang.InterruptedException: sleep interrupted
2020-08-03 13:24:00,963 [Listener at 127.0.0.1/37329] INFO  impl.StateMachineUpdater (StateMachineUpdater.java:stopAndJoin(142)) - ec3eb439-3e1f-444b-933e-76c1f64dd6e5@group-76977C293D21-StateMachineUpdater: set stopIndex = 1
2020-08-03 13:24:00,966 [EventQueue-CloseContainerForCloseContainerEventHandler] ERROR container.CloseContainerEventHandler (CloseContainerEventHandler.java:onMessage(89)) - Failed to close the container #1.
org.apache.hadoop.hdds.scm.pipeline.PipelineNotFoundException: PipelineID=df8875c0-a74b-4e9b-9cc2-76977c293d21 not found
	at org.apache.hadoop.hdds.scm.pipeline.PipelineStateMap.removeContainerFromPipeline(PipelineStateMap.java:372)
	at org.apache.hadoop.hdds.scm.pipeline.PipelineStateManager.removeContainerFromPipeline(PipelineStateManager.java:111)
	at org.apache.hadoop.hdds.scm.pipeline.SCMPipelineManager.removeContainerFromPipeline(SCMPipelineManager.java:413)
	at org.apache.hadoop.hdds.scm.container.SCMContainerManager.updateContainerState(SCMContainerManager.java:352)
	at org.apache.hadoop.hdds.scm.container.SCMContainerManager.updateContainerState(SCMContainerManager.java:331)
	at org.apache.hadoop.hdds.scm.container.CloseContainerEventHandler.onMessage(CloseContainerEventHandler.java:66)
	at org.apache.hadoop.hdds.scm.container.CloseContainerEventHandler.onMessage(CloseContainerEventHandler.java:45)
	at org.apache.hadoop.hdds.server.events.SingleThreadExecutor.lambda$onMessage$1(SingleThreadExecutor.java:81)
	at java.util.concurrent.ThreadPoolExecutor.runWorker(ThreadPoolExecutor.java:1149)
	at java.util.concurrent.ThreadPoolExecutor$Worker.run(ThreadPoolExecutor.java:624)
	at java.lang.Thread.run(Thread.java:748)
2020-08-03 13:24:00,967 [RatisPipelineUtilsThread] INFO  pipeline.RatisPipelineProvider (RatisPipelineProvider.java:lambda$create$0(138)) - Sending CreatePipelineCommand for pipeline:PipelineID=4bc7c7b2-436c-43b4-baf6-ac688c852745 to datanode:ec3eb439-3e1f-444b-933e-76c1f64dd6e5
2020-08-03 13:24:00,967 [RatisPipelineUtilsThread] INFO  pipeline.RatisPipelineProvider (RatisPipelineProvider.java:lambda$create$0(138)) - Sending CreatePipelineCommand for pipeline:PipelineID=4bc7c7b2-436c-43b4-baf6-ac688c852745 to datanode:1f92ab39-7028-4d7a-b43e-fc630492ec6f
2020-08-03 13:24:00,967 [RatisPipelineUtilsThread] INFO  pipeline.RatisPipelineProvider (RatisPipelineProvider.java:lambda$create$0(138)) - Sending CreatePipelineCommand for pipeline:PipelineID=4bc7c7b2-436c-43b4-baf6-ac688c852745 to datanode:5328ae2d-dffa-4840-b00a-ab3fd52ea77e
2020-08-03 13:24:00,967 [ec3eb439-3e1f-444b-933e-76c1f64dd6e5@group-76977C293D21-StateMachineUpdater] INFO  ratis.ContainerStateMachine (ContainerStateMachine.java:takeSnapshot(293)) - group-76977C293D21: Taking a snapshot at:(t:1, i:1) file /github/workspace/mnt/ozone/hadoop-ozone/integration-test/target/test-dir/MiniOzoneClusterImpl-7e68a8b4-1ba8-49bf-9ad5-192f3c798a38/datanode-2/data/ratis/df8875c0-a74b-4e9b-9cc2-76977c293d21/sm/snapshot.1_1
2020-08-03 13:24:00,967 [RatisPipelineUtilsThread] INFO  pipeline.PipelineStateManager (PipelineStateManager.java:addPipeline(54)) - Created pipeline Pipeline[ Id: 4bc7c7b2-436c-43b4-baf6-ac688c852745, Nodes: ec3eb439-3e1f-444b-933e-76c1f64dd6e5{ip: 172.17.0.2, host: 21919eb6eecd, networkLocation: /default-rack, certSerialId: null}1f92ab39-7028-4d7a-b43e-fc630492ec6f{ip: 172.17.0.2, host: 21919eb6eecd, networkLocation: /default-rack, certSerialId: null}5328ae2d-dffa-4840-b00a-ab3fd52ea77e{ip: 172.17.0.2, host: 21919eb6eecd, networkLocation: /default-rack, certSerialId: null}, Type:RATIS, Factor:THREE, State:ALLOCATED, leaderId:, CreationTimestamp2020-08-03T13:24:00.967Z]
2020-08-03 13:24:00,969 [c093d91c-53d9-47ac-8afb-a6fc9c740374@group-01893416B324-SegmentedRaftLogWorker] INFO  segmented.SegmentedRaftLogWorker (SegmentedRaftLogWorker.java:execute(596)) - c093d91c-53d9-47ac-8afb-a6fc9c740374@group-01893416B324-SegmentedRaftLogWorker: created new log segment /github/workspace/mnt/ozone/hadoop-ozone/integration-test/target/test-dir/MiniOzoneClusterImpl-7e68a8b4-1ba8-49bf-9ad5-192f3c798a38/datanode-7/data/ratis/ff6053d6-fac6-40e5-9987-01893416b324/current/log_inprogress_0
2020-08-03 13:24:00,970 [ec3eb439-3e1f-444b-933e-76c1f64dd6e5@group-76977C293D21-StateMachineUpdater] INFO  ratis.ContainerStateMachine (ContainerStateMachine.java:takeSnapshot(304)) - group-76977C293D21: Finished taking a snapshot at:(t:1, i:1) file:/github/workspace/mnt/ozone/hadoop-ozone/integration-test/target/test-dir/MiniOzoneClusterImpl-7e68a8b4-1ba8-49bf-9ad5-192f3c798a38/datanode-2/data/ratis/df8875c0-a74b-4e9b-9cc2-76977c293d21/sm/snapshot.1_1 time:3
2020-08-03 13:24:00,974 [ec3eb439-3e1f-444b-933e-76c1f64dd6e5@group-76977C293D21-StateMachineUpdater] INFO  impl.StateMachineUpdater (StateMachineUpdater.java:takeSnapshot(277)) - ec3eb439-3e1f-444b-933e-76c1f64dd6e5@group-76977C293D21-StateMachineUpdater: Took a snapshot at index 1
2020-08-03 13:24:00,974 [ec3eb439-3e1f-444b-933e-76c1f64dd6e5@group-76977C293D21-StateMachineUpdater] INFO  impl.StateMachineUpdater (StateMachineUpdater.java:lambda$new$0(87)) - ec3eb439-3e1f-444b-933e-76c1f64dd6e5@group-76977C293D21-StateMachineUpdater: snapshotIndex: updateIncreasingly -1 -> 1
2020-08-03 13:24:00,974 [ec3eb439-3e1f-444b-933e-76c1f64dd6e5@group-76977C293D21-StateMachineUpdater] INFO  metrics.RatisMetrics (RatisMetrics.java:unregister(43)) - Unregistering Metrics Registry : ratis.state_machine.ec3eb439-3e1f-444b-933e-76c1f64dd6e5@group-76977C293D21
2020-08-03 13:24:00,974 [Listener at 127.0.0.1/37329] INFO  impl.RaftServerImpl (ServerState.java:close(387)) - ec3eb439-3e1f-444b-933e-76c1f64dd6e5@group-76977C293D21: closes. applyIndex: 1
2020-08-03 13:24:00,974 [c093d91c-53d9-47ac-8afb-a6fc9c740374@group-01893416B324-LeaderElection43] INFO  impl.RaftServerImpl (ServerState.java:setRaftConf(356)) - c093d91c-53d9-47ac-8afb-a6fc9c740374@group-01893416B324: set configuration 0: [c093d91c-53d9-47ac-8afb-a6fc9c740374:172.17.0.2:33407], old=null at 0
2020-08-03 13:24:00,974 [ec3eb439-3e1f-444b-933e-76c1f64dd6e5@group-76977C293D21-SegmentedRaftLogWorker] INFO  segmented.SegmentedRaftLogWorker (SegmentedRaftLogWorker.java:run(327)) - ec3eb439-3e1f-444b-933e-76c1f64dd6e5@group-76977C293D21-SegmentedRaftLogWorker was interrupted, exiting. There are 0 tasks remaining in the queue.
2020-08-03 13:24:00,975 [Thread-1302] INFO  impl.FollowerState (FollowerState.java:run(108)) - 9d0aaa75-f47f-4170-948a-e39c1e601cf1@group-68E6F028FAAB-FollowerState: change to CANDIDATE, lastRpcTime:5120ms, electionTimeout:5120ms
2020-08-03 13:24:00,979 [Command processor thread] INFO  impl.RaftServerProxy (RaftServerProxy.java:remove(100)) - 5328ae2d-dffa-4840-b00a-ab3fd52ea77e: remove  FOLLOWER 5328ae2d-dffa-4840-b00a-ab3fd52ea77e@group-76977C293D21:t1, leader=1f92ab39-7028-4d7a-b43e-fc630492ec6f, voted=1f92ab39-7028-4d7a-b43e-fc630492ec6f, raftlog=5328ae2d-dffa-4840-b00a-ab3fd52ea77e@group-76977C293D21-SegmentedRaftLog:OPENED:c1,f2,i2, conf=0: [ec3eb439-3e1f-444b-933e-76c1f64dd6e5:172.17.0.2:40825, 5328ae2d-dffa-4840-b00a-ab3fd52ea77e:172.17.0.2:38393, 1f92ab39-7028-4d7a-b43e-fc630492ec6f:172.17.0.2:38387], old=null RUNNING
2020-08-03 13:24:00,979 [Command processor thread] INFO  impl.RaftServerImpl (RaftServerImpl.java:lambda$shutdown$3(263)) - 5328ae2d-dffa-4840-b00a-ab3fd52ea77e@group-76977C293D21: shutdown
2020-08-03 13:24:00,980 [Listener at 127.0.0.1/37329] INFO  segmented.SegmentedRaftLogWorker (SegmentedRaftLogWorker.java:close(234)) - ec3eb439-3e1f-444b-933e-76c1f64dd6e5@group-76977C293D21-SegmentedRaftLogWorker close()
2020-08-03 13:24:00,980 [Command processor thread] INFO  util.JmxRegister (JmxRegister.java:unregister(73)) - Successfully un-registered JMX Bean with object name Ratis:service=RaftServer,group=group-76977C293D21,id=5328ae2d-dffa-4840-b00a-ab3fd52ea77e
2020-08-03 13:24:00,981 [Command processor thread] INFO  impl.RoleInfo (RoleInfo.java:shutdownFollowerState(121)) - 5328ae2d-dffa-4840-b00a-ab3fd52ea77e: shutdown FollowerState
2020-08-03 13:24:00,981 [Command processor thread] INFO  impl.StateMachineUpdater (StateMachineUpdater.java:stopAndJoin(142)) - 5328ae2d-dffa-4840-b00a-ab3fd52ea77e@group-76977C293D21-StateMachineUpdater: set stopIndex = 1
2020-08-03 13:24:00,981 [Thread-1310] INFO  impl.FollowerState (FollowerState.java:run(117)) - 5328ae2d-dffa-4840-b00a-ab3fd52ea77e@group-76977C293D21-FollowerState was interrupted: java.lang.InterruptedException: sleep interrupted
2020-08-03 13:24:00,981 [5328ae2d-dffa-4840-b00a-ab3fd52ea77e@group-76977C293D21-StateMachineUpdater] INFO  ratis.ContainerStateMachine (ContainerStateMachine.java:takeSnapshot(293)) - group-76977C293D21: Taking a snapshot at:(t:1, i:1) file /github/workspace/mnt/ozone/hadoop-ozone/integration-test/target/test-dir/MiniOzoneClusterImpl-7e68a8b4-1ba8-49bf-9ad5-192f3c798a38/datanode-1/data/ratis/df8875c0-a74b-4e9b-9cc2-76977c293d21/sm/snapshot.1_1
2020-08-03 13:24:00,981 [Thread-1302] INFO  impl.RoleInfo (RoleInfo.java:shutdownFollowerState(121)) - 9d0aaa75-f47f-4170-948a-e39c1e601cf1: shutdown FollowerState
2020-08-03 13:24:00,981 [Thread-1302] INFO  impl.RaftServerImpl (RaftServerImpl.java:setRole(185)) - 9d0aaa75-f47f-4170-948a-e39c1e601cf1@group-68E6F028FAAB: changes role from  FOLLOWER to CANDIDATE at term 0 for changeToCandidate
2020-08-03 13:24:00,982 [Listener at 127.0.0.1/37329] INFO  metrics.RatisMetrics (RatisMetrics.java:unregister(43)) - Unregistering Metrics Registry : ratis.log_worker.ec3eb439-3e1f-444b-933e-76c1f64dd6e5@group-76977C293D21
2020-08-03 13:24:00,982 [5328ae2d-dffa-4840-b00a-ab3fd52ea77e@group-76977C293D21-StateMachineUpdater] INFO  ratis.ContainerStateMachine (ContainerStateMachine.java:takeSnapshot(304)) - group-76977C293D21: Finished taking a snapshot at:(t:1, i:1) file:/github/workspace/mnt/ozone/hadoop-ozone/integration-test/target/test-dir/MiniOzoneClusterImpl-7e68a8b4-1ba8-49bf-9ad5-192f3c798a38/datanode-1/data/ratis/df8875c0-a74b-4e9b-9cc2-76977c293d21/sm/snapshot.1_1 time:1
2020-08-03 13:24:00,983 [5328ae2d-dffa-4840-b00a-ab3fd52ea77e@group-76977C293D21-StateMachineUpdater] INFO  impl.StateMachineUpdater (StateMachineUpdater.java:takeSnapshot(277)) - 5328ae2d-dffa-4840-b00a-ab3fd52ea77e@group-76977C293D21-StateMachineUpdater: Took a snapshot at index 1
2020-08-03 13:24:00,983 [5328ae2d-dffa-4840-b00a-ab3fd52ea77e@group-76977C293D21-StateMachineUpdater] INFO  impl.StateMachineUpdater (StateMachineUpdater.java:lambda$new$0(87)) - 5328ae2d-dffa-4840-b00a-ab3fd52ea77e@group-76977C293D21-StateMachineUpdater: snapshotIndex: updateIncreasingly -1 -> 1
2020-08-03 13:24:00,983 [5328ae2d-dffa-4840-b00a-ab3fd52ea77e@group-76977C293D21-StateMachineUpdater] INFO  metrics.RatisMetrics (RatisMetrics.java:unregister(43)) - Unregistering Metrics Registry : ratis.state_machine.5328ae2d-dffa-4840-b00a-ab3fd52ea77e@group-76977C293D21
2020-08-03 13:24:00,983 [Listener at 127.0.0.1/37329] INFO  metrics.RatisMetrics (RatisMetrics.java:unregister(43)) - Unregistering Metrics Registry : ratis.leader_election.ec3eb439-3e1f-444b-933e-76c1f64dd6e5@group-76977C293D21
2020-08-03 13:24:00,983 [Listener at 127.0.0.1/37329] INFO  metrics.RatisMetrics (RatisMetrics.java:unregister(43)) - Unregistering Metrics Registry : ratis.server.ec3eb439-3e1f-444b-933e-76c1f64dd6e5@group-76977C293D21
2020-08-03 13:24:00,986 [Command processor thread] INFO  impl.RaftServerImpl (ServerState.java:close(387)) - 5328ae2d-dffa-4840-b00a-ab3fd52ea77e@group-76977C293D21: closes. applyIndex: 1
2020-08-03 13:24:00,986 [5328ae2d-dffa-4840-b00a-ab3fd52ea77e@group-76977C293D21-SegmentedRaftLogWorker] INFO  segmented.SegmentedRaftLogWorker (SegmentedRaftLogWorker.java:run(327)) - 5328ae2d-dffa-4840-b00a-ab3fd52ea77e@group-76977C293D21-SegmentedRaftLogWorker was interrupted, exiting. There are 0 tasks remaining in the queue.
2020-08-03 13:24:00,987 [Command processor thread] INFO  segmented.SegmentedRaftLogWorker (SegmentedRaftLogWorker.java:close(234)) - 5328ae2d-dffa-4840-b00a-ab3fd52ea77e@group-76977C293D21-SegmentedRaftLogWorker close()
2020-08-03 13:24:00,988 [Thread-1302] INFO  impl.RoleInfo (RoleInfo.java:updateAndGet(143)) - 9d0aaa75-f47f-4170-948a-e39c1e601cf1: start LeaderElection
2020-08-03 13:24:00,988 [Command processor thread] INFO  metrics.RatisMetrics (RatisMetrics.java:unregister(43)) - Unregistering Metrics Registry : ratis.log_worker.5328ae2d-dffa-4840-b00a-ab3fd52ea77e@group-76977C293D21
2020-08-03 13:24:00,988 [Command processor thread] INFO  metrics.RatisMetrics (RatisMetrics.java:unregister(43)) - Unregistering Metrics Registry : ratis.leader_election.5328ae2d-dffa-4840-b00a-ab3fd52ea77e@group-76977C293D21
2020-08-03 13:24:00,988 [Command processor thread] INFO  metrics.RatisMetrics (RatisMetrics.java:unregister(43)) - Unregistering Metrics Registry : ratis.server.5328ae2d-dffa-4840-b00a-ab3fd52ea77e@group-76977C293D21
2020-08-03 13:24:00,988 [Listener at 127.0.0.1/37329] INFO  impl.RaftServerImpl (RaftServerImpl.java:lambda$shutdown$3(301)) - ec3eb439-3e1f-444b-933e-76c1f64dd6e5@group-76977C293D21: Succeed to remove RaftStorageDirectory Storage Directory /github/workspace/mnt/ozone/hadoop-ozone/integration-test/target/test-dir/MiniOzoneClusterImpl-7e68a8b4-1ba8-49bf-9ad5-192f3c798a38/datanode-2/data/ratis/df8875c0-a74b-4e9b-9cc2-76977c293d21
2020-08-03 13:24:00,988 [Command processor thread] INFO  impl.RaftServerImpl (RaftServerImpl.java:lambda$shutdown$3(301)) - 5328ae2d-dffa-4840-b00a-ab3fd52ea77e@group-76977C293D21: Succeed to remove RaftStorageDirectory Storage Directory /github/workspace/mnt/ozone/hadoop-ozone/integration-test/target/test-dir/MiniOzoneClusterImpl-7e68a8b4-1ba8-49bf-9ad5-192f3c798a38/datanode-1/data/ratis/df8875c0-a74b-4e9b-9cc2-76977c293d21
2020-08-03 13:24:00,992 [Datanode State Machine Thread - 0] WARN  statemachine.DatanodeStateMachine (DatanodeStateMachine.java:start(245)) - Interrupt the execution.
java.lang.InterruptedException: sleep interrupted
	at java.lang.Thread.sleep(Native Method)
	at org.apache.hadoop.ozone.container.common.statemachine.DatanodeStateMachine.start(DatanodeStateMachine.java:243)
	at org.apache.hadoop.ozone.container.common.statemachine.DatanodeStateMachine.lambda$startDaemon$0(DatanodeStateMachine.java:405)
	at java.lang.Thread.run(Thread.java:748)
2020-08-03 13:24:00,993 [Command processor thread] INFO  interfaces.Container (KeyValueContainer.java:flushAndSyncDB(382)) - Container 1 is synced with bcsId 0.
2020-08-03 13:24:00,993 [Command processor thread] INFO  interfaces.Container (KeyValueContainer.java:flushAndSyncDB(382)) - Container 1 is synced with bcsId 0.
2020-08-03 13:24:00,995 [9d0aaa75-f47f-4170-948a-e39c1e601cf1@group-68E6F028FAAB-LeaderElection44] INFO  impl.LeaderElection (LeaderElection.java:askForVotes(209)) - 9d0aaa75-f47f-4170-948a-e39c1e601cf1@group-68E6F028FAAB-LeaderElection44: begin an election at term 1 for -1: [9d0aaa75-f47f-4170-948a-e39c1e601cf1:172.17.0.2:43521], old=null
2020-08-03 13:24:00,995 [9d0aaa75-f47f-4170-948a-e39c1e601cf1@group-68E6F028FAAB-LeaderElection44] INFO  impl.RoleInfo (RoleInfo.java:shutdownLeaderElection(134)) - 9d0aaa75-f47f-4170-948a-e39c1e601cf1: shutdown LeaderElection
2020-08-03 13:24:00,996 [9d0aaa75-f47f-4170-948a-e39c1e601cf1@group-68E6F028FAAB-LeaderElection44] INFO  impl.RaftServerImpl (RaftServerImpl.java:setRole(185)) - 9d0aaa75-f47f-4170-948a-e39c1e601cf1@group-68E6F028FAAB: changes role from CANDIDATE to LEADER at term 1 for changeToLeader
2020-08-03 13:24:00,996 [9d0aaa75-f47f-4170-948a-e39c1e601cf1@group-68E6F028FAAB-LeaderElection44] INFO  ratis.XceiverServerRatis (XceiverServerRatis.java:handleLeaderChangedNotification(822)) - Leader change notification received for group: group-68E6F028FAAB with new leaderId: 9d0aaa75-f47f-4170-948a-e39c1e601cf1
2020-08-03 13:24:00,996 [Datanode State Machine Thread - 0] WARN  statemachine.DatanodeStateMachine (DatanodeStateMachine.java:start(245)) - Interrupt the execution.
java.lang.InterruptedException: sleep interrupted
	at java.lang.Thread.sleep(Native Method)
	at org.apache.hadoop.ozone.container.common.statemachine.DatanodeStateMachine.start(DatanodeStateMachine.java:243)
	at org.apache.hadoop.ozone.container.common.statemachine.DatanodeStateMachine.lambda$startDaemon$0(DatanodeStateMachine.java:405)
	at java.lang.Thread.run(Thread.java:748)
2020-08-03 13:24:00,997 [Datanode State Machine Thread - 0] WARN  statemachine.DatanodeStateMachine (DatanodeStateMachine.java:start(245)) - Interrupt the execution.
java.lang.InterruptedException: sleep interrupted
	at java.lang.Thread.sleep(Native Method)
	at org.apache.hadoop.ozone.container.common.statemachine.DatanodeStateMachine.start(DatanodeStateMachine.java:243)
	at org.apache.hadoop.ozone.container.common.statemachine.DatanodeStateMachine.lambda$startDaemon$0(DatanodeStateMachine.java:405)
	at java.lang.Thread.run(Thread.java:748)
2020-08-03 13:24:00,998 [Datanode State Machine Thread - 0] WARN  statemachine.DatanodeStateMachine (DatanodeStateMachine.java:start(245)) - Interrupt the execution.
java.lang.InterruptedException: sleep interrupted
	at java.lang.Thread.sleep(Native Method)
	at org.apache.hadoop.ozone.container.common.statemachine.DatanodeStateMachine.start(DatanodeStateMachine.java:243)
	at org.apache.hadoop.ozone.container.common.statemachine.DatanodeStateMachine.lambda$startDaemon$0(DatanodeStateMachine.java:405)
	at java.lang.Thread.run(Thread.java:748)
2020-08-03 13:24:00,998 [Command processor thread] INFO  commandhandler.ClosePipelineCommandHandler (ClosePipelineCommandHandler.java:handle(78)) - Close Pipeline #id: "df8875c0-a74b-4e9b-9cc2-76977c293d21"
uuid128 {
  mostSigBits: -2339490536118071653
  leastSigBits: -7151022865315709663
}
 command on datanode #5328ae2d-dffa-4840-b00a-ab3fd52ea77e.
2020-08-03 13:24:00,999 [9d0aaa75-f47f-4170-948a-e39c1e601cf1@group-68E6F028FAAB-LeaderElection44] INFO  impl.RaftServerImpl (ServerState.java:setLeader(255)) - 9d0aaa75-f47f-4170-948a-e39c1e601cf1@group-68E6F028FAAB: change Leader from null to 9d0aaa75-f47f-4170-948a-e39c1e601cf1 at term 1 for becomeLeader, leader elected after 5151ms
2020-08-03 13:24:01,006 [9d0aaa75-f47f-4170-948a-e39c1e601cf1@group-68E6F028FAAB-LeaderElection44] INFO  server.RaftServerConfigKeys (ConfUtils.java:logGet(44)) - raft.server.staging.catchup.gap = 1000 (default)
2020-08-03 13:24:01,006 [9d0aaa75-f47f-4170-948a-e39c1e601cf1@group-68E6F028FAAB-LeaderElection44] INFO  server.RaftServerConfigKeys (ConfUtils.java:logGet(44)) - raft.server.rpc.sleep.time = 25ms (default)
2020-08-03 13:24:01,007 [9d0aaa75-f47f-4170-948a-e39c1e601cf1@group-68E6F028FAAB-LeaderElection44] INFO  metrics.RatisMetrics (RatisMetrics.java:lambda$create$0(36)) - Creating Metrics Registry : ratis.log_appender.9d0aaa75-f47f-4170-948a-e39c1e601cf1@group-68E6F028FAAB
2020-08-03 13:24:01,007 [EventQueue-IncrementalContainerReportForIncrementalContainerReportHandler] INFO  container.IncrementalContainerReportHandler (AbstractContainerReportHandler.java:updateContainerState(164)) - Moving container #1 to QUASI_CLOSED state, datanode 5328ae2d-dffa-4840-b00a-ab3fd52ea77e{ip: 172.17.0.2, host: 21919eb6eecd, networkLocation: /default-rack, certSerialId: null} reported QUASI_CLOSED replica.
2020-08-03 13:24:01,007 [9d0aaa75-f47f-4170-948a-e39c1e601cf1@group-68E6F028FAAB-LeaderElection44] INFO  server.RaftServerConfigKeys (ConfUtils.java:logGet(44)) - raft.server.write.element-limit = 1024 (custom)
2020-08-03 13:24:01,011 [Command processor thread] INFO  impl.RaftServerProxy (RaftServerProxy.java:addNew(89)) - 5328ae2d-dffa-4840-b00a-ab3fd52ea77e: addNew group-AC688C852745:[ec3eb439-3e1f-444b-933e-76c1f64dd6e5:172.17.0.2:40825, 5328ae2d-dffa-4840-b00a-ab3fd52ea77e:172.17.0.2:38393, 1f92ab39-7028-4d7a-b43e-fc630492ec6f:172.17.0.2:38387] returns group-AC688C852745:java.util.concurrent.CompletableFuture@388cefac[Not completed]
2020-08-03 13:24:01,011 [pool-362-thread-1] INFO  impl.RaftServerImpl (RaftServerImpl.java:<init>(107)) - 5328ae2d-dffa-4840-b00a-ab3fd52ea77e: new RaftServerImpl for group-AC688C852745:[ec3eb439-3e1f-444b-933e-76c1f64dd6e5:172.17.0.2:40825, 5328ae2d-dffa-4840-b00a-ab3fd52ea77e:172.17.0.2:38393, 1f92ab39-7028-4d7a-b43e-fc630492ec6f:172.17.0.2:38387] with ContainerStateMachine:uninitialized
2020-08-03 13:24:01,011 [pool-362-thread-1] INFO  server.RaftServerConfigKeys (ConfUtils.java:logGet(44)) - raft.server.rpc.timeout.min = 5s (custom)
2020-08-03 13:24:01,011 [pool-362-thread-1] INFO  server.RaftServerConfigKeys (ConfUtils.java:logGet(44)) - raft.server.rpc.timeout.max = 5200ms (custom)
2020-08-03 13:24:01,011 [pool-362-thread-1] INFO  server.RaftServerConfigKeys (ConfUtils.java:logGet(44)) - raft.server.rpcslowness.timeout = 300000ms (custom)
2020-08-03 13:24:01,012 [pool-362-thread-1] INFO  server.RaftServerConfigKeys (ConfUtils.java:logGet(44)) - raft.server.sleep.deviation.threshold = 300 (default)
2020-08-03 13:24:01,012 [pool-362-thread-1] INFO  server.RaftServerConfigKeys (ConfUtils.java:logGet(44)) - raft.server.log.appender.install.snapshot.enabled = false (custom)
2020-08-03 13:24:01,012 [pool-362-thread-1] INFO  impl.RaftServerImpl (ServerState.java:<init>(103)) - 5328ae2d-dffa-4840-b00a-ab3fd52ea77e@group-AC688C852745: ConfigurationManager, init=-1: [ec3eb439-3e1f-444b-933e-76c1f64dd6e5:172.17.0.2:40825, 5328ae2d-dffa-4840-b00a-ab3fd52ea77e:172.17.0.2:38393, 1f92ab39-7028-4d7a-b43e-fc630492ec6f:172.17.0.2:38387], old=null, confs=<EMPTY_MAP>
2020-08-03 13:24:01,012 [pool-362-thread-1] INFO  server.RaftServerConfigKeys (ConfUtils.java:logGet(44)) - raft.server.storage.dir = [/github/workspace/mnt/ozone/hadoop-ozone/integration-test/target/test-dir/MiniOzoneClusterImpl-7e68a8b4-1ba8-49bf-9ad5-192f3c798a38/datanode-1/data/ratis] (custom)
2020-08-03 13:24:01,012 [pool-362-thread-1] INFO  server.RaftServerConfigKeys (ConfUtils.java:logGet(44)) - raft.server.log.corruption.policy = EXCEPTION (default)
2020-08-03 13:24:01,012 [pool-362-thread-1] INFO  storage.RaftStorageDirectory (RaftStorageDirectory.java:analyzeStorage(261)) - The storage directory /github/workspace/mnt/ozone/hadoop-ozone/integration-test/target/test-dir/MiniOzoneClusterImpl-7e68a8b4-1ba8-49bf-9ad5-192f3c798a38/datanode-1/data/ratis/4bc7c7b2-436c-43b4-baf6-ac688c852745 does not exist. Creating ...
2020-08-03 13:24:00,998 [Listener at 127.0.0.1/37329] INFO  interfaces.Container (KeyValueContainer.java:flushAndSyncDB(382)) - Container 1 is synced with bcsId 0.
2020-08-03 13:24:01,013 [Listener at 127.0.0.1/37329] INFO  interfaces.Container (KeyValueContainer.java:flushAndSyncDB(382)) - Container 1 is synced with bcsId 0.
2020-08-03 13:24:01,011 [9d0aaa75-f47f-4170-948a-e39c1e601cf1@group-68E6F028FAAB-LeaderElection44] INFO  server.RaftServerConfigKeys (ConfUtils.java:logGet(44)) - raft.server.write.byte-limit = 1073741824 (custom)
2020-08-03 13:24:01,013 [9d0aaa75-f47f-4170-948a-e39c1e601cf1@group-68E6F028FAAB-LeaderElection44] INFO  server.RaftServerConfigKeys (ConfUtils.java:logGet(44)) - raft.server.watch.timeout = 3000ms (custom)
2020-08-03 13:24:01,013 [9d0aaa75-f47f-4170-948a-e39c1e601cf1@group-68E6F028FAAB-LeaderElection44] INFO  server.RaftServerConfigKeys (ConfUtils.java:logGet(44)) - raft.server.watch.timeout.denomination = 1s (default)
2020-08-03 13:24:01,013 [9d0aaa75-f47f-4170-948a-e39c1e601cf1@group-68E6F028FAAB-LeaderElection44] INFO  server.RaftServerConfigKeys (ConfUtils.java:logGet(44)) - raft.server.watch.element-limit = 65536 (default)
2020-08-03 13:24:01,014 [9d0aaa75-f47f-4170-948a-e39c1e601cf1@group-68E6F028FAAB-LeaderElection44] INFO  impl.RoleInfo (RoleInfo.java:updateAndGet(143)) - 9d0aaa75-f47f-4170-948a-e39c1e601cf1: start LeaderState
2020-08-03 13:24:01,014 [9d0aaa75-f47f-4170-948a-e39c1e601cf1@group-68E6F028FAAB-LeaderElection44] INFO  segmented.SegmentedRaftLogWorker (SegmentedRaftLogWorker.java:startLogSegment(397)) - 9d0aaa75-f47f-4170-948a-e39c1e601cf1@group-68E6F028FAAB-SegmentedRaftLogWorker: Starting segment from index:0
2020-08-03 13:24:01,014 [pool-362-thread-1] INFO  storage.RaftStorageDirectory (RaftStorageDirectory.java:tryLock(343)) - Lock on /github/workspace/mnt/ozone/hadoop-ozone/integration-test/target/test-dir/MiniOzoneClusterImpl-7e68a8b4-1ba8-49bf-9ad5-192f3c798a38/datanode-1/data/ratis/4bc7c7b2-436c-43b4-baf6-ac688c852745/in_use.lock acquired by nodename 41175@21919eb6eecd
2020-08-03 13:24:01,015 [9d0aaa75-f47f-4170-948a-e39c1e601cf1@group-68E6F028FAAB-SegmentedRaftLogWorker] INFO  segmented.SegmentedRaftLogWorker (SegmentedRaftLogWorker.java:execute(596)) - 9d0aaa75-f47f-4170-948a-e39c1e601cf1@group-68E6F028FAAB-SegmentedRaftLogWorker: created new log segment /github/workspace/mnt/ozone/hadoop-ozone/integration-test/target/test-dir/MiniOzoneClusterImpl-7e68a8b4-1ba8-49bf-9ad5-192f3c798a38/datanode-8/data/ratis/100b437e-5748-4a65-9c12-68e6f028faab/current/log_inprogress_0
2020-08-03 13:24:01,016 [pool-362-thread-1] INFO  storage.RaftStorage (RaftStorage.java:format(84)) - Storage directory /github/workspace/mnt/ozone/hadoop-ozone/integration-test/target/test-dir/MiniOzoneClusterImpl-7e68a8b4-1ba8-49bf-9ad5-192f3c798a38/datanode-1/data/ratis/4bc7c7b2-436c-43b4-baf6-ac688c852745 has been successfully formatted.
2020-08-03 13:24:01,019 [pool-362-thread-1] INFO  ratis.ContainerStateMachine (ContainerStateMachine.java:loadSnapshot(225)) - group-AC688C852745: The snapshot info is null. Setting the last applied indexto:(t:0, i:~)
2020-08-03 13:24:01,019 [Datanode State Machine Thread - 0] WARN  statemachine.DatanodeStateMachine (DatanodeStateMachine.java:start(245)) - Interrupt the execution.
java.lang.InterruptedException: sleep interrupted
	at java.lang.Thread.sleep(Native Method)
	at org.apache.hadoop.ozone.container.common.statemachine.DatanodeStateMachine.start(DatanodeStateMachine.java:243)
	at org.apache.hadoop.ozone.container.common.statemachine.DatanodeStateMachine.lambda$startDaemon$0(DatanodeStateMachine.java:405)
	at java.lang.Thread.run(Thread.java:748)
2020-08-03 13:24:01,019 [Listener at 127.0.0.1/37329] INFO  impl.RaftServerProxy (RaftServerProxy.java:remove(100)) - 1f92ab39-7028-4d7a-b43e-fc630492ec6f: remove    LEADER 1f92ab39-7028-4d7a-b43e-fc630492ec6f@group-76977C293D21:t1, leader=1f92ab39-7028-4d7a-b43e-fc630492ec6f, voted=1f92ab39-7028-4d7a-b43e-fc630492ec6f, raftlog=1f92ab39-7028-4d7a-b43e-fc630492ec6f@group-76977C293D21-SegmentedRaftLog:OPENED:c2,f2,i2, conf=0: [ec3eb439-3e1f-444b-933e-76c1f64dd6e5:172.17.0.2:40825, 5328ae2d-dffa-4840-b00a-ab3fd52ea77e:172.17.0.2:38393, 1f92ab39-7028-4d7a-b43e-fc630492ec6f:172.17.0.2:38387], old=null RUNNING
2020-08-03 13:24:01,019 [Listener at 127.0.0.1/37329] INFO  impl.RaftServerImpl (RaftServerImpl.java:lambda$shutdown$3(263)) - 1f92ab39-7028-4d7a-b43e-fc630492ec6f@group-76977C293D21: shutdown
2020-08-03 13:24:01,019 [Listener at 127.0.0.1/37329] INFO  util.JmxRegister (JmxRegister.java:unregister(73)) - Successfully un-registered JMX Bean with object name Ratis:service=RaftServer,group=group-76977C293D21,id=1f92ab39-7028-4d7a-b43e-fc630492ec6f
2020-08-03 13:24:01,019 [Listener at 127.0.0.1/37329] INFO  impl.RoleInfo (RoleInfo.java:shutdownLeaderState(104)) - 1f92ab39-7028-4d7a-b43e-fc630492ec6f: shutdown LeaderState
2020-08-03 13:24:01,019 [Listener at 127.0.0.1/37329] INFO  metrics.RatisMetrics (RatisMetrics.java:unregister(43)) - Unregistering Metrics Registry : ratis_grpc.log_appender.1f92ab39-7028-4d7a-b43e-fc630492ec6f@group-76977C293D21
2020-08-03 13:24:01,020 [Listener at 127.0.0.1/37329] INFO  metrics.RatisMetrics (RatisMetrics.java:unregister(43)) - Unregistering Metrics Registry : ratis_grpc.log_appender.1f92ab39-7028-4d7a-b43e-fc630492ec6f@group-76977C293D21
2020-08-03 13:24:01,019 [9d0aaa75-f47f-4170-948a-e39c1e601cf1@group-68E6F028FAAB-LeaderElection44] INFO  impl.RaftServerImpl (ServerState.java:setRaftConf(356)) - 9d0aaa75-f47f-4170-948a-e39c1e601cf1@group-68E6F028FAAB: set configuration 0: [9d0aaa75-f47f-4170-948a-e39c1e601cf1:172.17.0.2:43521], old=null at 0
2020-08-03 13:24:01,019 [Datanode State Machine Thread - 0] WARN  statemachine.DatanodeStateMachine (DatanodeStateMachine.java:start(245)) - Interrupt the execution.
java.lang.InterruptedException: sleep interrupted
	at java.lang.Thread.sleep(Native Method)
	at org.apache.hadoop.ozone.container.common.statemachine.DatanodeStateMachine.start(DatanodeStateMachine.java:243)
	at org.apache.hadoop.ozone.container.common.statemachine.DatanodeStateMachine.lambda$startDaemon$0(DatanodeStateMachine.java:405)
	at java.lang.Thread.run(Thread.java:748)
2020-08-03 13:24:01,020 [org.apache.ratis.server.impl.LogAppender$AppenderDaemon$$Lambda$450/2041443339@635522cb] WARN  server.GrpcLogAppender (GrpcLogAppender.java:mayWait(153)) - 1f92ab39-7028-4d7a-b43e-fc630492ec6f@group-76977C293D21->5328ae2d-dffa-4840-b00a-ab3fd52ea77e-GrpcLogAppender: Wait interrupted by java.lang.InterruptedException
2020-08-03 13:24:01,020 [org.apache.ratis.server.impl.LogAppender$AppenderDaemon$$Lambda$450/2041443339@4cd3dd4e] WARN  server.GrpcLogAppender (GrpcLogAppender.java:mayWait(153)) - 1f92ab39-7028-4d7a-b43e-fc630492ec6f@group-76977C293D21->ec3eb439-3e1f-444b-933e-76c1f64dd6e5-GrpcLogAppender: Wait interrupted by java.lang.InterruptedException
2020-08-03 13:24:01,024 [grpc-default-executor-3] INFO  server.GrpcServerProtocolService (GrpcServerProtocolService.java:onCompleted(138)) - ec3eb439-3e1f-444b-933e-76c1f64dd6e5: Completed APPEND_ENTRIES, lastRequest: 1f92ab39-7028-4d7a-b43e-fc630492ec6f->ec3eb439-3e1f-444b-933e-76c1f64dd6e5#3-t1, previous=(t:1, i:1), leaderCommit=1, initializing? false, entries: size=1, first=(t:1, i:2), METADATAENTRY(c:1)
2020-08-03 13:24:01,020 [Listener at 127.0.0.1/37329] INFO  impl.PendingRequests (PendingRequests.java:sendNotLeaderResponses(249)) - 1f92ab39-7028-4d7a-b43e-fc630492ec6f@group-76977C293D21-PendingRequests: sendNotLeaderResponses
2020-08-03 13:24:01,019 [pool-362-thread-1] INFO  server.RaftServerConfigKeys (ConfUtils.java:logGet(44)) - raft.server.notification.no-leader.timeout = 300000ms (custom)
2020-08-03 13:24:01,025 [pool-362-thread-1] INFO  server.RaftServerConfigKeys (ConfUtils.java:logGet(44)) - raft.server.log.use.memory = false (default)
2020-08-03 13:24:01,025 [pool-362-thread-1] INFO  server.RaftServerConfigKeys (ConfUtils.java:logGet(44)) - raft.server.log.purge.gap = 1000000 (custom)
2020-08-03 13:24:01,025 [pool-362-thread-1] INFO  metrics.RatisMetrics (RatisMetrics.java:lambda$create$0(36)) - Creating Metrics Registry : ratis.log_worker.5328ae2d-dffa-4840-b00a-ab3fd52ea77e@group-AC688C852745
2020-08-03 13:24:01,025 [grpc-default-executor-4] INFO  server.GrpcLogAppender (GrpcLogAppender.java:onCompleted(319)) - 1f92ab39-7028-4d7a-b43e-fc630492ec6f@group-76977C293D21->ec3eb439-3e1f-444b-933e-76c1f64dd6e5-AppendLogResponseHandler: follower responses appendEntries COMPLETED
2020-08-03 13:24:01,024 [grpc-default-executor-2] INFO  server.GrpcServerProtocolService (GrpcServerProtocolService.java:onCompleted(138)) - 5328ae2d-dffa-4840-b00a-ab3fd52ea77e: Completed APPEND_ENTRIES, lastRequest: 1f92ab39-7028-4d7a-b43e-fc630492ec6f->5328ae2d-dffa-4840-b00a-ab3fd52ea77e#3-t1, previous=(t:1, i:1), leaderCommit=1, initializing? false, entries: size=1, first=(t:1, i:2), METADATAENTRY(c:1)
2020-08-03 13:24:01,025 [pool-362-thread-1] INFO  server.RaftServerConfigKeys (ConfUtils.java:logGet(44)) - raft.server.log.appender.buffer.byte-limit = 33554432 (custom)
2020-08-03 13:24:01,028 [pool-362-thread-1] INFO  server.RaftServerConfigKeys (ConfUtils.java:logGet(44)) - raft.server.log.segment.size.max = 1048576 (custom)
2020-08-03 13:24:01,029 [pool-362-thread-1] INFO  server.RaftServerConfigKeys (ConfUtils.java:logGet(44)) - raft.server.log.segment.cache.num.max = 2 (custom)
2020-08-03 13:24:01,029 [pool-362-thread-1] INFO  segmented.SegmentedRaftLogWorker (SegmentedRaftLogWorker.java:<init>(180)) - new 5328ae2d-dffa-4840-b00a-ab3fd52ea77e@group-AC688C852745-SegmentedRaftLogWorker for RaftStorage:Storage Directory /github/workspace/mnt/ozone/hadoop-ozone/integration-test/target/test-dir/MiniOzoneClusterImpl-7e68a8b4-1ba8-49bf-9ad5-192f3c798a38/datanode-1/data/ratis/4bc7c7b2-436c-43b4-baf6-ac688c852745
2020-08-03 13:24:01,029 [pool-362-thread-1] INFO  server.RaftServerConfigKeys (ConfUtils.java:logGet(44)) - raft.server.log.queue.byte-limit = 2147483647 (custom)
2020-08-03 13:24:01,029 [pool-362-thread-1] INFO  server.RaftServerConfigKeys (ConfUtils.java:logGet(44)) - raft.server.log.queue.element-limit = 1024 (custom)
2020-08-03 13:24:01,029 [pool-362-thread-1] INFO  server.RaftServerConfigKeys (ConfUtils.java:logGet(44)) - raft.server.log.segment.size.max = 1048576 (custom)
2020-08-03 13:24:01,029 [pool-362-thread-1] INFO  server.RaftServerConfigKeys (ConfUtils.java:logGet(44)) - raft.server.log.preallocated.size = 16384 (custom)
2020-08-03 13:24:01,029 [pool-362-thread-1] INFO  server.RaftServerConfigKeys (ConfUtils.java:logGet(44)) - raft.server.log.write.buffer.size = 1048576 (custom)
2020-08-03 13:24:01,029 [pool-362-thread-1] INFO  server.RaftServerConfigKeys (ConfUtils.java:logGet(44)) - raft.server.log.force.sync.num = 128 (default)
2020-08-03 13:24:01,029 [pool-362-thread-1] INFO  server.RaftServerConfigKeys (ConfUtils.java:logGet(44)) - raft.server.log.statemachine.data.sync = true (default)
2020-08-03 13:24:01,029 [pool-362-thread-1] INFO  server.RaftServerConfigKeys (ConfUtils.java:logGet(44)) - raft.server.log.statemachine.data.sync.timeout = 10s (default)
2020-08-03 13:24:01,030 [pool-362-thread-1] INFO  server.RaftServerConfigKeys (ConfUtils.java:logGet(44)) - raft.server.log.statemachine.data.sync.timeout.retry = -1 (default)
2020-08-03 13:24:01,032 [pool-362-thread-1] INFO  server.RaftServerConfigKeys (ConfUtils.java:logGet(44)) - raft.server.log.statemachine.data.caching.enabled = true (custom)
2020-08-03 13:24:01,032 [pool-362-thread-1] INFO  segmented.SegmentedRaftLogWorker (SegmentedRaftLogWorker.java:lambda$new$0(129)) - 5328ae2d-dffa-4840-b00a-ab3fd52ea77e@group-AC688C852745-SegmentedRaftLogWorker: flushIndex: setUnconditionally 0 -> -1
2020-08-03 13:24:01,032 [pool-362-thread-1] INFO  segmented.SegmentedRaftLogWorker (SegmentedRaftLogWorker.java:lambda$new$0(129)) - 5328ae2d-dffa-4840-b00a-ab3fd52ea77e@group-AC688C852745-SegmentedRaftLogWorker: safeCacheEvictIndex: setUnconditionally 0 -> -1
2020-08-03 13:24:01,032 [grpc-default-executor-0] INFO  server.GrpcLogAppender (GrpcLogAppender.java:onCompleted(319)) - 1f92ab39-7028-4d7a-b43e-fc630492ec6f@group-76977C293D21->5328ae2d-dffa-4840-b00a-ab3fd52ea77e-AppendLogResponseHandler: follower responses appendEntries COMPLETED
2020-08-03 13:24:01,032 [pool-362-thread-1] INFO  server.RaftServerConfigKeys (ConfUtils.java:logGet(44)) - raft.server.snapshot.auto.trigger.enabled = true (custom)
2020-08-03 13:24:01,032 [pool-362-thread-1] INFO  server.RaftServerConfigKeys (ConfUtils.java:logGet(44)) - raft.server.snapshot.auto.trigger.threshold = 10000 (custom)
2020-08-03 13:24:01,032 [pool-362-thread-1] INFO  server.RaftServerConfigKeys (ConfUtils.java:logGet(44)) - raft.server.snapshot.retention.file.num = 5 (custom)
2020-08-03 13:24:01,032 [pool-362-thread-1] INFO  server.RaftServerConfigKeys (ConfUtils.java:logGet(44)) - raft.server.log.purge.upto.snapshot.index = false (default)
2020-08-03 13:24:01,032 [pool-362-thread-1] INFO  server.RaftServerConfigKeys (ConfUtils.java:logGet(44)) - raft.server.retrycache.expirytime = 600000ms (custom)
2020-08-03 13:24:01,033 [pool-362-thread-1] INFO  metrics.RatisMetrics (RatisMetrics.java:lambda$create$0(36)) - Creating Metrics Registry : ratis.leader_election.5328ae2d-dffa-4840-b00a-ab3fd52ea77e@group-AC688C852745
2020-08-03 13:24:01,033 [pool-362-thread-1] INFO  metrics.RatisMetrics (RatisMetrics.java:lambda$create$0(36)) - Creating Metrics Registry : ratis.server.5328ae2d-dffa-4840-b00a-ab3fd52ea77e@group-AC688C852745
2020-08-03 13:24:01,034 [pool-362-thread-1] INFO  impl.RaftServerImpl (RaftServerImpl.java:start(196)) - 5328ae2d-dffa-4840-b00a-ab3fd52ea77e@group-AC688C852745: start as a follower, conf=-1: [ec3eb439-3e1f-444b-933e-76c1f64dd6e5:172.17.0.2:40825, 5328ae2d-dffa-4840-b00a-ab3fd52ea77e:172.17.0.2:38393, 1f92ab39-7028-4d7a-b43e-fc630492ec6f:172.17.0.2:38387], old=null
2020-08-03 13:24:01,039 [pool-362-thread-1] INFO  impl.RaftServerImpl (RaftServerImpl.java:setRole(185)) - 5328ae2d-dffa-4840-b00a-ab3fd52ea77e@group-AC688C852745: changes role from      null to FOLLOWER at term 0 for startAsFollower
2020-08-03 13:24:01,039 [pool-362-thread-1] INFO  impl.RoleInfo (RoleInfo.java:updateAndGet(143)) - 5328ae2d-dffa-4840-b00a-ab3fd52ea77e: start FollowerState
2020-08-03 13:24:01,039 [pool-362-thread-1] INFO  util.JmxRegister (JmxRegister.java:tryRegister(44)) - Successfully registered JMX Bean with object name Ratis:service=RaftServer,group=group-AC688C852745,id=5328ae2d-dffa-4840-b00a-ab3fd52ea77e
2020-08-03 13:24:01,039 [pool-362-thread-1] INFO  metrics.RatisMetrics (RatisMetrics.java:lambda$create$0(36)) - Creating Metrics Registry : ratis.state_machine.5328ae2d-dffa-4840-b00a-ab3fd52ea77e@group-AC688C852745
2020-08-03 13:24:01,040 [grpc-default-executor-4] INFO  impl.FollowerInfo (FollowerInfo.java:lambda$new$0(51)) - 1f92ab39-7028-4d7a-b43e-fc630492ec6f@group-76977C293D21->ec3eb439-3e1f-444b-933e-76c1f64dd6e5: nextIndex: updateUnconditionally 3 -> 2
2020-08-03 13:24:01,040 [grpc-default-executor-0] INFO  impl.FollowerInfo (FollowerInfo.java:lambda$new$0(51)) - 1f92ab39-7028-4d7a-b43e-fc630492ec6f@group-76977C293D21->5328ae2d-dffa-4840-b00a-ab3fd52ea77e: nextIndex: updateUnconditionally 3 -> 2
2020-08-03 13:24:01,044 [Listener at 127.0.0.1/37329] INFO  metrics.RatisMetrics (RatisMetrics.java:unregister(43)) - Unregistering Metrics Registry : ratis.log_appender.1f92ab39-7028-4d7a-b43e-fc630492ec6f@group-76977C293D21
2020-08-03 13:24:01,045 [Listener at 127.0.0.1/37329] INFO  metrics.RatisMetrics (RatisMetrics.java:unregister(43)) - Unregistering Metrics Registry : ratis.server.1f92ab39-7028-4d7a-b43e-fc630492ec6f@group-76977C293D21
2020-08-03 13:24:01,045 [Listener at 127.0.0.1/37329] INFO  impl.StateMachineUpdater (StateMachineUpdater.java:stopAndJoin(142)) - 1f92ab39-7028-4d7a-b43e-fc630492ec6f@group-76977C293D21-StateMachineUpdater: set stopIndex = 2
2020-08-03 13:24:01,047 [1f92ab39-7028-4d7a-b43e-fc630492ec6f@group-76977C293D21-StateMachineUpdater] INFO  ratis.ContainerStateMachine (ContainerStateMachine.java:takeSnapshot(293)) - group-76977C293D21: Taking a snapshot at:(t:1, i:2) file /github/workspace/mnt/ozone/hadoop-ozone/integration-test/target/test-dir/MiniOzoneClusterImpl-7e68a8b4-1ba8-49bf-9ad5-192f3c798a38/datanode-0/data/ratis/df8875c0-a74b-4e9b-9cc2-76977c293d21/sm/snapshot.1_2
2020-08-03 13:24:01,052 [1f92ab39-7028-4d7a-b43e-fc630492ec6f@group-76977C293D21-StateMachineUpdater] INFO  ratis.ContainerStateMachine (ContainerStateMachine.java:takeSnapshot(304)) - group-76977C293D21: Finished taking a snapshot at:(t:1, i:2) file:/github/workspace/mnt/ozone/hadoop-ozone/integration-test/target/test-dir/MiniOzoneClusterImpl-7e68a8b4-1ba8-49bf-9ad5-192f3c798a38/datanode-0/data/ratis/df8875c0-a74b-4e9b-9cc2-76977c293d21/sm/snapshot.1_2 time:6
2020-08-03 13:24:01,052 [1f92ab39-7028-4d7a-b43e-fc630492ec6f@group-76977C293D21-StateMachineUpdater] INFO  impl.StateMachineUpdater (StateMachineUpdater.java:takeSnapshot(277)) - 1f92ab39-7028-4d7a-b43e-fc630492ec6f@group-76977C293D21-StateMachineUpdater: Took a snapshot at index 2
2020-08-03 13:24:01,052 [1f92ab39-7028-4d7a-b43e-fc630492ec6f@group-76977C293D21-StateMachineUpdater] INFO  impl.StateMachineUpdater (StateMachineUpdater.java:lambda$new$0(87)) - 1f92ab39-7028-4d7a-b43e-fc630492ec6f@group-76977C293D21-StateMachineUpdater: snapshotIndex: updateIncreasingly -1 -> 2
2020-08-03 13:24:01,053 [1f92ab39-7028-4d7a-b43e-fc630492ec6f@group-76977C293D21-StateMachineUpdater] INFO  metrics.RatisMetrics (RatisMetrics.java:unregister(43)) - Unregistering Metrics Registry : ratis.state_machine.1f92ab39-7028-4d7a-b43e-fc630492ec6f@group-76977C293D21
2020-08-03 13:24:01,053 [Listener at 127.0.0.1/37329] INFO  impl.RaftServerImpl (ServerState.java:close(387)) - 1f92ab39-7028-4d7a-b43e-fc630492ec6f@group-76977C293D21: closes. applyIndex: 2
2020-08-03 13:24:01,053 [1f92ab39-7028-4d7a-b43e-fc630492ec6f@group-76977C293D21-SegmentedRaftLogWorker] INFO  segmented.SegmentedRaftLogWorker (SegmentedRaftLogWorker.java:run(327)) - 1f92ab39-7028-4d7a-b43e-fc630492ec6f@group-76977C293D21-SegmentedRaftLogWorker was interrupted, exiting. There are 0 tasks remaining in the queue.
2020-08-03 13:24:01,054 [Listener at 127.0.0.1/37329] INFO  segmented.SegmentedRaftLogWorker (SegmentedRaftLogWorker.java:close(234)) - 1f92ab39-7028-4d7a-b43e-fc630492ec6f@group-76977C293D21-SegmentedRaftLogWorker close()
2020-08-03 13:24:01,055 [Listener at 127.0.0.1/37329] INFO  metrics.RatisMetrics (RatisMetrics.java:unregister(43)) - Unregistering Metrics Registry : ratis.log_worker.1f92ab39-7028-4d7a-b43e-fc630492ec6f@group-76977C293D21
2020-08-03 13:24:01,055 [Listener at 127.0.0.1/37329] INFO  metrics.RatisMetrics (RatisMetrics.java:unregister(43)) - Unregistering Metrics Registry : ratis.leader_election.1f92ab39-7028-4d7a-b43e-fc630492ec6f@group-76977C293D21
2020-08-03 13:24:01,055 [Listener at 127.0.0.1/37329] INFO  metrics.RatisMetrics (RatisMetrics.java:unregister(43)) - Unregistering Metrics Registry : ratis.server.1f92ab39-7028-4d7a-b43e-fc630492ec6f@group-76977C293D21
2020-08-03 13:24:01,056 [Listener at 127.0.0.1/37329] INFO  impl.RaftServerImpl (RaftServerImpl.java:lambda$shutdown$3(301)) - 1f92ab39-7028-4d7a-b43e-fc630492ec6f@group-76977C293D21: Succeed to remove RaftStorageDirectory Storage Directory /github/workspace/mnt/ozone/hadoop-ozone/integration-test/target/test-dir/MiniOzoneClusterImpl-7e68a8b4-1ba8-49bf-9ad5-192f3c798a38/datanode-0/data/ratis/df8875c0-a74b-4e9b-9cc2-76977c293d21
2020-08-03 13:24:01,057 [grpc-default-executor-0] INFO  impl.RaftServerProxy (RaftServerProxy.java:addNew(89)) - ec3eb439-3e1f-444b-933e-76c1f64dd6e5: addNew group-AC688C852745:[ec3eb439-3e1f-444b-933e-76c1f64dd6e5:172.17.0.2:40825, 5328ae2d-dffa-4840-b00a-ab3fd52ea77e:172.17.0.2:38393, 1f92ab39-7028-4d7a-b43e-fc630492ec6f:172.17.0.2:38387] returns group-AC688C852745:java.util.concurrent.CompletableFuture@39df905e[Not completed]
2020-08-03 13:24:01,058 [pool-377-thread-1] INFO  impl.RaftServerImpl (RaftServerImpl.java:<init>(107)) - ec3eb439-3e1f-444b-933e-76c1f64dd6e5: new RaftServerImpl for group-AC688C852745:[ec3eb439-3e1f-444b-933e-76c1f64dd6e5:172.17.0.2:40825, 5328ae2d-dffa-4840-b00a-ab3fd52ea77e:172.17.0.2:38393, 1f92ab39-7028-4d7a-b43e-fc630492ec6f:172.17.0.2:38387] with ContainerStateMachine:uninitialized
2020-08-03 13:24:01,058 [pool-377-thread-1] INFO  server.RaftServerConfigKeys (ConfUtils.java:logGet(44)) - raft.server.rpc.timeout.min = 5s (custom)
2020-08-03 13:24:01,058 [pool-377-thread-1] INFO  server.RaftServerConfigKeys (ConfUtils.java:logGet(44)) - raft.server.rpc.timeout.max = 5200ms (custom)
2020-08-03 13:24:01,058 [pool-377-thread-1] INFO  server.RaftServerConfigKeys (ConfUtils.java:logGet(44)) - raft.server.rpcslowness.timeout = 300000ms (custom)
2020-08-03 13:24:01,058 [pool-377-thread-1] INFO  server.RaftServerConfigKeys (ConfUtils.java:logGet(44)) - raft.server.sleep.deviation.threshold = 300 (default)
2020-08-03 13:24:01,058 [pool-377-thread-1] INFO  server.RaftServerConfigKeys (ConfUtils.java:logGet(44)) - raft.server.log.appender.install.snapshot.enabled = false (custom)
2020-08-03 13:24:01,059 [pool-377-thread-1] INFO  impl.RaftServerImpl (ServerState.java:<init>(103)) - ec3eb439-3e1f-444b-933e-76c1f64dd6e5@group-AC688C852745: ConfigurationManager, init=-1: [ec3eb439-3e1f-444b-933e-76c1f64dd6e5:172.17.0.2:40825, 5328ae2d-dffa-4840-b00a-ab3fd52ea77e:172.17.0.2:38393, 1f92ab39-7028-4d7a-b43e-fc630492ec6f:172.17.0.2:38387], old=null, confs=<EMPTY_MAP>
2020-08-03 13:24:01,059 [pool-377-thread-1] INFO  server.RaftServerConfigKeys (ConfUtils.java:logGet(44)) - raft.server.storage.dir = [/github/workspace/mnt/ozone/hadoop-ozone/integration-test/target/test-dir/MiniOzoneClusterImpl-7e68a8b4-1ba8-49bf-9ad5-192f3c798a38/datanode-2/data/ratis] (custom)
2020-08-03 13:24:01,059 [pool-377-thread-1] INFO  server.RaftServerConfigKeys (ConfUtils.java:logGet(44)) - raft.server.log.corruption.policy = EXCEPTION (default)
2020-08-03 13:24:01,059 [pool-377-thread-1] INFO  storage.RaftStorageDirectory (RaftStorageDirectory.java:analyzeStorage(261)) - The storage directory /github/workspace/mnt/ozone/hadoop-ozone/integration-test/target/test-dir/MiniOzoneClusterImpl-7e68a8b4-1ba8-49bf-9ad5-192f3c798a38/datanode-2/data/ratis/4bc7c7b2-436c-43b4-baf6-ac688c852745 does not exist. Creating ...
2020-08-03 13:24:01,059 [Listener at 127.0.0.1/37329] INFO  interfaces.Container (KeyValueContainer.java:flushAndSyncDB(382)) - Container 1 is synced with bcsId 0.
2020-08-03 13:24:01,059 [Datanode State Machine Thread - 0] WARN  statemachine.DatanodeStateMachine (DatanodeStateMachine.java:start(245)) - Interrupt the execution.
java.lang.InterruptedException: sleep interrupted
	at java.lang.Thread.sleep(Native Method)
	at org.apache.hadoop.ozone.container.common.statemachine.DatanodeStateMachine.start(DatanodeStateMachine.java:243)
	at org.apache.hadoop.ozone.container.common.statemachine.DatanodeStateMachine.lambda$startDaemon$0(DatanodeStateMachine.java:405)
	at java.lang.Thread.run(Thread.java:748)
2020-08-03 13:24:01,059 [Listener at 127.0.0.1/37329] INFO  interfaces.Container (KeyValueContainer.java:flushAndSyncDB(382)) - Container 1 is synced with bcsId 0.
2020-08-03 13:24:01,060 [pool-377-thread-1] INFO  storage.RaftStorageDirectory (RaftStorageDirectory.java:tryLock(343)) - Lock on /github/workspace/mnt/ozone/hadoop-ozone/integration-test/target/test-dir/MiniOzoneClusterImpl-7e68a8b4-1ba8-49bf-9ad5-192f3c798a38/datanode-2/data/ratis/4bc7c7b2-436c-43b4-baf6-ac688c852745/in_use.lock acquired by nodename 41175@21919eb6eecd
2020-08-03 13:24:01,062 [pool-377-thread-1] INFO  storage.RaftStorage (RaftStorage.java:format(84)) - Storage directory /github/workspace/mnt/ozone/hadoop-ozone/integration-test/target/test-dir/MiniOzoneClusterImpl-7e68a8b4-1ba8-49bf-9ad5-192f3c798a38/datanode-2/data/ratis/4bc7c7b2-436c-43b4-baf6-ac688c852745 has been successfully formatted.
2020-08-03 13:24:01,062 [Datanode State Machine Thread - 0] WARN  statemachine.DatanodeStateMachine (DatanodeStateMachine.java:start(245)) - Interrupt the execution.
java.lang.InterruptedException: sleep interrupted
	at java.lang.Thread.sleep(Native Method)
	at org.apache.hadoop.ozone.container.common.statemachine.DatanodeStateMachine.start(DatanodeStateMachine.java:243)
	at org.apache.hadoop.ozone.container.common.statemachine.DatanodeStateMachine.lambda$startDaemon$0(DatanodeStateMachine.java:405)
	at java.lang.Thread.run(Thread.java:748)
2020-08-03 13:24:01,063 [pool-377-thread-1] INFO  ratis.ContainerStateMachine (ContainerStateMachine.java:loadSnapshot(225)) - group-AC688C852745: The snapshot info is null. Setting the last applied indexto:(t:0, i:~)
2020-08-03 13:24:01,063 [pool-377-thread-1] INFO  server.RaftServerConfigKeys (ConfUtils.java:logGet(44)) - raft.server.notification.no-leader.timeout = 300000ms (custom)
2020-08-03 13:24:01,063 [pool-377-thread-1] INFO  server.RaftServerConfigKeys (ConfUtils.java:logGet(44)) - raft.server.log.use.memory = false (default)
2020-08-03 13:24:01,063 [pool-377-thread-1] INFO  server.RaftServerConfigKeys (ConfUtils.java:logGet(44)) - raft.server.log.purge.gap = 1000000 (custom)
2020-08-03 13:24:01,063 [pool-377-thread-1] INFO  metrics.RatisMetrics (RatisMetrics.java:lambda$create$0(36)) - Creating Metrics Registry : ratis.log_worker.ec3eb439-3e1f-444b-933e-76c1f64dd6e5@group-AC688C852745
2020-08-03 13:24:01,063 [pool-377-thread-1] INFO  server.RaftServerConfigKeys (ConfUtils.java:logGet(44)) - raft.server.log.appender.buffer.byte-limit = 33554432 (custom)
2020-08-03 13:24:01,063 [pool-377-thread-1] INFO  server.RaftServerConfigKeys (ConfUtils.java:logGet(44)) - raft.server.log.segment.size.max = 1048576 (custom)
2020-08-03 13:24:01,064 [pool-377-thread-1] INFO  server.RaftServerConfigKeys (ConfUtils.java:logGet(44)) - raft.server.log.segment.cache.num.max = 2 (custom)
2020-08-03 13:24:01,064 [pool-377-thread-1] INFO  segmented.SegmentedRaftLogWorker (SegmentedRaftLogWorker.java:<init>(180)) - new ec3eb439-3e1f-444b-933e-76c1f64dd6e5@group-AC688C852745-SegmentedRaftLogWorker for RaftStorage:Storage Directory /github/workspace/mnt/ozone/hadoop-ozone/integration-test/target/test-dir/MiniOzoneClusterImpl-7e68a8b4-1ba8-49bf-9ad5-192f3c798a38/datanode-2/data/ratis/4bc7c7b2-436c-43b4-baf6-ac688c852745
2020-08-03 13:24:01,064 [pool-377-thread-1] INFO  server.RaftServerConfigKeys (ConfUtils.java:logGet(44)) - raft.server.log.queue.byte-limit = 2147483647 (custom)
2020-08-03 13:24:01,064 [pool-377-thread-1] INFO  server.RaftServerConfigKeys (ConfUtils.java:logGet(44)) - raft.server.log.queue.element-limit = 1024 (custom)
2020-08-03 13:24:01,064 [pool-377-thread-1] INFO  server.RaftServerConfigKeys (ConfUtils.java:logGet(44)) - raft.server.log.segment.size.max = 1048576 (custom)
2020-08-03 13:24:01,064 [pool-377-thread-1] INFO  server.RaftServerConfigKeys (ConfUtils.java:logGet(44)) - raft.server.log.preallocated.size = 16384 (custom)
2020-08-03 13:24:01,065 [pool-377-thread-1] INFO  server.RaftServerConfigKeys (ConfUtils.java:logGet(44)) - raft.server.log.write.buffer.size = 1048576 (custom)
2020-08-03 13:24:01,065 [pool-377-thread-1] INFO  server.RaftServerConfigKeys (ConfUtils.java:logGet(44)) - raft.server.log.force.sync.num = 128 (default)
2020-08-03 13:24:01,065 [Listener at 127.0.0.1/37329] WARN  impl.RaftServerProxy (RaftServerProxy.java:remove(95)) - 5328ae2d-dffa-4840-b00a-ab3fd52ea77e: does not contain group: group-76977C293D21
2020-08-03 13:24:01,065 [Datanode State Machine Thread - 0] WARN  statemachine.DatanodeStateMachine (DatanodeStateMachine.java:start(245)) - Interrupt the execution.
java.lang.InterruptedException: sleep interrupted
	at java.lang.Thread.sleep(Native Method)
	at org.apache.hadoop.ozone.container.common.statemachine.DatanodeStateMachine.start(DatanodeStateMachine.java:243)
	at org.apache.hadoop.ozone.container.common.statemachine.DatanodeStateMachine.lambda$startDaemon$0(DatanodeStateMachine.java:405)
	at java.lang.Thread.run(Thread.java:748)
2020-08-03 13:24:01,066 [Listener at 127.0.0.1/37329] INFO  ozone.MiniOzoneClusterImpl (MiniOzoneClusterImpl.java:shutdown(387)) - Shutting down the Mini Ozone Cluster
2020-08-03 13:24:01,067 [pool-377-thread-1] INFO  server.RaftServerConfigKeys (ConfUtils.java:logGet(44)) - raft.server.log.statemachine.data.sync = true (default)
2020-08-03 13:24:01,067 [Listener at 127.0.0.1/37329] INFO  ozone.MiniOzoneClusterImpl (MiniOzoneClusterImpl.java:stop(402)) - Stopping the Mini Ozone Cluster
2020-08-03 13:24:01,067 [Listener at 127.0.0.1/37329] INFO  ozone.MiniOzoneClusterImpl (MiniOzoneClusterImpl.java:stopOM(484)) - Stopping the OzoneManager
2020-08-03 13:24:01,067 [pool-377-thread-1] INFO  server.RaftServerConfigKeys (ConfUtils.java:logGet(44)) - raft.server.log.statemachine.data.sync.timeout = 10s (default)
2020-08-03 13:24:01,069 [pool-377-thread-1] INFO  server.RaftServerConfigKeys (ConfUtils.java:logGet(44)) - raft.server.log.statemachine.data.sync.timeout.retry = -1 (default)
2020-08-03 13:24:01,068 [Listener at 127.0.0.1/37329] INFO  ipc.Server (Server.java:stop(3359)) - Stopping server on 37329
2020-08-03 13:24:01,072 [pool-377-thread-1] INFO  server.RaftServerConfigKeys (ConfUtils.java:logGet(44)) - raft.server.log.statemachine.data.caching.enabled = true (custom)
2020-08-03 13:24:01,077 [IPC Server listener on 0] INFO  ipc.Server (Server.java:run(1330)) - Stopping IPC Server listener on 0
2020-08-03 13:24:01,081 [pool-377-thread-1] INFO  segmented.SegmentedRaftLogWorker (SegmentedRaftLogWorker.java:lambda$new$0(129)) - ec3eb439-3e1f-444b-933e-76c1f64dd6e5@group-AC688C852745-SegmentedRaftLogWorker: flushIndex: setUnconditionally 0 -> -1
2020-08-03 13:24:01,082 [pool-377-thread-1] INFO  segmented.SegmentedRaftLogWorker (SegmentedRaftLogWorker.java:lambda$new$0(129)) - ec3eb439-3e1f-444b-933e-76c1f64dd6e5@group-AC688C852745-SegmentedRaftLogWorker: safeCacheEvictIndex: setUnconditionally 0 -> -1
2020-08-03 13:24:01,082 [IPC Server Responder] INFO  ipc.Server (Server.java:run(1465)) - Stopping IPC Server Responder
2020-08-03 13:24:01,082 [Listener at 127.0.0.1/37329] INFO  ratis.OzoneManagerDoubleBuffer (OzoneManagerDoubleBuffer.java:stop(458)) - Stopping OMDoubleBuffer flush thread
2020-08-03 13:24:01,087 [OMDoubleBufferFlushThread] INFO  ratis.OzoneManagerDoubleBuffer (OzoneManagerDoubleBuffer.java:flushTransactions(357)) - OMDoubleBuffer flush thread OMDoubleBufferFlushThread is interrupted and will exit. OMDoubleBufferFlushThread
2020-08-03 13:24:01,088 [Listener at 127.0.0.1/37329] INFO  utils.BackgroundService (BackgroundService.java:shutdown(157)) - Shutting down service KeyDeletingService
2020-08-03 13:24:01,089 [Listener at 127.0.0.1/37329] INFO  handler.ContextHandler (ContextHandler.java:doStop(1016)) - Stopped o.e.j.w.WebAppContext@674502f9{ozoneManager,/,null,UNAVAILABLE}{file:/github/workspace/mnt/ozone/hadoop-ozone/integration-test/target/test-classes/webapps/ozoneManager}
2020-08-03 13:24:01,089 [pool-377-thread-1] INFO  server.RaftServerConfigKeys (ConfUtils.java:logGet(44)) - raft.server.snapshot.auto.trigger.enabled = true (custom)
2020-08-03 13:24:01,089 [pool-377-thread-1] INFO  server.RaftServerConfigKeys (ConfUtils.java:logGet(44)) - raft.server.snapshot.auto.trigger.threshold = 10000 (custom)
2020-08-03 13:24:01,089 [pool-377-thread-1] INFO  server.RaftServerConfigKeys (ConfUtils.java:logGet(44)) - raft.server.snapshot.retention.file.num = 5 (custom)
2020-08-03 13:24:01,090 [Listener at 127.0.0.1/37329] INFO  server.AbstractConnector (AbstractConnector.java:doStop(380)) - Stopped ServerConnector@4d760ddb{HTTP/1.1,[http/1.1]}{0.0.0.0:0}
2020-08-03 13:24:01,090 [Listener at 127.0.0.1/37329] INFO  server.session (HouseKeeper.java:stopScavenging(158)) - node0 Stopped scavenging
2020-08-03 13:24:01,090 [Listener at 127.0.0.1/37329] INFO  handler.ContextHandler (ContextHandler.java:doStop(1016)) - Stopped o.e.j.s.ServletContextHandler@52ac7989{static,/static,file:///github/workspace/mnt/ozone/hadoop-ozone/integration-test/target/test-classes/webapps/static,UNAVAILABLE}
2020-08-03 13:24:01,090 [Listener at 127.0.0.1/37329] INFO  handler.ContextHandler (ContextHandler.java:doStop(1016)) - Stopped o.e.j.s.ServletContextHandler@307a0097{logs,/logs,file:///github/workspace/mnt/ozone/hadoop-ozone/integration-test/target/log,UNAVAILABLE}
2020-08-03 13:24:01,090 [pool-377-thread-1] INFO  server.RaftServerConfigKeys (ConfUtils.java:logGet(44)) - raft.server.log.purge.upto.snapshot.index = false (default)
2020-08-03 13:24:01,091 [pool-377-thread-1] INFO  server.RaftServerConfigKeys (ConfUtils.java:logGet(44)) - raft.server.retrycache.expirytime = 600000ms (custom)
2020-08-03 13:24:01,092 [Listener at 127.0.0.1/37329] INFO  ozone.MiniOzoneClusterImpl (MiniOzoneClusterImpl.java:stopDatanodes(461)) - Stopping the HddsDatanodes
2020-08-03 13:24:01,093 [pool-377-thread-1] INFO  metrics.RatisMetrics (RatisMetrics.java:lambda$create$0(36)) - Creating Metrics Registry : ratis.leader_election.ec3eb439-3e1f-444b-933e-76c1f64dd6e5@group-AC688C852745
2020-08-03 13:24:01,093 [pool-377-thread-1] INFO  metrics.RatisMetrics (RatisMetrics.java:lambda$create$0(36)) - Creating Metrics Registry : ratis.server.ec3eb439-3e1f-444b-933e-76c1f64dd6e5@group-AC688C852745
2020-08-03 13:24:01,094 [pool-377-thread-1] INFO  impl.RaftServerImpl (RaftServerImpl.java:start(196)) - ec3eb439-3e1f-444b-933e-76c1f64dd6e5@group-AC688C852745: start as a follower, conf=-1: [ec3eb439-3e1f-444b-933e-76c1f64dd6e5:172.17.0.2:40825, 5328ae2d-dffa-4840-b00a-ab3fd52ea77e:172.17.0.2:38393, 1f92ab39-7028-4d7a-b43e-fc630492ec6f:172.17.0.2:38387], old=null
2020-08-03 13:24:01,095 [pool-377-thread-1] INFO  impl.RaftServerImpl (RaftServerImpl.java:setRole(185)) - ec3eb439-3e1f-444b-933e-76c1f64dd6e5@group-AC688C852745: changes role from      null to FOLLOWER at term 0 for startAsFollower
2020-08-03 13:24:01,095 [pool-377-thread-1] INFO  impl.RoleInfo (RoleInfo.java:updateAndGet(143)) - ec3eb439-3e1f-444b-933e-76c1f64dd6e5: start FollowerState
2020-08-03 13:24:01,100 [pool-377-thread-1] INFO  util.JmxRegister (JmxRegister.java:tryRegister(44)) - Successfully registered JMX Bean with object name Ratis:service=RaftServer,group=group-AC688C852745,id=ec3eb439-3e1f-444b-933e-76c1f64dd6e5
2020-08-03 13:24:01,100 [pool-377-thread-1] INFO  metrics.RatisMetrics (RatisMetrics.java:lambda$create$0(36)) - Creating Metrics Registry : ratis.state_machine.ec3eb439-3e1f-444b-933e-76c1f64dd6e5@group-AC688C852745
2020-08-03 13:24:01,120 [grpc-default-executor-0] INFO  impl.RaftServerProxy (RaftServerProxy.java:addNew(89)) - 1f92ab39-7028-4d7a-b43e-fc630492ec6f: addNew group-AC688C852745:[ec3eb439-3e1f-444b-933e-76c1f64dd6e5:172.17.0.2:40825, 5328ae2d-dffa-4840-b00a-ab3fd52ea77e:172.17.0.2:38393, 1f92ab39-7028-4d7a-b43e-fc630492ec6f:172.17.0.2:38387] returns group-AC688C852745:java.util.concurrent.CompletableFuture@6ceddc01[Not completed]
2020-08-03 13:24:01,120 [pool-347-thread-1] INFO  impl.RaftServerImpl (RaftServerImpl.java:<init>(107)) - 1f92ab39-7028-4d7a-b43e-fc630492ec6f: new RaftServerImpl for group-AC688C852745:[ec3eb439-3e1f-444b-933e-76c1f64dd6e5:172.17.0.2:40825, 5328ae2d-dffa-4840-b00a-ab3fd52ea77e:172.17.0.2:38393, 1f92ab39-7028-4d7a-b43e-fc630492ec6f:172.17.0.2:38387] with ContainerStateMachine:uninitialized
2020-08-03 13:24:01,121 [pool-347-thread-1] INFO  server.RaftServerConfigKeys (ConfUtils.java:logGet(44)) - raft.server.rpc.timeout.min = 5s (custom)
2020-08-03 13:24:01,121 [pool-347-thread-1] INFO  server.RaftServerConfigKeys (ConfUtils.java:logGet(44)) - raft.server.rpc.timeout.max = 5200ms (custom)
2020-08-03 13:24:01,121 [pool-347-thread-1] INFO  server.RaftServerConfigKeys (ConfUtils.java:logGet(44)) - raft.server.rpcslowness.timeout = 300000ms (custom)
2020-08-03 13:24:01,121 [pool-347-thread-1] INFO  server.RaftServerConfigKeys (ConfUtils.java:logGet(44)) - raft.server.sleep.deviation.threshold = 300 (default)
2020-08-03 13:24:01,121 [pool-347-thread-1] INFO  server.RaftServerConfigKeys (ConfUtils.java:logGet(44)) - raft.server.log.appender.install.snapshot.enabled = false (custom)
2020-08-03 13:24:01,121 [pool-347-thread-1] INFO  impl.RaftServerImpl (ServerState.java:<init>(103)) - 1f92ab39-7028-4d7a-b43e-fc630492ec6f@group-AC688C852745: ConfigurationManager, init=-1: [ec3eb439-3e1f-444b-933e-76c1f64dd6e5:172.17.0.2:40825, 5328ae2d-dffa-4840-b00a-ab3fd52ea77e:172.17.0.2:38393, 1f92ab39-7028-4d7a-b43e-fc630492ec6f:172.17.0.2:38387], old=null, confs=<EMPTY_MAP>
2020-08-03 13:24:01,121 [pool-347-thread-1] INFO  server.RaftServerConfigKeys (ConfUtils.java:logGet(44)) - raft.server.storage.dir = [/github/workspace/mnt/ozone/hadoop-ozone/integration-test/target/test-dir/MiniOzoneClusterImpl-7e68a8b4-1ba8-49bf-9ad5-192f3c798a38/datanode-0/data/ratis] (custom)
2020-08-03 13:24:01,121 [pool-347-thread-1] INFO  server.RaftServerConfigKeys (ConfUtils.java:logGet(44)) - raft.server.log.corruption.policy = EXCEPTION (default)
2020-08-03 13:24:01,121 [pool-347-thread-1] INFO  storage.RaftStorageDirectory (RaftStorageDirectory.java:analyzeStorage(261)) - The storage directory /github/workspace/mnt/ozone/hadoop-ozone/integration-test/target/test-dir/MiniOzoneClusterImpl-7e68a8b4-1ba8-49bf-9ad5-192f3c798a38/datanode-0/data/ratis/4bc7c7b2-436c-43b4-baf6-ac688c852745 does not exist. Creating ...
2020-08-03 13:24:01,123 [pool-347-thread-1] INFO  storage.RaftStorageDirectory (RaftStorageDirectory.java:tryLock(343)) - Lock on /github/workspace/mnt/ozone/hadoop-ozone/integration-test/target/test-dir/MiniOzoneClusterImpl-7e68a8b4-1ba8-49bf-9ad5-192f3c798a38/datanode-0/data/ratis/4bc7c7b2-436c-43b4-baf6-ac688c852745/in_use.lock acquired by nodename 41175@21919eb6eecd
2020-08-03 13:24:01,124 [pool-347-thread-1] INFO  storage.RaftStorage (RaftStorage.java:format(84)) - Storage directory /github/workspace/mnt/ozone/hadoop-ozone/integration-test/target/test-dir/MiniOzoneClusterImpl-7e68a8b4-1ba8-49bf-9ad5-192f3c798a38/datanode-0/data/ratis/4bc7c7b2-436c-43b4-baf6-ac688c852745 has been successfully formatted.
2020-08-03 13:24:01,124 [pool-347-thread-1] INFO  ratis.ContainerStateMachine (ContainerStateMachine.java:loadSnapshot(225)) - group-AC688C852745: The snapshot info is null. Setting the last applied indexto:(t:0, i:~)
2020-08-03 13:24:01,124 [pool-347-thread-1] INFO  server.RaftServerConfigKeys (ConfUtils.java:logGet(44)) - raft.server.notification.no-leader.timeout = 300000ms (custom)
2020-08-03 13:24:01,124 [pool-347-thread-1] INFO  server.RaftServerConfigKeys (ConfUtils.java:logGet(44)) - raft.server.log.use.memory = false (default)
2020-08-03 13:24:01,124 [pool-347-thread-1] INFO  server.RaftServerConfigKeys (ConfUtils.java:logGet(44)) - raft.server.log.purge.gap = 1000000 (custom)
2020-08-03 13:24:01,124 [pool-347-thread-1] INFO  metrics.RatisMetrics (RatisMetrics.java:lambda$create$0(36)) - Creating Metrics Registry : ratis.log_worker.1f92ab39-7028-4d7a-b43e-fc630492ec6f@group-AC688C852745
2020-08-03 13:24:01,124 [pool-347-thread-1] INFO  server.RaftServerConfigKeys (ConfUtils.java:logGet(44)) - raft.server.log.appender.buffer.byte-limit = 33554432 (custom)
2020-08-03 13:24:01,124 [pool-347-thread-1] INFO  server.RaftServerConfigKeys (ConfUtils.java:logGet(44)) - raft.server.log.segment.size.max = 1048576 (custom)
2020-08-03 13:24:01,125 [pool-347-thread-1] INFO  server.RaftServerConfigKeys (ConfUtils.java:logGet(44)) - raft.server.log.segment.cache.num.max = 2 (custom)
2020-08-03 13:24:01,125 [pool-347-thread-1] INFO  segmented.SegmentedRaftLogWorker (SegmentedRaftLogWorker.java:<init>(180)) - new 1f92ab39-7028-4d7a-b43e-fc630492ec6f@group-AC688C852745-SegmentedRaftLogWorker for RaftStorage:Storage Directory /github/workspace/mnt/ozone/hadoop-ozone/integration-test/target/test-dir/MiniOzoneClusterImpl-7e68a8b4-1ba8-49bf-9ad5-192f3c798a38/datanode-0/data/ratis/4bc7c7b2-436c-43b4-baf6-ac688c852745
2020-08-03 13:24:01,125 [pool-347-thread-1] INFO  server.RaftServerConfigKeys (ConfUtils.java:logGet(44)) - raft.server.log.queue.byte-limit = 2147483647 (custom)
2020-08-03 13:24:01,125 [pool-347-thread-1] INFO  server.RaftServerConfigKeys (ConfUtils.java:logGet(44)) - raft.server.log.queue.element-limit = 1024 (custom)
2020-08-03 13:24:01,125 [pool-347-thread-1] INFO  server.RaftServerConfigKeys (ConfUtils.java:logGet(44)) - raft.server.log.segment.size.max = 1048576 (custom)
2020-08-03 13:24:01,125 [pool-347-thread-1] INFO  server.RaftServerConfigKeys (ConfUtils.java:logGet(44)) - raft.server.log.preallocated.size = 16384 (custom)
2020-08-03 13:24:01,125 [pool-347-thread-1] INFO  server.RaftServerConfigKeys (ConfUtils.java:logGet(44)) - raft.server.log.write.buffer.size = 1048576 (custom)
2020-08-03 13:24:01,126 [pool-347-thread-1] INFO  server.RaftServerConfigKeys (ConfUtils.java:logGet(44)) - raft.server.log.force.sync.num = 128 (default)
2020-08-03 13:24:01,126 [pool-347-thread-1] INFO  server.RaftServerConfigKeys (ConfUtils.java:logGet(44)) - raft.server.log.statemachine.data.sync = true (default)
2020-08-03 13:24:01,126 [pool-347-thread-1] INFO  server.RaftServerConfigKeys (ConfUtils.java:logGet(44)) - raft.server.log.statemachine.data.sync.timeout = 10s (default)
2020-08-03 13:24:01,126 [pool-347-thread-1] INFO  server.RaftServerConfigKeys (ConfUtils.java:logGet(44)) - raft.server.log.statemachine.data.sync.timeout.retry = -1 (default)
2020-08-03 13:24:01,127 [pool-347-thread-1] INFO  server.RaftServerConfigKeys (ConfUtils.java:logGet(44)) - raft.server.log.statemachine.data.caching.enabled = true (custom)
2020-08-03 13:24:01,127 [pool-347-thread-1] INFO  segmented.SegmentedRaftLogWorker (SegmentedRaftLogWorker.java:lambda$new$0(129)) - 1f92ab39-7028-4d7a-b43e-fc630492ec6f@group-AC688C852745-SegmentedRaftLogWorker: flushIndex: setUnconditionally 0 -> -1
2020-08-03 13:24:01,127 [pool-347-thread-1] INFO  segmented.SegmentedRaftLogWorker (SegmentedRaftLogWorker.java:lambda$new$0(129)) - 1f92ab39-7028-4d7a-b43e-fc630492ec6f@group-AC688C852745-SegmentedRaftLogWorker: safeCacheEvictIndex: setUnconditionally 0 -> -1
2020-08-03 13:24:01,128 [Datanode State Machine Thread - 0] WARN  statemachine.DatanodeStateMachine (DatanodeStateMachine.java:start(245)) - Interrupt the execution.
java.lang.InterruptedException: sleep interrupted
	at java.lang.Thread.sleep(Native Method)
	at org.apache.hadoop.ozone.container.common.statemachine.DatanodeStateMachine.start(DatanodeStateMachine.java:243)
	at org.apache.hadoop.ozone.container.common.statemachine.DatanodeStateMachine.lambda$startDaemon$0(DatanodeStateMachine.java:405)
	at java.lang.Thread.run(Thread.java:748)
2020-08-03 13:24:01,128 [pool-347-thread-1] INFO  server.RaftServerConfigKeys (ConfUtils.java:logGet(44)) - raft.server.snapshot.auto.trigger.enabled = true (custom)
2020-08-03 13:24:01,128 [pool-347-thread-1] INFO  server.RaftServerConfigKeys (ConfUtils.java:logGet(44)) - raft.server.snapshot.auto.trigger.threshold = 10000 (custom)
2020-08-03 13:24:01,128 [pool-347-thread-1] INFO  server.RaftServerConfigKeys (ConfUtils.java:logGet(44)) - raft.server.snapshot.retention.file.num = 5 (custom)
2020-08-03 13:24:01,128 [pool-347-thread-1] INFO  server.RaftServerConfigKeys (ConfUtils.java:logGet(44)) - raft.server.log.purge.upto.snapshot.index = false (default)
2020-08-03 13:24:01,128 [pool-347-thread-1] INFO  server.RaftServerConfigKeys (ConfUtils.java:logGet(44)) - raft.server.retrycache.expirytime = 600000ms (custom)
2020-08-03 13:24:01,129 [pool-347-thread-1] INFO  metrics.RatisMetrics (RatisMetrics.java:lambda$create$0(36)) - Creating Metrics Registry : ratis.leader_election.1f92ab39-7028-4d7a-b43e-fc630492ec6f@group-AC688C852745
2020-08-03 13:24:01,129 [pool-347-thread-1] INFO  metrics.RatisMetrics (RatisMetrics.java:lambda$create$0(36)) - Creating Metrics Registry : ratis.server.1f92ab39-7028-4d7a-b43e-fc630492ec6f@group-AC688C852745
2020-08-03 13:24:01,130 [pool-347-thread-1] INFO  impl.RaftServerImpl (RaftServerImpl.java:start(196)) - 1f92ab39-7028-4d7a-b43e-fc630492ec6f@group-AC688C852745: start as a follower, conf=-1: [ec3eb439-3e1f-444b-933e-76c1f64dd6e5:172.17.0.2:40825, 5328ae2d-dffa-4840-b00a-ab3fd52ea77e:172.17.0.2:38393, 1f92ab39-7028-4d7a-b43e-fc630492ec6f:172.17.0.2:38387], old=null
2020-08-03 13:24:01,130 [pool-347-thread-1] INFO  impl.RaftServerImpl (RaftServerImpl.java:setRole(185)) - 1f92ab39-7028-4d7a-b43e-fc630492ec6f@group-AC688C852745: changes role from      null to FOLLOWER at term 0 for startAsFollower
2020-08-03 13:24:01,130 [pool-347-thread-1] INFO  impl.RoleInfo (RoleInfo.java:updateAndGet(143)) - 1f92ab39-7028-4d7a-b43e-fc630492ec6f: start FollowerState
2020-08-03 13:24:01,131 [pool-347-thread-1] INFO  util.JmxRegister (JmxRegister.java:tryRegister(44)) - Successfully registered JMX Bean with object name Ratis:service=RaftServer,group=group-AC688C852745,id=1f92ab39-7028-4d7a-b43e-fc630492ec6f
2020-08-03 13:24:01,131 [pool-347-thread-1] INFO  metrics.RatisMetrics (RatisMetrics.java:lambda$create$0(36)) - Creating Metrics Registry : ratis.state_machine.1f92ab39-7028-4d7a-b43e-fc630492ec6f@group-AC688C852745
2020-08-03 13:24:01,135 [Command processor thread] INFO  commandhandler.CreatePipelineCommandHandler (CreatePipelineCommandHandler.java:handle(110)) - Created Pipeline RATIS THREE #id: "4bc7c7b2-436c-43b4-baf6-ac688c852745"
uuid128 {
  mostSigBits: 5460552641659290548
  leastSigBits: -4974599173350021307
}
.
2020-08-03 13:24:01,491 [Datanode State Machine Thread - 0] INFO  statemachine.DatanodeStateMachine (DatanodeStateMachine.java:lambda$startDaemon$0(406)) - Ozone container server started.
2020-08-03 13:24:02,005 [Command processor thread] WARN  impl.RaftServerProxy (RaftServerProxy.java:remove(95)) - 1f92ab39-7028-4d7a-b43e-fc630492ec6f: does not contain group: group-76977C293D21
2020-08-03 13:24:02,005 [Command processor thread] ERROR commandhandler.ClosePipelineCommandHandler (ClosePipelineCommandHandler.java:handle(81)) - Can't close pipeline #id: "df8875c0-a74b-4e9b-9cc2-76977c293d21"
uuid128 {
  mostSigBits: -2339490536118071653
  leastSigBits: -7151022865315709663
}

java.io.IOException: 1f92ab39-7028-4d7a-b43e-fc630492ec6f: Group group-76977C293D21 not found.
	at org.apache.hadoop.ozone.container.common.transport.server.ratis.XceiverServerRatis.removeGroup(XceiverServerRatis.java:742)
	at org.apache.hadoop.ozone.container.common.statemachine.commandhandler.ClosePipelineCommandHandler.handle(ClosePipelineCommandHandler.java:77)
	at org.apache.hadoop.ozone.container.common.statemachine.commandhandler.CommandDispatcher.handle(CommandDispatcher.java:99)
	at org.apache.hadoop.ozone.container.common.statemachine.DatanodeStateMachine.lambda$initCommandHandlerThread$1(DatanodeStateMachine.java:491)
	at java.lang.Thread.run(Thread.java:748)
Caused by: org.apache.ratis.protocol.GroupMismatchException: 1f92ab39-7028-4d7a-b43e-fc630492ec6f: Group group-76977C293D21 not found.
	at org.apache.ratis.server.impl.RaftServerProxy.groupRemoveAsync(RaftServerProxy.java:414)
	at org.apache.ratis.server.impl.RaftServerProxy.groupManagementAsync(RaftServerProxy.java:372)
	at org.apache.ratis.server.impl.RaftServerProxy.groupManagement(RaftServerProxy.java:355)
	at org.apache.hadoop.ozone.container.common.transport.server.ratis.XceiverServerRatis.removeGroup(XceiverServerRatis.java:740)
	... 4 more
2020-08-03 13:24:02,062 [Datanode State Machine Thread - 0] INFO  statemachine.DatanodeStateMachine (DatanodeStateMachine.java:lambda$startDaemon$0(406)) - Ozone container server started.
2020-08-03 13:24:03,020 [EventQueue-Delayed safe mode statusForReplicationManager] INFO  container.ReplicationManager (ReplicationManager.java:start(177)) - Starting Replication Monitor Thread.
2020-08-03 13:24:03,023 [ReplicationMonitor] INFO  container.ReplicationManager (ReplicationManager.java:forceCloseContainer(494)) - Force closing container #1 with BCSID 0, which is in QUASI_CLOSED state.
2020-08-03 13:24:03,024 [ReplicationMonitor] INFO  container.ReplicationManager (ReplicationManager.java:sendCloseCommand(783)) - Sending close container command for container #1 to datanode 1f92ab39-7028-4d7a-b43e-fc630492ec6f{ip: 172.17.0.2, host: 21919eb6eecd, networkLocation: /default-rack, certSerialId: null}.
2020-08-03 13:24:03,024 [ReplicationMonitor] INFO  container.ReplicationManager (ReplicationManager.java:sendCloseCommand(783)) - Sending close container command for container #1 to datanode ec3eb439-3e1f-444b-933e-76c1f64dd6e5{ip: 172.17.0.2, host: 21919eb6eecd, networkLocation: /default-rack, certSerialId: null}.
2020-08-03 13:24:03,024 [ReplicationMonitor] INFO  container.ReplicationManager (ReplicationManager.java:sendCloseCommand(783)) - Sending close container command for container #1 to datanode 5328ae2d-dffa-4840-b00a-ab3fd52ea77e{ip: 172.17.0.2, host: 21919eb6eecd, networkLocation: /default-rack, certSerialId: null}.
2020-08-03 13:24:03,024 [ReplicationMonitor] INFO  container.ReplicationManager (ReplicationManager.java:run(241)) - Replication Monitor Thread took 3 milliseconds for processing 1 containers.
2020-08-03 13:24:05,024 [Command processor thread] INFO  interfaces.Container (KeyValueContainer.java:flushAndSyncDB(382)) - Container 1 is synced with bcsId 0.
2020-08-03 13:24:05,024 [Command processor thread] INFO  interfaces.Container (KeyValueContainer.java:flushAndSyncDB(382)) - Container 1 is synced with bcsId 0.
2020-08-03 13:24:05,028 [Command processor thread] INFO  interfaces.Container (KeyValueContainer.java:close(320)) - Container 1 is closed with bcsId 0.
2020-08-03 13:24:05,028 [Datanode State Machine Thread - 0] WARN  statemachine.DatanodeStateMachine (DatanodeStateMachine.java:start(245)) - Interrupt the execution.
java.lang.InterruptedException: sleep interrupted
	at java.lang.Thread.sleep(Native Method)
	at org.apache.hadoop.ozone.container.common.statemachine.DatanodeStateMachine.start(DatanodeStateMachine.java:243)
	at org.apache.hadoop.ozone.container.common.statemachine.DatanodeStateMachine.lambda$startDaemon$0(DatanodeStateMachine.java:405)
	at java.lang.Thread.run(Thread.java:748)
2020-08-03 13:24:05,029 [EventQueue-IncrementalContainerReportForIncrementalContainerReportHandler] INFO  container.IncrementalContainerReportHandler (AbstractContainerReportHandler.java:updateContainerState(197)) - Moving container #1 to CLOSED state, datanode 5328ae2d-dffa-4840-b00a-ab3fd52ea77e{ip: 172.17.0.2, host: 21919eb6eecd, networkLocation: /default-rack, certSerialId: null} reported CLOSED replica.
2020-08-03 13:24:05,128 [Command processor thread] INFO  interfaces.Container (KeyValueContainer.java:flushAndSyncDB(382)) - Container 1 is synced with bcsId 0.
2020-08-03 13:24:05,128 [Command processor thread] INFO  interfaces.Container (KeyValueContainer.java:flushAndSyncDB(382)) - Container 1 is synced with bcsId 0.
2020-08-03 13:24:05,131 [Command processor thread] INFO  interfaces.Container (KeyValueContainer.java:close(320)) - Container 1 is closed with bcsId 0.
2020-08-03 13:24:05,132 [Datanode State Machine Thread - 0] WARN  statemachine.DatanodeStateMachine (DatanodeStateMachine.java:start(245)) - Interrupt the execution.
java.lang.InterruptedException: sleep interrupted
	at java.lang.Thread.sleep(Native Method)
	at org.apache.hadoop.ozone.container.common.statemachine.DatanodeStateMachine.start(DatanodeStateMachine.java:243)
	at org.apache.hadoop.ozone.container.common.statemachine.DatanodeStateMachine.lambda$startDaemon$0(DatanodeStateMachine.java:405)
	at java.lang.Thread.run(Thread.java:748)
2020-08-03 13:24:06,065 [Thread-1375] INFO  impl.FollowerState (FollowerState.java:run(108)) - 5328ae2d-dffa-4840-b00a-ab3fd52ea77e@group-AC688C852745-FollowerState: change to CANDIDATE, lastRpcTime:5025ms, electionTimeout:5024ms
2020-08-03 13:24:06,065 [Thread-1375] INFO  impl.RoleInfo (RoleInfo.java:shutdownFollowerState(121)) - 5328ae2d-dffa-4840-b00a-ab3fd52ea77e: shutdown FollowerState
2020-08-03 13:24:06,065 [Thread-1375] INFO  impl.RaftServerImpl (RaftServerImpl.java:setRole(185)) - 5328ae2d-dffa-4840-b00a-ab3fd52ea77e@group-AC688C852745: changes role from  FOLLOWER to CANDIDATE at term 0 for changeToCandidate
2020-08-03 13:24:06,065 [Thread-1375] INFO  impl.RoleInfo (RoleInfo.java:updateAndGet(143)) - 5328ae2d-dffa-4840-b00a-ab3fd52ea77e: start LeaderElection
2020-08-03 13:24:06,069 [5328ae2d-dffa-4840-b00a-ab3fd52ea77e@group-AC688C852745-LeaderElection45] INFO  impl.LeaderElection (LeaderElection.java:askForVotes(209)) - 5328ae2d-dffa-4840-b00a-ab3fd52ea77e@group-AC688C852745-LeaderElection45: begin an election at term 1 for -1: [ec3eb439-3e1f-444b-933e-76c1f64dd6e5:172.17.0.2:40825, 5328ae2d-dffa-4840-b00a-ab3fd52ea77e:172.17.0.2:38393, 1f92ab39-7028-4d7a-b43e-fc630492ec6f:172.17.0.2:38387], old=null
2020-08-03 13:24:06,086 [grpc-default-executor-4] INFO  impl.RaftServerImpl (RaftServerImpl.java:setRole(185)) - ec3eb439-3e1f-444b-933e-76c1f64dd6e5@group-AC688C852745: changes role from  FOLLOWER to FOLLOWER at term 1 for recognizeCandidate:5328ae2d-dffa-4840-b00a-ab3fd52ea77e
2020-08-03 13:24:06,086 [grpc-default-executor-4] INFO  impl.RoleInfo (RoleInfo.java:shutdownFollowerState(121)) - ec3eb439-3e1f-444b-933e-76c1f64dd6e5: shutdown FollowerState
2020-08-03 13:24:06,086 [grpc-default-executor-4] INFO  impl.RoleInfo (RoleInfo.java:updateAndGet(143)) - ec3eb439-3e1f-444b-933e-76c1f64dd6e5: start FollowerState
2020-08-03 13:24:06,087 [Thread-1377] INFO  impl.FollowerState (FollowerState.java:run(117)) - ec3eb439-3e1f-444b-933e-76c1f64dd6e5@group-AC688C852745-FollowerState was interrupted: java.lang.InterruptedException: sleep interrupted
2020-08-03 13:24:06,092 [grpc-default-executor-0] INFO  impl.RaftServerImpl (RaftServerImpl.java:setRole(185)) - 1f92ab39-7028-4d7a-b43e-fc630492ec6f@group-AC688C852745: changes role from  FOLLOWER to FOLLOWER at term 1 for recognizeCandidate:5328ae2d-dffa-4840-b00a-ab3fd52ea77e
2020-08-03 13:24:06,092 [grpc-default-executor-0] INFO  impl.RoleInfo (RoleInfo.java:shutdownFollowerState(121)) - 1f92ab39-7028-4d7a-b43e-fc630492ec6f: shutdown FollowerState
2020-08-03 13:24:06,092 [grpc-default-executor-0] INFO  impl.RoleInfo (RoleInfo.java:updateAndGet(143)) - 1f92ab39-7028-4d7a-b43e-fc630492ec6f: start FollowerState
2020-08-03 13:24:06,092 [Thread-1380] INFO  impl.FollowerState (FollowerState.java:run(117)) - 1f92ab39-7028-4d7a-b43e-fc630492ec6f@group-AC688C852745-FollowerState was interrupted: java.lang.InterruptedException: sleep interrupted
2020-08-03 13:24:06,093 [Listener at 127.0.0.1/37329] INFO  ozoneimpl.OzoneContainer (OzoneContainer.java:stop(259)) - Attempting to stop container services.
2020-08-03 13:24:06,094 [ForkJoinPool.commonPool-worker-0] INFO  ozoneimpl.OzoneContainer (OzoneContainer.java:stop(259)) - Attempting to stop container services.
2020-08-03 13:24:06,094 [ForkJoinPool.commonPool-worker-0] INFO  impl.RaftServerProxy (RaftServerProxy.java:lambda$close$4(319)) - ec3eb439-3e1f-444b-933e-76c1f64dd6e5: close
2020-08-03 13:24:06,094 [5328ae2d-dffa-4840-b00a-ab3fd52ea77e@group-AC688C852745-LeaderElection45] INFO  impl.LeaderElection (LeaderElection.java:logAndReturn(61)) - 5328ae2d-dffa-4840-b00a-ab3fd52ea77e@group-AC688C852745-LeaderElection45: Election PASSED; received 1 response(s) [5328ae2d-dffa-4840-b00a-ab3fd52ea77e<-ec3eb439-3e1f-444b-933e-76c1f64dd6e5#0:OK-t1] and 0 exception(s); 5328ae2d-dffa-4840-b00a-ab3fd52ea77e@group-AC688C852745:t1, leader=null, voted=5328ae2d-dffa-4840-b00a-ab3fd52ea77e, raftlog=5328ae2d-dffa-4840-b00a-ab3fd52ea77e@group-AC688C852745-SegmentedRaftLog:OPENED:c-1,f-1,i0, conf=-1: [ec3eb439-3e1f-444b-933e-76c1f64dd6e5:172.17.0.2:40825, 5328ae2d-dffa-4840-b00a-ab3fd52ea77e:172.17.0.2:38393, 1f92ab39-7028-4d7a-b43e-fc630492ec6f:172.17.0.2:38387], old=null
2020-08-03 13:24:06,094 [Listener at 127.0.0.1/37329] INFO  impl.RaftServerProxy (RaftServerProxy.java:lambda$close$4(319)) - fdbc600f-3b5f-4aad-829a-89e7c71c96d8: close
2020-08-03 13:24:06,095 [Listener at 127.0.0.1/37329] INFO  impl.RaftServerImpl (RaftServerImpl.java:lambda$shutdown$3(263)) - fdbc600f-3b5f-4aad-829a-89e7c71c96d8@group-EFA63FAA243A: shutdown
2020-08-03 13:24:06,096 [Listener at 127.0.0.1/37329] INFO  util.JmxRegister (JmxRegister.java:unregister(73)) - Successfully un-registered JMX Bean with object name Ratis:service=RaftServer,group=group-EFA63FAA243A,id=fdbc600f-3b5f-4aad-829a-89e7c71c96d8
2020-08-03 13:24:06,096 [Listener at 127.0.0.1/37329] INFO  impl.RoleInfo (RoleInfo.java:shutdownLeaderState(104)) - fdbc600f-3b5f-4aad-829a-89e7c71c96d8: shutdown LeaderState
2020-08-03 13:24:06,096 [Listener at 127.0.0.1/37329] INFO  impl.PendingRequests (PendingRequests.java:sendNotLeaderResponses(249)) - fdbc600f-3b5f-4aad-829a-89e7c71c96d8@group-EFA63FAA243A-PendingRequests: sendNotLeaderResponses
2020-08-03 13:24:06,096 [Listener at 127.0.0.1/37329] INFO  metrics.RatisMetrics (RatisMetrics.java:unregister(43)) - Unregistering Metrics Registry : ratis.log_appender.fdbc600f-3b5f-4aad-829a-89e7c71c96d8@group-EFA63FAA243A
2020-08-03 13:24:06,096 [Listener at 127.0.0.1/37329] INFO  metrics.RatisMetrics (RatisMetrics.java:unregister(43)) - Unregistering Metrics Registry : ratis.server.fdbc600f-3b5f-4aad-829a-89e7c71c96d8@group-EFA63FAA243A
2020-08-03 13:24:06,097 [Listener at 127.0.0.1/37329] INFO  impl.StateMachineUpdater (StateMachineUpdater.java:stopAndJoin(142)) - fdbc600f-3b5f-4aad-829a-89e7c71c96d8@group-EFA63FAA243A-StateMachineUpdater: set stopIndex = 0
2020-08-03 13:24:06,094 [ForkJoinPool.commonPool-worker-0] INFO  impl.RaftServerImpl (RaftServerImpl.java:lambda$shutdown$3(263)) - ec3eb439-3e1f-444b-933e-76c1f64dd6e5@group-04815E802AF4: shutdown
2020-08-03 13:24:06,103 [ForkJoinPool.commonPool-worker-0] INFO  util.JmxRegister (JmxRegister.java:unregister(73)) - Successfully un-registered JMX Bean with object name Ratis:service=RaftServer,group=group-04815E802AF4,id=ec3eb439-3e1f-444b-933e-76c1f64dd6e5
2020-08-03 13:24:06,097 [fdbc600f-3b5f-4aad-829a-89e7c71c96d8@group-EFA63FAA243A-StateMachineUpdater] INFO  ratis.ContainerStateMachine (ContainerStateMachine.java:takeSnapshot(293)) - group-EFA63FAA243A: Taking a snapshot at:(t:1, i:0) file /github/workspace/mnt/ozone/hadoop-ozone/integration-test/target/test-dir/MiniOzoneClusterImpl-7e68a8b4-1ba8-49bf-9ad5-192f3c798a38/datanode-4/data/ratis/b48c2cff-d3c3-4aea-8caa-efa63faa243a/sm/snapshot.1_0
2020-08-03 13:24:06,095 [5328ae2d-dffa-4840-b00a-ab3fd52ea77e@group-AC688C852745-LeaderElection45] INFO  impl.RoleInfo (RoleInfo.java:shutdownLeaderElection(134)) - 5328ae2d-dffa-4840-b00a-ab3fd52ea77e: shutdown LeaderElection
2020-08-03 13:24:06,103 [5328ae2d-dffa-4840-b00a-ab3fd52ea77e@group-AC688C852745-LeaderElection45] INFO  impl.RaftServerImpl (RaftServerImpl.java:setRole(185)) - 5328ae2d-dffa-4840-b00a-ab3fd52ea77e@group-AC688C852745: changes role from CANDIDATE to LEADER at term 1 for changeToLeader
2020-08-03 13:24:06,103 [5328ae2d-dffa-4840-b00a-ab3fd52ea77e@group-AC688C852745-LeaderElection45] INFO  ratis.XceiverServerRatis (XceiverServerRatis.java:handleLeaderChangedNotification(822)) - Leader change notification received for group: group-AC688C852745 with new leaderId: 5328ae2d-dffa-4840-b00a-ab3fd52ea77e
2020-08-03 13:24:06,104 [5328ae2d-dffa-4840-b00a-ab3fd52ea77e@group-AC688C852745-LeaderElection45] INFO  impl.RaftServerImpl (ServerState.java:setLeader(255)) - 5328ae2d-dffa-4840-b00a-ab3fd52ea77e@group-AC688C852745: change Leader from null to 5328ae2d-dffa-4840-b00a-ab3fd52ea77e at term 1 for becomeLeader, leader elected after 5084ms
2020-08-03 13:24:06,104 [5328ae2d-dffa-4840-b00a-ab3fd52ea77e@group-AC688C852745-LeaderElection45] INFO  server.RaftServerConfigKeys (ConfUtils.java:logGet(44)) - raft.server.staging.catchup.gap = 1000 (default)
2020-08-03 13:24:06,104 [5328ae2d-dffa-4840-b00a-ab3fd52ea77e@group-AC688C852745-LeaderElection45] INFO  server.RaftServerConfigKeys (ConfUtils.java:logGet(44)) - raft.server.rpc.sleep.time = 25ms (default)
2020-08-03 13:24:06,104 [5328ae2d-dffa-4840-b00a-ab3fd52ea77e@group-AC688C852745-LeaderElection45] INFO  metrics.RatisMetrics (RatisMetrics.java:lambda$create$0(36)) - Creating Metrics Registry : ratis.log_appender.5328ae2d-dffa-4840-b00a-ab3fd52ea77e@group-AC688C852745
2020-08-03 13:24:06,104 [5328ae2d-dffa-4840-b00a-ab3fd52ea77e@group-AC688C852745-LeaderElection45] INFO  server.RaftServerConfigKeys (ConfUtils.java:logGet(44)) - raft.server.write.element-limit = 1024 (custom)
2020-08-03 13:24:06,104 [5328ae2d-dffa-4840-b00a-ab3fd52ea77e@group-AC688C852745-LeaderElection45] INFO  server.RaftServerConfigKeys (ConfUtils.java:logGet(44)) - raft.server.write.byte-limit = 1073741824 (custom)
2020-08-03 13:24:06,105 [5328ae2d-dffa-4840-b00a-ab3fd52ea77e@group-AC688C852745-LeaderElection45] INFO  server.RaftServerConfigKeys (ConfUtils.java:logGet(44)) - raft.server.watch.timeout = 3000ms (custom)
2020-08-03 13:24:06,105 [5328ae2d-dffa-4840-b00a-ab3fd52ea77e@group-AC688C852745-LeaderElection45] INFO  server.RaftServerConfigKeys (ConfUtils.java:logGet(44)) - raft.server.watch.timeout.denomination = 1s (default)
2020-08-03 13:24:06,105 [5328ae2d-dffa-4840-b00a-ab3fd52ea77e@group-AC688C852745-LeaderElection45] INFO  server.RaftServerConfigKeys (ConfUtils.java:logGet(44)) - raft.server.watch.element-limit = 65536 (default)
2020-08-03 13:24:06,105 [5328ae2d-dffa-4840-b00a-ab3fd52ea77e@group-AC688C852745-LeaderElection45] INFO  server.RaftServerConfigKeys (ConfUtils.java:logGet(44)) - raft.server.log.appender.snapshot.chunk.size.max = 16MB (=16777216) (default)
2020-08-03 13:24:06,105 [5328ae2d-dffa-4840-b00a-ab3fd52ea77e@group-AC688C852745-LeaderElection45] INFO  server.RaftServerConfigKeys (ConfUtils.java:logGet(44)) - raft.server.log.appender.buffer.byte-limit = 33554432 (custom)
2020-08-03 13:24:06,105 [5328ae2d-dffa-4840-b00a-ab3fd52ea77e@group-AC688C852745-LeaderElection45] INFO  server.RaftServerConfigKeys (ConfUtils.java:logGet(44)) - raft.server.log.appender.buffer.element-limit = 1 (custom)
2020-08-03 13:24:06,105 [5328ae2d-dffa-4840-b00a-ab3fd52ea77e@group-AC688C852745-LeaderElection45] INFO  grpc.GrpcConfigKeys (ConfUtils.java:logGet(44)) - raft.grpc.server.leader.outstanding.appends.max = 128 (default)
2020-08-03 13:24:06,105 [5328ae2d-dffa-4840-b00a-ab3fd52ea77e@group-AC688C852745-LeaderElection45] INFO  server.RaftServerConfigKeys (ConfUtils.java:logGet(44)) - raft.server.rpc.request.timeout = 3000ms (default)
2020-08-03 13:24:06,105 [5328ae2d-dffa-4840-b00a-ab3fd52ea77e@group-AC688C852745-LeaderElection45] INFO  server.RaftServerConfigKeys (ConfUtils.java:logGet(44)) - raft.server.log.appender.install.snapshot.enabled = false (custom)
2020-08-03 13:24:06,105 [5328ae2d-dffa-4840-b00a-ab3fd52ea77e@group-AC688C852745-LeaderElection45] INFO  metrics.RatisMetrics (RatisMetrics.java:lambda$create$0(36)) - Creating Metrics Registry : ratis_grpc.log_appender.5328ae2d-dffa-4840-b00a-ab3fd52ea77e@group-AC688C852745
2020-08-03 13:24:06,107 [5328ae2d-dffa-4840-b00a-ab3fd52ea77e@group-AC688C852745-LeaderElection45] INFO  server.RaftServerConfigKeys (ConfUtils.java:logGet(44)) - raft.server.log.appender.snapshot.chunk.size.max = 16MB (=16777216) (default)
2020-08-03 13:24:06,107 [5328ae2d-dffa-4840-b00a-ab3fd52ea77e@group-AC688C852745-LeaderElection45] INFO  server.RaftServerConfigKeys (ConfUtils.java:logGet(44)) - raft.server.log.appender.buffer.byte-limit = 33554432 (custom)
2020-08-03 13:24:06,107 [5328ae2d-dffa-4840-b00a-ab3fd52ea77e@group-AC688C852745-LeaderElection45] INFO  server.RaftServerConfigKeys (ConfUtils.java:logGet(44)) - raft.server.log.appender.buffer.element-limit = 1 (custom)
2020-08-03 13:24:06,107 [5328ae2d-dffa-4840-b00a-ab3fd52ea77e@group-AC688C852745-LeaderElection45] INFO  grpc.GrpcConfigKeys (ConfUtils.java:logGet(44)) - raft.grpc.server.leader.outstanding.appends.max = 128 (default)
2020-08-03 13:24:06,107 [5328ae2d-dffa-4840-b00a-ab3fd52ea77e@group-AC688C852745-LeaderElection45] INFO  server.RaftServerConfigKeys (ConfUtils.java:logGet(44)) - raft.server.rpc.request.timeout = 3000ms (default)
2020-08-03 13:24:06,107 [5328ae2d-dffa-4840-b00a-ab3fd52ea77e@group-AC688C852745-LeaderElection45] INFO  server.RaftServerConfigKeys (ConfUtils.java:logGet(44)) - raft.server.log.appender.install.snapshot.enabled = false (custom)
2020-08-03 13:24:06,108 [5328ae2d-dffa-4840-b00a-ab3fd52ea77e@group-AC688C852745-LeaderElection45] INFO  impl.RoleInfo (RoleInfo.java:updateAndGet(143)) - 5328ae2d-dffa-4840-b00a-ab3fd52ea77e: start LeaderState
2020-08-03 13:24:06,109 [5328ae2d-dffa-4840-b00a-ab3fd52ea77e@group-AC688C852745-LeaderElection45] INFO  segmented.SegmentedRaftLogWorker (SegmentedRaftLogWorker.java:startLogSegment(397)) - 5328ae2d-dffa-4840-b00a-ab3fd52ea77e@group-AC688C852745-SegmentedRaftLogWorker: Starting segment from index:0
2020-08-03 13:24:06,103 [ForkJoinPool.commonPool-worker-0] INFO  impl.RoleInfo (RoleInfo.java:shutdownLeaderState(104)) - ec3eb439-3e1f-444b-933e-76c1f64dd6e5: shutdown LeaderState
2020-08-03 13:24:06,113 [ForkJoinPool.commonPool-worker-0] INFO  impl.PendingRequests (PendingRequests.java:sendNotLeaderResponses(249)) - ec3eb439-3e1f-444b-933e-76c1f64dd6e5@group-04815E802AF4-PendingRequests: sendNotLeaderResponses
2020-08-03 13:24:06,114 [ForkJoinPool.commonPool-worker-0] INFO  metrics.RatisMetrics (RatisMetrics.java:unregister(43)) - Unregistering Metrics Registry : ratis.log_appender.ec3eb439-3e1f-444b-933e-76c1f64dd6e5@group-04815E802AF4
2020-08-03 13:24:06,114 [ForkJoinPool.commonPool-worker-0] INFO  metrics.RatisMetrics (RatisMetrics.java:unregister(43)) - Unregistering Metrics Registry : ratis.server.ec3eb439-3e1f-444b-933e-76c1f64dd6e5@group-04815E802AF4
2020-08-03 13:24:06,114 [ForkJoinPool.commonPool-worker-0] INFO  impl.StateMachineUpdater (StateMachineUpdater.java:stopAndJoin(142)) - ec3eb439-3e1f-444b-933e-76c1f64dd6e5@group-04815E802AF4-StateMachineUpdater: set stopIndex = 0
2020-08-03 13:24:06,114 [ec3eb439-3e1f-444b-933e-76c1f64dd6e5@group-04815E802AF4-StateMachineUpdater] INFO  ratis.ContainerStateMachine (ContainerStateMachine.java:takeSnapshot(293)) - group-04815E802AF4: Taking a snapshot at:(t:1, i:0) file /github/workspace/mnt/ozone/hadoop-ozone/integration-test/target/test-dir/MiniOzoneClusterImpl-7e68a8b4-1ba8-49bf-9ad5-192f3c798a38/datanode-2/data/ratis/730fdb49-a755-4b42-b737-04815e802af4/sm/snapshot.1_0
2020-08-03 13:24:06,104 [fdbc600f-3b5f-4aad-829a-89e7c71c96d8@group-EFA63FAA243A-StateMachineUpdater] INFO  ratis.ContainerStateMachine (ContainerStateMachine.java:takeSnapshot(304)) - group-EFA63FAA243A: Finished taking a snapshot at:(t:1, i:0) file:/github/workspace/mnt/ozone/hadoop-ozone/integration-test/target/test-dir/MiniOzoneClusterImpl-7e68a8b4-1ba8-49bf-9ad5-192f3c798a38/datanode-4/data/ratis/b48c2cff-d3c3-4aea-8caa-efa63faa243a/sm/snapshot.1_0 time:7
2020-08-03 13:24:06,115 [fdbc600f-3b5f-4aad-829a-89e7c71c96d8@group-EFA63FAA243A-StateMachineUpdater] INFO  impl.StateMachineUpdater (StateMachineUpdater.java:takeSnapshot(277)) - fdbc600f-3b5f-4aad-829a-89e7c71c96d8@group-EFA63FAA243A-StateMachineUpdater: Took a snapshot at index 0
2020-08-03 13:24:06,115 [fdbc600f-3b5f-4aad-829a-89e7c71c96d8@group-EFA63FAA243A-StateMachineUpdater] INFO  impl.StateMachineUpdater (StateMachineUpdater.java:lambda$new$0(87)) - fdbc600f-3b5f-4aad-829a-89e7c71c96d8@group-EFA63FAA243A-StateMachineUpdater: snapshotIndex: updateIncreasingly -1 -> 0
2020-08-03 13:24:06,115 [fdbc600f-3b5f-4aad-829a-89e7c71c96d8@group-EFA63FAA243A-StateMachineUpdater] INFO  metrics.RatisMetrics (RatisMetrics.java:unregister(43)) - Unregistering Metrics Registry : ratis.state_machine.fdbc600f-3b5f-4aad-829a-89e7c71c96d8@group-EFA63FAA243A
2020-08-03 13:24:06,104 [Datanode State Machine Thread - 0] WARN  statemachine.DatanodeStateMachine (DatanodeStateMachine.java:start(245)) - Interrupt the execution.
java.lang.InterruptedException: sleep interrupted
	at java.lang.Thread.sleep(Native Method)
	at org.apache.hadoop.ozone.container.common.statemachine.DatanodeStateMachine.start(DatanodeStateMachine.java:243)
	at org.apache.hadoop.ozone.container.common.statemachine.DatanodeStateMachine.lambda$startDaemon$0(DatanodeStateMachine.java:405)
	at java.lang.Thread.run(Thread.java:748)
2020-08-03 13:24:06,115 [Listener at 127.0.0.1/37329] INFO  impl.RaftServerImpl (ServerState.java:close(387)) - fdbc600f-3b5f-4aad-829a-89e7c71c96d8@group-EFA63FAA243A: closes. applyIndex: 0
2020-08-03 13:24:06,116 [ec3eb439-3e1f-444b-933e-76c1f64dd6e5@group-04815E802AF4-StateMachineUpdater] INFO  ratis.ContainerStateMachine (ContainerStateMachine.java:takeSnapshot(304)) - group-04815E802AF4: Finished taking a snapshot at:(t:1, i:0) file:/github/workspace/mnt/ozone/hadoop-ozone/integration-test/target/test-dir/MiniOzoneClusterImpl-7e68a8b4-1ba8-49bf-9ad5-192f3c798a38/datanode-2/data/ratis/730fdb49-a755-4b42-b737-04815e802af4/sm/snapshot.1_0 time:1
2020-08-03 13:24:06,116 [ec3eb439-3e1f-444b-933e-76c1f64dd6e5@group-04815E802AF4-StateMachineUpdater] INFO  impl.StateMachineUpdater (StateMachineUpdater.java:takeSnapshot(277)) - ec3eb439-3e1f-444b-933e-76c1f64dd6e5@group-04815E802AF4-StateMachineUpdater: Took a snapshot at index 0
2020-08-03 13:24:06,116 [ec3eb439-3e1f-444b-933e-76c1f64dd6e5@group-04815E802AF4-StateMachineUpdater] INFO  impl.StateMachineUpdater (StateMachineUpdater.java:lambda$new$0(87)) - ec3eb439-3e1f-444b-933e-76c1f64dd6e5@group-04815E802AF4-StateMachineUpdater: snapshotIndex: updateIncreasingly -1 -> 0
2020-08-03 13:24:06,116 [EventQueue-PipelineReportForPipelineReportHandler] INFO  pipeline.PipelineStateManager (PipelineStateManager.java:openPipeline(131)) - Pipeline Pipeline[ Id: 4bc7c7b2-436c-43b4-baf6-ac688c852745, Nodes: ec3eb439-3e1f-444b-933e-76c1f64dd6e5{ip: 172.17.0.2, host: 21919eb6eecd, networkLocation: /default-rack, certSerialId: null}1f92ab39-7028-4d7a-b43e-fc630492ec6f{ip: 172.17.0.2, host: 21919eb6eecd, networkLocation: /default-rack, certSerialId: null}5328ae2d-dffa-4840-b00a-ab3fd52ea77e{ip: 172.17.0.2, host: 21919eb6eecd, networkLocation: /default-rack, certSerialId: null}, Type:RATIS, Factor:THREE, State:ALLOCATED, leaderId:5328ae2d-dffa-4840-b00a-ab3fd52ea77e, CreationTimestamp2020-08-03T13:24:00.967Z] moved to OPEN state
2020-08-03 13:24:06,116 [ec3eb439-3e1f-444b-933e-76c1f64dd6e5@group-04815E802AF4-StateMachineUpdater] INFO  metrics.RatisMetrics (RatisMetrics.java:unregister(43)) - Unregistering Metrics Registry : ratis.state_machine.ec3eb439-3e1f-444b-933e-76c1f64dd6e5@group-04815E802AF4
2020-08-03 13:24:06,116 [ForkJoinPool.commonPool-worker-0] INFO  impl.RaftServerImpl (ServerState.java:close(387)) - ec3eb439-3e1f-444b-933e-76c1f64dd6e5@group-04815E802AF4: closes. applyIndex: 0
2020-08-03 13:24:06,124 [fdbc600f-3b5f-4aad-829a-89e7c71c96d8@group-EFA63FAA243A-SegmentedRaftLogWorker] INFO  segmented.SegmentedRaftLogWorker (SegmentedRaftLogWorker.java:run(327)) - fdbc600f-3b5f-4aad-829a-89e7c71c96d8@group-EFA63FAA243A-SegmentedRaftLogWorker was interrupted, exiting. There are 0 tasks remaining in the queue.
2020-08-03 13:24:06,124 [ec3eb439-3e1f-444b-933e-76c1f64dd6e5@group-04815E802AF4-SegmentedRaftLogWorker] INFO  segmented.SegmentedRaftLogWorker (SegmentedRaftLogWorker.java:run(327)) - ec3eb439-3e1f-444b-933e-76c1f64dd6e5@group-04815E802AF4-SegmentedRaftLogWorker was interrupted, exiting. There are 0 tasks remaining in the queue.
2020-08-03 13:24:06,122 [5328ae2d-dffa-4840-b00a-ab3fd52ea77e@group-AC688C852745-LeaderElection45] INFO  impl.RaftServerImpl (ServerState.java:setRaftConf(356)) - 5328ae2d-dffa-4840-b00a-ab3fd52ea77e@group-AC688C852745: set configuration 0: [ec3eb439-3e1f-444b-933e-76c1f64dd6e5:172.17.0.2:40825, 5328ae2d-dffa-4840-b00a-ab3fd52ea77e:172.17.0.2:38393, 1f92ab39-7028-4d7a-b43e-fc630492ec6f:172.17.0.2:38387], old=null at 0
2020-08-03 13:24:06,128 [5328ae2d-dffa-4840-b00a-ab3fd52ea77e@group-AC688C852745-SegmentedRaftLogWorker] INFO  segmented.SegmentedRaftLogWorker (SegmentedRaftLogWorker.java:execute(596)) - 5328ae2d-dffa-4840-b00a-ab3fd52ea77e@group-AC688C852745-SegmentedRaftLogWorker: created new log segment /github/workspace/mnt/ozone/hadoop-ozone/integration-test/target/test-dir/MiniOzoneClusterImpl-7e68a8b4-1ba8-49bf-9ad5-192f3c798a38/datanode-1/data/ratis/4bc7c7b2-436c-43b4-baf6-ac688c852745/current/log_inprogress_0
2020-08-03 13:24:06,124 [Listener at 127.0.0.1/37329] INFO  segmented.SegmentedRaftLogWorker (SegmentedRaftLogWorker.java:close(234)) - fdbc600f-3b5f-4aad-829a-89e7c71c96d8@group-EFA63FAA243A-SegmentedRaftLogWorker close()
2020-08-03 13:24:06,142 [ForkJoinPool.commonPool-worker-0] INFO  segmented.SegmentedRaftLogWorker (SegmentedRaftLogWorker.java:close(234)) - ec3eb439-3e1f-444b-933e-76c1f64dd6e5@group-04815E802AF4-SegmentedRaftLogWorker close()
2020-08-03 13:24:06,143 [Listener at 127.0.0.1/37329] INFO  metrics.RatisMetrics (RatisMetrics.java:unregister(43)) - Unregistering Metrics Registry : ratis.log_worker.fdbc600f-3b5f-4aad-829a-89e7c71c96d8@group-EFA63FAA243A
2020-08-03 13:24:06,144 [Listener at 127.0.0.1/37329] INFO  metrics.RatisMetrics (RatisMetrics.java:unregister(43)) - Unregistering Metrics Registry : ratis.leader_election.fdbc600f-3b5f-4aad-829a-89e7c71c96d8@group-EFA63FAA243A
2020-08-03 13:24:06,144 [Listener at 127.0.0.1/37329] INFO  metrics.RatisMetrics (RatisMetrics.java:unregister(43)) - Unregistering Metrics Registry : ratis.server.fdbc600f-3b5f-4aad-829a-89e7c71c96d8@group-EFA63FAA243A
2020-08-03 13:24:06,144 [Listener at 127.0.0.1/37329] INFO  impl.RaftServerImpl (RaftServerImpl.java:lambda$shutdown$3(263)) - fdbc600f-3b5f-4aad-829a-89e7c71c96d8@group-791DE9EDD5F7: shutdown
2020-08-03 13:24:06,144 [Listener at 127.0.0.1/37329] INFO  util.JmxRegister (JmxRegister.java:unregister(73)) - Successfully un-registered JMX Bean with object name Ratis:service=RaftServer,group=group-791DE9EDD5F7,id=fdbc600f-3b5f-4aad-829a-89e7c71c96d8
2020-08-03 13:24:06,144 [Listener at 127.0.0.1/37329] INFO  impl.RoleInfo (RoleInfo.java:shutdownFollowerState(121)) - fdbc600f-3b5f-4aad-829a-89e7c71c96d8: shutdown FollowerState
2020-08-03 13:24:06,144 [Listener at 127.0.0.1/37329] INFO  impl.StateMachineUpdater (StateMachineUpdater.java:stopAndJoin(142)) - fdbc600f-3b5f-4aad-829a-89e7c71c96d8@group-791DE9EDD5F7-StateMachineUpdater: set stopIndex = 0
2020-08-03 13:24:06,144 [Thread-1331] INFO  impl.FollowerState (FollowerState.java:run(117)) - fdbc600f-3b5f-4aad-829a-89e7c71c96d8@group-791DE9EDD5F7-FollowerState was interrupted: java.lang.InterruptedException: sleep interrupted
2020-08-03 13:24:06,145 [fdbc600f-3b5f-4aad-829a-89e7c71c96d8@group-791DE9EDD5F7-StateMachineUpdater] INFO  ratis.ContainerStateMachine (ContainerStateMachine.java:takeSnapshot(293)) - group-791DE9EDD5F7: Taking a snapshot at:(t:1, i:0) file /github/workspace/mnt/ozone/hadoop-ozone/integration-test/target/test-dir/MiniOzoneClusterImpl-7e68a8b4-1ba8-49bf-9ad5-192f3c798a38/datanode-4/data/ratis/080d282a-1c82-40b2-9ecc-791de9edd5f7/sm/snapshot.1_0
2020-08-03 13:24:06,145 [ForkJoinPool.commonPool-worker-0] INFO  metrics.RatisMetrics (RatisMetrics.java:unregister(43)) - Unregistering Metrics Registry : ratis.log_worker.ec3eb439-3e1f-444b-933e-76c1f64dd6e5@group-04815E802AF4
2020-08-03 13:24:06,146 [ForkJoinPool.commonPool-worker-0] INFO  metrics.RatisMetrics (RatisMetrics.java:unregister(43)) - Unregistering Metrics Registry : ratis.leader_election.ec3eb439-3e1f-444b-933e-76c1f64dd6e5@group-04815E802AF4
2020-08-03 13:24:06,146 [fdbc600f-3b5f-4aad-829a-89e7c71c96d8@group-791DE9EDD5F7-StateMachineUpdater] INFO  ratis.ContainerStateMachine (ContainerStateMachine.java:takeSnapshot(304)) - group-791DE9EDD5F7: Finished taking a snapshot at:(t:1, i:0) file:/github/workspace/mnt/ozone/hadoop-ozone/integration-test/target/test-dir/MiniOzoneClusterImpl-7e68a8b4-1ba8-49bf-9ad5-192f3c798a38/datanode-4/data/ratis/080d282a-1c82-40b2-9ecc-791de9edd5f7/sm/snapshot.1_0 time:1
2020-08-03 13:24:06,146 [ForkJoinPool.commonPool-worker-0] INFO  metrics.RatisMetrics (RatisMetrics.java:unregister(43)) - Unregistering Metrics Registry : ratis.server.ec3eb439-3e1f-444b-933e-76c1f64dd6e5@group-04815E802AF4
2020-08-03 13:24:06,146 [ForkJoinPool.commonPool-worker-0] INFO  impl.RaftServerImpl (RaftServerImpl.java:lambda$shutdown$3(263)) - ec3eb439-3e1f-444b-933e-76c1f64dd6e5@group-AC688C852745: shutdown
2020-08-03 13:24:06,146 [ForkJoinPool.commonPool-worker-0] INFO  util.JmxRegister (JmxRegister.java:unregister(73)) - Successfully un-registered JMX Bean with object name Ratis:service=RaftServer,group=group-AC688C852745,id=ec3eb439-3e1f-444b-933e-76c1f64dd6e5
2020-08-03 13:24:06,146 [ForkJoinPool.commonPool-worker-0] INFO  impl.RoleInfo (RoleInfo.java:shutdownFollowerState(121)) - ec3eb439-3e1f-444b-933e-76c1f64dd6e5: shutdown FollowerState
2020-08-03 13:24:06,146 [ForkJoinPool.commonPool-worker-0] INFO  impl.StateMachineUpdater (StateMachineUpdater.java:stopAndJoin(142)) - ec3eb439-3e1f-444b-933e-76c1f64dd6e5@group-AC688C852745-StateMachineUpdater: set stopIndex = -1
2020-08-03 13:24:06,146 [fdbc600f-3b5f-4aad-829a-89e7c71c96d8@group-791DE9EDD5F7-StateMachineUpdater] INFO  impl.StateMachineUpdater (StateMachineUpdater.java:takeSnapshot(277)) - fdbc600f-3b5f-4aad-829a-89e7c71c96d8@group-791DE9EDD5F7-StateMachineUpdater: Took a snapshot at index 0
2020-08-03 13:24:06,147 [fdbc600f-3b5f-4aad-829a-89e7c71c96d8@group-791DE9EDD5F7-StateMachineUpdater] INFO  impl.StateMachineUpdater (StateMachineUpdater.java:lambda$new$0(87)) - fdbc600f-3b5f-4aad-829a-89e7c71c96d8@group-791DE9EDD5F7-StateMachineUpdater: snapshotIndex: updateIncreasingly -1 -> 0
2020-08-03 13:24:06,147 [fdbc600f-3b5f-4aad-829a-89e7c71c96d8@group-791DE9EDD5F7-StateMachineUpdater] INFO  metrics.RatisMetrics (RatisMetrics.java:unregister(43)) - Unregistering Metrics Registry : ratis.state_machine.fdbc600f-3b5f-4aad-829a-89e7c71c96d8@group-791DE9EDD5F7
2020-08-03 13:24:06,147 [Listener at 127.0.0.1/37329] INFO  impl.RaftServerImpl (ServerState.java:close(387)) - fdbc600f-3b5f-4aad-829a-89e7c71c96d8@group-791DE9EDD5F7: closes. applyIndex: 0
2020-08-03 13:24:06,147 [Thread-1395] INFO  impl.FollowerState (FollowerState.java:run(117)) - ec3eb439-3e1f-444b-933e-76c1f64dd6e5@group-AC688C852745-FollowerState was interrupted: java.lang.InterruptedException: sleep interrupted
2020-08-03 13:24:06,147 [ec3eb439-3e1f-444b-933e-76c1f64dd6e5@group-AC688C852745-StateMachineUpdater] INFO  metrics.RatisMetrics (RatisMetrics.java:unregister(43)) - Unregistering Metrics Registry : ratis.state_machine.ec3eb439-3e1f-444b-933e-76c1f64dd6e5@group-AC688C852745
2020-08-03 13:24:06,147 [fdbc600f-3b5f-4aad-829a-89e7c71c96d8@group-791DE9EDD5F7-SegmentedRaftLogWorker] INFO  segmented.SegmentedRaftLogWorker (SegmentedRaftLogWorker.java:run(327)) - fdbc600f-3b5f-4aad-829a-89e7c71c96d8@group-791DE9EDD5F7-SegmentedRaftLogWorker was interrupted, exiting. There are 0 tasks remaining in the queue.
2020-08-03 13:24:06,152 [ForkJoinPool.commonPool-worker-0] INFO  impl.RaftServerImpl (ServerState.java:close(387)) - ec3eb439-3e1f-444b-933e-76c1f64dd6e5@group-AC688C852745: closes. applyIndex: -1
2020-08-03 13:24:06,152 [ec3eb439-3e1f-444b-933e-76c1f64dd6e5@group-AC688C852745-SegmentedRaftLogWorker] INFO  segmented.SegmentedRaftLogWorker (SegmentedRaftLogWorker.java:run(327)) - ec3eb439-3e1f-444b-933e-76c1f64dd6e5@group-AC688C852745-SegmentedRaftLogWorker was interrupted, exiting. There are 0 tasks remaining in the queue.
2020-08-03 13:24:06,152 [grpc-default-executor-0] INFO  ratis.XceiverServerRatis (XceiverServerRatis.java:handleLeaderChangedNotification(822)) - Leader change notification received for group: group-AC688C852745 with new leaderId: 5328ae2d-dffa-4840-b00a-ab3fd52ea77e
2020-08-03 13:24:06,152 [grpc-default-executor-0] INFO  impl.RaftServerImpl (ServerState.java:setLeader(255)) - 1f92ab39-7028-4d7a-b43e-fc630492ec6f@group-AC688C852745: change Leader from null to 5328ae2d-dffa-4840-b00a-ab3fd52ea77e at term 1 for appendEntries, leader elected after 5028ms
2020-08-03 13:24:06,153 [grpc-default-executor-4] INFO  ratis.XceiverServerRatis (XceiverServerRatis.java:handleLeaderChangedNotification(822)) - Leader change notification received for group: group-AC688C852745 with new leaderId: 5328ae2d-dffa-4840-b00a-ab3fd52ea77e
2020-08-03 13:24:06,153 [grpc-default-executor-4] INFO  impl.RaftServerImpl (ServerState.java:setLeader(255)) - ec3eb439-3e1f-444b-933e-76c1f64dd6e5@group-AC688C852745: change Leader from null to 5328ae2d-dffa-4840-b00a-ab3fd52ea77e at term 1 for appendEntries, leader elected after 5089ms
2020-08-03 13:24:06,153 [ForkJoinPool.commonPool-worker-0] INFO  segmented.SegmentedRaftLogWorker (SegmentedRaftLogWorker.java:close(234)) - ec3eb439-3e1f-444b-933e-76c1f64dd6e5@group-AC688C852745-SegmentedRaftLogWorker close()
2020-08-03 13:24:06,155 [grpc-default-executor-0] INFO  impl.RaftServerImpl (ServerState.java:setRaftConf(356)) - 1f92ab39-7028-4d7a-b43e-fc630492ec6f@group-AC688C852745: set configuration 0: [ec3eb439-3e1f-444b-933e-76c1f64dd6e5:172.17.0.2:40825, 5328ae2d-dffa-4840-b00a-ab3fd52ea77e:172.17.0.2:38393, 1f92ab39-7028-4d7a-b43e-fc630492ec6f:172.17.0.2:38387], old=null at 0
2020-08-03 13:24:06,155 [grpc-default-executor-0] INFO  segmented.SegmentedRaftLogWorker (SegmentedRaftLogWorker.java:startLogSegment(397)) - 1f92ab39-7028-4d7a-b43e-fc630492ec6f@group-AC688C852745-SegmentedRaftLogWorker: Starting segment from index:0
2020-08-03 13:24:06,157 [1f92ab39-7028-4d7a-b43e-fc630492ec6f@group-AC688C852745-SegmentedRaftLogWorker] INFO  segmented.SegmentedRaftLogWorker (SegmentedRaftLogWorker.java:execute(596)) - 1f92ab39-7028-4d7a-b43e-fc630492ec6f@group-AC688C852745-SegmentedRaftLogWorker: created new log segment /github/workspace/mnt/ozone/hadoop-ozone/integration-test/target/test-dir/MiniOzoneClusterImpl-7e68a8b4-1ba8-49bf-9ad5-192f3c798a38/datanode-0/data/ratis/4bc7c7b2-436c-43b4-baf6-ac688c852745/current/log_inprogress_0
2020-08-03 13:24:06,165 [Listener at 127.0.0.1/37329] INFO  segmented.SegmentedRaftLogWorker (SegmentedRaftLogWorker.java:close(234)) - fdbc600f-3b5f-4aad-829a-89e7c71c96d8@group-791DE9EDD5F7-SegmentedRaftLogWorker close()
2020-08-03 13:24:06,169 [ForkJoinPool.commonPool-worker-0] INFO  metrics.RatisMetrics (RatisMetrics.java:unregister(43)) - Unregistering Metrics Registry : ratis.log_worker.ec3eb439-3e1f-444b-933e-76c1f64dd6e5@group-AC688C852745
2020-08-03 13:24:06,169 [ForkJoinPool.commonPool-worker-0] INFO  metrics.RatisMetrics (RatisMetrics.java:unregister(43)) - Unregistering Metrics Registry : ratis.leader_election.ec3eb439-3e1f-444b-933e-76c1f64dd6e5@group-AC688C852745
2020-08-03 13:24:06,169 [ForkJoinPool.commonPool-worker-0] INFO  metrics.RatisMetrics (RatisMetrics.java:unregister(43)) - Unregistering Metrics Registry : ratis.server.ec3eb439-3e1f-444b-933e-76c1f64dd6e5@group-AC688C852745
2020-08-03 13:24:06,169 [ForkJoinPool.commonPool-worker-0] INFO  server.GrpcService (GrpcService.java:closeImpl(166)) - ec3eb439-3e1f-444b-933e-76c1f64dd6e5: shutdown server with port 40825 now
2020-08-03 13:24:06,170 [ForkJoinPool.commonPool-worker-0] INFO  server.GrpcService (GrpcService.java:closeImpl(174)) - ec3eb439-3e1f-444b-933e-76c1f64dd6e5: shutdown server with port 40825 successfully
2020-08-03 13:24:06,170 [grpc-default-executor-0] WARN  server.GrpcServerProtocolService (LogUtils.java:warn(122)) - ec3eb439-3e1f-444b-933e-76c1f64dd6e5: installSnapshot onError, lastRequest: 5328ae2d-dffa-4840-b00a-ab3fd52ea77e->ec3eb439-3e1f-444b-933e-76c1f64dd6e5#1-t1, previous=(t:0, i:0), leaderCommit=-1, initializing? false, entries: size=1, first=(t:1, i:0), CONFIGURATIONENTRY: org.apache.ratis.thirdparty.io.grpc.StatusRuntimeException: CANCELLED: cancelled before receiving half close
2020-08-03 13:24:06,170 [grpc-default-executor-2] WARN  server.GrpcLogAppender (LogUtils.java:warn(122)) - 5328ae2d-dffa-4840-b00a-ab3fd52ea77e@group-AC688C852745->ec3eb439-3e1f-444b-933e-76c1f64dd6e5-AppendLogResponseHandler: Failed appendEntries: org.apache.ratis.thirdparty.io.grpc.StatusRuntimeException: CANCELLED: HTTP/2 error code: CANCEL
Received Rst Stream
2020-08-03 13:24:06,173 [Listener at 127.0.0.1/37329] INFO  metrics.RatisMetrics (RatisMetrics.java:unregister(43)) - Unregistering Metrics Registry : ratis.log_worker.fdbc600f-3b5f-4aad-829a-89e7c71c96d8@group-791DE9EDD5F7
2020-08-03 13:24:06,173 [Listener at 127.0.0.1/37329] INFO  metrics.RatisMetrics (RatisMetrics.java:unregister(43)) - Unregistering Metrics Registry : ratis.leader_election.fdbc600f-3b5f-4aad-829a-89e7c71c96d8@group-791DE9EDD5F7
2020-08-03 13:24:06,173 [Listener at 127.0.0.1/37329] INFO  metrics.RatisMetrics (RatisMetrics.java:unregister(43)) - Unregistering Metrics Registry : ratis.server.fdbc600f-3b5f-4aad-829a-89e7c71c96d8@group-791DE9EDD5F7
2020-08-03 13:24:06,173 [Listener at 127.0.0.1/37329] INFO  server.GrpcService (GrpcService.java:closeImpl(166)) - fdbc600f-3b5f-4aad-829a-89e7c71c96d8: shutdown server with port 42365 now
2020-08-03 13:24:06,174 [grpc-default-executor-2] INFO  impl.FollowerInfo (FollowerInfo.java:lambda$new$0(51)) - 5328ae2d-dffa-4840-b00a-ab3fd52ea77e@group-AC688C852745->ec3eb439-3e1f-444b-933e-76c1f64dd6e5: nextIndex: updateUnconditionally 1 -> 0
2020-08-03 13:24:06,174 [grpc-default-executor-4] WARN  server.GrpcServerProtocolService (LogUtils.java:warn(122)) - fdbc600f-3b5f-4aad-829a-89e7c71c96d8: installSnapshot onError, lastRequest: a8a1d134-8af3-42c4-83e7-63760987018e->fdbc600f-3b5f-4aad-829a-89e7c71c96d8#1-t1, previous=(t:0, i:0), leaderCommit=0, initializing? false, entries: size=1, first=(t:1, i:0), CONFIGURATIONENTRY: org.apache.ratis.thirdparty.io.grpc.StatusRuntimeException: CANCELLED: cancelled before receiving half close
2020-08-03 13:24:06,175 [grpc-default-executor-0] WARN  server.GrpcLogAppender (LogUtils.java:warn(122)) - a8a1d134-8af3-42c4-83e7-63760987018e@group-791DE9EDD5F7->fdbc600f-3b5f-4aad-829a-89e7c71c96d8-AppendLogResponseHandler: Failed appendEntries: org.apache.ratis.thirdparty.io.grpc.StatusRuntimeException: CANCELLED: HTTP/2 error code: CANCEL
Received Rst Stream
2020-08-03 13:24:06,175 [grpc-default-executor-0] INFO  impl.FollowerInfo (FollowerInfo.java:lambda$new$0(51)) - a8a1d134-8af3-42c4-83e7-63760987018e@group-791DE9EDD5F7->fdbc600f-3b5f-4aad-829a-89e7c71c96d8: nextIndex: updateUnconditionally 1 -> 0
2020-08-03 13:24:06,175 [Listener at 127.0.0.1/37329] INFO  server.GrpcService (GrpcService.java:closeImpl(174)) - fdbc600f-3b5f-4aad-829a-89e7c71c96d8: shutdown server with port 42365 successfully
2020-08-03 13:24:06,176 [Listener at 127.0.0.1/37329] INFO  utils.BackgroundService (BackgroundService.java:shutdown(157)) - Shutting down service BlockDeletingService
2020-08-03 13:24:06,177 [ForkJoinPool.commonPool-worker-0] INFO  utils.BackgroundService (BackgroundService.java:shutdown(157)) - Shutting down service BlockDeletingService
2020-08-03 13:24:06,181 [Listener at 127.0.0.1/37329] INFO  statemachine.DatanodeStateMachine (DatanodeStateMachine.java:stopDaemon(454)) - Ozone container server stopped.
2020-08-03 13:24:06,186 [Listener at 127.0.0.1/37329] INFO  handler.ContextHandler (ContextHandler.java:doStop(1016)) - Stopped o.e.j.w.WebAppContext@54875db0{hddsDatanode,/,null,UNAVAILABLE}{jar:file:/home/user/.m2/repository/org/apache/hadoop/hadoop-hdds-container-service/0.6.0-SNAPSHOT/hadoop-hdds-container-service-0.6.0-SNAPSHOT.jar!/webapps/hddsDatanode}
2020-08-03 13:24:06,189 [Listener at 127.0.0.1/37329] INFO  server.AbstractConnector (AbstractConnector.java:doStop(380)) - Stopped ServerConnector@1d51de61{HTTP/1.1,[http/1.1]}{0.0.0.0:0}
2020-08-03 13:24:06,189 [Listener at 127.0.0.1/37329] INFO  server.session (HouseKeeper.java:stopScavenging(158)) - node0 Stopped scavenging
2020-08-03 13:24:06,190 [Listener at 127.0.0.1/37329] INFO  handler.ContextHandler (ContextHandler.java:doStop(1016)) - Stopped o.e.j.s.ServletContextHandler@1a8b7423{static,/static,jar:file:/home/user/.m2/repository/org/apache/hadoop/hadoop-hdds-container-service/0.6.0-SNAPSHOT/hadoop-hdds-container-service-0.6.0-SNAPSHOT.jar!/webapps/static,UNAVAILABLE}
2020-08-03 13:24:06,190 [Listener at 127.0.0.1/37329] INFO  handler.ContextHandler (ContextHandler.java:doStop(1016)) - Stopped o.e.j.s.ServletContextHandler@2fc6e673{logs,/logs,file:///github/workspace/mnt/ozone/hadoop-ozone/integration-test/target/log,UNAVAILABLE}
2020-08-03 13:24:06,192 [ForkJoinPool.commonPool-worker-0] INFO  statemachine.DatanodeStateMachine (DatanodeStateMachine.java:stopDaemon(454)) - Ozone container server stopped.
2020-08-03 13:24:06,199 [ForkJoinPool.commonPool-worker-0] INFO  handler.ContextHandler (ContextHandler.java:doStop(1016)) - Stopped o.e.j.w.WebAppContext@455805b3{hddsDatanode,/,null,UNAVAILABLE}{jar:file:/home/user/.m2/repository/org/apache/hadoop/hadoop-hdds-container-service/0.6.0-SNAPSHOT/hadoop-hdds-container-service-0.6.0-SNAPSHOT.jar!/webapps/hddsDatanode}
2020-08-03 13:24:06,199 [ForkJoinPool.commonPool-worker-0] INFO  server.AbstractConnector (AbstractConnector.java:doStop(380)) - Stopped ServerConnector@1e32be24{HTTP/1.1,[http/1.1]}{0.0.0.0:0}
2020-08-03 13:24:06,200 [ForkJoinPool.commonPool-worker-0] INFO  server.session (HouseKeeper.java:stopScavenging(158)) - node0 Stopped scavenging
2020-08-03 13:24:06,200 [ForkJoinPool.commonPool-worker-0] INFO  handler.ContextHandler (ContextHandler.java:doStop(1016)) - Stopped o.e.j.s.ServletContextHandler@64b3ba13{static,/static,jar:file:/home/user/.m2/repository/org/apache/hadoop/hadoop-hdds-container-service/0.6.0-SNAPSHOT/hadoop-hdds-container-service-0.6.0-SNAPSHOT.jar!/webapps/static,UNAVAILABLE}
2020-08-03 13:24:06,201 [ForkJoinPool.commonPool-worker-0] INFO  handler.ContextHandler (ContextHandler.java:doStop(1016)) - Stopped o.e.j.s.ServletContextHandler@589b0021{logs,/logs,file:///github/workspace/mnt/ozone/hadoop-ozone/integration-test/target/log,UNAVAILABLE}
2020-08-03 13:24:06,403 [Datanode State Machine Thread - 0] INFO  statemachine.DatanodeStateMachine (DatanodeStateMachine.java:lambda$startDaemon$0(406)) - Ozone container server started.
2020-08-03 13:24:06,718 [Datanode State Machine Thread - 0] INFO  statemachine.DatanodeStateMachine (DatanodeStateMachine.java:lambda$startDaemon$0(406)) - Ozone container server started.
2020-08-03 13:24:07,968 [grpc-default-executor-2] WARN  server.GrpcLogAppender (LogUtils.java:warn(122)) - a8a1d134-8af3-42c4-83e7-63760987018e@group-791DE9EDD5F7->fdbc600f-3b5f-4aad-829a-89e7c71c96d8-AppendLogResponseHandler: Failed appendEntries: org.apache.ratis.thirdparty.io.grpc.StatusRuntimeException: UNAVAILABLE: io exception
2020-08-03 13:24:07,971 [grpc-default-executor-2] INFO  impl.FollowerInfo (FollowerInfo.java:lambda$new$0(51)) - a8a1d134-8af3-42c4-83e7-63760987018e@group-791DE9EDD5F7->fdbc600f-3b5f-4aad-829a-89e7c71c96d8: nextIndex: updateUnconditionally 1 -> 0
2020-08-03 13:24:08,641 [grpc-default-executor-0] WARN  server.GrpcLogAppender (LogUtils.java:warn(122)) - 5328ae2d-dffa-4840-b00a-ab3fd52ea77e@group-AC688C852745->ec3eb439-3e1f-444b-933e-76c1f64dd6e5-AppendLogResponseHandler: Failed appendEntries: org.apache.ratis.thirdparty.io.grpc.StatusRuntimeException: UNAVAILABLE: io exception
2020-08-03 13:24:08,642 [grpc-default-executor-0] INFO  impl.FollowerInfo (FollowerInfo.java:lambda$new$0(51)) - 5328ae2d-dffa-4840-b00a-ab3fd52ea77e@group-AC688C852745->ec3eb439-3e1f-444b-933e-76c1f64dd6e5: nextIndex: updateUnconditionally 1 -> 0
2020-08-03 13:24:10,471 [grpc-default-executor-2] WARN  server.GrpcLogAppender (LogUtils.java:warn(122)) - a8a1d134-8af3-42c4-83e7-63760987018e@group-791DE9EDD5F7->fdbc600f-3b5f-4aad-829a-89e7c71c96d8-AppendLogResponseHandler: Failed appendEntries: org.apache.ratis.thirdparty.io.grpc.StatusRuntimeException: UNAVAILABLE: io exception
2020-08-03 13:24:10,472 [grpc-default-executor-2] INFO  impl.FollowerInfo (FollowerInfo.java:lambda$new$0(51)) - a8a1d134-8af3-42c4-83e7-63760987018e@group-791DE9EDD5F7->fdbc600f-3b5f-4aad-829a-89e7c71c96d8: nextIndex: updateUnconditionally 1 -> 0
2020-08-03 13:24:11,143 [grpc-default-executor-0] WARN  server.GrpcLogAppender (LogUtils.java:warn(122)) - 5328ae2d-dffa-4840-b00a-ab3fd52ea77e@group-AC688C852745->ec3eb439-3e1f-444b-933e-76c1f64dd6e5-AppendLogResponseHandler: Failed appendEntries: org.apache.ratis.thirdparty.io.grpc.StatusRuntimeException: UNAVAILABLE: io exception
2020-08-03 13:24:11,144 [grpc-default-executor-0] INFO  impl.FollowerInfo (FollowerInfo.java:lambda$new$0(51)) - 5328ae2d-dffa-4840-b00a-ab3fd52ea77e@group-AC688C852745->ec3eb439-3e1f-444b-933e-76c1f64dd6e5: nextIndex: updateUnconditionally 1 -> 0
2020-08-03 13:24:11,193 [Listener at 127.0.0.1/37329] INFO  ozoneimpl.OzoneContainer (OzoneContainer.java:stop(259)) - Attempting to stop container services.
2020-08-03 13:24:11,194 [Listener at 127.0.0.1/37329] INFO  impl.RaftServerProxy (RaftServerProxy.java:lambda$close$4(319)) - 8889aacf-63e0-4224-910f-f37fd04a741c: close
2020-08-03 13:24:11,194 [Listener at 127.0.0.1/37329] INFO  impl.RaftServerImpl (RaftServerImpl.java:lambda$shutdown$3(263)) - 8889aacf-63e0-4224-910f-f37fd04a741c@group-91C9F9160810: shutdown
2020-08-03 13:24:11,194 [Listener at 127.0.0.1/37329] INFO  util.JmxRegister (JmxRegister.java:unregister(73)) - Successfully un-registered JMX Bean with object name Ratis:service=RaftServer,group=group-91C9F9160810,id=8889aacf-63e0-4224-910f-f37fd04a741c
2020-08-03 13:24:11,194 [Listener at 127.0.0.1/37329] INFO  impl.RoleInfo (RoleInfo.java:shutdownLeaderState(104)) - 8889aacf-63e0-4224-910f-f37fd04a741c: shutdown LeaderState
2020-08-03 13:24:11,195 [Listener at 127.0.0.1/37329] INFO  impl.PendingRequests (PendingRequests.java:sendNotLeaderResponses(249)) - 8889aacf-63e0-4224-910f-f37fd04a741c@group-91C9F9160810-PendingRequests: sendNotLeaderResponses
2020-08-03 13:24:11,195 [Listener at 127.0.0.1/37329] INFO  metrics.RatisMetrics (RatisMetrics.java:unregister(43)) - Unregistering Metrics Registry : ratis.log_appender.8889aacf-63e0-4224-910f-f37fd04a741c@group-91C9F9160810
2020-08-03 13:24:11,195 [Listener at 127.0.0.1/37329] INFO  metrics.RatisMetrics (RatisMetrics.java:unregister(43)) - Unregistering Metrics Registry : ratis.server.8889aacf-63e0-4224-910f-f37fd04a741c@group-91C9F9160810
2020-08-03 13:24:11,197 [Listener at 127.0.0.1/37329] INFO  impl.StateMachineUpdater (StateMachineUpdater.java:stopAndJoin(142)) - 8889aacf-63e0-4224-910f-f37fd04a741c@group-91C9F9160810-StateMachineUpdater: set stopIndex = 0
2020-08-03 13:24:11,197 [8889aacf-63e0-4224-910f-f37fd04a741c@group-91C9F9160810-StateMachineUpdater] INFO  ratis.ContainerStateMachine (ContainerStateMachine.java:takeSnapshot(293)) - group-91C9F9160810: Taking a snapshot at:(t:1, i:0) file /github/workspace/mnt/ozone/hadoop-ozone/integration-test/target/test-dir/MiniOzoneClusterImpl-7e68a8b4-1ba8-49bf-9ad5-192f3c798a38/datanode-5/data/ratis/c9a5f12c-1188-473b-9dd7-91c9f9160810/sm/snapshot.1_0
2020-08-03 13:24:11,198 [8889aacf-63e0-4224-910f-f37fd04a741c@group-91C9F9160810-StateMachineUpdater] INFO  ratis.ContainerStateMachine (ContainerStateMachine.java:takeSnapshot(304)) - group-91C9F9160810: Finished taking a snapshot at:(t:1, i:0) file:/github/workspace/mnt/ozone/hadoop-ozone/integration-test/target/test-dir/MiniOzoneClusterImpl-7e68a8b4-1ba8-49bf-9ad5-192f3c798a38/datanode-5/data/ratis/c9a5f12c-1188-473b-9dd7-91c9f9160810/sm/snapshot.1_0 time:1
2020-08-03 13:24:11,198 [8889aacf-63e0-4224-910f-f37fd04a741c@group-91C9F9160810-StateMachineUpdater] INFO  impl.StateMachineUpdater (StateMachineUpdater.java:takeSnapshot(277)) - 8889aacf-63e0-4224-910f-f37fd04a741c@group-91C9F9160810-StateMachineUpdater: Took a snapshot at index 0
2020-08-03 13:24:11,199 [8889aacf-63e0-4224-910f-f37fd04a741c@group-91C9F9160810-StateMachineUpdater] INFO  impl.StateMachineUpdater (StateMachineUpdater.java:lambda$new$0(87)) - 8889aacf-63e0-4224-910f-f37fd04a741c@group-91C9F9160810-StateMachineUpdater: snapshotIndex: updateIncreasingly -1 -> 0
2020-08-03 13:24:11,199 [8889aacf-63e0-4224-910f-f37fd04a741c@group-91C9F9160810-StateMachineUpdater] INFO  metrics.RatisMetrics (RatisMetrics.java:unregister(43)) - Unregistering Metrics Registry : ratis.state_machine.8889aacf-63e0-4224-910f-f37fd04a741c@group-91C9F9160810
2020-08-03 13:24:11,199 [Listener at 127.0.0.1/37329] INFO  impl.RaftServerImpl (ServerState.java:close(387)) - 8889aacf-63e0-4224-910f-f37fd04a741c@group-91C9F9160810: closes. applyIndex: 0
2020-08-03 13:24:11,199 [8889aacf-63e0-4224-910f-f37fd04a741c@group-91C9F9160810-SegmentedRaftLogWorker] INFO  segmented.SegmentedRaftLogWorker (SegmentedRaftLogWorker.java:run(327)) - 8889aacf-63e0-4224-910f-f37fd04a741c@group-91C9F9160810-SegmentedRaftLogWorker was interrupted, exiting. There are 0 tasks remaining in the queue.
2020-08-03 13:24:11,200 [Listener at 127.0.0.1/37329] INFO  segmented.SegmentedRaftLogWorker (SegmentedRaftLogWorker.java:close(234)) - 8889aacf-63e0-4224-910f-f37fd04a741c@group-91C9F9160810-SegmentedRaftLogWorker close()
2020-08-03 13:24:11,201 [Listener at 127.0.0.1/37329] INFO  metrics.RatisMetrics (RatisMetrics.java:unregister(43)) - Unregistering Metrics Registry : ratis.log_worker.8889aacf-63e0-4224-910f-f37fd04a741c@group-91C9F9160810
2020-08-03 13:24:11,202 [Listener at 127.0.0.1/37329] INFO  metrics.RatisMetrics (RatisMetrics.java:unregister(43)) - Unregistering Metrics Registry : ratis.leader_election.8889aacf-63e0-4224-910f-f37fd04a741c@group-91C9F9160810
2020-08-03 13:24:11,202 [Listener at 127.0.0.1/37329] INFO  metrics.RatisMetrics (RatisMetrics.java:unregister(43)) - Unregistering Metrics Registry : ratis.server.8889aacf-63e0-4224-910f-f37fd04a741c@group-91C9F9160810
2020-08-03 13:24:11,202 [Listener at 127.0.0.1/37329] INFO  impl.RaftServerImpl (RaftServerImpl.java:lambda$shutdown$3(263)) - 8889aacf-63e0-4224-910f-f37fd04a741c@group-791DE9EDD5F7: shutdown
2020-08-03 13:24:11,202 [Listener at 127.0.0.1/37329] INFO  util.JmxRegister (JmxRegister.java:unregister(73)) - Successfully un-registered JMX Bean with object name Ratis:service=RaftServer,group=group-791DE9EDD5F7,id=8889aacf-63e0-4224-910f-f37fd04a741c
2020-08-03 13:24:11,202 [Listener at 127.0.0.1/37329] INFO  impl.RoleInfo (RoleInfo.java:shutdownFollowerState(121)) - 8889aacf-63e0-4224-910f-f37fd04a741c: shutdown FollowerState
2020-08-03 13:24:11,202 [Thread-1330] INFO  impl.FollowerState (FollowerState.java:run(117)) - 8889aacf-63e0-4224-910f-f37fd04a741c@group-791DE9EDD5F7-FollowerState was interrupted: java.lang.InterruptedException: sleep interrupted
2020-08-03 13:24:11,203 [8889aacf-63e0-4224-910f-f37fd04a741c@group-791DE9EDD5F7-StateMachineUpdater] INFO  ratis.ContainerStateMachine (ContainerStateMachine.java:takeSnapshot(293)) - group-791DE9EDD5F7: Taking a snapshot at:(t:1, i:0) file /github/workspace/mnt/ozone/hadoop-ozone/integration-test/target/test-dir/MiniOzoneClusterImpl-7e68a8b4-1ba8-49bf-9ad5-192f3c798a38/datanode-5/data/ratis/080d282a-1c82-40b2-9ecc-791de9edd5f7/sm/snapshot.1_0
2020-08-03 13:24:11,203 [Listener at 127.0.0.1/37329] INFO  impl.StateMachineUpdater (StateMachineUpdater.java:stopAndJoin(142)) - 8889aacf-63e0-4224-910f-f37fd04a741c@group-791DE9EDD5F7-StateMachineUpdater: set stopIndex = 0
2020-08-03 13:24:11,205 [ForkJoinPool.commonPool-worker-0] INFO  ozoneimpl.OzoneContainer (OzoneContainer.java:stop(259)) - Attempting to stop container services.
2020-08-03 13:24:11,205 [8889aacf-63e0-4224-910f-f37fd04a741c@group-791DE9EDD5F7-StateMachineUpdater] INFO  ratis.ContainerStateMachine (ContainerStateMachine.java:takeSnapshot(304)) - group-791DE9EDD5F7: Finished taking a snapshot at:(t:1, i:0) file:/github/workspace/mnt/ozone/hadoop-ozone/integration-test/target/test-dir/MiniOzoneClusterImpl-7e68a8b4-1ba8-49bf-9ad5-192f3c798a38/datanode-5/data/ratis/080d282a-1c82-40b2-9ecc-791de9edd5f7/sm/snapshot.1_0 time:3
2020-08-03 13:24:11,206 [8889aacf-63e0-4224-910f-f37fd04a741c@group-791DE9EDD5F7-StateMachineUpdater] INFO  impl.StateMachineUpdater (StateMachineUpdater.java:takeSnapshot(277)) - 8889aacf-63e0-4224-910f-f37fd04a741c@group-791DE9EDD5F7-StateMachineUpdater: Took a snapshot at index 0
2020-08-03 13:24:11,206 [8889aacf-63e0-4224-910f-f37fd04a741c@group-791DE9EDD5F7-StateMachineUpdater] INFO  impl.StateMachineUpdater (StateMachineUpdater.java:lambda$new$0(87)) - 8889aacf-63e0-4224-910f-f37fd04a741c@group-791DE9EDD5F7-StateMachineUpdater: snapshotIndex: updateIncreasingly -1 -> 0
2020-08-03 13:24:11,206 [8889aacf-63e0-4224-910f-f37fd04a741c@group-791DE9EDD5F7-StateMachineUpdater] INFO  metrics.RatisMetrics (RatisMetrics.java:unregister(43)) - Unregistering Metrics Registry : ratis.state_machine.8889aacf-63e0-4224-910f-f37fd04a741c@group-791DE9EDD5F7
2020-08-03 13:24:11,206 [Listener at 127.0.0.1/37329] INFO  impl.RaftServerImpl (ServerState.java:close(387)) - 8889aacf-63e0-4224-910f-f37fd04a741c@group-791DE9EDD5F7: closes. applyIndex: 0
2020-08-03 13:24:11,206 [ForkJoinPool.commonPool-worker-0] INFO  impl.RaftServerProxy (RaftServerProxy.java:lambda$close$4(319)) - a8a1d134-8af3-42c4-83e7-63760987018e: close
2020-08-03 13:24:11,206 [ForkJoinPool.commonPool-worker-0] INFO  impl.RaftServerImpl (RaftServerImpl.java:lambda$shutdown$3(263)) - a8a1d134-8af3-42c4-83e7-63760987018e@group-B3F7B0C25FAB: shutdown
2020-08-03 13:24:11,206 [ForkJoinPool.commonPool-worker-0] INFO  util.JmxRegister (JmxRegister.java:unregister(73)) - Successfully un-registered JMX Bean with object name Ratis:service=RaftServer,group=group-B3F7B0C25FAB,id=a8a1d134-8af3-42c4-83e7-63760987018e
2020-08-03 13:24:11,206 [ForkJoinPool.commonPool-worker-0] INFO  impl.RoleInfo (RoleInfo.java:shutdownLeaderState(104)) - a8a1d134-8af3-42c4-83e7-63760987018e: shutdown LeaderState
2020-08-03 13:24:11,207 [ForkJoinPool.commonPool-worker-0] INFO  impl.PendingRequests (PendingRequests.java:sendNotLeaderResponses(249)) - a8a1d134-8af3-42c4-83e7-63760987018e@group-B3F7B0C25FAB-PendingRequests: sendNotLeaderResponses
2020-08-03 13:24:11,207 [ForkJoinPool.commonPool-worker-0] INFO  metrics.RatisMetrics (RatisMetrics.java:unregister(43)) - Unregistering Metrics Registry : ratis.log_appender.a8a1d134-8af3-42c4-83e7-63760987018e@group-B3F7B0C25FAB
2020-08-03 13:24:11,207 [ForkJoinPool.commonPool-worker-0] INFO  metrics.RatisMetrics (RatisMetrics.java:unregister(43)) - Unregistering Metrics Registry : ratis.server.a8a1d134-8af3-42c4-83e7-63760987018e@group-B3F7B0C25FAB
2020-08-03 13:24:11,207 [ForkJoinPool.commonPool-worker-0] INFO  impl.StateMachineUpdater (StateMachineUpdater.java:stopAndJoin(142)) - a8a1d134-8af3-42c4-83e7-63760987018e@group-B3F7B0C25FAB-StateMachineUpdater: set stopIndex = 0
2020-08-03 13:24:11,208 [a8a1d134-8af3-42c4-83e7-63760987018e@group-B3F7B0C25FAB-StateMachineUpdater] INFO  ratis.ContainerStateMachine (ContainerStateMachine.java:takeSnapshot(293)) - group-B3F7B0C25FAB: Taking a snapshot at:(t:1, i:0) file /github/workspace/mnt/ozone/hadoop-ozone/integration-test/target/test-dir/MiniOzoneClusterImpl-7e68a8b4-1ba8-49bf-9ad5-192f3c798a38/datanode-3/data/ratis/b509197a-093e-4369-9aca-b3f7b0c25fab/sm/snapshot.1_0
2020-08-03 13:24:11,208 [8889aacf-63e0-4224-910f-f37fd04a741c@group-791DE9EDD5F7-SegmentedRaftLogWorker] INFO  segmented.SegmentedRaftLogWorker (SegmentedRaftLogWorker.java:run(327)) - 8889aacf-63e0-4224-910f-f37fd04a741c@group-791DE9EDD5F7-SegmentedRaftLogWorker was interrupted, exiting. There are 0 tasks remaining in the queue.
2020-08-03 13:24:11,208 [a8a1d134-8af3-42c4-83e7-63760987018e@group-B3F7B0C25FAB-StateMachineUpdater] INFO  ratis.ContainerStateMachine (ContainerStateMachine.java:takeSnapshot(304)) - group-B3F7B0C25FAB: Finished taking a snapshot at:(t:1, i:0) file:/github/workspace/mnt/ozone/hadoop-ozone/integration-test/target/test-dir/MiniOzoneClusterImpl-7e68a8b4-1ba8-49bf-9ad5-192f3c798a38/datanode-3/data/ratis/b509197a-093e-4369-9aca-b3f7b0c25fab/sm/snapshot.1_0 time:1
2020-08-03 13:24:11,209 [Listener at 127.0.0.1/37329] INFO  segmented.SegmentedRaftLogWorker (SegmentedRaftLogWorker.java:close(234)) - 8889aacf-63e0-4224-910f-f37fd04a741c@group-791DE9EDD5F7-SegmentedRaftLogWorker close()
2020-08-03 13:24:11,209 [a8a1d134-8af3-42c4-83e7-63760987018e@group-B3F7B0C25FAB-StateMachineUpdater] INFO  impl.StateMachineUpdater (StateMachineUpdater.java:takeSnapshot(277)) - a8a1d134-8af3-42c4-83e7-63760987018e@group-B3F7B0C25FAB-StateMachineUpdater: Took a snapshot at index 0
2020-08-03 13:24:11,209 [a8a1d134-8af3-42c4-83e7-63760987018e@group-B3F7B0C25FAB-StateMachineUpdater] INFO  impl.StateMachineUpdater (StateMachineUpdater.java:lambda$new$0(87)) - a8a1d134-8af3-42c4-83e7-63760987018e@group-B3F7B0C25FAB-StateMachineUpdater: snapshotIndex: updateIncreasingly -1 -> 0
2020-08-03 13:24:11,210 [Listener at 127.0.0.1/37329] INFO  metrics.RatisMetrics (RatisMetrics.java:unregister(43)) - Unregistering Metrics Registry : ratis.log_worker.8889aacf-63e0-4224-910f-f37fd04a741c@group-791DE9EDD5F7
2020-08-03 13:24:11,210 [a8a1d134-8af3-42c4-83e7-63760987018e@group-B3F7B0C25FAB-StateMachineUpdater] INFO  metrics.RatisMetrics (RatisMetrics.java:unregister(43)) - Unregistering Metrics Registry : ratis.state_machine.a8a1d134-8af3-42c4-83e7-63760987018e@group-B3F7B0C25FAB
2020-08-03 13:24:11,210 [Listener at 127.0.0.1/37329] INFO  metrics.RatisMetrics (RatisMetrics.java:unregister(43)) - Unregistering Metrics Registry : ratis.leader_election.8889aacf-63e0-4224-910f-f37fd04a741c@group-791DE9EDD5F7
2020-08-03 13:24:11,210 [ForkJoinPool.commonPool-worker-0] INFO  impl.RaftServerImpl (ServerState.java:close(387)) - a8a1d134-8af3-42c4-83e7-63760987018e@group-B3F7B0C25FAB: closes. applyIndex: 0
2020-08-03 13:24:11,210 [Listener at 127.0.0.1/37329] INFO  metrics.RatisMetrics (RatisMetrics.java:unregister(43)) - Unregistering Metrics Registry : ratis.server.8889aacf-63e0-4224-910f-f37fd04a741c@group-791DE9EDD5F7
2020-08-03 13:24:11,210 [a8a1d134-8af3-42c4-83e7-63760987018e@group-B3F7B0C25FAB-SegmentedRaftLogWorker] INFO  segmented.SegmentedRaftLogWorker (SegmentedRaftLogWorker.java:run(327)) - a8a1d134-8af3-42c4-83e7-63760987018e@group-B3F7B0C25FAB-SegmentedRaftLogWorker was interrupted, exiting. There are 0 tasks remaining in the queue.
2020-08-03 13:24:11,210 [Listener at 127.0.0.1/37329] INFO  server.GrpcService (GrpcService.java:closeImpl(166)) - 8889aacf-63e0-4224-910f-f37fd04a741c: shutdown server with port 41647 now
2020-08-03 13:24:11,215 [ForkJoinPool.commonPool-worker-0] INFO  segmented.SegmentedRaftLogWorker (SegmentedRaftLogWorker.java:close(234)) - a8a1d134-8af3-42c4-83e7-63760987018e@group-B3F7B0C25FAB-SegmentedRaftLogWorker close()
2020-08-03 13:24:11,216 [ForkJoinPool.commonPool-worker-0] INFO  metrics.RatisMetrics (RatisMetrics.java:unregister(43)) - Unregistering Metrics Registry : ratis.log_worker.a8a1d134-8af3-42c4-83e7-63760987018e@group-B3F7B0C25FAB
2020-08-03 13:24:11,216 [ForkJoinPool.commonPool-worker-0] INFO  metrics.RatisMetrics (RatisMetrics.java:unregister(43)) - Unregistering Metrics Registry : ratis.leader_election.a8a1d134-8af3-42c4-83e7-63760987018e@group-B3F7B0C25FAB
2020-08-03 13:24:11,216 [ForkJoinPool.commonPool-worker-0] INFO  metrics.RatisMetrics (RatisMetrics.java:unregister(43)) - Unregistering Metrics Registry : ratis.server.a8a1d134-8af3-42c4-83e7-63760987018e@group-B3F7B0C25FAB
2020-08-03 13:24:11,216 [ForkJoinPool.commonPool-worker-0] INFO  impl.RaftServerImpl (RaftServerImpl.java:lambda$shutdown$3(263)) - a8a1d134-8af3-42c4-83e7-63760987018e@group-791DE9EDD5F7: shutdown
2020-08-03 13:24:11,216 [ForkJoinPool.commonPool-worker-0] INFO  util.JmxRegister (JmxRegister.java:unregister(73)) - Successfully un-registered JMX Bean with object name Ratis:service=RaftServer,group=group-791DE9EDD5F7,id=a8a1d134-8af3-42c4-83e7-63760987018e
2020-08-03 13:24:11,216 [ForkJoinPool.commonPool-worker-0] INFO  impl.RoleInfo (RoleInfo.java:shutdownLeaderState(104)) - a8a1d134-8af3-42c4-83e7-63760987018e: shutdown LeaderState
2020-08-03 13:24:11,216 [ForkJoinPool.commonPool-worker-0] INFO  metrics.RatisMetrics (RatisMetrics.java:unregister(43)) - Unregistering Metrics Registry : ratis_grpc.log_appender.a8a1d134-8af3-42c4-83e7-63760987018e@group-791DE9EDD5F7
2020-08-03 13:24:11,216 [ForkJoinPool.commonPool-worker-0] INFO  metrics.RatisMetrics (RatisMetrics.java:unregister(43)) - Unregistering Metrics Registry : ratis_grpc.log_appender.a8a1d134-8af3-42c4-83e7-63760987018e@group-791DE9EDD5F7
2020-08-03 13:24:11,216 [ForkJoinPool.commonPool-worker-0] INFO  impl.PendingRequests (PendingRequests.java:sendNotLeaderResponses(249)) - a8a1d134-8af3-42c4-83e7-63760987018e@group-791DE9EDD5F7-PendingRequests: sendNotLeaderResponses
2020-08-03 13:24:11,217 [ForkJoinPool.commonPool-worker-0] INFO  metrics.RatisMetrics (RatisMetrics.java:unregister(43)) - Unregistering Metrics Registry : ratis.log_appender.a8a1d134-8af3-42c4-83e7-63760987018e@group-791DE9EDD5F7
2020-08-03 13:24:11,217 [ForkJoinPool.commonPool-worker-0] INFO  metrics.RatisMetrics (RatisMetrics.java:unregister(43)) - Unregistering Metrics Registry : ratis.server.a8a1d134-8af3-42c4-83e7-63760987018e@group-791DE9EDD5F7
2020-08-03 13:24:11,217 [ForkJoinPool.commonPool-worker-0] INFO  impl.StateMachineUpdater (StateMachineUpdater.java:stopAndJoin(142)) - a8a1d134-8af3-42c4-83e7-63760987018e@group-791DE9EDD5F7-StateMachineUpdater: set stopIndex = 0
2020-08-03 13:24:11,217 [org.apache.ratis.server.impl.LogAppender$AppenderDaemon$$Lambda$450/2041443339@79cecfde] WARN  server.GrpcLogAppender (GrpcLogAppender.java:mayWait(153)) - a8a1d134-8af3-42c4-83e7-63760987018e@group-791DE9EDD5F7->8889aacf-63e0-4224-910f-f37fd04a741c-GrpcLogAppender: Wait interrupted by java.lang.InterruptedException
2020-08-03 13:24:11,218 [a8a1d134-8af3-42c4-83e7-63760987018e@group-791DE9EDD5F7-StateMachineUpdater] INFO  ratis.ContainerStateMachine (ContainerStateMachine.java:takeSnapshot(293)) - group-791DE9EDD5F7: Taking a snapshot at:(t:1, i:0) file /github/workspace/mnt/ozone/hadoop-ozone/integration-test/target/test-dir/MiniOzoneClusterImpl-7e68a8b4-1ba8-49bf-9ad5-192f3c798a38/datanode-3/data/ratis/080d282a-1c82-40b2-9ecc-791de9edd5f7/sm/snapshot.1_0
2020-08-03 13:24:11,218 [org.apache.ratis.server.impl.LogAppender$AppenderDaemon$$Lambda$450/2041443339@50362991] WARN  server.GrpcLogAppender (GrpcLogAppender.java:mayWait(153)) - a8a1d134-8af3-42c4-83e7-63760987018e@group-791DE9EDD5F7->fdbc600f-3b5f-4aad-829a-89e7c71c96d8-GrpcLogAppender: Wait interrupted by java.lang.InterruptedException
2020-08-03 13:24:11,222 [a8a1d134-8af3-42c4-83e7-63760987018e@group-791DE9EDD5F7-StateMachineUpdater] INFO  ratis.ContainerStateMachine (ContainerStateMachine.java:takeSnapshot(304)) - group-791DE9EDD5F7: Finished taking a snapshot at:(t:1, i:0) file:/github/workspace/mnt/ozone/hadoop-ozone/integration-test/target/test-dir/MiniOzoneClusterImpl-7e68a8b4-1ba8-49bf-9ad5-192f3c798a38/datanode-3/data/ratis/080d282a-1c82-40b2-9ecc-791de9edd5f7/sm/snapshot.1_0 time:5
2020-08-03 13:24:11,222 [a8a1d134-8af3-42c4-83e7-63760987018e@group-791DE9EDD5F7-StateMachineUpdater] INFO  impl.StateMachineUpdater (StateMachineUpdater.java:takeSnapshot(277)) - a8a1d134-8af3-42c4-83e7-63760987018e@group-791DE9EDD5F7-StateMachineUpdater: Took a snapshot at index 0
2020-08-03 13:24:11,222 [a8a1d134-8af3-42c4-83e7-63760987018e@group-791DE9EDD5F7-StateMachineUpdater] INFO  impl.StateMachineUpdater (StateMachineUpdater.java:lambda$new$0(87)) - a8a1d134-8af3-42c4-83e7-63760987018e@group-791DE9EDD5F7-StateMachineUpdater: snapshotIndex: updateIncreasingly -1 -> 0
2020-08-03 13:24:11,222 [a8a1d134-8af3-42c4-83e7-63760987018e@group-791DE9EDD5F7-StateMachineUpdater] INFO  metrics.RatisMetrics (RatisMetrics.java:unregister(43)) - Unregistering Metrics Registry : ratis.state_machine.a8a1d134-8af3-42c4-83e7-63760987018e@group-791DE9EDD5F7
2020-08-03 13:24:11,223 [ForkJoinPool.commonPool-worker-0] INFO  impl.RaftServerImpl (ServerState.java:close(387)) - a8a1d134-8af3-42c4-83e7-63760987018e@group-791DE9EDD5F7: closes. applyIndex: 0
2020-08-03 13:24:11,223 [grpc-default-executor-0] INFO  server.GrpcServerProtocolService (GrpcServerProtocolService.java:onCompleted(138)) - 8889aacf-63e0-4224-910f-f37fd04a741c: Completed APPEND_ENTRIES, lastRequest: a8a1d134-8af3-42c4-83e7-63760987018e->8889aacf-63e0-4224-910f-f37fd04a741c#1-t1, previous=(t:0, i:0), leaderCommit=0, initializing? false, entries: size=1, first=(t:1, i:0), CONFIGURATIONENTRY
2020-08-03 13:24:11,223 [a8a1d134-8af3-42c4-83e7-63760987018e@group-791DE9EDD5F7-SegmentedRaftLogWorker] INFO  segmented.SegmentedRaftLogWorker (SegmentedRaftLogWorker.java:run(327)) - a8a1d134-8af3-42c4-83e7-63760987018e@group-791DE9EDD5F7-SegmentedRaftLogWorker was interrupted, exiting. There are 0 tasks remaining in the queue.
2020-08-03 13:24:11,223 [grpc-default-executor-0] INFO  server.GrpcLogAppender (GrpcLogAppender.java:onCompleted(319)) - a8a1d134-8af3-42c4-83e7-63760987018e@group-791DE9EDD5F7->8889aacf-63e0-4224-910f-f37fd04a741c-AppendLogResponseHandler: follower responses appendEntries COMPLETED
2020-08-03 13:24:11,224 [grpc-default-executor-0] INFO  impl.FollowerInfo (FollowerInfo.java:lambda$new$0(51)) - a8a1d134-8af3-42c4-83e7-63760987018e@group-791DE9EDD5F7->8889aacf-63e0-4224-910f-f37fd04a741c: nextIndex: updateUnconditionally 1 -> 0
2020-08-03 13:24:11,227 [Listener at 127.0.0.1/37329] INFO  server.GrpcService (GrpcService.java:closeImpl(174)) - 8889aacf-63e0-4224-910f-f37fd04a741c: shutdown server with port 41647 successfully
2020-08-03 13:24:11,227 [ForkJoinPool.commonPool-worker-0] INFO  segmented.SegmentedRaftLogWorker (SegmentedRaftLogWorker.java:close(234)) - a8a1d134-8af3-42c4-83e7-63760987018e@group-791DE9EDD5F7-SegmentedRaftLogWorker close()
2020-08-03 13:24:11,230 [ForkJoinPool.commonPool-worker-0] INFO  metrics.RatisMetrics (RatisMetrics.java:unregister(43)) - Unregistering Metrics Registry : ratis.log_worker.a8a1d134-8af3-42c4-83e7-63760987018e@group-791DE9EDD5F7
2020-08-03 13:24:11,230 [ForkJoinPool.commonPool-worker-0] INFO  metrics.RatisMetrics (RatisMetrics.java:unregister(43)) - Unregistering Metrics Registry : ratis.leader_election.a8a1d134-8af3-42c4-83e7-63760987018e@group-791DE9EDD5F7
2020-08-03 13:24:11,230 [ForkJoinPool.commonPool-worker-0] INFO  metrics.RatisMetrics (RatisMetrics.java:unregister(43)) - Unregistering Metrics Registry : ratis.server.a8a1d134-8af3-42c4-83e7-63760987018e@group-791DE9EDD5F7
2020-08-03 13:24:11,230 [ForkJoinPool.commonPool-worker-0] INFO  server.GrpcService (GrpcService.java:closeImpl(166)) - a8a1d134-8af3-42c4-83e7-63760987018e: shutdown server with port 42655 now
2020-08-03 13:24:11,231 [ForkJoinPool.commonPool-worker-0] INFO  server.GrpcService (GrpcService.java:closeImpl(174)) - a8a1d134-8af3-42c4-83e7-63760987018e: shutdown server with port 42655 successfully
2020-08-03 13:24:11,230 [Listener at 127.0.0.1/37329] INFO  utils.BackgroundService (BackgroundService.java:shutdown(157)) - Shutting down service BlockDeletingService
2020-08-03 13:24:11,235 [Listener at 127.0.0.1/37329] INFO  statemachine.DatanodeStateMachine (DatanodeStateMachine.java:stopDaemon(454)) - Ozone container server stopped.
2020-08-03 13:24:11,235 [ForkJoinPool.commonPool-worker-0] INFO  utils.BackgroundService (BackgroundService.java:shutdown(157)) - Shutting down service BlockDeletingService
2020-08-03 13:24:11,236 [ForkJoinPool.commonPool-worker-0] INFO  statemachine.DatanodeStateMachine (DatanodeStateMachine.java:stopDaemon(454)) - Ozone container server stopped.
2020-08-03 13:24:11,242 [Listener at 127.0.0.1/37329] INFO  handler.ContextHandler (ContextHandler.java:doStop(1016)) - Stopped o.e.j.w.WebAppContext@31daef26{hddsDatanode,/,null,UNAVAILABLE}{jar:file:/home/user/.m2/repository/org/apache/hadoop/hadoop-hdds-container-service/0.6.0-SNAPSHOT/hadoop-hdds-container-service-0.6.0-SNAPSHOT.jar!/webapps/hddsDatanode}
2020-08-03 13:24:11,247 [Listener at 127.0.0.1/37329] INFO  server.AbstractConnector (AbstractConnector.java:doStop(380)) - Stopped ServerConnector@5eb11bb7{HTTP/1.1,[http/1.1]}{0.0.0.0:0}
2020-08-03 13:24:11,247 [Listener at 127.0.0.1/37329] INFO  server.session (HouseKeeper.java:stopScavenging(158)) - node0 Stopped scavenging
2020-08-03 13:24:11,247 [Listener at 127.0.0.1/37329] INFO  handler.ContextHandler (ContextHandler.java:doStop(1016)) - Stopped o.e.j.s.ServletContextHandler@11cf7dd{static,/static,jar:file:/home/user/.m2/repository/org/apache/hadoop/hadoop-hdds-container-service/0.6.0-SNAPSHOT/hadoop-hdds-container-service-0.6.0-SNAPSHOT.jar!/webapps/static,UNAVAILABLE}
2020-08-03 13:24:11,247 [Listener at 127.0.0.1/37329] INFO  handler.ContextHandler (ContextHandler.java:doStop(1016)) - Stopped o.e.j.s.ServletContextHandler@4e4892bf{logs,/logs,file:///github/workspace/mnt/ozone/hadoop-ozone/integration-test/target/log,UNAVAILABLE}
2020-08-03 13:24:11,248 [ForkJoinPool.commonPool-worker-0] INFO  handler.ContextHandler (ContextHandler.java:doStop(1016)) - Stopped o.e.j.w.WebAppContext@23fb943e{hddsDatanode,/,null,UNAVAILABLE}{jar:file:/home/user/.m2/repository/org/apache/hadoop/hadoop-hdds-container-service/0.6.0-SNAPSHOT/hadoop-hdds-container-service-0.6.0-SNAPSHOT.jar!/webapps/hddsDatanode}
2020-08-03 13:24:11,249 [ForkJoinPool.commonPool-worker-0] INFO  server.AbstractConnector (AbstractConnector.java:doStop(380)) - Stopped ServerConnector@33d102c9{HTTP/1.1,[http/1.1]}{0.0.0.0:0}
2020-08-03 13:24:11,249 [ForkJoinPool.commonPool-worker-0] INFO  server.session (HouseKeeper.java:stopScavenging(158)) - node0 Stopped scavenging
2020-08-03 13:24:11,251 [ForkJoinPool.commonPool-worker-0] INFO  handler.ContextHandler (ContextHandler.java:doStop(1016)) - Stopped o.e.j.s.ServletContextHandler@6ec2108c{static,/static,jar:file:/home/user/.m2/repository/org/apache/hadoop/hadoop-hdds-container-service/0.6.0-SNAPSHOT/hadoop-hdds-container-service-0.6.0-SNAPSHOT.jar!/webapps/static,UNAVAILABLE}
2020-08-03 13:24:11,253 [ForkJoinPool.commonPool-worker-0] INFO  handler.ContextHandler (ContextHandler.java:doStop(1016)) - Stopped o.e.j.s.ServletContextHandler@23295bac{logs,/logs,file:///github/workspace/mnt/ozone/hadoop-ozone/integration-test/target/log,UNAVAILABLE}
2020-08-03 13:24:11,958 [Datanode State Machine Thread - 0] INFO  statemachine.DatanodeStateMachine (DatanodeStateMachine.java:lambda$startDaemon$0(406)) - Ozone container server started.
2020-08-03 13:24:12,136 [Datanode State Machine Thread - 0] INFO  statemachine.DatanodeStateMachine (DatanodeStateMachine.java:lambda$startDaemon$0(406)) - Ozone container server started.
2020-08-03 13:24:13,647 [grpc-default-executor-2] WARN  server.GrpcLogAppender (LogUtils.java:warn(122)) - 5328ae2d-dffa-4840-b00a-ab3fd52ea77e@group-AC688C852745->ec3eb439-3e1f-444b-933e-76c1f64dd6e5-AppendLogResponseHandler: Failed appendEntries: org.apache.ratis.thirdparty.io.grpc.StatusRuntimeException: UNAVAILABLE: io exception
2020-08-03 13:24:13,648 [grpc-default-executor-2] INFO  impl.FollowerInfo (FollowerInfo.java:lambda$new$0(51)) - 5328ae2d-dffa-4840-b00a-ab3fd52ea77e@group-AC688C852745->ec3eb439-3e1f-444b-933e-76c1f64dd6e5: nextIndex: updateUnconditionally 1 -> 0
2020-08-03 13:24:16,149 [grpc-default-executor-0] WARN  server.GrpcLogAppender (LogUtils.java:warn(122)) - 5328ae2d-dffa-4840-b00a-ab3fd52ea77e@group-AC688C852745->ec3eb439-3e1f-444b-933e-76c1f64dd6e5-AppendLogResponseHandler: Failed appendEntries: org.apache.ratis.thirdparty.io.grpc.StatusRuntimeException: UNAVAILABLE: io exception
2020-08-03 13:24:16,150 [grpc-default-executor-0] INFO  impl.FollowerInfo (FollowerInfo.java:lambda$new$0(51)) - 5328ae2d-dffa-4840-b00a-ab3fd52ea77e@group-AC688C852745->ec3eb439-3e1f-444b-933e-76c1f64dd6e5: nextIndex: updateUnconditionally 1 -> 0
2020-08-03 13:24:16,249 [Listener at 127.0.0.1/37329] INFO  ozoneimpl.OzoneContainer (OzoneContainer.java:stop(259)) - Attempting to stop container services.
2020-08-03 13:24:16,249 [Listener at 127.0.0.1/37329] INFO  impl.RaftServerProxy (RaftServerProxy.java:lambda$close$4(319)) - c093d91c-53d9-47ac-8afb-a6fc9c740374: close
2020-08-03 13:24:16,249 [Listener at 127.0.0.1/37329] INFO  impl.RaftServerImpl (RaftServerImpl.java:lambda$shutdown$3(263)) - c093d91c-53d9-47ac-8afb-a6fc9c740374@group-66A8D4ECF519: shutdown
2020-08-03 13:24:16,250 [Listener at 127.0.0.1/37329] INFO  util.JmxRegister (JmxRegister.java:unregister(73)) - Successfully un-registered JMX Bean with object name Ratis:service=RaftServer,group=group-66A8D4ECF519,id=c093d91c-53d9-47ac-8afb-a6fc9c740374
2020-08-03 13:24:16,250 [Listener at 127.0.0.1/37329] INFO  impl.RoleInfo (RoleInfo.java:shutdownFollowerState(121)) - c093d91c-53d9-47ac-8afb-a6fc9c740374: shutdown FollowerState
2020-08-03 13:24:16,250 [Listener at 127.0.0.1/37329] INFO  impl.StateMachineUpdater (StateMachineUpdater.java:stopAndJoin(142)) - c093d91c-53d9-47ac-8afb-a6fc9c740374@group-66A8D4ECF519-StateMachineUpdater: set stopIndex = 0
2020-08-03 13:24:16,250 [Thread-1346] INFO  impl.FollowerState (FollowerState.java:run(117)) - c093d91c-53d9-47ac-8afb-a6fc9c740374@group-66A8D4ECF519-FollowerState was interrupted: java.lang.InterruptedException: sleep interrupted
2020-08-03 13:24:16,250 [c093d91c-53d9-47ac-8afb-a6fc9c740374@group-66A8D4ECF519-StateMachineUpdater] INFO  ratis.ContainerStateMachine (ContainerStateMachine.java:takeSnapshot(293)) - group-66A8D4ECF519: Taking a snapshot at:(t:1, i:0) file /github/workspace/mnt/ozone/hadoop-ozone/integration-test/target/test-dir/MiniOzoneClusterImpl-7e68a8b4-1ba8-49bf-9ad5-192f3c798a38/datanode-7/data/ratis/34e2d6a7-fb30-4cfb-a18a-66a8d4ecf519/sm/snapshot.1_0
2020-08-03 13:24:16,251 [c093d91c-53d9-47ac-8afb-a6fc9c740374@group-66A8D4ECF519-StateMachineUpdater] INFO  ratis.ContainerStateMachine (ContainerStateMachine.java:takeSnapshot(304)) - group-66A8D4ECF519: Finished taking a snapshot at:(t:1, i:0) file:/github/workspace/mnt/ozone/hadoop-ozone/integration-test/target/test-dir/MiniOzoneClusterImpl-7e68a8b4-1ba8-49bf-9ad5-192f3c798a38/datanode-7/data/ratis/34e2d6a7-fb30-4cfb-a18a-66a8d4ecf519/sm/snapshot.1_0 time:1
2020-08-03 13:24:16,252 [c093d91c-53d9-47ac-8afb-a6fc9c740374@group-66A8D4ECF519-StateMachineUpdater] INFO  impl.StateMachineUpdater (StateMachineUpdater.java:takeSnapshot(277)) - c093d91c-53d9-47ac-8afb-a6fc9c740374@group-66A8D4ECF519-StateMachineUpdater: Took a snapshot at index 0
2020-08-03 13:24:16,252 [c093d91c-53d9-47ac-8afb-a6fc9c740374@group-66A8D4ECF519-StateMachineUpdater] INFO  impl.StateMachineUpdater (StateMachineUpdater.java:lambda$new$0(87)) - c093d91c-53d9-47ac-8afb-a6fc9c740374@group-66A8D4ECF519-StateMachineUpdater: snapshotIndex: updateIncreasingly -1 -> 0
2020-08-03 13:24:16,252 [c093d91c-53d9-47ac-8afb-a6fc9c740374@group-66A8D4ECF519-StateMachineUpdater] INFO  metrics.RatisMetrics (RatisMetrics.java:unregister(43)) - Unregistering Metrics Registry : ratis.state_machine.c093d91c-53d9-47ac-8afb-a6fc9c740374@group-66A8D4ECF519
2020-08-03 13:24:16,252 [Listener at 127.0.0.1/37329] INFO  impl.RaftServerImpl (ServerState.java:close(387)) - c093d91c-53d9-47ac-8afb-a6fc9c740374@group-66A8D4ECF519: closes. applyIndex: 0
2020-08-03 13:24:16,252 [c093d91c-53d9-47ac-8afb-a6fc9c740374@group-66A8D4ECF519-SegmentedRaftLogWorker] INFO  segmented.SegmentedRaftLogWorker (SegmentedRaftLogWorker.java:run(327)) - c093d91c-53d9-47ac-8afb-a6fc9c740374@group-66A8D4ECF519-SegmentedRaftLogWorker was interrupted, exiting. There are 0 tasks remaining in the queue.
2020-08-03 13:24:16,254 [Listener at 127.0.0.1/37329] INFO  segmented.SegmentedRaftLogWorker (SegmentedRaftLogWorker.java:close(234)) - c093d91c-53d9-47ac-8afb-a6fc9c740374@group-66A8D4ECF519-SegmentedRaftLogWorker close()
2020-08-03 13:24:16,255 [Listener at 127.0.0.1/37329] INFO  metrics.RatisMetrics (RatisMetrics.java:unregister(43)) - Unregistering Metrics Registry : ratis.log_worker.c093d91c-53d9-47ac-8afb-a6fc9c740374@group-66A8D4ECF519
2020-08-03 13:24:16,255 [Listener at 127.0.0.1/37329] INFO  metrics.RatisMetrics (RatisMetrics.java:unregister(43)) - Unregistering Metrics Registry : ratis.leader_election.c093d91c-53d9-47ac-8afb-a6fc9c740374@group-66A8D4ECF519
2020-08-03 13:24:16,256 [ForkJoinPool.commonPool-worker-0] INFO  ozoneimpl.OzoneContainer (OzoneContainer.java:stop(259)) - Attempting to stop container services.
2020-08-03 13:24:16,256 [Listener at 127.0.0.1/37329] INFO  metrics.RatisMetrics (RatisMetrics.java:unregister(43)) - Unregistering Metrics Registry : ratis.server.c093d91c-53d9-47ac-8afb-a6fc9c740374@group-66A8D4ECF519
2020-08-03 13:24:16,256 [ForkJoinPool.commonPool-worker-0] INFO  impl.RaftServerProxy (RaftServerProxy.java:lambda$close$4(319)) - 1f92ab39-7028-4d7a-b43e-fc630492ec6f: close
2020-08-03 13:24:16,256 [Listener at 127.0.0.1/37329] INFO  impl.RaftServerImpl (RaftServerImpl.java:lambda$shutdown$3(263)) - c093d91c-53d9-47ac-8afb-a6fc9c740374@group-01893416B324: shutdown
2020-08-03 13:24:16,256 [ForkJoinPool.commonPool-worker-0] INFO  impl.RaftServerImpl (RaftServerImpl.java:lambda$shutdown$3(263)) - 1f92ab39-7028-4d7a-b43e-fc630492ec6f@group-AC688C852745: shutdown
2020-08-03 13:24:16,257 [ForkJoinPool.commonPool-worker-0] INFO  util.JmxRegister (JmxRegister.java:unregister(73)) - Successfully un-registered JMX Bean with object name Ratis:service=RaftServer,group=group-AC688C852745,id=1f92ab39-7028-4d7a-b43e-fc630492ec6f
2020-08-03 13:24:16,257 [ForkJoinPool.commonPool-worker-0] INFO  impl.RoleInfo (RoleInfo.java:shutdownFollowerState(121)) - 1f92ab39-7028-4d7a-b43e-fc630492ec6f: shutdown FollowerState
2020-08-03 13:24:16,257 [ForkJoinPool.commonPool-worker-0] INFO  impl.StateMachineUpdater (StateMachineUpdater.java:stopAndJoin(142)) - 1f92ab39-7028-4d7a-b43e-fc630492ec6f@group-AC688C852745-StateMachineUpdater: set stopIndex = 0
2020-08-03 13:24:16,257 [Thread-1396] INFO  impl.FollowerState (FollowerState.java:run(117)) - 1f92ab39-7028-4d7a-b43e-fc630492ec6f@group-AC688C852745-FollowerState was interrupted: java.lang.InterruptedException: sleep interrupted
2020-08-03 13:24:16,258 [1f92ab39-7028-4d7a-b43e-fc630492ec6f@group-AC688C852745-StateMachineUpdater] INFO  ratis.ContainerStateMachine (ContainerStateMachine.java:takeSnapshot(293)) - group-AC688C852745: Taking a snapshot at:(t:1, i:0) file /github/workspace/mnt/ozone/hadoop-ozone/integration-test/target/test-dir/MiniOzoneClusterImpl-7e68a8b4-1ba8-49bf-9ad5-192f3c798a38/datanode-0/data/ratis/4bc7c7b2-436c-43b4-baf6-ac688c852745/sm/snapshot.1_0
2020-08-03 13:24:16,258 [Listener at 127.0.0.1/37329] INFO  util.JmxRegister (JmxRegister.java:unregister(73)) - Successfully un-registered JMX Bean with object name Ratis:service=RaftServer,group=group-01893416B324,id=c093d91c-53d9-47ac-8afb-a6fc9c740374
2020-08-03 13:24:16,258 [Listener at 127.0.0.1/37329] INFO  impl.RoleInfo (RoleInfo.java:shutdownLeaderState(104)) - c093d91c-53d9-47ac-8afb-a6fc9c740374: shutdown LeaderState
2020-08-03 13:24:16,258 [1f92ab39-7028-4d7a-b43e-fc630492ec6f@group-AC688C852745-StateMachineUpdater] INFO  ratis.ContainerStateMachine (ContainerStateMachine.java:takeSnapshot(304)) - group-AC688C852745: Finished taking a snapshot at:(t:1, i:0) file:/github/workspace/mnt/ozone/hadoop-ozone/integration-test/target/test-dir/MiniOzoneClusterImpl-7e68a8b4-1ba8-49bf-9ad5-192f3c798a38/datanode-0/data/ratis/4bc7c7b2-436c-43b4-baf6-ac688c852745/sm/snapshot.1_0 time:0
2020-08-03 13:24:16,259 [1f92ab39-7028-4d7a-b43e-fc630492ec6f@group-AC688C852745-StateMachineUpdater] INFO  impl.StateMachineUpdater (StateMachineUpdater.java:takeSnapshot(277)) - 1f92ab39-7028-4d7a-b43e-fc630492ec6f@group-AC688C852745-StateMachineUpdater: Took a snapshot at index 0
2020-08-03 13:24:16,259 [1f92ab39-7028-4d7a-b43e-fc630492ec6f@group-AC688C852745-StateMachineUpdater] INFO  impl.StateMachineUpdater (StateMachineUpdater.java:lambda$new$0(87)) - 1f92ab39-7028-4d7a-b43e-fc630492ec6f@group-AC688C852745-StateMachineUpdater: snapshotIndex: updateIncreasingly -1 -> 0
2020-08-03 13:24:16,259 [Listener at 127.0.0.1/37329] INFO  impl.PendingRequests (PendingRequests.java:sendNotLeaderResponses(249)) - c093d91c-53d9-47ac-8afb-a6fc9c740374@group-01893416B324-PendingRequests: sendNotLeaderResponses
2020-08-03 13:24:16,259 [Listener at 127.0.0.1/37329] INFO  metrics.RatisMetrics (RatisMetrics.java:unregister(43)) - Unregistering Metrics Registry : ratis.log_appender.c093d91c-53d9-47ac-8afb-a6fc9c740374@group-01893416B324
2020-08-03 13:24:16,260 [1f92ab39-7028-4d7a-b43e-fc630492ec6f@group-AC688C852745-StateMachineUpdater] INFO  metrics.RatisMetrics (RatisMetrics.java:unregister(43)) - Unregistering Metrics Registry : ratis.state_machine.1f92ab39-7028-4d7a-b43e-fc630492ec6f@group-AC688C852745
2020-08-03 13:24:16,260 [ForkJoinPool.commonPool-worker-0] INFO  impl.RaftServerImpl (ServerState.java:close(387)) - 1f92ab39-7028-4d7a-b43e-fc630492ec6f@group-AC688C852745: closes. applyIndex: 0
2020-08-03 13:24:16,260 [Listener at 127.0.0.1/37329] INFO  metrics.RatisMetrics (RatisMetrics.java:unregister(43)) - Unregistering Metrics Registry : ratis.server.c093d91c-53d9-47ac-8afb-a6fc9c740374@group-01893416B324
2020-08-03 13:24:16,260 [1f92ab39-7028-4d7a-b43e-fc630492ec6f@group-AC688C852745-SegmentedRaftLogWorker] INFO  segmented.SegmentedRaftLogWorker (SegmentedRaftLogWorker.java:run(327)) - 1f92ab39-7028-4d7a-b43e-fc630492ec6f@group-AC688C852745-SegmentedRaftLogWorker was interrupted, exiting. There are 0 tasks remaining in the queue.
2020-08-03 13:24:16,261 [ForkJoinPool.commonPool-worker-0] INFO  segmented.SegmentedRaftLogWorker (SegmentedRaftLogWorker.java:close(234)) - 1f92ab39-7028-4d7a-b43e-fc630492ec6f@group-AC688C852745-SegmentedRaftLogWorker close()
2020-08-03 13:24:16,262 [ForkJoinPool.commonPool-worker-0] INFO  metrics.RatisMetrics (RatisMetrics.java:unregister(43)) - Unregistering Metrics Registry : ratis.log_worker.1f92ab39-7028-4d7a-b43e-fc630492ec6f@group-AC688C852745
2020-08-03 13:24:16,262 [ForkJoinPool.commonPool-worker-0] INFO  metrics.RatisMetrics (RatisMetrics.java:unregister(43)) - Unregistering Metrics Registry : ratis.leader_election.1f92ab39-7028-4d7a-b43e-fc630492ec6f@group-AC688C852745
2020-08-03 13:24:16,262 [ForkJoinPool.commonPool-worker-0] INFO  metrics.RatisMetrics (RatisMetrics.java:unregister(43)) - Unregistering Metrics Registry : ratis.server.1f92ab39-7028-4d7a-b43e-fc630492ec6f@group-AC688C852745
2020-08-03 13:24:16,262 [ForkJoinPool.commonPool-worker-0] INFO  impl.RaftServerImpl (RaftServerImpl.java:lambda$shutdown$3(263)) - 1f92ab39-7028-4d7a-b43e-fc630492ec6f@group-1D955F22E1D5: shutdown
2020-08-03 13:24:16,262 [ForkJoinPool.commonPool-worker-0] INFO  util.JmxRegister (JmxRegister.java:unregister(73)) - Successfully un-registered JMX Bean with object name Ratis:service=RaftServer,group=group-1D955F22E1D5,id=1f92ab39-7028-4d7a-b43e-fc630492ec6f
2020-08-03 13:24:16,263 [ForkJoinPool.commonPool-worker-0] INFO  impl.RoleInfo (RoleInfo.java:shutdownLeaderState(104)) - 1f92ab39-7028-4d7a-b43e-fc630492ec6f: shutdown LeaderState
2020-08-03 13:24:16,263 [ForkJoinPool.commonPool-worker-0] INFO  impl.PendingRequests (PendingRequests.java:sendNotLeaderResponses(249)) - 1f92ab39-7028-4d7a-b43e-fc630492ec6f@group-1D955F22E1D5-PendingRequests: sendNotLeaderResponses
2020-08-03 13:24:16,263 [ForkJoinPool.commonPool-worker-0] INFO  metrics.RatisMetrics (RatisMetrics.java:unregister(43)) - Unregistering Metrics Registry : ratis.log_appender.1f92ab39-7028-4d7a-b43e-fc630492ec6f@group-1D955F22E1D5
2020-08-03 13:24:16,263 [ForkJoinPool.commonPool-worker-0] INFO  metrics.RatisMetrics (RatisMetrics.java:unregister(43)) - Unregistering Metrics Registry : ratis.server.1f92ab39-7028-4d7a-b43e-fc630492ec6f@group-1D955F22E1D5
2020-08-03 13:24:16,264 [ForkJoinPool.commonPool-worker-0] INFO  impl.StateMachineUpdater (StateMachineUpdater.java:stopAndJoin(142)) - 1f92ab39-7028-4d7a-b43e-fc630492ec6f@group-1D955F22E1D5-StateMachineUpdater: set stopIndex = 0
2020-08-03 13:24:16,264 [1f92ab39-7028-4d7a-b43e-fc630492ec6f@group-1D955F22E1D5-StateMachineUpdater] INFO  ratis.ContainerStateMachine (ContainerStateMachine.java:takeSnapshot(293)) - group-1D955F22E1D5: Taking a snapshot at:(t:1, i:0) file /github/workspace/mnt/ozone/hadoop-ozone/integration-test/target/test-dir/MiniOzoneClusterImpl-7e68a8b4-1ba8-49bf-9ad5-192f3c798a38/datanode-0/data/ratis/29fbe4a6-c6b9-48b5-a83c-1d955f22e1d5/sm/snapshot.1_0
2020-08-03 13:24:16,264 [1f92ab39-7028-4d7a-b43e-fc630492ec6f@group-1D955F22E1D5-StateMachineUpdater] INFO  ratis.ContainerStateMachine (ContainerStateMachine.java:takeSnapshot(304)) - group-1D955F22E1D5: Finished taking a snapshot at:(t:1, i:0) file:/github/workspace/mnt/ozone/hadoop-ozone/integration-test/target/test-dir/MiniOzoneClusterImpl-7e68a8b4-1ba8-49bf-9ad5-192f3c798a38/datanode-0/data/ratis/29fbe4a6-c6b9-48b5-a83c-1d955f22e1d5/sm/snapshot.1_0 time:0
2020-08-03 13:24:16,265 [1f92ab39-7028-4d7a-b43e-fc630492ec6f@group-1D955F22E1D5-StateMachineUpdater] INFO  impl.StateMachineUpdater (StateMachineUpdater.java:takeSnapshot(277)) - 1f92ab39-7028-4d7a-b43e-fc630492ec6f@group-1D955F22E1D5-StateMachineUpdater: Took a snapshot at index 0
2020-08-03 13:24:16,265 [1f92ab39-7028-4d7a-b43e-fc630492ec6f@group-1D955F22E1D5-StateMachineUpdater] INFO  impl.StateMachineUpdater (StateMachineUpdater.java:lambda$new$0(87)) - 1f92ab39-7028-4d7a-b43e-fc630492ec6f@group-1D955F22E1D5-StateMachineUpdater: snapshotIndex: updateIncreasingly -1 -> 0
2020-08-03 13:24:16,265 [1f92ab39-7028-4d7a-b43e-fc630492ec6f@group-1D955F22E1D5-StateMachineUpdater] INFO  metrics.RatisMetrics (RatisMetrics.java:unregister(43)) - Unregistering Metrics Registry : ratis.state_machine.1f92ab39-7028-4d7a-b43e-fc630492ec6f@group-1D955F22E1D5
2020-08-03 13:24:16,265 [ForkJoinPool.commonPool-worker-0] INFO  impl.RaftServerImpl (ServerState.java:close(387)) - 1f92ab39-7028-4d7a-b43e-fc630492ec6f@group-1D955F22E1D5: closes. applyIndex: 0
2020-08-03 13:24:16,265 [1f92ab39-7028-4d7a-b43e-fc630492ec6f@group-1D955F22E1D5-SegmentedRaftLogWorker] INFO  segmented.SegmentedRaftLogWorker (SegmentedRaftLogWorker.java:run(327)) - 1f92ab39-7028-4d7a-b43e-fc630492ec6f@group-1D955F22E1D5-SegmentedRaftLogWorker was interrupted, exiting. There are 0 tasks remaining in the queue.
2020-08-03 13:24:16,267 [ForkJoinPool.commonPool-worker-0] INFO  segmented.SegmentedRaftLogWorker (SegmentedRaftLogWorker.java:close(234)) - 1f92ab39-7028-4d7a-b43e-fc630492ec6f@group-1D955F22E1D5-SegmentedRaftLogWorker close()
2020-08-03 13:24:16,268 [ForkJoinPool.commonPool-worker-0] INFO  metrics.RatisMetrics (RatisMetrics.java:unregister(43)) - Unregistering Metrics Registry : ratis.log_worker.1f92ab39-7028-4d7a-b43e-fc630492ec6f@group-1D955F22E1D5
2020-08-03 13:24:16,268 [Listener at 127.0.0.1/37329] INFO  impl.StateMachineUpdater (StateMachineUpdater.java:stopAndJoin(142)) - c093d91c-53d9-47ac-8afb-a6fc9c740374@group-01893416B324-StateMachineUpdater: set stopIndex = 0
2020-08-03 13:24:16,268 [ForkJoinPool.commonPool-worker-0] INFO  metrics.RatisMetrics (RatisMetrics.java:unregister(43)) - Unregistering Metrics Registry : ratis.leader_election.1f92ab39-7028-4d7a-b43e-fc630492ec6f@group-1D955F22E1D5
2020-08-03 13:24:16,268 [ForkJoinPool.commonPool-worker-0] INFO  metrics.RatisMetrics (RatisMetrics.java:unregister(43)) - Unregistering Metrics Registry : ratis.server.1f92ab39-7028-4d7a-b43e-fc630492ec6f@group-1D955F22E1D5
2020-08-03 13:24:16,268 [ForkJoinPool.commonPool-worker-0] INFO  server.GrpcService (GrpcService.java:closeImpl(166)) - 1f92ab39-7028-4d7a-b43e-fc630492ec6f: shutdown server with port 38387 now
2020-08-03 13:24:16,268 [c093d91c-53d9-47ac-8afb-a6fc9c740374@group-01893416B324-StateMachineUpdater] INFO  ratis.ContainerStateMachine (ContainerStateMachine.java:takeSnapshot(293)) - group-01893416B324: Taking a snapshot at:(t:1, i:0) file /github/workspace/mnt/ozone/hadoop-ozone/integration-test/target/test-dir/MiniOzoneClusterImpl-7e68a8b4-1ba8-49bf-9ad5-192f3c798a38/datanode-7/data/ratis/ff6053d6-fac6-40e5-9987-01893416b324/sm/snapshot.1_0
2020-08-03 13:24:16,270 [c093d91c-53d9-47ac-8afb-a6fc9c740374@group-01893416B324-StateMachineUpdater] INFO  ratis.ContainerStateMachine (ContainerStateMachine.java:takeSnapshot(304)) - group-01893416B324: Finished taking a snapshot at:(t:1, i:0) file:/github/workspace/mnt/ozone/hadoop-ozone/integration-test/target/test-dir/MiniOzoneClusterImpl-7e68a8b4-1ba8-49bf-9ad5-192f3c798a38/datanode-7/data/ratis/ff6053d6-fac6-40e5-9987-01893416b324/sm/snapshot.1_0 time:2
2020-08-03 13:24:16,270 [c093d91c-53d9-47ac-8afb-a6fc9c740374@group-01893416B324-StateMachineUpdater] INFO  impl.StateMachineUpdater (StateMachineUpdater.java:takeSnapshot(277)) - c093d91c-53d9-47ac-8afb-a6fc9c740374@group-01893416B324-StateMachineUpdater: Took a snapshot at index 0
2020-08-03 13:24:16,270 [c093d91c-53d9-47ac-8afb-a6fc9c740374@group-01893416B324-StateMachineUpdater] INFO  impl.StateMachineUpdater (StateMachineUpdater.java:lambda$new$0(87)) - c093d91c-53d9-47ac-8afb-a6fc9c740374@group-01893416B324-StateMachineUpdater: snapshotIndex: updateIncreasingly -1 -> 0
2020-08-03 13:24:16,270 [c093d91c-53d9-47ac-8afb-a6fc9c740374@group-01893416B324-StateMachineUpdater] INFO  metrics.RatisMetrics (RatisMetrics.java:unregister(43)) - Unregistering Metrics Registry : ratis.state_machine.c093d91c-53d9-47ac-8afb-a6fc9c740374@group-01893416B324
2020-08-03 13:24:16,270 [Listener at 127.0.0.1/37329] INFO  impl.RaftServerImpl (ServerState.java:close(387)) - c093d91c-53d9-47ac-8afb-a6fc9c740374@group-01893416B324: closes. applyIndex: 0
2020-08-03 13:24:16,271 [c093d91c-53d9-47ac-8afb-a6fc9c740374@group-01893416B324-SegmentedRaftLogWorker] INFO  segmented.SegmentedRaftLogWorker (SegmentedRaftLogWorker.java:run(327)) - c093d91c-53d9-47ac-8afb-a6fc9c740374@group-01893416B324-SegmentedRaftLogWorker was interrupted, exiting. There are 0 tasks remaining in the queue.
2020-08-03 13:24:16,271 [ForkJoinPool.commonPool-worker-0] INFO  server.GrpcService (GrpcService.java:closeImpl(174)) - 1f92ab39-7028-4d7a-b43e-fc630492ec6f: shutdown server with port 38387 successfully
2020-08-03 13:24:16,271 [Listener at 127.0.0.1/37329] INFO  segmented.SegmentedRaftLogWorker (SegmentedRaftLogWorker.java:close(234)) - c093d91c-53d9-47ac-8afb-a6fc9c740374@group-01893416B324-SegmentedRaftLogWorker close()
2020-08-03 13:24:16,271 [grpc-default-executor-2] WARN  server.GrpcServerProtocolService (LogUtils.java:warn(122)) - 1f92ab39-7028-4d7a-b43e-fc630492ec6f: installSnapshot onError, lastRequest: 5328ae2d-dffa-4840-b00a-ab3fd52ea77e->1f92ab39-7028-4d7a-b43e-fc630492ec6f#1-t1, previous=(t:0, i:0), leaderCommit=0, initializing? false, entries: size=1, first=(t:1, i:0), CONFIGURATIONENTRY: org.apache.ratis.thirdparty.io.grpc.StatusRuntimeException: CANCELLED: cancelled before receiving half close
2020-08-03 13:24:16,273 [grpc-default-executor-0] WARN  server.GrpcLogAppender (LogUtils.java:warn(122)) - 5328ae2d-dffa-4840-b00a-ab3fd52ea77e@group-AC688C852745->1f92ab39-7028-4d7a-b43e-fc630492ec6f-AppendLogResponseHandler: Failed appendEntries: org.apache.ratis.thirdparty.io.grpc.StatusRuntimeException: CANCELLED: HTTP/2 error code: CANCEL
Received Rst Stream
2020-08-03 13:24:16,278 [Listener at 127.0.0.1/37329] INFO  metrics.RatisMetrics (RatisMetrics.java:unregister(43)) - Unregistering Metrics Registry : ratis.log_worker.c093d91c-53d9-47ac-8afb-a6fc9c740374@group-01893416B324
2020-08-03 13:24:16,279 [ForkJoinPool.commonPool-worker-0] INFO  utils.BackgroundService (BackgroundService.java:shutdown(157)) - Shutting down service BlockDeletingService
2020-08-03 13:24:16,279 [grpc-default-executor-0] INFO  impl.FollowerInfo (FollowerInfo.java:lambda$new$0(51)) - 5328ae2d-dffa-4840-b00a-ab3fd52ea77e@group-AC688C852745->1f92ab39-7028-4d7a-b43e-fc630492ec6f: nextIndex: updateUnconditionally 1 -> 0
2020-08-03 13:24:16,279 [Listener at 127.0.0.1/37329] INFO  metrics.RatisMetrics (RatisMetrics.java:unregister(43)) - Unregistering Metrics Registry : ratis.leader_election.c093d91c-53d9-47ac-8afb-a6fc9c740374@group-01893416B324
2020-08-03 13:24:16,280 [Listener at 127.0.0.1/37329] INFO  metrics.RatisMetrics (RatisMetrics.java:unregister(43)) - Unregistering Metrics Registry : ratis.server.c093d91c-53d9-47ac-8afb-a6fc9c740374@group-01893416B324
2020-08-03 13:24:16,280 [ForkJoinPool.commonPool-worker-0] INFO  statemachine.DatanodeStateMachine (DatanodeStateMachine.java:stopDaemon(454)) - Ozone container server stopped.
2020-08-03 13:24:16,280 [Listener at 127.0.0.1/37329] INFO  server.GrpcService (GrpcService.java:closeImpl(166)) - c093d91c-53d9-47ac-8afb-a6fc9c740374: shutdown server with port 33407 now
2020-08-03 13:24:16,290 [ForkJoinPool.commonPool-worker-0] INFO  handler.ContextHandler (ContextHandler.java:doStop(1016)) - Stopped o.e.j.w.WebAppContext@13de7bba{hddsDatanode,/,null,UNAVAILABLE}{jar:file:/home/user/.m2/repository/org/apache/hadoop/hadoop-hdds-container-service/0.6.0-SNAPSHOT/hadoop-hdds-container-service-0.6.0-SNAPSHOT.jar!/webapps/hddsDatanode}
2020-08-03 13:24:16,291 [grpc-default-executor-2] WARN  server.GrpcServerProtocolService (LogUtils.java:warn(122)) - c093d91c-53d9-47ac-8afb-a6fc9c740374: installSnapshot onError, lastRequest: 0a736a62-de9a-4ec3-9e43-f4a7dc0d3b3f->c093d91c-53d9-47ac-8afb-a6fc9c740374#1-t1, previous=(t:0, i:0), leaderCommit=0, initializing? false, entries: size=1, first=(t:1, i:0), CONFIGURATIONENTRY: org.apache.ratis.thirdparty.io.grpc.StatusRuntimeException: CANCELLED: cancelled before receiving half close
2020-08-03 13:24:16,292 [Listener at 127.0.0.1/37329] INFO  server.GrpcService (GrpcService.java:closeImpl(174)) - c093d91c-53d9-47ac-8afb-a6fc9c740374: shutdown server with port 33407 successfully
2020-08-03 13:24:16,292 [grpc-default-executor-0] WARN  server.GrpcLogAppender (LogUtils.java:warn(122)) - 0a736a62-de9a-4ec3-9e43-f4a7dc0d3b3f@group-66A8D4ECF519->c093d91c-53d9-47ac-8afb-a6fc9c740374-AppendLogResponseHandler: Failed appendEntries: org.apache.ratis.thirdparty.io.grpc.StatusRuntimeException: CANCELLED: HTTP/2 error code: CANCEL
Received Rst Stream
2020-08-03 13:24:16,292 [ForkJoinPool.commonPool-worker-0] INFO  server.AbstractConnector (AbstractConnector.java:doStop(380)) - Stopped ServerConnector@2081b4a8{HTTP/1.1,[http/1.1]}{0.0.0.0:0}
2020-08-03 13:24:16,293 [ForkJoinPool.commonPool-worker-0] INFO  server.session (HouseKeeper.java:stopScavenging(158)) - node0 Stopped scavenging
2020-08-03 13:24:16,293 [Listener at 127.0.0.1/37329] INFO  utils.BackgroundService (BackgroundService.java:shutdown(157)) - Shutting down service BlockDeletingService
2020-08-03 13:24:16,293 [grpc-default-executor-0] INFO  impl.FollowerInfo (FollowerInfo.java:lambda$new$0(51)) - 0a736a62-de9a-4ec3-9e43-f4a7dc0d3b3f@group-66A8D4ECF519->c093d91c-53d9-47ac-8afb-a6fc9c740374: nextIndex: updateUnconditionally 1 -> 0
2020-08-03 13:24:16,294 [Listener at 127.0.0.1/37329] INFO  statemachine.DatanodeStateMachine (DatanodeStateMachine.java:stopDaemon(454)) - Ozone container server stopped.
2020-08-03 13:24:16,298 [ForkJoinPool.commonPool-worker-0] INFO  handler.ContextHandler (ContextHandler.java:doStop(1016)) - Stopped o.e.j.s.ServletContextHandler@25dee62{static,/static,jar:file:/home/user/.m2/repository/org/apache/hadoop/hadoop-hdds-container-service/0.6.0-SNAPSHOT/hadoop-hdds-container-service-0.6.0-SNAPSHOT.jar!/webapps/static,UNAVAILABLE}
2020-08-03 13:24:16,299 [ForkJoinPool.commonPool-worker-0] INFO  handler.ContextHandler (ContextHandler.java:doStop(1016)) - Stopped o.e.j.s.ServletContextHandler@7cff8996{logs,/logs,file:///github/workspace/mnt/ozone/hadoop-ozone/integration-test/target/log,UNAVAILABLE}
2020-08-03 13:24:16,302 [Listener at 127.0.0.1/37329] INFO  handler.ContextHandler (ContextHandler.java:doStop(1016)) - Stopped o.e.j.w.WebAppContext@4b453c61{hddsDatanode,/,null,UNAVAILABLE}{jar:file:/home/user/.m2/repository/org/apache/hadoop/hadoop-hdds-container-service/0.6.0-SNAPSHOT/hadoop-hdds-container-service-0.6.0-SNAPSHOT.jar!/webapps/hddsDatanode}
2020-08-03 13:24:16,305 [Listener at 127.0.0.1/37329] INFO  server.AbstractConnector (AbstractConnector.java:doStop(380)) - Stopped ServerConnector@9a99c10{HTTP/1.1,[http/1.1]}{0.0.0.0:0}
2020-08-03 13:24:16,305 [Listener at 127.0.0.1/37329] INFO  server.session (HouseKeeper.java:stopScavenging(158)) - node0 Stopped scavenging
2020-08-03 13:24:16,305 [Listener at 127.0.0.1/37329] INFO  handler.ContextHandler (ContextHandler.java:doStop(1016)) - Stopped o.e.j.s.ServletContextHandler@23339a25{static,/static,jar:file:/home/user/.m2/repository/org/apache/hadoop/hadoop-hdds-container-service/0.6.0-SNAPSHOT/hadoop-hdds-container-service-0.6.0-SNAPSHOT.jar!/webapps/static,UNAVAILABLE}
2020-08-03 13:24:16,305 [Listener at 127.0.0.1/37329] INFO  handler.ContextHandler (ContextHandler.java:doStop(1016)) - Stopped o.e.j.s.ServletContextHandler@7ce15695{logs,/logs,file:///github/workspace/mnt/ozone/hadoop-ozone/integration-test/target/log,UNAVAILABLE}
2020-08-03 13:24:16,997 [Datanode State Machine Thread - 0] INFO  statemachine.DatanodeStateMachine (DatanodeStateMachine.java:lambda$startDaemon$0(406)) - Ozone container server started.
2020-08-03 13:24:17,117 [Datanode State Machine Thread - 0] INFO  statemachine.DatanodeStateMachine (DatanodeStateMachine.java:lambda$startDaemon$0(406)) - Ozone container server started.
2020-08-03 13:24:18,321 [grpc-default-executor-2] WARN  server.GrpcLogAppender (LogUtils.java:warn(122)) - 0a736a62-de9a-4ec3-9e43-f4a7dc0d3b3f@group-66A8D4ECF519->c093d91c-53d9-47ac-8afb-a6fc9c740374-AppendLogResponseHandler: Failed appendEntries: org.apache.ratis.thirdparty.io.grpc.StatusRuntimeException: UNAVAILABLE: io exception
2020-08-03 13:24:18,322 [grpc-default-executor-2] INFO  impl.FollowerInfo (FollowerInfo.java:lambda$new$0(51)) - 0a736a62-de9a-4ec3-9e43-f4a7dc0d3b3f@group-66A8D4ECF519->c093d91c-53d9-47ac-8afb-a6fc9c740374: nextIndex: updateUnconditionally 1 -> 0
2020-08-03 13:24:18,652 [grpc-default-executor-0] WARN  server.GrpcLogAppender (LogUtils.java:warn(122)) - 5328ae2d-dffa-4840-b00a-ab3fd52ea77e@group-AC688C852745->ec3eb439-3e1f-444b-933e-76c1f64dd6e5-AppendLogResponseHandler: Failed appendEntries: org.apache.ratis.thirdparty.io.grpc.StatusRuntimeException: UNAVAILABLE: io exception
2020-08-03 13:24:18,653 [grpc-default-executor-0] INFO  impl.FollowerInfo (FollowerInfo.java:lambda$new$0(51)) - 5328ae2d-dffa-4840-b00a-ab3fd52ea77e@group-AC688C852745->ec3eb439-3e1f-444b-933e-76c1f64dd6e5: nextIndex: updateUnconditionally 1 -> 0
2020-08-03 13:24:18,681 [grpc-default-executor-2] WARN  server.GrpcLogAppender (LogUtils.java:warn(122)) - 5328ae2d-dffa-4840-b00a-ab3fd52ea77e@group-AC688C852745->1f92ab39-7028-4d7a-b43e-fc630492ec6f-AppendLogResponseHandler: Failed appendEntries: org.apache.ratis.thirdparty.io.grpc.StatusRuntimeException: UNAVAILABLE: io exception
2020-08-03 13:24:18,682 [grpc-default-executor-2] INFO  impl.FollowerInfo (FollowerInfo.java:lambda$new$0(51)) - 5328ae2d-dffa-4840-b00a-ab3fd52ea77e@group-AC688C852745->1f92ab39-7028-4d7a-b43e-fc630492ec6f: nextIndex: updateUnconditionally 1 -> 0
2020-08-03 13:24:20,822 [grpc-default-executor-0] WARN  server.GrpcLogAppender (LogUtils.java:warn(122)) - 0a736a62-de9a-4ec3-9e43-f4a7dc0d3b3f@group-66A8D4ECF519->c093d91c-53d9-47ac-8afb-a6fc9c740374-AppendLogResponseHandler: Failed appendEntries: org.apache.ratis.thirdparty.io.grpc.StatusRuntimeException: UNAVAILABLE: io exception
2020-08-03 13:24:20,825 [grpc-default-executor-0] INFO  impl.FollowerInfo (FollowerInfo.java:lambda$new$0(51)) - 0a736a62-de9a-4ec3-9e43-f4a7dc0d3b3f@group-66A8D4ECF519->c093d91c-53d9-47ac-8afb-a6fc9c740374: nextIndex: updateUnconditionally 1 -> 0
2020-08-03 13:24:21,153 [grpc-default-executor-2] WARN  server.GrpcLogAppender (LogUtils.java:warn(122)) - 5328ae2d-dffa-4840-b00a-ab3fd52ea77e@group-AC688C852745->ec3eb439-3e1f-444b-933e-76c1f64dd6e5-AppendLogResponseHandler: Failed appendEntries: org.apache.ratis.thirdparty.io.grpc.StatusRuntimeException: UNAVAILABLE: io exception
2020-08-03 13:24:21,154 [grpc-default-executor-2] INFO  impl.FollowerInfo (FollowerInfo.java:lambda$new$0(51)) - 5328ae2d-dffa-4840-b00a-ab3fd52ea77e@group-AC688C852745->ec3eb439-3e1f-444b-933e-76c1f64dd6e5: nextIndex: updateUnconditionally 1 -> 0
2020-08-03 13:24:21,183 [grpc-default-executor-0] WARN  server.GrpcLogAppender (LogUtils.java:warn(122)) - 5328ae2d-dffa-4840-b00a-ab3fd52ea77e@group-AC688C852745->1f92ab39-7028-4d7a-b43e-fc630492ec6f-AppendLogResponseHandler: Failed appendEntries: org.apache.ratis.thirdparty.io.grpc.StatusRuntimeException: UNAVAILABLE: io exception
2020-08-03 13:24:21,184 [grpc-default-executor-0] INFO  impl.FollowerInfo (FollowerInfo.java:lambda$new$0(51)) - 5328ae2d-dffa-4840-b00a-ab3fd52ea77e@group-AC688C852745->1f92ab39-7028-4d7a-b43e-fc630492ec6f: nextIndex: updateUnconditionally 1 -> 0
2020-08-03 13:24:21,305 [ForkJoinPool.commonPool-worker-0] INFO  ozoneimpl.OzoneContainer (OzoneContainer.java:stop(259)) - Attempting to stop container services.
2020-08-03 13:24:21,305 [ForkJoinPool.commonPool-worker-0] INFO  impl.RaftServerProxy (RaftServerProxy.java:lambda$close$4(319)) - 5328ae2d-dffa-4840-b00a-ab3fd52ea77e: close
2020-08-03 13:24:21,306 [ForkJoinPool.commonPool-worker-0] INFO  impl.RaftServerImpl (RaftServerImpl.java:lambda$shutdown$3(263)) - 5328ae2d-dffa-4840-b00a-ab3fd52ea77e@group-AC688C852745: shutdown
2020-08-03 13:24:21,306 [ForkJoinPool.commonPool-worker-0] INFO  util.JmxRegister (JmxRegister.java:unregister(73)) - Successfully un-registered JMX Bean with object name Ratis:service=RaftServer,group=group-AC688C852745,id=5328ae2d-dffa-4840-b00a-ab3fd52ea77e
2020-08-03 13:24:21,306 [ForkJoinPool.commonPool-worker-0] INFO  impl.RoleInfo (RoleInfo.java:shutdownLeaderState(104)) - 5328ae2d-dffa-4840-b00a-ab3fd52ea77e: shutdown LeaderState
2020-08-03 13:24:21,306 [ForkJoinPool.commonPool-worker-0] INFO  metrics.RatisMetrics (RatisMetrics.java:unregister(43)) - Unregistering Metrics Registry : ratis_grpc.log_appender.5328ae2d-dffa-4840-b00a-ab3fd52ea77e@group-AC688C852745
2020-08-03 13:24:21,307 [ForkJoinPool.commonPool-worker-0] INFO  metrics.RatisMetrics (RatisMetrics.java:unregister(43)) - Unregistering Metrics Registry : ratis_grpc.log_appender.5328ae2d-dffa-4840-b00a-ab3fd52ea77e@group-AC688C852745
2020-08-03 13:24:21,307 [org.apache.ratis.server.impl.LogAppender$AppenderDaemon$$Lambda$450/2041443339@56ba977a] WARN  server.GrpcLogAppender (GrpcLogAppender.java:mayWait(153)) - 5328ae2d-dffa-4840-b00a-ab3fd52ea77e@group-AC688C852745->ec3eb439-3e1f-444b-933e-76c1f64dd6e5-GrpcLogAppender: Wait interrupted by java.lang.InterruptedException
2020-08-03 13:24:21,308 [ForkJoinPool.commonPool-worker-0] INFO  impl.PendingRequests (PendingRequests.java:sendNotLeaderResponses(249)) - 5328ae2d-dffa-4840-b00a-ab3fd52ea77e@group-AC688C852745-PendingRequests: sendNotLeaderResponses
2020-08-03 13:24:21,308 [org.apache.ratis.server.impl.LogAppender$AppenderDaemon$$Lambda$450/2041443339@5711b2db] WARN  server.GrpcLogAppender (GrpcLogAppender.java:mayWait(153)) - 5328ae2d-dffa-4840-b00a-ab3fd52ea77e@group-AC688C852745->1f92ab39-7028-4d7a-b43e-fc630492ec6f-GrpcLogAppender: Wait interrupted by java.lang.InterruptedException
2020-08-03 13:24:21,308 [Listener at 127.0.0.1/37329] INFO  ozoneimpl.OzoneContainer (OzoneContainer.java:stop(259)) - Attempting to stop container services.
2020-08-03 13:24:21,308 [ForkJoinPool.commonPool-worker-0] INFO  metrics.RatisMetrics (RatisMetrics.java:unregister(43)) - Unregistering Metrics Registry : ratis.log_appender.5328ae2d-dffa-4840-b00a-ab3fd52ea77e@group-AC688C852745
2020-08-03 13:24:21,309 [ForkJoinPool.commonPool-worker-0] INFO  metrics.RatisMetrics (RatisMetrics.java:unregister(43)) - Unregistering Metrics Registry : ratis.server.5328ae2d-dffa-4840-b00a-ab3fd52ea77e@group-AC688C852745
2020-08-03 13:24:21,310 [Listener at 127.0.0.1/37329] INFO  impl.RaftServerProxy (RaftServerProxy.java:lambda$close$4(319)) - 9d0aaa75-f47f-4170-948a-e39c1e601cf1: close
2020-08-03 13:24:21,310 [Listener at 127.0.0.1/37329] INFO  impl.RaftServerImpl (RaftServerImpl.java:lambda$shutdown$3(263)) - 9d0aaa75-f47f-4170-948a-e39c1e601cf1@group-66A8D4ECF519: shutdown
2020-08-03 13:24:21,310 [Listener at 127.0.0.1/37329] INFO  util.JmxRegister (JmxRegister.java:unregister(73)) - Successfully un-registered JMX Bean with object name Ratis:service=RaftServer,group=group-66A8D4ECF519,id=9d0aaa75-f47f-4170-948a-e39c1e601cf1
2020-08-03 13:24:21,311 [Listener at 127.0.0.1/37329] INFO  impl.RoleInfo (RoleInfo.java:shutdownFollowerState(121)) - 9d0aaa75-f47f-4170-948a-e39c1e601cf1: shutdown FollowerState
2020-08-03 13:24:21,311 [Listener at 127.0.0.1/37329] INFO  impl.StateMachineUpdater (StateMachineUpdater.java:stopAndJoin(142)) - 9d0aaa75-f47f-4170-948a-e39c1e601cf1@group-66A8D4ECF519-StateMachineUpdater: set stopIndex = 0
2020-08-03 13:24:21,311 [Thread-1347] INFO  impl.FollowerState (FollowerState.java:run(117)) - 9d0aaa75-f47f-4170-948a-e39c1e601cf1@group-66A8D4ECF519-FollowerState was interrupted: java.lang.InterruptedException: sleep interrupted
2020-08-03 13:24:21,311 [9d0aaa75-f47f-4170-948a-e39c1e601cf1@group-66A8D4ECF519-StateMachineUpdater] INFO  ratis.ContainerStateMachine (ContainerStateMachine.java:takeSnapshot(293)) - group-66A8D4ECF519: Taking a snapshot at:(t:1, i:0) file /github/workspace/mnt/ozone/hadoop-ozone/integration-test/target/test-dir/MiniOzoneClusterImpl-7e68a8b4-1ba8-49bf-9ad5-192f3c798a38/datanode-8/data/ratis/34e2d6a7-fb30-4cfb-a18a-66a8d4ecf519/sm/snapshot.1_0
2020-08-03 13:24:21,312 [5328ae2d-dffa-4840-b00a-ab3fd52ea77e@group-AC688C852745-StateMachineUpdater] INFO  ratis.ContainerStateMachine (ContainerStateMachine.java:takeSnapshot(293)) - group-AC688C852745: Taking a snapshot at:(t:1, i:0) file /github/workspace/mnt/ozone/hadoop-ozone/integration-test/target/test-dir/MiniOzoneClusterImpl-7e68a8b4-1ba8-49bf-9ad5-192f3c798a38/datanode-1/data/ratis/4bc7c7b2-436c-43b4-baf6-ac688c852745/sm/snapshot.1_0
2020-08-03 13:24:21,312 [ForkJoinPool.commonPool-worker-0] INFO  impl.StateMachineUpdater (StateMachineUpdater.java:stopAndJoin(142)) - 5328ae2d-dffa-4840-b00a-ab3fd52ea77e@group-AC688C852745-StateMachineUpdater: set stopIndex = 0
2020-08-03 13:24:21,312 [9d0aaa75-f47f-4170-948a-e39c1e601cf1@group-66A8D4ECF519-StateMachineUpdater] INFO  ratis.ContainerStateMachine (ContainerStateMachine.java:takeSnapshot(304)) - group-66A8D4ECF519: Finished taking a snapshot at:(t:1, i:0) file:/github/workspace/mnt/ozone/hadoop-ozone/integration-test/target/test-dir/MiniOzoneClusterImpl-7e68a8b4-1ba8-49bf-9ad5-192f3c798a38/datanode-8/data/ratis/34e2d6a7-fb30-4cfb-a18a-66a8d4ecf519/sm/snapshot.1_0 time:0
2020-08-03 13:24:21,312 [9d0aaa75-f47f-4170-948a-e39c1e601cf1@group-66A8D4ECF519-StateMachineUpdater] INFO  impl.StateMachineUpdater (StateMachineUpdater.java:takeSnapshot(277)) - 9d0aaa75-f47f-4170-948a-e39c1e601cf1@group-66A8D4ECF519-StateMachineUpdater: Took a snapshot at index 0
2020-08-03 13:24:21,312 [9d0aaa75-f47f-4170-948a-e39c1e601cf1@group-66A8D4ECF519-StateMachineUpdater] INFO  impl.StateMachineUpdater (StateMachineUpdater.java:lambda$new$0(87)) - 9d0aaa75-f47f-4170-948a-e39c1e601cf1@group-66A8D4ECF519-StateMachineUpdater: snapshotIndex: updateIncreasingly -1 -> 0
2020-08-03 13:24:21,312 [9d0aaa75-f47f-4170-948a-e39c1e601cf1@group-66A8D4ECF519-StateMachineUpdater] INFO  metrics.RatisMetrics (RatisMetrics.java:unregister(43)) - Unregistering Metrics Registry : ratis.state_machine.9d0aaa75-f47f-4170-948a-e39c1e601cf1@group-66A8D4ECF519
2020-08-03 13:24:21,312 [Listener at 127.0.0.1/37329] INFO  impl.RaftServerImpl (ServerState.java:close(387)) - 9d0aaa75-f47f-4170-948a-e39c1e601cf1@group-66A8D4ECF519: closes. applyIndex: 0
2020-08-03 13:24:21,313 [5328ae2d-dffa-4840-b00a-ab3fd52ea77e@group-AC688C852745-StateMachineUpdater] INFO  ratis.ContainerStateMachine (ContainerStateMachine.java:takeSnapshot(304)) - group-AC688C852745: Finished taking a snapshot at:(t:1, i:0) file:/github/workspace/mnt/ozone/hadoop-ozone/integration-test/target/test-dir/MiniOzoneClusterImpl-7e68a8b4-1ba8-49bf-9ad5-192f3c798a38/datanode-1/data/ratis/4bc7c7b2-436c-43b4-baf6-ac688c852745/sm/snapshot.1_0 time:1
2020-08-03 13:24:21,313 [5328ae2d-dffa-4840-b00a-ab3fd52ea77e@group-AC688C852745-StateMachineUpdater] INFO  impl.StateMachineUpdater (StateMachineUpdater.java:takeSnapshot(277)) - 5328ae2d-dffa-4840-b00a-ab3fd52ea77e@group-AC688C852745-StateMachineUpdater: Took a snapshot at index 0
2020-08-03 13:24:21,313 [5328ae2d-dffa-4840-b00a-ab3fd52ea77e@group-AC688C852745-StateMachineUpdater] INFO  impl.StateMachineUpdater (StateMachineUpdater.java:lambda$new$0(87)) - 5328ae2d-dffa-4840-b00a-ab3fd52ea77e@group-AC688C852745-StateMachineUpdater: snapshotIndex: updateIncreasingly -1 -> 0
2020-08-03 13:24:21,313 [5328ae2d-dffa-4840-b00a-ab3fd52ea77e@group-AC688C852745-StateMachineUpdater] INFO  metrics.RatisMetrics (RatisMetrics.java:unregister(43)) - Unregistering Metrics Registry : ratis.state_machine.5328ae2d-dffa-4840-b00a-ab3fd52ea77e@group-AC688C852745
2020-08-03 13:24:21,313 [9d0aaa75-f47f-4170-948a-e39c1e601cf1@group-66A8D4ECF519-SegmentedRaftLogWorker] INFO  segmented.SegmentedRaftLogWorker (SegmentedRaftLogWorker.java:run(327)) - 9d0aaa75-f47f-4170-948a-e39c1e601cf1@group-66A8D4ECF519-SegmentedRaftLogWorker was interrupted, exiting. There are 0 tasks remaining in the queue.
2020-08-03 13:24:21,313 [ForkJoinPool.commonPool-worker-0] INFO  impl.RaftServerImpl (ServerState.java:close(387)) - 5328ae2d-dffa-4840-b00a-ab3fd52ea77e@group-AC688C852745: closes. applyIndex: 0
2020-08-03 13:24:21,313 [Listener at 127.0.0.1/37329] INFO  segmented.SegmentedRaftLogWorker (SegmentedRaftLogWorker.java:close(234)) - 9d0aaa75-f47f-4170-948a-e39c1e601cf1@group-66A8D4ECF519-SegmentedRaftLogWorker close()
2020-08-03 13:24:21,313 [5328ae2d-dffa-4840-b00a-ab3fd52ea77e@group-AC688C852745-SegmentedRaftLogWorker] INFO  segmented.SegmentedRaftLogWorker (SegmentedRaftLogWorker.java:run(327)) - 5328ae2d-dffa-4840-b00a-ab3fd52ea77e@group-AC688C852745-SegmentedRaftLogWorker was interrupted, exiting. There are 0 tasks remaining in the queue.
2020-08-03 13:24:21,314 [ForkJoinPool.commonPool-worker-0] INFO  segmented.SegmentedRaftLogWorker (SegmentedRaftLogWorker.java:close(234)) - 5328ae2d-dffa-4840-b00a-ab3fd52ea77e@group-AC688C852745-SegmentedRaftLogWorker close()
2020-08-03 13:24:21,314 [Listener at 127.0.0.1/37329] INFO  metrics.RatisMetrics (RatisMetrics.java:unregister(43)) - Unregistering Metrics Registry : ratis.log_worker.9d0aaa75-f47f-4170-948a-e39c1e601cf1@group-66A8D4ECF519
2020-08-03 13:24:21,315 [Listener at 127.0.0.1/37329] INFO  metrics.RatisMetrics (RatisMetrics.java:unregister(43)) - Unregistering Metrics Registry : ratis.leader_election.9d0aaa75-f47f-4170-948a-e39c1e601cf1@group-66A8D4ECF519
2020-08-03 13:24:21,315 [Listener at 127.0.0.1/37329] INFO  metrics.RatisMetrics (RatisMetrics.java:unregister(43)) - Unregistering Metrics Registry : ratis.server.9d0aaa75-f47f-4170-948a-e39c1e601cf1@group-66A8D4ECF519
2020-08-03 13:24:21,315 [Listener at 127.0.0.1/37329] INFO  impl.RaftServerImpl (RaftServerImpl.java:lambda$shutdown$3(263)) - 9d0aaa75-f47f-4170-948a-e39c1e601cf1@group-68E6F028FAAB: shutdown
2020-08-03 13:24:21,315 [Listener at 127.0.0.1/37329] INFO  util.JmxRegister (JmxRegister.java:unregister(73)) - Successfully un-registered JMX Bean with object name Ratis:service=RaftServer,group=group-68E6F028FAAB,id=9d0aaa75-f47f-4170-948a-e39c1e601cf1
2020-08-03 13:24:21,315 [Listener at 127.0.0.1/37329] INFO  impl.RoleInfo (RoleInfo.java:shutdownLeaderState(104)) - 9d0aaa75-f47f-4170-948a-e39c1e601cf1: shutdown LeaderState
2020-08-03 13:24:21,315 [Listener at 127.0.0.1/37329] INFO  impl.PendingRequests (PendingRequests.java:sendNotLeaderResponses(249)) - 9d0aaa75-f47f-4170-948a-e39c1e601cf1@group-68E6F028FAAB-PendingRequests: sendNotLeaderResponses
2020-08-03 13:24:21,316 [Listener at 127.0.0.1/37329] INFO  metrics.RatisMetrics (RatisMetrics.java:unregister(43)) - Unregistering Metrics Registry : ratis.log_appender.9d0aaa75-f47f-4170-948a-e39c1e601cf1@group-68E6F028FAAB
2020-08-03 13:24:21,316 [Listener at 127.0.0.1/37329] INFO  metrics.RatisMetrics (RatisMetrics.java:unregister(43)) - Unregistering Metrics Registry : ratis.server.9d0aaa75-f47f-4170-948a-e39c1e601cf1@group-68E6F028FAAB
2020-08-03 13:24:21,317 [Listener at 127.0.0.1/37329] INFO  impl.StateMachineUpdater (StateMachineUpdater.java:stopAndJoin(142)) - 9d0aaa75-f47f-4170-948a-e39c1e601cf1@group-68E6F028FAAB-StateMachineUpdater: set stopIndex = 0
2020-08-03 13:24:21,317 [9d0aaa75-f47f-4170-948a-e39c1e601cf1@group-68E6F028FAAB-StateMachineUpdater] INFO  ratis.ContainerStateMachine (ContainerStateMachine.java:takeSnapshot(293)) - group-68E6F028FAAB: Taking a snapshot at:(t:1, i:0) file /github/workspace/mnt/ozone/hadoop-ozone/integration-test/target/test-dir/MiniOzoneClusterImpl-7e68a8b4-1ba8-49bf-9ad5-192f3c798a38/datanode-8/data/ratis/100b437e-5748-4a65-9c12-68e6f028faab/sm/snapshot.1_0
2020-08-03 13:24:21,317 [ForkJoinPool.commonPool-worker-0] INFO  metrics.RatisMetrics (RatisMetrics.java:unregister(43)) - Unregistering Metrics Registry : ratis.log_worker.5328ae2d-dffa-4840-b00a-ab3fd52ea77e@group-AC688C852745
2020-08-03 13:24:21,318 [ForkJoinPool.commonPool-worker-0] INFO  metrics.RatisMetrics (RatisMetrics.java:unregister(43)) - Unregistering Metrics Registry : ratis.leader_election.5328ae2d-dffa-4840-b00a-ab3fd52ea77e@group-AC688C852745
2020-08-03 13:24:21,318 [9d0aaa75-f47f-4170-948a-e39c1e601cf1@group-68E6F028FAAB-StateMachineUpdater] INFO  ratis.ContainerStateMachine (ContainerStateMachine.java:takeSnapshot(304)) - group-68E6F028FAAB: Finished taking a snapshot at:(t:1, i:0) file:/github/workspace/mnt/ozone/hadoop-ozone/integration-test/target/test-dir/MiniOzoneClusterImpl-7e68a8b4-1ba8-49bf-9ad5-192f3c798a38/datanode-8/data/ratis/100b437e-5748-4a65-9c12-68e6f028faab/sm/snapshot.1_0 time:0
2020-08-03 13:24:21,318 [9d0aaa75-f47f-4170-948a-e39c1e601cf1@group-68E6F028FAAB-StateMachineUpdater] INFO  impl.StateMachineUpdater (StateMachineUpdater.java:takeSnapshot(277)) - 9d0aaa75-f47f-4170-948a-e39c1e601cf1@group-68E6F028FAAB-StateMachineUpdater: Took a snapshot at index 0
2020-08-03 13:24:21,318 [9d0aaa75-f47f-4170-948a-e39c1e601cf1@group-68E6F028FAAB-StateMachineUpdater] INFO  impl.StateMachineUpdater (StateMachineUpdater.java:lambda$new$0(87)) - 9d0aaa75-f47f-4170-948a-e39c1e601cf1@group-68E6F028FAAB-StateMachineUpdater: snapshotIndex: updateIncreasingly -1 -> 0
2020-08-03 13:24:21,318 [ForkJoinPool.commonPool-worker-0] INFO  metrics.RatisMetrics (RatisMetrics.java:unregister(43)) - Unregistering Metrics Registry : ratis.server.5328ae2d-dffa-4840-b00a-ab3fd52ea77e@group-AC688C852745
2020-08-03 13:24:21,318 [ForkJoinPool.commonPool-worker-0] INFO  impl.RaftServerImpl (RaftServerImpl.java:lambda$shutdown$3(263)) - 5328ae2d-dffa-4840-b00a-ab3fd52ea77e@group-0B3F279B954A: shutdown
2020-08-03 13:24:21,318 [ForkJoinPool.commonPool-worker-0] INFO  util.JmxRegister (JmxRegister.java:unregister(73)) - Successfully un-registered JMX Bean with object name Ratis:service=RaftServer,group=group-0B3F279B954A,id=5328ae2d-dffa-4840-b00a-ab3fd52ea77e
2020-08-03 13:24:21,318 [ForkJoinPool.commonPool-worker-0] INFO  impl.RoleInfo (RoleInfo.java:shutdownLeaderState(104)) - 5328ae2d-dffa-4840-b00a-ab3fd52ea77e: shutdown LeaderState
2020-08-03 13:24:21,319 [ForkJoinPool.commonPool-worker-0] INFO  impl.PendingRequests (PendingRequests.java:sendNotLeaderResponses(249)) - 5328ae2d-dffa-4840-b00a-ab3fd52ea77e@group-0B3F279B954A-PendingRequests: sendNotLeaderResponses
2020-08-03 13:24:21,319 [ForkJoinPool.commonPool-worker-0] INFO  metrics.RatisMetrics (RatisMetrics.java:unregister(43)) - Unregistering Metrics Registry : ratis.log_appender.5328ae2d-dffa-4840-b00a-ab3fd52ea77e@group-0B3F279B954A
2020-08-03 13:24:21,318 [9d0aaa75-f47f-4170-948a-e39c1e601cf1@group-68E6F028FAAB-StateMachineUpdater] INFO  metrics.RatisMetrics (RatisMetrics.java:unregister(43)) - Unregistering Metrics Registry : ratis.state_machine.9d0aaa75-f47f-4170-948a-e39c1e601cf1@group-68E6F028FAAB
2020-08-03 13:24:21,319 [ForkJoinPool.commonPool-worker-0] INFO  metrics.RatisMetrics (RatisMetrics.java:unregister(43)) - Unregistering Metrics Registry : ratis.server.5328ae2d-dffa-4840-b00a-ab3fd52ea77e@group-0B3F279B954A
2020-08-03 13:24:21,320 [ForkJoinPool.commonPool-worker-0] INFO  impl.StateMachineUpdater (StateMachineUpdater.java:stopAndJoin(142)) - 5328ae2d-dffa-4840-b00a-ab3fd52ea77e@group-0B3F279B954A-StateMachineUpdater: set stopIndex = 0
2020-08-03 13:24:21,319 [Listener at 127.0.0.1/37329] INFO  impl.RaftServerImpl (ServerState.java:close(387)) - 9d0aaa75-f47f-4170-948a-e39c1e601cf1@group-68E6F028FAAB: closes. applyIndex: 0
2020-08-03 13:24:21,320 [5328ae2d-dffa-4840-b00a-ab3fd52ea77e@group-0B3F279B954A-StateMachineUpdater] INFO  ratis.ContainerStateMachine (ContainerStateMachine.java:takeSnapshot(293)) - group-0B3F279B954A: Taking a snapshot at:(t:1, i:0) file /github/workspace/mnt/ozone/hadoop-ozone/integration-test/target/test-dir/MiniOzoneClusterImpl-7e68a8b4-1ba8-49bf-9ad5-192f3c798a38/datanode-1/data/ratis/5d51b031-8848-4cbb-aa59-0b3f279b954a/sm/snapshot.1_0
2020-08-03 13:24:21,320 [9d0aaa75-f47f-4170-948a-e39c1e601cf1@group-68E6F028FAAB-SegmentedRaftLogWorker] INFO  segmented.SegmentedRaftLogWorker (SegmentedRaftLogWorker.java:run(327)) - 9d0aaa75-f47f-4170-948a-e39c1e601cf1@group-68E6F028FAAB-SegmentedRaftLogWorker was interrupted, exiting. There are 0 tasks remaining in the queue.
2020-08-03 13:24:21,320 [Listener at 127.0.0.1/37329] INFO  segmented.SegmentedRaftLogWorker (SegmentedRaftLogWorker.java:close(234)) - 9d0aaa75-f47f-4170-948a-e39c1e601cf1@group-68E6F028FAAB-SegmentedRaftLogWorker close()
2020-08-03 13:24:21,320 [5328ae2d-dffa-4840-b00a-ab3fd52ea77e@group-0B3F279B954A-StateMachineUpdater] INFO  ratis.ContainerStateMachine (ContainerStateMachine.java:takeSnapshot(304)) - group-0B3F279B954A: Finished taking a snapshot at:(t:1, i:0) file:/github/workspace/mnt/ozone/hadoop-ozone/integration-test/target/test-dir/MiniOzoneClusterImpl-7e68a8b4-1ba8-49bf-9ad5-192f3c798a38/datanode-1/data/ratis/5d51b031-8848-4cbb-aa59-0b3f279b954a/sm/snapshot.1_0 time:1
2020-08-03 13:24:21,321 [5328ae2d-dffa-4840-b00a-ab3fd52ea77e@group-0B3F279B954A-StateMachineUpdater] INFO  impl.StateMachineUpdater (StateMachineUpdater.java:takeSnapshot(277)) - 5328ae2d-dffa-4840-b00a-ab3fd52ea77e@group-0B3F279B954A-StateMachineUpdater: Took a snapshot at index 0
2020-08-03 13:24:21,321 [5328ae2d-dffa-4840-b00a-ab3fd52ea77e@group-0B3F279B954A-StateMachineUpdater] INFO  impl.StateMachineUpdater (StateMachineUpdater.java:lambda$new$0(87)) - 5328ae2d-dffa-4840-b00a-ab3fd52ea77e@group-0B3F279B954A-StateMachineUpdater: snapshotIndex: updateIncreasingly -1 -> 0
2020-08-03 13:24:21,321 [5328ae2d-dffa-4840-b00a-ab3fd52ea77e@group-0B3F279B954A-StateMachineUpdater] INFO  metrics.RatisMetrics (RatisMetrics.java:unregister(43)) - Unregistering Metrics Registry : ratis.state_machine.5328ae2d-dffa-4840-b00a-ab3fd52ea77e@group-0B3F279B954A
2020-08-03 13:24:21,321 [ForkJoinPool.commonPool-worker-0] INFO  impl.RaftServerImpl (ServerState.java:close(387)) - 5328ae2d-dffa-4840-b00a-ab3fd52ea77e@group-0B3F279B954A: closes. applyIndex: 0
2020-08-03 13:24:21,321 [Listener at 127.0.0.1/37329] INFO  metrics.RatisMetrics (RatisMetrics.java:unregister(43)) - Unregistering Metrics Registry : ratis.log_worker.9d0aaa75-f47f-4170-948a-e39c1e601cf1@group-68E6F028FAAB
2020-08-03 13:24:21,321 [5328ae2d-dffa-4840-b00a-ab3fd52ea77e@group-0B3F279B954A-SegmentedRaftLogWorker] INFO  segmented.SegmentedRaftLogWorker (SegmentedRaftLogWorker.java:run(327)) - 5328ae2d-dffa-4840-b00a-ab3fd52ea77e@group-0B3F279B954A-SegmentedRaftLogWorker was interrupted, exiting. There are 0 tasks remaining in the queue.
2020-08-03 13:24:21,322 [Listener at 127.0.0.1/37329] INFO  metrics.RatisMetrics (RatisMetrics.java:unregister(43)) - Unregistering Metrics Registry : ratis.leader_election.9d0aaa75-f47f-4170-948a-e39c1e601cf1@group-68E6F028FAAB
2020-08-03 13:24:21,322 [Listener at 127.0.0.1/37329] INFO  metrics.RatisMetrics (RatisMetrics.java:unregister(43)) - Unregistering Metrics Registry : ratis.server.9d0aaa75-f47f-4170-948a-e39c1e601cf1@group-68E6F028FAAB
2020-08-03 13:24:21,322 [ForkJoinPool.commonPool-worker-0] INFO  segmented.SegmentedRaftLogWorker (SegmentedRaftLogWorker.java:close(234)) - 5328ae2d-dffa-4840-b00a-ab3fd52ea77e@group-0B3F279B954A-SegmentedRaftLogWorker close()
2020-08-03 13:24:21,322 [Listener at 127.0.0.1/37329] INFO  server.GrpcService (GrpcService.java:closeImpl(166)) - 9d0aaa75-f47f-4170-948a-e39c1e601cf1: shutdown server with port 43521 now
2020-08-03 13:24:21,323 [ForkJoinPool.commonPool-worker-0] INFO  metrics.RatisMetrics (RatisMetrics.java:unregister(43)) - Unregistering Metrics Registry : ratis.log_worker.5328ae2d-dffa-4840-b00a-ab3fd52ea77e@group-0B3F279B954A
2020-08-03 13:24:21,324 [ForkJoinPool.commonPool-worker-0] INFO  metrics.RatisMetrics (RatisMetrics.java:unregister(43)) - Unregistering Metrics Registry : ratis.leader_election.5328ae2d-dffa-4840-b00a-ab3fd52ea77e@group-0B3F279B954A
2020-08-03 13:24:21,324 [ForkJoinPool.commonPool-worker-0] INFO  metrics.RatisMetrics (RatisMetrics.java:unregister(43)) - Unregistering Metrics Registry : ratis.server.5328ae2d-dffa-4840-b00a-ab3fd52ea77e@group-0B3F279B954A
2020-08-03 13:24:21,324 [ForkJoinPool.commonPool-worker-0] INFO  server.GrpcService (GrpcService.java:closeImpl(166)) - 5328ae2d-dffa-4840-b00a-ab3fd52ea77e: shutdown server with port 38393 now
2020-08-03 13:24:21,324 [Listener at 127.0.0.1/37329] INFO  server.GrpcService (GrpcService.java:closeImpl(174)) - 9d0aaa75-f47f-4170-948a-e39c1e601cf1: shutdown server with port 43521 successfully
2020-08-03 13:24:21,324 [grpc-default-executor-4] WARN  server.GrpcLogAppender (LogUtils.java:warn(122)) - 0a736a62-de9a-4ec3-9e43-f4a7dc0d3b3f@group-66A8D4ECF519->9d0aaa75-f47f-4170-948a-e39c1e601cf1-AppendLogResponseHandler: Failed appendEntries: org.apache.ratis.thirdparty.io.grpc.StatusRuntimeException: CANCELLED: HTTP/2 error code: CANCEL
Received Rst Stream
2020-08-03 13:24:21,324 [grpc-default-executor-4] INFO  impl.FollowerInfo (FollowerInfo.java:lambda$new$0(51)) - 0a736a62-de9a-4ec3-9e43-f4a7dc0d3b3f@group-66A8D4ECF519->9d0aaa75-f47f-4170-948a-e39c1e601cf1: nextIndex: updateUnconditionally 1 -> 0
2020-08-03 13:24:21,325 [ForkJoinPool.commonPool-worker-0] INFO  server.GrpcService (GrpcService.java:closeImpl(174)) - 5328ae2d-dffa-4840-b00a-ab3fd52ea77e: shutdown server with port 38393 successfully
2020-08-03 13:24:21,325 [grpc-default-executor-2] WARN  server.GrpcServerProtocolService (LogUtils.java:warn(122)) - 9d0aaa75-f47f-4170-948a-e39c1e601cf1: installSnapshot onError, lastRequest: 0a736a62-de9a-4ec3-9e43-f4a7dc0d3b3f->9d0aaa75-f47f-4170-948a-e39c1e601cf1#1-t1, previous=(t:0, i:0), leaderCommit=0, initializing? false, entries: size=1, first=(t:1, i:0), CONFIGURATIONENTRY: org.apache.ratis.thirdparty.io.grpc.StatusRuntimeException: CANCELLED: cancelled before receiving half close
2020-08-03 13:24:21,326 [Listener at 127.0.0.1/37329] INFO  utils.BackgroundService (BackgroundService.java:shutdown(157)) - Shutting down service BlockDeletingService
2020-08-03 13:24:21,327 [Listener at 127.0.0.1/37329] INFO  statemachine.DatanodeStateMachine (DatanodeStateMachine.java:stopDaemon(454)) - Ozone container server stopped.
2020-08-03 13:24:21,334 [Listener at 127.0.0.1/37329] INFO  handler.ContextHandler (ContextHandler.java:doStop(1016)) - Stopped o.e.j.w.WebAppContext@7ca16621{hddsDatanode,/,null,UNAVAILABLE}{jar:file:/home/user/.m2/repository/org/apache/hadoop/hadoop-hdds-container-service/0.6.0-SNAPSHOT/hadoop-hdds-container-service-0.6.0-SNAPSHOT.jar!/webapps/hddsDatanode}
2020-08-03 13:24:21,335 [ForkJoinPool.commonPool-worker-0] INFO  utils.BackgroundService (BackgroundService.java:shutdown(157)) - Shutting down service BlockDeletingService
2020-08-03 13:24:21,340 [ForkJoinPool.commonPool-worker-0] INFO  statemachine.DatanodeStateMachine (DatanodeStateMachine.java:stopDaemon(454)) - Ozone container server stopped.
2020-08-03 13:24:21,341 [Listener at 127.0.0.1/37329] INFO  server.AbstractConnector (AbstractConnector.java:doStop(380)) - Stopped ServerConnector@5c3fb4e6{HTTP/1.1,[http/1.1]}{0.0.0.0:0}
2020-08-03 13:24:21,341 [Listener at 127.0.0.1/37329] INFO  server.session (HouseKeeper.java:stopScavenging(158)) - node0 Stopped scavenging
2020-08-03 13:24:21,341 [Listener at 127.0.0.1/37329] INFO  handler.ContextHandler (ContextHandler.java:doStop(1016)) - Stopped o.e.j.s.ServletContextHandler@448ec893{static,/static,jar:file:/home/user/.m2/repository/org/apache/hadoop/hadoop-hdds-container-service/0.6.0-SNAPSHOT/hadoop-hdds-container-service-0.6.0-SNAPSHOT.jar!/webapps/static,UNAVAILABLE}
2020-08-03 13:24:21,347 [Listener at 127.0.0.1/37329] INFO  handler.ContextHandler (ContextHandler.java:doStop(1016)) - Stopped o.e.j.s.ServletContextHandler@79a4f733{logs,/logs,file:///github/workspace/mnt/ozone/hadoop-ozone/integration-test/target/log,UNAVAILABLE}
2020-08-03 13:24:21,347 [ForkJoinPool.commonPool-worker-0] INFO  handler.ContextHandler (ContextHandler.java:doStop(1016)) - Stopped o.e.j.w.WebAppContext@15a7fda8{hddsDatanode,/,null,UNAVAILABLE}{jar:file:/home/user/.m2/repository/org/apache/hadoop/hadoop-hdds-container-service/0.6.0-SNAPSHOT/hadoop-hdds-container-service-0.6.0-SNAPSHOT.jar!/webapps/hddsDatanode}
2020-08-03 13:24:21,348 [ForkJoinPool.commonPool-worker-0] INFO  server.AbstractConnector (AbstractConnector.java:doStop(380)) - Stopped ServerConnector@4968bd4e{HTTP/1.1,[http/1.1]}{0.0.0.0:0}
2020-08-03 13:24:21,348 [ForkJoinPool.commonPool-worker-0] INFO  server.session (HouseKeeper.java:stopScavenging(158)) - node0 Stopped scavenging
2020-08-03 13:24:21,350 [ForkJoinPool.commonPool-worker-0] INFO  handler.ContextHandler (ContextHandler.java:doStop(1016)) - Stopped o.e.j.s.ServletContextHandler@784df46e{static,/static,jar:file:/home/user/.m2/repository/org/apache/hadoop/hadoop-hdds-container-service/0.6.0-SNAPSHOT/hadoop-hdds-container-service-0.6.0-SNAPSHOT.jar!/webapps/static,UNAVAILABLE}
2020-08-03 13:24:21,350 [ForkJoinPool.commonPool-worker-0] INFO  handler.ContextHandler (ContextHandler.java:doStop(1016)) - Stopped o.e.j.s.ServletContextHandler@6636e1dd{logs,/logs,file:///github/workspace/mnt/ozone/hadoop-ozone/integration-test/target/log,UNAVAILABLE}
2020-08-03 13:24:21,789 [Datanode State Machine Thread - 0] INFO  statemachine.DatanodeStateMachine (DatanodeStateMachine.java:lambda$startDaemon$0(406)) - Ozone container server started.
2020-08-03 13:24:23,325 [grpc-default-executor-4] WARN  server.GrpcLogAppender (LogUtils.java:warn(122)) - 0a736a62-de9a-4ec3-9e43-f4a7dc0d3b3f@group-66A8D4ECF519->c093d91c-53d9-47ac-8afb-a6fc9c740374-AppendLogResponseHandler: Failed appendEntries: org.apache.ratis.thirdparty.io.grpc.StatusRuntimeException: UNAVAILABLE: io exception
2020-08-03 13:24:23,325 [grpc-default-executor-4] INFO  impl.FollowerInfo (FollowerInfo.java:lambda$new$0(51)) - 0a736a62-de9a-4ec3-9e43-f4a7dc0d3b3f@group-66A8D4ECF519->c093d91c-53d9-47ac-8afb-a6fc9c740374: nextIndex: updateUnconditionally 1 -> 0
2020-08-03 13:24:23,331 [grpc-default-executor-2] WARN  server.GrpcLogAppender (LogUtils.java:warn(122)) - 0a736a62-de9a-4ec3-9e43-f4a7dc0d3b3f@group-66A8D4ECF519->9d0aaa75-f47f-4170-948a-e39c1e601cf1-AppendLogResponseHandler: Failed appendEntries: org.apache.ratis.thirdparty.io.grpc.StatusRuntimeException: UNAVAILABLE: io exception
2020-08-03 13:24:23,332 [grpc-default-executor-2] INFO  impl.FollowerInfo (FollowerInfo.java:lambda$new$0(51)) - 0a736a62-de9a-4ec3-9e43-f4a7dc0d3b3f@group-66A8D4ECF519->9d0aaa75-f47f-4170-948a-e39c1e601cf1: nextIndex: updateUnconditionally 1 -> 0
2020-08-03 13:24:25,827 [grpc-default-executor-4] WARN  server.GrpcLogAppender (LogUtils.java:warn(122)) - 0a736a62-de9a-4ec3-9e43-f4a7dc0d3b3f@group-66A8D4ECF519->c093d91c-53d9-47ac-8afb-a6fc9c740374-AppendLogResponseHandler: Failed appendEntries: org.apache.ratis.thirdparty.io.grpc.StatusRuntimeException: UNAVAILABLE: io exception
2020-08-03 13:24:25,828 [grpc-default-executor-4] INFO  impl.FollowerInfo (FollowerInfo.java:lambda$new$0(51)) - 0a736a62-de9a-4ec3-9e43-f4a7dc0d3b3f@group-66A8D4ECF519->c093d91c-53d9-47ac-8afb-a6fc9c740374: nextIndex: updateUnconditionally 1 -> 0
2020-08-03 13:24:25,833 [grpc-default-executor-2] WARN  server.GrpcLogAppender (LogUtils.java:warn(122)) - 0a736a62-de9a-4ec3-9e43-f4a7dc0d3b3f@group-66A8D4ECF519->9d0aaa75-f47f-4170-948a-e39c1e601cf1-AppendLogResponseHandler: Failed appendEntries: org.apache.ratis.thirdparty.io.grpc.StatusRuntimeException: UNAVAILABLE: io exception
2020-08-03 13:24:25,834 [grpc-default-executor-2] INFO  impl.FollowerInfo (FollowerInfo.java:lambda$new$0(51)) - 0a736a62-de9a-4ec3-9e43-f4a7dc0d3b3f@group-66A8D4ECF519->9d0aaa75-f47f-4170-948a-e39c1e601cf1: nextIndex: updateUnconditionally 1 -> 0
2020-08-03 13:24:26,349 [Listener at 127.0.0.1/37329] INFO  ozoneimpl.OzoneContainer (OzoneContainer.java:stop(259)) - Attempting to stop container services.
2020-08-03 13:24:26,350 [Listener at 127.0.0.1/37329] INFO  impl.RaftServerProxy (RaftServerProxy.java:lambda$close$4(319)) - 0a736a62-de9a-4ec3-9e43-f4a7dc0d3b3f: close
2020-08-03 13:24:26,350 [Listener at 127.0.0.1/37329] INFO  impl.RaftServerImpl (RaftServerImpl.java:lambda$shutdown$3(263)) - 0a736a62-de9a-4ec3-9e43-f4a7dc0d3b3f@group-F2057DF216CE: shutdown
2020-08-03 13:24:26,351 [Listener at 127.0.0.1/37329] INFO  util.JmxRegister (JmxRegister.java:unregister(73)) - Successfully un-registered JMX Bean with object name Ratis:service=RaftServer,group=group-F2057DF216CE,id=0a736a62-de9a-4ec3-9e43-f4a7dc0d3b3f
2020-08-03 13:24:26,351 [Listener at 127.0.0.1/37329] INFO  impl.RoleInfo (RoleInfo.java:shutdownLeaderState(104)) - 0a736a62-de9a-4ec3-9e43-f4a7dc0d3b3f: shutdown LeaderState
2020-08-03 13:24:26,351 [Listener at 127.0.0.1/37329] INFO  impl.PendingRequests (PendingRequests.java:sendNotLeaderResponses(249)) - 0a736a62-de9a-4ec3-9e43-f4a7dc0d3b3f@group-F2057DF216CE-PendingRequests: sendNotLeaderResponses
2020-08-03 13:24:26,351 [Listener at 127.0.0.1/37329] INFO  metrics.RatisMetrics (RatisMetrics.java:unregister(43)) - Unregistering Metrics Registry : ratis.log_appender.0a736a62-de9a-4ec3-9e43-f4a7dc0d3b3f@group-F2057DF216CE
2020-08-03 13:24:26,352 [Listener at 127.0.0.1/37329] INFO  metrics.RatisMetrics (RatisMetrics.java:unregister(43)) - Unregistering Metrics Registry : ratis.server.0a736a62-de9a-4ec3-9e43-f4a7dc0d3b3f@group-F2057DF216CE
2020-08-03 13:24:26,353 [Listener at 127.0.0.1/37329] INFO  impl.StateMachineUpdater (StateMachineUpdater.java:stopAndJoin(142)) - 0a736a62-de9a-4ec3-9e43-f4a7dc0d3b3f@group-F2057DF216CE-StateMachineUpdater: set stopIndex = 0
2020-08-03 13:24:26,354 [0a736a62-de9a-4ec3-9e43-f4a7dc0d3b3f@group-F2057DF216CE-StateMachineUpdater] INFO  ratis.ContainerStateMachine (ContainerStateMachine.java:takeSnapshot(293)) - group-F2057DF216CE: Taking a snapshot at:(t:1, i:0) file /github/workspace/mnt/ozone/hadoop-ozone/integration-test/target/test-dir/MiniOzoneClusterImpl-7e68a8b4-1ba8-49bf-9ad5-192f3c798a38/datanode-6/data/ratis/e999ba5f-573c-402f-ae64-f2057df216ce/sm/snapshot.1_0
2020-08-03 13:24:26,354 [0a736a62-de9a-4ec3-9e43-f4a7dc0d3b3f@group-F2057DF216CE-StateMachineUpdater] INFO  ratis.ContainerStateMachine (ContainerStateMachine.java:takeSnapshot(304)) - group-F2057DF216CE: Finished taking a snapshot at:(t:1, i:0) file:/github/workspace/mnt/ozone/hadoop-ozone/integration-test/target/test-dir/MiniOzoneClusterImpl-7e68a8b4-1ba8-49bf-9ad5-192f3c798a38/datanode-6/data/ratis/e999ba5f-573c-402f-ae64-f2057df216ce/sm/snapshot.1_0 time:1
2020-08-03 13:24:26,355 [0a736a62-de9a-4ec3-9e43-f4a7dc0d3b3f@group-F2057DF216CE-StateMachineUpdater] INFO  impl.StateMachineUpdater (StateMachineUpdater.java:takeSnapshot(277)) - 0a736a62-de9a-4ec3-9e43-f4a7dc0d3b3f@group-F2057DF216CE-StateMachineUpdater: Took a snapshot at index 0
2020-08-03 13:24:26,355 [0a736a62-de9a-4ec3-9e43-f4a7dc0d3b3f@group-F2057DF216CE-StateMachineUpdater] INFO  impl.StateMachineUpdater (StateMachineUpdater.java:lambda$new$0(87)) - 0a736a62-de9a-4ec3-9e43-f4a7dc0d3b3f@group-F2057DF216CE-StateMachineUpdater: snapshotIndex: updateIncreasingly -1 -> 0
2020-08-03 13:24:26,355 [0a736a62-de9a-4ec3-9e43-f4a7dc0d3b3f@group-F2057DF216CE-StateMachineUpdater] INFO  metrics.RatisMetrics (RatisMetrics.java:unregister(43)) - Unregistering Metrics Registry : ratis.state_machine.0a736a62-de9a-4ec3-9e43-f4a7dc0d3b3f@group-F2057DF216CE
2020-08-03 13:24:26,355 [Listener at 127.0.0.1/37329] INFO  impl.RaftServerImpl (ServerState.java:close(387)) - 0a736a62-de9a-4ec3-9e43-f4a7dc0d3b3f@group-F2057DF216CE: closes. applyIndex: 0
2020-08-03 13:24:26,356 [0a736a62-de9a-4ec3-9e43-f4a7dc0d3b3f@group-F2057DF216CE-SegmentedRaftLogWorker] INFO  segmented.SegmentedRaftLogWorker (SegmentedRaftLogWorker.java:run(327)) - 0a736a62-de9a-4ec3-9e43-f4a7dc0d3b3f@group-F2057DF216CE-SegmentedRaftLogWorker was interrupted, exiting. There are 0 tasks remaining in the queue.
2020-08-03 13:24:26,356 [Listener at 127.0.0.1/37329] INFO  segmented.SegmentedRaftLogWorker (SegmentedRaftLogWorker.java:close(234)) - 0a736a62-de9a-4ec3-9e43-f4a7dc0d3b3f@group-F2057DF216CE-SegmentedRaftLogWorker close()
2020-08-03 13:24:26,358 [Listener at 127.0.0.1/37329] INFO  metrics.RatisMetrics (RatisMetrics.java:unregister(43)) - Unregistering Metrics Registry : ratis.log_worker.0a736a62-de9a-4ec3-9e43-f4a7dc0d3b3f@group-F2057DF216CE
2020-08-03 13:24:26,358 [Listener at 127.0.0.1/37329] INFO  metrics.RatisMetrics (RatisMetrics.java:unregister(43)) - Unregistering Metrics Registry : ratis.leader_election.0a736a62-de9a-4ec3-9e43-f4a7dc0d3b3f@group-F2057DF216CE
2020-08-03 13:24:26,358 [Listener at 127.0.0.1/37329] INFO  metrics.RatisMetrics (RatisMetrics.java:unregister(43)) - Unregistering Metrics Registry : ratis.server.0a736a62-de9a-4ec3-9e43-f4a7dc0d3b3f@group-F2057DF216CE
2020-08-03 13:24:26,359 [Listener at 127.0.0.1/37329] INFO  impl.RaftServerImpl (RaftServerImpl.java:lambda$shutdown$3(263)) - 0a736a62-de9a-4ec3-9e43-f4a7dc0d3b3f@group-66A8D4ECF519: shutdown
2020-08-03 13:24:26,359 [Listener at 127.0.0.1/37329] INFO  util.JmxRegister (JmxRegister.java:unregister(73)) - Successfully un-registered JMX Bean with object name Ratis:service=RaftServer,group=group-66A8D4ECF519,id=0a736a62-de9a-4ec3-9e43-f4a7dc0d3b3f
2020-08-03 13:24:26,359 [Listener at 127.0.0.1/37329] INFO  impl.RoleInfo (RoleInfo.java:shutdownLeaderState(104)) - 0a736a62-de9a-4ec3-9e43-f4a7dc0d3b3f: shutdown LeaderState
2020-08-03 13:24:26,359 [Listener at 127.0.0.1/37329] INFO  metrics.RatisMetrics (RatisMetrics.java:unregister(43)) - Unregistering Metrics Registry : ratis_grpc.log_appender.0a736a62-de9a-4ec3-9e43-f4a7dc0d3b3f@group-66A8D4ECF519
2020-08-03 13:24:26,359 [Listener at 127.0.0.1/37329] INFO  metrics.RatisMetrics (RatisMetrics.java:unregister(43)) - Unregistering Metrics Registry : ratis_grpc.log_appender.0a736a62-de9a-4ec3-9e43-f4a7dc0d3b3f@group-66A8D4ECF519
2020-08-03 13:24:26,359 [org.apache.ratis.server.impl.LogAppender$AppenderDaemon$$Lambda$450/2041443339@1346e32c] WARN  server.GrpcLogAppender (GrpcLogAppender.java:mayWait(153)) - 0a736a62-de9a-4ec3-9e43-f4a7dc0d3b3f@group-66A8D4ECF519->9d0aaa75-f47f-4170-948a-e39c1e601cf1-GrpcLogAppender: Wait interrupted by java.lang.InterruptedException
2020-08-03 13:24:26,359 [Listener at 127.0.0.1/37329] INFO  impl.PendingRequests (PendingRequests.java:sendNotLeaderResponses(249)) - 0a736a62-de9a-4ec3-9e43-f4a7dc0d3b3f@group-66A8D4ECF519-PendingRequests: sendNotLeaderResponses
2020-08-03 13:24:26,360 [Listener at 127.0.0.1/37329] INFO  metrics.RatisMetrics (RatisMetrics.java:unregister(43)) - Unregistering Metrics Registry : ratis.log_appender.0a736a62-de9a-4ec3-9e43-f4a7dc0d3b3f@group-66A8D4ECF519
2020-08-03 13:24:26,361 [Listener at 127.0.0.1/37329] INFO  metrics.RatisMetrics (RatisMetrics.java:unregister(43)) - Unregistering Metrics Registry : ratis.server.0a736a62-de9a-4ec3-9e43-f4a7dc0d3b3f@group-66A8D4ECF519
2020-08-03 13:24:26,360 [org.apache.ratis.server.impl.LogAppender$AppenderDaemon$$Lambda$450/2041443339@670f63fe] WARN  server.GrpcLogAppender (GrpcLogAppender.java:mayWait(153)) - 0a736a62-de9a-4ec3-9e43-f4a7dc0d3b3f@group-66A8D4ECF519->c093d91c-53d9-47ac-8afb-a6fc9c740374-GrpcLogAppender: Wait interrupted by java.lang.InterruptedException
2020-08-03 13:24:26,362 [Listener at 127.0.0.1/37329] INFO  impl.StateMachineUpdater (StateMachineUpdater.java:stopAndJoin(142)) - 0a736a62-de9a-4ec3-9e43-f4a7dc0d3b3f@group-66A8D4ECF519-StateMachineUpdater: set stopIndex = 0
2020-08-03 13:24:26,362 [0a736a62-de9a-4ec3-9e43-f4a7dc0d3b3f@group-66A8D4ECF519-StateMachineUpdater] INFO  ratis.ContainerStateMachine (ContainerStateMachine.java:takeSnapshot(293)) - group-66A8D4ECF519: Taking a snapshot at:(t:1, i:0) file /github/workspace/mnt/ozone/hadoop-ozone/integration-test/target/test-dir/MiniOzoneClusterImpl-7e68a8b4-1ba8-49bf-9ad5-192f3c798a38/datanode-6/data/ratis/34e2d6a7-fb30-4cfb-a18a-66a8d4ecf519/sm/snapshot.1_0
2020-08-03 13:24:26,363 [0a736a62-de9a-4ec3-9e43-f4a7dc0d3b3f@group-66A8D4ECF519-StateMachineUpdater] INFO  ratis.ContainerStateMachine (ContainerStateMachine.java:takeSnapshot(304)) - group-66A8D4ECF519: Finished taking a snapshot at:(t:1, i:0) file:/github/workspace/mnt/ozone/hadoop-ozone/integration-test/target/test-dir/MiniOzoneClusterImpl-7e68a8b4-1ba8-49bf-9ad5-192f3c798a38/datanode-6/data/ratis/34e2d6a7-fb30-4cfb-a18a-66a8d4ecf519/sm/snapshot.1_0 time:0
2020-08-03 13:24:26,363 [0a736a62-de9a-4ec3-9e43-f4a7dc0d3b3f@group-66A8D4ECF519-StateMachineUpdater] INFO  impl.StateMachineUpdater (StateMachineUpdater.java:takeSnapshot(277)) - 0a736a62-de9a-4ec3-9e43-f4a7dc0d3b3f@group-66A8D4ECF519-StateMachineUpdater: Took a snapshot at index 0
2020-08-03 13:24:26,363 [0a736a62-de9a-4ec3-9e43-f4a7dc0d3b3f@group-66A8D4ECF519-StateMachineUpdater] INFO  impl.StateMachineUpdater (StateMachineUpdater.java:lambda$new$0(87)) - 0a736a62-de9a-4ec3-9e43-f4a7dc0d3b3f@group-66A8D4ECF519-StateMachineUpdater: snapshotIndex: updateIncreasingly -1 -> 0
2020-08-03 13:24:26,363 [0a736a62-de9a-4ec3-9e43-f4a7dc0d3b3f@group-66A8D4ECF519-StateMachineUpdater] INFO  metrics.RatisMetrics (RatisMetrics.java:unregister(43)) - Unregistering Metrics Registry : ratis.state_machine.0a736a62-de9a-4ec3-9e43-f4a7dc0d3b3f@group-66A8D4ECF519
2020-08-03 13:24:26,363 [Listener at 127.0.0.1/37329] INFO  impl.RaftServerImpl (ServerState.java:close(387)) - 0a736a62-de9a-4ec3-9e43-f4a7dc0d3b3f@group-66A8D4ECF519: closes. applyIndex: 0
2020-08-03 13:24:26,363 [0a736a62-de9a-4ec3-9e43-f4a7dc0d3b3f@group-66A8D4ECF519-SegmentedRaftLogWorker] INFO  segmented.SegmentedRaftLogWorker (SegmentedRaftLogWorker.java:run(327)) - 0a736a62-de9a-4ec3-9e43-f4a7dc0d3b3f@group-66A8D4ECF519-SegmentedRaftLogWorker was interrupted, exiting. There are 0 tasks remaining in the queue.
2020-08-03 13:24:26,363 [Listener at 127.0.0.1/37329] INFO  segmented.SegmentedRaftLogWorker (SegmentedRaftLogWorker.java:close(234)) - 0a736a62-de9a-4ec3-9e43-f4a7dc0d3b3f@group-66A8D4ECF519-SegmentedRaftLogWorker close()
2020-08-03 13:24:26,364 [Listener at 127.0.0.1/37329] INFO  metrics.RatisMetrics (RatisMetrics.java:unregister(43)) - Unregistering Metrics Registry : ratis.log_worker.0a736a62-de9a-4ec3-9e43-f4a7dc0d3b3f@group-66A8D4ECF519
2020-08-03 13:24:26,364 [Listener at 127.0.0.1/37329] INFO  metrics.RatisMetrics (RatisMetrics.java:unregister(43)) - Unregistering Metrics Registry : ratis.leader_election.0a736a62-de9a-4ec3-9e43-f4a7dc0d3b3f@group-66A8D4ECF519
2020-08-03 13:24:26,364 [Listener at 127.0.0.1/37329] INFO  metrics.RatisMetrics (RatisMetrics.java:unregister(43)) - Unregistering Metrics Registry : ratis.server.0a736a62-de9a-4ec3-9e43-f4a7dc0d3b3f@group-66A8D4ECF519
2020-08-03 13:24:26,364 [Listener at 127.0.0.1/37329] INFO  server.GrpcService (GrpcService.java:closeImpl(166)) - 0a736a62-de9a-4ec3-9e43-f4a7dc0d3b3f: shutdown server with port 39385 now
2020-08-03 13:24:26,364 [Listener at 127.0.0.1/37329] INFO  server.GrpcService (GrpcService.java:closeImpl(174)) - 0a736a62-de9a-4ec3-9e43-f4a7dc0d3b3f: shutdown server with port 39385 successfully
2020-08-03 13:24:26,365 [Listener at 127.0.0.1/37329] INFO  utils.BackgroundService (BackgroundService.java:shutdown(157)) - Shutting down service BlockDeletingService
2020-08-03 13:24:26,366 [Listener at 127.0.0.1/37329] INFO  statemachine.DatanodeStateMachine (DatanodeStateMachine.java:stopDaemon(454)) - Ozone container server stopped.
2020-08-03 13:24:26,371 [Listener at 127.0.0.1/37329] INFO  handler.ContextHandler (ContextHandler.java:doStop(1016)) - Stopped o.e.j.w.WebAppContext@5bafbe15{hddsDatanode,/,null,UNAVAILABLE}{jar:file:/home/user/.m2/repository/org/apache/hadoop/hadoop-hdds-container-service/0.6.0-SNAPSHOT/hadoop-hdds-container-service-0.6.0-SNAPSHOT.jar!/webapps/hddsDatanode}
2020-08-03 13:24:26,372 [Listener at 127.0.0.1/37329] INFO  server.AbstractConnector (AbstractConnector.java:doStop(380)) - Stopped ServerConnector@54c77b89{HTTP/1.1,[http/1.1]}{0.0.0.0:0}
2020-08-03 13:24:26,372 [Listener at 127.0.0.1/37329] INFO  server.session (HouseKeeper.java:stopScavenging(158)) - node0 Stopped scavenging
2020-08-03 13:24:26,372 [Listener at 127.0.0.1/37329] INFO  handler.ContextHandler (ContextHandler.java:doStop(1016)) - Stopped o.e.j.s.ServletContextHandler@2dddf634{static,/static,jar:file:/home/user/.m2/repository/org/apache/hadoop/hadoop-hdds-container-service/0.6.0-SNAPSHOT/hadoop-hdds-container-service-0.6.0-SNAPSHOT.jar!/webapps/static,UNAVAILABLE}
2020-08-03 13:24:26,372 [Listener at 127.0.0.1/37329] INFO  handler.ContextHandler (ContextHandler.java:doStop(1016)) - Stopped o.e.j.s.ServletContextHandler@67c907b0{logs,/logs,file:///github/workspace/mnt/ozone/hadoop-ozone/integration-test/target/log,UNAVAILABLE}
2020-08-03 13:24:26,373 [Listener at 127.0.0.1/37329] INFO  ozone.MiniOzoneClusterImpl (MiniOzoneClusterImpl.java:stopSCM(476)) - Stopping the StorageContainerManager
2020-08-03 13:24:26,373 [Listener at 127.0.0.1/37329] INFO  server.StorageContainerManager (StorageContainerManager.java:stop(828)) - Stopping Replication Manager Service.
2020-08-03 13:24:26,373 [Listener at 127.0.0.1/37329] INFO  container.ReplicationManager (ReplicationManager.java:stop(218)) - Stopping Replication Monitor Thread.
2020-08-03 13:24:26,374 [Listener at 127.0.0.1/37329] INFO  server.StorageContainerManager (StorageContainerManager.java:stop(835)) - Stopping Lease Manager of the command watchers
2020-08-03 13:24:26,374 [Listener at 127.0.0.1/37329] INFO  server.StorageContainerManager (StorageContainerManager.java:stop(842)) - Stopping datanode service RPC server
2020-08-03 13:24:26,374 [CommandWatcher-LeaseManager#LeaseMonitor] ERROR lease.LeaseManager (LeaseManager.java:run(238)) - Execution was interrupted 
java.lang.InterruptedException: sleep interrupted
	at java.lang.Thread.sleep(Native Method)
	at org.apache.hadoop.ozone.lease.LeaseManager$LeaseMonitor.run(LeaseManager.java:234)
	at java.lang.Thread.run(Thread.java:748)
2020-08-03 13:24:26,374 [Listener at 127.0.0.1/37329] INFO  server.SCMDatanodeProtocolServer (SCMDatanodeProtocolServer.java:stop(361)) - Stopping the RPC server for DataNodes
2020-08-03 13:24:26,374 [Listener at 127.0.0.1/37329] INFO  ipc.Server (Server.java:stop(3359)) - Stopping server on 34077
2020-08-03 13:24:26,376 [IPC Server listener on 0] INFO  ipc.Server (Server.java:run(1330)) - Stopping IPC Server listener on 0
2020-08-03 13:24:26,377 [IPC Server Responder] INFO  ipc.Server (Server.java:run(1465)) - Stopping IPC Server Responder
2020-08-03 13:24:26,471 [SCM Heartbeat Processing Thread - 0] WARN  node.NodeStateManager (NodeStateManager.java:scheduleNextHealthCheck(661)) - Current Thread is interrupted, shutting down HB processing thread for Node Manager.
2020-08-03 13:24:26,471 [Listener at 127.0.0.1/37329] INFO  server.StorageContainerManager (StorageContainerManager.java:stop(850)) - Stopping block service RPC server
2020-08-03 13:24:26,472 [Listener at 127.0.0.1/37329] INFO  server.SCMBlockProtocolServer (SCMBlockProtocolServer.java:stop(158)) - Stopping the RPC server for Block Protocol
2020-08-03 13:24:26,472 [Listener at 127.0.0.1/37329] INFO  ipc.Server (Server.java:stop(3359)) - Stopping server on 41563
2020-08-03 13:24:26,475 [IPC Server listener on 0] INFO  ipc.Server (Server.java:run(1330)) - Stopping IPC Server listener on 0
2020-08-03 13:24:26,476 [IPC Server Responder] INFO  ipc.Server (Server.java:run(1465)) - Stopping IPC Server Responder
2020-08-03 13:24:26,476 [Listener at 127.0.0.1/37329] INFO  server.StorageContainerManager (StorageContainerManager.java:stop(857)) - Stopping the StorageContainerLocationProtocol RPC server
2020-08-03 13:24:26,476 [Listener at 127.0.0.1/37329] INFO  server.SCMClientProtocolServer (SCMClientProtocolServer.java:stop(165)) - Stopping the RPC server for Client Protocol
2020-08-03 13:24:26,476 [Listener at 127.0.0.1/37329] INFO  ipc.Server (Server.java:stop(3359)) - Stopping server on 33433
2020-08-03 13:24:26,477 [IPC Server listener on 0] INFO  ipc.Server (Server.java:run(1330)) - Stopping IPC Server listener on 0
2020-08-03 13:24:26,477 [IPC Server Responder] INFO  ipc.Server (Server.java:run(1465)) - Stopping IPC Server Responder
2020-08-03 13:24:26,478 [Listener at 127.0.0.1/37329] INFO  server.StorageContainerManager (StorageContainerManager.java:stop(864)) - Stopping Storage Container Manager HTTP server.
2020-08-03 13:24:26,478 [Listener at 127.0.0.1/37329] INFO  handler.ContextHandler (ContextHandler.java:doStop(1016)) - Stopped o.e.j.w.WebAppContext@5a8bcae1{scm,/,null,UNAVAILABLE}{file:/github/workspace/mnt/ozone/hadoop-ozone/integration-test/target/test-classes/webapps/scm}
2020-08-03 13:24:26,479 [Listener at 127.0.0.1/37329] INFO  server.AbstractConnector (AbstractConnector.java:doStop(380)) - Stopped ServerConnector@68172eeb{HTTP/1.1,[http/1.1]}{0.0.0.0:0}
2020-08-03 13:24:26,479 [Listener at 127.0.0.1/37329] INFO  server.session (HouseKeeper.java:stopScavenging(158)) - node0 Stopped scavenging
2020-08-03 13:24:26,480 [Listener at 127.0.0.1/37329] INFO  handler.ContextHandler (ContextHandler.java:doStop(1016)) - Stopped o.e.j.s.ServletContextHandler@2d8ef86b{static,/static,file:///github/workspace/mnt/ozone/hadoop-ozone/integration-test/target/test-classes/webapps/static,UNAVAILABLE}
2020-08-03 13:24:26,480 [Listener at 127.0.0.1/37329] INFO  handler.ContextHandler (ContextHandler.java:doStop(1016)) - Stopped o.e.j.s.ServletContextHandler@44eee485{logs,/logs,file:///github/workspace/mnt/ozone/hadoop-ozone/integration-test/target/log,UNAVAILABLE}
2020-08-03 13:24:26,481 [Listener at 127.0.0.1/37329] INFO  server.StorageContainerManager (StorageContainerManager.java:stop(875)) - Stopping Block Manager Service.
2020-08-03 13:24:26,481 [Listener at 127.0.0.1/37329] INFO  utils.BackgroundService (BackgroundService.java:shutdown(157)) - Shutting down service SCMBlockDeletingService
2020-08-03 13:24:26,481 [Listener at 127.0.0.1/37329] INFO  utils.BackgroundService (BackgroundService.java:shutdown(157)) - Shutting down service SCMBlockDeletingService
2020-08-03 13:24:26,481 [Listener at 127.0.0.1/37329] INFO  server.StorageContainerManager (StorageContainerManager.java:stop(900)) - Stopping SCM Event Queue.
2020-08-03 13:24:26,485 [Listener at 127.0.0.1/37329] INFO  impl.MetricsSystemImpl (MetricsSystemImpl.java:stop(210)) - Stopping HddsDatanode metrics system...
2020-08-03 13:24:26,496 [Listener at 127.0.0.1/37329] INFO  impl.MetricsSystemImpl (MetricsSystemImpl.java:stop(216)) - HddsDatanode metrics system stopped.
]]></system-out>
    <system-err><![CDATA[Aug 03, 2020 1:23:54 PM org.apache.ratis.thirdparty.io.grpc.internal.ManagedChannelOrphanWrapper$ManagedChannelReference cleanQueue
SEVERE: *~*~*~ Channel ManagedChannelImpl{logId=462, target=172.17.0.2:42411} was not shutdown properly!!! ~*~*~*
    Make sure to call shutdown()/shutdownNow() and wait until awaitTermination() returns true.
java.lang.RuntimeException: ManagedChannel allocation site
	at org.apache.ratis.thirdparty.io.grpc.internal.ManagedChannelOrphanWrapper$ManagedChannelReference.<init>(ManagedChannelOrphanWrapper.java:93)
	at org.apache.ratis.thirdparty.io.grpc.internal.ManagedChannelOrphanWrapper.<init>(ManagedChannelOrphanWrapper.java:53)
	at org.apache.ratis.thirdparty.io.grpc.internal.ManagedChannelOrphanWrapper.<init>(ManagedChannelOrphanWrapper.java:44)
	at org.apache.ratis.thirdparty.io.grpc.internal.AbstractManagedChannelImplBuilder.build(AbstractManagedChannelImplBuilder.java:518)
	at org.apache.ratis.grpc.client.GrpcClientProtocolClient.<init>(GrpcClientProtocolClient.java:128)
	at org.apache.ratis.grpc.client.GrpcClientRpc.lambda$new$0(GrpcClientRpc.java:55)
	at org.apache.ratis.util.PeerProxyMap$PeerAndProxy.lambda$getProxy$0(PeerProxyMap.java:62)
	at org.apache.ratis.util.LifeCycle.startAndTransition(LifeCycle.java:214)
	at org.apache.ratis.util.PeerProxyMap$PeerAndProxy.getProxy(PeerProxyMap.java:61)
	at org.apache.ratis.util.PeerProxyMap.getProxy(PeerProxyMap.java:109)
	at org.apache.ratis.grpc.client.GrpcClientRpc.sendRequestAsyncUnordered(GrpcClientRpc.java:78)
	at org.apache.ratis.client.impl.UnorderedAsync.sendRequestWithRetry(UnorderedAsync.java:76)
	at org.apache.ratis.client.impl.UnorderedAsync.lambda$null$2(UnorderedAsync.java:124)
	at org.apache.ratis.util.TimeoutScheduler.lambda$onTimeout$0(TimeoutScheduler.java:141)
	at org.apache.ratis.util.TimeoutScheduler.lambda$onTimeout$1(TimeoutScheduler.java:155)
	at org.apache.ratis.util.LogUtils.runAndLog(LogUtils.java:38)
	at org.apache.ratis.util.LogUtils$1.run(LogUtils.java:79)
	at java.util.concurrent.Executors$RunnableAdapter.call(Executors.java:511)
	at java.util.concurrent.FutureTask.run(FutureTask.java:266)
	at java.util.concurrent.ScheduledThreadPoolExecutor$ScheduledFutureTask.access$201(ScheduledThreadPoolExecutor.java:180)
	at java.util.concurrent.ScheduledThreadPoolExecutor$ScheduledFutureTask.run(ScheduledThreadPoolExecutor.java:293)
	at java.util.concurrent.ThreadPoolExecutor.runWorker(ThreadPoolExecutor.java:1149)
	at java.util.concurrent.ThreadPoolExecutor$Worker.run(ThreadPoolExecutor.java:624)
	at java.lang.Thread.run(Thread.java:748)

]]></system-err>
  </testcase>
  <testcase name="test2WayCommitForTimeoutException" classname="org.apache.hadoop.ozone.client.rpc.TestWatchForCommit" time="42.795"/>
</testsuite>