<?xml version="1.0" encoding="UTF-8"?>
<testsuite xmlns:xsi="http://www.w3.org/2001/XMLSchema-instance" xsi:noNamespaceSchemaLocation="https://maven.apache.org/surefire/maven-surefire-plugin/xsd/surefire-test-report.xsd" name="org.apache.hadoop.fs.ozone.TestRootedOzoneFileSystem" time="262.37" tests="160" errors="0" skipped="18" failures="2">
  <properties>
    <property name="awt.toolkit" value="sun.awt.X11.XToolkit"/>
    <property name="file.encoding.pkg" value="sun.io"/>
    <property name="java.specification.version" value="1.8"/>
    <property name="sun.cpu.isalist" value=""/>
    <property name="sun.jnu.encoding" value="UTF-8"/>
    <property name="java.class.path" value="/home/runner/work/ozone/ozone/hadoop-ozone/integration-test/target/test-classes:/home/runner/work/ozone/ozone/hadoop-ozone/integration-test/target/classes:/home/runner/.m2/repository/org/apache/ozone/ozone-common/1.3.0-SNAPSHOT/ozone-common-1.3.0-SNAPSHOT.jar:/home/runner/.m2/repository/org/apache/commons/commons-compress/1.21/commons-compress-1.21.jar:/home/runner/.m2/repository/org/apache/ozone/hdds-common/1.3.0-SNAPSHOT/hdds-common-1.3.0-SNAPSHOT.jar:/home/runner/.m2/repository/org/apache/ozone/hdds-client/1.3.0-SNAPSHOT/hdds-client-1.3.0-SNAPSHOT.jar:/home/runner/.m2/repository/org/apache/ozone/ozone-interface-client/1.3.0-SNAPSHOT/ozone-interface-client-1.3.0-SNAPSHOT.jar:/home/runner/.m2/repository/org/apache/ozone/hdds-test-utils/1.3.0-SNAPSHOT/hdds-test-utils-1.3.0-SNAPSHOT.jar:/home/runner/.m2/repository/com/google/guava/guava/30.1.1-jre/guava-30.1.1-jre.jar:/home/runner/.m2/repository/com/google/guava/failureaccess/1.0.1/failureaccess-1.0.1.jar:/home/runner/.m2/repository/com/google/guava/listenablefuture/9999.0-empty-to-avoid-conflict-with-guava/listenablefuture-9999.0-empty-to-avoid-conflict-with-guava.jar:/home/runner/.m2/repository/com/google/code/findbugs/jsr305/3.0.0/jsr305-3.0.0.jar:/home/runner/.m2/repository/org/checkerframework/checker-qual/3.8.0/checker-qual-3.8.0.jar:/home/runner/.m2/repository/com/google/errorprone/error_prone_annotations/2.2.0/error_prone_annotations-2.2.0.jar:/home/runner/.m2/repository/com/google/j2objc/j2objc-annotations/1.3/j2objc-annotations-1.3.jar:/home/runner/.m2/repository/commons-io/commons-io/2.11.0/commons-io-2.11.0.jar:/home/runner/.m2/repository/commons-logging/commons-logging/1.2/commons-logging-1.2.jar:/home/runner/.m2/repository/log4j/log4j/1.2.17/log4j-1.2.17.jar:/home/runner/.m2/repository/org/slf4j/slf4j-api/1.7.30/slf4j-api-1.7.30.jar:/home/runner/.m2/repository/org/apache/ozone/hdds-server-scm/1.3.0-SNAPSHOT/hdds-server-scm-1.3.0-SNAPSHOT.jar:/home/runner/.m2/repository/org/apache/ozone/hdds-container-service/1.3.0-SNAPSHOT/hdds-container-service-1.3.0-SNAPSHOT.jar:/home/runner/.m2/repository/org/apache/ozone/hdds-hadoop-dependency-server/1.3.0-SNAPSHOT/hdds-hadoop-dependency-server-1.3.0-SNAPSHOT.jar:/home/runner/.m2/repository/org/apache/hadoop/hadoop-hdfs/3.3.1/hadoop-hdfs-3.3.1.jar:/home/runner/.m2/repository/org/apache/ozone/hdds-server-framework/1.3.0-SNAPSHOT/hdds-server-framework-1.3.0-SNAPSHOT.jar:/home/runner/.m2/repository/org/apache/ozone/hdds-interface-server/1.3.0-SNAPSHOT/hdds-interface-server-1.3.0-SNAPSHOT.jar:/home/runner/.m2/repository/org/eclipse/jetty/jetty-servlet/9.4.43.v20210629/jetty-servlet-9.4.43.v20210629.jar:/home/runner/.m2/repository/org/eclipse/jetty/jetty-security/9.4.43.v20210629/jetty-security-9.4.43.v20210629.jar:/home/runner/.m2/repository/org/rocksdb/rocksdbjni/6.25.3/rocksdbjni-6.25.3.jar:/home/runner/.m2/repository/io/prometheus/simpleclient_dropwizard/0.7.0/simpleclient_dropwizard-0.7.0.jar:/home/runner/.m2/repository/io/prometheus/simpleclient/0.7.0/simpleclient-0.7.0.jar:/home/runner/.m2/repository/io/prometheus/simpleclient_common/0.7.0/simpleclient_common-0.7.0.jar:/home/runner/.m2/repository/com/fasterxml/jackson/datatype/jackson-datatype-jsr310/2.12.1/jackson-datatype-jsr310-2.12.1.jar:/home/runner/.m2/repository/io/dropwizard/metrics/metrics-core/3.2.4/metrics-core-3.2.4.jar:/home/runner/.m2/repository/org/apache/hadoop/hadoop-hdfs-client/3.3.1/hadoop-hdfs-client-3.3.1.jar:/home/runner/.m2/repository/org/bouncycastle/bcprov-jdk15on/1.67/bcprov-jdk15on-1.67.jar:/home/runner/.m2/repository/com/google/protobuf/protobuf-java/2.5.0/protobuf-java-2.5.0.jar:/home/runner/.m2/repository/org/apache/ozone/ozone-manager/1.3.0-SNAPSHOT/ozone-manager-1.3.0-SNAPSHOT.jar:/home/runner/.m2/repository/org/aspectj/aspectjrt/1.9.7/aspectjrt-1.9.7.jar:/home/runner/.m2/repository/org/aspectj/aspectjweaver/1.9.7/aspectjweaver-1.9.7.jar:/home/runner/.m2/repository/org/apache/ozone/hdds-interface-client/1.3.0-SNAPSHOT/hdds-interface-client-1.3.0-SNAPSHOT.jar:/home/runner/.m2/repository/org/apache/hadoop/thirdparty/hadoop-shaded-protobuf_3_7/1.1.1/hadoop-shaded-protobuf_3_7-1.1.1.jar:/home/runner/.m2/repository/org/apache/ozone/ozone-interface-storage/1.3.0-SNAPSHOT/ozone-interface-storage-1.3.0-SNAPSHOT.jar:/home/runner/.m2/repository/org/reflections/reflections/0.9.11/reflections-0.9.11.jar:/home/runner/.m2/repository/org/apache/hadoop/hadoop-minikdc/3.3.1/hadoop-minikdc-3.3.1.jar:/home/runner/.m2/repository/org/apache/kerby/kerb-simplekdc/1.0.1/kerb-simplekdc-1.0.1.jar:/home/runner/.m2/repository/org/apache/kerby/kerb-client/1.0.1/kerb-client-1.0.1.jar:/home/runner/.m2/repository/org/apache/kerby/kerby-config/1.0.1/kerby-config-1.0.1.jar:/home/runner/.m2/repository/org/apache/kerby/kerb-common/1.0.1/kerb-common-1.0.1.jar:/home/runner/.m2/repository/org/apache/kerby/kerb-crypto/1.0.1/kerb-crypto-1.0.1.jar:/home/runner/.m2/repository/org/apache/kerby/kerb-util/1.0.1/kerb-util-1.0.1.jar:/home/runner/.m2/repository/org/apache/kerby/token-provider/1.0.1/token-provider-1.0.1.jar:/home/runner/.m2/repository/org/apache/kerby/kerb-admin/1.0.1/kerb-admin-1.0.1.jar:/home/runner/.m2/repository/org/apache/kerby/kerb-server/1.0.1/kerb-server-1.0.1.jar:/home/runner/.m2/repository/org/apache/kerby/kerb-identity/1.0.1/kerb-identity-1.0.1.jar:/home/runner/.m2/repository/org/apache/kerby/kerby-xdr/1.0.1/kerby-xdr-1.0.1.jar:/home/runner/.m2/repository/org/slf4j/slf4j-log4j12/1.7.30/slf4j-log4j12-1.7.30.jar:/home/runner/.m2/repository/org/apache/ozone/ozone-s3gateway/1.3.0-SNAPSHOT/ozone-s3gateway-1.3.0-SNAPSHOT.jar:/home/runner/.m2/repository/org/javassist/javassist/3.21.0-GA/javassist-3.21.0-GA.jar:/home/runner/.m2/repository/org/jboss/weld/servlet/weld-servlet/2.4.7.Final/weld-servlet-2.4.7.Final.jar:/home/runner/.m2/repository/org/glassfish/jersey/containers/jersey-container-servlet-core/2.33/jersey-container-servlet-core-2.33.jar:/home/runner/.m2/repository/org/glassfish/hk2/external/jakarta.inject/2.6.1/jakarta.inject-2.6.1.jar:/home/runner/.m2/repository/org/glassfish/jersey/core/jersey-common/2.33/jersey-common-2.33.jar:/home/runner/.m2/repository/jakarta/ws/rs/jakarta.ws.rs-api/2.1.6/jakarta.ws.rs-api-2.1.6.jar:/home/runner/.m2/repository/org/glassfish/jersey/ext/cdi/jersey-cdi1x/2.33/jersey-cdi1x-2.33.jar:/home/runner/.m2/repository/org/glassfish/jersey/inject/jersey-hk2/2.33/jersey-hk2-2.33.jar:/home/runner/.m2/repository/org/glassfish/hk2/hk2-locator/2.6.1/hk2-locator-2.6.1.jar:/home/runner/.m2/repository/org/glassfish/jersey/media/jersey-media-jaxb/2.33/jersey-media-jaxb-2.33.jar:/home/runner/.m2/repository/org/glassfish/hk2/osgi-resource-locator/1.0.3/osgi-resource-locator-1.0.3.jar:/home/runner/.m2/repository/org/glassfish/hk2/hk2-api/2.5.0/hk2-api-2.5.0.jar:/home/runner/.m2/repository/org/glassfish/hk2/hk2-utils/2.5.0/hk2-utils-2.5.0.jar:/home/runner/.m2/repository/org/glassfish/hk2/external/aopalliance-repackaged/2.5.0/aopalliance-repackaged-2.5.0.jar:/home/runner/.m2/repository/com/fasterxml/jackson/dataformat/jackson-dataformat-xml/2.12.1/jackson-dataformat-xml-2.12.1.jar:/home/runner/.m2/repository/com/fasterxml/jackson/core/jackson-core/2.12.1/jackson-core-2.12.1.jar:/home/runner/.m2/repository/com/fasterxml/jackson/module/jackson-module-jaxb-annotations/2.12.1/jackson-module-jaxb-annotations-2.12.1.jar:/home/runner/.m2/repository/jakarta/xml/bind/jakarta.xml.bind-api/2.3.2/jakarta.xml.bind-api-2.3.2.jar:/home/runner/.m2/repository/org/codehaus/woodstox/stax2-api/3.1.4/stax2-api-3.1.4.jar:/home/runner/.m2/repository/com/fasterxml/woodstox/woodstox-core/5.0.3/woodstox-core-5.0.3.jar:/home/runner/.m2/repository/javax/enterprise/cdi-api/1.2/cdi-api-1.2.jar:/home/runner/.m2/repository/javax/el/javax.el-api/3.0.0/javax.el-api-3.0.0.jar:/home/runner/.m2/repository/javax/interceptor/javax.interceptor-api/1.2/javax.interceptor-api-1.2.jar:/home/runner/.m2/repository/javax/inject/javax.inject/1/javax.inject-1.jar:/home/runner/.m2/repository/javax/xml/bind/jaxb-api/2.3.0/jaxb-api-2.3.0.jar:/home/runner/.m2/repository/org/glassfish/jaxb/jaxb-runtime/2.3.0.1/jaxb-runtime-2.3.0.1.jar:/home/runner/.m2/repository/org/glassfish/jaxb/jaxb-core/2.3.0.1/jaxb-core-2.3.0.1.jar:/home/runner/.m2/repository/org/glassfish/jaxb/txw2/2.3.0.1/txw2-2.3.0.1.jar:/home/runner/.m2/repository/com/sun/istack/istack-commons-runtime/3.0.5/istack-commons-runtime-3.0.5.jar:/home/runner/.m2/repository/org/jvnet/staxex/stax-ex/1.7.8/stax-ex-1.7.8.jar:/home/runner/.m2/repository/com/sun/xml/fastinfoset/FastInfoset/1.2.13/FastInfoset-1.2.13.jar:/home/runner/.m2/repository/javax/activation/activation/1.1.1/activation-1.1.1.jar:/home/runner/.m2/repository/org/apache/ozone/ozone-csi/1.3.0-SNAPSHOT/ozone-csi-1.3.0-SNAPSHOT.jar:/home/runner/.m2/repository/com/google/protobuf/protobuf-java-util/3.12.0/protobuf-java-util-3.12.0.jar:/home/runner/.m2/repository/com/google/code/gson/gson/2.2.4/gson-2.2.4.jar:/home/runner/.m2/repository/org/apache/ozone/hdds-config/1.3.0-SNAPSHOT/hdds-config-1.3.0-SNAPSHOT.jar:/home/runner/.m2/repository/io/grpc/grpc-netty/1.33.0/grpc-netty-1.33.0.jar:/home/runner/.m2/repository/io/grpc/grpc-core/1.33.0/grpc-core-1.33.0.jar:/home/runner/.m2/repository/com/google/android/annotations/4.1.1.4/annotations-4.1.1.4.jar:/home/runner/.m2/repository/io/netty/netty-codec-http2/4.1.63.Final/netty-codec-http2-4.1.63.Final.jar:/home/runner/.m2/repository/io/netty/netty-codec-http/4.1.63.Final/netty-codec-http-4.1.63.Final.jar:/home/runner/.m2/repository/io/netty/netty-handler-proxy/4.1.63.Final/netty-handler-proxy-4.1.63.Final.jar:/home/runner/.m2/repository/io/netty/netty-codec-socks/4.1.63.Final/netty-codec-socks-4.1.63.Final.jar:/home/runner/.m2/repository/io/perfmark/perfmark-api/0.19.0/perfmark-api-0.19.0.jar:/home/runner/.m2/repository/org/codehaus/mojo/animal-sniffer-annotations/1.18/animal-sniffer-annotations-1.18.jar:/home/runner/.m2/repository/io/netty/netty-transport-native-epoll/4.1.63.Final/netty-transport-native-epoll-4.1.63.Final.jar:/home/runner/.m2/repository/io/netty/netty-common/4.1.63.Final/netty-common-4.1.63.Final.jar:/home/runner/.m2/repository/io/netty/netty-buffer/4.1.63.Final/netty-buffer-4.1.63.Final.jar:/home/runner/.m2/repository/io/netty/netty-transport-native-unix-common/4.1.63.Final/netty-transport-native-unix-common-4.1.63.Final.jar:/home/runner/.m2/repository/io/grpc/grpc-protobuf/1.33.0/grpc-protobuf-1.33.0.jar:/home/runner/.m2/repository/io/grpc/grpc-api/1.33.0/grpc-api-1.33.0.jar:/home/runner/.m2/repository/io/grpc/grpc-context/1.33.0/grpc-context-1.33.0.jar:/home/runner/.m2/repository/com/google/api/grpc/proto-google-common-protos/1.17.0/proto-google-common-protos-1.17.0.jar:/home/runner/.m2/repository/io/grpc/grpc-protobuf-lite/1.33.0/grpc-protobuf-lite-1.33.0.jar:/home/runner/.m2/repository/io/grpc/grpc-stub/1.33.0/grpc-stub-1.33.0.jar:/home/runner/.m2/repository/org/apache/ozone/ozone-recon/1.3.0-SNAPSHOT/ozone-recon-1.3.0-SNAPSHOT.jar:/home/runner/.m2/repository/org/apache/ozone/ozone-reconcodegen/1.3.0-SNAPSHOT/ozone-reconcodegen-1.3.0-SNAPSHOT.jar:/home/runner/.m2/repository/com/google/inject/extensions/guice-multibindings/4.0/guice-multibindings-4.0.jar:/home/runner/.m2/repository/com/google/inject/guice/4.0/guice-4.0.jar:/home/runner/.m2/repository/aopalliance/aopalliance/1.0/aopalliance-1.0.jar:/home/runner/.m2/repository/com/google/inject/extensions/guice-assistedinject/4.0/guice-assistedinject-4.0.jar:/home/runner/.m2/repository/com/google/inject/extensions/guice-servlet/4.0/guice-servlet-4.0.jar:/home/runner/.m2/repository/org/glassfish/jersey/containers/jersey-container-servlet/2.33/jersey-container-servlet-2.33.jar:/home/runner/.m2/repository/org/glassfish/hk2/guice-bridge/2.5.0/guice-bridge-2.5.0.jar:/home/runner/.m2/repository/org/glassfish/jersey/core/jersey-server/2.33/jersey-server-2.33.jar:/home/runner/.m2/repository/org/glassfish/jersey/core/jersey-client/2.33/jersey-client-2.33.jar:/home/runner/.m2/repository/jakarta/annotation/jakarta.annotation-api/1.3.5/jakarta.annotation-api-1.3.5.jar:/home/runner/.m2/repository/jakarta/validation/jakarta.validation-api/2.0.2/jakarta.validation-api-2.0.2.jar:/home/runner/.m2/repository/org/glassfish/jersey/media/jersey-media-json-jackson/2.33/jersey-media-json-jackson-2.33.jar:/home/runner/.m2/repository/org/glassfish/jersey/ext/jersey-entity-filtering/2.33/jersey-entity-filtering-2.33.jar:/home/runner/.m2/repository/org/jooq/jooq/3.11.10/jooq-3.11.10.jar:/home/runner/.m2/repository/org/jooq/jooq-meta/3.11.10/jooq-meta-3.11.10.jar:/home/runner/.m2/repository/org/jooq/jooq-codegen/3.11.10/jooq-codegen-3.11.10.jar:/home/runner/.m2/repository/com/jolbox/bonecp/0.8.0.RELEASE/bonecp-0.8.0.RELEASE.jar:/home/runner/.m2/repository/org/apache/derby/derby/10.14.2.0/derby-10.14.2.0.jar:/home/runner/.m2/repository/org/xerial/sqlite-jdbc/3.25.2/sqlite-jdbc-3.25.2.jar:/home/runner/.m2/repository/org/springframework/spring-jdbc/5.2.18.RELEASE/spring-jdbc-5.2.18.RELEASE.jar:/home/runner/.m2/repository/org/springframework/spring-beans/5.2.18.RELEASE/spring-beans-5.2.18.RELEASE.jar:/home/runner/.m2/repository/org/springframework/spring-core/5.2.18.RELEASE/spring-core-5.2.18.RELEASE.jar:/home/runner/.m2/repository/org/springframework/spring-jcl/5.2.18.RELEASE/spring-jcl-5.2.18.RELEASE.jar:/home/runner/.m2/repository/org/springframework/spring-tx/5.2.18.RELEASE/spring-tx-5.2.18.RELEASE.jar:/home/runner/.m2/repository/org/apache/ozone/ozone-client/1.3.0-SNAPSHOT/ozone-client-1.3.0-SNAPSHOT.jar:/home/runner/.m2/repository/org/apache/ozone/ozone-filesystem/1.3.0-SNAPSHOT/ozone-filesystem-1.3.0-SNAPSHOT.jar:/home/runner/.m2/repository/org/apache/ozone/ozone-filesystem-common/1.3.0-SNAPSHOT/ozone-filesystem-common-1.3.0-SNAPSHOT.jar:/home/runner/.m2/repository/org/apache/ozone/ozone-tools/1.3.0-SNAPSHOT/ozone-tools-1.3.0-SNAPSHOT.jar:/home/runner/.m2/repository/org/apache/ratis/ratis-tools/2.2.0/ratis-tools-2.2.0.jar:/home/runner/.m2/repository/com/amazonaws/aws-java-sdk-core/1.12.124/aws-java-sdk-core-1.12.124.jar:/home/runner/.m2/repository/org/apache/httpcomponents/httpclient/4.5.13/httpclient-4.5.13.jar:/home/runner/.m2/repository/org/apache/httpcomponents/httpcore/4.4.13/httpcore-4.4.13.jar:/home/runner/.m2/repository/software/amazon/ion/ion-java/1.0.2/ion-java-1.0.2.jar:/home/runner/.m2/repository/com/fasterxml/jackson/dataformat/jackson-dataformat-cbor/2.12.1/jackson-dataformat-cbor-2.12.1.jar:/home/runner/.m2/repository/joda-time/joda-time/2.8.1/joda-time-2.8.1.jar:/home/runner/.m2/repository/com/amazonaws/aws-java-sdk-s3/1.12.124/aws-java-sdk-s3-1.12.124.jar:/home/runner/.m2/repository/com/amazonaws/aws-java-sdk-kms/1.12.124/aws-java-sdk-kms-1.12.124.jar:/home/runner/.m2/repository/com/amazonaws/jmespath-java/1.12.124/jmespath-java-1.12.124.jar:/home/runner/.m2/repository/org/kohsuke/metainf-services/metainf-services/1.8/metainf-services-1.8.jar:/home/runner/.m2/repository/org/apache/ozone/hdds-tools/1.3.0-SNAPSHOT/hdds-tools-1.3.0-SNAPSHOT.jar:/home/runner/.m2/repository/commons-cli/commons-cli/1.2/commons-cli-1.2.jar:/home/runner/.m2/repository/org/apache/commons/commons-lang3/3.7/commons-lang3-3.7.jar:/home/runner/.m2/repository/org/apache/ozone/ozone-manager/1.3.0-SNAPSHOT/ozone-manager-1.3.0-SNAPSHOT-tests.jar:/home/runner/.m2/repository/org/apache/ozone/hdds-common/1.3.0-SNAPSHOT/hdds-common-1.3.0-SNAPSHOT-tests.jar:/home/runner/.m2/repository/org/apache/ozone/hdds-hadoop-dependency-client/1.3.0-SNAPSHOT/hdds-hadoop-dependency-client-1.3.0-SNAPSHOT.jar:/home/runner/.m2/repository/info/picocli/picocli/4.6.1/picocli-4.6.1.jar:/home/runner/.m2/repository/com/fasterxml/jackson/core/jackson-annotations/2.12.1/jackson-annotations-2.12.1.jar:/home/runner/.m2/repository/javax/annotation/javax.annotation-api/1.2/javax.annotation-api-1.2.jar:/home/runner/.m2/repository/org/apache/ratis/ratis-server/2.2.0/ratis-server-2.2.0.jar:/home/runner/.m2/repository/org/apache/ratis/ratis-client/2.2.0/ratis-client-2.2.0.jar:/home/runner/.m2/repository/org/apache/ratis/ratis-server-api/2.2.0/ratis-server-api-2.2.0.jar:/home/runner/.m2/repository/org/apache/ratis/ratis-metrics/2.2.0/ratis-metrics-2.2.0.jar:/home/runner/.m2/repository/org/apache/ratis/ratis-netty/2.2.0/ratis-netty-2.2.0.jar:/home/runner/.m2/repository/org/apache/ratis/ratis-grpc/2.2.0/ratis-grpc-2.2.0.jar:/home/runner/.m2/repository/org/apache/logging/log4j/log4j-api/2.17.1/log4j-api-2.17.1.jar:/home/runner/.m2/repository/org/apache/logging/log4j/log4j-core/2.17.1/log4j-core-2.17.1.jar:/home/runner/.m2/repository/com/lmax/disruptor/3.4.2/disruptor-3.4.2.jar:/home/runner/.m2/repository/org/apache/commons/commons-pool2/2.6.0/commons-pool2-2.6.0.jar:/home/runner/.m2/repository/org/bouncycastle/bcpkix-jdk15on/1.67/bcpkix-jdk15on-1.67.jar:/home/runner/.m2/repository/commons-validator/commons-validator/1.6/commons-validator-1.6.jar:/home/runner/.m2/repository/commons-beanutils/commons-beanutils/1.9.4/commons-beanutils-1.9.4.jar:/home/runner/.m2/repository/commons-digester/commons-digester/1.8.1/commons-digester-1.8.1.jar:/home/runner/.m2/repository/commons-collections/commons-collections/3.2.2/commons-collections-3.2.2.jar:/home/runner/.m2/repository/io/jaegertracing/jaeger-client/1.6.0/jaeger-client-1.6.0.jar:/home/runner/.m2/repository/io/jaegertracing/jaeger-thrift/1.6.0/jaeger-thrift-1.6.0.jar:/home/runner/.m2/repository/org/apache/thrift/libthrift/0.14.1/libthrift-0.14.1.jar:/home/runner/.m2/repository/com/squareup/okhttp3/okhttp/4.9.0/okhttp-4.9.0.jar:/home/runner/.m2/repository/com/squareup/okio/okio/2.8.0/okio-2.8.0.jar:/home/runner/.m2/repository/io/jaegertracing/jaeger-core/1.6.0/jaeger-core-1.6.0.jar:/home/runner/.m2/repository/io/jaegertracing/jaeger-tracerresolver/1.6.0/jaeger-tracerresolver-1.6.0.jar:/home/runner/.m2/repository/io/opentracing/contrib/opentracing-tracerresolver/0.1.8/opentracing-tracerresolver-0.1.8.jar:/home/runner/.m2/repository/org/jetbrains/kotlin/kotlin-stdlib/1.4.31/kotlin-stdlib-1.4.31.jar:/home/runner/.m2/repository/org/jetbrains/kotlin/kotlin-stdlib-common/1.4.31/kotlin-stdlib-common-1.4.31.jar:/home/runner/.m2/repository/org/jetbrains/annotations/13.0/annotations-13.0.jar:/home/runner/.m2/repository/io/opentracing/opentracing-util/0.33.0/opentracing-util-0.33.0.jar:/home/runner/.m2/repository/io/opentracing/opentracing-api/0.33.0/opentracing-api-0.33.0.jar:/home/runner/.m2/repository/io/opentracing/opentracing-noop/0.33.0/opentracing-noop-0.33.0.jar:/home/runner/.m2/repository/org/yaml/snakeyaml/1.26/snakeyaml-1.26.jar:/home/runner/.m2/repository/org/apache/ozone/hdds-interface-admin/1.3.0-SNAPSHOT/hdds-interface-admin-1.3.0-SNAPSHOT.jar:/home/runner/.m2/repository/junit/junit/4.13.1/junit-4.13.1.jar:/home/runner/.m2/repository/org/hamcrest/hamcrest-core/1.3/hamcrest-core-1.3.jar:/home/runner/.m2/repository/org/junit/jupiter/junit-jupiter-api/5.7.0/junit-jupiter-api-5.7.0.jar:/home/runner/.m2/repository/org/apiguardian/apiguardian-api/1.1.0/apiguardian-api-1.1.0.jar:/home/runner/.m2/repository/org/opentest4j/opentest4j/1.2.0/opentest4j-1.2.0.jar:/home/runner/.m2/repository/org/junit/platform/junit-platform-commons/1.7.0/junit-platform-commons-1.7.0.jar:/home/runner/.m2/repository/org/junit/jupiter/junit-jupiter-engine/5.7.0/junit-jupiter-engine-5.7.0.jar:/home/runner/.m2/repository/org/junit/platform/junit-platform-engine/1.7.0/junit-platform-engine-1.7.0.jar:/home/runner/.m2/repository/org/junit/vintage/junit-vintage-engine/5.7.0/junit-vintage-engine-5.7.0.jar:/home/runner/.m2/repository/org/junit/platform/junit-platform-launcher/1.7.0/junit-platform-launcher-1.7.0.jar:/home/runner/.m2/repository/org/openjdk/jmh/jmh-core/1.19/jmh-core-1.19.jar:/home/runner/.m2/repository/net/sf/jopt-simple/jopt-simple/4.6/jopt-simple-4.6.jar:/home/runner/.m2/repository/org/apache/commons/commons-math3/3.1.1/commons-math3-3.1.1.jar:/home/runner/.m2/repository/org/openjdk/jmh/jmh-generator-annprocess/1.19/jmh-generator-annprocess-1.19.jar:/home/runner/.m2/repository/org/mockito/mockito-core/2.28.2/mockito-core-2.28.2.jar:/home/runner/.m2/repository/net/bytebuddy/byte-buddy/1.9.10/byte-buddy-1.9.10.jar:/home/runner/.m2/repository/net/bytebuddy/byte-buddy-agent/1.9.10/byte-buddy-agent-1.9.10.jar:/home/runner/.m2/repository/org/objenesis/objenesis/1.0/objenesis-1.0.jar:/home/runner/.m2/repository/org/apache/hadoop/hadoop-kms/3.3.1/hadoop-kms-3.3.1.jar:/home/runner/.m2/repository/org/apache/hadoop/hadoop-auth/3.3.1/hadoop-auth-3.3.1.jar:/home/runner/.m2/repository/com/nimbusds/nimbus-jose-jwt/7.9/nimbus-jose-jwt-7.9.jar:/home/runner/.m2/repository/com/github/stephenc/jcip/jcip-annotations/1.0-1/jcip-annotations-1.0-1.jar:/home/runner/.m2/repository/net/minidev/json-smart/2.3.1/json-smart-2.3.1.jar:/home/runner/.m2/repository/net/minidev/accessors-smart/2.3.1/accessors-smart-2.3.1.jar:/home/runner/.m2/repository/org/ow2/asm/asm/5.0.4/asm-5.0.4.jar:/home/runner/.m2/repository/org/apache/zookeeper/zookeeper/3.5.6/zookeeper-3.5.6.jar:/home/runner/.m2/repository/org/apache/zookeeper/zookeeper-jute/3.5.6/zookeeper-jute-3.5.6.jar:/home/runner/.m2/repository/org/apache/yetus/audience-annotations/0.5.0/audience-annotations-0.5.0.jar:/home/runner/.m2/repository/org/apache/curator/curator-framework/4.2.0/curator-framework-4.2.0.jar:/home/runner/.m2/repository/org/apache/hadoop/thirdparty/hadoop-shaded-guava/1.1.1/hadoop-shaded-guava-1.1.1.jar:/home/runner/.m2/repository/com/sun/jersey/jersey-core/1.19/jersey-core-1.19.jar:/home/runner/.m2/repository/javax/ws/rs/jsr311-api/1.1.1/jsr311-api-1.1.1.jar:/home/runner/.m2/repository/com/sun/jersey/jersey-server/1.19/jersey-server-1.19.jar:/home/runner/.m2/repository/javax/servlet/javax.servlet-api/3.1.0/javax.servlet-api-3.1.0.jar:/home/runner/.m2/repository/org/eclipse/jetty/jetty-server/9.4.43.v20210629/jetty-server-9.4.43.v20210629.jar:/home/runner/.m2/repository/org/eclipse/jetty/jetty-http/9.4.43.v20210629/jetty-http-9.4.43.v20210629.jar:/home/runner/.m2/repository/org/eclipse/jetty/jetty-io/9.4.43.v20210629/jetty-io-9.4.43.v20210629.jar:/home/runner/.m2/repository/org/eclipse/jetty/jetty-webapp/9.4.43.v20210629/jetty-webapp-9.4.43.v20210629.jar:/home/runner/.m2/repository/org/eclipse/jetty/jetty-xml/9.4.43.v20210629/jetty-xml-9.4.43.v20210629.jar:/home/runner/.m2/repository/org/apache/hadoop/hadoop-common/3.3.1/hadoop-common-3.3.1.jar:/home/runner/.m2/repository/commons-net/commons-net/3.6/commons-net-3.6.jar:/home/runner/.m2/repository/jakarta/activation/jakarta.activation-api/1.2.1/jakarta.activation-api-1.2.1.jar:/home/runner/.m2/repository/com/sun/jersey/jersey-servlet/1.19/jersey-servlet-1.19.jar:/home/runner/.m2/repository/com/sun/jersey/jersey-json/1.19/jersey-json-1.19.jar:/home/runner/.m2/repository/org/codehaus/jettison/jettison/1.1/jettison-1.1.jar:/home/runner/.m2/repository/com/sun/xml/bind/jaxb-impl/2.2.3-1/jaxb-impl-2.2.3-1.jar:/home/runner/.m2/repository/org/codehaus/jackson/jackson-jaxrs/1.9.2/jackson-jaxrs-1.9.2.jar:/home/runner/.m2/repository/org/codehaus/jackson/jackson-xc/1.9.2/jackson-xc-1.9.2.jar:/home/runner/.m2/repository/org/apache/commons/commons-configuration2/2.1.1/commons-configuration2-2.1.1.jar:/home/runner/.m2/repository/org/apache/commons/commons-text/1.4/commons-text-1.4.jar:/home/runner/.m2/repository/com/google/re2j/re2j/1.1/re2j-1.1.jar:/home/runner/.m2/repository/com/jcraft/jsch/0.1.54/jsch-0.1.54.jar:/home/runner/.m2/repository/org/apache/curator/curator-client/4.2.0/curator-client-4.2.0.jar:/home/runner/.m2/repository/org/apache/curator/curator-recipes/4.2.0/curator-recipes-4.2.0.jar:/home/runner/.m2/repository/org/apache/kerby/kerb-core/1.0.1/kerb-core-1.0.1.jar:/home/runner/.m2/repository/org/apache/kerby/kerby-pkix/1.0.1/kerby-pkix-1.0.1.jar:/home/runner/.m2/repository/org/apache/kerby/kerby-asn1/1.0.1/kerby-asn1-1.0.1.jar:/home/runner/.m2/repository/org/apache/kerby/kerby-util/1.0.1/kerby-util-1.0.1.jar:/home/runner/.m2/repository/dnsjava/dnsjava/2.1.7/dnsjava-2.1.7.jar:/home/runner/.m2/repository/org/xerial/snappy/snappy-java/1.1.8.2/snappy-java-1.1.8.2.jar:/home/runner/.m2/repository/org/slf4j/jul-to-slf4j/1.7.30/jul-to-slf4j-1.7.30.jar:/home/runner/.m2/repository/org/eclipse/jetty/jetty-util/9.4.43.v20210629/jetty-util-9.4.43.v20210629.jar:/home/runner/.m2/repository/com/fasterxml/jackson/core/jackson-databind/2.12.1/jackson-databind-2.12.1.jar:/home/runner/.m2/repository/org/apache/hadoop/hadoop-kms/3.3.1/hadoop-kms-3.3.1-tests.jar:/home/runner/.m2/repository/org/apache/ozone/hdds-server-scm/1.3.0-SNAPSHOT/hdds-server-scm-1.3.0-SNAPSHOT-tests.jar:/home/runner/.m2/repository/org/apache/ozone/hdds-container-service/1.3.0-SNAPSHOT/hdds-container-service-1.3.0-SNAPSHOT-tests.jar:/home/runner/.m2/repository/commons-codec/commons-codec/1.11/commons-codec-1.11.jar:/home/runner/.m2/repository/io/netty/netty-transport/4.1.63.Final/netty-transport-4.1.63.Final.jar:/home/runner/.m2/repository/io/netty/netty-resolver/4.1.63.Final/netty-resolver-4.1.63.Final.jar:/home/runner/.m2/repository/io/netty/netty-codec/4.1.63.Final/netty-codec-4.1.63.Final.jar:/home/runner/.m2/repository/io/netty/netty-handler/4.1.63.Final/netty-handler-4.1.63.Final.jar:/home/runner/.m2/repository/org/apache/ozone/hdds-hadoop-dependency-test/1.3.0-SNAPSHOT/hdds-hadoop-dependency-test-1.3.0-SNAPSHOT.jar:/home/runner/.m2/repository/org/apache/hadoop/hadoop-common/3.3.1/hadoop-common-3.3.1-tests.jar:/home/runner/.m2/repository/org/assertj/assertj-core/3.12.2/assertj-core-3.12.2.jar:/home/runner/.m2/repository/org/apache/hadoop/hadoop-hdfs/3.3.1/hadoop-hdfs-3.3.1-tests.jar:/home/runner/.m2/repository/org/eclipse/jetty/jetty-util-ajax/9.4.43.v20210629/jetty-util-ajax-9.4.43.v20210629.jar:/home/runner/.m2/repository/commons-daemon/commons-daemon/1.0.13/commons-daemon-1.0.13.jar:/home/runner/.m2/repository/io/netty/netty/3.10.6.Final/netty-3.10.6.Final.jar:/home/runner/.m2/repository/io/netty/netty-all/4.1.63.Final/netty-all-4.1.63.Final.jar:/home/runner/.m2/repository/org/apache/htrace/htrace-core4/4.1.0-incubating/htrace-core4-4.1.0-incubating.jar:/home/runner/.m2/repository/org/fusesource/leveldbjni/leveldbjni-all/1.8/leveldbjni-all-1.8.jar:/home/runner/.m2/repository/org/apache/hadoop/hadoop-distcp/3.3.1/hadoop-distcp-3.3.1.jar:/home/runner/.m2/repository/org/apache/hadoop/hadoop-mapreduce-client-jobclient/3.3.1/hadoop-mapreduce-client-jobclient-3.3.1.jar:/home/runner/.m2/repository/org/apache/hadoop/hadoop-mapreduce-client-common/3.3.1/hadoop-mapreduce-client-common-3.3.1.jar:/home/runner/.m2/repository/org/apache/hadoop/hadoop-yarn-common/3.3.1/hadoop-yarn-common-3.3.1.jar:/home/runner/.m2/repository/org/apache/hadoop/hadoop-yarn-api/3.3.1/hadoop-yarn-api-3.3.1.jar:/home/runner/.m2/repository/com/sun/jersey/jersey-client/1.19/jersey-client-1.19.jar:/home/runner/.m2/repository/com/sun/jersey/contribs/jersey-guice/1.19/jersey-guice-1.19.jar:/home/runner/.m2/repository/com/fasterxml/jackson/jaxrs/jackson-jaxrs-json-provider/2.12.1/jackson-jaxrs-json-provider-2.12.1.jar:/home/runner/.m2/repository/com/fasterxml/jackson/jaxrs/jackson-jaxrs-base/2.12.1/jackson-jaxrs-base-2.12.1.jar:/home/runner/.m2/repository/org/apache/hadoop/hadoop-yarn-client/3.3.1/hadoop-yarn-client-3.3.1.jar:/home/runner/.m2/repository/org/eclipse/jetty/websocket/websocket-client/9.4.40.v20210413/websocket-client-9.4.40.v20210413.jar:/home/runner/.m2/repository/org/eclipse/jetty/jetty-client/9.4.40.v20210413/jetty-client-9.4.40.v20210413.jar:/home/runner/.m2/repository/org/eclipse/jetty/websocket/websocket-common/9.4.40.v20210413/websocket-common-9.4.40.v20210413.jar:/home/runner/.m2/repository/org/eclipse/jetty/websocket/websocket-api/9.4.40.v20210413/websocket-api-9.4.40.v20210413.jar:/home/runner/.m2/repository/org/jline/jline/3.9.0/jline-3.9.0.jar:/home/runner/.m2/repository/org/apache/hadoop/hadoop-mapreduce-client-core/3.3.1/hadoop-mapreduce-client-core-3.3.1.jar:/home/runner/.m2/repository/org/apache/avro/avro/1.7.7/avro-1.7.7.jar:/home/runner/.m2/repository/org/codehaus/jackson/jackson-core-asl/1.9.13/jackson-core-asl-1.9.13.jar:/home/runner/.m2/repository/org/codehaus/jackson/jackson-mapper-asl/1.9.13/jackson-mapper-asl-1.9.13.jar:/home/runner/.m2/repository/com/thoughtworks/paranamer/paranamer/2.3/paranamer-2.3.jar:/home/runner/.m2/repository/org/apache/hadoop/hadoop-annotations/3.3.1/hadoop-annotations-3.3.1.jar:/usr/lib/jvm/adoptopenjdk-8-hotspot-amd64/jre/../lib/tools.jar:/home/runner/.m2/repository/org/apache/hadoop/hadoop-distcp/3.3.1/hadoop-distcp-3.3.1-tests.jar:/home/runner/.m2/repository/org/apache/ratis/ratis-common/2.2.0/ratis-common-2.2.0.jar:/home/runner/.m2/repository/org/apache/ratis/ratis-thirdparty-misc/0.7.0/ratis-thirdparty-misc-0.7.0.jar:/home/runner/.m2/repository/org/apache/ratis/ratis-proto/2.2.0/ratis-proto-2.2.0.jar:"/>
    <property name="java.vm.vendor" value="AdoptOpenJDK"/>
    <property name="sun.arch.data.model" value="64"/>
    <property name="test.build.dir" value="/home/runner/work/ozone/ozone/hadoop-ozone/integration-test/target/test-dir"/>
    <property name="test.cache.data" value=""/>
    <property name="java.vendor.url" value="https://adoptopenjdk.net/"/>
    <property name="user.timezone" value=""/>
    <property name="java.vm.specification.version" value="1.8"/>
    <property name="os.name" value="Linux"/>
    <property name="test.build.data" value="/home/runner/work/ozone/ozone/hadoop-ozone/integration-test/target/test-dir"/>
    <property name="sun.java.launcher" value="SUN_STANDARD"/>
    <property name="sun.boot.library.path" value="/usr/lib/jvm/adoptopenjdk-8-hotspot-amd64/jre/lib/amd64"/>
    <property name="sun.java.command" value="/home/runner/work/ozone/ozone/hadoop-ozone/integration-test/target/surefire/surefirebooter2518391003608153247.jar /home/runner/work/ozone/ozone/hadoop-ozone/integration-test/target/surefire 2021-12-29T12-53-26_307-jvmRun1 surefire7616831005678518608tmp surefire_291714162032631477136tmp"/>
    <property name="surefire.test.class.path" value="/home/runner/work/ozone/ozone/hadoop-ozone/integration-test/target/test-classes:/home/runner/work/ozone/ozone/hadoop-ozone/integration-test/target/classes:/home/runner/.m2/repository/org/apache/ozone/ozone-common/1.3.0-SNAPSHOT/ozone-common-1.3.0-SNAPSHOT.jar:/home/runner/.m2/repository/org/apache/commons/commons-compress/1.21/commons-compress-1.21.jar:/home/runner/.m2/repository/org/apache/ozone/hdds-common/1.3.0-SNAPSHOT/hdds-common-1.3.0-SNAPSHOT.jar:/home/runner/.m2/repository/org/apache/ozone/hdds-client/1.3.0-SNAPSHOT/hdds-client-1.3.0-SNAPSHOT.jar:/home/runner/.m2/repository/org/apache/ozone/ozone-interface-client/1.3.0-SNAPSHOT/ozone-interface-client-1.3.0-SNAPSHOT.jar:/home/runner/.m2/repository/org/apache/ozone/hdds-test-utils/1.3.0-SNAPSHOT/hdds-test-utils-1.3.0-SNAPSHOT.jar:/home/runner/.m2/repository/com/google/guava/guava/30.1.1-jre/guava-30.1.1-jre.jar:/home/runner/.m2/repository/com/google/guava/failureaccess/1.0.1/failureaccess-1.0.1.jar:/home/runner/.m2/repository/com/google/guava/listenablefuture/9999.0-empty-to-avoid-conflict-with-guava/listenablefuture-9999.0-empty-to-avoid-conflict-with-guava.jar:/home/runner/.m2/repository/com/google/code/findbugs/jsr305/3.0.0/jsr305-3.0.0.jar:/home/runner/.m2/repository/org/checkerframework/checker-qual/3.8.0/checker-qual-3.8.0.jar:/home/runner/.m2/repository/com/google/errorprone/error_prone_annotations/2.2.0/error_prone_annotations-2.2.0.jar:/home/runner/.m2/repository/com/google/j2objc/j2objc-annotations/1.3/j2objc-annotations-1.3.jar:/home/runner/.m2/repository/commons-io/commons-io/2.11.0/commons-io-2.11.0.jar:/home/runner/.m2/repository/commons-logging/commons-logging/1.2/commons-logging-1.2.jar:/home/runner/.m2/repository/log4j/log4j/1.2.17/log4j-1.2.17.jar:/home/runner/.m2/repository/org/slf4j/slf4j-api/1.7.30/slf4j-api-1.7.30.jar:/home/runner/.m2/repository/org/apache/ozone/hdds-server-scm/1.3.0-SNAPSHOT/hdds-server-scm-1.3.0-SNAPSHOT.jar:/home/runner/.m2/repository/org/apache/ozone/hdds-container-service/1.3.0-SNAPSHOT/hdds-container-service-1.3.0-SNAPSHOT.jar:/home/runner/.m2/repository/org/apache/ozone/hdds-hadoop-dependency-server/1.3.0-SNAPSHOT/hdds-hadoop-dependency-server-1.3.0-SNAPSHOT.jar:/home/runner/.m2/repository/org/apache/hadoop/hadoop-hdfs/3.3.1/hadoop-hdfs-3.3.1.jar:/home/runner/.m2/repository/org/apache/ozone/hdds-server-framework/1.3.0-SNAPSHOT/hdds-server-framework-1.3.0-SNAPSHOT.jar:/home/runner/.m2/repository/org/apache/ozone/hdds-interface-server/1.3.0-SNAPSHOT/hdds-interface-server-1.3.0-SNAPSHOT.jar:/home/runner/.m2/repository/org/eclipse/jetty/jetty-servlet/9.4.43.v20210629/jetty-servlet-9.4.43.v20210629.jar:/home/runner/.m2/repository/org/eclipse/jetty/jetty-security/9.4.43.v20210629/jetty-security-9.4.43.v20210629.jar:/home/runner/.m2/repository/org/rocksdb/rocksdbjni/6.25.3/rocksdbjni-6.25.3.jar:/home/runner/.m2/repository/io/prometheus/simpleclient_dropwizard/0.7.0/simpleclient_dropwizard-0.7.0.jar:/home/runner/.m2/repository/io/prometheus/simpleclient/0.7.0/simpleclient-0.7.0.jar:/home/runner/.m2/repository/io/prometheus/simpleclient_common/0.7.0/simpleclient_common-0.7.0.jar:/home/runner/.m2/repository/com/fasterxml/jackson/datatype/jackson-datatype-jsr310/2.12.1/jackson-datatype-jsr310-2.12.1.jar:/home/runner/.m2/repository/io/dropwizard/metrics/metrics-core/3.2.4/metrics-core-3.2.4.jar:/home/runner/.m2/repository/org/apache/hadoop/hadoop-hdfs-client/3.3.1/hadoop-hdfs-client-3.3.1.jar:/home/runner/.m2/repository/org/bouncycastle/bcprov-jdk15on/1.67/bcprov-jdk15on-1.67.jar:/home/runner/.m2/repository/com/google/protobuf/protobuf-java/2.5.0/protobuf-java-2.5.0.jar:/home/runner/.m2/repository/org/apache/ozone/ozone-manager/1.3.0-SNAPSHOT/ozone-manager-1.3.0-SNAPSHOT.jar:/home/runner/.m2/repository/org/aspectj/aspectjrt/1.9.7/aspectjrt-1.9.7.jar:/home/runner/.m2/repository/org/aspectj/aspectjweaver/1.9.7/aspectjweaver-1.9.7.jar:/home/runner/.m2/repository/org/apache/ozone/hdds-interface-client/1.3.0-SNAPSHOT/hdds-interface-client-1.3.0-SNAPSHOT.jar:/home/runner/.m2/repository/org/apache/hadoop/thirdparty/hadoop-shaded-protobuf_3_7/1.1.1/hadoop-shaded-protobuf_3_7-1.1.1.jar:/home/runner/.m2/repository/org/apache/ozone/ozone-interface-storage/1.3.0-SNAPSHOT/ozone-interface-storage-1.3.0-SNAPSHOT.jar:/home/runner/.m2/repository/org/reflections/reflections/0.9.11/reflections-0.9.11.jar:/home/runner/.m2/repository/org/apache/hadoop/hadoop-minikdc/3.3.1/hadoop-minikdc-3.3.1.jar:/home/runner/.m2/repository/org/apache/kerby/kerb-simplekdc/1.0.1/kerb-simplekdc-1.0.1.jar:/home/runner/.m2/repository/org/apache/kerby/kerb-client/1.0.1/kerb-client-1.0.1.jar:/home/runner/.m2/repository/org/apache/kerby/kerby-config/1.0.1/kerby-config-1.0.1.jar:/home/runner/.m2/repository/org/apache/kerby/kerb-common/1.0.1/kerb-common-1.0.1.jar:/home/runner/.m2/repository/org/apache/kerby/kerb-crypto/1.0.1/kerb-crypto-1.0.1.jar:/home/runner/.m2/repository/org/apache/kerby/kerb-util/1.0.1/kerb-util-1.0.1.jar:/home/runner/.m2/repository/org/apache/kerby/token-provider/1.0.1/token-provider-1.0.1.jar:/home/runner/.m2/repository/org/apache/kerby/kerb-admin/1.0.1/kerb-admin-1.0.1.jar:/home/runner/.m2/repository/org/apache/kerby/kerb-server/1.0.1/kerb-server-1.0.1.jar:/home/runner/.m2/repository/org/apache/kerby/kerb-identity/1.0.1/kerb-identity-1.0.1.jar:/home/runner/.m2/repository/org/apache/kerby/kerby-xdr/1.0.1/kerby-xdr-1.0.1.jar:/home/runner/.m2/repository/org/slf4j/slf4j-log4j12/1.7.30/slf4j-log4j12-1.7.30.jar:/home/runner/.m2/repository/org/apache/ozone/ozone-s3gateway/1.3.0-SNAPSHOT/ozone-s3gateway-1.3.0-SNAPSHOT.jar:/home/runner/.m2/repository/org/javassist/javassist/3.21.0-GA/javassist-3.21.0-GA.jar:/home/runner/.m2/repository/org/jboss/weld/servlet/weld-servlet/2.4.7.Final/weld-servlet-2.4.7.Final.jar:/home/runner/.m2/repository/org/glassfish/jersey/containers/jersey-container-servlet-core/2.33/jersey-container-servlet-core-2.33.jar:/home/runner/.m2/repository/org/glassfish/hk2/external/jakarta.inject/2.6.1/jakarta.inject-2.6.1.jar:/home/runner/.m2/repository/org/glassfish/jersey/core/jersey-common/2.33/jersey-common-2.33.jar:/home/runner/.m2/repository/jakarta/ws/rs/jakarta.ws.rs-api/2.1.6/jakarta.ws.rs-api-2.1.6.jar:/home/runner/.m2/repository/org/glassfish/jersey/ext/cdi/jersey-cdi1x/2.33/jersey-cdi1x-2.33.jar:/home/runner/.m2/repository/org/glassfish/jersey/inject/jersey-hk2/2.33/jersey-hk2-2.33.jar:/home/runner/.m2/repository/org/glassfish/hk2/hk2-locator/2.6.1/hk2-locator-2.6.1.jar:/home/runner/.m2/repository/org/glassfish/jersey/media/jersey-media-jaxb/2.33/jersey-media-jaxb-2.33.jar:/home/runner/.m2/repository/org/glassfish/hk2/osgi-resource-locator/1.0.3/osgi-resource-locator-1.0.3.jar:/home/runner/.m2/repository/org/glassfish/hk2/hk2-api/2.5.0/hk2-api-2.5.0.jar:/home/runner/.m2/repository/org/glassfish/hk2/hk2-utils/2.5.0/hk2-utils-2.5.0.jar:/home/runner/.m2/repository/org/glassfish/hk2/external/aopalliance-repackaged/2.5.0/aopalliance-repackaged-2.5.0.jar:/home/runner/.m2/repository/com/fasterxml/jackson/dataformat/jackson-dataformat-xml/2.12.1/jackson-dataformat-xml-2.12.1.jar:/home/runner/.m2/repository/com/fasterxml/jackson/core/jackson-core/2.12.1/jackson-core-2.12.1.jar:/home/runner/.m2/repository/com/fasterxml/jackson/module/jackson-module-jaxb-annotations/2.12.1/jackson-module-jaxb-annotations-2.12.1.jar:/home/runner/.m2/repository/jakarta/xml/bind/jakarta.xml.bind-api/2.3.2/jakarta.xml.bind-api-2.3.2.jar:/home/runner/.m2/repository/org/codehaus/woodstox/stax2-api/3.1.4/stax2-api-3.1.4.jar:/home/runner/.m2/repository/com/fasterxml/woodstox/woodstox-core/5.0.3/woodstox-core-5.0.3.jar:/home/runner/.m2/repository/javax/enterprise/cdi-api/1.2/cdi-api-1.2.jar:/home/runner/.m2/repository/javax/el/javax.el-api/3.0.0/javax.el-api-3.0.0.jar:/home/runner/.m2/repository/javax/interceptor/javax.interceptor-api/1.2/javax.interceptor-api-1.2.jar:/home/runner/.m2/repository/javax/inject/javax.inject/1/javax.inject-1.jar:/home/runner/.m2/repository/javax/xml/bind/jaxb-api/2.3.0/jaxb-api-2.3.0.jar:/home/runner/.m2/repository/org/glassfish/jaxb/jaxb-runtime/2.3.0.1/jaxb-runtime-2.3.0.1.jar:/home/runner/.m2/repository/org/glassfish/jaxb/jaxb-core/2.3.0.1/jaxb-core-2.3.0.1.jar:/home/runner/.m2/repository/org/glassfish/jaxb/txw2/2.3.0.1/txw2-2.3.0.1.jar:/home/runner/.m2/repository/com/sun/istack/istack-commons-runtime/3.0.5/istack-commons-runtime-3.0.5.jar:/home/runner/.m2/repository/org/jvnet/staxex/stax-ex/1.7.8/stax-ex-1.7.8.jar:/home/runner/.m2/repository/com/sun/xml/fastinfoset/FastInfoset/1.2.13/FastInfoset-1.2.13.jar:/home/runner/.m2/repository/javax/activation/activation/1.1.1/activation-1.1.1.jar:/home/runner/.m2/repository/org/apache/ozone/ozone-csi/1.3.0-SNAPSHOT/ozone-csi-1.3.0-SNAPSHOT.jar:/home/runner/.m2/repository/com/google/protobuf/protobuf-java-util/3.12.0/protobuf-java-util-3.12.0.jar:/home/runner/.m2/repository/com/google/code/gson/gson/2.2.4/gson-2.2.4.jar:/home/runner/.m2/repository/org/apache/ozone/hdds-config/1.3.0-SNAPSHOT/hdds-config-1.3.0-SNAPSHOT.jar:/home/runner/.m2/repository/io/grpc/grpc-netty/1.33.0/grpc-netty-1.33.0.jar:/home/runner/.m2/repository/io/grpc/grpc-core/1.33.0/grpc-core-1.33.0.jar:/home/runner/.m2/repository/com/google/android/annotations/4.1.1.4/annotations-4.1.1.4.jar:/home/runner/.m2/repository/io/netty/netty-codec-http2/4.1.63.Final/netty-codec-http2-4.1.63.Final.jar:/home/runner/.m2/repository/io/netty/netty-codec-http/4.1.63.Final/netty-codec-http-4.1.63.Final.jar:/home/runner/.m2/repository/io/netty/netty-handler-proxy/4.1.63.Final/netty-handler-proxy-4.1.63.Final.jar:/home/runner/.m2/repository/io/netty/netty-codec-socks/4.1.63.Final/netty-codec-socks-4.1.63.Final.jar:/home/runner/.m2/repository/io/perfmark/perfmark-api/0.19.0/perfmark-api-0.19.0.jar:/home/runner/.m2/repository/org/codehaus/mojo/animal-sniffer-annotations/1.18/animal-sniffer-annotations-1.18.jar:/home/runner/.m2/repository/io/netty/netty-transport-native-epoll/4.1.63.Final/netty-transport-native-epoll-4.1.63.Final.jar:/home/runner/.m2/repository/io/netty/netty-common/4.1.63.Final/netty-common-4.1.63.Final.jar:/home/runner/.m2/repository/io/netty/netty-buffer/4.1.63.Final/netty-buffer-4.1.63.Final.jar:/home/runner/.m2/repository/io/netty/netty-transport-native-unix-common/4.1.63.Final/netty-transport-native-unix-common-4.1.63.Final.jar:/home/runner/.m2/repository/io/grpc/grpc-protobuf/1.33.0/grpc-protobuf-1.33.0.jar:/home/runner/.m2/repository/io/grpc/grpc-api/1.33.0/grpc-api-1.33.0.jar:/home/runner/.m2/repository/io/grpc/grpc-context/1.33.0/grpc-context-1.33.0.jar:/home/runner/.m2/repository/com/google/api/grpc/proto-google-common-protos/1.17.0/proto-google-common-protos-1.17.0.jar:/home/runner/.m2/repository/io/grpc/grpc-protobuf-lite/1.33.0/grpc-protobuf-lite-1.33.0.jar:/home/runner/.m2/repository/io/grpc/grpc-stub/1.33.0/grpc-stub-1.33.0.jar:/home/runner/.m2/repository/org/apache/ozone/ozone-recon/1.3.0-SNAPSHOT/ozone-recon-1.3.0-SNAPSHOT.jar:/home/runner/.m2/repository/org/apache/ozone/ozone-reconcodegen/1.3.0-SNAPSHOT/ozone-reconcodegen-1.3.0-SNAPSHOT.jar:/home/runner/.m2/repository/com/google/inject/extensions/guice-multibindings/4.0/guice-multibindings-4.0.jar:/home/runner/.m2/repository/com/google/inject/guice/4.0/guice-4.0.jar:/home/runner/.m2/repository/aopalliance/aopalliance/1.0/aopalliance-1.0.jar:/home/runner/.m2/repository/com/google/inject/extensions/guice-assistedinject/4.0/guice-assistedinject-4.0.jar:/home/runner/.m2/repository/com/google/inject/extensions/guice-servlet/4.0/guice-servlet-4.0.jar:/home/runner/.m2/repository/org/glassfish/jersey/containers/jersey-container-servlet/2.33/jersey-container-servlet-2.33.jar:/home/runner/.m2/repository/org/glassfish/hk2/guice-bridge/2.5.0/guice-bridge-2.5.0.jar:/home/runner/.m2/repository/org/glassfish/jersey/core/jersey-server/2.33/jersey-server-2.33.jar:/home/runner/.m2/repository/org/glassfish/jersey/core/jersey-client/2.33/jersey-client-2.33.jar:/home/runner/.m2/repository/jakarta/annotation/jakarta.annotation-api/1.3.5/jakarta.annotation-api-1.3.5.jar:/home/runner/.m2/repository/jakarta/validation/jakarta.validation-api/2.0.2/jakarta.validation-api-2.0.2.jar:/home/runner/.m2/repository/org/glassfish/jersey/media/jersey-media-json-jackson/2.33/jersey-media-json-jackson-2.33.jar:/home/runner/.m2/repository/org/glassfish/jersey/ext/jersey-entity-filtering/2.33/jersey-entity-filtering-2.33.jar:/home/runner/.m2/repository/org/jooq/jooq/3.11.10/jooq-3.11.10.jar:/home/runner/.m2/repository/org/jooq/jooq-meta/3.11.10/jooq-meta-3.11.10.jar:/home/runner/.m2/repository/org/jooq/jooq-codegen/3.11.10/jooq-codegen-3.11.10.jar:/home/runner/.m2/repository/com/jolbox/bonecp/0.8.0.RELEASE/bonecp-0.8.0.RELEASE.jar:/home/runner/.m2/repository/org/apache/derby/derby/10.14.2.0/derby-10.14.2.0.jar:/home/runner/.m2/repository/org/xerial/sqlite-jdbc/3.25.2/sqlite-jdbc-3.25.2.jar:/home/runner/.m2/repository/org/springframework/spring-jdbc/5.2.18.RELEASE/spring-jdbc-5.2.18.RELEASE.jar:/home/runner/.m2/repository/org/springframework/spring-beans/5.2.18.RELEASE/spring-beans-5.2.18.RELEASE.jar:/home/runner/.m2/repository/org/springframework/spring-core/5.2.18.RELEASE/spring-core-5.2.18.RELEASE.jar:/home/runner/.m2/repository/org/springframework/spring-jcl/5.2.18.RELEASE/spring-jcl-5.2.18.RELEASE.jar:/home/runner/.m2/repository/org/springframework/spring-tx/5.2.18.RELEASE/spring-tx-5.2.18.RELEASE.jar:/home/runner/.m2/repository/org/apache/ozone/ozone-client/1.3.0-SNAPSHOT/ozone-client-1.3.0-SNAPSHOT.jar:/home/runner/.m2/repository/org/apache/ozone/ozone-filesystem/1.3.0-SNAPSHOT/ozone-filesystem-1.3.0-SNAPSHOT.jar:/home/runner/.m2/repository/org/apache/ozone/ozone-filesystem-common/1.3.0-SNAPSHOT/ozone-filesystem-common-1.3.0-SNAPSHOT.jar:/home/runner/.m2/repository/org/apache/ozone/ozone-tools/1.3.0-SNAPSHOT/ozone-tools-1.3.0-SNAPSHOT.jar:/home/runner/.m2/repository/org/apache/ratis/ratis-tools/2.2.0/ratis-tools-2.2.0.jar:/home/runner/.m2/repository/com/amazonaws/aws-java-sdk-core/1.12.124/aws-java-sdk-core-1.12.124.jar:/home/runner/.m2/repository/org/apache/httpcomponents/httpclient/4.5.13/httpclient-4.5.13.jar:/home/runner/.m2/repository/org/apache/httpcomponents/httpcore/4.4.13/httpcore-4.4.13.jar:/home/runner/.m2/repository/software/amazon/ion/ion-java/1.0.2/ion-java-1.0.2.jar:/home/runner/.m2/repository/com/fasterxml/jackson/dataformat/jackson-dataformat-cbor/2.12.1/jackson-dataformat-cbor-2.12.1.jar:/home/runner/.m2/repository/joda-time/joda-time/2.8.1/joda-time-2.8.1.jar:/home/runner/.m2/repository/com/amazonaws/aws-java-sdk-s3/1.12.124/aws-java-sdk-s3-1.12.124.jar:/home/runner/.m2/repository/com/amazonaws/aws-java-sdk-kms/1.12.124/aws-java-sdk-kms-1.12.124.jar:/home/runner/.m2/repository/com/amazonaws/jmespath-java/1.12.124/jmespath-java-1.12.124.jar:/home/runner/.m2/repository/org/kohsuke/metainf-services/metainf-services/1.8/metainf-services-1.8.jar:/home/runner/.m2/repository/org/apache/ozone/hdds-tools/1.3.0-SNAPSHOT/hdds-tools-1.3.0-SNAPSHOT.jar:/home/runner/.m2/repository/commons-cli/commons-cli/1.2/commons-cli-1.2.jar:/home/runner/.m2/repository/org/apache/commons/commons-lang3/3.7/commons-lang3-3.7.jar:/home/runner/.m2/repository/org/apache/ozone/ozone-manager/1.3.0-SNAPSHOT/ozone-manager-1.3.0-SNAPSHOT-tests.jar:/home/runner/.m2/repository/org/apache/ozone/hdds-common/1.3.0-SNAPSHOT/hdds-common-1.3.0-SNAPSHOT-tests.jar:/home/runner/.m2/repository/org/apache/ozone/hdds-hadoop-dependency-client/1.3.0-SNAPSHOT/hdds-hadoop-dependency-client-1.3.0-SNAPSHOT.jar:/home/runner/.m2/repository/info/picocli/picocli/4.6.1/picocli-4.6.1.jar:/home/runner/.m2/repository/com/fasterxml/jackson/core/jackson-annotations/2.12.1/jackson-annotations-2.12.1.jar:/home/runner/.m2/repository/javax/annotation/javax.annotation-api/1.2/javax.annotation-api-1.2.jar:/home/runner/.m2/repository/org/apache/ratis/ratis-server/2.2.0/ratis-server-2.2.0.jar:/home/runner/.m2/repository/org/apache/ratis/ratis-client/2.2.0/ratis-client-2.2.0.jar:/home/runner/.m2/repository/org/apache/ratis/ratis-server-api/2.2.0/ratis-server-api-2.2.0.jar:/home/runner/.m2/repository/org/apache/ratis/ratis-metrics/2.2.0/ratis-metrics-2.2.0.jar:/home/runner/.m2/repository/org/apache/ratis/ratis-netty/2.2.0/ratis-netty-2.2.0.jar:/home/runner/.m2/repository/org/apache/ratis/ratis-grpc/2.2.0/ratis-grpc-2.2.0.jar:/home/runner/.m2/repository/org/apache/logging/log4j/log4j-api/2.17.1/log4j-api-2.17.1.jar:/home/runner/.m2/repository/org/apache/logging/log4j/log4j-core/2.17.1/log4j-core-2.17.1.jar:/home/runner/.m2/repository/com/lmax/disruptor/3.4.2/disruptor-3.4.2.jar:/home/runner/.m2/repository/org/apache/commons/commons-pool2/2.6.0/commons-pool2-2.6.0.jar:/home/runner/.m2/repository/org/bouncycastle/bcpkix-jdk15on/1.67/bcpkix-jdk15on-1.67.jar:/home/runner/.m2/repository/commons-validator/commons-validator/1.6/commons-validator-1.6.jar:/home/runner/.m2/repository/commons-beanutils/commons-beanutils/1.9.4/commons-beanutils-1.9.4.jar:/home/runner/.m2/repository/commons-digester/commons-digester/1.8.1/commons-digester-1.8.1.jar:/home/runner/.m2/repository/commons-collections/commons-collections/3.2.2/commons-collections-3.2.2.jar:/home/runner/.m2/repository/io/jaegertracing/jaeger-client/1.6.0/jaeger-client-1.6.0.jar:/home/runner/.m2/repository/io/jaegertracing/jaeger-thrift/1.6.0/jaeger-thrift-1.6.0.jar:/home/runner/.m2/repository/org/apache/thrift/libthrift/0.14.1/libthrift-0.14.1.jar:/home/runner/.m2/repository/com/squareup/okhttp3/okhttp/4.9.0/okhttp-4.9.0.jar:/home/runner/.m2/repository/com/squareup/okio/okio/2.8.0/okio-2.8.0.jar:/home/runner/.m2/repository/io/jaegertracing/jaeger-core/1.6.0/jaeger-core-1.6.0.jar:/home/runner/.m2/repository/io/jaegertracing/jaeger-tracerresolver/1.6.0/jaeger-tracerresolver-1.6.0.jar:/home/runner/.m2/repository/io/opentracing/contrib/opentracing-tracerresolver/0.1.8/opentracing-tracerresolver-0.1.8.jar:/home/runner/.m2/repository/org/jetbrains/kotlin/kotlin-stdlib/1.4.31/kotlin-stdlib-1.4.31.jar:/home/runner/.m2/repository/org/jetbrains/kotlin/kotlin-stdlib-common/1.4.31/kotlin-stdlib-common-1.4.31.jar:/home/runner/.m2/repository/org/jetbrains/annotations/13.0/annotations-13.0.jar:/home/runner/.m2/repository/io/opentracing/opentracing-util/0.33.0/opentracing-util-0.33.0.jar:/home/runner/.m2/repository/io/opentracing/opentracing-api/0.33.0/opentracing-api-0.33.0.jar:/home/runner/.m2/repository/io/opentracing/opentracing-noop/0.33.0/opentracing-noop-0.33.0.jar:/home/runner/.m2/repository/org/yaml/snakeyaml/1.26/snakeyaml-1.26.jar:/home/runner/.m2/repository/org/apache/ozone/hdds-interface-admin/1.3.0-SNAPSHOT/hdds-interface-admin-1.3.0-SNAPSHOT.jar:/home/runner/.m2/repository/junit/junit/4.13.1/junit-4.13.1.jar:/home/runner/.m2/repository/org/hamcrest/hamcrest-core/1.3/hamcrest-core-1.3.jar:/home/runner/.m2/repository/org/junit/jupiter/junit-jupiter-api/5.7.0/junit-jupiter-api-5.7.0.jar:/home/runner/.m2/repository/org/apiguardian/apiguardian-api/1.1.0/apiguardian-api-1.1.0.jar:/home/runner/.m2/repository/org/opentest4j/opentest4j/1.2.0/opentest4j-1.2.0.jar:/home/runner/.m2/repository/org/junit/platform/junit-platform-commons/1.7.0/junit-platform-commons-1.7.0.jar:/home/runner/.m2/repository/org/junit/jupiter/junit-jupiter-engine/5.7.0/junit-jupiter-engine-5.7.0.jar:/home/runner/.m2/repository/org/junit/platform/junit-platform-engine/1.7.0/junit-platform-engine-1.7.0.jar:/home/runner/.m2/repository/org/junit/vintage/junit-vintage-engine/5.7.0/junit-vintage-engine-5.7.0.jar:/home/runner/.m2/repository/org/junit/platform/junit-platform-launcher/1.7.0/junit-platform-launcher-1.7.0.jar:/home/runner/.m2/repository/org/openjdk/jmh/jmh-core/1.19/jmh-core-1.19.jar:/home/runner/.m2/repository/net/sf/jopt-simple/jopt-simple/4.6/jopt-simple-4.6.jar:/home/runner/.m2/repository/org/apache/commons/commons-math3/3.1.1/commons-math3-3.1.1.jar:/home/runner/.m2/repository/org/openjdk/jmh/jmh-generator-annprocess/1.19/jmh-generator-annprocess-1.19.jar:/home/runner/.m2/repository/org/mockito/mockito-core/2.28.2/mockito-core-2.28.2.jar:/home/runner/.m2/repository/net/bytebuddy/byte-buddy/1.9.10/byte-buddy-1.9.10.jar:/home/runner/.m2/repository/net/bytebuddy/byte-buddy-agent/1.9.10/byte-buddy-agent-1.9.10.jar:/home/runner/.m2/repository/org/objenesis/objenesis/1.0/objenesis-1.0.jar:/home/runner/.m2/repository/org/apache/hadoop/hadoop-kms/3.3.1/hadoop-kms-3.3.1.jar:/home/runner/.m2/repository/org/apache/hadoop/hadoop-auth/3.3.1/hadoop-auth-3.3.1.jar:/home/runner/.m2/repository/com/nimbusds/nimbus-jose-jwt/7.9/nimbus-jose-jwt-7.9.jar:/home/runner/.m2/repository/com/github/stephenc/jcip/jcip-annotations/1.0-1/jcip-annotations-1.0-1.jar:/home/runner/.m2/repository/net/minidev/json-smart/2.3.1/json-smart-2.3.1.jar:/home/runner/.m2/repository/net/minidev/accessors-smart/2.3.1/accessors-smart-2.3.1.jar:/home/runner/.m2/repository/org/ow2/asm/asm/5.0.4/asm-5.0.4.jar:/home/runner/.m2/repository/org/apache/zookeeper/zookeeper/3.5.6/zookeeper-3.5.6.jar:/home/runner/.m2/repository/org/apache/zookeeper/zookeeper-jute/3.5.6/zookeeper-jute-3.5.6.jar:/home/runner/.m2/repository/org/apache/yetus/audience-annotations/0.5.0/audience-annotations-0.5.0.jar:/home/runner/.m2/repository/org/apache/curator/curator-framework/4.2.0/curator-framework-4.2.0.jar:/home/runner/.m2/repository/org/apache/hadoop/thirdparty/hadoop-shaded-guava/1.1.1/hadoop-shaded-guava-1.1.1.jar:/home/runner/.m2/repository/com/sun/jersey/jersey-core/1.19/jersey-core-1.19.jar:/home/runner/.m2/repository/javax/ws/rs/jsr311-api/1.1.1/jsr311-api-1.1.1.jar:/home/runner/.m2/repository/com/sun/jersey/jersey-server/1.19/jersey-server-1.19.jar:/home/runner/.m2/repository/javax/servlet/javax.servlet-api/3.1.0/javax.servlet-api-3.1.0.jar:/home/runner/.m2/repository/org/eclipse/jetty/jetty-server/9.4.43.v20210629/jetty-server-9.4.43.v20210629.jar:/home/runner/.m2/repository/org/eclipse/jetty/jetty-http/9.4.43.v20210629/jetty-http-9.4.43.v20210629.jar:/home/runner/.m2/repository/org/eclipse/jetty/jetty-io/9.4.43.v20210629/jetty-io-9.4.43.v20210629.jar:/home/runner/.m2/repository/org/eclipse/jetty/jetty-webapp/9.4.43.v20210629/jetty-webapp-9.4.43.v20210629.jar:/home/runner/.m2/repository/org/eclipse/jetty/jetty-xml/9.4.43.v20210629/jetty-xml-9.4.43.v20210629.jar:/home/runner/.m2/repository/org/apache/hadoop/hadoop-common/3.3.1/hadoop-common-3.3.1.jar:/home/runner/.m2/repository/commons-net/commons-net/3.6/commons-net-3.6.jar:/home/runner/.m2/repository/jakarta/activation/jakarta.activation-api/1.2.1/jakarta.activation-api-1.2.1.jar:/home/runner/.m2/repository/com/sun/jersey/jersey-servlet/1.19/jersey-servlet-1.19.jar:/home/runner/.m2/repository/com/sun/jersey/jersey-json/1.19/jersey-json-1.19.jar:/home/runner/.m2/repository/org/codehaus/jettison/jettison/1.1/jettison-1.1.jar:/home/runner/.m2/repository/com/sun/xml/bind/jaxb-impl/2.2.3-1/jaxb-impl-2.2.3-1.jar:/home/runner/.m2/repository/org/codehaus/jackson/jackson-jaxrs/1.9.2/jackson-jaxrs-1.9.2.jar:/home/runner/.m2/repository/org/codehaus/jackson/jackson-xc/1.9.2/jackson-xc-1.9.2.jar:/home/runner/.m2/repository/org/apache/commons/commons-configuration2/2.1.1/commons-configuration2-2.1.1.jar:/home/runner/.m2/repository/org/apache/commons/commons-text/1.4/commons-text-1.4.jar:/home/runner/.m2/repository/com/google/re2j/re2j/1.1/re2j-1.1.jar:/home/runner/.m2/repository/com/jcraft/jsch/0.1.54/jsch-0.1.54.jar:/home/runner/.m2/repository/org/apache/curator/curator-client/4.2.0/curator-client-4.2.0.jar:/home/runner/.m2/repository/org/apache/curator/curator-recipes/4.2.0/curator-recipes-4.2.0.jar:/home/runner/.m2/repository/org/apache/kerby/kerb-core/1.0.1/kerb-core-1.0.1.jar:/home/runner/.m2/repository/org/apache/kerby/kerby-pkix/1.0.1/kerby-pkix-1.0.1.jar:/home/runner/.m2/repository/org/apache/kerby/kerby-asn1/1.0.1/kerby-asn1-1.0.1.jar:/home/runner/.m2/repository/org/apache/kerby/kerby-util/1.0.1/kerby-util-1.0.1.jar:/home/runner/.m2/repository/dnsjava/dnsjava/2.1.7/dnsjava-2.1.7.jar:/home/runner/.m2/repository/org/xerial/snappy/snappy-java/1.1.8.2/snappy-java-1.1.8.2.jar:/home/runner/.m2/repository/org/slf4j/jul-to-slf4j/1.7.30/jul-to-slf4j-1.7.30.jar:/home/runner/.m2/repository/org/eclipse/jetty/jetty-util/9.4.43.v20210629/jetty-util-9.4.43.v20210629.jar:/home/runner/.m2/repository/com/fasterxml/jackson/core/jackson-databind/2.12.1/jackson-databind-2.12.1.jar:/home/runner/.m2/repository/org/apache/hadoop/hadoop-kms/3.3.1/hadoop-kms-3.3.1-tests.jar:/home/runner/.m2/repository/org/apache/ozone/hdds-server-scm/1.3.0-SNAPSHOT/hdds-server-scm-1.3.0-SNAPSHOT-tests.jar:/home/runner/.m2/repository/org/apache/ozone/hdds-container-service/1.3.0-SNAPSHOT/hdds-container-service-1.3.0-SNAPSHOT-tests.jar:/home/runner/.m2/repository/commons-codec/commons-codec/1.11/commons-codec-1.11.jar:/home/runner/.m2/repository/io/netty/netty-transport/4.1.63.Final/netty-transport-4.1.63.Final.jar:/home/runner/.m2/repository/io/netty/netty-resolver/4.1.63.Final/netty-resolver-4.1.63.Final.jar:/home/runner/.m2/repository/io/netty/netty-codec/4.1.63.Final/netty-codec-4.1.63.Final.jar:/home/runner/.m2/repository/io/netty/netty-handler/4.1.63.Final/netty-handler-4.1.63.Final.jar:/home/runner/.m2/repository/org/apache/ozone/hdds-hadoop-dependency-test/1.3.0-SNAPSHOT/hdds-hadoop-dependency-test-1.3.0-SNAPSHOT.jar:/home/runner/.m2/repository/org/apache/hadoop/hadoop-common/3.3.1/hadoop-common-3.3.1-tests.jar:/home/runner/.m2/repository/org/assertj/assertj-core/3.12.2/assertj-core-3.12.2.jar:/home/runner/.m2/repository/org/apache/hadoop/hadoop-hdfs/3.3.1/hadoop-hdfs-3.3.1-tests.jar:/home/runner/.m2/repository/org/eclipse/jetty/jetty-util-ajax/9.4.43.v20210629/jetty-util-ajax-9.4.43.v20210629.jar:/home/runner/.m2/repository/commons-daemon/commons-daemon/1.0.13/commons-daemon-1.0.13.jar:/home/runner/.m2/repository/io/netty/netty/3.10.6.Final/netty-3.10.6.Final.jar:/home/runner/.m2/repository/io/netty/netty-all/4.1.63.Final/netty-all-4.1.63.Final.jar:/home/runner/.m2/repository/org/apache/htrace/htrace-core4/4.1.0-incubating/htrace-core4-4.1.0-incubating.jar:/home/runner/.m2/repository/org/fusesource/leveldbjni/leveldbjni-all/1.8/leveldbjni-all-1.8.jar:/home/runner/.m2/repository/org/apache/hadoop/hadoop-distcp/3.3.1/hadoop-distcp-3.3.1.jar:/home/runner/.m2/repository/org/apache/hadoop/hadoop-mapreduce-client-jobclient/3.3.1/hadoop-mapreduce-client-jobclient-3.3.1.jar:/home/runner/.m2/repository/org/apache/hadoop/hadoop-mapreduce-client-common/3.3.1/hadoop-mapreduce-client-common-3.3.1.jar:/home/runner/.m2/repository/org/apache/hadoop/hadoop-yarn-common/3.3.1/hadoop-yarn-common-3.3.1.jar:/home/runner/.m2/repository/org/apache/hadoop/hadoop-yarn-api/3.3.1/hadoop-yarn-api-3.3.1.jar:/home/runner/.m2/repository/com/sun/jersey/jersey-client/1.19/jersey-client-1.19.jar:/home/runner/.m2/repository/com/sun/jersey/contribs/jersey-guice/1.19/jersey-guice-1.19.jar:/home/runner/.m2/repository/com/fasterxml/jackson/jaxrs/jackson-jaxrs-json-provider/2.12.1/jackson-jaxrs-json-provider-2.12.1.jar:/home/runner/.m2/repository/com/fasterxml/jackson/jaxrs/jackson-jaxrs-base/2.12.1/jackson-jaxrs-base-2.12.1.jar:/home/runner/.m2/repository/org/apache/hadoop/hadoop-yarn-client/3.3.1/hadoop-yarn-client-3.3.1.jar:/home/runner/.m2/repository/org/eclipse/jetty/websocket/websocket-client/9.4.40.v20210413/websocket-client-9.4.40.v20210413.jar:/home/runner/.m2/repository/org/eclipse/jetty/jetty-client/9.4.40.v20210413/jetty-client-9.4.40.v20210413.jar:/home/runner/.m2/repository/org/eclipse/jetty/websocket/websocket-common/9.4.40.v20210413/websocket-common-9.4.40.v20210413.jar:/home/runner/.m2/repository/org/eclipse/jetty/websocket/websocket-api/9.4.40.v20210413/websocket-api-9.4.40.v20210413.jar:/home/runner/.m2/repository/org/jline/jline/3.9.0/jline-3.9.0.jar:/home/runner/.m2/repository/org/apache/hadoop/hadoop-mapreduce-client-core/3.3.1/hadoop-mapreduce-client-core-3.3.1.jar:/home/runner/.m2/repository/org/apache/avro/avro/1.7.7/avro-1.7.7.jar:/home/runner/.m2/repository/org/codehaus/jackson/jackson-core-asl/1.9.13/jackson-core-asl-1.9.13.jar:/home/runner/.m2/repository/org/codehaus/jackson/jackson-mapper-asl/1.9.13/jackson-mapper-asl-1.9.13.jar:/home/runner/.m2/repository/com/thoughtworks/paranamer/paranamer/2.3/paranamer-2.3.jar:/home/runner/.m2/repository/org/apache/hadoop/hadoop-annotations/3.3.1/hadoop-annotations-3.3.1.jar:/usr/lib/jvm/adoptopenjdk-8-hotspot-amd64/jre/../lib/tools.jar:/home/runner/.m2/repository/org/apache/hadoop/hadoop-distcp/3.3.1/hadoop-distcp-3.3.1-tests.jar:/home/runner/.m2/repository/org/apache/ratis/ratis-common/2.2.0/ratis-common-2.2.0.jar:/home/runner/.m2/repository/org/apache/ratis/ratis-thirdparty-misc/0.7.0/ratis-thirdparty-misc-0.7.0.jar:/home/runner/.m2/repository/org/apache/ratis/ratis-proto/2.2.0/ratis-proto-2.2.0.jar:"/>
    <property name="sun.cpu.endian" value="little"/>
    <property name="user.home" value="/home/runner"/>
    <property name="user.language" value="en"/>
    <property name="java.specification.vendor" value="Oracle Corporation"/>
    <property name="java.home" value="/usr/lib/jvm/adoptopenjdk-8-hotspot-amd64/jre"/>
    <property name="java.security.krb5.conf" value="/home/runner/work/ozone/ozone/hadoop-ozone/integration-test/target/test-classes/krb5.conf"/>
    <property name="basedir" value="/home/runner/work/ozone/ozone/hadoop-ozone/integration-test"/>
    <property name="file.separator" value="/"/>
    <property name="line.separator" value="&#10;"/>
    <property name="java.vm.specification.vendor" value="Oracle Corporation"/>
    <property name="java.specification.name" value="Java Platform API Specification"/>
    <property name="java.awt.graphicsenv" value="sun.awt.X11GraphicsEnvironment"/>
    <property name="skip.installnpx" value="true"/>
    <property name="surefire.real.class.path" value="/home/runner/work/ozone/ozone/hadoop-ozone/integration-test/target/surefire/surefirebooter2518391003608153247.jar:/home/runner/.m2/repository/org/jacoco/org.jacoco.agent/0.8.5/org.jacoco.agent-0.8.5-runtime.jar"/>
    <property name="hadoop.log.dir" value="/home/runner/work/ozone/ozone/hadoop-ozone/integration-test/target/log"/>
    <property name="sun.boot.class.path" value="/usr/lib/jvm/adoptopenjdk-8-hotspot-amd64/jre/lib/resources.jar:/usr/lib/jvm/adoptopenjdk-8-hotspot-amd64/jre/lib/rt.jar:/usr/lib/jvm/adoptopenjdk-8-hotspot-amd64/jre/lib/sunrsasign.jar:/usr/lib/jvm/adoptopenjdk-8-hotspot-amd64/jre/lib/jsse.jar:/usr/lib/jvm/adoptopenjdk-8-hotspot-amd64/jre/lib/jce.jar:/usr/lib/jvm/adoptopenjdk-8-hotspot-amd64/jre/lib/charsets.jar:/usr/lib/jvm/adoptopenjdk-8-hotspot-amd64/jre/lib/jfr.jar:/usr/lib/jvm/adoptopenjdk-8-hotspot-amd64/jre/classes"/>
    <property name="sun.management.compiler" value="HotSpot 64-Bit Tiered Compilers"/>
    <property name="skip.npx" value="true"/>
    <property name="java.runtime.version" value="1.8.0_292-b10"/>
    <property name="java.net.preferIPv4Stack" value="true"/>
    <property name="user.name" value="runner"/>
    <property name="path.separator" value=":"/>
    <property name="java.security.egd" value="file:///dev/urandom"/>
    <property name="os.version" value="5.4.0-1064-azure"/>
    <property name="java.endorsed.dirs" value="/usr/lib/jvm/adoptopenjdk-8-hotspot-amd64/jre/lib/endorsed"/>
    <property name="java.runtime.name" value="OpenJDK Runtime Environment"/>
    <property name="file.encoding" value="UTF-8"/>
    <property name="java.vm.name" value="OpenJDK 64-Bit Server VM"/>
    <property name="test.build.webapps" value=""/>
    <property name="localRepository" value="/home/runner/.m2/repository"/>
    <property name="java.vendor.url.bug" value="https://github.com/AdoptOpenJDK/openjdk-support/issues"/>
    <property name="java.io.tmpdir" value="/tmp"/>
    <property name="require.test.libhadoop" value=""/>
    <property name="java.version" value="1.8.0_292"/>
    <property name="user.dir" value="/home/runner/work/ozone/ozone/hadoop-ozone/integration-test"/>
    <property name="os.arch" value="amd64"/>
    <property name="java.vm.specification.name" value="Java Virtual Machine Specification"/>
    <property name="test.build.classes" value="/home/runner/work/ozone/ozone/hadoop-ozone/integration-test/target/test-classes"/>
    <property name="java.awt.printerjob" value="sun.print.PSPrinterJob"/>
    <property name="sun.os.patch.level" value="unknown"/>
    <property name="hadoop.tmp.dir" value="/home/runner/work/ozone/ozone/hadoop-ozone/integration-test/target/tmp"/>
    <property name="java.library.path" value="/usr/java/packages/lib/amd64:/usr/lib64:/lib64:/lib:/usr/lib"/>
    <property name="java.vm.info" value="mixed mode"/>
    <property name="java.vendor" value="AdoptOpenJDK"/>
    <property name="java.vm.version" value="25.292-b10"/>
    <property name="java.ext.dirs" value="/usr/lib/jvm/adoptopenjdk-8-hotspot-amd64/jre/lib/ext:/usr/java/packages/lib/ext"/>
    <property name="sun.io.unicode.encoding" value="UnicodeLittle"/>
    <property name="java.class.version" value="52.0"/>
  </properties>
  <testcase name="testNonPrivilegedUserMkdirCreateBucket[0]" classname="org.apache.hadoop.fs.ozone.TestRootedOzoneFileSystem" time="0.066"/>
  <testcase name="testRenameFile[0]" classname="org.apache.hadoop.fs.ozone.TestRootedOzoneFileSystem" time="0.269"/>
  <testcase name="testListStatusRootAndVolumeRecursive[0]" classname="org.apache.hadoop.fs.ozone.TestRootedOzoneFileSystem" time="0.948"/>
  <testcase name="testTempMount[0]" classname="org.apache.hadoop.fs.ozone.TestRootedOzoneFileSystem" time="0.122"/>
  <testcase name="testListStatusRootAndVolumeNonRecursive[0]" classname="org.apache.hadoop.fs.ozone.TestRootedOzoneFileSystem" time="0.272"/>
  <testcase name="testDeleteVolumeAndBucket[0]" classname="org.apache.hadoop.fs.ozone.TestRootedOzoneFileSystem" time="0.038"/>
  <testcase name="testRenameDirToItsOwnSubDir[0]" classname="org.apache.hadoop.fs.ozone.TestRootedOzoneFileSystem" time="0.013"/>
  <testcase name="testOzoneFsServiceLoader[0]" classname="org.apache.hadoop.fs.ozone.TestRootedOzoneFileSystem" time="0.02"/>
  <testcase name="testTrash[0]" classname="org.apache.hadoop.fs.ozone.TestRootedOzoneFileSystem" time="0">
    <skipped/>
  </testcase>
  <testcase name="testRenameDestinationParentDoesntExist[0]" classname="org.apache.hadoop.fs.ozone.TestRootedOzoneFileSystem" time="0.041"/>
  <testcase name="testGetFileStatusRoot[0]" classname="org.apache.hadoop.fs.ozone.TestRootedOzoneFileSystem" time="0.002"/>
  <testcase name="testCreateWithInvalidPaths[0]" classname="org.apache.hadoop.fs.ozone.TestRootedOzoneFileSystem" time="0.004"/>
  <testcase name="testDeleteEmptyVolume[0]" classname="org.apache.hadoop.fs.ozone.TestRootedOzoneFileSystem" time="0.017"/>
  <testcase name="testListStatusRootAndVolumeContinuation[0]" classname="org.apache.hadoop.fs.ozone.TestRootedOzoneFileSystem" time="0">
    <skipped message="FS Path is enabled. Skipping this test as it is not tuned for FS Path yet" type="org.junit.AssumptionViolatedException">org.junit.AssumptionViolatedException: FS Path is enabled. Skipping this test as it is not tuned for FS Path yet
	at org.junit.Assume.assumeTrue(Assume.java:68)
	at org.apache.hadoop.fs.ozone.TestRootedOzoneFileSystem.testListStatusRootAndVolumeContinuation(TestRootedOzoneFileSystem.java:887)
	at sun.reflect.NativeMethodAccessorImpl.invoke0(Native Method)
	at sun.reflect.NativeMethodAccessorImpl.invoke(NativeMethodAccessorImpl.java:62)
	at sun.reflect.DelegatingMethodAccessorImpl.invoke(DelegatingMethodAccessorImpl.java:43)
	at java.lang.reflect.Method.invoke(Method.java:498)
	at org.junit.runners.model.FrameworkMethod$1.runReflectiveCall(FrameworkMethod.java:59)
	at org.junit.internal.runners.model.ReflectiveCallable.run(ReflectiveCallable.java:12)
	at org.junit.runners.model.FrameworkMethod.invokeExplosively(FrameworkMethod.java:56)
	at org.junit.internal.runners.statements.InvokeMethod.evaluate(InvokeMethod.java:17)
	at org.junit.internal.runners.statements.FailOnTimeout$CallableStatement.call(FailOnTimeout.java:288)
	at org.junit.internal.runners.statements.FailOnTimeout$CallableStatement.call(FailOnTimeout.java:282)
	at java.util.concurrent.FutureTask.run(FutureTask.java:266)
	at java.lang.Thread.run(Thread.java:748)
</skipped>
  </testcase>
  <testcase name="testDeleteVolumeBucketAndKey[0]" classname="org.apache.hadoop.fs.ozone.TestRootedOzoneFileSystem" time="0.1"/>
  <testcase name="testRenameToParentDir[0]" classname="org.apache.hadoop.fs.ozone.TestRootedOzoneFileSystem" time="0.091"/>
  <testcase name="testMkdirNonExistentVolumeBucket[0]" classname="org.apache.hadoop.fs.ozone.TestRootedOzoneFileSystem" time="0.021"/>
  <testcase name="testFailToDeleteRoot[0]" classname="org.apache.hadoop.fs.ozone.TestRootedOzoneFileSystem" time="0.001"/>
  <testcase name="testListStatusOnSubDirs[0]" classname="org.apache.hadoop.fs.ozone.TestRootedOzoneFileSystem" time="0.061"/>
  <testcase name="testListStatus[0]" classname="org.apache.hadoop.fs.ozone.TestRootedOzoneFileSystem" time="0.069"/>
  <testcase name="testGetTrashRoots[0]" classname="org.apache.hadoop.fs.ozone.TestRootedOzoneFileSystem" time="0.574"/>
  <testcase name="testCreateDoesNotAddParentDirKeys[0]" classname="org.apache.hadoop.fs.ozone.TestRootedOzoneFileSystem" time="0.063"/>
  <testcase name="testMkdirNonExistentVolume[0]" classname="org.apache.hadoop.fs.ozone.TestRootedOzoneFileSystem" time="0.016"/>
  <testcase name="testDeleteCreatesFakeParentDir[0]" classname="org.apache.hadoop.fs.ozone.TestRootedOzoneFileSystem" time="0">
    <skipped message="FS Path is enabled. Skipping this test as it is not tuned for FS Path yet" type="org.junit.AssumptionViolatedException">org.junit.AssumptionViolatedException: FS Path is enabled. Skipping this test as it is not tuned for FS Path yet
	at org.junit.Assume.assumeTrue(Assume.java:68)
	at org.apache.hadoop.fs.ozone.TestRootedOzoneFileSystem.testDeleteCreatesFakeParentDir(TestRootedOzoneFileSystem.java:302)
	at sun.reflect.NativeMethodAccessorImpl.invoke0(Native Method)
	at sun.reflect.NativeMethodAccessorImpl.invoke(NativeMethodAccessorImpl.java:62)
	at sun.reflect.DelegatingMethodAccessorImpl.invoke(DelegatingMethodAccessorImpl.java:43)
	at java.lang.reflect.Method.invoke(Method.java:498)
	at org.junit.runners.model.FrameworkMethod$1.runReflectiveCall(FrameworkMethod.java:59)
	at org.junit.internal.runners.model.ReflectiveCallable.run(ReflectiveCallable.java:12)
	at org.junit.runners.model.FrameworkMethod.invokeExplosively(FrameworkMethod.java:56)
	at org.junit.internal.runners.statements.InvokeMethod.evaluate(InvokeMethod.java:17)
	at org.junit.internal.runners.statements.FailOnTimeout$CallableStatement.call(FailOnTimeout.java:288)
	at org.junit.internal.runners.statements.FailOnTimeout$CallableStatement.call(FailOnTimeout.java:282)
	at java.util.concurrent.FutureTask.run(FutureTask.java:266)
	at java.lang.Thread.run(Thread.java:748)
</skipped>
  </testcase>
  <testcase name="testNonExplicitlyCreatedPathExistsAfterItsLeafsWereRemoved[0]" classname="org.apache.hadoop.fs.ozone.TestRootedOzoneFileSystem" time="0.102"/>
  <testcase name="testFileDelete[0]" classname="org.apache.hadoop.fs.ozone.TestRootedOzoneFileSystem" time="0.217"/>
  <testcase name="testRenameToTrashEnabled[0]" classname="org.apache.hadoop.fs.ozone.TestRootedOzoneFileSystem" time="0.107"/>
  <testcase name="testMkdirOnNonExistentVolumeBucketDir[0]" classname="org.apache.hadoop.fs.ozone.TestRootedOzoneFileSystem" time="0">
    <skipped message="FS Path is enabled. Skipping this test as it is not tuned for FS Path yet" type="org.junit.AssumptionViolatedException">org.junit.AssumptionViolatedException: FS Path is enabled. Skipping this test as it is not tuned for FS Path yet
	at org.junit.Assume.assumeTrue(Assume.java:68)
	at org.apache.hadoop.fs.ozone.TestRootedOzoneFileSystem.testMkdirOnNonExistentVolumeBucketDir(TestRootedOzoneFileSystem.java:405)
	at sun.reflect.NativeMethodAccessorImpl.invoke0(Native Method)
	at sun.reflect.NativeMethodAccessorImpl.invoke(NativeMethodAccessorImpl.java:62)
	at sun.reflect.DelegatingMethodAccessorImpl.invoke(DelegatingMethodAccessorImpl.java:43)
	at java.lang.reflect.Method.invoke(Method.java:498)
	at org.junit.runners.model.FrameworkMethod$1.runReflectiveCall(FrameworkMethod.java:59)
	at org.junit.internal.runners.model.ReflectiveCallable.run(ReflectiveCallable.java:12)
	at org.junit.runners.model.FrameworkMethod.invokeExplosively(FrameworkMethod.java:56)
	at org.junit.internal.runners.statements.InvokeMethod.evaluate(InvokeMethod.java:17)
	at org.junit.internal.runners.statements.FailOnTimeout$CallableStatement.call(FailOnTimeout.java:288)
	at org.junit.internal.runners.statements.FailOnTimeout$CallableStatement.call(FailOnTimeout.java:282)
	at java.util.concurrent.FutureTask.run(FutureTask.java:266)
	at java.lang.Thread.run(Thread.java:748)
</skipped>
  </testcase>
  <testcase name="testListStatusOnLargeDirectory[0]" classname="org.apache.hadoop.fs.ozone.TestRootedOzoneFileSystem" time="11.395"/>
  <testcase name="testRenameToDifferentBucket[0]" classname="org.apache.hadoop.fs.ozone.TestRootedOzoneFileSystem" time="0.017"/>
  <testcase name="testListStatusInBucket[0]" classname="org.apache.hadoop.fs.ozone.TestRootedOzoneFileSystem" time="0.008"/>
  <testcase name="testRenameFileToDir[0]" classname="org.apache.hadoop.fs.ozone.TestRootedOzoneFileSystem" time="0.053"/>
  <testcase name="testNonPrivilegedUserMkdirCreateBucket[1]" classname="org.apache.hadoop.fs.ozone.TestRootedOzoneFileSystem" time="0">
    <skipped message="ACL is not enabled. Skipping this test as it requires ACL to be enabled to be meaningful." type="org.junit.AssumptionViolatedException">org.junit.AssumptionViolatedException: ACL is not enabled. Skipping this test as it requires ACL to be enabled to be meaningful.
	at org.junit.Assume.assumeTrue(Assume.java:68)
	at org.apache.hadoop.fs.ozone.TestRootedOzoneFileSystem.testNonPrivilegedUserMkdirCreateBucket(TestRootedOzoneFileSystem.java:1582)
	at sun.reflect.NativeMethodAccessorImpl.invoke0(Native Method)
	at sun.reflect.NativeMethodAccessorImpl.invoke(NativeMethodAccessorImpl.java:62)
	at sun.reflect.DelegatingMethodAccessorImpl.invoke(DelegatingMethodAccessorImpl.java:43)
	at java.lang.reflect.Method.invoke(Method.java:498)
	at org.junit.runners.model.FrameworkMethod$1.runReflectiveCall(FrameworkMethod.java:59)
	at org.junit.internal.runners.model.ReflectiveCallable.run(ReflectiveCallable.java:12)
	at org.junit.runners.model.FrameworkMethod.invokeExplosively(FrameworkMethod.java:56)
	at org.junit.internal.runners.statements.InvokeMethod.evaluate(InvokeMethod.java:17)
	at org.junit.internal.runners.statements.FailOnTimeout$CallableStatement.call(FailOnTimeout.java:288)
	at org.junit.internal.runners.statements.FailOnTimeout$CallableStatement.call(FailOnTimeout.java:282)
	at java.util.concurrent.FutureTask.run(FutureTask.java:266)
	at java.lang.Thread.run(Thread.java:748)
</skipped>
    <system-out><![CDATA[2021-12-29 13:34:31,824 [Listener at 127.0.0.1/33601] INFO  ozone.MiniOzoneClusterImpl (MiniOzoneClusterImpl.java:shutdown(453)) - Shutting down the Mini Ozone Cluster
2021-12-29 13:34:31,825 [Listener at 127.0.0.1/33601] INFO  ozone.MiniOzoneClusterImpl (MiniOzoneClusterImpl.java:stop(468)) - Stopping the Mini Ozone Cluster
2021-12-29 13:34:31,825 [Listener at 127.0.0.1/33601] INFO  ozone.MiniOzoneClusterImpl (MiniOzoneClusterImpl.java:stopOM(550)) - Stopping the OzoneManager
2021-12-29 13:34:31,825 [Listener at 127.0.0.1/33601] INFO  om.OzoneManager (OzoneManager.java:stop(1893)) - om1[localhost:0]: Stopping Ozone Manager
2021-12-29 13:34:31,825 [Listener at 127.0.0.1/33601] INFO  ipc.Server (Server.java:stop(3414)) - Stopping server on 33601
2021-12-29 13:34:31,830 [IPC Server listener on 0] INFO  ipc.Server (Server.java:run(1376)) - Stopping IPC Server listener on 0
2021-12-29 13:34:31,830 [IPC Server Responder] INFO  ipc.Server (Server.java:run(1512)) - Stopping IPC Server Responder
2021-12-29 13:34:31,831 [Listener at 127.0.0.1/33601] INFO  server.RaftServer (RaftServerProxy.java:lambda$close$6(391)) - om1: close
2021-12-29 13:34:31,832 [Listener at 127.0.0.1/33601] INFO  server.RaftServer$Division (RaftServerImpl.java:lambda$close$4(412)) - om1@group-C5BA1605619E: shutdown
2021-12-29 13:34:31,832 [Listener at 127.0.0.1/33601] INFO  util.JmxRegister (JmxRegister.java:unregister(73)) - Successfully un-registered JMX Bean with object name Ratis:service=RaftServer,group=group-C5BA1605619E,id=om1
2021-12-29 13:34:31,832 [Listener at 127.0.0.1/33601] INFO  impl.RoleInfo (RoleInfo.java:shutdownLeaderState(91)) - om1: shutdown om1@group-C5BA1605619E-LeaderStateImpl
2021-12-29 13:34:31,833 [Listener at 127.0.0.1/33601] INFO  impl.PendingRequests (PendingRequests.java:sendNotLeaderResponses(282)) - om1@group-C5BA1605619E-PendingRequests: sendNotLeaderResponses
2021-12-29 13:34:31,836 [om1@group-C5BA1605619E-StateMachineUpdater] INFO  ratis.OzoneManagerStateMachine (OzoneManagerStateMachine.java:takeSnapshot(417)) - Current Snapshot Index (t:1, i:6562)
2021-12-29 13:34:31,837 [om1@group-C5BA1605619E-StateMachineUpdater] INFO  impl.StateMachineUpdater (StateMachineUpdater.java:takeSnapshot(281)) - om1@group-C5BA1605619E-StateMachineUpdater: Took a snapshot at index 6562
2021-12-29 13:34:31,837 [om1@group-C5BA1605619E-StateMachineUpdater] INFO  impl.StateMachineUpdater (StateMachineUpdater.java:lambda$new$0(89)) - om1@group-C5BA1605619E-StateMachineUpdater: snapshotIndex: updateIncreasingly -1 -> 6562
2021-12-29 13:34:31,837 [om1@group-C5BA1605619E-StateMachineUpdater] INFO  ratis.OzoneManagerStateMachine (OzoneManagerStateMachine.java:close(471)) - StateMachine has shutdown. Shutdown OzoneManager if not already shutdown.
2021-12-29 13:34:31,837 [Listener at 127.0.0.1/33601] INFO  impl.StateMachineUpdater (StateMachineUpdater.java:stopAndJoin(149)) - om1@group-C5BA1605619E-StateMachineUpdater: set stopIndex = 6562
2021-12-29 13:34:31,838 [Listener at 127.0.0.1/33601] INFO  server.RaftServer$Division (ServerState.java:close(419)) - om1@group-C5BA1605619E: closes. applyIndex: 6562
2021-12-29 13:34:31,841 [om1@group-C5BA1605619E-SegmentedRaftLogWorker] INFO  segmented.SegmentedRaftLogWorker (SegmentedRaftLogWorker.java:run(327)) - om1@group-C5BA1605619E-SegmentedRaftLogWorker was interrupted, exiting. There are 0 tasks remaining in the queue.
2021-12-29 13:34:31,843 [Listener at 127.0.0.1/33601] INFO  segmented.SegmentedRaftLogWorker (SegmentedRaftLogWorker.java:close(237)) - om1@group-C5BA1605619E-SegmentedRaftLogWorker close()
2021-12-29 13:34:31,844 [Listener at 127.0.0.1/33601] INFO  server.GrpcService (GrpcService.java:closeImpl(262)) - om1: shutdown server with port 9872 now
2021-12-29 13:34:31,845 [Listener at 127.0.0.1/33601] INFO  server.GrpcService (GrpcService.java:closeImpl(271)) - om1: shutdown server with port 9872 successfully
2021-12-29 13:34:31,846 [org.apache.ratis.util.JvmPauseMonitor$$Lambda$528/1712405372@7265db9d] INFO  util.JvmPauseMonitor (JvmPauseMonitor.java:run(109)) - JvmPauseMonitor-om1: Stopped
2021-12-29 13:34:31,846 [Listener at 127.0.0.1/33601] INFO  ratis.OzoneManagerDoubleBuffer (OzoneManagerDoubleBuffer.java:stop(437)) - Stopping OMDoubleBuffer flush thread
2021-12-29 13:34:31,846 [OMDoubleBufferFlushThread] INFO  ratis.OzoneManagerDoubleBuffer (OzoneManagerDoubleBuffer.java:flushTransactions(356)) - OMDoubleBuffer flush thread OMDoubleBufferFlushThread is interrupted and will exit. OMDoubleBufferFlushThread
2021-12-29 13:34:31,847 [Listener at 127.0.0.1/33601] INFO  utils.BackgroundService (BackgroundService.java:shutdown(132)) - Shutting down service KeyDeletingService
2021-12-29 13:34:31,847 [Listener at 127.0.0.1/33601] INFO  utils.BackgroundService (BackgroundService.java:shutdown(132)) - Shutting down service DirectoryDeletingService
2021-12-29 13:34:31,849 [Listener at 127.0.0.1/33601] INFO  handler.ContextHandler (ContextHandler.java:doStop(1153)) - Stopped o.e.j.w.WebAppContext@2a0a5865{ozoneManager,/,null,STOPPED}{file:/home/runner/work/ozone/ozone/hadoop-ozone/integration-test/target/test-classes/webapps/ozoneManager}
2021-12-29 13:34:31,853 [Listener at 127.0.0.1/33601] INFO  server.AbstractConnector (AbstractConnector.java:doStop(381)) - Stopped ServerConnector@61668c05{HTTP/1.1, (http/1.1)}{0.0.0.0:0}
2021-12-29 13:34:31,853 [Listener at 127.0.0.1/33601] INFO  server.session (HouseKeeper.java:stopScavenging(149)) - node0 Stopped scavenging
2021-12-29 13:34:31,854 [Listener at 127.0.0.1/33601] INFO  handler.ContextHandler (ContextHandler.java:doStop(1153)) - Stopped o.e.j.s.ServletContextHandler@3d2162c5{static,/static,file:///home/runner/work/ozone/ozone/hadoop-ozone/integration-test/target/test-classes/webapps/static,STOPPED}
2021-12-29 13:34:31,855 [Listener at 127.0.0.1/33601] INFO  handler.ContextHandler (ContextHandler.java:doStop(1153)) - Stopped o.e.j.s.ServletContextHandler@ce4a8a2{logs,/logs,file:///home/runner/work/ozone/ozone/hadoop-ozone/integration-test/target/log,STOPPED}
2021-12-29 13:34:31,856 [Trash Emptier] ERROR om.TrashPolicyOzone (TrashPolicyOzone.java:run(251)) - Error attempting to shutdown
java.lang.InterruptedException
	at java.util.concurrent.locks.AbstractQueuedSynchronizer$ConditionObject.awaitNanos(AbstractQueuedSynchronizer.java:2067)
	at java.util.concurrent.ThreadPoolExecutor.awaitTermination(ThreadPoolExecutor.java:1475)
	at org.apache.hadoop.ozone.om.TrashPolicyOzone$Emptier.run(TrashPolicyOzone.java:249)
	at java.lang.Thread.run(Thread.java:748)
2021-12-29 13:34:31,858 [Listener at 127.0.0.1/33601] INFO  ozone.MiniOzoneClusterImpl (MiniOzoneClusterImpl.java:stopDatanodes(527)) - Stopping the HddsDatanodes
2021-12-29 13:34:36,860 [Listener at 127.0.0.1/33601] INFO  ozoneimpl.OzoneContainer (OzoneContainer.java:stop(336)) - Attempting to stop container services.
2021-12-29 13:34:36,860 [ForkJoinPool.commonPool-worker-1] INFO  ozoneimpl.OzoneContainer (OzoneContainer.java:stop(336)) - Attempting to stop container services.
2021-12-29 13:34:36,861 [Listener at 127.0.0.1/33601] INFO  server.RaftServer (RaftServerProxy.java:lambda$close$6(391)) - 7ba51e5a-727d-4ef8-875e-807e4ff6812a: close
2021-12-29 13:34:36,861 [ForkJoinPool.commonPool-worker-1] INFO  server.RaftServer (RaftServerProxy.java:lambda$close$6(391)) - b46e0087-30ad-4b7f-887a-36c8ed0db67e: close
2021-12-29 13:34:36,861 [Listener at 127.0.0.1/33601] INFO  server.RaftServer$Division (RaftServerImpl.java:lambda$close$4(412)) - 7ba51e5a-727d-4ef8-875e-807e4ff6812a@group-BC6507D71B1F: shutdown
2021-12-29 13:34:36,861 [ForkJoinPool.commonPool-worker-1] INFO  server.RaftServer$Division (RaftServerImpl.java:lambda$close$4(412)) - b46e0087-30ad-4b7f-887a-36c8ed0db67e@group-CA994C25B216: shutdown
2021-12-29 13:34:36,861 [Listener at 127.0.0.1/33601] INFO  util.JmxRegister (JmxRegister.java:unregister(73)) - Successfully un-registered JMX Bean with object name Ratis:service=RaftServer,group=group-BC6507D71B1F,id=7ba51e5a-727d-4ef8-875e-807e4ff6812a
2021-12-29 13:34:36,862 [Listener at 127.0.0.1/33601] INFO  impl.RoleInfo (RoleInfo.java:shutdownLeaderState(91)) - 7ba51e5a-727d-4ef8-875e-807e4ff6812a: shutdown 7ba51e5a-727d-4ef8-875e-807e4ff6812a@group-BC6507D71B1F-LeaderStateImpl
2021-12-29 13:34:36,861 [ForkJoinPool.commonPool-worker-1] INFO  util.JmxRegister (JmxRegister.java:unregister(73)) - Successfully un-registered JMX Bean with object name Ratis:service=RaftServer,group=group-CA994C25B216,id=b46e0087-30ad-4b7f-887a-36c8ed0db67e
2021-12-29 13:34:36,862 [ForkJoinPool.commonPool-worker-1] INFO  impl.RoleInfo (RoleInfo.java:shutdownLeaderState(91)) - b46e0087-30ad-4b7f-887a-36c8ed0db67e: shutdown b46e0087-30ad-4b7f-887a-36c8ed0db67e@group-CA994C25B216-LeaderStateImpl
2021-12-29 13:34:36,862 [Listener at 127.0.0.1/33601] INFO  impl.PendingRequests (PendingRequests.java:sendNotLeaderResponses(282)) - 7ba51e5a-727d-4ef8-875e-807e4ff6812a@group-BC6507D71B1F-PendingRequests: sendNotLeaderResponses
2021-12-29 13:34:36,862 [ForkJoinPool.commonPool-worker-1] INFO  impl.PendingRequests (PendingRequests.java:sendNotLeaderResponses(282)) - b46e0087-30ad-4b7f-887a-36c8ed0db67e@group-CA994C25B216-PendingRequests: sendNotLeaderResponses
2021-12-29 13:34:36,863 [Listener at 127.0.0.1/33601] INFO  impl.StateMachineUpdater (StateMachineUpdater.java:stopAndJoin(149)) - 7ba51e5a-727d-4ef8-875e-807e4ff6812a@group-BC6507D71B1F-StateMachineUpdater: set stopIndex = 0
2021-12-29 13:34:36,864 [7ba51e5a-727d-4ef8-875e-807e4ff6812a@group-BC6507D71B1F-StateMachineUpdater] INFO  ratis.ContainerStateMachine (ContainerStateMachine.java:takeSnapshot(299)) - group-BC6507D71B1F: Taking a snapshot at:(t:1, i:0) file /home/runner/work/ozone/ozone/hadoop-ozone/integration-test/target/test-dir/MiniOzoneClusterImpl-7d6fe320-0ffb-432c-a5b3-2ab51c323a3d/datanode-1/data/ratis/fe365574-3737-441c-9563-bc6507d71b1f/sm/snapshot.1_0
2021-12-29 13:34:36,865 [b46e0087-30ad-4b7f-887a-36c8ed0db67e@group-CA994C25B216-StateMachineUpdater] INFO  ratis.ContainerStateMachine (ContainerStateMachine.java:takeSnapshot(299)) - group-CA994C25B216: Taking a snapshot at:(t:1, i:0) file /home/runner/work/ozone/ozone/hadoop-ozone/integration-test/target/test-dir/MiniOzoneClusterImpl-7d6fe320-0ffb-432c-a5b3-2ab51c323a3d/datanode-0/data/ratis/4d88a4e5-7636-4949-b93d-ca994c25b216/sm/snapshot.1_0
2021-12-29 13:34:36,863 [ForkJoinPool.commonPool-worker-1] INFO  impl.StateMachineUpdater (StateMachineUpdater.java:stopAndJoin(149)) - b46e0087-30ad-4b7f-887a-36c8ed0db67e@group-CA994C25B216-StateMachineUpdater: set stopIndex = 0
2021-12-29 13:34:36,893 [b46e0087-30ad-4b7f-887a-36c8ed0db67e@group-CA994C25B216-StateMachineUpdater] INFO  ratis.ContainerStateMachine (ContainerStateMachine.java:takeSnapshot(310)) - group-CA994C25B216: Finished taking a snapshot at:(t:1, i:0) file:/home/runner/work/ozone/ozone/hadoop-ozone/integration-test/target/test-dir/MiniOzoneClusterImpl-7d6fe320-0ffb-432c-a5b3-2ab51c323a3d/datanode-0/data/ratis/4d88a4e5-7636-4949-b93d-ca994c25b216/sm/snapshot.1_0 took: 29 ms
2021-12-29 13:34:36,895 [b46e0087-30ad-4b7f-887a-36c8ed0db67e@group-CA994C25B216-StateMachineUpdater] INFO  impl.StateMachineUpdater (StateMachineUpdater.java:takeSnapshot(281)) - b46e0087-30ad-4b7f-887a-36c8ed0db67e@group-CA994C25B216-StateMachineUpdater: Took a snapshot at index 0
2021-12-29 13:34:36,895 [b46e0087-30ad-4b7f-887a-36c8ed0db67e@group-CA994C25B216-StateMachineUpdater] INFO  impl.StateMachineUpdater (StateMachineUpdater.java:lambda$new$0(89)) - b46e0087-30ad-4b7f-887a-36c8ed0db67e@group-CA994C25B216-StateMachineUpdater: snapshotIndex: updateIncreasingly -1 -> 0
2021-12-29 13:34:36,897 [7ba51e5a-727d-4ef8-875e-807e4ff6812a@group-BC6507D71B1F-StateMachineUpdater] INFO  ratis.ContainerStateMachine (ContainerStateMachine.java:takeSnapshot(310)) - group-BC6507D71B1F: Finished taking a snapshot at:(t:1, i:0) file:/home/runner/work/ozone/ozone/hadoop-ozone/integration-test/target/test-dir/MiniOzoneClusterImpl-7d6fe320-0ffb-432c-a5b3-2ab51c323a3d/datanode-1/data/ratis/fe365574-3737-441c-9563-bc6507d71b1f/sm/snapshot.1_0 took: 34 ms
2021-12-29 13:34:36,898 [7ba51e5a-727d-4ef8-875e-807e4ff6812a@group-BC6507D71B1F-StateMachineUpdater] INFO  impl.StateMachineUpdater (StateMachineUpdater.java:takeSnapshot(281)) - 7ba51e5a-727d-4ef8-875e-807e4ff6812a@group-BC6507D71B1F-StateMachineUpdater: Took a snapshot at index 0
2021-12-29 13:34:36,898 [7ba51e5a-727d-4ef8-875e-807e4ff6812a@group-BC6507D71B1F-StateMachineUpdater] INFO  impl.StateMachineUpdater (StateMachineUpdater.java:lambda$new$0(89)) - 7ba51e5a-727d-4ef8-875e-807e4ff6812a@group-BC6507D71B1F-StateMachineUpdater: snapshotIndex: updateIncreasingly -1 -> 0
2021-12-29 13:34:36,899 [Listener at 127.0.0.1/33601] INFO  server.RaftServer$Division (ServerState.java:close(419)) - 7ba51e5a-727d-4ef8-875e-807e4ff6812a@group-BC6507D71B1F: closes. applyIndex: 0
2021-12-29 13:34:36,899 [ForkJoinPool.commonPool-worker-1] INFO  server.RaftServer$Division (ServerState.java:close(419)) - b46e0087-30ad-4b7f-887a-36c8ed0db67e@group-CA994C25B216: closes. applyIndex: 0
2021-12-29 13:34:36,900 [b46e0087-30ad-4b7f-887a-36c8ed0db67e@group-CA994C25B216-SegmentedRaftLogWorker] INFO  segmented.SegmentedRaftLogWorker (SegmentedRaftLogWorker.java:run(327)) - b46e0087-30ad-4b7f-887a-36c8ed0db67e@group-CA994C25B216-SegmentedRaftLogWorker was interrupted, exiting. There are 0 tasks remaining in the queue.
2021-12-29 13:34:36,900 [7ba51e5a-727d-4ef8-875e-807e4ff6812a@group-BC6507D71B1F-SegmentedRaftLogWorker] INFO  segmented.SegmentedRaftLogWorker (SegmentedRaftLogWorker.java:run(327)) - 7ba51e5a-727d-4ef8-875e-807e4ff6812a@group-BC6507D71B1F-SegmentedRaftLogWorker was interrupted, exiting. There are 0 tasks remaining in the queue.
2021-12-29 13:34:36,900 [ForkJoinPool.commonPool-worker-1] INFO  segmented.SegmentedRaftLogWorker (SegmentedRaftLogWorker.java:close(237)) - b46e0087-30ad-4b7f-887a-36c8ed0db67e@group-CA994C25B216-SegmentedRaftLogWorker close()
2021-12-29 13:34:36,901 [ForkJoinPool.commonPool-worker-1] INFO  server.RaftServer$Division (RaftServerImpl.java:lambda$close$4(412)) - b46e0087-30ad-4b7f-887a-36c8ed0db67e@group-4714CE8D32E4: shutdown
2021-12-29 13:34:36,901 [ForkJoinPool.commonPool-worker-1] INFO  util.JmxRegister (JmxRegister.java:unregister(73)) - Successfully un-registered JMX Bean with object name Ratis:service=RaftServer,group=group-4714CE8D32E4,id=b46e0087-30ad-4b7f-887a-36c8ed0db67e
2021-12-29 13:34:36,901 [ForkJoinPool.commonPool-worker-1] INFO  impl.RoleInfo (RoleInfo.java:shutdownFollowerState(108)) - b46e0087-30ad-4b7f-887a-36c8ed0db67e: shutdown b46e0087-30ad-4b7f-887a-36c8ed0db67e@group-4714CE8D32E4-FollowerState
2021-12-29 13:34:36,901 [ForkJoinPool.commonPool-worker-1] INFO  impl.StateMachineUpdater (StateMachineUpdater.java:stopAndJoin(149)) - b46e0087-30ad-4b7f-887a-36c8ed0db67e@group-4714CE8D32E4-StateMachineUpdater: set stopIndex = 0
2021-12-29 13:34:36,901 [b46e0087-30ad-4b7f-887a-36c8ed0db67e@group-4714CE8D32E4-FollowerState] INFO  impl.FollowerState (FollowerState.java:run(143)) - b46e0087-30ad-4b7f-887a-36c8ed0db67e@group-4714CE8D32E4-FollowerState was interrupted: {}
java.lang.InterruptedException: sleep interrupted
	at java.lang.Thread.sleep(Native Method)
	at java.lang.Thread.sleep(Thread.java:340)
	at java.util.concurrent.TimeUnit.sleep(TimeUnit.java:386)
	at org.apache.ratis.util.TimeDuration.sleep(TimeDuration.java:324)
	at org.apache.ratis.util.TimeDuration.sleep(TimeDuration.java:309)
	at org.apache.ratis.server.impl.FollowerState.run(FollowerState.java:118)
2021-12-29 13:34:36,901 [b46e0087-30ad-4b7f-887a-36c8ed0db67e@group-4714CE8D32E4-StateMachineUpdater] INFO  ratis.ContainerStateMachine (ContainerStateMachine.java:takeSnapshot(299)) - group-4714CE8D32E4: Taking a snapshot at:(t:2, i:0) file /home/runner/work/ozone/ozone/hadoop-ozone/integration-test/target/test-dir/MiniOzoneClusterImpl-7d6fe320-0ffb-432c-a5b3-2ab51c323a3d/datanode-0/data/ratis/ead4b138-4e24-492c-b56e-4714ce8d32e4/sm/snapshot.2_0
2021-12-29 13:34:36,901 [Listener at 127.0.0.1/33601] INFO  segmented.SegmentedRaftLogWorker (SegmentedRaftLogWorker.java:close(237)) - 7ba51e5a-727d-4ef8-875e-807e4ff6812a@group-BC6507D71B1F-SegmentedRaftLogWorker close()
2021-12-29 13:34:36,903 [b46e0087-30ad-4b7f-887a-36c8ed0db67e@group-4714CE8D32E4-StateMachineUpdater] INFO  ratis.ContainerStateMachine (ContainerStateMachine.java:takeSnapshot(310)) - group-4714CE8D32E4: Finished taking a snapshot at:(t:2, i:0) file:/home/runner/work/ozone/ozone/hadoop-ozone/integration-test/target/test-dir/MiniOzoneClusterImpl-7d6fe320-0ffb-432c-a5b3-2ab51c323a3d/datanode-0/data/ratis/ead4b138-4e24-492c-b56e-4714ce8d32e4/sm/snapshot.2_0 took: 1 ms
2021-12-29 13:34:36,903 [b46e0087-30ad-4b7f-887a-36c8ed0db67e@group-4714CE8D32E4-StateMachineUpdater] INFO  impl.StateMachineUpdater (StateMachineUpdater.java:takeSnapshot(281)) - b46e0087-30ad-4b7f-887a-36c8ed0db67e@group-4714CE8D32E4-StateMachineUpdater: Took a snapshot at index 0
2021-12-29 13:34:36,903 [b46e0087-30ad-4b7f-887a-36c8ed0db67e@group-4714CE8D32E4-StateMachineUpdater] INFO  impl.StateMachineUpdater (StateMachineUpdater.java:lambda$new$0(89)) - b46e0087-30ad-4b7f-887a-36c8ed0db67e@group-4714CE8D32E4-StateMachineUpdater: snapshotIndex: updateIncreasingly -1 -> 0
2021-12-29 13:34:36,903 [ForkJoinPool.commonPool-worker-1] INFO  server.RaftServer$Division (ServerState.java:close(419)) - b46e0087-30ad-4b7f-887a-36c8ed0db67e@group-4714CE8D32E4: closes. applyIndex: 0
2021-12-29 13:34:36,903 [b46e0087-30ad-4b7f-887a-36c8ed0db67e@group-4714CE8D32E4-SegmentedRaftLogWorker] INFO  segmented.SegmentedRaftLogWorker (SegmentedRaftLogWorker.java:run(327)) - b46e0087-30ad-4b7f-887a-36c8ed0db67e@group-4714CE8D32E4-SegmentedRaftLogWorker was interrupted, exiting. There are 0 tasks remaining in the queue.
2021-12-29 13:34:36,903 [ForkJoinPool.commonPool-worker-1] INFO  segmented.SegmentedRaftLogWorker (SegmentedRaftLogWorker.java:close(237)) - b46e0087-30ad-4b7f-887a-36c8ed0db67e@group-4714CE8D32E4-SegmentedRaftLogWorker close()
2021-12-29 13:34:36,904 [Listener at 127.0.0.1/33601] INFO  server.RaftServer$Division (RaftServerImpl.java:lambda$close$4(412)) - 7ba51e5a-727d-4ef8-875e-807e4ff6812a@group-4714CE8D32E4: shutdown
2021-12-29 13:34:36,904 [Listener at 127.0.0.1/33601] INFO  util.JmxRegister (JmxRegister.java:unregister(73)) - Successfully un-registered JMX Bean with object name Ratis:service=RaftServer,group=group-4714CE8D32E4,id=7ba51e5a-727d-4ef8-875e-807e4ff6812a
2021-12-29 13:34:36,904 [Listener at 127.0.0.1/33601] INFO  impl.RoleInfo (RoleInfo.java:shutdownLeaderState(91)) - 7ba51e5a-727d-4ef8-875e-807e4ff6812a: shutdown 7ba51e5a-727d-4ef8-875e-807e4ff6812a@group-4714CE8D32E4-LeaderStateImpl
2021-12-29 13:34:36,904 [7ba51e5a-727d-4ef8-875e-807e4ff6812a@group-4714CE8D32E4->6b43f304-d44b-4136-a2f9-b4019b75ba8d-GrpcLogAppender-LogAppenderDaemon] WARN  server.GrpcLogAppender (GrpcLogAppender.java:mayWait(177)) - 7ba51e5a-727d-4ef8-875e-807e4ff6812a@group-4714CE8D32E4->6b43f304-d44b-4136-a2f9-b4019b75ba8d-GrpcLogAppender: Wait interrupted by java.lang.InterruptedException
2021-12-29 13:34:36,905 [Listener at 127.0.0.1/33601] INFO  impl.PendingRequests (PendingRequests.java:sendNotLeaderResponses(282)) - 7ba51e5a-727d-4ef8-875e-807e4ff6812a@group-4714CE8D32E4-PendingRequests: sendNotLeaderResponses
2021-12-29 13:34:36,906 [Listener at 127.0.0.1/33601] INFO  impl.StateMachineUpdater (StateMachineUpdater.java:stopAndJoin(149)) - 7ba51e5a-727d-4ef8-875e-807e4ff6812a@group-4714CE8D32E4-StateMachineUpdater: set stopIndex = 0
2021-12-29 13:34:36,906 [7ba51e5a-727d-4ef8-875e-807e4ff6812a@group-4714CE8D32E4-StateMachineUpdater] INFO  ratis.ContainerStateMachine (ContainerStateMachine.java:takeSnapshot(299)) - group-4714CE8D32E4: Taking a snapshot at:(t:2, i:0) file /home/runner/work/ozone/ozone/hadoop-ozone/integration-test/target/test-dir/MiniOzoneClusterImpl-7d6fe320-0ffb-432c-a5b3-2ab51c323a3d/datanode-1/data/ratis/ead4b138-4e24-492c-b56e-4714ce8d32e4/sm/snapshot.2_0
2021-12-29 13:34:36,907 [7ba51e5a-727d-4ef8-875e-807e4ff6812a@group-4714CE8D32E4-StateMachineUpdater] INFO  ratis.ContainerStateMachine (ContainerStateMachine.java:takeSnapshot(310)) - group-4714CE8D32E4: Finished taking a snapshot at:(t:2, i:0) file:/home/runner/work/ozone/ozone/hadoop-ozone/integration-test/target/test-dir/MiniOzoneClusterImpl-7d6fe320-0ffb-432c-a5b3-2ab51c323a3d/datanode-1/data/ratis/ead4b138-4e24-492c-b56e-4714ce8d32e4/sm/snapshot.2_0 took: 2 ms
2021-12-29 13:34:36,907 [7ba51e5a-727d-4ef8-875e-807e4ff6812a@group-4714CE8D32E4-StateMachineUpdater] INFO  impl.StateMachineUpdater (StateMachineUpdater.java:takeSnapshot(281)) - 7ba51e5a-727d-4ef8-875e-807e4ff6812a@group-4714CE8D32E4-StateMachineUpdater: Took a snapshot at index 0
2021-12-29 13:34:36,907 [7ba51e5a-727d-4ef8-875e-807e4ff6812a@group-4714CE8D32E4-StateMachineUpdater] INFO  impl.StateMachineUpdater (StateMachineUpdater.java:lambda$new$0(89)) - 7ba51e5a-727d-4ef8-875e-807e4ff6812a@group-4714CE8D32E4-StateMachineUpdater: snapshotIndex: updateIncreasingly -1 -> 0
2021-12-29 13:34:36,907 [grpc-default-executor-3] INFO  server.GrpcServerProtocolService (GrpcServerProtocolService.java:onCompleted(140)) - 6b43f304-d44b-4136-a2f9-b4019b75ba8d: Completed APPEND_ENTRIES, lastRequest: 7ba51e5a-727d-4ef8-875e-807e4ff6812a->6b43f304-d44b-4136-a2f9-b4019b75ba8d#1-t2,previous=(t:0, i:0),leaderCommit=0,initializing? true,entries: size=1, first=(t:2, i:0), CONFIGURATIONENTRY
2021-12-29 13:34:36,918 [ForkJoinPool.commonPool-worker-1] INFO  server.RaftServer$Division (RaftServerImpl.java:lambda$close$4(412)) - b46e0087-30ad-4b7f-887a-36c8ed0db67e@group-2E4B0D540826: shutdown
2021-12-29 13:34:36,918 [ForkJoinPool.commonPool-worker-1] INFO  util.JmxRegister (JmxRegister.java:unregister(73)) - Successfully un-registered JMX Bean with object name Ratis:service=RaftServer,group=group-2E4B0D540826,id=b46e0087-30ad-4b7f-887a-36c8ed0db67e
2021-12-29 13:34:36,918 [ForkJoinPool.commonPool-worker-1] INFO  impl.RoleInfo (RoleInfo.java:shutdownFollowerState(108)) - b46e0087-30ad-4b7f-887a-36c8ed0db67e: shutdown b46e0087-30ad-4b7f-887a-36c8ed0db67e@group-2E4B0D540826-FollowerState
2021-12-29 13:34:36,918 [ForkJoinPool.commonPool-worker-1] INFO  impl.StateMachineUpdater (StateMachineUpdater.java:stopAndJoin(149)) - b46e0087-30ad-4b7f-887a-36c8ed0db67e@group-2E4B0D540826-StateMachineUpdater: set stopIndex = 28
2021-12-29 13:34:36,918 [b46e0087-30ad-4b7f-887a-36c8ed0db67e@group-2E4B0D540826-FollowerState] INFO  impl.FollowerState (FollowerState.java:run(143)) - b46e0087-30ad-4b7f-887a-36c8ed0db67e@group-2E4B0D540826-FollowerState was interrupted: {}
java.lang.InterruptedException: sleep interrupted
	at java.lang.Thread.sleep(Native Method)
	at java.lang.Thread.sleep(Thread.java:340)
	at java.util.concurrent.TimeUnit.sleep(TimeUnit.java:386)
	at org.apache.ratis.util.TimeDuration.sleep(TimeDuration.java:324)
	at org.apache.ratis.util.TimeDuration.sleep(TimeDuration.java:309)
	at org.apache.ratis.server.impl.FollowerState.run(FollowerState.java:118)
2021-12-29 13:34:36,905 [7ba51e5a-727d-4ef8-875e-807e4ff6812a@group-4714CE8D32E4->b46e0087-30ad-4b7f-887a-36c8ed0db67e-GrpcLogAppender-LogAppenderDaemon] WARN  server.GrpcLogAppender (GrpcLogAppender.java:mayWait(177)) - 7ba51e5a-727d-4ef8-875e-807e4ff6812a@group-4714CE8D32E4->b46e0087-30ad-4b7f-887a-36c8ed0db67e-GrpcLogAppender: Wait interrupted by java.lang.InterruptedException
2021-12-29 13:34:36,919 [b46e0087-30ad-4b7f-887a-36c8ed0db67e@group-2E4B0D540826-StateMachineUpdater] INFO  ratis.ContainerStateMachine (ContainerStateMachine.java:takeSnapshot(299)) - group-2E4B0D540826: Taking a snapshot at:(t:1, i:28) file /home/runner/work/ozone/ozone/hadoop-ozone/integration-test/target/test-dir/MiniOzoneClusterImpl-7d6fe320-0ffb-432c-a5b3-2ab51c323a3d/datanode-0/data/ratis/72d328fe-c33a-440f-8196-2e4b0d540826/sm/snapshot.1_28
2021-12-29 13:34:36,919 [Listener at 127.0.0.1/33601] INFO  server.RaftServer$Division (ServerState.java:close(419)) - 7ba51e5a-727d-4ef8-875e-807e4ff6812a@group-4714CE8D32E4: closes. applyIndex: 0
2021-12-29 13:34:36,920 [7ba51e5a-727d-4ef8-875e-807e4ff6812a@group-4714CE8D32E4-SegmentedRaftLogWorker] INFO  segmented.SegmentedRaftLogWorker (SegmentedRaftLogWorker.java:run(327)) - 7ba51e5a-727d-4ef8-875e-807e4ff6812a@group-4714CE8D32E4-SegmentedRaftLogWorker was interrupted, exiting. There are 0 tasks remaining in the queue.
2021-12-29 13:34:36,920 [grpc-default-executor-3] INFO  server.GrpcServerProtocolService (GrpcServerProtocolService.java:onCompleted(140)) - b46e0087-30ad-4b7f-887a-36c8ed0db67e: Completed APPEND_ENTRIES, lastRequest: 7ba51e5a-727d-4ef8-875e-807e4ff6812a->b46e0087-30ad-4b7f-887a-36c8ed0db67e#1-t2,previous=(t:0, i:0),leaderCommit=0,initializing? true,entries: size=1, first=(t:2, i:0), CONFIGURATIONENTRY
2021-12-29 13:34:36,908 [grpc-default-executor-2] INFO  server.GrpcLogAppender (GrpcLogAppender.java:onCompleted(346)) - 7ba51e5a-727d-4ef8-875e-807e4ff6812a@group-4714CE8D32E4->6b43f304-d44b-4136-a2f9-b4019b75ba8d-AppendLogResponseHandler: follower responses appendEntries COMPLETED
2021-12-29 13:34:36,921 [grpc-default-executor-0] INFO  server.GrpcLogAppender (GrpcLogAppender.java:onCompleted(346)) - 7ba51e5a-727d-4ef8-875e-807e4ff6812a@group-4714CE8D32E4->b46e0087-30ad-4b7f-887a-36c8ed0db67e-AppendLogResponseHandler: follower responses appendEntries COMPLETED
2021-12-29 13:34:36,922 [Listener at 127.0.0.1/33601] INFO  segmented.SegmentedRaftLogWorker (SegmentedRaftLogWorker.java:close(237)) - 7ba51e5a-727d-4ef8-875e-807e4ff6812a@group-4714CE8D32E4-SegmentedRaftLogWorker close()
2021-12-29 13:34:36,924 [grpc-default-executor-2] INFO  leader.FollowerInfo (FollowerInfoImpl.java:lambda$new$0(47)) - 7ba51e5a-727d-4ef8-875e-807e4ff6812a@group-4714CE8D32E4->6b43f304-d44b-4136-a2f9-b4019b75ba8d: nextIndex: updateUnconditionally 1 -> 0
2021-12-29 13:34:36,924 [grpc-default-executor-0] INFO  leader.FollowerInfo (FollowerInfoImpl.java:lambda$new$0(47)) - 7ba51e5a-727d-4ef8-875e-807e4ff6812a@group-4714CE8D32E4->b46e0087-30ad-4b7f-887a-36c8ed0db67e: nextIndex: updateUnconditionally 1 -> 0
2021-12-29 13:34:36,924 [Listener at 127.0.0.1/33601] INFO  server.RaftServer$Division (RaftServerImpl.java:lambda$close$4(412)) - 7ba51e5a-727d-4ef8-875e-807e4ff6812a@group-2E4B0D540826: shutdown
2021-12-29 13:34:36,925 [b46e0087-30ad-4b7f-887a-36c8ed0db67e@group-2E4B0D540826-StateMachineUpdater] INFO  ratis.ContainerStateMachine (ContainerStateMachine.java:takeSnapshot(310)) - group-2E4B0D540826: Finished taking a snapshot at:(t:1, i:28) file:/home/runner/work/ozone/ozone/hadoop-ozone/integration-test/target/test-dir/MiniOzoneClusterImpl-7d6fe320-0ffb-432c-a5b3-2ab51c323a3d/datanode-0/data/ratis/72d328fe-c33a-440f-8196-2e4b0d540826/sm/snapshot.1_28 took: 5 ms
2021-12-29 13:34:36,925 [Listener at 127.0.0.1/33601] INFO  util.JmxRegister (JmxRegister.java:unregister(73)) - Successfully un-registered JMX Bean with object name Ratis:service=RaftServer,group=group-2E4B0D540826,id=7ba51e5a-727d-4ef8-875e-807e4ff6812a
2021-12-29 13:34:36,925 [b46e0087-30ad-4b7f-887a-36c8ed0db67e@group-2E4B0D540826-StateMachineUpdater] INFO  impl.StateMachineUpdater (StateMachineUpdater.java:takeSnapshot(281)) - b46e0087-30ad-4b7f-887a-36c8ed0db67e@group-2E4B0D540826-StateMachineUpdater: Took a snapshot at index 28
2021-12-29 13:34:36,925 [Listener at 127.0.0.1/33601] INFO  impl.RoleInfo (RoleInfo.java:shutdownFollowerState(108)) - 7ba51e5a-727d-4ef8-875e-807e4ff6812a: shutdown 7ba51e5a-727d-4ef8-875e-807e4ff6812a@group-2E4B0D540826-FollowerState
2021-12-29 13:34:36,925 [b46e0087-30ad-4b7f-887a-36c8ed0db67e@group-2E4B0D540826-StateMachineUpdater] INFO  impl.StateMachineUpdater (StateMachineUpdater.java:lambda$new$0(89)) - b46e0087-30ad-4b7f-887a-36c8ed0db67e@group-2E4B0D540826-StateMachineUpdater: snapshotIndex: updateIncreasingly -1 -> 28
2021-12-29 13:34:36,925 [7ba51e5a-727d-4ef8-875e-807e4ff6812a@group-2E4B0D540826-FollowerState] INFO  impl.FollowerState (FollowerState.java:run(143)) - 7ba51e5a-727d-4ef8-875e-807e4ff6812a@group-2E4B0D540826-FollowerState was interrupted: {}
java.lang.InterruptedException: sleep interrupted
	at java.lang.Thread.sleep(Native Method)
	at java.lang.Thread.sleep(Thread.java:340)
	at java.util.concurrent.TimeUnit.sleep(TimeUnit.java:386)
	at org.apache.ratis.util.TimeDuration.sleep(TimeDuration.java:324)
	at org.apache.ratis.util.TimeDuration.sleep(TimeDuration.java:309)
	at org.apache.ratis.server.impl.FollowerState.run(FollowerState.java:118)
2021-12-29 13:34:36,925 [7ba51e5a-727d-4ef8-875e-807e4ff6812a@group-2E4B0D540826-StateMachineUpdater] INFO  ratis.ContainerStateMachine (ContainerStateMachine.java:takeSnapshot(299)) - group-2E4B0D540826: Taking a snapshot at:(t:1, i:28) file /home/runner/work/ozone/ozone/hadoop-ozone/integration-test/target/test-dir/MiniOzoneClusterImpl-7d6fe320-0ffb-432c-a5b3-2ab51c323a3d/datanode-1/data/ratis/72d328fe-c33a-440f-8196-2e4b0d540826/sm/snapshot.1_28
2021-12-29 13:34:36,925 [Listener at 127.0.0.1/33601] INFO  impl.StateMachineUpdater (StateMachineUpdater.java:stopAndJoin(149)) - 7ba51e5a-727d-4ef8-875e-807e4ff6812a@group-2E4B0D540826-StateMachineUpdater: set stopIndex = 28
2021-12-29 13:34:36,927 [ForkJoinPool.commonPool-worker-1] INFO  server.RaftServer$Division (ServerState.java:close(419)) - b46e0087-30ad-4b7f-887a-36c8ed0db67e@group-2E4B0D540826: closes. applyIndex: 28
2021-12-29 13:34:36,927 [7ba51e5a-727d-4ef8-875e-807e4ff6812a@group-2E4B0D540826-StateMachineUpdater] INFO  ratis.ContainerStateMachine (ContainerStateMachine.java:takeSnapshot(310)) - group-2E4B0D540826: Finished taking a snapshot at:(t:1, i:28) file:/home/runner/work/ozone/ozone/hadoop-ozone/integration-test/target/test-dir/MiniOzoneClusterImpl-7d6fe320-0ffb-432c-a5b3-2ab51c323a3d/datanode-1/data/ratis/72d328fe-c33a-440f-8196-2e4b0d540826/sm/snapshot.1_28 took: 1 ms
2021-12-29 13:34:36,927 [7ba51e5a-727d-4ef8-875e-807e4ff6812a@group-2E4B0D540826-StateMachineUpdater] INFO  impl.StateMachineUpdater (StateMachineUpdater.java:takeSnapshot(281)) - 7ba51e5a-727d-4ef8-875e-807e4ff6812a@group-2E4B0D540826-StateMachineUpdater: Took a snapshot at index 28
2021-12-29 13:34:36,927 [7ba51e5a-727d-4ef8-875e-807e4ff6812a@group-2E4B0D540826-StateMachineUpdater] INFO  impl.StateMachineUpdater (StateMachineUpdater.java:lambda$new$0(89)) - 7ba51e5a-727d-4ef8-875e-807e4ff6812a@group-2E4B0D540826-StateMachineUpdater: snapshotIndex: updateIncreasingly -1 -> 28
2021-12-29 13:34:36,927 [b46e0087-30ad-4b7f-887a-36c8ed0db67e@group-2E4B0D540826-SegmentedRaftLogWorker] INFO  segmented.SegmentedRaftLogWorker (SegmentedRaftLogWorker.java:run(327)) - b46e0087-30ad-4b7f-887a-36c8ed0db67e@group-2E4B0D540826-SegmentedRaftLogWorker was interrupted, exiting. There are 0 tasks remaining in the queue.
2021-12-29 13:34:36,927 [ForkJoinPool.commonPool-worker-1] INFO  segmented.SegmentedRaftLogWorker (SegmentedRaftLogWorker.java:close(237)) - b46e0087-30ad-4b7f-887a-36c8ed0db67e@group-2E4B0D540826-SegmentedRaftLogWorker close()
2021-12-29 13:34:36,928 [Listener at 127.0.0.1/33601] INFO  server.RaftServer$Division (ServerState.java:close(419)) - 7ba51e5a-727d-4ef8-875e-807e4ff6812a@group-2E4B0D540826: closes. applyIndex: 28
2021-12-29 13:34:36,928 [7ba51e5a-727d-4ef8-875e-807e4ff6812a@group-2E4B0D540826-SegmentedRaftLogWorker] INFO  segmented.SegmentedRaftLogWorker (SegmentedRaftLogWorker.java:run(327)) - 7ba51e5a-727d-4ef8-875e-807e4ff6812a@group-2E4B0D540826-SegmentedRaftLogWorker was interrupted, exiting. There are 0 tasks remaining in the queue.
2021-12-29 13:34:36,928 [ForkJoinPool.commonPool-worker-1] INFO  server.GrpcService (GrpcService.java:closeImpl(262)) - b46e0087-30ad-4b7f-887a-36c8ed0db67e: shutdown server with port 38729 now
2021-12-29 13:34:36,929 [Listener at 127.0.0.1/33601] INFO  segmented.SegmentedRaftLogWorker (SegmentedRaftLogWorker.java:close(237)) - 7ba51e5a-727d-4ef8-875e-807e4ff6812a@group-2E4B0D540826-SegmentedRaftLogWorker close()
2021-12-29 13:34:36,937 [Listener at 127.0.0.1/33601] INFO  server.GrpcService (GrpcService.java:closeImpl(262)) - 7ba51e5a-727d-4ef8-875e-807e4ff6812a: shutdown server with port 44591 now
2021-12-29 13:34:36,935 [grpc-default-executor-0] WARN  server.GrpcServerProtocolService (LogUtils.java:warn(122)) - b46e0087-30ad-4b7f-887a-36c8ed0db67e: installSnapshot onError, lastRequest: 6b43f304-d44b-4136-a2f9-b4019b75ba8d->b46e0087-30ad-4b7f-887a-36c8ed0db67e#290-t1,previous=(t:1, i:27),leaderCommit=26,initializing? true,entries: size=1, first=(t:1, i:28), METADATAENTRY(c:26): org.apache.ratis.thirdparty.io.grpc.StatusRuntimeException: CANCELLED: client cancelled
2021-12-29 13:34:36,938 [grpc-default-executor-2] WARN  server.GrpcLogAppender (LogUtils.java:warn(122)) - 6b43f304-d44b-4136-a2f9-b4019b75ba8d@group-2E4B0D540826->b46e0087-30ad-4b7f-887a-36c8ed0db67e-AppendLogResponseHandler: Failed appendEntries: org.apache.ratis.thirdparty.io.grpc.StatusRuntimeException: CANCELLED: HTTP/2 error code: CANCEL
Received Rst Stream
2021-12-29 13:34:36,938 [grpc-default-executor-2] INFO  leader.FollowerInfo (FollowerInfoImpl.java:lambda$new$0(47)) - 6b43f304-d44b-4136-a2f9-b4019b75ba8d@group-2E4B0D540826->b46e0087-30ad-4b7f-887a-36c8ed0db67e: nextIndex: updateUnconditionally 29 -> 28
2021-12-29 13:34:36,939 [grpc-default-executor-0] WARN  server.GrpcServerProtocolService (LogUtils.java:warn(122)) - 7ba51e5a-727d-4ef8-875e-807e4ff6812a: installSnapshot onError, lastRequest: 6b43f304-d44b-4136-a2f9-b4019b75ba8d->7ba51e5a-727d-4ef8-875e-807e4ff6812a#287-t1,previous=(t:1, i:27),leaderCommit=26,initializing? true,entries: size=1, first=(t:1, i:28), METADATAENTRY(c:26): org.apache.ratis.thirdparty.io.grpc.StatusRuntimeException: CANCELLED: client cancelled
2021-12-29 13:34:36,950 [ForkJoinPool.commonPool-worker-1] INFO  server.GrpcService (GrpcService.java:closeImpl(271)) - b46e0087-30ad-4b7f-887a-36c8ed0db67e: shutdown server with port 38729 successfully
2021-12-29 13:34:36,950 [org.apache.ratis.util.JvmPauseMonitor$$Lambda$528/1712405372@75be8292] INFO  util.JvmPauseMonitor (JvmPauseMonitor.java:run(109)) - JvmPauseMonitor-b46e0087-30ad-4b7f-887a-36c8ed0db67e: Stopped
2021-12-29 13:34:36,952 [grpc-default-executor-2] WARN  server.GrpcLogAppender (LogUtils.java:warn(122)) - 6b43f304-d44b-4136-a2f9-b4019b75ba8d@group-2E4B0D540826->7ba51e5a-727d-4ef8-875e-807e4ff6812a-AppendLogResponseHandler: Failed appendEntries: org.apache.ratis.thirdparty.io.grpc.StatusRuntimeException: CANCELLED: HTTP/2 error code: CANCEL
Received Rst Stream
2021-12-29 13:34:36,953 [grpc-default-executor-2] INFO  leader.FollowerInfo (FollowerInfoImpl.java:lambda$new$0(47)) - 6b43f304-d44b-4136-a2f9-b4019b75ba8d@group-2E4B0D540826->7ba51e5a-727d-4ef8-875e-807e4ff6812a: nextIndex: updateUnconditionally 29 -> 28
2021-12-29 13:34:36,953 [Listener at 127.0.0.1/33601] INFO  server.GrpcService (GrpcService.java:closeImpl(271)) - 7ba51e5a-727d-4ef8-875e-807e4ff6812a: shutdown server with port 44591 successfully
2021-12-29 13:34:36,953 [org.apache.ratis.util.JvmPauseMonitor$$Lambda$528/1712405372@57fabe21] INFO  util.JvmPauseMonitor (JvmPauseMonitor.java:run(109)) - JvmPauseMonitor-7ba51e5a-727d-4ef8-875e-807e4ff6812a: Stopped
2021-12-29 13:34:36,961 [grpc-default-executor-0] WARN  server.GrpcLogAppender (LogUtils.java:warn(122)) - 6b43f304-d44b-4136-a2f9-b4019b75ba8d@group-2E4B0D540826->b46e0087-30ad-4b7f-887a-36c8ed0db67e-AppendLogResponseHandler: Failed appendEntries: org.apache.ratis.thirdparty.io.grpc.StatusRuntimeException: UNAVAILABLE: io exception
2021-12-29 13:34:36,962 [grpc-default-executor-0] INFO  leader.FollowerInfo (FollowerInfoImpl.java:lambda$new$0(47)) - 6b43f304-d44b-4136-a2f9-b4019b75ba8d@group-2E4B0D540826->b46e0087-30ad-4b7f-887a-36c8ed0db67e: nextIndex: updateUnconditionally 29 -> 28
2021-12-29 13:34:36,963 [grpc-default-executor-2] WARN  server.GrpcLogAppender (LogUtils.java:warn(122)) - 6b43f304-d44b-4136-a2f9-b4019b75ba8d@group-2E4B0D540826->7ba51e5a-727d-4ef8-875e-807e4ff6812a-AppendLogResponseHandler: Failed appendEntries: org.apache.ratis.thirdparty.io.grpc.StatusRuntimeException: UNAVAILABLE: io exception
2021-12-29 13:34:36,963 [grpc-default-executor-2] INFO  leader.FollowerInfo (FollowerInfoImpl.java:lambda$new$0(47)) - 6b43f304-d44b-4136-a2f9-b4019b75ba8d@group-2E4B0D540826->7ba51e5a-727d-4ef8-875e-807e4ff6812a: nextIndex: updateUnconditionally 29 -> 28
2021-12-29 13:34:38,981 [Listener at 127.0.0.1/33601] INFO  utils.BackgroundService (BackgroundService.java:shutdown(132)) - Shutting down service BlockDeletingService
2021-12-29 13:34:38,983 [ForkJoinPool.commonPool-worker-1] INFO  utils.BackgroundService (BackgroundService.java:shutdown(132)) - Shutting down service BlockDeletingService
2021-12-29 13:34:39,441 [grpc-default-executor-2] WARN  server.GrpcLogAppender (LogUtils.java:warn(122)) - 6b43f304-d44b-4136-a2f9-b4019b75ba8d@group-2E4B0D540826->b46e0087-30ad-4b7f-887a-36c8ed0db67e-AppendLogResponseHandler: Failed appendEntries: org.apache.ratis.thirdparty.io.grpc.StatusRuntimeException: UNAVAILABLE: io exception
2021-12-29 13:34:39,442 [grpc-default-executor-2] INFO  leader.FollowerInfo (FollowerInfoImpl.java:lambda$new$0(47)) - 6b43f304-d44b-4136-a2f9-b4019b75ba8d@group-2E4B0D540826->b46e0087-30ad-4b7f-887a-36c8ed0db67e: nextIndex: updateUnconditionally 29 -> 28
2021-12-29 13:34:39,458 [grpc-default-executor-2] WARN  server.GrpcLogAppender (LogUtils.java:warn(122)) - 6b43f304-d44b-4136-a2f9-b4019b75ba8d@group-2E4B0D540826->7ba51e5a-727d-4ef8-875e-807e4ff6812a-AppendLogResponseHandler: Failed appendEntries: org.apache.ratis.thirdparty.io.grpc.StatusRuntimeException: UNAVAILABLE: io exception
2021-12-29 13:34:39,459 [grpc-default-executor-2] INFO  leader.FollowerInfo (FollowerInfoImpl.java:lambda$new$0(47)) - 6b43f304-d44b-4136-a2f9-b4019b75ba8d@group-2E4B0D540826->7ba51e5a-727d-4ef8-875e-807e4ff6812a: nextIndex: updateUnconditionally 29 -> 28
2021-12-29 13:34:40,522 [6b43f304-d44b-4136-a2f9-b4019b75ba8d@group-4714CE8D32E4-FollowerState] INFO  impl.FollowerState (FollowerState.java:run(134)) - 6b43f304-d44b-4136-a2f9-b4019b75ba8d@group-4714CE8D32E4-FollowerState: change to CANDIDATE, lastRpcElapsedTime:5373867055ns, electionTimeout:5187ms
2021-12-29 13:34:40,523 [6b43f304-d44b-4136-a2f9-b4019b75ba8d@group-4714CE8D32E4-FollowerState] INFO  impl.RoleInfo (RoleInfo.java:shutdownFollowerState(108)) - 6b43f304-d44b-4136-a2f9-b4019b75ba8d: shutdown 6b43f304-d44b-4136-a2f9-b4019b75ba8d@group-4714CE8D32E4-FollowerState
2021-12-29 13:34:40,523 [6b43f304-d44b-4136-a2f9-b4019b75ba8d@group-4714CE8D32E4-FollowerState] INFO  server.RaftServer$Division (RaftServerImpl.java:setRole(290)) - 6b43f304-d44b-4136-a2f9-b4019b75ba8d@group-4714CE8D32E4: changes role from  FOLLOWER to CANDIDATE at term 2 for changeToCandidate
2021-12-29 13:34:40,523 [6b43f304-d44b-4136-a2f9-b4019b75ba8d@group-4714CE8D32E4-FollowerState] INFO  server.RaftServerConfigKeys (ConfUtils.java:logGet(44)) - raft.server.leaderelection.pre-vote = false (custom)
2021-12-29 13:34:40,523 [6b43f304-d44b-4136-a2f9-b4019b75ba8d@group-4714CE8D32E4-FollowerState] INFO  impl.RoleInfo (RoleInfo.java:updateAndGet(130)) - 6b43f304-d44b-4136-a2f9-b4019b75ba8d: start 6b43f304-d44b-4136-a2f9-b4019b75ba8d@group-4714CE8D32E4-LeaderElection8
2021-12-29 13:34:40,534 [6b43f304-d44b-4136-a2f9-b4019b75ba8d@group-4714CE8D32E4-LeaderElection8] INFO  server.RaftServer$Division (ServerState.java:setLeader(285)) - 6b43f304-d44b-4136-a2f9-b4019b75ba8d@group-4714CE8D32E4: change Leader from 7ba51e5a-727d-4ef8-875e-807e4ff6812a to null at term 2 for ELECTION
2021-12-29 13:34:40,535 [6b43f304-d44b-4136-a2f9-b4019b75ba8d@group-4714CE8D32E4-LeaderElection8] INFO  impl.LeaderElection (LeaderElection.java:askForVotes(306)) - 6b43f304-d44b-4136-a2f9-b4019b75ba8d@group-4714CE8D32E4-LeaderElection8 ELECTION round 0: submit vote requests at term 3 for 0: [b46e0087-30ad-4b7f-887a-36c8ed0db67e|rpc:10.1.0.26:38729|dataStream:|priority:0, 6b43f304-d44b-4136-a2f9-b4019b75ba8d|rpc:10.1.0.26:43713|dataStream:|priority:0, 7ba51e5a-727d-4ef8-875e-807e4ff6812a|rpc:10.1.0.26:44591|dataStream:|priority:1], old=null
2021-12-29 13:34:40,537 [6b43f304-d44b-4136-a2f9-b4019b75ba8d@group-4714CE8D32E4-LeaderElection8] INFO  impl.LeaderElection (LogUtils.java:infoOrTrace(137)) - 6b43f304-d44b-4136-a2f9-b4019b75ba8d@group-4714CE8D32E4-LeaderElection8 got exception when requesting votes: java.util.concurrent.ExecutionException: org.apache.ratis.thirdparty.io.grpc.StatusRuntimeException: UNAVAILABLE: io exception
2021-12-29 13:34:40,538 [6b43f304-d44b-4136-a2f9-b4019b75ba8d@group-4714CE8D32E4-LeaderElection8] INFO  impl.LeaderElection (LogUtils.java:infoOrTrace(137)) - 6b43f304-d44b-4136-a2f9-b4019b75ba8d@group-4714CE8D32E4-LeaderElection8 got exception when requesting votes: java.util.concurrent.ExecutionException: org.apache.ratis.thirdparty.io.grpc.StatusRuntimeException: UNAVAILABLE: io exception
2021-12-29 13:34:40,538 [6b43f304-d44b-4136-a2f9-b4019b75ba8d@group-4714CE8D32E4-LeaderElection8] INFO  impl.LeaderElection (LeaderElection.java:logAndReturn(89)) - 6b43f304-d44b-4136-a2f9-b4019b75ba8d@group-4714CE8D32E4-LeaderElection8: ELECTION REJECTED received 0 response(s) and 2 exception(s):
2021-12-29 13:34:40,538 [6b43f304-d44b-4136-a2f9-b4019b75ba8d@group-4714CE8D32E4-LeaderElection8] INFO  impl.LeaderElection (LogUtils.java:infoOrTrace(137)) -   Exception 0: java.util.concurrent.ExecutionException: org.apache.ratis.thirdparty.io.grpc.StatusRuntimeException: UNAVAILABLE: io exception
2021-12-29 13:34:40,538 [6b43f304-d44b-4136-a2f9-b4019b75ba8d@group-4714CE8D32E4-LeaderElection8] INFO  impl.LeaderElection (LogUtils.java:infoOrTrace(137)) -   Exception 1: java.util.concurrent.ExecutionException: org.apache.ratis.thirdparty.io.grpc.StatusRuntimeException: UNAVAILABLE: io exception
2021-12-29 13:34:40,538 [6b43f304-d44b-4136-a2f9-b4019b75ba8d@group-4714CE8D32E4-LeaderElection8] INFO  impl.LeaderElection (LeaderElection.java:askForVotes(308)) - 6b43f304-d44b-4136-a2f9-b4019b75ba8d@group-4714CE8D32E4-LeaderElection8 ELECTION round 0: result REJECTED
2021-12-29 13:34:40,538 [6b43f304-d44b-4136-a2f9-b4019b75ba8d@group-4714CE8D32E4-LeaderElection8] INFO  server.RaftServer$Division (RaftServerImpl.java:setRole(290)) - 6b43f304-d44b-4136-a2f9-b4019b75ba8d@group-4714CE8D32E4: changes role from CANDIDATE to FOLLOWER at term 3 for REJECTED
2021-12-29 13:34:40,539 [6b43f304-d44b-4136-a2f9-b4019b75ba8d@group-4714CE8D32E4-LeaderElection8] INFO  impl.RoleInfo (RoleInfo.java:shutdownLeaderElection(121)) - 6b43f304-d44b-4136-a2f9-b4019b75ba8d: shutdown 6b43f304-d44b-4136-a2f9-b4019b75ba8d@group-4714CE8D32E4-LeaderElection8
2021-12-29 13:34:40,539 [6b43f304-d44b-4136-a2f9-b4019b75ba8d@group-4714CE8D32E4-LeaderElection8] INFO  impl.RoleInfo (RoleInfo.java:updateAndGet(130)) - 6b43f304-d44b-4136-a2f9-b4019b75ba8d: start 6b43f304-d44b-4136-a2f9-b4019b75ba8d@group-4714CE8D32E4-FollowerState
2021-12-29 13:34:41,090 [6b43f304-d44b-4136-a2f9-b4019b75ba8d@group-2E4B0D540826-LeaderStateImpl] WARN  server.RaftServer$Division (LeaderStateImpl.java:checkLeadership(974)) - 6b43f304-d44b-4136-a2f9-b4019b75ba8d@group-2E4B0D540826-LeaderStateImpl: Lost leadership on term: 1. Election timeout: 5200ms. In charge for: 25267ms. Conf: 0: [b46e0087-30ad-4b7f-887a-36c8ed0db67e|rpc:10.1.0.26:38729|dataStream:|priority:0, 6b43f304-d44b-4136-a2f9-b4019b75ba8d|rpc:10.1.0.26:43713|dataStream:|priority:1, 7ba51e5a-727d-4ef8-875e-807e4ff6812a|rpc:10.1.0.26:44591|dataStream:|priority:0], old=null
2021-12-29 13:34:41,092 [6b43f304-d44b-4136-a2f9-b4019b75ba8d@group-2E4B0D540826-LeaderStateImpl] WARN  server.RaftServer$Division (LeaderStateImpl.java:lambda$checkLeadership$15(978)) - Follower 6b43f304-d44b-4136-a2f9-b4019b75ba8d@group-2E4B0D540826->b46e0087-30ad-4b7f-887a-36c8ed0db67e(c28,m28,n28, attendVote=true, lastRpcSendTime=1650, lastRpcResponseTime=5767)
2021-12-29 13:34:41,092 [6b43f304-d44b-4136-a2f9-b4019b75ba8d@group-2E4B0D540826-LeaderStateImpl] WARN  server.RaftServer$Division (LeaderStateImpl.java:lambda$checkLeadership$15(978)) - Follower 6b43f304-d44b-4136-a2f9-b4019b75ba8d@group-2E4B0D540826->7ba51e5a-727d-4ef8-875e-807e4ff6812a(c28,m28,n28, attendVote=true, lastRpcSendTime=1633, lastRpcResponseTime=5770)
2021-12-29 13:34:41,092 [6b43f304-d44b-4136-a2f9-b4019b75ba8d@group-2E4B0D540826-LeaderStateImpl] INFO  server.RaftServer$Division (RaftServerImpl.java:setRole(290)) - 6b43f304-d44b-4136-a2f9-b4019b75ba8d@group-2E4B0D540826: changes role from    LEADER to FOLLOWER at term 1 for StepDownReason:LOST_MAJORITY_HEARTBEATS
2021-12-29 13:34:41,092 [6b43f304-d44b-4136-a2f9-b4019b75ba8d@group-2E4B0D540826-LeaderStateImpl] INFO  impl.RoleInfo (RoleInfo.java:shutdownLeaderState(91)) - 6b43f304-d44b-4136-a2f9-b4019b75ba8d: shutdown 6b43f304-d44b-4136-a2f9-b4019b75ba8d@group-2E4B0D540826-LeaderStateImpl
2021-12-29 13:34:41,092 [6b43f304-d44b-4136-a2f9-b4019b75ba8d@group-2E4B0D540826->b46e0087-30ad-4b7f-887a-36c8ed0db67e-GrpcLogAppender-LogAppenderDaemon] WARN  server.GrpcLogAppender (GrpcLogAppender.java:mayWait(177)) - 6b43f304-d44b-4136-a2f9-b4019b75ba8d@group-2E4B0D540826->b46e0087-30ad-4b7f-887a-36c8ed0db67e-GrpcLogAppender: Wait interrupted by java.lang.InterruptedException
2021-12-29 13:34:41,093 [6b43f304-d44b-4136-a2f9-b4019b75ba8d@group-2E4B0D540826->7ba51e5a-727d-4ef8-875e-807e4ff6812a-GrpcLogAppender-LogAppenderDaemon] WARN  server.GrpcLogAppender (GrpcLogAppender.java:mayWait(177)) - 6b43f304-d44b-4136-a2f9-b4019b75ba8d@group-2E4B0D540826->7ba51e5a-727d-4ef8-875e-807e4ff6812a-GrpcLogAppender: Wait interrupted by java.lang.InterruptedException
2021-12-29 13:34:41,093 [6b43f304-d44b-4136-a2f9-b4019b75ba8d@group-2E4B0D540826-LeaderStateImpl] INFO  impl.PendingRequests (PendingRequests.java:sendNotLeaderResponses(282)) - 6b43f304-d44b-4136-a2f9-b4019b75ba8d@group-2E4B0D540826-PendingRequests: sendNotLeaderResponses
2021-12-29 13:34:41,095 [6b43f304-d44b-4136-a2f9-b4019b75ba8d@group-2E4B0D540826-LeaderStateImpl] INFO  impl.RoleInfo (RoleInfo.java:updateAndGet(130)) - 6b43f304-d44b-4136-a2f9-b4019b75ba8d: start 6b43f304-d44b-4136-a2f9-b4019b75ba8d@group-2E4B0D540826-FollowerState
2021-12-29 13:34:41,984 [Listener at 127.0.0.1/33601] INFO  statemachine.DatanodeStateMachine (DatanodeStateMachine.java:stopDaemon(526)) - Ozone container server stopped.
2021-12-29 13:34:41,985 [ForkJoinPool.commonPool-worker-1] INFO  statemachine.DatanodeStateMachine (DatanodeStateMachine.java:stopDaemon(526)) - Ozone container server stopped.
2021-12-29 13:34:41,985 [Listener at 127.0.0.1/33601] INFO  handler.ContextHandler (ContextHandler.java:doStop(1153)) - Stopped o.e.j.w.WebAppContext@2f2be537{hddsDatanode,/,null,STOPPED}{jar:file:/home/runner/.m2/repository/org/apache/ozone/hdds-container-service/1.3.0-SNAPSHOT/hdds-container-service-1.3.0-SNAPSHOT.jar!/webapps/hddsDatanode}
2021-12-29 13:34:41,988 [ForkJoinPool.commonPool-worker-1] INFO  handler.ContextHandler (ContextHandler.java:doStop(1153)) - Stopped o.e.j.w.WebAppContext@7a9ad451{hddsDatanode,/,null,STOPPED}{jar:file:/home/runner/.m2/repository/org/apache/ozone/hdds-container-service/1.3.0-SNAPSHOT/hdds-container-service-1.3.0-SNAPSHOT.jar!/webapps/hddsDatanode}
2021-12-29 13:34:41,989 [Listener at 127.0.0.1/33601] INFO  server.AbstractConnector (AbstractConnector.java:doStop(381)) - Stopped ServerConnector@7826c5ef{HTTP/1.1, (http/1.1)}{0.0.0.0:0}
2021-12-29 13:34:41,989 [Listener at 127.0.0.1/33601] INFO  server.session (HouseKeeper.java:stopScavenging(149)) - node0 Stopped scavenging
2021-12-29 13:34:41,989 [Listener at 127.0.0.1/33601] INFO  handler.ContextHandler (ContextHandler.java:doStop(1153)) - Stopped o.e.j.s.ServletContextHandler@6aef91e6{static,/static,jar:file:/home/runner/.m2/repository/org/apache/ozone/hdds-container-service/1.3.0-SNAPSHOT/hdds-container-service-1.3.0-SNAPSHOT.jar!/webapps/static,STOPPED}
2021-12-29 13:34:41,990 [ForkJoinPool.commonPool-worker-1] INFO  server.AbstractConnector (AbstractConnector.java:doStop(381)) - Stopped ServerConnector@c3745ae{HTTP/1.1, (http/1.1)}{0.0.0.0:0}
2021-12-29 13:34:41,990 [Listener at 127.0.0.1/33601] INFO  handler.ContextHandler (ContextHandler.java:doStop(1153)) - Stopped o.e.j.s.ServletContextHandler@2b686050{logs,/logs,file:///home/runner/work/ozone/ozone/hadoop-ozone/integration-test/target/log,STOPPED}
2021-12-29 13:34:41,990 [ForkJoinPool.commonPool-worker-1] INFO  server.session (HouseKeeper.java:stopScavenging(149)) - node0 Stopped scavenging
2021-12-29 13:34:41,992 [ForkJoinPool.commonPool-worker-1] INFO  handler.ContextHandler (ContextHandler.java:doStop(1153)) - Stopped o.e.j.s.ServletContextHandler@164fba04{static,/static,jar:file:/home/runner/.m2/repository/org/apache/ozone/hdds-container-service/1.3.0-SNAPSHOT/hdds-container-service-1.3.0-SNAPSHOT.jar!/webapps/static,STOPPED}
2021-12-29 13:34:41,993 [ForkJoinPool.commonPool-worker-1] INFO  handler.ContextHandler (ContextHandler.java:doStop(1153)) - Stopped o.e.j.s.ServletContextHandler@16d8a25e{logs,/logs,file:///home/runner/work/ozone/ozone/hadoop-ozone/integration-test/target/log,STOPPED}
2021-12-29 13:34:45,693 [6b43f304-d44b-4136-a2f9-b4019b75ba8d@group-4714CE8D32E4-FollowerState] INFO  impl.FollowerState (FollowerState.java:run(134)) - 6b43f304-d44b-4136-a2f9-b4019b75ba8d@group-4714CE8D32E4-FollowerState: change to CANDIDATE, lastRpcElapsedTime:5154819417ns, electionTimeout:5147ms
2021-12-29 13:34:45,694 [6b43f304-d44b-4136-a2f9-b4019b75ba8d@group-4714CE8D32E4-FollowerState] INFO  impl.RoleInfo (RoleInfo.java:shutdownFollowerState(108)) - 6b43f304-d44b-4136-a2f9-b4019b75ba8d: shutdown 6b43f304-d44b-4136-a2f9-b4019b75ba8d@group-4714CE8D32E4-FollowerState
2021-12-29 13:34:45,694 [6b43f304-d44b-4136-a2f9-b4019b75ba8d@group-4714CE8D32E4-FollowerState] INFO  server.RaftServer$Division (RaftServerImpl.java:setRole(290)) - 6b43f304-d44b-4136-a2f9-b4019b75ba8d@group-4714CE8D32E4: changes role from  FOLLOWER to CANDIDATE at term 3 for changeToCandidate
2021-12-29 13:34:45,694 [6b43f304-d44b-4136-a2f9-b4019b75ba8d@group-4714CE8D32E4-FollowerState] INFO  server.RaftServerConfigKeys (ConfUtils.java:logGet(44)) - raft.server.leaderelection.pre-vote = false (custom)
2021-12-29 13:34:45,694 [6b43f304-d44b-4136-a2f9-b4019b75ba8d@group-4714CE8D32E4-FollowerState] INFO  impl.RoleInfo (RoleInfo.java:updateAndGet(130)) - 6b43f304-d44b-4136-a2f9-b4019b75ba8d: start 6b43f304-d44b-4136-a2f9-b4019b75ba8d@group-4714CE8D32E4-LeaderElection9
2021-12-29 13:34:45,704 [6b43f304-d44b-4136-a2f9-b4019b75ba8d@group-4714CE8D32E4-LeaderElection9] INFO  impl.LeaderElection (LeaderElection.java:askForVotes(306)) - 6b43f304-d44b-4136-a2f9-b4019b75ba8d@group-4714CE8D32E4-LeaderElection9 ELECTION round 0: submit vote requests at term 4 for 0: [b46e0087-30ad-4b7f-887a-36c8ed0db67e|rpc:10.1.0.26:38729|dataStream:|priority:0, 6b43f304-d44b-4136-a2f9-b4019b75ba8d|rpc:10.1.0.26:43713|dataStream:|priority:0, 7ba51e5a-727d-4ef8-875e-807e4ff6812a|rpc:10.1.0.26:44591|dataStream:|priority:1], old=null
2021-12-29 13:34:45,714 [6b43f304-d44b-4136-a2f9-b4019b75ba8d@group-4714CE8D32E4-LeaderElection9] INFO  impl.LeaderElection (LogUtils.java:infoOrTrace(137)) - 6b43f304-d44b-4136-a2f9-b4019b75ba8d@group-4714CE8D32E4-LeaderElection9 got exception when requesting votes: java.util.concurrent.ExecutionException: org.apache.ratis.thirdparty.io.grpc.StatusRuntimeException: UNAVAILABLE: io exception
2021-12-29 13:34:45,714 [6b43f304-d44b-4136-a2f9-b4019b75ba8d@group-4714CE8D32E4-LeaderElection9] INFO  impl.LeaderElection (LogUtils.java:infoOrTrace(137)) - 6b43f304-d44b-4136-a2f9-b4019b75ba8d@group-4714CE8D32E4-LeaderElection9 got exception when requesting votes: java.util.concurrent.ExecutionException: org.apache.ratis.thirdparty.io.grpc.StatusRuntimeException: UNAVAILABLE: io exception
2021-12-29 13:34:45,715 [6b43f304-d44b-4136-a2f9-b4019b75ba8d@group-4714CE8D32E4-LeaderElection9] INFO  impl.LeaderElection (LeaderElection.java:logAndReturn(89)) - 6b43f304-d44b-4136-a2f9-b4019b75ba8d@group-4714CE8D32E4-LeaderElection9: ELECTION REJECTED received 0 response(s) and 2 exception(s):
2021-12-29 13:34:45,715 [6b43f304-d44b-4136-a2f9-b4019b75ba8d@group-4714CE8D32E4-LeaderElection9] INFO  impl.LeaderElection (LogUtils.java:infoOrTrace(137)) -   Exception 0: java.util.concurrent.ExecutionException: org.apache.ratis.thirdparty.io.grpc.StatusRuntimeException: UNAVAILABLE: io exception
2021-12-29 13:34:45,715 [6b43f304-d44b-4136-a2f9-b4019b75ba8d@group-4714CE8D32E4-LeaderElection9] INFO  impl.LeaderElection (LogUtils.java:infoOrTrace(137)) -   Exception 1: java.util.concurrent.ExecutionException: org.apache.ratis.thirdparty.io.grpc.StatusRuntimeException: UNAVAILABLE: io exception
2021-12-29 13:34:45,715 [6b43f304-d44b-4136-a2f9-b4019b75ba8d@group-4714CE8D32E4-LeaderElection9] INFO  impl.LeaderElection (LeaderElection.java:askForVotes(308)) - 6b43f304-d44b-4136-a2f9-b4019b75ba8d@group-4714CE8D32E4-LeaderElection9 ELECTION round 0: result REJECTED
2021-12-29 13:34:45,715 [6b43f304-d44b-4136-a2f9-b4019b75ba8d@group-4714CE8D32E4-LeaderElection9] INFO  server.RaftServer$Division (RaftServerImpl.java:setRole(290)) - 6b43f304-d44b-4136-a2f9-b4019b75ba8d@group-4714CE8D32E4: changes role from CANDIDATE to FOLLOWER at term 4 for REJECTED
2021-12-29 13:34:45,715 [6b43f304-d44b-4136-a2f9-b4019b75ba8d@group-4714CE8D32E4-LeaderElection9] INFO  impl.RoleInfo (RoleInfo.java:shutdownLeaderElection(121)) - 6b43f304-d44b-4136-a2f9-b4019b75ba8d: shutdown 6b43f304-d44b-4136-a2f9-b4019b75ba8d@group-4714CE8D32E4-LeaderElection9
2021-12-29 13:34:45,716 [6b43f304-d44b-4136-a2f9-b4019b75ba8d@group-4714CE8D32E4-LeaderElection9] INFO  impl.RoleInfo (RoleInfo.java:updateAndGet(130)) - 6b43f304-d44b-4136-a2f9-b4019b75ba8d: start 6b43f304-d44b-4136-a2f9-b4019b75ba8d@group-4714CE8D32E4-FollowerState
2021-12-29 13:34:46,161 [6b43f304-d44b-4136-a2f9-b4019b75ba8d@group-2E4B0D540826-FollowerState] INFO  impl.FollowerState (FollowerState.java:lostMajorityHeartbeatsRecently(107)) - 6b43f304-d44b-4136-a2f9-b4019b75ba8d@group-2E4B0D540826-FollowerState: Skipping leader election since it stepped down recently (elapsed = 5065ms < waitTime = 10s)
2021-12-29 13:34:46,992 [Listener at 127.0.0.1/33601] INFO  ozoneimpl.OzoneContainer (OzoneContainer.java:stop(336)) - Attempting to stop container services.
2021-12-29 13:34:46,993 [Listener at 127.0.0.1/33601] INFO  server.RaftServer (RaftServerProxy.java:lambda$close$6(391)) - 6b43f304-d44b-4136-a2f9-b4019b75ba8d: close
2021-12-29 13:34:47,002 [Listener at 127.0.0.1/33601] INFO  server.RaftServer$Division (RaftServerImpl.java:lambda$close$4(412)) - 6b43f304-d44b-4136-a2f9-b4019b75ba8d@group-4714CE8D32E4: shutdown
2021-12-29 13:34:47,002 [ForkJoinPool.commonPool-worker-0] INFO  server.RaftServer$Division (RaftServerImpl.java:lambda$close$4(412)) - 6b43f304-d44b-4136-a2f9-b4019b75ba8d@group-3EEA8673386A: shutdown
2021-12-29 13:34:47,002 [Listener at 127.0.0.1/33601] INFO  util.JmxRegister (JmxRegister.java:unregister(73)) - Successfully un-registered JMX Bean with object name Ratis:service=RaftServer,group=group-4714CE8D32E4,id=6b43f304-d44b-4136-a2f9-b4019b75ba8d
2021-12-29 13:34:47,002 [ForkJoinPool.commonPool-worker-0] INFO  util.JmxRegister (JmxRegister.java:unregister(73)) - Successfully un-registered JMX Bean with object name Ratis:service=RaftServer,group=group-3EEA8673386A,id=6b43f304-d44b-4136-a2f9-b4019b75ba8d
2021-12-29 13:34:47,002 [Listener at 127.0.0.1/33601] INFO  impl.RoleInfo (RoleInfo.java:shutdownFollowerState(108)) - 6b43f304-d44b-4136-a2f9-b4019b75ba8d: shutdown 6b43f304-d44b-4136-a2f9-b4019b75ba8d@group-4714CE8D32E4-FollowerState
2021-12-29 13:34:47,003 [ForkJoinPool.commonPool-worker-0] INFO  impl.RoleInfo (RoleInfo.java:shutdownLeaderState(91)) - 6b43f304-d44b-4136-a2f9-b4019b75ba8d: shutdown 6b43f304-d44b-4136-a2f9-b4019b75ba8d@group-3EEA8673386A-LeaderStateImpl
2021-12-29 13:34:47,003 [Listener at 127.0.0.1/33601] INFO  impl.StateMachineUpdater (StateMachineUpdater.java:stopAndJoin(149)) - 6b43f304-d44b-4136-a2f9-b4019b75ba8d@group-4714CE8D32E4-StateMachineUpdater: set stopIndex = 0
2021-12-29 13:34:47,003 [6b43f304-d44b-4136-a2f9-b4019b75ba8d@group-4714CE8D32E4-StateMachineUpdater] INFO  ratis.ContainerStateMachine (ContainerStateMachine.java:takeSnapshot(299)) - group-4714CE8D32E4: Taking a snapshot at:(t:2, i:0) file /home/runner/work/ozone/ozone/hadoop-ozone/integration-test/target/test-dir/MiniOzoneClusterImpl-7d6fe320-0ffb-432c-a5b3-2ab51c323a3d/datanode-2/data/ratis/ead4b138-4e24-492c-b56e-4714ce8d32e4/sm/snapshot.2_0
2021-12-29 13:34:47,003 [ForkJoinPool.commonPool-worker-0] INFO  impl.PendingRequests (PendingRequests.java:sendNotLeaderResponses(282)) - 6b43f304-d44b-4136-a2f9-b4019b75ba8d@group-3EEA8673386A-PendingRequests: sendNotLeaderResponses
2021-12-29 13:34:47,003 [6b43f304-d44b-4136-a2f9-b4019b75ba8d@group-4714CE8D32E4-FollowerState] INFO  impl.FollowerState (FollowerState.java:run(143)) - 6b43f304-d44b-4136-a2f9-b4019b75ba8d@group-4714CE8D32E4-FollowerState was interrupted: {}
java.lang.InterruptedException: sleep interrupted
	at java.lang.Thread.sleep(Native Method)
	at java.lang.Thread.sleep(Thread.java:340)
	at java.util.concurrent.TimeUnit.sleep(TimeUnit.java:386)
	at org.apache.ratis.util.TimeDuration.sleep(TimeDuration.java:324)
	at org.apache.ratis.util.TimeDuration.sleep(TimeDuration.java:309)
	at org.apache.ratis.server.impl.FollowerState.run(FollowerState.java:118)
2021-12-29 13:34:47,004 [ForkJoinPool.commonPool-worker-0] INFO  impl.StateMachineUpdater (StateMachineUpdater.java:stopAndJoin(149)) - 6b43f304-d44b-4136-a2f9-b4019b75ba8d@group-3EEA8673386A-StateMachineUpdater: set stopIndex = 0
2021-12-29 13:34:47,009 [6b43f304-d44b-4136-a2f9-b4019b75ba8d@group-3EEA8673386A-StateMachineUpdater] INFO  ratis.ContainerStateMachine (ContainerStateMachine.java:takeSnapshot(299)) - group-3EEA8673386A: Taking a snapshot at:(t:1, i:0) file /home/runner/work/ozone/ozone/hadoop-ozone/integration-test/target/test-dir/MiniOzoneClusterImpl-7d6fe320-0ffb-432c-a5b3-2ab51c323a3d/datanode-2/data/ratis/1e57d806-2d38-4421-8486-3eea8673386a/sm/snapshot.1_0
2021-12-29 13:34:47,010 [6b43f304-d44b-4136-a2f9-b4019b75ba8d@group-4714CE8D32E4-StateMachineUpdater] INFO  ratis.ContainerStateMachine (ContainerStateMachine.java:takeSnapshot(310)) - group-4714CE8D32E4: Finished taking a snapshot at:(t:2, i:0) file:/home/runner/work/ozone/ozone/hadoop-ozone/integration-test/target/test-dir/MiniOzoneClusterImpl-7d6fe320-0ffb-432c-a5b3-2ab51c323a3d/datanode-2/data/ratis/ead4b138-4e24-492c-b56e-4714ce8d32e4/sm/snapshot.2_0 took: 6 ms
2021-12-29 13:34:47,010 [6b43f304-d44b-4136-a2f9-b4019b75ba8d@group-4714CE8D32E4-StateMachineUpdater] INFO  impl.StateMachineUpdater (StateMachineUpdater.java:takeSnapshot(281)) - 6b43f304-d44b-4136-a2f9-b4019b75ba8d@group-4714CE8D32E4-StateMachineUpdater: Took a snapshot at index 0
2021-12-29 13:34:47,010 [6b43f304-d44b-4136-a2f9-b4019b75ba8d@group-4714CE8D32E4-StateMachineUpdater] INFO  impl.StateMachineUpdater (StateMachineUpdater.java:lambda$new$0(89)) - 6b43f304-d44b-4136-a2f9-b4019b75ba8d@group-4714CE8D32E4-StateMachineUpdater: snapshotIndex: updateIncreasingly -1 -> 0
2021-12-29 13:34:47,010 [6b43f304-d44b-4136-a2f9-b4019b75ba8d@group-3EEA8673386A-StateMachineUpdater] INFO  ratis.ContainerStateMachine (ContainerStateMachine.java:takeSnapshot(310)) - group-3EEA8673386A: Finished taking a snapshot at:(t:1, i:0) file:/home/runner/work/ozone/ozone/hadoop-ozone/integration-test/target/test-dir/MiniOzoneClusterImpl-7d6fe320-0ffb-432c-a5b3-2ab51c323a3d/datanode-2/data/ratis/1e57d806-2d38-4421-8486-3eea8673386a/sm/snapshot.1_0 took: 1 ms
2021-12-29 13:34:47,011 [6b43f304-d44b-4136-a2f9-b4019b75ba8d@group-3EEA8673386A-StateMachineUpdater] INFO  impl.StateMachineUpdater (StateMachineUpdater.java:takeSnapshot(281)) - 6b43f304-d44b-4136-a2f9-b4019b75ba8d@group-3EEA8673386A-StateMachineUpdater: Took a snapshot at index 0
2021-12-29 13:34:47,011 [Listener at 127.0.0.1/33601] INFO  server.RaftServer$Division (ServerState.java:close(419)) - 6b43f304-d44b-4136-a2f9-b4019b75ba8d@group-4714CE8D32E4: closes. applyIndex: 0
2021-12-29 13:34:47,011 [6b43f304-d44b-4136-a2f9-b4019b75ba8d@group-3EEA8673386A-StateMachineUpdater] INFO  impl.StateMachineUpdater (StateMachineUpdater.java:lambda$new$0(89)) - 6b43f304-d44b-4136-a2f9-b4019b75ba8d@group-3EEA8673386A-StateMachineUpdater: snapshotIndex: updateIncreasingly -1 -> 0
2021-12-29 13:34:47,011 [6b43f304-d44b-4136-a2f9-b4019b75ba8d@group-4714CE8D32E4-SegmentedRaftLogWorker] INFO  segmented.SegmentedRaftLogWorker (SegmentedRaftLogWorker.java:run(327)) - 6b43f304-d44b-4136-a2f9-b4019b75ba8d@group-4714CE8D32E4-SegmentedRaftLogWorker was interrupted, exiting. There are 0 tasks remaining in the queue.
2021-12-29 13:34:47,011 [ForkJoinPool.commonPool-worker-0] INFO  server.RaftServer$Division (ServerState.java:close(419)) - 6b43f304-d44b-4136-a2f9-b4019b75ba8d@group-3EEA8673386A: closes. applyIndex: 0
2021-12-29 13:34:47,011 [6b43f304-d44b-4136-a2f9-b4019b75ba8d@group-3EEA8673386A-SegmentedRaftLogWorker] INFO  segmented.SegmentedRaftLogWorker (SegmentedRaftLogWorker.java:run(327)) - 6b43f304-d44b-4136-a2f9-b4019b75ba8d@group-3EEA8673386A-SegmentedRaftLogWorker was interrupted, exiting. There are 0 tasks remaining in the queue.
2021-12-29 13:34:47,011 [Listener at 127.0.0.1/33601] INFO  segmented.SegmentedRaftLogWorker (SegmentedRaftLogWorker.java:close(237)) - 6b43f304-d44b-4136-a2f9-b4019b75ba8d@group-4714CE8D32E4-SegmentedRaftLogWorker close()
2021-12-29 13:34:47,011 [ForkJoinPool.commonPool-worker-0] INFO  segmented.SegmentedRaftLogWorker (SegmentedRaftLogWorker.java:close(237)) - 6b43f304-d44b-4136-a2f9-b4019b75ba8d@group-3EEA8673386A-SegmentedRaftLogWorker close()
2021-12-29 13:34:47,022 [Listener at 127.0.0.1/33601] INFO  server.RaftServer$Division (RaftServerImpl.java:lambda$close$4(412)) - 6b43f304-d44b-4136-a2f9-b4019b75ba8d@group-2E4B0D540826: shutdown
2021-12-29 13:34:47,022 [Listener at 127.0.0.1/33601] INFO  util.JmxRegister (JmxRegister.java:unregister(73)) - Successfully un-registered JMX Bean with object name Ratis:service=RaftServer,group=group-2E4B0D540826,id=6b43f304-d44b-4136-a2f9-b4019b75ba8d
2021-12-29 13:34:47,022 [Listener at 127.0.0.1/33601] INFO  impl.RoleInfo (RoleInfo.java:shutdownFollowerState(108)) - 6b43f304-d44b-4136-a2f9-b4019b75ba8d: shutdown 6b43f304-d44b-4136-a2f9-b4019b75ba8d@group-2E4B0D540826-FollowerState
2021-12-29 13:34:47,022 [Listener at 127.0.0.1/33601] INFO  impl.StateMachineUpdater (StateMachineUpdater.java:stopAndJoin(149)) - 6b43f304-d44b-4136-a2f9-b4019b75ba8d@group-2E4B0D540826-StateMachineUpdater: set stopIndex = 28
2021-12-29 13:34:47,023 [6b43f304-d44b-4136-a2f9-b4019b75ba8d@group-2E4B0D540826-FollowerState] INFO  impl.FollowerState (FollowerState.java:run(143)) - 6b43f304-d44b-4136-a2f9-b4019b75ba8d@group-2E4B0D540826-FollowerState was interrupted: {}
java.lang.InterruptedException: sleep interrupted
	at java.lang.Thread.sleep(Native Method)
	at java.lang.Thread.sleep(Thread.java:340)
	at java.util.concurrent.TimeUnit.sleep(TimeUnit.java:386)
	at org.apache.ratis.util.TimeDuration.sleep(TimeDuration.java:324)
	at org.apache.ratis.util.TimeDuration.sleep(TimeDuration.java:309)
	at org.apache.ratis.server.impl.FollowerState.run(FollowerState.java:118)
2021-12-29 13:34:47,023 [6b43f304-d44b-4136-a2f9-b4019b75ba8d@group-2E4B0D540826-StateMachineUpdater] INFO  ratis.ContainerStateMachine (ContainerStateMachine.java:takeSnapshot(299)) - group-2E4B0D540826: Taking a snapshot at:(t:1, i:28) file /home/runner/work/ozone/ozone/hadoop-ozone/integration-test/target/test-dir/MiniOzoneClusterImpl-7d6fe320-0ffb-432c-a5b3-2ab51c323a3d/datanode-2/data/ratis/72d328fe-c33a-440f-8196-2e4b0d540826/sm/snapshot.1_28
2021-12-29 13:34:47,029 [6b43f304-d44b-4136-a2f9-b4019b75ba8d@group-2E4B0D540826-StateMachineUpdater] INFO  ratis.ContainerStateMachine (ContainerStateMachine.java:takeSnapshot(310)) - group-2E4B0D540826: Finished taking a snapshot at:(t:1, i:28) file:/home/runner/work/ozone/ozone/hadoop-ozone/integration-test/target/test-dir/MiniOzoneClusterImpl-7d6fe320-0ffb-432c-a5b3-2ab51c323a3d/datanode-2/data/ratis/72d328fe-c33a-440f-8196-2e4b0d540826/sm/snapshot.1_28 took: 6 ms
2021-12-29 13:34:47,029 [6b43f304-d44b-4136-a2f9-b4019b75ba8d@group-2E4B0D540826-StateMachineUpdater] INFO  impl.StateMachineUpdater (StateMachineUpdater.java:takeSnapshot(281)) - 6b43f304-d44b-4136-a2f9-b4019b75ba8d@group-2E4B0D540826-StateMachineUpdater: Took a snapshot at index 28
2021-12-29 13:34:47,029 [6b43f304-d44b-4136-a2f9-b4019b75ba8d@group-2E4B0D540826-StateMachineUpdater] INFO  impl.StateMachineUpdater (StateMachineUpdater.java:lambda$new$0(89)) - 6b43f304-d44b-4136-a2f9-b4019b75ba8d@group-2E4B0D540826-StateMachineUpdater: snapshotIndex: updateIncreasingly -1 -> 28
2021-12-29 13:34:47,030 [Listener at 127.0.0.1/33601] INFO  server.RaftServer$Division (ServerState.java:close(419)) - 6b43f304-d44b-4136-a2f9-b4019b75ba8d@group-2E4B0D540826: closes. applyIndex: 28
2021-12-29 13:34:47,030 [6b43f304-d44b-4136-a2f9-b4019b75ba8d@group-2E4B0D540826-SegmentedRaftLogWorker] INFO  segmented.SegmentedRaftLogWorker (SegmentedRaftLogWorker.java:run(327)) - 6b43f304-d44b-4136-a2f9-b4019b75ba8d@group-2E4B0D540826-SegmentedRaftLogWorker was interrupted, exiting. There are 0 tasks remaining in the queue.
2021-12-29 13:34:47,031 [Listener at 127.0.0.1/33601] INFO  segmented.SegmentedRaftLogWorker (SegmentedRaftLogWorker.java:close(237)) - 6b43f304-d44b-4136-a2f9-b4019b75ba8d@group-2E4B0D540826-SegmentedRaftLogWorker close()
2021-12-29 13:34:47,031 [Listener at 127.0.0.1/33601] INFO  server.GrpcService (GrpcService.java:closeImpl(262)) - 6b43f304-d44b-4136-a2f9-b4019b75ba8d: shutdown server with port 43713 now
2021-12-29 13:34:47,035 [grpc-default-executor-0] WARN  client.GrpcClientProtocolService (LogUtils.java:warn(122)) - 1-UnorderedRequestStreamObserver1: onError: org.apache.ratis.thirdparty.io.grpc.StatusRuntimeException: CANCELLED: client cancelled
2021-12-29 13:34:47,043 [Listener at 127.0.0.1/33601] INFO  server.GrpcService (GrpcService.java:closeImpl(271)) - 6b43f304-d44b-4136-a2f9-b4019b75ba8d: shutdown server with port 43713 successfully
2021-12-29 13:34:47,044 [org.apache.ratis.util.JvmPauseMonitor$$Lambda$528/1712405372@5dd766c9] INFO  util.JvmPauseMonitor (JvmPauseMonitor.java:run(109)) - JvmPauseMonitor-6b43f304-d44b-4136-a2f9-b4019b75ba8d: Stopped
2021-12-29 13:34:49,054 [Listener at 127.0.0.1/33601] INFO  utils.BackgroundService (BackgroundService.java:shutdown(132)) - Shutting down service BlockDeletingService
2021-12-29 13:34:52,061 [Listener at 127.0.0.1/33601] INFO  statemachine.DatanodeStateMachine (DatanodeStateMachine.java:stopDaemon(526)) - Ozone container server stopped.
2021-12-29 13:34:52,063 [Listener at 127.0.0.1/33601] INFO  handler.ContextHandler (ContextHandler.java:doStop(1153)) - Stopped o.e.j.w.WebAppContext@26156929{hddsDatanode,/,null,STOPPED}{jar:file:/home/runner/.m2/repository/org/apache/ozone/hdds-container-service/1.3.0-SNAPSHOT/hdds-container-service-1.3.0-SNAPSHOT.jar!/webapps/hddsDatanode}
2021-12-29 13:34:52,066 [Listener at 127.0.0.1/33601] INFO  server.AbstractConnector (AbstractConnector.java:doStop(381)) - Stopped ServerConnector@431c2020{HTTP/1.1, (http/1.1)}{0.0.0.0:0}
2021-12-29 13:34:52,066 [Listener at 127.0.0.1/33601] INFO  server.session (HouseKeeper.java:stopScavenging(149)) - node0 Stopped scavenging
2021-12-29 13:34:52,067 [Listener at 127.0.0.1/33601] INFO  handler.ContextHandler (ContextHandler.java:doStop(1153)) - Stopped o.e.j.s.ServletContextHandler@43fd6600{static,/static,jar:file:/home/runner/.m2/repository/org/apache/ozone/hdds-container-service/1.3.0-SNAPSHOT/hdds-container-service-1.3.0-SNAPSHOT.jar!/webapps/static,STOPPED}
2021-12-29 13:34:52,069 [Listener at 127.0.0.1/33601] INFO  handler.ContextHandler (ContextHandler.java:doStop(1153)) - Stopped o.e.j.s.ServletContextHandler@86a4b9b{logs,/logs,file:///home/runner/work/ozone/ozone/hadoop-ozone/integration-test/target/log,STOPPED}
2021-12-29 13:34:52,073 [Listener at 127.0.0.1/33601] INFO  ozone.MiniOzoneClusterImpl (MiniOzoneClusterImpl.java:stopSCM(542)) - Stopping the StorageContainerManager
2021-12-29 13:34:52,074 [Listener at 127.0.0.1/33601] INFO  server.StorageContainerManager (StorageContainerManager.java:stop(1390)) - Stopping Container Balancer service.
2021-12-29 13:34:52,074 [Listener at 127.0.0.1/33601] INFO  balancer.ContainerBalancer (ContainerBalancer.java:stop(748)) - Container Balancer is not running.
2021-12-29 13:34:52,074 [Listener at 127.0.0.1/33601] INFO  server.StorageContainerManager (StorageContainerManager.java:stop(1397)) - Stopping Replication Manager Service.
2021-12-29 13:34:52,074 [Listener at 127.0.0.1/33601] INFO  container.ReplicationManager (ReplicationManager.java:stop(350)) - Stopping Replication Monitor Thread.
2021-12-29 13:34:52,074 [Listener at 127.0.0.1/33601] INFO  server.StorageContainerManager (StorageContainerManager.java:stop(1404)) - Stopping the Datanode Admin Monitor.
2021-12-29 13:34:52,074 [Listener at 127.0.0.1/33601] INFO  server.StorageContainerManager (StorageContainerManager.java:stop(1411)) - Stopping Lease Manager of the command watchers
2021-12-29 13:34:52,074 [Listener at 127.0.0.1/33601] INFO  server.StorageContainerManager (StorageContainerManager.java:stop(1418)) - Stopping datanode service RPC server
2021-12-29 13:34:52,075 [Listener at 127.0.0.1/33601] INFO  server.SCMDatanodeProtocolServer (SCMDatanodeProtocolServer.java:stop(390)) - Stopping the RPC server for DataNodes
2021-12-29 13:34:52,075 [Listener at 127.0.0.1/33601] INFO  ipc.Server (Server.java:stop(3414)) - Stopping server on 33837
2021-12-29 13:34:52,082 [IPC Server listener on 0] INFO  ipc.Server (Server.java:run(1376)) - Stopping IPC Server listener on 0
2021-12-29 13:34:52,082 [IPC Server Responder] INFO  ipc.Server (Server.java:run(1512)) - Stopping IPC Server Responder
2021-12-29 13:34:52,165 [SCM Heartbeat Processing Thread - 0] WARN  node.NodeStateManager (NodeStateManager.java:scheduleNextHealthCheck(799)) - Current Thread is interrupted, shutting down HB processing thread for Node Manager.
2021-12-29 13:34:52,165 [Listener at 127.0.0.1/33601] INFO  server.StorageContainerManager (StorageContainerManager.java:stop(1426)) - Stopping block service RPC server
2021-12-29 13:34:52,166 [Listener at 127.0.0.1/33601] INFO  server.SCMBlockProtocolServer (SCMBlockProtocolServer.java:stop(160)) - Stopping the RPC server for Block Protocol
2021-12-29 13:34:52,166 [Listener at 127.0.0.1/33601] INFO  ipc.Server (Server.java:stop(3414)) - Stopping server on 42939
2021-12-29 13:34:52,168 [IPC Server listener on 0] INFO  ipc.Server (Server.java:run(1376)) - Stopping IPC Server listener on 0
2021-12-29 13:34:52,168 [Listener at 127.0.0.1/33601] INFO  server.StorageContainerManager (StorageContainerManager.java:stop(1433)) - Stopping the StorageContainerLocationProtocol RPC server
2021-12-29 13:34:52,168 [Listener at 127.0.0.1/33601] INFO  server.SCMClientProtocolServer (SCMClientProtocolServer.java:stop(173)) - Stopping the RPC server for Client Protocol
2021-12-29 13:34:52,168 [IPC Server Responder] INFO  ipc.Server (Server.java:run(1512)) - Stopping IPC Server Responder
2021-12-29 13:34:52,168 [Listener at 127.0.0.1/33601] INFO  ipc.Server (Server.java:stop(3414)) - Stopping server on 44697
2021-12-29 13:34:52,175 [IPC Server Responder] INFO  ipc.Server (Server.java:run(1512)) - Stopping IPC Server Responder
2021-12-29 13:34:52,175 [Listener at 127.0.0.1/33601] INFO  server.StorageContainerManager (StorageContainerManager.java:stop(1440)) - Stopping Storage Container Manager HTTP server.
2021-12-29 13:34:52,176 [Listener at 127.0.0.1/33601] INFO  handler.ContextHandler (ContextHandler.java:doStop(1153)) - Stopped o.e.j.w.WebAppContext@27e3dc9a{scm,/,null,STOPPED}{file:/home/runner/work/ozone/ozone/hadoop-ozone/integration-test/target/test-classes/webapps/scm}
2021-12-29 13:34:52,177 [IPC Server listener on 0] INFO  ipc.Server (Server.java:run(1376)) - Stopping IPC Server listener on 0
2021-12-29 13:34:52,179 [Listener at 127.0.0.1/33601] INFO  server.AbstractConnector (AbstractConnector.java:doStop(381)) - Stopped ServerConnector@7ce4498f{HTTP/1.1, (http/1.1)}{0.0.0.0:0}
2021-12-29 13:34:52,179 [Listener at 127.0.0.1/33601] INFO  server.session (HouseKeeper.java:stopScavenging(149)) - node0 Stopped scavenging
2021-12-29 13:34:52,180 [Listener at 127.0.0.1/33601] INFO  handler.ContextHandler (ContextHandler.java:doStop(1153)) - Stopped o.e.j.s.ServletContextHandler@21d15932{static,/static,file:///home/runner/work/ozone/ozone/hadoop-ozone/integration-test/target/test-classes/webapps/static,STOPPED}
2021-12-29 13:34:52,180 [Listener at 127.0.0.1/33601] INFO  handler.ContextHandler (ContextHandler.java:doStop(1153)) - Stopped o.e.j.s.ServletContextHandler@4eec5fa6{logs,/logs,file:///home/runner/work/ozone/ozone/hadoop-ozone/integration-test/target/log,STOPPED}
2021-12-29 13:34:52,183 [Listener at 127.0.0.1/33601] INFO  server.StorageContainerManager (StorageContainerManager.java:stop(1451)) - Stopping Block Manager Service.
2021-12-29 13:34:52,184 [Listener at 127.0.0.1/33601] INFO  utils.BackgroundService (BackgroundService.java:shutdown(132)) - Shutting down service SCMBlockDeletingService
2021-12-29 13:34:52,184 [Listener at 127.0.0.1/33601] INFO  utils.BackgroundService (BackgroundService.java:shutdown(132)) - Shutting down service SCMBlockDeletingService
2021-12-29 13:34:52,184 [Listener at 127.0.0.1/33601] INFO  server.StorageContainerManager (StorageContainerManager.java:stop(1478)) - Stopping SCM Event Queue.
2021-12-29 13:34:52,187 [Listener at 127.0.0.1/33601] INFO  server.StorageContainerManager (StorageContainerManager.java:stop(1489)) - Stopping SCM HA services.
2021-12-29 13:34:52,187 [Listener at 127.0.0.1/33601] INFO  pipeline.BackgroundPipelineCreator (BackgroundPipelineCreator.java:stop(158)) - Stopping RatisPipelineUtilsThread.
2021-12-29 13:34:52,188 [Listener at 127.0.0.1/33601] INFO  server.StorageContainerManager (StorageContainerManager.java:stop(1499)) - Stopping SCM MetadataStore.
2021-12-29 13:34:52,189 [Listener at 127.0.0.1/33601] INFO  impl.MetricsSystemImpl (MetricsSystemImpl.java:stop(210)) - Stopping XceiverClientMetrics metrics system...
2021-12-29 13:34:52,207 [prometheus] INFO  impl.MetricsSinkAdapter (MetricsSinkAdapter.java:publishMetricsFromQueue(141)) - prometheus thread interrupted.
2021-12-29 13:34:52,210 [Listener at 127.0.0.1/33601] INFO  impl.MetricsSystemImpl (MetricsSystemImpl.java:stop(216)) - XceiverClientMetrics metrics system stopped.
2021-12-29 13:34:52,337 [Listener at 127.0.0.1/33601] WARN  server.ServerUtils (ServerUtils.java:getScmDbDir(148)) - ozone.scm.db.dirs is not configured. We recommend adding this setting. Falling back to ozone.metadata.dirs instead.
2021-12-29 13:34:52,341 [Listener at 127.0.0.1/33601] INFO  ha.SCMHANodeDetails (SCMHANodeDetails.java:loadSCMHAConfig(157)) - ServiceID for StorageContainerManager is null
2021-12-29 13:34:52,341 [Listener at 127.0.0.1/33601] INFO  ha.SCMHANodeDetails (SCMHANodeDetails.java:loadSCMHAConfig(162)) - ozone.scm.default.service.id is not defined, falling back to ozone.scm.service.ids to find serviceID for StorageContainerManager if it is HA enabled cluster
2021-12-29 13:34:52,344 [Listener at 127.0.0.1/33601] WARN  server.ServerUtils (ServerUtils.java:getScmDbDir(148)) - ozone.scm.db.dirs is not configured. We recommend adding this setting. Falling back to ozone.metadata.dirs instead.
2021-12-29 13:34:52,344 [Listener at 127.0.0.1/33601] INFO  upgrade.AbstractLayoutVersionManager (AbstractLayoutVersionManager.java:init(79)) - Initializing Layout version manager with metadata layout = SCM_HA (version = 2), software layout = SCM_HA (version = 2)
2021-12-29 13:34:52,434 [Listener at 127.0.0.1/33601] INFO  reflections.Reflections (Reflections.java:scan(232)) - Reflections took 88 ms to scan 7 urls, producing 119 keys and 279 values 
2021-12-29 13:34:52,442 [Listener at 127.0.0.1/33601] WARN  utils.HAUtils (HAUtils.java:getMetaDir(342)) - ozone.scm.db.dirs is not configured. We recommend adding this setting. Falling back to ozone.metadata.dirs instead.
2021-12-29 13:34:52,443 [Listener at 127.0.0.1/33601] WARN  db.DBStoreBuilder (DBStoreBuilder.java:applyDBDefinition(145)) - ozone.scm.db.dirs is not configured. We recommend adding this setting. Falling back to ozone.metadata.dirs instead.
2021-12-29 13:34:52,575 [Listener at 127.0.0.1/33601] INFO  net.NodeSchemaLoader (NodeSchemaLoader.java:loadSchemaFromFile(129)) - Loading schema from [jar:file:/home/runner/.m2/repository/org/apache/ozone/hdds-common/1.3.0-SNAPSHOT/hdds-common-1.3.0-SNAPSHOT.jar!/network-topology-default.xml]
2021-12-29 13:34:52,575 [Listener at 127.0.0.1/33601] INFO  net.NodeSchemaLoader (NodeSchemaLoader.java:loadSchema(176)) - Loading network topology layer schema file
2021-12-29 13:34:52,579 [Listener at 127.0.0.1/33601] INFO  ha.SequenceIdGenerator (SequenceIdGenerator.java:upgradeToSequenceId(347)) - upgrade localId to 107544261427200000
2021-12-29 13:34:52,579 [Listener at 127.0.0.1/33601] INFO  ha.SequenceIdGenerator (SequenceIdGenerator.java:upgradeToSequenceId(357)) - upgrade delTxnId to 0
2021-12-29 13:34:52,580 [Listener at 127.0.0.1/33601] INFO  ha.SequenceIdGenerator (SequenceIdGenerator.java:upgradeToSequenceId(371)) - upgrade containerId to 0
2021-12-29 13:34:52,580 [Listener at 127.0.0.1/33601] INFO  ha.SequenceIdGenerator (SequenceIdGenerator.java:<init>(218)) - Init the HA SequenceIdGenerator.
2021-12-29 13:34:52,580 [Listener at 127.0.0.1/33601] WARN  server.ServerUtils (ServerUtils.java:sanitizeUserArgs(73)) - ozone.scm.stale.node.interval value = 300000 is larger than max = 100000 based on the key value of ozone.scm.heartbeat.thread.interval, reset to the max value 100000.
2021-12-29 13:34:52,581 [Listener at 127.0.0.1/33601] WARN  server.ServerUtils (ServerUtils.java:sanitizeUserArgs(73)) - ozone.scm.stale.node.interval value = 300000 is larger than max = 100000 based on the key value of ozone.scm.heartbeat.thread.interval, reset to the max value 100000.
2021-12-29 13:34:52,586 [Listener at 127.0.0.1/33601] INFO  node.SCMNodeManager (SCMNodeManager.java:<init>(144)) - Entering startup safe mode.
2021-12-29 13:34:52,587 [Listener at 127.0.0.1/33601] INFO  algorithms.ContainerPlacementPolicyFactory (ContainerPlacementPolicyFactory.java:getPolicy(60)) - Create container placement policy of type org.apache.hadoop.hdds.scm.container.placement.algorithms.SCMContainerPlacementRandom
2021-12-29 13:34:52,587 [Listener at 127.0.0.1/33601] INFO  pipeline.PipelineStateManagerImpl (PipelineStateManagerImpl.java:initialize(78)) - No pipeline exists in current db
2021-12-29 13:34:52,587 [Listener at 127.0.0.1/33601] INFO  algorithms.LeaderChoosePolicyFactory (LeaderChoosePolicyFactory.java:getPolicy(57)) - Create leader choose policy of type org.apache.hadoop.hdds.scm.pipeline.leader.choose.algorithms.MinLeaderCountChoosePolicy
2021-12-29 13:34:52,588 [Listener at 127.0.0.1/33601] INFO  ha.SCMServiceManager (SCMServiceManager.java:register(43)) - Registering service BackgroundPipelineCreator.
2021-12-29 13:34:52,588 [Listener at 127.0.0.1/33601] INFO  pipeline.BackgroundPipelineCreator (BackgroundPipelineCreator.java:start(130)) - Starting RatisPipelineUtilsThread.
2021-12-29 13:34:52,592 [Listener at 127.0.0.1/33601] INFO  algorithms.PipelineChoosePolicyFactory (PipelineChoosePolicyFactory.java:createPipelineChoosePolicyFromClass(73)) - Create pipeline choose policy of type org.apache.hadoop.hdds.scm.pipeline.choose.algorithms.RandomPipelineChoosePolicy
2021-12-29 13:34:52,592 [Listener at 127.0.0.1/33601] INFO  ha.SCMServiceManager (SCMServiceManager.java:register(43)) - Registering service SCMBlockDeletingService.
2021-12-29 13:34:52,592 [Listener at 127.0.0.1/33601] INFO  ha.SCMServiceManager (SCMServiceManager.java:register(43)) - Registering service ReplicationManager.
2021-12-29 13:34:52,593 [Listener at 127.0.0.1/33601] INFO  container.ReplicationManager (ReplicationManager.java:start(319)) - Starting Replication Monitor Thread.
2021-12-29 13:34:52,599 [Listener at 127.0.0.1/33601] INFO  safemode.ContainerSafeModeRule (ContainerSafeModeRule.java:<init>(89)) - containers with one replica threshold count 0
2021-12-29 13:34:52,599 [Listener at 127.0.0.1/33601] INFO  safemode.HealthyPipelineSafeModeRule (HealthyPipelineSafeModeRule.java:initializeRule(156)) - Total pipeline count is 0, healthy pipeline threshold count is 1
2021-12-29 13:34:52,600 [Listener at 127.0.0.1/33601] INFO  safemode.OneReplicaPipelineSafeModeRule (OneReplicaPipelineSafeModeRule.java:initializeRule(180)) - Total pipeline count is 0, pipeline's with at least one datanode reported threshold count is 0
2021-12-29 13:34:52,601 [Listener at 127.0.0.1/33601] INFO  ipc.CallQueueManager (CallQueueManager.java:<init>(90)) - Using callQueue: class java.util.concurrent.LinkedBlockingQueue, queueCapacity: 2000, scheduler: class org.apache.hadoop.ipc.DefaultRpcScheduler, ipcBackoff: false.
2021-12-29 13:34:52,602 [ReplicationMonitor] INFO  container.ReplicationManager (ReplicationManager.java:processAll(371)) - Replication Monitor Thread took 0 milliseconds for processing 0 containers.
2021-12-29 13:34:52,607 [Socket Reader #1 for port 0] INFO  ipc.Server (Server.java:run(1265)) - Starting Socket Reader #1 for port 0
2021-12-29 13:34:52,626 [Listener at 0.0.0.0/39097] INFO  ipc.CallQueueManager (CallQueueManager.java:<init>(90)) - Using callQueue: class java.util.concurrent.LinkedBlockingQueue, queueCapacity: 2000, scheduler: class org.apache.hadoop.ipc.DefaultRpcScheduler, ipcBackoff: false.
2021-12-29 13:34:52,634 [Socket Reader #1 for port 0] INFO  ipc.Server (Server.java:run(1265)) - Starting Socket Reader #1 for port 0
2021-12-29 13:34:52,635 [Listener at 0.0.0.0/45421] INFO  ipc.CallQueueManager (CallQueueManager.java:<init>(90)) - Using callQueue: class java.util.concurrent.LinkedBlockingQueue, queueCapacity: 2000, scheduler: class org.apache.hadoop.ipc.DefaultRpcScheduler, ipcBackoff: false.
2021-12-29 13:34:52,646 [Socket Reader #1 for port 0] INFO  ipc.Server (Server.java:run(1265)) - Starting Socket Reader #1 for port 0
2021-12-29 13:34:52,692 [Listener at 0.0.0.0/43965] INFO  algorithms.ContainerPlacementPolicyFactory (ContainerPlacementPolicyFactory.java:getPolicy(60)) - Create container placement policy of type org.apache.hadoop.hdds.scm.container.placement.algorithms.SCMContainerPlacementRandom
2021-12-29 13:34:52,696 [Listener at 0.0.0.0/43965] INFO  server.StorageContainerManager (StorageContainerManager.java:<init>(388)) - 
Container Balancer status:
Key                            Value
Running                        false
Container Balancer Configuration values:
Key                                                Value
Threshold                                          0.1
Max Datanodes to Involve per Iteration(ratio)      0.2
Max Size to Move per Iteration                     30GB
Max Size Entering Target per Iteration             26GB
Max Size Leaving Source per Iteration              26GB

2021-12-29 13:34:52,696 [Listener at 0.0.0.0/43965] WARN  events.EventQueue (EventQueue.java:fireEvent(194)) - No event handler registered for event TypedEvent{payloadType=SafeModeStatus, name='Safe mode status'}
2021-12-29 13:34:52,696 [Listener at 0.0.0.0/43965] INFO  ha.SCMContext (SCMContext.java:updateSafeModeStatus(211)) - Update SafeModeStatus from SafeModeStatus{safeModeStatus=true, preCheckPassed=false} to SafeModeStatus{safeModeStatus=true, preCheckPassed=false}.
2021-12-29 13:34:52,696 [Listener at 0.0.0.0/43965] INFO  server.StorageContainerManager (StorageContainerManager.java:start(1303)) - StorageContainerLocationProtocol RPC server is listening at /0.0.0.0:43965
2021-12-29 13:34:52,698 [Listener at 0.0.0.0/43965] WARN  impl.MetricsConfig (MetricsConfig.java:loadFirst(136)) - Cannot locate configuration: tried hadoop-metrics2-storagecontainermanager.properties,hadoop-metrics2.properties
2021-12-29 13:34:52,702 [Listener at 0.0.0.0/43965] INFO  impl.MetricsSystemImpl (MetricsSystemImpl.java:startTimer(378)) - Scheduled Metric snapshot period at 10 second(s).
2021-12-29 13:34:52,702 [Listener at 0.0.0.0/43965] INFO  impl.MetricsSystemImpl (MetricsSystemImpl.java:start(191)) - StorageContainerManager metrics system started
2021-12-29 13:34:52,732 [Listener at 0.0.0.0/43965] INFO  impl.MetricsSinkAdapter (MetricsSinkAdapter.java:start(204)) - Sink prometheus started
2021-12-29 13:34:52,733 [Listener at 0.0.0.0/43965] INFO  impl.MetricsSystemImpl (MetricsSystemImpl.java:registerSink(305)) - Registered sink prometheus
2021-12-29 13:34:52,763 [Listener at 0.0.0.0/43965] INFO  server.SCMClientProtocolServer (SCMClientProtocolServer.java:start(164)) - RPC server for Client  is listening at /0.0.0.0:43965
2021-12-29 13:34:52,766 [IPC Server Responder] INFO  ipc.Server (Server.java:run(1507)) - IPC Server Responder: starting
2021-12-29 13:34:52,769 [Listener at 0.0.0.0/43965] INFO  server.StorageContainerManager (StorageContainerManager.java:start(1318)) - ScmBlockLocationProtocol RPC server is listening at /0.0.0.0:45421
2021-12-29 13:34:52,771 [Listener at 0.0.0.0/43965] INFO  server.SCMBlockProtocolServer (SCMBlockProtocolServer.java:start(151)) - RPC server for Block Protocol is listening at /0.0.0.0:45421
2021-12-29 13:34:52,766 [IPC Server listener on 0] INFO  ipc.Server (Server.java:run(1344)) - IPC Server listener on 0: starting
2021-12-29 13:34:52,782 [IPC Server Responder] INFO  ipc.Server (Server.java:run(1507)) - IPC Server Responder: starting
2021-12-29 13:34:52,787 [IPC Server listener on 0] INFO  ipc.Server (Server.java:run(1344)) - IPC Server listener on 0: starting
2021-12-29 13:34:52,855 [Listener at 0.0.0.0/43965] INFO  server.SCMDatanodeProtocolServer (SCMDatanodeProtocolServer.java:start(181)) - ScmDatanodeProtocol RPC server for DataNodes is listening at /0.0.0.0:39097
2021-12-29 13:34:52,858 [IPC Server Responder] INFO  ipc.Server (Server.java:run(1507)) - IPC Server Responder: starting
2021-12-29 13:34:52,862 [IPC Server listener on 0] INFO  ipc.Server (Server.java:run(1344)) - IPC Server listener on 0: starting
2021-12-29 13:34:52,873 [Listener at 0.0.0.0/43965] INFO  http.BaseHttpServer (BaseHttpServer.java:newHttpServer2BuilderForOzone(209)) - Starting Web-server for scm at: http://0.0.0.0:0
2021-12-29 13:34:52,873 [Listener at 0.0.0.0/43965] INFO  http.BaseHttpServer (BaseHttpServer.java:<init>(107)) - Hadoop Security Enabled: false Ozone Security Enabled: false Ozone HTTP Security Enabled: false 
2021-12-29 13:34:52,875 [Listener at 0.0.0.0/43965] INFO  server.AuthenticationFilter (AuthenticationFilter.java:constructSecretProvider(240)) - Unable to initialize FileSignerSecretProvider, falling back to use random secrets.
2021-12-29 13:34:52,875 [org.apache.hadoop.util.JvmPauseMonitor$Monitor@5be38ef2] INFO  util.JvmPauseMonitor (JvmPauseMonitor.java:run(188)) - Starting JVM pause monitor
2021-12-29 13:34:52,875 [Listener at 0.0.0.0/43965] WARN  http.HttpRequestLog (HttpRequestLog.java:getRequestLog(103)) - Jetty request log can only be enabled using Log4j
2021-12-29 13:34:52,876 [Listener at 0.0.0.0/43965] INFO  http.HttpServer2 (HttpServer2.java:addGlobalFilter(1030)) - Added global filter 'safety' (class=org.apache.hadoop.hdds.server.http.HttpServer2$QuotingInputFilter)
2021-12-29 13:34:52,877 [Listener at 0.0.0.0/43965] INFO  http.HttpServer2 (HttpServer2.java:addFilter(1006)) - Added filter static_user_filter (class=org.apache.hadoop.http.lib.StaticUserWebFilter$StaticUserFilter) to context scm
2021-12-29 13:34:52,877 [Listener at 0.0.0.0/43965] INFO  http.HttpServer2 (HttpServer2.java:addFilter(1014)) - Added filter static_user_filter (class=org.apache.hadoop.http.lib.StaticUserWebFilter$StaticUserFilter) to context static
2021-12-29 13:34:52,877 [Listener at 0.0.0.0/43965] INFO  http.HttpServer2 (HttpServer2.java:addFilter(1014)) - Added filter static_user_filter (class=org.apache.hadoop.http.lib.StaticUserWebFilter$StaticUserFilter) to context logs
2021-12-29 13:34:52,878 [Listener at 0.0.0.0/43965] INFO  http.HttpServer2 (HttpServer2.java:bindListener(1249)) - Jetty bound to port 35689
2021-12-29 13:34:52,878 [Listener at 0.0.0.0/43965] INFO  server.Server (Server.java:doStart(375)) - jetty-9.4.43.v20210629; built: 2021-06-30T11:07:22.254Z; git: 526006ecfa3af7f1a27ef3a288e2bef7ea9dd7e8; jvm 1.8.0_292-b10
2021-12-29 13:34:52,892 [Listener at 0.0.0.0/43965] INFO  server.session (DefaultSessionIdManager.java:doStart(334)) - DefaultSessionIdManager workerName=node0
2021-12-29 13:34:52,892 [Listener at 0.0.0.0/43965] INFO  server.session (DefaultSessionIdManager.java:doStart(339)) - No SessionScavenger set, using defaults
2021-12-29 13:34:52,892 [Listener at 0.0.0.0/43965] INFO  server.session (HouseKeeper.java:startScavenging(132)) - node0 Scavenging every 660000ms
2021-12-29 13:34:52,894 [Listener at 0.0.0.0/43965] INFO  handler.ContextHandler (ContextHandler.java:doStart(915)) - Started o.e.j.s.ServletContextHandler@14eb6c42{logs,/logs,file:///home/runner/work/ozone/ozone/hadoop-ozone/integration-test/target/log,AVAILABLE}
2021-12-29 13:34:52,894 [Listener at 0.0.0.0/43965] INFO  handler.ContextHandler (ContextHandler.java:doStart(915)) - Started o.e.j.s.ServletContextHandler@3e898efe{static,/static,file:///home/runner/work/ozone/ozone/hadoop-ozone/integration-test/target/test-classes/webapps/static,AVAILABLE}
2021-12-29 13:34:52,900 [Listener at 0.0.0.0/43965] INFO  handler.ContextHandler (ContextHandler.java:doStart(915)) - Started o.e.j.w.WebAppContext@507099cc{scm,/,file:///home/runner/work/ozone/ozone/hadoop-ozone/integration-test/target/test-classes/webapps/scm/,AVAILABLE}{file:/home/runner/work/ozone/ozone/hadoop-ozone/integration-test/target/test-classes/webapps/scm}
2021-12-29 13:34:52,910 [Listener at 0.0.0.0/43965] INFO  server.AbstractConnector (AbstractConnector.java:doStart(331)) - Started ServerConnector@5e6dfc42{HTTP/1.1, (http/1.1)}{0.0.0.0:35689}
2021-12-29 13:34:52,910 [Listener at 0.0.0.0/43965] INFO  server.Server (Server.java:doStart(415)) - Started @56437ms
2021-12-29 13:34:52,910 [Listener at 0.0.0.0/43965] WARN  impl.MetricsSystemImpl (MetricsSystemImpl.java:register(279)) - Sink prometheus already exists!
2021-12-29 13:34:52,913 [Listener at 0.0.0.0/43965] INFO  http.BaseHttpServer (BaseHttpServer.java:updateConnectorAddress(329)) - HTTP server of scm listening at http://0.0.0.0:35689
2021-12-29 13:34:52,914 [Listener at 0.0.0.0/43965] WARN  server.ServerUtils (ServerUtils.java:getDBPath(225)) - ozone.om.db.dirs is not configured. We recommend adding this setting. Falling back to ozone.metadata.dirs instead.
2021-12-29 13:34:52,916 [Listener at 0.0.0.0/43965] INFO  ha.OMHANodeDetails (OMHANodeDetails.java:loadOMHAConfig(112)) - ozone.om.internal.service.id is not defined, falling back to ozone.om.service.ids to find serviceID for OzoneManager if it is HA enabled cluster
2021-12-29 13:34:52,916 [Listener at 0.0.0.0/43965] INFO  ha.OMHANodeDetails (OMHANodeDetails.java:loadOMHAConfig(218)) - Configuration does not have ozone.om.address set. Falling back to the default OM address /127.0.0.1:0
2021-12-29 13:34:52,916 [Listener at 0.0.0.0/43965] INFO  ha.OMHANodeDetails (OMHANodeDetails.java:getOMNodeDetailsForNonHA(246)) - OM Service ID is not set. Setting it to the default ID: omServiceIdDefault
2021-12-29 13:34:52,916 [Listener at 0.0.0.0/43965] INFO  ha.OMHANodeDetails (OMHANodeDetails.java:getOMNodeDetailsForNonHA(253)) - OM Node ID is not set. Setting it to the default ID: om1
2021-12-29 13:34:52,916 [Listener at 0.0.0.0/43965] WARN  server.ServerUtils (ServerUtils.java:getDBPath(225)) - ozone.om.db.dirs is not configured. We recommend adding this setting. Falling back to ozone.metadata.dirs instead.
2021-12-29 13:34:52,917 [Listener at 0.0.0.0/43965] INFO  upgrade.AbstractLayoutVersionManager (AbstractLayoutVersionManager.java:init(79)) - Initializing Layout version manager with metadata layout = INITIAL_VERSION (version = 0), software layout = INITIAL_VERSION (version = 0)
2021-12-29 13:34:53,014 [Listener at 0.0.0.0/43965] INFO  reflections.Reflections (Reflections.java:scan(232)) - Reflections took 97 ms to scan 2 urls, producing 133 keys and 345 values [using 2 cores]
2021-12-29 13:34:53,014 [Listener at 0.0.0.0/43965] INFO  upgrade.OMLayoutVersionManager (OMLayoutVersionManager.java:lambda$0(115)) - Skipping Upgrade Action MockOmUpgradeAction since it has been finalized.
2021-12-29 13:34:53,015 [Listener at 0.0.0.0/43965] WARN  server.ServerUtils (ServerUtils.java:getDBPath(225)) - ozone.om.db.dirs is not configured. We recommend adding this setting. Falling back to ozone.metadata.dirs instead.
2021-12-29 13:34:53,040 [Listener at 0.0.0.0/43965] WARN  server.ServerUtils (ServerUtils.java:getDBPath(225)) - ozone.om.db.dirs is not configured. We recommend adding this setting. Falling back to ozone.metadata.dirs instead.
2021-12-29 13:34:53,041 [Listener at 0.0.0.0/43965] INFO  codec.OmKeyInfoCodec (OmKeyInfoCodec.java:<init>(50)) - OmKeyInfoCodec ignorePipeline = true
2021-12-29 13:34:53,041 [Listener at 0.0.0.0/43965] INFO  codec.RepeatedOmKeyInfoCodec (RepeatedOmKeyInfoCodec.java:<init>(42)) - RepeatedOmKeyInfoCodec ignorePipeline = true
2021-12-29 13:34:53,252 [Listener at 0.0.0.0/43965] INFO  om.OzoneManager (OzoneManager.java:addS3GVolumeToDB(3728)) - Created Volume s3v With Owner runner required for S3Gateway operations.
2021-12-29 13:34:53,252 [Listener at 0.0.0.0/43965] WARN  server.ServerUtils (ServerUtils.java:getDefaultRatisDirectory(237)) - Storage directory for Ratis is not configured. It is a good idea to map this to an SSD disk. Falling back to ozone.metadata.dirs
2021-12-29 13:34:53,253 [Listener at 0.0.0.0/43965] WARN  utils.OzoneManagerRatisUtils (OzoneManagerRatisUtils.java:getOMRatisSnapshotDirectory(323)) - ozone.om.ratis.snapshot.dir is not configured. Falling back to ozone.metadata.dirs config
2021-12-29 13:34:53,253 [Listener at 0.0.0.0/43965] WARN  server.ServerUtils (ServerUtils.java:getDefaultRatisDirectory(237)) - Storage directory for Ratis is not configured. It is a good idea to map this to an SSD disk. Falling back to ozone.metadata.dirs
2021-12-29 13:34:53,256 [Listener at 0.0.0.0/43965] INFO  ratis.OzoneManagerRatisServer (OzoneManagerRatisServer.java:<init>(159)) - Instantiating OM Ratis server with groupID: omServiceIdDefault and peers: localhost:9872
2021-12-29 13:34:53,266 [Listener at 0.0.0.0/43965] INFO  ratis.OzoneManagerStateMachine (OzoneManagerStateMachine.java:loadSnapshotInfoFromDB(605)) - LastAppliedIndex is set from TransactionInfo from OM DB as (t:0, i:~)
2021-12-29 13:34:53,269 [Listener at 0.0.0.0/43965] INFO  server.RaftServer (ConfUtils.java:logGet(44)) - raft.rpc.type = GRPC (default)
2021-12-29 13:34:53,269 [Listener at 0.0.0.0/43965] INFO  grpc.GrpcFactory (GrpcFactory.java:checkPooledByteBufAllocatorUseCacheForAllThreads(48)) - PERFORMANCE WARNING: useCacheForAllThreads is true that may cause Netty to create a lot garbage objects and, as a result, trigger GC.
	It is recommended to disable useCacheForAllThreads by setting -Dorg.apache.ratis.thirdparty.io.netty.allocator.useCacheForAllThreads=false in command line.
2021-12-29 13:34:53,269 [Listener at 0.0.0.0/43965] INFO  grpc.GrpcConfigKeys (ConfUtils.java:logGet(44)) - raft.grpc.admin.port = -1 (default)
2021-12-29 13:34:53,269 [Listener at 0.0.0.0/43965] INFO  grpc.GrpcConfigKeys (ConfUtils.java:logGet(44)) - raft.grpc.server.port = 9872 (custom)
2021-12-29 13:34:53,269 [Listener at 0.0.0.0/43965] INFO  grpc.GrpcConfigKeys (ConfUtils.java:logGet(44)) - raft.grpc.client.port = -1 (default)
2021-12-29 13:34:53,269 [Listener at 0.0.0.0/43965] INFO  grpc.GrpcConfigKeys (ConfUtils.java:logGet(44)) - raft.grpc.server.port = 9872 (custom)
2021-12-29 13:34:53,269 [Listener at 0.0.0.0/43965] INFO  grpc.GrpcConfigKeys (ConfUtils.java:logGet(44)) - raft.grpc.server.port = 9872 (custom)
2021-12-29 13:34:53,270 [Listener at 0.0.0.0/43965] INFO  server.GrpcService (ConfUtils.java:logGet(44)) - raft.grpc.message.size.max = 33554432 (custom)
2021-12-29 13:34:53,270 [Listener at 0.0.0.0/43965] INFO  server.RaftServerConfigKeys (ConfUtils.java:logGet(44)) - raft.server.log.appender.buffer.byte-limit = 33554432 (custom)
2021-12-29 13:34:53,270 [Listener at 0.0.0.0/43965] INFO  server.GrpcService (ConfUtils.java:logGet(44)) - raft.grpc.flow.control.window = 1MB (=1048576) (default)
2021-12-29 13:34:53,270 [Listener at 0.0.0.0/43965] INFO  server.RaftServerConfigKeys (ConfUtils.java:logGet(44)) - raft.server.rpc.request.timeout = 3000ms (default)
2021-12-29 13:34:53,271 [Listener at 0.0.0.0/43965] INFO  impl.DataStreamServerImpl (ConfUtils.java:logGet(44)) - raft.datastream.type = DISABLED (default)
2021-12-29 13:34:53,272 [Listener at 0.0.0.0/43965] INFO  server.RaftServerConfigKeys (ConfUtils.java:logGet(44)) - raft.server.rpc.slowness.timeout = 120s (custom)
2021-12-29 13:34:53,278 [Listener at 0.0.0.0/43965] INFO  server.RaftServerConfigKeys (ConfUtils.java:logGet(44)) - raft.server.leaderelection.leader.step-down.wait-time = 10s (default)
2021-12-29 13:34:53,278 [Listener at 0.0.0.0/43965] INFO  server.RaftServerConfigKeys (ConfUtils.java:logGet(44)) - raft.server.storage.dir = [/home/runner/work/ozone/ozone/hadoop-ozone/integration-test/target/test-dir/MiniOzoneClusterImpl-37cf7816-8d03-4967-8f48-8c315ca58879/ozone-meta/ratis] (custom)
2021-12-29 13:34:53,278 [Listener at 0.0.0.0/43965] INFO  server.RaftServer (RaftServerProxy.java:addNew(95)) - om1: addNew group-C5BA1605619E:[om1|rpc:localhost:9872|priority:0] returns group-C5BA1605619E:java.util.concurrent.CompletableFuture@2d38cc6[Not completed]
2021-12-29 13:34:53,279 [Listener at 0.0.0.0/43965] INFO  om.OzoneManager (OzoneManager.java:initializeRatisServer(1834)) - OzoneManager Ratis server initialized at port 9872
2021-12-29 13:34:53,280 [Listener at 0.0.0.0/43965] INFO  ipc.CallQueueManager (CallQueueManager.java:<init>(90)) - Using callQueue: class java.util.concurrent.LinkedBlockingQueue, queueCapacity: 2000, scheduler: class org.apache.hadoop.ipc.DefaultRpcScheduler, ipcBackoff: false.
2021-12-29 13:34:53,280 [pool-185-thread-1] INFO  server.RaftServer$Division (RaftServerImpl.java:<init>(184)) - om1: new RaftServerImpl for group-C5BA1605619E:[om1|rpc:localhost:9872|priority:0] with OzoneManagerStateMachine:uninitialized
2021-12-29 13:34:53,286 [Socket Reader #1 for port 0] INFO  ipc.Server (Server.java:run(1265)) - Starting Socket Reader #1 for port 0
2021-12-29 13:34:53,294 [pool-185-thread-1] INFO  server.RaftServerConfigKeys (ConfUtils.java:logGet(44)) - raft.server.rpc.timeout.min = 1s (custom)
2021-12-29 13:34:53,294 [pool-185-thread-1] INFO  server.RaftServerConfigKeys (ConfUtils.java:logGet(44)) - raft.server.rpc.timeout.max = 1200ms (custom)
2021-12-29 13:34:53,295 [pool-185-thread-1] INFO  server.RaftServerConfigKeys (ConfUtils.java:logGet(44)) - raft.server.rpc.sleep.time = 25ms (default)
2021-12-29 13:34:53,295 [pool-185-thread-1] INFO  server.RaftServerConfigKeys (ConfUtils.java:logGet(44)) - raft.server.rpc.slowness.timeout = 120s (custom)
2021-12-29 13:34:53,295 [pool-185-thread-1] INFO  server.RaftServerConfigKeys (ConfUtils.java:logGet(44)) - raft.server.leaderelection.leader.step-down.wait-time = 10s (default)
2021-12-29 13:34:53,295 [pool-185-thread-1] INFO  server.RaftServerConfigKeys (ConfUtils.java:logGet(44)) - raft.server.sleep.deviation.threshold = 300ms (default)
2021-12-29 13:34:53,295 [pool-185-thread-1] INFO  server.RaftServerConfigKeys (ConfUtils.java:logGet(44)) - raft.server.log.appender.install.snapshot.enabled = false (custom)
2021-12-29 13:34:53,295 [pool-185-thread-1] INFO  server.RaftServer$Division (ServerState.java:<init>(105)) - om1@group-C5BA1605619E: ConfigurationManager, init=-1: [om1|rpc:localhost:9872|priority:0], old=null, confs=<EMPTY_MAP>
2021-12-29 13:34:53,295 [pool-185-thread-1] INFO  server.RaftServerConfigKeys (ConfUtils.java:logGet(44)) - raft.server.storage.dir = [/home/runner/work/ozone/ozone/hadoop-ozone/integration-test/target/test-dir/MiniOzoneClusterImpl-37cf7816-8d03-4967-8f48-8c315ca58879/ozone-meta/ratis] (custom)
2021-12-29 13:34:53,295 [pool-185-thread-1] INFO  server.RaftServerConfigKeys (ConfUtils.java:logGet(44)) - raft.server.log.corruption.policy = EXCEPTION (default)
2021-12-29 13:34:53,295 [pool-185-thread-1] INFO  server.RaftServerConfigKeys (ConfUtils.java:logGet(44)) - raft.server.storage.free-space.min = 0MB (=0) (default)
2021-12-29 13:34:53,295 [pool-185-thread-1] INFO  storage.RaftStorageDirectory (RaftStorageDirectoryImpl.java:analyzeStorage(135)) - The storage directory /home/runner/work/ozone/ozone/hadoop-ozone/integration-test/target/test-dir/MiniOzoneClusterImpl-37cf7816-8d03-4967-8f48-8c315ca58879/ozone-meta/ratis/bf265839-605b-3f16-9796-c5ba1605619e does not exist. Creating ...
2021-12-29 13:34:53,296 [pool-185-thread-1] INFO  storage.RaftStorageDirectory (RaftStorageDirectoryImpl.java:tryLock(230)) - Lock on /home/runner/work/ozone/ozone/hadoop-ozone/integration-test/target/test-dir/MiniOzoneClusterImpl-37cf7816-8d03-4967-8f48-8c315ca58879/ozone-meta/ratis/bf265839-605b-3f16-9796-c5ba1605619e/in_use.lock acquired by nodename 16235@fv-az59-280
2021-12-29 13:34:53,303 [pool-185-thread-1] INFO  storage.RaftStorage (RaftStorageImpl.java:format(89)) - Storage directory /home/runner/work/ozone/ozone/hadoop-ozone/integration-test/target/test-dir/MiniOzoneClusterImpl-37cf7816-8d03-4967-8f48-8c315ca58879/ozone-meta/ratis/bf265839-605b-3f16-9796-c5ba1605619e has been successfully formatted.
2021-12-29 13:34:53,303 [pool-185-thread-1] INFO  server.RaftServerConfigKeys (ConfUtils.java:logGet(44)) - raft.server.notification.no-leader.timeout = 120s (custom)
2021-12-29 13:34:53,303 [pool-185-thread-1] INFO  server.RaftServerConfigKeys (ConfUtils.java:logGet(44)) - raft.server.log.use.memory = false (default)
2021-12-29 13:34:53,303 [pool-185-thread-1] INFO  server.RaftServerConfigKeys (ConfUtils.java:logGet(44)) - raft.server.log.purge.gap = 1000000 (custom)
2021-12-29 13:34:53,303 [pool-185-thread-1] INFO  server.RaftServerConfigKeys (ConfUtils.java:logGet(44)) - raft.server.log.appender.buffer.byte-limit = 33554432 (custom)
2021-12-29 13:34:53,304 [pool-185-thread-1] INFO  server.RaftServerConfigKeys (ConfUtils.java:logGet(44)) - raft.server.log.segment.size.max = 4194304 (custom)
2021-12-29 13:34:53,304 [pool-185-thread-1] INFO  server.RaftServerConfigKeys (ConfUtils.java:logGet(44)) - raft.server.log.segment.cache.num.max = 2 (custom)
2021-12-29 13:34:53,304 [pool-185-thread-1] INFO  server.RaftServerConfigKeys (ConfUtils.java:logGet(44)) - raft.server.log.segment.cache.size.max = 200MB (=209715200) (default)
2021-12-29 13:34:53,304 [pool-185-thread-1] INFO  segmented.SegmentedRaftLogWorker (SegmentedRaftLogWorker.java:<init>(182)) - new om1@group-C5BA1605619E-SegmentedRaftLogWorker for RaftStorageImpl:Storage Directory /home/runner/work/ozone/ozone/hadoop-ozone/integration-test/target/test-dir/MiniOzoneClusterImpl-37cf7816-8d03-4967-8f48-8c315ca58879/ozone-meta/ratis/bf265839-605b-3f16-9796-c5ba1605619e
2021-12-29 13:34:53,304 [pool-185-thread-1] INFO  server.RaftServerConfigKeys (ConfUtils.java:logGet(44)) - raft.server.log.queue.byte-limit = 64MB (=67108864) (default)
2021-12-29 13:34:53,304 [pool-185-thread-1] INFO  server.RaftServerConfigKeys (ConfUtils.java:logGet(44)) - raft.server.log.queue.element-limit = 4096 (default)
2021-12-29 13:34:53,304 [pool-185-thread-1] INFO  server.RaftServerConfigKeys (ConfUtils.java:logGet(44)) - raft.server.log.segment.size.max = 4194304 (custom)
2021-12-29 13:34:53,304 [pool-185-thread-1] INFO  server.RaftServerConfigKeys (ConfUtils.java:logGet(44)) - raft.server.log.preallocated.size = 4194304 (custom)
2021-12-29 13:34:53,304 [pool-185-thread-1] INFO  server.RaftServerConfigKeys (ConfUtils.java:logGet(44)) - raft.server.log.force.sync.num = 128 (default)
2021-12-29 13:34:53,304 [pool-185-thread-1] INFO  server.RaftServerConfigKeys (ConfUtils.java:logGet(44)) - raft.server.log.statemachine.data.sync = true (default)
2021-12-29 13:34:53,304 [pool-185-thread-1] INFO  server.RaftServerConfigKeys (ConfUtils.java:logGet(44)) - raft.server.log.statemachine.data.sync.timeout = 10s (default)
2021-12-29 13:34:53,304 [pool-185-thread-1] INFO  server.RaftServerConfigKeys (ConfUtils.java:logGet(44)) - raft.server.log.statemachine.data.sync.timeout.retry = -1 (default)
2021-12-29 13:34:53,305 [pool-185-thread-1] INFO  server.RaftServerConfigKeys (ConfUtils.java:logGet(44)) - raft.server.log.write.buffer.size = 64KB (=65536) (default)
2021-12-29 13:34:53,305 [pool-185-thread-1] INFO  server.RaftServerConfigKeys (ConfUtils.java:logGet(44)) - raft.server.log.statemachine.data.caching.enabled = false (default)
2021-12-29 13:34:53,305 [pool-185-thread-1] INFO  segmented.SegmentedRaftLogWorker (SegmentedRaftLogWorker.java:lambda$new$0(133)) - om1@group-C5BA1605619E-SegmentedRaftLogWorker: flushIndex: setUnconditionally 0 -> -1
2021-12-29 13:34:53,305 [pool-185-thread-1] INFO  segmented.SegmentedRaftLogWorker (SegmentedRaftLogWorker.java:lambda$new$0(133)) - om1@group-C5BA1605619E-SegmentedRaftLogWorker: safeCacheEvictIndex: setUnconditionally 0 -> -1
2021-12-29 13:34:53,320 [pool-185-thread-1] INFO  server.RaftServerConfigKeys (ConfUtils.java:logGet(44)) - raft.server.snapshot.auto.trigger.enabled = true (custom)
2021-12-29 13:34:53,320 [pool-185-thread-1] INFO  server.RaftServerConfigKeys (ConfUtils.java:logGet(44)) - raft.server.snapshot.auto.trigger.threshold = 400000 (default)
2021-12-29 13:34:53,320 [pool-185-thread-1] INFO  server.RaftServerConfigKeys (ConfUtils.java:logGet(44)) - raft.server.snapshot.retention.file.num = -1 (default)
2021-12-29 13:34:53,321 [pool-185-thread-1] INFO  server.RaftServerConfigKeys (ConfUtils.java:logGet(44)) - raft.server.log.purge.upto.snapshot.index = true (custom)
2021-12-29 13:34:53,321 [pool-185-thread-1] INFO  server.RaftServerConfigKeys (ConfUtils.java:logGet(44)) - raft.server.retrycache.expirytime = 300s (custom)
2021-12-29 13:34:53,321 [pool-185-thread-1] INFO  server.RaftServerConfigKeys (ConfUtils.java:logGet(44)) - raft.server.retrycache.statistics.expirytime = 100μs (default)
2021-12-29 13:34:53,329 [Listener at 127.0.0.1/35453] INFO  impl.MetricsSystemImpl (MetricsSystemImpl.java:init(158)) - OzoneManager metrics system started (again)
2021-12-29 13:34:53,358 [Listener at 127.0.0.1/35453] INFO  om.OzoneManager (OzoneManager.java:start(1365)) - OzoneManager RPC server is listening at localhost/127.0.0.1:35453
2021-12-29 13:34:53,358 [Listener at 127.0.0.1/35453] INFO  ratis.OzoneManagerRatisServer (OzoneManagerRatisServer.java:start(554)) - Starting OzoneManagerRatisServer om1 at port 9872
2021-12-29 13:34:53,359 [Listener at 127.0.0.1/35453] INFO  server.RaftServer$Division (RaftServerImpl.java:start(301)) - om1@group-C5BA1605619E: start as a follower, conf=-1: [om1|rpc:localhost:9872|priority:0], old=null
2021-12-29 13:34:53,359 [Listener at 127.0.0.1/35453] INFO  server.RaftServer$Division (RaftServerImpl.java:setRole(290)) - om1@group-C5BA1605619E: changes role from      null to FOLLOWER at term 0 for startAsFollower
2021-12-29 13:34:53,359 [Listener at 127.0.0.1/35453] INFO  impl.RoleInfo (RoleInfo.java:updateAndGet(130)) - om1: start om1@group-C5BA1605619E-FollowerState
2021-12-29 13:34:53,360 [Listener at 127.0.0.1/35453] INFO  util.JmxRegister (JmxRegister.java:tryRegister(44)) - Successfully registered JMX Bean with object name Ratis:service=RaftServer,group=group-C5BA1605619E,id=om1
2021-12-29 13:34:53,381 [Listener at 127.0.0.1/35453] INFO  server.RaftServer (RaftServerProxy.java:lambda$start$5(374)) - om1: start RPC server
2021-12-29 13:34:53,390 [Listener at 127.0.0.1/35453] INFO  server.GrpcService (GrpcService.java:startImpl(253)) - om1: GrpcService started, listening on 9872
2021-12-29 13:34:53,410 [Listener at 127.0.0.1/35453] INFO  om.OzoneManager (OzoneManager.java:start(1381)) - Version File has different layout version (0) than OM DB (null). That is expected if this OM has never been finalized to a newer layout version.
2021-12-29 13:34:53,418 [org.apache.ratis.util.JvmPauseMonitor$$Lambda$528/1712405372@e6fa52c] INFO  util.JvmPauseMonitor (JvmPauseMonitor.java:run(103)) - JvmPauseMonitor-om1: Started
2021-12-29 13:34:53,443 [Listener at 127.0.0.1/35453] INFO  http.BaseHttpServer (BaseHttpServer.java:newHttpServer2BuilderForOzone(209)) - Starting Web-server for ozoneManager at: http://0.0.0.0:0
2021-12-29 13:34:53,443 [Listener at 127.0.0.1/35453] INFO  http.BaseHttpServer (BaseHttpServer.java:<init>(107)) - Hadoop Security Enabled: false Ozone Security Enabled: false Ozone HTTP Security Enabled: false 
2021-12-29 13:34:53,444 [Listener at 127.0.0.1/35453] INFO  server.AuthenticationFilter (AuthenticationFilter.java:constructSecretProvider(240)) - Unable to initialize FileSignerSecretProvider, falling back to use random secrets.
2021-12-29 13:34:53,458 [Listener at 127.0.0.1/35453] WARN  http.HttpRequestLog (HttpRequestLog.java:getRequestLog(103)) - Jetty request log can only be enabled using Log4j
2021-12-29 13:34:53,460 [Listener at 127.0.0.1/35453] INFO  http.HttpServer2 (HttpServer2.java:addGlobalFilter(1030)) - Added global filter 'safety' (class=org.apache.hadoop.hdds.server.http.HttpServer2$QuotingInputFilter)
2021-12-29 13:34:53,460 [Listener at 127.0.0.1/35453] INFO  http.HttpServer2 (HttpServer2.java:addFilter(1006)) - Added filter static_user_filter (class=org.apache.hadoop.http.lib.StaticUserWebFilter$StaticUserFilter) to context ozoneManager
2021-12-29 13:34:53,461 [Listener at 127.0.0.1/35453] INFO  http.HttpServer2 (HttpServer2.java:addFilter(1014)) - Added filter static_user_filter (class=org.apache.hadoop.http.lib.StaticUserWebFilter$StaticUserFilter) to context logs
2021-12-29 13:34:53,461 [Listener at 127.0.0.1/35453] INFO  http.HttpServer2 (HttpServer2.java:addFilter(1014)) - Added filter static_user_filter (class=org.apache.hadoop.http.lib.StaticUserWebFilter$StaticUserFilter) to context static
2021-12-29 13:34:53,461 [Listener at 127.0.0.1/35453] INFO  http.HttpServer2 (HttpServer2.java:bindListener(1249)) - Jetty bound to port 46667
2021-12-29 13:34:53,461 [Listener at 127.0.0.1/35453] INFO  server.Server (Server.java:doStart(375)) - jetty-9.4.43.v20210629; built: 2021-06-30T11:07:22.254Z; git: 526006ecfa3af7f1a27ef3a288e2bef7ea9dd7e8; jvm 1.8.0_292-b10
2021-12-29 13:34:53,498 [Listener at 127.0.0.1/35453] INFO  server.session (DefaultSessionIdManager.java:doStart(334)) - DefaultSessionIdManager workerName=node0
2021-12-29 13:34:53,498 [Listener at 127.0.0.1/35453] INFO  server.session (DefaultSessionIdManager.java:doStart(339)) - No SessionScavenger set, using defaults
2021-12-29 13:34:53,498 [Listener at 127.0.0.1/35453] INFO  server.session (HouseKeeper.java:startScavenging(132)) - node0 Scavenging every 660000ms
2021-12-29 13:34:53,506 [Listener at 127.0.0.1/35453] INFO  handler.ContextHandler (ContextHandler.java:doStart(915)) - Started o.e.j.s.ServletContextHandler@624b0e1b{logs,/logs,file:///home/runner/work/ozone/ozone/hadoop-ozone/integration-test/target/log,AVAILABLE}
2021-12-29 13:34:53,507 [Listener at 127.0.0.1/35453] INFO  handler.ContextHandler (ContextHandler.java:doStart(915)) - Started o.e.j.s.ServletContextHandler@4b9eea40{static,/static,file:///home/runner/work/ozone/ozone/hadoop-ozone/integration-test/target/test-classes/webapps/static,AVAILABLE}
2021-12-29 13:34:53,510 [Listener at 127.0.0.1/35453] INFO  handler.ContextHandler (ContextHandler.java:doStart(915)) - Started o.e.j.w.WebAppContext@2cc83ee8{ozoneManager,/,file:///home/runner/work/ozone/ozone/hadoop-ozone/integration-test/target/test-classes/webapps/ozoneManager/,AVAILABLE}{file:/home/runner/work/ozone/ozone/hadoop-ozone/integration-test/target/test-classes/webapps/ozoneManager}
2021-12-29 13:34:53,511 [Listener at 127.0.0.1/35453] INFO  server.AbstractConnector (AbstractConnector.java:doStart(331)) - Started ServerConnector@64eb79d{HTTP/1.1, (http/1.1)}{0.0.0.0:46667}
2021-12-29 13:34:53,511 [Listener at 127.0.0.1/35453] INFO  server.Server (Server.java:doStart(415)) - Started @57038ms
2021-12-29 13:34:53,511 [Listener at 127.0.0.1/35453] WARN  impl.MetricsSystemImpl (MetricsSystemImpl.java:register(279)) - Sink prometheus already exists!
2021-12-29 13:34:53,512 [Listener at 127.0.0.1/35453] INFO  http.BaseHttpServer (BaseHttpServer.java:updateConnectorAddress(329)) - HTTP server of ozoneManager listening at http://0.0.0.0:46667
2021-12-29 13:34:53,521 [IPC Server Responder] INFO  ipc.Server (Server.java:run(1507)) - IPC Server Responder: starting
2021-12-29 13:34:53,526 [IPC Server listener on 0] INFO  ipc.Server (Server.java:run(1344)) - IPC Server listener on 0: starting
2021-12-29 13:34:53,625 [Listener at 127.0.0.1/35453] INFO  om.TrashPolicyOzone (TrashPolicyOzone.java:<init>(178)) - Ozone Manager trash configuration: Deletion interval = 0 minutes, Emptier interval = 0 minutes.
2021-12-29 13:34:53,707 [Listener at 127.0.0.1/35453] WARN  impl.MetricRegistriesImpl (MetricRegistriesImpl.java:addReporterRegistration(111)) - New reporters are added after registries were created. Some metrics will be missing from the reporter. Please add reporter before adding any new registry.
2021-12-29 13:34:53,708 [Listener at 127.0.0.1/35453] WARN  impl.MetricRegistriesImpl (MetricRegistriesImpl.java:addReporterRegistration(111)) - New reporters are added after registries were created. Some metrics will be missing from the reporter. Please add reporter before adding any new registry.
2021-12-29 13:34:53,708 [Listener at 127.0.0.1/35453] INFO  impl.MetricsSystemImpl (MetricsSystemImpl.java:init(158)) - HddsDatanode metrics system started (again)
2021-12-29 13:34:53,708 [org.apache.hadoop.util.JvmPauseMonitor$Monitor@4f16f68d] INFO  util.JvmPauseMonitor (JvmPauseMonitor.java:run(188)) - Starting JVM pause monitor
2021-12-29 13:34:53,734 [Listener at 127.0.0.1/35453] INFO  ozone.HddsDatanodeService (HddsDatanodeService.java:start(234)) - HddsDatanodeService host:fv-az59-280.csjynl4pkq3e1pkirw3ssqjfoh.cx.internal.cloudapp.net ip:10.1.0.26
2021-12-29 13:34:53,773 [Listener at 127.0.0.1/35453] INFO  upgrade.AbstractLayoutVersionManager (AbstractLayoutVersionManager.java:init(79)) - Initializing Layout version manager with metadata layout = SCM_HA (version = 2), software layout = SCM_HA (version = 2)
2021-12-29 13:34:53,862 [Listener at 127.0.0.1/35453] INFO  reflections.Reflections (Reflections.java:scan(232)) - Reflections took 87 ms to scan 7 urls, producing 119 keys and 279 values 
2021-12-29 13:34:53,872 [Listener at 127.0.0.1/35453] INFO  statemachine.DatanodeStateMachine (DatanodeStateMachine.java:getEndPointTaskThreadPoolSize(219)) - Datanode State Machine Task Thread Pool size 2
2021-12-29 13:34:53,887 [Listener at 127.0.0.1/35453] INFO  volume.HddsVolume (HddsVolume.java:<init>(120)) - Creating HddsVolume: /home/runner/work/ozone/ozone/hadoop-ozone/integration-test/target/test-dir/MiniOzoneClusterImpl-37cf7816-8d03-4967-8f48-8c315ca58879/datanode-0/data-0/containers/hdds of storage type : DISK capacity : 9223372036854775807
2021-12-29 13:34:53,887 [Listener at 127.0.0.1/35453] INFO  volume.MutableVolumeSet (MutableVolumeSet.java:initializeVolumeSet(168)) - Added Volume : /home/runner/work/ozone/ozone/hadoop-ozone/integration-test/target/test-dir/MiniOzoneClusterImpl-37cf7816-8d03-4967-8f48-8c315ca58879/datanode-0/data-0/containers/hdds to VolumeSet
2021-12-29 13:34:53,887 [Listener at 127.0.0.1/35453] INFO  volume.ThrottledAsyncChecker (ThrottledAsyncChecker.java:schedule(141)) - Scheduling a check for /home/runner/work/ozone/ozone/hadoop-ozone/integration-test/target/test-dir/MiniOzoneClusterImpl-37cf7816-8d03-4967-8f48-8c315ca58879/datanode-0/data-0/containers/hdds
2021-12-29 13:34:53,914 [Listener at 127.0.0.1/35453] INFO  volume.StorageVolumeChecker (StorageVolumeChecker.java:checkAllVolumes(202)) - Scheduled health check for volume /home/runner/work/ozone/ozone/hadoop-ozone/integration-test/target/test-dir/MiniOzoneClusterImpl-37cf7816-8d03-4967-8f48-8c315ca58879/datanode-0/data-0/containers/hdds
2021-12-29 13:34:53,936 [Listener at 127.0.0.1/35453] INFO  volume.MutableVolumeSet (MutableVolumeSet.java:initializeVolumeSet(168)) - Added Volume : /home/runner/work/ozone/ozone/hadoop-ozone/integration-test/target/test-dir/MiniOzoneClusterImpl-37cf7816-8d03-4967-8f48-8c315ca58879/datanode-0/data/ratis to VolumeSet
2021-12-29 13:34:53,936 [Listener at 127.0.0.1/35453] INFO  volume.ThrottledAsyncChecker (ThrottledAsyncChecker.java:schedule(141)) - Scheduling a check for /home/runner/work/ozone/ozone/hadoop-ozone/integration-test/target/test-dir/MiniOzoneClusterImpl-37cf7816-8d03-4967-8f48-8c315ca58879/datanode-0/data/ratis
2021-12-29 13:34:53,936 [Listener at 127.0.0.1/35453] INFO  volume.StorageVolumeChecker (StorageVolumeChecker.java:checkAllVolumes(202)) - Scheduled health check for volume /home/runner/work/ozone/ozone/hadoop-ozone/integration-test/target/test-dir/MiniOzoneClusterImpl-37cf7816-8d03-4967-8f48-8c315ca58879/datanode-0/data/ratis
2021-12-29 13:34:54,004 [Thread-505] INFO  ozoneimpl.ContainerReader (ContainerReader.java:readVolume(172)) - Finish verifying containers on volume /home/runner/work/ozone/ozone/hadoop-ozone/integration-test/target/test-dir/MiniOzoneClusterImpl-37cf7816-8d03-4967-8f48-8c315ca58879/datanode-0/data-0/containers/hdds
2021-12-29 13:34:54,005 [Listener at 127.0.0.1/35453] INFO  ozoneimpl.OzoneContainer (OzoneContainer.java:buildContainerSet(237)) - Build ContainerSet costs 0s
2021-12-29 13:34:54,010 [Listener at 127.0.0.1/35453] INFO  server.RaftServer (ConfUtils.java:logGet(44)) - raft.rpc.type = GRPC (default)
2021-12-29 13:34:54,010 [Listener at 127.0.0.1/35453] INFO  grpc.GrpcFactory (GrpcFactory.java:checkPooledByteBufAllocatorUseCacheForAllThreads(48)) - PERFORMANCE WARNING: useCacheForAllThreads is true that may cause Netty to create a lot garbage objects and, as a result, trigger GC.
	It is recommended to disable useCacheForAllThreads by setting -Dorg.apache.ratis.thirdparty.io.netty.allocator.useCacheForAllThreads=false in command line.
2021-12-29 13:34:54,010 [Listener at 127.0.0.1/35453] INFO  grpc.GrpcConfigKeys (ConfUtils.java:logGet(44)) - raft.grpc.admin.port = 0 (custom)
2021-12-29 13:34:54,011 [Listener at 127.0.0.1/35453] INFO  grpc.GrpcConfigKeys (ConfUtils.java:logGet(44)) - raft.grpc.client.port = 0 (custom)
2021-12-29 13:34:54,011 [Listener at 127.0.0.1/35453] INFO  grpc.GrpcConfigKeys (ConfUtils.java:logGet(44)) - raft.grpc.server.port = 0 (default)
2021-12-29 13:34:54,011 [Listener at 127.0.0.1/35453] INFO  server.GrpcService (ConfUtils.java:logGet(44)) - raft.grpc.message.size.max = 32MB (=33554432) (custom)
2021-12-29 13:34:54,011 [Listener at 127.0.0.1/35453] INFO  server.RaftServerConfigKeys (ConfUtils.java:logGet(44)) - raft.server.log.appender.buffer.byte-limit = 33554432 (custom)
2021-12-29 13:34:54,011 [Listener at 127.0.0.1/35453] INFO  server.GrpcService (ConfUtils.java:logGet(44)) - raft.grpc.flow.control.window = 5MB (=5242880) (custom)
2021-12-29 13:34:54,011 [Listener at 127.0.0.1/35453] INFO  server.RaftServerConfigKeys (ConfUtils.java:logGet(44)) - raft.server.rpc.request.timeout = 60s (custom)
2021-12-29 13:34:54,012 [Listener at 127.0.0.1/35453] INFO  impl.DataStreamServerImpl (ConfUtils.java:logGet(44)) - raft.datastream.type = DISABLED (default)
2021-12-29 13:34:54,012 [Listener at 127.0.0.1/35453] INFO  server.RaftServerConfigKeys (ConfUtils.java:logGet(44)) - raft.server.rpc.slowness.timeout = 300s (custom)
2021-12-29 13:34:54,012 [Listener at 127.0.0.1/35453] INFO  server.RaftServerConfigKeys (ConfUtils.java:logGet(44)) - raft.server.leaderelection.leader.step-down.wait-time = 10s (default)
2021-12-29 13:34:54,013 [Listener at 127.0.0.1/35453] INFO  server.RaftServerConfigKeys (ConfUtils.java:logGet(44)) - raft.server.storage.dir = [/home/runner/work/ozone/ozone/hadoop-ozone/integration-test/target/test-dir/MiniOzoneClusterImpl-37cf7816-8d03-4967-8f48-8c315ca58879/datanode-0/data/ratis] (custom)
2021-12-29 13:34:54,014 [Listener at 127.0.0.1/35453] INFO  server.XceiverServerGrpc (XceiverServerGrpc.java:<init>(132)) - GrpcServer channel type EpollServerSocketChannel
2021-12-29 13:34:54,031 [Listener at 127.0.0.1/35453] INFO  http.BaseHttpServer (BaseHttpServer.java:newHttpServer2BuilderForOzone(209)) - Starting Web-server for hddsDatanode at: http://0.0.0.0:0
2021-12-29 13:34:54,034 [Listener at 127.0.0.1/35453] INFO  http.BaseHttpServer (BaseHttpServer.java:<init>(107)) - Hadoop Security Enabled: false Ozone Security Enabled: false Ozone HTTP Security Enabled: false 
2021-12-29 13:34:54,039 [Listener at 127.0.0.1/35453] INFO  server.AuthenticationFilter (AuthenticationFilter.java:constructSecretProvider(240)) - Unable to initialize FileSignerSecretProvider, falling back to use random secrets.
2021-12-29 13:34:54,046 [Listener at 127.0.0.1/35453] WARN  http.HttpRequestLog (HttpRequestLog.java:getRequestLog(103)) - Jetty request log can only be enabled using Log4j
2021-12-29 13:34:54,047 [Listener at 127.0.0.1/35453] INFO  http.HttpServer2 (HttpServer2.java:addGlobalFilter(1030)) - Added global filter 'safety' (class=org.apache.hadoop.hdds.server.http.HttpServer2$QuotingInputFilter)
2021-12-29 13:34:54,047 [Listener at 127.0.0.1/35453] INFO  http.HttpServer2 (HttpServer2.java:addFilter(1006)) - Added filter static_user_filter (class=org.apache.hadoop.http.lib.StaticUserWebFilter$StaticUserFilter) to context hddsDatanode
2021-12-29 13:34:54,048 [Listener at 127.0.0.1/35453] INFO  http.HttpServer2 (HttpServer2.java:addFilter(1014)) - Added filter static_user_filter (class=org.apache.hadoop.http.lib.StaticUserWebFilter$StaticUserFilter) to context logs
2021-12-29 13:34:54,048 [Listener at 127.0.0.1/35453] INFO  http.HttpServer2 (HttpServer2.java:addFilter(1014)) - Added filter static_user_filter (class=org.apache.hadoop.http.lib.StaticUserWebFilter$StaticUserFilter) to context static
2021-12-29 13:34:54,048 [Listener at 127.0.0.1/35453] INFO  http.HttpServer2 (HttpServer2.java:bindListener(1249)) - Jetty bound to port 39629
2021-12-29 13:34:54,048 [Listener at 127.0.0.1/35453] INFO  server.Server (Server.java:doStart(375)) - jetty-9.4.43.v20210629; built: 2021-06-30T11:07:22.254Z; git: 526006ecfa3af7f1a27ef3a288e2bef7ea9dd7e8; jvm 1.8.0_292-b10
2021-12-29 13:34:54,106 [Listener at 127.0.0.1/35453] INFO  server.session (DefaultSessionIdManager.java:doStart(334)) - DefaultSessionIdManager workerName=node0
2021-12-29 13:34:54,106 [Listener at 127.0.0.1/35453] INFO  server.session (DefaultSessionIdManager.java:doStart(339)) - No SessionScavenger set, using defaults
2021-12-29 13:34:54,107 [Listener at 127.0.0.1/35453] INFO  server.session (HouseKeeper.java:startScavenging(132)) - node0 Scavenging every 660000ms
2021-12-29 13:34:54,110 [Listener at 127.0.0.1/35453] INFO  handler.ContextHandler (ContextHandler.java:doStart(915)) - Started o.e.j.s.ServletContextHandler@36fc61b{logs,/logs,file:///home/runner/work/ozone/ozone/hadoop-ozone/integration-test/target/log,AVAILABLE}
2021-12-29 13:34:54,111 [Listener at 127.0.0.1/35453] INFO  handler.ContextHandler (ContextHandler.java:doStart(915)) - Started o.e.j.s.ServletContextHandler@3b621547{static,/static,jar:file:/home/runner/.m2/repository/org/apache/ozone/hdds-container-service/1.3.0-SNAPSHOT/hdds-container-service-1.3.0-SNAPSHOT.jar!/webapps/static,AVAILABLE}
2021-12-29 13:34:54,211 [Listener at 127.0.0.1/35453] INFO  handler.ContextHandler (ContextHandler.java:doStart(915)) - Started o.e.j.w.WebAppContext@71577b6b{hddsDatanode,/,file:///tmp/jetty-0_0_0_0-39629-hdds-container-service-1_3_0-SNAPSHOT_jar-_-any-553390045534882708/webapp/,AVAILABLE}{jar:file:/home/runner/.m2/repository/org/apache/ozone/hdds-container-service/1.3.0-SNAPSHOT/hdds-container-service-1.3.0-SNAPSHOT.jar!/webapps/hddsDatanode}
2021-12-29 13:34:54,214 [Listener at 127.0.0.1/35453] INFO  server.AbstractConnector (AbstractConnector.java:doStart(331)) - Started ServerConnector@480318c2{HTTP/1.1, (http/1.1)}{0.0.0.0:39629}
2021-12-29 13:34:54,214 [Listener at 127.0.0.1/35453] INFO  server.Server (Server.java:doStart(415)) - Started @57741ms
2021-12-29 13:34:54,215 [Listener at 127.0.0.1/35453] WARN  impl.MetricsSystemImpl (MetricsSystemImpl.java:register(279)) - Sink prometheus already exists!
2021-12-29 13:34:54,215 [Listener at 127.0.0.1/35453] INFO  http.BaseHttpServer (BaseHttpServer.java:updateConnectorAddress(329)) - HTTP server of hddsDatanode listening at http://0.0.0.0:39629
2021-12-29 13:34:54,222 [Listener at 127.0.0.1/35453] WARN  impl.MetricRegistriesImpl (MetricRegistriesImpl.java:addReporterRegistration(111)) - New reporters are added after registries were created. Some metrics will be missing from the reporter. Please add reporter before adding any new registry.
2021-12-29 13:34:54,223 [Listener at 127.0.0.1/35453] WARN  impl.MetricRegistriesImpl (MetricRegistriesImpl.java:addReporterRegistration(111)) - New reporters are added after registries were created. Some metrics will be missing from the reporter. Please add reporter before adding any new registry.
2021-12-29 13:34:54,223 [Listener at 127.0.0.1/35453] INFO  impl.MetricsSystemImpl (MetricsSystemImpl.java:init(158)) - HddsDatanode metrics system started (again)
2021-12-29 13:34:54,234 [Datanode State Machine Daemon Thread] INFO  statemachine.DatanodeStateMachine (DatanodeStateMachine.java:lambda$startDaemon$0(467)) - Ozone container server started.
2021-12-29 13:34:54,266 [org.apache.hadoop.util.JvmPauseMonitor$Monitor@7af87de5] INFO  util.JvmPauseMonitor (JvmPauseMonitor.java:run(188)) - Starting JVM pause monitor
2021-12-29 13:34:54,275 [Datanode State Machine Task Thread - 0] INFO  datanode.InitDatanodeState (InitDatanodeState.java:persistContainerDatanodeDetails(145)) - DatanodeDetails is persisted to /home/runner/work/ozone/ozone/hadoop-ozone/integration-test/target/test-dir/MiniOzoneClusterImpl-37cf7816-8d03-4967-8f48-8c315ca58879/datanode-0/meta/datanode.id
2021-12-29 13:34:54,276 [Listener at 127.0.0.1/35453] INFO  ozone.HddsDatanodeService (HddsDatanodeService.java:start(234)) - HddsDatanodeService host:fv-az59-280.csjynl4pkq3e1pkirw3ssqjfoh.cx.internal.cloudapp.net ip:10.1.0.26
2021-12-29 13:34:54,317 [Listener at 127.0.0.1/35453] INFO  upgrade.AbstractLayoutVersionManager (AbstractLayoutVersionManager.java:init(79)) - Initializing Layout version manager with metadata layout = SCM_HA (version = 2), software layout = SCM_HA (version = 2)
2021-12-29 13:34:54,440 [Listener at 127.0.0.1/35453] INFO  reflections.Reflections (Reflections.java:scan(232)) - Reflections took 114 ms to scan 7 urls, producing 119 keys and 279 values 
2021-12-29 13:34:54,441 [Listener at 127.0.0.1/35453] INFO  statemachine.DatanodeStateMachine (DatanodeStateMachine.java:getEndPointTaskThreadPoolSize(219)) - Datanode State Machine Task Thread Pool size 2
2021-12-29 13:34:54,448 [om1@group-C5BA1605619E-FollowerState] INFO  impl.FollowerState (FollowerState.java:run(134)) - om1@group-C5BA1605619E-FollowerState: change to CANDIDATE, lastRpcElapsedTime:1089203226ns, electionTimeout:1058ms
2021-12-29 13:34:54,448 [om1@group-C5BA1605619E-FollowerState] INFO  impl.RoleInfo (RoleInfo.java:shutdownFollowerState(108)) - om1: shutdown om1@group-C5BA1605619E-FollowerState
2021-12-29 13:34:54,448 [om1@group-C5BA1605619E-FollowerState] INFO  server.RaftServer$Division (RaftServerImpl.java:setRole(290)) - om1@group-C5BA1605619E: changes role from  FOLLOWER to CANDIDATE at term 0 for changeToCandidate
2021-12-29 13:34:54,455 [Listener at 127.0.0.1/35453] INFO  volume.HddsVolume (HddsVolume.java:<init>(120)) - Creating HddsVolume: /home/runner/work/ozone/ozone/hadoop-ozone/integration-test/target/test-dir/MiniOzoneClusterImpl-37cf7816-8d03-4967-8f48-8c315ca58879/datanode-1/data-0/containers/hdds of storage type : DISK capacity : 9223372036854775807
2021-12-29 13:34:54,456 [Listener at 127.0.0.1/35453] INFO  volume.MutableVolumeSet (MutableVolumeSet.java:initializeVolumeSet(168)) - Added Volume : /home/runner/work/ozone/ozone/hadoop-ozone/integration-test/target/test-dir/MiniOzoneClusterImpl-37cf7816-8d03-4967-8f48-8c315ca58879/datanode-1/data-0/containers/hdds to VolumeSet
2021-12-29 13:34:54,456 [om1@group-C5BA1605619E-FollowerState] INFO  server.RaftServerConfigKeys (ConfUtils.java:logGet(44)) - raft.server.leaderelection.pre-vote = false (custom)
2021-12-29 13:34:54,456 [om1@group-C5BA1605619E-FollowerState] INFO  impl.RoleInfo (RoleInfo.java:updateAndGet(130)) - om1: start om1@group-C5BA1605619E-LeaderElection10
2021-12-29 13:34:54,456 [Listener at 127.0.0.1/35453] INFO  volume.ThrottledAsyncChecker (ThrottledAsyncChecker.java:schedule(141)) - Scheduling a check for /home/runner/work/ozone/ozone/hadoop-ozone/integration-test/target/test-dir/MiniOzoneClusterImpl-37cf7816-8d03-4967-8f48-8c315ca58879/datanode-1/data-0/containers/hdds
2021-12-29 13:34:54,463 [Listener at 127.0.0.1/35453] INFO  volume.StorageVolumeChecker (StorageVolumeChecker.java:checkAllVolumes(202)) - Scheduled health check for volume /home/runner/work/ozone/ozone/hadoop-ozone/integration-test/target/test-dir/MiniOzoneClusterImpl-37cf7816-8d03-4967-8f48-8c315ca58879/datanode-1/data-0/containers/hdds
2021-12-29 13:34:54,484 [om1@group-C5BA1605619E-LeaderElection10] INFO  impl.LeaderElection (LeaderElection.java:askForVotes(306)) - om1@group-C5BA1605619E-LeaderElection10 ELECTION round 0: submit vote requests at term 1 for -1: [om1|rpc:localhost:9872|priority:0], old=null
2021-12-29 13:34:54,484 [om1@group-C5BA1605619E-LeaderElection10] INFO  impl.LeaderElection (LeaderElection.java:askForVotes(308)) - om1@group-C5BA1605619E-LeaderElection10 ELECTION round 0: result PASSED (term=1)
2021-12-29 13:34:54,484 [om1@group-C5BA1605619E-LeaderElection10] INFO  impl.RoleInfo (RoleInfo.java:shutdownLeaderElection(121)) - om1: shutdown om1@group-C5BA1605619E-LeaderElection10
2021-12-29 13:34:54,484 [om1@group-C5BA1605619E-LeaderElection10] INFO  server.RaftServer$Division (RaftServerImpl.java:setRole(290)) - om1@group-C5BA1605619E: changes role from CANDIDATE to LEADER at term 1 for changeToLeader
2021-12-29 13:34:54,484 [om1@group-C5BA1605619E-LeaderElection10] INFO  server.RaftServer$Division (ServerState.java:setLeader(285)) - om1@group-C5BA1605619E: change Leader from null to om1 at term 1 for becomeLeader, leader elected after 1180ms
2021-12-29 13:34:54,484 [om1@group-C5BA1605619E-LeaderElection10] INFO  server.RaftServerConfigKeys (ConfUtils.java:logGet(44)) - raft.server.staging.catchup.gap = 1000 (default)
2021-12-29 13:34:54,484 [om1@group-C5BA1605619E-LeaderElection10] INFO  server.RaftServerConfigKeys (ConfUtils.java:logGet(44)) - raft.server.write.element-limit = 4096 (default)
2021-12-29 13:34:54,484 [om1@group-C5BA1605619E-LeaderElection10] INFO  server.RaftServerConfigKeys (ConfUtils.java:logGet(44)) - raft.server.write.byte-limit = 64MB (=67108864) (default)
2021-12-29 13:34:54,484 [om1@group-C5BA1605619E-LeaderElection10] INFO  server.RaftServerConfigKeys (ConfUtils.java:logGet(44)) - raft.server.watch.timeout = 10s (default)
2021-12-29 13:34:54,484 [om1@group-C5BA1605619E-LeaderElection10] INFO  server.RaftServerConfigKeys (ConfUtils.java:logGet(44)) - raft.server.watch.timeout.denomination = 1s (default)
2021-12-29 13:34:54,484 [om1@group-C5BA1605619E-LeaderElection10] INFO  server.RaftServerConfigKeys (ConfUtils.java:logGet(44)) - raft.server.watch.element-limit = 65536 (default)
2021-12-29 13:34:54,485 [om1@group-C5BA1605619E-LeaderElection10] INFO  server.RaftServerConfigKeys (ConfUtils.java:logGet(44)) - raft.server.write.element-limit = 4096 (default)
2021-12-29 13:34:54,485 [om1@group-C5BA1605619E-LeaderElection10] INFO  server.RaftServerConfigKeys (ConfUtils.java:logGet(44)) - raft.server.write.follower.gap.ratio.max = -1.0 (default)
2021-12-29 13:34:54,485 [om1@group-C5BA1605619E-LeaderElection10] INFO  impl.RoleInfo (RoleInfo.java:updateAndGet(130)) - om1: start om1@group-C5BA1605619E-LeaderStateImpl
2021-12-29 13:34:54,485 [om1@group-C5BA1605619E-LeaderElection10] INFO  segmented.SegmentedRaftLogWorker (SegmentedRaftLogWorker.java:startLogSegment(394)) - om1@group-C5BA1605619E-SegmentedRaftLogWorker: Starting segment from index:0
2021-12-29 13:34:54,496 [om1@group-C5BA1605619E-SegmentedRaftLogWorker] INFO  segmented.SegmentedRaftLogWorker (SegmentedRaftLogWorker.java:execute(601)) - om1@group-C5BA1605619E-SegmentedRaftLogWorker: created new log segment /home/runner/work/ozone/ozone/hadoop-ozone/integration-test/target/test-dir/MiniOzoneClusterImpl-37cf7816-8d03-4967-8f48-8c315ca58879/ozone-meta/ratis/bf265839-605b-3f16-9796-c5ba1605619e/current/log_inprogress_0
2021-12-29 13:34:54,510 [om1@group-C5BA1605619E-LeaderElection10] INFO  server.RaftServer$Division (ServerState.java:setRaftConf(387)) - om1@group-C5BA1605619E: set configuration 0: [om1|rpc:localhost:9872|admin:|client:|dataStream:|priority:0], old=null
2021-12-29 13:34:54,529 [om1@group-C5BA1605619E-StateMachineUpdater] INFO  ratis.OzoneManagerStateMachine (OzoneManagerStateMachine.java:notifyConfigurationChanged(188)) - Received Configuration change notification from Ratis. New Peer list:
[id: "om1"
address: "localhost:9872"
]
2021-12-29 13:34:54,529 [Listener at 127.0.0.1/35453] INFO  volume.MutableVolumeSet (MutableVolumeSet.java:initializeVolumeSet(168)) - Added Volume : /home/runner/work/ozone/ozone/hadoop-ozone/integration-test/target/test-dir/MiniOzoneClusterImpl-37cf7816-8d03-4967-8f48-8c315ca58879/datanode-1/data/ratis to VolumeSet
2021-12-29 13:34:54,534 [Listener at 127.0.0.1/35453] INFO  volume.ThrottledAsyncChecker (ThrottledAsyncChecker.java:schedule(141)) - Scheduling a check for /home/runner/work/ozone/ozone/hadoop-ozone/integration-test/target/test-dir/MiniOzoneClusterImpl-37cf7816-8d03-4967-8f48-8c315ca58879/datanode-1/data/ratis
2021-12-29 13:34:54,534 [Listener at 127.0.0.1/35453] INFO  volume.StorageVolumeChecker (StorageVolumeChecker.java:checkAllVolumes(202)) - Scheduled health check for volume /home/runner/work/ozone/ozone/hadoop-ozone/integration-test/target/test-dir/MiniOzoneClusterImpl-37cf7816-8d03-4967-8f48-8c315ca58879/datanode-1/data/ratis
2021-12-29 13:34:54,582 [Thread-519] INFO  ozoneimpl.ContainerReader (ContainerReader.java:readVolume(172)) - Finish verifying containers on volume /home/runner/work/ozone/ozone/hadoop-ozone/integration-test/target/test-dir/MiniOzoneClusterImpl-37cf7816-8d03-4967-8f48-8c315ca58879/datanode-1/data-0/containers/hdds
2021-12-29 13:34:54,582 [Listener at 127.0.0.1/35453] INFO  ozoneimpl.OzoneContainer (OzoneContainer.java:buildContainerSet(237)) - Build ContainerSet costs 0s
2021-12-29 13:34:54,584 [Listener at 127.0.0.1/35453] INFO  server.RaftServer (ConfUtils.java:logGet(44)) - raft.rpc.type = GRPC (default)
2021-12-29 13:34:54,584 [Listener at 127.0.0.1/35453] INFO  grpc.GrpcFactory (GrpcFactory.java:checkPooledByteBufAllocatorUseCacheForAllThreads(48)) - PERFORMANCE WARNING: useCacheForAllThreads is true that may cause Netty to create a lot garbage objects and, as a result, trigger GC.
	It is recommended to disable useCacheForAllThreads by setting -Dorg.apache.ratis.thirdparty.io.netty.allocator.useCacheForAllThreads=false in command line.
2021-12-29 13:34:54,585 [Listener at 127.0.0.1/35453] INFO  grpc.GrpcConfigKeys (ConfUtils.java:logGet(44)) - raft.grpc.admin.port = 0 (custom)
2021-12-29 13:34:54,585 [Listener at 127.0.0.1/35453] INFO  grpc.GrpcConfigKeys (ConfUtils.java:logGet(44)) - raft.grpc.client.port = 0 (custom)
2021-12-29 13:34:54,585 [Listener at 127.0.0.1/35453] INFO  grpc.GrpcConfigKeys (ConfUtils.java:logGet(44)) - raft.grpc.server.port = 0 (default)
2021-12-29 13:34:54,585 [Listener at 127.0.0.1/35453] INFO  server.GrpcService (ConfUtils.java:logGet(44)) - raft.grpc.message.size.max = 32MB (=33554432) (custom)
2021-12-29 13:34:54,585 [Listener at 127.0.0.1/35453] INFO  server.RaftServerConfigKeys (ConfUtils.java:logGet(44)) - raft.server.log.appender.buffer.byte-limit = 33554432 (custom)
2021-12-29 13:34:54,585 [Listener at 127.0.0.1/35453] INFO  server.GrpcService (ConfUtils.java:logGet(44)) - raft.grpc.flow.control.window = 5MB (=5242880) (custom)
2021-12-29 13:34:54,585 [Listener at 127.0.0.1/35453] INFO  server.RaftServerConfigKeys (ConfUtils.java:logGet(44)) - raft.server.rpc.request.timeout = 60s (custom)
2021-12-29 13:34:54,586 [Listener at 127.0.0.1/35453] INFO  impl.DataStreamServerImpl (ConfUtils.java:logGet(44)) - raft.datastream.type = DISABLED (default)
2021-12-29 13:34:54,587 [Listener at 127.0.0.1/35453] INFO  server.RaftServerConfigKeys (ConfUtils.java:logGet(44)) - raft.server.rpc.slowness.timeout = 300s (custom)
2021-12-29 13:34:54,587 [Listener at 127.0.0.1/35453] INFO  server.RaftServerConfigKeys (ConfUtils.java:logGet(44)) - raft.server.leaderelection.leader.step-down.wait-time = 10s (default)
2021-12-29 13:34:54,587 [Listener at 127.0.0.1/35453] INFO  server.RaftServerConfigKeys (ConfUtils.java:logGet(44)) - raft.server.storage.dir = [/home/runner/work/ozone/ozone/hadoop-ozone/integration-test/target/test-dir/MiniOzoneClusterImpl-37cf7816-8d03-4967-8f48-8c315ca58879/datanode-1/data/ratis] (custom)
2021-12-29 13:34:54,588 [Listener at 127.0.0.1/35453] INFO  server.XceiverServerGrpc (XceiverServerGrpc.java:<init>(132)) - GrpcServer channel type EpollServerSocketChannel
2021-12-29 13:34:54,599 [Listener at 127.0.0.1/35453] INFO  http.BaseHttpServer (BaseHttpServer.java:newHttpServer2BuilderForOzone(209)) - Starting Web-server for hddsDatanode at: http://0.0.0.0:0
2021-12-29 13:34:54,599 [Listener at 127.0.0.1/35453] INFO  http.BaseHttpServer (BaseHttpServer.java:<init>(107)) - Hadoop Security Enabled: false Ozone Security Enabled: false Ozone HTTP Security Enabled: false 
2021-12-29 13:34:54,600 [Listener at 127.0.0.1/35453] INFO  server.AuthenticationFilter (AuthenticationFilter.java:constructSecretProvider(240)) - Unable to initialize FileSignerSecretProvider, falling back to use random secrets.
2021-12-29 13:34:54,618 [Listener at 127.0.0.1/35453] WARN  http.HttpRequestLog (HttpRequestLog.java:getRequestLog(103)) - Jetty request log can only be enabled using Log4j
2021-12-29 13:34:54,619 [Listener at 127.0.0.1/35453] INFO  http.HttpServer2 (HttpServer2.java:addGlobalFilter(1030)) - Added global filter 'safety' (class=org.apache.hadoop.hdds.server.http.HttpServer2$QuotingInputFilter)
2021-12-29 13:34:54,619 [Listener at 127.0.0.1/35453] INFO  http.HttpServer2 (HttpServer2.java:addFilter(1006)) - Added filter static_user_filter (class=org.apache.hadoop.http.lib.StaticUserWebFilter$StaticUserFilter) to context hddsDatanode
2021-12-29 13:34:54,619 [Listener at 127.0.0.1/35453] INFO  http.HttpServer2 (HttpServer2.java:addFilter(1014)) - Added filter static_user_filter (class=org.apache.hadoop.http.lib.StaticUserWebFilter$StaticUserFilter) to context logs
2021-12-29 13:34:54,619 [Listener at 127.0.0.1/35453] INFO  http.HttpServer2 (HttpServer2.java:addFilter(1014)) - Added filter static_user_filter (class=org.apache.hadoop.http.lib.StaticUserWebFilter$StaticUserFilter) to context static
2021-12-29 13:34:54,620 [Listener at 127.0.0.1/35453] INFO  http.HttpServer2 (HttpServer2.java:bindListener(1249)) - Jetty bound to port 34803
2021-12-29 13:34:54,620 [Listener at 127.0.0.1/35453] INFO  server.Server (Server.java:doStart(375)) - jetty-9.4.43.v20210629; built: 2021-06-30T11:07:22.254Z; git: 526006ecfa3af7f1a27ef3a288e2bef7ea9dd7e8; jvm 1.8.0_292-b10
2021-12-29 13:34:54,694 [Listener at 127.0.0.1/35453] INFO  server.session (DefaultSessionIdManager.java:doStart(334)) - DefaultSessionIdManager workerName=node0
2021-12-29 13:34:54,695 [Listener at 127.0.0.1/35453] INFO  server.session (DefaultSessionIdManager.java:doStart(339)) - No SessionScavenger set, using defaults
2021-12-29 13:34:54,695 [Listener at 127.0.0.1/35453] INFO  server.session (HouseKeeper.java:startScavenging(132)) - node0 Scavenging every 600000ms
2021-12-29 13:34:54,696 [Listener at 127.0.0.1/35453] INFO  handler.ContextHandler (ContextHandler.java:doStart(915)) - Started o.e.j.s.ServletContextHandler@40107752{logs,/logs,file:///home/runner/work/ozone/ozone/hadoop-ozone/integration-test/target/log,AVAILABLE}
2021-12-29 13:34:54,696 [Listener at 127.0.0.1/35453] INFO  handler.ContextHandler (ContextHandler.java:doStart(915)) - Started o.e.j.s.ServletContextHandler@289d9ec0{static,/static,jar:file:/home/runner/.m2/repository/org/apache/ozone/hdds-container-service/1.3.0-SNAPSHOT/hdds-container-service-1.3.0-SNAPSHOT.jar!/webapps/static,AVAILABLE}
2021-12-29 13:34:54,776 [Listener at 127.0.0.1/35453] INFO  handler.ContextHandler (ContextHandler.java:doStart(915)) - Started o.e.j.w.WebAppContext@63c75a30{hddsDatanode,/,file:///tmp/jetty-0_0_0_0-34803-hdds-container-service-1_3_0-SNAPSHOT_jar-_-any-1471231702003019771/webapp/,AVAILABLE}{jar:file:/home/runner/.m2/repository/org/apache/ozone/hdds-container-service/1.3.0-SNAPSHOT/hdds-container-service-1.3.0-SNAPSHOT.jar!/webapps/hddsDatanode}
2021-12-29 13:34:54,786 [Listener at 127.0.0.1/35453] INFO  server.AbstractConnector (AbstractConnector.java:doStart(331)) - Started ServerConnector@892731c{HTTP/1.1, (http/1.1)}{0.0.0.0:34803}
2021-12-29 13:34:54,786 [Listener at 127.0.0.1/35453] INFO  server.Server (Server.java:doStart(415)) - Started @58313ms
2021-12-29 13:34:54,786 [Listener at 127.0.0.1/35453] WARN  impl.MetricsSystemImpl (MetricsSystemImpl.java:register(279)) - Sink prometheus already exists!
2021-12-29 13:34:54,789 [Listener at 127.0.0.1/35453] INFO  http.BaseHttpServer (BaseHttpServer.java:updateConnectorAddress(329)) - HTTP server of hddsDatanode listening at http://0.0.0.0:34803
2021-12-29 13:34:54,802 [Listener at 127.0.0.1/35453] WARN  impl.MetricRegistriesImpl (MetricRegistriesImpl.java:addReporterRegistration(111)) - New reporters are added after registries were created. Some metrics will be missing from the reporter. Please add reporter before adding any new registry.
2021-12-29 13:34:54,802 [Listener at 127.0.0.1/35453] WARN  impl.MetricRegistriesImpl (MetricRegistriesImpl.java:addReporterRegistration(111)) - New reporters are added after registries were created. Some metrics will be missing from the reporter. Please add reporter before adding any new registry.
2021-12-29 13:34:54,802 [Listener at 127.0.0.1/35453] INFO  impl.MetricsSystemImpl (MetricsSystemImpl.java:init(158)) - HddsDatanode metrics system started (again)
2021-12-29 13:34:54,806 [Datanode State Machine Daemon Thread] INFO  statemachine.DatanodeStateMachine (DatanodeStateMachine.java:lambda$startDaemon$0(467)) - Ozone container server started.
2021-12-29 13:34:54,815 [org.apache.hadoop.util.JvmPauseMonitor$Monitor@1d202410] INFO  util.JvmPauseMonitor (JvmPauseMonitor.java:run(188)) - Starting JVM pause monitor
2021-12-29 13:34:54,826 [Datanode State Machine Task Thread - 0] INFO  datanode.InitDatanodeState (InitDatanodeState.java:persistContainerDatanodeDetails(145)) - DatanodeDetails is persisted to /home/runner/work/ozone/ozone/hadoop-ozone/integration-test/target/test-dir/MiniOzoneClusterImpl-37cf7816-8d03-4967-8f48-8c315ca58879/datanode-1/meta/datanode.id
2021-12-29 13:34:54,854 [Listener at 127.0.0.1/35453] INFO  ozone.HddsDatanodeService (HddsDatanodeService.java:start(234)) - HddsDatanodeService host:fv-az59-280.csjynl4pkq3e1pkirw3ssqjfoh.cx.internal.cloudapp.net ip:10.1.0.26
2021-12-29 13:34:54,887 [Listener at 127.0.0.1/35453] INFO  upgrade.AbstractLayoutVersionManager (AbstractLayoutVersionManager.java:init(79)) - Initializing Layout version manager with metadata layout = SCM_HA (version = 2), software layout = SCM_HA (version = 2)
2021-12-29 13:34:54,962 [Listener at 127.0.0.1/35453] INFO  reflections.Reflections (Reflections.java:scan(232)) - Reflections took 73 ms to scan 7 urls, producing 119 keys and 279 values 
2021-12-29 13:34:54,976 [Listener at 127.0.0.1/35453] INFO  statemachine.DatanodeStateMachine (DatanodeStateMachine.java:getEndPointTaskThreadPoolSize(219)) - Datanode State Machine Task Thread Pool size 2
2021-12-29 13:34:54,987 [Listener at 127.0.0.1/35453] INFO  volume.HddsVolume (HddsVolume.java:<init>(120)) - Creating HddsVolume: /home/runner/work/ozone/ozone/hadoop-ozone/integration-test/target/test-dir/MiniOzoneClusterImpl-37cf7816-8d03-4967-8f48-8c315ca58879/datanode-2/data-0/containers/hdds of storage type : DISK capacity : 9223372036854775807
2021-12-29 13:34:54,987 [Listener at 127.0.0.1/35453] INFO  volume.MutableVolumeSet (MutableVolumeSet.java:initializeVolumeSet(168)) - Added Volume : /home/runner/work/ozone/ozone/hadoop-ozone/integration-test/target/test-dir/MiniOzoneClusterImpl-37cf7816-8d03-4967-8f48-8c315ca58879/datanode-2/data-0/containers/hdds to VolumeSet
2021-12-29 13:34:54,988 [Listener at 127.0.0.1/35453] INFO  volume.ThrottledAsyncChecker (ThrottledAsyncChecker.java:schedule(141)) - Scheduling a check for /home/runner/work/ozone/ozone/hadoop-ozone/integration-test/target/test-dir/MiniOzoneClusterImpl-37cf7816-8d03-4967-8f48-8c315ca58879/datanode-2/data-0/containers/hdds
2021-12-29 13:34:55,002 [Listener at 127.0.0.1/35453] INFO  volume.StorageVolumeChecker (StorageVolumeChecker.java:checkAllVolumes(202)) - Scheduled health check for volume /home/runner/work/ozone/ozone/hadoop-ozone/integration-test/target/test-dir/MiniOzoneClusterImpl-37cf7816-8d03-4967-8f48-8c315ca58879/datanode-2/data-0/containers/hdds
2021-12-29 13:34:55,030 [Listener at 127.0.0.1/35453] INFO  volume.MutableVolumeSet (MutableVolumeSet.java:initializeVolumeSet(168)) - Added Volume : /home/runner/work/ozone/ozone/hadoop-ozone/integration-test/target/test-dir/MiniOzoneClusterImpl-37cf7816-8d03-4967-8f48-8c315ca58879/datanode-2/data/ratis to VolumeSet
2021-12-29 13:34:55,037 [Listener at 127.0.0.1/35453] INFO  volume.ThrottledAsyncChecker (ThrottledAsyncChecker.java:schedule(141)) - Scheduling a check for /home/runner/work/ozone/ozone/hadoop-ozone/integration-test/target/test-dir/MiniOzoneClusterImpl-37cf7816-8d03-4967-8f48-8c315ca58879/datanode-2/data/ratis
2021-12-29 13:34:55,046 [Listener at 127.0.0.1/35453] INFO  volume.StorageVolumeChecker (StorageVolumeChecker.java:checkAllVolumes(202)) - Scheduled health check for volume /home/runner/work/ozone/ozone/hadoop-ozone/integration-test/target/test-dir/MiniOzoneClusterImpl-37cf7816-8d03-4967-8f48-8c315ca58879/datanode-2/data/ratis
2021-12-29 13:34:55,073 [Thread-531] INFO  ozoneimpl.ContainerReader (ContainerReader.java:readVolume(172)) - Finish verifying containers on volume /home/runner/work/ozone/ozone/hadoop-ozone/integration-test/target/test-dir/MiniOzoneClusterImpl-37cf7816-8d03-4967-8f48-8c315ca58879/datanode-2/data-0/containers/hdds
2021-12-29 13:34:55,074 [Listener at 127.0.0.1/35453] INFO  ozoneimpl.OzoneContainer (OzoneContainer.java:buildContainerSet(237)) - Build ContainerSet costs 0s
2021-12-29 13:34:55,076 [Listener at 127.0.0.1/35453] INFO  server.RaftServer (ConfUtils.java:logGet(44)) - raft.rpc.type = GRPC (default)
2021-12-29 13:34:55,076 [Listener at 127.0.0.1/35453] INFO  grpc.GrpcFactory (GrpcFactory.java:checkPooledByteBufAllocatorUseCacheForAllThreads(48)) - PERFORMANCE WARNING: useCacheForAllThreads is true that may cause Netty to create a lot garbage objects and, as a result, trigger GC.
	It is recommended to disable useCacheForAllThreads by setting -Dorg.apache.ratis.thirdparty.io.netty.allocator.useCacheForAllThreads=false in command line.
2021-12-29 13:34:55,076 [Listener at 127.0.0.1/35453] INFO  grpc.GrpcConfigKeys (ConfUtils.java:logGet(44)) - raft.grpc.admin.port = 0 (custom)
2021-12-29 13:34:55,076 [Listener at 127.0.0.1/35453] INFO  grpc.GrpcConfigKeys (ConfUtils.java:logGet(44)) - raft.grpc.client.port = 0 (custom)
2021-12-29 13:34:55,077 [Listener at 127.0.0.1/35453] INFO  grpc.GrpcConfigKeys (ConfUtils.java:logGet(44)) - raft.grpc.server.port = 0 (default)
2021-12-29 13:34:55,077 [Listener at 127.0.0.1/35453] INFO  server.GrpcService (ConfUtils.java:logGet(44)) - raft.grpc.message.size.max = 32MB (=33554432) (custom)
2021-12-29 13:34:55,077 [Listener at 127.0.0.1/35453] INFO  server.RaftServerConfigKeys (ConfUtils.java:logGet(44)) - raft.server.log.appender.buffer.byte-limit = 33554432 (custom)
2021-12-29 13:34:55,077 [Listener at 127.0.0.1/35453] INFO  server.GrpcService (ConfUtils.java:logGet(44)) - raft.grpc.flow.control.window = 5MB (=5242880) (custom)
2021-12-29 13:34:55,077 [Listener at 127.0.0.1/35453] INFO  server.RaftServerConfigKeys (ConfUtils.java:logGet(44)) - raft.server.rpc.request.timeout = 60s (custom)
2021-12-29 13:34:55,078 [Listener at 127.0.0.1/35453] INFO  impl.DataStreamServerImpl (ConfUtils.java:logGet(44)) - raft.datastream.type = DISABLED (default)
2021-12-29 13:34:55,078 [Listener at 127.0.0.1/35453] INFO  server.RaftServerConfigKeys (ConfUtils.java:logGet(44)) - raft.server.rpc.slowness.timeout = 300s (custom)
2021-12-29 13:34:55,079 [Listener at 127.0.0.1/35453] INFO  server.RaftServerConfigKeys (ConfUtils.java:logGet(44)) - raft.server.leaderelection.leader.step-down.wait-time = 10s (default)
2021-12-29 13:34:55,079 [Listener at 127.0.0.1/35453] INFO  server.RaftServerConfigKeys (ConfUtils.java:logGet(44)) - raft.server.storage.dir = [/home/runner/work/ozone/ozone/hadoop-ozone/integration-test/target/test-dir/MiniOzoneClusterImpl-37cf7816-8d03-4967-8f48-8c315ca58879/datanode-2/data/ratis] (custom)
2021-12-29 13:34:55,080 [Listener at 127.0.0.1/35453] INFO  server.XceiverServerGrpc (XceiverServerGrpc.java:<init>(132)) - GrpcServer channel type EpollServerSocketChannel
2021-12-29 13:34:55,091 [Listener at 127.0.0.1/35453] INFO  http.BaseHttpServer (BaseHttpServer.java:newHttpServer2BuilderForOzone(209)) - Starting Web-server for hddsDatanode at: http://0.0.0.0:0
2021-12-29 13:34:55,091 [Listener at 127.0.0.1/35453] INFO  http.BaseHttpServer (BaseHttpServer.java:<init>(107)) - Hadoop Security Enabled: false Ozone Security Enabled: false Ozone HTTP Security Enabled: false 
2021-12-29 13:34:55,092 [Listener at 127.0.0.1/35453] INFO  server.AuthenticationFilter (AuthenticationFilter.java:constructSecretProvider(240)) - Unable to initialize FileSignerSecretProvider, falling back to use random secrets.
2021-12-29 13:34:55,092 [Listener at 127.0.0.1/35453] WARN  http.HttpRequestLog (HttpRequestLog.java:getRequestLog(103)) - Jetty request log can only be enabled using Log4j
2021-12-29 13:34:55,093 [Listener at 127.0.0.1/35453] INFO  http.HttpServer2 (HttpServer2.java:addGlobalFilter(1030)) - Added global filter 'safety' (class=org.apache.hadoop.hdds.server.http.HttpServer2$QuotingInputFilter)
2021-12-29 13:34:55,093 [Listener at 127.0.0.1/35453] INFO  http.HttpServer2 (HttpServer2.java:addFilter(1006)) - Added filter static_user_filter (class=org.apache.hadoop.http.lib.StaticUserWebFilter$StaticUserFilter) to context hddsDatanode
2021-12-29 13:34:55,094 [Listener at 127.0.0.1/35453] INFO  http.HttpServer2 (HttpServer2.java:addFilter(1014)) - Added filter static_user_filter (class=org.apache.hadoop.http.lib.StaticUserWebFilter$StaticUserFilter) to context logs
2021-12-29 13:34:55,094 [Listener at 127.0.0.1/35453] INFO  http.HttpServer2 (HttpServer2.java:addFilter(1014)) - Added filter static_user_filter (class=org.apache.hadoop.http.lib.StaticUserWebFilter$StaticUserFilter) to context static
2021-12-29 13:34:55,094 [Listener at 127.0.0.1/35453] INFO  http.HttpServer2 (HttpServer2.java:bindListener(1249)) - Jetty bound to port 41745
2021-12-29 13:34:55,094 [Listener at 127.0.0.1/35453] INFO  server.Server (Server.java:doStart(375)) - jetty-9.4.43.v20210629; built: 2021-06-30T11:07:22.254Z; git: 526006ecfa3af7f1a27ef3a288e2bef7ea9dd7e8; jvm 1.8.0_292-b10
2021-12-29 13:34:55,162 [Listener at 127.0.0.1/35453] INFO  server.session (DefaultSessionIdManager.java:doStart(334)) - DefaultSessionIdManager workerName=node0
2021-12-29 13:34:55,162 [Listener at 127.0.0.1/35453] INFO  server.session (DefaultSessionIdManager.java:doStart(339)) - No SessionScavenger set, using defaults
2021-12-29 13:34:55,163 [Listener at 127.0.0.1/35453] INFO  server.session (HouseKeeper.java:startScavenging(132)) - node0 Scavenging every 660000ms
2021-12-29 13:34:55,171 [Listener at 127.0.0.1/35453] INFO  handler.ContextHandler (ContextHandler.java:doStart(915)) - Started o.e.j.s.ServletContextHandler@2418ffcc{logs,/logs,file:///home/runner/work/ozone/ozone/hadoop-ozone/integration-test/target/log,AVAILABLE}
2021-12-29 13:34:55,171 [Listener at 127.0.0.1/35453] INFO  handler.ContextHandler (ContextHandler.java:doStart(915)) - Started o.e.j.s.ServletContextHandler@aa2ae2d{static,/static,jar:file:/home/runner/.m2/repository/org/apache/ozone/hdds-container-service/1.3.0-SNAPSHOT/hdds-container-service-1.3.0-SNAPSHOT.jar!/webapps/static,AVAILABLE}
2021-12-29 13:34:55,243 [Listener at 127.0.0.1/35453] INFO  handler.ContextHandler (ContextHandler.java:doStart(915)) - Started o.e.j.w.WebAppContext@53517736{hddsDatanode,/,file:///tmp/jetty-0_0_0_0-41745-hdds-container-service-1_3_0-SNAPSHOT_jar-_-any-6890250363244173118/webapp/,AVAILABLE}{jar:file:/home/runner/.m2/repository/org/apache/ozone/hdds-container-service/1.3.0-SNAPSHOT/hdds-container-service-1.3.0-SNAPSHOT.jar!/webapps/hddsDatanode}
2021-12-29 13:34:55,262 [Listener at 127.0.0.1/35453] INFO  server.AbstractConnector (AbstractConnector.java:doStart(331)) - Started ServerConnector@4b26a938{HTTP/1.1, (http/1.1)}{0.0.0.0:41745}
2021-12-29 13:34:55,262 [Listener at 127.0.0.1/35453] INFO  server.Server (Server.java:doStart(415)) - Started @58789ms
2021-12-29 13:34:55,262 [Listener at 127.0.0.1/35453] WARN  impl.MetricsSystemImpl (MetricsSystemImpl.java:register(279)) - Sink prometheus already exists!
2021-12-29 13:34:55,266 [Listener at 127.0.0.1/35453] INFO  http.BaseHttpServer (BaseHttpServer.java:updateConnectorAddress(329)) - HTTP server of hddsDatanode listening at http://0.0.0.0:41745
2021-12-29 13:34:55,274 [Listener at 127.0.0.1/35453] INFO  ozone.MiniOzoneClusterImpl (MiniOzoneClusterImpl.java:lambda$waitForClusterToBeReady$0(235)) - Waiting for nodes to be ready. Got 0 of 3 DN Heartbeats.
2021-12-29 13:34:55,274 [Listener at 127.0.0.1/35453] INFO  ozone.MiniOzoneClusterImpl (MiniOzoneClusterImpl.java:lambda$waitForClusterToBeReady$0(238)) - Waiting for cluster to exit safe mode
2021-12-29 13:34:55,274 [Listener at 127.0.0.1/35453] INFO  ozone.MiniOzoneClusterImpl (MiniOzoneClusterImpl.java:lambda$waitForClusterToBeReady$0(240)) - SCM became leader
2021-12-29 13:34:55,274 [Datanode State Machine Daemon Thread] INFO  statemachine.DatanodeStateMachine (DatanodeStateMachine.java:lambda$startDaemon$0(467)) - Ozone container server started.
2021-12-29 13:34:55,294 [org.apache.hadoop.util.JvmPauseMonitor$Monitor@5659dbf7] INFO  util.JvmPauseMonitor (JvmPauseMonitor.java:run(188)) - Starting JVM pause monitor
2021-12-29 13:34:55,299 [Datanode State Machine Task Thread - 0] INFO  datanode.InitDatanodeState (InitDatanodeState.java:persistContainerDatanodeDetails(145)) - DatanodeDetails is persisted to /home/runner/work/ozone/ozone/hadoop-ozone/integration-test/target/test-dir/MiniOzoneClusterImpl-37cf7816-8d03-4967-8f48-8c315ca58879/datanode-2/meta/datanode.id
2021-12-29 13:34:56,274 [Listener at 127.0.0.1/35453] INFO  ozone.MiniOzoneClusterImpl (MiniOzoneClusterImpl.java:lambda$waitForClusterToBeReady$0(235)) - Waiting for nodes to be ready. Got 0 of 3 DN Heartbeats.
2021-12-29 13:34:56,275 [Listener at 127.0.0.1/35453] INFO  ozone.MiniOzoneClusterImpl (MiniOzoneClusterImpl.java:lambda$waitForClusterToBeReady$0(238)) - Waiting for cluster to exit safe mode
2021-12-29 13:34:56,275 [Listener at 127.0.0.1/35453] INFO  ozone.MiniOzoneClusterImpl (MiniOzoneClusterImpl.java:lambda$waitForClusterToBeReady$0(240)) - SCM became leader
2021-12-29 13:34:56,299 [EndpointStateMachine task thread for /0.0.0.0:39097 - 0 ] INFO  ozoneimpl.OzoneContainer (OzoneContainer.java:start(315)) - Attempting to start container services.
2021-12-29 13:34:56,300 [EndpointStateMachine task thread for /0.0.0.0:39097 - 0 ] INFO  ozoneimpl.OzoneContainer (OzoneContainer.java:startContainerScrub(250)) - Background container scanner has been disabled.
2021-12-29 13:34:56,300 [EndpointStateMachine task thread for /0.0.0.0:39097 - 0 ] INFO  replication.ReplicationServer (ReplicationServer.java:start(107)) - ReplicationServer is started using port 39395
2021-12-29 13:34:56,301 [EndpointStateMachine task thread for /0.0.0.0:39097 - 0 ] INFO  ratis.XceiverServerRatis (XceiverServerRatis.java:start(484)) - Starting XceiverServerRatis ec8d6e88-7dab-40d3-b5f4-362e80a98c5e
2021-12-29 13:34:56,301 [EndpointStateMachine task thread for /0.0.0.0:39097 - 0 ] INFO  server.RaftServer (RaftServerProxy.java:lambda$start$5(374)) - ec8d6e88-7dab-40d3-b5f4-362e80a98c5e: start RPC server
2021-12-29 13:34:56,306 [EndpointStateMachine task thread for /0.0.0.0:39097 - 0 ] INFO  server.GrpcService (GrpcService.java:startImpl(253)) - ec8d6e88-7dab-40d3-b5f4-362e80a98c5e: GrpcService started, listening on 40805
2021-12-29 13:34:56,316 [EndpointStateMachine task thread for /0.0.0.0:39097 - 0 ] INFO  ratis.XceiverServerRatis (XceiverServerRatis.java:getRealPort(505)) - XceiverServerRatis ec8d6e88-7dab-40d3-b5f4-362e80a98c5e is started using port 40805 for RATIS
2021-12-29 13:34:56,316 [EndpointStateMachine task thread for /0.0.0.0:39097 - 0 ] INFO  ratis.XceiverServerRatis (XceiverServerRatis.java:getRealPort(505)) - XceiverServerRatis ec8d6e88-7dab-40d3-b5f4-362e80a98c5e is started using port 40805 for RATIS_ADMIN
2021-12-29 13:34:56,316 [EndpointStateMachine task thread for /0.0.0.0:39097 - 0 ] INFO  ratis.XceiverServerRatis (XceiverServerRatis.java:getRealPort(505)) - XceiverServerRatis ec8d6e88-7dab-40d3-b5f4-362e80a98c5e is started using port 40805 for RATIS_SERVER
2021-12-29 13:34:56,320 [EndpointStateMachine task thread for /0.0.0.0:39097 - 0 ] INFO  server.XceiverServerGrpc (XceiverServerGrpc.java:start(180)) - XceiverServerGrpc ec8d6e88-7dab-40d3-b5f4-362e80a98c5e is started using port 38759
2021-12-29 13:34:56,332 [org.apache.ratis.util.JvmPauseMonitor$$Lambda$528/1712405372@44f7b8b1] INFO  util.JvmPauseMonitor (JvmPauseMonitor.java:run(103)) - JvmPauseMonitor-ec8d6e88-7dab-40d3-b5f4-362e80a98c5e: Started
2021-12-29 13:34:56,830 [EndpointStateMachine task thread for /0.0.0.0:39097 - 0 ] INFO  ozoneimpl.OzoneContainer (OzoneContainer.java:start(315)) - Attempting to start container services.
2021-12-29 13:34:56,830 [EndpointStateMachine task thread for /0.0.0.0:39097 - 0 ] INFO  ozoneimpl.OzoneContainer (OzoneContainer.java:startContainerScrub(250)) - Background container scanner has been disabled.
2021-12-29 13:34:56,831 [EndpointStateMachine task thread for /0.0.0.0:39097 - 0 ] INFO  replication.ReplicationServer (ReplicationServer.java:start(107)) - ReplicationServer is started using port 44517
2021-12-29 13:34:56,832 [EndpointStateMachine task thread for /0.0.0.0:39097 - 0 ] INFO  ratis.XceiverServerRatis (XceiverServerRatis.java:start(484)) - Starting XceiverServerRatis c27593dc-118c-4b8f-a1b6-791b95aa201d
2021-12-29 13:34:56,832 [EndpointStateMachine task thread for /0.0.0.0:39097 - 0 ] INFO  server.RaftServer (RaftServerProxy.java:lambda$start$5(374)) - c27593dc-118c-4b8f-a1b6-791b95aa201d: start RPC server
2021-12-29 13:34:56,836 [EndpointStateMachine task thread for /0.0.0.0:39097 - 0 ] INFO  server.GrpcService (GrpcService.java:startImpl(253)) - c27593dc-118c-4b8f-a1b6-791b95aa201d: GrpcService started, listening on 43913
2021-12-29 13:34:56,836 [EndpointStateMachine task thread for /0.0.0.0:39097 - 0 ] INFO  ratis.XceiverServerRatis (XceiverServerRatis.java:getRealPort(505)) - XceiverServerRatis c27593dc-118c-4b8f-a1b6-791b95aa201d is started using port 43913 for RATIS
2021-12-29 13:34:56,837 [EndpointStateMachine task thread for /0.0.0.0:39097 - 0 ] INFO  ratis.XceiverServerRatis (XceiverServerRatis.java:getRealPort(505)) - XceiverServerRatis c27593dc-118c-4b8f-a1b6-791b95aa201d is started using port 43913 for RATIS_ADMIN
2021-12-29 13:34:56,837 [EndpointStateMachine task thread for /0.0.0.0:39097 - 0 ] INFO  ratis.XceiverServerRatis (XceiverServerRatis.java:getRealPort(505)) - XceiverServerRatis c27593dc-118c-4b8f-a1b6-791b95aa201d is started using port 43913 for RATIS_SERVER
2021-12-29 13:34:56,840 [EndpointStateMachine task thread for /0.0.0.0:39097 - 0 ] INFO  server.XceiverServerGrpc (XceiverServerGrpc.java:start(180)) - XceiverServerGrpc c27593dc-118c-4b8f-a1b6-791b95aa201d is started using port 34645
2021-12-29 13:34:56,847 [org.apache.ratis.util.JvmPauseMonitor$$Lambda$528/1712405372@6dba7ad9] INFO  util.JvmPauseMonitor (JvmPauseMonitor.java:run(103)) - JvmPauseMonitor-c27593dc-118c-4b8f-a1b6-791b95aa201d: Started
2021-12-29 13:34:57,275 [Listener at 127.0.0.1/35453] INFO  ozone.MiniOzoneClusterImpl (MiniOzoneClusterImpl.java:lambda$waitForClusterToBeReady$0(235)) - Waiting for nodes to be ready. Got 0 of 3 DN Heartbeats.
2021-12-29 13:34:57,275 [Listener at 127.0.0.1/35453] INFO  ozone.MiniOzoneClusterImpl (MiniOzoneClusterImpl.java:lambda$waitForClusterToBeReady$0(238)) - Waiting for cluster to exit safe mode
2021-12-29 13:34:57,275 [Listener at 127.0.0.1/35453] INFO  ozone.MiniOzoneClusterImpl (MiniOzoneClusterImpl.java:lambda$waitForClusterToBeReady$0(240)) - SCM became leader
2021-12-29 13:34:57,309 [EndpointStateMachine task thread for /0.0.0.0:39097 - 0 ] INFO  ozoneimpl.OzoneContainer (OzoneContainer.java:start(315)) - Attempting to start container services.
2021-12-29 13:34:57,309 [EndpointStateMachine task thread for /0.0.0.0:39097 - 0 ] INFO  ozoneimpl.OzoneContainer (OzoneContainer.java:startContainerScrub(250)) - Background container scanner has been disabled.
2021-12-29 13:34:57,310 [EndpointStateMachine task thread for /0.0.0.0:39097 - 0 ] INFO  replication.ReplicationServer (ReplicationServer.java:start(107)) - ReplicationServer is started using port 42923
2021-12-29 13:34:57,312 [EndpointStateMachine task thread for /0.0.0.0:39097 - 0 ] INFO  ratis.XceiverServerRatis (XceiverServerRatis.java:start(484)) - Starting XceiverServerRatis 338a2944-85be-4327-99ba-33562aaad680
2021-12-29 13:34:57,334 [EndpointStateMachine task thread for /0.0.0.0:39097 - 0 ] INFO  server.RaftServer (RaftServerProxy.java:lambda$start$5(374)) - 338a2944-85be-4327-99ba-33562aaad680: start RPC server
2021-12-29 13:34:57,335 [EndpointStateMachine task thread for /0.0.0.0:39097 - 0 ] INFO  server.GrpcService (GrpcService.java:startImpl(253)) - 338a2944-85be-4327-99ba-33562aaad680: GrpcService started, listening on 34795
2021-12-29 13:34:57,337 [EndpointStateMachine task thread for /0.0.0.0:39097 - 0 ] INFO  ratis.XceiverServerRatis (XceiverServerRatis.java:getRealPort(505)) - XceiverServerRatis 338a2944-85be-4327-99ba-33562aaad680 is started using port 34795 for RATIS
2021-12-29 13:34:57,337 [EndpointStateMachine task thread for /0.0.0.0:39097 - 0 ] INFO  ratis.XceiverServerRatis (XceiverServerRatis.java:getRealPort(505)) - XceiverServerRatis 338a2944-85be-4327-99ba-33562aaad680 is started using port 34795 for RATIS_ADMIN
2021-12-29 13:34:57,337 [EndpointStateMachine task thread for /0.0.0.0:39097 - 0 ] INFO  ratis.XceiverServerRatis (XceiverServerRatis.java:getRealPort(505)) - XceiverServerRatis 338a2944-85be-4327-99ba-33562aaad680 is started using port 34795 for RATIS_SERVER
2021-12-29 13:34:57,337 [org.apache.ratis.util.JvmPauseMonitor$$Lambda$528/1712405372@522e9860] INFO  util.JvmPauseMonitor (JvmPauseMonitor.java:run(103)) - JvmPauseMonitor-338a2944-85be-4327-99ba-33562aaad680: Started
2021-12-29 13:34:57,343 [EndpointStateMachine task thread for /0.0.0.0:39097 - 0 ] INFO  server.XceiverServerGrpc (XceiverServerGrpc.java:start(180)) - XceiverServerGrpc 338a2944-85be-4327-99ba-33562aaad680 is started using port 37805
2021-12-29 13:34:58,269 [IPC Server handler 0 on default port 39097] INFO  net.NetworkTopologyImpl (NetworkTopologyImpl.java:add(112)) - Added a new node: /default-rack/ec8d6e88-7dab-40d3-b5f4-362e80a98c5e
2021-12-29 13:34:58,270 [IPC Server handler 0 on default port 39097] INFO  node.SCMNodeManager (SCMNodeManager.java:register(389)) - Registered Data node : ec8d6e88-7dab-40d3-b5f4-362e80a98c5e{ip: 10.1.0.26, host: fv-az59-280.csjynl4pkq3e1pkirw3ssqjfoh.cx.internal.cloudapp.net, ports: [REPLICATION=39395, RATIS=40805, RATIS_ADMIN=40805, RATIS_SERVER=40805, STANDALONE=38759], networkLocation: /default-rack, certSerialId: null, persistedOpState: null, persistedOpStateExpiryEpochSec: 0}
2021-12-29 13:34:58,271 [EventQueue-NodeRegistrationContainerReportForDataNodeSafeModeRule] INFO  safemode.SCMSafeModeManager (DataNodeSafeModeRule.java:process(71)) - SCM in safe mode. 1 DataNodes registered, 3 required.
2021-12-29 13:34:58,272 [EventQueue-NodeRegistrationContainerReportForContainerSafeModeRule] INFO  safemode.SCMSafeModeManager (SCMSafeModeManager.java:validateSafeModeExitRules(204)) - ContainerSafeModeRule rule is successfully validated
2021-12-29 13:34:58,274 [EventQueue-NewNodeForNewNodeHandler] INFO  pipeline.BackgroundPipelineCreator (BackgroundPipelineCreator.java:notifyEventTriggered(285)) - trigger a one-shot run on RatisPipelineUtilsThread.
2021-12-29 13:34:58,275 [RatisPipelineUtilsThread - 0] INFO  pipeline.RatisPipelineProvider (RatisPipelineProvider.java:lambda$create$0(183)) - Sending CreatePipelineCommand for pipeline:PipelineID=73cf64b5-0eae-4666-9a3a-cf2cf1c2d30a to datanode:ec8d6e88-7dab-40d3-b5f4-362e80a98c5e
2021-12-29 13:34:58,275 [Listener at 127.0.0.1/35453] INFO  ozone.MiniOzoneClusterImpl (MiniOzoneClusterImpl.java:lambda$waitForClusterToBeReady$0(235)) - Waiting for nodes to be ready. Got 1 of 3 DN Heartbeats.
2021-12-29 13:34:58,276 [Listener at 127.0.0.1/35453] INFO  ozone.MiniOzoneClusterImpl (MiniOzoneClusterImpl.java:lambda$waitForClusterToBeReady$0(238)) - Waiting for cluster to exit safe mode
2021-12-29 13:34:58,276 [Listener at 127.0.0.1/35453] INFO  ozone.MiniOzoneClusterImpl (MiniOzoneClusterImpl.java:lambda$waitForClusterToBeReady$0(240)) - SCM became leader
2021-12-29 13:34:58,275 [RatisPipelineUtilsThread - 0] INFO  pipeline.PipelineStateManagerImpl (PipelineStateManagerImpl.java:addPipeline(101)) - Created pipeline Pipeline[ Id: 73cf64b5-0eae-4666-9a3a-cf2cf1c2d30a, Nodes: ec8d6e88-7dab-40d3-b5f4-362e80a98c5e{ip: 10.1.0.26, host: fv-az59-280.csjynl4pkq3e1pkirw3ssqjfoh.cx.internal.cloudapp.net, ports: [REPLICATION=39395, RATIS=40805, RATIS_ADMIN=40805, RATIS_SERVER=40805, STANDALONE=38759], networkLocation: /default-rack, certSerialId: null, persistedOpState: IN_SERVICE, persistedOpStateExpiryEpochSec: 0}, ReplicationConfig: RATIS/ONE, State:ALLOCATED, leaderId:, CreationTimestamp2021-12-29T13:34:58.275Z[Etc/UTC]].
2021-12-29 13:34:58,292 [EventQueue-PipelineReportForOneReplicaPipelineSafeModeRule] INFO  safemode.SCMSafeModeManager (SCMSafeModeManager.java:validateSafeModeExitRules(204)) - AtleastOneDatanodeReportedRule rule is successfully validated
2021-12-29 13:34:58,816 [IPC Server handler 2 on default port 39097] INFO  net.NetworkTopologyImpl (NetworkTopologyImpl.java:add(112)) - Added a new node: /default-rack/c27593dc-118c-4b8f-a1b6-791b95aa201d
2021-12-29 13:34:58,817 [IPC Server handler 2 on default port 39097] INFO  node.SCMNodeManager (SCMNodeManager.java:register(389)) - Registered Data node : c27593dc-118c-4b8f-a1b6-791b95aa201d{ip: 10.1.0.26, host: fv-az59-280.csjynl4pkq3e1pkirw3ssqjfoh.cx.internal.cloudapp.net, ports: [REPLICATION=44517, RATIS=43913, RATIS_ADMIN=43913, RATIS_SERVER=43913, STANDALONE=34645], networkLocation: /default-rack, certSerialId: null, persistedOpState: null, persistedOpStateExpiryEpochSec: 0}
2021-12-29 13:34:58,817 [EventQueue-NewNodeForNewNodeHandler] INFO  pipeline.BackgroundPipelineCreator (BackgroundPipelineCreator.java:notifyEventTriggered(285)) - trigger a one-shot run on RatisPipelineUtilsThread.
2021-12-29 13:34:58,818 [EventQueue-NodeRegistrationContainerReportForDataNodeSafeModeRule] INFO  safemode.SCMSafeModeManager (DataNodeSafeModeRule.java:process(71)) - SCM in safe mode. 2 DataNodes registered, 3 required.
2021-12-29 13:34:58,824 [RatisPipelineUtilsThread - 0] INFO  pipeline.RatisPipelineProvider (RatisPipelineProvider.java:lambda$create$0(183)) - Sending CreatePipelineCommand for pipeline:PipelineID=125ebe8a-8131-439c-a7b8-bfd1ad94ebb6 to datanode:c27593dc-118c-4b8f-a1b6-791b95aa201d
2021-12-29 13:34:58,824 [RatisPipelineUtilsThread - 0] INFO  pipeline.PipelineStateManagerImpl (PipelineStateManagerImpl.java:addPipeline(101)) - Created pipeline Pipeline[ Id: 125ebe8a-8131-439c-a7b8-bfd1ad94ebb6, Nodes: c27593dc-118c-4b8f-a1b6-791b95aa201d{ip: 10.1.0.26, host: fv-az59-280.csjynl4pkq3e1pkirw3ssqjfoh.cx.internal.cloudapp.net, ports: [REPLICATION=44517, RATIS=43913, RATIS_ADMIN=43913, RATIS_SERVER=43913, STANDALONE=34645], networkLocation: /default-rack, certSerialId: null, persistedOpState: IN_SERVICE, persistedOpStateExpiryEpochSec: 0}, ReplicationConfig: RATIS/ONE, State:ALLOCATED, leaderId:, CreationTimestamp2021-12-29T13:34:58.824Z[Etc/UTC]].
2021-12-29 13:34:59,276 [Listener at 127.0.0.1/35453] INFO  ozone.MiniOzoneClusterImpl (MiniOzoneClusterImpl.java:lambda$waitForClusterToBeReady$0(235)) - Waiting for nodes to be ready. Got 2 of 3 DN Heartbeats.
2021-12-29 13:34:59,276 [Listener at 127.0.0.1/35453] INFO  ozone.MiniOzoneClusterImpl (MiniOzoneClusterImpl.java:lambda$waitForClusterToBeReady$0(238)) - Waiting for cluster to exit safe mode
2021-12-29 13:34:59,276 [Listener at 127.0.0.1/35453] INFO  ozone.MiniOzoneClusterImpl (MiniOzoneClusterImpl.java:lambda$waitForClusterToBeReady$0(240)) - SCM became leader
2021-12-29 13:34:59,295 [IPC Server handler 1 on default port 39097] INFO  net.NetworkTopologyImpl (NetworkTopologyImpl.java:add(112)) - Added a new node: /default-rack/338a2944-85be-4327-99ba-33562aaad680
2021-12-29 13:34:59,297 [IPC Server handler 1 on default port 39097] INFO  node.SCMNodeManager (SCMNodeManager.java:register(389)) - Registered Data node : 338a2944-85be-4327-99ba-33562aaad680{ip: 10.1.0.26, host: fv-az59-280.csjynl4pkq3e1pkirw3ssqjfoh.cx.internal.cloudapp.net, ports: [REPLICATION=42923, RATIS=34795, RATIS_ADMIN=34795, RATIS_SERVER=34795, STANDALONE=37805], networkLocation: /default-rack, certSerialId: null, persistedOpState: null, persistedOpStateExpiryEpochSec: 0}
2021-12-29 13:34:59,297 [EventQueue-NewNodeForNewNodeHandler] INFO  pipeline.BackgroundPipelineCreator (BackgroundPipelineCreator.java:notifyEventTriggered(285)) - trigger a one-shot run on RatisPipelineUtilsThread.
2021-12-29 13:34:59,298 [EventQueue-NodeRegistrationContainerReportForDataNodeSafeModeRule] INFO  safemode.SCMSafeModeManager (DataNodeSafeModeRule.java:process(71)) - SCM in safe mode. 3 DataNodes registered, 3 required.
2021-12-29 13:34:59,298 [EventQueue-NodeRegistrationContainerReportForDataNodeSafeModeRule] INFO  safemode.SCMSafeModeManager (SCMSafeModeManager.java:validateSafeModeExitRules(204)) - DataNodeSafeModeRule rule is successfully validated
2021-12-29 13:34:59,298 [EventQueue-NodeRegistrationContainerReportForDataNodeSafeModeRule] INFO  safemode.SCMSafeModeManager (SCMSafeModeManager.java:completePreCheck(233)) - All SCM safe mode pre check rules have passed
2021-12-29 13:34:59,299 [EventQueue-NodeRegistrationContainerReportForDataNodeSafeModeRule] WARN  events.EventQueue (EventQueue.java:fireEvent(194)) - No event handler registered for event TypedEvent{payloadType=SafeModeStatus, name='Safe mode status'}
2021-12-29 13:34:59,299 [EventQueue-NodeRegistrationContainerReportForDataNodeSafeModeRule] INFO  ha.SCMContext (SCMContext.java:updateSafeModeStatus(211)) - Update SafeModeStatus from SafeModeStatus{safeModeStatus=true, preCheckPassed=false} to SafeModeStatus{safeModeStatus=true, preCheckPassed=true}.
2021-12-29 13:34:59,299 [EventQueue-NodeRegistrationContainerReportForDataNodeSafeModeRule] INFO  pipeline.BackgroundPipelineCreator (BackgroundPipelineCreator.java:notifyEventTriggered(285)) - trigger a one-shot run on RatisPipelineUtilsThread.
2021-12-29 13:34:59,300 [RatisPipelineUtilsThread - 0] INFO  pipeline.RatisPipelineProvider (RatisPipelineProvider.java:lambda$create$0(183)) - Sending CreatePipelineCommand for pipeline:PipelineID=d3fdacd0-ec93-4aea-8a7a-f4bce9ab4ac0 to datanode:338a2944-85be-4327-99ba-33562aaad680
2021-12-29 13:34:59,300 [RatisPipelineUtilsThread - 0] INFO  pipeline.PipelineStateManagerImpl (PipelineStateManagerImpl.java:addPipeline(101)) - Created pipeline Pipeline[ Id: d3fdacd0-ec93-4aea-8a7a-f4bce9ab4ac0, Nodes: 338a2944-85be-4327-99ba-33562aaad680{ip: 10.1.0.26, host: fv-az59-280.csjynl4pkq3e1pkirw3ssqjfoh.cx.internal.cloudapp.net, ports: [REPLICATION=42923, RATIS=34795, RATIS_ADMIN=34795, RATIS_SERVER=34795, STANDALONE=37805], networkLocation: /default-rack, certSerialId: null, persistedOpState: IN_SERVICE, persistedOpStateExpiryEpochSec: 0}, ReplicationConfig: RATIS/ONE, State:ALLOCATED, leaderId:, CreationTimestamp2021-12-29T13:34:59.300Z[Etc/UTC]].
2021-12-29 13:34:59,300 [RatisPipelineUtilsThread - 0] INFO  pipeline.RatisPipelineProvider (RatisPipelineProvider.java:lambda$create$0(183)) - Sending CreatePipelineCommand for pipeline:PipelineID=1dbb02f2-41a3-4191-9f44-5b449a8528e9 to datanode:c27593dc-118c-4b8f-a1b6-791b95aa201d
2021-12-29 13:34:59,301 [RatisPipelineUtilsThread - 0] INFO  pipeline.RatisPipelineProvider (RatisPipelineProvider.java:lambda$create$0(183)) - Sending CreatePipelineCommand for pipeline:PipelineID=1dbb02f2-41a3-4191-9f44-5b449a8528e9 to datanode:338a2944-85be-4327-99ba-33562aaad680
2021-12-29 13:34:59,301 [RatisPipelineUtilsThread - 0] INFO  pipeline.RatisPipelineProvider (RatisPipelineProvider.java:lambda$create$0(183)) - Sending CreatePipelineCommand for pipeline:PipelineID=1dbb02f2-41a3-4191-9f44-5b449a8528e9 to datanode:ec8d6e88-7dab-40d3-b5f4-362e80a98c5e
2021-12-29 13:34:59,301 [RatisPipelineUtilsThread - 0] INFO  pipeline.PipelineStateManagerImpl (PipelineStateManagerImpl.java:addPipeline(101)) - Created pipeline Pipeline[ Id: 1dbb02f2-41a3-4191-9f44-5b449a8528e9, Nodes: c27593dc-118c-4b8f-a1b6-791b95aa201d{ip: 10.1.0.26, host: fv-az59-280.csjynl4pkq3e1pkirw3ssqjfoh.cx.internal.cloudapp.net, ports: [REPLICATION=44517, RATIS=43913, RATIS_ADMIN=43913, RATIS_SERVER=43913, STANDALONE=34645], networkLocation: /default-rack, certSerialId: null, persistedOpState: IN_SERVICE, persistedOpStateExpiryEpochSec: 0}338a2944-85be-4327-99ba-33562aaad680{ip: 10.1.0.26, host: fv-az59-280.csjynl4pkq3e1pkirw3ssqjfoh.cx.internal.cloudapp.net, ports: [REPLICATION=42923, RATIS=34795, RATIS_ADMIN=34795, RATIS_SERVER=34795, STANDALONE=37805], networkLocation: /default-rack, certSerialId: null, persistedOpState: IN_SERVICE, persistedOpStateExpiryEpochSec: 0}ec8d6e88-7dab-40d3-b5f4-362e80a98c5e{ip: 10.1.0.26, host: fv-az59-280.csjynl4pkq3e1pkirw3ssqjfoh.cx.internal.cloudapp.net, ports: [REPLICATION=39395, RATIS=40805, RATIS_ADMIN=40805, RATIS_SERVER=40805, STANDALONE=38759], networkLocation: /default-rack, certSerialId: null, persistedOpState: IN_SERVICE, persistedOpStateExpiryEpochSec: 0}, ReplicationConfig: RATIS/THREE, State:ALLOCATED, leaderId:, CreationTimestamp2021-12-29T13:34:59.300Z[Etc/UTC]].
2021-12-29 13:34:59,301 [RatisPipelineUtilsThread - 0] INFO  pipeline.RatisPipelineProvider (RatisPipelineProvider.java:lambda$create$0(183)) - Sending CreatePipelineCommand for pipeline:PipelineID=041e1eac-1fc0-4c03-9ed9-c6bc184c74fe to datanode:c27593dc-118c-4b8f-a1b6-791b95aa201d
2021-12-29 13:34:59,301 [RatisPipelineUtilsThread - 0] INFO  pipeline.RatisPipelineProvider (RatisPipelineProvider.java:lambda$create$0(183)) - Sending CreatePipelineCommand for pipeline:PipelineID=041e1eac-1fc0-4c03-9ed9-c6bc184c74fe to datanode:338a2944-85be-4327-99ba-33562aaad680
2021-12-29 13:34:59,301 [RatisPipelineUtilsThread - 0] INFO  pipeline.RatisPipelineProvider (RatisPipelineProvider.java:lambda$create$0(183)) - Sending CreatePipelineCommand for pipeline:PipelineID=041e1eac-1fc0-4c03-9ed9-c6bc184c74fe to datanode:ec8d6e88-7dab-40d3-b5f4-362e80a98c5e
2021-12-29 13:34:59,302 [RatisPipelineUtilsThread - 0] INFO  pipeline.PipelineStateManagerImpl (PipelineStateManagerImpl.java:addPipeline(101)) - Created pipeline Pipeline[ Id: 041e1eac-1fc0-4c03-9ed9-c6bc184c74fe, Nodes: c27593dc-118c-4b8f-a1b6-791b95aa201d{ip: 10.1.0.26, host: fv-az59-280.csjynl4pkq3e1pkirw3ssqjfoh.cx.internal.cloudapp.net, ports: [REPLICATION=44517, RATIS=43913, RATIS_ADMIN=43913, RATIS_SERVER=43913, STANDALONE=34645], networkLocation: /default-rack, certSerialId: null, persistedOpState: IN_SERVICE, persistedOpStateExpiryEpochSec: 0}338a2944-85be-4327-99ba-33562aaad680{ip: 10.1.0.26, host: fv-az59-280.csjynl4pkq3e1pkirw3ssqjfoh.cx.internal.cloudapp.net, ports: [REPLICATION=42923, RATIS=34795, RATIS_ADMIN=34795, RATIS_SERVER=34795, STANDALONE=37805], networkLocation: /default-rack, certSerialId: null, persistedOpState: IN_SERVICE, persistedOpStateExpiryEpochSec: 0}ec8d6e88-7dab-40d3-b5f4-362e80a98c5e{ip: 10.1.0.26, host: fv-az59-280.csjynl4pkq3e1pkirw3ssqjfoh.cx.internal.cloudapp.net, ports: [REPLICATION=39395, RATIS=40805, RATIS_ADMIN=40805, RATIS_SERVER=40805, STANDALONE=38759], networkLocation: /default-rack, certSerialId: null, persistedOpState: IN_SERVICE, persistedOpStateExpiryEpochSec: 0}, ReplicationConfig: RATIS/THREE, State:ALLOCATED, leaderId:, CreationTimestamp2021-12-29T13:34:59.301Z[Etc/UTC]].
2021-12-29 13:34:59,306 [RatisPipelineUtilsThread - 0] INFO  pipeline.PipelineManagerImpl (PipelineManagerImpl.java:recordMetricsForPipeline(639)) - Pipeline: PipelineID=041e1eac-1fc0-4c03-9ed9-c6bc184c74fe contains same datanodes as previous pipelines: PipelineID=1dbb02f2-41a3-4191-9f44-5b449a8528e9 nodeIds: c27593dc-118c-4b8f-a1b6-791b95aa201d, 338a2944-85be-4327-99ba-33562aaad680, ec8d6e88-7dab-40d3-b5f4-362e80a98c5e
2021-12-29 13:35:00,276 [Listener at 127.0.0.1/35453] INFO  ozone.MiniOzoneClusterImpl (MiniOzoneClusterImpl.java:lambda$waitForClusterToBeReady$0(235)) - Nodes are ready. Got 3 of 3 DN Heartbeats.
2021-12-29 13:35:00,283 [Listener at 127.0.0.1/35453] INFO  ozone.MiniOzoneClusterImpl (MiniOzoneClusterImpl.java:lambda$waitForClusterToBeReady$0(238)) - Waiting for cluster to exit safe mode
2021-12-29 13:35:00,283 [Listener at 127.0.0.1/35453] INFO  ozone.MiniOzoneClusterImpl (MiniOzoneClusterImpl.java:lambda$waitForClusterToBeReady$0(240)) - SCM became leader
2021-12-29 13:35:01,268 [Command processor thread] INFO  server.RaftServer (RaftServerProxy.java:addNew(95)) - ec8d6e88-7dab-40d3-b5f4-362e80a98c5e: addNew group-CF2CF1C2D30A:[ec8d6e88-7dab-40d3-b5f4-362e80a98c5e|rpc:10.1.0.26:40805|priority:1] returns group-CF2CF1C2D30A:java.util.concurrent.CompletableFuture@59bd171[Not completed]
2021-12-29 13:35:01,274 [pool-200-thread-1] INFO  server.RaftServer$Division (RaftServerImpl.java:<init>(184)) - ec8d6e88-7dab-40d3-b5f4-362e80a98c5e: new RaftServerImpl for group-CF2CF1C2D30A:[ec8d6e88-7dab-40d3-b5f4-362e80a98c5e|rpc:10.1.0.26:40805|priority:1] with ContainerStateMachine:uninitialized
2021-12-29 13:35:01,275 [pool-200-thread-1] INFO  server.RaftServerConfigKeys (ConfUtils.java:logGet(44)) - raft.server.rpc.timeout.min = 5s (custom)
2021-12-29 13:35:01,275 [pool-200-thread-1] INFO  server.RaftServerConfigKeys (ConfUtils.java:logGet(44)) - raft.server.rpc.timeout.max = 5200ms (custom)
2021-12-29 13:35:01,275 [pool-200-thread-1] INFO  server.RaftServerConfigKeys (ConfUtils.java:logGet(44)) - raft.server.rpc.sleep.time = 25ms (default)
2021-12-29 13:35:01,275 [pool-200-thread-1] INFO  server.RaftServerConfigKeys (ConfUtils.java:logGet(44)) - raft.server.rpc.slowness.timeout = 300s (custom)
2021-12-29 13:35:01,275 [pool-200-thread-1] INFO  server.RaftServerConfigKeys (ConfUtils.java:logGet(44)) - raft.server.leaderelection.leader.step-down.wait-time = 10s (default)
2021-12-29 13:35:01,275 [pool-200-thread-1] INFO  server.RaftServerConfigKeys (ConfUtils.java:logGet(44)) - raft.server.sleep.deviation.threshold = 300ms (default)
2021-12-29 13:35:01,275 [pool-200-thread-1] INFO  server.RaftServerConfigKeys (ConfUtils.java:logGet(44)) - raft.server.log.appender.install.snapshot.enabled = false (custom)
2021-12-29 13:35:01,275 [pool-200-thread-1] INFO  server.RaftServer$Division (ServerState.java:<init>(105)) - ec8d6e88-7dab-40d3-b5f4-362e80a98c5e@group-CF2CF1C2D30A: ConfigurationManager, init=-1: [ec8d6e88-7dab-40d3-b5f4-362e80a98c5e|rpc:10.1.0.26:40805|priority:1], old=null, confs=<EMPTY_MAP>
2021-12-29 13:35:01,275 [pool-200-thread-1] INFO  server.RaftServerConfigKeys (ConfUtils.java:logGet(44)) - raft.server.storage.dir = [/home/runner/work/ozone/ozone/hadoop-ozone/integration-test/target/test-dir/MiniOzoneClusterImpl-37cf7816-8d03-4967-8f48-8c315ca58879/datanode-0/data/ratis] (custom)
2021-12-29 13:35:01,275 [pool-200-thread-1] INFO  server.RaftServerConfigKeys (ConfUtils.java:logGet(44)) - raft.server.log.corruption.policy = EXCEPTION (default)
2021-12-29 13:35:01,275 [pool-200-thread-1] INFO  server.RaftServerConfigKeys (ConfUtils.java:logGet(44)) - raft.server.storage.free-space.min = 0MB (=0) (default)
2021-12-29 13:35:01,276 [pool-200-thread-1] INFO  storage.RaftStorageDirectory (RaftStorageDirectoryImpl.java:analyzeStorage(135)) - The storage directory /home/runner/work/ozone/ozone/hadoop-ozone/integration-test/target/test-dir/MiniOzoneClusterImpl-37cf7816-8d03-4967-8f48-8c315ca58879/datanode-0/data/ratis/73cf64b5-0eae-4666-9a3a-cf2cf1c2d30a does not exist. Creating ...
2021-12-29 13:35:01,277 [pool-200-thread-1] INFO  storage.RaftStorageDirectory (RaftStorageDirectoryImpl.java:tryLock(230)) - Lock on /home/runner/work/ozone/ozone/hadoop-ozone/integration-test/target/test-dir/MiniOzoneClusterImpl-37cf7816-8d03-4967-8f48-8c315ca58879/datanode-0/data/ratis/73cf64b5-0eae-4666-9a3a-cf2cf1c2d30a/in_use.lock acquired by nodename 16235@fv-az59-280
2021-12-29 13:35:01,283 [pool-200-thread-1] INFO  storage.RaftStorage (RaftStorageImpl.java:format(89)) - Storage directory /home/runner/work/ozone/ozone/hadoop-ozone/integration-test/target/test-dir/MiniOzoneClusterImpl-37cf7816-8d03-4967-8f48-8c315ca58879/datanode-0/data/ratis/73cf64b5-0eae-4666-9a3a-cf2cf1c2d30a has been successfully formatted.
2021-12-29 13:35:01,299 [Listener at 127.0.0.1/35453] INFO  ozone.MiniOzoneClusterImpl (MiniOzoneClusterImpl.java:lambda$waitForClusterToBeReady$0(235)) - Nodes are ready. Got 3 of 3 DN Heartbeats.
2021-12-29 13:35:01,299 [Listener at 127.0.0.1/35453] INFO  ozone.MiniOzoneClusterImpl (MiniOzoneClusterImpl.java:lambda$waitForClusterToBeReady$0(238)) - Waiting for cluster to exit safe mode
2021-12-29 13:35:01,299 [Listener at 127.0.0.1/35453] INFO  ozone.MiniOzoneClusterImpl (MiniOzoneClusterImpl.java:lambda$waitForClusterToBeReady$0(240)) - SCM became leader
2021-12-29 13:35:01,311 [pool-200-thread-1] INFO  ratis.ContainerStateMachine (ContainerStateMachine.java:loadSnapshot(231)) - group-CF2CF1C2D30A: The snapshot info is null. Setting the last applied indexto:(t:0, i:~)
2021-12-29 13:35:01,311 [pool-200-thread-1] INFO  server.RaftServerConfigKeys (ConfUtils.java:logGet(44)) - raft.server.notification.no-leader.timeout = 300s (custom)
2021-12-29 13:35:01,311 [pool-200-thread-1] INFO  server.RaftServerConfigKeys (ConfUtils.java:logGet(44)) - raft.server.log.use.memory = false (default)
2021-12-29 13:35:01,311 [pool-200-thread-1] INFO  server.RaftServerConfigKeys (ConfUtils.java:logGet(44)) - raft.server.log.purge.gap = 1000000 (custom)
2021-12-29 13:35:01,311 [pool-200-thread-1] INFO  server.RaftServerConfigKeys (ConfUtils.java:logGet(44)) - raft.server.log.appender.buffer.byte-limit = 33554432 (custom)
2021-12-29 13:35:01,311 [pool-200-thread-1] INFO  server.RaftServerConfigKeys (ConfUtils.java:logGet(44)) - raft.server.log.segment.size.max = 1048576 (custom)
2021-12-29 13:35:01,312 [pool-200-thread-1] INFO  server.RaftServerConfigKeys (ConfUtils.java:logGet(44)) - raft.server.log.segment.cache.num.max = 2 (custom)
2021-12-29 13:35:01,312 [pool-200-thread-1] INFO  server.RaftServerConfigKeys (ConfUtils.java:logGet(44)) - raft.server.log.segment.cache.size.max = 200MB (=209715200) (default)
2021-12-29 13:35:01,312 [pool-200-thread-1] INFO  segmented.SegmentedRaftLogWorker (SegmentedRaftLogWorker.java:<init>(182)) - new ec8d6e88-7dab-40d3-b5f4-362e80a98c5e@group-CF2CF1C2D30A-SegmentedRaftLogWorker for RaftStorageImpl:Storage Directory /home/runner/work/ozone/ozone/hadoop-ozone/integration-test/target/test-dir/MiniOzoneClusterImpl-37cf7816-8d03-4967-8f48-8c315ca58879/datanode-0/data/ratis/73cf64b5-0eae-4666-9a3a-cf2cf1c2d30a
2021-12-29 13:35:01,312 [pool-200-thread-1] INFO  server.RaftServerConfigKeys (ConfUtils.java:logGet(44)) - raft.server.log.queue.byte-limit = 2147483647 (custom)
2021-12-29 13:35:01,312 [pool-200-thread-1] INFO  server.RaftServerConfigKeys (ConfUtils.java:logGet(44)) - raft.server.log.queue.element-limit = 1024 (custom)
2021-12-29 13:35:01,312 [pool-200-thread-1] INFO  server.RaftServerConfigKeys (ConfUtils.java:logGet(44)) - raft.server.log.segment.size.max = 1048576 (custom)
2021-12-29 13:35:01,312 [pool-200-thread-1] INFO  server.RaftServerConfigKeys (ConfUtils.java:logGet(44)) - raft.server.log.preallocated.size = 16384 (custom)
2021-12-29 13:35:01,312 [pool-200-thread-1] INFO  server.RaftServerConfigKeys (ConfUtils.java:logGet(44)) - raft.server.log.force.sync.num = 128 (default)
2021-12-29 13:35:01,312 [pool-200-thread-1] INFO  server.RaftServerConfigKeys (ConfUtils.java:logGet(44)) - raft.server.log.statemachine.data.sync = true (default)
2021-12-29 13:35:01,312 [pool-200-thread-1] INFO  server.RaftServerConfigKeys (ConfUtils.java:logGet(44)) - raft.server.log.statemachine.data.sync.timeout = 10s (default)
2021-12-29 13:35:01,312 [pool-200-thread-1] INFO  server.RaftServerConfigKeys (ConfUtils.java:logGet(44)) - raft.server.log.statemachine.data.sync.timeout.retry = -1 (default)
2021-12-29 13:35:01,313 [pool-200-thread-1] INFO  server.RaftServerConfigKeys (ConfUtils.java:logGet(44)) - raft.server.log.write.buffer.size = 1048576 (custom)
2021-12-29 13:35:01,314 [pool-200-thread-1] INFO  server.RaftServerConfigKeys (ConfUtils.java:logGet(44)) - raft.server.log.statemachine.data.caching.enabled = true (custom)
2021-12-29 13:35:01,314 [pool-200-thread-1] INFO  segmented.SegmentedRaftLogWorker (SegmentedRaftLogWorker.java:lambda$new$0(133)) - ec8d6e88-7dab-40d3-b5f4-362e80a98c5e@group-CF2CF1C2D30A-SegmentedRaftLogWorker: flushIndex: setUnconditionally 0 -> -1
2021-12-29 13:35:01,314 [pool-200-thread-1] INFO  segmented.SegmentedRaftLogWorker (SegmentedRaftLogWorker.java:lambda$new$0(133)) - ec8d6e88-7dab-40d3-b5f4-362e80a98c5e@group-CF2CF1C2D30A-SegmentedRaftLogWorker: safeCacheEvictIndex: setUnconditionally 0 -> -1
2021-12-29 13:35:01,314 [EventQueue-PipelineReportForPipelineReportHandler] INFO  pipeline.PipelineManagerImpl (PipelineManagerImpl.java:openPipeline(291)) - Pipeline Pipeline[ Id: 73cf64b5-0eae-4666-9a3a-cf2cf1c2d30a, Nodes: ec8d6e88-7dab-40d3-b5f4-362e80a98c5e{ip: 10.1.0.26, host: fv-az59-280.csjynl4pkq3e1pkirw3ssqjfoh.cx.internal.cloudapp.net, ports: [REPLICATION=39395, RATIS=40805, RATIS_ADMIN=40805, RATIS_SERVER=40805, STANDALONE=38759], networkLocation: /default-rack, certSerialId: null, persistedOpState: IN_SERVICE, persistedOpStateExpiryEpochSec: 0}, ReplicationConfig: RATIS/ONE, State:ALLOCATED, leaderId:ec8d6e88-7dab-40d3-b5f4-362e80a98c5e, CreationTimestamp2021-12-29T13:34:58.275Z[Etc/UTC]] moved to OPEN state
2021-12-29 13:35:01,318 [pool-200-thread-1] INFO  server.RaftServerConfigKeys (ConfUtils.java:logGet(44)) - raft.server.snapshot.auto.trigger.enabled = true (custom)
2021-12-29 13:35:01,318 [pool-200-thread-1] INFO  server.RaftServerConfigKeys (ConfUtils.java:logGet(44)) - raft.server.snapshot.auto.trigger.threshold = 10000 (custom)
2021-12-29 13:35:01,318 [pool-200-thread-1] INFO  server.RaftServerConfigKeys (ConfUtils.java:logGet(44)) - raft.server.snapshot.retention.file.num = 5 (custom)
2021-12-29 13:35:01,318 [pool-200-thread-1] INFO  server.RaftServerConfigKeys (ConfUtils.java:logGet(44)) - raft.server.log.purge.upto.snapshot.index = false (default)
2021-12-29 13:35:01,318 [pool-200-thread-1] INFO  server.RaftServerConfigKeys (ConfUtils.java:logGet(44)) - raft.server.retrycache.expirytime = 600000ms (custom)
2021-12-29 13:35:01,318 [pool-200-thread-1] INFO  server.RaftServerConfigKeys (ConfUtils.java:logGet(44)) - raft.server.retrycache.statistics.expirytime = 100μs (default)
2021-12-29 13:35:01,319 [pool-200-thread-1] INFO  server.RaftServer$Division (RaftServerImpl.java:start(301)) - ec8d6e88-7dab-40d3-b5f4-362e80a98c5e@group-CF2CF1C2D30A: start as a follower, conf=-1: [ec8d6e88-7dab-40d3-b5f4-362e80a98c5e|rpc:10.1.0.26:40805|priority:1], old=null
2021-12-29 13:35:01,326 [pool-200-thread-1] INFO  server.RaftServer$Division (RaftServerImpl.java:setRole(290)) - ec8d6e88-7dab-40d3-b5f4-362e80a98c5e@group-CF2CF1C2D30A: changes role from      null to FOLLOWER at term 0 for startAsFollower
2021-12-29 13:35:01,326 [pool-200-thread-1] INFO  impl.RoleInfo (RoleInfo.java:updateAndGet(130)) - ec8d6e88-7dab-40d3-b5f4-362e80a98c5e: start ec8d6e88-7dab-40d3-b5f4-362e80a98c5e@group-CF2CF1C2D30A-FollowerState
2021-12-29 13:35:01,326 [pool-200-thread-1] INFO  util.JmxRegister (JmxRegister.java:tryRegister(44)) - Successfully registered JMX Bean with object name Ratis:service=RaftServer,group=group-CF2CF1C2D30A,id=ec8d6e88-7dab-40d3-b5f4-362e80a98c5e
2021-12-29 13:35:01,330 [Command processor thread] INFO  ratis.XceiverServerRatis (XceiverServerRatis.java:addGroup(768)) - Created group PipelineID=73cf64b5-0eae-4666-9a3a-cf2cf1c2d30a
2021-12-29 13:35:01,334 [Command processor thread] INFO  commandhandler.CreatePipelineCommandHandler (CreatePipelineCommandHandler.java:handle(106)) - Created Pipeline RATIS ONE PipelineID=73cf64b5-0eae-4666-9a3a-cf2cf1c2d30a.
2021-12-29 13:35:01,360 [Command processor thread] INFO  server.RaftServer (RaftServerProxy.java:addNew(95)) - ec8d6e88-7dab-40d3-b5f4-362e80a98c5e: addNew group-5B449A8528E9:[ec8d6e88-7dab-40d3-b5f4-362e80a98c5e|rpc:10.1.0.26:40805|priority:0, c27593dc-118c-4b8f-a1b6-791b95aa201d|rpc:10.1.0.26:43913|priority:1, 338a2944-85be-4327-99ba-33562aaad680|rpc:10.1.0.26:34795|priority:0] returns group-5B449A8528E9:java.util.concurrent.CompletableFuture@1a4451a[Not completed]
2021-12-29 13:35:01,361 [pool-200-thread-1] INFO  server.RaftServer$Division (RaftServerImpl.java:<init>(184)) - ec8d6e88-7dab-40d3-b5f4-362e80a98c5e: new RaftServerImpl for group-5B449A8528E9:[ec8d6e88-7dab-40d3-b5f4-362e80a98c5e|rpc:10.1.0.26:40805|priority:0, c27593dc-118c-4b8f-a1b6-791b95aa201d|rpc:10.1.0.26:43913|priority:1, 338a2944-85be-4327-99ba-33562aaad680|rpc:10.1.0.26:34795|priority:0] with ContainerStateMachine:uninitialized
2021-12-29 13:35:01,361 [pool-200-thread-1] INFO  server.RaftServerConfigKeys (ConfUtils.java:logGet(44)) - raft.server.rpc.timeout.min = 5s (custom)
2021-12-29 13:35:01,361 [pool-200-thread-1] INFO  server.RaftServerConfigKeys (ConfUtils.java:logGet(44)) - raft.server.rpc.timeout.max = 5200ms (custom)
2021-12-29 13:35:01,361 [pool-200-thread-1] INFO  server.RaftServerConfigKeys (ConfUtils.java:logGet(44)) - raft.server.rpc.sleep.time = 25ms (default)
2021-12-29 13:35:01,361 [pool-200-thread-1] INFO  server.RaftServerConfigKeys (ConfUtils.java:logGet(44)) - raft.server.rpc.slowness.timeout = 300s (custom)
2021-12-29 13:35:01,361 [pool-200-thread-1] INFO  server.RaftServerConfigKeys (ConfUtils.java:logGet(44)) - raft.server.leaderelection.leader.step-down.wait-time = 10s (default)
2021-12-29 13:35:01,362 [pool-200-thread-1] INFO  server.RaftServerConfigKeys (ConfUtils.java:logGet(44)) - raft.server.sleep.deviation.threshold = 300ms (default)
2021-12-29 13:35:01,362 [pool-200-thread-1] INFO  server.RaftServerConfigKeys (ConfUtils.java:logGet(44)) - raft.server.log.appender.install.snapshot.enabled = false (custom)
2021-12-29 13:35:01,362 [pool-200-thread-1] INFO  server.RaftServer$Division (ServerState.java:<init>(105)) - ec8d6e88-7dab-40d3-b5f4-362e80a98c5e@group-5B449A8528E9: ConfigurationManager, init=-1: [ec8d6e88-7dab-40d3-b5f4-362e80a98c5e|rpc:10.1.0.26:40805|priority:0, c27593dc-118c-4b8f-a1b6-791b95aa201d|rpc:10.1.0.26:43913|priority:1, 338a2944-85be-4327-99ba-33562aaad680|rpc:10.1.0.26:34795|priority:0], old=null, confs=<EMPTY_MAP>
2021-12-29 13:35:01,362 [pool-200-thread-1] INFO  server.RaftServerConfigKeys (ConfUtils.java:logGet(44)) - raft.server.storage.dir = [/home/runner/work/ozone/ozone/hadoop-ozone/integration-test/target/test-dir/MiniOzoneClusterImpl-37cf7816-8d03-4967-8f48-8c315ca58879/datanode-0/data/ratis] (custom)
2021-12-29 13:35:01,362 [pool-200-thread-1] INFO  server.RaftServerConfigKeys (ConfUtils.java:logGet(44)) - raft.server.log.corruption.policy = EXCEPTION (default)
2021-12-29 13:35:01,362 [pool-200-thread-1] INFO  server.RaftServerConfigKeys (ConfUtils.java:logGet(44)) - raft.server.storage.free-space.min = 0MB (=0) (default)
2021-12-29 13:35:01,362 [pool-200-thread-1] INFO  storage.RaftStorageDirectory (RaftStorageDirectoryImpl.java:analyzeStorage(135)) - The storage directory /home/runner/work/ozone/ozone/hadoop-ozone/integration-test/target/test-dir/MiniOzoneClusterImpl-37cf7816-8d03-4967-8f48-8c315ca58879/datanode-0/data/ratis/1dbb02f2-41a3-4191-9f44-5b449a8528e9 does not exist. Creating ...
2021-12-29 13:35:01,362 [EventQueue-OpenPipelineForHealthyPipelineSafeModeRule] INFO  safemode.SCMSafeModeManager (HealthyPipelineSafeModeRule.java:process(124)) - SCM in safe mode. Healthy pipelines reported count is 0, required healthy pipeline reported count is 1
2021-12-29 13:35:01,363 [pool-200-thread-1] INFO  storage.RaftStorageDirectory (RaftStorageDirectoryImpl.java:tryLock(230)) - Lock on /home/runner/work/ozone/ozone/hadoop-ozone/integration-test/target/test-dir/MiniOzoneClusterImpl-37cf7816-8d03-4967-8f48-8c315ca58879/datanode-0/data/ratis/1dbb02f2-41a3-4191-9f44-5b449a8528e9/in_use.lock acquired by nodename 16235@fv-az59-280
2021-12-29 13:35:01,364 [pool-200-thread-1] INFO  storage.RaftStorage (RaftStorageImpl.java:format(89)) - Storage directory /home/runner/work/ozone/ozone/hadoop-ozone/integration-test/target/test-dir/MiniOzoneClusterImpl-37cf7816-8d03-4967-8f48-8c315ca58879/datanode-0/data/ratis/1dbb02f2-41a3-4191-9f44-5b449a8528e9 has been successfully formatted.
2021-12-29 13:35:01,364 [pool-200-thread-1] INFO  ratis.ContainerStateMachine (ContainerStateMachine.java:loadSnapshot(231)) - group-5B449A8528E9: The snapshot info is null. Setting the last applied indexto:(t:0, i:~)
2021-12-29 13:35:01,364 [pool-200-thread-1] INFO  server.RaftServerConfigKeys (ConfUtils.java:logGet(44)) - raft.server.notification.no-leader.timeout = 300s (custom)
2021-12-29 13:35:01,364 [pool-200-thread-1] INFO  server.RaftServerConfigKeys (ConfUtils.java:logGet(44)) - raft.server.log.use.memory = false (default)
2021-12-29 13:35:01,364 [pool-200-thread-1] INFO  server.RaftServerConfigKeys (ConfUtils.java:logGet(44)) - raft.server.log.purge.gap = 1000000 (custom)
2021-12-29 13:35:01,364 [pool-200-thread-1] INFO  server.RaftServerConfigKeys (ConfUtils.java:logGet(44)) - raft.server.log.appender.buffer.byte-limit = 33554432 (custom)
2021-12-29 13:35:01,365 [pool-200-thread-1] INFO  server.RaftServerConfigKeys (ConfUtils.java:logGet(44)) - raft.server.log.segment.size.max = 1048576 (custom)
2021-12-29 13:35:01,366 [EventQueue-OpenPipelineForHealthyPipelineSafeModeRule] INFO  safemode.SCMSafeModeManager (HealthyPipelineSafeModeRule.java:process(124)) - SCM in safe mode. Healthy pipelines reported count is 0, required healthy pipeline reported count is 1
2021-12-29 13:35:01,366 [pool-200-thread-1] INFO  server.RaftServerConfigKeys (ConfUtils.java:logGet(44)) - raft.server.log.segment.cache.num.max = 2 (custom)
2021-12-29 13:35:01,366 [pool-200-thread-1] INFO  server.RaftServerConfigKeys (ConfUtils.java:logGet(44)) - raft.server.log.segment.cache.size.max = 200MB (=209715200) (default)
2021-12-29 13:35:01,366 [pool-200-thread-1] INFO  segmented.SegmentedRaftLogWorker (SegmentedRaftLogWorker.java:<init>(182)) - new ec8d6e88-7dab-40d3-b5f4-362e80a98c5e@group-5B449A8528E9-SegmentedRaftLogWorker for RaftStorageImpl:Storage Directory /home/runner/work/ozone/ozone/hadoop-ozone/integration-test/target/test-dir/MiniOzoneClusterImpl-37cf7816-8d03-4967-8f48-8c315ca58879/datanode-0/data/ratis/1dbb02f2-41a3-4191-9f44-5b449a8528e9
2021-12-29 13:35:01,366 [pool-200-thread-1] INFO  server.RaftServerConfigKeys (ConfUtils.java:logGet(44)) - raft.server.log.queue.byte-limit = 2147483647 (custom)
2021-12-29 13:35:01,366 [pool-200-thread-1] INFO  server.RaftServerConfigKeys (ConfUtils.java:logGet(44)) - raft.server.log.queue.element-limit = 1024 (custom)
2021-12-29 13:35:01,366 [pool-200-thread-1] INFO  server.RaftServerConfigKeys (ConfUtils.java:logGet(44)) - raft.server.log.segment.size.max = 1048576 (custom)
2021-12-29 13:35:01,366 [pool-200-thread-1] INFO  server.RaftServerConfigKeys (ConfUtils.java:logGet(44)) - raft.server.log.preallocated.size = 16384 (custom)
2021-12-29 13:35:01,366 [pool-200-thread-1] INFO  server.RaftServerConfigKeys (ConfUtils.java:logGet(44)) - raft.server.log.force.sync.num = 128 (default)
2021-12-29 13:35:01,366 [pool-200-thread-1] INFO  server.RaftServerConfigKeys (ConfUtils.java:logGet(44)) - raft.server.log.statemachine.data.sync = true (default)
2021-12-29 13:35:01,366 [pool-200-thread-1] INFO  server.RaftServerConfigKeys (ConfUtils.java:logGet(44)) - raft.server.log.statemachine.data.sync.timeout = 10s (default)
2021-12-29 13:35:01,366 [pool-200-thread-1] INFO  server.RaftServerConfigKeys (ConfUtils.java:logGet(44)) - raft.server.log.statemachine.data.sync.timeout.retry = -1 (default)
2021-12-29 13:35:01,367 [pool-200-thread-1] INFO  server.RaftServerConfigKeys (ConfUtils.java:logGet(44)) - raft.server.log.write.buffer.size = 1048576 (custom)
2021-12-29 13:35:01,368 [pool-200-thread-1] INFO  server.RaftServerConfigKeys (ConfUtils.java:logGet(44)) - raft.server.log.statemachine.data.caching.enabled = true (custom)
2021-12-29 13:35:01,368 [pool-200-thread-1] INFO  segmented.SegmentedRaftLogWorker (SegmentedRaftLogWorker.java:lambda$new$0(133)) - ec8d6e88-7dab-40d3-b5f4-362e80a98c5e@group-5B449A8528E9-SegmentedRaftLogWorker: flushIndex: setUnconditionally 0 -> -1
2021-12-29 13:35:01,368 [pool-200-thread-1] INFO  segmented.SegmentedRaftLogWorker (SegmentedRaftLogWorker.java:lambda$new$0(133)) - ec8d6e88-7dab-40d3-b5f4-362e80a98c5e@group-5B449A8528E9-SegmentedRaftLogWorker: safeCacheEvictIndex: setUnconditionally 0 -> -1
2021-12-29 13:35:01,368 [pool-200-thread-1] INFO  server.RaftServerConfigKeys (ConfUtils.java:logGet(44)) - raft.server.snapshot.auto.trigger.enabled = true (custom)
2021-12-29 13:35:01,368 [pool-200-thread-1] INFO  server.RaftServerConfigKeys (ConfUtils.java:logGet(44)) - raft.server.snapshot.auto.trigger.threshold = 10000 (custom)
2021-12-29 13:35:01,368 [pool-200-thread-1] INFO  server.RaftServerConfigKeys (ConfUtils.java:logGet(44)) - raft.server.snapshot.retention.file.num = 5 (custom)
2021-12-29 13:35:01,368 [pool-200-thread-1] INFO  server.RaftServerConfigKeys (ConfUtils.java:logGet(44)) - raft.server.log.purge.upto.snapshot.index = false (default)
2021-12-29 13:35:01,368 [pool-200-thread-1] INFO  server.RaftServerConfigKeys (ConfUtils.java:logGet(44)) - raft.server.retrycache.expirytime = 600000ms (custom)
2021-12-29 13:35:01,368 [pool-200-thread-1] INFO  server.RaftServerConfigKeys (ConfUtils.java:logGet(44)) - raft.server.retrycache.statistics.expirytime = 100μs (default)
2021-12-29 13:35:01,370 [pool-200-thread-1] INFO  server.RaftServer$Division (RaftServerImpl.java:start(301)) - ec8d6e88-7dab-40d3-b5f4-362e80a98c5e@group-5B449A8528E9: start as a follower, conf=-1: [ec8d6e88-7dab-40d3-b5f4-362e80a98c5e|rpc:10.1.0.26:40805|priority:0, c27593dc-118c-4b8f-a1b6-791b95aa201d|rpc:10.1.0.26:43913|priority:1, 338a2944-85be-4327-99ba-33562aaad680|rpc:10.1.0.26:34795|priority:0], old=null
2021-12-29 13:35:01,370 [pool-200-thread-1] INFO  server.RaftServer$Division (RaftServerImpl.java:setRole(290)) - ec8d6e88-7dab-40d3-b5f4-362e80a98c5e@group-5B449A8528E9: changes role from      null to FOLLOWER at term 0 for startAsFollower
2021-12-29 13:35:01,370 [pool-200-thread-1] INFO  impl.RoleInfo (RoleInfo.java:updateAndGet(130)) - ec8d6e88-7dab-40d3-b5f4-362e80a98c5e: start ec8d6e88-7dab-40d3-b5f4-362e80a98c5e@group-5B449A8528E9-FollowerState
2021-12-29 13:35:01,370 [pool-200-thread-1] INFO  util.JmxRegister (JmxRegister.java:tryRegister(44)) - Successfully registered JMX Bean with object name Ratis:service=RaftServer,group=group-5B449A8528E9,id=ec8d6e88-7dab-40d3-b5f4-362e80a98c5e
2021-12-29 13:35:01,371 [Command processor thread] INFO  ratis.XceiverServerRatis (XceiverServerRatis.java:addGroup(768)) - Created group PipelineID=1dbb02f2-41a3-4191-9f44-5b449a8528e9
2021-12-29 13:35:01,396 [grpc-default-executor-1] INFO  server.RaftServer (RaftServerProxy.java:addNew(95)) - c27593dc-118c-4b8f-a1b6-791b95aa201d: addNew group-5B449A8528E9:[ec8d6e88-7dab-40d3-b5f4-362e80a98c5e|rpc:10.1.0.26:40805|dataStream:|priority:0, c27593dc-118c-4b8f-a1b6-791b95aa201d|rpc:10.1.0.26:43913|dataStream:|priority:1, 338a2944-85be-4327-99ba-33562aaad680|rpc:10.1.0.26:34795|dataStream:|priority:0] returns group-5B449A8528E9:java.util.concurrent.CompletableFuture@4d31c897[Not completed]
2021-12-29 13:35:01,422 [pool-221-thread-1] INFO  server.RaftServer$Division (RaftServerImpl.java:<init>(184)) - c27593dc-118c-4b8f-a1b6-791b95aa201d: new RaftServerImpl for group-5B449A8528E9:[ec8d6e88-7dab-40d3-b5f4-362e80a98c5e|rpc:10.1.0.26:40805|dataStream:|priority:0, c27593dc-118c-4b8f-a1b6-791b95aa201d|rpc:10.1.0.26:43913|dataStream:|priority:1, 338a2944-85be-4327-99ba-33562aaad680|rpc:10.1.0.26:34795|dataStream:|priority:0] with ContainerStateMachine:uninitialized
2021-12-29 13:35:01,423 [pool-221-thread-1] INFO  server.RaftServerConfigKeys (ConfUtils.java:logGet(44)) - raft.server.rpc.timeout.min = 5s (custom)
2021-12-29 13:35:01,423 [pool-221-thread-1] INFO  server.RaftServerConfigKeys (ConfUtils.java:logGet(44)) - raft.server.rpc.timeout.max = 5200ms (custom)
2021-12-29 13:35:01,423 [pool-221-thread-1] INFO  server.RaftServerConfigKeys (ConfUtils.java:logGet(44)) - raft.server.rpc.sleep.time = 25ms (default)
2021-12-29 13:35:01,423 [pool-221-thread-1] INFO  server.RaftServerConfigKeys (ConfUtils.java:logGet(44)) - raft.server.rpc.slowness.timeout = 300s (custom)
2021-12-29 13:35:01,423 [pool-221-thread-1] INFO  server.RaftServerConfigKeys (ConfUtils.java:logGet(44)) - raft.server.leaderelection.leader.step-down.wait-time = 10s (default)
2021-12-29 13:35:01,423 [pool-221-thread-1] INFO  server.RaftServerConfigKeys (ConfUtils.java:logGet(44)) - raft.server.sleep.deviation.threshold = 300ms (default)
2021-12-29 13:35:01,423 [pool-221-thread-1] INFO  server.RaftServerConfigKeys (ConfUtils.java:logGet(44)) - raft.server.log.appender.install.snapshot.enabled = false (custom)
2021-12-29 13:35:01,423 [pool-221-thread-1] INFO  server.RaftServer$Division (ServerState.java:<init>(105)) - c27593dc-118c-4b8f-a1b6-791b95aa201d@group-5B449A8528E9: ConfigurationManager, init=-1: [ec8d6e88-7dab-40d3-b5f4-362e80a98c5e|rpc:10.1.0.26:40805|dataStream:|priority:0, c27593dc-118c-4b8f-a1b6-791b95aa201d|rpc:10.1.0.26:43913|dataStream:|priority:1, 338a2944-85be-4327-99ba-33562aaad680|rpc:10.1.0.26:34795|dataStream:|priority:0], old=null, confs=<EMPTY_MAP>
2021-12-29 13:35:01,423 [pool-221-thread-1] INFO  server.RaftServerConfigKeys (ConfUtils.java:logGet(44)) - raft.server.storage.dir = [/home/runner/work/ozone/ozone/hadoop-ozone/integration-test/target/test-dir/MiniOzoneClusterImpl-37cf7816-8d03-4967-8f48-8c315ca58879/datanode-1/data/ratis] (custom)
2021-12-29 13:35:01,423 [pool-221-thread-1] INFO  server.RaftServerConfigKeys (ConfUtils.java:logGet(44)) - raft.server.log.corruption.policy = EXCEPTION (default)
2021-12-29 13:35:01,423 [pool-221-thread-1] INFO  server.RaftServerConfigKeys (ConfUtils.java:logGet(44)) - raft.server.storage.free-space.min = 0MB (=0) (default)
2021-12-29 13:35:01,423 [pool-221-thread-1] INFO  storage.RaftStorageDirectory (RaftStorageDirectoryImpl.java:analyzeStorage(135)) - The storage directory /home/runner/work/ozone/ozone/hadoop-ozone/integration-test/target/test-dir/MiniOzoneClusterImpl-37cf7816-8d03-4967-8f48-8c315ca58879/datanode-1/data/ratis/1dbb02f2-41a3-4191-9f44-5b449a8528e9 does not exist. Creating ...
2021-12-29 13:35:01,425 [pool-221-thread-1] INFO  storage.RaftStorageDirectory (RaftStorageDirectoryImpl.java:tryLock(230)) - Lock on /home/runner/work/ozone/ozone/hadoop-ozone/integration-test/target/test-dir/MiniOzoneClusterImpl-37cf7816-8d03-4967-8f48-8c315ca58879/datanode-1/data/ratis/1dbb02f2-41a3-4191-9f44-5b449a8528e9/in_use.lock acquired by nodename 16235@fv-az59-280
2021-12-29 13:35:01,427 [pool-221-thread-1] INFO  storage.RaftStorage (RaftStorageImpl.java:format(89)) - Storage directory /home/runner/work/ozone/ozone/hadoop-ozone/integration-test/target/test-dir/MiniOzoneClusterImpl-37cf7816-8d03-4967-8f48-8c315ca58879/datanode-1/data/ratis/1dbb02f2-41a3-4191-9f44-5b449a8528e9 has been successfully formatted.
2021-12-29 13:35:01,428 [pool-221-thread-1] INFO  ratis.ContainerStateMachine (ContainerStateMachine.java:loadSnapshot(231)) - group-5B449A8528E9: The snapshot info is null. Setting the last applied indexto:(t:0, i:~)
2021-12-29 13:35:01,428 [pool-221-thread-1] INFO  server.RaftServerConfigKeys (ConfUtils.java:logGet(44)) - raft.server.notification.no-leader.timeout = 300s (custom)
2021-12-29 13:35:01,428 [pool-221-thread-1] INFO  server.RaftServerConfigKeys (ConfUtils.java:logGet(44)) - raft.server.log.use.memory = false (default)
2021-12-29 13:35:01,428 [pool-221-thread-1] INFO  server.RaftServerConfigKeys (ConfUtils.java:logGet(44)) - raft.server.log.purge.gap = 1000000 (custom)
2021-12-29 13:35:01,428 [pool-221-thread-1] INFO  server.RaftServerConfigKeys (ConfUtils.java:logGet(44)) - raft.server.log.appender.buffer.byte-limit = 33554432 (custom)
2021-12-29 13:35:01,428 [pool-221-thread-1] INFO  server.RaftServerConfigKeys (ConfUtils.java:logGet(44)) - raft.server.log.segment.size.max = 1048576 (custom)
2021-12-29 13:35:01,429 [pool-221-thread-1] INFO  server.RaftServerConfigKeys (ConfUtils.java:logGet(44)) - raft.server.log.segment.cache.num.max = 2 (custom)
2021-12-29 13:35:01,429 [pool-221-thread-1] INFO  server.RaftServerConfigKeys (ConfUtils.java:logGet(44)) - raft.server.log.segment.cache.size.max = 200MB (=209715200) (default)
2021-12-29 13:35:01,429 [pool-221-thread-1] INFO  segmented.SegmentedRaftLogWorker (SegmentedRaftLogWorker.java:<init>(182)) - new c27593dc-118c-4b8f-a1b6-791b95aa201d@group-5B449A8528E9-SegmentedRaftLogWorker for RaftStorageImpl:Storage Directory /home/runner/work/ozone/ozone/hadoop-ozone/integration-test/target/test-dir/MiniOzoneClusterImpl-37cf7816-8d03-4967-8f48-8c315ca58879/datanode-1/data/ratis/1dbb02f2-41a3-4191-9f44-5b449a8528e9
2021-12-29 13:35:01,429 [pool-221-thread-1] INFO  server.RaftServerConfigKeys (ConfUtils.java:logGet(44)) - raft.server.log.queue.byte-limit = 2147483647 (custom)
2021-12-29 13:35:01,429 [pool-221-thread-1] INFO  server.RaftServerConfigKeys (ConfUtils.java:logGet(44)) - raft.server.log.queue.element-limit = 1024 (custom)
2021-12-29 13:35:01,429 [pool-221-thread-1] INFO  server.RaftServerConfigKeys (ConfUtils.java:logGet(44)) - raft.server.log.segment.size.max = 1048576 (custom)
2021-12-29 13:35:01,429 [pool-221-thread-1] INFO  server.RaftServerConfigKeys (ConfUtils.java:logGet(44)) - raft.server.log.preallocated.size = 16384 (custom)
2021-12-29 13:35:01,429 [pool-221-thread-1] INFO  server.RaftServerConfigKeys (ConfUtils.java:logGet(44)) - raft.server.log.force.sync.num = 128 (default)
2021-12-29 13:35:01,429 [pool-221-thread-1] INFO  server.RaftServerConfigKeys (ConfUtils.java:logGet(44)) - raft.server.log.statemachine.data.sync = true (default)
2021-12-29 13:35:01,429 [pool-221-thread-1] INFO  server.RaftServerConfigKeys (ConfUtils.java:logGet(44)) - raft.server.log.statemachine.data.sync.timeout = 10s (default)
2021-12-29 13:35:01,429 [pool-221-thread-1] INFO  server.RaftServerConfigKeys (ConfUtils.java:logGet(44)) - raft.server.log.statemachine.data.sync.timeout.retry = -1 (default)
2021-12-29 13:35:01,430 [pool-221-thread-1] INFO  server.RaftServerConfigKeys (ConfUtils.java:logGet(44)) - raft.server.log.write.buffer.size = 1048576 (custom)
2021-12-29 13:35:01,430 [pool-221-thread-1] INFO  server.RaftServerConfigKeys (ConfUtils.java:logGet(44)) - raft.server.log.statemachine.data.caching.enabled = true (custom)
2021-12-29 13:35:01,430 [pool-221-thread-1] INFO  segmented.SegmentedRaftLogWorker (SegmentedRaftLogWorker.java:lambda$new$0(133)) - c27593dc-118c-4b8f-a1b6-791b95aa201d@group-5B449A8528E9-SegmentedRaftLogWorker: flushIndex: setUnconditionally 0 -> -1
2021-12-29 13:35:01,430 [pool-221-thread-1] INFO  segmented.SegmentedRaftLogWorker (SegmentedRaftLogWorker.java:lambda$new$0(133)) - c27593dc-118c-4b8f-a1b6-791b95aa201d@group-5B449A8528E9-SegmentedRaftLogWorker: safeCacheEvictIndex: setUnconditionally 0 -> -1
2021-12-29 13:35:01,443 [pool-221-thread-1] INFO  server.RaftServerConfigKeys (ConfUtils.java:logGet(44)) - raft.server.snapshot.auto.trigger.enabled = true (custom)
2021-12-29 13:35:01,443 [pool-221-thread-1] INFO  server.RaftServerConfigKeys (ConfUtils.java:logGet(44)) - raft.server.snapshot.auto.trigger.threshold = 10000 (custom)
2021-12-29 13:35:01,443 [pool-221-thread-1] INFO  server.RaftServerConfigKeys (ConfUtils.java:logGet(44)) - raft.server.snapshot.retention.file.num = 5 (custom)
2021-12-29 13:35:01,443 [pool-221-thread-1] INFO  server.RaftServerConfigKeys (ConfUtils.java:logGet(44)) - raft.server.log.purge.upto.snapshot.index = false (default)
2021-12-29 13:35:01,443 [pool-221-thread-1] INFO  server.RaftServerConfigKeys (ConfUtils.java:logGet(44)) - raft.server.retrycache.expirytime = 600000ms (custom)
2021-12-29 13:35:01,443 [pool-221-thread-1] INFO  server.RaftServerConfigKeys (ConfUtils.java:logGet(44)) - raft.server.retrycache.statistics.expirytime = 100μs (default)
2021-12-29 13:35:01,444 [pool-221-thread-1] INFO  server.RaftServer$Division (RaftServerImpl.java:start(301)) - c27593dc-118c-4b8f-a1b6-791b95aa201d@group-5B449A8528E9: start as a follower, conf=-1: [ec8d6e88-7dab-40d3-b5f4-362e80a98c5e|rpc:10.1.0.26:40805|dataStream:|priority:0, c27593dc-118c-4b8f-a1b6-791b95aa201d|rpc:10.1.0.26:43913|dataStream:|priority:1, 338a2944-85be-4327-99ba-33562aaad680|rpc:10.1.0.26:34795|dataStream:|priority:0], old=null
2021-12-29 13:35:01,444 [pool-221-thread-1] INFO  server.RaftServer$Division (RaftServerImpl.java:setRole(290)) - c27593dc-118c-4b8f-a1b6-791b95aa201d@group-5B449A8528E9: changes role from      null to FOLLOWER at term 0 for startAsFollower
2021-12-29 13:35:01,444 [pool-221-thread-1] INFO  impl.RoleInfo (RoleInfo.java:updateAndGet(130)) - c27593dc-118c-4b8f-a1b6-791b95aa201d: start c27593dc-118c-4b8f-a1b6-791b95aa201d@group-5B449A8528E9-FollowerState
2021-12-29 13:35:01,445 [pool-221-thread-1] INFO  util.JmxRegister (JmxRegister.java:tryRegister(44)) - Successfully registered JMX Bean with object name Ratis:service=RaftServer,group=group-5B449A8528E9,id=c27593dc-118c-4b8f-a1b6-791b95aa201d
2021-12-29 13:35:01,475 [grpc-default-executor-1] INFO  server.RaftServer (RaftServerProxy.java:addNew(95)) - 338a2944-85be-4327-99ba-33562aaad680: addNew group-5B449A8528E9:[ec8d6e88-7dab-40d3-b5f4-362e80a98c5e|rpc:10.1.0.26:40805|dataStream:|priority:0, c27593dc-118c-4b8f-a1b6-791b95aa201d|rpc:10.1.0.26:43913|dataStream:|priority:1, 338a2944-85be-4327-99ba-33562aaad680|rpc:10.1.0.26:34795|dataStream:|priority:0] returns group-5B449A8528E9:java.util.concurrent.CompletableFuture@37eecd7e[Not completed]
2021-12-29 13:35:01,484 [pool-242-thread-1] INFO  server.RaftServer$Division (RaftServerImpl.java:<init>(184)) - 338a2944-85be-4327-99ba-33562aaad680: new RaftServerImpl for group-5B449A8528E9:[ec8d6e88-7dab-40d3-b5f4-362e80a98c5e|rpc:10.1.0.26:40805|dataStream:|priority:0, c27593dc-118c-4b8f-a1b6-791b95aa201d|rpc:10.1.0.26:43913|dataStream:|priority:1, 338a2944-85be-4327-99ba-33562aaad680|rpc:10.1.0.26:34795|dataStream:|priority:0] with ContainerStateMachine:uninitialized
2021-12-29 13:35:01,484 [pool-242-thread-1] INFO  server.RaftServerConfigKeys (ConfUtils.java:logGet(44)) - raft.server.rpc.timeout.min = 5s (custom)
2021-12-29 13:35:01,484 [pool-242-thread-1] INFO  server.RaftServerConfigKeys (ConfUtils.java:logGet(44)) - raft.server.rpc.timeout.max = 5200ms (custom)
2021-12-29 13:35:01,484 [pool-242-thread-1] INFO  server.RaftServerConfigKeys (ConfUtils.java:logGet(44)) - raft.server.rpc.sleep.time = 25ms (default)
2021-12-29 13:35:01,484 [pool-242-thread-1] INFO  server.RaftServerConfigKeys (ConfUtils.java:logGet(44)) - raft.server.rpc.slowness.timeout = 300s (custom)
2021-12-29 13:35:01,484 [pool-242-thread-1] INFO  server.RaftServerConfigKeys (ConfUtils.java:logGet(44)) - raft.server.leaderelection.leader.step-down.wait-time = 10s (default)
2021-12-29 13:35:01,484 [pool-242-thread-1] INFO  server.RaftServerConfigKeys (ConfUtils.java:logGet(44)) - raft.server.sleep.deviation.threshold = 300ms (default)
2021-12-29 13:35:01,485 [pool-242-thread-1] INFO  server.RaftServerConfigKeys (ConfUtils.java:logGet(44)) - raft.server.log.appender.install.snapshot.enabled = false (custom)
2021-12-29 13:35:01,485 [pool-242-thread-1] INFO  server.RaftServer$Division (ServerState.java:<init>(105)) - 338a2944-85be-4327-99ba-33562aaad680@group-5B449A8528E9: ConfigurationManager, init=-1: [ec8d6e88-7dab-40d3-b5f4-362e80a98c5e|rpc:10.1.0.26:40805|dataStream:|priority:0, c27593dc-118c-4b8f-a1b6-791b95aa201d|rpc:10.1.0.26:43913|dataStream:|priority:1, 338a2944-85be-4327-99ba-33562aaad680|rpc:10.1.0.26:34795|dataStream:|priority:0], old=null, confs=<EMPTY_MAP>
2021-12-29 13:35:01,485 [pool-242-thread-1] INFO  server.RaftServerConfigKeys (ConfUtils.java:logGet(44)) - raft.server.storage.dir = [/home/runner/work/ozone/ozone/hadoop-ozone/integration-test/target/test-dir/MiniOzoneClusterImpl-37cf7816-8d03-4967-8f48-8c315ca58879/datanode-2/data/ratis] (custom)
2021-12-29 13:35:01,485 [pool-242-thread-1] INFO  server.RaftServerConfigKeys (ConfUtils.java:logGet(44)) - raft.server.log.corruption.policy = EXCEPTION (default)
2021-12-29 13:35:01,485 [pool-242-thread-1] INFO  server.RaftServerConfigKeys (ConfUtils.java:logGet(44)) - raft.server.storage.free-space.min = 0MB (=0) (default)
2021-12-29 13:35:01,485 [pool-242-thread-1] INFO  storage.RaftStorageDirectory (RaftStorageDirectoryImpl.java:analyzeStorage(135)) - The storage directory /home/runner/work/ozone/ozone/hadoop-ozone/integration-test/target/test-dir/MiniOzoneClusterImpl-37cf7816-8d03-4967-8f48-8c315ca58879/datanode-2/data/ratis/1dbb02f2-41a3-4191-9f44-5b449a8528e9 does not exist. Creating ...
2021-12-29 13:35:01,494 [pool-242-thread-1] INFO  storage.RaftStorageDirectory (RaftStorageDirectoryImpl.java:tryLock(230)) - Lock on /home/runner/work/ozone/ozone/hadoop-ozone/integration-test/target/test-dir/MiniOzoneClusterImpl-37cf7816-8d03-4967-8f48-8c315ca58879/datanode-2/data/ratis/1dbb02f2-41a3-4191-9f44-5b449a8528e9/in_use.lock acquired by nodename 16235@fv-az59-280
2021-12-29 13:35:01,497 [pool-242-thread-1] INFO  storage.RaftStorage (RaftStorageImpl.java:format(89)) - Storage directory /home/runner/work/ozone/ozone/hadoop-ozone/integration-test/target/test-dir/MiniOzoneClusterImpl-37cf7816-8d03-4967-8f48-8c315ca58879/datanode-2/data/ratis/1dbb02f2-41a3-4191-9f44-5b449a8528e9 has been successfully formatted.
2021-12-29 13:35:01,498 [pool-242-thread-1] INFO  ratis.ContainerStateMachine (ContainerStateMachine.java:loadSnapshot(231)) - group-5B449A8528E9: The snapshot info is null. Setting the last applied indexto:(t:0, i:~)
2021-12-29 13:35:01,498 [pool-242-thread-1] INFO  server.RaftServerConfigKeys (ConfUtils.java:logGet(44)) - raft.server.notification.no-leader.timeout = 300s (custom)
2021-12-29 13:35:01,498 [pool-242-thread-1] INFO  server.RaftServerConfigKeys (ConfUtils.java:logGet(44)) - raft.server.log.use.memory = false (default)
2021-12-29 13:35:01,498 [pool-242-thread-1] INFO  server.RaftServerConfigKeys (ConfUtils.java:logGet(44)) - raft.server.log.purge.gap = 1000000 (custom)
2021-12-29 13:35:01,498 [pool-242-thread-1] INFO  server.RaftServerConfigKeys (ConfUtils.java:logGet(44)) - raft.server.log.appender.buffer.byte-limit = 33554432 (custom)
2021-12-29 13:35:01,498 [pool-242-thread-1] INFO  server.RaftServerConfigKeys (ConfUtils.java:logGet(44)) - raft.server.log.segment.size.max = 1048576 (custom)
2021-12-29 13:35:01,499 [pool-242-thread-1] INFO  server.RaftServerConfigKeys (ConfUtils.java:logGet(44)) - raft.server.log.segment.cache.num.max = 2 (custom)
2021-12-29 13:35:01,499 [pool-242-thread-1] INFO  server.RaftServerConfigKeys (ConfUtils.java:logGet(44)) - raft.server.log.segment.cache.size.max = 200MB (=209715200) (default)
2021-12-29 13:35:01,499 [pool-242-thread-1] INFO  segmented.SegmentedRaftLogWorker (SegmentedRaftLogWorker.java:<init>(182)) - new 338a2944-85be-4327-99ba-33562aaad680@group-5B449A8528E9-SegmentedRaftLogWorker for RaftStorageImpl:Storage Directory /home/runner/work/ozone/ozone/hadoop-ozone/integration-test/target/test-dir/MiniOzoneClusterImpl-37cf7816-8d03-4967-8f48-8c315ca58879/datanode-2/data/ratis/1dbb02f2-41a3-4191-9f44-5b449a8528e9
2021-12-29 13:35:01,499 [pool-242-thread-1] INFO  server.RaftServerConfigKeys (ConfUtils.java:logGet(44)) - raft.server.log.queue.byte-limit = 2147483647 (custom)
2021-12-29 13:35:01,499 [pool-242-thread-1] INFO  server.RaftServerConfigKeys (ConfUtils.java:logGet(44)) - raft.server.log.queue.element-limit = 1024 (custom)
2021-12-29 13:35:01,499 [pool-242-thread-1] INFO  server.RaftServerConfigKeys (ConfUtils.java:logGet(44)) - raft.server.log.segment.size.max = 1048576 (custom)
2021-12-29 13:35:01,499 [pool-242-thread-1] INFO  server.RaftServerConfigKeys (ConfUtils.java:logGet(44)) - raft.server.log.preallocated.size = 16384 (custom)
2021-12-29 13:35:01,499 [pool-242-thread-1] INFO  server.RaftServerConfigKeys (ConfUtils.java:logGet(44)) - raft.server.log.force.sync.num = 128 (default)
2021-12-29 13:35:01,499 [pool-242-thread-1] INFO  server.RaftServerConfigKeys (ConfUtils.java:logGet(44)) - raft.server.log.statemachine.data.sync = true (default)
2021-12-29 13:35:01,499 [pool-242-thread-1] INFO  server.RaftServerConfigKeys (ConfUtils.java:logGet(44)) - raft.server.log.statemachine.data.sync.timeout = 10s (default)
2021-12-29 13:35:01,499 [pool-242-thread-1] INFO  server.RaftServerConfigKeys (ConfUtils.java:logGet(44)) - raft.server.log.statemachine.data.sync.timeout.retry = -1 (default)
2021-12-29 13:35:01,500 [pool-242-thread-1] INFO  server.RaftServerConfigKeys (ConfUtils.java:logGet(44)) - raft.server.log.write.buffer.size = 1048576 (custom)
2021-12-29 13:35:01,501 [pool-242-thread-1] INFO  server.RaftServerConfigKeys (ConfUtils.java:logGet(44)) - raft.server.log.statemachine.data.caching.enabled = true (custom)
2021-12-29 13:35:01,501 [pool-242-thread-1] INFO  segmented.SegmentedRaftLogWorker (SegmentedRaftLogWorker.java:lambda$new$0(133)) - 338a2944-85be-4327-99ba-33562aaad680@group-5B449A8528E9-SegmentedRaftLogWorker: flushIndex: setUnconditionally 0 -> -1
2021-12-29 13:35:01,501 [pool-242-thread-1] INFO  segmented.SegmentedRaftLogWorker (SegmentedRaftLogWorker.java:lambda$new$0(133)) - 338a2944-85be-4327-99ba-33562aaad680@group-5B449A8528E9-SegmentedRaftLogWorker: safeCacheEvictIndex: setUnconditionally 0 -> -1
2021-12-29 13:35:01,501 [pool-242-thread-1] INFO  server.RaftServerConfigKeys (ConfUtils.java:logGet(44)) - raft.server.snapshot.auto.trigger.enabled = true (custom)
2021-12-29 13:35:01,501 [pool-242-thread-1] INFO  server.RaftServerConfigKeys (ConfUtils.java:logGet(44)) - raft.server.snapshot.auto.trigger.threshold = 10000 (custom)
2021-12-29 13:35:01,501 [pool-242-thread-1] INFO  server.RaftServerConfigKeys (ConfUtils.java:logGet(44)) - raft.server.snapshot.retention.file.num = 5 (custom)
2021-12-29 13:35:01,501 [pool-242-thread-1] INFO  server.RaftServerConfigKeys (ConfUtils.java:logGet(44)) - raft.server.log.purge.upto.snapshot.index = false (default)
2021-12-29 13:35:01,501 [pool-242-thread-1] INFO  server.RaftServerConfigKeys (ConfUtils.java:logGet(44)) - raft.server.retrycache.expirytime = 600000ms (custom)
2021-12-29 13:35:01,501 [pool-242-thread-1] INFO  server.RaftServerConfigKeys (ConfUtils.java:logGet(44)) - raft.server.retrycache.statistics.expirytime = 100μs (default)
2021-12-29 13:35:01,502 [pool-242-thread-1] INFO  server.RaftServer$Division (RaftServerImpl.java:start(301)) - 338a2944-85be-4327-99ba-33562aaad680@group-5B449A8528E9: start as a follower, conf=-1: [ec8d6e88-7dab-40d3-b5f4-362e80a98c5e|rpc:10.1.0.26:40805|dataStream:|priority:0, c27593dc-118c-4b8f-a1b6-791b95aa201d|rpc:10.1.0.26:43913|dataStream:|priority:1, 338a2944-85be-4327-99ba-33562aaad680|rpc:10.1.0.26:34795|dataStream:|priority:0], old=null
2021-12-29 13:35:01,502 [pool-242-thread-1] INFO  server.RaftServer$Division (RaftServerImpl.java:setRole(290)) - 338a2944-85be-4327-99ba-33562aaad680@group-5B449A8528E9: changes role from      null to FOLLOWER at term 0 for startAsFollower
2021-12-29 13:35:01,502 [pool-242-thread-1] INFO  impl.RoleInfo (RoleInfo.java:updateAndGet(130)) - 338a2944-85be-4327-99ba-33562aaad680: start 338a2944-85be-4327-99ba-33562aaad680@group-5B449A8528E9-FollowerState
2021-12-29 13:35:01,503 [pool-242-thread-1] INFO  util.JmxRegister (JmxRegister.java:tryRegister(44)) - Successfully registered JMX Bean with object name Ratis:service=RaftServer,group=group-5B449A8528E9,id=338a2944-85be-4327-99ba-33562aaad680
2021-12-29 13:35:01,543 [Command processor thread] INFO  commandhandler.CreatePipelineCommandHandler (CreatePipelineCommandHandler.java:handle(106)) - Created Pipeline RATIS THREE PipelineID=1dbb02f2-41a3-4191-9f44-5b449a8528e9.
2021-12-29 13:35:01,544 [Command processor thread] INFO  server.RaftServer (RaftServerProxy.java:addNew(95)) - ec8d6e88-7dab-40d3-b5f4-362e80a98c5e: addNew group-C6BC184C74FE:[ec8d6e88-7dab-40d3-b5f4-362e80a98c5e|rpc:10.1.0.26:40805|priority:1, c27593dc-118c-4b8f-a1b6-791b95aa201d|rpc:10.1.0.26:43913|priority:0, 338a2944-85be-4327-99ba-33562aaad680|rpc:10.1.0.26:34795|priority:0] returns group-C6BC184C74FE:java.util.concurrent.CompletableFuture@31f51285[Not completed]
2021-12-29 13:35:01,544 [pool-200-thread-1] INFO  server.RaftServer$Division (RaftServerImpl.java:<init>(184)) - ec8d6e88-7dab-40d3-b5f4-362e80a98c5e: new RaftServerImpl for group-C6BC184C74FE:[ec8d6e88-7dab-40d3-b5f4-362e80a98c5e|rpc:10.1.0.26:40805|priority:1, c27593dc-118c-4b8f-a1b6-791b95aa201d|rpc:10.1.0.26:43913|priority:0, 338a2944-85be-4327-99ba-33562aaad680|rpc:10.1.0.26:34795|priority:0] with ContainerStateMachine:uninitialized
2021-12-29 13:35:01,544 [pool-200-thread-1] INFO  server.RaftServerConfigKeys (ConfUtils.java:logGet(44)) - raft.server.rpc.timeout.min = 5s (custom)
2021-12-29 13:35:01,545 [pool-200-thread-1] INFO  server.RaftServerConfigKeys (ConfUtils.java:logGet(44)) - raft.server.rpc.timeout.max = 5200ms (custom)
2021-12-29 13:35:01,545 [pool-200-thread-1] INFO  server.RaftServerConfigKeys (ConfUtils.java:logGet(44)) - raft.server.rpc.sleep.time = 25ms (default)
2021-12-29 13:35:01,545 [pool-200-thread-1] INFO  server.RaftServerConfigKeys (ConfUtils.java:logGet(44)) - raft.server.rpc.slowness.timeout = 300s (custom)
2021-12-29 13:35:01,545 [pool-200-thread-1] INFO  server.RaftServerConfigKeys (ConfUtils.java:logGet(44)) - raft.server.leaderelection.leader.step-down.wait-time = 10s (default)
2021-12-29 13:35:01,545 [pool-200-thread-1] INFO  server.RaftServerConfigKeys (ConfUtils.java:logGet(44)) - raft.server.sleep.deviation.threshold = 300ms (default)
2021-12-29 13:35:01,545 [pool-200-thread-1] INFO  server.RaftServerConfigKeys (ConfUtils.java:logGet(44)) - raft.server.log.appender.install.snapshot.enabled = false (custom)
2021-12-29 13:35:01,545 [pool-200-thread-1] INFO  server.RaftServer$Division (ServerState.java:<init>(105)) - ec8d6e88-7dab-40d3-b5f4-362e80a98c5e@group-C6BC184C74FE: ConfigurationManager, init=-1: [ec8d6e88-7dab-40d3-b5f4-362e80a98c5e|rpc:10.1.0.26:40805|priority:1, c27593dc-118c-4b8f-a1b6-791b95aa201d|rpc:10.1.0.26:43913|priority:0, 338a2944-85be-4327-99ba-33562aaad680|rpc:10.1.0.26:34795|priority:0], old=null, confs=<EMPTY_MAP>
2021-12-29 13:35:01,545 [pool-200-thread-1] INFO  server.RaftServerConfigKeys (ConfUtils.java:logGet(44)) - raft.server.storage.dir = [/home/runner/work/ozone/ozone/hadoop-ozone/integration-test/target/test-dir/MiniOzoneClusterImpl-37cf7816-8d03-4967-8f48-8c315ca58879/datanode-0/data/ratis] (custom)
2021-12-29 13:35:01,545 [pool-200-thread-1] INFO  server.RaftServerConfigKeys (ConfUtils.java:logGet(44)) - raft.server.log.corruption.policy = EXCEPTION (default)
2021-12-29 13:35:01,545 [pool-200-thread-1] INFO  server.RaftServerConfigKeys (ConfUtils.java:logGet(44)) - raft.server.storage.free-space.min = 0MB (=0) (default)
2021-12-29 13:35:01,545 [pool-200-thread-1] INFO  storage.RaftStorageDirectory (RaftStorageDirectoryImpl.java:analyzeStorage(135)) - The storage directory /home/runner/work/ozone/ozone/hadoop-ozone/integration-test/target/test-dir/MiniOzoneClusterImpl-37cf7816-8d03-4967-8f48-8c315ca58879/datanode-0/data/ratis/041e1eac-1fc0-4c03-9ed9-c6bc184c74fe does not exist. Creating ...
2021-12-29 13:35:01,546 [pool-200-thread-1] INFO  storage.RaftStorageDirectory (RaftStorageDirectoryImpl.java:tryLock(230)) - Lock on /home/runner/work/ozone/ozone/hadoop-ozone/integration-test/target/test-dir/MiniOzoneClusterImpl-37cf7816-8d03-4967-8f48-8c315ca58879/datanode-0/data/ratis/041e1eac-1fc0-4c03-9ed9-c6bc184c74fe/in_use.lock acquired by nodename 16235@fv-az59-280
2021-12-29 13:35:01,547 [pool-200-thread-1] INFO  storage.RaftStorage (RaftStorageImpl.java:format(89)) - Storage directory /home/runner/work/ozone/ozone/hadoop-ozone/integration-test/target/test-dir/MiniOzoneClusterImpl-37cf7816-8d03-4967-8f48-8c315ca58879/datanode-0/data/ratis/041e1eac-1fc0-4c03-9ed9-c6bc184c74fe has been successfully formatted.
2021-12-29 13:35:01,547 [pool-200-thread-1] INFO  ratis.ContainerStateMachine (ContainerStateMachine.java:loadSnapshot(231)) - group-C6BC184C74FE: The snapshot info is null. Setting the last applied indexto:(t:0, i:~)
2021-12-29 13:35:01,548 [pool-200-thread-1] INFO  server.RaftServerConfigKeys (ConfUtils.java:logGet(44)) - raft.server.notification.no-leader.timeout = 300s (custom)
2021-12-29 13:35:01,548 [pool-200-thread-1] INFO  server.RaftServerConfigKeys (ConfUtils.java:logGet(44)) - raft.server.log.use.memory = false (default)
2021-12-29 13:35:01,548 [pool-200-thread-1] INFO  server.RaftServerConfigKeys (ConfUtils.java:logGet(44)) - raft.server.log.purge.gap = 1000000 (custom)
2021-12-29 13:35:01,548 [EventQueue-OpenPipelineForHealthyPipelineSafeModeRule] INFO  safemode.SCMSafeModeManager (HealthyPipelineSafeModeRule.java:process(124)) - SCM in safe mode. Healthy pipelines reported count is 0, required healthy pipeline reported count is 1
2021-12-29 13:35:01,549 [pool-200-thread-1] INFO  server.RaftServerConfigKeys (ConfUtils.java:logGet(44)) - raft.server.log.appender.buffer.byte-limit = 33554432 (custom)
2021-12-29 13:35:01,549 [pool-200-thread-1] INFO  server.RaftServerConfigKeys (ConfUtils.java:logGet(44)) - raft.server.log.segment.size.max = 1048576 (custom)
2021-12-29 13:35:01,550 [pool-200-thread-1] INFO  server.RaftServerConfigKeys (ConfUtils.java:logGet(44)) - raft.server.log.segment.cache.num.max = 2 (custom)
2021-12-29 13:35:01,550 [pool-200-thread-1] INFO  server.RaftServerConfigKeys (ConfUtils.java:logGet(44)) - raft.server.log.segment.cache.size.max = 200MB (=209715200) (default)
2021-12-29 13:35:01,550 [pool-200-thread-1] INFO  segmented.SegmentedRaftLogWorker (SegmentedRaftLogWorker.java:<init>(182)) - new ec8d6e88-7dab-40d3-b5f4-362e80a98c5e@group-C6BC184C74FE-SegmentedRaftLogWorker for RaftStorageImpl:Storage Directory /home/runner/work/ozone/ozone/hadoop-ozone/integration-test/target/test-dir/MiniOzoneClusterImpl-37cf7816-8d03-4967-8f48-8c315ca58879/datanode-0/data/ratis/041e1eac-1fc0-4c03-9ed9-c6bc184c74fe
2021-12-29 13:35:01,550 [pool-200-thread-1] INFO  server.RaftServerConfigKeys (ConfUtils.java:logGet(44)) - raft.server.log.queue.byte-limit = 2147483647 (custom)
2021-12-29 13:35:01,550 [pool-200-thread-1] INFO  server.RaftServerConfigKeys (ConfUtils.java:logGet(44)) - raft.server.log.queue.element-limit = 1024 (custom)
2021-12-29 13:35:01,550 [pool-200-thread-1] INFO  server.RaftServerConfigKeys (ConfUtils.java:logGet(44)) - raft.server.log.segment.size.max = 1048576 (custom)
2021-12-29 13:35:01,550 [pool-200-thread-1] INFO  server.RaftServerConfigKeys (ConfUtils.java:logGet(44)) - raft.server.log.preallocated.size = 16384 (custom)
2021-12-29 13:35:01,550 [pool-200-thread-1] INFO  server.RaftServerConfigKeys (ConfUtils.java:logGet(44)) - raft.server.log.force.sync.num = 128 (default)
2021-12-29 13:35:01,550 [pool-200-thread-1] INFO  server.RaftServerConfigKeys (ConfUtils.java:logGet(44)) - raft.server.log.statemachine.data.sync = true (default)
2021-12-29 13:35:01,550 [pool-200-thread-1] INFO  server.RaftServerConfigKeys (ConfUtils.java:logGet(44)) - raft.server.log.statemachine.data.sync.timeout = 10s (default)
2021-12-29 13:35:01,550 [pool-200-thread-1] INFO  server.RaftServerConfigKeys (ConfUtils.java:logGet(44)) - raft.server.log.statemachine.data.sync.timeout.retry = -1 (default)
2021-12-29 13:35:01,551 [pool-200-thread-1] INFO  server.RaftServerConfigKeys (ConfUtils.java:logGet(44)) - raft.server.log.write.buffer.size = 1048576 (custom)
2021-12-29 13:35:01,552 [pool-200-thread-1] INFO  server.RaftServerConfigKeys (ConfUtils.java:logGet(44)) - raft.server.log.statemachine.data.caching.enabled = true (custom)
2021-12-29 13:35:01,552 [pool-200-thread-1] INFO  segmented.SegmentedRaftLogWorker (SegmentedRaftLogWorker.java:lambda$new$0(133)) - ec8d6e88-7dab-40d3-b5f4-362e80a98c5e@group-C6BC184C74FE-SegmentedRaftLogWorker: flushIndex: setUnconditionally 0 -> -1
2021-12-29 13:35:01,552 [pool-200-thread-1] INFO  segmented.SegmentedRaftLogWorker (SegmentedRaftLogWorker.java:lambda$new$0(133)) - ec8d6e88-7dab-40d3-b5f4-362e80a98c5e@group-C6BC184C74FE-SegmentedRaftLogWorker: safeCacheEvictIndex: setUnconditionally 0 -> -1
2021-12-29 13:35:01,558 [pool-200-thread-1] INFO  server.RaftServerConfigKeys (ConfUtils.java:logGet(44)) - raft.server.snapshot.auto.trigger.enabled = true (custom)
2021-12-29 13:35:01,559 [pool-200-thread-1] INFO  server.RaftServerConfigKeys (ConfUtils.java:logGet(44)) - raft.server.snapshot.auto.trigger.threshold = 10000 (custom)
2021-12-29 13:35:01,559 [pool-200-thread-1] INFO  server.RaftServerConfigKeys (ConfUtils.java:logGet(44)) - raft.server.snapshot.retention.file.num = 5 (custom)
2021-12-29 13:35:01,559 [pool-200-thread-1] INFO  server.RaftServerConfigKeys (ConfUtils.java:logGet(44)) - raft.server.log.purge.upto.snapshot.index = false (default)
2021-12-29 13:35:01,559 [pool-200-thread-1] INFO  server.RaftServerConfigKeys (ConfUtils.java:logGet(44)) - raft.server.retrycache.expirytime = 600000ms (custom)
2021-12-29 13:35:01,559 [pool-200-thread-1] INFO  server.RaftServerConfigKeys (ConfUtils.java:logGet(44)) - raft.server.retrycache.statistics.expirytime = 100μs (default)
2021-12-29 13:35:01,560 [pool-200-thread-1] INFO  server.RaftServer$Division (RaftServerImpl.java:start(301)) - ec8d6e88-7dab-40d3-b5f4-362e80a98c5e@group-C6BC184C74FE: start as a follower, conf=-1: [ec8d6e88-7dab-40d3-b5f4-362e80a98c5e|rpc:10.1.0.26:40805|priority:1, c27593dc-118c-4b8f-a1b6-791b95aa201d|rpc:10.1.0.26:43913|priority:0, 338a2944-85be-4327-99ba-33562aaad680|rpc:10.1.0.26:34795|priority:0], old=null
2021-12-29 13:35:01,563 [pool-200-thread-1] INFO  server.RaftServer$Division (RaftServerImpl.java:setRole(290)) - ec8d6e88-7dab-40d3-b5f4-362e80a98c5e@group-C6BC184C74FE: changes role from      null to FOLLOWER at term 0 for startAsFollower
2021-12-29 13:35:01,564 [pool-200-thread-1] INFO  impl.RoleInfo (RoleInfo.java:updateAndGet(130)) - ec8d6e88-7dab-40d3-b5f4-362e80a98c5e: start ec8d6e88-7dab-40d3-b5f4-362e80a98c5e@group-C6BC184C74FE-FollowerState
2021-12-29 13:35:01,567 [pool-200-thread-1] INFO  util.JmxRegister (JmxRegister.java:tryRegister(44)) - Successfully registered JMX Bean with object name Ratis:service=RaftServer,group=group-C6BC184C74FE,id=ec8d6e88-7dab-40d3-b5f4-362e80a98c5e
2021-12-29 13:35:01,570 [Command processor thread] INFO  ratis.XceiverServerRatis (XceiverServerRatis.java:addGroup(768)) - Created group PipelineID=041e1eac-1fc0-4c03-9ed9-c6bc184c74fe
2021-12-29 13:35:01,585 [grpc-default-executor-1] INFO  server.RaftServer (RaftServerProxy.java:addNew(95)) - c27593dc-118c-4b8f-a1b6-791b95aa201d: addNew group-C6BC184C74FE:[ec8d6e88-7dab-40d3-b5f4-362e80a98c5e|rpc:10.1.0.26:40805|dataStream:|priority:1, c27593dc-118c-4b8f-a1b6-791b95aa201d|rpc:10.1.0.26:43913|dataStream:|priority:0, 338a2944-85be-4327-99ba-33562aaad680|rpc:10.1.0.26:34795|dataStream:|priority:0] returns group-C6BC184C74FE:java.util.concurrent.CompletableFuture@794eba13[Not completed]
2021-12-29 13:35:01,586 [pool-221-thread-1] INFO  server.RaftServer$Division (RaftServerImpl.java:<init>(184)) - c27593dc-118c-4b8f-a1b6-791b95aa201d: new RaftServerImpl for group-C6BC184C74FE:[ec8d6e88-7dab-40d3-b5f4-362e80a98c5e|rpc:10.1.0.26:40805|dataStream:|priority:1, c27593dc-118c-4b8f-a1b6-791b95aa201d|rpc:10.1.0.26:43913|dataStream:|priority:0, 338a2944-85be-4327-99ba-33562aaad680|rpc:10.1.0.26:34795|dataStream:|priority:0] with ContainerStateMachine:uninitialized
2021-12-29 13:35:01,586 [pool-221-thread-1] INFO  server.RaftServerConfigKeys (ConfUtils.java:logGet(44)) - raft.server.rpc.timeout.min = 5s (custom)
2021-12-29 13:35:01,586 [pool-221-thread-1] INFO  server.RaftServerConfigKeys (ConfUtils.java:logGet(44)) - raft.server.rpc.timeout.max = 5200ms (custom)
2021-12-29 13:35:01,586 [pool-221-thread-1] INFO  server.RaftServerConfigKeys (ConfUtils.java:logGet(44)) - raft.server.rpc.sleep.time = 25ms (default)
2021-12-29 13:35:01,586 [pool-221-thread-1] INFO  server.RaftServerConfigKeys (ConfUtils.java:logGet(44)) - raft.server.rpc.slowness.timeout = 300s (custom)
2021-12-29 13:35:01,586 [pool-221-thread-1] INFO  server.RaftServerConfigKeys (ConfUtils.java:logGet(44)) - raft.server.leaderelection.leader.step-down.wait-time = 10s (default)
2021-12-29 13:35:01,586 [pool-221-thread-1] INFO  server.RaftServerConfigKeys (ConfUtils.java:logGet(44)) - raft.server.sleep.deviation.threshold = 300ms (default)
2021-12-29 13:35:01,586 [pool-221-thread-1] INFO  server.RaftServerConfigKeys (ConfUtils.java:logGet(44)) - raft.server.log.appender.install.snapshot.enabled = false (custom)
2021-12-29 13:35:01,586 [pool-221-thread-1] INFO  server.RaftServer$Division (ServerState.java:<init>(105)) - c27593dc-118c-4b8f-a1b6-791b95aa201d@group-C6BC184C74FE: ConfigurationManager, init=-1: [ec8d6e88-7dab-40d3-b5f4-362e80a98c5e|rpc:10.1.0.26:40805|dataStream:|priority:1, c27593dc-118c-4b8f-a1b6-791b95aa201d|rpc:10.1.0.26:43913|dataStream:|priority:0, 338a2944-85be-4327-99ba-33562aaad680|rpc:10.1.0.26:34795|dataStream:|priority:0], old=null, confs=<EMPTY_MAP>
2021-12-29 13:35:01,586 [pool-221-thread-1] INFO  server.RaftServerConfigKeys (ConfUtils.java:logGet(44)) - raft.server.storage.dir = [/home/runner/work/ozone/ozone/hadoop-ozone/integration-test/target/test-dir/MiniOzoneClusterImpl-37cf7816-8d03-4967-8f48-8c315ca58879/datanode-1/data/ratis] (custom)
2021-12-29 13:35:01,586 [pool-221-thread-1] INFO  server.RaftServerConfigKeys (ConfUtils.java:logGet(44)) - raft.server.log.corruption.policy = EXCEPTION (default)
2021-12-29 13:35:01,586 [pool-221-thread-1] INFO  server.RaftServerConfigKeys (ConfUtils.java:logGet(44)) - raft.server.storage.free-space.min = 0MB (=0) (default)
2021-12-29 13:35:01,586 [pool-221-thread-1] INFO  storage.RaftStorageDirectory (RaftStorageDirectoryImpl.java:analyzeStorage(135)) - The storage directory /home/runner/work/ozone/ozone/hadoop-ozone/integration-test/target/test-dir/MiniOzoneClusterImpl-37cf7816-8d03-4967-8f48-8c315ca58879/datanode-1/data/ratis/041e1eac-1fc0-4c03-9ed9-c6bc184c74fe does not exist. Creating ...
2021-12-29 13:35:01,588 [pool-221-thread-1] INFO  storage.RaftStorageDirectory (RaftStorageDirectoryImpl.java:tryLock(230)) - Lock on /home/runner/work/ozone/ozone/hadoop-ozone/integration-test/target/test-dir/MiniOzoneClusterImpl-37cf7816-8d03-4967-8f48-8c315ca58879/datanode-1/data/ratis/041e1eac-1fc0-4c03-9ed9-c6bc184c74fe/in_use.lock acquired by nodename 16235@fv-az59-280
2021-12-29 13:35:01,589 [pool-221-thread-1] INFO  storage.RaftStorage (RaftStorageImpl.java:format(89)) - Storage directory /home/runner/work/ozone/ozone/hadoop-ozone/integration-test/target/test-dir/MiniOzoneClusterImpl-37cf7816-8d03-4967-8f48-8c315ca58879/datanode-1/data/ratis/041e1eac-1fc0-4c03-9ed9-c6bc184c74fe has been successfully formatted.
2021-12-29 13:35:01,589 [pool-221-thread-1] INFO  ratis.ContainerStateMachine (ContainerStateMachine.java:loadSnapshot(231)) - group-C6BC184C74FE: The snapshot info is null. Setting the last applied indexto:(t:0, i:~)
2021-12-29 13:35:01,589 [pool-221-thread-1] INFO  server.RaftServerConfigKeys (ConfUtils.java:logGet(44)) - raft.server.notification.no-leader.timeout = 300s (custom)
2021-12-29 13:35:01,589 [pool-221-thread-1] INFO  server.RaftServerConfigKeys (ConfUtils.java:logGet(44)) - raft.server.log.use.memory = false (default)
2021-12-29 13:35:01,590 [pool-221-thread-1] INFO  server.RaftServerConfigKeys (ConfUtils.java:logGet(44)) - raft.server.log.purge.gap = 1000000 (custom)
2021-12-29 13:35:01,590 [pool-221-thread-1] INFO  server.RaftServerConfigKeys (ConfUtils.java:logGet(44)) - raft.server.log.appender.buffer.byte-limit = 33554432 (custom)
2021-12-29 13:35:01,590 [pool-221-thread-1] INFO  server.RaftServerConfigKeys (ConfUtils.java:logGet(44)) - raft.server.log.segment.size.max = 1048576 (custom)
2021-12-29 13:35:01,590 [pool-221-thread-1] INFO  server.RaftServerConfigKeys (ConfUtils.java:logGet(44)) - raft.server.log.segment.cache.num.max = 2 (custom)
2021-12-29 13:35:01,590 [pool-221-thread-1] INFO  server.RaftServerConfigKeys (ConfUtils.java:logGet(44)) - raft.server.log.segment.cache.size.max = 200MB (=209715200) (default)
2021-12-29 13:35:01,590 [pool-221-thread-1] INFO  segmented.SegmentedRaftLogWorker (SegmentedRaftLogWorker.java:<init>(182)) - new c27593dc-118c-4b8f-a1b6-791b95aa201d@group-C6BC184C74FE-SegmentedRaftLogWorker for RaftStorageImpl:Storage Directory /home/runner/work/ozone/ozone/hadoop-ozone/integration-test/target/test-dir/MiniOzoneClusterImpl-37cf7816-8d03-4967-8f48-8c315ca58879/datanode-1/data/ratis/041e1eac-1fc0-4c03-9ed9-c6bc184c74fe
2021-12-29 13:35:01,590 [pool-221-thread-1] INFO  server.RaftServerConfigKeys (ConfUtils.java:logGet(44)) - raft.server.log.queue.byte-limit = 2147483647 (custom)
2021-12-29 13:35:01,590 [pool-221-thread-1] INFO  server.RaftServerConfigKeys (ConfUtils.java:logGet(44)) - raft.server.log.queue.element-limit = 1024 (custom)
2021-12-29 13:35:01,590 [pool-221-thread-1] INFO  server.RaftServerConfigKeys (ConfUtils.java:logGet(44)) - raft.server.log.segment.size.max = 1048576 (custom)
2021-12-29 13:35:01,590 [pool-221-thread-1] INFO  server.RaftServerConfigKeys (ConfUtils.java:logGet(44)) - raft.server.log.preallocated.size = 16384 (custom)
2021-12-29 13:35:01,590 [pool-221-thread-1] INFO  server.RaftServerConfigKeys (ConfUtils.java:logGet(44)) - raft.server.log.force.sync.num = 128 (default)
2021-12-29 13:35:01,590 [pool-221-thread-1] INFO  server.RaftServerConfigKeys (ConfUtils.java:logGet(44)) - raft.server.log.statemachine.data.sync = true (default)
2021-12-29 13:35:01,590 [pool-221-thread-1] INFO  server.RaftServerConfigKeys (ConfUtils.java:logGet(44)) - raft.server.log.statemachine.data.sync.timeout = 10s (default)
2021-12-29 13:35:01,590 [pool-221-thread-1] INFO  server.RaftServerConfigKeys (ConfUtils.java:logGet(44)) - raft.server.log.statemachine.data.sync.timeout.retry = -1 (default)
2021-12-29 13:35:01,591 [pool-221-thread-1] INFO  server.RaftServerConfigKeys (ConfUtils.java:logGet(44)) - raft.server.log.write.buffer.size = 1048576 (custom)
2021-12-29 13:35:01,591 [pool-221-thread-1] INFO  server.RaftServerConfigKeys (ConfUtils.java:logGet(44)) - raft.server.log.statemachine.data.caching.enabled = true (custom)
2021-12-29 13:35:01,592 [pool-221-thread-1] INFO  segmented.SegmentedRaftLogWorker (SegmentedRaftLogWorker.java:lambda$new$0(133)) - c27593dc-118c-4b8f-a1b6-791b95aa201d@group-C6BC184C74FE-SegmentedRaftLogWorker: flushIndex: setUnconditionally 0 -> -1
2021-12-29 13:35:01,592 [pool-221-thread-1] INFO  segmented.SegmentedRaftLogWorker (SegmentedRaftLogWorker.java:lambda$new$0(133)) - c27593dc-118c-4b8f-a1b6-791b95aa201d@group-C6BC184C74FE-SegmentedRaftLogWorker: safeCacheEvictIndex: setUnconditionally 0 -> -1
2021-12-29 13:35:01,602 [pool-221-thread-1] INFO  server.RaftServerConfigKeys (ConfUtils.java:logGet(44)) - raft.server.snapshot.auto.trigger.enabled = true (custom)
2021-12-29 13:35:01,603 [pool-221-thread-1] INFO  server.RaftServerConfigKeys (ConfUtils.java:logGet(44)) - raft.server.snapshot.auto.trigger.threshold = 10000 (custom)
2021-12-29 13:35:01,603 [pool-221-thread-1] INFO  server.RaftServerConfigKeys (ConfUtils.java:logGet(44)) - raft.server.snapshot.retention.file.num = 5 (custom)
2021-12-29 13:35:01,603 [pool-221-thread-1] INFO  server.RaftServerConfigKeys (ConfUtils.java:logGet(44)) - raft.server.log.purge.upto.snapshot.index = false (default)
2021-12-29 13:35:01,603 [pool-221-thread-1] INFO  server.RaftServerConfigKeys (ConfUtils.java:logGet(44)) - raft.server.retrycache.expirytime = 600000ms (custom)
2021-12-29 13:35:01,603 [pool-221-thread-1] INFO  server.RaftServerConfigKeys (ConfUtils.java:logGet(44)) - raft.server.retrycache.statistics.expirytime = 100μs (default)
2021-12-29 13:35:01,604 [pool-221-thread-1] INFO  server.RaftServer$Division (RaftServerImpl.java:start(301)) - c27593dc-118c-4b8f-a1b6-791b95aa201d@group-C6BC184C74FE: start as a follower, conf=-1: [ec8d6e88-7dab-40d3-b5f4-362e80a98c5e|rpc:10.1.0.26:40805|dataStream:|priority:1, c27593dc-118c-4b8f-a1b6-791b95aa201d|rpc:10.1.0.26:43913|dataStream:|priority:0, 338a2944-85be-4327-99ba-33562aaad680|rpc:10.1.0.26:34795|dataStream:|priority:0], old=null
2021-12-29 13:35:01,604 [pool-221-thread-1] INFO  server.RaftServer$Division (RaftServerImpl.java:setRole(290)) - c27593dc-118c-4b8f-a1b6-791b95aa201d@group-C6BC184C74FE: changes role from      null to FOLLOWER at term 0 for startAsFollower
2021-12-29 13:35:01,604 [pool-221-thread-1] INFO  impl.RoleInfo (RoleInfo.java:updateAndGet(130)) - c27593dc-118c-4b8f-a1b6-791b95aa201d: start c27593dc-118c-4b8f-a1b6-791b95aa201d@group-C6BC184C74FE-FollowerState
2021-12-29 13:35:01,612 [pool-221-thread-1] INFO  util.JmxRegister (JmxRegister.java:tryRegister(44)) - Successfully registered JMX Bean with object name Ratis:service=RaftServer,group=group-C6BC184C74FE,id=c27593dc-118c-4b8f-a1b6-791b95aa201d
2021-12-29 13:35:01,648 [grpc-default-executor-1] INFO  server.RaftServer (RaftServerProxy.java:addNew(95)) - 338a2944-85be-4327-99ba-33562aaad680: addNew group-C6BC184C74FE:[ec8d6e88-7dab-40d3-b5f4-362e80a98c5e|rpc:10.1.0.26:40805|dataStream:|priority:1, c27593dc-118c-4b8f-a1b6-791b95aa201d|rpc:10.1.0.26:43913|dataStream:|priority:0, 338a2944-85be-4327-99ba-33562aaad680|rpc:10.1.0.26:34795|dataStream:|priority:0] returns group-C6BC184C74FE:java.util.concurrent.CompletableFuture@51779356[Not completed]
2021-12-29 13:35:01,648 [pool-242-thread-1] INFO  server.RaftServer$Division (RaftServerImpl.java:<init>(184)) - 338a2944-85be-4327-99ba-33562aaad680: new RaftServerImpl for group-C6BC184C74FE:[ec8d6e88-7dab-40d3-b5f4-362e80a98c5e|rpc:10.1.0.26:40805|dataStream:|priority:1, c27593dc-118c-4b8f-a1b6-791b95aa201d|rpc:10.1.0.26:43913|dataStream:|priority:0, 338a2944-85be-4327-99ba-33562aaad680|rpc:10.1.0.26:34795|dataStream:|priority:0] with ContainerStateMachine:uninitialized
2021-12-29 13:35:01,649 [pool-242-thread-1] INFO  server.RaftServerConfigKeys (ConfUtils.java:logGet(44)) - raft.server.rpc.timeout.min = 5s (custom)
2021-12-29 13:35:01,649 [pool-242-thread-1] INFO  server.RaftServerConfigKeys (ConfUtils.java:logGet(44)) - raft.server.rpc.timeout.max = 5200ms (custom)
2021-12-29 13:35:01,649 [pool-242-thread-1] INFO  server.RaftServerConfigKeys (ConfUtils.java:logGet(44)) - raft.server.rpc.sleep.time = 25ms (default)
2021-12-29 13:35:01,649 [pool-242-thread-1] INFO  server.RaftServerConfigKeys (ConfUtils.java:logGet(44)) - raft.server.rpc.slowness.timeout = 300s (custom)
2021-12-29 13:35:01,649 [pool-242-thread-1] INFO  server.RaftServerConfigKeys (ConfUtils.java:logGet(44)) - raft.server.leaderelection.leader.step-down.wait-time = 10s (default)
2021-12-29 13:35:01,649 [pool-242-thread-1] INFO  server.RaftServerConfigKeys (ConfUtils.java:logGet(44)) - raft.server.sleep.deviation.threshold = 300ms (default)
2021-12-29 13:35:01,649 [pool-242-thread-1] INFO  server.RaftServerConfigKeys (ConfUtils.java:logGet(44)) - raft.server.log.appender.install.snapshot.enabled = false (custom)
2021-12-29 13:35:01,649 [pool-242-thread-1] INFO  server.RaftServer$Division (ServerState.java:<init>(105)) - 338a2944-85be-4327-99ba-33562aaad680@group-C6BC184C74FE: ConfigurationManager, init=-1: [ec8d6e88-7dab-40d3-b5f4-362e80a98c5e|rpc:10.1.0.26:40805|dataStream:|priority:1, c27593dc-118c-4b8f-a1b6-791b95aa201d|rpc:10.1.0.26:43913|dataStream:|priority:0, 338a2944-85be-4327-99ba-33562aaad680|rpc:10.1.0.26:34795|dataStream:|priority:0], old=null, confs=<EMPTY_MAP>
2021-12-29 13:35:01,649 [pool-242-thread-1] INFO  server.RaftServerConfigKeys (ConfUtils.java:logGet(44)) - raft.server.storage.dir = [/home/runner/work/ozone/ozone/hadoop-ozone/integration-test/target/test-dir/MiniOzoneClusterImpl-37cf7816-8d03-4967-8f48-8c315ca58879/datanode-2/data/ratis] (custom)
2021-12-29 13:35:01,649 [pool-242-thread-1] INFO  server.RaftServerConfigKeys (ConfUtils.java:logGet(44)) - raft.server.log.corruption.policy = EXCEPTION (default)
2021-12-29 13:35:01,649 [pool-242-thread-1] INFO  server.RaftServerConfigKeys (ConfUtils.java:logGet(44)) - raft.server.storage.free-space.min = 0MB (=0) (default)
2021-12-29 13:35:01,649 [pool-242-thread-1] INFO  storage.RaftStorageDirectory (RaftStorageDirectoryImpl.java:analyzeStorage(135)) - The storage directory /home/runner/work/ozone/ozone/hadoop-ozone/integration-test/target/test-dir/MiniOzoneClusterImpl-37cf7816-8d03-4967-8f48-8c315ca58879/datanode-2/data/ratis/041e1eac-1fc0-4c03-9ed9-c6bc184c74fe does not exist. Creating ...
2021-12-29 13:35:01,650 [pool-242-thread-1] INFO  storage.RaftStorageDirectory (RaftStorageDirectoryImpl.java:tryLock(230)) - Lock on /home/runner/work/ozone/ozone/hadoop-ozone/integration-test/target/test-dir/MiniOzoneClusterImpl-37cf7816-8d03-4967-8f48-8c315ca58879/datanode-2/data/ratis/041e1eac-1fc0-4c03-9ed9-c6bc184c74fe/in_use.lock acquired by nodename 16235@fv-az59-280
2021-12-29 13:35:01,651 [pool-242-thread-1] INFO  storage.RaftStorage (RaftStorageImpl.java:format(89)) - Storage directory /home/runner/work/ozone/ozone/hadoop-ozone/integration-test/target/test-dir/MiniOzoneClusterImpl-37cf7816-8d03-4967-8f48-8c315ca58879/datanode-2/data/ratis/041e1eac-1fc0-4c03-9ed9-c6bc184c74fe has been successfully formatted.
2021-12-29 13:35:01,651 [pool-242-thread-1] INFO  ratis.ContainerStateMachine (ContainerStateMachine.java:loadSnapshot(231)) - group-C6BC184C74FE: The snapshot info is null. Setting the last applied indexto:(t:0, i:~)
2021-12-29 13:35:01,652 [pool-242-thread-1] INFO  server.RaftServerConfigKeys (ConfUtils.java:logGet(44)) - raft.server.notification.no-leader.timeout = 300s (custom)
2021-12-29 13:35:01,652 [pool-242-thread-1] INFO  server.RaftServerConfigKeys (ConfUtils.java:logGet(44)) - raft.server.log.use.memory = false (default)
2021-12-29 13:35:01,652 [pool-242-thread-1] INFO  server.RaftServerConfigKeys (ConfUtils.java:logGet(44)) - raft.server.log.purge.gap = 1000000 (custom)
2021-12-29 13:35:01,652 [pool-242-thread-1] INFO  server.RaftServerConfigKeys (ConfUtils.java:logGet(44)) - raft.server.log.appender.buffer.byte-limit = 33554432 (custom)
2021-12-29 13:35:01,652 [pool-242-thread-1] INFO  server.RaftServerConfigKeys (ConfUtils.java:logGet(44)) - raft.server.log.segment.size.max = 1048576 (custom)
2021-12-29 13:35:01,653 [pool-242-thread-1] INFO  server.RaftServerConfigKeys (ConfUtils.java:logGet(44)) - raft.server.log.segment.cache.num.max = 2 (custom)
2021-12-29 13:35:01,653 [pool-242-thread-1] INFO  server.RaftServerConfigKeys (ConfUtils.java:logGet(44)) - raft.server.log.segment.cache.size.max = 200MB (=209715200) (default)
2021-12-29 13:35:01,653 [pool-242-thread-1] INFO  segmented.SegmentedRaftLogWorker (SegmentedRaftLogWorker.java:<init>(182)) - new 338a2944-85be-4327-99ba-33562aaad680@group-C6BC184C74FE-SegmentedRaftLogWorker for RaftStorageImpl:Storage Directory /home/runner/work/ozone/ozone/hadoop-ozone/integration-test/target/test-dir/MiniOzoneClusterImpl-37cf7816-8d03-4967-8f48-8c315ca58879/datanode-2/data/ratis/041e1eac-1fc0-4c03-9ed9-c6bc184c74fe
2021-12-29 13:35:01,653 [pool-242-thread-1] INFO  server.RaftServerConfigKeys (ConfUtils.java:logGet(44)) - raft.server.log.queue.byte-limit = 2147483647 (custom)
2021-12-29 13:35:01,653 [pool-242-thread-1] INFO  server.RaftServerConfigKeys (ConfUtils.java:logGet(44)) - raft.server.log.queue.element-limit = 1024 (custom)
2021-12-29 13:35:01,653 [pool-242-thread-1] INFO  server.RaftServerConfigKeys (ConfUtils.java:logGet(44)) - raft.server.log.segment.size.max = 1048576 (custom)
2021-12-29 13:35:01,653 [pool-242-thread-1] INFO  server.RaftServerConfigKeys (ConfUtils.java:logGet(44)) - raft.server.log.preallocated.size = 16384 (custom)
2021-12-29 13:35:01,653 [pool-242-thread-1] INFO  server.RaftServerConfigKeys (ConfUtils.java:logGet(44)) - raft.server.log.force.sync.num = 128 (default)
2021-12-29 13:35:01,653 [pool-242-thread-1] INFO  server.RaftServerConfigKeys (ConfUtils.java:logGet(44)) - raft.server.log.statemachine.data.sync = true (default)
2021-12-29 13:35:01,653 [pool-242-thread-1] INFO  server.RaftServerConfigKeys (ConfUtils.java:logGet(44)) - raft.server.log.statemachine.data.sync.timeout = 10s (default)
2021-12-29 13:35:01,653 [pool-242-thread-1] INFO  server.RaftServerConfigKeys (ConfUtils.java:logGet(44)) - raft.server.log.statemachine.data.sync.timeout.retry = -1 (default)
2021-12-29 13:35:01,656 [pool-242-thread-1] INFO  server.RaftServerConfigKeys (ConfUtils.java:logGet(44)) - raft.server.log.write.buffer.size = 1048576 (custom)
2021-12-29 13:35:01,656 [pool-242-thread-1] INFO  server.RaftServerConfigKeys (ConfUtils.java:logGet(44)) - raft.server.log.statemachine.data.caching.enabled = true (custom)
2021-12-29 13:35:01,657 [pool-242-thread-1] INFO  segmented.SegmentedRaftLogWorker (SegmentedRaftLogWorker.java:lambda$new$0(133)) - 338a2944-85be-4327-99ba-33562aaad680@group-C6BC184C74FE-SegmentedRaftLogWorker: flushIndex: setUnconditionally 0 -> -1
2021-12-29 13:35:01,657 [pool-242-thread-1] INFO  segmented.SegmentedRaftLogWorker (SegmentedRaftLogWorker.java:lambda$new$0(133)) - 338a2944-85be-4327-99ba-33562aaad680@group-C6BC184C74FE-SegmentedRaftLogWorker: safeCacheEvictIndex: setUnconditionally 0 -> -1
2021-12-29 13:35:01,670 [pool-242-thread-1] INFO  server.RaftServerConfigKeys (ConfUtils.java:logGet(44)) - raft.server.snapshot.auto.trigger.enabled = true (custom)
2021-12-29 13:35:01,670 [pool-242-thread-1] INFO  server.RaftServerConfigKeys (ConfUtils.java:logGet(44)) - raft.server.snapshot.auto.trigger.threshold = 10000 (custom)
2021-12-29 13:35:01,670 [pool-242-thread-1] INFO  server.RaftServerConfigKeys (ConfUtils.java:logGet(44)) - raft.server.snapshot.retention.file.num = 5 (custom)
2021-12-29 13:35:01,670 [pool-242-thread-1] INFO  server.RaftServerConfigKeys (ConfUtils.java:logGet(44)) - raft.server.log.purge.upto.snapshot.index = false (default)
2021-12-29 13:35:01,670 [pool-242-thread-1] INFO  server.RaftServerConfigKeys (ConfUtils.java:logGet(44)) - raft.server.retrycache.expirytime = 600000ms (custom)
2021-12-29 13:35:01,670 [pool-242-thread-1] INFO  server.RaftServerConfigKeys (ConfUtils.java:logGet(44)) - raft.server.retrycache.statistics.expirytime = 100μs (default)
2021-12-29 13:35:01,671 [pool-242-thread-1] INFO  server.RaftServer$Division (RaftServerImpl.java:start(301)) - 338a2944-85be-4327-99ba-33562aaad680@group-C6BC184C74FE: start as a follower, conf=-1: [ec8d6e88-7dab-40d3-b5f4-362e80a98c5e|rpc:10.1.0.26:40805|dataStream:|priority:1, c27593dc-118c-4b8f-a1b6-791b95aa201d|rpc:10.1.0.26:43913|dataStream:|priority:0, 338a2944-85be-4327-99ba-33562aaad680|rpc:10.1.0.26:34795|dataStream:|priority:0], old=null
2021-12-29 13:35:01,671 [pool-242-thread-1] INFO  server.RaftServer$Division (RaftServerImpl.java:setRole(290)) - 338a2944-85be-4327-99ba-33562aaad680@group-C6BC184C74FE: changes role from      null to FOLLOWER at term 0 for startAsFollower
2021-12-29 13:35:01,671 [pool-242-thread-1] INFO  impl.RoleInfo (RoleInfo.java:updateAndGet(130)) - 338a2944-85be-4327-99ba-33562aaad680: start 338a2944-85be-4327-99ba-33562aaad680@group-C6BC184C74FE-FollowerState
2021-12-29 13:35:01,672 [pool-242-thread-1] INFO  util.JmxRegister (JmxRegister.java:tryRegister(44)) - Successfully registered JMX Bean with object name Ratis:service=RaftServer,group=group-C6BC184C74FE,id=338a2944-85be-4327-99ba-33562aaad680
2021-12-29 13:35:01,689 [Command processor thread] INFO  commandhandler.CreatePipelineCommandHandler (CreatePipelineCommandHandler.java:handle(106)) - Created Pipeline RATIS THREE PipelineID=041e1eac-1fc0-4c03-9ed9-c6bc184c74fe.
2021-12-29 13:35:01,816 [Command processor thread] INFO  server.RaftServer (RaftServerProxy.java:addNew(95)) - c27593dc-118c-4b8f-a1b6-791b95aa201d: addNew group-BFD1AD94EBB6:[c27593dc-118c-4b8f-a1b6-791b95aa201d|rpc:10.1.0.26:43913|priority:1] returns group-BFD1AD94EBB6:java.util.concurrent.CompletableFuture@1e354d4c[Not completed]
2021-12-29 13:35:01,817 [pool-221-thread-1] INFO  server.RaftServer$Division (RaftServerImpl.java:<init>(184)) - c27593dc-118c-4b8f-a1b6-791b95aa201d: new RaftServerImpl for group-BFD1AD94EBB6:[c27593dc-118c-4b8f-a1b6-791b95aa201d|rpc:10.1.0.26:43913|priority:1] with ContainerStateMachine:uninitialized
2021-12-29 13:35:01,817 [pool-221-thread-1] INFO  server.RaftServerConfigKeys (ConfUtils.java:logGet(44)) - raft.server.rpc.timeout.min = 5s (custom)
2021-12-29 13:35:01,817 [pool-221-thread-1] INFO  server.RaftServerConfigKeys (ConfUtils.java:logGet(44)) - raft.server.rpc.timeout.max = 5200ms (custom)
2021-12-29 13:35:01,817 [pool-221-thread-1] INFO  server.RaftServerConfigKeys (ConfUtils.java:logGet(44)) - raft.server.rpc.sleep.time = 25ms (default)
2021-12-29 13:35:01,817 [pool-221-thread-1] INFO  server.RaftServerConfigKeys (ConfUtils.java:logGet(44)) - raft.server.rpc.slowness.timeout = 300s (custom)
2021-12-29 13:35:01,817 [pool-221-thread-1] INFO  server.RaftServerConfigKeys (ConfUtils.java:logGet(44)) - raft.server.leaderelection.leader.step-down.wait-time = 10s (default)
2021-12-29 13:35:01,817 [pool-221-thread-1] INFO  server.RaftServerConfigKeys (ConfUtils.java:logGet(44)) - raft.server.sleep.deviation.threshold = 300ms (default)
2021-12-29 13:35:01,817 [pool-221-thread-1] INFO  server.RaftServerConfigKeys (ConfUtils.java:logGet(44)) - raft.server.log.appender.install.snapshot.enabled = false (custom)
2021-12-29 13:35:01,817 [pool-221-thread-1] INFO  server.RaftServer$Division (ServerState.java:<init>(105)) - c27593dc-118c-4b8f-a1b6-791b95aa201d@group-BFD1AD94EBB6: ConfigurationManager, init=-1: [c27593dc-118c-4b8f-a1b6-791b95aa201d|rpc:10.1.0.26:43913|priority:1], old=null, confs=<EMPTY_MAP>
2021-12-29 13:35:01,818 [pool-221-thread-1] INFO  server.RaftServerConfigKeys (ConfUtils.java:logGet(44)) - raft.server.storage.dir = [/home/runner/work/ozone/ozone/hadoop-ozone/integration-test/target/test-dir/MiniOzoneClusterImpl-37cf7816-8d03-4967-8f48-8c315ca58879/datanode-1/data/ratis] (custom)
2021-12-29 13:35:01,818 [pool-221-thread-1] INFO  server.RaftServerConfigKeys (ConfUtils.java:logGet(44)) - raft.server.log.corruption.policy = EXCEPTION (default)
2021-12-29 13:35:01,825 [pool-221-thread-1] INFO  server.RaftServerConfigKeys (ConfUtils.java:logGet(44)) - raft.server.storage.free-space.min = 0MB (=0) (default)
2021-12-29 13:35:01,825 [pool-221-thread-1] INFO  storage.RaftStorageDirectory (RaftStorageDirectoryImpl.java:analyzeStorage(135)) - The storage directory /home/runner/work/ozone/ozone/hadoop-ozone/integration-test/target/test-dir/MiniOzoneClusterImpl-37cf7816-8d03-4967-8f48-8c315ca58879/datanode-1/data/ratis/125ebe8a-8131-439c-a7b8-bfd1ad94ebb6 does not exist. Creating ...
2021-12-29 13:35:01,826 [pool-221-thread-1] INFO  storage.RaftStorageDirectory (RaftStorageDirectoryImpl.java:tryLock(230)) - Lock on /home/runner/work/ozone/ozone/hadoop-ozone/integration-test/target/test-dir/MiniOzoneClusterImpl-37cf7816-8d03-4967-8f48-8c315ca58879/datanode-1/data/ratis/125ebe8a-8131-439c-a7b8-bfd1ad94ebb6/in_use.lock acquired by nodename 16235@fv-az59-280
2021-12-29 13:35:01,827 [pool-221-thread-1] INFO  storage.RaftStorage (RaftStorageImpl.java:format(89)) - Storage directory /home/runner/work/ozone/ozone/hadoop-ozone/integration-test/target/test-dir/MiniOzoneClusterImpl-37cf7816-8d03-4967-8f48-8c315ca58879/datanode-1/data/ratis/125ebe8a-8131-439c-a7b8-bfd1ad94ebb6 has been successfully formatted.
2021-12-29 13:35:01,828 [pool-221-thread-1] INFO  ratis.ContainerStateMachine (ContainerStateMachine.java:loadSnapshot(231)) - group-BFD1AD94EBB6: The snapshot info is null. Setting the last applied indexto:(t:0, i:~)
2021-12-29 13:35:01,829 [pool-221-thread-1] INFO  server.RaftServerConfigKeys (ConfUtils.java:logGet(44)) - raft.server.notification.no-leader.timeout = 300s (custom)
2021-12-29 13:35:01,829 [EventQueue-PipelineReportForPipelineReportHandler] INFO  pipeline.PipelineManagerImpl (PipelineManagerImpl.java:openPipeline(291)) - Pipeline Pipeline[ Id: 125ebe8a-8131-439c-a7b8-bfd1ad94ebb6, Nodes: c27593dc-118c-4b8f-a1b6-791b95aa201d{ip: 10.1.0.26, host: fv-az59-280.csjynl4pkq3e1pkirw3ssqjfoh.cx.internal.cloudapp.net, ports: [REPLICATION=44517, RATIS=43913, RATIS_ADMIN=43913, RATIS_SERVER=43913, STANDALONE=34645], networkLocation: /default-rack, certSerialId: null, persistedOpState: IN_SERVICE, persistedOpStateExpiryEpochSec: 0}, ReplicationConfig: RATIS/ONE, State:ALLOCATED, leaderId:c27593dc-118c-4b8f-a1b6-791b95aa201d, CreationTimestamp2021-12-29T13:34:58.824Z[Etc/UTC]] moved to OPEN state
2021-12-29 13:35:01,830 [EventQueue-OpenPipelineForHealthyPipelineSafeModeRule] INFO  safemode.SCMSafeModeManager (HealthyPipelineSafeModeRule.java:process(124)) - SCM in safe mode. Healthy pipelines reported count is 0, required healthy pipeline reported count is 1
2021-12-29 13:35:01,830 [pool-221-thread-1] INFO  server.RaftServerConfigKeys (ConfUtils.java:logGet(44)) - raft.server.log.use.memory = false (default)
2021-12-29 13:35:01,833 [pool-221-thread-1] INFO  server.RaftServerConfigKeys (ConfUtils.java:logGet(44)) - raft.server.log.purge.gap = 1000000 (custom)
2021-12-29 13:35:01,833 [pool-221-thread-1] INFO  server.RaftServerConfigKeys (ConfUtils.java:logGet(44)) - raft.server.log.appender.buffer.byte-limit = 33554432 (custom)
2021-12-29 13:35:01,833 [pool-221-thread-1] INFO  server.RaftServerConfigKeys (ConfUtils.java:logGet(44)) - raft.server.log.segment.size.max = 1048576 (custom)
2021-12-29 13:35:01,833 [pool-221-thread-1] INFO  server.RaftServerConfigKeys (ConfUtils.java:logGet(44)) - raft.server.log.segment.cache.num.max = 2 (custom)
2021-12-29 13:35:01,833 [pool-221-thread-1] INFO  server.RaftServerConfigKeys (ConfUtils.java:logGet(44)) - raft.server.log.segment.cache.size.max = 200MB (=209715200) (default)
2021-12-29 13:35:01,834 [pool-221-thread-1] INFO  segmented.SegmentedRaftLogWorker (SegmentedRaftLogWorker.java:<init>(182)) - new c27593dc-118c-4b8f-a1b6-791b95aa201d@group-BFD1AD94EBB6-SegmentedRaftLogWorker for RaftStorageImpl:Storage Directory /home/runner/work/ozone/ozone/hadoop-ozone/integration-test/target/test-dir/MiniOzoneClusterImpl-37cf7816-8d03-4967-8f48-8c315ca58879/datanode-1/data/ratis/125ebe8a-8131-439c-a7b8-bfd1ad94ebb6
2021-12-29 13:35:01,834 [pool-221-thread-1] INFO  server.RaftServerConfigKeys (ConfUtils.java:logGet(44)) - raft.server.log.queue.byte-limit = 2147483647 (custom)
2021-12-29 13:35:01,834 [pool-221-thread-1] INFO  server.RaftServerConfigKeys (ConfUtils.java:logGet(44)) - raft.server.log.queue.element-limit = 1024 (custom)
2021-12-29 13:35:01,834 [pool-221-thread-1] INFO  server.RaftServerConfigKeys (ConfUtils.java:logGet(44)) - raft.server.log.segment.size.max = 1048576 (custom)
2021-12-29 13:35:01,834 [pool-221-thread-1] INFO  server.RaftServerConfigKeys (ConfUtils.java:logGet(44)) - raft.server.log.preallocated.size = 16384 (custom)
2021-12-29 13:35:01,834 [pool-221-thread-1] INFO  server.RaftServerConfigKeys (ConfUtils.java:logGet(44)) - raft.server.log.force.sync.num = 128 (default)
2021-12-29 13:35:01,834 [pool-221-thread-1] INFO  server.RaftServerConfigKeys (ConfUtils.java:logGet(44)) - raft.server.log.statemachine.data.sync = true (default)
2021-12-29 13:35:01,834 [pool-221-thread-1] INFO  server.RaftServerConfigKeys (ConfUtils.java:logGet(44)) - raft.server.log.statemachine.data.sync.timeout = 10s (default)
2021-12-29 13:35:01,834 [pool-221-thread-1] INFO  server.RaftServerConfigKeys (ConfUtils.java:logGet(44)) - raft.server.log.statemachine.data.sync.timeout.retry = -1 (default)
2021-12-29 13:35:01,835 [pool-221-thread-1] INFO  server.RaftServerConfigKeys (ConfUtils.java:logGet(44)) - raft.server.log.write.buffer.size = 1048576 (custom)
2021-12-29 13:35:01,835 [pool-221-thread-1] INFO  server.RaftServerConfigKeys (ConfUtils.java:logGet(44)) - raft.server.log.statemachine.data.caching.enabled = true (custom)
2021-12-29 13:35:01,835 [pool-221-thread-1] INFO  segmented.SegmentedRaftLogWorker (SegmentedRaftLogWorker.java:lambda$new$0(133)) - c27593dc-118c-4b8f-a1b6-791b95aa201d@group-BFD1AD94EBB6-SegmentedRaftLogWorker: flushIndex: setUnconditionally 0 -> -1
2021-12-29 13:35:01,835 [pool-221-thread-1] INFO  segmented.SegmentedRaftLogWorker (SegmentedRaftLogWorker.java:lambda$new$0(133)) - c27593dc-118c-4b8f-a1b6-791b95aa201d@group-BFD1AD94EBB6-SegmentedRaftLogWorker: safeCacheEvictIndex: setUnconditionally 0 -> -1
2021-12-29 13:35:01,839 [pool-221-thread-1] INFO  server.RaftServerConfigKeys (ConfUtils.java:logGet(44)) - raft.server.snapshot.auto.trigger.enabled = true (custom)
2021-12-29 13:35:01,839 [pool-221-thread-1] INFO  server.RaftServerConfigKeys (ConfUtils.java:logGet(44)) - raft.server.snapshot.auto.trigger.threshold = 10000 (custom)
2021-12-29 13:35:01,839 [pool-221-thread-1] INFO  server.RaftServerConfigKeys (ConfUtils.java:logGet(44)) - raft.server.snapshot.retention.file.num = 5 (custom)
2021-12-29 13:35:01,839 [pool-221-thread-1] INFO  server.RaftServerConfigKeys (ConfUtils.java:logGet(44)) - raft.server.log.purge.upto.snapshot.index = false (default)
2021-12-29 13:35:01,839 [pool-221-thread-1] INFO  server.RaftServerConfigKeys (ConfUtils.java:logGet(44)) - raft.server.retrycache.expirytime = 600000ms (custom)
2021-12-29 13:35:01,839 [pool-221-thread-1] INFO  server.RaftServerConfigKeys (ConfUtils.java:logGet(44)) - raft.server.retrycache.statistics.expirytime = 100μs (default)
2021-12-29 13:35:01,840 [pool-221-thread-1] INFO  server.RaftServer$Division (RaftServerImpl.java:start(301)) - c27593dc-118c-4b8f-a1b6-791b95aa201d@group-BFD1AD94EBB6: start as a follower, conf=-1: [c27593dc-118c-4b8f-a1b6-791b95aa201d|rpc:10.1.0.26:43913|priority:1], old=null
2021-12-29 13:35:01,840 [pool-221-thread-1] INFO  server.RaftServer$Division (RaftServerImpl.java:setRole(290)) - c27593dc-118c-4b8f-a1b6-791b95aa201d@group-BFD1AD94EBB6: changes role from      null to FOLLOWER at term 0 for startAsFollower
2021-12-29 13:35:01,840 [pool-221-thread-1] INFO  impl.RoleInfo (RoleInfo.java:updateAndGet(130)) - c27593dc-118c-4b8f-a1b6-791b95aa201d: start c27593dc-118c-4b8f-a1b6-791b95aa201d@group-BFD1AD94EBB6-FollowerState
2021-12-29 13:35:01,852 [pool-221-thread-1] INFO  util.JmxRegister (JmxRegister.java:tryRegister(44)) - Successfully registered JMX Bean with object name Ratis:service=RaftServer,group=group-BFD1AD94EBB6,id=c27593dc-118c-4b8f-a1b6-791b95aa201d
2021-12-29 13:35:01,853 [Command processor thread] INFO  ratis.XceiverServerRatis (XceiverServerRatis.java:addGroup(768)) - Created group PipelineID=125ebe8a-8131-439c-a7b8-bfd1ad94ebb6
2021-12-29 13:35:01,853 [Command processor thread] INFO  commandhandler.CreatePipelineCommandHandler (CreatePipelineCommandHandler.java:handle(106)) - Created Pipeline RATIS ONE PipelineID=125ebe8a-8131-439c-a7b8-bfd1ad94ebb6.
2021-12-29 13:35:02,295 [Command processor thread] INFO  server.RaftServer (RaftServerProxy.java:addNew(95)) - 338a2944-85be-4327-99ba-33562aaad680: addNew group-F4BCE9AB4AC0:[338a2944-85be-4327-99ba-33562aaad680|rpc:10.1.0.26:34795|priority:1] returns group-F4BCE9AB4AC0:java.util.concurrent.CompletableFuture@3376d10c[Not completed]
2021-12-29 13:35:02,295 [pool-242-thread-1] INFO  server.RaftServer$Division (RaftServerImpl.java:<init>(184)) - 338a2944-85be-4327-99ba-33562aaad680: new RaftServerImpl for group-F4BCE9AB4AC0:[338a2944-85be-4327-99ba-33562aaad680|rpc:10.1.0.26:34795|priority:1] with ContainerStateMachine:uninitialized
2021-12-29 13:35:02,296 [pool-242-thread-1] INFO  server.RaftServerConfigKeys (ConfUtils.java:logGet(44)) - raft.server.rpc.timeout.min = 5s (custom)
2021-12-29 13:35:02,296 [pool-242-thread-1] INFO  server.RaftServerConfigKeys (ConfUtils.java:logGet(44)) - raft.server.rpc.timeout.max = 5200ms (custom)
2021-12-29 13:35:02,296 [pool-242-thread-1] INFO  server.RaftServerConfigKeys (ConfUtils.java:logGet(44)) - raft.server.rpc.sleep.time = 25ms (default)
2021-12-29 13:35:02,296 [pool-242-thread-1] INFO  server.RaftServerConfigKeys (ConfUtils.java:logGet(44)) - raft.server.rpc.slowness.timeout = 300s (custom)
2021-12-29 13:35:02,296 [pool-242-thread-1] INFO  server.RaftServerConfigKeys (ConfUtils.java:logGet(44)) - raft.server.leaderelection.leader.step-down.wait-time = 10s (default)
2021-12-29 13:35:02,296 [pool-242-thread-1] INFO  server.RaftServerConfigKeys (ConfUtils.java:logGet(44)) - raft.server.sleep.deviation.threshold = 300ms (default)
2021-12-29 13:35:02,296 [pool-242-thread-1] INFO  server.RaftServerConfigKeys (ConfUtils.java:logGet(44)) - raft.server.log.appender.install.snapshot.enabled = false (custom)
2021-12-29 13:35:02,296 [pool-242-thread-1] INFO  server.RaftServer$Division (ServerState.java:<init>(105)) - 338a2944-85be-4327-99ba-33562aaad680@group-F4BCE9AB4AC0: ConfigurationManager, init=-1: [338a2944-85be-4327-99ba-33562aaad680|rpc:10.1.0.26:34795|priority:1], old=null, confs=<EMPTY_MAP>
2021-12-29 13:35:02,296 [pool-242-thread-1] INFO  server.RaftServerConfigKeys (ConfUtils.java:logGet(44)) - raft.server.storage.dir = [/home/runner/work/ozone/ozone/hadoop-ozone/integration-test/target/test-dir/MiniOzoneClusterImpl-37cf7816-8d03-4967-8f48-8c315ca58879/datanode-2/data/ratis] (custom)
2021-12-29 13:35:02,296 [pool-242-thread-1] INFO  server.RaftServerConfigKeys (ConfUtils.java:logGet(44)) - raft.server.log.corruption.policy = EXCEPTION (default)
2021-12-29 13:35:02,296 [pool-242-thread-1] INFO  server.RaftServerConfigKeys (ConfUtils.java:logGet(44)) - raft.server.storage.free-space.min = 0MB (=0) (default)
2021-12-29 13:35:02,296 [pool-242-thread-1] INFO  storage.RaftStorageDirectory (RaftStorageDirectoryImpl.java:analyzeStorage(135)) - The storage directory /home/runner/work/ozone/ozone/hadoop-ozone/integration-test/target/test-dir/MiniOzoneClusterImpl-37cf7816-8d03-4967-8f48-8c315ca58879/datanode-2/data/ratis/d3fdacd0-ec93-4aea-8a7a-f4bce9ab4ac0 does not exist. Creating ...
2021-12-29 13:35:02,298 [pool-242-thread-1] INFO  storage.RaftStorageDirectory (RaftStorageDirectoryImpl.java:tryLock(230)) - Lock on /home/runner/work/ozone/ozone/hadoop-ozone/integration-test/target/test-dir/MiniOzoneClusterImpl-37cf7816-8d03-4967-8f48-8c315ca58879/datanode-2/data/ratis/d3fdacd0-ec93-4aea-8a7a-f4bce9ab4ac0/in_use.lock acquired by nodename 16235@fv-az59-280
2021-12-29 13:35:02,299 [pool-242-thread-1] INFO  storage.RaftStorage (RaftStorageImpl.java:format(89)) - Storage directory /home/runner/work/ozone/ozone/hadoop-ozone/integration-test/target/test-dir/MiniOzoneClusterImpl-37cf7816-8d03-4967-8f48-8c315ca58879/datanode-2/data/ratis/d3fdacd0-ec93-4aea-8a7a-f4bce9ab4ac0 has been successfully formatted.
2021-12-29 13:35:02,299 [pool-242-thread-1] INFO  ratis.ContainerStateMachine (ContainerStateMachine.java:loadSnapshot(231)) - group-F4BCE9AB4AC0: The snapshot info is null. Setting the last applied indexto:(t:0, i:~)
2021-12-29 13:35:02,299 [pool-242-thread-1] INFO  server.RaftServerConfigKeys (ConfUtils.java:logGet(44)) - raft.server.notification.no-leader.timeout = 300s (custom)
2021-12-29 13:35:02,299 [pool-242-thread-1] INFO  server.RaftServerConfigKeys (ConfUtils.java:logGet(44)) - raft.server.log.use.memory = false (default)
2021-12-29 13:35:02,299 [Listener at 127.0.0.1/35453] INFO  ozone.MiniOzoneClusterImpl (MiniOzoneClusterImpl.java:lambda$waitForClusterToBeReady$0(235)) - Nodes are ready. Got 3 of 3 DN Heartbeats.
2021-12-29 13:35:02,300 [Listener at 127.0.0.1/35453] INFO  ozone.MiniOzoneClusterImpl (MiniOzoneClusterImpl.java:lambda$waitForClusterToBeReady$0(238)) - Waiting for cluster to exit safe mode
2021-12-29 13:35:02,300 [Listener at 127.0.0.1/35453] INFO  ozone.MiniOzoneClusterImpl (MiniOzoneClusterImpl.java:lambda$waitForClusterToBeReady$0(240)) - SCM became leader
2021-12-29 13:35:02,299 [pool-242-thread-1] INFO  server.RaftServerConfigKeys (ConfUtils.java:logGet(44)) - raft.server.log.purge.gap = 1000000 (custom)
2021-12-29 13:35:02,300 [pool-242-thread-1] INFO  server.RaftServerConfigKeys (ConfUtils.java:logGet(44)) - raft.server.log.appender.buffer.byte-limit = 33554432 (custom)
2021-12-29 13:35:02,300 [pool-242-thread-1] INFO  server.RaftServerConfigKeys (ConfUtils.java:logGet(44)) - raft.server.log.segment.size.max = 1048576 (custom)
2021-12-29 13:35:02,301 [pool-242-thread-1] INFO  server.RaftServerConfigKeys (ConfUtils.java:logGet(44)) - raft.server.log.segment.cache.num.max = 2 (custom)
2021-12-29 13:35:02,301 [pool-242-thread-1] INFO  server.RaftServerConfigKeys (ConfUtils.java:logGet(44)) - raft.server.log.segment.cache.size.max = 200MB (=209715200) (default)
2021-12-29 13:35:02,301 [pool-242-thread-1] INFO  segmented.SegmentedRaftLogWorker (SegmentedRaftLogWorker.java:<init>(182)) - new 338a2944-85be-4327-99ba-33562aaad680@group-F4BCE9AB4AC0-SegmentedRaftLogWorker for RaftStorageImpl:Storage Directory /home/runner/work/ozone/ozone/hadoop-ozone/integration-test/target/test-dir/MiniOzoneClusterImpl-37cf7816-8d03-4967-8f48-8c315ca58879/datanode-2/data/ratis/d3fdacd0-ec93-4aea-8a7a-f4bce9ab4ac0
2021-12-29 13:35:02,301 [pool-242-thread-1] INFO  server.RaftServerConfigKeys (ConfUtils.java:logGet(44)) - raft.server.log.queue.byte-limit = 2147483647 (custom)
2021-12-29 13:35:02,301 [pool-242-thread-1] INFO  server.RaftServerConfigKeys (ConfUtils.java:logGet(44)) - raft.server.log.queue.element-limit = 1024 (custom)
2021-12-29 13:35:02,301 [pool-242-thread-1] INFO  server.RaftServerConfigKeys (ConfUtils.java:logGet(44)) - raft.server.log.segment.size.max = 1048576 (custom)
2021-12-29 13:35:02,301 [pool-242-thread-1] INFO  server.RaftServerConfigKeys (ConfUtils.java:logGet(44)) - raft.server.log.preallocated.size = 16384 (custom)
2021-12-29 13:35:02,301 [pool-242-thread-1] INFO  server.RaftServerConfigKeys (ConfUtils.java:logGet(44)) - raft.server.log.force.sync.num = 128 (default)
2021-12-29 13:35:02,301 [pool-242-thread-1] INFO  server.RaftServerConfigKeys (ConfUtils.java:logGet(44)) - raft.server.log.statemachine.data.sync = true (default)
2021-12-29 13:35:02,301 [pool-242-thread-1] INFO  server.RaftServerConfigKeys (ConfUtils.java:logGet(44)) - raft.server.log.statemachine.data.sync.timeout = 10s (default)
2021-12-29 13:35:02,301 [pool-242-thread-1] INFO  server.RaftServerConfigKeys (ConfUtils.java:logGet(44)) - raft.server.log.statemachine.data.sync.timeout.retry = -1 (default)
2021-12-29 13:35:02,301 [EventQueue-PipelineReportForPipelineReportHandler] INFO  pipeline.PipelineManagerImpl (PipelineManagerImpl.java:openPipeline(291)) - Pipeline Pipeline[ Id: d3fdacd0-ec93-4aea-8a7a-f4bce9ab4ac0, Nodes: 338a2944-85be-4327-99ba-33562aaad680{ip: 10.1.0.26, host: fv-az59-280.csjynl4pkq3e1pkirw3ssqjfoh.cx.internal.cloudapp.net, ports: [REPLICATION=42923, RATIS=34795, RATIS_ADMIN=34795, RATIS_SERVER=34795, STANDALONE=37805], networkLocation: /default-rack, certSerialId: null, persistedOpState: IN_SERVICE, persistedOpStateExpiryEpochSec: 0}, ReplicationConfig: RATIS/ONE, State:ALLOCATED, leaderId:338a2944-85be-4327-99ba-33562aaad680, CreationTimestamp2021-12-29T13:34:59.300Z[Etc/UTC]] moved to OPEN state
2021-12-29 13:35:02,302 [EventQueue-OpenPipelineForHealthyPipelineSafeModeRule] INFO  safemode.SCMSafeModeManager (HealthyPipelineSafeModeRule.java:process(124)) - SCM in safe mode. Healthy pipelines reported count is 0, required healthy pipeline reported count is 1
2021-12-29 13:35:02,302 [pool-242-thread-1] INFO  server.RaftServerConfigKeys (ConfUtils.java:logGet(44)) - raft.server.log.write.buffer.size = 1048576 (custom)
2021-12-29 13:35:02,307 [pool-242-thread-1] INFO  server.RaftServerConfigKeys (ConfUtils.java:logGet(44)) - raft.server.log.statemachine.data.caching.enabled = true (custom)
2021-12-29 13:35:02,307 [pool-242-thread-1] INFO  segmented.SegmentedRaftLogWorker (SegmentedRaftLogWorker.java:lambda$new$0(133)) - 338a2944-85be-4327-99ba-33562aaad680@group-F4BCE9AB4AC0-SegmentedRaftLogWorker: flushIndex: setUnconditionally 0 -> -1
2021-12-29 13:35:02,307 [pool-242-thread-1] INFO  segmented.SegmentedRaftLogWorker (SegmentedRaftLogWorker.java:lambda$new$0(133)) - 338a2944-85be-4327-99ba-33562aaad680@group-F4BCE9AB4AC0-SegmentedRaftLogWorker: safeCacheEvictIndex: setUnconditionally 0 -> -1
2021-12-29 13:35:02,313 [pool-242-thread-1] INFO  server.RaftServerConfigKeys (ConfUtils.java:logGet(44)) - raft.server.snapshot.auto.trigger.enabled = true (custom)
2021-12-29 13:35:02,313 [pool-242-thread-1] INFO  server.RaftServerConfigKeys (ConfUtils.java:logGet(44)) - raft.server.snapshot.auto.trigger.threshold = 10000 (custom)
2021-12-29 13:35:02,313 [pool-242-thread-1] INFO  server.RaftServerConfigKeys (ConfUtils.java:logGet(44)) - raft.server.snapshot.retention.file.num = 5 (custom)
2021-12-29 13:35:02,313 [pool-242-thread-1] INFO  server.RaftServerConfigKeys (ConfUtils.java:logGet(44)) - raft.server.log.purge.upto.snapshot.index = false (default)
2021-12-29 13:35:02,313 [pool-242-thread-1] INFO  server.RaftServerConfigKeys (ConfUtils.java:logGet(44)) - raft.server.retrycache.expirytime = 600000ms (custom)
2021-12-29 13:35:02,313 [pool-242-thread-1] INFO  server.RaftServerConfigKeys (ConfUtils.java:logGet(44)) - raft.server.retrycache.statistics.expirytime = 100μs (default)
2021-12-29 13:35:02,314 [pool-242-thread-1] INFO  server.RaftServer$Division (RaftServerImpl.java:start(301)) - 338a2944-85be-4327-99ba-33562aaad680@group-F4BCE9AB4AC0: start as a follower, conf=-1: [338a2944-85be-4327-99ba-33562aaad680|rpc:10.1.0.26:34795|priority:1], old=null
2021-12-29 13:35:02,314 [pool-242-thread-1] INFO  server.RaftServer$Division (RaftServerImpl.java:setRole(290)) - 338a2944-85be-4327-99ba-33562aaad680@group-F4BCE9AB4AC0: changes role from      null to FOLLOWER at term 0 for startAsFollower
2021-12-29 13:35:02,314 [pool-242-thread-1] INFO  impl.RoleInfo (RoleInfo.java:updateAndGet(130)) - 338a2944-85be-4327-99ba-33562aaad680: start 338a2944-85be-4327-99ba-33562aaad680@group-F4BCE9AB4AC0-FollowerState
2021-12-29 13:35:02,324 [pool-242-thread-1] INFO  util.JmxRegister (JmxRegister.java:tryRegister(44)) - Successfully registered JMX Bean with object name Ratis:service=RaftServer,group=group-F4BCE9AB4AC0,id=338a2944-85be-4327-99ba-33562aaad680
2021-12-29 13:35:02,324 [Command processor thread] INFO  ratis.XceiverServerRatis (XceiverServerRatis.java:addGroup(768)) - Created group PipelineID=d3fdacd0-ec93-4aea-8a7a-f4bce9ab4ac0
2021-12-29 13:35:02,324 [Command processor thread] INFO  commandhandler.CreatePipelineCommandHandler (CreatePipelineCommandHandler.java:handle(106)) - Created Pipeline RATIS ONE PipelineID=d3fdacd0-ec93-4aea-8a7a-f4bce9ab4ac0.
2021-12-29 13:35:03,300 [Listener at 127.0.0.1/35453] INFO  ozone.MiniOzoneClusterImpl (MiniOzoneClusterImpl.java:lambda$waitForClusterToBeReady$0(235)) - Nodes are ready. Got 3 of 3 DN Heartbeats.
2021-12-29 13:35:03,300 [Listener at 127.0.0.1/35453] INFO  ozone.MiniOzoneClusterImpl (MiniOzoneClusterImpl.java:lambda$waitForClusterToBeReady$0(238)) - Waiting for cluster to exit safe mode
2021-12-29 13:35:03,300 [Listener at 127.0.0.1/35453] INFO  ozone.MiniOzoneClusterImpl (MiniOzoneClusterImpl.java:lambda$waitForClusterToBeReady$0(240)) - SCM became leader
2021-12-29 13:35:04,300 [Listener at 127.0.0.1/35453] INFO  ozone.MiniOzoneClusterImpl (MiniOzoneClusterImpl.java:lambda$waitForClusterToBeReady$0(235)) - Nodes are ready. Got 3 of 3 DN Heartbeats.
2021-12-29 13:35:04,301 [Listener at 127.0.0.1/35453] INFO  ozone.MiniOzoneClusterImpl (MiniOzoneClusterImpl.java:lambda$waitForClusterToBeReady$0(238)) - Waiting for cluster to exit safe mode
2021-12-29 13:35:04,301 [Listener at 127.0.0.1/35453] INFO  ozone.MiniOzoneClusterImpl (MiniOzoneClusterImpl.java:lambda$waitForClusterToBeReady$0(240)) - SCM became leader
2021-12-29 13:35:05,301 [Listener at 127.0.0.1/35453] INFO  ozone.MiniOzoneClusterImpl (MiniOzoneClusterImpl.java:lambda$waitForClusterToBeReady$0(235)) - Nodes are ready. Got 3 of 3 DN Heartbeats.
2021-12-29 13:35:05,301 [Listener at 127.0.0.1/35453] INFO  ozone.MiniOzoneClusterImpl (MiniOzoneClusterImpl.java:lambda$waitForClusterToBeReady$0(238)) - Waiting for cluster to exit safe mode
2021-12-29 13:35:05,301 [Listener at 127.0.0.1/35453] INFO  ozone.MiniOzoneClusterImpl (MiniOzoneClusterImpl.java:lambda$waitForClusterToBeReady$0(240)) - SCM became leader
2021-12-29 13:35:06,302 [Listener at 127.0.0.1/35453] INFO  ozone.MiniOzoneClusterImpl (MiniOzoneClusterImpl.java:lambda$waitForClusterToBeReady$0(235)) - Nodes are ready. Got 3 of 3 DN Heartbeats.
2021-12-29 13:35:06,302 [Listener at 127.0.0.1/35453] INFO  ozone.MiniOzoneClusterImpl (MiniOzoneClusterImpl.java:lambda$waitForClusterToBeReady$0(238)) - Waiting for cluster to exit safe mode
2021-12-29 13:35:06,302 [Listener at 127.0.0.1/35453] INFO  ozone.MiniOzoneClusterImpl (MiniOzoneClusterImpl.java:lambda$waitForClusterToBeReady$0(240)) - SCM became leader
2021-12-29 13:35:06,359 [ec8d6e88-7dab-40d3-b5f4-362e80a98c5e@group-CF2CF1C2D30A-FollowerState] INFO  impl.FollowerState (FollowerState.java:run(134)) - ec8d6e88-7dab-40d3-b5f4-362e80a98c5e@group-CF2CF1C2D30A-FollowerState: change to CANDIDATE, lastRpcElapsedTime:5033033806ns, electionTimeout:5032ms
2021-12-29 13:35:06,359 [ec8d6e88-7dab-40d3-b5f4-362e80a98c5e@group-CF2CF1C2D30A-FollowerState] INFO  impl.RoleInfo (RoleInfo.java:shutdownFollowerState(108)) - ec8d6e88-7dab-40d3-b5f4-362e80a98c5e: shutdown ec8d6e88-7dab-40d3-b5f4-362e80a98c5e@group-CF2CF1C2D30A-FollowerState
2021-12-29 13:35:06,359 [ec8d6e88-7dab-40d3-b5f4-362e80a98c5e@group-CF2CF1C2D30A-FollowerState] INFO  server.RaftServer$Division (RaftServerImpl.java:setRole(290)) - ec8d6e88-7dab-40d3-b5f4-362e80a98c5e@group-CF2CF1C2D30A: changes role from  FOLLOWER to CANDIDATE at term 0 for changeToCandidate
2021-12-29 13:35:06,360 [ec8d6e88-7dab-40d3-b5f4-362e80a98c5e@group-CF2CF1C2D30A-FollowerState] INFO  server.RaftServerConfigKeys (ConfUtils.java:logGet(44)) - raft.server.leaderelection.pre-vote = false (custom)
2021-12-29 13:35:06,360 [ec8d6e88-7dab-40d3-b5f4-362e80a98c5e@group-CF2CF1C2D30A-FollowerState] INFO  impl.RoleInfo (RoleInfo.java:updateAndGet(130)) - ec8d6e88-7dab-40d3-b5f4-362e80a98c5e: start ec8d6e88-7dab-40d3-b5f4-362e80a98c5e@group-CF2CF1C2D30A-LeaderElection11
2021-12-29 13:35:06,403 [ec8d6e88-7dab-40d3-b5f4-362e80a98c5e@group-CF2CF1C2D30A-LeaderElection11] INFO  impl.LeaderElection (LeaderElection.java:askForVotes(306)) - ec8d6e88-7dab-40d3-b5f4-362e80a98c5e@group-CF2CF1C2D30A-LeaderElection11 ELECTION round 0: submit vote requests at term 1 for -1: [ec8d6e88-7dab-40d3-b5f4-362e80a98c5e|rpc:10.1.0.26:40805|priority:1], old=null
2021-12-29 13:35:06,403 [ec8d6e88-7dab-40d3-b5f4-362e80a98c5e@group-CF2CF1C2D30A-LeaderElection11] INFO  impl.LeaderElection (LeaderElection.java:askForVotes(308)) - ec8d6e88-7dab-40d3-b5f4-362e80a98c5e@group-CF2CF1C2D30A-LeaderElection11 ELECTION round 0: result PASSED (term=1)
2021-12-29 13:35:06,403 [ec8d6e88-7dab-40d3-b5f4-362e80a98c5e@group-CF2CF1C2D30A-LeaderElection11] INFO  impl.RoleInfo (RoleInfo.java:shutdownLeaderElection(121)) - ec8d6e88-7dab-40d3-b5f4-362e80a98c5e: shutdown ec8d6e88-7dab-40d3-b5f4-362e80a98c5e@group-CF2CF1C2D30A-LeaderElection11
2021-12-29 13:35:06,403 [ec8d6e88-7dab-40d3-b5f4-362e80a98c5e@group-CF2CF1C2D30A-LeaderElection11] INFO  server.RaftServer$Division (RaftServerImpl.java:setRole(290)) - ec8d6e88-7dab-40d3-b5f4-362e80a98c5e@group-CF2CF1C2D30A: changes role from CANDIDATE to LEADER at term 1 for changeToLeader
2021-12-29 13:35:06,403 [ec8d6e88-7dab-40d3-b5f4-362e80a98c5e@group-CF2CF1C2D30A-LeaderElection11] INFO  ratis.XceiverServerRatis (XceiverServerRatis.java:handleLeaderChangedNotification(866)) - Leader change notification received for group: group-CF2CF1C2D30A with new leaderId: ec8d6e88-7dab-40d3-b5f4-362e80a98c5e
2021-12-29 13:35:06,403 [ec8d6e88-7dab-40d3-b5f4-362e80a98c5e@group-CF2CF1C2D30A-LeaderElection11] INFO  server.RaftServer$Division (ServerState.java:setLeader(285)) - ec8d6e88-7dab-40d3-b5f4-362e80a98c5e@group-CF2CF1C2D30A: change Leader from null to ec8d6e88-7dab-40d3-b5f4-362e80a98c5e at term 1 for becomeLeader, leader elected after 5091ms
2021-12-29 13:35:06,403 [ec8d6e88-7dab-40d3-b5f4-362e80a98c5e@group-CF2CF1C2D30A-LeaderElection11] INFO  server.RaftServerConfigKeys (ConfUtils.java:logGet(44)) - raft.server.staging.catchup.gap = 1000 (default)
2021-12-29 13:35:06,403 [ec8d6e88-7dab-40d3-b5f4-362e80a98c5e@group-CF2CF1C2D30A-LeaderElection11] INFO  server.RaftServerConfigKeys (ConfUtils.java:logGet(44)) - raft.server.write.element-limit = 1024 (custom)
2021-12-29 13:35:06,403 [ec8d6e88-7dab-40d3-b5f4-362e80a98c5e@group-CF2CF1C2D30A-LeaderElection11] INFO  server.RaftServerConfigKeys (ConfUtils.java:logGet(44)) - raft.server.write.byte-limit = 1024 M (=1073741824) (custom)
2021-12-29 13:35:06,404 [ec8d6e88-7dab-40d3-b5f4-362e80a98c5e@group-CF2CF1C2D30A-LeaderElection11] INFO  server.RaftServerConfigKeys (ConfUtils.java:logGet(44)) - raft.server.watch.timeout = 180s (custom)
2021-12-29 13:35:06,404 [ec8d6e88-7dab-40d3-b5f4-362e80a98c5e@group-CF2CF1C2D30A-LeaderElection11] INFO  server.RaftServerConfigKeys (ConfUtils.java:logGet(44)) - raft.server.watch.timeout.denomination = 1s (default)
2021-12-29 13:35:06,404 [ec8d6e88-7dab-40d3-b5f4-362e80a98c5e@group-CF2CF1C2D30A-LeaderElection11] INFO  server.RaftServerConfigKeys (ConfUtils.java:logGet(44)) - raft.server.watch.element-limit = 65536 (default)
2021-12-29 13:35:06,404 [ec8d6e88-7dab-40d3-b5f4-362e80a98c5e@group-CF2CF1C2D30A-LeaderElection11] INFO  server.RaftServerConfigKeys (ConfUtils.java:logGet(44)) - raft.server.write.element-limit = 1024 (custom)
2021-12-29 13:35:06,404 [ec8d6e88-7dab-40d3-b5f4-362e80a98c5e@group-CF2CF1C2D30A-LeaderElection11] INFO  server.RaftServerConfigKeys (ConfUtils.java:logGet(44)) - raft.server.write.follower.gap.ratio.max = -1.0 (default)
2021-12-29 13:35:06,404 [ec8d6e88-7dab-40d3-b5f4-362e80a98c5e@group-CF2CF1C2D30A-LeaderElection11] INFO  impl.RoleInfo (RoleInfo.java:updateAndGet(130)) - ec8d6e88-7dab-40d3-b5f4-362e80a98c5e: start ec8d6e88-7dab-40d3-b5f4-362e80a98c5e@group-CF2CF1C2D30A-LeaderStateImpl
2021-12-29 13:35:06,404 [ec8d6e88-7dab-40d3-b5f4-362e80a98c5e@group-CF2CF1C2D30A-LeaderElection11] INFO  segmented.SegmentedRaftLogWorker (SegmentedRaftLogWorker.java:startLogSegment(394)) - ec8d6e88-7dab-40d3-b5f4-362e80a98c5e@group-CF2CF1C2D30A-SegmentedRaftLogWorker: Starting segment from index:0
2021-12-29 13:35:06,406 [EventQueue-OpenPipelineForHealthyPipelineSafeModeRule] INFO  safemode.SCMSafeModeManager (HealthyPipelineSafeModeRule.java:process(124)) - SCM in safe mode. Healthy pipelines reported count is 0, required healthy pipeline reported count is 1
2021-12-29 13:35:06,422 [ec8d6e88-7dab-40d3-b5f4-362e80a98c5e@group-CF2CF1C2D30A-LeaderElection11] INFO  server.RaftServer$Division (ServerState.java:setRaftConf(387)) - ec8d6e88-7dab-40d3-b5f4-362e80a98c5e@group-CF2CF1C2D30A: set configuration 0: [ec8d6e88-7dab-40d3-b5f4-362e80a98c5e|rpc:10.1.0.26:40805|dataStream:|priority:1], old=null
2021-12-29 13:35:06,423 [ec8d6e88-7dab-40d3-b5f4-362e80a98c5e@group-CF2CF1C2D30A-SegmentedRaftLogWorker] INFO  segmented.SegmentedRaftLogWorker (SegmentedRaftLogWorker.java:execute(601)) - ec8d6e88-7dab-40d3-b5f4-362e80a98c5e@group-CF2CF1C2D30A-SegmentedRaftLogWorker: created new log segment /home/runner/work/ozone/ozone/hadoop-ozone/integration-test/target/test-dir/MiniOzoneClusterImpl-37cf7816-8d03-4967-8f48-8c315ca58879/datanode-0/data/ratis/73cf64b5-0eae-4666-9a3a-cf2cf1c2d30a/current/log_inprogress_0
2021-12-29 13:35:06,519 [ec8d6e88-7dab-40d3-b5f4-362e80a98c5e@group-5B449A8528E9-FollowerState] INFO  impl.FollowerState (FollowerState.java:run(134)) - ec8d6e88-7dab-40d3-b5f4-362e80a98c5e@group-5B449A8528E9-FollowerState: change to CANDIDATE, lastRpcElapsedTime:5148968449ns, electionTimeout:5148ms
2021-12-29 13:35:06,519 [ec8d6e88-7dab-40d3-b5f4-362e80a98c5e@group-5B449A8528E9-FollowerState] INFO  impl.RoleInfo (RoleInfo.java:shutdownFollowerState(108)) - ec8d6e88-7dab-40d3-b5f4-362e80a98c5e: shutdown ec8d6e88-7dab-40d3-b5f4-362e80a98c5e@group-5B449A8528E9-FollowerState
2021-12-29 13:35:06,519 [ec8d6e88-7dab-40d3-b5f4-362e80a98c5e@group-5B449A8528E9-FollowerState] INFO  server.RaftServer$Division (RaftServerImpl.java:setRole(290)) - ec8d6e88-7dab-40d3-b5f4-362e80a98c5e@group-5B449A8528E9: changes role from  FOLLOWER to CANDIDATE at term 0 for changeToCandidate
2021-12-29 13:35:06,519 [ec8d6e88-7dab-40d3-b5f4-362e80a98c5e@group-5B449A8528E9-FollowerState] INFO  server.RaftServerConfigKeys (ConfUtils.java:logGet(44)) - raft.server.leaderelection.pre-vote = false (custom)
2021-12-29 13:35:06,519 [ec8d6e88-7dab-40d3-b5f4-362e80a98c5e@group-5B449A8528E9-FollowerState] INFO  impl.RoleInfo (RoleInfo.java:updateAndGet(130)) - ec8d6e88-7dab-40d3-b5f4-362e80a98c5e: start ec8d6e88-7dab-40d3-b5f4-362e80a98c5e@group-5B449A8528E9-LeaderElection12
2021-12-29 13:35:06,540 [ec8d6e88-7dab-40d3-b5f4-362e80a98c5e@group-5B449A8528E9-LeaderElection12] INFO  impl.LeaderElection (LeaderElection.java:askForVotes(306)) - ec8d6e88-7dab-40d3-b5f4-362e80a98c5e@group-5B449A8528E9-LeaderElection12 ELECTION round 0: submit vote requests at term 1 for -1: [ec8d6e88-7dab-40d3-b5f4-362e80a98c5e|rpc:10.1.0.26:40805|priority:0, c27593dc-118c-4b8f-a1b6-791b95aa201d|rpc:10.1.0.26:43913|priority:1, 338a2944-85be-4327-99ba-33562aaad680|rpc:10.1.0.26:34795|priority:0], old=null
2021-12-29 13:35:06,567 [grpc-default-executor-1] INFO  server.RaftServer$Division (RaftServerImpl.java:requestVote(1046)) - 338a2944-85be-4327-99ba-33562aaad680@group-5B449A8528E9: receive requestVote(ELECTION, ec8d6e88-7dab-40d3-b5f4-362e80a98c5e, group-5B449A8528E9, 1, (t:0, i:0))
2021-12-29 13:35:06,567 [grpc-default-executor-1] INFO  impl.VoteContext (VoteContext.java:log(48)) - 338a2944-85be-4327-99ba-33562aaad680@group-5B449A8528E9-FOLLOWER: accept ELECTION from ec8d6e88-7dab-40d3-b5f4-362e80a98c5e: our priority 0 <= candidate's priority 0
2021-12-29 13:35:06,567 [grpc-default-executor-1] INFO  server.RaftServer$Division (RaftServerImpl.java:setRole(290)) - 338a2944-85be-4327-99ba-33562aaad680@group-5B449A8528E9: changes role from  FOLLOWER to FOLLOWER at term 1 for candidate:ec8d6e88-7dab-40d3-b5f4-362e80a98c5e
2021-12-29 13:35:06,567 [grpc-default-executor-1] INFO  impl.RoleInfo (RoleInfo.java:shutdownFollowerState(108)) - 338a2944-85be-4327-99ba-33562aaad680: shutdown 338a2944-85be-4327-99ba-33562aaad680@group-5B449A8528E9-FollowerState
2021-12-29 13:35:06,567 [grpc-default-executor-1] INFO  impl.RoleInfo (RoleInfo.java:updateAndGet(130)) - 338a2944-85be-4327-99ba-33562aaad680: start 338a2944-85be-4327-99ba-33562aaad680@group-5B449A8528E9-FollowerState
2021-12-29 13:35:06,568 [338a2944-85be-4327-99ba-33562aaad680@group-5B449A8528E9-FollowerState] INFO  impl.FollowerState (FollowerState.java:run(143)) - 338a2944-85be-4327-99ba-33562aaad680@group-5B449A8528E9-FollowerState was interrupted: {}
java.lang.InterruptedException: sleep interrupted
	at java.lang.Thread.sleep(Native Method)
	at java.lang.Thread.sleep(Thread.java:340)
	at java.util.concurrent.TimeUnit.sleep(TimeUnit.java:386)
	at org.apache.ratis.util.TimeDuration.sleep(TimeDuration.java:324)
	at org.apache.ratis.util.TimeDuration.sleep(TimeDuration.java:309)
	at org.apache.ratis.server.impl.FollowerState.run(FollowerState.java:118)
2021-12-29 13:35:06,571 [grpc-default-executor-0] INFO  server.RaftServer$Division (RaftServerImpl.java:requestVote(1046)) - c27593dc-118c-4b8f-a1b6-791b95aa201d@group-5B449A8528E9: receive requestVote(ELECTION, ec8d6e88-7dab-40d3-b5f4-362e80a98c5e, group-5B449A8528E9, 1, (t:0, i:0))
2021-12-29 13:35:06,571 [grpc-default-executor-1] INFO  server.RaftServer$Division (RaftServerImpl.java:requestVote(1078)) - 338a2944-85be-4327-99ba-33562aaad680@group-5B449A8528E9 replies to ELECTION vote request: ec8d6e88-7dab-40d3-b5f4-362e80a98c5e<-338a2944-85be-4327-99ba-33562aaad680#0:OK-t1. Peer's state: 338a2944-85be-4327-99ba-33562aaad680@group-5B449A8528E9:t1, leader=null, voted=ec8d6e88-7dab-40d3-b5f4-362e80a98c5e, raftlog=338a2944-85be-4327-99ba-33562aaad680@group-5B449A8528E9-SegmentedRaftLog:OPENED:c-1, conf=-1: [ec8d6e88-7dab-40d3-b5f4-362e80a98c5e|rpc:10.1.0.26:40805|dataStream:|priority:0, c27593dc-118c-4b8f-a1b6-791b95aa201d|rpc:10.1.0.26:43913|dataStream:|priority:1, 338a2944-85be-4327-99ba-33562aaad680|rpc:10.1.0.26:34795|dataStream:|priority:0], old=null
2021-12-29 13:35:06,571 [grpc-default-executor-0] INFO  impl.VoteContext (VoteContext.java:log(48)) - c27593dc-118c-4b8f-a1b6-791b95aa201d@group-5B449A8528E9-FOLLOWER: reject ELECTION from ec8d6e88-7dab-40d3-b5f4-362e80a98c5e: our priority 1 > candidate's priority 0
2021-12-29 13:35:06,571 [grpc-default-executor-0] INFO  server.RaftServer$Division (RaftServerImpl.java:setRole(290)) - c27593dc-118c-4b8f-a1b6-791b95aa201d@group-5B449A8528E9: changes role from  FOLLOWER to FOLLOWER at term 1 for candidate:ec8d6e88-7dab-40d3-b5f4-362e80a98c5e
2021-12-29 13:35:06,571 [grpc-default-executor-0] INFO  impl.RoleInfo (RoleInfo.java:shutdownFollowerState(108)) - c27593dc-118c-4b8f-a1b6-791b95aa201d: shutdown c27593dc-118c-4b8f-a1b6-791b95aa201d@group-5B449A8528E9-FollowerState
2021-12-29 13:35:06,572 [grpc-default-executor-0] INFO  impl.RoleInfo (RoleInfo.java:updateAndGet(130)) - c27593dc-118c-4b8f-a1b6-791b95aa201d: start c27593dc-118c-4b8f-a1b6-791b95aa201d@group-5B449A8528E9-FollowerState
2021-12-29 13:35:06,572 [c27593dc-118c-4b8f-a1b6-791b95aa201d@group-5B449A8528E9-FollowerState] INFO  impl.FollowerState (FollowerState.java:run(143)) - c27593dc-118c-4b8f-a1b6-791b95aa201d@group-5B449A8528E9-FollowerState was interrupted: {}
java.lang.InterruptedException: sleep interrupted
	at java.lang.Thread.sleep(Native Method)
	at java.lang.Thread.sleep(Thread.java:340)
	at java.util.concurrent.TimeUnit.sleep(TimeUnit.java:386)
	at org.apache.ratis.util.TimeDuration.sleep(TimeDuration.java:324)
	at org.apache.ratis.util.TimeDuration.sleep(TimeDuration.java:309)
	at org.apache.ratis.server.impl.FollowerState.run(FollowerState.java:118)
2021-12-29 13:35:06,579 [grpc-default-executor-0] INFO  server.RaftServer$Division (RaftServerImpl.java:requestVote(1078)) - c27593dc-118c-4b8f-a1b6-791b95aa201d@group-5B449A8528E9 replies to ELECTION vote request: ec8d6e88-7dab-40d3-b5f4-362e80a98c5e<-c27593dc-118c-4b8f-a1b6-791b95aa201d#0:FAIL-t1. Peer's state: c27593dc-118c-4b8f-a1b6-791b95aa201d@group-5B449A8528E9:t1, leader=null, voted=null, raftlog=c27593dc-118c-4b8f-a1b6-791b95aa201d@group-5B449A8528E9-SegmentedRaftLog:OPENED:c-1, conf=-1: [ec8d6e88-7dab-40d3-b5f4-362e80a98c5e|rpc:10.1.0.26:40805|dataStream:|priority:0, c27593dc-118c-4b8f-a1b6-791b95aa201d|rpc:10.1.0.26:43913|dataStream:|priority:1, 338a2944-85be-4327-99ba-33562aaad680|rpc:10.1.0.26:34795|dataStream:|priority:0], old=null
2021-12-29 13:35:06,586 [ec8d6e88-7dab-40d3-b5f4-362e80a98c5e@group-5B449A8528E9-LeaderElection12] INFO  impl.LeaderElection (LeaderElection.java:logAndReturn(89)) - ec8d6e88-7dab-40d3-b5f4-362e80a98c5e@group-5B449A8528E9-LeaderElection12: ELECTION REJECTED received 2 response(s) and 0 exception(s):
2021-12-29 13:35:06,586 [ec8d6e88-7dab-40d3-b5f4-362e80a98c5e@group-5B449A8528E9-LeaderElection12] INFO  impl.LeaderElection (LeaderElection.java:logAndReturn(93)) -   Response 0: ec8d6e88-7dab-40d3-b5f4-362e80a98c5e<-c27593dc-118c-4b8f-a1b6-791b95aa201d#0:FAIL-t1
2021-12-29 13:35:06,586 [ec8d6e88-7dab-40d3-b5f4-362e80a98c5e@group-5B449A8528E9-LeaderElection12] INFO  impl.LeaderElection (LeaderElection.java:logAndReturn(93)) -   Response 1: ec8d6e88-7dab-40d3-b5f4-362e80a98c5e<-338a2944-85be-4327-99ba-33562aaad680#0:OK-t1
2021-12-29 13:35:06,586 [ec8d6e88-7dab-40d3-b5f4-362e80a98c5e@group-5B449A8528E9-LeaderElection12] INFO  impl.LeaderElection (LeaderElection.java:askForVotes(308)) - ec8d6e88-7dab-40d3-b5f4-362e80a98c5e@group-5B449A8528E9-LeaderElection12 ELECTION round 0: result REJECTED
2021-12-29 13:35:06,586 [ec8d6e88-7dab-40d3-b5f4-362e80a98c5e@group-5B449A8528E9-LeaderElection12] INFO  server.RaftServer$Division (RaftServerImpl.java:setRole(290)) - ec8d6e88-7dab-40d3-b5f4-362e80a98c5e@group-5B449A8528E9: changes role from CANDIDATE to FOLLOWER at term 1 for REJECTED
2021-12-29 13:35:06,586 [ec8d6e88-7dab-40d3-b5f4-362e80a98c5e@group-5B449A8528E9-LeaderElection12] INFO  impl.RoleInfo (RoleInfo.java:shutdownLeaderElection(121)) - ec8d6e88-7dab-40d3-b5f4-362e80a98c5e: shutdown ec8d6e88-7dab-40d3-b5f4-362e80a98c5e@group-5B449A8528E9-LeaderElection12
2021-12-29 13:35:06,586 [ec8d6e88-7dab-40d3-b5f4-362e80a98c5e@group-5B449A8528E9-LeaderElection12] INFO  impl.RoleInfo (RoleInfo.java:updateAndGet(130)) - ec8d6e88-7dab-40d3-b5f4-362e80a98c5e: start ec8d6e88-7dab-40d3-b5f4-362e80a98c5e@group-5B449A8528E9-FollowerState
2021-12-29 13:35:06,679 [c27593dc-118c-4b8f-a1b6-791b95aa201d@group-C6BC184C74FE-FollowerState] INFO  impl.FollowerState (FollowerState.java:run(134)) - c27593dc-118c-4b8f-a1b6-791b95aa201d@group-C6BC184C74FE-FollowerState: change to CANDIDATE, lastRpcElapsedTime:5075155582ns, electionTimeout:5065ms
2021-12-29 13:35:06,680 [c27593dc-118c-4b8f-a1b6-791b95aa201d@group-C6BC184C74FE-FollowerState] INFO  impl.RoleInfo (RoleInfo.java:shutdownFollowerState(108)) - c27593dc-118c-4b8f-a1b6-791b95aa201d: shutdown c27593dc-118c-4b8f-a1b6-791b95aa201d@group-C6BC184C74FE-FollowerState
2021-12-29 13:35:06,680 [c27593dc-118c-4b8f-a1b6-791b95aa201d@group-C6BC184C74FE-FollowerState] INFO  server.RaftServer$Division (RaftServerImpl.java:setRole(290)) - c27593dc-118c-4b8f-a1b6-791b95aa201d@group-C6BC184C74FE: changes role from  FOLLOWER to CANDIDATE at term 0 for changeToCandidate
2021-12-29 13:35:06,680 [c27593dc-118c-4b8f-a1b6-791b95aa201d@group-C6BC184C74FE-FollowerState] INFO  server.RaftServerConfigKeys (ConfUtils.java:logGet(44)) - raft.server.leaderelection.pre-vote = false (custom)
2021-12-29 13:35:06,680 [c27593dc-118c-4b8f-a1b6-791b95aa201d@group-C6BC184C74FE-FollowerState] INFO  impl.RoleInfo (RoleInfo.java:updateAndGet(130)) - c27593dc-118c-4b8f-a1b6-791b95aa201d: start c27593dc-118c-4b8f-a1b6-791b95aa201d@group-C6BC184C74FE-LeaderElection13
2021-12-29 13:35:06,688 [c27593dc-118c-4b8f-a1b6-791b95aa201d@group-C6BC184C74FE-LeaderElection13] INFO  impl.LeaderElection (LeaderElection.java:askForVotes(306)) - c27593dc-118c-4b8f-a1b6-791b95aa201d@group-C6BC184C74FE-LeaderElection13 ELECTION round 0: submit vote requests at term 1 for -1: [ec8d6e88-7dab-40d3-b5f4-362e80a98c5e|rpc:10.1.0.26:40805|dataStream:|priority:1, c27593dc-118c-4b8f-a1b6-791b95aa201d|rpc:10.1.0.26:43913|dataStream:|priority:0, 338a2944-85be-4327-99ba-33562aaad680|rpc:10.1.0.26:34795|dataStream:|priority:0], old=null
2021-12-29 13:35:06,711 [grpc-default-executor-0] INFO  server.RaftServer$Division (RaftServerImpl.java:requestVote(1046)) - ec8d6e88-7dab-40d3-b5f4-362e80a98c5e@group-C6BC184C74FE: receive requestVote(ELECTION, c27593dc-118c-4b8f-a1b6-791b95aa201d, group-C6BC184C74FE, 1, (t:0, i:0))
2021-12-29 13:35:06,711 [grpc-default-executor-0] INFO  impl.VoteContext (VoteContext.java:log(48)) - ec8d6e88-7dab-40d3-b5f4-362e80a98c5e@group-C6BC184C74FE-FOLLOWER: reject ELECTION from c27593dc-118c-4b8f-a1b6-791b95aa201d: our priority 1 > candidate's priority 0
2021-12-29 13:35:06,711 [grpc-default-executor-0] INFO  server.RaftServer$Division (RaftServerImpl.java:setRole(290)) - ec8d6e88-7dab-40d3-b5f4-362e80a98c5e@group-C6BC184C74FE: changes role from  FOLLOWER to FOLLOWER at term 1 for candidate:c27593dc-118c-4b8f-a1b6-791b95aa201d
2021-12-29 13:35:06,711 [grpc-default-executor-0] INFO  impl.RoleInfo (RoleInfo.java:shutdownFollowerState(108)) - ec8d6e88-7dab-40d3-b5f4-362e80a98c5e: shutdown ec8d6e88-7dab-40d3-b5f4-362e80a98c5e@group-C6BC184C74FE-FollowerState
2021-12-29 13:35:06,711 [grpc-default-executor-0] INFO  impl.RoleInfo (RoleInfo.java:updateAndGet(130)) - ec8d6e88-7dab-40d3-b5f4-362e80a98c5e: start ec8d6e88-7dab-40d3-b5f4-362e80a98c5e@group-C6BC184C74FE-FollowerState
2021-12-29 13:35:06,711 [ec8d6e88-7dab-40d3-b5f4-362e80a98c5e@group-C6BC184C74FE-FollowerState] INFO  impl.FollowerState (FollowerState.java:run(143)) - ec8d6e88-7dab-40d3-b5f4-362e80a98c5e@group-C6BC184C74FE-FollowerState was interrupted: {}
java.lang.InterruptedException: sleep interrupted
	at java.lang.Thread.sleep(Native Method)
	at java.lang.Thread.sleep(Thread.java:340)
	at java.util.concurrent.TimeUnit.sleep(TimeUnit.java:386)
	at org.apache.ratis.util.TimeDuration.sleep(TimeDuration.java:324)
	at org.apache.ratis.util.TimeDuration.sleep(TimeDuration.java:309)
	at org.apache.ratis.server.impl.FollowerState.run(FollowerState.java:118)
2021-12-29 13:35:06,722 [grpc-default-executor-0] INFO  server.RaftServer$Division (RaftServerImpl.java:requestVote(1078)) - ec8d6e88-7dab-40d3-b5f4-362e80a98c5e@group-C6BC184C74FE replies to ELECTION vote request: c27593dc-118c-4b8f-a1b6-791b95aa201d<-ec8d6e88-7dab-40d3-b5f4-362e80a98c5e#0:FAIL-t1. Peer's state: ec8d6e88-7dab-40d3-b5f4-362e80a98c5e@group-C6BC184C74FE:t1, leader=null, voted=null, raftlog=ec8d6e88-7dab-40d3-b5f4-362e80a98c5e@group-C6BC184C74FE-SegmentedRaftLog:OPENED:c-1, conf=-1: [ec8d6e88-7dab-40d3-b5f4-362e80a98c5e|rpc:10.1.0.26:40805|priority:1, c27593dc-118c-4b8f-a1b6-791b95aa201d|rpc:10.1.0.26:43913|priority:0, 338a2944-85be-4327-99ba-33562aaad680|rpc:10.1.0.26:34795|priority:0], old=null
2021-12-29 13:35:06,730 [c27593dc-118c-4b8f-a1b6-791b95aa201d@group-C6BC184C74FE-LeaderElection13] INFO  impl.LeaderElection (LeaderElection.java:logAndReturn(89)) - c27593dc-118c-4b8f-a1b6-791b95aa201d@group-C6BC184C74FE-LeaderElection13: ELECTION REJECTED received 1 response(s) and 0 exception(s):
2021-12-29 13:35:06,730 [c27593dc-118c-4b8f-a1b6-791b95aa201d@group-C6BC184C74FE-LeaderElection13] INFO  impl.LeaderElection (LeaderElection.java:logAndReturn(93)) -   Response 0: c27593dc-118c-4b8f-a1b6-791b95aa201d<-ec8d6e88-7dab-40d3-b5f4-362e80a98c5e#0:FAIL-t1
2021-12-29 13:35:06,730 [c27593dc-118c-4b8f-a1b6-791b95aa201d@group-C6BC184C74FE-LeaderElection13] INFO  impl.LeaderElection (LeaderElection.java:askForVotes(308)) - c27593dc-118c-4b8f-a1b6-791b95aa201d@group-C6BC184C74FE-LeaderElection13 ELECTION round 0: result REJECTED
2021-12-29 13:35:06,730 [c27593dc-118c-4b8f-a1b6-791b95aa201d@group-C6BC184C74FE-LeaderElection13] INFO  server.RaftServer$Division (RaftServerImpl.java:setRole(290)) - c27593dc-118c-4b8f-a1b6-791b95aa201d@group-C6BC184C74FE: changes role from CANDIDATE to FOLLOWER at term 1 for REJECTED
2021-12-29 13:35:06,730 [c27593dc-118c-4b8f-a1b6-791b95aa201d@group-C6BC184C74FE-LeaderElection13] INFO  impl.RoleInfo (RoleInfo.java:shutdownLeaderElection(121)) - c27593dc-118c-4b8f-a1b6-791b95aa201d: shutdown c27593dc-118c-4b8f-a1b6-791b95aa201d@group-C6BC184C74FE-LeaderElection13
2021-12-29 13:35:06,730 [c27593dc-118c-4b8f-a1b6-791b95aa201d@group-C6BC184C74FE-LeaderElection13] INFO  impl.RoleInfo (RoleInfo.java:updateAndGet(130)) - c27593dc-118c-4b8f-a1b6-791b95aa201d: start c27593dc-118c-4b8f-a1b6-791b95aa201d@group-C6BC184C74FE-FollowerState
2021-12-29 13:35:06,738 [grpc-default-executor-0] INFO  server.RaftServer$Division (RaftServerImpl.java:requestVote(1046)) - 338a2944-85be-4327-99ba-33562aaad680@group-C6BC184C74FE: receive requestVote(ELECTION, c27593dc-118c-4b8f-a1b6-791b95aa201d, group-C6BC184C74FE, 1, (t:0, i:0))
2021-12-29 13:35:06,742 [grpc-default-executor-0] INFO  impl.VoteContext (VoteContext.java:log(48)) - 338a2944-85be-4327-99ba-33562aaad680@group-C6BC184C74FE-FOLLOWER: accept ELECTION from c27593dc-118c-4b8f-a1b6-791b95aa201d: our priority 0 <= candidate's priority 0
2021-12-29 13:35:06,742 [grpc-default-executor-0] INFO  server.RaftServer$Division (RaftServerImpl.java:setRole(290)) - 338a2944-85be-4327-99ba-33562aaad680@group-C6BC184C74FE: changes role from  FOLLOWER to FOLLOWER at term 1 for candidate:c27593dc-118c-4b8f-a1b6-791b95aa201d
2021-12-29 13:35:06,742 [grpc-default-executor-0] INFO  impl.RoleInfo (RoleInfo.java:shutdownFollowerState(108)) - 338a2944-85be-4327-99ba-33562aaad680: shutdown 338a2944-85be-4327-99ba-33562aaad680@group-C6BC184C74FE-FollowerState
2021-12-29 13:35:06,742 [grpc-default-executor-0] INFO  impl.RoleInfo (RoleInfo.java:updateAndGet(130)) - 338a2944-85be-4327-99ba-33562aaad680: start 338a2944-85be-4327-99ba-33562aaad680@group-C6BC184C74FE-FollowerState
2021-12-29 13:35:06,742 [338a2944-85be-4327-99ba-33562aaad680@group-C6BC184C74FE-FollowerState] INFO  impl.FollowerState (FollowerState.java:run(143)) - 338a2944-85be-4327-99ba-33562aaad680@group-C6BC184C74FE-FollowerState was interrupted: {}
java.lang.InterruptedException: sleep interrupted
	at java.lang.Thread.sleep(Native Method)
	at java.lang.Thread.sleep(Thread.java:340)
	at java.util.concurrent.TimeUnit.sleep(TimeUnit.java:386)
	at org.apache.ratis.util.TimeDuration.sleep(TimeDuration.java:324)
	at org.apache.ratis.util.TimeDuration.sleep(TimeDuration.java:309)
	at org.apache.ratis.server.impl.FollowerState.run(FollowerState.java:118)
2021-12-29 13:35:06,754 [grpc-default-executor-0] INFO  server.RaftServer$Division (RaftServerImpl.java:requestVote(1078)) - 338a2944-85be-4327-99ba-33562aaad680@group-C6BC184C74FE replies to ELECTION vote request: c27593dc-118c-4b8f-a1b6-791b95aa201d<-338a2944-85be-4327-99ba-33562aaad680#0:OK-t1. Peer's state: 338a2944-85be-4327-99ba-33562aaad680@group-C6BC184C74FE:t1, leader=null, voted=c27593dc-118c-4b8f-a1b6-791b95aa201d, raftlog=338a2944-85be-4327-99ba-33562aaad680@group-C6BC184C74FE-SegmentedRaftLog:OPENED:c-1, conf=-1: [ec8d6e88-7dab-40d3-b5f4-362e80a98c5e|rpc:10.1.0.26:40805|dataStream:|priority:1, c27593dc-118c-4b8f-a1b6-791b95aa201d|rpc:10.1.0.26:43913|dataStream:|priority:0, 338a2944-85be-4327-99ba-33562aaad680|rpc:10.1.0.26:34795|dataStream:|priority:0], old=null
2021-12-29 13:35:06,864 [c27593dc-118c-4b8f-a1b6-791b95aa201d@group-BFD1AD94EBB6-FollowerState] INFO  impl.FollowerState (FollowerState.java:run(134)) - c27593dc-118c-4b8f-a1b6-791b95aa201d@group-BFD1AD94EBB6-FollowerState: change to CANDIDATE, lastRpcElapsedTime:5023476515ns, electionTimeout:5011ms
2021-12-29 13:35:06,864 [c27593dc-118c-4b8f-a1b6-791b95aa201d@group-BFD1AD94EBB6-FollowerState] INFO  impl.RoleInfo (RoleInfo.java:shutdownFollowerState(108)) - c27593dc-118c-4b8f-a1b6-791b95aa201d: shutdown c27593dc-118c-4b8f-a1b6-791b95aa201d@group-BFD1AD94EBB6-FollowerState
2021-12-29 13:35:06,864 [c27593dc-118c-4b8f-a1b6-791b95aa201d@group-BFD1AD94EBB6-FollowerState] INFO  server.RaftServer$Division (RaftServerImpl.java:setRole(290)) - c27593dc-118c-4b8f-a1b6-791b95aa201d@group-BFD1AD94EBB6: changes role from  FOLLOWER to CANDIDATE at term 0 for changeToCandidate
2021-12-29 13:35:06,864 [c27593dc-118c-4b8f-a1b6-791b95aa201d@group-BFD1AD94EBB6-FollowerState] INFO  server.RaftServerConfigKeys (ConfUtils.java:logGet(44)) - raft.server.leaderelection.pre-vote = false (custom)
2021-12-29 13:35:06,864 [c27593dc-118c-4b8f-a1b6-791b95aa201d@group-BFD1AD94EBB6-FollowerState] INFO  impl.RoleInfo (RoleInfo.java:updateAndGet(130)) - c27593dc-118c-4b8f-a1b6-791b95aa201d: start c27593dc-118c-4b8f-a1b6-791b95aa201d@group-BFD1AD94EBB6-LeaderElection14
2021-12-29 13:35:06,876 [c27593dc-118c-4b8f-a1b6-791b95aa201d@group-BFD1AD94EBB6-LeaderElection14] INFO  impl.LeaderElection (LeaderElection.java:askForVotes(306)) - c27593dc-118c-4b8f-a1b6-791b95aa201d@group-BFD1AD94EBB6-LeaderElection14 ELECTION round 0: submit vote requests at term 1 for -1: [c27593dc-118c-4b8f-a1b6-791b95aa201d|rpc:10.1.0.26:43913|priority:1], old=null
2021-12-29 13:35:06,882 [c27593dc-118c-4b8f-a1b6-791b95aa201d@group-BFD1AD94EBB6-LeaderElection14] INFO  impl.LeaderElection (LeaderElection.java:askForVotes(308)) - c27593dc-118c-4b8f-a1b6-791b95aa201d@group-BFD1AD94EBB6-LeaderElection14 ELECTION round 0: result PASSED (term=1)
2021-12-29 13:35:06,882 [c27593dc-118c-4b8f-a1b6-791b95aa201d@group-BFD1AD94EBB6-LeaderElection14] INFO  impl.RoleInfo (RoleInfo.java:shutdownLeaderElection(121)) - c27593dc-118c-4b8f-a1b6-791b95aa201d: shutdown c27593dc-118c-4b8f-a1b6-791b95aa201d@group-BFD1AD94EBB6-LeaderElection14
2021-12-29 13:35:06,882 [c27593dc-118c-4b8f-a1b6-791b95aa201d@group-BFD1AD94EBB6-LeaderElection14] INFO  server.RaftServer$Division (RaftServerImpl.java:setRole(290)) - c27593dc-118c-4b8f-a1b6-791b95aa201d@group-BFD1AD94EBB6: changes role from CANDIDATE to LEADER at term 1 for changeToLeader
2021-12-29 13:35:06,882 [c27593dc-118c-4b8f-a1b6-791b95aa201d@group-BFD1AD94EBB6-LeaderElection14] INFO  ratis.XceiverServerRatis (XceiverServerRatis.java:handleLeaderChangedNotification(866)) - Leader change notification received for group: group-BFD1AD94EBB6 with new leaderId: c27593dc-118c-4b8f-a1b6-791b95aa201d
2021-12-29 13:35:06,885 [c27593dc-118c-4b8f-a1b6-791b95aa201d@group-BFD1AD94EBB6-LeaderElection14] INFO  server.RaftServer$Division (ServerState.java:setLeader(285)) - c27593dc-118c-4b8f-a1b6-791b95aa201d@group-BFD1AD94EBB6: change Leader from null to c27593dc-118c-4b8f-a1b6-791b95aa201d at term 1 for becomeLeader, leader elected after 5052ms
2021-12-29 13:35:06,885 [c27593dc-118c-4b8f-a1b6-791b95aa201d@group-BFD1AD94EBB6-LeaderElection14] INFO  server.RaftServerConfigKeys (ConfUtils.java:logGet(44)) - raft.server.staging.catchup.gap = 1000 (default)
2021-12-29 13:35:06,886 [EventQueue-OpenPipelineForHealthyPipelineSafeModeRule] INFO  safemode.SCMSafeModeManager (HealthyPipelineSafeModeRule.java:process(124)) - SCM in safe mode. Healthy pipelines reported count is 0, required healthy pipeline reported count is 1
2021-12-29 13:35:06,886 [c27593dc-118c-4b8f-a1b6-791b95aa201d@group-BFD1AD94EBB6-LeaderElection14] INFO  server.RaftServerConfigKeys (ConfUtils.java:logGet(44)) - raft.server.write.element-limit = 1024 (custom)
2021-12-29 13:35:06,886 [c27593dc-118c-4b8f-a1b6-791b95aa201d@group-BFD1AD94EBB6-LeaderElection14] INFO  server.RaftServerConfigKeys (ConfUtils.java:logGet(44)) - raft.server.write.byte-limit = 1024 M (=1073741824) (custom)
2021-12-29 13:35:06,887 [c27593dc-118c-4b8f-a1b6-791b95aa201d@group-BFD1AD94EBB6-LeaderElection14] INFO  server.RaftServerConfigKeys (ConfUtils.java:logGet(44)) - raft.server.watch.timeout = 180s (custom)
2021-12-29 13:35:06,887 [c27593dc-118c-4b8f-a1b6-791b95aa201d@group-BFD1AD94EBB6-LeaderElection14] INFO  server.RaftServerConfigKeys (ConfUtils.java:logGet(44)) - raft.server.watch.timeout.denomination = 1s (default)
2021-12-29 13:35:06,887 [c27593dc-118c-4b8f-a1b6-791b95aa201d@group-BFD1AD94EBB6-LeaderElection14] INFO  server.RaftServerConfigKeys (ConfUtils.java:logGet(44)) - raft.server.watch.element-limit = 65536 (default)
2021-12-29 13:35:06,887 [c27593dc-118c-4b8f-a1b6-791b95aa201d@group-BFD1AD94EBB6-LeaderElection14] INFO  server.RaftServerConfigKeys (ConfUtils.java:logGet(44)) - raft.server.write.element-limit = 1024 (custom)
2021-12-29 13:35:06,887 [c27593dc-118c-4b8f-a1b6-791b95aa201d@group-BFD1AD94EBB6-LeaderElection14] INFO  server.RaftServerConfigKeys (ConfUtils.java:logGet(44)) - raft.server.write.follower.gap.ratio.max = -1.0 (default)
2021-12-29 13:35:06,893 [c27593dc-118c-4b8f-a1b6-791b95aa201d@group-BFD1AD94EBB6-LeaderElection14] INFO  impl.RoleInfo (RoleInfo.java:updateAndGet(130)) - c27593dc-118c-4b8f-a1b6-791b95aa201d: start c27593dc-118c-4b8f-a1b6-791b95aa201d@group-BFD1AD94EBB6-LeaderStateImpl
2021-12-29 13:35:06,893 [c27593dc-118c-4b8f-a1b6-791b95aa201d@group-BFD1AD94EBB6-LeaderElection14] INFO  segmented.SegmentedRaftLogWorker (SegmentedRaftLogWorker.java:startLogSegment(394)) - c27593dc-118c-4b8f-a1b6-791b95aa201d@group-BFD1AD94EBB6-SegmentedRaftLogWorker: Starting segment from index:0
2021-12-29 13:35:06,894 [c27593dc-118c-4b8f-a1b6-791b95aa201d@group-BFD1AD94EBB6-SegmentedRaftLogWorker] INFO  segmented.SegmentedRaftLogWorker (SegmentedRaftLogWorker.java:execute(601)) - c27593dc-118c-4b8f-a1b6-791b95aa201d@group-BFD1AD94EBB6-SegmentedRaftLogWorker: created new log segment /home/runner/work/ozone/ozone/hadoop-ozone/integration-test/target/test-dir/MiniOzoneClusterImpl-37cf7816-8d03-4967-8f48-8c315ca58879/datanode-1/data/ratis/125ebe8a-8131-439c-a7b8-bfd1ad94ebb6/current/log_inprogress_0
2021-12-29 13:35:06,902 [c27593dc-118c-4b8f-a1b6-791b95aa201d@group-BFD1AD94EBB6-LeaderElection14] INFO  server.RaftServer$Division (ServerState.java:setRaftConf(387)) - c27593dc-118c-4b8f-a1b6-791b95aa201d@group-BFD1AD94EBB6: set configuration 0: [c27593dc-118c-4b8f-a1b6-791b95aa201d|rpc:10.1.0.26:43913|dataStream:|priority:1], old=null
2021-12-29 13:35:07,304 [Listener at 127.0.0.1/35453] INFO  ozone.MiniOzoneClusterImpl (MiniOzoneClusterImpl.java:lambda$waitForClusterToBeReady$0(235)) - Nodes are ready. Got 3 of 3 DN Heartbeats.
2021-12-29 13:35:07,304 [Listener at 127.0.0.1/35453] INFO  ozone.MiniOzoneClusterImpl (MiniOzoneClusterImpl.java:lambda$waitForClusterToBeReady$0(238)) - Waiting for cluster to exit safe mode
2021-12-29 13:35:07,304 [Listener at 127.0.0.1/35453] INFO  ozone.MiniOzoneClusterImpl (MiniOzoneClusterImpl.java:lambda$waitForClusterToBeReady$0(240)) - SCM became leader
2021-12-29 13:35:07,369 [338a2944-85be-4327-99ba-33562aaad680@group-F4BCE9AB4AC0-FollowerState] INFO  impl.FollowerState (FollowerState.java:run(134)) - 338a2944-85be-4327-99ba-33562aaad680@group-F4BCE9AB4AC0-FollowerState: change to CANDIDATE, lastRpcElapsedTime:5055100595ns, electionTimeout:5043ms
2021-12-29 13:35:07,370 [338a2944-85be-4327-99ba-33562aaad680@group-F4BCE9AB4AC0-FollowerState] INFO  impl.RoleInfo (RoleInfo.java:shutdownFollowerState(108)) - 338a2944-85be-4327-99ba-33562aaad680: shutdown 338a2944-85be-4327-99ba-33562aaad680@group-F4BCE9AB4AC0-FollowerState
2021-12-29 13:35:07,370 [338a2944-85be-4327-99ba-33562aaad680@group-F4BCE9AB4AC0-FollowerState] INFO  server.RaftServer$Division (RaftServerImpl.java:setRole(290)) - 338a2944-85be-4327-99ba-33562aaad680@group-F4BCE9AB4AC0: changes role from  FOLLOWER to CANDIDATE at term 0 for changeToCandidate
2021-12-29 13:35:07,370 [338a2944-85be-4327-99ba-33562aaad680@group-F4BCE9AB4AC0-FollowerState] INFO  server.RaftServerConfigKeys (ConfUtils.java:logGet(44)) - raft.server.leaderelection.pre-vote = false (custom)
2021-12-29 13:35:07,370 [338a2944-85be-4327-99ba-33562aaad680@group-F4BCE9AB4AC0-FollowerState] INFO  impl.RoleInfo (RoleInfo.java:updateAndGet(130)) - 338a2944-85be-4327-99ba-33562aaad680: start 338a2944-85be-4327-99ba-33562aaad680@group-F4BCE9AB4AC0-LeaderElection15
2021-12-29 13:35:07,390 [338a2944-85be-4327-99ba-33562aaad680@group-F4BCE9AB4AC0-LeaderElection15] INFO  impl.LeaderElection (LeaderElection.java:askForVotes(306)) - 338a2944-85be-4327-99ba-33562aaad680@group-F4BCE9AB4AC0-LeaderElection15 ELECTION round 0: submit vote requests at term 1 for -1: [338a2944-85be-4327-99ba-33562aaad680|rpc:10.1.0.26:34795|priority:1], old=null
2021-12-29 13:35:07,390 [338a2944-85be-4327-99ba-33562aaad680@group-F4BCE9AB4AC0-LeaderElection15] INFO  impl.LeaderElection (LeaderElection.java:askForVotes(308)) - 338a2944-85be-4327-99ba-33562aaad680@group-F4BCE9AB4AC0-LeaderElection15 ELECTION round 0: result PASSED (term=1)
2021-12-29 13:35:07,390 [338a2944-85be-4327-99ba-33562aaad680@group-F4BCE9AB4AC0-LeaderElection15] INFO  impl.RoleInfo (RoleInfo.java:shutdownLeaderElection(121)) - 338a2944-85be-4327-99ba-33562aaad680: shutdown 338a2944-85be-4327-99ba-33562aaad680@group-F4BCE9AB4AC0-LeaderElection15
2021-12-29 13:35:07,390 [338a2944-85be-4327-99ba-33562aaad680@group-F4BCE9AB4AC0-LeaderElection15] INFO  server.RaftServer$Division (RaftServerImpl.java:setRole(290)) - 338a2944-85be-4327-99ba-33562aaad680@group-F4BCE9AB4AC0: changes role from CANDIDATE to LEADER at term 1 for changeToLeader
2021-12-29 13:35:07,390 [338a2944-85be-4327-99ba-33562aaad680@group-F4BCE9AB4AC0-LeaderElection15] INFO  ratis.XceiverServerRatis (XceiverServerRatis.java:handleLeaderChangedNotification(866)) - Leader change notification received for group: group-F4BCE9AB4AC0 with new leaderId: 338a2944-85be-4327-99ba-33562aaad680
2021-12-29 13:35:07,390 [338a2944-85be-4327-99ba-33562aaad680@group-F4BCE9AB4AC0-LeaderElection15] INFO  server.RaftServer$Division (ServerState.java:setLeader(285)) - 338a2944-85be-4327-99ba-33562aaad680@group-F4BCE9AB4AC0: change Leader from null to 338a2944-85be-4327-99ba-33562aaad680 at term 1 for becomeLeader, leader elected after 5091ms
2021-12-29 13:35:07,390 [338a2944-85be-4327-99ba-33562aaad680@group-F4BCE9AB4AC0-LeaderElection15] INFO  server.RaftServerConfigKeys (ConfUtils.java:logGet(44)) - raft.server.staging.catchup.gap = 1000 (default)
2021-12-29 13:35:07,391 [338a2944-85be-4327-99ba-33562aaad680@group-F4BCE9AB4AC0-LeaderElection15] INFO  server.RaftServerConfigKeys (ConfUtils.java:logGet(44)) - raft.server.write.element-limit = 1024 (custom)
2021-12-29 13:35:07,391 [338a2944-85be-4327-99ba-33562aaad680@group-F4BCE9AB4AC0-LeaderElection15] INFO  server.RaftServerConfigKeys (ConfUtils.java:logGet(44)) - raft.server.write.byte-limit = 1024 M (=1073741824) (custom)
2021-12-29 13:35:07,391 [338a2944-85be-4327-99ba-33562aaad680@group-F4BCE9AB4AC0-LeaderElection15] INFO  server.RaftServerConfigKeys (ConfUtils.java:logGet(44)) - raft.server.watch.timeout = 180s (custom)
2021-12-29 13:35:07,391 [338a2944-85be-4327-99ba-33562aaad680@group-F4BCE9AB4AC0-LeaderElection15] INFO  server.RaftServerConfigKeys (ConfUtils.java:logGet(44)) - raft.server.watch.timeout.denomination = 1s (default)
2021-12-29 13:35:07,391 [338a2944-85be-4327-99ba-33562aaad680@group-F4BCE9AB4AC0-LeaderElection15] INFO  server.RaftServerConfigKeys (ConfUtils.java:logGet(44)) - raft.server.watch.element-limit = 65536 (default)
2021-12-29 13:35:07,391 [338a2944-85be-4327-99ba-33562aaad680@group-F4BCE9AB4AC0-LeaderElection15] INFO  server.RaftServerConfigKeys (ConfUtils.java:logGet(44)) - raft.server.write.element-limit = 1024 (custom)
2021-12-29 13:35:07,391 [338a2944-85be-4327-99ba-33562aaad680@group-F4BCE9AB4AC0-LeaderElection15] INFO  server.RaftServerConfigKeys (ConfUtils.java:logGet(44)) - raft.server.write.follower.gap.ratio.max = -1.0 (default)
2021-12-29 13:35:07,391 [338a2944-85be-4327-99ba-33562aaad680@group-F4BCE9AB4AC0-LeaderElection15] INFO  impl.RoleInfo (RoleInfo.java:updateAndGet(130)) - 338a2944-85be-4327-99ba-33562aaad680: start 338a2944-85be-4327-99ba-33562aaad680@group-F4BCE9AB4AC0-LeaderStateImpl
2021-12-29 13:35:07,392 [338a2944-85be-4327-99ba-33562aaad680@group-F4BCE9AB4AC0-LeaderElection15] INFO  segmented.SegmentedRaftLogWorker (SegmentedRaftLogWorker.java:startLogSegment(394)) - 338a2944-85be-4327-99ba-33562aaad680@group-F4BCE9AB4AC0-SegmentedRaftLogWorker: Starting segment from index:0
2021-12-29 13:35:07,396 [EventQueue-OpenPipelineForHealthyPipelineSafeModeRule] INFO  safemode.SCMSafeModeManager (HealthyPipelineSafeModeRule.java:process(124)) - SCM in safe mode. Healthy pipelines reported count is 0, required healthy pipeline reported count is 1
2021-12-29 13:35:07,396 [338a2944-85be-4327-99ba-33562aaad680@group-F4BCE9AB4AC0-SegmentedRaftLogWorker] INFO  segmented.SegmentedRaftLogWorker (SegmentedRaftLogWorker.java:execute(601)) - 338a2944-85be-4327-99ba-33562aaad680@group-F4BCE9AB4AC0-SegmentedRaftLogWorker: created new log segment /home/runner/work/ozone/ozone/hadoop-ozone/integration-test/target/test-dir/MiniOzoneClusterImpl-37cf7816-8d03-4967-8f48-8c315ca58879/datanode-2/data/ratis/d3fdacd0-ec93-4aea-8a7a-f4bce9ab4ac0/current/log_inprogress_0
2021-12-29 13:35:07,405 [338a2944-85be-4327-99ba-33562aaad680@group-F4BCE9AB4AC0-LeaderElection15] INFO  server.RaftServer$Division (ServerState.java:setRaftConf(387)) - 338a2944-85be-4327-99ba-33562aaad680@group-F4BCE9AB4AC0: set configuration 0: [338a2944-85be-4327-99ba-33562aaad680|rpc:10.1.0.26:34795|dataStream:|priority:1], old=null
2021-12-29 13:35:08,304 [Listener at 127.0.0.1/35453] INFO  ozone.MiniOzoneClusterImpl (MiniOzoneClusterImpl.java:lambda$waitForClusterToBeReady$0(235)) - Nodes are ready. Got 3 of 3 DN Heartbeats.
2021-12-29 13:35:08,305 [Listener at 127.0.0.1/35453] INFO  ozone.MiniOzoneClusterImpl (MiniOzoneClusterImpl.java:lambda$waitForClusterToBeReady$0(238)) - Waiting for cluster to exit safe mode
2021-12-29 13:35:08,305 [Listener at 127.0.0.1/35453] INFO  ozone.MiniOzoneClusterImpl (MiniOzoneClusterImpl.java:lambda$waitForClusterToBeReady$0(240)) - SCM became leader
2021-12-29 13:35:09,305 [Listener at 127.0.0.1/35453] INFO  ozone.MiniOzoneClusterImpl (MiniOzoneClusterImpl.java:lambda$waitForClusterToBeReady$0(235)) - Nodes are ready. Got 3 of 3 DN Heartbeats.
2021-12-29 13:35:09,305 [Listener at 127.0.0.1/35453] INFO  ozone.MiniOzoneClusterImpl (MiniOzoneClusterImpl.java:lambda$waitForClusterToBeReady$0(238)) - Waiting for cluster to exit safe mode
2021-12-29 13:35:09,305 [Listener at 127.0.0.1/35453] INFO  ozone.MiniOzoneClusterImpl (MiniOzoneClusterImpl.java:lambda$waitForClusterToBeReady$0(240)) - SCM became leader
2021-12-29 13:35:10,306 [Listener at 127.0.0.1/35453] INFO  ozone.MiniOzoneClusterImpl (MiniOzoneClusterImpl.java:lambda$waitForClusterToBeReady$0(235)) - Nodes are ready. Got 3 of 3 DN Heartbeats.
2021-12-29 13:35:10,306 [Listener at 127.0.0.1/35453] INFO  ozone.MiniOzoneClusterImpl (MiniOzoneClusterImpl.java:lambda$waitForClusterToBeReady$0(238)) - Waiting for cluster to exit safe mode
2021-12-29 13:35:10,306 [Listener at 127.0.0.1/35453] INFO  ozone.MiniOzoneClusterImpl (MiniOzoneClusterImpl.java:lambda$waitForClusterToBeReady$0(240)) - SCM became leader
2021-12-29 13:35:11,306 [Listener at 127.0.0.1/35453] INFO  ozone.MiniOzoneClusterImpl (MiniOzoneClusterImpl.java:lambda$waitForClusterToBeReady$0(235)) - Nodes are ready. Got 3 of 3 DN Heartbeats.
2021-12-29 13:35:11,306 [Listener at 127.0.0.1/35453] INFO  ozone.MiniOzoneClusterImpl (MiniOzoneClusterImpl.java:lambda$waitForClusterToBeReady$0(238)) - Waiting for cluster to exit safe mode
2021-12-29 13:35:11,307 [Listener at 127.0.0.1/35453] INFO  ozone.MiniOzoneClusterImpl (MiniOzoneClusterImpl.java:lambda$waitForClusterToBeReady$0(240)) - SCM became leader
2021-12-29 13:35:11,594 [c27593dc-118c-4b8f-a1b6-791b95aa201d@group-5B449A8528E9-FollowerState] INFO  impl.FollowerState (FollowerState.java:run(134)) - c27593dc-118c-4b8f-a1b6-791b95aa201d@group-5B449A8528E9-FollowerState: change to CANDIDATE, lastRpcElapsedTime:5022421260ns, electionTimeout:5004ms
2021-12-29 13:35:11,594 [c27593dc-118c-4b8f-a1b6-791b95aa201d@group-5B449A8528E9-FollowerState] INFO  impl.RoleInfo (RoleInfo.java:shutdownFollowerState(108)) - c27593dc-118c-4b8f-a1b6-791b95aa201d: shutdown c27593dc-118c-4b8f-a1b6-791b95aa201d@group-5B449A8528E9-FollowerState
2021-12-29 13:35:11,594 [c27593dc-118c-4b8f-a1b6-791b95aa201d@group-5B449A8528E9-FollowerState] INFO  server.RaftServer$Division (RaftServerImpl.java:setRole(290)) - c27593dc-118c-4b8f-a1b6-791b95aa201d@group-5B449A8528E9: changes role from  FOLLOWER to CANDIDATE at term 1 for changeToCandidate
2021-12-29 13:35:11,594 [c27593dc-118c-4b8f-a1b6-791b95aa201d@group-5B449A8528E9-FollowerState] INFO  server.RaftServerConfigKeys (ConfUtils.java:logGet(44)) - raft.server.leaderelection.pre-vote = false (custom)
2021-12-29 13:35:11,595 [c27593dc-118c-4b8f-a1b6-791b95aa201d@group-5B449A8528E9-FollowerState] INFO  impl.RoleInfo (RoleInfo.java:updateAndGet(130)) - c27593dc-118c-4b8f-a1b6-791b95aa201d: start c27593dc-118c-4b8f-a1b6-791b95aa201d@group-5B449A8528E9-LeaderElection16
2021-12-29 13:35:11,606 [c27593dc-118c-4b8f-a1b6-791b95aa201d@group-5B449A8528E9-LeaderElection16] INFO  impl.LeaderElection (LeaderElection.java:askForVotes(306)) - c27593dc-118c-4b8f-a1b6-791b95aa201d@group-5B449A8528E9-LeaderElection16 ELECTION round 0: submit vote requests at term 2 for -1: [ec8d6e88-7dab-40d3-b5f4-362e80a98c5e|rpc:10.1.0.26:40805|dataStream:|priority:0, c27593dc-118c-4b8f-a1b6-791b95aa201d|rpc:10.1.0.26:43913|dataStream:|priority:1, 338a2944-85be-4327-99ba-33562aaad680|rpc:10.1.0.26:34795|dataStream:|priority:0], old=null
2021-12-29 13:35:11,624 [grpc-default-executor-0] INFO  server.RaftServer$Division (RaftServerImpl.java:requestVote(1046)) - ec8d6e88-7dab-40d3-b5f4-362e80a98c5e@group-5B449A8528E9: receive requestVote(ELECTION, c27593dc-118c-4b8f-a1b6-791b95aa201d, group-5B449A8528E9, 2, (t:0, i:0))
2021-12-29 13:35:11,624 [grpc-default-executor-0] INFO  impl.VoteContext (VoteContext.java:log(48)) - ec8d6e88-7dab-40d3-b5f4-362e80a98c5e@group-5B449A8528E9-FOLLOWER: accept ELECTION from c27593dc-118c-4b8f-a1b6-791b95aa201d: our priority 0 <= candidate's priority 1
2021-12-29 13:35:11,624 [grpc-default-executor-0] INFO  server.RaftServer$Division (RaftServerImpl.java:setRole(290)) - ec8d6e88-7dab-40d3-b5f4-362e80a98c5e@group-5B449A8528E9: changes role from  FOLLOWER to FOLLOWER at term 2 for candidate:c27593dc-118c-4b8f-a1b6-791b95aa201d
2021-12-29 13:35:11,625 [grpc-default-executor-0] INFO  impl.RoleInfo (RoleInfo.java:shutdownFollowerState(108)) - ec8d6e88-7dab-40d3-b5f4-362e80a98c5e: shutdown ec8d6e88-7dab-40d3-b5f4-362e80a98c5e@group-5B449A8528E9-FollowerState
2021-12-29 13:35:11,625 [grpc-default-executor-0] INFO  impl.RoleInfo (RoleInfo.java:updateAndGet(130)) - ec8d6e88-7dab-40d3-b5f4-362e80a98c5e: start ec8d6e88-7dab-40d3-b5f4-362e80a98c5e@group-5B449A8528E9-FollowerState
2021-12-29 13:35:11,625 [ec8d6e88-7dab-40d3-b5f4-362e80a98c5e@group-5B449A8528E9-FollowerState] INFO  impl.FollowerState (FollowerState.java:run(143)) - ec8d6e88-7dab-40d3-b5f4-362e80a98c5e@group-5B449A8528E9-FollowerState was interrupted: {}
java.lang.InterruptedException: sleep interrupted
	at java.lang.Thread.sleep(Native Method)
	at java.lang.Thread.sleep(Thread.java:340)
	at java.util.concurrent.TimeUnit.sleep(TimeUnit.java:386)
	at org.apache.ratis.util.TimeDuration.sleep(TimeDuration.java:324)
	at org.apache.ratis.util.TimeDuration.sleep(TimeDuration.java:309)
	at org.apache.ratis.server.impl.FollowerState.run(FollowerState.java:118)
2021-12-29 13:35:11,632 [grpc-default-executor-0] INFO  server.RaftServer$Division (RaftServerImpl.java:requestVote(1078)) - ec8d6e88-7dab-40d3-b5f4-362e80a98c5e@group-5B449A8528E9 replies to ELECTION vote request: c27593dc-118c-4b8f-a1b6-791b95aa201d<-ec8d6e88-7dab-40d3-b5f4-362e80a98c5e#0:OK-t2. Peer's state: ec8d6e88-7dab-40d3-b5f4-362e80a98c5e@group-5B449A8528E9:t2, leader=null, voted=c27593dc-118c-4b8f-a1b6-791b95aa201d, raftlog=ec8d6e88-7dab-40d3-b5f4-362e80a98c5e@group-5B449A8528E9-SegmentedRaftLog:OPENED:c-1, conf=-1: [ec8d6e88-7dab-40d3-b5f4-362e80a98c5e|rpc:10.1.0.26:40805|priority:0, c27593dc-118c-4b8f-a1b6-791b95aa201d|rpc:10.1.0.26:43913|priority:1, 338a2944-85be-4327-99ba-33562aaad680|rpc:10.1.0.26:34795|priority:0], old=null
2021-12-29 13:35:11,639 [grpc-default-executor-1] INFO  server.RaftServer$Division (RaftServerImpl.java:requestVote(1046)) - 338a2944-85be-4327-99ba-33562aaad680@group-5B449A8528E9: receive requestVote(ELECTION, c27593dc-118c-4b8f-a1b6-791b95aa201d, group-5B449A8528E9, 2, (t:0, i:0))
2021-12-29 13:35:11,639 [grpc-default-executor-1] INFO  impl.VoteContext (VoteContext.java:log(48)) - 338a2944-85be-4327-99ba-33562aaad680@group-5B449A8528E9-FOLLOWER: accept ELECTION from c27593dc-118c-4b8f-a1b6-791b95aa201d: our priority 0 <= candidate's priority 1
2021-12-29 13:35:11,639 [grpc-default-executor-1] INFO  server.RaftServer$Division (RaftServerImpl.java:setRole(290)) - 338a2944-85be-4327-99ba-33562aaad680@group-5B449A8528E9: changes role from  FOLLOWER to FOLLOWER at term 2 for candidate:c27593dc-118c-4b8f-a1b6-791b95aa201d
2021-12-29 13:35:11,639 [grpc-default-executor-1] INFO  impl.RoleInfo (RoleInfo.java:shutdownFollowerState(108)) - 338a2944-85be-4327-99ba-33562aaad680: shutdown 338a2944-85be-4327-99ba-33562aaad680@group-5B449A8528E9-FollowerState
2021-12-29 13:35:11,639 [grpc-default-executor-1] INFO  impl.RoleInfo (RoleInfo.java:updateAndGet(130)) - 338a2944-85be-4327-99ba-33562aaad680: start 338a2944-85be-4327-99ba-33562aaad680@group-5B449A8528E9-FollowerState
2021-12-29 13:35:11,639 [338a2944-85be-4327-99ba-33562aaad680@group-5B449A8528E9-FollowerState] INFO  impl.FollowerState (FollowerState.java:run(143)) - 338a2944-85be-4327-99ba-33562aaad680@group-5B449A8528E9-FollowerState was interrupted: {}
java.lang.InterruptedException: sleep interrupted
	at java.lang.Thread.sleep(Native Method)
	at java.lang.Thread.sleep(Thread.java:340)
	at java.util.concurrent.TimeUnit.sleep(TimeUnit.java:386)
	at org.apache.ratis.util.TimeDuration.sleep(TimeDuration.java:324)
	at org.apache.ratis.util.TimeDuration.sleep(TimeDuration.java:309)
	at org.apache.ratis.server.impl.FollowerState.run(FollowerState.java:118)
2021-12-29 13:35:11,640 [c27593dc-118c-4b8f-a1b6-791b95aa201d@group-5B449A8528E9-LeaderElection16] INFO  impl.LeaderElection (LeaderElection.java:logAndReturn(89)) - c27593dc-118c-4b8f-a1b6-791b95aa201d@group-5B449A8528E9-LeaderElection16: ELECTION PASSED received 1 response(s) and 0 exception(s):
2021-12-29 13:35:11,654 [c27593dc-118c-4b8f-a1b6-791b95aa201d@group-5B449A8528E9-LeaderElection16] INFO  impl.LeaderElection (LeaderElection.java:logAndReturn(93)) -   Response 0: c27593dc-118c-4b8f-a1b6-791b95aa201d<-ec8d6e88-7dab-40d3-b5f4-362e80a98c5e#0:OK-t2
2021-12-29 13:35:11,654 [c27593dc-118c-4b8f-a1b6-791b95aa201d@group-5B449A8528E9-LeaderElection16] INFO  impl.LeaderElection (LeaderElection.java:askForVotes(308)) - c27593dc-118c-4b8f-a1b6-791b95aa201d@group-5B449A8528E9-LeaderElection16 ELECTION round 0: result PASSED
2021-12-29 13:35:11,654 [c27593dc-118c-4b8f-a1b6-791b95aa201d@group-5B449A8528E9-LeaderElection16] INFO  impl.RoleInfo (RoleInfo.java:shutdownLeaderElection(121)) - c27593dc-118c-4b8f-a1b6-791b95aa201d: shutdown c27593dc-118c-4b8f-a1b6-791b95aa201d@group-5B449A8528E9-LeaderElection16
2021-12-29 13:35:11,654 [c27593dc-118c-4b8f-a1b6-791b95aa201d@group-5B449A8528E9-LeaderElection16] INFO  server.RaftServer$Division (RaftServerImpl.java:setRole(290)) - c27593dc-118c-4b8f-a1b6-791b95aa201d@group-5B449A8528E9: changes role from CANDIDATE to LEADER at term 2 for changeToLeader
2021-12-29 13:35:11,654 [c27593dc-118c-4b8f-a1b6-791b95aa201d@group-5B449A8528E9-LeaderElection16] INFO  ratis.XceiverServerRatis (XceiverServerRatis.java:handleLeaderChangedNotification(866)) - Leader change notification received for group: group-5B449A8528E9 with new leaderId: c27593dc-118c-4b8f-a1b6-791b95aa201d
2021-12-29 13:35:11,654 [c27593dc-118c-4b8f-a1b6-791b95aa201d@group-5B449A8528E9-LeaderElection16] INFO  server.RaftServer$Division (ServerState.java:setLeader(285)) - c27593dc-118c-4b8f-a1b6-791b95aa201d@group-5B449A8528E9: change Leader from null to c27593dc-118c-4b8f-a1b6-791b95aa201d at term 2 for becomeLeader, leader elected after 10226ms
2021-12-29 13:35:11,654 [c27593dc-118c-4b8f-a1b6-791b95aa201d@group-5B449A8528E9-LeaderElection16] INFO  server.RaftServerConfigKeys (ConfUtils.java:logGet(44)) - raft.server.staging.catchup.gap = 1000 (default)
2021-12-29 13:35:11,655 [c27593dc-118c-4b8f-a1b6-791b95aa201d@group-5B449A8528E9-LeaderElection16] INFO  server.RaftServerConfigKeys (ConfUtils.java:logGet(44)) - raft.server.write.element-limit = 1024 (custom)
2021-12-29 13:35:11,655 [c27593dc-118c-4b8f-a1b6-791b95aa201d@group-5B449A8528E9-LeaderElection16] INFO  server.RaftServerConfigKeys (ConfUtils.java:logGet(44)) - raft.server.write.byte-limit = 1024 M (=1073741824) (custom)
2021-12-29 13:35:11,655 [c27593dc-118c-4b8f-a1b6-791b95aa201d@group-5B449A8528E9-LeaderElection16] INFO  server.RaftServerConfigKeys (ConfUtils.java:logGet(44)) - raft.server.watch.timeout = 180s (custom)
2021-12-29 13:35:11,655 [c27593dc-118c-4b8f-a1b6-791b95aa201d@group-5B449A8528E9-LeaderElection16] INFO  server.RaftServerConfigKeys (ConfUtils.java:logGet(44)) - raft.server.watch.timeout.denomination = 1s (default)
2021-12-29 13:35:11,655 [c27593dc-118c-4b8f-a1b6-791b95aa201d@group-5B449A8528E9-LeaderElection16] INFO  server.RaftServerConfigKeys (ConfUtils.java:logGet(44)) - raft.server.watch.element-limit = 65536 (default)
2021-12-29 13:35:11,655 [c27593dc-118c-4b8f-a1b6-791b95aa201d@group-5B449A8528E9-LeaderElection16] INFO  server.RaftServerConfigKeys (ConfUtils.java:logGet(44)) - raft.server.write.element-limit = 1024 (custom)
2021-12-29 13:35:11,655 [c27593dc-118c-4b8f-a1b6-791b95aa201d@group-5B449A8528E9-LeaderElection16] INFO  server.RaftServerConfigKeys (ConfUtils.java:logGet(44)) - raft.server.write.follower.gap.ratio.max = -1.0 (default)
2021-12-29 13:35:11,655 [c27593dc-118c-4b8f-a1b6-791b95aa201d@group-5B449A8528E9-LeaderElection16] INFO  server.RaftServerConfigKeys (ConfUtils.java:logGet(44)) - raft.server.log.appender.snapshot.chunk.size.max = 16MB (=16777216) (default)
2021-12-29 13:35:11,655 [c27593dc-118c-4b8f-a1b6-791b95aa201d@group-5B449A8528E9-LeaderElection16] INFO  server.RaftServerConfigKeys (ConfUtils.java:logGet(44)) - raft.server.log.appender.buffer.byte-limit = 33554432 (custom)
2021-12-29 13:35:11,655 [c27593dc-118c-4b8f-a1b6-791b95aa201d@group-5B449A8528E9-LeaderElection16] INFO  server.RaftServerConfigKeys (ConfUtils.java:logGet(44)) - raft.server.log.appender.buffer.element-limit = 1 (custom)
2021-12-29 13:35:11,655 [c27593dc-118c-4b8f-a1b6-791b95aa201d@group-5B449A8528E9-LeaderElection16] INFO  grpc.GrpcConfigKeys (ConfUtils.java:logGet(44)) - raft.grpc.server.leader.outstanding.appends.max = 128 (default)
2021-12-29 13:35:11,655 [c27593dc-118c-4b8f-a1b6-791b95aa201d@group-5B449A8528E9-LeaderElection16] INFO  server.RaftServerConfigKeys (ConfUtils.java:logGet(44)) - raft.server.rpc.request.timeout = 60s (custom)
2021-12-29 13:35:11,656 [c27593dc-118c-4b8f-a1b6-791b95aa201d@group-5B449A8528E9-LeaderElection16] INFO  server.RaftServerConfigKeys (ConfUtils.java:logGet(44)) - raft.server.log.appender.install.snapshot.enabled = false (custom)
2021-12-29 13:35:11,656 [c27593dc-118c-4b8f-a1b6-791b95aa201d@group-5B449A8528E9-LeaderElection16] INFO  server.RaftServerConfigKeys (ConfUtils.java:logGet(44)) - raft.server.log.appender.snapshot.chunk.size.max = 16MB (=16777216) (default)
2021-12-29 13:35:11,656 [c27593dc-118c-4b8f-a1b6-791b95aa201d@group-5B449A8528E9-LeaderElection16] INFO  server.RaftServerConfigKeys (ConfUtils.java:logGet(44)) - raft.server.log.appender.buffer.byte-limit = 33554432 (custom)
2021-12-29 13:35:11,656 [c27593dc-118c-4b8f-a1b6-791b95aa201d@group-5B449A8528E9-LeaderElection16] INFO  server.RaftServerConfigKeys (ConfUtils.java:logGet(44)) - raft.server.log.appender.buffer.element-limit = 1 (custom)
2021-12-29 13:35:11,656 [c27593dc-118c-4b8f-a1b6-791b95aa201d@group-5B449A8528E9-LeaderElection16] INFO  grpc.GrpcConfigKeys (ConfUtils.java:logGet(44)) - raft.grpc.server.leader.outstanding.appends.max = 128 (default)
2021-12-29 13:35:11,656 [c27593dc-118c-4b8f-a1b6-791b95aa201d@group-5B449A8528E9-LeaderElection16] INFO  server.RaftServerConfigKeys (ConfUtils.java:logGet(44)) - raft.server.rpc.request.timeout = 60s (custom)
2021-12-29 13:35:11,656 [c27593dc-118c-4b8f-a1b6-791b95aa201d@group-5B449A8528E9-LeaderElection16] INFO  server.RaftServerConfigKeys (ConfUtils.java:logGet(44)) - raft.server.log.appender.install.snapshot.enabled = false (custom)
2021-12-29 13:35:11,657 [c27593dc-118c-4b8f-a1b6-791b95aa201d@group-5B449A8528E9-LeaderElection16] INFO  impl.RoleInfo (RoleInfo.java:updateAndGet(130)) - c27593dc-118c-4b8f-a1b6-791b95aa201d: start c27593dc-118c-4b8f-a1b6-791b95aa201d@group-5B449A8528E9-LeaderStateImpl
2021-12-29 13:35:11,657 [c27593dc-118c-4b8f-a1b6-791b95aa201d@group-5B449A8528E9-LeaderElection16] INFO  segmented.SegmentedRaftLogWorker (SegmentedRaftLogWorker.java:startLogSegment(394)) - c27593dc-118c-4b8f-a1b6-791b95aa201d@group-5B449A8528E9-SegmentedRaftLogWorker: Starting segment from index:0
2021-12-29 13:35:11,658 [EventQueue-PipelineReportForPipelineReportHandler] INFO  pipeline.PipelineManagerImpl (PipelineManagerImpl.java:openPipeline(291)) - Pipeline Pipeline[ Id: 1dbb02f2-41a3-4191-9f44-5b449a8528e9, Nodes: c27593dc-118c-4b8f-a1b6-791b95aa201d{ip: 10.1.0.26, host: fv-az59-280.csjynl4pkq3e1pkirw3ssqjfoh.cx.internal.cloudapp.net, ports: [REPLICATION=44517, RATIS=43913, RATIS_ADMIN=43913, RATIS_SERVER=43913, STANDALONE=34645], networkLocation: /default-rack, certSerialId: null, persistedOpState: IN_SERVICE, persistedOpStateExpiryEpochSec: 0}338a2944-85be-4327-99ba-33562aaad680{ip: 10.1.0.26, host: fv-az59-280.csjynl4pkq3e1pkirw3ssqjfoh.cx.internal.cloudapp.net, ports: [REPLICATION=42923, RATIS=34795, RATIS_ADMIN=34795, RATIS_SERVER=34795, STANDALONE=37805], networkLocation: /default-rack, certSerialId: null, persistedOpState: IN_SERVICE, persistedOpStateExpiryEpochSec: 0}ec8d6e88-7dab-40d3-b5f4-362e80a98c5e{ip: 10.1.0.26, host: fv-az59-280.csjynl4pkq3e1pkirw3ssqjfoh.cx.internal.cloudapp.net, ports: [REPLICATION=39395, RATIS=40805, RATIS_ADMIN=40805, RATIS_SERVER=40805, STANDALONE=38759], networkLocation: /default-rack, certSerialId: null, persistedOpState: IN_SERVICE, persistedOpStateExpiryEpochSec: 0}, ReplicationConfig: RATIS/THREE, State:ALLOCATED, leaderId:c27593dc-118c-4b8f-a1b6-791b95aa201d, CreationTimestamp2021-12-29T13:34:59.300Z[Etc/UTC]] moved to OPEN state
2021-12-29 13:35:11,658 [EventQueue-OpenPipelineForHealthyPipelineSafeModeRule] INFO  safemode.SCMSafeModeManager (HealthyPipelineSafeModeRule.java:process(124)) - SCM in safe mode. Healthy pipelines reported count is 0, required healthy pipeline reported count is 1
2021-12-29 13:35:11,659 [EventQueue-OpenPipelineForHealthyPipelineSafeModeRule] INFO  safemode.SCMSafeModeManager (HealthyPipelineSafeModeRule.java:process(124)) - SCM in safe mode. Healthy pipelines reported count is 1, required healthy pipeline reported count is 1
2021-12-29 13:35:11,659 [EventQueue-OpenPipelineForHealthyPipelineSafeModeRule] INFO  safemode.SCMSafeModeManager (SCMSafeModeManager.java:validateSafeModeExitRules(204)) - HealthyPipelineSafeModeRule rule is successfully validated
2021-12-29 13:35:11,659 [EventQueue-OpenPipelineForHealthyPipelineSafeModeRule] INFO  safemode.SCMSafeModeManager (SCMSafeModeManager.java:validateSafeModeExitRules(219)) - ScmSafeModeManager, all rules are successfully validated
2021-12-29 13:35:11,659 [EventQueue-OpenPipelineForHealthyPipelineSafeModeRule] INFO  safemode.SCMSafeModeManager (SCMSafeModeManager.java:exitSafeMode(248)) - SCM exiting safe mode.
2021-12-29 13:35:11,659 [EventQueue-OpenPipelineForHealthyPipelineSafeModeRule] WARN  events.EventQueue (EventQueue.java:fireEvent(194)) - No event handler registered for event TypedEvent{payloadType=SafeModeStatus, name='Safe mode status'}
2021-12-29 13:35:11,659 [EventQueue-OpenPipelineForHealthyPipelineSafeModeRule] INFO  ha.SCMContext (SCMContext.java:updateSafeModeStatus(211)) - Update SafeModeStatus from SafeModeStatus{safeModeStatus=true, preCheckPassed=true} to SafeModeStatus{safeModeStatus=false, preCheckPassed=true}.
2021-12-29 13:35:11,659 [EventQueue-OpenPipelineForHealthyPipelineSafeModeRule] INFO  pipeline.BackgroundPipelineCreator (BackgroundPipelineCreator.java:notifyStatusChanged(264)) - Service BackgroundPipelineCreator transitions to RUNNING.
2021-12-29 13:35:11,659 [EventQueue-OpenPipelineForHealthyPipelineSafeModeRule] INFO  container.ReplicationManager (ReplicationManager.java:notifyStatusChanged(1758)) - Service ReplicationManager transitions to RUNNING.
2021-12-29 13:35:11,640 [grpc-default-executor-1] INFO  server.RaftServer$Division (RaftServerImpl.java:requestVote(1078)) - 338a2944-85be-4327-99ba-33562aaad680@group-5B449A8528E9 replies to ELECTION vote request: c27593dc-118c-4b8f-a1b6-791b95aa201d<-338a2944-85be-4327-99ba-33562aaad680#0:OK-t2. Peer's state: 338a2944-85be-4327-99ba-33562aaad680@group-5B449A8528E9:t2, leader=null, voted=c27593dc-118c-4b8f-a1b6-791b95aa201d, raftlog=338a2944-85be-4327-99ba-33562aaad680@group-5B449A8528E9-SegmentedRaftLog:OPENED:c-1, conf=-1: [ec8d6e88-7dab-40d3-b5f4-362e80a98c5e|rpc:10.1.0.26:40805|dataStream:|priority:0, c27593dc-118c-4b8f-a1b6-791b95aa201d|rpc:10.1.0.26:43913|dataStream:|priority:1, 338a2944-85be-4327-99ba-33562aaad680|rpc:10.1.0.26:34795|dataStream:|priority:0], old=null
2021-12-29 13:35:11,660 [c27593dc-118c-4b8f-a1b6-791b95aa201d@group-5B449A8528E9-SegmentedRaftLogWorker] INFO  segmented.SegmentedRaftLogWorker (SegmentedRaftLogWorker.java:execute(601)) - c27593dc-118c-4b8f-a1b6-791b95aa201d@group-5B449A8528E9-SegmentedRaftLogWorker: created new log segment /home/runner/work/ozone/ozone/hadoop-ozone/integration-test/target/test-dir/MiniOzoneClusterImpl-37cf7816-8d03-4967-8f48-8c315ca58879/datanode-1/data/ratis/1dbb02f2-41a3-4191-9f44-5b449a8528e9/current/log_inprogress_0
2021-12-29 13:35:11,718 [c27593dc-118c-4b8f-a1b6-791b95aa201d@group-5B449A8528E9-LeaderElection16] INFO  server.RaftServer$Division (ServerState.java:setRaftConf(387)) - c27593dc-118c-4b8f-a1b6-791b95aa201d@group-5B449A8528E9: set configuration 0: [ec8d6e88-7dab-40d3-b5f4-362e80a98c5e|rpc:10.1.0.26:40805|dataStream:|priority:0, c27593dc-118c-4b8f-a1b6-791b95aa201d|rpc:10.1.0.26:43913|dataStream:|priority:1, 338a2944-85be-4327-99ba-33562aaad680|rpc:10.1.0.26:34795|dataStream:|priority:0], old=null
2021-12-29 13:35:11,722 [grpc-default-executor-1] INFO  ratis.XceiverServerRatis (XceiverServerRatis.java:handleLeaderChangedNotification(866)) - Leader change notification received for group: group-5B449A8528E9 with new leaderId: c27593dc-118c-4b8f-a1b6-791b95aa201d
2021-12-29 13:35:11,722 [grpc-default-executor-1] INFO  server.RaftServer$Division (ServerState.java:setLeader(285)) - ec8d6e88-7dab-40d3-b5f4-362e80a98c5e@group-5B449A8528E9: change Leader from null to c27593dc-118c-4b8f-a1b6-791b95aa201d at term 2 for appendEntries, leader elected after 10358ms
2021-12-29 13:35:11,735 [grpc-default-executor-1] INFO  server.RaftServer$Division (ServerState.java:setRaftConf(387)) - ec8d6e88-7dab-40d3-b5f4-362e80a98c5e@group-5B449A8528E9: set configuration 0: [ec8d6e88-7dab-40d3-b5f4-362e80a98c5e|rpc:10.1.0.26:40805|dataStream:|priority:0, c27593dc-118c-4b8f-a1b6-791b95aa201d|rpc:10.1.0.26:43913|dataStream:|priority:1, 338a2944-85be-4327-99ba-33562aaad680|rpc:10.1.0.26:34795|dataStream:|priority:0], old=null
2021-12-29 13:35:11,735 [grpc-default-executor-1] INFO  segmented.SegmentedRaftLogWorker (SegmentedRaftLogWorker.java:startLogSegment(394)) - ec8d6e88-7dab-40d3-b5f4-362e80a98c5e@group-5B449A8528E9-SegmentedRaftLogWorker: Starting segment from index:0
2021-12-29 13:35:11,739 [ec8d6e88-7dab-40d3-b5f4-362e80a98c5e@group-5B449A8528E9-SegmentedRaftLogWorker] INFO  segmented.SegmentedRaftLogWorker (SegmentedRaftLogWorker.java:execute(601)) - ec8d6e88-7dab-40d3-b5f4-362e80a98c5e@group-5B449A8528E9-SegmentedRaftLogWorker: created new log segment /home/runner/work/ozone/ozone/hadoop-ozone/integration-test/target/test-dir/MiniOzoneClusterImpl-37cf7816-8d03-4967-8f48-8c315ca58879/datanode-0/data/ratis/1dbb02f2-41a3-4191-9f44-5b449a8528e9/current/log_inprogress_0
2021-12-29 13:35:11,754 [grpc-default-executor-0] INFO  ratis.XceiverServerRatis (XceiverServerRatis.java:handleLeaderChangedNotification(866)) - Leader change notification received for group: group-5B449A8528E9 with new leaderId: c27593dc-118c-4b8f-a1b6-791b95aa201d
2021-12-29 13:35:11,754 [grpc-default-executor-0] INFO  server.RaftServer$Division (ServerState.java:setLeader(285)) - 338a2944-85be-4327-99ba-33562aaad680@group-5B449A8528E9: change Leader from null to c27593dc-118c-4b8f-a1b6-791b95aa201d at term 2 for appendEntries, leader elected after 10256ms
2021-12-29 13:35:11,759 [grpc-default-executor-0] INFO  server.RaftServer$Division (ServerState.java:setRaftConf(387)) - 338a2944-85be-4327-99ba-33562aaad680@group-5B449A8528E9: set configuration 0: [ec8d6e88-7dab-40d3-b5f4-362e80a98c5e|rpc:10.1.0.26:40805|dataStream:|priority:0, c27593dc-118c-4b8f-a1b6-791b95aa201d|rpc:10.1.0.26:43913|dataStream:|priority:1, 338a2944-85be-4327-99ba-33562aaad680|rpc:10.1.0.26:34795|dataStream:|priority:0], old=null
2021-12-29 13:35:11,759 [grpc-default-executor-0] INFO  segmented.SegmentedRaftLogWorker (SegmentedRaftLogWorker.java:startLogSegment(394)) - 338a2944-85be-4327-99ba-33562aaad680@group-5B449A8528E9-SegmentedRaftLogWorker: Starting segment from index:0
2021-12-29 13:35:11,759 [c27593dc-118c-4b8f-a1b6-791b95aa201d@group-C6BC184C74FE-FollowerState] INFO  impl.FollowerState (FollowerState.java:run(134)) - c27593dc-118c-4b8f-a1b6-791b95aa201d@group-C6BC184C74FE-FollowerState: change to CANDIDATE, lastRpcElapsedTime:5029084818ns, electionTimeout:5019ms
2021-12-29 13:35:11,759 [c27593dc-118c-4b8f-a1b6-791b95aa201d@group-C6BC184C74FE-FollowerState] INFO  impl.RoleInfo (RoleInfo.java:shutdownFollowerState(108)) - c27593dc-118c-4b8f-a1b6-791b95aa201d: shutdown c27593dc-118c-4b8f-a1b6-791b95aa201d@group-C6BC184C74FE-FollowerState
2021-12-29 13:35:11,759 [c27593dc-118c-4b8f-a1b6-791b95aa201d@group-C6BC184C74FE-FollowerState] INFO  server.RaftServer$Division (RaftServerImpl.java:setRole(290)) - c27593dc-118c-4b8f-a1b6-791b95aa201d@group-C6BC184C74FE: changes role from  FOLLOWER to CANDIDATE at term 1 for changeToCandidate
2021-12-29 13:35:11,759 [c27593dc-118c-4b8f-a1b6-791b95aa201d@group-C6BC184C74FE-FollowerState] INFO  server.RaftServerConfigKeys (ConfUtils.java:logGet(44)) - raft.server.leaderelection.pre-vote = false (custom)
2021-12-29 13:35:11,759 [c27593dc-118c-4b8f-a1b6-791b95aa201d@group-C6BC184C74FE-FollowerState] INFO  impl.RoleInfo (RoleInfo.java:updateAndGet(130)) - c27593dc-118c-4b8f-a1b6-791b95aa201d: start c27593dc-118c-4b8f-a1b6-791b95aa201d@group-C6BC184C74FE-LeaderElection17
2021-12-29 13:35:11,775 [338a2944-85be-4327-99ba-33562aaad680@group-5B449A8528E9-SegmentedRaftLogWorker] INFO  segmented.SegmentedRaftLogWorker (SegmentedRaftLogWorker.java:execute(601)) - 338a2944-85be-4327-99ba-33562aaad680@group-5B449A8528E9-SegmentedRaftLogWorker: created new log segment /home/runner/work/ozone/ozone/hadoop-ozone/integration-test/target/test-dir/MiniOzoneClusterImpl-37cf7816-8d03-4967-8f48-8c315ca58879/datanode-2/data/ratis/1dbb02f2-41a3-4191-9f44-5b449a8528e9/current/log_inprogress_0
2021-12-29 13:35:11,802 [c27593dc-118c-4b8f-a1b6-791b95aa201d@group-C6BC184C74FE-LeaderElection17] INFO  impl.LeaderElection (LeaderElection.java:askForVotes(306)) - c27593dc-118c-4b8f-a1b6-791b95aa201d@group-C6BC184C74FE-LeaderElection17 ELECTION round 0: submit vote requests at term 2 for -1: [ec8d6e88-7dab-40d3-b5f4-362e80a98c5e|rpc:10.1.0.26:40805|dataStream:|priority:1, c27593dc-118c-4b8f-a1b6-791b95aa201d|rpc:10.1.0.26:43913|dataStream:|priority:0, 338a2944-85be-4327-99ba-33562aaad680|rpc:10.1.0.26:34795|dataStream:|priority:0], old=null
2021-12-29 13:35:11,815 [ec8d6e88-7dab-40d3-b5f4-362e80a98c5e@group-C6BC184C74FE-FollowerState] INFO  impl.FollowerState (FollowerState.java:run(134)) - ec8d6e88-7dab-40d3-b5f4-362e80a98c5e@group-C6BC184C74FE-FollowerState: change to CANDIDATE, lastRpcElapsedTime:5103541488ns, electionTimeout:5067ms
2021-12-29 13:35:11,815 [ec8d6e88-7dab-40d3-b5f4-362e80a98c5e@group-C6BC184C74FE-FollowerState] INFO  impl.RoleInfo (RoleInfo.java:shutdownFollowerState(108)) - ec8d6e88-7dab-40d3-b5f4-362e80a98c5e: shutdown ec8d6e88-7dab-40d3-b5f4-362e80a98c5e@group-C6BC184C74FE-FollowerState
2021-12-29 13:35:11,815 [ec8d6e88-7dab-40d3-b5f4-362e80a98c5e@group-C6BC184C74FE-FollowerState] INFO  server.RaftServer$Division (RaftServerImpl.java:setRole(290)) - ec8d6e88-7dab-40d3-b5f4-362e80a98c5e@group-C6BC184C74FE: changes role from  FOLLOWER to CANDIDATE at term 1 for changeToCandidate
2021-12-29 13:35:11,815 [ec8d6e88-7dab-40d3-b5f4-362e80a98c5e@group-C6BC184C74FE-FollowerState] INFO  server.RaftServerConfigKeys (ConfUtils.java:logGet(44)) - raft.server.leaderelection.pre-vote = false (custom)
2021-12-29 13:35:11,815 [ec8d6e88-7dab-40d3-b5f4-362e80a98c5e@group-C6BC184C74FE-FollowerState] INFO  impl.RoleInfo (RoleInfo.java:updateAndGet(130)) - ec8d6e88-7dab-40d3-b5f4-362e80a98c5e: start ec8d6e88-7dab-40d3-b5f4-362e80a98c5e@group-C6BC184C74FE-LeaderElection18
2021-12-29 13:35:11,845 [ec8d6e88-7dab-40d3-b5f4-362e80a98c5e@group-C6BC184C74FE-LeaderElection18] INFO  impl.LeaderElection (LeaderElection.java:askForVotes(306)) - ec8d6e88-7dab-40d3-b5f4-362e80a98c5e@group-C6BC184C74FE-LeaderElection18 ELECTION round 0: submit vote requests at term 2 for -1: [ec8d6e88-7dab-40d3-b5f4-362e80a98c5e|rpc:10.1.0.26:40805|priority:1, c27593dc-118c-4b8f-a1b6-791b95aa201d|rpc:10.1.0.26:43913|priority:0, 338a2944-85be-4327-99ba-33562aaad680|rpc:10.1.0.26:34795|priority:0], old=null
2021-12-29 13:35:11,849 [grpc-default-executor-0] INFO  server.RaftServer$Division (RaftServerImpl.java:requestVote(1046)) - ec8d6e88-7dab-40d3-b5f4-362e80a98c5e@group-C6BC184C74FE: receive requestVote(ELECTION, c27593dc-118c-4b8f-a1b6-791b95aa201d, group-C6BC184C74FE, 2, (t:0, i:0))
2021-12-29 13:35:11,849 [grpc-default-executor-0] INFO  impl.VoteContext (VoteContext.java:log(48)) - ec8d6e88-7dab-40d3-b5f4-362e80a98c5e@group-C6BC184C74FE-CANDIDATE: reject ELECTION from c27593dc-118c-4b8f-a1b6-791b95aa201d: already has voted for ec8d6e88-7dab-40d3-b5f4-362e80a98c5e at current term 2
2021-12-29 13:35:11,849 [grpc-default-executor-0] INFO  server.RaftServer$Division (RaftServerImpl.java:requestVote(1078)) - ec8d6e88-7dab-40d3-b5f4-362e80a98c5e@group-C6BC184C74FE replies to ELECTION vote request: c27593dc-118c-4b8f-a1b6-791b95aa201d<-ec8d6e88-7dab-40d3-b5f4-362e80a98c5e#0:FAIL-t2. Peer's state: ec8d6e88-7dab-40d3-b5f4-362e80a98c5e@group-C6BC184C74FE:t2, leader=null, voted=ec8d6e88-7dab-40d3-b5f4-362e80a98c5e, raftlog=ec8d6e88-7dab-40d3-b5f4-362e80a98c5e@group-C6BC184C74FE-SegmentedRaftLog:OPENED:c-1, conf=-1: [ec8d6e88-7dab-40d3-b5f4-362e80a98c5e|rpc:10.1.0.26:40805|priority:1, c27593dc-118c-4b8f-a1b6-791b95aa201d|rpc:10.1.0.26:43913|priority:0, 338a2944-85be-4327-99ba-33562aaad680|rpc:10.1.0.26:34795|priority:0], old=null
2021-12-29 13:35:11,854 [c27593dc-118c-4b8f-a1b6-791b95aa201d@group-C6BC184C74FE-LeaderElection17] INFO  impl.LeaderElection (LeaderElection.java:logAndReturn(89)) - c27593dc-118c-4b8f-a1b6-791b95aa201d@group-C6BC184C74FE-LeaderElection17: ELECTION REJECTED received 1 response(s) and 0 exception(s):
2021-12-29 13:35:11,854 [c27593dc-118c-4b8f-a1b6-791b95aa201d@group-C6BC184C74FE-LeaderElection17] INFO  impl.LeaderElection (LeaderElection.java:logAndReturn(93)) -   Response 0: c27593dc-118c-4b8f-a1b6-791b95aa201d<-ec8d6e88-7dab-40d3-b5f4-362e80a98c5e#0:FAIL-t2
2021-12-29 13:35:11,854 [c27593dc-118c-4b8f-a1b6-791b95aa201d@group-C6BC184C74FE-LeaderElection17] INFO  impl.LeaderElection (LeaderElection.java:askForVotes(308)) - c27593dc-118c-4b8f-a1b6-791b95aa201d@group-C6BC184C74FE-LeaderElection17 ELECTION round 0: result REJECTED
2021-12-29 13:35:11,854 [c27593dc-118c-4b8f-a1b6-791b95aa201d@group-C6BC184C74FE-LeaderElection17] INFO  server.RaftServer$Division (RaftServerImpl.java:setRole(290)) - c27593dc-118c-4b8f-a1b6-791b95aa201d@group-C6BC184C74FE: changes role from CANDIDATE to FOLLOWER at term 2 for REJECTED
2021-12-29 13:35:11,854 [c27593dc-118c-4b8f-a1b6-791b95aa201d@group-C6BC184C74FE-LeaderElection17] INFO  impl.RoleInfo (RoleInfo.java:shutdownLeaderElection(121)) - c27593dc-118c-4b8f-a1b6-791b95aa201d: shutdown c27593dc-118c-4b8f-a1b6-791b95aa201d@group-C6BC184C74FE-LeaderElection17
2021-12-29 13:35:11,854 [c27593dc-118c-4b8f-a1b6-791b95aa201d@group-C6BC184C74FE-LeaderElection17] INFO  impl.RoleInfo (RoleInfo.java:updateAndGet(130)) - c27593dc-118c-4b8f-a1b6-791b95aa201d: start c27593dc-118c-4b8f-a1b6-791b95aa201d@group-C6BC184C74FE-FollowerState
2021-12-29 13:35:11,865 [338a2944-85be-4327-99ba-33562aaad680@group-C6BC184C74FE-FollowerState] INFO  impl.FollowerState (FollowerState.java:run(134)) - 338a2944-85be-4327-99ba-33562aaad680@group-C6BC184C74FE-FollowerState: change to CANDIDATE, lastRpcElapsedTime:5110929753ns, electionTimeout:5100ms
2021-12-29 13:35:11,866 [338a2944-85be-4327-99ba-33562aaad680@group-C6BC184C74FE-FollowerState] INFO  impl.RoleInfo (RoleInfo.java:shutdownFollowerState(108)) - 338a2944-85be-4327-99ba-33562aaad680: shutdown 338a2944-85be-4327-99ba-33562aaad680@group-C6BC184C74FE-FollowerState
2021-12-29 13:35:11,866 [338a2944-85be-4327-99ba-33562aaad680@group-C6BC184C74FE-FollowerState] INFO  server.RaftServer$Division (RaftServerImpl.java:setRole(290)) - 338a2944-85be-4327-99ba-33562aaad680@group-C6BC184C74FE: changes role from  FOLLOWER to CANDIDATE at term 1 for changeToCandidate
2021-12-29 13:35:11,866 [338a2944-85be-4327-99ba-33562aaad680@group-C6BC184C74FE-FollowerState] INFO  server.RaftServerConfigKeys (ConfUtils.java:logGet(44)) - raft.server.leaderelection.pre-vote = false (custom)
2021-12-29 13:35:11,866 [338a2944-85be-4327-99ba-33562aaad680@group-C6BC184C74FE-FollowerState] INFO  impl.RoleInfo (RoleInfo.java:updateAndGet(130)) - 338a2944-85be-4327-99ba-33562aaad680: start 338a2944-85be-4327-99ba-33562aaad680@group-C6BC184C74FE-LeaderElection19
2021-12-29 13:35:11,865 [grpc-default-executor-0] INFO  server.RaftServer$Division (RaftServerImpl.java:requestVote(1046)) - 338a2944-85be-4327-99ba-33562aaad680@group-C6BC184C74FE: receive requestVote(ELECTION, c27593dc-118c-4b8f-a1b6-791b95aa201d, group-C6BC184C74FE, 2, (t:0, i:0))
2021-12-29 13:35:11,871 [grpc-default-executor-0] INFO  impl.VoteContext (VoteContext.java:log(48)) - 338a2944-85be-4327-99ba-33562aaad680@group-C6BC184C74FE-CANDIDATE: accept ELECTION from c27593dc-118c-4b8f-a1b6-791b95aa201d: our priority 0 <= candidate's priority 0
2021-12-29 13:35:11,871 [grpc-default-executor-0] INFO  server.RaftServer$Division (RaftServerImpl.java:setRole(290)) - 338a2944-85be-4327-99ba-33562aaad680@group-C6BC184C74FE: changes role from CANDIDATE to FOLLOWER at term 2 for candidate:c27593dc-118c-4b8f-a1b6-791b95aa201d
2021-12-29 13:35:11,871 [grpc-default-executor-0] INFO  impl.RoleInfo (RoleInfo.java:shutdownLeaderElection(121)) - 338a2944-85be-4327-99ba-33562aaad680: shutdown 338a2944-85be-4327-99ba-33562aaad680@group-C6BC184C74FE-LeaderElection19
2021-12-29 13:35:11,871 [grpc-default-executor-0] INFO  impl.RoleInfo (RoleInfo.java:updateAndGet(130)) - 338a2944-85be-4327-99ba-33562aaad680: start 338a2944-85be-4327-99ba-33562aaad680@group-C6BC184C74FE-FollowerState
2021-12-29 13:35:11,873 [grpc-default-executor-0] INFO  server.RaftServer$Division (RaftServerImpl.java:requestVote(1078)) - 338a2944-85be-4327-99ba-33562aaad680@group-C6BC184C74FE replies to ELECTION vote request: c27593dc-118c-4b8f-a1b6-791b95aa201d<-338a2944-85be-4327-99ba-33562aaad680#0:OK-t2. Peer's state: 338a2944-85be-4327-99ba-33562aaad680@group-C6BC184C74FE:t2, leader=null, voted=c27593dc-118c-4b8f-a1b6-791b95aa201d, raftlog=338a2944-85be-4327-99ba-33562aaad680@group-C6BC184C74FE-SegmentedRaftLog:OPENED:c-1, conf=-1: [ec8d6e88-7dab-40d3-b5f4-362e80a98c5e|rpc:10.1.0.26:40805|dataStream:|priority:1, c27593dc-118c-4b8f-a1b6-791b95aa201d|rpc:10.1.0.26:43913|dataStream:|priority:0, 338a2944-85be-4327-99ba-33562aaad680|rpc:10.1.0.26:34795|dataStream:|priority:0], old=null
2021-12-29 13:35:11,873 [grpc-default-executor-1] INFO  server.RaftServer$Division (RaftServerImpl.java:requestVote(1046)) - c27593dc-118c-4b8f-a1b6-791b95aa201d@group-C6BC184C74FE: receive requestVote(ELECTION, ec8d6e88-7dab-40d3-b5f4-362e80a98c5e, group-C6BC184C74FE, 2, (t:0, i:0))
2021-12-29 13:35:11,873 [grpc-default-executor-1] INFO  impl.VoteContext (VoteContext.java:log(48)) - c27593dc-118c-4b8f-a1b6-791b95aa201d@group-C6BC184C74FE-FOLLOWER: reject ELECTION from ec8d6e88-7dab-40d3-b5f4-362e80a98c5e: already has voted for c27593dc-118c-4b8f-a1b6-791b95aa201d at current term 2
2021-12-29 13:35:11,873 [grpc-default-executor-1] INFO  server.RaftServer$Division (RaftServerImpl.java:requestVote(1078)) - c27593dc-118c-4b8f-a1b6-791b95aa201d@group-C6BC184C74FE replies to ELECTION vote request: ec8d6e88-7dab-40d3-b5f4-362e80a98c5e<-c27593dc-118c-4b8f-a1b6-791b95aa201d#0:FAIL-t2. Peer's state: c27593dc-118c-4b8f-a1b6-791b95aa201d@group-C6BC184C74FE:t2, leader=null, voted=c27593dc-118c-4b8f-a1b6-791b95aa201d, raftlog=c27593dc-118c-4b8f-a1b6-791b95aa201d@group-C6BC184C74FE-SegmentedRaftLog:OPENED:c-1, conf=-1: [ec8d6e88-7dab-40d3-b5f4-362e80a98c5e|rpc:10.1.0.26:40805|dataStream:|priority:1, c27593dc-118c-4b8f-a1b6-791b95aa201d|rpc:10.1.0.26:43913|dataStream:|priority:0, 338a2944-85be-4327-99ba-33562aaad680|rpc:10.1.0.26:34795|dataStream:|priority:0], old=null
2021-12-29 13:35:11,875 [grpc-default-executor-2] INFO  server.RaftServer$Division (RaftServerImpl.java:requestVote(1046)) - 338a2944-85be-4327-99ba-33562aaad680@group-C6BC184C74FE: receive requestVote(ELECTION, ec8d6e88-7dab-40d3-b5f4-362e80a98c5e, group-C6BC184C74FE, 2, (t:0, i:0))
2021-12-29 13:35:11,880 [grpc-default-executor-2] INFO  impl.VoteContext (VoteContext.java:log(48)) - 338a2944-85be-4327-99ba-33562aaad680@group-C6BC184C74FE-FOLLOWER: reject ELECTION from ec8d6e88-7dab-40d3-b5f4-362e80a98c5e: already has voted for c27593dc-118c-4b8f-a1b6-791b95aa201d at current term 2
2021-12-29 13:35:11,880 [grpc-default-executor-2] INFO  server.RaftServer$Division (RaftServerImpl.java:requestVote(1078)) - 338a2944-85be-4327-99ba-33562aaad680@group-C6BC184C74FE replies to ELECTION vote request: ec8d6e88-7dab-40d3-b5f4-362e80a98c5e<-338a2944-85be-4327-99ba-33562aaad680#0:FAIL-t2. Peer's state: 338a2944-85be-4327-99ba-33562aaad680@group-C6BC184C74FE:t2, leader=null, voted=c27593dc-118c-4b8f-a1b6-791b95aa201d, raftlog=338a2944-85be-4327-99ba-33562aaad680@group-C6BC184C74FE-SegmentedRaftLog:OPENED:c-1, conf=-1: [ec8d6e88-7dab-40d3-b5f4-362e80a98c5e|rpc:10.1.0.26:40805|dataStream:|priority:1, c27593dc-118c-4b8f-a1b6-791b95aa201d|rpc:10.1.0.26:43913|dataStream:|priority:0, 338a2944-85be-4327-99ba-33562aaad680|rpc:10.1.0.26:34795|dataStream:|priority:0], old=null
2021-12-29 13:35:11,881 [ec8d6e88-7dab-40d3-b5f4-362e80a98c5e@group-C6BC184C74FE-LeaderElection18] INFO  impl.LeaderElection (LeaderElection.java:logAndReturn(89)) - ec8d6e88-7dab-40d3-b5f4-362e80a98c5e@group-C6BC184C74FE-LeaderElection18: ELECTION REJECTED received 2 response(s) and 0 exception(s):
2021-12-29 13:35:11,893 [ec8d6e88-7dab-40d3-b5f4-362e80a98c5e@group-C6BC184C74FE-LeaderElection18] INFO  impl.LeaderElection (LeaderElection.java:logAndReturn(93)) -   Response 0: ec8d6e88-7dab-40d3-b5f4-362e80a98c5e<-c27593dc-118c-4b8f-a1b6-791b95aa201d#0:FAIL-t2
2021-12-29 13:35:11,893 [ec8d6e88-7dab-40d3-b5f4-362e80a98c5e@group-C6BC184C74FE-LeaderElection18] INFO  impl.LeaderElection (LeaderElection.java:logAndReturn(93)) -   Response 1: ec8d6e88-7dab-40d3-b5f4-362e80a98c5e<-338a2944-85be-4327-99ba-33562aaad680#0:FAIL-t2
2021-12-29 13:35:11,893 [ec8d6e88-7dab-40d3-b5f4-362e80a98c5e@group-C6BC184C74FE-LeaderElection18] INFO  impl.LeaderElection (LeaderElection.java:askForVotes(308)) - ec8d6e88-7dab-40d3-b5f4-362e80a98c5e@group-C6BC184C74FE-LeaderElection18 ELECTION round 0: result REJECTED
2021-12-29 13:35:11,893 [ec8d6e88-7dab-40d3-b5f4-362e80a98c5e@group-C6BC184C74FE-LeaderElection18] INFO  server.RaftServer$Division (RaftServerImpl.java:setRole(290)) - ec8d6e88-7dab-40d3-b5f4-362e80a98c5e@group-C6BC184C74FE: changes role from CANDIDATE to FOLLOWER at term 2 for REJECTED
2021-12-29 13:35:11,893 [ec8d6e88-7dab-40d3-b5f4-362e80a98c5e@group-C6BC184C74FE-LeaderElection18] INFO  impl.RoleInfo (RoleInfo.java:shutdownLeaderElection(121)) - ec8d6e88-7dab-40d3-b5f4-362e80a98c5e: shutdown ec8d6e88-7dab-40d3-b5f4-362e80a98c5e@group-C6BC184C74FE-LeaderElection18
2021-12-29 13:35:11,893 [ec8d6e88-7dab-40d3-b5f4-362e80a98c5e@group-C6BC184C74FE-LeaderElection18] INFO  impl.RoleInfo (RoleInfo.java:updateAndGet(130)) - ec8d6e88-7dab-40d3-b5f4-362e80a98c5e: start ec8d6e88-7dab-40d3-b5f4-362e80a98c5e@group-C6BC184C74FE-FollowerState
2021-12-29 13:35:12,307 [Listener at 127.0.0.1/35453] INFO  ozone.MiniOzoneClusterImpl (MiniOzoneClusterImpl.java:lambda$waitForClusterToBeReady$0(235)) - Nodes are ready. Got 3 of 3 DN Heartbeats.
2021-12-29 13:35:12,307 [Listener at 127.0.0.1/35453] INFO  ozone.MiniOzoneClusterImpl (MiniOzoneClusterImpl.java:lambda$waitForClusterToBeReady$0(238)) - Cluster exits safe mode
2021-12-29 13:35:12,307 [Listener at 127.0.0.1/35453] INFO  ozone.MiniOzoneClusterImpl (MiniOzoneClusterImpl.java:lambda$waitForClusterToBeReady$0(240)) - SCM became leader
2021-12-29 13:35:12,329 [Listener at 127.0.0.1/35453] INFO  rpc.RpcClient (RpcClient.java:createVolume(389)) - Creating Volume: volume11545, with user59875 as owner and space quota set to -1 bytes, counts quota set to -1
2021-12-29 13:35:12,348 [OM StateMachine ApplyTransaction Thread - 0] INFO  volume.OMVolumeCreateRequest (OMVolumeCreateRequest.java:validateAndUpdateCache(195)) - created volume:volume11545 for user:user59875
2021-12-29 13:35:12,362 [Listener at 127.0.0.1/35453] INFO  rpc.RpcClient (RpcClient.java:createBucket(552)) - Creating Bucket: volume11545/bucket11909, with runner as owner and Versioning false and Storage Type set to DISK and Encryption set to false 
]]></system-out>
    <system-err><![CDATA[Exception in thread "Trash Emptier" java.lang.UnsupportedOperationException: fs.getUri() not implemented in TrashOzoneFileSystem
	at org.apache.hadoop.ozone.om.TrashOzoneFileSystem.getUri(TrashOzoneFileSystem.java:124)
	at org.apache.hadoop.fs.FileSystem.close(FileSystem.java:2592)
	at org.apache.hadoop.ozone.om.TrashPolicyOzone$Emptier.run(TrashPolicyOzone.java:243)
	at java.lang.Thread.run(Thread.java:748)
]]></system-err>
  </testcase>
  <testcase name="testRenameFile[1]" classname="org.apache.hadoop.fs.ozone.TestRootedOzoneFileSystem" time="0.088"/>
  <testcase name="testListStatusRootAndVolumeRecursive[1]" classname="org.apache.hadoop.fs.ozone.TestRootedOzoneFileSystem" time="0.76"/>
  <testcase name="testTempMount[1]" classname="org.apache.hadoop.fs.ozone.TestRootedOzoneFileSystem" time="0.228"/>
  <testcase name="testListStatusRootAndVolumeNonRecursive[1]" classname="org.apache.hadoop.fs.ozone.TestRootedOzoneFileSystem" time="0.414"/>
  <testcase name="testDeleteVolumeAndBucket[1]" classname="org.apache.hadoop.fs.ozone.TestRootedOzoneFileSystem" time="0.038"/>
  <testcase name="testRenameDirToItsOwnSubDir[1]" classname="org.apache.hadoop.fs.ozone.TestRootedOzoneFileSystem" time="0.011"/>
  <testcase name="testOzoneFsServiceLoader[1]" classname="org.apache.hadoop.fs.ozone.TestRootedOzoneFileSystem" time="0.028"/>
  <testcase name="testTrash[1]" classname="org.apache.hadoop.fs.ozone.TestRootedOzoneFileSystem" time="0">
    <skipped/>
  </testcase>
  <testcase name="testRenameDestinationParentDoesntExist[1]" classname="org.apache.hadoop.fs.ozone.TestRootedOzoneFileSystem" time="0.028"/>
  <testcase name="testGetFileStatusRoot[1]" classname="org.apache.hadoop.fs.ozone.TestRootedOzoneFileSystem" time="0.01"/>
  <testcase name="testCreateWithInvalidPaths[1]" classname="org.apache.hadoop.fs.ozone.TestRootedOzoneFileSystem" time="0.009"/>
  <testcase name="testDeleteEmptyVolume[1]" classname="org.apache.hadoop.fs.ozone.TestRootedOzoneFileSystem" time="0.012"/>
  <testcase name="testListStatusRootAndVolumeContinuation[1]" classname="org.apache.hadoop.fs.ozone.TestRootedOzoneFileSystem" time="0">
    <skipped message="FS Path is enabled. Skipping this test as it is not tuned for FS Path yet" type="org.junit.AssumptionViolatedException">org.junit.AssumptionViolatedException: FS Path is enabled. Skipping this test as it is not tuned for FS Path yet
	at org.junit.Assume.assumeTrue(Assume.java:68)
	at org.apache.hadoop.fs.ozone.TestRootedOzoneFileSystem.testListStatusRootAndVolumeContinuation(TestRootedOzoneFileSystem.java:887)
	at sun.reflect.NativeMethodAccessorImpl.invoke0(Native Method)
	at sun.reflect.NativeMethodAccessorImpl.invoke(NativeMethodAccessorImpl.java:62)
	at sun.reflect.DelegatingMethodAccessorImpl.invoke(DelegatingMethodAccessorImpl.java:43)
	at java.lang.reflect.Method.invoke(Method.java:498)
	at org.junit.runners.model.FrameworkMethod$1.runReflectiveCall(FrameworkMethod.java:59)
	at org.junit.internal.runners.model.ReflectiveCallable.run(ReflectiveCallable.java:12)
	at org.junit.runners.model.FrameworkMethod.invokeExplosively(FrameworkMethod.java:56)
	at org.junit.internal.runners.statements.InvokeMethod.evaluate(InvokeMethod.java:17)
	at org.junit.internal.runners.statements.FailOnTimeout$CallableStatement.call(FailOnTimeout.java:288)
	at org.junit.internal.runners.statements.FailOnTimeout$CallableStatement.call(FailOnTimeout.java:282)
	at java.util.concurrent.FutureTask.run(FutureTask.java:266)
	at java.lang.Thread.run(Thread.java:748)
</skipped>
  </testcase>
  <testcase name="testDeleteVolumeBucketAndKey[1]" classname="org.apache.hadoop.fs.ozone.TestRootedOzoneFileSystem" time="0.058"/>
  <testcase name="testRenameToParentDir[1]" classname="org.apache.hadoop.fs.ozone.TestRootedOzoneFileSystem" time="0.034"/>
  <testcase name="testMkdirNonExistentVolumeBucket[1]" classname="org.apache.hadoop.fs.ozone.TestRootedOzoneFileSystem" time="0.031"/>
  <testcase name="testFailToDeleteRoot[1]" classname="org.apache.hadoop.fs.ozone.TestRootedOzoneFileSystem" time="0.005"/>
  <testcase name="testListStatusOnSubDirs[1]" classname="org.apache.hadoop.fs.ozone.TestRootedOzoneFileSystem" time="0.04"/>
  <testcase name="testListStatus[1]" classname="org.apache.hadoop.fs.ozone.TestRootedOzoneFileSystem" time="0.045"/>
  <testcase name="testGetTrashRoots[1]" classname="org.apache.hadoop.fs.ozone.TestRootedOzoneFileSystem" time="0.448"/>
  <testcase name="testCreateDoesNotAddParentDirKeys[1]" classname="org.apache.hadoop.fs.ozone.TestRootedOzoneFileSystem" time="0.086"/>
  <testcase name="testMkdirNonExistentVolume[1]" classname="org.apache.hadoop.fs.ozone.TestRootedOzoneFileSystem" time="0.009"/>
  <testcase name="testDeleteCreatesFakeParentDir[1]" classname="org.apache.hadoop.fs.ozone.TestRootedOzoneFileSystem" time="0">
    <skipped message="FS Path is enabled. Skipping this test as it is not tuned for FS Path yet" type="org.junit.AssumptionViolatedException">org.junit.AssumptionViolatedException: FS Path is enabled. Skipping this test as it is not tuned for FS Path yet
	at org.junit.Assume.assumeTrue(Assume.java:68)
	at org.apache.hadoop.fs.ozone.TestRootedOzoneFileSystem.testDeleteCreatesFakeParentDir(TestRootedOzoneFileSystem.java:302)
	at sun.reflect.NativeMethodAccessorImpl.invoke0(Native Method)
	at sun.reflect.NativeMethodAccessorImpl.invoke(NativeMethodAccessorImpl.java:62)
	at sun.reflect.DelegatingMethodAccessorImpl.invoke(DelegatingMethodAccessorImpl.java:43)
	at java.lang.reflect.Method.invoke(Method.java:498)
	at org.junit.runners.model.FrameworkMethod$1.runReflectiveCall(FrameworkMethod.java:59)
	at org.junit.internal.runners.model.ReflectiveCallable.run(ReflectiveCallable.java:12)
	at org.junit.runners.model.FrameworkMethod.invokeExplosively(FrameworkMethod.java:56)
	at org.junit.internal.runners.statements.InvokeMethod.evaluate(InvokeMethod.java:17)
	at org.junit.internal.runners.statements.FailOnTimeout$CallableStatement.call(FailOnTimeout.java:288)
	at org.junit.internal.runners.statements.FailOnTimeout$CallableStatement.call(FailOnTimeout.java:282)
	at java.util.concurrent.FutureTask.run(FutureTask.java:266)
	at java.lang.Thread.run(Thread.java:748)
</skipped>
  </testcase>
  <testcase name="testNonExplicitlyCreatedPathExistsAfterItsLeafsWereRemoved[1]" classname="org.apache.hadoop.fs.ozone.TestRootedOzoneFileSystem" time="0.037"/>
  <testcase name="testFileDelete[1]" classname="org.apache.hadoop.fs.ozone.TestRootedOzoneFileSystem" time="0.146"/>
  <testcase name="testRenameToTrashEnabled[1]" classname="org.apache.hadoop.fs.ozone.TestRootedOzoneFileSystem" time="0.223"/>
  <testcase name="testMkdirOnNonExistentVolumeBucketDir[1]" classname="org.apache.hadoop.fs.ozone.TestRootedOzoneFileSystem" time="0">
    <skipped message="FS Path is enabled. Skipping this test as it is not tuned for FS Path yet" type="org.junit.AssumptionViolatedException">org.junit.AssumptionViolatedException: FS Path is enabled. Skipping this test as it is not tuned for FS Path yet
	at org.junit.Assume.assumeTrue(Assume.java:68)
	at org.apache.hadoop.fs.ozone.TestRootedOzoneFileSystem.testMkdirOnNonExistentVolumeBucketDir(TestRootedOzoneFileSystem.java:405)
	at sun.reflect.NativeMethodAccessorImpl.invoke0(Native Method)
	at sun.reflect.NativeMethodAccessorImpl.invoke(NativeMethodAccessorImpl.java:62)
	at sun.reflect.DelegatingMethodAccessorImpl.invoke(DelegatingMethodAccessorImpl.java:43)
	at java.lang.reflect.Method.invoke(Method.java:498)
	at org.junit.runners.model.FrameworkMethod$1.runReflectiveCall(FrameworkMethod.java:59)
	at org.junit.internal.runners.model.ReflectiveCallable.run(ReflectiveCallable.java:12)
	at org.junit.runners.model.FrameworkMethod.invokeExplosively(FrameworkMethod.java:56)
	at org.junit.internal.runners.statements.InvokeMethod.evaluate(InvokeMethod.java:17)
	at org.junit.internal.runners.statements.FailOnTimeout$CallableStatement.call(FailOnTimeout.java:288)
	at org.junit.internal.runners.statements.FailOnTimeout$CallableStatement.call(FailOnTimeout.java:282)
	at java.util.concurrent.FutureTask.run(FutureTask.java:266)
	at java.lang.Thread.run(Thread.java:748)
</skipped>
  </testcase>
  <testcase name="testListStatusOnLargeDirectory[1]" classname="org.apache.hadoop.fs.ozone.TestRootedOzoneFileSystem" time="8.971"/>
  <testcase name="testRenameToDifferentBucket[1]" classname="org.apache.hadoop.fs.ozone.TestRootedOzoneFileSystem" time="0.021"/>
  <testcase name="testListStatusInBucket[1]" classname="org.apache.hadoop.fs.ozone.TestRootedOzoneFileSystem" time="0.018"/>
  <testcase name="testRenameFileToDir[1]" classname="org.apache.hadoop.fs.ozone.TestRootedOzoneFileSystem" time="0.031"/>
  <testcase name="testNonPrivilegedUserMkdirCreateBucket[2]" classname="org.apache.hadoop.fs.ozone.TestRootedOzoneFileSystem" time="0">
    <skipped message="ACL is not enabled. Skipping this test as it requires ACL to be enabled to be meaningful." type="org.junit.AssumptionViolatedException">org.junit.AssumptionViolatedException: ACL is not enabled. Skipping this test as it requires ACL to be enabled to be meaningful.
	at org.junit.Assume.assumeTrue(Assume.java:68)
	at org.apache.hadoop.fs.ozone.TestRootedOzoneFileSystem.testNonPrivilegedUserMkdirCreateBucket(TestRootedOzoneFileSystem.java:1582)
	at sun.reflect.NativeMethodAccessorImpl.invoke0(Native Method)
	at sun.reflect.NativeMethodAccessorImpl.invoke(NativeMethodAccessorImpl.java:62)
	at sun.reflect.DelegatingMethodAccessorImpl.invoke(DelegatingMethodAccessorImpl.java:43)
	at java.lang.reflect.Method.invoke(Method.java:498)
	at org.junit.runners.model.FrameworkMethod$1.runReflectiveCall(FrameworkMethod.java:59)
	at org.junit.internal.runners.model.ReflectiveCallable.run(ReflectiveCallable.java:12)
	at org.junit.runners.model.FrameworkMethod.invokeExplosively(FrameworkMethod.java:56)
	at org.junit.internal.runners.statements.InvokeMethod.evaluate(InvokeMethod.java:17)
	at org.junit.internal.runners.statements.FailOnTimeout$CallableStatement.call(FailOnTimeout.java:288)
	at org.junit.internal.runners.statements.FailOnTimeout$CallableStatement.call(FailOnTimeout.java:282)
	at java.util.concurrent.FutureTask.run(FutureTask.java:266)
	at java.lang.Thread.run(Thread.java:748)
</skipped>
    <system-out><![CDATA[2021-12-29 13:35:24,285 [Listener at 127.0.0.1/35453] INFO  ozone.MiniOzoneClusterImpl (MiniOzoneClusterImpl.java:shutdown(453)) - Shutting down the Mini Ozone Cluster
2021-12-29 13:35:24,285 [Listener at 127.0.0.1/35453] INFO  ozone.MiniOzoneClusterImpl (MiniOzoneClusterImpl.java:stop(468)) - Stopping the Mini Ozone Cluster
2021-12-29 13:35:24,285 [Listener at 127.0.0.1/35453] INFO  ozone.MiniOzoneClusterImpl (MiniOzoneClusterImpl.java:stopOM(550)) - Stopping the OzoneManager
2021-12-29 13:35:24,285 [Listener at 127.0.0.1/35453] INFO  om.OzoneManager (OzoneManager.java:stop(1893)) - om1[localhost:0]: Stopping Ozone Manager
2021-12-29 13:35:24,285 [Listener at 127.0.0.1/35453] INFO  ipc.Server (Server.java:stop(3414)) - Stopping server on 35453
2021-12-29 13:35:24,290 [IPC Server listener on 0] INFO  ipc.Server (Server.java:run(1376)) - Stopping IPC Server listener on 0
2021-12-29 13:35:24,298 [IPC Server Responder] INFO  ipc.Server (Server.java:run(1512)) - Stopping IPC Server Responder
2021-12-29 13:35:24,298 [Listener at 127.0.0.1/35453] INFO  server.RaftServer (RaftServerProxy.java:lambda$close$6(391)) - om1: close
2021-12-29 13:35:24,298 [Listener at 127.0.0.1/35453] INFO  server.RaftServer$Division (RaftServerImpl.java:lambda$close$4(412)) - om1@group-C5BA1605619E: shutdown
2021-12-29 13:35:24,298 [Listener at 127.0.0.1/35453] INFO  util.JmxRegister (JmxRegister.java:unregister(73)) - Successfully un-registered JMX Bean with object name Ratis:service=RaftServer,group=group-C5BA1605619E,id=om1
2021-12-29 13:35:24,298 [Listener at 127.0.0.1/35453] INFO  impl.RoleInfo (RoleInfo.java:shutdownLeaderState(91)) - om1: shutdown om1@group-C5BA1605619E-LeaderStateImpl
2021-12-29 13:35:24,299 [Listener at 127.0.0.1/35453] INFO  impl.PendingRequests (PendingRequests.java:sendNotLeaderResponses(282)) - om1@group-C5BA1605619E-PendingRequests: sendNotLeaderResponses
2021-12-29 13:35:24,304 [Listener at 127.0.0.1/35453] INFO  impl.StateMachineUpdater (StateMachineUpdater.java:stopAndJoin(149)) - om1@group-C5BA1605619E-StateMachineUpdater: set stopIndex = 6554
2021-12-29 13:35:24,304 [om1@group-C5BA1605619E-StateMachineUpdater] INFO  ratis.OzoneManagerStateMachine (OzoneManagerStateMachine.java:takeSnapshot(417)) - Current Snapshot Index (t:1, i:6554)
2021-12-29 13:35:24,304 [om1@group-C5BA1605619E-StateMachineUpdater] INFO  impl.StateMachineUpdater (StateMachineUpdater.java:takeSnapshot(281)) - om1@group-C5BA1605619E-StateMachineUpdater: Took a snapshot at index 6554
2021-12-29 13:35:24,304 [om1@group-C5BA1605619E-StateMachineUpdater] INFO  impl.StateMachineUpdater (StateMachineUpdater.java:lambda$new$0(89)) - om1@group-C5BA1605619E-StateMachineUpdater: snapshotIndex: updateIncreasingly -1 -> 6554
2021-12-29 13:35:24,304 [om1@group-C5BA1605619E-StateMachineUpdater] INFO  ratis.OzoneManagerStateMachine (OzoneManagerStateMachine.java:close(471)) - StateMachine has shutdown. Shutdown OzoneManager if not already shutdown.
2021-12-29 13:35:24,306 [Listener at 127.0.0.1/35453] INFO  server.RaftServer$Division (ServerState.java:close(419)) - om1@group-C5BA1605619E: closes. applyIndex: 6554
2021-12-29 13:35:24,307 [om1@group-C5BA1605619E-SegmentedRaftLogWorker] INFO  segmented.SegmentedRaftLogWorker (SegmentedRaftLogWorker.java:run(327)) - om1@group-C5BA1605619E-SegmentedRaftLogWorker was interrupted, exiting. There are 0 tasks remaining in the queue.
2021-12-29 13:35:24,312 [Listener at 127.0.0.1/35453] INFO  segmented.SegmentedRaftLogWorker (SegmentedRaftLogWorker.java:close(237)) - om1@group-C5BA1605619E-SegmentedRaftLogWorker close()
2021-12-29 13:35:24,313 [Listener at 127.0.0.1/35453] INFO  server.GrpcService (GrpcService.java:closeImpl(262)) - om1: shutdown server with port 9872 now
2021-12-29 13:35:24,313 [Listener at 127.0.0.1/35453] INFO  server.GrpcService (GrpcService.java:closeImpl(271)) - om1: shutdown server with port 9872 successfully
2021-12-29 13:35:24,314 [org.apache.ratis.util.JvmPauseMonitor$$Lambda$528/1712405372@e6fa52c] INFO  util.JvmPauseMonitor (JvmPauseMonitor.java:run(109)) - JvmPauseMonitor-om1: Stopped
2021-12-29 13:35:24,314 [Listener at 127.0.0.1/35453] INFO  ratis.OzoneManagerDoubleBuffer (OzoneManagerDoubleBuffer.java:stop(437)) - Stopping OMDoubleBuffer flush thread
2021-12-29 13:35:24,314 [OMDoubleBufferFlushThread] INFO  ratis.OzoneManagerDoubleBuffer (OzoneManagerDoubleBuffer.java:flushTransactions(356)) - OMDoubleBuffer flush thread OMDoubleBufferFlushThread is interrupted and will exit. OMDoubleBufferFlushThread
2021-12-29 13:35:24,320 [Listener at 127.0.0.1/35453] INFO  utils.BackgroundService (BackgroundService.java:shutdown(132)) - Shutting down service KeyDeletingService
2021-12-29 13:35:24,320 [Listener at 127.0.0.1/35453] INFO  utils.BackgroundService (BackgroundService.java:shutdown(132)) - Shutting down service DirectoryDeletingService
2021-12-29 13:35:24,321 [Listener at 127.0.0.1/35453] INFO  handler.ContextHandler (ContextHandler.java:doStop(1153)) - Stopped o.e.j.w.WebAppContext@2cc83ee8{ozoneManager,/,null,STOPPED}{file:/home/runner/work/ozone/ozone/hadoop-ozone/integration-test/target/test-classes/webapps/ozoneManager}
2021-12-29 13:35:24,322 [Listener at 127.0.0.1/35453] INFO  server.AbstractConnector (AbstractConnector.java:doStop(381)) - Stopped ServerConnector@64eb79d{HTTP/1.1, (http/1.1)}{0.0.0.0:0}
2021-12-29 13:35:24,322 [Listener at 127.0.0.1/35453] INFO  server.session (HouseKeeper.java:stopScavenging(149)) - node0 Stopped scavenging
2021-12-29 13:35:24,322 [Listener at 127.0.0.1/35453] INFO  handler.ContextHandler (ContextHandler.java:doStop(1153)) - Stopped o.e.j.s.ServletContextHandler@4b9eea40{static,/static,file:///home/runner/work/ozone/ozone/hadoop-ozone/integration-test/target/test-classes/webapps/static,STOPPED}
2021-12-29 13:35:24,322 [Listener at 127.0.0.1/35453] INFO  handler.ContextHandler (ContextHandler.java:doStop(1153)) - Stopped o.e.j.s.ServletContextHandler@624b0e1b{logs,/logs,file:///home/runner/work/ozone/ozone/hadoop-ozone/integration-test/target/log,STOPPED}
2021-12-29 13:35:24,324 [Listener at 127.0.0.1/35453] INFO  ozone.MiniOzoneClusterImpl (MiniOzoneClusterImpl.java:stopDatanodes(527)) - Stopping the HddsDatanodes
2021-12-29 13:35:27,113 [c27593dc-118c-4b8f-a1b6-791b95aa201d@group-C6BC184C74FE-FollowerState] INFO  impl.FollowerState (FollowerState.java:run(134)) - c27593dc-118c-4b8f-a1b6-791b95aa201d@group-C6BC184C74FE-FollowerState: change to CANDIDATE, lastRpcElapsedTime:5029766876ns, electionTimeout:5007ms
2021-12-29 13:35:27,113 [c27593dc-118c-4b8f-a1b6-791b95aa201d@group-C6BC184C74FE-FollowerState] INFO  impl.RoleInfo (RoleInfo.java:shutdownFollowerState(108)) - c27593dc-118c-4b8f-a1b6-791b95aa201d: shutdown c27593dc-118c-4b8f-a1b6-791b95aa201d@group-C6BC184C74FE-FollowerState
2021-12-29 13:35:27,113 [c27593dc-118c-4b8f-a1b6-791b95aa201d@group-C6BC184C74FE-FollowerState] INFO  server.RaftServer$Division (RaftServerImpl.java:setRole(290)) - c27593dc-118c-4b8f-a1b6-791b95aa201d@group-C6BC184C74FE: changes role from  FOLLOWER to CANDIDATE at term 4 for changeToCandidate
2021-12-29 13:35:27,114 [c27593dc-118c-4b8f-a1b6-791b95aa201d@group-C6BC184C74FE-FollowerState] INFO  server.RaftServerConfigKeys (ConfUtils.java:logGet(44)) - raft.server.leaderelection.pre-vote = false (custom)
2021-12-29 13:35:27,114 [c27593dc-118c-4b8f-a1b6-791b95aa201d@group-C6BC184C74FE-FollowerState] INFO  impl.RoleInfo (RoleInfo.java:updateAndGet(130)) - c27593dc-118c-4b8f-a1b6-791b95aa201d: start c27593dc-118c-4b8f-a1b6-791b95aa201d@group-C6BC184C74FE-LeaderElection24
2021-12-29 13:35:27,124 [c27593dc-118c-4b8f-a1b6-791b95aa201d@group-C6BC184C74FE-LeaderElection24] INFO  impl.LeaderElection (LeaderElection.java:askForVotes(306)) - c27593dc-118c-4b8f-a1b6-791b95aa201d@group-C6BC184C74FE-LeaderElection24 ELECTION round 0: submit vote requests at term 5 for -1: [ec8d6e88-7dab-40d3-b5f4-362e80a98c5e|rpc:10.1.0.26:40805|dataStream:|priority:1, c27593dc-118c-4b8f-a1b6-791b95aa201d|rpc:10.1.0.26:43913|dataStream:|priority:0, 338a2944-85be-4327-99ba-33562aaad680|rpc:10.1.0.26:34795|dataStream:|priority:0], old=null
2021-12-29 13:35:27,134 [ec8d6e88-7dab-40d3-b5f4-362e80a98c5e@group-C6BC184C74FE-FollowerState] INFO  impl.FollowerState (FollowerState.java:run(134)) - ec8d6e88-7dab-40d3-b5f4-362e80a98c5e@group-C6BC184C74FE-FollowerState: change to CANDIDATE, lastRpcElapsedTime:5037564646ns, electionTimeout:5015ms
2021-12-29 13:35:27,136 [ec8d6e88-7dab-40d3-b5f4-362e80a98c5e@group-C6BC184C74FE-FollowerState] INFO  impl.RoleInfo (RoleInfo.java:shutdownFollowerState(108)) - ec8d6e88-7dab-40d3-b5f4-362e80a98c5e: shutdown ec8d6e88-7dab-40d3-b5f4-362e80a98c5e@group-C6BC184C74FE-FollowerState
2021-12-29 13:35:27,136 [ec8d6e88-7dab-40d3-b5f4-362e80a98c5e@group-C6BC184C74FE-FollowerState] INFO  server.RaftServer$Division (RaftServerImpl.java:setRole(290)) - ec8d6e88-7dab-40d3-b5f4-362e80a98c5e@group-C6BC184C74FE: changes role from  FOLLOWER to CANDIDATE at term 4 for changeToCandidate
2021-12-29 13:35:27,136 [grpc-default-executor-0] INFO  server.RaftServer$Division (RaftServerImpl.java:requestVote(1046)) - ec8d6e88-7dab-40d3-b5f4-362e80a98c5e@group-C6BC184C74FE: receive requestVote(ELECTION, c27593dc-118c-4b8f-a1b6-791b95aa201d, group-C6BC184C74FE, 5, (t:0, i:0))
2021-12-29 13:35:27,136 [ec8d6e88-7dab-40d3-b5f4-362e80a98c5e@group-C6BC184C74FE-FollowerState] INFO  server.RaftServerConfigKeys (ConfUtils.java:logGet(44)) - raft.server.leaderelection.pre-vote = false (custom)
2021-12-29 13:35:27,136 [ec8d6e88-7dab-40d3-b5f4-362e80a98c5e@group-C6BC184C74FE-FollowerState] INFO  impl.RoleInfo (RoleInfo.java:updateAndGet(130)) - ec8d6e88-7dab-40d3-b5f4-362e80a98c5e: start ec8d6e88-7dab-40d3-b5f4-362e80a98c5e@group-C6BC184C74FE-LeaderElection25
2021-12-29 13:35:27,141 [grpc-default-executor-0] INFO  impl.VoteContext (VoteContext.java:log(48)) - ec8d6e88-7dab-40d3-b5f4-362e80a98c5e@group-C6BC184C74FE-CANDIDATE: reject ELECTION from c27593dc-118c-4b8f-a1b6-791b95aa201d: our priority 1 > candidate's priority 0
2021-12-29 13:35:27,141 [grpc-default-executor-0] INFO  server.RaftServer$Division (RaftServerImpl.java:setRole(290)) - ec8d6e88-7dab-40d3-b5f4-362e80a98c5e@group-C6BC184C74FE: changes role from CANDIDATE to FOLLOWER at term 5 for candidate:c27593dc-118c-4b8f-a1b6-791b95aa201d
2021-12-29 13:35:27,141 [grpc-default-executor-0] INFO  impl.RoleInfo (RoleInfo.java:shutdownLeaderElection(121)) - ec8d6e88-7dab-40d3-b5f4-362e80a98c5e: shutdown ec8d6e88-7dab-40d3-b5f4-362e80a98c5e@group-C6BC184C74FE-LeaderElection25
2021-12-29 13:35:27,141 [grpc-default-executor-0] INFO  impl.RoleInfo (RoleInfo.java:updateAndGet(130)) - ec8d6e88-7dab-40d3-b5f4-362e80a98c5e: start ec8d6e88-7dab-40d3-b5f4-362e80a98c5e@group-C6BC184C74FE-FollowerState
2021-12-29 13:35:27,151 [grpc-default-executor-1] INFO  server.RaftServer$Division (RaftServerImpl.java:requestVote(1046)) - 338a2944-85be-4327-99ba-33562aaad680@group-C6BC184C74FE: receive requestVote(ELECTION, c27593dc-118c-4b8f-a1b6-791b95aa201d, group-C6BC184C74FE, 5, (t:0, i:0))
2021-12-29 13:35:27,152 [grpc-default-executor-1] INFO  impl.VoteContext (VoteContext.java:log(48)) - 338a2944-85be-4327-99ba-33562aaad680@group-C6BC184C74FE-FOLLOWER: accept ELECTION from c27593dc-118c-4b8f-a1b6-791b95aa201d: our priority 0 <= candidate's priority 0
2021-12-29 13:35:27,152 [grpc-default-executor-1] INFO  server.RaftServer$Division (RaftServerImpl.java:setRole(290)) - 338a2944-85be-4327-99ba-33562aaad680@group-C6BC184C74FE: changes role from  FOLLOWER to FOLLOWER at term 5 for candidate:c27593dc-118c-4b8f-a1b6-791b95aa201d
2021-12-29 13:35:27,152 [grpc-default-executor-1] INFO  impl.RoleInfo (RoleInfo.java:shutdownFollowerState(108)) - 338a2944-85be-4327-99ba-33562aaad680: shutdown 338a2944-85be-4327-99ba-33562aaad680@group-C6BC184C74FE-FollowerState
2021-12-29 13:35:27,152 [grpc-default-executor-1] INFO  impl.RoleInfo (RoleInfo.java:updateAndGet(130)) - 338a2944-85be-4327-99ba-33562aaad680: start 338a2944-85be-4327-99ba-33562aaad680@group-C6BC184C74FE-FollowerState
2021-12-29 13:35:27,152 [338a2944-85be-4327-99ba-33562aaad680@group-C6BC184C74FE-FollowerState] INFO  impl.FollowerState (FollowerState.java:run(143)) - 338a2944-85be-4327-99ba-33562aaad680@group-C6BC184C74FE-FollowerState was interrupted: {}
java.lang.InterruptedException: sleep interrupted
	at java.lang.Thread.sleep(Native Method)
	at java.lang.Thread.sleep(Thread.java:340)
	at java.util.concurrent.TimeUnit.sleep(TimeUnit.java:386)
	at org.apache.ratis.util.TimeDuration.sleep(TimeDuration.java:324)
	at org.apache.ratis.util.TimeDuration.sleep(TimeDuration.java:309)
	at org.apache.ratis.server.impl.FollowerState.run(FollowerState.java:118)
2021-12-29 13:35:27,152 [ec8d6e88-7dab-40d3-b5f4-362e80a98c5e@group-C6BC184C74FE-LeaderElection25] INFO  impl.LeaderElection (LeaderElection.java:run(230)) - ec8d6e88-7dab-40d3-b5f4-362e80a98c5e@group-C6BC184C74FE-LeaderElection25: skip running since this is already CLOSING
2021-12-29 13:35:27,153 [grpc-default-executor-0] INFO  server.RaftServer$Division (RaftServerImpl.java:requestVote(1078)) - ec8d6e88-7dab-40d3-b5f4-362e80a98c5e@group-C6BC184C74FE replies to ELECTION vote request: c27593dc-118c-4b8f-a1b6-791b95aa201d<-ec8d6e88-7dab-40d3-b5f4-362e80a98c5e#0:FAIL-t5. Peer's state: ec8d6e88-7dab-40d3-b5f4-362e80a98c5e@group-C6BC184C74FE:t5, leader=null, voted=null, raftlog=ec8d6e88-7dab-40d3-b5f4-362e80a98c5e@group-C6BC184C74FE-SegmentedRaftLog:OPENED:c-1, conf=-1: [ec8d6e88-7dab-40d3-b5f4-362e80a98c5e|rpc:10.1.0.26:40805|priority:1, c27593dc-118c-4b8f-a1b6-791b95aa201d|rpc:10.1.0.26:43913|priority:0, 338a2944-85be-4327-99ba-33562aaad680|rpc:10.1.0.26:34795|priority:0], old=null
2021-12-29 13:35:27,158 [c27593dc-118c-4b8f-a1b6-791b95aa201d@group-C6BC184C74FE-LeaderElection24] INFO  impl.LeaderElection (LeaderElection.java:logAndReturn(89)) - c27593dc-118c-4b8f-a1b6-791b95aa201d@group-C6BC184C74FE-LeaderElection24: ELECTION REJECTED received 1 response(s) and 0 exception(s):
2021-12-29 13:35:27,158 [c27593dc-118c-4b8f-a1b6-791b95aa201d@group-C6BC184C74FE-LeaderElection24] INFO  impl.LeaderElection (LeaderElection.java:logAndReturn(93)) -   Response 0: c27593dc-118c-4b8f-a1b6-791b95aa201d<-ec8d6e88-7dab-40d3-b5f4-362e80a98c5e#0:FAIL-t5
2021-12-29 13:35:27,158 [c27593dc-118c-4b8f-a1b6-791b95aa201d@group-C6BC184C74FE-LeaderElection24] INFO  impl.LeaderElection (LeaderElection.java:askForVotes(308)) - c27593dc-118c-4b8f-a1b6-791b95aa201d@group-C6BC184C74FE-LeaderElection24 ELECTION round 0: result REJECTED
2021-12-29 13:35:27,158 [c27593dc-118c-4b8f-a1b6-791b95aa201d@group-C6BC184C74FE-LeaderElection24] INFO  server.RaftServer$Division (RaftServerImpl.java:setRole(290)) - c27593dc-118c-4b8f-a1b6-791b95aa201d@group-C6BC184C74FE: changes role from CANDIDATE to FOLLOWER at term 5 for REJECTED
2021-12-29 13:35:27,158 [c27593dc-118c-4b8f-a1b6-791b95aa201d@group-C6BC184C74FE-LeaderElection24] INFO  impl.RoleInfo (RoleInfo.java:shutdownLeaderElection(121)) - c27593dc-118c-4b8f-a1b6-791b95aa201d: shutdown c27593dc-118c-4b8f-a1b6-791b95aa201d@group-C6BC184C74FE-LeaderElection24
2021-12-29 13:35:27,158 [c27593dc-118c-4b8f-a1b6-791b95aa201d@group-C6BC184C74FE-LeaderElection24] INFO  impl.RoleInfo (RoleInfo.java:updateAndGet(130)) - c27593dc-118c-4b8f-a1b6-791b95aa201d: start c27593dc-118c-4b8f-a1b6-791b95aa201d@group-C6BC184C74FE-FollowerState
2021-12-29 13:35:27,166 [grpc-default-executor-1] INFO  server.RaftServer$Division (RaftServerImpl.java:requestVote(1078)) - 338a2944-85be-4327-99ba-33562aaad680@group-C6BC184C74FE replies to ELECTION vote request: c27593dc-118c-4b8f-a1b6-791b95aa201d<-338a2944-85be-4327-99ba-33562aaad680#0:OK-t5. Peer's state: 338a2944-85be-4327-99ba-33562aaad680@group-C6BC184C74FE:t5, leader=null, voted=c27593dc-118c-4b8f-a1b6-791b95aa201d, raftlog=338a2944-85be-4327-99ba-33562aaad680@group-C6BC184C74FE-SegmentedRaftLog:OPENED:c-1, conf=-1: [ec8d6e88-7dab-40d3-b5f4-362e80a98c5e|rpc:10.1.0.26:40805|dataStream:|priority:1, c27593dc-118c-4b8f-a1b6-791b95aa201d|rpc:10.1.0.26:43913|dataStream:|priority:0, 338a2944-85be-4327-99ba-33562aaad680|rpc:10.1.0.26:34795|dataStream:|priority:0], old=null
2021-12-29 13:35:29,329 [Listener at 127.0.0.1/35453] INFO  ozoneimpl.OzoneContainer (OzoneContainer.java:stop(336)) - Attempting to stop container services.
2021-12-29 13:35:29,329 [ForkJoinPool.commonPool-worker-0] INFO  ozoneimpl.OzoneContainer (OzoneContainer.java:stop(336)) - Attempting to stop container services.
2021-12-29 13:35:29,330 [Listener at 127.0.0.1/35453] INFO  server.RaftServer (RaftServerProxy.java:lambda$close$6(391)) - c27593dc-118c-4b8f-a1b6-791b95aa201d: close
2021-12-29 13:35:29,330 [Listener at 127.0.0.1/35453] INFO  server.RaftServer$Division (RaftServerImpl.java:lambda$close$4(412)) - c27593dc-118c-4b8f-a1b6-791b95aa201d@group-BFD1AD94EBB6: shutdown
2021-12-29 13:35:29,330 [Listener at 127.0.0.1/35453] INFO  util.JmxRegister (JmxRegister.java:unregister(73)) - Successfully un-registered JMX Bean with object name Ratis:service=RaftServer,group=group-BFD1AD94EBB6,id=c27593dc-118c-4b8f-a1b6-791b95aa201d
2021-12-29 13:35:29,330 [Listener at 127.0.0.1/35453] INFO  impl.RoleInfo (RoleInfo.java:shutdownLeaderState(91)) - c27593dc-118c-4b8f-a1b6-791b95aa201d: shutdown c27593dc-118c-4b8f-a1b6-791b95aa201d@group-BFD1AD94EBB6-LeaderStateImpl
2021-12-29 13:35:29,330 [Listener at 127.0.0.1/35453] INFO  impl.PendingRequests (PendingRequests.java:sendNotLeaderResponses(282)) - c27593dc-118c-4b8f-a1b6-791b95aa201d@group-BFD1AD94EBB6-PendingRequests: sendNotLeaderResponses
2021-12-29 13:35:29,331 [Listener at 127.0.0.1/35453] INFO  impl.StateMachineUpdater (StateMachineUpdater.java:stopAndJoin(149)) - c27593dc-118c-4b8f-a1b6-791b95aa201d@group-BFD1AD94EBB6-StateMachineUpdater: set stopIndex = 0
2021-12-29 13:35:29,331 [c27593dc-118c-4b8f-a1b6-791b95aa201d@group-BFD1AD94EBB6-StateMachineUpdater] INFO  ratis.ContainerStateMachine (ContainerStateMachine.java:takeSnapshot(299)) - group-BFD1AD94EBB6: Taking a snapshot at:(t:1, i:0) file /home/runner/work/ozone/ozone/hadoop-ozone/integration-test/target/test-dir/MiniOzoneClusterImpl-37cf7816-8d03-4967-8f48-8c315ca58879/datanode-1/data/ratis/125ebe8a-8131-439c-a7b8-bfd1ad94ebb6/sm/snapshot.1_0
2021-12-29 13:35:29,331 [ForkJoinPool.commonPool-worker-0] INFO  server.RaftServer (RaftServerProxy.java:lambda$close$6(391)) - ec8d6e88-7dab-40d3-b5f4-362e80a98c5e: close
2021-12-29 13:35:29,331 [ForkJoinPool.commonPool-worker-0] INFO  server.RaftServer$Division (RaftServerImpl.java:lambda$close$4(412)) - ec8d6e88-7dab-40d3-b5f4-362e80a98c5e@group-C6BC184C74FE: shutdown
2021-12-29 13:35:29,332 [ForkJoinPool.commonPool-worker-0] INFO  util.JmxRegister (JmxRegister.java:unregister(73)) - Successfully un-registered JMX Bean with object name Ratis:service=RaftServer,group=group-C6BC184C74FE,id=ec8d6e88-7dab-40d3-b5f4-362e80a98c5e
2021-12-29 13:35:29,332 [ForkJoinPool.commonPool-worker-0] INFO  impl.RoleInfo (RoleInfo.java:shutdownFollowerState(108)) - ec8d6e88-7dab-40d3-b5f4-362e80a98c5e: shutdown ec8d6e88-7dab-40d3-b5f4-362e80a98c5e@group-C6BC184C74FE-FollowerState
2021-12-29 13:35:29,332 [ForkJoinPool.commonPool-worker-0] INFO  impl.StateMachineUpdater (StateMachineUpdater.java:stopAndJoin(149)) - ec8d6e88-7dab-40d3-b5f4-362e80a98c5e@group-C6BC184C74FE-StateMachineUpdater: set stopIndex = -1
2021-12-29 13:35:29,332 [ec8d6e88-7dab-40d3-b5f4-362e80a98c5e@group-C6BC184C74FE-FollowerState] INFO  impl.FollowerState (FollowerState.java:run(143)) - ec8d6e88-7dab-40d3-b5f4-362e80a98c5e@group-C6BC184C74FE-FollowerState was interrupted: {}
java.lang.InterruptedException: sleep interrupted
	at java.lang.Thread.sleep(Native Method)
	at java.lang.Thread.sleep(Thread.java:340)
	at java.util.concurrent.TimeUnit.sleep(TimeUnit.java:386)
	at org.apache.ratis.util.TimeDuration.sleep(TimeDuration.java:324)
	at org.apache.ratis.util.TimeDuration.sleep(TimeDuration.java:309)
	at org.apache.ratis.server.impl.FollowerState.run(FollowerState.java:118)
2021-12-29 13:35:29,333 [c27593dc-118c-4b8f-a1b6-791b95aa201d@group-BFD1AD94EBB6-StateMachineUpdater] INFO  ratis.ContainerStateMachine (ContainerStateMachine.java:takeSnapshot(310)) - group-BFD1AD94EBB6: Finished taking a snapshot at:(t:1, i:0) file:/home/runner/work/ozone/ozone/hadoop-ozone/integration-test/target/test-dir/MiniOzoneClusterImpl-37cf7816-8d03-4967-8f48-8c315ca58879/datanode-1/data/ratis/125ebe8a-8131-439c-a7b8-bfd1ad94ebb6/sm/snapshot.1_0 took: 2 ms
2021-12-29 13:35:29,333 [c27593dc-118c-4b8f-a1b6-791b95aa201d@group-BFD1AD94EBB6-StateMachineUpdater] INFO  impl.StateMachineUpdater (StateMachineUpdater.java:takeSnapshot(281)) - c27593dc-118c-4b8f-a1b6-791b95aa201d@group-BFD1AD94EBB6-StateMachineUpdater: Took a snapshot at index 0
2021-12-29 13:35:29,333 [c27593dc-118c-4b8f-a1b6-791b95aa201d@group-BFD1AD94EBB6-StateMachineUpdater] INFO  impl.StateMachineUpdater (StateMachineUpdater.java:lambda$new$0(89)) - c27593dc-118c-4b8f-a1b6-791b95aa201d@group-BFD1AD94EBB6-StateMachineUpdater: snapshotIndex: updateIncreasingly -1 -> 0
2021-12-29 13:35:29,333 [Listener at 127.0.0.1/35453] INFO  server.RaftServer$Division (ServerState.java:close(419)) - c27593dc-118c-4b8f-a1b6-791b95aa201d@group-BFD1AD94EBB6: closes. applyIndex: 0
2021-12-29 13:35:29,334 [c27593dc-118c-4b8f-a1b6-791b95aa201d@group-BFD1AD94EBB6-SegmentedRaftLogWorker] INFO  segmented.SegmentedRaftLogWorker (SegmentedRaftLogWorker.java:run(327)) - c27593dc-118c-4b8f-a1b6-791b95aa201d@group-BFD1AD94EBB6-SegmentedRaftLogWorker was interrupted, exiting. There are 0 tasks remaining in the queue.
2021-12-29 13:35:29,334 [Listener at 127.0.0.1/35453] INFO  segmented.SegmentedRaftLogWorker (SegmentedRaftLogWorker.java:close(237)) - c27593dc-118c-4b8f-a1b6-791b95aa201d@group-BFD1AD94EBB6-SegmentedRaftLogWorker close()
2021-12-29 13:35:29,335 [Listener at 127.0.0.1/35453] INFO  server.RaftServer$Division (RaftServerImpl.java:lambda$close$4(412)) - c27593dc-118c-4b8f-a1b6-791b95aa201d@group-C6BC184C74FE: shutdown
2021-12-29 13:35:29,335 [Listener at 127.0.0.1/35453] INFO  util.JmxRegister (JmxRegister.java:unregister(73)) - Successfully un-registered JMX Bean with object name Ratis:service=RaftServer,group=group-C6BC184C74FE,id=c27593dc-118c-4b8f-a1b6-791b95aa201d
2021-12-29 13:35:29,335 [Listener at 127.0.0.1/35453] INFO  impl.RoleInfo (RoleInfo.java:shutdownFollowerState(108)) - c27593dc-118c-4b8f-a1b6-791b95aa201d: shutdown c27593dc-118c-4b8f-a1b6-791b95aa201d@group-C6BC184C74FE-FollowerState
2021-12-29 13:35:29,335 [c27593dc-118c-4b8f-a1b6-791b95aa201d@group-C6BC184C74FE-FollowerState] INFO  impl.FollowerState (FollowerState.java:run(143)) - c27593dc-118c-4b8f-a1b6-791b95aa201d@group-C6BC184C74FE-FollowerState was interrupted: {}
java.lang.InterruptedException: sleep interrupted
	at java.lang.Thread.sleep(Native Method)
	at java.lang.Thread.sleep(Thread.java:340)
	at java.util.concurrent.TimeUnit.sleep(TimeUnit.java:386)
	at org.apache.ratis.util.TimeDuration.sleep(TimeDuration.java:324)
	at org.apache.ratis.util.TimeDuration.sleep(TimeDuration.java:309)
	at org.apache.ratis.server.impl.FollowerState.run(FollowerState.java:118)
2021-12-29 13:35:29,336 [Listener at 127.0.0.1/35453] INFO  impl.StateMachineUpdater (StateMachineUpdater.java:stopAndJoin(149)) - c27593dc-118c-4b8f-a1b6-791b95aa201d@group-C6BC184C74FE-StateMachineUpdater: set stopIndex = -1
2021-12-29 13:35:29,336 [Listener at 127.0.0.1/35453] INFO  server.RaftServer$Division (ServerState.java:close(419)) - c27593dc-118c-4b8f-a1b6-791b95aa201d@group-C6BC184C74FE: closes. applyIndex: -1
2021-12-29 13:35:29,336 [c27593dc-118c-4b8f-a1b6-791b95aa201d@group-C6BC184C74FE-SegmentedRaftLogWorker] INFO  segmented.SegmentedRaftLogWorker (SegmentedRaftLogWorker.java:run(327)) - c27593dc-118c-4b8f-a1b6-791b95aa201d@group-C6BC184C74FE-SegmentedRaftLogWorker was interrupted, exiting. There are 0 tasks remaining in the queue.
2021-12-29 13:35:29,336 [Listener at 127.0.0.1/35453] INFO  segmented.SegmentedRaftLogWorker (SegmentedRaftLogWorker.java:close(237)) - c27593dc-118c-4b8f-a1b6-791b95aa201d@group-C6BC184C74FE-SegmentedRaftLogWorker close()
2021-12-29 13:35:29,337 [ForkJoinPool.commonPool-worker-0] INFO  server.RaftServer$Division (ServerState.java:close(419)) - ec8d6e88-7dab-40d3-b5f4-362e80a98c5e@group-C6BC184C74FE: closes. applyIndex: -1
2021-12-29 13:35:29,337 [ec8d6e88-7dab-40d3-b5f4-362e80a98c5e@group-C6BC184C74FE-SegmentedRaftLogWorker] INFO  segmented.SegmentedRaftLogWorker (SegmentedRaftLogWorker.java:run(327)) - ec8d6e88-7dab-40d3-b5f4-362e80a98c5e@group-C6BC184C74FE-SegmentedRaftLogWorker was interrupted, exiting. There are 0 tasks remaining in the queue.
2021-12-29 13:35:29,337 [ForkJoinPool.commonPool-worker-0] INFO  segmented.SegmentedRaftLogWorker (SegmentedRaftLogWorker.java:close(237)) - ec8d6e88-7dab-40d3-b5f4-362e80a98c5e@group-C6BC184C74FE-SegmentedRaftLogWorker close()
2021-12-29 13:35:29,338 [ForkJoinPool.commonPool-worker-0] INFO  server.RaftServer$Division (RaftServerImpl.java:lambda$close$4(412)) - ec8d6e88-7dab-40d3-b5f4-362e80a98c5e@group-5B449A8528E9: shutdown
2021-12-29 13:35:29,338 [ForkJoinPool.commonPool-worker-0] INFO  util.JmxRegister (JmxRegister.java:unregister(73)) - Successfully un-registered JMX Bean with object name Ratis:service=RaftServer,group=group-5B449A8528E9,id=ec8d6e88-7dab-40d3-b5f4-362e80a98c5e
2021-12-29 13:35:29,338 [ForkJoinPool.commonPool-worker-0] INFO  impl.RoleInfo (RoleInfo.java:shutdownFollowerState(108)) - ec8d6e88-7dab-40d3-b5f4-362e80a98c5e: shutdown ec8d6e88-7dab-40d3-b5f4-362e80a98c5e@group-5B449A8528E9-FollowerState
2021-12-29 13:35:29,338 [ForkJoinPool.commonPool-worker-0] INFO  impl.StateMachineUpdater (StateMachineUpdater.java:stopAndJoin(149)) - ec8d6e88-7dab-40d3-b5f4-362e80a98c5e@group-5B449A8528E9-StateMachineUpdater: set stopIndex = 28
2021-12-29 13:35:29,338 [ec8d6e88-7dab-40d3-b5f4-362e80a98c5e@group-5B449A8528E9-FollowerState] INFO  impl.FollowerState (FollowerState.java:run(143)) - ec8d6e88-7dab-40d3-b5f4-362e80a98c5e@group-5B449A8528E9-FollowerState was interrupted: {}
java.lang.InterruptedException: sleep interrupted
	at java.lang.Thread.sleep(Native Method)
	at java.lang.Thread.sleep(Thread.java:340)
	at java.util.concurrent.TimeUnit.sleep(TimeUnit.java:386)
	at org.apache.ratis.util.TimeDuration.sleep(TimeDuration.java:324)
	at org.apache.ratis.util.TimeDuration.sleep(TimeDuration.java:309)
	at org.apache.ratis.server.impl.FollowerState.run(FollowerState.java:118)
2021-12-29 13:35:29,338 [ec8d6e88-7dab-40d3-b5f4-362e80a98c5e@group-5B449A8528E9-StateMachineUpdater] INFO  ratis.ContainerStateMachine (ContainerStateMachine.java:takeSnapshot(299)) - group-5B449A8528E9: Taking a snapshot at:(t:2, i:28) file /home/runner/work/ozone/ozone/hadoop-ozone/integration-test/target/test-dir/MiniOzoneClusterImpl-37cf7816-8d03-4967-8f48-8c315ca58879/datanode-0/data/ratis/1dbb02f2-41a3-4191-9f44-5b449a8528e9/sm/snapshot.2_28
2021-12-29 13:35:29,340 [ec8d6e88-7dab-40d3-b5f4-362e80a98c5e@group-5B449A8528E9-StateMachineUpdater] INFO  ratis.ContainerStateMachine (ContainerStateMachine.java:takeSnapshot(310)) - group-5B449A8528E9: Finished taking a snapshot at:(t:2, i:28) file:/home/runner/work/ozone/ozone/hadoop-ozone/integration-test/target/test-dir/MiniOzoneClusterImpl-37cf7816-8d03-4967-8f48-8c315ca58879/datanode-0/data/ratis/1dbb02f2-41a3-4191-9f44-5b449a8528e9/sm/snapshot.2_28 took: 2 ms
2021-12-29 13:35:29,340 [ec8d6e88-7dab-40d3-b5f4-362e80a98c5e@group-5B449A8528E9-StateMachineUpdater] INFO  impl.StateMachineUpdater (StateMachineUpdater.java:takeSnapshot(281)) - ec8d6e88-7dab-40d3-b5f4-362e80a98c5e@group-5B449A8528E9-StateMachineUpdater: Took a snapshot at index 28
2021-12-29 13:35:29,340 [ec8d6e88-7dab-40d3-b5f4-362e80a98c5e@group-5B449A8528E9-StateMachineUpdater] INFO  impl.StateMachineUpdater (StateMachineUpdater.java:lambda$new$0(89)) - ec8d6e88-7dab-40d3-b5f4-362e80a98c5e@group-5B449A8528E9-StateMachineUpdater: snapshotIndex: updateIncreasingly -1 -> 28
2021-12-29 13:35:29,342 [ForkJoinPool.commonPool-worker-0] INFO  server.RaftServer$Division (ServerState.java:close(419)) - ec8d6e88-7dab-40d3-b5f4-362e80a98c5e@group-5B449A8528E9: closes. applyIndex: 28
2021-12-29 13:35:29,342 [ec8d6e88-7dab-40d3-b5f4-362e80a98c5e@group-5B449A8528E9-SegmentedRaftLogWorker] INFO  segmented.SegmentedRaftLogWorker (SegmentedRaftLogWorker.java:run(327)) - ec8d6e88-7dab-40d3-b5f4-362e80a98c5e@group-5B449A8528E9-SegmentedRaftLogWorker was interrupted, exiting. There are 0 tasks remaining in the queue.
2021-12-29 13:35:29,342 [ForkJoinPool.commonPool-worker-0] INFO  segmented.SegmentedRaftLogWorker (SegmentedRaftLogWorker.java:close(237)) - ec8d6e88-7dab-40d3-b5f4-362e80a98c5e@group-5B449A8528E9-SegmentedRaftLogWorker close()
2021-12-29 13:35:29,343 [ForkJoinPool.commonPool-worker-0] INFO  server.RaftServer$Division (RaftServerImpl.java:lambda$close$4(412)) - ec8d6e88-7dab-40d3-b5f4-362e80a98c5e@group-CF2CF1C2D30A: shutdown
2021-12-29 13:35:29,343 [ForkJoinPool.commonPool-worker-0] INFO  util.JmxRegister (JmxRegister.java:unregister(73)) - Successfully un-registered JMX Bean with object name Ratis:service=RaftServer,group=group-CF2CF1C2D30A,id=ec8d6e88-7dab-40d3-b5f4-362e80a98c5e
2021-12-29 13:35:29,343 [ForkJoinPool.commonPool-worker-0] INFO  impl.RoleInfo (RoleInfo.java:shutdownLeaderState(91)) - ec8d6e88-7dab-40d3-b5f4-362e80a98c5e: shutdown ec8d6e88-7dab-40d3-b5f4-362e80a98c5e@group-CF2CF1C2D30A-LeaderStateImpl
2021-12-29 13:35:29,343 [ForkJoinPool.commonPool-worker-0] INFO  impl.PendingRequests (PendingRequests.java:sendNotLeaderResponses(282)) - ec8d6e88-7dab-40d3-b5f4-362e80a98c5e@group-CF2CF1C2D30A-PendingRequests: sendNotLeaderResponses
2021-12-29 13:35:29,343 [ForkJoinPool.commonPool-worker-0] INFO  impl.StateMachineUpdater (StateMachineUpdater.java:stopAndJoin(149)) - ec8d6e88-7dab-40d3-b5f4-362e80a98c5e@group-CF2CF1C2D30A-StateMachineUpdater: set stopIndex = 0
2021-12-29 13:35:29,343 [ec8d6e88-7dab-40d3-b5f4-362e80a98c5e@group-CF2CF1C2D30A-StateMachineUpdater] INFO  ratis.ContainerStateMachine (ContainerStateMachine.java:takeSnapshot(299)) - group-CF2CF1C2D30A: Taking a snapshot at:(t:1, i:0) file /home/runner/work/ozone/ozone/hadoop-ozone/integration-test/target/test-dir/MiniOzoneClusterImpl-37cf7816-8d03-4967-8f48-8c315ca58879/datanode-0/data/ratis/73cf64b5-0eae-4666-9a3a-cf2cf1c2d30a/sm/snapshot.1_0
2021-12-29 13:35:29,344 [Listener at 127.0.0.1/35453] INFO  server.RaftServer$Division (RaftServerImpl.java:lambda$close$4(412)) - c27593dc-118c-4b8f-a1b6-791b95aa201d@group-5B449A8528E9: shutdown
2021-12-29 13:35:29,344 [Listener at 127.0.0.1/35453] INFO  util.JmxRegister (JmxRegister.java:unregister(73)) - Successfully un-registered JMX Bean with object name Ratis:service=RaftServer,group=group-5B449A8528E9,id=c27593dc-118c-4b8f-a1b6-791b95aa201d
2021-12-29 13:35:29,344 [Listener at 127.0.0.1/35453] INFO  impl.RoleInfo (RoleInfo.java:shutdownLeaderState(91)) - c27593dc-118c-4b8f-a1b6-791b95aa201d: shutdown c27593dc-118c-4b8f-a1b6-791b95aa201d@group-5B449A8528E9-LeaderStateImpl
2021-12-29 13:35:29,344 [ec8d6e88-7dab-40d3-b5f4-362e80a98c5e@group-CF2CF1C2D30A-StateMachineUpdater] INFO  ratis.ContainerStateMachine (ContainerStateMachine.java:takeSnapshot(310)) - group-CF2CF1C2D30A: Finished taking a snapshot at:(t:1, i:0) file:/home/runner/work/ozone/ozone/hadoop-ozone/integration-test/target/test-dir/MiniOzoneClusterImpl-37cf7816-8d03-4967-8f48-8c315ca58879/datanode-0/data/ratis/73cf64b5-0eae-4666-9a3a-cf2cf1c2d30a/sm/snapshot.1_0 took: 1 ms
2021-12-29 13:35:29,344 [Listener at 127.0.0.1/35453] INFO  impl.PendingRequests (PendingRequests.java:sendNotLeaderResponses(282)) - c27593dc-118c-4b8f-a1b6-791b95aa201d@group-5B449A8528E9-PendingRequests: sendNotLeaderResponses
2021-12-29 13:35:29,344 [ec8d6e88-7dab-40d3-b5f4-362e80a98c5e@group-CF2CF1C2D30A-StateMachineUpdater] INFO  impl.StateMachineUpdater (StateMachineUpdater.java:takeSnapshot(281)) - ec8d6e88-7dab-40d3-b5f4-362e80a98c5e@group-CF2CF1C2D30A-StateMachineUpdater: Took a snapshot at index 0
2021-12-29 13:35:29,345 [c27593dc-118c-4b8f-a1b6-791b95aa201d@group-5B449A8528E9->338a2944-85be-4327-99ba-33562aaad680-GrpcLogAppender-LogAppenderDaemon] WARN  server.GrpcLogAppender (GrpcLogAppender.java:mayWait(177)) - c27593dc-118c-4b8f-a1b6-791b95aa201d@group-5B449A8528E9->338a2944-85be-4327-99ba-33562aaad680-GrpcLogAppender: Wait interrupted by java.lang.InterruptedException
2021-12-29 13:35:29,345 [ec8d6e88-7dab-40d3-b5f4-362e80a98c5e@group-CF2CF1C2D30A-StateMachineUpdater] INFO  impl.StateMachineUpdater (StateMachineUpdater.java:lambda$new$0(89)) - ec8d6e88-7dab-40d3-b5f4-362e80a98c5e@group-CF2CF1C2D30A-StateMachineUpdater: snapshotIndex: updateIncreasingly -1 -> 0
2021-12-29 13:35:29,345 [c27593dc-118c-4b8f-a1b6-791b95aa201d@group-5B449A8528E9->ec8d6e88-7dab-40d3-b5f4-362e80a98c5e-GrpcLogAppender-LogAppenderDaemon] WARN  server.GrpcLogAppender (GrpcLogAppender.java:mayWait(177)) - c27593dc-118c-4b8f-a1b6-791b95aa201d@group-5B449A8528E9->ec8d6e88-7dab-40d3-b5f4-362e80a98c5e-GrpcLogAppender: Wait interrupted by java.lang.InterruptedException
2021-12-29 13:35:29,345 [grpc-default-executor-1] INFO  server.GrpcServerProtocolService (GrpcServerProtocolService.java:onCompleted(140)) - 338a2944-85be-4327-99ba-33562aaad680: Completed APPEND_ENTRIES, lastRequest: c27593dc-118c-4b8f-a1b6-791b95aa201d->338a2944-85be-4327-99ba-33562aaad680#270-t2,previous=(t:2, i:27),leaderCommit=26,initializing? true,entries: size=1, first=(t:2, i:28), METADATAENTRY(c:26)
2021-12-29 13:35:29,346 [grpc-default-executor-0] INFO  server.GrpcServerProtocolService (GrpcServerProtocolService.java:onCompleted(140)) - ec8d6e88-7dab-40d3-b5f4-362e80a98c5e: Completed APPEND_ENTRIES, lastRequest: c27593dc-118c-4b8f-a1b6-791b95aa201d->ec8d6e88-7dab-40d3-b5f4-362e80a98c5e#261-t2,previous=(t:2, i:27),leaderCommit=26,initializing? true,entries: size=1, first=(t:2, i:28), METADATAENTRY(c:26)
2021-12-29 13:35:29,347 [grpc-default-executor-2] INFO  server.GrpcLogAppender (GrpcLogAppender.java:onCompleted(346)) - c27593dc-118c-4b8f-a1b6-791b95aa201d@group-5B449A8528E9->ec8d6e88-7dab-40d3-b5f4-362e80a98c5e-AppendLogResponseHandler: follower responses appendEntries COMPLETED
2021-12-29 13:35:29,347 [grpc-default-executor-2] INFO  leader.FollowerInfo (FollowerInfoImpl.java:lambda$new$0(47)) - c27593dc-118c-4b8f-a1b6-791b95aa201d@group-5B449A8528E9->ec8d6e88-7dab-40d3-b5f4-362e80a98c5e: nextIndex: updateUnconditionally 29 -> 28
2021-12-29 13:35:29,350 [grpc-default-executor-0] INFO  server.GrpcLogAppender (GrpcLogAppender.java:onCompleted(346)) - c27593dc-118c-4b8f-a1b6-791b95aa201d@group-5B449A8528E9->338a2944-85be-4327-99ba-33562aaad680-AppendLogResponseHandler: follower responses appendEntries COMPLETED
2021-12-29 13:35:29,350 [grpc-default-executor-0] INFO  leader.FollowerInfo (FollowerInfoImpl.java:lambda$new$0(47)) - c27593dc-118c-4b8f-a1b6-791b95aa201d@group-5B449A8528E9->338a2944-85be-4327-99ba-33562aaad680: nextIndex: updateUnconditionally 29 -> 28
2021-12-29 13:35:29,350 [ForkJoinPool.commonPool-worker-0] INFO  server.RaftServer$Division (ServerState.java:close(419)) - ec8d6e88-7dab-40d3-b5f4-362e80a98c5e@group-CF2CF1C2D30A: closes. applyIndex: 0
2021-12-29 13:35:29,350 [ec8d6e88-7dab-40d3-b5f4-362e80a98c5e@group-CF2CF1C2D30A-SegmentedRaftLogWorker] INFO  segmented.SegmentedRaftLogWorker (SegmentedRaftLogWorker.java:run(327)) - ec8d6e88-7dab-40d3-b5f4-362e80a98c5e@group-CF2CF1C2D30A-SegmentedRaftLogWorker was interrupted, exiting. There are 0 tasks remaining in the queue.
2021-12-29 13:35:29,350 [ForkJoinPool.commonPool-worker-0] INFO  segmented.SegmentedRaftLogWorker (SegmentedRaftLogWorker.java:close(237)) - ec8d6e88-7dab-40d3-b5f4-362e80a98c5e@group-CF2CF1C2D30A-SegmentedRaftLogWorker close()
2021-12-29 13:35:29,351 [ForkJoinPool.commonPool-worker-0] INFO  server.GrpcService (GrpcService.java:closeImpl(262)) - ec8d6e88-7dab-40d3-b5f4-362e80a98c5e: shutdown server with port 40805 now
2021-12-29 13:35:29,356 [Listener at 127.0.0.1/35453] INFO  impl.StateMachineUpdater (StateMachineUpdater.java:stopAndJoin(149)) - c27593dc-118c-4b8f-a1b6-791b95aa201d@group-5B449A8528E9-StateMachineUpdater: set stopIndex = 28
2021-12-29 13:35:29,357 [ForkJoinPool.commonPool-worker-0] INFO  server.GrpcService (GrpcService.java:closeImpl(271)) - ec8d6e88-7dab-40d3-b5f4-362e80a98c5e: shutdown server with port 40805 successfully
2021-12-29 13:35:29,357 [org.apache.ratis.util.JvmPauseMonitor$$Lambda$528/1712405372@44f7b8b1] INFO  util.JvmPauseMonitor (JvmPauseMonitor.java:run(109)) - JvmPauseMonitor-ec8d6e88-7dab-40d3-b5f4-362e80a98c5e: Stopped
2021-12-29 13:35:29,359 [c27593dc-118c-4b8f-a1b6-791b95aa201d@group-5B449A8528E9-StateMachineUpdater] INFO  ratis.ContainerStateMachine (ContainerStateMachine.java:takeSnapshot(299)) - group-5B449A8528E9: Taking a snapshot at:(t:2, i:28) file /home/runner/work/ozone/ozone/hadoop-ozone/integration-test/target/test-dir/MiniOzoneClusterImpl-37cf7816-8d03-4967-8f48-8c315ca58879/datanode-1/data/ratis/1dbb02f2-41a3-4191-9f44-5b449a8528e9/sm/snapshot.2_28
2021-12-29 13:35:29,361 [c27593dc-118c-4b8f-a1b6-791b95aa201d@group-5B449A8528E9-StateMachineUpdater] INFO  ratis.ContainerStateMachine (ContainerStateMachine.java:takeSnapshot(310)) - group-5B449A8528E9: Finished taking a snapshot at:(t:2, i:28) file:/home/runner/work/ozone/ozone/hadoop-ozone/integration-test/target/test-dir/MiniOzoneClusterImpl-37cf7816-8d03-4967-8f48-8c315ca58879/datanode-1/data/ratis/1dbb02f2-41a3-4191-9f44-5b449a8528e9/sm/snapshot.2_28 took: 1 ms
2021-12-29 13:35:29,361 [c27593dc-118c-4b8f-a1b6-791b95aa201d@group-5B449A8528E9-StateMachineUpdater] INFO  impl.StateMachineUpdater (StateMachineUpdater.java:takeSnapshot(281)) - c27593dc-118c-4b8f-a1b6-791b95aa201d@group-5B449A8528E9-StateMachineUpdater: Took a snapshot at index 28
2021-12-29 13:35:29,361 [c27593dc-118c-4b8f-a1b6-791b95aa201d@group-5B449A8528E9-StateMachineUpdater] INFO  impl.StateMachineUpdater (StateMachineUpdater.java:lambda$new$0(89)) - c27593dc-118c-4b8f-a1b6-791b95aa201d@group-5B449A8528E9-StateMachineUpdater: snapshotIndex: updateIncreasingly -1 -> 28
2021-12-29 13:35:29,364 [Listener at 127.0.0.1/35453] INFO  server.RaftServer$Division (ServerState.java:close(419)) - c27593dc-118c-4b8f-a1b6-791b95aa201d@group-5B449A8528E9: closes. applyIndex: 28
2021-12-29 13:35:29,364 [c27593dc-118c-4b8f-a1b6-791b95aa201d@group-5B449A8528E9-SegmentedRaftLogWorker] INFO  segmented.SegmentedRaftLogWorker (SegmentedRaftLogWorker.java:run(327)) - c27593dc-118c-4b8f-a1b6-791b95aa201d@group-5B449A8528E9-SegmentedRaftLogWorker was interrupted, exiting. There are 0 tasks remaining in the queue.
2021-12-29 13:35:29,364 [Listener at 127.0.0.1/35453] INFO  segmented.SegmentedRaftLogWorker (SegmentedRaftLogWorker.java:close(237)) - c27593dc-118c-4b8f-a1b6-791b95aa201d@group-5B449A8528E9-SegmentedRaftLogWorker close()
2021-12-29 13:35:29,370 [Listener at 127.0.0.1/35453] INFO  server.GrpcService (GrpcService.java:closeImpl(262)) - c27593dc-118c-4b8f-a1b6-791b95aa201d: shutdown server with port 43913 now
2021-12-29 13:35:29,382 [grpc-default-executor-0] WARN  client.GrpcClientProtocolService (LogUtils.java:warn(122)) - 1-UnorderedRequestStreamObserver1: onError: org.apache.ratis.thirdparty.io.grpc.StatusRuntimeException: CANCELLED: client cancelled
2021-12-29 13:35:29,389 [Listener at 127.0.0.1/35453] INFO  server.GrpcService (GrpcService.java:closeImpl(271)) - c27593dc-118c-4b8f-a1b6-791b95aa201d: shutdown server with port 43913 successfully
2021-12-29 13:35:29,394 [org.apache.ratis.util.JvmPauseMonitor$$Lambda$528/1712405372@6dba7ad9] INFO  util.JvmPauseMonitor (JvmPauseMonitor.java:run(109)) - JvmPauseMonitor-c27593dc-118c-4b8f-a1b6-791b95aa201d: Stopped
2021-12-29 13:35:31,380 [ForkJoinPool.commonPool-worker-0] INFO  utils.BackgroundService (BackgroundService.java:shutdown(132)) - Shutting down service BlockDeletingService
2021-12-29 13:35:31,401 [Listener at 127.0.0.1/35453] INFO  utils.BackgroundService (BackgroundService.java:shutdown(132)) - Shutting down service BlockDeletingService
2021-12-29 13:35:32,224 [338a2944-85be-4327-99ba-33562aaad680@group-C6BC184C74FE-FollowerState] INFO  impl.FollowerState (FollowerState.java:run(134)) - 338a2944-85be-4327-99ba-33562aaad680@group-C6BC184C74FE-FollowerState: change to CANDIDATE, lastRpcElapsedTime:5057479977ns, electionTimeout:5056ms
2021-12-29 13:35:32,224 [338a2944-85be-4327-99ba-33562aaad680@group-C6BC184C74FE-FollowerState] INFO  impl.RoleInfo (RoleInfo.java:shutdownFollowerState(108)) - 338a2944-85be-4327-99ba-33562aaad680: shutdown 338a2944-85be-4327-99ba-33562aaad680@group-C6BC184C74FE-FollowerState
2021-12-29 13:35:32,224 [338a2944-85be-4327-99ba-33562aaad680@group-C6BC184C74FE-FollowerState] INFO  server.RaftServer$Division (RaftServerImpl.java:setRole(290)) - 338a2944-85be-4327-99ba-33562aaad680@group-C6BC184C74FE: changes role from  FOLLOWER to CANDIDATE at term 5 for changeToCandidate
2021-12-29 13:35:32,224 [338a2944-85be-4327-99ba-33562aaad680@group-C6BC184C74FE-FollowerState] INFO  server.RaftServerConfigKeys (ConfUtils.java:logGet(44)) - raft.server.leaderelection.pre-vote = false (custom)
2021-12-29 13:35:32,224 [338a2944-85be-4327-99ba-33562aaad680@group-C6BC184C74FE-FollowerState] INFO  impl.RoleInfo (RoleInfo.java:updateAndGet(130)) - 338a2944-85be-4327-99ba-33562aaad680: start 338a2944-85be-4327-99ba-33562aaad680@group-C6BC184C74FE-LeaderElection26
2021-12-29 13:35:32,250 [338a2944-85be-4327-99ba-33562aaad680@group-C6BC184C74FE-LeaderElection26] INFO  impl.LeaderElection (LeaderElection.java:askForVotes(306)) - 338a2944-85be-4327-99ba-33562aaad680@group-C6BC184C74FE-LeaderElection26 ELECTION round 0: submit vote requests at term 6 for -1: [ec8d6e88-7dab-40d3-b5f4-362e80a98c5e|rpc:10.1.0.26:40805|dataStream:|priority:1, c27593dc-118c-4b8f-a1b6-791b95aa201d|rpc:10.1.0.26:43913|dataStream:|priority:0, 338a2944-85be-4327-99ba-33562aaad680|rpc:10.1.0.26:34795|dataStream:|priority:0], old=null
2021-12-29 13:35:32,290 [338a2944-85be-4327-99ba-33562aaad680@group-C6BC184C74FE-LeaderElection26] INFO  impl.LeaderElection (LogUtils.java:infoOrTrace(137)) - 338a2944-85be-4327-99ba-33562aaad680@group-C6BC184C74FE-LeaderElection26 got exception when requesting votes: java.util.concurrent.ExecutionException: org.apache.ratis.thirdparty.io.grpc.StatusRuntimeException: UNAVAILABLE: io exception
2021-12-29 13:35:32,303 [338a2944-85be-4327-99ba-33562aaad680@group-C6BC184C74FE-LeaderElection26] INFO  impl.LeaderElection (LogUtils.java:infoOrTrace(137)) - 338a2944-85be-4327-99ba-33562aaad680@group-C6BC184C74FE-LeaderElection26 got exception when requesting votes: java.util.concurrent.ExecutionException: org.apache.ratis.thirdparty.io.grpc.StatusRuntimeException: UNAVAILABLE: io exception
2021-12-29 13:35:32,303 [338a2944-85be-4327-99ba-33562aaad680@group-C6BC184C74FE-LeaderElection26] INFO  impl.LeaderElection (LeaderElection.java:logAndReturn(89)) - 338a2944-85be-4327-99ba-33562aaad680@group-C6BC184C74FE-LeaderElection26: ELECTION REJECTED received 0 response(s) and 2 exception(s):
2021-12-29 13:35:32,303 [338a2944-85be-4327-99ba-33562aaad680@group-C6BC184C74FE-LeaderElection26] INFO  impl.LeaderElection (LogUtils.java:infoOrTrace(137)) -   Exception 0: java.util.concurrent.ExecutionException: org.apache.ratis.thirdparty.io.grpc.StatusRuntimeException: UNAVAILABLE: io exception
2021-12-29 13:35:32,303 [338a2944-85be-4327-99ba-33562aaad680@group-C6BC184C74FE-LeaderElection26] INFO  impl.LeaderElection (LogUtils.java:infoOrTrace(137)) -   Exception 1: java.util.concurrent.ExecutionException: org.apache.ratis.thirdparty.io.grpc.StatusRuntimeException: UNAVAILABLE: io exception
2021-12-29 13:35:32,303 [338a2944-85be-4327-99ba-33562aaad680@group-C6BC184C74FE-LeaderElection26] INFO  impl.LeaderElection (LeaderElection.java:askForVotes(308)) - 338a2944-85be-4327-99ba-33562aaad680@group-C6BC184C74FE-LeaderElection26 ELECTION round 0: result REJECTED
2021-12-29 13:35:32,303 [338a2944-85be-4327-99ba-33562aaad680@group-C6BC184C74FE-LeaderElection26] INFO  server.RaftServer$Division (RaftServerImpl.java:setRole(290)) - 338a2944-85be-4327-99ba-33562aaad680@group-C6BC184C74FE: changes role from CANDIDATE to FOLLOWER at term 6 for REJECTED
2021-12-29 13:35:32,304 [338a2944-85be-4327-99ba-33562aaad680@group-C6BC184C74FE-LeaderElection26] INFO  impl.RoleInfo (RoleInfo.java:shutdownLeaderElection(121)) - 338a2944-85be-4327-99ba-33562aaad680: shutdown 338a2944-85be-4327-99ba-33562aaad680@group-C6BC184C74FE-LeaderElection26
2021-12-29 13:35:32,304 [338a2944-85be-4327-99ba-33562aaad680@group-C6BC184C74FE-LeaderElection26] INFO  impl.RoleInfo (RoleInfo.java:updateAndGet(130)) - 338a2944-85be-4327-99ba-33562aaad680: start 338a2944-85be-4327-99ba-33562aaad680@group-C6BC184C74FE-FollowerState
2021-12-29 13:35:34,389 [ForkJoinPool.commonPool-worker-0] INFO  statemachine.DatanodeStateMachine (DatanodeStateMachine.java:stopDaemon(526)) - Ozone container server stopped.
2021-12-29 13:35:34,394 [ForkJoinPool.commonPool-worker-0] INFO  handler.ContextHandler (ContextHandler.java:doStop(1153)) - Stopped o.e.j.w.WebAppContext@71577b6b{hddsDatanode,/,null,STOPPED}{jar:file:/home/runner/.m2/repository/org/apache/ozone/hdds-container-service/1.3.0-SNAPSHOT/hdds-container-service-1.3.0-SNAPSHOT.jar!/webapps/hddsDatanode}
2021-12-29 13:35:34,394 [ForkJoinPool.commonPool-worker-0] INFO  server.AbstractConnector (AbstractConnector.java:doStop(381)) - Stopped ServerConnector@480318c2{HTTP/1.1, (http/1.1)}{0.0.0.0:0}
2021-12-29 13:35:34,394 [ForkJoinPool.commonPool-worker-0] INFO  server.session (HouseKeeper.java:stopScavenging(149)) - node0 Stopped scavenging
2021-12-29 13:35:34,396 [ForkJoinPool.commonPool-worker-0] INFO  handler.ContextHandler (ContextHandler.java:doStop(1153)) - Stopped o.e.j.s.ServletContextHandler@3b621547{static,/static,jar:file:/home/runner/.m2/repository/org/apache/ozone/hdds-container-service/1.3.0-SNAPSHOT/hdds-container-service-1.3.0-SNAPSHOT.jar!/webapps/static,STOPPED}
2021-12-29 13:35:34,396 [ForkJoinPool.commonPool-worker-0] INFO  handler.ContextHandler (ContextHandler.java:doStop(1153)) - Stopped o.e.j.s.ServletContextHandler@36fc61b{logs,/logs,file:///home/runner/work/ozone/ozone/hadoop-ozone/integration-test/target/log,STOPPED}
2021-12-29 13:35:34,407 [Listener at 127.0.0.1/35453] INFO  statemachine.DatanodeStateMachine (DatanodeStateMachine.java:stopDaemon(526)) - Ozone container server stopped.
2021-12-29 13:35:34,407 [Listener at 127.0.0.1/35453] INFO  handler.ContextHandler (ContextHandler.java:doStop(1153)) - Stopped o.e.j.w.WebAppContext@63c75a30{hddsDatanode,/,null,STOPPED}{jar:file:/home/runner/.m2/repository/org/apache/ozone/hdds-container-service/1.3.0-SNAPSHOT/hdds-container-service-1.3.0-SNAPSHOT.jar!/webapps/hddsDatanode}
2021-12-29 13:35:34,408 [Listener at 127.0.0.1/35453] INFO  server.AbstractConnector (AbstractConnector.java:doStop(381)) - Stopped ServerConnector@892731c{HTTP/1.1, (http/1.1)}{0.0.0.0:0}
2021-12-29 13:35:34,408 [Listener at 127.0.0.1/35453] INFO  server.session (HouseKeeper.java:stopScavenging(149)) - node0 Stopped scavenging
2021-12-29 13:35:34,408 [Listener at 127.0.0.1/35453] INFO  handler.ContextHandler (ContextHandler.java:doStop(1153)) - Stopped o.e.j.s.ServletContextHandler@289d9ec0{static,/static,jar:file:/home/runner/.m2/repository/org/apache/ozone/hdds-container-service/1.3.0-SNAPSHOT/hdds-container-service-1.3.0-SNAPSHOT.jar!/webapps/static,STOPPED}
2021-12-29 13:35:34,409 [Listener at 127.0.0.1/35453] INFO  handler.ContextHandler (ContextHandler.java:doStop(1153)) - Stopped o.e.j.s.ServletContextHandler@40107752{logs,/logs,file:///home/runner/work/ozone/ozone/hadoop-ozone/integration-test/target/log,STOPPED}
2021-12-29 13:35:37,111 [338a2944-85be-4327-99ba-33562aaad680@group-5B449A8528E9-FollowerState] INFO  impl.FollowerState (FollowerState.java:run(134)) - 338a2944-85be-4327-99ba-33562aaad680@group-5B449A8528E9-FollowerState: change to CANDIDATE, lastRpcElapsedTime:9415256342ns, electionTimeout:5134ms
2021-12-29 13:35:37,111 [338a2944-85be-4327-99ba-33562aaad680@group-5B449A8528E9-FollowerState] INFO  impl.RoleInfo (RoleInfo.java:shutdownFollowerState(108)) - 338a2944-85be-4327-99ba-33562aaad680: shutdown 338a2944-85be-4327-99ba-33562aaad680@group-5B449A8528E9-FollowerState
2021-12-29 13:35:37,112 [338a2944-85be-4327-99ba-33562aaad680@group-5B449A8528E9-FollowerState] INFO  server.RaftServer$Division (RaftServerImpl.java:setRole(290)) - 338a2944-85be-4327-99ba-33562aaad680@group-5B449A8528E9: changes role from  FOLLOWER to CANDIDATE at term 2 for changeToCandidate
2021-12-29 13:35:37,112 [338a2944-85be-4327-99ba-33562aaad680@group-5B449A8528E9-FollowerState] INFO  server.RaftServerConfigKeys (ConfUtils.java:logGet(44)) - raft.server.leaderelection.pre-vote = false (custom)
2021-12-29 13:35:37,112 [338a2944-85be-4327-99ba-33562aaad680@group-5B449A8528E9-FollowerState] INFO  impl.RoleInfo (RoleInfo.java:updateAndGet(130)) - 338a2944-85be-4327-99ba-33562aaad680: start 338a2944-85be-4327-99ba-33562aaad680@group-5B449A8528E9-LeaderElection27
2021-12-29 13:35:37,125 [338a2944-85be-4327-99ba-33562aaad680@group-5B449A8528E9-LeaderElection27] INFO  server.RaftServer$Division (ServerState.java:setLeader(285)) - 338a2944-85be-4327-99ba-33562aaad680@group-5B449A8528E9: change Leader from c27593dc-118c-4b8f-a1b6-791b95aa201d to null at term 2 for ELECTION
2021-12-29 13:35:37,129 [338a2944-85be-4327-99ba-33562aaad680@group-5B449A8528E9-LeaderElection27] INFO  impl.LeaderElection (LeaderElection.java:askForVotes(306)) - 338a2944-85be-4327-99ba-33562aaad680@group-5B449A8528E9-LeaderElection27 ELECTION round 0: submit vote requests at term 3 for 0: [ec8d6e88-7dab-40d3-b5f4-362e80a98c5e|rpc:10.1.0.26:40805|dataStream:|priority:0, c27593dc-118c-4b8f-a1b6-791b95aa201d|rpc:10.1.0.26:43913|dataStream:|priority:1, 338a2944-85be-4327-99ba-33562aaad680|rpc:10.1.0.26:34795|dataStream:|priority:0], old=null
2021-12-29 13:35:37,130 [338a2944-85be-4327-99ba-33562aaad680@group-5B449A8528E9-LeaderElection27] INFO  impl.LeaderElection (LogUtils.java:infoOrTrace(137)) - 338a2944-85be-4327-99ba-33562aaad680@group-5B449A8528E9-LeaderElection27 got exception when requesting votes: java.util.concurrent.ExecutionException: org.apache.ratis.thirdparty.io.grpc.StatusRuntimeException: UNAVAILABLE: io exception
2021-12-29 13:35:37,131 [338a2944-85be-4327-99ba-33562aaad680@group-5B449A8528E9-LeaderElection27] INFO  impl.LeaderElection (LogUtils.java:infoOrTrace(137)) - 338a2944-85be-4327-99ba-33562aaad680@group-5B449A8528E9-LeaderElection27 got exception when requesting votes: java.util.concurrent.ExecutionException: org.apache.ratis.thirdparty.io.grpc.StatusRuntimeException: UNAVAILABLE: io exception
2021-12-29 13:35:37,131 [338a2944-85be-4327-99ba-33562aaad680@group-5B449A8528E9-LeaderElection27] INFO  impl.LeaderElection (LeaderElection.java:logAndReturn(89)) - 338a2944-85be-4327-99ba-33562aaad680@group-5B449A8528E9-LeaderElection27: ELECTION REJECTED received 0 response(s) and 2 exception(s):
2021-12-29 13:35:37,131 [338a2944-85be-4327-99ba-33562aaad680@group-5B449A8528E9-LeaderElection27] INFO  impl.LeaderElection (LogUtils.java:infoOrTrace(137)) -   Exception 0: java.util.concurrent.ExecutionException: org.apache.ratis.thirdparty.io.grpc.StatusRuntimeException: UNAVAILABLE: io exception
2021-12-29 13:35:37,131 [338a2944-85be-4327-99ba-33562aaad680@group-5B449A8528E9-LeaderElection27] INFO  impl.LeaderElection (LogUtils.java:infoOrTrace(137)) -   Exception 1: java.util.concurrent.ExecutionException: org.apache.ratis.thirdparty.io.grpc.StatusRuntimeException: UNAVAILABLE: io exception
2021-12-29 13:35:37,131 [338a2944-85be-4327-99ba-33562aaad680@group-5B449A8528E9-LeaderElection27] INFO  impl.LeaderElection (LeaderElection.java:askForVotes(308)) - 338a2944-85be-4327-99ba-33562aaad680@group-5B449A8528E9-LeaderElection27 ELECTION round 0: result REJECTED
2021-12-29 13:35:37,131 [338a2944-85be-4327-99ba-33562aaad680@group-5B449A8528E9-LeaderElection27] INFO  server.RaftServer$Division (RaftServerImpl.java:setRole(290)) - 338a2944-85be-4327-99ba-33562aaad680@group-5B449A8528E9: changes role from CANDIDATE to FOLLOWER at term 3 for REJECTED
2021-12-29 13:35:37,131 [338a2944-85be-4327-99ba-33562aaad680@group-5B449A8528E9-LeaderElection27] INFO  impl.RoleInfo (RoleInfo.java:shutdownLeaderElection(121)) - 338a2944-85be-4327-99ba-33562aaad680: shutdown 338a2944-85be-4327-99ba-33562aaad680@group-5B449A8528E9-LeaderElection27
2021-12-29 13:35:37,131 [338a2944-85be-4327-99ba-33562aaad680@group-5B449A8528E9-LeaderElection27] INFO  impl.RoleInfo (RoleInfo.java:updateAndGet(130)) - 338a2944-85be-4327-99ba-33562aaad680: start 338a2944-85be-4327-99ba-33562aaad680@group-5B449A8528E9-FollowerState
2021-12-29 13:35:37,501 [338a2944-85be-4327-99ba-33562aaad680@group-C6BC184C74FE-FollowerState] INFO  impl.FollowerState (FollowerState.java:run(134)) - 338a2944-85be-4327-99ba-33562aaad680@group-C6BC184C74FE-FollowerState: change to CANDIDATE, lastRpcElapsedTime:5197151377ns, electionTimeout:5194ms
2021-12-29 13:35:37,501 [338a2944-85be-4327-99ba-33562aaad680@group-C6BC184C74FE-FollowerState] INFO  impl.RoleInfo (RoleInfo.java:shutdownFollowerState(108)) - 338a2944-85be-4327-99ba-33562aaad680: shutdown 338a2944-85be-4327-99ba-33562aaad680@group-C6BC184C74FE-FollowerState
2021-12-29 13:35:37,501 [338a2944-85be-4327-99ba-33562aaad680@group-C6BC184C74FE-FollowerState] INFO  server.RaftServer$Division (RaftServerImpl.java:setRole(290)) - 338a2944-85be-4327-99ba-33562aaad680@group-C6BC184C74FE: changes role from  FOLLOWER to CANDIDATE at term 6 for changeToCandidate
2021-12-29 13:35:37,501 [338a2944-85be-4327-99ba-33562aaad680@group-C6BC184C74FE-FollowerState] INFO  server.RaftServerConfigKeys (ConfUtils.java:logGet(44)) - raft.server.leaderelection.pre-vote = false (custom)
2021-12-29 13:35:37,501 [338a2944-85be-4327-99ba-33562aaad680@group-C6BC184C74FE-FollowerState] INFO  impl.RoleInfo (RoleInfo.java:updateAndGet(130)) - 338a2944-85be-4327-99ba-33562aaad680: start 338a2944-85be-4327-99ba-33562aaad680@group-C6BC184C74FE-LeaderElection28
2021-12-29 13:35:37,520 [338a2944-85be-4327-99ba-33562aaad680@group-C6BC184C74FE-LeaderElection28] INFO  impl.LeaderElection (LeaderElection.java:askForVotes(306)) - 338a2944-85be-4327-99ba-33562aaad680@group-C6BC184C74FE-LeaderElection28 ELECTION round 0: submit vote requests at term 7 for -1: [ec8d6e88-7dab-40d3-b5f4-362e80a98c5e|rpc:10.1.0.26:40805|dataStream:|priority:1, c27593dc-118c-4b8f-a1b6-791b95aa201d|rpc:10.1.0.26:43913|dataStream:|priority:0, 338a2944-85be-4327-99ba-33562aaad680|rpc:10.1.0.26:34795|dataStream:|priority:0], old=null
2021-12-29 13:35:37,521 [338a2944-85be-4327-99ba-33562aaad680@group-C6BC184C74FE-LeaderElection28] INFO  impl.LeaderElection (LogUtils.java:infoOrTrace(137)) - 338a2944-85be-4327-99ba-33562aaad680@group-C6BC184C74FE-LeaderElection28 got exception when requesting votes: java.util.concurrent.ExecutionException: org.apache.ratis.thirdparty.io.grpc.StatusRuntimeException: UNAVAILABLE: io exception
2021-12-29 13:35:37,522 [338a2944-85be-4327-99ba-33562aaad680@group-C6BC184C74FE-LeaderElection28] INFO  impl.LeaderElection (LogUtils.java:infoOrTrace(137)) - 338a2944-85be-4327-99ba-33562aaad680@group-C6BC184C74FE-LeaderElection28 got exception when requesting votes: java.util.concurrent.ExecutionException: org.apache.ratis.thirdparty.io.grpc.StatusRuntimeException: UNAVAILABLE: io exception
2021-12-29 13:35:37,522 [338a2944-85be-4327-99ba-33562aaad680@group-C6BC184C74FE-LeaderElection28] INFO  impl.LeaderElection (LeaderElection.java:logAndReturn(89)) - 338a2944-85be-4327-99ba-33562aaad680@group-C6BC184C74FE-LeaderElection28: ELECTION REJECTED received 0 response(s) and 2 exception(s):
2021-12-29 13:35:37,522 [338a2944-85be-4327-99ba-33562aaad680@group-C6BC184C74FE-LeaderElection28] INFO  impl.LeaderElection (LogUtils.java:infoOrTrace(137)) -   Exception 0: java.util.concurrent.ExecutionException: org.apache.ratis.thirdparty.io.grpc.StatusRuntimeException: UNAVAILABLE: io exception
2021-12-29 13:35:37,522 [338a2944-85be-4327-99ba-33562aaad680@group-C6BC184C74FE-LeaderElection28] INFO  impl.LeaderElection (LogUtils.java:infoOrTrace(137)) -   Exception 1: java.util.concurrent.ExecutionException: org.apache.ratis.thirdparty.io.grpc.StatusRuntimeException: UNAVAILABLE: io exception
2021-12-29 13:35:37,522 [338a2944-85be-4327-99ba-33562aaad680@group-C6BC184C74FE-LeaderElection28] INFO  impl.LeaderElection (LeaderElection.java:askForVotes(308)) - 338a2944-85be-4327-99ba-33562aaad680@group-C6BC184C74FE-LeaderElection28 ELECTION round 0: result REJECTED
2021-12-29 13:35:37,522 [338a2944-85be-4327-99ba-33562aaad680@group-C6BC184C74FE-LeaderElection28] INFO  server.RaftServer$Division (RaftServerImpl.java:setRole(290)) - 338a2944-85be-4327-99ba-33562aaad680@group-C6BC184C74FE: changes role from CANDIDATE to FOLLOWER at term 7 for REJECTED
2021-12-29 13:35:37,522 [338a2944-85be-4327-99ba-33562aaad680@group-C6BC184C74FE-LeaderElection28] INFO  impl.RoleInfo (RoleInfo.java:shutdownLeaderElection(121)) - 338a2944-85be-4327-99ba-33562aaad680: shutdown 338a2944-85be-4327-99ba-33562aaad680@group-C6BC184C74FE-LeaderElection28
2021-12-29 13:35:37,522 [338a2944-85be-4327-99ba-33562aaad680@group-C6BC184C74FE-LeaderElection28] INFO  impl.RoleInfo (RoleInfo.java:updateAndGet(130)) - 338a2944-85be-4327-99ba-33562aaad680: start 338a2944-85be-4327-99ba-33562aaad680@group-C6BC184C74FE-FollowerState
2021-12-29 13:35:39,406 [ForkJoinPool.commonPool-worker-0] INFO  ozoneimpl.OzoneContainer (OzoneContainer.java:stop(336)) - Attempting to stop container services.
2021-12-29 13:35:39,407 [ForkJoinPool.commonPool-worker-0] INFO  server.RaftServer (RaftServerProxy.java:lambda$close$6(391)) - 338a2944-85be-4327-99ba-33562aaad680: close
2021-12-29 13:35:39,407 [ForkJoinPool.commonPool-worker-0] INFO  server.RaftServer$Division (RaftServerImpl.java:lambda$close$4(412)) - 338a2944-85be-4327-99ba-33562aaad680@group-C6BC184C74FE: shutdown
2021-12-29 13:35:39,407 [ForkJoinPool.commonPool-worker-0] INFO  util.JmxRegister (JmxRegister.java:unregister(73)) - Successfully un-registered JMX Bean with object name Ratis:service=RaftServer,group=group-C6BC184C74FE,id=338a2944-85be-4327-99ba-33562aaad680
2021-12-29 13:35:39,407 [ForkJoinPool.commonPool-worker-0] INFO  impl.RoleInfo (RoleInfo.java:shutdownFollowerState(108)) - 338a2944-85be-4327-99ba-33562aaad680: shutdown 338a2944-85be-4327-99ba-33562aaad680@group-C6BC184C74FE-FollowerState
2021-12-29 13:35:39,407 [ForkJoinPool.commonPool-worker-0] INFO  impl.StateMachineUpdater (StateMachineUpdater.java:stopAndJoin(149)) - 338a2944-85be-4327-99ba-33562aaad680@group-C6BC184C74FE-StateMachineUpdater: set stopIndex = -1
2021-12-29 13:35:39,407 [338a2944-85be-4327-99ba-33562aaad680@group-C6BC184C74FE-FollowerState] INFO  impl.FollowerState (FollowerState.java:run(143)) - 338a2944-85be-4327-99ba-33562aaad680@group-C6BC184C74FE-FollowerState was interrupted: {}
java.lang.InterruptedException: sleep interrupted
	at java.lang.Thread.sleep(Native Method)
	at java.lang.Thread.sleep(Thread.java:340)
	at java.util.concurrent.TimeUnit.sleep(TimeUnit.java:386)
	at org.apache.ratis.util.TimeDuration.sleep(TimeDuration.java:324)
	at org.apache.ratis.util.TimeDuration.sleep(TimeDuration.java:309)
	at org.apache.ratis.server.impl.FollowerState.run(FollowerState.java:118)
2021-12-29 13:35:39,415 [ForkJoinPool.commonPool-worker-0] INFO  server.RaftServer$Division (ServerState.java:close(419)) - 338a2944-85be-4327-99ba-33562aaad680@group-C6BC184C74FE: closes. applyIndex: -1
2021-12-29 13:35:39,415 [338a2944-85be-4327-99ba-33562aaad680@group-C6BC184C74FE-SegmentedRaftLogWorker] INFO  segmented.SegmentedRaftLogWorker (SegmentedRaftLogWorker.java:run(327)) - 338a2944-85be-4327-99ba-33562aaad680@group-C6BC184C74FE-SegmentedRaftLogWorker was interrupted, exiting. There are 0 tasks remaining in the queue.
2021-12-29 13:35:39,415 [ForkJoinPool.commonPool-worker-0] INFO  segmented.SegmentedRaftLogWorker (SegmentedRaftLogWorker.java:close(237)) - 338a2944-85be-4327-99ba-33562aaad680@group-C6BC184C74FE-SegmentedRaftLogWorker close()
2021-12-29 13:35:39,416 [ForkJoinPool.commonPool-worker-0] INFO  server.RaftServer$Division (RaftServerImpl.java:lambda$close$4(412)) - 338a2944-85be-4327-99ba-33562aaad680@group-5B449A8528E9: shutdown
2021-12-29 13:35:39,416 [ForkJoinPool.commonPool-worker-0] INFO  util.JmxRegister (JmxRegister.java:unregister(73)) - Successfully un-registered JMX Bean with object name Ratis:service=RaftServer,group=group-5B449A8528E9,id=338a2944-85be-4327-99ba-33562aaad680
2021-12-29 13:35:39,416 [ForkJoinPool.commonPool-worker-0] INFO  impl.RoleInfo (RoleInfo.java:shutdownFollowerState(108)) - 338a2944-85be-4327-99ba-33562aaad680: shutdown 338a2944-85be-4327-99ba-33562aaad680@group-5B449A8528E9-FollowerState
2021-12-29 13:35:39,416 [ForkJoinPool.commonPool-worker-0] INFO  impl.StateMachineUpdater (StateMachineUpdater.java:stopAndJoin(149)) - 338a2944-85be-4327-99ba-33562aaad680@group-5B449A8528E9-StateMachineUpdater: set stopIndex = 28
2021-12-29 13:35:39,417 [338a2944-85be-4327-99ba-33562aaad680@group-5B449A8528E9-FollowerState] INFO  impl.FollowerState (FollowerState.java:run(143)) - 338a2944-85be-4327-99ba-33562aaad680@group-5B449A8528E9-FollowerState was interrupted: {}
java.lang.InterruptedException: sleep interrupted
	at java.lang.Thread.sleep(Native Method)
	at java.lang.Thread.sleep(Thread.java:340)
	at java.util.concurrent.TimeUnit.sleep(TimeUnit.java:386)
	at org.apache.ratis.util.TimeDuration.sleep(TimeDuration.java:324)
	at org.apache.ratis.util.TimeDuration.sleep(TimeDuration.java:309)
	at org.apache.ratis.server.impl.FollowerState.run(FollowerState.java:118)
2021-12-29 13:35:39,417 [338a2944-85be-4327-99ba-33562aaad680@group-5B449A8528E9-StateMachineUpdater] INFO  ratis.ContainerStateMachine (ContainerStateMachine.java:takeSnapshot(299)) - group-5B449A8528E9: Taking a snapshot at:(t:2, i:28) file /home/runner/work/ozone/ozone/hadoop-ozone/integration-test/target/test-dir/MiniOzoneClusterImpl-37cf7816-8d03-4967-8f48-8c315ca58879/datanode-2/data/ratis/1dbb02f2-41a3-4191-9f44-5b449a8528e9/sm/snapshot.2_28
2021-12-29 13:35:39,422 [338a2944-85be-4327-99ba-33562aaad680@group-5B449A8528E9-StateMachineUpdater] INFO  ratis.ContainerStateMachine (ContainerStateMachine.java:takeSnapshot(310)) - group-5B449A8528E9: Finished taking a snapshot at:(t:2, i:28) file:/home/runner/work/ozone/ozone/hadoop-ozone/integration-test/target/test-dir/MiniOzoneClusterImpl-37cf7816-8d03-4967-8f48-8c315ca58879/datanode-2/data/ratis/1dbb02f2-41a3-4191-9f44-5b449a8528e9/sm/snapshot.2_28 took: 5 ms
2021-12-29 13:35:39,423 [338a2944-85be-4327-99ba-33562aaad680@group-5B449A8528E9-StateMachineUpdater] INFO  impl.StateMachineUpdater (StateMachineUpdater.java:takeSnapshot(281)) - 338a2944-85be-4327-99ba-33562aaad680@group-5B449A8528E9-StateMachineUpdater: Took a snapshot at index 28
2021-12-29 13:35:39,423 [338a2944-85be-4327-99ba-33562aaad680@group-5B449A8528E9-StateMachineUpdater] INFO  impl.StateMachineUpdater (StateMachineUpdater.java:lambda$new$0(89)) - 338a2944-85be-4327-99ba-33562aaad680@group-5B449A8528E9-StateMachineUpdater: snapshotIndex: updateIncreasingly -1 -> 28
2021-12-29 13:35:39,426 [ForkJoinPool.commonPool-worker-0] INFO  server.RaftServer$Division (ServerState.java:close(419)) - 338a2944-85be-4327-99ba-33562aaad680@group-5B449A8528E9: closes. applyIndex: 28
2021-12-29 13:35:39,426 [338a2944-85be-4327-99ba-33562aaad680@group-5B449A8528E9-SegmentedRaftLogWorker] INFO  segmented.SegmentedRaftLogWorker (SegmentedRaftLogWorker.java:run(327)) - 338a2944-85be-4327-99ba-33562aaad680@group-5B449A8528E9-SegmentedRaftLogWorker was interrupted, exiting. There are 0 tasks remaining in the queue.
2021-12-29 13:35:39,426 [ForkJoinPool.commonPool-worker-0] INFO  segmented.SegmentedRaftLogWorker (SegmentedRaftLogWorker.java:close(237)) - 338a2944-85be-4327-99ba-33562aaad680@group-5B449A8528E9-SegmentedRaftLogWorker close()
2021-12-29 13:35:39,427 [ForkJoinPool.commonPool-worker-0] INFO  server.RaftServer$Division (RaftServerImpl.java:lambda$close$4(412)) - 338a2944-85be-4327-99ba-33562aaad680@group-F4BCE9AB4AC0: shutdown
2021-12-29 13:35:39,427 [ForkJoinPool.commonPool-worker-0] INFO  util.JmxRegister (JmxRegister.java:unregister(73)) - Successfully un-registered JMX Bean with object name Ratis:service=RaftServer,group=group-F4BCE9AB4AC0,id=338a2944-85be-4327-99ba-33562aaad680
2021-12-29 13:35:39,427 [ForkJoinPool.commonPool-worker-0] INFO  impl.RoleInfo (RoleInfo.java:shutdownLeaderState(91)) - 338a2944-85be-4327-99ba-33562aaad680: shutdown 338a2944-85be-4327-99ba-33562aaad680@group-F4BCE9AB4AC0-LeaderStateImpl
2021-12-29 13:35:39,427 [ForkJoinPool.commonPool-worker-0] INFO  impl.PendingRequests (PendingRequests.java:sendNotLeaderResponses(282)) - 338a2944-85be-4327-99ba-33562aaad680@group-F4BCE9AB4AC0-PendingRequests: sendNotLeaderResponses
2021-12-29 13:35:39,428 [ForkJoinPool.commonPool-worker-0] INFO  impl.StateMachineUpdater (StateMachineUpdater.java:stopAndJoin(149)) - 338a2944-85be-4327-99ba-33562aaad680@group-F4BCE9AB4AC0-StateMachineUpdater: set stopIndex = 0
2021-12-29 13:35:39,428 [338a2944-85be-4327-99ba-33562aaad680@group-F4BCE9AB4AC0-StateMachineUpdater] INFO  ratis.ContainerStateMachine (ContainerStateMachine.java:takeSnapshot(299)) - group-F4BCE9AB4AC0: Taking a snapshot at:(t:1, i:0) file /home/runner/work/ozone/ozone/hadoop-ozone/integration-test/target/test-dir/MiniOzoneClusterImpl-37cf7816-8d03-4967-8f48-8c315ca58879/datanode-2/data/ratis/d3fdacd0-ec93-4aea-8a7a-f4bce9ab4ac0/sm/snapshot.1_0
2021-12-29 13:35:39,429 [338a2944-85be-4327-99ba-33562aaad680@group-F4BCE9AB4AC0-StateMachineUpdater] INFO  ratis.ContainerStateMachine (ContainerStateMachine.java:takeSnapshot(310)) - group-F4BCE9AB4AC0: Finished taking a snapshot at:(t:1, i:0) file:/home/runner/work/ozone/ozone/hadoop-ozone/integration-test/target/test-dir/MiniOzoneClusterImpl-37cf7816-8d03-4967-8f48-8c315ca58879/datanode-2/data/ratis/d3fdacd0-ec93-4aea-8a7a-f4bce9ab4ac0/sm/snapshot.1_0 took: 1 ms
2021-12-29 13:35:39,429 [338a2944-85be-4327-99ba-33562aaad680@group-F4BCE9AB4AC0-StateMachineUpdater] INFO  impl.StateMachineUpdater (StateMachineUpdater.java:takeSnapshot(281)) - 338a2944-85be-4327-99ba-33562aaad680@group-F4BCE9AB4AC0-StateMachineUpdater: Took a snapshot at index 0
2021-12-29 13:35:39,429 [338a2944-85be-4327-99ba-33562aaad680@group-F4BCE9AB4AC0-StateMachineUpdater] INFO  impl.StateMachineUpdater (StateMachineUpdater.java:lambda$new$0(89)) - 338a2944-85be-4327-99ba-33562aaad680@group-F4BCE9AB4AC0-StateMachineUpdater: snapshotIndex: updateIncreasingly -1 -> 0
2021-12-29 13:35:39,429 [ForkJoinPool.commonPool-worker-0] INFO  server.RaftServer$Division (ServerState.java:close(419)) - 338a2944-85be-4327-99ba-33562aaad680@group-F4BCE9AB4AC0: closes. applyIndex: 0
2021-12-29 13:35:39,429 [338a2944-85be-4327-99ba-33562aaad680@group-F4BCE9AB4AC0-SegmentedRaftLogWorker] INFO  segmented.SegmentedRaftLogWorker (SegmentedRaftLogWorker.java:run(327)) - 338a2944-85be-4327-99ba-33562aaad680@group-F4BCE9AB4AC0-SegmentedRaftLogWorker was interrupted, exiting. There are 0 tasks remaining in the queue.
2021-12-29 13:35:39,430 [ForkJoinPool.commonPool-worker-0] INFO  segmented.SegmentedRaftLogWorker (SegmentedRaftLogWorker.java:close(237)) - 338a2944-85be-4327-99ba-33562aaad680@group-F4BCE9AB4AC0-SegmentedRaftLogWorker close()
2021-12-29 13:35:39,433 [ForkJoinPool.commonPool-worker-0] INFO  server.GrpcService (GrpcService.java:closeImpl(262)) - 338a2944-85be-4327-99ba-33562aaad680: shutdown server with port 34795 now
2021-12-29 13:35:39,441 [ForkJoinPool.commonPool-worker-0] INFO  server.GrpcService (GrpcService.java:closeImpl(271)) - 338a2944-85be-4327-99ba-33562aaad680: shutdown server with port 34795 successfully
2021-12-29 13:35:39,441 [org.apache.ratis.util.JvmPauseMonitor$$Lambda$528/1712405372@522e9860] INFO  util.JvmPauseMonitor (JvmPauseMonitor.java:run(109)) - JvmPauseMonitor-338a2944-85be-4327-99ba-33562aaad680: Stopped
2021-12-29 13:35:41,479 [ForkJoinPool.commonPool-worker-0] INFO  utils.BackgroundService (BackgroundService.java:shutdown(132)) - Shutting down service BlockDeletingService
2021-12-29 13:35:44,488 [ForkJoinPool.commonPool-worker-0] INFO  statemachine.DatanodeStateMachine (DatanodeStateMachine.java:stopDaemon(526)) - Ozone container server stopped.
2021-12-29 13:35:44,490 [ForkJoinPool.commonPool-worker-0] INFO  handler.ContextHandler (ContextHandler.java:doStop(1153)) - Stopped o.e.j.w.WebAppContext@53517736{hddsDatanode,/,null,STOPPED}{jar:file:/home/runner/.m2/repository/org/apache/ozone/hdds-container-service/1.3.0-SNAPSHOT/hdds-container-service-1.3.0-SNAPSHOT.jar!/webapps/hddsDatanode}
2021-12-29 13:35:44,491 [ForkJoinPool.commonPool-worker-0] INFO  server.AbstractConnector (AbstractConnector.java:doStop(381)) - Stopped ServerConnector@4b26a938{HTTP/1.1, (http/1.1)}{0.0.0.0:0}
2021-12-29 13:35:44,491 [ForkJoinPool.commonPool-worker-0] INFO  server.session (HouseKeeper.java:stopScavenging(149)) - node0 Stopped scavenging
2021-12-29 13:35:44,492 [ForkJoinPool.commonPool-worker-0] INFO  handler.ContextHandler (ContextHandler.java:doStop(1153)) - Stopped o.e.j.s.ServletContextHandler@aa2ae2d{static,/static,jar:file:/home/runner/.m2/repository/org/apache/ozone/hdds-container-service/1.3.0-SNAPSHOT/hdds-container-service-1.3.0-SNAPSHOT.jar!/webapps/static,STOPPED}
2021-12-29 13:35:44,492 [ForkJoinPool.commonPool-worker-0] INFO  handler.ContextHandler (ContextHandler.java:doStop(1153)) - Stopped o.e.j.s.ServletContextHandler@2418ffcc{logs,/logs,file:///home/runner/work/ozone/ozone/hadoop-ozone/integration-test/target/log,STOPPED}
2021-12-29 13:35:44,498 [Listener at 127.0.0.1/35453] INFO  ozone.MiniOzoneClusterImpl (MiniOzoneClusterImpl.java:stopSCM(542)) - Stopping the StorageContainerManager
2021-12-29 13:35:44,498 [Listener at 127.0.0.1/35453] INFO  server.StorageContainerManager (StorageContainerManager.java:stop(1390)) - Stopping Container Balancer service.
2021-12-29 13:35:44,498 [Listener at 127.0.0.1/35453] INFO  balancer.ContainerBalancer (ContainerBalancer.java:stop(748)) - Container Balancer is not running.
2021-12-29 13:35:44,498 [Listener at 127.0.0.1/35453] INFO  server.StorageContainerManager (StorageContainerManager.java:stop(1397)) - Stopping Replication Manager Service.
2021-12-29 13:35:44,498 [Listener at 127.0.0.1/35453] INFO  container.ReplicationManager (ReplicationManager.java:stop(350)) - Stopping Replication Monitor Thread.
2021-12-29 13:35:44,498 [Listener at 127.0.0.1/35453] INFO  server.StorageContainerManager (StorageContainerManager.java:stop(1404)) - Stopping the Datanode Admin Monitor.
2021-12-29 13:35:44,498 [Listener at 127.0.0.1/35453] INFO  server.StorageContainerManager (StorageContainerManager.java:stop(1411)) - Stopping Lease Manager of the command watchers
2021-12-29 13:35:44,498 [Listener at 127.0.0.1/35453] INFO  server.StorageContainerManager (StorageContainerManager.java:stop(1418)) - Stopping datanode service RPC server
2021-12-29 13:35:44,499 [Listener at 127.0.0.1/35453] INFO  server.SCMDatanodeProtocolServer (SCMDatanodeProtocolServer.java:stop(390)) - Stopping the RPC server for DataNodes
2021-12-29 13:35:44,499 [Listener at 127.0.0.1/35453] INFO  ipc.Server (Server.java:stop(3414)) - Stopping server on 39097
2021-12-29 13:35:44,500 [IPC Server listener on 0] INFO  ipc.Server (Server.java:run(1376)) - Stopping IPC Server listener on 0
2021-12-29 13:35:44,501 [IPC Server Responder] INFO  ipc.Server (Server.java:run(1512)) - Stopping IPC Server Responder
2021-12-29 13:35:44,526 [SCM Heartbeat Processing Thread - 0] WARN  node.NodeStateManager (NodeStateManager.java:scheduleNextHealthCheck(799)) - Current Thread is interrupted, shutting down HB processing thread for Node Manager.
2021-12-29 13:35:44,526 [Listener at 127.0.0.1/35453] INFO  server.StorageContainerManager (StorageContainerManager.java:stop(1426)) - Stopping block service RPC server
2021-12-29 13:35:44,526 [Listener at 127.0.0.1/35453] INFO  server.SCMBlockProtocolServer (SCMBlockProtocolServer.java:stop(160)) - Stopping the RPC server for Block Protocol
2021-12-29 13:35:44,526 [Listener at 127.0.0.1/35453] INFO  ipc.Server (Server.java:stop(3414)) - Stopping server on 45421
2021-12-29 13:35:44,530 [IPC Server Responder] INFO  ipc.Server (Server.java:run(1512)) - Stopping IPC Server Responder
2021-12-29 13:35:44,530 [Listener at 127.0.0.1/35453] INFO  server.StorageContainerManager (StorageContainerManager.java:stop(1433)) - Stopping the StorageContainerLocationProtocol RPC server
2021-12-29 13:35:44,530 [Listener at 127.0.0.1/35453] INFO  server.SCMClientProtocolServer (SCMClientProtocolServer.java:stop(173)) - Stopping the RPC server for Client Protocol
2021-12-29 13:35:44,531 [Listener at 127.0.0.1/35453] INFO  ipc.Server (Server.java:stop(3414)) - Stopping server on 43965
2021-12-29 13:35:44,531 [IPC Server listener on 0] INFO  ipc.Server (Server.java:run(1376)) - Stopping IPC Server listener on 0
2021-12-29 13:35:44,554 [Listener at 127.0.0.1/35453] INFO  server.StorageContainerManager (StorageContainerManager.java:stop(1440)) - Stopping Storage Container Manager HTTP server.
2021-12-29 13:35:44,555 [Listener at 127.0.0.1/35453] INFO  handler.ContextHandler (ContextHandler.java:doStop(1153)) - Stopped o.e.j.w.WebAppContext@507099cc{scm,/,null,STOPPED}{file:/home/runner/work/ozone/ozone/hadoop-ozone/integration-test/target/test-classes/webapps/scm}
2021-12-29 13:35:44,558 [IPC Server listener on 0] INFO  ipc.Server (Server.java:run(1376)) - Stopping IPC Server listener on 0
2021-12-29 13:35:44,558 [IPC Server Responder] INFO  ipc.Server (Server.java:run(1512)) - Stopping IPC Server Responder
2021-12-29 13:35:44,567 [Listener at 127.0.0.1/35453] INFO  server.AbstractConnector (AbstractConnector.java:doStop(381)) - Stopped ServerConnector@5e6dfc42{HTTP/1.1, (http/1.1)}{0.0.0.0:0}
2021-12-29 13:35:44,567 [Listener at 127.0.0.1/35453] INFO  server.session (HouseKeeper.java:stopScavenging(149)) - node0 Stopped scavenging
2021-12-29 13:35:44,568 [Listener at 127.0.0.1/35453] INFO  handler.ContextHandler (ContextHandler.java:doStop(1153)) - Stopped o.e.j.s.ServletContextHandler@3e898efe{static,/static,file:///home/runner/work/ozone/ozone/hadoop-ozone/integration-test/target/test-classes/webapps/static,STOPPED}
2021-12-29 13:35:44,568 [Listener at 127.0.0.1/35453] INFO  handler.ContextHandler (ContextHandler.java:doStop(1153)) - Stopped o.e.j.s.ServletContextHandler@14eb6c42{logs,/logs,file:///home/runner/work/ozone/ozone/hadoop-ozone/integration-test/target/log,STOPPED}
2021-12-29 13:35:44,570 [Listener at 127.0.0.1/35453] INFO  server.StorageContainerManager (StorageContainerManager.java:stop(1451)) - Stopping Block Manager Service.
2021-12-29 13:35:44,570 [Listener at 127.0.0.1/35453] INFO  utils.BackgroundService (BackgroundService.java:shutdown(132)) - Shutting down service SCMBlockDeletingService
2021-12-29 13:35:44,570 [Listener at 127.0.0.1/35453] INFO  utils.BackgroundService (BackgroundService.java:shutdown(132)) - Shutting down service SCMBlockDeletingService
2021-12-29 13:35:44,570 [Listener at 127.0.0.1/35453] INFO  server.StorageContainerManager (StorageContainerManager.java:stop(1478)) - Stopping SCM Event Queue.
2021-12-29 13:35:44,574 [Listener at 127.0.0.1/35453] INFO  server.StorageContainerManager (StorageContainerManager.java:stop(1489)) - Stopping SCM HA services.
2021-12-29 13:35:44,574 [Listener at 127.0.0.1/35453] INFO  pipeline.BackgroundPipelineCreator (BackgroundPipelineCreator.java:stop(158)) - Stopping RatisPipelineUtilsThread.
2021-12-29 13:35:44,574 [Listener at 127.0.0.1/35453] INFO  server.StorageContainerManager (StorageContainerManager.java:stop(1499)) - Stopping SCM MetadataStore.
2021-12-29 13:35:44,575 [Listener at 127.0.0.1/35453] INFO  impl.MetricsSystemImpl (MetricsSystemImpl.java:stop(210)) - Stopping HddsDatanode metrics system...
2021-12-29 13:35:44,598 [prometheus] INFO  impl.MetricsSinkAdapter (MetricsSinkAdapter.java:publishMetricsFromQueue(141)) - prometheus thread interrupted.
2021-12-29 13:35:44,598 [Listener at 127.0.0.1/35453] INFO  impl.MetricsSystemImpl (MetricsSystemImpl.java:stop(216)) - HddsDatanode metrics system stopped.
2021-12-29 13:35:44,792 [Listener at 127.0.0.1/35453] WARN  server.ServerUtils (ServerUtils.java:getScmDbDir(148)) - ozone.scm.db.dirs is not configured. We recommend adding this setting. Falling back to ozone.metadata.dirs instead.
2021-12-29 13:35:44,808 [Listener at 127.0.0.1/35453] INFO  ha.SCMHANodeDetails (SCMHANodeDetails.java:loadSCMHAConfig(157)) - ServiceID for StorageContainerManager is null
2021-12-29 13:35:44,808 [Listener at 127.0.0.1/35453] INFO  ha.SCMHANodeDetails (SCMHANodeDetails.java:loadSCMHAConfig(162)) - ozone.scm.default.service.id is not defined, falling back to ozone.scm.service.ids to find serviceID for StorageContainerManager if it is HA enabled cluster
2021-12-29 13:35:44,809 [Listener at 127.0.0.1/35453] WARN  server.ServerUtils (ServerUtils.java:getScmDbDir(148)) - ozone.scm.db.dirs is not configured. We recommend adding this setting. Falling back to ozone.metadata.dirs instead.
2021-12-29 13:35:44,810 [Listener at 127.0.0.1/35453] INFO  upgrade.AbstractLayoutVersionManager (AbstractLayoutVersionManager.java:init(79)) - Initializing Layout version manager with metadata layout = SCM_HA (version = 2), software layout = SCM_HA (version = 2)
2021-12-29 13:35:44,938 [Listener at 127.0.0.1/35453] INFO  reflections.Reflections (Reflections.java:scan(232)) - Reflections took 124 ms to scan 7 urls, producing 119 keys and 279 values 
2021-12-29 13:35:44,939 [Listener at 127.0.0.1/35453] WARN  utils.HAUtils (HAUtils.java:getMetaDir(342)) - ozone.scm.db.dirs is not configured. We recommend adding this setting. Falling back to ozone.metadata.dirs instead.
2021-12-29 13:35:44,966 [Listener at 127.0.0.1/35453] WARN  db.DBStoreBuilder (DBStoreBuilder.java:applyDBDefinition(145)) - ozone.scm.db.dirs is not configured. We recommend adding this setting. Falling back to ozone.metadata.dirs instead.
2021-12-29 13:35:45,164 [Listener at 127.0.0.1/35453] INFO  net.NodeSchemaLoader (NodeSchemaLoader.java:loadSchemaFromFile(129)) - Loading schema from [jar:file:/home/runner/.m2/repository/org/apache/ozone/hdds-common/1.3.0-SNAPSHOT/hdds-common-1.3.0-SNAPSHOT.jar!/network-topology-default.xml]
2021-12-29 13:35:45,164 [Listener at 127.0.0.1/35453] INFO  net.NodeSchemaLoader (NodeSchemaLoader.java:loadSchema(176)) - Loading network topology layer schema file
2021-12-29 13:35:45,167 [Listener at 127.0.0.1/35453] INFO  ha.SequenceIdGenerator (SequenceIdGenerator.java:upgradeToSequenceId(347)) - upgrade localId to 107544261427200000
2021-12-29 13:35:45,167 [Listener at 127.0.0.1/35453] INFO  ha.SequenceIdGenerator (SequenceIdGenerator.java:upgradeToSequenceId(357)) - upgrade delTxnId to 0
2021-12-29 13:35:45,167 [Listener at 127.0.0.1/35453] INFO  ha.SequenceIdGenerator (SequenceIdGenerator.java:upgradeToSequenceId(371)) - upgrade containerId to 0
2021-12-29 13:35:45,167 [Listener at 127.0.0.1/35453] INFO  ha.SequenceIdGenerator (SequenceIdGenerator.java:<init>(218)) - Init the HA SequenceIdGenerator.
2021-12-29 13:35:45,168 [Listener at 127.0.0.1/35453] WARN  server.ServerUtils (ServerUtils.java:sanitizeUserArgs(73)) - ozone.scm.stale.node.interval value = 300000 is larger than max = 100000 based on the key value of ozone.scm.heartbeat.thread.interval, reset to the max value 100000.
2021-12-29 13:35:45,168 [Listener at 127.0.0.1/35453] WARN  server.ServerUtils (ServerUtils.java:sanitizeUserArgs(73)) - ozone.scm.stale.node.interval value = 300000 is larger than max = 100000 based on the key value of ozone.scm.heartbeat.thread.interval, reset to the max value 100000.
2021-12-29 13:35:45,169 [Listener at 127.0.0.1/35453] INFO  node.SCMNodeManager (SCMNodeManager.java:<init>(144)) - Entering startup safe mode.
2021-12-29 13:35:45,170 [Listener at 127.0.0.1/35453] INFO  algorithms.ContainerPlacementPolicyFactory (ContainerPlacementPolicyFactory.java:getPolicy(60)) - Create container placement policy of type org.apache.hadoop.hdds.scm.container.placement.algorithms.SCMContainerPlacementRandom
2021-12-29 13:35:45,170 [Listener at 127.0.0.1/35453] INFO  pipeline.PipelineStateManagerImpl (PipelineStateManagerImpl.java:initialize(78)) - No pipeline exists in current db
2021-12-29 13:35:45,170 [Listener at 127.0.0.1/35453] INFO  algorithms.LeaderChoosePolicyFactory (LeaderChoosePolicyFactory.java:getPolicy(57)) - Create leader choose policy of type org.apache.hadoop.hdds.scm.pipeline.leader.choose.algorithms.MinLeaderCountChoosePolicy
2021-12-29 13:35:45,171 [Listener at 127.0.0.1/35453] INFO  ha.SCMServiceManager (SCMServiceManager.java:register(43)) - Registering service BackgroundPipelineCreator.
2021-12-29 13:35:45,171 [Listener at 127.0.0.1/35453] INFO  pipeline.BackgroundPipelineCreator (BackgroundPipelineCreator.java:start(130)) - Starting RatisPipelineUtilsThread.
2021-12-29 13:35:45,172 [Listener at 127.0.0.1/35453] INFO  algorithms.PipelineChoosePolicyFactory (PipelineChoosePolicyFactory.java:createPipelineChoosePolicyFromClass(73)) - Create pipeline choose policy of type org.apache.hadoop.hdds.scm.pipeline.choose.algorithms.RandomPipelineChoosePolicy
2021-12-29 13:35:45,172 [Listener at 127.0.0.1/35453] INFO  ha.SCMServiceManager (SCMServiceManager.java:register(43)) - Registering service SCMBlockDeletingService.
2021-12-29 13:35:45,172 [Listener at 127.0.0.1/35453] INFO  ha.SCMServiceManager (SCMServiceManager.java:register(43)) - Registering service ReplicationManager.
2021-12-29 13:35:45,172 [Listener at 127.0.0.1/35453] INFO  container.ReplicationManager (ReplicationManager.java:start(319)) - Starting Replication Monitor Thread.
2021-12-29 13:35:45,173 [Listener at 127.0.0.1/35453] INFO  safemode.ContainerSafeModeRule (ContainerSafeModeRule.java:<init>(89)) - containers with one replica threshold count 0
2021-12-29 13:35:45,173 [Listener at 127.0.0.1/35453] INFO  safemode.HealthyPipelineSafeModeRule (HealthyPipelineSafeModeRule.java:initializeRule(156)) - Total pipeline count is 0, healthy pipeline threshold count is 1
2021-12-29 13:35:45,173 [Listener at 127.0.0.1/35453] INFO  safemode.OneReplicaPipelineSafeModeRule (OneReplicaPipelineSafeModeRule.java:initializeRule(180)) - Total pipeline count is 0, pipeline's with at least one datanode reported threshold count is 0
2021-12-29 13:35:45,174 [Listener at 127.0.0.1/35453] INFO  ipc.CallQueueManager (CallQueueManager.java:<init>(90)) - Using callQueue: class java.util.concurrent.LinkedBlockingQueue, queueCapacity: 2000, scheduler: class org.apache.hadoop.ipc.DefaultRpcScheduler, ipcBackoff: false.
2021-12-29 13:35:45,190 [Socket Reader #1 for port 0] INFO  ipc.Server (Server.java:run(1265)) - Starting Socket Reader #1 for port 0
2021-12-29 13:35:45,195 [Listener at 0.0.0.0/38011] INFO  ipc.CallQueueManager (CallQueueManager.java:<init>(90)) - Using callQueue: class java.util.concurrent.LinkedBlockingQueue, queueCapacity: 2000, scheduler: class org.apache.hadoop.ipc.DefaultRpcScheduler, ipcBackoff: false.
2021-12-29 13:35:45,197 [Socket Reader #1 for port 0] INFO  ipc.Server (Server.java:run(1265)) - Starting Socket Reader #1 for port 0
2021-12-29 13:35:45,197 [Listener at 0.0.0.0/41893] INFO  ipc.CallQueueManager (CallQueueManager.java:<init>(90)) - Using callQueue: class java.util.concurrent.LinkedBlockingQueue, queueCapacity: 2000, scheduler: class org.apache.hadoop.ipc.DefaultRpcScheduler, ipcBackoff: false.
2021-12-29 13:35:45,198 [Socket Reader #1 for port 0] INFO  ipc.Server (Server.java:run(1265)) - Starting Socket Reader #1 for port 0
2021-12-29 13:35:45,202 [ReplicationMonitor] INFO  container.ReplicationManager (ReplicationManager.java:processAll(371)) - Replication Monitor Thread took 0 milliseconds for processing 0 containers.
2021-12-29 13:35:45,266 [Listener at 0.0.0.0/44359] INFO  algorithms.ContainerPlacementPolicyFactory (ContainerPlacementPolicyFactory.java:getPolicy(60)) - Create container placement policy of type org.apache.hadoop.hdds.scm.container.placement.algorithms.SCMContainerPlacementRandom
2021-12-29 13:35:45,266 [Listener at 0.0.0.0/44359] INFO  server.StorageContainerManager (StorageContainerManager.java:<init>(388)) - 
Container Balancer status:
Key                            Value
Running                        false
Container Balancer Configuration values:
Key                                                Value
Threshold                                          0.1
Max Datanodes to Involve per Iteration(ratio)      0.2
Max Size to Move per Iteration                     30GB
Max Size Entering Target per Iteration             26GB
Max Size Leaving Source per Iteration              26GB

2021-12-29 13:35:45,266 [Listener at 0.0.0.0/44359] WARN  events.EventQueue (EventQueue.java:fireEvent(194)) - No event handler registered for event TypedEvent{payloadType=SafeModeStatus, name='Safe mode status'}
2021-12-29 13:35:45,267 [Listener at 0.0.0.0/44359] INFO  ha.SCMContext (SCMContext.java:updateSafeModeStatus(211)) - Update SafeModeStatus from SafeModeStatus{safeModeStatus=true, preCheckPassed=false} to SafeModeStatus{safeModeStatus=true, preCheckPassed=false}.
2021-12-29 13:35:45,268 [Listener at 0.0.0.0/44359] INFO  server.StorageContainerManager (StorageContainerManager.java:start(1303)) - StorageContainerLocationProtocol RPC server is listening at /0.0.0.0:44359
2021-12-29 13:35:45,274 [Listener at 0.0.0.0/44359] WARN  impl.MetricsConfig (MetricsConfig.java:loadFirst(136)) - Cannot locate configuration: tried hadoop-metrics2-storagecontainermanager.properties,hadoop-metrics2.properties
2021-12-29 13:35:45,286 [Listener at 0.0.0.0/44359] INFO  impl.MetricsSystemImpl (MetricsSystemImpl.java:startTimer(378)) - Scheduled Metric snapshot period at 10 second(s).
2021-12-29 13:35:45,286 [Listener at 0.0.0.0/44359] INFO  impl.MetricsSystemImpl (MetricsSystemImpl.java:start(191)) - StorageContainerManager metrics system started
2021-12-29 13:35:45,352 [Listener at 0.0.0.0/44359] INFO  impl.MetricsSinkAdapter (MetricsSinkAdapter.java:start(204)) - Sink prometheus started
2021-12-29 13:35:45,352 [Listener at 0.0.0.0/44359] INFO  impl.MetricsSystemImpl (MetricsSystemImpl.java:registerSink(305)) - Registered sink prometheus
2021-12-29 13:35:45,386 [Listener at 0.0.0.0/44359] INFO  server.SCMClientProtocolServer (SCMClientProtocolServer.java:start(164)) - RPC server for Client  is listening at /0.0.0.0:44359
2021-12-29 13:35:45,387 [IPC Server Responder] INFO  ipc.Server (Server.java:run(1507)) - IPC Server Responder: starting
2021-12-29 13:35:45,387 [IPC Server listener on 0] INFO  ipc.Server (Server.java:run(1344)) - IPC Server listener on 0: starting
2021-12-29 13:35:45,388 [Listener at 0.0.0.0/44359] INFO  server.StorageContainerManager (StorageContainerManager.java:start(1318)) - ScmBlockLocationProtocol RPC server is listening at /0.0.0.0:41893
2021-12-29 13:35:45,389 [Listener at 0.0.0.0/44359] INFO  server.SCMBlockProtocolServer (SCMBlockProtocolServer.java:start(151)) - RPC server for Block Protocol is listening at /0.0.0.0:41893
2021-12-29 13:35:45,389 [IPC Server Responder] INFO  ipc.Server (Server.java:run(1507)) - IPC Server Responder: starting
2021-12-29 13:35:45,389 [IPC Server listener on 0] INFO  ipc.Server (Server.java:run(1344)) - IPC Server listener on 0: starting
2021-12-29 13:35:45,436 [Listener at 0.0.0.0/44359] INFO  server.SCMDatanodeProtocolServer (SCMDatanodeProtocolServer.java:start(181)) - ScmDatanodeProtocol RPC server for DataNodes is listening at /0.0.0.0:38011
2021-12-29 13:35:45,437 [IPC Server Responder] INFO  ipc.Server (Server.java:run(1507)) - IPC Server Responder: starting
2021-12-29 13:35:45,437 [IPC Server listener on 0] INFO  ipc.Server (Server.java:run(1344)) - IPC Server listener on 0: starting
2021-12-29 13:35:45,445 [Listener at 0.0.0.0/44359] INFO  http.BaseHttpServer (BaseHttpServer.java:newHttpServer2BuilderForOzone(209)) - Starting Web-server for scm at: http://0.0.0.0:0
2021-12-29 13:35:45,445 [Listener at 0.0.0.0/44359] INFO  http.BaseHttpServer (BaseHttpServer.java:<init>(107)) - Hadoop Security Enabled: false Ozone Security Enabled: false Ozone HTTP Security Enabled: false 
2021-12-29 13:35:45,446 [Listener at 0.0.0.0/44359] INFO  server.AuthenticationFilter (AuthenticationFilter.java:constructSecretProvider(240)) - Unable to initialize FileSignerSecretProvider, falling back to use random secrets.
2021-12-29 13:35:45,447 [Listener at 0.0.0.0/44359] WARN  http.HttpRequestLog (HttpRequestLog.java:getRequestLog(103)) - Jetty request log can only be enabled using Log4j
2021-12-29 13:35:45,449 [Listener at 0.0.0.0/44359] INFO  http.HttpServer2 (HttpServer2.java:addGlobalFilter(1030)) - Added global filter 'safety' (class=org.apache.hadoop.hdds.server.http.HttpServer2$QuotingInputFilter)
2021-12-29 13:35:45,459 [org.apache.hadoop.util.JvmPauseMonitor$Monitor@2b8d112f] INFO  util.JvmPauseMonitor (JvmPauseMonitor.java:run(188)) - Starting JVM pause monitor
2021-12-29 13:35:45,459 [Listener at 0.0.0.0/44359] INFO  http.HttpServer2 (HttpServer2.java:addFilter(1006)) - Added filter static_user_filter (class=org.apache.hadoop.http.lib.StaticUserWebFilter$StaticUserFilter) to context scm
2021-12-29 13:35:45,459 [Listener at 0.0.0.0/44359] INFO  http.HttpServer2 (HttpServer2.java:addFilter(1014)) - Added filter static_user_filter (class=org.apache.hadoop.http.lib.StaticUserWebFilter$StaticUserFilter) to context logs
2021-12-29 13:35:45,459 [Listener at 0.0.0.0/44359] INFO  http.HttpServer2 (HttpServer2.java:addFilter(1014)) - Added filter static_user_filter (class=org.apache.hadoop.http.lib.StaticUserWebFilter$StaticUserFilter) to context static
2021-12-29 13:35:45,462 [Listener at 0.0.0.0/44359] INFO  http.HttpServer2 (HttpServer2.java:bindListener(1249)) - Jetty bound to port 35535
2021-12-29 13:35:45,462 [Listener at 0.0.0.0/44359] INFO  server.Server (Server.java:doStart(375)) - jetty-9.4.43.v20210629; built: 2021-06-30T11:07:22.254Z; git: 526006ecfa3af7f1a27ef3a288e2bef7ea9dd7e8; jvm 1.8.0_292-b10
2021-12-29 13:35:45,506 [Listener at 0.0.0.0/44359] INFO  server.session (DefaultSessionIdManager.java:doStart(334)) - DefaultSessionIdManager workerName=node0
2021-12-29 13:35:45,506 [Listener at 0.0.0.0/44359] INFO  server.session (DefaultSessionIdManager.java:doStart(339)) - No SessionScavenger set, using defaults
2021-12-29 13:35:45,506 [Listener at 0.0.0.0/44359] INFO  server.session (HouseKeeper.java:startScavenging(132)) - node0 Scavenging every 660000ms
2021-12-29 13:35:45,511 [Listener at 0.0.0.0/44359] INFO  handler.ContextHandler (ContextHandler.java:doStart(915)) - Started o.e.j.s.ServletContextHandler@672bc69a{logs,/logs,file:///home/runner/work/ozone/ozone/hadoop-ozone/integration-test/target/log,AVAILABLE}
2021-12-29 13:35:45,511 [Listener at 0.0.0.0/44359] INFO  handler.ContextHandler (ContextHandler.java:doStart(915)) - Started o.e.j.s.ServletContextHandler@4c718b69{static,/static,file:///home/runner/work/ozone/ozone/hadoop-ozone/integration-test/target/test-classes/webapps/static,AVAILABLE}
2021-12-29 13:35:45,522 [Listener at 0.0.0.0/44359] INFO  handler.ContextHandler (ContextHandler.java:doStart(915)) - Started o.e.j.w.WebAppContext@414331e4{scm,/,file:///home/runner/work/ozone/ozone/hadoop-ozone/integration-test/target/test-classes/webapps/scm/,AVAILABLE}{file:/home/runner/work/ozone/ozone/hadoop-ozone/integration-test/target/test-classes/webapps/scm}
2021-12-29 13:35:45,530 [Listener at 0.0.0.0/44359] INFO  server.AbstractConnector (AbstractConnector.java:doStart(331)) - Started ServerConnector@6ffb07a4{HTTP/1.1, (http/1.1)}{0.0.0.0:35535}
2021-12-29 13:35:45,530 [Listener at 0.0.0.0/44359] INFO  server.Server (Server.java:doStart(415)) - Started @109057ms
2021-12-29 13:35:45,530 [Listener at 0.0.0.0/44359] WARN  impl.MetricsSystemImpl (MetricsSystemImpl.java:register(279)) - Sink prometheus already exists!
2021-12-29 13:35:45,538 [Listener at 0.0.0.0/44359] INFO  http.BaseHttpServer (BaseHttpServer.java:updateConnectorAddress(329)) - HTTP server of scm listening at http://0.0.0.0:35535
2021-12-29 13:35:45,538 [Listener at 0.0.0.0/44359] WARN  server.ServerUtils (ServerUtils.java:getDBPath(225)) - ozone.om.db.dirs is not configured. We recommend adding this setting. Falling back to ozone.metadata.dirs instead.
2021-12-29 13:35:45,540 [Listener at 0.0.0.0/44359] INFO  ha.OMHANodeDetails (OMHANodeDetails.java:loadOMHAConfig(112)) - ozone.om.internal.service.id is not defined, falling back to ozone.om.service.ids to find serviceID for OzoneManager if it is HA enabled cluster
2021-12-29 13:35:45,540 [Listener at 0.0.0.0/44359] INFO  ha.OMHANodeDetails (OMHANodeDetails.java:loadOMHAConfig(218)) - Configuration does not have ozone.om.address set. Falling back to the default OM address /127.0.0.1:0
2021-12-29 13:35:45,540 [Listener at 0.0.0.0/44359] INFO  ha.OMHANodeDetails (OMHANodeDetails.java:getOMNodeDetailsForNonHA(246)) - OM Service ID is not set. Setting it to the default ID: omServiceIdDefault
2021-12-29 13:35:45,540 [Listener at 0.0.0.0/44359] INFO  ha.OMHANodeDetails (OMHANodeDetails.java:getOMNodeDetailsForNonHA(253)) - OM Node ID is not set. Setting it to the default ID: om1
2021-12-29 13:35:45,541 [Listener at 0.0.0.0/44359] WARN  server.ServerUtils (ServerUtils.java:getDBPath(225)) - ozone.om.db.dirs is not configured. We recommend adding this setting. Falling back to ozone.metadata.dirs instead.
2021-12-29 13:35:45,541 [Listener at 0.0.0.0/44359] INFO  upgrade.AbstractLayoutVersionManager (AbstractLayoutVersionManager.java:init(79)) - Initializing Layout version manager with metadata layout = INITIAL_VERSION (version = 0), software layout = INITIAL_VERSION (version = 0)
2021-12-29 13:35:45,652 [Listener at 0.0.0.0/44359] INFO  reflections.Reflections (Reflections.java:scan(232)) - Reflections took 110 ms to scan 2 urls, producing 133 keys and 345 values [using 2 cores]
2021-12-29 13:35:45,653 [Listener at 0.0.0.0/44359] INFO  upgrade.OMLayoutVersionManager (OMLayoutVersionManager.java:lambda$0(115)) - Skipping Upgrade Action MockOmUpgradeAction since it has been finalized.
2021-12-29 13:35:45,653 [Listener at 0.0.0.0/44359] WARN  server.ServerUtils (ServerUtils.java:getDBPath(225)) - ozone.om.db.dirs is not configured. We recommend adding this setting. Falling back to ozone.metadata.dirs instead.
2021-12-29 13:35:45,695 [Listener at 0.0.0.0/44359] WARN  server.ServerUtils (ServerUtils.java:getDBPath(225)) - ozone.om.db.dirs is not configured. We recommend adding this setting. Falling back to ozone.metadata.dirs instead.
2021-12-29 13:35:45,696 [Listener at 0.0.0.0/44359] INFO  codec.OmKeyInfoCodec (OmKeyInfoCodec.java:<init>(50)) - OmKeyInfoCodec ignorePipeline = true
2021-12-29 13:35:45,696 [Listener at 0.0.0.0/44359] INFO  codec.RepeatedOmKeyInfoCodec (RepeatedOmKeyInfoCodec.java:<init>(42)) - RepeatedOmKeyInfoCodec ignorePipeline = true
2021-12-29 13:35:45,963 [Listener at 0.0.0.0/44359] INFO  om.OzoneManager (OzoneManager.java:addS3GVolumeToDB(3728)) - Created Volume s3v With Owner runner required for S3Gateway operations.
2021-12-29 13:35:45,973 [Listener at 0.0.0.0/44359] INFO  ipc.CallQueueManager (CallQueueManager.java:<init>(90)) - Using callQueue: class java.util.concurrent.LinkedBlockingQueue, queueCapacity: 2000, scheduler: class org.apache.hadoop.ipc.DefaultRpcScheduler, ipcBackoff: false.
2021-12-29 13:35:45,974 [Socket Reader #1 for port 0] INFO  ipc.Server (Server.java:run(1265)) - Starting Socket Reader #1 for port 0
2021-12-29 13:35:46,015 [Listener at 127.0.0.1/45663] INFO  impl.MetricsSystemImpl (MetricsSystemImpl.java:init(158)) - OzoneManager metrics system started (again)
2021-12-29 13:35:46,061 [Listener at 127.0.0.1/45663] INFO  om.OzoneManager (OzoneManager.java:start(1365)) - OzoneManager RPC server is listening at localhost/127.0.0.1:45663
2021-12-29 13:35:46,061 [Listener at 127.0.0.1/45663] INFO  om.OzoneManager (OzoneManager.java:start(1381)) - Version File has different layout version (0) than OM DB (null). That is expected if this OM has never been finalized to a newer layout version.
2021-12-29 13:35:46,079 [Listener at 127.0.0.1/45663] INFO  http.BaseHttpServer (BaseHttpServer.java:newHttpServer2BuilderForOzone(209)) - Starting Web-server for ozoneManager at: http://0.0.0.0:0
2021-12-29 13:35:46,079 [Listener at 127.0.0.1/45663] INFO  http.BaseHttpServer (BaseHttpServer.java:<init>(107)) - Hadoop Security Enabled: false Ozone Security Enabled: false Ozone HTTP Security Enabled: false 
2021-12-29 13:35:46,080 [Listener at 127.0.0.1/45663] INFO  server.AuthenticationFilter (AuthenticationFilter.java:constructSecretProvider(240)) - Unable to initialize FileSignerSecretProvider, falling back to use random secrets.
2021-12-29 13:35:46,087 [Listener at 127.0.0.1/45663] WARN  http.HttpRequestLog (HttpRequestLog.java:getRequestLog(103)) - Jetty request log can only be enabled using Log4j
2021-12-29 13:35:46,088 [Listener at 127.0.0.1/45663] INFO  http.HttpServer2 (HttpServer2.java:addGlobalFilter(1030)) - Added global filter 'safety' (class=org.apache.hadoop.hdds.server.http.HttpServer2$QuotingInputFilter)
2021-12-29 13:35:46,089 [Listener at 127.0.0.1/45663] INFO  http.HttpServer2 (HttpServer2.java:addFilter(1006)) - Added filter static_user_filter (class=org.apache.hadoop.http.lib.StaticUserWebFilter$StaticUserFilter) to context ozoneManager
2021-12-29 13:35:46,089 [Listener at 127.0.0.1/45663] INFO  http.HttpServer2 (HttpServer2.java:addFilter(1014)) - Added filter static_user_filter (class=org.apache.hadoop.http.lib.StaticUserWebFilter$StaticUserFilter) to context logs
2021-12-29 13:35:46,089 [Listener at 127.0.0.1/45663] INFO  http.HttpServer2 (HttpServer2.java:addFilter(1014)) - Added filter static_user_filter (class=org.apache.hadoop.http.lib.StaticUserWebFilter$StaticUserFilter) to context static
2021-12-29 13:35:46,089 [Listener at 127.0.0.1/45663] INFO  http.HttpServer2 (HttpServer2.java:bindListener(1249)) - Jetty bound to port 42479
2021-12-29 13:35:46,092 [Listener at 127.0.0.1/45663] INFO  server.Server (Server.java:doStart(375)) - jetty-9.4.43.v20210629; built: 2021-06-30T11:07:22.254Z; git: 526006ecfa3af7f1a27ef3a288e2bef7ea9dd7e8; jvm 1.8.0_292-b10
2021-12-29 13:35:46,093 [Listener at 127.0.0.1/45663] INFO  server.session (DefaultSessionIdManager.java:doStart(334)) - DefaultSessionIdManager workerName=node0
2021-12-29 13:35:46,094 [Listener at 127.0.0.1/45663] INFO  server.session (DefaultSessionIdManager.java:doStart(339)) - No SessionScavenger set, using defaults
2021-12-29 13:35:46,094 [Listener at 127.0.0.1/45663] INFO  server.session (HouseKeeper.java:startScavenging(132)) - node0 Scavenging every 660000ms
2021-12-29 13:35:46,119 [Listener at 127.0.0.1/45663] INFO  handler.ContextHandler (ContextHandler.java:doStart(915)) - Started o.e.j.s.ServletContextHandler@4246aa06{logs,/logs,file:///home/runner/work/ozone/ozone/hadoop-ozone/integration-test/target/log,AVAILABLE}
2021-12-29 13:35:46,119 [Listener at 127.0.0.1/45663] INFO  handler.ContextHandler (ContextHandler.java:doStart(915)) - Started o.e.j.s.ServletContextHandler@50bd37f{static,/static,file:///home/runner/work/ozone/ozone/hadoop-ozone/integration-test/target/test-classes/webapps/static,AVAILABLE}
2021-12-29 13:35:46,127 [Listener at 127.0.0.1/45663] INFO  handler.ContextHandler (ContextHandler.java:doStart(915)) - Started o.e.j.w.WebAppContext@3e91274{ozoneManager,/,file:///home/runner/work/ozone/ozone/hadoop-ozone/integration-test/target/test-classes/webapps/ozoneManager/,AVAILABLE}{file:/home/runner/work/ozone/ozone/hadoop-ozone/integration-test/target/test-classes/webapps/ozoneManager}
2021-12-29 13:35:46,134 [Listener at 127.0.0.1/45663] INFO  server.AbstractConnector (AbstractConnector.java:doStart(331)) - Started ServerConnector@1251cdec{HTTP/1.1, (http/1.1)}{0.0.0.0:42479}
2021-12-29 13:35:46,135 [Listener at 127.0.0.1/45663] INFO  server.Server (Server.java:doStart(415)) - Started @109662ms
2021-12-29 13:35:46,135 [Listener at 127.0.0.1/45663] WARN  impl.MetricsSystemImpl (MetricsSystemImpl.java:register(279)) - Sink prometheus already exists!
2021-12-29 13:35:46,142 [Listener at 127.0.0.1/45663] INFO  http.BaseHttpServer (BaseHttpServer.java:updateConnectorAddress(329)) - HTTP server of ozoneManager listening at http://0.0.0.0:42479
2021-12-29 13:35:46,144 [IPC Server Responder] INFO  ipc.Server (Server.java:run(1507)) - IPC Server Responder: starting
2021-12-29 13:35:46,162 [IPC Server listener on 0] INFO  ipc.Server (Server.java:run(1344)) - IPC Server listener on 0: starting
2021-12-29 13:35:46,177 [Listener at 127.0.0.1/45663] INFO  om.TrashPolicyOzone (TrashPolicyOzone.java:<init>(178)) - Ozone Manager trash configuration: Deletion interval = 0 minutes, Emptier interval = 0 minutes.
2021-12-29 13:35:46,206 [org.apache.hadoop.util.JvmPauseMonitor$Monitor@7ef622f7] INFO  util.JvmPauseMonitor (JvmPauseMonitor.java:run(188)) - Starting JVM pause monitor
2021-12-29 13:35:46,214 [Listener at 127.0.0.1/45663] INFO  impl.MetricsSystemImpl (MetricsSystemImpl.java:init(158)) - HddsDatanode metrics system started (again)
2021-12-29 13:35:46,250 [Listener at 127.0.0.1/45663] INFO  ozone.HddsDatanodeService (HddsDatanodeService.java:start(234)) - HddsDatanodeService host:fv-az59-280.csjynl4pkq3e1pkirw3ssqjfoh.cx.internal.cloudapp.net ip:10.1.0.26
2021-12-29 13:35:46,280 [Listener at 127.0.0.1/45663] INFO  upgrade.AbstractLayoutVersionManager (AbstractLayoutVersionManager.java:init(79)) - Initializing Layout version manager with metadata layout = SCM_HA (version = 2), software layout = SCM_HA (version = 2)
2021-12-29 13:35:46,391 [Listener at 127.0.0.1/45663] INFO  reflections.Reflections (Reflections.java:scan(232)) - Reflections took 101 ms to scan 7 urls, producing 119 keys and 279 values 
2021-12-29 13:35:46,393 [Listener at 127.0.0.1/45663] INFO  statemachine.DatanodeStateMachine (DatanodeStateMachine.java:getEndPointTaskThreadPoolSize(219)) - Datanode State Machine Task Thread Pool size 2
2021-12-29 13:35:46,394 [Listener at 127.0.0.1/45663] INFO  volume.HddsVolume (HddsVolume.java:<init>(120)) - Creating HddsVolume: /home/runner/work/ozone/ozone/hadoop-ozone/integration-test/target/test-dir/MiniOzoneClusterImpl-737e1f92-2285-4928-9988-49e5ed44796c/datanode-0/data-0/containers/hdds of storage type : DISK capacity : 9223372036854775807
2021-12-29 13:35:46,394 [Listener at 127.0.0.1/45663] INFO  volume.MutableVolumeSet (MutableVolumeSet.java:initializeVolumeSet(168)) - Added Volume : /home/runner/work/ozone/ozone/hadoop-ozone/integration-test/target/test-dir/MiniOzoneClusterImpl-737e1f92-2285-4928-9988-49e5ed44796c/datanode-0/data-0/containers/hdds to VolumeSet
2021-12-29 13:35:46,395 [Listener at 127.0.0.1/45663] INFO  volume.ThrottledAsyncChecker (ThrottledAsyncChecker.java:schedule(141)) - Scheduling a check for /home/runner/work/ozone/ozone/hadoop-ozone/integration-test/target/test-dir/MiniOzoneClusterImpl-737e1f92-2285-4928-9988-49e5ed44796c/datanode-0/data-0/containers/hdds
2021-12-29 13:35:46,395 [Listener at 127.0.0.1/45663] INFO  volume.StorageVolumeChecker (StorageVolumeChecker.java:checkAllVolumes(202)) - Scheduled health check for volume /home/runner/work/ozone/ozone/hadoop-ozone/integration-test/target/test-dir/MiniOzoneClusterImpl-737e1f92-2285-4928-9988-49e5ed44796c/datanode-0/data-0/containers/hdds
2021-12-29 13:35:46,414 [Listener at 127.0.0.1/45663] INFO  volume.MutableVolumeSet (MutableVolumeSet.java:initializeVolumeSet(168)) - Added Volume : /home/runner/work/ozone/ozone/hadoop-ozone/integration-test/target/test-dir/MiniOzoneClusterImpl-737e1f92-2285-4928-9988-49e5ed44796c/datanode-0/data/ratis to VolumeSet
2021-12-29 13:35:46,414 [Listener at 127.0.0.1/45663] INFO  volume.ThrottledAsyncChecker (ThrottledAsyncChecker.java:schedule(141)) - Scheduling a check for /home/runner/work/ozone/ozone/hadoop-ozone/integration-test/target/test-dir/MiniOzoneClusterImpl-737e1f92-2285-4928-9988-49e5ed44796c/datanode-0/data/ratis
2021-12-29 13:35:46,415 [Listener at 127.0.0.1/45663] INFO  volume.StorageVolumeChecker (StorageVolumeChecker.java:checkAllVolumes(202)) - Scheduled health check for volume /home/runner/work/ozone/ozone/hadoop-ozone/integration-test/target/test-dir/MiniOzoneClusterImpl-737e1f92-2285-4928-9988-49e5ed44796c/datanode-0/data/ratis
2021-12-29 13:35:46,440 [Thread-887] INFO  ozoneimpl.ContainerReader (ContainerReader.java:readVolume(172)) - Finish verifying containers on volume /home/runner/work/ozone/ozone/hadoop-ozone/integration-test/target/test-dir/MiniOzoneClusterImpl-737e1f92-2285-4928-9988-49e5ed44796c/datanode-0/data-0/containers/hdds
2021-12-29 13:35:46,440 [Listener at 127.0.0.1/45663] INFO  ozoneimpl.OzoneContainer (OzoneContainer.java:buildContainerSet(237)) - Build ContainerSet costs 0s
2021-12-29 13:35:46,442 [Listener at 127.0.0.1/45663] INFO  server.RaftServer (ConfUtils.java:logGet(44)) - raft.rpc.type = GRPC (default)
2021-12-29 13:35:46,442 [Listener at 127.0.0.1/45663] INFO  grpc.GrpcFactory (GrpcFactory.java:checkPooledByteBufAllocatorUseCacheForAllThreads(48)) - PERFORMANCE WARNING: useCacheForAllThreads is true that may cause Netty to create a lot garbage objects and, as a result, trigger GC.
	It is recommended to disable useCacheForAllThreads by setting -Dorg.apache.ratis.thirdparty.io.netty.allocator.useCacheForAllThreads=false in command line.
2021-12-29 13:35:46,442 [Listener at 127.0.0.1/45663] INFO  grpc.GrpcConfigKeys (ConfUtils.java:logGet(44)) - raft.grpc.admin.port = 0 (custom)
2021-12-29 13:35:46,443 [Listener at 127.0.0.1/45663] INFO  grpc.GrpcConfigKeys (ConfUtils.java:logGet(44)) - raft.grpc.client.port = 0 (custom)
2021-12-29 13:35:46,443 [Listener at 127.0.0.1/45663] INFO  grpc.GrpcConfigKeys (ConfUtils.java:logGet(44)) - raft.grpc.server.port = 0 (default)
2021-12-29 13:35:46,443 [Listener at 127.0.0.1/45663] INFO  server.GrpcService (ConfUtils.java:logGet(44)) - raft.grpc.message.size.max = 32MB (=33554432) (custom)
2021-12-29 13:35:46,443 [Listener at 127.0.0.1/45663] INFO  server.RaftServerConfigKeys (ConfUtils.java:logGet(44)) - raft.server.log.appender.buffer.byte-limit = 33554432 (custom)
2021-12-29 13:35:46,443 [Listener at 127.0.0.1/45663] INFO  server.GrpcService (ConfUtils.java:logGet(44)) - raft.grpc.flow.control.window = 5MB (=5242880) (custom)
2021-12-29 13:35:46,443 [Listener at 127.0.0.1/45663] INFO  server.RaftServerConfigKeys (ConfUtils.java:logGet(44)) - raft.server.rpc.request.timeout = 60s (custom)
2021-12-29 13:35:46,444 [Listener at 127.0.0.1/45663] INFO  impl.DataStreamServerImpl (ConfUtils.java:logGet(44)) - raft.datastream.type = DISABLED (default)
2021-12-29 13:35:46,444 [Listener at 127.0.0.1/45663] INFO  server.RaftServerConfigKeys (ConfUtils.java:logGet(44)) - raft.server.rpc.slowness.timeout = 300s (custom)
2021-12-29 13:35:46,444 [Listener at 127.0.0.1/45663] INFO  server.RaftServerConfigKeys (ConfUtils.java:logGet(44)) - raft.server.leaderelection.leader.step-down.wait-time = 10s (default)
2021-12-29 13:35:46,445 [Listener at 127.0.0.1/45663] INFO  server.RaftServerConfigKeys (ConfUtils.java:logGet(44)) - raft.server.storage.dir = [/home/runner/work/ozone/ozone/hadoop-ozone/integration-test/target/test-dir/MiniOzoneClusterImpl-737e1f92-2285-4928-9988-49e5ed44796c/datanode-0/data/ratis] (custom)
2021-12-29 13:35:46,446 [Listener at 127.0.0.1/45663] INFO  server.XceiverServerGrpc (XceiverServerGrpc.java:<init>(132)) - GrpcServer channel type EpollServerSocketChannel
2021-12-29 13:35:46,457 [Listener at 127.0.0.1/45663] INFO  http.BaseHttpServer (BaseHttpServer.java:newHttpServer2BuilderForOzone(209)) - Starting Web-server for hddsDatanode at: http://0.0.0.0:0
2021-12-29 13:35:46,457 [Listener at 127.0.0.1/45663] INFO  http.BaseHttpServer (BaseHttpServer.java:<init>(107)) - Hadoop Security Enabled: false Ozone Security Enabled: false Ozone HTTP Security Enabled: false 
2021-12-29 13:35:46,458 [Listener at 127.0.0.1/45663] INFO  server.AuthenticationFilter (AuthenticationFilter.java:constructSecretProvider(240)) - Unable to initialize FileSignerSecretProvider, falling back to use random secrets.
2021-12-29 13:35:46,471 [Listener at 127.0.0.1/45663] WARN  http.HttpRequestLog (HttpRequestLog.java:getRequestLog(103)) - Jetty request log can only be enabled using Log4j
2021-12-29 13:35:46,473 [Listener at 127.0.0.1/45663] INFO  http.HttpServer2 (HttpServer2.java:addGlobalFilter(1030)) - Added global filter 'safety' (class=org.apache.hadoop.hdds.server.http.HttpServer2$QuotingInputFilter)
2021-12-29 13:35:46,473 [Listener at 127.0.0.1/45663] INFO  http.HttpServer2 (HttpServer2.java:addFilter(1006)) - Added filter static_user_filter (class=org.apache.hadoop.http.lib.StaticUserWebFilter$StaticUserFilter) to context hddsDatanode
2021-12-29 13:35:46,473 [Listener at 127.0.0.1/45663] INFO  http.HttpServer2 (HttpServer2.java:addFilter(1014)) - Added filter static_user_filter (class=org.apache.hadoop.http.lib.StaticUserWebFilter$StaticUserFilter) to context logs
2021-12-29 13:35:46,473 [Listener at 127.0.0.1/45663] INFO  http.HttpServer2 (HttpServer2.java:addFilter(1014)) - Added filter static_user_filter (class=org.apache.hadoop.http.lib.StaticUserWebFilter$StaticUserFilter) to context static
2021-12-29 13:35:46,474 [Listener at 127.0.0.1/45663] INFO  http.HttpServer2 (HttpServer2.java:bindListener(1249)) - Jetty bound to port 43849
2021-12-29 13:35:46,474 [Listener at 127.0.0.1/45663] INFO  server.Server (Server.java:doStart(375)) - jetty-9.4.43.v20210629; built: 2021-06-30T11:07:22.254Z; git: 526006ecfa3af7f1a27ef3a288e2bef7ea9dd7e8; jvm 1.8.0_292-b10
2021-12-29 13:35:46,479 [Listener at 127.0.0.1/45663] INFO  server.session (DefaultSessionIdManager.java:doStart(334)) - DefaultSessionIdManager workerName=node0
2021-12-29 13:35:46,479 [Listener at 127.0.0.1/45663] INFO  server.session (DefaultSessionIdManager.java:doStart(339)) - No SessionScavenger set, using defaults
2021-12-29 13:35:46,479 [Listener at 127.0.0.1/45663] INFO  server.session (HouseKeeper.java:startScavenging(132)) - node0 Scavenging every 600000ms
2021-12-29 13:35:46,480 [Listener at 127.0.0.1/45663] INFO  handler.ContextHandler (ContextHandler.java:doStart(915)) - Started o.e.j.s.ServletContextHandler@6b714533{logs,/logs,file:///home/runner/work/ozone/ozone/hadoop-ozone/integration-test/target/log,AVAILABLE}
2021-12-29 13:35:46,480 [Listener at 127.0.0.1/45663] INFO  handler.ContextHandler (ContextHandler.java:doStart(915)) - Started o.e.j.s.ServletContextHandler@130b5564{static,/static,jar:file:/home/runner/.m2/repository/org/apache/ozone/hdds-container-service/1.3.0-SNAPSHOT/hdds-container-service-1.3.0-SNAPSHOT.jar!/webapps/static,AVAILABLE}
2021-12-29 13:35:46,595 [Listener at 127.0.0.1/45663] INFO  handler.ContextHandler (ContextHandler.java:doStart(915)) - Started o.e.j.w.WebAppContext@5e55c959{hddsDatanode,/,file:///tmp/jetty-0_0_0_0-43849-hdds-container-service-1_3_0-SNAPSHOT_jar-_-any-8355906553329198758/webapp/,AVAILABLE}{jar:file:/home/runner/.m2/repository/org/apache/ozone/hdds-container-service/1.3.0-SNAPSHOT/hdds-container-service-1.3.0-SNAPSHOT.jar!/webapps/hddsDatanode}
2021-12-29 13:35:46,602 [Listener at 127.0.0.1/45663] INFO  server.AbstractConnector (AbstractConnector.java:doStart(331)) - Started ServerConnector@4d42465e{HTTP/1.1, (http/1.1)}{0.0.0.0:43849}
2021-12-29 13:35:46,610 [Listener at 127.0.0.1/45663] INFO  server.Server (Server.java:doStart(415)) - Started @110137ms
2021-12-29 13:35:46,610 [Listener at 127.0.0.1/45663] WARN  impl.MetricsSystemImpl (MetricsSystemImpl.java:register(279)) - Sink prometheus already exists!
2021-12-29 13:35:46,611 [Listener at 127.0.0.1/45663] INFO  http.BaseHttpServer (BaseHttpServer.java:updateConnectorAddress(329)) - HTTP server of hddsDatanode listening at http://0.0.0.0:43849
2021-12-29 13:35:46,630 [Listener at 127.0.0.1/45663] INFO  impl.MetricsSystemImpl (MetricsSystemImpl.java:init(158)) - HddsDatanode metrics system started (again)
2021-12-29 13:35:46,634 [Datanode State Machine Daemon Thread] INFO  statemachine.DatanodeStateMachine (DatanodeStateMachine.java:lambda$startDaemon$0(467)) - Ozone container server started.
2021-12-29 13:35:46,693 [Datanode State Machine Task Thread - 0] INFO  datanode.InitDatanodeState (InitDatanodeState.java:persistContainerDatanodeDetails(145)) - DatanodeDetails is persisted to /home/runner/work/ozone/ozone/hadoop-ozone/integration-test/target/test-dir/MiniOzoneClusterImpl-737e1f92-2285-4928-9988-49e5ed44796c/datanode-0/meta/datanode.id
2021-12-29 13:35:46,693 [org.apache.hadoop.util.JvmPauseMonitor$Monitor@5bacd63] INFO  util.JvmPauseMonitor (JvmPauseMonitor.java:run(188)) - Starting JVM pause monitor
2021-12-29 13:35:46,695 [Listener at 127.0.0.1/45663] INFO  ozone.HddsDatanodeService (HddsDatanodeService.java:start(234)) - HddsDatanodeService host:fv-az59-280.csjynl4pkq3e1pkirw3ssqjfoh.cx.internal.cloudapp.net ip:10.1.0.26
2021-12-29 13:35:46,731 [Listener at 127.0.0.1/45663] INFO  upgrade.AbstractLayoutVersionManager (AbstractLayoutVersionManager.java:init(79)) - Initializing Layout version manager with metadata layout = SCM_HA (version = 2), software layout = SCM_HA (version = 2)
2021-12-29 13:35:46,851 [Listener at 127.0.0.1/45663] INFO  reflections.Reflections (Reflections.java:scan(232)) - Reflections took 118 ms to scan 7 urls, producing 119 keys and 279 values 
2021-12-29 13:35:46,866 [Listener at 127.0.0.1/45663] INFO  statemachine.DatanodeStateMachine (DatanodeStateMachine.java:getEndPointTaskThreadPoolSize(219)) - Datanode State Machine Task Thread Pool size 2
2021-12-29 13:35:46,881 [Listener at 127.0.0.1/45663] INFO  volume.HddsVolume (HddsVolume.java:<init>(120)) - Creating HddsVolume: /home/runner/work/ozone/ozone/hadoop-ozone/integration-test/target/test-dir/MiniOzoneClusterImpl-737e1f92-2285-4928-9988-49e5ed44796c/datanode-1/data-0/containers/hdds of storage type : DISK capacity : 9223372036854775807
2021-12-29 13:35:46,882 [Listener at 127.0.0.1/45663] INFO  volume.MutableVolumeSet (MutableVolumeSet.java:initializeVolumeSet(168)) - Added Volume : /home/runner/work/ozone/ozone/hadoop-ozone/integration-test/target/test-dir/MiniOzoneClusterImpl-737e1f92-2285-4928-9988-49e5ed44796c/datanode-1/data-0/containers/hdds to VolumeSet
2021-12-29 13:35:46,882 [Listener at 127.0.0.1/45663] INFO  volume.ThrottledAsyncChecker (ThrottledAsyncChecker.java:schedule(141)) - Scheduling a check for /home/runner/work/ozone/ozone/hadoop-ozone/integration-test/target/test-dir/MiniOzoneClusterImpl-737e1f92-2285-4928-9988-49e5ed44796c/datanode-1/data-0/containers/hdds
2021-12-29 13:35:46,890 [Listener at 127.0.0.1/45663] INFO  volume.StorageVolumeChecker (StorageVolumeChecker.java:checkAllVolumes(202)) - Scheduled health check for volume /home/runner/work/ozone/ozone/hadoop-ozone/integration-test/target/test-dir/MiniOzoneClusterImpl-737e1f92-2285-4928-9988-49e5ed44796c/datanode-1/data-0/containers/hdds
2021-12-29 13:35:46,912 [Listener at 127.0.0.1/45663] INFO  volume.MutableVolumeSet (MutableVolumeSet.java:initializeVolumeSet(168)) - Added Volume : /home/runner/work/ozone/ozone/hadoop-ozone/integration-test/target/test-dir/MiniOzoneClusterImpl-737e1f92-2285-4928-9988-49e5ed44796c/datanode-1/data/ratis to VolumeSet
2021-12-29 13:35:46,912 [Listener at 127.0.0.1/45663] INFO  volume.ThrottledAsyncChecker (ThrottledAsyncChecker.java:schedule(141)) - Scheduling a check for /home/runner/work/ozone/ozone/hadoop-ozone/integration-test/target/test-dir/MiniOzoneClusterImpl-737e1f92-2285-4928-9988-49e5ed44796c/datanode-1/data/ratis
2021-12-29 13:35:46,913 [Listener at 127.0.0.1/45663] INFO  volume.StorageVolumeChecker (StorageVolumeChecker.java:checkAllVolumes(202)) - Scheduled health check for volume /home/runner/work/ozone/ozone/hadoop-ozone/integration-test/target/test-dir/MiniOzoneClusterImpl-737e1f92-2285-4928-9988-49e5ed44796c/datanode-1/data/ratis
2021-12-29 13:35:46,924 [Thread-899] INFO  ozoneimpl.ContainerReader (ContainerReader.java:readVolume(172)) - Finish verifying containers on volume /home/runner/work/ozone/ozone/hadoop-ozone/integration-test/target/test-dir/MiniOzoneClusterImpl-737e1f92-2285-4928-9988-49e5ed44796c/datanode-1/data-0/containers/hdds
2021-12-29 13:35:46,925 [Listener at 127.0.0.1/45663] INFO  ozoneimpl.OzoneContainer (OzoneContainer.java:buildContainerSet(237)) - Build ContainerSet costs 0s
2021-12-29 13:35:46,927 [Listener at 127.0.0.1/45663] INFO  server.RaftServer (ConfUtils.java:logGet(44)) - raft.rpc.type = GRPC (default)
2021-12-29 13:35:46,927 [Listener at 127.0.0.1/45663] INFO  grpc.GrpcFactory (GrpcFactory.java:checkPooledByteBufAllocatorUseCacheForAllThreads(48)) - PERFORMANCE WARNING: useCacheForAllThreads is true that may cause Netty to create a lot garbage objects and, as a result, trigger GC.
	It is recommended to disable useCacheForAllThreads by setting -Dorg.apache.ratis.thirdparty.io.netty.allocator.useCacheForAllThreads=false in command line.
2021-12-29 13:35:46,927 [Listener at 127.0.0.1/45663] INFO  grpc.GrpcConfigKeys (ConfUtils.java:logGet(44)) - raft.grpc.admin.port = 0 (custom)
2021-12-29 13:35:46,927 [Listener at 127.0.0.1/45663] INFO  grpc.GrpcConfigKeys (ConfUtils.java:logGet(44)) - raft.grpc.client.port = 0 (custom)
2021-12-29 13:35:46,928 [Listener at 127.0.0.1/45663] INFO  grpc.GrpcConfigKeys (ConfUtils.java:logGet(44)) - raft.grpc.server.port = 0 (default)
2021-12-29 13:35:46,928 [Listener at 127.0.0.1/45663] INFO  server.GrpcService (ConfUtils.java:logGet(44)) - raft.grpc.message.size.max = 32MB (=33554432) (custom)
2021-12-29 13:35:46,928 [Listener at 127.0.0.1/45663] INFO  server.RaftServerConfigKeys (ConfUtils.java:logGet(44)) - raft.server.log.appender.buffer.byte-limit = 33554432 (custom)
2021-12-29 13:35:46,928 [Listener at 127.0.0.1/45663] INFO  server.GrpcService (ConfUtils.java:logGet(44)) - raft.grpc.flow.control.window = 5MB (=5242880) (custom)
2021-12-29 13:35:46,928 [Listener at 127.0.0.1/45663] INFO  server.RaftServerConfigKeys (ConfUtils.java:logGet(44)) - raft.server.rpc.request.timeout = 60s (custom)
2021-12-29 13:35:46,929 [Listener at 127.0.0.1/45663] INFO  impl.DataStreamServerImpl (ConfUtils.java:logGet(44)) - raft.datastream.type = DISABLED (default)
2021-12-29 13:35:46,929 [Listener at 127.0.0.1/45663] INFO  server.RaftServerConfigKeys (ConfUtils.java:logGet(44)) - raft.server.rpc.slowness.timeout = 300s (custom)
2021-12-29 13:35:46,930 [Listener at 127.0.0.1/45663] INFO  server.RaftServerConfigKeys (ConfUtils.java:logGet(44)) - raft.server.leaderelection.leader.step-down.wait-time = 10s (default)
2021-12-29 13:35:46,930 [Listener at 127.0.0.1/45663] INFO  server.RaftServerConfigKeys (ConfUtils.java:logGet(44)) - raft.server.storage.dir = [/home/runner/work/ozone/ozone/hadoop-ozone/integration-test/target/test-dir/MiniOzoneClusterImpl-737e1f92-2285-4928-9988-49e5ed44796c/datanode-1/data/ratis] (custom)
2021-12-29 13:35:46,931 [Listener at 127.0.0.1/45663] INFO  server.XceiverServerGrpc (XceiverServerGrpc.java:<init>(132)) - GrpcServer channel type EpollServerSocketChannel
2021-12-29 13:35:46,939 [Listener at 127.0.0.1/45663] INFO  http.BaseHttpServer (BaseHttpServer.java:newHttpServer2BuilderForOzone(209)) - Starting Web-server for hddsDatanode at: http://0.0.0.0:0
2021-12-29 13:35:46,939 [Listener at 127.0.0.1/45663] INFO  http.BaseHttpServer (BaseHttpServer.java:<init>(107)) - Hadoop Security Enabled: false Ozone Security Enabled: false Ozone HTTP Security Enabled: false 
2021-12-29 13:35:46,940 [Listener at 127.0.0.1/45663] INFO  server.AuthenticationFilter (AuthenticationFilter.java:constructSecretProvider(240)) - Unable to initialize FileSignerSecretProvider, falling back to use random secrets.
2021-12-29 13:35:46,954 [Listener at 127.0.0.1/45663] WARN  http.HttpRequestLog (HttpRequestLog.java:getRequestLog(103)) - Jetty request log can only be enabled using Log4j
2021-12-29 13:35:46,954 [Listener at 127.0.0.1/45663] INFO  http.HttpServer2 (HttpServer2.java:addGlobalFilter(1030)) - Added global filter 'safety' (class=org.apache.hadoop.hdds.server.http.HttpServer2$QuotingInputFilter)
2021-12-29 13:35:46,955 [Listener at 127.0.0.1/45663] INFO  http.HttpServer2 (HttpServer2.java:addFilter(1006)) - Added filter static_user_filter (class=org.apache.hadoop.http.lib.StaticUserWebFilter$StaticUserFilter) to context hddsDatanode
2021-12-29 13:35:46,955 [Listener at 127.0.0.1/45663] INFO  http.HttpServer2 (HttpServer2.java:addFilter(1014)) - Added filter static_user_filter (class=org.apache.hadoop.http.lib.StaticUserWebFilter$StaticUserFilter) to context logs
2021-12-29 13:35:46,955 [Listener at 127.0.0.1/45663] INFO  http.HttpServer2 (HttpServer2.java:addFilter(1014)) - Added filter static_user_filter (class=org.apache.hadoop.http.lib.StaticUserWebFilter$StaticUserFilter) to context static
2021-12-29 13:35:46,956 [Listener at 127.0.0.1/45663] INFO  http.HttpServer2 (HttpServer2.java:bindListener(1249)) - Jetty bound to port 43981
2021-12-29 13:35:46,956 [Listener at 127.0.0.1/45663] INFO  server.Server (Server.java:doStart(375)) - jetty-9.4.43.v20210629; built: 2021-06-30T11:07:22.254Z; git: 526006ecfa3af7f1a27ef3a288e2bef7ea9dd7e8; jvm 1.8.0_292-b10
2021-12-29 13:35:46,977 [Listener at 127.0.0.1/45663] INFO  server.session (DefaultSessionIdManager.java:doStart(334)) - DefaultSessionIdManager workerName=node0
2021-12-29 13:35:46,978 [Listener at 127.0.0.1/45663] INFO  server.session (DefaultSessionIdManager.java:doStart(339)) - No SessionScavenger set, using defaults
2021-12-29 13:35:46,978 [Listener at 127.0.0.1/45663] INFO  server.session (HouseKeeper.java:startScavenging(132)) - node0 Scavenging every 660000ms
2021-12-29 13:35:46,979 [Listener at 127.0.0.1/45663] INFO  handler.ContextHandler (ContextHandler.java:doStart(915)) - Started o.e.j.s.ServletContextHandler@66102db6{logs,/logs,file:///home/runner/work/ozone/ozone/hadoop-ozone/integration-test/target/log,AVAILABLE}
2021-12-29 13:35:46,979 [Listener at 127.0.0.1/45663] INFO  handler.ContextHandler (ContextHandler.java:doStart(915)) - Started o.e.j.s.ServletContextHandler@d59f195{static,/static,jar:file:/home/runner/.m2/repository/org/apache/ozone/hdds-container-service/1.3.0-SNAPSHOT/hdds-container-service-1.3.0-SNAPSHOT.jar!/webapps/static,AVAILABLE}
2021-12-29 13:35:47,109 [Listener at 127.0.0.1/45663] INFO  handler.ContextHandler (ContextHandler.java:doStart(915)) - Started o.e.j.w.WebAppContext@19f52861{hddsDatanode,/,file:///tmp/jetty-0_0_0_0-43981-hdds-container-service-1_3_0-SNAPSHOT_jar-_-any-4631026690115946012/webapp/,AVAILABLE}{jar:file:/home/runner/.m2/repository/org/apache/ozone/hdds-container-service/1.3.0-SNAPSHOT/hdds-container-service-1.3.0-SNAPSHOT.jar!/webapps/hddsDatanode}
2021-12-29 13:35:47,124 [Listener at 127.0.0.1/45663] INFO  server.AbstractConnector (AbstractConnector.java:doStart(331)) - Started ServerConnector@43d21ec0{HTTP/1.1, (http/1.1)}{0.0.0.0:43981}
2021-12-29 13:35:47,124 [Listener at 127.0.0.1/45663] INFO  server.Server (Server.java:doStart(415)) - Started @110651ms
2021-12-29 13:35:47,124 [Listener at 127.0.0.1/45663] WARN  impl.MetricsSystemImpl (MetricsSystemImpl.java:register(279)) - Sink prometheus already exists!
2021-12-29 13:35:47,125 [Listener at 127.0.0.1/45663] INFO  http.BaseHttpServer (BaseHttpServer.java:updateConnectorAddress(329)) - HTTP server of hddsDatanode listening at http://0.0.0.0:43981
2021-12-29 13:35:47,133 [Listener at 127.0.0.1/45663] INFO  impl.MetricsSystemImpl (MetricsSystemImpl.java:init(158)) - HddsDatanode metrics system started (again)
2021-12-29 13:35:47,148 [Datanode State Machine Daemon Thread] INFO  statemachine.DatanodeStateMachine (DatanodeStateMachine.java:lambda$startDaemon$0(467)) - Ozone container server started.
2021-12-29 13:35:47,158 [Listener at 127.0.0.1/45663] INFO  ozone.HddsDatanodeService (HddsDatanodeService.java:start(234)) - HddsDatanodeService host:fv-az59-280.csjynl4pkq3e1pkirw3ssqjfoh.cx.internal.cloudapp.net ip:10.1.0.26
2021-12-29 13:35:47,198 [org.apache.hadoop.util.JvmPauseMonitor$Monitor@840793c] INFO  util.JvmPauseMonitor (JvmPauseMonitor.java:run(188)) - Starting JVM pause monitor
2021-12-29 13:35:47,224 [Listener at 127.0.0.1/45663] INFO  upgrade.AbstractLayoutVersionManager (AbstractLayoutVersionManager.java:init(79)) - Initializing Layout version manager with metadata layout = SCM_HA (version = 2), software layout = SCM_HA (version = 2)
2021-12-29 13:35:47,233 [Datanode State Machine Task Thread - 0] INFO  datanode.InitDatanodeState (InitDatanodeState.java:persistContainerDatanodeDetails(145)) - DatanodeDetails is persisted to /home/runner/work/ozone/ozone/hadoop-ozone/integration-test/target/test-dir/MiniOzoneClusterImpl-737e1f92-2285-4928-9988-49e5ed44796c/datanode-1/meta/datanode.id
2021-12-29 13:35:47,341 [Listener at 127.0.0.1/45663] INFO  reflections.Reflections (Reflections.java:scan(232)) - Reflections took 111 ms to scan 7 urls, producing 119 keys and 279 values 
2021-12-29 13:35:47,342 [Listener at 127.0.0.1/45663] INFO  statemachine.DatanodeStateMachine (DatanodeStateMachine.java:getEndPointTaskThreadPoolSize(219)) - Datanode State Machine Task Thread Pool size 2
2021-12-29 13:35:47,344 [Listener at 127.0.0.1/45663] INFO  volume.HddsVolume (HddsVolume.java:<init>(120)) - Creating HddsVolume: /home/runner/work/ozone/ozone/hadoop-ozone/integration-test/target/test-dir/MiniOzoneClusterImpl-737e1f92-2285-4928-9988-49e5ed44796c/datanode-2/data-0/containers/hdds of storage type : DISK capacity : 9223372036854775807
2021-12-29 13:35:47,344 [Listener at 127.0.0.1/45663] INFO  volume.MutableVolumeSet (MutableVolumeSet.java:initializeVolumeSet(168)) - Added Volume : /home/runner/work/ozone/ozone/hadoop-ozone/integration-test/target/test-dir/MiniOzoneClusterImpl-737e1f92-2285-4928-9988-49e5ed44796c/datanode-2/data-0/containers/hdds to VolumeSet
2021-12-29 13:35:47,344 [Listener at 127.0.0.1/45663] INFO  volume.ThrottledAsyncChecker (ThrottledAsyncChecker.java:schedule(141)) - Scheduling a check for /home/runner/work/ozone/ozone/hadoop-ozone/integration-test/target/test-dir/MiniOzoneClusterImpl-737e1f92-2285-4928-9988-49e5ed44796c/datanode-2/data-0/containers/hdds
2021-12-29 13:35:47,350 [Listener at 127.0.0.1/45663] INFO  volume.StorageVolumeChecker (StorageVolumeChecker.java:checkAllVolumes(202)) - Scheduled health check for volume /home/runner/work/ozone/ozone/hadoop-ozone/integration-test/target/test-dir/MiniOzoneClusterImpl-737e1f92-2285-4928-9988-49e5ed44796c/datanode-2/data-0/containers/hdds
2021-12-29 13:35:47,381 [Listener at 127.0.0.1/45663] INFO  volume.MutableVolumeSet (MutableVolumeSet.java:initializeVolumeSet(168)) - Added Volume : /home/runner/work/ozone/ozone/hadoop-ozone/integration-test/target/test-dir/MiniOzoneClusterImpl-737e1f92-2285-4928-9988-49e5ed44796c/datanode-2/data/ratis to VolumeSet
2021-12-29 13:35:47,381 [Listener at 127.0.0.1/45663] INFO  volume.ThrottledAsyncChecker (ThrottledAsyncChecker.java:schedule(141)) - Scheduling a check for /home/runner/work/ozone/ozone/hadoop-ozone/integration-test/target/test-dir/MiniOzoneClusterImpl-737e1f92-2285-4928-9988-49e5ed44796c/datanode-2/data/ratis
2021-12-29 13:35:47,381 [Listener at 127.0.0.1/45663] INFO  volume.StorageVolumeChecker (StorageVolumeChecker.java:checkAllVolumes(202)) - Scheduled health check for volume /home/runner/work/ozone/ozone/hadoop-ozone/integration-test/target/test-dir/MiniOzoneClusterImpl-737e1f92-2285-4928-9988-49e5ed44796c/datanode-2/data/ratis
2021-12-29 13:35:47,434 [Thread-911] INFO  ozoneimpl.ContainerReader (ContainerReader.java:readVolume(172)) - Finish verifying containers on volume /home/runner/work/ozone/ozone/hadoop-ozone/integration-test/target/test-dir/MiniOzoneClusterImpl-737e1f92-2285-4928-9988-49e5ed44796c/datanode-2/data-0/containers/hdds
2021-12-29 13:35:47,434 [Listener at 127.0.0.1/45663] INFO  ozoneimpl.OzoneContainer (OzoneContainer.java:buildContainerSet(237)) - Build ContainerSet costs 0s
2021-12-29 13:35:47,436 [Listener at 127.0.0.1/45663] INFO  server.RaftServer (ConfUtils.java:logGet(44)) - raft.rpc.type = GRPC (default)
2021-12-29 13:35:47,436 [Listener at 127.0.0.1/45663] INFO  grpc.GrpcFactory (GrpcFactory.java:checkPooledByteBufAllocatorUseCacheForAllThreads(48)) - PERFORMANCE WARNING: useCacheForAllThreads is true that may cause Netty to create a lot garbage objects and, as a result, trigger GC.
	It is recommended to disable useCacheForAllThreads by setting -Dorg.apache.ratis.thirdparty.io.netty.allocator.useCacheForAllThreads=false in command line.
2021-12-29 13:35:47,436 [Listener at 127.0.0.1/45663] INFO  grpc.GrpcConfigKeys (ConfUtils.java:logGet(44)) - raft.grpc.admin.port = 0 (custom)
2021-12-29 13:35:47,436 [Listener at 127.0.0.1/45663] INFO  grpc.GrpcConfigKeys (ConfUtils.java:logGet(44)) - raft.grpc.client.port = 0 (custom)
2021-12-29 13:35:47,436 [Listener at 127.0.0.1/45663] INFO  grpc.GrpcConfigKeys (ConfUtils.java:logGet(44)) - raft.grpc.server.port = 0 (default)
2021-12-29 13:35:47,436 [Listener at 127.0.0.1/45663] INFO  server.GrpcService (ConfUtils.java:logGet(44)) - raft.grpc.message.size.max = 32MB (=33554432) (custom)
2021-12-29 13:35:47,437 [Listener at 127.0.0.1/45663] INFO  server.RaftServerConfigKeys (ConfUtils.java:logGet(44)) - raft.server.log.appender.buffer.byte-limit = 33554432 (custom)
2021-12-29 13:35:47,437 [Listener at 127.0.0.1/45663] INFO  server.GrpcService (ConfUtils.java:logGet(44)) - raft.grpc.flow.control.window = 5MB (=5242880) (custom)
2021-12-29 13:35:47,437 [Listener at 127.0.0.1/45663] INFO  server.RaftServerConfigKeys (ConfUtils.java:logGet(44)) - raft.server.rpc.request.timeout = 60s (custom)
2021-12-29 13:35:47,438 [Listener at 127.0.0.1/45663] INFO  impl.DataStreamServerImpl (ConfUtils.java:logGet(44)) - raft.datastream.type = DISABLED (default)
2021-12-29 13:35:47,438 [Listener at 127.0.0.1/45663] INFO  server.RaftServerConfigKeys (ConfUtils.java:logGet(44)) - raft.server.rpc.slowness.timeout = 300s (custom)
2021-12-29 13:35:47,438 [Listener at 127.0.0.1/45663] INFO  server.RaftServerConfigKeys (ConfUtils.java:logGet(44)) - raft.server.leaderelection.leader.step-down.wait-time = 10s (default)
2021-12-29 13:35:47,439 [Listener at 127.0.0.1/45663] INFO  server.RaftServerConfigKeys (ConfUtils.java:logGet(44)) - raft.server.storage.dir = [/home/runner/work/ozone/ozone/hadoop-ozone/integration-test/target/test-dir/MiniOzoneClusterImpl-737e1f92-2285-4928-9988-49e5ed44796c/datanode-2/data/ratis] (custom)
2021-12-29 13:35:47,443 [Listener at 127.0.0.1/45663] INFO  server.XceiverServerGrpc (XceiverServerGrpc.java:<init>(132)) - GrpcServer channel type EpollServerSocketChannel
2021-12-29 13:35:47,455 [Listener at 127.0.0.1/45663] INFO  http.BaseHttpServer (BaseHttpServer.java:newHttpServer2BuilderForOzone(209)) - Starting Web-server for hddsDatanode at: http://0.0.0.0:0
2021-12-29 13:35:47,455 [Listener at 127.0.0.1/45663] INFO  http.BaseHttpServer (BaseHttpServer.java:<init>(107)) - Hadoop Security Enabled: false Ozone Security Enabled: false Ozone HTTP Security Enabled: false 
2021-12-29 13:35:47,456 [Listener at 127.0.0.1/45663] INFO  server.AuthenticationFilter (AuthenticationFilter.java:constructSecretProvider(240)) - Unable to initialize FileSignerSecretProvider, falling back to use random secrets.
2021-12-29 13:35:47,465 [Listener at 127.0.0.1/45663] WARN  http.HttpRequestLog (HttpRequestLog.java:getRequestLog(103)) - Jetty request log can only be enabled using Log4j
2021-12-29 13:35:47,466 [Listener at 127.0.0.1/45663] INFO  http.HttpServer2 (HttpServer2.java:addGlobalFilter(1030)) - Added global filter 'safety' (class=org.apache.hadoop.hdds.server.http.HttpServer2$QuotingInputFilter)
2021-12-29 13:35:47,466 [Listener at 127.0.0.1/45663] INFO  http.HttpServer2 (HttpServer2.java:addFilter(1006)) - Added filter static_user_filter (class=org.apache.hadoop.http.lib.StaticUserWebFilter$StaticUserFilter) to context hddsDatanode
2021-12-29 13:35:47,467 [Listener at 127.0.0.1/45663] INFO  http.HttpServer2 (HttpServer2.java:addFilter(1014)) - Added filter static_user_filter (class=org.apache.hadoop.http.lib.StaticUserWebFilter$StaticUserFilter) to context static
2021-12-29 13:35:47,467 [Listener at 127.0.0.1/45663] INFO  http.HttpServer2 (HttpServer2.java:addFilter(1014)) - Added filter static_user_filter (class=org.apache.hadoop.http.lib.StaticUserWebFilter$StaticUserFilter) to context logs
2021-12-29 13:35:47,467 [Listener at 127.0.0.1/45663] INFO  http.HttpServer2 (HttpServer2.java:bindListener(1249)) - Jetty bound to port 41363
2021-12-29 13:35:47,467 [Listener at 127.0.0.1/45663] INFO  server.Server (Server.java:doStart(375)) - jetty-9.4.43.v20210629; built: 2021-06-30T11:07:22.254Z; git: 526006ecfa3af7f1a27ef3a288e2bef7ea9dd7e8; jvm 1.8.0_292-b10
2021-12-29 13:35:47,469 [Listener at 127.0.0.1/45663] INFO  server.session (DefaultSessionIdManager.java:doStart(334)) - DefaultSessionIdManager workerName=node0
2021-12-29 13:35:47,469 [Listener at 127.0.0.1/45663] INFO  server.session (DefaultSessionIdManager.java:doStart(339)) - No SessionScavenger set, using defaults
2021-12-29 13:35:47,469 [Listener at 127.0.0.1/45663] INFO  server.session (HouseKeeper.java:startScavenging(132)) - node0 Scavenging every 600000ms
2021-12-29 13:35:47,470 [Listener at 127.0.0.1/45663] INFO  handler.ContextHandler (ContextHandler.java:doStart(915)) - Started o.e.j.s.ServletContextHandler@446043bd{logs,/logs,file:///home/runner/work/ozone/ozone/hadoop-ozone/integration-test/target/log,AVAILABLE}
2021-12-29 13:35:47,470 [Listener at 127.0.0.1/45663] INFO  handler.ContextHandler (ContextHandler.java:doStart(915)) - Started o.e.j.s.ServletContextHandler@7c3ccb39{static,/static,jar:file:/home/runner/.m2/repository/org/apache/ozone/hdds-container-service/1.3.0-SNAPSHOT/hdds-container-service-1.3.0-SNAPSHOT.jar!/webapps/static,AVAILABLE}
2021-12-29 13:35:47,563 [Listener at 127.0.0.1/45663] INFO  handler.ContextHandler (ContextHandler.java:doStart(915)) - Started o.e.j.w.WebAppContext@639f6444{hddsDatanode,/,file:///tmp/jetty-0_0_0_0-41363-hdds-container-service-1_3_0-SNAPSHOT_jar-_-any-2191378253887347272/webapp/,AVAILABLE}{jar:file:/home/runner/.m2/repository/org/apache/ozone/hdds-container-service/1.3.0-SNAPSHOT/hdds-container-service-1.3.0-SNAPSHOT.jar!/webapps/hddsDatanode}
2021-12-29 13:35:47,586 [Listener at 127.0.0.1/45663] INFO  server.AbstractConnector (AbstractConnector.java:doStart(331)) - Started ServerConnector@44c7d474{HTTP/1.1, (http/1.1)}{0.0.0.0:41363}
2021-12-29 13:35:47,587 [Listener at 127.0.0.1/45663] INFO  server.Server (Server.java:doStart(415)) - Started @111114ms
2021-12-29 13:35:47,587 [Listener at 127.0.0.1/45663] WARN  impl.MetricsSystemImpl (MetricsSystemImpl.java:register(279)) - Sink prometheus already exists!
2021-12-29 13:35:47,590 [Listener at 127.0.0.1/45663] INFO  http.BaseHttpServer (BaseHttpServer.java:updateConnectorAddress(329)) - HTTP server of hddsDatanode listening at http://0.0.0.0:41363
2021-12-29 13:35:47,594 [Listener at 127.0.0.1/45663] INFO  ozone.MiniOzoneClusterImpl (MiniOzoneClusterImpl.java:lambda$waitForClusterToBeReady$0(235)) - Waiting for nodes to be ready. Got 0 of 3 DN Heartbeats.
2021-12-29 13:35:47,594 [Listener at 127.0.0.1/45663] INFO  ozone.MiniOzoneClusterImpl (MiniOzoneClusterImpl.java:lambda$waitForClusterToBeReady$0(238)) - Waiting for cluster to exit safe mode
2021-12-29 13:35:47,595 [Listener at 127.0.0.1/45663] INFO  ozone.MiniOzoneClusterImpl (MiniOzoneClusterImpl.java:lambda$waitForClusterToBeReady$0(240)) - SCM became leader
2021-12-29 13:35:47,595 [Datanode State Machine Daemon Thread] INFO  statemachine.DatanodeStateMachine (DatanodeStateMachine.java:lambda$startDaemon$0(467)) - Ozone container server started.
2021-12-29 13:35:47,626 [org.apache.hadoop.util.JvmPauseMonitor$Monitor@1341ffbe] INFO  util.JvmPauseMonitor (JvmPauseMonitor.java:run(188)) - Starting JVM pause monitor
2021-12-29 13:35:47,627 [Datanode State Machine Task Thread - 0] INFO  datanode.InitDatanodeState (InitDatanodeState.java:persistContainerDatanodeDetails(145)) - DatanodeDetails is persisted to /home/runner/work/ozone/ozone/hadoop-ozone/integration-test/target/test-dir/MiniOzoneClusterImpl-737e1f92-2285-4928-9988-49e5ed44796c/datanode-2/meta/datanode.id
2021-12-29 13:35:48,595 [Listener at 127.0.0.1/45663] INFO  ozone.MiniOzoneClusterImpl (MiniOzoneClusterImpl.java:lambda$waitForClusterToBeReady$0(235)) - Waiting for nodes to be ready. Got 0 of 3 DN Heartbeats.
2021-12-29 13:35:48,596 [Listener at 127.0.0.1/45663] INFO  ozone.MiniOzoneClusterImpl (MiniOzoneClusterImpl.java:lambda$waitForClusterToBeReady$0(238)) - Waiting for cluster to exit safe mode
2021-12-29 13:35:48,596 [Listener at 127.0.0.1/45663] INFO  ozone.MiniOzoneClusterImpl (MiniOzoneClusterImpl.java:lambda$waitForClusterToBeReady$0(240)) - SCM became leader
2021-12-29 13:35:48,727 [EndpointStateMachine task thread for /0.0.0.0:38011 - 0 ] INFO  ozoneimpl.OzoneContainer (OzoneContainer.java:start(315)) - Attempting to start container services.
2021-12-29 13:35:48,727 [EndpointStateMachine task thread for /0.0.0.0:38011 - 0 ] INFO  ozoneimpl.OzoneContainer (OzoneContainer.java:startContainerScrub(250)) - Background container scanner has been disabled.
2021-12-29 13:35:48,746 [EndpointStateMachine task thread for /0.0.0.0:38011 - 0 ] INFO  replication.ReplicationServer (ReplicationServer.java:start(107)) - ReplicationServer is started using port 46097
2021-12-29 13:35:48,746 [EndpointStateMachine task thread for /0.0.0.0:38011 - 0 ] INFO  ratis.XceiverServerRatis (XceiverServerRatis.java:start(484)) - Starting XceiverServerRatis 0ef84bf0-d17c-4625-b8c2-731f6595eebb
2021-12-29 13:35:48,750 [EndpointStateMachine task thread for /0.0.0.0:38011 - 0 ] INFO  server.RaftServer (RaftServerProxy.java:lambda$start$5(374)) - 0ef84bf0-d17c-4625-b8c2-731f6595eebb: start RPC server
2021-12-29 13:35:48,758 [EndpointStateMachine task thread for /0.0.0.0:38011 - 0 ] INFO  server.GrpcService (GrpcService.java:startImpl(253)) - 0ef84bf0-d17c-4625-b8c2-731f6595eebb: GrpcService started, listening on 38489
2021-12-29 13:35:48,768 [EndpointStateMachine task thread for /0.0.0.0:38011 - 0 ] INFO  ratis.XceiverServerRatis (XceiverServerRatis.java:getRealPort(505)) - XceiverServerRatis 0ef84bf0-d17c-4625-b8c2-731f6595eebb is started using port 38489 for RATIS
2021-12-29 13:35:48,768 [EndpointStateMachine task thread for /0.0.0.0:38011 - 0 ] INFO  ratis.XceiverServerRatis (XceiverServerRatis.java:getRealPort(505)) - XceiverServerRatis 0ef84bf0-d17c-4625-b8c2-731f6595eebb is started using port 38489 for RATIS_ADMIN
2021-12-29 13:35:48,768 [EndpointStateMachine task thread for /0.0.0.0:38011 - 0 ] INFO  ratis.XceiverServerRatis (XceiverServerRatis.java:getRealPort(505)) - XceiverServerRatis 0ef84bf0-d17c-4625-b8c2-731f6595eebb is started using port 38489 for RATIS_SERVER
2021-12-29 13:35:48,768 [org.apache.ratis.util.JvmPauseMonitor$$Lambda$528/1712405372@2c464c04] INFO  util.JvmPauseMonitor (JvmPauseMonitor.java:run(103)) - JvmPauseMonitor-0ef84bf0-d17c-4625-b8c2-731f6595eebb: Started
2021-12-29 13:35:48,769 [EndpointStateMachine task thread for /0.0.0.0:38011 - 0 ] INFO  server.XceiverServerGrpc (XceiverServerGrpc.java:start(180)) - XceiverServerGrpc 0ef84bf0-d17c-4625-b8c2-731f6595eebb is started using port 44009
2021-12-29 13:35:49,210 [EndpointStateMachine task thread for /0.0.0.0:38011 - 0 ] INFO  ozoneimpl.OzoneContainer (OzoneContainer.java:start(315)) - Attempting to start container services.
2021-12-29 13:35:49,210 [EndpointStateMachine task thread for /0.0.0.0:38011 - 0 ] INFO  ozoneimpl.OzoneContainer (OzoneContainer.java:startContainerScrub(250)) - Background container scanner has been disabled.
2021-12-29 13:35:49,226 [EndpointStateMachine task thread for /0.0.0.0:38011 - 0 ] INFO  replication.ReplicationServer (ReplicationServer.java:start(107)) - ReplicationServer is started using port 44187
2021-12-29 13:35:49,229 [EndpointStateMachine task thread for /0.0.0.0:38011 - 0 ] INFO  ratis.XceiverServerRatis (XceiverServerRatis.java:start(484)) - Starting XceiverServerRatis 99a16189-74f8-4b13-a605-5015b61c9552
2021-12-29 13:35:49,230 [EndpointStateMachine task thread for /0.0.0.0:38011 - 0 ] INFO  server.RaftServer (RaftServerProxy.java:lambda$start$5(374)) - 99a16189-74f8-4b13-a605-5015b61c9552: start RPC server
2021-12-29 13:35:49,230 [EndpointStateMachine task thread for /0.0.0.0:38011 - 0 ] INFO  server.GrpcService (GrpcService.java:startImpl(253)) - 99a16189-74f8-4b13-a605-5015b61c9552: GrpcService started, listening on 43875
2021-12-29 13:35:49,231 [EndpointStateMachine task thread for /0.0.0.0:38011 - 0 ] INFO  ratis.XceiverServerRatis (XceiverServerRatis.java:getRealPort(505)) - XceiverServerRatis 99a16189-74f8-4b13-a605-5015b61c9552 is started using port 43875 for RATIS
2021-12-29 13:35:49,231 [EndpointStateMachine task thread for /0.0.0.0:38011 - 0 ] INFO  ratis.XceiverServerRatis (XceiverServerRatis.java:getRealPort(505)) - XceiverServerRatis 99a16189-74f8-4b13-a605-5015b61c9552 is started using port 43875 for RATIS_ADMIN
2021-12-29 13:35:49,231 [EndpointStateMachine task thread for /0.0.0.0:38011 - 0 ] INFO  ratis.XceiverServerRatis (XceiverServerRatis.java:getRealPort(505)) - XceiverServerRatis 99a16189-74f8-4b13-a605-5015b61c9552 is started using port 43875 for RATIS_SERVER
2021-12-29 13:35:49,231 [org.apache.ratis.util.JvmPauseMonitor$$Lambda$528/1712405372@3364843] INFO  util.JvmPauseMonitor (JvmPauseMonitor.java:run(103)) - JvmPauseMonitor-99a16189-74f8-4b13-a605-5015b61c9552: Started
2021-12-29 13:35:49,231 [EndpointStateMachine task thread for /0.0.0.0:38011 - 0 ] INFO  server.XceiverServerGrpc (XceiverServerGrpc.java:start(180)) - XceiverServerGrpc 99a16189-74f8-4b13-a605-5015b61c9552 is started using port 38513
2021-12-29 13:35:49,596 [Listener at 127.0.0.1/45663] INFO  ozone.MiniOzoneClusterImpl (MiniOzoneClusterImpl.java:lambda$waitForClusterToBeReady$0(235)) - Waiting for nodes to be ready. Got 0 of 3 DN Heartbeats.
2021-12-29 13:35:49,596 [Listener at 127.0.0.1/45663] INFO  ozone.MiniOzoneClusterImpl (MiniOzoneClusterImpl.java:lambda$waitForClusterToBeReady$0(238)) - Waiting for cluster to exit safe mode
2021-12-29 13:35:49,596 [Listener at 127.0.0.1/45663] INFO  ozone.MiniOzoneClusterImpl (MiniOzoneClusterImpl.java:lambda$waitForClusterToBeReady$0(240)) - SCM became leader
2021-12-29 13:35:49,651 [EndpointStateMachine task thread for /0.0.0.0:38011 - 0 ] INFO  ozoneimpl.OzoneContainer (OzoneContainer.java:start(315)) - Attempting to start container services.
2021-12-29 13:35:49,652 [EndpointStateMachine task thread for /0.0.0.0:38011 - 0 ] INFO  ozoneimpl.OzoneContainer (OzoneContainer.java:startContainerScrub(250)) - Background container scanner has been disabled.
2021-12-29 13:35:49,662 [EndpointStateMachine task thread for /0.0.0.0:38011 - 0 ] INFO  replication.ReplicationServer (ReplicationServer.java:start(107)) - ReplicationServer is started using port 46757
2021-12-29 13:35:49,663 [EndpointStateMachine task thread for /0.0.0.0:38011 - 0 ] INFO  ratis.XceiverServerRatis (XceiverServerRatis.java:start(484)) - Starting XceiverServerRatis 0ad59154-138e-46f9-ac1d-bdf4965642c6
2021-12-29 13:35:49,663 [EndpointStateMachine task thread for /0.0.0.0:38011 - 0 ] INFO  server.RaftServer (RaftServerProxy.java:lambda$start$5(374)) - 0ad59154-138e-46f9-ac1d-bdf4965642c6: start RPC server
2021-12-29 13:35:49,665 [EndpointStateMachine task thread for /0.0.0.0:38011 - 0 ] INFO  server.GrpcService (GrpcService.java:startImpl(253)) - 0ad59154-138e-46f9-ac1d-bdf4965642c6: GrpcService started, listening on 39093
2021-12-29 13:35:49,665 [EndpointStateMachine task thread for /0.0.0.0:38011 - 0 ] INFO  ratis.XceiverServerRatis (XceiverServerRatis.java:getRealPort(505)) - XceiverServerRatis 0ad59154-138e-46f9-ac1d-bdf4965642c6 is started using port 39093 for RATIS
2021-12-29 13:35:49,665 [EndpointStateMachine task thread for /0.0.0.0:38011 - 0 ] INFO  ratis.XceiverServerRatis (XceiverServerRatis.java:getRealPort(505)) - XceiverServerRatis 0ad59154-138e-46f9-ac1d-bdf4965642c6 is started using port 39093 for RATIS_ADMIN
2021-12-29 13:35:49,665 [EndpointStateMachine task thread for /0.0.0.0:38011 - 0 ] INFO  ratis.XceiverServerRatis (XceiverServerRatis.java:getRealPort(505)) - XceiverServerRatis 0ad59154-138e-46f9-ac1d-bdf4965642c6 is started using port 39093 for RATIS_SERVER
2021-12-29 13:35:49,666 [org.apache.ratis.util.JvmPauseMonitor$$Lambda$528/1712405372@3690097b] INFO  util.JvmPauseMonitor (JvmPauseMonitor.java:run(103)) - JvmPauseMonitor-0ad59154-138e-46f9-ac1d-bdf4965642c6: Started
2021-12-29 13:35:49,691 [EndpointStateMachine task thread for /0.0.0.0:38011 - 0 ] INFO  server.XceiverServerGrpc (XceiverServerGrpc.java:start(180)) - XceiverServerGrpc 0ad59154-138e-46f9-ac1d-bdf4965642c6 is started using port 36361
2021-12-29 13:35:50,597 [Listener at 127.0.0.1/45663] INFO  ozone.MiniOzoneClusterImpl (MiniOzoneClusterImpl.java:lambda$waitForClusterToBeReady$0(235)) - Waiting for nodes to be ready. Got 0 of 3 DN Heartbeats.
2021-12-29 13:35:50,597 [Listener at 127.0.0.1/45663] INFO  ozone.MiniOzoneClusterImpl (MiniOzoneClusterImpl.java:lambda$waitForClusterToBeReady$0(238)) - Waiting for cluster to exit safe mode
2021-12-29 13:35:50,597 [Listener at 127.0.0.1/45663] INFO  ozone.MiniOzoneClusterImpl (MiniOzoneClusterImpl.java:lambda$waitForClusterToBeReady$0(240)) - SCM became leader
2021-12-29 13:35:50,674 [IPC Server handler 1 on default port 38011] INFO  net.NetworkTopologyImpl (NetworkTopologyImpl.java:add(112)) - Added a new node: /default-rack/0ef84bf0-d17c-4625-b8c2-731f6595eebb
2021-12-29 13:35:50,674 [IPC Server handler 1 on default port 38011] INFO  node.SCMNodeManager (SCMNodeManager.java:register(389)) - Registered Data node : 0ef84bf0-d17c-4625-b8c2-731f6595eebb{ip: 10.1.0.26, host: fv-az59-280.csjynl4pkq3e1pkirw3ssqjfoh.cx.internal.cloudapp.net, ports: [REPLICATION=46097, RATIS=38489, RATIS_ADMIN=38489, RATIS_SERVER=38489, STANDALONE=44009], networkLocation: /default-rack, certSerialId: null, persistedOpState: null, persistedOpStateExpiryEpochSec: 0}
2021-12-29 13:35:50,676 [EventQueue-NodeRegistrationContainerReportForDataNodeSafeModeRule] INFO  safemode.SCMSafeModeManager (DataNodeSafeModeRule.java:process(71)) - SCM in safe mode. 1 DataNodes registered, 3 required.
2021-12-29 13:35:50,676 [EventQueue-NodeRegistrationContainerReportForContainerSafeModeRule] INFO  safemode.SCMSafeModeManager (SCMSafeModeManager.java:validateSafeModeExitRules(204)) - ContainerSafeModeRule rule is successfully validated
2021-12-29 13:35:50,688 [EventQueue-NewNodeForNewNodeHandler] INFO  pipeline.BackgroundPipelineCreator (BackgroundPipelineCreator.java:notifyEventTriggered(285)) - trigger a one-shot run on RatisPipelineUtilsThread.
2021-12-29 13:35:50,691 [EventQueue-PipelineReportForOneReplicaPipelineSafeModeRule] INFO  safemode.SCMSafeModeManager (SCMSafeModeManager.java:validateSafeModeExitRules(204)) - AtleastOneDatanodeReportedRule rule is successfully validated
2021-12-29 13:35:50,691 [RatisPipelineUtilsThread - 0] INFO  pipeline.RatisPipelineProvider (RatisPipelineProvider.java:lambda$create$0(183)) - Sending CreatePipelineCommand for pipeline:PipelineID=2e035bbd-54ef-4e96-8629-c3779c1106b8 to datanode:0ef84bf0-d17c-4625-b8c2-731f6595eebb
2021-12-29 13:35:50,704 [RatisPipelineUtilsThread - 0] INFO  pipeline.PipelineStateManagerImpl (PipelineStateManagerImpl.java:addPipeline(101)) - Created pipeline Pipeline[ Id: 2e035bbd-54ef-4e96-8629-c3779c1106b8, Nodes: 0ef84bf0-d17c-4625-b8c2-731f6595eebb{ip: 10.1.0.26, host: fv-az59-280.csjynl4pkq3e1pkirw3ssqjfoh.cx.internal.cloudapp.net, ports: [REPLICATION=46097, RATIS=38489, RATIS_ADMIN=38489, RATIS_SERVER=38489, STANDALONE=44009], networkLocation: /default-rack, certSerialId: null, persistedOpState: IN_SERVICE, persistedOpStateExpiryEpochSec: 0}, ReplicationConfig: RATIS/ONE, State:ALLOCATED, leaderId:, CreationTimestamp2021-12-29T13:35:50.691Z[Etc/UTC]].
2021-12-29 13:35:51,199 [IPC Server handler 2 on default port 38011] INFO  net.NetworkTopologyImpl (NetworkTopologyImpl.java:add(112)) - Added a new node: /default-rack/99a16189-74f8-4b13-a605-5015b61c9552
2021-12-29 13:35:51,200 [IPC Server handler 2 on default port 38011] INFO  node.SCMNodeManager (SCMNodeManager.java:register(389)) - Registered Data node : 99a16189-74f8-4b13-a605-5015b61c9552{ip: 10.1.0.26, host: fv-az59-280.csjynl4pkq3e1pkirw3ssqjfoh.cx.internal.cloudapp.net, ports: [REPLICATION=44187, RATIS=43875, RATIS_ADMIN=43875, RATIS_SERVER=43875, STANDALONE=38513], networkLocation: /default-rack, certSerialId: null, persistedOpState: null, persistedOpStateExpiryEpochSec: 0}
2021-12-29 13:35:51,200 [EventQueue-NewNodeForNewNodeHandler] INFO  pipeline.BackgroundPipelineCreator (BackgroundPipelineCreator.java:notifyEventTriggered(285)) - trigger a one-shot run on RatisPipelineUtilsThread.
2021-12-29 13:35:51,201 [EventQueue-NodeRegistrationContainerReportForDataNodeSafeModeRule] INFO  safemode.SCMSafeModeManager (DataNodeSafeModeRule.java:process(71)) - SCM in safe mode. 2 DataNodes registered, 3 required.
2021-12-29 13:35:51,202 [RatisPipelineUtilsThread - 0] INFO  pipeline.RatisPipelineProvider (RatisPipelineProvider.java:lambda$create$0(183)) - Sending CreatePipelineCommand for pipeline:PipelineID=1ee459da-2e77-4dc1-bef4-6a34838a0b7b to datanode:99a16189-74f8-4b13-a605-5015b61c9552
2021-12-29 13:35:51,202 [RatisPipelineUtilsThread - 0] INFO  pipeline.PipelineStateManagerImpl (PipelineStateManagerImpl.java:addPipeline(101)) - Created pipeline Pipeline[ Id: 1ee459da-2e77-4dc1-bef4-6a34838a0b7b, Nodes: 99a16189-74f8-4b13-a605-5015b61c9552{ip: 10.1.0.26, host: fv-az59-280.csjynl4pkq3e1pkirw3ssqjfoh.cx.internal.cloudapp.net, ports: [REPLICATION=44187, RATIS=43875, RATIS_ADMIN=43875, RATIS_SERVER=43875, STANDALONE=38513], networkLocation: /default-rack, certSerialId: null, persistedOpState: IN_SERVICE, persistedOpStateExpiryEpochSec: 0}, ReplicationConfig: RATIS/ONE, State:ALLOCATED, leaderId:, CreationTimestamp2021-12-29T13:35:51.202Z[Etc/UTC]].
2021-12-29 13:35:51,597 [Listener at 127.0.0.1/45663] INFO  ozone.MiniOzoneClusterImpl (MiniOzoneClusterImpl.java:lambda$waitForClusterToBeReady$0(235)) - Waiting for nodes to be ready. Got 2 of 3 DN Heartbeats.
2021-12-29 13:35:51,597 [Listener at 127.0.0.1/45663] INFO  ozone.MiniOzoneClusterImpl (MiniOzoneClusterImpl.java:lambda$waitForClusterToBeReady$0(238)) - Waiting for cluster to exit safe mode
2021-12-29 13:35:51,598 [Listener at 127.0.0.1/45663] INFO  ozone.MiniOzoneClusterImpl (MiniOzoneClusterImpl.java:lambda$waitForClusterToBeReady$0(240)) - SCM became leader
2021-12-29 13:35:51,628 [IPC Server handler 0 on default port 38011] INFO  net.NetworkTopologyImpl (NetworkTopologyImpl.java:add(112)) - Added a new node: /default-rack/0ad59154-138e-46f9-ac1d-bdf4965642c6
2021-12-29 13:35:51,634 [IPC Server handler 0 on default port 38011] INFO  node.SCMNodeManager (SCMNodeManager.java:register(389)) - Registered Data node : 0ad59154-138e-46f9-ac1d-bdf4965642c6{ip: 10.1.0.26, host: fv-az59-280.csjynl4pkq3e1pkirw3ssqjfoh.cx.internal.cloudapp.net, ports: [REPLICATION=46757, RATIS=39093, RATIS_ADMIN=39093, RATIS_SERVER=39093, STANDALONE=36361], networkLocation: /default-rack, certSerialId: null, persistedOpState: null, persistedOpStateExpiryEpochSec: 0}
2021-12-29 13:35:51,634 [EventQueue-NewNodeForNewNodeHandler] INFO  pipeline.BackgroundPipelineCreator (BackgroundPipelineCreator.java:notifyEventTriggered(285)) - trigger a one-shot run on RatisPipelineUtilsThread.
2021-12-29 13:35:51,652 [RatisPipelineUtilsThread - 0] INFO  pipeline.RatisPipelineProvider (RatisPipelineProvider.java:lambda$create$0(183)) - Sending CreatePipelineCommand for pipeline:PipelineID=63daa05e-fd94-4085-8d47-6b2780752551 to datanode:0ad59154-138e-46f9-ac1d-bdf4965642c6
2021-12-29 13:35:51,652 [RatisPipelineUtilsThread - 0] INFO  pipeline.PipelineStateManagerImpl (PipelineStateManagerImpl.java:addPipeline(101)) - Created pipeline Pipeline[ Id: 63daa05e-fd94-4085-8d47-6b2780752551, Nodes: 0ad59154-138e-46f9-ac1d-bdf4965642c6{ip: 10.1.0.26, host: fv-az59-280.csjynl4pkq3e1pkirw3ssqjfoh.cx.internal.cloudapp.net, ports: [REPLICATION=46757, RATIS=39093, RATIS_ADMIN=39093, RATIS_SERVER=39093, STANDALONE=36361], networkLocation: /default-rack, certSerialId: null, persistedOpState: IN_SERVICE, persistedOpStateExpiryEpochSec: 0}, ReplicationConfig: RATIS/ONE, State:ALLOCATED, leaderId:, CreationTimestamp2021-12-29T13:35:51.652Z[Etc/UTC]].
2021-12-29 13:35:51,658 [EventQueue-NodeRegistrationContainerReportForDataNodeSafeModeRule] INFO  safemode.SCMSafeModeManager (DataNodeSafeModeRule.java:process(71)) - SCM in safe mode. 3 DataNodes registered, 3 required.
2021-12-29 13:35:51,658 [EventQueue-NodeRegistrationContainerReportForDataNodeSafeModeRule] INFO  safemode.SCMSafeModeManager (SCMSafeModeManager.java:validateSafeModeExitRules(204)) - DataNodeSafeModeRule rule is successfully validated
2021-12-29 13:35:51,658 [EventQueue-NodeRegistrationContainerReportForDataNodeSafeModeRule] INFO  safemode.SCMSafeModeManager (SCMSafeModeManager.java:completePreCheck(233)) - All SCM safe mode pre check rules have passed
2021-12-29 13:35:51,658 [EventQueue-NodeRegistrationContainerReportForDataNodeSafeModeRule] WARN  events.EventQueue (EventQueue.java:fireEvent(194)) - No event handler registered for event TypedEvent{payloadType=SafeModeStatus, name='Safe mode status'}
2021-12-29 13:35:51,658 [EventQueue-NodeRegistrationContainerReportForDataNodeSafeModeRule] INFO  ha.SCMContext (SCMContext.java:updateSafeModeStatus(211)) - Update SafeModeStatus from SafeModeStatus{safeModeStatus=true, preCheckPassed=false} to SafeModeStatus{safeModeStatus=true, preCheckPassed=true}.
2021-12-29 13:35:51,658 [EventQueue-NodeRegistrationContainerReportForDataNodeSafeModeRule] INFO  pipeline.BackgroundPipelineCreator (BackgroundPipelineCreator.java:notifyEventTriggered(285)) - trigger a one-shot run on RatisPipelineUtilsThread.
2021-12-29 13:35:51,659 [RatisPipelineUtilsThread - 0] INFO  pipeline.RatisPipelineProvider (RatisPipelineProvider.java:lambda$create$0(183)) - Sending CreatePipelineCommand for pipeline:PipelineID=e3cd99d6-7963-47db-823d-74835fcd8d1d to datanode:0ad59154-138e-46f9-ac1d-bdf4965642c6
2021-12-29 13:35:51,659 [RatisPipelineUtilsThread - 0] INFO  pipeline.RatisPipelineProvider (RatisPipelineProvider.java:lambda$create$0(183)) - Sending CreatePipelineCommand for pipeline:PipelineID=e3cd99d6-7963-47db-823d-74835fcd8d1d to datanode:0ef84bf0-d17c-4625-b8c2-731f6595eebb
2021-12-29 13:35:51,659 [RatisPipelineUtilsThread - 0] INFO  pipeline.RatisPipelineProvider (RatisPipelineProvider.java:lambda$create$0(183)) - Sending CreatePipelineCommand for pipeline:PipelineID=e3cd99d6-7963-47db-823d-74835fcd8d1d to datanode:99a16189-74f8-4b13-a605-5015b61c9552
2021-12-29 13:35:51,659 [RatisPipelineUtilsThread - 0] INFO  pipeline.PipelineStateManagerImpl (PipelineStateManagerImpl.java:addPipeline(101)) - Created pipeline Pipeline[ Id: e3cd99d6-7963-47db-823d-74835fcd8d1d, Nodes: 0ad59154-138e-46f9-ac1d-bdf4965642c6{ip: 10.1.0.26, host: fv-az59-280.csjynl4pkq3e1pkirw3ssqjfoh.cx.internal.cloudapp.net, ports: [REPLICATION=46757, RATIS=39093, RATIS_ADMIN=39093, RATIS_SERVER=39093, STANDALONE=36361], networkLocation: /default-rack, certSerialId: null, persistedOpState: IN_SERVICE, persistedOpStateExpiryEpochSec: 0}0ef84bf0-d17c-4625-b8c2-731f6595eebb{ip: 10.1.0.26, host: fv-az59-280.csjynl4pkq3e1pkirw3ssqjfoh.cx.internal.cloudapp.net, ports: [REPLICATION=46097, RATIS=38489, RATIS_ADMIN=38489, RATIS_SERVER=38489, STANDALONE=44009], networkLocation: /default-rack, certSerialId: null, persistedOpState: IN_SERVICE, persistedOpStateExpiryEpochSec: 0}99a16189-74f8-4b13-a605-5015b61c9552{ip: 10.1.0.26, host: fv-az59-280.csjynl4pkq3e1pkirw3ssqjfoh.cx.internal.cloudapp.net, ports: [REPLICATION=44187, RATIS=43875, RATIS_ADMIN=43875, RATIS_SERVER=43875, STANDALONE=38513], networkLocation: /default-rack, certSerialId: null, persistedOpState: IN_SERVICE, persistedOpStateExpiryEpochSec: 0}, ReplicationConfig: RATIS/THREE, State:ALLOCATED, leaderId:, CreationTimestamp2021-12-29T13:35:51.659Z[Etc/UTC]].
2021-12-29 13:35:51,660 [RatisPipelineUtilsThread - 0] INFO  pipeline.RatisPipelineProvider (RatisPipelineProvider.java:lambda$create$0(183)) - Sending CreatePipelineCommand for pipeline:PipelineID=ae8c5ea6-dcdc-4c55-98dd-6e76e560ad91 to datanode:0ad59154-138e-46f9-ac1d-bdf4965642c6
2021-12-29 13:35:51,660 [RatisPipelineUtilsThread - 0] INFO  pipeline.RatisPipelineProvider (RatisPipelineProvider.java:lambda$create$0(183)) - Sending CreatePipelineCommand for pipeline:PipelineID=ae8c5ea6-dcdc-4c55-98dd-6e76e560ad91 to datanode:0ef84bf0-d17c-4625-b8c2-731f6595eebb
2021-12-29 13:35:51,660 [RatisPipelineUtilsThread - 0] INFO  pipeline.RatisPipelineProvider (RatisPipelineProvider.java:lambda$create$0(183)) - Sending CreatePipelineCommand for pipeline:PipelineID=ae8c5ea6-dcdc-4c55-98dd-6e76e560ad91 to datanode:99a16189-74f8-4b13-a605-5015b61c9552
2021-12-29 13:35:51,660 [RatisPipelineUtilsThread - 0] INFO  pipeline.PipelineStateManagerImpl (PipelineStateManagerImpl.java:addPipeline(101)) - Created pipeline Pipeline[ Id: ae8c5ea6-dcdc-4c55-98dd-6e76e560ad91, Nodes: 0ad59154-138e-46f9-ac1d-bdf4965642c6{ip: 10.1.0.26, host: fv-az59-280.csjynl4pkq3e1pkirw3ssqjfoh.cx.internal.cloudapp.net, ports: [REPLICATION=46757, RATIS=39093, RATIS_ADMIN=39093, RATIS_SERVER=39093, STANDALONE=36361], networkLocation: /default-rack, certSerialId: null, persistedOpState: IN_SERVICE, persistedOpStateExpiryEpochSec: 0}0ef84bf0-d17c-4625-b8c2-731f6595eebb{ip: 10.1.0.26, host: fv-az59-280.csjynl4pkq3e1pkirw3ssqjfoh.cx.internal.cloudapp.net, ports: [REPLICATION=46097, RATIS=38489, RATIS_ADMIN=38489, RATIS_SERVER=38489, STANDALONE=44009], networkLocation: /default-rack, certSerialId: null, persistedOpState: IN_SERVICE, persistedOpStateExpiryEpochSec: 0}99a16189-74f8-4b13-a605-5015b61c9552{ip: 10.1.0.26, host: fv-az59-280.csjynl4pkq3e1pkirw3ssqjfoh.cx.internal.cloudapp.net, ports: [REPLICATION=44187, RATIS=43875, RATIS_ADMIN=43875, RATIS_SERVER=43875, STANDALONE=38513], networkLocation: /default-rack, certSerialId: null, persistedOpState: IN_SERVICE, persistedOpStateExpiryEpochSec: 0}, ReplicationConfig: RATIS/THREE, State:ALLOCATED, leaderId:, CreationTimestamp2021-12-29T13:35:51.660Z[Etc/UTC]].
2021-12-29 13:35:51,660 [RatisPipelineUtilsThread - 0] INFO  pipeline.PipelineManagerImpl (PipelineManagerImpl.java:recordMetricsForPipeline(639)) - Pipeline: PipelineID=ae8c5ea6-dcdc-4c55-98dd-6e76e560ad91 contains same datanodes as previous pipelines: PipelineID=e3cd99d6-7963-47db-823d-74835fcd8d1d nodeIds: 0ad59154-138e-46f9-ac1d-bdf4965642c6, 0ef84bf0-d17c-4625-b8c2-731f6595eebb, 99a16189-74f8-4b13-a605-5015b61c9552
2021-12-29 13:35:52,598 [Listener at 127.0.0.1/45663] INFO  ozone.MiniOzoneClusterImpl (MiniOzoneClusterImpl.java:lambda$waitForClusterToBeReady$0(235)) - Nodes are ready. Got 3 of 3 DN Heartbeats.
2021-12-29 13:35:52,598 [Listener at 127.0.0.1/45663] INFO  ozone.MiniOzoneClusterImpl (MiniOzoneClusterImpl.java:lambda$waitForClusterToBeReady$0(238)) - Waiting for cluster to exit safe mode
2021-12-29 13:35:52,598 [Listener at 127.0.0.1/45663] INFO  ozone.MiniOzoneClusterImpl (MiniOzoneClusterImpl.java:lambda$waitForClusterToBeReady$0(240)) - SCM became leader
2021-12-29 13:35:53,598 [Listener at 127.0.0.1/45663] INFO  ozone.MiniOzoneClusterImpl (MiniOzoneClusterImpl.java:lambda$waitForClusterToBeReady$0(235)) - Nodes are ready. Got 3 of 3 DN Heartbeats.
2021-12-29 13:35:53,599 [Listener at 127.0.0.1/45663] INFO  ozone.MiniOzoneClusterImpl (MiniOzoneClusterImpl.java:lambda$waitForClusterToBeReady$0(238)) - Waiting for cluster to exit safe mode
2021-12-29 13:35:53,599 [Listener at 127.0.0.1/45663] INFO  ozone.MiniOzoneClusterImpl (MiniOzoneClusterImpl.java:lambda$waitForClusterToBeReady$0(240)) - SCM became leader
2021-12-29 13:35:53,674 [Command processor thread] INFO  server.RaftServer (RaftServerProxy.java:addNew(95)) - 0ef84bf0-d17c-4625-b8c2-731f6595eebb: addNew group-C3779C1106B8:[0ef84bf0-d17c-4625-b8c2-731f6595eebb|rpc:10.1.0.26:38489|priority:1] returns group-C3779C1106B8:java.util.concurrent.CompletableFuture@637f03c2[Not completed]
2021-12-29 13:35:53,680 [pool-339-thread-1] INFO  server.RaftServer$Division (RaftServerImpl.java:<init>(184)) - 0ef84bf0-d17c-4625-b8c2-731f6595eebb: new RaftServerImpl for group-C3779C1106B8:[0ef84bf0-d17c-4625-b8c2-731f6595eebb|rpc:10.1.0.26:38489|priority:1] with ContainerStateMachine:uninitialized
2021-12-29 13:35:53,689 [pool-339-thread-1] INFO  server.RaftServerConfigKeys (ConfUtils.java:logGet(44)) - raft.server.rpc.timeout.min = 5s (custom)
2021-12-29 13:35:53,689 [pool-339-thread-1] INFO  server.RaftServerConfigKeys (ConfUtils.java:logGet(44)) - raft.server.rpc.timeout.max = 5200ms (custom)
2021-12-29 13:35:53,689 [pool-339-thread-1] INFO  server.RaftServerConfigKeys (ConfUtils.java:logGet(44)) - raft.server.rpc.sleep.time = 25ms (default)
2021-12-29 13:35:53,689 [pool-339-thread-1] INFO  server.RaftServerConfigKeys (ConfUtils.java:logGet(44)) - raft.server.rpc.slowness.timeout = 300s (custom)
2021-12-29 13:35:53,689 [pool-339-thread-1] INFO  server.RaftServerConfigKeys (ConfUtils.java:logGet(44)) - raft.server.leaderelection.leader.step-down.wait-time = 10s (default)
2021-12-29 13:35:53,689 [pool-339-thread-1] INFO  server.RaftServerConfigKeys (ConfUtils.java:logGet(44)) - raft.server.sleep.deviation.threshold = 300ms (default)
2021-12-29 13:35:53,689 [pool-339-thread-1] INFO  server.RaftServerConfigKeys (ConfUtils.java:logGet(44)) - raft.server.log.appender.install.snapshot.enabled = false (custom)
2021-12-29 13:35:53,689 [pool-339-thread-1] INFO  server.RaftServer$Division (ServerState.java:<init>(105)) - 0ef84bf0-d17c-4625-b8c2-731f6595eebb@group-C3779C1106B8: ConfigurationManager, init=-1: [0ef84bf0-d17c-4625-b8c2-731f6595eebb|rpc:10.1.0.26:38489|priority:1], old=null, confs=<EMPTY_MAP>
2021-12-29 13:35:53,690 [pool-339-thread-1] INFO  server.RaftServerConfigKeys (ConfUtils.java:logGet(44)) - raft.server.storage.dir = [/home/runner/work/ozone/ozone/hadoop-ozone/integration-test/target/test-dir/MiniOzoneClusterImpl-737e1f92-2285-4928-9988-49e5ed44796c/datanode-0/data/ratis] (custom)
2021-12-29 13:35:53,690 [pool-339-thread-1] INFO  server.RaftServerConfigKeys (ConfUtils.java:logGet(44)) - raft.server.log.corruption.policy = EXCEPTION (default)
2021-12-29 13:35:53,695 [pool-339-thread-1] INFO  server.RaftServerConfigKeys (ConfUtils.java:logGet(44)) - raft.server.storage.free-space.min = 0MB (=0) (default)
2021-12-29 13:35:53,695 [pool-339-thread-1] INFO  storage.RaftStorageDirectory (RaftStorageDirectoryImpl.java:analyzeStorage(135)) - The storage directory /home/runner/work/ozone/ozone/hadoop-ozone/integration-test/target/test-dir/MiniOzoneClusterImpl-737e1f92-2285-4928-9988-49e5ed44796c/datanode-0/data/ratis/2e035bbd-54ef-4e96-8629-c3779c1106b8 does not exist. Creating ...
2021-12-29 13:35:53,696 [pool-339-thread-1] INFO  storage.RaftStorageDirectory (RaftStorageDirectoryImpl.java:tryLock(230)) - Lock on /home/runner/work/ozone/ozone/hadoop-ozone/integration-test/target/test-dir/MiniOzoneClusterImpl-737e1f92-2285-4928-9988-49e5ed44796c/datanode-0/data/ratis/2e035bbd-54ef-4e96-8629-c3779c1106b8/in_use.lock acquired by nodename 16235@fv-az59-280
2021-12-29 13:35:53,698 [pool-339-thread-1] INFO  storage.RaftStorage (RaftStorageImpl.java:format(89)) - Storage directory /home/runner/work/ozone/ozone/hadoop-ozone/integration-test/target/test-dir/MiniOzoneClusterImpl-737e1f92-2285-4928-9988-49e5ed44796c/datanode-0/data/ratis/2e035bbd-54ef-4e96-8629-c3779c1106b8 has been successfully formatted.
2021-12-29 13:35:53,708 [pool-339-thread-1] INFO  ratis.ContainerStateMachine (ContainerStateMachine.java:loadSnapshot(231)) - group-C3779C1106B8: The snapshot info is null. Setting the last applied indexto:(t:0, i:~)
2021-12-29 13:35:53,708 [pool-339-thread-1] INFO  server.RaftServerConfigKeys (ConfUtils.java:logGet(44)) - raft.server.notification.no-leader.timeout = 300s (custom)
2021-12-29 13:35:53,708 [pool-339-thread-1] INFO  server.RaftServerConfigKeys (ConfUtils.java:logGet(44)) - raft.server.log.use.memory = false (default)
2021-12-29 13:35:53,708 [pool-339-thread-1] INFO  server.RaftServerConfigKeys (ConfUtils.java:logGet(44)) - raft.server.log.purge.gap = 1000000 (custom)
2021-12-29 13:35:53,708 [pool-339-thread-1] INFO  server.RaftServerConfigKeys (ConfUtils.java:logGet(44)) - raft.server.log.appender.buffer.byte-limit = 33554432 (custom)
2021-12-29 13:35:53,708 [pool-339-thread-1] INFO  server.RaftServerConfigKeys (ConfUtils.java:logGet(44)) - raft.server.log.segment.size.max = 1048576 (custom)
2021-12-29 13:35:53,708 [pool-339-thread-1] INFO  server.RaftServerConfigKeys (ConfUtils.java:logGet(44)) - raft.server.log.segment.cache.num.max = 2 (custom)
2021-12-29 13:35:53,708 [pool-339-thread-1] INFO  server.RaftServerConfigKeys (ConfUtils.java:logGet(44)) - raft.server.log.segment.cache.size.max = 200MB (=209715200) (default)
2021-12-29 13:35:53,709 [pool-339-thread-1] INFO  segmented.SegmentedRaftLogWorker (SegmentedRaftLogWorker.java:<init>(182)) - new 0ef84bf0-d17c-4625-b8c2-731f6595eebb@group-C3779C1106B8-SegmentedRaftLogWorker for RaftStorageImpl:Storage Directory /home/runner/work/ozone/ozone/hadoop-ozone/integration-test/target/test-dir/MiniOzoneClusterImpl-737e1f92-2285-4928-9988-49e5ed44796c/datanode-0/data/ratis/2e035bbd-54ef-4e96-8629-c3779c1106b8
2021-12-29 13:35:53,709 [pool-339-thread-1] INFO  server.RaftServerConfigKeys (ConfUtils.java:logGet(44)) - raft.server.log.queue.byte-limit = 2147483647 (custom)
2021-12-29 13:35:53,709 [pool-339-thread-1] INFO  server.RaftServerConfigKeys (ConfUtils.java:logGet(44)) - raft.server.log.queue.element-limit = 1024 (custom)
2021-12-29 13:35:53,709 [pool-339-thread-1] INFO  server.RaftServerConfigKeys (ConfUtils.java:logGet(44)) - raft.server.log.segment.size.max = 1048576 (custom)
2021-12-29 13:35:53,709 [pool-339-thread-1] INFO  server.RaftServerConfigKeys (ConfUtils.java:logGet(44)) - raft.server.log.preallocated.size = 16384 (custom)
2021-12-29 13:35:53,709 [pool-339-thread-1] INFO  server.RaftServerConfigKeys (ConfUtils.java:logGet(44)) - raft.server.log.force.sync.num = 128 (default)
2021-12-29 13:35:53,709 [pool-339-thread-1] INFO  server.RaftServerConfigKeys (ConfUtils.java:logGet(44)) - raft.server.log.statemachine.data.sync = true (default)
2021-12-29 13:35:53,709 [pool-339-thread-1] INFO  server.RaftServerConfigKeys (ConfUtils.java:logGet(44)) - raft.server.log.statemachine.data.sync.timeout = 10s (default)
2021-12-29 13:35:53,709 [pool-339-thread-1] INFO  server.RaftServerConfigKeys (ConfUtils.java:logGet(44)) - raft.server.log.statemachine.data.sync.timeout.retry = -1 (default)
2021-12-29 13:35:53,710 [pool-339-thread-1] INFO  server.RaftServerConfigKeys (ConfUtils.java:logGet(44)) - raft.server.log.write.buffer.size = 1048576 (custom)
2021-12-29 13:35:53,710 [pool-339-thread-1] INFO  server.RaftServerConfigKeys (ConfUtils.java:logGet(44)) - raft.server.log.statemachine.data.caching.enabled = true (custom)
2021-12-29 13:35:53,710 [pool-339-thread-1] INFO  segmented.SegmentedRaftLogWorker (SegmentedRaftLogWorker.java:lambda$new$0(133)) - 0ef84bf0-d17c-4625-b8c2-731f6595eebb@group-C3779C1106B8-SegmentedRaftLogWorker: flushIndex: setUnconditionally 0 -> -1
2021-12-29 13:35:53,711 [pool-339-thread-1] INFO  segmented.SegmentedRaftLogWorker (SegmentedRaftLogWorker.java:lambda$new$0(133)) - 0ef84bf0-d17c-4625-b8c2-731f6595eebb@group-C3779C1106B8-SegmentedRaftLogWorker: safeCacheEvictIndex: setUnconditionally 0 -> -1
2021-12-29 13:35:53,714 [pool-339-thread-1] INFO  server.RaftServerConfigKeys (ConfUtils.java:logGet(44)) - raft.server.snapshot.auto.trigger.enabled = true (custom)
2021-12-29 13:35:53,714 [pool-339-thread-1] INFO  server.RaftServerConfigKeys (ConfUtils.java:logGet(44)) - raft.server.snapshot.auto.trigger.threshold = 10000 (custom)
2021-12-29 13:35:53,714 [pool-339-thread-1] INFO  server.RaftServerConfigKeys (ConfUtils.java:logGet(44)) - raft.server.snapshot.retention.file.num = 5 (custom)
2021-12-29 13:35:53,714 [pool-339-thread-1] INFO  server.RaftServerConfigKeys (ConfUtils.java:logGet(44)) - raft.server.log.purge.upto.snapshot.index = false (default)
2021-12-29 13:35:53,714 [pool-339-thread-1] INFO  server.RaftServerConfigKeys (ConfUtils.java:logGet(44)) - raft.server.retrycache.expirytime = 600000ms (custom)
2021-12-29 13:35:53,714 [pool-339-thread-1] INFO  server.RaftServerConfigKeys (ConfUtils.java:logGet(44)) - raft.server.retrycache.statistics.expirytime = 100μs (default)
2021-12-29 13:35:53,715 [pool-339-thread-1] INFO  server.RaftServer$Division (RaftServerImpl.java:start(301)) - 0ef84bf0-d17c-4625-b8c2-731f6595eebb@group-C3779C1106B8: start as a follower, conf=-1: [0ef84bf0-d17c-4625-b8c2-731f6595eebb|rpc:10.1.0.26:38489|priority:1], old=null
2021-12-29 13:35:53,715 [pool-339-thread-1] INFO  server.RaftServer$Division (RaftServerImpl.java:setRole(290)) - 0ef84bf0-d17c-4625-b8c2-731f6595eebb@group-C3779C1106B8: changes role from      null to FOLLOWER at term 0 for startAsFollower
2021-12-29 13:35:53,715 [pool-339-thread-1] INFO  impl.RoleInfo (RoleInfo.java:updateAndGet(130)) - 0ef84bf0-d17c-4625-b8c2-731f6595eebb: start 0ef84bf0-d17c-4625-b8c2-731f6595eebb@group-C3779C1106B8-FollowerState
2021-12-29 13:35:53,716 [pool-339-thread-1] INFO  util.JmxRegister (JmxRegister.java:tryRegister(44)) - Successfully registered JMX Bean with object name Ratis:service=RaftServer,group=group-C3779C1106B8,id=0ef84bf0-d17c-4625-b8c2-731f6595eebb
2021-12-29 13:35:53,716 [Command processor thread] INFO  ratis.XceiverServerRatis (XceiverServerRatis.java:addGroup(768)) - Created group PipelineID=2e035bbd-54ef-4e96-8629-c3779c1106b8
2021-12-29 13:35:53,716 [Command processor thread] INFO  commandhandler.CreatePipelineCommandHandler (CreatePipelineCommandHandler.java:handle(106)) - Created Pipeline RATIS ONE PipelineID=2e035bbd-54ef-4e96-8629-c3779c1106b8.
2021-12-29 13:35:53,717 [Command processor thread] INFO  server.RaftServer (RaftServerProxy.java:addNew(95)) - 0ef84bf0-d17c-4625-b8c2-731f6595eebb: addNew group-74835FCD8D1D:[99a16189-74f8-4b13-a605-5015b61c9552|rpc:10.1.0.26:43875|priority:0, 0ad59154-138e-46f9-ac1d-bdf4965642c6|rpc:10.1.0.26:39093|priority:0, 0ef84bf0-d17c-4625-b8c2-731f6595eebb|rpc:10.1.0.26:38489|priority:1] returns group-74835FCD8D1D:java.util.concurrent.CompletableFuture@67409b75[Not completed]
2021-12-29 13:35:53,717 [EventQueue-PipelineReportForPipelineReportHandler] INFO  pipeline.PipelineManagerImpl (PipelineManagerImpl.java:openPipeline(291)) - Pipeline Pipeline[ Id: 2e035bbd-54ef-4e96-8629-c3779c1106b8, Nodes: 0ef84bf0-d17c-4625-b8c2-731f6595eebb{ip: 10.1.0.26, host: fv-az59-280.csjynl4pkq3e1pkirw3ssqjfoh.cx.internal.cloudapp.net, ports: [REPLICATION=46097, RATIS=38489, RATIS_ADMIN=38489, RATIS_SERVER=38489, STANDALONE=44009], networkLocation: /default-rack, certSerialId: null, persistedOpState: IN_SERVICE, persistedOpStateExpiryEpochSec: 0}, ReplicationConfig: RATIS/ONE, State:ALLOCATED, leaderId:0ef84bf0-d17c-4625-b8c2-731f6595eebb, CreationTimestamp2021-12-29T13:35:50.691Z[Etc/UTC]] moved to OPEN state
2021-12-29 13:35:53,744 [pool-339-thread-1] INFO  server.RaftServer$Division (RaftServerImpl.java:<init>(184)) - 0ef84bf0-d17c-4625-b8c2-731f6595eebb: new RaftServerImpl for group-74835FCD8D1D:[99a16189-74f8-4b13-a605-5015b61c9552|rpc:10.1.0.26:43875|priority:0, 0ad59154-138e-46f9-ac1d-bdf4965642c6|rpc:10.1.0.26:39093|priority:0, 0ef84bf0-d17c-4625-b8c2-731f6595eebb|rpc:10.1.0.26:38489|priority:1] with ContainerStateMachine:uninitialized
2021-12-29 13:35:53,744 [pool-339-thread-1] INFO  server.RaftServerConfigKeys (ConfUtils.java:logGet(44)) - raft.server.rpc.timeout.min = 5s (custom)
2021-12-29 13:35:53,744 [pool-339-thread-1] INFO  server.RaftServerConfigKeys (ConfUtils.java:logGet(44)) - raft.server.rpc.timeout.max = 5200ms (custom)
2021-12-29 13:35:53,744 [pool-339-thread-1] INFO  server.RaftServerConfigKeys (ConfUtils.java:logGet(44)) - raft.server.rpc.sleep.time = 25ms (default)
2021-12-29 13:35:53,744 [pool-339-thread-1] INFO  server.RaftServerConfigKeys (ConfUtils.java:logGet(44)) - raft.server.rpc.slowness.timeout = 300s (custom)
2021-12-29 13:35:53,744 [pool-339-thread-1] INFO  server.RaftServerConfigKeys (ConfUtils.java:logGet(44)) - raft.server.leaderelection.leader.step-down.wait-time = 10s (default)
2021-12-29 13:35:53,744 [pool-339-thread-1] INFO  server.RaftServerConfigKeys (ConfUtils.java:logGet(44)) - raft.server.sleep.deviation.threshold = 300ms (default)
2021-12-29 13:35:53,744 [pool-339-thread-1] INFO  server.RaftServerConfigKeys (ConfUtils.java:logGet(44)) - raft.server.log.appender.install.snapshot.enabled = false (custom)
2021-12-29 13:35:53,744 [pool-339-thread-1] INFO  server.RaftServer$Division (ServerState.java:<init>(105)) - 0ef84bf0-d17c-4625-b8c2-731f6595eebb@group-74835FCD8D1D: ConfigurationManager, init=-1: [99a16189-74f8-4b13-a605-5015b61c9552|rpc:10.1.0.26:43875|priority:0, 0ad59154-138e-46f9-ac1d-bdf4965642c6|rpc:10.1.0.26:39093|priority:0, 0ef84bf0-d17c-4625-b8c2-731f6595eebb|rpc:10.1.0.26:38489|priority:1], old=null, confs=<EMPTY_MAP>
2021-12-29 13:35:53,744 [pool-339-thread-1] INFO  server.RaftServerConfigKeys (ConfUtils.java:logGet(44)) - raft.server.storage.dir = [/home/runner/work/ozone/ozone/hadoop-ozone/integration-test/target/test-dir/MiniOzoneClusterImpl-737e1f92-2285-4928-9988-49e5ed44796c/datanode-0/data/ratis] (custom)
2021-12-29 13:35:53,744 [pool-339-thread-1] INFO  server.RaftServerConfigKeys (ConfUtils.java:logGet(44)) - raft.server.log.corruption.policy = EXCEPTION (default)
2021-12-29 13:35:53,744 [pool-339-thread-1] INFO  server.RaftServerConfigKeys (ConfUtils.java:logGet(44)) - raft.server.storage.free-space.min = 0MB (=0) (default)
2021-12-29 13:35:53,744 [pool-339-thread-1] INFO  storage.RaftStorageDirectory (RaftStorageDirectoryImpl.java:analyzeStorage(135)) - The storage directory /home/runner/work/ozone/ozone/hadoop-ozone/integration-test/target/test-dir/MiniOzoneClusterImpl-737e1f92-2285-4928-9988-49e5ed44796c/datanode-0/data/ratis/e3cd99d6-7963-47db-823d-74835fcd8d1d does not exist. Creating ...
2021-12-29 13:35:53,745 [pool-339-thread-1] INFO  storage.RaftStorageDirectory (RaftStorageDirectoryImpl.java:tryLock(230)) - Lock on /home/runner/work/ozone/ozone/hadoop-ozone/integration-test/target/test-dir/MiniOzoneClusterImpl-737e1f92-2285-4928-9988-49e5ed44796c/datanode-0/data/ratis/e3cd99d6-7963-47db-823d-74835fcd8d1d/in_use.lock acquired by nodename 16235@fv-az59-280
2021-12-29 13:35:53,747 [pool-339-thread-1] INFO  storage.RaftStorage (RaftStorageImpl.java:format(89)) - Storage directory /home/runner/work/ozone/ozone/hadoop-ozone/integration-test/target/test-dir/MiniOzoneClusterImpl-737e1f92-2285-4928-9988-49e5ed44796c/datanode-0/data/ratis/e3cd99d6-7963-47db-823d-74835fcd8d1d has been successfully formatted.
2021-12-29 13:35:53,748 [pool-339-thread-1] INFO  ratis.ContainerStateMachine (ContainerStateMachine.java:loadSnapshot(231)) - group-74835FCD8D1D: The snapshot info is null. Setting the last applied indexto:(t:0, i:~)
2021-12-29 13:35:53,748 [pool-339-thread-1] INFO  server.RaftServerConfigKeys (ConfUtils.java:logGet(44)) - raft.server.notification.no-leader.timeout = 300s (custom)
2021-12-29 13:35:53,749 [pool-339-thread-1] INFO  server.RaftServerConfigKeys (ConfUtils.java:logGet(44)) - raft.server.log.use.memory = false (default)
2021-12-29 13:35:53,749 [pool-339-thread-1] INFO  server.RaftServerConfigKeys (ConfUtils.java:logGet(44)) - raft.server.log.purge.gap = 1000000 (custom)
2021-12-29 13:35:53,749 [pool-339-thread-1] INFO  server.RaftServerConfigKeys (ConfUtils.java:logGet(44)) - raft.server.log.appender.buffer.byte-limit = 33554432 (custom)
2021-12-29 13:35:53,749 [pool-339-thread-1] INFO  server.RaftServerConfigKeys (ConfUtils.java:logGet(44)) - raft.server.log.segment.size.max = 1048576 (custom)
2021-12-29 13:35:53,749 [pool-339-thread-1] INFO  server.RaftServerConfigKeys (ConfUtils.java:logGet(44)) - raft.server.log.segment.cache.num.max = 2 (custom)
2021-12-29 13:35:53,749 [pool-339-thread-1] INFO  server.RaftServerConfigKeys (ConfUtils.java:logGet(44)) - raft.server.log.segment.cache.size.max = 200MB (=209715200) (default)
2021-12-29 13:35:53,749 [pool-339-thread-1] INFO  segmented.SegmentedRaftLogWorker (SegmentedRaftLogWorker.java:<init>(182)) - new 0ef84bf0-d17c-4625-b8c2-731f6595eebb@group-74835FCD8D1D-SegmentedRaftLogWorker for RaftStorageImpl:Storage Directory /home/runner/work/ozone/ozone/hadoop-ozone/integration-test/target/test-dir/MiniOzoneClusterImpl-737e1f92-2285-4928-9988-49e5ed44796c/datanode-0/data/ratis/e3cd99d6-7963-47db-823d-74835fcd8d1d
2021-12-29 13:35:53,749 [pool-339-thread-1] INFO  server.RaftServerConfigKeys (ConfUtils.java:logGet(44)) - raft.server.log.queue.byte-limit = 2147483647 (custom)
2021-12-29 13:35:53,749 [pool-339-thread-1] INFO  server.RaftServerConfigKeys (ConfUtils.java:logGet(44)) - raft.server.log.queue.element-limit = 1024 (custom)
2021-12-29 13:35:53,750 [pool-339-thread-1] INFO  server.RaftServerConfigKeys (ConfUtils.java:logGet(44)) - raft.server.log.segment.size.max = 1048576 (custom)
2021-12-29 13:35:53,750 [pool-339-thread-1] INFO  server.RaftServerConfigKeys (ConfUtils.java:logGet(44)) - raft.server.log.preallocated.size = 16384 (custom)
2021-12-29 13:35:53,750 [pool-339-thread-1] INFO  server.RaftServerConfigKeys (ConfUtils.java:logGet(44)) - raft.server.log.force.sync.num = 128 (default)
2021-12-29 13:35:53,750 [pool-339-thread-1] INFO  server.RaftServerConfigKeys (ConfUtils.java:logGet(44)) - raft.server.log.statemachine.data.sync = true (default)
2021-12-29 13:35:53,750 [pool-339-thread-1] INFO  server.RaftServerConfigKeys (ConfUtils.java:logGet(44)) - raft.server.log.statemachine.data.sync.timeout = 10s (default)
2021-12-29 13:35:53,750 [pool-339-thread-1] INFO  server.RaftServerConfigKeys (ConfUtils.java:logGet(44)) - raft.server.log.statemachine.data.sync.timeout.retry = -1 (default)
2021-12-29 13:35:53,751 [pool-339-thread-1] INFO  server.RaftServerConfigKeys (ConfUtils.java:logGet(44)) - raft.server.log.write.buffer.size = 1048576 (custom)
2021-12-29 13:35:53,751 [pool-339-thread-1] INFO  server.RaftServerConfigKeys (ConfUtils.java:logGet(44)) - raft.server.log.statemachine.data.caching.enabled = true (custom)
2021-12-29 13:35:53,751 [pool-339-thread-1] INFO  segmented.SegmentedRaftLogWorker (SegmentedRaftLogWorker.java:lambda$new$0(133)) - 0ef84bf0-d17c-4625-b8c2-731f6595eebb@group-74835FCD8D1D-SegmentedRaftLogWorker: flushIndex: setUnconditionally 0 -> -1
2021-12-29 13:35:53,751 [pool-339-thread-1] INFO  segmented.SegmentedRaftLogWorker (SegmentedRaftLogWorker.java:lambda$new$0(133)) - 0ef84bf0-d17c-4625-b8c2-731f6595eebb@group-74835FCD8D1D-SegmentedRaftLogWorker: safeCacheEvictIndex: setUnconditionally 0 -> -1
2021-12-29 13:35:53,761 [pool-339-thread-1] INFO  server.RaftServerConfigKeys (ConfUtils.java:logGet(44)) - raft.server.snapshot.auto.trigger.enabled = true (custom)
2021-12-29 13:35:53,761 [pool-339-thread-1] INFO  server.RaftServerConfigKeys (ConfUtils.java:logGet(44)) - raft.server.snapshot.auto.trigger.threshold = 10000 (custom)
2021-12-29 13:35:53,761 [pool-339-thread-1] INFO  server.RaftServerConfigKeys (ConfUtils.java:logGet(44)) - raft.server.snapshot.retention.file.num = 5 (custom)
2021-12-29 13:35:53,761 [pool-339-thread-1] INFO  server.RaftServerConfigKeys (ConfUtils.java:logGet(44)) - raft.server.log.purge.upto.snapshot.index = false (default)
2021-12-29 13:35:53,761 [pool-339-thread-1] INFO  server.RaftServerConfigKeys (ConfUtils.java:logGet(44)) - raft.server.retrycache.expirytime = 600000ms (custom)
2021-12-29 13:35:53,762 [pool-339-thread-1] INFO  server.RaftServerConfigKeys (ConfUtils.java:logGet(44)) - raft.server.retrycache.statistics.expirytime = 100μs (default)
2021-12-29 13:35:53,767 [EventQueue-OpenPipelineForHealthyPipelineSafeModeRule] INFO  safemode.SCMSafeModeManager (HealthyPipelineSafeModeRule.java:process(124)) - SCM in safe mode. Healthy pipelines reported count is 0, required healthy pipeline reported count is 1
2021-12-29 13:35:53,767 [EventQueue-OpenPipelineForHealthyPipelineSafeModeRule] INFO  safemode.SCMSafeModeManager (HealthyPipelineSafeModeRule.java:process(124)) - SCM in safe mode. Healthy pipelines reported count is 0, required healthy pipeline reported count is 1
2021-12-29 13:35:53,773 [pool-339-thread-1] INFO  server.RaftServer$Division (RaftServerImpl.java:start(301)) - 0ef84bf0-d17c-4625-b8c2-731f6595eebb@group-74835FCD8D1D: start as a follower, conf=-1: [99a16189-74f8-4b13-a605-5015b61c9552|rpc:10.1.0.26:43875|priority:0, 0ad59154-138e-46f9-ac1d-bdf4965642c6|rpc:10.1.0.26:39093|priority:0, 0ef84bf0-d17c-4625-b8c2-731f6595eebb|rpc:10.1.0.26:38489|priority:1], old=null
2021-12-29 13:35:53,773 [pool-339-thread-1] INFO  server.RaftServer$Division (RaftServerImpl.java:setRole(290)) - 0ef84bf0-d17c-4625-b8c2-731f6595eebb@group-74835FCD8D1D: changes role from      null to FOLLOWER at term 0 for startAsFollower
2021-12-29 13:35:53,773 [pool-339-thread-1] INFO  impl.RoleInfo (RoleInfo.java:updateAndGet(130)) - 0ef84bf0-d17c-4625-b8c2-731f6595eebb: start 0ef84bf0-d17c-4625-b8c2-731f6595eebb@group-74835FCD8D1D-FollowerState
2021-12-29 13:35:53,781 [pool-339-thread-1] INFO  util.JmxRegister (JmxRegister.java:tryRegister(44)) - Successfully registered JMX Bean with object name Ratis:service=RaftServer,group=group-74835FCD8D1D,id=0ef84bf0-d17c-4625-b8c2-731f6595eebb
2021-12-29 13:35:53,802 [Command processor thread] INFO  ratis.XceiverServerRatis (XceiverServerRatis.java:addGroup(768)) - Created group PipelineID=e3cd99d6-7963-47db-823d-74835fcd8d1d
2021-12-29 13:35:53,862 [grpc-default-executor-0] INFO  server.RaftServer (RaftServerProxy.java:addNew(95)) - 0ad59154-138e-46f9-ac1d-bdf4965642c6: addNew group-74835FCD8D1D:[99a16189-74f8-4b13-a605-5015b61c9552|rpc:10.1.0.26:43875|dataStream:|priority:0, 0ad59154-138e-46f9-ac1d-bdf4965642c6|rpc:10.1.0.26:39093|dataStream:|priority:0, 0ef84bf0-d17c-4625-b8c2-731f6595eebb|rpc:10.1.0.26:38489|dataStream:|priority:1] returns group-74835FCD8D1D:java.util.concurrent.CompletableFuture@513c58e[Not completed]
2021-12-29 13:35:53,867 [pool-381-thread-1] INFO  server.RaftServer$Division (RaftServerImpl.java:<init>(184)) - 0ad59154-138e-46f9-ac1d-bdf4965642c6: new RaftServerImpl for group-74835FCD8D1D:[99a16189-74f8-4b13-a605-5015b61c9552|rpc:10.1.0.26:43875|dataStream:|priority:0, 0ad59154-138e-46f9-ac1d-bdf4965642c6|rpc:10.1.0.26:39093|dataStream:|priority:0, 0ef84bf0-d17c-4625-b8c2-731f6595eebb|rpc:10.1.0.26:38489|dataStream:|priority:1] with ContainerStateMachine:uninitialized
2021-12-29 13:35:53,873 [pool-381-thread-1] INFO  server.RaftServerConfigKeys (ConfUtils.java:logGet(44)) - raft.server.rpc.timeout.min = 5s (custom)
2021-12-29 13:35:53,873 [pool-381-thread-1] INFO  server.RaftServerConfigKeys (ConfUtils.java:logGet(44)) - raft.server.rpc.timeout.max = 5200ms (custom)
2021-12-29 13:35:53,873 [pool-381-thread-1] INFO  server.RaftServerConfigKeys (ConfUtils.java:logGet(44)) - raft.server.rpc.sleep.time = 25ms (default)
2021-12-29 13:35:53,873 [pool-381-thread-1] INFO  server.RaftServerConfigKeys (ConfUtils.java:logGet(44)) - raft.server.rpc.slowness.timeout = 300s (custom)
2021-12-29 13:35:53,873 [pool-381-thread-1] INFO  server.RaftServerConfigKeys (ConfUtils.java:logGet(44)) - raft.server.leaderelection.leader.step-down.wait-time = 10s (default)
2021-12-29 13:35:53,873 [pool-381-thread-1] INFO  server.RaftServerConfigKeys (ConfUtils.java:logGet(44)) - raft.server.sleep.deviation.threshold = 300ms (default)
2021-12-29 13:35:53,873 [pool-381-thread-1] INFO  server.RaftServerConfigKeys (ConfUtils.java:logGet(44)) - raft.server.log.appender.install.snapshot.enabled = false (custom)
2021-12-29 13:35:53,874 [pool-381-thread-1] INFO  server.RaftServer$Division (ServerState.java:<init>(105)) - 0ad59154-138e-46f9-ac1d-bdf4965642c6@group-74835FCD8D1D: ConfigurationManager, init=-1: [99a16189-74f8-4b13-a605-5015b61c9552|rpc:10.1.0.26:43875|dataStream:|priority:0, 0ad59154-138e-46f9-ac1d-bdf4965642c6|rpc:10.1.0.26:39093|dataStream:|priority:0, 0ef84bf0-d17c-4625-b8c2-731f6595eebb|rpc:10.1.0.26:38489|dataStream:|priority:1], old=null, confs=<EMPTY_MAP>
2021-12-29 13:35:53,874 [pool-381-thread-1] INFO  server.RaftServerConfigKeys (ConfUtils.java:logGet(44)) - raft.server.storage.dir = [/home/runner/work/ozone/ozone/hadoop-ozone/integration-test/target/test-dir/MiniOzoneClusterImpl-737e1f92-2285-4928-9988-49e5ed44796c/datanode-2/data/ratis] (custom)
2021-12-29 13:35:53,879 [pool-381-thread-1] INFO  server.RaftServerConfigKeys (ConfUtils.java:logGet(44)) - raft.server.log.corruption.policy = EXCEPTION (default)
2021-12-29 13:35:53,879 [pool-381-thread-1] INFO  server.RaftServerConfigKeys (ConfUtils.java:logGet(44)) - raft.server.storage.free-space.min = 0MB (=0) (default)
2021-12-29 13:35:53,880 [pool-381-thread-1] INFO  storage.RaftStorageDirectory (RaftStorageDirectoryImpl.java:analyzeStorage(135)) - The storage directory /home/runner/work/ozone/ozone/hadoop-ozone/integration-test/target/test-dir/MiniOzoneClusterImpl-737e1f92-2285-4928-9988-49e5ed44796c/datanode-2/data/ratis/e3cd99d6-7963-47db-823d-74835fcd8d1d does not exist. Creating ...
2021-12-29 13:35:53,882 [pool-381-thread-1] INFO  storage.RaftStorageDirectory (RaftStorageDirectoryImpl.java:tryLock(230)) - Lock on /home/runner/work/ozone/ozone/hadoop-ozone/integration-test/target/test-dir/MiniOzoneClusterImpl-737e1f92-2285-4928-9988-49e5ed44796c/datanode-2/data/ratis/e3cd99d6-7963-47db-823d-74835fcd8d1d/in_use.lock acquired by nodename 16235@fv-az59-280
2021-12-29 13:35:53,887 [pool-381-thread-1] INFO  storage.RaftStorage (RaftStorageImpl.java:format(89)) - Storage directory /home/runner/work/ozone/ozone/hadoop-ozone/integration-test/target/test-dir/MiniOzoneClusterImpl-737e1f92-2285-4928-9988-49e5ed44796c/datanode-2/data/ratis/e3cd99d6-7963-47db-823d-74835fcd8d1d has been successfully formatted.
2021-12-29 13:35:53,902 [pool-381-thread-1] INFO  ratis.ContainerStateMachine (ContainerStateMachine.java:loadSnapshot(231)) - group-74835FCD8D1D: The snapshot info is null. Setting the last applied indexto:(t:0, i:~)
2021-12-29 13:35:53,902 [pool-381-thread-1] INFO  server.RaftServerConfigKeys (ConfUtils.java:logGet(44)) - raft.server.notification.no-leader.timeout = 300s (custom)
2021-12-29 13:35:53,902 [pool-381-thread-1] INFO  server.RaftServerConfigKeys (ConfUtils.java:logGet(44)) - raft.server.log.use.memory = false (default)
2021-12-29 13:35:53,902 [pool-381-thread-1] INFO  server.RaftServerConfigKeys (ConfUtils.java:logGet(44)) - raft.server.log.purge.gap = 1000000 (custom)
2021-12-29 13:35:53,902 [pool-381-thread-1] INFO  server.RaftServerConfigKeys (ConfUtils.java:logGet(44)) - raft.server.log.appender.buffer.byte-limit = 33554432 (custom)
2021-12-29 13:35:53,902 [pool-381-thread-1] INFO  server.RaftServerConfigKeys (ConfUtils.java:logGet(44)) - raft.server.log.segment.size.max = 1048576 (custom)
2021-12-29 13:35:53,907 [pool-381-thread-1] INFO  server.RaftServerConfigKeys (ConfUtils.java:logGet(44)) - raft.server.log.segment.cache.num.max = 2 (custom)
2021-12-29 13:35:53,907 [pool-381-thread-1] INFO  server.RaftServerConfigKeys (ConfUtils.java:logGet(44)) - raft.server.log.segment.cache.size.max = 200MB (=209715200) (default)
2021-12-29 13:35:53,907 [pool-381-thread-1] INFO  segmented.SegmentedRaftLogWorker (SegmentedRaftLogWorker.java:<init>(182)) - new 0ad59154-138e-46f9-ac1d-bdf4965642c6@group-74835FCD8D1D-SegmentedRaftLogWorker for RaftStorageImpl:Storage Directory /home/runner/work/ozone/ozone/hadoop-ozone/integration-test/target/test-dir/MiniOzoneClusterImpl-737e1f92-2285-4928-9988-49e5ed44796c/datanode-2/data/ratis/e3cd99d6-7963-47db-823d-74835fcd8d1d
2021-12-29 13:35:53,907 [pool-381-thread-1] INFO  server.RaftServerConfigKeys (ConfUtils.java:logGet(44)) - raft.server.log.queue.byte-limit = 2147483647 (custom)
2021-12-29 13:35:53,907 [pool-381-thread-1] INFO  server.RaftServerConfigKeys (ConfUtils.java:logGet(44)) - raft.server.log.queue.element-limit = 1024 (custom)
2021-12-29 13:35:53,907 [pool-381-thread-1] INFO  server.RaftServerConfigKeys (ConfUtils.java:logGet(44)) - raft.server.log.segment.size.max = 1048576 (custom)
2021-12-29 13:35:53,908 [pool-381-thread-1] INFO  server.RaftServerConfigKeys (ConfUtils.java:logGet(44)) - raft.server.log.preallocated.size = 16384 (custom)
2021-12-29 13:35:53,908 [pool-381-thread-1] INFO  server.RaftServerConfigKeys (ConfUtils.java:logGet(44)) - raft.server.log.force.sync.num = 128 (default)
2021-12-29 13:35:53,908 [pool-381-thread-1] INFO  server.RaftServerConfigKeys (ConfUtils.java:logGet(44)) - raft.server.log.statemachine.data.sync = true (default)
2021-12-29 13:35:53,908 [pool-381-thread-1] INFO  server.RaftServerConfigKeys (ConfUtils.java:logGet(44)) - raft.server.log.statemachine.data.sync.timeout = 10s (default)
2021-12-29 13:35:53,908 [pool-381-thread-1] INFO  server.RaftServerConfigKeys (ConfUtils.java:logGet(44)) - raft.server.log.statemachine.data.sync.timeout.retry = -1 (default)
2021-12-29 13:35:53,909 [pool-381-thread-1] INFO  server.RaftServerConfigKeys (ConfUtils.java:logGet(44)) - raft.server.log.write.buffer.size = 1048576 (custom)
2021-12-29 13:35:53,909 [pool-381-thread-1] INFO  server.RaftServerConfigKeys (ConfUtils.java:logGet(44)) - raft.server.log.statemachine.data.caching.enabled = true (custom)
2021-12-29 13:35:53,909 [pool-381-thread-1] INFO  segmented.SegmentedRaftLogWorker (SegmentedRaftLogWorker.java:lambda$new$0(133)) - 0ad59154-138e-46f9-ac1d-bdf4965642c6@group-74835FCD8D1D-SegmentedRaftLogWorker: flushIndex: setUnconditionally 0 -> -1
2021-12-29 13:35:53,909 [pool-381-thread-1] INFO  segmented.SegmentedRaftLogWorker (SegmentedRaftLogWorker.java:lambda$new$0(133)) - 0ad59154-138e-46f9-ac1d-bdf4965642c6@group-74835FCD8D1D-SegmentedRaftLogWorker: safeCacheEvictIndex: setUnconditionally 0 -> -1
2021-12-29 13:35:53,922 [pool-381-thread-1] INFO  server.RaftServerConfigKeys (ConfUtils.java:logGet(44)) - raft.server.snapshot.auto.trigger.enabled = true (custom)
2021-12-29 13:35:53,922 [pool-381-thread-1] INFO  server.RaftServerConfigKeys (ConfUtils.java:logGet(44)) - raft.server.snapshot.auto.trigger.threshold = 10000 (custom)
2021-12-29 13:35:53,922 [pool-381-thread-1] INFO  server.RaftServerConfigKeys (ConfUtils.java:logGet(44)) - raft.server.snapshot.retention.file.num = 5 (custom)
2021-12-29 13:35:53,922 [pool-381-thread-1] INFO  server.RaftServerConfigKeys (ConfUtils.java:logGet(44)) - raft.server.log.purge.upto.snapshot.index = false (default)
2021-12-29 13:35:53,922 [pool-381-thread-1] INFO  server.RaftServerConfigKeys (ConfUtils.java:logGet(44)) - raft.server.retrycache.expirytime = 600000ms (custom)
2021-12-29 13:35:53,922 [pool-381-thread-1] INFO  server.RaftServerConfigKeys (ConfUtils.java:logGet(44)) - raft.server.retrycache.statistics.expirytime = 100μs (default)
2021-12-29 13:35:53,923 [pool-381-thread-1] INFO  server.RaftServer$Division (RaftServerImpl.java:start(301)) - 0ad59154-138e-46f9-ac1d-bdf4965642c6@group-74835FCD8D1D: start as a follower, conf=-1: [99a16189-74f8-4b13-a605-5015b61c9552|rpc:10.1.0.26:43875|dataStream:|priority:0, 0ad59154-138e-46f9-ac1d-bdf4965642c6|rpc:10.1.0.26:39093|dataStream:|priority:0, 0ef84bf0-d17c-4625-b8c2-731f6595eebb|rpc:10.1.0.26:38489|dataStream:|priority:1], old=null
2021-12-29 13:35:53,923 [pool-381-thread-1] INFO  server.RaftServer$Division (RaftServerImpl.java:setRole(290)) - 0ad59154-138e-46f9-ac1d-bdf4965642c6@group-74835FCD8D1D: changes role from      null to FOLLOWER at term 0 for startAsFollower
2021-12-29 13:35:53,923 [pool-381-thread-1] INFO  impl.RoleInfo (RoleInfo.java:updateAndGet(130)) - 0ad59154-138e-46f9-ac1d-bdf4965642c6: start 0ad59154-138e-46f9-ac1d-bdf4965642c6@group-74835FCD8D1D-FollowerState
2021-12-29 13:35:53,926 [pool-381-thread-1] INFO  util.JmxRegister (JmxRegister.java:tryRegister(44)) - Successfully registered JMX Bean with object name Ratis:service=RaftServer,group=group-74835FCD8D1D,id=0ad59154-138e-46f9-ac1d-bdf4965642c6
2021-12-29 13:35:54,016 [grpc-default-executor-0] INFO  server.RaftServer (RaftServerProxy.java:addNew(95)) - 99a16189-74f8-4b13-a605-5015b61c9552: addNew group-74835FCD8D1D:[99a16189-74f8-4b13-a605-5015b61c9552|rpc:10.1.0.26:43875|dataStream:|priority:0, 0ad59154-138e-46f9-ac1d-bdf4965642c6|rpc:10.1.0.26:39093|dataStream:|priority:0, 0ef84bf0-d17c-4625-b8c2-731f6595eebb|rpc:10.1.0.26:38489|dataStream:|priority:1] returns group-74835FCD8D1D:java.util.concurrent.CompletableFuture@39a82560[Not completed]
2021-12-29 13:35:54,035 [pool-360-thread-1] INFO  server.RaftServer$Division (RaftServerImpl.java:<init>(184)) - 99a16189-74f8-4b13-a605-5015b61c9552: new RaftServerImpl for group-74835FCD8D1D:[99a16189-74f8-4b13-a605-5015b61c9552|rpc:10.1.0.26:43875|dataStream:|priority:0, 0ad59154-138e-46f9-ac1d-bdf4965642c6|rpc:10.1.0.26:39093|dataStream:|priority:0, 0ef84bf0-d17c-4625-b8c2-731f6595eebb|rpc:10.1.0.26:38489|dataStream:|priority:1] with ContainerStateMachine:uninitialized
2021-12-29 13:35:54,042 [pool-360-thread-1] INFO  server.RaftServerConfigKeys (ConfUtils.java:logGet(44)) - raft.server.rpc.timeout.min = 5s (custom)
2021-12-29 13:35:54,042 [pool-360-thread-1] INFO  server.RaftServerConfigKeys (ConfUtils.java:logGet(44)) - raft.server.rpc.timeout.max = 5200ms (custom)
2021-12-29 13:35:54,042 [pool-360-thread-1] INFO  server.RaftServerConfigKeys (ConfUtils.java:logGet(44)) - raft.server.rpc.sleep.time = 25ms (default)
2021-12-29 13:35:54,042 [pool-360-thread-1] INFO  server.RaftServerConfigKeys (ConfUtils.java:logGet(44)) - raft.server.rpc.slowness.timeout = 300s (custom)
2021-12-29 13:35:54,042 [pool-360-thread-1] INFO  server.RaftServerConfigKeys (ConfUtils.java:logGet(44)) - raft.server.leaderelection.leader.step-down.wait-time = 10s (default)
2021-12-29 13:35:54,042 [pool-360-thread-1] INFO  server.RaftServerConfigKeys (ConfUtils.java:logGet(44)) - raft.server.sleep.deviation.threshold = 300ms (default)
2021-12-29 13:35:54,042 [pool-360-thread-1] INFO  server.RaftServerConfigKeys (ConfUtils.java:logGet(44)) - raft.server.log.appender.install.snapshot.enabled = false (custom)
2021-12-29 13:35:54,042 [pool-360-thread-1] INFO  server.RaftServer$Division (ServerState.java:<init>(105)) - 99a16189-74f8-4b13-a605-5015b61c9552@group-74835FCD8D1D: ConfigurationManager, init=-1: [99a16189-74f8-4b13-a605-5015b61c9552|rpc:10.1.0.26:43875|dataStream:|priority:0, 0ad59154-138e-46f9-ac1d-bdf4965642c6|rpc:10.1.0.26:39093|dataStream:|priority:0, 0ef84bf0-d17c-4625-b8c2-731f6595eebb|rpc:10.1.0.26:38489|dataStream:|priority:1], old=null, confs=<EMPTY_MAP>
2021-12-29 13:35:54,042 [pool-360-thread-1] INFO  server.RaftServerConfigKeys (ConfUtils.java:logGet(44)) - raft.server.storage.dir = [/home/runner/work/ozone/ozone/hadoop-ozone/integration-test/target/test-dir/MiniOzoneClusterImpl-737e1f92-2285-4928-9988-49e5ed44796c/datanode-1/data/ratis] (custom)
2021-12-29 13:35:54,042 [pool-360-thread-1] INFO  server.RaftServerConfigKeys (ConfUtils.java:logGet(44)) - raft.server.log.corruption.policy = EXCEPTION (default)
2021-12-29 13:35:54,043 [pool-360-thread-1] INFO  server.RaftServerConfigKeys (ConfUtils.java:logGet(44)) - raft.server.storage.free-space.min = 0MB (=0) (default)
2021-12-29 13:35:54,043 [pool-360-thread-1] INFO  storage.RaftStorageDirectory (RaftStorageDirectoryImpl.java:analyzeStorage(135)) - The storage directory /home/runner/work/ozone/ozone/hadoop-ozone/integration-test/target/test-dir/MiniOzoneClusterImpl-737e1f92-2285-4928-9988-49e5ed44796c/datanode-1/data/ratis/e3cd99d6-7963-47db-823d-74835fcd8d1d does not exist. Creating ...
2021-12-29 13:35:54,046 [pool-360-thread-1] INFO  storage.RaftStorageDirectory (RaftStorageDirectoryImpl.java:tryLock(230)) - Lock on /home/runner/work/ozone/ozone/hadoop-ozone/integration-test/target/test-dir/MiniOzoneClusterImpl-737e1f92-2285-4928-9988-49e5ed44796c/datanode-1/data/ratis/e3cd99d6-7963-47db-823d-74835fcd8d1d/in_use.lock acquired by nodename 16235@fv-az59-280
2021-12-29 13:35:54,047 [pool-360-thread-1] INFO  storage.RaftStorage (RaftStorageImpl.java:format(89)) - Storage directory /home/runner/work/ozone/ozone/hadoop-ozone/integration-test/target/test-dir/MiniOzoneClusterImpl-737e1f92-2285-4928-9988-49e5ed44796c/datanode-1/data/ratis/e3cd99d6-7963-47db-823d-74835fcd8d1d has been successfully formatted.
2021-12-29 13:35:54,048 [pool-360-thread-1] INFO  ratis.ContainerStateMachine (ContainerStateMachine.java:loadSnapshot(231)) - group-74835FCD8D1D: The snapshot info is null. Setting the last applied indexto:(t:0, i:~)
2021-12-29 13:35:54,048 [pool-360-thread-1] INFO  server.RaftServerConfigKeys (ConfUtils.java:logGet(44)) - raft.server.notification.no-leader.timeout = 300s (custom)
2021-12-29 13:35:54,048 [pool-360-thread-1] INFO  server.RaftServerConfigKeys (ConfUtils.java:logGet(44)) - raft.server.log.use.memory = false (default)
2021-12-29 13:35:54,048 [pool-360-thread-1] INFO  server.RaftServerConfigKeys (ConfUtils.java:logGet(44)) - raft.server.log.purge.gap = 1000000 (custom)
2021-12-29 13:35:54,048 [pool-360-thread-1] INFO  server.RaftServerConfigKeys (ConfUtils.java:logGet(44)) - raft.server.log.appender.buffer.byte-limit = 33554432 (custom)
2021-12-29 13:35:54,048 [pool-360-thread-1] INFO  server.RaftServerConfigKeys (ConfUtils.java:logGet(44)) - raft.server.log.segment.size.max = 1048576 (custom)
2021-12-29 13:35:54,049 [pool-360-thread-1] INFO  server.RaftServerConfigKeys (ConfUtils.java:logGet(44)) - raft.server.log.segment.cache.num.max = 2 (custom)
2021-12-29 13:35:54,049 [pool-360-thread-1] INFO  server.RaftServerConfigKeys (ConfUtils.java:logGet(44)) - raft.server.log.segment.cache.size.max = 200MB (=209715200) (default)
2021-12-29 13:35:54,049 [pool-360-thread-1] INFO  segmented.SegmentedRaftLogWorker (SegmentedRaftLogWorker.java:<init>(182)) - new 99a16189-74f8-4b13-a605-5015b61c9552@group-74835FCD8D1D-SegmentedRaftLogWorker for RaftStorageImpl:Storage Directory /home/runner/work/ozone/ozone/hadoop-ozone/integration-test/target/test-dir/MiniOzoneClusterImpl-737e1f92-2285-4928-9988-49e5ed44796c/datanode-1/data/ratis/e3cd99d6-7963-47db-823d-74835fcd8d1d
2021-12-29 13:35:54,049 [pool-360-thread-1] INFO  server.RaftServerConfigKeys (ConfUtils.java:logGet(44)) - raft.server.log.queue.byte-limit = 2147483647 (custom)
2021-12-29 13:35:54,049 [pool-360-thread-1] INFO  server.RaftServerConfigKeys (ConfUtils.java:logGet(44)) - raft.server.log.queue.element-limit = 1024 (custom)
2021-12-29 13:35:54,049 [pool-360-thread-1] INFO  server.RaftServerConfigKeys (ConfUtils.java:logGet(44)) - raft.server.log.segment.size.max = 1048576 (custom)
2021-12-29 13:35:54,049 [pool-360-thread-1] INFO  server.RaftServerConfigKeys (ConfUtils.java:logGet(44)) - raft.server.log.preallocated.size = 16384 (custom)
2021-12-29 13:35:54,049 [pool-360-thread-1] INFO  server.RaftServerConfigKeys (ConfUtils.java:logGet(44)) - raft.server.log.force.sync.num = 128 (default)
2021-12-29 13:35:54,049 [pool-360-thread-1] INFO  server.RaftServerConfigKeys (ConfUtils.java:logGet(44)) - raft.server.log.statemachine.data.sync = true (default)
2021-12-29 13:35:54,049 [pool-360-thread-1] INFO  server.RaftServerConfigKeys (ConfUtils.java:logGet(44)) - raft.server.log.statemachine.data.sync.timeout = 10s (default)
2021-12-29 13:35:54,049 [pool-360-thread-1] INFO  server.RaftServerConfigKeys (ConfUtils.java:logGet(44)) - raft.server.log.statemachine.data.sync.timeout.retry = -1 (default)
2021-12-29 13:35:54,050 [pool-360-thread-1] INFO  server.RaftServerConfigKeys (ConfUtils.java:logGet(44)) - raft.server.log.write.buffer.size = 1048576 (custom)
2021-12-29 13:35:54,050 [pool-360-thread-1] INFO  server.RaftServerConfigKeys (ConfUtils.java:logGet(44)) - raft.server.log.statemachine.data.caching.enabled = true (custom)
2021-12-29 13:35:54,051 [pool-360-thread-1] INFO  segmented.SegmentedRaftLogWorker (SegmentedRaftLogWorker.java:lambda$new$0(133)) - 99a16189-74f8-4b13-a605-5015b61c9552@group-74835FCD8D1D-SegmentedRaftLogWorker: flushIndex: setUnconditionally 0 -> -1
2021-12-29 13:35:54,051 [pool-360-thread-1] INFO  segmented.SegmentedRaftLogWorker (SegmentedRaftLogWorker.java:lambda$new$0(133)) - 99a16189-74f8-4b13-a605-5015b61c9552@group-74835FCD8D1D-SegmentedRaftLogWorker: safeCacheEvictIndex: setUnconditionally 0 -> -1
2021-12-29 13:35:54,062 [pool-360-thread-1] INFO  server.RaftServerConfigKeys (ConfUtils.java:logGet(44)) - raft.server.snapshot.auto.trigger.enabled = true (custom)
2021-12-29 13:35:54,062 [pool-360-thread-1] INFO  server.RaftServerConfigKeys (ConfUtils.java:logGet(44)) - raft.server.snapshot.auto.trigger.threshold = 10000 (custom)
2021-12-29 13:35:54,062 [pool-360-thread-1] INFO  server.RaftServerConfigKeys (ConfUtils.java:logGet(44)) - raft.server.snapshot.retention.file.num = 5 (custom)
2021-12-29 13:35:54,062 [pool-360-thread-1] INFO  server.RaftServerConfigKeys (ConfUtils.java:logGet(44)) - raft.server.log.purge.upto.snapshot.index = false (default)
2021-12-29 13:35:54,062 [pool-360-thread-1] INFO  server.RaftServerConfigKeys (ConfUtils.java:logGet(44)) - raft.server.retrycache.expirytime = 600000ms (custom)
2021-12-29 13:35:54,062 [pool-360-thread-1] INFO  server.RaftServerConfigKeys (ConfUtils.java:logGet(44)) - raft.server.retrycache.statistics.expirytime = 100μs (default)
2021-12-29 13:35:54,063 [pool-360-thread-1] INFO  server.RaftServer$Division (RaftServerImpl.java:start(301)) - 99a16189-74f8-4b13-a605-5015b61c9552@group-74835FCD8D1D: start as a follower, conf=-1: [99a16189-74f8-4b13-a605-5015b61c9552|rpc:10.1.0.26:43875|dataStream:|priority:0, 0ad59154-138e-46f9-ac1d-bdf4965642c6|rpc:10.1.0.26:39093|dataStream:|priority:0, 0ef84bf0-d17c-4625-b8c2-731f6595eebb|rpc:10.1.0.26:38489|dataStream:|priority:1], old=null
2021-12-29 13:35:54,063 [pool-360-thread-1] INFO  server.RaftServer$Division (RaftServerImpl.java:setRole(290)) - 99a16189-74f8-4b13-a605-5015b61c9552@group-74835FCD8D1D: changes role from      null to FOLLOWER at term 0 for startAsFollower
2021-12-29 13:35:54,063 [pool-360-thread-1] INFO  impl.RoleInfo (RoleInfo.java:updateAndGet(130)) - 99a16189-74f8-4b13-a605-5015b61c9552: start 99a16189-74f8-4b13-a605-5015b61c9552@group-74835FCD8D1D-FollowerState
2021-12-29 13:35:54,069 [pool-360-thread-1] INFO  util.JmxRegister (JmxRegister.java:tryRegister(44)) - Successfully registered JMX Bean with object name Ratis:service=RaftServer,group=group-74835FCD8D1D,id=99a16189-74f8-4b13-a605-5015b61c9552
2021-12-29 13:35:54,087 [Command processor thread] INFO  commandhandler.CreatePipelineCommandHandler (CreatePipelineCommandHandler.java:handle(106)) - Created Pipeline RATIS THREE PipelineID=e3cd99d6-7963-47db-823d-74835fcd8d1d.
2021-12-29 13:35:54,088 [Command processor thread] INFO  server.RaftServer (RaftServerProxy.java:addNew(95)) - 0ef84bf0-d17c-4625-b8c2-731f6595eebb: addNew group-6E76E560AD91:[99a16189-74f8-4b13-a605-5015b61c9552|rpc:10.1.0.26:43875|priority:1, 0ad59154-138e-46f9-ac1d-bdf4965642c6|rpc:10.1.0.26:39093|priority:0, 0ef84bf0-d17c-4625-b8c2-731f6595eebb|rpc:10.1.0.26:38489|priority:0] returns group-6E76E560AD91:java.util.concurrent.CompletableFuture@3a66de1f[Not completed]
2021-12-29 13:35:54,088 [pool-339-thread-1] INFO  server.RaftServer$Division (RaftServerImpl.java:<init>(184)) - 0ef84bf0-d17c-4625-b8c2-731f6595eebb: new RaftServerImpl for group-6E76E560AD91:[99a16189-74f8-4b13-a605-5015b61c9552|rpc:10.1.0.26:43875|priority:1, 0ad59154-138e-46f9-ac1d-bdf4965642c6|rpc:10.1.0.26:39093|priority:0, 0ef84bf0-d17c-4625-b8c2-731f6595eebb|rpc:10.1.0.26:38489|priority:0] with ContainerStateMachine:uninitialized
2021-12-29 13:35:54,088 [pool-339-thread-1] INFO  server.RaftServerConfigKeys (ConfUtils.java:logGet(44)) - raft.server.rpc.timeout.min = 5s (custom)
2021-12-29 13:35:54,088 [pool-339-thread-1] INFO  server.RaftServerConfigKeys (ConfUtils.java:logGet(44)) - raft.server.rpc.timeout.max = 5200ms (custom)
2021-12-29 13:35:54,088 [pool-339-thread-1] INFO  server.RaftServerConfigKeys (ConfUtils.java:logGet(44)) - raft.server.rpc.sleep.time = 25ms (default)
2021-12-29 13:35:54,089 [pool-339-thread-1] INFO  server.RaftServerConfigKeys (ConfUtils.java:logGet(44)) - raft.server.rpc.slowness.timeout = 300s (custom)
2021-12-29 13:35:54,089 [pool-339-thread-1] INFO  server.RaftServerConfigKeys (ConfUtils.java:logGet(44)) - raft.server.leaderelection.leader.step-down.wait-time = 10s (default)
2021-12-29 13:35:54,089 [pool-339-thread-1] INFO  server.RaftServerConfigKeys (ConfUtils.java:logGet(44)) - raft.server.sleep.deviation.threshold = 300ms (default)
2021-12-29 13:35:54,089 [pool-339-thread-1] INFO  server.RaftServerConfigKeys (ConfUtils.java:logGet(44)) - raft.server.log.appender.install.snapshot.enabled = false (custom)
2021-12-29 13:35:54,089 [pool-339-thread-1] INFO  server.RaftServer$Division (ServerState.java:<init>(105)) - 0ef84bf0-d17c-4625-b8c2-731f6595eebb@group-6E76E560AD91: ConfigurationManager, init=-1: [99a16189-74f8-4b13-a605-5015b61c9552|rpc:10.1.0.26:43875|priority:1, 0ad59154-138e-46f9-ac1d-bdf4965642c6|rpc:10.1.0.26:39093|priority:0, 0ef84bf0-d17c-4625-b8c2-731f6595eebb|rpc:10.1.0.26:38489|priority:0], old=null, confs=<EMPTY_MAP>
2021-12-29 13:35:54,089 [pool-339-thread-1] INFO  server.RaftServerConfigKeys (ConfUtils.java:logGet(44)) - raft.server.storage.dir = [/home/runner/work/ozone/ozone/hadoop-ozone/integration-test/target/test-dir/MiniOzoneClusterImpl-737e1f92-2285-4928-9988-49e5ed44796c/datanode-0/data/ratis] (custom)
2021-12-29 13:35:54,089 [pool-339-thread-1] INFO  server.RaftServerConfigKeys (ConfUtils.java:logGet(44)) - raft.server.log.corruption.policy = EXCEPTION (default)
2021-12-29 13:35:54,089 [pool-339-thread-1] INFO  server.RaftServerConfigKeys (ConfUtils.java:logGet(44)) - raft.server.storage.free-space.min = 0MB (=0) (default)
2021-12-29 13:35:54,089 [pool-339-thread-1] INFO  storage.RaftStorageDirectory (RaftStorageDirectoryImpl.java:analyzeStorage(135)) - The storage directory /home/runner/work/ozone/ozone/hadoop-ozone/integration-test/target/test-dir/MiniOzoneClusterImpl-737e1f92-2285-4928-9988-49e5ed44796c/datanode-0/data/ratis/ae8c5ea6-dcdc-4c55-98dd-6e76e560ad91 does not exist. Creating ...
2021-12-29 13:35:54,091 [pool-339-thread-1] INFO  storage.RaftStorageDirectory (RaftStorageDirectoryImpl.java:tryLock(230)) - Lock on /home/runner/work/ozone/ozone/hadoop-ozone/integration-test/target/test-dir/MiniOzoneClusterImpl-737e1f92-2285-4928-9988-49e5ed44796c/datanode-0/data/ratis/ae8c5ea6-dcdc-4c55-98dd-6e76e560ad91/in_use.lock acquired by nodename 16235@fv-az59-280
2021-12-29 13:35:54,092 [pool-339-thread-1] INFO  storage.RaftStorage (RaftStorageImpl.java:format(89)) - Storage directory /home/runner/work/ozone/ozone/hadoop-ozone/integration-test/target/test-dir/MiniOzoneClusterImpl-737e1f92-2285-4928-9988-49e5ed44796c/datanode-0/data/ratis/ae8c5ea6-dcdc-4c55-98dd-6e76e560ad91 has been successfully formatted.
2021-12-29 13:35:54,093 [pool-339-thread-1] INFO  ratis.ContainerStateMachine (ContainerStateMachine.java:loadSnapshot(231)) - group-6E76E560AD91: The snapshot info is null. Setting the last applied indexto:(t:0, i:~)
2021-12-29 13:35:54,093 [pool-339-thread-1] INFO  server.RaftServerConfigKeys (ConfUtils.java:logGet(44)) - raft.server.notification.no-leader.timeout = 300s (custom)
2021-12-29 13:35:54,093 [pool-339-thread-1] INFO  server.RaftServerConfigKeys (ConfUtils.java:logGet(44)) - raft.server.log.use.memory = false (default)
2021-12-29 13:35:54,093 [pool-339-thread-1] INFO  server.RaftServerConfigKeys (ConfUtils.java:logGet(44)) - raft.server.log.purge.gap = 1000000 (custom)
2021-12-29 13:35:54,093 [pool-339-thread-1] INFO  server.RaftServerConfigKeys (ConfUtils.java:logGet(44)) - raft.server.log.appender.buffer.byte-limit = 33554432 (custom)
2021-12-29 13:35:54,093 [pool-339-thread-1] INFO  server.RaftServerConfigKeys (ConfUtils.java:logGet(44)) - raft.server.log.segment.size.max = 1048576 (custom)
2021-12-29 13:35:54,093 [pool-339-thread-1] INFO  server.RaftServerConfigKeys (ConfUtils.java:logGet(44)) - raft.server.log.segment.cache.num.max = 2 (custom)
2021-12-29 13:35:54,094 [pool-339-thread-1] INFO  server.RaftServerConfigKeys (ConfUtils.java:logGet(44)) - raft.server.log.segment.cache.size.max = 200MB (=209715200) (default)
2021-12-29 13:35:54,094 [pool-339-thread-1] INFO  segmented.SegmentedRaftLogWorker (SegmentedRaftLogWorker.java:<init>(182)) - new 0ef84bf0-d17c-4625-b8c2-731f6595eebb@group-6E76E560AD91-SegmentedRaftLogWorker for RaftStorageImpl:Storage Directory /home/runner/work/ozone/ozone/hadoop-ozone/integration-test/target/test-dir/MiniOzoneClusterImpl-737e1f92-2285-4928-9988-49e5ed44796c/datanode-0/data/ratis/ae8c5ea6-dcdc-4c55-98dd-6e76e560ad91
2021-12-29 13:35:54,094 [pool-339-thread-1] INFO  server.RaftServerConfigKeys (ConfUtils.java:logGet(44)) - raft.server.log.queue.byte-limit = 2147483647 (custom)
2021-12-29 13:35:54,094 [pool-339-thread-1] INFO  server.RaftServerConfigKeys (ConfUtils.java:logGet(44)) - raft.server.log.queue.element-limit = 1024 (custom)
2021-12-29 13:35:54,094 [pool-339-thread-1] INFO  server.RaftServerConfigKeys (ConfUtils.java:logGet(44)) - raft.server.log.segment.size.max = 1048576 (custom)
2021-12-29 13:35:54,094 [pool-339-thread-1] INFO  server.RaftServerConfigKeys (ConfUtils.java:logGet(44)) - raft.server.log.preallocated.size = 16384 (custom)
2021-12-29 13:35:54,094 [pool-339-thread-1] INFO  server.RaftServerConfigKeys (ConfUtils.java:logGet(44)) - raft.server.log.force.sync.num = 128 (default)
2021-12-29 13:35:54,094 [pool-339-thread-1] INFO  server.RaftServerConfigKeys (ConfUtils.java:logGet(44)) - raft.server.log.statemachine.data.sync = true (default)
2021-12-29 13:35:54,094 [pool-339-thread-1] INFO  server.RaftServerConfigKeys (ConfUtils.java:logGet(44)) - raft.server.log.statemachine.data.sync.timeout = 10s (default)
2021-12-29 13:35:54,094 [pool-339-thread-1] INFO  server.RaftServerConfigKeys (ConfUtils.java:logGet(44)) - raft.server.log.statemachine.data.sync.timeout.retry = -1 (default)
2021-12-29 13:35:54,095 [pool-339-thread-1] INFO  server.RaftServerConfigKeys (ConfUtils.java:logGet(44)) - raft.server.log.write.buffer.size = 1048576 (custom)
2021-12-29 13:35:54,095 [pool-339-thread-1] INFO  server.RaftServerConfigKeys (ConfUtils.java:logGet(44)) - raft.server.log.statemachine.data.caching.enabled = true (custom)
2021-12-29 13:35:54,095 [pool-339-thread-1] INFO  segmented.SegmentedRaftLogWorker (SegmentedRaftLogWorker.java:lambda$new$0(133)) - 0ef84bf0-d17c-4625-b8c2-731f6595eebb@group-6E76E560AD91-SegmentedRaftLogWorker: flushIndex: setUnconditionally 0 -> -1
2021-12-29 13:35:54,096 [pool-339-thread-1] INFO  segmented.SegmentedRaftLogWorker (SegmentedRaftLogWorker.java:lambda$new$0(133)) - 0ef84bf0-d17c-4625-b8c2-731f6595eebb@group-6E76E560AD91-SegmentedRaftLogWorker: safeCacheEvictIndex: setUnconditionally 0 -> -1
2021-12-29 13:35:54,100 [pool-339-thread-1] INFO  server.RaftServerConfigKeys (ConfUtils.java:logGet(44)) - raft.server.snapshot.auto.trigger.enabled = true (custom)
2021-12-29 13:35:54,100 [pool-339-thread-1] INFO  server.RaftServerConfigKeys (ConfUtils.java:logGet(44)) - raft.server.snapshot.auto.trigger.threshold = 10000 (custom)
2021-12-29 13:35:54,100 [pool-339-thread-1] INFO  server.RaftServerConfigKeys (ConfUtils.java:logGet(44)) - raft.server.snapshot.retention.file.num = 5 (custom)
2021-12-29 13:35:54,100 [pool-339-thread-1] INFO  server.RaftServerConfigKeys (ConfUtils.java:logGet(44)) - raft.server.log.purge.upto.snapshot.index = false (default)
2021-12-29 13:35:54,100 [pool-339-thread-1] INFO  server.RaftServerConfigKeys (ConfUtils.java:logGet(44)) - raft.server.retrycache.expirytime = 600000ms (custom)
2021-12-29 13:35:54,101 [pool-339-thread-1] INFO  server.RaftServerConfigKeys (ConfUtils.java:logGet(44)) - raft.server.retrycache.statistics.expirytime = 100μs (default)
2021-12-29 13:35:54,102 [pool-339-thread-1] INFO  server.RaftServer$Division (RaftServerImpl.java:start(301)) - 0ef84bf0-d17c-4625-b8c2-731f6595eebb@group-6E76E560AD91: start as a follower, conf=-1: [99a16189-74f8-4b13-a605-5015b61c9552|rpc:10.1.0.26:43875|priority:1, 0ad59154-138e-46f9-ac1d-bdf4965642c6|rpc:10.1.0.26:39093|priority:0, 0ef84bf0-d17c-4625-b8c2-731f6595eebb|rpc:10.1.0.26:38489|priority:0], old=null
2021-12-29 13:35:54,102 [pool-339-thread-1] INFO  server.RaftServer$Division (RaftServerImpl.java:setRole(290)) - 0ef84bf0-d17c-4625-b8c2-731f6595eebb@group-6E76E560AD91: changes role from      null to FOLLOWER at term 0 for startAsFollower
2021-12-29 13:35:54,102 [pool-339-thread-1] INFO  impl.RoleInfo (RoleInfo.java:updateAndGet(130)) - 0ef84bf0-d17c-4625-b8c2-731f6595eebb: start 0ef84bf0-d17c-4625-b8c2-731f6595eebb@group-6E76E560AD91-FollowerState
2021-12-29 13:35:54,110 [pool-339-thread-1] INFO  util.JmxRegister (JmxRegister.java:tryRegister(44)) - Successfully registered JMX Bean with object name Ratis:service=RaftServer,group=group-6E76E560AD91,id=0ef84bf0-d17c-4625-b8c2-731f6595eebb
2021-12-29 13:35:54,111 [Command processor thread] INFO  ratis.XceiverServerRatis (XceiverServerRatis.java:addGroup(768)) - Created group PipelineID=ae8c5ea6-dcdc-4c55-98dd-6e76e560ad91
2021-12-29 13:35:54,111 [EventQueue-OpenPipelineForHealthyPipelineSafeModeRule] INFO  safemode.SCMSafeModeManager (HealthyPipelineSafeModeRule.java:process(124)) - SCM in safe mode. Healthy pipelines reported count is 0, required healthy pipeline reported count is 1
2021-12-29 13:35:54,123 [grpc-default-executor-0] INFO  server.RaftServer (RaftServerProxy.java:addNew(95)) - 0ad59154-138e-46f9-ac1d-bdf4965642c6: addNew group-6E76E560AD91:[99a16189-74f8-4b13-a605-5015b61c9552|rpc:10.1.0.26:43875|dataStream:|priority:1, 0ad59154-138e-46f9-ac1d-bdf4965642c6|rpc:10.1.0.26:39093|dataStream:|priority:0, 0ef84bf0-d17c-4625-b8c2-731f6595eebb|rpc:10.1.0.26:38489|dataStream:|priority:0] returns group-6E76E560AD91:java.util.concurrent.CompletableFuture@7c8dac7a[Not completed]
2021-12-29 13:35:54,124 [pool-381-thread-1] INFO  server.RaftServer$Division (RaftServerImpl.java:<init>(184)) - 0ad59154-138e-46f9-ac1d-bdf4965642c6: new RaftServerImpl for group-6E76E560AD91:[99a16189-74f8-4b13-a605-5015b61c9552|rpc:10.1.0.26:43875|dataStream:|priority:1, 0ad59154-138e-46f9-ac1d-bdf4965642c6|rpc:10.1.0.26:39093|dataStream:|priority:0, 0ef84bf0-d17c-4625-b8c2-731f6595eebb|rpc:10.1.0.26:38489|dataStream:|priority:0] with ContainerStateMachine:uninitialized
2021-12-29 13:35:54,124 [pool-381-thread-1] INFO  server.RaftServerConfigKeys (ConfUtils.java:logGet(44)) - raft.server.rpc.timeout.min = 5s (custom)
2021-12-29 13:35:54,124 [pool-381-thread-1] INFO  server.RaftServerConfigKeys (ConfUtils.java:logGet(44)) - raft.server.rpc.timeout.max = 5200ms (custom)
2021-12-29 13:35:54,124 [pool-381-thread-1] INFO  server.RaftServerConfigKeys (ConfUtils.java:logGet(44)) - raft.server.rpc.sleep.time = 25ms (default)
2021-12-29 13:35:54,124 [pool-381-thread-1] INFO  server.RaftServerConfigKeys (ConfUtils.java:logGet(44)) - raft.server.rpc.slowness.timeout = 300s (custom)
2021-12-29 13:35:54,124 [pool-381-thread-1] INFO  server.RaftServerConfigKeys (ConfUtils.java:logGet(44)) - raft.server.leaderelection.leader.step-down.wait-time = 10s (default)
2021-12-29 13:35:54,124 [pool-381-thread-1] INFO  server.RaftServerConfigKeys (ConfUtils.java:logGet(44)) - raft.server.sleep.deviation.threshold = 300ms (default)
2021-12-29 13:35:54,124 [pool-381-thread-1] INFO  server.RaftServerConfigKeys (ConfUtils.java:logGet(44)) - raft.server.log.appender.install.snapshot.enabled = false (custom)
2021-12-29 13:35:54,124 [pool-381-thread-1] INFO  server.RaftServer$Division (ServerState.java:<init>(105)) - 0ad59154-138e-46f9-ac1d-bdf4965642c6@group-6E76E560AD91: ConfigurationManager, init=-1: [99a16189-74f8-4b13-a605-5015b61c9552|rpc:10.1.0.26:43875|dataStream:|priority:1, 0ad59154-138e-46f9-ac1d-bdf4965642c6|rpc:10.1.0.26:39093|dataStream:|priority:0, 0ef84bf0-d17c-4625-b8c2-731f6595eebb|rpc:10.1.0.26:38489|dataStream:|priority:0], old=null, confs=<EMPTY_MAP>
2021-12-29 13:35:54,124 [pool-381-thread-1] INFO  server.RaftServerConfigKeys (ConfUtils.java:logGet(44)) - raft.server.storage.dir = [/home/runner/work/ozone/ozone/hadoop-ozone/integration-test/target/test-dir/MiniOzoneClusterImpl-737e1f92-2285-4928-9988-49e5ed44796c/datanode-2/data/ratis] (custom)
2021-12-29 13:35:54,124 [pool-381-thread-1] INFO  server.RaftServerConfigKeys (ConfUtils.java:logGet(44)) - raft.server.log.corruption.policy = EXCEPTION (default)
2021-12-29 13:35:54,124 [pool-381-thread-1] INFO  server.RaftServerConfigKeys (ConfUtils.java:logGet(44)) - raft.server.storage.free-space.min = 0MB (=0) (default)
2021-12-29 13:35:54,124 [pool-381-thread-1] INFO  storage.RaftStorageDirectory (RaftStorageDirectoryImpl.java:analyzeStorage(135)) - The storage directory /home/runner/work/ozone/ozone/hadoop-ozone/integration-test/target/test-dir/MiniOzoneClusterImpl-737e1f92-2285-4928-9988-49e5ed44796c/datanode-2/data/ratis/ae8c5ea6-dcdc-4c55-98dd-6e76e560ad91 does not exist. Creating ...
2021-12-29 13:35:54,125 [pool-381-thread-1] INFO  storage.RaftStorageDirectory (RaftStorageDirectoryImpl.java:tryLock(230)) - Lock on /home/runner/work/ozone/ozone/hadoop-ozone/integration-test/target/test-dir/MiniOzoneClusterImpl-737e1f92-2285-4928-9988-49e5ed44796c/datanode-2/data/ratis/ae8c5ea6-dcdc-4c55-98dd-6e76e560ad91/in_use.lock acquired by nodename 16235@fv-az59-280
2021-12-29 13:35:54,130 [pool-381-thread-1] INFO  storage.RaftStorage (RaftStorageImpl.java:format(89)) - Storage directory /home/runner/work/ozone/ozone/hadoop-ozone/integration-test/target/test-dir/MiniOzoneClusterImpl-737e1f92-2285-4928-9988-49e5ed44796c/datanode-2/data/ratis/ae8c5ea6-dcdc-4c55-98dd-6e76e560ad91 has been successfully formatted.
2021-12-29 13:35:54,130 [pool-381-thread-1] INFO  ratis.ContainerStateMachine (ContainerStateMachine.java:loadSnapshot(231)) - group-6E76E560AD91: The snapshot info is null. Setting the last applied indexto:(t:0, i:~)
2021-12-29 13:35:54,130 [pool-381-thread-1] INFO  server.RaftServerConfigKeys (ConfUtils.java:logGet(44)) - raft.server.notification.no-leader.timeout = 300s (custom)
2021-12-29 13:35:54,130 [pool-381-thread-1] INFO  server.RaftServerConfigKeys (ConfUtils.java:logGet(44)) - raft.server.log.use.memory = false (default)
2021-12-29 13:35:54,130 [pool-381-thread-1] INFO  server.RaftServerConfigKeys (ConfUtils.java:logGet(44)) - raft.server.log.purge.gap = 1000000 (custom)
2021-12-29 13:35:54,131 [pool-381-thread-1] INFO  server.RaftServerConfigKeys (ConfUtils.java:logGet(44)) - raft.server.log.appender.buffer.byte-limit = 33554432 (custom)
2021-12-29 13:35:54,131 [pool-381-thread-1] INFO  server.RaftServerConfigKeys (ConfUtils.java:logGet(44)) - raft.server.log.segment.size.max = 1048576 (custom)
2021-12-29 13:35:54,134 [pool-381-thread-1] INFO  server.RaftServerConfigKeys (ConfUtils.java:logGet(44)) - raft.server.log.segment.cache.num.max = 2 (custom)
2021-12-29 13:35:54,134 [pool-381-thread-1] INFO  server.RaftServerConfigKeys (ConfUtils.java:logGet(44)) - raft.server.log.segment.cache.size.max = 200MB (=209715200) (default)
2021-12-29 13:35:54,134 [pool-381-thread-1] INFO  segmented.SegmentedRaftLogWorker (SegmentedRaftLogWorker.java:<init>(182)) - new 0ad59154-138e-46f9-ac1d-bdf4965642c6@group-6E76E560AD91-SegmentedRaftLogWorker for RaftStorageImpl:Storage Directory /home/runner/work/ozone/ozone/hadoop-ozone/integration-test/target/test-dir/MiniOzoneClusterImpl-737e1f92-2285-4928-9988-49e5ed44796c/datanode-2/data/ratis/ae8c5ea6-dcdc-4c55-98dd-6e76e560ad91
2021-12-29 13:35:54,134 [pool-381-thread-1] INFO  server.RaftServerConfigKeys (ConfUtils.java:logGet(44)) - raft.server.log.queue.byte-limit = 2147483647 (custom)
2021-12-29 13:35:54,134 [pool-381-thread-1] INFO  server.RaftServerConfigKeys (ConfUtils.java:logGet(44)) - raft.server.log.queue.element-limit = 1024 (custom)
2021-12-29 13:35:54,135 [pool-381-thread-1] INFO  server.RaftServerConfigKeys (ConfUtils.java:logGet(44)) - raft.server.log.segment.size.max = 1048576 (custom)
2021-12-29 13:35:54,135 [pool-381-thread-1] INFO  server.RaftServerConfigKeys (ConfUtils.java:logGet(44)) - raft.server.log.preallocated.size = 16384 (custom)
2021-12-29 13:35:54,142 [pool-381-thread-1] INFO  server.RaftServerConfigKeys (ConfUtils.java:logGet(44)) - raft.server.log.force.sync.num = 128 (default)
2021-12-29 13:35:54,142 [pool-381-thread-1] INFO  server.RaftServerConfigKeys (ConfUtils.java:logGet(44)) - raft.server.log.statemachine.data.sync = true (default)
2021-12-29 13:35:54,142 [pool-381-thread-1] INFO  server.RaftServerConfigKeys (ConfUtils.java:logGet(44)) - raft.server.log.statemachine.data.sync.timeout = 10s (default)
2021-12-29 13:35:54,142 [pool-381-thread-1] INFO  server.RaftServerConfigKeys (ConfUtils.java:logGet(44)) - raft.server.log.statemachine.data.sync.timeout.retry = -1 (default)
2021-12-29 13:35:54,143 [pool-381-thread-1] INFO  server.RaftServerConfigKeys (ConfUtils.java:logGet(44)) - raft.server.log.write.buffer.size = 1048576 (custom)
2021-12-29 13:35:54,143 [pool-381-thread-1] INFO  server.RaftServerConfigKeys (ConfUtils.java:logGet(44)) - raft.server.log.statemachine.data.caching.enabled = true (custom)
2021-12-29 13:35:54,144 [pool-381-thread-1] INFO  segmented.SegmentedRaftLogWorker (SegmentedRaftLogWorker.java:lambda$new$0(133)) - 0ad59154-138e-46f9-ac1d-bdf4965642c6@group-6E76E560AD91-SegmentedRaftLogWorker: flushIndex: setUnconditionally 0 -> -1
2021-12-29 13:35:54,144 [pool-381-thread-1] INFO  segmented.SegmentedRaftLogWorker (SegmentedRaftLogWorker.java:lambda$new$0(133)) - 0ad59154-138e-46f9-ac1d-bdf4965642c6@group-6E76E560AD91-SegmentedRaftLogWorker: safeCacheEvictIndex: setUnconditionally 0 -> -1
2021-12-29 13:35:54,150 [pool-381-thread-1] INFO  server.RaftServerConfigKeys (ConfUtils.java:logGet(44)) - raft.server.snapshot.auto.trigger.enabled = true (custom)
2021-12-29 13:35:54,150 [pool-381-thread-1] INFO  server.RaftServerConfigKeys (ConfUtils.java:logGet(44)) - raft.server.snapshot.auto.trigger.threshold = 10000 (custom)
2021-12-29 13:35:54,150 [pool-381-thread-1] INFO  server.RaftServerConfigKeys (ConfUtils.java:logGet(44)) - raft.server.snapshot.retention.file.num = 5 (custom)
2021-12-29 13:35:54,150 [pool-381-thread-1] INFO  server.RaftServerConfigKeys (ConfUtils.java:logGet(44)) - raft.server.log.purge.upto.snapshot.index = false (default)
2021-12-29 13:35:54,150 [pool-381-thread-1] INFO  server.RaftServerConfigKeys (ConfUtils.java:logGet(44)) - raft.server.retrycache.expirytime = 600000ms (custom)
2021-12-29 13:35:54,150 [pool-381-thread-1] INFO  server.RaftServerConfigKeys (ConfUtils.java:logGet(44)) - raft.server.retrycache.statistics.expirytime = 100μs (default)
2021-12-29 13:35:54,151 [pool-381-thread-1] INFO  server.RaftServer$Division (RaftServerImpl.java:start(301)) - 0ad59154-138e-46f9-ac1d-bdf4965642c6@group-6E76E560AD91: start as a follower, conf=-1: [99a16189-74f8-4b13-a605-5015b61c9552|rpc:10.1.0.26:43875|dataStream:|priority:1, 0ad59154-138e-46f9-ac1d-bdf4965642c6|rpc:10.1.0.26:39093|dataStream:|priority:0, 0ef84bf0-d17c-4625-b8c2-731f6595eebb|rpc:10.1.0.26:38489|dataStream:|priority:0], old=null
2021-12-29 13:35:54,151 [pool-381-thread-1] INFO  server.RaftServer$Division (RaftServerImpl.java:setRole(290)) - 0ad59154-138e-46f9-ac1d-bdf4965642c6@group-6E76E560AD91: changes role from      null to FOLLOWER at term 0 for startAsFollower
2021-12-29 13:35:54,151 [pool-381-thread-1] INFO  impl.RoleInfo (RoleInfo.java:updateAndGet(130)) - 0ad59154-138e-46f9-ac1d-bdf4965642c6: start 0ad59154-138e-46f9-ac1d-bdf4965642c6@group-6E76E560AD91-FollowerState
2021-12-29 13:35:54,178 [pool-381-thread-1] INFO  util.JmxRegister (JmxRegister.java:tryRegister(44)) - Successfully registered JMX Bean with object name Ratis:service=RaftServer,group=group-6E76E560AD91,id=0ad59154-138e-46f9-ac1d-bdf4965642c6
2021-12-29 13:35:54,214 [Command processor thread] INFO  server.RaftServer (RaftServerProxy.java:addNew(95)) - 99a16189-74f8-4b13-a605-5015b61c9552: addNew group-6A34838A0B7B:[99a16189-74f8-4b13-a605-5015b61c9552|rpc:10.1.0.26:43875|priority:1] returns group-6A34838A0B7B:java.util.concurrent.CompletableFuture@568a6044[Not completed]
2021-12-29 13:35:54,219 [pool-360-thread-1] INFO  server.RaftServer$Division (RaftServerImpl.java:<init>(184)) - 99a16189-74f8-4b13-a605-5015b61c9552: new RaftServerImpl for group-6A34838A0B7B:[99a16189-74f8-4b13-a605-5015b61c9552|rpc:10.1.0.26:43875|priority:1] with ContainerStateMachine:uninitialized
2021-12-29 13:35:54,219 [pool-360-thread-1] INFO  server.RaftServerConfigKeys (ConfUtils.java:logGet(44)) - raft.server.rpc.timeout.min = 5s (custom)
2021-12-29 13:35:54,219 [pool-360-thread-1] INFO  server.RaftServerConfigKeys (ConfUtils.java:logGet(44)) - raft.server.rpc.timeout.max = 5200ms (custom)
2021-12-29 13:35:54,219 [pool-360-thread-1] INFO  server.RaftServerConfigKeys (ConfUtils.java:logGet(44)) - raft.server.rpc.sleep.time = 25ms (default)
2021-12-29 13:35:54,219 [pool-360-thread-1] INFO  server.RaftServerConfigKeys (ConfUtils.java:logGet(44)) - raft.server.rpc.slowness.timeout = 300s (custom)
2021-12-29 13:35:54,219 [pool-360-thread-1] INFO  server.RaftServerConfigKeys (ConfUtils.java:logGet(44)) - raft.server.leaderelection.leader.step-down.wait-time = 10s (default)
2021-12-29 13:35:54,219 [pool-360-thread-1] INFO  server.RaftServerConfigKeys (ConfUtils.java:logGet(44)) - raft.server.sleep.deviation.threshold = 300ms (default)
2021-12-29 13:35:54,219 [pool-360-thread-1] INFO  server.RaftServerConfigKeys (ConfUtils.java:logGet(44)) - raft.server.log.appender.install.snapshot.enabled = false (custom)
2021-12-29 13:35:54,219 [pool-360-thread-1] INFO  server.RaftServer$Division (ServerState.java:<init>(105)) - 99a16189-74f8-4b13-a605-5015b61c9552@group-6A34838A0B7B: ConfigurationManager, init=-1: [99a16189-74f8-4b13-a605-5015b61c9552|rpc:10.1.0.26:43875|priority:1], old=null, confs=<EMPTY_MAP>
2021-12-29 13:35:54,219 [pool-360-thread-1] INFO  server.RaftServerConfigKeys (ConfUtils.java:logGet(44)) - raft.server.storage.dir = [/home/runner/work/ozone/ozone/hadoop-ozone/integration-test/target/test-dir/MiniOzoneClusterImpl-737e1f92-2285-4928-9988-49e5ed44796c/datanode-1/data/ratis] (custom)
2021-12-29 13:35:54,219 [pool-360-thread-1] INFO  server.RaftServerConfigKeys (ConfUtils.java:logGet(44)) - raft.server.log.corruption.policy = EXCEPTION (default)
2021-12-29 13:35:54,219 [pool-360-thread-1] INFO  server.RaftServerConfigKeys (ConfUtils.java:logGet(44)) - raft.server.storage.free-space.min = 0MB (=0) (default)
2021-12-29 13:35:54,219 [pool-360-thread-1] INFO  storage.RaftStorageDirectory (RaftStorageDirectoryImpl.java:analyzeStorage(135)) - The storage directory /home/runner/work/ozone/ozone/hadoop-ozone/integration-test/target/test-dir/MiniOzoneClusterImpl-737e1f92-2285-4928-9988-49e5ed44796c/datanode-1/data/ratis/1ee459da-2e77-4dc1-bef4-6a34838a0b7b does not exist. Creating ...
2021-12-29 13:35:54,220 [pool-360-thread-1] INFO  storage.RaftStorageDirectory (RaftStorageDirectoryImpl.java:tryLock(230)) - Lock on /home/runner/work/ozone/ozone/hadoop-ozone/integration-test/target/test-dir/MiniOzoneClusterImpl-737e1f92-2285-4928-9988-49e5ed44796c/datanode-1/data/ratis/1ee459da-2e77-4dc1-bef4-6a34838a0b7b/in_use.lock acquired by nodename 16235@fv-az59-280
2021-12-29 13:35:54,221 [pool-360-thread-1] INFO  storage.RaftStorage (RaftStorageImpl.java:format(89)) - Storage directory /home/runner/work/ozone/ozone/hadoop-ozone/integration-test/target/test-dir/MiniOzoneClusterImpl-737e1f92-2285-4928-9988-49e5ed44796c/datanode-1/data/ratis/1ee459da-2e77-4dc1-bef4-6a34838a0b7b has been successfully formatted.
2021-12-29 13:35:54,222 [EventQueue-PipelineReportForPipelineReportHandler] INFO  pipeline.PipelineManagerImpl (PipelineManagerImpl.java:openPipeline(291)) - Pipeline Pipeline[ Id: 1ee459da-2e77-4dc1-bef4-6a34838a0b7b, Nodes: 99a16189-74f8-4b13-a605-5015b61c9552{ip: 10.1.0.26, host: fv-az59-280.csjynl4pkq3e1pkirw3ssqjfoh.cx.internal.cloudapp.net, ports: [REPLICATION=44187, RATIS=43875, RATIS_ADMIN=43875, RATIS_SERVER=43875, STANDALONE=38513], networkLocation: /default-rack, certSerialId: null, persistedOpState: IN_SERVICE, persistedOpStateExpiryEpochSec: 0}, ReplicationConfig: RATIS/ONE, State:ALLOCATED, leaderId:99a16189-74f8-4b13-a605-5015b61c9552, CreationTimestamp2021-12-29T13:35:51.202Z[Etc/UTC]] moved to OPEN state
2021-12-29 13:35:54,223 [EventQueue-OpenPipelineForHealthyPipelineSafeModeRule] INFO  safemode.SCMSafeModeManager (HealthyPipelineSafeModeRule.java:process(124)) - SCM in safe mode. Healthy pipelines reported count is 0, required healthy pipeline reported count is 1
2021-12-29 13:35:54,230 [pool-360-thread-1] INFO  ratis.ContainerStateMachine (ContainerStateMachine.java:loadSnapshot(231)) - group-6A34838A0B7B: The snapshot info is null. Setting the last applied indexto:(t:0, i:~)
2021-12-29 13:35:54,230 [pool-360-thread-1] INFO  server.RaftServerConfigKeys (ConfUtils.java:logGet(44)) - raft.server.notification.no-leader.timeout = 300s (custom)
2021-12-29 13:35:54,230 [pool-360-thread-1] INFO  server.RaftServerConfigKeys (ConfUtils.java:logGet(44)) - raft.server.log.use.memory = false (default)
2021-12-29 13:35:54,230 [pool-360-thread-1] INFO  server.RaftServerConfigKeys (ConfUtils.java:logGet(44)) - raft.server.log.purge.gap = 1000000 (custom)
2021-12-29 13:35:54,231 [pool-360-thread-1] INFO  server.RaftServerConfigKeys (ConfUtils.java:logGet(44)) - raft.server.log.appender.buffer.byte-limit = 33554432 (custom)
2021-12-29 13:35:54,231 [pool-360-thread-1] INFO  server.RaftServerConfigKeys (ConfUtils.java:logGet(44)) - raft.server.log.segment.size.max = 1048576 (custom)
2021-12-29 13:35:54,231 [pool-360-thread-1] INFO  server.RaftServerConfigKeys (ConfUtils.java:logGet(44)) - raft.server.log.segment.cache.num.max = 2 (custom)
2021-12-29 13:35:54,231 [pool-360-thread-1] INFO  server.RaftServerConfigKeys (ConfUtils.java:logGet(44)) - raft.server.log.segment.cache.size.max = 200MB (=209715200) (default)
2021-12-29 13:35:54,231 [pool-360-thread-1] INFO  segmented.SegmentedRaftLogWorker (SegmentedRaftLogWorker.java:<init>(182)) - new 99a16189-74f8-4b13-a605-5015b61c9552@group-6A34838A0B7B-SegmentedRaftLogWorker for RaftStorageImpl:Storage Directory /home/runner/work/ozone/ozone/hadoop-ozone/integration-test/target/test-dir/MiniOzoneClusterImpl-737e1f92-2285-4928-9988-49e5ed44796c/datanode-1/data/ratis/1ee459da-2e77-4dc1-bef4-6a34838a0b7b
2021-12-29 13:35:54,231 [pool-360-thread-1] INFO  server.RaftServerConfigKeys (ConfUtils.java:logGet(44)) - raft.server.log.queue.byte-limit = 2147483647 (custom)
2021-12-29 13:35:54,231 [pool-360-thread-1] INFO  server.RaftServerConfigKeys (ConfUtils.java:logGet(44)) - raft.server.log.queue.element-limit = 1024 (custom)
2021-12-29 13:35:54,231 [pool-360-thread-1] INFO  server.RaftServerConfigKeys (ConfUtils.java:logGet(44)) - raft.server.log.segment.size.max = 1048576 (custom)
2021-12-29 13:35:54,231 [pool-360-thread-1] INFO  server.RaftServerConfigKeys (ConfUtils.java:logGet(44)) - raft.server.log.preallocated.size = 16384 (custom)
2021-12-29 13:35:54,231 [pool-360-thread-1] INFO  server.RaftServerConfigKeys (ConfUtils.java:logGet(44)) - raft.server.log.force.sync.num = 128 (default)
2021-12-29 13:35:54,231 [pool-360-thread-1] INFO  server.RaftServerConfigKeys (ConfUtils.java:logGet(44)) - raft.server.log.statemachine.data.sync = true (default)
2021-12-29 13:35:54,231 [pool-360-thread-1] INFO  server.RaftServerConfigKeys (ConfUtils.java:logGet(44)) - raft.server.log.statemachine.data.sync.timeout = 10s (default)
2021-12-29 13:35:54,231 [pool-360-thread-1] INFO  server.RaftServerConfigKeys (ConfUtils.java:logGet(44)) - raft.server.log.statemachine.data.sync.timeout.retry = -1 (default)
2021-12-29 13:35:54,232 [pool-360-thread-1] INFO  server.RaftServerConfigKeys (ConfUtils.java:logGet(44)) - raft.server.log.write.buffer.size = 1048576 (custom)
2021-12-29 13:35:54,232 [pool-360-thread-1] INFO  server.RaftServerConfigKeys (ConfUtils.java:logGet(44)) - raft.server.log.statemachine.data.caching.enabled = true (custom)
2021-12-29 13:35:54,232 [pool-360-thread-1] INFO  segmented.SegmentedRaftLogWorker (SegmentedRaftLogWorker.java:lambda$new$0(133)) - 99a16189-74f8-4b13-a605-5015b61c9552@group-6A34838A0B7B-SegmentedRaftLogWorker: flushIndex: setUnconditionally 0 -> -1
2021-12-29 13:35:54,232 [pool-360-thread-1] INFO  segmented.SegmentedRaftLogWorker (SegmentedRaftLogWorker.java:lambda$new$0(133)) - 99a16189-74f8-4b13-a605-5015b61c9552@group-6A34838A0B7B-SegmentedRaftLogWorker: safeCacheEvictIndex: setUnconditionally 0 -> -1
2021-12-29 13:35:54,242 [pool-360-thread-1] INFO  server.RaftServerConfigKeys (ConfUtils.java:logGet(44)) - raft.server.snapshot.auto.trigger.enabled = true (custom)
2021-12-29 13:35:54,242 [pool-360-thread-1] INFO  server.RaftServerConfigKeys (ConfUtils.java:logGet(44)) - raft.server.snapshot.auto.trigger.threshold = 10000 (custom)
2021-12-29 13:35:54,242 [pool-360-thread-1] INFO  server.RaftServerConfigKeys (ConfUtils.java:logGet(44)) - raft.server.snapshot.retention.file.num = 5 (custom)
2021-12-29 13:35:54,242 [pool-360-thread-1] INFO  server.RaftServerConfigKeys (ConfUtils.java:logGet(44)) - raft.server.log.purge.upto.snapshot.index = false (default)
2021-12-29 13:35:54,242 [pool-360-thread-1] INFO  server.RaftServerConfigKeys (ConfUtils.java:logGet(44)) - raft.server.retrycache.expirytime = 600000ms (custom)
2021-12-29 13:35:54,242 [pool-360-thread-1] INFO  server.RaftServerConfigKeys (ConfUtils.java:logGet(44)) - raft.server.retrycache.statistics.expirytime = 100μs (default)
2021-12-29 13:35:54,243 [pool-360-thread-1] INFO  server.RaftServer$Division (RaftServerImpl.java:start(301)) - 99a16189-74f8-4b13-a605-5015b61c9552@group-6A34838A0B7B: start as a follower, conf=-1: [99a16189-74f8-4b13-a605-5015b61c9552|rpc:10.1.0.26:43875|priority:1], old=null
2021-12-29 13:35:54,243 [pool-360-thread-1] INFO  server.RaftServer$Division (RaftServerImpl.java:setRole(290)) - 99a16189-74f8-4b13-a605-5015b61c9552@group-6A34838A0B7B: changes role from      null to FOLLOWER at term 0 for startAsFollower
2021-12-29 13:35:54,243 [pool-360-thread-1] INFO  impl.RoleInfo (RoleInfo.java:updateAndGet(130)) - 99a16189-74f8-4b13-a605-5015b61c9552: start 99a16189-74f8-4b13-a605-5015b61c9552@group-6A34838A0B7B-FollowerState
2021-12-29 13:35:54,244 [pool-360-thread-1] INFO  util.JmxRegister (JmxRegister.java:tryRegister(44)) - Successfully registered JMX Bean with object name Ratis:service=RaftServer,group=group-6A34838A0B7B,id=99a16189-74f8-4b13-a605-5015b61c9552
2021-12-29 13:35:54,244 [Command processor thread] INFO  ratis.XceiverServerRatis (XceiverServerRatis.java:addGroup(768)) - Created group PipelineID=1ee459da-2e77-4dc1-bef4-6a34838a0b7b
2021-12-29 13:35:54,244 [Command processor thread] INFO  commandhandler.CreatePipelineCommandHandler (CreatePipelineCommandHandler.java:handle(106)) - Created Pipeline RATIS ONE PipelineID=1ee459da-2e77-4dc1-bef4-6a34838a0b7b.
2021-12-29 13:35:54,245 [Command processor thread] INFO  server.RaftServer (RaftServerProxy.java:addNew(95)) - 99a16189-74f8-4b13-a605-5015b61c9552: addNew group-6E76E560AD91:[99a16189-74f8-4b13-a605-5015b61c9552|rpc:10.1.0.26:43875|priority:1, 0ad59154-138e-46f9-ac1d-bdf4965642c6|rpc:10.1.0.26:39093|priority:0, 0ef84bf0-d17c-4625-b8c2-731f6595eebb|rpc:10.1.0.26:38489|priority:0] returns group-6E76E560AD91:java.util.concurrent.CompletableFuture@584d94e5[Not completed]
2021-12-29 13:35:54,249 [pool-360-thread-1] INFO  server.RaftServer$Division (RaftServerImpl.java:<init>(184)) - 99a16189-74f8-4b13-a605-5015b61c9552: new RaftServerImpl for group-6E76E560AD91:[99a16189-74f8-4b13-a605-5015b61c9552|rpc:10.1.0.26:43875|priority:1, 0ad59154-138e-46f9-ac1d-bdf4965642c6|rpc:10.1.0.26:39093|priority:0, 0ef84bf0-d17c-4625-b8c2-731f6595eebb|rpc:10.1.0.26:38489|priority:0] with ContainerStateMachine:uninitialized
2021-12-29 13:35:54,249 [pool-360-thread-1] INFO  server.RaftServerConfigKeys (ConfUtils.java:logGet(44)) - raft.server.rpc.timeout.min = 5s (custom)
2021-12-29 13:35:54,249 [pool-360-thread-1] INFO  server.RaftServerConfigKeys (ConfUtils.java:logGet(44)) - raft.server.rpc.timeout.max = 5200ms (custom)
2021-12-29 13:35:54,249 [pool-360-thread-1] INFO  server.RaftServerConfigKeys (ConfUtils.java:logGet(44)) - raft.server.rpc.sleep.time = 25ms (default)
2021-12-29 13:35:54,249 [pool-360-thread-1] INFO  server.RaftServerConfigKeys (ConfUtils.java:logGet(44)) - raft.server.rpc.slowness.timeout = 300s (custom)
2021-12-29 13:35:54,249 [pool-360-thread-1] INFO  server.RaftServerConfigKeys (ConfUtils.java:logGet(44)) - raft.server.leaderelection.leader.step-down.wait-time = 10s (default)
2021-12-29 13:35:54,249 [pool-360-thread-1] INFO  server.RaftServerConfigKeys (ConfUtils.java:logGet(44)) - raft.server.sleep.deviation.threshold = 300ms (default)
2021-12-29 13:35:54,249 [pool-360-thread-1] INFO  server.RaftServerConfigKeys (ConfUtils.java:logGet(44)) - raft.server.log.appender.install.snapshot.enabled = false (custom)
2021-12-29 13:35:54,249 [pool-360-thread-1] INFO  server.RaftServer$Division (ServerState.java:<init>(105)) - 99a16189-74f8-4b13-a605-5015b61c9552@group-6E76E560AD91: ConfigurationManager, init=-1: [99a16189-74f8-4b13-a605-5015b61c9552|rpc:10.1.0.26:43875|priority:1, 0ad59154-138e-46f9-ac1d-bdf4965642c6|rpc:10.1.0.26:39093|priority:0, 0ef84bf0-d17c-4625-b8c2-731f6595eebb|rpc:10.1.0.26:38489|priority:0], old=null, confs=<EMPTY_MAP>
2021-12-29 13:35:54,249 [pool-360-thread-1] INFO  server.RaftServerConfigKeys (ConfUtils.java:logGet(44)) - raft.server.storage.dir = [/home/runner/work/ozone/ozone/hadoop-ozone/integration-test/target/test-dir/MiniOzoneClusterImpl-737e1f92-2285-4928-9988-49e5ed44796c/datanode-1/data/ratis] (custom)
2021-12-29 13:35:54,250 [pool-360-thread-1] INFO  server.RaftServerConfigKeys (ConfUtils.java:logGet(44)) - raft.server.log.corruption.policy = EXCEPTION (default)
2021-12-29 13:35:54,250 [pool-360-thread-1] INFO  server.RaftServerConfigKeys (ConfUtils.java:logGet(44)) - raft.server.storage.free-space.min = 0MB (=0) (default)
2021-12-29 13:35:54,250 [pool-360-thread-1] INFO  storage.RaftStorageDirectory (RaftStorageDirectoryImpl.java:analyzeStorage(135)) - The storage directory /home/runner/work/ozone/ozone/hadoop-ozone/integration-test/target/test-dir/MiniOzoneClusterImpl-737e1f92-2285-4928-9988-49e5ed44796c/datanode-1/data/ratis/ae8c5ea6-dcdc-4c55-98dd-6e76e560ad91 does not exist. Creating ...
2021-12-29 13:35:54,251 [pool-360-thread-1] INFO  storage.RaftStorageDirectory (RaftStorageDirectoryImpl.java:tryLock(230)) - Lock on /home/runner/work/ozone/ozone/hadoop-ozone/integration-test/target/test-dir/MiniOzoneClusterImpl-737e1f92-2285-4928-9988-49e5ed44796c/datanode-1/data/ratis/ae8c5ea6-dcdc-4c55-98dd-6e76e560ad91/in_use.lock acquired by nodename 16235@fv-az59-280
2021-12-29 13:35:54,259 [pool-360-thread-1] INFO  storage.RaftStorage (RaftStorageImpl.java:format(89)) - Storage directory /home/runner/work/ozone/ozone/hadoop-ozone/integration-test/target/test-dir/MiniOzoneClusterImpl-737e1f92-2285-4928-9988-49e5ed44796c/datanode-1/data/ratis/ae8c5ea6-dcdc-4c55-98dd-6e76e560ad91 has been successfully formatted.
2021-12-29 13:35:54,260 [pool-360-thread-1] INFO  ratis.ContainerStateMachine (ContainerStateMachine.java:loadSnapshot(231)) - group-6E76E560AD91: The snapshot info is null. Setting the last applied indexto:(t:0, i:~)
2021-12-29 13:35:54,260 [pool-360-thread-1] INFO  server.RaftServerConfigKeys (ConfUtils.java:logGet(44)) - raft.server.notification.no-leader.timeout = 300s (custom)
2021-12-29 13:35:54,260 [pool-360-thread-1] INFO  server.RaftServerConfigKeys (ConfUtils.java:logGet(44)) - raft.server.log.use.memory = false (default)
2021-12-29 13:35:54,260 [pool-360-thread-1] INFO  server.RaftServerConfigKeys (ConfUtils.java:logGet(44)) - raft.server.log.purge.gap = 1000000 (custom)
2021-12-29 13:35:54,260 [pool-360-thread-1] INFO  server.RaftServerConfigKeys (ConfUtils.java:logGet(44)) - raft.server.log.appender.buffer.byte-limit = 33554432 (custom)
2021-12-29 13:35:54,260 [pool-360-thread-1] INFO  server.RaftServerConfigKeys (ConfUtils.java:logGet(44)) - raft.server.log.segment.size.max = 1048576 (custom)
2021-12-29 13:35:54,261 [pool-360-thread-1] INFO  server.RaftServerConfigKeys (ConfUtils.java:logGet(44)) - raft.server.log.segment.cache.num.max = 2 (custom)
2021-12-29 13:35:54,261 [pool-360-thread-1] INFO  server.RaftServerConfigKeys (ConfUtils.java:logGet(44)) - raft.server.log.segment.cache.size.max = 200MB (=209715200) (default)
2021-12-29 13:35:54,261 [pool-360-thread-1] INFO  segmented.SegmentedRaftLogWorker (SegmentedRaftLogWorker.java:<init>(182)) - new 99a16189-74f8-4b13-a605-5015b61c9552@group-6E76E560AD91-SegmentedRaftLogWorker for RaftStorageImpl:Storage Directory /home/runner/work/ozone/ozone/hadoop-ozone/integration-test/target/test-dir/MiniOzoneClusterImpl-737e1f92-2285-4928-9988-49e5ed44796c/datanode-1/data/ratis/ae8c5ea6-dcdc-4c55-98dd-6e76e560ad91
2021-12-29 13:35:54,261 [pool-360-thread-1] INFO  server.RaftServerConfigKeys (ConfUtils.java:logGet(44)) - raft.server.log.queue.byte-limit = 2147483647 (custom)
2021-12-29 13:35:54,261 [pool-360-thread-1] INFO  server.RaftServerConfigKeys (ConfUtils.java:logGet(44)) - raft.server.log.queue.element-limit = 1024 (custom)
2021-12-29 13:35:54,261 [pool-360-thread-1] INFO  server.RaftServerConfigKeys (ConfUtils.java:logGet(44)) - raft.server.log.segment.size.max = 1048576 (custom)
2021-12-29 13:35:54,261 [pool-360-thread-1] INFO  server.RaftServerConfigKeys (ConfUtils.java:logGet(44)) - raft.server.log.preallocated.size = 16384 (custom)
2021-12-29 13:35:54,261 [pool-360-thread-1] INFO  server.RaftServerConfigKeys (ConfUtils.java:logGet(44)) - raft.server.log.force.sync.num = 128 (default)
2021-12-29 13:35:54,261 [pool-360-thread-1] INFO  server.RaftServerConfigKeys (ConfUtils.java:logGet(44)) - raft.server.log.statemachine.data.sync = true (default)
2021-12-29 13:35:54,261 [pool-360-thread-1] INFO  server.RaftServerConfigKeys (ConfUtils.java:logGet(44)) - raft.server.log.statemachine.data.sync.timeout = 10s (default)
2021-12-29 13:35:54,261 [pool-360-thread-1] INFO  server.RaftServerConfigKeys (ConfUtils.java:logGet(44)) - raft.server.log.statemachine.data.sync.timeout.retry = -1 (default)
2021-12-29 13:35:54,262 [pool-360-thread-1] INFO  server.RaftServerConfigKeys (ConfUtils.java:logGet(44)) - raft.server.log.write.buffer.size = 1048576 (custom)
2021-12-29 13:35:54,262 [pool-360-thread-1] INFO  server.RaftServerConfigKeys (ConfUtils.java:logGet(44)) - raft.server.log.statemachine.data.caching.enabled = true (custom)
2021-12-29 13:35:54,262 [pool-360-thread-1] INFO  segmented.SegmentedRaftLogWorker (SegmentedRaftLogWorker.java:lambda$new$0(133)) - 99a16189-74f8-4b13-a605-5015b61c9552@group-6E76E560AD91-SegmentedRaftLogWorker: flushIndex: setUnconditionally 0 -> -1
2021-12-29 13:35:54,262 [pool-360-thread-1] INFO  segmented.SegmentedRaftLogWorker (SegmentedRaftLogWorker.java:lambda$new$0(133)) - 99a16189-74f8-4b13-a605-5015b61c9552@group-6E76E560AD91-SegmentedRaftLogWorker: safeCacheEvictIndex: setUnconditionally 0 -> -1
2021-12-29 13:35:54,273 [pool-360-thread-1] INFO  server.RaftServerConfigKeys (ConfUtils.java:logGet(44)) - raft.server.snapshot.auto.trigger.enabled = true (custom)
2021-12-29 13:35:54,273 [pool-360-thread-1] INFO  server.RaftServerConfigKeys (ConfUtils.java:logGet(44)) - raft.server.snapshot.auto.trigger.threshold = 10000 (custom)
2021-12-29 13:35:54,273 [pool-360-thread-1] INFO  server.RaftServerConfigKeys (ConfUtils.java:logGet(44)) - raft.server.snapshot.retention.file.num = 5 (custom)
2021-12-29 13:35:54,273 [pool-360-thread-1] INFO  server.RaftServerConfigKeys (ConfUtils.java:logGet(44)) - raft.server.log.purge.upto.snapshot.index = false (default)
2021-12-29 13:35:54,273 [pool-360-thread-1] INFO  server.RaftServerConfigKeys (ConfUtils.java:logGet(44)) - raft.server.retrycache.expirytime = 600000ms (custom)
2021-12-29 13:35:54,273 [pool-360-thread-1] INFO  server.RaftServerConfigKeys (ConfUtils.java:logGet(44)) - raft.server.retrycache.statistics.expirytime = 100μs (default)
2021-12-29 13:35:54,274 [pool-360-thread-1] INFO  server.RaftServer$Division (RaftServerImpl.java:start(301)) - 99a16189-74f8-4b13-a605-5015b61c9552@group-6E76E560AD91: start as a follower, conf=-1: [99a16189-74f8-4b13-a605-5015b61c9552|rpc:10.1.0.26:43875|priority:1, 0ad59154-138e-46f9-ac1d-bdf4965642c6|rpc:10.1.0.26:39093|priority:0, 0ef84bf0-d17c-4625-b8c2-731f6595eebb|rpc:10.1.0.26:38489|priority:0], old=null
2021-12-29 13:35:54,274 [pool-360-thread-1] INFO  server.RaftServer$Division (RaftServerImpl.java:setRole(290)) - 99a16189-74f8-4b13-a605-5015b61c9552@group-6E76E560AD91: changes role from      null to FOLLOWER at term 0 for startAsFollower
2021-12-29 13:35:54,274 [pool-360-thread-1] INFO  impl.RoleInfo (RoleInfo.java:updateAndGet(130)) - 99a16189-74f8-4b13-a605-5015b61c9552: start 99a16189-74f8-4b13-a605-5015b61c9552@group-6E76E560AD91-FollowerState
2021-12-29 13:35:54,275 [pool-360-thread-1] INFO  util.JmxRegister (JmxRegister.java:tryRegister(44)) - Successfully registered JMX Bean with object name Ratis:service=RaftServer,group=group-6E76E560AD91,id=99a16189-74f8-4b13-a605-5015b61c9552
2021-12-29 13:35:54,278 [Command processor thread] INFO  ratis.XceiverServerRatis (XceiverServerRatis.java:addGroup(768)) - Created group PipelineID=ae8c5ea6-dcdc-4c55-98dd-6e76e560ad91
2021-12-29 13:35:54,308 [EventQueue-OpenPipelineForHealthyPipelineSafeModeRule] INFO  safemode.SCMSafeModeManager (HealthyPipelineSafeModeRule.java:process(124)) - SCM in safe mode. Healthy pipelines reported count is 0, required healthy pipeline reported count is 1
2021-12-29 13:35:54,316 [Command processor thread] INFO  commandhandler.CreatePipelineCommandHandler (CreatePipelineCommandHandler.java:handle(106)) - Created Pipeline RATIS THREE PipelineID=ae8c5ea6-dcdc-4c55-98dd-6e76e560ad91.
2021-12-29 13:35:54,492 [Command processor thread] INFO  commandhandler.CreatePipelineCommandHandler (CreatePipelineCommandHandler.java:handle(106)) - Created Pipeline RATIS THREE PipelineID=ae8c5ea6-dcdc-4c55-98dd-6e76e560ad91.
2021-12-29 13:35:54,599 [Listener at 127.0.0.1/45663] INFO  ozone.MiniOzoneClusterImpl (MiniOzoneClusterImpl.java:lambda$waitForClusterToBeReady$0(235)) - Nodes are ready. Got 3 of 3 DN Heartbeats.
2021-12-29 13:35:54,599 [Listener at 127.0.0.1/45663] INFO  ozone.MiniOzoneClusterImpl (MiniOzoneClusterImpl.java:lambda$waitForClusterToBeReady$0(238)) - Waiting for cluster to exit safe mode
2021-12-29 13:35:54,599 [Listener at 127.0.0.1/45663] INFO  ozone.MiniOzoneClusterImpl (MiniOzoneClusterImpl.java:lambda$waitForClusterToBeReady$0(240)) - SCM became leader
2021-12-29 13:35:54,627 [Command processor thread] INFO  server.RaftServer (RaftServerProxy.java:addNew(95)) - 0ad59154-138e-46f9-ac1d-bdf4965642c6: addNew group-6B2780752551:[0ad59154-138e-46f9-ac1d-bdf4965642c6|rpc:10.1.0.26:39093|priority:1] returns group-6B2780752551:java.util.concurrent.CompletableFuture@48a44912[Not completed]
2021-12-29 13:35:54,628 [pool-381-thread-1] INFO  server.RaftServer$Division (RaftServerImpl.java:<init>(184)) - 0ad59154-138e-46f9-ac1d-bdf4965642c6: new RaftServerImpl for group-6B2780752551:[0ad59154-138e-46f9-ac1d-bdf4965642c6|rpc:10.1.0.26:39093|priority:1] with ContainerStateMachine:uninitialized
2021-12-29 13:35:54,628 [pool-381-thread-1] INFO  server.RaftServerConfigKeys (ConfUtils.java:logGet(44)) - raft.server.rpc.timeout.min = 5s (custom)
2021-12-29 13:35:54,628 [pool-381-thread-1] INFO  server.RaftServerConfigKeys (ConfUtils.java:logGet(44)) - raft.server.rpc.timeout.max = 5200ms (custom)
2021-12-29 13:35:54,628 [pool-381-thread-1] INFO  server.RaftServerConfigKeys (ConfUtils.java:logGet(44)) - raft.server.rpc.sleep.time = 25ms (default)
2021-12-29 13:35:54,628 [pool-381-thread-1] INFO  server.RaftServerConfigKeys (ConfUtils.java:logGet(44)) - raft.server.rpc.slowness.timeout = 300s (custom)
2021-12-29 13:35:54,628 [pool-381-thread-1] INFO  server.RaftServerConfigKeys (ConfUtils.java:logGet(44)) - raft.server.leaderelection.leader.step-down.wait-time = 10s (default)
2021-12-29 13:35:54,628 [pool-381-thread-1] INFO  server.RaftServerConfigKeys (ConfUtils.java:logGet(44)) - raft.server.sleep.deviation.threshold = 300ms (default)
2021-12-29 13:35:54,628 [pool-381-thread-1] INFO  server.RaftServerConfigKeys (ConfUtils.java:logGet(44)) - raft.server.log.appender.install.snapshot.enabled = false (custom)
2021-12-29 13:35:54,628 [pool-381-thread-1] INFO  server.RaftServer$Division (ServerState.java:<init>(105)) - 0ad59154-138e-46f9-ac1d-bdf4965642c6@group-6B2780752551: ConfigurationManager, init=-1: [0ad59154-138e-46f9-ac1d-bdf4965642c6|rpc:10.1.0.26:39093|priority:1], old=null, confs=<EMPTY_MAP>
2021-12-29 13:35:54,628 [pool-381-thread-1] INFO  server.RaftServerConfigKeys (ConfUtils.java:logGet(44)) - raft.server.storage.dir = [/home/runner/work/ozone/ozone/hadoop-ozone/integration-test/target/test-dir/MiniOzoneClusterImpl-737e1f92-2285-4928-9988-49e5ed44796c/datanode-2/data/ratis] (custom)
2021-12-29 13:35:54,629 [pool-381-thread-1] INFO  server.RaftServerConfigKeys (ConfUtils.java:logGet(44)) - raft.server.log.corruption.policy = EXCEPTION (default)
2021-12-29 13:35:54,629 [pool-381-thread-1] INFO  server.RaftServerConfigKeys (ConfUtils.java:logGet(44)) - raft.server.storage.free-space.min = 0MB (=0) (default)
2021-12-29 13:35:54,629 [pool-381-thread-1] INFO  storage.RaftStorageDirectory (RaftStorageDirectoryImpl.java:analyzeStorage(135)) - The storage directory /home/runner/work/ozone/ozone/hadoop-ozone/integration-test/target/test-dir/MiniOzoneClusterImpl-737e1f92-2285-4928-9988-49e5ed44796c/datanode-2/data/ratis/63daa05e-fd94-4085-8d47-6b2780752551 does not exist. Creating ...
2021-12-29 13:35:54,633 [pool-381-thread-1] INFO  storage.RaftStorageDirectory (RaftStorageDirectoryImpl.java:tryLock(230)) - Lock on /home/runner/work/ozone/ozone/hadoop-ozone/integration-test/target/test-dir/MiniOzoneClusterImpl-737e1f92-2285-4928-9988-49e5ed44796c/datanode-2/data/ratis/63daa05e-fd94-4085-8d47-6b2780752551/in_use.lock acquired by nodename 16235@fv-az59-280
2021-12-29 13:35:54,638 [pool-381-thread-1] INFO  storage.RaftStorage (RaftStorageImpl.java:format(89)) - Storage directory /home/runner/work/ozone/ozone/hadoop-ozone/integration-test/target/test-dir/MiniOzoneClusterImpl-737e1f92-2285-4928-9988-49e5ed44796c/datanode-2/data/ratis/63daa05e-fd94-4085-8d47-6b2780752551 has been successfully formatted.
2021-12-29 13:35:54,638 [pool-381-thread-1] INFO  ratis.ContainerStateMachine (ContainerStateMachine.java:loadSnapshot(231)) - group-6B2780752551: The snapshot info is null. Setting the last applied indexto:(t:0, i:~)
2021-12-29 13:35:54,639 [pool-381-thread-1] INFO  server.RaftServerConfigKeys (ConfUtils.java:logGet(44)) - raft.server.notification.no-leader.timeout = 300s (custom)
2021-12-29 13:35:54,639 [pool-381-thread-1] INFO  server.RaftServerConfigKeys (ConfUtils.java:logGet(44)) - raft.server.log.use.memory = false (default)
2021-12-29 13:35:54,639 [pool-381-thread-1] INFO  server.RaftServerConfigKeys (ConfUtils.java:logGet(44)) - raft.server.log.purge.gap = 1000000 (custom)
2021-12-29 13:35:54,640 [EventQueue-PipelineReportForPipelineReportHandler] INFO  pipeline.PipelineManagerImpl (PipelineManagerImpl.java:openPipeline(291)) - Pipeline Pipeline[ Id: 63daa05e-fd94-4085-8d47-6b2780752551, Nodes: 0ad59154-138e-46f9-ac1d-bdf4965642c6{ip: 10.1.0.26, host: fv-az59-280.csjynl4pkq3e1pkirw3ssqjfoh.cx.internal.cloudapp.net, ports: [REPLICATION=46757, RATIS=39093, RATIS_ADMIN=39093, RATIS_SERVER=39093, STANDALONE=36361], networkLocation: /default-rack, certSerialId: null, persistedOpState: IN_SERVICE, persistedOpStateExpiryEpochSec: 0}, ReplicationConfig: RATIS/ONE, State:ALLOCATED, leaderId:0ad59154-138e-46f9-ac1d-bdf4965642c6, CreationTimestamp2021-12-29T13:35:51.652Z[Etc/UTC]] moved to OPEN state
2021-12-29 13:35:54,642 [EventQueue-OpenPipelineForHealthyPipelineSafeModeRule] INFO  safemode.SCMSafeModeManager (HealthyPipelineSafeModeRule.java:process(124)) - SCM in safe mode. Healthy pipelines reported count is 0, required healthy pipeline reported count is 1
2021-12-29 13:35:54,642 [pool-381-thread-1] INFO  server.RaftServerConfigKeys (ConfUtils.java:logGet(44)) - raft.server.log.appender.buffer.byte-limit = 33554432 (custom)
2021-12-29 13:35:54,643 [pool-381-thread-1] INFO  server.RaftServerConfigKeys (ConfUtils.java:logGet(44)) - raft.server.log.segment.size.max = 1048576 (custom)
2021-12-29 13:35:54,643 [pool-381-thread-1] INFO  server.RaftServerConfigKeys (ConfUtils.java:logGet(44)) - raft.server.log.segment.cache.num.max = 2 (custom)
2021-12-29 13:35:54,643 [pool-381-thread-1] INFO  server.RaftServerConfigKeys (ConfUtils.java:logGet(44)) - raft.server.log.segment.cache.size.max = 200MB (=209715200) (default)
2021-12-29 13:35:54,643 [pool-381-thread-1] INFO  segmented.SegmentedRaftLogWorker (SegmentedRaftLogWorker.java:<init>(182)) - new 0ad59154-138e-46f9-ac1d-bdf4965642c6@group-6B2780752551-SegmentedRaftLogWorker for RaftStorageImpl:Storage Directory /home/runner/work/ozone/ozone/hadoop-ozone/integration-test/target/test-dir/MiniOzoneClusterImpl-737e1f92-2285-4928-9988-49e5ed44796c/datanode-2/data/ratis/63daa05e-fd94-4085-8d47-6b2780752551
2021-12-29 13:35:54,643 [pool-381-thread-1] INFO  server.RaftServerConfigKeys (ConfUtils.java:logGet(44)) - raft.server.log.queue.byte-limit = 2147483647 (custom)
2021-12-29 13:35:54,643 [pool-381-thread-1] INFO  server.RaftServerConfigKeys (ConfUtils.java:logGet(44)) - raft.server.log.queue.element-limit = 1024 (custom)
2021-12-29 13:35:54,643 [pool-381-thread-1] INFO  server.RaftServerConfigKeys (ConfUtils.java:logGet(44)) - raft.server.log.segment.size.max = 1048576 (custom)
2021-12-29 13:35:54,643 [pool-381-thread-1] INFO  server.RaftServerConfigKeys (ConfUtils.java:logGet(44)) - raft.server.log.preallocated.size = 16384 (custom)
2021-12-29 13:35:54,643 [pool-381-thread-1] INFO  server.RaftServerConfigKeys (ConfUtils.java:logGet(44)) - raft.server.log.force.sync.num = 128 (default)
2021-12-29 13:35:54,643 [pool-381-thread-1] INFO  server.RaftServerConfigKeys (ConfUtils.java:logGet(44)) - raft.server.log.statemachine.data.sync = true (default)
2021-12-29 13:35:54,644 [pool-381-thread-1] INFO  server.RaftServerConfigKeys (ConfUtils.java:logGet(44)) - raft.server.log.statemachine.data.sync.timeout = 10s (default)
2021-12-29 13:35:54,644 [pool-381-thread-1] INFO  server.RaftServerConfigKeys (ConfUtils.java:logGet(44)) - raft.server.log.statemachine.data.sync.timeout.retry = -1 (default)
2021-12-29 13:35:54,645 [pool-381-thread-1] INFO  server.RaftServerConfigKeys (ConfUtils.java:logGet(44)) - raft.server.log.write.buffer.size = 1048576 (custom)
2021-12-29 13:35:54,645 [pool-381-thread-1] INFO  server.RaftServerConfigKeys (ConfUtils.java:logGet(44)) - raft.server.log.statemachine.data.caching.enabled = true (custom)
2021-12-29 13:35:54,645 [pool-381-thread-1] INFO  segmented.SegmentedRaftLogWorker (SegmentedRaftLogWorker.java:lambda$new$0(133)) - 0ad59154-138e-46f9-ac1d-bdf4965642c6@group-6B2780752551-SegmentedRaftLogWorker: flushIndex: setUnconditionally 0 -> -1
2021-12-29 13:35:54,645 [pool-381-thread-1] INFO  segmented.SegmentedRaftLogWorker (SegmentedRaftLogWorker.java:lambda$new$0(133)) - 0ad59154-138e-46f9-ac1d-bdf4965642c6@group-6B2780752551-SegmentedRaftLogWorker: safeCacheEvictIndex: setUnconditionally 0 -> -1
2021-12-29 13:35:54,650 [pool-381-thread-1] INFO  server.RaftServerConfigKeys (ConfUtils.java:logGet(44)) - raft.server.snapshot.auto.trigger.enabled = true (custom)
2021-12-29 13:35:54,650 [pool-381-thread-1] INFO  server.RaftServerConfigKeys (ConfUtils.java:logGet(44)) - raft.server.snapshot.auto.trigger.threshold = 10000 (custom)
2021-12-29 13:35:54,650 [pool-381-thread-1] INFO  server.RaftServerConfigKeys (ConfUtils.java:logGet(44)) - raft.server.snapshot.retention.file.num = 5 (custom)
2021-12-29 13:35:54,650 [pool-381-thread-1] INFO  server.RaftServerConfigKeys (ConfUtils.java:logGet(44)) - raft.server.log.purge.upto.snapshot.index = false (default)
2021-12-29 13:35:54,650 [pool-381-thread-1] INFO  server.RaftServerConfigKeys (ConfUtils.java:logGet(44)) - raft.server.retrycache.expirytime = 600000ms (custom)
2021-12-29 13:35:54,651 [pool-381-thread-1] INFO  server.RaftServerConfigKeys (ConfUtils.java:logGet(44)) - raft.server.retrycache.statistics.expirytime = 100μs (default)
2021-12-29 13:35:54,656 [pool-381-thread-1] INFO  server.RaftServer$Division (RaftServerImpl.java:start(301)) - 0ad59154-138e-46f9-ac1d-bdf4965642c6@group-6B2780752551: start as a follower, conf=-1: [0ad59154-138e-46f9-ac1d-bdf4965642c6|rpc:10.1.0.26:39093|priority:1], old=null
2021-12-29 13:35:54,656 [pool-381-thread-1] INFO  server.RaftServer$Division (RaftServerImpl.java:setRole(290)) - 0ad59154-138e-46f9-ac1d-bdf4965642c6@group-6B2780752551: changes role from      null to FOLLOWER at term 0 for startAsFollower
2021-12-29 13:35:54,656 [pool-381-thread-1] INFO  impl.RoleInfo (RoleInfo.java:updateAndGet(130)) - 0ad59154-138e-46f9-ac1d-bdf4965642c6: start 0ad59154-138e-46f9-ac1d-bdf4965642c6@group-6B2780752551-FollowerState
2021-12-29 13:35:54,663 [pool-381-thread-1] INFO  util.JmxRegister (JmxRegister.java:tryRegister(44)) - Successfully registered JMX Bean with object name Ratis:service=RaftServer,group=group-6B2780752551,id=0ad59154-138e-46f9-ac1d-bdf4965642c6
2021-12-29 13:35:54,668 [Command processor thread] INFO  ratis.XceiverServerRatis (XceiverServerRatis.java:addGroup(768)) - Created group PipelineID=63daa05e-fd94-4085-8d47-6b2780752551
2021-12-29 13:35:54,668 [Command processor thread] INFO  commandhandler.CreatePipelineCommandHandler (CreatePipelineCommandHandler.java:handle(106)) - Created Pipeline RATIS ONE PipelineID=63daa05e-fd94-4085-8d47-6b2780752551.
2021-12-29 13:35:55,600 [Listener at 127.0.0.1/45663] INFO  ozone.MiniOzoneClusterImpl (MiniOzoneClusterImpl.java:lambda$waitForClusterToBeReady$0(235)) - Nodes are ready. Got 3 of 3 DN Heartbeats.
2021-12-29 13:35:55,600 [Listener at 127.0.0.1/45663] INFO  ozone.MiniOzoneClusterImpl (MiniOzoneClusterImpl.java:lambda$waitForClusterToBeReady$0(238)) - Waiting for cluster to exit safe mode
2021-12-29 13:35:55,600 [Listener at 127.0.0.1/45663] INFO  ozone.MiniOzoneClusterImpl (MiniOzoneClusterImpl.java:lambda$waitForClusterToBeReady$0(240)) - SCM became leader
2021-12-29 13:35:56,600 [Listener at 127.0.0.1/45663] INFO  ozone.MiniOzoneClusterImpl (MiniOzoneClusterImpl.java:lambda$waitForClusterToBeReady$0(235)) - Nodes are ready. Got 3 of 3 DN Heartbeats.
2021-12-29 13:35:56,600 [Listener at 127.0.0.1/45663] INFO  ozone.MiniOzoneClusterImpl (MiniOzoneClusterImpl.java:lambda$waitForClusterToBeReady$0(238)) - Waiting for cluster to exit safe mode
2021-12-29 13:35:56,600 [Listener at 127.0.0.1/45663] INFO  ozone.MiniOzoneClusterImpl (MiniOzoneClusterImpl.java:lambda$waitForClusterToBeReady$0(240)) - SCM became leader
2021-12-29 13:35:57,601 [Listener at 127.0.0.1/45663] INFO  ozone.MiniOzoneClusterImpl (MiniOzoneClusterImpl.java:lambda$waitForClusterToBeReady$0(235)) - Nodes are ready. Got 3 of 3 DN Heartbeats.
2021-12-29 13:35:57,601 [Listener at 127.0.0.1/45663] INFO  ozone.MiniOzoneClusterImpl (MiniOzoneClusterImpl.java:lambda$waitForClusterToBeReady$0(238)) - Waiting for cluster to exit safe mode
2021-12-29 13:35:57,601 [Listener at 127.0.0.1/45663] INFO  ozone.MiniOzoneClusterImpl (MiniOzoneClusterImpl.java:lambda$waitForClusterToBeReady$0(240)) - SCM became leader
2021-12-29 13:35:58,601 [Listener at 127.0.0.1/45663] INFO  ozone.MiniOzoneClusterImpl (MiniOzoneClusterImpl.java:lambda$waitForClusterToBeReady$0(235)) - Nodes are ready. Got 3 of 3 DN Heartbeats.
2021-12-29 13:35:58,602 [Listener at 127.0.0.1/45663] INFO  ozone.MiniOzoneClusterImpl (MiniOzoneClusterImpl.java:lambda$waitForClusterToBeReady$0(238)) - Waiting for cluster to exit safe mode
2021-12-29 13:35:58,602 [Listener at 127.0.0.1/45663] INFO  ozone.MiniOzoneClusterImpl (MiniOzoneClusterImpl.java:lambda$waitForClusterToBeReady$0(240)) - SCM became leader
2021-12-29 13:35:58,743 [0ef84bf0-d17c-4625-b8c2-731f6595eebb@group-C3779C1106B8-FollowerState] INFO  impl.FollowerState (FollowerState.java:run(134)) - 0ef84bf0-d17c-4625-b8c2-731f6595eebb@group-C3779C1106B8-FollowerState: change to CANDIDATE, lastRpcElapsedTime:5027981570ns, electionTimeout:5027ms
2021-12-29 13:35:58,744 [0ef84bf0-d17c-4625-b8c2-731f6595eebb@group-C3779C1106B8-FollowerState] INFO  impl.RoleInfo (RoleInfo.java:shutdownFollowerState(108)) - 0ef84bf0-d17c-4625-b8c2-731f6595eebb: shutdown 0ef84bf0-d17c-4625-b8c2-731f6595eebb@group-C3779C1106B8-FollowerState
2021-12-29 13:35:58,744 [0ef84bf0-d17c-4625-b8c2-731f6595eebb@group-C3779C1106B8-FollowerState] INFO  server.RaftServer$Division (RaftServerImpl.java:setRole(290)) - 0ef84bf0-d17c-4625-b8c2-731f6595eebb@group-C3779C1106B8: changes role from  FOLLOWER to CANDIDATE at term 0 for changeToCandidate
2021-12-29 13:35:58,744 [0ef84bf0-d17c-4625-b8c2-731f6595eebb@group-C3779C1106B8-FollowerState] INFO  server.RaftServerConfigKeys (ConfUtils.java:logGet(44)) - raft.server.leaderelection.pre-vote = false (custom)
2021-12-29 13:35:58,744 [0ef84bf0-d17c-4625-b8c2-731f6595eebb@group-C3779C1106B8-FollowerState] INFO  impl.RoleInfo (RoleInfo.java:updateAndGet(130)) - 0ef84bf0-d17c-4625-b8c2-731f6595eebb: start 0ef84bf0-d17c-4625-b8c2-731f6595eebb@group-C3779C1106B8-LeaderElection29
2021-12-29 13:35:58,784 [0ef84bf0-d17c-4625-b8c2-731f6595eebb@group-C3779C1106B8-LeaderElection29] INFO  impl.LeaderElection (LeaderElection.java:askForVotes(306)) - 0ef84bf0-d17c-4625-b8c2-731f6595eebb@group-C3779C1106B8-LeaderElection29 ELECTION round 0: submit vote requests at term 1 for -1: [0ef84bf0-d17c-4625-b8c2-731f6595eebb|rpc:10.1.0.26:38489|priority:1], old=null
2021-12-29 13:35:58,784 [0ef84bf0-d17c-4625-b8c2-731f6595eebb@group-C3779C1106B8-LeaderElection29] INFO  impl.LeaderElection (LeaderElection.java:askForVotes(308)) - 0ef84bf0-d17c-4625-b8c2-731f6595eebb@group-C3779C1106B8-LeaderElection29 ELECTION round 0: result PASSED (term=1)
2021-12-29 13:35:58,784 [0ef84bf0-d17c-4625-b8c2-731f6595eebb@group-C3779C1106B8-LeaderElection29] INFO  impl.RoleInfo (RoleInfo.java:shutdownLeaderElection(121)) - 0ef84bf0-d17c-4625-b8c2-731f6595eebb: shutdown 0ef84bf0-d17c-4625-b8c2-731f6595eebb@group-C3779C1106B8-LeaderElection29
2021-12-29 13:35:58,784 [0ef84bf0-d17c-4625-b8c2-731f6595eebb@group-C3779C1106B8-LeaderElection29] INFO  server.RaftServer$Division (RaftServerImpl.java:setRole(290)) - 0ef84bf0-d17c-4625-b8c2-731f6595eebb@group-C3779C1106B8: changes role from CANDIDATE to LEADER at term 1 for changeToLeader
2021-12-29 13:35:58,784 [0ef84bf0-d17c-4625-b8c2-731f6595eebb@group-C3779C1106B8-LeaderElection29] INFO  ratis.XceiverServerRatis (XceiverServerRatis.java:handleLeaderChangedNotification(866)) - Leader change notification received for group: group-C3779C1106B8 with new leaderId: 0ef84bf0-d17c-4625-b8c2-731f6595eebb
2021-12-29 13:35:58,784 [0ef84bf0-d17c-4625-b8c2-731f6595eebb@group-C3779C1106B8-LeaderElection29] INFO  server.RaftServer$Division (ServerState.java:setLeader(285)) - 0ef84bf0-d17c-4625-b8c2-731f6595eebb@group-C3779C1106B8: change Leader from null to 0ef84bf0-d17c-4625-b8c2-731f6595eebb at term 1 for becomeLeader, leader elected after 5076ms
2021-12-29 13:35:58,784 [0ef84bf0-d17c-4625-b8c2-731f6595eebb@group-C3779C1106B8-LeaderElection29] INFO  server.RaftServerConfigKeys (ConfUtils.java:logGet(44)) - raft.server.staging.catchup.gap = 1000 (default)
2021-12-29 13:35:58,784 [0ef84bf0-d17c-4625-b8c2-731f6595eebb@group-C3779C1106B8-LeaderElection29] INFO  server.RaftServerConfigKeys (ConfUtils.java:logGet(44)) - raft.server.write.element-limit = 1024 (custom)
2021-12-29 13:35:58,784 [0ef84bf0-d17c-4625-b8c2-731f6595eebb@group-C3779C1106B8-LeaderElection29] INFO  server.RaftServerConfigKeys (ConfUtils.java:logGet(44)) - raft.server.write.byte-limit = 1024 M (=1073741824) (custom)
2021-12-29 13:35:58,785 [0ef84bf0-d17c-4625-b8c2-731f6595eebb@group-C3779C1106B8-LeaderElection29] INFO  server.RaftServerConfigKeys (ConfUtils.java:logGet(44)) - raft.server.watch.timeout = 180s (custom)
2021-12-29 13:35:58,785 [0ef84bf0-d17c-4625-b8c2-731f6595eebb@group-C3779C1106B8-LeaderElection29] INFO  server.RaftServerConfigKeys (ConfUtils.java:logGet(44)) - raft.server.watch.timeout.denomination = 1s (default)
2021-12-29 13:35:58,785 [0ef84bf0-d17c-4625-b8c2-731f6595eebb@group-C3779C1106B8-LeaderElection29] INFO  server.RaftServerConfigKeys (ConfUtils.java:logGet(44)) - raft.server.watch.element-limit = 65536 (default)
2021-12-29 13:35:58,785 [0ef84bf0-d17c-4625-b8c2-731f6595eebb@group-C3779C1106B8-LeaderElection29] INFO  server.RaftServerConfigKeys (ConfUtils.java:logGet(44)) - raft.server.write.element-limit = 1024 (custom)
2021-12-29 13:35:58,785 [0ef84bf0-d17c-4625-b8c2-731f6595eebb@group-C3779C1106B8-LeaderElection29] INFO  server.RaftServerConfigKeys (ConfUtils.java:logGet(44)) - raft.server.write.follower.gap.ratio.max = -1.0 (default)
2021-12-29 13:35:58,785 [0ef84bf0-d17c-4625-b8c2-731f6595eebb@group-C3779C1106B8-LeaderElection29] INFO  impl.RoleInfo (RoleInfo.java:updateAndGet(130)) - 0ef84bf0-d17c-4625-b8c2-731f6595eebb: start 0ef84bf0-d17c-4625-b8c2-731f6595eebb@group-C3779C1106B8-LeaderStateImpl
2021-12-29 13:35:58,785 [EventQueue-OpenPipelineForHealthyPipelineSafeModeRule] INFO  safemode.SCMSafeModeManager (HealthyPipelineSafeModeRule.java:process(124)) - SCM in safe mode. Healthy pipelines reported count is 0, required healthy pipeline reported count is 1
2021-12-29 13:35:58,785 [0ef84bf0-d17c-4625-b8c2-731f6595eebb@group-C3779C1106B8-LeaderElection29] INFO  segmented.SegmentedRaftLogWorker (SegmentedRaftLogWorker.java:startLogSegment(394)) - 0ef84bf0-d17c-4625-b8c2-731f6595eebb@group-C3779C1106B8-SegmentedRaftLogWorker: Starting segment from index:0
2021-12-29 13:35:58,791 [0ef84bf0-d17c-4625-b8c2-731f6595eebb@group-C3779C1106B8-SegmentedRaftLogWorker] INFO  segmented.SegmentedRaftLogWorker (SegmentedRaftLogWorker.java:execute(601)) - 0ef84bf0-d17c-4625-b8c2-731f6595eebb@group-C3779C1106B8-SegmentedRaftLogWorker: created new log segment /home/runner/work/ozone/ozone/hadoop-ozone/integration-test/target/test-dir/MiniOzoneClusterImpl-737e1f92-2285-4928-9988-49e5ed44796c/datanode-0/data/ratis/2e035bbd-54ef-4e96-8629-c3779c1106b8/current/log_inprogress_0
2021-12-29 13:35:58,804 [0ef84bf0-d17c-4625-b8c2-731f6595eebb@group-C3779C1106B8-LeaderElection29] INFO  server.RaftServer$Division (ServerState.java:setRaftConf(387)) - 0ef84bf0-d17c-4625-b8c2-731f6595eebb@group-C3779C1106B8: set configuration 0: [0ef84bf0-d17c-4625-b8c2-731f6595eebb|rpc:10.1.0.26:38489|dataStream:|priority:1], old=null
2021-12-29 13:35:58,944 [0ef84bf0-d17c-4625-b8c2-731f6595eebb@group-74835FCD8D1D-FollowerState] INFO  impl.FollowerState (FollowerState.java:run(134)) - 0ef84bf0-d17c-4625-b8c2-731f6595eebb@group-74835FCD8D1D-FollowerState: change to CANDIDATE, lastRpcElapsedTime:5171472647ns, electionTimeout:5160ms
2021-12-29 13:35:58,944 [0ef84bf0-d17c-4625-b8c2-731f6595eebb@group-74835FCD8D1D-FollowerState] INFO  impl.RoleInfo (RoleInfo.java:shutdownFollowerState(108)) - 0ef84bf0-d17c-4625-b8c2-731f6595eebb: shutdown 0ef84bf0-d17c-4625-b8c2-731f6595eebb@group-74835FCD8D1D-FollowerState
2021-12-29 13:35:58,945 [0ef84bf0-d17c-4625-b8c2-731f6595eebb@group-74835FCD8D1D-FollowerState] INFO  server.RaftServer$Division (RaftServerImpl.java:setRole(290)) - 0ef84bf0-d17c-4625-b8c2-731f6595eebb@group-74835FCD8D1D: changes role from  FOLLOWER to CANDIDATE at term 0 for changeToCandidate
2021-12-29 13:35:58,945 [0ef84bf0-d17c-4625-b8c2-731f6595eebb@group-74835FCD8D1D-FollowerState] INFO  server.RaftServerConfigKeys (ConfUtils.java:logGet(44)) - raft.server.leaderelection.pre-vote = false (custom)
2021-12-29 13:35:58,945 [0ef84bf0-d17c-4625-b8c2-731f6595eebb@group-74835FCD8D1D-FollowerState] INFO  impl.RoleInfo (RoleInfo.java:updateAndGet(130)) - 0ef84bf0-d17c-4625-b8c2-731f6595eebb: start 0ef84bf0-d17c-4625-b8c2-731f6595eebb@group-74835FCD8D1D-LeaderElection30
2021-12-29 13:35:58,964 [0ef84bf0-d17c-4625-b8c2-731f6595eebb@group-74835FCD8D1D-LeaderElection30] INFO  impl.LeaderElection (LeaderElection.java:askForVotes(306)) - 0ef84bf0-d17c-4625-b8c2-731f6595eebb@group-74835FCD8D1D-LeaderElection30 ELECTION round 0: submit vote requests at term 1 for -1: [99a16189-74f8-4b13-a605-5015b61c9552|rpc:10.1.0.26:43875|priority:0, 0ad59154-138e-46f9-ac1d-bdf4965642c6|rpc:10.1.0.26:39093|priority:0, 0ef84bf0-d17c-4625-b8c2-731f6595eebb|rpc:10.1.0.26:38489|priority:1], old=null
2021-12-29 13:35:58,998 [grpc-default-executor-1] INFO  server.RaftServer$Division (RaftServerImpl.java:requestVote(1046)) - 99a16189-74f8-4b13-a605-5015b61c9552@group-74835FCD8D1D: receive requestVote(ELECTION, 0ef84bf0-d17c-4625-b8c2-731f6595eebb, group-74835FCD8D1D, 1, (t:0, i:0))
2021-12-29 13:35:58,998 [grpc-default-executor-1] INFO  impl.VoteContext (VoteContext.java:log(48)) - 99a16189-74f8-4b13-a605-5015b61c9552@group-74835FCD8D1D-FOLLOWER: accept ELECTION from 0ef84bf0-d17c-4625-b8c2-731f6595eebb: our priority 0 <= candidate's priority 1
2021-12-29 13:35:58,998 [grpc-default-executor-1] INFO  server.RaftServer$Division (RaftServerImpl.java:setRole(290)) - 99a16189-74f8-4b13-a605-5015b61c9552@group-74835FCD8D1D: changes role from  FOLLOWER to FOLLOWER at term 1 for candidate:0ef84bf0-d17c-4625-b8c2-731f6595eebb
2021-12-29 13:35:58,998 [grpc-default-executor-1] INFO  impl.RoleInfo (RoleInfo.java:shutdownFollowerState(108)) - 99a16189-74f8-4b13-a605-5015b61c9552: shutdown 99a16189-74f8-4b13-a605-5015b61c9552@group-74835FCD8D1D-FollowerState
2021-12-29 13:35:58,998 [grpc-default-executor-1] INFO  impl.RoleInfo (RoleInfo.java:updateAndGet(130)) - 99a16189-74f8-4b13-a605-5015b61c9552: start 99a16189-74f8-4b13-a605-5015b61c9552@group-74835FCD8D1D-FollowerState
2021-12-29 13:35:58,998 [99a16189-74f8-4b13-a605-5015b61c9552@group-74835FCD8D1D-FollowerState] INFO  impl.FollowerState (FollowerState.java:run(143)) - 99a16189-74f8-4b13-a605-5015b61c9552@group-74835FCD8D1D-FollowerState was interrupted: {}
java.lang.InterruptedException: sleep interrupted
	at java.lang.Thread.sleep(Native Method)
	at java.lang.Thread.sleep(Thread.java:340)
	at java.util.concurrent.TimeUnit.sleep(TimeUnit.java:386)
	at org.apache.ratis.util.TimeDuration.sleep(TimeDuration.java:324)
	at org.apache.ratis.util.TimeDuration.sleep(TimeDuration.java:309)
	at org.apache.ratis.server.impl.FollowerState.run(FollowerState.java:118)
2021-12-29 13:35:59,015 [grpc-default-executor-1] INFO  server.RaftServer$Division (RaftServerImpl.java:requestVote(1078)) - 99a16189-74f8-4b13-a605-5015b61c9552@group-74835FCD8D1D replies to ELECTION vote request: 0ef84bf0-d17c-4625-b8c2-731f6595eebb<-99a16189-74f8-4b13-a605-5015b61c9552#0:OK-t1. Peer's state: 99a16189-74f8-4b13-a605-5015b61c9552@group-74835FCD8D1D:t1, leader=null, voted=0ef84bf0-d17c-4625-b8c2-731f6595eebb, raftlog=99a16189-74f8-4b13-a605-5015b61c9552@group-74835FCD8D1D-SegmentedRaftLog:OPENED:c-1, conf=-1: [99a16189-74f8-4b13-a605-5015b61c9552|rpc:10.1.0.26:43875|dataStream:|priority:0, 0ad59154-138e-46f9-ac1d-bdf4965642c6|rpc:10.1.0.26:39093|dataStream:|priority:0, 0ef84bf0-d17c-4625-b8c2-731f6595eebb|rpc:10.1.0.26:38489|dataStream:|priority:1], old=null
2021-12-29 13:35:59,030 [0ef84bf0-d17c-4625-b8c2-731f6595eebb@group-74835FCD8D1D-LeaderElection30] INFO  impl.LeaderElection (LeaderElection.java:logAndReturn(89)) - 0ef84bf0-d17c-4625-b8c2-731f6595eebb@group-74835FCD8D1D-LeaderElection30: ELECTION PASSED received 1 response(s) and 0 exception(s):
2021-12-29 13:35:59,030 [0ef84bf0-d17c-4625-b8c2-731f6595eebb@group-74835FCD8D1D-LeaderElection30] INFO  impl.LeaderElection (LeaderElection.java:logAndReturn(93)) -   Response 0: 0ef84bf0-d17c-4625-b8c2-731f6595eebb<-99a16189-74f8-4b13-a605-5015b61c9552#0:OK-t1
2021-12-29 13:35:59,030 [grpc-default-executor-0] INFO  server.RaftServer$Division (RaftServerImpl.java:requestVote(1046)) - 0ad59154-138e-46f9-ac1d-bdf4965642c6@group-74835FCD8D1D: receive requestVote(ELECTION, 0ef84bf0-d17c-4625-b8c2-731f6595eebb, group-74835FCD8D1D, 1, (t:0, i:0))
2021-12-29 13:35:59,030 [grpc-default-executor-0] INFO  impl.VoteContext (VoteContext.java:log(48)) - 0ad59154-138e-46f9-ac1d-bdf4965642c6@group-74835FCD8D1D-FOLLOWER: accept ELECTION from 0ef84bf0-d17c-4625-b8c2-731f6595eebb: our priority 0 <= candidate's priority 1
2021-12-29 13:35:59,030 [grpc-default-executor-0] INFO  server.RaftServer$Division (RaftServerImpl.java:setRole(290)) - 0ad59154-138e-46f9-ac1d-bdf4965642c6@group-74835FCD8D1D: changes role from  FOLLOWER to FOLLOWER at term 1 for candidate:0ef84bf0-d17c-4625-b8c2-731f6595eebb
2021-12-29 13:35:59,031 [grpc-default-executor-0] INFO  impl.RoleInfo (RoleInfo.java:shutdownFollowerState(108)) - 0ad59154-138e-46f9-ac1d-bdf4965642c6: shutdown 0ad59154-138e-46f9-ac1d-bdf4965642c6@group-74835FCD8D1D-FollowerState
2021-12-29 13:35:59,031 [grpc-default-executor-0] INFO  impl.RoleInfo (RoleInfo.java:updateAndGet(130)) - 0ad59154-138e-46f9-ac1d-bdf4965642c6: start 0ad59154-138e-46f9-ac1d-bdf4965642c6@group-74835FCD8D1D-FollowerState
2021-12-29 13:35:59,030 [0ef84bf0-d17c-4625-b8c2-731f6595eebb@group-74835FCD8D1D-LeaderElection30] INFO  impl.LeaderElection (LeaderElection.java:askForVotes(308)) - 0ef84bf0-d17c-4625-b8c2-731f6595eebb@group-74835FCD8D1D-LeaderElection30 ELECTION round 0: result PASSED
2021-12-29 13:35:59,032 [0ef84bf0-d17c-4625-b8c2-731f6595eebb@group-74835FCD8D1D-LeaderElection30] INFO  impl.RoleInfo (RoleInfo.java:shutdownLeaderElection(121)) - 0ef84bf0-d17c-4625-b8c2-731f6595eebb: shutdown 0ef84bf0-d17c-4625-b8c2-731f6595eebb@group-74835FCD8D1D-LeaderElection30
2021-12-29 13:35:59,032 [0ef84bf0-d17c-4625-b8c2-731f6595eebb@group-74835FCD8D1D-LeaderElection30] INFO  server.RaftServer$Division (RaftServerImpl.java:setRole(290)) - 0ef84bf0-d17c-4625-b8c2-731f6595eebb@group-74835FCD8D1D: changes role from CANDIDATE to LEADER at term 1 for changeToLeader
2021-12-29 13:35:59,032 [0ef84bf0-d17c-4625-b8c2-731f6595eebb@group-74835FCD8D1D-LeaderElection30] INFO  ratis.XceiverServerRatis (XceiverServerRatis.java:handleLeaderChangedNotification(866)) - Leader change notification received for group: group-74835FCD8D1D with new leaderId: 0ef84bf0-d17c-4625-b8c2-731f6595eebb
2021-12-29 13:35:59,032 [0ef84bf0-d17c-4625-b8c2-731f6595eebb@group-74835FCD8D1D-LeaderElection30] INFO  server.RaftServer$Division (ServerState.java:setLeader(285)) - 0ef84bf0-d17c-4625-b8c2-731f6595eebb@group-74835FCD8D1D: change Leader from null to 0ef84bf0-d17c-4625-b8c2-731f6595eebb at term 1 for becomeLeader, leader elected after 5283ms
2021-12-29 13:35:59,032 [0ef84bf0-d17c-4625-b8c2-731f6595eebb@group-74835FCD8D1D-LeaderElection30] INFO  server.RaftServerConfigKeys (ConfUtils.java:logGet(44)) - raft.server.staging.catchup.gap = 1000 (default)
2021-12-29 13:35:59,032 [0ad59154-138e-46f9-ac1d-bdf4965642c6@group-74835FCD8D1D-FollowerState] INFO  impl.FollowerState (FollowerState.java:run(143)) - 0ad59154-138e-46f9-ac1d-bdf4965642c6@group-74835FCD8D1D-FollowerState was interrupted: {}
java.lang.InterruptedException: sleep interrupted
	at java.lang.Thread.sleep(Native Method)
	at java.lang.Thread.sleep(Thread.java:340)
	at java.util.concurrent.TimeUnit.sleep(TimeUnit.java:386)
	at org.apache.ratis.util.TimeDuration.sleep(TimeDuration.java:324)
	at org.apache.ratis.util.TimeDuration.sleep(TimeDuration.java:309)
	at org.apache.ratis.server.impl.FollowerState.run(FollowerState.java:118)
2021-12-29 13:35:59,033 [grpc-default-executor-0] INFO  server.RaftServer$Division (RaftServerImpl.java:requestVote(1078)) - 0ad59154-138e-46f9-ac1d-bdf4965642c6@group-74835FCD8D1D replies to ELECTION vote request: 0ef84bf0-d17c-4625-b8c2-731f6595eebb<-0ad59154-138e-46f9-ac1d-bdf4965642c6#0:OK-t1. Peer's state: 0ad59154-138e-46f9-ac1d-bdf4965642c6@group-74835FCD8D1D:t1, leader=null, voted=0ef84bf0-d17c-4625-b8c2-731f6595eebb, raftlog=0ad59154-138e-46f9-ac1d-bdf4965642c6@group-74835FCD8D1D-SegmentedRaftLog:OPENED:c-1, conf=-1: [99a16189-74f8-4b13-a605-5015b61c9552|rpc:10.1.0.26:43875|dataStream:|priority:0, 0ad59154-138e-46f9-ac1d-bdf4965642c6|rpc:10.1.0.26:39093|dataStream:|priority:0, 0ef84bf0-d17c-4625-b8c2-731f6595eebb|rpc:10.1.0.26:38489|dataStream:|priority:1], old=null
2021-12-29 13:35:59,032 [0ef84bf0-d17c-4625-b8c2-731f6595eebb@group-74835FCD8D1D-LeaderElection30] INFO  server.RaftServerConfigKeys (ConfUtils.java:logGet(44)) - raft.server.write.element-limit = 1024 (custom)
2021-12-29 13:35:59,038 [EventQueue-OpenPipelineForHealthyPipelineSafeModeRule] INFO  safemode.SCMSafeModeManager (HealthyPipelineSafeModeRule.java:process(124)) - SCM in safe mode. Healthy pipelines reported count is 0, required healthy pipeline reported count is 1
2021-12-29 13:35:59,038 [EventQueue-PipelineReportForPipelineReportHandler] INFO  pipeline.PipelineManagerImpl (PipelineManagerImpl.java:openPipeline(291)) - Pipeline Pipeline[ Id: e3cd99d6-7963-47db-823d-74835fcd8d1d, Nodes: 0ad59154-138e-46f9-ac1d-bdf4965642c6{ip: 10.1.0.26, host: fv-az59-280.csjynl4pkq3e1pkirw3ssqjfoh.cx.internal.cloudapp.net, ports: [REPLICATION=46757, RATIS=39093, RATIS_ADMIN=39093, RATIS_SERVER=39093, STANDALONE=36361], networkLocation: /default-rack, certSerialId: null, persistedOpState: IN_SERVICE, persistedOpStateExpiryEpochSec: 0}0ef84bf0-d17c-4625-b8c2-731f6595eebb{ip: 10.1.0.26, host: fv-az59-280.csjynl4pkq3e1pkirw3ssqjfoh.cx.internal.cloudapp.net, ports: [REPLICATION=46097, RATIS=38489, RATIS_ADMIN=38489, RATIS_SERVER=38489, STANDALONE=44009], networkLocation: /default-rack, certSerialId: null, persistedOpState: IN_SERVICE, persistedOpStateExpiryEpochSec: 0}99a16189-74f8-4b13-a605-5015b61c9552{ip: 10.1.0.26, host: fv-az59-280.csjynl4pkq3e1pkirw3ssqjfoh.cx.internal.cloudapp.net, ports: [REPLICATION=44187, RATIS=43875, RATIS_ADMIN=43875, RATIS_SERVER=43875, STANDALONE=38513], networkLocation: /default-rack, certSerialId: null, persistedOpState: IN_SERVICE, persistedOpStateExpiryEpochSec: 0}, ReplicationConfig: RATIS/THREE, State:ALLOCATED, leaderId:0ef84bf0-d17c-4625-b8c2-731f6595eebb, CreationTimestamp2021-12-29T13:35:51.659Z[Etc/UTC]] moved to OPEN state
2021-12-29 13:35:59,044 [EventQueue-OpenPipelineForHealthyPipelineSafeModeRule] INFO  safemode.SCMSafeModeManager (HealthyPipelineSafeModeRule.java:process(124)) - SCM in safe mode. Healthy pipelines reported count is 1, required healthy pipeline reported count is 1
2021-12-29 13:35:59,044 [EventQueue-OpenPipelineForHealthyPipelineSafeModeRule] INFO  safemode.SCMSafeModeManager (SCMSafeModeManager.java:validateSafeModeExitRules(204)) - HealthyPipelineSafeModeRule rule is successfully validated
2021-12-29 13:35:59,044 [EventQueue-OpenPipelineForHealthyPipelineSafeModeRule] INFO  safemode.SCMSafeModeManager (SCMSafeModeManager.java:validateSafeModeExitRules(219)) - ScmSafeModeManager, all rules are successfully validated
2021-12-29 13:35:59,044 [EventQueue-OpenPipelineForHealthyPipelineSafeModeRule] INFO  safemode.SCMSafeModeManager (SCMSafeModeManager.java:exitSafeMode(248)) - SCM exiting safe mode.
2021-12-29 13:35:59,044 [EventQueue-OpenPipelineForHealthyPipelineSafeModeRule] WARN  events.EventQueue (EventQueue.java:fireEvent(194)) - No event handler registered for event TypedEvent{payloadType=SafeModeStatus, name='Safe mode status'}
2021-12-29 13:35:59,044 [EventQueue-OpenPipelineForHealthyPipelineSafeModeRule] INFO  ha.SCMContext (SCMContext.java:updateSafeModeStatus(211)) - Update SafeModeStatus from SafeModeStatus{safeModeStatus=true, preCheckPassed=true} to SafeModeStatus{safeModeStatus=false, preCheckPassed=true}.
2021-12-29 13:35:59,044 [EventQueue-OpenPipelineForHealthyPipelineSafeModeRule] INFO  pipeline.BackgroundPipelineCreator (BackgroundPipelineCreator.java:notifyStatusChanged(264)) - Service BackgroundPipelineCreator transitions to RUNNING.
2021-12-29 13:35:59,044 [EventQueue-OpenPipelineForHealthyPipelineSafeModeRule] INFO  container.ReplicationManager (ReplicationManager.java:notifyStatusChanged(1758)) - Service ReplicationManager transitions to RUNNING.
2021-12-29 13:35:59,043 [0ef84bf0-d17c-4625-b8c2-731f6595eebb@group-74835FCD8D1D-LeaderElection30] INFO  server.RaftServerConfigKeys (ConfUtils.java:logGet(44)) - raft.server.write.byte-limit = 1024 M (=1073741824) (custom)
2021-12-29 13:35:59,046 [0ef84bf0-d17c-4625-b8c2-731f6595eebb@group-74835FCD8D1D-LeaderElection30] INFO  server.RaftServerConfigKeys (ConfUtils.java:logGet(44)) - raft.server.watch.timeout = 180s (custom)
2021-12-29 13:35:59,046 [0ef84bf0-d17c-4625-b8c2-731f6595eebb@group-74835FCD8D1D-LeaderElection30] INFO  server.RaftServerConfigKeys (ConfUtils.java:logGet(44)) - raft.server.watch.timeout.denomination = 1s (default)
2021-12-29 13:35:59,046 [0ef84bf0-d17c-4625-b8c2-731f6595eebb@group-74835FCD8D1D-LeaderElection30] INFO  server.RaftServerConfigKeys (ConfUtils.java:logGet(44)) - raft.server.watch.element-limit = 65536 (default)
2021-12-29 13:35:59,046 [0ef84bf0-d17c-4625-b8c2-731f6595eebb@group-74835FCD8D1D-LeaderElection30] INFO  server.RaftServerConfigKeys (ConfUtils.java:logGet(44)) - raft.server.write.element-limit = 1024 (custom)
2021-12-29 13:35:59,046 [0ef84bf0-d17c-4625-b8c2-731f6595eebb@group-74835FCD8D1D-LeaderElection30] INFO  server.RaftServerConfigKeys (ConfUtils.java:logGet(44)) - raft.server.write.follower.gap.ratio.max = -1.0 (default)
2021-12-29 13:35:59,046 [0ef84bf0-d17c-4625-b8c2-731f6595eebb@group-74835FCD8D1D-LeaderElection30] INFO  server.RaftServerConfigKeys (ConfUtils.java:logGet(44)) - raft.server.log.appender.snapshot.chunk.size.max = 16MB (=16777216) (default)
2021-12-29 13:35:59,046 [0ef84bf0-d17c-4625-b8c2-731f6595eebb@group-74835FCD8D1D-LeaderElection30] INFO  server.RaftServerConfigKeys (ConfUtils.java:logGet(44)) - raft.server.log.appender.buffer.byte-limit = 33554432 (custom)
2021-12-29 13:35:59,047 [0ef84bf0-d17c-4625-b8c2-731f6595eebb@group-74835FCD8D1D-LeaderElection30] INFO  server.RaftServerConfigKeys (ConfUtils.java:logGet(44)) - raft.server.log.appender.buffer.element-limit = 1 (custom)
2021-12-29 13:35:59,047 [0ef84bf0-d17c-4625-b8c2-731f6595eebb@group-74835FCD8D1D-LeaderElection30] INFO  grpc.GrpcConfigKeys (ConfUtils.java:logGet(44)) - raft.grpc.server.leader.outstanding.appends.max = 128 (default)
2021-12-29 13:35:59,047 [0ef84bf0-d17c-4625-b8c2-731f6595eebb@group-74835FCD8D1D-LeaderElection30] INFO  server.RaftServerConfigKeys (ConfUtils.java:logGet(44)) - raft.server.rpc.request.timeout = 60s (custom)
2021-12-29 13:35:59,047 [0ef84bf0-d17c-4625-b8c2-731f6595eebb@group-74835FCD8D1D-LeaderElection30] INFO  server.RaftServerConfigKeys (ConfUtils.java:logGet(44)) - raft.server.log.appender.install.snapshot.enabled = false (custom)
2021-12-29 13:35:59,047 [0ef84bf0-d17c-4625-b8c2-731f6595eebb@group-74835FCD8D1D-LeaderElection30] INFO  server.RaftServerConfigKeys (ConfUtils.java:logGet(44)) - raft.server.log.appender.snapshot.chunk.size.max = 16MB (=16777216) (default)
2021-12-29 13:35:59,047 [0ef84bf0-d17c-4625-b8c2-731f6595eebb@group-74835FCD8D1D-LeaderElection30] INFO  server.RaftServerConfigKeys (ConfUtils.java:logGet(44)) - raft.server.log.appender.buffer.byte-limit = 33554432 (custom)
2021-12-29 13:35:59,047 [0ef84bf0-d17c-4625-b8c2-731f6595eebb@group-74835FCD8D1D-LeaderElection30] INFO  server.RaftServerConfigKeys (ConfUtils.java:logGet(44)) - raft.server.log.appender.buffer.element-limit = 1 (custom)
2021-12-29 13:35:59,048 [0ef84bf0-d17c-4625-b8c2-731f6595eebb@group-74835FCD8D1D-LeaderElection30] INFO  grpc.GrpcConfigKeys (ConfUtils.java:logGet(44)) - raft.grpc.server.leader.outstanding.appends.max = 128 (default)
2021-12-29 13:35:59,048 [0ef84bf0-d17c-4625-b8c2-731f6595eebb@group-74835FCD8D1D-LeaderElection30] INFO  server.RaftServerConfigKeys (ConfUtils.java:logGet(44)) - raft.server.rpc.request.timeout = 60s (custom)
2021-12-29 13:35:59,048 [0ef84bf0-d17c-4625-b8c2-731f6595eebb@group-74835FCD8D1D-LeaderElection30] INFO  server.RaftServerConfigKeys (ConfUtils.java:logGet(44)) - raft.server.log.appender.install.snapshot.enabled = false (custom)
2021-12-29 13:35:59,048 [0ef84bf0-d17c-4625-b8c2-731f6595eebb@group-74835FCD8D1D-LeaderElection30] INFO  impl.RoleInfo (RoleInfo.java:updateAndGet(130)) - 0ef84bf0-d17c-4625-b8c2-731f6595eebb: start 0ef84bf0-d17c-4625-b8c2-731f6595eebb@group-74835FCD8D1D-LeaderStateImpl
2021-12-29 13:35:59,048 [0ef84bf0-d17c-4625-b8c2-731f6595eebb@group-74835FCD8D1D-LeaderElection30] INFO  segmented.SegmentedRaftLogWorker (SegmentedRaftLogWorker.java:startLogSegment(394)) - 0ef84bf0-d17c-4625-b8c2-731f6595eebb@group-74835FCD8D1D-SegmentedRaftLogWorker: Starting segment from index:0
2021-12-29 13:35:59,055 [0ef84bf0-d17c-4625-b8c2-731f6595eebb@group-74835FCD8D1D-SegmentedRaftLogWorker] INFO  segmented.SegmentedRaftLogWorker (SegmentedRaftLogWorker.java:execute(601)) - 0ef84bf0-d17c-4625-b8c2-731f6595eebb@group-74835FCD8D1D-SegmentedRaftLogWorker: created new log segment /home/runner/work/ozone/ozone/hadoop-ozone/integration-test/target/test-dir/MiniOzoneClusterImpl-737e1f92-2285-4928-9988-49e5ed44796c/datanode-0/data/ratis/e3cd99d6-7963-47db-823d-74835fcd8d1d/current/log_inprogress_0
2021-12-29 13:35:59,066 [0ef84bf0-d17c-4625-b8c2-731f6595eebb@group-74835FCD8D1D-LeaderElection30] INFO  server.RaftServer$Division (ServerState.java:setRaftConf(387)) - 0ef84bf0-d17c-4625-b8c2-731f6595eebb@group-74835FCD8D1D: set configuration 0: [99a16189-74f8-4b13-a605-5015b61c9552|rpc:10.1.0.26:43875|dataStream:|priority:0, 0ad59154-138e-46f9-ac1d-bdf4965642c6|rpc:10.1.0.26:39093|dataStream:|priority:0, 0ef84bf0-d17c-4625-b8c2-731f6595eebb|rpc:10.1.0.26:38489|dataStream:|priority:1], old=null
2021-12-29 13:35:59,110 [grpc-default-executor-1] INFO  ratis.XceiverServerRatis (XceiverServerRatis.java:handleLeaderChangedNotification(866)) - Leader change notification received for group: group-74835FCD8D1D with new leaderId: 0ef84bf0-d17c-4625-b8c2-731f6595eebb
2021-12-29 13:35:59,110 [grpc-default-executor-1] INFO  server.RaftServer$Division (ServerState.java:setLeader(285)) - 0ad59154-138e-46f9-ac1d-bdf4965642c6@group-74835FCD8D1D: change Leader from null to 0ef84bf0-d17c-4625-b8c2-731f6595eebb at term 1 for appendEntries, leader elected after 5207ms
2021-12-29 13:35:59,113 [grpc-default-executor-0] INFO  ratis.XceiverServerRatis (XceiverServerRatis.java:handleLeaderChangedNotification(866)) - Leader change notification received for group: group-74835FCD8D1D with new leaderId: 0ef84bf0-d17c-4625-b8c2-731f6595eebb
2021-12-29 13:35:59,114 [grpc-default-executor-0] INFO  server.RaftServer$Division (ServerState.java:setLeader(285)) - 99a16189-74f8-4b13-a605-5015b61c9552@group-74835FCD8D1D: change Leader from null to 0ef84bf0-d17c-4625-b8c2-731f6595eebb at term 1 for appendEntries, leader elected after 5065ms
2021-12-29 13:35:59,135 [0ef84bf0-d17c-4625-b8c2-731f6595eebb@group-6E76E560AD91-FollowerState] INFO  impl.FollowerState (FollowerState.java:run(134)) - 0ef84bf0-d17c-4625-b8c2-731f6595eebb@group-6E76E560AD91-FollowerState: change to CANDIDATE, lastRpcElapsedTime:5033720717ns, electionTimeout:5023ms
2021-12-29 13:35:59,135 [grpc-default-executor-1] INFO  server.RaftServer$Division (ServerState.java:setRaftConf(387)) - 0ad59154-138e-46f9-ac1d-bdf4965642c6@group-74835FCD8D1D: set configuration 0: [99a16189-74f8-4b13-a605-5015b61c9552|rpc:10.1.0.26:43875|dataStream:|priority:0, 0ad59154-138e-46f9-ac1d-bdf4965642c6|rpc:10.1.0.26:39093|dataStream:|priority:0, 0ef84bf0-d17c-4625-b8c2-731f6595eebb|rpc:10.1.0.26:38489|dataStream:|priority:1], old=null
2021-12-29 13:35:59,136 [grpc-default-executor-1] INFO  segmented.SegmentedRaftLogWorker (SegmentedRaftLogWorker.java:startLogSegment(394)) - 0ad59154-138e-46f9-ac1d-bdf4965642c6@group-74835FCD8D1D-SegmentedRaftLogWorker: Starting segment from index:0
2021-12-29 13:35:59,136 [grpc-default-executor-0] INFO  server.RaftServer$Division (ServerState.java:setRaftConf(387)) - 99a16189-74f8-4b13-a605-5015b61c9552@group-74835FCD8D1D: set configuration 0: [99a16189-74f8-4b13-a605-5015b61c9552|rpc:10.1.0.26:43875|dataStream:|priority:0, 0ad59154-138e-46f9-ac1d-bdf4965642c6|rpc:10.1.0.26:39093|dataStream:|priority:0, 0ef84bf0-d17c-4625-b8c2-731f6595eebb|rpc:10.1.0.26:38489|dataStream:|priority:1], old=null
2021-12-29 13:35:59,136 [grpc-default-executor-0] INFO  segmented.SegmentedRaftLogWorker (SegmentedRaftLogWorker.java:startLogSegment(394)) - 99a16189-74f8-4b13-a605-5015b61c9552@group-74835FCD8D1D-SegmentedRaftLogWorker: Starting segment from index:0
2021-12-29 13:35:59,136 [0ef84bf0-d17c-4625-b8c2-731f6595eebb@group-6E76E560AD91-FollowerState] INFO  impl.RoleInfo (RoleInfo.java:shutdownFollowerState(108)) - 0ef84bf0-d17c-4625-b8c2-731f6595eebb: shutdown 0ef84bf0-d17c-4625-b8c2-731f6595eebb@group-6E76E560AD91-FollowerState
2021-12-29 13:35:59,140 [0ef84bf0-d17c-4625-b8c2-731f6595eebb@group-6E76E560AD91-FollowerState] INFO  server.RaftServer$Division (RaftServerImpl.java:setRole(290)) - 0ef84bf0-d17c-4625-b8c2-731f6595eebb@group-6E76E560AD91: changes role from  FOLLOWER to CANDIDATE at term 0 for changeToCandidate
2021-12-29 13:35:59,140 [0ef84bf0-d17c-4625-b8c2-731f6595eebb@group-6E76E560AD91-FollowerState] INFO  server.RaftServerConfigKeys (ConfUtils.java:logGet(44)) - raft.server.leaderelection.pre-vote = false (custom)
2021-12-29 13:35:59,140 [99a16189-74f8-4b13-a605-5015b61c9552@group-74835FCD8D1D-SegmentedRaftLogWorker] INFO  segmented.SegmentedRaftLogWorker (SegmentedRaftLogWorker.java:execute(601)) - 99a16189-74f8-4b13-a605-5015b61c9552@group-74835FCD8D1D-SegmentedRaftLogWorker: created new log segment /home/runner/work/ozone/ozone/hadoop-ozone/integration-test/target/test-dir/MiniOzoneClusterImpl-737e1f92-2285-4928-9988-49e5ed44796c/datanode-1/data/ratis/e3cd99d6-7963-47db-823d-74835fcd8d1d/current/log_inprogress_0
2021-12-29 13:35:59,140 [0ad59154-138e-46f9-ac1d-bdf4965642c6@group-74835FCD8D1D-SegmentedRaftLogWorker] INFO  segmented.SegmentedRaftLogWorker (SegmentedRaftLogWorker.java:execute(601)) - 0ad59154-138e-46f9-ac1d-bdf4965642c6@group-74835FCD8D1D-SegmentedRaftLogWorker: created new log segment /home/runner/work/ozone/ozone/hadoop-ozone/integration-test/target/test-dir/MiniOzoneClusterImpl-737e1f92-2285-4928-9988-49e5ed44796c/datanode-2/data/ratis/e3cd99d6-7963-47db-823d-74835fcd8d1d/current/log_inprogress_0
2021-12-29 13:35:59,141 [0ef84bf0-d17c-4625-b8c2-731f6595eebb@group-6E76E560AD91-FollowerState] INFO  impl.RoleInfo (RoleInfo.java:updateAndGet(130)) - 0ef84bf0-d17c-4625-b8c2-731f6595eebb: start 0ef84bf0-d17c-4625-b8c2-731f6595eebb@group-6E76E560AD91-LeaderElection31
2021-12-29 13:35:59,153 [0ef84bf0-d17c-4625-b8c2-731f6595eebb@group-6E76E560AD91-LeaderElection31] INFO  impl.LeaderElection (LeaderElection.java:askForVotes(306)) - 0ef84bf0-d17c-4625-b8c2-731f6595eebb@group-6E76E560AD91-LeaderElection31 ELECTION round 0: submit vote requests at term 1 for -1: [99a16189-74f8-4b13-a605-5015b61c9552|rpc:10.1.0.26:43875|priority:1, 0ad59154-138e-46f9-ac1d-bdf4965642c6|rpc:10.1.0.26:39093|priority:0, 0ef84bf0-d17c-4625-b8c2-731f6595eebb|rpc:10.1.0.26:38489|priority:0], old=null
2021-12-29 13:35:59,217 [grpc-default-executor-1] INFO  server.RaftServer$Division (RaftServerImpl.java:requestVote(1046)) - 0ad59154-138e-46f9-ac1d-bdf4965642c6@group-6E76E560AD91: receive requestVote(ELECTION, 0ef84bf0-d17c-4625-b8c2-731f6595eebb, group-6E76E560AD91, 1, (t:0, i:0))
2021-12-29 13:35:59,217 [grpc-default-executor-0] INFO  server.RaftServer$Division (RaftServerImpl.java:requestVote(1046)) - 99a16189-74f8-4b13-a605-5015b61c9552@group-6E76E560AD91: receive requestVote(ELECTION, 0ef84bf0-d17c-4625-b8c2-731f6595eebb, group-6E76E560AD91, 1, (t:0, i:0))
2021-12-29 13:35:59,218 [grpc-default-executor-0] INFO  impl.VoteContext (VoteContext.java:log(48)) - 99a16189-74f8-4b13-a605-5015b61c9552@group-6E76E560AD91-FOLLOWER: reject ELECTION from 0ef84bf0-d17c-4625-b8c2-731f6595eebb: our priority 1 > candidate's priority 0
2021-12-29 13:35:59,218 [grpc-default-executor-0] INFO  server.RaftServer$Division (RaftServerImpl.java:setRole(290)) - 99a16189-74f8-4b13-a605-5015b61c9552@group-6E76E560AD91: changes role from  FOLLOWER to FOLLOWER at term 1 for candidate:0ef84bf0-d17c-4625-b8c2-731f6595eebb
2021-12-29 13:35:59,218 [grpc-default-executor-0] INFO  impl.RoleInfo (RoleInfo.java:shutdownFollowerState(108)) - 99a16189-74f8-4b13-a605-5015b61c9552: shutdown 99a16189-74f8-4b13-a605-5015b61c9552@group-6E76E560AD91-FollowerState
2021-12-29 13:35:59,218 [grpc-default-executor-0] INFO  impl.RoleInfo (RoleInfo.java:updateAndGet(130)) - 99a16189-74f8-4b13-a605-5015b61c9552: start 99a16189-74f8-4b13-a605-5015b61c9552@group-6E76E560AD91-FollowerState
2021-12-29 13:35:59,218 [grpc-default-executor-1] INFO  impl.VoteContext (VoteContext.java:log(48)) - 0ad59154-138e-46f9-ac1d-bdf4965642c6@group-6E76E560AD91-FOLLOWER: accept ELECTION from 0ef84bf0-d17c-4625-b8c2-731f6595eebb: our priority 0 <= candidate's priority 0
2021-12-29 13:35:59,218 [99a16189-74f8-4b13-a605-5015b61c9552@group-6E76E560AD91-FollowerState] INFO  impl.FollowerState (FollowerState.java:run(143)) - 99a16189-74f8-4b13-a605-5015b61c9552@group-6E76E560AD91-FollowerState was interrupted: {}
java.lang.InterruptedException: sleep interrupted
	at java.lang.Thread.sleep(Native Method)
	at java.lang.Thread.sleep(Thread.java:340)
	at java.util.concurrent.TimeUnit.sleep(TimeUnit.java:386)
	at org.apache.ratis.util.TimeDuration.sleep(TimeDuration.java:324)
	at org.apache.ratis.util.TimeDuration.sleep(TimeDuration.java:309)
	at org.apache.ratis.server.impl.FollowerState.run(FollowerState.java:118)
2021-12-29 13:35:59,218 [grpc-default-executor-1] INFO  server.RaftServer$Division (RaftServerImpl.java:setRole(290)) - 0ad59154-138e-46f9-ac1d-bdf4965642c6@group-6E76E560AD91: changes role from  FOLLOWER to FOLLOWER at term 1 for candidate:0ef84bf0-d17c-4625-b8c2-731f6595eebb
2021-12-29 13:35:59,218 [grpc-default-executor-1] INFO  impl.RoleInfo (RoleInfo.java:shutdownFollowerState(108)) - 0ad59154-138e-46f9-ac1d-bdf4965642c6: shutdown 0ad59154-138e-46f9-ac1d-bdf4965642c6@group-6E76E560AD91-FollowerState
2021-12-29 13:35:59,257 [grpc-default-executor-1] INFO  impl.RoleInfo (RoleInfo.java:updateAndGet(130)) - 0ad59154-138e-46f9-ac1d-bdf4965642c6: start 0ad59154-138e-46f9-ac1d-bdf4965642c6@group-6E76E560AD91-FollowerState
2021-12-29 13:35:59,257 [0ad59154-138e-46f9-ac1d-bdf4965642c6@group-6E76E560AD91-FollowerState] INFO  impl.FollowerState (FollowerState.java:run(143)) - 0ad59154-138e-46f9-ac1d-bdf4965642c6@group-6E76E560AD91-FollowerState was interrupted: {}
java.lang.InterruptedException: sleep interrupted
	at java.lang.Thread.sleep(Native Method)
	at java.lang.Thread.sleep(Thread.java:340)
	at java.util.concurrent.TimeUnit.sleep(TimeUnit.java:386)
	at org.apache.ratis.util.TimeDuration.sleep(TimeDuration.java:324)
	at org.apache.ratis.util.TimeDuration.sleep(TimeDuration.java:309)
	at org.apache.ratis.server.impl.FollowerState.run(FollowerState.java:118)
2021-12-29 13:35:59,258 [grpc-default-executor-0] INFO  server.RaftServer$Division (RaftServerImpl.java:requestVote(1078)) - 99a16189-74f8-4b13-a605-5015b61c9552@group-6E76E560AD91 replies to ELECTION vote request: 0ef84bf0-d17c-4625-b8c2-731f6595eebb<-99a16189-74f8-4b13-a605-5015b61c9552#0:FAIL-t1. Peer's state: 99a16189-74f8-4b13-a605-5015b61c9552@group-6E76E560AD91:t1, leader=null, voted=null, raftlog=99a16189-74f8-4b13-a605-5015b61c9552@group-6E76E560AD91-SegmentedRaftLog:OPENED:c-1, conf=-1: [99a16189-74f8-4b13-a605-5015b61c9552|rpc:10.1.0.26:43875|priority:1, 0ad59154-138e-46f9-ac1d-bdf4965642c6|rpc:10.1.0.26:39093|priority:0, 0ef84bf0-d17c-4625-b8c2-731f6595eebb|rpc:10.1.0.26:38489|priority:0], old=null
2021-12-29 13:35:59,259 [grpc-default-executor-1] INFO  server.RaftServer$Division (RaftServerImpl.java:requestVote(1078)) - 0ad59154-138e-46f9-ac1d-bdf4965642c6@group-6E76E560AD91 replies to ELECTION vote request: 0ef84bf0-d17c-4625-b8c2-731f6595eebb<-0ad59154-138e-46f9-ac1d-bdf4965642c6#0:OK-t1. Peer's state: 0ad59154-138e-46f9-ac1d-bdf4965642c6@group-6E76E560AD91:t1, leader=null, voted=0ef84bf0-d17c-4625-b8c2-731f6595eebb, raftlog=0ad59154-138e-46f9-ac1d-bdf4965642c6@group-6E76E560AD91-SegmentedRaftLog:OPENED:c-1, conf=-1: [99a16189-74f8-4b13-a605-5015b61c9552|rpc:10.1.0.26:43875|dataStream:|priority:1, 0ad59154-138e-46f9-ac1d-bdf4965642c6|rpc:10.1.0.26:39093|dataStream:|priority:0, 0ef84bf0-d17c-4625-b8c2-731f6595eebb|rpc:10.1.0.26:38489|dataStream:|priority:0], old=null
2021-12-29 13:35:59,260 [0ef84bf0-d17c-4625-b8c2-731f6595eebb@group-6E76E560AD91-LeaderElection31] INFO  impl.LeaderElection (LeaderElection.java:logAndReturn(89)) - 0ef84bf0-d17c-4625-b8c2-731f6595eebb@group-6E76E560AD91-LeaderElection31: ELECTION REJECTED received 1 response(s) and 0 exception(s):
2021-12-29 13:35:59,260 [0ef84bf0-d17c-4625-b8c2-731f6595eebb@group-6E76E560AD91-LeaderElection31] INFO  impl.LeaderElection (LeaderElection.java:logAndReturn(93)) -   Response 0: 0ef84bf0-d17c-4625-b8c2-731f6595eebb<-99a16189-74f8-4b13-a605-5015b61c9552#0:FAIL-t1
2021-12-29 13:35:59,260 [0ef84bf0-d17c-4625-b8c2-731f6595eebb@group-6E76E560AD91-LeaderElection31] INFO  impl.LeaderElection (LeaderElection.java:askForVotes(308)) - 0ef84bf0-d17c-4625-b8c2-731f6595eebb@group-6E76E560AD91-LeaderElection31 ELECTION round 0: result REJECTED
2021-12-29 13:35:59,260 [0ef84bf0-d17c-4625-b8c2-731f6595eebb@group-6E76E560AD91-LeaderElection31] INFO  server.RaftServer$Division (RaftServerImpl.java:setRole(290)) - 0ef84bf0-d17c-4625-b8c2-731f6595eebb@group-6E76E560AD91: changes role from CANDIDATE to FOLLOWER at term 1 for REJECTED
2021-12-29 13:35:59,260 [0ef84bf0-d17c-4625-b8c2-731f6595eebb@group-6E76E560AD91-LeaderElection31] INFO  impl.RoleInfo (RoleInfo.java:shutdownLeaderElection(121)) - 0ef84bf0-d17c-4625-b8c2-731f6595eebb: shutdown 0ef84bf0-d17c-4625-b8c2-731f6595eebb@group-6E76E560AD91-LeaderElection31
2021-12-29 13:35:59,260 [0ef84bf0-d17c-4625-b8c2-731f6595eebb@group-6E76E560AD91-LeaderElection31] INFO  impl.RoleInfo (RoleInfo.java:updateAndGet(130)) - 0ef84bf0-d17c-4625-b8c2-731f6595eebb: start 0ef84bf0-d17c-4625-b8c2-731f6595eebb@group-6E76E560AD91-FollowerState
2021-12-29 13:35:59,328 [99a16189-74f8-4b13-a605-5015b61c9552@group-6A34838A0B7B-FollowerState] INFO  impl.FollowerState (FollowerState.java:run(134)) - 99a16189-74f8-4b13-a605-5015b61c9552@group-6A34838A0B7B-FollowerState: change to CANDIDATE, lastRpcElapsedTime:5084932372ns, electionTimeout:5084ms
2021-12-29 13:35:59,329 [99a16189-74f8-4b13-a605-5015b61c9552@group-6A34838A0B7B-FollowerState] INFO  impl.RoleInfo (RoleInfo.java:shutdownFollowerState(108)) - 99a16189-74f8-4b13-a605-5015b61c9552: shutdown 99a16189-74f8-4b13-a605-5015b61c9552@group-6A34838A0B7B-FollowerState
2021-12-29 13:35:59,329 [99a16189-74f8-4b13-a605-5015b61c9552@group-6A34838A0B7B-FollowerState] INFO  server.RaftServer$Division (RaftServerImpl.java:setRole(290)) - 99a16189-74f8-4b13-a605-5015b61c9552@group-6A34838A0B7B: changes role from  FOLLOWER to CANDIDATE at term 0 for changeToCandidate
2021-12-29 13:35:59,329 [99a16189-74f8-4b13-a605-5015b61c9552@group-6A34838A0B7B-FollowerState] INFO  server.RaftServerConfigKeys (ConfUtils.java:logGet(44)) - raft.server.leaderelection.pre-vote = false (custom)
2021-12-29 13:35:59,329 [99a16189-74f8-4b13-a605-5015b61c9552@group-6A34838A0B7B-FollowerState] INFO  impl.RoleInfo (RoleInfo.java:updateAndGet(130)) - 99a16189-74f8-4b13-a605-5015b61c9552: start 99a16189-74f8-4b13-a605-5015b61c9552@group-6A34838A0B7B-LeaderElection32
2021-12-29 13:35:59,352 [99a16189-74f8-4b13-a605-5015b61c9552@group-6A34838A0B7B-LeaderElection32] INFO  impl.LeaderElection (LeaderElection.java:askForVotes(306)) - 99a16189-74f8-4b13-a605-5015b61c9552@group-6A34838A0B7B-LeaderElection32 ELECTION round 0: submit vote requests at term 1 for -1: [99a16189-74f8-4b13-a605-5015b61c9552|rpc:10.1.0.26:43875|priority:1], old=null
2021-12-29 13:35:59,352 [99a16189-74f8-4b13-a605-5015b61c9552@group-6A34838A0B7B-LeaderElection32] INFO  impl.LeaderElection (LeaderElection.java:askForVotes(308)) - 99a16189-74f8-4b13-a605-5015b61c9552@group-6A34838A0B7B-LeaderElection32 ELECTION round 0: result PASSED (term=1)
2021-12-29 13:35:59,352 [99a16189-74f8-4b13-a605-5015b61c9552@group-6A34838A0B7B-LeaderElection32] INFO  impl.RoleInfo (RoleInfo.java:shutdownLeaderElection(121)) - 99a16189-74f8-4b13-a605-5015b61c9552: shutdown 99a16189-74f8-4b13-a605-5015b61c9552@group-6A34838A0B7B-LeaderElection32
2021-12-29 13:35:59,352 [99a16189-74f8-4b13-a605-5015b61c9552@group-6A34838A0B7B-LeaderElection32] INFO  server.RaftServer$Division (RaftServerImpl.java:setRole(290)) - 99a16189-74f8-4b13-a605-5015b61c9552@group-6A34838A0B7B: changes role from CANDIDATE to LEADER at term 1 for changeToLeader
2021-12-29 13:35:59,352 [99a16189-74f8-4b13-a605-5015b61c9552@group-6A34838A0B7B-LeaderElection32] INFO  ratis.XceiverServerRatis (XceiverServerRatis.java:handleLeaderChangedNotification(866)) - Leader change notification received for group: group-6A34838A0B7B with new leaderId: 99a16189-74f8-4b13-a605-5015b61c9552
2021-12-29 13:35:59,355 [99a16189-74f8-4b13-a605-5015b61c9552@group-6A34838A0B7B-LeaderElection32] INFO  server.RaftServer$Division (ServerState.java:setLeader(285)) - 99a16189-74f8-4b13-a605-5015b61c9552@group-6A34838A0B7B: change Leader from null to 99a16189-74f8-4b13-a605-5015b61c9552 at term 1 for becomeLeader, leader elected after 5122ms
2021-12-29 13:35:59,356 [99a16189-74f8-4b13-a605-5015b61c9552@group-6A34838A0B7B-LeaderElection32] INFO  server.RaftServerConfigKeys (ConfUtils.java:logGet(44)) - raft.server.staging.catchup.gap = 1000 (default)
2021-12-29 13:35:59,356 [99a16189-74f8-4b13-a605-5015b61c9552@group-6A34838A0B7B-LeaderElection32] INFO  server.RaftServerConfigKeys (ConfUtils.java:logGet(44)) - raft.server.write.element-limit = 1024 (custom)
2021-12-29 13:35:59,366 [99a16189-74f8-4b13-a605-5015b61c9552@group-6A34838A0B7B-LeaderElection32] INFO  server.RaftServerConfigKeys (ConfUtils.java:logGet(44)) - raft.server.write.byte-limit = 1024 M (=1073741824) (custom)
2021-12-29 13:35:59,374 [99a16189-74f8-4b13-a605-5015b61c9552@group-6A34838A0B7B-LeaderElection32] INFO  server.RaftServerConfigKeys (ConfUtils.java:logGet(44)) - raft.server.watch.timeout = 180s (custom)
2021-12-29 13:35:59,374 [99a16189-74f8-4b13-a605-5015b61c9552@group-6A34838A0B7B-LeaderElection32] INFO  server.RaftServerConfigKeys (ConfUtils.java:logGet(44)) - raft.server.watch.timeout.denomination = 1s (default)
2021-12-29 13:35:59,374 [99a16189-74f8-4b13-a605-5015b61c9552@group-6A34838A0B7B-LeaderElection32] INFO  server.RaftServerConfigKeys (ConfUtils.java:logGet(44)) - raft.server.watch.element-limit = 65536 (default)
2021-12-29 13:35:59,375 [99a16189-74f8-4b13-a605-5015b61c9552@group-6A34838A0B7B-LeaderElection32] INFO  server.RaftServerConfigKeys (ConfUtils.java:logGet(44)) - raft.server.write.element-limit = 1024 (custom)
2021-12-29 13:35:59,375 [99a16189-74f8-4b13-a605-5015b61c9552@group-6A34838A0B7B-LeaderElection32] INFO  server.RaftServerConfigKeys (ConfUtils.java:logGet(44)) - raft.server.write.follower.gap.ratio.max = -1.0 (default)
2021-12-29 13:35:59,378 [99a16189-74f8-4b13-a605-5015b61c9552@group-6A34838A0B7B-LeaderElection32] INFO  impl.RoleInfo (RoleInfo.java:updateAndGet(130)) - 99a16189-74f8-4b13-a605-5015b61c9552: start 99a16189-74f8-4b13-a605-5015b61c9552@group-6A34838A0B7B-LeaderStateImpl
2021-12-29 13:35:59,379 [99a16189-74f8-4b13-a605-5015b61c9552@group-6A34838A0B7B-LeaderElection32] INFO  segmented.SegmentedRaftLogWorker (SegmentedRaftLogWorker.java:startLogSegment(394)) - 99a16189-74f8-4b13-a605-5015b61c9552@group-6A34838A0B7B-SegmentedRaftLogWorker: Starting segment from index:0
2021-12-29 13:35:59,379 [99a16189-74f8-4b13-a605-5015b61c9552@group-6A34838A0B7B-LeaderElection32] INFO  server.RaftServer$Division (ServerState.java:setRaftConf(387)) - 99a16189-74f8-4b13-a605-5015b61c9552@group-6A34838A0B7B: set configuration 0: [99a16189-74f8-4b13-a605-5015b61c9552|rpc:10.1.0.26:43875|dataStream:|priority:1], old=null
2021-12-29 13:35:59,380 [99a16189-74f8-4b13-a605-5015b61c9552@group-6A34838A0B7B-SegmentedRaftLogWorker] INFO  segmented.SegmentedRaftLogWorker (SegmentedRaftLogWorker.java:execute(601)) - 99a16189-74f8-4b13-a605-5015b61c9552@group-6A34838A0B7B-SegmentedRaftLogWorker: created new log segment /home/runner/work/ozone/ozone/hadoop-ozone/integration-test/target/test-dir/MiniOzoneClusterImpl-737e1f92-2285-4928-9988-49e5ed44796c/datanode-1/data/ratis/1ee459da-2e77-4dc1-bef4-6a34838a0b7b/current/log_inprogress_0
2021-12-29 13:35:59,602 [Listener at 127.0.0.1/45663] INFO  ozone.MiniOzoneClusterImpl (MiniOzoneClusterImpl.java:lambda$waitForClusterToBeReady$0(235)) - Nodes are ready. Got 3 of 3 DN Heartbeats.
2021-12-29 13:35:59,602 [Listener at 127.0.0.1/45663] INFO  ozone.MiniOzoneClusterImpl (MiniOzoneClusterImpl.java:lambda$waitForClusterToBeReady$0(238)) - Cluster exits safe mode
2021-12-29 13:35:59,602 [Listener at 127.0.0.1/45663] INFO  ozone.MiniOzoneClusterImpl (MiniOzoneClusterImpl.java:lambda$waitForClusterToBeReady$0(240)) - SCM became leader
2021-12-29 13:35:59,632 [Listener at 127.0.0.1/45663] INFO  rpc.RpcClient (RpcClient.java:createVolume(389)) - Creating Volume: volume11152, with user68214 as owner and space quota set to -1 bytes, counts quota set to -1
2021-12-29 13:35:59,639 [IPC Server handler 0 on default port 45663] INFO  volume.OMVolumeCreateRequest (OMVolumeCreateRequest.java:validateAndUpdateCache(195)) - created volume:volume11152 for user:user68214
2021-12-29 13:35:59,677 [Listener at 127.0.0.1/45663] INFO  rpc.RpcClient (RpcClient.java:createBucket(552)) - Creating Bucket: volume11152/bucket83751, with runner as owner and Versioning false and Storage Type set to DISK and Encryption set to false 
]]></system-out>
    <system-err><![CDATA[Exception in thread "Trash Emptier" java.lang.UnsupportedOperationException: fs.getUri() not implemented in TrashOzoneFileSystem
	at org.apache.hadoop.ozone.om.TrashOzoneFileSystem.getUri(TrashOzoneFileSystem.java:124)
	at org.apache.hadoop.fs.FileSystem.close(FileSystem.java:2592)
	at org.apache.hadoop.ozone.om.TrashPolicyOzone$Emptier.run(TrashPolicyOzone.java:243)
	at java.lang.Thread.run(Thread.java:748)
]]></system-err>
  </testcase>
  <testcase name="testRenameFile[2]" classname="org.apache.hadoop.fs.ozone.TestRootedOzoneFileSystem" time="0.157"/>
  <testcase name="testListStatusRootAndVolumeRecursive[2]" classname="org.apache.hadoop.fs.ozone.TestRootedOzoneFileSystem" time="0.782"/>
  <testcase name="testTempMount[2]" classname="org.apache.hadoop.fs.ozone.TestRootedOzoneFileSystem" time="0.221"/>
  <testcase name="testListStatusRootAndVolumeNonRecursive[2]" classname="org.apache.hadoop.fs.ozone.TestRootedOzoneFileSystem" time="0.46"/>
  <testcase name="testDeleteVolumeAndBucket[2]" classname="org.apache.hadoop.fs.ozone.TestRootedOzoneFileSystem" time="0.035"/>
  <testcase name="testRenameDirToItsOwnSubDir[2]" classname="org.apache.hadoop.fs.ozone.TestRootedOzoneFileSystem" time="0.015"/>
  <testcase name="testOzoneFsServiceLoader[2]" classname="org.apache.hadoop.fs.ozone.TestRootedOzoneFileSystem" time="0.046"/>
  <testcase name="testTrash[2]" classname="org.apache.hadoop.fs.ozone.TestRootedOzoneFileSystem" time="0">
    <skipped/>
  </testcase>
  <testcase name="testRenameDestinationParentDoesntExist[2]" classname="org.apache.hadoop.fs.ozone.TestRootedOzoneFileSystem" time="0.035"/>
  <testcase name="testGetFileStatusRoot[2]" classname="org.apache.hadoop.fs.ozone.TestRootedOzoneFileSystem" time="0.02"/>
  <testcase name="testCreateWithInvalidPaths[2]" classname="org.apache.hadoop.fs.ozone.TestRootedOzoneFileSystem" time="0.009"/>
  <testcase name="testDeleteEmptyVolume[2]" classname="org.apache.hadoop.fs.ozone.TestRootedOzoneFileSystem" time="0.035"/>
  <testcase name="testListStatusRootAndVolumeContinuation[2]" classname="org.apache.hadoop.fs.ozone.TestRootedOzoneFileSystem" time="0">
    <skipped message="FS Path is enabled. Skipping this test as it is not tuned for FS Path yet" type="org.junit.AssumptionViolatedException">org.junit.AssumptionViolatedException: FS Path is enabled. Skipping this test as it is not tuned for FS Path yet
	at org.junit.Assume.assumeTrue(Assume.java:68)
	at org.apache.hadoop.fs.ozone.TestRootedOzoneFileSystem.testListStatusRootAndVolumeContinuation(TestRootedOzoneFileSystem.java:887)
	at sun.reflect.NativeMethodAccessorImpl.invoke0(Native Method)
	at sun.reflect.NativeMethodAccessorImpl.invoke(NativeMethodAccessorImpl.java:62)
	at sun.reflect.DelegatingMethodAccessorImpl.invoke(DelegatingMethodAccessorImpl.java:43)
	at java.lang.reflect.Method.invoke(Method.java:498)
	at org.junit.runners.model.FrameworkMethod$1.runReflectiveCall(FrameworkMethod.java:59)
	at org.junit.internal.runners.model.ReflectiveCallable.run(ReflectiveCallable.java:12)
	at org.junit.runners.model.FrameworkMethod.invokeExplosively(FrameworkMethod.java:56)
	at org.junit.internal.runners.statements.InvokeMethod.evaluate(InvokeMethod.java:17)
	at org.junit.internal.runners.statements.FailOnTimeout$CallableStatement.call(FailOnTimeout.java:288)
	at org.junit.internal.runners.statements.FailOnTimeout$CallableStatement.call(FailOnTimeout.java:282)
	at java.util.concurrent.FutureTask.run(FutureTask.java:266)
	at java.lang.Thread.run(Thread.java:748)
</skipped>
  </testcase>
  <testcase name="testDeleteVolumeBucketAndKey[2]" classname="org.apache.hadoop.fs.ozone.TestRootedOzoneFileSystem" time="0.082"/>
  <testcase name="testRenameToParentDir[2]" classname="org.apache.hadoop.fs.ozone.TestRootedOzoneFileSystem" time="0.043"/>
  <testcase name="testMkdirNonExistentVolumeBucket[2]" classname="org.apache.hadoop.fs.ozone.TestRootedOzoneFileSystem" time="0.028"/>
  <testcase name="testFailToDeleteRoot[2]" classname="org.apache.hadoop.fs.ozone.TestRootedOzoneFileSystem" time="0.015"/>
  <testcase name="testListStatusOnSubDirs[2]" classname="org.apache.hadoop.fs.ozone.TestRootedOzoneFileSystem" time="0.04"/>
  <testcase name="testListStatus[2]" classname="org.apache.hadoop.fs.ozone.TestRootedOzoneFileSystem" time="0.055"/>
  <testcase name="testGetTrashRoots[2]" classname="org.apache.hadoop.fs.ozone.TestRootedOzoneFileSystem" time="0.499"/>
  <testcase name="testCreateDoesNotAddParentDirKeys[2]" classname="org.apache.hadoop.fs.ozone.TestRootedOzoneFileSystem" time="0.132"/>
  <testcase name="testMkdirNonExistentVolume[2]" classname="org.apache.hadoop.fs.ozone.TestRootedOzoneFileSystem" time="0.02"/>
  <testcase name="testDeleteCreatesFakeParentDir[2]" classname="org.apache.hadoop.fs.ozone.TestRootedOzoneFileSystem" time="0">
    <skipped message="FS Path is enabled. Skipping this test as it is not tuned for FS Path yet" type="org.junit.AssumptionViolatedException">org.junit.AssumptionViolatedException: FS Path is enabled. Skipping this test as it is not tuned for FS Path yet
	at org.junit.Assume.assumeTrue(Assume.java:68)
	at org.apache.hadoop.fs.ozone.TestRootedOzoneFileSystem.testDeleteCreatesFakeParentDir(TestRootedOzoneFileSystem.java:302)
	at sun.reflect.NativeMethodAccessorImpl.invoke0(Native Method)
	at sun.reflect.NativeMethodAccessorImpl.invoke(NativeMethodAccessorImpl.java:62)
	at sun.reflect.DelegatingMethodAccessorImpl.invoke(DelegatingMethodAccessorImpl.java:43)
	at java.lang.reflect.Method.invoke(Method.java:498)
	at org.junit.runners.model.FrameworkMethod$1.runReflectiveCall(FrameworkMethod.java:59)
	at org.junit.internal.runners.model.ReflectiveCallable.run(ReflectiveCallable.java:12)
	at org.junit.runners.model.FrameworkMethod.invokeExplosively(FrameworkMethod.java:56)
	at org.junit.internal.runners.statements.InvokeMethod.evaluate(InvokeMethod.java:17)
	at org.junit.internal.runners.statements.FailOnTimeout$CallableStatement.call(FailOnTimeout.java:288)
	at org.junit.internal.runners.statements.FailOnTimeout$CallableStatement.call(FailOnTimeout.java:282)
	at java.util.concurrent.FutureTask.run(FutureTask.java:266)
	at java.lang.Thread.run(Thread.java:748)
</skipped>
  </testcase>
  <testcase name="testNonExplicitlyCreatedPathExistsAfterItsLeafsWereRemoved[2]" classname="org.apache.hadoop.fs.ozone.TestRootedOzoneFileSystem" time="0.058"/>
  <testcase name="testFileDelete[2]" classname="org.apache.hadoop.fs.ozone.TestRootedOzoneFileSystem" time="0.132"/>
  <testcase name="testRenameToTrashEnabled[2]" classname="org.apache.hadoop.fs.ozone.TestRootedOzoneFileSystem" time="0.224"/>
  <testcase name="testMkdirOnNonExistentVolumeBucketDir[2]" classname="org.apache.hadoop.fs.ozone.TestRootedOzoneFileSystem" time="0">
    <skipped message="FS Path is enabled. Skipping this test as it is not tuned for FS Path yet" type="org.junit.AssumptionViolatedException">org.junit.AssumptionViolatedException: FS Path is enabled. Skipping this test as it is not tuned for FS Path yet
	at org.junit.Assume.assumeTrue(Assume.java:68)
	at org.apache.hadoop.fs.ozone.TestRootedOzoneFileSystem.testMkdirOnNonExistentVolumeBucketDir(TestRootedOzoneFileSystem.java:405)
	at sun.reflect.NativeMethodAccessorImpl.invoke0(Native Method)
	at sun.reflect.NativeMethodAccessorImpl.invoke(NativeMethodAccessorImpl.java:62)
	at sun.reflect.DelegatingMethodAccessorImpl.invoke(DelegatingMethodAccessorImpl.java:43)
	at java.lang.reflect.Method.invoke(Method.java:498)
	at org.junit.runners.model.FrameworkMethod$1.runReflectiveCall(FrameworkMethod.java:59)
	at org.junit.internal.runners.model.ReflectiveCallable.run(ReflectiveCallable.java:12)
	at org.junit.runners.model.FrameworkMethod.invokeExplosively(FrameworkMethod.java:56)
	at org.junit.internal.runners.statements.InvokeMethod.evaluate(InvokeMethod.java:17)
	at org.junit.internal.runners.statements.FailOnTimeout$CallableStatement.call(FailOnTimeout.java:288)
	at org.junit.internal.runners.statements.FailOnTimeout$CallableStatement.call(FailOnTimeout.java:282)
	at java.util.concurrent.FutureTask.run(FutureTask.java:266)
	at java.lang.Thread.run(Thread.java:748)
</skipped>
  </testcase>
  <testcase name="testListStatusOnLargeDirectory[2]" classname="org.apache.hadoop.fs.ozone.TestRootedOzoneFileSystem" time="8.923"/>
  <testcase name="testRenameToDifferentBucket[2]" classname="org.apache.hadoop.fs.ozone.TestRootedOzoneFileSystem" time="0.028"/>
  <testcase name="testListStatusInBucket[2]" classname="org.apache.hadoop.fs.ozone.TestRootedOzoneFileSystem" time="0.033"/>
  <testcase name="testRenameFileToDir[2]" classname="org.apache.hadoop.fs.ozone.TestRootedOzoneFileSystem" time="0.037"/>
  <testcase name="testNonPrivilegedUserMkdirCreateBucket[3]" classname="org.apache.hadoop.fs.ozone.TestRootedOzoneFileSystem" time="0">
    <skipped message="ACL is not enabled. Skipping this test as it requires ACL to be enabled to be meaningful." type="org.junit.AssumptionViolatedException">org.junit.AssumptionViolatedException: ACL is not enabled. Skipping this test as it requires ACL to be enabled to be meaningful.
	at org.junit.Assume.assumeTrue(Assume.java:68)
	at org.apache.hadoop.fs.ozone.TestRootedOzoneFileSystem.testNonPrivilegedUserMkdirCreateBucket(TestRootedOzoneFileSystem.java:1582)
	at sun.reflect.NativeMethodAccessorImpl.invoke0(Native Method)
	at sun.reflect.NativeMethodAccessorImpl.invoke(NativeMethodAccessorImpl.java:62)
	at sun.reflect.DelegatingMethodAccessorImpl.invoke(DelegatingMethodAccessorImpl.java:43)
	at java.lang.reflect.Method.invoke(Method.java:498)
	at org.junit.runners.model.FrameworkMethod$1.runReflectiveCall(FrameworkMethod.java:59)
	at org.junit.internal.runners.model.ReflectiveCallable.run(ReflectiveCallable.java:12)
	at org.junit.runners.model.FrameworkMethod.invokeExplosively(FrameworkMethod.java:56)
	at org.junit.internal.runners.statements.InvokeMethod.evaluate(InvokeMethod.java:17)
	at org.junit.internal.runners.statements.FailOnTimeout$CallableStatement.call(FailOnTimeout.java:288)
	at org.junit.internal.runners.statements.FailOnTimeout$CallableStatement.call(FailOnTimeout.java:282)
	at java.util.concurrent.FutureTask.run(FutureTask.java:266)
	at java.lang.Thread.run(Thread.java:748)
</skipped>
    <system-out><![CDATA[2021-12-29 13:36:11,980 [Listener at 127.0.0.1/45663] INFO  ozone.MiniOzoneClusterImpl (MiniOzoneClusterImpl.java:shutdown(453)) - Shutting down the Mini Ozone Cluster
2021-12-29 13:36:11,980 [Listener at 127.0.0.1/45663] INFO  ozone.MiniOzoneClusterImpl (MiniOzoneClusterImpl.java:stop(468)) - Stopping the Mini Ozone Cluster
2021-12-29 13:36:11,980 [Listener at 127.0.0.1/45663] INFO  ozone.MiniOzoneClusterImpl (MiniOzoneClusterImpl.java:stopOM(550)) - Stopping the OzoneManager
2021-12-29 13:36:11,980 [Listener at 127.0.0.1/45663] INFO  om.OzoneManager (OzoneManager.java:stop(1893)) - om1[localhost:0]: Stopping Ozone Manager
2021-12-29 13:36:11,980 [Listener at 127.0.0.1/45663] INFO  ipc.Server (Server.java:stop(3414)) - Stopping server on 45663
2021-12-29 13:36:12,015 [Listener at 127.0.0.1/45663] INFO  ratis.OzoneManagerDoubleBuffer (OzoneManagerDoubleBuffer.java:stop(437)) - Stopping OMDoubleBuffer flush thread
2021-12-29 13:36:12,015 [IPC Server listener on 0] INFO  ipc.Server (Server.java:run(1376)) - Stopping IPC Server listener on 0
2021-12-29 13:36:12,015 [IPC Server Responder] INFO  ipc.Server (Server.java:run(1512)) - Stopping IPC Server Responder
2021-12-29 13:36:12,016 [OMDoubleBufferFlushThread] INFO  ratis.OzoneManagerDoubleBuffer (OzoneManagerDoubleBuffer.java:flushTransactions(356)) - OMDoubleBuffer flush thread OMDoubleBufferFlushThread is interrupted and will exit. OMDoubleBufferFlushThread
2021-12-29 13:36:12,016 [Listener at 127.0.0.1/45663] INFO  utils.BackgroundService (BackgroundService.java:shutdown(132)) - Shutting down service KeyDeletingService
2021-12-29 13:36:12,017 [Listener at 127.0.0.1/45663] INFO  utils.BackgroundService (BackgroundService.java:shutdown(132)) - Shutting down service DirectoryDeletingService
2021-12-29 13:36:12,026 [Listener at 127.0.0.1/45663] INFO  handler.ContextHandler (ContextHandler.java:doStop(1153)) - Stopped o.e.j.w.WebAppContext@3e91274{ozoneManager,/,null,STOPPED}{file:/home/runner/work/ozone/ozone/hadoop-ozone/integration-test/target/test-classes/webapps/ozoneManager}
2021-12-29 13:36:12,029 [Listener at 127.0.0.1/45663] INFO  server.AbstractConnector (AbstractConnector.java:doStop(381)) - Stopped ServerConnector@1251cdec{HTTP/1.1, (http/1.1)}{0.0.0.0:0}
2021-12-29 13:36:12,030 [Listener at 127.0.0.1/45663] INFO  server.session (HouseKeeper.java:stopScavenging(149)) - node0 Stopped scavenging
2021-12-29 13:36:12,030 [Listener at 127.0.0.1/45663] INFO  handler.ContextHandler (ContextHandler.java:doStop(1153)) - Stopped o.e.j.s.ServletContextHandler@50bd37f{static,/static,file:///home/runner/work/ozone/ozone/hadoop-ozone/integration-test/target/test-classes/webapps/static,STOPPED}
2021-12-29 13:36:12,030 [Listener at 127.0.0.1/45663] INFO  handler.ContextHandler (ContextHandler.java:doStop(1153)) - Stopped o.e.j.s.ServletContextHandler@4246aa06{logs,/logs,file:///home/runner/work/ozone/ozone/hadoop-ozone/integration-test/target/log,STOPPED}
2021-12-29 13:36:12,033 [Listener at 127.0.0.1/45663] INFO  ozone.MiniOzoneClusterImpl (MiniOzoneClusterImpl.java:stopDatanodes(527)) - Stopping the HddsDatanodes
2021-12-29 13:36:17,038 [ForkJoinPool.commonPool-worker-0] INFO  ozoneimpl.OzoneContainer (OzoneContainer.java:stop(336)) - Attempting to stop container services.
2021-12-29 13:36:17,038 [Listener at 127.0.0.1/45663] INFO  ozoneimpl.OzoneContainer (OzoneContainer.java:stop(336)) - Attempting to stop container services.
2021-12-29 13:36:17,039 [ForkJoinPool.commonPool-worker-0] INFO  server.RaftServer (RaftServerProxy.java:lambda$close$6(391)) - 0ef84bf0-d17c-4625-b8c2-731f6595eebb: close
2021-12-29 13:36:17,039 [ForkJoinPool.commonPool-worker-0] INFO  server.RaftServer$Division (RaftServerImpl.java:lambda$close$4(412)) - 0ef84bf0-d17c-4625-b8c2-731f6595eebb@group-C3779C1106B8: shutdown
2021-12-29 13:36:17,040 [ForkJoinPool.commonPool-worker-0] INFO  util.JmxRegister (JmxRegister.java:unregister(73)) - Successfully un-registered JMX Bean with object name Ratis:service=RaftServer,group=group-C3779C1106B8,id=0ef84bf0-d17c-4625-b8c2-731f6595eebb
2021-12-29 13:36:17,040 [ForkJoinPool.commonPool-worker-0] INFO  impl.RoleInfo (RoleInfo.java:shutdownLeaderState(91)) - 0ef84bf0-d17c-4625-b8c2-731f6595eebb: shutdown 0ef84bf0-d17c-4625-b8c2-731f6595eebb@group-C3779C1106B8-LeaderStateImpl
2021-12-29 13:36:17,040 [ForkJoinPool.commonPool-worker-0] INFO  impl.PendingRequests (PendingRequests.java:sendNotLeaderResponses(282)) - 0ef84bf0-d17c-4625-b8c2-731f6595eebb@group-C3779C1106B8-PendingRequests: sendNotLeaderResponses
2021-12-29 13:36:17,040 [ForkJoinPool.commonPool-worker-0] INFO  impl.StateMachineUpdater (StateMachineUpdater.java:stopAndJoin(149)) - 0ef84bf0-d17c-4625-b8c2-731f6595eebb@group-C3779C1106B8-StateMachineUpdater: set stopIndex = 0
2021-12-29 13:36:17,041 [0ef84bf0-d17c-4625-b8c2-731f6595eebb@group-C3779C1106B8-StateMachineUpdater] INFO  ratis.ContainerStateMachine (ContainerStateMachine.java:takeSnapshot(299)) - group-C3779C1106B8: Taking a snapshot at:(t:1, i:0) file /home/runner/work/ozone/ozone/hadoop-ozone/integration-test/target/test-dir/MiniOzoneClusterImpl-737e1f92-2285-4928-9988-49e5ed44796c/datanode-0/data/ratis/2e035bbd-54ef-4e96-8629-c3779c1106b8/sm/snapshot.1_0
2021-12-29 13:36:17,041 [Listener at 127.0.0.1/45663] INFO  server.RaftServer (RaftServerProxy.java:lambda$close$6(391)) - 99a16189-74f8-4b13-a605-5015b61c9552: close
2021-12-29 13:36:17,041 [Listener at 127.0.0.1/45663] INFO  server.RaftServer$Division (RaftServerImpl.java:lambda$close$4(412)) - 99a16189-74f8-4b13-a605-5015b61c9552@group-6A34838A0B7B: shutdown
2021-12-29 13:36:17,041 [Listener at 127.0.0.1/45663] INFO  util.JmxRegister (JmxRegister.java:unregister(73)) - Successfully un-registered JMX Bean with object name Ratis:service=RaftServer,group=group-6A34838A0B7B,id=99a16189-74f8-4b13-a605-5015b61c9552
2021-12-29 13:36:17,041 [Listener at 127.0.0.1/45663] INFO  impl.RoleInfo (RoleInfo.java:shutdownLeaderState(91)) - 99a16189-74f8-4b13-a605-5015b61c9552: shutdown 99a16189-74f8-4b13-a605-5015b61c9552@group-6A34838A0B7B-LeaderStateImpl
2021-12-29 13:36:17,042 [Listener at 127.0.0.1/45663] INFO  impl.PendingRequests (PendingRequests.java:sendNotLeaderResponses(282)) - 99a16189-74f8-4b13-a605-5015b61c9552@group-6A34838A0B7B-PendingRequests: sendNotLeaderResponses
2021-12-29 13:36:17,042 [0ef84bf0-d17c-4625-b8c2-731f6595eebb@group-C3779C1106B8-StateMachineUpdater] INFO  ratis.ContainerStateMachine (ContainerStateMachine.java:takeSnapshot(310)) - group-C3779C1106B8: Finished taking a snapshot at:(t:1, i:0) file:/home/runner/work/ozone/ozone/hadoop-ozone/integration-test/target/test-dir/MiniOzoneClusterImpl-737e1f92-2285-4928-9988-49e5ed44796c/datanode-0/data/ratis/2e035bbd-54ef-4e96-8629-c3779c1106b8/sm/snapshot.1_0 took: 2 ms
2021-12-29 13:36:17,042 [0ef84bf0-d17c-4625-b8c2-731f6595eebb@group-C3779C1106B8-StateMachineUpdater] INFO  impl.StateMachineUpdater (StateMachineUpdater.java:takeSnapshot(281)) - 0ef84bf0-d17c-4625-b8c2-731f6595eebb@group-C3779C1106B8-StateMachineUpdater: Took a snapshot at index 0
2021-12-29 13:36:17,042 [0ef84bf0-d17c-4625-b8c2-731f6595eebb@group-C3779C1106B8-StateMachineUpdater] INFO  impl.StateMachineUpdater (StateMachineUpdater.java:lambda$new$0(89)) - 0ef84bf0-d17c-4625-b8c2-731f6595eebb@group-C3779C1106B8-StateMachineUpdater: snapshotIndex: updateIncreasingly -1 -> 0
2021-12-29 13:36:17,043 [Listener at 127.0.0.1/45663] INFO  impl.StateMachineUpdater (StateMachineUpdater.java:stopAndJoin(149)) - 99a16189-74f8-4b13-a605-5015b61c9552@group-6A34838A0B7B-StateMachineUpdater: set stopIndex = 0
2021-12-29 13:36:17,043 [99a16189-74f8-4b13-a605-5015b61c9552@group-6A34838A0B7B-StateMachineUpdater] INFO  ratis.ContainerStateMachine (ContainerStateMachine.java:takeSnapshot(299)) - group-6A34838A0B7B: Taking a snapshot at:(t:1, i:0) file /home/runner/work/ozone/ozone/hadoop-ozone/integration-test/target/test-dir/MiniOzoneClusterImpl-737e1f92-2285-4928-9988-49e5ed44796c/datanode-1/data/ratis/1ee459da-2e77-4dc1-bef4-6a34838a0b7b/sm/snapshot.1_0
2021-12-29 13:36:17,043 [ForkJoinPool.commonPool-worker-0] INFO  server.RaftServer$Division (ServerState.java:close(419)) - 0ef84bf0-d17c-4625-b8c2-731f6595eebb@group-C3779C1106B8: closes. applyIndex: 0
2021-12-29 13:36:17,043 [0ef84bf0-d17c-4625-b8c2-731f6595eebb@group-C3779C1106B8-SegmentedRaftLogWorker] INFO  segmented.SegmentedRaftLogWorker (SegmentedRaftLogWorker.java:run(327)) - 0ef84bf0-d17c-4625-b8c2-731f6595eebb@group-C3779C1106B8-SegmentedRaftLogWorker was interrupted, exiting. There are 0 tasks remaining in the queue.
2021-12-29 13:36:17,044 [ForkJoinPool.commonPool-worker-0] INFO  segmented.SegmentedRaftLogWorker (SegmentedRaftLogWorker.java:close(237)) - 0ef84bf0-d17c-4625-b8c2-731f6595eebb@group-C3779C1106B8-SegmentedRaftLogWorker close()
2021-12-29 13:36:17,045 [ForkJoinPool.commonPool-worker-0] INFO  server.RaftServer$Division (RaftServerImpl.java:lambda$close$4(412)) - 0ef84bf0-d17c-4625-b8c2-731f6595eebb@group-6E76E560AD91: shutdown
2021-12-29 13:36:17,045 [ForkJoinPool.commonPool-worker-0] INFO  util.JmxRegister (JmxRegister.java:unregister(73)) - Successfully un-registered JMX Bean with object name Ratis:service=RaftServer,group=group-6E76E560AD91,id=0ef84bf0-d17c-4625-b8c2-731f6595eebb
2021-12-29 13:36:17,045 [ForkJoinPool.commonPool-worker-0] INFO  impl.RoleInfo (RoleInfo.java:shutdownFollowerState(108)) - 0ef84bf0-d17c-4625-b8c2-731f6595eebb: shutdown 0ef84bf0-d17c-4625-b8c2-731f6595eebb@group-6E76E560AD91-FollowerState
2021-12-29 13:36:17,045 [ForkJoinPool.commonPool-worker-0] INFO  impl.StateMachineUpdater (StateMachineUpdater.java:stopAndJoin(149)) - 0ef84bf0-d17c-4625-b8c2-731f6595eebb@group-6E76E560AD91-StateMachineUpdater: set stopIndex = 0
2021-12-29 13:36:17,045 [0ef84bf0-d17c-4625-b8c2-731f6595eebb@group-6E76E560AD91-FollowerState] INFO  impl.FollowerState (FollowerState.java:run(143)) - 0ef84bf0-d17c-4625-b8c2-731f6595eebb@group-6E76E560AD91-FollowerState was interrupted: {}
java.lang.InterruptedException: sleep interrupted
	at java.lang.Thread.sleep(Native Method)
	at java.lang.Thread.sleep(Thread.java:340)
	at java.util.concurrent.TimeUnit.sleep(TimeUnit.java:386)
	at org.apache.ratis.util.TimeDuration.sleep(TimeDuration.java:324)
	at org.apache.ratis.util.TimeDuration.sleep(TimeDuration.java:309)
	at org.apache.ratis.server.impl.FollowerState.run(FollowerState.java:118)
2021-12-29 13:36:17,045 [0ef84bf0-d17c-4625-b8c2-731f6595eebb@group-6E76E560AD91-StateMachineUpdater] INFO  ratis.ContainerStateMachine (ContainerStateMachine.java:takeSnapshot(299)) - group-6E76E560AD91: Taking a snapshot at:(t:3, i:0) file /home/runner/work/ozone/ozone/hadoop-ozone/integration-test/target/test-dir/MiniOzoneClusterImpl-737e1f92-2285-4928-9988-49e5ed44796c/datanode-0/data/ratis/ae8c5ea6-dcdc-4c55-98dd-6e76e560ad91/sm/snapshot.3_0
2021-12-29 13:36:17,046 [0ef84bf0-d17c-4625-b8c2-731f6595eebb@group-6E76E560AD91-StateMachineUpdater] INFO  ratis.ContainerStateMachine (ContainerStateMachine.java:takeSnapshot(310)) - group-6E76E560AD91: Finished taking a snapshot at:(t:3, i:0) file:/home/runner/work/ozone/ozone/hadoop-ozone/integration-test/target/test-dir/MiniOzoneClusterImpl-737e1f92-2285-4928-9988-49e5ed44796c/datanode-0/data/ratis/ae8c5ea6-dcdc-4c55-98dd-6e76e560ad91/sm/snapshot.3_0 took: 1 ms
2021-12-29 13:36:17,047 [0ef84bf0-d17c-4625-b8c2-731f6595eebb@group-6E76E560AD91-StateMachineUpdater] INFO  impl.StateMachineUpdater (StateMachineUpdater.java:takeSnapshot(281)) - 0ef84bf0-d17c-4625-b8c2-731f6595eebb@group-6E76E560AD91-StateMachineUpdater: Took a snapshot at index 0
2021-12-29 13:36:17,047 [0ef84bf0-d17c-4625-b8c2-731f6595eebb@group-6E76E560AD91-StateMachineUpdater] INFO  impl.StateMachineUpdater (StateMachineUpdater.java:lambda$new$0(89)) - 0ef84bf0-d17c-4625-b8c2-731f6595eebb@group-6E76E560AD91-StateMachineUpdater: snapshotIndex: updateIncreasingly -1 -> 0
2021-12-29 13:36:17,047 [ForkJoinPool.commonPool-worker-0] INFO  server.RaftServer$Division (ServerState.java:close(419)) - 0ef84bf0-d17c-4625-b8c2-731f6595eebb@group-6E76E560AD91: closes. applyIndex: 0
2021-12-29 13:36:17,047 [0ef84bf0-d17c-4625-b8c2-731f6595eebb@group-6E76E560AD91-SegmentedRaftLogWorker] INFO  segmented.SegmentedRaftLogWorker (SegmentedRaftLogWorker.java:run(327)) - 0ef84bf0-d17c-4625-b8c2-731f6595eebb@group-6E76E560AD91-SegmentedRaftLogWorker was interrupted, exiting. There are 0 tasks remaining in the queue.
2021-12-29 13:36:17,048 [99a16189-74f8-4b13-a605-5015b61c9552@group-6A34838A0B7B-StateMachineUpdater] INFO  ratis.ContainerStateMachine (ContainerStateMachine.java:takeSnapshot(310)) - group-6A34838A0B7B: Finished taking a snapshot at:(t:1, i:0) file:/home/runner/work/ozone/ozone/hadoop-ozone/integration-test/target/test-dir/MiniOzoneClusterImpl-737e1f92-2285-4928-9988-49e5ed44796c/datanode-1/data/ratis/1ee459da-2e77-4dc1-bef4-6a34838a0b7b/sm/snapshot.1_0 took: 4 ms
2021-12-29 13:36:17,048 [ForkJoinPool.commonPool-worker-0] INFO  segmented.SegmentedRaftLogWorker (SegmentedRaftLogWorker.java:close(237)) - 0ef84bf0-d17c-4625-b8c2-731f6595eebb@group-6E76E560AD91-SegmentedRaftLogWorker close()
2021-12-29 13:36:17,048 [99a16189-74f8-4b13-a605-5015b61c9552@group-6A34838A0B7B-StateMachineUpdater] INFO  impl.StateMachineUpdater (StateMachineUpdater.java:takeSnapshot(281)) - 99a16189-74f8-4b13-a605-5015b61c9552@group-6A34838A0B7B-StateMachineUpdater: Took a snapshot at index 0
2021-12-29 13:36:17,048 [99a16189-74f8-4b13-a605-5015b61c9552@group-6A34838A0B7B-StateMachineUpdater] INFO  impl.StateMachineUpdater (StateMachineUpdater.java:lambda$new$0(89)) - 99a16189-74f8-4b13-a605-5015b61c9552@group-6A34838A0B7B-StateMachineUpdater: snapshotIndex: updateIncreasingly -1 -> 0
2021-12-29 13:36:17,048 [Listener at 127.0.0.1/45663] INFO  server.RaftServer$Division (ServerState.java:close(419)) - 99a16189-74f8-4b13-a605-5015b61c9552@group-6A34838A0B7B: closes. applyIndex: 0
2021-12-29 13:36:17,048 [99a16189-74f8-4b13-a605-5015b61c9552@group-6A34838A0B7B-SegmentedRaftLogWorker] INFO  segmented.SegmentedRaftLogWorker (SegmentedRaftLogWorker.java:run(327)) - 99a16189-74f8-4b13-a605-5015b61c9552@group-6A34838A0B7B-SegmentedRaftLogWorker was interrupted, exiting. There are 0 tasks remaining in the queue.
2021-12-29 13:36:17,049 [Listener at 127.0.0.1/45663] INFO  segmented.SegmentedRaftLogWorker (SegmentedRaftLogWorker.java:close(237)) - 99a16189-74f8-4b13-a605-5015b61c9552@group-6A34838A0B7B-SegmentedRaftLogWorker close()
2021-12-29 13:36:17,052 [Listener at 127.0.0.1/45663] INFO  server.RaftServer$Division (RaftServerImpl.java:lambda$close$4(412)) - 99a16189-74f8-4b13-a605-5015b61c9552@group-6E76E560AD91: shutdown
2021-12-29 13:36:17,053 [Listener at 127.0.0.1/45663] INFO  util.JmxRegister (JmxRegister.java:unregister(73)) - Successfully un-registered JMX Bean with object name Ratis:service=RaftServer,group=group-6E76E560AD91,id=99a16189-74f8-4b13-a605-5015b61c9552
2021-12-29 13:36:17,053 [Listener at 127.0.0.1/45663] INFO  impl.RoleInfo (RoleInfo.java:shutdownLeaderState(91)) - 99a16189-74f8-4b13-a605-5015b61c9552: shutdown 99a16189-74f8-4b13-a605-5015b61c9552@group-6E76E560AD91-LeaderStateImpl
2021-12-29 13:36:17,053 [Listener at 127.0.0.1/45663] INFO  impl.PendingRequests (PendingRequests.java:sendNotLeaderResponses(282)) - 99a16189-74f8-4b13-a605-5015b61c9552@group-6E76E560AD91-PendingRequests: sendNotLeaderResponses
2021-12-29 13:36:17,053 [99a16189-74f8-4b13-a605-5015b61c9552@group-6E76E560AD91->0ef84bf0-d17c-4625-b8c2-731f6595eebb-GrpcLogAppender-LogAppenderDaemon] WARN  server.GrpcLogAppender (GrpcLogAppender.java:mayWait(177)) - 99a16189-74f8-4b13-a605-5015b61c9552@group-6E76E560AD91->0ef84bf0-d17c-4625-b8c2-731f6595eebb-GrpcLogAppender: Wait interrupted by java.lang.InterruptedException
2021-12-29 13:36:17,054 [Listener at 127.0.0.1/45663] INFO  impl.StateMachineUpdater (StateMachineUpdater.java:stopAndJoin(149)) - 99a16189-74f8-4b13-a605-5015b61c9552@group-6E76E560AD91-StateMachineUpdater: set stopIndex = 0
2021-12-29 13:36:17,054 [grpc-default-executor-1] INFO  server.GrpcServerProtocolService (GrpcServerProtocolService.java:onCompleted(140)) - 0ef84bf0-d17c-4625-b8c2-731f6595eebb: Completed APPEND_ENTRIES, lastRequest: 99a16189-74f8-4b13-a605-5015b61c9552->0ef84bf0-d17c-4625-b8c2-731f6595eebb#1-t3,previous=(t:0, i:0),leaderCommit=-1,initializing? true,entries: size=1, first=(t:3, i:0), CONFIGURATIONENTRY
2021-12-29 13:36:17,054 [99a16189-74f8-4b13-a605-5015b61c9552@group-6E76E560AD91-StateMachineUpdater] INFO  ratis.ContainerStateMachine (ContainerStateMachine.java:takeSnapshot(299)) - group-6E76E560AD91: Taking a snapshot at:(t:3, i:0) file /home/runner/work/ozone/ozone/hadoop-ozone/integration-test/target/test-dir/MiniOzoneClusterImpl-737e1f92-2285-4928-9988-49e5ed44796c/datanode-1/data/ratis/ae8c5ea6-dcdc-4c55-98dd-6e76e560ad91/sm/snapshot.3_0
2021-12-29 13:36:17,057 [grpc-default-executor-1] INFO  server.GrpcLogAppender (GrpcLogAppender.java:onCompleted(346)) - 99a16189-74f8-4b13-a605-5015b61c9552@group-6E76E560AD91->0ef84bf0-d17c-4625-b8c2-731f6595eebb-AppendLogResponseHandler: follower responses appendEntries COMPLETED
2021-12-29 13:36:17,057 [grpc-default-executor-1] INFO  leader.FollowerInfo (FollowerInfoImpl.java:lambda$new$0(47)) - 99a16189-74f8-4b13-a605-5015b61c9552@group-6E76E560AD91->0ef84bf0-d17c-4625-b8c2-731f6595eebb: nextIndex: updateUnconditionally 1 -> 0
2021-12-29 13:36:17,060 [99a16189-74f8-4b13-a605-5015b61c9552@group-6E76E560AD91-StateMachineUpdater] INFO  ratis.ContainerStateMachine (ContainerStateMachine.java:takeSnapshot(310)) - group-6E76E560AD91: Finished taking a snapshot at:(t:3, i:0) file:/home/runner/work/ozone/ozone/hadoop-ozone/integration-test/target/test-dir/MiniOzoneClusterImpl-737e1f92-2285-4928-9988-49e5ed44796c/datanode-1/data/ratis/ae8c5ea6-dcdc-4c55-98dd-6e76e560ad91/sm/snapshot.3_0 took: 7 ms
2021-12-29 13:36:17,061 [99a16189-74f8-4b13-a605-5015b61c9552@group-6E76E560AD91-StateMachineUpdater] INFO  impl.StateMachineUpdater (StateMachineUpdater.java:takeSnapshot(281)) - 99a16189-74f8-4b13-a605-5015b61c9552@group-6E76E560AD91-StateMachineUpdater: Took a snapshot at index 0
2021-12-29 13:36:17,061 [99a16189-74f8-4b13-a605-5015b61c9552@group-6E76E560AD91-StateMachineUpdater] INFO  impl.StateMachineUpdater (StateMachineUpdater.java:lambda$new$0(89)) - 99a16189-74f8-4b13-a605-5015b61c9552@group-6E76E560AD91-StateMachineUpdater: snapshotIndex: updateIncreasingly -1 -> 0
2021-12-29 13:36:17,061 [Listener at 127.0.0.1/45663] INFO  server.RaftServer$Division (ServerState.java:close(419)) - 99a16189-74f8-4b13-a605-5015b61c9552@group-6E76E560AD91: closes. applyIndex: 0
2021-12-29 13:36:17,061 [99a16189-74f8-4b13-a605-5015b61c9552@group-6E76E560AD91-SegmentedRaftLogWorker] INFO  segmented.SegmentedRaftLogWorker (SegmentedRaftLogWorker.java:run(327)) - 99a16189-74f8-4b13-a605-5015b61c9552@group-6E76E560AD91-SegmentedRaftLogWorker was interrupted, exiting. There are 0 tasks remaining in the queue.
2021-12-29 13:36:17,067 [Listener at 127.0.0.1/45663] INFO  segmented.SegmentedRaftLogWorker (SegmentedRaftLogWorker.java:close(237)) - 99a16189-74f8-4b13-a605-5015b61c9552@group-6E76E560AD91-SegmentedRaftLogWorker close()
2021-12-29 13:36:17,067 [ForkJoinPool.commonPool-worker-0] INFO  server.RaftServer$Division (RaftServerImpl.java:lambda$close$4(412)) - 0ef84bf0-d17c-4625-b8c2-731f6595eebb@group-74835FCD8D1D: shutdown
2021-12-29 13:36:17,067 [ForkJoinPool.commonPool-worker-0] INFO  util.JmxRegister (JmxRegister.java:unregister(73)) - Successfully un-registered JMX Bean with object name Ratis:service=RaftServer,group=group-74835FCD8D1D,id=0ef84bf0-d17c-4625-b8c2-731f6595eebb
2021-12-29 13:36:17,067 [ForkJoinPool.commonPool-worker-0] INFO  impl.RoleInfo (RoleInfo.java:shutdownLeaderState(91)) - 0ef84bf0-d17c-4625-b8c2-731f6595eebb: shutdown 0ef84bf0-d17c-4625-b8c2-731f6595eebb@group-74835FCD8D1D-LeaderStateImpl
2021-12-29 13:36:17,067 [ForkJoinPool.commonPool-worker-0] INFO  impl.PendingRequests (PendingRequests.java:sendNotLeaderResponses(282)) - 0ef84bf0-d17c-4625-b8c2-731f6595eebb@group-74835FCD8D1D-PendingRequests: sendNotLeaderResponses
2021-12-29 13:36:17,067 [0ef84bf0-d17c-4625-b8c2-731f6595eebb@group-74835FCD8D1D->99a16189-74f8-4b13-a605-5015b61c9552-GrpcLogAppender-LogAppenderDaemon] WARN  server.GrpcLogAppender (GrpcLogAppender.java:mayWait(177)) - 0ef84bf0-d17c-4625-b8c2-731f6595eebb@group-74835FCD8D1D->99a16189-74f8-4b13-a605-5015b61c9552-GrpcLogAppender: Wait interrupted by java.lang.InterruptedException
2021-12-29 13:36:17,067 [99a16189-74f8-4b13-a605-5015b61c9552@group-6E76E560AD91->0ad59154-138e-46f9-ac1d-bdf4965642c6-GrpcLogAppender-LogAppenderDaemon] WARN  server.GrpcLogAppender (GrpcLogAppender.java:mayWait(177)) - 99a16189-74f8-4b13-a605-5015b61c9552@group-6E76E560AD91->0ad59154-138e-46f9-ac1d-bdf4965642c6-GrpcLogAppender: Wait interrupted by java.lang.InterruptedException
2021-12-29 13:36:17,067 [0ef84bf0-d17c-4625-b8c2-731f6595eebb@group-74835FCD8D1D->0ad59154-138e-46f9-ac1d-bdf4965642c6-GrpcLogAppender-LogAppenderDaemon] WARN  server.GrpcLogAppender (GrpcLogAppender.java:mayWait(177)) - 0ef84bf0-d17c-4625-b8c2-731f6595eebb@group-74835FCD8D1D->0ad59154-138e-46f9-ac1d-bdf4965642c6-GrpcLogAppender: Wait interrupted by java.lang.InterruptedException
2021-12-29 13:36:17,068 [grpc-default-executor-1] INFO  server.GrpcServerProtocolService (GrpcServerProtocolService.java:onCompleted(140)) - 0ad59154-138e-46f9-ac1d-bdf4965642c6: Completed APPEND_ENTRIES, lastRequest: 99a16189-74f8-4b13-a605-5015b61c9552->0ad59154-138e-46f9-ac1d-bdf4965642c6#1-t3,previous=(t:0, i:0),leaderCommit=0,initializing? true,entries: size=1, first=(t:3, i:0), CONFIGURATIONENTRY
2021-12-29 13:36:17,068 [grpc-default-executor-0] INFO  server.GrpcServerProtocolService (GrpcServerProtocolService.java:onCompleted(140)) - 99a16189-74f8-4b13-a605-5015b61c9552: Completed APPEND_ENTRIES, lastRequest: 0ef84bf0-d17c-4625-b8c2-731f6595eebb->99a16189-74f8-4b13-a605-5015b61c9552#283-t1,previous=(t:1, i:26),leaderCommit=25,initializing? true,entries: size=1, first=(t:1, i:27), METADATAENTRY(c:25)
2021-12-29 13:36:17,069 [grpc-default-executor-2] INFO  server.GrpcLogAppender (GrpcLogAppender.java:onCompleted(346)) - 0ef84bf0-d17c-4625-b8c2-731f6595eebb@group-74835FCD8D1D->99a16189-74f8-4b13-a605-5015b61c9552-AppendLogResponseHandler: follower responses appendEntries COMPLETED
2021-12-29 13:36:17,069 [grpc-default-executor-2] INFO  leader.FollowerInfo (FollowerInfoImpl.java:lambda$new$0(47)) - 0ef84bf0-d17c-4625-b8c2-731f6595eebb@group-74835FCD8D1D->99a16189-74f8-4b13-a605-5015b61c9552: nextIndex: updateUnconditionally 28 -> 27
2021-12-29 13:36:17,069 [grpc-default-executor-3] INFO  server.GrpcLogAppender (GrpcLogAppender.java:onCompleted(346)) - 99a16189-74f8-4b13-a605-5015b61c9552@group-6E76E560AD91->0ad59154-138e-46f9-ac1d-bdf4965642c6-AppendLogResponseHandler: follower responses appendEntries COMPLETED
2021-12-29 13:36:17,069 [grpc-default-executor-3] INFO  leader.FollowerInfo (FollowerInfoImpl.java:lambda$new$0(47)) - 99a16189-74f8-4b13-a605-5015b61c9552@group-6E76E560AD91->0ad59154-138e-46f9-ac1d-bdf4965642c6: nextIndex: updateUnconditionally 1 -> 0
2021-12-29 13:36:17,076 [Listener at 127.0.0.1/45663] INFO  server.RaftServer$Division (RaftServerImpl.java:lambda$close$4(412)) - 99a16189-74f8-4b13-a605-5015b61c9552@group-74835FCD8D1D: shutdown
2021-12-29 13:36:17,076 [Listener at 127.0.0.1/45663] INFO  util.JmxRegister (JmxRegister.java:unregister(73)) - Successfully un-registered JMX Bean with object name Ratis:service=RaftServer,group=group-74835FCD8D1D,id=99a16189-74f8-4b13-a605-5015b61c9552
2021-12-29 13:36:17,076 [Listener at 127.0.0.1/45663] INFO  impl.RoleInfo (RoleInfo.java:shutdownFollowerState(108)) - 99a16189-74f8-4b13-a605-5015b61c9552: shutdown 99a16189-74f8-4b13-a605-5015b61c9552@group-74835FCD8D1D-FollowerState
2021-12-29 13:36:17,076 [Listener at 127.0.0.1/45663] INFO  impl.StateMachineUpdater (StateMachineUpdater.java:stopAndJoin(149)) - 99a16189-74f8-4b13-a605-5015b61c9552@group-74835FCD8D1D-StateMachineUpdater: set stopIndex = 27
2021-12-29 13:36:17,076 [99a16189-74f8-4b13-a605-5015b61c9552@group-74835FCD8D1D-StateMachineUpdater] INFO  ratis.ContainerStateMachine (ContainerStateMachine.java:takeSnapshot(299)) - group-74835FCD8D1D: Taking a snapshot at:(t:1, i:27) file /home/runner/work/ozone/ozone/hadoop-ozone/integration-test/target/test-dir/MiniOzoneClusterImpl-737e1f92-2285-4928-9988-49e5ed44796c/datanode-1/data/ratis/e3cd99d6-7963-47db-823d-74835fcd8d1d/sm/snapshot.1_27
2021-12-29 13:36:17,086 [99a16189-74f8-4b13-a605-5015b61c9552@group-74835FCD8D1D-StateMachineUpdater] INFO  ratis.ContainerStateMachine (ContainerStateMachine.java:takeSnapshot(310)) - group-74835FCD8D1D: Finished taking a snapshot at:(t:1, i:27) file:/home/runner/work/ozone/ozone/hadoop-ozone/integration-test/target/test-dir/MiniOzoneClusterImpl-737e1f92-2285-4928-9988-49e5ed44796c/datanode-1/data/ratis/e3cd99d6-7963-47db-823d-74835fcd8d1d/sm/snapshot.1_27 took: 10 ms
2021-12-29 13:36:17,086 [99a16189-74f8-4b13-a605-5015b61c9552@group-74835FCD8D1D-StateMachineUpdater] INFO  impl.StateMachineUpdater (StateMachineUpdater.java:takeSnapshot(281)) - 99a16189-74f8-4b13-a605-5015b61c9552@group-74835FCD8D1D-StateMachineUpdater: Took a snapshot at index 27
2021-12-29 13:36:17,086 [99a16189-74f8-4b13-a605-5015b61c9552@group-74835FCD8D1D-StateMachineUpdater] INFO  impl.StateMachineUpdater (StateMachineUpdater.java:lambda$new$0(89)) - 99a16189-74f8-4b13-a605-5015b61c9552@group-74835FCD8D1D-StateMachineUpdater: snapshotIndex: updateIncreasingly -1 -> 27
2021-12-29 13:36:17,090 [Listener at 127.0.0.1/45663] INFO  server.RaftServer$Division (ServerState.java:close(419)) - 99a16189-74f8-4b13-a605-5015b61c9552@group-74835FCD8D1D: closes. applyIndex: 27
2021-12-29 13:36:17,090 [99a16189-74f8-4b13-a605-5015b61c9552@group-74835FCD8D1D-FollowerState] INFO  impl.FollowerState (FollowerState.java:run(143)) - 99a16189-74f8-4b13-a605-5015b61c9552@group-74835FCD8D1D-FollowerState was interrupted: {}
java.lang.InterruptedException: sleep interrupted
	at java.lang.Thread.sleep(Native Method)
	at java.lang.Thread.sleep(Thread.java:340)
	at java.util.concurrent.TimeUnit.sleep(TimeUnit.java:386)
	at org.apache.ratis.util.TimeDuration.sleep(TimeDuration.java:324)
	at org.apache.ratis.util.TimeDuration.sleep(TimeDuration.java:309)
	at org.apache.ratis.server.impl.FollowerState.run(FollowerState.java:118)
2021-12-29 13:36:17,090 [99a16189-74f8-4b13-a605-5015b61c9552@group-74835FCD8D1D-SegmentedRaftLogWorker] INFO  segmented.SegmentedRaftLogWorker (SegmentedRaftLogWorker.java:run(327)) - 99a16189-74f8-4b13-a605-5015b61c9552@group-74835FCD8D1D-SegmentedRaftLogWorker was interrupted, exiting. There are 0 tasks remaining in the queue.
2021-12-29 13:36:17,091 [ForkJoinPool.commonPool-worker-0] INFO  impl.StateMachineUpdater (StateMachineUpdater.java:stopAndJoin(149)) - 0ef84bf0-d17c-4625-b8c2-731f6595eebb@group-74835FCD8D1D-StateMachineUpdater: set stopIndex = 27
2021-12-29 13:36:17,091 [0ef84bf0-d17c-4625-b8c2-731f6595eebb@group-74835FCD8D1D-StateMachineUpdater] INFO  ratis.ContainerStateMachine (ContainerStateMachine.java:takeSnapshot(299)) - group-74835FCD8D1D: Taking a snapshot at:(t:1, i:27) file /home/runner/work/ozone/ozone/hadoop-ozone/integration-test/target/test-dir/MiniOzoneClusterImpl-737e1f92-2285-4928-9988-49e5ed44796c/datanode-0/data/ratis/e3cd99d6-7963-47db-823d-74835fcd8d1d/sm/snapshot.1_27
2021-12-29 13:36:17,094 [Listener at 127.0.0.1/45663] INFO  segmented.SegmentedRaftLogWorker (SegmentedRaftLogWorker.java:close(237)) - 99a16189-74f8-4b13-a605-5015b61c9552@group-74835FCD8D1D-SegmentedRaftLogWorker close()
2021-12-29 13:36:17,094 [grpc-default-executor-4] INFO  server.GrpcServerProtocolService (GrpcServerProtocolService.java:onCompleted(140)) - 0ad59154-138e-46f9-ac1d-bdf4965642c6: Completed APPEND_ENTRIES, lastRequest: 0ef84bf0-d17c-4625-b8c2-731f6595eebb->0ad59154-138e-46f9-ac1d-bdf4965642c6#304-t1,previous=(t:1, i:26),leaderCommit=25,initializing? true,entries: size=1, first=(t:1, i:27), METADATAENTRY(c:25)
2021-12-29 13:36:17,095 [grpc-default-executor-1] INFO  server.GrpcLogAppender (GrpcLogAppender.java:onCompleted(346)) - 0ef84bf0-d17c-4625-b8c2-731f6595eebb@group-74835FCD8D1D->0ad59154-138e-46f9-ac1d-bdf4965642c6-AppendLogResponseHandler: follower responses appendEntries COMPLETED
2021-12-29 13:36:17,095 [grpc-default-executor-1] INFO  leader.FollowerInfo (FollowerInfoImpl.java:lambda$new$0(47)) - 0ef84bf0-d17c-4625-b8c2-731f6595eebb@group-74835FCD8D1D->0ad59154-138e-46f9-ac1d-bdf4965642c6: nextIndex: updateUnconditionally 28 -> 27
2021-12-29 13:36:17,096 [Listener at 127.0.0.1/45663] INFO  server.GrpcService (GrpcService.java:closeImpl(262)) - 99a16189-74f8-4b13-a605-5015b61c9552: shutdown server with port 43875 now
2021-12-29 13:36:17,098 [0ef84bf0-d17c-4625-b8c2-731f6595eebb@group-74835FCD8D1D-StateMachineUpdater] INFO  ratis.ContainerStateMachine (ContainerStateMachine.java:takeSnapshot(310)) - group-74835FCD8D1D: Finished taking a snapshot at:(t:1, i:27) file:/home/runner/work/ozone/ozone/hadoop-ozone/integration-test/target/test-dir/MiniOzoneClusterImpl-737e1f92-2285-4928-9988-49e5ed44796c/datanode-0/data/ratis/e3cd99d6-7963-47db-823d-74835fcd8d1d/sm/snapshot.1_27 took: 7 ms
2021-12-29 13:36:17,099 [0ef84bf0-d17c-4625-b8c2-731f6595eebb@group-74835FCD8D1D-StateMachineUpdater] INFO  impl.StateMachineUpdater (StateMachineUpdater.java:takeSnapshot(281)) - 0ef84bf0-d17c-4625-b8c2-731f6595eebb@group-74835FCD8D1D-StateMachineUpdater: Took a snapshot at index 27
2021-12-29 13:36:17,099 [0ef84bf0-d17c-4625-b8c2-731f6595eebb@group-74835FCD8D1D-StateMachineUpdater] INFO  impl.StateMachineUpdater (StateMachineUpdater.java:lambda$new$0(89)) - 0ef84bf0-d17c-4625-b8c2-731f6595eebb@group-74835FCD8D1D-StateMachineUpdater: snapshotIndex: updateIncreasingly -1 -> 27
2021-12-29 13:36:17,099 [ForkJoinPool.commonPool-worker-0] INFO  server.RaftServer$Division (ServerState.java:close(419)) - 0ef84bf0-d17c-4625-b8c2-731f6595eebb@group-74835FCD8D1D: closes. applyIndex: 27
2021-12-29 13:36:17,099 [0ef84bf0-d17c-4625-b8c2-731f6595eebb@group-74835FCD8D1D-SegmentedRaftLogWorker] INFO  segmented.SegmentedRaftLogWorker (SegmentedRaftLogWorker.java:run(327)) - 0ef84bf0-d17c-4625-b8c2-731f6595eebb@group-74835FCD8D1D-SegmentedRaftLogWorker was interrupted, exiting. There are 0 tasks remaining in the queue.
2021-12-29 13:36:17,099 [ForkJoinPool.commonPool-worker-0] INFO  segmented.SegmentedRaftLogWorker (SegmentedRaftLogWorker.java:close(237)) - 0ef84bf0-d17c-4625-b8c2-731f6595eebb@group-74835FCD8D1D-SegmentedRaftLogWorker close()
2021-12-29 13:36:17,101 [ForkJoinPool.commonPool-worker-0] INFO  server.GrpcService (GrpcService.java:closeImpl(262)) - 0ef84bf0-d17c-4625-b8c2-731f6595eebb: shutdown server with port 38489 now
2021-12-29 13:36:17,110 [grpc-default-executor-1] WARN  client.GrpcClientProtocolService (LogUtils.java:warn(122)) - 1-UnorderedRequestStreamObserver1: onError: org.apache.ratis.thirdparty.io.grpc.StatusRuntimeException: CANCELLED: client cancelled
2021-12-29 13:36:17,113 [Listener at 127.0.0.1/45663] INFO  server.GrpcService (GrpcService.java:closeImpl(271)) - 99a16189-74f8-4b13-a605-5015b61c9552: shutdown server with port 43875 successfully
2021-12-29 13:36:17,114 [org.apache.ratis.util.JvmPauseMonitor$$Lambda$528/1712405372@3364843] INFO  util.JvmPauseMonitor (JvmPauseMonitor.java:run(109)) - JvmPauseMonitor-99a16189-74f8-4b13-a605-5015b61c9552: Stopped
2021-12-29 13:36:17,122 [ForkJoinPool.commonPool-worker-0] INFO  server.GrpcService (GrpcService.java:closeImpl(271)) - 0ef84bf0-d17c-4625-b8c2-731f6595eebb: shutdown server with port 38489 successfully
2021-12-29 13:36:17,122 [org.apache.ratis.util.JvmPauseMonitor$$Lambda$528/1712405372@2c464c04] INFO  util.JvmPauseMonitor (JvmPauseMonitor.java:run(109)) - JvmPauseMonitor-0ef84bf0-d17c-4625-b8c2-731f6595eebb: Stopped
2021-12-29 13:36:19,150 [Listener at 127.0.0.1/45663] INFO  utils.BackgroundService (BackgroundService.java:shutdown(132)) - Shutting down service BlockDeletingService
2021-12-29 13:36:19,153 [ForkJoinPool.commonPool-worker-0] INFO  utils.BackgroundService (BackgroundService.java:shutdown(132)) - Shutting down service BlockDeletingService
2021-12-29 13:36:22,157 [ForkJoinPool.commonPool-worker-0] INFO  statemachine.DatanodeStateMachine (DatanodeStateMachine.java:stopDaemon(526)) - Ozone container server stopped.
2021-12-29 13:36:22,159 [Listener at 127.0.0.1/45663] INFO  statemachine.DatanodeStateMachine (DatanodeStateMachine.java:stopDaemon(526)) - Ozone container server stopped.
2021-12-29 13:36:22,161 [ForkJoinPool.commonPool-worker-0] INFO  handler.ContextHandler (ContextHandler.java:doStop(1153)) - Stopped o.e.j.w.WebAppContext@5e55c959{hddsDatanode,/,null,STOPPED}{jar:file:/home/runner/.m2/repository/org/apache/ozone/hdds-container-service/1.3.0-SNAPSHOT/hdds-container-service-1.3.0-SNAPSHOT.jar!/webapps/hddsDatanode}
2021-12-29 13:36:22,162 [ForkJoinPool.commonPool-worker-0] INFO  server.AbstractConnector (AbstractConnector.java:doStop(381)) - Stopped ServerConnector@4d42465e{HTTP/1.1, (http/1.1)}{0.0.0.0:0}
2021-12-29 13:36:22,162 [ForkJoinPool.commonPool-worker-0] INFO  server.session (HouseKeeper.java:stopScavenging(149)) - node0 Stopped scavenging
2021-12-29 13:36:22,166 [ForkJoinPool.commonPool-worker-0] INFO  handler.ContextHandler (ContextHandler.java:doStop(1153)) - Stopped o.e.j.s.ServletContextHandler@130b5564{static,/static,jar:file:/home/runner/.m2/repository/org/apache/ozone/hdds-container-service/1.3.0-SNAPSHOT/hdds-container-service-1.3.0-SNAPSHOT.jar!/webapps/static,STOPPED}
2021-12-29 13:36:22,170 [ForkJoinPool.commonPool-worker-0] INFO  handler.ContextHandler (ContextHandler.java:doStop(1153)) - Stopped o.e.j.s.ServletContextHandler@6b714533{logs,/logs,file:///home/runner/work/ozone/ozone/hadoop-ozone/integration-test/target/log,STOPPED}
2021-12-29 13:36:22,182 [Listener at 127.0.0.1/45663] INFO  handler.ContextHandler (ContextHandler.java:doStop(1153)) - Stopped o.e.j.w.WebAppContext@19f52861{hddsDatanode,/,null,STOPPED}{jar:file:/home/runner/.m2/repository/org/apache/ozone/hdds-container-service/1.3.0-SNAPSHOT/hdds-container-service-1.3.0-SNAPSHOT.jar!/webapps/hddsDatanode}
2021-12-29 13:36:22,184 [Listener at 127.0.0.1/45663] INFO  server.AbstractConnector (AbstractConnector.java:doStop(381)) - Stopped ServerConnector@43d21ec0{HTTP/1.1, (http/1.1)}{0.0.0.0:0}
2021-12-29 13:36:22,184 [Listener at 127.0.0.1/45663] INFO  server.session (HouseKeeper.java:stopScavenging(149)) - node0 Stopped scavenging
2021-12-29 13:36:22,184 [Listener at 127.0.0.1/45663] INFO  handler.ContextHandler (ContextHandler.java:doStop(1153)) - Stopped o.e.j.s.ServletContextHandler@d59f195{static,/static,jar:file:/home/runner/.m2/repository/org/apache/ozone/hdds-container-service/1.3.0-SNAPSHOT/hdds-container-service-1.3.0-SNAPSHOT.jar!/webapps/static,STOPPED}
2021-12-29 13:36:22,185 [Listener at 127.0.0.1/45663] INFO  handler.ContextHandler (ContextHandler.java:doStop(1153)) - Stopped o.e.j.s.ServletContextHandler@66102db6{logs,/logs,file:///home/runner/work/ozone/ozone/hadoop-ozone/integration-test/target/log,STOPPED}
2021-12-29 13:36:24,582 [0ad59154-138e-46f9-ac1d-bdf4965642c6@group-74835FCD8D1D-FollowerState] INFO  impl.FollowerState (FollowerState.java:run(134)) - 0ad59154-138e-46f9-ac1d-bdf4965642c6@group-74835FCD8D1D-FollowerState: change to CANDIDATE, lastRpcElapsedTime:9204704183ns, electionTimeout:5120ms
2021-12-29 13:36:24,582 [0ad59154-138e-46f9-ac1d-bdf4965642c6@group-74835FCD8D1D-FollowerState] INFO  impl.RoleInfo (RoleInfo.java:shutdownFollowerState(108)) - 0ad59154-138e-46f9-ac1d-bdf4965642c6: shutdown 0ad59154-138e-46f9-ac1d-bdf4965642c6@group-74835FCD8D1D-FollowerState
2021-12-29 13:36:24,582 [0ad59154-138e-46f9-ac1d-bdf4965642c6@group-74835FCD8D1D-FollowerState] INFO  server.RaftServer$Division (RaftServerImpl.java:setRole(290)) - 0ad59154-138e-46f9-ac1d-bdf4965642c6@group-74835FCD8D1D: changes role from  FOLLOWER to CANDIDATE at term 1 for changeToCandidate
2021-12-29 13:36:24,582 [0ad59154-138e-46f9-ac1d-bdf4965642c6@group-74835FCD8D1D-FollowerState] INFO  server.RaftServerConfigKeys (ConfUtils.java:logGet(44)) - raft.server.leaderelection.pre-vote = false (custom)
2021-12-29 13:36:24,582 [0ad59154-138e-46f9-ac1d-bdf4965642c6@group-74835FCD8D1D-FollowerState] INFO  impl.RoleInfo (RoleInfo.java:updateAndGet(130)) - 0ad59154-138e-46f9-ac1d-bdf4965642c6: start 0ad59154-138e-46f9-ac1d-bdf4965642c6@group-74835FCD8D1D-LeaderElection39
2021-12-29 13:36:24,599 [0ad59154-138e-46f9-ac1d-bdf4965642c6@group-74835FCD8D1D-LeaderElection39] INFO  server.RaftServer$Division (ServerState.java:setLeader(285)) - 0ad59154-138e-46f9-ac1d-bdf4965642c6@group-74835FCD8D1D: change Leader from 0ef84bf0-d17c-4625-b8c2-731f6595eebb to null at term 1 for ELECTION
2021-12-29 13:36:24,601 [0ad59154-138e-46f9-ac1d-bdf4965642c6@group-74835FCD8D1D-LeaderElection39] INFO  impl.LeaderElection (LeaderElection.java:askForVotes(306)) - 0ad59154-138e-46f9-ac1d-bdf4965642c6@group-74835FCD8D1D-LeaderElection39 ELECTION round 0: submit vote requests at term 2 for 0: [99a16189-74f8-4b13-a605-5015b61c9552|rpc:10.1.0.26:43875|dataStream:|priority:0, 0ad59154-138e-46f9-ac1d-bdf4965642c6|rpc:10.1.0.26:39093|dataStream:|priority:0, 0ef84bf0-d17c-4625-b8c2-731f6595eebb|rpc:10.1.0.26:38489|dataStream:|priority:1], old=null
2021-12-29 13:36:24,628 [0ad59154-138e-46f9-ac1d-bdf4965642c6@group-74835FCD8D1D-LeaderElection39] INFO  impl.LeaderElection (LogUtils.java:infoOrTrace(137)) - 0ad59154-138e-46f9-ac1d-bdf4965642c6@group-74835FCD8D1D-LeaderElection39 got exception when requesting votes: java.util.concurrent.ExecutionException: org.apache.ratis.thirdparty.io.grpc.StatusRuntimeException: UNAVAILABLE: io exception
2021-12-29 13:36:24,638 [0ad59154-138e-46f9-ac1d-bdf4965642c6@group-74835FCD8D1D-LeaderElection39] INFO  impl.LeaderElection (LogUtils.java:infoOrTrace(137)) - 0ad59154-138e-46f9-ac1d-bdf4965642c6@group-74835FCD8D1D-LeaderElection39 got exception when requesting votes: java.util.concurrent.ExecutionException: org.apache.ratis.thirdparty.io.grpc.StatusRuntimeException: UNAVAILABLE: io exception
2021-12-29 13:36:24,638 [0ad59154-138e-46f9-ac1d-bdf4965642c6@group-74835FCD8D1D-LeaderElection39] INFO  impl.LeaderElection (LeaderElection.java:logAndReturn(89)) - 0ad59154-138e-46f9-ac1d-bdf4965642c6@group-74835FCD8D1D-LeaderElection39: ELECTION REJECTED received 0 response(s) and 2 exception(s):
2021-12-29 13:36:24,638 [0ad59154-138e-46f9-ac1d-bdf4965642c6@group-74835FCD8D1D-LeaderElection39] INFO  impl.LeaderElection (LogUtils.java:infoOrTrace(137)) -   Exception 0: java.util.concurrent.ExecutionException: org.apache.ratis.thirdparty.io.grpc.StatusRuntimeException: UNAVAILABLE: io exception
2021-12-29 13:36:24,638 [0ad59154-138e-46f9-ac1d-bdf4965642c6@group-74835FCD8D1D-LeaderElection39] INFO  impl.LeaderElection (LogUtils.java:infoOrTrace(137)) -   Exception 1: java.util.concurrent.ExecutionException: org.apache.ratis.thirdparty.io.grpc.StatusRuntimeException: UNAVAILABLE: io exception
2021-12-29 13:36:24,638 [0ad59154-138e-46f9-ac1d-bdf4965642c6@group-74835FCD8D1D-LeaderElection39] INFO  impl.LeaderElection (LeaderElection.java:askForVotes(308)) - 0ad59154-138e-46f9-ac1d-bdf4965642c6@group-74835FCD8D1D-LeaderElection39 ELECTION round 0: result REJECTED
2021-12-29 13:36:24,638 [0ad59154-138e-46f9-ac1d-bdf4965642c6@group-74835FCD8D1D-LeaderElection39] INFO  server.RaftServer$Division (RaftServerImpl.java:setRole(290)) - 0ad59154-138e-46f9-ac1d-bdf4965642c6@group-74835FCD8D1D: changes role from CANDIDATE to FOLLOWER at term 2 for REJECTED
2021-12-29 13:36:24,638 [0ad59154-138e-46f9-ac1d-bdf4965642c6@group-74835FCD8D1D-LeaderElection39] INFO  impl.RoleInfo (RoleInfo.java:shutdownLeaderElection(121)) - 0ad59154-138e-46f9-ac1d-bdf4965642c6: shutdown 0ad59154-138e-46f9-ac1d-bdf4965642c6@group-74835FCD8D1D-LeaderElection39
2021-12-29 13:36:24,638 [0ad59154-138e-46f9-ac1d-bdf4965642c6@group-74835FCD8D1D-LeaderElection39] INFO  impl.RoleInfo (RoleInfo.java:updateAndGet(130)) - 0ad59154-138e-46f9-ac1d-bdf4965642c6: start 0ad59154-138e-46f9-ac1d-bdf4965642c6@group-74835FCD8D1D-FollowerState
2021-12-29 13:36:24,867 [0ad59154-138e-46f9-ac1d-bdf4965642c6@group-6E76E560AD91-FollowerState] INFO  impl.FollowerState (FollowerState.java:run(134)) - 0ad59154-138e-46f9-ac1d-bdf4965642c6@group-6E76E560AD91-FollowerState: change to CANDIDATE, lastRpcElapsedTime:9985741607ns, electionTimeout:5096ms
2021-12-29 13:36:24,867 [0ad59154-138e-46f9-ac1d-bdf4965642c6@group-6E76E560AD91-FollowerState] INFO  impl.RoleInfo (RoleInfo.java:shutdownFollowerState(108)) - 0ad59154-138e-46f9-ac1d-bdf4965642c6: shutdown 0ad59154-138e-46f9-ac1d-bdf4965642c6@group-6E76E560AD91-FollowerState
2021-12-29 13:36:24,867 [0ad59154-138e-46f9-ac1d-bdf4965642c6@group-6E76E560AD91-FollowerState] INFO  server.RaftServer$Division (RaftServerImpl.java:setRole(290)) - 0ad59154-138e-46f9-ac1d-bdf4965642c6@group-6E76E560AD91: changes role from  FOLLOWER to CANDIDATE at term 3 for changeToCandidate
2021-12-29 13:36:24,867 [0ad59154-138e-46f9-ac1d-bdf4965642c6@group-6E76E560AD91-FollowerState] INFO  server.RaftServerConfigKeys (ConfUtils.java:logGet(44)) - raft.server.leaderelection.pre-vote = false (custom)
2021-12-29 13:36:24,868 [0ad59154-138e-46f9-ac1d-bdf4965642c6@group-6E76E560AD91-FollowerState] INFO  impl.RoleInfo (RoleInfo.java:updateAndGet(130)) - 0ad59154-138e-46f9-ac1d-bdf4965642c6: start 0ad59154-138e-46f9-ac1d-bdf4965642c6@group-6E76E560AD91-LeaderElection40
2021-12-29 13:36:24,881 [0ad59154-138e-46f9-ac1d-bdf4965642c6@group-6E76E560AD91-LeaderElection40] INFO  server.RaftServer$Division (ServerState.java:setLeader(285)) - 0ad59154-138e-46f9-ac1d-bdf4965642c6@group-6E76E560AD91: change Leader from 99a16189-74f8-4b13-a605-5015b61c9552 to null at term 3 for ELECTION
2021-12-29 13:36:24,883 [0ad59154-138e-46f9-ac1d-bdf4965642c6@group-6E76E560AD91-LeaderElection40] INFO  impl.LeaderElection (LeaderElection.java:askForVotes(306)) - 0ad59154-138e-46f9-ac1d-bdf4965642c6@group-6E76E560AD91-LeaderElection40 ELECTION round 0: submit vote requests at term 4 for 0: [99a16189-74f8-4b13-a605-5015b61c9552|rpc:10.1.0.26:43875|dataStream:|priority:1, 0ad59154-138e-46f9-ac1d-bdf4965642c6|rpc:10.1.0.26:39093|dataStream:|priority:0, 0ef84bf0-d17c-4625-b8c2-731f6595eebb|rpc:10.1.0.26:38489|dataStream:|priority:0], old=null
2021-12-29 13:36:24,909 [0ad59154-138e-46f9-ac1d-bdf4965642c6@group-6E76E560AD91-LeaderElection40] INFO  impl.LeaderElection (LogUtils.java:infoOrTrace(137)) - 0ad59154-138e-46f9-ac1d-bdf4965642c6@group-6E76E560AD91-LeaderElection40 got exception when requesting votes: java.util.concurrent.ExecutionException: org.apache.ratis.thirdparty.io.grpc.StatusRuntimeException: UNAVAILABLE: io exception
2021-12-29 13:36:24,910 [0ad59154-138e-46f9-ac1d-bdf4965642c6@group-6E76E560AD91-LeaderElection40] INFO  impl.LeaderElection (LogUtils.java:infoOrTrace(137)) - 0ad59154-138e-46f9-ac1d-bdf4965642c6@group-6E76E560AD91-LeaderElection40 got exception when requesting votes: java.util.concurrent.ExecutionException: org.apache.ratis.thirdparty.io.grpc.StatusRuntimeException: UNAVAILABLE: io exception
2021-12-29 13:36:24,910 [0ad59154-138e-46f9-ac1d-bdf4965642c6@group-6E76E560AD91-LeaderElection40] INFO  impl.LeaderElection (LeaderElection.java:logAndReturn(89)) - 0ad59154-138e-46f9-ac1d-bdf4965642c6@group-6E76E560AD91-LeaderElection40: ELECTION REJECTED received 0 response(s) and 2 exception(s):
2021-12-29 13:36:24,910 [0ad59154-138e-46f9-ac1d-bdf4965642c6@group-6E76E560AD91-LeaderElection40] INFO  impl.LeaderElection (LogUtils.java:infoOrTrace(137)) -   Exception 0: java.util.concurrent.ExecutionException: org.apache.ratis.thirdparty.io.grpc.StatusRuntimeException: UNAVAILABLE: io exception
2021-12-29 13:36:24,910 [0ad59154-138e-46f9-ac1d-bdf4965642c6@group-6E76E560AD91-LeaderElection40] INFO  impl.LeaderElection (LogUtils.java:infoOrTrace(137)) -   Exception 1: java.util.concurrent.ExecutionException: org.apache.ratis.thirdparty.io.grpc.StatusRuntimeException: UNAVAILABLE: io exception
2021-12-29 13:36:24,910 [0ad59154-138e-46f9-ac1d-bdf4965642c6@group-6E76E560AD91-LeaderElection40] INFO  impl.LeaderElection (LeaderElection.java:askForVotes(308)) - 0ad59154-138e-46f9-ac1d-bdf4965642c6@group-6E76E560AD91-LeaderElection40 ELECTION round 0: result REJECTED
2021-12-29 13:36:24,910 [0ad59154-138e-46f9-ac1d-bdf4965642c6@group-6E76E560AD91-LeaderElection40] INFO  server.RaftServer$Division (RaftServerImpl.java:setRole(290)) - 0ad59154-138e-46f9-ac1d-bdf4965642c6@group-6E76E560AD91: changes role from CANDIDATE to FOLLOWER at term 4 for REJECTED
2021-12-29 13:36:24,910 [0ad59154-138e-46f9-ac1d-bdf4965642c6@group-6E76E560AD91-LeaderElection40] INFO  impl.RoleInfo (RoleInfo.java:shutdownLeaderElection(121)) - 0ad59154-138e-46f9-ac1d-bdf4965642c6: shutdown 0ad59154-138e-46f9-ac1d-bdf4965642c6@group-6E76E560AD91-LeaderElection40
2021-12-29 13:36:24,910 [0ad59154-138e-46f9-ac1d-bdf4965642c6@group-6E76E560AD91-LeaderElection40] INFO  impl.RoleInfo (RoleInfo.java:updateAndGet(130)) - 0ad59154-138e-46f9-ac1d-bdf4965642c6: start 0ad59154-138e-46f9-ac1d-bdf4965642c6@group-6E76E560AD91-FollowerState
2021-12-29 13:36:27,175 [ForkJoinPool.commonPool-worker-0] INFO  ozoneimpl.OzoneContainer (OzoneContainer.java:stop(336)) - Attempting to stop container services.
2021-12-29 13:36:27,176 [ForkJoinPool.commonPool-worker-0] INFO  server.RaftServer (RaftServerProxy.java:lambda$close$6(391)) - 0ad59154-138e-46f9-ac1d-bdf4965642c6: close
2021-12-29 13:36:27,176 [ForkJoinPool.commonPool-worker-0] INFO  server.RaftServer$Division (RaftServerImpl.java:lambda$close$4(412)) - 0ad59154-138e-46f9-ac1d-bdf4965642c6@group-6B2780752551: shutdown
2021-12-29 13:36:27,176 [ForkJoinPool.commonPool-worker-0] INFO  util.JmxRegister (JmxRegister.java:unregister(73)) - Successfully un-registered JMX Bean with object name Ratis:service=RaftServer,group=group-6B2780752551,id=0ad59154-138e-46f9-ac1d-bdf4965642c6
2021-12-29 13:36:27,176 [ForkJoinPool.commonPool-worker-0] INFO  impl.RoleInfo (RoleInfo.java:shutdownLeaderState(91)) - 0ad59154-138e-46f9-ac1d-bdf4965642c6: shutdown 0ad59154-138e-46f9-ac1d-bdf4965642c6@group-6B2780752551-LeaderStateImpl
2021-12-29 13:36:27,177 [ForkJoinPool.commonPool-worker-0] INFO  impl.PendingRequests (PendingRequests.java:sendNotLeaderResponses(282)) - 0ad59154-138e-46f9-ac1d-bdf4965642c6@group-6B2780752551-PendingRequests: sendNotLeaderResponses
2021-12-29 13:36:27,177 [ForkJoinPool.commonPool-worker-0] INFO  impl.StateMachineUpdater (StateMachineUpdater.java:stopAndJoin(149)) - 0ad59154-138e-46f9-ac1d-bdf4965642c6@group-6B2780752551-StateMachineUpdater: set stopIndex = 0
2021-12-29 13:36:27,177 [0ad59154-138e-46f9-ac1d-bdf4965642c6@group-6B2780752551-StateMachineUpdater] INFO  ratis.ContainerStateMachine (ContainerStateMachine.java:takeSnapshot(299)) - group-6B2780752551: Taking a snapshot at:(t:1, i:0) file /home/runner/work/ozone/ozone/hadoop-ozone/integration-test/target/test-dir/MiniOzoneClusterImpl-737e1f92-2285-4928-9988-49e5ed44796c/datanode-2/data/ratis/63daa05e-fd94-4085-8d47-6b2780752551/sm/snapshot.1_0
2021-12-29 13:36:27,179 [0ad59154-138e-46f9-ac1d-bdf4965642c6@group-6B2780752551-StateMachineUpdater] INFO  ratis.ContainerStateMachine (ContainerStateMachine.java:takeSnapshot(310)) - group-6B2780752551: Finished taking a snapshot at:(t:1, i:0) file:/home/runner/work/ozone/ozone/hadoop-ozone/integration-test/target/test-dir/MiniOzoneClusterImpl-737e1f92-2285-4928-9988-49e5ed44796c/datanode-2/data/ratis/63daa05e-fd94-4085-8d47-6b2780752551/sm/snapshot.1_0 took: 1 ms
2021-12-29 13:36:27,179 [0ad59154-138e-46f9-ac1d-bdf4965642c6@group-6B2780752551-StateMachineUpdater] INFO  impl.StateMachineUpdater (StateMachineUpdater.java:takeSnapshot(281)) - 0ad59154-138e-46f9-ac1d-bdf4965642c6@group-6B2780752551-StateMachineUpdater: Took a snapshot at index 0
2021-12-29 13:36:27,179 [0ad59154-138e-46f9-ac1d-bdf4965642c6@group-6B2780752551-StateMachineUpdater] INFO  impl.StateMachineUpdater (StateMachineUpdater.java:lambda$new$0(89)) - 0ad59154-138e-46f9-ac1d-bdf4965642c6@group-6B2780752551-StateMachineUpdater: snapshotIndex: updateIncreasingly -1 -> 0
2021-12-29 13:36:27,179 [ForkJoinPool.commonPool-worker-0] INFO  server.RaftServer$Division (ServerState.java:close(419)) - 0ad59154-138e-46f9-ac1d-bdf4965642c6@group-6B2780752551: closes. applyIndex: 0
2021-12-29 13:36:27,179 [0ad59154-138e-46f9-ac1d-bdf4965642c6@group-6B2780752551-SegmentedRaftLogWorker] INFO  segmented.SegmentedRaftLogWorker (SegmentedRaftLogWorker.java:run(327)) - 0ad59154-138e-46f9-ac1d-bdf4965642c6@group-6B2780752551-SegmentedRaftLogWorker was interrupted, exiting. There are 0 tasks remaining in the queue.
2021-12-29 13:36:27,180 [ForkJoinPool.commonPool-worker-0] INFO  segmented.SegmentedRaftLogWorker (SegmentedRaftLogWorker.java:close(237)) - 0ad59154-138e-46f9-ac1d-bdf4965642c6@group-6B2780752551-SegmentedRaftLogWorker close()
2021-12-29 13:36:27,181 [ForkJoinPool.commonPool-worker-0] INFO  server.RaftServer$Division (RaftServerImpl.java:lambda$close$4(412)) - 0ad59154-138e-46f9-ac1d-bdf4965642c6@group-6E76E560AD91: shutdown
2021-12-29 13:36:27,181 [ForkJoinPool.commonPool-worker-0] INFO  util.JmxRegister (JmxRegister.java:unregister(73)) - Successfully un-registered JMX Bean with object name Ratis:service=RaftServer,group=group-6E76E560AD91,id=0ad59154-138e-46f9-ac1d-bdf4965642c6
2021-12-29 13:36:27,181 [ForkJoinPool.commonPool-worker-0] INFO  impl.RoleInfo (RoleInfo.java:shutdownFollowerState(108)) - 0ad59154-138e-46f9-ac1d-bdf4965642c6: shutdown 0ad59154-138e-46f9-ac1d-bdf4965642c6@group-6E76E560AD91-FollowerState
2021-12-29 13:36:27,181 [0ad59154-138e-46f9-ac1d-bdf4965642c6@group-6E76E560AD91-FollowerState] INFO  impl.FollowerState (FollowerState.java:run(143)) - 0ad59154-138e-46f9-ac1d-bdf4965642c6@group-6E76E560AD91-FollowerState was interrupted: {}
java.lang.InterruptedException: sleep interrupted
	at java.lang.Thread.sleep(Native Method)
	at java.lang.Thread.sleep(Thread.java:340)
	at java.util.concurrent.TimeUnit.sleep(TimeUnit.java:386)
	at org.apache.ratis.util.TimeDuration.sleep(TimeDuration.java:324)
	at org.apache.ratis.util.TimeDuration.sleep(TimeDuration.java:309)
	at org.apache.ratis.server.impl.FollowerState.run(FollowerState.java:118)
2021-12-29 13:36:27,181 [ForkJoinPool.commonPool-worker-0] INFO  impl.StateMachineUpdater (StateMachineUpdater.java:stopAndJoin(149)) - 0ad59154-138e-46f9-ac1d-bdf4965642c6@group-6E76E560AD91-StateMachineUpdater: set stopIndex = 0
2021-12-29 13:36:27,182 [0ad59154-138e-46f9-ac1d-bdf4965642c6@group-6E76E560AD91-StateMachineUpdater] INFO  ratis.ContainerStateMachine (ContainerStateMachine.java:takeSnapshot(299)) - group-6E76E560AD91: Taking a snapshot at:(t:3, i:0) file /home/runner/work/ozone/ozone/hadoop-ozone/integration-test/target/test-dir/MiniOzoneClusterImpl-737e1f92-2285-4928-9988-49e5ed44796c/datanode-2/data/ratis/ae8c5ea6-dcdc-4c55-98dd-6e76e560ad91/sm/snapshot.3_0
2021-12-29 13:36:27,183 [0ad59154-138e-46f9-ac1d-bdf4965642c6@group-6E76E560AD91-StateMachineUpdater] INFO  ratis.ContainerStateMachine (ContainerStateMachine.java:takeSnapshot(310)) - group-6E76E560AD91: Finished taking a snapshot at:(t:3, i:0) file:/home/runner/work/ozone/ozone/hadoop-ozone/integration-test/target/test-dir/MiniOzoneClusterImpl-737e1f92-2285-4928-9988-49e5ed44796c/datanode-2/data/ratis/ae8c5ea6-dcdc-4c55-98dd-6e76e560ad91/sm/snapshot.3_0 took: 2 ms
2021-12-29 13:36:27,183 [0ad59154-138e-46f9-ac1d-bdf4965642c6@group-6E76E560AD91-StateMachineUpdater] INFO  impl.StateMachineUpdater (StateMachineUpdater.java:takeSnapshot(281)) - 0ad59154-138e-46f9-ac1d-bdf4965642c6@group-6E76E560AD91-StateMachineUpdater: Took a snapshot at index 0
2021-12-29 13:36:27,183 [0ad59154-138e-46f9-ac1d-bdf4965642c6@group-6E76E560AD91-StateMachineUpdater] INFO  impl.StateMachineUpdater (StateMachineUpdater.java:lambda$new$0(89)) - 0ad59154-138e-46f9-ac1d-bdf4965642c6@group-6E76E560AD91-StateMachineUpdater: snapshotIndex: updateIncreasingly -1 -> 0
2021-12-29 13:36:27,183 [ForkJoinPool.commonPool-worker-0] INFO  server.RaftServer$Division (ServerState.java:close(419)) - 0ad59154-138e-46f9-ac1d-bdf4965642c6@group-6E76E560AD91: closes. applyIndex: 0
2021-12-29 13:36:27,184 [0ad59154-138e-46f9-ac1d-bdf4965642c6@group-6E76E560AD91-SegmentedRaftLogWorker] INFO  segmented.SegmentedRaftLogWorker (SegmentedRaftLogWorker.java:run(327)) - 0ad59154-138e-46f9-ac1d-bdf4965642c6@group-6E76E560AD91-SegmentedRaftLogWorker was interrupted, exiting. There are 0 tasks remaining in the queue.
2021-12-29 13:36:27,184 [ForkJoinPool.commonPool-worker-0] INFO  segmented.SegmentedRaftLogWorker (SegmentedRaftLogWorker.java:close(237)) - 0ad59154-138e-46f9-ac1d-bdf4965642c6@group-6E76E560AD91-SegmentedRaftLogWorker close()
2021-12-29 13:36:27,185 [ForkJoinPool.commonPool-worker-0] INFO  server.RaftServer$Division (RaftServerImpl.java:lambda$close$4(412)) - 0ad59154-138e-46f9-ac1d-bdf4965642c6@group-74835FCD8D1D: shutdown
2021-12-29 13:36:27,185 [ForkJoinPool.commonPool-worker-0] INFO  util.JmxRegister (JmxRegister.java:unregister(73)) - Successfully un-registered JMX Bean with object name Ratis:service=RaftServer,group=group-74835FCD8D1D,id=0ad59154-138e-46f9-ac1d-bdf4965642c6
2021-12-29 13:36:27,185 [ForkJoinPool.commonPool-worker-0] INFO  impl.RoleInfo (RoleInfo.java:shutdownFollowerState(108)) - 0ad59154-138e-46f9-ac1d-bdf4965642c6: shutdown 0ad59154-138e-46f9-ac1d-bdf4965642c6@group-74835FCD8D1D-FollowerState
2021-12-29 13:36:27,185 [0ad59154-138e-46f9-ac1d-bdf4965642c6@group-74835FCD8D1D-FollowerState] INFO  impl.FollowerState (FollowerState.java:run(143)) - 0ad59154-138e-46f9-ac1d-bdf4965642c6@group-74835FCD8D1D-FollowerState was interrupted: {}
java.lang.InterruptedException: sleep interrupted
	at java.lang.Thread.sleep(Native Method)
	at java.lang.Thread.sleep(Thread.java:340)
	at java.util.concurrent.TimeUnit.sleep(TimeUnit.java:386)
	at org.apache.ratis.util.TimeDuration.sleep(TimeDuration.java:324)
	at org.apache.ratis.util.TimeDuration.sleep(TimeDuration.java:309)
	at org.apache.ratis.server.impl.FollowerState.run(FollowerState.java:118)
2021-12-29 13:36:27,185 [0ad59154-138e-46f9-ac1d-bdf4965642c6@group-74835FCD8D1D-StateMachineUpdater] INFO  ratis.ContainerStateMachine (ContainerStateMachine.java:takeSnapshot(299)) - group-74835FCD8D1D: Taking a snapshot at:(t:1, i:27) file /home/runner/work/ozone/ozone/hadoop-ozone/integration-test/target/test-dir/MiniOzoneClusterImpl-737e1f92-2285-4928-9988-49e5ed44796c/datanode-2/data/ratis/e3cd99d6-7963-47db-823d-74835fcd8d1d/sm/snapshot.1_27
2021-12-29 13:36:27,192 [ForkJoinPool.commonPool-worker-0] INFO  impl.StateMachineUpdater (StateMachineUpdater.java:stopAndJoin(149)) - 0ad59154-138e-46f9-ac1d-bdf4965642c6@group-74835FCD8D1D-StateMachineUpdater: set stopIndex = 27
2021-12-29 13:36:27,193 [0ad59154-138e-46f9-ac1d-bdf4965642c6@group-74835FCD8D1D-StateMachineUpdater] INFO  ratis.ContainerStateMachine (ContainerStateMachine.java:takeSnapshot(310)) - group-74835FCD8D1D: Finished taking a snapshot at:(t:1, i:27) file:/home/runner/work/ozone/ozone/hadoop-ozone/integration-test/target/test-dir/MiniOzoneClusterImpl-737e1f92-2285-4928-9988-49e5ed44796c/datanode-2/data/ratis/e3cd99d6-7963-47db-823d-74835fcd8d1d/sm/snapshot.1_27 took: 7 ms
2021-12-29 13:36:27,193 [0ad59154-138e-46f9-ac1d-bdf4965642c6@group-74835FCD8D1D-StateMachineUpdater] INFO  impl.StateMachineUpdater (StateMachineUpdater.java:takeSnapshot(281)) - 0ad59154-138e-46f9-ac1d-bdf4965642c6@group-74835FCD8D1D-StateMachineUpdater: Took a snapshot at index 27
2021-12-29 13:36:27,193 [0ad59154-138e-46f9-ac1d-bdf4965642c6@group-74835FCD8D1D-StateMachineUpdater] INFO  impl.StateMachineUpdater (StateMachineUpdater.java:lambda$new$0(89)) - 0ad59154-138e-46f9-ac1d-bdf4965642c6@group-74835FCD8D1D-StateMachineUpdater: snapshotIndex: updateIncreasingly -1 -> 27
2021-12-29 13:36:27,193 [ForkJoinPool.commonPool-worker-0] INFO  server.RaftServer$Division (ServerState.java:close(419)) - 0ad59154-138e-46f9-ac1d-bdf4965642c6@group-74835FCD8D1D: closes. applyIndex: 27
2021-12-29 13:36:27,194 [0ad59154-138e-46f9-ac1d-bdf4965642c6@group-74835FCD8D1D-SegmentedRaftLogWorker] INFO  segmented.SegmentedRaftLogWorker (SegmentedRaftLogWorker.java:run(327)) - 0ad59154-138e-46f9-ac1d-bdf4965642c6@group-74835FCD8D1D-SegmentedRaftLogWorker was interrupted, exiting. There are 0 tasks remaining in the queue.
2021-12-29 13:36:27,194 [ForkJoinPool.commonPool-worker-0] INFO  segmented.SegmentedRaftLogWorker (SegmentedRaftLogWorker.java:close(237)) - 0ad59154-138e-46f9-ac1d-bdf4965642c6@group-74835FCD8D1D-SegmentedRaftLogWorker close()
2021-12-29 13:36:27,194 [ForkJoinPool.commonPool-worker-0] INFO  server.GrpcService (GrpcService.java:closeImpl(262)) - 0ad59154-138e-46f9-ac1d-bdf4965642c6: shutdown server with port 39093 now
2021-12-29 13:36:27,214 [ForkJoinPool.commonPool-worker-0] INFO  server.GrpcService (GrpcService.java:closeImpl(271)) - 0ad59154-138e-46f9-ac1d-bdf4965642c6: shutdown server with port 39093 successfully
2021-12-29 13:36:27,246 [org.apache.ratis.util.JvmPauseMonitor$$Lambda$528/1712405372@3690097b] INFO  util.JvmPauseMonitor (JvmPauseMonitor.java:run(109)) - JvmPauseMonitor-0ad59154-138e-46f9-ac1d-bdf4965642c6: Stopped
2021-12-29 13:36:29,282 [ForkJoinPool.commonPool-worker-0] INFO  utils.BackgroundService (BackgroundService.java:shutdown(132)) - Shutting down service BlockDeletingService
2021-12-29 13:36:32,291 [ForkJoinPool.commonPool-worker-0] INFO  statemachine.DatanodeStateMachine (DatanodeStateMachine.java:stopDaemon(526)) - Ozone container server stopped.
2021-12-29 13:36:32,294 [ForkJoinPool.commonPool-worker-0] INFO  handler.ContextHandler (ContextHandler.java:doStop(1153)) - Stopped o.e.j.w.WebAppContext@639f6444{hddsDatanode,/,null,STOPPED}{jar:file:/home/runner/.m2/repository/org/apache/ozone/hdds-container-service/1.3.0-SNAPSHOT/hdds-container-service-1.3.0-SNAPSHOT.jar!/webapps/hddsDatanode}
2021-12-29 13:36:32,295 [ForkJoinPool.commonPool-worker-0] INFO  server.AbstractConnector (AbstractConnector.java:doStop(381)) - Stopped ServerConnector@44c7d474{HTTP/1.1, (http/1.1)}{0.0.0.0:0}
2021-12-29 13:36:32,295 [ForkJoinPool.commonPool-worker-0] INFO  server.session (HouseKeeper.java:stopScavenging(149)) - node0 Stopped scavenging
2021-12-29 13:36:32,296 [ForkJoinPool.commonPool-worker-0] INFO  handler.ContextHandler (ContextHandler.java:doStop(1153)) - Stopped o.e.j.s.ServletContextHandler@7c3ccb39{static,/static,jar:file:/home/runner/.m2/repository/org/apache/ozone/hdds-container-service/1.3.0-SNAPSHOT/hdds-container-service-1.3.0-SNAPSHOT.jar!/webapps/static,STOPPED}
2021-12-29 13:36:32,300 [ForkJoinPool.commonPool-worker-0] INFO  handler.ContextHandler (ContextHandler.java:doStop(1153)) - Stopped o.e.j.s.ServletContextHandler@446043bd{logs,/logs,file:///home/runner/work/ozone/ozone/hadoop-ozone/integration-test/target/log,STOPPED}
2021-12-29 13:36:32,306 [Listener at 127.0.0.1/45663] INFO  ozone.MiniOzoneClusterImpl (MiniOzoneClusterImpl.java:stopSCM(542)) - Stopping the StorageContainerManager
2021-12-29 13:36:32,306 [Listener at 127.0.0.1/45663] INFO  server.StorageContainerManager (StorageContainerManager.java:stop(1390)) - Stopping Container Balancer service.
2021-12-29 13:36:32,306 [Listener at 127.0.0.1/45663] INFO  balancer.ContainerBalancer (ContainerBalancer.java:stop(748)) - Container Balancer is not running.
2021-12-29 13:36:32,306 [Listener at 127.0.0.1/45663] INFO  server.StorageContainerManager (StorageContainerManager.java:stop(1397)) - Stopping Replication Manager Service.
2021-12-29 13:36:32,306 [Listener at 127.0.0.1/45663] INFO  container.ReplicationManager (ReplicationManager.java:stop(350)) - Stopping Replication Monitor Thread.
2021-12-29 13:36:32,306 [Listener at 127.0.0.1/45663] INFO  server.StorageContainerManager (StorageContainerManager.java:stop(1404)) - Stopping the Datanode Admin Monitor.
2021-12-29 13:36:32,306 [Listener at 127.0.0.1/45663] INFO  server.StorageContainerManager (StorageContainerManager.java:stop(1411)) - Stopping Lease Manager of the command watchers
2021-12-29 13:36:32,306 [Listener at 127.0.0.1/45663] INFO  server.StorageContainerManager (StorageContainerManager.java:stop(1418)) - Stopping datanode service RPC server
2021-12-29 13:36:32,307 [Listener at 127.0.0.1/45663] INFO  server.SCMDatanodeProtocolServer (SCMDatanodeProtocolServer.java:stop(390)) - Stopping the RPC server for DataNodes
2021-12-29 13:36:32,307 [Listener at 127.0.0.1/45663] INFO  ipc.Server (Server.java:stop(3414)) - Stopping server on 38011
2021-12-29 13:36:32,310 [IPC Server Responder] INFO  ipc.Server (Server.java:run(1512)) - Stopping IPC Server Responder
2021-12-29 13:36:32,310 [IPC Server listener on 0] INFO  ipc.Server (Server.java:run(1376)) - Stopping IPC Server listener on 0
2021-12-29 13:36:32,344 [SCM Heartbeat Processing Thread - 0] WARN  node.NodeStateManager (NodeStateManager.java:scheduleNextHealthCheck(799)) - Current Thread is interrupted, shutting down HB processing thread for Node Manager.
2021-12-29 13:36:32,344 [Listener at 127.0.0.1/45663] INFO  server.StorageContainerManager (StorageContainerManager.java:stop(1426)) - Stopping block service RPC server
2021-12-29 13:36:32,344 [Listener at 127.0.0.1/45663] INFO  server.SCMBlockProtocolServer (SCMBlockProtocolServer.java:stop(160)) - Stopping the RPC server for Block Protocol
2021-12-29 13:36:32,344 [Listener at 127.0.0.1/45663] INFO  ipc.Server (Server.java:stop(3414)) - Stopping server on 41893
2021-12-29 13:36:32,346 [Listener at 127.0.0.1/45663] INFO  server.StorageContainerManager (StorageContainerManager.java:stop(1433)) - Stopping the StorageContainerLocationProtocol RPC server
2021-12-29 13:36:32,347 [Listener at 127.0.0.1/45663] INFO  server.SCMClientProtocolServer (SCMClientProtocolServer.java:stop(173)) - Stopping the RPC server for Client Protocol
2021-12-29 13:36:32,347 [Listener at 127.0.0.1/45663] INFO  ipc.Server (Server.java:stop(3414)) - Stopping server on 44359
2021-12-29 13:36:32,347 [IPC Server listener on 0] INFO  ipc.Server (Server.java:run(1376)) - Stopping IPC Server listener on 0
2021-12-29 13:36:32,360 [Listener at 127.0.0.1/45663] INFO  server.StorageContainerManager (StorageContainerManager.java:stop(1440)) - Stopping Storage Container Manager HTTP server.
2021-12-29 13:36:32,360 [IPC Server Responder] INFO  ipc.Server (Server.java:run(1512)) - Stopping IPC Server Responder
2021-12-29 13:36:32,361 [Listener at 127.0.0.1/45663] INFO  handler.ContextHandler (ContextHandler.java:doStop(1153)) - Stopped o.e.j.w.WebAppContext@414331e4{scm,/,null,STOPPED}{file:/home/runner/work/ozone/ozone/hadoop-ozone/integration-test/target/test-classes/webapps/scm}
2021-12-29 13:36:32,361 [IPC Server listener on 0] INFO  ipc.Server (Server.java:run(1376)) - Stopping IPC Server listener on 0
2021-12-29 13:36:32,376 [IPC Server Responder] INFO  ipc.Server (Server.java:run(1512)) - Stopping IPC Server Responder
2021-12-29 13:36:32,376 [Listener at 127.0.0.1/45663] INFO  server.AbstractConnector (AbstractConnector.java:doStop(381)) - Stopped ServerConnector@6ffb07a4{HTTP/1.1, (http/1.1)}{0.0.0.0:0}
2021-12-29 13:36:32,376 [Listener at 127.0.0.1/45663] INFO  server.session (HouseKeeper.java:stopScavenging(149)) - node0 Stopped scavenging
2021-12-29 13:36:32,376 [Listener at 127.0.0.1/45663] INFO  handler.ContextHandler (ContextHandler.java:doStop(1153)) - Stopped o.e.j.s.ServletContextHandler@4c718b69{static,/static,file:///home/runner/work/ozone/ozone/hadoop-ozone/integration-test/target/test-classes/webapps/static,STOPPED}
2021-12-29 13:36:32,376 [Listener at 127.0.0.1/45663] INFO  handler.ContextHandler (ContextHandler.java:doStop(1153)) - Stopped o.e.j.s.ServletContextHandler@672bc69a{logs,/logs,file:///home/runner/work/ozone/ozone/hadoop-ozone/integration-test/target/log,STOPPED}
2021-12-29 13:36:32,377 [Listener at 127.0.0.1/45663] INFO  server.StorageContainerManager (StorageContainerManager.java:stop(1451)) - Stopping Block Manager Service.
2021-12-29 13:36:32,377 [Listener at 127.0.0.1/45663] INFO  utils.BackgroundService (BackgroundService.java:shutdown(132)) - Shutting down service SCMBlockDeletingService
2021-12-29 13:36:32,382 [Listener at 127.0.0.1/45663] INFO  utils.BackgroundService (BackgroundService.java:shutdown(132)) - Shutting down service SCMBlockDeletingService
2021-12-29 13:36:32,382 [Listener at 127.0.0.1/45663] INFO  server.StorageContainerManager (StorageContainerManager.java:stop(1478)) - Stopping SCM Event Queue.
2021-12-29 13:36:32,383 [Listener at 127.0.0.1/45663] INFO  server.StorageContainerManager (StorageContainerManager.java:stop(1489)) - Stopping SCM HA services.
2021-12-29 13:36:32,383 [Listener at 127.0.0.1/45663] INFO  pipeline.BackgroundPipelineCreator (BackgroundPipelineCreator.java:stop(158)) - Stopping RatisPipelineUtilsThread.
2021-12-29 13:36:32,384 [Listener at 127.0.0.1/45663] INFO  server.StorageContainerManager (StorageContainerManager.java:stop(1499)) - Stopping SCM MetadataStore.
2021-12-29 13:36:32,384 [Listener at 127.0.0.1/45663] INFO  impl.MetricsSystemImpl (MetricsSystemImpl.java:stop(210)) - Stopping HddsDatanode metrics system...
2021-12-29 13:36:32,406 [prometheus] INFO  impl.MetricsSinkAdapter (MetricsSinkAdapter.java:publishMetricsFromQueue(141)) - prometheus thread interrupted.
2021-12-29 13:36:32,406 [Listener at 127.0.0.1/45663] INFO  impl.MetricsSystemImpl (MetricsSystemImpl.java:stop(216)) - HddsDatanode metrics system stopped.
2021-12-29 13:36:32,569 [Listener at 127.0.0.1/45663] WARN  server.ServerUtils (ServerUtils.java:getScmDbDir(148)) - ozone.scm.db.dirs is not configured. We recommend adding this setting. Falling back to ozone.metadata.dirs instead.
2021-12-29 13:36:32,574 [Listener at 127.0.0.1/45663] INFO  ha.SCMHANodeDetails (SCMHANodeDetails.java:loadSCMHAConfig(157)) - ServiceID for StorageContainerManager is null
2021-12-29 13:36:32,574 [Listener at 127.0.0.1/45663] INFO  ha.SCMHANodeDetails (SCMHANodeDetails.java:loadSCMHAConfig(162)) - ozone.scm.default.service.id is not defined, falling back to ozone.scm.service.ids to find serviceID for StorageContainerManager if it is HA enabled cluster
2021-12-29 13:36:32,575 [Listener at 127.0.0.1/45663] WARN  server.ServerUtils (ServerUtils.java:getScmDbDir(148)) - ozone.scm.db.dirs is not configured. We recommend adding this setting. Falling back to ozone.metadata.dirs instead.
2021-12-29 13:36:32,575 [Listener at 127.0.0.1/45663] INFO  upgrade.AbstractLayoutVersionManager (AbstractLayoutVersionManager.java:init(79)) - Initializing Layout version manager with metadata layout = SCM_HA (version = 2), software layout = SCM_HA (version = 2)
2021-12-29 13:36:32,632 [Listener at 127.0.0.1/45663] INFO  reflections.Reflections (Reflections.java:scan(232)) - Reflections took 56 ms to scan 7 urls, producing 119 keys and 279 values 
2021-12-29 13:36:32,637 [Listener at 127.0.0.1/45663] WARN  utils.HAUtils (HAUtils.java:getMetaDir(342)) - ozone.scm.db.dirs is not configured. We recommend adding this setting. Falling back to ozone.metadata.dirs instead.
2021-12-29 13:36:32,637 [Listener at 127.0.0.1/45663] WARN  db.DBStoreBuilder (DBStoreBuilder.java:applyDBDefinition(145)) - ozone.scm.db.dirs is not configured. We recommend adding this setting. Falling back to ozone.metadata.dirs instead.
2021-12-29 13:36:32,790 [Listener at 127.0.0.1/45663] INFO  net.NodeSchemaLoader (NodeSchemaLoader.java:loadSchemaFromFile(129)) - Loading schema from [jar:file:/home/runner/.m2/repository/org/apache/ozone/hdds-common/1.3.0-SNAPSHOT/hdds-common-1.3.0-SNAPSHOT.jar!/network-topology-default.xml]
2021-12-29 13:36:32,790 [Listener at 127.0.0.1/45663] INFO  net.NodeSchemaLoader (NodeSchemaLoader.java:loadSchema(176)) - Loading network topology layer schema file
2021-12-29 13:36:32,797 [Listener at 127.0.0.1/45663] INFO  ha.SequenceIdGenerator (SequenceIdGenerator.java:upgradeToSequenceId(347)) - upgrade localId to 107544261427200000
2021-12-29 13:36:32,797 [Listener at 127.0.0.1/45663] INFO  ha.SequenceIdGenerator (SequenceIdGenerator.java:upgradeToSequenceId(357)) - upgrade delTxnId to 0
2021-12-29 13:36:32,797 [Listener at 127.0.0.1/45663] INFO  ha.SequenceIdGenerator (SequenceIdGenerator.java:upgradeToSequenceId(371)) - upgrade containerId to 0
2021-12-29 13:36:32,798 [Listener at 127.0.0.1/45663] INFO  ha.SequenceIdGenerator (SequenceIdGenerator.java:<init>(218)) - Init the HA SequenceIdGenerator.
2021-12-29 13:36:32,798 [Listener at 127.0.0.1/45663] WARN  server.ServerUtils (ServerUtils.java:sanitizeUserArgs(73)) - ozone.scm.stale.node.interval value = 300000 is larger than max = 100000 based on the key value of ozone.scm.heartbeat.thread.interval, reset to the max value 100000.
2021-12-29 13:36:32,798 [Listener at 127.0.0.1/45663] WARN  server.ServerUtils (ServerUtils.java:sanitizeUserArgs(73)) - ozone.scm.stale.node.interval value = 300000 is larger than max = 100000 based on the key value of ozone.scm.heartbeat.thread.interval, reset to the max value 100000.
2021-12-29 13:36:32,806 [Listener at 127.0.0.1/45663] INFO  node.SCMNodeManager (SCMNodeManager.java:<init>(144)) - Entering startup safe mode.
2021-12-29 13:36:32,806 [Listener at 127.0.0.1/45663] INFO  algorithms.ContainerPlacementPolicyFactory (ContainerPlacementPolicyFactory.java:getPolicy(60)) - Create container placement policy of type org.apache.hadoop.hdds.scm.container.placement.algorithms.SCMContainerPlacementRandom
2021-12-29 13:36:32,807 [Listener at 127.0.0.1/45663] INFO  pipeline.PipelineStateManagerImpl (PipelineStateManagerImpl.java:initialize(78)) - No pipeline exists in current db
2021-12-29 13:36:32,807 [Listener at 127.0.0.1/45663] INFO  algorithms.LeaderChoosePolicyFactory (LeaderChoosePolicyFactory.java:getPolicy(57)) - Create leader choose policy of type org.apache.hadoop.hdds.scm.pipeline.leader.choose.algorithms.MinLeaderCountChoosePolicy
2021-12-29 13:36:32,807 [Listener at 127.0.0.1/45663] INFO  ha.SCMServiceManager (SCMServiceManager.java:register(43)) - Registering service BackgroundPipelineCreator.
2021-12-29 13:36:32,807 [Listener at 127.0.0.1/45663] INFO  pipeline.BackgroundPipelineCreator (BackgroundPipelineCreator.java:start(130)) - Starting RatisPipelineUtilsThread.
2021-12-29 13:36:32,810 [Listener at 127.0.0.1/45663] INFO  algorithms.PipelineChoosePolicyFactory (PipelineChoosePolicyFactory.java:createPipelineChoosePolicyFromClass(73)) - Create pipeline choose policy of type org.apache.hadoop.hdds.scm.pipeline.choose.algorithms.RandomPipelineChoosePolicy
2021-12-29 13:36:32,810 [Listener at 127.0.0.1/45663] INFO  ha.SCMServiceManager (SCMServiceManager.java:register(43)) - Registering service SCMBlockDeletingService.
2021-12-29 13:36:32,810 [Listener at 127.0.0.1/45663] INFO  ha.SCMServiceManager (SCMServiceManager.java:register(43)) - Registering service ReplicationManager.
2021-12-29 13:36:32,810 [Listener at 127.0.0.1/45663] INFO  container.ReplicationManager (ReplicationManager.java:start(319)) - Starting Replication Monitor Thread.
2021-12-29 13:36:32,815 [Listener at 127.0.0.1/45663] INFO  safemode.ContainerSafeModeRule (ContainerSafeModeRule.java:<init>(89)) - containers with one replica threshold count 0
2021-12-29 13:36:32,815 [Listener at 127.0.0.1/45663] INFO  safemode.HealthyPipelineSafeModeRule (HealthyPipelineSafeModeRule.java:initializeRule(156)) - Total pipeline count is 0, healthy pipeline threshold count is 1
2021-12-29 13:36:32,815 [Listener at 127.0.0.1/45663] INFO  safemode.OneReplicaPipelineSafeModeRule (OneReplicaPipelineSafeModeRule.java:initializeRule(180)) - Total pipeline count is 0, pipeline's with at least one datanode reported threshold count is 0
2021-12-29 13:36:32,816 [Listener at 127.0.0.1/45663] INFO  ipc.CallQueueManager (CallQueueManager.java:<init>(90)) - Using callQueue: class java.util.concurrent.LinkedBlockingQueue, queueCapacity: 2000, scheduler: class org.apache.hadoop.ipc.DefaultRpcScheduler, ipcBackoff: false.
2021-12-29 13:36:32,817 [Socket Reader #1 for port 0] INFO  ipc.Server (Server.java:run(1265)) - Starting Socket Reader #1 for port 0
2021-12-29 13:36:32,817 [Listener at 0.0.0.0/41177] INFO  ipc.CallQueueManager (CallQueueManager.java:<init>(90)) - Using callQueue: class java.util.concurrent.LinkedBlockingQueue, queueCapacity: 2000, scheduler: class org.apache.hadoop.ipc.DefaultRpcScheduler, ipcBackoff: false.
2021-12-29 13:36:32,818 [Socket Reader #1 for port 0] INFO  ipc.Server (Server.java:run(1265)) - Starting Socket Reader #1 for port 0
2021-12-29 13:36:32,818 [Listener at 0.0.0.0/38893] INFO  ipc.CallQueueManager (CallQueueManager.java:<init>(90)) - Using callQueue: class java.util.concurrent.LinkedBlockingQueue, queueCapacity: 2000, scheduler: class org.apache.hadoop.ipc.DefaultRpcScheduler, ipcBackoff: false.
2021-12-29 13:36:32,819 [Socket Reader #1 for port 0] INFO  ipc.Server (Server.java:run(1265)) - Starting Socket Reader #1 for port 0
2021-12-29 13:36:32,826 [ReplicationMonitor] INFO  container.ReplicationManager (ReplicationManager.java:processAll(371)) - Replication Monitor Thread took 0 milliseconds for processing 0 containers.
2021-12-29 13:36:32,859 [Listener at 0.0.0.0/35701] INFO  algorithms.ContainerPlacementPolicyFactory (ContainerPlacementPolicyFactory.java:getPolicy(60)) - Create container placement policy of type org.apache.hadoop.hdds.scm.container.placement.algorithms.SCMContainerPlacementRandom
2021-12-29 13:36:32,863 [Listener at 0.0.0.0/35701] INFO  server.StorageContainerManager (StorageContainerManager.java:<init>(388)) - 
Container Balancer status:
Key                            Value
Running                        false
Container Balancer Configuration values:
Key                                                Value
Threshold                                          0.1
Max Datanodes to Involve per Iteration(ratio)      0.2
Max Size to Move per Iteration                     30GB
Max Size Entering Target per Iteration             26GB
Max Size Leaving Source per Iteration              26GB

2021-12-29 13:36:32,863 [Listener at 0.0.0.0/35701] WARN  events.EventQueue (EventQueue.java:fireEvent(194)) - No event handler registered for event TypedEvent{payloadType=SafeModeStatus, name='Safe mode status'}
2021-12-29 13:36:32,863 [Listener at 0.0.0.0/35701] INFO  ha.SCMContext (SCMContext.java:updateSafeModeStatus(211)) - Update SafeModeStatus from SafeModeStatus{safeModeStatus=true, preCheckPassed=false} to SafeModeStatus{safeModeStatus=true, preCheckPassed=false}.
2021-12-29 13:36:32,864 [Listener at 0.0.0.0/35701] INFO  server.StorageContainerManager (StorageContainerManager.java:start(1303)) - StorageContainerLocationProtocol RPC server is listening at /0.0.0.0:35701
2021-12-29 13:36:32,870 [Listener at 0.0.0.0/35701] WARN  impl.MetricsConfig (MetricsConfig.java:loadFirst(136)) - Cannot locate configuration: tried hadoop-metrics2-storagecontainermanager.properties,hadoop-metrics2.properties
2021-12-29 13:36:32,874 [Listener at 0.0.0.0/35701] INFO  impl.MetricsSystemImpl (MetricsSystemImpl.java:startTimer(378)) - Scheduled Metric snapshot period at 10 second(s).
2021-12-29 13:36:32,874 [Listener at 0.0.0.0/35701] INFO  impl.MetricsSystemImpl (MetricsSystemImpl.java:start(191)) - StorageContainerManager metrics system started
2021-12-29 13:36:32,966 [Listener at 0.0.0.0/35701] INFO  impl.MetricsSinkAdapter (MetricsSinkAdapter.java:start(204)) - Sink prometheus started
2021-12-29 13:36:32,966 [Listener at 0.0.0.0/35701] INFO  impl.MetricsSystemImpl (MetricsSystemImpl.java:registerSink(305)) - Registered sink prometheus
2021-12-29 13:36:32,998 [Listener at 0.0.0.0/35701] INFO  server.SCMClientProtocolServer (SCMClientProtocolServer.java:start(164)) - RPC server for Client  is listening at /0.0.0.0:35701
2021-12-29 13:36:32,998 [IPC Server Responder] INFO  ipc.Server (Server.java:run(1507)) - IPC Server Responder: starting
2021-12-29 13:36:32,998 [IPC Server listener on 0] INFO  ipc.Server (Server.java:run(1344)) - IPC Server listener on 0: starting
2021-12-29 13:36:33,001 [Listener at 0.0.0.0/35701] INFO  server.StorageContainerManager (StorageContainerManager.java:start(1318)) - ScmBlockLocationProtocol RPC server is listening at /0.0.0.0:38893
2021-12-29 13:36:33,002 [Listener at 0.0.0.0/35701] INFO  server.SCMBlockProtocolServer (SCMBlockProtocolServer.java:start(151)) - RPC server for Block Protocol is listening at /0.0.0.0:38893
2021-12-29 13:36:33,014 [IPC Server Responder] INFO  ipc.Server (Server.java:run(1507)) - IPC Server Responder: starting
2021-12-29 13:36:33,020 [IPC Server listener on 0] INFO  ipc.Server (Server.java:run(1344)) - IPC Server listener on 0: starting
2021-12-29 13:36:33,021 [Listener at 0.0.0.0/35701] INFO  server.SCMDatanodeProtocolServer (SCMDatanodeProtocolServer.java:start(181)) - ScmDatanodeProtocol RPC server for DataNodes is listening at /0.0.0.0:41177
2021-12-29 13:36:33,022 [IPC Server Responder] INFO  ipc.Server (Server.java:run(1507)) - IPC Server Responder: starting
2021-12-29 13:36:33,026 [IPC Server listener on 0] INFO  ipc.Server (Server.java:run(1344)) - IPC Server listener on 0: starting
2021-12-29 13:36:33,048 [org.apache.hadoop.util.JvmPauseMonitor$Monitor@2dd7279f] INFO  util.JvmPauseMonitor (JvmPauseMonitor.java:run(188)) - Starting JVM pause monitor
2021-12-29 13:36:33,048 [Listener at 0.0.0.0/35701] INFO  http.BaseHttpServer (BaseHttpServer.java:newHttpServer2BuilderForOzone(209)) - Starting Web-server for scm at: http://0.0.0.0:0
2021-12-29 13:36:33,049 [Listener at 0.0.0.0/35701] INFO  http.BaseHttpServer (BaseHttpServer.java:<init>(107)) - Hadoop Security Enabled: false Ozone Security Enabled: false Ozone HTTP Security Enabled: false 
2021-12-29 13:36:33,050 [Listener at 0.0.0.0/35701] INFO  server.AuthenticationFilter (AuthenticationFilter.java:constructSecretProvider(240)) - Unable to initialize FileSignerSecretProvider, falling back to use random secrets.
2021-12-29 13:36:33,062 [Listener at 0.0.0.0/35701] WARN  http.HttpRequestLog (HttpRequestLog.java:getRequestLog(103)) - Jetty request log can only be enabled using Log4j
2021-12-29 13:36:33,066 [Listener at 0.0.0.0/35701] INFO  http.HttpServer2 (HttpServer2.java:addGlobalFilter(1030)) - Added global filter 'safety' (class=org.apache.hadoop.hdds.server.http.HttpServer2$QuotingInputFilter)
2021-12-29 13:36:33,067 [Listener at 0.0.0.0/35701] INFO  http.HttpServer2 (HttpServer2.java:addFilter(1006)) - Added filter static_user_filter (class=org.apache.hadoop.http.lib.StaticUserWebFilter$StaticUserFilter) to context scm
2021-12-29 13:36:33,068 [Listener at 0.0.0.0/35701] INFO  http.HttpServer2 (HttpServer2.java:addFilter(1014)) - Added filter static_user_filter (class=org.apache.hadoop.http.lib.StaticUserWebFilter$StaticUserFilter) to context logs
2021-12-29 13:36:33,068 [Listener at 0.0.0.0/35701] INFO  http.HttpServer2 (HttpServer2.java:addFilter(1014)) - Added filter static_user_filter (class=org.apache.hadoop.http.lib.StaticUserWebFilter$StaticUserFilter) to context static
2021-12-29 13:36:33,074 [Listener at 0.0.0.0/35701] INFO  http.HttpServer2 (HttpServer2.java:bindListener(1249)) - Jetty bound to port 46707
2021-12-29 13:36:33,074 [Listener at 0.0.0.0/35701] INFO  server.Server (Server.java:doStart(375)) - jetty-9.4.43.v20210629; built: 2021-06-30T11:07:22.254Z; git: 526006ecfa3af7f1a27ef3a288e2bef7ea9dd7e8; jvm 1.8.0_292-b10
2021-12-29 13:36:33,087 [Listener at 0.0.0.0/35701] INFO  server.session (DefaultSessionIdManager.java:doStart(334)) - DefaultSessionIdManager workerName=node0
2021-12-29 13:36:33,087 [Listener at 0.0.0.0/35701] INFO  server.session (DefaultSessionIdManager.java:doStart(339)) - No SessionScavenger set, using defaults
2021-12-29 13:36:33,087 [Listener at 0.0.0.0/35701] INFO  server.session (HouseKeeper.java:startScavenging(132)) - node0 Scavenging every 600000ms
2021-12-29 13:36:33,091 [Listener at 0.0.0.0/35701] INFO  handler.ContextHandler (ContextHandler.java:doStart(915)) - Started o.e.j.s.ServletContextHandler@11b7e565{logs,/logs,file:///home/runner/work/ozone/ozone/hadoop-ozone/integration-test/target/log,AVAILABLE}
2021-12-29 13:36:33,091 [Listener at 0.0.0.0/35701] INFO  handler.ContextHandler (ContextHandler.java:doStart(915)) - Started o.e.j.s.ServletContextHandler@7c8b8540{static,/static,file:///home/runner/work/ozone/ozone/hadoop-ozone/integration-test/target/test-classes/webapps/static,AVAILABLE}
2021-12-29 13:36:33,106 [Listener at 0.0.0.0/35701] INFO  handler.ContextHandler (ContextHandler.java:doStart(915)) - Started o.e.j.w.WebAppContext@433e71aa{scm,/,file:///home/runner/work/ozone/ozone/hadoop-ozone/integration-test/target/test-classes/webapps/scm/,AVAILABLE}{file:/home/runner/work/ozone/ozone/hadoop-ozone/integration-test/target/test-classes/webapps/scm}
2021-12-29 13:36:33,119 [Listener at 0.0.0.0/35701] INFO  server.AbstractConnector (AbstractConnector.java:doStart(331)) - Started ServerConnector@7908c1f0{HTTP/1.1, (http/1.1)}{0.0.0.0:46707}
2021-12-29 13:36:33,119 [Listener at 0.0.0.0/35701] INFO  server.Server (Server.java:doStart(415)) - Started @156646ms
2021-12-29 13:36:33,119 [Listener at 0.0.0.0/35701] WARN  impl.MetricsSystemImpl (MetricsSystemImpl.java:register(279)) - Sink prometheus already exists!
2021-12-29 13:36:33,120 [Listener at 0.0.0.0/35701] INFO  http.BaseHttpServer (BaseHttpServer.java:updateConnectorAddress(329)) - HTTP server of scm listening at http://0.0.0.0:46707
2021-12-29 13:36:33,120 [Listener at 0.0.0.0/35701] WARN  server.ServerUtils (ServerUtils.java:getDBPath(225)) - ozone.om.db.dirs is not configured. We recommend adding this setting. Falling back to ozone.metadata.dirs instead.
2021-12-29 13:36:33,126 [Listener at 0.0.0.0/35701] INFO  ha.OMHANodeDetails (OMHANodeDetails.java:loadOMHAConfig(112)) - ozone.om.internal.service.id is not defined, falling back to ozone.om.service.ids to find serviceID for OzoneManager if it is HA enabled cluster
2021-12-29 13:36:33,127 [Listener at 0.0.0.0/35701] INFO  ha.OMHANodeDetails (OMHANodeDetails.java:loadOMHAConfig(218)) - Configuration does not have ozone.om.address set. Falling back to the default OM address /127.0.0.1:0
2021-12-29 13:36:33,127 [Listener at 0.0.0.0/35701] INFO  ha.OMHANodeDetails (OMHANodeDetails.java:getOMNodeDetailsForNonHA(246)) - OM Service ID is not set. Setting it to the default ID: omServiceIdDefault
2021-12-29 13:36:33,127 [Listener at 0.0.0.0/35701] INFO  ha.OMHANodeDetails (OMHANodeDetails.java:getOMNodeDetailsForNonHA(253)) - OM Node ID is not set. Setting it to the default ID: om1
2021-12-29 13:36:33,127 [Listener at 0.0.0.0/35701] WARN  server.ServerUtils (ServerUtils.java:getDBPath(225)) - ozone.om.db.dirs is not configured. We recommend adding this setting. Falling back to ozone.metadata.dirs instead.
2021-12-29 13:36:33,128 [Listener at 0.0.0.0/35701] INFO  upgrade.AbstractLayoutVersionManager (AbstractLayoutVersionManager.java:init(79)) - Initializing Layout version manager with metadata layout = INITIAL_VERSION (version = 0), software layout = INITIAL_VERSION (version = 0)
2021-12-29 13:36:33,278 [Listener at 0.0.0.0/35701] INFO  reflections.Reflections (Reflections.java:scan(232)) - Reflections took 149 ms to scan 2 urls, producing 133 keys and 345 values [using 2 cores]
2021-12-29 13:36:33,278 [Listener at 0.0.0.0/35701] INFO  upgrade.OMLayoutVersionManager (OMLayoutVersionManager.java:lambda$0(115)) - Skipping Upgrade Action MockOmUpgradeAction since it has been finalized.
2021-12-29 13:36:33,279 [Listener at 0.0.0.0/35701] WARN  server.ServerUtils (ServerUtils.java:getDBPath(225)) - ozone.om.db.dirs is not configured. We recommend adding this setting. Falling back to ozone.metadata.dirs instead.
2021-12-29 13:36:33,323 [Listener at 0.0.0.0/35701] WARN  server.ServerUtils (ServerUtils.java:getDBPath(225)) - ozone.om.db.dirs is not configured. We recommend adding this setting. Falling back to ozone.metadata.dirs instead.
2021-12-29 13:36:33,323 [Listener at 0.0.0.0/35701] INFO  codec.OmKeyInfoCodec (OmKeyInfoCodec.java:<init>(50)) - OmKeyInfoCodec ignorePipeline = true
2021-12-29 13:36:33,323 [Listener at 0.0.0.0/35701] INFO  codec.RepeatedOmKeyInfoCodec (RepeatedOmKeyInfoCodec.java:<init>(42)) - RepeatedOmKeyInfoCodec ignorePipeline = true
2021-12-29 13:36:33,508 [Listener at 0.0.0.0/35701] INFO  om.OzoneManager (OzoneManager.java:addS3GVolumeToDB(3728)) - Created Volume s3v With Owner runner required for S3Gateway operations.
2021-12-29 13:36:33,509 [Listener at 0.0.0.0/35701] WARN  server.ServerUtils (ServerUtils.java:getDefaultRatisDirectory(237)) - Storage directory for Ratis is not configured. It is a good idea to map this to an SSD disk. Falling back to ozone.metadata.dirs
2021-12-29 13:36:33,509 [Listener at 0.0.0.0/35701] WARN  utils.OzoneManagerRatisUtils (OzoneManagerRatisUtils.java:getOMRatisSnapshotDirectory(323)) - ozone.om.ratis.snapshot.dir is not configured. Falling back to ozone.metadata.dirs config
2021-12-29 13:36:33,509 [Listener at 0.0.0.0/35701] WARN  server.ServerUtils (ServerUtils.java:getDefaultRatisDirectory(237)) - Storage directory for Ratis is not configured. It is a good idea to map this to an SSD disk. Falling back to ozone.metadata.dirs
2021-12-29 13:36:33,512 [Listener at 0.0.0.0/35701] INFO  ratis.OzoneManagerRatisServer (OzoneManagerRatisServer.java:<init>(159)) - Instantiating OM Ratis server with groupID: omServiceIdDefault and peers: localhost:9872
2021-12-29 13:36:33,512 [Listener at 0.0.0.0/35701] INFO  ratis.OzoneManagerStateMachine (OzoneManagerStateMachine.java:loadSnapshotInfoFromDB(605)) - LastAppliedIndex is set from TransactionInfo from OM DB as (t:0, i:~)
2021-12-29 13:36:33,521 [Listener at 0.0.0.0/35701] INFO  server.RaftServer (ConfUtils.java:logGet(44)) - raft.rpc.type = GRPC (default)
2021-12-29 13:36:33,522 [Listener at 0.0.0.0/35701] INFO  grpc.GrpcFactory (GrpcFactory.java:checkPooledByteBufAllocatorUseCacheForAllThreads(48)) - PERFORMANCE WARNING: useCacheForAllThreads is true that may cause Netty to create a lot garbage objects and, as a result, trigger GC.
	It is recommended to disable useCacheForAllThreads by setting -Dorg.apache.ratis.thirdparty.io.netty.allocator.useCacheForAllThreads=false in command line.
2021-12-29 13:36:33,522 [Listener at 0.0.0.0/35701] INFO  grpc.GrpcConfigKeys (ConfUtils.java:logGet(44)) - raft.grpc.admin.port = -1 (default)
2021-12-29 13:36:33,522 [Listener at 0.0.0.0/35701] INFO  grpc.GrpcConfigKeys (ConfUtils.java:logGet(44)) - raft.grpc.server.port = 9872 (custom)
2021-12-29 13:36:33,522 [Listener at 0.0.0.0/35701] INFO  grpc.GrpcConfigKeys (ConfUtils.java:logGet(44)) - raft.grpc.client.port = -1 (default)
2021-12-29 13:36:33,522 [Listener at 0.0.0.0/35701] INFO  grpc.GrpcConfigKeys (ConfUtils.java:logGet(44)) - raft.grpc.server.port = 9872 (custom)
2021-12-29 13:36:33,522 [Listener at 0.0.0.0/35701] INFO  grpc.GrpcConfigKeys (ConfUtils.java:logGet(44)) - raft.grpc.server.port = 9872 (custom)
2021-12-29 13:36:33,522 [Listener at 0.0.0.0/35701] INFO  server.GrpcService (ConfUtils.java:logGet(44)) - raft.grpc.message.size.max = 33554432 (custom)
2021-12-29 13:36:33,522 [Listener at 0.0.0.0/35701] INFO  server.RaftServerConfigKeys (ConfUtils.java:logGet(44)) - raft.server.log.appender.buffer.byte-limit = 33554432 (custom)
2021-12-29 13:36:33,522 [Listener at 0.0.0.0/35701] INFO  server.GrpcService (ConfUtils.java:logGet(44)) - raft.grpc.flow.control.window = 1MB (=1048576) (default)
2021-12-29 13:36:33,522 [Listener at 0.0.0.0/35701] INFO  server.RaftServerConfigKeys (ConfUtils.java:logGet(44)) - raft.server.rpc.request.timeout = 3000ms (default)
2021-12-29 13:36:33,524 [Listener at 0.0.0.0/35701] INFO  impl.DataStreamServerImpl (ConfUtils.java:logGet(44)) - raft.datastream.type = DISABLED (default)
2021-12-29 13:36:33,524 [Listener at 0.0.0.0/35701] INFO  server.RaftServerConfigKeys (ConfUtils.java:logGet(44)) - raft.server.rpc.slowness.timeout = 120s (custom)
2021-12-29 13:36:33,524 [Listener at 0.0.0.0/35701] INFO  server.RaftServerConfigKeys (ConfUtils.java:logGet(44)) - raft.server.leaderelection.leader.step-down.wait-time = 10s (default)
2021-12-29 13:36:33,524 [Listener at 0.0.0.0/35701] INFO  server.RaftServerConfigKeys (ConfUtils.java:logGet(44)) - raft.server.storage.dir = [/home/runner/work/ozone/ozone/hadoop-ozone/integration-test/target/test-dir/MiniOzoneClusterImpl-aadba4d7-ee9c-4873-8a56-559a23ee9528/ozone-meta/ratis] (custom)
2021-12-29 13:36:33,525 [Listener at 0.0.0.0/35701] INFO  server.RaftServer (RaftServerProxy.java:addNew(95)) - om1: addNew group-C5BA1605619E:[om1|rpc:localhost:9872|priority:0] returns group-C5BA1605619E:java.util.concurrent.CompletableFuture@5b5beabc[Not completed]
2021-12-29 13:36:33,525 [Listener at 0.0.0.0/35701] INFO  om.OzoneManager (OzoneManager.java:initializeRatisServer(1834)) - OzoneManager Ratis server initialized at port 9872
2021-12-29 13:36:33,549 [Listener at 0.0.0.0/35701] INFO  ipc.CallQueueManager (CallQueueManager.java:<init>(90)) - Using callQueue: class java.util.concurrent.LinkedBlockingQueue, queueCapacity: 2000, scheduler: class org.apache.hadoop.ipc.DefaultRpcScheduler, ipcBackoff: false.
2021-12-29 13:36:33,550 [Socket Reader #1 for port 0] INFO  ipc.Server (Server.java:run(1265)) - Starting Socket Reader #1 for port 0
2021-12-29 13:36:33,578 [pool-469-thread-1] INFO  server.RaftServer$Division (RaftServerImpl.java:<init>(184)) - om1: new RaftServerImpl for group-C5BA1605619E:[om1|rpc:localhost:9872|priority:0] with OzoneManagerStateMachine:uninitialized
2021-12-29 13:36:33,579 [pool-469-thread-1] INFO  server.RaftServerConfigKeys (ConfUtils.java:logGet(44)) - raft.server.rpc.timeout.min = 1s (custom)
2021-12-29 13:36:33,579 [pool-469-thread-1] INFO  server.RaftServerConfigKeys (ConfUtils.java:logGet(44)) - raft.server.rpc.timeout.max = 1200ms (custom)
2021-12-29 13:36:33,579 [pool-469-thread-1] INFO  server.RaftServerConfigKeys (ConfUtils.java:logGet(44)) - raft.server.rpc.sleep.time = 25ms (default)
2021-12-29 13:36:33,579 [pool-469-thread-1] INFO  server.RaftServerConfigKeys (ConfUtils.java:logGet(44)) - raft.server.rpc.slowness.timeout = 120s (custom)
2021-12-29 13:36:33,579 [pool-469-thread-1] INFO  server.RaftServerConfigKeys (ConfUtils.java:logGet(44)) - raft.server.leaderelection.leader.step-down.wait-time = 10s (default)
2021-12-29 13:36:33,579 [pool-469-thread-1] INFO  server.RaftServerConfigKeys (ConfUtils.java:logGet(44)) - raft.server.sleep.deviation.threshold = 300ms (default)
2021-12-29 13:36:33,579 [pool-469-thread-1] INFO  server.RaftServerConfigKeys (ConfUtils.java:logGet(44)) - raft.server.log.appender.install.snapshot.enabled = false (custom)
2021-12-29 13:36:33,579 [pool-469-thread-1] INFO  server.RaftServer$Division (ServerState.java:<init>(105)) - om1@group-C5BA1605619E: ConfigurationManager, init=-1: [om1|rpc:localhost:9872|priority:0], old=null, confs=<EMPTY_MAP>
2021-12-29 13:36:33,579 [pool-469-thread-1] INFO  server.RaftServerConfigKeys (ConfUtils.java:logGet(44)) - raft.server.storage.dir = [/home/runner/work/ozone/ozone/hadoop-ozone/integration-test/target/test-dir/MiniOzoneClusterImpl-aadba4d7-ee9c-4873-8a56-559a23ee9528/ozone-meta/ratis] (custom)
2021-12-29 13:36:33,579 [pool-469-thread-1] INFO  server.RaftServerConfigKeys (ConfUtils.java:logGet(44)) - raft.server.log.corruption.policy = EXCEPTION (default)
2021-12-29 13:36:33,579 [pool-469-thread-1] INFO  server.RaftServerConfigKeys (ConfUtils.java:logGet(44)) - raft.server.storage.free-space.min = 0MB (=0) (default)
2021-12-29 13:36:33,579 [pool-469-thread-1] INFO  storage.RaftStorageDirectory (RaftStorageDirectoryImpl.java:analyzeStorage(135)) - The storage directory /home/runner/work/ozone/ozone/hadoop-ozone/integration-test/target/test-dir/MiniOzoneClusterImpl-aadba4d7-ee9c-4873-8a56-559a23ee9528/ozone-meta/ratis/bf265839-605b-3f16-9796-c5ba1605619e does not exist. Creating ...
2021-12-29 13:36:33,581 [pool-469-thread-1] INFO  storage.RaftStorageDirectory (RaftStorageDirectoryImpl.java:tryLock(230)) - Lock on /home/runner/work/ozone/ozone/hadoop-ozone/integration-test/target/test-dir/MiniOzoneClusterImpl-aadba4d7-ee9c-4873-8a56-559a23ee9528/ozone-meta/ratis/bf265839-605b-3f16-9796-c5ba1605619e/in_use.lock acquired by nodename 16235@fv-az59-280
2021-12-29 13:36:33,584 [pool-469-thread-1] INFO  storage.RaftStorage (RaftStorageImpl.java:format(89)) - Storage directory /home/runner/work/ozone/ozone/hadoop-ozone/integration-test/target/test-dir/MiniOzoneClusterImpl-aadba4d7-ee9c-4873-8a56-559a23ee9528/ozone-meta/ratis/bf265839-605b-3f16-9796-c5ba1605619e has been successfully formatted.
2021-12-29 13:36:33,584 [pool-469-thread-1] INFO  server.RaftServerConfigKeys (ConfUtils.java:logGet(44)) - raft.server.notification.no-leader.timeout = 120s (custom)
2021-12-29 13:36:33,584 [pool-469-thread-1] INFO  server.RaftServerConfigKeys (ConfUtils.java:logGet(44)) - raft.server.log.use.memory = false (default)
2021-12-29 13:36:33,584 [pool-469-thread-1] INFO  server.RaftServerConfigKeys (ConfUtils.java:logGet(44)) - raft.server.log.purge.gap = 1000000 (custom)
2021-12-29 13:36:33,584 [pool-469-thread-1] INFO  server.RaftServerConfigKeys (ConfUtils.java:logGet(44)) - raft.server.log.appender.buffer.byte-limit = 33554432 (custom)
2021-12-29 13:36:33,585 [pool-469-thread-1] INFO  server.RaftServerConfigKeys (ConfUtils.java:logGet(44)) - raft.server.log.segment.size.max = 4194304 (custom)
2021-12-29 13:36:33,585 [pool-469-thread-1] INFO  server.RaftServerConfigKeys (ConfUtils.java:logGet(44)) - raft.server.log.segment.cache.num.max = 2 (custom)
2021-12-29 13:36:33,585 [pool-469-thread-1] INFO  server.RaftServerConfigKeys (ConfUtils.java:logGet(44)) - raft.server.log.segment.cache.size.max = 200MB (=209715200) (default)
2021-12-29 13:36:33,585 [pool-469-thread-1] INFO  segmented.SegmentedRaftLogWorker (SegmentedRaftLogWorker.java:<init>(182)) - new om1@group-C5BA1605619E-SegmentedRaftLogWorker for RaftStorageImpl:Storage Directory /home/runner/work/ozone/ozone/hadoop-ozone/integration-test/target/test-dir/MiniOzoneClusterImpl-aadba4d7-ee9c-4873-8a56-559a23ee9528/ozone-meta/ratis/bf265839-605b-3f16-9796-c5ba1605619e
2021-12-29 13:36:33,585 [pool-469-thread-1] INFO  server.RaftServerConfigKeys (ConfUtils.java:logGet(44)) - raft.server.log.queue.byte-limit = 64MB (=67108864) (default)
2021-12-29 13:36:33,585 [pool-469-thread-1] INFO  server.RaftServerConfigKeys (ConfUtils.java:logGet(44)) - raft.server.log.queue.element-limit = 4096 (default)
2021-12-29 13:36:33,585 [pool-469-thread-1] INFO  server.RaftServerConfigKeys (ConfUtils.java:logGet(44)) - raft.server.log.segment.size.max = 4194304 (custom)
2021-12-29 13:36:33,585 [pool-469-thread-1] INFO  server.RaftServerConfigKeys (ConfUtils.java:logGet(44)) - raft.server.log.preallocated.size = 4194304 (custom)
2021-12-29 13:36:33,585 [pool-469-thread-1] INFO  server.RaftServerConfigKeys (ConfUtils.java:logGet(44)) - raft.server.log.force.sync.num = 128 (default)
2021-12-29 13:36:33,585 [pool-469-thread-1] INFO  server.RaftServerConfigKeys (ConfUtils.java:logGet(44)) - raft.server.log.statemachine.data.sync = true (default)
2021-12-29 13:36:33,585 [pool-469-thread-1] INFO  server.RaftServerConfigKeys (ConfUtils.java:logGet(44)) - raft.server.log.statemachine.data.sync.timeout = 10s (default)
2021-12-29 13:36:33,585 [pool-469-thread-1] INFO  server.RaftServerConfigKeys (ConfUtils.java:logGet(44)) - raft.server.log.statemachine.data.sync.timeout.retry = -1 (default)
2021-12-29 13:36:33,586 [pool-469-thread-1] INFO  server.RaftServerConfigKeys (ConfUtils.java:logGet(44)) - raft.server.log.write.buffer.size = 64KB (=65536) (default)
2021-12-29 13:36:33,594 [pool-469-thread-1] INFO  server.RaftServerConfigKeys (ConfUtils.java:logGet(44)) - raft.server.log.statemachine.data.caching.enabled = false (default)
2021-12-29 13:36:33,594 [pool-469-thread-1] INFO  segmented.SegmentedRaftLogWorker (SegmentedRaftLogWorker.java:lambda$new$0(133)) - om1@group-C5BA1605619E-SegmentedRaftLogWorker: flushIndex: setUnconditionally 0 -> -1
2021-12-29 13:36:33,594 [pool-469-thread-1] INFO  segmented.SegmentedRaftLogWorker (SegmentedRaftLogWorker.java:lambda$new$0(133)) - om1@group-C5BA1605619E-SegmentedRaftLogWorker: safeCacheEvictIndex: setUnconditionally 0 -> -1
2021-12-29 13:36:33,601 [pool-469-thread-1] INFO  server.RaftServerConfigKeys (ConfUtils.java:logGet(44)) - raft.server.snapshot.auto.trigger.enabled = true (custom)
2021-12-29 13:36:33,601 [pool-469-thread-1] INFO  server.RaftServerConfigKeys (ConfUtils.java:logGet(44)) - raft.server.snapshot.auto.trigger.threshold = 400000 (default)
2021-12-29 13:36:33,601 [pool-469-thread-1] INFO  server.RaftServerConfigKeys (ConfUtils.java:logGet(44)) - raft.server.snapshot.retention.file.num = -1 (default)
2021-12-29 13:36:33,601 [pool-469-thread-1] INFO  server.RaftServerConfigKeys (ConfUtils.java:logGet(44)) - raft.server.log.purge.upto.snapshot.index = true (custom)
2021-12-29 13:36:33,601 [pool-469-thread-1] INFO  server.RaftServerConfigKeys (ConfUtils.java:logGet(44)) - raft.server.retrycache.expirytime = 300s (custom)
2021-12-29 13:36:33,601 [pool-469-thread-1] INFO  server.RaftServerConfigKeys (ConfUtils.java:logGet(44)) - raft.server.retrycache.statistics.expirytime = 100μs (default)
2021-12-29 13:36:33,611 [Listener at 127.0.0.1/42909] INFO  impl.MetricsSystemImpl (MetricsSystemImpl.java:init(158)) - OzoneManager metrics system started (again)
2021-12-29 13:36:33,635 [Listener at 127.0.0.1/42909] INFO  om.OzoneManager (OzoneManager.java:start(1365)) - OzoneManager RPC server is listening at localhost/127.0.0.1:42909
2021-12-29 13:36:33,635 [Listener at 127.0.0.1/42909] INFO  ratis.OzoneManagerRatisServer (OzoneManagerRatisServer.java:start(554)) - Starting OzoneManagerRatisServer om1 at port 9872
2021-12-29 13:36:33,635 [Listener at 127.0.0.1/42909] INFO  server.RaftServer$Division (RaftServerImpl.java:start(301)) - om1@group-C5BA1605619E: start as a follower, conf=-1: [om1|rpc:localhost:9872|priority:0], old=null
2021-12-29 13:36:33,635 [Listener at 127.0.0.1/42909] INFO  server.RaftServer$Division (RaftServerImpl.java:setRole(290)) - om1@group-C5BA1605619E: changes role from      null to FOLLOWER at term 0 for startAsFollower
2021-12-29 13:36:33,635 [Listener at 127.0.0.1/42909] INFO  impl.RoleInfo (RoleInfo.java:updateAndGet(130)) - om1: start om1@group-C5BA1605619E-FollowerState
2021-12-29 13:36:33,636 [Listener at 127.0.0.1/42909] INFO  util.JmxRegister (JmxRegister.java:tryRegister(44)) - Successfully registered JMX Bean with object name Ratis:service=RaftServer,group=group-C5BA1605619E,id=om1
2021-12-29 13:36:33,654 [Listener at 127.0.0.1/42909] INFO  server.RaftServer (RaftServerProxy.java:lambda$start$5(374)) - om1: start RPC server
2021-12-29 13:36:33,655 [Listener at 127.0.0.1/42909] INFO  server.GrpcService (GrpcService.java:startImpl(253)) - om1: GrpcService started, listening on 9872
2021-12-29 13:36:33,655 [Listener at 127.0.0.1/42909] INFO  om.OzoneManager (OzoneManager.java:start(1381)) - Version File has different layout version (0) than OM DB (null). That is expected if this OM has never been finalized to a newer layout version.
2021-12-29 13:36:33,656 [org.apache.ratis.util.JvmPauseMonitor$$Lambda$528/1712405372@2c5f3b12] INFO  util.JvmPauseMonitor (JvmPauseMonitor.java:run(103)) - JvmPauseMonitor-om1: Started
2021-12-29 13:36:33,667 [Listener at 127.0.0.1/42909] INFO  http.BaseHttpServer (BaseHttpServer.java:newHttpServer2BuilderForOzone(209)) - Starting Web-server for ozoneManager at: http://0.0.0.0:0
2021-12-29 13:36:33,667 [Listener at 127.0.0.1/42909] INFO  http.BaseHttpServer (BaseHttpServer.java:<init>(107)) - Hadoop Security Enabled: false Ozone Security Enabled: false Ozone HTTP Security Enabled: false 
2021-12-29 13:36:33,668 [Listener at 127.0.0.1/42909] INFO  server.AuthenticationFilter (AuthenticationFilter.java:constructSecretProvider(240)) - Unable to initialize FileSignerSecretProvider, falling back to use random secrets.
2021-12-29 13:36:33,678 [Listener at 127.0.0.1/42909] WARN  http.HttpRequestLog (HttpRequestLog.java:getRequestLog(103)) - Jetty request log can only be enabled using Log4j
2021-12-29 13:36:33,679 [Listener at 127.0.0.1/42909] INFO  http.HttpServer2 (HttpServer2.java:addGlobalFilter(1030)) - Added global filter 'safety' (class=org.apache.hadoop.hdds.server.http.HttpServer2$QuotingInputFilter)
2021-12-29 13:36:33,679 [Listener at 127.0.0.1/42909] INFO  http.HttpServer2 (HttpServer2.java:addFilter(1006)) - Added filter static_user_filter (class=org.apache.hadoop.http.lib.StaticUserWebFilter$StaticUserFilter) to context ozoneManager
2021-12-29 13:36:33,679 [Listener at 127.0.0.1/42909] INFO  http.HttpServer2 (HttpServer2.java:addFilter(1014)) - Added filter static_user_filter (class=org.apache.hadoop.http.lib.StaticUserWebFilter$StaticUserFilter) to context logs
2021-12-29 13:36:33,679 [Listener at 127.0.0.1/42909] INFO  http.HttpServer2 (HttpServer2.java:addFilter(1014)) - Added filter static_user_filter (class=org.apache.hadoop.http.lib.StaticUserWebFilter$StaticUserFilter) to context static
2021-12-29 13:36:33,680 [Listener at 127.0.0.1/42909] INFO  http.HttpServer2 (HttpServer2.java:bindListener(1249)) - Jetty bound to port 43543
2021-12-29 13:36:33,680 [Listener at 127.0.0.1/42909] INFO  server.Server (Server.java:doStart(375)) - jetty-9.4.43.v20210629; built: 2021-06-30T11:07:22.254Z; git: 526006ecfa3af7f1a27ef3a288e2bef7ea9dd7e8; jvm 1.8.0_292-b10
2021-12-29 13:36:33,733 [Listener at 127.0.0.1/42909] INFO  server.session (DefaultSessionIdManager.java:doStart(334)) - DefaultSessionIdManager workerName=node0
2021-12-29 13:36:33,733 [Listener at 127.0.0.1/42909] INFO  server.session (DefaultSessionIdManager.java:doStart(339)) - No SessionScavenger set, using defaults
2021-12-29 13:36:33,733 [Listener at 127.0.0.1/42909] INFO  server.session (HouseKeeper.java:startScavenging(132)) - node0 Scavenging every 600000ms
2021-12-29 13:36:33,736 [Listener at 127.0.0.1/42909] INFO  handler.ContextHandler (ContextHandler.java:doStart(915)) - Started o.e.j.s.ServletContextHandler@1e9fd21d{logs,/logs,file:///home/runner/work/ozone/ozone/hadoop-ozone/integration-test/target/log,AVAILABLE}
2021-12-29 13:36:33,737 [Listener at 127.0.0.1/42909] INFO  handler.ContextHandler (ContextHandler.java:doStart(915)) - Started o.e.j.s.ServletContextHandler@7acf610{static,/static,file:///home/runner/work/ozone/ozone/hadoop-ozone/integration-test/target/test-classes/webapps/static,AVAILABLE}
2021-12-29 13:36:33,739 [Listener at 127.0.0.1/42909] INFO  handler.ContextHandler (ContextHandler.java:doStart(915)) - Started o.e.j.w.WebAppContext@45546c34{ozoneManager,/,file:///home/runner/work/ozone/ozone/hadoop-ozone/integration-test/target/test-classes/webapps/ozoneManager/,AVAILABLE}{file:/home/runner/work/ozone/ozone/hadoop-ozone/integration-test/target/test-classes/webapps/ozoneManager}
2021-12-29 13:36:33,747 [Listener at 127.0.0.1/42909] INFO  server.AbstractConnector (AbstractConnector.java:doStart(331)) - Started ServerConnector@4cb790ff{HTTP/1.1, (http/1.1)}{0.0.0.0:43543}
2021-12-29 13:36:33,747 [Listener at 127.0.0.1/42909] INFO  server.Server (Server.java:doStart(415)) - Started @157274ms
2021-12-29 13:36:33,747 [Listener at 127.0.0.1/42909] WARN  impl.MetricsSystemImpl (MetricsSystemImpl.java:register(279)) - Sink prometheus already exists!
2021-12-29 13:36:33,747 [Listener at 127.0.0.1/42909] INFO  http.BaseHttpServer (BaseHttpServer.java:updateConnectorAddress(329)) - HTTP server of ozoneManager listening at http://0.0.0.0:43543
2021-12-29 13:36:33,748 [IPC Server Responder] INFO  ipc.Server (Server.java:run(1507)) - IPC Server Responder: starting
2021-12-29 13:36:33,754 [IPC Server listener on 0] INFO  ipc.Server (Server.java:run(1344)) - IPC Server listener on 0: starting
2021-12-29 13:36:33,807 [Listener at 127.0.0.1/42909] INFO  om.TrashPolicyOzone (TrashPolicyOzone.java:<init>(178)) - Ozone Manager trash configuration: Deletion interval = 0 minutes, Emptier interval = 0 minutes.
2021-12-29 13:36:33,838 [org.apache.hadoop.util.JvmPauseMonitor$Monitor@1c848119] INFO  util.JvmPauseMonitor (JvmPauseMonitor.java:run(188)) - Starting JVM pause monitor
2021-12-29 13:36:33,854 [Listener at 127.0.0.1/42909] WARN  impl.MetricRegistriesImpl (MetricRegistriesImpl.java:addReporterRegistration(111)) - New reporters are added after registries were created. Some metrics will be missing from the reporter. Please add reporter before adding any new registry.
2021-12-29 13:36:33,862 [Listener at 127.0.0.1/42909] WARN  impl.MetricRegistriesImpl (MetricRegistriesImpl.java:addReporterRegistration(111)) - New reporters are added after registries were created. Some metrics will be missing from the reporter. Please add reporter before adding any new registry.
2021-12-29 13:36:33,862 [Listener at 127.0.0.1/42909] INFO  impl.MetricsSystemImpl (MetricsSystemImpl.java:init(158)) - HddsDatanode metrics system started (again)
2021-12-29 13:36:33,904 [Listener at 127.0.0.1/42909] INFO  ozone.HddsDatanodeService (HddsDatanodeService.java:start(234)) - HddsDatanodeService host:fv-az59-280.csjynl4pkq3e1pkirw3ssqjfoh.cx.internal.cloudapp.net ip:10.1.0.26
2021-12-29 13:36:33,956 [Listener at 127.0.0.1/42909] INFO  upgrade.AbstractLayoutVersionManager (AbstractLayoutVersionManager.java:init(79)) - Initializing Layout version manager with metadata layout = SCM_HA (version = 2), software layout = SCM_HA (version = 2)
2021-12-29 13:36:34,047 [Listener at 127.0.0.1/42909] INFO  reflections.Reflections (Reflections.java:scan(232)) - Reflections took 82 ms to scan 7 urls, producing 119 keys and 279 values 
2021-12-29 13:36:34,048 [Listener at 127.0.0.1/42909] INFO  statemachine.DatanodeStateMachine (DatanodeStateMachine.java:getEndPointTaskThreadPoolSize(219)) - Datanode State Machine Task Thread Pool size 2
2021-12-29 13:36:34,070 [Listener at 127.0.0.1/42909] INFO  volume.HddsVolume (HddsVolume.java:<init>(120)) - Creating HddsVolume: /home/runner/work/ozone/ozone/hadoop-ozone/integration-test/target/test-dir/MiniOzoneClusterImpl-aadba4d7-ee9c-4873-8a56-559a23ee9528/datanode-0/data-0/containers/hdds of storage type : DISK capacity : 9223372036854775807
2021-12-29 13:36:34,070 [Listener at 127.0.0.1/42909] INFO  volume.MutableVolumeSet (MutableVolumeSet.java:initializeVolumeSet(168)) - Added Volume : /home/runner/work/ozone/ozone/hadoop-ozone/integration-test/target/test-dir/MiniOzoneClusterImpl-aadba4d7-ee9c-4873-8a56-559a23ee9528/datanode-0/data-0/containers/hdds to VolumeSet
2021-12-29 13:36:34,071 [Listener at 127.0.0.1/42909] INFO  volume.ThrottledAsyncChecker (ThrottledAsyncChecker.java:schedule(141)) - Scheduling a check for /home/runner/work/ozone/ozone/hadoop-ozone/integration-test/target/test-dir/MiniOzoneClusterImpl-aadba4d7-ee9c-4873-8a56-559a23ee9528/datanode-0/data-0/containers/hdds
2021-12-29 13:36:34,101 [Listener at 127.0.0.1/42909] INFO  volume.StorageVolumeChecker (StorageVolumeChecker.java:checkAllVolumes(202)) - Scheduled health check for volume /home/runner/work/ozone/ozone/hadoop-ozone/integration-test/target/test-dir/MiniOzoneClusterImpl-aadba4d7-ee9c-4873-8a56-559a23ee9528/datanode-0/data-0/containers/hdds
2021-12-29 13:36:34,135 [Listener at 127.0.0.1/42909] INFO  volume.MutableVolumeSet (MutableVolumeSet.java:initializeVolumeSet(168)) - Added Volume : /home/runner/work/ozone/ozone/hadoop-ozone/integration-test/target/test-dir/MiniOzoneClusterImpl-aadba4d7-ee9c-4873-8a56-559a23ee9528/datanode-0/data/ratis to VolumeSet
2021-12-29 13:36:34,148 [Listener at 127.0.0.1/42909] INFO  volume.ThrottledAsyncChecker (ThrottledAsyncChecker.java:schedule(141)) - Scheduling a check for /home/runner/work/ozone/ozone/hadoop-ozone/integration-test/target/test-dir/MiniOzoneClusterImpl-aadba4d7-ee9c-4873-8a56-559a23ee9528/datanode-0/data/ratis
2021-12-29 13:36:34,148 [Listener at 127.0.0.1/42909] INFO  volume.StorageVolumeChecker (StorageVolumeChecker.java:checkAllVolumes(202)) - Scheduled health check for volume /home/runner/work/ozone/ozone/hadoop-ozone/integration-test/target/test-dir/MiniOzoneClusterImpl-aadba4d7-ee9c-4873-8a56-559a23ee9528/datanode-0/data/ratis
2021-12-29 13:36:34,177 [Thread-1253] INFO  ozoneimpl.ContainerReader (ContainerReader.java:readVolume(172)) - Finish verifying containers on volume /home/runner/work/ozone/ozone/hadoop-ozone/integration-test/target/test-dir/MiniOzoneClusterImpl-aadba4d7-ee9c-4873-8a56-559a23ee9528/datanode-0/data-0/containers/hdds
2021-12-29 13:36:34,177 [Listener at 127.0.0.1/42909] INFO  ozoneimpl.OzoneContainer (OzoneContainer.java:buildContainerSet(237)) - Build ContainerSet costs 0s
2021-12-29 13:36:34,179 [Listener at 127.0.0.1/42909] INFO  server.RaftServer (ConfUtils.java:logGet(44)) - raft.rpc.type = GRPC (default)
2021-12-29 13:36:34,180 [Listener at 127.0.0.1/42909] INFO  grpc.GrpcFactory (GrpcFactory.java:checkPooledByteBufAllocatorUseCacheForAllThreads(48)) - PERFORMANCE WARNING: useCacheForAllThreads is true that may cause Netty to create a lot garbage objects and, as a result, trigger GC.
	It is recommended to disable useCacheForAllThreads by setting -Dorg.apache.ratis.thirdparty.io.netty.allocator.useCacheForAllThreads=false in command line.
2021-12-29 13:36:34,180 [Listener at 127.0.0.1/42909] INFO  grpc.GrpcConfigKeys (ConfUtils.java:logGet(44)) - raft.grpc.admin.port = 0 (custom)
2021-12-29 13:36:34,180 [Listener at 127.0.0.1/42909] INFO  grpc.GrpcConfigKeys (ConfUtils.java:logGet(44)) - raft.grpc.client.port = 0 (custom)
2021-12-29 13:36:34,180 [Listener at 127.0.0.1/42909] INFO  grpc.GrpcConfigKeys (ConfUtils.java:logGet(44)) - raft.grpc.server.port = 0 (default)
2021-12-29 13:36:34,180 [Listener at 127.0.0.1/42909] INFO  server.GrpcService (ConfUtils.java:logGet(44)) - raft.grpc.message.size.max = 32MB (=33554432) (custom)
2021-12-29 13:36:34,180 [Listener at 127.0.0.1/42909] INFO  server.RaftServerConfigKeys (ConfUtils.java:logGet(44)) - raft.server.log.appender.buffer.byte-limit = 33554432 (custom)
2021-12-29 13:36:34,180 [Listener at 127.0.0.1/42909] INFO  server.GrpcService (ConfUtils.java:logGet(44)) - raft.grpc.flow.control.window = 5MB (=5242880) (custom)
2021-12-29 13:36:34,180 [Listener at 127.0.0.1/42909] INFO  server.RaftServerConfigKeys (ConfUtils.java:logGet(44)) - raft.server.rpc.request.timeout = 60s (custom)
2021-12-29 13:36:34,181 [Listener at 127.0.0.1/42909] INFO  impl.DataStreamServerImpl (ConfUtils.java:logGet(44)) - raft.datastream.type = DISABLED (default)
2021-12-29 13:36:34,181 [Listener at 127.0.0.1/42909] INFO  server.RaftServerConfigKeys (ConfUtils.java:logGet(44)) - raft.server.rpc.slowness.timeout = 300s (custom)
2021-12-29 13:36:34,181 [Listener at 127.0.0.1/42909] INFO  server.RaftServerConfigKeys (ConfUtils.java:logGet(44)) - raft.server.leaderelection.leader.step-down.wait-time = 10s (default)
2021-12-29 13:36:34,182 [Listener at 127.0.0.1/42909] INFO  server.RaftServerConfigKeys (ConfUtils.java:logGet(44)) - raft.server.storage.dir = [/home/runner/work/ozone/ozone/hadoop-ozone/integration-test/target/test-dir/MiniOzoneClusterImpl-aadba4d7-ee9c-4873-8a56-559a23ee9528/datanode-0/data/ratis] (custom)
2021-12-29 13:36:34,207 [Listener at 127.0.0.1/42909] INFO  server.XceiverServerGrpc (XceiverServerGrpc.java:<init>(132)) - GrpcServer channel type EpollServerSocketChannel
2021-12-29 13:36:34,227 [Listener at 127.0.0.1/42909] INFO  http.BaseHttpServer (BaseHttpServer.java:newHttpServer2BuilderForOzone(209)) - Starting Web-server for hddsDatanode at: http://0.0.0.0:0
2021-12-29 13:36:34,227 [Listener at 127.0.0.1/42909] INFO  http.BaseHttpServer (BaseHttpServer.java:<init>(107)) - Hadoop Security Enabled: false Ozone Security Enabled: false Ozone HTTP Security Enabled: false 
2021-12-29 13:36:34,228 [Listener at 127.0.0.1/42909] INFO  server.AuthenticationFilter (AuthenticationFilter.java:constructSecretProvider(240)) - Unable to initialize FileSignerSecretProvider, falling back to use random secrets.
2021-12-29 13:36:34,267 [Listener at 127.0.0.1/42909] WARN  http.HttpRequestLog (HttpRequestLog.java:getRequestLog(103)) - Jetty request log can only be enabled using Log4j
2021-12-29 13:36:34,268 [Listener at 127.0.0.1/42909] INFO  http.HttpServer2 (HttpServer2.java:addGlobalFilter(1030)) - Added global filter 'safety' (class=org.apache.hadoop.hdds.server.http.HttpServer2$QuotingInputFilter)
2021-12-29 13:36:34,268 [Listener at 127.0.0.1/42909] INFO  http.HttpServer2 (HttpServer2.java:addFilter(1006)) - Added filter static_user_filter (class=org.apache.hadoop.http.lib.StaticUserWebFilter$StaticUserFilter) to context hddsDatanode
2021-12-29 13:36:34,269 [Listener at 127.0.0.1/42909] INFO  http.HttpServer2 (HttpServer2.java:addFilter(1014)) - Added filter static_user_filter (class=org.apache.hadoop.http.lib.StaticUserWebFilter$StaticUserFilter) to context static
2021-12-29 13:36:34,269 [Listener at 127.0.0.1/42909] INFO  http.HttpServer2 (HttpServer2.java:addFilter(1014)) - Added filter static_user_filter (class=org.apache.hadoop.http.lib.StaticUserWebFilter$StaticUserFilter) to context logs
2021-12-29 13:36:34,269 [Listener at 127.0.0.1/42909] INFO  http.HttpServer2 (HttpServer2.java:bindListener(1249)) - Jetty bound to port 44771
2021-12-29 13:36:34,269 [Listener at 127.0.0.1/42909] INFO  server.Server (Server.java:doStart(375)) - jetty-9.4.43.v20210629; built: 2021-06-30T11:07:22.254Z; git: 526006ecfa3af7f1a27ef3a288e2bef7ea9dd7e8; jvm 1.8.0_292-b10
2021-12-29 13:36:34,297 [Listener at 127.0.0.1/42909] INFO  server.session (DefaultSessionIdManager.java:doStart(334)) - DefaultSessionIdManager workerName=node0
2021-12-29 13:36:34,298 [Listener at 127.0.0.1/42909] INFO  server.session (DefaultSessionIdManager.java:doStart(339)) - No SessionScavenger set, using defaults
2021-12-29 13:36:34,298 [Listener at 127.0.0.1/42909] INFO  server.session (HouseKeeper.java:startScavenging(132)) - node0 Scavenging every 660000ms
2021-12-29 13:36:34,298 [Listener at 127.0.0.1/42909] INFO  handler.ContextHandler (ContextHandler.java:doStart(915)) - Started o.e.j.s.ServletContextHandler@2a33abcd{logs,/logs,file:///home/runner/work/ozone/ozone/hadoop-ozone/integration-test/target/log,AVAILABLE}
2021-12-29 13:36:34,299 [Listener at 127.0.0.1/42909] INFO  handler.ContextHandler (ContextHandler.java:doStart(915)) - Started o.e.j.s.ServletContextHandler@1e4afd9a{static,/static,jar:file:/home/runner/.m2/repository/org/apache/ozone/hdds-container-service/1.3.0-SNAPSHOT/hdds-container-service-1.3.0-SNAPSHOT.jar!/webapps/static,AVAILABLE}
2021-12-29 13:36:34,407 [Listener at 127.0.0.1/42909] INFO  handler.ContextHandler (ContextHandler.java:doStart(915)) - Started o.e.j.w.WebAppContext@5715e1dd{hddsDatanode,/,file:///tmp/jetty-0_0_0_0-44771-hdds-container-service-1_3_0-SNAPSHOT_jar-_-any-5360056112277556491/webapp/,AVAILABLE}{jar:file:/home/runner/.m2/repository/org/apache/ozone/hdds-container-service/1.3.0-SNAPSHOT/hdds-container-service-1.3.0-SNAPSHOT.jar!/webapps/hddsDatanode}
2021-12-29 13:36:34,422 [Listener at 127.0.0.1/42909] INFO  server.AbstractConnector (AbstractConnector.java:doStart(331)) - Started ServerConnector@6ae52aa2{HTTP/1.1, (http/1.1)}{0.0.0.0:44771}
2021-12-29 13:36:34,422 [Listener at 127.0.0.1/42909] INFO  server.Server (Server.java:doStart(415)) - Started @157949ms
2021-12-29 13:36:34,423 [Listener at 127.0.0.1/42909] WARN  impl.MetricsSystemImpl (MetricsSystemImpl.java:register(279)) - Sink prometheus already exists!
2021-12-29 13:36:34,423 [Listener at 127.0.0.1/42909] INFO  http.BaseHttpServer (BaseHttpServer.java:updateConnectorAddress(329)) - HTTP server of hddsDatanode listening at http://0.0.0.0:44771
2021-12-29 13:36:34,429 [Listener at 127.0.0.1/42909] WARN  impl.MetricRegistriesImpl (MetricRegistriesImpl.java:addReporterRegistration(111)) - New reporters are added after registries were created. Some metrics will be missing from the reporter. Please add reporter before adding any new registry.
2021-12-29 13:36:34,429 [Listener at 127.0.0.1/42909] WARN  impl.MetricRegistriesImpl (MetricRegistriesImpl.java:addReporterRegistration(111)) - New reporters are added after registries were created. Some metrics will be missing from the reporter. Please add reporter before adding any new registry.
2021-12-29 13:36:34,429 [Listener at 127.0.0.1/42909] INFO  impl.MetricsSystemImpl (MetricsSystemImpl.java:init(158)) - HddsDatanode metrics system started (again)
2021-12-29 13:36:34,434 [Datanode State Machine Daemon Thread] INFO  statemachine.DatanodeStateMachine (DatanodeStateMachine.java:lambda$startDaemon$0(467)) - Ozone container server started.
2021-12-29 13:36:34,443 [org.apache.hadoop.util.JvmPauseMonitor$Monitor@1872342f] INFO  util.JvmPauseMonitor (JvmPauseMonitor.java:run(188)) - Starting JVM pause monitor
2021-12-29 13:36:34,447 [Datanode State Machine Task Thread - 0] INFO  datanode.InitDatanodeState (InitDatanodeState.java:persistContainerDatanodeDetails(145)) - DatanodeDetails is persisted to /home/runner/work/ozone/ozone/hadoop-ozone/integration-test/target/test-dir/MiniOzoneClusterImpl-aadba4d7-ee9c-4873-8a56-559a23ee9528/datanode-0/meta/datanode.id
2021-12-29 13:36:34,481 [Listener at 127.0.0.1/42909] INFO  ozone.HddsDatanodeService (HddsDatanodeService.java:start(234)) - HddsDatanodeService host:fv-az59-280.csjynl4pkq3e1pkirw3ssqjfoh.cx.internal.cloudapp.net ip:10.1.0.26
2021-12-29 13:36:34,547 [Listener at 127.0.0.1/42909] INFO  upgrade.AbstractLayoutVersionManager (AbstractLayoutVersionManager.java:init(79)) - Initializing Layout version manager with metadata layout = SCM_HA (version = 2), software layout = SCM_HA (version = 2)
2021-12-29 13:36:34,636 [Listener at 127.0.0.1/42909] INFO  reflections.Reflections (Reflections.java:scan(232)) - Reflections took 86 ms to scan 7 urls, producing 119 keys and 279 values 
2021-12-29 13:36:34,638 [Listener at 127.0.0.1/42909] INFO  statemachine.DatanodeStateMachine (DatanodeStateMachine.java:getEndPointTaskThreadPoolSize(219)) - Datanode State Machine Task Thread Pool size 2
2021-12-29 13:36:34,639 [Listener at 127.0.0.1/42909] INFO  volume.HddsVolume (HddsVolume.java:<init>(120)) - Creating HddsVolume: /home/runner/work/ozone/ozone/hadoop-ozone/integration-test/target/test-dir/MiniOzoneClusterImpl-aadba4d7-ee9c-4873-8a56-559a23ee9528/datanode-1/data-0/containers/hdds of storage type : DISK capacity : 9223372036854775807
2021-12-29 13:36:34,640 [Listener at 127.0.0.1/42909] INFO  volume.MutableVolumeSet (MutableVolumeSet.java:initializeVolumeSet(168)) - Added Volume : /home/runner/work/ozone/ozone/hadoop-ozone/integration-test/target/test-dir/MiniOzoneClusterImpl-aadba4d7-ee9c-4873-8a56-559a23ee9528/datanode-1/data-0/containers/hdds to VolumeSet
2021-12-29 13:36:34,640 [Listener at 127.0.0.1/42909] INFO  volume.ThrottledAsyncChecker (ThrottledAsyncChecker.java:schedule(141)) - Scheduling a check for /home/runner/work/ozone/ozone/hadoop-ozone/integration-test/target/test-dir/MiniOzoneClusterImpl-aadba4d7-ee9c-4873-8a56-559a23ee9528/datanode-1/data-0/containers/hdds
2021-12-29 13:36:34,642 [Listener at 127.0.0.1/42909] INFO  volume.StorageVolumeChecker (StorageVolumeChecker.java:checkAllVolumes(202)) - Scheduled health check for volume /home/runner/work/ozone/ozone/hadoop-ozone/integration-test/target/test-dir/MiniOzoneClusterImpl-aadba4d7-ee9c-4873-8a56-559a23ee9528/datanode-1/data-0/containers/hdds
2021-12-29 13:36:34,668 [Listener at 127.0.0.1/42909] INFO  volume.MutableVolumeSet (MutableVolumeSet.java:initializeVolumeSet(168)) - Added Volume : /home/runner/work/ozone/ozone/hadoop-ozone/integration-test/target/test-dir/MiniOzoneClusterImpl-aadba4d7-ee9c-4873-8a56-559a23ee9528/datanode-1/data/ratis to VolumeSet
2021-12-29 13:36:34,669 [Listener at 127.0.0.1/42909] INFO  volume.ThrottledAsyncChecker (ThrottledAsyncChecker.java:schedule(141)) - Scheduling a check for /home/runner/work/ozone/ozone/hadoop-ozone/integration-test/target/test-dir/MiniOzoneClusterImpl-aadba4d7-ee9c-4873-8a56-559a23ee9528/datanode-1/data/ratis
2021-12-29 13:36:34,669 [Listener at 127.0.0.1/42909] INFO  volume.StorageVolumeChecker (StorageVolumeChecker.java:checkAllVolumes(202)) - Scheduled health check for volume /home/runner/work/ozone/ozone/hadoop-ozone/integration-test/target/test-dir/MiniOzoneClusterImpl-aadba4d7-ee9c-4873-8a56-559a23ee9528/datanode-1/data/ratis
2021-12-29 13:36:34,712 [Thread-1265] INFO  ozoneimpl.ContainerReader (ContainerReader.java:readVolume(172)) - Finish verifying containers on volume /home/runner/work/ozone/ozone/hadoop-ozone/integration-test/target/test-dir/MiniOzoneClusterImpl-aadba4d7-ee9c-4873-8a56-559a23ee9528/datanode-1/data-0/containers/hdds
2021-12-29 13:36:34,712 [Listener at 127.0.0.1/42909] INFO  ozoneimpl.OzoneContainer (OzoneContainer.java:buildContainerSet(237)) - Build ContainerSet costs 0s
2021-12-29 13:36:34,714 [Listener at 127.0.0.1/42909] INFO  server.RaftServer (ConfUtils.java:logGet(44)) - raft.rpc.type = GRPC (default)
2021-12-29 13:36:34,714 [Listener at 127.0.0.1/42909] INFO  grpc.GrpcFactory (GrpcFactory.java:checkPooledByteBufAllocatorUseCacheForAllThreads(48)) - PERFORMANCE WARNING: useCacheForAllThreads is true that may cause Netty to create a lot garbage objects and, as a result, trigger GC.
	It is recommended to disable useCacheForAllThreads by setting -Dorg.apache.ratis.thirdparty.io.netty.allocator.useCacheForAllThreads=false in command line.
2021-12-29 13:36:34,714 [Listener at 127.0.0.1/42909] INFO  grpc.GrpcConfigKeys (ConfUtils.java:logGet(44)) - raft.grpc.admin.port = 0 (custom)
2021-12-29 13:36:34,715 [Listener at 127.0.0.1/42909] INFO  grpc.GrpcConfigKeys (ConfUtils.java:logGet(44)) - raft.grpc.client.port = 0 (custom)
2021-12-29 13:36:34,715 [Listener at 127.0.0.1/42909] INFO  grpc.GrpcConfigKeys (ConfUtils.java:logGet(44)) - raft.grpc.server.port = 0 (default)
2021-12-29 13:36:34,715 [Listener at 127.0.0.1/42909] INFO  server.GrpcService (ConfUtils.java:logGet(44)) - raft.grpc.message.size.max = 32MB (=33554432) (custom)
2021-12-29 13:36:34,720 [Listener at 127.0.0.1/42909] INFO  server.RaftServerConfigKeys (ConfUtils.java:logGet(44)) - raft.server.log.appender.buffer.byte-limit = 33554432 (custom)
2021-12-29 13:36:34,720 [Listener at 127.0.0.1/42909] INFO  server.GrpcService (ConfUtils.java:logGet(44)) - raft.grpc.flow.control.window = 5MB (=5242880) (custom)
2021-12-29 13:36:34,721 [Listener at 127.0.0.1/42909] INFO  server.RaftServerConfigKeys (ConfUtils.java:logGet(44)) - raft.server.rpc.request.timeout = 60s (custom)
2021-12-29 13:36:34,722 [Listener at 127.0.0.1/42909] INFO  impl.DataStreamServerImpl (ConfUtils.java:logGet(44)) - raft.datastream.type = DISABLED (default)
2021-12-29 13:36:34,722 [Listener at 127.0.0.1/42909] INFO  server.RaftServerConfigKeys (ConfUtils.java:logGet(44)) - raft.server.rpc.slowness.timeout = 300s (custom)
2021-12-29 13:36:34,722 [Listener at 127.0.0.1/42909] INFO  server.RaftServerConfigKeys (ConfUtils.java:logGet(44)) - raft.server.leaderelection.leader.step-down.wait-time = 10s (default)
2021-12-29 13:36:34,722 [Listener at 127.0.0.1/42909] INFO  server.RaftServerConfigKeys (ConfUtils.java:logGet(44)) - raft.server.storage.dir = [/home/runner/work/ozone/ozone/hadoop-ozone/integration-test/target/test-dir/MiniOzoneClusterImpl-aadba4d7-ee9c-4873-8a56-559a23ee9528/datanode-1/data/ratis] (custom)
2021-12-29 13:36:34,723 [Listener at 127.0.0.1/42909] INFO  server.XceiverServerGrpc (XceiverServerGrpc.java:<init>(132)) - GrpcServer channel type EpollServerSocketChannel
2021-12-29 13:36:34,743 [Listener at 127.0.0.1/42909] INFO  http.BaseHttpServer (BaseHttpServer.java:newHttpServer2BuilderForOzone(209)) - Starting Web-server for hddsDatanode at: http://0.0.0.0:0
2021-12-29 13:36:34,743 [Listener at 127.0.0.1/42909] INFO  http.BaseHttpServer (BaseHttpServer.java:<init>(107)) - Hadoop Security Enabled: false Ozone Security Enabled: false Ozone HTTP Security Enabled: false 
2021-12-29 13:36:34,744 [Listener at 127.0.0.1/42909] INFO  server.AuthenticationFilter (AuthenticationFilter.java:constructSecretProvider(240)) - Unable to initialize FileSignerSecretProvider, falling back to use random secrets.
2021-12-29 13:36:34,747 [Listener at 127.0.0.1/42909] WARN  http.HttpRequestLog (HttpRequestLog.java:getRequestLog(103)) - Jetty request log can only be enabled using Log4j
2021-12-29 13:36:34,748 [Listener at 127.0.0.1/42909] INFO  http.HttpServer2 (HttpServer2.java:addGlobalFilter(1030)) - Added global filter 'safety' (class=org.apache.hadoop.hdds.server.http.HttpServer2$QuotingInputFilter)
2021-12-29 13:36:34,748 [Listener at 127.0.0.1/42909] INFO  http.HttpServer2 (HttpServer2.java:addFilter(1006)) - Added filter static_user_filter (class=org.apache.hadoop.http.lib.StaticUserWebFilter$StaticUserFilter) to context hddsDatanode
2021-12-29 13:36:34,748 [Listener at 127.0.0.1/42909] INFO  http.HttpServer2 (HttpServer2.java:addFilter(1014)) - Added filter static_user_filter (class=org.apache.hadoop.http.lib.StaticUserWebFilter$StaticUserFilter) to context static
2021-12-29 13:36:34,749 [Listener at 127.0.0.1/42909] INFO  http.HttpServer2 (HttpServer2.java:addFilter(1014)) - Added filter static_user_filter (class=org.apache.hadoop.http.lib.StaticUserWebFilter$StaticUserFilter) to context logs
2021-12-29 13:36:34,749 [Listener at 127.0.0.1/42909] INFO  http.HttpServer2 (HttpServer2.java:bindListener(1249)) - Jetty bound to port 35671
2021-12-29 13:36:34,749 [Listener at 127.0.0.1/42909] INFO  server.Server (Server.java:doStart(375)) - jetty-9.4.43.v20210629; built: 2021-06-30T11:07:22.254Z; git: 526006ecfa3af7f1a27ef3a288e2bef7ea9dd7e8; jvm 1.8.0_292-b10
2021-12-29 13:36:34,751 [Listener at 127.0.0.1/42909] INFO  server.session (DefaultSessionIdManager.java:doStart(334)) - DefaultSessionIdManager workerName=node0
2021-12-29 13:36:34,751 [Listener at 127.0.0.1/42909] INFO  server.session (DefaultSessionIdManager.java:doStart(339)) - No SessionScavenger set, using defaults
2021-12-29 13:36:34,751 [Listener at 127.0.0.1/42909] INFO  server.session (HouseKeeper.java:startScavenging(132)) - node0 Scavenging every 600000ms
2021-12-29 13:36:34,760 [Listener at 127.0.0.1/42909] INFO  handler.ContextHandler (ContextHandler.java:doStart(915)) - Started o.e.j.s.ServletContextHandler@4a0dffda{logs,/logs,file:///home/runner/work/ozone/ozone/hadoop-ozone/integration-test/target/log,AVAILABLE}
2021-12-29 13:36:34,761 [Listener at 127.0.0.1/42909] INFO  handler.ContextHandler (ContextHandler.java:doStart(915)) - Started o.e.j.s.ServletContextHandler@7bb00516{static,/static,jar:file:/home/runner/.m2/repository/org/apache/ozone/hdds-container-service/1.3.0-SNAPSHOT/hdds-container-service-1.3.0-SNAPSHOT.jar!/webapps/static,AVAILABLE}
2021-12-29 13:36:34,834 [Listener at 127.0.0.1/42909] INFO  handler.ContextHandler (ContextHandler.java:doStart(915)) - Started o.e.j.w.WebAppContext@2bb42c81{hddsDatanode,/,file:///tmp/jetty-0_0_0_0-35671-hdds-container-service-1_3_0-SNAPSHOT_jar-_-any-4764189324882025073/webapp/,AVAILABLE}{jar:file:/home/runner/.m2/repository/org/apache/ozone/hdds-container-service/1.3.0-SNAPSHOT/hdds-container-service-1.3.0-SNAPSHOT.jar!/webapps/hddsDatanode}
2021-12-29 13:36:34,844 [Listener at 127.0.0.1/42909] INFO  server.AbstractConnector (AbstractConnector.java:doStart(331)) - Started ServerConnector@42b4ce54{HTTP/1.1, (http/1.1)}{0.0.0.0:35671}
2021-12-29 13:36:34,844 [Listener at 127.0.0.1/42909] INFO  server.Server (Server.java:doStart(415)) - Started @158371ms
2021-12-29 13:36:34,844 [Listener at 127.0.0.1/42909] WARN  impl.MetricsSystemImpl (MetricsSystemImpl.java:register(279)) - Sink prometheus already exists!
2021-12-29 13:36:34,862 [om1@group-C5BA1605619E-FollowerState] INFO  impl.FollowerState (FollowerState.java:run(134)) - om1@group-C5BA1605619E-FollowerState: change to CANDIDATE, lastRpcElapsedTime:1226516342ns, electionTimeout:1197ms
2021-12-29 13:36:34,862 [om1@group-C5BA1605619E-FollowerState] INFO  impl.RoleInfo (RoleInfo.java:shutdownFollowerState(108)) - om1: shutdown om1@group-C5BA1605619E-FollowerState
2021-12-29 13:36:34,862 [om1@group-C5BA1605619E-FollowerState] INFO  server.RaftServer$Division (RaftServerImpl.java:setRole(290)) - om1@group-C5BA1605619E: changes role from  FOLLOWER to CANDIDATE at term 0 for changeToCandidate
2021-12-29 13:36:34,862 [om1@group-C5BA1605619E-FollowerState] INFO  server.RaftServerConfigKeys (ConfUtils.java:logGet(44)) - raft.server.leaderelection.pre-vote = false (custom)
2021-12-29 13:36:34,862 [om1@group-C5BA1605619E-FollowerState] INFO  impl.RoleInfo (RoleInfo.java:updateAndGet(130)) - om1: start om1@group-C5BA1605619E-LeaderElection41
2021-12-29 13:36:34,866 [Listener at 127.0.0.1/42909] INFO  http.BaseHttpServer (BaseHttpServer.java:updateConnectorAddress(329)) - HTTP server of hddsDatanode listening at http://0.0.0.0:35671
2021-12-29 13:36:34,871 [Listener at 127.0.0.1/42909] WARN  impl.MetricRegistriesImpl (MetricRegistriesImpl.java:addReporterRegistration(111)) - New reporters are added after registries were created. Some metrics will be missing from the reporter. Please add reporter before adding any new registry.
2021-12-29 13:36:34,875 [Listener at 127.0.0.1/42909] WARN  impl.MetricRegistriesImpl (MetricRegistriesImpl.java:addReporterRegistration(111)) - New reporters are added after registries were created. Some metrics will be missing from the reporter. Please add reporter before adding any new registry.
2021-12-29 13:36:34,875 [Listener at 127.0.0.1/42909] INFO  impl.MetricsSystemImpl (MetricsSystemImpl.java:init(158)) - HddsDatanode metrics system started (again)
2021-12-29 13:36:34,881 [om1@group-C5BA1605619E-LeaderElection41] INFO  impl.LeaderElection (LeaderElection.java:askForVotes(306)) - om1@group-C5BA1605619E-LeaderElection41 ELECTION round 0: submit vote requests at term 1 for -1: [om1|rpc:localhost:9872|priority:0], old=null
2021-12-29 13:36:34,886 [Datanode State Machine Daemon Thread] INFO  statemachine.DatanodeStateMachine (DatanodeStateMachine.java:lambda$startDaemon$0(467)) - Ozone container server started.
2021-12-29 13:36:34,886 [om1@group-C5BA1605619E-LeaderElection41] INFO  impl.LeaderElection (LeaderElection.java:askForVotes(308)) - om1@group-C5BA1605619E-LeaderElection41 ELECTION round 0: result PASSED (term=1)
2021-12-29 13:36:34,950 [om1@group-C5BA1605619E-LeaderElection41] INFO  impl.RoleInfo (RoleInfo.java:shutdownLeaderElection(121)) - om1: shutdown om1@group-C5BA1605619E-LeaderElection41
2021-12-29 13:36:34,950 [om1@group-C5BA1605619E-LeaderElection41] INFO  server.RaftServer$Division (RaftServerImpl.java:setRole(290)) - om1@group-C5BA1605619E: changes role from CANDIDATE to LEADER at term 1 for changeToLeader
2021-12-29 13:36:34,950 [om1@group-C5BA1605619E-LeaderElection41] INFO  server.RaftServer$Division (ServerState.java:setLeader(285)) - om1@group-C5BA1605619E: change Leader from null to om1 at term 1 for becomeLeader, leader elected after 1365ms
2021-12-29 13:36:34,950 [om1@group-C5BA1605619E-LeaderElection41] INFO  server.RaftServerConfigKeys (ConfUtils.java:logGet(44)) - raft.server.staging.catchup.gap = 1000 (default)
2021-12-29 13:36:34,950 [om1@group-C5BA1605619E-LeaderElection41] INFO  server.RaftServerConfigKeys (ConfUtils.java:logGet(44)) - raft.server.write.element-limit = 4096 (default)
2021-12-29 13:36:34,951 [om1@group-C5BA1605619E-LeaderElection41] INFO  server.RaftServerConfigKeys (ConfUtils.java:logGet(44)) - raft.server.write.byte-limit = 64MB (=67108864) (default)
2021-12-29 13:36:34,943 [Datanode State Machine Task Thread - 0] INFO  datanode.InitDatanodeState (InitDatanodeState.java:persistContainerDatanodeDetails(145)) - DatanodeDetails is persisted to /home/runner/work/ozone/ozone/hadoop-ozone/integration-test/target/test-dir/MiniOzoneClusterImpl-aadba4d7-ee9c-4873-8a56-559a23ee9528/datanode-1/meta/datanode.id
2021-12-29 13:36:34,951 [om1@group-C5BA1605619E-LeaderElection41] INFO  server.RaftServerConfigKeys (ConfUtils.java:logGet(44)) - raft.server.watch.timeout = 10s (default)
2021-12-29 13:36:34,951 [om1@group-C5BA1605619E-LeaderElection41] INFO  server.RaftServerConfigKeys (ConfUtils.java:logGet(44)) - raft.server.watch.timeout.denomination = 1s (default)
2021-12-29 13:36:34,951 [om1@group-C5BA1605619E-LeaderElection41] INFO  server.RaftServerConfigKeys (ConfUtils.java:logGet(44)) - raft.server.watch.element-limit = 65536 (default)
2021-12-29 13:36:34,951 [om1@group-C5BA1605619E-LeaderElection41] INFO  server.RaftServerConfigKeys (ConfUtils.java:logGet(44)) - raft.server.write.element-limit = 4096 (default)
2021-12-29 13:36:34,951 [om1@group-C5BA1605619E-LeaderElection41] INFO  server.RaftServerConfigKeys (ConfUtils.java:logGet(44)) - raft.server.write.follower.gap.ratio.max = -1.0 (default)
2021-12-29 13:36:34,951 [om1@group-C5BA1605619E-LeaderElection41] INFO  impl.RoleInfo (RoleInfo.java:updateAndGet(130)) - om1: start om1@group-C5BA1605619E-LeaderStateImpl
2021-12-29 13:36:34,951 [om1@group-C5BA1605619E-LeaderElection41] INFO  segmented.SegmentedRaftLogWorker (SegmentedRaftLogWorker.java:startLogSegment(394)) - om1@group-C5BA1605619E-SegmentedRaftLogWorker: Starting segment from index:0
2021-12-29 13:36:34,963 [om1@group-C5BA1605619E-LeaderElection41] INFO  server.RaftServer$Division (ServerState.java:setRaftConf(387)) - om1@group-C5BA1605619E: set configuration 0: [om1|rpc:localhost:9872|admin:|client:|dataStream:|priority:0], old=null
2021-12-29 13:36:34,941 [org.apache.hadoop.util.JvmPauseMonitor$Monitor@5cf66fd9] INFO  util.JvmPauseMonitor (JvmPauseMonitor.java:run(188)) - Starting JVM pause monitor
2021-12-29 13:36:34,966 [om1@group-C5BA1605619E-SegmentedRaftLogWorker] INFO  segmented.SegmentedRaftLogWorker (SegmentedRaftLogWorker.java:execute(601)) - om1@group-C5BA1605619E-SegmentedRaftLogWorker: created new log segment /home/runner/work/ozone/ozone/hadoop-ozone/integration-test/target/test-dir/MiniOzoneClusterImpl-aadba4d7-ee9c-4873-8a56-559a23ee9528/ozone-meta/ratis/bf265839-605b-3f16-9796-c5ba1605619e/current/log_inprogress_0
2021-12-29 13:36:34,983 [om1@group-C5BA1605619E-StateMachineUpdater] INFO  ratis.OzoneManagerStateMachine (OzoneManagerStateMachine.java:notifyConfigurationChanged(188)) - Received Configuration change notification from Ratis. New Peer list:
[id: "om1"
address: "localhost:9872"
]
2021-12-29 13:36:34,984 [Listener at 127.0.0.1/42909] INFO  ozone.HddsDatanodeService (HddsDatanodeService.java:start(234)) - HddsDatanodeService host:fv-az59-280.csjynl4pkq3e1pkirw3ssqjfoh.cx.internal.cloudapp.net ip:10.1.0.26
2021-12-29 13:36:35,026 [Listener at 127.0.0.1/42909] INFO  upgrade.AbstractLayoutVersionManager (AbstractLayoutVersionManager.java:init(79)) - Initializing Layout version manager with metadata layout = SCM_HA (version = 2), software layout = SCM_HA (version = 2)
2021-12-29 13:36:35,080 [Listener at 127.0.0.1/42909] INFO  reflections.Reflections (Reflections.java:scan(232)) - Reflections took 53 ms to scan 7 urls, producing 119 keys and 279 values 
2021-12-29 13:36:35,083 [Listener at 127.0.0.1/42909] INFO  statemachine.DatanodeStateMachine (DatanodeStateMachine.java:getEndPointTaskThreadPoolSize(219)) - Datanode State Machine Task Thread Pool size 2
2021-12-29 13:36:35,084 [Listener at 127.0.0.1/42909] INFO  volume.HddsVolume (HddsVolume.java:<init>(120)) - Creating HddsVolume: /home/runner/work/ozone/ozone/hadoop-ozone/integration-test/target/test-dir/MiniOzoneClusterImpl-aadba4d7-ee9c-4873-8a56-559a23ee9528/datanode-2/data-0/containers/hdds of storage type : DISK capacity : 9223372036854775807
2021-12-29 13:36:35,084 [Listener at 127.0.0.1/42909] INFO  volume.MutableVolumeSet (MutableVolumeSet.java:initializeVolumeSet(168)) - Added Volume : /home/runner/work/ozone/ozone/hadoop-ozone/integration-test/target/test-dir/MiniOzoneClusterImpl-aadba4d7-ee9c-4873-8a56-559a23ee9528/datanode-2/data-0/containers/hdds to VolumeSet
2021-12-29 13:36:35,084 [Listener at 127.0.0.1/42909] INFO  volume.ThrottledAsyncChecker (ThrottledAsyncChecker.java:schedule(141)) - Scheduling a check for /home/runner/work/ozone/ozone/hadoop-ozone/integration-test/target/test-dir/MiniOzoneClusterImpl-aadba4d7-ee9c-4873-8a56-559a23ee9528/datanode-2/data-0/containers/hdds
2021-12-29 13:36:35,106 [Listener at 127.0.0.1/42909] INFO  volume.StorageVolumeChecker (StorageVolumeChecker.java:checkAllVolumes(202)) - Scheduled health check for volume /home/runner/work/ozone/ozone/hadoop-ozone/integration-test/target/test-dir/MiniOzoneClusterImpl-aadba4d7-ee9c-4873-8a56-559a23ee9528/datanode-2/data-0/containers/hdds
2021-12-29 13:36:35,145 [Listener at 127.0.0.1/42909] INFO  volume.MutableVolumeSet (MutableVolumeSet.java:initializeVolumeSet(168)) - Added Volume : /home/runner/work/ozone/ozone/hadoop-ozone/integration-test/target/test-dir/MiniOzoneClusterImpl-aadba4d7-ee9c-4873-8a56-559a23ee9528/datanode-2/data/ratis to VolumeSet
2021-12-29 13:36:35,146 [Listener at 127.0.0.1/42909] INFO  volume.ThrottledAsyncChecker (ThrottledAsyncChecker.java:schedule(141)) - Scheduling a check for /home/runner/work/ozone/ozone/hadoop-ozone/integration-test/target/test-dir/MiniOzoneClusterImpl-aadba4d7-ee9c-4873-8a56-559a23ee9528/datanode-2/data/ratis
2021-12-29 13:36:35,146 [Listener at 127.0.0.1/42909] INFO  volume.StorageVolumeChecker (StorageVolumeChecker.java:checkAllVolumes(202)) - Scheduled health check for volume /home/runner/work/ozone/ozone/hadoop-ozone/integration-test/target/test-dir/MiniOzoneClusterImpl-aadba4d7-ee9c-4873-8a56-559a23ee9528/datanode-2/data/ratis
2021-12-29 13:36:35,215 [Thread-1279] INFO  ozoneimpl.ContainerReader (ContainerReader.java:readVolume(172)) - Finish verifying containers on volume /home/runner/work/ozone/ozone/hadoop-ozone/integration-test/target/test-dir/MiniOzoneClusterImpl-aadba4d7-ee9c-4873-8a56-559a23ee9528/datanode-2/data-0/containers/hdds
2021-12-29 13:36:35,215 [Listener at 127.0.0.1/42909] INFO  ozoneimpl.OzoneContainer (OzoneContainer.java:buildContainerSet(237)) - Build ContainerSet costs 0s
2021-12-29 13:36:35,217 [Listener at 127.0.0.1/42909] INFO  server.RaftServer (ConfUtils.java:logGet(44)) - raft.rpc.type = GRPC (default)
2021-12-29 13:36:35,218 [Listener at 127.0.0.1/42909] INFO  grpc.GrpcFactory (GrpcFactory.java:checkPooledByteBufAllocatorUseCacheForAllThreads(48)) - PERFORMANCE WARNING: useCacheForAllThreads is true that may cause Netty to create a lot garbage objects and, as a result, trigger GC.
	It is recommended to disable useCacheForAllThreads by setting -Dorg.apache.ratis.thirdparty.io.netty.allocator.useCacheForAllThreads=false in command line.
2021-12-29 13:36:35,218 [Listener at 127.0.0.1/42909] INFO  grpc.GrpcConfigKeys (ConfUtils.java:logGet(44)) - raft.grpc.admin.port = 0 (custom)
2021-12-29 13:36:35,219 [Listener at 127.0.0.1/42909] INFO  grpc.GrpcConfigKeys (ConfUtils.java:logGet(44)) - raft.grpc.client.port = 0 (custom)
2021-12-29 13:36:35,219 [Listener at 127.0.0.1/42909] INFO  grpc.GrpcConfigKeys (ConfUtils.java:logGet(44)) - raft.grpc.server.port = 0 (default)
2021-12-29 13:36:35,219 [Listener at 127.0.0.1/42909] INFO  server.GrpcService (ConfUtils.java:logGet(44)) - raft.grpc.message.size.max = 32MB (=33554432) (custom)
2021-12-29 13:36:35,219 [Listener at 127.0.0.1/42909] INFO  server.RaftServerConfigKeys (ConfUtils.java:logGet(44)) - raft.server.log.appender.buffer.byte-limit = 33554432 (custom)
2021-12-29 13:36:35,219 [Listener at 127.0.0.1/42909] INFO  server.GrpcService (ConfUtils.java:logGet(44)) - raft.grpc.flow.control.window = 5MB (=5242880) (custom)
2021-12-29 13:36:35,229 [Listener at 127.0.0.1/42909] INFO  server.RaftServerConfigKeys (ConfUtils.java:logGet(44)) - raft.server.rpc.request.timeout = 60s (custom)
2021-12-29 13:36:35,231 [Listener at 127.0.0.1/42909] INFO  impl.DataStreamServerImpl (ConfUtils.java:logGet(44)) - raft.datastream.type = DISABLED (default)
2021-12-29 13:36:35,232 [Listener at 127.0.0.1/42909] INFO  server.RaftServerConfigKeys (ConfUtils.java:logGet(44)) - raft.server.rpc.slowness.timeout = 300s (custom)
2021-12-29 13:36:35,232 [Listener at 127.0.0.1/42909] INFO  server.RaftServerConfigKeys (ConfUtils.java:logGet(44)) - raft.server.leaderelection.leader.step-down.wait-time = 10s (default)
2021-12-29 13:36:35,232 [Listener at 127.0.0.1/42909] INFO  server.RaftServerConfigKeys (ConfUtils.java:logGet(44)) - raft.server.storage.dir = [/home/runner/work/ozone/ozone/hadoop-ozone/integration-test/target/test-dir/MiniOzoneClusterImpl-aadba4d7-ee9c-4873-8a56-559a23ee9528/datanode-2/data/ratis] (custom)
2021-12-29 13:36:35,233 [Listener at 127.0.0.1/42909] INFO  server.XceiverServerGrpc (XceiverServerGrpc.java:<init>(132)) - GrpcServer channel type EpollServerSocketChannel
2021-12-29 13:36:35,236 [Listener at 127.0.0.1/42909] INFO  http.BaseHttpServer (BaseHttpServer.java:newHttpServer2BuilderForOzone(209)) - Starting Web-server for hddsDatanode at: http://0.0.0.0:0
2021-12-29 13:36:35,236 [Listener at 127.0.0.1/42909] INFO  http.BaseHttpServer (BaseHttpServer.java:<init>(107)) - Hadoop Security Enabled: false Ozone Security Enabled: false Ozone HTTP Security Enabled: false 
2021-12-29 13:36:35,237 [Listener at 127.0.0.1/42909] INFO  server.AuthenticationFilter (AuthenticationFilter.java:constructSecretProvider(240)) - Unable to initialize FileSignerSecretProvider, falling back to use random secrets.
2021-12-29 13:36:35,239 [Listener at 127.0.0.1/42909] WARN  http.HttpRequestLog (HttpRequestLog.java:getRequestLog(103)) - Jetty request log can only be enabled using Log4j
2021-12-29 13:36:35,239 [Listener at 127.0.0.1/42909] INFO  http.HttpServer2 (HttpServer2.java:addGlobalFilter(1030)) - Added global filter 'safety' (class=org.apache.hadoop.hdds.server.http.HttpServer2$QuotingInputFilter)
2021-12-29 13:36:35,240 [Listener at 127.0.0.1/42909] INFO  http.HttpServer2 (HttpServer2.java:addFilter(1006)) - Added filter static_user_filter (class=org.apache.hadoop.http.lib.StaticUserWebFilter$StaticUserFilter) to context hddsDatanode
2021-12-29 13:36:35,240 [Listener at 127.0.0.1/42909] INFO  http.HttpServer2 (HttpServer2.java:addFilter(1014)) - Added filter static_user_filter (class=org.apache.hadoop.http.lib.StaticUserWebFilter$StaticUserFilter) to context static
2021-12-29 13:36:35,240 [Listener at 127.0.0.1/42909] INFO  http.HttpServer2 (HttpServer2.java:addFilter(1014)) - Added filter static_user_filter (class=org.apache.hadoop.http.lib.StaticUserWebFilter$StaticUserFilter) to context logs
2021-12-29 13:36:35,240 [Listener at 127.0.0.1/42909] INFO  http.HttpServer2 (HttpServer2.java:bindListener(1249)) - Jetty bound to port 40461
2021-12-29 13:36:35,240 [Listener at 127.0.0.1/42909] INFO  server.Server (Server.java:doStart(375)) - jetty-9.4.43.v20210629; built: 2021-06-30T11:07:22.254Z; git: 526006ecfa3af7f1a27ef3a288e2bef7ea9dd7e8; jvm 1.8.0_292-b10
2021-12-29 13:36:35,243 [Listener at 127.0.0.1/42909] INFO  server.session (DefaultSessionIdManager.java:doStart(334)) - DefaultSessionIdManager workerName=node0
2021-12-29 13:36:35,243 [Listener at 127.0.0.1/42909] INFO  server.session (DefaultSessionIdManager.java:doStart(339)) - No SessionScavenger set, using defaults
2021-12-29 13:36:35,243 [Listener at 127.0.0.1/42909] INFO  server.session (HouseKeeper.java:startScavenging(132)) - node0 Scavenging every 600000ms
2021-12-29 13:36:35,244 [Listener at 127.0.0.1/42909] INFO  handler.ContextHandler (ContextHandler.java:doStart(915)) - Started o.e.j.s.ServletContextHandler@3fcff6e3{logs,/logs,file:///home/runner/work/ozone/ozone/hadoop-ozone/integration-test/target/log,AVAILABLE}
2021-12-29 13:36:35,244 [Listener at 127.0.0.1/42909] INFO  handler.ContextHandler (ContextHandler.java:doStart(915)) - Started o.e.j.s.ServletContextHandler@72092d90{static,/static,jar:file:/home/runner/.m2/repository/org/apache/ozone/hdds-container-service/1.3.0-SNAPSHOT/hdds-container-service-1.3.0-SNAPSHOT.jar!/webapps/static,AVAILABLE}
2021-12-29 13:36:35,313 [Listener at 127.0.0.1/42909] INFO  handler.ContextHandler (ContextHandler.java:doStart(915)) - Started o.e.j.w.WebAppContext@14a33025{hddsDatanode,/,file:///tmp/jetty-0_0_0_0-40461-hdds-container-service-1_3_0-SNAPSHOT_jar-_-any-3764470102402929164/webapp/,AVAILABLE}{jar:file:/home/runner/.m2/repository/org/apache/ozone/hdds-container-service/1.3.0-SNAPSHOT/hdds-container-service-1.3.0-SNAPSHOT.jar!/webapps/hddsDatanode}
2021-12-29 13:36:35,315 [Listener at 127.0.0.1/42909] INFO  server.AbstractConnector (AbstractConnector.java:doStart(331)) - Started ServerConnector@2796d7f7{HTTP/1.1, (http/1.1)}{0.0.0.0:40461}
2021-12-29 13:36:35,334 [Listener at 127.0.0.1/42909] INFO  server.Server (Server.java:doStart(415)) - Started @158842ms
2021-12-29 13:36:35,334 [Listener at 127.0.0.1/42909] WARN  impl.MetricsSystemImpl (MetricsSystemImpl.java:register(279)) - Sink prometheus already exists!
2021-12-29 13:36:35,335 [Listener at 127.0.0.1/42909] INFO  http.BaseHttpServer (BaseHttpServer.java:updateConnectorAddress(329)) - HTTP server of hddsDatanode listening at http://0.0.0.0:40461
2021-12-29 13:36:35,350 [Listener at 127.0.0.1/42909] INFO  ozone.MiniOzoneClusterImpl (MiniOzoneClusterImpl.java:lambda$waitForClusterToBeReady$0(235)) - Waiting for nodes to be ready. Got 0 of 3 DN Heartbeats.
2021-12-29 13:36:35,350 [Listener at 127.0.0.1/42909] INFO  ozone.MiniOzoneClusterImpl (MiniOzoneClusterImpl.java:lambda$waitForClusterToBeReady$0(238)) - Waiting for cluster to exit safe mode
2021-12-29 13:36:35,350 [Listener at 127.0.0.1/42909] INFO  ozone.MiniOzoneClusterImpl (MiniOzoneClusterImpl.java:lambda$waitForClusterToBeReady$0(240)) - SCM became leader
2021-12-29 13:36:35,350 [Datanode State Machine Daemon Thread] INFO  statemachine.DatanodeStateMachine (DatanodeStateMachine.java:lambda$startDaemon$0(467)) - Ozone container server started.
2021-12-29 13:36:35,382 [org.apache.hadoop.util.JvmPauseMonitor$Monitor@55b03e0f] INFO  util.JvmPauseMonitor (JvmPauseMonitor.java:run(188)) - Starting JVM pause monitor
2021-12-29 13:36:35,415 [Datanode State Machine Task Thread - 0] INFO  datanode.InitDatanodeState (InitDatanodeState.java:persistContainerDatanodeDetails(145)) - DatanodeDetails is persisted to /home/runner/work/ozone/ozone/hadoop-ozone/integration-test/target/test-dir/MiniOzoneClusterImpl-aadba4d7-ee9c-4873-8a56-559a23ee9528/datanode-2/meta/datanode.id
2021-12-29 13:36:36,350 [Listener at 127.0.0.1/42909] INFO  ozone.MiniOzoneClusterImpl (MiniOzoneClusterImpl.java:lambda$waitForClusterToBeReady$0(235)) - Waiting for nodes to be ready. Got 0 of 3 DN Heartbeats.
2021-12-29 13:36:36,351 [Listener at 127.0.0.1/42909] INFO  ozone.MiniOzoneClusterImpl (MiniOzoneClusterImpl.java:lambda$waitForClusterToBeReady$0(238)) - Waiting for cluster to exit safe mode
2021-12-29 13:36:36,351 [Listener at 127.0.0.1/42909] INFO  ozone.MiniOzoneClusterImpl (MiniOzoneClusterImpl.java:lambda$waitForClusterToBeReady$0(240)) - SCM became leader
2021-12-29 13:36:36,484 [EndpointStateMachine task thread for /0.0.0.0:41177 - 0 ] INFO  ozoneimpl.OzoneContainer (OzoneContainer.java:start(315)) - Attempting to start container services.
2021-12-29 13:36:36,484 [EndpointStateMachine task thread for /0.0.0.0:41177 - 0 ] INFO  ozoneimpl.OzoneContainer (OzoneContainer.java:startContainerScrub(250)) - Background container scanner has been disabled.
2021-12-29 13:36:36,485 [EndpointStateMachine task thread for /0.0.0.0:41177 - 0 ] INFO  replication.ReplicationServer (ReplicationServer.java:start(107)) - ReplicationServer is started using port 39313
2021-12-29 13:36:36,486 [EndpointStateMachine task thread for /0.0.0.0:41177 - 0 ] INFO  ratis.XceiverServerRatis (XceiverServerRatis.java:start(484)) - Starting XceiverServerRatis 0611f638-a8f4-4cee-844a-1fb388a9e933
2021-12-29 13:36:36,490 [EndpointStateMachine task thread for /0.0.0.0:41177 - 0 ] INFO  server.RaftServer (RaftServerProxy.java:lambda$start$5(374)) - 0611f638-a8f4-4cee-844a-1fb388a9e933: start RPC server
2021-12-29 13:36:36,498 [EndpointStateMachine task thread for /0.0.0.0:41177 - 0 ] INFO  server.GrpcService (GrpcService.java:startImpl(253)) - 0611f638-a8f4-4cee-844a-1fb388a9e933: GrpcService started, listening on 34987
2021-12-29 13:36:36,500 [EndpointStateMachine task thread for /0.0.0.0:41177 - 0 ] INFO  ratis.XceiverServerRatis (XceiverServerRatis.java:getRealPort(505)) - XceiverServerRatis 0611f638-a8f4-4cee-844a-1fb388a9e933 is started using port 34987 for RATIS
2021-12-29 13:36:36,500 [EndpointStateMachine task thread for /0.0.0.0:41177 - 0 ] INFO  ratis.XceiverServerRatis (XceiverServerRatis.java:getRealPort(505)) - XceiverServerRatis 0611f638-a8f4-4cee-844a-1fb388a9e933 is started using port 34987 for RATIS_ADMIN
2021-12-29 13:36:36,500 [EndpointStateMachine task thread for /0.0.0.0:41177 - 0 ] INFO  ratis.XceiverServerRatis (XceiverServerRatis.java:getRealPort(505)) - XceiverServerRatis 0611f638-a8f4-4cee-844a-1fb388a9e933 is started using port 34987 for RATIS_SERVER
2021-12-29 13:36:36,500 [org.apache.ratis.util.JvmPauseMonitor$$Lambda$528/1712405372@427f8746] INFO  util.JvmPauseMonitor (JvmPauseMonitor.java:run(103)) - JvmPauseMonitor-0611f638-a8f4-4cee-844a-1fb388a9e933: Started
2021-12-29 13:36:36,507 [EndpointStateMachine task thread for /0.0.0.0:41177 - 0 ] INFO  server.XceiverServerGrpc (XceiverServerGrpc.java:start(180)) - XceiverServerGrpc 0611f638-a8f4-4cee-844a-1fb388a9e933 is started using port 45865
2021-12-29 13:36:36,960 [EndpointStateMachine task thread for /0.0.0.0:41177 - 0 ] INFO  ozoneimpl.OzoneContainer (OzoneContainer.java:start(315)) - Attempting to start container services.
2021-12-29 13:36:36,960 [EndpointStateMachine task thread for /0.0.0.0:41177 - 0 ] INFO  ozoneimpl.OzoneContainer (OzoneContainer.java:startContainerScrub(250)) - Background container scanner has been disabled.
2021-12-29 13:36:36,961 [EndpointStateMachine task thread for /0.0.0.0:41177 - 0 ] INFO  replication.ReplicationServer (ReplicationServer.java:start(107)) - ReplicationServer is started using port 33953
2021-12-29 13:36:36,972 [EndpointStateMachine task thread for /0.0.0.0:41177 - 0 ] INFO  ratis.XceiverServerRatis (XceiverServerRatis.java:start(484)) - Starting XceiverServerRatis 3e7bdddb-bd7c-4654-a454-885ab84ced57
2021-12-29 13:36:36,977 [EndpointStateMachine task thread for /0.0.0.0:41177 - 0 ] INFO  server.RaftServer (RaftServerProxy.java:lambda$start$5(374)) - 3e7bdddb-bd7c-4654-a454-885ab84ced57: start RPC server
2021-12-29 13:36:36,978 [EndpointStateMachine task thread for /0.0.0.0:41177 - 0 ] INFO  server.GrpcService (GrpcService.java:startImpl(253)) - 3e7bdddb-bd7c-4654-a454-885ab84ced57: GrpcService started, listening on 45011
2021-12-29 13:36:36,988 [EndpointStateMachine task thread for /0.0.0.0:41177 - 0 ] INFO  ratis.XceiverServerRatis (XceiverServerRatis.java:getRealPort(505)) - XceiverServerRatis 3e7bdddb-bd7c-4654-a454-885ab84ced57 is started using port 45011 for RATIS
2021-12-29 13:36:36,988 [EndpointStateMachine task thread for /0.0.0.0:41177 - 0 ] INFO  ratis.XceiverServerRatis (XceiverServerRatis.java:getRealPort(505)) - XceiverServerRatis 3e7bdddb-bd7c-4654-a454-885ab84ced57 is started using port 45011 for RATIS_ADMIN
2021-12-29 13:36:36,988 [EndpointStateMachine task thread for /0.0.0.0:41177 - 0 ] INFO  ratis.XceiverServerRatis (XceiverServerRatis.java:getRealPort(505)) - XceiverServerRatis 3e7bdddb-bd7c-4654-a454-885ab84ced57 is started using port 45011 for RATIS_SERVER
2021-12-29 13:36:36,998 [org.apache.ratis.util.JvmPauseMonitor$$Lambda$528/1712405372@5ed67935] INFO  util.JvmPauseMonitor (JvmPauseMonitor.java:run(103)) - JvmPauseMonitor-3e7bdddb-bd7c-4654-a454-885ab84ced57: Started
2021-12-29 13:36:37,002 [EndpointStateMachine task thread for /0.0.0.0:41177 - 0 ] INFO  server.XceiverServerGrpc (XceiverServerGrpc.java:start(180)) - XceiverServerGrpc 3e7bdddb-bd7c-4654-a454-885ab84ced57 is started using port 38177
2021-12-29 13:36:37,351 [Listener at 127.0.0.1/42909] INFO  ozone.MiniOzoneClusterImpl (MiniOzoneClusterImpl.java:lambda$waitForClusterToBeReady$0(235)) - Waiting for nodes to be ready. Got 0 of 3 DN Heartbeats.
2021-12-29 13:36:37,351 [Listener at 127.0.0.1/42909] INFO  ozone.MiniOzoneClusterImpl (MiniOzoneClusterImpl.java:lambda$waitForClusterToBeReady$0(238)) - Waiting for cluster to exit safe mode
2021-12-29 13:36:37,351 [Listener at 127.0.0.1/42909] INFO  ozone.MiniOzoneClusterImpl (MiniOzoneClusterImpl.java:lambda$waitForClusterToBeReady$0(240)) - SCM became leader
2021-12-29 13:36:37,401 [EndpointStateMachine task thread for /0.0.0.0:41177 - 0 ] INFO  ozoneimpl.OzoneContainer (OzoneContainer.java:start(315)) - Attempting to start container services.
2021-12-29 13:36:37,402 [EndpointStateMachine task thread for /0.0.0.0:41177 - 0 ] INFO  ozoneimpl.OzoneContainer (OzoneContainer.java:startContainerScrub(250)) - Background container scanner has been disabled.
2021-12-29 13:36:37,402 [EndpointStateMachine task thread for /0.0.0.0:41177 - 0 ] INFO  replication.ReplicationServer (ReplicationServer.java:start(107)) - ReplicationServer is started using port 38645
2021-12-29 13:36:37,430 [EndpointStateMachine task thread for /0.0.0.0:41177 - 0 ] INFO  ratis.XceiverServerRatis (XceiverServerRatis.java:start(484)) - Starting XceiverServerRatis e6152946-d0ea-4073-bce7-5683c36ce8c1
2021-12-29 13:36:37,441 [EndpointStateMachine task thread for /0.0.0.0:41177 - 0 ] INFO  server.RaftServer (RaftServerProxy.java:lambda$start$5(374)) - e6152946-d0ea-4073-bce7-5683c36ce8c1: start RPC server
2021-12-29 13:36:37,442 [EndpointStateMachine task thread for /0.0.0.0:41177 - 0 ] INFO  server.GrpcService (GrpcService.java:startImpl(253)) - e6152946-d0ea-4073-bce7-5683c36ce8c1: GrpcService started, listening on 45851
2021-12-29 13:36:37,442 [EndpointStateMachine task thread for /0.0.0.0:41177 - 0 ] INFO  ratis.XceiverServerRatis (XceiverServerRatis.java:getRealPort(505)) - XceiverServerRatis e6152946-d0ea-4073-bce7-5683c36ce8c1 is started using port 45851 for RATIS
2021-12-29 13:36:37,442 [EndpointStateMachine task thread for /0.0.0.0:41177 - 0 ] INFO  ratis.XceiverServerRatis (XceiverServerRatis.java:getRealPort(505)) - XceiverServerRatis e6152946-d0ea-4073-bce7-5683c36ce8c1 is started using port 45851 for RATIS_ADMIN
2021-12-29 13:36:37,442 [EndpointStateMachine task thread for /0.0.0.0:41177 - 0 ] INFO  ratis.XceiverServerRatis (XceiverServerRatis.java:getRealPort(505)) - XceiverServerRatis e6152946-d0ea-4073-bce7-5683c36ce8c1 is started using port 45851 for RATIS_SERVER
2021-12-29 13:36:37,442 [org.apache.ratis.util.JvmPauseMonitor$$Lambda$528/1712405372@3ed2c2dd] INFO  util.JvmPauseMonitor (JvmPauseMonitor.java:run(103)) - JvmPauseMonitor-e6152946-d0ea-4073-bce7-5683c36ce8c1: Started
2021-12-29 13:36:37,444 [EndpointStateMachine task thread for /0.0.0.0:41177 - 0 ] INFO  server.XceiverServerGrpc (XceiverServerGrpc.java:start(180)) - XceiverServerGrpc e6152946-d0ea-4073-bce7-5683c36ce8c1 is started using port 37511
2021-12-29 13:36:38,351 [Listener at 127.0.0.1/42909] INFO  ozone.MiniOzoneClusterImpl (MiniOzoneClusterImpl.java:lambda$waitForClusterToBeReady$0(235)) - Waiting for nodes to be ready. Got 0 of 3 DN Heartbeats.
2021-12-29 13:36:38,352 [Listener at 127.0.0.1/42909] INFO  ozone.MiniOzoneClusterImpl (MiniOzoneClusterImpl.java:lambda$waitForClusterToBeReady$0(238)) - Waiting for cluster to exit safe mode
2021-12-29 13:36:38,352 [Listener at 127.0.0.1/42909] INFO  ozone.MiniOzoneClusterImpl (MiniOzoneClusterImpl.java:lambda$waitForClusterToBeReady$0(240)) - SCM became leader
2021-12-29 13:36:38,445 [IPC Server handler 1 on default port 41177] INFO  net.NetworkTopologyImpl (NetworkTopologyImpl.java:add(112)) - Added a new node: /default-rack/0611f638-a8f4-4cee-844a-1fb388a9e933
2021-12-29 13:36:38,445 [IPC Server handler 1 on default port 41177] INFO  node.SCMNodeManager (SCMNodeManager.java:register(389)) - Registered Data node : 0611f638-a8f4-4cee-844a-1fb388a9e933{ip: 10.1.0.26, host: fv-az59-280.csjynl4pkq3e1pkirw3ssqjfoh.cx.internal.cloudapp.net, ports: [REPLICATION=39313, RATIS=34987, RATIS_ADMIN=34987, RATIS_SERVER=34987, STANDALONE=45865], networkLocation: /default-rack, certSerialId: null, persistedOpState: null, persistedOpStateExpiryEpochSec: 0}
2021-12-29 13:36:38,447 [EventQueue-NodeRegistrationContainerReportForContainerSafeModeRule] INFO  safemode.SCMSafeModeManager (SCMSafeModeManager.java:validateSafeModeExitRules(204)) - ContainerSafeModeRule rule is successfully validated
2021-12-29 13:36:38,447 [EventQueue-NodeRegistrationContainerReportForDataNodeSafeModeRule] INFO  safemode.SCMSafeModeManager (DataNodeSafeModeRule.java:process(71)) - SCM in safe mode. 1 DataNodes registered, 3 required.
2021-12-29 13:36:38,455 [EventQueue-NewNodeForNewNodeHandler] INFO  pipeline.BackgroundPipelineCreator (BackgroundPipelineCreator.java:notifyEventTriggered(285)) - trigger a one-shot run on RatisPipelineUtilsThread.
2021-12-29 13:36:38,455 [EventQueue-PipelineReportForOneReplicaPipelineSafeModeRule] INFO  safemode.SCMSafeModeManager (SCMSafeModeManager.java:validateSafeModeExitRules(204)) - AtleastOneDatanodeReportedRule rule is successfully validated
2021-12-29 13:36:38,458 [RatisPipelineUtilsThread - 0] INFO  pipeline.RatisPipelineProvider (RatisPipelineProvider.java:lambda$create$0(183)) - Sending CreatePipelineCommand for pipeline:PipelineID=90e1633f-0924-4ca3-b0c8-263760f17c78 to datanode:0611f638-a8f4-4cee-844a-1fb388a9e933
2021-12-29 13:36:38,463 [RatisPipelineUtilsThread - 0] INFO  pipeline.PipelineStateManagerImpl (PipelineStateManagerImpl.java:addPipeline(101)) - Created pipeline Pipeline[ Id: 90e1633f-0924-4ca3-b0c8-263760f17c78, Nodes: 0611f638-a8f4-4cee-844a-1fb388a9e933{ip: 10.1.0.26, host: fv-az59-280.csjynl4pkq3e1pkirw3ssqjfoh.cx.internal.cloudapp.net, ports: [REPLICATION=39313, RATIS=34987, RATIS_ADMIN=34987, RATIS_SERVER=34987, STANDALONE=45865], networkLocation: /default-rack, certSerialId: null, persistedOpState: IN_SERVICE, persistedOpStateExpiryEpochSec: 0}, ReplicationConfig: RATIS/ONE, State:ALLOCATED, leaderId:, CreationTimestamp2021-12-29T13:36:38.458Z[Etc/UTC]].
2021-12-29 13:36:38,945 [IPC Server handler 6 on default port 41177] INFO  net.NetworkTopologyImpl (NetworkTopologyImpl.java:add(112)) - Added a new node: /default-rack/3e7bdddb-bd7c-4654-a454-885ab84ced57
2021-12-29 13:36:38,945 [IPC Server handler 6 on default port 41177] INFO  node.SCMNodeManager (SCMNodeManager.java:register(389)) - Registered Data node : 3e7bdddb-bd7c-4654-a454-885ab84ced57{ip: 10.1.0.26, host: fv-az59-280.csjynl4pkq3e1pkirw3ssqjfoh.cx.internal.cloudapp.net, ports: [REPLICATION=33953, RATIS=45011, RATIS_ADMIN=45011, RATIS_SERVER=45011, STANDALONE=38177], networkLocation: /default-rack, certSerialId: null, persistedOpState: null, persistedOpStateExpiryEpochSec: 0}
2021-12-29 13:36:38,945 [EventQueue-NewNodeForNewNodeHandler] INFO  pipeline.BackgroundPipelineCreator (BackgroundPipelineCreator.java:notifyEventTriggered(285)) - trigger a one-shot run on RatisPipelineUtilsThread.
2021-12-29 13:36:38,958 [RatisPipelineUtilsThread - 0] INFO  pipeline.RatisPipelineProvider (RatisPipelineProvider.java:lambda$create$0(183)) - Sending CreatePipelineCommand for pipeline:PipelineID=ea62ff87-eec8-4619-96aa-f2ce418f41c4 to datanode:3e7bdddb-bd7c-4654-a454-885ab84ced57
2021-12-29 13:36:38,958 [RatisPipelineUtilsThread - 0] INFO  pipeline.PipelineStateManagerImpl (PipelineStateManagerImpl.java:addPipeline(101)) - Created pipeline Pipeline[ Id: ea62ff87-eec8-4619-96aa-f2ce418f41c4, Nodes: 3e7bdddb-bd7c-4654-a454-885ab84ced57{ip: 10.1.0.26, host: fv-az59-280.csjynl4pkq3e1pkirw3ssqjfoh.cx.internal.cloudapp.net, ports: [REPLICATION=33953, RATIS=45011, RATIS_ADMIN=45011, RATIS_SERVER=45011, STANDALONE=38177], networkLocation: /default-rack, certSerialId: null, persistedOpState: IN_SERVICE, persistedOpStateExpiryEpochSec: 0}, ReplicationConfig: RATIS/ONE, State:ALLOCATED, leaderId:, CreationTimestamp2021-12-29T13:36:38.958Z[Etc/UTC]].
2021-12-29 13:36:38,960 [EventQueue-NodeRegistrationContainerReportForDataNodeSafeModeRule] INFO  safemode.SCMSafeModeManager (DataNodeSafeModeRule.java:process(71)) - SCM in safe mode. 2 DataNodes registered, 3 required.
2021-12-29 13:36:39,352 [Listener at 127.0.0.1/42909] INFO  ozone.MiniOzoneClusterImpl (MiniOzoneClusterImpl.java:lambda$waitForClusterToBeReady$0(235)) - Waiting for nodes to be ready. Got 2 of 3 DN Heartbeats.
2021-12-29 13:36:39,352 [Listener at 127.0.0.1/42909] INFO  ozone.MiniOzoneClusterImpl (MiniOzoneClusterImpl.java:lambda$waitForClusterToBeReady$0(238)) - Waiting for cluster to exit safe mode
2021-12-29 13:36:39,352 [Listener at 127.0.0.1/42909] INFO  ozone.MiniOzoneClusterImpl (MiniOzoneClusterImpl.java:lambda$waitForClusterToBeReady$0(240)) - SCM became leader
2021-12-29 13:36:39,386 [IPC Server handler 0 on default port 41177] INFO  net.NetworkTopologyImpl (NetworkTopologyImpl.java:add(112)) - Added a new node: /default-rack/e6152946-d0ea-4073-bce7-5683c36ce8c1
2021-12-29 13:36:39,386 [IPC Server handler 0 on default port 41177] INFO  node.SCMNodeManager (SCMNodeManager.java:register(389)) - Registered Data node : e6152946-d0ea-4073-bce7-5683c36ce8c1{ip: 10.1.0.26, host: fv-az59-280.csjynl4pkq3e1pkirw3ssqjfoh.cx.internal.cloudapp.net, ports: [REPLICATION=38645, RATIS=45851, RATIS_ADMIN=45851, RATIS_SERVER=45851, STANDALONE=37511], networkLocation: /default-rack, certSerialId: null, persistedOpState: null, persistedOpStateExpiryEpochSec: 0}
2021-12-29 13:36:39,387 [EventQueue-NewNodeForNewNodeHandler] INFO  pipeline.BackgroundPipelineCreator (BackgroundPipelineCreator.java:notifyEventTriggered(285)) - trigger a one-shot run on RatisPipelineUtilsThread.
2021-12-29 13:36:39,391 [RatisPipelineUtilsThread - 0] INFO  pipeline.RatisPipelineProvider (RatisPipelineProvider.java:lambda$create$0(183)) - Sending CreatePipelineCommand for pipeline:PipelineID=edfaca5b-e151-47b3-ba26-04125f741a9e to datanode:e6152946-d0ea-4073-bce7-5683c36ce8c1
2021-12-29 13:36:39,391 [RatisPipelineUtilsThread - 0] INFO  pipeline.PipelineStateManagerImpl (PipelineStateManagerImpl.java:addPipeline(101)) - Created pipeline Pipeline[ Id: edfaca5b-e151-47b3-ba26-04125f741a9e, Nodes: e6152946-d0ea-4073-bce7-5683c36ce8c1{ip: 10.1.0.26, host: fv-az59-280.csjynl4pkq3e1pkirw3ssqjfoh.cx.internal.cloudapp.net, ports: [REPLICATION=38645, RATIS=45851, RATIS_ADMIN=45851, RATIS_SERVER=45851, STANDALONE=37511], networkLocation: /default-rack, certSerialId: null, persistedOpState: IN_SERVICE, persistedOpStateExpiryEpochSec: 0}, ReplicationConfig: RATIS/ONE, State:ALLOCATED, leaderId:, CreationTimestamp2021-12-29T13:36:39.391Z[Etc/UTC]].
2021-12-29 13:36:39,392 [EventQueue-NodeRegistrationContainerReportForDataNodeSafeModeRule] INFO  safemode.SCMSafeModeManager (DataNodeSafeModeRule.java:process(71)) - SCM in safe mode. 3 DataNodes registered, 3 required.
2021-12-29 13:36:39,392 [EventQueue-NodeRegistrationContainerReportForDataNodeSafeModeRule] INFO  safemode.SCMSafeModeManager (SCMSafeModeManager.java:validateSafeModeExitRules(204)) - DataNodeSafeModeRule rule is successfully validated
2021-12-29 13:36:39,392 [EventQueue-NodeRegistrationContainerReportForDataNodeSafeModeRule] INFO  safemode.SCMSafeModeManager (SCMSafeModeManager.java:completePreCheck(233)) - All SCM safe mode pre check rules have passed
2021-12-29 13:36:39,392 [EventQueue-NodeRegistrationContainerReportForDataNodeSafeModeRule] WARN  events.EventQueue (EventQueue.java:fireEvent(194)) - No event handler registered for event TypedEvent{payloadType=SafeModeStatus, name='Safe mode status'}
2021-12-29 13:36:39,392 [EventQueue-NodeRegistrationContainerReportForDataNodeSafeModeRule] INFO  ha.SCMContext (SCMContext.java:updateSafeModeStatus(211)) - Update SafeModeStatus from SafeModeStatus{safeModeStatus=true, preCheckPassed=false} to SafeModeStatus{safeModeStatus=true, preCheckPassed=true}.
2021-12-29 13:36:39,392 [EventQueue-NodeRegistrationContainerReportForDataNodeSafeModeRule] INFO  pipeline.BackgroundPipelineCreator (BackgroundPipelineCreator.java:notifyEventTriggered(285)) - trigger a one-shot run on RatisPipelineUtilsThread.
2021-12-29 13:36:39,396 [RatisPipelineUtilsThread - 0] INFO  pipeline.RatisPipelineProvider (RatisPipelineProvider.java:lambda$create$0(183)) - Sending CreatePipelineCommand for pipeline:PipelineID=4cd0111a-ce4d-4e78-a869-a03fb28ded75 to datanode:3e7bdddb-bd7c-4654-a454-885ab84ced57
2021-12-29 13:36:39,396 [RatisPipelineUtilsThread - 0] INFO  pipeline.RatisPipelineProvider (RatisPipelineProvider.java:lambda$create$0(183)) - Sending CreatePipelineCommand for pipeline:PipelineID=4cd0111a-ce4d-4e78-a869-a03fb28ded75 to datanode:0611f638-a8f4-4cee-844a-1fb388a9e933
2021-12-29 13:36:39,396 [RatisPipelineUtilsThread - 0] INFO  pipeline.RatisPipelineProvider (RatisPipelineProvider.java:lambda$create$0(183)) - Sending CreatePipelineCommand for pipeline:PipelineID=4cd0111a-ce4d-4e78-a869-a03fb28ded75 to datanode:e6152946-d0ea-4073-bce7-5683c36ce8c1
2021-12-29 13:36:39,397 [RatisPipelineUtilsThread - 0] INFO  pipeline.PipelineStateManagerImpl (PipelineStateManagerImpl.java:addPipeline(101)) - Created pipeline Pipeline[ Id: 4cd0111a-ce4d-4e78-a869-a03fb28ded75, Nodes: 3e7bdddb-bd7c-4654-a454-885ab84ced57{ip: 10.1.0.26, host: fv-az59-280.csjynl4pkq3e1pkirw3ssqjfoh.cx.internal.cloudapp.net, ports: [REPLICATION=33953, RATIS=45011, RATIS_ADMIN=45011, RATIS_SERVER=45011, STANDALONE=38177], networkLocation: /default-rack, certSerialId: null, persistedOpState: IN_SERVICE, persistedOpStateExpiryEpochSec: 0}0611f638-a8f4-4cee-844a-1fb388a9e933{ip: 10.1.0.26, host: fv-az59-280.csjynl4pkq3e1pkirw3ssqjfoh.cx.internal.cloudapp.net, ports: [REPLICATION=39313, RATIS=34987, RATIS_ADMIN=34987, RATIS_SERVER=34987, STANDALONE=45865], networkLocation: /default-rack, certSerialId: null, persistedOpState: IN_SERVICE, persistedOpStateExpiryEpochSec: 0}e6152946-d0ea-4073-bce7-5683c36ce8c1{ip: 10.1.0.26, host: fv-az59-280.csjynl4pkq3e1pkirw3ssqjfoh.cx.internal.cloudapp.net, ports: [REPLICATION=38645, RATIS=45851, RATIS_ADMIN=45851, RATIS_SERVER=45851, STANDALONE=37511], networkLocation: /default-rack, certSerialId: null, persistedOpState: IN_SERVICE, persistedOpStateExpiryEpochSec: 0}, ReplicationConfig: RATIS/THREE, State:ALLOCATED, leaderId:, CreationTimestamp2021-12-29T13:36:39.396Z[Etc/UTC]].
2021-12-29 13:36:39,397 [RatisPipelineUtilsThread - 0] INFO  pipeline.RatisPipelineProvider (RatisPipelineProvider.java:lambda$create$0(183)) - Sending CreatePipelineCommand for pipeline:PipelineID=1f196000-2c61-4eb6-be03-f71e69c7ace7 to datanode:3e7bdddb-bd7c-4654-a454-885ab84ced57
2021-12-29 13:36:39,397 [RatisPipelineUtilsThread - 0] INFO  pipeline.RatisPipelineProvider (RatisPipelineProvider.java:lambda$create$0(183)) - Sending CreatePipelineCommand for pipeline:PipelineID=1f196000-2c61-4eb6-be03-f71e69c7ace7 to datanode:e6152946-d0ea-4073-bce7-5683c36ce8c1
2021-12-29 13:36:39,397 [RatisPipelineUtilsThread - 0] INFO  pipeline.RatisPipelineProvider (RatisPipelineProvider.java:lambda$create$0(183)) - Sending CreatePipelineCommand for pipeline:PipelineID=1f196000-2c61-4eb6-be03-f71e69c7ace7 to datanode:0611f638-a8f4-4cee-844a-1fb388a9e933
2021-12-29 13:36:39,397 [RatisPipelineUtilsThread - 0] INFO  pipeline.PipelineStateManagerImpl (PipelineStateManagerImpl.java:addPipeline(101)) - Created pipeline Pipeline[ Id: 1f196000-2c61-4eb6-be03-f71e69c7ace7, Nodes: 3e7bdddb-bd7c-4654-a454-885ab84ced57{ip: 10.1.0.26, host: fv-az59-280.csjynl4pkq3e1pkirw3ssqjfoh.cx.internal.cloudapp.net, ports: [REPLICATION=33953, RATIS=45011, RATIS_ADMIN=45011, RATIS_SERVER=45011, STANDALONE=38177], networkLocation: /default-rack, certSerialId: null, persistedOpState: IN_SERVICE, persistedOpStateExpiryEpochSec: 0}e6152946-d0ea-4073-bce7-5683c36ce8c1{ip: 10.1.0.26, host: fv-az59-280.csjynl4pkq3e1pkirw3ssqjfoh.cx.internal.cloudapp.net, ports: [REPLICATION=38645, RATIS=45851, RATIS_ADMIN=45851, RATIS_SERVER=45851, STANDALONE=37511], networkLocation: /default-rack, certSerialId: null, persistedOpState: IN_SERVICE, persistedOpStateExpiryEpochSec: 0}0611f638-a8f4-4cee-844a-1fb388a9e933{ip: 10.1.0.26, host: fv-az59-280.csjynl4pkq3e1pkirw3ssqjfoh.cx.internal.cloudapp.net, ports: [REPLICATION=39313, RATIS=34987, RATIS_ADMIN=34987, RATIS_SERVER=34987, STANDALONE=45865], networkLocation: /default-rack, certSerialId: null, persistedOpState: IN_SERVICE, persistedOpStateExpiryEpochSec: 0}, ReplicationConfig: RATIS/THREE, State:ALLOCATED, leaderId:, CreationTimestamp2021-12-29T13:36:39.397Z[Etc/UTC]].
2021-12-29 13:36:39,397 [RatisPipelineUtilsThread - 0] INFO  pipeline.PipelineManagerImpl (PipelineManagerImpl.java:recordMetricsForPipeline(639)) - Pipeline: PipelineID=1f196000-2c61-4eb6-be03-f71e69c7ace7 contains same datanodes as previous pipelines: PipelineID=4cd0111a-ce4d-4e78-a869-a03fb28ded75 nodeIds: 3e7bdddb-bd7c-4654-a454-885ab84ced57, e6152946-d0ea-4073-bce7-5683c36ce8c1, 0611f638-a8f4-4cee-844a-1fb388a9e933
2021-12-29 13:36:40,353 [Listener at 127.0.0.1/42909] INFO  ozone.MiniOzoneClusterImpl (MiniOzoneClusterImpl.java:lambda$waitForClusterToBeReady$0(235)) - Nodes are ready. Got 3 of 3 DN Heartbeats.
2021-12-29 13:36:40,353 [Listener at 127.0.0.1/42909] INFO  ozone.MiniOzoneClusterImpl (MiniOzoneClusterImpl.java:lambda$waitForClusterToBeReady$0(238)) - Waiting for cluster to exit safe mode
2021-12-29 13:36:40,353 [Listener at 127.0.0.1/42909] INFO  ozone.MiniOzoneClusterImpl (MiniOzoneClusterImpl.java:lambda$waitForClusterToBeReady$0(240)) - SCM became leader
2021-12-29 13:36:41,353 [Listener at 127.0.0.1/42909] INFO  ozone.MiniOzoneClusterImpl (MiniOzoneClusterImpl.java:lambda$waitForClusterToBeReady$0(235)) - Nodes are ready. Got 3 of 3 DN Heartbeats.
2021-12-29 13:36:41,354 [Listener at 127.0.0.1/42909] INFO  ozone.MiniOzoneClusterImpl (MiniOzoneClusterImpl.java:lambda$waitForClusterToBeReady$0(238)) - Waiting for cluster to exit safe mode
2021-12-29 13:36:41,354 [Listener at 127.0.0.1/42909] INFO  ozone.MiniOzoneClusterImpl (MiniOzoneClusterImpl.java:lambda$waitForClusterToBeReady$0(240)) - SCM became leader
2021-12-29 13:36:41,451 [Command processor thread] INFO  server.RaftServer (RaftServerProxy.java:addNew(95)) - 0611f638-a8f4-4cee-844a-1fb388a9e933: addNew group-263760F17C78:[0611f638-a8f4-4cee-844a-1fb388a9e933|rpc:10.1.0.26:34987|priority:1] returns group-263760F17C78:java.util.concurrent.CompletableFuture@6ff5866d[Not completed]
2021-12-29 13:36:41,460 [pool-484-thread-1] INFO  server.RaftServer$Division (RaftServerImpl.java:<init>(184)) - 0611f638-a8f4-4cee-844a-1fb388a9e933: new RaftServerImpl for group-263760F17C78:[0611f638-a8f4-4cee-844a-1fb388a9e933|rpc:10.1.0.26:34987|priority:1] with ContainerStateMachine:uninitialized
2021-12-29 13:36:41,460 [pool-484-thread-1] INFO  server.RaftServerConfigKeys (ConfUtils.java:logGet(44)) - raft.server.rpc.timeout.min = 5s (custom)
2021-12-29 13:36:41,465 [pool-484-thread-1] INFO  server.RaftServerConfigKeys (ConfUtils.java:logGet(44)) - raft.server.rpc.timeout.max = 5200ms (custom)
2021-12-29 13:36:41,465 [pool-484-thread-1] INFO  server.RaftServerConfigKeys (ConfUtils.java:logGet(44)) - raft.server.rpc.sleep.time = 25ms (default)
2021-12-29 13:36:41,465 [pool-484-thread-1] INFO  server.RaftServerConfigKeys (ConfUtils.java:logGet(44)) - raft.server.rpc.slowness.timeout = 300s (custom)
2021-12-29 13:36:41,465 [pool-484-thread-1] INFO  server.RaftServerConfigKeys (ConfUtils.java:logGet(44)) - raft.server.leaderelection.leader.step-down.wait-time = 10s (default)
2021-12-29 13:36:41,465 [pool-484-thread-1] INFO  server.RaftServerConfigKeys (ConfUtils.java:logGet(44)) - raft.server.sleep.deviation.threshold = 300ms (default)
2021-12-29 13:36:41,465 [pool-484-thread-1] INFO  server.RaftServerConfigKeys (ConfUtils.java:logGet(44)) - raft.server.log.appender.install.snapshot.enabled = false (custom)
2021-12-29 13:36:41,465 [pool-484-thread-1] INFO  server.RaftServer$Division (ServerState.java:<init>(105)) - 0611f638-a8f4-4cee-844a-1fb388a9e933@group-263760F17C78: ConfigurationManager, init=-1: [0611f638-a8f4-4cee-844a-1fb388a9e933|rpc:10.1.0.26:34987|priority:1], old=null, confs=<EMPTY_MAP>
2021-12-29 13:36:41,465 [pool-484-thread-1] INFO  server.RaftServerConfigKeys (ConfUtils.java:logGet(44)) - raft.server.storage.dir = [/home/runner/work/ozone/ozone/hadoop-ozone/integration-test/target/test-dir/MiniOzoneClusterImpl-aadba4d7-ee9c-4873-8a56-559a23ee9528/datanode-0/data/ratis] (custom)
2021-12-29 13:36:41,465 [pool-484-thread-1] INFO  server.RaftServerConfigKeys (ConfUtils.java:logGet(44)) - raft.server.log.corruption.policy = EXCEPTION (default)
2021-12-29 13:36:41,465 [pool-484-thread-1] INFO  server.RaftServerConfigKeys (ConfUtils.java:logGet(44)) - raft.server.storage.free-space.min = 0MB (=0) (default)
2021-12-29 13:36:41,465 [pool-484-thread-1] INFO  storage.RaftStorageDirectory (RaftStorageDirectoryImpl.java:analyzeStorage(135)) - The storage directory /home/runner/work/ozone/ozone/hadoop-ozone/integration-test/target/test-dir/MiniOzoneClusterImpl-aadba4d7-ee9c-4873-8a56-559a23ee9528/datanode-0/data/ratis/90e1633f-0924-4ca3-b0c8-263760f17c78 does not exist. Creating ...
2021-12-29 13:36:41,467 [pool-484-thread-1] INFO  storage.RaftStorageDirectory (RaftStorageDirectoryImpl.java:tryLock(230)) - Lock on /home/runner/work/ozone/ozone/hadoop-ozone/integration-test/target/test-dir/MiniOzoneClusterImpl-aadba4d7-ee9c-4873-8a56-559a23ee9528/datanode-0/data/ratis/90e1633f-0924-4ca3-b0c8-263760f17c78/in_use.lock acquired by nodename 16235@fv-az59-280
2021-12-29 13:36:41,477 [pool-484-thread-1] INFO  storage.RaftStorage (RaftStorageImpl.java:format(89)) - Storage directory /home/runner/work/ozone/ozone/hadoop-ozone/integration-test/target/test-dir/MiniOzoneClusterImpl-aadba4d7-ee9c-4873-8a56-559a23ee9528/datanode-0/data/ratis/90e1633f-0924-4ca3-b0c8-263760f17c78 has been successfully formatted.
2021-12-29 13:36:41,484 [pool-484-thread-1] INFO  ratis.ContainerStateMachine (ContainerStateMachine.java:loadSnapshot(231)) - group-263760F17C78: The snapshot info is null. Setting the last applied indexto:(t:0, i:~)
2021-12-29 13:36:41,484 [pool-484-thread-1] INFO  server.RaftServerConfigKeys (ConfUtils.java:logGet(44)) - raft.server.notification.no-leader.timeout = 300s (custom)
2021-12-29 13:36:41,484 [pool-484-thread-1] INFO  server.RaftServerConfigKeys (ConfUtils.java:logGet(44)) - raft.server.log.use.memory = false (default)
2021-12-29 13:36:41,484 [pool-484-thread-1] INFO  server.RaftServerConfigKeys (ConfUtils.java:logGet(44)) - raft.server.log.purge.gap = 1000000 (custom)
2021-12-29 13:36:41,484 [pool-484-thread-1] INFO  server.RaftServerConfigKeys (ConfUtils.java:logGet(44)) - raft.server.log.appender.buffer.byte-limit = 33554432 (custom)
2021-12-29 13:36:41,484 [pool-484-thread-1] INFO  server.RaftServerConfigKeys (ConfUtils.java:logGet(44)) - raft.server.log.segment.size.max = 1048576 (custom)
2021-12-29 13:36:41,485 [EventQueue-PipelineReportForPipelineReportHandler] INFO  pipeline.PipelineManagerImpl (PipelineManagerImpl.java:openPipeline(291)) - Pipeline Pipeline[ Id: 90e1633f-0924-4ca3-b0c8-263760f17c78, Nodes: 0611f638-a8f4-4cee-844a-1fb388a9e933{ip: 10.1.0.26, host: fv-az59-280.csjynl4pkq3e1pkirw3ssqjfoh.cx.internal.cloudapp.net, ports: [REPLICATION=39313, RATIS=34987, RATIS_ADMIN=34987, RATIS_SERVER=34987, STANDALONE=45865], networkLocation: /default-rack, certSerialId: null, persistedOpState: IN_SERVICE, persistedOpStateExpiryEpochSec: 0}, ReplicationConfig: RATIS/ONE, State:ALLOCATED, leaderId:0611f638-a8f4-4cee-844a-1fb388a9e933, CreationTimestamp2021-12-29T13:36:38.458Z[Etc/UTC]] moved to OPEN state
2021-12-29 13:36:41,485 [pool-484-thread-1] INFO  server.RaftServerConfigKeys (ConfUtils.java:logGet(44)) - raft.server.log.segment.cache.num.max = 2 (custom)
2021-12-29 13:36:41,485 [pool-484-thread-1] INFO  server.RaftServerConfigKeys (ConfUtils.java:logGet(44)) - raft.server.log.segment.cache.size.max = 200MB (=209715200) (default)
2021-12-29 13:36:41,485 [pool-484-thread-1] INFO  segmented.SegmentedRaftLogWorker (SegmentedRaftLogWorker.java:<init>(182)) - new 0611f638-a8f4-4cee-844a-1fb388a9e933@group-263760F17C78-SegmentedRaftLogWorker for RaftStorageImpl:Storage Directory /home/runner/work/ozone/ozone/hadoop-ozone/integration-test/target/test-dir/MiniOzoneClusterImpl-aadba4d7-ee9c-4873-8a56-559a23ee9528/datanode-0/data/ratis/90e1633f-0924-4ca3-b0c8-263760f17c78
2021-12-29 13:36:41,485 [pool-484-thread-1] INFO  server.RaftServerConfigKeys (ConfUtils.java:logGet(44)) - raft.server.log.queue.byte-limit = 2147483647 (custom)
2021-12-29 13:36:41,498 [pool-484-thread-1] INFO  server.RaftServerConfigKeys (ConfUtils.java:logGet(44)) - raft.server.log.queue.element-limit = 1024 (custom)
2021-12-29 13:36:41,498 [pool-484-thread-1] INFO  server.RaftServerConfigKeys (ConfUtils.java:logGet(44)) - raft.server.log.segment.size.max = 1048576 (custom)
2021-12-29 13:36:41,498 [pool-484-thread-1] INFO  server.RaftServerConfigKeys (ConfUtils.java:logGet(44)) - raft.server.log.preallocated.size = 16384 (custom)
2021-12-29 13:36:41,498 [pool-484-thread-1] INFO  server.RaftServerConfigKeys (ConfUtils.java:logGet(44)) - raft.server.log.force.sync.num = 128 (default)
2021-12-29 13:36:41,498 [pool-484-thread-1] INFO  server.RaftServerConfigKeys (ConfUtils.java:logGet(44)) - raft.server.log.statemachine.data.sync = true (default)
2021-12-29 13:36:41,498 [pool-484-thread-1] INFO  server.RaftServerConfigKeys (ConfUtils.java:logGet(44)) - raft.server.log.statemachine.data.sync.timeout = 10s (default)
2021-12-29 13:36:41,498 [pool-484-thread-1] INFO  server.RaftServerConfigKeys (ConfUtils.java:logGet(44)) - raft.server.log.statemachine.data.sync.timeout.retry = -1 (default)
2021-12-29 13:36:41,499 [pool-484-thread-1] INFO  server.RaftServerConfigKeys (ConfUtils.java:logGet(44)) - raft.server.log.write.buffer.size = 1048576 (custom)
2021-12-29 13:36:41,499 [pool-484-thread-1] INFO  server.RaftServerConfigKeys (ConfUtils.java:logGet(44)) - raft.server.log.statemachine.data.caching.enabled = true (custom)
2021-12-29 13:36:41,500 [pool-484-thread-1] INFO  segmented.SegmentedRaftLogWorker (SegmentedRaftLogWorker.java:lambda$new$0(133)) - 0611f638-a8f4-4cee-844a-1fb388a9e933@group-263760F17C78-SegmentedRaftLogWorker: flushIndex: setUnconditionally 0 -> -1
2021-12-29 13:36:41,500 [pool-484-thread-1] INFO  segmented.SegmentedRaftLogWorker (SegmentedRaftLogWorker.java:lambda$new$0(133)) - 0611f638-a8f4-4cee-844a-1fb388a9e933@group-263760F17C78-SegmentedRaftLogWorker: safeCacheEvictIndex: setUnconditionally 0 -> -1
2021-12-29 13:36:41,494 [EventQueue-OpenPipelineForHealthyPipelineSafeModeRule] INFO  safemode.SCMSafeModeManager (HealthyPipelineSafeModeRule.java:process(124)) - SCM in safe mode. Healthy pipelines reported count is 0, required healthy pipeline reported count is 1
2021-12-29 13:36:41,502 [pool-484-thread-1] INFO  server.RaftServerConfigKeys (ConfUtils.java:logGet(44)) - raft.server.snapshot.auto.trigger.enabled = true (custom)
2021-12-29 13:36:41,503 [pool-484-thread-1] INFO  server.RaftServerConfigKeys (ConfUtils.java:logGet(44)) - raft.server.snapshot.auto.trigger.threshold = 10000 (custom)
2021-12-29 13:36:41,503 [pool-484-thread-1] INFO  server.RaftServerConfigKeys (ConfUtils.java:logGet(44)) - raft.server.snapshot.retention.file.num = 5 (custom)
2021-12-29 13:36:41,503 [pool-484-thread-1] INFO  server.RaftServerConfigKeys (ConfUtils.java:logGet(44)) - raft.server.log.purge.upto.snapshot.index = false (default)
2021-12-29 13:36:41,503 [pool-484-thread-1] INFO  server.RaftServerConfigKeys (ConfUtils.java:logGet(44)) - raft.server.retrycache.expirytime = 600000ms (custom)
2021-12-29 13:36:41,503 [pool-484-thread-1] INFO  server.RaftServerConfigKeys (ConfUtils.java:logGet(44)) - raft.server.retrycache.statistics.expirytime = 100μs (default)
2021-12-29 13:36:41,504 [pool-484-thread-1] INFO  server.RaftServer$Division (RaftServerImpl.java:start(301)) - 0611f638-a8f4-4cee-844a-1fb388a9e933@group-263760F17C78: start as a follower, conf=-1: [0611f638-a8f4-4cee-844a-1fb388a9e933|rpc:10.1.0.26:34987|priority:1], old=null
2021-12-29 13:36:41,504 [pool-484-thread-1] INFO  server.RaftServer$Division (RaftServerImpl.java:setRole(290)) - 0611f638-a8f4-4cee-844a-1fb388a9e933@group-263760F17C78: changes role from      null to FOLLOWER at term 0 for startAsFollower
2021-12-29 13:36:41,504 [pool-484-thread-1] INFO  impl.RoleInfo (RoleInfo.java:updateAndGet(130)) - 0611f638-a8f4-4cee-844a-1fb388a9e933: start 0611f638-a8f4-4cee-844a-1fb388a9e933@group-263760F17C78-FollowerState
2021-12-29 13:36:41,505 [pool-484-thread-1] INFO  util.JmxRegister (JmxRegister.java:tryRegister(44)) - Successfully registered JMX Bean with object name Ratis:service=RaftServer,group=group-263760F17C78,id=0611f638-a8f4-4cee-844a-1fb388a9e933
2021-12-29 13:36:41,506 [Command processor thread] INFO  ratis.XceiverServerRatis (XceiverServerRatis.java:addGroup(768)) - Created group PipelineID=90e1633f-0924-4ca3-b0c8-263760f17c78
2021-12-29 13:36:41,506 [Command processor thread] INFO  commandhandler.CreatePipelineCommandHandler (CreatePipelineCommandHandler.java:handle(106)) - Created Pipeline RATIS ONE PipelineID=90e1633f-0924-4ca3-b0c8-263760f17c78.
2021-12-29 13:36:41,507 [Command processor thread] INFO  server.RaftServer (RaftServerProxy.java:addNew(95)) - 0611f638-a8f4-4cee-844a-1fb388a9e933: addNew group-A03FB28DED75:[e6152946-d0ea-4073-bce7-5683c36ce8c1|rpc:10.1.0.26:45851|priority:0, 0611f638-a8f4-4cee-844a-1fb388a9e933|rpc:10.1.0.26:34987|priority:1, 3e7bdddb-bd7c-4654-a454-885ab84ced57|rpc:10.1.0.26:45011|priority:0] returns group-A03FB28DED75:java.util.concurrent.CompletableFuture@6bca0f4b[Not completed]
2021-12-29 13:36:41,507 [pool-484-thread-1] INFO  server.RaftServer$Division (RaftServerImpl.java:<init>(184)) - 0611f638-a8f4-4cee-844a-1fb388a9e933: new RaftServerImpl for group-A03FB28DED75:[e6152946-d0ea-4073-bce7-5683c36ce8c1|rpc:10.1.0.26:45851|priority:0, 0611f638-a8f4-4cee-844a-1fb388a9e933|rpc:10.1.0.26:34987|priority:1, 3e7bdddb-bd7c-4654-a454-885ab84ced57|rpc:10.1.0.26:45011|priority:0] with ContainerStateMachine:uninitialized
2021-12-29 13:36:41,507 [pool-484-thread-1] INFO  server.RaftServerConfigKeys (ConfUtils.java:logGet(44)) - raft.server.rpc.timeout.min = 5s (custom)
2021-12-29 13:36:41,507 [pool-484-thread-1] INFO  server.RaftServerConfigKeys (ConfUtils.java:logGet(44)) - raft.server.rpc.timeout.max = 5200ms (custom)
2021-12-29 13:36:41,507 [pool-484-thread-1] INFO  server.RaftServerConfigKeys (ConfUtils.java:logGet(44)) - raft.server.rpc.sleep.time = 25ms (default)
2021-12-29 13:36:41,507 [pool-484-thread-1] INFO  server.RaftServerConfigKeys (ConfUtils.java:logGet(44)) - raft.server.rpc.slowness.timeout = 300s (custom)
2021-12-29 13:36:41,507 [pool-484-thread-1] INFO  server.RaftServerConfigKeys (ConfUtils.java:logGet(44)) - raft.server.leaderelection.leader.step-down.wait-time = 10s (default)
2021-12-29 13:36:41,508 [pool-484-thread-1] INFO  server.RaftServerConfigKeys (ConfUtils.java:logGet(44)) - raft.server.sleep.deviation.threshold = 300ms (default)
2021-12-29 13:36:41,508 [pool-484-thread-1] INFO  server.RaftServerConfigKeys (ConfUtils.java:logGet(44)) - raft.server.log.appender.install.snapshot.enabled = false (custom)
2021-12-29 13:36:41,508 [pool-484-thread-1] INFO  server.RaftServer$Division (ServerState.java:<init>(105)) - 0611f638-a8f4-4cee-844a-1fb388a9e933@group-A03FB28DED75: ConfigurationManager, init=-1: [e6152946-d0ea-4073-bce7-5683c36ce8c1|rpc:10.1.0.26:45851|priority:0, 0611f638-a8f4-4cee-844a-1fb388a9e933|rpc:10.1.0.26:34987|priority:1, 3e7bdddb-bd7c-4654-a454-885ab84ced57|rpc:10.1.0.26:45011|priority:0], old=null, confs=<EMPTY_MAP>
2021-12-29 13:36:41,508 [pool-484-thread-1] INFO  server.RaftServerConfigKeys (ConfUtils.java:logGet(44)) - raft.server.storage.dir = [/home/runner/work/ozone/ozone/hadoop-ozone/integration-test/target/test-dir/MiniOzoneClusterImpl-aadba4d7-ee9c-4873-8a56-559a23ee9528/datanode-0/data/ratis] (custom)
2021-12-29 13:36:41,508 [pool-484-thread-1] INFO  server.RaftServerConfigKeys (ConfUtils.java:logGet(44)) - raft.server.log.corruption.policy = EXCEPTION (default)
2021-12-29 13:36:41,508 [pool-484-thread-1] INFO  server.RaftServerConfigKeys (ConfUtils.java:logGet(44)) - raft.server.storage.free-space.min = 0MB (=0) (default)
2021-12-29 13:36:41,508 [pool-484-thread-1] INFO  storage.RaftStorageDirectory (RaftStorageDirectoryImpl.java:analyzeStorage(135)) - The storage directory /home/runner/work/ozone/ozone/hadoop-ozone/integration-test/target/test-dir/MiniOzoneClusterImpl-aadba4d7-ee9c-4873-8a56-559a23ee9528/datanode-0/data/ratis/4cd0111a-ce4d-4e78-a869-a03fb28ded75 does not exist. Creating ...
2021-12-29 13:36:41,511 [pool-484-thread-1] INFO  storage.RaftStorageDirectory (RaftStorageDirectoryImpl.java:tryLock(230)) - Lock on /home/runner/work/ozone/ozone/hadoop-ozone/integration-test/target/test-dir/MiniOzoneClusterImpl-aadba4d7-ee9c-4873-8a56-559a23ee9528/datanode-0/data/ratis/4cd0111a-ce4d-4e78-a869-a03fb28ded75/in_use.lock acquired by nodename 16235@fv-az59-280
2021-12-29 13:36:41,512 [pool-484-thread-1] INFO  storage.RaftStorage (RaftStorageImpl.java:format(89)) - Storage directory /home/runner/work/ozone/ozone/hadoop-ozone/integration-test/target/test-dir/MiniOzoneClusterImpl-aadba4d7-ee9c-4873-8a56-559a23ee9528/datanode-0/data/ratis/4cd0111a-ce4d-4e78-a869-a03fb28ded75 has been successfully formatted.
2021-12-29 13:36:41,512 [pool-484-thread-1] INFO  ratis.ContainerStateMachine (ContainerStateMachine.java:loadSnapshot(231)) - group-A03FB28DED75: The snapshot info is null. Setting the last applied indexto:(t:0, i:~)
2021-12-29 13:36:41,513 [pool-484-thread-1] INFO  server.RaftServerConfigKeys (ConfUtils.java:logGet(44)) - raft.server.notification.no-leader.timeout = 300s (custom)
2021-12-29 13:36:41,513 [pool-484-thread-1] INFO  server.RaftServerConfigKeys (ConfUtils.java:logGet(44)) - raft.server.log.use.memory = false (default)
2021-12-29 13:36:41,514 [pool-484-thread-1] INFO  server.RaftServerConfigKeys (ConfUtils.java:logGet(44)) - raft.server.log.purge.gap = 1000000 (custom)
2021-12-29 13:36:41,514 [EventQueue-OpenPipelineForHealthyPipelineSafeModeRule] INFO  safemode.SCMSafeModeManager (HealthyPipelineSafeModeRule.java:process(124)) - SCM in safe mode. Healthy pipelines reported count is 0, required healthy pipeline reported count is 1
2021-12-29 13:36:41,515 [pool-484-thread-1] INFO  server.RaftServerConfigKeys (ConfUtils.java:logGet(44)) - raft.server.log.appender.buffer.byte-limit = 33554432 (custom)
2021-12-29 13:36:41,515 [pool-484-thread-1] INFO  server.RaftServerConfigKeys (ConfUtils.java:logGet(44)) - raft.server.log.segment.size.max = 1048576 (custom)
2021-12-29 13:36:41,515 [pool-484-thread-1] INFO  server.RaftServerConfigKeys (ConfUtils.java:logGet(44)) - raft.server.log.segment.cache.num.max = 2 (custom)
2021-12-29 13:36:41,515 [pool-484-thread-1] INFO  server.RaftServerConfigKeys (ConfUtils.java:logGet(44)) - raft.server.log.segment.cache.size.max = 200MB (=209715200) (default)
2021-12-29 13:36:41,515 [pool-484-thread-1] INFO  segmented.SegmentedRaftLogWorker (SegmentedRaftLogWorker.java:<init>(182)) - new 0611f638-a8f4-4cee-844a-1fb388a9e933@group-A03FB28DED75-SegmentedRaftLogWorker for RaftStorageImpl:Storage Directory /home/runner/work/ozone/ozone/hadoop-ozone/integration-test/target/test-dir/MiniOzoneClusterImpl-aadba4d7-ee9c-4873-8a56-559a23ee9528/datanode-0/data/ratis/4cd0111a-ce4d-4e78-a869-a03fb28ded75
2021-12-29 13:36:41,515 [pool-484-thread-1] INFO  server.RaftServerConfigKeys (ConfUtils.java:logGet(44)) - raft.server.log.queue.byte-limit = 2147483647 (custom)
2021-12-29 13:36:41,515 [pool-484-thread-1] INFO  server.RaftServerConfigKeys (ConfUtils.java:logGet(44)) - raft.server.log.queue.element-limit = 1024 (custom)
2021-12-29 13:36:41,515 [pool-484-thread-1] INFO  server.RaftServerConfigKeys (ConfUtils.java:logGet(44)) - raft.server.log.segment.size.max = 1048576 (custom)
2021-12-29 13:36:41,515 [pool-484-thread-1] INFO  server.RaftServerConfigKeys (ConfUtils.java:logGet(44)) - raft.server.log.preallocated.size = 16384 (custom)
2021-12-29 13:36:41,515 [pool-484-thread-1] INFO  server.RaftServerConfigKeys (ConfUtils.java:logGet(44)) - raft.server.log.force.sync.num = 128 (default)
2021-12-29 13:36:41,516 [pool-484-thread-1] INFO  server.RaftServerConfigKeys (ConfUtils.java:logGet(44)) - raft.server.log.statemachine.data.sync = true (default)
2021-12-29 13:36:41,516 [pool-484-thread-1] INFO  server.RaftServerConfigKeys (ConfUtils.java:logGet(44)) - raft.server.log.statemachine.data.sync.timeout = 10s (default)
2021-12-29 13:36:41,516 [pool-484-thread-1] INFO  server.RaftServerConfigKeys (ConfUtils.java:logGet(44)) - raft.server.log.statemachine.data.sync.timeout.retry = -1 (default)
2021-12-29 13:36:41,518 [pool-484-thread-1] INFO  server.RaftServerConfigKeys (ConfUtils.java:logGet(44)) - raft.server.log.write.buffer.size = 1048576 (custom)
2021-12-29 13:36:41,521 [pool-484-thread-1] INFO  server.RaftServerConfigKeys (ConfUtils.java:logGet(44)) - raft.server.log.statemachine.data.caching.enabled = true (custom)
2021-12-29 13:36:41,521 [pool-484-thread-1] INFO  segmented.SegmentedRaftLogWorker (SegmentedRaftLogWorker.java:lambda$new$0(133)) - 0611f638-a8f4-4cee-844a-1fb388a9e933@group-A03FB28DED75-SegmentedRaftLogWorker: flushIndex: setUnconditionally 0 -> -1
2021-12-29 13:36:41,521 [pool-484-thread-1] INFO  segmented.SegmentedRaftLogWorker (SegmentedRaftLogWorker.java:lambda$new$0(133)) - 0611f638-a8f4-4cee-844a-1fb388a9e933@group-A03FB28DED75-SegmentedRaftLogWorker: safeCacheEvictIndex: setUnconditionally 0 -> -1
2021-12-29 13:36:41,539 [pool-484-thread-1] INFO  server.RaftServerConfigKeys (ConfUtils.java:logGet(44)) - raft.server.snapshot.auto.trigger.enabled = true (custom)
2021-12-29 13:36:41,539 [pool-484-thread-1] INFO  server.RaftServerConfigKeys (ConfUtils.java:logGet(44)) - raft.server.snapshot.auto.trigger.threshold = 10000 (custom)
2021-12-29 13:36:41,539 [pool-484-thread-1] INFO  server.RaftServerConfigKeys (ConfUtils.java:logGet(44)) - raft.server.snapshot.retention.file.num = 5 (custom)
2021-12-29 13:36:41,539 [pool-484-thread-1] INFO  server.RaftServerConfigKeys (ConfUtils.java:logGet(44)) - raft.server.log.purge.upto.snapshot.index = false (default)
2021-12-29 13:36:41,539 [pool-484-thread-1] INFO  server.RaftServerConfigKeys (ConfUtils.java:logGet(44)) - raft.server.retrycache.expirytime = 600000ms (custom)
2021-12-29 13:36:41,539 [pool-484-thread-1] INFO  server.RaftServerConfigKeys (ConfUtils.java:logGet(44)) - raft.server.retrycache.statistics.expirytime = 100μs (default)
2021-12-29 13:36:41,540 [pool-484-thread-1] INFO  server.RaftServer$Division (RaftServerImpl.java:start(301)) - 0611f638-a8f4-4cee-844a-1fb388a9e933@group-A03FB28DED75: start as a follower, conf=-1: [e6152946-d0ea-4073-bce7-5683c36ce8c1|rpc:10.1.0.26:45851|priority:0, 0611f638-a8f4-4cee-844a-1fb388a9e933|rpc:10.1.0.26:34987|priority:1, 3e7bdddb-bd7c-4654-a454-885ab84ced57|rpc:10.1.0.26:45011|priority:0], old=null
2021-12-29 13:36:41,540 [pool-484-thread-1] INFO  server.RaftServer$Division (RaftServerImpl.java:setRole(290)) - 0611f638-a8f4-4cee-844a-1fb388a9e933@group-A03FB28DED75: changes role from      null to FOLLOWER at term 0 for startAsFollower
2021-12-29 13:36:41,540 [pool-484-thread-1] INFO  impl.RoleInfo (RoleInfo.java:updateAndGet(130)) - 0611f638-a8f4-4cee-844a-1fb388a9e933: start 0611f638-a8f4-4cee-844a-1fb388a9e933@group-A03FB28DED75-FollowerState
2021-12-29 13:36:41,540 [pool-484-thread-1] INFO  util.JmxRegister (JmxRegister.java:tryRegister(44)) - Successfully registered JMX Bean with object name Ratis:service=RaftServer,group=group-A03FB28DED75,id=0611f638-a8f4-4cee-844a-1fb388a9e933
2021-12-29 13:36:41,541 [Command processor thread] INFO  ratis.XceiverServerRatis (XceiverServerRatis.java:addGroup(768)) - Created group PipelineID=4cd0111a-ce4d-4e78-a869-a03fb28ded75
2021-12-29 13:36:41,583 [grpc-default-executor-0] INFO  server.RaftServer (RaftServerProxy.java:addNew(95)) - 3e7bdddb-bd7c-4654-a454-885ab84ced57: addNew group-A03FB28DED75:[e6152946-d0ea-4073-bce7-5683c36ce8c1|rpc:10.1.0.26:45851|dataStream:|priority:0, 0611f638-a8f4-4cee-844a-1fb388a9e933|rpc:10.1.0.26:34987|dataStream:|priority:1, 3e7bdddb-bd7c-4654-a454-885ab84ced57|rpc:10.1.0.26:45011|dataStream:|priority:0] returns group-A03FB28DED75:java.util.concurrent.CompletableFuture@6de070ea[Not completed]
2021-12-29 13:36:41,594 [pool-505-thread-1] INFO  server.RaftServer$Division (RaftServerImpl.java:<init>(184)) - 3e7bdddb-bd7c-4654-a454-885ab84ced57: new RaftServerImpl for group-A03FB28DED75:[e6152946-d0ea-4073-bce7-5683c36ce8c1|rpc:10.1.0.26:45851|dataStream:|priority:0, 0611f638-a8f4-4cee-844a-1fb388a9e933|rpc:10.1.0.26:34987|dataStream:|priority:1, 3e7bdddb-bd7c-4654-a454-885ab84ced57|rpc:10.1.0.26:45011|dataStream:|priority:0] with ContainerStateMachine:uninitialized
2021-12-29 13:36:41,594 [pool-505-thread-1] INFO  server.RaftServerConfigKeys (ConfUtils.java:logGet(44)) - raft.server.rpc.timeout.min = 5s (custom)
2021-12-29 13:36:41,594 [pool-505-thread-1] INFO  server.RaftServerConfigKeys (ConfUtils.java:logGet(44)) - raft.server.rpc.timeout.max = 5200ms (custom)
2021-12-29 13:36:41,594 [pool-505-thread-1] INFO  server.RaftServerConfigKeys (ConfUtils.java:logGet(44)) - raft.server.rpc.sleep.time = 25ms (default)
2021-12-29 13:36:41,594 [pool-505-thread-1] INFO  server.RaftServerConfigKeys (ConfUtils.java:logGet(44)) - raft.server.rpc.slowness.timeout = 300s (custom)
2021-12-29 13:36:41,594 [pool-505-thread-1] INFO  server.RaftServerConfigKeys (ConfUtils.java:logGet(44)) - raft.server.leaderelection.leader.step-down.wait-time = 10s (default)
2021-12-29 13:36:41,594 [pool-505-thread-1] INFO  server.RaftServerConfigKeys (ConfUtils.java:logGet(44)) - raft.server.sleep.deviation.threshold = 300ms (default)
2021-12-29 13:36:41,594 [pool-505-thread-1] INFO  server.RaftServerConfigKeys (ConfUtils.java:logGet(44)) - raft.server.log.appender.install.snapshot.enabled = false (custom)
2021-12-29 13:36:41,594 [pool-505-thread-1] INFO  server.RaftServer$Division (ServerState.java:<init>(105)) - 3e7bdddb-bd7c-4654-a454-885ab84ced57@group-A03FB28DED75: ConfigurationManager, init=-1: [e6152946-d0ea-4073-bce7-5683c36ce8c1|rpc:10.1.0.26:45851|dataStream:|priority:0, 0611f638-a8f4-4cee-844a-1fb388a9e933|rpc:10.1.0.26:34987|dataStream:|priority:1, 3e7bdddb-bd7c-4654-a454-885ab84ced57|rpc:10.1.0.26:45011|dataStream:|priority:0], old=null, confs=<EMPTY_MAP>
2021-12-29 13:36:41,594 [pool-505-thread-1] INFO  server.RaftServerConfigKeys (ConfUtils.java:logGet(44)) - raft.server.storage.dir = [/home/runner/work/ozone/ozone/hadoop-ozone/integration-test/target/test-dir/MiniOzoneClusterImpl-aadba4d7-ee9c-4873-8a56-559a23ee9528/datanode-1/data/ratis] (custom)
2021-12-29 13:36:41,595 [pool-505-thread-1] INFO  server.RaftServerConfigKeys (ConfUtils.java:logGet(44)) - raft.server.log.corruption.policy = EXCEPTION (default)
2021-12-29 13:36:41,595 [pool-505-thread-1] INFO  server.RaftServerConfigKeys (ConfUtils.java:logGet(44)) - raft.server.storage.free-space.min = 0MB (=0) (default)
2021-12-29 13:36:41,595 [pool-505-thread-1] INFO  storage.RaftStorageDirectory (RaftStorageDirectoryImpl.java:analyzeStorage(135)) - The storage directory /home/runner/work/ozone/ozone/hadoop-ozone/integration-test/target/test-dir/MiniOzoneClusterImpl-aadba4d7-ee9c-4873-8a56-559a23ee9528/datanode-1/data/ratis/4cd0111a-ce4d-4e78-a869-a03fb28ded75 does not exist. Creating ...
2021-12-29 13:36:41,596 [pool-505-thread-1] INFO  storage.RaftStorageDirectory (RaftStorageDirectoryImpl.java:tryLock(230)) - Lock on /home/runner/work/ozone/ozone/hadoop-ozone/integration-test/target/test-dir/MiniOzoneClusterImpl-aadba4d7-ee9c-4873-8a56-559a23ee9528/datanode-1/data/ratis/4cd0111a-ce4d-4e78-a869-a03fb28ded75/in_use.lock acquired by nodename 16235@fv-az59-280
2021-12-29 13:36:41,608 [pool-505-thread-1] INFO  storage.RaftStorage (RaftStorageImpl.java:format(89)) - Storage directory /home/runner/work/ozone/ozone/hadoop-ozone/integration-test/target/test-dir/MiniOzoneClusterImpl-aadba4d7-ee9c-4873-8a56-559a23ee9528/datanode-1/data/ratis/4cd0111a-ce4d-4e78-a869-a03fb28ded75 has been successfully formatted.
2021-12-29 13:36:41,626 [pool-505-thread-1] INFO  ratis.ContainerStateMachine (ContainerStateMachine.java:loadSnapshot(231)) - group-A03FB28DED75: The snapshot info is null. Setting the last applied indexto:(t:0, i:~)
2021-12-29 13:36:41,626 [pool-505-thread-1] INFO  server.RaftServerConfigKeys (ConfUtils.java:logGet(44)) - raft.server.notification.no-leader.timeout = 300s (custom)
2021-12-29 13:36:41,626 [pool-505-thread-1] INFO  server.RaftServerConfigKeys (ConfUtils.java:logGet(44)) - raft.server.log.use.memory = false (default)
2021-12-29 13:36:41,626 [pool-505-thread-1] INFO  server.RaftServerConfigKeys (ConfUtils.java:logGet(44)) - raft.server.log.purge.gap = 1000000 (custom)
2021-12-29 13:36:41,626 [pool-505-thread-1] INFO  server.RaftServerConfigKeys (ConfUtils.java:logGet(44)) - raft.server.log.appender.buffer.byte-limit = 33554432 (custom)
2021-12-29 13:36:41,626 [pool-505-thread-1] INFO  server.RaftServerConfigKeys (ConfUtils.java:logGet(44)) - raft.server.log.segment.size.max = 1048576 (custom)
2021-12-29 13:36:41,626 [pool-505-thread-1] INFO  server.RaftServerConfigKeys (ConfUtils.java:logGet(44)) - raft.server.log.segment.cache.num.max = 2 (custom)
2021-12-29 13:36:41,626 [pool-505-thread-1] INFO  server.RaftServerConfigKeys (ConfUtils.java:logGet(44)) - raft.server.log.segment.cache.size.max = 200MB (=209715200) (default)
2021-12-29 13:36:41,626 [pool-505-thread-1] INFO  segmented.SegmentedRaftLogWorker (SegmentedRaftLogWorker.java:<init>(182)) - new 3e7bdddb-bd7c-4654-a454-885ab84ced57@group-A03FB28DED75-SegmentedRaftLogWorker for RaftStorageImpl:Storage Directory /home/runner/work/ozone/ozone/hadoop-ozone/integration-test/target/test-dir/MiniOzoneClusterImpl-aadba4d7-ee9c-4873-8a56-559a23ee9528/datanode-1/data/ratis/4cd0111a-ce4d-4e78-a869-a03fb28ded75
2021-12-29 13:36:41,626 [pool-505-thread-1] INFO  server.RaftServerConfigKeys (ConfUtils.java:logGet(44)) - raft.server.log.queue.byte-limit = 2147483647 (custom)
2021-12-29 13:36:41,626 [pool-505-thread-1] INFO  server.RaftServerConfigKeys (ConfUtils.java:logGet(44)) - raft.server.log.queue.element-limit = 1024 (custom)
2021-12-29 13:36:41,627 [pool-505-thread-1] INFO  server.RaftServerConfigKeys (ConfUtils.java:logGet(44)) - raft.server.log.segment.size.max = 1048576 (custom)
2021-12-29 13:36:41,627 [pool-505-thread-1] INFO  server.RaftServerConfigKeys (ConfUtils.java:logGet(44)) - raft.server.log.preallocated.size = 16384 (custom)
2021-12-29 13:36:41,627 [pool-505-thread-1] INFO  server.RaftServerConfigKeys (ConfUtils.java:logGet(44)) - raft.server.log.force.sync.num = 128 (default)
2021-12-29 13:36:41,627 [pool-505-thread-1] INFO  server.RaftServerConfigKeys (ConfUtils.java:logGet(44)) - raft.server.log.statemachine.data.sync = true (default)
2021-12-29 13:36:41,627 [pool-505-thread-1] INFO  server.RaftServerConfigKeys (ConfUtils.java:logGet(44)) - raft.server.log.statemachine.data.sync.timeout = 10s (default)
2021-12-29 13:36:41,627 [pool-505-thread-1] INFO  server.RaftServerConfigKeys (ConfUtils.java:logGet(44)) - raft.server.log.statemachine.data.sync.timeout.retry = -1 (default)
2021-12-29 13:36:41,627 [pool-505-thread-1] INFO  server.RaftServerConfigKeys (ConfUtils.java:logGet(44)) - raft.server.log.write.buffer.size = 1048576 (custom)
2021-12-29 13:36:41,628 [pool-505-thread-1] INFO  server.RaftServerConfigKeys (ConfUtils.java:logGet(44)) - raft.server.log.statemachine.data.caching.enabled = true (custom)
2021-12-29 13:36:41,628 [pool-505-thread-1] INFO  segmented.SegmentedRaftLogWorker (SegmentedRaftLogWorker.java:lambda$new$0(133)) - 3e7bdddb-bd7c-4654-a454-885ab84ced57@group-A03FB28DED75-SegmentedRaftLogWorker: flushIndex: setUnconditionally 0 -> -1
2021-12-29 13:36:41,628 [pool-505-thread-1] INFO  segmented.SegmentedRaftLogWorker (SegmentedRaftLogWorker.java:lambda$new$0(133)) - 3e7bdddb-bd7c-4654-a454-885ab84ced57@group-A03FB28DED75-SegmentedRaftLogWorker: safeCacheEvictIndex: setUnconditionally 0 -> -1
2021-12-29 13:36:41,634 [pool-505-thread-1] INFO  server.RaftServerConfigKeys (ConfUtils.java:logGet(44)) - raft.server.snapshot.auto.trigger.enabled = true (custom)
2021-12-29 13:36:41,634 [pool-505-thread-1] INFO  server.RaftServerConfigKeys (ConfUtils.java:logGet(44)) - raft.server.snapshot.auto.trigger.threshold = 10000 (custom)
2021-12-29 13:36:41,634 [pool-505-thread-1] INFO  server.RaftServerConfigKeys (ConfUtils.java:logGet(44)) - raft.server.snapshot.retention.file.num = 5 (custom)
2021-12-29 13:36:41,634 [pool-505-thread-1] INFO  server.RaftServerConfigKeys (ConfUtils.java:logGet(44)) - raft.server.log.purge.upto.snapshot.index = false (default)
2021-12-29 13:36:41,634 [pool-505-thread-1] INFO  server.RaftServerConfigKeys (ConfUtils.java:logGet(44)) - raft.server.retrycache.expirytime = 600000ms (custom)
2021-12-29 13:36:41,634 [pool-505-thread-1] INFO  server.RaftServerConfigKeys (ConfUtils.java:logGet(44)) - raft.server.retrycache.statistics.expirytime = 100μs (default)
2021-12-29 13:36:41,635 [pool-505-thread-1] INFO  server.RaftServer$Division (RaftServerImpl.java:start(301)) - 3e7bdddb-bd7c-4654-a454-885ab84ced57@group-A03FB28DED75: start as a follower, conf=-1: [e6152946-d0ea-4073-bce7-5683c36ce8c1|rpc:10.1.0.26:45851|dataStream:|priority:0, 0611f638-a8f4-4cee-844a-1fb388a9e933|rpc:10.1.0.26:34987|dataStream:|priority:1, 3e7bdddb-bd7c-4654-a454-885ab84ced57|rpc:10.1.0.26:45011|dataStream:|priority:0], old=null
2021-12-29 13:36:41,635 [pool-505-thread-1] INFO  server.RaftServer$Division (RaftServerImpl.java:setRole(290)) - 3e7bdddb-bd7c-4654-a454-885ab84ced57@group-A03FB28DED75: changes role from      null to FOLLOWER at term 0 for startAsFollower
2021-12-29 13:36:41,635 [pool-505-thread-1] INFO  impl.RoleInfo (RoleInfo.java:updateAndGet(130)) - 3e7bdddb-bd7c-4654-a454-885ab84ced57: start 3e7bdddb-bd7c-4654-a454-885ab84ced57@group-A03FB28DED75-FollowerState
2021-12-29 13:36:41,638 [pool-505-thread-1] INFO  util.JmxRegister (JmxRegister.java:tryRegister(44)) - Successfully registered JMX Bean with object name Ratis:service=RaftServer,group=group-A03FB28DED75,id=3e7bdddb-bd7c-4654-a454-885ab84ced57
2021-12-29 13:36:41,703 [grpc-default-executor-0] INFO  server.RaftServer (RaftServerProxy.java:addNew(95)) - e6152946-d0ea-4073-bce7-5683c36ce8c1: addNew group-A03FB28DED75:[e6152946-d0ea-4073-bce7-5683c36ce8c1|rpc:10.1.0.26:45851|dataStream:|priority:0, 0611f638-a8f4-4cee-844a-1fb388a9e933|rpc:10.1.0.26:34987|dataStream:|priority:1, 3e7bdddb-bd7c-4654-a454-885ab84ced57|rpc:10.1.0.26:45011|dataStream:|priority:0] returns group-A03FB28DED75:java.util.concurrent.CompletableFuture@64911bb8[Not completed]
2021-12-29 13:36:41,715 [pool-526-thread-1] INFO  server.RaftServer$Division (RaftServerImpl.java:<init>(184)) - e6152946-d0ea-4073-bce7-5683c36ce8c1: new RaftServerImpl for group-A03FB28DED75:[e6152946-d0ea-4073-bce7-5683c36ce8c1|rpc:10.1.0.26:45851|dataStream:|priority:0, 0611f638-a8f4-4cee-844a-1fb388a9e933|rpc:10.1.0.26:34987|dataStream:|priority:1, 3e7bdddb-bd7c-4654-a454-885ab84ced57|rpc:10.1.0.26:45011|dataStream:|priority:0] with ContainerStateMachine:uninitialized
2021-12-29 13:36:41,726 [pool-526-thread-1] INFO  server.RaftServerConfigKeys (ConfUtils.java:logGet(44)) - raft.server.rpc.timeout.min = 5s (custom)
2021-12-29 13:36:41,726 [pool-526-thread-1] INFO  server.RaftServerConfigKeys (ConfUtils.java:logGet(44)) - raft.server.rpc.timeout.max = 5200ms (custom)
2021-12-29 13:36:41,726 [pool-526-thread-1] INFO  server.RaftServerConfigKeys (ConfUtils.java:logGet(44)) - raft.server.rpc.sleep.time = 25ms (default)
2021-12-29 13:36:41,726 [pool-526-thread-1] INFO  server.RaftServerConfigKeys (ConfUtils.java:logGet(44)) - raft.server.rpc.slowness.timeout = 300s (custom)
2021-12-29 13:36:41,726 [pool-526-thread-1] INFO  server.RaftServerConfigKeys (ConfUtils.java:logGet(44)) - raft.server.leaderelection.leader.step-down.wait-time = 10s (default)
2021-12-29 13:36:41,726 [pool-526-thread-1] INFO  server.RaftServerConfigKeys (ConfUtils.java:logGet(44)) - raft.server.sleep.deviation.threshold = 300ms (default)
2021-12-29 13:36:41,726 [pool-526-thread-1] INFO  server.RaftServerConfigKeys (ConfUtils.java:logGet(44)) - raft.server.log.appender.install.snapshot.enabled = false (custom)
2021-12-29 13:36:41,726 [pool-526-thread-1] INFO  server.RaftServer$Division (ServerState.java:<init>(105)) - e6152946-d0ea-4073-bce7-5683c36ce8c1@group-A03FB28DED75: ConfigurationManager, init=-1: [e6152946-d0ea-4073-bce7-5683c36ce8c1|rpc:10.1.0.26:45851|dataStream:|priority:0, 0611f638-a8f4-4cee-844a-1fb388a9e933|rpc:10.1.0.26:34987|dataStream:|priority:1, 3e7bdddb-bd7c-4654-a454-885ab84ced57|rpc:10.1.0.26:45011|dataStream:|priority:0], old=null, confs=<EMPTY_MAP>
2021-12-29 13:36:41,726 [pool-526-thread-1] INFO  server.RaftServerConfigKeys (ConfUtils.java:logGet(44)) - raft.server.storage.dir = [/home/runner/work/ozone/ozone/hadoop-ozone/integration-test/target/test-dir/MiniOzoneClusterImpl-aadba4d7-ee9c-4873-8a56-559a23ee9528/datanode-2/data/ratis] (custom)
2021-12-29 13:36:41,726 [pool-526-thread-1] INFO  server.RaftServerConfigKeys (ConfUtils.java:logGet(44)) - raft.server.log.corruption.policy = EXCEPTION (default)
2021-12-29 13:36:41,726 [pool-526-thread-1] INFO  server.RaftServerConfigKeys (ConfUtils.java:logGet(44)) - raft.server.storage.free-space.min = 0MB (=0) (default)
2021-12-29 13:36:41,726 [pool-526-thread-1] INFO  storage.RaftStorageDirectory (RaftStorageDirectoryImpl.java:analyzeStorage(135)) - The storage directory /home/runner/work/ozone/ozone/hadoop-ozone/integration-test/target/test-dir/MiniOzoneClusterImpl-aadba4d7-ee9c-4873-8a56-559a23ee9528/datanode-2/data/ratis/4cd0111a-ce4d-4e78-a869-a03fb28ded75 does not exist. Creating ...
2021-12-29 13:36:41,729 [pool-526-thread-1] INFO  storage.RaftStorageDirectory (RaftStorageDirectoryImpl.java:tryLock(230)) - Lock on /home/runner/work/ozone/ozone/hadoop-ozone/integration-test/target/test-dir/MiniOzoneClusterImpl-aadba4d7-ee9c-4873-8a56-559a23ee9528/datanode-2/data/ratis/4cd0111a-ce4d-4e78-a869-a03fb28ded75/in_use.lock acquired by nodename 16235@fv-az59-280
2021-12-29 13:36:41,731 [pool-526-thread-1] INFO  storage.RaftStorage (RaftStorageImpl.java:format(89)) - Storage directory /home/runner/work/ozone/ozone/hadoop-ozone/integration-test/target/test-dir/MiniOzoneClusterImpl-aadba4d7-ee9c-4873-8a56-559a23ee9528/datanode-2/data/ratis/4cd0111a-ce4d-4e78-a869-a03fb28ded75 has been successfully formatted.
2021-12-29 13:36:41,732 [pool-526-thread-1] INFO  ratis.ContainerStateMachine (ContainerStateMachine.java:loadSnapshot(231)) - group-A03FB28DED75: The snapshot info is null. Setting the last applied indexto:(t:0, i:~)
2021-12-29 13:36:41,732 [pool-526-thread-1] INFO  server.RaftServerConfigKeys (ConfUtils.java:logGet(44)) - raft.server.notification.no-leader.timeout = 300s (custom)
2021-12-29 13:36:41,732 [pool-526-thread-1] INFO  server.RaftServerConfigKeys (ConfUtils.java:logGet(44)) - raft.server.log.use.memory = false (default)
2021-12-29 13:36:41,732 [pool-526-thread-1] INFO  server.RaftServerConfigKeys (ConfUtils.java:logGet(44)) - raft.server.log.purge.gap = 1000000 (custom)
2021-12-29 13:36:41,732 [pool-526-thread-1] INFO  server.RaftServerConfigKeys (ConfUtils.java:logGet(44)) - raft.server.log.appender.buffer.byte-limit = 33554432 (custom)
2021-12-29 13:36:41,732 [pool-526-thread-1] INFO  server.RaftServerConfigKeys (ConfUtils.java:logGet(44)) - raft.server.log.segment.size.max = 1048576 (custom)
2021-12-29 13:36:41,732 [pool-526-thread-1] INFO  server.RaftServerConfigKeys (ConfUtils.java:logGet(44)) - raft.server.log.segment.cache.num.max = 2 (custom)
2021-12-29 13:36:41,732 [pool-526-thread-1] INFO  server.RaftServerConfigKeys (ConfUtils.java:logGet(44)) - raft.server.log.segment.cache.size.max = 200MB (=209715200) (default)
2021-12-29 13:36:41,734 [pool-526-thread-1] INFO  segmented.SegmentedRaftLogWorker (SegmentedRaftLogWorker.java:<init>(182)) - new e6152946-d0ea-4073-bce7-5683c36ce8c1@group-A03FB28DED75-SegmentedRaftLogWorker for RaftStorageImpl:Storage Directory /home/runner/work/ozone/ozone/hadoop-ozone/integration-test/target/test-dir/MiniOzoneClusterImpl-aadba4d7-ee9c-4873-8a56-559a23ee9528/datanode-2/data/ratis/4cd0111a-ce4d-4e78-a869-a03fb28ded75
2021-12-29 13:36:41,734 [pool-526-thread-1] INFO  server.RaftServerConfigKeys (ConfUtils.java:logGet(44)) - raft.server.log.queue.byte-limit = 2147483647 (custom)
2021-12-29 13:36:41,734 [pool-526-thread-1] INFO  server.RaftServerConfigKeys (ConfUtils.java:logGet(44)) - raft.server.log.queue.element-limit = 1024 (custom)
2021-12-29 13:36:41,734 [pool-526-thread-1] INFO  server.RaftServerConfigKeys (ConfUtils.java:logGet(44)) - raft.server.log.segment.size.max = 1048576 (custom)
2021-12-29 13:36:41,734 [pool-526-thread-1] INFO  server.RaftServerConfigKeys (ConfUtils.java:logGet(44)) - raft.server.log.preallocated.size = 16384 (custom)
2021-12-29 13:36:41,734 [pool-526-thread-1] INFO  server.RaftServerConfigKeys (ConfUtils.java:logGet(44)) - raft.server.log.force.sync.num = 128 (default)
2021-12-29 13:36:41,734 [pool-526-thread-1] INFO  server.RaftServerConfigKeys (ConfUtils.java:logGet(44)) - raft.server.log.statemachine.data.sync = true (default)
2021-12-29 13:36:41,734 [pool-526-thread-1] INFO  server.RaftServerConfigKeys (ConfUtils.java:logGet(44)) - raft.server.log.statemachine.data.sync.timeout = 10s (default)
2021-12-29 13:36:41,735 [pool-526-thread-1] INFO  server.RaftServerConfigKeys (ConfUtils.java:logGet(44)) - raft.server.log.statemachine.data.sync.timeout.retry = -1 (default)
2021-12-29 13:36:41,735 [pool-526-thread-1] INFO  server.RaftServerConfigKeys (ConfUtils.java:logGet(44)) - raft.server.log.write.buffer.size = 1048576 (custom)
2021-12-29 13:36:41,738 [pool-526-thread-1] INFO  server.RaftServerConfigKeys (ConfUtils.java:logGet(44)) - raft.server.log.statemachine.data.caching.enabled = true (custom)
2021-12-29 13:36:41,739 [pool-526-thread-1] INFO  segmented.SegmentedRaftLogWorker (SegmentedRaftLogWorker.java:lambda$new$0(133)) - e6152946-d0ea-4073-bce7-5683c36ce8c1@group-A03FB28DED75-SegmentedRaftLogWorker: flushIndex: setUnconditionally 0 -> -1
2021-12-29 13:36:41,739 [pool-526-thread-1] INFO  segmented.SegmentedRaftLogWorker (SegmentedRaftLogWorker.java:lambda$new$0(133)) - e6152946-d0ea-4073-bce7-5683c36ce8c1@group-A03FB28DED75-SegmentedRaftLogWorker: safeCacheEvictIndex: setUnconditionally 0 -> -1
2021-12-29 13:36:41,744 [pool-526-thread-1] INFO  server.RaftServerConfigKeys (ConfUtils.java:logGet(44)) - raft.server.snapshot.auto.trigger.enabled = true (custom)
2021-12-29 13:36:41,744 [pool-526-thread-1] INFO  server.RaftServerConfigKeys (ConfUtils.java:logGet(44)) - raft.server.snapshot.auto.trigger.threshold = 10000 (custom)
2021-12-29 13:36:41,744 [pool-526-thread-1] INFO  server.RaftServerConfigKeys (ConfUtils.java:logGet(44)) - raft.server.snapshot.retention.file.num = 5 (custom)
2021-12-29 13:36:41,745 [pool-526-thread-1] INFO  server.RaftServerConfigKeys (ConfUtils.java:logGet(44)) - raft.server.log.purge.upto.snapshot.index = false (default)
2021-12-29 13:36:41,745 [pool-526-thread-1] INFO  server.RaftServerConfigKeys (ConfUtils.java:logGet(44)) - raft.server.retrycache.expirytime = 600000ms (custom)
2021-12-29 13:36:41,745 [pool-526-thread-1] INFO  server.RaftServerConfigKeys (ConfUtils.java:logGet(44)) - raft.server.retrycache.statistics.expirytime = 100μs (default)
2021-12-29 13:36:41,748 [pool-526-thread-1] INFO  server.RaftServer$Division (RaftServerImpl.java:start(301)) - e6152946-d0ea-4073-bce7-5683c36ce8c1@group-A03FB28DED75: start as a follower, conf=-1: [e6152946-d0ea-4073-bce7-5683c36ce8c1|rpc:10.1.0.26:45851|dataStream:|priority:0, 0611f638-a8f4-4cee-844a-1fb388a9e933|rpc:10.1.0.26:34987|dataStream:|priority:1, 3e7bdddb-bd7c-4654-a454-885ab84ced57|rpc:10.1.0.26:45011|dataStream:|priority:0], old=null
2021-12-29 13:36:41,748 [pool-526-thread-1] INFO  server.RaftServer$Division (RaftServerImpl.java:setRole(290)) - e6152946-d0ea-4073-bce7-5683c36ce8c1@group-A03FB28DED75: changes role from      null to FOLLOWER at term 0 for startAsFollower
2021-12-29 13:36:41,748 [pool-526-thread-1] INFO  impl.RoleInfo (RoleInfo.java:updateAndGet(130)) - e6152946-d0ea-4073-bce7-5683c36ce8c1: start e6152946-d0ea-4073-bce7-5683c36ce8c1@group-A03FB28DED75-FollowerState
2021-12-29 13:36:41,748 [pool-526-thread-1] INFO  util.JmxRegister (JmxRegister.java:tryRegister(44)) - Successfully registered JMX Bean with object name Ratis:service=RaftServer,group=group-A03FB28DED75,id=e6152946-d0ea-4073-bce7-5683c36ce8c1
2021-12-29 13:36:41,808 [Command processor thread] INFO  commandhandler.CreatePipelineCommandHandler (CreatePipelineCommandHandler.java:handle(106)) - Created Pipeline RATIS THREE PipelineID=4cd0111a-ce4d-4e78-a869-a03fb28ded75.
2021-12-29 13:36:41,808 [Command processor thread] INFO  server.RaftServer (RaftServerProxy.java:addNew(95)) - 0611f638-a8f4-4cee-844a-1fb388a9e933: addNew group-F71E69C7ACE7:[e6152946-d0ea-4073-bce7-5683c36ce8c1|rpc:10.1.0.26:45851|priority:1, 0611f638-a8f4-4cee-844a-1fb388a9e933|rpc:10.1.0.26:34987|priority:0, 3e7bdddb-bd7c-4654-a454-885ab84ced57|rpc:10.1.0.26:45011|priority:0] returns group-F71E69C7ACE7:java.util.concurrent.CompletableFuture@6712f248[Not completed]
2021-12-29 13:36:41,809 [pool-484-thread-1] INFO  server.RaftServer$Division (RaftServerImpl.java:<init>(184)) - 0611f638-a8f4-4cee-844a-1fb388a9e933: new RaftServerImpl for group-F71E69C7ACE7:[e6152946-d0ea-4073-bce7-5683c36ce8c1|rpc:10.1.0.26:45851|priority:1, 0611f638-a8f4-4cee-844a-1fb388a9e933|rpc:10.1.0.26:34987|priority:0, 3e7bdddb-bd7c-4654-a454-885ab84ced57|rpc:10.1.0.26:45011|priority:0] with ContainerStateMachine:uninitialized
2021-12-29 13:36:41,809 [pool-484-thread-1] INFO  server.RaftServerConfigKeys (ConfUtils.java:logGet(44)) - raft.server.rpc.timeout.min = 5s (custom)
2021-12-29 13:36:41,809 [pool-484-thread-1] INFO  server.RaftServerConfigKeys (ConfUtils.java:logGet(44)) - raft.server.rpc.timeout.max = 5200ms (custom)
2021-12-29 13:36:41,809 [pool-484-thread-1] INFO  server.RaftServerConfigKeys (ConfUtils.java:logGet(44)) - raft.server.rpc.sleep.time = 25ms (default)
2021-12-29 13:36:41,809 [pool-484-thread-1] INFO  server.RaftServerConfigKeys (ConfUtils.java:logGet(44)) - raft.server.rpc.slowness.timeout = 300s (custom)
2021-12-29 13:36:41,809 [pool-484-thread-1] INFO  server.RaftServerConfigKeys (ConfUtils.java:logGet(44)) - raft.server.leaderelection.leader.step-down.wait-time = 10s (default)
2021-12-29 13:36:41,809 [pool-484-thread-1] INFO  server.RaftServerConfigKeys (ConfUtils.java:logGet(44)) - raft.server.sleep.deviation.threshold = 300ms (default)
2021-12-29 13:36:41,809 [pool-484-thread-1] INFO  server.RaftServerConfigKeys (ConfUtils.java:logGet(44)) - raft.server.log.appender.install.snapshot.enabled = false (custom)
2021-12-29 13:36:41,809 [pool-484-thread-1] INFO  server.RaftServer$Division (ServerState.java:<init>(105)) - 0611f638-a8f4-4cee-844a-1fb388a9e933@group-F71E69C7ACE7: ConfigurationManager, init=-1: [e6152946-d0ea-4073-bce7-5683c36ce8c1|rpc:10.1.0.26:45851|priority:1, 0611f638-a8f4-4cee-844a-1fb388a9e933|rpc:10.1.0.26:34987|priority:0, 3e7bdddb-bd7c-4654-a454-885ab84ced57|rpc:10.1.0.26:45011|priority:0], old=null, confs=<EMPTY_MAP>
2021-12-29 13:36:41,809 [pool-484-thread-1] INFO  server.RaftServerConfigKeys (ConfUtils.java:logGet(44)) - raft.server.storage.dir = [/home/runner/work/ozone/ozone/hadoop-ozone/integration-test/target/test-dir/MiniOzoneClusterImpl-aadba4d7-ee9c-4873-8a56-559a23ee9528/datanode-0/data/ratis] (custom)
2021-12-29 13:36:41,809 [pool-484-thread-1] INFO  server.RaftServerConfigKeys (ConfUtils.java:logGet(44)) - raft.server.log.corruption.policy = EXCEPTION (default)
2021-12-29 13:36:41,809 [pool-484-thread-1] INFO  server.RaftServerConfigKeys (ConfUtils.java:logGet(44)) - raft.server.storage.free-space.min = 0MB (=0) (default)
2021-12-29 13:36:41,809 [pool-484-thread-1] INFO  storage.RaftStorageDirectory (RaftStorageDirectoryImpl.java:analyzeStorage(135)) - The storage directory /home/runner/work/ozone/ozone/hadoop-ozone/integration-test/target/test-dir/MiniOzoneClusterImpl-aadba4d7-ee9c-4873-8a56-559a23ee9528/datanode-0/data/ratis/1f196000-2c61-4eb6-be03-f71e69c7ace7 does not exist. Creating ...
2021-12-29 13:36:41,814 [pool-484-thread-1] INFO  storage.RaftStorageDirectory (RaftStorageDirectoryImpl.java:tryLock(230)) - Lock on /home/runner/work/ozone/ozone/hadoop-ozone/integration-test/target/test-dir/MiniOzoneClusterImpl-aadba4d7-ee9c-4873-8a56-559a23ee9528/datanode-0/data/ratis/1f196000-2c61-4eb6-be03-f71e69c7ace7/in_use.lock acquired by nodename 16235@fv-az59-280
2021-12-29 13:36:41,816 [pool-484-thread-1] INFO  storage.RaftStorage (RaftStorageImpl.java:format(89)) - Storage directory /home/runner/work/ozone/ozone/hadoop-ozone/integration-test/target/test-dir/MiniOzoneClusterImpl-aadba4d7-ee9c-4873-8a56-559a23ee9528/datanode-0/data/ratis/1f196000-2c61-4eb6-be03-f71e69c7ace7 has been successfully formatted.
2021-12-29 13:36:41,816 [pool-484-thread-1] INFO  ratis.ContainerStateMachine (ContainerStateMachine.java:loadSnapshot(231)) - group-F71E69C7ACE7: The snapshot info is null. Setting the last applied indexto:(t:0, i:~)
2021-12-29 13:36:41,816 [pool-484-thread-1] INFO  server.RaftServerConfigKeys (ConfUtils.java:logGet(44)) - raft.server.notification.no-leader.timeout = 300s (custom)
2021-12-29 13:36:41,817 [pool-484-thread-1] INFO  server.RaftServerConfigKeys (ConfUtils.java:logGet(44)) - raft.server.log.use.memory = false (default)
2021-12-29 13:36:41,817 [pool-484-thread-1] INFO  server.RaftServerConfigKeys (ConfUtils.java:logGet(44)) - raft.server.log.purge.gap = 1000000 (custom)
2021-12-29 13:36:41,817 [pool-484-thread-1] INFO  server.RaftServerConfigKeys (ConfUtils.java:logGet(44)) - raft.server.log.appender.buffer.byte-limit = 33554432 (custom)
2021-12-29 13:36:41,817 [EventQueue-OpenPipelineForHealthyPipelineSafeModeRule] INFO  safemode.SCMSafeModeManager (HealthyPipelineSafeModeRule.java:process(124)) - SCM in safe mode. Healthy pipelines reported count is 0, required healthy pipeline reported count is 1
2021-12-29 13:36:41,817 [pool-484-thread-1] INFO  server.RaftServerConfigKeys (ConfUtils.java:logGet(44)) - raft.server.log.segment.size.max = 1048576 (custom)
2021-12-29 13:36:41,818 [pool-484-thread-1] INFO  server.RaftServerConfigKeys (ConfUtils.java:logGet(44)) - raft.server.log.segment.cache.num.max = 2 (custom)
2021-12-29 13:36:41,818 [pool-484-thread-1] INFO  server.RaftServerConfigKeys (ConfUtils.java:logGet(44)) - raft.server.log.segment.cache.size.max = 200MB (=209715200) (default)
2021-12-29 13:36:41,818 [pool-484-thread-1] INFO  segmented.SegmentedRaftLogWorker (SegmentedRaftLogWorker.java:<init>(182)) - new 0611f638-a8f4-4cee-844a-1fb388a9e933@group-F71E69C7ACE7-SegmentedRaftLogWorker for RaftStorageImpl:Storage Directory /home/runner/work/ozone/ozone/hadoop-ozone/integration-test/target/test-dir/MiniOzoneClusterImpl-aadba4d7-ee9c-4873-8a56-559a23ee9528/datanode-0/data/ratis/1f196000-2c61-4eb6-be03-f71e69c7ace7
2021-12-29 13:36:41,818 [pool-484-thread-1] INFO  server.RaftServerConfigKeys (ConfUtils.java:logGet(44)) - raft.server.log.queue.byte-limit = 2147483647 (custom)
2021-12-29 13:36:41,818 [pool-484-thread-1] INFO  server.RaftServerConfigKeys (ConfUtils.java:logGet(44)) - raft.server.log.queue.element-limit = 1024 (custom)
2021-12-29 13:36:41,818 [pool-484-thread-1] INFO  server.RaftServerConfigKeys (ConfUtils.java:logGet(44)) - raft.server.log.segment.size.max = 1048576 (custom)
2021-12-29 13:36:41,818 [pool-484-thread-1] INFO  server.RaftServerConfigKeys (ConfUtils.java:logGet(44)) - raft.server.log.preallocated.size = 16384 (custom)
2021-12-29 13:36:41,818 [pool-484-thread-1] INFO  server.RaftServerConfigKeys (ConfUtils.java:logGet(44)) - raft.server.log.force.sync.num = 128 (default)
2021-12-29 13:36:41,818 [pool-484-thread-1] INFO  server.RaftServerConfigKeys (ConfUtils.java:logGet(44)) - raft.server.log.statemachine.data.sync = true (default)
2021-12-29 13:36:41,818 [pool-484-thread-1] INFO  server.RaftServerConfigKeys (ConfUtils.java:logGet(44)) - raft.server.log.statemachine.data.sync.timeout = 10s (default)
2021-12-29 13:36:41,818 [pool-484-thread-1] INFO  server.RaftServerConfigKeys (ConfUtils.java:logGet(44)) - raft.server.log.statemachine.data.sync.timeout.retry = -1 (default)
2021-12-29 13:36:41,819 [pool-484-thread-1] INFO  server.RaftServerConfigKeys (ConfUtils.java:logGet(44)) - raft.server.log.write.buffer.size = 1048576 (custom)
2021-12-29 13:36:41,820 [pool-484-thread-1] INFO  server.RaftServerConfigKeys (ConfUtils.java:logGet(44)) - raft.server.log.statemachine.data.caching.enabled = true (custom)
2021-12-29 13:36:41,821 [pool-484-thread-1] INFO  segmented.SegmentedRaftLogWorker (SegmentedRaftLogWorker.java:lambda$new$0(133)) - 0611f638-a8f4-4cee-844a-1fb388a9e933@group-F71E69C7ACE7-SegmentedRaftLogWorker: flushIndex: setUnconditionally 0 -> -1
2021-12-29 13:36:41,821 [pool-484-thread-1] INFO  segmented.SegmentedRaftLogWorker (SegmentedRaftLogWorker.java:lambda$new$0(133)) - 0611f638-a8f4-4cee-844a-1fb388a9e933@group-F71E69C7ACE7-SegmentedRaftLogWorker: safeCacheEvictIndex: setUnconditionally 0 -> -1
2021-12-29 13:36:41,821 [pool-484-thread-1] INFO  server.RaftServerConfigKeys (ConfUtils.java:logGet(44)) - raft.server.snapshot.auto.trigger.enabled = true (custom)
2021-12-29 13:36:41,821 [pool-484-thread-1] INFO  server.RaftServerConfigKeys (ConfUtils.java:logGet(44)) - raft.server.snapshot.auto.trigger.threshold = 10000 (custom)
2021-12-29 13:36:41,821 [pool-484-thread-1] INFO  server.RaftServerConfigKeys (ConfUtils.java:logGet(44)) - raft.server.snapshot.retention.file.num = 5 (custom)
2021-12-29 13:36:41,821 [pool-484-thread-1] INFO  server.RaftServerConfigKeys (ConfUtils.java:logGet(44)) - raft.server.log.purge.upto.snapshot.index = false (default)
2021-12-29 13:36:41,822 [pool-484-thread-1] INFO  server.RaftServerConfigKeys (ConfUtils.java:logGet(44)) - raft.server.retrycache.expirytime = 600000ms (custom)
2021-12-29 13:36:41,822 [pool-484-thread-1] INFO  server.RaftServerConfigKeys (ConfUtils.java:logGet(44)) - raft.server.retrycache.statistics.expirytime = 100μs (default)
2021-12-29 13:36:41,823 [pool-484-thread-1] INFO  server.RaftServer$Division (RaftServerImpl.java:start(301)) - 0611f638-a8f4-4cee-844a-1fb388a9e933@group-F71E69C7ACE7: start as a follower, conf=-1: [e6152946-d0ea-4073-bce7-5683c36ce8c1|rpc:10.1.0.26:45851|priority:1, 0611f638-a8f4-4cee-844a-1fb388a9e933|rpc:10.1.0.26:34987|priority:0, 3e7bdddb-bd7c-4654-a454-885ab84ced57|rpc:10.1.0.26:45011|priority:0], old=null
2021-12-29 13:36:41,823 [pool-484-thread-1] INFO  server.RaftServer$Division (RaftServerImpl.java:setRole(290)) - 0611f638-a8f4-4cee-844a-1fb388a9e933@group-F71E69C7ACE7: changes role from      null to FOLLOWER at term 0 for startAsFollower
2021-12-29 13:36:41,823 [pool-484-thread-1] INFO  impl.RoleInfo (RoleInfo.java:updateAndGet(130)) - 0611f638-a8f4-4cee-844a-1fb388a9e933: start 0611f638-a8f4-4cee-844a-1fb388a9e933@group-F71E69C7ACE7-FollowerState
2021-12-29 13:36:41,830 [pool-484-thread-1] INFO  util.JmxRegister (JmxRegister.java:tryRegister(44)) - Successfully registered JMX Bean with object name Ratis:service=RaftServer,group=group-F71E69C7ACE7,id=0611f638-a8f4-4cee-844a-1fb388a9e933
2021-12-29 13:36:41,835 [Command processor thread] INFO  ratis.XceiverServerRatis (XceiverServerRatis.java:addGroup(768)) - Created group PipelineID=1f196000-2c61-4eb6-be03-f71e69c7ace7
2021-12-29 13:36:41,859 [grpc-default-executor-0] INFO  server.RaftServer (RaftServerProxy.java:addNew(95)) - 3e7bdddb-bd7c-4654-a454-885ab84ced57: addNew group-F71E69C7ACE7:[e6152946-d0ea-4073-bce7-5683c36ce8c1|rpc:10.1.0.26:45851|dataStream:|priority:1, 0611f638-a8f4-4cee-844a-1fb388a9e933|rpc:10.1.0.26:34987|dataStream:|priority:0, 3e7bdddb-bd7c-4654-a454-885ab84ced57|rpc:10.1.0.26:45011|dataStream:|priority:0] returns group-F71E69C7ACE7:java.util.concurrent.CompletableFuture@2c037660[Not completed]
2021-12-29 13:36:41,859 [pool-505-thread-1] INFO  server.RaftServer$Division (RaftServerImpl.java:<init>(184)) - 3e7bdddb-bd7c-4654-a454-885ab84ced57: new RaftServerImpl for group-F71E69C7ACE7:[e6152946-d0ea-4073-bce7-5683c36ce8c1|rpc:10.1.0.26:45851|dataStream:|priority:1, 0611f638-a8f4-4cee-844a-1fb388a9e933|rpc:10.1.0.26:34987|dataStream:|priority:0, 3e7bdddb-bd7c-4654-a454-885ab84ced57|rpc:10.1.0.26:45011|dataStream:|priority:0] with ContainerStateMachine:uninitialized
2021-12-29 13:36:41,859 [pool-505-thread-1] INFO  server.RaftServerConfigKeys (ConfUtils.java:logGet(44)) - raft.server.rpc.timeout.min = 5s (custom)
2021-12-29 13:36:41,859 [pool-505-thread-1] INFO  server.RaftServerConfigKeys (ConfUtils.java:logGet(44)) - raft.server.rpc.timeout.max = 5200ms (custom)
2021-12-29 13:36:41,859 [pool-505-thread-1] INFO  server.RaftServerConfigKeys (ConfUtils.java:logGet(44)) - raft.server.rpc.sleep.time = 25ms (default)
2021-12-29 13:36:41,859 [pool-505-thread-1] INFO  server.RaftServerConfigKeys (ConfUtils.java:logGet(44)) - raft.server.rpc.slowness.timeout = 300s (custom)
2021-12-29 13:36:41,859 [pool-505-thread-1] INFO  server.RaftServerConfigKeys (ConfUtils.java:logGet(44)) - raft.server.leaderelection.leader.step-down.wait-time = 10s (default)
2021-12-29 13:36:41,859 [pool-505-thread-1] INFO  server.RaftServerConfigKeys (ConfUtils.java:logGet(44)) - raft.server.sleep.deviation.threshold = 300ms (default)
2021-12-29 13:36:41,859 [pool-505-thread-1] INFO  server.RaftServerConfigKeys (ConfUtils.java:logGet(44)) - raft.server.log.appender.install.snapshot.enabled = false (custom)
2021-12-29 13:36:41,860 [pool-505-thread-1] INFO  server.RaftServer$Division (ServerState.java:<init>(105)) - 3e7bdddb-bd7c-4654-a454-885ab84ced57@group-F71E69C7ACE7: ConfigurationManager, init=-1: [e6152946-d0ea-4073-bce7-5683c36ce8c1|rpc:10.1.0.26:45851|dataStream:|priority:1, 0611f638-a8f4-4cee-844a-1fb388a9e933|rpc:10.1.0.26:34987|dataStream:|priority:0, 3e7bdddb-bd7c-4654-a454-885ab84ced57|rpc:10.1.0.26:45011|dataStream:|priority:0], old=null, confs=<EMPTY_MAP>
2021-12-29 13:36:41,860 [pool-505-thread-1] INFO  server.RaftServerConfigKeys (ConfUtils.java:logGet(44)) - raft.server.storage.dir = [/home/runner/work/ozone/ozone/hadoop-ozone/integration-test/target/test-dir/MiniOzoneClusterImpl-aadba4d7-ee9c-4873-8a56-559a23ee9528/datanode-1/data/ratis] (custom)
2021-12-29 13:36:41,860 [pool-505-thread-1] INFO  server.RaftServerConfigKeys (ConfUtils.java:logGet(44)) - raft.server.log.corruption.policy = EXCEPTION (default)
2021-12-29 13:36:41,860 [pool-505-thread-1] INFO  server.RaftServerConfigKeys (ConfUtils.java:logGet(44)) - raft.server.storage.free-space.min = 0MB (=0) (default)
2021-12-29 13:36:41,860 [pool-505-thread-1] INFO  storage.RaftStorageDirectory (RaftStorageDirectoryImpl.java:analyzeStorage(135)) - The storage directory /home/runner/work/ozone/ozone/hadoop-ozone/integration-test/target/test-dir/MiniOzoneClusterImpl-aadba4d7-ee9c-4873-8a56-559a23ee9528/datanode-1/data/ratis/1f196000-2c61-4eb6-be03-f71e69c7ace7 does not exist. Creating ...
2021-12-29 13:36:41,862 [pool-505-thread-1] INFO  storage.RaftStorageDirectory (RaftStorageDirectoryImpl.java:tryLock(230)) - Lock on /home/runner/work/ozone/ozone/hadoop-ozone/integration-test/target/test-dir/MiniOzoneClusterImpl-aadba4d7-ee9c-4873-8a56-559a23ee9528/datanode-1/data/ratis/1f196000-2c61-4eb6-be03-f71e69c7ace7/in_use.lock acquired by nodename 16235@fv-az59-280
2021-12-29 13:36:41,863 [pool-505-thread-1] INFO  storage.RaftStorage (RaftStorageImpl.java:format(89)) - Storage directory /home/runner/work/ozone/ozone/hadoop-ozone/integration-test/target/test-dir/MiniOzoneClusterImpl-aadba4d7-ee9c-4873-8a56-559a23ee9528/datanode-1/data/ratis/1f196000-2c61-4eb6-be03-f71e69c7ace7 has been successfully formatted.
2021-12-29 13:36:41,864 [pool-505-thread-1] INFO  ratis.ContainerStateMachine (ContainerStateMachine.java:loadSnapshot(231)) - group-F71E69C7ACE7: The snapshot info is null. Setting the last applied indexto:(t:0, i:~)
2021-12-29 13:36:41,864 [pool-505-thread-1] INFO  server.RaftServerConfigKeys (ConfUtils.java:logGet(44)) - raft.server.notification.no-leader.timeout = 300s (custom)
2021-12-29 13:36:41,865 [pool-505-thread-1] INFO  server.RaftServerConfigKeys (ConfUtils.java:logGet(44)) - raft.server.log.use.memory = false (default)
2021-12-29 13:36:41,865 [pool-505-thread-1] INFO  server.RaftServerConfigKeys (ConfUtils.java:logGet(44)) - raft.server.log.purge.gap = 1000000 (custom)
2021-12-29 13:36:41,865 [pool-505-thread-1] INFO  server.RaftServerConfigKeys (ConfUtils.java:logGet(44)) - raft.server.log.appender.buffer.byte-limit = 33554432 (custom)
2021-12-29 13:36:41,865 [pool-505-thread-1] INFO  server.RaftServerConfigKeys (ConfUtils.java:logGet(44)) - raft.server.log.segment.size.max = 1048576 (custom)
2021-12-29 13:36:41,865 [pool-505-thread-1] INFO  server.RaftServerConfigKeys (ConfUtils.java:logGet(44)) - raft.server.log.segment.cache.num.max = 2 (custom)
2021-12-29 13:36:41,865 [pool-505-thread-1] INFO  server.RaftServerConfigKeys (ConfUtils.java:logGet(44)) - raft.server.log.segment.cache.size.max = 200MB (=209715200) (default)
2021-12-29 13:36:41,865 [pool-505-thread-1] INFO  segmented.SegmentedRaftLogWorker (SegmentedRaftLogWorker.java:<init>(182)) - new 3e7bdddb-bd7c-4654-a454-885ab84ced57@group-F71E69C7ACE7-SegmentedRaftLogWorker for RaftStorageImpl:Storage Directory /home/runner/work/ozone/ozone/hadoop-ozone/integration-test/target/test-dir/MiniOzoneClusterImpl-aadba4d7-ee9c-4873-8a56-559a23ee9528/datanode-1/data/ratis/1f196000-2c61-4eb6-be03-f71e69c7ace7
2021-12-29 13:36:41,865 [pool-505-thread-1] INFO  server.RaftServerConfigKeys (ConfUtils.java:logGet(44)) - raft.server.log.queue.byte-limit = 2147483647 (custom)
2021-12-29 13:36:41,865 [pool-505-thread-1] INFO  server.RaftServerConfigKeys (ConfUtils.java:logGet(44)) - raft.server.log.queue.element-limit = 1024 (custom)
2021-12-29 13:36:41,865 [pool-505-thread-1] INFO  server.RaftServerConfigKeys (ConfUtils.java:logGet(44)) - raft.server.log.segment.size.max = 1048576 (custom)
2021-12-29 13:36:41,866 [pool-505-thread-1] INFO  server.RaftServerConfigKeys (ConfUtils.java:logGet(44)) - raft.server.log.preallocated.size = 16384 (custom)
2021-12-29 13:36:41,866 [pool-505-thread-1] INFO  server.RaftServerConfigKeys (ConfUtils.java:logGet(44)) - raft.server.log.force.sync.num = 128 (default)
2021-12-29 13:36:41,866 [pool-505-thread-1] INFO  server.RaftServerConfigKeys (ConfUtils.java:logGet(44)) - raft.server.log.statemachine.data.sync = true (default)
2021-12-29 13:36:41,866 [pool-505-thread-1] INFO  server.RaftServerConfigKeys (ConfUtils.java:logGet(44)) - raft.server.log.statemachine.data.sync.timeout = 10s (default)
2021-12-29 13:36:41,866 [pool-505-thread-1] INFO  server.RaftServerConfigKeys (ConfUtils.java:logGet(44)) - raft.server.log.statemachine.data.sync.timeout.retry = -1 (default)
2021-12-29 13:36:41,866 [pool-505-thread-1] INFO  server.RaftServerConfigKeys (ConfUtils.java:logGet(44)) - raft.server.log.write.buffer.size = 1048576 (custom)
2021-12-29 13:36:41,867 [pool-505-thread-1] INFO  server.RaftServerConfigKeys (ConfUtils.java:logGet(44)) - raft.server.log.statemachine.data.caching.enabled = true (custom)
2021-12-29 13:36:41,867 [pool-505-thread-1] INFO  segmented.SegmentedRaftLogWorker (SegmentedRaftLogWorker.java:lambda$new$0(133)) - 3e7bdddb-bd7c-4654-a454-885ab84ced57@group-F71E69C7ACE7-SegmentedRaftLogWorker: flushIndex: setUnconditionally 0 -> -1
2021-12-29 13:36:41,867 [pool-505-thread-1] INFO  segmented.SegmentedRaftLogWorker (SegmentedRaftLogWorker.java:lambda$new$0(133)) - 3e7bdddb-bd7c-4654-a454-885ab84ced57@group-F71E69C7ACE7-SegmentedRaftLogWorker: safeCacheEvictIndex: setUnconditionally 0 -> -1
2021-12-29 13:36:41,872 [pool-505-thread-1] INFO  server.RaftServerConfigKeys (ConfUtils.java:logGet(44)) - raft.server.snapshot.auto.trigger.enabled = true (custom)
2021-12-29 13:36:41,872 [pool-505-thread-1] INFO  server.RaftServerConfigKeys (ConfUtils.java:logGet(44)) - raft.server.snapshot.auto.trigger.threshold = 10000 (custom)
2021-12-29 13:36:41,872 [pool-505-thread-1] INFO  server.RaftServerConfigKeys (ConfUtils.java:logGet(44)) - raft.server.snapshot.retention.file.num = 5 (custom)
2021-12-29 13:36:41,872 [pool-505-thread-1] INFO  server.RaftServerConfigKeys (ConfUtils.java:logGet(44)) - raft.server.log.purge.upto.snapshot.index = false (default)
2021-12-29 13:36:41,872 [pool-505-thread-1] INFO  server.RaftServerConfigKeys (ConfUtils.java:logGet(44)) - raft.server.retrycache.expirytime = 600000ms (custom)
2021-12-29 13:36:41,872 [pool-505-thread-1] INFO  server.RaftServerConfigKeys (ConfUtils.java:logGet(44)) - raft.server.retrycache.statistics.expirytime = 100μs (default)
2021-12-29 13:36:41,873 [pool-505-thread-1] INFO  server.RaftServer$Division (RaftServerImpl.java:start(301)) - 3e7bdddb-bd7c-4654-a454-885ab84ced57@group-F71E69C7ACE7: start as a follower, conf=-1: [e6152946-d0ea-4073-bce7-5683c36ce8c1|rpc:10.1.0.26:45851|dataStream:|priority:1, 0611f638-a8f4-4cee-844a-1fb388a9e933|rpc:10.1.0.26:34987|dataStream:|priority:0, 3e7bdddb-bd7c-4654-a454-885ab84ced57|rpc:10.1.0.26:45011|dataStream:|priority:0], old=null
2021-12-29 13:36:41,873 [pool-505-thread-1] INFO  server.RaftServer$Division (RaftServerImpl.java:setRole(290)) - 3e7bdddb-bd7c-4654-a454-885ab84ced57@group-F71E69C7ACE7: changes role from      null to FOLLOWER at term 0 for startAsFollower
2021-12-29 13:36:41,873 [pool-505-thread-1] INFO  impl.RoleInfo (RoleInfo.java:updateAndGet(130)) - 3e7bdddb-bd7c-4654-a454-885ab84ced57: start 3e7bdddb-bd7c-4654-a454-885ab84ced57@group-F71E69C7ACE7-FollowerState
2021-12-29 13:36:41,886 [pool-505-thread-1] INFO  util.JmxRegister (JmxRegister.java:tryRegister(44)) - Successfully registered JMX Bean with object name Ratis:service=RaftServer,group=group-F71E69C7ACE7,id=3e7bdddb-bd7c-4654-a454-885ab84ced57
2021-12-29 13:36:41,939 [grpc-default-executor-0] INFO  server.RaftServer (RaftServerProxy.java:addNew(95)) - e6152946-d0ea-4073-bce7-5683c36ce8c1: addNew group-F71E69C7ACE7:[e6152946-d0ea-4073-bce7-5683c36ce8c1|rpc:10.1.0.26:45851|dataStream:|priority:1, 0611f638-a8f4-4cee-844a-1fb388a9e933|rpc:10.1.0.26:34987|dataStream:|priority:0, 3e7bdddb-bd7c-4654-a454-885ab84ced57|rpc:10.1.0.26:45011|dataStream:|priority:0] returns group-F71E69C7ACE7:java.util.concurrent.CompletableFuture@1edaceea[Not completed]
2021-12-29 13:36:41,939 [pool-526-thread-1] INFO  server.RaftServer$Division (RaftServerImpl.java:<init>(184)) - e6152946-d0ea-4073-bce7-5683c36ce8c1: new RaftServerImpl for group-F71E69C7ACE7:[e6152946-d0ea-4073-bce7-5683c36ce8c1|rpc:10.1.0.26:45851|dataStream:|priority:1, 0611f638-a8f4-4cee-844a-1fb388a9e933|rpc:10.1.0.26:34987|dataStream:|priority:0, 3e7bdddb-bd7c-4654-a454-885ab84ced57|rpc:10.1.0.26:45011|dataStream:|priority:0] with ContainerStateMachine:uninitialized
2021-12-29 13:36:41,940 [pool-526-thread-1] INFO  server.RaftServerConfigKeys (ConfUtils.java:logGet(44)) - raft.server.rpc.timeout.min = 5s (custom)
2021-12-29 13:36:41,940 [pool-526-thread-1] INFO  server.RaftServerConfigKeys (ConfUtils.java:logGet(44)) - raft.server.rpc.timeout.max = 5200ms (custom)
2021-12-29 13:36:41,940 [pool-526-thread-1] INFO  server.RaftServerConfigKeys (ConfUtils.java:logGet(44)) - raft.server.rpc.sleep.time = 25ms (default)
2021-12-29 13:36:41,940 [pool-526-thread-1] INFO  server.RaftServerConfigKeys (ConfUtils.java:logGet(44)) - raft.server.rpc.slowness.timeout = 300s (custom)
2021-12-29 13:36:41,940 [pool-526-thread-1] INFO  server.RaftServerConfigKeys (ConfUtils.java:logGet(44)) - raft.server.leaderelection.leader.step-down.wait-time = 10s (default)
2021-12-29 13:36:41,940 [pool-526-thread-1] INFO  server.RaftServerConfigKeys (ConfUtils.java:logGet(44)) - raft.server.sleep.deviation.threshold = 300ms (default)
2021-12-29 13:36:41,940 [pool-526-thread-1] INFO  server.RaftServerConfigKeys (ConfUtils.java:logGet(44)) - raft.server.log.appender.install.snapshot.enabled = false (custom)
2021-12-29 13:36:41,940 [pool-526-thread-1] INFO  server.RaftServer$Division (ServerState.java:<init>(105)) - e6152946-d0ea-4073-bce7-5683c36ce8c1@group-F71E69C7ACE7: ConfigurationManager, init=-1: [e6152946-d0ea-4073-bce7-5683c36ce8c1|rpc:10.1.0.26:45851|dataStream:|priority:1, 0611f638-a8f4-4cee-844a-1fb388a9e933|rpc:10.1.0.26:34987|dataStream:|priority:0, 3e7bdddb-bd7c-4654-a454-885ab84ced57|rpc:10.1.0.26:45011|dataStream:|priority:0], old=null, confs=<EMPTY_MAP>
2021-12-29 13:36:41,940 [pool-526-thread-1] INFO  server.RaftServerConfigKeys (ConfUtils.java:logGet(44)) - raft.server.storage.dir = [/home/runner/work/ozone/ozone/hadoop-ozone/integration-test/target/test-dir/MiniOzoneClusterImpl-aadba4d7-ee9c-4873-8a56-559a23ee9528/datanode-2/data/ratis] (custom)
2021-12-29 13:36:41,940 [pool-526-thread-1] INFO  server.RaftServerConfigKeys (ConfUtils.java:logGet(44)) - raft.server.log.corruption.policy = EXCEPTION (default)
2021-12-29 13:36:41,940 [pool-526-thread-1] INFO  server.RaftServerConfigKeys (ConfUtils.java:logGet(44)) - raft.server.storage.free-space.min = 0MB (=0) (default)
2021-12-29 13:36:41,940 [pool-526-thread-1] INFO  storage.RaftStorageDirectory (RaftStorageDirectoryImpl.java:analyzeStorage(135)) - The storage directory /home/runner/work/ozone/ozone/hadoop-ozone/integration-test/target/test-dir/MiniOzoneClusterImpl-aadba4d7-ee9c-4873-8a56-559a23ee9528/datanode-2/data/ratis/1f196000-2c61-4eb6-be03-f71e69c7ace7 does not exist. Creating ...
2021-12-29 13:36:41,941 [pool-526-thread-1] INFO  storage.RaftStorageDirectory (RaftStorageDirectoryImpl.java:tryLock(230)) - Lock on /home/runner/work/ozone/ozone/hadoop-ozone/integration-test/target/test-dir/MiniOzoneClusterImpl-aadba4d7-ee9c-4873-8a56-559a23ee9528/datanode-2/data/ratis/1f196000-2c61-4eb6-be03-f71e69c7ace7/in_use.lock acquired by nodename 16235@fv-az59-280
2021-12-29 13:36:41,942 [Command processor thread] INFO  server.RaftServer (RaftServerProxy.java:addNew(95)) - 3e7bdddb-bd7c-4654-a454-885ab84ced57: addNew group-F2CE418F41C4:[3e7bdddb-bd7c-4654-a454-885ab84ced57|rpc:10.1.0.26:45011|priority:1] returns group-F2CE418F41C4:java.util.concurrent.CompletableFuture@65e8806b[Not completed]
2021-12-29 13:36:41,943 [pool-505-thread-1] INFO  server.RaftServer$Division (RaftServerImpl.java:<init>(184)) - 3e7bdddb-bd7c-4654-a454-885ab84ced57: new RaftServerImpl for group-F2CE418F41C4:[3e7bdddb-bd7c-4654-a454-885ab84ced57|rpc:10.1.0.26:45011|priority:1] with ContainerStateMachine:uninitialized
2021-12-29 13:36:41,943 [pool-505-thread-1] INFO  server.RaftServerConfigKeys (ConfUtils.java:logGet(44)) - raft.server.rpc.timeout.min = 5s (custom)
2021-12-29 13:36:41,943 [pool-505-thread-1] INFO  server.RaftServerConfigKeys (ConfUtils.java:logGet(44)) - raft.server.rpc.timeout.max = 5200ms (custom)
2021-12-29 13:36:41,943 [pool-505-thread-1] INFO  server.RaftServerConfigKeys (ConfUtils.java:logGet(44)) - raft.server.rpc.sleep.time = 25ms (default)
2021-12-29 13:36:41,943 [pool-505-thread-1] INFO  server.RaftServerConfigKeys (ConfUtils.java:logGet(44)) - raft.server.rpc.slowness.timeout = 300s (custom)
2021-12-29 13:36:41,943 [pool-505-thread-1] INFO  server.RaftServerConfigKeys (ConfUtils.java:logGet(44)) - raft.server.leaderelection.leader.step-down.wait-time = 10s (default)
2021-12-29 13:36:41,943 [pool-505-thread-1] INFO  server.RaftServerConfigKeys (ConfUtils.java:logGet(44)) - raft.server.sleep.deviation.threshold = 300ms (default)
2021-12-29 13:36:41,943 [pool-505-thread-1] INFO  server.RaftServerConfigKeys (ConfUtils.java:logGet(44)) - raft.server.log.appender.install.snapshot.enabled = false (custom)
2021-12-29 13:36:41,943 [pool-505-thread-1] INFO  server.RaftServer$Division (ServerState.java:<init>(105)) - 3e7bdddb-bd7c-4654-a454-885ab84ced57@group-F2CE418F41C4: ConfigurationManager, init=-1: [3e7bdddb-bd7c-4654-a454-885ab84ced57|rpc:10.1.0.26:45011|priority:1], old=null, confs=<EMPTY_MAP>
2021-12-29 13:36:41,943 [pool-505-thread-1] INFO  server.RaftServerConfigKeys (ConfUtils.java:logGet(44)) - raft.server.storage.dir = [/home/runner/work/ozone/ozone/hadoop-ozone/integration-test/target/test-dir/MiniOzoneClusterImpl-aadba4d7-ee9c-4873-8a56-559a23ee9528/datanode-1/data/ratis] (custom)
2021-12-29 13:36:41,943 [pool-505-thread-1] INFO  server.RaftServerConfigKeys (ConfUtils.java:logGet(44)) - raft.server.log.corruption.policy = EXCEPTION (default)
2021-12-29 13:36:41,943 [pool-505-thread-1] INFO  server.RaftServerConfigKeys (ConfUtils.java:logGet(44)) - raft.server.storage.free-space.min = 0MB (=0) (default)
2021-12-29 13:36:41,943 [pool-505-thread-1] INFO  storage.RaftStorageDirectory (RaftStorageDirectoryImpl.java:analyzeStorage(135)) - The storage directory /home/runner/work/ozone/ozone/hadoop-ozone/integration-test/target/test-dir/MiniOzoneClusterImpl-aadba4d7-ee9c-4873-8a56-559a23ee9528/datanode-1/data/ratis/ea62ff87-eec8-4619-96aa-f2ce418f41c4 does not exist. Creating ...
2021-12-29 13:36:41,946 [pool-505-thread-1] INFO  storage.RaftStorageDirectory (RaftStorageDirectoryImpl.java:tryLock(230)) - Lock on /home/runner/work/ozone/ozone/hadoop-ozone/integration-test/target/test-dir/MiniOzoneClusterImpl-aadba4d7-ee9c-4873-8a56-559a23ee9528/datanode-1/data/ratis/ea62ff87-eec8-4619-96aa-f2ce418f41c4/in_use.lock acquired by nodename 16235@fv-az59-280
2021-12-29 13:36:41,946 [pool-526-thread-1] INFO  storage.RaftStorage (RaftStorageImpl.java:format(89)) - Storage directory /home/runner/work/ozone/ozone/hadoop-ozone/integration-test/target/test-dir/MiniOzoneClusterImpl-aadba4d7-ee9c-4873-8a56-559a23ee9528/datanode-2/data/ratis/1f196000-2c61-4eb6-be03-f71e69c7ace7 has been successfully formatted.
2021-12-29 13:36:41,947 [pool-526-thread-1] INFO  ratis.ContainerStateMachine (ContainerStateMachine.java:loadSnapshot(231)) - group-F71E69C7ACE7: The snapshot info is null. Setting the last applied indexto:(t:0, i:~)
2021-12-29 13:36:41,958 [pool-526-thread-1] INFO  server.RaftServerConfigKeys (ConfUtils.java:logGet(44)) - raft.server.notification.no-leader.timeout = 300s (custom)
2021-12-29 13:36:41,958 [pool-526-thread-1] INFO  server.RaftServerConfigKeys (ConfUtils.java:logGet(44)) - raft.server.log.use.memory = false (default)
2021-12-29 13:36:41,958 [pool-526-thread-1] INFO  server.RaftServerConfigKeys (ConfUtils.java:logGet(44)) - raft.server.log.purge.gap = 1000000 (custom)
2021-12-29 13:36:41,958 [pool-526-thread-1] INFO  server.RaftServerConfigKeys (ConfUtils.java:logGet(44)) - raft.server.log.appender.buffer.byte-limit = 33554432 (custom)
2021-12-29 13:36:41,958 [pool-526-thread-1] INFO  server.RaftServerConfigKeys (ConfUtils.java:logGet(44)) - raft.server.log.segment.size.max = 1048576 (custom)
2021-12-29 13:36:41,959 [pool-526-thread-1] INFO  server.RaftServerConfigKeys (ConfUtils.java:logGet(44)) - raft.server.log.segment.cache.num.max = 2 (custom)
2021-12-29 13:36:41,959 [pool-526-thread-1] INFO  server.RaftServerConfigKeys (ConfUtils.java:logGet(44)) - raft.server.log.segment.cache.size.max = 200MB (=209715200) (default)
2021-12-29 13:36:41,959 [pool-526-thread-1] INFO  segmented.SegmentedRaftLogWorker (SegmentedRaftLogWorker.java:<init>(182)) - new e6152946-d0ea-4073-bce7-5683c36ce8c1@group-F71E69C7ACE7-SegmentedRaftLogWorker for RaftStorageImpl:Storage Directory /home/runner/work/ozone/ozone/hadoop-ozone/integration-test/target/test-dir/MiniOzoneClusterImpl-aadba4d7-ee9c-4873-8a56-559a23ee9528/datanode-2/data/ratis/1f196000-2c61-4eb6-be03-f71e69c7ace7
2021-12-29 13:36:41,959 [pool-526-thread-1] INFO  server.RaftServerConfigKeys (ConfUtils.java:logGet(44)) - raft.server.log.queue.byte-limit = 2147483647 (custom)
2021-12-29 13:36:41,959 [pool-526-thread-1] INFO  server.RaftServerConfigKeys (ConfUtils.java:logGet(44)) - raft.server.log.queue.element-limit = 1024 (custom)
2021-12-29 13:36:41,959 [pool-526-thread-1] INFO  server.RaftServerConfigKeys (ConfUtils.java:logGet(44)) - raft.server.log.segment.size.max = 1048576 (custom)
2021-12-29 13:36:41,959 [pool-526-thread-1] INFO  server.RaftServerConfigKeys (ConfUtils.java:logGet(44)) - raft.server.log.preallocated.size = 16384 (custom)
2021-12-29 13:36:41,959 [pool-526-thread-1] INFO  server.RaftServerConfigKeys (ConfUtils.java:logGet(44)) - raft.server.log.force.sync.num = 128 (default)
2021-12-29 13:36:41,959 [pool-526-thread-1] INFO  server.RaftServerConfigKeys (ConfUtils.java:logGet(44)) - raft.server.log.statemachine.data.sync = true (default)
2021-12-29 13:36:41,959 [pool-526-thread-1] INFO  server.RaftServerConfigKeys (ConfUtils.java:logGet(44)) - raft.server.log.statemachine.data.sync.timeout = 10s (default)
2021-12-29 13:36:41,959 [pool-526-thread-1] INFO  server.RaftServerConfigKeys (ConfUtils.java:logGet(44)) - raft.server.log.statemachine.data.sync.timeout.retry = -1 (default)
2021-12-29 13:36:41,960 [pool-526-thread-1] INFO  server.RaftServerConfigKeys (ConfUtils.java:logGet(44)) - raft.server.log.write.buffer.size = 1048576 (custom)
2021-12-29 13:36:41,960 [pool-526-thread-1] INFO  server.RaftServerConfigKeys (ConfUtils.java:logGet(44)) - raft.server.log.statemachine.data.caching.enabled = true (custom)
2021-12-29 13:36:41,960 [pool-526-thread-1] INFO  segmented.SegmentedRaftLogWorker (SegmentedRaftLogWorker.java:lambda$new$0(133)) - e6152946-d0ea-4073-bce7-5683c36ce8c1@group-F71E69C7ACE7-SegmentedRaftLogWorker: flushIndex: setUnconditionally 0 -> -1
2021-12-29 13:36:41,960 [pool-526-thread-1] INFO  segmented.SegmentedRaftLogWorker (SegmentedRaftLogWorker.java:lambda$new$0(133)) - e6152946-d0ea-4073-bce7-5683c36ce8c1@group-F71E69C7ACE7-SegmentedRaftLogWorker: safeCacheEvictIndex: setUnconditionally 0 -> -1
2021-12-29 13:36:41,961 [pool-526-thread-1] INFO  server.RaftServerConfigKeys (ConfUtils.java:logGet(44)) - raft.server.snapshot.auto.trigger.enabled = true (custom)
2021-12-29 13:36:41,961 [pool-526-thread-1] INFO  server.RaftServerConfigKeys (ConfUtils.java:logGet(44)) - raft.server.snapshot.auto.trigger.threshold = 10000 (custom)
2021-12-29 13:36:41,961 [pool-526-thread-1] INFO  server.RaftServerConfigKeys (ConfUtils.java:logGet(44)) - raft.server.snapshot.retention.file.num = 5 (custom)
2021-12-29 13:36:41,961 [pool-526-thread-1] INFO  server.RaftServerConfigKeys (ConfUtils.java:logGet(44)) - raft.server.log.purge.upto.snapshot.index = false (default)
2021-12-29 13:36:41,961 [pool-526-thread-1] INFO  server.RaftServerConfigKeys (ConfUtils.java:logGet(44)) - raft.server.retrycache.expirytime = 600000ms (custom)
2021-12-29 13:36:41,961 [pool-526-thread-1] INFO  server.RaftServerConfigKeys (ConfUtils.java:logGet(44)) - raft.server.retrycache.statistics.expirytime = 100μs (default)
2021-12-29 13:36:41,962 [pool-526-thread-1] INFO  server.RaftServer$Division (RaftServerImpl.java:start(301)) - e6152946-d0ea-4073-bce7-5683c36ce8c1@group-F71E69C7ACE7: start as a follower, conf=-1: [e6152946-d0ea-4073-bce7-5683c36ce8c1|rpc:10.1.0.26:45851|dataStream:|priority:1, 0611f638-a8f4-4cee-844a-1fb388a9e933|rpc:10.1.0.26:34987|dataStream:|priority:0, 3e7bdddb-bd7c-4654-a454-885ab84ced57|rpc:10.1.0.26:45011|dataStream:|priority:0], old=null
2021-12-29 13:36:41,962 [pool-526-thread-1] INFO  server.RaftServer$Division (RaftServerImpl.java:setRole(290)) - e6152946-d0ea-4073-bce7-5683c36ce8c1@group-F71E69C7ACE7: changes role from      null to FOLLOWER at term 0 for startAsFollower
2021-12-29 13:36:41,966 [pool-526-thread-1] INFO  impl.RoleInfo (RoleInfo.java:updateAndGet(130)) - e6152946-d0ea-4073-bce7-5683c36ce8c1: start e6152946-d0ea-4073-bce7-5683c36ce8c1@group-F71E69C7ACE7-FollowerState
2021-12-29 13:36:41,966 [pool-505-thread-1] INFO  storage.RaftStorage (RaftStorageImpl.java:format(89)) - Storage directory /home/runner/work/ozone/ozone/hadoop-ozone/integration-test/target/test-dir/MiniOzoneClusterImpl-aadba4d7-ee9c-4873-8a56-559a23ee9528/datanode-1/data/ratis/ea62ff87-eec8-4619-96aa-f2ce418f41c4 has been successfully formatted.
2021-12-29 13:36:41,977 [pool-526-thread-1] INFO  util.JmxRegister (JmxRegister.java:tryRegister(44)) - Successfully registered JMX Bean with object name Ratis:service=RaftServer,group=group-F71E69C7ACE7,id=e6152946-d0ea-4073-bce7-5683c36ce8c1
2021-12-29 13:36:42,000 [pool-505-thread-1] INFO  ratis.ContainerStateMachine (ContainerStateMachine.java:loadSnapshot(231)) - group-F2CE418F41C4: The snapshot info is null. Setting the last applied indexto:(t:0, i:~)
2021-12-29 13:36:42,000 [pool-505-thread-1] INFO  server.RaftServerConfigKeys (ConfUtils.java:logGet(44)) - raft.server.notification.no-leader.timeout = 300s (custom)
2021-12-29 13:36:42,000 [pool-505-thread-1] INFO  server.RaftServerConfigKeys (ConfUtils.java:logGet(44)) - raft.server.log.use.memory = false (default)
2021-12-29 13:36:42,000 [pool-505-thread-1] INFO  server.RaftServerConfigKeys (ConfUtils.java:logGet(44)) - raft.server.log.purge.gap = 1000000 (custom)
2021-12-29 13:36:42,000 [pool-505-thread-1] INFO  server.RaftServerConfigKeys (ConfUtils.java:logGet(44)) - raft.server.log.appender.buffer.byte-limit = 33554432 (custom)
2021-12-29 13:36:42,001 [pool-505-thread-1] INFO  server.RaftServerConfigKeys (ConfUtils.java:logGet(44)) - raft.server.log.segment.size.max = 1048576 (custom)
2021-12-29 13:36:42,001 [pool-505-thread-1] INFO  server.RaftServerConfigKeys (ConfUtils.java:logGet(44)) - raft.server.log.segment.cache.num.max = 2 (custom)
2021-12-29 13:36:42,001 [pool-505-thread-1] INFO  server.RaftServerConfigKeys (ConfUtils.java:logGet(44)) - raft.server.log.segment.cache.size.max = 200MB (=209715200) (default)
2021-12-29 13:36:42,001 [pool-505-thread-1] INFO  segmented.SegmentedRaftLogWorker (SegmentedRaftLogWorker.java:<init>(182)) - new 3e7bdddb-bd7c-4654-a454-885ab84ced57@group-F2CE418F41C4-SegmentedRaftLogWorker for RaftStorageImpl:Storage Directory /home/runner/work/ozone/ozone/hadoop-ozone/integration-test/target/test-dir/MiniOzoneClusterImpl-aadba4d7-ee9c-4873-8a56-559a23ee9528/datanode-1/data/ratis/ea62ff87-eec8-4619-96aa-f2ce418f41c4
2021-12-29 13:36:42,001 [pool-505-thread-1] INFO  server.RaftServerConfigKeys (ConfUtils.java:logGet(44)) - raft.server.log.queue.byte-limit = 2147483647 (custom)
2021-12-29 13:36:42,001 [pool-505-thread-1] INFO  server.RaftServerConfigKeys (ConfUtils.java:logGet(44)) - raft.server.log.queue.element-limit = 1024 (custom)
2021-12-29 13:36:42,001 [pool-505-thread-1] INFO  server.RaftServerConfigKeys (ConfUtils.java:logGet(44)) - raft.server.log.segment.size.max = 1048576 (custom)
2021-12-29 13:36:42,001 [pool-505-thread-1] INFO  server.RaftServerConfigKeys (ConfUtils.java:logGet(44)) - raft.server.log.preallocated.size = 16384 (custom)
2021-12-29 13:36:42,001 [pool-505-thread-1] INFO  server.RaftServerConfigKeys (ConfUtils.java:logGet(44)) - raft.server.log.force.sync.num = 128 (default)
2021-12-29 13:36:42,001 [pool-505-thread-1] INFO  server.RaftServerConfigKeys (ConfUtils.java:logGet(44)) - raft.server.log.statemachine.data.sync = true (default)
2021-12-29 13:36:42,001 [pool-505-thread-1] INFO  server.RaftServerConfigKeys (ConfUtils.java:logGet(44)) - raft.server.log.statemachine.data.sync.timeout = 10s (default)
2021-12-29 13:36:42,001 [pool-505-thread-1] INFO  server.RaftServerConfigKeys (ConfUtils.java:logGet(44)) - raft.server.log.statemachine.data.sync.timeout.retry = -1 (default)
2021-12-29 13:36:42,005 [pool-505-thread-1] INFO  server.RaftServerConfigKeys (ConfUtils.java:logGet(44)) - raft.server.log.write.buffer.size = 1048576 (custom)
2021-12-29 13:36:42,006 [EventQueue-PipelineReportForPipelineReportHandler] INFO  pipeline.PipelineManagerImpl (PipelineManagerImpl.java:openPipeline(291)) - Pipeline Pipeline[ Id: ea62ff87-eec8-4619-96aa-f2ce418f41c4, Nodes: 3e7bdddb-bd7c-4654-a454-885ab84ced57{ip: 10.1.0.26, host: fv-az59-280.csjynl4pkq3e1pkirw3ssqjfoh.cx.internal.cloudapp.net, ports: [REPLICATION=33953, RATIS=45011, RATIS_ADMIN=45011, RATIS_SERVER=45011, STANDALONE=38177], networkLocation: /default-rack, certSerialId: null, persistedOpState: IN_SERVICE, persistedOpStateExpiryEpochSec: 0}, ReplicationConfig: RATIS/ONE, State:ALLOCATED, leaderId:3e7bdddb-bd7c-4654-a454-885ab84ced57, CreationTimestamp2021-12-29T13:36:38.958Z[Etc/UTC]] moved to OPEN state
2021-12-29 13:36:42,006 [pool-505-thread-1] INFO  server.RaftServerConfigKeys (ConfUtils.java:logGet(44)) - raft.server.log.statemachine.data.caching.enabled = true (custom)
2021-12-29 13:36:42,007 [pool-505-thread-1] INFO  segmented.SegmentedRaftLogWorker (SegmentedRaftLogWorker.java:lambda$new$0(133)) - 3e7bdddb-bd7c-4654-a454-885ab84ced57@group-F2CE418F41C4-SegmentedRaftLogWorker: flushIndex: setUnconditionally 0 -> -1
2021-12-29 13:36:42,007 [pool-505-thread-1] INFO  segmented.SegmentedRaftLogWorker (SegmentedRaftLogWorker.java:lambda$new$0(133)) - 3e7bdddb-bd7c-4654-a454-885ab84ced57@group-F2CE418F41C4-SegmentedRaftLogWorker: safeCacheEvictIndex: setUnconditionally 0 -> -1
2021-12-29 13:36:42,007 [EventQueue-OpenPipelineForHealthyPipelineSafeModeRule] INFO  safemode.SCMSafeModeManager (HealthyPipelineSafeModeRule.java:process(124)) - SCM in safe mode. Healthy pipelines reported count is 0, required healthy pipeline reported count is 1
2021-12-29 13:36:42,026 [pool-505-thread-1] INFO  server.RaftServerConfigKeys (ConfUtils.java:logGet(44)) - raft.server.snapshot.auto.trigger.enabled = true (custom)
2021-12-29 13:36:42,026 [pool-505-thread-1] INFO  server.RaftServerConfigKeys (ConfUtils.java:logGet(44)) - raft.server.snapshot.auto.trigger.threshold = 10000 (custom)
2021-12-29 13:36:42,026 [pool-505-thread-1] INFO  server.RaftServerConfigKeys (ConfUtils.java:logGet(44)) - raft.server.snapshot.retention.file.num = 5 (custom)
2021-12-29 13:36:42,026 [pool-505-thread-1] INFO  server.RaftServerConfigKeys (ConfUtils.java:logGet(44)) - raft.server.log.purge.upto.snapshot.index = false (default)
2021-12-29 13:36:42,039 [Command processor thread] INFO  commandhandler.CreatePipelineCommandHandler (CreatePipelineCommandHandler.java:handle(106)) - Created Pipeline RATIS THREE PipelineID=1f196000-2c61-4eb6-be03-f71e69c7ace7.
2021-12-29 13:36:42,046 [pool-505-thread-1] INFO  server.RaftServerConfigKeys (ConfUtils.java:logGet(44)) - raft.server.retrycache.expirytime = 600000ms (custom)
2021-12-29 13:36:42,046 [pool-505-thread-1] INFO  server.RaftServerConfigKeys (ConfUtils.java:logGet(44)) - raft.server.retrycache.statistics.expirytime = 100μs (default)
2021-12-29 13:36:42,047 [pool-505-thread-1] INFO  server.RaftServer$Division (RaftServerImpl.java:start(301)) - 3e7bdddb-bd7c-4654-a454-885ab84ced57@group-F2CE418F41C4: start as a follower, conf=-1: [3e7bdddb-bd7c-4654-a454-885ab84ced57|rpc:10.1.0.26:45011|priority:1], old=null
2021-12-29 13:36:42,047 [pool-505-thread-1] INFO  server.RaftServer$Division (RaftServerImpl.java:setRole(290)) - 3e7bdddb-bd7c-4654-a454-885ab84ced57@group-F2CE418F41C4: changes role from      null to FOLLOWER at term 0 for startAsFollower
2021-12-29 13:36:42,047 [pool-505-thread-1] INFO  impl.RoleInfo (RoleInfo.java:updateAndGet(130)) - 3e7bdddb-bd7c-4654-a454-885ab84ced57: start 3e7bdddb-bd7c-4654-a454-885ab84ced57@group-F2CE418F41C4-FollowerState
2021-12-29 13:36:42,047 [pool-505-thread-1] INFO  util.JmxRegister (JmxRegister.java:tryRegister(44)) - Successfully registered JMX Bean with object name Ratis:service=RaftServer,group=group-F2CE418F41C4,id=3e7bdddb-bd7c-4654-a454-885ab84ced57
2021-12-29 13:36:42,050 [Command processor thread] INFO  ratis.XceiverServerRatis (XceiverServerRatis.java:addGroup(768)) - Created group PipelineID=ea62ff87-eec8-4619-96aa-f2ce418f41c4
2021-12-29 13:36:42,050 [Command processor thread] INFO  commandhandler.CreatePipelineCommandHandler (CreatePipelineCommandHandler.java:handle(106)) - Created Pipeline RATIS ONE PipelineID=ea62ff87-eec8-4619-96aa-f2ce418f41c4.
2021-12-29 13:36:42,354 [Listener at 127.0.0.1/42909] INFO  ozone.MiniOzoneClusterImpl (MiniOzoneClusterImpl.java:lambda$waitForClusterToBeReady$0(235)) - Nodes are ready. Got 3 of 3 DN Heartbeats.
2021-12-29 13:36:42,354 [Listener at 127.0.0.1/42909] INFO  ozone.MiniOzoneClusterImpl (MiniOzoneClusterImpl.java:lambda$waitForClusterToBeReady$0(238)) - Waiting for cluster to exit safe mode
2021-12-29 13:36:42,354 [Listener at 127.0.0.1/42909] INFO  ozone.MiniOzoneClusterImpl (MiniOzoneClusterImpl.java:lambda$waitForClusterToBeReady$0(240)) - SCM became leader
2021-12-29 13:36:42,384 [Command processor thread] INFO  server.RaftServer (RaftServerProxy.java:addNew(95)) - e6152946-d0ea-4073-bce7-5683c36ce8c1: addNew group-04125F741A9E:[e6152946-d0ea-4073-bce7-5683c36ce8c1|rpc:10.1.0.26:45851|priority:1] returns group-04125F741A9E:java.util.concurrent.CompletableFuture@6e8cf308[Not completed]
2021-12-29 13:36:42,384 [pool-526-thread-1] INFO  server.RaftServer$Division (RaftServerImpl.java:<init>(184)) - e6152946-d0ea-4073-bce7-5683c36ce8c1: new RaftServerImpl for group-04125F741A9E:[e6152946-d0ea-4073-bce7-5683c36ce8c1|rpc:10.1.0.26:45851|priority:1] with ContainerStateMachine:uninitialized
2021-12-29 13:36:42,384 [pool-526-thread-1] INFO  server.RaftServerConfigKeys (ConfUtils.java:logGet(44)) - raft.server.rpc.timeout.min = 5s (custom)
2021-12-29 13:36:42,384 [pool-526-thread-1] INFO  server.RaftServerConfigKeys (ConfUtils.java:logGet(44)) - raft.server.rpc.timeout.max = 5200ms (custom)
2021-12-29 13:36:42,385 [pool-526-thread-1] INFO  server.RaftServerConfigKeys (ConfUtils.java:logGet(44)) - raft.server.rpc.sleep.time = 25ms (default)
2021-12-29 13:36:42,385 [pool-526-thread-1] INFO  server.RaftServerConfigKeys (ConfUtils.java:logGet(44)) - raft.server.rpc.slowness.timeout = 300s (custom)
2021-12-29 13:36:42,385 [pool-526-thread-1] INFO  server.RaftServerConfigKeys (ConfUtils.java:logGet(44)) - raft.server.leaderelection.leader.step-down.wait-time = 10s (default)
2021-12-29 13:36:42,385 [pool-526-thread-1] INFO  server.RaftServerConfigKeys (ConfUtils.java:logGet(44)) - raft.server.sleep.deviation.threshold = 300ms (default)
2021-12-29 13:36:42,385 [pool-526-thread-1] INFO  server.RaftServerConfigKeys (ConfUtils.java:logGet(44)) - raft.server.log.appender.install.snapshot.enabled = false (custom)
2021-12-29 13:36:42,385 [pool-526-thread-1] INFO  server.RaftServer$Division (ServerState.java:<init>(105)) - e6152946-d0ea-4073-bce7-5683c36ce8c1@group-04125F741A9E: ConfigurationManager, init=-1: [e6152946-d0ea-4073-bce7-5683c36ce8c1|rpc:10.1.0.26:45851|priority:1], old=null, confs=<EMPTY_MAP>
2021-12-29 13:36:42,385 [pool-526-thread-1] INFO  server.RaftServerConfigKeys (ConfUtils.java:logGet(44)) - raft.server.storage.dir = [/home/runner/work/ozone/ozone/hadoop-ozone/integration-test/target/test-dir/MiniOzoneClusterImpl-aadba4d7-ee9c-4873-8a56-559a23ee9528/datanode-2/data/ratis] (custom)
2021-12-29 13:36:42,385 [pool-526-thread-1] INFO  server.RaftServerConfigKeys (ConfUtils.java:logGet(44)) - raft.server.log.corruption.policy = EXCEPTION (default)
2021-12-29 13:36:42,385 [pool-526-thread-1] INFO  server.RaftServerConfigKeys (ConfUtils.java:logGet(44)) - raft.server.storage.free-space.min = 0MB (=0) (default)
2021-12-29 13:36:42,385 [pool-526-thread-1] INFO  storage.RaftStorageDirectory (RaftStorageDirectoryImpl.java:analyzeStorage(135)) - The storage directory /home/runner/work/ozone/ozone/hadoop-ozone/integration-test/target/test-dir/MiniOzoneClusterImpl-aadba4d7-ee9c-4873-8a56-559a23ee9528/datanode-2/data/ratis/edfaca5b-e151-47b3-ba26-04125f741a9e does not exist. Creating ...
2021-12-29 13:36:42,386 [pool-526-thread-1] INFO  storage.RaftStorageDirectory (RaftStorageDirectoryImpl.java:tryLock(230)) - Lock on /home/runner/work/ozone/ozone/hadoop-ozone/integration-test/target/test-dir/MiniOzoneClusterImpl-aadba4d7-ee9c-4873-8a56-559a23ee9528/datanode-2/data/ratis/edfaca5b-e151-47b3-ba26-04125f741a9e/in_use.lock acquired by nodename 16235@fv-az59-280
2021-12-29 13:36:42,388 [pool-526-thread-1] INFO  storage.RaftStorage (RaftStorageImpl.java:format(89)) - Storage directory /home/runner/work/ozone/ozone/hadoop-ozone/integration-test/target/test-dir/MiniOzoneClusterImpl-aadba4d7-ee9c-4873-8a56-559a23ee9528/datanode-2/data/ratis/edfaca5b-e151-47b3-ba26-04125f741a9e has been successfully formatted.
2021-12-29 13:36:42,389 [pool-526-thread-1] INFO  ratis.ContainerStateMachine (ContainerStateMachine.java:loadSnapshot(231)) - group-04125F741A9E: The snapshot info is null. Setting the last applied indexto:(t:0, i:~)
2021-12-29 13:36:42,389 [EventQueue-PipelineReportForPipelineReportHandler] INFO  pipeline.PipelineManagerImpl (PipelineManagerImpl.java:openPipeline(291)) - Pipeline Pipeline[ Id: edfaca5b-e151-47b3-ba26-04125f741a9e, Nodes: e6152946-d0ea-4073-bce7-5683c36ce8c1{ip: 10.1.0.26, host: fv-az59-280.csjynl4pkq3e1pkirw3ssqjfoh.cx.internal.cloudapp.net, ports: [REPLICATION=38645, RATIS=45851, RATIS_ADMIN=45851, RATIS_SERVER=45851, STANDALONE=37511], networkLocation: /default-rack, certSerialId: null, persistedOpState: IN_SERVICE, persistedOpStateExpiryEpochSec: 0}, ReplicationConfig: RATIS/ONE, State:ALLOCATED, leaderId:e6152946-d0ea-4073-bce7-5683c36ce8c1, CreationTimestamp2021-12-29T13:36:39.391Z[Etc/UTC]] moved to OPEN state
2021-12-29 13:36:42,390 [EventQueue-OpenPipelineForHealthyPipelineSafeModeRule] INFO  safemode.SCMSafeModeManager (HealthyPipelineSafeModeRule.java:process(124)) - SCM in safe mode. Healthy pipelines reported count is 0, required healthy pipeline reported count is 1
2021-12-29 13:36:42,390 [pool-526-thread-1] INFO  server.RaftServerConfigKeys (ConfUtils.java:logGet(44)) - raft.server.notification.no-leader.timeout = 300s (custom)
2021-12-29 13:36:42,390 [pool-526-thread-1] INFO  server.RaftServerConfigKeys (ConfUtils.java:logGet(44)) - raft.server.log.use.memory = false (default)
2021-12-29 13:36:42,390 [pool-526-thread-1] INFO  server.RaftServerConfigKeys (ConfUtils.java:logGet(44)) - raft.server.log.purge.gap = 1000000 (custom)
2021-12-29 13:36:42,390 [pool-526-thread-1] INFO  server.RaftServerConfigKeys (ConfUtils.java:logGet(44)) - raft.server.log.appender.buffer.byte-limit = 33554432 (custom)
2021-12-29 13:36:42,390 [pool-526-thread-1] INFO  server.RaftServerConfigKeys (ConfUtils.java:logGet(44)) - raft.server.log.segment.size.max = 1048576 (custom)
2021-12-29 13:36:42,391 [pool-526-thread-1] INFO  server.RaftServerConfigKeys (ConfUtils.java:logGet(44)) - raft.server.log.segment.cache.num.max = 2 (custom)
2021-12-29 13:36:42,391 [pool-526-thread-1] INFO  server.RaftServerConfigKeys (ConfUtils.java:logGet(44)) - raft.server.log.segment.cache.size.max = 200MB (=209715200) (default)
2021-12-29 13:36:42,391 [pool-526-thread-1] INFO  segmented.SegmentedRaftLogWorker (SegmentedRaftLogWorker.java:<init>(182)) - new e6152946-d0ea-4073-bce7-5683c36ce8c1@group-04125F741A9E-SegmentedRaftLogWorker for RaftStorageImpl:Storage Directory /home/runner/work/ozone/ozone/hadoop-ozone/integration-test/target/test-dir/MiniOzoneClusterImpl-aadba4d7-ee9c-4873-8a56-559a23ee9528/datanode-2/data/ratis/edfaca5b-e151-47b3-ba26-04125f741a9e
2021-12-29 13:36:42,391 [pool-526-thread-1] INFO  server.RaftServerConfigKeys (ConfUtils.java:logGet(44)) - raft.server.log.queue.byte-limit = 2147483647 (custom)
2021-12-29 13:36:42,391 [pool-526-thread-1] INFO  server.RaftServerConfigKeys (ConfUtils.java:logGet(44)) - raft.server.log.queue.element-limit = 1024 (custom)
2021-12-29 13:36:42,391 [pool-526-thread-1] INFO  server.RaftServerConfigKeys (ConfUtils.java:logGet(44)) - raft.server.log.segment.size.max = 1048576 (custom)
2021-12-29 13:36:42,391 [pool-526-thread-1] INFO  server.RaftServerConfigKeys (ConfUtils.java:logGet(44)) - raft.server.log.preallocated.size = 16384 (custom)
2021-12-29 13:36:42,391 [pool-526-thread-1] INFO  server.RaftServerConfigKeys (ConfUtils.java:logGet(44)) - raft.server.log.force.sync.num = 128 (default)
2021-12-29 13:36:42,391 [pool-526-thread-1] INFO  server.RaftServerConfigKeys (ConfUtils.java:logGet(44)) - raft.server.log.statemachine.data.sync = true (default)
2021-12-29 13:36:42,391 [pool-526-thread-1] INFO  server.RaftServerConfigKeys (ConfUtils.java:logGet(44)) - raft.server.log.statemachine.data.sync.timeout = 10s (default)
2021-12-29 13:36:42,391 [pool-526-thread-1] INFO  server.RaftServerConfigKeys (ConfUtils.java:logGet(44)) - raft.server.log.statemachine.data.sync.timeout.retry = -1 (default)
2021-12-29 13:36:42,392 [pool-526-thread-1] INFO  server.RaftServerConfigKeys (ConfUtils.java:logGet(44)) - raft.server.log.write.buffer.size = 1048576 (custom)
2021-12-29 13:36:42,393 [pool-526-thread-1] INFO  server.RaftServerConfigKeys (ConfUtils.java:logGet(44)) - raft.server.log.statemachine.data.caching.enabled = true (custom)
2021-12-29 13:36:42,394 [pool-526-thread-1] INFO  segmented.SegmentedRaftLogWorker (SegmentedRaftLogWorker.java:lambda$new$0(133)) - e6152946-d0ea-4073-bce7-5683c36ce8c1@group-04125F741A9E-SegmentedRaftLogWorker: flushIndex: setUnconditionally 0 -> -1
2021-12-29 13:36:42,402 [pool-526-thread-1] INFO  segmented.SegmentedRaftLogWorker (SegmentedRaftLogWorker.java:lambda$new$0(133)) - e6152946-d0ea-4073-bce7-5683c36ce8c1@group-04125F741A9E-SegmentedRaftLogWorker: safeCacheEvictIndex: setUnconditionally 0 -> -1
2021-12-29 13:36:42,403 [pool-526-thread-1] INFO  server.RaftServerConfigKeys (ConfUtils.java:logGet(44)) - raft.server.snapshot.auto.trigger.enabled = true (custom)
2021-12-29 13:36:42,403 [pool-526-thread-1] INFO  server.RaftServerConfigKeys (ConfUtils.java:logGet(44)) - raft.server.snapshot.auto.trigger.threshold = 10000 (custom)
2021-12-29 13:36:42,403 [pool-526-thread-1] INFO  server.RaftServerConfigKeys (ConfUtils.java:logGet(44)) - raft.server.snapshot.retention.file.num = 5 (custom)
2021-12-29 13:36:42,403 [pool-526-thread-1] INFO  server.RaftServerConfigKeys (ConfUtils.java:logGet(44)) - raft.server.log.purge.upto.snapshot.index = false (default)
2021-12-29 13:36:42,403 [pool-526-thread-1] INFO  server.RaftServerConfigKeys (ConfUtils.java:logGet(44)) - raft.server.retrycache.expirytime = 600000ms (custom)
2021-12-29 13:36:42,403 [pool-526-thread-1] INFO  server.RaftServerConfigKeys (ConfUtils.java:logGet(44)) - raft.server.retrycache.statistics.expirytime = 100μs (default)
2021-12-29 13:36:42,404 [pool-526-thread-1] INFO  server.RaftServer$Division (RaftServerImpl.java:start(301)) - e6152946-d0ea-4073-bce7-5683c36ce8c1@group-04125F741A9E: start as a follower, conf=-1: [e6152946-d0ea-4073-bce7-5683c36ce8c1|rpc:10.1.0.26:45851|priority:1], old=null
2021-12-29 13:36:42,404 [pool-526-thread-1] INFO  server.RaftServer$Division (RaftServerImpl.java:setRole(290)) - e6152946-d0ea-4073-bce7-5683c36ce8c1@group-04125F741A9E: changes role from      null to FOLLOWER at term 0 for startAsFollower
2021-12-29 13:36:42,404 [pool-526-thread-1] INFO  impl.RoleInfo (RoleInfo.java:updateAndGet(130)) - e6152946-d0ea-4073-bce7-5683c36ce8c1: start e6152946-d0ea-4073-bce7-5683c36ce8c1@group-04125F741A9E-FollowerState
2021-12-29 13:36:42,419 [pool-526-thread-1] INFO  util.JmxRegister (JmxRegister.java:tryRegister(44)) - Successfully registered JMX Bean with object name Ratis:service=RaftServer,group=group-04125F741A9E,id=e6152946-d0ea-4073-bce7-5683c36ce8c1
2021-12-29 13:36:42,424 [Command processor thread] INFO  ratis.XceiverServerRatis (XceiverServerRatis.java:addGroup(768)) - Created group PipelineID=edfaca5b-e151-47b3-ba26-04125f741a9e
2021-12-29 13:36:42,424 [Command processor thread] INFO  commandhandler.CreatePipelineCommandHandler (CreatePipelineCommandHandler.java:handle(106)) - Created Pipeline RATIS ONE PipelineID=edfaca5b-e151-47b3-ba26-04125f741a9e.
2021-12-29 13:36:43,355 [Listener at 127.0.0.1/42909] INFO  ozone.MiniOzoneClusterImpl (MiniOzoneClusterImpl.java:lambda$waitForClusterToBeReady$0(235)) - Nodes are ready. Got 3 of 3 DN Heartbeats.
2021-12-29 13:36:43,355 [Listener at 127.0.0.1/42909] INFO  ozone.MiniOzoneClusterImpl (MiniOzoneClusterImpl.java:lambda$waitForClusterToBeReady$0(238)) - Waiting for cluster to exit safe mode
2021-12-29 13:36:43,355 [Listener at 127.0.0.1/42909] INFO  ozone.MiniOzoneClusterImpl (MiniOzoneClusterImpl.java:lambda$waitForClusterToBeReady$0(240)) - SCM became leader
2021-12-29 13:36:44,355 [Listener at 127.0.0.1/42909] INFO  ozone.MiniOzoneClusterImpl (MiniOzoneClusterImpl.java:lambda$waitForClusterToBeReady$0(235)) - Nodes are ready. Got 3 of 3 DN Heartbeats.
2021-12-29 13:36:44,356 [Listener at 127.0.0.1/42909] INFO  ozone.MiniOzoneClusterImpl (MiniOzoneClusterImpl.java:lambda$waitForClusterToBeReady$0(238)) - Waiting for cluster to exit safe mode
2021-12-29 13:36:44,356 [Listener at 127.0.0.1/42909] INFO  ozone.MiniOzoneClusterImpl (MiniOzoneClusterImpl.java:lambda$waitForClusterToBeReady$0(240)) - SCM became leader
2021-12-29 13:36:45,356 [Listener at 127.0.0.1/42909] INFO  ozone.MiniOzoneClusterImpl (MiniOzoneClusterImpl.java:lambda$waitForClusterToBeReady$0(235)) - Nodes are ready. Got 3 of 3 DN Heartbeats.
2021-12-29 13:36:45,356 [Listener at 127.0.0.1/42909] INFO  ozone.MiniOzoneClusterImpl (MiniOzoneClusterImpl.java:lambda$waitForClusterToBeReady$0(238)) - Waiting for cluster to exit safe mode
2021-12-29 13:36:45,356 [Listener at 127.0.0.1/42909] INFO  ozone.MiniOzoneClusterImpl (MiniOzoneClusterImpl.java:lambda$waitForClusterToBeReady$0(240)) - SCM became leader
2021-12-29 13:36:46,357 [Listener at 127.0.0.1/42909] INFO  ozone.MiniOzoneClusterImpl (MiniOzoneClusterImpl.java:lambda$waitForClusterToBeReady$0(235)) - Nodes are ready. Got 3 of 3 DN Heartbeats.
2021-12-29 13:36:46,357 [Listener at 127.0.0.1/42909] INFO  ozone.MiniOzoneClusterImpl (MiniOzoneClusterImpl.java:lambda$waitForClusterToBeReady$0(238)) - Waiting for cluster to exit safe mode
2021-12-29 13:36:46,357 [Listener at 127.0.0.1/42909] INFO  ozone.MiniOzoneClusterImpl (MiniOzoneClusterImpl.java:lambda$waitForClusterToBeReady$0(240)) - SCM became leader
2021-12-29 13:36:46,671 [3e7bdddb-bd7c-4654-a454-885ab84ced57@group-A03FB28DED75-FollowerState] INFO  impl.FollowerState (FollowerState.java:run(134)) - 3e7bdddb-bd7c-4654-a454-885ab84ced57@group-A03FB28DED75-FollowerState: change to CANDIDATE, lastRpcElapsedTime:5035521530ns, electionTimeout:5018ms
2021-12-29 13:36:46,671 [3e7bdddb-bd7c-4654-a454-885ab84ced57@group-A03FB28DED75-FollowerState] INFO  impl.RoleInfo (RoleInfo.java:shutdownFollowerState(108)) - 3e7bdddb-bd7c-4654-a454-885ab84ced57: shutdown 3e7bdddb-bd7c-4654-a454-885ab84ced57@group-A03FB28DED75-FollowerState
2021-12-29 13:36:46,671 [3e7bdddb-bd7c-4654-a454-885ab84ced57@group-A03FB28DED75-FollowerState] INFO  server.RaftServer$Division (RaftServerImpl.java:setRole(290)) - 3e7bdddb-bd7c-4654-a454-885ab84ced57@group-A03FB28DED75: changes role from  FOLLOWER to CANDIDATE at term 0 for changeToCandidate
2021-12-29 13:36:46,672 [3e7bdddb-bd7c-4654-a454-885ab84ced57@group-A03FB28DED75-FollowerState] INFO  server.RaftServerConfigKeys (ConfUtils.java:logGet(44)) - raft.server.leaderelection.pre-vote = false (custom)
2021-12-29 13:36:46,672 [3e7bdddb-bd7c-4654-a454-885ab84ced57@group-A03FB28DED75-FollowerState] INFO  impl.RoleInfo (RoleInfo.java:updateAndGet(130)) - 3e7bdddb-bd7c-4654-a454-885ab84ced57: start 3e7bdddb-bd7c-4654-a454-885ab84ced57@group-A03FB28DED75-LeaderElection42
2021-12-29 13:36:46,683 [0611f638-a8f4-4cee-844a-1fb388a9e933@group-263760F17C78-FollowerState] INFO  impl.FollowerState (FollowerState.java:run(134)) - 0611f638-a8f4-4cee-844a-1fb388a9e933@group-263760F17C78-FollowerState: change to CANDIDATE, lastRpcElapsedTime:5178685193ns, electionTimeout:5177ms
2021-12-29 13:36:46,683 [0611f638-a8f4-4cee-844a-1fb388a9e933@group-263760F17C78-FollowerState] INFO  impl.RoleInfo (RoleInfo.java:shutdownFollowerState(108)) - 0611f638-a8f4-4cee-844a-1fb388a9e933: shutdown 0611f638-a8f4-4cee-844a-1fb388a9e933@group-263760F17C78-FollowerState
2021-12-29 13:36:46,683 [0611f638-a8f4-4cee-844a-1fb388a9e933@group-263760F17C78-FollowerState] INFO  server.RaftServer$Division (RaftServerImpl.java:setRole(290)) - 0611f638-a8f4-4cee-844a-1fb388a9e933@group-263760F17C78: changes role from  FOLLOWER to CANDIDATE at term 0 for changeToCandidate
2021-12-29 13:36:46,684 [0611f638-a8f4-4cee-844a-1fb388a9e933@group-263760F17C78-FollowerState] INFO  server.RaftServerConfigKeys (ConfUtils.java:logGet(44)) - raft.server.leaderelection.pre-vote = false (custom)
2021-12-29 13:36:46,684 [0611f638-a8f4-4cee-844a-1fb388a9e933@group-263760F17C78-FollowerState] INFO  impl.RoleInfo (RoleInfo.java:updateAndGet(130)) - 0611f638-a8f4-4cee-844a-1fb388a9e933: start 0611f638-a8f4-4cee-844a-1fb388a9e933@group-263760F17C78-LeaderElection43
2021-12-29 13:36:46,687 [0611f638-a8f4-4cee-844a-1fb388a9e933@group-A03FB28DED75-FollowerState] INFO  impl.FollowerState (FollowerState.java:run(134)) - 0611f638-a8f4-4cee-844a-1fb388a9e933@group-A03FB28DED75-FollowerState: change to CANDIDATE, lastRpcElapsedTime:5147164615ns, electionTimeout:5146ms
2021-12-29 13:36:46,687 [0611f638-a8f4-4cee-844a-1fb388a9e933@group-A03FB28DED75-FollowerState] INFO  impl.RoleInfo (RoleInfo.java:shutdownFollowerState(108)) - 0611f638-a8f4-4cee-844a-1fb388a9e933: shutdown 0611f638-a8f4-4cee-844a-1fb388a9e933@group-A03FB28DED75-FollowerState
2021-12-29 13:36:46,687 [0611f638-a8f4-4cee-844a-1fb388a9e933@group-A03FB28DED75-FollowerState] INFO  server.RaftServer$Division (RaftServerImpl.java:setRole(290)) - 0611f638-a8f4-4cee-844a-1fb388a9e933@group-A03FB28DED75: changes role from  FOLLOWER to CANDIDATE at term 0 for changeToCandidate
2021-12-29 13:36:46,687 [0611f638-a8f4-4cee-844a-1fb388a9e933@group-A03FB28DED75-FollowerState] INFO  server.RaftServerConfigKeys (ConfUtils.java:logGet(44)) - raft.server.leaderelection.pre-vote = false (custom)
2021-12-29 13:36:46,687 [0611f638-a8f4-4cee-844a-1fb388a9e933@group-A03FB28DED75-FollowerState] INFO  impl.RoleInfo (RoleInfo.java:updateAndGet(130)) - 0611f638-a8f4-4cee-844a-1fb388a9e933: start 0611f638-a8f4-4cee-844a-1fb388a9e933@group-A03FB28DED75-LeaderElection44
2021-12-29 13:36:46,710 [3e7bdddb-bd7c-4654-a454-885ab84ced57@group-A03FB28DED75-LeaderElection42] INFO  impl.LeaderElection (LeaderElection.java:askForVotes(306)) - 3e7bdddb-bd7c-4654-a454-885ab84ced57@group-A03FB28DED75-LeaderElection42 ELECTION round 0: submit vote requests at term 1 for -1: [e6152946-d0ea-4073-bce7-5683c36ce8c1|rpc:10.1.0.26:45851|dataStream:|priority:0, 0611f638-a8f4-4cee-844a-1fb388a9e933|rpc:10.1.0.26:34987|dataStream:|priority:1, 3e7bdddb-bd7c-4654-a454-885ab84ced57|rpc:10.1.0.26:45011|dataStream:|priority:0], old=null
2021-12-29 13:36:46,713 [0611f638-a8f4-4cee-844a-1fb388a9e933@group-263760F17C78-LeaderElection43] INFO  impl.LeaderElection (LeaderElection.java:askForVotes(306)) - 0611f638-a8f4-4cee-844a-1fb388a9e933@group-263760F17C78-LeaderElection43 ELECTION round 0: submit vote requests at term 1 for -1: [0611f638-a8f4-4cee-844a-1fb388a9e933|rpc:10.1.0.26:34987|priority:1], old=null
2021-12-29 13:36:46,713 [0611f638-a8f4-4cee-844a-1fb388a9e933@group-263760F17C78-LeaderElection43] INFO  impl.LeaderElection (LeaderElection.java:askForVotes(308)) - 0611f638-a8f4-4cee-844a-1fb388a9e933@group-263760F17C78-LeaderElection43 ELECTION round 0: result PASSED (term=1)
2021-12-29 13:36:46,713 [0611f638-a8f4-4cee-844a-1fb388a9e933@group-263760F17C78-LeaderElection43] INFO  impl.RoleInfo (RoleInfo.java:shutdownLeaderElection(121)) - 0611f638-a8f4-4cee-844a-1fb388a9e933: shutdown 0611f638-a8f4-4cee-844a-1fb388a9e933@group-263760F17C78-LeaderElection43
2021-12-29 13:36:46,713 [0611f638-a8f4-4cee-844a-1fb388a9e933@group-263760F17C78-LeaderElection43] INFO  server.RaftServer$Division (RaftServerImpl.java:setRole(290)) - 0611f638-a8f4-4cee-844a-1fb388a9e933@group-263760F17C78: changes role from CANDIDATE to LEADER at term 1 for changeToLeader
2021-12-29 13:36:46,713 [0611f638-a8f4-4cee-844a-1fb388a9e933@group-263760F17C78-LeaderElection43] INFO  ratis.XceiverServerRatis (XceiverServerRatis.java:handleLeaderChangedNotification(866)) - Leader change notification received for group: group-263760F17C78 with new leaderId: 0611f638-a8f4-4cee-844a-1fb388a9e933
2021-12-29 13:36:46,713 [0611f638-a8f4-4cee-844a-1fb388a9e933@group-A03FB28DED75-LeaderElection44] INFO  impl.LeaderElection (LeaderElection.java:askForVotes(306)) - 0611f638-a8f4-4cee-844a-1fb388a9e933@group-A03FB28DED75-LeaderElection44 ELECTION round 0: submit vote requests at term 1 for -1: [e6152946-d0ea-4073-bce7-5683c36ce8c1|rpc:10.1.0.26:45851|priority:0, 0611f638-a8f4-4cee-844a-1fb388a9e933|rpc:10.1.0.26:34987|priority:1, 3e7bdddb-bd7c-4654-a454-885ab84ced57|rpc:10.1.0.26:45011|priority:0], old=null
2021-12-29 13:36:46,731 [0611f638-a8f4-4cee-844a-1fb388a9e933@group-263760F17C78-LeaderElection43] INFO  server.RaftServer$Division (ServerState.java:setLeader(285)) - 0611f638-a8f4-4cee-844a-1fb388a9e933@group-263760F17C78: change Leader from null to 0611f638-a8f4-4cee-844a-1fb388a9e933 at term 1 for becomeLeader, leader elected after 5228ms
2021-12-29 13:36:46,731 [0611f638-a8f4-4cee-844a-1fb388a9e933@group-263760F17C78-LeaderElection43] INFO  server.RaftServerConfigKeys (ConfUtils.java:logGet(44)) - raft.server.staging.catchup.gap = 1000 (default)
2021-12-29 13:36:46,732 [0611f638-a8f4-4cee-844a-1fb388a9e933@group-263760F17C78-LeaderElection43] INFO  server.RaftServerConfigKeys (ConfUtils.java:logGet(44)) - raft.server.write.element-limit = 1024 (custom)
2021-12-29 13:36:46,732 [0611f638-a8f4-4cee-844a-1fb388a9e933@group-263760F17C78-LeaderElection43] INFO  server.RaftServerConfigKeys (ConfUtils.java:logGet(44)) - raft.server.write.byte-limit = 1024 M (=1073741824) (custom)
2021-12-29 13:36:46,732 [0611f638-a8f4-4cee-844a-1fb388a9e933@group-263760F17C78-LeaderElection43] INFO  server.RaftServerConfigKeys (ConfUtils.java:logGet(44)) - raft.server.watch.timeout = 180s (custom)
2021-12-29 13:36:46,732 [0611f638-a8f4-4cee-844a-1fb388a9e933@group-263760F17C78-LeaderElection43] INFO  server.RaftServerConfigKeys (ConfUtils.java:logGet(44)) - raft.server.watch.timeout.denomination = 1s (default)
2021-12-29 13:36:46,732 [0611f638-a8f4-4cee-844a-1fb388a9e933@group-263760F17C78-LeaderElection43] INFO  server.RaftServerConfigKeys (ConfUtils.java:logGet(44)) - raft.server.watch.element-limit = 65536 (default)
2021-12-29 13:36:46,732 [0611f638-a8f4-4cee-844a-1fb388a9e933@group-263760F17C78-LeaderElection43] INFO  server.RaftServerConfigKeys (ConfUtils.java:logGet(44)) - raft.server.write.element-limit = 1024 (custom)
2021-12-29 13:36:46,732 [0611f638-a8f4-4cee-844a-1fb388a9e933@group-263760F17C78-LeaderElection43] INFO  server.RaftServerConfigKeys (ConfUtils.java:logGet(44)) - raft.server.write.follower.gap.ratio.max = -1.0 (default)
2021-12-29 13:36:46,732 [0611f638-a8f4-4cee-844a-1fb388a9e933@group-263760F17C78-LeaderElection43] INFO  impl.RoleInfo (RoleInfo.java:updateAndGet(130)) - 0611f638-a8f4-4cee-844a-1fb388a9e933: start 0611f638-a8f4-4cee-844a-1fb388a9e933@group-263760F17C78-LeaderStateImpl
2021-12-29 13:36:46,732 [0611f638-a8f4-4cee-844a-1fb388a9e933@group-263760F17C78-LeaderElection43] INFO  segmented.SegmentedRaftLogWorker (SegmentedRaftLogWorker.java:startLogSegment(394)) - 0611f638-a8f4-4cee-844a-1fb388a9e933@group-263760F17C78-SegmentedRaftLogWorker: Starting segment from index:0
2021-12-29 13:36:46,733 [EventQueue-OpenPipelineForHealthyPipelineSafeModeRule] INFO  safemode.SCMSafeModeManager (HealthyPipelineSafeModeRule.java:process(124)) - SCM in safe mode. Healthy pipelines reported count is 0, required healthy pipeline reported count is 1
2021-12-29 13:36:46,734 [0611f638-a8f4-4cee-844a-1fb388a9e933@group-263760F17C78-SegmentedRaftLogWorker] INFO  segmented.SegmentedRaftLogWorker (SegmentedRaftLogWorker.java:execute(601)) - 0611f638-a8f4-4cee-844a-1fb388a9e933@group-263760F17C78-SegmentedRaftLogWorker: created new log segment /home/runner/work/ozone/ozone/hadoop-ozone/integration-test/target/test-dir/MiniOzoneClusterImpl-aadba4d7-ee9c-4873-8a56-559a23ee9528/datanode-0/data/ratis/90e1633f-0924-4ca3-b0c8-263760f17c78/current/log_inprogress_0
2021-12-29 13:36:46,738 [0611f638-a8f4-4cee-844a-1fb388a9e933@group-263760F17C78-LeaderElection43] INFO  server.RaftServer$Division (ServerState.java:setRaftConf(387)) - 0611f638-a8f4-4cee-844a-1fb388a9e933@group-263760F17C78: set configuration 0: [0611f638-a8f4-4cee-844a-1fb388a9e933|rpc:10.1.0.26:34987|dataStream:|priority:1], old=null
2021-12-29 13:36:46,764 [grpc-default-executor-0] INFO  server.RaftServer$Division (RaftServerImpl.java:requestVote(1046)) - 0611f638-a8f4-4cee-844a-1fb388a9e933@group-A03FB28DED75: receive requestVote(ELECTION, 3e7bdddb-bd7c-4654-a454-885ab84ced57, group-A03FB28DED75, 1, (t:0, i:0))
2021-12-29 13:36:46,764 [grpc-default-executor-0] INFO  impl.VoteContext (VoteContext.java:log(48)) - 0611f638-a8f4-4cee-844a-1fb388a9e933@group-A03FB28DED75-CANDIDATE: reject ELECTION from 3e7bdddb-bd7c-4654-a454-885ab84ced57: already has voted for 0611f638-a8f4-4cee-844a-1fb388a9e933 at current term 1
2021-12-29 13:36:46,764 [grpc-default-executor-0] INFO  server.RaftServer$Division (RaftServerImpl.java:requestVote(1078)) - 0611f638-a8f4-4cee-844a-1fb388a9e933@group-A03FB28DED75 replies to ELECTION vote request: 3e7bdddb-bd7c-4654-a454-885ab84ced57<-0611f638-a8f4-4cee-844a-1fb388a9e933#0:FAIL-t1. Peer's state: 0611f638-a8f4-4cee-844a-1fb388a9e933@group-A03FB28DED75:t1, leader=null, voted=0611f638-a8f4-4cee-844a-1fb388a9e933, raftlog=0611f638-a8f4-4cee-844a-1fb388a9e933@group-A03FB28DED75-SegmentedRaftLog:OPENED:c-1, conf=-1: [e6152946-d0ea-4073-bce7-5683c36ce8c1|rpc:10.1.0.26:45851|priority:0, 0611f638-a8f4-4cee-844a-1fb388a9e933|rpc:10.1.0.26:34987|priority:1, 3e7bdddb-bd7c-4654-a454-885ab84ced57|rpc:10.1.0.26:45011|priority:0], old=null
2021-12-29 13:36:46,766 [3e7bdddb-bd7c-4654-a454-885ab84ced57@group-A03FB28DED75-LeaderElection42] INFO  impl.LeaderElection (LeaderElection.java:logAndReturn(89)) - 3e7bdddb-bd7c-4654-a454-885ab84ced57@group-A03FB28DED75-LeaderElection42: ELECTION REJECTED received 1 response(s) and 0 exception(s):
2021-12-29 13:36:46,766 [3e7bdddb-bd7c-4654-a454-885ab84ced57@group-A03FB28DED75-LeaderElection42] INFO  impl.LeaderElection (LeaderElection.java:logAndReturn(93)) -   Response 0: 3e7bdddb-bd7c-4654-a454-885ab84ced57<-0611f638-a8f4-4cee-844a-1fb388a9e933#0:FAIL-t1
2021-12-29 13:36:46,766 [3e7bdddb-bd7c-4654-a454-885ab84ced57@group-A03FB28DED75-LeaderElection42] INFO  impl.LeaderElection (LeaderElection.java:askForVotes(308)) - 3e7bdddb-bd7c-4654-a454-885ab84ced57@group-A03FB28DED75-LeaderElection42 ELECTION round 0: result REJECTED
2021-12-29 13:36:46,766 [3e7bdddb-bd7c-4654-a454-885ab84ced57@group-A03FB28DED75-LeaderElection42] INFO  server.RaftServer$Division (RaftServerImpl.java:setRole(290)) - 3e7bdddb-bd7c-4654-a454-885ab84ced57@group-A03FB28DED75: changes role from CANDIDATE to FOLLOWER at term 1 for REJECTED
2021-12-29 13:36:46,766 [3e7bdddb-bd7c-4654-a454-885ab84ced57@group-A03FB28DED75-LeaderElection42] INFO  impl.RoleInfo (RoleInfo.java:shutdownLeaderElection(121)) - 3e7bdddb-bd7c-4654-a454-885ab84ced57: shutdown 3e7bdddb-bd7c-4654-a454-885ab84ced57@group-A03FB28DED75-LeaderElection42
2021-12-29 13:36:46,766 [3e7bdddb-bd7c-4654-a454-885ab84ced57@group-A03FB28DED75-LeaderElection42] INFO  impl.RoleInfo (RoleInfo.java:updateAndGet(130)) - 3e7bdddb-bd7c-4654-a454-885ab84ced57: start 3e7bdddb-bd7c-4654-a454-885ab84ced57@group-A03FB28DED75-FollowerState
2021-12-29 13:36:46,791 [grpc-default-executor-0] INFO  server.RaftServer$Division (RaftServerImpl.java:requestVote(1046)) - 3e7bdddb-bd7c-4654-a454-885ab84ced57@group-A03FB28DED75: receive requestVote(ELECTION, 0611f638-a8f4-4cee-844a-1fb388a9e933, group-A03FB28DED75, 1, (t:0, i:0))
2021-12-29 13:36:46,791 [grpc-default-executor-0] INFO  impl.VoteContext (VoteContext.java:log(48)) - 3e7bdddb-bd7c-4654-a454-885ab84ced57@group-A03FB28DED75-FOLLOWER: reject ELECTION from 0611f638-a8f4-4cee-844a-1fb388a9e933: already has voted for 3e7bdddb-bd7c-4654-a454-885ab84ced57 at current term 1
2021-12-29 13:36:46,791 [grpc-default-executor-0] INFO  server.RaftServer$Division (RaftServerImpl.java:requestVote(1078)) - 3e7bdddb-bd7c-4654-a454-885ab84ced57@group-A03FB28DED75 replies to ELECTION vote request: 0611f638-a8f4-4cee-844a-1fb388a9e933<-3e7bdddb-bd7c-4654-a454-885ab84ced57#0:FAIL-t1. Peer's state: 3e7bdddb-bd7c-4654-a454-885ab84ced57@group-A03FB28DED75:t1, leader=null, voted=3e7bdddb-bd7c-4654-a454-885ab84ced57, raftlog=3e7bdddb-bd7c-4654-a454-885ab84ced57@group-A03FB28DED75-SegmentedRaftLog:OPENED:c-1, conf=-1: [e6152946-d0ea-4073-bce7-5683c36ce8c1|rpc:10.1.0.26:45851|dataStream:|priority:0, 0611f638-a8f4-4cee-844a-1fb388a9e933|rpc:10.1.0.26:34987|dataStream:|priority:1, 3e7bdddb-bd7c-4654-a454-885ab84ced57|rpc:10.1.0.26:45011|dataStream:|priority:0], old=null
2021-12-29 13:36:46,815 [grpc-default-executor-1] INFO  server.RaftServer$Division (RaftServerImpl.java:requestVote(1046)) - e6152946-d0ea-4073-bce7-5683c36ce8c1@group-A03FB28DED75: receive requestVote(ELECTION, 3e7bdddb-bd7c-4654-a454-885ab84ced57, group-A03FB28DED75, 1, (t:0, i:0))
2021-12-29 13:36:46,815 [grpc-default-executor-2] INFO  server.RaftServer$Division (RaftServerImpl.java:requestVote(1046)) - e6152946-d0ea-4073-bce7-5683c36ce8c1@group-A03FB28DED75: receive requestVote(ELECTION, 0611f638-a8f4-4cee-844a-1fb388a9e933, group-A03FB28DED75, 1, (t:0, i:0))
2021-12-29 13:36:46,815 [grpc-default-executor-1] INFO  impl.VoteContext (VoteContext.java:log(48)) - e6152946-d0ea-4073-bce7-5683c36ce8c1@group-A03FB28DED75-FOLLOWER: accept ELECTION from 3e7bdddb-bd7c-4654-a454-885ab84ced57: our priority 0 <= candidate's priority 0
2021-12-29 13:36:46,815 [grpc-default-executor-1] INFO  server.RaftServer$Division (RaftServerImpl.java:setRole(290)) - e6152946-d0ea-4073-bce7-5683c36ce8c1@group-A03FB28DED75: changes role from  FOLLOWER to FOLLOWER at term 1 for candidate:3e7bdddb-bd7c-4654-a454-885ab84ced57
2021-12-29 13:36:46,815 [grpc-default-executor-1] INFO  impl.RoleInfo (RoleInfo.java:shutdownFollowerState(108)) - e6152946-d0ea-4073-bce7-5683c36ce8c1: shutdown e6152946-d0ea-4073-bce7-5683c36ce8c1@group-A03FB28DED75-FollowerState
2021-12-29 13:36:46,815 [grpc-default-executor-1] INFO  impl.RoleInfo (RoleInfo.java:updateAndGet(130)) - e6152946-d0ea-4073-bce7-5683c36ce8c1: start e6152946-d0ea-4073-bce7-5683c36ce8c1@group-A03FB28DED75-FollowerState
2021-12-29 13:36:46,815 [e6152946-d0ea-4073-bce7-5683c36ce8c1@group-A03FB28DED75-FollowerState] INFO  impl.FollowerState (FollowerState.java:run(143)) - e6152946-d0ea-4073-bce7-5683c36ce8c1@group-A03FB28DED75-FollowerState was interrupted: {}
java.lang.InterruptedException: sleep interrupted
	at java.lang.Thread.sleep(Native Method)
	at java.lang.Thread.sleep(Thread.java:340)
	at java.util.concurrent.TimeUnit.sleep(TimeUnit.java:386)
	at org.apache.ratis.util.TimeDuration.sleep(TimeDuration.java:324)
	at org.apache.ratis.util.TimeDuration.sleep(TimeDuration.java:309)
	at org.apache.ratis.server.impl.FollowerState.run(FollowerState.java:118)
2021-12-29 13:36:46,824 [grpc-default-executor-1] INFO  server.RaftServer$Division (RaftServerImpl.java:requestVote(1078)) - e6152946-d0ea-4073-bce7-5683c36ce8c1@group-A03FB28DED75 replies to ELECTION vote request: 3e7bdddb-bd7c-4654-a454-885ab84ced57<-e6152946-d0ea-4073-bce7-5683c36ce8c1#0:OK-t1. Peer's state: e6152946-d0ea-4073-bce7-5683c36ce8c1@group-A03FB28DED75:t1, leader=null, voted=3e7bdddb-bd7c-4654-a454-885ab84ced57, raftlog=e6152946-d0ea-4073-bce7-5683c36ce8c1@group-A03FB28DED75-SegmentedRaftLog:OPENED:c-1, conf=-1: [e6152946-d0ea-4073-bce7-5683c36ce8c1|rpc:10.1.0.26:45851|dataStream:|priority:0, 0611f638-a8f4-4cee-844a-1fb388a9e933|rpc:10.1.0.26:34987|dataStream:|priority:1, 3e7bdddb-bd7c-4654-a454-885ab84ced57|rpc:10.1.0.26:45011|dataStream:|priority:0], old=null
2021-12-29 13:36:46,846 [grpc-default-executor-2] INFO  impl.VoteContext (VoteContext.java:log(48)) - e6152946-d0ea-4073-bce7-5683c36ce8c1@group-A03FB28DED75-FOLLOWER: reject ELECTION from 0611f638-a8f4-4cee-844a-1fb388a9e933: already has voted for 3e7bdddb-bd7c-4654-a454-885ab84ced57 at current term 1
2021-12-29 13:36:46,847 [grpc-default-executor-2] INFO  server.RaftServer$Division (RaftServerImpl.java:requestVote(1078)) - e6152946-d0ea-4073-bce7-5683c36ce8c1@group-A03FB28DED75 replies to ELECTION vote request: 0611f638-a8f4-4cee-844a-1fb388a9e933<-e6152946-d0ea-4073-bce7-5683c36ce8c1#0:FAIL-t1. Peer's state: e6152946-d0ea-4073-bce7-5683c36ce8c1@group-A03FB28DED75:t1, leader=null, voted=3e7bdddb-bd7c-4654-a454-885ab84ced57, raftlog=e6152946-d0ea-4073-bce7-5683c36ce8c1@group-A03FB28DED75-SegmentedRaftLog:OPENED:c-1, conf=-1: [e6152946-d0ea-4073-bce7-5683c36ce8c1|rpc:10.1.0.26:45851|dataStream:|priority:0, 0611f638-a8f4-4cee-844a-1fb388a9e933|rpc:10.1.0.26:34987|dataStream:|priority:1, 3e7bdddb-bd7c-4654-a454-885ab84ced57|rpc:10.1.0.26:45011|dataStream:|priority:0], old=null
2021-12-29 13:36:46,848 [0611f638-a8f4-4cee-844a-1fb388a9e933@group-A03FB28DED75-LeaderElection44] INFO  impl.LeaderElection (LeaderElection.java:logAndReturn(89)) - 0611f638-a8f4-4cee-844a-1fb388a9e933@group-A03FB28DED75-LeaderElection44: ELECTION REJECTED received 2 response(s) and 0 exception(s):
2021-12-29 13:36:46,848 [0611f638-a8f4-4cee-844a-1fb388a9e933@group-A03FB28DED75-LeaderElection44] INFO  impl.LeaderElection (LeaderElection.java:logAndReturn(93)) -   Response 0: 0611f638-a8f4-4cee-844a-1fb388a9e933<-e6152946-d0ea-4073-bce7-5683c36ce8c1#0:FAIL-t1
2021-12-29 13:36:46,848 [0611f638-a8f4-4cee-844a-1fb388a9e933@group-A03FB28DED75-LeaderElection44] INFO  impl.LeaderElection (LeaderElection.java:logAndReturn(93)) -   Response 1: 0611f638-a8f4-4cee-844a-1fb388a9e933<-3e7bdddb-bd7c-4654-a454-885ab84ced57#0:FAIL-t1
2021-12-29 13:36:46,848 [0611f638-a8f4-4cee-844a-1fb388a9e933@group-A03FB28DED75-LeaderElection44] INFO  impl.LeaderElection (LeaderElection.java:askForVotes(308)) - 0611f638-a8f4-4cee-844a-1fb388a9e933@group-A03FB28DED75-LeaderElection44 ELECTION round 0: result REJECTED
2021-12-29 13:36:46,849 [0611f638-a8f4-4cee-844a-1fb388a9e933@group-A03FB28DED75-LeaderElection44] INFO  server.RaftServer$Division (RaftServerImpl.java:setRole(290)) - 0611f638-a8f4-4cee-844a-1fb388a9e933@group-A03FB28DED75: changes role from CANDIDATE to FOLLOWER at term 1 for REJECTED
2021-12-29 13:36:46,849 [0611f638-a8f4-4cee-844a-1fb388a9e933@group-A03FB28DED75-LeaderElection44] INFO  impl.RoleInfo (RoleInfo.java:shutdownLeaderElection(121)) - 0611f638-a8f4-4cee-844a-1fb388a9e933: shutdown 0611f638-a8f4-4cee-844a-1fb388a9e933@group-A03FB28DED75-LeaderElection44
2021-12-29 13:36:46,849 [0611f638-a8f4-4cee-844a-1fb388a9e933@group-A03FB28DED75-LeaderElection44] INFO  impl.RoleInfo (RoleInfo.java:updateAndGet(130)) - 0611f638-a8f4-4cee-844a-1fb388a9e933: start 0611f638-a8f4-4cee-844a-1fb388a9e933@group-A03FB28DED75-FollowerState
2021-12-29 13:36:46,890 [0611f638-a8f4-4cee-844a-1fb388a9e933@group-F71E69C7ACE7-FollowerState] INFO  impl.FollowerState (FollowerState.java:run(134)) - 0611f638-a8f4-4cee-844a-1fb388a9e933@group-F71E69C7ACE7-FollowerState: change to CANDIDATE, lastRpcElapsedTime:5067393209ns, electionTimeout:5055ms
2021-12-29 13:36:46,890 [0611f638-a8f4-4cee-844a-1fb388a9e933@group-F71E69C7ACE7-FollowerState] INFO  impl.RoleInfo (RoleInfo.java:shutdownFollowerState(108)) - 0611f638-a8f4-4cee-844a-1fb388a9e933: shutdown 0611f638-a8f4-4cee-844a-1fb388a9e933@group-F71E69C7ACE7-FollowerState
2021-12-29 13:36:46,890 [0611f638-a8f4-4cee-844a-1fb388a9e933@group-F71E69C7ACE7-FollowerState] INFO  server.RaftServer$Division (RaftServerImpl.java:setRole(290)) - 0611f638-a8f4-4cee-844a-1fb388a9e933@group-F71E69C7ACE7: changes role from  FOLLOWER to CANDIDATE at term 0 for changeToCandidate
2021-12-29 13:36:46,890 [0611f638-a8f4-4cee-844a-1fb388a9e933@group-F71E69C7ACE7-FollowerState] INFO  server.RaftServerConfigKeys (ConfUtils.java:logGet(44)) - raft.server.leaderelection.pre-vote = false (custom)
2021-12-29 13:36:46,890 [0611f638-a8f4-4cee-844a-1fb388a9e933@group-F71E69C7ACE7-FollowerState] INFO  impl.RoleInfo (RoleInfo.java:updateAndGet(130)) - 0611f638-a8f4-4cee-844a-1fb388a9e933: start 0611f638-a8f4-4cee-844a-1fb388a9e933@group-F71E69C7ACE7-LeaderElection45
2021-12-29 13:36:46,935 [0611f638-a8f4-4cee-844a-1fb388a9e933@group-F71E69C7ACE7-LeaderElection45] INFO  impl.LeaderElection (LeaderElection.java:askForVotes(306)) - 0611f638-a8f4-4cee-844a-1fb388a9e933@group-F71E69C7ACE7-LeaderElection45 ELECTION round 0: submit vote requests at term 1 for -1: [e6152946-d0ea-4073-bce7-5683c36ce8c1|rpc:10.1.0.26:45851|priority:1, 0611f638-a8f4-4cee-844a-1fb388a9e933|rpc:10.1.0.26:34987|priority:0, 3e7bdddb-bd7c-4654-a454-885ab84ced57|rpc:10.1.0.26:45011|priority:0], old=null
2021-12-29 13:36:46,965 [grpc-default-executor-1] INFO  server.RaftServer$Division (RaftServerImpl.java:requestVote(1046)) - 3e7bdddb-bd7c-4654-a454-885ab84ced57@group-F71E69C7ACE7: receive requestVote(ELECTION, 0611f638-a8f4-4cee-844a-1fb388a9e933, group-F71E69C7ACE7, 1, (t:0, i:0))
2021-12-29 13:36:46,965 [grpc-default-executor-1] INFO  impl.VoteContext (VoteContext.java:log(48)) - 3e7bdddb-bd7c-4654-a454-885ab84ced57@group-F71E69C7ACE7-FOLLOWER: accept ELECTION from 0611f638-a8f4-4cee-844a-1fb388a9e933: our priority 0 <= candidate's priority 0
2021-12-29 13:36:46,965 [grpc-default-executor-1] INFO  server.RaftServer$Division (RaftServerImpl.java:setRole(290)) - 3e7bdddb-bd7c-4654-a454-885ab84ced57@group-F71E69C7ACE7: changes role from  FOLLOWER to FOLLOWER at term 1 for candidate:0611f638-a8f4-4cee-844a-1fb388a9e933
2021-12-29 13:36:46,965 [grpc-default-executor-1] INFO  impl.RoleInfo (RoleInfo.java:shutdownFollowerState(108)) - 3e7bdddb-bd7c-4654-a454-885ab84ced57: shutdown 3e7bdddb-bd7c-4654-a454-885ab84ced57@group-F71E69C7ACE7-FollowerState
2021-12-29 13:36:46,965 [grpc-default-executor-1] INFO  impl.RoleInfo (RoleInfo.java:updateAndGet(130)) - 3e7bdddb-bd7c-4654-a454-885ab84ced57: start 3e7bdddb-bd7c-4654-a454-885ab84ced57@group-F71E69C7ACE7-FollowerState
2021-12-29 13:36:46,965 [3e7bdddb-bd7c-4654-a454-885ab84ced57@group-F71E69C7ACE7-FollowerState] INFO  impl.FollowerState (FollowerState.java:run(143)) - 3e7bdddb-bd7c-4654-a454-885ab84ced57@group-F71E69C7ACE7-FollowerState was interrupted: {}
java.lang.InterruptedException: sleep interrupted
	at java.lang.Thread.sleep(Native Method)
	at java.lang.Thread.sleep(Thread.java:340)
	at java.util.concurrent.TimeUnit.sleep(TimeUnit.java:386)
	at org.apache.ratis.util.TimeDuration.sleep(TimeDuration.java:324)
	at org.apache.ratis.util.TimeDuration.sleep(TimeDuration.java:309)
	at org.apache.ratis.server.impl.FollowerState.run(FollowerState.java:118)
2021-12-29 13:36:46,965 [grpc-default-executor-2] INFO  server.RaftServer$Division (RaftServerImpl.java:requestVote(1046)) - e6152946-d0ea-4073-bce7-5683c36ce8c1@group-F71E69C7ACE7: receive requestVote(ELECTION, 0611f638-a8f4-4cee-844a-1fb388a9e933, group-F71E69C7ACE7, 1, (t:0, i:0))
2021-12-29 13:36:46,965 [grpc-default-executor-2] INFO  impl.VoteContext (VoteContext.java:log(48)) - e6152946-d0ea-4073-bce7-5683c36ce8c1@group-F71E69C7ACE7-FOLLOWER: reject ELECTION from 0611f638-a8f4-4cee-844a-1fb388a9e933: our priority 1 > candidate's priority 0
2021-12-29 13:36:46,965 [grpc-default-executor-2] INFO  server.RaftServer$Division (RaftServerImpl.java:setRole(290)) - e6152946-d0ea-4073-bce7-5683c36ce8c1@group-F71E69C7ACE7: changes role from  FOLLOWER to FOLLOWER at term 1 for candidate:0611f638-a8f4-4cee-844a-1fb388a9e933
2021-12-29 13:36:46,965 [grpc-default-executor-2] INFO  impl.RoleInfo (RoleInfo.java:shutdownFollowerState(108)) - e6152946-d0ea-4073-bce7-5683c36ce8c1: shutdown e6152946-d0ea-4073-bce7-5683c36ce8c1@group-F71E69C7ACE7-FollowerState
2021-12-29 13:36:46,978 [grpc-default-executor-2] INFO  impl.RoleInfo (RoleInfo.java:updateAndGet(130)) - e6152946-d0ea-4073-bce7-5683c36ce8c1: start e6152946-d0ea-4073-bce7-5683c36ce8c1@group-F71E69C7ACE7-FollowerState
2021-12-29 13:36:46,979 [e6152946-d0ea-4073-bce7-5683c36ce8c1@group-F71E69C7ACE7-FollowerState] INFO  impl.FollowerState (FollowerState.java:run(143)) - e6152946-d0ea-4073-bce7-5683c36ce8c1@group-F71E69C7ACE7-FollowerState was interrupted: {}
java.lang.InterruptedException: sleep interrupted
	at java.lang.Thread.sleep(Native Method)
	at java.lang.Thread.sleep(Thread.java:340)
	at java.util.concurrent.TimeUnit.sleep(TimeUnit.java:386)
	at org.apache.ratis.util.TimeDuration.sleep(TimeDuration.java:324)
	at org.apache.ratis.util.TimeDuration.sleep(TimeDuration.java:309)
	at org.apache.ratis.server.impl.FollowerState.run(FollowerState.java:118)
2021-12-29 13:36:46,991 [grpc-default-executor-1] INFO  server.RaftServer$Division (RaftServerImpl.java:requestVote(1078)) - 3e7bdddb-bd7c-4654-a454-885ab84ced57@group-F71E69C7ACE7 replies to ELECTION vote request: 0611f638-a8f4-4cee-844a-1fb388a9e933<-3e7bdddb-bd7c-4654-a454-885ab84ced57#0:OK-t1. Peer's state: 3e7bdddb-bd7c-4654-a454-885ab84ced57@group-F71E69C7ACE7:t1, leader=null, voted=0611f638-a8f4-4cee-844a-1fb388a9e933, raftlog=3e7bdddb-bd7c-4654-a454-885ab84ced57@group-F71E69C7ACE7-SegmentedRaftLog:OPENED:c-1, conf=-1: [e6152946-d0ea-4073-bce7-5683c36ce8c1|rpc:10.1.0.26:45851|dataStream:|priority:1, 0611f638-a8f4-4cee-844a-1fb388a9e933|rpc:10.1.0.26:34987|dataStream:|priority:0, 3e7bdddb-bd7c-4654-a454-885ab84ced57|rpc:10.1.0.26:45011|dataStream:|priority:0], old=null
2021-12-29 13:36:47,003 [grpc-default-executor-2] INFO  server.RaftServer$Division (RaftServerImpl.java:requestVote(1078)) - e6152946-d0ea-4073-bce7-5683c36ce8c1@group-F71E69C7ACE7 replies to ELECTION vote request: 0611f638-a8f4-4cee-844a-1fb388a9e933<-e6152946-d0ea-4073-bce7-5683c36ce8c1#0:FAIL-t1. Peer's state: e6152946-d0ea-4073-bce7-5683c36ce8c1@group-F71E69C7ACE7:t1, leader=null, voted=null, raftlog=e6152946-d0ea-4073-bce7-5683c36ce8c1@group-F71E69C7ACE7-SegmentedRaftLog:OPENED:c-1, conf=-1: [e6152946-d0ea-4073-bce7-5683c36ce8c1|rpc:10.1.0.26:45851|dataStream:|priority:1, 0611f638-a8f4-4cee-844a-1fb388a9e933|rpc:10.1.0.26:34987|dataStream:|priority:0, 3e7bdddb-bd7c-4654-a454-885ab84ced57|rpc:10.1.0.26:45011|dataStream:|priority:0], old=null
2021-12-29 13:36:47,004 [0611f638-a8f4-4cee-844a-1fb388a9e933@group-F71E69C7ACE7-LeaderElection45] INFO  impl.LeaderElection (LeaderElection.java:logAndReturn(89)) - 0611f638-a8f4-4cee-844a-1fb388a9e933@group-F71E69C7ACE7-LeaderElection45: ELECTION REJECTED received 2 response(s) and 0 exception(s):
2021-12-29 13:36:47,004 [0611f638-a8f4-4cee-844a-1fb388a9e933@group-F71E69C7ACE7-LeaderElection45] INFO  impl.LeaderElection (LeaderElection.java:logAndReturn(93)) -   Response 0: 0611f638-a8f4-4cee-844a-1fb388a9e933<-e6152946-d0ea-4073-bce7-5683c36ce8c1#0:FAIL-t1
2021-12-29 13:36:47,004 [0611f638-a8f4-4cee-844a-1fb388a9e933@group-F71E69C7ACE7-LeaderElection45] INFO  impl.LeaderElection (LeaderElection.java:logAndReturn(93)) -   Response 1: 0611f638-a8f4-4cee-844a-1fb388a9e933<-3e7bdddb-bd7c-4654-a454-885ab84ced57#0:OK-t1
2021-12-29 13:36:47,005 [0611f638-a8f4-4cee-844a-1fb388a9e933@group-F71E69C7ACE7-LeaderElection45] INFO  impl.LeaderElection (LeaderElection.java:askForVotes(308)) - 0611f638-a8f4-4cee-844a-1fb388a9e933@group-F71E69C7ACE7-LeaderElection45 ELECTION round 0: result REJECTED
2021-12-29 13:36:47,005 [0611f638-a8f4-4cee-844a-1fb388a9e933@group-F71E69C7ACE7-LeaderElection45] INFO  server.RaftServer$Division (RaftServerImpl.java:setRole(290)) - 0611f638-a8f4-4cee-844a-1fb388a9e933@group-F71E69C7ACE7: changes role from CANDIDATE to FOLLOWER at term 1 for REJECTED
2021-12-29 13:36:47,005 [0611f638-a8f4-4cee-844a-1fb388a9e933@group-F71E69C7ACE7-LeaderElection45] INFO  impl.RoleInfo (RoleInfo.java:shutdownLeaderElection(121)) - 0611f638-a8f4-4cee-844a-1fb388a9e933: shutdown 0611f638-a8f4-4cee-844a-1fb388a9e933@group-F71E69C7ACE7-LeaderElection45
2021-12-29 13:36:47,005 [0611f638-a8f4-4cee-844a-1fb388a9e933@group-F71E69C7ACE7-LeaderElection45] INFO  impl.RoleInfo (RoleInfo.java:updateAndGet(130)) - 0611f638-a8f4-4cee-844a-1fb388a9e933: start 0611f638-a8f4-4cee-844a-1fb388a9e933@group-F71E69C7ACE7-FollowerState
2021-12-29 13:36:47,128 [3e7bdddb-bd7c-4654-a454-885ab84ced57@group-F2CE418F41C4-FollowerState] INFO  impl.FollowerState (FollowerState.java:run(134)) - 3e7bdddb-bd7c-4654-a454-885ab84ced57@group-F2CE418F41C4-FollowerState: change to CANDIDATE, lastRpcElapsedTime:5081327731ns, electionTimeout:5075ms
2021-12-29 13:36:47,129 [3e7bdddb-bd7c-4654-a454-885ab84ced57@group-F2CE418F41C4-FollowerState] INFO  impl.RoleInfo (RoleInfo.java:shutdownFollowerState(108)) - 3e7bdddb-bd7c-4654-a454-885ab84ced57: shutdown 3e7bdddb-bd7c-4654-a454-885ab84ced57@group-F2CE418F41C4-FollowerState
2021-12-29 13:36:47,129 [3e7bdddb-bd7c-4654-a454-885ab84ced57@group-F2CE418F41C4-FollowerState] INFO  server.RaftServer$Division (RaftServerImpl.java:setRole(290)) - 3e7bdddb-bd7c-4654-a454-885ab84ced57@group-F2CE418F41C4: changes role from  FOLLOWER to CANDIDATE at term 0 for changeToCandidate
2021-12-29 13:36:47,129 [3e7bdddb-bd7c-4654-a454-885ab84ced57@group-F2CE418F41C4-FollowerState] INFO  server.RaftServerConfigKeys (ConfUtils.java:logGet(44)) - raft.server.leaderelection.pre-vote = false (custom)
2021-12-29 13:36:47,129 [3e7bdddb-bd7c-4654-a454-885ab84ced57@group-F2CE418F41C4-FollowerState] INFO  impl.RoleInfo (RoleInfo.java:updateAndGet(130)) - 3e7bdddb-bd7c-4654-a454-885ab84ced57: start 3e7bdddb-bd7c-4654-a454-885ab84ced57@group-F2CE418F41C4-LeaderElection46
2021-12-29 13:36:47,163 [3e7bdddb-bd7c-4654-a454-885ab84ced57@group-F2CE418F41C4-LeaderElection46] INFO  impl.LeaderElection (LeaderElection.java:askForVotes(306)) - 3e7bdddb-bd7c-4654-a454-885ab84ced57@group-F2CE418F41C4-LeaderElection46 ELECTION round 0: submit vote requests at term 1 for -1: [3e7bdddb-bd7c-4654-a454-885ab84ced57|rpc:10.1.0.26:45011|priority:1], old=null
2021-12-29 13:36:47,163 [3e7bdddb-bd7c-4654-a454-885ab84ced57@group-F2CE418F41C4-LeaderElection46] INFO  impl.LeaderElection (LeaderElection.java:askForVotes(308)) - 3e7bdddb-bd7c-4654-a454-885ab84ced57@group-F2CE418F41C4-LeaderElection46 ELECTION round 0: result PASSED (term=1)
2021-12-29 13:36:47,163 [3e7bdddb-bd7c-4654-a454-885ab84ced57@group-F2CE418F41C4-LeaderElection46] INFO  impl.RoleInfo (RoleInfo.java:shutdownLeaderElection(121)) - 3e7bdddb-bd7c-4654-a454-885ab84ced57: shutdown 3e7bdddb-bd7c-4654-a454-885ab84ced57@group-F2CE418F41C4-LeaderElection46
2021-12-29 13:36:47,165 [3e7bdddb-bd7c-4654-a454-885ab84ced57@group-F2CE418F41C4-LeaderElection46] INFO  server.RaftServer$Division (RaftServerImpl.java:setRole(290)) - 3e7bdddb-bd7c-4654-a454-885ab84ced57@group-F2CE418F41C4: changes role from CANDIDATE to LEADER at term 1 for changeToLeader
2021-12-29 13:36:47,165 [3e7bdddb-bd7c-4654-a454-885ab84ced57@group-F2CE418F41C4-LeaderElection46] INFO  ratis.XceiverServerRatis (XceiverServerRatis.java:handleLeaderChangedNotification(866)) - Leader change notification received for group: group-F2CE418F41C4 with new leaderId: 3e7bdddb-bd7c-4654-a454-885ab84ced57
2021-12-29 13:36:47,165 [3e7bdddb-bd7c-4654-a454-885ab84ced57@group-F2CE418F41C4-LeaderElection46] INFO  server.RaftServer$Division (ServerState.java:setLeader(285)) - 3e7bdddb-bd7c-4654-a454-885ab84ced57@group-F2CE418F41C4: change Leader from null to 3e7bdddb-bd7c-4654-a454-885ab84ced57 at term 1 for becomeLeader, leader elected after 5164ms
2021-12-29 13:36:47,166 [3e7bdddb-bd7c-4654-a454-885ab84ced57@group-F2CE418F41C4-LeaderElection46] INFO  server.RaftServerConfigKeys (ConfUtils.java:logGet(44)) - raft.server.staging.catchup.gap = 1000 (default)
2021-12-29 13:36:47,166 [EventQueue-OpenPipelineForHealthyPipelineSafeModeRule] INFO  safemode.SCMSafeModeManager (HealthyPipelineSafeModeRule.java:process(124)) - SCM in safe mode. Healthy pipelines reported count is 0, required healthy pipeline reported count is 1
2021-12-29 13:36:47,171 [3e7bdddb-bd7c-4654-a454-885ab84ced57@group-F2CE418F41C4-LeaderElection46] INFO  server.RaftServerConfigKeys (ConfUtils.java:logGet(44)) - raft.server.write.element-limit = 1024 (custom)
2021-12-29 13:36:47,171 [3e7bdddb-bd7c-4654-a454-885ab84ced57@group-F2CE418F41C4-LeaderElection46] INFO  server.RaftServerConfigKeys (ConfUtils.java:logGet(44)) - raft.server.write.byte-limit = 1024 M (=1073741824) (custom)
2021-12-29 13:36:47,171 [3e7bdddb-bd7c-4654-a454-885ab84ced57@group-F2CE418F41C4-LeaderElection46] INFO  server.RaftServerConfigKeys (ConfUtils.java:logGet(44)) - raft.server.watch.timeout = 180s (custom)
2021-12-29 13:36:47,171 [3e7bdddb-bd7c-4654-a454-885ab84ced57@group-F2CE418F41C4-LeaderElection46] INFO  server.RaftServerConfigKeys (ConfUtils.java:logGet(44)) - raft.server.watch.timeout.denomination = 1s (default)
2021-12-29 13:36:47,171 [3e7bdddb-bd7c-4654-a454-885ab84ced57@group-F2CE418F41C4-LeaderElection46] INFO  server.RaftServerConfigKeys (ConfUtils.java:logGet(44)) - raft.server.watch.element-limit = 65536 (default)
2021-12-29 13:36:47,171 [3e7bdddb-bd7c-4654-a454-885ab84ced57@group-F2CE418F41C4-LeaderElection46] INFO  server.RaftServerConfigKeys (ConfUtils.java:logGet(44)) - raft.server.write.element-limit = 1024 (custom)
2021-12-29 13:36:47,171 [3e7bdddb-bd7c-4654-a454-885ab84ced57@group-F2CE418F41C4-LeaderElection46] INFO  server.RaftServerConfigKeys (ConfUtils.java:logGet(44)) - raft.server.write.follower.gap.ratio.max = -1.0 (default)
2021-12-29 13:36:47,171 [3e7bdddb-bd7c-4654-a454-885ab84ced57@group-F2CE418F41C4-LeaderElection46] INFO  impl.RoleInfo (RoleInfo.java:updateAndGet(130)) - 3e7bdddb-bd7c-4654-a454-885ab84ced57: start 3e7bdddb-bd7c-4654-a454-885ab84ced57@group-F2CE418F41C4-LeaderStateImpl
2021-12-29 13:36:47,172 [3e7bdddb-bd7c-4654-a454-885ab84ced57@group-F2CE418F41C4-LeaderElection46] INFO  segmented.SegmentedRaftLogWorker (SegmentedRaftLogWorker.java:startLogSegment(394)) - 3e7bdddb-bd7c-4654-a454-885ab84ced57@group-F2CE418F41C4-SegmentedRaftLogWorker: Starting segment from index:0
2021-12-29 13:36:47,173 [3e7bdddb-bd7c-4654-a454-885ab84ced57@group-F2CE418F41C4-SegmentedRaftLogWorker] INFO  segmented.SegmentedRaftLogWorker (SegmentedRaftLogWorker.java:execute(601)) - 3e7bdddb-bd7c-4654-a454-885ab84ced57@group-F2CE418F41C4-SegmentedRaftLogWorker: created new log segment /home/runner/work/ozone/ozone/hadoop-ozone/integration-test/target/test-dir/MiniOzoneClusterImpl-aadba4d7-ee9c-4873-8a56-559a23ee9528/datanode-1/data/ratis/ea62ff87-eec8-4619-96aa-f2ce418f41c4/current/log_inprogress_0
2021-12-29 13:36:47,190 [3e7bdddb-bd7c-4654-a454-885ab84ced57@group-F2CE418F41C4-LeaderElection46] INFO  server.RaftServer$Division (ServerState.java:setRaftConf(387)) - 3e7bdddb-bd7c-4654-a454-885ab84ced57@group-F2CE418F41C4: set configuration 0: [3e7bdddb-bd7c-4654-a454-885ab84ced57|rpc:10.1.0.26:45011|dataStream:|priority:1], old=null
2021-12-29 13:36:47,357 [Listener at 127.0.0.1/42909] INFO  ozone.MiniOzoneClusterImpl (MiniOzoneClusterImpl.java:lambda$waitForClusterToBeReady$0(235)) - Nodes are ready. Got 3 of 3 DN Heartbeats.
2021-12-29 13:36:47,357 [Listener at 127.0.0.1/42909] INFO  ozone.MiniOzoneClusterImpl (MiniOzoneClusterImpl.java:lambda$waitForClusterToBeReady$0(238)) - Waiting for cluster to exit safe mode
2021-12-29 13:36:47,358 [Listener at 127.0.0.1/42909] INFO  ozone.MiniOzoneClusterImpl (MiniOzoneClusterImpl.java:lambda$waitForClusterToBeReady$0(240)) - SCM became leader
2021-12-29 13:36:47,435 [e6152946-d0ea-4073-bce7-5683c36ce8c1@group-04125F741A9E-FollowerState] INFO  impl.FollowerState (FollowerState.java:run(134)) - e6152946-d0ea-4073-bce7-5683c36ce8c1@group-04125F741A9E-FollowerState: change to CANDIDATE, lastRpcElapsedTime:5030491579ns, electionTimeout:5015ms
2021-12-29 13:36:47,435 [e6152946-d0ea-4073-bce7-5683c36ce8c1@group-04125F741A9E-FollowerState] INFO  impl.RoleInfo (RoleInfo.java:shutdownFollowerState(108)) - e6152946-d0ea-4073-bce7-5683c36ce8c1: shutdown e6152946-d0ea-4073-bce7-5683c36ce8c1@group-04125F741A9E-FollowerState
2021-12-29 13:36:47,435 [e6152946-d0ea-4073-bce7-5683c36ce8c1@group-04125F741A9E-FollowerState] INFO  server.RaftServer$Division (RaftServerImpl.java:setRole(290)) - e6152946-d0ea-4073-bce7-5683c36ce8c1@group-04125F741A9E: changes role from  FOLLOWER to CANDIDATE at term 0 for changeToCandidate
2021-12-29 13:36:47,435 [e6152946-d0ea-4073-bce7-5683c36ce8c1@group-04125F741A9E-FollowerState] INFO  server.RaftServerConfigKeys (ConfUtils.java:logGet(44)) - raft.server.leaderelection.pre-vote = false (custom)
2021-12-29 13:36:47,435 [e6152946-d0ea-4073-bce7-5683c36ce8c1@group-04125F741A9E-FollowerState] INFO  impl.RoleInfo (RoleInfo.java:updateAndGet(130)) - e6152946-d0ea-4073-bce7-5683c36ce8c1: start e6152946-d0ea-4073-bce7-5683c36ce8c1@group-04125F741A9E-LeaderElection47
2021-12-29 13:36:47,482 [e6152946-d0ea-4073-bce7-5683c36ce8c1@group-04125F741A9E-LeaderElection47] INFO  impl.LeaderElection (LeaderElection.java:askForVotes(306)) - e6152946-d0ea-4073-bce7-5683c36ce8c1@group-04125F741A9E-LeaderElection47 ELECTION round 0: submit vote requests at term 1 for -1: [e6152946-d0ea-4073-bce7-5683c36ce8c1|rpc:10.1.0.26:45851|priority:1], old=null
2021-12-29 13:36:47,483 [e6152946-d0ea-4073-bce7-5683c36ce8c1@group-04125F741A9E-LeaderElection47] INFO  impl.LeaderElection (LeaderElection.java:askForVotes(308)) - e6152946-d0ea-4073-bce7-5683c36ce8c1@group-04125F741A9E-LeaderElection47 ELECTION round 0: result PASSED (term=1)
2021-12-29 13:36:47,483 [e6152946-d0ea-4073-bce7-5683c36ce8c1@group-04125F741A9E-LeaderElection47] INFO  impl.RoleInfo (RoleInfo.java:shutdownLeaderElection(121)) - e6152946-d0ea-4073-bce7-5683c36ce8c1: shutdown e6152946-d0ea-4073-bce7-5683c36ce8c1@group-04125F741A9E-LeaderElection47
2021-12-29 13:36:47,483 [e6152946-d0ea-4073-bce7-5683c36ce8c1@group-04125F741A9E-LeaderElection47] INFO  server.RaftServer$Division (RaftServerImpl.java:setRole(290)) - e6152946-d0ea-4073-bce7-5683c36ce8c1@group-04125F741A9E: changes role from CANDIDATE to LEADER at term 1 for changeToLeader
2021-12-29 13:36:47,483 [e6152946-d0ea-4073-bce7-5683c36ce8c1@group-04125F741A9E-LeaderElection47] INFO  ratis.XceiverServerRatis (XceiverServerRatis.java:handleLeaderChangedNotification(866)) - Leader change notification received for group: group-04125F741A9E with new leaderId: e6152946-d0ea-4073-bce7-5683c36ce8c1
2021-12-29 13:36:47,483 [e6152946-d0ea-4073-bce7-5683c36ce8c1@group-04125F741A9E-LeaderElection47] INFO  server.RaftServer$Division (ServerState.java:setLeader(285)) - e6152946-d0ea-4073-bce7-5683c36ce8c1@group-04125F741A9E: change Leader from null to e6152946-d0ea-4073-bce7-5683c36ce8c1 at term 1 for becomeLeader, leader elected after 5093ms
2021-12-29 13:36:47,483 [e6152946-d0ea-4073-bce7-5683c36ce8c1@group-04125F741A9E-LeaderElection47] INFO  server.RaftServerConfigKeys (ConfUtils.java:logGet(44)) - raft.server.staging.catchup.gap = 1000 (default)
2021-12-29 13:36:47,484 [EventQueue-OpenPipelineForHealthyPipelineSafeModeRule] INFO  safemode.SCMSafeModeManager (HealthyPipelineSafeModeRule.java:process(124)) - SCM in safe mode. Healthy pipelines reported count is 0, required healthy pipeline reported count is 1
2021-12-29 13:36:47,484 [e6152946-d0ea-4073-bce7-5683c36ce8c1@group-04125F741A9E-LeaderElection47] INFO  server.RaftServerConfigKeys (ConfUtils.java:logGet(44)) - raft.server.write.element-limit = 1024 (custom)
2021-12-29 13:36:47,484 [e6152946-d0ea-4073-bce7-5683c36ce8c1@group-04125F741A9E-LeaderElection47] INFO  server.RaftServerConfigKeys (ConfUtils.java:logGet(44)) - raft.server.write.byte-limit = 1024 M (=1073741824) (custom)
2021-12-29 13:36:47,484 [e6152946-d0ea-4073-bce7-5683c36ce8c1@group-04125F741A9E-LeaderElection47] INFO  server.RaftServerConfigKeys (ConfUtils.java:logGet(44)) - raft.server.watch.timeout = 180s (custom)
2021-12-29 13:36:47,484 [e6152946-d0ea-4073-bce7-5683c36ce8c1@group-04125F741A9E-LeaderElection47] INFO  server.RaftServerConfigKeys (ConfUtils.java:logGet(44)) - raft.server.watch.timeout.denomination = 1s (default)
2021-12-29 13:36:47,484 [e6152946-d0ea-4073-bce7-5683c36ce8c1@group-04125F741A9E-LeaderElection47] INFO  server.RaftServerConfigKeys (ConfUtils.java:logGet(44)) - raft.server.watch.element-limit = 65536 (default)
2021-12-29 13:36:47,484 [e6152946-d0ea-4073-bce7-5683c36ce8c1@group-04125F741A9E-LeaderElection47] INFO  server.RaftServerConfigKeys (ConfUtils.java:logGet(44)) - raft.server.write.element-limit = 1024 (custom)
2021-12-29 13:36:47,485 [e6152946-d0ea-4073-bce7-5683c36ce8c1@group-04125F741A9E-LeaderElection47] INFO  server.RaftServerConfigKeys (ConfUtils.java:logGet(44)) - raft.server.write.follower.gap.ratio.max = -1.0 (default)
2021-12-29 13:36:47,485 [e6152946-d0ea-4073-bce7-5683c36ce8c1@group-04125F741A9E-LeaderElection47] INFO  impl.RoleInfo (RoleInfo.java:updateAndGet(130)) - e6152946-d0ea-4073-bce7-5683c36ce8c1: start e6152946-d0ea-4073-bce7-5683c36ce8c1@group-04125F741A9E-LeaderStateImpl
2021-12-29 13:36:47,485 [e6152946-d0ea-4073-bce7-5683c36ce8c1@group-04125F741A9E-LeaderElection47] INFO  segmented.SegmentedRaftLogWorker (SegmentedRaftLogWorker.java:startLogSegment(394)) - e6152946-d0ea-4073-bce7-5683c36ce8c1@group-04125F741A9E-SegmentedRaftLogWorker: Starting segment from index:0
2021-12-29 13:36:47,490 [e6152946-d0ea-4073-bce7-5683c36ce8c1@group-04125F741A9E-SegmentedRaftLogWorker] INFO  segmented.SegmentedRaftLogWorker (SegmentedRaftLogWorker.java:execute(601)) - e6152946-d0ea-4073-bce7-5683c36ce8c1@group-04125F741A9E-SegmentedRaftLogWorker: created new log segment /home/runner/work/ozone/ozone/hadoop-ozone/integration-test/target/test-dir/MiniOzoneClusterImpl-aadba4d7-ee9c-4873-8a56-559a23ee9528/datanode-2/data/ratis/edfaca5b-e151-47b3-ba26-04125f741a9e/current/log_inprogress_0
2021-12-29 13:36:47,502 [e6152946-d0ea-4073-bce7-5683c36ce8c1@group-04125F741A9E-LeaderElection47] INFO  server.RaftServer$Division (ServerState.java:setRaftConf(387)) - e6152946-d0ea-4073-bce7-5683c36ce8c1@group-04125F741A9E: set configuration 0: [e6152946-d0ea-4073-bce7-5683c36ce8c1|rpc:10.1.0.26:45851|dataStream:|priority:1], old=null
2021-12-29 13:36:48,358 [Listener at 127.0.0.1/42909] INFO  ozone.MiniOzoneClusterImpl (MiniOzoneClusterImpl.java:lambda$waitForClusterToBeReady$0(235)) - Nodes are ready. Got 3 of 3 DN Heartbeats.
2021-12-29 13:36:48,358 [Listener at 127.0.0.1/42909] INFO  ozone.MiniOzoneClusterImpl (MiniOzoneClusterImpl.java:lambda$waitForClusterToBeReady$0(238)) - Waiting for cluster to exit safe mode
2021-12-29 13:36:48,358 [Listener at 127.0.0.1/42909] INFO  ozone.MiniOzoneClusterImpl (MiniOzoneClusterImpl.java:lambda$waitForClusterToBeReady$0(240)) - SCM became leader
2021-12-29 13:36:49,358 [Listener at 127.0.0.1/42909] INFO  ozone.MiniOzoneClusterImpl (MiniOzoneClusterImpl.java:lambda$waitForClusterToBeReady$0(235)) - Nodes are ready. Got 3 of 3 DN Heartbeats.
2021-12-29 13:36:49,359 [Listener at 127.0.0.1/42909] INFO  ozone.MiniOzoneClusterImpl (MiniOzoneClusterImpl.java:lambda$waitForClusterToBeReady$0(238)) - Waiting for cluster to exit safe mode
2021-12-29 13:36:49,359 [Listener at 127.0.0.1/42909] INFO  ozone.MiniOzoneClusterImpl (MiniOzoneClusterImpl.java:lambda$waitForClusterToBeReady$0(240)) - SCM became leader
2021-12-29 13:36:50,359 [Listener at 127.0.0.1/42909] INFO  ozone.MiniOzoneClusterImpl (MiniOzoneClusterImpl.java:lambda$waitForClusterToBeReady$0(235)) - Nodes are ready. Got 3 of 3 DN Heartbeats.
2021-12-29 13:36:50,359 [Listener at 127.0.0.1/42909] INFO  ozone.MiniOzoneClusterImpl (MiniOzoneClusterImpl.java:lambda$waitForClusterToBeReady$0(238)) - Waiting for cluster to exit safe mode
2021-12-29 13:36:50,359 [Listener at 127.0.0.1/42909] INFO  ozone.MiniOzoneClusterImpl (MiniOzoneClusterImpl.java:lambda$waitForClusterToBeReady$0(240)) - SCM became leader
2021-12-29 13:36:51,360 [Listener at 127.0.0.1/42909] INFO  ozone.MiniOzoneClusterImpl (MiniOzoneClusterImpl.java:lambda$waitForClusterToBeReady$0(235)) - Nodes are ready. Got 3 of 3 DN Heartbeats.
2021-12-29 13:36:51,360 [Listener at 127.0.0.1/42909] INFO  ozone.MiniOzoneClusterImpl (MiniOzoneClusterImpl.java:lambda$waitForClusterToBeReady$0(238)) - Waiting for cluster to exit safe mode
2021-12-29 13:36:51,360 [Listener at 127.0.0.1/42909] INFO  ozone.MiniOzoneClusterImpl (MiniOzoneClusterImpl.java:lambda$waitForClusterToBeReady$0(240)) - SCM became leader
2021-12-29 13:36:51,897 [3e7bdddb-bd7c-4654-a454-885ab84ced57@group-A03FB28DED75-FollowerState] INFO  impl.FollowerState (FollowerState.java:run(134)) - 3e7bdddb-bd7c-4654-a454-885ab84ced57@group-A03FB28DED75-FollowerState: change to CANDIDATE, lastRpcElapsedTime:5131394433ns, electionTimeout:5125ms
2021-12-29 13:36:51,897 [3e7bdddb-bd7c-4654-a454-885ab84ced57@group-A03FB28DED75-FollowerState] INFO  impl.RoleInfo (RoleInfo.java:shutdownFollowerState(108)) - 3e7bdddb-bd7c-4654-a454-885ab84ced57: shutdown 3e7bdddb-bd7c-4654-a454-885ab84ced57@group-A03FB28DED75-FollowerState
2021-12-29 13:36:51,898 [3e7bdddb-bd7c-4654-a454-885ab84ced57@group-A03FB28DED75-FollowerState] INFO  server.RaftServer$Division (RaftServerImpl.java:setRole(290)) - 3e7bdddb-bd7c-4654-a454-885ab84ced57@group-A03FB28DED75: changes role from  FOLLOWER to CANDIDATE at term 1 for changeToCandidate
2021-12-29 13:36:51,898 [3e7bdddb-bd7c-4654-a454-885ab84ced57@group-A03FB28DED75-FollowerState] INFO  server.RaftServerConfigKeys (ConfUtils.java:logGet(44)) - raft.server.leaderelection.pre-vote = false (custom)
2021-12-29 13:36:51,898 [3e7bdddb-bd7c-4654-a454-885ab84ced57@group-A03FB28DED75-FollowerState] INFO  impl.RoleInfo (RoleInfo.java:updateAndGet(130)) - 3e7bdddb-bd7c-4654-a454-885ab84ced57: start 3e7bdddb-bd7c-4654-a454-885ab84ced57@group-A03FB28DED75-LeaderElection48
2021-12-29 13:36:51,937 [3e7bdddb-bd7c-4654-a454-885ab84ced57@group-A03FB28DED75-LeaderElection48] INFO  impl.LeaderElection (LeaderElection.java:askForVotes(306)) - 3e7bdddb-bd7c-4654-a454-885ab84ced57@group-A03FB28DED75-LeaderElection48 ELECTION round 0: submit vote requests at term 2 for -1: [e6152946-d0ea-4073-bce7-5683c36ce8c1|rpc:10.1.0.26:45851|dataStream:|priority:0, 0611f638-a8f4-4cee-844a-1fb388a9e933|rpc:10.1.0.26:34987|dataStream:|priority:1, 3e7bdddb-bd7c-4654-a454-885ab84ced57|rpc:10.1.0.26:45011|dataStream:|priority:0], old=null
2021-12-29 13:36:51,964 [grpc-default-executor-2] INFO  server.RaftServer$Division (RaftServerImpl.java:requestVote(1046)) - e6152946-d0ea-4073-bce7-5683c36ce8c1@group-A03FB28DED75: receive requestVote(ELECTION, 3e7bdddb-bd7c-4654-a454-885ab84ced57, group-A03FB28DED75, 2, (t:0, i:0))
2021-12-29 13:36:51,964 [grpc-default-executor-2] INFO  impl.VoteContext (VoteContext.java:log(48)) - e6152946-d0ea-4073-bce7-5683c36ce8c1@group-A03FB28DED75-FOLLOWER: accept ELECTION from 3e7bdddb-bd7c-4654-a454-885ab84ced57: our priority 0 <= candidate's priority 0
2021-12-29 13:36:51,964 [grpc-default-executor-2] INFO  server.RaftServer$Division (RaftServerImpl.java:setRole(290)) - e6152946-d0ea-4073-bce7-5683c36ce8c1@group-A03FB28DED75: changes role from  FOLLOWER to FOLLOWER at term 2 for candidate:3e7bdddb-bd7c-4654-a454-885ab84ced57
2021-12-29 13:36:51,964 [grpc-default-executor-2] INFO  impl.RoleInfo (RoleInfo.java:shutdownFollowerState(108)) - e6152946-d0ea-4073-bce7-5683c36ce8c1: shutdown e6152946-d0ea-4073-bce7-5683c36ce8c1@group-A03FB28DED75-FollowerState
2021-12-29 13:36:51,964 [grpc-default-executor-2] INFO  impl.RoleInfo (RoleInfo.java:updateAndGet(130)) - e6152946-d0ea-4073-bce7-5683c36ce8c1: start e6152946-d0ea-4073-bce7-5683c36ce8c1@group-A03FB28DED75-FollowerState
2021-12-29 13:36:51,965 [e6152946-d0ea-4073-bce7-5683c36ce8c1@group-A03FB28DED75-FollowerState] INFO  impl.FollowerState (FollowerState.java:run(143)) - e6152946-d0ea-4073-bce7-5683c36ce8c1@group-A03FB28DED75-FollowerState was interrupted: {}
java.lang.InterruptedException: sleep interrupted
	at java.lang.Thread.sleep(Native Method)
	at java.lang.Thread.sleep(Thread.java:340)
	at java.util.concurrent.TimeUnit.sleep(TimeUnit.java:386)
	at org.apache.ratis.util.TimeDuration.sleep(TimeDuration.java:324)
	at org.apache.ratis.util.TimeDuration.sleep(TimeDuration.java:309)
	at org.apache.ratis.server.impl.FollowerState.run(FollowerState.java:118)
2021-12-29 13:36:51,966 [grpc-default-executor-2] INFO  server.RaftServer$Division (RaftServerImpl.java:requestVote(1078)) - e6152946-d0ea-4073-bce7-5683c36ce8c1@group-A03FB28DED75 replies to ELECTION vote request: 3e7bdddb-bd7c-4654-a454-885ab84ced57<-e6152946-d0ea-4073-bce7-5683c36ce8c1#0:OK-t2. Peer's state: e6152946-d0ea-4073-bce7-5683c36ce8c1@group-A03FB28DED75:t2, leader=null, voted=3e7bdddb-bd7c-4654-a454-885ab84ced57, raftlog=e6152946-d0ea-4073-bce7-5683c36ce8c1@group-A03FB28DED75-SegmentedRaftLog:OPENED:c-1, conf=-1: [e6152946-d0ea-4073-bce7-5683c36ce8c1|rpc:10.1.0.26:45851|dataStream:|priority:0, 0611f638-a8f4-4cee-844a-1fb388a9e933|rpc:10.1.0.26:34987|dataStream:|priority:1, 3e7bdddb-bd7c-4654-a454-885ab84ced57|rpc:10.1.0.26:45011|dataStream:|priority:0], old=null
2021-12-29 13:36:52,004 [grpc-default-executor-1] INFO  server.RaftServer$Division (RaftServerImpl.java:requestVote(1046)) - 0611f638-a8f4-4cee-844a-1fb388a9e933@group-A03FB28DED75: receive requestVote(ELECTION, 3e7bdddb-bd7c-4654-a454-885ab84ced57, group-A03FB28DED75, 2, (t:0, i:0))
2021-12-29 13:36:52,004 [grpc-default-executor-1] INFO  impl.VoteContext (VoteContext.java:log(48)) - 0611f638-a8f4-4cee-844a-1fb388a9e933@group-A03FB28DED75-FOLLOWER: reject ELECTION from 3e7bdddb-bd7c-4654-a454-885ab84ced57: our priority 1 > candidate's priority 0
2021-12-29 13:36:52,004 [grpc-default-executor-1] INFO  server.RaftServer$Division (RaftServerImpl.java:setRole(290)) - 0611f638-a8f4-4cee-844a-1fb388a9e933@group-A03FB28DED75: changes role from  FOLLOWER to FOLLOWER at term 2 for candidate:3e7bdddb-bd7c-4654-a454-885ab84ced57
2021-12-29 13:36:52,004 [grpc-default-executor-1] INFO  impl.RoleInfo (RoleInfo.java:shutdownFollowerState(108)) - 0611f638-a8f4-4cee-844a-1fb388a9e933: shutdown 0611f638-a8f4-4cee-844a-1fb388a9e933@group-A03FB28DED75-FollowerState
2021-12-29 13:36:52,004 [grpc-default-executor-1] INFO  impl.RoleInfo (RoleInfo.java:updateAndGet(130)) - 0611f638-a8f4-4cee-844a-1fb388a9e933: start 0611f638-a8f4-4cee-844a-1fb388a9e933@group-A03FB28DED75-FollowerState
2021-12-29 13:36:52,004 [0611f638-a8f4-4cee-844a-1fb388a9e933@group-A03FB28DED75-FollowerState] INFO  impl.FollowerState (FollowerState.java:run(143)) - 0611f638-a8f4-4cee-844a-1fb388a9e933@group-A03FB28DED75-FollowerState was interrupted: {}
java.lang.InterruptedException: sleep interrupted
	at java.lang.Thread.sleep(Native Method)
	at java.lang.Thread.sleep(Thread.java:340)
	at java.util.concurrent.TimeUnit.sleep(TimeUnit.java:386)
	at org.apache.ratis.util.TimeDuration.sleep(TimeDuration.java:324)
	at org.apache.ratis.util.TimeDuration.sleep(TimeDuration.java:309)
	at org.apache.ratis.server.impl.FollowerState.run(FollowerState.java:118)
2021-12-29 13:36:52,019 [grpc-default-executor-1] INFO  server.RaftServer$Division (RaftServerImpl.java:requestVote(1078)) - 0611f638-a8f4-4cee-844a-1fb388a9e933@group-A03FB28DED75 replies to ELECTION vote request: 3e7bdddb-bd7c-4654-a454-885ab84ced57<-0611f638-a8f4-4cee-844a-1fb388a9e933#0:FAIL-t2. Peer's state: 0611f638-a8f4-4cee-844a-1fb388a9e933@group-A03FB28DED75:t2, leader=null, voted=null, raftlog=0611f638-a8f4-4cee-844a-1fb388a9e933@group-A03FB28DED75-SegmentedRaftLog:OPENED:c-1, conf=-1: [e6152946-d0ea-4073-bce7-5683c36ce8c1|rpc:10.1.0.26:45851|priority:0, 0611f638-a8f4-4cee-844a-1fb388a9e933|rpc:10.1.0.26:34987|priority:1, 3e7bdddb-bd7c-4654-a454-885ab84ced57|rpc:10.1.0.26:45011|priority:0], old=null
2021-12-29 13:36:52,020 [3e7bdddb-bd7c-4654-a454-885ab84ced57@group-A03FB28DED75-LeaderElection48] INFO  impl.LeaderElection (LeaderElection.java:logAndReturn(89)) - 3e7bdddb-bd7c-4654-a454-885ab84ced57@group-A03FB28DED75-LeaderElection48: ELECTION REJECTED received 2 response(s) and 0 exception(s):
2021-12-29 13:36:52,020 [3e7bdddb-bd7c-4654-a454-885ab84ced57@group-A03FB28DED75-LeaderElection48] INFO  impl.LeaderElection (LeaderElection.java:logAndReturn(93)) -   Response 0: 3e7bdddb-bd7c-4654-a454-885ab84ced57<-e6152946-d0ea-4073-bce7-5683c36ce8c1#0:OK-t2
2021-12-29 13:36:52,020 [3e7bdddb-bd7c-4654-a454-885ab84ced57@group-A03FB28DED75-LeaderElection48] INFO  impl.LeaderElection (LeaderElection.java:logAndReturn(93)) -   Response 1: 3e7bdddb-bd7c-4654-a454-885ab84ced57<-0611f638-a8f4-4cee-844a-1fb388a9e933#0:FAIL-t2
2021-12-29 13:36:52,020 [3e7bdddb-bd7c-4654-a454-885ab84ced57@group-A03FB28DED75-LeaderElection48] INFO  impl.LeaderElection (LeaderElection.java:askForVotes(308)) - 3e7bdddb-bd7c-4654-a454-885ab84ced57@group-A03FB28DED75-LeaderElection48 ELECTION round 0: result REJECTED
2021-12-29 13:36:52,020 [3e7bdddb-bd7c-4654-a454-885ab84ced57@group-A03FB28DED75-LeaderElection48] INFO  server.RaftServer$Division (RaftServerImpl.java:setRole(290)) - 3e7bdddb-bd7c-4654-a454-885ab84ced57@group-A03FB28DED75: changes role from CANDIDATE to FOLLOWER at term 2 for REJECTED
2021-12-29 13:36:52,020 [3e7bdddb-bd7c-4654-a454-885ab84ced57@group-A03FB28DED75-LeaderElection48] INFO  impl.RoleInfo (RoleInfo.java:shutdownLeaderElection(121)) - 3e7bdddb-bd7c-4654-a454-885ab84ced57: shutdown 3e7bdddb-bd7c-4654-a454-885ab84ced57@group-A03FB28DED75-LeaderElection48
2021-12-29 13:36:52,020 [3e7bdddb-bd7c-4654-a454-885ab84ced57@group-A03FB28DED75-LeaderElection48] INFO  impl.RoleInfo (RoleInfo.java:updateAndGet(130)) - 3e7bdddb-bd7c-4654-a454-885ab84ced57: start 3e7bdddb-bd7c-4654-a454-885ab84ced57@group-A03FB28DED75-FollowerState
2021-12-29 13:36:52,068 [e6152946-d0ea-4073-bce7-5683c36ce8c1@group-F71E69C7ACE7-FollowerState] INFO  impl.FollowerState (FollowerState.java:run(134)) - e6152946-d0ea-4073-bce7-5683c36ce8c1@group-F71E69C7ACE7-FollowerState: change to CANDIDATE, lastRpcElapsedTime:5089998867ns, electionTimeout:5066ms
2021-12-29 13:36:52,069 [e6152946-d0ea-4073-bce7-5683c36ce8c1@group-F71E69C7ACE7-FollowerState] INFO  impl.RoleInfo (RoleInfo.java:shutdownFollowerState(108)) - e6152946-d0ea-4073-bce7-5683c36ce8c1: shutdown e6152946-d0ea-4073-bce7-5683c36ce8c1@group-F71E69C7ACE7-FollowerState
2021-12-29 13:36:52,069 [e6152946-d0ea-4073-bce7-5683c36ce8c1@group-F71E69C7ACE7-FollowerState] INFO  server.RaftServer$Division (RaftServerImpl.java:setRole(290)) - e6152946-d0ea-4073-bce7-5683c36ce8c1@group-F71E69C7ACE7: changes role from  FOLLOWER to CANDIDATE at term 1 for changeToCandidate
2021-12-29 13:36:52,069 [e6152946-d0ea-4073-bce7-5683c36ce8c1@group-F71E69C7ACE7-FollowerState] INFO  server.RaftServerConfigKeys (ConfUtils.java:logGet(44)) - raft.server.leaderelection.pre-vote = false (custom)
2021-12-29 13:36:52,069 [e6152946-d0ea-4073-bce7-5683c36ce8c1@group-F71E69C7ACE7-FollowerState] INFO  impl.RoleInfo (RoleInfo.java:updateAndGet(130)) - e6152946-d0ea-4073-bce7-5683c36ce8c1: start e6152946-d0ea-4073-bce7-5683c36ce8c1@group-F71E69C7ACE7-LeaderElection49
2021-12-29 13:36:52,083 [0611f638-a8f4-4cee-844a-1fb388a9e933@group-F71E69C7ACE7-FollowerState] INFO  impl.FollowerState (FollowerState.java:run(134)) - 0611f638-a8f4-4cee-844a-1fb388a9e933@group-F71E69C7ACE7-FollowerState: change to CANDIDATE, lastRpcElapsedTime:5078103462ns, electionTimeout:5050ms
2021-12-29 13:36:52,083 [0611f638-a8f4-4cee-844a-1fb388a9e933@group-F71E69C7ACE7-FollowerState] INFO  impl.RoleInfo (RoleInfo.java:shutdownFollowerState(108)) - 0611f638-a8f4-4cee-844a-1fb388a9e933: shutdown 0611f638-a8f4-4cee-844a-1fb388a9e933@group-F71E69C7ACE7-FollowerState
2021-12-29 13:36:52,083 [0611f638-a8f4-4cee-844a-1fb388a9e933@group-F71E69C7ACE7-FollowerState] INFO  server.RaftServer$Division (RaftServerImpl.java:setRole(290)) - 0611f638-a8f4-4cee-844a-1fb388a9e933@group-F71E69C7ACE7: changes role from  FOLLOWER to CANDIDATE at term 1 for changeToCandidate
2021-12-29 13:36:52,083 [0611f638-a8f4-4cee-844a-1fb388a9e933@group-F71E69C7ACE7-FollowerState] INFO  server.RaftServerConfigKeys (ConfUtils.java:logGet(44)) - raft.server.leaderelection.pre-vote = false (custom)
2021-12-29 13:36:52,083 [0611f638-a8f4-4cee-844a-1fb388a9e933@group-F71E69C7ACE7-FollowerState] INFO  impl.RoleInfo (RoleInfo.java:updateAndGet(130)) - 0611f638-a8f4-4cee-844a-1fb388a9e933: start 0611f638-a8f4-4cee-844a-1fb388a9e933@group-F71E69C7ACE7-LeaderElection50
2021-12-29 13:36:52,091 [e6152946-d0ea-4073-bce7-5683c36ce8c1@group-F71E69C7ACE7-LeaderElection49] INFO  impl.LeaderElection (LeaderElection.java:askForVotes(306)) - e6152946-d0ea-4073-bce7-5683c36ce8c1@group-F71E69C7ACE7-LeaderElection49 ELECTION round 0: submit vote requests at term 2 for -1: [e6152946-d0ea-4073-bce7-5683c36ce8c1|rpc:10.1.0.26:45851|dataStream:|priority:1, 0611f638-a8f4-4cee-844a-1fb388a9e933|rpc:10.1.0.26:34987|dataStream:|priority:0, 3e7bdddb-bd7c-4654-a454-885ab84ced57|rpc:10.1.0.26:45011|dataStream:|priority:0], old=null
2021-12-29 13:36:52,118 [grpc-default-executor-1] INFO  server.RaftServer$Division (RaftServerImpl.java:requestVote(1046)) - 0611f638-a8f4-4cee-844a-1fb388a9e933@group-F71E69C7ACE7: receive requestVote(ELECTION, e6152946-d0ea-4073-bce7-5683c36ce8c1, group-F71E69C7ACE7, 2, (t:0, i:0))
2021-12-29 13:36:52,118 [grpc-default-executor-1] INFO  impl.VoteContext (VoteContext.java:log(48)) - 0611f638-a8f4-4cee-844a-1fb388a9e933@group-F71E69C7ACE7-CANDIDATE: accept ELECTION from e6152946-d0ea-4073-bce7-5683c36ce8c1: our priority 0 <= candidate's priority 1
2021-12-29 13:36:52,118 [grpc-default-executor-1] INFO  server.RaftServer$Division (RaftServerImpl.java:setRole(290)) - 0611f638-a8f4-4cee-844a-1fb388a9e933@group-F71E69C7ACE7: changes role from CANDIDATE to FOLLOWER at term 2 for candidate:e6152946-d0ea-4073-bce7-5683c36ce8c1
2021-12-29 13:36:52,118 [grpc-default-executor-1] INFO  impl.RoleInfo (RoleInfo.java:shutdownLeaderElection(121)) - 0611f638-a8f4-4cee-844a-1fb388a9e933: shutdown 0611f638-a8f4-4cee-844a-1fb388a9e933@group-F71E69C7ACE7-LeaderElection50
2021-12-29 13:36:52,118 [grpc-default-executor-1] INFO  impl.RoleInfo (RoleInfo.java:updateAndGet(130)) - 0611f638-a8f4-4cee-844a-1fb388a9e933: start 0611f638-a8f4-4cee-844a-1fb388a9e933@group-F71E69C7ACE7-FollowerState
2021-12-29 13:36:52,120 [grpc-default-executor-1] INFO  server.RaftServer$Division (RaftServerImpl.java:requestVote(1078)) - 0611f638-a8f4-4cee-844a-1fb388a9e933@group-F71E69C7ACE7 replies to ELECTION vote request: e6152946-d0ea-4073-bce7-5683c36ce8c1<-0611f638-a8f4-4cee-844a-1fb388a9e933#0:OK-t2. Peer's state: 0611f638-a8f4-4cee-844a-1fb388a9e933@group-F71E69C7ACE7:t2, leader=null, voted=e6152946-d0ea-4073-bce7-5683c36ce8c1, raftlog=0611f638-a8f4-4cee-844a-1fb388a9e933@group-F71E69C7ACE7-SegmentedRaftLog:OPENED:c-1, conf=-1: [e6152946-d0ea-4073-bce7-5683c36ce8c1|rpc:10.1.0.26:45851|priority:1, 0611f638-a8f4-4cee-844a-1fb388a9e933|rpc:10.1.0.26:34987|priority:0, 3e7bdddb-bd7c-4654-a454-885ab84ced57|rpc:10.1.0.26:45011|priority:0], old=null
2021-12-29 13:36:52,135 [grpc-default-executor-1] INFO  server.RaftServer$Division (RaftServerImpl.java:requestVote(1046)) - 3e7bdddb-bd7c-4654-a454-885ab84ced57@group-F71E69C7ACE7: receive requestVote(ELECTION, e6152946-d0ea-4073-bce7-5683c36ce8c1, group-F71E69C7ACE7, 2, (t:0, i:0))
2021-12-29 13:36:52,135 [grpc-default-executor-1] INFO  impl.VoteContext (VoteContext.java:log(48)) - 3e7bdddb-bd7c-4654-a454-885ab84ced57@group-F71E69C7ACE7-FOLLOWER: accept ELECTION from e6152946-d0ea-4073-bce7-5683c36ce8c1: our priority 0 <= candidate's priority 1
2021-12-29 13:36:52,135 [grpc-default-executor-1] INFO  server.RaftServer$Division (RaftServerImpl.java:setRole(290)) - 3e7bdddb-bd7c-4654-a454-885ab84ced57@group-F71E69C7ACE7: changes role from  FOLLOWER to FOLLOWER at term 2 for candidate:e6152946-d0ea-4073-bce7-5683c36ce8c1
2021-12-29 13:36:52,135 [grpc-default-executor-1] INFO  impl.RoleInfo (RoleInfo.java:shutdownFollowerState(108)) - 3e7bdddb-bd7c-4654-a454-885ab84ced57: shutdown 3e7bdddb-bd7c-4654-a454-885ab84ced57@group-F71E69C7ACE7-FollowerState
2021-12-29 13:36:52,135 [grpc-default-executor-1] INFO  impl.RoleInfo (RoleInfo.java:updateAndGet(130)) - 3e7bdddb-bd7c-4654-a454-885ab84ced57: start 3e7bdddb-bd7c-4654-a454-885ab84ced57@group-F71E69C7ACE7-FollowerState
2021-12-29 13:36:52,136 [3e7bdddb-bd7c-4654-a454-885ab84ced57@group-F71E69C7ACE7-FollowerState] INFO  impl.FollowerState (FollowerState.java:run(143)) - 3e7bdddb-bd7c-4654-a454-885ab84ced57@group-F71E69C7ACE7-FollowerState was interrupted: {}
java.lang.InterruptedException: sleep interrupted
	at java.lang.Thread.sleep(Native Method)
	at java.lang.Thread.sleep(Thread.java:340)
	at java.util.concurrent.TimeUnit.sleep(TimeUnit.java:386)
	at org.apache.ratis.util.TimeDuration.sleep(TimeDuration.java:324)
	at org.apache.ratis.util.TimeDuration.sleep(TimeDuration.java:309)
	at org.apache.ratis.server.impl.FollowerState.run(FollowerState.java:118)
2021-12-29 13:36:52,133 [0611f638-a8f4-4cee-844a-1fb388a9e933@group-F71E69C7ACE7-LeaderElection50] INFO  impl.LeaderElection (LeaderElection.java:run(230)) - 0611f638-a8f4-4cee-844a-1fb388a9e933@group-F71E69C7ACE7-LeaderElection50: skip running since this is already CLOSING
2021-12-29 13:36:52,154 [e6152946-d0ea-4073-bce7-5683c36ce8c1@group-F71E69C7ACE7-LeaderElection49] INFO  impl.LeaderElection (LeaderElection.java:logAndReturn(89)) - e6152946-d0ea-4073-bce7-5683c36ce8c1@group-F71E69C7ACE7-LeaderElection49: ELECTION PASSED received 1 response(s) and 0 exception(s):
2021-12-29 13:36:52,154 [e6152946-d0ea-4073-bce7-5683c36ce8c1@group-F71E69C7ACE7-LeaderElection49] INFO  impl.LeaderElection (LeaderElection.java:logAndReturn(93)) -   Response 0: e6152946-d0ea-4073-bce7-5683c36ce8c1<-0611f638-a8f4-4cee-844a-1fb388a9e933#0:OK-t2
2021-12-29 13:36:52,154 [e6152946-d0ea-4073-bce7-5683c36ce8c1@group-F71E69C7ACE7-LeaderElection49] INFO  impl.LeaderElection (LeaderElection.java:askForVotes(308)) - e6152946-d0ea-4073-bce7-5683c36ce8c1@group-F71E69C7ACE7-LeaderElection49 ELECTION round 0: result PASSED
2021-12-29 13:36:52,154 [e6152946-d0ea-4073-bce7-5683c36ce8c1@group-F71E69C7ACE7-LeaderElection49] INFO  impl.RoleInfo (RoleInfo.java:shutdownLeaderElection(121)) - e6152946-d0ea-4073-bce7-5683c36ce8c1: shutdown e6152946-d0ea-4073-bce7-5683c36ce8c1@group-F71E69C7ACE7-LeaderElection49
2021-12-29 13:36:52,155 [e6152946-d0ea-4073-bce7-5683c36ce8c1@group-F71E69C7ACE7-LeaderElection49] INFO  server.RaftServer$Division (RaftServerImpl.java:setRole(290)) - e6152946-d0ea-4073-bce7-5683c36ce8c1@group-F71E69C7ACE7: changes role from CANDIDATE to LEADER at term 2 for changeToLeader
2021-12-29 13:36:52,155 [e6152946-d0ea-4073-bce7-5683c36ce8c1@group-F71E69C7ACE7-LeaderElection49] INFO  ratis.XceiverServerRatis (XceiverServerRatis.java:handleLeaderChangedNotification(866)) - Leader change notification received for group: group-F71E69C7ACE7 with new leaderId: e6152946-d0ea-4073-bce7-5683c36ce8c1
2021-12-29 13:36:52,155 [e6152946-d0ea-4073-bce7-5683c36ce8c1@group-F71E69C7ACE7-LeaderElection49] INFO  server.RaftServer$Division (ServerState.java:setLeader(285)) - e6152946-d0ea-4073-bce7-5683c36ce8c1@group-F71E69C7ACE7: change Leader from null to e6152946-d0ea-4073-bce7-5683c36ce8c1 at term 2 for becomeLeader, leader elected after 10196ms
2021-12-29 13:36:52,155 [e6152946-d0ea-4073-bce7-5683c36ce8c1@group-F71E69C7ACE7-LeaderElection49] INFO  server.RaftServerConfigKeys (ConfUtils.java:logGet(44)) - raft.server.staging.catchup.gap = 1000 (default)
2021-12-29 13:36:52,155 [e6152946-d0ea-4073-bce7-5683c36ce8c1@group-F71E69C7ACE7-LeaderElection49] INFO  server.RaftServerConfigKeys (ConfUtils.java:logGet(44)) - raft.server.write.element-limit = 1024 (custom)
2021-12-29 13:36:52,155 [e6152946-d0ea-4073-bce7-5683c36ce8c1@group-F71E69C7ACE7-LeaderElection49] INFO  server.RaftServerConfigKeys (ConfUtils.java:logGet(44)) - raft.server.write.byte-limit = 1024 M (=1073741824) (custom)
2021-12-29 13:36:52,155 [e6152946-d0ea-4073-bce7-5683c36ce8c1@group-F71E69C7ACE7-LeaderElection49] INFO  server.RaftServerConfigKeys (ConfUtils.java:logGet(44)) - raft.server.watch.timeout = 180s (custom)
2021-12-29 13:36:52,155 [e6152946-d0ea-4073-bce7-5683c36ce8c1@group-F71E69C7ACE7-LeaderElection49] INFO  server.RaftServerConfigKeys (ConfUtils.java:logGet(44)) - raft.server.watch.timeout.denomination = 1s (default)
2021-12-29 13:36:52,155 [e6152946-d0ea-4073-bce7-5683c36ce8c1@group-F71E69C7ACE7-LeaderElection49] INFO  server.RaftServerConfigKeys (ConfUtils.java:logGet(44)) - raft.server.watch.element-limit = 65536 (default)
2021-12-29 13:36:52,156 [e6152946-d0ea-4073-bce7-5683c36ce8c1@group-F71E69C7ACE7-LeaderElection49] INFO  server.RaftServerConfigKeys (ConfUtils.java:logGet(44)) - raft.server.write.element-limit = 1024 (custom)
2021-12-29 13:36:52,156 [e6152946-d0ea-4073-bce7-5683c36ce8c1@group-F71E69C7ACE7-LeaderElection49] INFO  server.RaftServerConfigKeys (ConfUtils.java:logGet(44)) - raft.server.write.follower.gap.ratio.max = -1.0 (default)
2021-12-29 13:36:52,156 [e6152946-d0ea-4073-bce7-5683c36ce8c1@group-F71E69C7ACE7-LeaderElection49] INFO  server.RaftServerConfigKeys (ConfUtils.java:logGet(44)) - raft.server.log.appender.snapshot.chunk.size.max = 16MB (=16777216) (default)
2021-12-29 13:36:52,156 [e6152946-d0ea-4073-bce7-5683c36ce8c1@group-F71E69C7ACE7-LeaderElection49] INFO  server.RaftServerConfigKeys (ConfUtils.java:logGet(44)) - raft.server.log.appender.buffer.byte-limit = 33554432 (custom)
2021-12-29 13:36:52,156 [e6152946-d0ea-4073-bce7-5683c36ce8c1@group-F71E69C7ACE7-LeaderElection49] INFO  server.RaftServerConfigKeys (ConfUtils.java:logGet(44)) - raft.server.log.appender.buffer.element-limit = 1 (custom)
2021-12-29 13:36:52,156 [e6152946-d0ea-4073-bce7-5683c36ce8c1@group-F71E69C7ACE7-LeaderElection49] INFO  grpc.GrpcConfigKeys (ConfUtils.java:logGet(44)) - raft.grpc.server.leader.outstanding.appends.max = 128 (default)
2021-12-29 13:36:52,156 [e6152946-d0ea-4073-bce7-5683c36ce8c1@group-F71E69C7ACE7-LeaderElection49] INFO  server.RaftServerConfigKeys (ConfUtils.java:logGet(44)) - raft.server.rpc.request.timeout = 60s (custom)
2021-12-29 13:36:52,156 [e6152946-d0ea-4073-bce7-5683c36ce8c1@group-F71E69C7ACE7-LeaderElection49] INFO  server.RaftServerConfigKeys (ConfUtils.java:logGet(44)) - raft.server.log.appender.install.snapshot.enabled = false (custom)
2021-12-29 13:36:52,157 [e6152946-d0ea-4073-bce7-5683c36ce8c1@group-F71E69C7ACE7-LeaderElection49] INFO  server.RaftServerConfigKeys (ConfUtils.java:logGet(44)) - raft.server.log.appender.snapshot.chunk.size.max = 16MB (=16777216) (default)
2021-12-29 13:36:52,157 [e6152946-d0ea-4073-bce7-5683c36ce8c1@group-F71E69C7ACE7-LeaderElection49] INFO  server.RaftServerConfigKeys (ConfUtils.java:logGet(44)) - raft.server.log.appender.buffer.byte-limit = 33554432 (custom)
2021-12-29 13:36:52,157 [e6152946-d0ea-4073-bce7-5683c36ce8c1@group-F71E69C7ACE7-LeaderElection49] INFO  server.RaftServerConfigKeys (ConfUtils.java:logGet(44)) - raft.server.log.appender.buffer.element-limit = 1 (custom)
2021-12-29 13:36:52,157 [e6152946-d0ea-4073-bce7-5683c36ce8c1@group-F71E69C7ACE7-LeaderElection49] INFO  grpc.GrpcConfigKeys (ConfUtils.java:logGet(44)) - raft.grpc.server.leader.outstanding.appends.max = 128 (default)
2021-12-29 13:36:52,157 [e6152946-d0ea-4073-bce7-5683c36ce8c1@group-F71E69C7ACE7-LeaderElection49] INFO  server.RaftServerConfigKeys (ConfUtils.java:logGet(44)) - raft.server.rpc.request.timeout = 60s (custom)
2021-12-29 13:36:52,157 [e6152946-d0ea-4073-bce7-5683c36ce8c1@group-F71E69C7ACE7-LeaderElection49] INFO  server.RaftServerConfigKeys (ConfUtils.java:logGet(44)) - raft.server.log.appender.install.snapshot.enabled = false (custom)
2021-12-29 13:36:52,158 [e6152946-d0ea-4073-bce7-5683c36ce8c1@group-F71E69C7ACE7-LeaderElection49] INFO  impl.RoleInfo (RoleInfo.java:updateAndGet(130)) - e6152946-d0ea-4073-bce7-5683c36ce8c1: start e6152946-d0ea-4073-bce7-5683c36ce8c1@group-F71E69C7ACE7-LeaderStateImpl
2021-12-29 13:36:52,159 [EventQueue-PipelineReportForPipelineReportHandler] INFO  pipeline.PipelineManagerImpl (PipelineManagerImpl.java:openPipeline(291)) - Pipeline Pipeline[ Id: 1f196000-2c61-4eb6-be03-f71e69c7ace7, Nodes: 3e7bdddb-bd7c-4654-a454-885ab84ced57{ip: 10.1.0.26, host: fv-az59-280.csjynl4pkq3e1pkirw3ssqjfoh.cx.internal.cloudapp.net, ports: [REPLICATION=33953, RATIS=45011, RATIS_ADMIN=45011, RATIS_SERVER=45011, STANDALONE=38177], networkLocation: /default-rack, certSerialId: null, persistedOpState: IN_SERVICE, persistedOpStateExpiryEpochSec: 0}e6152946-d0ea-4073-bce7-5683c36ce8c1{ip: 10.1.0.26, host: fv-az59-280.csjynl4pkq3e1pkirw3ssqjfoh.cx.internal.cloudapp.net, ports: [REPLICATION=38645, RATIS=45851, RATIS_ADMIN=45851, RATIS_SERVER=45851, STANDALONE=37511], networkLocation: /default-rack, certSerialId: null, persistedOpState: IN_SERVICE, persistedOpStateExpiryEpochSec: 0}0611f638-a8f4-4cee-844a-1fb388a9e933{ip: 10.1.0.26, host: fv-az59-280.csjynl4pkq3e1pkirw3ssqjfoh.cx.internal.cloudapp.net, ports: [REPLICATION=39313, RATIS=34987, RATIS_ADMIN=34987, RATIS_SERVER=34987, STANDALONE=45865], networkLocation: /default-rack, certSerialId: null, persistedOpState: IN_SERVICE, persistedOpStateExpiryEpochSec: 0}, ReplicationConfig: RATIS/THREE, State:ALLOCATED, leaderId:e6152946-d0ea-4073-bce7-5683c36ce8c1, CreationTimestamp2021-12-29T13:36:39.397Z[Etc/UTC]] moved to OPEN state
2021-12-29 13:36:52,159 [EventQueue-OpenPipelineForHealthyPipelineSafeModeRule] INFO  safemode.SCMSafeModeManager (HealthyPipelineSafeModeRule.java:process(124)) - SCM in safe mode. Healthy pipelines reported count is 1, required healthy pipeline reported count is 1
2021-12-29 13:36:52,159 [EventQueue-OpenPipelineForHealthyPipelineSafeModeRule] INFO  safemode.SCMSafeModeManager (SCMSafeModeManager.java:validateSafeModeExitRules(204)) - HealthyPipelineSafeModeRule rule is successfully validated
2021-12-29 13:36:52,159 [EventQueue-OpenPipelineForHealthyPipelineSafeModeRule] INFO  safemode.SCMSafeModeManager (SCMSafeModeManager.java:validateSafeModeExitRules(219)) - ScmSafeModeManager, all rules are successfully validated
2021-12-29 13:36:52,159 [EventQueue-OpenPipelineForHealthyPipelineSafeModeRule] INFO  safemode.SCMSafeModeManager (SCMSafeModeManager.java:exitSafeMode(248)) - SCM exiting safe mode.
2021-12-29 13:36:52,159 [EventQueue-OpenPipelineForHealthyPipelineSafeModeRule] WARN  events.EventQueue (EventQueue.java:fireEvent(194)) - No event handler registered for event TypedEvent{payloadType=SafeModeStatus, name='Safe mode status'}
2021-12-29 13:36:52,159 [EventQueue-OpenPipelineForHealthyPipelineSafeModeRule] INFO  ha.SCMContext (SCMContext.java:updateSafeModeStatus(211)) - Update SafeModeStatus from SafeModeStatus{safeModeStatus=true, preCheckPassed=true} to SafeModeStatus{safeModeStatus=false, preCheckPassed=true}.
2021-12-29 13:36:52,159 [EventQueue-OpenPipelineForHealthyPipelineSafeModeRule] INFO  pipeline.BackgroundPipelineCreator (BackgroundPipelineCreator.java:notifyStatusChanged(264)) - Service BackgroundPipelineCreator transitions to RUNNING.
2021-12-29 13:36:52,159 [EventQueue-OpenPipelineForHealthyPipelineSafeModeRule] INFO  container.ReplicationManager (ReplicationManager.java:notifyStatusChanged(1758)) - Service ReplicationManager transitions to RUNNING.
2021-12-29 13:36:52,160 [e6152946-d0ea-4073-bce7-5683c36ce8c1@group-F71E69C7ACE7-LeaderElection49] INFO  segmented.SegmentedRaftLogWorker (SegmentedRaftLogWorker.java:startLogSegment(394)) - e6152946-d0ea-4073-bce7-5683c36ce8c1@group-F71E69C7ACE7-SegmentedRaftLogWorker: Starting segment from index:0
2021-12-29 13:36:52,170 [e6152946-d0ea-4073-bce7-5683c36ce8c1@group-F71E69C7ACE7-SegmentedRaftLogWorker] INFO  segmented.SegmentedRaftLogWorker (SegmentedRaftLogWorker.java:execute(601)) - e6152946-d0ea-4073-bce7-5683c36ce8c1@group-F71E69C7ACE7-SegmentedRaftLogWorker: created new log segment /home/runner/work/ozone/ozone/hadoop-ozone/integration-test/target/test-dir/MiniOzoneClusterImpl-aadba4d7-ee9c-4873-8a56-559a23ee9528/datanode-2/data/ratis/1f196000-2c61-4eb6-be03-f71e69c7ace7/current/log_inprogress_0
2021-12-29 13:36:52,174 [grpc-default-executor-1] INFO  server.RaftServer$Division (RaftServerImpl.java:requestVote(1078)) - 3e7bdddb-bd7c-4654-a454-885ab84ced57@group-F71E69C7ACE7 replies to ELECTION vote request: e6152946-d0ea-4073-bce7-5683c36ce8c1<-3e7bdddb-bd7c-4654-a454-885ab84ced57#0:OK-t2. Peer's state: 3e7bdddb-bd7c-4654-a454-885ab84ced57@group-F71E69C7ACE7:t2, leader=null, voted=e6152946-d0ea-4073-bce7-5683c36ce8c1, raftlog=3e7bdddb-bd7c-4654-a454-885ab84ced57@group-F71E69C7ACE7-SegmentedRaftLog:OPENED:c-1, conf=-1: [e6152946-d0ea-4073-bce7-5683c36ce8c1|rpc:10.1.0.26:45851|dataStream:|priority:1, 0611f638-a8f4-4cee-844a-1fb388a9e933|rpc:10.1.0.26:34987|dataStream:|priority:0, 3e7bdddb-bd7c-4654-a454-885ab84ced57|rpc:10.1.0.26:45011|dataStream:|priority:0], old=null
2021-12-29 13:36:52,180 [grpc-default-executor-1] INFO  ratis.XceiverServerRatis (XceiverServerRatis.java:handleLeaderChangedNotification(866)) - Leader change notification received for group: group-F71E69C7ACE7 with new leaderId: e6152946-d0ea-4073-bce7-5683c36ce8c1
2021-12-29 13:36:52,180 [grpc-default-executor-1] INFO  server.RaftServer$Division (ServerState.java:setLeader(285)) - 3e7bdddb-bd7c-4654-a454-885ab84ced57@group-F71E69C7ACE7: change Leader from null to e6152946-d0ea-4073-bce7-5683c36ce8c1 at term 2 for appendEntries, leader elected after 10315ms
2021-12-29 13:36:52,248 [e6152946-d0ea-4073-bce7-5683c36ce8c1@group-F71E69C7ACE7-LeaderElection49] INFO  server.RaftServer$Division (ServerState.java:setRaftConf(387)) - e6152946-d0ea-4073-bce7-5683c36ce8c1@group-F71E69C7ACE7: set configuration 0: [e6152946-d0ea-4073-bce7-5683c36ce8c1|rpc:10.1.0.26:45851|dataStream:|priority:1, 0611f638-a8f4-4cee-844a-1fb388a9e933|rpc:10.1.0.26:34987|dataStream:|priority:0, 3e7bdddb-bd7c-4654-a454-885ab84ced57|rpc:10.1.0.26:45011|dataStream:|priority:0], old=null
2021-12-29 13:36:52,249 [grpc-default-executor-0] INFO  ratis.XceiverServerRatis (XceiverServerRatis.java:handleLeaderChangedNotification(866)) - Leader change notification received for group: group-F71E69C7ACE7 with new leaderId: e6152946-d0ea-4073-bce7-5683c36ce8c1
2021-12-29 13:36:52,249 [grpc-default-executor-0] INFO  server.RaftServer$Division (ServerState.java:setLeader(285)) - 0611f638-a8f4-4cee-844a-1fb388a9e933@group-F71E69C7ACE7: change Leader from null to e6152946-d0ea-4073-bce7-5683c36ce8c1 at term 2 for appendEntries, leader elected after 10432ms
2021-12-29 13:36:52,271 [grpc-default-executor-1] INFO  server.RaftServer$Division (ServerState.java:setRaftConf(387)) - 3e7bdddb-bd7c-4654-a454-885ab84ced57@group-F71E69C7ACE7: set configuration 0: [e6152946-d0ea-4073-bce7-5683c36ce8c1|rpc:10.1.0.26:45851|dataStream:|priority:1, 0611f638-a8f4-4cee-844a-1fb388a9e933|rpc:10.1.0.26:34987|dataStream:|priority:0, 3e7bdddb-bd7c-4654-a454-885ab84ced57|rpc:10.1.0.26:45011|dataStream:|priority:0], old=null
2021-12-29 13:36:52,272 [grpc-default-executor-1] INFO  segmented.SegmentedRaftLogWorker (SegmentedRaftLogWorker.java:startLogSegment(394)) - 3e7bdddb-bd7c-4654-a454-885ab84ced57@group-F71E69C7ACE7-SegmentedRaftLogWorker: Starting segment from index:0
2021-12-29 13:36:52,272 [grpc-default-executor-0] INFO  server.RaftServer$Division (ServerState.java:setRaftConf(387)) - 0611f638-a8f4-4cee-844a-1fb388a9e933@group-F71E69C7ACE7: set configuration 0: [e6152946-d0ea-4073-bce7-5683c36ce8c1|rpc:10.1.0.26:45851|dataStream:|priority:1, 0611f638-a8f4-4cee-844a-1fb388a9e933|rpc:10.1.0.26:34987|dataStream:|priority:0, 3e7bdddb-bd7c-4654-a454-885ab84ced57|rpc:10.1.0.26:45011|dataStream:|priority:0], old=null
2021-12-29 13:36:52,272 [grpc-default-executor-0] INFO  segmented.SegmentedRaftLogWorker (SegmentedRaftLogWorker.java:startLogSegment(394)) - 0611f638-a8f4-4cee-844a-1fb388a9e933@group-F71E69C7ACE7-SegmentedRaftLogWorker: Starting segment from index:0
2021-12-29 13:36:52,275 [3e7bdddb-bd7c-4654-a454-885ab84ced57@group-F71E69C7ACE7-SegmentedRaftLogWorker] INFO  segmented.SegmentedRaftLogWorker (SegmentedRaftLogWorker.java:execute(601)) - 3e7bdddb-bd7c-4654-a454-885ab84ced57@group-F71E69C7ACE7-SegmentedRaftLogWorker: created new log segment /home/runner/work/ozone/ozone/hadoop-ozone/integration-test/target/test-dir/MiniOzoneClusterImpl-aadba4d7-ee9c-4873-8a56-559a23ee9528/datanode-1/data/ratis/1f196000-2c61-4eb6-be03-f71e69c7ace7/current/log_inprogress_0
2021-12-29 13:36:52,275 [0611f638-a8f4-4cee-844a-1fb388a9e933@group-F71E69C7ACE7-SegmentedRaftLogWorker] INFO  segmented.SegmentedRaftLogWorker (SegmentedRaftLogWorker.java:execute(601)) - 0611f638-a8f4-4cee-844a-1fb388a9e933@group-F71E69C7ACE7-SegmentedRaftLogWorker: created new log segment /home/runner/work/ozone/ozone/hadoop-ozone/integration-test/target/test-dir/MiniOzoneClusterImpl-aadba4d7-ee9c-4873-8a56-559a23ee9528/datanode-0/data/ratis/1f196000-2c61-4eb6-be03-f71e69c7ace7/current/log_inprogress_0
2021-12-29 13:36:52,360 [Listener at 127.0.0.1/42909] INFO  ozone.MiniOzoneClusterImpl (MiniOzoneClusterImpl.java:lambda$waitForClusterToBeReady$0(235)) - Nodes are ready. Got 3 of 3 DN Heartbeats.
2021-12-29 13:36:52,360 [Listener at 127.0.0.1/42909] INFO  ozone.MiniOzoneClusterImpl (MiniOzoneClusterImpl.java:lambda$waitForClusterToBeReady$0(238)) - Cluster exits safe mode
2021-12-29 13:36:52,360 [Listener at 127.0.0.1/42909] INFO  ozone.MiniOzoneClusterImpl (MiniOzoneClusterImpl.java:lambda$waitForClusterToBeReady$0(240)) - SCM became leader
2021-12-29 13:36:52,419 [Listener at 127.0.0.1/42909] INFO  rpc.RpcClient (RpcClient.java:createVolume(389)) - Creating Volume: volume00880, with user65324 as owner and space quota set to -1 bytes, counts quota set to -1
2021-12-29 13:36:52,444 [OM StateMachine ApplyTransaction Thread - 0] INFO  volume.OMVolumeCreateRequest (OMVolumeCreateRequest.java:validateAndUpdateCache(195)) - created volume:volume00880 for user:user65324
2021-12-29 13:36:52,502 [Listener at 127.0.0.1/42909] INFO  rpc.RpcClient (RpcClient.java:createBucket(552)) - Creating Bucket: volume00880/bucket78178, with runner as owner and Versioning false and Storage Type set to DISK and Encryption set to false 
]]></system-out>
    <system-err><![CDATA[Exception in thread "Trash Emptier" java.lang.UnsupportedOperationException: fs.getUri() not implemented in TrashOzoneFileSystem
	at org.apache.hadoop.ozone.om.TrashOzoneFileSystem.getUri(TrashOzoneFileSystem.java:124)
	at org.apache.hadoop.fs.FileSystem.close(FileSystem.java:2592)
	at org.apache.hadoop.ozone.om.TrashPolicyOzone$Emptier.run(TrashPolicyOzone.java:243)
	at java.lang.Thread.run(Thread.java:748)
]]></system-err>
  </testcase>
  <testcase name="testRenameFile[3]" classname="org.apache.hadoop.fs.ozone.TestRootedOzoneFileSystem" time="0.228"/>
  <testcase name="testListStatusRootAndVolumeRecursive[3]" classname="org.apache.hadoop.fs.ozone.TestRootedOzoneFileSystem" time="0.992"/>
  <testcase name="testTempMount[3]" classname="org.apache.hadoop.fs.ozone.TestRootedOzoneFileSystem" time="0.207"/>
  <testcase name="testListStatusRootAndVolumeNonRecursive[3]" classname="org.apache.hadoop.fs.ozone.TestRootedOzoneFileSystem" time="0.487"/>
  <testcase name="testDeleteVolumeAndBucket[3]" classname="org.apache.hadoop.fs.ozone.TestRootedOzoneFileSystem" time="0.052"/>
  <testcase name="testRenameDirToItsOwnSubDir[3]" classname="org.apache.hadoop.fs.ozone.TestRootedOzoneFileSystem" time="0.031"/>
  <testcase name="testOzoneFsServiceLoader[3]" classname="org.apache.hadoop.fs.ozone.TestRootedOzoneFileSystem" time="0.059"/>
  <testcase name="testTrash[3]" classname="org.apache.hadoop.fs.ozone.TestRootedOzoneFileSystem" time="0">
    <skipped/>
  </testcase>
  <testcase name="testRenameDestinationParentDoesntExist[3]" classname="org.apache.hadoop.fs.ozone.TestRootedOzoneFileSystem" time="0.043"/>
  <testcase name="testGetFileStatusRoot[3]" classname="org.apache.hadoop.fs.ozone.TestRootedOzoneFileSystem" time="0.008"/>
  <testcase name="testCreateWithInvalidPaths[3]" classname="org.apache.hadoop.fs.ozone.TestRootedOzoneFileSystem" time="0.01"/>
  <testcase name="testDeleteEmptyVolume[3]" classname="org.apache.hadoop.fs.ozone.TestRootedOzoneFileSystem" time="0.083"/>
  <testcase name="testListStatusRootAndVolumeContinuation[3]" classname="org.apache.hadoop.fs.ozone.TestRootedOzoneFileSystem" time="1.177"/>
  <testcase name="testDeleteVolumeBucketAndKey[3]" classname="org.apache.hadoop.fs.ozone.TestRootedOzoneFileSystem" time="0.087"/>
  <testcase name="testRenameToParentDir[3]" classname="org.apache.hadoop.fs.ozone.TestRootedOzoneFileSystem" time="0.088"/>
  <testcase name="testMkdirNonExistentVolumeBucket[3]" classname="org.apache.hadoop.fs.ozone.TestRootedOzoneFileSystem" time="0.052"/>
  <testcase name="testFailToDeleteRoot[3]" classname="org.apache.hadoop.fs.ozone.TestRootedOzoneFileSystem" time="0.018"/>
  <testcase name="testListStatusOnSubDirs[3]" classname="org.apache.hadoop.fs.ozone.TestRootedOzoneFileSystem" time="0.077"/>
  <testcase name="testListStatus[3]" classname="org.apache.hadoop.fs.ozone.TestRootedOzoneFileSystem" time="0.08"/>
  <testcase name="testGetTrashRoots[3]" classname="org.apache.hadoop.fs.ozone.TestRootedOzoneFileSystem" time="0.806"/>
  <testcase name="testCreateDoesNotAddParentDirKeys[3]" classname="org.apache.hadoop.fs.ozone.TestRootedOzoneFileSystem" time="0.336"/>
  <testcase name="testMkdirNonExistentVolume[3]" classname="org.apache.hadoop.fs.ozone.TestRootedOzoneFileSystem" time="0.065"/>
  <testcase name="testDeleteCreatesFakeParentDir[3]" classname="org.apache.hadoop.fs.ozone.TestRootedOzoneFileSystem" time="0.165"/>
  <testcase name="testNonExplicitlyCreatedPathExistsAfterItsLeafsWereRemoved[3]" classname="org.apache.hadoop.fs.ozone.TestRootedOzoneFileSystem" time="0.051"/>
  <testcase name="testFileDelete[3]" classname="org.apache.hadoop.fs.ozone.TestRootedOzoneFileSystem" time="0.151"/>
  <testcase name="testRenameToTrashEnabled[3]" classname="org.apache.hadoop.fs.ozone.TestRootedOzoneFileSystem" time="0.57"/>
  <testcase name="testMkdirOnNonExistentVolumeBucketDir[3]" classname="org.apache.hadoop.fs.ozone.TestRootedOzoneFileSystem" time="0.1"/>
  <testcase name="testListStatusOnLargeDirectory[3]" classname="org.apache.hadoop.fs.ozone.TestRootedOzoneFileSystem" time="2.925">
    <failure message="Total directories listed do not match the existing directories expected:&lt;1536&gt; but was:&lt;1537&gt;" type="java.lang.AssertionError"><![CDATA[java.lang.AssertionError: Total directories listed do not match the existing directories expected:<1536> but was:<1537>
	at org.junit.Assert.fail(Assert.java:89)
	at org.junit.Assert.failNotEquals(Assert.java:835)
	at org.junit.Assert.assertEquals(Assert.java:647)
	at org.apache.hadoop.fs.ozone.TestRootedOzoneFileSystem.testListStatusOnLargeDirectory(TestRootedOzoneFileSystem.java:556)
	at sun.reflect.NativeMethodAccessorImpl.invoke0(Native Method)
	at sun.reflect.NativeMethodAccessorImpl.invoke(NativeMethodAccessorImpl.java:62)
	at sun.reflect.DelegatingMethodAccessorImpl.invoke(DelegatingMethodAccessorImpl.java:43)
	at java.lang.reflect.Method.invoke(Method.java:498)
	at org.junit.runners.model.FrameworkMethod$1.runReflectiveCall(FrameworkMethod.java:59)
	at org.junit.internal.runners.model.ReflectiveCallable.run(ReflectiveCallable.java:12)
	at org.junit.runners.model.FrameworkMethod.invokeExplosively(FrameworkMethod.java:56)
	at org.junit.internal.runners.statements.InvokeMethod.evaluate(InvokeMethod.java:17)
	at org.junit.internal.runners.statements.FailOnTimeout$CallableStatement.call(FailOnTimeout.java:288)
	at org.junit.internal.runners.statements.FailOnTimeout$CallableStatement.call(FailOnTimeout.java:282)
	at java.util.concurrent.FutureTask.run(FutureTask.java:266)
	at java.lang.Thread.run(Thread.java:748)
]]></failure>
  </testcase>
  <testcase name="testRenameToDifferentBucket[3]" classname="org.apache.hadoop.fs.ozone.TestRootedOzoneFileSystem" time="0.026"/>
  <testcase name="testListStatusInBucket[3]" classname="org.apache.hadoop.fs.ozone.TestRootedOzoneFileSystem" time="0.134">
    <failure message="FileStatus should return only the immediate children expected:&lt;2&gt; but was:&lt;1539&gt;" type="java.lang.AssertionError"><![CDATA[java.lang.AssertionError: FileStatus should return only the immediate children expected:<2> but was:<1539>
	at org.junit.Assert.fail(Assert.java:89)
	at org.junit.Assert.failNotEquals(Assert.java:835)
	at org.junit.Assert.assertEquals(Assert.java:647)
	at org.apache.hadoop.fs.ozone.TestRootedOzoneFileSystem.testListStatusInBucket(TestRootedOzoneFileSystem.java:530)
	at sun.reflect.NativeMethodAccessorImpl.invoke0(Native Method)
	at sun.reflect.NativeMethodAccessorImpl.invoke(NativeMethodAccessorImpl.java:62)
	at sun.reflect.DelegatingMethodAccessorImpl.invoke(DelegatingMethodAccessorImpl.java:43)
	at java.lang.reflect.Method.invoke(Method.java:498)
	at org.junit.runners.model.FrameworkMethod$1.runReflectiveCall(FrameworkMethod.java:59)
	at org.junit.internal.runners.model.ReflectiveCallable.run(ReflectiveCallable.java:12)
	at org.junit.runners.model.FrameworkMethod.invokeExplosively(FrameworkMethod.java:56)
	at org.junit.internal.runners.statements.InvokeMethod.evaluate(InvokeMethod.java:17)
	at org.junit.internal.runners.statements.FailOnTimeout$CallableStatement.call(FailOnTimeout.java:288)
	at org.junit.internal.runners.statements.FailOnTimeout$CallableStatement.call(FailOnTimeout.java:282)
	at java.util.concurrent.FutureTask.run(FutureTask.java:266)
	at java.lang.Thread.run(Thread.java:748)
]]></failure>
  </testcase>
  <testcase name="testRenameFileToDir[3]" classname="org.apache.hadoop.fs.ozone.TestRootedOzoneFileSystem" time="0.599"/>
  <testcase name="testNonPrivilegedUserMkdirCreateBucket[4]" classname="org.apache.hadoop.fs.ozone.TestRootedOzoneFileSystem" time="0">
    <skipped message="ACL is not enabled. Skipping this test as it requires ACL to be enabled to be meaningful." type="org.junit.AssumptionViolatedException">org.junit.AssumptionViolatedException: ACL is not enabled. Skipping this test as it requires ACL to be enabled to be meaningful.
	at org.junit.Assume.assumeTrue(Assume.java:68)
	at org.apache.hadoop.fs.ozone.TestRootedOzoneFileSystem.testNonPrivilegedUserMkdirCreateBucket(TestRootedOzoneFileSystem.java:1582)
	at sun.reflect.NativeMethodAccessorImpl.invoke0(Native Method)
	at sun.reflect.NativeMethodAccessorImpl.invoke(NativeMethodAccessorImpl.java:62)
	at sun.reflect.DelegatingMethodAccessorImpl.invoke(DelegatingMethodAccessorImpl.java:43)
	at java.lang.reflect.Method.invoke(Method.java:498)
	at org.junit.runners.model.FrameworkMethod$1.runReflectiveCall(FrameworkMethod.java:59)
	at org.junit.internal.runners.model.ReflectiveCallable.run(ReflectiveCallable.java:12)
	at org.junit.runners.model.FrameworkMethod.invokeExplosively(FrameworkMethod.java:56)
	at org.junit.internal.runners.statements.InvokeMethod.evaluate(InvokeMethod.java:17)
	at org.junit.internal.runners.statements.FailOnTimeout$CallableStatement.call(FailOnTimeout.java:288)
	at org.junit.internal.runners.statements.FailOnTimeout$CallableStatement.call(FailOnTimeout.java:282)
	at java.util.concurrent.FutureTask.run(FutureTask.java:266)
	at java.lang.Thread.run(Thread.java:748)
</skipped>
    <system-out><![CDATA[2021-12-29 13:37:02,298 [Listener at 127.0.0.1/42909] INFO  ozone.MiniOzoneClusterImpl (MiniOzoneClusterImpl.java:shutdown(453)) - Shutting down the Mini Ozone Cluster
2021-12-29 13:37:02,298 [Listener at 127.0.0.1/42909] INFO  ozone.MiniOzoneClusterImpl (MiniOzoneClusterImpl.java:stop(468)) - Stopping the Mini Ozone Cluster
2021-12-29 13:37:02,298 [Listener at 127.0.0.1/42909] INFO  ozone.MiniOzoneClusterImpl (MiniOzoneClusterImpl.java:stopOM(550)) - Stopping the OzoneManager
2021-12-29 13:37:02,298 [Listener at 127.0.0.1/42909] INFO  om.OzoneManager (OzoneManager.java:stop(1893)) - om1[localhost:0]: Stopping Ozone Manager
2021-12-29 13:37:02,298 [Listener at 127.0.0.1/42909] INFO  ipc.Server (Server.java:stop(3414)) - Stopping server on 42909
2021-12-29 13:37:02,311 [IPC Server listener on 0] INFO  ipc.Server (Server.java:run(1376)) - Stopping IPC Server listener on 0
2021-12-29 13:37:02,330 [IPC Server Responder] INFO  ipc.Server (Server.java:run(1512)) - Stopping IPC Server Responder
2021-12-29 13:37:02,330 [Listener at 127.0.0.1/42909] INFO  server.RaftServer (RaftServerProxy.java:lambda$close$6(391)) - om1: close
2021-12-29 13:37:02,330 [Listener at 127.0.0.1/42909] INFO  server.RaftServer$Division (RaftServerImpl.java:lambda$close$4(412)) - om1@group-C5BA1605619E: shutdown
2021-12-29 13:37:02,331 [Listener at 127.0.0.1/42909] INFO  util.JmxRegister (JmxRegister.java:unregister(73)) - Successfully un-registered JMX Bean with object name Ratis:service=RaftServer,group=group-C5BA1605619E,id=om1
2021-12-29 13:37:02,331 [Listener at 127.0.0.1/42909] INFO  impl.RoleInfo (RoleInfo.java:shutdownLeaderState(91)) - om1: shutdown om1@group-C5BA1605619E-LeaderStateImpl
2021-12-29 13:37:02,331 [Listener at 127.0.0.1/42909] INFO  impl.PendingRequests (PendingRequests.java:sendNotLeaderResponses(282)) - om1@group-C5BA1605619E-PendingRequests: sendNotLeaderResponses
2021-12-29 13:37:02,349 [Listener at 127.0.0.1/42909] INFO  impl.StateMachineUpdater (StateMachineUpdater.java:stopAndJoin(149)) - om1@group-C5BA1605619E-StateMachineUpdater: set stopIndex = 4238
2021-12-29 13:37:02,349 [om1@group-C5BA1605619E-StateMachineUpdater] INFO  ratis.OzoneManagerStateMachine (OzoneManagerStateMachine.java:takeSnapshot(417)) - Current Snapshot Index (t:1, i:4238)
2021-12-29 13:37:02,349 [om1@group-C5BA1605619E-StateMachineUpdater] INFO  impl.StateMachineUpdater (StateMachineUpdater.java:takeSnapshot(281)) - om1@group-C5BA1605619E-StateMachineUpdater: Took a snapshot at index 4238
2021-12-29 13:37:02,349 [om1@group-C5BA1605619E-StateMachineUpdater] INFO  impl.StateMachineUpdater (StateMachineUpdater.java:lambda$new$0(89)) - om1@group-C5BA1605619E-StateMachineUpdater: snapshotIndex: updateIncreasingly -1 -> 4238
2021-12-29 13:37:02,349 [om1@group-C5BA1605619E-StateMachineUpdater] INFO  ratis.OzoneManagerStateMachine (OzoneManagerStateMachine.java:close(471)) - StateMachine has shutdown. Shutdown OzoneManager if not already shutdown.
2021-12-29 13:37:02,349 [Listener at 127.0.0.1/42909] INFO  server.RaftServer$Division (ServerState.java:close(419)) - om1@group-C5BA1605619E: closes. applyIndex: 4238
2021-12-29 13:37:02,350 [om1@group-C5BA1605619E-SegmentedRaftLogWorker] INFO  segmented.SegmentedRaftLogWorker (SegmentedRaftLogWorker.java:run(327)) - om1@group-C5BA1605619E-SegmentedRaftLogWorker was interrupted, exiting. There are 0 tasks remaining in the queue.
2021-12-29 13:37:02,351 [Listener at 127.0.0.1/42909] INFO  segmented.SegmentedRaftLogWorker (SegmentedRaftLogWorker.java:close(237)) - om1@group-C5BA1605619E-SegmentedRaftLogWorker close()
2021-12-29 13:37:02,352 [Listener at 127.0.0.1/42909] INFO  server.GrpcService (GrpcService.java:closeImpl(262)) - om1: shutdown server with port 9872 now
2021-12-29 13:37:02,352 [Listener at 127.0.0.1/42909] INFO  server.GrpcService (GrpcService.java:closeImpl(271)) - om1: shutdown server with port 9872 successfully
2021-12-29 13:37:02,353 [org.apache.ratis.util.JvmPauseMonitor$$Lambda$528/1712405372@2c5f3b12] INFO  util.JvmPauseMonitor (JvmPauseMonitor.java:run(109)) - JvmPauseMonitor-om1: Stopped
2021-12-29 13:37:02,353 [Listener at 127.0.0.1/42909] INFO  ratis.OzoneManagerDoubleBuffer (OzoneManagerDoubleBuffer.java:stop(437)) - Stopping OMDoubleBuffer flush thread
2021-12-29 13:37:02,354 [OMDoubleBufferFlushThread] INFO  ratis.OzoneManagerDoubleBuffer (OzoneManagerDoubleBuffer.java:flushTransactions(356)) - OMDoubleBuffer flush thread OMDoubleBufferFlushThread is interrupted and will exit. OMDoubleBufferFlushThread
2021-12-29 13:37:02,359 [Listener at 127.0.0.1/42909] INFO  utils.BackgroundService (BackgroundService.java:shutdown(132)) - Shutting down service KeyDeletingService
2021-12-29 13:37:02,360 [Listener at 127.0.0.1/42909] INFO  utils.BackgroundService (BackgroundService.java:shutdown(132)) - Shutting down service DirectoryDeletingService
2021-12-29 13:37:02,361 [Listener at 127.0.0.1/42909] INFO  handler.ContextHandler (ContextHandler.java:doStop(1153)) - Stopped o.e.j.w.WebAppContext@45546c34{ozoneManager,/,null,STOPPED}{file:/home/runner/work/ozone/ozone/hadoop-ozone/integration-test/target/test-classes/webapps/ozoneManager}
2021-12-29 13:37:02,361 [Listener at 127.0.0.1/42909] INFO  server.AbstractConnector (AbstractConnector.java:doStop(381)) - Stopped ServerConnector@4cb790ff{HTTP/1.1, (http/1.1)}{0.0.0.0:0}
2021-12-29 13:37:02,361 [Listener at 127.0.0.1/42909] INFO  server.session (HouseKeeper.java:stopScavenging(149)) - node0 Stopped scavenging
2021-12-29 13:37:02,361 [Listener at 127.0.0.1/42909] INFO  handler.ContextHandler (ContextHandler.java:doStop(1153)) - Stopped o.e.j.s.ServletContextHandler@7acf610{static,/static,file:///home/runner/work/ozone/ozone/hadoop-ozone/integration-test/target/test-classes/webapps/static,STOPPED}
2021-12-29 13:37:02,362 [Listener at 127.0.0.1/42909] INFO  handler.ContextHandler (ContextHandler.java:doStop(1153)) - Stopped o.e.j.s.ServletContextHandler@1e9fd21d{logs,/logs,file:///home/runner/work/ozone/ozone/hadoop-ozone/integration-test/target/log,STOPPED}
2021-12-29 13:37:02,375 [Trash Emptier] ERROR om.TrashPolicyOzone (TrashPolicyOzone.java:run(251)) - Error attempting to shutdown
java.lang.InterruptedException
	at java.util.concurrent.locks.AbstractQueuedSynchronizer$ConditionObject.awaitNanos(AbstractQueuedSynchronizer.java:2067)
	at java.util.concurrent.ThreadPoolExecutor.awaitTermination(ThreadPoolExecutor.java:1475)
	at org.apache.hadoop.ozone.om.TrashPolicyOzone$Emptier.run(TrashPolicyOzone.java:249)
	at java.lang.Thread.run(Thread.java:748)
2021-12-29 13:37:02,377 [Listener at 127.0.0.1/42909] INFO  ozone.MiniOzoneClusterImpl (MiniOzoneClusterImpl.java:stopDatanodes(527)) - Stopping the HddsDatanodes
2021-12-29 13:37:07,379 [ForkJoinPool.commonPool-worker-1] INFO  ozoneimpl.OzoneContainer (OzoneContainer.java:stop(336)) - Attempting to stop container services.
2021-12-29 13:37:07,382 [Listener at 127.0.0.1/42909] INFO  ozoneimpl.OzoneContainer (OzoneContainer.java:stop(336)) - Attempting to stop container services.
2021-12-29 13:37:07,383 [ForkJoinPool.commonPool-worker-1] INFO  server.RaftServer (RaftServerProxy.java:lambda$close$6(391)) - 0611f638-a8f4-4cee-844a-1fb388a9e933: close
2021-12-29 13:37:07,383 [ForkJoinPool.commonPool-worker-1] INFO  server.RaftServer$Division (RaftServerImpl.java:lambda$close$4(412)) - 0611f638-a8f4-4cee-844a-1fb388a9e933@group-A03FB28DED75: shutdown
2021-12-29 13:37:07,383 [ForkJoinPool.commonPool-worker-1] INFO  util.JmxRegister (JmxRegister.java:unregister(73)) - Successfully un-registered JMX Bean with object name Ratis:service=RaftServer,group=group-A03FB28DED75,id=0611f638-a8f4-4cee-844a-1fb388a9e933
2021-12-29 13:37:07,383 [ForkJoinPool.commonPool-worker-1] INFO  impl.RoleInfo (RoleInfo.java:shutdownLeaderState(91)) - 0611f638-a8f4-4cee-844a-1fb388a9e933: shutdown 0611f638-a8f4-4cee-844a-1fb388a9e933@group-A03FB28DED75-LeaderStateImpl
2021-12-29 13:37:07,383 [ForkJoinPool.commonPool-worker-1] INFO  impl.PendingRequests (PendingRequests.java:sendNotLeaderResponses(282)) - 0611f638-a8f4-4cee-844a-1fb388a9e933@group-A03FB28DED75-PendingRequests: sendNotLeaderResponses
2021-12-29 13:37:07,387 [0611f638-a8f4-4cee-844a-1fb388a9e933@group-A03FB28DED75->e6152946-d0ea-4073-bce7-5683c36ce8c1-GrpcLogAppender-LogAppenderDaemon] WARN  server.GrpcLogAppender (GrpcLogAppender.java:mayWait(177)) - 0611f638-a8f4-4cee-844a-1fb388a9e933@group-A03FB28DED75->e6152946-d0ea-4073-bce7-5683c36ce8c1-GrpcLogAppender: Wait interrupted by java.lang.InterruptedException
2021-12-29 13:37:07,387 [grpc-default-executor-2] INFO  server.GrpcServerProtocolService (GrpcServerProtocolService.java:onCompleted(140)) - e6152946-d0ea-4073-bce7-5683c36ce8c1: Completed APPEND_ENTRIES, lastRequest: 0611f638-a8f4-4cee-844a-1fb388a9e933->e6152946-d0ea-4073-bce7-5683c36ce8c1#65-t3,previous=(t:3, i:3),leaderCommit=3,initializing? true,entries: size=1, first=(t:3, i:4), METADATAENTRY(c:2)
2021-12-29 13:37:07,388 [grpc-default-executor-3] INFO  server.GrpcLogAppender (GrpcLogAppender.java:onCompleted(346)) - 0611f638-a8f4-4cee-844a-1fb388a9e933@group-A03FB28DED75->e6152946-d0ea-4073-bce7-5683c36ce8c1-AppendLogResponseHandler: follower responses appendEntries COMPLETED
2021-12-29 13:37:07,388 [grpc-default-executor-3] INFO  leader.FollowerInfo (FollowerInfoImpl.java:lambda$new$0(47)) - 0611f638-a8f4-4cee-844a-1fb388a9e933@group-A03FB28DED75->e6152946-d0ea-4073-bce7-5683c36ce8c1: nextIndex: updateUnconditionally 5 -> 4
2021-12-29 13:37:07,391 [ForkJoinPool.commonPool-worker-1] INFO  impl.StateMachineUpdater (StateMachineUpdater.java:stopAndJoin(149)) - 0611f638-a8f4-4cee-844a-1fb388a9e933@group-A03FB28DED75-StateMachineUpdater: set stopIndex = 4
2021-12-29 13:37:07,392 [0611f638-a8f4-4cee-844a-1fb388a9e933@group-A03FB28DED75-StateMachineUpdater] INFO  ratis.ContainerStateMachine (ContainerStateMachine.java:takeSnapshot(299)) - group-A03FB28DED75: Taking a snapshot at:(t:3, i:4) file /home/runner/work/ozone/ozone/hadoop-ozone/integration-test/target/test-dir/MiniOzoneClusterImpl-aadba4d7-ee9c-4873-8a56-559a23ee9528/datanode-0/data/ratis/4cd0111a-ce4d-4e78-a869-a03fb28ded75/sm/snapshot.3_4
2021-12-29 13:37:07,394 [0611f638-a8f4-4cee-844a-1fb388a9e933@group-A03FB28DED75-StateMachineUpdater] INFO  ratis.ContainerStateMachine (ContainerStateMachine.java:takeSnapshot(310)) - group-A03FB28DED75: Finished taking a snapshot at:(t:3, i:4) file:/home/runner/work/ozone/ozone/hadoop-ozone/integration-test/target/test-dir/MiniOzoneClusterImpl-aadba4d7-ee9c-4873-8a56-559a23ee9528/datanode-0/data/ratis/4cd0111a-ce4d-4e78-a869-a03fb28ded75/sm/snapshot.3_4 took: 2 ms
2021-12-29 13:37:07,394 [0611f638-a8f4-4cee-844a-1fb388a9e933@group-A03FB28DED75-StateMachineUpdater] INFO  impl.StateMachineUpdater (StateMachineUpdater.java:takeSnapshot(281)) - 0611f638-a8f4-4cee-844a-1fb388a9e933@group-A03FB28DED75-StateMachineUpdater: Took a snapshot at index 4
2021-12-29 13:37:07,394 [0611f638-a8f4-4cee-844a-1fb388a9e933@group-A03FB28DED75-StateMachineUpdater] INFO  impl.StateMachineUpdater (StateMachineUpdater.java:lambda$new$0(89)) - 0611f638-a8f4-4cee-844a-1fb388a9e933@group-A03FB28DED75-StateMachineUpdater: snapshotIndex: updateIncreasingly -1 -> 4
2021-12-29 13:37:07,395 [ForkJoinPool.commonPool-worker-1] INFO  server.RaftServer$Division (ServerState.java:close(419)) - 0611f638-a8f4-4cee-844a-1fb388a9e933@group-A03FB28DED75: closes. applyIndex: 4
2021-12-29 13:37:07,395 [0611f638-a8f4-4cee-844a-1fb388a9e933@group-A03FB28DED75-SegmentedRaftLogWorker] INFO  segmented.SegmentedRaftLogWorker (SegmentedRaftLogWorker.java:run(327)) - 0611f638-a8f4-4cee-844a-1fb388a9e933@group-A03FB28DED75-SegmentedRaftLogWorker was interrupted, exiting. There are 0 tasks remaining in the queue.
2021-12-29 13:37:07,406 [ForkJoinPool.commonPool-worker-1] INFO  segmented.SegmentedRaftLogWorker (SegmentedRaftLogWorker.java:close(237)) - 0611f638-a8f4-4cee-844a-1fb388a9e933@group-A03FB28DED75-SegmentedRaftLogWorker close()
2021-12-29 13:37:07,406 [0611f638-a8f4-4cee-844a-1fb388a9e933@group-A03FB28DED75->3e7bdddb-bd7c-4654-a454-885ab84ced57-GrpcLogAppender-LogAppenderDaemon] WARN  server.GrpcLogAppender (GrpcLogAppender.java:mayWait(177)) - 0611f638-a8f4-4cee-844a-1fb388a9e933@group-A03FB28DED75->3e7bdddb-bd7c-4654-a454-885ab84ced57-GrpcLogAppender: Wait interrupted by java.lang.InterruptedException
2021-12-29 13:37:07,406 [ForkJoinPool.commonPool-worker-1] INFO  server.RaftServer$Division (RaftServerImpl.java:lambda$close$4(412)) - 0611f638-a8f4-4cee-844a-1fb388a9e933@group-F71E69C7ACE7: shutdown
2021-12-29 13:37:07,406 [ForkJoinPool.commonPool-worker-1] INFO  util.JmxRegister (JmxRegister.java:unregister(73)) - Successfully un-registered JMX Bean with object name Ratis:service=RaftServer,group=group-F71E69C7ACE7,id=0611f638-a8f4-4cee-844a-1fb388a9e933
2021-12-29 13:37:07,407 [ForkJoinPool.commonPool-worker-1] INFO  impl.RoleInfo (RoleInfo.java:shutdownFollowerState(108)) - 0611f638-a8f4-4cee-844a-1fb388a9e933: shutdown 0611f638-a8f4-4cee-844a-1fb388a9e933@group-F71E69C7ACE7-FollowerState
2021-12-29 13:37:07,407 [Listener at 127.0.0.1/42909] INFO  server.RaftServer (RaftServerProxy.java:lambda$close$6(391)) - 3e7bdddb-bd7c-4654-a454-885ab84ced57: close
2021-12-29 13:37:07,407 [Listener at 127.0.0.1/42909] INFO  server.RaftServer$Division (RaftServerImpl.java:lambda$close$4(412)) - 3e7bdddb-bd7c-4654-a454-885ab84ced57@group-A03FB28DED75: shutdown
2021-12-29 13:37:07,407 [0611f638-a8f4-4cee-844a-1fb388a9e933@group-F71E69C7ACE7-FollowerState] INFO  impl.FollowerState (FollowerState.java:run(143)) - 0611f638-a8f4-4cee-844a-1fb388a9e933@group-F71E69C7ACE7-FollowerState was interrupted: {}
java.lang.InterruptedException: sleep interrupted
	at java.lang.Thread.sleep(Native Method)
	at java.lang.Thread.sleep(Thread.java:340)
	at java.util.concurrent.TimeUnit.sleep(TimeUnit.java:386)
	at org.apache.ratis.util.TimeDuration.sleep(TimeDuration.java:324)
	at org.apache.ratis.util.TimeDuration.sleep(TimeDuration.java:309)
	at org.apache.ratis.server.impl.FollowerState.run(FollowerState.java:118)
2021-12-29 13:37:07,407 [grpc-default-executor-2] INFO  server.GrpcServerProtocolService (GrpcServerProtocolService.java:onCompleted(140)) - 3e7bdddb-bd7c-4654-a454-885ab84ced57: Completed APPEND_ENTRIES, lastRequest: 0611f638-a8f4-4cee-844a-1fb388a9e933->3e7bdddb-bd7c-4654-a454-885ab84ced57#9-t3,previous=(t:3, i:3),leaderCommit=3,initializing? true,entries: size=1, first=(t:3, i:4), METADATAENTRY(c:2)
2021-12-29 13:37:07,407 [ForkJoinPool.commonPool-worker-1] INFO  impl.StateMachineUpdater (StateMachineUpdater.java:stopAndJoin(149)) - 0611f638-a8f4-4cee-844a-1fb388a9e933@group-F71E69C7ACE7-StateMachineUpdater: set stopIndex = 43
2021-12-29 13:37:07,410 [Listener at 127.0.0.1/42909] INFO  util.JmxRegister (JmxRegister.java:unregister(73)) - Successfully un-registered JMX Bean with object name Ratis:service=RaftServer,group=group-A03FB28DED75,id=3e7bdddb-bd7c-4654-a454-885ab84ced57
2021-12-29 13:37:07,410 [Listener at 127.0.0.1/42909] INFO  impl.RoleInfo (RoleInfo.java:shutdownFollowerState(108)) - 3e7bdddb-bd7c-4654-a454-885ab84ced57: shutdown 3e7bdddb-bd7c-4654-a454-885ab84ced57@group-A03FB28DED75-FollowerState
2021-12-29 13:37:07,410 [Listener at 127.0.0.1/42909] INFO  impl.StateMachineUpdater (StateMachineUpdater.java:stopAndJoin(149)) - 3e7bdddb-bd7c-4654-a454-885ab84ced57@group-A03FB28DED75-StateMachineUpdater: set stopIndex = 4
2021-12-29 13:37:07,410 [3e7bdddb-bd7c-4654-a454-885ab84ced57@group-A03FB28DED75-FollowerState] INFO  impl.FollowerState (FollowerState.java:run(143)) - 3e7bdddb-bd7c-4654-a454-885ab84ced57@group-A03FB28DED75-FollowerState was interrupted: {}
java.lang.InterruptedException: sleep interrupted
	at java.lang.Thread.sleep(Native Method)
	at java.lang.Thread.sleep(Thread.java:340)
	at java.util.concurrent.TimeUnit.sleep(TimeUnit.java:386)
	at org.apache.ratis.util.TimeDuration.sleep(TimeDuration.java:324)
	at org.apache.ratis.util.TimeDuration.sleep(TimeDuration.java:309)
	at org.apache.ratis.server.impl.FollowerState.run(FollowerState.java:118)
2021-12-29 13:37:07,411 [3e7bdddb-bd7c-4654-a454-885ab84ced57@group-A03FB28DED75-StateMachineUpdater] INFO  ratis.ContainerStateMachine (ContainerStateMachine.java:takeSnapshot(299)) - group-A03FB28DED75: Taking a snapshot at:(t:3, i:4) file /home/runner/work/ozone/ozone/hadoop-ozone/integration-test/target/test-dir/MiniOzoneClusterImpl-aadba4d7-ee9c-4873-8a56-559a23ee9528/datanode-1/data/ratis/4cd0111a-ce4d-4e78-a869-a03fb28ded75/sm/snapshot.3_4
2021-12-29 13:37:07,411 [grpc-default-executor-3] INFO  server.GrpcLogAppender (GrpcLogAppender.java:onCompleted(346)) - 0611f638-a8f4-4cee-844a-1fb388a9e933@group-A03FB28DED75->3e7bdddb-bd7c-4654-a454-885ab84ced57-AppendLogResponseHandler: follower responses appendEntries COMPLETED
2021-12-29 13:37:07,422 [grpc-default-executor-3] INFO  leader.FollowerInfo (FollowerInfoImpl.java:lambda$new$0(47)) - 0611f638-a8f4-4cee-844a-1fb388a9e933@group-A03FB28DED75->3e7bdddb-bd7c-4654-a454-885ab84ced57: nextIndex: updateUnconditionally 5 -> 4
2021-12-29 13:37:07,411 [0611f638-a8f4-4cee-844a-1fb388a9e933@group-F71E69C7ACE7-StateMachineUpdater] INFO  ratis.ContainerStateMachine (ContainerStateMachine.java:takeSnapshot(299)) - group-F71E69C7ACE7: Taking a snapshot at:(t:2, i:43) file /home/runner/work/ozone/ozone/hadoop-ozone/integration-test/target/test-dir/MiniOzoneClusterImpl-aadba4d7-ee9c-4873-8a56-559a23ee9528/datanode-0/data/ratis/1f196000-2c61-4eb6-be03-f71e69c7ace7/sm/snapshot.2_43
2021-12-29 13:37:07,423 [3e7bdddb-bd7c-4654-a454-885ab84ced57@group-A03FB28DED75-StateMachineUpdater] INFO  ratis.ContainerStateMachine (ContainerStateMachine.java:takeSnapshot(310)) - group-A03FB28DED75: Finished taking a snapshot at:(t:3, i:4) file:/home/runner/work/ozone/ozone/hadoop-ozone/integration-test/target/test-dir/MiniOzoneClusterImpl-aadba4d7-ee9c-4873-8a56-559a23ee9528/datanode-1/data/ratis/4cd0111a-ce4d-4e78-a869-a03fb28ded75/sm/snapshot.3_4 took: 12 ms
2021-12-29 13:37:07,423 [3e7bdddb-bd7c-4654-a454-885ab84ced57@group-A03FB28DED75-StateMachineUpdater] INFO  impl.StateMachineUpdater (StateMachineUpdater.java:takeSnapshot(281)) - 3e7bdddb-bd7c-4654-a454-885ab84ced57@group-A03FB28DED75-StateMachineUpdater: Took a snapshot at index 4
2021-12-29 13:37:07,423 [3e7bdddb-bd7c-4654-a454-885ab84ced57@group-A03FB28DED75-StateMachineUpdater] INFO  impl.StateMachineUpdater (StateMachineUpdater.java:lambda$new$0(89)) - 3e7bdddb-bd7c-4654-a454-885ab84ced57@group-A03FB28DED75-StateMachineUpdater: snapshotIndex: updateIncreasingly -1 -> 4
2021-12-29 13:37:07,423 [Listener at 127.0.0.1/42909] INFO  server.RaftServer$Division (ServerState.java:close(419)) - 3e7bdddb-bd7c-4654-a454-885ab84ced57@group-A03FB28DED75: closes. applyIndex: 4
2021-12-29 13:37:07,424 [3e7bdddb-bd7c-4654-a454-885ab84ced57@group-A03FB28DED75-SegmentedRaftLogWorker] INFO  segmented.SegmentedRaftLogWorker (SegmentedRaftLogWorker.java:run(327)) - 3e7bdddb-bd7c-4654-a454-885ab84ced57@group-A03FB28DED75-SegmentedRaftLogWorker was interrupted, exiting. There are 0 tasks remaining in the queue.
2021-12-29 13:37:07,426 [Listener at 127.0.0.1/42909] INFO  segmented.SegmentedRaftLogWorker (SegmentedRaftLogWorker.java:close(237)) - 3e7bdddb-bd7c-4654-a454-885ab84ced57@group-A03FB28DED75-SegmentedRaftLogWorker close()
2021-12-29 13:37:07,430 [0611f638-a8f4-4cee-844a-1fb388a9e933@group-F71E69C7ACE7-StateMachineUpdater] INFO  ratis.ContainerStateMachine (ContainerStateMachine.java:takeSnapshot(310)) - group-F71E69C7ACE7: Finished taking a snapshot at:(t:2, i:43) file:/home/runner/work/ozone/ozone/hadoop-ozone/integration-test/target/test-dir/MiniOzoneClusterImpl-aadba4d7-ee9c-4873-8a56-559a23ee9528/datanode-0/data/ratis/1f196000-2c61-4eb6-be03-f71e69c7ace7/sm/snapshot.2_43 took: 15 ms
2021-12-29 13:37:07,430 [0611f638-a8f4-4cee-844a-1fb388a9e933@group-F71E69C7ACE7-StateMachineUpdater] INFO  impl.StateMachineUpdater (StateMachineUpdater.java:takeSnapshot(281)) - 0611f638-a8f4-4cee-844a-1fb388a9e933@group-F71E69C7ACE7-StateMachineUpdater: Took a snapshot at index 43
2021-12-29 13:37:07,430 [0611f638-a8f4-4cee-844a-1fb388a9e933@group-F71E69C7ACE7-StateMachineUpdater] INFO  impl.StateMachineUpdater (StateMachineUpdater.java:lambda$new$0(89)) - 0611f638-a8f4-4cee-844a-1fb388a9e933@group-F71E69C7ACE7-StateMachineUpdater: snapshotIndex: updateIncreasingly -1 -> 43
2021-12-29 13:37:07,430 [ForkJoinPool.commonPool-worker-1] INFO  server.RaftServer$Division (ServerState.java:close(419)) - 0611f638-a8f4-4cee-844a-1fb388a9e933@group-F71E69C7ACE7: closes. applyIndex: 43
2021-12-29 13:37:07,430 [0611f638-a8f4-4cee-844a-1fb388a9e933@group-F71E69C7ACE7-SegmentedRaftLogWorker] INFO  segmented.SegmentedRaftLogWorker (SegmentedRaftLogWorker.java:run(327)) - 0611f638-a8f4-4cee-844a-1fb388a9e933@group-F71E69C7ACE7-SegmentedRaftLogWorker was interrupted, exiting. There are 0 tasks remaining in the queue.
2021-12-29 13:37:07,433 [ForkJoinPool.commonPool-worker-1] INFO  segmented.SegmentedRaftLogWorker (SegmentedRaftLogWorker.java:close(237)) - 0611f638-a8f4-4cee-844a-1fb388a9e933@group-F71E69C7ACE7-SegmentedRaftLogWorker close()
2021-12-29 13:37:07,433 [Listener at 127.0.0.1/42909] INFO  server.RaftServer$Division (RaftServerImpl.java:lambda$close$4(412)) - 3e7bdddb-bd7c-4654-a454-885ab84ced57@group-F71E69C7ACE7: shutdown
2021-12-29 13:37:07,433 [ForkJoinPool.commonPool-worker-1] INFO  server.RaftServer$Division (RaftServerImpl.java:lambda$close$4(412)) - 0611f638-a8f4-4cee-844a-1fb388a9e933@group-263760F17C78: shutdown
2021-12-29 13:37:07,440 [Listener at 127.0.0.1/42909] INFO  util.JmxRegister (JmxRegister.java:unregister(73)) - Successfully un-registered JMX Bean with object name Ratis:service=RaftServer,group=group-F71E69C7ACE7,id=3e7bdddb-bd7c-4654-a454-885ab84ced57
2021-12-29 13:37:07,440 [Listener at 127.0.0.1/42909] INFO  impl.RoleInfo (RoleInfo.java:shutdownFollowerState(108)) - 3e7bdddb-bd7c-4654-a454-885ab84ced57: shutdown 3e7bdddb-bd7c-4654-a454-885ab84ced57@group-F71E69C7ACE7-FollowerState
2021-12-29 13:37:07,440 [ForkJoinPool.commonPool-worker-1] INFO  util.JmxRegister (JmxRegister.java:unregister(73)) - Successfully un-registered JMX Bean with object name Ratis:service=RaftServer,group=group-263760F17C78,id=0611f638-a8f4-4cee-844a-1fb388a9e933
2021-12-29 13:37:07,441 [3e7bdddb-bd7c-4654-a454-885ab84ced57@group-F71E69C7ACE7-FollowerState] INFO  impl.FollowerState (FollowerState.java:run(143)) - 3e7bdddb-bd7c-4654-a454-885ab84ced57@group-F71E69C7ACE7-FollowerState was interrupted: {}
java.lang.InterruptedException: sleep interrupted
	at java.lang.Thread.sleep(Native Method)
	at java.lang.Thread.sleep(Thread.java:340)
	at java.util.concurrent.TimeUnit.sleep(TimeUnit.java:386)
	at org.apache.ratis.util.TimeDuration.sleep(TimeDuration.java:324)
	at org.apache.ratis.util.TimeDuration.sleep(TimeDuration.java:309)
	at org.apache.ratis.server.impl.FollowerState.run(FollowerState.java:118)
2021-12-29 13:37:07,441 [3e7bdddb-bd7c-4654-a454-885ab84ced57@group-F71E69C7ACE7-StateMachineUpdater] INFO  ratis.ContainerStateMachine (ContainerStateMachine.java:takeSnapshot(299)) - group-F71E69C7ACE7: Taking a snapshot at:(t:2, i:43) file /home/runner/work/ozone/ozone/hadoop-ozone/integration-test/target/test-dir/MiniOzoneClusterImpl-aadba4d7-ee9c-4873-8a56-559a23ee9528/datanode-1/data/ratis/1f196000-2c61-4eb6-be03-f71e69c7ace7/sm/snapshot.2_43
2021-12-29 13:37:07,440 [Listener at 127.0.0.1/42909] INFO  impl.StateMachineUpdater (StateMachineUpdater.java:stopAndJoin(149)) - 3e7bdddb-bd7c-4654-a454-885ab84ced57@group-F71E69C7ACE7-StateMachineUpdater: set stopIndex = 43
2021-12-29 13:37:07,441 [ForkJoinPool.commonPool-worker-1] INFO  impl.RoleInfo (RoleInfo.java:shutdownLeaderState(91)) - 0611f638-a8f4-4cee-844a-1fb388a9e933: shutdown 0611f638-a8f4-4cee-844a-1fb388a9e933@group-263760F17C78-LeaderStateImpl
2021-12-29 13:37:07,442 [ForkJoinPool.commonPool-worker-1] INFO  impl.PendingRequests (PendingRequests.java:sendNotLeaderResponses(282)) - 0611f638-a8f4-4cee-844a-1fb388a9e933@group-263760F17C78-PendingRequests: sendNotLeaderResponses
2021-12-29 13:37:07,442 [ForkJoinPool.commonPool-worker-1] INFO  impl.StateMachineUpdater (StateMachineUpdater.java:stopAndJoin(149)) - 0611f638-a8f4-4cee-844a-1fb388a9e933@group-263760F17C78-StateMachineUpdater: set stopIndex = 0
2021-12-29 13:37:07,442 [3e7bdddb-bd7c-4654-a454-885ab84ced57@group-F71E69C7ACE7-StateMachineUpdater] INFO  ratis.ContainerStateMachine (ContainerStateMachine.java:takeSnapshot(310)) - group-F71E69C7ACE7: Finished taking a snapshot at:(t:2, i:43) file:/home/runner/work/ozone/ozone/hadoop-ozone/integration-test/target/test-dir/MiniOzoneClusterImpl-aadba4d7-ee9c-4873-8a56-559a23ee9528/datanode-1/data/ratis/1f196000-2c61-4eb6-be03-f71e69c7ace7/sm/snapshot.2_43 took: 1 ms
2021-12-29 13:37:07,443 [0611f638-a8f4-4cee-844a-1fb388a9e933@group-263760F17C78-StateMachineUpdater] INFO  ratis.ContainerStateMachine (ContainerStateMachine.java:takeSnapshot(299)) - group-263760F17C78: Taking a snapshot at:(t:1, i:0) file /home/runner/work/ozone/ozone/hadoop-ozone/integration-test/target/test-dir/MiniOzoneClusterImpl-aadba4d7-ee9c-4873-8a56-559a23ee9528/datanode-0/data/ratis/90e1633f-0924-4ca3-b0c8-263760f17c78/sm/snapshot.1_0
2021-12-29 13:37:07,443 [3e7bdddb-bd7c-4654-a454-885ab84ced57@group-F71E69C7ACE7-StateMachineUpdater] INFO  impl.StateMachineUpdater (StateMachineUpdater.java:takeSnapshot(281)) - 3e7bdddb-bd7c-4654-a454-885ab84ced57@group-F71E69C7ACE7-StateMachineUpdater: Took a snapshot at index 43
2021-12-29 13:37:07,443 [3e7bdddb-bd7c-4654-a454-885ab84ced57@group-F71E69C7ACE7-StateMachineUpdater] INFO  impl.StateMachineUpdater (StateMachineUpdater.java:lambda$new$0(89)) - 3e7bdddb-bd7c-4654-a454-885ab84ced57@group-F71E69C7ACE7-StateMachineUpdater: snapshotIndex: updateIncreasingly -1 -> 43
2021-12-29 13:37:07,443 [0611f638-a8f4-4cee-844a-1fb388a9e933@group-263760F17C78-StateMachineUpdater] INFO  ratis.ContainerStateMachine (ContainerStateMachine.java:takeSnapshot(310)) - group-263760F17C78: Finished taking a snapshot at:(t:1, i:0) file:/home/runner/work/ozone/ozone/hadoop-ozone/integration-test/target/test-dir/MiniOzoneClusterImpl-aadba4d7-ee9c-4873-8a56-559a23ee9528/datanode-0/data/ratis/90e1633f-0924-4ca3-b0c8-263760f17c78/sm/snapshot.1_0 took: 1 ms
2021-12-29 13:37:07,444 [0611f638-a8f4-4cee-844a-1fb388a9e933@group-263760F17C78-StateMachineUpdater] INFO  impl.StateMachineUpdater (StateMachineUpdater.java:takeSnapshot(281)) - 0611f638-a8f4-4cee-844a-1fb388a9e933@group-263760F17C78-StateMachineUpdater: Took a snapshot at index 0
2021-12-29 13:37:07,444 [0611f638-a8f4-4cee-844a-1fb388a9e933@group-263760F17C78-StateMachineUpdater] INFO  impl.StateMachineUpdater (StateMachineUpdater.java:lambda$new$0(89)) - 0611f638-a8f4-4cee-844a-1fb388a9e933@group-263760F17C78-StateMachineUpdater: snapshotIndex: updateIncreasingly -1 -> 0
2021-12-29 13:37:07,444 [ForkJoinPool.commonPool-worker-1] INFO  server.RaftServer$Division (ServerState.java:close(419)) - 0611f638-a8f4-4cee-844a-1fb388a9e933@group-263760F17C78: closes. applyIndex: 0
2021-12-29 13:37:07,444 [0611f638-a8f4-4cee-844a-1fb388a9e933@group-263760F17C78-SegmentedRaftLogWorker] INFO  segmented.SegmentedRaftLogWorker (SegmentedRaftLogWorker.java:run(327)) - 0611f638-a8f4-4cee-844a-1fb388a9e933@group-263760F17C78-SegmentedRaftLogWorker was interrupted, exiting. There are 0 tasks remaining in the queue.
2021-12-29 13:37:07,444 [Listener at 127.0.0.1/42909] INFO  server.RaftServer$Division (ServerState.java:close(419)) - 3e7bdddb-bd7c-4654-a454-885ab84ced57@group-F71E69C7ACE7: closes. applyIndex: 43
2021-12-29 13:37:07,444 [3e7bdddb-bd7c-4654-a454-885ab84ced57@group-F71E69C7ACE7-SegmentedRaftLogWorker] INFO  segmented.SegmentedRaftLogWorker (SegmentedRaftLogWorker.java:run(327)) - 3e7bdddb-bd7c-4654-a454-885ab84ced57@group-F71E69C7ACE7-SegmentedRaftLogWorker was interrupted, exiting. There are 0 tasks remaining in the queue.
2021-12-29 13:37:07,445 [ForkJoinPool.commonPool-worker-1] INFO  segmented.SegmentedRaftLogWorker (SegmentedRaftLogWorker.java:close(237)) - 0611f638-a8f4-4cee-844a-1fb388a9e933@group-263760F17C78-SegmentedRaftLogWorker close()
2021-12-29 13:37:07,447 [Listener at 127.0.0.1/42909] INFO  segmented.SegmentedRaftLogWorker (SegmentedRaftLogWorker.java:close(237)) - 3e7bdddb-bd7c-4654-a454-885ab84ced57@group-F71E69C7ACE7-SegmentedRaftLogWorker close()
2021-12-29 13:37:07,447 [ForkJoinPool.commonPool-worker-1] INFO  server.GrpcService (GrpcService.java:closeImpl(262)) - 0611f638-a8f4-4cee-844a-1fb388a9e933: shutdown server with port 34987 now
2021-12-29 13:37:07,450 [grpc-default-executor-2] WARN  server.GrpcServerProtocolService (LogUtils.java:warn(122)) - 0611f638-a8f4-4cee-844a-1fb388a9e933: installSnapshot onError, lastRequest: e6152946-d0ea-4073-bce7-5683c36ce8c1->0611f638-a8f4-4cee-844a-1fb388a9e933#425-t2,previous=(t:2, i:42),leaderCommit=41,initializing? true,entries: size=1, first=(t:2, i:43), METADATAENTRY(c:41): org.apache.ratis.thirdparty.io.grpc.StatusRuntimeException: CANCELLED: client cancelled
2021-12-29 13:37:07,451 [grpc-default-executor-0] WARN  client.GrpcClientProtocolService (LogUtils.java:warn(122)) - 1-UnorderedRequestStreamObserver1: onError: org.apache.ratis.thirdparty.io.grpc.StatusRuntimeException: CANCELLED: client cancelled
2021-12-29 13:37:07,451 [grpc-default-executor-3] WARN  server.GrpcLogAppender (LogUtils.java:warn(122)) - e6152946-d0ea-4073-bce7-5683c36ce8c1@group-F71E69C7ACE7->0611f638-a8f4-4cee-844a-1fb388a9e933-AppendLogResponseHandler: Failed appendEntries: org.apache.ratis.thirdparty.io.grpc.StatusRuntimeException: CANCELLED: HTTP/2 error code: CANCEL
Received Rst Stream
2021-12-29 13:37:07,451 [grpc-default-executor-3] INFO  leader.FollowerInfo (FollowerInfoImpl.java:lambda$new$0(47)) - e6152946-d0ea-4073-bce7-5683c36ce8c1@group-F71E69C7ACE7->0611f638-a8f4-4cee-844a-1fb388a9e933: nextIndex: updateUnconditionally 44 -> 43
2021-12-29 13:37:07,454 [Listener at 127.0.0.1/42909] INFO  server.RaftServer$Division (RaftServerImpl.java:lambda$close$4(412)) - 3e7bdddb-bd7c-4654-a454-885ab84ced57@group-F2CE418F41C4: shutdown
2021-12-29 13:37:07,454 [Listener at 127.0.0.1/42909] INFO  util.JmxRegister (JmxRegister.java:unregister(73)) - Successfully un-registered JMX Bean with object name Ratis:service=RaftServer,group=group-F2CE418F41C4,id=3e7bdddb-bd7c-4654-a454-885ab84ced57
2021-12-29 13:37:07,454 [Listener at 127.0.0.1/42909] INFO  impl.RoleInfo (RoleInfo.java:shutdownLeaderState(91)) - 3e7bdddb-bd7c-4654-a454-885ab84ced57: shutdown 3e7bdddb-bd7c-4654-a454-885ab84ced57@group-F2CE418F41C4-LeaderStateImpl
2021-12-29 13:37:07,454 [Listener at 127.0.0.1/42909] INFO  impl.PendingRequests (PendingRequests.java:sendNotLeaderResponses(282)) - 3e7bdddb-bd7c-4654-a454-885ab84ced57@group-F2CE418F41C4-PendingRequests: sendNotLeaderResponses
2021-12-29 13:37:07,455 [Listener at 127.0.0.1/42909] INFO  impl.StateMachineUpdater (StateMachineUpdater.java:stopAndJoin(149)) - 3e7bdddb-bd7c-4654-a454-885ab84ced57@group-F2CE418F41C4-StateMachineUpdater: set stopIndex = 0
2021-12-29 13:37:07,455 [3e7bdddb-bd7c-4654-a454-885ab84ced57@group-F2CE418F41C4-StateMachineUpdater] INFO  ratis.ContainerStateMachine (ContainerStateMachine.java:takeSnapshot(299)) - group-F2CE418F41C4: Taking a snapshot at:(t:1, i:0) file /home/runner/work/ozone/ozone/hadoop-ozone/integration-test/target/test-dir/MiniOzoneClusterImpl-aadba4d7-ee9c-4873-8a56-559a23ee9528/datanode-1/data/ratis/ea62ff87-eec8-4619-96aa-f2ce418f41c4/sm/snapshot.1_0
2021-12-29 13:37:07,456 [3e7bdddb-bd7c-4654-a454-885ab84ced57@group-F2CE418F41C4-StateMachineUpdater] INFO  ratis.ContainerStateMachine (ContainerStateMachine.java:takeSnapshot(310)) - group-F2CE418F41C4: Finished taking a snapshot at:(t:1, i:0) file:/home/runner/work/ozone/ozone/hadoop-ozone/integration-test/target/test-dir/MiniOzoneClusterImpl-aadba4d7-ee9c-4873-8a56-559a23ee9528/datanode-1/data/ratis/ea62ff87-eec8-4619-96aa-f2ce418f41c4/sm/snapshot.1_0 took: 1 ms
2021-12-29 13:37:07,456 [3e7bdddb-bd7c-4654-a454-885ab84ced57@group-F2CE418F41C4-StateMachineUpdater] INFO  impl.StateMachineUpdater (StateMachineUpdater.java:takeSnapshot(281)) - 3e7bdddb-bd7c-4654-a454-885ab84ced57@group-F2CE418F41C4-StateMachineUpdater: Took a snapshot at index 0
2021-12-29 13:37:07,456 [3e7bdddb-bd7c-4654-a454-885ab84ced57@group-F2CE418F41C4-StateMachineUpdater] INFO  impl.StateMachineUpdater (StateMachineUpdater.java:lambda$new$0(89)) - 3e7bdddb-bd7c-4654-a454-885ab84ced57@group-F2CE418F41C4-StateMachineUpdater: snapshotIndex: updateIncreasingly -1 -> 0
2021-12-29 13:37:07,457 [Listener at 127.0.0.1/42909] INFO  server.RaftServer$Division (ServerState.java:close(419)) - 3e7bdddb-bd7c-4654-a454-885ab84ced57@group-F2CE418F41C4: closes. applyIndex: 0
2021-12-29 13:37:07,458 [3e7bdddb-bd7c-4654-a454-885ab84ced57@group-F2CE418F41C4-SegmentedRaftLogWorker] INFO  segmented.SegmentedRaftLogWorker (SegmentedRaftLogWorker.java:run(327)) - 3e7bdddb-bd7c-4654-a454-885ab84ced57@group-F2CE418F41C4-SegmentedRaftLogWorker was interrupted, exiting. There are 0 tasks remaining in the queue.
2021-12-29 13:37:07,458 [grpc-default-executor-0] WARN  server.GrpcLogAppender (LogUtils.java:warn(122)) - e6152946-d0ea-4073-bce7-5683c36ce8c1@group-F71E69C7ACE7->0611f638-a8f4-4cee-844a-1fb388a9e933-AppendLogResponseHandler: Failed appendEntries: org.apache.ratis.thirdparty.io.grpc.StatusRuntimeException: UNAVAILABLE: io exception
2021-12-29 13:37:07,458 [Listener at 127.0.0.1/42909] INFO  segmented.SegmentedRaftLogWorker (SegmentedRaftLogWorker.java:close(237)) - 3e7bdddb-bd7c-4654-a454-885ab84ced57@group-F2CE418F41C4-SegmentedRaftLogWorker close()
2021-12-29 13:37:07,459 [grpc-default-executor-0] INFO  leader.FollowerInfo (FollowerInfoImpl.java:lambda$new$0(47)) - e6152946-d0ea-4073-bce7-5683c36ce8c1@group-F71E69C7ACE7->0611f638-a8f4-4cee-844a-1fb388a9e933: nextIndex: updateUnconditionally 44 -> 43
2021-12-29 13:37:07,472 [Listener at 127.0.0.1/42909] INFO  server.GrpcService (GrpcService.java:closeImpl(262)) - 3e7bdddb-bd7c-4654-a454-885ab84ced57: shutdown server with port 45011 now
2021-12-29 13:37:07,494 [grpc-default-executor-3] WARN  server.GrpcServerProtocolService (LogUtils.java:warn(122)) - 3e7bdddb-bd7c-4654-a454-885ab84ced57: installSnapshot onError, lastRequest: e6152946-d0ea-4073-bce7-5683c36ce8c1->3e7bdddb-bd7c-4654-a454-885ab84ced57#438-t2,previous=(t:2, i:42),leaderCommit=41,initializing? true,entries: size=1, first=(t:2, i:43), METADATAENTRY(c:41): org.apache.ratis.thirdparty.io.grpc.StatusRuntimeException: CANCELLED: client cancelled
2021-12-29 13:37:07,506 [ForkJoinPool.commonPool-worker-1] INFO  server.GrpcService (GrpcService.java:closeImpl(271)) - 0611f638-a8f4-4cee-844a-1fb388a9e933: shutdown server with port 34987 successfully
2021-12-29 13:37:07,506 [org.apache.ratis.util.JvmPauseMonitor$$Lambda$528/1712405372@427f8746] INFO  util.JvmPauseMonitor (JvmPauseMonitor.java:run(109)) - JvmPauseMonitor-0611f638-a8f4-4cee-844a-1fb388a9e933: Stopped
2021-12-29 13:37:07,510 [grpc-default-executor-3] WARN  server.GrpcLogAppender (LogUtils.java:warn(122)) - e6152946-d0ea-4073-bce7-5683c36ce8c1@group-F71E69C7ACE7->3e7bdddb-bd7c-4654-a454-885ab84ced57-AppendLogResponseHandler: Failed appendEntries: org.apache.ratis.thirdparty.io.grpc.StatusRuntimeException: CANCELLED: HTTP/2 error code: CANCEL
Received Rst Stream
2021-12-29 13:37:07,510 [grpc-default-executor-3] INFO  leader.FollowerInfo (FollowerInfoImpl.java:lambda$new$0(47)) - e6152946-d0ea-4073-bce7-5683c36ce8c1@group-F71E69C7ACE7->3e7bdddb-bd7c-4654-a454-885ab84ced57: nextIndex: updateUnconditionally 44 -> 43
2021-12-29 13:37:07,515 [grpc-default-executor-0] WARN  server.GrpcLogAppender (LogUtils.java:warn(122)) - e6152946-d0ea-4073-bce7-5683c36ce8c1@group-F71E69C7ACE7->3e7bdddb-bd7c-4654-a454-885ab84ced57-AppendLogResponseHandler: Failed appendEntries: org.apache.ratis.thirdparty.io.grpc.StatusRuntimeException: UNAVAILABLE: io exception
2021-12-29 13:37:07,515 [grpc-default-executor-0] INFO  leader.FollowerInfo (FollowerInfoImpl.java:lambda$new$0(47)) - e6152946-d0ea-4073-bce7-5683c36ce8c1@group-F71E69C7ACE7->3e7bdddb-bd7c-4654-a454-885ab84ced57: nextIndex: updateUnconditionally 44 -> 43
2021-12-29 13:37:07,534 [Listener at 127.0.0.1/42909] INFO  server.GrpcService (GrpcService.java:closeImpl(271)) - 3e7bdddb-bd7c-4654-a454-885ab84ced57: shutdown server with port 45011 successfully
2021-12-29 13:37:07,534 [org.apache.ratis.util.JvmPauseMonitor$$Lambda$528/1712405372@5ed67935] INFO  util.JvmPauseMonitor (JvmPauseMonitor.java:run(109)) - JvmPauseMonitor-3e7bdddb-bd7c-4654-a454-885ab84ced57: Stopped
2021-12-29 13:37:09,534 [ForkJoinPool.commonPool-worker-1] INFO  utils.BackgroundService (BackgroundService.java:shutdown(132)) - Shutting down service BlockDeletingService
2021-12-29 13:37:09,594 [Listener at 127.0.0.1/42909] INFO  utils.BackgroundService (BackgroundService.java:shutdown(132)) - Shutting down service BlockDeletingService
2021-12-29 13:37:09,962 [grpc-default-executor-0] WARN  server.GrpcLogAppender (LogUtils.java:warn(122)) - e6152946-d0ea-4073-bce7-5683c36ce8c1@group-F71E69C7ACE7->0611f638-a8f4-4cee-844a-1fb388a9e933-AppendLogResponseHandler: Failed appendEntries: org.apache.ratis.thirdparty.io.grpc.StatusRuntimeException: UNAVAILABLE: io exception
2021-12-29 13:37:09,963 [grpc-default-executor-0] INFO  leader.FollowerInfo (FollowerInfoImpl.java:lambda$new$0(47)) - e6152946-d0ea-4073-bce7-5683c36ce8c1@group-F71E69C7ACE7->0611f638-a8f4-4cee-844a-1fb388a9e933: nextIndex: updateUnconditionally 44 -> 43
2021-12-29 13:37:10,015 [grpc-default-executor-0] WARN  server.GrpcLogAppender (LogUtils.java:warn(122)) - e6152946-d0ea-4073-bce7-5683c36ce8c1@group-F71E69C7ACE7->3e7bdddb-bd7c-4654-a454-885ab84ced57-AppendLogResponseHandler: Failed appendEntries: org.apache.ratis.thirdparty.io.grpc.StatusRuntimeException: UNAVAILABLE: io exception
2021-12-29 13:37:10,016 [grpc-default-executor-0] INFO  leader.FollowerInfo (FollowerInfoImpl.java:lambda$new$0(47)) - e6152946-d0ea-4073-bce7-5683c36ce8c1@group-F71E69C7ACE7->3e7bdddb-bd7c-4654-a454-885ab84ced57: nextIndex: updateUnconditionally 44 -> 43
2021-12-29 13:37:12,334 [e6152946-d0ea-4073-bce7-5683c36ce8c1@group-F71E69C7ACE7-LeaderStateImpl] WARN  server.RaftServer$Division (LeaderStateImpl.java:checkLeadership(974)) - e6152946-d0ea-4073-bce7-5683c36ce8c1@group-F71E69C7ACE7-LeaderStateImpl: Lost leadership on term: 2. Election timeout: 5200ms. In charge for: 20179ms. Conf: 0: [e6152946-d0ea-4073-bce7-5683c36ce8c1|rpc:10.1.0.26:45851|dataStream:|priority:1, 0611f638-a8f4-4cee-844a-1fb388a9e933|rpc:10.1.0.26:34987|dataStream:|priority:0, 3e7bdddb-bd7c-4654-a454-885ab84ced57|rpc:10.1.0.26:45011|dataStream:|priority:0], old=null
2021-12-29 13:37:12,334 [e6152946-d0ea-4073-bce7-5683c36ce8c1@group-F71E69C7ACE7-LeaderStateImpl] WARN  server.RaftServer$Division (LeaderStateImpl.java:lambda$checkLeadership$15(978)) - Follower e6152946-d0ea-4073-bce7-5683c36ce8c1@group-F71E69C7ACE7->0611f638-a8f4-4cee-844a-1fb388a9e933(c43,m43,n43, attendVote=true, lastRpcSendTime=2375, lastRpcResponseTime=5704)
2021-12-29 13:37:12,334 [e6152946-d0ea-4073-bce7-5683c36ce8c1@group-F71E69C7ACE7-LeaderStateImpl] WARN  server.RaftServer$Division (LeaderStateImpl.java:lambda$checkLeadership$15(978)) - Follower e6152946-d0ea-4073-bce7-5683c36ce8c1@group-F71E69C7ACE7->3e7bdddb-bd7c-4654-a454-885ab84ced57(c43,m43,n43, attendVote=true, lastRpcSendTime=2319, lastRpcResponseTime=5614)
2021-12-29 13:37:12,334 [e6152946-d0ea-4073-bce7-5683c36ce8c1@group-F71E69C7ACE7-LeaderStateImpl] INFO  server.RaftServer$Division (RaftServerImpl.java:setRole(290)) - e6152946-d0ea-4073-bce7-5683c36ce8c1@group-F71E69C7ACE7: changes role from    LEADER to FOLLOWER at term 2 for StepDownReason:LOST_MAJORITY_HEARTBEATS
2021-12-29 13:37:12,334 [e6152946-d0ea-4073-bce7-5683c36ce8c1@group-F71E69C7ACE7-LeaderStateImpl] INFO  impl.RoleInfo (RoleInfo.java:shutdownLeaderState(91)) - e6152946-d0ea-4073-bce7-5683c36ce8c1: shutdown e6152946-d0ea-4073-bce7-5683c36ce8c1@group-F71E69C7ACE7-LeaderStateImpl
2021-12-29 13:37:12,335 [e6152946-d0ea-4073-bce7-5683c36ce8c1@group-F71E69C7ACE7-LeaderStateImpl] INFO  impl.PendingRequests (PendingRequests.java:sendNotLeaderResponses(282)) - e6152946-d0ea-4073-bce7-5683c36ce8c1@group-F71E69C7ACE7-PendingRequests: sendNotLeaderResponses
2021-12-29 13:37:12,335 [e6152946-d0ea-4073-bce7-5683c36ce8c1@group-F71E69C7ACE7-LeaderStateImpl] INFO  impl.RoleInfo (RoleInfo.java:updateAndGet(130)) - e6152946-d0ea-4073-bce7-5683c36ce8c1: start e6152946-d0ea-4073-bce7-5683c36ce8c1@group-F71E69C7ACE7-FollowerState
2021-12-29 13:37:12,336 [e6152946-d0ea-4073-bce7-5683c36ce8c1@group-F71E69C7ACE7->3e7bdddb-bd7c-4654-a454-885ab84ced57-GrpcLogAppender-LogAppenderDaemon] WARN  server.GrpcLogAppender (GrpcLogAppender.java:mayWait(177)) - e6152946-d0ea-4073-bce7-5683c36ce8c1@group-F71E69C7ACE7->3e7bdddb-bd7c-4654-a454-885ab84ced57-GrpcLogAppender: Wait interrupted by java.lang.InterruptedException
2021-12-29 13:37:12,336 [e6152946-d0ea-4073-bce7-5683c36ce8c1@group-F71E69C7ACE7->0611f638-a8f4-4cee-844a-1fb388a9e933-GrpcLogAppender-LogAppenderDaemon] WARN  server.GrpcLogAppender (GrpcLogAppender.java:mayWait(177)) - e6152946-d0ea-4073-bce7-5683c36ce8c1@group-F71E69C7ACE7->0611f638-a8f4-4cee-844a-1fb388a9e933-GrpcLogAppender: Wait interrupted by java.lang.InterruptedException
2021-12-29 13:37:12,525 [e6152946-d0ea-4073-bce7-5683c36ce8c1@group-A03FB28DED75-FollowerState] INFO  impl.FollowerState (FollowerState.java:run(134)) - e6152946-d0ea-4073-bce7-5683c36ce8c1@group-A03FB28DED75-FollowerState: change to CANDIDATE, lastRpcElapsedTime:6630807845ns, electionTimeout:5059ms
2021-12-29 13:37:12,525 [e6152946-d0ea-4073-bce7-5683c36ce8c1@group-A03FB28DED75-FollowerState] INFO  impl.RoleInfo (RoleInfo.java:shutdownFollowerState(108)) - e6152946-d0ea-4073-bce7-5683c36ce8c1: shutdown e6152946-d0ea-4073-bce7-5683c36ce8c1@group-A03FB28DED75-FollowerState
2021-12-29 13:37:12,525 [e6152946-d0ea-4073-bce7-5683c36ce8c1@group-A03FB28DED75-FollowerState] INFO  server.RaftServer$Division (RaftServerImpl.java:setRole(290)) - e6152946-d0ea-4073-bce7-5683c36ce8c1@group-A03FB28DED75: changes role from  FOLLOWER to CANDIDATE at term 3 for changeToCandidate
2021-12-29 13:37:12,525 [e6152946-d0ea-4073-bce7-5683c36ce8c1@group-A03FB28DED75-FollowerState] INFO  server.RaftServerConfigKeys (ConfUtils.java:logGet(44)) - raft.server.leaderelection.pre-vote = false (custom)
2021-12-29 13:37:12,525 [e6152946-d0ea-4073-bce7-5683c36ce8c1@group-A03FB28DED75-FollowerState] INFO  impl.RoleInfo (RoleInfo.java:updateAndGet(130)) - e6152946-d0ea-4073-bce7-5683c36ce8c1: start e6152946-d0ea-4073-bce7-5683c36ce8c1@group-A03FB28DED75-LeaderElection53
2021-12-29 13:37:12,544 [e6152946-d0ea-4073-bce7-5683c36ce8c1@group-A03FB28DED75-LeaderElection53] INFO  server.RaftServer$Division (ServerState.java:setLeader(285)) - e6152946-d0ea-4073-bce7-5683c36ce8c1@group-A03FB28DED75: change Leader from 0611f638-a8f4-4cee-844a-1fb388a9e933 to null at term 3 for ELECTION
2021-12-29 13:37:12,549 [e6152946-d0ea-4073-bce7-5683c36ce8c1@group-A03FB28DED75-LeaderElection53] INFO  impl.LeaderElection (LeaderElection.java:askForVotes(306)) - e6152946-d0ea-4073-bce7-5683c36ce8c1@group-A03FB28DED75-LeaderElection53 ELECTION round 0: submit vote requests at term 4 for 0: [e6152946-d0ea-4073-bce7-5683c36ce8c1|rpc:10.1.0.26:45851|dataStream:|priority:0, 0611f638-a8f4-4cee-844a-1fb388a9e933|rpc:10.1.0.26:34987|dataStream:|priority:1, 3e7bdddb-bd7c-4654-a454-885ab84ced57|rpc:10.1.0.26:45011|dataStream:|priority:0], old=null
2021-12-29 13:37:12,564 [e6152946-d0ea-4073-bce7-5683c36ce8c1@group-A03FB28DED75-LeaderElection53] INFO  impl.LeaderElection (LogUtils.java:infoOrTrace(137)) - e6152946-d0ea-4073-bce7-5683c36ce8c1@group-A03FB28DED75-LeaderElection53 got exception when requesting votes: java.util.concurrent.ExecutionException: org.apache.ratis.thirdparty.io.grpc.StatusRuntimeException: UNAVAILABLE: io exception
2021-12-29 13:37:12,564 [e6152946-d0ea-4073-bce7-5683c36ce8c1@group-A03FB28DED75-LeaderElection53] INFO  impl.LeaderElection (LogUtils.java:infoOrTrace(137)) - e6152946-d0ea-4073-bce7-5683c36ce8c1@group-A03FB28DED75-LeaderElection53 got exception when requesting votes: java.util.concurrent.ExecutionException: org.apache.ratis.thirdparty.io.grpc.StatusRuntimeException: UNAVAILABLE: io exception
2021-12-29 13:37:12,564 [e6152946-d0ea-4073-bce7-5683c36ce8c1@group-A03FB28DED75-LeaderElection53] INFO  impl.LeaderElection (LeaderElection.java:logAndReturn(89)) - e6152946-d0ea-4073-bce7-5683c36ce8c1@group-A03FB28DED75-LeaderElection53: ELECTION REJECTED received 0 response(s) and 2 exception(s):
2021-12-29 13:37:12,565 [e6152946-d0ea-4073-bce7-5683c36ce8c1@group-A03FB28DED75-LeaderElection53] INFO  impl.LeaderElection (LogUtils.java:infoOrTrace(137)) -   Exception 0: java.util.concurrent.ExecutionException: org.apache.ratis.thirdparty.io.grpc.StatusRuntimeException: UNAVAILABLE: io exception
2021-12-29 13:37:12,565 [e6152946-d0ea-4073-bce7-5683c36ce8c1@group-A03FB28DED75-LeaderElection53] INFO  impl.LeaderElection (LogUtils.java:infoOrTrace(137)) -   Exception 1: java.util.concurrent.ExecutionException: org.apache.ratis.thirdparty.io.grpc.StatusRuntimeException: UNAVAILABLE: io exception
2021-12-29 13:37:12,565 [e6152946-d0ea-4073-bce7-5683c36ce8c1@group-A03FB28DED75-LeaderElection53] INFO  impl.LeaderElection (LeaderElection.java:askForVotes(308)) - e6152946-d0ea-4073-bce7-5683c36ce8c1@group-A03FB28DED75-LeaderElection53 ELECTION round 0: result REJECTED
2021-12-29 13:37:12,565 [e6152946-d0ea-4073-bce7-5683c36ce8c1@group-A03FB28DED75-LeaderElection53] INFO  server.RaftServer$Division (RaftServerImpl.java:setRole(290)) - e6152946-d0ea-4073-bce7-5683c36ce8c1@group-A03FB28DED75: changes role from CANDIDATE to FOLLOWER at term 4 for REJECTED
2021-12-29 13:37:12,565 [e6152946-d0ea-4073-bce7-5683c36ce8c1@group-A03FB28DED75-LeaderElection53] INFO  impl.RoleInfo (RoleInfo.java:shutdownLeaderElection(121)) - e6152946-d0ea-4073-bce7-5683c36ce8c1: shutdown e6152946-d0ea-4073-bce7-5683c36ce8c1@group-A03FB28DED75-LeaderElection53
2021-12-29 13:37:12,565 [e6152946-d0ea-4073-bce7-5683c36ce8c1@group-A03FB28DED75-LeaderElection53] INFO  impl.RoleInfo (RoleInfo.java:updateAndGet(130)) - e6152946-d0ea-4073-bce7-5683c36ce8c1: start e6152946-d0ea-4073-bce7-5683c36ce8c1@group-A03FB28DED75-FollowerState
2021-12-29 13:37:12,579 [ForkJoinPool.commonPool-worker-1] INFO  statemachine.DatanodeStateMachine (DatanodeStateMachine.java:stopDaemon(526)) - Ozone container server stopped.
2021-12-29 13:37:12,582 [ForkJoinPool.commonPool-worker-1] INFO  handler.ContextHandler (ContextHandler.java:doStop(1153)) - Stopped o.e.j.w.WebAppContext@5715e1dd{hddsDatanode,/,null,STOPPED}{jar:file:/home/runner/.m2/repository/org/apache/ozone/hdds-container-service/1.3.0-SNAPSHOT/hdds-container-service-1.3.0-SNAPSHOT.jar!/webapps/hddsDatanode}
2021-12-29 13:37:12,582 [ForkJoinPool.commonPool-worker-1] INFO  server.AbstractConnector (AbstractConnector.java:doStop(381)) - Stopped ServerConnector@6ae52aa2{HTTP/1.1, (http/1.1)}{0.0.0.0:0}
2021-12-29 13:37:12,582 [ForkJoinPool.commonPool-worker-1] INFO  server.session (HouseKeeper.java:stopScavenging(149)) - node0 Stopped scavenging
2021-12-29 13:37:12,583 [ForkJoinPool.commonPool-worker-1] INFO  handler.ContextHandler (ContextHandler.java:doStop(1153)) - Stopped o.e.j.s.ServletContextHandler@1e4afd9a{static,/static,jar:file:/home/runner/.m2/repository/org/apache/ozone/hdds-container-service/1.3.0-SNAPSHOT/hdds-container-service-1.3.0-SNAPSHOT.jar!/webapps/static,STOPPED}
2021-12-29 13:37:12,583 [ForkJoinPool.commonPool-worker-1] INFO  handler.ContextHandler (ContextHandler.java:doStop(1153)) - Stopped o.e.j.s.ServletContextHandler@2a33abcd{logs,/logs,file:///home/runner/work/ozone/ozone/hadoop-ozone/integration-test/target/log,STOPPED}
2021-12-29 13:37:12,602 [Listener at 127.0.0.1/42909] INFO  statemachine.DatanodeStateMachine (DatanodeStateMachine.java:stopDaemon(526)) - Ozone container server stopped.
2021-12-29 13:37:12,603 [Listener at 127.0.0.1/42909] INFO  handler.ContextHandler (ContextHandler.java:doStop(1153)) - Stopped o.e.j.w.WebAppContext@2bb42c81{hddsDatanode,/,null,STOPPED}{jar:file:/home/runner/.m2/repository/org/apache/ozone/hdds-container-service/1.3.0-SNAPSHOT/hdds-container-service-1.3.0-SNAPSHOT.jar!/webapps/hddsDatanode}
2021-12-29 13:37:12,604 [Listener at 127.0.0.1/42909] INFO  server.AbstractConnector (AbstractConnector.java:doStop(381)) - Stopped ServerConnector@42b4ce54{HTTP/1.1, (http/1.1)}{0.0.0.0:0}
2021-12-29 13:37:12,604 [Listener at 127.0.0.1/42909] INFO  server.session (HouseKeeper.java:stopScavenging(149)) - node0 Stopped scavenging
2021-12-29 13:37:12,604 [Listener at 127.0.0.1/42909] INFO  handler.ContextHandler (ContextHandler.java:doStop(1153)) - Stopped o.e.j.s.ServletContextHandler@7bb00516{static,/static,jar:file:/home/runner/.m2/repository/org/apache/ozone/hdds-container-service/1.3.0-SNAPSHOT/hdds-container-service-1.3.0-SNAPSHOT.jar!/webapps/static,STOPPED}
2021-12-29 13:37:12,605 [Listener at 127.0.0.1/42909] INFO  handler.ContextHandler (ContextHandler.java:doStop(1153)) - Stopped o.e.j.s.ServletContextHandler@4a0dffda{logs,/logs,file:///home/runner/work/ozone/ozone/hadoop-ozone/integration-test/target/log,STOPPED}
2021-12-29 13:37:17,513 [e6152946-d0ea-4073-bce7-5683c36ce8c1@group-F71E69C7ACE7-FollowerState] INFO  impl.FollowerState (FollowerState.java:lostMajorityHeartbeatsRecently(107)) - e6152946-d0ea-4073-bce7-5683c36ce8c1@group-F71E69C7ACE7-FollowerState: Skipping leader election since it stepped down recently (elapsed = 5177ms < waitTime = 10s)
2021-12-29 13:37:17,597 [ForkJoinPool.commonPool-worker-1] INFO  ozoneimpl.OzoneContainer (OzoneContainer.java:stop(336)) - Attempting to stop container services.
2021-12-29 13:37:17,599 [ForkJoinPool.commonPool-worker-1] INFO  server.RaftServer (RaftServerProxy.java:lambda$close$6(391)) - e6152946-d0ea-4073-bce7-5683c36ce8c1: close
2021-12-29 13:37:17,599 [ForkJoinPool.commonPool-worker-1] INFO  server.RaftServer$Division (RaftServerImpl.java:lambda$close$4(412)) - e6152946-d0ea-4073-bce7-5683c36ce8c1@group-A03FB28DED75: shutdown
2021-12-29 13:37:17,599 [ForkJoinPool.commonPool-worker-1] INFO  util.JmxRegister (JmxRegister.java:unregister(73)) - Successfully un-registered JMX Bean with object name Ratis:service=RaftServer,group=group-A03FB28DED75,id=e6152946-d0ea-4073-bce7-5683c36ce8c1
2021-12-29 13:37:17,599 [ForkJoinPool.commonPool-worker-1] INFO  impl.RoleInfo (RoleInfo.java:shutdownFollowerState(108)) - e6152946-d0ea-4073-bce7-5683c36ce8c1: shutdown e6152946-d0ea-4073-bce7-5683c36ce8c1@group-A03FB28DED75-FollowerState
2021-12-29 13:37:17,599 [ForkJoinPool.commonPool-worker-1] INFO  impl.StateMachineUpdater (StateMachineUpdater.java:stopAndJoin(149)) - e6152946-d0ea-4073-bce7-5683c36ce8c1@group-A03FB28DED75-StateMachineUpdater: set stopIndex = 4
2021-12-29 13:37:17,600 [e6152946-d0ea-4073-bce7-5683c36ce8c1@group-A03FB28DED75-FollowerState] INFO  impl.FollowerState (FollowerState.java:run(143)) - e6152946-d0ea-4073-bce7-5683c36ce8c1@group-A03FB28DED75-FollowerState was interrupted: {}
java.lang.InterruptedException: sleep interrupted
	at java.lang.Thread.sleep(Native Method)
	at java.lang.Thread.sleep(Thread.java:340)
	at java.util.concurrent.TimeUnit.sleep(TimeUnit.java:386)
	at org.apache.ratis.util.TimeDuration.sleep(TimeDuration.java:324)
	at org.apache.ratis.util.TimeDuration.sleep(TimeDuration.java:309)
	at org.apache.ratis.server.impl.FollowerState.run(FollowerState.java:118)
2021-12-29 13:37:17,600 [e6152946-d0ea-4073-bce7-5683c36ce8c1@group-A03FB28DED75-StateMachineUpdater] INFO  ratis.ContainerStateMachine (ContainerStateMachine.java:takeSnapshot(299)) - group-A03FB28DED75: Taking a snapshot at:(t:3, i:4) file /home/runner/work/ozone/ozone/hadoop-ozone/integration-test/target/test-dir/MiniOzoneClusterImpl-aadba4d7-ee9c-4873-8a56-559a23ee9528/datanode-2/data/ratis/4cd0111a-ce4d-4e78-a869-a03fb28ded75/sm/snapshot.3_4
2021-12-29 13:37:17,602 [e6152946-d0ea-4073-bce7-5683c36ce8c1@group-A03FB28DED75-StateMachineUpdater] INFO  ratis.ContainerStateMachine (ContainerStateMachine.java:takeSnapshot(310)) - group-A03FB28DED75: Finished taking a snapshot at:(t:3, i:4) file:/home/runner/work/ozone/ozone/hadoop-ozone/integration-test/target/test-dir/MiniOzoneClusterImpl-aadba4d7-ee9c-4873-8a56-559a23ee9528/datanode-2/data/ratis/4cd0111a-ce4d-4e78-a869-a03fb28ded75/sm/snapshot.3_4 took: 3 ms
2021-12-29 13:37:17,602 [e6152946-d0ea-4073-bce7-5683c36ce8c1@group-A03FB28DED75-StateMachineUpdater] INFO  impl.StateMachineUpdater (StateMachineUpdater.java:takeSnapshot(281)) - e6152946-d0ea-4073-bce7-5683c36ce8c1@group-A03FB28DED75-StateMachineUpdater: Took a snapshot at index 4
2021-12-29 13:37:17,602 [e6152946-d0ea-4073-bce7-5683c36ce8c1@group-A03FB28DED75-StateMachineUpdater] INFO  impl.StateMachineUpdater (StateMachineUpdater.java:lambda$new$0(89)) - e6152946-d0ea-4073-bce7-5683c36ce8c1@group-A03FB28DED75-StateMachineUpdater: snapshotIndex: updateIncreasingly -1 -> 4
2021-12-29 13:37:17,603 [ForkJoinPool.commonPool-worker-1] INFO  server.RaftServer$Division (ServerState.java:close(419)) - e6152946-d0ea-4073-bce7-5683c36ce8c1@group-A03FB28DED75: closes. applyIndex: 4
2021-12-29 13:37:17,603 [e6152946-d0ea-4073-bce7-5683c36ce8c1@group-A03FB28DED75-SegmentedRaftLogWorker] INFO  segmented.SegmentedRaftLogWorker (SegmentedRaftLogWorker.java:run(327)) - e6152946-d0ea-4073-bce7-5683c36ce8c1@group-A03FB28DED75-SegmentedRaftLogWorker was interrupted, exiting. There are 0 tasks remaining in the queue.
2021-12-29 13:37:17,603 [ForkJoinPool.commonPool-worker-1] INFO  segmented.SegmentedRaftLogWorker (SegmentedRaftLogWorker.java:close(237)) - e6152946-d0ea-4073-bce7-5683c36ce8c1@group-A03FB28DED75-SegmentedRaftLogWorker close()
2021-12-29 13:37:17,607 [ForkJoinPool.commonPool-worker-1] INFO  server.RaftServer$Division (RaftServerImpl.java:lambda$close$4(412)) - e6152946-d0ea-4073-bce7-5683c36ce8c1@group-F71E69C7ACE7: shutdown
2021-12-29 13:37:17,607 [ForkJoinPool.commonPool-worker-1] INFO  util.JmxRegister (JmxRegister.java:unregister(73)) - Successfully un-registered JMX Bean with object name Ratis:service=RaftServer,group=group-F71E69C7ACE7,id=e6152946-d0ea-4073-bce7-5683c36ce8c1
2021-12-29 13:37:17,607 [ForkJoinPool.commonPool-worker-1] INFO  impl.RoleInfo (RoleInfo.java:shutdownFollowerState(108)) - e6152946-d0ea-4073-bce7-5683c36ce8c1: shutdown e6152946-d0ea-4073-bce7-5683c36ce8c1@group-F71E69C7ACE7-FollowerState
2021-12-29 13:37:17,607 [ForkJoinPool.commonPool-worker-1] INFO  impl.StateMachineUpdater (StateMachineUpdater.java:stopAndJoin(149)) - e6152946-d0ea-4073-bce7-5683c36ce8c1@group-F71E69C7ACE7-StateMachineUpdater: set stopIndex = 43
2021-12-29 13:37:17,607 [e6152946-d0ea-4073-bce7-5683c36ce8c1@group-F71E69C7ACE7-FollowerState] INFO  impl.FollowerState (FollowerState.java:run(143)) - e6152946-d0ea-4073-bce7-5683c36ce8c1@group-F71E69C7ACE7-FollowerState was interrupted: {}
java.lang.InterruptedException: sleep interrupted
	at java.lang.Thread.sleep(Native Method)
	at java.lang.Thread.sleep(Thread.java:340)
	at java.util.concurrent.TimeUnit.sleep(TimeUnit.java:386)
	at org.apache.ratis.util.TimeDuration.sleep(TimeDuration.java:324)
	at org.apache.ratis.util.TimeDuration.sleep(TimeDuration.java:309)
	at org.apache.ratis.server.impl.FollowerState.run(FollowerState.java:118)
2021-12-29 13:37:17,607 [e6152946-d0ea-4073-bce7-5683c36ce8c1@group-F71E69C7ACE7-StateMachineUpdater] INFO  ratis.ContainerStateMachine (ContainerStateMachine.java:takeSnapshot(299)) - group-F71E69C7ACE7: Taking a snapshot at:(t:2, i:43) file /home/runner/work/ozone/ozone/hadoop-ozone/integration-test/target/test-dir/MiniOzoneClusterImpl-aadba4d7-ee9c-4873-8a56-559a23ee9528/datanode-2/data/ratis/1f196000-2c61-4eb6-be03-f71e69c7ace7/sm/snapshot.2_43
2021-12-29 13:37:17,623 [e6152946-d0ea-4073-bce7-5683c36ce8c1@group-F71E69C7ACE7-StateMachineUpdater] INFO  ratis.ContainerStateMachine (ContainerStateMachine.java:takeSnapshot(310)) - group-F71E69C7ACE7: Finished taking a snapshot at:(t:2, i:43) file:/home/runner/work/ozone/ozone/hadoop-ozone/integration-test/target/test-dir/MiniOzoneClusterImpl-aadba4d7-ee9c-4873-8a56-559a23ee9528/datanode-2/data/ratis/1f196000-2c61-4eb6-be03-f71e69c7ace7/sm/snapshot.2_43 took: 16 ms
2021-12-29 13:37:17,624 [e6152946-d0ea-4073-bce7-5683c36ce8c1@group-F71E69C7ACE7-StateMachineUpdater] INFO  impl.StateMachineUpdater (StateMachineUpdater.java:takeSnapshot(281)) - e6152946-d0ea-4073-bce7-5683c36ce8c1@group-F71E69C7ACE7-StateMachineUpdater: Took a snapshot at index 43
2021-12-29 13:37:17,624 [e6152946-d0ea-4073-bce7-5683c36ce8c1@group-F71E69C7ACE7-StateMachineUpdater] INFO  impl.StateMachineUpdater (StateMachineUpdater.java:lambda$new$0(89)) - e6152946-d0ea-4073-bce7-5683c36ce8c1@group-F71E69C7ACE7-StateMachineUpdater: snapshotIndex: updateIncreasingly -1 -> 43
2021-12-29 13:37:17,624 [ForkJoinPool.commonPool-worker-1] INFO  server.RaftServer$Division (ServerState.java:close(419)) - e6152946-d0ea-4073-bce7-5683c36ce8c1@group-F71E69C7ACE7: closes. applyIndex: 43
2021-12-29 13:37:17,624 [e6152946-d0ea-4073-bce7-5683c36ce8c1@group-F71E69C7ACE7-SegmentedRaftLogWorker] INFO  segmented.SegmentedRaftLogWorker (SegmentedRaftLogWorker.java:run(327)) - e6152946-d0ea-4073-bce7-5683c36ce8c1@group-F71E69C7ACE7-SegmentedRaftLogWorker was interrupted, exiting. There are 0 tasks remaining in the queue.
2021-12-29 13:37:17,624 [ForkJoinPool.commonPool-worker-1] INFO  segmented.SegmentedRaftLogWorker (SegmentedRaftLogWorker.java:close(237)) - e6152946-d0ea-4073-bce7-5683c36ce8c1@group-F71E69C7ACE7-SegmentedRaftLogWorker close()
2021-12-29 13:37:17,626 [ForkJoinPool.commonPool-worker-1] INFO  server.RaftServer$Division (RaftServerImpl.java:lambda$close$4(412)) - e6152946-d0ea-4073-bce7-5683c36ce8c1@group-04125F741A9E: shutdown
2021-12-29 13:37:17,626 [ForkJoinPool.commonPool-worker-1] INFO  util.JmxRegister (JmxRegister.java:unregister(73)) - Successfully un-registered JMX Bean with object name Ratis:service=RaftServer,group=group-04125F741A9E,id=e6152946-d0ea-4073-bce7-5683c36ce8c1
2021-12-29 13:37:17,627 [ForkJoinPool.commonPool-worker-1] INFO  impl.RoleInfo (RoleInfo.java:shutdownLeaderState(91)) - e6152946-d0ea-4073-bce7-5683c36ce8c1: shutdown e6152946-d0ea-4073-bce7-5683c36ce8c1@group-04125F741A9E-LeaderStateImpl
2021-12-29 13:37:17,627 [ForkJoinPool.commonPool-worker-1] INFO  impl.PendingRequests (PendingRequests.java:sendNotLeaderResponses(282)) - e6152946-d0ea-4073-bce7-5683c36ce8c1@group-04125F741A9E-PendingRequests: sendNotLeaderResponses
2021-12-29 13:37:17,627 [ForkJoinPool.commonPool-worker-1] INFO  impl.StateMachineUpdater (StateMachineUpdater.java:stopAndJoin(149)) - e6152946-d0ea-4073-bce7-5683c36ce8c1@group-04125F741A9E-StateMachineUpdater: set stopIndex = 0
2021-12-29 13:37:17,627 [e6152946-d0ea-4073-bce7-5683c36ce8c1@group-04125F741A9E-StateMachineUpdater] INFO  ratis.ContainerStateMachine (ContainerStateMachine.java:takeSnapshot(299)) - group-04125F741A9E: Taking a snapshot at:(t:1, i:0) file /home/runner/work/ozone/ozone/hadoop-ozone/integration-test/target/test-dir/MiniOzoneClusterImpl-aadba4d7-ee9c-4873-8a56-559a23ee9528/datanode-2/data/ratis/edfaca5b-e151-47b3-ba26-04125f741a9e/sm/snapshot.1_0
2021-12-29 13:37:17,628 [e6152946-d0ea-4073-bce7-5683c36ce8c1@group-04125F741A9E-StateMachineUpdater] INFO  ratis.ContainerStateMachine (ContainerStateMachine.java:takeSnapshot(310)) - group-04125F741A9E: Finished taking a snapshot at:(t:1, i:0) file:/home/runner/work/ozone/ozone/hadoop-ozone/integration-test/target/test-dir/MiniOzoneClusterImpl-aadba4d7-ee9c-4873-8a56-559a23ee9528/datanode-2/data/ratis/edfaca5b-e151-47b3-ba26-04125f741a9e/sm/snapshot.1_0 took: 1 ms
2021-12-29 13:37:17,628 [e6152946-d0ea-4073-bce7-5683c36ce8c1@group-04125F741A9E-StateMachineUpdater] INFO  impl.StateMachineUpdater (StateMachineUpdater.java:takeSnapshot(281)) - e6152946-d0ea-4073-bce7-5683c36ce8c1@group-04125F741A9E-StateMachineUpdater: Took a snapshot at index 0
2021-12-29 13:37:17,628 [e6152946-d0ea-4073-bce7-5683c36ce8c1@group-04125F741A9E-StateMachineUpdater] INFO  impl.StateMachineUpdater (StateMachineUpdater.java:lambda$new$0(89)) - e6152946-d0ea-4073-bce7-5683c36ce8c1@group-04125F741A9E-StateMachineUpdater: snapshotIndex: updateIncreasingly -1 -> 0
2021-12-29 13:37:17,634 [ForkJoinPool.commonPool-worker-1] INFO  server.RaftServer$Division (ServerState.java:close(419)) - e6152946-d0ea-4073-bce7-5683c36ce8c1@group-04125F741A9E: closes. applyIndex: 0
2021-12-29 13:37:17,634 [e6152946-d0ea-4073-bce7-5683c36ce8c1@group-04125F741A9E-SegmentedRaftLogWorker] INFO  segmented.SegmentedRaftLogWorker (SegmentedRaftLogWorker.java:run(327)) - e6152946-d0ea-4073-bce7-5683c36ce8c1@group-04125F741A9E-SegmentedRaftLogWorker was interrupted, exiting. There are 0 tasks remaining in the queue.
2021-12-29 13:37:17,634 [ForkJoinPool.commonPool-worker-1] INFO  segmented.SegmentedRaftLogWorker (SegmentedRaftLogWorker.java:close(237)) - e6152946-d0ea-4073-bce7-5683c36ce8c1@group-04125F741A9E-SegmentedRaftLogWorker close()
2021-12-29 13:37:17,635 [ForkJoinPool.commonPool-worker-1] INFO  server.GrpcService (GrpcService.java:closeImpl(262)) - e6152946-d0ea-4073-bce7-5683c36ce8c1: shutdown server with port 45851 now
2021-12-29 13:37:17,642 [ForkJoinPool.commonPool-worker-1] INFO  server.GrpcService (GrpcService.java:closeImpl(271)) - e6152946-d0ea-4073-bce7-5683c36ce8c1: shutdown server with port 45851 successfully
2021-12-29 13:37:17,656 [grpc-default-executor-3] WARN  client.GrpcClientProtocolService (LogUtils.java:warn(122)) - 1-UnorderedRequestStreamObserver1: onError: org.apache.ratis.thirdparty.io.grpc.StatusRuntimeException: CANCELLED: client cancelled
2021-12-29 13:37:17,686 [org.apache.ratis.util.JvmPauseMonitor$$Lambda$528/1712405372@3ed2c2dd] INFO  util.JvmPauseMonitor (JvmPauseMonitor.java:run(109)) - JvmPauseMonitor-e6152946-d0ea-4073-bce7-5683c36ce8c1: Stopped
2021-12-29 13:37:19,716 [ForkJoinPool.commonPool-worker-1] INFO  utils.BackgroundService (BackgroundService.java:shutdown(132)) - Shutting down service BlockDeletingService
2021-12-29 13:37:22,721 [ForkJoinPool.commonPool-worker-1] INFO  statemachine.DatanodeStateMachine (DatanodeStateMachine.java:stopDaemon(526)) - Ozone container server stopped.
2021-12-29 13:37:22,729 [ForkJoinPool.commonPool-worker-1] INFO  handler.ContextHandler (ContextHandler.java:doStop(1153)) - Stopped o.e.j.w.WebAppContext@14a33025{hddsDatanode,/,null,STOPPED}{jar:file:/home/runner/.m2/repository/org/apache/ozone/hdds-container-service/1.3.0-SNAPSHOT/hdds-container-service-1.3.0-SNAPSHOT.jar!/webapps/hddsDatanode}
2021-12-29 13:37:22,735 [ForkJoinPool.commonPool-worker-1] INFO  server.AbstractConnector (AbstractConnector.java:doStop(381)) - Stopped ServerConnector@2796d7f7{HTTP/1.1, (http/1.1)}{0.0.0.0:0}
2021-12-29 13:37:22,735 [ForkJoinPool.commonPool-worker-1] INFO  server.session (HouseKeeper.java:stopScavenging(149)) - node0 Stopped scavenging
2021-12-29 13:37:22,736 [ForkJoinPool.commonPool-worker-1] INFO  handler.ContextHandler (ContextHandler.java:doStop(1153)) - Stopped o.e.j.s.ServletContextHandler@72092d90{static,/static,jar:file:/home/runner/.m2/repository/org/apache/ozone/hdds-container-service/1.3.0-SNAPSHOT/hdds-container-service-1.3.0-SNAPSHOT.jar!/webapps/static,STOPPED}
2021-12-29 13:37:22,737 [ForkJoinPool.commonPool-worker-1] INFO  handler.ContextHandler (ContextHandler.java:doStop(1153)) - Stopped o.e.j.s.ServletContextHandler@3fcff6e3{logs,/logs,file:///home/runner/work/ozone/ozone/hadoop-ozone/integration-test/target/log,STOPPED}
2021-12-29 13:37:22,738 [Listener at 127.0.0.1/42909] INFO  ozone.MiniOzoneClusterImpl (MiniOzoneClusterImpl.java:stopSCM(542)) - Stopping the StorageContainerManager
2021-12-29 13:37:22,738 [Listener at 127.0.0.1/42909] INFO  server.StorageContainerManager (StorageContainerManager.java:stop(1390)) - Stopping Container Balancer service.
2021-12-29 13:37:22,738 [Listener at 127.0.0.1/42909] INFO  balancer.ContainerBalancer (ContainerBalancer.java:stop(748)) - Container Balancer is not running.
2021-12-29 13:37:22,738 [Listener at 127.0.0.1/42909] INFO  server.StorageContainerManager (StorageContainerManager.java:stop(1397)) - Stopping Replication Manager Service.
2021-12-29 13:37:22,738 [Listener at 127.0.0.1/42909] INFO  container.ReplicationManager (ReplicationManager.java:stop(350)) - Stopping Replication Monitor Thread.
2021-12-29 13:37:22,738 [Listener at 127.0.0.1/42909] INFO  server.StorageContainerManager (StorageContainerManager.java:stop(1404)) - Stopping the Datanode Admin Monitor.
2021-12-29 13:37:22,738 [Listener at 127.0.0.1/42909] INFO  server.StorageContainerManager (StorageContainerManager.java:stop(1411)) - Stopping Lease Manager of the command watchers
2021-12-29 13:37:22,738 [Listener at 127.0.0.1/42909] INFO  server.StorageContainerManager (StorageContainerManager.java:stop(1418)) - Stopping datanode service RPC server
2021-12-29 13:37:22,738 [Listener at 127.0.0.1/42909] INFO  server.SCMDatanodeProtocolServer (SCMDatanodeProtocolServer.java:stop(390)) - Stopping the RPC server for DataNodes
2021-12-29 13:37:22,739 [Listener at 127.0.0.1/42909] INFO  ipc.Server (Server.java:stop(3414)) - Stopping server on 41177
2021-12-29 13:37:22,740 [IPC Server Responder] INFO  ipc.Server (Server.java:run(1512)) - Stopping IPC Server Responder
2021-12-29 13:37:22,740 [IPC Server listener on 0] INFO  ipc.Server (Server.java:run(1376)) - Stopping IPC Server listener on 0
2021-12-29 13:37:22,837 [SCM Heartbeat Processing Thread - 0] WARN  node.NodeStateManager (NodeStateManager.java:scheduleNextHealthCheck(799)) - Current Thread is interrupted, shutting down HB processing thread for Node Manager.
2021-12-29 13:37:22,838 [Listener at 127.0.0.1/42909] INFO  server.StorageContainerManager (StorageContainerManager.java:stop(1426)) - Stopping block service RPC server
2021-12-29 13:37:22,838 [Listener at 127.0.0.1/42909] INFO  server.SCMBlockProtocolServer (SCMBlockProtocolServer.java:stop(160)) - Stopping the RPC server for Block Protocol
2021-12-29 13:37:22,838 [Listener at 127.0.0.1/42909] INFO  ipc.Server (Server.java:stop(3414)) - Stopping server on 38893
2021-12-29 13:37:22,841 [IPC Server listener on 0] INFO  ipc.Server (Server.java:run(1376)) - Stopping IPC Server listener on 0
2021-12-29 13:37:22,847 [Listener at 127.0.0.1/42909] INFO  server.StorageContainerManager (StorageContainerManager.java:stop(1433)) - Stopping the StorageContainerLocationProtocol RPC server
2021-12-29 13:37:22,847 [Listener at 127.0.0.1/42909] INFO  server.SCMClientProtocolServer (SCMClientProtocolServer.java:stop(173)) - Stopping the RPC server for Client Protocol
2021-12-29 13:37:22,847 [Listener at 127.0.0.1/42909] INFO  ipc.Server (Server.java:stop(3414)) - Stopping server on 35701
2021-12-29 13:37:22,847 [IPC Server Responder] INFO  ipc.Server (Server.java:run(1512)) - Stopping IPC Server Responder
2021-12-29 13:37:22,849 [IPC Server Responder] INFO  ipc.Server (Server.java:run(1512)) - Stopping IPC Server Responder
2021-12-29 13:37:22,849 [IPC Server listener on 0] INFO  ipc.Server (Server.java:run(1376)) - Stopping IPC Server listener on 0
2021-12-29 13:37:22,849 [Listener at 127.0.0.1/42909] INFO  server.StorageContainerManager (StorageContainerManager.java:stop(1440)) - Stopping Storage Container Manager HTTP server.
2021-12-29 13:37:22,856 [Listener at 127.0.0.1/42909] INFO  handler.ContextHandler (ContextHandler.java:doStop(1153)) - Stopped o.e.j.w.WebAppContext@433e71aa{scm,/,null,STOPPED}{file:/home/runner/work/ozone/ozone/hadoop-ozone/integration-test/target/test-classes/webapps/scm}
2021-12-29 13:37:22,857 [Listener at 127.0.0.1/42909] INFO  server.AbstractConnector (AbstractConnector.java:doStop(381)) - Stopped ServerConnector@7908c1f0{HTTP/1.1, (http/1.1)}{0.0.0.0:0}
2021-12-29 13:37:22,857 [Listener at 127.0.0.1/42909] INFO  server.session (HouseKeeper.java:stopScavenging(149)) - node0 Stopped scavenging
2021-12-29 13:37:22,857 [Listener at 127.0.0.1/42909] INFO  handler.ContextHandler (ContextHandler.java:doStop(1153)) - Stopped o.e.j.s.ServletContextHandler@7c8b8540{static,/static,file:///home/runner/work/ozone/ozone/hadoop-ozone/integration-test/target/test-classes/webapps/static,STOPPED}
2021-12-29 13:37:22,857 [Listener at 127.0.0.1/42909] INFO  handler.ContextHandler (ContextHandler.java:doStop(1153)) - Stopped o.e.j.s.ServletContextHandler@11b7e565{logs,/logs,file:///home/runner/work/ozone/ozone/hadoop-ozone/integration-test/target/log,STOPPED}
2021-12-29 13:37:22,858 [Listener at 127.0.0.1/42909] INFO  server.StorageContainerManager (StorageContainerManager.java:stop(1451)) - Stopping Block Manager Service.
2021-12-29 13:37:22,858 [Listener at 127.0.0.1/42909] INFO  utils.BackgroundService (BackgroundService.java:shutdown(132)) - Shutting down service SCMBlockDeletingService
2021-12-29 13:37:22,859 [Listener at 127.0.0.1/42909] INFO  utils.BackgroundService (BackgroundService.java:shutdown(132)) - Shutting down service SCMBlockDeletingService
2021-12-29 13:37:22,859 [Listener at 127.0.0.1/42909] INFO  server.StorageContainerManager (StorageContainerManager.java:stop(1478)) - Stopping SCM Event Queue.
2021-12-29 13:37:22,860 [Listener at 127.0.0.1/42909] INFO  server.StorageContainerManager (StorageContainerManager.java:stop(1489)) - Stopping SCM HA services.
2021-12-29 13:37:22,860 [Listener at 127.0.0.1/42909] INFO  pipeline.BackgroundPipelineCreator (BackgroundPipelineCreator.java:stop(158)) - Stopping RatisPipelineUtilsThread.
2021-12-29 13:37:22,871 [Listener at 127.0.0.1/42909] INFO  server.StorageContainerManager (StorageContainerManager.java:stop(1499)) - Stopping SCM MetadataStore.
2021-12-29 13:37:22,873 [Listener at 127.0.0.1/42909] INFO  impl.MetricsSystemImpl (MetricsSystemImpl.java:stop(210)) - Stopping HddsDatanode metrics system...
2021-12-29 13:37:22,896 [prometheus] INFO  impl.MetricsSinkAdapter (MetricsSinkAdapter.java:publishMetricsFromQueue(141)) - prometheus thread interrupted.
2021-12-29 13:37:22,896 [Listener at 127.0.0.1/42909] INFO  impl.MetricsSystemImpl (MetricsSystemImpl.java:stop(216)) - HddsDatanode metrics system stopped.
2021-12-29 13:37:23,085 [Listener at 127.0.0.1/42909] WARN  server.ServerUtils (ServerUtils.java:getScmDbDir(148)) - ozone.scm.db.dirs is not configured. We recommend adding this setting. Falling back to ozone.metadata.dirs instead.
2021-12-29 13:37:23,116 [Listener at 127.0.0.1/42909] INFO  ha.SCMHANodeDetails (SCMHANodeDetails.java:loadSCMHAConfig(157)) - ServiceID for StorageContainerManager is null
2021-12-29 13:37:23,117 [Listener at 127.0.0.1/42909] INFO  ha.SCMHANodeDetails (SCMHANodeDetails.java:loadSCMHAConfig(162)) - ozone.scm.default.service.id is not defined, falling back to ozone.scm.service.ids to find serviceID for StorageContainerManager if it is HA enabled cluster
2021-12-29 13:37:23,117 [Listener at 127.0.0.1/42909] WARN  server.ServerUtils (ServerUtils.java:getScmDbDir(148)) - ozone.scm.db.dirs is not configured. We recommend adding this setting. Falling back to ozone.metadata.dirs instead.
2021-12-29 13:37:23,117 [Listener at 127.0.0.1/42909] INFO  upgrade.AbstractLayoutVersionManager (AbstractLayoutVersionManager.java:init(79)) - Initializing Layout version manager with metadata layout = SCM_HA (version = 2), software layout = SCM_HA (version = 2)
2021-12-29 13:37:23,196 [Listener at 127.0.0.1/42909] INFO  reflections.Reflections (Reflections.java:scan(232)) - Reflections took 75 ms to scan 7 urls, producing 119 keys and 279 values 
2021-12-29 13:37:23,216 [Listener at 127.0.0.1/42909] WARN  utils.HAUtils (HAUtils.java:getMetaDir(342)) - ozone.scm.db.dirs is not configured. We recommend adding this setting. Falling back to ozone.metadata.dirs instead.
2021-12-29 13:37:23,230 [Listener at 127.0.0.1/42909] WARN  db.DBStoreBuilder (DBStoreBuilder.java:applyDBDefinition(145)) - ozone.scm.db.dirs is not configured. We recommend adding this setting. Falling back to ozone.metadata.dirs instead.
2021-12-29 13:37:23,480 [Listener at 127.0.0.1/42909] INFO  net.NodeSchemaLoader (NodeSchemaLoader.java:loadSchemaFromFile(129)) - Loading schema from [jar:file:/home/runner/.m2/repository/org/apache/ozone/hdds-common/1.3.0-SNAPSHOT/hdds-common-1.3.0-SNAPSHOT.jar!/network-topology-default.xml]
2021-12-29 13:37:23,484 [Listener at 127.0.0.1/42909] INFO  net.NodeSchemaLoader (NodeSchemaLoader.java:loadSchema(176)) - Loading network topology layer schema file
2021-12-29 13:37:23,492 [Listener at 127.0.0.1/42909] INFO  ha.SequenceIdGenerator (SequenceIdGenerator.java:upgradeToSequenceId(347)) - upgrade localId to 107544261427200000
2021-12-29 13:37:23,493 [Listener at 127.0.0.1/42909] INFO  ha.SequenceIdGenerator (SequenceIdGenerator.java:upgradeToSequenceId(357)) - upgrade delTxnId to 0
2021-12-29 13:37:23,493 [Listener at 127.0.0.1/42909] INFO  ha.SequenceIdGenerator (SequenceIdGenerator.java:upgradeToSequenceId(371)) - upgrade containerId to 0
2021-12-29 13:37:23,493 [Listener at 127.0.0.1/42909] INFO  ha.SequenceIdGenerator (SequenceIdGenerator.java:<init>(218)) - Init the HA SequenceIdGenerator.
2021-12-29 13:37:23,493 [Listener at 127.0.0.1/42909] WARN  server.ServerUtils (ServerUtils.java:sanitizeUserArgs(73)) - ozone.scm.stale.node.interval value = 300000 is larger than max = 100000 based on the key value of ozone.scm.heartbeat.thread.interval, reset to the max value 100000.
2021-12-29 13:37:23,493 [Listener at 127.0.0.1/42909] WARN  server.ServerUtils (ServerUtils.java:sanitizeUserArgs(73)) - ozone.scm.stale.node.interval value = 300000 is larger than max = 100000 based on the key value of ozone.scm.heartbeat.thread.interval, reset to the max value 100000.
2021-12-29 13:37:23,496 [Listener at 127.0.0.1/42909] INFO  node.SCMNodeManager (SCMNodeManager.java:<init>(144)) - Entering startup safe mode.
2021-12-29 13:37:23,496 [Listener at 127.0.0.1/42909] INFO  algorithms.ContainerPlacementPolicyFactory (ContainerPlacementPolicyFactory.java:getPolicy(60)) - Create container placement policy of type org.apache.hadoop.hdds.scm.container.placement.algorithms.SCMContainerPlacementRandom
2021-12-29 13:37:23,497 [Listener at 127.0.0.1/42909] INFO  pipeline.PipelineStateManagerImpl (PipelineStateManagerImpl.java:initialize(78)) - No pipeline exists in current db
2021-12-29 13:37:23,497 [Listener at 127.0.0.1/42909] INFO  algorithms.LeaderChoosePolicyFactory (LeaderChoosePolicyFactory.java:getPolicy(57)) - Create leader choose policy of type org.apache.hadoop.hdds.scm.pipeline.leader.choose.algorithms.MinLeaderCountChoosePolicy
2021-12-29 13:37:23,497 [Listener at 127.0.0.1/42909] INFO  ha.SCMServiceManager (SCMServiceManager.java:register(43)) - Registering service BackgroundPipelineCreator.
2021-12-29 13:37:23,497 [Listener at 127.0.0.1/42909] INFO  pipeline.BackgroundPipelineCreator (BackgroundPipelineCreator.java:start(130)) - Starting RatisPipelineUtilsThread.
2021-12-29 13:37:23,519 [Listener at 127.0.0.1/42909] INFO  algorithms.PipelineChoosePolicyFactory (PipelineChoosePolicyFactory.java:createPipelineChoosePolicyFromClass(73)) - Create pipeline choose policy of type org.apache.hadoop.hdds.scm.pipeline.choose.algorithms.RandomPipelineChoosePolicy
2021-12-29 13:37:23,519 [Listener at 127.0.0.1/42909] INFO  ha.SCMServiceManager (SCMServiceManager.java:register(43)) - Registering service SCMBlockDeletingService.
2021-12-29 13:37:23,519 [Listener at 127.0.0.1/42909] INFO  ha.SCMServiceManager (SCMServiceManager.java:register(43)) - Registering service ReplicationManager.
2021-12-29 13:37:23,519 [Listener at 127.0.0.1/42909] INFO  container.ReplicationManager (ReplicationManager.java:start(319)) - Starting Replication Monitor Thread.
2021-12-29 13:37:23,540 [Listener at 127.0.0.1/42909] INFO  safemode.ContainerSafeModeRule (ContainerSafeModeRule.java:<init>(89)) - containers with one replica threshold count 0
2021-12-29 13:37:23,540 [Listener at 127.0.0.1/42909] INFO  safemode.HealthyPipelineSafeModeRule (HealthyPipelineSafeModeRule.java:initializeRule(156)) - Total pipeline count is 0, healthy pipeline threshold count is 1
2021-12-29 13:37:23,540 [Listener at 127.0.0.1/42909] INFO  safemode.OneReplicaPipelineSafeModeRule (OneReplicaPipelineSafeModeRule.java:initializeRule(180)) - Total pipeline count is 0, pipeline's with at least one datanode reported threshold count is 0
2021-12-29 13:37:23,542 [ReplicationMonitor] INFO  container.ReplicationManager (ReplicationManager.java:processAll(371)) - Replication Monitor Thread took 1 milliseconds for processing 0 containers.
2021-12-29 13:37:23,566 [Listener at 127.0.0.1/42909] INFO  ipc.CallQueueManager (CallQueueManager.java:<init>(90)) - Using callQueue: class java.util.concurrent.LinkedBlockingQueue, queueCapacity: 2000, scheduler: class org.apache.hadoop.ipc.DefaultRpcScheduler, ipcBackoff: false.
2021-12-29 13:37:23,569 [Socket Reader #1 for port 0] INFO  ipc.Server (Server.java:run(1265)) - Starting Socket Reader #1 for port 0
2021-12-29 13:37:23,577 [Listener at 0.0.0.0/37289] INFO  ipc.CallQueueManager (CallQueueManager.java:<init>(90)) - Using callQueue: class java.util.concurrent.LinkedBlockingQueue, queueCapacity: 2000, scheduler: class org.apache.hadoop.ipc.DefaultRpcScheduler, ipcBackoff: false.
2021-12-29 13:37:23,583 [Socket Reader #1 for port 0] INFO  ipc.Server (Server.java:run(1265)) - Starting Socket Reader #1 for port 0
2021-12-29 13:37:23,599 [Listener at 0.0.0.0/44295] INFO  ipc.CallQueueManager (CallQueueManager.java:<init>(90)) - Using callQueue: class java.util.concurrent.LinkedBlockingQueue, queueCapacity: 2000, scheduler: class org.apache.hadoop.ipc.DefaultRpcScheduler, ipcBackoff: false.
2021-12-29 13:37:23,609 [Socket Reader #1 for port 0] INFO  ipc.Server (Server.java:run(1265)) - Starting Socket Reader #1 for port 0
2021-12-29 13:37:23,732 [Listener at 0.0.0.0/33419] INFO  algorithms.ContainerPlacementPolicyFactory (ContainerPlacementPolicyFactory.java:getPolicy(60)) - Create container placement policy of type org.apache.hadoop.hdds.scm.container.placement.algorithms.SCMContainerPlacementRandom
2021-12-29 13:37:23,734 [Listener at 0.0.0.0/33419] INFO  server.StorageContainerManager (StorageContainerManager.java:<init>(388)) - 
Container Balancer status:
Key                            Value
Running                        false
Container Balancer Configuration values:
Key                                                Value
Threshold                                          0.1
Max Datanodes to Involve per Iteration(ratio)      0.2
Max Size to Move per Iteration                     30GB
Max Size Entering Target per Iteration             26GB
Max Size Leaving Source per Iteration              26GB

2021-12-29 13:37:23,734 [Listener at 0.0.0.0/33419] WARN  events.EventQueue (EventQueue.java:fireEvent(194)) - No event handler registered for event TypedEvent{payloadType=SafeModeStatus, name='Safe mode status'}
2021-12-29 13:37:23,734 [Listener at 0.0.0.0/33419] INFO  ha.SCMContext (SCMContext.java:updateSafeModeStatus(211)) - Update SafeModeStatus from SafeModeStatus{safeModeStatus=true, preCheckPassed=false} to SafeModeStatus{safeModeStatus=true, preCheckPassed=false}.
2021-12-29 13:37:23,734 [Listener at 0.0.0.0/33419] INFO  server.StorageContainerManager (StorageContainerManager.java:start(1303)) - StorageContainerLocationProtocol RPC server is listening at /0.0.0.0:33419
2021-12-29 13:37:23,736 [Listener at 0.0.0.0/33419] WARN  impl.MetricsConfig (MetricsConfig.java:loadFirst(136)) - Cannot locate configuration: tried hadoop-metrics2-storagecontainermanager.properties,hadoop-metrics2.properties
2021-12-29 13:37:23,748 [Listener at 0.0.0.0/33419] INFO  impl.MetricsSystemImpl (MetricsSystemImpl.java:startTimer(378)) - Scheduled Metric snapshot period at 10 second(s).
2021-12-29 13:37:23,748 [Listener at 0.0.0.0/33419] INFO  impl.MetricsSystemImpl (MetricsSystemImpl.java:start(191)) - StorageContainerManager metrics system started
2021-12-29 13:37:23,782 [Listener at 0.0.0.0/33419] INFO  impl.MetricsSinkAdapter (MetricsSinkAdapter.java:start(204)) - Sink prometheus started
2021-12-29 13:37:23,782 [Listener at 0.0.0.0/33419] INFO  impl.MetricsSystemImpl (MetricsSystemImpl.java:registerSink(305)) - Registered sink prometheus
2021-12-29 13:37:23,840 [Listener at 0.0.0.0/33419] INFO  server.SCMClientProtocolServer (SCMClientProtocolServer.java:start(164)) - RPC server for Client  is listening at /0.0.0.0:33419
2021-12-29 13:37:23,842 [IPC Server Responder] INFO  ipc.Server (Server.java:run(1507)) - IPC Server Responder: starting
2021-12-29 13:37:23,842 [IPC Server listener on 0] INFO  ipc.Server (Server.java:run(1344)) - IPC Server listener on 0: starting
2021-12-29 13:37:23,844 [Listener at 0.0.0.0/33419] INFO  server.StorageContainerManager (StorageContainerManager.java:start(1318)) - ScmBlockLocationProtocol RPC server is listening at /0.0.0.0:44295
2021-12-29 13:37:23,844 [Listener at 0.0.0.0/33419] INFO  server.SCMBlockProtocolServer (SCMBlockProtocolServer.java:start(151)) - RPC server for Block Protocol is listening at /0.0.0.0:44295
2021-12-29 13:37:23,844 [IPC Server Responder] INFO  ipc.Server (Server.java:run(1507)) - IPC Server Responder: starting
2021-12-29 13:37:23,844 [IPC Server listener on 0] INFO  ipc.Server (Server.java:run(1344)) - IPC Server listener on 0: starting
2021-12-29 13:37:23,858 [Listener at 0.0.0.0/33419] INFO  server.SCMDatanodeProtocolServer (SCMDatanodeProtocolServer.java:start(181)) - ScmDatanodeProtocol RPC server for DataNodes is listening at /0.0.0.0:37289
2021-12-29 13:37:23,863 [IPC Server Responder] INFO  ipc.Server (Server.java:run(1507)) - IPC Server Responder: starting
2021-12-29 13:37:23,863 [IPC Server listener on 0] INFO  ipc.Server (Server.java:run(1344)) - IPC Server listener on 0: starting
2021-12-29 13:37:23,885 [Listener at 0.0.0.0/33419] INFO  http.BaseHttpServer (BaseHttpServer.java:newHttpServer2BuilderForOzone(209)) - Starting Web-server for scm at: http://0.0.0.0:0
2021-12-29 13:37:23,886 [Listener at 0.0.0.0/33419] INFO  http.BaseHttpServer (BaseHttpServer.java:<init>(107)) - Hadoop Security Enabled: false Ozone Security Enabled: false Ozone HTTP Security Enabled: false 
2021-12-29 13:37:23,885 [org.apache.hadoop.util.JvmPauseMonitor$Monitor@5787166] INFO  util.JvmPauseMonitor (JvmPauseMonitor.java:run(188)) - Starting JVM pause monitor
2021-12-29 13:37:23,901 [Listener at 0.0.0.0/33419] INFO  server.AuthenticationFilter (AuthenticationFilter.java:constructSecretProvider(240)) - Unable to initialize FileSignerSecretProvider, falling back to use random secrets.
2021-12-29 13:37:23,910 [Listener at 0.0.0.0/33419] WARN  http.HttpRequestLog (HttpRequestLog.java:getRequestLog(103)) - Jetty request log can only be enabled using Log4j
2021-12-29 13:37:23,911 [Listener at 0.0.0.0/33419] INFO  http.HttpServer2 (HttpServer2.java:addGlobalFilter(1030)) - Added global filter 'safety' (class=org.apache.hadoop.hdds.server.http.HttpServer2$QuotingInputFilter)
2021-12-29 13:37:23,911 [Listener at 0.0.0.0/33419] INFO  http.HttpServer2 (HttpServer2.java:addFilter(1006)) - Added filter static_user_filter (class=org.apache.hadoop.http.lib.StaticUserWebFilter$StaticUserFilter) to context scm
2021-12-29 13:37:23,911 [Listener at 0.0.0.0/33419] INFO  http.HttpServer2 (HttpServer2.java:addFilter(1014)) - Added filter static_user_filter (class=org.apache.hadoop.http.lib.StaticUserWebFilter$StaticUserFilter) to context static
2021-12-29 13:37:23,911 [Listener at 0.0.0.0/33419] INFO  http.HttpServer2 (HttpServer2.java:addFilter(1014)) - Added filter static_user_filter (class=org.apache.hadoop.http.lib.StaticUserWebFilter$StaticUserFilter) to context logs
2021-12-29 13:37:23,912 [Listener at 0.0.0.0/33419] INFO  http.HttpServer2 (HttpServer2.java:bindListener(1249)) - Jetty bound to port 36059
2021-12-29 13:37:23,912 [Listener at 0.0.0.0/33419] INFO  server.Server (Server.java:doStart(375)) - jetty-9.4.43.v20210629; built: 2021-06-30T11:07:22.254Z; git: 526006ecfa3af7f1a27ef3a288e2bef7ea9dd7e8; jvm 1.8.0_292-b10
2021-12-29 13:37:23,916 [Listener at 0.0.0.0/33419] INFO  server.session (DefaultSessionIdManager.java:doStart(334)) - DefaultSessionIdManager workerName=node0
2021-12-29 13:37:23,916 [Listener at 0.0.0.0/33419] INFO  server.session (DefaultSessionIdManager.java:doStart(339)) - No SessionScavenger set, using defaults
2021-12-29 13:37:23,917 [Listener at 0.0.0.0/33419] INFO  server.session (HouseKeeper.java:startScavenging(132)) - node0 Scavenging every 660000ms
2021-12-29 13:37:23,918 [Listener at 0.0.0.0/33419] INFO  handler.ContextHandler (ContextHandler.java:doStart(915)) - Started o.e.j.s.ServletContextHandler@382a0846{logs,/logs,file:///home/runner/work/ozone/ozone/hadoop-ozone/integration-test/target/log,AVAILABLE}
2021-12-29 13:37:23,918 [Listener at 0.0.0.0/33419] INFO  handler.ContextHandler (ContextHandler.java:doStart(915)) - Started o.e.j.s.ServletContextHandler@6db6e5de{static,/static,file:///home/runner/work/ozone/ozone/hadoop-ozone/integration-test/target/test-classes/webapps/static,AVAILABLE}
2021-12-29 13:37:23,924 [Listener at 0.0.0.0/33419] INFO  handler.ContextHandler (ContextHandler.java:doStart(915)) - Started o.e.j.w.WebAppContext@53aa86b7{scm,/,file:///home/runner/work/ozone/ozone/hadoop-ozone/integration-test/target/test-classes/webapps/scm/,AVAILABLE}{file:/home/runner/work/ozone/ozone/hadoop-ozone/integration-test/target/test-classes/webapps/scm}
2021-12-29 13:37:23,947 [Listener at 0.0.0.0/33419] INFO  server.AbstractConnector (AbstractConnector.java:doStart(331)) - Started ServerConnector@66248b58{HTTP/1.1, (http/1.1)}{0.0.0.0:36059}
2021-12-29 13:37:23,947 [Listener at 0.0.0.0/33419] INFO  server.Server (Server.java:doStart(415)) - Started @207474ms
2021-12-29 13:37:23,947 [Listener at 0.0.0.0/33419] WARN  impl.MetricsSystemImpl (MetricsSystemImpl.java:register(279)) - Sink prometheus already exists!
2021-12-29 13:37:23,948 [Listener at 0.0.0.0/33419] INFO  http.BaseHttpServer (BaseHttpServer.java:updateConnectorAddress(329)) - HTTP server of scm listening at http://0.0.0.0:36059
2021-12-29 13:37:23,948 [Listener at 0.0.0.0/33419] WARN  server.ServerUtils (ServerUtils.java:getDBPath(225)) - ozone.om.db.dirs is not configured. We recommend adding this setting. Falling back to ozone.metadata.dirs instead.
2021-12-29 13:37:23,950 [Listener at 0.0.0.0/33419] INFO  ha.OMHANodeDetails (OMHANodeDetails.java:loadOMHAConfig(112)) - ozone.om.internal.service.id is not defined, falling back to ozone.om.service.ids to find serviceID for OzoneManager if it is HA enabled cluster
2021-12-29 13:37:23,950 [Listener at 0.0.0.0/33419] INFO  ha.OMHANodeDetails (OMHANodeDetails.java:loadOMHAConfig(218)) - Configuration does not have ozone.om.address set. Falling back to the default OM address /127.0.0.1:0
2021-12-29 13:37:23,950 [Listener at 0.0.0.0/33419] INFO  ha.OMHANodeDetails (OMHANodeDetails.java:getOMNodeDetailsForNonHA(246)) - OM Service ID is not set. Setting it to the default ID: omServiceIdDefault
2021-12-29 13:37:23,950 [Listener at 0.0.0.0/33419] INFO  ha.OMHANodeDetails (OMHANodeDetails.java:getOMNodeDetailsForNonHA(253)) - OM Node ID is not set. Setting it to the default ID: om1
2021-12-29 13:37:23,950 [Listener at 0.0.0.0/33419] WARN  server.ServerUtils (ServerUtils.java:getDBPath(225)) - ozone.om.db.dirs is not configured. We recommend adding this setting. Falling back to ozone.metadata.dirs instead.
2021-12-29 13:37:23,951 [Listener at 0.0.0.0/33419] INFO  upgrade.AbstractLayoutVersionManager (AbstractLayoutVersionManager.java:init(79)) - Initializing Layout version manager with metadata layout = INITIAL_VERSION (version = 0), software layout = INITIAL_VERSION (version = 0)
2021-12-29 13:37:24,170 [Listener at 0.0.0.0/33419] INFO  reflections.Reflections (Reflections.java:scan(232)) - Reflections took 218 ms to scan 2 urls, producing 133 keys and 345 values [using 2 cores]
2021-12-29 13:37:24,170 [Listener at 0.0.0.0/33419] INFO  upgrade.OMLayoutVersionManager (OMLayoutVersionManager.java:lambda$0(115)) - Skipping Upgrade Action MockOmUpgradeAction since it has been finalized.
2021-12-29 13:37:24,170 [Listener at 0.0.0.0/33419] WARN  server.ServerUtils (ServerUtils.java:getDBPath(225)) - ozone.om.db.dirs is not configured. We recommend adding this setting. Falling back to ozone.metadata.dirs instead.
2021-12-29 13:37:24,215 [Listener at 0.0.0.0/33419] WARN  server.ServerUtils (ServerUtils.java:getDBPath(225)) - ozone.om.db.dirs is not configured. We recommend adding this setting. Falling back to ozone.metadata.dirs instead.
2021-12-29 13:37:24,216 [Listener at 0.0.0.0/33419] INFO  codec.OmKeyInfoCodec (OmKeyInfoCodec.java:<init>(50)) - OmKeyInfoCodec ignorePipeline = true
2021-12-29 13:37:24,216 [Listener at 0.0.0.0/33419] INFO  codec.RepeatedOmKeyInfoCodec (RepeatedOmKeyInfoCodec.java:<init>(42)) - RepeatedOmKeyInfoCodec ignorePipeline = true
2021-12-29 13:37:24,480 [Listener at 0.0.0.0/33419] INFO  om.OzoneManager (OzoneManager.java:addS3GVolumeToDB(3728)) - Created Volume s3v With Owner runner required for S3Gateway operations.
2021-12-29 13:37:24,528 [Listener at 0.0.0.0/33419] INFO  ipc.CallQueueManager (CallQueueManager.java:<init>(90)) - Using callQueue: class java.util.concurrent.LinkedBlockingQueue, queueCapacity: 2000, scheduler: class org.apache.hadoop.ipc.DefaultRpcScheduler, ipcBackoff: false.
2021-12-29 13:37:24,535 [Socket Reader #1 for port 0] INFO  ipc.Server (Server.java:run(1265)) - Starting Socket Reader #1 for port 0
2021-12-29 13:37:24,585 [Listener at 127.0.0.1/44999] INFO  impl.MetricsSystemImpl (MetricsSystemImpl.java:init(158)) - OzoneManager metrics system started (again)
2021-12-29 13:37:24,618 [Listener at 127.0.0.1/44999] INFO  om.OzoneManager (OzoneManager.java:start(1365)) - OzoneManager RPC server is listening at localhost/127.0.0.1:44999
2021-12-29 13:37:24,618 [Listener at 127.0.0.1/44999] INFO  om.OzoneManager (OzoneManager.java:start(1381)) - Version File has different layout version (0) than OM DB (null). That is expected if this OM has never been finalized to a newer layout version.
2021-12-29 13:37:24,624 [Listener at 127.0.0.1/44999] INFO  http.BaseHttpServer (BaseHttpServer.java:newHttpServer2BuilderForOzone(209)) - Starting Web-server for ozoneManager at: http://0.0.0.0:0
2021-12-29 13:37:24,624 [Listener at 127.0.0.1/44999] INFO  http.BaseHttpServer (BaseHttpServer.java:<init>(107)) - Hadoop Security Enabled: false Ozone Security Enabled: false Ozone HTTP Security Enabled: false 
2021-12-29 13:37:24,625 [Listener at 127.0.0.1/44999] INFO  server.AuthenticationFilter (AuthenticationFilter.java:constructSecretProvider(240)) - Unable to initialize FileSignerSecretProvider, falling back to use random secrets.
2021-12-29 13:37:24,637 [Listener at 127.0.0.1/44999] WARN  http.HttpRequestLog (HttpRequestLog.java:getRequestLog(103)) - Jetty request log can only be enabled using Log4j
2021-12-29 13:37:24,638 [Listener at 127.0.0.1/44999] INFO  http.HttpServer2 (HttpServer2.java:addGlobalFilter(1030)) - Added global filter 'safety' (class=org.apache.hadoop.hdds.server.http.HttpServer2$QuotingInputFilter)
2021-12-29 13:37:24,638 [Listener at 127.0.0.1/44999] INFO  http.HttpServer2 (HttpServer2.java:addFilter(1006)) - Added filter static_user_filter (class=org.apache.hadoop.http.lib.StaticUserWebFilter$StaticUserFilter) to context ozoneManager
2021-12-29 13:37:24,638 [Listener at 127.0.0.1/44999] INFO  http.HttpServer2 (HttpServer2.java:addFilter(1014)) - Added filter static_user_filter (class=org.apache.hadoop.http.lib.StaticUserWebFilter$StaticUserFilter) to context logs
2021-12-29 13:37:24,638 [Listener at 127.0.0.1/44999] INFO  http.HttpServer2 (HttpServer2.java:addFilter(1014)) - Added filter static_user_filter (class=org.apache.hadoop.http.lib.StaticUserWebFilter$StaticUserFilter) to context static
2021-12-29 13:37:24,639 [Listener at 127.0.0.1/44999] INFO  http.HttpServer2 (HttpServer2.java:bindListener(1249)) - Jetty bound to port 42441
2021-12-29 13:37:24,639 [Listener at 127.0.0.1/44999] INFO  server.Server (Server.java:doStart(375)) - jetty-9.4.43.v20210629; built: 2021-06-30T11:07:22.254Z; git: 526006ecfa3af7f1a27ef3a288e2bef7ea9dd7e8; jvm 1.8.0_292-b10
2021-12-29 13:37:24,640 [Listener at 127.0.0.1/44999] INFO  server.session (DefaultSessionIdManager.java:doStart(334)) - DefaultSessionIdManager workerName=node0
2021-12-29 13:37:24,640 [Listener at 127.0.0.1/44999] INFO  server.session (DefaultSessionIdManager.java:doStart(339)) - No SessionScavenger set, using defaults
2021-12-29 13:37:24,641 [Listener at 127.0.0.1/44999] INFO  server.session (HouseKeeper.java:startScavenging(132)) - node0 Scavenging every 600000ms
2021-12-29 13:37:24,641 [Listener at 127.0.0.1/44999] INFO  handler.ContextHandler (ContextHandler.java:doStart(915)) - Started o.e.j.s.ServletContextHandler@5a4f633f{logs,/logs,file:///home/runner/work/ozone/ozone/hadoop-ozone/integration-test/target/log,AVAILABLE}
2021-12-29 13:37:24,641 [Listener at 127.0.0.1/44999] INFO  handler.ContextHandler (ContextHandler.java:doStart(915)) - Started o.e.j.s.ServletContextHandler@4182e699{static,/static,file:///home/runner/work/ozone/ozone/hadoop-ozone/integration-test/target/test-classes/webapps/static,AVAILABLE}
2021-12-29 13:37:24,644 [Listener at 127.0.0.1/44999] INFO  handler.ContextHandler (ContextHandler.java:doStart(915)) - Started o.e.j.w.WebAppContext@7bc847dd{ozoneManager,/,file:///home/runner/work/ozone/ozone/hadoop-ozone/integration-test/target/test-classes/webapps/ozoneManager/,AVAILABLE}{file:/home/runner/work/ozone/ozone/hadoop-ozone/integration-test/target/test-classes/webapps/ozoneManager}
2021-12-29 13:37:24,659 [Listener at 127.0.0.1/44999] INFO  server.AbstractConnector (AbstractConnector.java:doStart(331)) - Started ServerConnector@3e872929{HTTP/1.1, (http/1.1)}{0.0.0.0:42441}
2021-12-29 13:37:24,659 [Listener at 127.0.0.1/44999] INFO  server.Server (Server.java:doStart(415)) - Started @208186ms
2021-12-29 13:37:24,659 [Listener at 127.0.0.1/44999] WARN  impl.MetricsSystemImpl (MetricsSystemImpl.java:register(279)) - Sink prometheus already exists!
2021-12-29 13:37:24,662 [Listener at 127.0.0.1/44999] INFO  http.BaseHttpServer (BaseHttpServer.java:updateConnectorAddress(329)) - HTTP server of ozoneManager listening at http://0.0.0.0:42441
2021-12-29 13:37:24,670 [IPC Server Responder] INFO  ipc.Server (Server.java:run(1507)) - IPC Server Responder: starting
2021-12-29 13:37:24,687 [IPC Server listener on 0] INFO  ipc.Server (Server.java:run(1344)) - IPC Server listener on 0: starting
2021-12-29 13:37:24,761 [Listener at 127.0.0.1/44999] INFO  om.TrashPolicyOzone (TrashPolicyOzone.java:<init>(178)) - Ozone Manager trash configuration: Deletion interval = 0 minutes, Emptier interval = 0 minutes.
2021-12-29 13:37:24,781 [Listener at 127.0.0.1/44999] INFO  impl.MetricsSystemImpl (MetricsSystemImpl.java:init(158)) - HddsDatanode metrics system started (again)
2021-12-29 13:37:24,795 [org.apache.hadoop.util.JvmPauseMonitor$Monitor@7e66c414] INFO  util.JvmPauseMonitor (JvmPauseMonitor.java:run(188)) - Starting JVM pause monitor
2021-12-29 13:37:24,847 [Listener at 127.0.0.1/44999] INFO  ozone.HddsDatanodeService (HddsDatanodeService.java:start(234)) - HddsDatanodeService host:fv-az59-280.csjynl4pkq3e1pkirw3ssqjfoh.cx.internal.cloudapp.net ip:10.1.0.26
2021-12-29 13:37:24,914 [Listener at 127.0.0.1/44999] INFO  upgrade.AbstractLayoutVersionManager (AbstractLayoutVersionManager.java:init(79)) - Initializing Layout version manager with metadata layout = SCM_HA (version = 2), software layout = SCM_HA (version = 2)
2021-12-29 13:37:24,984 [Listener at 127.0.0.1/44999] INFO  reflections.Reflections (Reflections.java:scan(232)) - Reflections took 65 ms to scan 7 urls, producing 119 keys and 279 values 
2021-12-29 13:37:24,985 [Listener at 127.0.0.1/44999] INFO  statemachine.DatanodeStateMachine (DatanodeStateMachine.java:getEndPointTaskThreadPoolSize(219)) - Datanode State Machine Task Thread Pool size 2
2021-12-29 13:37:24,987 [Listener at 127.0.0.1/44999] INFO  volume.HddsVolume (HddsVolume.java:<init>(120)) - Creating HddsVolume: /home/runner/work/ozone/ozone/hadoop-ozone/integration-test/target/test-dir/MiniOzoneClusterImpl-7740b1f0-8bf4-4e60-acce-edccb6a32bd6/datanode-0/data-0/containers/hdds of storage type : DISK capacity : 9223372036854775807
2021-12-29 13:37:24,987 [Listener at 127.0.0.1/44999] INFO  volume.MutableVolumeSet (MutableVolumeSet.java:initializeVolumeSet(168)) - Added Volume : /home/runner/work/ozone/ozone/hadoop-ozone/integration-test/target/test-dir/MiniOzoneClusterImpl-7740b1f0-8bf4-4e60-acce-edccb6a32bd6/datanode-0/data-0/containers/hdds to VolumeSet
2021-12-29 13:37:24,987 [Listener at 127.0.0.1/44999] INFO  volume.ThrottledAsyncChecker (ThrottledAsyncChecker.java:schedule(141)) - Scheduling a check for /home/runner/work/ozone/ozone/hadoop-ozone/integration-test/target/test-dir/MiniOzoneClusterImpl-7740b1f0-8bf4-4e60-acce-edccb6a32bd6/datanode-0/data-0/containers/hdds
2021-12-29 13:37:24,988 [Listener at 127.0.0.1/44999] INFO  volume.StorageVolumeChecker (StorageVolumeChecker.java:checkAllVolumes(202)) - Scheduled health check for volume /home/runner/work/ozone/ozone/hadoop-ozone/integration-test/target/test-dir/MiniOzoneClusterImpl-7740b1f0-8bf4-4e60-acce-edccb6a32bd6/datanode-0/data-0/containers/hdds
2021-12-29 13:37:25,001 [Listener at 127.0.0.1/44999] INFO  volume.MutableVolumeSet (MutableVolumeSet.java:initializeVolumeSet(168)) - Added Volume : /home/runner/work/ozone/ozone/hadoop-ozone/integration-test/target/test-dir/MiniOzoneClusterImpl-7740b1f0-8bf4-4e60-acce-edccb6a32bd6/datanode-0/data/ratis to VolumeSet
2021-12-29 13:37:25,001 [Listener at 127.0.0.1/44999] INFO  volume.ThrottledAsyncChecker (ThrottledAsyncChecker.java:schedule(141)) - Scheduling a check for /home/runner/work/ozone/ozone/hadoop-ozone/integration-test/target/test-dir/MiniOzoneClusterImpl-7740b1f0-8bf4-4e60-acce-edccb6a32bd6/datanode-0/data/ratis
2021-12-29 13:37:25,001 [Listener at 127.0.0.1/44999] INFO  volume.StorageVolumeChecker (StorageVolumeChecker.java:checkAllVolumes(202)) - Scheduled health check for volume /home/runner/work/ozone/ozone/hadoop-ozone/integration-test/target/test-dir/MiniOzoneClusterImpl-7740b1f0-8bf4-4e60-acce-edccb6a32bd6/datanode-0/data/ratis
2021-12-29 13:37:25,046 [Thread-1673] INFO  ozoneimpl.ContainerReader (ContainerReader.java:readVolume(172)) - Finish verifying containers on volume /home/runner/work/ozone/ozone/hadoop-ozone/integration-test/target/test-dir/MiniOzoneClusterImpl-7740b1f0-8bf4-4e60-acce-edccb6a32bd6/datanode-0/data-0/containers/hdds
2021-12-29 13:37:25,046 [Listener at 127.0.0.1/44999] INFO  ozoneimpl.OzoneContainer (OzoneContainer.java:buildContainerSet(237)) - Build ContainerSet costs 0s
2021-12-29 13:37:25,048 [Listener at 127.0.0.1/44999] INFO  server.RaftServer (ConfUtils.java:logGet(44)) - raft.rpc.type = GRPC (default)
2021-12-29 13:37:25,048 [Listener at 127.0.0.1/44999] INFO  grpc.GrpcFactory (GrpcFactory.java:checkPooledByteBufAllocatorUseCacheForAllThreads(48)) - PERFORMANCE WARNING: useCacheForAllThreads is true that may cause Netty to create a lot garbage objects and, as a result, trigger GC.
	It is recommended to disable useCacheForAllThreads by setting -Dorg.apache.ratis.thirdparty.io.netty.allocator.useCacheForAllThreads=false in command line.
2021-12-29 13:37:25,048 [Listener at 127.0.0.1/44999] INFO  grpc.GrpcConfigKeys (ConfUtils.java:logGet(44)) - raft.grpc.admin.port = 0 (custom)
2021-12-29 13:37:25,049 [Listener at 127.0.0.1/44999] INFO  grpc.GrpcConfigKeys (ConfUtils.java:logGet(44)) - raft.grpc.client.port = 0 (custom)
2021-12-29 13:37:25,049 [Listener at 127.0.0.1/44999] INFO  grpc.GrpcConfigKeys (ConfUtils.java:logGet(44)) - raft.grpc.server.port = 0 (default)
2021-12-29 13:37:25,049 [Listener at 127.0.0.1/44999] INFO  server.GrpcService (ConfUtils.java:logGet(44)) - raft.grpc.message.size.max = 32MB (=33554432) (custom)
2021-12-29 13:37:25,049 [Listener at 127.0.0.1/44999] INFO  server.RaftServerConfigKeys (ConfUtils.java:logGet(44)) - raft.server.log.appender.buffer.byte-limit = 33554432 (custom)
2021-12-29 13:37:25,049 [Listener at 127.0.0.1/44999] INFO  server.GrpcService (ConfUtils.java:logGet(44)) - raft.grpc.flow.control.window = 5MB (=5242880) (custom)
2021-12-29 13:37:25,049 [Listener at 127.0.0.1/44999] INFO  server.RaftServerConfigKeys (ConfUtils.java:logGet(44)) - raft.server.rpc.request.timeout = 60s (custom)
2021-12-29 13:37:25,051 [Listener at 127.0.0.1/44999] INFO  impl.DataStreamServerImpl (ConfUtils.java:logGet(44)) - raft.datastream.type = DISABLED (default)
2021-12-29 13:37:25,052 [Listener at 127.0.0.1/44999] INFO  server.RaftServerConfigKeys (ConfUtils.java:logGet(44)) - raft.server.rpc.slowness.timeout = 300s (custom)
2021-12-29 13:37:25,068 [Listener at 127.0.0.1/44999] INFO  server.RaftServerConfigKeys (ConfUtils.java:logGet(44)) - raft.server.leaderelection.leader.step-down.wait-time = 10s (default)
2021-12-29 13:37:25,068 [Listener at 127.0.0.1/44999] INFO  server.RaftServerConfigKeys (ConfUtils.java:logGet(44)) - raft.server.storage.dir = [/home/runner/work/ozone/ozone/hadoop-ozone/integration-test/target/test-dir/MiniOzoneClusterImpl-7740b1f0-8bf4-4e60-acce-edccb6a32bd6/datanode-0/data/ratis] (custom)
2021-12-29 13:37:25,069 [Listener at 127.0.0.1/44999] INFO  server.XceiverServerGrpc (XceiverServerGrpc.java:<init>(132)) - GrpcServer channel type EpollServerSocketChannel
2021-12-29 13:37:25,093 [Listener at 127.0.0.1/44999] INFO  http.BaseHttpServer (BaseHttpServer.java:newHttpServer2BuilderForOzone(209)) - Starting Web-server for hddsDatanode at: http://0.0.0.0:0
2021-12-29 13:37:25,093 [Listener at 127.0.0.1/44999] INFO  http.BaseHttpServer (BaseHttpServer.java:<init>(107)) - Hadoop Security Enabled: false Ozone Security Enabled: false Ozone HTTP Security Enabled: false 
2021-12-29 13:37:25,094 [Listener at 127.0.0.1/44999] INFO  server.AuthenticationFilter (AuthenticationFilter.java:constructSecretProvider(240)) - Unable to initialize FileSignerSecretProvider, falling back to use random secrets.
2021-12-29 13:37:25,102 [Listener at 127.0.0.1/44999] WARN  http.HttpRequestLog (HttpRequestLog.java:getRequestLog(103)) - Jetty request log can only be enabled using Log4j
2021-12-29 13:37:25,103 [Listener at 127.0.0.1/44999] INFO  http.HttpServer2 (HttpServer2.java:addGlobalFilter(1030)) - Added global filter 'safety' (class=org.apache.hadoop.hdds.server.http.HttpServer2$QuotingInputFilter)
2021-12-29 13:37:25,103 [Listener at 127.0.0.1/44999] INFO  http.HttpServer2 (HttpServer2.java:addFilter(1006)) - Added filter static_user_filter (class=org.apache.hadoop.http.lib.StaticUserWebFilter$StaticUserFilter) to context hddsDatanode
2021-12-29 13:37:25,103 [Listener at 127.0.0.1/44999] INFO  http.HttpServer2 (HttpServer2.java:addFilter(1014)) - Added filter static_user_filter (class=org.apache.hadoop.http.lib.StaticUserWebFilter$StaticUserFilter) to context static
2021-12-29 13:37:25,103 [Listener at 127.0.0.1/44999] INFO  http.HttpServer2 (HttpServer2.java:addFilter(1014)) - Added filter static_user_filter (class=org.apache.hadoop.http.lib.StaticUserWebFilter$StaticUserFilter) to context logs
2021-12-29 13:37:25,104 [Listener at 127.0.0.1/44999] INFO  http.HttpServer2 (HttpServer2.java:bindListener(1249)) - Jetty bound to port 43365
2021-12-29 13:37:25,104 [Listener at 127.0.0.1/44999] INFO  server.Server (Server.java:doStart(375)) - jetty-9.4.43.v20210629; built: 2021-06-30T11:07:22.254Z; git: 526006ecfa3af7f1a27ef3a288e2bef7ea9dd7e8; jvm 1.8.0_292-b10
2021-12-29 13:37:25,218 [Listener at 127.0.0.1/44999] INFO  server.session (DefaultSessionIdManager.java:doStart(334)) - DefaultSessionIdManager workerName=node0
2021-12-29 13:37:25,219 [Listener at 127.0.0.1/44999] INFO  server.session (DefaultSessionIdManager.java:doStart(339)) - No SessionScavenger set, using defaults
2021-12-29 13:37:25,219 [Listener at 127.0.0.1/44999] INFO  server.session (HouseKeeper.java:startScavenging(132)) - node0 Scavenging every 600000ms
2021-12-29 13:37:25,220 [Listener at 127.0.0.1/44999] INFO  handler.ContextHandler (ContextHandler.java:doStart(915)) - Started o.e.j.s.ServletContextHandler@5c65480d{logs,/logs,file:///home/runner/work/ozone/ozone/hadoop-ozone/integration-test/target/log,AVAILABLE}
2021-12-29 13:37:25,220 [Listener at 127.0.0.1/44999] INFO  handler.ContextHandler (ContextHandler.java:doStart(915)) - Started o.e.j.s.ServletContextHandler@17fdbefb{static,/static,jar:file:/home/runner/.m2/repository/org/apache/ozone/hdds-container-service/1.3.0-SNAPSHOT/hdds-container-service-1.3.0-SNAPSHOT.jar!/webapps/static,AVAILABLE}
2021-12-29 13:37:25,306 [Listener at 127.0.0.1/44999] INFO  handler.ContextHandler (ContextHandler.java:doStart(915)) - Started o.e.j.w.WebAppContext@49bdd290{hddsDatanode,/,file:///tmp/jetty-0_0_0_0-43365-hdds-container-service-1_3_0-SNAPSHOT_jar-_-any-4186858837885830793/webapp/,AVAILABLE}{jar:file:/home/runner/.m2/repository/org/apache/ozone/hdds-container-service/1.3.0-SNAPSHOT/hdds-container-service-1.3.0-SNAPSHOT.jar!/webapps/hddsDatanode}
2021-12-29 13:37:25,308 [Listener at 127.0.0.1/44999] INFO  server.AbstractConnector (AbstractConnector.java:doStart(331)) - Started ServerConnector@3baf972e{HTTP/1.1, (http/1.1)}{0.0.0.0:43365}
2021-12-29 13:37:25,308 [Listener at 127.0.0.1/44999] INFO  server.Server (Server.java:doStart(415)) - Started @208835ms
2021-12-29 13:37:25,308 [Listener at 127.0.0.1/44999] WARN  impl.MetricsSystemImpl (MetricsSystemImpl.java:register(279)) - Sink prometheus already exists!
2021-12-29 13:37:25,309 [Listener at 127.0.0.1/44999] INFO  http.BaseHttpServer (BaseHttpServer.java:updateConnectorAddress(329)) - HTTP server of hddsDatanode listening at http://0.0.0.0:43365
2021-12-29 13:37:25,309 [Listener at 127.0.0.1/44999] INFO  impl.MetricsSystemImpl (MetricsSystemImpl.java:init(158)) - HddsDatanode metrics system started (again)
2021-12-29 13:37:25,310 [Datanode State Machine Daemon Thread] INFO  statemachine.DatanodeStateMachine (DatanodeStateMachine.java:lambda$startDaemon$0(467)) - Ozone container server started.
2021-12-29 13:37:25,350 [Listener at 127.0.0.1/44999] INFO  ozone.HddsDatanodeService (HddsDatanodeService.java:start(234)) - HddsDatanodeService host:fv-az59-280.csjynl4pkq3e1pkirw3ssqjfoh.cx.internal.cloudapp.net ip:10.1.0.26
2021-12-29 13:37:25,370 [org.apache.hadoop.util.JvmPauseMonitor$Monitor@710825a8] INFO  util.JvmPauseMonitor (JvmPauseMonitor.java:run(188)) - Starting JVM pause monitor
2021-12-29 13:37:25,373 [Datanode State Machine Task Thread - 0] INFO  datanode.InitDatanodeState (InitDatanodeState.java:persistContainerDatanodeDetails(145)) - DatanodeDetails is persisted to /home/runner/work/ozone/ozone/hadoop-ozone/integration-test/target/test-dir/MiniOzoneClusterImpl-7740b1f0-8bf4-4e60-acce-edccb6a32bd6/datanode-0/meta/datanode.id
2021-12-29 13:37:25,400 [Listener at 127.0.0.1/44999] INFO  upgrade.AbstractLayoutVersionManager (AbstractLayoutVersionManager.java:init(79)) - Initializing Layout version manager with metadata layout = SCM_HA (version = 2), software layout = SCM_HA (version = 2)
2021-12-29 13:37:25,508 [Listener at 127.0.0.1/44999] INFO  reflections.Reflections (Reflections.java:scan(232)) - Reflections took 107 ms to scan 7 urls, producing 119 keys and 279 values 
2021-12-29 13:37:25,509 [Listener at 127.0.0.1/44999] INFO  statemachine.DatanodeStateMachine (DatanodeStateMachine.java:getEndPointTaskThreadPoolSize(219)) - Datanode State Machine Task Thread Pool size 2
2021-12-29 13:37:25,528 [Listener at 127.0.0.1/44999] INFO  volume.HddsVolume (HddsVolume.java:<init>(120)) - Creating HddsVolume: /home/runner/work/ozone/ozone/hadoop-ozone/integration-test/target/test-dir/MiniOzoneClusterImpl-7740b1f0-8bf4-4e60-acce-edccb6a32bd6/datanode-1/data-0/containers/hdds of storage type : DISK capacity : 9223372036854775807
2021-12-29 13:37:25,528 [Listener at 127.0.0.1/44999] INFO  volume.MutableVolumeSet (MutableVolumeSet.java:initializeVolumeSet(168)) - Added Volume : /home/runner/work/ozone/ozone/hadoop-ozone/integration-test/target/test-dir/MiniOzoneClusterImpl-7740b1f0-8bf4-4e60-acce-edccb6a32bd6/datanode-1/data-0/containers/hdds to VolumeSet
2021-12-29 13:37:25,529 [Listener at 127.0.0.1/44999] INFO  volume.ThrottledAsyncChecker (ThrottledAsyncChecker.java:schedule(141)) - Scheduling a check for /home/runner/work/ozone/ozone/hadoop-ozone/integration-test/target/test-dir/MiniOzoneClusterImpl-7740b1f0-8bf4-4e60-acce-edccb6a32bd6/datanode-1/data-0/containers/hdds
2021-12-29 13:37:25,529 [Listener at 127.0.0.1/44999] INFO  volume.StorageVolumeChecker (StorageVolumeChecker.java:checkAllVolumes(202)) - Scheduled health check for volume /home/runner/work/ozone/ozone/hadoop-ozone/integration-test/target/test-dir/MiniOzoneClusterImpl-7740b1f0-8bf4-4e60-acce-edccb6a32bd6/datanode-1/data-0/containers/hdds
2021-12-29 13:37:25,546 [Listener at 127.0.0.1/44999] INFO  volume.MutableVolumeSet (MutableVolumeSet.java:initializeVolumeSet(168)) - Added Volume : /home/runner/work/ozone/ozone/hadoop-ozone/integration-test/target/test-dir/MiniOzoneClusterImpl-7740b1f0-8bf4-4e60-acce-edccb6a32bd6/datanode-1/data/ratis to VolumeSet
2021-12-29 13:37:25,546 [Listener at 127.0.0.1/44999] INFO  volume.ThrottledAsyncChecker (ThrottledAsyncChecker.java:schedule(141)) - Scheduling a check for /home/runner/work/ozone/ozone/hadoop-ozone/integration-test/target/test-dir/MiniOzoneClusterImpl-7740b1f0-8bf4-4e60-acce-edccb6a32bd6/datanode-1/data/ratis
2021-12-29 13:37:25,546 [Listener at 127.0.0.1/44999] INFO  volume.StorageVolumeChecker (StorageVolumeChecker.java:checkAllVolumes(202)) - Scheduled health check for volume /home/runner/work/ozone/ozone/hadoop-ozone/integration-test/target/test-dir/MiniOzoneClusterImpl-7740b1f0-8bf4-4e60-acce-edccb6a32bd6/datanode-1/data/ratis
2021-12-29 13:37:25,566 [Thread-1685] INFO  ozoneimpl.ContainerReader (ContainerReader.java:readVolume(172)) - Finish verifying containers on volume /home/runner/work/ozone/ozone/hadoop-ozone/integration-test/target/test-dir/MiniOzoneClusterImpl-7740b1f0-8bf4-4e60-acce-edccb6a32bd6/datanode-1/data-0/containers/hdds
2021-12-29 13:37:25,573 [Listener at 127.0.0.1/44999] INFO  ozoneimpl.OzoneContainer (OzoneContainer.java:buildContainerSet(237)) - Build ContainerSet costs 0s
2021-12-29 13:37:25,580 [Listener at 127.0.0.1/44999] INFO  server.RaftServer (ConfUtils.java:logGet(44)) - raft.rpc.type = GRPC (default)
2021-12-29 13:37:25,580 [Listener at 127.0.0.1/44999] INFO  grpc.GrpcFactory (GrpcFactory.java:checkPooledByteBufAllocatorUseCacheForAllThreads(48)) - PERFORMANCE WARNING: useCacheForAllThreads is true that may cause Netty to create a lot garbage objects and, as a result, trigger GC.
	It is recommended to disable useCacheForAllThreads by setting -Dorg.apache.ratis.thirdparty.io.netty.allocator.useCacheForAllThreads=false in command line.
2021-12-29 13:37:25,580 [Listener at 127.0.0.1/44999] INFO  grpc.GrpcConfigKeys (ConfUtils.java:logGet(44)) - raft.grpc.admin.port = 0 (custom)
2021-12-29 13:37:25,580 [Listener at 127.0.0.1/44999] INFO  grpc.GrpcConfigKeys (ConfUtils.java:logGet(44)) - raft.grpc.client.port = 0 (custom)
2021-12-29 13:37:25,580 [Listener at 127.0.0.1/44999] INFO  grpc.GrpcConfigKeys (ConfUtils.java:logGet(44)) - raft.grpc.server.port = 0 (default)
2021-12-29 13:37:25,580 [Listener at 127.0.0.1/44999] INFO  server.GrpcService (ConfUtils.java:logGet(44)) - raft.grpc.message.size.max = 32MB (=33554432) (custom)
2021-12-29 13:37:25,581 [Listener at 127.0.0.1/44999] INFO  server.RaftServerConfigKeys (ConfUtils.java:logGet(44)) - raft.server.log.appender.buffer.byte-limit = 33554432 (custom)
2021-12-29 13:37:25,581 [Listener at 127.0.0.1/44999] INFO  server.GrpcService (ConfUtils.java:logGet(44)) - raft.grpc.flow.control.window = 5MB (=5242880) (custom)
2021-12-29 13:37:25,581 [Listener at 127.0.0.1/44999] INFO  server.RaftServerConfigKeys (ConfUtils.java:logGet(44)) - raft.server.rpc.request.timeout = 60s (custom)
2021-12-29 13:37:25,582 [Listener at 127.0.0.1/44999] INFO  impl.DataStreamServerImpl (ConfUtils.java:logGet(44)) - raft.datastream.type = DISABLED (default)
2021-12-29 13:37:25,599 [Listener at 127.0.0.1/44999] INFO  server.RaftServerConfigKeys (ConfUtils.java:logGet(44)) - raft.server.rpc.slowness.timeout = 300s (custom)
2021-12-29 13:37:25,599 [Listener at 127.0.0.1/44999] INFO  server.RaftServerConfigKeys (ConfUtils.java:logGet(44)) - raft.server.leaderelection.leader.step-down.wait-time = 10s (default)
2021-12-29 13:37:25,599 [Listener at 127.0.0.1/44999] INFO  server.RaftServerConfigKeys (ConfUtils.java:logGet(44)) - raft.server.storage.dir = [/home/runner/work/ozone/ozone/hadoop-ozone/integration-test/target/test-dir/MiniOzoneClusterImpl-7740b1f0-8bf4-4e60-acce-edccb6a32bd6/datanode-1/data/ratis] (custom)
2021-12-29 13:37:25,600 [Listener at 127.0.0.1/44999] INFO  server.XceiverServerGrpc (XceiverServerGrpc.java:<init>(132)) - GrpcServer channel type EpollServerSocketChannel
2021-12-29 13:37:25,613 [Listener at 127.0.0.1/44999] INFO  http.BaseHttpServer (BaseHttpServer.java:newHttpServer2BuilderForOzone(209)) - Starting Web-server for hddsDatanode at: http://0.0.0.0:0
2021-12-29 13:37:25,613 [Listener at 127.0.0.1/44999] INFO  http.BaseHttpServer (BaseHttpServer.java:<init>(107)) - Hadoop Security Enabled: false Ozone Security Enabled: false Ozone HTTP Security Enabled: false 
2021-12-29 13:37:25,614 [Listener at 127.0.0.1/44999] INFO  server.AuthenticationFilter (AuthenticationFilter.java:constructSecretProvider(240)) - Unable to initialize FileSignerSecretProvider, falling back to use random secrets.
2021-12-29 13:37:25,616 [Listener at 127.0.0.1/44999] WARN  http.HttpRequestLog (HttpRequestLog.java:getRequestLog(103)) - Jetty request log can only be enabled using Log4j
2021-12-29 13:37:25,620 [Listener at 127.0.0.1/44999] INFO  http.HttpServer2 (HttpServer2.java:addGlobalFilter(1030)) - Added global filter 'safety' (class=org.apache.hadoop.hdds.server.http.HttpServer2$QuotingInputFilter)
2021-12-29 13:37:25,620 [Listener at 127.0.0.1/44999] INFO  http.HttpServer2 (HttpServer2.java:addFilter(1006)) - Added filter static_user_filter (class=org.apache.hadoop.http.lib.StaticUserWebFilter$StaticUserFilter) to context hddsDatanode
2021-12-29 13:37:25,626 [Listener at 127.0.0.1/44999] INFO  http.HttpServer2 (HttpServer2.java:addFilter(1014)) - Added filter static_user_filter (class=org.apache.hadoop.http.lib.StaticUserWebFilter$StaticUserFilter) to context static
2021-12-29 13:37:25,626 [Listener at 127.0.0.1/44999] INFO  http.HttpServer2 (HttpServer2.java:addFilter(1014)) - Added filter static_user_filter (class=org.apache.hadoop.http.lib.StaticUserWebFilter$StaticUserFilter) to context logs
2021-12-29 13:37:25,626 [Listener at 127.0.0.1/44999] INFO  http.HttpServer2 (HttpServer2.java:bindListener(1249)) - Jetty bound to port 45641
2021-12-29 13:37:25,627 [Listener at 127.0.0.1/44999] INFO  server.Server (Server.java:doStart(375)) - jetty-9.4.43.v20210629; built: 2021-06-30T11:07:22.254Z; git: 526006ecfa3af7f1a27ef3a288e2bef7ea9dd7e8; jvm 1.8.0_292-b10
2021-12-29 13:37:25,632 [Listener at 127.0.0.1/44999] INFO  server.session (DefaultSessionIdManager.java:doStart(334)) - DefaultSessionIdManager workerName=node0
2021-12-29 13:37:25,632 [Listener at 127.0.0.1/44999] INFO  server.session (DefaultSessionIdManager.java:doStart(339)) - No SessionScavenger set, using defaults
2021-12-29 13:37:25,632 [Listener at 127.0.0.1/44999] INFO  server.session (HouseKeeper.java:startScavenging(132)) - node0 Scavenging every 660000ms
2021-12-29 13:37:25,663 [Listener at 127.0.0.1/44999] INFO  handler.ContextHandler (ContextHandler.java:doStart(915)) - Started o.e.j.s.ServletContextHandler@4d25f209{logs,/logs,file:///home/runner/work/ozone/ozone/hadoop-ozone/integration-test/target/log,AVAILABLE}
2021-12-29 13:37:25,664 [Listener at 127.0.0.1/44999] INFO  handler.ContextHandler (ContextHandler.java:doStart(915)) - Started o.e.j.s.ServletContextHandler@f79deff{static,/static,jar:file:/home/runner/.m2/repository/org/apache/ozone/hdds-container-service/1.3.0-SNAPSHOT/hdds-container-service-1.3.0-SNAPSHOT.jar!/webapps/static,AVAILABLE}
2021-12-29 13:37:25,793 [Listener at 127.0.0.1/44999] INFO  handler.ContextHandler (ContextHandler.java:doStart(915)) - Started o.e.j.w.WebAppContext@3983235{hddsDatanode,/,file:///tmp/jetty-0_0_0_0-45641-hdds-container-service-1_3_0-SNAPSHOT_jar-_-any-1020116825069670704/webapp/,AVAILABLE}{jar:file:/home/runner/.m2/repository/org/apache/ozone/hdds-container-service/1.3.0-SNAPSHOT/hdds-container-service-1.3.0-SNAPSHOT.jar!/webapps/hddsDatanode}
2021-12-29 13:37:25,795 [Listener at 127.0.0.1/44999] INFO  server.AbstractConnector (AbstractConnector.java:doStart(331)) - Started ServerConnector@124d184c{HTTP/1.1, (http/1.1)}{0.0.0.0:45641}
2021-12-29 13:37:25,795 [Listener at 127.0.0.1/44999] INFO  server.Server (Server.java:doStart(415)) - Started @209322ms
2021-12-29 13:37:25,795 [Listener at 127.0.0.1/44999] WARN  impl.MetricsSystemImpl (MetricsSystemImpl.java:register(279)) - Sink prometheus already exists!
2021-12-29 13:37:25,796 [Listener at 127.0.0.1/44999] INFO  http.BaseHttpServer (BaseHttpServer.java:updateConnectorAddress(329)) - HTTP server of hddsDatanode listening at http://0.0.0.0:45641
2021-12-29 13:37:25,806 [Listener at 127.0.0.1/44999] INFO  impl.MetricsSystemImpl (MetricsSystemImpl.java:init(158)) - HddsDatanode metrics system started (again)
2021-12-29 13:37:25,829 [Datanode State Machine Daemon Thread] INFO  statemachine.DatanodeStateMachine (DatanodeStateMachine.java:lambda$startDaemon$0(467)) - Ozone container server started.
2021-12-29 13:37:25,858 [org.apache.hadoop.util.JvmPauseMonitor$Monitor@75dd814e] INFO  util.JvmPauseMonitor (JvmPauseMonitor.java:run(188)) - Starting JVM pause monitor
2021-12-29 13:37:25,874 [Listener at 127.0.0.1/44999] INFO  ozone.HddsDatanodeService (HddsDatanodeService.java:start(234)) - HddsDatanodeService host:fv-az59-280.csjynl4pkq3e1pkirw3ssqjfoh.cx.internal.cloudapp.net ip:10.1.0.26
2021-12-29 13:37:25,880 [Datanode State Machine Task Thread - 0] INFO  datanode.InitDatanodeState (InitDatanodeState.java:persistContainerDatanodeDetails(145)) - DatanodeDetails is persisted to /home/runner/work/ozone/ozone/hadoop-ozone/integration-test/target/test-dir/MiniOzoneClusterImpl-7740b1f0-8bf4-4e60-acce-edccb6a32bd6/datanode-1/meta/datanode.id
2021-12-29 13:37:25,958 [Listener at 127.0.0.1/44999] INFO  upgrade.AbstractLayoutVersionManager (AbstractLayoutVersionManager.java:init(79)) - Initializing Layout version manager with metadata layout = SCM_HA (version = 2), software layout = SCM_HA (version = 2)
2021-12-29 13:37:26,013 [Listener at 127.0.0.1/44999] INFO  reflections.Reflections (Reflections.java:scan(232)) - Reflections took 53 ms to scan 7 urls, producing 119 keys and 279 values 
2021-12-29 13:37:26,014 [Listener at 127.0.0.1/44999] INFO  statemachine.DatanodeStateMachine (DatanodeStateMachine.java:getEndPointTaskThreadPoolSize(219)) - Datanode State Machine Task Thread Pool size 2
2021-12-29 13:37:26,016 [Listener at 127.0.0.1/44999] INFO  volume.HddsVolume (HddsVolume.java:<init>(120)) - Creating HddsVolume: /home/runner/work/ozone/ozone/hadoop-ozone/integration-test/target/test-dir/MiniOzoneClusterImpl-7740b1f0-8bf4-4e60-acce-edccb6a32bd6/datanode-2/data-0/containers/hdds of storage type : DISK capacity : 9223372036854775807
2021-12-29 13:37:26,016 [Listener at 127.0.0.1/44999] INFO  volume.MutableVolumeSet (MutableVolumeSet.java:initializeVolumeSet(168)) - Added Volume : /home/runner/work/ozone/ozone/hadoop-ozone/integration-test/target/test-dir/MiniOzoneClusterImpl-7740b1f0-8bf4-4e60-acce-edccb6a32bd6/datanode-2/data-0/containers/hdds to VolumeSet
2021-12-29 13:37:26,016 [Listener at 127.0.0.1/44999] INFO  volume.ThrottledAsyncChecker (ThrottledAsyncChecker.java:schedule(141)) - Scheduling a check for /home/runner/work/ozone/ozone/hadoop-ozone/integration-test/target/test-dir/MiniOzoneClusterImpl-7740b1f0-8bf4-4e60-acce-edccb6a32bd6/datanode-2/data-0/containers/hdds
2021-12-29 13:37:26,017 [Listener at 127.0.0.1/44999] INFO  volume.StorageVolumeChecker (StorageVolumeChecker.java:checkAllVolumes(202)) - Scheduled health check for volume /home/runner/work/ozone/ozone/hadoop-ozone/integration-test/target/test-dir/MiniOzoneClusterImpl-7740b1f0-8bf4-4e60-acce-edccb6a32bd6/datanode-2/data-0/containers/hdds
2021-12-29 13:37:26,035 [Listener at 127.0.0.1/44999] INFO  volume.MutableVolumeSet (MutableVolumeSet.java:initializeVolumeSet(168)) - Added Volume : /home/runner/work/ozone/ozone/hadoop-ozone/integration-test/target/test-dir/MiniOzoneClusterImpl-7740b1f0-8bf4-4e60-acce-edccb6a32bd6/datanode-2/data/ratis to VolumeSet
2021-12-29 13:37:26,042 [Listener at 127.0.0.1/44999] INFO  volume.ThrottledAsyncChecker (ThrottledAsyncChecker.java:schedule(141)) - Scheduling a check for /home/runner/work/ozone/ozone/hadoop-ozone/integration-test/target/test-dir/MiniOzoneClusterImpl-7740b1f0-8bf4-4e60-acce-edccb6a32bd6/datanode-2/data/ratis
2021-12-29 13:37:26,042 [Listener at 127.0.0.1/44999] INFO  volume.StorageVolumeChecker (StorageVolumeChecker.java:checkAllVolumes(202)) - Scheduled health check for volume /home/runner/work/ozone/ozone/hadoop-ozone/integration-test/target/test-dir/MiniOzoneClusterImpl-7740b1f0-8bf4-4e60-acce-edccb6a32bd6/datanode-2/data/ratis
2021-12-29 13:37:26,076 [Thread-1697] INFO  ozoneimpl.ContainerReader (ContainerReader.java:readVolume(172)) - Finish verifying containers on volume /home/runner/work/ozone/ozone/hadoop-ozone/integration-test/target/test-dir/MiniOzoneClusterImpl-7740b1f0-8bf4-4e60-acce-edccb6a32bd6/datanode-2/data-0/containers/hdds
2021-12-29 13:37:26,076 [Listener at 127.0.0.1/44999] INFO  ozoneimpl.OzoneContainer (OzoneContainer.java:buildContainerSet(237)) - Build ContainerSet costs 0s
2021-12-29 13:37:26,078 [Listener at 127.0.0.1/44999] INFO  server.RaftServer (ConfUtils.java:logGet(44)) - raft.rpc.type = GRPC (default)
2021-12-29 13:37:26,078 [Listener at 127.0.0.1/44999] INFO  grpc.GrpcFactory (GrpcFactory.java:checkPooledByteBufAllocatorUseCacheForAllThreads(48)) - PERFORMANCE WARNING: useCacheForAllThreads is true that may cause Netty to create a lot garbage objects and, as a result, trigger GC.
	It is recommended to disable useCacheForAllThreads by setting -Dorg.apache.ratis.thirdparty.io.netty.allocator.useCacheForAllThreads=false in command line.
2021-12-29 13:37:26,078 [Listener at 127.0.0.1/44999] INFO  grpc.GrpcConfigKeys (ConfUtils.java:logGet(44)) - raft.grpc.admin.port = 0 (custom)
2021-12-29 13:37:26,078 [Listener at 127.0.0.1/44999] INFO  grpc.GrpcConfigKeys (ConfUtils.java:logGet(44)) - raft.grpc.client.port = 0 (custom)
2021-12-29 13:37:26,078 [Listener at 127.0.0.1/44999] INFO  grpc.GrpcConfigKeys (ConfUtils.java:logGet(44)) - raft.grpc.server.port = 0 (default)
2021-12-29 13:37:26,079 [Listener at 127.0.0.1/44999] INFO  server.GrpcService (ConfUtils.java:logGet(44)) - raft.grpc.message.size.max = 32MB (=33554432) (custom)
2021-12-29 13:37:26,079 [Listener at 127.0.0.1/44999] INFO  server.RaftServerConfigKeys (ConfUtils.java:logGet(44)) - raft.server.log.appender.buffer.byte-limit = 33554432 (custom)
2021-12-29 13:37:26,079 [Listener at 127.0.0.1/44999] INFO  server.GrpcService (ConfUtils.java:logGet(44)) - raft.grpc.flow.control.window = 5MB (=5242880) (custom)
2021-12-29 13:37:26,079 [Listener at 127.0.0.1/44999] INFO  server.RaftServerConfigKeys (ConfUtils.java:logGet(44)) - raft.server.rpc.request.timeout = 60s (custom)
2021-12-29 13:37:26,080 [Listener at 127.0.0.1/44999] INFO  impl.DataStreamServerImpl (ConfUtils.java:logGet(44)) - raft.datastream.type = DISABLED (default)
2021-12-29 13:37:26,080 [Listener at 127.0.0.1/44999] INFO  server.RaftServerConfigKeys (ConfUtils.java:logGet(44)) - raft.server.rpc.slowness.timeout = 300s (custom)
2021-12-29 13:37:26,080 [Listener at 127.0.0.1/44999] INFO  server.RaftServerConfigKeys (ConfUtils.java:logGet(44)) - raft.server.leaderelection.leader.step-down.wait-time = 10s (default)
2021-12-29 13:37:26,081 [Listener at 127.0.0.1/44999] INFO  server.RaftServerConfigKeys (ConfUtils.java:logGet(44)) - raft.server.storage.dir = [/home/runner/work/ozone/ozone/hadoop-ozone/integration-test/target/test-dir/MiniOzoneClusterImpl-7740b1f0-8bf4-4e60-acce-edccb6a32bd6/datanode-2/data/ratis] (custom)
2021-12-29 13:37:26,089 [Listener at 127.0.0.1/44999] INFO  server.XceiverServerGrpc (XceiverServerGrpc.java:<init>(132)) - GrpcServer channel type EpollServerSocketChannel
2021-12-29 13:37:26,091 [Listener at 127.0.0.1/44999] INFO  http.BaseHttpServer (BaseHttpServer.java:newHttpServer2BuilderForOzone(209)) - Starting Web-server for hddsDatanode at: http://0.0.0.0:0
2021-12-29 13:37:26,091 [Listener at 127.0.0.1/44999] INFO  http.BaseHttpServer (BaseHttpServer.java:<init>(107)) - Hadoop Security Enabled: false Ozone Security Enabled: false Ozone HTTP Security Enabled: false 
2021-12-29 13:37:26,092 [Listener at 127.0.0.1/44999] INFO  server.AuthenticationFilter (AuthenticationFilter.java:constructSecretProvider(240)) - Unable to initialize FileSignerSecretProvider, falling back to use random secrets.
2021-12-29 13:37:26,103 [Listener at 127.0.0.1/44999] WARN  http.HttpRequestLog (HttpRequestLog.java:getRequestLog(103)) - Jetty request log can only be enabled using Log4j
2021-12-29 13:37:26,104 [Listener at 127.0.0.1/44999] INFO  http.HttpServer2 (HttpServer2.java:addGlobalFilter(1030)) - Added global filter 'safety' (class=org.apache.hadoop.hdds.server.http.HttpServer2$QuotingInputFilter)
2021-12-29 13:37:26,105 [Listener at 127.0.0.1/44999] INFO  http.HttpServer2 (HttpServer2.java:addFilter(1006)) - Added filter static_user_filter (class=org.apache.hadoop.http.lib.StaticUserWebFilter$StaticUserFilter) to context hddsDatanode
2021-12-29 13:37:26,105 [Listener at 127.0.0.1/44999] INFO  http.HttpServer2 (HttpServer2.java:addFilter(1014)) - Added filter static_user_filter (class=org.apache.hadoop.http.lib.StaticUserWebFilter$StaticUserFilter) to context static
2021-12-29 13:37:26,105 [Listener at 127.0.0.1/44999] INFO  http.HttpServer2 (HttpServer2.java:addFilter(1014)) - Added filter static_user_filter (class=org.apache.hadoop.http.lib.StaticUserWebFilter$StaticUserFilter) to context logs
2021-12-29 13:37:26,105 [Listener at 127.0.0.1/44999] INFO  http.HttpServer2 (HttpServer2.java:bindListener(1249)) - Jetty bound to port 34199
2021-12-29 13:37:26,105 [Listener at 127.0.0.1/44999] INFO  server.Server (Server.java:doStart(375)) - jetty-9.4.43.v20210629; built: 2021-06-30T11:07:22.254Z; git: 526006ecfa3af7f1a27ef3a288e2bef7ea9dd7e8; jvm 1.8.0_292-b10
2021-12-29 13:37:26,120 [Listener at 127.0.0.1/44999] INFO  server.session (DefaultSessionIdManager.java:doStart(334)) - DefaultSessionIdManager workerName=node0
2021-12-29 13:37:26,121 [Listener at 127.0.0.1/44999] INFO  server.session (DefaultSessionIdManager.java:doStart(339)) - No SessionScavenger set, using defaults
2021-12-29 13:37:26,121 [Listener at 127.0.0.1/44999] INFO  server.session (HouseKeeper.java:startScavenging(132)) - node0 Scavenging every 600000ms
2021-12-29 13:37:26,125 [Listener at 127.0.0.1/44999] INFO  handler.ContextHandler (ContextHandler.java:doStart(915)) - Started o.e.j.s.ServletContextHandler@74b0f057{logs,/logs,file:///home/runner/work/ozone/ozone/hadoop-ozone/integration-test/target/log,AVAILABLE}
2021-12-29 13:37:26,125 [Listener at 127.0.0.1/44999] INFO  handler.ContextHandler (ContextHandler.java:doStart(915)) - Started o.e.j.s.ServletContextHandler@35681699{static,/static,jar:file:/home/runner/.m2/repository/org/apache/ozone/hdds-container-service/1.3.0-SNAPSHOT/hdds-container-service-1.3.0-SNAPSHOT.jar!/webapps/static,AVAILABLE}
2021-12-29 13:37:26,211 [Listener at 127.0.0.1/44999] INFO  handler.ContextHandler (ContextHandler.java:doStart(915)) - Started o.e.j.w.WebAppContext@71b6ccab{hddsDatanode,/,file:///tmp/jetty-0_0_0_0-34199-hdds-container-service-1_3_0-SNAPSHOT_jar-_-any-7443405743091048540/webapp/,AVAILABLE}{jar:file:/home/runner/.m2/repository/org/apache/ozone/hdds-container-service/1.3.0-SNAPSHOT/hdds-container-service-1.3.0-SNAPSHOT.jar!/webapps/hddsDatanode}
2021-12-29 13:37:26,213 [Listener at 127.0.0.1/44999] INFO  server.AbstractConnector (AbstractConnector.java:doStart(331)) - Started ServerConnector@3a6894ac{HTTP/1.1, (http/1.1)}{0.0.0.0:34199}
2021-12-29 13:37:26,213 [Listener at 127.0.0.1/44999] INFO  server.Server (Server.java:doStart(415)) - Started @209741ms
2021-12-29 13:37:26,214 [Listener at 127.0.0.1/44999] WARN  impl.MetricsSystemImpl (MetricsSystemImpl.java:register(279)) - Sink prometheus already exists!
2021-12-29 13:37:26,214 [Listener at 127.0.0.1/44999] INFO  http.BaseHttpServer (BaseHttpServer.java:updateConnectorAddress(329)) - HTTP server of hddsDatanode listening at http://0.0.0.0:34199
2021-12-29 13:37:26,215 [Listener at 127.0.0.1/44999] INFO  ozone.MiniOzoneClusterImpl (MiniOzoneClusterImpl.java:lambda$waitForClusterToBeReady$0(235)) - Waiting for nodes to be ready. Got 0 of 3 DN Heartbeats.
2021-12-29 13:37:26,215 [Listener at 127.0.0.1/44999] INFO  ozone.MiniOzoneClusterImpl (MiniOzoneClusterImpl.java:lambda$waitForClusterToBeReady$0(238)) - Waiting for cluster to exit safe mode
2021-12-29 13:37:26,215 [Listener at 127.0.0.1/44999] INFO  ozone.MiniOzoneClusterImpl (MiniOzoneClusterImpl.java:lambda$waitForClusterToBeReady$0(240)) - SCM became leader
2021-12-29 13:37:26,215 [Datanode State Machine Daemon Thread] INFO  statemachine.DatanodeStateMachine (DatanodeStateMachine.java:lambda$startDaemon$0(467)) - Ozone container server started.
2021-12-29 13:37:26,248 [Datanode State Machine Task Thread - 0] INFO  datanode.InitDatanodeState (InitDatanodeState.java:persistContainerDatanodeDetails(145)) - DatanodeDetails is persisted to /home/runner/work/ozone/ozone/hadoop-ozone/integration-test/target/test-dir/MiniOzoneClusterImpl-7740b1f0-8bf4-4e60-acce-edccb6a32bd6/datanode-2/meta/datanode.id
2021-12-29 13:37:26,256 [org.apache.hadoop.util.JvmPauseMonitor$Monitor@1a53fad9] INFO  util.JvmPauseMonitor (JvmPauseMonitor.java:run(188)) - Starting JVM pause monitor
2021-12-29 13:37:27,215 [Listener at 127.0.0.1/44999] INFO  ozone.MiniOzoneClusterImpl (MiniOzoneClusterImpl.java:lambda$waitForClusterToBeReady$0(235)) - Waiting for nodes to be ready. Got 0 of 3 DN Heartbeats.
2021-12-29 13:37:27,215 [Listener at 127.0.0.1/44999] INFO  ozone.MiniOzoneClusterImpl (MiniOzoneClusterImpl.java:lambda$waitForClusterToBeReady$0(238)) - Waiting for cluster to exit safe mode
2021-12-29 13:37:27,215 [Listener at 127.0.0.1/44999] INFO  ozone.MiniOzoneClusterImpl (MiniOzoneClusterImpl.java:lambda$waitForClusterToBeReady$0(240)) - SCM became leader
2021-12-29 13:37:27,416 [EndpointStateMachine task thread for /0.0.0.0:37289 - 0 ] INFO  ozoneimpl.OzoneContainer (OzoneContainer.java:start(315)) - Attempting to start container services.
2021-12-29 13:37:27,417 [EndpointStateMachine task thread for /0.0.0.0:37289 - 0 ] INFO  ozoneimpl.OzoneContainer (OzoneContainer.java:startContainerScrub(250)) - Background container scanner has been disabled.
2021-12-29 13:37:27,427 [EndpointStateMachine task thread for /0.0.0.0:37289 - 0 ] INFO  replication.ReplicationServer (ReplicationServer.java:start(107)) - ReplicationServer is started using port 43853
2021-12-29 13:37:27,434 [EndpointStateMachine task thread for /0.0.0.0:37289 - 0 ] INFO  ratis.XceiverServerRatis (XceiverServerRatis.java:start(484)) - Starting XceiverServerRatis b3352b45-435b-48e7-bfe7-06e63f837e6a
2021-12-29 13:37:27,434 [EndpointStateMachine task thread for /0.0.0.0:37289 - 0 ] INFO  server.RaftServer (RaftServerProxy.java:lambda$start$5(374)) - b3352b45-435b-48e7-bfe7-06e63f837e6a: start RPC server
2021-12-29 13:37:27,467 [EndpointStateMachine task thread for /0.0.0.0:37289 - 0 ] INFO  server.GrpcService (GrpcService.java:startImpl(253)) - b3352b45-435b-48e7-bfe7-06e63f837e6a: GrpcService started, listening on 44709
2021-12-29 13:37:27,479 [EndpointStateMachine task thread for /0.0.0.0:37289 - 0 ] INFO  ratis.XceiverServerRatis (XceiverServerRatis.java:getRealPort(505)) - XceiverServerRatis b3352b45-435b-48e7-bfe7-06e63f837e6a is started using port 44709 for RATIS
2021-12-29 13:37:27,479 [EndpointStateMachine task thread for /0.0.0.0:37289 - 0 ] INFO  ratis.XceiverServerRatis (XceiverServerRatis.java:getRealPort(505)) - XceiverServerRatis b3352b45-435b-48e7-bfe7-06e63f837e6a is started using port 44709 for RATIS_ADMIN
2021-12-29 13:37:27,479 [EndpointStateMachine task thread for /0.0.0.0:37289 - 0 ] INFO  ratis.XceiverServerRatis (XceiverServerRatis.java:getRealPort(505)) - XceiverServerRatis b3352b45-435b-48e7-bfe7-06e63f837e6a is started using port 44709 for RATIS_SERVER
2021-12-29 13:37:27,479 [org.apache.ratis.util.JvmPauseMonitor$$Lambda$528/1712405372@1812fc78] INFO  util.JvmPauseMonitor (JvmPauseMonitor.java:run(103)) - JvmPauseMonitor-b3352b45-435b-48e7-bfe7-06e63f837e6a: Started
2021-12-29 13:37:27,504 [EndpointStateMachine task thread for /0.0.0.0:37289 - 0 ] INFO  server.XceiverServerGrpc (XceiverServerGrpc.java:start(180)) - XceiverServerGrpc b3352b45-435b-48e7-bfe7-06e63f837e6a is started using port 44877
2021-12-29 13:37:27,869 [EndpointStateMachine task thread for /0.0.0.0:37289 - 0 ] INFO  ozoneimpl.OzoneContainer (OzoneContainer.java:start(315)) - Attempting to start container services.
2021-12-29 13:37:27,869 [EndpointStateMachine task thread for /0.0.0.0:37289 - 0 ] INFO  ozoneimpl.OzoneContainer (OzoneContainer.java:startContainerScrub(250)) - Background container scanner has been disabled.
2021-12-29 13:37:27,870 [EndpointStateMachine task thread for /0.0.0.0:37289 - 0 ] INFO  replication.ReplicationServer (ReplicationServer.java:start(107)) - ReplicationServer is started using port 40145
2021-12-29 13:37:27,887 [EndpointStateMachine task thread for /0.0.0.0:37289 - 0 ] INFO  ratis.XceiverServerRatis (XceiverServerRatis.java:start(484)) - Starting XceiverServerRatis 824fe22e-cd59-4ca1-8a1b-b502833c0069
2021-12-29 13:37:27,888 [EndpointStateMachine task thread for /0.0.0.0:37289 - 0 ] INFO  server.RaftServer (RaftServerProxy.java:lambda$start$5(374)) - 824fe22e-cd59-4ca1-8a1b-b502833c0069: start RPC server
2021-12-29 13:37:27,889 [EndpointStateMachine task thread for /0.0.0.0:37289 - 0 ] INFO  server.GrpcService (GrpcService.java:startImpl(253)) - 824fe22e-cd59-4ca1-8a1b-b502833c0069: GrpcService started, listening on 39943
2021-12-29 13:37:27,889 [EndpointStateMachine task thread for /0.0.0.0:37289 - 0 ] INFO  ratis.XceiverServerRatis (XceiverServerRatis.java:getRealPort(505)) - XceiverServerRatis 824fe22e-cd59-4ca1-8a1b-b502833c0069 is started using port 39943 for RATIS
2021-12-29 13:37:27,889 [EndpointStateMachine task thread for /0.0.0.0:37289 - 0 ] INFO  ratis.XceiverServerRatis (XceiverServerRatis.java:getRealPort(505)) - XceiverServerRatis 824fe22e-cd59-4ca1-8a1b-b502833c0069 is started using port 39943 for RATIS_ADMIN
2021-12-29 13:37:27,889 [EndpointStateMachine task thread for /0.0.0.0:37289 - 0 ] INFO  ratis.XceiverServerRatis (XceiverServerRatis.java:getRealPort(505)) - XceiverServerRatis 824fe22e-cd59-4ca1-8a1b-b502833c0069 is started using port 39943 for RATIS_SERVER
2021-12-29 13:37:27,890 [org.apache.ratis.util.JvmPauseMonitor$$Lambda$528/1712405372@3d59b251] INFO  util.JvmPauseMonitor (JvmPauseMonitor.java:run(103)) - JvmPauseMonitor-824fe22e-cd59-4ca1-8a1b-b502833c0069: Started
2021-12-29 13:37:27,891 [EndpointStateMachine task thread for /0.0.0.0:37289 - 0 ] INFO  server.XceiverServerGrpc (XceiverServerGrpc.java:start(180)) - XceiverServerGrpc 824fe22e-cd59-4ca1-8a1b-b502833c0069 is started using port 45815
2021-12-29 13:37:28,216 [Listener at 127.0.0.1/44999] INFO  ozone.MiniOzoneClusterImpl (MiniOzoneClusterImpl.java:lambda$waitForClusterToBeReady$0(235)) - Waiting for nodes to be ready. Got 0 of 3 DN Heartbeats.
2021-12-29 13:37:28,216 [Listener at 127.0.0.1/44999] INFO  ozone.MiniOzoneClusterImpl (MiniOzoneClusterImpl.java:lambda$waitForClusterToBeReady$0(238)) - Waiting for cluster to exit safe mode
2021-12-29 13:37:28,216 [Listener at 127.0.0.1/44999] INFO  ozone.MiniOzoneClusterImpl (MiniOzoneClusterImpl.java:lambda$waitForClusterToBeReady$0(240)) - SCM became leader
2021-12-29 13:37:28,249 [EndpointStateMachine task thread for /0.0.0.0:37289 - 0 ] INFO  ozoneimpl.OzoneContainer (OzoneContainer.java:start(315)) - Attempting to start container services.
2021-12-29 13:37:28,249 [EndpointStateMachine task thread for /0.0.0.0:37289 - 0 ] INFO  ozoneimpl.OzoneContainer (OzoneContainer.java:startContainerScrub(250)) - Background container scanner has been disabled.
2021-12-29 13:37:28,252 [EndpointStateMachine task thread for /0.0.0.0:37289 - 0 ] INFO  replication.ReplicationServer (ReplicationServer.java:start(107)) - ReplicationServer is started using port 32773
2021-12-29 13:37:28,284 [EndpointStateMachine task thread for /0.0.0.0:37289 - 0 ] INFO  ratis.XceiverServerRatis (XceiverServerRatis.java:start(484)) - Starting XceiverServerRatis 9877bc0b-e409-4b21-8793-8d9099a8f0ae
2021-12-29 13:37:28,329 [EndpointStateMachine task thread for /0.0.0.0:37289 - 0 ] INFO  server.RaftServer (RaftServerProxy.java:lambda$start$5(374)) - 9877bc0b-e409-4b21-8793-8d9099a8f0ae: start RPC server
2021-12-29 13:37:28,329 [EndpointStateMachine task thread for /0.0.0.0:37289 - 0 ] INFO  server.GrpcService (GrpcService.java:startImpl(253)) - 9877bc0b-e409-4b21-8793-8d9099a8f0ae: GrpcService started, listening on 46221
2021-12-29 13:37:28,330 [EndpointStateMachine task thread for /0.0.0.0:37289 - 0 ] INFO  ratis.XceiverServerRatis (XceiverServerRatis.java:getRealPort(505)) - XceiverServerRatis 9877bc0b-e409-4b21-8793-8d9099a8f0ae is started using port 46221 for RATIS
2021-12-29 13:37:28,330 [EndpointStateMachine task thread for /0.0.0.0:37289 - 0 ] INFO  ratis.XceiverServerRatis (XceiverServerRatis.java:getRealPort(505)) - XceiverServerRatis 9877bc0b-e409-4b21-8793-8d9099a8f0ae is started using port 46221 for RATIS_ADMIN
2021-12-29 13:37:28,330 [EndpointStateMachine task thread for /0.0.0.0:37289 - 0 ] INFO  ratis.XceiverServerRatis (XceiverServerRatis.java:getRealPort(505)) - XceiverServerRatis 9877bc0b-e409-4b21-8793-8d9099a8f0ae is started using port 46221 for RATIS_SERVER
2021-12-29 13:37:28,330 [org.apache.ratis.util.JvmPauseMonitor$$Lambda$528/1712405372@21b056b5] INFO  util.JvmPauseMonitor (JvmPauseMonitor.java:run(103)) - JvmPauseMonitor-9877bc0b-e409-4b21-8793-8d9099a8f0ae: Started
2021-12-29 13:37:28,336 [EndpointStateMachine task thread for /0.0.0.0:37289 - 0 ] INFO  server.XceiverServerGrpc (XceiverServerGrpc.java:start(180)) - XceiverServerGrpc 9877bc0b-e409-4b21-8793-8d9099a8f0ae is started using port 46045
2021-12-29 13:37:29,216 [Listener at 127.0.0.1/44999] INFO  ozone.MiniOzoneClusterImpl (MiniOzoneClusterImpl.java:lambda$waitForClusterToBeReady$0(235)) - Waiting for nodes to be ready. Got 0 of 3 DN Heartbeats.
2021-12-29 13:37:29,217 [Listener at 127.0.0.1/44999] INFO  ozone.MiniOzoneClusterImpl (MiniOzoneClusterImpl.java:lambda$waitForClusterToBeReady$0(238)) - Waiting for cluster to exit safe mode
2021-12-29 13:37:29,217 [Listener at 127.0.0.1/44999] INFO  ozone.MiniOzoneClusterImpl (MiniOzoneClusterImpl.java:lambda$waitForClusterToBeReady$0(240)) - SCM became leader
2021-12-29 13:37:29,371 [IPC Server handler 19 on default port 37289] INFO  net.NetworkTopologyImpl (NetworkTopologyImpl.java:add(112)) - Added a new node: /default-rack/b3352b45-435b-48e7-bfe7-06e63f837e6a
2021-12-29 13:37:29,372 [IPC Server handler 19 on default port 37289] INFO  node.SCMNodeManager (SCMNodeManager.java:register(389)) - Registered Data node : b3352b45-435b-48e7-bfe7-06e63f837e6a{ip: 10.1.0.26, host: fv-az59-280.csjynl4pkq3e1pkirw3ssqjfoh.cx.internal.cloudapp.net, ports: [REPLICATION=43853, RATIS=44709, RATIS_ADMIN=44709, RATIS_SERVER=44709, STANDALONE=44877], networkLocation: /default-rack, certSerialId: null, persistedOpState: null, persistedOpStateExpiryEpochSec: 0}
2021-12-29 13:37:29,378 [EventQueue-NodeRegistrationContainerReportForDataNodeSafeModeRule] INFO  safemode.SCMSafeModeManager (DataNodeSafeModeRule.java:process(71)) - SCM in safe mode. 1 DataNodes registered, 3 required.
2021-12-29 13:37:29,386 [EventQueue-NodeRegistrationContainerReportForContainerSafeModeRule] INFO  safemode.SCMSafeModeManager (SCMSafeModeManager.java:validateSafeModeExitRules(204)) - ContainerSafeModeRule rule is successfully validated
2021-12-29 13:37:29,397 [EventQueue-NewNodeForNewNodeHandler] INFO  pipeline.BackgroundPipelineCreator (BackgroundPipelineCreator.java:notifyEventTriggered(285)) - trigger a one-shot run on RatisPipelineUtilsThread.
2021-12-29 13:37:29,398 [RatisPipelineUtilsThread - 0] INFO  pipeline.RatisPipelineProvider (RatisPipelineProvider.java:lambda$create$0(183)) - Sending CreatePipelineCommand for pipeline:PipelineID=bd28f2a6-fadf-4c1e-8944-5889cad38027 to datanode:b3352b45-435b-48e7-bfe7-06e63f837e6a
2021-12-29 13:37:29,398 [EventQueue-PipelineReportForOneReplicaPipelineSafeModeRule] INFO  safemode.SCMSafeModeManager (SCMSafeModeManager.java:validateSafeModeExitRules(204)) - AtleastOneDatanodeReportedRule rule is successfully validated
2021-12-29 13:37:29,402 [RatisPipelineUtilsThread - 0] INFO  pipeline.PipelineStateManagerImpl (PipelineStateManagerImpl.java:addPipeline(101)) - Created pipeline Pipeline[ Id: bd28f2a6-fadf-4c1e-8944-5889cad38027, Nodes: b3352b45-435b-48e7-bfe7-06e63f837e6a{ip: 10.1.0.26, host: fv-az59-280.csjynl4pkq3e1pkirw3ssqjfoh.cx.internal.cloudapp.net, ports: [REPLICATION=43853, RATIS=44709, RATIS_ADMIN=44709, RATIS_SERVER=44709, STANDALONE=44877], networkLocation: /default-rack, certSerialId: null, persistedOpState: IN_SERVICE, persistedOpStateExpiryEpochSec: 0}, ReplicationConfig: RATIS/ONE, State:ALLOCATED, leaderId:, CreationTimestamp2021-12-29T13:37:29.398Z[Etc/UTC]].
2021-12-29 13:37:29,858 [IPC Server handler 18 on default port 37289] INFO  net.NetworkTopologyImpl (NetworkTopologyImpl.java:add(112)) - Added a new node: /default-rack/824fe22e-cd59-4ca1-8a1b-b502833c0069
2021-12-29 13:37:29,858 [IPC Server handler 18 on default port 37289] INFO  node.SCMNodeManager (SCMNodeManager.java:register(389)) - Registered Data node : 824fe22e-cd59-4ca1-8a1b-b502833c0069{ip: 10.1.0.26, host: fv-az59-280.csjynl4pkq3e1pkirw3ssqjfoh.cx.internal.cloudapp.net, ports: [REPLICATION=40145, RATIS=39943, RATIS_ADMIN=39943, RATIS_SERVER=39943, STANDALONE=45815], networkLocation: /default-rack, certSerialId: null, persistedOpState: null, persistedOpStateExpiryEpochSec: 0}
2021-12-29 13:37:29,858 [EventQueue-NewNodeForNewNodeHandler] INFO  pipeline.BackgroundPipelineCreator (BackgroundPipelineCreator.java:notifyEventTriggered(285)) - trigger a one-shot run on RatisPipelineUtilsThread.
2021-12-29 13:37:29,860 [EventQueue-NodeRegistrationContainerReportForDataNodeSafeModeRule] INFO  safemode.SCMSafeModeManager (DataNodeSafeModeRule.java:process(71)) - SCM in safe mode. 2 DataNodes registered, 3 required.
2021-12-29 13:37:29,861 [RatisPipelineUtilsThread - 0] INFO  pipeline.RatisPipelineProvider (RatisPipelineProvider.java:lambda$create$0(183)) - Sending CreatePipelineCommand for pipeline:PipelineID=12930247-28ed-44e8-9595-5ebea288485c to datanode:824fe22e-cd59-4ca1-8a1b-b502833c0069
2021-12-29 13:37:29,861 [RatisPipelineUtilsThread - 0] INFO  pipeline.PipelineStateManagerImpl (PipelineStateManagerImpl.java:addPipeline(101)) - Created pipeline Pipeline[ Id: 12930247-28ed-44e8-9595-5ebea288485c, Nodes: 824fe22e-cd59-4ca1-8a1b-b502833c0069{ip: 10.1.0.26, host: fv-az59-280.csjynl4pkq3e1pkirw3ssqjfoh.cx.internal.cloudapp.net, ports: [REPLICATION=40145, RATIS=39943, RATIS_ADMIN=39943, RATIS_SERVER=39943, STANDALONE=45815], networkLocation: /default-rack, certSerialId: null, persistedOpState: IN_SERVICE, persistedOpStateExpiryEpochSec: 0}, ReplicationConfig: RATIS/ONE, State:ALLOCATED, leaderId:, CreationTimestamp2021-12-29T13:37:29.861Z[Etc/UTC]].
2021-12-29 13:37:30,218 [Listener at 127.0.0.1/44999] INFO  ozone.MiniOzoneClusterImpl (MiniOzoneClusterImpl.java:lambda$waitForClusterToBeReady$0(235)) - Waiting for nodes to be ready. Got 2 of 3 DN Heartbeats.
2021-12-29 13:37:30,219 [Listener at 127.0.0.1/44999] INFO  ozone.MiniOzoneClusterImpl (MiniOzoneClusterImpl.java:lambda$waitForClusterToBeReady$0(238)) - Waiting for cluster to exit safe mode
2021-12-29 13:37:30,219 [Listener at 127.0.0.1/44999] INFO  ozone.MiniOzoneClusterImpl (MiniOzoneClusterImpl.java:lambda$waitForClusterToBeReady$0(240)) - SCM became leader
2021-12-29 13:37:30,241 [IPC Server handler 6 on default port 37289] INFO  net.NetworkTopologyImpl (NetworkTopologyImpl.java:add(112)) - Added a new node: /default-rack/9877bc0b-e409-4b21-8793-8d9099a8f0ae
2021-12-29 13:37:30,241 [IPC Server handler 6 on default port 37289] INFO  node.SCMNodeManager (SCMNodeManager.java:register(389)) - Registered Data node : 9877bc0b-e409-4b21-8793-8d9099a8f0ae{ip: 10.1.0.26, host: fv-az59-280.csjynl4pkq3e1pkirw3ssqjfoh.cx.internal.cloudapp.net, ports: [REPLICATION=32773, RATIS=46221, RATIS_ADMIN=46221, RATIS_SERVER=46221, STANDALONE=46045], networkLocation: /default-rack, certSerialId: null, persistedOpState: null, persistedOpStateExpiryEpochSec: 0}
2021-12-29 13:37:30,242 [EventQueue-NodeRegistrationContainerReportForDataNodeSafeModeRule] INFO  safemode.SCMSafeModeManager (DataNodeSafeModeRule.java:process(71)) - SCM in safe mode. 3 DataNodes registered, 3 required.
2021-12-29 13:37:30,242 [EventQueue-NodeRegistrationContainerReportForDataNodeSafeModeRule] INFO  safemode.SCMSafeModeManager (SCMSafeModeManager.java:validateSafeModeExitRules(204)) - DataNodeSafeModeRule rule is successfully validated
2021-12-29 13:37:30,242 [EventQueue-NodeRegistrationContainerReportForDataNodeSafeModeRule] INFO  safemode.SCMSafeModeManager (SCMSafeModeManager.java:completePreCheck(233)) - All SCM safe mode pre check rules have passed
2021-12-29 13:37:30,242 [EventQueue-NodeRegistrationContainerReportForDataNodeSafeModeRule] WARN  events.EventQueue (EventQueue.java:fireEvent(194)) - No event handler registered for event TypedEvent{payloadType=SafeModeStatus, name='Safe mode status'}
2021-12-29 13:37:30,242 [EventQueue-NodeRegistrationContainerReportForDataNodeSafeModeRule] INFO  ha.SCMContext (SCMContext.java:updateSafeModeStatus(211)) - Update SafeModeStatus from SafeModeStatus{safeModeStatus=true, preCheckPassed=false} to SafeModeStatus{safeModeStatus=true, preCheckPassed=true}.
2021-12-29 13:37:30,242 [EventQueue-NodeRegistrationContainerReportForDataNodeSafeModeRule] INFO  pipeline.BackgroundPipelineCreator (BackgroundPipelineCreator.java:notifyEventTriggered(285)) - trigger a one-shot run on RatisPipelineUtilsThread.
2021-12-29 13:37:30,243 [EventQueue-NewNodeForNewNodeHandler] INFO  pipeline.BackgroundPipelineCreator (BackgroundPipelineCreator.java:notifyEventTriggered(285)) - trigger a one-shot run on RatisPipelineUtilsThread.
2021-12-29 13:37:30,243 [RatisPipelineUtilsThread - 0] INFO  pipeline.RatisPipelineProvider (RatisPipelineProvider.java:lambda$create$0(183)) - Sending CreatePipelineCommand for pipeline:PipelineID=1f3a83fa-b6d7-4865-b861-a5abae2888e5 to datanode:9877bc0b-e409-4b21-8793-8d9099a8f0ae
2021-12-29 13:37:30,243 [RatisPipelineUtilsThread - 0] INFO  pipeline.PipelineStateManagerImpl (PipelineStateManagerImpl.java:addPipeline(101)) - Created pipeline Pipeline[ Id: 1f3a83fa-b6d7-4865-b861-a5abae2888e5, Nodes: 9877bc0b-e409-4b21-8793-8d9099a8f0ae{ip: 10.1.0.26, host: fv-az59-280.csjynl4pkq3e1pkirw3ssqjfoh.cx.internal.cloudapp.net, ports: [REPLICATION=32773, RATIS=46221, RATIS_ADMIN=46221, RATIS_SERVER=46221, STANDALONE=46045], networkLocation: /default-rack, certSerialId: null, persistedOpState: IN_SERVICE, persistedOpStateExpiryEpochSec: 0}, ReplicationConfig: RATIS/ONE, State:ALLOCATED, leaderId:, CreationTimestamp2021-12-29T13:37:30.243Z[Etc/UTC]].
2021-12-29 13:37:30,243 [RatisPipelineUtilsThread - 0] INFO  pipeline.RatisPipelineProvider (RatisPipelineProvider.java:lambda$create$0(183)) - Sending CreatePipelineCommand for pipeline:PipelineID=58aa0914-7de7-4482-a40c-9151de4b8d5c to datanode:9877bc0b-e409-4b21-8793-8d9099a8f0ae
2021-12-29 13:37:30,243 [RatisPipelineUtilsThread - 0] INFO  pipeline.RatisPipelineProvider (RatisPipelineProvider.java:lambda$create$0(183)) - Sending CreatePipelineCommand for pipeline:PipelineID=58aa0914-7de7-4482-a40c-9151de4b8d5c to datanode:824fe22e-cd59-4ca1-8a1b-b502833c0069
2021-12-29 13:37:30,243 [RatisPipelineUtilsThread - 0] INFO  pipeline.RatisPipelineProvider (RatisPipelineProvider.java:lambda$create$0(183)) - Sending CreatePipelineCommand for pipeline:PipelineID=58aa0914-7de7-4482-a40c-9151de4b8d5c to datanode:b3352b45-435b-48e7-bfe7-06e63f837e6a
2021-12-29 13:37:30,244 [RatisPipelineUtilsThread - 0] INFO  pipeline.PipelineStateManagerImpl (PipelineStateManagerImpl.java:addPipeline(101)) - Created pipeline Pipeline[ Id: 58aa0914-7de7-4482-a40c-9151de4b8d5c, Nodes: 9877bc0b-e409-4b21-8793-8d9099a8f0ae{ip: 10.1.0.26, host: fv-az59-280.csjynl4pkq3e1pkirw3ssqjfoh.cx.internal.cloudapp.net, ports: [REPLICATION=32773, RATIS=46221, RATIS_ADMIN=46221, RATIS_SERVER=46221, STANDALONE=46045], networkLocation: /default-rack, certSerialId: null, persistedOpState: IN_SERVICE, persistedOpStateExpiryEpochSec: 0}824fe22e-cd59-4ca1-8a1b-b502833c0069{ip: 10.1.0.26, host: fv-az59-280.csjynl4pkq3e1pkirw3ssqjfoh.cx.internal.cloudapp.net, ports: [REPLICATION=40145, RATIS=39943, RATIS_ADMIN=39943, RATIS_SERVER=39943, STANDALONE=45815], networkLocation: /default-rack, certSerialId: null, persistedOpState: IN_SERVICE, persistedOpStateExpiryEpochSec: 0}b3352b45-435b-48e7-bfe7-06e63f837e6a{ip: 10.1.0.26, host: fv-az59-280.csjynl4pkq3e1pkirw3ssqjfoh.cx.internal.cloudapp.net, ports: [REPLICATION=43853, RATIS=44709, RATIS_ADMIN=44709, RATIS_SERVER=44709, STANDALONE=44877], networkLocation: /default-rack, certSerialId: null, persistedOpState: IN_SERVICE, persistedOpStateExpiryEpochSec: 0}, ReplicationConfig: RATIS/THREE, State:ALLOCATED, leaderId:, CreationTimestamp2021-12-29T13:37:30.243Z[Etc/UTC]].
2021-12-29 13:37:30,244 [RatisPipelineUtilsThread - 0] INFO  pipeline.RatisPipelineProvider (RatisPipelineProvider.java:lambda$create$0(183)) - Sending CreatePipelineCommand for pipeline:PipelineID=960f2243-d36e-4654-b584-88dc794a3892 to datanode:b3352b45-435b-48e7-bfe7-06e63f837e6a
2021-12-29 13:37:30,244 [RatisPipelineUtilsThread - 0] INFO  pipeline.RatisPipelineProvider (RatisPipelineProvider.java:lambda$create$0(183)) - Sending CreatePipelineCommand for pipeline:PipelineID=960f2243-d36e-4654-b584-88dc794a3892 to datanode:9877bc0b-e409-4b21-8793-8d9099a8f0ae
2021-12-29 13:37:30,244 [RatisPipelineUtilsThread - 0] INFO  pipeline.RatisPipelineProvider (RatisPipelineProvider.java:lambda$create$0(183)) - Sending CreatePipelineCommand for pipeline:PipelineID=960f2243-d36e-4654-b584-88dc794a3892 to datanode:824fe22e-cd59-4ca1-8a1b-b502833c0069
2021-12-29 13:37:30,244 [RatisPipelineUtilsThread - 0] INFO  pipeline.PipelineStateManagerImpl (PipelineStateManagerImpl.java:addPipeline(101)) - Created pipeline Pipeline[ Id: 960f2243-d36e-4654-b584-88dc794a3892, Nodes: b3352b45-435b-48e7-bfe7-06e63f837e6a{ip: 10.1.0.26, host: fv-az59-280.csjynl4pkq3e1pkirw3ssqjfoh.cx.internal.cloudapp.net, ports: [REPLICATION=43853, RATIS=44709, RATIS_ADMIN=44709, RATIS_SERVER=44709, STANDALONE=44877], networkLocation: /default-rack, certSerialId: null, persistedOpState: IN_SERVICE, persistedOpStateExpiryEpochSec: 0}9877bc0b-e409-4b21-8793-8d9099a8f0ae{ip: 10.1.0.26, host: fv-az59-280.csjynl4pkq3e1pkirw3ssqjfoh.cx.internal.cloudapp.net, ports: [REPLICATION=32773, RATIS=46221, RATIS_ADMIN=46221, RATIS_SERVER=46221, STANDALONE=46045], networkLocation: /default-rack, certSerialId: null, persistedOpState: IN_SERVICE, persistedOpStateExpiryEpochSec: 0}824fe22e-cd59-4ca1-8a1b-b502833c0069{ip: 10.1.0.26, host: fv-az59-280.csjynl4pkq3e1pkirw3ssqjfoh.cx.internal.cloudapp.net, ports: [REPLICATION=40145, RATIS=39943, RATIS_ADMIN=39943, RATIS_SERVER=39943, STANDALONE=45815], networkLocation: /default-rack, certSerialId: null, persistedOpState: IN_SERVICE, persistedOpStateExpiryEpochSec: 0}, ReplicationConfig: RATIS/THREE, State:ALLOCATED, leaderId:, CreationTimestamp2021-12-29T13:37:30.244Z[Etc/UTC]].
2021-12-29 13:37:30,244 [RatisPipelineUtilsThread - 0] INFO  pipeline.PipelineManagerImpl (PipelineManagerImpl.java:recordMetricsForPipeline(639)) - Pipeline: PipelineID=960f2243-d36e-4654-b584-88dc794a3892 contains same datanodes as previous pipelines: PipelineID=58aa0914-7de7-4482-a40c-9151de4b8d5c nodeIds: b3352b45-435b-48e7-bfe7-06e63f837e6a, 9877bc0b-e409-4b21-8793-8d9099a8f0ae, 824fe22e-cd59-4ca1-8a1b-b502833c0069
2021-12-29 13:37:31,219 [Listener at 127.0.0.1/44999] INFO  ozone.MiniOzoneClusterImpl (MiniOzoneClusterImpl.java:lambda$waitForClusterToBeReady$0(235)) - Nodes are ready. Got 3 of 3 DN Heartbeats.
2021-12-29 13:37:31,219 [Listener at 127.0.0.1/44999] INFO  ozone.MiniOzoneClusterImpl (MiniOzoneClusterImpl.java:lambda$waitForClusterToBeReady$0(238)) - Waiting for cluster to exit safe mode
2021-12-29 13:37:31,219 [Listener at 127.0.0.1/44999] INFO  ozone.MiniOzoneClusterImpl (MiniOzoneClusterImpl.java:lambda$waitForClusterToBeReady$0(240)) - SCM became leader
2021-12-29 13:37:32,220 [Listener at 127.0.0.1/44999] INFO  ozone.MiniOzoneClusterImpl (MiniOzoneClusterImpl.java:lambda$waitForClusterToBeReady$0(235)) - Nodes are ready. Got 3 of 3 DN Heartbeats.
2021-12-29 13:37:32,220 [Listener at 127.0.0.1/44999] INFO  ozone.MiniOzoneClusterImpl (MiniOzoneClusterImpl.java:lambda$waitForClusterToBeReady$0(238)) - Waiting for cluster to exit safe mode
2021-12-29 13:37:32,220 [Listener at 127.0.0.1/44999] INFO  ozone.MiniOzoneClusterImpl (MiniOzoneClusterImpl.java:lambda$waitForClusterToBeReady$0(240)) - SCM became leader
2021-12-29 13:37:32,373 [Command processor thread] INFO  server.RaftServer (RaftServerProxy.java:addNew(95)) - b3352b45-435b-48e7-bfe7-06e63f837e6a: addNew group-5889CAD38027:[b3352b45-435b-48e7-bfe7-06e63f837e6a|rpc:10.1.0.26:44709|priority:1] returns group-5889CAD38027:java.util.concurrent.CompletableFuture@5e6b6b2c[Not completed]
2021-12-29 13:37:32,383 [pool-641-thread-1] INFO  server.RaftServer$Division (RaftServerImpl.java:<init>(184)) - b3352b45-435b-48e7-bfe7-06e63f837e6a: new RaftServerImpl for group-5889CAD38027:[b3352b45-435b-48e7-bfe7-06e63f837e6a|rpc:10.1.0.26:44709|priority:1] with ContainerStateMachine:uninitialized
2021-12-29 13:37:32,384 [pool-641-thread-1] INFO  server.RaftServerConfigKeys (ConfUtils.java:logGet(44)) - raft.server.rpc.timeout.min = 5s (custom)
2021-12-29 13:37:32,384 [pool-641-thread-1] INFO  server.RaftServerConfigKeys (ConfUtils.java:logGet(44)) - raft.server.rpc.timeout.max = 5200ms (custom)
2021-12-29 13:37:32,384 [pool-641-thread-1] INFO  server.RaftServerConfigKeys (ConfUtils.java:logGet(44)) - raft.server.rpc.sleep.time = 25ms (default)
2021-12-29 13:37:32,384 [pool-641-thread-1] INFO  server.RaftServerConfigKeys (ConfUtils.java:logGet(44)) - raft.server.rpc.slowness.timeout = 300s (custom)
2021-12-29 13:37:32,384 [pool-641-thread-1] INFO  server.RaftServerConfigKeys (ConfUtils.java:logGet(44)) - raft.server.leaderelection.leader.step-down.wait-time = 10s (default)
2021-12-29 13:37:32,384 [pool-641-thread-1] INFO  server.RaftServerConfigKeys (ConfUtils.java:logGet(44)) - raft.server.sleep.deviation.threshold = 300ms (default)
2021-12-29 13:37:32,384 [pool-641-thread-1] INFO  server.RaftServerConfigKeys (ConfUtils.java:logGet(44)) - raft.server.log.appender.install.snapshot.enabled = false (custom)
2021-12-29 13:37:32,384 [pool-641-thread-1] INFO  server.RaftServer$Division (ServerState.java:<init>(105)) - b3352b45-435b-48e7-bfe7-06e63f837e6a@group-5889CAD38027: ConfigurationManager, init=-1: [b3352b45-435b-48e7-bfe7-06e63f837e6a|rpc:10.1.0.26:44709|priority:1], old=null, confs=<EMPTY_MAP>
2021-12-29 13:37:32,384 [pool-641-thread-1] INFO  server.RaftServerConfigKeys (ConfUtils.java:logGet(44)) - raft.server.storage.dir = [/home/runner/work/ozone/ozone/hadoop-ozone/integration-test/target/test-dir/MiniOzoneClusterImpl-7740b1f0-8bf4-4e60-acce-edccb6a32bd6/datanode-0/data/ratis] (custom)
2021-12-29 13:37:32,384 [pool-641-thread-1] INFO  server.RaftServerConfigKeys (ConfUtils.java:logGet(44)) - raft.server.log.corruption.policy = EXCEPTION (default)
2021-12-29 13:37:32,384 [pool-641-thread-1] INFO  server.RaftServerConfigKeys (ConfUtils.java:logGet(44)) - raft.server.storage.free-space.min = 0MB (=0) (default)
2021-12-29 13:37:32,384 [pool-641-thread-1] INFO  storage.RaftStorageDirectory (RaftStorageDirectoryImpl.java:analyzeStorage(135)) - The storage directory /home/runner/work/ozone/ozone/hadoop-ozone/integration-test/target/test-dir/MiniOzoneClusterImpl-7740b1f0-8bf4-4e60-acce-edccb6a32bd6/datanode-0/data/ratis/bd28f2a6-fadf-4c1e-8944-5889cad38027 does not exist. Creating ...
2021-12-29 13:37:32,390 [pool-641-thread-1] INFO  storage.RaftStorageDirectory (RaftStorageDirectoryImpl.java:tryLock(230)) - Lock on /home/runner/work/ozone/ozone/hadoop-ozone/integration-test/target/test-dir/MiniOzoneClusterImpl-7740b1f0-8bf4-4e60-acce-edccb6a32bd6/datanode-0/data/ratis/bd28f2a6-fadf-4c1e-8944-5889cad38027/in_use.lock acquired by nodename 16235@fv-az59-280
2021-12-29 13:37:32,394 [pool-641-thread-1] INFO  storage.RaftStorage (RaftStorageImpl.java:format(89)) - Storage directory /home/runner/work/ozone/ozone/hadoop-ozone/integration-test/target/test-dir/MiniOzoneClusterImpl-7740b1f0-8bf4-4e60-acce-edccb6a32bd6/datanode-0/data/ratis/bd28f2a6-fadf-4c1e-8944-5889cad38027 has been successfully formatted.
2021-12-29 13:37:32,402 [pool-641-thread-1] INFO  ratis.ContainerStateMachine (ContainerStateMachine.java:loadSnapshot(231)) - group-5889CAD38027: The snapshot info is null. Setting the last applied indexto:(t:0, i:~)
2021-12-29 13:37:32,402 [pool-641-thread-1] INFO  server.RaftServerConfigKeys (ConfUtils.java:logGet(44)) - raft.server.notification.no-leader.timeout = 300s (custom)
2021-12-29 13:37:32,402 [pool-641-thread-1] INFO  server.RaftServerConfigKeys (ConfUtils.java:logGet(44)) - raft.server.log.use.memory = false (default)
2021-12-29 13:37:32,402 [pool-641-thread-1] INFO  server.RaftServerConfigKeys (ConfUtils.java:logGet(44)) - raft.server.log.purge.gap = 1000000 (custom)
2021-12-29 13:37:32,403 [pool-641-thread-1] INFO  server.RaftServerConfigKeys (ConfUtils.java:logGet(44)) - raft.server.log.appender.buffer.byte-limit = 33554432 (custom)
2021-12-29 13:37:32,403 [EventQueue-PipelineReportForPipelineReportHandler] INFO  pipeline.PipelineManagerImpl (PipelineManagerImpl.java:openPipeline(291)) - Pipeline Pipeline[ Id: bd28f2a6-fadf-4c1e-8944-5889cad38027, Nodes: b3352b45-435b-48e7-bfe7-06e63f837e6a{ip: 10.1.0.26, host: fv-az59-280.csjynl4pkq3e1pkirw3ssqjfoh.cx.internal.cloudapp.net, ports: [REPLICATION=43853, RATIS=44709, RATIS_ADMIN=44709, RATIS_SERVER=44709, STANDALONE=44877], networkLocation: /default-rack, certSerialId: null, persistedOpState: IN_SERVICE, persistedOpStateExpiryEpochSec: 0}, ReplicationConfig: RATIS/ONE, State:ALLOCATED, leaderId:b3352b45-435b-48e7-bfe7-06e63f837e6a, CreationTimestamp2021-12-29T13:37:29.398Z[Etc/UTC]] moved to OPEN state
2021-12-29 13:37:32,403 [pool-641-thread-1] INFO  server.RaftServerConfigKeys (ConfUtils.java:logGet(44)) - raft.server.log.segment.size.max = 1048576 (custom)
2021-12-29 13:37:32,428 [pool-641-thread-1] INFO  server.RaftServerConfigKeys (ConfUtils.java:logGet(44)) - raft.server.log.segment.cache.num.max = 2 (custom)
2021-12-29 13:37:32,428 [pool-641-thread-1] INFO  server.RaftServerConfigKeys (ConfUtils.java:logGet(44)) - raft.server.log.segment.cache.size.max = 200MB (=209715200) (default)
2021-12-29 13:37:32,428 [pool-641-thread-1] INFO  segmented.SegmentedRaftLogWorker (SegmentedRaftLogWorker.java:<init>(182)) - new b3352b45-435b-48e7-bfe7-06e63f837e6a@group-5889CAD38027-SegmentedRaftLogWorker for RaftStorageImpl:Storage Directory /home/runner/work/ozone/ozone/hadoop-ozone/integration-test/target/test-dir/MiniOzoneClusterImpl-7740b1f0-8bf4-4e60-acce-edccb6a32bd6/datanode-0/data/ratis/bd28f2a6-fadf-4c1e-8944-5889cad38027
2021-12-29 13:37:32,428 [pool-641-thread-1] INFO  server.RaftServerConfigKeys (ConfUtils.java:logGet(44)) - raft.server.log.queue.byte-limit = 2147483647 (custom)
2021-12-29 13:37:32,428 [pool-641-thread-1] INFO  server.RaftServerConfigKeys (ConfUtils.java:logGet(44)) - raft.server.log.queue.element-limit = 1024 (custom)
2021-12-29 13:37:32,429 [pool-641-thread-1] INFO  server.RaftServerConfigKeys (ConfUtils.java:logGet(44)) - raft.server.log.segment.size.max = 1048576 (custom)
2021-12-29 13:37:32,429 [pool-641-thread-1] INFO  server.RaftServerConfigKeys (ConfUtils.java:logGet(44)) - raft.server.log.preallocated.size = 16384 (custom)
2021-12-29 13:37:32,429 [pool-641-thread-1] INFO  server.RaftServerConfigKeys (ConfUtils.java:logGet(44)) - raft.server.log.force.sync.num = 128 (default)
2021-12-29 13:37:32,429 [pool-641-thread-1] INFO  server.RaftServerConfigKeys (ConfUtils.java:logGet(44)) - raft.server.log.statemachine.data.sync = true (default)
2021-12-29 13:37:32,429 [pool-641-thread-1] INFO  server.RaftServerConfigKeys (ConfUtils.java:logGet(44)) - raft.server.log.statemachine.data.sync.timeout = 10s (default)
2021-12-29 13:37:32,429 [pool-641-thread-1] INFO  server.RaftServerConfigKeys (ConfUtils.java:logGet(44)) - raft.server.log.statemachine.data.sync.timeout.retry = -1 (default)
2021-12-29 13:37:32,429 [pool-641-thread-1] INFO  server.RaftServerConfigKeys (ConfUtils.java:logGet(44)) - raft.server.log.write.buffer.size = 1048576 (custom)
2021-12-29 13:37:32,434 [pool-641-thread-1] INFO  server.RaftServerConfigKeys (ConfUtils.java:logGet(44)) - raft.server.log.statemachine.data.caching.enabled = true (custom)
2021-12-29 13:37:32,434 [pool-641-thread-1] INFO  segmented.SegmentedRaftLogWorker (SegmentedRaftLogWorker.java:lambda$new$0(133)) - b3352b45-435b-48e7-bfe7-06e63f837e6a@group-5889CAD38027-SegmentedRaftLogWorker: flushIndex: setUnconditionally 0 -> -1
2021-12-29 13:37:32,446 [pool-641-thread-1] INFO  segmented.SegmentedRaftLogWorker (SegmentedRaftLogWorker.java:lambda$new$0(133)) - b3352b45-435b-48e7-bfe7-06e63f837e6a@group-5889CAD38027-SegmentedRaftLogWorker: safeCacheEvictIndex: setUnconditionally 0 -> -1
2021-12-29 13:37:32,463 [EventQueue-OpenPipelineForHealthyPipelineSafeModeRule] INFO  safemode.SCMSafeModeManager (HealthyPipelineSafeModeRule.java:process(124)) - SCM in safe mode. Healthy pipelines reported count is 0, required healthy pipeline reported count is 1
2021-12-29 13:37:32,479 [pool-641-thread-1] INFO  server.RaftServerConfigKeys (ConfUtils.java:logGet(44)) - raft.server.snapshot.auto.trigger.enabled = true (custom)
2021-12-29 13:37:32,479 [pool-641-thread-1] INFO  server.RaftServerConfigKeys (ConfUtils.java:logGet(44)) - raft.server.snapshot.auto.trigger.threshold = 10000 (custom)
2021-12-29 13:37:32,479 [pool-641-thread-1] INFO  server.RaftServerConfigKeys (ConfUtils.java:logGet(44)) - raft.server.snapshot.retention.file.num = 5 (custom)
2021-12-29 13:37:32,479 [pool-641-thread-1] INFO  server.RaftServerConfigKeys (ConfUtils.java:logGet(44)) - raft.server.log.purge.upto.snapshot.index = false (default)
2021-12-29 13:37:32,479 [pool-641-thread-1] INFO  server.RaftServerConfigKeys (ConfUtils.java:logGet(44)) - raft.server.retrycache.expirytime = 600000ms (custom)
2021-12-29 13:37:32,479 [pool-641-thread-1] INFO  server.RaftServerConfigKeys (ConfUtils.java:logGet(44)) - raft.server.retrycache.statistics.expirytime = 100μs (default)
2021-12-29 13:37:32,480 [pool-641-thread-1] INFO  server.RaftServer$Division (RaftServerImpl.java:start(301)) - b3352b45-435b-48e7-bfe7-06e63f837e6a@group-5889CAD38027: start as a follower, conf=-1: [b3352b45-435b-48e7-bfe7-06e63f837e6a|rpc:10.1.0.26:44709|priority:1], old=null
2021-12-29 13:37:32,480 [pool-641-thread-1] INFO  server.RaftServer$Division (RaftServerImpl.java:setRole(290)) - b3352b45-435b-48e7-bfe7-06e63f837e6a@group-5889CAD38027: changes role from      null to FOLLOWER at term 0 for startAsFollower
2021-12-29 13:37:32,480 [pool-641-thread-1] INFO  impl.RoleInfo (RoleInfo.java:updateAndGet(130)) - b3352b45-435b-48e7-bfe7-06e63f837e6a: start b3352b45-435b-48e7-bfe7-06e63f837e6a@group-5889CAD38027-FollowerState
2021-12-29 13:37:32,504 [pool-641-thread-1] INFO  util.JmxRegister (JmxRegister.java:tryRegister(44)) - Successfully registered JMX Bean with object name Ratis:service=RaftServer,group=group-5889CAD38027,id=b3352b45-435b-48e7-bfe7-06e63f837e6a
2021-12-29 13:37:32,505 [Command processor thread] INFO  ratis.XceiverServerRatis (XceiverServerRatis.java:addGroup(768)) - Created group PipelineID=bd28f2a6-fadf-4c1e-8944-5889cad38027
2021-12-29 13:37:32,505 [Command processor thread] INFO  commandhandler.CreatePipelineCommandHandler (CreatePipelineCommandHandler.java:handle(106)) - Created Pipeline RATIS ONE PipelineID=bd28f2a6-fadf-4c1e-8944-5889cad38027.
2021-12-29 13:37:32,505 [Command processor thread] INFO  server.RaftServer (RaftServerProxy.java:addNew(95)) - b3352b45-435b-48e7-bfe7-06e63f837e6a: addNew group-9151DE4B8D5C:[824fe22e-cd59-4ca1-8a1b-b502833c0069|rpc:10.1.0.26:39943|priority:0, 9877bc0b-e409-4b21-8793-8d9099a8f0ae|rpc:10.1.0.26:46221|priority:1, b3352b45-435b-48e7-bfe7-06e63f837e6a|rpc:10.1.0.26:44709|priority:0] returns group-9151DE4B8D5C:java.util.concurrent.CompletableFuture@5a54e439[Not completed]
2021-12-29 13:37:32,505 [pool-641-thread-1] INFO  server.RaftServer$Division (RaftServerImpl.java:<init>(184)) - b3352b45-435b-48e7-bfe7-06e63f837e6a: new RaftServerImpl for group-9151DE4B8D5C:[824fe22e-cd59-4ca1-8a1b-b502833c0069|rpc:10.1.0.26:39943|priority:0, 9877bc0b-e409-4b21-8793-8d9099a8f0ae|rpc:10.1.0.26:46221|priority:1, b3352b45-435b-48e7-bfe7-06e63f837e6a|rpc:10.1.0.26:44709|priority:0] with ContainerStateMachine:uninitialized
2021-12-29 13:37:32,506 [pool-641-thread-1] INFO  server.RaftServerConfigKeys (ConfUtils.java:logGet(44)) - raft.server.rpc.timeout.min = 5s (custom)
2021-12-29 13:37:32,506 [pool-641-thread-1] INFO  server.RaftServerConfigKeys (ConfUtils.java:logGet(44)) - raft.server.rpc.timeout.max = 5200ms (custom)
2021-12-29 13:37:32,506 [pool-641-thread-1] INFO  server.RaftServerConfigKeys (ConfUtils.java:logGet(44)) - raft.server.rpc.sleep.time = 25ms (default)
2021-12-29 13:37:32,506 [pool-641-thread-1] INFO  server.RaftServerConfigKeys (ConfUtils.java:logGet(44)) - raft.server.rpc.slowness.timeout = 300s (custom)
2021-12-29 13:37:32,506 [pool-641-thread-1] INFO  server.RaftServerConfigKeys (ConfUtils.java:logGet(44)) - raft.server.leaderelection.leader.step-down.wait-time = 10s (default)
2021-12-29 13:37:32,506 [pool-641-thread-1] INFO  server.RaftServerConfigKeys (ConfUtils.java:logGet(44)) - raft.server.sleep.deviation.threshold = 300ms (default)
2021-12-29 13:37:32,506 [pool-641-thread-1] INFO  server.RaftServerConfigKeys (ConfUtils.java:logGet(44)) - raft.server.log.appender.install.snapshot.enabled = false (custom)
2021-12-29 13:37:32,506 [pool-641-thread-1] INFO  server.RaftServer$Division (ServerState.java:<init>(105)) - b3352b45-435b-48e7-bfe7-06e63f837e6a@group-9151DE4B8D5C: ConfigurationManager, init=-1: [824fe22e-cd59-4ca1-8a1b-b502833c0069|rpc:10.1.0.26:39943|priority:0, 9877bc0b-e409-4b21-8793-8d9099a8f0ae|rpc:10.1.0.26:46221|priority:1, b3352b45-435b-48e7-bfe7-06e63f837e6a|rpc:10.1.0.26:44709|priority:0], old=null, confs=<EMPTY_MAP>
2021-12-29 13:37:32,506 [pool-641-thread-1] INFO  server.RaftServerConfigKeys (ConfUtils.java:logGet(44)) - raft.server.storage.dir = [/home/runner/work/ozone/ozone/hadoop-ozone/integration-test/target/test-dir/MiniOzoneClusterImpl-7740b1f0-8bf4-4e60-acce-edccb6a32bd6/datanode-0/data/ratis] (custom)
2021-12-29 13:37:32,506 [pool-641-thread-1] INFO  server.RaftServerConfigKeys (ConfUtils.java:logGet(44)) - raft.server.log.corruption.policy = EXCEPTION (default)
2021-12-29 13:37:32,506 [pool-641-thread-1] INFO  server.RaftServerConfigKeys (ConfUtils.java:logGet(44)) - raft.server.storage.free-space.min = 0MB (=0) (default)
2021-12-29 13:37:32,506 [pool-641-thread-1] INFO  storage.RaftStorageDirectory (RaftStorageDirectoryImpl.java:analyzeStorage(135)) - The storage directory /home/runner/work/ozone/ozone/hadoop-ozone/integration-test/target/test-dir/MiniOzoneClusterImpl-7740b1f0-8bf4-4e60-acce-edccb6a32bd6/datanode-0/data/ratis/58aa0914-7de7-4482-a40c-9151de4b8d5c does not exist. Creating ...
2021-12-29 13:37:32,520 [pool-641-thread-1] INFO  storage.RaftStorageDirectory (RaftStorageDirectoryImpl.java:tryLock(230)) - Lock on /home/runner/work/ozone/ozone/hadoop-ozone/integration-test/target/test-dir/MiniOzoneClusterImpl-7740b1f0-8bf4-4e60-acce-edccb6a32bd6/datanode-0/data/ratis/58aa0914-7de7-4482-a40c-9151de4b8d5c/in_use.lock acquired by nodename 16235@fv-az59-280
2021-12-29 13:37:32,522 [pool-641-thread-1] INFO  storage.RaftStorage (RaftStorageImpl.java:format(89)) - Storage directory /home/runner/work/ozone/ozone/hadoop-ozone/integration-test/target/test-dir/MiniOzoneClusterImpl-7740b1f0-8bf4-4e60-acce-edccb6a32bd6/datanode-0/data/ratis/58aa0914-7de7-4482-a40c-9151de4b8d5c has been successfully formatted.
2021-12-29 13:37:32,522 [pool-641-thread-1] INFO  ratis.ContainerStateMachine (ContainerStateMachine.java:loadSnapshot(231)) - group-9151DE4B8D5C: The snapshot info is null. Setting the last applied indexto:(t:0, i:~)
2021-12-29 13:37:32,522 [pool-641-thread-1] INFO  server.RaftServerConfigKeys (ConfUtils.java:logGet(44)) - raft.server.notification.no-leader.timeout = 300s (custom)
2021-12-29 13:37:32,523 [pool-641-thread-1] INFO  server.RaftServerConfigKeys (ConfUtils.java:logGet(44)) - raft.server.log.use.memory = false (default)
2021-12-29 13:37:32,523 [pool-641-thread-1] INFO  server.RaftServerConfigKeys (ConfUtils.java:logGet(44)) - raft.server.log.purge.gap = 1000000 (custom)
2021-12-29 13:37:32,523 [pool-641-thread-1] INFO  server.RaftServerConfigKeys (ConfUtils.java:logGet(44)) - raft.server.log.appender.buffer.byte-limit = 33554432 (custom)
2021-12-29 13:37:32,523 [pool-641-thread-1] INFO  server.RaftServerConfigKeys (ConfUtils.java:logGet(44)) - raft.server.log.segment.size.max = 1048576 (custom)
2021-12-29 13:37:32,523 [pool-641-thread-1] INFO  server.RaftServerConfigKeys (ConfUtils.java:logGet(44)) - raft.server.log.segment.cache.num.max = 2 (custom)
2021-12-29 13:37:32,523 [pool-641-thread-1] INFO  server.RaftServerConfigKeys (ConfUtils.java:logGet(44)) - raft.server.log.segment.cache.size.max = 200MB (=209715200) (default)
2021-12-29 13:37:32,523 [pool-641-thread-1] INFO  segmented.SegmentedRaftLogWorker (SegmentedRaftLogWorker.java:<init>(182)) - new b3352b45-435b-48e7-bfe7-06e63f837e6a@group-9151DE4B8D5C-SegmentedRaftLogWorker for RaftStorageImpl:Storage Directory /home/runner/work/ozone/ozone/hadoop-ozone/integration-test/target/test-dir/MiniOzoneClusterImpl-7740b1f0-8bf4-4e60-acce-edccb6a32bd6/datanode-0/data/ratis/58aa0914-7de7-4482-a40c-9151de4b8d5c
2021-12-29 13:37:32,523 [pool-641-thread-1] INFO  server.RaftServerConfigKeys (ConfUtils.java:logGet(44)) - raft.server.log.queue.byte-limit = 2147483647 (custom)
2021-12-29 13:37:32,524 [pool-641-thread-1] INFO  server.RaftServerConfigKeys (ConfUtils.java:logGet(44)) - raft.server.log.queue.element-limit = 1024 (custom)
2021-12-29 13:37:32,524 [pool-641-thread-1] INFO  server.RaftServerConfigKeys (ConfUtils.java:logGet(44)) - raft.server.log.segment.size.max = 1048576 (custom)
2021-12-29 13:37:32,524 [pool-641-thread-1] INFO  server.RaftServerConfigKeys (ConfUtils.java:logGet(44)) - raft.server.log.preallocated.size = 16384 (custom)
2021-12-29 13:37:32,524 [pool-641-thread-1] INFO  server.RaftServerConfigKeys (ConfUtils.java:logGet(44)) - raft.server.log.force.sync.num = 128 (default)
2021-12-29 13:37:32,524 [pool-641-thread-1] INFO  server.RaftServerConfigKeys (ConfUtils.java:logGet(44)) - raft.server.log.statemachine.data.sync = true (default)
2021-12-29 13:37:32,524 [pool-641-thread-1] INFO  server.RaftServerConfigKeys (ConfUtils.java:logGet(44)) - raft.server.log.statemachine.data.sync.timeout = 10s (default)
2021-12-29 13:37:32,524 [pool-641-thread-1] INFO  server.RaftServerConfigKeys (ConfUtils.java:logGet(44)) - raft.server.log.statemachine.data.sync.timeout.retry = -1 (default)
2021-12-29 13:37:32,525 [pool-641-thread-1] INFO  server.RaftServerConfigKeys (ConfUtils.java:logGet(44)) - raft.server.log.write.buffer.size = 1048576 (custom)
2021-12-29 13:37:32,527 [EventQueue-OpenPipelineForHealthyPipelineSafeModeRule] INFO  safemode.SCMSafeModeManager (HealthyPipelineSafeModeRule.java:process(124)) - SCM in safe mode. Healthy pipelines reported count is 0, required healthy pipeline reported count is 1
2021-12-29 13:37:32,530 [pool-641-thread-1] INFO  server.RaftServerConfigKeys (ConfUtils.java:logGet(44)) - raft.server.log.statemachine.data.caching.enabled = true (custom)
2021-12-29 13:37:32,530 [pool-641-thread-1] INFO  segmented.SegmentedRaftLogWorker (SegmentedRaftLogWorker.java:lambda$new$0(133)) - b3352b45-435b-48e7-bfe7-06e63f837e6a@group-9151DE4B8D5C-SegmentedRaftLogWorker: flushIndex: setUnconditionally 0 -> -1
2021-12-29 13:37:32,558 [pool-641-thread-1] INFO  segmented.SegmentedRaftLogWorker (SegmentedRaftLogWorker.java:lambda$new$0(133)) - b3352b45-435b-48e7-bfe7-06e63f837e6a@group-9151DE4B8D5C-SegmentedRaftLogWorker: safeCacheEvictIndex: setUnconditionally 0 -> -1
2021-12-29 13:37:32,564 [pool-641-thread-1] INFO  server.RaftServerConfigKeys (ConfUtils.java:logGet(44)) - raft.server.snapshot.auto.trigger.enabled = true (custom)
2021-12-29 13:37:32,564 [pool-641-thread-1] INFO  server.RaftServerConfigKeys (ConfUtils.java:logGet(44)) - raft.server.snapshot.auto.trigger.threshold = 10000 (custom)
2021-12-29 13:37:32,564 [pool-641-thread-1] INFO  server.RaftServerConfigKeys (ConfUtils.java:logGet(44)) - raft.server.snapshot.retention.file.num = 5 (custom)
2021-12-29 13:37:32,564 [pool-641-thread-1] INFO  server.RaftServerConfigKeys (ConfUtils.java:logGet(44)) - raft.server.log.purge.upto.snapshot.index = false (default)
2021-12-29 13:37:32,564 [pool-641-thread-1] INFO  server.RaftServerConfigKeys (ConfUtils.java:logGet(44)) - raft.server.retrycache.expirytime = 600000ms (custom)
2021-12-29 13:37:32,564 [pool-641-thread-1] INFO  server.RaftServerConfigKeys (ConfUtils.java:logGet(44)) - raft.server.retrycache.statistics.expirytime = 100μs (default)
2021-12-29 13:37:32,565 [pool-641-thread-1] INFO  server.RaftServer$Division (RaftServerImpl.java:start(301)) - b3352b45-435b-48e7-bfe7-06e63f837e6a@group-9151DE4B8D5C: start as a follower, conf=-1: [824fe22e-cd59-4ca1-8a1b-b502833c0069|rpc:10.1.0.26:39943|priority:0, 9877bc0b-e409-4b21-8793-8d9099a8f0ae|rpc:10.1.0.26:46221|priority:1, b3352b45-435b-48e7-bfe7-06e63f837e6a|rpc:10.1.0.26:44709|priority:0], old=null
2021-12-29 13:37:32,565 [pool-641-thread-1] INFO  server.RaftServer$Division (RaftServerImpl.java:setRole(290)) - b3352b45-435b-48e7-bfe7-06e63f837e6a@group-9151DE4B8D5C: changes role from      null to FOLLOWER at term 0 for startAsFollower
2021-12-29 13:37:32,565 [pool-641-thread-1] INFO  impl.RoleInfo (RoleInfo.java:updateAndGet(130)) - b3352b45-435b-48e7-bfe7-06e63f837e6a: start b3352b45-435b-48e7-bfe7-06e63f837e6a@group-9151DE4B8D5C-FollowerState
2021-12-29 13:37:32,573 [pool-641-thread-1] INFO  util.JmxRegister (JmxRegister.java:tryRegister(44)) - Successfully registered JMX Bean with object name Ratis:service=RaftServer,group=group-9151DE4B8D5C,id=b3352b45-435b-48e7-bfe7-06e63f837e6a
2021-12-29 13:37:32,614 [Command processor thread] INFO  ratis.XceiverServerRatis (XceiverServerRatis.java:addGroup(768)) - Created group PipelineID=58aa0914-7de7-4482-a40c-9151de4b8d5c
2021-12-29 13:37:32,656 [grpc-default-executor-0] INFO  server.RaftServer (RaftServerProxy.java:addNew(95)) - 9877bc0b-e409-4b21-8793-8d9099a8f0ae: addNew group-9151DE4B8D5C:[824fe22e-cd59-4ca1-8a1b-b502833c0069|rpc:10.1.0.26:39943|dataStream:|priority:0, 9877bc0b-e409-4b21-8793-8d9099a8f0ae|rpc:10.1.0.26:46221|dataStream:|priority:1, b3352b45-435b-48e7-bfe7-06e63f837e6a|rpc:10.1.0.26:44709|dataStream:|priority:0] returns group-9151DE4B8D5C:java.util.concurrent.CompletableFuture@2e0505bd[Not completed]
2021-12-29 13:37:32,660 [pool-683-thread-1] INFO  server.RaftServer$Division (RaftServerImpl.java:<init>(184)) - 9877bc0b-e409-4b21-8793-8d9099a8f0ae: new RaftServerImpl for group-9151DE4B8D5C:[824fe22e-cd59-4ca1-8a1b-b502833c0069|rpc:10.1.0.26:39943|dataStream:|priority:0, 9877bc0b-e409-4b21-8793-8d9099a8f0ae|rpc:10.1.0.26:46221|dataStream:|priority:1, b3352b45-435b-48e7-bfe7-06e63f837e6a|rpc:10.1.0.26:44709|dataStream:|priority:0] with ContainerStateMachine:uninitialized
2021-12-29 13:37:32,690 [pool-683-thread-1] INFO  server.RaftServerConfigKeys (ConfUtils.java:logGet(44)) - raft.server.rpc.timeout.min = 5s (custom)
2021-12-29 13:37:32,690 [pool-683-thread-1] INFO  server.RaftServerConfigKeys (ConfUtils.java:logGet(44)) - raft.server.rpc.timeout.max = 5200ms (custom)
2021-12-29 13:37:32,690 [pool-683-thread-1] INFO  server.RaftServerConfigKeys (ConfUtils.java:logGet(44)) - raft.server.rpc.sleep.time = 25ms (default)
2021-12-29 13:37:32,690 [pool-683-thread-1] INFO  server.RaftServerConfigKeys (ConfUtils.java:logGet(44)) - raft.server.rpc.slowness.timeout = 300s (custom)
2021-12-29 13:37:32,690 [pool-683-thread-1] INFO  server.RaftServerConfigKeys (ConfUtils.java:logGet(44)) - raft.server.leaderelection.leader.step-down.wait-time = 10s (default)
2021-12-29 13:37:32,690 [pool-683-thread-1] INFO  server.RaftServerConfigKeys (ConfUtils.java:logGet(44)) - raft.server.sleep.deviation.threshold = 300ms (default)
2021-12-29 13:37:32,690 [pool-683-thread-1] INFO  server.RaftServerConfigKeys (ConfUtils.java:logGet(44)) - raft.server.log.appender.install.snapshot.enabled = false (custom)
2021-12-29 13:37:32,690 [pool-683-thread-1] INFO  server.RaftServer$Division (ServerState.java:<init>(105)) - 9877bc0b-e409-4b21-8793-8d9099a8f0ae@group-9151DE4B8D5C: ConfigurationManager, init=-1: [824fe22e-cd59-4ca1-8a1b-b502833c0069|rpc:10.1.0.26:39943|dataStream:|priority:0, 9877bc0b-e409-4b21-8793-8d9099a8f0ae|rpc:10.1.0.26:46221|dataStream:|priority:1, b3352b45-435b-48e7-bfe7-06e63f837e6a|rpc:10.1.0.26:44709|dataStream:|priority:0], old=null, confs=<EMPTY_MAP>
2021-12-29 13:37:32,693 [pool-683-thread-1] INFO  server.RaftServerConfigKeys (ConfUtils.java:logGet(44)) - raft.server.storage.dir = [/home/runner/work/ozone/ozone/hadoop-ozone/integration-test/target/test-dir/MiniOzoneClusterImpl-7740b1f0-8bf4-4e60-acce-edccb6a32bd6/datanode-2/data/ratis] (custom)
2021-12-29 13:37:32,702 [pool-683-thread-1] INFO  server.RaftServerConfigKeys (ConfUtils.java:logGet(44)) - raft.server.log.corruption.policy = EXCEPTION (default)
2021-12-29 13:37:32,702 [pool-683-thread-1] INFO  server.RaftServerConfigKeys (ConfUtils.java:logGet(44)) - raft.server.storage.free-space.min = 0MB (=0) (default)
2021-12-29 13:37:32,702 [pool-683-thread-1] INFO  storage.RaftStorageDirectory (RaftStorageDirectoryImpl.java:analyzeStorage(135)) - The storage directory /home/runner/work/ozone/ozone/hadoop-ozone/integration-test/target/test-dir/MiniOzoneClusterImpl-7740b1f0-8bf4-4e60-acce-edccb6a32bd6/datanode-2/data/ratis/58aa0914-7de7-4482-a40c-9151de4b8d5c does not exist. Creating ...
2021-12-29 13:37:32,709 [pool-683-thread-1] INFO  storage.RaftStorageDirectory (RaftStorageDirectoryImpl.java:tryLock(230)) - Lock on /home/runner/work/ozone/ozone/hadoop-ozone/integration-test/target/test-dir/MiniOzoneClusterImpl-7740b1f0-8bf4-4e60-acce-edccb6a32bd6/datanode-2/data/ratis/58aa0914-7de7-4482-a40c-9151de4b8d5c/in_use.lock acquired by nodename 16235@fv-az59-280
2021-12-29 13:37:32,714 [pool-683-thread-1] INFO  storage.RaftStorage (RaftStorageImpl.java:format(89)) - Storage directory /home/runner/work/ozone/ozone/hadoop-ozone/integration-test/target/test-dir/MiniOzoneClusterImpl-7740b1f0-8bf4-4e60-acce-edccb6a32bd6/datanode-2/data/ratis/58aa0914-7de7-4482-a40c-9151de4b8d5c has been successfully formatted.
2021-12-29 13:37:32,717 [pool-683-thread-1] INFO  ratis.ContainerStateMachine (ContainerStateMachine.java:loadSnapshot(231)) - group-9151DE4B8D5C: The snapshot info is null. Setting the last applied indexto:(t:0, i:~)
2021-12-29 13:37:32,717 [pool-683-thread-1] INFO  server.RaftServerConfigKeys (ConfUtils.java:logGet(44)) - raft.server.notification.no-leader.timeout = 300s (custom)
2021-12-29 13:37:32,717 [pool-683-thread-1] INFO  server.RaftServerConfigKeys (ConfUtils.java:logGet(44)) - raft.server.log.use.memory = false (default)
2021-12-29 13:37:32,717 [pool-683-thread-1] INFO  server.RaftServerConfigKeys (ConfUtils.java:logGet(44)) - raft.server.log.purge.gap = 1000000 (custom)
2021-12-29 13:37:32,717 [pool-683-thread-1] INFO  server.RaftServerConfigKeys (ConfUtils.java:logGet(44)) - raft.server.log.appender.buffer.byte-limit = 33554432 (custom)
2021-12-29 13:37:32,718 [pool-683-thread-1] INFO  server.RaftServerConfigKeys (ConfUtils.java:logGet(44)) - raft.server.log.segment.size.max = 1048576 (custom)
2021-12-29 13:37:32,718 [pool-683-thread-1] INFO  server.RaftServerConfigKeys (ConfUtils.java:logGet(44)) - raft.server.log.segment.cache.num.max = 2 (custom)
2021-12-29 13:37:32,718 [pool-683-thread-1] INFO  server.RaftServerConfigKeys (ConfUtils.java:logGet(44)) - raft.server.log.segment.cache.size.max = 200MB (=209715200) (default)
2021-12-29 13:37:32,718 [pool-683-thread-1] INFO  segmented.SegmentedRaftLogWorker (SegmentedRaftLogWorker.java:<init>(182)) - new 9877bc0b-e409-4b21-8793-8d9099a8f0ae@group-9151DE4B8D5C-SegmentedRaftLogWorker for RaftStorageImpl:Storage Directory /home/runner/work/ozone/ozone/hadoop-ozone/integration-test/target/test-dir/MiniOzoneClusterImpl-7740b1f0-8bf4-4e60-acce-edccb6a32bd6/datanode-2/data/ratis/58aa0914-7de7-4482-a40c-9151de4b8d5c
2021-12-29 13:37:32,718 [pool-683-thread-1] INFO  server.RaftServerConfigKeys (ConfUtils.java:logGet(44)) - raft.server.log.queue.byte-limit = 2147483647 (custom)
2021-12-29 13:37:32,718 [pool-683-thread-1] INFO  server.RaftServerConfigKeys (ConfUtils.java:logGet(44)) - raft.server.log.queue.element-limit = 1024 (custom)
2021-12-29 13:37:32,718 [pool-683-thread-1] INFO  server.RaftServerConfigKeys (ConfUtils.java:logGet(44)) - raft.server.log.segment.size.max = 1048576 (custom)
2021-12-29 13:37:32,718 [pool-683-thread-1] INFO  server.RaftServerConfigKeys (ConfUtils.java:logGet(44)) - raft.server.log.preallocated.size = 16384 (custom)
2021-12-29 13:37:32,718 [pool-683-thread-1] INFO  server.RaftServerConfigKeys (ConfUtils.java:logGet(44)) - raft.server.log.force.sync.num = 128 (default)
2021-12-29 13:37:32,718 [pool-683-thread-1] INFO  server.RaftServerConfigKeys (ConfUtils.java:logGet(44)) - raft.server.log.statemachine.data.sync = true (default)
2021-12-29 13:37:32,719 [pool-683-thread-1] INFO  server.RaftServerConfigKeys (ConfUtils.java:logGet(44)) - raft.server.log.statemachine.data.sync.timeout = 10s (default)
2021-12-29 13:37:32,719 [pool-683-thread-1] INFO  server.RaftServerConfigKeys (ConfUtils.java:logGet(44)) - raft.server.log.statemachine.data.sync.timeout.retry = -1 (default)
2021-12-29 13:37:32,719 [pool-683-thread-1] INFO  server.RaftServerConfigKeys (ConfUtils.java:logGet(44)) - raft.server.log.write.buffer.size = 1048576 (custom)
2021-12-29 13:37:32,721 [pool-683-thread-1] INFO  server.RaftServerConfigKeys (ConfUtils.java:logGet(44)) - raft.server.log.statemachine.data.caching.enabled = true (custom)
2021-12-29 13:37:32,721 [pool-683-thread-1] INFO  segmented.SegmentedRaftLogWorker (SegmentedRaftLogWorker.java:lambda$new$0(133)) - 9877bc0b-e409-4b21-8793-8d9099a8f0ae@group-9151DE4B8D5C-SegmentedRaftLogWorker: flushIndex: setUnconditionally 0 -> -1
2021-12-29 13:37:32,721 [pool-683-thread-1] INFO  segmented.SegmentedRaftLogWorker (SegmentedRaftLogWorker.java:lambda$new$0(133)) - 9877bc0b-e409-4b21-8793-8d9099a8f0ae@group-9151DE4B8D5C-SegmentedRaftLogWorker: safeCacheEvictIndex: setUnconditionally 0 -> -1
2021-12-29 13:37:32,721 [pool-683-thread-1] INFO  server.RaftServerConfigKeys (ConfUtils.java:logGet(44)) - raft.server.snapshot.auto.trigger.enabled = true (custom)
2021-12-29 13:37:32,721 [pool-683-thread-1] INFO  server.RaftServerConfigKeys (ConfUtils.java:logGet(44)) - raft.server.snapshot.auto.trigger.threshold = 10000 (custom)
2021-12-29 13:37:32,722 [pool-683-thread-1] INFO  server.RaftServerConfigKeys (ConfUtils.java:logGet(44)) - raft.server.snapshot.retention.file.num = 5 (custom)
2021-12-29 13:37:32,722 [pool-683-thread-1] INFO  server.RaftServerConfigKeys (ConfUtils.java:logGet(44)) - raft.server.log.purge.upto.snapshot.index = false (default)
2021-12-29 13:37:32,722 [pool-683-thread-1] INFO  server.RaftServerConfigKeys (ConfUtils.java:logGet(44)) - raft.server.retrycache.expirytime = 600000ms (custom)
2021-12-29 13:37:32,722 [pool-683-thread-1] INFO  server.RaftServerConfigKeys (ConfUtils.java:logGet(44)) - raft.server.retrycache.statistics.expirytime = 100μs (default)
2021-12-29 13:37:32,725 [pool-683-thread-1] INFO  server.RaftServer$Division (RaftServerImpl.java:start(301)) - 9877bc0b-e409-4b21-8793-8d9099a8f0ae@group-9151DE4B8D5C: start as a follower, conf=-1: [824fe22e-cd59-4ca1-8a1b-b502833c0069|rpc:10.1.0.26:39943|dataStream:|priority:0, 9877bc0b-e409-4b21-8793-8d9099a8f0ae|rpc:10.1.0.26:46221|dataStream:|priority:1, b3352b45-435b-48e7-bfe7-06e63f837e6a|rpc:10.1.0.26:44709|dataStream:|priority:0], old=null
2021-12-29 13:37:32,730 [pool-683-thread-1] INFO  server.RaftServer$Division (RaftServerImpl.java:setRole(290)) - 9877bc0b-e409-4b21-8793-8d9099a8f0ae@group-9151DE4B8D5C: changes role from      null to FOLLOWER at term 0 for startAsFollower
2021-12-29 13:37:32,742 [pool-683-thread-1] INFO  impl.RoleInfo (RoleInfo.java:updateAndGet(130)) - 9877bc0b-e409-4b21-8793-8d9099a8f0ae: start 9877bc0b-e409-4b21-8793-8d9099a8f0ae@group-9151DE4B8D5C-FollowerState
2021-12-29 13:37:32,747 [pool-683-thread-1] INFO  util.JmxRegister (JmxRegister.java:tryRegister(44)) - Successfully registered JMX Bean with object name Ratis:service=RaftServer,group=group-9151DE4B8D5C,id=9877bc0b-e409-4b21-8793-8d9099a8f0ae
2021-12-29 13:37:32,842 [grpc-default-executor-0] INFO  server.RaftServer (RaftServerProxy.java:addNew(95)) - 824fe22e-cd59-4ca1-8a1b-b502833c0069: addNew group-9151DE4B8D5C:[824fe22e-cd59-4ca1-8a1b-b502833c0069|rpc:10.1.0.26:39943|dataStream:|priority:0, 9877bc0b-e409-4b21-8793-8d9099a8f0ae|rpc:10.1.0.26:46221|dataStream:|priority:1, b3352b45-435b-48e7-bfe7-06e63f837e6a|rpc:10.1.0.26:44709|dataStream:|priority:0] returns group-9151DE4B8D5C:java.util.concurrent.CompletableFuture@5c03afd[Not completed]
2021-12-29 13:37:32,850 [pool-662-thread-1] INFO  server.RaftServer$Division (RaftServerImpl.java:<init>(184)) - 824fe22e-cd59-4ca1-8a1b-b502833c0069: new RaftServerImpl for group-9151DE4B8D5C:[824fe22e-cd59-4ca1-8a1b-b502833c0069|rpc:10.1.0.26:39943|dataStream:|priority:0, 9877bc0b-e409-4b21-8793-8d9099a8f0ae|rpc:10.1.0.26:46221|dataStream:|priority:1, b3352b45-435b-48e7-bfe7-06e63f837e6a|rpc:10.1.0.26:44709|dataStream:|priority:0] with ContainerStateMachine:uninitialized
2021-12-29 13:37:32,861 [pool-662-thread-1] INFO  server.RaftServerConfigKeys (ConfUtils.java:logGet(44)) - raft.server.rpc.timeout.min = 5s (custom)
2021-12-29 13:37:32,861 [pool-662-thread-1] INFO  server.RaftServerConfigKeys (ConfUtils.java:logGet(44)) - raft.server.rpc.timeout.max = 5200ms (custom)
2021-12-29 13:37:32,861 [pool-662-thread-1] INFO  server.RaftServerConfigKeys (ConfUtils.java:logGet(44)) - raft.server.rpc.sleep.time = 25ms (default)
2021-12-29 13:37:32,861 [pool-662-thread-1] INFO  server.RaftServerConfigKeys (ConfUtils.java:logGet(44)) - raft.server.rpc.slowness.timeout = 300s (custom)
2021-12-29 13:37:32,861 [pool-662-thread-1] INFO  server.RaftServerConfigKeys (ConfUtils.java:logGet(44)) - raft.server.leaderelection.leader.step-down.wait-time = 10s (default)
2021-12-29 13:37:32,861 [pool-662-thread-1] INFO  server.RaftServerConfigKeys (ConfUtils.java:logGet(44)) - raft.server.sleep.deviation.threshold = 300ms (default)
2021-12-29 13:37:32,861 [pool-662-thread-1] INFO  server.RaftServerConfigKeys (ConfUtils.java:logGet(44)) - raft.server.log.appender.install.snapshot.enabled = false (custom)
2021-12-29 13:37:32,861 [pool-662-thread-1] INFO  server.RaftServer$Division (ServerState.java:<init>(105)) - 824fe22e-cd59-4ca1-8a1b-b502833c0069@group-9151DE4B8D5C: ConfigurationManager, init=-1: [824fe22e-cd59-4ca1-8a1b-b502833c0069|rpc:10.1.0.26:39943|dataStream:|priority:0, 9877bc0b-e409-4b21-8793-8d9099a8f0ae|rpc:10.1.0.26:46221|dataStream:|priority:1, b3352b45-435b-48e7-bfe7-06e63f837e6a|rpc:10.1.0.26:44709|dataStream:|priority:0], old=null, confs=<EMPTY_MAP>
2021-12-29 13:37:32,861 [pool-662-thread-1] INFO  server.RaftServerConfigKeys (ConfUtils.java:logGet(44)) - raft.server.storage.dir = [/home/runner/work/ozone/ozone/hadoop-ozone/integration-test/target/test-dir/MiniOzoneClusterImpl-7740b1f0-8bf4-4e60-acce-edccb6a32bd6/datanode-1/data/ratis] (custom)
2021-12-29 13:37:32,861 [pool-662-thread-1] INFO  server.RaftServerConfigKeys (ConfUtils.java:logGet(44)) - raft.server.log.corruption.policy = EXCEPTION (default)
2021-12-29 13:37:32,861 [pool-662-thread-1] INFO  server.RaftServerConfigKeys (ConfUtils.java:logGet(44)) - raft.server.storage.free-space.min = 0MB (=0) (default)
2021-12-29 13:37:32,862 [pool-662-thread-1] INFO  storage.RaftStorageDirectory (RaftStorageDirectoryImpl.java:analyzeStorage(135)) - The storage directory /home/runner/work/ozone/ozone/hadoop-ozone/integration-test/target/test-dir/MiniOzoneClusterImpl-7740b1f0-8bf4-4e60-acce-edccb6a32bd6/datanode-1/data/ratis/58aa0914-7de7-4482-a40c-9151de4b8d5c does not exist. Creating ...
2021-12-29 13:37:32,869 [pool-662-thread-1] INFO  storage.RaftStorageDirectory (RaftStorageDirectoryImpl.java:tryLock(230)) - Lock on /home/runner/work/ozone/ozone/hadoop-ozone/integration-test/target/test-dir/MiniOzoneClusterImpl-7740b1f0-8bf4-4e60-acce-edccb6a32bd6/datanode-1/data/ratis/58aa0914-7de7-4482-a40c-9151de4b8d5c/in_use.lock acquired by nodename 16235@fv-az59-280
2021-12-29 13:37:32,870 [Command processor thread] INFO  server.RaftServer (RaftServerProxy.java:addNew(95)) - 824fe22e-cd59-4ca1-8a1b-b502833c0069: addNew group-5EBEA288485C:[824fe22e-cd59-4ca1-8a1b-b502833c0069|rpc:10.1.0.26:39943|priority:1] returns group-5EBEA288485C:java.util.concurrent.CompletableFuture@7b684bb[Not completed]
2021-12-29 13:37:32,876 [pool-662-thread-1] INFO  storage.RaftStorage (RaftStorageImpl.java:format(89)) - Storage directory /home/runner/work/ozone/ozone/hadoop-ozone/integration-test/target/test-dir/MiniOzoneClusterImpl-7740b1f0-8bf4-4e60-acce-edccb6a32bd6/datanode-1/data/ratis/58aa0914-7de7-4482-a40c-9151de4b8d5c has been successfully formatted.
2021-12-29 13:37:32,886 [pool-662-thread-1] INFO  ratis.ContainerStateMachine (ContainerStateMachine.java:loadSnapshot(231)) - group-9151DE4B8D5C: The snapshot info is null. Setting the last applied indexto:(t:0, i:~)
2021-12-29 13:37:32,886 [pool-662-thread-1] INFO  server.RaftServerConfigKeys (ConfUtils.java:logGet(44)) - raft.server.notification.no-leader.timeout = 300s (custom)
2021-12-29 13:37:32,886 [pool-662-thread-1] INFO  server.RaftServerConfigKeys (ConfUtils.java:logGet(44)) - raft.server.log.use.memory = false (default)
2021-12-29 13:37:32,886 [pool-662-thread-1] INFO  server.RaftServerConfigKeys (ConfUtils.java:logGet(44)) - raft.server.log.purge.gap = 1000000 (custom)
2021-12-29 13:37:32,886 [pool-662-thread-1] INFO  server.RaftServerConfigKeys (ConfUtils.java:logGet(44)) - raft.server.log.appender.buffer.byte-limit = 33554432 (custom)
2021-12-29 13:37:32,886 [pool-662-thread-1] INFO  server.RaftServerConfigKeys (ConfUtils.java:logGet(44)) - raft.server.log.segment.size.max = 1048576 (custom)
2021-12-29 13:37:32,887 [pool-662-thread-1] INFO  server.RaftServerConfigKeys (ConfUtils.java:logGet(44)) - raft.server.log.segment.cache.num.max = 2 (custom)
2021-12-29 13:37:32,887 [pool-662-thread-1] INFO  server.RaftServerConfigKeys (ConfUtils.java:logGet(44)) - raft.server.log.segment.cache.size.max = 200MB (=209715200) (default)
2021-12-29 13:37:32,887 [pool-662-thread-1] INFO  segmented.SegmentedRaftLogWorker (SegmentedRaftLogWorker.java:<init>(182)) - new 824fe22e-cd59-4ca1-8a1b-b502833c0069@group-9151DE4B8D5C-SegmentedRaftLogWorker for RaftStorageImpl:Storage Directory /home/runner/work/ozone/ozone/hadoop-ozone/integration-test/target/test-dir/MiniOzoneClusterImpl-7740b1f0-8bf4-4e60-acce-edccb6a32bd6/datanode-1/data/ratis/58aa0914-7de7-4482-a40c-9151de4b8d5c
2021-12-29 13:37:32,887 [pool-662-thread-1] INFO  server.RaftServerConfigKeys (ConfUtils.java:logGet(44)) - raft.server.log.queue.byte-limit = 2147483647 (custom)
2021-12-29 13:37:32,887 [pool-662-thread-1] INFO  server.RaftServerConfigKeys (ConfUtils.java:logGet(44)) - raft.server.log.queue.element-limit = 1024 (custom)
2021-12-29 13:37:32,887 [pool-662-thread-1] INFO  server.RaftServerConfigKeys (ConfUtils.java:logGet(44)) - raft.server.log.segment.size.max = 1048576 (custom)
2021-12-29 13:37:32,887 [pool-662-thread-1] INFO  server.RaftServerConfigKeys (ConfUtils.java:logGet(44)) - raft.server.log.preallocated.size = 16384 (custom)
2021-12-29 13:37:32,887 [pool-662-thread-1] INFO  server.RaftServerConfigKeys (ConfUtils.java:logGet(44)) - raft.server.log.force.sync.num = 128 (default)
2021-12-29 13:37:32,887 [pool-662-thread-1] INFO  server.RaftServerConfigKeys (ConfUtils.java:logGet(44)) - raft.server.log.statemachine.data.sync = true (default)
2021-12-29 13:37:32,887 [pool-662-thread-1] INFO  server.RaftServerConfigKeys (ConfUtils.java:logGet(44)) - raft.server.log.statemachine.data.sync.timeout = 10s (default)
2021-12-29 13:37:32,887 [pool-662-thread-1] INFO  server.RaftServerConfigKeys (ConfUtils.java:logGet(44)) - raft.server.log.statemachine.data.sync.timeout.retry = -1 (default)
2021-12-29 13:37:32,888 [pool-662-thread-1] INFO  server.RaftServerConfigKeys (ConfUtils.java:logGet(44)) - raft.server.log.write.buffer.size = 1048576 (custom)
2021-12-29 13:37:32,888 [pool-662-thread-1] INFO  server.RaftServerConfigKeys (ConfUtils.java:logGet(44)) - raft.server.log.statemachine.data.caching.enabled = true (custom)
2021-12-29 13:37:32,889 [pool-662-thread-1] INFO  segmented.SegmentedRaftLogWorker (SegmentedRaftLogWorker.java:lambda$new$0(133)) - 824fe22e-cd59-4ca1-8a1b-b502833c0069@group-9151DE4B8D5C-SegmentedRaftLogWorker: flushIndex: setUnconditionally 0 -> -1
2021-12-29 13:37:32,889 [pool-662-thread-1] INFO  segmented.SegmentedRaftLogWorker (SegmentedRaftLogWorker.java:lambda$new$0(133)) - 824fe22e-cd59-4ca1-8a1b-b502833c0069@group-9151DE4B8D5C-SegmentedRaftLogWorker: safeCacheEvictIndex: setUnconditionally 0 -> -1
2021-12-29 13:37:32,892 [pool-662-thread-1] INFO  server.RaftServerConfigKeys (ConfUtils.java:logGet(44)) - raft.server.snapshot.auto.trigger.enabled = true (custom)
2021-12-29 13:37:32,892 [pool-662-thread-1] INFO  server.RaftServerConfigKeys (ConfUtils.java:logGet(44)) - raft.server.snapshot.auto.trigger.threshold = 10000 (custom)
2021-12-29 13:37:32,892 [pool-662-thread-1] INFO  server.RaftServerConfigKeys (ConfUtils.java:logGet(44)) - raft.server.snapshot.retention.file.num = 5 (custom)
2021-12-29 13:37:32,892 [pool-662-thread-1] INFO  server.RaftServerConfigKeys (ConfUtils.java:logGet(44)) - raft.server.log.purge.upto.snapshot.index = false (default)
2021-12-29 13:37:32,893 [pool-662-thread-1] INFO  server.RaftServerConfigKeys (ConfUtils.java:logGet(44)) - raft.server.retrycache.expirytime = 600000ms (custom)
2021-12-29 13:37:32,893 [pool-662-thread-1] INFO  server.RaftServerConfigKeys (ConfUtils.java:logGet(44)) - raft.server.retrycache.statistics.expirytime = 100μs (default)
2021-12-29 13:37:32,901 [EventQueue-PipelineReportForPipelineReportHandler] INFO  pipeline.PipelineManagerImpl (PipelineManagerImpl.java:openPipeline(291)) - Pipeline Pipeline[ Id: 12930247-28ed-44e8-9595-5ebea288485c, Nodes: 824fe22e-cd59-4ca1-8a1b-b502833c0069{ip: 10.1.0.26, host: fv-az59-280.csjynl4pkq3e1pkirw3ssqjfoh.cx.internal.cloudapp.net, ports: [REPLICATION=40145, RATIS=39943, RATIS_ADMIN=39943, RATIS_SERVER=39943, STANDALONE=45815], networkLocation: /default-rack, certSerialId: null, persistedOpState: IN_SERVICE, persistedOpStateExpiryEpochSec: 0}, ReplicationConfig: RATIS/ONE, State:ALLOCATED, leaderId:824fe22e-cd59-4ca1-8a1b-b502833c0069, CreationTimestamp2021-12-29T13:37:29.861Z[Etc/UTC]] moved to OPEN state
2021-12-29 13:37:32,901 [EventQueue-OpenPipelineForHealthyPipelineSafeModeRule] INFO  safemode.SCMSafeModeManager (HealthyPipelineSafeModeRule.java:process(124)) - SCM in safe mode. Healthy pipelines reported count is 0, required healthy pipeline reported count is 1
2021-12-29 13:37:32,902 [pool-662-thread-1] INFO  server.RaftServer$Division (RaftServerImpl.java:<init>(184)) - 824fe22e-cd59-4ca1-8a1b-b502833c0069: new RaftServerImpl for group-5EBEA288485C:[824fe22e-cd59-4ca1-8a1b-b502833c0069|rpc:10.1.0.26:39943|priority:1] with ContainerStateMachine:uninitialized
2021-12-29 13:37:32,902 [pool-662-thread-1] INFO  server.RaftServerConfigKeys (ConfUtils.java:logGet(44)) - raft.server.rpc.timeout.min = 5s (custom)
2021-12-29 13:37:32,902 [pool-662-thread-1] INFO  server.RaftServerConfigKeys (ConfUtils.java:logGet(44)) - raft.server.rpc.timeout.max = 5200ms (custom)
2021-12-29 13:37:32,902 [pool-662-thread-1] INFO  server.RaftServerConfigKeys (ConfUtils.java:logGet(44)) - raft.server.rpc.sleep.time = 25ms (default)
2021-12-29 13:37:32,902 [pool-662-thread-1] INFO  server.RaftServerConfigKeys (ConfUtils.java:logGet(44)) - raft.server.rpc.slowness.timeout = 300s (custom)
2021-12-29 13:37:32,902 [pool-662-thread-1] INFO  server.RaftServerConfigKeys (ConfUtils.java:logGet(44)) - raft.server.leaderelection.leader.step-down.wait-time = 10s (default)
2021-12-29 13:37:32,902 [pool-662-thread-1] INFO  server.RaftServerConfigKeys (ConfUtils.java:logGet(44)) - raft.server.sleep.deviation.threshold = 300ms (default)
2021-12-29 13:37:32,903 [pool-662-thread-1] INFO  server.RaftServerConfigKeys (ConfUtils.java:logGet(44)) - raft.server.log.appender.install.snapshot.enabled = false (custom)
2021-12-29 13:37:32,903 [pool-662-thread-1] INFO  server.RaftServer$Division (ServerState.java:<init>(105)) - 824fe22e-cd59-4ca1-8a1b-b502833c0069@group-5EBEA288485C: ConfigurationManager, init=-1: [824fe22e-cd59-4ca1-8a1b-b502833c0069|rpc:10.1.0.26:39943|priority:1], old=null, confs=<EMPTY_MAP>
2021-12-29 13:37:32,903 [pool-662-thread-1] INFO  server.RaftServerConfigKeys (ConfUtils.java:logGet(44)) - raft.server.storage.dir = [/home/runner/work/ozone/ozone/hadoop-ozone/integration-test/target/test-dir/MiniOzoneClusterImpl-7740b1f0-8bf4-4e60-acce-edccb6a32bd6/datanode-1/data/ratis] (custom)
2021-12-29 13:37:32,903 [pool-662-thread-1] INFO  server.RaftServerConfigKeys (ConfUtils.java:logGet(44)) - raft.server.log.corruption.policy = EXCEPTION (default)
2021-12-29 13:37:32,903 [pool-662-thread-1] INFO  server.RaftServerConfigKeys (ConfUtils.java:logGet(44)) - raft.server.storage.free-space.min = 0MB (=0) (default)
2021-12-29 13:37:32,903 [pool-662-thread-1] INFO  storage.RaftStorageDirectory (RaftStorageDirectoryImpl.java:analyzeStorage(135)) - The storage directory /home/runner/work/ozone/ozone/hadoop-ozone/integration-test/target/test-dir/MiniOzoneClusterImpl-7740b1f0-8bf4-4e60-acce-edccb6a32bd6/datanode-1/data/ratis/12930247-28ed-44e8-9595-5ebea288485c does not exist. Creating ...
2021-12-29 13:37:32,904 [pool-662-thread-1] INFO  storage.RaftStorageDirectory (RaftStorageDirectoryImpl.java:tryLock(230)) - Lock on /home/runner/work/ozone/ozone/hadoop-ozone/integration-test/target/test-dir/MiniOzoneClusterImpl-7740b1f0-8bf4-4e60-acce-edccb6a32bd6/datanode-1/data/ratis/12930247-28ed-44e8-9595-5ebea288485c/in_use.lock acquired by nodename 16235@fv-az59-280
2021-12-29 13:37:32,905 [pool-662-thread-1] INFO  storage.RaftStorage (RaftStorageImpl.java:format(89)) - Storage directory /home/runner/work/ozone/ozone/hadoop-ozone/integration-test/target/test-dir/MiniOzoneClusterImpl-7740b1f0-8bf4-4e60-acce-edccb6a32bd6/datanode-1/data/ratis/12930247-28ed-44e8-9595-5ebea288485c has been successfully formatted.
2021-12-29 13:37:32,905 [pool-662-thread-1] INFO  ratis.ContainerStateMachine (ContainerStateMachine.java:loadSnapshot(231)) - group-5EBEA288485C: The snapshot info is null. Setting the last applied indexto:(t:0, i:~)
2021-12-29 13:37:32,906 [pool-662-thread-1] INFO  server.RaftServerConfigKeys (ConfUtils.java:logGet(44)) - raft.server.notification.no-leader.timeout = 300s (custom)
2021-12-29 13:37:32,906 [pool-662-thread-1] INFO  server.RaftServerConfigKeys (ConfUtils.java:logGet(44)) - raft.server.log.use.memory = false (default)
2021-12-29 13:37:32,906 [pool-662-thread-1] INFO  server.RaftServerConfigKeys (ConfUtils.java:logGet(44)) - raft.server.log.purge.gap = 1000000 (custom)
2021-12-29 13:37:32,906 [pool-662-thread-1] INFO  server.RaftServerConfigKeys (ConfUtils.java:logGet(44)) - raft.server.log.appender.buffer.byte-limit = 33554432 (custom)
2021-12-29 13:37:32,906 [EventQueue-OpenPipelineForHealthyPipelineSafeModeRule] INFO  safemode.SCMSafeModeManager (HealthyPipelineSafeModeRule.java:process(124)) - SCM in safe mode. Healthy pipelines reported count is 0, required healthy pipeline reported count is 1
2021-12-29 13:37:32,906 [pool-662-thread-1] INFO  server.RaftServerConfigKeys (ConfUtils.java:logGet(44)) - raft.server.log.segment.size.max = 1048576 (custom)
2021-12-29 13:37:32,907 [pool-662-thread-1] INFO  server.RaftServerConfigKeys (ConfUtils.java:logGet(44)) - raft.server.log.segment.cache.num.max = 2 (custom)
2021-12-29 13:37:32,907 [pool-662-thread-1] INFO  server.RaftServerConfigKeys (ConfUtils.java:logGet(44)) - raft.server.log.segment.cache.size.max = 200MB (=209715200) (default)
2021-12-29 13:37:32,907 [pool-662-thread-1] INFO  segmented.SegmentedRaftLogWorker (SegmentedRaftLogWorker.java:<init>(182)) - new 824fe22e-cd59-4ca1-8a1b-b502833c0069@group-5EBEA288485C-SegmentedRaftLogWorker for RaftStorageImpl:Storage Directory /home/runner/work/ozone/ozone/hadoop-ozone/integration-test/target/test-dir/MiniOzoneClusterImpl-7740b1f0-8bf4-4e60-acce-edccb6a32bd6/datanode-1/data/ratis/12930247-28ed-44e8-9595-5ebea288485c
2021-12-29 13:37:32,907 [pool-662-thread-1] INFO  server.RaftServerConfigKeys (ConfUtils.java:logGet(44)) - raft.server.log.queue.byte-limit = 2147483647 (custom)
2021-12-29 13:37:32,907 [pool-662-thread-1] INFO  server.RaftServerConfigKeys (ConfUtils.java:logGet(44)) - raft.server.log.queue.element-limit = 1024 (custom)
2021-12-29 13:37:32,907 [pool-662-thread-1] INFO  server.RaftServerConfigKeys (ConfUtils.java:logGet(44)) - raft.server.log.segment.size.max = 1048576 (custom)
2021-12-29 13:37:32,907 [pool-662-thread-1] INFO  server.RaftServerConfigKeys (ConfUtils.java:logGet(44)) - raft.server.log.preallocated.size = 16384 (custom)
2021-12-29 13:37:32,907 [pool-662-thread-1] INFO  server.RaftServerConfigKeys (ConfUtils.java:logGet(44)) - raft.server.log.force.sync.num = 128 (default)
2021-12-29 13:37:32,907 [pool-662-thread-1] INFO  server.RaftServerConfigKeys (ConfUtils.java:logGet(44)) - raft.server.log.statemachine.data.sync = true (default)
2021-12-29 13:37:32,907 [pool-662-thread-1] INFO  server.RaftServerConfigKeys (ConfUtils.java:logGet(44)) - raft.server.log.statemachine.data.sync.timeout = 10s (default)
2021-12-29 13:37:32,907 [pool-662-thread-1] INFO  server.RaftServerConfigKeys (ConfUtils.java:logGet(44)) - raft.server.log.statemachine.data.sync.timeout.retry = -1 (default)
2021-12-29 13:37:32,908 [pool-662-thread-1] INFO  server.RaftServerConfigKeys (ConfUtils.java:logGet(44)) - raft.server.log.write.buffer.size = 1048576 (custom)
2021-12-29 13:37:32,909 [pool-662-thread-1] INFO  server.RaftServerConfigKeys (ConfUtils.java:logGet(44)) - raft.server.log.statemachine.data.caching.enabled = true (custom)
2021-12-29 13:37:32,909 [pool-662-thread-1] INFO  segmented.SegmentedRaftLogWorker (SegmentedRaftLogWorker.java:lambda$new$0(133)) - 824fe22e-cd59-4ca1-8a1b-b502833c0069@group-5EBEA288485C-SegmentedRaftLogWorker: flushIndex: setUnconditionally 0 -> -1
2021-12-29 13:37:32,909 [pool-662-thread-1] INFO  segmented.SegmentedRaftLogWorker (SegmentedRaftLogWorker.java:lambda$new$0(133)) - 824fe22e-cd59-4ca1-8a1b-b502833c0069@group-5EBEA288485C-SegmentedRaftLogWorker: safeCacheEvictIndex: setUnconditionally 0 -> -1
2021-12-29 13:37:32,910 [pool-662-thread-1] INFO  server.RaftServerConfigKeys (ConfUtils.java:logGet(44)) - raft.server.snapshot.auto.trigger.enabled = true (custom)
2021-12-29 13:37:32,910 [pool-662-thread-1] INFO  server.RaftServerConfigKeys (ConfUtils.java:logGet(44)) - raft.server.snapshot.auto.trigger.threshold = 10000 (custom)
2021-12-29 13:37:32,910 [pool-662-thread-1] INFO  server.RaftServerConfigKeys (ConfUtils.java:logGet(44)) - raft.server.snapshot.retention.file.num = 5 (custom)
2021-12-29 13:37:32,910 [pool-662-thread-1] INFO  server.RaftServerConfigKeys (ConfUtils.java:logGet(44)) - raft.server.log.purge.upto.snapshot.index = false (default)
2021-12-29 13:37:32,910 [pool-662-thread-1] INFO  server.RaftServerConfigKeys (ConfUtils.java:logGet(44)) - raft.server.retrycache.expirytime = 600000ms (custom)
2021-12-29 13:37:32,910 [pool-662-thread-1] INFO  server.RaftServerConfigKeys (ConfUtils.java:logGet(44)) - raft.server.retrycache.statistics.expirytime = 100μs (default)
2021-12-29 13:37:32,913 [pool-662-thread-1] INFO  server.RaftServer$Division (RaftServerImpl.java:start(301)) - 824fe22e-cd59-4ca1-8a1b-b502833c0069@group-9151DE4B8D5C: start as a follower, conf=-1: [824fe22e-cd59-4ca1-8a1b-b502833c0069|rpc:10.1.0.26:39943|dataStream:|priority:0, 9877bc0b-e409-4b21-8793-8d9099a8f0ae|rpc:10.1.0.26:46221|dataStream:|priority:1, b3352b45-435b-48e7-bfe7-06e63f837e6a|rpc:10.1.0.26:44709|dataStream:|priority:0], old=null
2021-12-29 13:37:32,918 [pool-662-thread-1] INFO  server.RaftServer$Division (RaftServerImpl.java:setRole(290)) - 824fe22e-cd59-4ca1-8a1b-b502833c0069@group-9151DE4B8D5C: changes role from      null to FOLLOWER at term 0 for startAsFollower
2021-12-29 13:37:32,918 [pool-662-thread-1] INFO  impl.RoleInfo (RoleInfo.java:updateAndGet(130)) - 824fe22e-cd59-4ca1-8a1b-b502833c0069: start 824fe22e-cd59-4ca1-8a1b-b502833c0069@group-9151DE4B8D5C-FollowerState
2021-12-29 13:37:32,934 [pool-662-thread-1] INFO  util.JmxRegister (JmxRegister.java:tryRegister(44)) - Successfully registered JMX Bean with object name Ratis:service=RaftServer,group=group-9151DE4B8D5C,id=824fe22e-cd59-4ca1-8a1b-b502833c0069
2021-12-29 13:37:32,943 [pool-662-thread-1] INFO  server.RaftServer$Division (RaftServerImpl.java:start(301)) - 824fe22e-cd59-4ca1-8a1b-b502833c0069@group-5EBEA288485C: start as a follower, conf=-1: [824fe22e-cd59-4ca1-8a1b-b502833c0069|rpc:10.1.0.26:39943|priority:1], old=null
2021-12-29 13:37:32,943 [pool-662-thread-1] INFO  server.RaftServer$Division (RaftServerImpl.java:setRole(290)) - 824fe22e-cd59-4ca1-8a1b-b502833c0069@group-5EBEA288485C: changes role from      null to FOLLOWER at term 0 for startAsFollower
2021-12-29 13:37:32,943 [pool-662-thread-1] INFO  impl.RoleInfo (RoleInfo.java:updateAndGet(130)) - 824fe22e-cd59-4ca1-8a1b-b502833c0069: start 824fe22e-cd59-4ca1-8a1b-b502833c0069@group-5EBEA288485C-FollowerState
2021-12-29 13:37:32,950 [pool-662-thread-1] INFO  util.JmxRegister (JmxRegister.java:tryRegister(44)) - Successfully registered JMX Bean with object name Ratis:service=RaftServer,group=group-5EBEA288485C,id=824fe22e-cd59-4ca1-8a1b-b502833c0069
2021-12-29 13:37:32,955 [Command processor thread] INFO  ratis.XceiverServerRatis (XceiverServerRatis.java:addGroup(768)) - Created group PipelineID=12930247-28ed-44e8-9595-5ebea288485c
2021-12-29 13:37:32,955 [Command processor thread] INFO  commandhandler.CreatePipelineCommandHandler (CreatePipelineCommandHandler.java:handle(106)) - Created Pipeline RATIS ONE PipelineID=12930247-28ed-44e8-9595-5ebea288485c.
2021-12-29 13:37:32,956 [Command processor thread] INFO  server.RaftServer (RaftServerProxy.java:addNew(95)) - 824fe22e-cd59-4ca1-8a1b-b502833c0069: addNew group-88DC794A3892:[824fe22e-cd59-4ca1-8a1b-b502833c0069|rpc:10.1.0.26:39943|priority:0, 9877bc0b-e409-4b21-8793-8d9099a8f0ae|rpc:10.1.0.26:46221|priority:0, b3352b45-435b-48e7-bfe7-06e63f837e6a|rpc:10.1.0.26:44709|priority:1] returns group-88DC794A3892:java.util.concurrent.CompletableFuture@9717a3d[Not completed]
2021-12-29 13:37:32,957 [pool-662-thread-1] INFO  server.RaftServer$Division (RaftServerImpl.java:<init>(184)) - 824fe22e-cd59-4ca1-8a1b-b502833c0069: new RaftServerImpl for group-88DC794A3892:[824fe22e-cd59-4ca1-8a1b-b502833c0069|rpc:10.1.0.26:39943|priority:0, 9877bc0b-e409-4b21-8793-8d9099a8f0ae|rpc:10.1.0.26:46221|priority:0, b3352b45-435b-48e7-bfe7-06e63f837e6a|rpc:10.1.0.26:44709|priority:1] with ContainerStateMachine:uninitialized
2021-12-29 13:37:32,957 [pool-662-thread-1] INFO  server.RaftServerConfigKeys (ConfUtils.java:logGet(44)) - raft.server.rpc.timeout.min = 5s (custom)
2021-12-29 13:37:32,957 [pool-662-thread-1] INFO  server.RaftServerConfigKeys (ConfUtils.java:logGet(44)) - raft.server.rpc.timeout.max = 5200ms (custom)
2021-12-29 13:37:32,957 [pool-662-thread-1] INFO  server.RaftServerConfigKeys (ConfUtils.java:logGet(44)) - raft.server.rpc.sleep.time = 25ms (default)
2021-12-29 13:37:32,957 [pool-662-thread-1] INFO  server.RaftServerConfigKeys (ConfUtils.java:logGet(44)) - raft.server.rpc.slowness.timeout = 300s (custom)
2021-12-29 13:37:32,957 [pool-662-thread-1] INFO  server.RaftServerConfigKeys (ConfUtils.java:logGet(44)) - raft.server.leaderelection.leader.step-down.wait-time = 10s (default)
2021-12-29 13:37:32,957 [pool-662-thread-1] INFO  server.RaftServerConfigKeys (ConfUtils.java:logGet(44)) - raft.server.sleep.deviation.threshold = 300ms (default)
2021-12-29 13:37:32,957 [pool-662-thread-1] INFO  server.RaftServerConfigKeys (ConfUtils.java:logGet(44)) - raft.server.log.appender.install.snapshot.enabled = false (custom)
2021-12-29 13:37:32,957 [pool-662-thread-1] INFO  server.RaftServer$Division (ServerState.java:<init>(105)) - 824fe22e-cd59-4ca1-8a1b-b502833c0069@group-88DC794A3892: ConfigurationManager, init=-1: [824fe22e-cd59-4ca1-8a1b-b502833c0069|rpc:10.1.0.26:39943|priority:0, 9877bc0b-e409-4b21-8793-8d9099a8f0ae|rpc:10.1.0.26:46221|priority:0, b3352b45-435b-48e7-bfe7-06e63f837e6a|rpc:10.1.0.26:44709|priority:1], old=null, confs=<EMPTY_MAP>
2021-12-29 13:37:32,957 [pool-662-thread-1] INFO  server.RaftServerConfigKeys (ConfUtils.java:logGet(44)) - raft.server.storage.dir = [/home/runner/work/ozone/ozone/hadoop-ozone/integration-test/target/test-dir/MiniOzoneClusterImpl-7740b1f0-8bf4-4e60-acce-edccb6a32bd6/datanode-1/data/ratis] (custom)
2021-12-29 13:37:32,958 [pool-662-thread-1] INFO  server.RaftServerConfigKeys (ConfUtils.java:logGet(44)) - raft.server.log.corruption.policy = EXCEPTION (default)
2021-12-29 13:37:32,958 [pool-662-thread-1] INFO  server.RaftServerConfigKeys (ConfUtils.java:logGet(44)) - raft.server.storage.free-space.min = 0MB (=0) (default)
2021-12-29 13:37:32,958 [pool-662-thread-1] INFO  storage.RaftStorageDirectory (RaftStorageDirectoryImpl.java:analyzeStorage(135)) - The storage directory /home/runner/work/ozone/ozone/hadoop-ozone/integration-test/target/test-dir/MiniOzoneClusterImpl-7740b1f0-8bf4-4e60-acce-edccb6a32bd6/datanode-1/data/ratis/960f2243-d36e-4654-b584-88dc794a3892 does not exist. Creating ...
2021-12-29 13:37:32,966 [Command processor thread] INFO  commandhandler.CreatePipelineCommandHandler (CreatePipelineCommandHandler.java:handle(106)) - Created Pipeline RATIS THREE PipelineID=58aa0914-7de7-4482-a40c-9151de4b8d5c.
2021-12-29 13:37:32,966 [Command processor thread] INFO  server.RaftServer (RaftServerProxy.java:addNew(95)) - b3352b45-435b-48e7-bfe7-06e63f837e6a: addNew group-88DC794A3892:[824fe22e-cd59-4ca1-8a1b-b502833c0069|rpc:10.1.0.26:39943|priority:0, 9877bc0b-e409-4b21-8793-8d9099a8f0ae|rpc:10.1.0.26:46221|priority:0, b3352b45-435b-48e7-bfe7-06e63f837e6a|rpc:10.1.0.26:44709|priority:1] returns group-88DC794A3892:java.util.concurrent.CompletableFuture@573281a2[Not completed]
2021-12-29 13:37:32,967 [pool-641-thread-1] INFO  server.RaftServer$Division (RaftServerImpl.java:<init>(184)) - b3352b45-435b-48e7-bfe7-06e63f837e6a: new RaftServerImpl for group-88DC794A3892:[824fe22e-cd59-4ca1-8a1b-b502833c0069|rpc:10.1.0.26:39943|priority:0, 9877bc0b-e409-4b21-8793-8d9099a8f0ae|rpc:10.1.0.26:46221|priority:0, b3352b45-435b-48e7-bfe7-06e63f837e6a|rpc:10.1.0.26:44709|priority:1] with ContainerStateMachine:uninitialized
2021-12-29 13:37:32,967 [pool-641-thread-1] INFO  server.RaftServerConfigKeys (ConfUtils.java:logGet(44)) - raft.server.rpc.timeout.min = 5s (custom)
2021-12-29 13:37:32,967 [pool-641-thread-1] INFO  server.RaftServerConfigKeys (ConfUtils.java:logGet(44)) - raft.server.rpc.timeout.max = 5200ms (custom)
2021-12-29 13:37:32,967 [pool-641-thread-1] INFO  server.RaftServerConfigKeys (ConfUtils.java:logGet(44)) - raft.server.rpc.sleep.time = 25ms (default)
2021-12-29 13:37:32,967 [pool-641-thread-1] INFO  server.RaftServerConfigKeys (ConfUtils.java:logGet(44)) - raft.server.rpc.slowness.timeout = 300s (custom)
2021-12-29 13:37:32,967 [pool-641-thread-1] INFO  server.RaftServerConfigKeys (ConfUtils.java:logGet(44)) - raft.server.leaderelection.leader.step-down.wait-time = 10s (default)
2021-12-29 13:37:32,967 [pool-641-thread-1] INFO  server.RaftServerConfigKeys (ConfUtils.java:logGet(44)) - raft.server.sleep.deviation.threshold = 300ms (default)
2021-12-29 13:37:32,967 [pool-641-thread-1] INFO  server.RaftServerConfigKeys (ConfUtils.java:logGet(44)) - raft.server.log.appender.install.snapshot.enabled = false (custom)
2021-12-29 13:37:32,967 [pool-641-thread-1] INFO  server.RaftServer$Division (ServerState.java:<init>(105)) - b3352b45-435b-48e7-bfe7-06e63f837e6a@group-88DC794A3892: ConfigurationManager, init=-1: [824fe22e-cd59-4ca1-8a1b-b502833c0069|rpc:10.1.0.26:39943|priority:0, 9877bc0b-e409-4b21-8793-8d9099a8f0ae|rpc:10.1.0.26:46221|priority:0, b3352b45-435b-48e7-bfe7-06e63f837e6a|rpc:10.1.0.26:44709|priority:1], old=null, confs=<EMPTY_MAP>
2021-12-29 13:37:32,967 [pool-641-thread-1] INFO  server.RaftServerConfigKeys (ConfUtils.java:logGet(44)) - raft.server.storage.dir = [/home/runner/work/ozone/ozone/hadoop-ozone/integration-test/target/test-dir/MiniOzoneClusterImpl-7740b1f0-8bf4-4e60-acce-edccb6a32bd6/datanode-0/data/ratis] (custom)
2021-12-29 13:37:32,967 [pool-641-thread-1] INFO  server.RaftServerConfigKeys (ConfUtils.java:logGet(44)) - raft.server.log.corruption.policy = EXCEPTION (default)
2021-12-29 13:37:32,967 [pool-641-thread-1] INFO  server.RaftServerConfigKeys (ConfUtils.java:logGet(44)) - raft.server.storage.free-space.min = 0MB (=0) (default)
2021-12-29 13:37:32,967 [pool-641-thread-1] INFO  storage.RaftStorageDirectory (RaftStorageDirectoryImpl.java:analyzeStorage(135)) - The storage directory /home/runner/work/ozone/ozone/hadoop-ozone/integration-test/target/test-dir/MiniOzoneClusterImpl-7740b1f0-8bf4-4e60-acce-edccb6a32bd6/datanode-0/data/ratis/960f2243-d36e-4654-b584-88dc794a3892 does not exist. Creating ...
2021-12-29 13:37:32,981 [pool-641-thread-1] INFO  storage.RaftStorageDirectory (RaftStorageDirectoryImpl.java:tryLock(230)) - Lock on /home/runner/work/ozone/ozone/hadoop-ozone/integration-test/target/test-dir/MiniOzoneClusterImpl-7740b1f0-8bf4-4e60-acce-edccb6a32bd6/datanode-0/data/ratis/960f2243-d36e-4654-b584-88dc794a3892/in_use.lock acquired by nodename 16235@fv-az59-280
2021-12-29 13:37:32,987 [pool-641-thread-1] INFO  storage.RaftStorage (RaftStorageImpl.java:format(89)) - Storage directory /home/runner/work/ozone/ozone/hadoop-ozone/integration-test/target/test-dir/MiniOzoneClusterImpl-7740b1f0-8bf4-4e60-acce-edccb6a32bd6/datanode-0/data/ratis/960f2243-d36e-4654-b584-88dc794a3892 has been successfully formatted.
2021-12-29 13:37:32,987 [pool-641-thread-1] INFO  ratis.ContainerStateMachine (ContainerStateMachine.java:loadSnapshot(231)) - group-88DC794A3892: The snapshot info is null. Setting the last applied indexto:(t:0, i:~)
2021-12-29 13:37:32,988 [pool-641-thread-1] INFO  server.RaftServerConfigKeys (ConfUtils.java:logGet(44)) - raft.server.notification.no-leader.timeout = 300s (custom)
2021-12-29 13:37:32,988 [pool-641-thread-1] INFO  server.RaftServerConfigKeys (ConfUtils.java:logGet(44)) - raft.server.log.use.memory = false (default)
2021-12-29 13:37:32,988 [pool-641-thread-1] INFO  server.RaftServerConfigKeys (ConfUtils.java:logGet(44)) - raft.server.log.purge.gap = 1000000 (custom)
2021-12-29 13:37:32,988 [pool-641-thread-1] INFO  server.RaftServerConfigKeys (ConfUtils.java:logGet(44)) - raft.server.log.appender.buffer.byte-limit = 33554432 (custom)
2021-12-29 13:37:32,988 [EventQueue-OpenPipelineForHealthyPipelineSafeModeRule] INFO  safemode.SCMSafeModeManager (HealthyPipelineSafeModeRule.java:process(124)) - SCM in safe mode. Healthy pipelines reported count is 0, required healthy pipeline reported count is 1
2021-12-29 13:37:32,989 [pool-641-thread-1] INFO  server.RaftServerConfigKeys (ConfUtils.java:logGet(44)) - raft.server.log.segment.size.max = 1048576 (custom)
2021-12-29 13:37:32,989 [pool-641-thread-1] INFO  server.RaftServerConfigKeys (ConfUtils.java:logGet(44)) - raft.server.log.segment.cache.num.max = 2 (custom)
2021-12-29 13:37:32,989 [pool-641-thread-1] INFO  server.RaftServerConfigKeys (ConfUtils.java:logGet(44)) - raft.server.log.segment.cache.size.max = 200MB (=209715200) (default)
2021-12-29 13:37:32,989 [pool-641-thread-1] INFO  segmented.SegmentedRaftLogWorker (SegmentedRaftLogWorker.java:<init>(182)) - new b3352b45-435b-48e7-bfe7-06e63f837e6a@group-88DC794A3892-SegmentedRaftLogWorker for RaftStorageImpl:Storage Directory /home/runner/work/ozone/ozone/hadoop-ozone/integration-test/target/test-dir/MiniOzoneClusterImpl-7740b1f0-8bf4-4e60-acce-edccb6a32bd6/datanode-0/data/ratis/960f2243-d36e-4654-b584-88dc794a3892
2021-12-29 13:37:32,989 [pool-641-thread-1] INFO  server.RaftServerConfigKeys (ConfUtils.java:logGet(44)) - raft.server.log.queue.byte-limit = 2147483647 (custom)
2021-12-29 13:37:32,989 [pool-641-thread-1] INFO  server.RaftServerConfigKeys (ConfUtils.java:logGet(44)) - raft.server.log.queue.element-limit = 1024 (custom)
2021-12-29 13:37:32,989 [pool-641-thread-1] INFO  server.RaftServerConfigKeys (ConfUtils.java:logGet(44)) - raft.server.log.segment.size.max = 1048576 (custom)
2021-12-29 13:37:32,989 [pool-641-thread-1] INFO  server.RaftServerConfigKeys (ConfUtils.java:logGet(44)) - raft.server.log.preallocated.size = 16384 (custom)
2021-12-29 13:37:32,989 [pool-641-thread-1] INFO  server.RaftServerConfigKeys (ConfUtils.java:logGet(44)) - raft.server.log.force.sync.num = 128 (default)
2021-12-29 13:37:32,989 [pool-641-thread-1] INFO  server.RaftServerConfigKeys (ConfUtils.java:logGet(44)) - raft.server.log.statemachine.data.sync = true (default)
2021-12-29 13:37:32,989 [pool-641-thread-1] INFO  server.RaftServerConfigKeys (ConfUtils.java:logGet(44)) - raft.server.log.statemachine.data.sync.timeout = 10s (default)
2021-12-29 13:37:32,990 [pool-641-thread-1] INFO  server.RaftServerConfigKeys (ConfUtils.java:logGet(44)) - raft.server.log.statemachine.data.sync.timeout.retry = -1 (default)
2021-12-29 13:37:32,990 [pool-641-thread-1] INFO  server.RaftServerConfigKeys (ConfUtils.java:logGet(44)) - raft.server.log.write.buffer.size = 1048576 (custom)
2021-12-29 13:37:32,998 [pool-641-thread-1] INFO  server.RaftServerConfigKeys (ConfUtils.java:logGet(44)) - raft.server.log.statemachine.data.caching.enabled = true (custom)
2021-12-29 13:37:32,993 [pool-662-thread-1] INFO  storage.RaftStorageDirectory (RaftStorageDirectoryImpl.java:tryLock(230)) - Lock on /home/runner/work/ozone/ozone/hadoop-ozone/integration-test/target/test-dir/MiniOzoneClusterImpl-7740b1f0-8bf4-4e60-acce-edccb6a32bd6/datanode-1/data/ratis/960f2243-d36e-4654-b584-88dc794a3892/in_use.lock acquired by nodename 16235@fv-az59-280
2021-12-29 13:37:32,998 [pool-641-thread-1] INFO  segmented.SegmentedRaftLogWorker (SegmentedRaftLogWorker.java:lambda$new$0(133)) - b3352b45-435b-48e7-bfe7-06e63f837e6a@group-88DC794A3892-SegmentedRaftLogWorker: flushIndex: setUnconditionally 0 -> -1
2021-12-29 13:37:32,998 [pool-641-thread-1] INFO  segmented.SegmentedRaftLogWorker (SegmentedRaftLogWorker.java:lambda$new$0(133)) - b3352b45-435b-48e7-bfe7-06e63f837e6a@group-88DC794A3892-SegmentedRaftLogWorker: safeCacheEvictIndex: setUnconditionally 0 -> -1
2021-12-29 13:37:32,999 [pool-662-thread-1] INFO  storage.RaftStorage (RaftStorageImpl.java:format(89)) - Storage directory /home/runner/work/ozone/ozone/hadoop-ozone/integration-test/target/test-dir/MiniOzoneClusterImpl-7740b1f0-8bf4-4e60-acce-edccb6a32bd6/datanode-1/data/ratis/960f2243-d36e-4654-b584-88dc794a3892 has been successfully formatted.
2021-12-29 13:37:33,014 [pool-662-thread-1] INFO  ratis.ContainerStateMachine (ContainerStateMachine.java:loadSnapshot(231)) - group-88DC794A3892: The snapshot info is null. Setting the last applied indexto:(t:0, i:~)
2021-12-29 13:37:33,014 [pool-662-thread-1] INFO  server.RaftServerConfigKeys (ConfUtils.java:logGet(44)) - raft.server.notification.no-leader.timeout = 300s (custom)
2021-12-29 13:37:33,015 [pool-662-thread-1] INFO  server.RaftServerConfigKeys (ConfUtils.java:logGet(44)) - raft.server.log.use.memory = false (default)
2021-12-29 13:37:33,015 [pool-662-thread-1] INFO  server.RaftServerConfigKeys (ConfUtils.java:logGet(44)) - raft.server.log.purge.gap = 1000000 (custom)
2021-12-29 13:37:33,015 [pool-662-thread-1] INFO  server.RaftServerConfigKeys (ConfUtils.java:logGet(44)) - raft.server.log.appender.buffer.byte-limit = 33554432 (custom)
2021-12-29 13:37:33,015 [pool-662-thread-1] INFO  server.RaftServerConfigKeys (ConfUtils.java:logGet(44)) - raft.server.log.segment.size.max = 1048576 (custom)
2021-12-29 13:37:33,015 [pool-662-thread-1] INFO  server.RaftServerConfigKeys (ConfUtils.java:logGet(44)) - raft.server.log.segment.cache.num.max = 2 (custom)
2021-12-29 13:37:33,015 [pool-662-thread-1] INFO  server.RaftServerConfigKeys (ConfUtils.java:logGet(44)) - raft.server.log.segment.cache.size.max = 200MB (=209715200) (default)
2021-12-29 13:37:33,015 [pool-662-thread-1] INFO  segmented.SegmentedRaftLogWorker (SegmentedRaftLogWorker.java:<init>(182)) - new 824fe22e-cd59-4ca1-8a1b-b502833c0069@group-88DC794A3892-SegmentedRaftLogWorker for RaftStorageImpl:Storage Directory /home/runner/work/ozone/ozone/hadoop-ozone/integration-test/target/test-dir/MiniOzoneClusterImpl-7740b1f0-8bf4-4e60-acce-edccb6a32bd6/datanode-1/data/ratis/960f2243-d36e-4654-b584-88dc794a3892
2021-12-29 13:37:33,015 [pool-662-thread-1] INFO  server.RaftServerConfigKeys (ConfUtils.java:logGet(44)) - raft.server.log.queue.byte-limit = 2147483647 (custom)
2021-12-29 13:37:33,015 [pool-662-thread-1] INFO  server.RaftServerConfigKeys (ConfUtils.java:logGet(44)) - raft.server.log.queue.element-limit = 1024 (custom)
2021-12-29 13:37:33,015 [pool-662-thread-1] INFO  server.RaftServerConfigKeys (ConfUtils.java:logGet(44)) - raft.server.log.segment.size.max = 1048576 (custom)
2021-12-29 13:37:33,015 [pool-662-thread-1] INFO  server.RaftServerConfigKeys (ConfUtils.java:logGet(44)) - raft.server.log.preallocated.size = 16384 (custom)
2021-12-29 13:37:33,015 [pool-662-thread-1] INFO  server.RaftServerConfigKeys (ConfUtils.java:logGet(44)) - raft.server.log.force.sync.num = 128 (default)
2021-12-29 13:37:33,015 [pool-662-thread-1] INFO  server.RaftServerConfigKeys (ConfUtils.java:logGet(44)) - raft.server.log.statemachine.data.sync = true (default)
2021-12-29 13:37:33,015 [pool-662-thread-1] INFO  server.RaftServerConfigKeys (ConfUtils.java:logGet(44)) - raft.server.log.statemachine.data.sync.timeout = 10s (default)
2021-12-29 13:37:33,015 [pool-662-thread-1] INFO  server.RaftServerConfigKeys (ConfUtils.java:logGet(44)) - raft.server.log.statemachine.data.sync.timeout.retry = -1 (default)
2021-12-29 13:37:33,016 [pool-662-thread-1] INFO  server.RaftServerConfigKeys (ConfUtils.java:logGet(44)) - raft.server.log.write.buffer.size = 1048576 (custom)
2021-12-29 13:37:33,017 [pool-662-thread-1] INFO  server.RaftServerConfigKeys (ConfUtils.java:logGet(44)) - raft.server.log.statemachine.data.caching.enabled = true (custom)
2021-12-29 13:37:33,017 [pool-662-thread-1] INFO  segmented.SegmentedRaftLogWorker (SegmentedRaftLogWorker.java:lambda$new$0(133)) - 824fe22e-cd59-4ca1-8a1b-b502833c0069@group-88DC794A3892-SegmentedRaftLogWorker: flushIndex: setUnconditionally 0 -> -1
2021-12-29 13:37:33,017 [pool-662-thread-1] INFO  segmented.SegmentedRaftLogWorker (SegmentedRaftLogWorker.java:lambda$new$0(133)) - 824fe22e-cd59-4ca1-8a1b-b502833c0069@group-88DC794A3892-SegmentedRaftLogWorker: safeCacheEvictIndex: setUnconditionally 0 -> -1
2021-12-29 13:37:33,017 [pool-641-thread-1] INFO  server.RaftServerConfigKeys (ConfUtils.java:logGet(44)) - raft.server.snapshot.auto.trigger.enabled = true (custom)
2021-12-29 13:37:33,017 [pool-641-thread-1] INFO  server.RaftServerConfigKeys (ConfUtils.java:logGet(44)) - raft.server.snapshot.auto.trigger.threshold = 10000 (custom)
2021-12-29 13:37:33,017 [pool-641-thread-1] INFO  server.RaftServerConfigKeys (ConfUtils.java:logGet(44)) - raft.server.snapshot.retention.file.num = 5 (custom)
2021-12-29 13:37:33,017 [pool-641-thread-1] INFO  server.RaftServerConfigKeys (ConfUtils.java:logGet(44)) - raft.server.log.purge.upto.snapshot.index = false (default)
2021-12-29 13:37:33,018 [EventQueue-OpenPipelineForHealthyPipelineSafeModeRule] INFO  safemode.SCMSafeModeManager (HealthyPipelineSafeModeRule.java:process(124)) - SCM in safe mode. Healthy pipelines reported count is 0, required healthy pipeline reported count is 1
2021-12-29 13:37:33,021 [pool-662-thread-1] INFO  server.RaftServerConfigKeys (ConfUtils.java:logGet(44)) - raft.server.snapshot.auto.trigger.enabled = true (custom)
2021-12-29 13:37:33,021 [pool-662-thread-1] INFO  server.RaftServerConfigKeys (ConfUtils.java:logGet(44)) - raft.server.snapshot.auto.trigger.threshold = 10000 (custom)
2021-12-29 13:37:33,021 [pool-662-thread-1] INFO  server.RaftServerConfigKeys (ConfUtils.java:logGet(44)) - raft.server.snapshot.retention.file.num = 5 (custom)
2021-12-29 13:37:33,021 [pool-662-thread-1] INFO  server.RaftServerConfigKeys (ConfUtils.java:logGet(44)) - raft.server.log.purge.upto.snapshot.index = false (default)
2021-12-29 13:37:33,021 [pool-662-thread-1] INFO  server.RaftServerConfigKeys (ConfUtils.java:logGet(44)) - raft.server.retrycache.expirytime = 600000ms (custom)
2021-12-29 13:37:33,021 [pool-662-thread-1] INFO  server.RaftServerConfigKeys (ConfUtils.java:logGet(44)) - raft.server.retrycache.statistics.expirytime = 100μs (default)
2021-12-29 13:37:33,022 [pool-662-thread-1] INFO  server.RaftServer$Division (RaftServerImpl.java:start(301)) - 824fe22e-cd59-4ca1-8a1b-b502833c0069@group-88DC794A3892: start as a follower, conf=-1: [824fe22e-cd59-4ca1-8a1b-b502833c0069|rpc:10.1.0.26:39943|priority:0, 9877bc0b-e409-4b21-8793-8d9099a8f0ae|rpc:10.1.0.26:46221|priority:0, b3352b45-435b-48e7-bfe7-06e63f837e6a|rpc:10.1.0.26:44709|priority:1], old=null
2021-12-29 13:37:33,022 [pool-662-thread-1] INFO  server.RaftServer$Division (RaftServerImpl.java:setRole(290)) - 824fe22e-cd59-4ca1-8a1b-b502833c0069@group-88DC794A3892: changes role from      null to FOLLOWER at term 0 for startAsFollower
2021-12-29 13:37:33,022 [pool-662-thread-1] INFO  impl.RoleInfo (RoleInfo.java:updateAndGet(130)) - 824fe22e-cd59-4ca1-8a1b-b502833c0069: start 824fe22e-cd59-4ca1-8a1b-b502833c0069@group-88DC794A3892-FollowerState
2021-12-29 13:37:33,034 [pool-662-thread-1] INFO  util.JmxRegister (JmxRegister.java:tryRegister(44)) - Successfully registered JMX Bean with object name Ratis:service=RaftServer,group=group-88DC794A3892,id=824fe22e-cd59-4ca1-8a1b-b502833c0069
2021-12-29 13:37:33,037 [pool-641-thread-1] INFO  server.RaftServerConfigKeys (ConfUtils.java:logGet(44)) - raft.server.retrycache.expirytime = 600000ms (custom)
2021-12-29 13:37:33,037 [pool-641-thread-1] INFO  server.RaftServerConfigKeys (ConfUtils.java:logGet(44)) - raft.server.retrycache.statistics.expirytime = 100μs (default)
2021-12-29 13:37:33,037 [Command processor thread] INFO  ratis.XceiverServerRatis (XceiverServerRatis.java:addGroup(768)) - Created group PipelineID=960f2243-d36e-4654-b584-88dc794a3892
2021-12-29 13:37:33,039 [pool-641-thread-1] INFO  server.RaftServer$Division (RaftServerImpl.java:start(301)) - b3352b45-435b-48e7-bfe7-06e63f837e6a@group-88DC794A3892: start as a follower, conf=-1: [824fe22e-cd59-4ca1-8a1b-b502833c0069|rpc:10.1.0.26:39943|priority:0, 9877bc0b-e409-4b21-8793-8d9099a8f0ae|rpc:10.1.0.26:46221|priority:0, b3352b45-435b-48e7-bfe7-06e63f837e6a|rpc:10.1.0.26:44709|priority:1], old=null
2021-12-29 13:37:33,039 [pool-641-thread-1] INFO  server.RaftServer$Division (RaftServerImpl.java:setRole(290)) - b3352b45-435b-48e7-bfe7-06e63f837e6a@group-88DC794A3892: changes role from      null to FOLLOWER at term 0 for startAsFollower
2021-12-29 13:37:33,039 [pool-641-thread-1] INFO  impl.RoleInfo (RoleInfo.java:updateAndGet(130)) - b3352b45-435b-48e7-bfe7-06e63f837e6a: start b3352b45-435b-48e7-bfe7-06e63f837e6a@group-88DC794A3892-FollowerState
2021-12-29 13:37:33,074 [pool-641-thread-1] INFO  util.JmxRegister (JmxRegister.java:tryRegister(44)) - Successfully registered JMX Bean with object name Ratis:service=RaftServer,group=group-88DC794A3892,id=b3352b45-435b-48e7-bfe7-06e63f837e6a
2021-12-29 13:37:33,078 [Command processor thread] INFO  ratis.XceiverServerRatis (XceiverServerRatis.java:addGroup(768)) - Created group PipelineID=960f2243-d36e-4654-b584-88dc794a3892
2021-12-29 13:37:33,172 [grpc-default-executor-1] INFO  server.RaftServer (RaftServerProxy.java:addNew(95)) - 9877bc0b-e409-4b21-8793-8d9099a8f0ae: addNew group-88DC794A3892:[824fe22e-cd59-4ca1-8a1b-b502833c0069|rpc:10.1.0.26:39943|dataStream:|priority:0, 9877bc0b-e409-4b21-8793-8d9099a8f0ae|rpc:10.1.0.26:46221|dataStream:|priority:0, b3352b45-435b-48e7-bfe7-06e63f837e6a|rpc:10.1.0.26:44709|dataStream:|priority:1] returns group-88DC794A3892:java.util.concurrent.CompletableFuture@e33b8bf[Not completed]
2021-12-29 13:37:33,180 [pool-683-thread-1] INFO  server.RaftServer$Division (RaftServerImpl.java:<init>(184)) - 9877bc0b-e409-4b21-8793-8d9099a8f0ae: new RaftServerImpl for group-88DC794A3892:[824fe22e-cd59-4ca1-8a1b-b502833c0069|rpc:10.1.0.26:39943|dataStream:|priority:0, 9877bc0b-e409-4b21-8793-8d9099a8f0ae|rpc:10.1.0.26:46221|dataStream:|priority:0, b3352b45-435b-48e7-bfe7-06e63f837e6a|rpc:10.1.0.26:44709|dataStream:|priority:1] with ContainerStateMachine:uninitialized
2021-12-29 13:37:33,180 [pool-683-thread-1] INFO  server.RaftServerConfigKeys (ConfUtils.java:logGet(44)) - raft.server.rpc.timeout.min = 5s (custom)
2021-12-29 13:37:33,181 [pool-683-thread-1] INFO  server.RaftServerConfigKeys (ConfUtils.java:logGet(44)) - raft.server.rpc.timeout.max = 5200ms (custom)
2021-12-29 13:37:33,181 [pool-683-thread-1] INFO  server.RaftServerConfigKeys (ConfUtils.java:logGet(44)) - raft.server.rpc.sleep.time = 25ms (default)
2021-12-29 13:37:33,181 [pool-683-thread-1] INFO  server.RaftServerConfigKeys (ConfUtils.java:logGet(44)) - raft.server.rpc.slowness.timeout = 300s (custom)
2021-12-29 13:37:33,181 [pool-683-thread-1] INFO  server.RaftServerConfigKeys (ConfUtils.java:logGet(44)) - raft.server.leaderelection.leader.step-down.wait-time = 10s (default)
2021-12-29 13:37:33,181 [pool-683-thread-1] INFO  server.RaftServerConfigKeys (ConfUtils.java:logGet(44)) - raft.server.sleep.deviation.threshold = 300ms (default)
2021-12-29 13:37:33,181 [pool-683-thread-1] INFO  server.RaftServerConfigKeys (ConfUtils.java:logGet(44)) - raft.server.log.appender.install.snapshot.enabled = false (custom)
2021-12-29 13:37:33,181 [pool-683-thread-1] INFO  server.RaftServer$Division (ServerState.java:<init>(105)) - 9877bc0b-e409-4b21-8793-8d9099a8f0ae@group-88DC794A3892: ConfigurationManager, init=-1: [824fe22e-cd59-4ca1-8a1b-b502833c0069|rpc:10.1.0.26:39943|dataStream:|priority:0, 9877bc0b-e409-4b21-8793-8d9099a8f0ae|rpc:10.1.0.26:46221|dataStream:|priority:0, b3352b45-435b-48e7-bfe7-06e63f837e6a|rpc:10.1.0.26:44709|dataStream:|priority:1], old=null, confs=<EMPTY_MAP>
2021-12-29 13:37:33,181 [pool-683-thread-1] INFO  server.RaftServerConfigKeys (ConfUtils.java:logGet(44)) - raft.server.storage.dir = [/home/runner/work/ozone/ozone/hadoop-ozone/integration-test/target/test-dir/MiniOzoneClusterImpl-7740b1f0-8bf4-4e60-acce-edccb6a32bd6/datanode-2/data/ratis] (custom)
2021-12-29 13:37:33,181 [pool-683-thread-1] INFO  server.RaftServerConfigKeys (ConfUtils.java:logGet(44)) - raft.server.log.corruption.policy = EXCEPTION (default)
2021-12-29 13:37:33,181 [pool-683-thread-1] INFO  server.RaftServerConfigKeys (ConfUtils.java:logGet(44)) - raft.server.storage.free-space.min = 0MB (=0) (default)
2021-12-29 13:37:33,181 [pool-683-thread-1] INFO  storage.RaftStorageDirectory (RaftStorageDirectoryImpl.java:analyzeStorage(135)) - The storage directory /home/runner/work/ozone/ozone/hadoop-ozone/integration-test/target/test-dir/MiniOzoneClusterImpl-7740b1f0-8bf4-4e60-acce-edccb6a32bd6/datanode-2/data/ratis/960f2243-d36e-4654-b584-88dc794a3892 does not exist. Creating ...
2021-12-29 13:37:33,207 [pool-683-thread-1] INFO  storage.RaftStorageDirectory (RaftStorageDirectoryImpl.java:tryLock(230)) - Lock on /home/runner/work/ozone/ozone/hadoop-ozone/integration-test/target/test-dir/MiniOzoneClusterImpl-7740b1f0-8bf4-4e60-acce-edccb6a32bd6/datanode-2/data/ratis/960f2243-d36e-4654-b584-88dc794a3892/in_use.lock acquired by nodename 16235@fv-az59-280
2021-12-29 13:37:33,220 [Listener at 127.0.0.1/44999] INFO  ozone.MiniOzoneClusterImpl (MiniOzoneClusterImpl.java:lambda$waitForClusterToBeReady$0(235)) - Nodes are ready. Got 3 of 3 DN Heartbeats.
2021-12-29 13:37:33,221 [Listener at 127.0.0.1/44999] INFO  ozone.MiniOzoneClusterImpl (MiniOzoneClusterImpl.java:lambda$waitForClusterToBeReady$0(238)) - Waiting for cluster to exit safe mode
2021-12-29 13:37:33,221 [Listener at 127.0.0.1/44999] INFO  ozone.MiniOzoneClusterImpl (MiniOzoneClusterImpl.java:lambda$waitForClusterToBeReady$0(240)) - SCM became leader
2021-12-29 13:37:33,227 [pool-683-thread-1] INFO  storage.RaftStorage (RaftStorageImpl.java:format(89)) - Storage directory /home/runner/work/ozone/ozone/hadoop-ozone/integration-test/target/test-dir/MiniOzoneClusterImpl-7740b1f0-8bf4-4e60-acce-edccb6a32bd6/datanode-2/data/ratis/960f2243-d36e-4654-b584-88dc794a3892 has been successfully formatted.
2021-12-29 13:37:33,227 [pool-683-thread-1] INFO  ratis.ContainerStateMachine (ContainerStateMachine.java:loadSnapshot(231)) - group-88DC794A3892: The snapshot info is null. Setting the last applied indexto:(t:0, i:~)
2021-12-29 13:37:33,228 [pool-683-thread-1] INFO  server.RaftServerConfigKeys (ConfUtils.java:logGet(44)) - raft.server.notification.no-leader.timeout = 300s (custom)
2021-12-29 13:37:33,228 [pool-683-thread-1] INFO  server.RaftServerConfigKeys (ConfUtils.java:logGet(44)) - raft.server.log.use.memory = false (default)
2021-12-29 13:37:33,228 [pool-683-thread-1] INFO  server.RaftServerConfigKeys (ConfUtils.java:logGet(44)) - raft.server.log.purge.gap = 1000000 (custom)
2021-12-29 13:37:33,228 [pool-683-thread-1] INFO  server.RaftServerConfigKeys (ConfUtils.java:logGet(44)) - raft.server.log.appender.buffer.byte-limit = 33554432 (custom)
2021-12-29 13:37:33,228 [pool-683-thread-1] INFO  server.RaftServerConfigKeys (ConfUtils.java:logGet(44)) - raft.server.log.segment.size.max = 1048576 (custom)
2021-12-29 13:37:33,228 [pool-683-thread-1] INFO  server.RaftServerConfigKeys (ConfUtils.java:logGet(44)) - raft.server.log.segment.cache.num.max = 2 (custom)
2021-12-29 13:37:33,228 [pool-683-thread-1] INFO  server.RaftServerConfigKeys (ConfUtils.java:logGet(44)) - raft.server.log.segment.cache.size.max = 200MB (=209715200) (default)
2021-12-29 13:37:33,228 [pool-683-thread-1] INFO  segmented.SegmentedRaftLogWorker (SegmentedRaftLogWorker.java:<init>(182)) - new 9877bc0b-e409-4b21-8793-8d9099a8f0ae@group-88DC794A3892-SegmentedRaftLogWorker for RaftStorageImpl:Storage Directory /home/runner/work/ozone/ozone/hadoop-ozone/integration-test/target/test-dir/MiniOzoneClusterImpl-7740b1f0-8bf4-4e60-acce-edccb6a32bd6/datanode-2/data/ratis/960f2243-d36e-4654-b584-88dc794a3892
2021-12-29 13:37:33,228 [pool-683-thread-1] INFO  server.RaftServerConfigKeys (ConfUtils.java:logGet(44)) - raft.server.log.queue.byte-limit = 2147483647 (custom)
2021-12-29 13:37:33,228 [pool-683-thread-1] INFO  server.RaftServerConfigKeys (ConfUtils.java:logGet(44)) - raft.server.log.queue.element-limit = 1024 (custom)
2021-12-29 13:37:33,228 [pool-683-thread-1] INFO  server.RaftServerConfigKeys (ConfUtils.java:logGet(44)) - raft.server.log.segment.size.max = 1048576 (custom)
2021-12-29 13:37:33,228 [pool-683-thread-1] INFO  server.RaftServerConfigKeys (ConfUtils.java:logGet(44)) - raft.server.log.preallocated.size = 16384 (custom)
2021-12-29 13:37:33,228 [pool-683-thread-1] INFO  server.RaftServerConfigKeys (ConfUtils.java:logGet(44)) - raft.server.log.force.sync.num = 128 (default)
2021-12-29 13:37:33,228 [pool-683-thread-1] INFO  server.RaftServerConfigKeys (ConfUtils.java:logGet(44)) - raft.server.log.statemachine.data.sync = true (default)
2021-12-29 13:37:33,228 [pool-683-thread-1] INFO  server.RaftServerConfigKeys (ConfUtils.java:logGet(44)) - raft.server.log.statemachine.data.sync.timeout = 10s (default)
2021-12-29 13:37:33,229 [pool-683-thread-1] INFO  server.RaftServerConfigKeys (ConfUtils.java:logGet(44)) - raft.server.log.statemachine.data.sync.timeout.retry = -1 (default)
2021-12-29 13:37:33,229 [pool-683-thread-1] INFO  server.RaftServerConfigKeys (ConfUtils.java:logGet(44)) - raft.server.log.write.buffer.size = 1048576 (custom)
2021-12-29 13:37:33,230 [pool-683-thread-1] INFO  server.RaftServerConfigKeys (ConfUtils.java:logGet(44)) - raft.server.log.statemachine.data.caching.enabled = true (custom)
2021-12-29 13:37:33,230 [pool-683-thread-1] INFO  segmented.SegmentedRaftLogWorker (SegmentedRaftLogWorker.java:lambda$new$0(133)) - 9877bc0b-e409-4b21-8793-8d9099a8f0ae@group-88DC794A3892-SegmentedRaftLogWorker: flushIndex: setUnconditionally 0 -> -1
2021-12-29 13:37:33,231 [pool-683-thread-1] INFO  segmented.SegmentedRaftLogWorker (SegmentedRaftLogWorker.java:lambda$new$0(133)) - 9877bc0b-e409-4b21-8793-8d9099a8f0ae@group-88DC794A3892-SegmentedRaftLogWorker: safeCacheEvictIndex: setUnconditionally 0 -> -1
2021-12-29 13:37:33,241 [Command processor thread] INFO  server.RaftServer (RaftServerProxy.java:addNew(95)) - 9877bc0b-e409-4b21-8793-8d9099a8f0ae: addNew group-A5ABAE2888E5:[9877bc0b-e409-4b21-8793-8d9099a8f0ae|rpc:10.1.0.26:46221|priority:1] returns group-A5ABAE2888E5:java.util.concurrent.CompletableFuture@70933d0[Not completed]
2021-12-29 13:37:33,256 [pool-683-thread-1] INFO  server.RaftServerConfigKeys (ConfUtils.java:logGet(44)) - raft.server.snapshot.auto.trigger.enabled = true (custom)
2021-12-29 13:37:33,256 [pool-683-thread-1] INFO  server.RaftServerConfigKeys (ConfUtils.java:logGet(44)) - raft.server.snapshot.auto.trigger.threshold = 10000 (custom)
2021-12-29 13:37:33,256 [pool-683-thread-1] INFO  server.RaftServerConfigKeys (ConfUtils.java:logGet(44)) - raft.server.snapshot.retention.file.num = 5 (custom)
2021-12-29 13:37:33,256 [pool-683-thread-1] INFO  server.RaftServerConfigKeys (ConfUtils.java:logGet(44)) - raft.server.log.purge.upto.snapshot.index = false (default)
2021-12-29 13:37:33,256 [pool-683-thread-1] INFO  server.RaftServerConfigKeys (ConfUtils.java:logGet(44)) - raft.server.retrycache.expirytime = 600000ms (custom)
2021-12-29 13:37:33,256 [pool-683-thread-1] INFO  server.RaftServerConfigKeys (ConfUtils.java:logGet(44)) - raft.server.retrycache.statistics.expirytime = 100μs (default)
2021-12-29 13:37:33,258 [pool-683-thread-1] INFO  server.RaftServer$Division (RaftServerImpl.java:<init>(184)) - 9877bc0b-e409-4b21-8793-8d9099a8f0ae: new RaftServerImpl for group-A5ABAE2888E5:[9877bc0b-e409-4b21-8793-8d9099a8f0ae|rpc:10.1.0.26:46221|priority:1] with ContainerStateMachine:uninitialized
2021-12-29 13:37:33,258 [pool-683-thread-1] INFO  server.RaftServerConfigKeys (ConfUtils.java:logGet(44)) - raft.server.rpc.timeout.min = 5s (custom)
2021-12-29 13:37:33,258 [pool-683-thread-1] INFO  server.RaftServerConfigKeys (ConfUtils.java:logGet(44)) - raft.server.rpc.timeout.max = 5200ms (custom)
2021-12-29 13:37:33,258 [pool-683-thread-1] INFO  server.RaftServerConfigKeys (ConfUtils.java:logGet(44)) - raft.server.rpc.sleep.time = 25ms (default)
2021-12-29 13:37:33,258 [pool-683-thread-1] INFO  server.RaftServerConfigKeys (ConfUtils.java:logGet(44)) - raft.server.rpc.slowness.timeout = 300s (custom)
2021-12-29 13:37:33,258 [pool-683-thread-1] INFO  server.RaftServerConfigKeys (ConfUtils.java:logGet(44)) - raft.server.leaderelection.leader.step-down.wait-time = 10s (default)
2021-12-29 13:37:33,258 [pool-683-thread-1] INFO  server.RaftServerConfigKeys (ConfUtils.java:logGet(44)) - raft.server.sleep.deviation.threshold = 300ms (default)
2021-12-29 13:37:33,258 [pool-683-thread-1] INFO  server.RaftServerConfigKeys (ConfUtils.java:logGet(44)) - raft.server.log.appender.install.snapshot.enabled = false (custom)
2021-12-29 13:37:33,258 [pool-683-thread-1] INFO  server.RaftServer$Division (ServerState.java:<init>(105)) - 9877bc0b-e409-4b21-8793-8d9099a8f0ae@group-A5ABAE2888E5: ConfigurationManager, init=-1: [9877bc0b-e409-4b21-8793-8d9099a8f0ae|rpc:10.1.0.26:46221|priority:1], old=null, confs=<EMPTY_MAP>
2021-12-29 13:37:33,258 [pool-683-thread-1] INFO  server.RaftServerConfigKeys (ConfUtils.java:logGet(44)) - raft.server.storage.dir = [/home/runner/work/ozone/ozone/hadoop-ozone/integration-test/target/test-dir/MiniOzoneClusterImpl-7740b1f0-8bf4-4e60-acce-edccb6a32bd6/datanode-2/data/ratis] (custom)
2021-12-29 13:37:33,258 [pool-683-thread-1] INFO  server.RaftServerConfigKeys (ConfUtils.java:logGet(44)) - raft.server.log.corruption.policy = EXCEPTION (default)
2021-12-29 13:37:33,258 [pool-683-thread-1] INFO  server.RaftServerConfigKeys (ConfUtils.java:logGet(44)) - raft.server.storage.free-space.min = 0MB (=0) (default)
2021-12-29 13:37:33,258 [pool-683-thread-1] INFO  storage.RaftStorageDirectory (RaftStorageDirectoryImpl.java:analyzeStorage(135)) - The storage directory /home/runner/work/ozone/ozone/hadoop-ozone/integration-test/target/test-dir/MiniOzoneClusterImpl-7740b1f0-8bf4-4e60-acce-edccb6a32bd6/datanode-2/data/ratis/1f3a83fa-b6d7-4865-b861-a5abae2888e5 does not exist. Creating ...
2021-12-29 13:37:33,260 [pool-683-thread-1] INFO  storage.RaftStorageDirectory (RaftStorageDirectoryImpl.java:tryLock(230)) - Lock on /home/runner/work/ozone/ozone/hadoop-ozone/integration-test/target/test-dir/MiniOzoneClusterImpl-7740b1f0-8bf4-4e60-acce-edccb6a32bd6/datanode-2/data/ratis/1f3a83fa-b6d7-4865-b861-a5abae2888e5/in_use.lock acquired by nodename 16235@fv-az59-280
2021-12-29 13:37:33,284 [pool-683-thread-1] INFO  storage.RaftStorage (RaftStorageImpl.java:format(89)) - Storage directory /home/runner/work/ozone/ozone/hadoop-ozone/integration-test/target/test-dir/MiniOzoneClusterImpl-7740b1f0-8bf4-4e60-acce-edccb6a32bd6/datanode-2/data/ratis/1f3a83fa-b6d7-4865-b861-a5abae2888e5 has been successfully formatted.
2021-12-29 13:37:33,284 [pool-683-thread-1] INFO  ratis.ContainerStateMachine (ContainerStateMachine.java:loadSnapshot(231)) - group-A5ABAE2888E5: The snapshot info is null. Setting the last applied indexto:(t:0, i:~)
2021-12-29 13:37:33,285 [pool-683-thread-1] INFO  server.RaftServerConfigKeys (ConfUtils.java:logGet(44)) - raft.server.notification.no-leader.timeout = 300s (custom)
2021-12-29 13:37:33,285 [pool-683-thread-1] INFO  server.RaftServerConfigKeys (ConfUtils.java:logGet(44)) - raft.server.log.use.memory = false (default)
2021-12-29 13:37:33,285 [pool-683-thread-1] INFO  server.RaftServerConfigKeys (ConfUtils.java:logGet(44)) - raft.server.log.purge.gap = 1000000 (custom)
2021-12-29 13:37:33,285 [pool-683-thread-1] INFO  server.RaftServerConfigKeys (ConfUtils.java:logGet(44)) - raft.server.log.appender.buffer.byte-limit = 33554432 (custom)
2021-12-29 13:37:33,285 [pool-683-thread-1] INFO  server.RaftServerConfigKeys (ConfUtils.java:logGet(44)) - raft.server.log.segment.size.max = 1048576 (custom)
2021-12-29 13:37:33,285 [pool-683-thread-1] INFO  server.RaftServerConfigKeys (ConfUtils.java:logGet(44)) - raft.server.log.segment.cache.num.max = 2 (custom)
2021-12-29 13:37:33,324 [pool-683-thread-1] INFO  server.RaftServerConfigKeys (ConfUtils.java:logGet(44)) - raft.server.log.segment.cache.size.max = 200MB (=209715200) (default)
2021-12-29 13:37:33,324 [pool-683-thread-1] INFO  segmented.SegmentedRaftLogWorker (SegmentedRaftLogWorker.java:<init>(182)) - new 9877bc0b-e409-4b21-8793-8d9099a8f0ae@group-A5ABAE2888E5-SegmentedRaftLogWorker for RaftStorageImpl:Storage Directory /home/runner/work/ozone/ozone/hadoop-ozone/integration-test/target/test-dir/MiniOzoneClusterImpl-7740b1f0-8bf4-4e60-acce-edccb6a32bd6/datanode-2/data/ratis/1f3a83fa-b6d7-4865-b861-a5abae2888e5
2021-12-29 13:37:33,324 [pool-683-thread-1] INFO  server.RaftServerConfigKeys (ConfUtils.java:logGet(44)) - raft.server.log.queue.byte-limit = 2147483647 (custom)
2021-12-29 13:37:33,324 [pool-683-thread-1] INFO  server.RaftServerConfigKeys (ConfUtils.java:logGet(44)) - raft.server.log.queue.element-limit = 1024 (custom)
2021-12-29 13:37:33,324 [pool-683-thread-1] INFO  server.RaftServerConfigKeys (ConfUtils.java:logGet(44)) - raft.server.log.segment.size.max = 1048576 (custom)
2021-12-29 13:37:33,324 [pool-683-thread-1] INFO  server.RaftServerConfigKeys (ConfUtils.java:logGet(44)) - raft.server.log.preallocated.size = 16384 (custom)
2021-12-29 13:37:33,324 [pool-683-thread-1] INFO  server.RaftServerConfigKeys (ConfUtils.java:logGet(44)) - raft.server.log.force.sync.num = 128 (default)
2021-12-29 13:37:33,324 [pool-683-thread-1] INFO  server.RaftServerConfigKeys (ConfUtils.java:logGet(44)) - raft.server.log.statemachine.data.sync = true (default)
2021-12-29 13:37:33,324 [pool-683-thread-1] INFO  server.RaftServerConfigKeys (ConfUtils.java:logGet(44)) - raft.server.log.statemachine.data.sync.timeout = 10s (default)
2021-12-29 13:37:33,324 [pool-683-thread-1] INFO  server.RaftServerConfigKeys (ConfUtils.java:logGet(44)) - raft.server.log.statemachine.data.sync.timeout.retry = -1 (default)
2021-12-29 13:37:33,325 [EventQueue-PipelineReportForPipelineReportHandler] INFO  pipeline.PipelineManagerImpl (PipelineManagerImpl.java:openPipeline(291)) - Pipeline Pipeline[ Id: 1f3a83fa-b6d7-4865-b861-a5abae2888e5, Nodes: 9877bc0b-e409-4b21-8793-8d9099a8f0ae{ip: 10.1.0.26, host: fv-az59-280.csjynl4pkq3e1pkirw3ssqjfoh.cx.internal.cloudapp.net, ports: [REPLICATION=32773, RATIS=46221, RATIS_ADMIN=46221, RATIS_SERVER=46221, STANDALONE=46045], networkLocation: /default-rack, certSerialId: null, persistedOpState: IN_SERVICE, persistedOpStateExpiryEpochSec: 0}, ReplicationConfig: RATIS/ONE, State:ALLOCATED, leaderId:9877bc0b-e409-4b21-8793-8d9099a8f0ae, CreationTimestamp2021-12-29T13:37:30.243Z[Etc/UTC]] moved to OPEN state
2021-12-29 13:37:33,325 [pool-683-thread-1] INFO  server.RaftServerConfigKeys (ConfUtils.java:logGet(44)) - raft.server.log.write.buffer.size = 1048576 (custom)
2021-12-29 13:37:33,325 [pool-683-thread-1] INFO  server.RaftServerConfigKeys (ConfUtils.java:logGet(44)) - raft.server.log.statemachine.data.caching.enabled = true (custom)
2021-12-29 13:37:33,325 [pool-683-thread-1] INFO  segmented.SegmentedRaftLogWorker (SegmentedRaftLogWorker.java:lambda$new$0(133)) - 9877bc0b-e409-4b21-8793-8d9099a8f0ae@group-A5ABAE2888E5-SegmentedRaftLogWorker: flushIndex: setUnconditionally 0 -> -1
2021-12-29 13:37:33,325 [pool-683-thread-1] INFO  segmented.SegmentedRaftLogWorker (SegmentedRaftLogWorker.java:lambda$new$0(133)) - 9877bc0b-e409-4b21-8793-8d9099a8f0ae@group-A5ABAE2888E5-SegmentedRaftLogWorker: safeCacheEvictIndex: setUnconditionally 0 -> -1
2021-12-29 13:37:33,286 [Command processor thread] INFO  commandhandler.CreatePipelineCommandHandler (CreatePipelineCommandHandler.java:handle(106)) - Created Pipeline RATIS THREE PipelineID=960f2243-d36e-4654-b584-88dc794a3892.
2021-12-29 13:37:33,325 [EventQueue-OpenPipelineForHealthyPipelineSafeModeRule] INFO  safemode.SCMSafeModeManager (HealthyPipelineSafeModeRule.java:process(124)) - SCM in safe mode. Healthy pipelines reported count is 0, required healthy pipeline reported count is 1
2021-12-29 13:37:33,334 [pool-683-thread-1] INFO  server.RaftServerConfigKeys (ConfUtils.java:logGet(44)) - raft.server.snapshot.auto.trigger.enabled = true (custom)
2021-12-29 13:37:33,335 [pool-683-thread-1] INFO  server.RaftServerConfigKeys (ConfUtils.java:logGet(44)) - raft.server.snapshot.auto.trigger.threshold = 10000 (custom)
2021-12-29 13:37:33,335 [pool-683-thread-1] INFO  server.RaftServerConfigKeys (ConfUtils.java:logGet(44)) - raft.server.snapshot.retention.file.num = 5 (custom)
2021-12-29 13:37:33,335 [pool-683-thread-1] INFO  server.RaftServerConfigKeys (ConfUtils.java:logGet(44)) - raft.server.log.purge.upto.snapshot.index = false (default)
2021-12-29 13:37:33,335 [pool-683-thread-1] INFO  server.RaftServerConfigKeys (ConfUtils.java:logGet(44)) - raft.server.retrycache.expirytime = 600000ms (custom)
2021-12-29 13:37:33,335 [pool-683-thread-1] INFO  server.RaftServerConfigKeys (ConfUtils.java:logGet(44)) - raft.server.retrycache.statistics.expirytime = 100μs (default)
2021-12-29 13:37:33,336 [pool-683-thread-1] INFO  server.RaftServer$Division (RaftServerImpl.java:start(301)) - 9877bc0b-e409-4b21-8793-8d9099a8f0ae@group-88DC794A3892: start as a follower, conf=-1: [824fe22e-cd59-4ca1-8a1b-b502833c0069|rpc:10.1.0.26:39943|dataStream:|priority:0, 9877bc0b-e409-4b21-8793-8d9099a8f0ae|rpc:10.1.0.26:46221|dataStream:|priority:0, b3352b45-435b-48e7-bfe7-06e63f837e6a|rpc:10.1.0.26:44709|dataStream:|priority:1], old=null
2021-12-29 13:37:33,336 [pool-683-thread-1] INFO  server.RaftServer$Division (RaftServerImpl.java:setRole(290)) - 9877bc0b-e409-4b21-8793-8d9099a8f0ae@group-88DC794A3892: changes role from      null to FOLLOWER at term 0 for startAsFollower
2021-12-29 13:37:33,336 [pool-683-thread-1] INFO  impl.RoleInfo (RoleInfo.java:updateAndGet(130)) - 9877bc0b-e409-4b21-8793-8d9099a8f0ae: start 9877bc0b-e409-4b21-8793-8d9099a8f0ae@group-88DC794A3892-FollowerState
2021-12-29 13:37:33,337 [pool-683-thread-1] INFO  util.JmxRegister (JmxRegister.java:tryRegister(44)) - Successfully registered JMX Bean with object name Ratis:service=RaftServer,group=group-88DC794A3892,id=9877bc0b-e409-4b21-8793-8d9099a8f0ae
2021-12-29 13:37:33,368 [pool-683-thread-1] INFO  server.RaftServer$Division (RaftServerImpl.java:start(301)) - 9877bc0b-e409-4b21-8793-8d9099a8f0ae@group-A5ABAE2888E5: start as a follower, conf=-1: [9877bc0b-e409-4b21-8793-8d9099a8f0ae|rpc:10.1.0.26:46221|priority:1], old=null
2021-12-29 13:37:33,368 [pool-683-thread-1] INFO  server.RaftServer$Division (RaftServerImpl.java:setRole(290)) - 9877bc0b-e409-4b21-8793-8d9099a8f0ae@group-A5ABAE2888E5: changes role from      null to FOLLOWER at term 0 for startAsFollower
2021-12-29 13:37:33,368 [pool-683-thread-1] INFO  impl.RoleInfo (RoleInfo.java:updateAndGet(130)) - 9877bc0b-e409-4b21-8793-8d9099a8f0ae: start 9877bc0b-e409-4b21-8793-8d9099a8f0ae@group-A5ABAE2888E5-FollowerState
2021-12-29 13:37:33,391 [pool-683-thread-1] INFO  util.JmxRegister (JmxRegister.java:tryRegister(44)) - Successfully registered JMX Bean with object name Ratis:service=RaftServer,group=group-A5ABAE2888E5,id=9877bc0b-e409-4b21-8793-8d9099a8f0ae
2021-12-29 13:37:33,446 [Command processor thread] INFO  ratis.XceiverServerRatis (XceiverServerRatis.java:addGroup(768)) - Created group PipelineID=1f3a83fa-b6d7-4865-b861-a5abae2888e5
2021-12-29 13:37:33,446 [Command processor thread] INFO  commandhandler.CreatePipelineCommandHandler (CreatePipelineCommandHandler.java:handle(106)) - Created Pipeline RATIS ONE PipelineID=1f3a83fa-b6d7-4865-b861-a5abae2888e5.
2021-12-29 13:37:33,566 [Command processor thread] INFO  commandhandler.CreatePipelineCommandHandler (CreatePipelineCommandHandler.java:handle(106)) - Created Pipeline RATIS THREE PipelineID=960f2243-d36e-4654-b584-88dc794a3892.
2021-12-29 13:37:34,221 [Listener at 127.0.0.1/44999] INFO  ozone.MiniOzoneClusterImpl (MiniOzoneClusterImpl.java:lambda$waitForClusterToBeReady$0(235)) - Nodes are ready. Got 3 of 3 DN Heartbeats.
2021-12-29 13:37:34,221 [Listener at 127.0.0.1/44999] INFO  ozone.MiniOzoneClusterImpl (MiniOzoneClusterImpl.java:lambda$waitForClusterToBeReady$0(238)) - Waiting for cluster to exit safe mode
2021-12-29 13:37:34,221 [Listener at 127.0.0.1/44999] INFO  ozone.MiniOzoneClusterImpl (MiniOzoneClusterImpl.java:lambda$waitForClusterToBeReady$0(240)) - SCM became leader
2021-12-29 13:37:35,221 [Listener at 127.0.0.1/44999] INFO  ozone.MiniOzoneClusterImpl (MiniOzoneClusterImpl.java:lambda$waitForClusterToBeReady$0(235)) - Nodes are ready. Got 3 of 3 DN Heartbeats.
2021-12-29 13:37:35,222 [Listener at 127.0.0.1/44999] INFO  ozone.MiniOzoneClusterImpl (MiniOzoneClusterImpl.java:lambda$waitForClusterToBeReady$0(238)) - Waiting for cluster to exit safe mode
2021-12-29 13:37:35,222 [Listener at 127.0.0.1/44999] INFO  ozone.MiniOzoneClusterImpl (MiniOzoneClusterImpl.java:lambda$waitForClusterToBeReady$0(240)) - SCM became leader
2021-12-29 13:37:36,222 [Listener at 127.0.0.1/44999] INFO  ozone.MiniOzoneClusterImpl (MiniOzoneClusterImpl.java:lambda$waitForClusterToBeReady$0(235)) - Nodes are ready. Got 3 of 3 DN Heartbeats.
2021-12-29 13:37:36,222 [Listener at 127.0.0.1/44999] INFO  ozone.MiniOzoneClusterImpl (MiniOzoneClusterImpl.java:lambda$waitForClusterToBeReady$0(238)) - Waiting for cluster to exit safe mode
2021-12-29 13:37:36,222 [Listener at 127.0.0.1/44999] INFO  ozone.MiniOzoneClusterImpl (MiniOzoneClusterImpl.java:lambda$waitForClusterToBeReady$0(240)) - SCM became leader
2021-12-29 13:37:37,223 [Listener at 127.0.0.1/44999] INFO  ozone.MiniOzoneClusterImpl (MiniOzoneClusterImpl.java:lambda$waitForClusterToBeReady$0(235)) - Nodes are ready. Got 3 of 3 DN Heartbeats.
2021-12-29 13:37:37,223 [Listener at 127.0.0.1/44999] INFO  ozone.MiniOzoneClusterImpl (MiniOzoneClusterImpl.java:lambda$waitForClusterToBeReady$0(238)) - Waiting for cluster to exit safe mode
2021-12-29 13:37:37,223 [Listener at 127.0.0.1/44999] INFO  ozone.MiniOzoneClusterImpl (MiniOzoneClusterImpl.java:lambda$waitForClusterToBeReady$0(240)) - SCM became leader
2021-12-29 13:37:37,574 [b3352b45-435b-48e7-bfe7-06e63f837e6a@group-5889CAD38027-FollowerState] INFO  impl.FollowerState (FollowerState.java:run(134)) - b3352b45-435b-48e7-bfe7-06e63f837e6a@group-5889CAD38027-FollowerState: change to CANDIDATE, lastRpcElapsedTime:5093473945ns, electionTimeout:5056ms
2021-12-29 13:37:37,574 [b3352b45-435b-48e7-bfe7-06e63f837e6a@group-5889CAD38027-FollowerState] INFO  impl.RoleInfo (RoleInfo.java:shutdownFollowerState(108)) - b3352b45-435b-48e7-bfe7-06e63f837e6a: shutdown b3352b45-435b-48e7-bfe7-06e63f837e6a@group-5889CAD38027-FollowerState
2021-12-29 13:37:37,574 [b3352b45-435b-48e7-bfe7-06e63f837e6a@group-5889CAD38027-FollowerState] INFO  server.RaftServer$Division (RaftServerImpl.java:setRole(290)) - b3352b45-435b-48e7-bfe7-06e63f837e6a@group-5889CAD38027: changes role from  FOLLOWER to CANDIDATE at term 0 for changeToCandidate
2021-12-29 13:37:37,574 [b3352b45-435b-48e7-bfe7-06e63f837e6a@group-5889CAD38027-FollowerState] INFO  server.RaftServerConfigKeys (ConfUtils.java:logGet(44)) - raft.server.leaderelection.pre-vote = false (custom)
2021-12-29 13:37:37,574 [b3352b45-435b-48e7-bfe7-06e63f837e6a@group-5889CAD38027-FollowerState] INFO  impl.RoleInfo (RoleInfo.java:updateAndGet(130)) - b3352b45-435b-48e7-bfe7-06e63f837e6a: start b3352b45-435b-48e7-bfe7-06e63f837e6a@group-5889CAD38027-LeaderElection54
2021-12-29 13:37:37,603 [b3352b45-435b-48e7-bfe7-06e63f837e6a@group-5889CAD38027-LeaderElection54] INFO  impl.LeaderElection (LeaderElection.java:askForVotes(306)) - b3352b45-435b-48e7-bfe7-06e63f837e6a@group-5889CAD38027-LeaderElection54 ELECTION round 0: submit vote requests at term 1 for -1: [b3352b45-435b-48e7-bfe7-06e63f837e6a|rpc:10.1.0.26:44709|priority:1], old=null
2021-12-29 13:37:37,603 [b3352b45-435b-48e7-bfe7-06e63f837e6a@group-5889CAD38027-LeaderElection54] INFO  impl.LeaderElection (LeaderElection.java:askForVotes(308)) - b3352b45-435b-48e7-bfe7-06e63f837e6a@group-5889CAD38027-LeaderElection54 ELECTION round 0: result PASSED (term=1)
2021-12-29 13:37:37,603 [b3352b45-435b-48e7-bfe7-06e63f837e6a@group-5889CAD38027-LeaderElection54] INFO  impl.RoleInfo (RoleInfo.java:shutdownLeaderElection(121)) - b3352b45-435b-48e7-bfe7-06e63f837e6a: shutdown b3352b45-435b-48e7-bfe7-06e63f837e6a@group-5889CAD38027-LeaderElection54
2021-12-29 13:37:37,603 [b3352b45-435b-48e7-bfe7-06e63f837e6a@group-5889CAD38027-LeaderElection54] INFO  server.RaftServer$Division (RaftServerImpl.java:setRole(290)) - b3352b45-435b-48e7-bfe7-06e63f837e6a@group-5889CAD38027: changes role from CANDIDATE to LEADER at term 1 for changeToLeader
2021-12-29 13:37:37,603 [b3352b45-435b-48e7-bfe7-06e63f837e6a@group-5889CAD38027-LeaderElection54] INFO  ratis.XceiverServerRatis (XceiverServerRatis.java:handleLeaderChangedNotification(866)) - Leader change notification received for group: group-5889CAD38027 with new leaderId: b3352b45-435b-48e7-bfe7-06e63f837e6a
2021-12-29 13:37:37,603 [b3352b45-435b-48e7-bfe7-06e63f837e6a@group-5889CAD38027-LeaderElection54] INFO  server.RaftServer$Division (ServerState.java:setLeader(285)) - b3352b45-435b-48e7-bfe7-06e63f837e6a@group-5889CAD38027: change Leader from null to b3352b45-435b-48e7-bfe7-06e63f837e6a at term 1 for becomeLeader, leader elected after 5200ms
2021-12-29 13:37:37,603 [b3352b45-435b-48e7-bfe7-06e63f837e6a@group-5889CAD38027-LeaderElection54] INFO  server.RaftServerConfigKeys (ConfUtils.java:logGet(44)) - raft.server.staging.catchup.gap = 1000 (default)
2021-12-29 13:37:37,603 [b3352b45-435b-48e7-bfe7-06e63f837e6a@group-5889CAD38027-LeaderElection54] INFO  server.RaftServerConfigKeys (ConfUtils.java:logGet(44)) - raft.server.write.element-limit = 1024 (custom)
2021-12-29 13:37:37,603 [b3352b45-435b-48e7-bfe7-06e63f837e6a@group-5889CAD38027-LeaderElection54] INFO  server.RaftServerConfigKeys (ConfUtils.java:logGet(44)) - raft.server.write.byte-limit = 1024 M (=1073741824) (custom)
2021-12-29 13:37:37,604 [b3352b45-435b-48e7-bfe7-06e63f837e6a@group-5889CAD38027-LeaderElection54] INFO  server.RaftServerConfigKeys (ConfUtils.java:logGet(44)) - raft.server.watch.timeout = 180s (custom)
2021-12-29 13:37:37,604 [b3352b45-435b-48e7-bfe7-06e63f837e6a@group-5889CAD38027-LeaderElection54] INFO  server.RaftServerConfigKeys (ConfUtils.java:logGet(44)) - raft.server.watch.timeout.denomination = 1s (default)
2021-12-29 13:37:37,604 [b3352b45-435b-48e7-bfe7-06e63f837e6a@group-5889CAD38027-LeaderElection54] INFO  server.RaftServerConfigKeys (ConfUtils.java:logGet(44)) - raft.server.watch.element-limit = 65536 (default)
2021-12-29 13:37:37,604 [b3352b45-435b-48e7-bfe7-06e63f837e6a@group-5889CAD38027-LeaderElection54] INFO  server.RaftServerConfigKeys (ConfUtils.java:logGet(44)) - raft.server.write.element-limit = 1024 (custom)
2021-12-29 13:37:37,604 [b3352b45-435b-48e7-bfe7-06e63f837e6a@group-5889CAD38027-LeaderElection54] INFO  server.RaftServerConfigKeys (ConfUtils.java:logGet(44)) - raft.server.write.follower.gap.ratio.max = -1.0 (default)
2021-12-29 13:37:37,604 [b3352b45-435b-48e7-bfe7-06e63f837e6a@group-5889CAD38027-LeaderElection54] INFO  impl.RoleInfo (RoleInfo.java:updateAndGet(130)) - b3352b45-435b-48e7-bfe7-06e63f837e6a: start b3352b45-435b-48e7-bfe7-06e63f837e6a@group-5889CAD38027-LeaderStateImpl
2021-12-29 13:37:37,604 [b3352b45-435b-48e7-bfe7-06e63f837e6a@group-5889CAD38027-LeaderElection54] INFO  segmented.SegmentedRaftLogWorker (SegmentedRaftLogWorker.java:startLogSegment(394)) - b3352b45-435b-48e7-bfe7-06e63f837e6a@group-5889CAD38027-SegmentedRaftLogWorker: Starting segment from index:0
2021-12-29 13:37:37,606 [b3352b45-435b-48e7-bfe7-06e63f837e6a@group-5889CAD38027-SegmentedRaftLogWorker] INFO  segmented.SegmentedRaftLogWorker (SegmentedRaftLogWorker.java:execute(601)) - b3352b45-435b-48e7-bfe7-06e63f837e6a@group-5889CAD38027-SegmentedRaftLogWorker: created new log segment /home/runner/work/ozone/ozone/hadoop-ozone/integration-test/target/test-dir/MiniOzoneClusterImpl-7740b1f0-8bf4-4e60-acce-edccb6a32bd6/datanode-0/data/ratis/bd28f2a6-fadf-4c1e-8944-5889cad38027/current/log_inprogress_0
2021-12-29 13:37:37,632 [b3352b45-435b-48e7-bfe7-06e63f837e6a@group-5889CAD38027-LeaderElection54] INFO  server.RaftServer$Division (ServerState.java:setRaftConf(387)) - b3352b45-435b-48e7-bfe7-06e63f837e6a@group-5889CAD38027: set configuration 0: [b3352b45-435b-48e7-bfe7-06e63f837e6a|rpc:10.1.0.26:44709|dataStream:|priority:1], old=null
2021-12-29 13:37:37,681 [EventQueue-OpenPipelineForHealthyPipelineSafeModeRule] INFO  safemode.SCMSafeModeManager (HealthyPipelineSafeModeRule.java:process(124)) - SCM in safe mode. Healthy pipelines reported count is 0, required healthy pipeline reported count is 1
2021-12-29 13:37:37,745 [b3352b45-435b-48e7-bfe7-06e63f837e6a@group-9151DE4B8D5C-FollowerState] INFO  impl.FollowerState (FollowerState.java:run(134)) - b3352b45-435b-48e7-bfe7-06e63f837e6a@group-9151DE4B8D5C-FollowerState: change to CANDIDATE, lastRpcElapsedTime:5180016900ns, electionTimeout:5172ms
2021-12-29 13:37:37,746 [b3352b45-435b-48e7-bfe7-06e63f837e6a@group-9151DE4B8D5C-FollowerState] INFO  impl.RoleInfo (RoleInfo.java:shutdownFollowerState(108)) - b3352b45-435b-48e7-bfe7-06e63f837e6a: shutdown b3352b45-435b-48e7-bfe7-06e63f837e6a@group-9151DE4B8D5C-FollowerState
2021-12-29 13:37:37,746 [b3352b45-435b-48e7-bfe7-06e63f837e6a@group-9151DE4B8D5C-FollowerState] INFO  server.RaftServer$Division (RaftServerImpl.java:setRole(290)) - b3352b45-435b-48e7-bfe7-06e63f837e6a@group-9151DE4B8D5C: changes role from  FOLLOWER to CANDIDATE at term 0 for changeToCandidate
2021-12-29 13:37:37,746 [b3352b45-435b-48e7-bfe7-06e63f837e6a@group-9151DE4B8D5C-FollowerState] INFO  server.RaftServerConfigKeys (ConfUtils.java:logGet(44)) - raft.server.leaderelection.pre-vote = false (custom)
2021-12-29 13:37:37,746 [b3352b45-435b-48e7-bfe7-06e63f837e6a@group-9151DE4B8D5C-FollowerState] INFO  impl.RoleInfo (RoleInfo.java:updateAndGet(130)) - b3352b45-435b-48e7-bfe7-06e63f837e6a: start b3352b45-435b-48e7-bfe7-06e63f837e6a@group-9151DE4B8D5C-LeaderElection55
2021-12-29 13:37:37,775 [b3352b45-435b-48e7-bfe7-06e63f837e6a@group-9151DE4B8D5C-LeaderElection55] INFO  impl.LeaderElection (LeaderElection.java:askForVotes(306)) - b3352b45-435b-48e7-bfe7-06e63f837e6a@group-9151DE4B8D5C-LeaderElection55 ELECTION round 0: submit vote requests at term 1 for -1: [824fe22e-cd59-4ca1-8a1b-b502833c0069|rpc:10.1.0.26:39943|priority:0, 9877bc0b-e409-4b21-8793-8d9099a8f0ae|rpc:10.1.0.26:46221|priority:1, b3352b45-435b-48e7-bfe7-06e63f837e6a|rpc:10.1.0.26:44709|priority:0], old=null
2021-12-29 13:37:37,792 [9877bc0b-e409-4b21-8793-8d9099a8f0ae@group-9151DE4B8D5C-FollowerState] INFO  impl.FollowerState (FollowerState.java:run(134)) - 9877bc0b-e409-4b21-8793-8d9099a8f0ae@group-9151DE4B8D5C-FollowerState: change to CANDIDATE, lastRpcElapsedTime:5050204064ns, electionTimeout:5039ms
2021-12-29 13:37:37,792 [9877bc0b-e409-4b21-8793-8d9099a8f0ae@group-9151DE4B8D5C-FollowerState] INFO  impl.RoleInfo (RoleInfo.java:shutdownFollowerState(108)) - 9877bc0b-e409-4b21-8793-8d9099a8f0ae: shutdown 9877bc0b-e409-4b21-8793-8d9099a8f0ae@group-9151DE4B8D5C-FollowerState
2021-12-29 13:37:37,792 [9877bc0b-e409-4b21-8793-8d9099a8f0ae@group-9151DE4B8D5C-FollowerState] INFO  server.RaftServer$Division (RaftServerImpl.java:setRole(290)) - 9877bc0b-e409-4b21-8793-8d9099a8f0ae@group-9151DE4B8D5C: changes role from  FOLLOWER to CANDIDATE at term 0 for changeToCandidate
2021-12-29 13:37:37,792 [9877bc0b-e409-4b21-8793-8d9099a8f0ae@group-9151DE4B8D5C-FollowerState] INFO  server.RaftServerConfigKeys (ConfUtils.java:logGet(44)) - raft.server.leaderelection.pre-vote = false (custom)
2021-12-29 13:37:37,792 [9877bc0b-e409-4b21-8793-8d9099a8f0ae@group-9151DE4B8D5C-FollowerState] INFO  impl.RoleInfo (RoleInfo.java:updateAndGet(130)) - 9877bc0b-e409-4b21-8793-8d9099a8f0ae: start 9877bc0b-e409-4b21-8793-8d9099a8f0ae@group-9151DE4B8D5C-LeaderElection56
2021-12-29 13:37:37,799 [grpc-default-executor-1] INFO  server.RaftServer$Division (RaftServerImpl.java:requestVote(1046)) - 824fe22e-cd59-4ca1-8a1b-b502833c0069@group-9151DE4B8D5C: receive requestVote(ELECTION, b3352b45-435b-48e7-bfe7-06e63f837e6a, group-9151DE4B8D5C, 1, (t:0, i:0))
2021-12-29 13:37:37,799 [grpc-default-executor-0] INFO  server.RaftServer$Division (RaftServerImpl.java:requestVote(1046)) - 9877bc0b-e409-4b21-8793-8d9099a8f0ae@group-9151DE4B8D5C: receive requestVote(ELECTION, b3352b45-435b-48e7-bfe7-06e63f837e6a, group-9151DE4B8D5C, 1, (t:0, i:0))
2021-12-29 13:37:37,799 [grpc-default-executor-1] INFO  impl.VoteContext (VoteContext.java:log(48)) - 824fe22e-cd59-4ca1-8a1b-b502833c0069@group-9151DE4B8D5C-FOLLOWER: accept ELECTION from b3352b45-435b-48e7-bfe7-06e63f837e6a: our priority 0 <= candidate's priority 0
2021-12-29 13:37:37,809 [grpc-default-executor-1] INFO  server.RaftServer$Division (RaftServerImpl.java:setRole(290)) - 824fe22e-cd59-4ca1-8a1b-b502833c0069@group-9151DE4B8D5C: changes role from  FOLLOWER to FOLLOWER at term 1 for candidate:b3352b45-435b-48e7-bfe7-06e63f837e6a
2021-12-29 13:37:37,809 [grpc-default-executor-1] INFO  impl.RoleInfo (RoleInfo.java:shutdownFollowerState(108)) - 824fe22e-cd59-4ca1-8a1b-b502833c0069: shutdown 824fe22e-cd59-4ca1-8a1b-b502833c0069@group-9151DE4B8D5C-FollowerState
2021-12-29 13:37:37,809 [grpc-default-executor-1] INFO  impl.RoleInfo (RoleInfo.java:updateAndGet(130)) - 824fe22e-cd59-4ca1-8a1b-b502833c0069: start 824fe22e-cd59-4ca1-8a1b-b502833c0069@group-9151DE4B8D5C-FollowerState
2021-12-29 13:37:37,800 [grpc-default-executor-0] INFO  impl.VoteContext (VoteContext.java:log(48)) - 9877bc0b-e409-4b21-8793-8d9099a8f0ae@group-9151DE4B8D5C-CANDIDATE: reject ELECTION from b3352b45-435b-48e7-bfe7-06e63f837e6a: our priority 1 > candidate's priority 0
2021-12-29 13:37:37,809 [grpc-default-executor-0] INFO  server.RaftServer$Division (RaftServerImpl.java:setRole(290)) - 9877bc0b-e409-4b21-8793-8d9099a8f0ae@group-9151DE4B8D5C: changes role from CANDIDATE to FOLLOWER at term 1 for candidate:b3352b45-435b-48e7-bfe7-06e63f837e6a
2021-12-29 13:37:37,809 [grpc-default-executor-0] INFO  impl.RoleInfo (RoleInfo.java:shutdownLeaderElection(121)) - 9877bc0b-e409-4b21-8793-8d9099a8f0ae: shutdown 9877bc0b-e409-4b21-8793-8d9099a8f0ae@group-9151DE4B8D5C-LeaderElection56
2021-12-29 13:37:37,811 [9877bc0b-e409-4b21-8793-8d9099a8f0ae@group-9151DE4B8D5C-LeaderElection56] INFO  impl.LeaderElection (LeaderElection.java:run(230)) - 9877bc0b-e409-4b21-8793-8d9099a8f0ae@group-9151DE4B8D5C-LeaderElection56: skip running since this is already CLOSING
2021-12-29 13:37:37,812 [grpc-default-executor-0] INFO  impl.RoleInfo (RoleInfo.java:updateAndGet(130)) - 9877bc0b-e409-4b21-8793-8d9099a8f0ae: start 9877bc0b-e409-4b21-8793-8d9099a8f0ae@group-9151DE4B8D5C-FollowerState
2021-12-29 13:37:37,813 [grpc-default-executor-1] INFO  server.RaftServer$Division (RaftServerImpl.java:requestVote(1078)) - 824fe22e-cd59-4ca1-8a1b-b502833c0069@group-9151DE4B8D5C replies to ELECTION vote request: b3352b45-435b-48e7-bfe7-06e63f837e6a<-824fe22e-cd59-4ca1-8a1b-b502833c0069#0:OK-t1. Peer's state: 824fe22e-cd59-4ca1-8a1b-b502833c0069@group-9151DE4B8D5C:t1, leader=null, voted=b3352b45-435b-48e7-bfe7-06e63f837e6a, raftlog=824fe22e-cd59-4ca1-8a1b-b502833c0069@group-9151DE4B8D5C-SegmentedRaftLog:OPENED:c-1, conf=-1: [824fe22e-cd59-4ca1-8a1b-b502833c0069|rpc:10.1.0.26:39943|dataStream:|priority:0, 9877bc0b-e409-4b21-8793-8d9099a8f0ae|rpc:10.1.0.26:46221|dataStream:|priority:1, b3352b45-435b-48e7-bfe7-06e63f837e6a|rpc:10.1.0.26:44709|dataStream:|priority:0], old=null
2021-12-29 13:37:37,816 [grpc-default-executor-0] INFO  server.RaftServer$Division (RaftServerImpl.java:requestVote(1078)) - 9877bc0b-e409-4b21-8793-8d9099a8f0ae@group-9151DE4B8D5C replies to ELECTION vote request: b3352b45-435b-48e7-bfe7-06e63f837e6a<-9877bc0b-e409-4b21-8793-8d9099a8f0ae#0:FAIL-t1. Peer's state: 9877bc0b-e409-4b21-8793-8d9099a8f0ae@group-9151DE4B8D5C:t1, leader=null, voted=null, raftlog=9877bc0b-e409-4b21-8793-8d9099a8f0ae@group-9151DE4B8D5C-SegmentedRaftLog:OPENED:c-1, conf=-1: [824fe22e-cd59-4ca1-8a1b-b502833c0069|rpc:10.1.0.26:39943|dataStream:|priority:0, 9877bc0b-e409-4b21-8793-8d9099a8f0ae|rpc:10.1.0.26:46221|dataStream:|priority:1, b3352b45-435b-48e7-bfe7-06e63f837e6a|rpc:10.1.0.26:44709|dataStream:|priority:0], old=null
2021-12-29 13:37:37,816 [b3352b45-435b-48e7-bfe7-06e63f837e6a@group-9151DE4B8D5C-LeaderElection55] INFO  impl.LeaderElection (LeaderElection.java:logAndReturn(89)) - b3352b45-435b-48e7-bfe7-06e63f837e6a@group-9151DE4B8D5C-LeaderElection55: ELECTION REJECTED received 1 response(s) and 0 exception(s):
2021-12-29 13:37:37,817 [b3352b45-435b-48e7-bfe7-06e63f837e6a@group-9151DE4B8D5C-LeaderElection55] INFO  impl.LeaderElection (LeaderElection.java:logAndReturn(93)) -   Response 0: b3352b45-435b-48e7-bfe7-06e63f837e6a<-9877bc0b-e409-4b21-8793-8d9099a8f0ae#0:FAIL-t1
2021-12-29 13:37:37,817 [b3352b45-435b-48e7-bfe7-06e63f837e6a@group-9151DE4B8D5C-LeaderElection55] INFO  impl.LeaderElection (LeaderElection.java:askForVotes(308)) - b3352b45-435b-48e7-bfe7-06e63f837e6a@group-9151DE4B8D5C-LeaderElection55 ELECTION round 0: result REJECTED
2021-12-29 13:37:37,817 [b3352b45-435b-48e7-bfe7-06e63f837e6a@group-9151DE4B8D5C-LeaderElection55] INFO  server.RaftServer$Division (RaftServerImpl.java:setRole(290)) - b3352b45-435b-48e7-bfe7-06e63f837e6a@group-9151DE4B8D5C: changes role from CANDIDATE to FOLLOWER at term 1 for REJECTED
2021-12-29 13:37:37,817 [b3352b45-435b-48e7-bfe7-06e63f837e6a@group-9151DE4B8D5C-LeaderElection55] INFO  impl.RoleInfo (RoleInfo.java:shutdownLeaderElection(121)) - b3352b45-435b-48e7-bfe7-06e63f837e6a: shutdown b3352b45-435b-48e7-bfe7-06e63f837e6a@group-9151DE4B8D5C-LeaderElection55
2021-12-29 13:37:37,817 [b3352b45-435b-48e7-bfe7-06e63f837e6a@group-9151DE4B8D5C-LeaderElection55] INFO  impl.RoleInfo (RoleInfo.java:updateAndGet(130)) - b3352b45-435b-48e7-bfe7-06e63f837e6a: start b3352b45-435b-48e7-bfe7-06e63f837e6a@group-9151DE4B8D5C-FollowerState
2021-12-29 13:37:37,818 [824fe22e-cd59-4ca1-8a1b-b502833c0069@group-9151DE4B8D5C-FollowerState] INFO  impl.FollowerState (FollowerState.java:run(143)) - 824fe22e-cd59-4ca1-8a1b-b502833c0069@group-9151DE4B8D5C-FollowerState was interrupted: {}
java.lang.InterruptedException: sleep interrupted
	at java.lang.Thread.sleep(Native Method)
	at java.lang.Thread.sleep(Thread.java:340)
	at java.util.concurrent.TimeUnit.sleep(TimeUnit.java:386)
	at org.apache.ratis.util.TimeDuration.sleep(TimeDuration.java:324)
	at org.apache.ratis.util.TimeDuration.sleep(TimeDuration.java:309)
	at org.apache.ratis.server.impl.FollowerState.run(FollowerState.java:118)
2021-12-29 13:37:38,126 [824fe22e-cd59-4ca1-8a1b-b502833c0069@group-5EBEA288485C-FollowerState] INFO  impl.FollowerState (FollowerState.java:run(134)) - 824fe22e-cd59-4ca1-8a1b-b502833c0069@group-5EBEA288485C-FollowerState: change to CANDIDATE, lastRpcElapsedTime:5182327817ns, electionTimeout:5175ms
2021-12-29 13:37:38,126 [824fe22e-cd59-4ca1-8a1b-b502833c0069@group-5EBEA288485C-FollowerState] INFO  impl.RoleInfo (RoleInfo.java:shutdownFollowerState(108)) - 824fe22e-cd59-4ca1-8a1b-b502833c0069: shutdown 824fe22e-cd59-4ca1-8a1b-b502833c0069@group-5EBEA288485C-FollowerState
2021-12-29 13:37:38,126 [824fe22e-cd59-4ca1-8a1b-b502833c0069@group-5EBEA288485C-FollowerState] INFO  server.RaftServer$Division (RaftServerImpl.java:setRole(290)) - 824fe22e-cd59-4ca1-8a1b-b502833c0069@group-5EBEA288485C: changes role from  FOLLOWER to CANDIDATE at term 0 for changeToCandidate
2021-12-29 13:37:38,126 [824fe22e-cd59-4ca1-8a1b-b502833c0069@group-5EBEA288485C-FollowerState] INFO  server.RaftServerConfigKeys (ConfUtils.java:logGet(44)) - raft.server.leaderelection.pre-vote = false (custom)
2021-12-29 13:37:38,126 [824fe22e-cd59-4ca1-8a1b-b502833c0069@group-5EBEA288485C-FollowerState] INFO  impl.RoleInfo (RoleInfo.java:updateAndGet(130)) - 824fe22e-cd59-4ca1-8a1b-b502833c0069: start 824fe22e-cd59-4ca1-8a1b-b502833c0069@group-5EBEA288485C-LeaderElection57
2021-12-29 13:37:38,145 [b3352b45-435b-48e7-bfe7-06e63f837e6a@group-88DC794A3892-FollowerState] INFO  impl.FollowerState (FollowerState.java:run(134)) - b3352b45-435b-48e7-bfe7-06e63f837e6a@group-88DC794A3892-FollowerState: change to CANDIDATE, lastRpcElapsedTime:5105990449ns, electionTimeout:5060ms
2021-12-29 13:37:38,145 [b3352b45-435b-48e7-bfe7-06e63f837e6a@group-88DC794A3892-FollowerState] INFO  impl.RoleInfo (RoleInfo.java:shutdownFollowerState(108)) - b3352b45-435b-48e7-bfe7-06e63f837e6a: shutdown b3352b45-435b-48e7-bfe7-06e63f837e6a@group-88DC794A3892-FollowerState
2021-12-29 13:37:38,145 [b3352b45-435b-48e7-bfe7-06e63f837e6a@group-88DC794A3892-FollowerState] INFO  server.RaftServer$Division (RaftServerImpl.java:setRole(290)) - b3352b45-435b-48e7-bfe7-06e63f837e6a@group-88DC794A3892: changes role from  FOLLOWER to CANDIDATE at term 0 for changeToCandidate
2021-12-29 13:37:38,145 [b3352b45-435b-48e7-bfe7-06e63f837e6a@group-88DC794A3892-FollowerState] INFO  server.RaftServerConfigKeys (ConfUtils.java:logGet(44)) - raft.server.leaderelection.pre-vote = false (custom)
2021-12-29 13:37:38,145 [b3352b45-435b-48e7-bfe7-06e63f837e6a@group-88DC794A3892-FollowerState] INFO  impl.RoleInfo (RoleInfo.java:updateAndGet(130)) - b3352b45-435b-48e7-bfe7-06e63f837e6a: start b3352b45-435b-48e7-bfe7-06e63f837e6a@group-88DC794A3892-LeaderElection58
2021-12-29 13:37:38,160 [824fe22e-cd59-4ca1-8a1b-b502833c0069@group-5EBEA288485C-LeaderElection57] INFO  impl.LeaderElection (LeaderElection.java:askForVotes(306)) - 824fe22e-cd59-4ca1-8a1b-b502833c0069@group-5EBEA288485C-LeaderElection57 ELECTION round 0: submit vote requests at term 1 for -1: [824fe22e-cd59-4ca1-8a1b-b502833c0069|rpc:10.1.0.26:39943|priority:1], old=null
2021-12-29 13:37:38,161 [824fe22e-cd59-4ca1-8a1b-b502833c0069@group-5EBEA288485C-LeaderElection57] INFO  impl.LeaderElection (LeaderElection.java:askForVotes(308)) - 824fe22e-cd59-4ca1-8a1b-b502833c0069@group-5EBEA288485C-LeaderElection57 ELECTION round 0: result PASSED (term=1)
2021-12-29 13:37:38,161 [824fe22e-cd59-4ca1-8a1b-b502833c0069@group-5EBEA288485C-LeaderElection57] INFO  impl.RoleInfo (RoleInfo.java:shutdownLeaderElection(121)) - 824fe22e-cd59-4ca1-8a1b-b502833c0069: shutdown 824fe22e-cd59-4ca1-8a1b-b502833c0069@group-5EBEA288485C-LeaderElection57
2021-12-29 13:37:38,161 [824fe22e-cd59-4ca1-8a1b-b502833c0069@group-5EBEA288485C-LeaderElection57] INFO  server.RaftServer$Division (RaftServerImpl.java:setRole(290)) - 824fe22e-cd59-4ca1-8a1b-b502833c0069@group-5EBEA288485C: changes role from CANDIDATE to LEADER at term 1 for changeToLeader
2021-12-29 13:37:38,161 [824fe22e-cd59-4ca1-8a1b-b502833c0069@group-5EBEA288485C-LeaderElection57] INFO  ratis.XceiverServerRatis (XceiverServerRatis.java:handleLeaderChangedNotification(866)) - Leader change notification received for group: group-5EBEA288485C with new leaderId: 824fe22e-cd59-4ca1-8a1b-b502833c0069
2021-12-29 13:37:38,162 [EventQueue-OpenPipelineForHealthyPipelineSafeModeRule] INFO  safemode.SCMSafeModeManager (HealthyPipelineSafeModeRule.java:process(124)) - SCM in safe mode. Healthy pipelines reported count is 0, required healthy pipeline reported count is 1
2021-12-29 13:37:38,162 [824fe22e-cd59-4ca1-8a1b-b502833c0069@group-5EBEA288485C-LeaderElection57] INFO  server.RaftServer$Division (ServerState.java:setLeader(285)) - 824fe22e-cd59-4ca1-8a1b-b502833c0069@group-5EBEA288485C: change Leader from null to 824fe22e-cd59-4ca1-8a1b-b502833c0069 at term 1 for becomeLeader, leader elected after 5255ms
2021-12-29 13:37:38,162 [824fe22e-cd59-4ca1-8a1b-b502833c0069@group-5EBEA288485C-LeaderElection57] INFO  server.RaftServerConfigKeys (ConfUtils.java:logGet(44)) - raft.server.staging.catchup.gap = 1000 (default)
2021-12-29 13:37:38,162 [824fe22e-cd59-4ca1-8a1b-b502833c0069@group-5EBEA288485C-LeaderElection57] INFO  server.RaftServerConfigKeys (ConfUtils.java:logGet(44)) - raft.server.write.element-limit = 1024 (custom)
2021-12-29 13:37:38,162 [824fe22e-cd59-4ca1-8a1b-b502833c0069@group-5EBEA288485C-LeaderElection57] INFO  server.RaftServerConfigKeys (ConfUtils.java:logGet(44)) - raft.server.write.byte-limit = 1024 M (=1073741824) (custom)
2021-12-29 13:37:38,163 [824fe22e-cd59-4ca1-8a1b-b502833c0069@group-5EBEA288485C-LeaderElection57] INFO  server.RaftServerConfigKeys (ConfUtils.java:logGet(44)) - raft.server.watch.timeout = 180s (custom)
2021-12-29 13:37:38,163 [824fe22e-cd59-4ca1-8a1b-b502833c0069@group-5EBEA288485C-LeaderElection57] INFO  server.RaftServerConfigKeys (ConfUtils.java:logGet(44)) - raft.server.watch.timeout.denomination = 1s (default)
2021-12-29 13:37:38,163 [824fe22e-cd59-4ca1-8a1b-b502833c0069@group-5EBEA288485C-LeaderElection57] INFO  server.RaftServerConfigKeys (ConfUtils.java:logGet(44)) - raft.server.watch.element-limit = 65536 (default)
2021-12-29 13:37:38,163 [824fe22e-cd59-4ca1-8a1b-b502833c0069@group-5EBEA288485C-LeaderElection57] INFO  server.RaftServerConfigKeys (ConfUtils.java:logGet(44)) - raft.server.write.element-limit = 1024 (custom)
2021-12-29 13:37:38,163 [824fe22e-cd59-4ca1-8a1b-b502833c0069@group-5EBEA288485C-LeaderElection57] INFO  server.RaftServerConfigKeys (ConfUtils.java:logGet(44)) - raft.server.write.follower.gap.ratio.max = -1.0 (default)
2021-12-29 13:37:38,163 [824fe22e-cd59-4ca1-8a1b-b502833c0069@group-5EBEA288485C-LeaderElection57] INFO  impl.RoleInfo (RoleInfo.java:updateAndGet(130)) - 824fe22e-cd59-4ca1-8a1b-b502833c0069: start 824fe22e-cd59-4ca1-8a1b-b502833c0069@group-5EBEA288485C-LeaderStateImpl
2021-12-29 13:37:38,163 [824fe22e-cd59-4ca1-8a1b-b502833c0069@group-5EBEA288485C-LeaderElection57] INFO  segmented.SegmentedRaftLogWorker (SegmentedRaftLogWorker.java:startLogSegment(394)) - 824fe22e-cd59-4ca1-8a1b-b502833c0069@group-5EBEA288485C-SegmentedRaftLogWorker: Starting segment from index:0
2021-12-29 13:37:38,170 [824fe22e-cd59-4ca1-8a1b-b502833c0069@group-5EBEA288485C-SegmentedRaftLogWorker] INFO  segmented.SegmentedRaftLogWorker (SegmentedRaftLogWorker.java:execute(601)) - 824fe22e-cd59-4ca1-8a1b-b502833c0069@group-5EBEA288485C-SegmentedRaftLogWorker: created new log segment /home/runner/work/ozone/ozone/hadoop-ozone/integration-test/target/test-dir/MiniOzoneClusterImpl-7740b1f0-8bf4-4e60-acce-edccb6a32bd6/datanode-1/data/ratis/12930247-28ed-44e8-9595-5ebea288485c/current/log_inprogress_0
2021-12-29 13:37:38,191 [824fe22e-cd59-4ca1-8a1b-b502833c0069@group-5EBEA288485C-LeaderElection57] INFO  server.RaftServer$Division (ServerState.java:setRaftConf(387)) - 824fe22e-cd59-4ca1-8a1b-b502833c0069@group-5EBEA288485C: set configuration 0: [824fe22e-cd59-4ca1-8a1b-b502833c0069|rpc:10.1.0.26:39943|dataStream:|priority:1], old=null
2021-12-29 13:37:38,193 [b3352b45-435b-48e7-bfe7-06e63f837e6a@group-88DC794A3892-LeaderElection58] INFO  impl.LeaderElection (LeaderElection.java:askForVotes(306)) - b3352b45-435b-48e7-bfe7-06e63f837e6a@group-88DC794A3892-LeaderElection58 ELECTION round 0: submit vote requests at term 1 for -1: [824fe22e-cd59-4ca1-8a1b-b502833c0069|rpc:10.1.0.26:39943|priority:0, 9877bc0b-e409-4b21-8793-8d9099a8f0ae|rpc:10.1.0.26:46221|priority:0, b3352b45-435b-48e7-bfe7-06e63f837e6a|rpc:10.1.0.26:44709|priority:1], old=null
2021-12-29 13:37:38,218 [grpc-default-executor-0] INFO  server.RaftServer$Division (RaftServerImpl.java:requestVote(1046)) - 824fe22e-cd59-4ca1-8a1b-b502833c0069@group-88DC794A3892: receive requestVote(ELECTION, b3352b45-435b-48e7-bfe7-06e63f837e6a, group-88DC794A3892, 1, (t:0, i:0))
2021-12-29 13:37:38,218 [grpc-default-executor-0] INFO  impl.VoteContext (VoteContext.java:log(48)) - 824fe22e-cd59-4ca1-8a1b-b502833c0069@group-88DC794A3892-FOLLOWER: accept ELECTION from b3352b45-435b-48e7-bfe7-06e63f837e6a: our priority 0 <= candidate's priority 1
2021-12-29 13:37:38,218 [grpc-default-executor-0] INFO  server.RaftServer$Division (RaftServerImpl.java:setRole(290)) - 824fe22e-cd59-4ca1-8a1b-b502833c0069@group-88DC794A3892: changes role from  FOLLOWER to FOLLOWER at term 1 for candidate:b3352b45-435b-48e7-bfe7-06e63f837e6a
2021-12-29 13:37:38,218 [grpc-default-executor-0] INFO  impl.RoleInfo (RoleInfo.java:shutdownFollowerState(108)) - 824fe22e-cd59-4ca1-8a1b-b502833c0069: shutdown 824fe22e-cd59-4ca1-8a1b-b502833c0069@group-88DC794A3892-FollowerState
2021-12-29 13:37:38,218 [grpc-default-executor-0] INFO  impl.RoleInfo (RoleInfo.java:updateAndGet(130)) - 824fe22e-cd59-4ca1-8a1b-b502833c0069: start 824fe22e-cd59-4ca1-8a1b-b502833c0069@group-88DC794A3892-FollowerState
2021-12-29 13:37:38,225 [Listener at 127.0.0.1/44999] INFO  ozone.MiniOzoneClusterImpl (MiniOzoneClusterImpl.java:lambda$waitForClusterToBeReady$0(235)) - Nodes are ready. Got 3 of 3 DN Heartbeats.
2021-12-29 13:37:38,225 [Listener at 127.0.0.1/44999] INFO  ozone.MiniOzoneClusterImpl (MiniOzoneClusterImpl.java:lambda$waitForClusterToBeReady$0(238)) - Waiting for cluster to exit safe mode
2021-12-29 13:37:38,225 [Listener at 127.0.0.1/44999] INFO  ozone.MiniOzoneClusterImpl (MiniOzoneClusterImpl.java:lambda$waitForClusterToBeReady$0(240)) - SCM became leader
2021-12-29 13:37:38,226 [824fe22e-cd59-4ca1-8a1b-b502833c0069@group-88DC794A3892-FollowerState] INFO  impl.FollowerState (FollowerState.java:run(143)) - 824fe22e-cd59-4ca1-8a1b-b502833c0069@group-88DC794A3892-FollowerState was interrupted: {}
java.lang.InterruptedException: sleep interrupted
	at java.lang.Thread.sleep(Native Method)
	at java.lang.Thread.sleep(Thread.java:340)
	at java.util.concurrent.TimeUnit.sleep(TimeUnit.java:386)
	at org.apache.ratis.util.TimeDuration.sleep(TimeDuration.java:324)
	at org.apache.ratis.util.TimeDuration.sleep(TimeDuration.java:309)
	at org.apache.ratis.server.impl.FollowerState.run(FollowerState.java:118)
2021-12-29 13:37:38,228 [grpc-default-executor-0] INFO  server.RaftServer$Division (RaftServerImpl.java:requestVote(1078)) - 824fe22e-cd59-4ca1-8a1b-b502833c0069@group-88DC794A3892 replies to ELECTION vote request: b3352b45-435b-48e7-bfe7-06e63f837e6a<-824fe22e-cd59-4ca1-8a1b-b502833c0069#0:OK-t1. Peer's state: 824fe22e-cd59-4ca1-8a1b-b502833c0069@group-88DC794A3892:t1, leader=null, voted=b3352b45-435b-48e7-bfe7-06e63f837e6a, raftlog=824fe22e-cd59-4ca1-8a1b-b502833c0069@group-88DC794A3892-SegmentedRaftLog:OPENED:c-1, conf=-1: [824fe22e-cd59-4ca1-8a1b-b502833c0069|rpc:10.1.0.26:39943|priority:0, 9877bc0b-e409-4b21-8793-8d9099a8f0ae|rpc:10.1.0.26:46221|priority:0, b3352b45-435b-48e7-bfe7-06e63f837e6a|rpc:10.1.0.26:44709|priority:1], old=null
2021-12-29 13:37:38,243 [grpc-default-executor-0] INFO  server.RaftServer$Division (RaftServerImpl.java:requestVote(1046)) - 9877bc0b-e409-4b21-8793-8d9099a8f0ae@group-88DC794A3892: receive requestVote(ELECTION, b3352b45-435b-48e7-bfe7-06e63f837e6a, group-88DC794A3892, 1, (t:0, i:0))
2021-12-29 13:37:38,243 [grpc-default-executor-0] INFO  impl.VoteContext (VoteContext.java:log(48)) - 9877bc0b-e409-4b21-8793-8d9099a8f0ae@group-88DC794A3892-FOLLOWER: accept ELECTION from b3352b45-435b-48e7-bfe7-06e63f837e6a: our priority 0 <= candidate's priority 1
2021-12-29 13:37:38,243 [grpc-default-executor-0] INFO  server.RaftServer$Division (RaftServerImpl.java:setRole(290)) - 9877bc0b-e409-4b21-8793-8d9099a8f0ae@group-88DC794A3892: changes role from  FOLLOWER to FOLLOWER at term 1 for candidate:b3352b45-435b-48e7-bfe7-06e63f837e6a
2021-12-29 13:37:38,243 [grpc-default-executor-0] INFO  impl.RoleInfo (RoleInfo.java:shutdownFollowerState(108)) - 9877bc0b-e409-4b21-8793-8d9099a8f0ae: shutdown 9877bc0b-e409-4b21-8793-8d9099a8f0ae@group-88DC794A3892-FollowerState
2021-12-29 13:37:38,243 [grpc-default-executor-0] INFO  impl.RoleInfo (RoleInfo.java:updateAndGet(130)) - 9877bc0b-e409-4b21-8793-8d9099a8f0ae: start 9877bc0b-e409-4b21-8793-8d9099a8f0ae@group-88DC794A3892-FollowerState
2021-12-29 13:37:38,243 [9877bc0b-e409-4b21-8793-8d9099a8f0ae@group-88DC794A3892-FollowerState] INFO  impl.FollowerState (FollowerState.java:run(143)) - 9877bc0b-e409-4b21-8793-8d9099a8f0ae@group-88DC794A3892-FollowerState was interrupted: {}
java.lang.InterruptedException: sleep interrupted
	at java.lang.Thread.sleep(Native Method)
	at java.lang.Thread.sleep(Thread.java:340)
	at java.util.concurrent.TimeUnit.sleep(TimeUnit.java:386)
	at org.apache.ratis.util.TimeDuration.sleep(TimeDuration.java:324)
	at org.apache.ratis.util.TimeDuration.sleep(TimeDuration.java:309)
	at org.apache.ratis.server.impl.FollowerState.run(FollowerState.java:118)
2021-12-29 13:37:38,246 [grpc-default-executor-0] INFO  server.RaftServer$Division (RaftServerImpl.java:requestVote(1078)) - 9877bc0b-e409-4b21-8793-8d9099a8f0ae@group-88DC794A3892 replies to ELECTION vote request: b3352b45-435b-48e7-bfe7-06e63f837e6a<-9877bc0b-e409-4b21-8793-8d9099a8f0ae#0:OK-t1. Peer's state: 9877bc0b-e409-4b21-8793-8d9099a8f0ae@group-88DC794A3892:t1, leader=null, voted=b3352b45-435b-48e7-bfe7-06e63f837e6a, raftlog=9877bc0b-e409-4b21-8793-8d9099a8f0ae@group-88DC794A3892-SegmentedRaftLog:OPENED:c-1, conf=-1: [824fe22e-cd59-4ca1-8a1b-b502833c0069|rpc:10.1.0.26:39943|dataStream:|priority:0, 9877bc0b-e409-4b21-8793-8d9099a8f0ae|rpc:10.1.0.26:46221|dataStream:|priority:0, b3352b45-435b-48e7-bfe7-06e63f837e6a|rpc:10.1.0.26:44709|dataStream:|priority:1], old=null
2021-12-29 13:37:38,274 [b3352b45-435b-48e7-bfe7-06e63f837e6a@group-88DC794A3892-LeaderElection58] INFO  impl.LeaderElection (LeaderElection.java:logAndReturn(89)) - b3352b45-435b-48e7-bfe7-06e63f837e6a@group-88DC794A3892-LeaderElection58: ELECTION PASSED received 1 response(s) and 0 exception(s):
2021-12-29 13:37:38,274 [b3352b45-435b-48e7-bfe7-06e63f837e6a@group-88DC794A3892-LeaderElection58] INFO  impl.LeaderElection (LeaderElection.java:logAndReturn(93)) -   Response 0: b3352b45-435b-48e7-bfe7-06e63f837e6a<-824fe22e-cd59-4ca1-8a1b-b502833c0069#0:OK-t1
2021-12-29 13:37:38,274 [b3352b45-435b-48e7-bfe7-06e63f837e6a@group-88DC794A3892-LeaderElection58] INFO  impl.LeaderElection (LeaderElection.java:askForVotes(308)) - b3352b45-435b-48e7-bfe7-06e63f837e6a@group-88DC794A3892-LeaderElection58 ELECTION round 0: result PASSED
2021-12-29 13:37:38,274 [b3352b45-435b-48e7-bfe7-06e63f837e6a@group-88DC794A3892-LeaderElection58] INFO  impl.RoleInfo (RoleInfo.java:shutdownLeaderElection(121)) - b3352b45-435b-48e7-bfe7-06e63f837e6a: shutdown b3352b45-435b-48e7-bfe7-06e63f837e6a@group-88DC794A3892-LeaderElection58
2021-12-29 13:37:38,274 [b3352b45-435b-48e7-bfe7-06e63f837e6a@group-88DC794A3892-LeaderElection58] INFO  server.RaftServer$Division (RaftServerImpl.java:setRole(290)) - b3352b45-435b-48e7-bfe7-06e63f837e6a@group-88DC794A3892: changes role from CANDIDATE to LEADER at term 1 for changeToLeader
2021-12-29 13:37:38,274 [b3352b45-435b-48e7-bfe7-06e63f837e6a@group-88DC794A3892-LeaderElection58] INFO  ratis.XceiverServerRatis (XceiverServerRatis.java:handleLeaderChangedNotification(866)) - Leader change notification received for group: group-88DC794A3892 with new leaderId: b3352b45-435b-48e7-bfe7-06e63f837e6a
2021-12-29 13:37:38,274 [b3352b45-435b-48e7-bfe7-06e63f837e6a@group-88DC794A3892-LeaderElection58] INFO  server.RaftServer$Division (ServerState.java:setLeader(285)) - b3352b45-435b-48e7-bfe7-06e63f837e6a@group-88DC794A3892: change Leader from null to b3352b45-435b-48e7-bfe7-06e63f837e6a at term 1 for becomeLeader, leader elected after 5286ms
2021-12-29 13:37:38,275 [b3352b45-435b-48e7-bfe7-06e63f837e6a@group-88DC794A3892-LeaderElection58] INFO  server.RaftServerConfigKeys (ConfUtils.java:logGet(44)) - raft.server.staging.catchup.gap = 1000 (default)
2021-12-29 13:37:38,275 [b3352b45-435b-48e7-bfe7-06e63f837e6a@group-88DC794A3892-LeaderElection58] INFO  server.RaftServerConfigKeys (ConfUtils.java:logGet(44)) - raft.server.write.element-limit = 1024 (custom)
2021-12-29 13:37:38,275 [b3352b45-435b-48e7-bfe7-06e63f837e6a@group-88DC794A3892-LeaderElection58] INFO  server.RaftServerConfigKeys (ConfUtils.java:logGet(44)) - raft.server.write.byte-limit = 1024 M (=1073741824) (custom)
2021-12-29 13:37:38,275 [b3352b45-435b-48e7-bfe7-06e63f837e6a@group-88DC794A3892-LeaderElection58] INFO  server.RaftServerConfigKeys (ConfUtils.java:logGet(44)) - raft.server.watch.timeout = 180s (custom)
2021-12-29 13:37:38,275 [b3352b45-435b-48e7-bfe7-06e63f837e6a@group-88DC794A3892-LeaderElection58] INFO  server.RaftServerConfigKeys (ConfUtils.java:logGet(44)) - raft.server.watch.timeout.denomination = 1s (default)
2021-12-29 13:37:38,275 [b3352b45-435b-48e7-bfe7-06e63f837e6a@group-88DC794A3892-LeaderElection58] INFO  server.RaftServerConfigKeys (ConfUtils.java:logGet(44)) - raft.server.watch.element-limit = 65536 (default)
2021-12-29 13:37:38,275 [b3352b45-435b-48e7-bfe7-06e63f837e6a@group-88DC794A3892-LeaderElection58] INFO  server.RaftServerConfigKeys (ConfUtils.java:logGet(44)) - raft.server.write.element-limit = 1024 (custom)
2021-12-29 13:37:38,275 [b3352b45-435b-48e7-bfe7-06e63f837e6a@group-88DC794A3892-LeaderElection58] INFO  server.RaftServerConfigKeys (ConfUtils.java:logGet(44)) - raft.server.write.follower.gap.ratio.max = -1.0 (default)
2021-12-29 13:37:38,275 [b3352b45-435b-48e7-bfe7-06e63f837e6a@group-88DC794A3892-LeaderElection58] INFO  server.RaftServerConfigKeys (ConfUtils.java:logGet(44)) - raft.server.log.appender.snapshot.chunk.size.max = 16MB (=16777216) (default)
2021-12-29 13:37:38,275 [b3352b45-435b-48e7-bfe7-06e63f837e6a@group-88DC794A3892-LeaderElection58] INFO  server.RaftServerConfigKeys (ConfUtils.java:logGet(44)) - raft.server.log.appender.buffer.byte-limit = 33554432 (custom)
2021-12-29 13:37:38,275 [b3352b45-435b-48e7-bfe7-06e63f837e6a@group-88DC794A3892-LeaderElection58] INFO  server.RaftServerConfigKeys (ConfUtils.java:logGet(44)) - raft.server.log.appender.buffer.element-limit = 1 (custom)
2021-12-29 13:37:38,275 [b3352b45-435b-48e7-bfe7-06e63f837e6a@group-88DC794A3892-LeaderElection58] INFO  grpc.GrpcConfigKeys (ConfUtils.java:logGet(44)) - raft.grpc.server.leader.outstanding.appends.max = 128 (default)
2021-12-29 13:37:38,276 [b3352b45-435b-48e7-bfe7-06e63f837e6a@group-88DC794A3892-LeaderElection58] INFO  server.RaftServerConfigKeys (ConfUtils.java:logGet(44)) - raft.server.rpc.request.timeout = 60s (custom)
2021-12-29 13:37:38,276 [b3352b45-435b-48e7-bfe7-06e63f837e6a@group-88DC794A3892-LeaderElection58] INFO  server.RaftServerConfigKeys (ConfUtils.java:logGet(44)) - raft.server.log.appender.install.snapshot.enabled = false (custom)
2021-12-29 13:37:38,276 [b3352b45-435b-48e7-bfe7-06e63f837e6a@group-88DC794A3892-LeaderElection58] INFO  server.RaftServerConfigKeys (ConfUtils.java:logGet(44)) - raft.server.log.appender.snapshot.chunk.size.max = 16MB (=16777216) (default)
2021-12-29 13:37:38,276 [b3352b45-435b-48e7-bfe7-06e63f837e6a@group-88DC794A3892-LeaderElection58] INFO  server.RaftServerConfigKeys (ConfUtils.java:logGet(44)) - raft.server.log.appender.buffer.byte-limit = 33554432 (custom)
2021-12-29 13:37:38,277 [b3352b45-435b-48e7-bfe7-06e63f837e6a@group-88DC794A3892-LeaderElection58] INFO  server.RaftServerConfigKeys (ConfUtils.java:logGet(44)) - raft.server.log.appender.buffer.element-limit = 1 (custom)
2021-12-29 13:37:38,277 [b3352b45-435b-48e7-bfe7-06e63f837e6a@group-88DC794A3892-LeaderElection58] INFO  grpc.GrpcConfigKeys (ConfUtils.java:logGet(44)) - raft.grpc.server.leader.outstanding.appends.max = 128 (default)
2021-12-29 13:37:38,277 [b3352b45-435b-48e7-bfe7-06e63f837e6a@group-88DC794A3892-LeaderElection58] INFO  server.RaftServerConfigKeys (ConfUtils.java:logGet(44)) - raft.server.rpc.request.timeout = 60s (custom)
2021-12-29 13:37:38,277 [b3352b45-435b-48e7-bfe7-06e63f837e6a@group-88DC794A3892-LeaderElection58] INFO  server.RaftServerConfigKeys (ConfUtils.java:logGet(44)) - raft.server.log.appender.install.snapshot.enabled = false (custom)
2021-12-29 13:37:38,277 [b3352b45-435b-48e7-bfe7-06e63f837e6a@group-88DC794A3892-LeaderElection58] INFO  impl.RoleInfo (RoleInfo.java:updateAndGet(130)) - b3352b45-435b-48e7-bfe7-06e63f837e6a: start b3352b45-435b-48e7-bfe7-06e63f837e6a@group-88DC794A3892-LeaderStateImpl
2021-12-29 13:37:38,278 [b3352b45-435b-48e7-bfe7-06e63f837e6a@group-88DC794A3892-LeaderElection58] INFO  segmented.SegmentedRaftLogWorker (SegmentedRaftLogWorker.java:startLogSegment(394)) - b3352b45-435b-48e7-bfe7-06e63f837e6a@group-88DC794A3892-SegmentedRaftLogWorker: Starting segment from index:0
2021-12-29 13:37:38,281 [b3352b45-435b-48e7-bfe7-06e63f837e6a@group-88DC794A3892-SegmentedRaftLogWorker] INFO  segmented.SegmentedRaftLogWorker (SegmentedRaftLogWorker.java:execute(601)) - b3352b45-435b-48e7-bfe7-06e63f837e6a@group-88DC794A3892-SegmentedRaftLogWorker: created new log segment /home/runner/work/ozone/ozone/hadoop-ozone/integration-test/target/test-dir/MiniOzoneClusterImpl-7740b1f0-8bf4-4e60-acce-edccb6a32bd6/datanode-0/data/ratis/960f2243-d36e-4654-b584-88dc794a3892/current/log_inprogress_0
2021-12-29 13:37:38,281 [EventQueue-PipelineReportForPipelineReportHandler] INFO  pipeline.PipelineManagerImpl (PipelineManagerImpl.java:openPipeline(291)) - Pipeline Pipeline[ Id: 960f2243-d36e-4654-b584-88dc794a3892, Nodes: b3352b45-435b-48e7-bfe7-06e63f837e6a{ip: 10.1.0.26, host: fv-az59-280.csjynl4pkq3e1pkirw3ssqjfoh.cx.internal.cloudapp.net, ports: [REPLICATION=43853, RATIS=44709, RATIS_ADMIN=44709, RATIS_SERVER=44709, STANDALONE=44877], networkLocation: /default-rack, certSerialId: null, persistedOpState: IN_SERVICE, persistedOpStateExpiryEpochSec: 0}9877bc0b-e409-4b21-8793-8d9099a8f0ae{ip: 10.1.0.26, host: fv-az59-280.csjynl4pkq3e1pkirw3ssqjfoh.cx.internal.cloudapp.net, ports: [REPLICATION=32773, RATIS=46221, RATIS_ADMIN=46221, RATIS_SERVER=46221, STANDALONE=46045], networkLocation: /default-rack, certSerialId: null, persistedOpState: IN_SERVICE, persistedOpStateExpiryEpochSec: 0}824fe22e-cd59-4ca1-8a1b-b502833c0069{ip: 10.1.0.26, host: fv-az59-280.csjynl4pkq3e1pkirw3ssqjfoh.cx.internal.cloudapp.net, ports: [REPLICATION=40145, RATIS=39943, RATIS_ADMIN=39943, RATIS_SERVER=39943, STANDALONE=45815], networkLocation: /default-rack, certSerialId: null, persistedOpState: IN_SERVICE, persistedOpStateExpiryEpochSec: 0}, ReplicationConfig: RATIS/THREE, State:ALLOCATED, leaderId:b3352b45-435b-48e7-bfe7-06e63f837e6a, CreationTimestamp2021-12-29T13:37:30.244Z[Etc/UTC]] moved to OPEN state
2021-12-29 13:37:38,282 [EventQueue-OpenPipelineForHealthyPipelineSafeModeRule] INFO  safemode.SCMSafeModeManager (HealthyPipelineSafeModeRule.java:process(124)) - SCM in safe mode. Healthy pipelines reported count is 0, required healthy pipeline reported count is 1
2021-12-29 13:37:38,282 [EventQueue-OpenPipelineForHealthyPipelineSafeModeRule] INFO  safemode.SCMSafeModeManager (HealthyPipelineSafeModeRule.java:process(124)) - SCM in safe mode. Healthy pipelines reported count is 1, required healthy pipeline reported count is 1
2021-12-29 13:37:38,282 [EventQueue-OpenPipelineForHealthyPipelineSafeModeRule] INFO  safemode.SCMSafeModeManager (SCMSafeModeManager.java:validateSafeModeExitRules(204)) - HealthyPipelineSafeModeRule rule is successfully validated
2021-12-29 13:37:38,282 [EventQueue-OpenPipelineForHealthyPipelineSafeModeRule] INFO  safemode.SCMSafeModeManager (SCMSafeModeManager.java:validateSafeModeExitRules(219)) - ScmSafeModeManager, all rules are successfully validated
2021-12-29 13:37:38,282 [EventQueue-OpenPipelineForHealthyPipelineSafeModeRule] INFO  safemode.SCMSafeModeManager (SCMSafeModeManager.java:exitSafeMode(248)) - SCM exiting safe mode.
2021-12-29 13:37:38,282 [EventQueue-OpenPipelineForHealthyPipelineSafeModeRule] WARN  events.EventQueue (EventQueue.java:fireEvent(194)) - No event handler registered for event TypedEvent{payloadType=SafeModeStatus, name='Safe mode status'}
2021-12-29 13:37:38,282 [EventQueue-OpenPipelineForHealthyPipelineSafeModeRule] INFO  ha.SCMContext (SCMContext.java:updateSafeModeStatus(211)) - Update SafeModeStatus from SafeModeStatus{safeModeStatus=true, preCheckPassed=true} to SafeModeStatus{safeModeStatus=false, preCheckPassed=true}.
2021-12-29 13:37:38,282 [EventQueue-OpenPipelineForHealthyPipelineSafeModeRule] INFO  pipeline.BackgroundPipelineCreator (BackgroundPipelineCreator.java:notifyStatusChanged(264)) - Service BackgroundPipelineCreator transitions to RUNNING.
2021-12-29 13:37:38,282 [EventQueue-OpenPipelineForHealthyPipelineSafeModeRule] INFO  container.ReplicationManager (ReplicationManager.java:notifyStatusChanged(1758)) - Service ReplicationManager transitions to RUNNING.
2021-12-29 13:37:38,322 [b3352b45-435b-48e7-bfe7-06e63f837e6a@group-88DC794A3892-LeaderElection58] INFO  server.RaftServer$Division (ServerState.java:setRaftConf(387)) - b3352b45-435b-48e7-bfe7-06e63f837e6a@group-88DC794A3892: set configuration 0: [824fe22e-cd59-4ca1-8a1b-b502833c0069|rpc:10.1.0.26:39943|dataStream:|priority:0, 9877bc0b-e409-4b21-8793-8d9099a8f0ae|rpc:10.1.0.26:46221|dataStream:|priority:0, b3352b45-435b-48e7-bfe7-06e63f837e6a|rpc:10.1.0.26:44709|dataStream:|priority:1], old=null
2021-12-29 13:37:38,352 [grpc-default-executor-1] INFO  ratis.XceiverServerRatis (XceiverServerRatis.java:handleLeaderChangedNotification(866)) - Leader change notification received for group: group-88DC794A3892 with new leaderId: b3352b45-435b-48e7-bfe7-06e63f837e6a
2021-12-29 13:37:38,352 [grpc-default-executor-1] INFO  server.RaftServer$Division (ServerState.java:setLeader(285)) - 9877bc0b-e409-4b21-8793-8d9099a8f0ae@group-88DC794A3892: change Leader from null to b3352b45-435b-48e7-bfe7-06e63f837e6a at term 1 for appendEntries, leader elected after 5124ms
2021-12-29 13:37:38,358 [grpc-default-executor-1] INFO  ratis.XceiverServerRatis (XceiverServerRatis.java:handleLeaderChangedNotification(866)) - Leader change notification received for group: group-88DC794A3892 with new leaderId: b3352b45-435b-48e7-bfe7-06e63f837e6a
2021-12-29 13:37:38,358 [grpc-default-executor-1] INFO  server.RaftServer$Division (ServerState.java:setLeader(285)) - 824fe22e-cd59-4ca1-8a1b-b502833c0069@group-88DC794A3892: change Leader from null to b3352b45-435b-48e7-bfe7-06e63f837e6a at term 1 for appendEntries, leader elected after 5343ms
2021-12-29 13:37:38,370 [grpc-default-executor-1] INFO  server.RaftServer$Division (ServerState.java:setRaftConf(387)) - 824fe22e-cd59-4ca1-8a1b-b502833c0069@group-88DC794A3892: set configuration 0: [824fe22e-cd59-4ca1-8a1b-b502833c0069|rpc:10.1.0.26:39943|dataStream:|priority:0, 9877bc0b-e409-4b21-8793-8d9099a8f0ae|rpc:10.1.0.26:46221|dataStream:|priority:0, b3352b45-435b-48e7-bfe7-06e63f837e6a|rpc:10.1.0.26:44709|dataStream:|priority:1], old=null
2021-12-29 13:37:38,370 [grpc-default-executor-1] INFO  segmented.SegmentedRaftLogWorker (SegmentedRaftLogWorker.java:startLogSegment(394)) - 824fe22e-cd59-4ca1-8a1b-b502833c0069@group-88DC794A3892-SegmentedRaftLogWorker: Starting segment from index:0
2021-12-29 13:37:38,378 [824fe22e-cd59-4ca1-8a1b-b502833c0069@group-88DC794A3892-SegmentedRaftLogWorker] INFO  segmented.SegmentedRaftLogWorker (SegmentedRaftLogWorker.java:execute(601)) - 824fe22e-cd59-4ca1-8a1b-b502833c0069@group-88DC794A3892-SegmentedRaftLogWorker: created new log segment /home/runner/work/ozone/ozone/hadoop-ozone/integration-test/target/test-dir/MiniOzoneClusterImpl-7740b1f0-8bf4-4e60-acce-edccb6a32bd6/datanode-1/data/ratis/960f2243-d36e-4654-b584-88dc794a3892/current/log_inprogress_0
2021-12-29 13:37:38,405 [grpc-default-executor-2] INFO  server.RaftServer$Division (ServerState.java:setRaftConf(387)) - 9877bc0b-e409-4b21-8793-8d9099a8f0ae@group-88DC794A3892: set configuration 0: [824fe22e-cd59-4ca1-8a1b-b502833c0069|rpc:10.1.0.26:39943|dataStream:|priority:0, 9877bc0b-e409-4b21-8793-8d9099a8f0ae|rpc:10.1.0.26:46221|dataStream:|priority:0, b3352b45-435b-48e7-bfe7-06e63f837e6a|rpc:10.1.0.26:44709|dataStream:|priority:1], old=null
2021-12-29 13:37:38,405 [grpc-default-executor-2] INFO  segmented.SegmentedRaftLogWorker (SegmentedRaftLogWorker.java:startLogSegment(394)) - 9877bc0b-e409-4b21-8793-8d9099a8f0ae@group-88DC794A3892-SegmentedRaftLogWorker: Starting segment from index:0
2021-12-29 13:37:38,406 [9877bc0b-e409-4b21-8793-8d9099a8f0ae@group-88DC794A3892-SegmentedRaftLogWorker] INFO  segmented.SegmentedRaftLogWorker (SegmentedRaftLogWorker.java:execute(601)) - 9877bc0b-e409-4b21-8793-8d9099a8f0ae@group-88DC794A3892-SegmentedRaftLogWorker: created new log segment /home/runner/work/ozone/ozone/hadoop-ozone/integration-test/target/test-dir/MiniOzoneClusterImpl-7740b1f0-8bf4-4e60-acce-edccb6a32bd6/datanode-2/data/ratis/960f2243-d36e-4654-b584-88dc794a3892/current/log_inprogress_0
2021-12-29 13:37:38,510 [9877bc0b-e409-4b21-8793-8d9099a8f0ae@group-A5ABAE2888E5-FollowerState] INFO  impl.FollowerState (FollowerState.java:run(134)) - 9877bc0b-e409-4b21-8793-8d9099a8f0ae@group-A5ABAE2888E5-FollowerState: change to CANDIDATE, lastRpcElapsedTime:5141777260ns, electionTimeout:5114ms
2021-12-29 13:37:38,510 [9877bc0b-e409-4b21-8793-8d9099a8f0ae@group-A5ABAE2888E5-FollowerState] INFO  impl.RoleInfo (RoleInfo.java:shutdownFollowerState(108)) - 9877bc0b-e409-4b21-8793-8d9099a8f0ae: shutdown 9877bc0b-e409-4b21-8793-8d9099a8f0ae@group-A5ABAE2888E5-FollowerState
2021-12-29 13:37:38,510 [9877bc0b-e409-4b21-8793-8d9099a8f0ae@group-A5ABAE2888E5-FollowerState] INFO  server.RaftServer$Division (RaftServerImpl.java:setRole(290)) - 9877bc0b-e409-4b21-8793-8d9099a8f0ae@group-A5ABAE2888E5: changes role from  FOLLOWER to CANDIDATE at term 0 for changeToCandidate
2021-12-29 13:37:38,510 [9877bc0b-e409-4b21-8793-8d9099a8f0ae@group-A5ABAE2888E5-FollowerState] INFO  server.RaftServerConfigKeys (ConfUtils.java:logGet(44)) - raft.server.leaderelection.pre-vote = false (custom)
2021-12-29 13:37:38,510 [9877bc0b-e409-4b21-8793-8d9099a8f0ae@group-A5ABAE2888E5-FollowerState] INFO  impl.RoleInfo (RoleInfo.java:updateAndGet(130)) - 9877bc0b-e409-4b21-8793-8d9099a8f0ae: start 9877bc0b-e409-4b21-8793-8d9099a8f0ae@group-A5ABAE2888E5-LeaderElection59
2021-12-29 13:37:38,545 [9877bc0b-e409-4b21-8793-8d9099a8f0ae@group-A5ABAE2888E5-LeaderElection59] INFO  impl.LeaderElection (LeaderElection.java:askForVotes(306)) - 9877bc0b-e409-4b21-8793-8d9099a8f0ae@group-A5ABAE2888E5-LeaderElection59 ELECTION round 0: submit vote requests at term 1 for -1: [9877bc0b-e409-4b21-8793-8d9099a8f0ae|rpc:10.1.0.26:46221|priority:1], old=null
2021-12-29 13:37:38,545 [9877bc0b-e409-4b21-8793-8d9099a8f0ae@group-A5ABAE2888E5-LeaderElection59] INFO  impl.LeaderElection (LeaderElection.java:askForVotes(308)) - 9877bc0b-e409-4b21-8793-8d9099a8f0ae@group-A5ABAE2888E5-LeaderElection59 ELECTION round 0: result PASSED (term=1)
2021-12-29 13:37:38,545 [9877bc0b-e409-4b21-8793-8d9099a8f0ae@group-A5ABAE2888E5-LeaderElection59] INFO  impl.RoleInfo (RoleInfo.java:shutdownLeaderElection(121)) - 9877bc0b-e409-4b21-8793-8d9099a8f0ae: shutdown 9877bc0b-e409-4b21-8793-8d9099a8f0ae@group-A5ABAE2888E5-LeaderElection59
2021-12-29 13:37:38,545 [9877bc0b-e409-4b21-8793-8d9099a8f0ae@group-A5ABAE2888E5-LeaderElection59] INFO  server.RaftServer$Division (RaftServerImpl.java:setRole(290)) - 9877bc0b-e409-4b21-8793-8d9099a8f0ae@group-A5ABAE2888E5: changes role from CANDIDATE to LEADER at term 1 for changeToLeader
2021-12-29 13:37:38,545 [9877bc0b-e409-4b21-8793-8d9099a8f0ae@group-A5ABAE2888E5-LeaderElection59] INFO  ratis.XceiverServerRatis (XceiverServerRatis.java:handleLeaderChangedNotification(866)) - Leader change notification received for group: group-A5ABAE2888E5 with new leaderId: 9877bc0b-e409-4b21-8793-8d9099a8f0ae
2021-12-29 13:37:38,545 [9877bc0b-e409-4b21-8793-8d9099a8f0ae@group-A5ABAE2888E5-LeaderElection59] INFO  server.RaftServer$Division (ServerState.java:setLeader(285)) - 9877bc0b-e409-4b21-8793-8d9099a8f0ae@group-A5ABAE2888E5: change Leader from null to 9877bc0b-e409-4b21-8793-8d9099a8f0ae at term 1 for becomeLeader, leader elected after 5260ms
2021-12-29 13:37:38,546 [9877bc0b-e409-4b21-8793-8d9099a8f0ae@group-A5ABAE2888E5-LeaderElection59] INFO  server.RaftServerConfigKeys (ConfUtils.java:logGet(44)) - raft.server.staging.catchup.gap = 1000 (default)
2021-12-29 13:37:38,546 [9877bc0b-e409-4b21-8793-8d9099a8f0ae@group-A5ABAE2888E5-LeaderElection59] INFO  server.RaftServerConfigKeys (ConfUtils.java:logGet(44)) - raft.server.write.element-limit = 1024 (custom)
2021-12-29 13:37:38,546 [9877bc0b-e409-4b21-8793-8d9099a8f0ae@group-A5ABAE2888E5-LeaderElection59] INFO  server.RaftServerConfigKeys (ConfUtils.java:logGet(44)) - raft.server.write.byte-limit = 1024 M (=1073741824) (custom)
2021-12-29 13:37:38,546 [9877bc0b-e409-4b21-8793-8d9099a8f0ae@group-A5ABAE2888E5-LeaderElection59] INFO  server.RaftServerConfigKeys (ConfUtils.java:logGet(44)) - raft.server.watch.timeout = 180s (custom)
2021-12-29 13:37:38,546 [9877bc0b-e409-4b21-8793-8d9099a8f0ae@group-A5ABAE2888E5-LeaderElection59] INFO  server.RaftServerConfigKeys (ConfUtils.java:logGet(44)) - raft.server.watch.timeout.denomination = 1s (default)
2021-12-29 13:37:38,546 [9877bc0b-e409-4b21-8793-8d9099a8f0ae@group-A5ABAE2888E5-LeaderElection59] INFO  server.RaftServerConfigKeys (ConfUtils.java:logGet(44)) - raft.server.watch.element-limit = 65536 (default)
2021-12-29 13:37:38,546 [9877bc0b-e409-4b21-8793-8d9099a8f0ae@group-A5ABAE2888E5-LeaderElection59] INFO  server.RaftServerConfigKeys (ConfUtils.java:logGet(44)) - raft.server.write.element-limit = 1024 (custom)
2021-12-29 13:37:38,546 [9877bc0b-e409-4b21-8793-8d9099a8f0ae@group-A5ABAE2888E5-LeaderElection59] INFO  server.RaftServerConfigKeys (ConfUtils.java:logGet(44)) - raft.server.write.follower.gap.ratio.max = -1.0 (default)
2021-12-29 13:37:38,546 [9877bc0b-e409-4b21-8793-8d9099a8f0ae@group-A5ABAE2888E5-LeaderElection59] INFO  impl.RoleInfo (RoleInfo.java:updateAndGet(130)) - 9877bc0b-e409-4b21-8793-8d9099a8f0ae: start 9877bc0b-e409-4b21-8793-8d9099a8f0ae@group-A5ABAE2888E5-LeaderStateImpl
2021-12-29 13:37:38,547 [9877bc0b-e409-4b21-8793-8d9099a8f0ae@group-A5ABAE2888E5-LeaderElection59] INFO  segmented.SegmentedRaftLogWorker (SegmentedRaftLogWorker.java:startLogSegment(394)) - 9877bc0b-e409-4b21-8793-8d9099a8f0ae@group-A5ABAE2888E5-SegmentedRaftLogWorker: Starting segment from index:0
2021-12-29 13:37:38,549 [9877bc0b-e409-4b21-8793-8d9099a8f0ae@group-A5ABAE2888E5-SegmentedRaftLogWorker] INFO  segmented.SegmentedRaftLogWorker (SegmentedRaftLogWorker.java:execute(601)) - 9877bc0b-e409-4b21-8793-8d9099a8f0ae@group-A5ABAE2888E5-SegmentedRaftLogWorker: created new log segment /home/runner/work/ozone/ozone/hadoop-ozone/integration-test/target/test-dir/MiniOzoneClusterImpl-7740b1f0-8bf4-4e60-acce-edccb6a32bd6/datanode-2/data/ratis/1f3a83fa-b6d7-4865-b861-a5abae2888e5/current/log_inprogress_0
2021-12-29 13:37:38,551 [9877bc0b-e409-4b21-8793-8d9099a8f0ae@group-A5ABAE2888E5-LeaderElection59] INFO  server.RaftServer$Division (ServerState.java:setRaftConf(387)) - 9877bc0b-e409-4b21-8793-8d9099a8f0ae@group-A5ABAE2888E5: set configuration 0: [9877bc0b-e409-4b21-8793-8d9099a8f0ae|rpc:10.1.0.26:46221|dataStream:|priority:1], old=null
2021-12-29 13:37:39,226 [Listener at 127.0.0.1/44999] INFO  ozone.MiniOzoneClusterImpl (MiniOzoneClusterImpl.java:lambda$waitForClusterToBeReady$0(235)) - Nodes are ready. Got 3 of 3 DN Heartbeats.
2021-12-29 13:37:39,227 [Listener at 127.0.0.1/44999] INFO  ozone.MiniOzoneClusterImpl (MiniOzoneClusterImpl.java:lambda$waitForClusterToBeReady$0(238)) - Cluster exits safe mode
2021-12-29 13:37:39,227 [Listener at 127.0.0.1/44999] INFO  ozone.MiniOzoneClusterImpl (MiniOzoneClusterImpl.java:lambda$waitForClusterToBeReady$0(240)) - SCM became leader
2021-12-29 13:37:39,283 [Listener at 127.0.0.1/44999] INFO  rpc.RpcClient (RpcClient.java:createVolume(389)) - Creating Volume: volume55141, with user35246 as owner and space quota set to -1 bytes, counts quota set to -1
2021-12-29 13:37:39,295 [IPC Server handler 0 on default port 44999] INFO  volume.OMVolumeCreateRequest (OMVolumeCreateRequest.java:validateAndUpdateCache(195)) - created volume:volume55141 for user:user35246
2021-12-29 13:37:39,340 [Listener at 127.0.0.1/44999] INFO  rpc.RpcClient (RpcClient.java:createBucket(552)) - Creating Bucket: volume55141/bucket47828, with runner as owner and Versioning false and Storage Type set to DISK and Encryption set to false 
]]></system-out>
    <system-err><![CDATA[Exception in thread "Trash Emptier" java.lang.UnsupportedOperationException: fs.getUri() not implemented in TrashOzoneFileSystem
	at org.apache.hadoop.ozone.om.TrashOzoneFileSystem.getUri(TrashOzoneFileSystem.java:124)
	at org.apache.hadoop.fs.FileSystem.close(FileSystem.java:2592)
	at org.apache.hadoop.ozone.om.TrashPolicyOzone$Emptier.run(TrashPolicyOzone.java:243)
	at java.lang.Thread.run(Thread.java:748)
]]></system-err>
  </testcase>
  <testcase name="testRenameFile[4]" classname="org.apache.hadoop.fs.ozone.TestRootedOzoneFileSystem" time="0.173"/>
  <testcase name="testListStatusRootAndVolumeRecursive[4]" classname="org.apache.hadoop.fs.ozone.TestRootedOzoneFileSystem" time="1.108"/>
  <testcase name="testTempMount[4]" classname="org.apache.hadoop.fs.ozone.TestRootedOzoneFileSystem" time="0.238"/>
  <testcase name="testListStatusRootAndVolumeNonRecursive[4]" classname="org.apache.hadoop.fs.ozone.TestRootedOzoneFileSystem" time="0.484"/>
  <testcase name="testDeleteVolumeAndBucket[4]" classname="org.apache.hadoop.fs.ozone.TestRootedOzoneFileSystem" time="0.053"/>
  <testcase name="testRenameDirToItsOwnSubDir[4]" classname="org.apache.hadoop.fs.ozone.TestRootedOzoneFileSystem" time="0.037"/>
  <testcase name="testOzoneFsServiceLoader[4]" classname="org.apache.hadoop.fs.ozone.TestRootedOzoneFileSystem" time="0.047"/>
  <testcase name="testTrash[4]" classname="org.apache.hadoop.fs.ozone.TestRootedOzoneFileSystem" time="0">
    <skipped/>
  </testcase>
  <testcase name="testRenameDestinationParentDoesntExist[4]" classname="org.apache.hadoop.fs.ozone.TestRootedOzoneFileSystem" time="0.045"/>
  <testcase name="testGetFileStatusRoot[4]" classname="org.apache.hadoop.fs.ozone.TestRootedOzoneFileSystem" time="0.004"/>
  <testcase name="testCreateWithInvalidPaths[4]" classname="org.apache.hadoop.fs.ozone.TestRootedOzoneFileSystem" time="0.002"/>
  <testcase name="testDeleteEmptyVolume[4]" classname="org.apache.hadoop.fs.ozone.TestRootedOzoneFileSystem" time="0.014"/>
  <testcase name="testListStatusRootAndVolumeContinuation[4]" classname="org.apache.hadoop.fs.ozone.TestRootedOzoneFileSystem" time="1.124"/>
  <testcase name="testDeleteVolumeBucketAndKey[4]" classname="org.apache.hadoop.fs.ozone.TestRootedOzoneFileSystem" time="0.077"/>
  <testcase name="testRenameToParentDir[4]" classname="org.apache.hadoop.fs.ozone.TestRootedOzoneFileSystem" time="0.049"/>
  <testcase name="testMkdirNonExistentVolumeBucket[4]" classname="org.apache.hadoop.fs.ozone.TestRootedOzoneFileSystem" time="0.083"/>
  <testcase name="testFailToDeleteRoot[4]" classname="org.apache.hadoop.fs.ozone.TestRootedOzoneFileSystem" time="0.007"/>
  <testcase name="testListStatusOnSubDirs[4]" classname="org.apache.hadoop.fs.ozone.TestRootedOzoneFileSystem" time="0.154"/>
  <testcase name="testListStatus[4]" classname="org.apache.hadoop.fs.ozone.TestRootedOzoneFileSystem" time="0.122"/>
  <testcase name="testGetTrashRoots[4]" classname="org.apache.hadoop.fs.ozone.TestRootedOzoneFileSystem" time="0.887"/>
  <testcase name="testCreateDoesNotAddParentDirKeys[4]" classname="org.apache.hadoop.fs.ozone.TestRootedOzoneFileSystem" time="0.199"/>
  <testcase name="testMkdirNonExistentVolume[4]" classname="org.apache.hadoop.fs.ozone.TestRootedOzoneFileSystem" time="0.037"/>
  <testcase name="testDeleteCreatesFakeParentDir[4]" classname="org.apache.hadoop.fs.ozone.TestRootedOzoneFileSystem" time="0.13"/>
  <testcase name="testNonExplicitlyCreatedPathExistsAfterItsLeafsWereRemoved[4]" classname="org.apache.hadoop.fs.ozone.TestRootedOzoneFileSystem" time="0.059"/>
  <testcase name="testFileDelete[4]" classname="org.apache.hadoop.fs.ozone.TestRootedOzoneFileSystem" time="0.159"/>
  <testcase name="testRenameToTrashEnabled[4]" classname="org.apache.hadoop.fs.ozone.TestRootedOzoneFileSystem" time="0.278"/>
  <testcase name="testMkdirOnNonExistentVolumeBucketDir[4]" classname="org.apache.hadoop.fs.ozone.TestRootedOzoneFileSystem" time="0.09"/>
  <testcase name="testListStatusOnLargeDirectory[4]" classname="org.apache.hadoop.fs.ozone.TestRootedOzoneFileSystem" time="14.25"/>
  <testcase name="testRenameToDifferentBucket[4]" classname="org.apache.hadoop.fs.ozone.TestRootedOzoneFileSystem" time="0.042"/>
  <testcase name="testListStatusInBucket[4]" classname="org.apache.hadoop.fs.ozone.TestRootedOzoneFileSystem" time="0.018"/>
  <testcase name="testRenameFileToDir[4]" classname="org.apache.hadoop.fs.ozone.TestRootedOzoneFileSystem" time="0.124"/>
</testsuite>